{"Event_attributes":{"xmlns":"http://schemas.microsoft.com/win/2004/08/events/event"},"Event":{"System":{"Provider_attributes":{"Name":"Microsoft-Windows-Security-Auditing","Guid":"54849625-5478-4994-A5BA-3E3B0328C30D"},"EventID":4662,"Version":0,"Level":0,"Task":14080,"Opcode":0,"Keywords":"0x8020000000000000","TimeCreated_attributes":{"SystemTime":"2020-08-02T11:27:10.150805Z"},"EventRecordID":24474013,"Correlation_attributes":{"ActivityID":"459D499C-5E77-0000-C649-9D45775ED601"},"Execution_attributes":{"ProcessID":516,"ThreadID":3936},"Channel":"Security","Computer":"rootdc1.offsec.lan","Security":null},"EventData":{"SubjectUserSid":"S-1-5-18","SubjectUserName":"ROOTDC1$","SubjectDomainName":"OFFSEC","SubjectLogonId":"0x11b25862","ObjectServer":"DS","ObjectType":"%{bf967a86-0de6-11d0-a285-00aa003049e2}","ObjectName":"%{832b1c45-2f6e-4c82-be40-d461e377f560}","OperationType":"Object Access","HandleId":"0x0","AccessList":"%%7688\r\n\t\t\t\t","AccessMask":"0x100","Properties":"%%7688\r\n\t{bf967a86-0de6-11d0-a285-00aa003049e2}\r\n\t\t{91e647de-d96f-4b70-9557-d63ff4f3ccd8}\r\n\t\t\t{6617e4ac-a2f1-43ab-b60c-11fbd1facf05}\r\n\t\t\t{b3f93023-9239-4f7c-b99c-6745d87adbc2}\r\n\t\t\t{b8dfa744-31dc-4ef1-ac7c-84baf7ef9da7}\r\n\t\t\t{b7ff5a38-0818-42b0-8110-d3d154c97f24}\r\n\t\t{771727b1-31b8-4cdf-ae62-4fe39fadf89e}\r\n\t\t\t{aa4e1a6d-550d-4e05-8c35-4afcb917a9fe}\r\n\t\t\t{612cb747-c0e8-4f92-9221-fdd5f15b550d}\r\n","AdditionalInfo":"-","AdditionalInfo2":""}}}
{"Event_attributes":{"xmlns":"http://schemas.microsoft.com/win/2004/08/events/event"},"Event":{"System":{"Provider_attributes":{"Name":"Microsoft-Windows-Security-Auditing","Guid":"54849625-5478-4994-A5BA-3E3B0328C30D"},"EventID":4662,"Version":0,"Level":0,"Task":14080,"Opcode":0,"Keywords":"0x8020000000000000","TimeCreated_attributes":{"SystemTime":"2020-08-02T11:27:10.161768Z"},"EventRecordID":24474017,"Correlation_attributes":{"ActivityID":"459D499C-5E77-0000-C649-9D45775ED601"},"Execution_attributes":{"ProcessID":516,"ThreadID":988},"Channel":"Security","Computer":"rootdc1.offsec.lan","Security":null},"EventData":{"SubjectUserSid":"S-1-5-18","SubjectUserName":"ROOTDC1$","SubjectDomainName":"OFFSEC","SubjectLogonId":"0x11b259de","ObjectServer":"DS","ObjectType":"%{bf967a86-0de6-11d0-a285-00aa003049e2}","ObjectName":"%{832b1c45-2f6e-4c82-be40-d461e377f560}","OperationType":"Object Access","HandleId":"0x0","AccessList":"%%7688\r\n\t\t\t\t","AccessMask":"0x100","Properties":"%%7688\r\n\t{bf967a86-0de6-11d0-a285-00aa003049e2}\r\n\t\t{91e647de-d96f-4b70-9557-d63ff4f3ccd8}\r\n\t\t\t{6617e4ac-a2f1-43ab-b60c-11fbd1facf05}\r\n\t\t\t{b3f93023-9239-4f7c-b99c-6745d87adbc2}\r\n\t\t\t{b8dfa744-31dc-4ef1-ac7c-84baf7ef9da7}\r\n\t\t\t{b7ff5a38-0818-42b0-8110-d3d154c97f24}\r\n\t\t{771727b1-31b8-4cdf-ae62-4fe39fadf89e}\r\n\t\t\t{aa4e1a6d-550d-4e05-8c35-4afcb917a9fe}\r\n\t\t\t{612cb747-c0e8-4f92-9221-fdd5f15b550d}\r\n","AdditionalInfo":"-","AdditionalInfo2":""}}}
{"Event_attributes":{"xmlns":"http://schemas.microsoft.com/win/2004/08/events/event"},"Event":{"System":{"Provider_attributes":{"Name":"Microsoft-Windows-Security-Auditing","Guid":"54849625-5478-4994-A5BA-3E3B0328C30D"},"EventID":4662,"Version":0,"Level":0,"Task":14080,"Opcode":0,"Keywords":"0x8020000000000000","TimeCreated_attributes":{"SystemTime":"2020-08-02T11:27:25.359894Z"},"EventRecordID":24474998,"Correlation_attributes":{"ActivityID":"459D499C-5E77-0000-C649-9D45775ED601"},"Execution_attributes":{"ProcessID":516,"ThreadID":3340},"Channel":"Security","Computer":"rootdc1.offsec.lan","Security":null},"EventData":{"SubjectUserSid":"S-1-5-21-4230534742-2542757381-3142984815-1120","SubjectUserName":"ROOTDC2$","SubjectDomainName":"OFFSEC","SubjectLogonId":"0x11b1ac9e","ObjectServer":"DS","ObjectType":"%{19195a5b-6da0-11d0-afd3-00c04fd930c9}","ObjectName":"%{0b32719a-29a5-4ad5-b9dc-56200eba0ce0}","OperationType":"Object Access","HandleId":"0x0","AccessList":"%%7688\r\n\t\t\t\t","AccessMask":"0x100","Properties":"%%7688\r\n\t\t{1131f6aa-9c07-11d1-f79f-00c04fc2dcd2}\r\n\t{19195a5b-6da0-11d0-afd3-00c04fd930c9}\r\n","AdditionalInfo":"-","AdditionalInfo2":""}}}
{"Event_attributes":{"xmlns":"http://schemas.microsoft.com/win/2004/08/events/event"},"Event":{"System":{"Provider_attributes":{"Name":"Microsoft-Windows-Security-Auditing","Guid":"54849625-5478-4994-A5BA-3E3B0328C30D"},"EventID":4662,"Version":0,"Level":0,"Task":14080,"Opcode":0,"Keywords":"0x8020000000000000","TimeCreated_attributes":{"SystemTime":"2020-08-02T11:27:25.359964Z"},"EventRecordID":24474999,"Correlation_attributes":{"ActivityID":"459D499C-5E77-0000-C649-9D45775ED601"},"Execution_attributes":{"ProcessID":516,"ThreadID":3340},"Channel":"Security","Computer":"rootdc1.offsec.lan","Security":null},"EventData":{"SubjectUserSid":"S-1-5-21-4230534742-2542757381-3142984815-1120","SubjectUserName":"ROOTDC2$","SubjectDomainName":"OFFSEC","SubjectLogonId":"0x11b1ac9e","ObjectServer":"DS","ObjectType":"%{19195a5b-6da0-11d0-afd3-00c04fd930c9}","ObjectName":"%{0b32719a-29a5-4ad5-b9dc-56200eba0ce0}","OperationType":"Object Access","HandleId":"0x0","AccessList":"%%7688\r\n\t\t\t\t","AccessMask":"0x100","Properties":"%%7688\r\n\t\t{89e95b76-444d-4c62-991a-0facbeda640c}\r\n\t{19195a5b-6da0-11d0-afd3-00c04fd930c9}\r\n","AdditionalInfo":"-","AdditionalInfo2":""}}}
{"Event_attributes":{"xmlns":"http://schemas.microsoft.com/win/2004/08/events/event"},"Event":{"System":{"Provider_attributes":{"Name":"Microsoft-Windows-Security-Auditing","Guid":"54849625-5478-4994-A5BA-3E3B0328C30D"},"EventID":4662,"Version":0,"Level":0,"Task":14080,"Opcode":0,"Keywords":"0x8020000000000000","TimeCreated_attributes":{"SystemTime":"2020-08-02T11:27:25.360023Z"},"EventRecordID":24475000,"Correlation_attributes":{"ActivityID":"459D499C-5E77-0000-C649-9D45775ED601"},"Execution_attributes":{"ProcessID":516,"ThreadID":3340},"Channel":"Security","Computer":"rootdc1.offsec.lan","Security":null},"EventData":{"SubjectUserSid":"S-1-5-21-4230534742-2542757381-3142984815-1120","SubjectUserName":"ROOTDC2$","SubjectDomainName":"OFFSEC","SubjectLogonId":"0x11b1ac9e","ObjectServer":"DS","ObjectType":"%{19195a5b-6da0-11d0-afd3-00c04fd930c9}","ObjectName":"%{0b32719a-29a5-4ad5-b9dc-56200eba0ce0}","OperationType":"Object Access","HandleId":"0x0","AccessList":"%%7688\r\n\t\t\t\t","AccessMask":"0x100","Properties":"%%7688\r\n\t\t{1131f6ad-9c07-11d1-f79f-00c04fc2dcd2}\r\n\t{19195a5b-6da0-11d0-afd3-00c04fd930c9}\r\n","AdditionalInfo":"-","AdditionalInfo2":""}}}
{"Event_attributes":{"xmlns":"http://schemas.microsoft.com/win/2004/08/events/event"},"Event":{"System":{"Provider_attributes":{"Name":"Microsoft-Windows-Security-Auditing","Guid":"54849625-5478-4994-A5BA-3E3B0328C30D"},"EventID":4662,"Version":0,"Level":0,"Task":14080,"Opcode":0,"Keywords":"0x8020000000000000","TimeCreated_attributes":{"SystemTime":"2020-08-02T11:27:59.749200Z"},"EventRecordID":24475060,"Correlation_attributes":{"ActivityID":"459D499C-5E77-0000-C649-9D45775ED601"},"Execution_attributes":{"ProcessID":516,"ThreadID":988},"Channel":"Security","Computer":"rootdc1.offsec.lan","Security":null},"EventData":{"SubjectUserSid":"S-1-5-21-4230534742-2542757381-3142984815-1623","SubjectUserName":"FS03VULN$","SubjectDomainName":"OFFSEC","SubjectLogonId":"0x11b2aa65","ObjectServer":"DS","ObjectType":"%{bf967a86-0de6-11d0-a285-00aa003049e2}","ObjectName":"%{ef06ee29-3a34-415c-aaa2-01d3d959628a}","OperationType":"Object Access","HandleId":"0x0","AccessList":"-","AccessMask":"0x0","Properties":"---\r\n\t{bf967a86-0de6-11d0-a285-00aa003049e2}\r\n%%7688\r\n\t\t\t{6617e4ac-a2f1-43ab-b60c-11fbd1facf05}\r\n\t\t\t{b3f93023-9239-4f7c-b99c-6745d87adbc2}\r\n\t\t\t{b8dfa744-31dc-4ef1-ac7c-84baf7ef9da7}\r\n\t\t\t{b7ff5a38-0818-42b0-8110-d3d154c97f24}\r\n\t\t{91e647de-d96f-4b70-9557-d63ff4f3ccd8}\r\n","AdditionalInfo":"-","AdditionalInfo2":""}}}
{"Event_attributes":{"xmlns":"http://schemas.microsoft.com/win/2004/08/events/event"},"Event":{"System":{"Provider_attributes":{"Name":"Microsoft-Windows-Security-Auditing","Guid":"54849625-5478-4994-A5BA-3E3B0328C30D"},"EventID":4662,"Version":0,"Level":0,"Task":14080,"Opcode":0,"Keywords":"0x8020000000000000","TimeCreated_attributes":{"SystemTime":"2020-08-02T11:27:59.758763Z"},"EventRecordID":24475063,"Correlation_attributes":{"ActivityID":"459D499C-5E77-0000-C649-9D45775ED601"},"Execution_attributes":{"ProcessID":516,"ThreadID":3340},"Channel":"Security","Computer":"rootdc1.offsec.lan","Security":null},"EventData":{"SubjectUserSid":"S-1-5-21-4230534742-2542757381-3142984815-1623","SubjectUserName":"FS03VULN$","SubjectDomainName":"OFFSEC","SubjectLogonId":"0x11b2aa7e","ObjectServer":"DS","ObjectType":"%{bf967a86-0de6-11d0-a285-00aa003049e2}","ObjectName":"%{ef06ee29-3a34-415c-aaa2-01d3d959628a}","OperationType":"Object Access","HandleId":"0x0","AccessList":"-","AccessMask":"0x0","Properties":"---\r\n\t{bf967a86-0de6-11d0-a285-00aa003049e2}\r\n%%7688\r\n\t\t\t{6617e4ac-a2f1-43ab-b60c-11fbd1facf05}\r\n\t\t\t{b3f93023-9239-4f7c-b99c-6745d87adbc2}\r\n\t\t\t{b8dfa744-31dc-4ef1-ac7c-84baf7ef9da7}\r\n\t\t\t{b7ff5a38-0818-42b0-8110-d3d154c97f24}\r\n\t\t{91e647de-d96f-4b70-9557-d63ff4f3ccd8}\r\n","AdditionalInfo":"-","AdditionalInfo2":""}}}
{"Event_attributes":{"xmlns":"http://schemas.microsoft.com/win/2004/08/events/event"},"Event":{"System":{"Provider_attributes":{"Name":"Microsoft-Windows-Security-Auditing","Guid":"54849625-5478-4994-A5BA-3E3B0328C30D"},"EventID":4662,"Version":0,"Level":0,"Task":14080,"Opcode":0,"Keywords":"0x8020000000000000","TimeCreated_attributes":{"SystemTime":"2020-08-02T11:28:00.142360Z"},"EventRecordID":24475074,"Correlation_attributes":{"ActivityID":"459D499C-5E77-0000-C649-9D45775ED601"},"Execution_attributes":{"ProcessID":516,"ThreadID":988},"Channel":"Security","Computer":"rootdc1.offsec.lan","Security":null},"EventData":{"SubjectUserSid":"S-1-5-21-4230534742-2542757381-3142984815-1623","SubjectUserName":"FS03VULN$","SubjectDomainName":"OFFSEC","SubjectLogonId":"0x11b2aaae","ObjectServer":"DS","ObjectType":"%{bf967a86-0de6-11d0-a285-00aa003049e2}","ObjectName":"%{ef06ee29-3a34-415c-aaa2-01d3d959628a}","OperationType":"Object Access","HandleId":"0x0","AccessList":"-","AccessMask":"0x0","Properties":"---\r\n\t{bf967a86-0de6-11d0-a285-00aa003049e2}\r\n%%7688\r\n\t\t\t{6617e4ac-a2f1-43ab-b60c-11fbd1facf05}\r\n\t\t\t{b3f93023-9239-4f7c-b99c-6745d87adbc2}\r\n\t\t\t{b8dfa744-31dc-4ef1-ac7c-84baf7ef9da7}\r\n\t\t\t{b7ff5a38-0818-42b0-8110-d3d154c97f24}\r\n\t\t{91e647de-d96f-4b70-9557-d63ff4f3ccd8}\r\n","AdditionalInfo":"-","AdditionalInfo2":""}}}
{"Event_attributes":{"xmlns":"http://schemas.microsoft.com/win/2004/08/events/event"},"Event":{"System":{"Provider_attributes":{"Name":"Microsoft-Windows-Security-Auditing","Guid":"54849625-5478-4994-A5BA-3E3B0328C30D"},"EventID":4662,"Version":0,"Level":0,"Task":14080,"Opcode":0,"Keywords":"0x8020000000000000","TimeCreated_attributes":{"SystemTime":"2020-08-02T11:28:00.151679Z"},"EventRecordID":24475077,"Correlation_attributes":{"ActivityID":"459D499C-5E77-0000-C649-9D45775ED601"},"Execution_attributes":{"ProcessID":516,"ThreadID":3340},"Channel":"Security","Computer":"rootdc1.offsec.lan","Security":null},"EventData":{"SubjectUserSid":"S-1-5-21-4230534742-2542757381-3142984815-1623","SubjectUserName":"FS03VULN$","SubjectDomainName":"OFFSEC","SubjectLogonId":"0x11b2aac7","ObjectServer":"DS","ObjectType":"%{bf967a86-0de6-11d0-a285-00aa003049e2}","ObjectName":"%{ef06ee29-3a34-415c-aaa2-01d3d959628a}","OperationType":"Object Access","HandleId":"0x0","AccessList":"-","AccessMask":"0x0","Properties":"---\r\n\t{bf967a86-0de6-11d0-a285-00aa003049e2}\r\n%%7688\r\n\t\t\t{6617e4ac-a2f1-43ab-b60c-11fbd1facf05}\r\n\t\t\t{b3f93023-9239-4f7c-b99c-6745d87adbc2}\r\n\t\t\t{b8dfa744-31dc-4ef1-ac7c-84baf7ef9da7}\r\n\t\t\t{b7ff5a38-0818-42b0-8110-d3d154c97f24}\r\n\t\t{91e647de-d96f-4b70-9557-d63ff4f3ccd8}\r\n","AdditionalInfo":"-","AdditionalInfo2":""}}}
{"Event_attributes":{"xmlns":"http://schemas.microsoft.com/win/2004/08/events/event"},"Event":{"System":{"Provider_attributes":{"Name":"Microsoft-Windows-Security-Auditing","Guid":"54849625-5478-4994-A5BA-3E3B0328C30D"},"EventID":4662,"Version":0,"Level":0,"Task":14080,"Opcode":0,"Keywords":"0x8020000000000000","TimeCreated_attributes":{"SystemTime":"2020-08-02T11:29:24.866600Z"},"EventRecordID":24475173,"Correlation_attributes":{"ActivityID":"459D499C-5E77-0000-C649-9D45775ED601"},"Execution_attributes":{"ProcessID":516,"ThreadID":556},"Channel":"Security","Computer":"rootdc1.offsec.lan","Security":null},"EventData":{"SubjectUserSid":"S-1-5-21-4230534742-2542757381-3142984815-1120","SubjectUserName":"ROOTDC2$","SubjectDomainName":"OFFSEC","SubjectLogonId":"0x11b1ac9e","ObjectServer":"DS","ObjectType":"%{19195a5b-6da0-11d0-afd3-00c04fd930c9}","ObjectName":"%{0b32719a-29a5-4ad5-b9dc-56200eba0ce0}","OperationType":"Object Access","HandleId":"0x0","AccessList":"%%7688\r\n\t\t\t\t","AccessMask":"0x100","Properties":"%%7688\r\n\t\t{1131f6aa-9c07-11d1-f79f-00c04fc2dcd2}\r\n\t{19195a5b-6da0-11d0-afd3-00c04fd930c9}\r\n","AdditionalInfo":"-","AdditionalInfo2":""}}}
{"Event_attributes":{"xmlns":"http://schemas.microsoft.com/win/2004/08/events/event"},"Event":{"System":{"Provider_attributes":{"Name":"Microsoft-Windows-Security-Auditing","Guid":"54849625-5478-4994-A5BA-3E3B0328C30D"},"EventID":4662,"Version":0,"Level":0,"Task":14080,"Opcode":0,"Keywords":"0x8020000000000000","TimeCreated_attributes":{"SystemTime":"2020-08-02T11:29:24.866670Z"},"EventRecordID":24475174,"Correlation_attributes":{"ActivityID":"459D499C-5E77-0000-C649-9D45775ED601"},"Execution_attributes":{"ProcessID":516,"ThreadID":556},"Channel":"Security","Computer":"rootdc1.offsec.lan","Security":null},"EventData":{"SubjectUserSid":"S-1-5-21-4230534742-2542757381-3142984815-1120","SubjectUserName":"ROOTDC2$","SubjectDomainName":"OFFSEC","SubjectLogonId":"0x11b1ac9e","ObjectServer":"DS","ObjectType":"%{19195a5b-6da0-11d0-afd3-00c04fd930c9}","ObjectName":"%{0b32719a-29a5-4ad5-b9dc-56200eba0ce0}","OperationType":"Object Access","HandleId":"0x0","AccessList":"%%7688\r\n\t\t\t\t","AccessMask":"0x100","Properties":"%%7688\r\n\t\t{89e95b76-444d-4c62-991a-0facbeda640c}\r\n\t{19195a5b-6da0-11d0-afd3-00c04fd930c9}\r\n","AdditionalInfo":"-","AdditionalInfo2":""}}}
{"Event_attributes":{"xmlns":"http://schemas.microsoft.com/win/2004/08/events/event"},"Event":{"System":{"Provider_attributes":{"Name":"Microsoft-Windows-Security-Auditing","Guid":"54849625-5478-4994-A5BA-3E3B0328C30D"},"EventID":4662,"Version":0,"Level":0,"Task":14080,"Opcode":0,"Keywords":"0x8020000000000000","TimeCreated_attributes":{"SystemTime":"2020-08-02T11:29:24.866732Z"},"EventRecordID":24475175,"Correlation_attributes":{"ActivityID":"459D499C-5E77-0000-C649-9D45775ED601"},"Execution_attributes":{"ProcessID":516,"ThreadID":556},"Channel":"Security","Computer":"rootdc1.offsec.lan","Security":null},"EventData":{"SubjectUserSid":"S-1-5-21-4230534742-2542757381-3142984815-1120","SubjectUserName":"ROOTDC2$","SubjectDomainName":"OFFSEC","SubjectLogonId":"0x11b1ac9e","ObjectServer":"DS","ObjectType":"%{19195a5b-6da0-11d0-afd3-00c04fd930c9}","ObjectName":"%{0b32719a-29a5-4ad5-b9dc-56200eba0ce0}","OperationType":"Object Access","HandleId":"0x0","AccessList":"%%7688\r\n\t\t\t\t","AccessMask":"0x100","Properties":"%%7688\r\n\t\t{1131f6ad-9c07-11d1-f79f-00c04fc2dcd2}\r\n\t{19195a5b-6da0-11d0-afd3-00c04fd930c9}\r\n","AdditionalInfo":"-","AdditionalInfo2":""}}}
{"Event_attributes":{"xmlns":"http://schemas.microsoft.com/win/2004/08/events/event"},"Event":{"System":{"Provider_attributes":{"Name":"Microsoft-Windows-Security-Auditing","Guid":"54849625-5478-4994-A5BA-3E3B0328C30D"},"EventID":4662,"Version":0,"Level":0,"Task":14080,"Opcode":0,"Keywords":"0x8020000000000000","TimeCreated_attributes":{"SystemTime":"2020-08-02T11:30:31.280309Z"},"EventRecordID":24475493,"Correlation_attributes":{"ActivityID":"459D499C-5E77-0000-C649-9D45775ED601"},"Execution_attributes":{"ProcessID":516,"ThreadID":3340},"Channel":"Security","Computer":"rootdc1.offsec.lan","Security":null},"EventData":{"SubjectUserSid":"S-1-5-21-4230534742-2542757381-3142984815-1104","SubjectUserName":"WSUS01$","SubjectDomainName":"OFFSEC","SubjectLogonId":"0x11b2d1b0","ObjectServer":"DS","ObjectType":"%{bf967a86-0de6-11d0-a285-00aa003049e2}","ObjectName":"%{3018f7e4-4be7-463c-98a7-1c3b3da10ae9}","OperationType":"Object Access","HandleId":"0x0","AccessList":"-","AccessMask":"0x0","Properties":"---\r\n\t{bf967a86-0de6-11d0-a285-00aa003049e2}\r\n%%7688\r\n\t\t\t{6617e4ac-a2f1-43ab-b60c-11fbd1facf05}\r\n\t\t\t{b3f93023-9239-4f7c-b99c-6745d87adbc2}\r\n\t\t\t{b8dfa744-31dc-4ef1-ac7c-84baf7ef9da7}\r\n\t\t\t{b7ff5a38-0818-42b0-8110-d3d154c97f24}\r\n\t\t{91e647de-d96f-4b70-9557-d63ff4f3ccd8}\r\n","AdditionalInfo":"-","AdditionalInfo2":""}}}
{"Event_attributes":{"xmlns":"http://schemas.microsoft.com/win/2004/08/events/event"},"Event":{"System":{"Provider_attributes":{"Name":"Microsoft-Windows-Security-Auditing","Guid":"54849625-5478-4994-A5BA-3E3B0328C30D"},"EventID":4662,"Version":0,"Level":0,"Task":14080,"Opcode":0,"Keywords":"0x8020000000000000","TimeCreated_attributes":{"SystemTime":"2020-08-02T11:30:31.368646Z"},"EventRecordID":24475496,"Correlation_attributes":{"ActivityID":"459D499C-5E77-0000-C649-9D45775ED601"},"Execution_attributes":{"ProcessID":516,"ThreadID":556},"Channel":"Security","Computer":"rootdc1.offsec.lan","Security":null},"EventData":{"SubjectUserSid":"S-1-5-21-4230534742-2542757381-3142984815-1104","SubjectUserName":"WSUS01$","SubjectDomainName":"OFFSEC","SubjectLogonId":"0x11b2d21c","ObjectServer":"DS","ObjectType":"%{bf967a86-0de6-11d0-a285-00aa003049e2}","ObjectName":"%{3018f7e4-4be7-463c-98a7-1c3b3da10ae9}","OperationType":"Object Access","HandleId":"0x0","AccessList":"-","AccessMask":"0x0","Properties":"---\r\n\t{bf967a86-0de6-11d0-a285-00aa003049e2}\r\n%%7688\r\n\t\t\t{6617e4ac-a2f1-43ab-b60c-11fbd1facf05}\r\n\t\t\t{b3f93023-9239-4f7c-b99c-6745d87adbc2}\r\n\t\t\t{b8dfa744-31dc-4ef1-ac7c-84baf7ef9da7}\r\n\t\t\t{b7ff5a38-0818-42b0-8110-d3d154c97f24}\r\n\t\t{91e647de-d96f-4b70-9557-d63ff4f3ccd8}\r\n","AdditionalInfo":"-","AdditionalInfo2":""}}}
{"Event_attributes":{"xmlns":"http://schemas.microsoft.com/win/2004/08/events/event"},"Event":{"System":{"Provider_attributes":{"Name":"Microsoft-Windows-Security-Auditing","Guid":"54849625-5478-4994-A5BA-3E3B0328C30D"},"EventID":4662,"Version":0,"Level":0,"Task":14080,"Opcode":0,"Keywords":"0x8020000000000000","TimeCreated_attributes":{"SystemTime":"2020-08-02T11:30:31.961528Z"},"EventRecordID":24475505,"Correlation_attributes":{"ActivityID":"459D499C-5E77-0000-C649-9D45775ED601"},"Execution_attributes":{"ProcessID":516,"ThreadID":3340},"Channel":"Security","Computer":"rootdc1.offsec.lan","Security":null},"EventData":{"SubjectUserSid":"S-1-5-21-4230534742-2542757381-3142984815-1104","SubjectUserName":"WSUS01$","SubjectDomainName":"OFFSEC","SubjectLogonId":"0x11b2d24a","ObjectServer":"DS","ObjectType":"%{bf967a86-0de6-11d0-a285-00aa003049e2}","ObjectName":"%{3018f7e4-4be7-463c-98a7-1c3b3da10ae9}","OperationType":"Object Access","HandleId":"0x0","AccessList":"-","AccessMask":"0x0","Properties":"---\r\n\t{bf967a86-0de6-11d0-a285-00aa003049e2}\r\n%%7688\r\n\t\t\t{6617e4ac-a2f1-43ab-b60c-11fbd1facf05}\r\n\t\t\t{b3f93023-9239-4f7c-b99c-6745d87adbc2}\r\n\t\t\t{b8dfa744-31dc-4ef1-ac7c-84baf7ef9da7}\r\n\t\t\t{b7ff5a38-0818-42b0-8110-d3d154c97f24}\r\n\t\t{91e647de-d96f-4b70-9557-d63ff4f3ccd8}\r\n","AdditionalInfo":"-","AdditionalInfo2":""}}}
{"Event_attributes":{"xmlns":"http://schemas.microsoft.com/win/2004/08/events/event"},"Event":{"System":{"Provider_attributes":{"Name":"Microsoft-Windows-Security-Auditing","Guid":"54849625-5478-4994-A5BA-3E3B0328C30D"},"EventID":4662,"Version":0,"Level":0,"Task":14080,"Opcode":0,"Keywords":"0x8020000000000000","TimeCreated_attributes":{"SystemTime":"2020-08-02T11:30:31.973813Z"},"EventRecordID":24475508,"Correlation_attributes":{"ActivityID":"459D499C-5E77-0000-C649-9D45775ED601"},"Execution_attributes":{"ProcessID":516,"ThreadID":556},"Channel":"Security","Computer":"rootdc1.offsec.lan","Security":null},"EventData":{"SubjectUserSid":"S-1-5-21-4230534742-2542757381-3142984815-1104","SubjectUserName":"WSUS01$","SubjectDomainName":"OFFSEC","SubjectLogonId":"0x11b2d263","ObjectServer":"DS","ObjectType":"%{bf967a86-0de6-11d0-a285-00aa003049e2}","ObjectName":"%{3018f7e4-4be7-463c-98a7-1c3b3da10ae9}","OperationType":"Object Access","HandleId":"0x0","AccessList":"-","AccessMask":"0x0","Properties":"---\r\n\t{bf967a86-0de6-11d0-a285-00aa003049e2}\r\n%%7688\r\n\t\t\t{6617e4ac-a2f1-43ab-b60c-11fbd1facf05}\r\n\t\t\t{b3f93023-9239-4f7c-b99c-6745d87adbc2}\r\n\t\t\t{b8dfa744-31dc-4ef1-ac7c-84baf7ef9da7}\r\n\t\t\t{b7ff5a38-0818-42b0-8110-d3d154c97f24}\r\n\t\t{91e647de-d96f-4b70-9557-d63ff4f3ccd8}\r\n","AdditionalInfo":"-","AdditionalInfo2":""}}}
{"Event_attributes":{"xmlns":"http://schemas.microsoft.com/win/2004/08/events/event"},"Event":{"System":{"Provider_attributes":{"Name":"Microsoft-Windows-Security-Auditing","Guid":"54849625-5478-4994-A5BA-3E3B0328C30D"},"EventID":4662,"Version":0,"Level":0,"Task":14080,"Opcode":0,"Keywords":"0x8020000000000000","TimeCreated_attributes":{"SystemTime":"2020-08-02T11:30:47.997419Z"},"EventRecordID":24475532,"Correlation_attributes":{"ActivityID":"459D499C-5E77-0000-C649-9D45775ED601"},"Execution_attributes":{"ProcessID":516,"ThreadID":3340},"Channel":"Security","Computer":"rootdc1.offsec.lan","Security":null},"EventData":{"SubjectUserSid":"S-1-5-21-4230534742-2542757381-3142984815-1120","SubjectUserName":"ROOTDC2$","SubjectDomainName":"OFFSEC","SubjectLogonId":"0x11b2d6b4","ObjectServer":"DS","ObjectType":"%{19195a5b-6da0-11d0-afd3-00c04fd930c9}","ObjectName":"%{0b32719a-29a5-4ad5-b9dc-56200eba0ce0}","OperationType":"Object Access","HandleId":"0x0","AccessList":"%%7688\r\n\t\t\t\t","AccessMask":"0x100","Properties":"%%7688\r\n\t\t{1131f6ab-9c07-11d1-f79f-00c04fc2dcd2}\r\n\t{19195a5b-6da0-11d0-afd3-00c04fd930c9}\r\n","AdditionalInfo":"-","AdditionalInfo2":""}}}
{"Event_attributes":{"xmlns":"http://schemas.microsoft.com/win/2004/08/events/event"},"Event":{"System":{"Provider_attributes":{"Name":"Microsoft-Windows-Security-Auditing","Guid":"54849625-5478-4994-A5BA-3E3B0328C30D"},"EventID":4662,"Version":0,"Level":0,"Task":14080,"Opcode":0,"Keywords":"0x8020000000000000","TimeCreated_attributes":{"SystemTime":"2020-08-02T11:32:10.367632Z"},"EventRecordID":24475693,"Correlation_attributes":{"ActivityID":"459D499C-5E77-0000-C649-9D45775ED601"},"Execution_attributes":{"ProcessID":516,"ThreadID":988},"Channel":"Security","Computer":"rootdc1.offsec.lan","Security":null},"EventData":{"SubjectUserSid":"S-1-5-18","SubjectUserName":"ROOTDC1$","SubjectDomainName":"OFFSEC","SubjectLogonId":"0x11b2f7d9","ObjectServer":"DS","ObjectType":"%{bf967a86-0de6-11d0-a285-00aa003049e2}","ObjectName":"%{832b1c45-2f6e-4c82-be40-d461e377f560}","OperationType":"Object Access","HandleId":"0x0","AccessList":"%%7688\r\n\t\t\t\t","AccessMask":"0x100","Properties":"%%7688\r\n\t{bf967a86-0de6-11d0-a285-00aa003049e2}\r\n\t\t{91e647de-d96f-4b70-9557-d63ff4f3ccd8}\r\n\t\t\t{6617e4ac-a2f1-43ab-b60c-11fbd1facf05}\r\n\t\t\t{b3f93023-9239-4f7c-b99c-6745d87adbc2}\r\n\t\t\t{b8dfa744-31dc-4ef1-ac7c-84baf7ef9da7}\r\n\t\t\t{b7ff5a38-0818-42b0-8110-d3d154c97f24}\r\n\t\t{771727b1-31b8-4cdf-ae62-4fe39fadf89e}\r\n\t\t\t{aa4e1a6d-550d-4e05-8c35-4afcb917a9fe}\r\n\t\t\t{612cb747-c0e8-4f92-9221-fdd5f15b550d}\r\n","AdditionalInfo":"-","AdditionalInfo2":""}}}
{"Event_attributes":{"xmlns":"http://schemas.microsoft.com/win/2004/08/events/event"},"Event":{"System":{"Provider_attributes":{"Name":"Microsoft-Windows-Security-Auditing","Guid":"54849625-5478-4994-A5BA-3E3B0328C30D"},"EventID":4662,"Version":0,"Level":0,"Task":14080,"Opcode":0,"Keywords":"0x8020000000000000","TimeCreated_attributes":{"SystemTime":"2020-08-02T11:32:10.379027Z"},"EventRecordID":24475697,"Correlation_attributes":{"ActivityID":"459D499C-5E77-0000-C649-9D45775ED601"},"Execution_attributes":{"ProcessID":516,"ThreadID":3340},"Channel":"Security","Computer":"rootdc1.offsec.lan","Security":null},"EventData":{"SubjectUserSid":"S-1-5-18","SubjectUserName":"ROOTDC1$","SubjectDomainName":"OFFSEC","SubjectLogonId":"0x11b2f955","ObjectServer":"DS","ObjectType":"%{bf967a86-0de6-11d0-a285-00aa003049e2}","ObjectName":"%{832b1c45-2f6e-4c82-be40-d461e377f560}","OperationType":"Object Access","HandleId":"0x0","AccessList":"%%7688\r\n\t\t\t\t","AccessMask":"0x100","Properties":"%%7688\r\n\t{bf967a86-0de6-11d0-a285-00aa003049e2}\r\n\t\t{91e647de-d96f-4b70-9557-d63ff4f3ccd8}\r\n\t\t\t{6617e4ac-a2f1-43ab-b60c-11fbd1facf05}\r\n\t\t\t{b3f93023-9239-4f7c-b99c-6745d87adbc2}\r\n\t\t\t{b8dfa744-31dc-4ef1-ac7c-84baf7ef9da7}\r\n\t\t\t{b7ff5a38-0818-42b0-8110-d3d154c97f24}\r\n\t\t{771727b1-31b8-4cdf-ae62-4fe39fadf89e}\r\n\t\t\t{aa4e1a6d-550d-4e05-8c35-4afcb917a9fe}\r\n\t\t\t{612cb747-c0e8-4f92-9221-fdd5f15b550d}\r\n","AdditionalInfo":"-","AdditionalInfo2":""}}}
{"Event_attributes":{"xmlns":"http://schemas.microsoft.com/win/2004/08/events/event"},"Event":{"System":{"Provider_attributes":{"Name":"Microsoft-Windows-Security-Auditing","Guid":"54849625-5478-4994-A5BA-3E3B0328C30D"},"EventID":4662,"Version":0,"Level":0,"Task":14080,"Opcode":0,"Keywords":"0x8020000000000000","TimeCreated_attributes":{"SystemTime":"2020-08-02T11:32:10.975345Z"},"EventRecordID":24475720,"Correlation_attributes":{"ActivityID":"459D499C-5E77-0000-C649-9D45775ED601"},"Execution_attributes":{"ProcessID":516,"ThreadID":988},"Channel":"Security","Computer":"rootdc1.offsec.lan","Security":null},"EventData":{"SubjectUserSid":"S-1-5-18","SubjectUserName":"ROOTDC1$","SubjectDomainName":"OFFSEC","SubjectLogonId":"0x11b30ab0","ObjectServer":"DS","ObjectType":"%{bf967a86-0de6-11d0-a285-00aa003049e2}","ObjectName":"%{832b1c45-2f6e-4c82-be40-d461e377f560}","OperationType":"Object Access","HandleId":"0x0","AccessList":"%%7688\r\n\t\t\t\t","AccessMask":"0x100","Properties":"%%7688\r\n\t{bf967a86-0de6-11d0-a285-00aa003049e2}\r\n\t\t{91e647de-d96f-4b70-9557-d63ff4f3ccd8}\r\n\t\t\t{6617e4ac-a2f1-43ab-b60c-11fbd1facf05}\r\n\t\t\t{b3f93023-9239-4f7c-b99c-6745d87adbc2}\r\n\t\t\t{b8dfa744-31dc-4ef1-ac7c-84baf7ef9da7}\r\n\t\t\t{b7ff5a38-0818-42b0-8110-d3d154c97f24}\r\n\t\t{771727b1-31b8-4cdf-ae62-4fe39fadf89e}\r\n\t\t\t{aa4e1a6d-550d-4e05-8c35-4afcb917a9fe}\r\n\t\t\t{612cb747-c0e8-4f92-9221-fdd5f15b550d}\r\n","AdditionalInfo":"-","AdditionalInfo2":""}}}
{"Event_attributes":{"xmlns":"http://schemas.microsoft.com/win/2004/08/events/event"},"Event":{"System":{"Provider_attributes":{"Name":"Microsoft-Windows-Security-Auditing","Guid":"54849625-5478-4994-A5BA-3E3B0328C30D"},"EventID":4662,"Version":0,"Level":0,"Task":14080,"Opcode":0,"Keywords":"0x8020000000000000","TimeCreated_attributes":{"SystemTime":"2020-08-02T11:32:10.987781Z"},"EventRecordID":24475724,"Correlation_attributes":{"ActivityID":"459D499C-5E77-0000-C649-9D45775ED601"},"Execution_attributes":{"ProcessID":516,"ThreadID":556},"Channel":"Security","Computer":"rootdc1.offsec.lan","Security":null},"EventData":{"SubjectUserSid":"S-1-5-18","SubjectUserName":"ROOTDC1$","SubjectDomainName":"OFFSEC","SubjectLogonId":"0x11b30c2c","ObjectServer":"DS","ObjectType":"%{bf967a86-0de6-11d0-a285-00aa003049e2}","ObjectName":"%{832b1c45-2f6e-4c82-be40-d461e377f560}","OperationType":"Object Access","HandleId":"0x0","AccessList":"%%7688\r\n\t\t\t\t","AccessMask":"0x100","Properties":"%%7688\r\n\t{bf967a86-0de6-11d0-a285-00aa003049e2}\r\n\t\t{91e647de-d96f-4b70-9557-d63ff4f3ccd8}\r\n\t\t\t{6617e4ac-a2f1-43ab-b60c-11fbd1facf05}\r\n\t\t\t{b3f93023-9239-4f7c-b99c-6745d87adbc2}\r\n\t\t\t{b8dfa744-31dc-4ef1-ac7c-84baf7ef9da7}\r\n\t\t\t{b7ff5a38-0818-42b0-8110-d3d154c97f24}\r\n\t\t{771727b1-31b8-4cdf-ae62-4fe39fadf89e}\r\n\t\t\t{aa4e1a6d-550d-4e05-8c35-4afcb917a9fe}\r\n\t\t\t{612cb747-c0e8-4f92-9221-fdd5f15b550d}\r\n","AdditionalInfo":"-","AdditionalInfo2":""}}}
