{"Event_attributes":{"xmlns":"http://schemas.microsoft.com/win/2004/08/events/event"},"Event":{"System":{"Provider_attributes":{"Name":"Microsoft-Windows-Security-Auditing","Guid":"54849625-5478-4994-A5BA-3E3B0328C30D"},"EventID":4662,"Version":0,"Level":0,"Task":14080,"Opcode":0,"Keywords":"0x8020000000000000","TimeCreated_attributes":{"SystemTime":"2020-08-02T11:21:40.884926Z"},"EventRecordID":24472535,"Correlation_attributes":{"ActivityID":"459D499C-5E77-0000-C649-9D45775ED601"},"Execution_attributes":{"ProcessID":516,"ThreadID":3936},"Channel":"Security","Computer":"rootdc1.offsec.lan","Security":null},"EventData":{"SubjectUserSid":"S-1-5-21-4230534742-2542757381-3142984815-1120","SubjectUserName":"ROOTDC2$","SubjectDomainName":"OFFSEC","SubjectLogonId":"0x11b021d9","ObjectServer":"DS","ObjectType":"%{19195a5b-6da0-11d0-afd3-00c04fd930c9}","ObjectName":"%{0b32719a-29a5-4ad5-b9dc-56200eba0ce0}","OperationType":"Object Access","HandleId":"0x0","AccessList":"%%7688\r\n\t\t\t\t","AccessMask":"0x100","Properties":"%%7688\r\n\t\t{1131f6aa-9c07-11d1-f79f-00c04fc2dcd2}\r\n\t{19195a5b-6da0-11d0-afd3-00c04fd930c9}\r\n","AdditionalInfo":"-","AdditionalInfo2":""}}}
{"Event_attributes":{"xmlns":"http://schemas.microsoft.com/win/2004/08/events/event"},"Event":{"System":{"Provider_attributes":{"Name":"Microsoft-Windows-Security-Auditing","Guid":"54849625-5478-4994-A5BA-3E3B0328C30D"},"EventID":4662,"Version":0,"Level":0,"Task":14080,"Opcode":0,"Keywords":"0x8020000000000000","TimeCreated_attributes":{"SystemTime":"2020-08-02T11:21:40.884995Z"},"EventRecordID":24472536,"Correlation_attributes":{"ActivityID":"459D499C-5E77-0000-C649-9D45775ED601"},"Execution_attributes":{"ProcessID":516,"ThreadID":3936},"Channel":"Security","Computer":"rootdc1.offsec.lan","Security":null},"EventData":{"SubjectUserSid":"S-1-5-21-4230534742-2542757381-3142984815-1120","SubjectUserName":"ROOTDC2$","SubjectDomainName":"OFFSEC","SubjectLogonId":"0x11b021d9","ObjectServer":"DS","ObjectType":"%{19195a5b-6da0-11d0-afd3-00c04fd930c9}","ObjectName":"%{0b32719a-29a5-4ad5-b9dc-56200eba0ce0}","OperationType":"Object Access","HandleId":"0x0","AccessList":"%%7688\r\n\t\t\t\t","AccessMask":"0x100","Properties":"%%7688\r\n\t\t{89e95b76-444d-4c62-991a-0facbeda640c}\r\n\t{19195a5b-6da0-11d0-afd3-00c04fd930c9}\r\n","AdditionalInfo":"-","AdditionalInfo2":""}}}
{"Event_attributes":{"xmlns":"http://schemas.microsoft.com/win/2004/08/events/event"},"Event":{"System":{"Provider_attributes":{"Name":"Microsoft-Windows-Security-Auditing","Guid":"54849625-5478-4994-A5BA-3E3B0328C30D"},"EventID":4662,"Version":0,"Level":0,"Task":14080,"Opcode":0,"Keywords":"0x8020000000000000","TimeCreated_attributes":{"SystemTime":"2020-08-02T11:21:40.885046Z"},"EventRecordID":24472537,"Correlation_attributes":{"ActivityID":"459D499C-5E77-0000-C649-9D45775ED601"},"Execution_attributes":{"ProcessID":516,"ThreadID":3936},"Channel":"Security","Computer":"rootdc1.offsec.lan","Security":null},"EventData":{"SubjectUserSid":"S-1-5-21-4230534742-2542757381-3142984815-1120","SubjectUserName":"ROOTDC2$","SubjectDomainName":"OFFSEC","SubjectLogonId":"0x11b021d9","ObjectServer":"DS","ObjectType":"%{19195a5b-6da0-11d0-afd3-00c04fd930c9}","ObjectName":"%{0b32719a-29a5-4ad5-b9dc-56200eba0ce0}","OperationType":"Object Access","HandleId":"0x0","AccessList":"%%7688\r\n\t\t\t\t","AccessMask":"0x100","Properties":"%%7688\r\n\t\t{1131f6ad-9c07-11d1-f79f-00c04fc2dcd2}\r\n\t{19195a5b-6da0-11d0-afd3-00c04fd930c9}\r\n","AdditionalInfo":"-","AdditionalInfo2":""}}}
{"Event_attributes":{"xmlns":"http://schemas.microsoft.com/win/2004/08/events/event"},"Event":{"System":{"Provider_attributes":{"Name":"Microsoft-Windows-Security-Auditing","Guid":"54849625-5478-4994-A5BA-3E3B0328C30D"},"EventID":4662,"Version":0,"Level":0,"Task":14080,"Opcode":0,"Keywords":"0x8020000000000000","TimeCreated_attributes":{"SystemTime":"2020-08-02T11:21:46.053814Z"},"EventRecordID":24472542,"Correlation_attributes":{"ActivityID":"459D499C-5E77-0000-C649-9D45775ED601"},"Execution_attributes":{"ProcessID":516,"ThreadID":556},"Channel":"Security","Computer":"rootdc1.offsec.lan","Security":null},"EventData":{"SubjectUserSid":"S-1-5-21-4230534742-2542757381-3142984815-1111","SubjectUserName":"admmig","SubjectDomainName":"OFFSEC","SubjectLogonId":"0x11ac8266","ObjectServer":"DS","ObjectType":"%{bf967a9c-0de6-11d0-a285-00aa003049e2}","ObjectName":"%{7a2aa51b-a49d-4a86-8d4d-fe63ecbb68ee}","OperationType":"Object Access","HandleId":"0x0","AccessList":"%%7688\r\n\t\t\t\t","AccessMask":"0x100","Properties":"%%7688\r\n\t\t{771727b1-31b8-4cdf-ae62-4fe39fadf89e}\r\n\t\t\t{612cb747-c0e8-4f92-9221-fdd5f15b550d}\r\n\t{bf967a9c-0de6-11d0-a285-00aa003049e2}\r\n","AdditionalInfo":"-","AdditionalInfo2":""}}}
{"Event_attributes":{"xmlns":"http://schemas.microsoft.com/win/2004/08/events/event"},"Event":{"System":{"Provider_attributes":{"Name":"Microsoft-Windows-Security-Auditing","Guid":"54849625-5478-4994-A5BA-3E3B0328C30D"},"EventID":4662,"Version":0,"Level":0,"Task":14080,"Opcode":0,"Keywords":"0x8020000000000000","TimeCreated_attributes":{"SystemTime":"2020-08-02T11:21:46.058634Z"},"EventRecordID":24472543,"Correlation_attributes":{"ActivityID":"459D499C-5E77-0000-C649-9D45775ED601"},"Execution_attributes":{"ProcessID":516,"ThreadID":556},"Channel":"Security","Computer":"rootdc1.offsec.lan","Security":null},"EventData":{"SubjectUserSid":"S-1-5-21-4230534742-2542757381-3142984815-1111","SubjectUserName":"admmig","SubjectDomainName":"OFFSEC","SubjectLogonId":"0x11ac8266","ObjectServer":"DS","ObjectType":"%{bf967a9c-0de6-11d0-a285-00aa003049e2}","ObjectName":"%{e02b989d-b855-493a-9235-765993b70797}","OperationType":"Object Access","HandleId":"0x0","AccessList":"%%7688\r\n\t\t\t\t","AccessMask":"0x100","Properties":"%%7688\r\n\t\t{771727b1-31b8-4cdf-ae62-4fe39fadf89e}\r\n\t\t\t{612cb747-c0e8-4f92-9221-fdd5f15b550d}\r\n\t{bf967a9c-0de6-11d0-a285-00aa003049e2}\r\n","AdditionalInfo":"-","AdditionalInfo2":""}}}
{"Event_attributes":{"xmlns":"http://schemas.microsoft.com/win/2004/08/events/event"},"Event":{"System":{"Provider_attributes":{"Name":"Microsoft-Windows-Security-Auditing","Guid":"54849625-5478-4994-A5BA-3E3B0328C30D"},"EventID":4662,"Version":0,"Level":0,"Task":14080,"Opcode":0,"Keywords":"0x8020000000000000","TimeCreated_attributes":{"SystemTime":"2020-08-02T11:21:46.062835Z"},"EventRecordID":24472544,"Correlation_attributes":{"ActivityID":"459D499C-5E77-0000-C649-9D45775ED601"},"Execution_attributes":{"ProcessID":516,"ThreadID":556},"Channel":"Security","Computer":"rootdc1.offsec.lan","Security":null},"EventData":{"SubjectUserSid":"S-1-5-21-4230534742-2542757381-3142984815-1111","SubjectUserName":"admmig","SubjectDomainName":"OFFSEC","SubjectLogonId":"0x11ac8266","ObjectServer":"DS","ObjectType":"%{bf967aba-0de6-11d0-a285-00aa003049e2}","ObjectName":"%{18db5f14-2b8e-4f6d-9acd-52288e5c6b13}","OperationType":"Object Access","HandleId":"0x0","AccessList":"%%7688\r\n\t\t\t\t","AccessMask":"0x100","Properties":"%%7688\r\n\t\t{91e647de-d96f-4b70-9557-d63ff4f3ccd8}\r\n\t\t\t{6617e4ac-a2f1-43ab-b60c-11fbd1facf05}\r\n\t\t\t{b3f93023-9239-4f7c-b99c-6745d87adbc2}\r\n\t\t\t{b8dfa744-31dc-4ef1-ac7c-84baf7ef9da7}\r\n\t\t\t{b7ff5a38-0818-42b0-8110-d3d154c97f24}\r\n\t\t{771727b1-31b8-4cdf-ae62-4fe39fadf89e}\r\n\t\t\t{612cb747-c0e8-4f92-9221-fdd5f15b550d}\r\n\t{bf967aba-0de6-11d0-a285-00aa003049e2}\r\n","AdditionalInfo":"-","AdditionalInfo2":""}}}
{"Event_attributes":{"xmlns":"http://schemas.microsoft.com/win/2004/08/events/event"},"Event":{"System":{"Provider_attributes":{"Name":"Microsoft-Windows-Security-Auditing","Guid":"54849625-5478-4994-A5BA-3E3B0328C30D"},"EventID":4662,"Version":0,"Level":0,"Task":14080,"Opcode":0,"Keywords":"0x8020000000000000","TimeCreated_attributes":{"SystemTime":"2020-08-02T11:21:46.068365Z"},"EventRecordID":24472545,"Correlation_attributes":{"ActivityID":"459D499C-5E77-0000-C649-9D45775ED601"},"Execution_attributes":{"ProcessID":516,"ThreadID":556},"Channel":"Security","Computer":"rootdc1.offsec.lan","Security":null},"EventData":{"SubjectUserSid":"S-1-5-21-4230534742-2542757381-3142984815-1111","SubjectUserName":"admmig","SubjectDomainName":"OFFSEC","SubjectLogonId":"0x11ac8266","ObjectServer":"DS","ObjectType":"%{bf967aba-0de6-11d0-a285-00aa003049e2}","ObjectName":"%{120f7a13-d3fa-4e8d-ba19-dc7a65e528c6}","OperationType":"Object Access","HandleId":"0x0","AccessList":"%%7688\r\n\t\t\t\t","AccessMask":"0x100","Properties":"%%7688\r\n\t\t{91e647de-d96f-4b70-9557-d63ff4f3ccd8}\r\n\t\t\t{6617e4ac-a2f1-43ab-b60c-11fbd1facf05}\r\n\t\t\t{b3f93023-9239-4f7c-b99c-6745d87adbc2}\r\n\t\t\t{b8dfa744-31dc-4ef1-ac7c-84baf7ef9da7}\r\n\t\t\t{b7ff5a38-0818-42b0-8110-d3d154c97f24}\r\n\t\t{771727b1-31b8-4cdf-ae62-4fe39fadf89e}\r\n\t\t\t{612cb747-c0e8-4f92-9221-fdd5f15b550d}\r\n\t{bf967aba-0de6-11d0-a285-00aa003049e2}\r\n","AdditionalInfo":"-","AdditionalInfo2":""}}}
{"Event_attributes":{"xmlns":"http://schemas.microsoft.com/win/2004/08/events/event"},"Event":{"System":{"Provider_attributes":{"Name":"Microsoft-Windows-Security-Auditing","Guid":"54849625-5478-4994-A5BA-3E3B0328C30D"},"EventID":4662,"Version":0,"Level":0,"Task":14080,"Opcode":0,"Keywords":"0x8020000000000000","TimeCreated_attributes":{"SystemTime":"2020-08-02T11:21:46.073520Z"},"EventRecordID":24472546,"Correlation_attributes":{"ActivityID":"459D499C-5E77-0000-C649-9D45775ED601"},"Execution_attributes":{"ProcessID":516,"ThreadID":556},"Channel":"Security","Computer":"rootdc1.offsec.lan","Security":null},"EventData":{"SubjectUserSid":"S-1-5-21-4230534742-2542757381-3142984815-1111","SubjectUserName":"admmig","SubjectDomainName":"OFFSEC","SubjectLogonId":"0x11ac8266","ObjectServer":"DS","ObjectType":"%{bf967a9c-0de6-11d0-a285-00aa003049e2}","ObjectName":"%{7bc9dbce-f0db-4dc9-a3e3-abe91cf212a9}","OperationType":"Object Access","HandleId":"0x0","AccessList":"%%7688\r\n\t\t\t\t","AccessMask":"0x100","Properties":"%%7688\r\n\t\t{771727b1-31b8-4cdf-ae62-4fe39fadf89e}\r\n\t\t\t{612cb747-c0e8-4f92-9221-fdd5f15b550d}\r\n\t{bf967a9c-0de6-11d0-a285-00aa003049e2}\r\n","AdditionalInfo":"-","AdditionalInfo2":""}}}
{"Event_attributes":{"xmlns":"http://schemas.microsoft.com/win/2004/08/events/event"},"Event":{"System":{"Provider_attributes":{"Name":"Microsoft-Windows-Security-Auditing","Guid":"54849625-5478-4994-A5BA-3E3B0328C30D"},"EventID":4662,"Version":0,"Level":0,"Task":14080,"Opcode":0,"Keywords":"0x8020000000000000","TimeCreated_attributes":{"SystemTime":"2020-08-02T11:21:46.078070Z"},"EventRecordID":24472547,"Correlation_attributes":{"ActivityID":"459D499C-5E77-0000-C649-9D45775ED601"},"Execution_attributes":{"ProcessID":516,"ThreadID":556},"Channel":"Security","Computer":"rootdc1.offsec.lan","Security":null},"EventData":{"SubjectUserSid":"S-1-5-21-4230534742-2542757381-3142984815-1111","SubjectUserName":"admmig","SubjectDomainName":"OFFSEC","SubjectLogonId":"0x11ac8266","ObjectServer":"DS","ObjectType":"%{bf967aba-0de6-11d0-a285-00aa003049e2}","ObjectName":"%{8519a9a6-b076-4c02-b9b8-a0a02d3df50f}","OperationType":"Object Access","HandleId":"0x0","AccessList":"%%7688\r\n\t\t\t\t","AccessMask":"0x100","Properties":"%%7688\r\n\t\t{91e647de-d96f-4b70-9557-d63ff4f3ccd8}\r\n\t\t\t{6617e4ac-a2f1-43ab-b60c-11fbd1facf05}\r\n\t\t\t{b3f93023-9239-4f7c-b99c-6745d87adbc2}\r\n\t\t\t{b8dfa744-31dc-4ef1-ac7c-84baf7ef9da7}\r\n\t\t\t{b7ff5a38-0818-42b0-8110-d3d154c97f24}\r\n\t\t{771727b1-31b8-4cdf-ae62-4fe39fadf89e}\r\n\t\t\t{612cb747-c0e8-4f92-9221-fdd5f15b550d}\r\n\t{bf967aba-0de6-11d0-a285-00aa003049e2}\r\n","AdditionalInfo":"-","AdditionalInfo2":""}}}
{"Event_attributes":{"xmlns":"http://schemas.microsoft.com/win/2004/08/events/event"},"Event":{"System":{"Provider_attributes":{"Name":"Microsoft-Windows-Security-Auditing","Guid":"54849625-5478-4994-A5BA-3E3B0328C30D"},"EventID":4662,"Version":0,"Level":0,"Task":14080,"Opcode":0,"Keywords":"0x8020000000000000","TimeCreated_attributes":{"SystemTime":"2020-08-02T11:21:46.083589Z"},"EventRecordID":24472548,"Correlation_attributes":{"ActivityID":"459D499C-5E77-0000-C649-9D45775ED601"},"Execution_attributes":{"ProcessID":516,"ThreadID":556},"Channel":"Security","Computer":"rootdc1.offsec.lan","Security":null},"EventData":{"SubjectUserSid":"S-1-5-21-4230534742-2542757381-3142984815-1111","SubjectUserName":"admmig","SubjectDomainName":"OFFSEC","SubjectLogonId":"0x11ac8266","ObjectServer":"DS","ObjectType":"%{bf967aba-0de6-11d0-a285-00aa003049e2}","ObjectName":"%{1469d58f-105f-47bb-b6c9-41db56a3153f}","OperationType":"Object Access","HandleId":"0x0","AccessList":"%%7688\r\n\t\t\t\t","AccessMask":"0x100","Properties":"%%7688\r\n\t\t{91e647de-d96f-4b70-9557-d63ff4f3ccd8}\r\n\t\t\t{6617e4ac-a2f1-43ab-b60c-11fbd1facf05}\r\n\t\t\t{b3f93023-9239-4f7c-b99c-6745d87adbc2}\r\n\t\t\t{b8dfa744-31dc-4ef1-ac7c-84baf7ef9da7}\r\n\t\t\t{b7ff5a38-0818-42b0-8110-d3d154c97f24}\r\n\t\t{771727b1-31b8-4cdf-ae62-4fe39fadf89e}\r\n\t\t\t{612cb747-c0e8-4f92-9221-fdd5f15b550d}\r\n\t{bf967aba-0de6-11d0-a285-00aa003049e2}\r\n","AdditionalInfo":"-","AdditionalInfo2":""}}}
{"Event_attributes":{"xmlns":"http://schemas.microsoft.com/win/2004/08/events/event"},"Event":{"System":{"Provider_attributes":{"Name":"Microsoft-Windows-Security-Auditing","Guid":"54849625-5478-4994-A5BA-3E3B0328C30D"},"EventID":4662,"Version":0,"Level":0,"Task":14080,"Opcode":0,"Keywords":"0x8020000000000000","TimeCreated_attributes":{"SystemTime":"2020-08-02T11:21:46.088793Z"},"EventRecordID":24472549,"Correlation_attributes":{"ActivityID":"459D499C-5E77-0000-C649-9D45775ED601"},"Execution_attributes":{"ProcessID":516,"ThreadID":556},"Channel":"Security","Computer":"rootdc1.offsec.lan","Security":null},"EventData":{"SubjectUserSid":"S-1-5-21-4230534742-2542757381-3142984815-1111","SubjectUserName":"admmig","SubjectDomainName":"OFFSEC","SubjectLogonId":"0x11ac8266","ObjectServer":"DS","ObjectType":"%{bf967aba-0de6-11d0-a285-00aa003049e2}","ObjectName":"%{690df025-6ce3-4735-9a97-4a0a18b965a8}","OperationType":"Object Access","HandleId":"0x0","AccessList":"%%7688\r\n\t\t\t\t","AccessMask":"0x100","Properties":"%%7688\r\n\t\t{91e647de-d96f-4b70-9557-d63ff4f3ccd8}\r\n\t\t\t{6617e4ac-a2f1-43ab-b60c-11fbd1facf05}\r\n\t\t\t{b3f93023-9239-4f7c-b99c-6745d87adbc2}\r\n\t\t\t{b8dfa744-31dc-4ef1-ac7c-84baf7ef9da7}\r\n\t\t\t{b7ff5a38-0818-42b0-8110-d3d154c97f24}\r\n\t\t{771727b1-31b8-4cdf-ae62-4fe39fadf89e}\r\n\t\t\t{612cb747-c0e8-4f92-9221-fdd5f15b550d}\r\n\t{bf967aba-0de6-11d0-a285-00aa003049e2}\r\n","AdditionalInfo":"-","AdditionalInfo2":""}}}
{"Event_attributes":{"xmlns":"http://schemas.microsoft.com/win/2004/08/events/event"},"Event":{"System":{"Provider_attributes":{"Name":"Microsoft-Windows-Security-Auditing","Guid":"54849625-5478-4994-A5BA-3E3B0328C30D"},"EventID":4662,"Version":0,"Level":0,"Task":14080,"Opcode":0,"Keywords":"0x8020000000000000","TimeCreated_attributes":{"SystemTime":"2020-08-02T11:21:46.094511Z"},"EventRecordID":24472550,"Correlation_attributes":{"ActivityID":"459D499C-5E77-0000-C649-9D45775ED601"},"Execution_attributes":{"ProcessID":516,"ThreadID":556},"Channel":"Security","Computer":"rootdc1.offsec.lan","Security":null},"EventData":{"SubjectUserSid":"S-1-5-21-4230534742-2542757381-3142984815-1111","SubjectUserName":"admmig","SubjectDomainName":"OFFSEC","SubjectLogonId":"0x11ac8266","ObjectServer":"DS","ObjectType":"%{bf967aba-0de6-11d0-a285-00aa003049e2}","ObjectName":"%{387d11f9-410b-4cd3-a3d6-7f390cd4c65a}","OperationType":"Object Access","HandleId":"0x0","AccessList":"%%7688\r\n\t\t\t\t","AccessMask":"0x100","Properties":"%%7688\r\n\t\t{91e647de-d96f-4b70-9557-d63ff4f3ccd8}\r\n\t\t\t{6617e4ac-a2f1-43ab-b60c-11fbd1facf05}\r\n\t\t\t{b3f93023-9239-4f7c-b99c-6745d87adbc2}\r\n\t\t\t{b8dfa744-31dc-4ef1-ac7c-84baf7ef9da7}\r\n\t\t\t{b7ff5a38-0818-42b0-8110-d3d154c97f24}\r\n\t\t{771727b1-31b8-4cdf-ae62-4fe39fadf89e}\r\n\t\t\t{612cb747-c0e8-4f92-9221-fdd5f15b550d}\r\n\t{bf967aba-0de6-11d0-a285-00aa003049e2}\r\n","AdditionalInfo":"-","AdditionalInfo2":""}}}
{"Event_attributes":{"xmlns":"http://schemas.microsoft.com/win/2004/08/events/event"},"Event":{"System":{"Provider_attributes":{"Name":"Microsoft-Windows-Security-Auditing","Guid":"54849625-5478-4994-A5BA-3E3B0328C30D"},"EventID":4662,"Version":0,"Level":0,"Task":14080,"Opcode":0,"Keywords":"0x8020000000000000","TimeCreated_attributes":{"SystemTime":"2020-08-02T11:21:46.100119Z"},"EventRecordID":24472551,"Correlation_attributes":{"ActivityID":"459D499C-5E77-0000-C649-9D45775ED601"},"Execution_attributes":{"ProcessID":516,"ThreadID":556},"Channel":"Security","Computer":"rootdc1.offsec.lan","Security":null},"EventData":{"SubjectUserSid":"S-1-5-21-4230534742-2542757381-3142984815-1111","SubjectUserName":"admmig","SubjectDomainName":"OFFSEC","SubjectLogonId":"0x11ac8266","ObjectServer":"DS","ObjectType":"%{bf967aba-0de6-11d0-a285-00aa003049e2}","ObjectName":"%{a8745ccb-c7e3-4b62-918d-46a49965226c}","OperationType":"Object Access","HandleId":"0x0","AccessList":"%%7688\r\n\t\t\t\t","AccessMask":"0x100","Properties":"%%7688\r\n\t\t{91e647de-d96f-4b70-9557-d63ff4f3ccd8}\r\n\t\t\t{6617e4ac-a2f1-43ab-b60c-11fbd1facf05}\r\n\t\t\t{b3f93023-9239-4f7c-b99c-6745d87adbc2}\r\n\t\t\t{b8dfa744-31dc-4ef1-ac7c-84baf7ef9da7}\r\n\t\t\t{b7ff5a38-0818-42b0-8110-d3d154c97f24}\r\n\t\t{771727b1-31b8-4cdf-ae62-4fe39fadf89e}\r\n\t\t\t{612cb747-c0e8-4f92-9221-fdd5f15b550d}\r\n\t{bf967aba-0de6-11d0-a285-00aa003049e2}\r\n","AdditionalInfo":"-","AdditionalInfo2":""}}}
{"Event_attributes":{"xmlns":"http://schemas.microsoft.com/win/2004/08/events/event"},"Event":{"System":{"Provider_attributes":{"Name":"Microsoft-Windows-Security-Auditing","Guid":"54849625-5478-4994-A5BA-3E3B0328C30D"},"EventID":4662,"Version":0,"Level":0,"Task":14080,"Opcode":0,"Keywords":"0x8020000000000000","TimeCreated_attributes":{"SystemTime":"2020-08-02T11:21:46.106330Z"},"EventRecordID":24472552,"Correlation_attributes":{"ActivityID":"459D499C-5E77-0000-C649-9D45775ED601"},"Execution_attributes":{"ProcessID":516,"ThreadID":556},"Channel":"Security","Computer":"rootdc1.offsec.lan","Security":null},"EventData":{"SubjectUserSid":"S-1-5-21-4230534742-2542757381-3142984815-1111","SubjectUserName":"admmig","SubjectDomainName":"OFFSEC","SubjectLogonId":"0x11ac8266","ObjectServer":"DS","ObjectType":"%{bf967a9c-0de6-11d0-a285-00aa003049e2}","ObjectName":"%{20b85fd4-dda0-46c3-b673-f1c642b59ffc}","OperationType":"Object Access","HandleId":"0x0","AccessList":"%%7688\r\n\t\t\t\t","AccessMask":"0x100","Properties":"%%7688\r\n\t\t{771727b1-31b8-4cdf-ae62-4fe39fadf89e}\r\n\t\t\t{612cb747-c0e8-4f92-9221-fdd5f15b550d}\r\n\t{bf967a9c-0de6-11d0-a285-00aa003049e2}\r\n","AdditionalInfo":"-","AdditionalInfo2":""}}}
{"Event_attributes":{"xmlns":"http://schemas.microsoft.com/win/2004/08/events/event"},"Event":{"System":{"Provider_attributes":{"Name":"Microsoft-Windows-Security-Auditing","Guid":"54849625-5478-4994-A5BA-3E3B0328C30D"},"EventID":4662,"Version":0,"Level":0,"Task":14080,"Opcode":0,"Keywords":"0x8020000000000000","TimeCreated_attributes":{"SystemTime":"2020-08-02T11:21:46.110734Z"},"EventRecordID":24472553,"Correlation_attributes":{"ActivityID":"459D499C-5E77-0000-C649-9D45775ED601"},"Execution_attributes":{"ProcessID":516,"ThreadID":556},"Channel":"Security","Computer":"rootdc1.offsec.lan","Security":null},"EventData":{"SubjectUserSid":"S-1-5-21-4230534742-2542757381-3142984815-1111","SubjectUserName":"admmig","SubjectDomainName":"OFFSEC","SubjectLogonId":"0x11ac8266","ObjectServer":"DS","ObjectType":"%{bf967aba-0de6-11d0-a285-00aa003049e2}","ObjectName":"%{a8745ccb-c7e3-4b62-918d-46a49965226c}","OperationType":"Object Access","HandleId":"0x0","AccessList":"%%7688\r\n\t\t\t\t","AccessMask":"0x100","Properties":"%%7688\r\n\t\t{91e647de-d96f-4b70-9557-d63ff4f3ccd8}\r\n\t\t\t{6617e4ac-a2f1-43ab-b60c-11fbd1facf05}\r\n\t\t\t{b3f93023-9239-4f7c-b99c-6745d87adbc2}\r\n\t\t\t{b8dfa744-31dc-4ef1-ac7c-84baf7ef9da7}\r\n\t\t\t{b7ff5a38-0818-42b0-8110-d3d154c97f24}\r\n\t\t{771727b1-31b8-4cdf-ae62-4fe39fadf89e}\r\n\t\t\t{612cb747-c0e8-4f92-9221-fdd5f15b550d}\r\n\t{bf967aba-0de6-11d0-a285-00aa003049e2}\r\n","AdditionalInfo":"-","AdditionalInfo2":""}}}
{"Event_attributes":{"xmlns":"http://schemas.microsoft.com/win/2004/08/events/event"},"Event":{"System":{"Provider_attributes":{"Name":"Microsoft-Windows-Security-Auditing","Guid":"54849625-5478-4994-A5BA-3E3B0328C30D"},"EventID":4662,"Version":0,"Level":0,"Task":14080,"Opcode":0,"Keywords":"0x8020000000000000","TimeCreated_attributes":{"SystemTime":"2020-08-02T11:21:46.117007Z"},"EventRecordID":24472554,"Correlation_attributes":{"ActivityID":"459D499C-5E77-0000-C649-9D45775ED601"},"Execution_attributes":{"ProcessID":516,"ThreadID":556},"Channel":"Security","Computer":"rootdc1.offsec.lan","Security":null},"EventData":{"SubjectUserSid":"S-1-5-21-4230534742-2542757381-3142984815-1111","SubjectUserName":"admmig","SubjectDomainName":"OFFSEC","SubjectLogonId":"0x11ac8266","ObjectServer":"DS","ObjectType":"%{bf967aba-0de6-11d0-a285-00aa003049e2}","ObjectName":"%{a8745ccb-c7e3-4b62-918d-46a49965226c}","OperationType":"Object Access","HandleId":"0x0","AccessList":"%%7688\r\n\t\t\t\t","AccessMask":"0x100","Properties":"%%7688\r\n\t\t{91e647de-d96f-4b70-9557-d63ff4f3ccd8}\r\n\t\t\t{6617e4ac-a2f1-43ab-b60c-11fbd1facf05}\r\n\t\t\t{b3f93023-9239-4f7c-b99c-6745d87adbc2}\r\n\t\t\t{b8dfa744-31dc-4ef1-ac7c-84baf7ef9da7}\r\n\t\t\t{b7ff5a38-0818-42b0-8110-d3d154c97f24}\r\n\t\t{771727b1-31b8-4cdf-ae62-4fe39fadf89e}\r\n\t\t\t{612cb747-c0e8-4f92-9221-fdd5f15b550d}\r\n\t{bf967aba-0de6-11d0-a285-00aa003049e2}\r\n","AdditionalInfo":"-","AdditionalInfo2":""}}}
{"Event_attributes":{"xmlns":"http://schemas.microsoft.com/win/2004/08/events/event"},"Event":{"System":{"Provider_attributes":{"Name":"Microsoft-Windows-Security-Auditing","Guid":"54849625-5478-4994-A5BA-3E3B0328C30D"},"EventID":4662,"Version":0,"Level":0,"Task":14080,"Opcode":0,"Keywords":"0x8020000000000000","TimeCreated_attributes":{"SystemTime":"2020-08-02T11:21:46.125092Z"},"EventRecordID":24472555,"Correlation_attributes":{"ActivityID":"459D499C-5E77-0000-C649-9D45775ED601"},"Execution_attributes":{"ProcessID":516,"ThreadID":556},"Channel":"Security","Computer":"rootdc1.offsec.lan","Security":null},"EventData":{"SubjectUserSid":"S-1-5-21-4230534742-2542757381-3142984815-1111","SubjectUserName":"admmig","SubjectDomainName":"OFFSEC","SubjectLogonId":"0x11ac8266","ObjectServer":"DS","ObjectType":"%{bf967a9c-0de6-11d0-a285-00aa003049e2}","ObjectName":"%{81c68288-c366-4891-b08c-fcbd0eea58b7}","OperationType":"Object Access","HandleId":"0x0","AccessList":"%%7688\r\n\t\t\t\t","AccessMask":"0x100","Properties":"%%7688\r\n\t\t{771727b1-31b8-4cdf-ae62-4fe39fadf89e}\r\n\t\t\t{612cb747-c0e8-4f92-9221-fdd5f15b550d}\r\n\t{bf967a9c-0de6-11d0-a285-00aa003049e2}\r\n","AdditionalInfo":"-","AdditionalInfo2":""}}}
{"Event_attributes":{"xmlns":"http://schemas.microsoft.com/win/2004/08/events/event"},"Event":{"System":{"Provider_attributes":{"Name":"Microsoft-Windows-Security-Auditing","Guid":"54849625-5478-4994-A5BA-3E3B0328C30D"},"EventID":4662,"Version":0,"Level":0,"Task":14080,"Opcode":0,"Keywords":"0x8020000000000000","TimeCreated_attributes":{"SystemTime":"2020-08-02T11:21:46.131288Z"},"EventRecordID":24472556,"Correlation_attributes":{"ActivityID":"459D499C-5E77-0000-C649-9D45775ED601"},"Execution_attributes":{"ProcessID":516,"ThreadID":556},"Channel":"Security","Computer":"rootdc1.offsec.lan","Security":null},"EventData":{"SubjectUserSid":"S-1-5-21-4230534742-2542757381-3142984815-1111","SubjectUserName":"admmig","SubjectDomainName":"OFFSEC","SubjectLogonId":"0x11ac8266","ObjectServer":"DS","ObjectType":"%{bf967a9c-0de6-11d0-a285-00aa003049e2}","ObjectName":"%{431b5ef4-f706-4c40-b283-34a199f2d61c}","OperationType":"Object Access","HandleId":"0x0","AccessList":"%%7688\r\n\t\t\t\t","AccessMask":"0x100","Properties":"%%7688\r\n\t\t{771727b1-31b8-4cdf-ae62-4fe39fadf89e}\r\n\t\t\t{612cb747-c0e8-4f92-9221-fdd5f15b550d}\r\n\t{bf967a9c-0de6-11d0-a285-00aa003049e2}\r\n","AdditionalInfo":"-","AdditionalInfo2":""}}}
{"Event_attributes":{"xmlns":"http://schemas.microsoft.com/win/2004/08/events/event"},"Event":{"System":{"Provider_attributes":{"Name":"Microsoft-Windows-Security-Auditing","Guid":"54849625-5478-4994-A5BA-3E3B0328C30D"},"EventID":4662,"Version":0,"Level":0,"Task":14080,"Opcode":0,"Keywords":"0x8020000000000000","TimeCreated_attributes":{"SystemTime":"2020-08-02T11:21:46.137688Z"},"EventRecordID":24472557,"Correlation_attributes":{"ActivityID":"459D499C-5E77-0000-C649-9D45775ED601"},"Execution_attributes":{"ProcessID":516,"ThreadID":556},"Channel":"Security","Computer":"rootdc1.offsec.lan","Security":null},"EventData":{"SubjectUserSid":"S-1-5-21-4230534742-2542757381-3142984815-1111","SubjectUserName":"admmig","SubjectDomainName":"OFFSEC","SubjectLogonId":"0x11ac8266","ObjectServer":"DS","ObjectType":"%{bf967a9c-0de6-11d0-a285-00aa003049e2}","ObjectName":"%{463d69de-bf6e-40b1-9d07-135b523092d5}","OperationType":"Object Access","HandleId":"0x0","AccessList":"%%7688\r\n\t\t\t\t","AccessMask":"0x100","Properties":"%%7688\r\n\t\t{771727b1-31b8-4cdf-ae62-4fe39fadf89e}\r\n\t\t\t{612cb747-c0e8-4f92-9221-fdd5f15b550d}\r\n\t{bf967a9c-0de6-11d0-a285-00aa003049e2}\r\n","AdditionalInfo":"-","AdditionalInfo2":""}}}
{"Event_attributes":{"xmlns":"http://schemas.microsoft.com/win/2004/08/events/event"},"Event":{"System":{"Provider_attributes":{"Name":"Microsoft-Windows-Security-Auditing","Guid":"54849625-5478-4994-A5BA-3E3B0328C30D"},"EventID":4662,"Version":0,"Level":0,"Task":14080,"Opcode":0,"Keywords":"0x8020000000000000","TimeCreated_attributes":{"SystemTime":"2020-08-02T11:21:46.143777Z"},"EventRecordID":24472558,"Correlation_attributes":{"ActivityID":"459D499C-5E77-0000-C649-9D45775ED601"},"Execution_attributes":{"ProcessID":516,"ThreadID":556},"Channel":"Security","Computer":"rootdc1.offsec.lan","Security":null},"EventData":{"SubjectUserSid":"S-1-5-21-4230534742-2542757381-3142984815-1111","SubjectUserName":"admmig","SubjectDomainName":"OFFSEC","SubjectLogonId":"0x11ac8266","ObjectServer":"DS","ObjectType":"%{bf967a9c-0de6-11d0-a285-00aa003049e2}","ObjectName":"%{0658591b-71a0-4303-877b-fb6e164fa525}","OperationType":"Object Access","HandleId":"0x0","AccessList":"%%7688\r\n\t\t\t\t","AccessMask":"0x100","Properties":"%%7688\r\n\t\t{771727b1-31b8-4cdf-ae62-4fe39fadf89e}\r\n\t\t\t{612cb747-c0e8-4f92-9221-fdd5f15b550d}\r\n\t{bf967a9c-0de6-11d0-a285-00aa003049e2}\r\n","AdditionalInfo":"-","AdditionalInfo2":""}}}
{"Event_attributes":{"xmlns":"http://schemas.microsoft.com/win/2004/08/events/event"},"Event":{"System":{"Provider_attributes":{"Name":"Microsoft-Windows-Security-Auditing","Guid":"54849625-5478-4994-A5BA-3E3B0328C30D"},"EventID":4662,"Version":0,"Level":0,"Task":14080,"Opcode":0,"Keywords":"0x8020000000000000","TimeCreated_attributes":{"SystemTime":"2020-08-02T11:21:46.149703Z"},"EventRecordID":24472559,"Correlation_attributes":{"ActivityID":"459D499C-5E77-0000-C649-9D45775ED601"},"Execution_attributes":{"ProcessID":516,"ThreadID":556},"Channel":"Security","Computer":"rootdc1.offsec.lan","Security":null},"EventData":{"SubjectUserSid":"S-1-5-21-4230534742-2542757381-3142984815-1111","SubjectUserName":"admmig","SubjectDomainName":"OFFSEC","SubjectLogonId":"0x11ac8266","ObjectServer":"DS","ObjectType":"%{bf967a9c-0de6-11d0-a285-00aa003049e2}","ObjectName":"%{818cdae7-aa71-4482-8ec9-12a8b549f448}","OperationType":"Object Access","HandleId":"0x0","AccessList":"%%7688\r\n\t\t\t\t","AccessMask":"0x100","Properties":"%%7688\r\n\t\t{771727b1-31b8-4cdf-ae62-4fe39fadf89e}\r\n\t\t\t{612cb747-c0e8-4f92-9221-fdd5f15b550d}\r\n\t{bf967a9c-0de6-11d0-a285-00aa003049e2}\r\n","AdditionalInfo":"-","AdditionalInfo2":""}}}
{"Event_attributes":{"xmlns":"http://schemas.microsoft.com/win/2004/08/events/event"},"Event":{"System":{"Provider_attributes":{"Name":"Microsoft-Windows-Security-Auditing","Guid":"54849625-5478-4994-A5BA-3E3B0328C30D"},"EventID":4662,"Version":0,"Level":0,"Task":14080,"Opcode":0,"Keywords":"0x8020000000000000","TimeCreated_attributes":{"SystemTime":"2020-08-02T11:21:46.153893Z"},"EventRecordID":24472560,"Correlation_attributes":{"ActivityID":"459D499C-5E77-0000-C649-9D45775ED601"},"Execution_attributes":{"ProcessID":516,"ThreadID":556},"Channel":"Security","Computer":"rootdc1.offsec.lan","Security":null},"EventData":{"SubjectUserSid":"S-1-5-21-4230534742-2542757381-3142984815-1111","SubjectUserName":"admmig","SubjectDomainName":"OFFSEC","SubjectLogonId":"0x11ac8266","ObjectServer":"DS","ObjectType":"%{bf967aba-0de6-11d0-a285-00aa003049e2}","ObjectName":"%{a8745ccb-c7e3-4b62-918d-46a49965226c}","OperationType":"Object Access","HandleId":"0x0","AccessList":"%%7688\r\n\t\t\t\t","AccessMask":"0x100","Properties":"%%7688\r\n\t\t{91e647de-d96f-4b70-9557-d63ff4f3ccd8}\r\n\t\t\t{6617e4ac-a2f1-43ab-b60c-11fbd1facf05}\r\n\t\t\t{b3f93023-9239-4f7c-b99c-6745d87adbc2}\r\n\t\t\t{b8dfa744-31dc-4ef1-ac7c-84baf7ef9da7}\r\n\t\t\t{b7ff5a38-0818-42b0-8110-d3d154c97f24}\r\n\t\t{771727b1-31b8-4cdf-ae62-4fe39fadf89e}\r\n\t\t\t{612cb747-c0e8-4f92-9221-fdd5f15b550d}\r\n\t{bf967aba-0de6-11d0-a285-00aa003049e2}\r\n","AdditionalInfo":"-","AdditionalInfo2":""}}}
{"Event_attributes":{"xmlns":"http://schemas.microsoft.com/win/2004/08/events/event"},"Event":{"System":{"Provider_attributes":{"Name":"Microsoft-Windows-Security-Auditing","Guid":"54849625-5478-4994-A5BA-3E3B0328C30D"},"EventID":4662,"Version":0,"Level":0,"Task":14080,"Opcode":0,"Keywords":"0x8020000000000000","TimeCreated_attributes":{"SystemTime":"2020-08-02T11:21:46.161859Z"},"EventRecordID":24472561,"Correlation_attributes":{"ActivityID":"459D499C-5E77-0000-C649-9D45775ED601"},"Execution_attributes":{"ProcessID":516,"ThreadID":556},"Channel":"Security","Computer":"rootdc1.offsec.lan","Security":null},"EventData":{"SubjectUserSid":"S-1-5-21-4230534742-2542757381-3142984815-1111","SubjectUserName":"admmig","SubjectDomainName":"OFFSEC","SubjectLogonId":"0x11ac8266","ObjectServer":"DS","ObjectType":"%{bf967a9c-0de6-11d0-a285-00aa003049e2}","ObjectName":"%{7b16c270-6522-4e92-b55f-853de376e256}","OperationType":"Object Access","HandleId":"0x0","AccessList":"%%7688\r\n\t\t\t\t","AccessMask":"0x100","Properties":"%%7688\r\n\t\t{771727b1-31b8-4cdf-ae62-4fe39fadf89e}\r\n\t\t\t{612cb747-c0e8-4f92-9221-fdd5f15b550d}\r\n\t{bf967a9c-0de6-11d0-a285-00aa003049e2}\r\n","AdditionalInfo":"-","AdditionalInfo2":""}}}
{"Event_attributes":{"xmlns":"http://schemas.microsoft.com/win/2004/08/events/event"},"Event":{"System":{"Provider_attributes":{"Name":"Microsoft-Windows-Security-Auditing","Guid":"54849625-5478-4994-A5BA-3E3B0328C30D"},"EventID":4662,"Version":0,"Level":0,"Task":14080,"Opcode":0,"Keywords":"0x8020000000000000","TimeCreated_attributes":{"SystemTime":"2020-08-02T11:21:46.166138Z"},"EventRecordID":24472562,"Correlation_attributes":{"ActivityID":"459D499C-5E77-0000-C649-9D45775ED601"},"Execution_attributes":{"ProcessID":516,"ThreadID":556},"Channel":"Security","Computer":"rootdc1.offsec.lan","Security":null},"EventData":{"SubjectUserSid":"S-1-5-21-4230534742-2542757381-3142984815-1111","SubjectUserName":"admmig","SubjectDomainName":"OFFSEC","SubjectLogonId":"0x11ac8266","ObjectServer":"DS","ObjectType":"%{bf967aba-0de6-11d0-a285-00aa003049e2}","ObjectName":"%{a8745ccb-c7e3-4b62-918d-46a49965226c}","OperationType":"Object Access","HandleId":"0x0","AccessList":"%%7688\r\n\t\t\t\t","AccessMask":"0x100","Properties":"%%7688\r\n\t\t{91e647de-d96f-4b70-9557-d63ff4f3ccd8}\r\n\t\t\t{6617e4ac-a2f1-43ab-b60c-11fbd1facf05}\r\n\t\t\t{b3f93023-9239-4f7c-b99c-6745d87adbc2}\r\n\t\t\t{b8dfa744-31dc-4ef1-ac7c-84baf7ef9da7}\r\n\t\t\t{b7ff5a38-0818-42b0-8110-d3d154c97f24}\r\n\t\t{771727b1-31b8-4cdf-ae62-4fe39fadf89e}\r\n\t\t\t{612cb747-c0e8-4f92-9221-fdd5f15b550d}\r\n\t{bf967aba-0de6-11d0-a285-00aa003049e2}\r\n","AdditionalInfo":"-","AdditionalInfo2":""}}}
{"Event_attributes":{"xmlns":"http://schemas.microsoft.com/win/2004/08/events/event"},"Event":{"System":{"Provider_attributes":{"Name":"Microsoft-Windows-Security-Auditing","Guid":"54849625-5478-4994-A5BA-3E3B0328C30D"},"EventID":4662,"Version":0,"Level":0,"Task":14080,"Opcode":0,"Keywords":"0x8020000000000000","TimeCreated_attributes":{"SystemTime":"2020-08-02T11:21:46.181322Z"},"EventRecordID":24472563,"Correlation_attributes":{"ActivityID":"459D499C-5E77-0000-C649-9D45775ED601"},"Execution_attributes":{"ProcessID":516,"ThreadID":556},"Channel":"Security","Computer":"rootdc1.offsec.lan","Security":null},"EventData":{"SubjectUserSid":"S-1-5-21-4230534742-2542757381-3142984815-1111","SubjectUserName":"admmig","SubjectDomainName":"OFFSEC","SubjectLogonId":"0x11ac8266","ObjectServer":"DS","ObjectType":"%{bf967aba-0de6-11d0-a285-00aa003049e2}","ObjectName":"%{259162f1-58e4-4ee9-9b9c-2baf2a03d376}","OperationType":"Object Access","HandleId":"0x0","AccessList":"%%7684\r\n\t\t\t\t","AccessMask":"0x10","Properties":"%%7684\r\n\t\t{59ba2f42-79a2-11d0-9020-00c04fc2d3cf}\r\n\t\t\t{6e7b626c-64f2-11d0-afd2-00c04fd930c9}\r\n\t\t\t{3e0abfd0-126a-11d0-a060-00aa006c33ed}\r\n\t\t{e48d0154-bcf8-11d1-8702-00c04fb96050}\r\n\t\t\t{f3a64788-5306-11d1-a9c5-0000f80367c1}\r\n\t{bf967aba-0de6-11d0-a285-00aa003049e2}\r\n","AdditionalInfo":"-","AdditionalInfo2":""}}}
{"Event_attributes":{"xmlns":"http://schemas.microsoft.com/win/2004/08/events/event"},"Event":{"System":{"Provider_attributes":{"Name":"Microsoft-Windows-Security-Auditing","Guid":"54849625-5478-4994-A5BA-3E3B0328C30D"},"EventID":4662,"Version":0,"Level":0,"Task":14080,"Opcode":0,"Keywords":"0x8020000000000000","TimeCreated_attributes":{"SystemTime":"2020-08-02T11:21:46.181394Z"},"EventRecordID":24472564,"Correlation_attributes":{"ActivityID":"459D499C-5E77-0000-C649-9D45775ED601"},"Execution_attributes":{"ProcessID":516,"ThreadID":556},"Channel":"Security","Computer":"rootdc1.offsec.lan","Security":null},"EventData":{"SubjectUserSid":"S-1-5-21-4230534742-2542757381-3142984815-1111","SubjectUserName":"admmig","SubjectDomainName":"OFFSEC","SubjectLogonId":"0x11ac8266","ObjectServer":"DS","ObjectType":"%{bf967aba-0de6-11d0-a285-00aa003049e2}","ObjectName":"%{259162f1-58e4-4ee9-9b9c-2baf2a03d376}","OperationType":"Object Access","HandleId":"0x0","AccessList":"%%7684\r\n\t\t\t\t","AccessMask":"0x10","Properties":"%%7684\r\n\t{bf967aba-0de6-11d0-a285-00aa003049e2}\r\n\t\t{e48d0154-bcf8-11d1-8702-00c04fb96050}\r\n\t\t\t{bf967950-0de6-11d0-a285-00aa003049e2}\r\n\t\t\t{bf9679e4-0de6-11d0-a285-00aa003049e2}\r\n\t\t\t{28630ebb-41d5-11d1-a9c1-0000f80367c1}\r\n\t\t\t{f3a64788-5306-11d1-a9c5-0000f80367c1}\r\n\t\t\t{800d94d7-b7a1-42a1-b14d-7cae1423d07f}\r\n\t\t{4c164200-20c0-11d0-a768-00aa006e0529}\r\n\t\t\t{bf967a0a-0de6-11d0-a285-00aa003049e2}\r\n\t\t\t{bf967a68-0de6-11d0-a285-00aa003049e2}\r\n\t\t\t{add5cf10-7b09-4449-9ae6-2534148f8a72}\r\n\t\t{bc0ac240-79a9-11d0-9020-00c04fc2d4cf}\r\n\t\t\t{bf967991-0de6-11d0-a285-00aa003049e2}\r\n\t\t{59ba2f42-79a2-11d0-9020-00c04fc2d3cf}\r\n\t\t\t{3e0abfd0-126a-11d0-a060-00aa006c33ed}\r\n\t\t\t{bf967953-0de6-11d0-a285-00aa003049e2}\r\n\t\t{77b5b886-944a-11d1-aebd-0000f80367c1}\r\n\t\t\t{20119867-1d04-4ab7-9371-cfc3d5df0afd}\r\n","AdditionalInfo":"-","AdditionalInfo2":""}}}
{"Event_attributes":{"xmlns":"http://schemas.microsoft.com/win/2004/08/events/event"},"Event":{"System":{"Provider_attributes":{"Name":"Microsoft-Windows-Security-Auditing","Guid":"54849625-5478-4994-A5BA-3E3B0328C30D"},"EventID":4662,"Version":0,"Level":0,"Task":14080,"Opcode":0,"Keywords":"0x8020000000000000","TimeCreated_attributes":{"SystemTime":"2020-08-02T11:21:55.898722Z"},"EventRecordID":24472577,"Correlation_attributes":{"ActivityID":"459D499C-5E77-0000-C649-9D45775ED601"},"Execution_attributes":{"ProcessID":516,"ThreadID":3340},"Channel":"Security","Computer":"rootdc1.offsec.lan","Security":null},"EventData":{"SubjectUserSid":"S-1-5-21-4230534742-2542757381-3142984815-1120","SubjectUserName":"ROOTDC2$","SubjectDomainName":"OFFSEC","SubjectLogonId":"0x11b1513c","ObjectServer":"DS","ObjectType":"%{19195a5b-6da0-11d0-afd3-00c04fd930c9}","ObjectName":"%{0b32719a-29a5-4ad5-b9dc-56200eba0ce0}","OperationType":"Object Access","HandleId":"0x0","AccessList":"%%7688\r\n\t\t\t\t","AccessMask":"0x100","Properties":"%%7688\r\n\t\t{1131f6ab-9c07-11d1-f79f-00c04fc2dcd2}\r\n\t{19195a5b-6da0-11d0-afd3-00c04fd930c9}\r\n","AdditionalInfo":"-","AdditionalInfo2":""}}}
{"Event_attributes":{"xmlns":"http://schemas.microsoft.com/win/2004/08/events/event"},"Event":{"System":{"Provider_attributes":{"Name":"Microsoft-Windows-Security-Auditing","Guid":"54849625-5478-4994-A5BA-3E3B0328C30D"},"EventID":4662,"Version":0,"Level":0,"Task":14080,"Opcode":0,"Keywords":"0x8020000000000000","TimeCreated_attributes":{"SystemTime":"2020-08-02T11:22:09.011291Z"},"EventRecordID":24472617,"Correlation_attributes":{"ActivityID":"459D499C-5E77-0000-C649-9D45775ED601"},"Execution_attributes":{"ProcessID":516,"ThreadID":3340},"Channel":"Security","Computer":"rootdc1.offsec.lan","Security":null},"EventData":{"SubjectUserSid":"S-1-5-18","SubjectUserName":"ROOTDC1$","SubjectDomainName":"OFFSEC","SubjectLogonId":"0x11b1570b","ObjectServer":"DS","ObjectType":"%{bf967a86-0de6-11d0-a285-00aa003049e2}","ObjectName":"%{832b1c45-2f6e-4c82-be40-d461e377f560}","OperationType":"Object Access","HandleId":"0x0","AccessList":"%%7688\r\n\t\t\t\t","AccessMask":"0x100","Properties":"%%7688\r\n\t{bf967a86-0de6-11d0-a285-00aa003049e2}\r\n\t\t{91e647de-d96f-4b70-9557-d63ff4f3ccd8}\r\n\t\t\t{6617e4ac-a2f1-43ab-b60c-11fbd1facf05}\r\n\t\t\t{b3f93023-9239-4f7c-b99c-6745d87adbc2}\r\n\t\t\t{b8dfa744-31dc-4ef1-ac7c-84baf7ef9da7}\r\n\t\t\t{b7ff5a38-0818-42b0-8110-d3d154c97f24}\r\n\t\t{771727b1-31b8-4cdf-ae62-4fe39fadf89e}\r\n\t\t\t{aa4e1a6d-550d-4e05-8c35-4afcb917a9fe}\r\n\t\t\t{612cb747-c0e8-4f92-9221-fdd5f15b550d}\r\n","AdditionalInfo":"-","AdditionalInfo2":""}}}
{"Event_attributes":{"xmlns":"http://schemas.microsoft.com/win/2004/08/events/event"},"Event":{"System":{"Provider_attributes":{"Name":"Microsoft-Windows-Security-Auditing","Guid":"54849625-5478-4994-A5BA-3E3B0328C30D"},"EventID":4662,"Version":0,"Level":0,"Task":14080,"Opcode":0,"Keywords":"0x8020000000000000","TimeCreated_attributes":{"SystemTime":"2020-08-02T11:22:09.022872Z"},"EventRecordID":24472621,"Correlation_attributes":{"ActivityID":"459D499C-5E77-0000-C649-9D45775ED601"},"Execution_attributes":{"ProcessID":516,"ThreadID":3936},"Channel":"Security","Computer":"rootdc1.offsec.lan","Security":null},"EventData":{"SubjectUserSid":"S-1-5-18","SubjectUserName":"ROOTDC1$","SubjectDomainName":"OFFSEC","SubjectLogonId":"0x11b15887","ObjectServer":"DS","ObjectType":"%{bf967a86-0de6-11d0-a285-00aa003049e2}","ObjectName":"%{832b1c45-2f6e-4c82-be40-d461e377f560}","OperationType":"Object Access","HandleId":"0x0","AccessList":"%%7688\r\n\t\t\t\t","AccessMask":"0x100","Properties":"%%7688\r\n\t{bf967a86-0de6-11d0-a285-00aa003049e2}\r\n\t\t{91e647de-d96f-4b70-9557-d63ff4f3ccd8}\r\n\t\t\t{6617e4ac-a2f1-43ab-b60c-11fbd1facf05}\r\n\t\t\t{b3f93023-9239-4f7c-b99c-6745d87adbc2}\r\n\t\t\t{b8dfa744-31dc-4ef1-ac7c-84baf7ef9da7}\r\n\t\t\t{b7ff5a38-0818-42b0-8110-d3d154c97f24}\r\n\t\t{771727b1-31b8-4cdf-ae62-4fe39fadf89e}\r\n\t\t\t{aa4e1a6d-550d-4e05-8c35-4afcb917a9fe}\r\n\t\t\t{612cb747-c0e8-4f92-9221-fdd5f15b550d}\r\n","AdditionalInfo":"-","AdditionalInfo2":""}}}
{"Event_attributes":{"xmlns":"http://schemas.microsoft.com/win/2004/08/events/event"},"Event":{"System":{"Provider_attributes":{"Name":"Microsoft-Windows-Security-Auditing","Guid":"54849625-5478-4994-A5BA-3E3B0328C30D"},"EventID":4662,"Version":0,"Level":0,"Task":14080,"Opcode":0,"Keywords":"0x8020000000000000","TimeCreated_attributes":{"SystemTime":"2020-08-02T11:22:09.506658Z"},"EventRecordID":24472643,"Correlation_attributes":{"ActivityID":"459D499C-5E77-0000-C649-9D45775ED601"},"Execution_attributes":{"ProcessID":516,"ThreadID":988},"Channel":"Security","Computer":"rootdc1.offsec.lan","Security":null},"EventData":{"SubjectUserSid":"S-1-5-18","SubjectUserName":"ROOTDC1$","SubjectDomainName":"OFFSEC","SubjectLogonId":"0x11b16a42","ObjectServer":"DS","ObjectType":"%{bf967a86-0de6-11d0-a285-00aa003049e2}","ObjectName":"%{832b1c45-2f6e-4c82-be40-d461e377f560}","OperationType":"Object Access","HandleId":"0x0","AccessList":"%%7688\r\n\t\t\t\t","AccessMask":"0x100","Properties":"%%7688\r\n\t{bf967a86-0de6-11d0-a285-00aa003049e2}\r\n\t\t{91e647de-d96f-4b70-9557-d63ff4f3ccd8}\r\n\t\t\t{6617e4ac-a2f1-43ab-b60c-11fbd1facf05}\r\n\t\t\t{b3f93023-9239-4f7c-b99c-6745d87adbc2}\r\n\t\t\t{b8dfa744-31dc-4ef1-ac7c-84baf7ef9da7}\r\n\t\t\t{b7ff5a38-0818-42b0-8110-d3d154c97f24}\r\n\t\t{771727b1-31b8-4cdf-ae62-4fe39fadf89e}\r\n\t\t\t{aa4e1a6d-550d-4e05-8c35-4afcb917a9fe}\r\n\t\t\t{612cb747-c0e8-4f92-9221-fdd5f15b550d}\r\n","AdditionalInfo":"-","AdditionalInfo2":""}}}
{"Event_attributes":{"xmlns":"http://schemas.microsoft.com/win/2004/08/events/event"},"Event":{"System":{"Provider_attributes":{"Name":"Microsoft-Windows-Security-Auditing","Guid":"54849625-5478-4994-A5BA-3E3B0328C30D"},"EventID":4662,"Version":0,"Level":0,"Task":14080,"Opcode":0,"Keywords":"0x8020000000000000","TimeCreated_attributes":{"SystemTime":"2020-08-02T11:22:09.517944Z"},"EventRecordID":24472647,"Correlation_attributes":{"ActivityID":"459D499C-5E77-0000-C649-9D45775ED601"},"Execution_attributes":{"ProcessID":516,"ThreadID":556},"Channel":"Security","Computer":"rootdc1.offsec.lan","Security":null},"EventData":{"SubjectUserSid":"S-1-5-18","SubjectUserName":"ROOTDC1$","SubjectDomainName":"OFFSEC","SubjectLogonId":"0x11b16bbe","ObjectServer":"DS","ObjectType":"%{bf967a86-0de6-11d0-a285-00aa003049e2}","ObjectName":"%{832b1c45-2f6e-4c82-be40-d461e377f560}","OperationType":"Object Access","HandleId":"0x0","AccessList":"%%7688\r\n\t\t\t\t","AccessMask":"0x100","Properties":"%%7688\r\n\t{bf967a86-0de6-11d0-a285-00aa003049e2}\r\n\t\t{91e647de-d96f-4b70-9557-d63ff4f3ccd8}\r\n\t\t\t{6617e4ac-a2f1-43ab-b60c-11fbd1facf05}\r\n\t\t\t{b3f93023-9239-4f7c-b99c-6745d87adbc2}\r\n\t\t\t{b8dfa744-31dc-4ef1-ac7c-84baf7ef9da7}\r\n\t\t\t{b7ff5a38-0818-42b0-8110-d3d154c97f24}\r\n\t\t{771727b1-31b8-4cdf-ae62-4fe39fadf89e}\r\n\t\t\t{aa4e1a6d-550d-4e05-8c35-4afcb917a9fe}\r\n\t\t\t{612cb747-c0e8-4f92-9221-fdd5f15b550d}\r\n","AdditionalInfo":"-","AdditionalInfo2":""}}}
{"Event_attributes":{"xmlns":"http://schemas.microsoft.com/win/2004/08/events/event"},"Event":{"System":{"Provider_attributes":{"Name":"Microsoft-Windows-Security-Auditing","Guid":"54849625-5478-4994-A5BA-3E3B0328C30D"},"EventID":4662,"Version":0,"Level":0,"Task":14080,"Opcode":0,"Keywords":"0x8020000000000000","TimeCreated_attributes":{"SystemTime":"2020-08-02T11:22:24.756658Z"},"EventRecordID":24473635,"Correlation_attributes":{"ActivityID":"459D499C-5E77-0000-C649-9D45775ED601"},"Execution_attributes":{"ProcessID":516,"ThreadID":3340},"Channel":"Security","Computer":"rootdc1.offsec.lan","Security":null},"EventData":{"SubjectUserSid":"S-1-5-21-4230534742-2542757381-3142984815-1120","SubjectUserName":"ROOTDC2$","SubjectDomainName":"OFFSEC","SubjectLogonId":"0x11b1ac9e","ObjectServer":"DS","ObjectType":"%{19195a5b-6da0-11d0-afd3-00c04fd930c9}","ObjectName":"%{0b32719a-29a5-4ad5-b9dc-56200eba0ce0}","OperationType":"Object Access","HandleId":"0x0","AccessList":"%%7688\r\n\t\t\t\t","AccessMask":"0x100","Properties":"%%7688\r\n\t\t{1131f6aa-9c07-11d1-f79f-00c04fc2dcd2}\r\n\t{19195a5b-6da0-11d0-afd3-00c04fd930c9}\r\n","AdditionalInfo":"-","AdditionalInfo2":""}}}
{"Event_attributes":{"xmlns":"http://schemas.microsoft.com/win/2004/08/events/event"},"Event":{"System":{"Provider_attributes":{"Name":"Microsoft-Windows-Security-Auditing","Guid":"54849625-5478-4994-A5BA-3E3B0328C30D"},"EventID":4662,"Version":0,"Level":0,"Task":14080,"Opcode":0,"Keywords":"0x8020000000000000","TimeCreated_attributes":{"SystemTime":"2020-08-02T11:22:24.756726Z"},"EventRecordID":24473636,"Correlation_attributes":{"ActivityID":"459D499C-5E77-0000-C649-9D45775ED601"},"Execution_attributes":{"ProcessID":516,"ThreadID":3340},"Channel":"Security","Computer":"rootdc1.offsec.lan","Security":null},"EventData":{"SubjectUserSid":"S-1-5-21-4230534742-2542757381-3142984815-1120","SubjectUserName":"ROOTDC2$","SubjectDomainName":"OFFSEC","SubjectLogonId":"0x11b1ac9e","ObjectServer":"DS","ObjectType":"%{19195a5b-6da0-11d0-afd3-00c04fd930c9}","ObjectName":"%{0b32719a-29a5-4ad5-b9dc-56200eba0ce0}","OperationType":"Object Access","HandleId":"0x0","AccessList":"%%7688\r\n\t\t\t\t","AccessMask":"0x100","Properties":"%%7688\r\n\t\t{89e95b76-444d-4c62-991a-0facbeda640c}\r\n\t{19195a5b-6da0-11d0-afd3-00c04fd930c9}\r\n","AdditionalInfo":"-","AdditionalInfo2":""}}}
{"Event_attributes":{"xmlns":"http://schemas.microsoft.com/win/2004/08/events/event"},"Event":{"System":{"Provider_attributes":{"Name":"Microsoft-Windows-Security-Auditing","Guid":"54849625-5478-4994-A5BA-3E3B0328C30D"},"EventID":4662,"Version":0,"Level":0,"Task":14080,"Opcode":0,"Keywords":"0x8020000000000000","TimeCreated_attributes":{"SystemTime":"2020-08-02T11:22:24.756778Z"},"EventRecordID":24473637,"Correlation_attributes":{"ActivityID":"459D499C-5E77-0000-C649-9D45775ED601"},"Execution_attributes":{"ProcessID":516,"ThreadID":3340},"Channel":"Security","Computer":"rootdc1.offsec.lan","Security":null},"EventData":{"SubjectUserSid":"S-1-5-21-4230534742-2542757381-3142984815-1120","SubjectUserName":"ROOTDC2$","SubjectDomainName":"OFFSEC","SubjectLogonId":"0x11b1ac9e","ObjectServer":"DS","ObjectType":"%{19195a5b-6da0-11d0-afd3-00c04fd930c9}","ObjectName":"%{0b32719a-29a5-4ad5-b9dc-56200eba0ce0}","OperationType":"Object Access","HandleId":"0x0","AccessList":"%%7688\r\n\t\t\t\t","AccessMask":"0x100","Properties":"%%7688\r\n\t\t{1131f6ad-9c07-11d1-f79f-00c04fc2dcd2}\r\n\t{19195a5b-6da0-11d0-afd3-00c04fd930c9}\r\n","AdditionalInfo":"-","AdditionalInfo2":""}}}
{"Event_attributes":{"xmlns":"http://schemas.microsoft.com/win/2004/08/events/event"},"Event":{"System":{"Provider_attributes":{"Name":"Microsoft-Windows-Security-Auditing","Guid":"54849625-5478-4994-A5BA-3E3B0328C30D"},"EventID":4662,"Version":0,"Level":0,"Task":14080,"Opcode":0,"Keywords":"0x8020000000000000","TimeCreated_attributes":{"SystemTime":"2020-08-02T11:27:09.712317Z"},"EventRecordID":24473984,"Correlation_attributes":{"ActivityID":"459D499C-5E77-0000-C649-9D45775ED601"},"Execution_attributes":{"ProcessID":516,"ThreadID":988},"Channel":"Security","Computer":"rootdc1.offsec.lan","Security":null},"EventData":{"SubjectUserSid":"S-1-5-18","SubjectUserName":"ROOTDC1$","SubjectDomainName":"OFFSEC","SubjectLogonId":"0x11b243ad","ObjectServer":"DS","ObjectType":"%{bf967a86-0de6-11d0-a285-00aa003049e2}","ObjectName":"%{832b1c45-2f6e-4c82-be40-d461e377f560}","OperationType":"Object Access","HandleId":"0x0","AccessList":"%%7688\r\n\t\t\t\t","AccessMask":"0x100","Properties":"%%7688\r\n\t{bf967a86-0de6-11d0-a285-00aa003049e2}\r\n\t\t{91e647de-d96f-4b70-9557-d63ff4f3ccd8}\r\n\t\t\t{6617e4ac-a2f1-43ab-b60c-11fbd1facf05}\r\n\t\t\t{b3f93023-9239-4f7c-b99c-6745d87adbc2}\r\n\t\t\t{b8dfa744-31dc-4ef1-ac7c-84baf7ef9da7}\r\n\t\t\t{b7ff5a38-0818-42b0-8110-d3d154c97f24}\r\n\t\t{771727b1-31b8-4cdf-ae62-4fe39fadf89e}\r\n\t\t\t{aa4e1a6d-550d-4e05-8c35-4afcb917a9fe}\r\n\t\t\t{612cb747-c0e8-4f92-9221-fdd5f15b550d}\r\n","AdditionalInfo":"-","AdditionalInfo2":""}}}
{"Event_attributes":{"xmlns":"http://schemas.microsoft.com/win/2004/08/events/event"},"Event":{"System":{"Provider_attributes":{"Name":"Microsoft-Windows-Security-Auditing","Guid":"54849625-5478-4994-A5BA-3E3B0328C30D"},"EventID":4662,"Version":0,"Level":0,"Task":14080,"Opcode":0,"Keywords":"0x8020000000000000","TimeCreated_attributes":{"SystemTime":"2020-08-02T11:27:09.724388Z"},"EventRecordID":24473988,"Correlation_attributes":{"ActivityID":"459D499C-5E77-0000-C649-9D45775ED601"},"Execution_attributes":{"ProcessID":516,"ThreadID":3936},"Channel":"Security","Computer":"rootdc1.offsec.lan","Security":null},"EventData":{"SubjectUserSid":"S-1-5-18","SubjectUserName":"ROOTDC1$","SubjectDomainName":"OFFSEC","SubjectLogonId":"0x11b2452b","ObjectServer":"DS","ObjectType":"%{bf967a86-0de6-11d0-a285-00aa003049e2}","ObjectName":"%{832b1c45-2f6e-4c82-be40-d461e377f560}","OperationType":"Object Access","HandleId":"0x0","AccessList":"%%7688\r\n\t\t\t\t","AccessMask":"0x100","Properties":"%%7688\r\n\t{bf967a86-0de6-11d0-a285-00aa003049e2}\r\n\t\t{91e647de-d96f-4b70-9557-d63ff4f3ccd8}\r\n\t\t\t{6617e4ac-a2f1-43ab-b60c-11fbd1facf05}\r\n\t\t\t{b3f93023-9239-4f7c-b99c-6745d87adbc2}\r\n\t\t\t{b8dfa744-31dc-4ef1-ac7c-84baf7ef9da7}\r\n\t\t\t{b7ff5a38-0818-42b0-8110-d3d154c97f24}\r\n\t\t{771727b1-31b8-4cdf-ae62-4fe39fadf89e}\r\n\t\t\t{aa4e1a6d-550d-4e05-8c35-4afcb917a9fe}\r\n\t\t\t{612cb747-c0e8-4f92-9221-fdd5f15b550d}\r\n","AdditionalInfo":"-","AdditionalInfo2":""}}}
