{"Event_attributes":{"xmlns":"http://schemas.microsoft.com/win/2004/08/events/event"},"Event":{"System":{"Provider_attributes":{"Name":"Microsoft-Windows-Security-Auditing","Guid":"54849625-5478-4994-A5BA-3E3B0328C30D"},"EventID":5145,"Version":0,"Level":0,"Task":12811,"Opcode":0,"Keywords":"0x8020000000000000","TimeCreated_attributes":{"SystemTime":"2021-12-12T11:53:11.956040Z"},"EventRecordID":1165256,"Correlation":null,"Execution_attributes":{"ProcessID":480,"ThreadID":488},"Channel":"Security","Computer":"fs03vuln.offsec.lan","Security":null},"EventData":{"SubjectUserSid":"S-1-5-21-4230534742-2542757381-3142984815-1111","SubjectUserName":"admmig","SubjectDomainName":"OFFSEC","SubjectLogonId":"0x883836e","ObjectType":"File","IpAddress":"10.23.123.11","IpPort":"60296","ShareName":"\\\\*\\C$","ShareLocalPath":"\\??\\C:\\","RelativeTargetName":"Users\\admmig\\AppData\\Roaming\\Microsoft\\Credentials\\4543CF9BB17D44B2079AB6013FE18370","AccessMask":"0x20089","AccessList":"%%1538\r\n\t\t\t\t%%4416\r\n\t\t\t\t%%4419\r\n\t\t\t\t%%4423\r\n\t\t\t\t","AccessReason":"-"}}}
{"Event_attributes":{"xmlns":"http://schemas.microsoft.com/win/2004/08/events/event"},"Event":{"System":{"Provider_attributes":{"Name":"Microsoft-Windows-Security-Auditing","Guid":"54849625-5478-4994-A5BA-3E3B0328C30D"},"EventID":5145,"Version":0,"Level":0,"Task":12811,"Opcode":0,"Keywords":"0x8020000000000000","TimeCreated_attributes":{"SystemTime":"2021-12-12T11:53:14.537458Z"},"EventRecordID":1165258,"Correlation":null,"Execution_attributes":{"ProcessID":480,"ThreadID":488},"Channel":"Security","Computer":"fs03vuln.offsec.lan","Security":null},"EventData":{"SubjectUserSid":"S-1-5-21-4230534742-2542757381-3142984815-1111","SubjectUserName":"admmig","SubjectDomainName":"OFFSEC","SubjectLogonId":"0x883836e","ObjectType":"File","IpAddress":"10.23.123.11","IpPort":"60296","ShareName":"\\\\*\\C$","ShareLocalPath":"\\??\\C:\\","RelativeTargetName":"Users\\admmig\\AppData\\Roaming\\Microsoft\\Credentials\\57D74E214C13D83D75A7EC9FC4F9BD50","AccessMask":"0x20089","AccessList":"%%1538\r\n\t\t\t\t%%4416\r\n\t\t\t\t%%4419\r\n\t\t\t\t%%4423\r\n\t\t\t\t","AccessReason":"-"}}}
{"Event_attributes":{"xmlns":"http://schemas.microsoft.com/win/2004/08/events/event"},"Event":{"System":{"Provider_attributes":{"Name":"Microsoft-Windows-Security-Auditing","Guid":"54849625-5478-4994-A5BA-3E3B0328C30D"},"EventID":5145,"Version":0,"Level":0,"Task":12811,"Opcode":0,"Keywords":"0x8020000000000000","TimeCreated_attributes":{"SystemTime":"2021-12-12T11:53:14.553080Z"},"EventRecordID":1165260,"Correlation":null,"Execution_attributes":{"ProcessID":480,"ThreadID":488},"Channel":"Security","Computer":"fs03vuln.offsec.lan","Security":null},"EventData":{"SubjectUserSid":"S-1-5-21-4230534742-2542757381-3142984815-1111","SubjectUserName":"admmig","SubjectDomainName":"OFFSEC","SubjectLogonId":"0x883836e","ObjectType":"File","IpAddress":"10.23.123.11","IpPort":"60296","ShareName":"\\\\*\\C$","ShareLocalPath":"\\??\\C:\\","RelativeTargetName":"Users\\admmig\\AppData\\Local\\Microsoft\\Remote Desktop Connection Manager\\RDCMan.settings","AccessMask":"0x1","AccessList":"%%4416\r\n\t\t\t\t","AccessReason":"-"}}}
{"Event_attributes":{"xmlns":"http://schemas.microsoft.com/win/2004/08/events/event"},"Event":{"System":{"Provider_attributes":{"Name":"Microsoft-Windows-Security-Auditing","Guid":"54849625-5478-4994-A5BA-3E3B0328C30D"},"EventID":5145,"Version":0,"Level":0,"Task":12811,"Opcode":0,"Keywords":"0x8020000000000000","TimeCreated_attributes":{"SystemTime":"2021-12-12T11:53:14.553080Z"},"EventRecordID":1165262,"Correlation":null,"Execution_attributes":{"ProcessID":480,"ThreadID":488},"Channel":"Security","Computer":"fs03vuln.offsec.lan","Security":null},"EventData":{"SubjectUserSid":"S-1-5-21-4230534742-2542757381-3142984815-1111","SubjectUserName":"admmig","SubjectDomainName":"OFFSEC","SubjectLogonId":"0x883836e","ObjectType":"File","IpAddress":"10.23.123.11","IpPort":"60296","ShareName":"\\\\*\\C$","ShareLocalPath":"\\??\\C:\\","RelativeTargetName":"Users\\All Users\\AppData\\Local\\Microsoft\\Credentials","AccessMask":"0x1","AccessList":"%%4416\r\n\t\t\t\t","AccessReason":"-"}}}
{"Event_attributes":{"xmlns":"http://schemas.microsoft.com/win/2004/08/events/event"},"Event":{"System":{"Provider_attributes":{"Name":"Microsoft-Windows-Security-Auditing","Guid":"54849625-5478-4994-A5BA-3E3B0328C30D"},"EventID":5145,"Version":0,"Level":0,"Task":12811,"Opcode":0,"Keywords":"0x8020000000000000","TimeCreated_attributes":{"SystemTime":"2021-12-12T11:53:14.568711Z"},"EventRecordID":1165264,"Correlation":null,"Execution_attributes":{"ProcessID":480,"ThreadID":488},"Channel":"Security","Computer":"fs03vuln.offsec.lan","Security":null},"EventData":{"SubjectUserSid":"S-1-5-21-4230534742-2542757381-3142984815-1111","SubjectUserName":"admmig","SubjectDomainName":"OFFSEC","SubjectLogonId":"0x883836e","ObjectType":"File","IpAddress":"10.23.123.11","IpPort":"60296","ShareName":"\\\\*\\C$","ShareLocalPath":"\\??\\C:\\","RelativeTargetName":"Windows\\ServiceProfiles\\ADSync\\AppData\\Local\\Microsoft\\Credentials","AccessMask":"0x1","AccessList":"%%4416\r\n\t\t\t\t","AccessReason":"-"}}}
{"Event_attributes":{"xmlns":"http://schemas.microsoft.com/win/2004/08/events/event"},"Event":{"System":{"Provider_attributes":{"Name":"Microsoft-Windows-Security-Auditing","Guid":"54849625-5478-4994-A5BA-3E3B0328C30D"},"EventID":5145,"Version":0,"Level":0,"Task":12811,"Opcode":0,"Keywords":"0x8020000000000000","TimeCreated_attributes":{"SystemTime":"2021-12-12T11:53:14.568711Z"},"EventRecordID":1165266,"Correlation":null,"Execution_attributes":{"ProcessID":480,"ThreadID":488},"Channel":"Security","Computer":"fs03vuln.offsec.lan","Security":null},"EventData":{"SubjectUserSid":"S-1-5-21-4230534742-2542757381-3142984815-1111","SubjectUserName":"admmig","SubjectDomainName":"OFFSEC","SubjectLogonId":"0x883836e","ObjectType":"File","IpAddress":"10.23.123.11","IpPort":"60296","ShareName":"\\\\*\\C$","ShareLocalPath":"\\??\\C:\\","RelativeTargetName":"Users\\All Users\\AppData\\Roaming\\Microsoft\\Credentials","AccessMask":"0x1","AccessList":"%%4416\r\n\t\t\t\t","AccessReason":"-"}}}
{"Event_attributes":{"xmlns":"http://schemas.microsoft.com/win/2004/08/events/event"},"Event":{"System":{"Provider_attributes":{"Name":"Microsoft-Windows-Security-Auditing","Guid":"54849625-5478-4994-A5BA-3E3B0328C30D"},"EventID":5145,"Version":0,"Level":0,"Task":12811,"Opcode":0,"Keywords":"0x8020000000000000","TimeCreated_attributes":{"SystemTime":"2021-12-12T11:53:14.568711Z"},"EventRecordID":1165268,"Correlation":null,"Execution_attributes":{"ProcessID":480,"ThreadID":488},"Channel":"Security","Computer":"fs03vuln.offsec.lan","Security":null},"EventData":{"SubjectUserSid":"S-1-5-21-4230534742-2542757381-3142984815-1111","SubjectUserName":"admmig","SubjectDomainName":"OFFSEC","SubjectLogonId":"0x883836e","ObjectType":"File","IpAddress":"10.23.123.11","IpPort":"60296","ShareName":"\\\\*\\C$","ShareLocalPath":"\\??\\C:\\","RelativeTargetName":"Users\\All Users\\AppData\\Local\\Microsoft\\Remote Desktop Connection Manager\\RDCMan.settings","AccessMask":"0x1","AccessList":"%%4416\r\n\t\t\t\t","AccessReason":"-"}}}
{"Event_attributes":{"xmlns":"http://schemas.microsoft.com/win/2004/08/events/event"},"Event":{"System":{"Provider_attributes":{"Name":"Microsoft-Windows-Security-Auditing","Guid":"54849625-5478-4994-A5BA-3E3B0328C30D"},"EventID":5145,"Version":0,"Level":0,"Task":12811,"Opcode":0,"Keywords":"0x8020000000000000","TimeCreated_attributes":{"SystemTime":"2021-12-12T11:53:14.584328Z"},"EventRecordID":1165270,"Correlation":null,"Execution_attributes":{"ProcessID":480,"ThreadID":488},"Channel":"Security","Computer":"fs03vuln.offsec.lan","Security":null},"EventData":{"SubjectUserSid":"S-1-5-21-4230534742-2542757381-3142984815-1111","SubjectUserName":"admmig","SubjectDomainName":"OFFSEC","SubjectLogonId":"0x883836e","ObjectType":"File","IpAddress":"10.23.123.11","IpPort":"60296","ShareName":"\\\\*\\C$","ShareLocalPath":"\\??\\C:\\","RelativeTargetName":"Users\\Default\\AppData\\Local\\Microsoft\\Credentials","AccessMask":"0x1","AccessList":"%%4416\r\n\t\t\t\t","AccessReason":"-"}}}
{"Event_attributes":{"xmlns":"http://schemas.microsoft.com/win/2004/08/events/event"},"Event":{"System":{"Provider_attributes":{"Name":"Microsoft-Windows-Security-Auditing","Guid":"54849625-5478-4994-A5BA-3E3B0328C30D"},"EventID":5145,"Version":0,"Level":0,"Task":12811,"Opcode":0,"Keywords":"0x8020000000000000","TimeCreated_attributes":{"SystemTime":"2021-12-12T11:53:14.584328Z"},"EventRecordID":1165272,"Correlation":null,"Execution_attributes":{"ProcessID":480,"ThreadID":488},"Channel":"Security","Computer":"fs03vuln.offsec.lan","Security":null},"EventData":{"SubjectUserSid":"S-1-5-21-4230534742-2542757381-3142984815-1111","SubjectUserName":"admmig","SubjectDomainName":"OFFSEC","SubjectLogonId":"0x883836e","ObjectType":"File","IpAddress":"10.23.123.11","IpPort":"60296","ShareName":"\\\\*\\C$","ShareLocalPath":"\\??\\C:\\","RelativeTargetName":"Windows\\ServiceProfiles\\ADSync\\AppData\\Local\\Microsoft\\Credentials","AccessMask":"0x1","AccessList":"%%4416\r\n\t\t\t\t","AccessReason":"-"}}}
{"Event_attributes":{"xmlns":"http://schemas.microsoft.com/win/2004/08/events/event"},"Event":{"System":{"Provider_attributes":{"Name":"Microsoft-Windows-Security-Auditing","Guid":"54849625-5478-4994-A5BA-3E3B0328C30D"},"EventID":5145,"Version":0,"Level":0,"Task":12811,"Opcode":0,"Keywords":"0x8020000000000000","TimeCreated_attributes":{"SystemTime":"2021-12-12T11:53:14.584328Z"},"EventRecordID":1165274,"Correlation":null,"Execution_attributes":{"ProcessID":480,"ThreadID":488},"Channel":"Security","Computer":"fs03vuln.offsec.lan","Security":null},"EventData":{"SubjectUserSid":"S-1-5-21-4230534742-2542757381-3142984815-1111","SubjectUserName":"admmig","SubjectDomainName":"OFFSEC","SubjectLogonId":"0x883836e","ObjectType":"File","IpAddress":"10.23.123.11","IpPort":"60296","ShareName":"\\\\*\\C$","ShareLocalPath":"\\??\\C:\\","RelativeTargetName":"Users\\Default\\AppData\\Roaming\\Microsoft\\Credentials","AccessMask":"0x1","AccessList":"%%4416\r\n\t\t\t\t","AccessReason":"-"}}}
{"Event_attributes":{"xmlns":"http://schemas.microsoft.com/win/2004/08/events/event"},"Event":{"System":{"Provider_attributes":{"Name":"Microsoft-Windows-Security-Auditing","Guid":"54849625-5478-4994-A5BA-3E3B0328C30D"},"EventID":5145,"Version":0,"Level":0,"Task":12811,"Opcode":0,"Keywords":"0x8020000000000000","TimeCreated_attributes":{"SystemTime":"2021-12-12T11:53:14.601172Z"},"EventRecordID":1165276,"Correlation":null,"Execution_attributes":{"ProcessID":480,"ThreadID":488},"Channel":"Security","Computer":"fs03vuln.offsec.lan","Security":null},"EventData":{"SubjectUserSid":"S-1-5-21-4230534742-2542757381-3142984815-1111","SubjectUserName":"admmig","SubjectDomainName":"OFFSEC","SubjectLogonId":"0x883836e","ObjectType":"File","IpAddress":"10.23.123.11","IpPort":"60296","ShareName":"\\\\*\\C$","ShareLocalPath":"\\??\\C:\\","RelativeTargetName":"Users\\Default\\AppData\\Local\\Microsoft\\Remote Desktop Connection Manager\\RDCMan.settings","AccessMask":"0x1","AccessList":"%%4416\r\n\t\t\t\t","AccessReason":"-"}}}
{"Event_attributes":{"xmlns":"http://schemas.microsoft.com/win/2004/08/events/event"},"Event":{"System":{"Provider_attributes":{"Name":"Microsoft-Windows-Security-Auditing","Guid":"54849625-5478-4994-A5BA-3E3B0328C30D"},"EventID":5145,"Version":0,"Level":0,"Task":12811,"Opcode":0,"Keywords":"0x8020000000000000","TimeCreated_attributes":{"SystemTime":"2021-12-12T11:53:14.601172Z"},"EventRecordID":1165278,"Correlation":null,"Execution_attributes":{"ProcessID":480,"ThreadID":488},"Channel":"Security","Computer":"fs03vuln.offsec.lan","Security":null},"EventData":{"SubjectUserSid":"S-1-5-21-4230534742-2542757381-3142984815-1111","SubjectUserName":"admmig","SubjectDomainName":"OFFSEC","SubjectLogonId":"0x883836e","ObjectType":"File","IpAddress":"10.23.123.11","IpPort":"60296","ShareName":"\\\\*\\C$","ShareLocalPath":"\\??\\C:\\","RelativeTargetName":"Users\\Default User\\AppData\\Local\\Microsoft\\Credentials","AccessMask":"0x1","AccessList":"%%4416\r\n\t\t\t\t","AccessReason":"-"}}}
{"Event_attributes":{"xmlns":"http://schemas.microsoft.com/win/2004/08/events/event"},"Event":{"System":{"Provider_attributes":{"Name":"Microsoft-Windows-Security-Auditing","Guid":"54849625-5478-4994-A5BA-3E3B0328C30D"},"EventID":5145,"Version":0,"Level":0,"Task":12811,"Opcode":0,"Keywords":"0x8020000000000000","TimeCreated_attributes":{"SystemTime":"2021-12-12T11:53:14.601172Z"},"EventRecordID":1165280,"Correlation":null,"Execution_attributes":{"ProcessID":480,"ThreadID":488},"Channel":"Security","Computer":"fs03vuln.offsec.lan","Security":null},"EventData":{"SubjectUserSid":"S-1-5-21-4230534742-2542757381-3142984815-1111","SubjectUserName":"admmig","SubjectDomainName":"OFFSEC","SubjectLogonId":"0x883836e","ObjectType":"File","IpAddress":"10.23.123.11","IpPort":"60296","ShareName":"\\\\*\\C$","ShareLocalPath":"\\??\\C:\\","RelativeTargetName":"Windows\\ServiceProfiles\\ADSync\\AppData\\Local\\Microsoft\\Credentials","AccessMask":"0x1","AccessList":"%%4416\r\n\t\t\t\t","AccessReason":"-"}}}
{"Event_attributes":{"xmlns":"http://schemas.microsoft.com/win/2004/08/events/event"},"Event":{"System":{"Provider_attributes":{"Name":"Microsoft-Windows-Security-Auditing","Guid":"54849625-5478-4994-A5BA-3E3B0328C30D"},"EventID":5145,"Version":0,"Level":0,"Task":12811,"Opcode":0,"Keywords":"0x8020000000000000","TimeCreated_attributes":{"SystemTime":"2021-12-12T11:53:14.601172Z"},"EventRecordID":1165282,"Correlation":null,"Execution_attributes":{"ProcessID":480,"ThreadID":488},"Channel":"Security","Computer":"fs03vuln.offsec.lan","Security":null},"EventData":{"SubjectUserSid":"S-1-5-21-4230534742-2542757381-3142984815-1111","SubjectUserName":"admmig","SubjectDomainName":"OFFSEC","SubjectLogonId":"0x883836e","ObjectType":"File","IpAddress":"10.23.123.11","IpPort":"60296","ShareName":"\\\\*\\C$","ShareLocalPath":"\\??\\C:\\","RelativeTargetName":"Users\\Default User\\AppData\\Roaming\\Microsoft\\Credentials","AccessMask":"0x1","AccessList":"%%4416\r\n\t\t\t\t","AccessReason":"-"}}}
{"Event_attributes":{"xmlns":"http://schemas.microsoft.com/win/2004/08/events/event"},"Event":{"System":{"Provider_attributes":{"Name":"Microsoft-Windows-Security-Auditing","Guid":"54849625-5478-4994-A5BA-3E3B0328C30D"},"EventID":5145,"Version":0,"Level":0,"Task":12811,"Opcode":0,"Keywords":"0x8020000000000000","TimeCreated_attributes":{"SystemTime":"2021-12-12T11:53:14.616220Z"},"EventRecordID":1165284,"Correlation":null,"Execution_attributes":{"ProcessID":480,"ThreadID":488},"Channel":"Security","Computer":"fs03vuln.offsec.lan","Security":null},"EventData":{"SubjectUserSid":"S-1-5-21-4230534742-2542757381-3142984815-1111","SubjectUserName":"admmig","SubjectDomainName":"OFFSEC","SubjectLogonId":"0x883836e","ObjectType":"File","IpAddress":"10.23.123.11","IpPort":"60296","ShareName":"\\\\*\\C$","ShareLocalPath":"\\??\\C:\\","RelativeTargetName":"Users\\Default User\\AppData\\Local\\Microsoft\\Remote Desktop Connection Manager\\RDCMan.settings","AccessMask":"0x1","AccessList":"%%4416\r\n\t\t\t\t","AccessReason":"-"}}}
{"Event_attributes":{"xmlns":"http://schemas.microsoft.com/win/2004/08/events/event"},"Event":{"System":{"Provider_attributes":{"Name":"Microsoft-Windows-Security-Auditing","Guid":"54849625-5478-4994-A5BA-3E3B0328C30D"},"EventID":5145,"Version":0,"Level":0,"Task":12811,"Opcode":0,"Keywords":"0x8020000000000000","TimeCreated_attributes":{"SystemTime":"2021-12-12T11:53:14.616220Z"},"EventRecordID":1165286,"Correlation":null,"Execution_attributes":{"ProcessID":480,"ThreadID":488},"Channel":"Security","Computer":"fs03vuln.offsec.lan","Security":null},"EventData":{"SubjectUserSid":"S-1-5-21-4230534742-2542757381-3142984815-1111","SubjectUserName":"admmig","SubjectDomainName":"OFFSEC","SubjectLogonId":"0x883836e","ObjectType":"File","IpAddress":"10.23.123.11","IpPort":"60296","ShareName":"\\\\*\\C$","ShareLocalPath":"\\??\\C:\\","RelativeTargetName":"Users\\hack1\\AppData\\Local\\Microsoft\\Credentials","AccessMask":"0x1","AccessList":"%%4416\r\n\t\t\t\t","AccessReason":"-"}}}
{"Event_attributes":{"xmlns":"http://schemas.microsoft.com/win/2004/08/events/event"},"Event":{"System":{"Provider_attributes":{"Name":"Microsoft-Windows-Security-Auditing","Guid":"54849625-5478-4994-A5BA-3E3B0328C30D"},"EventID":5145,"Version":0,"Level":0,"Task":12811,"Opcode":0,"Keywords":"0x8020000000000000","TimeCreated_attributes":{"SystemTime":"2021-12-12T11:53:14.616220Z"},"EventRecordID":1165288,"Correlation":null,"Execution_attributes":{"ProcessID":480,"ThreadID":488},"Channel":"Security","Computer":"fs03vuln.offsec.lan","Security":null},"EventData":{"SubjectUserSid":"S-1-5-21-4230534742-2542757381-3142984815-1111","SubjectUserName":"admmig","SubjectDomainName":"OFFSEC","SubjectLogonId":"0x883836e","ObjectType":"File","IpAddress":"10.23.123.11","IpPort":"60296","ShareName":"\\\\*\\C$","ShareLocalPath":"\\??\\C:\\","RelativeTargetName":"Windows\\ServiceProfiles\\ADSync\\AppData\\Local\\Microsoft\\Credentials","AccessMask":"0x1","AccessList":"%%4416\r\n\t\t\t\t","AccessReason":"-"}}}
{"Event_attributes":{"xmlns":"http://schemas.microsoft.com/win/2004/08/events/event"},"Event":{"System":{"Provider_attributes":{"Name":"Microsoft-Windows-Security-Auditing","Guid":"54849625-5478-4994-A5BA-3E3B0328C30D"},"EventID":5145,"Version":0,"Level":0,"Task":12811,"Opcode":0,"Keywords":"0x8020000000000000","TimeCreated_attributes":{"SystemTime":"2021-12-12T11:53:14.631862Z"},"EventRecordID":1165290,"Correlation":null,"Execution_attributes":{"ProcessID":480,"ThreadID":488},"Channel":"Security","Computer":"fs03vuln.offsec.lan","Security":null},"EventData":{"SubjectUserSid":"S-1-5-21-4230534742-2542757381-3142984815-1111","SubjectUserName":"admmig","SubjectDomainName":"OFFSEC","SubjectLogonId":"0x883836e","ObjectType":"File","IpAddress":"10.23.123.11","IpPort":"60296","ShareName":"\\\\*\\C$","ShareLocalPath":"\\??\\C:\\","RelativeTargetName":"Users\\hack1\\AppData\\Roaming\\Microsoft\\Credentials","AccessMask":"0x1","AccessList":"%%4416\r\n\t\t\t\t","AccessReason":"-"}}}
{"Event_attributes":{"xmlns":"http://schemas.microsoft.com/win/2004/08/events/event"},"Event":{"System":{"Provider_attributes":{"Name":"Microsoft-Windows-Security-Auditing","Guid":"54849625-5478-4994-A5BA-3E3B0328C30D"},"EventID":5145,"Version":0,"Level":0,"Task":12811,"Opcode":0,"Keywords":"0x8020000000000000","TimeCreated_attributes":{"SystemTime":"2021-12-12T11:53:14.631862Z"},"EventRecordID":1165292,"Correlation":null,"Execution_attributes":{"ProcessID":480,"ThreadID":488},"Channel":"Security","Computer":"fs03vuln.offsec.lan","Security":null},"EventData":{"SubjectUserSid":"S-1-5-21-4230534742-2542757381-3142984815-1111","SubjectUserName":"admmig","SubjectDomainName":"OFFSEC","SubjectLogonId":"0x883836e","ObjectType":"File","IpAddress":"10.23.123.11","IpPort":"60296","ShareName":"\\\\*\\C$","ShareLocalPath":"\\??\\C:\\","RelativeTargetName":"Users\\hack1\\AppData\\Local\\Microsoft\\Remote Desktop Connection Manager\\RDCMan.settings","AccessMask":"0x1","AccessList":"%%4416\r\n\t\t\t\t","AccessReason":"-"}}}
{"Event_attributes":{"xmlns":"http://schemas.microsoft.com/win/2004/08/events/event"},"Event":{"System":{"Provider_attributes":{"Name":"Microsoft-Windows-Security-Auditing","Guid":"54849625-5478-4994-A5BA-3E3B0328C30D"},"EventID":5145,"Version":0,"Level":0,"Task":12811,"Opcode":0,"Keywords":"0x8020000000000000","TimeCreated_attributes":{"SystemTime":"2021-12-12T11:53:14.631862Z"},"EventRecordID":1165294,"Correlation":null,"Execution_attributes":{"ProcessID":480,"ThreadID":488},"Channel":"Security","Computer":"fs03vuln.offsec.lan","Security":null},"EventData":{"SubjectUserSid":"S-1-5-21-4230534742-2542757381-3142984815-1111","SubjectUserName":"admmig","SubjectDomainName":"OFFSEC","SubjectLogonId":"0x883836e","ObjectType":"File","IpAddress":"10.23.123.11","IpPort":"60296","ShareName":"\\\\*\\C$","ShareLocalPath":"\\??\\C:\\","RelativeTargetName":"Users\\Public\\AppData\\Local\\Microsoft\\Credentials","AccessMask":"0x1","AccessList":"%%4416\r\n\t\t\t\t","AccessReason":"-"}}}
{"Event_attributes":{"xmlns":"http://schemas.microsoft.com/win/2004/08/events/event"},"Event":{"System":{"Provider_attributes":{"Name":"Microsoft-Windows-Security-Auditing","Guid":"54849625-5478-4994-A5BA-3E3B0328C30D"},"EventID":5145,"Version":0,"Level":0,"Task":12811,"Opcode":0,"Keywords":"0x8020000000000000","TimeCreated_attributes":{"SystemTime":"2021-12-12T11:53:14.647490Z"},"EventRecordID":1165296,"Correlation":null,"Execution_attributes":{"ProcessID":480,"ThreadID":488},"Channel":"Security","Computer":"fs03vuln.offsec.lan","Security":null},"EventData":{"SubjectUserSid":"S-1-5-21-4230534742-2542757381-3142984815-1111","SubjectUserName":"admmig","SubjectDomainName":"OFFSEC","SubjectLogonId":"0x883836e","ObjectType":"File","IpAddress":"10.23.123.11","IpPort":"60296","ShareName":"\\\\*\\C$","ShareLocalPath":"\\??\\C:\\","RelativeTargetName":"Windows\\ServiceProfiles\\ADSync\\AppData\\Local\\Microsoft\\Credentials","AccessMask":"0x1","AccessList":"%%4416\r\n\t\t\t\t","AccessReason":"-"}}}
{"Event_attributes":{"xmlns":"http://schemas.microsoft.com/win/2004/08/events/event"},"Event":{"System":{"Provider_attributes":{"Name":"Microsoft-Windows-Security-Auditing","Guid":"54849625-5478-4994-A5BA-3E3B0328C30D"},"EventID":5145,"Version":0,"Level":0,"Task":12811,"Opcode":0,"Keywords":"0x8020000000000000","TimeCreated_attributes":{"SystemTime":"2021-12-12T11:53:14.647490Z"},"EventRecordID":1165298,"Correlation":null,"Execution_attributes":{"ProcessID":480,"ThreadID":488},"Channel":"Security","Computer":"fs03vuln.offsec.lan","Security":null},"EventData":{"SubjectUserSid":"S-1-5-21-4230534742-2542757381-3142984815-1111","SubjectUserName":"admmig","SubjectDomainName":"OFFSEC","SubjectLogonId":"0x883836e","ObjectType":"File","IpAddress":"10.23.123.11","IpPort":"60296","ShareName":"\\\\*\\C$","ShareLocalPath":"\\??\\C:\\","RelativeTargetName":"Users\\Public\\AppData\\Roaming\\Microsoft\\Credentials","AccessMask":"0x1","AccessList":"%%4416\r\n\t\t\t\t","AccessReason":"-"}}}
{"Event_attributes":{"xmlns":"http://schemas.microsoft.com/win/2004/08/events/event"},"Event":{"System":{"Provider_attributes":{"Name":"Microsoft-Windows-Security-Auditing","Guid":"54849625-5478-4994-A5BA-3E3B0328C30D"},"EventID":5145,"Version":0,"Level":0,"Task":12811,"Opcode":0,"Keywords":"0x8020000000000000","TimeCreated_attributes":{"SystemTime":"2021-12-12T11:53:14.647490Z"},"EventRecordID":1165300,"Correlation":null,"Execution_attributes":{"ProcessID":480,"ThreadID":488},"Channel":"Security","Computer":"fs03vuln.offsec.lan","Security":null},"EventData":{"SubjectUserSid":"S-1-5-21-4230534742-2542757381-3142984815-1111","SubjectUserName":"admmig","SubjectDomainName":"OFFSEC","SubjectLogonId":"0x883836e","ObjectType":"File","IpAddress":"10.23.123.11","IpPort":"60296","ShareName":"\\\\*\\C$","ShareLocalPath":"\\??\\C:\\","RelativeTargetName":"Users\\Public\\AppData\\Local\\Microsoft\\Remote Desktop Connection Manager\\RDCMan.settings","AccessMask":"0x1","AccessList":"%%4416\r\n\t\t\t\t","AccessReason":"-"}}}
{"Event_attributes":{"xmlns":"http://schemas.microsoft.com/win/2004/08/events/event"},"Event":{"System":{"Provider_attributes":{"Name":"Microsoft-Windows-Security-Auditing","Guid":"54849625-5478-4994-A5BA-3E3B0328C30D"},"EventID":5145,"Version":0,"Level":0,"Task":12811,"Opcode":0,"Keywords":"0x8020000000000000","TimeCreated_attributes":{"SystemTime":"2021-12-12T11:53:14.663959Z"},"EventRecordID":1165302,"Correlation":null,"Execution_attributes":{"ProcessID":480,"ThreadID":488},"Channel":"Security","Computer":"fs03vuln.offsec.lan","Security":null},"EventData":{"SubjectUserSid":"S-1-5-21-4230534742-2542757381-3142984815-1111","SubjectUserName":"admmig","SubjectDomainName":"OFFSEC","SubjectLogonId":"0x883836e","ObjectType":"File","IpAddress":"10.23.123.11","IpPort":"60296","ShareName":"\\\\*\\C$","ShareLocalPath":"\\??\\C:\\","RelativeTargetName":"Windows\\System32\\config\\systemprofile\\AppData\\Local\\Microsoft\\Credentials","AccessMask":"0x1","AccessList":"%%4416\r\n\t\t\t\t","AccessReason":"-"}}}
{"Event_attributes":{"xmlns":"http://schemas.microsoft.com/win/2004/08/events/event"},"Event":{"System":{"Provider_attributes":{"Name":"Microsoft-Windows-Security-Auditing","Guid":"54849625-5478-4994-A5BA-3E3B0328C30D"},"EventID":5145,"Version":0,"Level":0,"Task":12811,"Opcode":0,"Keywords":"0x8020000000000000","TimeCreated_attributes":{"SystemTime":"2021-12-12T11:53:14.666597Z"},"EventRecordID":1165304,"Correlation":null,"Execution_attributes":{"ProcessID":480,"ThreadID":488},"Channel":"Security","Computer":"fs03vuln.offsec.lan","Security":null},"EventData":{"SubjectUserSid":"S-1-5-21-4230534742-2542757381-3142984815-1111","SubjectUserName":"admmig","SubjectDomainName":"OFFSEC","SubjectLogonId":"0x883836e","ObjectType":"File","IpAddress":"10.23.123.11","IpPort":"60296","ShareName":"\\\\*\\C$","ShareLocalPath":"\\??\\C:\\","RelativeTargetName":"Windows\\ServiceProfiles\\ADSync\\AppData\\Local\\Microsoft\\Credentials","AccessMask":"0x1","AccessList":"%%4416\r\n\t\t\t\t","AccessReason":"-"}}}
{"Event_attributes":{"xmlns":"http://schemas.microsoft.com/win/2004/08/events/event"},"Event":{"System":{"Provider_attributes":{"Name":"Microsoft-Windows-Security-Auditing","Guid":"54849625-5478-4994-A5BA-3E3B0328C30D"},"EventID":5145,"Version":0,"Level":0,"Task":12811,"Opcode":0,"Keywords":"0x8020000000000000","TimeCreated_attributes":{"SystemTime":"2021-12-12T11:53:14.666597Z"},"EventRecordID":1165306,"Correlation":null,"Execution_attributes":{"ProcessID":480,"ThreadID":488},"Channel":"Security","Computer":"fs03vuln.offsec.lan","Security":null},"EventData":{"SubjectUserSid":"S-1-5-21-4230534742-2542757381-3142984815-1111","SubjectUserName":"admmig","SubjectDomainName":"OFFSEC","SubjectLogonId":"0x883836e","ObjectType":"File","IpAddress":"10.23.123.11","IpPort":"60296","ShareName":"\\\\*\\C$","ShareLocalPath":"\\??\\C:\\","RelativeTargetName":"Users\\ADSync\\AppData\\Local\\Microsoft\\Credentials","AccessMask":"0x1","AccessList":"%%4416\r\n\t\t\t\t","AccessReason":"-"}}}
{"Event_attributes":{"xmlns":"http://schemas.microsoft.com/win/2004/08/events/event"},"Event":{"System":{"Provider_attributes":{"Name":"Microsoft-Windows-Security-Auditing","Guid":"54849625-5478-4994-A5BA-3E3B0328C30D"},"EventID":5145,"Version":0,"Level":0,"Task":12811,"Opcode":0,"Keywords":"0x8020000000000000","TimeCreated_attributes":{"SystemTime":"2021-12-12T11:53:14.666597Z"},"EventRecordID":1165308,"Correlation":null,"Execution_attributes":{"ProcessID":480,"ThreadID":488},"Channel":"Security","Computer":"fs03vuln.offsec.lan","Security":null},"EventData":{"SubjectUserSid":"S-1-5-21-4230534742-2542757381-3142984815-1111","SubjectUserName":"admmig","SubjectDomainName":"OFFSEC","SubjectLogonId":"0x883836e","ObjectType":"File","IpAddress":"10.23.123.11","IpPort":"60296","ShareName":"\\\\*\\C$","ShareLocalPath":"\\??\\C:\\","RelativeTargetName":"ProgramData\\Microsoft\\Wlansvc\\Profiles\\Interfaces","AccessMask":"0x1","AccessList":"%%4416\r\n\t\t\t\t","AccessReason":"-"}}}
{"Event_attributes":{"xmlns":"http://schemas.microsoft.com/win/2004/08/events/event"},"Event":{"System":{"Provider_attributes":{"Name":"Microsoft-Windows-Security-Auditing","Guid":"54849625-5478-4994-A5BA-3E3B0328C30D"},"EventID":5145,"Version":0,"Level":0,"Task":12811,"Opcode":0,"Keywords":"0x8020000000000000","TimeCreated_attributes":{"SystemTime":"2021-12-12T11:53:14.682233Z"},"EventRecordID":1165310,"Correlation":null,"Execution_attributes":{"ProcessID":480,"ThreadID":488},"Channel":"Security","Computer":"fs03vuln.offsec.lan","Security":null},"EventData":{"SubjectUserSid":"S-1-5-21-4230534742-2542757381-3142984815-1111","SubjectUserName":"admmig","SubjectDomainName":"OFFSEC","SubjectLogonId":"0x883836e","ObjectType":"File","IpAddress":"10.23.123.11","IpPort":"60296","ShareName":"\\\\*\\C$","ShareLocalPath":"\\??\\C:\\","RelativeTargetName":"Users\\admmig\\AppData\\Local\\Microsoft\\Vault","AccessMask":"0x1","AccessList":"%%4416\r\n\t\t\t\t","AccessReason":"-"}}}
{"Event_attributes":{"xmlns":"http://schemas.microsoft.com/win/2004/08/events/event"},"Event":{"System":{"Provider_attributes":{"Name":"Microsoft-Windows-Security-Auditing","Guid":"54849625-5478-4994-A5BA-3E3B0328C30D"},"EventID":5145,"Version":0,"Level":0,"Task":12811,"Opcode":0,"Keywords":"0x8020000000000000","TimeCreated_attributes":{"SystemTime":"2021-12-12T11:53:14.682233Z"},"EventRecordID":1165312,"Correlation":null,"Execution_attributes":{"ProcessID":480,"ThreadID":488},"Channel":"Security","Computer":"fs03vuln.offsec.lan","Security":null},"EventData":{"SubjectUserSid":"S-1-5-21-4230534742-2542757381-3142984815-1111","SubjectUserName":"admmig","SubjectDomainName":"OFFSEC","SubjectLogonId":"0x883836e","ObjectType":"File","IpAddress":"10.23.123.11","IpPort":"60296","ShareName":"\\\\*\\C$","ShareLocalPath":"\\??\\C:\\","RelativeTargetName":"Users\\admmig\\AppData\\Local\\Microsoft\\Vault\\4BF4C442-9B8A-41A0-B380-DD4A704DDB28\\Policy.vpol","AccessMask":"0x20089","AccessList":"%%1538\r\n\t\t\t\t%%4416\r\n\t\t\t\t%%4419\r\n\t\t\t\t%%4423\r\n\t\t\t\t","AccessReason":"-"}}}
{"Event_attributes":{"xmlns":"http://schemas.microsoft.com/win/2004/08/events/event"},"Event":{"System":{"Provider_attributes":{"Name":"Microsoft-Windows-Security-Auditing","Guid":"54849625-5478-4994-A5BA-3E3B0328C30D"},"EventID":5145,"Version":0,"Level":0,"Task":12811,"Opcode":0,"Keywords":"0x8020000000000000","TimeCreated_attributes":{"SystemTime":"2021-12-12T11:53:14.702724Z"},"EventRecordID":1165314,"Correlation":null,"Execution_attributes":{"ProcessID":480,"ThreadID":488},"Channel":"Security","Computer":"fs03vuln.offsec.lan","Security":null},"EventData":{"SubjectUserSid":"S-1-5-21-4230534742-2542757381-3142984815-1111","SubjectUserName":"admmig","SubjectDomainName":"OFFSEC","SubjectLogonId":"0x883836e","ObjectType":"File","IpAddress":"10.23.123.11","IpPort":"60296","ShareName":"\\\\*\\C$","ShareLocalPath":"\\??\\C:\\","RelativeTargetName":"Users\\admmig\\AppData\\Local\\Microsoft\\Vault\\4BF4C442-9B8A-41A0-B380-DD4A704DDB28","AccessMask":"0x1","AccessList":"%%4416\r\n\t\t\t\t","AccessReason":"-"}}}
{"Event_attributes":{"xmlns":"http://schemas.microsoft.com/win/2004/08/events/event"},"Event":{"System":{"Provider_attributes":{"Name":"Microsoft-Windows-Security-Auditing","Guid":"54849625-5478-4994-A5BA-3E3B0328C30D"},"EventID":5145,"Version":0,"Level":0,"Task":12811,"Opcode":0,"Keywords":"0x8020000000000000","TimeCreated_attributes":{"SystemTime":"2021-12-12T11:53:14.702724Z"},"EventRecordID":1165316,"Correlation":null,"Execution_attributes":{"ProcessID":480,"ThreadID":488},"Channel":"Security","Computer":"fs03vuln.offsec.lan","Security":null},"EventData":{"SubjectUserSid":"S-1-5-21-4230534742-2542757381-3142984815-1111","SubjectUserName":"admmig","SubjectDomainName":"OFFSEC","SubjectLogonId":"0x883836e","ObjectType":"File","IpAddress":"10.23.123.11","IpPort":"60296","ShareName":"\\\\*\\C$","ShareLocalPath":"\\??\\C:\\","RelativeTargetName":"Users\\hack1\\AppData\\Local\\Microsoft\\Vault","AccessMask":"0x1","AccessList":"%%4416\r\n\t\t\t\t","AccessReason":"-"}}}
{"Event_attributes":{"xmlns":"http://schemas.microsoft.com/win/2004/08/events/event"},"Event":{"System":{"Provider_attributes":{"Name":"Microsoft-Windows-Security-Auditing","Guid":"54849625-5478-4994-A5BA-3E3B0328C30D"},"EventID":5145,"Version":0,"Level":0,"Task":12811,"Opcode":0,"Keywords":"0x8020000000000000","TimeCreated_attributes":{"SystemTime":"2021-12-12T11:53:14.702724Z"},"EventRecordID":1165318,"Correlation":null,"Execution_attributes":{"ProcessID":480,"ThreadID":488},"Channel":"Security","Computer":"fs03vuln.offsec.lan","Security":null},"EventData":{"SubjectUserSid":"S-1-5-21-4230534742-2542757381-3142984815-1111","SubjectUserName":"admmig","SubjectDomainName":"OFFSEC","SubjectLogonId":"0x883836e","ObjectType":"File","IpAddress":"10.23.123.11","IpPort":"60296","ShareName":"\\\\*\\C$","ShareLocalPath":"\\??\\C:\\","RelativeTargetName":"ProgramData\\Microsoft\\Vault","AccessMask":"0x1","AccessList":"%%4416\r\n\t\t\t\t","AccessReason":"-"}}}
{"Event_attributes":{"xmlns":"http://schemas.microsoft.com/win/2004/08/events/event"},"Event":{"System":{"Provider_attributes":{"Name":"Microsoft-Windows-Security-Auditing","Guid":"54849625-5478-4994-A5BA-3E3B0328C30D"},"EventID":5145,"Version":0,"Level":0,"Task":12811,"Opcode":0,"Keywords":"0x8020000000000000","TimeCreated_attributes":{"SystemTime":"2021-12-12T11:53:14.718370Z"},"EventRecordID":1165320,"Correlation":null,"Execution_attributes":{"ProcessID":480,"ThreadID":488},"Channel":"Security","Computer":"fs03vuln.offsec.lan","Security":null},"EventData":{"SubjectUserSid":"S-1-5-21-4230534742-2542757381-3142984815-1111","SubjectUserName":"admmig","SubjectDomainName":"OFFSEC","SubjectLogonId":"0x883836e","ObjectType":"File","IpAddress":"10.23.123.11","IpPort":"60296","ShareName":"\\\\*\\C$","ShareLocalPath":"\\??\\C:\\","RelativeTargetName":"ProgramData\\Microsoft\\Vault\\AC658CB4-9126-49BD-B877-31EEDAB3F204\\Policy.vpol","AccessMask":"0x20089","AccessList":"%%1538\r\n\t\t\t\t%%4416\r\n\t\t\t\t%%4419\r\n\t\t\t\t%%4423\r\n\t\t\t\t","AccessReason":"-"}}}
{"Event_attributes":{"xmlns":"http://schemas.microsoft.com/win/2004/08/events/event"},"Event":{"System":{"Provider_attributes":{"Name":"Microsoft-Windows-Security-Auditing","Guid":"54849625-5478-4994-A5BA-3E3B0328C30D"},"EventID":5145,"Version":0,"Level":0,"Task":12811,"Opcode":0,"Keywords":"0x8020000000000000","TimeCreated_attributes":{"SystemTime":"2021-12-12T11:53:15.562117Z"},"EventRecordID":1165322,"Correlation":null,"Execution_attributes":{"ProcessID":480,"ThreadID":488},"Channel":"Security","Computer":"fs03vuln.offsec.lan","Security":null},"EventData":{"SubjectUserSid":"S-1-5-21-4230534742-2542757381-3142984815-1111","SubjectUserName":"admmig","SubjectDomainName":"OFFSEC","SubjectLogonId":"0x883836e","ObjectType":"File","IpAddress":"10.23.123.11","IpPort":"60296","ShareName":"\\\\*\\C$","ShareLocalPath":"\\??\\C:\\","RelativeTargetName":"ProgramData\\Microsoft\\Vault\\AC658CB4-9126-49BD-B877-31EEDAB3F204","AccessMask":"0x1","AccessList":"%%4416\r\n\t\t\t\t","AccessReason":"-"}}}
{"Event_attributes":{"xmlns":"http://schemas.microsoft.com/win/2004/08/events/event"},"Event":{"System":{"Provider_attributes":{"Name":"Microsoft-Windows-Security-Auditing","Guid":"54849625-5478-4994-A5BA-3E3B0328C30D"},"EventID":5145,"Version":0,"Level":0,"Task":12811,"Opcode":0,"Keywords":"0x8020000000000000","TimeCreated_attributes":{"SystemTime":"2021-12-12T11:53:15.577748Z"},"EventRecordID":1165324,"Correlation":null,"Execution_attributes":{"ProcessID":480,"ThreadID":488},"Channel":"Security","Computer":"fs03vuln.offsec.lan","Security":null},"EventData":{"SubjectUserSid":"S-1-5-21-4230534742-2542757381-3142984815-1111","SubjectUserName":"admmig","SubjectDomainName":"OFFSEC","SubjectLogonId":"0x883836e","ObjectType":"File","IpAddress":"10.23.123.11","IpPort":"60296","ShareName":"\\\\*\\C$","ShareLocalPath":"\\??\\C:\\","RelativeTargetName":"ProgramData\\Microsoft\\Vault\\AC658CB4-9126-49BD-B877-31EEDAB3F204\\154E23D0-C644-4E6F-8CE6-5069272F999F.vsch","AccessMask":"0x20089","AccessList":"%%1538\r\n\t\t\t\t%%4416\r\n\t\t\t\t%%4419\r\n\t\t\t\t%%4423\r\n\t\t\t\t","AccessReason":"-"}}}
{"Event_attributes":{"xmlns":"http://schemas.microsoft.com/win/2004/08/events/event"},"Event":{"System":{"Provider_attributes":{"Name":"Microsoft-Windows-Security-Auditing","Guid":"54849625-5478-4994-A5BA-3E3B0328C30D"},"EventID":5145,"Version":0,"Level":0,"Task":12811,"Opcode":0,"Keywords":"0x8020000000000000","TimeCreated_attributes":{"SystemTime":"2021-12-12T11:53:15.593371Z"},"EventRecordID":1165326,"Correlation":null,"Execution_attributes":{"ProcessID":480,"ThreadID":488},"Channel":"Security","Computer":"fs03vuln.offsec.lan","Security":null},"EventData":{"SubjectUserSid":"S-1-5-21-4230534742-2542757381-3142984815-1111","SubjectUserName":"admmig","SubjectDomainName":"OFFSEC","SubjectLogonId":"0x883836e","ObjectType":"File","IpAddress":"10.23.123.11","IpPort":"60296","ShareName":"\\\\*\\C$","ShareLocalPath":"\\??\\C:\\","RelativeTargetName":"ProgramData\\Microsoft\\Vault\\AC658CB4-9126-49BD-B877-31EEDAB3F204\\2F1A6504-0641-44CF-8BB5-3612D865F2E5.vsch","AccessMask":"0x20089","AccessList":"%%1538\r\n\t\t\t\t%%4416\r\n\t\t\t\t%%4419\r\n\t\t\t\t%%4423\r\n\t\t\t\t","AccessReason":"-"}}}
{"Event_attributes":{"xmlns":"http://schemas.microsoft.com/win/2004/08/events/event"},"Event":{"System":{"Provider_attributes":{"Name":"Microsoft-Windows-Security-Auditing","Guid":"54849625-5478-4994-A5BA-3E3B0328C30D"},"EventID":5145,"Version":0,"Level":0,"Task":12811,"Opcode":0,"Keywords":"0x8020000000000000","TimeCreated_attributes":{"SystemTime":"2021-12-12T11:53:15.593371Z"},"EventRecordID":1165328,"Correlation":null,"Execution_attributes":{"ProcessID":480,"ThreadID":488},"Channel":"Security","Computer":"fs03vuln.offsec.lan","Security":null},"EventData":{"SubjectUserSid":"S-1-5-21-4230534742-2542757381-3142984815-1111","SubjectUserName":"admmig","SubjectDomainName":"OFFSEC","SubjectLogonId":"0x883836e","ObjectType":"File","IpAddress":"10.23.123.11","IpPort":"60296","ShareName":"\\\\*\\C$","ShareLocalPath":"\\??\\C:\\","RelativeTargetName":"ProgramData\\Microsoft\\Vault\\AC658CB4-9126-49BD-B877-31EEDAB3F204\\3CCD5499-87A8-4B10-A215-608888DD3B55.vsch","AccessMask":"0x20089","AccessList":"%%1538\r\n\t\t\t\t%%4416\r\n\t\t\t\t%%4419\r\n\t\t\t\t%%4423\r\n\t\t\t\t","AccessReason":"-"}}}
{"Event_attributes":{"xmlns":"http://schemas.microsoft.com/win/2004/08/events/event"},"Event":{"System":{"Provider_attributes":{"Name":"Microsoft-Windows-Security-Auditing","Guid":"54849625-5478-4994-A5BA-3E3B0328C30D"},"EventID":5145,"Version":0,"Level":0,"Task":12811,"Opcode":0,"Keywords":"0x8020000000000000","TimeCreated_attributes":{"SystemTime":"2021-12-12T11:53:15.608997Z"},"EventRecordID":1165330,"Correlation":null,"Execution_attributes":{"ProcessID":480,"ThreadID":488},"Channel":"Security","Computer":"fs03vuln.offsec.lan","Security":null},"EventData":{"SubjectUserSid":"S-1-5-21-4230534742-2542757381-3142984815-1111","SubjectUserName":"admmig","SubjectDomainName":"OFFSEC","SubjectLogonId":"0x883836e","ObjectType":"File","IpAddress":"10.23.123.11","IpPort":"60296","ShareName":"\\\\*\\C$","ShareLocalPath":"\\??\\C:\\","RelativeTargetName":"Windows\\system32\\config\\systemprofile\\AppData\\Local\\Microsoft\\Vault","AccessMask":"0x1","AccessList":"%%4416\r\n\t\t\t\t","AccessReason":"-"}}}
{"Event_attributes":{"xmlns":"http://schemas.microsoft.com/win/2004/08/events/event"},"Event":{"System":{"Provider_attributes":{"Name":"Microsoft-Windows-Security-Auditing","Guid":"54849625-5478-4994-A5BA-3E3B0328C30D"},"EventID":5145,"Version":0,"Level":0,"Task":12811,"Opcode":0,"Keywords":"0x8020000000000000","TimeCreated_attributes":{"SystemTime":"2021-12-12T11:53:15.608997Z"},"EventRecordID":1165332,"Correlation":null,"Execution_attributes":{"ProcessID":480,"ThreadID":488},"Channel":"Security","Computer":"fs03vuln.offsec.lan","Security":null},"EventData":{"SubjectUserSid":"S-1-5-21-4230534742-2542757381-3142984815-1111","SubjectUserName":"admmig","SubjectDomainName":"OFFSEC","SubjectLogonId":"0x883836e","ObjectType":"File","IpAddress":"10.23.123.11","IpPort":"60296","ShareName":"\\\\*\\C$","ShareLocalPath":"\\??\\C:\\","RelativeTargetName":"Users\\Administrator\\AppData\\Local\\Google\\Chrome\\User Data","AccessMask":"0x1","AccessList":"%%4416\r\n\t\t\t\t","AccessReason":"-"}}}
{"Event_attributes":{"xmlns":"http://schemas.microsoft.com/win/2004/08/events/event"},"Event":{"System":{"Provider_attributes":{"Name":"Microsoft-Windows-Security-Auditing","Guid":"54849625-5478-4994-A5BA-3E3B0328C30D"},"EventID":5145,"Version":0,"Level":0,"Task":12811,"Opcode":0,"Keywords":"0x8020000000000000","TimeCreated_attributes":{"SystemTime":"2021-12-12T11:53:15.624622Z"},"EventRecordID":1165334,"Correlation":null,"Execution_attributes":{"ProcessID":480,"ThreadID":488},"Channel":"Security","Computer":"fs03vuln.offsec.lan","Security":null},"EventData":{"SubjectUserSid":"S-1-5-21-4230534742-2542757381-3142984815-1111","SubjectUserName":"admmig","SubjectDomainName":"OFFSEC","SubjectLogonId":"0x883836e","ObjectType":"File","IpAddress":"10.23.123.11","IpPort":"60296","ShareName":"\\\\*\\C$","ShareLocalPath":"\\??\\C:\\","RelativeTargetName":"Users\\Administrator\\AppData\\Local\\Google\\Chrome\\User Data\\Default","AccessMask":"0x1","AccessList":"%%4416\r\n\t\t\t\t","AccessReason":"-"}}}
{"Event_attributes":{"xmlns":"http://schemas.microsoft.com/win/2004/08/events/event"},"Event":{"System":{"Provider_attributes":{"Name":"Microsoft-Windows-Security-Auditing","Guid":"54849625-5478-4994-A5BA-3E3B0328C30D"},"EventID":5145,"Version":0,"Level":0,"Task":12811,"Opcode":0,"Keywords":"0x8020000000000000","TimeCreated_attributes":{"SystemTime":"2021-12-12T11:53:15.624622Z"},"EventRecordID":1165336,"Correlation":null,"Execution_attributes":{"ProcessID":480,"ThreadID":488},"Channel":"Security","Computer":"fs03vuln.offsec.lan","Security":null},"EventData":{"SubjectUserSid":"S-1-5-21-4230534742-2542757381-3142984815-1111","SubjectUserName":"admmig","SubjectDomainName":"OFFSEC","SubjectLogonId":"0x883836e","ObjectType":"File","IpAddress":"10.23.123.11","IpPort":"60296","ShareName":"\\\\*\\C$","ShareLocalPath":"\\??\\C:\\","RelativeTargetName":"Users\\Administrator\\AppData\\Local\\Google\\Chrome\\User Data\\Default","AccessMask":"0x1","AccessList":"%%4416\r\n\t\t\t\t","AccessReason":"-"}}}
{"Event_attributes":{"xmlns":"http://schemas.microsoft.com/win/2004/08/events/event"},"Event":{"System":{"Provider_attributes":{"Name":"Microsoft-Windows-Security-Auditing","Guid":"54849625-5478-4994-A5BA-3E3B0328C30D"},"EventID":5145,"Version":0,"Level":0,"Task":12811,"Opcode":0,"Keywords":"0x8020000000000000","TimeCreated_attributes":{"SystemTime":"2021-12-12T11:53:15.640493Z"},"EventRecordID":1165338,"Correlation":null,"Execution_attributes":{"ProcessID":480,"ThreadID":488},"Channel":"Security","Computer":"fs03vuln.offsec.lan","Security":null},"EventData":{"SubjectUserSid":"S-1-5-21-4230534742-2542757381-3142984815-1111","SubjectUserName":"admmig","SubjectDomainName":"OFFSEC","SubjectLogonId":"0x883836e","ObjectType":"File","IpAddress":"10.23.123.11","IpPort":"60296","ShareName":"\\\\*\\C$","ShareLocalPath":"\\??\\C:\\","RelativeTargetName":"Users\\admmig\\AppData\\Local\\Google\\Chrome\\User Data","AccessMask":"0x1","AccessList":"%%4416\r\n\t\t\t\t","AccessReason":"-"}}}
{"Event_attributes":{"xmlns":"http://schemas.microsoft.com/win/2004/08/events/event"},"Event":{"System":{"Provider_attributes":{"Name":"Microsoft-Windows-Security-Auditing","Guid":"54849625-5478-4994-A5BA-3E3B0328C30D"},"EventID":5145,"Version":0,"Level":0,"Task":12811,"Opcode":0,"Keywords":"0x8020000000000000","TimeCreated_attributes":{"SystemTime":"2021-12-12T11:53:15.642573Z"},"EventRecordID":1165340,"Correlation":null,"Execution_attributes":{"ProcessID":480,"ThreadID":488},"Channel":"Security","Computer":"fs03vuln.offsec.lan","Security":null},"EventData":{"SubjectUserSid":"S-1-5-21-4230534742-2542757381-3142984815-1111","SubjectUserName":"admmig","SubjectDomainName":"OFFSEC","SubjectLogonId":"0x883836e","ObjectType":"File","IpAddress":"10.23.123.11","IpPort":"60296","ShareName":"\\\\*\\C$","ShareLocalPath":"\\??\\C:\\","RelativeTargetName":"Users\\admmig\\AppData\\Local\\Google\\Chrome\\User Data\\Default","AccessMask":"0x1","AccessList":"%%4416\r\n\t\t\t\t","AccessReason":"-"}}}
{"Event_attributes":{"xmlns":"http://schemas.microsoft.com/win/2004/08/events/event"},"Event":{"System":{"Provider_attributes":{"Name":"Microsoft-Windows-Security-Auditing","Guid":"54849625-5478-4994-A5BA-3E3B0328C30D"},"EventID":5145,"Version":0,"Level":0,"Task":12811,"Opcode":0,"Keywords":"0x8020000000000000","TimeCreated_attributes":{"SystemTime":"2021-12-12T11:53:15.642573Z"},"EventRecordID":1165342,"Correlation":null,"Execution_attributes":{"ProcessID":480,"ThreadID":488},"Channel":"Security","Computer":"fs03vuln.offsec.lan","Security":null},"EventData":{"SubjectUserSid":"S-1-5-21-4230534742-2542757381-3142984815-1111","SubjectUserName":"admmig","SubjectDomainName":"OFFSEC","SubjectLogonId":"0x883836e","ObjectType":"File","IpAddress":"10.23.123.11","IpPort":"60296","ShareName":"\\\\*\\C$","ShareLocalPath":"\\??\\C:\\","RelativeTargetName":"Users\\admmig\\AppData\\Local\\Google\\Chrome\\User Data\\Default","AccessMask":"0x1","AccessList":"%%4416\r\n\t\t\t\t","AccessReason":"-"}}}
{"Event_attributes":{"xmlns":"http://schemas.microsoft.com/win/2004/08/events/event"},"Event":{"System":{"Provider_attributes":{"Name":"Microsoft-Windows-Security-Auditing","Guid":"54849625-5478-4994-A5BA-3E3B0328C30D"},"EventID":5145,"Version":0,"Level":0,"Task":12811,"Opcode":0,"Keywords":"0x8020000000000000","TimeCreated_attributes":{"SystemTime":"2021-12-12T11:53:15.658210Z"},"EventRecordID":1165344,"Correlation":null,"Execution_attributes":{"ProcessID":480,"ThreadID":488},"Channel":"Security","Computer":"fs03vuln.offsec.lan","Security":null},"EventData":{"SubjectUserSid":"S-1-5-21-4230534742-2542757381-3142984815-1111","SubjectUserName":"admmig","SubjectDomainName":"OFFSEC","SubjectLogonId":"0x883836e","ObjectType":"File","IpAddress":"10.23.123.11","IpPort":"60296","ShareName":"\\\\*\\C$","ShareLocalPath":"\\??\\C:\\","RelativeTargetName":"Users\\All Users\\AppData\\Local\\Google\\Chrome\\User Data","AccessMask":"0x1","AccessList":"%%4416\r\n\t\t\t\t","AccessReason":"-"}}}
{"Event_attributes":{"xmlns":"http://schemas.microsoft.com/win/2004/08/events/event"},"Event":{"System":{"Provider_attributes":{"Name":"Microsoft-Windows-Security-Auditing","Guid":"54849625-5478-4994-A5BA-3E3B0328C30D"},"EventID":5145,"Version":0,"Level":0,"Task":12811,"Opcode":0,"Keywords":"0x8020000000000000","TimeCreated_attributes":{"SystemTime":"2021-12-12T11:53:15.658210Z"},"EventRecordID":1165346,"Correlation":null,"Execution_attributes":{"ProcessID":480,"ThreadID":488},"Channel":"Security","Computer":"fs03vuln.offsec.lan","Security":null},"EventData":{"SubjectUserSid":"S-1-5-21-4230534742-2542757381-3142984815-1111","SubjectUserName":"admmig","SubjectDomainName":"OFFSEC","SubjectLogonId":"0x883836e","ObjectType":"File","IpAddress":"10.23.123.11","IpPort":"60296","ShareName":"\\\\*\\C$","ShareLocalPath":"\\??\\C:\\","RelativeTargetName":"Users\\All Users\\AppData\\Local\\Google\\Chrome\\User Data\\Default","AccessMask":"0x1","AccessList":"%%4416\r\n\t\t\t\t","AccessReason":"-"}}}
{"Event_attributes":{"xmlns":"http://schemas.microsoft.com/win/2004/08/events/event"},"Event":{"System":{"Provider_attributes":{"Name":"Microsoft-Windows-Security-Auditing","Guid":"54849625-5478-4994-A5BA-3E3B0328C30D"},"EventID":5145,"Version":0,"Level":0,"Task":12811,"Opcode":0,"Keywords":"0x8020000000000000","TimeCreated_attributes":{"SystemTime":"2021-12-12T11:53:15.658210Z"},"EventRecordID":1165348,"Correlation":null,"Execution_attributes":{"ProcessID":480,"ThreadID":488},"Channel":"Security","Computer":"fs03vuln.offsec.lan","Security":null},"EventData":{"SubjectUserSid":"S-1-5-21-4230534742-2542757381-3142984815-1111","SubjectUserName":"admmig","SubjectDomainName":"OFFSEC","SubjectLogonId":"0x883836e","ObjectType":"File","IpAddress":"10.23.123.11","IpPort":"60296","ShareName":"\\\\*\\C$","ShareLocalPath":"\\??\\C:\\","RelativeTargetName":"Users\\All Users\\AppData\\Local\\Google\\Chrome\\User Data\\Default","AccessMask":"0x1","AccessList":"%%4416\r\n\t\t\t\t","AccessReason":"-"}}}
{"Event_attributes":{"xmlns":"http://schemas.microsoft.com/win/2004/08/events/event"},"Event":{"System":{"Provider_attributes":{"Name":"Microsoft-Windows-Security-Auditing","Guid":"54849625-5478-4994-A5BA-3E3B0328C30D"},"EventID":5145,"Version":0,"Level":0,"Task":12811,"Opcode":0,"Keywords":"0x8020000000000000","TimeCreated_attributes":{"SystemTime":"2021-12-12T11:53:15.673842Z"},"EventRecordID":1165350,"Correlation":null,"Execution_attributes":{"ProcessID":480,"ThreadID":488},"Channel":"Security","Computer":"fs03vuln.offsec.lan","Security":null},"EventData":{"SubjectUserSid":"S-1-5-21-4230534742-2542757381-3142984815-1111","SubjectUserName":"admmig","SubjectDomainName":"OFFSEC","SubjectLogonId":"0x883836e","ObjectType":"File","IpAddress":"10.23.123.11","IpPort":"60296","ShareName":"\\\\*\\C$","ShareLocalPath":"\\??\\C:\\","RelativeTargetName":"Users\\Default\\AppData\\Local\\Google\\Chrome\\User Data","AccessMask":"0x1","AccessList":"%%4416\r\n\t\t\t\t","AccessReason":"-"}}}
{"Event_attributes":{"xmlns":"http://schemas.microsoft.com/win/2004/08/events/event"},"Event":{"System":{"Provider_attributes":{"Name":"Microsoft-Windows-Security-Auditing","Guid":"54849625-5478-4994-A5BA-3E3B0328C30D"},"EventID":5145,"Version":0,"Level":0,"Task":12811,"Opcode":0,"Keywords":"0x8020000000000000","TimeCreated_attributes":{"SystemTime":"2021-12-12T11:53:15.673842Z"},"EventRecordID":1165352,"Correlation":null,"Execution_attributes":{"ProcessID":480,"ThreadID":488},"Channel":"Security","Computer":"fs03vuln.offsec.lan","Security":null},"EventData":{"SubjectUserSid":"S-1-5-21-4230534742-2542757381-3142984815-1111","SubjectUserName":"admmig","SubjectDomainName":"OFFSEC","SubjectLogonId":"0x883836e","ObjectType":"File","IpAddress":"10.23.123.11","IpPort":"60296","ShareName":"\\\\*\\C$","ShareLocalPath":"\\??\\C:\\","RelativeTargetName":"Users\\Default\\AppData\\Local\\Google\\Chrome\\User Data\\Default","AccessMask":"0x1","AccessList":"%%4416\r\n\t\t\t\t","AccessReason":"-"}}}
