{"Event_attributes":{"xmlns":"http://schemas.microsoft.com/win/2004/08/events/event"},"Event":{"System":{"Provider_attributes":{"Name":"Microsoft-Windows-Security-Auditing","Guid":"54849625-5478-4994-A5BA-3E3B0328C30D"},"EventID":5145,"Version":0,"Level":0,"Task":12811,"Opcode":0,"Keywords":"0x8020000000000000","TimeCreated_attributes":{"SystemTime":"2021-12-12T11:53:07.652218Z"},"EventRecordID":1165140,"Correlation":null,"Execution_attributes":{"ProcessID":480,"ThreadID":488},"Channel":"Security","Computer":"fs03vuln.offsec.lan","Security":null},"EventData":{"SubjectUserSid":"S-1-5-21-4230534742-2542757381-3142984815-1111","SubjectUserName":"admmig","SubjectDomainName":"OFFSEC","SubjectLogonId":"0x883836e","ObjectType":"File","IpAddress":"10.23.123.11","IpPort":"60296","ShareName":"\\\\*\\IPC$","ShareLocalPath":"","RelativeTargetName":"srvsvc","AccessMask":"0x83","AccessList":"%%4416\r\n\t\t\t\t%%4417\r\n\t\t\t\t%%4423\r\n\t\t\t\t","AccessReason":"-"}}}
{"Event_attributes":{"xmlns":"http://schemas.microsoft.com/win/2004/08/events/event"},"Event":{"System":{"Provider_attributes":{"Name":"Microsoft-Windows-Security-Auditing","Guid":"54849625-5478-4994-A5BA-3E3B0328C30D"},"EventID":5145,"Version":0,"Level":0,"Task":12811,"Opcode":0,"Keywords":"0x8020000000000000","TimeCreated_attributes":{"SystemTime":"2021-12-12T11:53:07.675219Z"},"EventRecordID":1165142,"Correlation":null,"Execution_attributes":{"ProcessID":480,"ThreadID":488},"Channel":"Security","Computer":"fs03vuln.offsec.lan","Security":null},"EventData":{"SubjectUserSid":"S-1-5-21-4230534742-2542757381-3142984815-1111","SubjectUserName":"admmig","SubjectDomainName":"OFFSEC","SubjectLogonId":"0x883836e","ObjectType":"File","IpAddress":"10.23.123.11","IpPort":"60296","ShareName":"\\\\*\\IPC$","ShareLocalPath":"","RelativeTargetName":"srvsvc","AccessMask":"0x83","AccessList":"%%4416\r\n\t\t\t\t%%4417\r\n\t\t\t\t%%4423\r\n\t\t\t\t","AccessReason":"-"}}}
{"Event_attributes":{"xmlns":"http://schemas.microsoft.com/win/2004/08/events/event"},"Event":{"System":{"Provider_attributes":{"Name":"Microsoft-Windows-Security-Auditing","Guid":"54849625-5478-4994-A5BA-3E3B0328C30D"},"EventID":5145,"Version":0,"Level":0,"Task":12811,"Opcode":0,"Keywords":"0x8020000000000000","TimeCreated_attributes":{"SystemTime":"2021-12-12T11:53:07.690875Z"},"EventRecordID":1165145,"Correlation":null,"Execution_attributes":{"ProcessID":480,"ThreadID":488},"Channel":"Security","Computer":"fs03vuln.offsec.lan","Security":null},"EventData":{"SubjectUserSid":"S-1-5-21-4230534742-2542757381-3142984815-1111","SubjectUserName":"admmig","SubjectDomainName":"OFFSEC","SubjectLogonId":"0x883836e","ObjectType":"File","IpAddress":"10.23.123.11","IpPort":"60296","ShareName":"\\\\*\\C$","ShareLocalPath":"\\??\\C:\\","RelativeTargetName":"\\","AccessMask":"0x1","AccessList":"%%4416\r\n\t\t\t\t","AccessReason":"-"}}}
{"Event_attributes":{"xmlns":"http://schemas.microsoft.com/win/2004/08/events/event"},"Event":{"System":{"Provider_attributes":{"Name":"Microsoft-Windows-Security-Auditing","Guid":"54849625-5478-4994-A5BA-3E3B0328C30D"},"EventID":5145,"Version":0,"Level":0,"Task":12811,"Opcode":0,"Keywords":"0x8020000000000000","TimeCreated_attributes":{"SystemTime":"2021-12-12T11:53:07.706480Z"},"EventRecordID":1165147,"Correlation":null,"Execution_attributes":{"ProcessID":480,"ThreadID":488},"Channel":"Security","Computer":"fs03vuln.offsec.lan","Security":null},"EventData":{"SubjectUserSid":"S-1-5-21-4230534742-2542757381-3142984815-1111","SubjectUserName":"admmig","SubjectDomainName":"OFFSEC","SubjectLogonId":"0x883836e","ObjectType":"File","IpAddress":"10.23.123.11","IpPort":"60296","ShareName":"\\\\*\\C$","ShareLocalPath":"\\??\\C:\\","RelativeTargetName":"Users","AccessMask":"0x1","AccessList":"%%4416\r\n\t\t\t\t","AccessReason":"-"}}}
{"Event_attributes":{"xmlns":"http://schemas.microsoft.com/win/2004/08/events/event"},"Event":{"System":{"Provider_attributes":{"Name":"Microsoft-Windows-Security-Auditing","Guid":"54849625-5478-4994-A5BA-3E3B0328C30D"},"EventID":5145,"Version":0,"Level":0,"Task":12811,"Opcode":0,"Keywords":"0x8020000000000000","TimeCreated_attributes":{"SystemTime":"2021-12-12T11:53:07.706480Z"},"EventRecordID":1165149,"Correlation":null,"Execution_attributes":{"ProcessID":480,"ThreadID":488},"Channel":"Security","Computer":"fs03vuln.offsec.lan","Security":null},"EventData":{"SubjectUserSid":"S-1-5-21-4230534742-2542757381-3142984815-1111","SubjectUserName":"admmig","SubjectDomainName":"OFFSEC","SubjectLogonId":"0x883836e","ObjectType":"File","IpAddress":"10.23.123.11","IpPort":"60296","ShareName":"\\\\*\\IPC$","ShareLocalPath":"","RelativeTargetName":"svcctl","AccessMask":"0x83","AccessList":"%%4416\r\n\t\t\t\t%%4417\r\n\t\t\t\t%%4423\r\n\t\t\t\t","AccessReason":"-"}}}
{"Event_attributes":{"xmlns":"http://schemas.microsoft.com/win/2004/08/events/event"},"Event":{"System":{"Provider_attributes":{"Name":"Microsoft-Windows-Security-Auditing","Guid":"54849625-5478-4994-A5BA-3E3B0328C30D"},"EventID":5145,"Version":0,"Level":0,"Task":12811,"Opcode":0,"Keywords":"0x8020000000000000","TimeCreated_attributes":{"SystemTime":"2021-12-12T11:53:08.759314Z"},"EventRecordID":1165152,"Correlation":null,"Execution_attributes":{"ProcessID":480,"ThreadID":488},"Channel":"Security","Computer":"fs03vuln.offsec.lan","Security":null},"EventData":{"SubjectUserSid":"S-1-5-21-4230534742-2542757381-3142984815-1111","SubjectUserName":"admmig","SubjectDomainName":"OFFSEC","SubjectLogonId":"0x883836e","ObjectType":"File","IpAddress":"10.23.123.11","IpPort":"60296","ShareName":"\\\\*\\IPC$","ShareLocalPath":"","RelativeTargetName":"winreg","AccessMask":"0x83","AccessList":"%%4416\r\n\t\t\t\t%%4417\r\n\t\t\t\t%%4423\r\n\t\t\t\t","AccessReason":"-"}}}
{"Event_attributes":{"xmlns":"http://schemas.microsoft.com/win/2004/08/events/event"},"Event":{"System":{"Provider_attributes":{"Name":"Microsoft-Windows-Security-Auditing","Guid":"54849625-5478-4994-A5BA-3E3B0328C30D"},"EventID":5145,"Version":0,"Level":0,"Task":12811,"Opcode":0,"Keywords":"0x8020000000000000","TimeCreated_attributes":{"SystemTime":"2021-12-12T11:53:08.857209Z"},"EventRecordID":1165154,"Correlation":null,"Execution_attributes":{"ProcessID":480,"ThreadID":488},"Channel":"Security","Computer":"fs03vuln.offsec.lan","Security":null},"EventData":{"SubjectUserSid":"S-1-5-21-4230534742-2542757381-3142984815-1111","SubjectUserName":"admmig","SubjectDomainName":"OFFSEC","SubjectLogonId":"0x883836e","ObjectType":"File","IpAddress":"10.23.123.11","IpPort":"60296","ShareName":"\\\\*\\ADMIN$","ShareLocalPath":"\\??\\C:\\Windows","RelativeTargetName":"SYSTEM32\\oyCCGQai.tmp","AccessMask":"0x81","AccessList":"%%4416\r\n\t\t\t\t%%4423\r\n\t\t\t\t","AccessReason":"-"}}}
{"Event_attributes":{"xmlns":"http://schemas.microsoft.com/win/2004/08/events/event"},"Event":{"System":{"Provider_attributes":{"Name":"Microsoft-Windows-Security-Auditing","Guid":"54849625-5478-4994-A5BA-3E3B0328C30D"},"EventID":5145,"Version":0,"Level":0,"Task":12811,"Opcode":0,"Keywords":"0x8020000000000000","TimeCreated_attributes":{"SystemTime":"2021-12-12T11:53:11.310211Z"},"EventRecordID":1165174,"Correlation":null,"Execution_attributes":{"ProcessID":480,"ThreadID":488},"Channel":"Security","Computer":"fs03vuln.offsec.lan","Security":null},"EventData":{"SubjectUserSid":"S-1-5-21-4230534742-2542757381-3142984815-1111","SubjectUserName":"admmig","SubjectDomainName":"OFFSEC","SubjectLogonId":"0x883836e","ObjectType":"File","IpAddress":"10.23.123.11","IpPort":"60296","ShareName":"\\\\*\\ADMIN$","ShareLocalPath":"\\??\\C:\\Windows","RelativeTargetName":"SYSTEM32\\AqdQWnLE.tmp","AccessMask":"0x81","AccessList":"%%4416\r\n\t\t\t\t%%4423\r\n\t\t\t\t","AccessReason":"-"}}}
{"Event_attributes":{"xmlns":"http://schemas.microsoft.com/win/2004/08/events/event"},"Event":{"System":{"Provider_attributes":{"Name":"Microsoft-Windows-Security-Auditing","Guid":"54849625-5478-4994-A5BA-3E3B0328C30D"},"EventID":5145,"Version":0,"Level":0,"Task":12811,"Opcode":0,"Keywords":"0x8020000000000000","TimeCreated_attributes":{"SystemTime":"2021-12-12T11:53:11.601455Z"},"EventRecordID":1165176,"Correlation":null,"Execution_attributes":{"ProcessID":480,"ThreadID":488},"Channel":"Security","Computer":"fs03vuln.offsec.lan","Security":null},"EventData":{"SubjectUserSid":"S-1-5-21-4230534742-2542757381-3142984815-1111","SubjectUserName":"admmig","SubjectDomainName":"OFFSEC","SubjectLogonId":"0x883836e","ObjectType":"File","IpAddress":"10.23.123.11","IpPort":"60296","ShareName":"\\\\*\\C$","ShareLocalPath":"\\??\\C:\\","RelativeTargetName":"Users\\Administrator\\AppData\\Roaming\\Microsoft\\Protect","AccessMask":"0x1","AccessList":"%%4416\r\n\t\t\t\t","AccessReason":"-"}}}
{"Event_attributes":{"xmlns":"http://schemas.microsoft.com/win/2004/08/events/event"},"Event":{"System":{"Provider_attributes":{"Name":"Microsoft-Windows-Security-Auditing","Guid":"54849625-5478-4994-A5BA-3E3B0328C30D"},"EventID":5145,"Version":0,"Level":0,"Task":12811,"Opcode":0,"Keywords":"0x8020000000000000","TimeCreated_attributes":{"SystemTime":"2021-12-12T11:53:11.617058Z"},"EventRecordID":1165178,"Correlation":null,"Execution_attributes":{"ProcessID":480,"ThreadID":488},"Channel":"Security","Computer":"fs03vuln.offsec.lan","Security":null},"EventData":{"SubjectUserSid":"S-1-5-21-4230534742-2542757381-3142984815-1111","SubjectUserName":"admmig","SubjectDomainName":"OFFSEC","SubjectLogonId":"0x883836e","ObjectType":"File","IpAddress":"10.23.123.11","IpPort":"60296","ShareName":"\\\\*\\C$","ShareLocalPath":"\\??\\C:\\","RelativeTargetName":"Users\\admmig\\AppData\\Roaming\\Microsoft\\Protect","AccessMask":"0x1","AccessList":"%%4416\r\n\t\t\t\t","AccessReason":"-"}}}
{"Event_attributes":{"xmlns":"http://schemas.microsoft.com/win/2004/08/events/event"},"Event":{"System":{"Provider_attributes":{"Name":"Microsoft-Windows-Security-Auditing","Guid":"54849625-5478-4994-A5BA-3E3B0328C30D"},"EventID":5145,"Version":0,"Level":0,"Task":12811,"Opcode":0,"Keywords":"0x8020000000000000","TimeCreated_attributes":{"SystemTime":"2021-12-12T11:53:11.617058Z"},"EventRecordID":1165180,"Correlation":null,"Execution_attributes":{"ProcessID":480,"ThreadID":488},"Channel":"Security","Computer":"fs03vuln.offsec.lan","Security":null},"EventData":{"SubjectUserSid":"S-1-5-21-4230534742-2542757381-3142984815-1111","SubjectUserName":"admmig","SubjectDomainName":"OFFSEC","SubjectLogonId":"0x883836e","ObjectType":"File","IpAddress":"10.23.123.11","IpPort":"60296","ShareName":"\\\\*\\C$","ShareLocalPath":"\\??\\C:\\","RelativeTargetName":"Users\\admmig\\AppData\\Roaming\\Microsoft\\Protect\\S-1-5-21-4230534742-2542757381-3142984815-1111","AccessMask":"0x1","AccessList":"%%4416\r\n\t\t\t\t","AccessReason":"-"}}}
{"Event_attributes":{"xmlns":"http://schemas.microsoft.com/win/2004/08/events/event"},"Event":{"System":{"Provider_attributes":{"Name":"Microsoft-Windows-Security-Auditing","Guid":"54849625-5478-4994-A5BA-3E3B0328C30D"},"EventID":5145,"Version":0,"Level":0,"Task":12811,"Opcode":0,"Keywords":"0x8020000000000000","TimeCreated_attributes":{"SystemTime":"2021-12-12T11:53:11.617058Z"},"EventRecordID":1165182,"Correlation":null,"Execution_attributes":{"ProcessID":480,"ThreadID":488},"Channel":"Security","Computer":"fs03vuln.offsec.lan","Security":null},"EventData":{"SubjectUserSid":"S-1-5-21-4230534742-2542757381-3142984815-1111","SubjectUserName":"admmig","SubjectDomainName":"OFFSEC","SubjectLogonId":"0x883836e","ObjectType":"File","IpAddress":"10.23.123.11","IpPort":"60296","ShareName":"\\\\*\\C$","ShareLocalPath":"\\??\\C:\\","RelativeTargetName":"Users\\admmig\\AppData\\Roaming\\Microsoft\\Protect\\S-1-5-21-4230534742-2542757381-3142984815-1111\\1d0d5e15-3dd4-4689-a6c8-b3f4a523f317","AccessMask":"0x20089","AccessList":"%%1538\r\n\t\t\t\t%%4416\r\n\t\t\t\t%%4419\r\n\t\t\t\t%%4423\r\n\t\t\t\t","AccessReason":"-"}}}
{"Event_attributes":{"xmlns":"http://schemas.microsoft.com/win/2004/08/events/event"},"Event":{"System":{"Provider_attributes":{"Name":"Microsoft-Windows-Security-Auditing","Guid":"54849625-5478-4994-A5BA-3E3B0328C30D"},"EventID":5145,"Version":0,"Level":0,"Task":12811,"Opcode":0,"Keywords":"0x8020000000000000","TimeCreated_attributes":{"SystemTime":"2021-12-12T11:53:11.632678Z"},"EventRecordID":1165184,"Correlation":null,"Execution_attributes":{"ProcessID":480,"ThreadID":488},"Channel":"Security","Computer":"fs03vuln.offsec.lan","Security":null},"EventData":{"SubjectUserSid":"S-1-5-21-4230534742-2542757381-3142984815-1111","SubjectUserName":"admmig","SubjectDomainName":"OFFSEC","SubjectLogonId":"0x883836e","ObjectType":"File","IpAddress":"10.23.123.11","IpPort":"60296","ShareName":"\\\\*\\C$","ShareLocalPath":"\\??\\C:\\","RelativeTargetName":"Users\\admmig\\AppData\\Roaming\\Microsoft\\Protect\\S-1-5-21-4230534742-2542757381-3142984815-1111\\4940c1c2-798b-4291-9cbf-56ba1bc56acd","AccessMask":"0x20089","AccessList":"%%1538\r\n\t\t\t\t%%4416\r\n\t\t\t\t%%4419\r\n\t\t\t\t%%4423\r\n\t\t\t\t","AccessReason":"-"}}}
{"Event_attributes":{"xmlns":"http://schemas.microsoft.com/win/2004/08/events/event"},"Event":{"System":{"Provider_attributes":{"Name":"Microsoft-Windows-Security-Auditing","Guid":"54849625-5478-4994-A5BA-3E3B0328C30D"},"EventID":5145,"Version":0,"Level":0,"Task":12811,"Opcode":0,"Keywords":"0x8020000000000000","TimeCreated_attributes":{"SystemTime":"2021-12-12T11:53:11.648293Z"},"EventRecordID":1165186,"Correlation":null,"Execution_attributes":{"ProcessID":480,"ThreadID":488},"Channel":"Security","Computer":"fs03vuln.offsec.lan","Security":null},"EventData":{"SubjectUserSid":"S-1-5-21-4230534742-2542757381-3142984815-1111","SubjectUserName":"admmig","SubjectDomainName":"OFFSEC","SubjectLogonId":"0x883836e","ObjectType":"File","IpAddress":"10.23.123.11","IpPort":"60296","ShareName":"\\\\*\\C$","ShareLocalPath":"\\??\\C:\\","RelativeTargetName":"Users\\admmig\\AppData\\Roaming\\Microsoft\\Protect\\S-1-5-21-4230534742-2542757381-3142984815-1111\\dd10a8dd-2e01-4512-9e4e-0ab8b174b115","AccessMask":"0x20089","AccessList":"%%1538\r\n\t\t\t\t%%4416\r\n\t\t\t\t%%4419\r\n\t\t\t\t%%4423\r\n\t\t\t\t","AccessReason":"-"}}}
{"Event_attributes":{"xmlns":"http://schemas.microsoft.com/win/2004/08/events/event"},"Event":{"System":{"Provider_attributes":{"Name":"Microsoft-Windows-Security-Auditing","Guid":"54849625-5478-4994-A5BA-3E3B0328C30D"},"EventID":5145,"Version":0,"Level":0,"Task":12811,"Opcode":0,"Keywords":"0x8020000000000000","TimeCreated_attributes":{"SystemTime":"2021-12-12T11:53:11.663923Z"},"EventRecordID":1165188,"Correlation":null,"Execution_attributes":{"ProcessID":480,"ThreadID":488},"Channel":"Security","Computer":"fs03vuln.offsec.lan","Security":null},"EventData":{"SubjectUserSid":"S-1-5-21-4230534742-2542757381-3142984815-1111","SubjectUserName":"admmig","SubjectDomainName":"OFFSEC","SubjectLogonId":"0x883836e","ObjectType":"File","IpAddress":"10.23.123.11","IpPort":"60296","ShareName":"\\\\*\\C$","ShareLocalPath":"\\??\\C:\\","RelativeTargetName":"Users\\All Users\\AppData\\Roaming\\Microsoft\\Protect","AccessMask":"0x1","AccessList":"%%4416\r\n\t\t\t\t","AccessReason":"-"}}}
{"Event_attributes":{"xmlns":"http://schemas.microsoft.com/win/2004/08/events/event"},"Event":{"System":{"Provider_attributes":{"Name":"Microsoft-Windows-Security-Auditing","Guid":"54849625-5478-4994-A5BA-3E3B0328C30D"},"EventID":5145,"Version":0,"Level":0,"Task":12811,"Opcode":0,"Keywords":"0x8020000000000000","TimeCreated_attributes":{"SystemTime":"2021-12-12T11:53:11.663923Z"},"EventRecordID":1165190,"Correlation":null,"Execution_attributes":{"ProcessID":480,"ThreadID":488},"Channel":"Security","Computer":"fs03vuln.offsec.lan","Security":null},"EventData":{"SubjectUserSid":"S-1-5-21-4230534742-2542757381-3142984815-1111","SubjectUserName":"admmig","SubjectDomainName":"OFFSEC","SubjectLogonId":"0x883836e","ObjectType":"File","IpAddress":"10.23.123.11","IpPort":"60296","ShareName":"\\\\*\\C$","ShareLocalPath":"\\??\\C:\\","RelativeTargetName":"Users\\Default\\AppData\\Roaming\\Microsoft\\Protect","AccessMask":"0x1","AccessList":"%%4416\r\n\t\t\t\t","AccessReason":"-"}}}
{"Event_attributes":{"xmlns":"http://schemas.microsoft.com/win/2004/08/events/event"},"Event":{"System":{"Provider_attributes":{"Name":"Microsoft-Windows-Security-Auditing","Guid":"54849625-5478-4994-A5BA-3E3B0328C30D"},"EventID":5145,"Version":0,"Level":0,"Task":12811,"Opcode":0,"Keywords":"0x8020000000000000","TimeCreated_attributes":{"SystemTime":"2021-12-12T11:53:11.663923Z"},"EventRecordID":1165192,"Correlation":null,"Execution_attributes":{"ProcessID":480,"ThreadID":488},"Channel":"Security","Computer":"fs03vuln.offsec.lan","Security":null},"EventData":{"SubjectUserSid":"S-1-5-21-4230534742-2542757381-3142984815-1111","SubjectUserName":"admmig","SubjectDomainName":"OFFSEC","SubjectLogonId":"0x883836e","ObjectType":"File","IpAddress":"10.23.123.11","IpPort":"60296","ShareName":"\\\\*\\C$","ShareLocalPath":"\\??\\C:\\","RelativeTargetName":"Users\\Default User\\AppData\\Roaming\\Microsoft\\Protect","AccessMask":"0x1","AccessList":"%%4416\r\n\t\t\t\t","AccessReason":"-"}}}
{"Event_attributes":{"xmlns":"http://schemas.microsoft.com/win/2004/08/events/event"},"Event":{"System":{"Provider_attributes":{"Name":"Microsoft-Windows-Security-Auditing","Guid":"54849625-5478-4994-A5BA-3E3B0328C30D"},"EventID":5145,"Version":0,"Level":0,"Task":12811,"Opcode":0,"Keywords":"0x8020000000000000","TimeCreated_attributes":{"SystemTime":"2021-12-12T11:53:11.680687Z"},"EventRecordID":1165194,"Correlation":null,"Execution_attributes":{"ProcessID":480,"ThreadID":488},"Channel":"Security","Computer":"fs03vuln.offsec.lan","Security":null},"EventData":{"SubjectUserSid":"S-1-5-21-4230534742-2542757381-3142984815-1111","SubjectUserName":"admmig","SubjectDomainName":"OFFSEC","SubjectLogonId":"0x883836e","ObjectType":"File","IpAddress":"10.23.123.11","IpPort":"60296","ShareName":"\\\\*\\C$","ShareLocalPath":"\\??\\C:\\","RelativeTargetName":"Users\\hack1\\AppData\\Roaming\\Microsoft\\Protect","AccessMask":"0x1","AccessList":"%%4416\r\n\t\t\t\t","AccessReason":"-"}}}
{"Event_attributes":{"xmlns":"http://schemas.microsoft.com/win/2004/08/events/event"},"Event":{"System":{"Provider_attributes":{"Name":"Microsoft-Windows-Security-Auditing","Guid":"54849625-5478-4994-A5BA-3E3B0328C30D"},"EventID":5145,"Version":0,"Level":0,"Task":12811,"Opcode":0,"Keywords":"0x8020000000000000","TimeCreated_attributes":{"SystemTime":"2021-12-12T11:53:11.685610Z"},"EventRecordID":1165196,"Correlation":null,"Execution_attributes":{"ProcessID":480,"ThreadID":488},"Channel":"Security","Computer":"fs03vuln.offsec.lan","Security":null},"EventData":{"SubjectUserSid":"S-1-5-21-4230534742-2542757381-3142984815-1111","SubjectUserName":"admmig","SubjectDomainName":"OFFSEC","SubjectLogonId":"0x883836e","ObjectType":"File","IpAddress":"10.23.123.11","IpPort":"60296","ShareName":"\\\\*\\C$","ShareLocalPath":"\\??\\C:\\","RelativeTargetName":"Users\\hack1\\AppData\\Roaming\\Microsoft\\Protect\\S-1-5-21-4230534742-2542757381-3142984815-1234","AccessMask":"0x1","AccessList":"%%4416\r\n\t\t\t\t","AccessReason":"-"}}}
{"Event_attributes":{"xmlns":"http://schemas.microsoft.com/win/2004/08/events/event"},"Event":{"System":{"Provider_attributes":{"Name":"Microsoft-Windows-Security-Auditing","Guid":"54849625-5478-4994-A5BA-3E3B0328C30D"},"EventID":5145,"Version":0,"Level":0,"Task":12811,"Opcode":0,"Keywords":"0x8020000000000000","TimeCreated_attributes":{"SystemTime":"2021-12-12T11:53:11.685610Z"},"EventRecordID":1165198,"Correlation":null,"Execution_attributes":{"ProcessID":480,"ThreadID":488},"Channel":"Security","Computer":"fs03vuln.offsec.lan","Security":null},"EventData":{"SubjectUserSid":"S-1-5-21-4230534742-2542757381-3142984815-1111","SubjectUserName":"admmig","SubjectDomainName":"OFFSEC","SubjectLogonId":"0x883836e","ObjectType":"File","IpAddress":"10.23.123.11","IpPort":"60296","ShareName":"\\\\*\\C$","ShareLocalPath":"\\??\\C:\\","RelativeTargetName":"Users\\hack1\\AppData\\Roaming\\Microsoft\\Protect\\S-1-5-21-4230534742-2542757381-3142984815-1234\\eca8ffbf-fcd6-4e81-a424-36116606541f","AccessMask":"0x20089","AccessList":"%%1538\r\n\t\t\t\t%%4416\r\n\t\t\t\t%%4419\r\n\t\t\t\t%%4423\r\n\t\t\t\t","AccessReason":"-"}}}
{"Event_attributes":{"xmlns":"http://schemas.microsoft.com/win/2004/08/events/event"},"Event":{"System":{"Provider_attributes":{"Name":"Microsoft-Windows-Security-Auditing","Guid":"54849625-5478-4994-A5BA-3E3B0328C30D"},"EventID":5145,"Version":0,"Level":0,"Task":12811,"Opcode":0,"Keywords":"0x8020000000000000","TimeCreated_attributes":{"SystemTime":"2021-12-12T11:53:11.701261Z"},"EventRecordID":1165200,"Correlation":null,"Execution_attributes":{"ProcessID":480,"ThreadID":488},"Channel":"Security","Computer":"fs03vuln.offsec.lan","Security":null},"EventData":{"SubjectUserSid":"S-1-5-21-4230534742-2542757381-3142984815-1111","SubjectUserName":"admmig","SubjectDomainName":"OFFSEC","SubjectLogonId":"0x883836e","ObjectType":"File","IpAddress":"10.23.123.11","IpPort":"60296","ShareName":"\\\\*\\C$","ShareLocalPath":"\\??\\C:\\","RelativeTargetName":"Users\\Public\\AppData\\Roaming\\Microsoft\\Protect","AccessMask":"0x1","AccessList":"%%4416\r\n\t\t\t\t","AccessReason":"-"}}}
{"Event_attributes":{"xmlns":"http://schemas.microsoft.com/win/2004/08/events/event"},"Event":{"System":{"Provider_attributes":{"Name":"Microsoft-Windows-Security-Auditing","Guid":"54849625-5478-4994-A5BA-3E3B0328C30D"},"EventID":5145,"Version":0,"Level":0,"Task":12811,"Opcode":0,"Keywords":"0x8020000000000000","TimeCreated_attributes":{"SystemTime":"2021-12-12T11:53:11.701261Z"},"EventRecordID":1165202,"Correlation":null,"Execution_attributes":{"ProcessID":480,"ThreadID":488},"Channel":"Security","Computer":"fs03vuln.offsec.lan","Security":null},"EventData":{"SubjectUserSid":"S-1-5-21-4230534742-2542757381-3142984815-1111","SubjectUserName":"admmig","SubjectDomainName":"OFFSEC","SubjectLogonId":"0x883836e","ObjectType":"File","IpAddress":"10.23.123.11","IpPort":"60296","ShareName":"\\\\*\\C$","ShareLocalPath":"\\??\\C:\\","RelativeTargetName":"Windows\\System32\\Microsoft\\Protect","AccessMask":"0x1","AccessList":"%%4416\r\n\t\t\t\t","AccessReason":"-"}}}
{"Event_attributes":{"xmlns":"http://schemas.microsoft.com/win/2004/08/events/event"},"Event":{"System":{"Provider_attributes":{"Name":"Microsoft-Windows-Security-Auditing","Guid":"54849625-5478-4994-A5BA-3E3B0328C30D"},"EventID":5145,"Version":0,"Level":0,"Task":12811,"Opcode":0,"Keywords":"0x8020000000000000","TimeCreated_attributes":{"SystemTime":"2021-12-12T11:53:11.716906Z"},"EventRecordID":1165204,"Correlation":null,"Execution_attributes":{"ProcessID":480,"ThreadID":488},"Channel":"Security","Computer":"fs03vuln.offsec.lan","Security":null},"EventData":{"SubjectUserSid":"S-1-5-21-4230534742-2542757381-3142984815-1111","SubjectUserName":"admmig","SubjectDomainName":"OFFSEC","SubjectLogonId":"0x883836e","ObjectType":"File","IpAddress":"10.23.123.11","IpPort":"60296","ShareName":"\\\\*\\C$","ShareLocalPath":"\\??\\C:\\","RelativeTargetName":"Windows\\System32\\Microsoft\\Protect\\S-1-5-18","AccessMask":"0x1","AccessList":"%%4416\r\n\t\t\t\t","AccessReason":"-"}}}
{"Event_attributes":{"xmlns":"http://schemas.microsoft.com/win/2004/08/events/event"},"Event":{"System":{"Provider_attributes":{"Name":"Microsoft-Windows-Security-Auditing","Guid":"54849625-5478-4994-A5BA-3E3B0328C30D"},"EventID":5145,"Version":0,"Level":0,"Task":12811,"Opcode":0,"Keywords":"0x8020000000000000","TimeCreated_attributes":{"SystemTime":"2021-12-12T11:53:11.716906Z"},"EventRecordID":1165206,"Correlation":null,"Execution_attributes":{"ProcessID":480,"ThreadID":488},"Channel":"Security","Computer":"fs03vuln.offsec.lan","Security":null},"EventData":{"SubjectUserSid":"S-1-5-21-4230534742-2542757381-3142984815-1111","SubjectUserName":"admmig","SubjectDomainName":"OFFSEC","SubjectLogonId":"0x883836e","ObjectType":"File","IpAddress":"10.23.123.11","IpPort":"60296","ShareName":"\\\\*\\C$","ShareLocalPath":"\\??\\C:\\","RelativeTargetName":"Windows\\System32\\Microsoft\\Protect\\S-1-5-18\\084aa96d-4fd0-4004-802f-dad10353ce8b","AccessMask":"0x20089","AccessList":"%%1538\r\n\t\t\t\t%%4416\r\n\t\t\t\t%%4419\r\n\t\t\t\t%%4423\r\n\t\t\t\t","AccessReason":"-"}}}
{"Event_attributes":{"xmlns":"http://schemas.microsoft.com/win/2004/08/events/event"},"Event":{"System":{"Provider_attributes":{"Name":"Microsoft-Windows-Security-Auditing","Guid":"54849625-5478-4994-A5BA-3E3B0328C30D"},"EventID":5145,"Version":0,"Level":0,"Task":12811,"Opcode":0,"Keywords":"0x8020000000000000","TimeCreated_attributes":{"SystemTime":"2021-12-12T11:53:11.732498Z"},"EventRecordID":1165208,"Correlation":null,"Execution_attributes":{"ProcessID":480,"ThreadID":488},"Channel":"Security","Computer":"fs03vuln.offsec.lan","Security":null},"EventData":{"SubjectUserSid":"S-1-5-21-4230534742-2542757381-3142984815-1111","SubjectUserName":"admmig","SubjectDomainName":"OFFSEC","SubjectLogonId":"0x883836e","ObjectType":"File","IpAddress":"10.23.123.11","IpPort":"60296","ShareName":"\\\\*\\C$","ShareLocalPath":"\\??\\C:\\","RelativeTargetName":"Windows\\System32\\Microsoft\\Protect\\S-1-5-18\\0f51cf18-7e42-4905-a5e2-4dcd2016ba02","AccessMask":"0x20089","AccessList":"%%1538\r\n\t\t\t\t%%4416\r\n\t\t\t\t%%4419\r\n\t\t\t\t%%4423\r\n\t\t\t\t","AccessReason":"-"}}}
{"Event_attributes":{"xmlns":"http://schemas.microsoft.com/win/2004/08/events/event"},"Event":{"System":{"Provider_attributes":{"Name":"Microsoft-Windows-Security-Auditing","Guid":"54849625-5478-4994-A5BA-3E3B0328C30D"},"EventID":5145,"Version":0,"Level":0,"Task":12811,"Opcode":0,"Keywords":"0x8020000000000000","TimeCreated_attributes":{"SystemTime":"2021-12-12T11:53:11.748127Z"},"EventRecordID":1165210,"Correlation":null,"Execution_attributes":{"ProcessID":480,"ThreadID":488},"Channel":"Security","Computer":"fs03vuln.offsec.lan","Security":null},"EventData":{"SubjectUserSid":"S-1-5-21-4230534742-2542757381-3142984815-1111","SubjectUserName":"admmig","SubjectDomainName":"OFFSEC","SubjectLogonId":"0x883836e","ObjectType":"File","IpAddress":"10.23.123.11","IpPort":"60296","ShareName":"\\\\*\\C$","ShareLocalPath":"\\??\\C:\\","RelativeTargetName":"Windows\\System32\\Microsoft\\Protect\\S-1-5-18\\48f8844f-6a0e-44cc-b4c9-4b6aeb83bdcd","AccessMask":"0x20089","AccessList":"%%1538\r\n\t\t\t\t%%4416\r\n\t\t\t\t%%4419\r\n\t\t\t\t%%4423\r\n\t\t\t\t","AccessReason":"-"}}}
{"Event_attributes":{"xmlns":"http://schemas.microsoft.com/win/2004/08/events/event"},"Event":{"System":{"Provider_attributes":{"Name":"Microsoft-Windows-Security-Auditing","Guid":"54849625-5478-4994-A5BA-3E3B0328C30D"},"EventID":5145,"Version":0,"Level":0,"Task":12811,"Opcode":0,"Keywords":"0x8020000000000000","TimeCreated_attributes":{"SystemTime":"2021-12-12T11:53:11.748127Z"},"EventRecordID":1165212,"Correlation":null,"Execution_attributes":{"ProcessID":480,"ThreadID":488},"Channel":"Security","Computer":"fs03vuln.offsec.lan","Security":null},"EventData":{"SubjectUserSid":"S-1-5-21-4230534742-2542757381-3142984815-1111","SubjectUserName":"admmig","SubjectDomainName":"OFFSEC","SubjectLogonId":"0x883836e","ObjectType":"File","IpAddress":"10.23.123.11","IpPort":"60296","ShareName":"\\\\*\\C$","ShareLocalPath":"\\??\\C:\\","RelativeTargetName":"Windows\\System32\\Microsoft\\Protect\\S-1-5-18\\5dd255ba-fb23-45a9-8f1c-3efe30e43a08","AccessMask":"0x20089","AccessList":"%%1538\r\n\t\t\t\t%%4416\r\n\t\t\t\t%%4419\r\n\t\t\t\t%%4423\r\n\t\t\t\t","AccessReason":"-"}}}
{"Event_attributes":{"xmlns":"http://schemas.microsoft.com/win/2004/08/events/event"},"Event":{"System":{"Provider_attributes":{"Name":"Microsoft-Windows-Security-Auditing","Guid":"54849625-5478-4994-A5BA-3E3B0328C30D"},"EventID":5145,"Version":0,"Level":0,"Task":12811,"Opcode":0,"Keywords":"0x8020000000000000","TimeCreated_attributes":{"SystemTime":"2021-12-12T11:53:11.763751Z"},"EventRecordID":1165214,"Correlation":null,"Execution_attributes":{"ProcessID":480,"ThreadID":488},"Channel":"Security","Computer":"fs03vuln.offsec.lan","Security":null},"EventData":{"SubjectUserSid":"S-1-5-21-4230534742-2542757381-3142984815-1111","SubjectUserName":"admmig","SubjectDomainName":"OFFSEC","SubjectLogonId":"0x883836e","ObjectType":"File","IpAddress":"10.23.123.11","IpPort":"60296","ShareName":"\\\\*\\C$","ShareLocalPath":"\\??\\C:\\","RelativeTargetName":"Windows\\System32\\Microsoft\\Protect\\S-1-5-18\\7ac45d37-fa59-41b4-a80a-cb9224e97518","AccessMask":"0x20089","AccessList":"%%1538\r\n\t\t\t\t%%4416\r\n\t\t\t\t%%4419\r\n\t\t\t\t%%4423\r\n\t\t\t\t","AccessReason":"-"}}}
{"Event_attributes":{"xmlns":"http://schemas.microsoft.com/win/2004/08/events/event"},"Event":{"System":{"Provider_attributes":{"Name":"Microsoft-Windows-Security-Auditing","Guid":"54849625-5478-4994-A5BA-3E3B0328C30D"},"EventID":5145,"Version":0,"Level":0,"Task":12811,"Opcode":0,"Keywords":"0x8020000000000000","TimeCreated_attributes":{"SystemTime":"2021-12-12T11:53:11.779372Z"},"EventRecordID":1165216,"Correlation":null,"Execution_attributes":{"ProcessID":480,"ThreadID":488},"Channel":"Security","Computer":"fs03vuln.offsec.lan","Security":null},"EventData":{"SubjectUserSid":"S-1-5-21-4230534742-2542757381-3142984815-1111","SubjectUserName":"admmig","SubjectDomainName":"OFFSEC","SubjectLogonId":"0x883836e","ObjectType":"File","IpAddress":"10.23.123.11","IpPort":"60296","ShareName":"\\\\*\\C$","ShareLocalPath":"\\??\\C:\\","RelativeTargetName":"Windows\\System32\\Microsoft\\Protect\\S-1-5-18\\85b74294-ac3a-4166-8db9-0eb9596ae80e","AccessMask":"0x20089","AccessList":"%%1538\r\n\t\t\t\t%%4416\r\n\t\t\t\t%%4419\r\n\t\t\t\t%%4423\r\n\t\t\t\t","AccessReason":"-"}}}
{"Event_attributes":{"xmlns":"http://schemas.microsoft.com/win/2004/08/events/event"},"Event":{"System":{"Provider_attributes":{"Name":"Microsoft-Windows-Security-Auditing","Guid":"54849625-5478-4994-A5BA-3E3B0328C30D"},"EventID":5145,"Version":0,"Level":0,"Task":12811,"Opcode":0,"Keywords":"0x8020000000000000","TimeCreated_attributes":{"SystemTime":"2021-12-12T11:53:11.779372Z"},"EventRecordID":1165218,"Correlation":null,"Execution_attributes":{"ProcessID":480,"ThreadID":488},"Channel":"Security","Computer":"fs03vuln.offsec.lan","Security":null},"EventData":{"SubjectUserSid":"S-1-5-21-4230534742-2542757381-3142984815-1111","SubjectUserName":"admmig","SubjectDomainName":"OFFSEC","SubjectLogonId":"0x883836e","ObjectType":"File","IpAddress":"10.23.123.11","IpPort":"60296","ShareName":"\\\\*\\C$","ShareLocalPath":"\\??\\C:\\","RelativeTargetName":"Windows\\System32\\Microsoft\\Protect\\S-1-5-18\\cbd1402e-96f2-4c55-a4b3-990c71387659","AccessMask":"0x20089","AccessList":"%%1538\r\n\t\t\t\t%%4416\r\n\t\t\t\t%%4419\r\n\t\t\t\t%%4423\r\n\t\t\t\t","AccessReason":"-"}}}
{"Event_attributes":{"xmlns":"http://schemas.microsoft.com/win/2004/08/events/event"},"Event":{"System":{"Provider_attributes":{"Name":"Microsoft-Windows-Security-Auditing","Guid":"54849625-5478-4994-A5BA-3E3B0328C30D"},"EventID":5145,"Version":0,"Level":0,"Task":12811,"Opcode":0,"Keywords":"0x8020000000000000","TimeCreated_attributes":{"SystemTime":"2021-12-12T11:53:11.794999Z"},"EventRecordID":1165220,"Correlation":null,"Execution_attributes":{"ProcessID":480,"ThreadID":488},"Channel":"Security","Computer":"fs03vuln.offsec.lan","Security":null},"EventData":{"SubjectUserSid":"S-1-5-21-4230534742-2542757381-3142984815-1111","SubjectUserName":"admmig","SubjectDomainName":"OFFSEC","SubjectLogonId":"0x883836e","ObjectType":"File","IpAddress":"10.23.123.11","IpPort":"60296","ShareName":"\\\\*\\C$","ShareLocalPath":"\\??\\C:\\","RelativeTargetName":"Windows\\System32\\Microsoft\\Protect\\S-1-5-18\\e1d47273-0077-4091-9c01-88df1f2b8983","AccessMask":"0x20089","AccessList":"%%1538\r\n\t\t\t\t%%4416\r\n\t\t\t\t%%4419\r\n\t\t\t\t%%4423\r\n\t\t\t\t","AccessReason":"-"}}}
{"Event_attributes":{"xmlns":"http://schemas.microsoft.com/win/2004/08/events/event"},"Event":{"System":{"Provider_attributes":{"Name":"Microsoft-Windows-Security-Auditing","Guid":"54849625-5478-4994-A5BA-3E3B0328C30D"},"EventID":5145,"Version":0,"Level":0,"Task":12811,"Opcode":0,"Keywords":"0x8020000000000000","TimeCreated_attributes":{"SystemTime":"2021-12-12T11:53:11.810626Z"},"EventRecordID":1165222,"Correlation":null,"Execution_attributes":{"ProcessID":480,"ThreadID":488},"Channel":"Security","Computer":"fs03vuln.offsec.lan","Security":null},"EventData":{"SubjectUserSid":"S-1-5-21-4230534742-2542757381-3142984815-1111","SubjectUserName":"admmig","SubjectDomainName":"OFFSEC","SubjectLogonId":"0x883836e","ObjectType":"File","IpAddress":"10.23.123.11","IpPort":"60296","ShareName":"\\\\*\\C$","ShareLocalPath":"\\??\\C:\\","RelativeTargetName":"Windows\\System32\\Microsoft\\Protect\\S-1-5-18\\User","AccessMask":"0x1","AccessList":"%%4416\r\n\t\t\t\t","AccessReason":"-"}}}
{"Event_attributes":{"xmlns":"http://schemas.microsoft.com/win/2004/08/events/event"},"Event":{"System":{"Provider_attributes":{"Name":"Microsoft-Windows-Security-Auditing","Guid":"54849625-5478-4994-A5BA-3E3B0328C30D"},"EventID":5145,"Version":0,"Level":0,"Task":12811,"Opcode":0,"Keywords":"0x8020000000000000","TimeCreated_attributes":{"SystemTime":"2021-12-12T11:53:11.810626Z"},"EventRecordID":1165224,"Correlation":null,"Execution_attributes":{"ProcessID":480,"ThreadID":488},"Channel":"Security","Computer":"fs03vuln.offsec.lan","Security":null},"EventData":{"SubjectUserSid":"S-1-5-21-4230534742-2542757381-3142984815-1111","SubjectUserName":"admmig","SubjectDomainName":"OFFSEC","SubjectLogonId":"0x883836e","ObjectType":"File","IpAddress":"10.23.123.11","IpPort":"60296","ShareName":"\\\\*\\C$","ShareLocalPath":"\\??\\C:\\","RelativeTargetName":"Windows\\System32\\Microsoft\\Protect\\S-1-5-18\\User\\0d670005-17c4-4245-8305-54f955fcb04a","AccessMask":"0x20089","AccessList":"%%1538\r\n\t\t\t\t%%4416\r\n\t\t\t\t%%4419\r\n\t\t\t\t%%4423\r\n\t\t\t\t","AccessReason":"-"}}}
{"Event_attributes":{"xmlns":"http://schemas.microsoft.com/win/2004/08/events/event"},"Event":{"System":{"Provider_attributes":{"Name":"Microsoft-Windows-Security-Auditing","Guid":"54849625-5478-4994-A5BA-3E3B0328C30D"},"EventID":5145,"Version":0,"Level":0,"Task":12811,"Opcode":0,"Keywords":"0x8020000000000000","TimeCreated_attributes":{"SystemTime":"2021-12-12T11:53:11.826252Z"},"EventRecordID":1165226,"Correlation":null,"Execution_attributes":{"ProcessID":480,"ThreadID":488},"Channel":"Security","Computer":"fs03vuln.offsec.lan","Security":null},"EventData":{"SubjectUserSid":"S-1-5-21-4230534742-2542757381-3142984815-1111","SubjectUserName":"admmig","SubjectDomainName":"OFFSEC","SubjectLogonId":"0x883836e","ObjectType":"File","IpAddress":"10.23.123.11","IpPort":"60296","ShareName":"\\\\*\\C$","ShareLocalPath":"\\??\\C:\\","RelativeTargetName":"Windows\\System32\\Microsoft\\Protect\\S-1-5-18\\User\\521f9c27-57b0-4cbb-bba2-5155c9b3fdbd","AccessMask":"0x20089","AccessList":"%%1538\r\n\t\t\t\t%%4416\r\n\t\t\t\t%%4419\r\n\t\t\t\t%%4423\r\n\t\t\t\t","AccessReason":"-"}}}
{"Event_attributes":{"xmlns":"http://schemas.microsoft.com/win/2004/08/events/event"},"Event":{"System":{"Provider_attributes":{"Name":"Microsoft-Windows-Security-Auditing","Guid":"54849625-5478-4994-A5BA-3E3B0328C30D"},"EventID":5145,"Version":0,"Level":0,"Task":12811,"Opcode":0,"Keywords":"0x8020000000000000","TimeCreated_attributes":{"SystemTime":"2021-12-12T11:53:11.841880Z"},"EventRecordID":1165228,"Correlation":null,"Execution_attributes":{"ProcessID":480,"ThreadID":488},"Channel":"Security","Computer":"fs03vuln.offsec.lan","Security":null},"EventData":{"SubjectUserSid":"S-1-5-21-4230534742-2542757381-3142984815-1111","SubjectUserName":"admmig","SubjectDomainName":"OFFSEC","SubjectLogonId":"0x883836e","ObjectType":"File","IpAddress":"10.23.123.11","IpPort":"60296","ShareName":"\\\\*\\C$","ShareLocalPath":"\\??\\C:\\","RelativeTargetName":"Windows\\System32\\Microsoft\\Protect\\S-1-5-18\\User\\afe30aef-f67e-4cea-9b91-71318f566140","AccessMask":"0x20089","AccessList":"%%1538\r\n\t\t\t\t%%4416\r\n\t\t\t\t%%4419\r\n\t\t\t\t%%4423\r\n\t\t\t\t","AccessReason":"-"}}}
{"Event_attributes":{"xmlns":"http://schemas.microsoft.com/win/2004/08/events/event"},"Event":{"System":{"Provider_attributes":{"Name":"Microsoft-Windows-Security-Auditing","Guid":"54849625-5478-4994-A5BA-3E3B0328C30D"},"EventID":5145,"Version":0,"Level":0,"Task":12811,"Opcode":0,"Keywords":"0x8020000000000000","TimeCreated_attributes":{"SystemTime":"2021-12-12T11:53:11.857499Z"},"EventRecordID":1165230,"Correlation":null,"Execution_attributes":{"ProcessID":480,"ThreadID":488},"Channel":"Security","Computer":"fs03vuln.offsec.lan","Security":null},"EventData":{"SubjectUserSid":"S-1-5-21-4230534742-2542757381-3142984815-1111","SubjectUserName":"admmig","SubjectDomainName":"OFFSEC","SubjectLogonId":"0x883836e","ObjectType":"File","IpAddress":"10.23.123.11","IpPort":"60296","ShareName":"\\\\*\\C$","ShareLocalPath":"\\??\\C:\\","RelativeTargetName":"Windows\\System32\\Microsoft\\Protect\\S-1-5-18\\User\\fd60f910-8888-473c-b62a-b304e884cfef","AccessMask":"0x20089","AccessList":"%%1538\r\n\t\t\t\t%%4416\r\n\t\t\t\t%%4419\r\n\t\t\t\t%%4423\r\n\t\t\t\t","AccessReason":"-"}}}
{"Event_attributes":{"xmlns":"http://schemas.microsoft.com/win/2004/08/events/event"},"Event":{"System":{"Provider_attributes":{"Name":"Microsoft-Windows-Security-Auditing","Guid":"54849625-5478-4994-A5BA-3E3B0328C30D"},"EventID":5145,"Version":0,"Level":0,"Task":12811,"Opcode":0,"Keywords":"0x8020000000000000","TimeCreated_attributes":{"SystemTime":"2021-12-12T11:53:11.857499Z"},"EventRecordID":1165232,"Correlation":null,"Execution_attributes":{"ProcessID":480,"ThreadID":488},"Channel":"Security","Computer":"fs03vuln.offsec.lan","Security":null},"EventData":{"SubjectUserSid":"S-1-5-21-4230534742-2542757381-3142984815-1111","SubjectUserName":"admmig","SubjectDomainName":"OFFSEC","SubjectLogonId":"0x883836e","ObjectType":"File","IpAddress":"10.23.123.11","IpPort":"60296","ShareName":"\\\\*\\C$","ShareLocalPath":"\\??\\C:\\","RelativeTargetName":"Windows\\System32\\Microsoft\\Protect\\S-1-5-18\\User\\ff8d1c3a-73ac-4d33-b09f-51dcf8ae55ef","AccessMask":"0x20089","AccessList":"%%1538\r\n\t\t\t\t%%4416\r\n\t\t\t\t%%4419\r\n\t\t\t\t%%4423\r\n\t\t\t\t","AccessReason":"-"}}}
{"Event_attributes":{"xmlns":"http://schemas.microsoft.com/win/2004/08/events/event"},"Event":{"System":{"Provider_attributes":{"Name":"Microsoft-Windows-Security-Auditing","Guid":"54849625-5478-4994-A5BA-3E3B0328C30D"},"EventID":5145,"Version":0,"Level":0,"Task":12811,"Opcode":0,"Keywords":"0x8020000000000000","TimeCreated_attributes":{"SystemTime":"2021-12-12T11:53:11.874041Z"},"EventRecordID":1165234,"Correlation":null,"Execution_attributes":{"ProcessID":480,"ThreadID":488},"Channel":"Security","Computer":"fs03vuln.offsec.lan","Security":null},"EventData":{"SubjectUserSid":"S-1-5-21-4230534742-2542757381-3142984815-1111","SubjectUserName":"admmig","SubjectDomainName":"OFFSEC","SubjectLogonId":"0x883836e","ObjectType":"File","IpAddress":"10.23.123.11","IpPort":"60296","ShareName":"\\\\*\\C$","ShareLocalPath":"\\??\\C:\\","RelativeTargetName":"Windows\\System32\\Microsoft\\Protect\\S-1-5-20","AccessMask":"0x1","AccessList":"%%4416\r\n\t\t\t\t","AccessReason":"-"}}}
{"Event_attributes":{"xmlns":"http://schemas.microsoft.com/win/2004/08/events/event"},"Event":{"System":{"Provider_attributes":{"Name":"Microsoft-Windows-Security-Auditing","Guid":"54849625-5478-4994-A5BA-3E3B0328C30D"},"EventID":5145,"Version":0,"Level":0,"Task":12811,"Opcode":0,"Keywords":"0x8020000000000000","TimeCreated_attributes":{"SystemTime":"2021-12-12T11:53:11.874041Z"},"EventRecordID":1165236,"Correlation":null,"Execution_attributes":{"ProcessID":480,"ThreadID":488},"Channel":"Security","Computer":"fs03vuln.offsec.lan","Security":null},"EventData":{"SubjectUserSid":"S-1-5-21-4230534742-2542757381-3142984815-1111","SubjectUserName":"admmig","SubjectDomainName":"OFFSEC","SubjectLogonId":"0x883836e","ObjectType":"File","IpAddress":"10.23.123.11","IpPort":"60296","ShareName":"\\\\*\\C$","ShareLocalPath":"\\??\\C:\\","RelativeTargetName":"Windows\\System32\\Microsoft\\Protect\\S-1-5-20\\76515ee5-f236-486e-ba36-3ac0ee10be88","AccessMask":"0x20089","AccessList":"%%1538\r\n\t\t\t\t%%4416\r\n\t\t\t\t%%4419\r\n\t\t\t\t%%4423\r\n\t\t\t\t","AccessReason":"-"}}}
{"Event_attributes":{"xmlns":"http://schemas.microsoft.com/win/2004/08/events/event"},"Event":{"System":{"Provider_attributes":{"Name":"Microsoft-Windows-Security-Auditing","Guid":"54849625-5478-4994-A5BA-3E3B0328C30D"},"EventID":5145,"Version":0,"Level":0,"Task":12811,"Opcode":0,"Keywords":"0x8020000000000000","TimeCreated_attributes":{"SystemTime":"2021-12-12T11:53:11.889678Z"},"EventRecordID":1165238,"Correlation":null,"Execution_attributes":{"ProcessID":480,"ThreadID":488},"Channel":"Security","Computer":"fs03vuln.offsec.lan","Security":null},"EventData":{"SubjectUserSid":"S-1-5-21-4230534742-2542757381-3142984815-1111","SubjectUserName":"admmig","SubjectDomainName":"OFFSEC","SubjectLogonId":"0x883836e","ObjectType":"File","IpAddress":"10.23.123.11","IpPort":"60296","ShareName":"\\\\*\\C$","ShareLocalPath":"\\??\\C:\\","RelativeTargetName":"Windows\\System32\\Microsoft\\Protect\\S-1-5-20\\9482b28c-116d-4469-a3ed-46d2902c2d4b","AccessMask":"0x20089","AccessList":"%%1538\r\n\t\t\t\t%%4416\r\n\t\t\t\t%%4419\r\n\t\t\t\t%%4423\r\n\t\t\t\t","AccessReason":"-"}}}
{"Event_attributes":{"xmlns":"http://schemas.microsoft.com/win/2004/08/events/event"},"Event":{"System":{"Provider_attributes":{"Name":"Microsoft-Windows-Security-Auditing","Guid":"54849625-5478-4994-A5BA-3E3B0328C30D"},"EventID":5145,"Version":0,"Level":0,"Task":12811,"Opcode":0,"Keywords":"0x8020000000000000","TimeCreated_attributes":{"SystemTime":"2021-12-12T11:53:11.905334Z"},"EventRecordID":1165240,"Correlation":null,"Execution_attributes":{"ProcessID":480,"ThreadID":488},"Channel":"Security","Computer":"fs03vuln.offsec.lan","Security":null},"EventData":{"SubjectUserSid":"S-1-5-21-4230534742-2542757381-3142984815-1111","SubjectUserName":"admmig","SubjectDomainName":"OFFSEC","SubjectLogonId":"0x883836e","ObjectType":"File","IpAddress":"10.23.123.11","IpPort":"60296","ShareName":"\\\\*\\C$","ShareLocalPath":"\\??\\C:\\","RelativeTargetName":"Windows\\System32\\Microsoft\\Protect\\S-1-5-20\\afb26c33-05ad-49ff-a854-61607af4edfc","AccessMask":"0x20089","AccessList":"%%1538\r\n\t\t\t\t%%4416\r\n\t\t\t\t%%4419\r\n\t\t\t\t%%4423\r\n\t\t\t\t","AccessReason":"-"}}}
{"Event_attributes":{"xmlns":"http://schemas.microsoft.com/win/2004/08/events/event"},"Event":{"System":{"Provider_attributes":{"Name":"Microsoft-Windows-Security-Auditing","Guid":"54849625-5478-4994-A5BA-3E3B0328C30D"},"EventID":5145,"Version":0,"Level":0,"Task":12811,"Opcode":0,"Keywords":"0x8020000000000000","TimeCreated_attributes":{"SystemTime":"2021-12-12T11:53:11.920927Z"},"EventRecordID":1165242,"Correlation":null,"Execution_attributes":{"ProcessID":480,"ThreadID":488},"Channel":"Security","Computer":"fs03vuln.offsec.lan","Security":null},"EventData":{"SubjectUserSid":"S-1-5-21-4230534742-2542757381-3142984815-1111","SubjectUserName":"admmig","SubjectDomainName":"OFFSEC","SubjectLogonId":"0x883836e","ObjectType":"File","IpAddress":"10.23.123.11","IpPort":"60296","ShareName":"\\\\*\\C$","ShareLocalPath":"\\??\\C:\\","RelativeTargetName":"Users\\Administrator\\AppData\\Local\\Microsoft\\Credentials","AccessMask":"0x1","AccessList":"%%4416\r\n\t\t\t\t","AccessReason":"-"}}}
{"Event_attributes":{"xmlns":"http://schemas.microsoft.com/win/2004/08/events/event"},"Event":{"System":{"Provider_attributes":{"Name":"Microsoft-Windows-Security-Auditing","Guid":"54849625-5478-4994-A5BA-3E3B0328C30D"},"EventID":5145,"Version":0,"Level":0,"Task":12811,"Opcode":0,"Keywords":"0x8020000000000000","TimeCreated_attributes":{"SystemTime":"2021-12-12T11:53:11.920927Z"},"EventRecordID":1165244,"Correlation":null,"Execution_attributes":{"ProcessID":480,"ThreadID":488},"Channel":"Security","Computer":"fs03vuln.offsec.lan","Security":null},"EventData":{"SubjectUserSid":"S-1-5-21-4230534742-2542757381-3142984815-1111","SubjectUserName":"admmig","SubjectDomainName":"OFFSEC","SubjectLogonId":"0x883836e","ObjectType":"File","IpAddress":"10.23.123.11","IpPort":"60296","ShareName":"\\\\*\\C$","ShareLocalPath":"\\??\\C:\\","RelativeTargetName":"Windows\\ServiceProfiles\\ADSync\\AppData\\Local\\Microsoft\\Credentials","AccessMask":"0x1","AccessList":"%%4416\r\n\t\t\t\t","AccessReason":"-"}}}
{"Event_attributes":{"xmlns":"http://schemas.microsoft.com/win/2004/08/events/event"},"Event":{"System":{"Provider_attributes":{"Name":"Microsoft-Windows-Security-Auditing","Guid":"54849625-5478-4994-A5BA-3E3B0328C30D"},"EventID":5145,"Version":0,"Level":0,"Task":12811,"Opcode":0,"Keywords":"0x8020000000000000","TimeCreated_attributes":{"SystemTime":"2021-12-12T11:53:11.920927Z"},"EventRecordID":1165246,"Correlation":null,"Execution_attributes":{"ProcessID":480,"ThreadID":488},"Channel":"Security","Computer":"fs03vuln.offsec.lan","Security":null},"EventData":{"SubjectUserSid":"S-1-5-21-4230534742-2542757381-3142984815-1111","SubjectUserName":"admmig","SubjectDomainName":"OFFSEC","SubjectLogonId":"0x883836e","ObjectType":"File","IpAddress":"10.23.123.11","IpPort":"60296","ShareName":"\\\\*\\C$","ShareLocalPath":"\\??\\C:\\","RelativeTargetName":"Users\\Administrator\\AppData\\Roaming\\Microsoft\\Credentials","AccessMask":"0x1","AccessList":"%%4416\r\n\t\t\t\t","AccessReason":"-"}}}
{"Event_attributes":{"xmlns":"http://schemas.microsoft.com/win/2004/08/events/event"},"Event":{"System":{"Provider_attributes":{"Name":"Microsoft-Windows-Security-Auditing","Guid":"54849625-5478-4994-A5BA-3E3B0328C30D"},"EventID":5145,"Version":0,"Level":0,"Task":12811,"Opcode":0,"Keywords":"0x8020000000000000","TimeCreated_attributes":{"SystemTime":"2021-12-12T11:53:11.938717Z"},"EventRecordID":1165248,"Correlation":null,"Execution_attributes":{"ProcessID":480,"ThreadID":488},"Channel":"Security","Computer":"fs03vuln.offsec.lan","Security":null},"EventData":{"SubjectUserSid":"S-1-5-21-4230534742-2542757381-3142984815-1111","SubjectUserName":"admmig","SubjectDomainName":"OFFSEC","SubjectLogonId":"0x883836e","ObjectType":"File","IpAddress":"10.23.123.11","IpPort":"60296","ShareName":"\\\\*\\C$","ShareLocalPath":"\\??\\C:\\","RelativeTargetName":"Users\\Administrator\\AppData\\Local\\Microsoft\\Remote Desktop Connection Manager\\RDCMan.settings","AccessMask":"0x1","AccessList":"%%4416\r\n\t\t\t\t","AccessReason":"-"}}}
{"Event_attributes":{"xmlns":"http://schemas.microsoft.com/win/2004/08/events/event"},"Event":{"System":{"Provider_attributes":{"Name":"Microsoft-Windows-Security-Auditing","Guid":"54849625-5478-4994-A5BA-3E3B0328C30D"},"EventID":5145,"Version":0,"Level":0,"Task":12811,"Opcode":0,"Keywords":"0x8020000000000000","TimeCreated_attributes":{"SystemTime":"2021-12-12T11:53:11.940399Z"},"EventRecordID":1165250,"Correlation":null,"Execution_attributes":{"ProcessID":480,"ThreadID":488},"Channel":"Security","Computer":"fs03vuln.offsec.lan","Security":null},"EventData":{"SubjectUserSid":"S-1-5-21-4230534742-2542757381-3142984815-1111","SubjectUserName":"admmig","SubjectDomainName":"OFFSEC","SubjectLogonId":"0x883836e","ObjectType":"File","IpAddress":"10.23.123.11","IpPort":"60296","ShareName":"\\\\*\\C$","ShareLocalPath":"\\??\\C:\\","RelativeTargetName":"Users\\admmig\\AppData\\Local\\Microsoft\\Credentials","AccessMask":"0x1","AccessList":"%%4416\r\n\t\t\t\t","AccessReason":"-"}}}
{"Event_attributes":{"xmlns":"http://schemas.microsoft.com/win/2004/08/events/event"},"Event":{"System":{"Provider_attributes":{"Name":"Microsoft-Windows-Security-Auditing","Guid":"54849625-5478-4994-A5BA-3E3B0328C30D"},"EventID":5145,"Version":0,"Level":0,"Task":12811,"Opcode":0,"Keywords":"0x8020000000000000","TimeCreated_attributes":{"SystemTime":"2021-12-12T11:53:11.940399Z"},"EventRecordID":1165252,"Correlation":null,"Execution_attributes":{"ProcessID":480,"ThreadID":488},"Channel":"Security","Computer":"fs03vuln.offsec.lan","Security":null},"EventData":{"SubjectUserSid":"S-1-5-21-4230534742-2542757381-3142984815-1111","SubjectUserName":"admmig","SubjectDomainName":"OFFSEC","SubjectLogonId":"0x883836e","ObjectType":"File","IpAddress":"10.23.123.11","IpPort":"60296","ShareName":"\\\\*\\C$","ShareLocalPath":"\\??\\C:\\","RelativeTargetName":"Windows\\ServiceProfiles\\ADSync\\AppData\\Local\\Microsoft\\Credentials","AccessMask":"0x1","AccessList":"%%4416\r\n\t\t\t\t","AccessReason":"-"}}}
{"Event_attributes":{"xmlns":"http://schemas.microsoft.com/win/2004/08/events/event"},"Event":{"System":{"Provider_attributes":{"Name":"Microsoft-Windows-Security-Auditing","Guid":"54849625-5478-4994-A5BA-3E3B0328C30D"},"EventID":5145,"Version":0,"Level":0,"Task":12811,"Opcode":0,"Keywords":"0x8020000000000000","TimeCreated_attributes":{"SystemTime":"2021-12-12T11:53:11.940399Z"},"EventRecordID":1165254,"Correlation":null,"Execution_attributes":{"ProcessID":480,"ThreadID":488},"Channel":"Security","Computer":"fs03vuln.offsec.lan","Security":null},"EventData":{"SubjectUserSid":"S-1-5-21-4230534742-2542757381-3142984815-1111","SubjectUserName":"admmig","SubjectDomainName":"OFFSEC","SubjectLogonId":"0x883836e","ObjectType":"File","IpAddress":"10.23.123.11","IpPort":"60296","ShareName":"\\\\*\\C$","ShareLocalPath":"\\??\\C:\\","RelativeTargetName":"Users\\admmig\\AppData\\Roaming\\Microsoft\\Credentials","AccessMask":"0x1","AccessList":"%%4416\r\n\t\t\t\t","AccessReason":"-"}}}
