{"Event_attributes":{"xmlns":"http://schemas.microsoft.com/win/2004/08/events/event"},"Event":{"System":{"Provider_attributes":{"Name":"Microsoft-Windows-PowerShell","Guid":"A0C1853B-5C40-4B15-8766-3CF1C58F985A"},"EventID":4104,"Version":1,"Level":5,"Task":102,"Opcode":15,"Keywords":"0x0","TimeCreated_attributes":{"SystemTime":"2021-10-25T07:23:05.661043Z"},"EventRecordID":2476,"Correlation_attributes":{"ActivityID":"A674BAE4-BF55-0002-B6CB-8EA655BFD701"},"Execution_attributes":{"ProcessID":852,"ThreadID":2572},"Channel":"Microsoft-Windows-PowerShell/Operational","Computer":"FS03.offsec.lan","Security_attributes":{"UserID":"S-1-5-21-4230534742-2542757381-3142984815-1111"}},"EventData":{"MessageNumber":1,"MessageTotal":1,"ScriptBlockText":"function Get-FileHash\r\n{\r\n    [CmdletBinding(DefaultParameterSetName = \"Path\")]\r\n    param(\r\n        [Parameter(Mandatory, ParameterSetName=\"Path\", Position = 0)]\r\n        [System.String[]]\r\n        $Path,\r\n\r\n        [Parameter(Mandatory, ParameterSetName=\"LiteralPath\", ValueFromPipelineByPropertyName = $true)]\r\n        [Alias(\"PSPath\")]\r\n        [System.String[]]\r\n        $LiteralPath,\r\n        \r\n        [Parameter(Mandatory, ParameterSetName=\"Stream\")]\r\n        [System.IO.Stream]\r\n        $InputStream,\r\n\r\n        [ValidateSet(\"SHA1\", \"SHA256\", \"SHA384\", \"SHA512\", \"MACTripleDES\", \"MD5\", \"RIPEMD160\")]\r\n        [System.String]\r\n        $Algorithm=\"SHA256\"\r\n    )\r\n    \r\n    begin\r\n    {\r\n        # Construct the strongly-typed crypto object\r\n        $hasher = [System.Security.Cryptography.HashAlgorithm]::Create($Algorithm)\r\n    }\r\n    \r\n    process\r\n    {\r\n        if($PSCmdlet.ParameterSetName -eq \"Stream\")\r\n        {\r\n            GetStreamHash -InputStream $InputStream -RelatedPath $null -Hasher $hasher\r\n        }\r\n        else\r\n        {\r\n            $pathsToProcess = @()\r\n            if($PSCmdlet.ParameterSetName  -eq \"LiteralPath\")\r\n            {\r\n                $pathsToProcess += Resolve-Path -LiteralPath $LiteralPath | Foreach-Object ProviderPath\r\n            }\r\n            if($PSCmdlet.ParameterSetName -eq \"Path\")\r\n            {\r\n                $pathsToProcess += Resolve-Path $Path | Foreach-Object ProviderPath\r\n            }\r\n\r\n            foreach($filePath in $pathsToProcess)\r\n            {\r\n                if(Test-Path -LiteralPath $filePath -PathType Container)\r\n                {\r\n                    continue\r\n                }\r\n\r\n                try\r\n                {\r\n                    # Read the file specified in $FilePath as a Byte array\r\n                    [system.io.stream]$stream = [system.io.file]::OpenRead($filePath)\r\n                    GetStreamHash -InputStream $stream  -RelatedPath $filePath -Hasher $hasher\r\n                }\r\n                catch [Exception]\r\n                {\r\n                    $errorMessage = [Microsoft.PowerShell.Commands.UtilityResources]::FileReadError -f $FilePath, $_\r\n                    Write-Error -Message $errorMessage -Category ReadError -ErrorId \"FileReadError\" -TargetObject $FilePath\r\n                    return\r\n                }\r\n                finally\r\n                {\r\n                    if($stream)\r\n                    {\r\n                        $stream.Close()\r\n                    }\r\n                }                            \r\n            }\r\n        }\r\n    }\r\n}\r\n\r\nfunction GetStreamHash\r\n{\r\n    param(\r\n        [System.IO.Stream]\r\n        $InputStream,\r\n\r\n        [System.String]\r\n        $RelatedPath,\r\n\r\n        [System.Security.Cryptography.HashAlgorithm]\r\n        $Hasher)\r\n\r\n    # Compute file-hash using the crypto object\r\n    [Byte[]] $computedHash = $Hasher.ComputeHash($InputStream)\r\n    [string] $hash = [BitConverter]::ToString($computedHash) -replace '-',''\r\n\r\n    if ($RelatedPath -eq $null)\r\n    {\r\n        $retVal = [PSCustomObject] @{\r\n            Algorithm = $Algorithm.ToUpperInvariant()\r\n            Hash = $hash\r\n        }\r\n        $retVal.psobject.TypeNames.Insert(0, \"Microsoft.Powershell.Utility.FileHash\")\r\n        $retVal\r\n    }\r\n    else\r\n    {\r\n        $retVal = [PSCustomObject] @{\r\n            Algorithm = $Algorithm.ToUpperInvariant()\r\n            Hash = $hash\r\n            Path = $RelatedPath\r\n        }\r\n        $retVal.psobject.TypeNames.Insert(0, \"Microsoft.Powershell.Utility.FileHash\")\r\n        $retVal\r\n\r\n    }\r\n}\r\n\r\n# SIG # Begin signature block\r\n# MIIavwYJKoZIhvcNAQcCoIIasDCCGqwCAQExCzAJBgUrDgMCGgUAMGkGCisGAQQB\r\n# gjcCAQSgWzBZMDQGCisGAQQBgjcCAR4wJgIDAQAABBAfzDtgWUsITrck0sYpfvNR\r\n# AgEAAgEAAgEAAgEAAgEAMCEwCQYFKw4DAhoFAAQU4uPI6oMmN45jE4gtibs9Byjz\r\n# 1dCgghWCMIIEwzCCA6ugAwIBAgITMwAAADUo7mFTkiJhkQAAAAAANTANBgkqhkiG\r\n# 9w0BAQUFADB3MQswCQYDVQQGEwJVUzETMBEGA1UECBMKV2FzaGluZ3RvbjEQMA4G\r\n# A1UEBxMHUmVkbW9uZDEeMBwGA1UEChMVTWljcm9zb2Z0IENvcnBvcmF0aW9uMSEw\r\n# HwYDVQQDExhNaWNyb3NvZnQgVGltZS1TdGFtcCBQQ0EwHhcNMTMwMzI3MjAwODI2\r\n# WhcNMTQwNjI3MjAwODI2WjCBszELMAkGA1UEBhMCVVMxEzARBgNVBAgTCldhc2hp\r\n# bmd0b24xEDAOBgNVBAcTB1JlZG1vbmQxHjAcBgNVBAoTFU1pY3Jvc29mdCBDb3Jw\r\n# b3JhdGlvbjENMAsGA1UECxMETU9QUjEnMCUGA1UECxMebkNpcGhlciBEU0UgRVNO\r\n# OjMxQzUtMzBCQS03QzkxMSUwIwYDVQQDExxNaWNyb3NvZnQgVGltZS1TdGFtcCBT\r\n# ZXJ2aWNlMIIBIjANBgkqhkiG9w0BAQEFAAOCAQ8AMIIBCgKCAQEAm9vWEfGEH1m0\r\n# kUedzTgvsolxQaJbPc6WtX2a9wqAK0ICg8R8//f26pcftWw4XkuVVOjsk9K5TeT3\r\n# KyaHr7vrG+hNHCFDF/igM5qRsYFNOIEkUwKxdnlaLqz7y4xcXTubXKU7NoBsI3S2\r\n# xnffQyfNOpmouBP65aqjt8VzhFbsjsFIMwGJMa8nNq07LQDicQQxvva3dLFnP1rl\r\n# hLUBJpB4iYAlPj5CHFJKZCcCaM6iBr7QtT5EF4CZiImcwLkP1fI5lcM1FLsJEEW5\r\n# 6m5frIDLh3xFZAImCU+adqVmvhBJKKO57P+y+mFb+WPqknL1SurKOz0TkYw7/TnW\r\n# STwC7nod4QIDAQABo4IBCTCCAQUwHQYDVR0OBBYEFLkUVdsQ7WBr1Q2DdA3Oc3OV\r\n# ImUcMB8GA1UdIwQYMBaAFCM0+NlSRnAK7UD7dvuzK7DDNbMPMFQGA1UdHwRNMEsw\r\n# SaBHoEWGQ2h0dHA6Ly9jcmwubWljcm9zb2Z0LmNvbS9wa2kvY3JsL3Byb2R1Y3Rz\r\n# L01pY3Jvc29mdFRpbWVTdGFtcFBDQS5jcmwwWAYIKwYBBQUHAQEETDBKMEgGCCsG\r\n# AQUFBzAChjxodHRwOi8vd3d3Lm1pY3Jvc29mdC5jb20vcGtpL2NlcnRzL01pY3Jv\r\n# c29mdFRpbWVTdGFtcFBDQS5jcnQwEwYDVR0lBAwwCgYIKwYBBQUHAwgwDQYJKoZI\r\n# hvcNAQEFBQADggEBAJaVlxhREadlaCDXqFbP6lUQVKjx5/JsbwouUz8YgQjPN/Y1\r\n# ymKKoJBe4u9HzqrHBZj93hq26BKkmrnKpWKvyOY+ODJcA9PzaPlgnMeyJdykTGuP\r\n# BsvYtsFYIn6E1Wu56PE+L3n28vpsaOjKAl8BvrGgbPmPRbm4SwZfxJSO9+3r1yFa\r\n# uFZbeGfcQAl82pKj27zQmh2O5snaz1Iff7+W3owsX20ilqNJ+acaIl7/6cpyJUC4\r\n# 87hUHlrIV1CyiyLmEOyt7aUQlFLU7VtXgskXVPZ03lGrVDTglUY63lUwGhdwL5f2\r\n# CgYipvqCjochior3gYxSN0w6jQRbNcvzG4N1vl0wggTsMIID1KADAgECAhMzAAAA\r\n# sBGvCovQO5/dAAEAAACwMA0GCSqGSIb3DQEBBQUAMHkxCzAJBgNVBAYTAlVTMRMw\r\n# EQYDVQQIEwpXYXNoaW5ndG9uMRAwDgYDVQQHEwdSZWRtb25kMR4wHAYDVQQKExVN\r\n# aWNyb3NvZnQgQ29ycG9yYXRpb24xIzAhBgNVBAMTGk1pY3Jvc29mdCBDb2RlIFNp\r\n# Z25pbmcgUENBMB4XDTEzMDEyNDIyMzMzOVoXDTE0MDQyNDIyMzMzOVowgYMxCzAJ\r\n# BgNVBAYTAlVTMRMwEQYDVQQIEwpXYXNoaW5ndG9uMRAwDgYDVQQHEwdSZWRtb25k\r\n# MR4wHAYDVQQKExVNaWNyb3NvZnQgQ29ycG9yYXRpb24xDTALBgNVBAsTBE1PUFIx\r\n# HjAcBgNVBAMTFU1pY3Jvc29mdCBDb3Jwb3JhdGlvbjCCASIwDQYJKoZIhvcNAQEB\r\n# BQADggEPADCCAQoCggEBAOivXKIgDfgofLwFe3+t7ut2rChTPzrbQH2zjjPmVz+l\r\n# URU0VKXPtIupP6g34S1Q7TUWTu9NetsTdoiwLPBZXKnr4dcpdeQbhSeb8/gtnkE2\r\n# KwtA+747urlcdZMWUkvKM8U3sPPrfqj1QRVcCGUdITfwLLoiCxCxEJ13IoWEfE+5\r\n# G5Cw9aP+i/QMmk6g9ckKIeKq4wE2R/0vgmqBA/WpNdyUV537S9QOgts4jxL+49Z6\r\n# dIhk4WLEJS4qrp0YHw4etsKvJLQOULzeHJNcSaZ5tbbbzvlweygBhLgqKc+/qQUF\r\n# 4eAPcU39rVwjgynrx8VKyOgnhNN+xkMLlQAFsU9lccUCAwEAAaOCAWAwggFcMBMG\r\n# A1UdJQQMMAoGCCsGAQUFBwMDMB0GA1UdDgQWBBRZcaZaM03amAeA/4Qevof5cjJB\r\n# 8jBRBgNVHREESjBIpEYwRDENMAsGA1UECxMETU9QUjEzMDEGA1UEBRMqMzE1OTUr\r\n# NGZhZjBiNzEtYWQzNy00YWEzLWE2NzEtNzZiYzA1MjM0NGFkMB8GA1UdIwQYMBaA\r\n# FMsR6MrStBZYAck3LjMWFrlMmgofMFYGA1UdHwRPME0wS6BJoEeGRWh0dHA6Ly9j\r\n# cmwubWljcm9zb2Z0LmNvbS9wa2kvY3JsL3Byb2R1Y3RzL01pY0NvZFNpZ1BDQV8w\r\n# OC0zMS0yMDEwLmNybDBaBggrBgEFBQcBAQROMEwwSgYIKwYBBQUHMAKGPmh0dHA6\r\n# Ly93d3cubWljcm9zb2Z0LmNvbS9wa2kvY2VydHMvTWljQ29kU2lnUENBXzA4LTMx\r\n# LTIwMTAuY3J0MA0GCSqGSIb3DQEBBQUAA4IBAQAx124qElczgdWdxuv5OtRETQie\r\n# 7l7falu3ec8CnLx2aJ6QoZwLw3+ijPFNupU5+w3g4Zv0XSQPG42IFTp8263Os8ls\r\n# ujksRX0kEVQmMA0N/0fqAwfl5GZdLHudHakQ+hywdPJPaWueqSSE2u2WoN9zpO9q\r\n# GqxLYp7xfMAUf0jNTbJE+fA8k21C2Oh85hegm2hoCSj5ApfvEQO6Z1Ktwemzc6bS\r\n# Y81K4j7k8079/6HguwITO10g3lU/o66QQDE4dSheBKlGbeb1enlAvR/N6EXVruJd\r\n# PvV1x+ZmY2DM1ZqEh40kMPfvNNBjHbFCZ0oOS786Du+2lTqnOOQlkgimiGaCMIIF\r\n# vDCCA6SgAwIBAgIKYTMmGgAAAAAAMTANBgkqhkiG9w0BAQUFADBfMRMwEQYKCZIm\r\n# iZPyLGQBGRYDY29tMRkwFwYKCZImiZPyLGQBGRYJbWljcm9zb2Z0MS0wKwYDVQQD\r\n# EyRNaWNyb3NvZnQgUm9vdCBDZXJ0aWZpY2F0ZSBBdXRob3JpdHkwHhcNMTAwODMx\r\n# MjIxOTMyWhcNMjAwODMxMjIyOTMyWjB5MQswCQYDVQQGEwJVUzETMBEGA1UECBMK\r\n# V2FzaGluZ3RvbjEQMA4GA1UEBxMHUmVkbW9uZDEeMBwGA1UEChMVTWljcm9zb2Z0\r\n# IENvcnBvcmF0aW9uMSMwIQYDVQQDExpNaWNyb3NvZnQgQ29kZSBTaWduaW5nIFBD\r\n# QTCCASIwDQYJKoZIhvcNAQEBBQADggEPADCCAQoCggEBALJyWVwZMGS/HZpgICBC\r\n# mXZTbD4b1m/My/Hqa/6XFhDg3zp0gxq3L6Ay7P/ewkJOI9VyANs1VwqJyq4gSfTw\r\n# aKxNS42lvXlLcZtHB9r9Jd+ddYjPqnNEf9eB2/O98jakyVxF3K+tPeAoaJcap6Vy\r\n# c1bxF5Tk/TWUcqDWdl8ed0WDhTgW0HNbBbpnUo2lsmkv2hkL/pJ0KeJ2L1TdFDBZ\r\n# +NKNYv3LyV9GMVC5JxPkQDDPcikQKCLHN049oDI9kM2hOAaFXE5WgigqBTK3S9dP\r\n# Y+fSLWLxRT3nrAgA9kahntFbjCZT6HqqSvJGzzc8OJ60d1ylF56NyxGPVjzBrAlf\r\n# A9MCAwEAAaOCAV4wggFaMA8GA1UdEwEB/wQFMAMBAf8wHQYDVR0OBBYEFMsR6MrS\r\n# tBZYAck3LjMWFrlMmgofMAsGA1UdDwQEAwIBhjASBgkrBgEEAYI3FQEEBQIDAQAB\r\n# MCMGCSsGAQQBgjcVAgQWBBT90TFO0yaKleGYYDuoMW+mPLzYLTAZBgkrBgEEAYI3\r\n# FAIEDB4KAFMAdQBiAEMAQTAfBgNVHSMEGDAWgBQOrIJgQFYnl+UlE/wq4QpTlVnk\r\n# pDBQBgNVHR8ESTBHMEWgQ6BBhj9odHRwOi8vY3JsLm1pY3Jvc29mdC5jb20vcGtp\r\n# L2NybC9wcm9kdWN0cy9taWNyb3NvZnRyb290Y2VydC5jcmwwVAYIKwYBBQUHAQEE\r\n# SDBGMEQGCCsGAQUFBzAChjhodHRwOi8vd3d3Lm1pY3Jvc29mdC5jb20vcGtpL2Nl\r\n# cnRzL01pY3Jvc29mdFJvb3RDZXJ0LmNydDANBgkqhkiG9w0BAQUFAAOCAgEAWTk+\r\n# fyZGr+tvQLEytWrrDi9uqEn361917Uw7LddDrQv+y+ktMaMjzHxQmIAhXaw9L0y6\r\n# oqhWnONwu7i0+Hm1SXL3PupBf8rhDBdpy6WcIC36C1DEVs0t40rSvHDnqA2iA6VW\r\n# 4LiKS1fylUKc8fPv7uOGHzQ8uFaa8FMjhSqkghyT4pQHHfLiTviMocroE6WRTsgb\r\n# 0o9ylSpxbZsa+BzwU9ZnzCL/XB3Nooy9J7J5Y1ZEolHN+emjWFbdmwJFRC9f9Nqu\r\n# 1IIybvyklRPk62nnqaIsvsgrEA5ljpnb9aL6EiYJZTiU8XofSrvR4Vbo0HiWGFzJ\r\n# NRZf3ZMdSY4tvq00RBzuEBUaAF3dNVshzpjHCe6FDoxPbQ4TTj18KUicctHzbMrB\r\n# 7HCjV5JXfZSNoBtIA1r3z6NnCnSlNu0tLxfI5nI3EvRvsTxngvlSso0zFmUeDord\r\n# EN5k9G/ORtTTF+l5xAS00/ss3x+KnqwK+xMnQK3k+eGpf0a7B2BHZWBATrBC7E7t\r\n# s3Z52Ao0CW0cgDEf4g5U3eWh++VHEK1kmP9QFi58vwUheuKVQSdpw5OPlcmN2Jsh\r\n# rg1cnPCiroZogwxqLbt2awAdlq3yFnv2FoMkuYjPaqhHMS+a3ONxPdcAfmJH0c6I\r\n# ybgY+g5yjcGjPa8CQGr/aZuW4hCoELQ3UAjWwz0wggYHMIID76ADAgECAgphFmg0\r\n# AAAAAAAcMA0GCSqGSIb3DQEBBQUAMF8xEzARBgoJkiaJk/IsZAEZFgNjb20xGTAX\r\n# BgoJkiaJk/IsZAEZFgltaWNyb3NvZnQxLTArBgNVBAMTJE1pY3Jvc29mdCBSb290\r\n# IENlcnRpZmljYXRlIEF1dGhvcml0eTAeFw0wNzA0MDMxMjUzMDlaFw0yMTA0MDMx\r\n# MzAzMDlaMHcxCzAJBgNVBAYTAlVTMRMwEQYDVQQIEwpXYXNoaW5ndG9uMRAwDgYD\r\n# VQQHEwdSZWRtb25kMR4wHAYDVQQKExVNaWNyb3NvZnQgQ29ycG9yYXRpb24xITAf\r\n# BgNVBAMTGE1pY3Jvc29mdCBUaW1lLVN0YW1wIFBDQTCCASIwDQYJKoZIhvcNAQEB\r\n# BQADggEPADCCAQoCggEBAJ+hbLHf20iSKnxrLhnhveLjxZlRI1Ctzt0YTiQP7tGn\r\n# 0UytdDAgEesH1VSVFUmUG0KSrphcMCbaAGvoe73siQcP9w4EmPCJzB/LMySHnfL0\r\n# Zxws/HvniB3q506jocEjU8qN+kXPCdBer9CwQgSi+aZsk2fXKNxGU7CG0OUoRi4n\r\n# rIZPVVIM5AMs+2qQkDBuh/NZMJ36ftaXs+ghl3740hPzCLdTbVK0RZCfSABKR2YR\r\n# JylmqJfk0waBSqL5hKcRRxQJgp+E7VV4/gGaHVAIhQAQMEbtt94jRrvELVSfrx54\r\n# QTF3zJvfO4OToWECtR0Nsfz3m7IBziJLVP/5BcPCIAsCAwEAAaOCAaswggGnMA8G\r\n# A1UdEwEB/wQFMAMBAf8wHQYDVR0OBBYEFCM0+NlSRnAK7UD7dvuzK7DDNbMPMAsG\r\n# A1UdDwQEAwIBhjAQBgkrBgEEAYI3FQEEAwIBADCBmAYDVR0jBIGQMIGNgBQOrIJg\r\n# QFYnl+UlE/wq4QpTlVnkpKFjpGEwXzETMBEGCgmSJomT8ixkARkWA2NvbTEZMBcG\r\n# CgmSJomT8ixkARkWCW1pY3Jvc29mdDEtMCsGA1UEAxMkTWljcm9zb2Z0IFJvb3Qg\r\n# Q2VydGlmaWNhdGUgQXV0aG9yaXR5ghB5rRahSqClrUxzWPQHEy5lMFAGA1UdHwRJ\r\n# MEcwRaBDoEGGP2h0dHA6Ly9jcmwubWljcm9zb2Z0LmNvbS9wa2kvY3JsL3Byb2R1\r\n# Y3RzL21pY3Jvc29mdHJvb3RjZXJ0LmNybDBUBggrBgEFBQcBAQRIMEYwRAYIKwYB\r\n# BQUHMAKGOGh0dHA6Ly93d3cubWljcm9zb2Z0LmNvbS9wa2kvY2VydHMvTWljcm9z\r\n# b2Z0Um9vdENlcnQuY3J0MBMGA1UdJQQMMAoGCCsGAQUFBwMIMA0GCSqGSIb3DQEB\r\n# BQUAA4ICAQAQl4rDXANENt3ptK132855UU0BsS50cVttDBOrzr57j7gu1BKijG1i\r\n# uFcCy04gE1CZ3XpA4le7r1iaHOEdAYasu3jyi9DsOwHu4r6PCgXIjUji8FMV3U+r\r\n# kuTnjWrVgMHmlPIGL4UD6ZEqJCJw+/b85HiZLg33B+JwvBhOnY5rCnKVuKE5nGct\r\n# xVEO6mJcPxaYiyA/4gcaMvnMMUp2MT0rcgvI6nA9/4UKE9/CCmGO8Ne4F+tOi3/F\r\n# NSteo7/rvH0LQnvUU3Ih7jDKu3hlXFsBFwoUDtLaFJj1PLlmWLMtL+f5hYbMUVbo\r\n# nXCUbKw5TNT2eb+qGHpiKe+imyk0BncaYsk9Hm0fgvALxyy7z0Oz5fnsfbXjpKh0\r\n# NbhOxXEjEiZ2CzxSjHFaRkMUvLOzsE1nyJ9C/4B5IYCeFTBm6EISXhrIniIh0EPp\r\n# K+m79EjMLNTYMoBMJipIJF9a6lbvpt6Znco6b72BJ3QGEe52Ib+bgsEnVLaxaj2J\r\n# oXZhtG6hE6a/qkfwEm/9ijJssv7fUciMI8lmvZ0dhxJkAj0tr1mPuOQh5bWwymO0\r\n# eFQF1EEuUKyUsKV4q7OglnUa2ZKHE3UiLzKoCG6gW4wlv6DvhMoh1useT8ma7kng\r\n# 9wFlb4kLfchpyOZu6qeXzjEp/w7FW1zYTRuh2Povnj8uVRZryROj/TGCBKcwggSj\r\n# AgEBMIGQMHkxCzAJBgNVBAYTAlVTMRMwEQYDVQQIEwpXYXNoaW5ndG9uMRAwDgYD\r\n# VQQHEwdSZWRtb25kMR4wHAYDVQQKExVNaWNyb3NvZnQgQ29ycG9yYXRpb24xIzAh\r\n# BgNVBAMTGk1pY3Jvc29mdCBDb2RlIFNpZ25pbmcgUENBAhMzAAAAsBGvCovQO5/d\r\n# AAEAAACwMAkGBSsOAwIaBQCggcAwGQYJKoZIhvcNAQkDMQwGCisGAQQBgjcCAQQw\r\n# HAYKKwYBBAGCNwIBCzEOMAwGCisGAQQBgjcCARUwIwYJKoZIhvcNAQkEMRYEFClk\r\n# UQl5qDpcmXxdpFeDJK8FifcsMGAGCisGAQQBgjcCAQwxUjBQoCaAJABXAGkAbgBk\r\n# AG8AdwBzACAAUABvAHcAZQByAFMAaABlAGwAbKEmgCRodHRwOi8vd3d3Lm1pY3Jv\r\n# c29mdC5jb20vcG93ZXJzaGVsbCAwDQYJKoZIhvcNAQEBBQAEggEALlxQato88b0W\r\n# GuCgTkjSdxozipikRZRALhDIbPeqH6HtmgJcwK723FNOko6J0Xrhnt1w+Ypx77X2\r\n# 8yP9Hu2sG+Cm+vH4RcLCKR9zAUQGmURsoNhCcRebCKchavCcPqYzL8WmMToUVuEB\r\n# epnqGcNr8gMvhur6+Tw22bJewK48IdD96JBDVEoihHj8d0jwM19UFPuT+EmebCRv\r\n# 8ii/hESmbCZnwQclRzaoA3oJ+odsWN+XbE3fHhrGSfnE7yaiMKsyHKQ+RsV9c1x9\r\n# /XgOkPj1o/cfKgQ0qeOamP7HmABCWv9jGBaQ/lpLASraT6gaTl9yEPvuKx1ozorh\r\n# G1o2H651lKGCAigwggIkBgkqhkiG9w0BCQYxggIVMIICEQIBATCBjjB3MQswCQYD\r\n# VQQGEwJVUzETMBEGA1UECBMKV2FzaGluZ3RvbjEQMA4GA1UEBxMHUmVkbW9uZDEe\r\n# MBwGA1UEChMVTWljcm9zb2Z0IENvcnBvcmF0aW9uMSEwHwYDVQQDExhNaWNyb3Nv\r\n# ZnQgVGltZS1TdGFtcCBQQ0ECEzMAAAA1KO5hU5IiYZEAAAAAADUwCQYFKw4DAhoF\r\n# AKBdMBgGCSqGSIb3DQEJAzELBgkqhkiG9w0BBwEwHAYJKoZIhvcNAQkFMQ8XDTEz\r\n# MTIxODAwMjI1OFowIwYJKoZIhvcNAQkEMRYEFKH1XT6678OZm4aTERf5dKwwQZed\r\n# MA0GCSqGSIb3DQEBBQUABIIBAGgc0v8jALuDbFhj0n+eoe+T+K3O7SCk9SDcc8wC\r\n# 9MP+HYeyr7IvyMJY9Prn1v/JEkUNBczhWmFluGBzw1ASpTkP5hJRbdZFiQkbtqR1\r\n# PZi8TWsbcoWjbqzwR3fgiwydRlkDu0zKO+P3pbuHFgO2ACb7ggLRllTgfWNJFZGg\r\n# iHFwS0JLQttb18AZTZyt7VteGhzOrcfRP97+bPpidJXfR1eMXbeoXuAROO0LdNP1\r\n# 6QcsS/++dFMLo+s7ISTcdh9OTKg672kD7zo2+UKZ/MvJbsOikD7cFJppM2ZDCnvi\r\n# S5HhTmzKz47z2m+/DsWq7NMZ1pfJFojTeMw8niuUPNOZWRg=\r\n# SIG # End signature block\r\n","ScriptBlockId":"16d76d76-3735-4dba-b212-ff9bf3329a0f"}}}
{"Event_attributes":{"xmlns":"http://schemas.microsoft.com/win/2004/08/events/event"},"Event":{"System":{"Provider_attributes":{"Name":"Microsoft-Windows-PowerShell","Guid":"A0C1853B-5C40-4B15-8766-3CF1C58F985A"},"EventID":4104,"Version":1,"Level":5,"Task":102,"Opcode":15,"Keywords":"0x0","TimeCreated_attributes":{"SystemTime":"2021-10-25T07:23:05.661043Z"},"EventRecordID":2477,"Correlation_attributes":{"ActivityID":"A674BAE4-BF55-0002-B6CB-8EA655BFD701"},"Execution_attributes":{"ProcessID":852,"ThreadID":2572},"Channel":"Microsoft-Windows-PowerShell/Operational","Computer":"FS03.offsec.lan","Security_attributes":{"UserID":"S-1-5-21-4230534742-2542757381-3142984815-1111"}},"EventData":{"MessageNumber":1,"MessageTotal":1,"ScriptBlockText":"function Get-FileHash\r\n{\r\n    [CmdletBinding(DefaultParameterSetName = \"Path\")]\r\n    param(\r\n        [Parameter(Mandatory, ParameterSetName=\"Path\", Position = 0)]\r\n        [System.String[]]\r\n        $Path,\r\n\r\n        [Parameter(Mandatory, ParameterSetName=\"LiteralPath\", ValueFromPipelineByPropertyName = $true)]\r\n        [Alias(\"PSPath\")]\r\n        [System.String[]]\r\n        $LiteralPath,\r\n        \r\n        [Parameter(Mandatory, ParameterSetName=\"Stream\")]\r\n        [System.IO.Stream]\r\n        $InputStream,\r\n\r\n        [ValidateSet(\"SHA1\", \"SHA256\", \"SHA384\", \"SHA512\", \"MACTripleDES\", \"MD5\", \"RIPEMD160\")]\r\n        [System.String]\r\n        $Algorithm=\"SHA256\"\r\n    )\r\n    \r\n    begin\r\n    {\r\n        # Construct the strongly-typed crypto object\r\n        $hasher = [System.Security.Cryptography.HashAlgorithm]::Create($Algorithm)\r\n    }\r\n    \r\n    process\r\n    {\r\n        if($PSCmdlet.ParameterSetName -eq \"Stream\")\r\n        {\r\n            GetStreamHash -InputStream $InputStream -RelatedPath $null -Hasher $hasher\r\n        }\r\n        else\r\n        {\r\n            $pathsToProcess = @()\r\n            if($PSCmdlet.ParameterSetName  -eq \"LiteralPath\")\r\n            {\r\n                $pathsToProcess += Resolve-Path -LiteralPath $LiteralPath | Foreach-Object ProviderPath\r\n            }\r\n            if($PSCmdlet.ParameterSetName -eq \"Path\")\r\n            {\r\n                $pathsToProcess += Resolve-Path $Path | Foreach-Object ProviderPath\r\n            }\r\n\r\n            foreach($filePath in $pathsToProcess)\r\n            {\r\n                if(Test-Path -LiteralPath $filePath -PathType Container)\r\n                {\r\n                    continue\r\n                }\r\n\r\n                try\r\n                {\r\n                    # Read the file specified in $FilePath as a Byte array\r\n                    [system.io.stream]$stream = [system.io.file]::OpenRead($filePath)\r\n                    GetStreamHash -InputStream $stream  -RelatedPath $filePath -Hasher $hasher\r\n                }\r\n                catch [Exception]\r\n                {\r\n                    $errorMessage = [Microsoft.PowerShell.Commands.UtilityResources]::FileReadError -f $FilePath, $_\r\n                    Write-Error -Message $errorMessage -Category ReadError -ErrorId \"FileReadError\" -TargetObject $FilePath\r\n                    return\r\n                }\r\n                finally\r\n                {\r\n                    if($stream)\r\n                    {\r\n                        $stream.Close()\r\n                    }\r\n                }                            \r\n            }\r\n        }\r\n    }\r\n}","ScriptBlockId":"44131621-ae8e-417e-a2c3-a8e393f89299"}}}
{"Event_attributes":{"xmlns":"http://schemas.microsoft.com/win/2004/08/events/event"},"Event":{"System":{"Provider_attributes":{"Name":"Microsoft-Windows-PowerShell","Guid":"A0C1853B-5C40-4B15-8766-3CF1C58F985A"},"EventID":4104,"Version":1,"Level":5,"Task":102,"Opcode":15,"Keywords":"0x0","TimeCreated_attributes":{"SystemTime":"2021-10-25T07:23:05.661043Z"},"EventRecordID":2478,"Correlation_attributes":{"ActivityID":"A674BAE4-BF55-0002-B6CB-8EA655BFD701"},"Execution_attributes":{"ProcessID":852,"ThreadID":2572},"Channel":"Microsoft-Windows-PowerShell/Operational","Computer":"FS03.offsec.lan","Security_attributes":{"UserID":"S-1-5-21-4230534742-2542757381-3142984815-1111"}},"EventData":{"MessageNumber":1,"MessageTotal":1,"ScriptBlockText":"function GetStreamHash\r\n{\r\n    param(\r\n        [System.IO.Stream]\r\n        $InputStream,\r\n\r\n        [System.String]\r\n        $RelatedPath,\r\n\r\n        [System.Security.Cryptography.HashAlgorithm]\r\n        $Hasher)\r\n\r\n    # Compute file-hash using the crypto object\r\n    [Byte[]] $computedHash = $Hasher.ComputeHash($InputStream)\r\n    [string] $hash = [BitConverter]::ToString($computedHash) -replace '-',''\r\n\r\n    if ($RelatedPath -eq $null)\r\n    {\r\n        $retVal = [PSCustomObject] @{\r\n            Algorithm = $Algorithm.ToUpperInvariant()\r\n            Hash = $hash\r\n        }\r\n        $retVal.psobject.TypeNames.Insert(0, \"Microsoft.Powershell.Utility.FileHash\")\r\n        $retVal\r\n    }\r\n    else\r\n    {\r\n        $retVal = [PSCustomObject] @{\r\n            Algorithm = $Algorithm.ToUpperInvariant()\r\n            Hash = $hash\r\n            Path = $RelatedPath\r\n        }\r\n        $retVal.psobject.TypeNames.Insert(0, \"Microsoft.Powershell.Utility.FileHash\")\r\n        $retVal\r\n\r\n    }\r\n}","ScriptBlockId":"e59d44d2-d64c-4e01-a200-a56a9dc96066"}}}
{"Event_attributes":{"xmlns":"http://schemas.microsoft.com/win/2004/08/events/event"},"Event":{"System":{"Provider_attributes":{"Name":"Microsoft-Windows-PowerShell","Guid":"A0C1853B-5C40-4B15-8766-3CF1C58F985A"},"EventID":4103,"Version":1,"Level":4,"Task":106,"Opcode":20,"Keywords":"0x0","TimeCreated_attributes":{"SystemTime":"2021-10-25T07:23:05.661043Z"},"EventRecordID":2479,"Correlation_attributes":{"ActivityID":"A674BAE4-BF55-0002-B7CB-8EA655BFD701"},"Execution_attributes":{"ProcessID":852,"ThreadID":2572},"Channel":"Microsoft-Windows-PowerShell/Operational","Computer":"FS03.offsec.lan","Security_attributes":{"UserID":"S-1-5-21-4230534742-2542757381-3142984815-1111"}},"EventData":{"ContextInfo":"        Severity = Informational\r\n        Host Name = ConsoleHost\r\n        Host Version = 4.0\r\n        Host ID = ae3b6f96-abd2-46e7-9579-99db2437fdda\r\n        Host Application = C:\\Windows\\System32\\WindowsPowerShell\\v1.0\\powershell.exe\r\n        Engine Version = 4.0\r\n        Runspace ID = fed00f7d-57af-47e8-85fc-6cb6933b3891\r\n        Pipeline ID = 7\r\n        Command Name = New-Object\r\n        Command Type = Cmdlet\r\n        Script Name = \r\n        Command Path = \r\n        Sequence Number = 26\r\n        User = OFFSEC\\admmig\r\n        Shell ID = Microsoft.PowerShell\r\n","UserData":"","Payload":"CommandInvocation(New-Object): \"New-Object\"\r\nParameterBinding(New-Object): name=\"TypeName\"; value=\"System.Collections.Generic.Dictionary[string,string]\"\r\n"}}}
{"Event_attributes":{"xmlns":"http://schemas.microsoft.com/win/2004/08/events/event"},"Event":{"System":{"Provider_attributes":{"Name":"Microsoft-Windows-PowerShell","Guid":"A0C1853B-5C40-4B15-8766-3CF1C58F985A"},"EventID":4103,"Version":1,"Level":4,"Task":106,"Opcode":20,"Keywords":"0x0","TimeCreated_attributes":{"SystemTime":"2021-10-25T07:23:05.661043Z"},"EventRecordID":2480,"Correlation_attributes":{"ActivityID":"A674BAE4-BF55-0002-B8CB-8EA655BFD701"},"Execution_attributes":{"ProcessID":852,"ThreadID":2572},"Channel":"Microsoft-Windows-PowerShell/Operational","Computer":"FS03.offsec.lan","Security_attributes":{"UserID":"S-1-5-21-4230534742-2542757381-3142984815-1111"}},"EventData":{"ContextInfo":"        Severity = Informational\r\n        Host Name = ConsoleHost\r\n        Host Version = 4.0\r\n        Host ID = ae3b6f96-abd2-46e7-9579-99db2437fdda\r\n        Host Application = C:\\Windows\\System32\\WindowsPowerShell\\v1.0\\powershell.exe\r\n        Engine Version = 4.0\r\n        Runspace ID = fed00f7d-57af-47e8-85fc-6cb6933b3891\r\n        Pipeline ID = 7\r\n        Command Name = Export-ModuleMember\r\n        Command Type = Cmdlet\r\n        Script Name = \r\n        Command Path = \r\n        Sequence Number = 28\r\n        User = OFFSEC\\admmig\r\n        Shell ID = Microsoft.PowerShell\r\n","UserData":"","Payload":"CommandInvocation(Export-ModuleMember): \"Export-ModuleMember\"\r\nParameterBinding(Export-ModuleMember): name=\"Function\"; value=\"\"\r\n"}}}
{"Event_attributes":{"xmlns":"http://schemas.microsoft.com/win/2004/08/events/event"},"Event":{"System":{"Provider_attributes":{"Name":"Microsoft-Windows-PowerShell","Guid":"A0C1853B-5C40-4B15-8766-3CF1C58F985A"},"EventID":4104,"Version":1,"Level":5,"Task":102,"Opcode":15,"Keywords":"0x0","TimeCreated_attributes":{"SystemTime":"2021-10-25T07:23:05.661043Z"},"EventRecordID":2481,"Correlation_attributes":{"ActivityID":"A674BAE4-BF55-0002-B8CB-8EA655BFD701"},"Execution_attributes":{"ProcessID":852,"ThreadID":2572},"Channel":"Microsoft-Windows-PowerShell/Operational","Computer":"FS03.offsec.lan","Security_attributes":{"UserID":"S-1-5-21-4230534742-2542757381-3142984815-1111"}},"EventData":{"MessageNumber":1,"MessageTotal":1,"ScriptBlockText":"function __cmdletization_BindCommonParameters\r\n{\r\n    param(\r\n        $__cmdletization_objectModelWrapper,\r\n        $myPSBoundParameters\r\n    )       \r\n                \r\n\r\n        if ($myPSBoundParameters.ContainsKey('CimSession')) { \r\n            $__cmdletization_objectModelWrapper.PSObject.Properties['CimSession'].Value = $myPSBoundParameters['CimSession'] \r\n        }\r\n                    \r\n\r\n        if ($myPSBoundParameters.ContainsKey('ThrottleLimit')) { \r\n            $__cmdletization_objectModelWrapper.PSObject.Properties['ThrottleLimit'].Value = $myPSBoundParameters['ThrottleLimit'] \r\n        }\r\n                    \r\n\r\n        if ($myPSBoundParameters.ContainsKey('AsJob')) { \r\n            $__cmdletization_objectModelWrapper.PSObject.Properties['AsJob'].Value = $myPSBoundParameters['AsJob'] \r\n        }\r\n                    \r\n\r\n}","ScriptBlockId":"a22c859a-3f32-4275-a0e3-04eaeac79a52"}}}
{"Event_attributes":{"xmlns":"http://schemas.microsoft.com/win/2004/08/events/event"},"Event":{"System":{"Provider_attributes":{"Name":"Microsoft-Windows-PowerShell","Guid":"A0C1853B-5C40-4B15-8766-3CF1C58F985A"},"EventID":4104,"Version":1,"Level":5,"Task":2,"Opcode":15,"Keywords":"0x0","TimeCreated_attributes":{"SystemTime":"2021-10-25T07:23:05.661043Z"},"EventRecordID":2482,"Correlation_attributes":{"ActivityID":"A674BAE4-BF55-0002-B8CB-8EA655BFD701"},"Execution_attributes":{"ProcessID":852,"ThreadID":2572},"Channel":"Microsoft-Windows-PowerShell/Operational","Computer":"FS03.offsec.lan","Security_attributes":{"UserID":"S-1-5-21-4230534742-2542757381-3142984815-1111"}},"EventData":{"MessageNumber":1,"MessageTotal":3,"ScriptBlockText":"function New-NetFirewallRule\r\n{\r\n    [CmdletBinding(SupportsShouldProcess=$true, ConfirmImpact='Medium', PositionalBinding=$false)]\r\n    \r\n    param(\r\n    \r\n    [Parameter(ParameterSetName='cim:CreateInstance0')]\r\n    [string]\r\n    ${PolicyStore},\r\n\r\n    [Parameter(ParameterSetName='cim:CreateInstance0')]\r\n    [string]\r\n    ${GPOSession},\r\n\r\n    [Parameter(ParameterSetName='cim:CreateInstance0')]\r\n    [Alias('ID')]\r\n    [string]\r\n    ${Name},\r\n\r\n    [Parameter(ParameterSetName='cim:CreateInstance0', Mandatory=$true)]\r\n    [string]\r\n    ${DisplayName},\r\n\r\n    [Parameter(ParameterSetName='cim:CreateInstance0')]\r\n    [string]\r\n    ${Description},\r\n\r\n    [Parameter(ParameterSetName='cim:CreateInstance0')]\r\n    [string]\r\n    ${Group},\r\n\r\n    [Parameter(ParameterSetName='cim:CreateInstance0')]\r\n    [Microsoft.PowerShell.Cmdletization.GeneratedTypes.NetSecurity.Enabled]\r\n    ${Enabled},\r\n\r\n    [Parameter(ParameterSetName='cim:CreateInstance0')]\r\n    [Microsoft.PowerShell.Cmdletization.GeneratedTypes.NetSecurity.Profile]\r\n    ${Profile},\r\n\r\n    [Parameter(ParameterSetName='cim:CreateInstance0')]\r\n    [string[]]\r\n    ${Platform},\r\n\r\n    [Parameter(ParameterSetName='cim:CreateInstance0')]\r\n    [Microsoft.PowerShell.Cmdletization.GeneratedTypes.NetSecurity.Direction]\r\n    ${Direction},\r\n\r\n    [Parameter(ParameterSetName='cim:CreateInstance0')]\r\n    [Microsoft.PowerShell.Cmdletization.GeneratedTypes.NetSecurity.Action]\r\n    ${Action},\r\n\r\n    [Parameter(ParameterSetName='cim:CreateInstance0')]\r\n    [Microsoft.PowerShell.Cmdletization.GeneratedTypes.NetSecurity.EdgeTraversal]\r\n    ${EdgeTraversalPolicy},\r\n\r\n    [Parameter(ParameterSetName='cim:CreateInstance0')]\r\n    [Alias('LSM')]\r\n    [bool]\r\n    ${LooseSourceMapping},\r\n\r\n    [Parameter(ParameterSetName='cim:CreateInstance0')]\r\n    [bool]\r\n    ${LocalOnlyMapping},\r\n\r\n    [Parameter(ParameterSetName='cim:CreateInstance0')]\r\n    [string]\r\n    ${Owner},\r\n\r\n    [Parameter(ParameterSetName='cim:CreateInstance0')]\r\n    [string[]]\r\n    ${LocalAddress},\r\n\r\n    [Parameter(ParameterSetName='cim:CreateInstance0')]\r\n    [string[]]\r\n    ${RemoteAddress},\r\n\r\n    [Parameter(ParameterSetName='cim:CreateInstance0')]\r\n    [string]\r\n    ${Protocol},\r\n\r\n    [Parameter(ParameterSetName='cim:CreateInstance0')]\r\n    [string[]]\r\n    ${LocalPort},\r\n\r\n    [Parameter(ParameterSetName='cim:CreateInstance0')]\r\n    [string[]]\r\n    ${RemotePort},\r\n\r\n    [Parameter(ParameterSetName='cim:CreateInstance0')]\r\n    [string[]]\r\n    ${IcmpType},\r\n\r\n    [Parameter(ParameterSetName='cim:CreateInstance0')]\r\n    [Alias('DynamicTransport')]\r\n    [Microsoft.PowerShell.Cmdletization.GeneratedTypes.NetSecurity.DynamicTransport]\r\n    ${DynamicTarget},\r\n\r\n    [Parameter(ParameterSetName='cim:CreateInstance0')]\r\n    [string]\r\n    ${Program},\r\n\r\n    [Parameter(ParameterSetName='cim:CreateInstance0')]\r\n    [string]\r\n    ${Package},\r\n\r\n    [Parameter(ParameterSetName='cim:CreateInstance0')]\r\n    [string]\r\n    ${Service},\r\n\r\n    [Parameter(ParameterSetName='cim:CreateInstance0')]\r\n    [System.Management.Automation.WildcardPattern[]]\r\n    ${InterfaceAlias},\r\n\r\n    [Parameter(ParameterSetName='cim:CreateInstance0')]\r\n    [Microsoft.PowerShell.Cmdletization.GeneratedTypes.NetSecurity.InterfaceType]\r\n    ${InterfaceType},\r\n\r\n    [Parameter(ParameterSetName='cim:CreateInstance0')]\r\n    [string]\r\n    ${LocalUser},\r\n\r\n    [Parameter(ParameterSetName='cim:CreateInstance0')]\r\n    [string]\r\n    ${RemoteUser},\r\n\r\n    [Parameter(ParameterSetName='cim:CreateInstance0')]\r\n    [string]\r\n    ${RemoteMachine},\r\n\r\n    [Parameter(ParameterSetName='cim:CreateInstance0')]\r\n    [Microsoft.PowerShell.Cmdletization.GeneratedTypes.NetSecurity.Authentication]\r\n    ${Authentication},\r\n\r\n    [Parameter(ParameterSetName='cim:CreateInstance0')]\r\n    [Microsoft.PowerShell.Cmdletization.GeneratedTypes.NetSecurity.Encryption]\r\n    ${Encryption},\r\n\r\n    [Parameter(ParameterSetName='cim:CreateInstance0')]\r\n    [bool]\r\n    ${OverrideBlockRules},\r\n\r\n    [Parameter(ParameterSetName='cim:CreateInstance0')]\r\n    [Alias('Session')]\r\n    [ValidateNotNullOrEmpty()]\r\n    [Microsoft.Management.Infrastructure.CimSession[]]\r\n    ${CimSession},\r\n\r\n    [Parameter(ParameterSetName='cim:CreateInstance0')]\r\n    [int]\r\n    ${ThrottleLimit},\r\n\r\n    [Parameter(ParameterSetName='cim:CreateInstance0')]\r\n    [switch]\r\n    ${AsJob})\r\n\r\n    DynamicParam {\r\n        try \r\n        {\r\n            if (-not $__cmdletization_exceptionHasBeenThrown)\r\n            {\r\n                $__cmdletization_objectModelWrapper = Microsoft.PowerShell.Utility\\New-Object $script:ObjectModelWrapper\r\n                $__cmdletization_objectModelWrapper.Initialize($PSCmdlet, $script:ClassName, $script:ClassVersion, $script:ModuleVersion, $script:PrivateData)\r\n\r\n                if ($__cmdletization_objectModelWrapper -is [System.Management.Automation.IDynamicParameters])\r\n                {\r\n                    ([System.Management.Automation.IDynamicParameters]$__cmdletization_objectModelWrapper).GetDynamicParameters()\r\n                }\r\n            }\r\n        }\r\n        catch\r\n        {\r\n            $__cmdletization_exceptionHasBeenThrown = $true\r\n            throw\r\n        }\r\n    }\r\n\r\n    Begin {\r\n        $__cmdletization_exceptionHasBeenThrown = $false\r\n        try \r\n        {\r\n            __cmdletization_BindCommonParameters $__cmdletization_objectModelWrapper $PSBoundParameters\r\n            $__cmdletization_objectModelWrapper.BeginProcessing()\r\n        }\r\n        catch\r\n        {\r\n            $__cmdletization_exceptionHasBeenThrown = $true\r\n            throw\r\n        }\r\n    }\r\n        \r\n\r\n    Process {\r\n        try \r\n        {\r\n            if (-not $__cmdletization_exceptionHasBeenThrown)\r\n            {\r\n      $__cmdletization_methodParameters = Microsoft.PowerShell.Utility\\New-Object 'System.Collections.Generic.List[Microsoft.PowerShell.Cmdletization.MethodParameter]'\r\n\r\n        [object]$__cmdletization_defaultValue = $null\r\n        [object]$__cmdletization_defaultValueIsPresent = $false\r\n        if ($PSBoundParameters.ContainsKey('PolicyStore')) {\r\n          [object]$__cmdletization_value = ${PolicyStore}\r\n          $__cmdletization_methodParameter = Microsoft.PowerShell.Utility\\New-Object Microsoft.PowerShell.Cmdletization.MethodParameter -Property @{Name = 'cim:OperationOption:PolicyStore'; ParameterType = 'System.String'; Bindings = 'In'; Value = $__cmdletization_value; IsValuePresent = $true}\r\n        } else {\r\n          $__cmdletization_methodParameter = Microsoft.PowerShell.Utility\\New-Object Microsoft.PowerShell.Cmdletization.MethodParameter -Property @{Name = 'cim:OperationOption:PolicyStore'; ParameterType = 'System.String'; Bindings = 'In'; Value = $__cmdletization_defaultValue; IsValuePresent = $__cmdletization_defaultValueIsPresent}\r\n        }\r\n        $__cmdletization_methodParameters.Add($__cmdletization_methodParameter)\r\n\r\n        [object]$__cmdletization_defaultValue = $null\r\n        [object]$__cmdletization_defaultValueIsPresent = $false\r\n        if ($PSBoundParameters.ContainsKey('GPOSession')) {\r\n          [object]$__cmdletization_value = ${GPOSession}\r\n          $__cmdletization_methodParameter = Microsoft.PowerShell.Utility\\New-Object Microsoft.PowerShell.Cmdletization.MethodParameter -Property @{Name = 'cim:OperationOption:GPOSession'; ParameterType = 'System.String'; Bindings = 'In'; Value = $__cmdletization_value; IsValuePresent = $true}\r\n        } else {\r\n          $__cmdletization_methodParameter = Microsoft.PowerShell.Utility\\New-Object Microsoft.PowerShell.Cmdletization.MethodParameter -Property @{Name = 'cim:OperationOption:GPOSession'; ParameterType = 'System.String'; Bindings = 'In'; Value = $__cmdletization_defaultValue; IsValuePresent = $__cmdletization_defaultValueIsPresent}\r\n        }\r\n        $__cmdletization_methodParameters.Add($__cmdletization_methodParameter)\r\n\r\n        [object]$__cmdletization_defaultValue = $null\r\n        [object]$__cmdletization_defaultValueIsPresent = $false\r\n        if ($PSBoundParameters.ContainsKey('Name')) {\r\n          [object]$__cmdletization_value = ${Name}\r\n          $__cmdletization_methodParameter = Microsoft.PowerShell.Utility\\New-Object Microsoft.PowerShell.Cmdletization.MethodParameter -Property @{Name = 'InstanceID'; ParameterType = 'System.String'; Bindings = 'In'; Value = $__cmdletization_value; IsValuePresent = $true}\r\n        } else {\r\n          $__cmdletization_methodParameter = Microsoft.PowerShell.Utility\\New-Object Microsoft.PowerShell.Cmdletization.MethodParameter -Property @{Name = 'InstanceID'; ParameterType = 'System.String'; Bindings = 'In'; Value = $__cmdletization_defaultValue; IsValuePresent = $__cmdletization_defaultValueIsPresent}\r\n        }\r\n        $__cmdletization_methodParameters.Add($__cmdletization_methodParameter)\r\n\r\n        [object]$__cmdletization_defaultValue = $null\r\n        [object]$__cmdletization_defaultValueIsPresent = $false\r\n        if ($PSBoundParameters.ContainsKey('DisplayName')) {\r\n          [object]$__cmdletization_value = ${DisplayName}\r\n          $__cmdletization_methodParameter = Microsoft.PowerShell.Utility\\New-Object Microsoft.PowerShell.Cmdletization.MethodParameter -Property @{Name = 'ElementName'; ParameterType = 'System.String'; Bindings = 'In'; Value = $__cmdletization_value; IsValuePresent = $true}\r\n        } else {\r\n          $__cmdletization_methodParameter = Microsoft.PowerShell.Utility\\New-Object Microsoft.PowerShell.Cmdletization.MethodParameter -Property @{Name = 'ElementName'; ParameterType = 'System.String'; Bindings = 'In'; Value = $__cmdletization_defaultValue; IsValuePresent = $__cmdletization_defaultValueIsPresent}\r\n        }\r\n        $__cmdletization_methodParameters.Add($__cmdletization_methodParameter)\r\n\r\n        [object]$__cmdletization_defaultValue = $null\r\n        [object]$__cmdletization_defaultValueIsPresent = $false\r\n        if ($PSBoundParameters.ContainsKey('Description')) {\r\n          [object]$__cmdletization_value = ${Description}\r\n          $__cmdletization_methodParameter = Microsoft.PowerShell.Utility\\New-Object Microsoft.PowerShell.Cmdletization.MethodParameter -Property @{Name = 'Description'; ParameterType = 'System.String'; Bindings = 'In'; Value = $__cmdletization_value; IsValuePresent = $true}\r\n        } else {\r\n          $__cmdletization_methodParameter = Microsoft.PowerShell.Utility\\New-Object Microsoft.PowerShell.Cmdletization.MethodParameter -Property @{Name = 'Description'; ParameterType = 'System.String'; Bindings = 'In'; Value = $__cmdletization_defaultValue; IsValuePresent = $__cmdletization_defaultValueIsPresent}\r\n        }\r\n        $__cmdletization_methodParameters.Add($__cmdletization_methodParameter)\r\n\r\n        [object]$__cmdletization_defaultValue = $null\r\n        [object]$__cmdletization_defaultValueIsPresent = $false\r\n        if ($PSBoundParameters.ContainsKey('Group')) {\r\n          [object]$__cmdletization_value = ${Group}\r\n          $__cmdletization_methodParameter = Microsoft.PowerShell.Utility\\New-Object Microsoft.PowerShell.Cmdletization.MethodParameter -Property @{Name = 'RuleGroup'; ParameterType = 'System.String'; Bindings = 'In'; Value = $__cmdletization_value; IsValuePresent = $true}\r\n        } else {\r\n          $__cmdletization_methodParameter = Microsoft.PowerShell.Utility\\New-Object Microsoft.PowerShell.Cmdletization.MethodParameter -Property @{Name = 'RuleGroup'; ParameterType = 'System.String'; Bindings = 'In'; Value = $__cmdletization_defaultValue; IsValuePresent = $__cmdletization_defaultValueIsPresent}\r\n        }\r\n        $__cmdletization_methodParameters.Add($__cmdletization_methodParameter)\r\n\r\n        [object]$__cmdletization_defaultValue = $null\r\n        [object]$__cmdletization_defaultValueIsPresent = $false\r\n        if ($PSBoundParameters.ContainsKey('Enabled')) {\r\n          [object]$__cmdletization_value = ${Enabled}\r\n          $__cmdletization_methodParameter = Microsoft.PowerShell.Utility\\New-Object Microsoft.PowerShell.Cmdletization.MethodParameter -Property @{Name = 'Enabled'; ParameterType = 'Microsoft.PowerShell.Cmdletization.GeneratedTypes.NetSecurity.Enabled'; Bindings = 'In'; Value = $__cmdletization_value; IsValuePresent = $true}\r\n        } else {\r\n          $__cmdletization_methodParameter = Microsoft.PowerShell.Utility\\New-Object Microsoft.PowerShell.Cmdletization.MethodParameter -Property @{Name = 'Enabled'; ParameterType = 'Microsoft.PowerShell.Cmdletization.GeneratedTypes.NetSecurity.Enabled'; Bindings = 'In'; Value = $__cmdletization_defaultValue; IsValuePresent = $__cmdletization_defaultValueIsPresent}\r\n        }\r\n        $__cmdletization_methodParameters.Add($__cmdletization_methodParameter)\r\n\r\n        [object]$__cmdletization_defaultValue = $null\r\n        [object]$__cmdletization_defaultValueIsPresent = $false\r\n        if ($PSBoundParameters.ContainsKey('Profile')) {\r\n          [object]$__cmdletization_value = ${Profile}\r\n          $__cmdletization_methodParameter = Microsoft.PowerShell.Utility\\New-Object Microsoft.PowerShell.Cmdletization.MethodParameter -Property @{Name = 'Profiles'; ParameterType = 'Microsoft.PowerShell.Cmdletization.GeneratedTypes.NetSecurity.Profile'; Bindings = 'In'; Value = $__cmdletization_value; IsValuePresent = $true}\r\n        } else {\r\n          $__cmdletization_methodParameter = Microsoft.PowerShell.Utility\\New-Object Microsoft.PowerShell.Cmdletization.MethodParameter -Property @{Name = 'Profiles'; ParameterType = 'Microsoft.PowerShell.Cmdletization.GeneratedTypes.NetSecurity.Profile'; Bindings = 'In'; Value = $__cmdletization_defaultValue; IsValuePresent = $__cmdletization_defaultValueIsPresent}\r\n        }\r\n        $__cmdletization_methodParameters.Add($__cmdletization_methodParameter)\r\n\r\n        [object]$__cmdletization_defaultValue = $null\r\n        [object]$__cmdletization_defaultValueIsPresent = $false\r\n        if ($PSBoundParameters.ContainsKey('Platform')) {\r\n          [object]$__cmdletization_value = ${Platform}\r\n          $__cmdletization_methodParameter = Microsoft.PowerShell.Utility\\New-Object Microsoft.PowerShell.Cmdletization.MethodParameter -Property @{Name = 'Platforms'; ParameterType = 'System.String[]'; Bindings = 'In'; Value =","ScriptBlockId":"9d99205d-c1f4-4986-9cb0-d98adc84349a"}}}
