{"Event_attributes":{"xmlns":"http://schemas.microsoft.com/win/2004/08/events/event"},"Event":{"System":{"Provider_attributes":{"Name":"PowerShell"},"EventID_attributes":{"Qualifiers":0},"EventID":800,"Level":4,"Task":8,"Keywords":"0x80000000000000","TimeCreated_attributes":{"SystemTime":"2021-10-25T07:23:05.000000Z"},"EventRecordID":740,"Channel":"Windows PowerShell","Computer":"FS03.offsec.lan","Security":null},"EventData":{"Data":{"#text":["if ($(Microsoft.PowerShell.Core\\Get-Command Set-StrictMode -Module Microsoft.PowerShell.Core)) { Microsoft.PowerShell.Core\\Set-StrictMode -Off }\r\n","\tDetailSequence=1\r\n\tDetailTotal=1\r\n\r\n\tSequenceNumber=21\r\n\r\n\tUserId=OFFSEC\\admmig\r\n\tHostName=ConsoleHost\r\n\tHostVersion=4.0\r\n\tHostId=ae3b6f96-abd2-46e7-9579-99db2437fdda\r\n\tHostApplication=C:\\Windows\\System32\\WindowsPowerShell\\v1.0\\powershell.exe\r\n\tEngineVersion=4.0\r\n\tRunspaceId=fed00f7d-57af-47e8-85fc-6cb6933b3891\r\n\tPipelineId=7\r\n\tScriptName=\r\n\tCommandLine=if ($(Microsoft.PowerShell.Core\\Get-Command Set-StrictMode -Module Microsoft.PowerShell.Core)) { Microsoft.PowerShell.Core\\Set-StrictMode -Off }\r\n","CommandInvocation(Get-Command): \"Get-Command\"\r\nParameterBinding(Get-Command): name=\"Module\"; value=\"Microsoft.PowerShell.Core\"\r\nParameterBinding(Get-Command): name=\"Name\"; value=\"Set-StrictMode\"\r\n"]},"Binary":null}}}
{"Event_attributes":{"xmlns":"http://schemas.microsoft.com/win/2004/08/events/event"},"Event":{"System":{"Provider_attributes":{"Name":"PowerShell"},"EventID_attributes":{"Qualifiers":0},"EventID":800,"Level":4,"Task":8,"Keywords":"0x80000000000000","TimeCreated_attributes":{"SystemTime":"2021-10-25T07:23:05.000000Z"},"EventRecordID":741,"Channel":"Windows PowerShell","Computer":"FS03.offsec.lan","Security":null},"EventData":{"Data":{"#text":["if ($(Microsoft.PowerShell.Core\\Get-Command Set-StrictMode -Module Microsoft.PowerShell.Core)) { Microsoft.PowerShell.Core\\Set-StrictMode -Off }\r\n","\tDetailSequence=1\r\n\tDetailTotal=1\r\n\r\n\tSequenceNumber=23\r\n\r\n\tUserId=OFFSEC\\admmig\r\n\tHostName=ConsoleHost\r\n\tHostVersion=4.0\r\n\tHostId=ae3b6f96-abd2-46e7-9579-99db2437fdda\r\n\tHostApplication=C:\\Windows\\System32\\WindowsPowerShell\\v1.0\\powershell.exe\r\n\tEngineVersion=4.0\r\n\tRunspaceId=fed00f7d-57af-47e8-85fc-6cb6933b3891\r\n\tPipelineId=7\r\n\tScriptName=\r\n\tCommandLine=if ($(Microsoft.PowerShell.Core\\Get-Command Set-StrictMode -Module Microsoft.PowerShell.Core)) { Microsoft.PowerShell.Core\\Set-StrictMode -Off }\r\n","CommandInvocation(Set-StrictMode): \"Set-StrictMode\"\r\nParameterBinding(Set-StrictMode): name=\"Off\"; value=\"True\"\r\n"]},"Binary":null}}}
{"Event_attributes":{"xmlns":"http://schemas.microsoft.com/win/2004/08/events/event"},"Event":{"System":{"Provider_attributes":{"Name":"PowerShell"},"EventID_attributes":{"Qualifiers":0},"EventID":800,"Level":4,"Task":8,"Keywords":"0x80000000000000","TimeCreated_attributes":{"SystemTime":"2021-10-25T07:23:05.000000Z"},"EventRecordID":742,"Channel":"Windows PowerShell","Computer":"FS03.offsec.lan","Security":null},"EventData":{"Data":{"#text":["$script:PrivateData = Microsoft.PowerShell.Utility\\New-Object 'System.Collections.Generic.Dictionary[string,string]'\r\n","\tDetailSequence=1\r\n\tDetailTotal=1\r\n\r\n\tSequenceNumber=25\r\n\r\n\tUserId=OFFSEC\\admmig\r\n\tHostName=ConsoleHost\r\n\tHostVersion=4.0\r\n\tHostId=ae3b6f96-abd2-46e7-9579-99db2437fdda\r\n\tHostApplication=C:\\Windows\\System32\\WindowsPowerShell\\v1.0\\powershell.exe\r\n\tEngineVersion=4.0\r\n\tRunspaceId=fed00f7d-57af-47e8-85fc-6cb6933b3891\r\n\tPipelineId=7\r\n\tScriptName=\r\n\tCommandLine=$script:PrivateData = Microsoft.PowerShell.Utility\\New-Object 'System.Collections.Generic.Dictionary[string,string]'\r\n","CommandInvocation(New-Object): \"New-Object\"\r\nParameterBinding(New-Object): name=\"TypeName\"; value=\"System.Collections.Generic.Dictionary[string,string]\"\r\n"]},"Binary":null}}}
{"Event_attributes":{"xmlns":"http://schemas.microsoft.com/win/2004/08/events/event"},"Event":{"System":{"Provider_attributes":{"Name":"PowerShell"},"EventID_attributes":{"Qualifiers":0},"EventID":800,"Level":4,"Task":8,"Keywords":"0x80000000000000","TimeCreated_attributes":{"SystemTime":"2021-10-25T07:23:05.000000Z"},"EventRecordID":743,"Channel":"Windows PowerShell","Computer":"FS03.offsec.lan","Security":null},"EventData":{"Data":{"#text":["Microsoft.PowerShell.Core\\Export-ModuleMember -Function @()\r\n","\tDetailSequence=1\r\n\tDetailTotal=1\r\n\r\n\tSequenceNumber=27\r\n\r\n\tUserId=OFFSEC\\admmig\r\n\tHostName=ConsoleHost\r\n\tHostVersion=4.0\r\n\tHostId=ae3b6f96-abd2-46e7-9579-99db2437fdda\r\n\tHostApplication=C:\\Windows\\System32\\WindowsPowerShell\\v1.0\\powershell.exe\r\n\tEngineVersion=4.0\r\n\tRunspaceId=fed00f7d-57af-47e8-85fc-6cb6933b3891\r\n\tPipelineId=7\r\n\tScriptName=\r\n\tCommandLine=Microsoft.PowerShell.Core\\Export-ModuleMember -Function @()\r\n","CommandInvocation(Export-ModuleMember): \"Export-ModuleMember\"\r\nParameterBinding(Export-ModuleMember): name=\"Function\"; value=\"\"\r\n"]},"Binary":null}}}
{"Event_attributes":{"xmlns":"http://schemas.microsoft.com/win/2004/08/events/event"},"Event":{"System":{"Provider_attributes":{"Name":"PowerShell"},"EventID_attributes":{"Qualifiers":0},"EventID":800,"Level":4,"Task":8,"Keywords":"0x80000000000000","TimeCreated_attributes":{"SystemTime":"2021-10-25T07:23:05.000000Z"},"EventRecordID":744,"Channel":"Windows PowerShell","Computer":"FS03.offsec.lan","Security":null},"EventData":{"Data":{"#text":["Microsoft.PowerShell.Core\\Export-ModuleMember -Function 'New-NetFirewallRule'\r\n","\tDetailSequence=1\r\n\tDetailTotal=1\r\n\r\n\tSequenceNumber=29\r\n\r\n\tUserId=OFFSEC\\admmig\r\n\tHostName=ConsoleHost\r\n\tHostVersion=4.0\r\n\tHostId=ae3b6f96-abd2-46e7-9579-99db2437fdda\r\n\tHostApplication=C:\\Windows\\System32\\WindowsPowerShell\\v1.0\\powershell.exe\r\n\tEngineVersion=4.0\r\n\tRunspaceId=fed00f7d-57af-47e8-85fc-6cb6933b3891\r\n\tPipelineId=7\r\n\tScriptName=\r\n\tCommandLine=Microsoft.PowerShell.Core\\Export-ModuleMember -Function 'New-NetFirewallRule'\r\n","CommandInvocation(Export-ModuleMember): \"Export-ModuleMember\"\r\nParameterBinding(Export-ModuleMember): name=\"Function\"; value=\"New-NetFirewallRule\"\r\n"]},"Binary":null}}}
{"Event_attributes":{"xmlns":"http://schemas.microsoft.com/win/2004/08/events/event"},"Event":{"System":{"Provider_attributes":{"Name":"PowerShell"},"EventID_attributes":{"Qualifiers":0},"EventID":800,"Level":4,"Task":8,"Keywords":"0x80000000000000","TimeCreated_attributes":{"SystemTime":"2021-10-25T07:23:05.000000Z"},"EventRecordID":745,"Channel":"Windows PowerShell","Computer":"FS03.offsec.lan","Security":null},"EventData":{"Data":{"#text":["Microsoft.PowerShell.Core\\Export-ModuleMember -Function 'Show-NetFirewallRule'\r\n","\tDetailSequence=1\r\n\tDetailTotal=1\r\n\r\n\tSequenceNumber=31\r\n\r\n\tUserId=OFFSEC\\admmig\r\n\tHostName=ConsoleHost\r\n\tHostVersion=4.0\r\n\tHostId=ae3b6f96-abd2-46e7-9579-99db2437fdda\r\n\tHostApplication=C:\\Windows\\System32\\WindowsPowerShell\\v1.0\\powershell.exe\r\n\tEngineVersion=4.0\r\n\tRunspaceId=fed00f7d-57af-47e8-85fc-6cb6933b3891\r\n\tPipelineId=7\r\n\tScriptName=\r\n\tCommandLine=Microsoft.PowerShell.Core\\Export-ModuleMember -Function 'Show-NetFirewallRule'\r\n","CommandInvocation(Export-ModuleMember): \"Export-ModuleMember\"\r\nParameterBinding(Export-ModuleMember): name=\"Function\"; value=\"Show-NetFirewallRule\"\r\n"]},"Binary":null}}}
{"Event_attributes":{"xmlns":"http://schemas.microsoft.com/win/2004/08/events/event"},"Event":{"System":{"Provider_attributes":{"Name":"PowerShell"},"EventID_attributes":{"Qualifiers":0},"EventID":800,"Level":4,"Task":8,"Keywords":"0x80000000000000","TimeCreated_attributes":{"SystemTime":"2021-10-25T07:23:05.000000Z"},"EventRecordID":746,"Channel":"Windows PowerShell","Computer":"FS03.offsec.lan","Security":null},"EventData":{"Data":{"#text":["Microsoft.PowerShell.Core\\Export-ModuleMember -Function 'Get-NetFirewallRule'\r\n","\tDetailSequence=1\r\n\tDetailTotal=1\r\n\r\n\tSequenceNumber=33\r\n\r\n\tUserId=OFFSEC\\admmig\r\n\tHostName=ConsoleHost\r\n\tHostVersion=4.0\r\n\tHostId=ae3b6f96-abd2-46e7-9579-99db2437fdda\r\n\tHostApplication=C:\\Windows\\System32\\WindowsPowerShell\\v1.0\\powershell.exe\r\n\tEngineVersion=4.0\r\n\tRunspaceId=fed00f7d-57af-47e8-85fc-6cb6933b3891\r\n\tPipelineId=7\r\n\tScriptName=\r\n\tCommandLine=Microsoft.PowerShell.Core\\Export-ModuleMember -Function 'Get-NetFirewallRule'\r\n","CommandInvocation(Export-ModuleMember): \"Export-ModuleMember\"\r\nParameterBinding(Export-ModuleMember): name=\"Function\"; value=\"Get-NetFirewallRule\"\r\n"]},"Binary":null}}}
{"Event_attributes":{"xmlns":"http://schemas.microsoft.com/win/2004/08/events/event"},"Event":{"System":{"Provider_attributes":{"Name":"PowerShell"},"EventID_attributes":{"Qualifiers":0},"EventID":800,"Level":4,"Task":8,"Keywords":"0x80000000000000","TimeCreated_attributes":{"SystemTime":"2021-10-25T07:23:05.000000Z"},"EventRecordID":747,"Channel":"Windows PowerShell","Computer":"FS03.offsec.lan","Security":null},"EventData":{"Data":{"#text":["Microsoft.PowerShell.Core\\Export-ModuleMember -Function 'Set-NetFirewallRule'\r\n","\tDetailSequence=1\r\n\tDetailTotal=1\r\n\r\n\tSequenceNumber=35\r\n\r\n\tUserId=OFFSEC\\admmig\r\n\tHostName=ConsoleHost\r\n\tHostVersion=4.0\r\n\tHostId=ae3b6f96-abd2-46e7-9579-99db2437fdda\r\n\tHostApplication=C:\\Windows\\System32\\WindowsPowerShell\\v1.0\\powershell.exe\r\n\tEngineVersion=4.0\r\n\tRunspaceId=fed00f7d-57af-47e8-85fc-6cb6933b3891\r\n\tPipelineId=7\r\n\tScriptName=\r\n\tCommandLine=Microsoft.PowerShell.Core\\Export-ModuleMember -Function 'Set-NetFirewallRule'\r\n","CommandInvocation(Export-ModuleMember): \"Export-ModuleMember\"\r\nParameterBinding(Export-ModuleMember): name=\"Function\"; value=\"Set-NetFirewallRule\"\r\n"]},"Binary":null}}}
{"Event_attributes":{"xmlns":"http://schemas.microsoft.com/win/2004/08/events/event"},"Event":{"System":{"Provider_attributes":{"Name":"PowerShell"},"EventID_attributes":{"Qualifiers":0},"EventID":800,"Level":4,"Task":8,"Keywords":"0x80000000000000","TimeCreated_attributes":{"SystemTime":"2021-10-25T07:23:05.000000Z"},"EventRecordID":748,"Channel":"Windows PowerShell","Computer":"FS03.offsec.lan","Security":null},"EventData":{"Data":{"#text":["Microsoft.PowerShell.Core\\Export-ModuleMember -Function 'Remove-NetFirewallRule'\r\n","\tDetailSequence=1\r\n\tDetailTotal=1\r\n\r\n\tSequenceNumber=37\r\n\r\n\tUserId=OFFSEC\\admmig\r\n\tHostName=ConsoleHost\r\n\tHostVersion=4.0\r\n\tHostId=ae3b6f96-abd2-46e7-9579-99db2437fdda\r\n\tHostApplication=C:\\Windows\\System32\\WindowsPowerShell\\v1.0\\powershell.exe\r\n\tEngineVersion=4.0\r\n\tRunspaceId=fed00f7d-57af-47e8-85fc-6cb6933b3891\r\n\tPipelineId=7\r\n\tScriptName=\r\n\tCommandLine=Microsoft.PowerShell.Core\\Export-ModuleMember -Function 'Remove-NetFirewallRule'\r\n","CommandInvocation(Export-ModuleMember): \"Export-ModuleMember\"\r\nParameterBinding(Export-ModuleMember): name=\"Function\"; value=\"Remove-NetFirewallRule\"\r\n"]},"Binary":null}}}
{"Event_attributes":{"xmlns":"http://schemas.microsoft.com/win/2004/08/events/event"},"Event":{"System":{"Provider_attributes":{"Name":"PowerShell"},"EventID_attributes":{"Qualifiers":0},"EventID":800,"Level":4,"Task":8,"Keywords":"0x80000000000000","TimeCreated_attributes":{"SystemTime":"2021-10-25T07:23:05.000000Z"},"EventRecordID":749,"Channel":"Windows PowerShell","Computer":"FS03.offsec.lan","Security":null},"EventData":{"Data":{"#text":["Microsoft.PowerShell.Core\\Export-ModuleMember -Function 'Rename-NetFirewallRule'\r\n","\tDetailSequence=1\r\n\tDetailTotal=1\r\n\r\n\tSequenceNumber=39\r\n\r\n\tUserId=OFFSEC\\admmig\r\n\tHostName=ConsoleHost\r\n\tHostVersion=4.0\r\n\tHostId=ae3b6f96-abd2-46e7-9579-99db2437fdda\r\n\tHostApplication=C:\\Windows\\System32\\WindowsPowerShell\\v1.0\\powershell.exe\r\n\tEngineVersion=4.0\r\n\tRunspaceId=fed00f7d-57af-47e8-85fc-6cb6933b3891\r\n\tPipelineId=7\r\n\tScriptName=\r\n\tCommandLine=Microsoft.PowerShell.Core\\Export-ModuleMember -Function 'Rename-NetFirewallRule'\r\n","CommandInvocation(Export-ModuleMember): \"Export-ModuleMember\"\r\nParameterBinding(Export-ModuleMember): name=\"Function\"; value=\"Rename-NetFirewallRule\"\r\n"]},"Binary":null}}}
{"Event_attributes":{"xmlns":"http://schemas.microsoft.com/win/2004/08/events/event"},"Event":{"System":{"Provider_attributes":{"Name":"PowerShell"},"EventID_attributes":{"Qualifiers":0},"EventID":800,"Level":4,"Task":8,"Keywords":"0x80000000000000","TimeCreated_attributes":{"SystemTime":"2021-10-25T07:23:05.000000Z"},"EventRecordID":750,"Channel":"Windows PowerShell","Computer":"FS03.offsec.lan","Security":null},"EventData":{"Data":{"#text":["Microsoft.PowerShell.Core\\Export-ModuleMember -Function 'Copy-NetFirewallRule'\r\n","\tDetailSequence=1\r\n\tDetailTotal=1\r\n\r\n\tSequenceNumber=41\r\n\r\n\tUserId=OFFSEC\\admmig\r\n\tHostName=ConsoleHost\r\n\tHostVersion=4.0\r\n\tHostId=ae3b6f96-abd2-46e7-9579-99db2437fdda\r\n\tHostApplication=C:\\Windows\\System32\\WindowsPowerShell\\v1.0\\powershell.exe\r\n\tEngineVersion=4.0\r\n\tRunspaceId=fed00f7d-57af-47e8-85fc-6cb6933b3891\r\n\tPipelineId=7\r\n\tScriptName=\r\n\tCommandLine=Microsoft.PowerShell.Core\\Export-ModuleMember -Function 'Copy-NetFirewallRule'\r\n","CommandInvocation(Export-ModuleMember): \"Export-ModuleMember\"\r\nParameterBinding(Export-ModuleMember): name=\"Function\"; value=\"Copy-NetFirewallRule\"\r\n"]},"Binary":null}}}
{"Event_attributes":{"xmlns":"http://schemas.microsoft.com/win/2004/08/events/event"},"Event":{"System":{"Provider_attributes":{"Name":"PowerShell"},"EventID_attributes":{"Qualifiers":0},"EventID":800,"Level":4,"Task":8,"Keywords":"0x80000000000000","TimeCreated_attributes":{"SystemTime":"2021-10-25T07:23:05.000000Z"},"EventRecordID":751,"Channel":"Windows PowerShell","Computer":"FS03.offsec.lan","Security":null},"EventData":{"Data":{"#text":["Microsoft.PowerShell.Core\\Export-ModuleMember -Function 'Enable-NetFirewallRule'\r\n","\tDetailSequence=1\r\n\tDetailTotal=1\r\n\r\n\tSequenceNumber=43\r\n\r\n\tUserId=OFFSEC\\admmig\r\n\tHostName=ConsoleHost\r\n\tHostVersion=4.0\r\n\tHostId=ae3b6f96-abd2-46e7-9579-99db2437fdda\r\n\tHostApplication=C:\\Windows\\System32\\WindowsPowerShell\\v1.0\\powershell.exe\r\n\tEngineVersion=4.0\r\n\tRunspaceId=fed00f7d-57af-47e8-85fc-6cb6933b3891\r\n\tPipelineId=7\r\n\tScriptName=\r\n\tCommandLine=Microsoft.PowerShell.Core\\Export-ModuleMember -Function 'Enable-NetFirewallRule'\r\n","CommandInvocation(Export-ModuleMember): \"Export-ModuleMember\"\r\nParameterBinding(Export-ModuleMember): name=\"Function\"; value=\"Enable-NetFirewallRule\"\r\n"]},"Binary":null}}}
{"Event_attributes":{"xmlns":"http://schemas.microsoft.com/win/2004/08/events/event"},"Event":{"System":{"Provider_attributes":{"Name":"PowerShell"},"EventID_attributes":{"Qualifiers":0},"EventID":800,"Level":4,"Task":8,"Keywords":"0x80000000000000","TimeCreated_attributes":{"SystemTime":"2021-10-25T07:23:05.000000Z"},"EventRecordID":752,"Channel":"Windows PowerShell","Computer":"FS03.offsec.lan","Security":null},"EventData":{"Data":{"#text":["Microsoft.PowerShell.Core\\Export-ModuleMember -Function 'Disable-NetFirewallRule'\r\n","\tDetailSequence=1\r\n\tDetailTotal=1\r\n\r\n\tSequenceNumber=45\r\n\r\n\tUserId=OFFSEC\\admmig\r\n\tHostName=ConsoleHost\r\n\tHostVersion=4.0\r\n\tHostId=ae3b6f96-abd2-46e7-9579-99db2437fdda\r\n\tHostApplication=C:\\Windows\\System32\\WindowsPowerShell\\v1.0\\powershell.exe\r\n\tEngineVersion=4.0\r\n\tRunspaceId=fed00f7d-57af-47e8-85fc-6cb6933b3891\r\n\tPipelineId=7\r\n\tScriptName=\r\n\tCommandLine=Microsoft.PowerShell.Core\\Export-ModuleMember -Function 'Disable-NetFirewallRule'\r\n","CommandInvocation(Export-ModuleMember): \"Export-ModuleMember\"\r\nParameterBinding(Export-ModuleMember): name=\"Function\"; value=\"Disable-NetFirewallRule\"\r\n"]},"Binary":null}}}
{"Event_attributes":{"xmlns":"http://schemas.microsoft.com/win/2004/08/events/event"},"Event":{"System":{"Provider_attributes":{"Name":"PowerShell"},"EventID_attributes":{"Qualifiers":0},"EventID":800,"Level":4,"Task":8,"Keywords":"0x80000000000000","TimeCreated_attributes":{"SystemTime":"2021-10-25T07:23:05.000000Z"},"EventRecordID":753,"Channel":"Windows PowerShell","Computer":"FS03.offsec.lan","Security":null},"EventData":{"Data":{"#text":["if ($(Microsoft.PowerShell.Core\\Get-Command Set-StrictMode -Module Microsoft.PowerShell.Core)) { Microsoft.PowerShell.Core\\Set-StrictMode -Off }\r\n","\tDetailSequence=1\r\n\tDetailTotal=1\r\n\r\n\tSequenceNumber=47\r\n\r\n\tUserId=OFFSEC\\admmig\r\n\tHostName=ConsoleHost\r\n\tHostVersion=4.0\r\n\tHostId=ae3b6f96-abd2-46e7-9579-99db2437fdda\r\n\tHostApplication=C:\\Windows\\System32\\WindowsPowerShell\\v1.0\\powershell.exe\r\n\tEngineVersion=4.0\r\n\tRunspaceId=fed00f7d-57af-47e8-85fc-6cb6933b3891\r\n\tPipelineId=7\r\n\tScriptName=\r\n\tCommandLine=if ($(Microsoft.PowerShell.Core\\Get-Command Set-StrictMode -Module Microsoft.PowerShell.Core)) { Microsoft.PowerShell.Core\\Set-StrictMode -Off }\r\n","CommandInvocation(Get-Command): \"Get-Command\"\r\nParameterBinding(Get-Command): name=\"Module\"; value=\"Microsoft.PowerShell.Core\"\r\nParameterBinding(Get-Command): name=\"Name\"; value=\"Set-StrictMode\"\r\n"]},"Binary":null}}}
{"Event_attributes":{"xmlns":"http://schemas.microsoft.com/win/2004/08/events/event"},"Event":{"System":{"Provider_attributes":{"Name":"PowerShell"},"EventID_attributes":{"Qualifiers":0},"EventID":800,"Level":4,"Task":8,"Keywords":"0x80000000000000","TimeCreated_attributes":{"SystemTime":"2021-10-25T07:23:05.000000Z"},"EventRecordID":754,"Channel":"Windows PowerShell","Computer":"FS03.offsec.lan","Security":null},"EventData":{"Data":{"#text":["if ($(Microsoft.PowerShell.Core\\Get-Command Set-StrictMode -Module Microsoft.PowerShell.Core)) { Microsoft.PowerShell.Core\\Set-StrictMode -Off }\r\n","\tDetailSequence=1\r\n\tDetailTotal=1\r\n\r\n\tSequenceNumber=49\r\n\r\n\tUserId=OFFSEC\\admmig\r\n\tHostName=ConsoleHost\r\n\tHostVersion=4.0\r\n\tHostId=ae3b6f96-abd2-46e7-9579-99db2437fdda\r\n\tHostApplication=C:\\Windows\\System32\\WindowsPowerShell\\v1.0\\powershell.exe\r\n\tEngineVersion=4.0\r\n\tRunspaceId=fed00f7d-57af-47e8-85fc-6cb6933b3891\r\n\tPipelineId=7\r\n\tScriptName=\r\n\tCommandLine=if ($(Microsoft.PowerShell.Core\\Get-Command Set-StrictMode -Module Microsoft.PowerShell.Core)) { Microsoft.PowerShell.Core\\Set-StrictMode -Off }\r\n","CommandInvocation(Set-StrictMode): \"Set-StrictMode\"\r\nParameterBinding(Set-StrictMode): name=\"Off\"; value=\"True\"\r\n"]},"Binary":null}}}
{"Event_attributes":{"xmlns":"http://schemas.microsoft.com/win/2004/08/events/event"},"Event":{"System":{"Provider_attributes":{"Name":"PowerShell"},"EventID_attributes":{"Qualifiers":0},"EventID":800,"Level":4,"Task":8,"Keywords":"0x80000000000000","TimeCreated_attributes":{"SystemTime":"2021-10-25T07:23:05.000000Z"},"EventRecordID":755,"Channel":"Windows PowerShell","Computer":"FS03.offsec.lan","Security":null},"EventData":{"Data":{"#text":["$script:PrivateData = Microsoft.PowerShell.Utility\\New-Object 'System.Collections.Generic.Dictionary[string,string]'\r\n","\tDetailSequence=1\r\n\tDetailTotal=1\r\n\r\n\tSequenceNumber=51\r\n\r\n\tUserId=OFFSEC\\admmig\r\n\tHostName=ConsoleHost\r\n\tHostVersion=4.0\r\n\tHostId=ae3b6f96-abd2-46e7-9579-99db2437fdda\r\n\tHostApplication=C:\\Windows\\System32\\WindowsPowerShell\\v1.0\\powershell.exe\r\n\tEngineVersion=4.0\r\n\tRunspaceId=fed00f7d-57af-47e8-85fc-6cb6933b3891\r\n\tPipelineId=7\r\n\tScriptName=\r\n\tCommandLine=$script:PrivateData = Microsoft.PowerShell.Utility\\New-Object 'System.Collections.Generic.Dictionary[string,string]'\r\n","CommandInvocation(New-Object): \"New-Object\"\r\nParameterBinding(New-Object): name=\"TypeName\"; value=\"System.Collections.Generic.Dictionary[string,string]\"\r\n"]},"Binary":null}}}
{"Event_attributes":{"xmlns":"http://schemas.microsoft.com/win/2004/08/events/event"},"Event":{"System":{"Provider_attributes":{"Name":"PowerShell"},"EventID_attributes":{"Qualifiers":0},"EventID":800,"Level":4,"Task":8,"Keywords":"0x80000000000000","TimeCreated_attributes":{"SystemTime":"2021-10-25T07:23:05.000000Z"},"EventRecordID":756,"Channel":"Windows PowerShell","Computer":"FS03.offsec.lan","Security":null},"EventData":{"Data":{"#text":["Microsoft.PowerShell.Core\\Export-ModuleMember -Function @()\r\n","\tDetailSequence=1\r\n\tDetailTotal=1\r\n\r\n\tSequenceNumber=53\r\n\r\n\tUserId=OFFSEC\\admmig\r\n\tHostName=ConsoleHost\r\n\tHostVersion=4.0\r\n\tHostId=ae3b6f96-abd2-46e7-9579-99db2437fdda\r\n\tHostApplication=C:\\Windows\\System32\\WindowsPowerShell\\v1.0\\powershell.exe\r\n\tEngineVersion=4.0\r\n\tRunspaceId=fed00f7d-57af-47e8-85fc-6cb6933b3891\r\n\tPipelineId=7\r\n\tScriptName=\r\n\tCommandLine=Microsoft.PowerShell.Core\\Export-ModuleMember -Function @()\r\n","CommandInvocation(Export-ModuleMember): \"Export-ModuleMember\"\r\nParameterBinding(Export-ModuleMember): name=\"Function\"; value=\"\"\r\n"]},"Binary":null}}}
{"Event_attributes":{"xmlns":"http://schemas.microsoft.com/win/2004/08/events/event"},"Event":{"System":{"Provider_attributes":{"Name":"PowerShell"},"EventID_attributes":{"Qualifiers":0},"EventID":800,"Level":4,"Task":8,"Keywords":"0x80000000000000","TimeCreated_attributes":{"SystemTime":"2021-10-25T07:23:05.000000Z"},"EventRecordID":757,"Channel":"Windows PowerShell","Computer":"FS03.offsec.lan","Security":null},"EventData":{"Data":{"#text":["Microsoft.PowerShell.Core\\Export-ModuleMember -Function 'New-NetIPsecRule'\r\n","\tDetailSequence=1\r\n\tDetailTotal=1\r\n\r\n\tSequenceNumber=55\r\n\r\n\tUserId=OFFSEC\\admmig\r\n\tHostName=ConsoleHost\r\n\tHostVersion=4.0\r\n\tHostId=ae3b6f96-abd2-46e7-9579-99db2437fdda\r\n\tHostApplication=C:\\Windows\\System32\\WindowsPowerShell\\v1.0\\powershell.exe\r\n\tEngineVersion=4.0\r\n\tRunspaceId=fed00f7d-57af-47e8-85fc-6cb6933b3891\r\n\tPipelineId=7\r\n\tScriptName=\r\n\tCommandLine=Microsoft.PowerShell.Core\\Export-ModuleMember -Function 'New-NetIPsecRule'\r\n","CommandInvocation(Export-ModuleMember): \"Export-ModuleMember\"\r\nParameterBinding(Export-ModuleMember): name=\"Function\"; value=\"New-NetIPsecRule\"\r\n"]},"Binary":null}}}
{"Event_attributes":{"xmlns":"http://schemas.microsoft.com/win/2004/08/events/event"},"Event":{"System":{"Provider_attributes":{"Name":"PowerShell"},"EventID_attributes":{"Qualifiers":0},"EventID":800,"Level":4,"Task":8,"Keywords":"0x80000000000000","TimeCreated_attributes":{"SystemTime":"2021-10-25T07:23:05.000000Z"},"EventRecordID":758,"Channel":"Windows PowerShell","Computer":"FS03.offsec.lan","Security":null},"EventData":{"Data":{"#text":["Microsoft.PowerShell.Core\\Export-ModuleMember -Function 'Show-NetIPsecRule'\r\n","\tDetailSequence=1\r\n\tDetailTotal=1\r\n\r\n\tSequenceNumber=57\r\n\r\n\tUserId=OFFSEC\\admmig\r\n\tHostName=ConsoleHost\r\n\tHostVersion=4.0\r\n\tHostId=ae3b6f96-abd2-46e7-9579-99db2437fdda\r\n\tHostApplication=C:\\Windows\\System32\\WindowsPowerShell\\v1.0\\powershell.exe\r\n\tEngineVersion=4.0\r\n\tRunspaceId=fed00f7d-57af-47e8-85fc-6cb6933b3891\r\n\tPipelineId=7\r\n\tScriptName=\r\n\tCommandLine=Microsoft.PowerShell.Core\\Export-ModuleMember -Function 'Show-NetIPsecRule'\r\n","CommandInvocation(Export-ModuleMember): \"Export-ModuleMember\"\r\nParameterBinding(Export-ModuleMember): name=\"Function\"; value=\"Show-NetIPsecRule\"\r\n"]},"Binary":null}}}
{"Event_attributes":{"xmlns":"http://schemas.microsoft.com/win/2004/08/events/event"},"Event":{"System":{"Provider_attributes":{"Name":"PowerShell"},"EventID_attributes":{"Qualifiers":0},"EventID":800,"Level":4,"Task":8,"Keywords":"0x80000000000000","TimeCreated_attributes":{"SystemTime":"2021-10-25T07:23:05.000000Z"},"EventRecordID":759,"Channel":"Windows PowerShell","Computer":"FS03.offsec.lan","Security":null},"EventData":{"Data":{"#text":["Microsoft.PowerShell.Core\\Export-ModuleMember -Function 'Find-NetIPsecRule'\r\n","\tDetailSequence=1\r\n\tDetailTotal=1\r\n\r\n\tSequenceNumber=59\r\n\r\n\tUserId=OFFSEC\\admmig\r\n\tHostName=ConsoleHost\r\n\tHostVersion=4.0\r\n\tHostId=ae3b6f96-abd2-46e7-9579-99db2437fdda\r\n\tHostApplication=C:\\Windows\\System32\\WindowsPowerShell\\v1.0\\powershell.exe\r\n\tEngineVersion=4.0\r\n\tRunspaceId=fed00f7d-57af-47e8-85fc-6cb6933b3891\r\n\tPipelineId=7\r\n\tScriptName=\r\n\tCommandLine=Microsoft.PowerShell.Core\\Export-ModuleMember -Function 'Find-NetIPsecRule'\r\n","CommandInvocation(Export-ModuleMember): \"Export-ModuleMember\"\r\nParameterBinding(Export-ModuleMember): name=\"Function\"; value=\"Find-NetIPsecRule\"\r\n"]},"Binary":null}}}
{"Event_attributes":{"xmlns":"http://schemas.microsoft.com/win/2004/08/events/event"},"Event":{"System":{"Provider_attributes":{"Name":"PowerShell"},"EventID_attributes":{"Qualifiers":0},"EventID":800,"Level":4,"Task":8,"Keywords":"0x80000000000000","TimeCreated_attributes":{"SystemTime":"2021-10-25T07:23:05.000000Z"},"EventRecordID":760,"Channel":"Windows PowerShell","Computer":"FS03.offsec.lan","Security":null},"EventData":{"Data":{"#text":["Microsoft.PowerShell.Core\\Export-ModuleMember -Function 'Get-NetIPsecRule'\r\n","\tDetailSequence=1\r\n\tDetailTotal=1\r\n\r\n\tSequenceNumber=61\r\n\r\n\tUserId=OFFSEC\\admmig\r\n\tHostName=ConsoleHost\r\n\tHostVersion=4.0\r\n\tHostId=ae3b6f96-abd2-46e7-9579-99db2437fdda\r\n\tHostApplication=C:\\Windows\\System32\\WindowsPowerShell\\v1.0\\powershell.exe\r\n\tEngineVersion=4.0\r\n\tRunspaceId=fed00f7d-57af-47e8-85fc-6cb6933b3891\r\n\tPipelineId=7\r\n\tScriptName=\r\n\tCommandLine=Microsoft.PowerShell.Core\\Export-ModuleMember -Function 'Get-NetIPsecRule'\r\n","CommandInvocation(Export-ModuleMember): \"Export-ModuleMember\"\r\nParameterBinding(Export-ModuleMember): name=\"Function\"; value=\"Get-NetIPsecRule\"\r\n"]},"Binary":null}}}
{"Event_attributes":{"xmlns":"http://schemas.microsoft.com/win/2004/08/events/event"},"Event":{"System":{"Provider_attributes":{"Name":"PowerShell"},"EventID_attributes":{"Qualifiers":0},"EventID":800,"Level":4,"Task":8,"Keywords":"0x80000000000000","TimeCreated_attributes":{"SystemTime":"2021-10-25T07:23:05.000000Z"},"EventRecordID":761,"Channel":"Windows PowerShell","Computer":"FS03.offsec.lan","Security":null},"EventData":{"Data":{"#text":["Microsoft.PowerShell.Core\\Export-ModuleMember -Function 'Set-NetIPsecRule'\r\n","\tDetailSequence=1\r\n\tDetailTotal=1\r\n\r\n\tSequenceNumber=63\r\n\r\n\tUserId=OFFSEC\\admmig\r\n\tHostName=ConsoleHost\r\n\tHostVersion=4.0\r\n\tHostId=ae3b6f96-abd2-46e7-9579-99db2437fdda\r\n\tHostApplication=C:\\Windows\\System32\\WindowsPowerShell\\v1.0\\powershell.exe\r\n\tEngineVersion=4.0\r\n\tRunspaceId=fed00f7d-57af-47e8-85fc-6cb6933b3891\r\n\tPipelineId=7\r\n\tScriptName=\r\n\tCommandLine=Microsoft.PowerShell.Core\\Export-ModuleMember -Function 'Set-NetIPsecRule'\r\n","CommandInvocation(Export-ModuleMember): \"Export-ModuleMember\"\r\nParameterBinding(Export-ModuleMember): name=\"Function\"; value=\"Set-NetIPsecRule\"\r\n"]},"Binary":null}}}
{"Event_attributes":{"xmlns":"http://schemas.microsoft.com/win/2004/08/events/event"},"Event":{"System":{"Provider_attributes":{"Name":"PowerShell"},"EventID_attributes":{"Qualifiers":0},"EventID":800,"Level":4,"Task":8,"Keywords":"0x80000000000000","TimeCreated_attributes":{"SystemTime":"2021-10-25T07:23:05.000000Z"},"EventRecordID":762,"Channel":"Windows PowerShell","Computer":"FS03.offsec.lan","Security":null},"EventData":{"Data":{"#text":["Microsoft.PowerShell.Core\\Export-ModuleMember -Function 'Remove-NetIPsecRule'\r\n","\tDetailSequence=1\r\n\tDetailTotal=1\r\n\r\n\tSequenceNumber=65\r\n\r\n\tUserId=OFFSEC\\admmig\r\n\tHostName=ConsoleHost\r\n\tHostVersion=4.0\r\n\tHostId=ae3b6f96-abd2-46e7-9579-99db2437fdda\r\n\tHostApplication=C:\\Windows\\System32\\WindowsPowerShell\\v1.0\\powershell.exe\r\n\tEngineVersion=4.0\r\n\tRunspaceId=fed00f7d-57af-47e8-85fc-6cb6933b3891\r\n\tPipelineId=7\r\n\tScriptName=\r\n\tCommandLine=Microsoft.PowerShell.Core\\Export-ModuleMember -Function 'Remove-NetIPsecRule'\r\n","CommandInvocation(Export-ModuleMember): \"Export-ModuleMember\"\r\nParameterBinding(Export-ModuleMember): name=\"Function\"; value=\"Remove-NetIPsecRule\"\r\n"]},"Binary":null}}}
{"Event_attributes":{"xmlns":"http://schemas.microsoft.com/win/2004/08/events/event"},"Event":{"System":{"Provider_attributes":{"Name":"PowerShell"},"EventID_attributes":{"Qualifiers":0},"EventID":800,"Level":4,"Task":8,"Keywords":"0x80000000000000","TimeCreated_attributes":{"SystemTime":"2021-10-25T07:23:05.000000Z"},"EventRecordID":763,"Channel":"Windows PowerShell","Computer":"FS03.offsec.lan","Security":null},"EventData":{"Data":{"#text":["Microsoft.PowerShell.Core\\Export-ModuleMember -Function 'Rename-NetIPsecRule'\r\n","\tDetailSequence=1\r\n\tDetailTotal=1\r\n\r\n\tSequenceNumber=67\r\n\r\n\tUserId=OFFSEC\\admmig\r\n\tHostName=ConsoleHost\r\n\tHostVersion=4.0\r\n\tHostId=ae3b6f96-abd2-46e7-9579-99db2437fdda\r\n\tHostApplication=C:\\Windows\\System32\\WindowsPowerShell\\v1.0\\powershell.exe\r\n\tEngineVersion=4.0\r\n\tRunspaceId=fed00f7d-57af-47e8-85fc-6cb6933b3891\r\n\tPipelineId=7\r\n\tScriptName=\r\n\tCommandLine=Microsoft.PowerShell.Core\\Export-ModuleMember -Function 'Rename-NetIPsecRule'\r\n","CommandInvocation(Export-ModuleMember): \"Export-ModuleMember\"\r\nParameterBinding(Export-ModuleMember): name=\"Function\"; value=\"Rename-NetIPsecRule\"\r\n"]},"Binary":null}}}
{"Event_attributes":{"xmlns":"http://schemas.microsoft.com/win/2004/08/events/event"},"Event":{"System":{"Provider_attributes":{"Name":"PowerShell"},"EventID_attributes":{"Qualifiers":0},"EventID":800,"Level":4,"Task":8,"Keywords":"0x80000000000000","TimeCreated_attributes":{"SystemTime":"2021-10-25T07:23:05.000000Z"},"EventRecordID":764,"Channel":"Windows PowerShell","Computer":"FS03.offsec.lan","Security":null},"EventData":{"Data":{"#text":["Microsoft.PowerShell.Core\\Export-ModuleMember -Function 'Copy-NetIPsecRule'\r\n","\tDetailSequence=1\r\n\tDetailTotal=1\r\n\r\n\tSequenceNumber=69\r\n\r\n\tUserId=OFFSEC\\admmig\r\n\tHostName=ConsoleHost\r\n\tHostVersion=4.0\r\n\tHostId=ae3b6f96-abd2-46e7-9579-99db2437fdda\r\n\tHostApplication=C:\\Windows\\System32\\WindowsPowerShell\\v1.0\\powershell.exe\r\n\tEngineVersion=4.0\r\n\tRunspaceId=fed00f7d-57af-47e8-85fc-6cb6933b3891\r\n\tPipelineId=7\r\n\tScriptName=\r\n\tCommandLine=Microsoft.PowerShell.Core\\Export-ModuleMember -Function 'Copy-NetIPsecRule'\r\n","CommandInvocation(Export-ModuleMember): \"Export-ModuleMember\"\r\nParameterBinding(Export-ModuleMember): name=\"Function\"; value=\"Copy-NetIPsecRule\"\r\n"]},"Binary":null}}}
{"Event_attributes":{"xmlns":"http://schemas.microsoft.com/win/2004/08/events/event"},"Event":{"System":{"Provider_attributes":{"Name":"PowerShell"},"EventID_attributes":{"Qualifiers":0},"EventID":800,"Level":4,"Task":8,"Keywords":"0x80000000000000","TimeCreated_attributes":{"SystemTime":"2021-10-25T07:23:05.000000Z"},"EventRecordID":765,"Channel":"Windows PowerShell","Computer":"FS03.offsec.lan","Security":null},"EventData":{"Data":{"#text":["Microsoft.PowerShell.Core\\Export-ModuleMember -Function 'Enable-NetIPsecRule'\r\n","\tDetailSequence=1\r\n\tDetailTotal=1\r\n\r\n\tSequenceNumber=71\r\n\r\n\tUserId=OFFSEC\\admmig\r\n\tHostName=ConsoleHost\r\n\tHostVersion=4.0\r\n\tHostId=ae3b6f96-abd2-46e7-9579-99db2437fdda\r\n\tHostApplication=C:\\Windows\\System32\\WindowsPowerShell\\v1.0\\powershell.exe\r\n\tEngineVersion=4.0\r\n\tRunspaceId=fed00f7d-57af-47e8-85fc-6cb6933b3891\r\n\tPipelineId=7\r\n\tScriptName=\r\n\tCommandLine=Microsoft.PowerShell.Core\\Export-ModuleMember -Function 'Enable-NetIPsecRule'\r\n","CommandInvocation(Export-ModuleMember): \"Export-ModuleMember\"\r\nParameterBinding(Export-ModuleMember): name=\"Function\"; value=\"Enable-NetIPsecRule\"\r\n"]},"Binary":null}}}
{"Event_attributes":{"xmlns":"http://schemas.microsoft.com/win/2004/08/events/event"},"Event":{"System":{"Provider_attributes":{"Name":"PowerShell"},"EventID_attributes":{"Qualifiers":0},"EventID":800,"Level":4,"Task":8,"Keywords":"0x80000000000000","TimeCreated_attributes":{"SystemTime":"2021-10-25T07:23:05.000000Z"},"EventRecordID":766,"Channel":"Windows PowerShell","Computer":"FS03.offsec.lan","Security":null},"EventData":{"Data":{"#text":["Microsoft.PowerShell.Core\\Export-ModuleMember -Function 'Disable-NetIPsecRule'\r\n","\tDetailSequence=1\r\n\tDetailTotal=1\r\n\r\n\tSequenceNumber=73\r\n\r\n\tUserId=OFFSEC\\admmig\r\n\tHostName=ConsoleHost\r\n\tHostVersion=4.0\r\n\tHostId=ae3b6f96-abd2-46e7-9579-99db2437fdda\r\n\tHostApplication=C:\\Windows\\System32\\WindowsPowerShell\\v1.0\\powershell.exe\r\n\tEngineVersion=4.0\r\n\tRunspaceId=fed00f7d-57af-47e8-85fc-6cb6933b3891\r\n\tPipelineId=7\r\n\tScriptName=\r\n\tCommandLine=Microsoft.PowerShell.Core\\Export-ModuleMember -Function 'Disable-NetIPsecRule'\r\n","CommandInvocation(Export-ModuleMember): \"Export-ModuleMember\"\r\nParameterBinding(Export-ModuleMember): name=\"Function\"; value=\"Disable-NetIPsecRule\"\r\n"]},"Binary":null}}}
{"Event_attributes":{"xmlns":"http://schemas.microsoft.com/win/2004/08/events/event"},"Event":{"System":{"Provider_attributes":{"Name":"PowerShell"},"EventID_attributes":{"Qualifiers":0},"EventID":800,"Level":4,"Task":8,"Keywords":"0x80000000000000","TimeCreated_attributes":{"SystemTime":"2021-10-25T07:23:05.000000Z"},"EventRecordID":767,"Channel":"Windows PowerShell","Computer":"FS03.offsec.lan","Security":null},"EventData":{"Data":{"#text":["Microsoft.PowerShell.Core\\Export-ModuleMember -Function 'Sync-NetIPsecRule'\r\n","\tDetailSequence=1\r\n\tDetailTotal=1\r\n\r\n\tSequenceNumber=75\r\n\r\n\tUserId=OFFSEC\\admmig\r\n\tHostName=ConsoleHost\r\n\tHostVersion=4.0\r\n\tHostId=ae3b6f96-abd2-46e7-9579-99db2437fdda\r\n\tHostApplication=C:\\Windows\\System32\\WindowsPowerShell\\v1.0\\powershell.exe\r\n\tEngineVersion=4.0\r\n\tRunspaceId=fed00f7d-57af-47e8-85fc-6cb6933b3891\r\n\tPipelineId=7\r\n\tScriptName=\r\n\tCommandLine=Microsoft.PowerShell.Core\\Export-ModuleMember -Function 'Sync-NetIPsecRule'\r\n","CommandInvocation(Export-ModuleMember): \"Export-ModuleMember\"\r\nParameterBinding(Export-ModuleMember): name=\"Function\"; value=\"Sync-NetIPsecRule\"\r\n"]},"Binary":null}}}
{"Event_attributes":{"xmlns":"http://schemas.microsoft.com/win/2004/08/events/event"},"Event":{"System":{"Provider_attributes":{"Name":"PowerShell"},"EventID_attributes":{"Qualifiers":0},"EventID":800,"Level":4,"Task":8,"Keywords":"0x80000000000000","TimeCreated_attributes":{"SystemTime":"2021-10-25T07:23:05.000000Z"},"EventRecordID":768,"Channel":"Windows PowerShell","Computer":"FS03.offsec.lan","Security":null},"EventData":{"Data":{"#text":["Microsoft.PowerShell.Core\\Export-ModuleMember -Function 'Update-NetIPsecRule'\r\n","\tDetailSequence=1\r\n\tDetailTotal=1\r\n\r\n\tSequenceNumber=77\r\n\r\n\tUserId=OFFSEC\\admmig\r\n\tHostName=ConsoleHost\r\n\tHostVersion=4.0\r\n\tHostId=ae3b6f96-abd2-46e7-9579-99db2437fdda\r\n\tHostApplication=C:\\Windows\\System32\\WindowsPowerShell\\v1.0\\powershell.exe\r\n\tEngineVersion=4.0\r\n\tRunspaceId=fed00f7d-57af-47e8-85fc-6cb6933b3891\r\n\tPipelineId=7\r\n\tScriptName=\r\n\tCommandLine=Microsoft.PowerShell.Core\\Export-ModuleMember -Function 'Update-NetIPsecRule'\r\n","CommandInvocation(Export-ModuleMember): \"Export-ModuleMember\"\r\nParameterBinding(Export-ModuleMember): name=\"Function\"; value=\"Update-NetIPsecRule\"\r\n"]},"Binary":null}}}
{"Event_attributes":{"xmlns":"http://schemas.microsoft.com/win/2004/08/events/event"},"Event":{"System":{"Provider_attributes":{"Name":"PowerShell"},"EventID_attributes":{"Qualifiers":0},"EventID":800,"Level":4,"Task":8,"Keywords":"0x80000000000000","TimeCreated_attributes":{"SystemTime":"2021-10-25T07:23:05.000000Z"},"EventRecordID":769,"Channel":"Windows PowerShell","Computer":"FS03.offsec.lan","Security":null},"EventData":{"Data":{"#text":["if ($(Microsoft.PowerShell.Core\\Get-Command Set-StrictMode -Module Microsoft.PowerShell.Core)) { Microsoft.PowerShell.Core\\Set-StrictMode -Off }\r\n","\tDetailSequence=1\r\n\tDetailTotal=1\r\n\r\n\tSequenceNumber=79\r\n\r\n\tUserId=OFFSEC\\admmig\r\n\tHostName=ConsoleHost\r\n\tHostVersion=4.0\r\n\tHostId=ae3b6f96-abd2-46e7-9579-99db2437fdda\r\n\tHostApplication=C:\\Windows\\System32\\WindowsPowerShell\\v1.0\\powershell.exe\r\n\tEngineVersion=4.0\r\n\tRunspaceId=fed00f7d-57af-47e8-85fc-6cb6933b3891\r\n\tPipelineId=7\r\n\tScriptName=\r\n\tCommandLine=if ($(Microsoft.PowerShell.Core\\Get-Command Set-StrictMode -Module Microsoft.PowerShell.Core)) { Microsoft.PowerShell.Core\\Set-StrictMode -Off }\r\n","CommandInvocation(Get-Command): \"Get-Command\"\r\nParameterBinding(Get-Command): name=\"Module\"; value=\"Microsoft.PowerShell.Core\"\r\nParameterBinding(Get-Command): name=\"Name\"; value=\"Set-StrictMode\"\r\n"]},"Binary":null}}}
{"Event_attributes":{"xmlns":"http://schemas.microsoft.com/win/2004/08/events/event"},"Event":{"System":{"Provider_attributes":{"Name":"PowerShell"},"EventID_attributes":{"Qualifiers":0},"EventID":800,"Level":4,"Task":8,"Keywords":"0x80000000000000","TimeCreated_attributes":{"SystemTime":"2021-10-25T07:23:05.000000Z"},"EventRecordID":770,"Channel":"Windows PowerShell","Computer":"FS03.offsec.lan","Security":null},"EventData":{"Data":{"#text":["if ($(Microsoft.PowerShell.Core\\Get-Command Set-StrictMode -Module Microsoft.PowerShell.Core)) { Microsoft.PowerShell.Core\\Set-StrictMode -Off }\r\n","\tDetailSequence=1\r\n\tDetailTotal=1\r\n\r\n\tSequenceNumber=81\r\n\r\n\tUserId=OFFSEC\\admmig\r\n\tHostName=ConsoleHost\r\n\tHostVersion=4.0\r\n\tHostId=ae3b6f96-abd2-46e7-9579-99db2437fdda\r\n\tHostApplication=C:\\Windows\\System32\\WindowsPowerShell\\v1.0\\powershell.exe\r\n\tEngineVersion=4.0\r\n\tRunspaceId=fed00f7d-57af-47e8-85fc-6cb6933b3891\r\n\tPipelineId=7\r\n\tScriptName=\r\n\tCommandLine=if ($(Microsoft.PowerShell.Core\\Get-Command Set-StrictMode -Module Microsoft.PowerShell.Core)) { Microsoft.PowerShell.Core\\Set-StrictMode -Off }\r\n","CommandInvocation(Set-StrictMode): \"Set-StrictMode\"\r\nParameterBinding(Set-StrictMode): name=\"Off\"; value=\"True\"\r\n"]},"Binary":null}}}
{"Event_attributes":{"xmlns":"http://schemas.microsoft.com/win/2004/08/events/event"},"Event":{"System":{"Provider_attributes":{"Name":"PowerShell"},"EventID_attributes":{"Qualifiers":0},"EventID":800,"Level":4,"Task":8,"Keywords":"0x80000000000000","TimeCreated_attributes":{"SystemTime":"2021-10-25T07:23:05.000000Z"},"EventRecordID":771,"Channel":"Windows PowerShell","Computer":"FS03.offsec.lan","Security":null},"EventData":{"Data":{"#text":["$script:PrivateData = Microsoft.PowerShell.Utility\\New-Object 'System.Collections.Generic.Dictionary[string,string]'\r\n","\tDetailSequence=1\r\n\tDetailTotal=1\r\n\r\n\tSequenceNumber=83\r\n\r\n\tUserId=OFFSEC\\admmig\r\n\tHostName=ConsoleHost\r\n\tHostVersion=4.0\r\n\tHostId=ae3b6f96-abd2-46e7-9579-99db2437fdda\r\n\tHostApplication=C:\\Windows\\System32\\WindowsPowerShell\\v1.0\\powershell.exe\r\n\tEngineVersion=4.0\r\n\tRunspaceId=fed00f7d-57af-47e8-85fc-6cb6933b3891\r\n\tPipelineId=7\r\n\tScriptName=\r\n\tCommandLine=$script:PrivateData = Microsoft.PowerShell.Utility\\New-Object 'System.Collections.Generic.Dictionary[string,string]'\r\n","CommandInvocation(New-Object): \"New-Object\"\r\nParameterBinding(New-Object): name=\"TypeName\"; value=\"System.Collections.Generic.Dictionary[string,string]\"\r\n"]},"Binary":null}}}
{"Event_attributes":{"xmlns":"http://schemas.microsoft.com/win/2004/08/events/event"},"Event":{"System":{"Provider_attributes":{"Name":"PowerShell"},"EventID_attributes":{"Qualifiers":0},"EventID":800,"Level":4,"Task":8,"Keywords":"0x80000000000000","TimeCreated_attributes":{"SystemTime":"2021-10-25T07:23:05.000000Z"},"EventRecordID":772,"Channel":"Windows PowerShell","Computer":"FS03.offsec.lan","Security":null},"EventData":{"Data":{"#text":["Microsoft.PowerShell.Core\\Export-ModuleMember -Function @()\r\n","\tDetailSequence=1\r\n\tDetailTotal=1\r\n\r\n\tSequenceNumber=85\r\n\r\n\tUserId=OFFSEC\\admmig\r\n\tHostName=ConsoleHost\r\n\tHostVersion=4.0\r\n\tHostId=ae3b6f96-abd2-46e7-9579-99db2437fdda\r\n\tHostApplication=C:\\Windows\\System32\\WindowsPowerShell\\v1.0\\powershell.exe\r\n\tEngineVersion=4.0\r\n\tRunspaceId=fed00f7d-57af-47e8-85fc-6cb6933b3891\r\n\tPipelineId=7\r\n\tScriptName=\r\n\tCommandLine=Microsoft.PowerShell.Core\\Export-ModuleMember -Function @()\r\n","CommandInvocation(Export-ModuleMember): \"Export-ModuleMember\"\r\nParameterBinding(Export-ModuleMember): name=\"Function\"; value=\"\"\r\n"]},"Binary":null}}}
{"Event_attributes":{"xmlns":"http://schemas.microsoft.com/win/2004/08/events/event"},"Event":{"System":{"Provider_attributes":{"Name":"PowerShell"},"EventID_attributes":{"Qualifiers":0},"EventID":800,"Level":4,"Task":8,"Keywords":"0x80000000000000","TimeCreated_attributes":{"SystemTime":"2021-10-25T07:23:05.000000Z"},"EventRecordID":773,"Channel":"Windows PowerShell","Computer":"FS03.offsec.lan","Security":null},"EventData":{"Data":{"#text":["Microsoft.PowerShell.Core\\Export-ModuleMember -Function 'New-NetIPsecMainModeRule'\r\n","\tDetailSequence=1\r\n\tDetailTotal=1\r\n\r\n\tSequenceNumber=87\r\n\r\n\tUserId=OFFSEC\\admmig\r\n\tHostName=ConsoleHost\r\n\tHostVersion=4.0\r\n\tHostId=ae3b6f96-abd2-46e7-9579-99db2437fdda\r\n\tHostApplication=C:\\Windows\\System32\\WindowsPowerShell\\v1.0\\powershell.exe\r\n\tEngineVersion=4.0\r\n\tRunspaceId=fed00f7d-57af-47e8-85fc-6cb6933b3891\r\n\tPipelineId=7\r\n\tScriptName=\r\n\tCommandLine=Microsoft.PowerShell.Core\\Export-ModuleMember -Function 'New-NetIPsecMainModeRule'\r\n","CommandInvocation(Export-ModuleMember): \"Export-ModuleMember\"\r\nParameterBinding(Export-ModuleMember): name=\"Function\"; value=\"New-NetIPsecMainModeRule\"\r\n"]},"Binary":null}}}
{"Event_attributes":{"xmlns":"http://schemas.microsoft.com/win/2004/08/events/event"},"Event":{"System":{"Provider_attributes":{"Name":"PowerShell"},"EventID_attributes":{"Qualifiers":0},"EventID":800,"Level":4,"Task":8,"Keywords":"0x80000000000000","TimeCreated_attributes":{"SystemTime":"2021-10-25T07:23:05.000000Z"},"EventRecordID":774,"Channel":"Windows PowerShell","Computer":"FS03.offsec.lan","Security":null},"EventData":{"Data":{"#text":["Microsoft.PowerShell.Core\\Export-ModuleMember -Function 'Get-NetIPsecMainModeRule'\r\n","\tDetailSequence=1\r\n\tDetailTotal=1\r\n\r\n\tSequenceNumber=89\r\n\r\n\tUserId=OFFSEC\\admmig\r\n\tHostName=ConsoleHost\r\n\tHostVersion=4.0\r\n\tHostId=ae3b6f96-abd2-46e7-9579-99db2437fdda\r\n\tHostApplication=C:\\Windows\\System32\\WindowsPowerShell\\v1.0\\powershell.exe\r\n\tEngineVersion=4.0\r\n\tRunspaceId=fed00f7d-57af-47e8-85fc-6cb6933b3891\r\n\tPipelineId=7\r\n\tScriptName=\r\n\tCommandLine=Microsoft.PowerShell.Core\\Export-ModuleMember -Function 'Get-NetIPsecMainModeRule'\r\n","CommandInvocation(Export-ModuleMember): \"Export-ModuleMember\"\r\nParameterBinding(Export-ModuleMember): name=\"Function\"; value=\"Get-NetIPsecMainModeRule\"\r\n"]},"Binary":null}}}
{"Event_attributes":{"xmlns":"http://schemas.microsoft.com/win/2004/08/events/event"},"Event":{"System":{"Provider_attributes":{"Name":"PowerShell"},"EventID_attributes":{"Qualifiers":0},"EventID":800,"Level":4,"Task":8,"Keywords":"0x80000000000000","TimeCreated_attributes":{"SystemTime":"2021-10-25T07:23:05.000000Z"},"EventRecordID":775,"Channel":"Windows PowerShell","Computer":"FS03.offsec.lan","Security":null},"EventData":{"Data":{"#text":["Microsoft.PowerShell.Core\\Export-ModuleMember -Function 'Set-NetIPsecMainModeRule'\r\n","\tDetailSequence=1\r\n\tDetailTotal=1\r\n\r\n\tSequenceNumber=91\r\n\r\n\tUserId=OFFSEC\\admmig\r\n\tHostName=ConsoleHost\r\n\tHostVersion=4.0\r\n\tHostId=ae3b6f96-abd2-46e7-9579-99db2437fdda\r\n\tHostApplication=C:\\Windows\\System32\\WindowsPowerShell\\v1.0\\powershell.exe\r\n\tEngineVersion=4.0\r\n\tRunspaceId=fed00f7d-57af-47e8-85fc-6cb6933b3891\r\n\tPipelineId=7\r\n\tScriptName=\r\n\tCommandLine=Microsoft.PowerShell.Core\\Export-ModuleMember -Function 'Set-NetIPsecMainModeRule'\r\n","CommandInvocation(Export-ModuleMember): \"Export-ModuleMember\"\r\nParameterBinding(Export-ModuleMember): name=\"Function\"; value=\"Set-NetIPsecMainModeRule\"\r\n"]},"Binary":null}}}
{"Event_attributes":{"xmlns":"http://schemas.microsoft.com/win/2004/08/events/event"},"Event":{"System":{"Provider_attributes":{"Name":"PowerShell"},"EventID_attributes":{"Qualifiers":0},"EventID":800,"Level":4,"Task":8,"Keywords":"0x80000000000000","TimeCreated_attributes":{"SystemTime":"2021-10-25T07:23:05.000000Z"},"EventRecordID":776,"Channel":"Windows PowerShell","Computer":"FS03.offsec.lan","Security":null},"EventData":{"Data":{"#text":["Microsoft.PowerShell.Core\\Export-ModuleMember -Function 'Remove-NetIPsecMainModeRule'\r\n","\tDetailSequence=1\r\n\tDetailTotal=1\r\n\r\n\tSequenceNumber=93\r\n\r\n\tUserId=OFFSEC\\admmig\r\n\tHostName=ConsoleHost\r\n\tHostVersion=4.0\r\n\tHostId=ae3b6f96-abd2-46e7-9579-99db2437fdda\r\n\tHostApplication=C:\\Windows\\System32\\WindowsPowerShell\\v1.0\\powershell.exe\r\n\tEngineVersion=4.0\r\n\tRunspaceId=fed00f7d-57af-47e8-85fc-6cb6933b3891\r\n\tPipelineId=7\r\n\tScriptName=\r\n\tCommandLine=Microsoft.PowerShell.Core\\Export-ModuleMember -Function 'Remove-NetIPsecMainModeRule'\r\n","CommandInvocation(Export-ModuleMember): \"Export-ModuleMember\"\r\nParameterBinding(Export-ModuleMember): name=\"Function\"; value=\"Remove-NetIPsecMainModeRule\"\r\n"]},"Binary":null}}}
{"Event_attributes":{"xmlns":"http://schemas.microsoft.com/win/2004/08/events/event"},"Event":{"System":{"Provider_attributes":{"Name":"PowerShell"},"EventID_attributes":{"Qualifiers":0},"EventID":800,"Level":4,"Task":8,"Keywords":"0x80000000000000","TimeCreated_attributes":{"SystemTime":"2021-10-25T07:23:05.000000Z"},"EventRecordID":777,"Channel":"Windows PowerShell","Computer":"FS03.offsec.lan","Security":null},"EventData":{"Data":{"#text":["Microsoft.PowerShell.Core\\Export-ModuleMember -Function 'Rename-NetIPsecMainModeRule'\r\n","\tDetailSequence=1\r\n\tDetailTotal=1\r\n\r\n\tSequenceNumber=95\r\n\r\n\tUserId=OFFSEC\\admmig\r\n\tHostName=ConsoleHost\r\n\tHostVersion=4.0\r\n\tHostId=ae3b6f96-abd2-46e7-9579-99db2437fdda\r\n\tHostApplication=C:\\Windows\\System32\\WindowsPowerShell\\v1.0\\powershell.exe\r\n\tEngineVersion=4.0\r\n\tRunspaceId=fed00f7d-57af-47e8-85fc-6cb6933b3891\r\n\tPipelineId=7\r\n\tScriptName=\r\n\tCommandLine=Microsoft.PowerShell.Core\\Export-ModuleMember -Function 'Rename-NetIPsecMainModeRule'\r\n","CommandInvocation(Export-ModuleMember): \"Export-ModuleMember\"\r\nParameterBinding(Export-ModuleMember): name=\"Function\"; value=\"Rename-NetIPsecMainModeRule\"\r\n"]},"Binary":null}}}
{"Event_attributes":{"xmlns":"http://schemas.microsoft.com/win/2004/08/events/event"},"Event":{"System":{"Provider_attributes":{"Name":"PowerShell"},"EventID_attributes":{"Qualifiers":0},"EventID":800,"Level":4,"Task":8,"Keywords":"0x80000000000000","TimeCreated_attributes":{"SystemTime":"2021-10-25T07:23:05.000000Z"},"EventRecordID":778,"Channel":"Windows PowerShell","Computer":"FS03.offsec.lan","Security":null},"EventData":{"Data":{"#text":["Microsoft.PowerShell.Core\\Export-ModuleMember -Function 'Copy-NetIPsecMainModeRule'\r\n","\tDetailSequence=1\r\n\tDetailTotal=1\r\n\r\n\tSequenceNumber=97\r\n\r\n\tUserId=OFFSEC\\admmig\r\n\tHostName=ConsoleHost\r\n\tHostVersion=4.0\r\n\tHostId=ae3b6f96-abd2-46e7-9579-99db2437fdda\r\n\tHostApplication=C:\\Windows\\System32\\WindowsPowerShell\\v1.0\\powershell.exe\r\n\tEngineVersion=4.0\r\n\tRunspaceId=fed00f7d-57af-47e8-85fc-6cb6933b3891\r\n\tPipelineId=7\r\n\tScriptName=\r\n\tCommandLine=Microsoft.PowerShell.Core\\Export-ModuleMember -Function 'Copy-NetIPsecMainModeRule'\r\n","CommandInvocation(Export-ModuleMember): \"Export-ModuleMember\"\r\nParameterBinding(Export-ModuleMember): name=\"Function\"; value=\"Copy-NetIPsecMainModeRule\"\r\n"]},"Binary":null}}}
{"Event_attributes":{"xmlns":"http://schemas.microsoft.com/win/2004/08/events/event"},"Event":{"System":{"Provider_attributes":{"Name":"PowerShell"},"EventID_attributes":{"Qualifiers":0},"EventID":800,"Level":4,"Task":8,"Keywords":"0x80000000000000","TimeCreated_attributes":{"SystemTime":"2021-10-25T07:23:05.000000Z"},"EventRecordID":779,"Channel":"Windows PowerShell","Computer":"FS03.offsec.lan","Security":null},"EventData":{"Data":{"#text":["Microsoft.PowerShell.Core\\Export-ModuleMember -Function 'Enable-NetIPsecMainModeRule'\r\n","\tDetailSequence=1\r\n\tDetailTotal=1\r\n\r\n\tSequenceNumber=99\r\n\r\n\tUserId=OFFSEC\\admmig\r\n\tHostName=ConsoleHost\r\n\tHostVersion=4.0\r\n\tHostId=ae3b6f96-abd2-46e7-9579-99db2437fdda\r\n\tHostApplication=C:\\Windows\\System32\\WindowsPowerShell\\v1.0\\powershell.exe\r\n\tEngineVersion=4.0\r\n\tRunspaceId=fed00f7d-57af-47e8-85fc-6cb6933b3891\r\n\tPipelineId=7\r\n\tScriptName=\r\n\tCommandLine=Microsoft.PowerShell.Core\\Export-ModuleMember -Function 'Enable-NetIPsecMainModeRule'\r\n","CommandInvocation(Export-ModuleMember): \"Export-ModuleMember\"\r\nParameterBinding(Export-ModuleMember): name=\"Function\"; value=\"Enable-NetIPsecMainModeRule\"\r\n"]},"Binary":null}}}
