{"Event_attributes":{"xmlns":"http://schemas.microsoft.com/win/2004/08/events/event"},"Event":{"System":{"Provider_attributes":{"Name":"Microsoft-Windows-Eventlog","Guid":"{fc65ddd8-d6ef-4962-83d5-6e5cfe9ce148}"},"EventID":1102,"Version":0,"Level":4,"Task":104,"Opcode":0,"Keywords":"0x4020000000000000","TimeCreated_attributes":{"SystemTime":"2021-04-26T10:04:23.189864Z"},"EventRecordID":465458,"Correlation":null,"Execution_attributes":{"ProcessID":960,"ThreadID":1780},"Channel":"Security","Computer":"srvdefender01.offsec.lan","Security":null},"UserData":{"LogFileCleared_attributes":{"xmlns":"http://manifests.microsoft.com/win/2004/08/windows/eventlog"},"LogFileCleared":{"SubjectUserSid":"S-1-5-21-4230534742-2542757381-3142984815-1111","SubjectUserName":"admmig","SubjectDomainName":"OFFSEC","SubjectLogonId":"0x2b5f6bf"}}}}
{"Event_attributes":{"xmlns":"http://schemas.microsoft.com/win/2004/08/events/event"},"Event":{"System":{"Provider_attributes":{"Name":"Microsoft-Windows-Security-Auditing","Guid":"54849625-5478-4994-A5BA-3E3B0328C30D"},"EventID":4656,"Version":1,"Level":0,"Task":12800,"Opcode":0,"Keywords":"0x8010000000000000","TimeCreated_attributes":{"SystemTime":"2021-04-26T10:04:28.794534Z"},"EventRecordID":465459,"Correlation":null,"Execution_attributes":{"ProcessID":4,"ThreadID":6924},"Channel":"Security","Computer":"srvdefender01.offsec.lan","Security":null},"EventData":{"SubjectUserSid":"S-1-5-21-4230534742-2542757381-3142984815-1111","SubjectUserName":"admmig","SubjectDomainName":"OFFSEC","SubjectLogonId":"0x2b5f6bf","ObjectServer":"Security","ObjectType":"File","ObjectName":"C:\\Windows\\System32\\sethc.exe","HandleId":"0x0","TransactionId":"00000000-0000-0000-0000-000000000000","AccessList":"%%1537\r\n\t\t\t\t%%1538\r\n\t\t\t\t%%1541\r\n\t\t\t\t%%4416\r\n\t\t\t\t%%4417\r\n\t\t\t\t%%4418\r\n\t\t\t\t%%4419\r\n\t\t\t\t%%4420\r\n\t\t\t\t%%4423\r\n\t\t\t\t%%4424\r\n\t\t\t\t","AccessReason":"%%1537:\t%%1805\r\n\t\t\t\t%%1538:\t%%1801\tD:(A;;0x1200a9;;;BA)\r\n\t\t\t\t%%1541:\t%%1801\tD:(A;;0x1200a9;;;BA)\r\n\t\t\t\t%%4416:\t%%1801\tD:(A;;0x1200a9;;;BA)\r\n\t\t\t\t%%4417:\t%%1805\r\n\t\t\t\t%%4418:\t%%1805\r\n\t\t\t\t%%4419:\t%%1801\tD:(A;;0x1200a9;;;BA)\r\n\t\t\t\t%%4420:\t%%1805\r\n\t\t\t\t%%4423:\t%%1811\tD:(A;;0x1301bf;;;BA)\r\n\t\t\t\t%%4424:\t%%1805\r\n\t\t\t\t","AccessMask":"0x13019f","PrivilegeList":"-","RestrictedSidCount":0,"ProcessId":"0x141c","ProcessName":"C:\\Windows\\System32\\cmd.exe","ResourceAttributes":"-"}}}
{"Event_attributes":{"xmlns":"http://schemas.microsoft.com/win/2004/08/events/event"},"Event":{"System":{"Provider_attributes":{"Name":"Microsoft-Windows-Security-Auditing","Guid":"54849625-5478-4994-A5BA-3E3B0328C30D"},"EventID":4656,"Version":1,"Level":0,"Task":12800,"Opcode":0,"Keywords":"0x8010000000000000","TimeCreated_attributes":{"SystemTime":"2021-04-26T10:04:28.794640Z"},"EventRecordID":465460,"Correlation":null,"Execution_attributes":{"ProcessID":4,"ThreadID":6924},"Channel":"Security","Computer":"srvdefender01.offsec.lan","Security":null},"EventData":{"SubjectUserSid":"S-1-5-21-4230534742-2542757381-3142984815-1111","SubjectUserName":"admmig","SubjectDomainName":"OFFSEC","SubjectLogonId":"0x2b5f6bf","ObjectServer":"Security","ObjectType":"File","ObjectName":"C:\\Windows\\System32\\sethc.exe","HandleId":"0x0","TransactionId":"00000000-0000-0000-0000-000000000000","AccessList":"%%1538\r\n\t\t\t\t%%1541\r\n\t\t\t\t%%4417\r\n\t\t\t\t%%4418\r\n\t\t\t\t%%4420\r\n\t\t\t\t%%4423\r\n\t\t\t\t%%4424\r\n\t\t\t\t","AccessReason":"%%1538:\t%%1801\tD:(A;;0x1200a9;;;BA)\r\n\t\t\t\t%%1541:\t%%1801\tD:(A;;0x1200a9;;;BA)\r\n\t\t\t\t%%4417:\t%%1805\r\n\t\t\t\t%%4418:\t%%1805\r\n\t\t\t\t%%4420:\t%%1805\r\n\t\t\t\t%%4423:\t%%1811\tD:(A;;0x1301bf;;;BA)\r\n\t\t\t\t%%4424:\t%%1805\r\n\t\t\t\t","AccessMask":"0x120196","PrivilegeList":"-","RestrictedSidCount":0,"ProcessId":"0x141c","ProcessName":"C:\\Windows\\System32\\cmd.exe","ResourceAttributes":"-"}}}
{"Event_attributes":{"xmlns":"http://schemas.microsoft.com/win/2004/08/events/event"},"Event":{"System":{"Provider_attributes":{"Name":"Microsoft-Windows-Security-Auditing","Guid":"54849625-5478-4994-A5BA-3E3B0328C30D"},"EventID":4656,"Version":1,"Level":0,"Task":12800,"Opcode":0,"Keywords":"0x8010000000000000","TimeCreated_attributes":{"SystemTime":"2021-04-26T10:04:28.794693Z"},"EventRecordID":465461,"Correlation":null,"Execution_attributes":{"ProcessID":4,"ThreadID":6924},"Channel":"Security","Computer":"srvdefender01.offsec.lan","Security":null},"EventData":{"SubjectUserSid":"S-1-5-21-4230534742-2542757381-3142984815-1111","SubjectUserName":"admmig","SubjectDomainName":"OFFSEC","SubjectLogonId":"0x2b5f6bf","ObjectServer":"Security","ObjectType":"File","ObjectName":"C:\\Windows\\System32\\sethc.exe","HandleId":"0x0","TransactionId":"00000000-0000-0000-0000-000000000000","AccessList":"%%1537\r\n\t\t\t\t%%1538\r\n\t\t\t\t%%1541\r\n\t\t\t\t%%4416\r\n\t\t\t\t%%4417\r\n\t\t\t\t%%4418\r\n\t\t\t\t%%4419\r\n\t\t\t\t%%4420\r\n\t\t\t\t%%4423\r\n\t\t\t\t%%4424\r\n\t\t\t\t","AccessReason":"%%1537:\t%%1805\r\n\t\t\t\t%%1538:\t%%1801\tD:(A;;0x1200a9;;;BA)\r\n\t\t\t\t%%1541:\t%%1801\tD:(A;;0x1200a9;;;BA)\r\n\t\t\t\t%%4416:\t%%1801\tD:(A;;0x1200a9;;;BA)\r\n\t\t\t\t%%4417:\t%%1805\r\n\t\t\t\t%%4418:\t%%1805\r\n\t\t\t\t%%4419:\t%%1801\tD:(A;;0x1200a9;;;BA)\r\n\t\t\t\t%%4420:\t%%1805\r\n\t\t\t\t%%4423:\t%%1811\tD:(A;;0x1301bf;;;BA)\r\n\t\t\t\t%%4424:\t%%1805\r\n\t\t\t\t","AccessMask":"0x13019f","PrivilegeList":"-","RestrictedSidCount":0,"ProcessId":"0x141c","ProcessName":"C:\\Windows\\System32\\cmd.exe","ResourceAttributes":"-"}}}
{"Event_attributes":{"xmlns":"http://schemas.microsoft.com/win/2004/08/events/event"},"Event":{"System":{"Provider_attributes":{"Name":"Microsoft-Windows-Security-Auditing","Guid":"54849625-5478-4994-A5BA-3E3B0328C30D"},"EventID":4656,"Version":1,"Level":0,"Task":12800,"Opcode":0,"Keywords":"0x8010000000000000","TimeCreated_attributes":{"SystemTime":"2021-04-26T10:04:28.794796Z"},"EventRecordID":465462,"Correlation":null,"Execution_attributes":{"ProcessID":4,"ThreadID":6924},"Channel":"Security","Computer":"srvdefender01.offsec.lan","Security":null},"EventData":{"SubjectUserSid":"S-1-5-21-4230534742-2542757381-3142984815-1111","SubjectUserName":"admmig","SubjectDomainName":"OFFSEC","SubjectLogonId":"0x2b5f6bf","ObjectServer":"Security","ObjectType":"File","ObjectName":"C:\\Windows\\System32\\sethc.exe","HandleId":"0x0","TransactionId":"00000000-0000-0000-0000-000000000000","AccessList":"%%1538\r\n\t\t\t\t%%1541\r\n\t\t\t\t%%4417\r\n\t\t\t\t%%4418\r\n\t\t\t\t%%4420\r\n\t\t\t\t%%4423\r\n\t\t\t\t%%4424\r\n\t\t\t\t","AccessReason":"%%1538:\t%%1801\tD:(A;;0x1200a9;;;BA)\r\n\t\t\t\t%%1541:\t%%1801\tD:(A;;0x1200a9;;;BA)\r\n\t\t\t\t%%4417:\t%%1805\r\n\t\t\t\t%%4418:\t%%1805\r\n\t\t\t\t%%4420:\t%%1805\r\n\t\t\t\t%%4423:\t%%1811\tD:(A;;0x1301bf;;;BA)\r\n\t\t\t\t%%4424:\t%%1805\r\n\t\t\t\t","AccessMask":"0x120196","PrivilegeList":"-","RestrictedSidCount":0,"ProcessId":"0x141c","ProcessName":"C:\\Windows\\System32\\cmd.exe","ResourceAttributes":"-"}}}
{"Event_attributes":{"xmlns":"http://schemas.microsoft.com/win/2004/08/events/event"},"Event":{"System":{"Provider_attributes":{"Name":"Microsoft-Windows-Security-Auditing","Guid":"54849625-5478-4994-A5BA-3E3B0328C30D"},"EventID":4656,"Version":1,"Level":0,"Task":12800,"Opcode":0,"Keywords":"0x8010000000000000","TimeCreated_attributes":{"SystemTime":"2021-04-26T10:04:28.795021Z"},"EventRecordID":465463,"Correlation":null,"Execution_attributes":{"ProcessID":4,"ThreadID":6924},"Channel":"Security","Computer":"srvdefender01.offsec.lan","Security":null},"EventData":{"SubjectUserSid":"S-1-5-21-4230534742-2542757381-3142984815-1111","SubjectUserName":"admmig","SubjectDomainName":"OFFSEC","SubjectLogonId":"0x2b5f6bf","ObjectServer":"Security","ObjectType":"File","ObjectName":"C:\\Windows\\System32\\sethc.exe","HandleId":"0x0","TransactionId":"00000000-0000-0000-0000-000000000000","AccessList":"%%1537\r\n\t\t\t\t%%1538\r\n\t\t\t\t%%1539\r\n\t\t\t\t%%1541\r\n\t\t\t\t%%4416\r\n\t\t\t\t%%4417\r\n\t\t\t\t%%4418\r\n\t\t\t\t%%4419\r\n\t\t\t\t%%4420\r\n\t\t\t\t%%4423\r\n\t\t\t\t%%4424\r\n\t\t\t\t","AccessReason":"%%1537:\t%%1805\r\n\t\t\t\t%%1538:\t%%1801\tD:(A;;0x1200a9;;;BA)\r\n\t\t\t\t%%1539:\t%%1805\r\n\t\t\t\t%%1541:\t%%1801\tD:(A;;0x1200a9;;;BA)\r\n\t\t\t\t%%4416:\t%%1801\tD:(A;;0x1200a9;;;BA)\r\n\t\t\t\t%%4417:\t%%1805\r\n\t\t\t\t%%4418:\t%%1805\r\n\t\t\t\t%%4419:\t%%1801\tD:(A;;0x1200a9;;;BA)\r\n\t\t\t\t%%4420:\t%%1805\r\n\t\t\t\t%%4423:\t%%1811\tD:(A;;0x1301bf;;;BA)\r\n\t\t\t\t%%4424:\t%%1805\r\n\t\t\t\t","AccessMask":"0x17019f","PrivilegeList":"-","RestrictedSidCount":0,"ProcessId":"0x141c","ProcessName":"C:\\Windows\\System32\\cmd.exe","ResourceAttributes":"-"}}}
{"Event_attributes":{"xmlns":"http://schemas.microsoft.com/win/2004/08/events/event"},"Event":{"System":{"Provider_attributes":{"Name":"Microsoft-Windows-Security-Auditing","Guid":"54849625-5478-4994-A5BA-3E3B0328C30D"},"EventID":4656,"Version":1,"Level":0,"Task":12800,"Opcode":0,"Keywords":"0x8010000000000000","TimeCreated_attributes":{"SystemTime":"2021-04-26T10:04:28.795134Z"},"EventRecordID":465464,"Correlation":null,"Execution_attributes":{"ProcessID":4,"ThreadID":6924},"Channel":"Security","Computer":"srvdefender01.offsec.lan","Security":null},"EventData":{"SubjectUserSid":"S-1-5-21-4230534742-2542757381-3142984815-1111","SubjectUserName":"admmig","SubjectDomainName":"OFFSEC","SubjectLogonId":"0x2b5f6bf","ObjectServer":"Security","ObjectType":"File","ObjectName":"C:\\Windows\\System32\\sethc.exe","HandleId":"0x0","TransactionId":"00000000-0000-0000-0000-000000000000","AccessList":"%%1537\r\n\t\t\t\t%%1538\r\n\t\t\t\t%%1539\r\n\t\t\t\t%%1541\r\n\t\t\t\t%%4416\r\n\t\t\t\t%%4417\r\n\t\t\t\t%%4418\r\n\t\t\t\t%%4420\r\n\t\t\t\t%%4423\r\n\t\t\t\t%%4424\r\n\t\t\t\t","AccessReason":"%%1537:\t%%1805\r\n\t\t\t\t%%1538:\t%%1801\tD:(A;;0x1200a9;;;BA)\r\n\t\t\t\t%%1539:\t%%1805\r\n\t\t\t\t%%1541:\t%%1801\tD:(A;;0x1200a9;;;BA)\r\n\t\t\t\t%%4416:\t%%1801\tD:(A;;0x1200a9;;;BA)\r\n\t\t\t\t%%4417:\t%%1805\r\n\t\t\t\t%%4418:\t%%1805\r\n\t\t\t\t%%4420:\t%%1805\r\n\t\t\t\t%%4423:\t%%1811\tD:(A;;0x1301bf;;;BA)\r\n\t\t\t\t%%4424:\t%%1805\r\n\t\t\t\t","AccessMask":"0x170197","PrivilegeList":"-","RestrictedSidCount":0,"ProcessId":"0x141c","ProcessName":"C:\\Windows\\System32\\cmd.exe","ResourceAttributes":"-"}}}
{"Event_attributes":{"xmlns":"http://schemas.microsoft.com/win/2004/08/events/event"},"Event":{"System":{"Provider_attributes":{"Name":"Microsoft-Windows-Security-Auditing","Guid":"54849625-5478-4994-A5BA-3E3B0328C30D"},"EventID":4656,"Version":1,"Level":0,"Task":12800,"Opcode":0,"Keywords":"0x8010000000000000","TimeCreated_attributes":{"SystemTime":"2021-04-26T10:04:28.795241Z"},"EventRecordID":465465,"Correlation":null,"Execution_attributes":{"ProcessID":4,"ThreadID":6924},"Channel":"Security","Computer":"srvdefender01.offsec.lan","Security":null},"EventData":{"SubjectUserSid":"S-1-5-21-4230534742-2542757381-3142984815-1111","SubjectUserName":"admmig","SubjectDomainName":"OFFSEC","SubjectLogonId":"0x2b5f6bf","ObjectServer":"Security","ObjectType":"File","ObjectName":"C:\\Windows\\System32\\sethc.exe","HandleId":"0x0","TransactionId":"00000000-0000-0000-0000-000000000000","AccessList":"%%1537\r\n\t\t\t\t%%1538\r\n\t\t\t\t%%1539\r\n\t\t\t\t%%1541\r\n\t\t\t\t%%4417\r\n\t\t\t\t%%4418\r\n\t\t\t\t%%4420\r\n\t\t\t\t%%4423\r\n\t\t\t\t%%4424\r\n\t\t\t\t","AccessReason":"%%1537:\t%%1805\r\n\t\t\t\t%%1538:\t%%1801\tD:(A;;0x1200a9;;;BA)\r\n\t\t\t\t%%1539:\t%%1805\r\n\t\t\t\t%%1541:\t%%1801\tD:(A;;0x1200a9;;;BA)\r\n\t\t\t\t%%4417:\t%%1805\r\n\t\t\t\t%%4418:\t%%1805\r\n\t\t\t\t%%4420:\t%%1805\r\n\t\t\t\t%%4423:\t%%1811\tD:(A;;0x1301bf;;;BA)\r\n\t\t\t\t%%4424:\t%%1805\r\n\t\t\t\t","AccessMask":"0x170196","PrivilegeList":"-","RestrictedSidCount":0,"ProcessId":"0x141c","ProcessName":"C:\\Windows\\System32\\cmd.exe","ResourceAttributes":"-"}}}
{"Event_attributes":{"xmlns":"http://schemas.microsoft.com/win/2004/08/events/event"},"Event":{"System":{"Provider_attributes":{"Name":"Microsoft-Windows-Security-Auditing","Guid":"54849625-5478-4994-A5BA-3E3B0328C30D"},"EventID":4656,"Version":1,"Level":0,"Task":12800,"Opcode":0,"Keywords":"0x8010000000000000","TimeCreated_attributes":{"SystemTime":"2021-04-26T10:04:28.795354Z"},"EventRecordID":465466,"Correlation":null,"Execution_attributes":{"ProcessID":4,"ThreadID":6924},"Channel":"Security","Computer":"srvdefender01.offsec.lan","Security":null},"EventData":{"SubjectUserSid":"S-1-5-21-4230534742-2542757381-3142984815-1111","SubjectUserName":"admmig","SubjectDomainName":"OFFSEC","SubjectLogonId":"0x2b5f6bf","ObjectServer":"Security","ObjectType":"File","ObjectName":"C:\\Windows\\System32\\sethc.exe","HandleId":"0x0","TransactionId":"00000000-0000-0000-0000-000000000000","AccessList":"%%1537\r\n\t\t\t\t%%1538\r\n\t\t\t\t%%1539\r\n\t\t\t\t%%1541\r\n\t\t\t\t%%4416\r\n\t\t\t\t%%4417\r\n\t\t\t\t%%4418\r\n\t\t\t\t%%4420\r\n\t\t\t\t%%4423\r\n\t\t\t\t%%4424\r\n\t\t\t\t","AccessReason":"%%1537:\t%%1805\r\n\t\t\t\t%%1538:\t%%1801\tD:(A;;0x1200a9;;;BA)\r\n\t\t\t\t%%1539:\t%%1805\r\n\t\t\t\t%%1541:\t%%1801\tD:(A;;0x1200a9;;;BA)\r\n\t\t\t\t%%4416:\t%%1801\tD:(A;;0x1200a9;;;BA)\r\n\t\t\t\t%%4417:\t%%1805\r\n\t\t\t\t%%4418:\t%%1805\r\n\t\t\t\t%%4420:\t%%1805\r\n\t\t\t\t%%4423:\t%%1811\tD:(A;;0x1301bf;;;BA)\r\n\t\t\t\t%%4424:\t%%1805\r\n\t\t\t\t","AccessMask":"0x170197","PrivilegeList":"-","RestrictedSidCount":0,"ProcessId":"0x141c","ProcessName":"C:\\Windows\\System32\\cmd.exe","ResourceAttributes":"-"}}}
{"Event_attributes":{"xmlns":"http://schemas.microsoft.com/win/2004/08/events/event"},"Event":{"System":{"Provider_attributes":{"Name":"Microsoft-Windows-Security-Auditing","Guid":"54849625-5478-4994-A5BA-3E3B0328C30D"},"EventID":4656,"Version":1,"Level":0,"Task":12800,"Opcode":0,"Keywords":"0x8010000000000000","TimeCreated_attributes":{"SystemTime":"2021-04-26T10:04:28.795470Z"},"EventRecordID":465467,"Correlation":null,"Execution_attributes":{"ProcessID":4,"ThreadID":6924},"Channel":"Security","Computer":"srvdefender01.offsec.lan","Security":null},"EventData":{"SubjectUserSid":"S-1-5-21-4230534742-2542757381-3142984815-1111","SubjectUserName":"admmig","SubjectDomainName":"OFFSEC","SubjectLogonId":"0x2b5f6bf","ObjectServer":"Security","ObjectType":"File","ObjectName":"C:\\Windows\\System32\\sethc.exe","HandleId":"0x0","TransactionId":"00000000-0000-0000-0000-000000000000","AccessList":"%%1537\r\n\t\t\t\t%%1538\r\n\t\t\t\t%%1539\r\n\t\t\t\t%%1541\r\n\t\t\t\t%%4416\r\n\t\t\t\t%%4417\r\n\t\t\t\t%%4418\r\n\t\t\t\t%%4420\r\n\t\t\t\t%%4423\r\n\t\t\t\t%%4424\r\n\t\t\t\t","AccessReason":"%%1537:\t%%1805\r\n\t\t\t\t%%1538:\t%%1801\tD:(A;;0x1200a9;;;BA)\r\n\t\t\t\t%%1539:\t%%1805\r\n\t\t\t\t%%1541:\t%%1801\tD:(A;;0x1200a9;;;BA)\r\n\t\t\t\t%%4416:\t%%1801\tD:(A;;0x1200a9;;;BA)\r\n\t\t\t\t%%4417:\t%%1805\r\n\t\t\t\t%%4418:\t%%1805\r\n\t\t\t\t%%4420:\t%%1805\r\n\t\t\t\t%%4423:\t%%1811\tD:(A;;0x1301bf;;;BA)\r\n\t\t\t\t%%4424:\t%%1805\r\n\t\t\t\t","AccessMask":"0x170197","PrivilegeList":"-","RestrictedSidCount":0,"ProcessId":"0x141c","ProcessName":"C:\\Windows\\System32\\cmd.exe","ResourceAttributes":"-"}}}
{"Event_attributes":{"xmlns":"http://schemas.microsoft.com/win/2004/08/events/event"},"Event":{"System":{"Provider_attributes":{"Name":"Microsoft-Windows-Security-Auditing","Guid":"54849625-5478-4994-A5BA-3E3B0328C30D"},"EventID":4656,"Version":1,"Level":0,"Task":12800,"Opcode":0,"Keywords":"0x8010000000000000","TimeCreated_attributes":{"SystemTime":"2021-04-26T10:04:28.795583Z"},"EventRecordID":465468,"Correlation":null,"Execution_attributes":{"ProcessID":4,"ThreadID":6924},"Channel":"Security","Computer":"srvdefender01.offsec.lan","Security":null},"EventData":{"SubjectUserSid":"S-1-5-21-4230534742-2542757381-3142984815-1111","SubjectUserName":"admmig","SubjectDomainName":"OFFSEC","SubjectLogonId":"0x2b5f6bf","ObjectServer":"Security","ObjectType":"File","ObjectName":"C:\\Windows\\System32\\sethc.exe","HandleId":"0x0","TransactionId":"00000000-0000-0000-0000-000000000000","AccessList":"%%1537\r\n\t\t\t\t%%1538\r\n\t\t\t\t%%1539\r\n\t\t\t\t%%1541\r\n\t\t\t\t%%4417\r\n\t\t\t\t%%4418\r\n\t\t\t\t%%4420\r\n\t\t\t\t%%4423\r\n\t\t\t\t%%4424\r\n\t\t\t\t","AccessReason":"%%1537:\t%%1805\r\n\t\t\t\t%%1538:\t%%1801\tD:(A;;0x1200a9;;;BA)\r\n\t\t\t\t%%1539:\t%%1805\r\n\t\t\t\t%%1541:\t%%1801\tD:(A;;0x1200a9;;;BA)\r\n\t\t\t\t%%4417:\t%%1805\r\n\t\t\t\t%%4418:\t%%1805\r\n\t\t\t\t%%4420:\t%%1805\r\n\t\t\t\t%%4423:\t%%1811\tD:(A;;0x1301bf;;;BA)\r\n\t\t\t\t%%4424:\t%%1805\r\n\t\t\t\t","AccessMask":"0x170196","PrivilegeList":"-","RestrictedSidCount":0,"ProcessId":"0x141c","ProcessName":"C:\\Windows\\System32\\cmd.exe","ResourceAttributes":"-"}}}
{"Event_attributes":{"xmlns":"http://schemas.microsoft.com/win/2004/08/events/event"},"Event":{"System":{"Provider_attributes":{"Name":"Microsoft-Windows-Security-Auditing","Guid":"54849625-5478-4994-A5BA-3E3B0328C30D"},"EventID":4656,"Version":1,"Level":0,"Task":12800,"Opcode":0,"Keywords":"0x8010000000000000","TimeCreated_attributes":{"SystemTime":"2021-04-26T10:04:28.795711Z"},"EventRecordID":465469,"Correlation":null,"Execution_attributes":{"ProcessID":4,"ThreadID":6924},"Channel":"Security","Computer":"srvdefender01.offsec.lan","Security":null},"EventData":{"SubjectUserSid":"S-1-5-21-4230534742-2542757381-3142984815-1111","SubjectUserName":"admmig","SubjectDomainName":"OFFSEC","SubjectLogonId":"0x2b5f6bf","ObjectServer":"Security","ObjectType":"File","ObjectName":"C:\\Windows\\System32\\sethc.exe","HandleId":"0x0","TransactionId":"00000000-0000-0000-0000-000000000000","AccessList":"%%1538\r\n\t\t\t\t%%1539\r\n\t\t\t\t%%1541\r\n\t\t\t\t%%4416\r\n\t\t\t\t%%4417\r\n\t\t\t\t%%4418\r\n\t\t\t\t%%4420\r\n\t\t\t\t%%4423\r\n\t\t\t\t%%4424\r\n\t\t\t\t","AccessReason":"%%1538:\t%%1801\tD:(A;;0x1200a9;;;BA)\r\n\t\t\t\t%%1539:\t%%1805\r\n\t\t\t\t%%1541:\t%%1801\tD:(A;;0x1200a9;;;BA)\r\n\t\t\t\t%%4416:\t%%1801\tD:(A;;0x1200a9;;;BA)\r\n\t\t\t\t%%4417:\t%%1805\r\n\t\t\t\t%%4418:\t%%1805\r\n\t\t\t\t%%4420:\t%%1805\r\n\t\t\t\t%%4423:\t%%1811\tD:(A;;0x1301bf;;;BA)\r\n\t\t\t\t%%4424:\t%%1805\r\n\t\t\t\t","AccessMask":"0x160197","PrivilegeList":"-","RestrictedSidCount":0,"ProcessId":"0x141c","ProcessName":"C:\\Windows\\System32\\cmd.exe","ResourceAttributes":"-"}}}
{"Event_attributes":{"xmlns":"http://schemas.microsoft.com/win/2004/08/events/event"},"Event":{"System":{"Provider_attributes":{"Name":"Microsoft-Windows-Security-Auditing","Guid":"54849625-5478-4994-A5BA-3E3B0328C30D"},"EventID":4656,"Version":1,"Level":0,"Task":12800,"Opcode":0,"Keywords":"0x8010000000000000","TimeCreated_attributes":{"SystemTime":"2021-04-26T10:04:28.795803Z"},"EventRecordID":465470,"Correlation":null,"Execution_attributes":{"ProcessID":4,"ThreadID":6924},"Channel":"Security","Computer":"srvdefender01.offsec.lan","Security":null},"EventData":{"SubjectUserSid":"S-1-5-21-4230534742-2542757381-3142984815-1111","SubjectUserName":"admmig","SubjectDomainName":"OFFSEC","SubjectLogonId":"0x2b5f6bf","ObjectServer":"Security","ObjectType":"File","ObjectName":"C:\\Windows\\System32\\sethc.exe","HandleId":"0x0","TransactionId":"00000000-0000-0000-0000-000000000000","AccessList":"%%1538\r\n\t\t\t\t%%1539\r\n\t\t\t\t%%1541\r\n\t\t\t\t%%4416\r\n\t\t\t\t%%4417\r\n\t\t\t\t%%4418\r\n\t\t\t\t%%4420\r\n\t\t\t\t%%4423\r\n\t\t\t\t%%4424\r\n\t\t\t\t","AccessReason":"%%1538:\t%%1801\tD:(A;;0x1200a9;;;BA)\r\n\t\t\t\t%%1539:\t%%1805\r\n\t\t\t\t%%1541:\t%%1801\tD:(A;;0x1200a9;;;BA)\r\n\t\t\t\t%%4416:\t%%1801\tD:(A;;0x1200a9;;;BA)\r\n\t\t\t\t%%4417:\t%%1805\r\n\t\t\t\t%%4418:\t%%1805\r\n\t\t\t\t%%4420:\t%%1805\r\n\t\t\t\t%%4423:\t%%1811\tD:(A;;0x1301bf;;;BA)\r\n\t\t\t\t%%4424:\t%%1805\r\n\t\t\t\t","AccessMask":"0x160197","PrivilegeList":"-","RestrictedSidCount":0,"ProcessId":"0x141c","ProcessName":"C:\\Windows\\System32\\cmd.exe","ResourceAttributes":"-"}}}
{"Event_attributes":{"xmlns":"http://schemas.microsoft.com/win/2004/08/events/event"},"Event":{"System":{"Provider_attributes":{"Name":"Microsoft-Windows-Security-Auditing","Guid":"54849625-5478-4994-A5BA-3E3B0328C30D"},"EventID":4656,"Version":1,"Level":0,"Task":12800,"Opcode":0,"Keywords":"0x8010000000000000","TimeCreated_attributes":{"SystemTime":"2021-04-26T10:04:28.795907Z"},"EventRecordID":465471,"Correlation":null,"Execution_attributes":{"ProcessID":4,"ThreadID":6924},"Channel":"Security","Computer":"srvdefender01.offsec.lan","Security":null},"EventData":{"SubjectUserSid":"S-1-5-21-4230534742-2542757381-3142984815-1111","SubjectUserName":"admmig","SubjectDomainName":"OFFSEC","SubjectLogonId":"0x2b5f6bf","ObjectServer":"Security","ObjectType":"File","ObjectName":"C:\\Windows\\System32\\sethc.exe","HandleId":"0x0","TransactionId":"00000000-0000-0000-0000-000000000000","AccessList":"%%1538\r\n\t\t\t\t%%1539\r\n\t\t\t\t%%1541\r\n\t\t\t\t%%4417\r\n\t\t\t\t%%4418\r\n\t\t\t\t%%4420\r\n\t\t\t\t%%4423\r\n\t\t\t\t%%4424\r\n\t\t\t\t","AccessReason":"%%1538:\t%%1801\tD:(A;;0x1200a9;;;BA)\r\n\t\t\t\t%%1539:\t%%1805\r\n\t\t\t\t%%1541:\t%%1801\tD:(A;;0x1200a9;;;BA)\r\n\t\t\t\t%%4417:\t%%1805\r\n\t\t\t\t%%4418:\t%%1805\r\n\t\t\t\t%%4420:\t%%1805\r\n\t\t\t\t%%4423:\t%%1811\tD:(A;;0x1301bf;;;BA)\r\n\t\t\t\t%%4424:\t%%1805\r\n\t\t\t\t","AccessMask":"0x160196","PrivilegeList":"-","RestrictedSidCount":0,"ProcessId":"0x141c","ProcessName":"C:\\Windows\\System32\\cmd.exe","ResourceAttributes":"-"}}}
{"Event_attributes":{"xmlns":"http://schemas.microsoft.com/win/2004/08/events/event"},"Event":{"System":{"Provider_attributes":{"Name":"Microsoft-Windows-Security-Auditing","Guid":"54849625-5478-4994-A5BA-3E3B0328C30D"},"EventID":4656,"Version":1,"Level":0,"Task":12800,"Opcode":0,"Keywords":"0x8010000000000000","TimeCreated_attributes":{"SystemTime":"2021-04-26T10:04:28.796010Z"},"EventRecordID":465472,"Correlation":null,"Execution_attributes":{"ProcessID":4,"ThreadID":6924},"Channel":"Security","Computer":"srvdefender01.offsec.lan","Security":null},"EventData":{"SubjectUserSid":"S-1-5-21-4230534742-2542757381-3142984815-1111","SubjectUserName":"admmig","SubjectDomainName":"OFFSEC","SubjectLogonId":"0x2b5f6bf","ObjectServer":"Security","ObjectType":"File","ObjectName":"C:\\Windows\\System32\\sethc.exe","HandleId":"0x0","TransactionId":"00000000-0000-0000-0000-000000000000","AccessList":"%%1538\r\n\t\t\t\t%%1541\r\n\t\t\t\t%%4416\r\n\t\t\t\t%%4417\r\n\t\t\t\t%%4418\r\n\t\t\t\t%%4420\r\n\t\t\t\t%%4423\r\n\t\t\t\t%%4424\r\n\t\t\t\t","AccessReason":"%%1538:\t%%1801\tD:(A;;0x1200a9;;;BA)\r\n\t\t\t\t%%1541:\t%%1801\tD:(A;;0x1200a9;;;BA)\r\n\t\t\t\t%%4416:\t%%1801\tD:(A;;0x1200a9;;;BA)\r\n\t\t\t\t%%4417:\t%%1805\r\n\t\t\t\t%%4418:\t%%1805\r\n\t\t\t\t%%4420:\t%%1805\r\n\t\t\t\t%%4423:\t%%1811\tD:(A;;0x1301bf;;;BA)\r\n\t\t\t\t%%4424:\t%%1805\r\n\t\t\t\t","AccessMask":"0x120197","PrivilegeList":"-","RestrictedSidCount":0,"ProcessId":"0x141c","ProcessName":"C:\\Windows\\System32\\cmd.exe","ResourceAttributes":"-"}}}
{"Event_attributes":{"xmlns":"http://schemas.microsoft.com/win/2004/08/events/event"},"Event":{"System":{"Provider_attributes":{"Name":"Microsoft-Windows-Security-Auditing","Guid":"54849625-5478-4994-A5BA-3E3B0328C30D"},"EventID":4656,"Version":1,"Level":0,"Task":12800,"Opcode":0,"Keywords":"0x8010000000000000","TimeCreated_attributes":{"SystemTime":"2021-04-26T10:04:28.796111Z"},"EventRecordID":465473,"Correlation":null,"Execution_attributes":{"ProcessID":4,"ThreadID":6924},"Channel":"Security","Computer":"srvdefender01.offsec.lan","Security":null},"EventData":{"SubjectUserSid":"S-1-5-21-4230534742-2542757381-3142984815-1111","SubjectUserName":"admmig","SubjectDomainName":"OFFSEC","SubjectLogonId":"0x2b5f6bf","ObjectServer":"Security","ObjectType":"File","ObjectName":"C:\\Windows\\System32\\sethc.exe","HandleId":"0x0","TransactionId":"00000000-0000-0000-0000-000000000000","AccessList":"%%1538\r\n\t\t\t\t%%1541\r\n\t\t\t\t%%4416\r\n\t\t\t\t%%4417\r\n\t\t\t\t%%4418\r\n\t\t\t\t%%4420\r\n\t\t\t\t%%4423\r\n\t\t\t\t%%4424\r\n\t\t\t\t","AccessReason":"%%1538:\t%%1801\tD:(A;;0x1200a9;;;BA)\r\n\t\t\t\t%%1541:\t%%1801\tD:(A;;0x1200a9;;;BA)\r\n\t\t\t\t%%4416:\t%%1801\tD:(A;;0x1200a9;;;BA)\r\n\t\t\t\t%%4417:\t%%1805\r\n\t\t\t\t%%4418:\t%%1805\r\n\t\t\t\t%%4420:\t%%1805\r\n\t\t\t\t%%4423:\t%%1811\tD:(A;;0x1301bf;;;BA)\r\n\t\t\t\t%%4424:\t%%1805\r\n\t\t\t\t","AccessMask":"0x120197","PrivilegeList":"-","RestrictedSidCount":0,"ProcessId":"0x141c","ProcessName":"C:\\Windows\\System32\\cmd.exe","ResourceAttributes":"-"}}}
{"Event_attributes":{"xmlns":"http://schemas.microsoft.com/win/2004/08/events/event"},"Event":{"System":{"Provider_attributes":{"Name":"Microsoft-Windows-Security-Auditing","Guid":"54849625-5478-4994-A5BA-3E3B0328C30D"},"EventID":4656,"Version":1,"Level":0,"Task":12800,"Opcode":0,"Keywords":"0x8010000000000000","TimeCreated_attributes":{"SystemTime":"2021-04-26T10:04:28.796211Z"},"EventRecordID":465474,"Correlation":null,"Execution_attributes":{"ProcessID":4,"ThreadID":6924},"Channel":"Security","Computer":"srvdefender01.offsec.lan","Security":null},"EventData":{"SubjectUserSid":"S-1-5-21-4230534742-2542757381-3142984815-1111","SubjectUserName":"admmig","SubjectDomainName":"OFFSEC","SubjectLogonId":"0x2b5f6bf","ObjectServer":"Security","ObjectType":"File","ObjectName":"C:\\Windows\\System32\\sethc.exe","HandleId":"0x0","TransactionId":"00000000-0000-0000-0000-000000000000","AccessList":"%%1538\r\n\t\t\t\t%%1541\r\n\t\t\t\t%%4417\r\n\t\t\t\t%%4418\r\n\t\t\t\t%%4420\r\n\t\t\t\t%%4423\r\n\t\t\t\t%%4424\r\n\t\t\t\t","AccessReason":"%%1538:\t%%1801\tD:(A;;0x1200a9;;;BA)\r\n\t\t\t\t%%1541:\t%%1801\tD:(A;;0x1200a9;;;BA)\r\n\t\t\t\t%%4417:\t%%1805\r\n\t\t\t\t%%4418:\t%%1805\r\n\t\t\t\t%%4420:\t%%1805\r\n\t\t\t\t%%4423:\t%%1811\tD:(A;;0x1301bf;;;BA)\r\n\t\t\t\t%%4424:\t%%1805\r\n\t\t\t\t","AccessMask":"0x120196","PrivilegeList":"-","RestrictedSidCount":0,"ProcessId":"0x141c","ProcessName":"C:\\Windows\\System32\\cmd.exe","ResourceAttributes":"-"}}}
{"Event_attributes":{"xmlns":"http://schemas.microsoft.com/win/2004/08/events/event"},"Event":{"System":{"Provider_attributes":{"Name":"Microsoft-Windows-Security-Auditing","Guid":"54849625-5478-4994-A5BA-3E3B0328C30D"},"EventID":4656,"Version":1,"Level":0,"Task":12800,"Opcode":0,"Keywords":"0x8010000000000000","TimeCreated_attributes":{"SystemTime":"2021-04-26T10:04:28.796323Z"},"EventRecordID":465475,"Correlation":null,"Execution_attributes":{"ProcessID":4,"ThreadID":6924},"Channel":"Security","Computer":"srvdefender01.offsec.lan","Security":null},"EventData":{"SubjectUserSid":"S-1-5-21-4230534742-2542757381-3142984815-1111","SubjectUserName":"admmig","SubjectDomainName":"OFFSEC","SubjectLogonId":"0x2b5f6bf","ObjectServer":"Security","ObjectType":"File","ObjectName":"C:\\Windows\\System32\\sethc.exe","HandleId":"0x0","TransactionId":"00000000-0000-0000-0000-000000000000","AccessList":"%%1538\r\n\t\t\t\t%%1541\r\n\t\t\t\t%%4416\r\n\t\t\t\t%%4417\r\n\t\t\t\t%%4418\r\n\t\t\t\t%%4420\r\n\t\t\t\t%%4423\r\n\t\t\t\t%%4424\r\n\t\t\t\t","AccessReason":"%%1538:\t%%1801\tD:(A;;0x1200a9;;;BA)\r\n\t\t\t\t%%1541:\t%%1801\tD:(A;;0x1200a9;;;BA)\r\n\t\t\t\t%%4416:\t%%1801\tD:(A;;0x1200a9;;;BA)\r\n\t\t\t\t%%4417:\t%%1805\r\n\t\t\t\t%%4418:\t%%1805\r\n\t\t\t\t%%4420:\t%%1805\r\n\t\t\t\t%%4423:\t%%1811\tD:(A;;0x1301bf;;;BA)\r\n\t\t\t\t%%4424:\t%%1805\r\n\t\t\t\t","AccessMask":"0x120197","PrivilegeList":"-","RestrictedSidCount":0,"ProcessId":"0x141c","ProcessName":"C:\\Windows\\System32\\cmd.exe","ResourceAttributes":"-"}}}
{"Event_attributes":{"xmlns":"http://schemas.microsoft.com/win/2004/08/events/event"},"Event":{"System":{"Provider_attributes":{"Name":"Microsoft-Windows-Security-Auditing","Guid":"54849625-5478-4994-A5BA-3E3B0328C30D"},"EventID":4656,"Version":1,"Level":0,"Task":12800,"Opcode":0,"Keywords":"0x8010000000000000","TimeCreated_attributes":{"SystemTime":"2021-04-26T10:04:28.796441Z"},"EventRecordID":465476,"Correlation":null,"Execution_attributes":{"ProcessID":4,"ThreadID":6924},"Channel":"Security","Computer":"srvdefender01.offsec.lan","Security":null},"EventData":{"SubjectUserSid":"S-1-5-21-4230534742-2542757381-3142984815-1111","SubjectUserName":"admmig","SubjectDomainName":"OFFSEC","SubjectLogonId":"0x2b5f6bf","ObjectServer":"Security","ObjectType":"File","ObjectName":"C:\\Windows\\System32\\sethc.exe","HandleId":"0x0","TransactionId":"00000000-0000-0000-0000-000000000000","AccessList":"%%1538\r\n\t\t\t\t%%1541\r\n\t\t\t\t%%4416\r\n\t\t\t\t%%4417\r\n\t\t\t\t%%4418\r\n\t\t\t\t%%4420\r\n\t\t\t\t%%4423\r\n\t\t\t\t%%4424\r\n\t\t\t\t","AccessReason":"%%1538:\t%%1801\tD:(A;;0x1200a9;;;BA)\r\n\t\t\t\t%%1541:\t%%1801\tD:(A;;0x1200a9;;;BA)\r\n\t\t\t\t%%4416:\t%%1801\tD:(A;;0x1200a9;;;BA)\r\n\t\t\t\t%%4417:\t%%1805\r\n\t\t\t\t%%4418:\t%%1805\r\n\t\t\t\t%%4420:\t%%1805\r\n\t\t\t\t%%4423:\t%%1811\tD:(A;;0x1301bf;;;BA)\r\n\t\t\t\t%%4424:\t%%1805\r\n\t\t\t\t","AccessMask":"0x120197","PrivilegeList":"-","RestrictedSidCount":0,"ProcessId":"0x141c","ProcessName":"C:\\Windows\\System32\\cmd.exe","ResourceAttributes":"-"}}}
{"Event_attributes":{"xmlns":"http://schemas.microsoft.com/win/2004/08/events/event"},"Event":{"System":{"Provider_attributes":{"Name":"Microsoft-Windows-Security-Auditing","Guid":"54849625-5478-4994-A5BA-3E3B0328C30D"},"EventID":4656,"Version":1,"Level":0,"Task":12800,"Opcode":0,"Keywords":"0x8010000000000000","TimeCreated_attributes":{"SystemTime":"2021-04-26T10:04:28.796529Z"},"EventRecordID":465477,"Correlation":null,"Execution_attributes":{"ProcessID":4,"ThreadID":6924},"Channel":"Security","Computer":"srvdefender01.offsec.lan","Security":null},"EventData":{"SubjectUserSid":"S-1-5-21-4230534742-2542757381-3142984815-1111","SubjectUserName":"admmig","SubjectDomainName":"OFFSEC","SubjectLogonId":"0x2b5f6bf","ObjectServer":"Security","ObjectType":"File","ObjectName":"C:\\Windows\\System32\\sethc.exe","HandleId":"0x0","TransactionId":"00000000-0000-0000-0000-000000000000","AccessList":"%%1538\r\n\t\t\t\t%%1541\r\n\t\t\t\t%%4417\r\n\t\t\t\t%%4418\r\n\t\t\t\t%%4420\r\n\t\t\t\t%%4423\r\n\t\t\t\t%%4424\r\n\t\t\t\t","AccessReason":"%%1538:\t%%1801\tD:(A;;0x1200a9;;;BA)\r\n\t\t\t\t%%1541:\t%%1801\tD:(A;;0x1200a9;;;BA)\r\n\t\t\t\t%%4417:\t%%1805\r\n\t\t\t\t%%4418:\t%%1805\r\n\t\t\t\t%%4420:\t%%1805\r\n\t\t\t\t%%4423:\t%%1811\tD:(A;;0x1301bf;;;BA)\r\n\t\t\t\t%%4424:\t%%1805\r\n\t\t\t\t","AccessMask":"0x120196","PrivilegeList":"-","RestrictedSidCount":0,"ProcessId":"0x141c","ProcessName":"C:\\Windows\\System32\\cmd.exe","ResourceAttributes":"-"}}}
