{"Event_attributes":{"xmlns":"http://schemas.microsoft.com/win/2004/08/events/event"},"Event":{"System":{"Provider_attributes":{"Name":"Microsoft-Windows-Windows Defender","Guid":"{11cd958a-c507-4ef3-b3f2-5fd9dfbd2c78}"},"EventID":"1151","Version":"0","Level":"4","Task":"0","Opcode":"0","Keywords":"0x8000000000000000","TimeCreated_attributes":{"SystemTime":"2020-12-10T15:33:56.6013868Z"},"EventRecordID":"127","Correlation":null,"Execution_attributes":{"ProcessID":"4172","ThreadID":"5016"},"Channel":"Microsoft-Windows-Windows Defender/Operational","Computer":"WIN10-client01.offsec.lan","Security_attributes":{"UserID":"S-1-5-18"}},"EventData":{"Product Name":"Microsoft Defender Antivirus","Platform version":"4.18.2011.6","Unused":"","Engine version":"1.1.17600.5","NRI engine version":"1.1.17600.5","AV security intelligence version":"1.327.2245.0","AS security intelligence version":"1.327.2245.0","NRI security intelligence version":"1.327.2245.0","RTP state":"Enabled","OA state":"Enabled","IOAV state":"Enabled","BM state":"Enabled","Last AV security intelligence age":"3","Last AS security intelligence age":"3","Last quick scan age":"1","Last full scan age":"4294967295","AV security intelligence creation time":"12/7/2020 12:45:21 PM","AS security intelligence creation time":"12/7/2020 12:45:20 PM","Last quick scan start time":"12/9/2020 3:47:26 AM","Last quick scan end time":"12/9/2020 3:48:25 AM","Last quick scan source":"2","Last full scan start time":"1/1/1601 12:00:00 AM","Last full scan end time":"1/1/1601 12:00:00 AM","Last full scan source":"0","Product status":"0x00080000"}}}
{"Event_attributes":{"xmlns":"http://schemas.microsoft.com/win/2004/08/events/event"},"Event":{"System":{"Provider_attributes":{"Name":"Microsoft-Windows-Windows Defender","Guid":"{11cd958a-c507-4ef3-b3f2-5fd9dfbd2c78}"},"EventID":"1151","Version":"0","Level":"4","Task":"0","Opcode":"0","Keywords":"0x8000000000000000","TimeCreated_attributes":{"SystemTime":"2020-12-10T16:33:56.6140110Z"},"EventRecordID":"129","Correlation":null,"Execution_attributes":{"ProcessID":"4172","ThreadID":"5016"},"Channel":"Microsoft-Windows-Windows Defender/Operational","Computer":"WIN10-client01.offsec.lan","Security_attributes":{"UserID":"S-1-5-18"}},"EventData":{"Product Name":"Microsoft Defender Antivirus","Platform version":"4.18.2011.6","Unused":"","Engine version":"1.1.17600.5","NRI engine version":"1.1.17600.5","AV security intelligence version":"1.327.2245.0","AS security intelligence version":"1.327.2245.0","NRI security intelligence version":"1.327.2245.0","RTP state":"Enabled","OA state":"Enabled","IOAV state":"Enabled","BM state":"Enabled","Last AV security intelligence age":"3","Last AS security intelligence age":"3","Last quick scan age":"1","Last full scan age":"4294967295","AV security intelligence creation time":"12/7/2020 12:45:21 PM","AS security intelligence creation time":"12/7/2020 12:45:20 PM","Last quick scan start time":"12/9/2020 3:47:26 AM","Last quick scan end time":"12/9/2020 3:48:25 AM","Last quick scan source":"2","Last full scan start time":"1/1/1601 12:00:00 AM","Last full scan end time":"1/1/1601 12:00:00 AM","Last full scan source":"0","Product status":"0x00080000"}}}
{"Event_attributes":{"xmlns":"http://schemas.microsoft.com/win/2004/08/events/event"},"Event":{"System":{"Provider_attributes":{"Name":"Microsoft-Windows-Windows Defender","Guid":"{11cd958a-c507-4ef3-b3f2-5fd9dfbd2c78}"},"EventID":"1151","Version":"0","Level":"4","Task":"0","Opcode":"0","Keywords":"0x8000000000000000","TimeCreated_attributes":{"SystemTime":"2020-12-10T17:33:56.6172328Z"},"EventRecordID":"131","Correlation":null,"Execution_attributes":{"ProcessID":"4172","ThreadID":"3084"},"Channel":"Microsoft-Windows-Windows Defender/Operational","Computer":"WIN10-client01.offsec.lan","Security_attributes":{"UserID":"S-1-5-18"}},"EventData":{"Product Name":"Microsoft Defender Antivirus","Platform version":"4.18.2011.6","Unused":"","Engine version":"1.1.17600.5","NRI engine version":"1.1.17600.5","AV security intelligence version":"1.327.2245.0","AS security intelligence version":"1.327.2245.0","NRI security intelligence version":"1.327.2245.0","RTP state":"Enabled","OA state":"Enabled","IOAV state":"Enabled","BM state":"Enabled","Last AV security intelligence age":"3","Last AS security intelligence age":"3","Last quick scan age":"1","Last full scan age":"4294967295","AV security intelligence creation time":"12/7/2020 12:45:21 PM","AS security intelligence creation time":"12/7/2020 12:45:20 PM","Last quick scan start time":"12/9/2020 3:47:26 AM","Last quick scan end time":"12/9/2020 3:48:25 AM","Last quick scan source":"2","Last full scan start time":"1/1/1601 12:00:00 AM","Last full scan end time":"1/1/1601 12:00:00 AM","Last full scan source":"0","Product status":"0x00080000"}}}
{"Event_attributes":{"xmlns":"http://schemas.microsoft.com/win/2004/08/events/event"},"Event":{"System":{"Provider_attributes":{"Name":"Microsoft-Windows-Windows Defender","Guid":"{11cd958a-c507-4ef3-b3f2-5fd9dfbd2c78}"},"EventID":"1151","Version":"0","Level":"4","Task":"0","Opcode":"0","Keywords":"0x8000000000000000","TimeCreated_attributes":{"SystemTime":"2020-12-10T18:33:56.6434673Z"},"EventRecordID":"133","Correlation":null,"Execution_attributes":{"ProcessID":"4172","ThreadID":"432"},"Channel":"Microsoft-Windows-Windows Defender/Operational","Computer":"WIN10-client01.offsec.lan","Security_attributes":{"UserID":"S-1-5-18"}},"EventData":{"Product Name":"Microsoft Defender Antivirus","Platform version":"4.18.2011.6","Unused":"","Engine version":"1.1.17600.5","NRI engine version":"1.1.17600.5","AV security intelligence version":"1.327.2245.0","AS security intelligence version":"1.327.2245.0","NRI security intelligence version":"1.327.2245.0","RTP state":"Enabled","OA state":"Enabled","IOAV state":"Enabled","BM state":"Enabled","Last AV security intelligence age":"3","Last AS security intelligence age":"3","Last quick scan age":"1","Last full scan age":"4294967295","AV security intelligence creation time":"12/7/2020 12:45:21 PM","AS security intelligence creation time":"12/7/2020 12:45:20 PM","Last quick scan start time":"12/9/2020 3:47:26 AM","Last quick scan end time":"12/9/2020 3:48:25 AM","Last quick scan source":"2","Last full scan start time":"1/1/1601 12:00:00 AM","Last full scan end time":"1/1/1601 12:00:00 AM","Last full scan source":"0","Product status":"0x00080000"}}}
{"Event_attributes":{"xmlns":"http://schemas.microsoft.com/win/2004/08/events/event"},"Event":{"System":{"Provider_attributes":{"Name":"Microsoft-Windows-Windows Defender","Guid":"{11cd958a-c507-4ef3-b3f2-5fd9dfbd2c78}"},"EventID":"1151","Version":"0","Level":"4","Task":"0","Opcode":"0","Keywords":"0x8000000000000000","TimeCreated_attributes":{"SystemTime":"2020-12-10T19:33:56.6762776Z"},"EventRecordID":"135","Correlation":null,"Execution_attributes":{"ProcessID":"4172","ThreadID":"4792"},"Channel":"Microsoft-Windows-Windows Defender/Operational","Computer":"WIN10-client01.offsec.lan","Security_attributes":{"UserID":"S-1-5-18"}},"EventData":{"Product Name":"Microsoft Defender Antivirus","Platform version":"4.18.2011.6","Unused":"","Engine version":"1.1.17600.5","NRI engine version":"1.1.17600.5","AV security intelligence version":"1.327.2245.0","AS security intelligence version":"1.327.2245.0","NRI security intelligence version":"1.327.2245.0","RTP state":"Enabled","OA state":"Enabled","IOAV state":"Enabled","BM state":"Enabled","Last AV security intelligence age":"3","Last AS security intelligence age":"3","Last quick scan age":"1","Last full scan age":"4294967295","AV security intelligence creation time":"12/7/2020 12:45:21 PM","AS security intelligence creation time":"12/7/2020 12:45:20 PM","Last quick scan start time":"12/9/2020 3:47:26 AM","Last quick scan end time":"12/9/2020 3:48:25 AM","Last quick scan source":"2","Last full scan start time":"1/1/1601 12:00:00 AM","Last full scan end time":"1/1/1601 12:00:00 AM","Last full scan source":"0","Product status":"0x00080000"}}}
{"Event_attributes":{"xmlns":"http://schemas.microsoft.com/win/2004/08/events/event"},"Event":{"System":{"Provider_attributes":{"Name":"Microsoft-Windows-Windows Defender","Guid":"{11cd958a-c507-4ef3-b3f2-5fd9dfbd2c78}"},"EventID":"1151","Version":"0","Level":"4","Task":"0","Opcode":"0","Keywords":"0x8000000000000000","TimeCreated_attributes":{"SystemTime":"2020-12-10T20:33:56.7210467Z"},"EventRecordID":"137","Correlation":null,"Execution_attributes":{"ProcessID":"4172","ThreadID":"4308"},"Channel":"Microsoft-Windows-Windows Defender/Operational","Computer":"WIN10-client01.offsec.lan","Security_attributes":{"UserID":"S-1-5-18"}},"EventData":{"Product Name":"Microsoft Defender Antivirus","Platform version":"4.18.2011.6","Unused":"","Engine version":"1.1.17600.5","NRI engine version":"1.1.17600.5","AV security intelligence version":"1.327.2245.0","AS security intelligence version":"1.327.2245.0","NRI security intelligence version":"1.327.2245.0","RTP state":"Enabled","OA state":"Enabled","IOAV state":"Enabled","BM state":"Enabled","Last AV security intelligence age":"3","Last AS security intelligence age":"3","Last quick scan age":"1","Last full scan age":"4294967295","AV security intelligence creation time":"12/7/2020 12:45:21 PM","AS security intelligence creation time":"12/7/2020 12:45:20 PM","Last quick scan start time":"12/9/2020 3:47:26 AM","Last quick scan end time":"12/9/2020 3:48:25 AM","Last quick scan source":"2","Last full scan start time":"1/1/1601 12:00:00 AM","Last full scan end time":"1/1/1601 12:00:00 AM","Last full scan source":"0","Product status":"0x00080000"}}}
{"Event_attributes":{"xmlns":"http://schemas.microsoft.com/win/2004/08/events/event"},"Event":{"System":{"Provider_attributes":{"Name":"Microsoft-Windows-Windows Defender","Guid":"{11cd958a-c507-4ef3-b3f2-5fd9dfbd2c78}"},"EventID":"1151","Version":"0","Level":"4","Task":"0","Opcode":"0","Keywords":"0x8000000000000000","TimeCreated_attributes":{"SystemTime":"2020-12-10T21:33:56.7405632Z"},"EventRecordID":"139","Correlation":null,"Execution_attributes":{"ProcessID":"4172","ThreadID":"5016"},"Channel":"Microsoft-Windows-Windows Defender/Operational","Computer":"WIN10-client01.offsec.lan","Security_attributes":{"UserID":"S-1-5-18"}},"EventData":{"Product Name":"Microsoft Defender Antivirus","Platform version":"4.18.2011.6","Unused":"","Engine version":"1.1.17600.5","NRI engine version":"1.1.17600.5","AV security intelligence version":"1.327.2245.0","AS security intelligence version":"1.327.2245.0","NRI security intelligence version":"1.327.2245.0","RTP state":"Enabled","OA state":"Enabled","IOAV state":"Enabled","BM state":"Enabled","Last AV security intelligence age":"3","Last AS security intelligence age":"3","Last quick scan age":"1","Last full scan age":"4294967295","AV security intelligence creation time":"12/7/2020 12:45:21 PM","AS security intelligence creation time":"12/7/2020 12:45:20 PM","Last quick scan start time":"12/9/2020 3:47:26 AM","Last quick scan end time":"12/9/2020 3:48:25 AM","Last quick scan source":"2","Last full scan start time":"1/1/1601 12:00:00 AM","Last full scan end time":"1/1/1601 12:00:00 AM","Last full scan source":"0","Product status":"0x00080000"}}}
{"Event_attributes":{"xmlns":"http://schemas.microsoft.com/win/2004/08/events/event"},"Event":{"System":{"Provider_attributes":{"Name":"Microsoft-Windows-Windows Defender","Guid":"{11cd958a-c507-4ef3-b3f2-5fd9dfbd2c78}"},"EventID":"1151","Version":"0","Level":"4","Task":"0","Opcode":"0","Keywords":"0x8000000000000000","TimeCreated_attributes":{"SystemTime":"2020-12-10T22:33:56.7577385Z"},"EventRecordID":"141","Correlation":null,"Execution_attributes":{"ProcessID":"4172","ThreadID":"5016"},"Channel":"Microsoft-Windows-Windows Defender/Operational","Computer":"WIN10-client01.offsec.lan","Security_attributes":{"UserID":"S-1-5-18"}},"EventData":{"Product Name":"Microsoft Defender Antivirus","Platform version":"4.18.2011.6","Unused":"","Engine version":"1.1.17600.5","NRI engine version":"1.1.17600.5","AV security intelligence version":"1.327.2245.0","AS security intelligence version":"1.327.2245.0","NRI security intelligence version":"1.327.2245.0","RTP state":"Enabled","OA state":"Enabled","IOAV state":"Enabled","BM state":"Enabled","Last AV security intelligence age":"3","Last AS security intelligence age":"3","Last quick scan age":"1","Last full scan age":"4294967295","AV security intelligence creation time":"12/7/2020 12:45:21 PM","AS security intelligence creation time":"12/7/2020 12:45:20 PM","Last quick scan start time":"12/9/2020 3:47:26 AM","Last quick scan end time":"12/9/2020 3:48:25 AM","Last quick scan source":"2","Last full scan start time":"1/1/1601 12:00:00 AM","Last full scan end time":"1/1/1601 12:00:00 AM","Last full scan source":"0","Product status":"0x00080000"}}}
{"Event_attributes":{"xmlns":"http://schemas.microsoft.com/win/2004/08/events/event"},"Event":{"System":{"Provider_attributes":{"Name":"Microsoft-Windows-Windows Defender","Guid":"{11cd958a-c507-4ef3-b3f2-5fd9dfbd2c78}"},"EventID":"1151","Version":"0","Level":"4","Task":"0","Opcode":"0","Keywords":"0x8000000000000000","TimeCreated_attributes":{"SystemTime":"2020-12-10T23:33:56.7584081Z"},"EventRecordID":"143","Correlation":null,"Execution_attributes":{"ProcessID":"4172","ThreadID":"2296"},"Channel":"Microsoft-Windows-Windows Defender/Operational","Computer":"WIN10-client01.offsec.lan","Security_attributes":{"UserID":"S-1-5-18"}},"EventData":{"Product Name":"Microsoft Defender Antivirus","Platform version":"4.18.2011.6","Unused":"","Engine version":"1.1.17600.5","NRI engine version":"1.1.17600.5","AV security intelligence version":"1.327.2245.0","AS security intelligence version":"1.327.2245.0","NRI security intelligence version":"1.327.2245.0","RTP state":"Enabled","OA state":"Enabled","IOAV state":"Enabled","BM state":"Enabled","Last AV security intelligence age":"3","Last AS security intelligence age":"3","Last quick scan age":"1","Last full scan age":"4294967295","AV security intelligence creation time":"12/7/2020 12:45:21 PM","AS security intelligence creation time":"12/7/2020 12:45:20 PM","Last quick scan start time":"12/9/2020 3:47:26 AM","Last quick scan end time":"12/9/2020 3:48:25 AM","Last quick scan source":"2","Last full scan start time":"1/1/1601 12:00:00 AM","Last full scan end time":"1/1/1601 12:00:00 AM","Last full scan source":"0","Product status":"0x00080000"}}}
{"Event_attributes":{"xmlns":"http://schemas.microsoft.com/win/2004/08/events/event"},"Event":{"System":{"Provider_attributes":{"Name":"Microsoft-Windows-Windows Defender","Guid":"{11cd958a-c507-4ef3-b3f2-5fd9dfbd2c78}"},"EventID":"1151","Version":"0","Level":"4","Task":"0","Opcode":"0","Keywords":"0x8000000000000000","TimeCreated_attributes":{"SystemTime":"2020-12-11T00:33:56.7776917Z"},"EventRecordID":"145","Correlation":null,"Execution_attributes":{"ProcessID":"4172","ThreadID":"2296"},"Channel":"Microsoft-Windows-Windows Defender/Operational","Computer":"WIN10-client01.offsec.lan","Security_attributes":{"UserID":"S-1-5-18"}},"EventData":{"Product Name":"Microsoft Defender Antivirus","Platform version":"4.18.2011.6","Unused":"","Engine version":"1.1.17600.5","NRI engine version":"1.1.17600.5","AV security intelligence version":"1.327.2245.0","AS security intelligence version":"1.327.2245.0","NRI security intelligence version":"1.327.2245.0","RTP state":"Enabled","OA state":"Enabled","IOAV state":"Enabled","BM state":"Enabled","Last AV security intelligence age":"3","Last AS security intelligence age":"3","Last quick scan age":"1","Last full scan age":"4294967295","AV security intelligence creation time":"12/7/2020 12:45:21 PM","AS security intelligence creation time":"12/7/2020 12:45:20 PM","Last quick scan start time":"12/9/2020 3:47:26 AM","Last quick scan end time":"12/9/2020 3:48:25 AM","Last quick scan source":"2","Last full scan start time":"1/1/1601 12:00:00 AM","Last full scan end time":"1/1/1601 12:00:00 AM","Last full scan source":"0","Product status":"0x00080000"}}}
{"Event_attributes":{"xmlns":"http://schemas.microsoft.com/win/2004/08/events/event"},"Event":{"System":{"Provider_attributes":{"Name":"Microsoft-Windows-Windows Defender","Guid":"{11cd958a-c507-4ef3-b3f2-5fd9dfbd2c78}"},"EventID":"1151","Version":"0","Level":"4","Task":"0","Opcode":"0","Keywords":"0x8000000000000000","TimeCreated_attributes":{"SystemTime":"2020-12-11T01:33:56.7820885Z"},"EventRecordID":"147","Correlation":null,"Execution_attributes":{"ProcessID":"4172","ThreadID":"5016"},"Channel":"Microsoft-Windows-Windows Defender/Operational","Computer":"WIN10-client01.offsec.lan","Security_attributes":{"UserID":"S-1-5-18"}},"EventData":{"Product Name":"Microsoft Defender Antivirus","Platform version":"4.18.2011.6","Unused":"","Engine version":"1.1.17600.5","NRI engine version":"1.1.17600.5","AV security intelligence version":"1.327.2245.0","AS security intelligence version":"1.327.2245.0","NRI security intelligence version":"1.327.2245.0","RTP state":"Enabled","OA state":"Enabled","IOAV state":"Enabled","BM state":"Enabled","Last AV security intelligence age":"3","Last AS security intelligence age":"3","Last quick scan age":"1","Last full scan age":"4294967295","AV security intelligence creation time":"12/7/2020 12:45:21 PM","AS security intelligence creation time":"12/7/2020 12:45:20 PM","Last quick scan start time":"12/9/2020 3:47:26 AM","Last quick scan end time":"12/9/2020 3:48:25 AM","Last quick scan source":"2","Last full scan start time":"1/1/1601 12:00:00 AM","Last full scan end time":"1/1/1601 12:00:00 AM","Last full scan source":"0","Product status":"0x00080000"}}}
{"Event_attributes":{"xmlns":"http://schemas.microsoft.com/win/2004/08/events/event"},"Event":{"System":{"Provider_attributes":{"Name":"Microsoft-Windows-Windows Defender","Guid":"{11cd958a-c507-4ef3-b3f2-5fd9dfbd2c78}"},"EventID":"1151","Version":"0","Level":"4","Task":"0","Opcode":"0","Keywords":"0x8000000000000000","TimeCreated_attributes":{"SystemTime":"2020-12-11T02:33:56.7805406Z"},"EventRecordID":"149","Correlation":null,"Execution_attributes":{"ProcessID":"4172","ThreadID":"5016"},"Channel":"Microsoft-Windows-Windows Defender/Operational","Computer":"WIN10-client01.offsec.lan","Security_attributes":{"UserID":"S-1-5-18"}},"EventData":{"Product Name":"Microsoft Defender Antivirus","Platform version":"4.18.2011.6","Unused":"","Engine version":"1.1.17600.5","NRI engine version":"1.1.17600.5","AV security intelligence version":"1.327.2245.0","AS security intelligence version":"1.327.2245.0","NRI security intelligence version":"1.327.2245.0","RTP state":"Enabled","OA state":"Enabled","IOAV state":"Enabled","BM state":"Enabled","Last AV security intelligence age":"3","Last AS security intelligence age":"3","Last quick scan age":"1","Last full scan age":"4294967295","AV security intelligence creation time":"12/7/2020 12:45:21 PM","AS security intelligence creation time":"12/7/2020 12:45:20 PM","Last quick scan start time":"12/9/2020 3:47:26 AM","Last quick scan end time":"12/9/2020 3:48:25 AM","Last quick scan source":"2","Last full scan start time":"1/1/1601 12:00:00 AM","Last full scan end time":"1/1/1601 12:00:00 AM","Last full scan source":"0","Product status":"0x00080000"}}}
{"Event_attributes":{"xmlns":"http://schemas.microsoft.com/win/2004/08/events/event"},"Event":{"System":{"Provider_attributes":{"Name":"Microsoft-Windows-Windows Defender","Guid":"{11cd958a-c507-4ef3-b3f2-5fd9dfbd2c78}"},"EventID":"1151","Version":"0","Level":"4","Task":"0","Opcode":"0","Keywords":"0x8000000000000000","TimeCreated_attributes":{"SystemTime":"2020-12-11T03:33:56.7976917Z"},"EventRecordID":"151","Correlation":null,"Execution_attributes":{"ProcessID":"4172","ThreadID":"5016"},"Channel":"Microsoft-Windows-Windows Defender/Operational","Computer":"WIN10-client01.offsec.lan","Security_attributes":{"UserID":"S-1-5-18"}},"EventData":{"Product Name":"Microsoft Defender Antivirus","Platform version":"4.18.2011.6","Unused":"","Engine version":"1.1.17600.5","NRI engine version":"1.1.17600.5","AV security intelligence version":"1.327.2245.0","AS security intelligence version":"1.327.2245.0","NRI security intelligence version":"1.327.2245.0","RTP state":"Enabled","OA state":"Enabled","IOAV state":"Enabled","BM state":"Enabled","Last AV security intelligence age":"3","Last AS security intelligence age":"3","Last quick scan age":"1","Last full scan age":"4294967295","AV security intelligence creation time":"12/7/2020 12:45:21 PM","AS security intelligence creation time":"12/7/2020 12:45:20 PM","Last quick scan start time":"12/9/2020 3:47:26 AM","Last quick scan end time":"12/9/2020 3:48:25 AM","Last quick scan source":"2","Last full scan start time":"1/1/1601 12:00:00 AM","Last full scan end time":"1/1/1601 12:00:00 AM","Last full scan source":"0","Product status":"0x00080000"}}}
{"Event_attributes":{"xmlns":"http://schemas.microsoft.com/win/2004/08/events/event"},"Event":{"System":{"Provider_attributes":{"Name":"Microsoft-Windows-Windows Defender","Guid":"{11cd958a-c507-4ef3-b3f2-5fd9dfbd2c78}"},"EventID":"1151","Version":"0","Level":"4","Task":"0","Opcode":"0","Keywords":"0x8000000000000000","TimeCreated_attributes":{"SystemTime":"2020-12-11T04:33:56.8341215Z"},"EventRecordID":"156","Correlation":null,"Execution_attributes":{"ProcessID":"4172","ThreadID":"5016"},"Channel":"Microsoft-Windows-Windows Defender/Operational","Computer":"WIN10-client01.offsec.lan","Security_attributes":{"UserID":"S-1-5-18"}},"EventData":{"Product Name":"Microsoft Defender Antivirus","Platform version":"4.18.2011.6","Unused":"","Engine version":"1.1.17600.5","NRI engine version":"1.1.17600.5","AV security intelligence version":"1.327.2245.0","AS security intelligence version":"1.327.2245.0","NRI security intelligence version":"1.327.2245.0","RTP state":"Enabled","OA state":"Enabled","IOAV state":"Enabled","BM state":"Enabled","Last AV security intelligence age":"3","Last AS security intelligence age":"3","Last quick scan age":"2","Last full scan age":"4294967295","AV security intelligence creation time":"12/7/2020 12:45:21 PM","AS security intelligence creation time":"12/7/2020 12:45:20 PM","Last quick scan start time":"12/9/2020 3:47:26 AM","Last quick scan end time":"12/9/2020 3:48:25 AM","Last quick scan source":"2","Last full scan start time":"1/1/1601 12:00:00 AM","Last full scan end time":"1/1/1601 12:00:00 AM","Last full scan source":"0","Product status":"0x00080000"}}}
{"Event_attributes":{"xmlns":"http://schemas.microsoft.com/win/2004/08/events/event"},"Event":{"System":{"Provider_attributes":{"Name":"Microsoft-Windows-Windows Defender","Guid":"{11cd958a-c507-4ef3-b3f2-5fd9dfbd2c78}"},"EventID":"1151","Version":"0","Level":"4","Task":"0","Opcode":"0","Keywords":"0x8000000000000000","TimeCreated_attributes":{"SystemTime":"2020-12-11T05:33:56.8689623Z"},"EventRecordID":"158","Correlation":null,"Execution_attributes":{"ProcessID":"4172","ThreadID":"1696"},"Channel":"Microsoft-Windows-Windows Defender/Operational","Computer":"WIN10-client01.offsec.lan","Security_attributes":{"UserID":"S-1-5-18"}},"EventData":{"Product Name":"Microsoft Defender Antivirus","Platform version":"4.18.2011.6","Unused":"","Engine version":"1.1.17600.5","NRI engine version":"1.1.17600.5","AV security intelligence version":"1.327.2245.0","AS security intelligence version":"1.327.2245.0","NRI security intelligence version":"1.327.2245.0","RTP state":"Enabled","OA state":"Enabled","IOAV state":"Enabled","BM state":"Enabled","Last AV security intelligence age":"3","Last AS security intelligence age":"3","Last quick scan age":"2","Last full scan age":"4294967295","AV security intelligence creation time":"12/7/2020 12:45:21 PM","AS security intelligence creation time":"12/7/2020 12:45:20 PM","Last quick scan start time":"12/9/2020 3:47:26 AM","Last quick scan end time":"12/9/2020 3:48:25 AM","Last quick scan source":"2","Last full scan start time":"1/1/1601 12:00:00 AM","Last full scan end time":"1/1/1601 12:00:00 AM","Last full scan source":"0","Product status":"0x00080000"}}}
{"Event_attributes":{"xmlns":"http://schemas.microsoft.com/win/2004/08/events/event"},"Event":{"System":{"Provider_attributes":{"Name":"Microsoft-Windows-Windows Defender","Guid":"{11cd958a-c507-4ef3-b3f2-5fd9dfbd2c78}"},"EventID":"1151","Version":"0","Level":"4","Task":"0","Opcode":"0","Keywords":"0x8000000000000000","TimeCreated_attributes":{"SystemTime":"2020-12-11T06:33:56.8795221Z"},"EventRecordID":"160","Correlation":null,"Execution_attributes":{"ProcessID":"4172","ThreadID":"1284"},"Channel":"Microsoft-Windows-Windows Defender/Operational","Computer":"WIN10-client01.offsec.lan","Security_attributes":{"UserID":"S-1-5-18"}},"EventData":{"Product Name":"Microsoft Defender Antivirus","Platform version":"4.18.2011.6","Unused":"","Engine version":"1.1.17600.5","NRI engine version":"1.1.17600.5","AV security intelligence version":"1.327.2245.0","AS security intelligence version":"1.327.2245.0","NRI security intelligence version":"1.327.2245.0","RTP state":"Enabled","OA state":"Enabled","IOAV state":"Enabled","BM state":"Enabled","Last AV security intelligence age":"3","Last AS security intelligence age":"3","Last quick scan age":"2","Last full scan age":"4294967295","AV security intelligence creation time":"12/7/2020 12:45:21 PM","AS security intelligence creation time":"12/7/2020 12:45:20 PM","Last quick scan start time":"12/9/2020 3:47:26 AM","Last quick scan end time":"12/9/2020 3:48:25 AM","Last quick scan source":"2","Last full scan start time":"1/1/1601 12:00:00 AM","Last full scan end time":"1/1/1601 12:00:00 AM","Last full scan source":"0","Product status":"0x00080000"}}}
{"Event_attributes":{"xmlns":"http://schemas.microsoft.com/win/2004/08/events/event"},"Event":{"System":{"Provider_attributes":{"Name":"Microsoft-Windows-Windows Defender","Guid":"{11cd958a-c507-4ef3-b3f2-5fd9dfbd2c78}"},"EventID":"1151","Version":"0","Level":"4","Task":"0","Opcode":"0","Keywords":"0x8000000000000000","TimeCreated_attributes":{"SystemTime":"2020-12-11T07:33:56.8925948Z"},"EventRecordID":"162","Correlation":null,"Execution_attributes":{"ProcessID":"4172","ThreadID":"4740"},"Channel":"Microsoft-Windows-Windows Defender/Operational","Computer":"WIN10-client01.offsec.lan","Security_attributes":{"UserID":"S-1-5-18"}},"EventData":{"Product Name":"Microsoft Defender Antivirus","Platform version":"4.18.2011.6","Unused":"","Engine version":"1.1.17600.5","NRI engine version":"1.1.17600.5","AV security intelligence version":"1.327.2245.0","AS security intelligence version":"1.327.2245.0","NRI security intelligence version":"1.327.2245.0","RTP state":"Enabled","OA state":"Enabled","IOAV state":"Enabled","BM state":"Enabled","Last AV security intelligence age":"3","Last AS security intelligence age":"3","Last quick scan age":"2","Last full scan age":"4294967295","AV security intelligence creation time":"12/7/2020 12:45:21 PM","AS security intelligence creation time":"12/7/2020 12:45:20 PM","Last quick scan start time":"12/9/2020 3:47:26 AM","Last quick scan end time":"12/9/2020 3:48:25 AM","Last quick scan source":"2","Last full scan start time":"1/1/1601 12:00:00 AM","Last full scan end time":"1/1/1601 12:00:00 AM","Last full scan source":"0","Product status":"0x00080000"}}}
{"Event_attributes":{"xmlns":"http://schemas.microsoft.com/win/2004/08/events/event"},"Event":{"System":{"Provider_attributes":{"Name":"Microsoft-Windows-Windows Defender","Guid":"{11cd958a-c507-4ef3-b3f2-5fd9dfbd2c78}"},"EventID":"1151","Version":"0","Level":"4","Task":"0","Opcode":"0","Keywords":"0x8000000000000000","TimeCreated_attributes":{"SystemTime":"2020-12-11T08:33:56.9048915Z"},"EventRecordID":"164","Correlation":null,"Execution_attributes":{"ProcessID":"4172","ThreadID":"2728"},"Channel":"Microsoft-Windows-Windows Defender/Operational","Computer":"WIN10-client01.offsec.lan","Security_attributes":{"UserID":"S-1-5-18"}},"EventData":{"Product Name":"Microsoft Defender Antivirus","Platform version":"4.18.2011.6","Unused":"","Engine version":"1.1.17600.5","NRI engine version":"1.1.17600.5","AV security intelligence version":"1.327.2245.0","AS security intelligence version":"1.327.2245.0","NRI security intelligence version":"1.327.2245.0","RTP state":"Enabled","OA state":"Enabled","IOAV state":"Enabled","BM state":"Enabled","Last AV security intelligence age":"3","Last AS security intelligence age":"3","Last quick scan age":"2","Last full scan age":"4294967295","AV security intelligence creation time":"12/7/2020 12:45:21 PM","AS security intelligence creation time":"12/7/2020 12:45:20 PM","Last quick scan start time":"12/9/2020 3:47:26 AM","Last quick scan end time":"12/9/2020 3:48:25 AM","Last quick scan source":"2","Last full scan start time":"1/1/1601 12:00:00 AM","Last full scan end time":"1/1/1601 12:00:00 AM","Last full scan source":"0","Product status":"0x00080000"}}}
{"Event_attributes":{"xmlns":"http://schemas.microsoft.com/win/2004/08/events/event"},"Event":{"System":{"Provider_attributes":{"Name":"Microsoft-Windows-Windows Defender","Guid":"{11cd958a-c507-4ef3-b3f2-5fd9dfbd2c78}"},"EventID":"1151","Version":"0","Level":"4","Task":"0","Opcode":"0","Keywords":"0x8000000000000000","TimeCreated_attributes":{"SystemTime":"2020-12-11T09:33:56.9153618Z"},"EventRecordID":"166","Correlation":null,"Execution_attributes":{"ProcessID":"4172","ThreadID":"5984"},"Channel":"Microsoft-Windows-Windows Defender/Operational","Computer":"WIN10-client01.offsec.lan","Security_attributes":{"UserID":"S-1-5-18"}},"EventData":{"Product Name":"Microsoft Defender Antivirus","Platform version":"4.18.2011.6","Unused":"","Engine version":"1.1.17600.5","NRI engine version":"1.1.17600.5","AV security intelligence version":"1.327.2245.0","AS security intelligence version":"1.327.2245.0","NRI security intelligence version":"1.327.2245.0","RTP state":"Enabled","OA state":"Enabled","IOAV state":"Enabled","BM state":"Enabled","Last AV security intelligence age":"3","Last AS security intelligence age":"3","Last quick scan age":"2","Last full scan age":"4294967295","AV security intelligence creation time":"12/7/2020 12:45:21 PM","AS security intelligence creation time":"12/7/2020 12:45:20 PM","Last quick scan start time":"12/9/2020 3:47:26 AM","Last quick scan end time":"12/9/2020 3:48:25 AM","Last quick scan source":"2","Last full scan start time":"1/1/1601 12:00:00 AM","Last full scan end time":"1/1/1601 12:00:00 AM","Last full scan source":"0","Product status":"0x00080000"}}}
{"Event_attributes":{"xmlns":"http://schemas.microsoft.com/win/2004/08/events/event"},"Event":{"System":{"Provider_attributes":{"Name":"Microsoft-Windows-Windows Defender","Guid":"{11cd958a-c507-4ef3-b3f2-5fd9dfbd2c78}"},"EventID":"1151","Version":"0","Level":"4","Task":"0","Opcode":"0","Keywords":"0x8000000000000000","TimeCreated_attributes":{"SystemTime":"2020-12-11T10:33:56.9243029Z"},"EventRecordID":"168","Correlation":null,"Execution_attributes":{"ProcessID":"4172","ThreadID":"5016"},"Channel":"Microsoft-Windows-Windows Defender/Operational","Computer":"WIN10-client01.offsec.lan","Security_attributes":{"UserID":"S-1-5-18"}},"EventData":{"Product Name":"Microsoft Defender Antivirus","Platform version":"4.18.2011.6","Unused":"","Engine version":"1.1.17600.5","NRI engine version":"1.1.17600.5","AV security intelligence version":"1.327.2245.0","AS security intelligence version":"1.327.2245.0","NRI security intelligence version":"1.327.2245.0","RTP state":"Enabled","OA state":"Enabled","IOAV state":"Enabled","BM state":"Enabled","Last AV security intelligence age":"3","Last AS security intelligence age":"3","Last quick scan age":"2","Last full scan age":"4294967295","AV security intelligence creation time":"12/7/2020 12:45:21 PM","AS security intelligence creation time":"12/7/2020 12:45:20 PM","Last quick scan start time":"12/9/2020 3:47:26 AM","Last quick scan end time":"12/9/2020 3:48:25 AM","Last quick scan source":"2","Last full scan start time":"1/1/1601 12:00:00 AM","Last full scan end time":"1/1/1601 12:00:00 AM","Last full scan source":"0","Product status":"0x00080000"}}}
{"Event_attributes":{"xmlns":"http://schemas.microsoft.com/win/2004/08/events/event"},"Event":{"System":{"Provider_attributes":{"Name":"Microsoft-Windows-Windows Defender","Guid":"{11cd958a-c507-4ef3-b3f2-5fd9dfbd2c78}"},"EventID":"1151","Version":"0","Level":"4","Task":"0","Opcode":"0","Keywords":"0x8000000000000000","TimeCreated_attributes":{"SystemTime":"2020-12-11T11:33:56.9211978Z"},"EventRecordID":"170","Correlation":null,"Execution_attributes":{"ProcessID":"4172","ThreadID":"5016"},"Channel":"Microsoft-Windows-Windows Defender/Operational","Computer":"WIN10-client01.offsec.lan","Security_attributes":{"UserID":"S-1-5-18"}},"EventData":{"Product Name":"Microsoft Defender Antivirus","Platform version":"4.18.2011.6","Unused":"","Engine version":"1.1.17600.5","NRI engine version":"1.1.17600.5","AV security intelligence version":"1.327.2245.0","AS security intelligence version":"1.327.2245.0","NRI security intelligence version":"1.327.2245.0","RTP state":"Enabled","OA state":"Enabled","IOAV state":"Enabled","BM state":"Enabled","Last AV security intelligence age":"3","Last AS security intelligence age":"3","Last quick scan age":"2","Last full scan age":"4294967295","AV security intelligence creation time":"12/7/2020 12:45:21 PM","AS security intelligence creation time":"12/7/2020 12:45:20 PM","Last quick scan start time":"12/9/2020 3:47:26 AM","Last quick scan end time":"12/9/2020 3:48:25 AM","Last quick scan source":"2","Last full scan start time":"1/1/1601 12:00:00 AM","Last full scan end time":"1/1/1601 12:00:00 AM","Last full scan source":"0","Product status":"0x00080000"}}}
