{"Event_attributes":{"xmlns":"http://schemas.microsoft.com/win/2004/08/events/event"},"Event":{"System":{"Provider_attributes":{"Name":"Microsoft-Windows-Sysmon","Guid":"5770385F-C22A-43E0-BF4C-06F5698FFBD9"},"EventID":7,"Version":3,"Level":4,"Task":7,"Opcode":0,"Keywords":"0x8000000000000000","TimeCreated_attributes":{"SystemTime":"2021-11-30T22:05:47.229944Z"},"EventRecordID":48099,"Correlation":null,"Execution_attributes":{"ProcessID":1048,"ThreadID":1684},"Channel":"Microsoft-Windows-Sysmon/Operational","Computer":"fs03vuln.offsec.lan","Security_attributes":{"UserID":"S-1-5-18"}},"EventData":{"RuleName":"technique_id=T1086,technique_name=PowerShell","UtcTime":"2021-11-30 22:05:47.229","ProcessGuid":"A57649D1-A03B-61A6-2F23-8D0000000000","ProcessId":2668,"Image":"C:\\Windows\\System32\\WindowsPowerShell\\v1.0\\powershell.exe","ImageLoaded":"C:\\Windows\\assembly\\NativeImages_v4.0.30319_64\\System.Manaa57fc8cc#\\287ded39f444f2847a5175b4bf51f9c9\\System.Management.Automation.ni.dll","FileVersion":"6.3.9600.17400","Description":"System.Management.Automation","Product":"Microsoft (R) Windows (R) Operating System","Company":"Microsoft Corporation","OriginalFileName":"System.Management.Automation.dll","Hashes":"SHA1=4F4193BFF5970968B6EEAD58EB83F9415F32A5C1,MD5=9139657B434F2FA8023775958164DB0C,SHA256=EE9CD13CC38A285D48B00E21CBB11F9CA8C8F435ADF6ADF5281C371DD0A406AA,IMPHASH=00000000000000000000000000000000","Signed":"false","Signature":"-","SignatureStatus":"Unavailable"}}}
{"Event_attributes":{"xmlns":"http://schemas.microsoft.com/win/2004/08/events/event"},"Event":{"System":{"Provider_attributes":{"Name":"Microsoft-Windows-Sysmon","Guid":"5770385F-C22A-43E0-BF4C-06F5698FFBD9"},"EventID":7,"Version":3,"Level":4,"Task":7,"Opcode":0,"Keywords":"0x8000000000000000","TimeCreated_attributes":{"SystemTime":"2021-11-30T22:05:50.065567Z"},"EventRecordID":48103,"Correlation":null,"Execution_attributes":{"ProcessID":1048,"ThreadID":1688},"Channel":"Microsoft-Windows-Sysmon/Operational","Computer":"fs03vuln.offsec.lan","Security_attributes":{"UserID":"S-1-5-18"}},"EventData":{"RuleName":"technique_id=T1047,technique_name=Windows Management Instrumentation","UtcTime":"2021-11-30 22:05:50.049","ProcessGuid":"A57649D1-A03B-61A6-2F23-8D0000000000","ProcessId":2668,"Image":"C:\\Windows\\System32\\WindowsPowerShell\\v1.0\\powershell.exe","ImageLoaded":"C:\\Windows\\System32\\wbem\\wmiutils.dll","FileVersion":"6.3.9600.17415 (winblue_r4.141028-1500)","Description":"WMI","Product":"Microsoft® Windows® Operating System","Company":"Microsoft Corporation","OriginalFileName":"wmiutils.dll","Hashes":"SHA1=1663A59FF35A01F612C878AB83F2AD242BB46FB6,MD5=FC2036AB90490D8FDFB3B3F3B90AF56F,SHA256=E293B79E4C06E8DEFD95F3CB9B70BA1CC50E83C37930DA802B50066AC6DF0509,IMPHASH=77B4BD4D7F94DBB1235EEE9E8C0737DC","Signed":"true","Signature":"Microsoft Windows","SignatureStatus":"Valid"}}}
{"Event_attributes":{"xmlns":"http://schemas.microsoft.com/win/2004/08/events/event"},"Event":{"System":{"Provider_attributes":{"Name":"Microsoft-Windows-Sysmon","Guid":"5770385F-C22A-43E0-BF4C-06F5698FFBD9"},"EventID":3,"Version":5,"Level":4,"Task":3,"Opcode":0,"Keywords":"0x8000000000000000","TimeCreated_attributes":{"SystemTime":"2021-11-30T22:05:50.864921Z"},"EventRecordID":48104,"Correlation":null,"Execution_attributes":{"ProcessID":1048,"ThreadID":1680},"Channel":"Microsoft-Windows-Sysmon/Operational","Computer":"fs03vuln.offsec.lan","Security_attributes":{"UserID":"S-1-5-18"}},"EventData":{"RuleName":"technique_id=T1086,technique_name=PowerShell","UtcTime":"2021-11-30 22:05:44.846","ProcessGuid":"A57649D1-A03B-61A6-2F23-8D0000000000","ProcessId":2668,"Image":"C:\\Windows\\System32\\WindowsPowerShell\\v1.0\\powershell.exe","User":"OFFSEC\\admmig","Protocol":"tcp","Initiated":true,"SourceIsIpv6":false,"SourceIp":"10.23.42.38","SourceHostname":"-","SourcePort":62095,"SourcePortName":"-","DestinationIsIpv6":false,"DestinationIp":"10.23.123.11","DestinationHostname":"-","DestinationPort":443,"DestinationPortName":"-"}}}
{"Event_attributes":{"xmlns":"http://schemas.microsoft.com/win/2004/08/events/event"},"Event":{"System":{"Provider_attributes":{"Name":"Microsoft-Windows-Sysmon","Guid":"5770385F-C22A-43E0-BF4C-06F5698FFBD9"},"EventID":10,"Version":3,"Level":4,"Task":10,"Opcode":0,"Keywords":"0x8000000000000000","TimeCreated_attributes":{"SystemTime":"2021-11-30T22:05:59.943116Z"},"EventRecordID":48105,"Correlation":null,"Execution_attributes":{"ProcessID":1048,"ThreadID":1684},"Channel":"Microsoft-Windows-Sysmon/Operational","Computer":"fs03vuln.offsec.lan","Security_attributes":{"UserID":"S-1-5-18"}},"EventData":{"RuleName":"-","UtcTime":"2021-11-30 22:05:59.927","SourceProcessGUID":"A57649D1-A03B-61A6-2F23-8D0000000000","SourceProcessId":2668,"SourceThreadId":2736,"SourceImage":"C:\\Windows\\System32\\WindowsPowerShell\\v1.0\\powershell.exe","TargetProcessGUID":"A57649D1-92D8-61A4-7191-000000000000","TargetProcessId":480,"TargetImage":"C:\\Windows\\system32\\lsass.exe","GrantedAccess":"0x143a","CallTrace":"C:\\Windows\\SYSTEM32\\ntdll.dll+90eaa|C:\\Windows\\system32\\KERNELBASE.dll+2e5e|UNKNOWN(000000CDD65B2A68)"}}}
{"Event_attributes":{"xmlns":"http://schemas.microsoft.com/win/2004/08/events/event"},"Event":{"System":{"Provider_attributes":{"Name":"Microsoft-Windows-Sysmon","Guid":"5770385F-C22A-43E0-BF4C-06F5698FFBD9"},"EventID":3,"Version":5,"Level":4,"Task":3,"Opcode":0,"Keywords":"0x8000000000000000","TimeCreated_attributes":{"SystemTime":"2021-11-30T22:06:02.033365Z"},"EventRecordID":48106,"Correlation":null,"Execution_attributes":{"ProcessID":1048,"ThreadID":1680},"Channel":"Microsoft-Windows-Sysmon/Operational","Computer":"fs03vuln.offsec.lan","Security_attributes":{"UserID":"S-1-5-18"}},"EventData":{"RuleName":"technique_id=T1086,technique_name=PowerShell","UtcTime":"2021-11-30 22:05:56.784","ProcessGuid":"A57649D1-A03B-61A6-2F23-8D0000000000","ProcessId":2668,"Image":"C:\\Windows\\System32\\WindowsPowerShell\\v1.0\\powershell.exe","User":"OFFSEC\\admmig","Protocol":"tcp","Initiated":true,"SourceIsIpv6":false,"SourceIp":"10.23.42.38","SourceHostname":"-","SourcePort":62096,"SourcePortName":"-","DestinationIsIpv6":false,"DestinationIp":"10.23.123.11","DestinationHostname":"-","DestinationPort":443,"DestinationPortName":"-"}}}
