{"Event_attributes":{"xmlns":"http://schemas.microsoft.com/win/2004/08/events/event"},"Event":{"System":{"Provider_attributes":{"Name":"Microsoft-Windows-Sysmon","Guid":"5770385F-C22A-43E0-BF4C-06F5698FFBD9"},"EventID":1,"Version":5,"Level":4,"Task":1,"Opcode":0,"Keywords":"0x8000000000000000","TimeCreated_attributes":{"SystemTime":"2021-12-04T21:19:16.741995Z"},"EventRecordID":48593,"Correlation":null,"Execution_attributes":{"ProcessID":1048,"ThreadID":1684},"Channel":"Microsoft-Windows-Sysmon/Operational","Computer":"fs03vuln.offsec.lan","Security_attributes":{"UserID":"S-1-5-18"}},"EventData":{"RuleName":"technique_id=T1035,technique_name=Service Execution","UtcTime":"2021-12-04 21:19:16.741","ProcessGuid":"A57649D1-DB54-61AB-775C-DC0100000000","ProcessId":2124,"Image":"C:\\TOOLS\\PsExec64.exe","FileVersion":"2.2","Description":"Execute processes remotely","Product":"Sysinternals PsExec","Company":"Sysinternals - www.sysinternals.com","OriginalFileName":"psexec.c","CommandLine":"PsExec64.exe  -i -s cmd","CurrentDirectory":"C:\\TOOLS\\","User":"OFFSEC\\admmig","LogonGuid":"A57649D1-9E9D-61A6-56EF-830000000000","LogonId":"0x83ef56","TerminalSessionId":2,"IntegrityLevel":"High","Hashes":"SHA1=FB0A150601470195C47B4E8D87FCB3F50292BEB2,MD5=9321C107D1F7E336CDA550A2BF049108,SHA256=AD6B98C01EE849874E4B4502C3D7853196F6044240D3271E4AB3FC6E3C08E9A4,IMPHASH=159D56D406180A332FBC99290F30700E","ParentProcessGuid":"A57649D1-ACE8-61A6-885B-920000000000","ParentProcessId":532,"ParentImage":"C:\\Windows\\System32\\cmd.exe","ParentCommandLine":"\"C:\\Windows\\system32\\cmd.exe\" "}}}
{"Event_attributes":{"xmlns":"http://schemas.microsoft.com/win/2004/08/events/event"},"Event":{"System":{"Provider_attributes":{"Name":"Microsoft-Windows-Sysmon","Guid":"5770385F-C22A-43E0-BF4C-06F5698FFBD9"},"EventID":13,"Version":2,"Level":4,"Task":13,"Opcode":0,"Keywords":"0x8000000000000000","TimeCreated_attributes":{"SystemTime":"2021-12-04T21:19:16.757608Z"},"EventRecordID":48594,"Correlation":null,"Execution_attributes":{"ProcessID":1048,"ThreadID":1684},"Channel":"Microsoft-Windows-Sysmon/Operational","Computer":"fs03vuln.offsec.lan","Security_attributes":{"UserID":"S-1-5-18"}},"EventData":{"RuleName":"technique_id=T1035,technique_name=Service Execution","EventType":"SetValue","UtcTime":"2021-12-04 21:19:16.757","ProcessGuid":"A57649D1-DB54-61AB-775C-DC0100000000","ProcessId":2124,"Image":"C:\\TOOLS\\PsExec64.exe","TargetObject":"HKU\\S-1-5-21-4230534742-2542757381-3142984815-1111\\Software\\Sysinternals\\PsExec\\EulaAccepted","Details":"DWORD (0x00000001)"}}}
{"Event_attributes":{"xmlns":"http://schemas.microsoft.com/win/2004/08/events/event"},"Event":{"System":{"Provider_attributes":{"Name":"Microsoft-Windows-Sysmon","Guid":"5770385F-C22A-43E0-BF4C-06F5698FFBD9"},"EventID":11,"Version":2,"Level":4,"Task":11,"Opcode":0,"Keywords":"0x8000000000000000","TimeCreated_attributes":{"SystemTime":"2021-12-04T21:19:16.757608Z"},"EventRecordID":48595,"Correlation":null,"Execution_attributes":{"ProcessID":1048,"ThreadID":1684},"Channel":"Microsoft-Windows-Sysmon/Operational","Computer":"fs03vuln.offsec.lan","Security_attributes":{"UserID":"S-1-5-18"}},"EventData":{"RuleName":"-","UtcTime":"2021-12-04 21:19:16.757","ProcessGuid":"A57649D1-DB54-61AB-775C-DC0100000000","ProcessId":2124,"Image":"C:\\TOOLS\\PsExec64.exe","TargetFilename":"C:\\Windows\\PSEXESVC.exe","CreationUtcTime":"2021-12-04 21:17:29.604"}}}
{"Event_attributes":{"xmlns":"http://schemas.microsoft.com/win/2004/08/events/event"},"Event":{"System":{"Provider_attributes":{"Name":"Microsoft-Windows-Sysmon","Guid":"5770385F-C22A-43E0-BF4C-06F5698FFBD9"},"EventID":13,"Version":2,"Level":4,"Task":13,"Opcode":0,"Keywords":"0x8000000000000000","TimeCreated_attributes":{"SystemTime":"2021-12-04T21:19:16.773242Z"},"EventRecordID":48596,"Correlation":null,"Execution_attributes":{"ProcessID":1048,"ThreadID":1684},"Channel":"Microsoft-Windows-Sysmon/Operational","Computer":"fs03vuln.offsec.lan","Security_attributes":{"UserID":"S-1-5-18"}},"EventData":{"RuleName":"-","EventType":"SetValue","UtcTime":"2021-12-04 21:19:16.773","ProcessGuid":"A57649D1-92D8-61A4-2690-000000000000","ProcessId":472,"Image":"C:\\Windows\\system32\\services.exe","TargetObject":"HKLM\\System\\CurrentControlSet\\Services\\PSEXESVC\\Start","Details":"DWORD (0x00000003)"}}}
{"Event_attributes":{"xmlns":"http://schemas.microsoft.com/win/2004/08/events/event"},"Event":{"System":{"Provider_attributes":{"Name":"Microsoft-Windows-Sysmon","Guid":"5770385F-C22A-43E0-BF4C-06F5698FFBD9"},"EventID":13,"Version":2,"Level":4,"Task":13,"Opcode":0,"Keywords":"0x8000000000000000","TimeCreated_attributes":{"SystemTime":"2021-12-04T21:19:16.773242Z"},"EventRecordID":48597,"Correlation":null,"Execution_attributes":{"ProcessID":1048,"ThreadID":1684},"Channel":"Microsoft-Windows-Sysmon/Operational","Computer":"fs03vuln.offsec.lan","Security_attributes":{"UserID":"S-1-5-18"}},"EventData":{"RuleName":"-","EventType":"SetValue","UtcTime":"2021-12-04 21:19:16.773","ProcessGuid":"A57649D1-92D8-61A4-2690-000000000000","ProcessId":472,"Image":"C:\\Windows\\system32\\services.exe","TargetObject":"HKLM\\System\\CurrentControlSet\\Services\\PSEXESVC\\ImagePath","Details":"%%SystemRoot%%\\PSEXESVC.exe"}}}
{"Event_attributes":{"xmlns":"http://schemas.microsoft.com/win/2004/08/events/event"},"Event":{"System":{"Provider_attributes":{"Name":"Microsoft-Windows-Sysmon","Guid":"5770385F-C22A-43E0-BF4C-06F5698FFBD9"},"EventID":17,"Version":1,"Level":4,"Task":17,"Opcode":0,"Keywords":"0x8000000000000000","TimeCreated_attributes":{"SystemTime":"2021-12-04T21:19:16.804487Z"},"EventRecordID":48598,"Correlation":null,"Execution_attributes":{"ProcessID":1048,"ThreadID":1684},"Channel":"Microsoft-Windows-Sysmon/Operational","Computer":"fs03vuln.offsec.lan","Security_attributes":{"UserID":"S-1-5-18"}},"EventData":{"RuleName":"technique_id=T1077,technique_name=Windows Admin Shares","EventType":"CreatePipe","UtcTime":"2021-12-04 21:19:16.788","ProcessGuid":"A57649D1-DB54-61AB-2B62-DC0100000000","ProcessId":4752,"PipeName":"\\PSEXESVC","Image":"C:\\Windows\\PSEXESVC.exe"}}}
{"Event_attributes":{"xmlns":"http://schemas.microsoft.com/win/2004/08/events/event"},"Event":{"System":{"Provider_attributes":{"Name":"Microsoft-Windows-Sysmon","Guid":"5770385F-C22A-43E0-BF4C-06F5698FFBD9"},"EventID":18,"Version":1,"Level":4,"Task":18,"Opcode":0,"Keywords":"0x8000000000000000","TimeCreated_attributes":{"SystemTime":"2021-12-04T21:19:16.913885Z"},"EventRecordID":48599,"Correlation":null,"Execution_attributes":{"ProcessID":1048,"ThreadID":1684},"Channel":"Microsoft-Windows-Sysmon/Operational","Computer":"fs03vuln.offsec.lan","Security_attributes":{"UserID":"S-1-5-18"}},"EventData":{"RuleName":"technique_id=T1077,technique_name=Windows Admin Shares","EventType":"ConnectPipe","UtcTime":"2021-12-04 21:19:16.913","ProcessGuid":"A57649D1-92D1-61A4-EB03-000000000000","ProcessId":4,"PipeName":"\\PSEXESVC","Image":"System"}}}
{"Event_attributes":{"xmlns":"http://schemas.microsoft.com/win/2004/08/events/event"},"Event":{"System":{"Provider_attributes":{"Name":"Microsoft-Windows-Sysmon","Guid":"5770385F-C22A-43E0-BF4C-06F5698FFBD9"},"EventID":17,"Version":1,"Level":4,"Task":17,"Opcode":0,"Keywords":"0x8000000000000000","TimeCreated_attributes":{"SystemTime":"2021-12-04T21:19:16.913885Z"},"EventRecordID":48600,"Correlation":null,"Execution_attributes":{"ProcessID":1048,"ThreadID":1684},"Channel":"Microsoft-Windows-Sysmon/Operational","Computer":"fs03vuln.offsec.lan","Security_attributes":{"UserID":"S-1-5-18"}},"EventData":{"RuleName":"technique_id=T1077,technique_name=Windows Admin Shares","EventType":"CreatePipe","UtcTime":"2021-12-04 21:19:16.913","ProcessGuid":"A57649D1-DB54-61AB-2B62-DC0100000000","ProcessId":4752,"PipeName":"\\PSEXESVC-FS03VULN-2124-stdin","Image":"C:\\Windows\\PSEXESVC.exe"}}}
{"Event_attributes":{"xmlns":"http://schemas.microsoft.com/win/2004/08/events/event"},"Event":{"System":{"Provider_attributes":{"Name":"Microsoft-Windows-Sysmon","Guid":"5770385F-C22A-43E0-BF4C-06F5698FFBD9"},"EventID":17,"Version":1,"Level":4,"Task":17,"Opcode":0,"Keywords":"0x8000000000000000","TimeCreated_attributes":{"SystemTime":"2021-12-04T21:19:16.913885Z"},"EventRecordID":48601,"Correlation":null,"Execution_attributes":{"ProcessID":1048,"ThreadID":1684},"Channel":"Microsoft-Windows-Sysmon/Operational","Computer":"fs03vuln.offsec.lan","Security_attributes":{"UserID":"S-1-5-18"}},"EventData":{"RuleName":"technique_id=T1077,technique_name=Windows Admin Shares","EventType":"CreatePipe","UtcTime":"2021-12-04 21:19:16.913","ProcessGuid":"A57649D1-DB54-61AB-2B62-DC0100000000","ProcessId":4752,"PipeName":"\\PSEXESVC-FS03VULN-2124-stdout","Image":"C:\\Windows\\PSEXESVC.exe"}}}
{"Event_attributes":{"xmlns":"http://schemas.microsoft.com/win/2004/08/events/event"},"Event":{"System":{"Provider_attributes":{"Name":"Microsoft-Windows-Sysmon","Guid":"5770385F-C22A-43E0-BF4C-06F5698FFBD9"},"EventID":17,"Version":1,"Level":4,"Task":17,"Opcode":0,"Keywords":"0x8000000000000000","TimeCreated_attributes":{"SystemTime":"2021-12-04T21:19:16.913885Z"},"EventRecordID":48602,"Correlation":null,"Execution_attributes":{"ProcessID":1048,"ThreadID":1684},"Channel":"Microsoft-Windows-Sysmon/Operational","Computer":"fs03vuln.offsec.lan","Security_attributes":{"UserID":"S-1-5-18"}},"EventData":{"RuleName":"technique_id=T1077,technique_name=Windows Admin Shares","EventType":"CreatePipe","UtcTime":"2021-12-04 21:19:16.913","ProcessGuid":"A57649D1-DB54-61AB-2B62-DC0100000000","ProcessId":4752,"PipeName":"\\PSEXESVC-FS03VULN-2124-stderr","Image":"C:\\Windows\\PSEXESVC.exe"}}}
{"Event_attributes":{"xmlns":"http://schemas.microsoft.com/win/2004/08/events/event"},"Event":{"System":{"Provider_attributes":{"Name":"Microsoft-Windows-Sysmon","Guid":"5770385F-C22A-43E0-BF4C-06F5698FFBD9"},"EventID":18,"Version":1,"Level":4,"Task":18,"Opcode":0,"Keywords":"0x8000000000000000","TimeCreated_attributes":{"SystemTime":"2021-12-04T21:19:16.929497Z"},"EventRecordID":48603,"Correlation":null,"Execution_attributes":{"ProcessID":1048,"ThreadID":1684},"Channel":"Microsoft-Windows-Sysmon/Operational","Computer":"fs03vuln.offsec.lan","Security_attributes":{"UserID":"S-1-5-18"}},"EventData":{"RuleName":"technique_id=T1077,technique_name=Windows Admin Shares","EventType":"ConnectPipe","UtcTime":"2021-12-04 21:19:16.929","ProcessGuid":"A57649D1-DB54-61AB-775C-DC0100000000","ProcessId":2124,"PipeName":"\\PSEXESVC-FS03VULN-2124-stdin","Image":"C:\\TOOLS\\PsExec64.exe"}}}
{"Event_attributes":{"xmlns":"http://schemas.microsoft.com/win/2004/08/events/event"},"Event":{"System":{"Provider_attributes":{"Name":"Microsoft-Windows-Sysmon","Guid":"5770385F-C22A-43E0-BF4C-06F5698FFBD9"},"EventID":18,"Version":1,"Level":4,"Task":18,"Opcode":0,"Keywords":"0x8000000000000000","TimeCreated_attributes":{"SystemTime":"2021-12-04T21:19:16.929497Z"},"EventRecordID":48604,"Correlation":null,"Execution_attributes":{"ProcessID":1048,"ThreadID":1684},"Channel":"Microsoft-Windows-Sysmon/Operational","Computer":"fs03vuln.offsec.lan","Security_attributes":{"UserID":"S-1-5-18"}},"EventData":{"RuleName":"technique_id=T1077,technique_name=Windows Admin Shares","EventType":"ConnectPipe","UtcTime":"2021-12-04 21:19:16.929","ProcessGuid":"A57649D1-DB54-61AB-775C-DC0100000000","ProcessId":2124,"PipeName":"\\PSEXESVC-FS03VULN-2124-stdout","Image":"C:\\TOOLS\\PsExec64.exe"}}}
{"Event_attributes":{"xmlns":"http://schemas.microsoft.com/win/2004/08/events/event"},"Event":{"System":{"Provider_attributes":{"Name":"Microsoft-Windows-Sysmon","Guid":"5770385F-C22A-43E0-BF4C-06F5698FFBD9"},"EventID":18,"Version":1,"Level":4,"Task":18,"Opcode":0,"Keywords":"0x8000000000000000","TimeCreated_attributes":{"SystemTime":"2021-12-04T21:19:16.929497Z"},"EventRecordID":48605,"Correlation":null,"Execution_attributes":{"ProcessID":1048,"ThreadID":1684},"Channel":"Microsoft-Windows-Sysmon/Operational","Computer":"fs03vuln.offsec.lan","Security_attributes":{"UserID":"S-1-5-18"}},"EventData":{"RuleName":"technique_id=T1077,technique_name=Windows Admin Shares","EventType":"ConnectPipe","UtcTime":"2021-12-04 21:19:16.929","ProcessGuid":"A57649D1-DB54-61AB-775C-DC0100000000","ProcessId":2124,"PipeName":"\\PSEXESVC-FS03VULN-2124-stderr","Image":"C:\\TOOLS\\PsExec64.exe"}}}
{"Event_attributes":{"xmlns":"http://schemas.microsoft.com/win/2004/08/events/event"},"Event":{"System":{"Provider_attributes":{"Name":"Microsoft-Windows-Sysmon","Guid":"5770385F-C22A-43E0-BF4C-06F5698FFBD9"},"EventID":1,"Version":5,"Level":4,"Task":1,"Opcode":0,"Keywords":"0x8000000000000000","TimeCreated_attributes":{"SystemTime":"2021-12-04T21:19:16.929497Z"},"EventRecordID":48606,"Correlation":null,"Execution_attributes":{"ProcessID":1048,"ThreadID":1684},"Channel":"Microsoft-Windows-Sysmon/Operational","Computer":"fs03vuln.offsec.lan","Security_attributes":{"UserID":"S-1-5-18"}},"EventData":{"RuleName":"technique_id=T1059,technique_name=Command-Line Interface","UtcTime":"2021-12-04 21:19:16.929","ProcessGuid":"A57649D1-DB54-61AB-0467-DC0100000000","ProcessId":540,"Image":"C:\\Windows\\System32\\cmd.exe","FileVersion":"6.3.9600.17415 (winblue_r4.141028-1500)","Description":"Windows Command Processor","Product":"Microsoft® Windows® Operating System","Company":"Microsoft Corporation","OriginalFileName":"Cmd.Exe","CommandLine":"\"cmd\" ","CurrentDirectory":"C:\\Windows\\system32\\","User":"NT AUTHORITY\\SYSTEM","LogonGuid":"A57649D1-92D9-61A4-E703-000000000000","LogonId":"0x3e7","TerminalSessionId":2,"IntegrityLevel":"System","Hashes":"SHA1=7C3D7281E1151FE4127923F4B4C3CD36438E1A12,MD5=F5AE03DE0AD60F5B17B82F2CD68402FE,SHA256=6F88FB88FFB0F1D5465C2826E5B4F523598B1B8378377C8378FFEBC171BAD18B,IMPHASH=77AED1ADAF24B344F08C8AD1432908C3","ParentProcessGuid":"A57649D1-DB54-61AB-2B62-DC0100000000","ParentProcessId":4752,"ParentImage":"C:\\Windows\\PSEXESVC.exe","ParentCommandLine":"C:\\Windows\\PSEXESVC.exe"}}}
{"Event_attributes":{"xmlns":"http://schemas.microsoft.com/win/2004/08/events/event"},"Event":{"System":{"Provider_attributes":{"Name":"Microsoft-Windows-Sysmon","Guid":"5770385F-C22A-43E0-BF4C-06F5698FFBD9"},"EventID":22,"Version":5,"Level":4,"Task":22,"Opcode":0,"Keywords":"0x8000000000000000","TimeCreated_attributes":{"SystemTime":"2021-12-04T21:19:17.757697Z"},"EventRecordID":48607,"Correlation":null,"Execution_attributes":{"ProcessID":1048,"ThreadID":1700},"Channel":"Microsoft-Windows-Sysmon/Operational","Computer":"fs03vuln.offsec.lan","Security_attributes":{"UserID":"S-1-5-18"}},"EventData":{"RuleName":"-","UtcTime":"2021-12-04 21:19:10.604","ProcessGuid":"A57649D1-DB54-61AB-775C-DC0100000000","ProcessId":2124,"QueryName":"fs03vuln","QueryStatus":"0","QueryResults":"10.23.42.38;","Image":"C:\\TOOLS\\PsExec64.exe"}}}
