{"Event_attributes":{"xmlns":"http://schemas.microsoft.com/win/2004/08/events/event"},"Event":{"System":{"Provider_attributes":{"Name":"Microsoft-Windows-Eventlog","Guid":"{fc65ddd8-d6ef-4962-83d5-6e5cfe9ce148}"},"EventID":1102,"Version":0,"Level":4,"Task":104,"Opcode":0,"Keywords":"0x4020000000000000","TimeCreated_attributes":{"SystemTime":"2021-04-26T08:25:31.043685Z"},"EventRecordID":462989,"Correlation":null,"Execution_attributes":{"ProcessID":960,"ThreadID":2340},"Channel":"Security","Computer":"srvdefender01.offsec.lan","Security":null},"UserData":{"LogFileCleared_attributes":{"xmlns":"http://manifests.microsoft.com/win/2004/08/windows/eventlog"},"LogFileCleared":{"SubjectUserSid":"S-1-5-21-4230534742-2542757381-3142984815-1111","SubjectUserName":"admmig","SubjectDomainName":"OFFSEC","SubjectLogonId":"0x2b5f6bf"}}}}
{"Event_attributes":{"xmlns":"http://schemas.microsoft.com/win/2004/08/events/event"},"Event":{"System":{"Provider_attributes":{"Name":"Microsoft-Windows-Security-Auditing","Guid":"54849625-5478-4994-A5BA-3E3B0328C30D"},"EventID":4964,"Version":0,"Level":0,"Task":12548,"Opcode":0,"Keywords":"0x8020000000000000","TimeCreated_attributes":{"SystemTime":"2021-04-26T08:25:36.560801Z"},"EventRecordID":462990,"Correlation_attributes":{"ActivityID":"42422748-35ED-0000-6027-4242ED35D701"},"Execution_attributes":{"ProcessID":584,"ThreadID":1092},"Channel":"Security","Computer":"srvdefender01.offsec.lan","Security":null},"EventData":{"SubjectUserSid":"S-1-5-18","SubjectUserName":"SRVDEFENDER01$","SubjectDomainName":"OFFSEC","SubjectLogonId":"0x3e7","LogonGuid":"00000000-0000-0000-0000-000000000000","TargetUserSid":"S-1-5-21-4230534742-2542757381-3142984815-1111","TargetUserName":"admmig","TargetDomainName":"OFFSEC","TargetLogonId":"0x4da321f","TargetLogonGuid":"00000000-0000-0000-0000-000000000000","SidList":"\r\n\t\t%{S-1-5-21-4230534742-2542757381-3142984815-1613}"}}}
{"Event_attributes":{"xmlns":"http://schemas.microsoft.com/win/2004/08/events/event"},"Event":{"System":{"Provider_attributes":{"Name":"Microsoft-Windows-Security-Auditing","Guid":"54849625-5478-4994-A5BA-3E3B0328C30D"},"EventID":4672,"Version":0,"Level":0,"Task":12548,"Opcode":0,"Keywords":"0x8020000000000000","TimeCreated_attributes":{"SystemTime":"2021-04-26T08:25:36.560811Z"},"EventRecordID":462991,"Correlation_attributes":{"ActivityID":"42422748-35ED-0000-6027-4242ED35D701"},"Execution_attributes":{"ProcessID":584,"ThreadID":1092},"Channel":"Security","Computer":"srvdefender01.offsec.lan","Security":null},"EventData":{"SubjectUserSid":"S-1-5-21-4230534742-2542757381-3142984815-1111","SubjectUserName":"admmig","SubjectDomainName":"OFFSEC","SubjectLogonId":"0x4da321f","PrivilegeList":"SeSecurityPrivilege\r\n\t\t\tSeBackupPrivilege\r\n\t\t\tSeRestorePrivilege\r\n\t\t\tSeTakeOwnershipPrivilege\r\n\t\t\tSeDebugPrivilege\r\n\t\t\tSeSystemEnvironmentPrivilege\r\n\t\t\tSeLoadDriverPrivilege\r\n\t\t\tSeImpersonatePrivilege\r\n\t\t\tSeDelegateSessionUserImpersonatePrivilege"}}}
{"Event_attributes":{"xmlns":"http://schemas.microsoft.com/win/2004/08/events/event"},"Event":{"System":{"Provider_attributes":{"Name":"Microsoft-Windows-Security-Auditing","Guid":"54849625-5478-4994-A5BA-3E3B0328C30D"},"EventID":4624,"Version":2,"Level":0,"Task":12544,"Opcode":0,"Keywords":"0x8020000000000000","TimeCreated_attributes":{"SystemTime":"2021-04-26T08:25:36.560881Z"},"EventRecordID":462992,"Correlation_attributes":{"ActivityID":"42422748-35ED-0000-6027-4242ED35D701"},"Execution_attributes":{"ProcessID":584,"ThreadID":1092},"Channel":"Security","Computer":"srvdefender01.offsec.lan","Security":null},"EventData":{"SubjectUserSid":"S-1-0-0","SubjectUserName":"-","SubjectDomainName":"-","SubjectLogonId":"0x0","TargetUserSid":"S-1-5-21-4230534742-2542757381-3142984815-1111","TargetUserName":"admmig","TargetDomainName":"OFFSEC","TargetLogonId":"0x4da321f","LogonType":3,"LogonProcessName":"NtLmSsp ","AuthenticationPackageName":"NTLM","WorkstationName":"-","LogonGuid":"00000000-0000-0000-0000-000000000000","TransmittedServices":"-","LmPackageName":"NTLM V2","KeyLength":0,"ProcessId":"0x0","ProcessName":"-","IpAddress":"10.23.123.11","IpPort":"47020","ImpersonationLevel":"%%1833","RestrictedAdminMode":"-","TargetOutboundUserName":"-","TargetOutboundDomainName":"-","VirtualAccount":"%%1843","TargetLinkedLogonId":"0x0","ElevatedToken":"%%1842"}}}
{"Event_attributes":{"xmlns":"http://schemas.microsoft.com/win/2004/08/events/event"},"Event":{"System":{"Provider_attributes":{"Name":"Microsoft-Windows-Security-Auditing","Guid":"54849625-5478-4994-A5BA-3E3B0328C30D"},"EventID":4627,"Version":0,"Level":0,"Task":12554,"Opcode":0,"Keywords":"0x8020000000000000","TimeCreated_attributes":{"SystemTime":"2021-04-26T08:25:36.560924Z"},"EventRecordID":462993,"Correlation_attributes":{"ActivityID":"42422748-35ED-0000-6027-4242ED35D701"},"Execution_attributes":{"ProcessID":584,"ThreadID":1092},"Channel":"Security","Computer":"srvdefender01.offsec.lan","Security":null},"EventData":{"SubjectUserSid":"S-1-0-0","SubjectUserName":"-","SubjectDomainName":"-","SubjectLogonId":"0x0","TargetUserSid":"S-1-5-21-4230534742-2542757381-3142984815-1111","TargetUserName":"admmig","TargetDomainName":"OFFSEC","TargetLogonId":"0x4da321f","LogonType":3,"EventIdx":1,"EventCountTotal":1,"GroupMembership":"\r\n\t\t%{S-1-5-21-4230534742-2542757381-3142984815-513}\r\n\t\t%{S-1-1-0}\r\n\t\t%{S-1-5-32-545}\r\n\t\t%{S-1-5-32-544}\r\n\t\t%{S-1-5-2}\r\n\t\t%{S-1-5-11}\r\n\t\t%{S-1-5-15}\r\n\t\t%{S-1-5-21-4230534742-2542757381-3142984815-1605}\r\n\t\t%{S-1-5-21-4230534742-2542757381-3142984815-1613}\r\n\t\t%{S-1-5-21-4230534742-2542757381-3142984815-1172}\r\n\t\t%{S-1-5-21-4230534742-2542757381-3142984815-512}\r\n\t\t%{S-1-5-21-4230534742-2542757381-3142984815-1190}\r\n\t\t%{S-1-5-21-4230534742-2542757381-3142984815-518}\r\n\t\t%{S-1-5-21-4230534742-2542757381-3142984815-1198}\r\n\t\t%{S-1-5-21-4230534742-2542757381-3142984815-519}\r\n\t\t%{S-1-5-21-4230534742-2542757381-3142984815-572}\r\n\t\t%{S-1-5-64-10}\r\n\t\t%{S-1-16-12288}"}}}
{"Event_attributes":{"xmlns":"http://schemas.microsoft.com/win/2004/08/events/event"},"Event":{"System":{"Provider_attributes":{"Name":"Microsoft-Windows-Security-Auditing","Guid":"54849625-5478-4994-A5BA-3E3B0328C30D"},"EventID":4964,"Version":0,"Level":0,"Task":12548,"Opcode":0,"Keywords":"0x8020000000000000","TimeCreated_attributes":{"SystemTime":"2021-04-26T08:25:36.584745Z"},"EventRecordID":462994,"Correlation_attributes":{"ActivityID":"42422748-35ED-0000-6027-4242ED35D701"},"Execution_attributes":{"ProcessID":584,"ThreadID":1092},"Channel":"Security","Computer":"srvdefender01.offsec.lan","Security":null},"EventData":{"SubjectUserSid":"S-1-5-20","SubjectUserName":"SRVDEFENDER01$","SubjectDomainName":"OFFSEC","SubjectLogonId":"0x3e4","LogonGuid":"00000000-0000-0000-0000-000000000000","TargetUserSid":"S-1-5-21-4230534742-2542757381-3142984815-1111","TargetUserName":"admmig","TargetDomainName":"OFFSEC","TargetLogonId":"0x4da324f","TargetLogonGuid":"00000000-0000-0000-0000-000000000000","SidList":"\r\n\t\t%{S-1-5-21-4230534742-2542757381-3142984815-1613}"}}}
{"Event_attributes":{"xmlns":"http://schemas.microsoft.com/win/2004/08/events/event"},"Event":{"System":{"Provider_attributes":{"Name":"Microsoft-Windows-Security-Auditing","Guid":"54849625-5478-4994-A5BA-3E3B0328C30D"},"EventID":4672,"Version":0,"Level":0,"Task":12548,"Opcode":0,"Keywords":"0x8020000000000000","TimeCreated_attributes":{"SystemTime":"2021-04-26T08:25:36.584752Z"},"EventRecordID":462995,"Correlation_attributes":{"ActivityID":"42422748-35ED-0000-6027-4242ED35D701"},"Execution_attributes":{"ProcessID":584,"ThreadID":1092},"Channel":"Security","Computer":"srvdefender01.offsec.lan","Security":null},"EventData":{"SubjectUserSid":"S-1-5-21-4230534742-2542757381-3142984815-1111","SubjectUserName":"admmig","SubjectDomainName":"OFFSEC","SubjectLogonId":"0x4da324f","PrivilegeList":"SeSecurityPrivilege\r\n\t\t\tSeBackupPrivilege\r\n\t\t\tSeRestorePrivilege\r\n\t\t\tSeTakeOwnershipPrivilege\r\n\t\t\tSeDebugPrivilege\r\n\t\t\tSeSystemEnvironmentPrivilege\r\n\t\t\tSeLoadDriverPrivilege\r\n\t\t\tSeImpersonatePrivilege\r\n\t\t\tSeDelegateSessionUserImpersonatePrivilege"}}}
{"Event_attributes":{"xmlns":"http://schemas.microsoft.com/win/2004/08/events/event"},"Event":{"System":{"Provider_attributes":{"Name":"Microsoft-Windows-Security-Auditing","Guid":"54849625-5478-4994-A5BA-3E3B0328C30D"},"EventID":4624,"Version":2,"Level":0,"Task":12544,"Opcode":0,"Keywords":"0x8020000000000000","TimeCreated_attributes":{"SystemTime":"2021-04-26T08:25:36.584838Z"},"EventRecordID":462996,"Correlation_attributes":{"ActivityID":"42422748-35ED-0000-6027-4242ED35D701"},"Execution_attributes":{"ProcessID":584,"ThreadID":1092},"Channel":"Security","Computer":"srvdefender01.offsec.lan","Security":null},"EventData":{"SubjectUserSid":"S-1-0-0","SubjectUserName":"-","SubjectDomainName":"-","SubjectLogonId":"0x0","TargetUserSid":"S-1-5-21-4230534742-2542757381-3142984815-1111","TargetUserName":"admmig","TargetDomainName":"OFFSEC","TargetLogonId":"0x4da324f","LogonType":3,"LogonProcessName":"NtLmSsp ","AuthenticationPackageName":"NTLM","WorkstationName":"-","LogonGuid":"00000000-0000-0000-0000-000000000000","TransmittedServices":"-","LmPackageName":"NTLM V2","KeyLength":128,"ProcessId":"0x0","ProcessName":"-","IpAddress":"10.23.123.11","IpPort":"34114","ImpersonationLevel":"%%1833","RestrictedAdminMode":"-","TargetOutboundUserName":"-","TargetOutboundDomainName":"-","VirtualAccount":"%%1843","TargetLinkedLogonId":"0x0","ElevatedToken":"%%1842"}}}
{"Event_attributes":{"xmlns":"http://schemas.microsoft.com/win/2004/08/events/event"},"Event":{"System":{"Provider_attributes":{"Name":"Microsoft-Windows-Security-Auditing","Guid":"54849625-5478-4994-A5BA-3E3B0328C30D"},"EventID":4627,"Version":0,"Level":0,"Task":12554,"Opcode":0,"Keywords":"0x8020000000000000","TimeCreated_attributes":{"SystemTime":"2021-04-26T08:25:36.584869Z"},"EventRecordID":462997,"Correlation_attributes":{"ActivityID":"42422748-35ED-0000-6027-4242ED35D701"},"Execution_attributes":{"ProcessID":584,"ThreadID":1092},"Channel":"Security","Computer":"srvdefender01.offsec.lan","Security":null},"EventData":{"SubjectUserSid":"S-1-0-0","SubjectUserName":"-","SubjectDomainName":"-","SubjectLogonId":"0x0","TargetUserSid":"S-1-5-21-4230534742-2542757381-3142984815-1111","TargetUserName":"admmig","TargetDomainName":"OFFSEC","TargetLogonId":"0x4da324f","LogonType":3,"EventIdx":1,"EventCountTotal":1,"GroupMembership":"\r\n\t\t%{S-1-5-21-4230534742-2542757381-3142984815-513}\r\n\t\t%{S-1-1-0}\r\n\t\t%{S-1-5-32-545}\r\n\t\t%{S-1-5-32-544}\r\n\t\t%{S-1-5-2}\r\n\t\t%{S-1-5-11}\r\n\t\t%{S-1-5-15}\r\n\t\t%{S-1-5-21-4230534742-2542757381-3142984815-1605}\r\n\t\t%{S-1-5-21-4230534742-2542757381-3142984815-1613}\r\n\t\t%{S-1-5-21-4230534742-2542757381-3142984815-1172}\r\n\t\t%{S-1-5-21-4230534742-2542757381-3142984815-512}\r\n\t\t%{S-1-5-21-4230534742-2542757381-3142984815-1190}\r\n\t\t%{S-1-5-21-4230534742-2542757381-3142984815-518}\r\n\t\t%{S-1-5-21-4230534742-2542757381-3142984815-1198}\r\n\t\t%{S-1-5-21-4230534742-2542757381-3142984815-519}\r\n\t\t%{S-1-5-21-4230534742-2542757381-3142984815-572}\r\n\t\t%{S-1-5-64-10}\r\n\t\t%{S-1-16-12288}"}}}
{"Event_attributes":{"xmlns":"http://schemas.microsoft.com/win/2004/08/events/event"},"Event":{"System":{"Provider_attributes":{"Name":"Microsoft-Windows-Security-Auditing","Guid":"54849625-5478-4994-A5BA-3E3B0328C30D"},"EventID":4964,"Version":0,"Level":0,"Task":12548,"Opcode":0,"Keywords":"0x8020000000000000","TimeCreated_attributes":{"SystemTime":"2021-04-26T08:25:36.686449Z"},"EventRecordID":462998,"Correlation_attributes":{"ActivityID":"42422748-35ED-0000-6027-4242ED35D701"},"Execution_attributes":{"ProcessID":584,"ThreadID":1092},"Channel":"Security","Computer":"srvdefender01.offsec.lan","Security":null},"EventData":{"SubjectUserSid":"S-1-5-18","SubjectUserName":"SRVDEFENDER01$","SubjectDomainName":"OFFSEC","SubjectLogonId":"0x3e7","LogonGuid":"00000000-0000-0000-0000-000000000000","TargetUserSid":"S-1-5-21-4230534742-2542757381-3142984815-1111","TargetUserName":"admmig","TargetDomainName":"OFFSEC","TargetLogonId":"0x4da3273","TargetLogonGuid":"00000000-0000-0000-0000-000000000000","SidList":"\r\n\t\t%{S-1-5-21-4230534742-2542757381-3142984815-1613}"}}}
{"Event_attributes":{"xmlns":"http://schemas.microsoft.com/win/2004/08/events/event"},"Event":{"System":{"Provider_attributes":{"Name":"Microsoft-Windows-Security-Auditing","Guid":"54849625-5478-4994-A5BA-3E3B0328C30D"},"EventID":4672,"Version":0,"Level":0,"Task":12548,"Opcode":0,"Keywords":"0x8020000000000000","TimeCreated_attributes":{"SystemTime":"2021-04-26T08:25:36.686455Z"},"EventRecordID":462999,"Correlation_attributes":{"ActivityID":"42422748-35ED-0000-6027-4242ED35D701"},"Execution_attributes":{"ProcessID":584,"ThreadID":1092},"Channel":"Security","Computer":"srvdefender01.offsec.lan","Security":null},"EventData":{"SubjectUserSid":"S-1-5-21-4230534742-2542757381-3142984815-1111","SubjectUserName":"admmig","SubjectDomainName":"OFFSEC","SubjectLogonId":"0x4da3273","PrivilegeList":"SeSecurityPrivilege\r\n\t\t\tSeBackupPrivilege\r\n\t\t\tSeRestorePrivilege\r\n\t\t\tSeTakeOwnershipPrivilege\r\n\t\t\tSeDebugPrivilege\r\n\t\t\tSeSystemEnvironmentPrivilege\r\n\t\t\tSeLoadDriverPrivilege\r\n\t\t\tSeImpersonatePrivilege\r\n\t\t\tSeDelegateSessionUserImpersonatePrivilege"}}}
{"Event_attributes":{"xmlns":"http://schemas.microsoft.com/win/2004/08/events/event"},"Event":{"System":{"Provider_attributes":{"Name":"Microsoft-Windows-Security-Auditing","Guid":"54849625-5478-4994-A5BA-3E3B0328C30D"},"EventID":4624,"Version":2,"Level":0,"Task":12544,"Opcode":0,"Keywords":"0x8020000000000000","TimeCreated_attributes":{"SystemTime":"2021-04-26T08:25:36.686533Z"},"EventRecordID":463000,"Correlation_attributes":{"ActivityID":"42422748-35ED-0000-6027-4242ED35D701"},"Execution_attributes":{"ProcessID":584,"ThreadID":1092},"Channel":"Security","Computer":"srvdefender01.offsec.lan","Security":null},"EventData":{"SubjectUserSid":"S-1-0-0","SubjectUserName":"-","SubjectDomainName":"-","SubjectLogonId":"0x0","TargetUserSid":"S-1-5-21-4230534742-2542757381-3142984815-1111","TargetUserName":"admmig","TargetDomainName":"OFFSEC","TargetLogonId":"0x4da3273","LogonType":3,"LogonProcessName":"NtLmSsp ","AuthenticationPackageName":"NTLM","WorkstationName":"-","LogonGuid":"00000000-0000-0000-0000-000000000000","TransmittedServices":"-","LmPackageName":"NTLM V2","KeyLength":128,"ProcessId":"0x0","ProcessName":"-","IpAddress":"10.23.123.11","IpPort":"57116","ImpersonationLevel":"%%1833","RestrictedAdminMode":"-","TargetOutboundUserName":"-","TargetOutboundDomainName":"-","VirtualAccount":"%%1843","TargetLinkedLogonId":"0x0","ElevatedToken":"%%1842"}}}
{"Event_attributes":{"xmlns":"http://schemas.microsoft.com/win/2004/08/events/event"},"Event":{"System":{"Provider_attributes":{"Name":"Microsoft-Windows-Security-Auditing","Guid":"54849625-5478-4994-A5BA-3E3B0328C30D"},"EventID":4627,"Version":0,"Level":0,"Task":12554,"Opcode":0,"Keywords":"0x8020000000000000","TimeCreated_attributes":{"SystemTime":"2021-04-26T08:25:36.686562Z"},"EventRecordID":463001,"Correlation_attributes":{"ActivityID":"42422748-35ED-0000-6027-4242ED35D701"},"Execution_attributes":{"ProcessID":584,"ThreadID":1092},"Channel":"Security","Computer":"srvdefender01.offsec.lan","Security":null},"EventData":{"SubjectUserSid":"S-1-0-0","SubjectUserName":"-","SubjectDomainName":"-","SubjectLogonId":"0x0","TargetUserSid":"S-1-5-21-4230534742-2542757381-3142984815-1111","TargetUserName":"admmig","TargetDomainName":"OFFSEC","TargetLogonId":"0x4da3273","LogonType":3,"EventIdx":1,"EventCountTotal":1,"GroupMembership":"\r\n\t\t%{S-1-5-21-4230534742-2542757381-3142984815-513}\r\n\t\t%{S-1-1-0}\r\n\t\t%{S-1-5-32-545}\r\n\t\t%{S-1-5-32-544}\r\n\t\t%{S-1-5-2}\r\n\t\t%{S-1-5-11}\r\n\t\t%{S-1-5-15}\r\n\t\t%{S-1-5-21-4230534742-2542757381-3142984815-1605}\r\n\t\t%{S-1-5-21-4230534742-2542757381-3142984815-1613}\r\n\t\t%{S-1-5-21-4230534742-2542757381-3142984815-1172}\r\n\t\t%{S-1-5-21-4230534742-2542757381-3142984815-512}\r\n\t\t%{S-1-5-21-4230534742-2542757381-3142984815-1190}\r\n\t\t%{S-1-5-21-4230534742-2542757381-3142984815-518}\r\n\t\t%{S-1-5-21-4230534742-2542757381-3142984815-1198}\r\n\t\t%{S-1-5-21-4230534742-2542757381-3142984815-519}\r\n\t\t%{S-1-5-21-4230534742-2542757381-3142984815-572}\r\n\t\t%{S-1-5-64-10}\r\n\t\t%{S-1-16-12288}"}}}
{"Event_attributes":{"xmlns":"http://schemas.microsoft.com/win/2004/08/events/event"},"Event":{"System":{"Provider_attributes":{"Name":"Microsoft-Windows-Security-Auditing","Guid":"54849625-5478-4994-A5BA-3E3B0328C30D"},"EventID":4964,"Version":0,"Level":0,"Task":12548,"Opcode":0,"Keywords":"0x8020000000000000","TimeCreated_attributes":{"SystemTime":"2021-04-26T08:25:36.852738Z"},"EventRecordID":463002,"Correlation_attributes":{"ActivityID":"42422748-35ED-0000-6027-4242ED35D701"},"Execution_attributes":{"ProcessID":584,"ThreadID":1092},"Channel":"Security","Computer":"srvdefender01.offsec.lan","Security":null},"EventData":{"SubjectUserSid":"S-1-5-18","SubjectUserName":"SRVDEFENDER01$","SubjectDomainName":"OFFSEC","SubjectLogonId":"0x3e7","LogonGuid":"00000000-0000-0000-0000-000000000000","TargetUserSid":"S-1-5-21-4230534742-2542757381-3142984815-1111","TargetUserName":"admmig","TargetDomainName":"OFFSEC","TargetLogonId":"0x4da3292","TargetLogonGuid":"00000000-0000-0000-0000-000000000000","SidList":"\r\n\t\t%{S-1-5-21-4230534742-2542757381-3142984815-1613}"}}}
{"Event_attributes":{"xmlns":"http://schemas.microsoft.com/win/2004/08/events/event"},"Event":{"System":{"Provider_attributes":{"Name":"Microsoft-Windows-Security-Auditing","Guid":"54849625-5478-4994-A5BA-3E3B0328C30D"},"EventID":4672,"Version":0,"Level":0,"Task":12548,"Opcode":0,"Keywords":"0x8020000000000000","TimeCreated_attributes":{"SystemTime":"2021-04-26T08:25:36.852744Z"},"EventRecordID":463003,"Correlation_attributes":{"ActivityID":"42422748-35ED-0000-6027-4242ED35D701"},"Execution_attributes":{"ProcessID":584,"ThreadID":1092},"Channel":"Security","Computer":"srvdefender01.offsec.lan","Security":null},"EventData":{"SubjectUserSid":"S-1-5-21-4230534742-2542757381-3142984815-1111","SubjectUserName":"admmig","SubjectDomainName":"OFFSEC","SubjectLogonId":"0x4da3292","PrivilegeList":"SeSecurityPrivilege\r\n\t\t\tSeBackupPrivilege\r\n\t\t\tSeRestorePrivilege\r\n\t\t\tSeTakeOwnershipPrivilege\r\n\t\t\tSeDebugPrivilege\r\n\t\t\tSeSystemEnvironmentPrivilege\r\n\t\t\tSeLoadDriverPrivilege\r\n\t\t\tSeImpersonatePrivilege\r\n\t\t\tSeDelegateSessionUserImpersonatePrivilege"}}}
{"Event_attributes":{"xmlns":"http://schemas.microsoft.com/win/2004/08/events/event"},"Event":{"System":{"Provider_attributes":{"Name":"Microsoft-Windows-Security-Auditing","Guid":"54849625-5478-4994-A5BA-3E3B0328C30D"},"EventID":4624,"Version":2,"Level":0,"Task":12544,"Opcode":0,"Keywords":"0x8020000000000000","TimeCreated_attributes":{"SystemTime":"2021-04-26T08:25:36.852817Z"},"EventRecordID":463004,"Correlation_attributes":{"ActivityID":"42422748-35ED-0000-6027-4242ED35D701"},"Execution_attributes":{"ProcessID":584,"ThreadID":1092},"Channel":"Security","Computer":"srvdefender01.offsec.lan","Security":null},"EventData":{"SubjectUserSid":"S-1-0-0","SubjectUserName":"-","SubjectDomainName":"-","SubjectLogonId":"0x0","TargetUserSid":"S-1-5-21-4230534742-2542757381-3142984815-1111","TargetUserName":"admmig","TargetDomainName":"OFFSEC","TargetLogonId":"0x4da3292","LogonType":3,"LogonProcessName":"NtLmSsp ","AuthenticationPackageName":"NTLM","WorkstationName":"-","LogonGuid":"00000000-0000-0000-0000-000000000000","TransmittedServices":"-","LmPackageName":"NTLM V2","KeyLength":128,"ProcessId":"0x0","ProcessName":"-","IpAddress":"10.23.123.11","IpPort":"57116","ImpersonationLevel":"%%1833","RestrictedAdminMode":"-","TargetOutboundUserName":"-","TargetOutboundDomainName":"-","VirtualAccount":"%%1843","TargetLinkedLogonId":"0x0","ElevatedToken":"%%1842"}}}
{"Event_attributes":{"xmlns":"http://schemas.microsoft.com/win/2004/08/events/event"},"Event":{"System":{"Provider_attributes":{"Name":"Microsoft-Windows-Security-Auditing","Guid":"54849625-5478-4994-A5BA-3E3B0328C30D"},"EventID":4627,"Version":0,"Level":0,"Task":12554,"Opcode":0,"Keywords":"0x8020000000000000","TimeCreated_attributes":{"SystemTime":"2021-04-26T08:25:36.852847Z"},"EventRecordID":463005,"Correlation_attributes":{"ActivityID":"42422748-35ED-0000-6027-4242ED35D701"},"Execution_attributes":{"ProcessID":584,"ThreadID":1092},"Channel":"Security","Computer":"srvdefender01.offsec.lan","Security":null},"EventData":{"SubjectUserSid":"S-1-0-0","SubjectUserName":"-","SubjectDomainName":"-","SubjectLogonId":"0x0","TargetUserSid":"S-1-5-21-4230534742-2542757381-3142984815-1111","TargetUserName":"admmig","TargetDomainName":"OFFSEC","TargetLogonId":"0x4da3292","LogonType":3,"EventIdx":1,"EventCountTotal":1,"GroupMembership":"\r\n\t\t%{S-1-5-21-4230534742-2542757381-3142984815-513}\r\n\t\t%{S-1-1-0}\r\n\t\t%{S-1-5-32-545}\r\n\t\t%{S-1-5-32-544}\r\n\t\t%{S-1-5-2}\r\n\t\t%{S-1-5-11}\r\n\t\t%{S-1-5-15}\r\n\t\t%{S-1-5-21-4230534742-2542757381-3142984815-1605}\r\n\t\t%{S-1-5-21-4230534742-2542757381-3142984815-1613}\r\n\t\t%{S-1-5-21-4230534742-2542757381-3142984815-1172}\r\n\t\t%{S-1-5-21-4230534742-2542757381-3142984815-512}\r\n\t\t%{S-1-5-21-4230534742-2542757381-3142984815-1190}\r\n\t\t%{S-1-5-21-4230534742-2542757381-3142984815-518}\r\n\t\t%{S-1-5-21-4230534742-2542757381-3142984815-1198}\r\n\t\t%{S-1-5-21-4230534742-2542757381-3142984815-519}\r\n\t\t%{S-1-5-21-4230534742-2542757381-3142984815-572}\r\n\t\t%{S-1-5-64-10}\r\n\t\t%{S-1-16-12288}"}}}
{"Event_attributes":{"xmlns":"http://schemas.microsoft.com/win/2004/08/events/event"},"Event":{"System":{"Provider_attributes":{"Name":"Microsoft-Windows-Security-Auditing","Guid":"54849625-5478-4994-A5BA-3E3B0328C30D"},"EventID":4964,"Version":0,"Level":0,"Task":12548,"Opcode":0,"Keywords":"0x8020000000000000","TimeCreated_attributes":{"SystemTime":"2021-04-26T08:25:36.913692Z"},"EventRecordID":463006,"Correlation_attributes":{"ActivityID":"42422748-35ED-0000-6027-4242ED35D701"},"Execution_attributes":{"ProcessID":584,"ThreadID":1092},"Channel":"Security","Computer":"srvdefender01.offsec.lan","Security":null},"EventData":{"SubjectUserSid":"S-1-5-18","SubjectUserName":"SRVDEFENDER01$","SubjectDomainName":"OFFSEC","SubjectLogonId":"0x3e7","LogonGuid":"00000000-0000-0000-0000-000000000000","TargetUserSid":"S-1-5-21-4230534742-2542757381-3142984815-1111","TargetUserName":"admmig","TargetDomainName":"OFFSEC","TargetLogonId":"0x4da32af","TargetLogonGuid":"00000000-0000-0000-0000-000000000000","SidList":"\r\n\t\t%{S-1-5-21-4230534742-2542757381-3142984815-1613}"}}}
{"Event_attributes":{"xmlns":"http://schemas.microsoft.com/win/2004/08/events/event"},"Event":{"System":{"Provider_attributes":{"Name":"Microsoft-Windows-Security-Auditing","Guid":"54849625-5478-4994-A5BA-3E3B0328C30D"},"EventID":4672,"Version":0,"Level":0,"Task":12548,"Opcode":0,"Keywords":"0x8020000000000000","TimeCreated_attributes":{"SystemTime":"2021-04-26T08:25:36.913699Z"},"EventRecordID":463007,"Correlation_attributes":{"ActivityID":"42422748-35ED-0000-6027-4242ED35D701"},"Execution_attributes":{"ProcessID":584,"ThreadID":1092},"Channel":"Security","Computer":"srvdefender01.offsec.lan","Security":null},"EventData":{"SubjectUserSid":"S-1-5-21-4230534742-2542757381-3142984815-1111","SubjectUserName":"admmig","SubjectDomainName":"OFFSEC","SubjectLogonId":"0x4da32af","PrivilegeList":"SeSecurityPrivilege\r\n\t\t\tSeBackupPrivilege\r\n\t\t\tSeRestorePrivilege\r\n\t\t\tSeTakeOwnershipPrivilege\r\n\t\t\tSeDebugPrivilege\r\n\t\t\tSeSystemEnvironmentPrivilege\r\n\t\t\tSeLoadDriverPrivilege\r\n\t\t\tSeImpersonatePrivilege\r\n\t\t\tSeDelegateSessionUserImpersonatePrivilege"}}}
{"Event_attributes":{"xmlns":"http://schemas.microsoft.com/win/2004/08/events/event"},"Event":{"System":{"Provider_attributes":{"Name":"Microsoft-Windows-Security-Auditing","Guid":"54849625-5478-4994-A5BA-3E3B0328C30D"},"EventID":4624,"Version":2,"Level":0,"Task":12544,"Opcode":0,"Keywords":"0x8020000000000000","TimeCreated_attributes":{"SystemTime":"2021-04-26T08:25:36.913769Z"},"EventRecordID":463008,"Correlation_attributes":{"ActivityID":"42422748-35ED-0000-6027-4242ED35D701"},"Execution_attributes":{"ProcessID":584,"ThreadID":1092},"Channel":"Security","Computer":"srvdefender01.offsec.lan","Security":null},"EventData":{"SubjectUserSid":"S-1-0-0","SubjectUserName":"-","SubjectDomainName":"-","SubjectLogonId":"0x0","TargetUserSid":"S-1-5-21-4230534742-2542757381-3142984815-1111","TargetUserName":"admmig","TargetDomainName":"OFFSEC","TargetLogonId":"0x4da32af","LogonType":3,"LogonProcessName":"NtLmSsp ","AuthenticationPackageName":"NTLM","WorkstationName":"-","LogonGuid":"00000000-0000-0000-0000-000000000000","TransmittedServices":"-","LmPackageName":"NTLM V2","KeyLength":128,"ProcessId":"0x0","ProcessName":"-","IpAddress":"10.23.123.11","IpPort":"57116","ImpersonationLevel":"%%1833","RestrictedAdminMode":"-","TargetOutboundUserName":"-","TargetOutboundDomainName":"-","VirtualAccount":"%%1843","TargetLinkedLogonId":"0x0","ElevatedToken":"%%1842"}}}
{"Event_attributes":{"xmlns":"http://schemas.microsoft.com/win/2004/08/events/event"},"Event":{"System":{"Provider_attributes":{"Name":"Microsoft-Windows-Security-Auditing","Guid":"54849625-5478-4994-A5BA-3E3B0328C30D"},"EventID":4627,"Version":0,"Level":0,"Task":12554,"Opcode":0,"Keywords":"0x8020000000000000","TimeCreated_attributes":{"SystemTime":"2021-04-26T08:25:36.913798Z"},"EventRecordID":463009,"Correlation_attributes":{"ActivityID":"42422748-35ED-0000-6027-4242ED35D701"},"Execution_attributes":{"ProcessID":584,"ThreadID":1092},"Channel":"Security","Computer":"srvdefender01.offsec.lan","Security":null},"EventData":{"SubjectUserSid":"S-1-0-0","SubjectUserName":"-","SubjectDomainName":"-","SubjectLogonId":"0x0","TargetUserSid":"S-1-5-21-4230534742-2542757381-3142984815-1111","TargetUserName":"admmig","TargetDomainName":"OFFSEC","TargetLogonId":"0x4da32af","LogonType":3,"EventIdx":1,"EventCountTotal":1,"GroupMembership":"\r\n\t\t%{S-1-5-21-4230534742-2542757381-3142984815-513}\r\n\t\t%{S-1-1-0}\r\n\t\t%{S-1-5-32-545}\r\n\t\t%{S-1-5-32-544}\r\n\t\t%{S-1-5-2}\r\n\t\t%{S-1-5-11}\r\n\t\t%{S-1-5-15}\r\n\t\t%{S-1-5-21-4230534742-2542757381-3142984815-1605}\r\n\t\t%{S-1-5-21-4230534742-2542757381-3142984815-1613}\r\n\t\t%{S-1-5-21-4230534742-2542757381-3142984815-1172}\r\n\t\t%{S-1-5-21-4230534742-2542757381-3142984815-512}\r\n\t\t%{S-1-5-21-4230534742-2542757381-3142984815-1190}\r\n\t\t%{S-1-5-21-4230534742-2542757381-3142984815-518}\r\n\t\t%{S-1-5-21-4230534742-2542757381-3142984815-1198}\r\n\t\t%{S-1-5-21-4230534742-2542757381-3142984815-519}\r\n\t\t%{S-1-5-21-4230534742-2542757381-3142984815-572}\r\n\t\t%{S-1-5-64-10}\r\n\t\t%{S-1-16-12288}"}}}
{"Event_attributes":{"xmlns":"http://schemas.microsoft.com/win/2004/08/events/event"},"Event":{"System":{"Provider_attributes":{"Name":"Microsoft-Windows-Security-Auditing","Guid":"54849625-5478-4994-A5BA-3E3B0328C30D"},"EventID":4688,"Version":2,"Level":0,"Task":13312,"Opcode":0,"Keywords":"0x8020000000000000","TimeCreated_attributes":{"SystemTime":"2021-04-26T08:25:37.258117Z"},"EventRecordID":463010,"Correlation":null,"Execution_attributes":{"ProcessID":4,"ThreadID":3320},"Channel":"Security","Computer":"srvdefender01.offsec.lan","Security":null},"EventData":{"SubjectUserSid":"S-1-5-20","SubjectUserName":"SRVDEFENDER01$","SubjectDomainName":"OFFSEC","SubjectLogonId":"0x3e4","NewProcessId":"0xd44","NewProcessName":"C:\\Windows\\System32\\cmd.exe","TokenElevationType":"%%1936","ProcessId":"0xac8","CommandLine":"cmd.exe /Q /c cd \\ 1> \\\\127.0.0.1\\ADMIN$\\__1619425227.894209 2>&1","TargetUserSid":"S-1-0-0","TargetUserName":"admmig","TargetDomainName":"OFFSEC","TargetLogonId":"0x4da32af","ParentProcessName":"C:\\Windows\\System32\\wbem\\WmiPrvSE.exe","MandatoryLabel":"S-1-16-12288"}}}
{"Event_attributes":{"xmlns":"http://schemas.microsoft.com/win/2004/08/events/event"},"Event":{"System":{"Provider_attributes":{"Name":"Microsoft-Windows-Security-Auditing","Guid":"54849625-5478-4994-A5BA-3E3B0328C30D"},"EventID":4688,"Version":2,"Level":0,"Task":13312,"Opcode":0,"Keywords":"0x8020000000000000","TimeCreated_attributes":{"SystemTime":"2021-04-26T08:25:37.307682Z"},"EventRecordID":463011,"Correlation":null,"Execution_attributes":{"ProcessID":4,"ThreadID":3320},"Channel":"Security","Computer":"srvdefender01.offsec.lan","Security":null},"EventData":{"SubjectUserSid":"S-1-5-21-4230534742-2542757381-3142984815-1111","SubjectUserName":"admmig","SubjectDomainName":"OFFSEC","SubjectLogonId":"0x4da32af","NewProcessId":"0xb78","NewProcessName":"C:\\Windows\\System32\\conhost.exe","TokenElevationType":"%%1936","ProcessId":"0xd44","CommandLine":"\\??\\C:\\Windows\\system32\\conhost.exe 0xffffffff -ForceV1","TargetUserSid":"S-1-0-0","TargetUserName":"-","TargetDomainName":"-","TargetLogonId":"0x0","ParentProcessName":"C:\\Windows\\System32\\cmd.exe","MandatoryLabel":"S-1-16-12288"}}}
{"Event_attributes":{"xmlns":"http://schemas.microsoft.com/win/2004/08/events/event"},"Event":{"System":{"Provider_attributes":{"Name":"Microsoft-Windows-Security-Auditing","Guid":"54849625-5478-4994-A5BA-3E3B0328C30D"},"EventID":4674,"Version":0,"Level":0,"Task":13056,"Opcode":0,"Keywords":"0x8020000000000000","TimeCreated_attributes":{"SystemTime":"2021-04-26T08:25:37.308607Z"},"EventRecordID":463012,"Correlation":null,"Execution_attributes":{"ProcessID":4,"ThreadID":3320},"Channel":"Security","Computer":"srvdefender01.offsec.lan","Security":null},"EventData":{"SubjectUserSid":"S-1-5-21-4230534742-2542757381-3142984815-1111","SubjectUserName":"admmig","SubjectDomainName":"OFFSEC","SubjectLogonId":"0x4da32af","ObjectServer":"Security","ObjectType":"File","ObjectName":"\\Device\\ConDrv","HandleId":"0x4","AccessMask":"%%1537\r\n\t\t\t\t%%1538\r\n\t\t\t\t%%1539\r\n\t\t\t\t%%1540\r\n\t\t\t\t%%1541\r\n\t\t\t\t%%4416\r\n\t\t\t\t%%4417\r\n\t\t\t\t%%4418\r\n\t\t\t\t%%4419\r\n\t\t\t\t%%4420\r\n\t\t\t\t%%4421\r\n\t\t\t\t%%4422\r\n\t\t\t\t%%4423\r\n\t\t\t\t%%4424\r\n\t\t\t\t","PrivilegeList":"SeTakeOwnershipPrivilege","ProcessId":"0xb78","ProcessName":"C:\\Windows\\System32\\cmd.exe"}}}
{"Event_attributes":{"xmlns":"http://schemas.microsoft.com/win/2004/08/events/event"},"Event":{"System":{"Provider_attributes":{"Name":"Microsoft-Windows-Security-Auditing","Guid":"54849625-5478-4994-A5BA-3E3B0328C30D"},"EventID":5140,"Version":1,"Level":0,"Task":12808,"Opcode":0,"Keywords":"0x8020000000000000","TimeCreated_attributes":{"SystemTime":"2021-04-26T08:25:37.313266Z"},"EventRecordID":463013,"Correlation":null,"Execution_attributes":{"ProcessID":4,"ThreadID":3320},"Channel":"Security","Computer":"srvdefender01.offsec.lan","Security":null},"EventData":{"SubjectUserSid":"S-1-5-21-4230534742-2542757381-3142984815-1111","SubjectUserName":"admmig","SubjectDomainName":"OFFSEC","SubjectLogonId":"0x4da321f","ObjectType":"File","IpAddress":"10.23.123.11","IpPort":"47020","ShareName":"\\\\*\\ADMIN$","ShareLocalPath":"\\??\\C:\\Windows","AccessMask":"0x1","AccessList":"%%4416\r\n\t\t\t\t"}}}
{"Event_attributes":{"xmlns":"http://schemas.microsoft.com/win/2004/08/events/event"},"Event":{"System":{"Provider_attributes":{"Name":"Microsoft-Windows-Security-Auditing","Guid":"54849625-5478-4994-A5BA-3E3B0328C30D"},"EventID":5145,"Version":0,"Level":0,"Task":12811,"Opcode":0,"Keywords":"0x8020000000000000","TimeCreated_attributes":{"SystemTime":"2021-04-26T08:25:37.325476Z"},"EventRecordID":463014,"Correlation":null,"Execution_attributes":{"ProcessID":4,"ThreadID":3320},"Channel":"Security","Computer":"srvdefender01.offsec.lan","Security":null},"EventData":{"SubjectUserSid":"S-1-5-21-4230534742-2542757381-3142984815-1111","SubjectUserName":"admmig","SubjectDomainName":"OFFSEC","SubjectLogonId":"0x4da321f","ObjectType":"File","IpAddress":"10.23.123.11","IpPort":"47020","ShareName":"\\\\*\\ADMIN$","ShareLocalPath":"\\??\\C:\\Windows","RelativeTargetName":"__1619425227.894209","AccessMask":"0x1","AccessList":"%%4416\r\n\t\t\t\t","AccessReason":"-"}}}
{"Event_attributes":{"xmlns":"http://schemas.microsoft.com/win/2004/08/events/event"},"Event":{"System":{"Provider_attributes":{"Name":"Microsoft-Windows-Security-Auditing","Guid":"54849625-5478-4994-A5BA-3E3B0328C30D"},"EventID":5140,"Version":1,"Level":0,"Task":12808,"Opcode":0,"Keywords":"0x8020000000000000","TimeCreated_attributes":{"SystemTime":"2021-04-26T08:25:37.329773Z"},"EventRecordID":463015,"Correlation":null,"Execution_attributes":{"ProcessID":4,"ThreadID":3320},"Channel":"Security","Computer":"srvdefender01.offsec.lan","Security":null},"EventData":{"SubjectUserSid":"S-1-5-21-4230534742-2542757381-3142984815-1111","SubjectUserName":"admmig","SubjectDomainName":"OFFSEC","SubjectLogonId":"0x4da321f","ObjectType":"File","IpAddress":"10.23.123.11","IpPort":"47020","ShareName":"\\\\*\\ADMIN$","ShareLocalPath":"\\??\\C:\\Windows","AccessMask":"0x1","AccessList":"%%4416\r\n\t\t\t\t"}}}
{"Event_attributes":{"xmlns":"http://schemas.microsoft.com/win/2004/08/events/event"},"Event":{"System":{"Provider_attributes":{"Name":"Microsoft-Windows-Security-Auditing","Guid":"54849625-5478-4994-A5BA-3E3B0328C30D"},"EventID":5145,"Version":0,"Level":0,"Task":12811,"Opcode":0,"Keywords":"0x8020000000000000","TimeCreated_attributes":{"SystemTime":"2021-04-26T08:25:37.332054Z"},"EventRecordID":463016,"Correlation":null,"Execution_attributes":{"ProcessID":4,"ThreadID":3320},"Channel":"Security","Computer":"srvdefender01.offsec.lan","Security":null},"EventData":{"SubjectUserSid":"S-1-5-21-4230534742-2542757381-3142984815-1111","SubjectUserName":"admmig","SubjectDomainName":"OFFSEC","SubjectLogonId":"0x4da321f","ObjectType":"File","IpAddress":"10.23.123.11","IpPort":"47020","ShareName":"\\\\*\\ADMIN$","ShareLocalPath":"\\??\\C:\\Windows","RelativeTargetName":"__1619425227.894209","AccessMask":"0x1","AccessList":"%%4416\r\n\t\t\t\t","AccessReason":"-"}}}
{"Event_attributes":{"xmlns":"http://schemas.microsoft.com/win/2004/08/events/event"},"Event":{"System":{"Provider_attributes":{"Name":"Microsoft-Windows-Security-Auditing","Guid":"54849625-5478-4994-A5BA-3E3B0328C30D"},"EventID":5140,"Version":1,"Level":0,"Task":12808,"Opcode":0,"Keywords":"0x8020000000000000","TimeCreated_attributes":{"SystemTime":"2021-04-26T08:25:37.335954Z"},"EventRecordID":463017,"Correlation":null,"Execution_attributes":{"ProcessID":4,"ThreadID":3320},"Channel":"Security","Computer":"srvdefender01.offsec.lan","Security":null},"EventData":{"SubjectUserSid":"S-1-5-21-4230534742-2542757381-3142984815-1111","SubjectUserName":"admmig","SubjectDomainName":"OFFSEC","SubjectLogonId":"0x4da321f","ObjectType":"File","IpAddress":"10.23.123.11","IpPort":"47020","ShareName":"\\\\*\\ADMIN$","ShareLocalPath":"\\??\\C:\\Windows","AccessMask":"0x1","AccessList":"%%4416\r\n\t\t\t\t"}}}
{"Event_attributes":{"xmlns":"http://schemas.microsoft.com/win/2004/08/events/event"},"Event":{"System":{"Provider_attributes":{"Name":"Microsoft-Windows-Security-Auditing","Guid":"54849625-5478-4994-A5BA-3E3B0328C30D"},"EventID":5145,"Version":0,"Level":0,"Task":12811,"Opcode":0,"Keywords":"0x8020000000000000","TimeCreated_attributes":{"SystemTime":"2021-04-26T08:25:37.338247Z"},"EventRecordID":463018,"Correlation":null,"Execution_attributes":{"ProcessID":4,"ThreadID":3320},"Channel":"Security","Computer":"srvdefender01.offsec.lan","Security":null},"EventData":{"SubjectUserSid":"S-1-5-21-4230534742-2542757381-3142984815-1111","SubjectUserName":"admmig","SubjectDomainName":"OFFSEC","SubjectLogonId":"0x4da321f","ObjectType":"File","IpAddress":"10.23.123.11","IpPort":"47020","ShareName":"\\\\*\\ADMIN$","ShareLocalPath":"\\??\\C:\\Windows","RelativeTargetName":"__1619425227.894209","AccessMask":"0x1","AccessList":"%%4416\r\n\t\t\t\t","AccessReason":"-"}}}
{"Event_attributes":{"xmlns":"http://schemas.microsoft.com/win/2004/08/events/event"},"Event":{"System":{"Provider_attributes":{"Name":"Microsoft-Windows-Security-Auditing","Guid":"54849625-5478-4994-A5BA-3E3B0328C30D"},"EventID":5140,"Version":1,"Level":0,"Task":12808,"Opcode":0,"Keywords":"0x8020000000000000","TimeCreated_attributes":{"SystemTime":"2021-04-26T08:25:37.342097Z"},"EventRecordID":463019,"Correlation":null,"Execution_attributes":{"ProcessID":4,"ThreadID":3320},"Channel":"Security","Computer":"srvdefender01.offsec.lan","Security":null},"EventData":{"SubjectUserSid":"S-1-5-21-4230534742-2542757381-3142984815-1111","SubjectUserName":"admmig","SubjectDomainName":"OFFSEC","SubjectLogonId":"0x4da321f","ObjectType":"File","IpAddress":"10.23.123.11","IpPort":"47020","ShareName":"\\\\*\\ADMIN$","ShareLocalPath":"\\??\\C:\\Windows","AccessMask":"0x1","AccessList":"%%4416\r\n\t\t\t\t"}}}
{"Event_attributes":{"xmlns":"http://schemas.microsoft.com/win/2004/08/events/event"},"Event":{"System":{"Provider_attributes":{"Name":"Microsoft-Windows-Security-Auditing","Guid":"54849625-5478-4994-A5BA-3E3B0328C30D"},"EventID":5145,"Version":0,"Level":0,"Task":12811,"Opcode":0,"Keywords":"0x8020000000000000","TimeCreated_attributes":{"SystemTime":"2021-04-26T08:25:37.344400Z"},"EventRecordID":463020,"Correlation":null,"Execution_attributes":{"ProcessID":4,"ThreadID":3320},"Channel":"Security","Computer":"srvdefender01.offsec.lan","Security":null},"EventData":{"SubjectUserSid":"S-1-5-21-4230534742-2542757381-3142984815-1111","SubjectUserName":"admmig","SubjectDomainName":"OFFSEC","SubjectLogonId":"0x4da321f","ObjectType":"File","IpAddress":"10.23.123.11","IpPort":"47020","ShareName":"\\\\*\\ADMIN$","ShareLocalPath":"\\??\\C:\\Windows","RelativeTargetName":"__1619425227.894209","AccessMask":"0x1","AccessList":"%%4416\r\n\t\t\t\t","AccessReason":"-"}}}
{"Event_attributes":{"xmlns":"http://schemas.microsoft.com/win/2004/08/events/event"},"Event":{"System":{"Provider_attributes":{"Name":"Microsoft-Windows-Security-Auditing","Guid":"54849625-5478-4994-A5BA-3E3B0328C30D"},"EventID":5140,"Version":1,"Level":0,"Task":12808,"Opcode":0,"Keywords":"0x8020000000000000","TimeCreated_attributes":{"SystemTime":"2021-04-26T08:25:37.348228Z"},"EventRecordID":463021,"Correlation":null,"Execution_attributes":{"ProcessID":4,"ThreadID":3320},"Channel":"Security","Computer":"srvdefender01.offsec.lan","Security":null},"EventData":{"SubjectUserSid":"S-1-5-21-4230534742-2542757381-3142984815-1111","SubjectUserName":"admmig","SubjectDomainName":"OFFSEC","SubjectLogonId":"0x4da321f","ObjectType":"File","IpAddress":"10.23.123.11","IpPort":"47020","ShareName":"\\\\*\\ADMIN$","ShareLocalPath":"\\??\\C:\\Windows","AccessMask":"0x1","AccessList":"%%4416\r\n\t\t\t\t"}}}
{"Event_attributes":{"xmlns":"http://schemas.microsoft.com/win/2004/08/events/event"},"Event":{"System":{"Provider_attributes":{"Name":"Microsoft-Windows-Security-Auditing","Guid":"54849625-5478-4994-A5BA-3E3B0328C30D"},"EventID":5145,"Version":0,"Level":0,"Task":12811,"Opcode":0,"Keywords":"0x8020000000000000","TimeCreated_attributes":{"SystemTime":"2021-04-26T08:25:37.350546Z"},"EventRecordID":463022,"Correlation":null,"Execution_attributes":{"ProcessID":4,"ThreadID":6080},"Channel":"Security","Computer":"srvdefender01.offsec.lan","Security":null},"EventData":{"SubjectUserSid":"S-1-5-21-4230534742-2542757381-3142984815-1111","SubjectUserName":"admmig","SubjectDomainName":"OFFSEC","SubjectLogonId":"0x4da321f","ObjectType":"File","IpAddress":"10.23.123.11","IpPort":"47020","ShareName":"\\\\*\\ADMIN$","ShareLocalPath":"\\??\\C:\\Windows","RelativeTargetName":"__1619425227.894209","AccessMask":"0x1","AccessList":"%%4416\r\n\t\t\t\t","AccessReason":"-"}}}
{"Event_attributes":{"xmlns":"http://schemas.microsoft.com/win/2004/08/events/event"},"Event":{"System":{"Provider_attributes":{"Name":"Microsoft-Windows-Security-Auditing","Guid":"54849625-5478-4994-A5BA-3E3B0328C30D"},"EventID":5140,"Version":1,"Level":0,"Task":12808,"Opcode":0,"Keywords":"0x8020000000000000","TimeCreated_attributes":{"SystemTime":"2021-04-26T08:25:37.354342Z"},"EventRecordID":463023,"Correlation":null,"Execution_attributes":{"ProcessID":4,"ThreadID":6736},"Channel":"Security","Computer":"srvdefender01.offsec.lan","Security":null},"EventData":{"SubjectUserSid":"S-1-5-21-4230534742-2542757381-3142984815-1111","SubjectUserName":"admmig","SubjectDomainName":"OFFSEC","SubjectLogonId":"0x4da321f","ObjectType":"File","IpAddress":"10.23.123.11","IpPort":"47020","ShareName":"\\\\*\\ADMIN$","ShareLocalPath":"\\??\\C:\\Windows","AccessMask":"0x1","AccessList":"%%4416\r\n\t\t\t\t"}}}
{"Event_attributes":{"xmlns":"http://schemas.microsoft.com/win/2004/08/events/event"},"Event":{"System":{"Provider_attributes":{"Name":"Microsoft-Windows-Security-Auditing","Guid":"54849625-5478-4994-A5BA-3E3B0328C30D"},"EventID":5145,"Version":0,"Level":0,"Task":12811,"Opcode":0,"Keywords":"0x8020000000000000","TimeCreated_attributes":{"SystemTime":"2021-04-26T08:25:37.356626Z"},"EventRecordID":463024,"Correlation":null,"Execution_attributes":{"ProcessID":4,"ThreadID":6736},"Channel":"Security","Computer":"srvdefender01.offsec.lan","Security":null},"EventData":{"SubjectUserSid":"S-1-5-21-4230534742-2542757381-3142984815-1111","SubjectUserName":"admmig","SubjectDomainName":"OFFSEC","SubjectLogonId":"0x4da321f","ObjectType":"File","IpAddress":"10.23.123.11","IpPort":"47020","ShareName":"\\\\*\\ADMIN$","ShareLocalPath":"\\??\\C:\\Windows","RelativeTargetName":"__1619425227.894209","AccessMask":"0x1","AccessList":"%%4416\r\n\t\t\t\t","AccessReason":"-"}}}
{"Event_attributes":{"xmlns":"http://schemas.microsoft.com/win/2004/08/events/event"},"Event":{"System":{"Provider_attributes":{"Name":"Microsoft-Windows-Security-Auditing","Guid":"54849625-5478-4994-A5BA-3E3B0328C30D"},"EventID":5140,"Version":1,"Level":0,"Task":12808,"Opcode":0,"Keywords":"0x8020000000000000","TimeCreated_attributes":{"SystemTime":"2021-04-26T08:25:37.360943Z"},"EventRecordID":463025,"Correlation":null,"Execution_attributes":{"ProcessID":4,"ThreadID":6736},"Channel":"Security","Computer":"srvdefender01.offsec.lan","Security":null},"EventData":{"SubjectUserSid":"S-1-5-21-4230534742-2542757381-3142984815-1111","SubjectUserName":"admmig","SubjectDomainName":"OFFSEC","SubjectLogonId":"0x4da321f","ObjectType":"File","IpAddress":"10.23.123.11","IpPort":"47020","ShareName":"\\\\*\\ADMIN$","ShareLocalPath":"\\??\\C:\\Windows","AccessMask":"0x1","AccessList":"%%4416\r\n\t\t\t\t"}}}
{"Event_attributes":{"xmlns":"http://schemas.microsoft.com/win/2004/08/events/event"},"Event":{"System":{"Provider_attributes":{"Name":"Microsoft-Windows-Security-Auditing","Guid":"54849625-5478-4994-A5BA-3E3B0328C30D"},"EventID":5145,"Version":0,"Level":0,"Task":12811,"Opcode":0,"Keywords":"0x8020000000000000","TimeCreated_attributes":{"SystemTime":"2021-04-26T08:25:37.363296Z"},"EventRecordID":463026,"Correlation":null,"Execution_attributes":{"ProcessID":4,"ThreadID":6736},"Channel":"Security","Computer":"srvdefender01.offsec.lan","Security":null},"EventData":{"SubjectUserSid":"S-1-5-21-4230534742-2542757381-3142984815-1111","SubjectUserName":"admmig","SubjectDomainName":"OFFSEC","SubjectLogonId":"0x4da321f","ObjectType":"File","IpAddress":"10.23.123.11","IpPort":"47020","ShareName":"\\\\*\\ADMIN$","ShareLocalPath":"\\??\\C:\\Windows","RelativeTargetName":"__1619425227.894209","AccessMask":"0x1","AccessList":"%%4416\r\n\t\t\t\t","AccessReason":"-"}}}
{"Event_attributes":{"xmlns":"http://schemas.microsoft.com/win/2004/08/events/event"},"Event":{"System":{"Provider_attributes":{"Name":"Microsoft-Windows-Security-Auditing","Guid":"54849625-5478-4994-A5BA-3E3B0328C30D"},"EventID":5140,"Version":1,"Level":0,"Task":12808,"Opcode":0,"Keywords":"0x8020000000000000","TimeCreated_attributes":{"SystemTime":"2021-04-26T08:25:37.367494Z"},"EventRecordID":463027,"Correlation":null,"Execution_attributes":{"ProcessID":4,"ThreadID":6736},"Channel":"Security","Computer":"srvdefender01.offsec.lan","Security":null},"EventData":{"SubjectUserSid":"S-1-5-21-4230534742-2542757381-3142984815-1111","SubjectUserName":"admmig","SubjectDomainName":"OFFSEC","SubjectLogonId":"0x4da321f","ObjectType":"File","IpAddress":"10.23.123.11","IpPort":"47020","ShareName":"\\\\*\\ADMIN$","ShareLocalPath":"\\??\\C:\\Windows","AccessMask":"0x1","AccessList":"%%4416\r\n\t\t\t\t"}}}
{"Event_attributes":{"xmlns":"http://schemas.microsoft.com/win/2004/08/events/event"},"Event":{"System":{"Provider_attributes":{"Name":"Microsoft-Windows-Security-Auditing","Guid":"54849625-5478-4994-A5BA-3E3B0328C30D"},"EventID":5145,"Version":0,"Level":0,"Task":12811,"Opcode":0,"Keywords":"0x8020000000000000","TimeCreated_attributes":{"SystemTime":"2021-04-26T08:25:37.369762Z"},"EventRecordID":463028,"Correlation":null,"Execution_attributes":{"ProcessID":4,"ThreadID":6736},"Channel":"Security","Computer":"srvdefender01.offsec.lan","Security":null},"EventData":{"SubjectUserSid":"S-1-5-21-4230534742-2542757381-3142984815-1111","SubjectUserName":"admmig","SubjectDomainName":"OFFSEC","SubjectLogonId":"0x4da321f","ObjectType":"File","IpAddress":"10.23.123.11","IpPort":"47020","ShareName":"\\\\*\\ADMIN$","ShareLocalPath":"\\??\\C:\\Windows","RelativeTargetName":"__1619425227.894209","AccessMask":"0x1","AccessList":"%%4416\r\n\t\t\t\t","AccessReason":"-"}}}
{"Event_attributes":{"xmlns":"http://schemas.microsoft.com/win/2004/08/events/event"},"Event":{"System":{"Provider_attributes":{"Name":"Microsoft-Windows-Security-Auditing","Guid":"54849625-5478-4994-A5BA-3E3B0328C30D"},"EventID":5140,"Version":1,"Level":0,"Task":12808,"Opcode":0,"Keywords":"0x8020000000000000","TimeCreated_attributes":{"SystemTime":"2021-04-26T08:25:37.373547Z"},"EventRecordID":463029,"Correlation":null,"Execution_attributes":{"ProcessID":4,"ThreadID":6736},"Channel":"Security","Computer":"srvdefender01.offsec.lan","Security":null},"EventData":{"SubjectUserSid":"S-1-5-21-4230534742-2542757381-3142984815-1111","SubjectUserName":"admmig","SubjectDomainName":"OFFSEC","SubjectLogonId":"0x4da321f","ObjectType":"File","IpAddress":"10.23.123.11","IpPort":"47020","ShareName":"\\\\*\\ADMIN$","ShareLocalPath":"\\??\\C:\\Windows","AccessMask":"0x1","AccessList":"%%4416\r\n\t\t\t\t"}}}
{"Event_attributes":{"xmlns":"http://schemas.microsoft.com/win/2004/08/events/event"},"Event":{"System":{"Provider_attributes":{"Name":"Microsoft-Windows-Security-Auditing","Guid":"54849625-5478-4994-A5BA-3E3B0328C30D"},"EventID":5145,"Version":0,"Level":0,"Task":12811,"Opcode":0,"Keywords":"0x8020000000000000","TimeCreated_attributes":{"SystemTime":"2021-04-26T08:25:37.375741Z"},"EventRecordID":463030,"Correlation":null,"Execution_attributes":{"ProcessID":4,"ThreadID":6736},"Channel":"Security","Computer":"srvdefender01.offsec.lan","Security":null},"EventData":{"SubjectUserSid":"S-1-5-21-4230534742-2542757381-3142984815-1111","SubjectUserName":"admmig","SubjectDomainName":"OFFSEC","SubjectLogonId":"0x4da321f","ObjectType":"File","IpAddress":"10.23.123.11","IpPort":"47020","ShareName":"\\\\*\\ADMIN$","ShareLocalPath":"\\??\\C:\\Windows","RelativeTargetName":"__1619425227.894209","AccessMask":"0x1","AccessList":"%%4416\r\n\t\t\t\t","AccessReason":"-"}}}
{"Event_attributes":{"xmlns":"http://schemas.microsoft.com/win/2004/08/events/event"},"Event":{"System":{"Provider_attributes":{"Name":"Microsoft-Windows-Security-Auditing","Guid":"54849625-5478-4994-A5BA-3E3B0328C30D"},"EventID":5140,"Version":1,"Level":0,"Task":12808,"Opcode":0,"Keywords":"0x8020000000000000","TimeCreated_attributes":{"SystemTime":"2021-04-26T08:25:37.379497Z"},"EventRecordID":463031,"Correlation":null,"Execution_attributes":{"ProcessID":4,"ThreadID":6736},"Channel":"Security","Computer":"srvdefender01.offsec.lan","Security":null},"EventData":{"SubjectUserSid":"S-1-5-21-4230534742-2542757381-3142984815-1111","SubjectUserName":"admmig","SubjectDomainName":"OFFSEC","SubjectLogonId":"0x4da321f","ObjectType":"File","IpAddress":"10.23.123.11","IpPort":"47020","ShareName":"\\\\*\\ADMIN$","ShareLocalPath":"\\??\\C:\\Windows","AccessMask":"0x1","AccessList":"%%4416\r\n\t\t\t\t"}}}
{"Event_attributes":{"xmlns":"http://schemas.microsoft.com/win/2004/08/events/event"},"Event":{"System":{"Provider_attributes":{"Name":"Microsoft-Windows-Security-Auditing","Guid":"54849625-5478-4994-A5BA-3E3B0328C30D"},"EventID":5145,"Version":0,"Level":0,"Task":12811,"Opcode":0,"Keywords":"0x8020000000000000","TimeCreated_attributes":{"SystemTime":"2021-04-26T08:25:37.381783Z"},"EventRecordID":463032,"Correlation":null,"Execution_attributes":{"ProcessID":4,"ThreadID":6736},"Channel":"Security","Computer":"srvdefender01.offsec.lan","Security":null},"EventData":{"SubjectUserSid":"S-1-5-21-4230534742-2542757381-3142984815-1111","SubjectUserName":"admmig","SubjectDomainName":"OFFSEC","SubjectLogonId":"0x4da321f","ObjectType":"File","IpAddress":"10.23.123.11","IpPort":"47020","ShareName":"\\\\*\\ADMIN$","ShareLocalPath":"\\??\\C:\\Windows","RelativeTargetName":"__1619425227.894209","AccessMask":"0x1","AccessList":"%%4416\r\n\t\t\t\t","AccessReason":"-"}}}
{"Event_attributes":{"xmlns":"http://schemas.microsoft.com/win/2004/08/events/event"},"Event":{"System":{"Provider_attributes":{"Name":"Microsoft-Windows-Security-Auditing","Guid":"54849625-5478-4994-A5BA-3E3B0328C30D"},"EventID":5140,"Version":1,"Level":0,"Task":12808,"Opcode":0,"Keywords":"0x8020000000000000","TimeCreated_attributes":{"SystemTime":"2021-04-26T08:25:37.385701Z"},"EventRecordID":463033,"Correlation":null,"Execution_attributes":{"ProcessID":4,"ThreadID":6736},"Channel":"Security","Computer":"srvdefender01.offsec.lan","Security":null},"EventData":{"SubjectUserSid":"S-1-5-21-4230534742-2542757381-3142984815-1111","SubjectUserName":"admmig","SubjectDomainName":"OFFSEC","SubjectLogonId":"0x4da321f","ObjectType":"File","IpAddress":"10.23.123.11","IpPort":"47020","ShareName":"\\\\*\\ADMIN$","ShareLocalPath":"\\??\\C:\\Windows","AccessMask":"0x1","AccessList":"%%4416\r\n\t\t\t\t"}}}
