{"Event_attributes":{"xmlns":"http://schemas.microsoft.com/win/2004/08/events/event"},"Event":{"System":{"Provider_attributes":{"Name":"Microsoft-Windows-Security-Auditing","Guid":"54849625-5478-4994-A5BA-3E3B0328C30D"},"EventID":4663,"Version":0,"Level":0,"Task":12801,"Opcode":0,"Keywords":"0x8020000000000000","TimeCreated_attributes":{"SystemTime":"2019-03-19T23:35:15.335434Z"},"EventRecordID":452915,"Correlation":null,"Execution_attributes":{"ProcessID":4,"ThreadID":60},"Channel":"Security","Computer":"PC01.example.corp","Security":null},"EventData":{"SubjectUserSid":"S-1-5-19","SubjectUserName":"LOCAL SERVICE","SubjectDomainName":"NT AUTHORITY","SubjectLogonId":"0x3e5","ObjectServer":"Security","ObjectType":"Key","ObjectName":"\\REGISTRY\\MACHINE\\SYSTEM\\ControlSet001\\Control\\Lsa\\FipsAlgorithmPolicy","HandleId":"0x420","AccessList":"%%4432\r\n\t\t\t\t","AccessMask":"0x1","ProcessId":"0x5a8","ProcessName":"C:\\Windows\\System32\\svchost.exe"}}}
{"Event_attributes":{"xmlns":"http://schemas.microsoft.com/win/2004/08/events/event"},"Event":{"System":{"Provider_attributes":{"Name":"Microsoft-Windows-Security-Auditing","Guid":"54849625-5478-4994-A5BA-3E3B0328C30D"},"EventID":4663,"Version":0,"Level":0,"Task":12801,"Opcode":0,"Keywords":"0x8020000000000000","TimeCreated_attributes":{"SystemTime":"2019-03-19T23:35:15.335434Z"},"EventRecordID":452916,"Correlation":null,"Execution_attributes":{"ProcessID":4,"ThreadID":60},"Channel":"Security","Computer":"PC01.example.corp","Security":null},"EventData":{"SubjectUserSid":"S-1-5-19","SubjectUserName":"LOCAL SERVICE","SubjectDomainName":"NT AUTHORITY","SubjectLogonId":"0x3e5","ObjectServer":"Security","ObjectType":"Key","ObjectName":"\\REGISTRY\\MACHINE\\SYSTEM\\ControlSet001\\Control\\Lsa","HandleId":"0x1ac","AccessList":"%%4432\r\n\t\t\t\t","AccessMask":"0x1","ProcessId":"0x5a8","ProcessName":"C:\\Windows\\System32\\svchost.exe"}}}
{"Event_attributes":{"xmlns":"http://schemas.microsoft.com/win/2004/08/events/event"},"Event":{"System":{"Provider_attributes":{"Name":"Microsoft-Windows-Security-Auditing","Guid":"54849625-5478-4994-A5BA-3E3B0328C30D"},"EventID":4663,"Version":0,"Level":0,"Task":12801,"Opcode":0,"Keywords":"0x8020000000000000","TimeCreated_attributes":{"SystemTime":"2019-03-19T23:35:15.335434Z"},"EventRecordID":452917,"Correlation":null,"Execution_attributes":{"ProcessID":4,"ThreadID":60},"Channel":"Security","Computer":"PC01.example.corp","Security":null},"EventData":{"SubjectUserSid":"S-1-5-19","SubjectUserName":"LOCAL SERVICE","SubjectDomainName":"NT AUTHORITY","SubjectLogonId":"0x3e5","ObjectServer":"Security","ObjectType":"Key","ObjectName":"\\REGISTRY\\MACHINE\\SYSTEM\\ControlSet001\\Control\\Lsa\\FipsAlgorithmPolicy","HandleId":"0x1ac","AccessList":"%%4432\r\n\t\t\t\t","AccessMask":"0x1","ProcessId":"0x5a8","ProcessName":"C:\\Windows\\System32\\svchost.exe"}}}
{"Event_attributes":{"xmlns":"http://schemas.microsoft.com/win/2004/08/events/event"},"Event":{"System":{"Provider_attributes":{"Name":"Microsoft-Windows-Security-Auditing","Guid":"54849625-5478-4994-A5BA-3E3B0328C30D"},"EventID":4663,"Version":0,"Level":0,"Task":12801,"Opcode":0,"Keywords":"0x8020000000000000","TimeCreated_attributes":{"SystemTime":"2019-03-19T23:35:15.335434Z"},"EventRecordID":452918,"Correlation":null,"Execution_attributes":{"ProcessID":4,"ThreadID":60},"Channel":"Security","Computer":"PC01.example.corp","Security":null},"EventData":{"SubjectUserSid":"S-1-5-19","SubjectUserName":"LOCAL SERVICE","SubjectDomainName":"NT AUTHORITY","SubjectLogonId":"0x3e5","ObjectServer":"Security","ObjectType":"Key","ObjectName":"\\REGISTRY\\MACHINE\\SYSTEM\\ControlSet001\\Control\\Lsa","HandleId":"0x420","AccessList":"%%4432\r\n\t\t\t\t","AccessMask":"0x1","ProcessId":"0x5a8","ProcessName":"C:\\Windows\\System32\\svchost.exe"}}}
{"Event_attributes":{"xmlns":"http://schemas.microsoft.com/win/2004/08/events/event"},"Event":{"System":{"Provider_attributes":{"Name":"Microsoft-Windows-Security-Auditing","Guid":"54849625-5478-4994-A5BA-3E3B0328C30D"},"EventID":4663,"Version":0,"Level":0,"Task":12801,"Opcode":0,"Keywords":"0x8020000000000000","TimeCreated_attributes":{"SystemTime":"2019-03-19T23:35:15.365477Z"},"EventRecordID":452919,"Correlation":null,"Execution_attributes":{"ProcessID":4,"ThreadID":60},"Channel":"Security","Computer":"PC01.example.corp","Security":null},"EventData":{"SubjectUserSid":"S-1-5-19","SubjectUserName":"LOCAL SERVICE","SubjectDomainName":"NT AUTHORITY","SubjectLogonId":"0x3e5","ObjectServer":"Security","ObjectType":"Key","ObjectName":"\\REGISTRY\\MACHINE\\SYSTEM\\ControlSet001\\Control\\Lsa\\FipsAlgorithmPolicy","HandleId":"0x420","AccessList":"%%4432\r\n\t\t\t\t","AccessMask":"0x1","ProcessId":"0x5a8","ProcessName":"C:\\Windows\\System32\\svchost.exe"}}}
{"Event_attributes":{"xmlns":"http://schemas.microsoft.com/win/2004/08/events/event"},"Event":{"System":{"Provider_attributes":{"Name":"Microsoft-Windows-Security-Auditing","Guid":"54849625-5478-4994-A5BA-3E3B0328C30D"},"EventID":4663,"Version":0,"Level":0,"Task":12801,"Opcode":0,"Keywords":"0x8020000000000000","TimeCreated_attributes":{"SystemTime":"2019-03-19T23:35:15.365477Z"},"EventRecordID":452920,"Correlation":null,"Execution_attributes":{"ProcessID":4,"ThreadID":60},"Channel":"Security","Computer":"PC01.example.corp","Security":null},"EventData":{"SubjectUserSid":"S-1-5-19","SubjectUserName":"LOCAL SERVICE","SubjectDomainName":"NT AUTHORITY","SubjectLogonId":"0x3e5","ObjectServer":"Security","ObjectType":"Key","ObjectName":"\\REGISTRY\\MACHINE\\SYSTEM\\ControlSet001\\Control\\Lsa","HandleId":"0x1ac","AccessList":"%%4432\r\n\t\t\t\t","AccessMask":"0x1","ProcessId":"0x5a8","ProcessName":"C:\\Windows\\System32\\svchost.exe"}}}
{"Event_attributes":{"xmlns":"http://schemas.microsoft.com/win/2004/08/events/event"},"Event":{"System":{"Provider_attributes":{"Name":"Microsoft-Windows-Security-Auditing","Guid":"54849625-5478-4994-A5BA-3E3B0328C30D"},"EventID":4663,"Version":0,"Level":0,"Task":12801,"Opcode":0,"Keywords":"0x8020000000000000","TimeCreated_attributes":{"SystemTime":"2019-03-19T23:35:15.365477Z"},"EventRecordID":452921,"Correlation":null,"Execution_attributes":{"ProcessID":4,"ThreadID":60},"Channel":"Security","Computer":"PC01.example.corp","Security":null},"EventData":{"SubjectUserSid":"S-1-5-19","SubjectUserName":"LOCAL SERVICE","SubjectDomainName":"NT AUTHORITY","SubjectLogonId":"0x3e5","ObjectServer":"Security","ObjectType":"Key","ObjectName":"\\REGISTRY\\MACHINE\\SYSTEM\\ControlSet001\\Control\\Lsa\\FipsAlgorithmPolicy","HandleId":"0x1ac","AccessList":"%%4432\r\n\t\t\t\t","AccessMask":"0x1","ProcessId":"0x5a8","ProcessName":"C:\\Windows\\System32\\svchost.exe"}}}
{"Event_attributes":{"xmlns":"http://schemas.microsoft.com/win/2004/08/events/event"},"Event":{"System":{"Provider_attributes":{"Name":"Microsoft-Windows-Security-Auditing","Guid":"54849625-5478-4994-A5BA-3E3B0328C30D"},"EventID":4663,"Version":0,"Level":0,"Task":12801,"Opcode":0,"Keywords":"0x8020000000000000","TimeCreated_attributes":{"SystemTime":"2019-03-19T23:35:15.365477Z"},"EventRecordID":452922,"Correlation":null,"Execution_attributes":{"ProcessID":4,"ThreadID":60},"Channel":"Security","Computer":"PC01.example.corp","Security":null},"EventData":{"SubjectUserSid":"S-1-5-19","SubjectUserName":"LOCAL SERVICE","SubjectDomainName":"NT AUTHORITY","SubjectLogonId":"0x3e5","ObjectServer":"Security","ObjectType":"Key","ObjectName":"\\REGISTRY\\MACHINE\\SYSTEM\\ControlSet001\\Control\\Lsa","HandleId":"0x420","AccessList":"%%4432\r\n\t\t\t\t","AccessMask":"0x1","ProcessId":"0x5a8","ProcessName":"C:\\Windows\\System32\\svchost.exe"}}}
