{"Event_attributes":{"xmlns":"http://schemas.microsoft.com/win/2004/08/events/event"},"Event":{"System":{"Provider_attributes":{"Name":"Microsoft-Windows-Security-Auditing","Guid":"54849625-5478-4994-A5BA-3E3B0328C30D"},"EventID":4688,"Version":2,"Level":0,"Task":13312,"Opcode":0,"Keywords":"0x8020000000000000","TimeCreated_attributes":{"SystemTime":"2021-10-25T07:57:04.361696Z"},"EventRecordID":3294254,"Correlation":null,"Execution_attributes":{"ProcessID":4,"ThreadID":4524},"Channel":"Security","Computer":"win10-02.offsec.lan","Security":null},"EventData":{"SubjectUserSid":"S-1-5-21-4230534742-2542757381-3142984815-1111","SubjectUserName":"admmig","SubjectDomainName":"OFFSEC","SubjectLogonId":"0x1844fa6","NewProcessId":"0xe58","NewProcessName":"C:\\Windows\\System32\\sc.exe","TokenElevationType":"%%1936","ProcessId":"0x32f8","CommandLine":"sc  config sense start= disabled","TargetUserSid":"S-1-0-0","TargetUserName":"-","TargetDomainName":"-","TargetLogonId":"0x0","ParentProcessName":"C:\\Windows\\System32\\cmd.exe","MandatoryLabel":"S-1-16-12288"}}}
{"Event_attributes":{"xmlns":"http://schemas.microsoft.com/win/2004/08/events/event"},"Event":{"System":{"Provider_attributes":{"Name":"Microsoft-Windows-Security-Auditing","Guid":"54849625-5478-4994-A5BA-3E3B0328C30D"},"EventID":4688,"Version":2,"Level":0,"Task":13312,"Opcode":0,"Keywords":"0x8020000000000000","TimeCreated_attributes":{"SystemTime":"2021-10-25T07:57:05.977609Z"},"EventRecordID":3294255,"Correlation":null,"Execution_attributes":{"ProcessID":4,"ThreadID":4524},"Channel":"Security","Computer":"win10-02.offsec.lan","Security":null},"EventData":{"SubjectUserSid":"S-1-5-21-4230534742-2542757381-3142984815-1111","SubjectUserName":"admmig","SubjectDomainName":"OFFSEC","SubjectLogonId":"0x1844fa6","NewProcessId":"0x2ebc","NewProcessName":"C:\\Windows\\System32\\sc.exe","TokenElevationType":"%%1936","ProcessId":"0x32f8","CommandLine":"sc  config mpssvc start= disabled","TargetUserSid":"S-1-0-0","TargetUserName":"-","TargetDomainName":"-","TargetLogonId":"0x0","ParentProcessName":"C:\\Windows\\System32\\cmd.exe","MandatoryLabel":"S-1-16-12288"}}}
{"Event_attributes":{"xmlns":"http://schemas.microsoft.com/win/2004/08/events/event"},"Event":{"System":{"Provider_attributes":{"Name":"Microsoft-Windows-Security-Auditing","Guid":"54849625-5478-4994-A5BA-3E3B0328C30D"},"EventID":4688,"Version":2,"Level":0,"Task":13312,"Opcode":0,"Keywords":"0x8020000000000000","TimeCreated_attributes":{"SystemTime":"2021-10-25T07:57:08.463898Z"},"EventRecordID":3294257,"Correlation":null,"Execution_attributes":{"ProcessID":4,"ThreadID":4524},"Channel":"Security","Computer":"win10-02.offsec.lan","Security":null},"EventData":{"SubjectUserSid":"S-1-5-21-4230534742-2542757381-3142984815-1111","SubjectUserName":"admmig","SubjectDomainName":"OFFSEC","SubjectLogonId":"0x1844fa6","NewProcessId":"0x2e40","NewProcessName":"C:\\Windows\\System32\\sc.exe","TokenElevationType":"%%1936","ProcessId":"0x32f8","CommandLine":"sc  config WinDefend start= disabled","TargetUserSid":"S-1-0-0","TargetUserName":"-","TargetDomainName":"-","TargetLogonId":"0x0","ParentProcessName":"C:\\Windows\\System32\\cmd.exe","MandatoryLabel":"S-1-16-12288"}}}
{"Event_attributes":{"xmlns":"http://schemas.microsoft.com/win/2004/08/events/event"},"Event":{"System":{"Provider_attributes":{"Name":"Microsoft-Windows-Security-Auditing","Guid":"54849625-5478-4994-A5BA-3E3B0328C30D"},"EventID":4688,"Version":2,"Level":0,"Task":13312,"Opcode":0,"Keywords":"0x8020000000000000","TimeCreated_attributes":{"SystemTime":"2021-10-25T07:57:18.454889Z"},"EventRecordID":3294260,"Correlation":null,"Execution_attributes":{"ProcessID":4,"ThreadID":10272},"Channel":"Security","Computer":"win10-02.offsec.lan","Security":null},"EventData":{"SubjectUserSid":"S-1-5-18","SubjectUserName":"WIN10-02$","SubjectDomainName":"OFFSEC","SubjectLogonId":"0x3e7","NewProcessId":"0x1934","NewProcessName":"C:\\Windows\\System32\\backgroundTaskHost.exe","TokenElevationType":"%%1936","ProcessId":"0x31c","CommandLine":"\"C:\\Windows\\system32\\BackgroundTaskHost.exe\" -ServerName:BackgroundTaskHost.WebAccountProvider","TargetUserSid":"S-1-0-0","TargetUserName":"admmig","TargetDomainName":"OFFSEC","TargetLogonId":"0x1844fa6","ParentProcessName":"C:\\Windows\\System32\\svchost.exe","MandatoryLabel":"S-1-16-4096"}}}
{"Event_attributes":{"xmlns":"http://schemas.microsoft.com/win/2004/08/events/event"},"Event":{"System":{"Provider_attributes":{"Name":"Microsoft-Windows-Security-Auditing","Guid":"54849625-5478-4994-A5BA-3E3B0328C30D"},"EventID":4688,"Version":2,"Level":0,"Task":13312,"Opcode":0,"Keywords":"0x8020000000000000","TimeCreated_attributes":{"SystemTime":"2021-10-25T07:57:19.042550Z"},"EventRecordID":3294261,"Correlation":null,"Execution_attributes":{"ProcessID":4,"ThreadID":5164},"Channel":"Security","Computer":"win10-02.offsec.lan","Security":null},"EventData":{"SubjectUserSid":"S-1-5-18","SubjectUserName":"WIN10-02$","SubjectDomainName":"OFFSEC","SubjectLogonId":"0x3e7","NewProcessId":"0x2cd8","NewProcessName":"C:\\Windows\\System32\\RuntimeBroker.exe","TokenElevationType":"%%1936","ProcessId":"0x31c","CommandLine":"C:\\Windows\\System32\\RuntimeBroker.exe -Embedding","TargetUserSid":"S-1-0-0","TargetUserName":"admmig","TargetDomainName":"OFFSEC","TargetLogonId":"0x1844fa6","ParentProcessName":"C:\\Windows\\System32\\svchost.exe","MandatoryLabel":"S-1-16-12288"}}}
