{"Event_attributes":{"xmlns":"http://schemas.microsoft.com/win/2004/08/events/event"},"Event":{"System":{"Provider_attributes":{"Name":"Microsoft-Windows-PowerShell","Guid":"A0C1853B-5C40-4B15-8766-3CF1C58F985A"},"EventID":4103,"Version":1,"Level":4,"Task":106,"Opcode":20,"Keywords":"0x0","TimeCreated_attributes":{"SystemTime":"2021-10-06T09:34:50.999423Z"},"EventRecordID":1328821,"Correlation_attributes":{"ActivityID":"82305249-B6DD-0000-6833-4E82DDB6D701"},"Execution_attributes":{"ProcessID":1636,"ThreadID":9868},"Channel":"Microsoft-Windows-PowerShell/Operational","Computer":"win10-02.offsec.lan","Security_attributes":{"UserID":"S-1-5-21-4230534742-2542757381-3142984815-1111"}},"EventData":{"ContextInfo":"        Severity = Informational\r\n        Host Name = ConsoleHost\r\n        Host Version = 5.1.19041.1237\r\n        Host ID = cd8cafb9-7c03-4e5e-9d54-914780550df1\r\n        Host Application = C:\\Windows\\System32\\WindowsPowerShell\\v1.0\\powershell.exe\r\n        Engine Version = 5.1.19041.1237\r\n        Runspace ID = d94c9947-fce3-4f7e-9a49-18ff6724f22b\r\n        Pipeline ID = 24\r\n        Command Name = PSConsoleHostReadLine\r\n        Command Type = Function\r\n        Script Name = \r\n        Command Path = \r\n        Sequence Number = 308\r\n        User = OFFSEC\\admmig\r\n        Connected User = \r\n        Shell ID = Microsoft.PowerShell\r\n","UserData":"","Payload":"CommandInvocation(PSConsoleHostReadLine): \"PSConsoleHostReadLine\"\r\n"}}}
{"Event_attributes":{"xmlns":"http://schemas.microsoft.com/win/2004/08/events/event"},"Event":{"System":{"Provider_attributes":{"Name":"Microsoft-Windows-PowerShell","Guid":"A0C1853B-5C40-4B15-8766-3CF1C58F985A"},"EventID":4104,"Version":1,"Level":5,"Task":2,"Opcode":15,"Keywords":"0x0","TimeCreated_attributes":{"SystemTime":"2021-10-06T09:34:51.010771Z"},"EventRecordID":1328822,"Correlation_attributes":{"ActivityID":"82305249-B6DD-0000-7133-4E82DDB6D701"},"Execution_attributes":{"ProcessID":1636,"ThreadID":9868},"Channel":"Microsoft-Windows-PowerShell/Operational","Computer":"win10-02.offsec.lan","Security_attributes":{"UserID":"S-1-5-21-4230534742-2542757381-3142984815-1111"}},"EventData":{"MessageNumber":1,"MessageTotal":1,"ScriptBlockText":"Set-MpPreference -DisableBehaviorMonitoring $true","ScriptBlockId":"1738dc77-dbb9-457a-ad3a-f03b03d63a42","Path":""}}}
{"Event_attributes":{"xmlns":"http://schemas.microsoft.com/win/2004/08/events/event"},"Event":{"System":{"Provider_attributes":{"Name":"PowerShell"},"EventID_attributes":{"Qualifiers":0},"EventID":800,"Version":0,"Level":4,"Task":8,"Opcode":0,"Keywords":"0x80000000000000","TimeCreated_attributes":{"SystemTime":"2021-10-06T09:34:51.061428Z"},"EventRecordID":1161751,"Correlation":null,"Execution_attributes":{"ProcessID":0,"ThreadID":0},"Channel":"Windows PowerShell","Computer":"win10-02.offsec.lan","Security":null},"EventData":{"Data":{"#text":["Set-MpPreference -DisableBehaviorMonitoring $true","\tDetailSequence=1\r\n\tDetailTotal=1\r\n\r\n\tSequenceNumber=315\r\n\r\n\tUserId=OFFSEC\\admmig\r\n\tHostName=ConsoleHost\r\n\tHostVersion=5.1.19041.1237\r\n\tHostId=cd8cafb9-7c03-4e5e-9d54-914780550df1\r\n\tHostApplication=C:\\Windows\\System32\\WindowsPowerShell\\v1.0\\powershell.exe\r\n\tEngineVersion=5.1.19041.1237\r\n\tRunspaceId=d94c9947-fce3-4f7e-9a49-18ff6724f22b\r\n\tPipelineId=25\r\n\tScriptName=\r\n\tCommandLine=Set-MpPreference -DisableBehaviorMonitoring $true","CommandInvocation(Set-MpPreference): \"Set-MpPreference\"\r\nParameterBinding(Set-MpPreference): name=\"DisableBehaviorMonitoring\"; value=\"True\"\r\nParameterBinding(Set-MpPreference): name=\"QuarantinePurgeItemsAfterDelay\"; value=\"0\"\r\nParameterBinding(Set-MpPreference): name=\"ReportingAdditionalActionTimeOut\"; value=\"0\"\r\nParameterBinding(Set-MpPreference): name=\"ReportingCriticalFailureTimeOut\"; value=\"0\"\r\nParameterBinding(Set-MpPreference): name=\"ReportingNonCriticalTimeOut\"; value=\"0\"\r\nParameterBinding(Set-MpPreference): name=\"ScanAvgCPULoadFactor\"; value=\"0\"\r\nParameterBinding(Set-MpPreference): name=\"CheckForSignaturesBeforeRunningScan\"; value=\"False\"\r\nParameterBinding(Set-MpPreference): name=\"ScanPurgeItemsAfterDelay\"; value=\"0\"\r\nParameterBinding(Set-MpPreference): name=\"ScanOnlyIfIdleEnabled\"; value=\"False\"\r\nParameterBinding(Set-MpPreference): name=\"ThrottleForScheduledScanOnly\"; value=\"False\"\r\nParameterBinding(Set-MpPreference): name=\"SignatureFirstAuGracePeriod\"; value=\"0\"\r\nParameterBinding(Set-MpPreference): name=\"SignatureAuGracePeriod\"; value=\"0\"\r\nParameterBinding(Set-MpPreference): name=\"SignatureDefinitionUpdateFileSharesSources\"; value=\"\"\r\nParameterBinding(Set-MpPreference): name=\"SignatureDisableUpdateOnStartupWithoutEngine\"; value=\"False\"\r\nParameterBinding(Set-MpPreference): name=\"SignatureFallbackOrder\"; value=\"\"\r\nParameterBinding(Set-MpPreference): name=\"SharedSignaturesPath\"; value=\"\"\r\nParameterBinding(Set-MpPreference): name=\"SignatureUpdateCatchupInterval\"; value=\"0\"\r\nParameterBinding(Set-MpPreference): name=\"SignatureUpdateInterval\"; value=\"0\"\r\nParameterBinding(Set-MpPreference): name=\"SignatureBlobUpdateInterval\"; value=\"0\"\r\nParameterBinding(Set-MpPreference): name=\"SignatureBlobFileSharesSources\"; value=\"\"\r\nParameterBinding(Set-MpPreference): name=\"MeteredConnectionUpdates\"; value=\"False\"\r\nParameterBinding(Set-MpPreference): name=\"AllowNetworkProtectionOnWinServer\"; value=\"False\"\r\nParameterBinding(Set-MpPreference): name=\"DisableDatagramProcessing\"; value=\"False\"\r\nParameterBinding(Set-MpPreference): name=\"DisableCpuThrottleOnIdleScans\"; value=\"False\"\r\nParameterBinding(Set-MpPreference): name=\"DisableAutoExclusions\"; value=\"False\"\r\nParameterBinding(Set-MpPreference): name=\"DisablePrivacyMode\"; value=\"False\"\r\nParameterBinding(Set-MpPreference): name=\"RandomizeScheduleTaskTimes\"; value=\"False\"\r\nParameterBinding(Set-MpPreference): name=\"SchedulerRandomizationTime\"; value=\"0\"\r\nParameterBinding(Set-MpPreference): name=\"DisableIntrusionPreventionSystem\"; value=\"False\"\r\nParameterBinding(Set-MpPreference): name=\"DisableIOAVProtection\"; value=\"False\"\r\nParameterBinding(Set-MpPreference): name=\"DisableRealtimeMonitoring\"; value=\"False\"\r\nParameterBinding(Set-MpPreference): name=\"DisableScriptScanning\"; value=\"False\"\r\nParameterBinding(Set-MpPreference): name=\"DisableArchiveScanning\"; value=\"False\"\r\nParameterBinding(Set-MpPreference): name=\"DisableCatchupFullScan\"; value=\"False\"\r\nParameterBinding(Set-MpPreference): name=\"DisableCatchupQuickScan\"; value=\"False\"\r\nParameterBinding(Set-MpPreference): name=\"DisableEmailScanning\"; value=\"False\"\r\nParameterBinding(Set-MpPreference): name=\"DisableRemovableDriveScanning\"; value=\"False\"\r\nParameterBinding(Set-MpPreference): name=\"DisableRestorePoint\"; value=\"False\"\r\nParameterBinding(Set-MpPreference): name=\"DisableScanningMappedNetworkDrivesForFullScan\"; value=\"False\"\r\nParameterBinding(Set-MpPreference): name=\"DisableScanningNetworkFiles\"; value=\"False\"\r\nParameterBinding(Set-MpPreference): name=\"UILockdown\"; value=\"False\"\r\nParameterBinding(Set-MpPreference): name=\"Force\"; value=\"False\"\r\nParameterBinding(Set-MpPreference): name=\"DisableBlockAtFirstSeen\"; value=\"False\"\r\nParameterBinding(Set-MpPreference): name=\"CloudExtendedTimeout\"; value=\"0\"\r\nParameterBinding(Set-MpPreference): name=\"EnableLowCpuPriority\"; value=\"False\"\r\nParameterBinding(Set-MpPreference): name=\"EnableFileHashComputation\"; value=\"False\"\r\nParameterBinding(Set-MpPreference): name=\"EnableFullScanOnBatteryPower\"; value=\"False\"\r\nParameterBinding(Set-MpPreference): name=\"ProxyPacUrl\"; value=\"\"\r\nParameterBinding(Set-MpPreference): name=\"ProxyServer\"; value=\"\"\r\nParameterBinding(Set-MpPreference): name=\"ForceUseProxyOnly\"; value=\"False\"\r\nParameterBinding(Set-MpPreference): name=\"DisableTlsParsing\"; value=\"False\"\r\nParameterBinding(Set-MpPreference): name=\"DisableHttpParsing\"; value=\"False\"\r\nParameterBinding(Set-MpPreference): name=\"DisableDnsParsing\"; value=\"False\"\r\nParameterBinding(Set-MpPreference): name=\"DisableDnsOverTcpParsing\"; value=\"False\"\r\nParameterBinding(Set-MpPreference): name=\"DisableSshParsing\"; value=\"False\"\r\nParameterBinding(Set-MpPreference): name=\"DisableGradualRelease\"; value=\"False\"\r\nParameterBinding(Set-MpPreference): name=\"AllowNetworkProtectionDownLevel\"; value=\"False\"\r\nParameterBinding(Set-MpPreference): name=\"AllowDatagramProcessingOnWinServer\"; value=\"False\"\r\nParameterBinding(Set-MpPreference): name=\"EnableDnsSinkhole\"; value=\"False\"\r\nParameterBinding(Set-MpPreference): name=\"DisableInboundConnectionFiltering\"; value=\"False\"\r\nParameterBinding(Set-MpPreference): name=\"DisableRdpParsing\"; value=\"False\"\r\nParameterBinding(Set-MpPreference): name=\"DisableNetworkProtectionPerfTelemetry\"; value=\"False\"\r\nParameterBinding(Set-MpPreference): name=\"TrustLabelProtectionStatus\"; value=\"0\"\r\nParameterBinding(Set-MpPreference): name=\"ThrottleLimit\"; value=\"0\"\r\nParameterBinding(Set-MpPreference): name=\"AsJob\"; value=\"False\"\r\n"]},"Binary":null}}}
{"Event_attributes":{"xmlns":"http://schemas.microsoft.com/win/2004/08/events/event"},"Event":{"System":{"Provider_attributes":{"Name":"PowerShell"},"EventID_attributes":{"Qualifiers":0},"EventID":800,"Version":0,"Level":4,"Task":8,"Opcode":0,"Keywords":"0x80000000000000","TimeCreated_attributes":{"SystemTime":"2021-10-06T09:34:51.061428Z"},"EventRecordID":1161752,"Correlation":null,"Execution_attributes":{"ProcessID":0,"ThreadID":0},"Channel":"Windows PowerShell","Computer":"win10-02.offsec.lan","Security":null},"EventData":{"Data":{"#text":["","\tDetailSequence=1\r\n\tDetailTotal=1\r\n\r\n\tSequenceNumber=319\r\n\r\n\tUserId=OFFSEC\\admmig\r\n\tHostName=ConsoleHost\r\n\tHostVersion=5.1.19041.1237\r\n\tHostId=cd8cafb9-7c03-4e5e-9d54-914780550df1\r\n\tHostApplication=C:\\Windows\\System32\\WindowsPowerShell\\v1.0\\powershell.exe\r\n\tEngineVersion=5.1.19041.1237\r\n\tRunspaceId=d94c9947-fce3-4f7e-9a49-18ff6724f22b\r\n\tPipelineId=25\r\n\tScriptName=\r\n\tCommandLine=","CommandInvocation(Out-Default): \"Out-Default\"\r\n"]},"Binary":null}}}
{"Event_attributes":{"xmlns":"http://schemas.microsoft.com/win/2004/08/events/event"},"Event":{"System":{"Provider_attributes":{"Name":"Microsoft-Windows-PowerShell","Guid":"A0C1853B-5C40-4B15-8766-3CF1C58F985A"},"EventID":4103,"Version":1,"Level":4,"Task":106,"Opcode":20,"Keywords":"0x0","TimeCreated_attributes":{"SystemTime":"2021-10-06T09:34:51.070844Z"},"EventRecordID":1328823,"Correlation_attributes":{"ActivityID":"82305249-B6DD-0000-7233-4E82DDB6D701"},"Execution_attributes":{"ProcessID":1636,"ThreadID":9868},"Channel":"Microsoft-Windows-PowerShell/Operational","Computer":"win10-02.offsec.lan","Security_attributes":{"UserID":"S-1-5-21-4230534742-2542757381-3142984815-1111"}},"EventData":{"ContextInfo":"        Severity = Informational\r\n        Host Name = ConsoleHost\r\n        Host Version = 5.1.19041.1237\r\n        Host ID = cd8cafb9-7c03-4e5e-9d54-914780550df1\r\n        Host Application = C:\\Windows\\System32\\WindowsPowerShell\\v1.0\\powershell.exe\r\n        Engine Version = 5.1.19041.1237\r\n        Runspace ID = d94c9947-fce3-4f7e-9a49-18ff6724f22b\r\n        Pipeline ID = 25\r\n        Command Name = Set-MpPreference\r\n        Command Type = Function\r\n        Script Name = \r\n        Command Path = \r\n        Sequence Number = 316\r\n        User = OFFSEC\\admmig\r\n        Connected User = \r\n        Shell ID = Microsoft.PowerShell\r\n","UserData":"","Payload":"CommandInvocation(Set-MpPreference): \"Set-MpPreference\"\r\nParameterBinding(Set-MpPreference): name=\"DisableBehaviorMonitoring\"; value=\"True\"\r\nParameterBinding(Set-MpPreference): name=\"QuarantinePurgeItemsAfterDelay\"; value=\"0\"\r\nParameterBinding(Set-MpPreference): name=\"ReportingAdditionalActionTimeOut\"; value=\"0\"\r\nParameterBinding(Set-MpPreference): name=\"ReportingCriticalFailureTimeOut\"; value=\"0\"\r\nParameterBinding(Set-MpPreference): name=\"ReportingNonCriticalTimeOut\"; value=\"0\"\r\nParameterBinding(Set-MpPreference): name=\"ScanAvgCPULoadFactor\"; value=\"0\"\r\nParameterBinding(Set-MpPreference): name=\"CheckForSignaturesBeforeRunningScan\"; value=\"False\"\r\nParameterBinding(Set-MpPreference): name=\"ScanPurgeItemsAfterDelay\"; value=\"0\"\r\nParameterBinding(Set-MpPreference): name=\"ScanOnlyIfIdleEnabled\"; value=\"False\"\r\nParameterBinding(Set-MpPreference): name=\"ThrottleForScheduledScanOnly\"; value=\"False\"\r\nParameterBinding(Set-MpPreference): name=\"SignatureFirstAuGracePeriod\"; value=\"0\"\r\nParameterBinding(Set-MpPreference): name=\"SignatureAuGracePeriod\"; value=\"0\"\r\nParameterBinding(Set-MpPreference): name=\"SignatureDefinitionUpdateFileSharesSources\"; value=\"\"\r\nParameterBinding(Set-MpPreference): name=\"SignatureDisableUpdateOnStartupWithoutEngine\"; value=\"False\"\r\nParameterBinding(Set-MpPreference): name=\"SignatureFallbackOrder\"; value=\"\"\r\nParameterBinding(Set-MpPreference): name=\"SharedSignaturesPath\"; value=\"\"\r\nParameterBinding(Set-MpPreference): name=\"SignatureUpdateCatchupInterval\"; value=\"0\"\r\nParameterBinding(Set-MpPreference): name=\"SignatureUpdateInterval\"; value=\"0\"\r\nParameterBinding(Set-MpPreference): name=\"SignatureBlobUpdateInterval\"; value=\"0\"\r\nParameterBinding(Set-MpPreference): name=\"SignatureBlobFileSharesSources\"; value=\"\"\r\nParameterBinding(Set-MpPreference): name=\"MeteredConnectionUpdates\"; value=\"False\"\r\nParameterBinding(Set-MpPreference): name=\"AllowNetworkProtectionOnWinServer\"; value=\"False\"\r\nParameterBinding(Set-MpPreference): name=\"DisableDatagramProcessing\"; value=\"False\"\r\nParameterBinding(Set-MpPreference): name=\"DisableCpuThrottleOnIdleScans\"; value=\"False\"\r\nParameterBinding(Set-MpPreference): name=\"DisableAutoExclusions\"; value=\"False\"\r\nParameterBinding(Set-MpPreference): name=\"DisablePrivacyMode\"; value=\"False\"\r\nParameterBinding(Set-MpPreference): name=\"RandomizeScheduleTaskTimes\"; value=\"False\"\r\nParameterBinding(Set-MpPreference): name=\"SchedulerRandomizationTime\"; value=\"0\"\r\nParameterBinding(Set-MpPreference): name=\"DisableIntrusionPreventionSystem\"; value=\"False\"\r\nParameterBinding(Set-MpPreference): name=\"DisableIOAVProtection\"; value=\"False\"\r\nParameterBinding(Set-MpPreference): name=\"DisableRealtimeMonitoring\"; value=\"False\"\r\nParameterBinding(Set-MpPreference): name=\"DisableScriptScanning\"; value=\"False\"\r\nParameterBinding(Set-MpPreference): name=\"DisableArchiveScanning\"; value=\"False\"\r\nParameterBinding(Set-MpPreference): name=\"DisableCatchupFullScan\"; value=\"False\"\r\nParameterBinding(Set-MpPreference): name=\"DisableCatchupQuickScan\"; value=\"False\"\r\nParameterBinding(Set-MpPreference): name=\"DisableEmailScanning\"; value=\"False\"\r\nParameterBinding(Set-MpPreference): name=\"DisableRemovableDriveScanning\"; value=\"False\"\r\nParameterBinding(Set-MpPreference): name=\"DisableRestorePoint\"; value=\"False\"\r\nParameterBinding(Set-MpPreference): name=\"DisableScanningMappedNetworkDrivesForFullScan\"; value=\"False\"\r\nParameterBinding(Set-MpPreference): name=\"DisableScanningNetworkFiles\"; value=\"False\"\r\nParameterBinding(Set-MpPreference): name=\"UILockdown\"; value=\"False\"\r\nParameterBinding(Set-MpPreference): name=\"Force\"; value=\"False\"\r\nParameterBinding(Set-MpPreference): name=\"DisableBlockAtFirstSeen\"; value=\"False\"\r\nParameterBinding(Set-MpPreference): name=\"CloudExtendedTimeout\"; value=\"0\"\r\nParameterBinding(Set-MpPreference): name=\"EnableLowCpuPriority\"; value=\"False\"\r\nParameterBinding(Set-MpPreference): name=\"EnableFileHashComputation\"; value=\"False\"\r\nParameterBinding(Set-MpPreference): name=\"EnableFullScanOnBatteryPower\"; value=\"False\"\r\nParameterBinding(Set-MpPreference): name=\"ProxyPacUrl\"; value=\"\"\r\nParameterBinding(Set-MpPreference): name=\"ProxyServer\"; value=\"\"\r\nParameterBinding(Set-MpPreference): name=\"ForceUseProxyOnly\"; value=\"False\"\r\nParameterBinding(Set-MpPreference): name=\"DisableTlsParsing\"; value=\"False\"\r\nParameterBinding(Set-MpPreference): name=\"DisableHttpParsing\"; value=\"False\"\r\nParameterBinding(Set-MpPreference): name=\"DisableDnsParsing\"; value=\"False\"\r\nParameterBinding(Set-MpPreference): name=\"DisableDnsOverTcpParsing\"; value=\"False\"\r\nParameterBinding(Set-MpPreference): name=\"DisableSshParsing\"; value=\"False\"\r\nParameterBinding(Set-MpPreference): name=\"DisableGradualRelease\"; value=\"False\"\r\nParameterBinding(Set-MpPreference): name=\"AllowNetworkProtectionDownLevel\"; value=\"False\"\r\nParameterBinding(Set-MpPreference): name=\"AllowDatagramProcessingOnWinServer\"; value=\"False\"\r\nParameterBinding(Set-MpPreference): name=\"EnableDnsSinkhole\"; value=\"False\"\r\nParameterBinding(Set-MpPreference): name=\"DisableInboundConnectionFiltering\"; value=\"False\"\r\nParameterBinding(Set-MpPreference): name=\"DisableRdpParsing\"; value=\"False\"\r\nParameterBinding(Set-MpPreference): name=\"DisableNetworkProtectionPerfTelemetry\"; value=\"False\"\r\nParameterBinding(Set-MpPreference): name=\"TrustLabelProtectionStatus\"; value=\"0\"\r\nParameterBinding(Set-MpPreference): name=\"ThrottleLimit\"; value=\"0\"\r\nParameterBinding(Set-MpPreference): name=\"AsJob\"; value=\"False\"\r\n"}}}
{"Event_attributes":{"xmlns":"http://schemas.microsoft.com/win/2004/08/events/event"},"Event":{"System":{"Provider_attributes":{"Name":"Microsoft-Windows-PowerShell","Guid":"A0C1853B-5C40-4B15-8766-3CF1C58F985A"},"EventID":4103,"Version":1,"Level":4,"Task":106,"Opcode":20,"Keywords":"0x0","TimeCreated_attributes":{"SystemTime":"2021-10-06T09:34:51.071219Z"},"EventRecordID":1328824,"Correlation_attributes":{"ActivityID":"82305249-B6DD-0000-7133-4E82DDB6D701"},"Execution_attributes":{"ProcessID":1636,"ThreadID":9868},"Channel":"Microsoft-Windows-PowerShell/Operational","Computer":"win10-02.offsec.lan","Security_attributes":{"UserID":"S-1-5-21-4230534742-2542757381-3142984815-1111"}},"EventData":{"ContextInfo":"        Severity = Informational\r\n        Host Name = ConsoleHost\r\n        Host Version = 5.1.19041.1237\r\n        Host ID = cd8cafb9-7c03-4e5e-9d54-914780550df1\r\n        Host Application = C:\\Windows\\System32\\WindowsPowerShell\\v1.0\\powershell.exe\r\n        Engine Version = 5.1.19041.1237\r\n        Runspace ID = d94c9947-fce3-4f7e-9a49-18ff6724f22b\r\n        Pipeline ID = 25\r\n        Command Name = \r\n        Command Type = Script\r\n        Script Name = \r\n        Command Path = \r\n        Sequence Number = 320\r\n        User = OFFSEC\\admmig\r\n        Connected User = \r\n        Shell ID = Microsoft.PowerShell\r\n","UserData":"","Payload":"CommandInvocation(Out-Default): \"Out-Default\"\r\n"}}}
{"Event_attributes":{"xmlns":"http://schemas.microsoft.com/win/2004/08/events/event"},"Event":{"System":{"Provider_attributes":{"Name":"PowerShell"},"EventID_attributes":{"Qualifiers":0},"EventID":800,"Version":0,"Level":4,"Task":8,"Opcode":0,"Keywords":"0x80000000000000","TimeCreated_attributes":{"SystemTime":"2021-10-06T09:34:51.083752Z"},"EventRecordID":1161753,"Correlation":null,"Execution_attributes":{"ProcessID":0,"ThreadID":0},"Channel":"Windows PowerShell","Computer":"win10-02.offsec.lan","Security":null},"EventData":{"Data":{"#text":["    Microsoft.PowerShell.Core\\Set-StrictMode -Off\n","\tDetailSequence=1\r\n\tDetailTotal=1\r\n\r\n\tSequenceNumber=334\r\n\r\n\tUserId=OFFSEC\\admmig\r\n\tHostName=ConsoleHost\r\n\tHostVersion=5.1.19041.1237\r\n\tHostId=cd8cafb9-7c03-4e5e-9d54-914780550df1\r\n\tHostApplication=C:\\Windows\\System32\\WindowsPowerShell\\v1.0\\powershell.exe\r\n\tEngineVersion=5.1.19041.1237\r\n\tRunspaceId=d94c9947-fce3-4f7e-9a49-18ff6724f22b\r\n\tPipelineId=27\r\n\tScriptName=C:\\Program Files\\WindowsPowerShell\\Modules\\PSReadline\\2.0.0\\PSReadLine.psm1\r\n\tCommandLine=    Microsoft.PowerShell.Core\\Set-StrictMode -Off\n","CommandInvocation(Set-StrictMode): \"Set-StrictMode\"\r\nParameterBinding(Set-StrictMode): name=\"Off\"; value=\"True\"\r\n"]},"Binary":null}}}
{"Event_attributes":{"xmlns":"http://schemas.microsoft.com/win/2004/08/events/event"},"Event":{"System":{"Provider_attributes":{"Name":"Microsoft-Windows-PowerShell","Guid":"A0C1853B-5C40-4B15-8766-3CF1C58F985A"},"EventID":4104,"Version":1,"Level":5,"Task":2,"Opcode":15,"Keywords":"0x0","TimeCreated_attributes":{"SystemTime":"2021-10-06T09:34:51.088969Z"},"EventRecordID":1328825,"Correlation_attributes":{"ActivityID":"82305249-B6DD-0001-55D4-4D82DDB6D701"},"Execution_attributes":{"ProcessID":1636,"ThreadID":9868},"Channel":"Microsoft-Windows-PowerShell/Operational","Computer":"win10-02.offsec.lan","Security_attributes":{"UserID":"S-1-5-21-4230534742-2542757381-3142984815-1111"}},"EventData":{"MessageNumber":1,"MessageTotal":1,"ScriptBlockText":"prompt","ScriptBlockId":"5365a941-a82a-44f5-acd8-3d5ccd004688","Path":""}}}
{"Event_attributes":{"xmlns":"http://schemas.microsoft.com/win/2004/08/events/event"},"Event":{"System":{"Provider_attributes":{"Name":"Microsoft-Windows-PowerShell","Guid":"A0C1853B-5C40-4B15-8766-3CF1C58F985A"},"EventID":4103,"Version":1,"Level":4,"Task":106,"Opcode":20,"Keywords":"0x0","TimeCreated_attributes":{"SystemTime":"2021-10-06T09:34:51.091512Z"},"EventRecordID":1328826,"Correlation_attributes":{"ActivityID":"82305249-B6DD-0001-5AD4-4D82DDB6D701"},"Execution_attributes":{"ProcessID":1636,"ThreadID":9868},"Channel":"Microsoft-Windows-PowerShell/Operational","Computer":"win10-02.offsec.lan","Security_attributes":{"UserID":"S-1-5-21-4230534742-2542757381-3142984815-1111"}},"EventData":{"ContextInfo":"        Severity = Informational\r\n        Host Name = ConsoleHost\r\n        Host Version = 5.1.19041.1237\r\n        Host ID = cd8cafb9-7c03-4e5e-9d54-914780550df1\r\n        Host Application = C:\\Windows\\System32\\WindowsPowerShell\\v1.0\\powershell.exe\r\n        Engine Version = 5.1.19041.1237\r\n        Runspace ID = d94c9947-fce3-4f7e-9a49-18ff6724f22b\r\n        Pipeline ID = 27\r\n        Command Name = Set-StrictMode\r\n        Command Type = Cmdlet\r\n        Script Name = C:\\Program Files\\WindowsPowerShell\\Modules\\PSReadline\\2.0.0\\PSReadLine.psm1\r\n        Command Path = \r\n        Sequence Number = 335\r\n        User = OFFSEC\\admmig\r\n        Connected User = \r\n        Shell ID = Microsoft.PowerShell\r\n","UserData":"","Payload":"CommandInvocation(Set-StrictMode): \"Set-StrictMode\"\r\nParameterBinding(Set-StrictMode): name=\"Off\"; value=\"True\"\r\n"}}}
{"Event_attributes":{"xmlns":"http://schemas.microsoft.com/win/2004/08/events/event"},"Event":{"System":{"Provider_attributes":{"Name":"PowerShell"},"EventID_attributes":{"Qualifiers":0},"EventID":800,"Version":0,"Level":4,"Task":8,"Opcode":0,"Keywords":"0x80000000000000","TimeCreated_attributes":{"SystemTime":"2021-10-06T09:34:51.092775Z"},"EventRecordID":1161754,"Correlation":null,"Execution_attributes":{"ProcessID":0,"ThreadID":0},"Channel":"Windows PowerShell","Computer":"win10-02.offsec.lan","Security":null},"EventData":{"Data":{"#text":["","\tDetailSequence=1\r\n\tDetailTotal=1\r\n\r\n\tSequenceNumber=337\r\n\r\n\tUserId=OFFSEC\\admmig\r\n\tHostName=ConsoleHost\r\n\tHostVersion=5.1.19041.1237\r\n\tHostId=cd8cafb9-7c03-4e5e-9d54-914780550df1\r\n\tHostApplication=C:\\Windows\\System32\\WindowsPowerShell\\v1.0\\powershell.exe\r\n\tEngineVersion=5.1.19041.1237\r\n\tRunspaceId=d94c9947-fce3-4f7e-9a49-18ff6724f22b\r\n\tPipelineId=27\r\n\tScriptName=\r\n\tCommandLine=","CommandInvocation(PSConsoleHostReadLine): \"PSConsoleHostReadLine\"\r\n"]},"Binary":null}}}
{"Event_attributes":{"xmlns":"http://schemas.microsoft.com/win/2004/08/events/event"},"Event":{"System":{"Provider_attributes":{"Name":"Microsoft-Windows-PowerShell","Guid":"A0C1853B-5C40-4B15-8766-3CF1C58F985A"},"EventID":4103,"Version":1,"Level":4,"Task":106,"Opcode":20,"Keywords":"0x0","TimeCreated_attributes":{"SystemTime":"2021-10-06T09:34:51.106306Z"},"EventRecordID":1328827,"Correlation_attributes":{"ActivityID":"82305249-B6DD-0001-59D4-4D82DDB6D701"},"Execution_attributes":{"ProcessID":1636,"ThreadID":9868},"Channel":"Microsoft-Windows-PowerShell/Operational","Computer":"win10-02.offsec.lan","Security_attributes":{"UserID":"S-1-5-21-4230534742-2542757381-3142984815-1111"}},"EventData":{"ContextInfo":"        Severity = Informational\r\n        Host Name = ConsoleHost\r\n        Host Version = 5.1.19041.1237\r\n        Host ID = cd8cafb9-7c03-4e5e-9d54-914780550df1\r\n        Host Application = C:\\Windows\\System32\\WindowsPowerShell\\v1.0\\powershell.exe\r\n        Engine Version = 5.1.19041.1237\r\n        Runspace ID = d94c9947-fce3-4f7e-9a49-18ff6724f22b\r\n        Pipeline ID = 27\r\n        Command Name = PSConsoleHostReadLine\r\n        Command Type = Function\r\n        Script Name = \r\n        Command Path = \r\n        Sequence Number = 338\r\n        User = OFFSEC\\admmig\r\n        Connected User = \r\n        Shell ID = Microsoft.PowerShell\r\n","UserData":"","Payload":"CommandInvocation(PSConsoleHostReadLine): \"PSConsoleHostReadLine\"\r\n"}}}
{"Event_attributes":{"xmlns":"http://schemas.microsoft.com/win/2004/08/events/event"},"Event":{"System":{"Provider_attributes":{"Name":"PowerShell"},"EventID_attributes":{"Qualifiers":0},"EventID":800,"Version":0,"Level":4,"Task":8,"Opcode":0,"Keywords":"0x80000000000000","TimeCreated_attributes":{"SystemTime":"2021-10-06T09:34:51.108429Z"},"EventRecordID":1161755,"Correlation":null,"Execution_attributes":{"ProcessID":0,"ThreadID":0},"Channel":"Windows PowerShell","Computer":"win10-02.offsec.lan","Security":null},"EventData":{"Data":{"#text":["Set-MpPreference -DisableIntrusionPreventionSystem $true","\tDetailSequence=1\r\n\tDetailTotal=1\r\n\r\n\tSequenceNumber=345\r\n\r\n\tUserId=OFFSEC\\admmig\r\n\tHostName=ConsoleHost\r\n\tHostVersion=5.1.19041.1237\r\n\tHostId=cd8cafb9-7c03-4e5e-9d54-914780550df1\r\n\tHostApplication=C:\\Windows\\System32\\WindowsPowerShell\\v1.0\\powershell.exe\r\n\tEngineVersion=5.1.19041.1237\r\n\tRunspaceId=d94c9947-fce3-4f7e-9a49-18ff6724f22b\r\n\tPipelineId=28\r\n\tScriptName=\r\n\tCommandLine=Set-MpPreference -DisableIntrusionPreventionSystem $true","CommandInvocation(Set-MpPreference): \"Set-MpPreference\"\r\nParameterBinding(Set-MpPreference): name=\"DisableIntrusionPreventionSystem\"; value=\"True\"\r\nParameterBinding(Set-MpPreference): name=\"QuarantinePurgeItemsAfterDelay\"; value=\"0\"\r\nParameterBinding(Set-MpPreference): name=\"ReportingAdditionalActionTimeOut\"; value=\"0\"\r\nParameterBinding(Set-MpPreference): name=\"ReportingCriticalFailureTimeOut\"; value=\"0\"\r\nParameterBinding(Set-MpPreference): name=\"ReportingNonCriticalTimeOut\"; value=\"0\"\r\nParameterBinding(Set-MpPreference): name=\"ScanAvgCPULoadFactor\"; value=\"0\"\r\nParameterBinding(Set-MpPreference): name=\"CheckForSignaturesBeforeRunningScan\"; value=\"False\"\r\nParameterBinding(Set-MpPreference): name=\"ScanPurgeItemsAfterDelay\"; value=\"0\"\r\nParameterBinding(Set-MpPreference): name=\"ScanOnlyIfIdleEnabled\"; value=\"False\"\r\nParameterBinding(Set-MpPreference): name=\"ThrottleForScheduledScanOnly\"; value=\"False\"\r\nParameterBinding(Set-MpPreference): name=\"SignatureFirstAuGracePeriod\"; value=\"0\"\r\nParameterBinding(Set-MpPreference): name=\"SignatureAuGracePeriod\"; value=\"0\"\r\nParameterBinding(Set-MpPreference): name=\"SignatureDefinitionUpdateFileSharesSources\"; value=\"\"\r\nParameterBinding(Set-MpPreference): name=\"SignatureDisableUpdateOnStartupWithoutEngine\"; value=\"False\"\r\nParameterBinding(Set-MpPreference): name=\"SignatureFallbackOrder\"; value=\"\"\r\nParameterBinding(Set-MpPreference): name=\"SharedSignaturesPath\"; value=\"\"\r\nParameterBinding(Set-MpPreference): name=\"SignatureUpdateCatchupInterval\"; value=\"0\"\r\nParameterBinding(Set-MpPreference): name=\"SignatureUpdateInterval\"; value=\"0\"\r\nParameterBinding(Set-MpPreference): name=\"SignatureBlobUpdateInterval\"; value=\"0\"\r\nParameterBinding(Set-MpPreference): name=\"SignatureBlobFileSharesSources\"; value=\"\"\r\nParameterBinding(Set-MpPreference): name=\"MeteredConnectionUpdates\"; value=\"False\"\r\nParameterBinding(Set-MpPreference): name=\"AllowNetworkProtectionOnWinServer\"; value=\"False\"\r\nParameterBinding(Set-MpPreference): name=\"DisableDatagramProcessing\"; value=\"False\"\r\nParameterBinding(Set-MpPreference): name=\"DisableCpuThrottleOnIdleScans\"; value=\"False\"\r\nParameterBinding(Set-MpPreference): name=\"DisableAutoExclusions\"; value=\"False\"\r\nParameterBinding(Set-MpPreference): name=\"DisablePrivacyMode\"; value=\"False\"\r\nParameterBinding(Set-MpPreference): name=\"RandomizeScheduleTaskTimes\"; value=\"False\"\r\nParameterBinding(Set-MpPreference): name=\"SchedulerRandomizationTime\"; value=\"0\"\r\nParameterBinding(Set-MpPreference): name=\"DisableBehaviorMonitoring\"; value=\"False\"\r\nParameterBinding(Set-MpPreference): name=\"DisableIOAVProtection\"; value=\"False\"\r\nParameterBinding(Set-MpPreference): name=\"DisableRealtimeMonitoring\"; value=\"False\"\r\nParameterBinding(Set-MpPreference): name=\"DisableScriptScanning\"; value=\"False\"\r\nParameterBinding(Set-MpPreference): name=\"DisableArchiveScanning\"; value=\"False\"\r\nParameterBinding(Set-MpPreference): name=\"DisableCatchupFullScan\"; value=\"False\"\r\nParameterBinding(Set-MpPreference): name=\"DisableCatchupQuickScan\"; value=\"False\"\r\nParameterBinding(Set-MpPreference): name=\"DisableEmailScanning\"; value=\"False\"\r\nParameterBinding(Set-MpPreference): name=\"DisableRemovableDriveScanning\"; value=\"False\"\r\nParameterBinding(Set-MpPreference): name=\"DisableRestorePoint\"; value=\"False\"\r\nParameterBinding(Set-MpPreference): name=\"DisableScanningMappedNetworkDrivesForFullScan\"; value=\"False\"\r\nParameterBinding(Set-MpPreference): name=\"DisableScanningNetworkFiles\"; value=\"False\"\r\nParameterBinding(Set-MpPreference): name=\"UILockdown\"; value=\"False\"\r\nParameterBinding(Set-MpPreference): name=\"Force\"; value=\"False\"\r\nParameterBinding(Set-MpPreference): name=\"DisableBlockAtFirstSeen\"; value=\"False\"\r\nParameterBinding(Set-MpPreference): name=\"CloudExtendedTimeout\"; value=\"0\"\r\nParameterBinding(Set-MpPreference): name=\"EnableLowCpuPriority\"; value=\"False\"\r\nParameterBinding(Set-MpPreference): name=\"EnableFileHashComputation\"; value=\"False\"\r\nParameterBinding(Set-MpPreference): name=\"EnableFullScanOnBatteryPower\"; value=\"False\"\r\nParameterBinding(Set-MpPreference): name=\"ProxyPacUrl\"; value=\"\"\r\nParameterBinding(Set-MpPreference): name=\"ProxyServer\"; value=\"\"\r\nParameterBinding(Set-MpPreference): name=\"ForceUseProxyOnly\"; value=\"False\"\r\nParameterBinding(Set-MpPreference): name=\"DisableTlsParsing\"; value=\"False\"\r\nParameterBinding(Set-MpPreference): name=\"DisableHttpParsing\"; value=\"False\"\r\nParameterBinding(Set-MpPreference): name=\"DisableDnsParsing\"; value=\"False\"\r\nParameterBinding(Set-MpPreference): name=\"DisableDnsOverTcpParsing\"; value=\"False\"\r\nParameterBinding(Set-MpPreference): name=\"DisableSshParsing\"; value=\"False\"\r\nParameterBinding(Set-MpPreference): name=\"DisableGradualRelease\"; value=\"False\"\r\nParameterBinding(Set-MpPreference): name=\"AllowNetworkProtectionDownLevel\"; value=\"False\"\r\nParameterBinding(Set-MpPreference): name=\"AllowDatagramProcessingOnWinServer\"; value=\"False\"\r\nParameterBinding(Set-MpPreference): name=\"EnableDnsSinkhole\"; value=\"False\"\r\nParameterBinding(Set-MpPreference): name=\"DisableInboundConnectionFiltering\"; value=\"False\"\r\nParameterBinding(Set-MpPreference): name=\"DisableRdpParsing\"; value=\"False\"\r\nParameterBinding(Set-MpPreference): name=\"DisableNetworkProtectionPerfTelemetry\"; value=\"False\"\r\nParameterBinding(Set-MpPreference): name=\"TrustLabelProtectionStatus\"; value=\"0\"\r\nParameterBinding(Set-MpPreference): name=\"ThrottleLimit\"; value=\"0\"\r\nParameterBinding(Set-MpPreference): name=\"AsJob\"; value=\"False\"\r\n"]},"Binary":null}}}
{"Event_attributes":{"xmlns":"http://schemas.microsoft.com/win/2004/08/events/event"},"Event":{"System":{"Provider_attributes":{"Name":"PowerShell"},"EventID_attributes":{"Qualifiers":0},"EventID":800,"Version":0,"Level":4,"Task":8,"Opcode":0,"Keywords":"0x80000000000000","TimeCreated_attributes":{"SystemTime":"2021-10-06T09:34:51.108429Z"},"EventRecordID":1161756,"Correlation":null,"Execution_attributes":{"ProcessID":0,"ThreadID":0},"Channel":"Windows PowerShell","Computer":"win10-02.offsec.lan","Security":null},"EventData":{"Data":{"#text":["","\tDetailSequence=1\r\n\tDetailTotal=1\r\n\r\n\tSequenceNumber=349\r\n\r\n\tUserId=OFFSEC\\admmig\r\n\tHostName=ConsoleHost\r\n\tHostVersion=5.1.19041.1237\r\n\tHostId=cd8cafb9-7c03-4e5e-9d54-914780550df1\r\n\tHostApplication=C:\\Windows\\System32\\WindowsPowerShell\\v1.0\\powershell.exe\r\n\tEngineVersion=5.1.19041.1237\r\n\tRunspaceId=d94c9947-fce3-4f7e-9a49-18ff6724f22b\r\n\tPipelineId=28\r\n\tScriptName=\r\n\tCommandLine=","CommandInvocation(Out-Default): \"Out-Default\"\r\n"]},"Binary":null}}}
{"Event_attributes":{"xmlns":"http://schemas.microsoft.com/win/2004/08/events/event"},"Event":{"System":{"Provider_attributes":{"Name":"Microsoft-Windows-PowerShell","Guid":"A0C1853B-5C40-4B15-8766-3CF1C58F985A"},"EventID":4104,"Version":1,"Level":5,"Task":2,"Opcode":15,"Keywords":"0x0","TimeCreated_attributes":{"SystemTime":"2021-10-06T09:34:51.118349Z"},"EventRecordID":1328828,"Correlation_attributes":{"ActivityID":"82305249-B6DD-0001-5DD4-4D82DDB6D701"},"Execution_attributes":{"ProcessID":1636,"ThreadID":9868},"Channel":"Microsoft-Windows-PowerShell/Operational","Computer":"win10-02.offsec.lan","Security_attributes":{"UserID":"S-1-5-21-4230534742-2542757381-3142984815-1111"}},"EventData":{"MessageNumber":1,"MessageTotal":1,"ScriptBlockText":"Set-MpPreference -DisableIntrusionPreventionSystem $true","ScriptBlockId":"8e52c5f3-5b28-4e67-966c-e0a02af1f69c","Path":""}}}
{"Event_attributes":{"xmlns":"http://schemas.microsoft.com/win/2004/08/events/event"},"Event":{"System":{"Provider_attributes":{"Name":"Microsoft-Windows-PowerShell","Guid":"A0C1853B-5C40-4B15-8766-3CF1C58F985A"},"EventID":4103,"Version":1,"Level":4,"Task":106,"Opcode":20,"Keywords":"0x0","TimeCreated_attributes":{"SystemTime":"2021-10-06T09:34:51.134744Z"},"EventRecordID":1328829,"Correlation_attributes":{"ActivityID":"82305249-B6DD-0001-5ED4-4D82DDB6D701"},"Execution_attributes":{"ProcessID":1636,"ThreadID":9868},"Channel":"Microsoft-Windows-PowerShell/Operational","Computer":"win10-02.offsec.lan","Security_attributes":{"UserID":"S-1-5-21-4230534742-2542757381-3142984815-1111"}},"EventData":{"ContextInfo":"        Severity = Informational\r\n        Host Name = ConsoleHost\r\n        Host Version = 5.1.19041.1237\r\n        Host ID = cd8cafb9-7c03-4e5e-9d54-914780550df1\r\n        Host Application = C:\\Windows\\System32\\WindowsPowerShell\\v1.0\\powershell.exe\r\n        Engine Version = 5.1.19041.1237\r\n        Runspace ID = d94c9947-fce3-4f7e-9a49-18ff6724f22b\r\n        Pipeline ID = 28\r\n        Command Name = Set-MpPreference\r\n        Command Type = Function\r\n        Script Name = \r\n        Command Path = \r\n        Sequence Number = 346\r\n        User = OFFSEC\\admmig\r\n        Connected User = \r\n        Shell ID = Microsoft.PowerShell\r\n","UserData":"","Payload":"CommandInvocation(Set-MpPreference): \"Set-MpPreference\"\r\nParameterBinding(Set-MpPreference): name=\"DisableIntrusionPreventionSystem\"; value=\"True\"\r\nParameterBinding(Set-MpPreference): name=\"QuarantinePurgeItemsAfterDelay\"; value=\"0\"\r\nParameterBinding(Set-MpPreference): name=\"ReportingAdditionalActionTimeOut\"; value=\"0\"\r\nParameterBinding(Set-MpPreference): name=\"ReportingCriticalFailureTimeOut\"; value=\"0\"\r\nParameterBinding(Set-MpPreference): name=\"ReportingNonCriticalTimeOut\"; value=\"0\"\r\nParameterBinding(Set-MpPreference): name=\"ScanAvgCPULoadFactor\"; value=\"0\"\r\nParameterBinding(Set-MpPreference): name=\"CheckForSignaturesBeforeRunningScan\"; value=\"False\"\r\nParameterBinding(Set-MpPreference): name=\"ScanPurgeItemsAfterDelay\"; value=\"0\"\r\nParameterBinding(Set-MpPreference): name=\"ScanOnlyIfIdleEnabled\"; value=\"False\"\r\nParameterBinding(Set-MpPreference): name=\"ThrottleForScheduledScanOnly\"; value=\"False\"\r\nParameterBinding(Set-MpPreference): name=\"SignatureFirstAuGracePeriod\"; value=\"0\"\r\nParameterBinding(Set-MpPreference): name=\"SignatureAuGracePeriod\"; value=\"0\"\r\nParameterBinding(Set-MpPreference): name=\"SignatureDefinitionUpdateFileSharesSources\"; value=\"\"\r\nParameterBinding(Set-MpPreference): name=\"SignatureDisableUpdateOnStartupWithoutEngine\"; value=\"False\"\r\nParameterBinding(Set-MpPreference): name=\"SignatureFallbackOrder\"; value=\"\"\r\nParameterBinding(Set-MpPreference): name=\"SharedSignaturesPath\"; value=\"\"\r\nParameterBinding(Set-MpPreference): name=\"SignatureUpdateCatchupInterval\"; value=\"0\"\r\nParameterBinding(Set-MpPreference): name=\"SignatureUpdateInterval\"; value=\"0\"\r\nParameterBinding(Set-MpPreference): name=\"SignatureBlobUpdateInterval\"; value=\"0\"\r\nParameterBinding(Set-MpPreference): name=\"SignatureBlobFileSharesSources\"; value=\"\"\r\nParameterBinding(Set-MpPreference): name=\"MeteredConnectionUpdates\"; value=\"False\"\r\nParameterBinding(Set-MpPreference): name=\"AllowNetworkProtectionOnWinServer\"; value=\"False\"\r\nParameterBinding(Set-MpPreference): name=\"DisableDatagramProcessing\"; value=\"False\"\r\nParameterBinding(Set-MpPreference): name=\"DisableCpuThrottleOnIdleScans\"; value=\"False\"\r\nParameterBinding(Set-MpPreference): name=\"DisableAutoExclusions\"; value=\"False\"\r\nParameterBinding(Set-MpPreference): name=\"DisablePrivacyMode\"; value=\"False\"\r\nParameterBinding(Set-MpPreference): name=\"RandomizeScheduleTaskTimes\"; value=\"False\"\r\nParameterBinding(Set-MpPreference): name=\"SchedulerRandomizationTime\"; value=\"0\"\r\nParameterBinding(Set-MpPreference): name=\"DisableBehaviorMonitoring\"; value=\"False\"\r\nParameterBinding(Set-MpPreference): name=\"DisableIOAVProtection\"; value=\"False\"\r\nParameterBinding(Set-MpPreference): name=\"DisableRealtimeMonitoring\"; value=\"False\"\r\nParameterBinding(Set-MpPreference): name=\"DisableScriptScanning\"; value=\"False\"\r\nParameterBinding(Set-MpPreference): name=\"DisableArchiveScanning\"; value=\"False\"\r\nParameterBinding(Set-MpPreference): name=\"DisableCatchupFullScan\"; value=\"False\"\r\nParameterBinding(Set-MpPreference): name=\"DisableCatchupQuickScan\"; value=\"False\"\r\nParameterBinding(Set-MpPreference): name=\"DisableEmailScanning\"; value=\"False\"\r\nParameterBinding(Set-MpPreference): name=\"DisableRemovableDriveScanning\"; value=\"False\"\r\nParameterBinding(Set-MpPreference): name=\"DisableRestorePoint\"; value=\"False\"\r\nParameterBinding(Set-MpPreference): name=\"DisableScanningMappedNetworkDrivesForFullScan\"; value=\"False\"\r\nParameterBinding(Set-MpPreference): name=\"DisableScanningNetworkFiles\"; value=\"False\"\r\nParameterBinding(Set-MpPreference): name=\"UILockdown\"; value=\"False\"\r\nParameterBinding(Set-MpPreference): name=\"Force\"; value=\"False\"\r\nParameterBinding(Set-MpPreference): name=\"DisableBlockAtFirstSeen\"; value=\"False\"\r\nParameterBinding(Set-MpPreference): name=\"CloudExtendedTimeout\"; value=\"0\"\r\nParameterBinding(Set-MpPreference): name=\"EnableLowCpuPriority\"; value=\"False\"\r\nParameterBinding(Set-MpPreference): name=\"EnableFileHashComputation\"; value=\"False\"\r\nParameterBinding(Set-MpPreference): name=\"EnableFullScanOnBatteryPower\"; value=\"False\"\r\nParameterBinding(Set-MpPreference): name=\"ProxyPacUrl\"; value=\"\"\r\nParameterBinding(Set-MpPreference): name=\"ProxyServer\"; value=\"\"\r\nParameterBinding(Set-MpPreference): name=\"ForceUseProxyOnly\"; value=\"False\"\r\nParameterBinding(Set-MpPreference): name=\"DisableTlsParsing\"; value=\"False\"\r\nParameterBinding(Set-MpPreference): name=\"DisableHttpParsing\"; value=\"False\"\r\nParameterBinding(Set-MpPreference): name=\"DisableDnsParsing\"; value=\"False\"\r\nParameterBinding(Set-MpPreference): name=\"DisableDnsOverTcpParsing\"; value=\"False\"\r\nParameterBinding(Set-MpPreference): name=\"DisableSshParsing\"; value=\"False\"\r\nParameterBinding(Set-MpPreference): name=\"DisableGradualRelease\"; value=\"False\"\r\nParameterBinding(Set-MpPreference): name=\"AllowNetworkProtectionDownLevel\"; value=\"False\"\r\nParameterBinding(Set-MpPreference): name=\"AllowDatagramProcessingOnWinServer\"; value=\"False\"\r\nParameterBinding(Set-MpPreference): name=\"EnableDnsSinkhole\"; value=\"False\"\r\nParameterBinding(Set-MpPreference): name=\"DisableInboundConnectionFiltering\"; value=\"False\"\r\nParameterBinding(Set-MpPreference): name=\"DisableRdpParsing\"; value=\"False\"\r\nParameterBinding(Set-MpPreference): name=\"DisableNetworkProtectionPerfTelemetry\"; value=\"False\"\r\nParameterBinding(Set-MpPreference): name=\"TrustLabelProtectionStatus\"; value=\"0\"\r\nParameterBinding(Set-MpPreference): name=\"ThrottleLimit\"; value=\"0\"\r\nParameterBinding(Set-MpPreference): name=\"AsJob\"; value=\"False\"\r\n"}}}
{"Event_attributes":{"xmlns":"http://schemas.microsoft.com/win/2004/08/events/event"},"Event":{"System":{"Provider_attributes":{"Name":"Microsoft-Windows-PowerShell","Guid":"A0C1853B-5C40-4B15-8766-3CF1C58F985A"},"EventID":4103,"Version":1,"Level":4,"Task":106,"Opcode":20,"Keywords":"0x0","TimeCreated_attributes":{"SystemTime":"2021-10-06T09:34:51.134744Z"},"EventRecordID":1328830,"Correlation_attributes":{"ActivityID":"82305249-B6DD-0001-5DD4-4D82DDB6D701"},"Execution_attributes":{"ProcessID":1636,"ThreadID":9868},"Channel":"Microsoft-Windows-PowerShell/Operational","Computer":"win10-02.offsec.lan","Security_attributes":{"UserID":"S-1-5-21-4230534742-2542757381-3142984815-1111"}},"EventData":{"ContextInfo":"        Severity = Informational\r\n        Host Name = ConsoleHost\r\n        Host Version = 5.1.19041.1237\r\n        Host ID = cd8cafb9-7c03-4e5e-9d54-914780550df1\r\n        Host Application = C:\\Windows\\System32\\WindowsPowerShell\\v1.0\\powershell.exe\r\n        Engine Version = 5.1.19041.1237\r\n        Runspace ID = d94c9947-fce3-4f7e-9a49-18ff6724f22b\r\n        Pipeline ID = 28\r\n        Command Name = \r\n        Command Type = Script\r\n        Script Name = \r\n        Command Path = \r\n        Sequence Number = 350\r\n        User = OFFSEC\\admmig\r\n        Connected User = \r\n        Shell ID = Microsoft.PowerShell\r\n","UserData":"","Payload":"CommandInvocation(Out-Default): \"Out-Default\"\r\n"}}}
{"Event_attributes":{"xmlns":"http://schemas.microsoft.com/win/2004/08/events/event"},"Event":{"System":{"Provider_attributes":{"Name":"PowerShell"},"EventID_attributes":{"Qualifiers":0},"EventID":800,"Version":0,"Level":4,"Task":8,"Opcode":0,"Keywords":"0x80000000000000","TimeCreated_attributes":{"SystemTime":"2021-10-06T09:34:51.139436Z"},"EventRecordID":1161757,"Correlation":null,"Execution_attributes":{"ProcessID":0,"ThreadID":0},"Channel":"Windows PowerShell","Computer":"win10-02.offsec.lan","Security":null},"EventData":{"Data":{"#text":["    Microsoft.PowerShell.Core\\Set-StrictMode -Off\n","\tDetailSequence=1\r\n\tDetailTotal=1\r\n\r\n\tSequenceNumber=364\r\n\r\n\tUserId=OFFSEC\\admmig\r\n\tHostName=ConsoleHost\r\n\tHostVersion=5.1.19041.1237\r\n\tHostId=cd8cafb9-7c03-4e5e-9d54-914780550df1\r\n\tHostApplication=C:\\Windows\\System32\\WindowsPowerShell\\v1.0\\powershell.exe\r\n\tEngineVersion=5.1.19041.1237\r\n\tRunspaceId=d94c9947-fce3-4f7e-9a49-18ff6724f22b\r\n\tPipelineId=30\r\n\tScriptName=C:\\Program Files\\WindowsPowerShell\\Modules\\PSReadline\\2.0.0\\PSReadLine.psm1\r\n\tCommandLine=    Microsoft.PowerShell.Core\\Set-StrictMode -Off\n","CommandInvocation(Set-StrictMode): \"Set-StrictMode\"\r\nParameterBinding(Set-StrictMode): name=\"Off\"; value=\"True\"\r\n"]},"Binary":null}}}
{"Event_attributes":{"xmlns":"http://schemas.microsoft.com/win/2004/08/events/event"},"Event":{"System":{"Provider_attributes":{"Name":"Microsoft-Windows-PowerShell","Guid":"A0C1853B-5C40-4B15-8766-3CF1C58F985A"},"EventID":4104,"Version":1,"Level":5,"Task":2,"Opcode":15,"Keywords":"0x0","TimeCreated_attributes":{"SystemTime":"2021-10-06T09:34:51.151904Z"},"EventRecordID":1328831,"Correlation_attributes":{"ActivityID":"82305249-B6DD-0001-62D4-4D82DDB6D701"},"Execution_attributes":{"ProcessID":1636,"ThreadID":9868},"Channel":"Microsoft-Windows-PowerShell/Operational","Computer":"win10-02.offsec.lan","Security_attributes":{"UserID":"S-1-5-21-4230534742-2542757381-3142984815-1111"}},"EventData":{"MessageNumber":1,"MessageTotal":1,"ScriptBlockText":"prompt","ScriptBlockId":"46111745-5dfb-4c37-b8ae-bffa2dbad4a2","Path":""}}}
{"Event_attributes":{"xmlns":"http://schemas.microsoft.com/win/2004/08/events/event"},"Event":{"System":{"Provider_attributes":{"Name":"Microsoft-Windows-PowerShell","Guid":"A0C1853B-5C40-4B15-8766-3CF1C58F985A"},"EventID":4103,"Version":1,"Level":4,"Task":106,"Opcode":20,"Keywords":"0x0","TimeCreated_attributes":{"SystemTime":"2021-10-06T09:34:51.155015Z"},"EventRecordID":1328832,"Correlation_attributes":{"ActivityID":"82305249-B6DD-0000-9A33-4E82DDB6D701"},"Execution_attributes":{"ProcessID":1636,"ThreadID":9868},"Channel":"Microsoft-Windows-PowerShell/Operational","Computer":"win10-02.offsec.lan","Security_attributes":{"UserID":"S-1-5-21-4230534742-2542757381-3142984815-1111"}},"EventData":{"ContextInfo":"        Severity = Informational\r\n        Host Name = ConsoleHost\r\n        Host Version = 5.1.19041.1237\r\n        Host ID = cd8cafb9-7c03-4e5e-9d54-914780550df1\r\n        Host Application = C:\\Windows\\System32\\WindowsPowerShell\\v1.0\\powershell.exe\r\n        Engine Version = 5.1.19041.1237\r\n        Runspace ID = d94c9947-fce3-4f7e-9a49-18ff6724f22b\r\n        Pipeline ID = 30\r\n        Command Name = Set-StrictMode\r\n        Command Type = Cmdlet\r\n        Script Name = C:\\Program Files\\WindowsPowerShell\\Modules\\PSReadline\\2.0.0\\PSReadLine.psm1\r\n        Command Path = \r\n        Sequence Number = 365\r\n        User = OFFSEC\\admmig\r\n        Connected User = \r\n        Shell ID = Microsoft.PowerShell\r\n","UserData":"","Payload":"CommandInvocation(Set-StrictMode): \"Set-StrictMode\"\r\nParameterBinding(Set-StrictMode): name=\"Off\"; value=\"True\"\r\n"}}}
{"Event_attributes":{"xmlns":"http://schemas.microsoft.com/win/2004/08/events/event"},"Event":{"System":{"Provider_attributes":{"Name":"PowerShell"},"EventID_attributes":{"Qualifiers":0},"EventID":800,"Version":0,"Level":4,"Task":8,"Opcode":0,"Keywords":"0x80000000000000","TimeCreated_attributes":{"SystemTime":"2021-10-06T09:34:52.327115Z"},"EventRecordID":1161758,"Correlation":null,"Execution_attributes":{"ProcessID":0,"ThreadID":0},"Channel":"Windows PowerShell","Computer":"win10-02.offsec.lan","Security":null},"EventData":{"Data":{"#text":["","\tDetailSequence=1\r\n\tDetailTotal=1\r\n\r\n\tSequenceNumber=367\r\n\r\n\tUserId=OFFSEC\\admmig\r\n\tHostName=ConsoleHost\r\n\tHostVersion=5.1.19041.1237\r\n\tHostId=cd8cafb9-7c03-4e5e-9d54-914780550df1\r\n\tHostApplication=C:\\Windows\\System32\\WindowsPowerShell\\v1.0\\powershell.exe\r\n\tEngineVersion=5.1.19041.1237\r\n\tRunspaceId=d94c9947-fce3-4f7e-9a49-18ff6724f22b\r\n\tPipelineId=30\r\n\tScriptName=\r\n\tCommandLine=","CommandInvocation(PSConsoleHostReadLine): \"PSConsoleHostReadLine\"\r\n"]},"Binary":null}}}
{"Event_attributes":{"xmlns":"http://schemas.microsoft.com/win/2004/08/events/event"},"Event":{"System":{"Provider_attributes":{"Name":"Microsoft-Windows-PowerShell","Guid":"A0C1853B-5C40-4B15-8766-3CF1C58F985A"},"EventID":4103,"Version":1,"Level":4,"Task":106,"Opcode":20,"Keywords":"0x0","TimeCreated_attributes":{"SystemTime":"2021-10-06T09:34:52.339524Z"},"EventRecordID":1328833,"Correlation_attributes":{"ActivityID":"82305249-B6DD-0000-9933-4E82DDB6D701"},"Execution_attributes":{"ProcessID":1636,"ThreadID":9868},"Channel":"Microsoft-Windows-PowerShell/Operational","Computer":"win10-02.offsec.lan","Security_attributes":{"UserID":"S-1-5-21-4230534742-2542757381-3142984815-1111"}},"EventData":{"ContextInfo":"        Severity = Informational\r\n        Host Name = ConsoleHost\r\n        Host Version = 5.1.19041.1237\r\n        Host ID = cd8cafb9-7c03-4e5e-9d54-914780550df1\r\n        Host Application = C:\\Windows\\System32\\WindowsPowerShell\\v1.0\\powershell.exe\r\n        Engine Version = 5.1.19041.1237\r\n        Runspace ID = d94c9947-fce3-4f7e-9a49-18ff6724f22b\r\n        Pipeline ID = 30\r\n        Command Name = PSConsoleHostReadLine\r\n        Command Type = Function\r\n        Script Name = \r\n        Command Path = \r\n        Sequence Number = 368\r\n        User = OFFSEC\\admmig\r\n        Connected User = \r\n        Shell ID = Microsoft.PowerShell\r\n","UserData":"","Payload":"CommandInvocation(PSConsoleHostReadLine): \"PSConsoleHostReadLine\"\r\n"}}}
