{"Event_attributes":{"xmlns":"http://schemas.microsoft.com/win/2004/08/events/event"},"Event":{"System":{"Provider_attributes":{"Name":"PowerShell"},"EventID_attributes":{"Qualifiers":0},"EventID":800,"Version":0,"Level":4,"Task":8,"Opcode":0,"Keywords":"0x80000000000000","TimeCreated_attributes":{"SystemTime":"2021-10-06T09:34:50.483306Z"},"EventRecordID":1161742,"Correlation":null,"Execution_attributes":{"ProcessID":0,"ThreadID":0},"Channel":"Windows PowerShell","Computer":"win10-02.offsec.lan","Security":null},"EventData":{"Data":{"#text":["","\tDetailSequence=1\r\n\tDetailTotal=1\r\n\r\n\tSequenceNumber=247\r\n\r\n\tUserId=OFFSEC\\admmig\r\n\tHostName=ConsoleHost\r\n\tHostVersion=5.1.19041.1237\r\n\tHostId=cd8cafb9-7c03-4e5e-9d54-914780550df1\r\n\tHostApplication=C:\\Windows\\System32\\WindowsPowerShell\\v1.0\\powershell.exe\r\n\tEngineVersion=5.1.19041.1237\r\n\tRunspaceId=d94c9947-fce3-4f7e-9a49-18ff6724f22b\r\n\tPipelineId=18\r\n\tScriptName=\r\n\tCommandLine=","CommandInvocation(PSConsoleHostReadLine): \"PSConsoleHostReadLine\"\r\n"]},"Binary":null}}}
{"Event_attributes":{"xmlns":"http://schemas.microsoft.com/win/2004/08/events/event"},"Event":{"System":{"Provider_attributes":{"Name":"Microsoft-Windows-PowerShell","Guid":"A0C1853B-5C40-4B15-8766-3CF1C58F985A"},"EventID":4103,"Version":1,"Level":4,"Task":106,"Opcode":20,"Keywords":"0x0","TimeCreated_attributes":{"SystemTime":"2021-10-06T09:34:50.487323Z"},"EventRecordID":1328809,"Correlation_attributes":{"ActivityID":"82305249-B6DD-0001-9D83-4D82DDB6D701"},"Execution_attributes":{"ProcessID":1636,"ThreadID":9868},"Channel":"Microsoft-Windows-PowerShell/Operational","Computer":"win10-02.offsec.lan","Security_attributes":{"UserID":"S-1-5-21-4230534742-2542757381-3142984815-1111"}},"EventData":{"ContextInfo":"        Severity = Informational\r\n        Host Name = ConsoleHost\r\n        Host Version = 5.1.19041.1237\r\n        Host ID = cd8cafb9-7c03-4e5e-9d54-914780550df1\r\n        Host Application = C:\\Windows\\System32\\WindowsPowerShell\\v1.0\\powershell.exe\r\n        Engine Version = 5.1.19041.1237\r\n        Runspace ID = d94c9947-fce3-4f7e-9a49-18ff6724f22b\r\n        Pipeline ID = 18\r\n        Command Name = PSConsoleHostReadLine\r\n        Command Type = Function\r\n        Script Name = \r\n        Command Path = \r\n        Sequence Number = 248\r\n        User = OFFSEC\\admmig\r\n        Connected User = \r\n        Shell ID = Microsoft.PowerShell\r\n","UserData":"","Payload":"CommandInvocation(PSConsoleHostReadLine): \"PSConsoleHostReadLine\"\r\n"}}}
{"Event_attributes":{"xmlns":"http://schemas.microsoft.com/win/2004/08/events/event"},"Event":{"System":{"Provider_attributes":{"Name":"Microsoft-Windows-PowerShell","Guid":"A0C1853B-5C40-4B15-8766-3CF1C58F985A"},"EventID":4104,"Version":1,"Level":5,"Task":2,"Opcode":15,"Keywords":"0x0","TimeCreated_attributes":{"SystemTime":"2021-10-06T09:34:50.513271Z"},"EventRecordID":1328810,"Correlation_attributes":{"ActivityID":"82305249-B6DD-0001-2AD4-4D82DDB6D701"},"Execution_attributes":{"ProcessID":1636,"ThreadID":9868},"Channel":"Microsoft-Windows-PowerShell/Operational","Computer":"win10-02.offsec.lan","Security_attributes":{"UserID":"S-1-5-21-4230534742-2542757381-3142984815-1111"}},"EventData":{"MessageNumber":1,"MessageTotal":1,"ScriptBlockText":"Set-MpPreference -DisableRealtimeMonitoring $true","ScriptBlockId":"f455ad08-4885-470d-8365-0469205fe153","Path":""}}}
{"Event_attributes":{"xmlns":"http://schemas.microsoft.com/win/2004/08/events/event"},"Event":{"System":{"Provider_attributes":{"Name":"PowerShell"},"EventID_attributes":{"Qualifiers":0},"EventID":800,"Version":0,"Level":4,"Task":8,"Opcode":0,"Keywords":"0x80000000000000","TimeCreated_attributes":{"SystemTime":"2021-10-06T09:34:50.780183Z"},"EventRecordID":1161743,"Correlation":null,"Execution_attributes":{"ProcessID":0,"ThreadID":0},"Channel":"Windows PowerShell","Computer":"win10-02.offsec.lan","Security":null},"EventData":{"Data":{"#text":["Set-MpPreference -DisableRealtimeMonitoring $true","\tDetailSequence=1\r\n\tDetailTotal=1\r\n\r\n\tSequenceNumber=255\r\n\r\n\tUserId=OFFSEC\\admmig\r\n\tHostName=ConsoleHost\r\n\tHostVersion=5.1.19041.1237\r\n\tHostId=cd8cafb9-7c03-4e5e-9d54-914780550df1\r\n\tHostApplication=C:\\Windows\\System32\\WindowsPowerShell\\v1.0\\powershell.exe\r\n\tEngineVersion=5.1.19041.1237\r\n\tRunspaceId=d94c9947-fce3-4f7e-9a49-18ff6724f22b\r\n\tPipelineId=19\r\n\tScriptName=\r\n\tCommandLine=Set-MpPreference -DisableRealtimeMonitoring $true","CommandInvocation(Set-MpPreference): \"Set-MpPreference\"\r\nParameterBinding(Set-MpPreference): name=\"DisableRealtimeMonitoring\"; value=\"True\"\r\nParameterBinding(Set-MpPreference): name=\"QuarantinePurgeItemsAfterDelay\"; value=\"0\"\r\nParameterBinding(Set-MpPreference): name=\"ReportingAdditionalActionTimeOut\"; value=\"0\"\r\nParameterBinding(Set-MpPreference): name=\"ReportingCriticalFailureTimeOut\"; value=\"0\"\r\nParameterBinding(Set-MpPreference): name=\"ReportingNonCriticalTimeOut\"; value=\"0\"\r\nParameterBinding(Set-MpPreference): name=\"ScanAvgCPULoadFactor\"; value=\"0\"\r\nParameterBinding(Set-MpPreference): name=\"CheckForSignaturesBeforeRunningScan\"; value=\"False\"\r\nParameterBinding(Set-MpPreference): name=\"ScanPurgeItemsAfterDelay\"; value=\"0\"\r\nParameterBinding(Set-MpPreference): name=\"ScanOnlyIfIdleEnabled\"; value=\"False\"\r\nParameterBinding(Set-MpPreference): name=\"ThrottleForScheduledScanOnly\"; value=\"False\"\r\nParameterBinding(Set-MpPreference): name=\"SignatureFirstAuGracePeriod\"; value=\"0\"\r\nParameterBinding(Set-MpPreference): name=\"SignatureAuGracePeriod\"; value=\"0\"\r\nParameterBinding(Set-MpPreference): name=\"SignatureDefinitionUpdateFileSharesSources\"; value=\"\"\r\nParameterBinding(Set-MpPreference): name=\"SignatureDisableUpdateOnStartupWithoutEngine\"; value=\"False\"\r\nParameterBinding(Set-MpPreference): name=\"SignatureFallbackOrder\"; value=\"\"\r\nParameterBinding(Set-MpPreference): name=\"SharedSignaturesPath\"; value=\"\"\r\nParameterBinding(Set-MpPreference): name=\"SignatureUpdateCatchupInterval\"; value=\"0\"\r\nParameterBinding(Set-MpPreference): name=\"SignatureUpdateInterval\"; value=\"0\"\r\nParameterBinding(Set-MpPreference): name=\"SignatureBlobUpdateInterval\"; value=\"0\"\r\nParameterBinding(Set-MpPreference): name=\"SignatureBlobFileSharesSources\"; value=\"\"\r\nParameterBinding(Set-MpPreference): name=\"MeteredConnectionUpdates\"; value=\"False\"\r\nParameterBinding(Set-MpPreference): name=\"AllowNetworkProtectionOnWinServer\"; value=\"False\"\r\nParameterBinding(Set-MpPreference): name=\"DisableDatagramProcessing\"; value=\"False\"\r\nParameterBinding(Set-MpPreference): name=\"DisableCpuThrottleOnIdleScans\"; value=\"False\"\r\nParameterBinding(Set-MpPreference): name=\"DisableAutoExclusions\"; value=\"False\"\r\nParameterBinding(Set-MpPreference): name=\"DisablePrivacyMode\"; value=\"False\"\r\nParameterBinding(Set-MpPreference): name=\"RandomizeScheduleTaskTimes\"; value=\"False\"\r\nParameterBinding(Set-MpPreference): name=\"SchedulerRandomizationTime\"; value=\"0\"\r\nParameterBinding(Set-MpPreference): name=\"DisableBehaviorMonitoring\"; value=\"False\"\r\nParameterBinding(Set-MpPreference): name=\"DisableIntrusionPreventionSystem\"; value=\"False\"\r\nParameterBinding(Set-MpPreference): name=\"DisableIOAVProtection\"; value=\"False\"\r\nParameterBinding(Set-MpPreference): name=\"DisableScriptScanning\"; value=\"False\"\r\nParameterBinding(Set-MpPreference): name=\"DisableArchiveScanning\"; value=\"False\"\r\nParameterBinding(Set-MpPreference): name=\"DisableCatchupFullScan\"; value=\"False\"\r\nParameterBinding(Set-MpPreference): name=\"DisableCatchupQuickScan\"; value=\"False\"\r\nParameterBinding(Set-MpPreference): name=\"DisableEmailScanning\"; value=\"False\"\r\nParameterBinding(Set-MpPreference): name=\"DisableRemovableDriveScanning\"; value=\"False\"\r\nParameterBinding(Set-MpPreference): name=\"DisableRestorePoint\"; value=\"False\"\r\nParameterBinding(Set-MpPreference): name=\"DisableScanningMappedNetworkDrivesForFullScan\"; value=\"False\"\r\nParameterBinding(Set-MpPreference): name=\"DisableScanningNetworkFiles\"; value=\"False\"\r\nParameterBinding(Set-MpPreference): name=\"UILockdown\"; value=\"False\"\r\nParameterBinding(Set-MpPreference): name=\"Force\"; value=\"False\"\r\nParameterBinding(Set-MpPreference): name=\"DisableBlockAtFirstSeen\"; value=\"False\"\r\nParameterBinding(Set-MpPreference): name=\"CloudExtendedTimeout\"; value=\"0\"\r\nParameterBinding(Set-MpPreference): name=\"EnableLowCpuPriority\"; value=\"False\"\r\nParameterBinding(Set-MpPreference): name=\"EnableFileHashComputation\"; value=\"False\"\r\nParameterBinding(Set-MpPreference): name=\"EnableFullScanOnBatteryPower\"; value=\"False\"\r\nParameterBinding(Set-MpPreference): name=\"ProxyPacUrl\"; value=\"\"\r\nParameterBinding(Set-MpPreference): name=\"ProxyServer\"; value=\"\"\r\nParameterBinding(Set-MpPreference): name=\"ForceUseProxyOnly\"; value=\"False\"\r\nParameterBinding(Set-MpPreference): name=\"DisableTlsParsing\"; value=\"False\"\r\nParameterBinding(Set-MpPreference): name=\"DisableHttpParsing\"; value=\"False\"\r\nParameterBinding(Set-MpPreference): name=\"DisableDnsParsing\"; value=\"False\"\r\nParameterBinding(Set-MpPreference): name=\"DisableDnsOverTcpParsing\"; value=\"False\"\r\nParameterBinding(Set-MpPreference): name=\"DisableSshParsing\"; value=\"False\"\r\nParameterBinding(Set-MpPreference): name=\"DisableGradualRelease\"; value=\"False\"\r\nParameterBinding(Set-MpPreference): name=\"AllowNetworkProtectionDownLevel\"; value=\"False\"\r\nParameterBinding(Set-MpPreference): name=\"AllowDatagramProcessingOnWinServer\"; value=\"False\"\r\nParameterBinding(Set-MpPreference): name=\"EnableDnsSinkhole\"; value=\"False\"\r\nParameterBinding(Set-MpPreference): name=\"DisableInboundConnectionFiltering\"; value=\"False\"\r\nParameterBinding(Set-MpPreference): name=\"DisableRdpParsing\"; value=\"False\"\r\nParameterBinding(Set-MpPreference): name=\"DisableNetworkProtectionPerfTelemetry\"; value=\"False\"\r\nParameterBinding(Set-MpPreference): name=\"TrustLabelProtectionStatus\"; value=\"0\"\r\nParameterBinding(Set-MpPreference): name=\"ThrottleLimit\"; value=\"0\"\r\nParameterBinding(Set-MpPreference): name=\"AsJob\"; value=\"False\"\r\n"]},"Binary":null}}}
{"Event_attributes":{"xmlns":"http://schemas.microsoft.com/win/2004/08/events/event"},"Event":{"System":{"Provider_attributes":{"Name":"PowerShell"},"EventID_attributes":{"Qualifiers":0},"EventID":800,"Version":0,"Level":4,"Task":8,"Opcode":0,"Keywords":"0x80000000000000","TimeCreated_attributes":{"SystemTime":"2021-10-06T09:34:50.780183Z"},"EventRecordID":1161744,"Correlation":null,"Execution_attributes":{"ProcessID":0,"ThreadID":0},"Channel":"Windows PowerShell","Computer":"win10-02.offsec.lan","Security":null},"EventData":{"Data":{"#text":["","\tDetailSequence=1\r\n\tDetailTotal=1\r\n\r\n\tSequenceNumber=259\r\n\r\n\tUserId=OFFSEC\\admmig\r\n\tHostName=ConsoleHost\r\n\tHostVersion=5.1.19041.1237\r\n\tHostId=cd8cafb9-7c03-4e5e-9d54-914780550df1\r\n\tHostApplication=C:\\Windows\\System32\\WindowsPowerShell\\v1.0\\powershell.exe\r\n\tEngineVersion=5.1.19041.1237\r\n\tRunspaceId=d94c9947-fce3-4f7e-9a49-18ff6724f22b\r\n\tPipelineId=19\r\n\tScriptName=\r\n\tCommandLine=","CommandInvocation(Out-Default): \"Out-Default\"\r\n"]},"Binary":null}}}
{"Event_attributes":{"xmlns":"http://schemas.microsoft.com/win/2004/08/events/event"},"Event":{"System":{"Provider_attributes":{"Name":"Microsoft-Windows-PowerShell","Guid":"A0C1853B-5C40-4B15-8766-3CF1C58F985A"},"EventID":4103,"Version":1,"Level":4,"Task":106,"Opcode":20,"Keywords":"0x0","TimeCreated_attributes":{"SystemTime":"2021-10-06T09:34:50.787594Z"},"EventRecordID":1328811,"Correlation_attributes":{"ActivityID":"82305249-B6DD-0001-2BD4-4D82DDB6D701"},"Execution_attributes":{"ProcessID":1636,"ThreadID":9868},"Channel":"Microsoft-Windows-PowerShell/Operational","Computer":"win10-02.offsec.lan","Security_attributes":{"UserID":"S-1-5-21-4230534742-2542757381-3142984815-1111"}},"EventData":{"ContextInfo":"        Severity = Informational\r\n        Host Name = ConsoleHost\r\n        Host Version = 5.1.19041.1237\r\n        Host ID = cd8cafb9-7c03-4e5e-9d54-914780550df1\r\n        Host Application = C:\\Windows\\System32\\WindowsPowerShell\\v1.0\\powershell.exe\r\n        Engine Version = 5.1.19041.1237\r\n        Runspace ID = d94c9947-fce3-4f7e-9a49-18ff6724f22b\r\n        Pipeline ID = 19\r\n        Command Name = Set-MpPreference\r\n        Command Type = Function\r\n        Script Name = \r\n        Command Path = \r\n        Sequence Number = 256\r\n        User = OFFSEC\\admmig\r\n        Connected User = \r\n        Shell ID = Microsoft.PowerShell\r\n","UserData":"","Payload":"CommandInvocation(Set-MpPreference): \"Set-MpPreference\"\r\nParameterBinding(Set-MpPreference): name=\"DisableRealtimeMonitoring\"; value=\"True\"\r\nParameterBinding(Set-MpPreference): name=\"QuarantinePurgeItemsAfterDelay\"; value=\"0\"\r\nParameterBinding(Set-MpPreference): name=\"ReportingAdditionalActionTimeOut\"; value=\"0\"\r\nParameterBinding(Set-MpPreference): name=\"ReportingCriticalFailureTimeOut\"; value=\"0\"\r\nParameterBinding(Set-MpPreference): name=\"ReportingNonCriticalTimeOut\"; value=\"0\"\r\nParameterBinding(Set-MpPreference): name=\"ScanAvgCPULoadFactor\"; value=\"0\"\r\nParameterBinding(Set-MpPreference): name=\"CheckForSignaturesBeforeRunningScan\"; value=\"False\"\r\nParameterBinding(Set-MpPreference): name=\"ScanPurgeItemsAfterDelay\"; value=\"0\"\r\nParameterBinding(Set-MpPreference): name=\"ScanOnlyIfIdleEnabled\"; value=\"False\"\r\nParameterBinding(Set-MpPreference): name=\"ThrottleForScheduledScanOnly\"; value=\"False\"\r\nParameterBinding(Set-MpPreference): name=\"SignatureFirstAuGracePeriod\"; value=\"0\"\r\nParameterBinding(Set-MpPreference): name=\"SignatureAuGracePeriod\"; value=\"0\"\r\nParameterBinding(Set-MpPreference): name=\"SignatureDefinitionUpdateFileSharesSources\"; value=\"\"\r\nParameterBinding(Set-MpPreference): name=\"SignatureDisableUpdateOnStartupWithoutEngine\"; value=\"False\"\r\nParameterBinding(Set-MpPreference): name=\"SignatureFallbackOrder\"; value=\"\"\r\nParameterBinding(Set-MpPreference): name=\"SharedSignaturesPath\"; value=\"\"\r\nParameterBinding(Set-MpPreference): name=\"SignatureUpdateCatchupInterval\"; value=\"0\"\r\nParameterBinding(Set-MpPreference): name=\"SignatureUpdateInterval\"; value=\"0\"\r\nParameterBinding(Set-MpPreference): name=\"SignatureBlobUpdateInterval\"; value=\"0\"\r\nParameterBinding(Set-MpPreference): name=\"SignatureBlobFileSharesSources\"; value=\"\"\r\nParameterBinding(Set-MpPreference): name=\"MeteredConnectionUpdates\"; value=\"False\"\r\nParameterBinding(Set-MpPreference): name=\"AllowNetworkProtectionOnWinServer\"; value=\"False\"\r\nParameterBinding(Set-MpPreference): name=\"DisableDatagramProcessing\"; value=\"False\"\r\nParameterBinding(Set-MpPreference): name=\"DisableCpuThrottleOnIdleScans\"; value=\"False\"\r\nParameterBinding(Set-MpPreference): name=\"DisableAutoExclusions\"; value=\"False\"\r\nParameterBinding(Set-MpPreference): name=\"DisablePrivacyMode\"; value=\"False\"\r\nParameterBinding(Set-MpPreference): name=\"RandomizeScheduleTaskTimes\"; value=\"False\"\r\nParameterBinding(Set-MpPreference): name=\"SchedulerRandomizationTime\"; value=\"0\"\r\nParameterBinding(Set-MpPreference): name=\"DisableBehaviorMonitoring\"; value=\"False\"\r\nParameterBinding(Set-MpPreference): name=\"DisableIntrusionPreventionSystem\"; value=\"False\"\r\nParameterBinding(Set-MpPreference): name=\"DisableIOAVProtection\"; value=\"False\"\r\nParameterBinding(Set-MpPreference): name=\"DisableScriptScanning\"; value=\"False\"\r\nParameterBinding(Set-MpPreference): name=\"DisableArchiveScanning\"; value=\"False\"\r\nParameterBinding(Set-MpPreference): name=\"DisableCatchupFullScan\"; value=\"False\"\r\nParameterBinding(Set-MpPreference): name=\"DisableCatchupQuickScan\"; value=\"False\"\r\nParameterBinding(Set-MpPreference): name=\"DisableEmailScanning\"; value=\"False\"\r\nParameterBinding(Set-MpPreference): name=\"DisableRemovableDriveScanning\"; value=\"False\"\r\nParameterBinding(Set-MpPreference): name=\"DisableRestorePoint\"; value=\"False\"\r\nParameterBinding(Set-MpPreference): name=\"DisableScanningMappedNetworkDrivesForFullScan\"; value=\"False\"\r\nParameterBinding(Set-MpPreference): name=\"DisableScanningNetworkFiles\"; value=\"False\"\r\nParameterBinding(Set-MpPreference): name=\"UILockdown\"; value=\"False\"\r\nParameterBinding(Set-MpPreference): name=\"Force\"; value=\"False\"\r\nParameterBinding(Set-MpPreference): name=\"DisableBlockAtFirstSeen\"; value=\"False\"\r\nParameterBinding(Set-MpPreference): name=\"CloudExtendedTimeout\"; value=\"0\"\r\nParameterBinding(Set-MpPreference): name=\"EnableLowCpuPriority\"; value=\"False\"\r\nParameterBinding(Set-MpPreference): name=\"EnableFileHashComputation\"; value=\"False\"\r\nParameterBinding(Set-MpPreference): name=\"EnableFullScanOnBatteryPower\"; value=\"False\"\r\nParameterBinding(Set-MpPreference): name=\"ProxyPacUrl\"; value=\"\"\r\nParameterBinding(Set-MpPreference): name=\"ProxyServer\"; value=\"\"\r\nParameterBinding(Set-MpPreference): name=\"ForceUseProxyOnly\"; value=\"False\"\r\nParameterBinding(Set-MpPreference): name=\"DisableTlsParsing\"; value=\"False\"\r\nParameterBinding(Set-MpPreference): name=\"DisableHttpParsing\"; value=\"False\"\r\nParameterBinding(Set-MpPreference): name=\"DisableDnsParsing\"; value=\"False\"\r\nParameterBinding(Set-MpPreference): name=\"DisableDnsOverTcpParsing\"; value=\"False\"\r\nParameterBinding(Set-MpPreference): name=\"DisableSshParsing\"; value=\"False\"\r\nParameterBinding(Set-MpPreference): name=\"DisableGradualRelease\"; value=\"False\"\r\nParameterBinding(Set-MpPreference): name=\"AllowNetworkProtectionDownLevel\"; value=\"False\"\r\nParameterBinding(Set-MpPreference): name=\"AllowDatagramProcessingOnWinServer\"; value=\"False\"\r\nParameterBinding(Set-MpPreference): name=\"EnableDnsSinkhole\"; value=\"False\"\r\nParameterBinding(Set-MpPreference): name=\"DisableInboundConnectionFiltering\"; value=\"False\"\r\nParameterBinding(Set-MpPreference): name=\"DisableRdpParsing\"; value=\"False\"\r\nParameterBinding(Set-MpPreference): name=\"DisableNetworkProtectionPerfTelemetry\"; value=\"False\"\r\nParameterBinding(Set-MpPreference): name=\"TrustLabelProtectionStatus\"; value=\"0\"\r\nParameterBinding(Set-MpPreference): name=\"ThrottleLimit\"; value=\"0\"\r\nParameterBinding(Set-MpPreference): name=\"AsJob\"; value=\"False\"\r\n"}}}
{"Event_attributes":{"xmlns":"http://schemas.microsoft.com/win/2004/08/events/event"},"Event":{"System":{"Provider_attributes":{"Name":"Microsoft-Windows-PowerShell","Guid":"A0C1853B-5C40-4B15-8766-3CF1C58F985A"},"EventID":4103,"Version":1,"Level":4,"Task":106,"Opcode":20,"Keywords":"0x0","TimeCreated_attributes":{"SystemTime":"2021-10-06T09:34:50.788433Z"},"EventRecordID":1328812,"Correlation_attributes":{"ActivityID":"82305249-B6DD-0001-2AD4-4D82DDB6D701"},"Execution_attributes":{"ProcessID":1636,"ThreadID":9868},"Channel":"Microsoft-Windows-PowerShell/Operational","Computer":"win10-02.offsec.lan","Security_attributes":{"UserID":"S-1-5-21-4230534742-2542757381-3142984815-1111"}},"EventData":{"ContextInfo":"        Severity = Informational\r\n        Host Name = ConsoleHost\r\n        Host Version = 5.1.19041.1237\r\n        Host ID = cd8cafb9-7c03-4e5e-9d54-914780550df1\r\n        Host Application = C:\\Windows\\System32\\WindowsPowerShell\\v1.0\\powershell.exe\r\n        Engine Version = 5.1.19041.1237\r\n        Runspace ID = d94c9947-fce3-4f7e-9a49-18ff6724f22b\r\n        Pipeline ID = 19\r\n        Command Name = \r\n        Command Type = Script\r\n        Script Name = \r\n        Command Path = \r\n        Sequence Number = 260\r\n        User = OFFSEC\\admmig\r\n        Connected User = \r\n        Shell ID = Microsoft.PowerShell\r\n","UserData":"","Payload":"CommandInvocation(Out-Default): \"Out-Default\"\r\n"}}}
{"Event_attributes":{"xmlns":"http://schemas.microsoft.com/win/2004/08/events/event"},"Event":{"System":{"Provider_attributes":{"Name":"Microsoft-Windows-PowerShell","Guid":"A0C1853B-5C40-4B15-8766-3CF1C58F985A"},"EventID":4104,"Version":1,"Level":5,"Task":2,"Opcode":15,"Keywords":"0x0","TimeCreated_attributes":{"SystemTime":"2021-10-06T09:34:50.794948Z"},"EventRecordID":1328813,"Correlation_attributes":{"ActivityID":"82305249-B6DD-0001-2FD4-4D82DDB6D701"},"Execution_attributes":{"ProcessID":1636,"ThreadID":9868},"Channel":"Microsoft-Windows-PowerShell/Operational","Computer":"win10-02.offsec.lan","Security_attributes":{"UserID":"S-1-5-21-4230534742-2542757381-3142984815-1111"}},"EventData":{"MessageNumber":1,"MessageTotal":1,"ScriptBlockText":"prompt","ScriptBlockId":"700669ca-cfcd-4306-a228-c206e460acb5","Path":""}}}
{"Event_attributes":{"xmlns":"http://schemas.microsoft.com/win/2004/08/events/event"},"Event":{"System":{"Provider_attributes":{"Name":"PowerShell"},"EventID_attributes":{"Qualifiers":0},"EventID":800,"Version":0,"Level":4,"Task":8,"Opcode":0,"Keywords":"0x80000000000000","TimeCreated_attributes":{"SystemTime":"2021-10-06T09:34:50.795810Z"},"EventRecordID":1161745,"Correlation":null,"Execution_attributes":{"ProcessID":0,"ThreadID":0},"Channel":"Windows PowerShell","Computer":"win10-02.offsec.lan","Security":null},"EventData":{"Data":{"#text":["    Microsoft.PowerShell.Core\\Set-StrictMode -Off\n","\tDetailSequence=1\r\n\tDetailTotal=1\r\n\r\n\tSequenceNumber=274\r\n\r\n\tUserId=OFFSEC\\admmig\r\n\tHostName=ConsoleHost\r\n\tHostVersion=5.1.19041.1237\r\n\tHostId=cd8cafb9-7c03-4e5e-9d54-914780550df1\r\n\tHostApplication=C:\\Windows\\System32\\WindowsPowerShell\\v1.0\\powershell.exe\r\n\tEngineVersion=5.1.19041.1237\r\n\tRunspaceId=d94c9947-fce3-4f7e-9a49-18ff6724f22b\r\n\tPipelineId=21\r\n\tScriptName=C:\\Program Files\\WindowsPowerShell\\Modules\\PSReadline\\2.0.0\\PSReadLine.psm1\r\n\tCommandLine=    Microsoft.PowerShell.Core\\Set-StrictMode -Off\n","CommandInvocation(Set-StrictMode): \"Set-StrictMode\"\r\nParameterBinding(Set-StrictMode): name=\"Off\"; value=\"True\"\r\n"]},"Binary":null}}}
{"Event_attributes":{"xmlns":"http://schemas.microsoft.com/win/2004/08/events/event"},"Event":{"System":{"Provider_attributes":{"Name":"PowerShell"},"EventID_attributes":{"Qualifiers":0},"EventID":800,"Version":0,"Level":4,"Task":8,"Opcode":0,"Keywords":"0x80000000000000","TimeCreated_attributes":{"SystemTime":"2021-10-06T09:34:50.795810Z"},"EventRecordID":1161746,"Correlation":null,"Execution_attributes":{"ProcessID":0,"ThreadID":0},"Channel":"Windows PowerShell","Computer":"win10-02.offsec.lan","Security":null},"EventData":{"Data":{"#text":["","\tDetailSequence=1\r\n\tDetailTotal=1\r\n\r\n\tSequenceNumber=277\r\n\r\n\tUserId=OFFSEC\\admmig\r\n\tHostName=ConsoleHost\r\n\tHostVersion=5.1.19041.1237\r\n\tHostId=cd8cafb9-7c03-4e5e-9d54-914780550df1\r\n\tHostApplication=C:\\Windows\\System32\\WindowsPowerShell\\v1.0\\powershell.exe\r\n\tEngineVersion=5.1.19041.1237\r\n\tRunspaceId=d94c9947-fce3-4f7e-9a49-18ff6724f22b\r\n\tPipelineId=21\r\n\tScriptName=\r\n\tCommandLine=","CommandInvocation(PSConsoleHostReadLine): \"PSConsoleHostReadLine\"\r\n"]},"Binary":null}}}
{"Event_attributes":{"xmlns":"http://schemas.microsoft.com/win/2004/08/events/event"},"Event":{"System":{"Provider_attributes":{"Name":"Microsoft-Windows-PowerShell","Guid":"A0C1853B-5C40-4B15-8766-3CF1C58F985A"},"EventID":4103,"Version":1,"Level":4,"Task":106,"Opcode":20,"Keywords":"0x0","TimeCreated_attributes":{"SystemTime":"2021-10-06T09:34:50.797734Z"},"EventRecordID":1328814,"Correlation_attributes":{"ActivityID":"82305249-B6DD-0000-4F33-4E82DDB6D701"},"Execution_attributes":{"ProcessID":1636,"ThreadID":9868},"Channel":"Microsoft-Windows-PowerShell/Operational","Computer":"win10-02.offsec.lan","Security_attributes":{"UserID":"S-1-5-21-4230534742-2542757381-3142984815-1111"}},"EventData":{"ContextInfo":"        Severity = Informational\r\n        Host Name = ConsoleHost\r\n        Host Version = 5.1.19041.1237\r\n        Host ID = cd8cafb9-7c03-4e5e-9d54-914780550df1\r\n        Host Application = C:\\Windows\\System32\\WindowsPowerShell\\v1.0\\powershell.exe\r\n        Engine Version = 5.1.19041.1237\r\n        Runspace ID = d94c9947-fce3-4f7e-9a49-18ff6724f22b\r\n        Pipeline ID = 21\r\n        Command Name = Set-StrictMode\r\n        Command Type = Cmdlet\r\n        Script Name = C:\\Program Files\\WindowsPowerShell\\Modules\\PSReadline\\2.0.0\\PSReadLine.psm1\r\n        Command Path = \r\n        Sequence Number = 275\r\n        User = OFFSEC\\admmig\r\n        Connected User = \r\n        Shell ID = Microsoft.PowerShell\r\n","UserData":"","Payload":"CommandInvocation(Set-StrictMode): \"Set-StrictMode\"\r\nParameterBinding(Set-StrictMode): name=\"Off\"; value=\"True\"\r\n"}}}
{"Event_attributes":{"xmlns":"http://schemas.microsoft.com/win/2004/08/events/event"},"Event":{"System":{"Provider_attributes":{"Name":"Microsoft-Windows-PowerShell","Guid":"A0C1853B-5C40-4B15-8766-3CF1C58F985A"},"EventID":4103,"Version":1,"Level":4,"Task":106,"Opcode":20,"Keywords":"0x0","TimeCreated_attributes":{"SystemTime":"2021-10-06T09:34:50.805163Z"},"EventRecordID":1328815,"Correlation_attributes":{"ActivityID":"82305249-B6DD-0000-4E33-4E82DDB6D701"},"Execution_attributes":{"ProcessID":1636,"ThreadID":9868},"Channel":"Microsoft-Windows-PowerShell/Operational","Computer":"win10-02.offsec.lan","Security_attributes":{"UserID":"S-1-5-21-4230534742-2542757381-3142984815-1111"}},"EventData":{"ContextInfo":"        Severity = Informational\r\n        Host Name = ConsoleHost\r\n        Host Version = 5.1.19041.1237\r\n        Host ID = cd8cafb9-7c03-4e5e-9d54-914780550df1\r\n        Host Application = C:\\Windows\\System32\\WindowsPowerShell\\v1.0\\powershell.exe\r\n        Engine Version = 5.1.19041.1237\r\n        Runspace ID = d94c9947-fce3-4f7e-9a49-18ff6724f22b\r\n        Pipeline ID = 21\r\n        Command Name = PSConsoleHostReadLine\r\n        Command Type = Function\r\n        Script Name = \r\n        Command Path = \r\n        Sequence Number = 278\r\n        User = OFFSEC\\admmig\r\n        Connected User = \r\n        Shell ID = Microsoft.PowerShell\r\n","UserData":"","Payload":"CommandInvocation(PSConsoleHostReadLine): \"PSConsoleHostReadLine\"\r\n"}}}
{"Event_attributes":{"xmlns":"http://schemas.microsoft.com/win/2004/08/events/event"},"Event":{"System":{"Provider_attributes":{"Name":"Microsoft-Windows-PowerShell","Guid":"A0C1853B-5C40-4B15-8766-3CF1C58F985A"},"EventID":4104,"Version":1,"Level":5,"Task":2,"Opcode":15,"Keywords":"0x0","TimeCreated_attributes":{"SystemTime":"2021-10-06T09:34:50.881222Z"},"EventRecordID":1328816,"Correlation_attributes":{"ActivityID":"82305249-B6DD-0001-47D4-4D82DDB6D701"},"Execution_attributes":{"ProcessID":1636,"ThreadID":9868},"Channel":"Microsoft-Windows-PowerShell/Operational","Computer":"win10-02.offsec.lan","Security_attributes":{"UserID":"S-1-5-21-4230534742-2542757381-3142984815-1111"}},"EventData":{"MessageNumber":1,"MessageTotal":1,"ScriptBlockText":"Set-MpPreference -DisableIOAVProtection $true","ScriptBlockId":"df8e876c-abd8-42f1-b7c6-e26e8f74c221","Path":""}}}
{"Event_attributes":{"xmlns":"http://schemas.microsoft.com/win/2004/08/events/event"},"Event":{"System":{"Provider_attributes":{"Name":"PowerShell"},"EventID_attributes":{"Qualifiers":0},"EventID":800,"Version":0,"Level":4,"Task":8,"Opcode":0,"Keywords":"0x80000000000000","TimeCreated_attributes":{"SystemTime":"2021-10-06T09:34:50.952045Z"},"EventRecordID":1161747,"Correlation":null,"Execution_attributes":{"ProcessID":0,"ThreadID":0},"Channel":"Windows PowerShell","Computer":"win10-02.offsec.lan","Security":null},"EventData":{"Data":{"#text":["Set-MpPreference -DisableIOAVProtection $true","\tDetailSequence=1\r\n\tDetailTotal=1\r\n\r\n\tSequenceNumber=285\r\n\r\n\tUserId=OFFSEC\\admmig\r\n\tHostName=ConsoleHost\r\n\tHostVersion=5.1.19041.1237\r\n\tHostId=cd8cafb9-7c03-4e5e-9d54-914780550df1\r\n\tHostApplication=C:\\Windows\\System32\\WindowsPowerShell\\v1.0\\powershell.exe\r\n\tEngineVersion=5.1.19041.1237\r\n\tRunspaceId=d94c9947-fce3-4f7e-9a49-18ff6724f22b\r\n\tPipelineId=22\r\n\tScriptName=\r\n\tCommandLine=Set-MpPreference -DisableIOAVProtection $true","CommandInvocation(Set-MpPreference): \"Set-MpPreference\"\r\nParameterBinding(Set-MpPreference): name=\"DisableIOAVProtection\"; value=\"True\"\r\nParameterBinding(Set-MpPreference): name=\"QuarantinePurgeItemsAfterDelay\"; value=\"0\"\r\nParameterBinding(Set-MpPreference): name=\"ReportingAdditionalActionTimeOut\"; value=\"0\"\r\nParameterBinding(Set-MpPreference): name=\"ReportingCriticalFailureTimeOut\"; value=\"0\"\r\nParameterBinding(Set-MpPreference): name=\"ReportingNonCriticalTimeOut\"; value=\"0\"\r\nParameterBinding(Set-MpPreference): name=\"ScanAvgCPULoadFactor\"; value=\"0\"\r\nParameterBinding(Set-MpPreference): name=\"CheckForSignaturesBeforeRunningScan\"; value=\"False\"\r\nParameterBinding(Set-MpPreference): name=\"ScanPurgeItemsAfterDelay\"; value=\"0\"\r\nParameterBinding(Set-MpPreference): name=\"ScanOnlyIfIdleEnabled\"; value=\"False\"\r\nParameterBinding(Set-MpPreference): name=\"ThrottleForScheduledScanOnly\"; value=\"False\"\r\nParameterBinding(Set-MpPreference): name=\"SignatureFirstAuGracePeriod\"; value=\"0\"\r\nParameterBinding(Set-MpPreference): name=\"SignatureAuGracePeriod\"; value=\"0\"\r\nParameterBinding(Set-MpPreference): name=\"SignatureDefinitionUpdateFileSharesSources\"; value=\"\"\r\nParameterBinding(Set-MpPreference): name=\"SignatureDisableUpdateOnStartupWithoutEngine\"; value=\"False\"\r\nParameterBinding(Set-MpPreference): name=\"SignatureFallbackOrder\"; value=\"\"\r\nParameterBinding(Set-MpPreference): name=\"SharedSignaturesPath\"; value=\"\"\r\nParameterBinding(Set-MpPreference): name=\"SignatureUpdateCatchupInterval\"; value=\"0\"\r\nParameterBinding(Set-MpPreference): name=\"SignatureUpdateInterval\"; value=\"0\"\r\nParameterBinding(Set-MpPreference): name=\"SignatureBlobUpdateInterval\"; value=\"0\"\r\nParameterBinding(Set-MpPreference): name=\"SignatureBlobFileSharesSources\"; value=\"\"\r\nParameterBinding(Set-MpPreference): name=\"MeteredConnectionUpdates\"; value=\"False\"\r\nParameterBinding(Set-MpPreference): name=\"AllowNetworkProtectionOnWinServer\"; value=\"False\"\r\nParameterBinding(Set-MpPreference): name=\"DisableDatagramProcessing\"; value=\"False\"\r\nParameterBinding(Set-MpPreference): name=\"DisableCpuThrottleOnIdleScans\"; value=\"False\"\r\nParameterBinding(Set-MpPreference): name=\"DisableAutoExclusions\"; value=\"False\"\r\nParameterBinding(Set-MpPreference): name=\"DisablePrivacyMode\"; value=\"False\"\r\nParameterBinding(Set-MpPreference): name=\"RandomizeScheduleTaskTimes\"; value=\"False\"\r\nParameterBinding(Set-MpPreference): name=\"SchedulerRandomizationTime\"; value=\"0\"\r\nParameterBinding(Set-MpPreference): name=\"DisableBehaviorMonitoring\"; value=\"False\"\r\nParameterBinding(Set-MpPreference): name=\"DisableIntrusionPreventionSystem\"; value=\"False\"\r\nParameterBinding(Set-MpPreference): name=\"DisableRealtimeMonitoring\"; value=\"False\"\r\nParameterBinding(Set-MpPreference): name=\"DisableScriptScanning\"; value=\"False\"\r\nParameterBinding(Set-MpPreference): name=\"DisableArchiveScanning\"; value=\"False\"\r\nParameterBinding(Set-MpPreference): name=\"DisableCatchupFullScan\"; value=\"False\"\r\nParameterBinding(Set-MpPreference): name=\"DisableCatchupQuickScan\"; value=\"False\"\r\nParameterBinding(Set-MpPreference): name=\"DisableEmailScanning\"; value=\"False\"\r\nParameterBinding(Set-MpPreference): name=\"DisableRemovableDriveScanning\"; value=\"False\"\r\nParameterBinding(Set-MpPreference): name=\"DisableRestorePoint\"; value=\"False\"\r\nParameterBinding(Set-MpPreference): name=\"DisableScanningMappedNetworkDrivesForFullScan\"; value=\"False\"\r\nParameterBinding(Set-MpPreference): name=\"DisableScanningNetworkFiles\"; value=\"False\"\r\nParameterBinding(Set-MpPreference): name=\"UILockdown\"; value=\"False\"\r\nParameterBinding(Set-MpPreference): name=\"Force\"; value=\"False\"\r\nParameterBinding(Set-MpPreference): name=\"DisableBlockAtFirstSeen\"; value=\"False\"\r\nParameterBinding(Set-MpPreference): name=\"CloudExtendedTimeout\"; value=\"0\"\r\nParameterBinding(Set-MpPreference): name=\"EnableLowCpuPriority\"; value=\"False\"\r\nParameterBinding(Set-MpPreference): name=\"EnableFileHashComputation\"; value=\"False\"\r\nParameterBinding(Set-MpPreference): name=\"EnableFullScanOnBatteryPower\"; value=\"False\"\r\nParameterBinding(Set-MpPreference): name=\"ProxyPacUrl\"; value=\"\"\r\nParameterBinding(Set-MpPreference): name=\"ProxyServer\"; value=\"\"\r\nParameterBinding(Set-MpPreference): name=\"ForceUseProxyOnly\"; value=\"False\"\r\nParameterBinding(Set-MpPreference): name=\"DisableTlsParsing\"; value=\"False\"\r\nParameterBinding(Set-MpPreference): name=\"DisableHttpParsing\"; value=\"False\"\r\nParameterBinding(Set-MpPreference): name=\"DisableDnsParsing\"; value=\"False\"\r\nParameterBinding(Set-MpPreference): name=\"DisableDnsOverTcpParsing\"; value=\"False\"\r\nParameterBinding(Set-MpPreference): name=\"DisableSshParsing\"; value=\"False\"\r\nParameterBinding(Set-MpPreference): name=\"DisableGradualRelease\"; value=\"False\"\r\nParameterBinding(Set-MpPreference): name=\"AllowNetworkProtectionDownLevel\"; value=\"False\"\r\nParameterBinding(Set-MpPreference): name=\"AllowDatagramProcessingOnWinServer\"; value=\"False\"\r\nParameterBinding(Set-MpPreference): name=\"EnableDnsSinkhole\"; value=\"False\"\r\nParameterBinding(Set-MpPreference): name=\"DisableInboundConnectionFiltering\"; value=\"False\"\r\nParameterBinding(Set-MpPreference): name=\"DisableRdpParsing\"; value=\"False\"\r\nParameterBinding(Set-MpPreference): name=\"DisableNetworkProtectionPerfTelemetry\"; value=\"False\"\r\nParameterBinding(Set-MpPreference): name=\"TrustLabelProtectionStatus\"; value=\"0\"\r\nParameterBinding(Set-MpPreference): name=\"ThrottleLimit\"; value=\"0\"\r\nParameterBinding(Set-MpPreference): name=\"AsJob\"; value=\"False\"\r\n"]},"Binary":null}}}
{"Event_attributes":{"xmlns":"http://schemas.microsoft.com/win/2004/08/events/event"},"Event":{"System":{"Provider_attributes":{"Name":"PowerShell"},"EventID_attributes":{"Qualifiers":0},"EventID":800,"Version":0,"Level":4,"Task":8,"Opcode":0,"Keywords":"0x80000000000000","TimeCreated_attributes":{"SystemTime":"2021-10-06T09:34:50.952045Z"},"EventRecordID":1161748,"Correlation":null,"Execution_attributes":{"ProcessID":0,"ThreadID":0},"Channel":"Windows PowerShell","Computer":"win10-02.offsec.lan","Security":null},"EventData":{"Data":{"#text":["","\tDetailSequence=1\r\n\tDetailTotal=1\r\n\r\n\tSequenceNumber=289\r\n\r\n\tUserId=OFFSEC\\admmig\r\n\tHostName=ConsoleHost\r\n\tHostVersion=5.1.19041.1237\r\n\tHostId=cd8cafb9-7c03-4e5e-9d54-914780550df1\r\n\tHostApplication=C:\\Windows\\System32\\WindowsPowerShell\\v1.0\\powershell.exe\r\n\tEngineVersion=5.1.19041.1237\r\n\tRunspaceId=d94c9947-fce3-4f7e-9a49-18ff6724f22b\r\n\tPipelineId=22\r\n\tScriptName=\r\n\tCommandLine=","CommandInvocation(Out-Default): \"Out-Default\"\r\n"]},"Binary":null}}}
{"Event_attributes":{"xmlns":"http://schemas.microsoft.com/win/2004/08/events/event"},"Event":{"System":{"Provider_attributes":{"Name":"Microsoft-Windows-PowerShell","Guid":"A0C1853B-5C40-4B15-8766-3CF1C58F985A"},"EventID":4103,"Version":1,"Level":4,"Task":106,"Opcode":20,"Keywords":"0x0","TimeCreated_attributes":{"SystemTime":"2021-10-06T09:34:50.962365Z"},"EventRecordID":1328817,"Correlation_attributes":{"ActivityID":"82305249-B6DD-0001-48D4-4D82DDB6D701"},"Execution_attributes":{"ProcessID":1636,"ThreadID":9868},"Channel":"Microsoft-Windows-PowerShell/Operational","Computer":"win10-02.offsec.lan","Security_attributes":{"UserID":"S-1-5-21-4230534742-2542757381-3142984815-1111"}},"EventData":{"ContextInfo":"        Severity = Informational\r\n        Host Name = ConsoleHost\r\n        Host Version = 5.1.19041.1237\r\n        Host ID = cd8cafb9-7c03-4e5e-9d54-914780550df1\r\n        Host Application = C:\\Windows\\System32\\WindowsPowerShell\\v1.0\\powershell.exe\r\n        Engine Version = 5.1.19041.1237\r\n        Runspace ID = d94c9947-fce3-4f7e-9a49-18ff6724f22b\r\n        Pipeline ID = 22\r\n        Command Name = Set-MpPreference\r\n        Command Type = Function\r\n        Script Name = \r\n        Command Path = \r\n        Sequence Number = 286\r\n        User = OFFSEC\\admmig\r\n        Connected User = \r\n        Shell ID = Microsoft.PowerShell\r\n","UserData":"","Payload":"CommandInvocation(Set-MpPreference): \"Set-MpPreference\"\r\nParameterBinding(Set-MpPreference): name=\"DisableIOAVProtection\"; value=\"True\"\r\nParameterBinding(Set-MpPreference): name=\"QuarantinePurgeItemsAfterDelay\"; value=\"0\"\r\nParameterBinding(Set-MpPreference): name=\"ReportingAdditionalActionTimeOut\"; value=\"0\"\r\nParameterBinding(Set-MpPreference): name=\"ReportingCriticalFailureTimeOut\"; value=\"0\"\r\nParameterBinding(Set-MpPreference): name=\"ReportingNonCriticalTimeOut\"; value=\"0\"\r\nParameterBinding(Set-MpPreference): name=\"ScanAvgCPULoadFactor\"; value=\"0\"\r\nParameterBinding(Set-MpPreference): name=\"CheckForSignaturesBeforeRunningScan\"; value=\"False\"\r\nParameterBinding(Set-MpPreference): name=\"ScanPurgeItemsAfterDelay\"; value=\"0\"\r\nParameterBinding(Set-MpPreference): name=\"ScanOnlyIfIdleEnabled\"; value=\"False\"\r\nParameterBinding(Set-MpPreference): name=\"ThrottleForScheduledScanOnly\"; value=\"False\"\r\nParameterBinding(Set-MpPreference): name=\"SignatureFirstAuGracePeriod\"; value=\"0\"\r\nParameterBinding(Set-MpPreference): name=\"SignatureAuGracePeriod\"; value=\"0\"\r\nParameterBinding(Set-MpPreference): name=\"SignatureDefinitionUpdateFileSharesSources\"; value=\"\"\r\nParameterBinding(Set-MpPreference): name=\"SignatureDisableUpdateOnStartupWithoutEngine\"; value=\"False\"\r\nParameterBinding(Set-MpPreference): name=\"SignatureFallbackOrder\"; value=\"\"\r\nParameterBinding(Set-MpPreference): name=\"SharedSignaturesPath\"; value=\"\"\r\nParameterBinding(Set-MpPreference): name=\"SignatureUpdateCatchupInterval\"; value=\"0\"\r\nParameterBinding(Set-MpPreference): name=\"SignatureUpdateInterval\"; value=\"0\"\r\nParameterBinding(Set-MpPreference): name=\"SignatureBlobUpdateInterval\"; value=\"0\"\r\nParameterBinding(Set-MpPreference): name=\"SignatureBlobFileSharesSources\"; value=\"\"\r\nParameterBinding(Set-MpPreference): name=\"MeteredConnectionUpdates\"; value=\"False\"\r\nParameterBinding(Set-MpPreference): name=\"AllowNetworkProtectionOnWinServer\"; value=\"False\"\r\nParameterBinding(Set-MpPreference): name=\"DisableDatagramProcessing\"; value=\"False\"\r\nParameterBinding(Set-MpPreference): name=\"DisableCpuThrottleOnIdleScans\"; value=\"False\"\r\nParameterBinding(Set-MpPreference): name=\"DisableAutoExclusions\"; value=\"False\"\r\nParameterBinding(Set-MpPreference): name=\"DisablePrivacyMode\"; value=\"False\"\r\nParameterBinding(Set-MpPreference): name=\"RandomizeScheduleTaskTimes\"; value=\"False\"\r\nParameterBinding(Set-MpPreference): name=\"SchedulerRandomizationTime\"; value=\"0\"\r\nParameterBinding(Set-MpPreference): name=\"DisableBehaviorMonitoring\"; value=\"False\"\r\nParameterBinding(Set-MpPreference): name=\"DisableIntrusionPreventionSystem\"; value=\"False\"\r\nParameterBinding(Set-MpPreference): name=\"DisableRealtimeMonitoring\"; value=\"False\"\r\nParameterBinding(Set-MpPreference): name=\"DisableScriptScanning\"; value=\"False\"\r\nParameterBinding(Set-MpPreference): name=\"DisableArchiveScanning\"; value=\"False\"\r\nParameterBinding(Set-MpPreference): name=\"DisableCatchupFullScan\"; value=\"False\"\r\nParameterBinding(Set-MpPreference): name=\"DisableCatchupQuickScan\"; value=\"False\"\r\nParameterBinding(Set-MpPreference): name=\"DisableEmailScanning\"; value=\"False\"\r\nParameterBinding(Set-MpPreference): name=\"DisableRemovableDriveScanning\"; value=\"False\"\r\nParameterBinding(Set-MpPreference): name=\"DisableRestorePoint\"; value=\"False\"\r\nParameterBinding(Set-MpPreference): name=\"DisableScanningMappedNetworkDrivesForFullScan\"; value=\"False\"\r\nParameterBinding(Set-MpPreference): name=\"DisableScanningNetworkFiles\"; value=\"False\"\r\nParameterBinding(Set-MpPreference): name=\"UILockdown\"; value=\"False\"\r\nParameterBinding(Set-MpPreference): name=\"Force\"; value=\"False\"\r\nParameterBinding(Set-MpPreference): name=\"DisableBlockAtFirstSeen\"; value=\"False\"\r\nParameterBinding(Set-MpPreference): name=\"CloudExtendedTimeout\"; value=\"0\"\r\nParameterBinding(Set-MpPreference): name=\"EnableLowCpuPriority\"; value=\"False\"\r\nParameterBinding(Set-MpPreference): name=\"EnableFileHashComputation\"; value=\"False\"\r\nParameterBinding(Set-MpPreference): name=\"EnableFullScanOnBatteryPower\"; value=\"False\"\r\nParameterBinding(Set-MpPreference): name=\"ProxyPacUrl\"; value=\"\"\r\nParameterBinding(Set-MpPreference): name=\"ProxyServer\"; value=\"\"\r\nParameterBinding(Set-MpPreference): name=\"ForceUseProxyOnly\"; value=\"False\"\r\nParameterBinding(Set-MpPreference): name=\"DisableTlsParsing\"; value=\"False\"\r\nParameterBinding(Set-MpPreference): name=\"DisableHttpParsing\"; value=\"False\"\r\nParameterBinding(Set-MpPreference): name=\"DisableDnsParsing\"; value=\"False\"\r\nParameterBinding(Set-MpPreference): name=\"DisableDnsOverTcpParsing\"; value=\"False\"\r\nParameterBinding(Set-MpPreference): name=\"DisableSshParsing\"; value=\"False\"\r\nParameterBinding(Set-MpPreference): name=\"DisableGradualRelease\"; value=\"False\"\r\nParameterBinding(Set-MpPreference): name=\"AllowNetworkProtectionDownLevel\"; value=\"False\"\r\nParameterBinding(Set-MpPreference): name=\"AllowDatagramProcessingOnWinServer\"; value=\"False\"\r\nParameterBinding(Set-MpPreference): name=\"EnableDnsSinkhole\"; value=\"False\"\r\nParameterBinding(Set-MpPreference): name=\"DisableInboundConnectionFiltering\"; value=\"False\"\r\nParameterBinding(Set-MpPreference): name=\"DisableRdpParsing\"; value=\"False\"\r\nParameterBinding(Set-MpPreference): name=\"DisableNetworkProtectionPerfTelemetry\"; value=\"False\"\r\nParameterBinding(Set-MpPreference): name=\"TrustLabelProtectionStatus\"; value=\"0\"\r\nParameterBinding(Set-MpPreference): name=\"ThrottleLimit\"; value=\"0\"\r\nParameterBinding(Set-MpPreference): name=\"AsJob\"; value=\"False\"\r\n"}}}
{"Event_attributes":{"xmlns":"http://schemas.microsoft.com/win/2004/08/events/event"},"Event":{"System":{"Provider_attributes":{"Name":"Microsoft-Windows-PowerShell","Guid":"A0C1853B-5C40-4B15-8766-3CF1C58F985A"},"EventID":4103,"Version":1,"Level":4,"Task":106,"Opcode":20,"Keywords":"0x0","TimeCreated_attributes":{"SystemTime":"2021-10-06T09:34:50.962770Z"},"EventRecordID":1328818,"Correlation_attributes":{"ActivityID":"82305249-B6DD-0001-47D4-4D82DDB6D701"},"Execution_attributes":{"ProcessID":1636,"ThreadID":9868},"Channel":"Microsoft-Windows-PowerShell/Operational","Computer":"win10-02.offsec.lan","Security_attributes":{"UserID":"S-1-5-21-4230534742-2542757381-3142984815-1111"}},"EventData":{"ContextInfo":"        Severity = Informational\r\n        Host Name = ConsoleHost\r\n        Host Version = 5.1.19041.1237\r\n        Host ID = cd8cafb9-7c03-4e5e-9d54-914780550df1\r\n        Host Application = C:\\Windows\\System32\\WindowsPowerShell\\v1.0\\powershell.exe\r\n        Engine Version = 5.1.19041.1237\r\n        Runspace ID = d94c9947-fce3-4f7e-9a49-18ff6724f22b\r\n        Pipeline ID = 22\r\n        Command Name = \r\n        Command Type = Script\r\n        Script Name = \r\n        Command Path = \r\n        Sequence Number = 290\r\n        User = OFFSEC\\admmig\r\n        Connected User = \r\n        Shell ID = Microsoft.PowerShell\r\n","UserData":"","Payload":"CommandInvocation(Out-Default): \"Out-Default\"\r\n"}}}
{"Event_attributes":{"xmlns":"http://schemas.microsoft.com/win/2004/08/events/event"},"Event":{"System":{"Provider_attributes":{"Name":"PowerShell"},"EventID_attributes":{"Qualifiers":0},"EventID":800,"Version":0,"Level":4,"Task":8,"Opcode":0,"Keywords":"0x80000000000000","TimeCreated_attributes":{"SystemTime":"2021-10-06T09:34:50.983301Z"},"EventRecordID":1161749,"Correlation":null,"Execution_attributes":{"ProcessID":0,"ThreadID":0},"Channel":"Windows PowerShell","Computer":"win10-02.offsec.lan","Security":null},"EventData":{"Data":{"#text":["    Microsoft.PowerShell.Core\\Set-StrictMode -Off\n","\tDetailSequence=1\r\n\tDetailTotal=1\r\n\r\n\tSequenceNumber=304\r\n\r\n\tUserId=OFFSEC\\admmig\r\n\tHostName=ConsoleHost\r\n\tHostVersion=5.1.19041.1237\r\n\tHostId=cd8cafb9-7c03-4e5e-9d54-914780550df1\r\n\tHostApplication=C:\\Windows\\System32\\WindowsPowerShell\\v1.0\\powershell.exe\r\n\tEngineVersion=5.1.19041.1237\r\n\tRunspaceId=d94c9947-fce3-4f7e-9a49-18ff6724f22b\r\n\tPipelineId=24\r\n\tScriptName=C:\\Program Files\\WindowsPowerShell\\Modules\\PSReadline\\2.0.0\\PSReadLine.psm1\r\n\tCommandLine=    Microsoft.PowerShell.Core\\Set-StrictMode -Off\n","CommandInvocation(Set-StrictMode): \"Set-StrictMode\"\r\nParameterBinding(Set-StrictMode): name=\"Off\"; value=\"True\"\r\n"]},"Binary":null}}}
{"Event_attributes":{"xmlns":"http://schemas.microsoft.com/win/2004/08/events/event"},"Event":{"System":{"Provider_attributes":{"Name":"PowerShell"},"EventID_attributes":{"Qualifiers":0},"EventID":800,"Version":0,"Level":4,"Task":8,"Opcode":0,"Keywords":"0x80000000000000","TimeCreated_attributes":{"SystemTime":"2021-10-06T09:34:50.983301Z"},"EventRecordID":1161750,"Correlation":null,"Execution_attributes":{"ProcessID":0,"ThreadID":0},"Channel":"Windows PowerShell","Computer":"win10-02.offsec.lan","Security":null},"EventData":{"Data":{"#text":["","\tDetailSequence=1\r\n\tDetailTotal=1\r\n\r\n\tSequenceNumber=307\r\n\r\n\tUserId=OFFSEC\\admmig\r\n\tHostName=ConsoleHost\r\n\tHostVersion=5.1.19041.1237\r\n\tHostId=cd8cafb9-7c03-4e5e-9d54-914780550df1\r\n\tHostApplication=C:\\Windows\\System32\\WindowsPowerShell\\v1.0\\powershell.exe\r\n\tEngineVersion=5.1.19041.1237\r\n\tRunspaceId=d94c9947-fce3-4f7e-9a49-18ff6724f22b\r\n\tPipelineId=24\r\n\tScriptName=\r\n\tCommandLine=","CommandInvocation(PSConsoleHostReadLine): \"PSConsoleHostReadLine\"\r\n"]},"Binary":null}}}
{"Event_attributes":{"xmlns":"http://schemas.microsoft.com/win/2004/08/events/event"},"Event":{"System":{"Provider_attributes":{"Name":"Microsoft-Windows-PowerShell","Guid":"A0C1853B-5C40-4B15-8766-3CF1C58F985A"},"EventID":4104,"Version":1,"Level":5,"Task":2,"Opcode":15,"Keywords":"0x0","TimeCreated_attributes":{"SystemTime":"2021-10-06T09:34:50.986724Z"},"EventRecordID":1328819,"Correlation_attributes":{"ActivityID":"82305249-B6DD-0001-4CD4-4D82DDB6D701"},"Execution_attributes":{"ProcessID":1636,"ThreadID":9868},"Channel":"Microsoft-Windows-PowerShell/Operational","Computer":"win10-02.offsec.lan","Security_attributes":{"UserID":"S-1-5-21-4230534742-2542757381-3142984815-1111"}},"EventData":{"MessageNumber":1,"MessageTotal":1,"ScriptBlockText":"prompt","ScriptBlockId":"db4ba932-ba26-46eb-8246-09ca1ec25ad1","Path":""}}}
{"Event_attributes":{"xmlns":"http://schemas.microsoft.com/win/2004/08/events/event"},"Event":{"System":{"Provider_attributes":{"Name":"Microsoft-Windows-PowerShell","Guid":"A0C1853B-5C40-4B15-8766-3CF1C58F985A"},"EventID":4103,"Version":1,"Level":4,"Task":106,"Opcode":20,"Keywords":"0x0","TimeCreated_attributes":{"SystemTime":"2021-10-06T09:34:50.989648Z"},"EventRecordID":1328820,"Correlation_attributes":{"ActivityID":"82305249-B6DD-0000-6933-4E82DDB6D701"},"Execution_attributes":{"ProcessID":1636,"ThreadID":9868},"Channel":"Microsoft-Windows-PowerShell/Operational","Computer":"win10-02.offsec.lan","Security_attributes":{"UserID":"S-1-5-21-4230534742-2542757381-3142984815-1111"}},"EventData":{"ContextInfo":"        Severity = Informational\r\n        Host Name = ConsoleHost\r\n        Host Version = 5.1.19041.1237\r\n        Host ID = cd8cafb9-7c03-4e5e-9d54-914780550df1\r\n        Host Application = C:\\Windows\\System32\\WindowsPowerShell\\v1.0\\powershell.exe\r\n        Engine Version = 5.1.19041.1237\r\n        Runspace ID = d94c9947-fce3-4f7e-9a49-18ff6724f22b\r\n        Pipeline ID = 24\r\n        Command Name = Set-StrictMode\r\n        Command Type = Cmdlet\r\n        Script Name = C:\\Program Files\\WindowsPowerShell\\Modules\\PSReadline\\2.0.0\\PSReadLine.psm1\r\n        Command Path = \r\n        Sequence Number = 305\r\n        User = OFFSEC\\admmig\r\n        Connected User = \r\n        Shell ID = Microsoft.PowerShell\r\n","UserData":"","Payload":"CommandInvocation(Set-StrictMode): \"Set-StrictMode\"\r\nParameterBinding(Set-StrictMode): name=\"Off\"; value=\"True\"\r\n"}}}
