{"Event_attributes":{"xmlns":"http://schemas.microsoft.com/win/2004/08/events/event"},"Event":{"System":{"Provider_attributes":{"Name":"MsiInstaller"},"EventID_attributes":{"Qualifiers":0},"EventID":1040,"Level":4,"Task":0,"Keywords":"0x80000000000000","TimeCreated_attributes":{"SystemTime":"2019-03-19T13:05:42.000000Z"},"EventRecordID":2513,"Channel":"Application","Computer":"User-PC","Security_attributes":{"UserID":"S-1-5-18"}},"EventData":{"Data":{"#text":["C:\\Program Files\\Google\\Update\\1.3.33.23\\GoogleUpdateHelper.msi","2128","(NULL)","(NULL)","(NULL)","(NULL)",""]},"Binary":null}}}
{"Event_attributes":{"xmlns":"http://schemas.microsoft.com/win/2004/08/events/event"},"Event":{"System":{"Provider_attributes":{"Name":"MsiInstaller"},"EventID_attributes":{"Qualifiers":0},"EventID":1042,"Level":4,"Task":0,"Keywords":"0x80000000000000","TimeCreated_attributes":{"SystemTime":"2019-03-19T13:05:42.000000Z"},"EventRecordID":2516,"Channel":"Application","Computer":"User-PC","Security_attributes":{"UserID":"S-1-5-18"}},"EventData":{"Data":{"#text":["C:\\Program Files\\Google\\Update\\1.3.33.23\\GoogleUpdateHelper.msi","2128","(NULL)","(NULL)","(NULL)","(NULL)",""]},"Binary":null}}}
{"Event_attributes":{"xmlns":"http://schemas.microsoft.com/win/2004/08/events/event"},"Event":{"System":{"Provider_attributes":{"Name":"MsiInstaller"},"EventID_attributes":{"Qualifiers":0},"EventID":1040,"Level":4,"Task":0,"Keywords":"0x80000000000000","TimeCreated_attributes":{"SystemTime":"2019-03-19T13:05:42.000000Z"},"EventRecordID":2517,"Channel":"Application","Computer":"User-PC","Security_attributes":{"UserID":"S-1-5-18"}},"EventData":{"Data":{"#text":["C:\\Program Files\\Google\\Update\\1.3.33.23\\GoogleUpdateHelper.msi","2128","(NULL)","(NULL)","(NULL)","(NULL)",""]},"Binary":null}}}
{"Event_attributes":{"xmlns":"http://schemas.microsoft.com/win/2004/08/events/event"},"Event":{"System":{"Provider_attributes":{"Name":"MsiInstaller"},"EventID_attributes":{"Qualifiers":0},"EventID":1042,"Level":4,"Task":0,"Keywords":"0x80000000000000","TimeCreated_attributes":{"SystemTime":"2019-03-19T13:05:44.000000Z"},"EventRecordID":2521,"Channel":"Application","Computer":"User-PC","Security_attributes":{"UserID":"S-1-5-18"}},"EventData":{"Data":{"#text":["C:\\Program Files\\Google\\Update\\1.3.33.23\\GoogleUpdateHelper.msi","2128","(NULL)","(NULL)","(NULL)","(NULL)",""]},"Binary":null}}}
{"Event_attributes":{"xmlns":"http://schemas.microsoft.com/win/2004/08/events/event"},"Event":{"System":{"Provider_attributes":{"Name":"Microsoft-Windows-Security-SPP","Guid":"{E23B33B0-C8C9-472C-A5F9-F2BDFEA0F156}","EventSourceName":"Software Protection Platform Service"},"EventID_attributes":{"Qualifiers":16384},"EventID":1040,"Version":0,"Level":4,"Task":0,"Opcode":0,"Keywords":"0x80000000000000","TimeCreated_attributes":{"SystemTime":"2019-03-23T18:35:40.000000Z"},"EventRecordID":2575,"Correlation":null,"Execution_attributes":{"ProcessID":0,"ThreadID":0},"Channel":"Application","Computer":"User-PC","Security":null},"EventData":{"Data":{"#text":["55c92734-d682-4d71-983e-d6ec3f16059f","e838d943-63ed-4a0b-9fb1-47152908acc9"]},"Binary":"580000000A002A0000000000020001000100000001000000010001000100E86146A99ED652C8FC4D1E07FD0A396A6C3A0D0001000101000201000301000401000500000601000700000801000901000A01000C01000000002A0000000000020001000100000001000000010001000100E86146A99ED652C8FC4D1E07FD0A396A02D6"}}}
{"Event_attributes":{"xmlns":"http://schemas.microsoft.com/win/2004/08/events/event"},"Event":{"System":{"Provider_attributes":{"Name":"MsiInstaller"},"EventID_attributes":{"Qualifiers":0},"EventID":1040,"Level":4,"Task":0,"Keywords":"0x80000000000000","TimeCreated_attributes":{"SystemTime":"2019-03-23T19:05:19.000000Z"},"EventRecordID":2584,"Channel":"Application","Computer":"User-PC","Security_attributes":{"UserID":"S-1-5-21-1302019708-1500728564-335382590-1000"}},"EventData":{"Data":{"#text":["C:\\aea047f5359231e30f22032205cba6\\netfx_Full_x86.msi","1724","(NULL)","(NULL)","(NULL)","(NULL)",""]},"Binary":null}}}
{"Event_attributes":{"xmlns":"http://schemas.microsoft.com/win/2004/08/events/event"},"Event":{"System":{"Provider_attributes":{"Name":"MsiInstaller"},"EventID_attributes":{"Qualifiers":0},"EventID":1042,"Level":4,"Task":0,"Keywords":"0x80000000000000","TimeCreated_attributes":{"SystemTime":"2019-03-23T19:07:20.000000Z"},"EventRecordID":2640,"Channel":"Application","Computer":"User-PC","Security_attributes":{"UserID":"S-1-5-18"}},"EventData":{"Data":{"#text":["C:\\aea047f5359231e30f22032205cba6\\netfx_Full_x86.msi","1724","(NULL)","(NULL)","(NULL)","(NULL)",""]},"Binary":null}}}
{"Event_attributes":{"xmlns":"http://schemas.microsoft.com/win/2004/08/events/event"},"Event":{"System":{"Provider_attributes":{"Name":"MsiInstaller"},"EventID_attributes":{"Qualifiers":0},"EventID":1040,"Level":4,"Task":0,"Keywords":"0x80000000000000","TimeCreated_attributes":{"SystemTime":"2019-03-23T19:08:03.000000Z"},"EventRecordID":2645,"Channel":"Application","Computer":"User-PC","Security_attributes":{"UserID":"S-1-5-18"}},"EventData":{"Data":{"#text":["C:\\Program Files\\Google\\Update\\1.3.34.7\\GoogleUpdateHelper.msi","2268","(NULL)","(NULL)","(NULL)","(NULL)",""]},"Binary":null}}}
{"Event_attributes":{"xmlns":"http://schemas.microsoft.com/win/2004/08/events/event"},"Event":{"System":{"Provider_attributes":{"Name":"MsiInstaller"},"EventID_attributes":{"Qualifiers":0},"EventID":1042,"Level":4,"Task":0,"Keywords":"0x80000000000000","TimeCreated_attributes":{"SystemTime":"2019-03-23T19:08:03.000000Z"},"EventRecordID":2648,"Channel":"Application","Computer":"User-PC","Security_attributes":{"UserID":"S-1-5-18"}},"EventData":{"Data":{"#text":["C:\\Program Files\\Google\\Update\\1.3.34.7\\GoogleUpdateHelper.msi","2268","(NULL)","(NULL)","(NULL)","(NULL)",""]},"Binary":null}}}
{"Event_attributes":{"xmlns":"http://schemas.microsoft.com/win/2004/08/events/event"},"Event":{"System":{"Provider_attributes":{"Name":"MsiInstaller"},"EventID_attributes":{"Qualifiers":0},"EventID":1040,"Level":4,"Task":0,"Keywords":"0x80000000000000","TimeCreated_attributes":{"SystemTime":"2019-03-23T19:08:03.000000Z"},"EventRecordID":2649,"Channel":"Application","Computer":"User-PC","Security_attributes":{"UserID":"S-1-5-18"}},"EventData":{"Data":{"#text":["C:\\Program Files\\Google\\Update\\1.3.34.7\\GoogleUpdateHelper.msi","2268","(NULL)","(NULL)","(NULL)","(NULL)",""]},"Binary":null}}}
{"Event_attributes":{"xmlns":"http://schemas.microsoft.com/win/2004/08/events/event"},"Event":{"System":{"Provider_attributes":{"Name":"MsiInstaller"},"EventID_attributes":{"Qualifiers":0},"EventID":1042,"Level":4,"Task":0,"Keywords":"0x80000000000000","TimeCreated_attributes":{"SystemTime":"2019-03-23T19:08:03.000000Z"},"EventRecordID":2652,"Channel":"Application","Computer":"User-PC","Security_attributes":{"UserID":"S-1-5-18"}},"EventData":{"Data":{"#text":["C:\\Program Files\\Google\\Update\\1.3.34.7\\GoogleUpdateHelper.msi","2268","(NULL)","(NULL)","(NULL)","(NULL)",""]},"Binary":null}}}
{"Event_attributes":{"xmlns":"http://schemas.microsoft.com/win/2004/08/events/event"},"Event":{"System":{"Provider_attributes":{"Name":"MsiInstaller"},"EventID_attributes":{"Qualifiers":0},"EventID":1040,"Level":4,"Task":0,"Keywords":"0x80000000000000","TimeCreated_attributes":{"SystemTime":"2019-03-23T19:12:38.000000Z"},"EventRecordID":2692,"Channel":"Application","Computer":"User-PC","Security_attributes":{"UserID":"S-1-5-21-1302019708-1500728564-335382590-1000"}},"EventData":{"Data":{"#text":["C:\\ProgramData\\Package Cache\\{19F7E289-17B8-44EC-A099-927507B6F739}v14.21.27702\\packages\\vcRuntimeMinimum_x86\\vc_runtimeMinimum_x86.msi","1004","(NULL)","(NULL)","(NULL)","(NULL)",""]},"Binary":null}}}
{"Event_attributes":{"xmlns":"http://schemas.microsoft.com/win/2004/08/events/event"},"Event":{"System":{"Provider_attributes":{"Name":"MsiInstaller"},"EventID_attributes":{"Qualifiers":0},"EventID":1042,"Level":4,"Task":0,"Keywords":"0x80000000000000","TimeCreated_attributes":{"SystemTime":"2019-03-23T19:12:39.000000Z"},"EventRecordID":2696,"Channel":"Application","Computer":"User-PC","Security_attributes":{"UserID":"S-1-5-18"}},"EventData":{"Data":{"#text":["C:\\ProgramData\\Package Cache\\{19F7E289-17B8-44EC-A099-927507B6F739}v14.21.27702\\packages\\vcRuntimeMinimum_x86\\vc_runtimeMinimum_x86.msi","1004","(NULL)","(NULL)","(NULL)","(NULL)",""]},"Binary":null}}}
{"Event_attributes":{"xmlns":"http://schemas.microsoft.com/win/2004/08/events/event"},"Event":{"System":{"Provider_attributes":{"Name":"MsiInstaller"},"EventID_attributes":{"Qualifiers":0},"EventID":1040,"Level":4,"Task":0,"Keywords":"0x80000000000000","TimeCreated_attributes":{"SystemTime":"2019-03-23T19:12:39.000000Z"},"EventRecordID":2697,"Channel":"Application","Computer":"User-PC","Security_attributes":{"UserID":"S-1-5-21-1302019708-1500728564-335382590-1000"}},"EventData":{"Data":{"#text":["C:\\ProgramData\\Package Cache\\{213668DB-2263-4E2D-ABB8-487FD539130E}v14.21.27702\\packages\\vcRuntimeAdditional_x86\\vc_runtimeAdditional_x86.msi","1004","(NULL)","(NULL)","(NULL)","(NULL)",""]},"Binary":null}}}
{"Event_attributes":{"xmlns":"http://schemas.microsoft.com/win/2004/08/events/event"},"Event":{"System":{"Provider_attributes":{"Name":"MsiInstaller"},"EventID_attributes":{"Qualifiers":0},"EventID":1042,"Level":4,"Task":0,"Keywords":"0x80000000000000","TimeCreated_attributes":{"SystemTime":"2019-03-23T19:12:41.000000Z"},"EventRecordID":2705,"Channel":"Application","Computer":"User-PC","Security_attributes":{"UserID":"S-1-5-18"}},"EventData":{"Data":{"#text":["C:\\ProgramData\\Package Cache\\{213668DB-2263-4E2D-ABB8-487FD539130E}v14.21.27702\\packages\\vcRuntimeAdditional_x86\\vc_runtimeAdditional_x86.msi","1004","(NULL)","(NULL)","(NULL)","(NULL)",""]},"Binary":null}}}
{"Event_attributes":{"xmlns":"http://schemas.microsoft.com/win/2004/08/events/event"},"Event":{"System":{"Provider_attributes":{"Name":"MsiInstaller"},"EventID_attributes":{"Qualifiers":0},"EventID":1040,"Level":4,"Task":0,"Keywords":"0x80000000000000","TimeCreated_attributes":{"SystemTime":"2019-07-30T11:24:57.000000Z"},"EventRecordID":2782,"Channel":"Application","Computer":"User-PC","Security_attributes":{"UserID":"S-1-5-21-1302019708-1500728564-335382590-1000"}},"EventData":{"Data":{"#text":["C:\\Users\\Admin\\AppData\\Local\\Temp\\Qemu-ga.msi","1748","(NULL)","(NULL)","(NULL)","(NULL)",""]},"Binary":null}}}
{"Event_attributes":{"xmlns":"http://schemas.microsoft.com/win/2004/08/events/event"},"Event":{"System":{"Provider_attributes":{"Name":"MsiInstaller"},"EventID_attributes":{"Qualifiers":0},"EventID":1042,"Level":4,"Task":0,"Keywords":"0x80000000000000","TimeCreated_attributes":{"SystemTime":"2019-07-30T11:25:08.000000Z"},"EventRecordID":2786,"Channel":"Application","Computer":"User-PC","Security_attributes":{"UserID":"S-1-5-18"}},"EventData":{"Data":{"#text":["C:\\Users\\Admin\\AppData\\Local\\Temp\\Qemu-ga.msi","1748","(NULL)","(NULL)","(NULL)","(NULL)",""]},"Binary":null}}}
{"Event_attributes":{"xmlns":"http://schemas.microsoft.com/win/2004/08/events/event"},"Event":{"System":{"Provider_attributes":{"Name":"Microsoft-Windows-Security-SPP","Guid":"{E23B33B0-C8C9-472C-A5F9-F2BDFEA0F156}","EventSourceName":"Software Protection Platform Service"},"EventID_attributes":{"Qualifiers":16384},"EventID":1040,"Version":0,"Level":4,"Task":0,"Opcode":0,"Keywords":"0x80000000000000","TimeCreated_attributes":{"SystemTime":"2019-09-20T09:45:49.000000Z"},"EventRecordID":2848,"Correlation":null,"Execution_attributes":{"ProcessID":0,"ThreadID":0},"Channel":"Application","Computer":"User-PC","Security":null},"EventData":{"Data":{"#text":["55c92734-d682-4d71-983e-d6ec3f16059f","e838d943-63ed-4a0b-9fb1-47152908acc9"]},"Binary":"580000000A002A0000000000020001000100000001000000010001000100E86146A99ED652C8FC4D1E07FD0A396A02D60D0001000101000201000301000401000500000601000700000801000901000A01000C01000000002A0000000000020001000100000001000000010001000100E8616AFF9ED652C8FC4D1E07FD0A396A02D6"}}}
{"Event_attributes":{"xmlns":"http://schemas.microsoft.com/win/2004/08/events/event"},"Event":{"System":{"Provider_attributes":{"Name":"Office Software Protection Platform Service"},"EventID_attributes":{"Qualifiers":16384},"EventID":1040,"Level":4,"Task":0,"Keywords":"0x80000000000000","TimeCreated_attributes":{"SystemTime":"2019-09-20T09:47:43.000000Z"},"EventRecordID":2854,"Channel":"Application","Computer":"User-PC","Security":null},"EventData":{"Data":{"#text":["59a52881-a989-479d-af46-f275c6370663","8b559c37-0117-413e-921b-b853aeb6e210"]},"Binary":"580000000A002A0000000000020001000100000001000000010001000100E86146A99ED652C8FC4D1E07FD0A396A02D60D0001000101000201000301000401000500000601000700000801000901000A01000C01000000002A0000000000020001000100000001000000010001000100E8616AFF9ED652C8FC4D1E07FD0A396A02D6"}}}
{"Event_attributes":{"xmlns":"http://schemas.microsoft.com/win/2004/08/events/event"},"Event":{"System":{"Provider_attributes":{"Name":"Microsoft-Windows-Security-SPP","Guid":"{E23B33B0-C8C9-472C-A5F9-F2BDFEA0F156}","EventSourceName":"Software Protection Platform Service"},"EventID_attributes":{"Qualifiers":16384},"EventID":1040,"Version":0,"Level":4,"Task":0,"Opcode":0,"Keywords":"0x80000000000000","TimeCreated_attributes":{"SystemTime":"2019-09-23T09:04:21.000000Z"},"EventRecordID":2880,"Correlation":null,"Execution_attributes":{"ProcessID":0,"ThreadID":0},"Channel":"Application","Computer":"User-PC","Security":null},"EventData":{"Data":{"#text":["55c92734-d682-4d71-983e-d6ec3f16059f","e838d943-63ed-4a0b-9fb1-47152908acc9"]},"Binary":"580000000A002A0000000000020001000100000001000000010001000100E8616AFF9ED652C8FC4D1E07FD0A396A02D60D0001000101000201000301000401000500000601000700000801000901000A01000C01000000002A0000000000020001000100000001000000010001000100E86146A99ED652C8FC4D1E07FD0A396A02D6"}}}
{"Event_attributes":{"xmlns":"http://schemas.microsoft.com/win/2004/08/events/event"},"Event":{"System":{"Provider_attributes":{"Name":"MsiInstaller"},"EventID_attributes":{"Qualifiers":0},"EventID":1040,"Level":4,"Task":0,"Keywords":"0x80000000000000","TimeCreated_attributes":{"SystemTime":"2019-09-23T09:07:32.000000Z"},"EventRecordID":2886,"Channel":"Application","Computer":"User-PC","Security_attributes":{"UserID":"S-1-5-21-1302019708-1500728564-335382590-1000"}},"EventData":{"Data":{"#text":["C:\\MSOCache\\All Users\\{90140000-006E-0416-0000-0000000FF1CE}-C\\OfficeMUI.msi","556","(NULL)","(NULL)","(NULL)","(NULL)",""]},"Binary":null}}}
{"Event_attributes":{"xmlns":"http://schemas.microsoft.com/win/2004/08/events/event"},"Event":{"System":{"Provider_attributes":{"Name":"MsiInstaller"},"EventID_attributes":{"Qualifiers":0},"EventID":1042,"Level":4,"Task":0,"Keywords":"0x80000000000000","TimeCreated_attributes":{"SystemTime":"2019-09-23T09:07:38.000000Z"},"EventRecordID":2889,"Channel":"Application","Computer":"User-PC","Security_attributes":{"UserID":"S-1-5-18"}},"EventData":{"Data":{"#text":["C:\\MSOCache\\All Users\\{90140000-006E-0416-0000-0000000FF1CE}-C\\OfficeMUI.msi","556","(NULL)","(NULL)","(NULL)","(NULL)",""]},"Binary":null}}}
{"Event_attributes":{"xmlns":"http://schemas.microsoft.com/win/2004/08/events/event"},"Event":{"System":{"Provider_attributes":{"Name":"MsiInstaller"},"EventID_attributes":{"Qualifiers":0},"EventID":1040,"Level":4,"Task":0,"Keywords":"0x80000000000000","TimeCreated_attributes":{"SystemTime":"2019-09-23T09:07:38.000000Z"},"EventRecordID":2890,"Channel":"Application","Computer":"User-PC","Security_attributes":{"UserID":"S-1-5-21-1302019708-1500728564-335382590-1000"}},"EventData":{"Data":{"#text":["C:\\MSOCache\\All Users\\{90140000-0016-0416-0000-0000000FF1CE}-C\\ExcelMUI.msi","556","(NULL)","(NULL)","(NULL)","(NULL)",""]},"Binary":null}}}
{"Event_attributes":{"xmlns":"http://schemas.microsoft.com/win/2004/08/events/event"},"Event":{"System":{"Provider_attributes":{"Name":"MsiInstaller"},"EventID_attributes":{"Qualifiers":0},"EventID":1042,"Level":4,"Task":0,"Keywords":"0x80000000000000","TimeCreated_attributes":{"SystemTime":"2019-09-23T09:07:39.000000Z"},"EventRecordID":2893,"Channel":"Application","Computer":"User-PC","Security_attributes":{"UserID":"S-1-5-18"}},"EventData":{"Data":{"#text":["C:\\MSOCache\\All Users\\{90140000-0016-0416-0000-0000000FF1CE}-C\\ExcelMUI.msi","556","(NULL)","(NULL)","(NULL)","(NULL)",""]},"Binary":null}}}
{"Event_attributes":{"xmlns":"http://schemas.microsoft.com/win/2004/08/events/event"},"Event":{"System":{"Provider_attributes":{"Name":"MsiInstaller"},"EventID_attributes":{"Qualifiers":0},"EventID":1040,"Level":4,"Task":0,"Keywords":"0x80000000000000","TimeCreated_attributes":{"SystemTime":"2019-09-23T09:07:39.000000Z"},"EventRecordID":2894,"Channel":"Application","Computer":"User-PC","Security_attributes":{"UserID":"S-1-5-21-1302019708-1500728564-335382590-1000"}},"EventData":{"Data":{"#text":["C:\\MSOCache\\All Users\\{90140000-0017-0416-0000-0000000FF1CE}-C\\SharePointDesignerMUI.msi","556","(NULL)","(NULL)","(NULL)","(NULL)",""]},"Binary":null}}}
{"Event_attributes":{"xmlns":"http://schemas.microsoft.com/win/2004/08/events/event"},"Event":{"System":{"Provider_attributes":{"Name":"MsiInstaller"},"EventID_attributes":{"Qualifiers":0},"EventID":1042,"Level":4,"Task":0,"Keywords":"0x80000000000000","TimeCreated_attributes":{"SystemTime":"2019-09-23T09:07:42.000000Z"},"EventRecordID":2897,"Channel":"Application","Computer":"User-PC","Security_attributes":{"UserID":"S-1-5-18"}},"EventData":{"Data":{"#text":["C:\\MSOCache\\All Users\\{90140000-0017-0416-0000-0000000FF1CE}-C\\SharePointDesignerMUI.msi","556","(NULL)","(NULL)","(NULL)","(NULL)",""]},"Binary":null}}}
{"Event_attributes":{"xmlns":"http://schemas.microsoft.com/win/2004/08/events/event"},"Event":{"System":{"Provider_attributes":{"Name":"MsiInstaller"},"EventID_attributes":{"Qualifiers":0},"EventID":1040,"Level":4,"Task":0,"Keywords":"0x80000000000000","TimeCreated_attributes":{"SystemTime":"2019-09-23T09:07:45.000000Z"},"EventRecordID":2898,"Channel":"Application","Computer":"User-PC","Security_attributes":{"UserID":"S-1-5-21-1302019708-1500728564-335382590-1000"}},"EventData":{"Data":{"#text":["C:\\MSOCache\\All Users\\{90140000-0018-0416-0000-0000000FF1CE}-C\\PowerPointMUI.msi","556","(NULL)","(NULL)","(NULL)","(NULL)",""]},"Binary":null}}}
{"Event_attributes":{"xmlns":"http://schemas.microsoft.com/win/2004/08/events/event"},"Event":{"System":{"Provider_attributes":{"Name":"MsiInstaller"},"EventID_attributes":{"Qualifiers":0},"EventID":1042,"Level":4,"Task":0,"Keywords":"0x80000000000000","TimeCreated_attributes":{"SystemTime":"2019-09-23T09:07:46.000000Z"},"EventRecordID":2901,"Channel":"Application","Computer":"User-PC","Security_attributes":{"UserID":"S-1-5-18"}},"EventData":{"Data":{"#text":["C:\\MSOCache\\All Users\\{90140000-0018-0416-0000-0000000FF1CE}-C\\PowerPointMUI.msi","556","(NULL)","(NULL)","(NULL)","(NULL)",""]},"Binary":null}}}
{"Event_attributes":{"xmlns":"http://schemas.microsoft.com/win/2004/08/events/event"},"Event":{"System":{"Provider_attributes":{"Name":"MsiInstaller"},"EventID_attributes":{"Qualifiers":0},"EventID":1040,"Level":4,"Task":0,"Keywords":"0x80000000000000","TimeCreated_attributes":{"SystemTime":"2019-09-23T09:07:46.000000Z"},"EventRecordID":2902,"Channel":"Application","Computer":"User-PC","Security_attributes":{"UserID":"S-1-5-21-1302019708-1500728564-335382590-1000"}},"EventData":{"Data":{"#text":["C:\\MSOCache\\All Users\\{90140000-00BA-0416-0000-0000000FF1CE}-C\\GrooveMUI.msi","556","(NULL)","(NULL)","(NULL)","(NULL)",""]},"Binary":null}}}
{"Event_attributes":{"xmlns":"http://schemas.microsoft.com/win/2004/08/events/event"},"Event":{"System":{"Provider_attributes":{"Name":"MsiInstaller"},"EventID_attributes":{"Qualifiers":0},"EventID":1042,"Level":4,"Task":0,"Keywords":"0x80000000000000","TimeCreated_attributes":{"SystemTime":"2019-09-23T09:07:47.000000Z"},"EventRecordID":2905,"Channel":"Application","Computer":"User-PC","Security_attributes":{"UserID":"S-1-5-18"}},"EventData":{"Data":{"#text":["C:\\MSOCache\\All Users\\{90140000-00BA-0416-0000-0000000FF1CE}-C\\GrooveMUI.msi","556","(NULL)","(NULL)","(NULL)","(NULL)",""]},"Binary":null}}}
{"Event_attributes":{"xmlns":"http://schemas.microsoft.com/win/2004/08/events/event"},"Event":{"System":{"Provider_attributes":{"Name":"MsiInstaller"},"EventID_attributes":{"Qualifiers":0},"EventID":1040,"Level":4,"Task":0,"Keywords":"0x80000000000000","TimeCreated_attributes":{"SystemTime":"2019-09-23T09:07:47.000000Z"},"EventRecordID":2906,"Channel":"Application","Computer":"User-PC","Security_attributes":{"UserID":"S-1-5-21-1302019708-1500728564-335382590-1000"}},"EventData":{"Data":{"#text":["C:\\MSOCache\\All Users\\{90140000-001A-0416-0000-0000000FF1CE}-C\\OutlookMUI.msi","556","(NULL)","(NULL)","(NULL)","(NULL)",""]},"Binary":null}}}
{"Event_attributes":{"xmlns":"http://schemas.microsoft.com/win/2004/08/events/event"},"Event":{"System":{"Provider_attributes":{"Name":"MsiInstaller"},"EventID_attributes":{"Qualifiers":0},"EventID":1042,"Level":4,"Task":0,"Keywords":"0x80000000000000","TimeCreated_attributes":{"SystemTime":"2019-09-23T09:07:50.000000Z"},"EventRecordID":2909,"Channel":"Application","Computer":"User-PC","Security_attributes":{"UserID":"S-1-5-18"}},"EventData":{"Data":{"#text":["C:\\MSOCache\\All Users\\{90140000-001A-0416-0000-0000000FF1CE}-C\\OutlookMUI.msi","556","(NULL)","(NULL)","(NULL)","(NULL)",""]},"Binary":null}}}
{"Event_attributes":{"xmlns":"http://schemas.microsoft.com/win/2004/08/events/event"},"Event":{"System":{"Provider_attributes":{"Name":"MsiInstaller"},"EventID_attributes":{"Qualifiers":0},"EventID":1040,"Level":4,"Task":0,"Keywords":"0x80000000000000","TimeCreated_attributes":{"SystemTime":"2019-09-23T09:07:53.000000Z"},"EventRecordID":2910,"Channel":"Application","Computer":"User-PC","Security_attributes":{"UserID":"S-1-5-21-1302019708-1500728564-335382590-1000"}},"EventData":{"Data":{"#text":["C:\\MSOCache\\All Users\\{90140000-002C-0416-0000-0000000FF1CE}-C\\Proof.pt-br\\Proof.msi","556","(NULL)","(NULL)","(NULL)","(NULL)",""]},"Binary":null}}}
{"Event_attributes":{"xmlns":"http://schemas.microsoft.com/win/2004/08/events/event"},"Event":{"System":{"Provider_attributes":{"Name":"MsiInstaller"},"EventID_attributes":{"Qualifiers":0},"EventID":1042,"Level":4,"Task":0,"Keywords":"0x80000000000000","TimeCreated_attributes":{"SystemTime":"2019-09-23T09:07:53.000000Z"},"EventRecordID":2913,"Channel":"Application","Computer":"User-PC","Security_attributes":{"UserID":"S-1-5-18"}},"EventData":{"Data":{"#text":["C:\\MSOCache\\All Users\\{90140000-002C-0416-0000-0000000FF1CE}-C\\Proof.pt-br\\Proof.msi","556","(NULL)","(NULL)","(NULL)","(NULL)",""]},"Binary":null}}}
{"Event_attributes":{"xmlns":"http://schemas.microsoft.com/win/2004/08/events/event"},"Event":{"System":{"Provider_attributes":{"Name":"MsiInstaller"},"EventID_attributes":{"Qualifiers":0},"EventID":1040,"Level":4,"Task":0,"Keywords":"0x80000000000000","TimeCreated_attributes":{"SystemTime":"2019-09-23T09:07:53.000000Z"},"EventRecordID":2914,"Channel":"Application","Computer":"User-PC","Security_attributes":{"UserID":"S-1-5-21-1302019708-1500728564-335382590-1000"}},"EventData":{"Data":{"#text":["{90140000-001F-0C0A-0000-0000000FF1CE}","556","(NULL)","(NULL)","(NULL)","(NULL)",""]},"Binary":null}}}
{"Event_attributes":{"xmlns":"http://schemas.microsoft.com/win/2004/08/events/event"},"Event":{"System":{"Provider_attributes":{"Name":"MsiInstaller"},"EventID_attributes":{"Qualifiers":0},"EventID":1042,"Level":4,"Task":0,"Keywords":"0x80000000000000","TimeCreated_attributes":{"SystemTime":"2019-09-23T09:07:54.000000Z"},"EventRecordID":2917,"Channel":"Application","Computer":"User-PC","Security_attributes":{"UserID":"S-1-5-18"}},"EventData":{"Data":{"#text":["{90140000-001F-0C0A-0000-0000000FF1CE}","556","(NULL)","(NULL)","(NULL)","(NULL)",""]},"Binary":null}}}
{"Event_attributes":{"xmlns":"http://schemas.microsoft.com/win/2004/08/events/event"},"Event":{"System":{"Provider_attributes":{"Name":"MsiInstaller"},"EventID_attributes":{"Qualifiers":0},"EventID":1040,"Level":4,"Task":0,"Keywords":"0x80000000000000","TimeCreated_attributes":{"SystemTime":"2019-09-23T09:07:54.000000Z"},"EventRecordID":2918,"Channel":"Application","Computer":"User-PC","Security_attributes":{"UserID":"S-1-5-21-1302019708-1500728564-335382590-1000"}},"EventData":{"Data":{"#text":["{90140000-001F-0409-0000-0000000FF1CE}","556","(NULL)","(NULL)","(NULL)","(NULL)",""]},"Binary":null}}}
{"Event_attributes":{"xmlns":"http://schemas.microsoft.com/win/2004/08/events/event"},"Event":{"System":{"Provider_attributes":{"Name":"MsiInstaller"},"EventID_attributes":{"Qualifiers":0},"EventID":1042,"Level":4,"Task":0,"Keywords":"0x80000000000000","TimeCreated_attributes":{"SystemTime":"2019-09-23T09:07:54.000000Z"},"EventRecordID":2921,"Channel":"Application","Computer":"User-PC","Security_attributes":{"UserID":"S-1-5-18"}},"EventData":{"Data":{"#text":["{90140000-001F-0409-0000-0000000FF1CE}","556","(NULL)","(NULL)","(NULL)","(NULL)",""]},"Binary":null}}}
{"Event_attributes":{"xmlns":"http://schemas.microsoft.com/win/2004/08/events/event"},"Event":{"System":{"Provider_attributes":{"Name":"MsiInstaller"},"EventID_attributes":{"Qualifiers":0},"EventID":1040,"Level":4,"Task":0,"Keywords":"0x80000000000000","TimeCreated_attributes":{"SystemTime":"2019-09-23T09:07:54.000000Z"},"EventRecordID":2922,"Channel":"Application","Computer":"User-PC","Security_attributes":{"UserID":"S-1-5-21-1302019708-1500728564-335382590-1000"}},"EventData":{"Data":{"#text":["C:\\MSOCache\\All Users\\{90140000-002C-0416-0000-0000000FF1CE}-C\\Proofing.msi","556","(NULL)","(NULL)","(NULL)","(NULL)",""]},"Binary":null}}}
{"Event_attributes":{"xmlns":"http://schemas.microsoft.com/win/2004/08/events/event"},"Event":{"System":{"Provider_attributes":{"Name":"MsiInstaller"},"EventID_attributes":{"Qualifiers":0},"EventID":1042,"Level":4,"Task":0,"Keywords":"0x80000000000000","TimeCreated_attributes":{"SystemTime":"2019-09-23T09:07:55.000000Z"},"EventRecordID":2925,"Channel":"Application","Computer":"User-PC","Security_attributes":{"UserID":"S-1-5-18"}},"EventData":{"Data":{"#text":["C:\\MSOCache\\All Users\\{90140000-002C-0416-0000-0000000FF1CE}-C\\Proofing.msi","556","(NULL)","(NULL)","(NULL)","(NULL)",""]},"Binary":null}}}
{"Event_attributes":{"xmlns":"http://schemas.microsoft.com/win/2004/08/events/event"},"Event":{"System":{"Provider_attributes":{"Name":"MsiInstaller"},"EventID_attributes":{"Qualifiers":0},"EventID":1040,"Level":4,"Task":0,"Keywords":"0x80000000000000","TimeCreated_attributes":{"SystemTime":"2019-09-23T09:07:55.000000Z"},"EventRecordID":2926,"Channel":"Application","Computer":"User-PC","Security_attributes":{"UserID":"S-1-5-21-1302019708-1500728564-335382590-1000"}},"EventData":{"Data":{"#text":["C:\\MSOCache\\All Users\\{90140000-00A1-0416-0000-0000000FF1CE}-C\\OneNoteMUI.msi","556","(NULL)","(NULL)","(NULL)","(NULL)",""]},"Binary":null}}}
{"Event_attributes":{"xmlns":"http://schemas.microsoft.com/win/2004/08/events/event"},"Event":{"System":{"Provider_attributes":{"Name":"MsiInstaller"},"EventID_attributes":{"Qualifiers":0},"EventID":1042,"Level":4,"Task":0,"Keywords":"0x80000000000000","TimeCreated_attributes":{"SystemTime":"2019-09-23T09:07:56.000000Z"},"EventRecordID":2929,"Channel":"Application","Computer":"User-PC","Security_attributes":{"UserID":"S-1-5-18"}},"EventData":{"Data":{"#text":["C:\\MSOCache\\All Users\\{90140000-00A1-0416-0000-0000000FF1CE}-C\\OneNoteMUI.msi","556","(NULL)","(NULL)","(NULL)","(NULL)",""]},"Binary":null}}}
{"Event_attributes":{"xmlns":"http://schemas.microsoft.com/win/2004/08/events/event"},"Event":{"System":{"Provider_attributes":{"Name":"MsiInstaller"},"EventID_attributes":{"Qualifiers":0},"EventID":1040,"Level":4,"Task":0,"Keywords":"0x80000000000000","TimeCreated_attributes":{"SystemTime":"2019-09-23T09:08:00.000000Z"},"EventRecordID":2930,"Channel":"Application","Computer":"User-PC","Security_attributes":{"UserID":"S-1-5-21-1302019708-1500728564-335382590-1000"}},"EventData":{"Data":{"#text":["C:\\MSOCache\\All Users\\{90140000-0015-0416-0000-0000000FF1CE}-C\\AccessMUI.msi","556","(NULL)","(NULL)","(NULL)","(NULL)",""]},"Binary":null}}}
{"Event_attributes":{"xmlns":"http://schemas.microsoft.com/win/2004/08/events/event"},"Event":{"System":{"Provider_attributes":{"Name":"MsiInstaller"},"EventID_attributes":{"Qualifiers":0},"EventID":1042,"Level":4,"Task":0,"Keywords":"0x80000000000000","TimeCreated_attributes":{"SystemTime":"2019-09-23T09:08:01.000000Z"},"EventRecordID":2933,"Channel":"Application","Computer":"User-PC","Security_attributes":{"UserID":"S-1-5-18"}},"EventData":{"Data":{"#text":["C:\\MSOCache\\All Users\\{90140000-0015-0416-0000-0000000FF1CE}-C\\AccessMUI.msi","556","(NULL)","(NULL)","(NULL)","(NULL)",""]},"Binary":null}}}
{"Event_attributes":{"xmlns":"http://schemas.microsoft.com/win/2004/08/events/event"},"Event":{"System":{"Provider_attributes":{"Name":"MsiInstaller"},"EventID_attributes":{"Qualifiers":0},"EventID":1040,"Level":4,"Task":0,"Keywords":"0x80000000000000","TimeCreated_attributes":{"SystemTime":"2019-09-23T09:08:02.000000Z"},"EventRecordID":2934,"Channel":"Application","Computer":"User-PC","Security_attributes":{"UserID":"S-1-5-21-1302019708-1500728564-335382590-1000"}},"EventData":{"Data":{"#text":["C:\\MSOCache\\All Users\\{90140000-0044-0416-0000-0000000FF1CE}-C\\InfoPathMUI.msi","556","(NULL)","(NULL)","(NULL)","(NULL)",""]},"Binary":null}}}
{"Event_attributes":{"xmlns":"http://schemas.microsoft.com/win/2004/08/events/event"},"Event":{"System":{"Provider_attributes":{"Name":"MsiInstaller"},"EventID_attributes":{"Qualifiers":0},"EventID":1042,"Level":4,"Task":0,"Keywords":"0x80000000000000","TimeCreated_attributes":{"SystemTime":"2019-09-23T09:08:04.000000Z"},"EventRecordID":2937,"Channel":"Application","Computer":"User-PC","Security_attributes":{"UserID":"S-1-5-18"}},"EventData":{"Data":{"#text":["C:\\MSOCache\\All Users\\{90140000-0044-0416-0000-0000000FF1CE}-C\\InfoPathMUI.msi","556","(NULL)","(NULL)","(NULL)","(NULL)",""]},"Binary":null}}}
{"Event_attributes":{"xmlns":"http://schemas.microsoft.com/win/2004/08/events/event"},"Event":{"System":{"Provider_attributes":{"Name":"MsiInstaller"},"EventID_attributes":{"Qualifiers":0},"EventID":1040,"Level":4,"Task":0,"Keywords":"0x80000000000000","TimeCreated_attributes":{"SystemTime":"2019-09-23T09:08:04.000000Z"},"EventRecordID":2938,"Channel":"Application","Computer":"User-PC","Security_attributes":{"UserID":"S-1-5-21-1302019708-1500728564-335382590-1000"}},"EventData":{"Data":{"#text":["C:\\MSOCache\\All Users\\{90140000-0101-0416-0000-0000000FF1CE}-C\\XMUI.msi","556","(NULL)","(NULL)","(NULL)","(NULL)",""]},"Binary":null}}}
{"Event_attributes":{"xmlns":"http://schemas.microsoft.com/win/2004/08/events/event"},"Event":{"System":{"Provider_attributes":{"Name":"MsiInstaller"},"EventID_attributes":{"Qualifiers":0},"EventID":1042,"Level":4,"Task":0,"Keywords":"0x80000000000000","TimeCreated_attributes":{"SystemTime":"2019-09-23T09:08:04.000000Z"},"EventRecordID":2941,"Channel":"Application","Computer":"User-PC","Security_attributes":{"UserID":"S-1-5-18"}},"EventData":{"Data":{"#text":["C:\\MSOCache\\All Users\\{90140000-0101-0416-0000-0000000FF1CE}-C\\XMUI.msi","556","(NULL)","(NULL)","(NULL)","(NULL)",""]},"Binary":null}}}
{"Event_attributes":{"xmlns":"http://schemas.microsoft.com/win/2004/08/events/event"},"Event":{"System":{"Provider_attributes":{"Name":"MsiInstaller"},"EventID_attributes":{"Qualifiers":0},"EventID":1040,"Level":4,"Task":0,"Keywords":"0x80000000000000","TimeCreated_attributes":{"SystemTime":"2019-09-23T09:08:04.000000Z"},"EventRecordID":2942,"Channel":"Application","Computer":"User-PC","Security_attributes":{"UserID":"S-1-5-21-1302019708-1500728564-335382590-1000"}},"EventData":{"Data":{"#text":["C:\\MSOCache\\All Users\\{90140000-0019-0416-0000-0000000FF1CE}-C\\PublisherMUI.msi","556","(NULL)","(NULL)","(NULL)","(NULL)",""]},"Binary":null}}}
{"Event_attributes":{"xmlns":"http://schemas.microsoft.com/win/2004/08/events/event"},"Event":{"System":{"Provider_attributes":{"Name":"MsiInstaller"},"EventID_attributes":{"Qualifiers":0},"EventID":1042,"Level":4,"Task":0,"Keywords":"0x80000000000000","TimeCreated_attributes":{"SystemTime":"2019-09-23T09:08:06.000000Z"},"EventRecordID":2945,"Channel":"Application","Computer":"User-PC","Security_attributes":{"UserID":"S-1-5-18"}},"EventData":{"Data":{"#text":["C:\\MSOCache\\All Users\\{90140000-0019-0416-0000-0000000FF1CE}-C\\PublisherMUI.msi","556","(NULL)","(NULL)","(NULL)","(NULL)",""]},"Binary":null}}}
{"Event_attributes":{"xmlns":"http://schemas.microsoft.com/win/2004/08/events/event"},"Event":{"System":{"Provider_attributes":{"Name":"MsiInstaller"},"EventID_attributes":{"Qualifiers":0},"EventID":1040,"Level":4,"Task":0,"Keywords":"0x80000000000000","TimeCreated_attributes":{"SystemTime":"2019-09-23T09:08:13.000000Z"},"EventRecordID":2946,"Channel":"Application","Computer":"User-PC","Security_attributes":{"UserID":"S-1-5-21-1302019708-1500728564-335382590-1000"}},"EventData":{"Data":{"#text":["C:\\MSOCache\\All Users\\{90140000-001B-0416-0000-0000000FF1CE}-C\\WordMUI.msi","556","(NULL)","(NULL)","(NULL)","(NULL)",""]},"Binary":null}}}
{"Event_attributes":{"xmlns":"http://schemas.microsoft.com/win/2004/08/events/event"},"Event":{"System":{"Provider_attributes":{"Name":"MsiInstaller"},"EventID_attributes":{"Qualifiers":0},"EventID":1042,"Level":4,"Task":0,"Keywords":"0x80000000000000","TimeCreated_attributes":{"SystemTime":"2019-09-23T09:08:16.000000Z"},"EventRecordID":2949,"Channel":"Application","Computer":"User-PC","Security_attributes":{"UserID":"S-1-5-18"}},"EventData":{"Data":{"#text":["C:\\MSOCache\\All Users\\{90140000-001B-0416-0000-0000000FF1CE}-C\\WordMUI.msi","556","(NULL)","(NULL)","(NULL)","(NULL)",""]},"Binary":null}}}
{"Event_attributes":{"xmlns":"http://schemas.microsoft.com/win/2004/08/events/event"},"Event":{"System":{"Provider_attributes":{"Name":"MsiInstaller"},"EventID_attributes":{"Qualifiers":0},"EventID":1040,"Level":4,"Task":0,"Keywords":"0x80000000000000","TimeCreated_attributes":{"SystemTime":"2019-09-23T09:08:18.000000Z"},"EventRecordID":2950,"Channel":"Application","Computer":"User-PC","Security_attributes":{"UserID":"S-1-5-21-1302019708-1500728564-335382590-1000"}},"EventData":{"Data":{"#text":["C:\\MSOCache\\All Users\\{90140000-0100-0416-0000-0000000FF1CE}-C\\OMUI.msi","556","(NULL)","(NULL)","(NULL)","(NULL)",""]},"Binary":null}}}
{"Event_attributes":{"xmlns":"http://schemas.microsoft.com/win/2004/08/events/event"},"Event":{"System":{"Provider_attributes":{"Name":"Office Software Protection Platform Service"},"EventID_attributes":{"Qualifiers":16384},"EventID":1040,"Level":4,"Task":0,"Keywords":"0x80000000000000","TimeCreated_attributes":{"SystemTime":"2019-09-23T09:08:21.000000Z"},"EventRecordID":2955,"Channel":"Application","Computer":"User-PC","Security":null},"EventData":{"Data":{"#text":["59a52881-a989-479d-af46-f275c6370663","8b559c37-0117-413e-921b-b853aeb6e210"]},"Binary":"580000000A002A0000000000020001000100000001000000010001000100E8616AFF9ED652C8FC4D1E07FD0A396A02D60D0001000101000201000301000401000500000601000700000801000901000A01000C01000000002A0000000000020001000100000001000000010001000100E86146A99ED652C8FC4D1E07FD0A396A02D6"}}}
{"Event_attributes":{"xmlns":"http://schemas.microsoft.com/win/2004/08/events/event"},"Event":{"System":{"Provider_attributes":{"Name":"MsiInstaller"},"EventID_attributes":{"Qualifiers":0},"EventID":1042,"Level":4,"Task":0,"Keywords":"0x80000000000000","TimeCreated_attributes":{"SystemTime":"2019-09-23T09:08:22.000000Z"},"EventRecordID":2961,"Channel":"Application","Computer":"User-PC","Security_attributes":{"UserID":"S-1-5-18"}},"EventData":{"Data":{"#text":["C:\\MSOCache\\All Users\\{90140000-0100-0416-0000-0000000FF1CE}-C\\OMUI.msi","556","(NULL)","(NULL)","(NULL)","(NULL)",""]},"Binary":null}}}
{"Event_attributes":{"xmlns":"http://schemas.microsoft.com/win/2004/08/events/event"},"Event":{"System":{"Provider_attributes":{"Name":"MsiInstaller"},"EventID_attributes":{"Qualifiers":0},"EventID":1040,"Level":4,"Task":0,"Keywords":"0x80000000000000","TimeCreated_attributes":{"SystemTime":"2019-09-23T09:08:56.000000Z"},"EventRecordID":2963,"Channel":"Application","Computer":"User-PC","Security_attributes":{"UserID":"S-1-5-21-1302019708-1500728564-335382590-1000"}},"EventData":{"Data":{"#text":["C:\\MSOCache\\All Users\\{90140000-006E-040C-0000-0000000FF1CE}-C\\OfficeMUI.msi","2988","(NULL)","(NULL)","(NULL)","(NULL)",""]},"Binary":null}}}
{"Event_attributes":{"xmlns":"http://schemas.microsoft.com/win/2004/08/events/event"},"Event":{"System":{"Provider_attributes":{"Name":"MsiInstaller"},"EventID_attributes":{"Qualifiers":0},"EventID":1042,"Level":4,"Task":0,"Keywords":"0x80000000000000","TimeCreated_attributes":{"SystemTime":"2019-09-23T09:09:00.000000Z"},"EventRecordID":2966,"Channel":"Application","Computer":"User-PC","Security_attributes":{"UserID":"S-1-5-18"}},"EventData":{"Data":{"#text":["C:\\MSOCache\\All Users\\{90140000-006E-040C-0000-0000000FF1CE}-C\\OfficeMUI.msi","2988","(NULL)","(NULL)","(NULL)","(NULL)",""]},"Binary":null}}}
{"Event_attributes":{"xmlns":"http://schemas.microsoft.com/win/2004/08/events/event"},"Event":{"System":{"Provider_attributes":{"Name":"MsiInstaller"},"EventID_attributes":{"Qualifiers":0},"EventID":1040,"Level":4,"Task":0,"Keywords":"0x80000000000000","TimeCreated_attributes":{"SystemTime":"2019-09-23T09:09:00.000000Z"},"EventRecordID":2967,"Channel":"Application","Computer":"User-PC","Security_attributes":{"UserID":"S-1-5-21-1302019708-1500728564-335382590-1000"}},"EventData":{"Data":{"#text":["C:\\MSOCache\\All Users\\{90140000-0101-040C-0000-0000000FF1CE}-C\\XMUI.msi","2988","(NULL)","(NULL)","(NULL)","(NULL)",""]},"Binary":null}}}
{"Event_attributes":{"xmlns":"http://schemas.microsoft.com/win/2004/08/events/event"},"Event":{"System":{"Provider_attributes":{"Name":"MsiInstaller"},"EventID_attributes":{"Qualifiers":0},"EventID":1042,"Level":4,"Task":0,"Keywords":"0x80000000000000","TimeCreated_attributes":{"SystemTime":"2019-09-23T09:09:00.000000Z"},"EventRecordID":2970,"Channel":"Application","Computer":"User-PC","Security_attributes":{"UserID":"S-1-5-18"}},"EventData":{"Data":{"#text":["C:\\MSOCache\\All Users\\{90140000-0101-040C-0000-0000000FF1CE}-C\\XMUI.msi","2988","(NULL)","(NULL)","(NULL)","(NULL)",""]},"Binary":null}}}
{"Event_attributes":{"xmlns":"http://schemas.microsoft.com/win/2004/08/events/event"},"Event":{"System":{"Provider_attributes":{"Name":"MsiInstaller"},"EventID_attributes":{"Qualifiers":0},"EventID":1040,"Level":4,"Task":0,"Keywords":"0x80000000000000","TimeCreated_attributes":{"SystemTime":"2019-09-23T09:09:00.000000Z"},"EventRecordID":2971,"Channel":"Application","Computer":"User-PC","Security_attributes":{"UserID":"S-1-5-21-1302019708-1500728564-335382590-1000"}},"EventData":{"Data":{"#text":["C:\\MSOCache\\All Users\\{90140000-0016-040C-0000-0000000FF1CE}-C\\ExcelMUI.msi","2988","(NULL)","(NULL)","(NULL)","(NULL)",""]},"Binary":null}}}
{"Event_attributes":{"xmlns":"http://schemas.microsoft.com/win/2004/08/events/event"},"Event":{"System":{"Provider_attributes":{"Name":"MsiInstaller"},"EventID_attributes":{"Qualifiers":0},"EventID":1042,"Level":4,"Task":0,"Keywords":"0x80000000000000","TimeCreated_attributes":{"SystemTime":"2019-09-23T09:09:02.000000Z"},"EventRecordID":2974,"Channel":"Application","Computer":"User-PC","Security_attributes":{"UserID":"S-1-5-18"}},"EventData":{"Data":{"#text":["C:\\MSOCache\\All Users\\{90140000-0016-040C-0000-0000000FF1CE}-C\\ExcelMUI.msi","2988","(NULL)","(NULL)","(NULL)","(NULL)",""]},"Binary":null}}}
{"Event_attributes":{"xmlns":"http://schemas.microsoft.com/win/2004/08/events/event"},"Event":{"System":{"Provider_attributes":{"Name":"MsiInstaller"},"EventID_attributes":{"Qualifiers":0},"EventID":1040,"Level":4,"Task":0,"Keywords":"0x80000000000000","TimeCreated_attributes":{"SystemTime":"2019-09-23T09:09:02.000000Z"},"EventRecordID":2975,"Channel":"Application","Computer":"User-PC","Security_attributes":{"UserID":"S-1-5-21-1302019708-1500728564-335382590-1000"}},"EventData":{"Data":{"#text":["C:\\MSOCache\\All Users\\{90140000-0017-040C-0000-0000000FF1CE}-C\\SharePointDesignerMUI.msi","2988","(NULL)","(NULL)","(NULL)","(NULL)",""]},"Binary":null}}}
{"Event_attributes":{"xmlns":"http://schemas.microsoft.com/win/2004/08/events/event"},"Event":{"System":{"Provider_attributes":{"Name":"MsiInstaller"},"EventID_attributes":{"Qualifiers":0},"EventID":1042,"Level":4,"Task":0,"Keywords":"0x80000000000000","TimeCreated_attributes":{"SystemTime":"2019-09-23T09:09:05.000000Z"},"EventRecordID":2978,"Channel":"Application","Computer":"User-PC","Security_attributes":{"UserID":"S-1-5-18"}},"EventData":{"Data":{"#text":["C:\\MSOCache\\All Users\\{90140000-0017-040C-0000-0000000FF1CE}-C\\SharePointDesignerMUI.msi","2988","(NULL)","(NULL)","(NULL)","(NULL)",""]},"Binary":null}}}
{"Event_attributes":{"xmlns":"http://schemas.microsoft.com/win/2004/08/events/event"},"Event":{"System":{"Provider_attributes":{"Name":"MsiInstaller"},"EventID_attributes":{"Qualifiers":0},"EventID":1040,"Level":4,"Task":0,"Keywords":"0x80000000000000","TimeCreated_attributes":{"SystemTime":"2019-09-23T09:09:09.000000Z"},"EventRecordID":2979,"Channel":"Application","Computer":"User-PC","Security_attributes":{"UserID":"S-1-5-21-1302019708-1500728564-335382590-1000"}},"EventData":{"Data":{"#text":["C:\\MSOCache\\All Users\\{90140000-0018-040C-0000-0000000FF1CE}-C\\PowerPointMUI.msi","2988","(NULL)","(NULL)","(NULL)","(NULL)",""]},"Binary":null}}}
{"Event_attributes":{"xmlns":"http://schemas.microsoft.com/win/2004/08/events/event"},"Event":{"System":{"Provider_attributes":{"Name":"MsiInstaller"},"EventID_attributes":{"Qualifiers":0},"EventID":1042,"Level":4,"Task":0,"Keywords":"0x80000000000000","TimeCreated_attributes":{"SystemTime":"2019-09-23T09:09:11.000000Z"},"EventRecordID":2982,"Channel":"Application","Computer":"User-PC","Security_attributes":{"UserID":"S-1-5-18"}},"EventData":{"Data":{"#text":["C:\\MSOCache\\All Users\\{90140000-0018-040C-0000-0000000FF1CE}-C\\PowerPointMUI.msi","2988","(NULL)","(NULL)","(NULL)","(NULL)",""]},"Binary":null}}}
{"Event_attributes":{"xmlns":"http://schemas.microsoft.com/win/2004/08/events/event"},"Event":{"System":{"Provider_attributes":{"Name":"MsiInstaller"},"EventID_attributes":{"Qualifiers":0},"EventID":1040,"Level":4,"Task":0,"Keywords":"0x80000000000000","TimeCreated_attributes":{"SystemTime":"2019-09-23T09:09:11.000000Z"},"EventRecordID":2983,"Channel":"Application","Computer":"User-PC","Security_attributes":{"UserID":"S-1-5-21-1302019708-1500728564-335382590-1000"}},"EventData":{"Data":{"#text":["C:\\MSOCache\\All Users\\{90140000-00BA-040C-0000-0000000FF1CE}-C\\GrooveMUI.msi","2988","(NULL)","(NULL)","(NULL)","(NULL)",""]},"Binary":null}}}
{"Event_attributes":{"xmlns":"http://schemas.microsoft.com/win/2004/08/events/event"},"Event":{"System":{"Provider_attributes":{"Name":"MsiInstaller"},"EventID_attributes":{"Qualifiers":0},"EventID":1042,"Level":4,"Task":0,"Keywords":"0x80000000000000","TimeCreated_attributes":{"SystemTime":"2019-09-23T09:09:13.000000Z"},"EventRecordID":2986,"Channel":"Application","Computer":"User-PC","Security_attributes":{"UserID":"S-1-5-18"}},"EventData":{"Data":{"#text":["C:\\MSOCache\\All Users\\{90140000-00BA-040C-0000-0000000FF1CE}-C\\GrooveMUI.msi","2988","(NULL)","(NULL)","(NULL)","(NULL)",""]},"Binary":null}}}
{"Event_attributes":{"xmlns":"http://schemas.microsoft.com/win/2004/08/events/event"},"Event":{"System":{"Provider_attributes":{"Name":"MsiInstaller"},"EventID_attributes":{"Qualifiers":0},"EventID":1040,"Level":4,"Task":0,"Keywords":"0x80000000000000","TimeCreated_attributes":{"SystemTime":"2019-09-23T09:09:13.000000Z"},"EventRecordID":2987,"Channel":"Application","Computer":"User-PC","Security_attributes":{"UserID":"S-1-5-21-1302019708-1500728564-335382590-1000"}},"EventData":{"Data":{"#text":["C:\\MSOCache\\All Users\\{90140000-001A-040C-0000-0000000FF1CE}-C\\OutlookMUI.msi","2988","(NULL)","(NULL)","(NULL)","(NULL)",""]},"Binary":null}}}
{"Event_attributes":{"xmlns":"http://schemas.microsoft.com/win/2004/08/events/event"},"Event":{"System":{"Provider_attributes":{"Name":"MsiInstaller"},"EventID_attributes":{"Qualifiers":0},"EventID":1042,"Level":4,"Task":0,"Keywords":"0x80000000000000","TimeCreated_attributes":{"SystemTime":"2019-09-23T09:09:15.000000Z"},"EventRecordID":2990,"Channel":"Application","Computer":"User-PC","Security_attributes":{"UserID":"S-1-5-18"}},"EventData":{"Data":{"#text":["C:\\MSOCache\\All Users\\{90140000-001A-040C-0000-0000000FF1CE}-C\\OutlookMUI.msi","2988","(NULL)","(NULL)","(NULL)","(NULL)",""]},"Binary":null}}}
{"Event_attributes":{"xmlns":"http://schemas.microsoft.com/win/2004/08/events/event"},"Event":{"System":{"Provider_attributes":{"Name":"MsiInstaller"},"EventID_attributes":{"Qualifiers":0},"EventID":1040,"Level":4,"Task":0,"Keywords":"0x80000000000000","TimeCreated_attributes":{"SystemTime":"2019-09-23T09:09:31.000000Z"},"EventRecordID":2992,"Channel":"Application","Computer":"User-PC","Security_attributes":{"UserID":"S-1-5-21-1302019708-1500728564-335382590-1000"}},"EventData":{"Data":{"#text":["C:\\MSOCache\\All Users\\{90140000-002C-040C-0000-0000000FF1CE}-C\\Proof.nl\\Proof.msi","2988","(NULL)","(NULL)","(NULL)","(NULL)",""]},"Binary":null}}}
{"Event_attributes":{"xmlns":"http://schemas.microsoft.com/win/2004/08/events/event"},"Event":{"System":{"Provider_attributes":{"Name":"MsiInstaller"},"EventID_attributes":{"Qualifiers":0},"EventID":1042,"Level":4,"Task":0,"Keywords":"0x80000000000000","TimeCreated_attributes":{"SystemTime":"2019-09-23T09:09:32.000000Z"},"EventRecordID":2995,"Channel":"Application","Computer":"User-PC","Security_attributes":{"UserID":"S-1-5-18"}},"EventData":{"Data":{"#text":["C:\\MSOCache\\All Users\\{90140000-002C-040C-0000-0000000FF1CE}-C\\Proof.nl\\Proof.msi","2988","(NULL)","(NULL)","(NULL)","(NULL)",""]},"Binary":null}}}
{"Event_attributes":{"xmlns":"http://schemas.microsoft.com/win/2004/08/events/event"},"Event":{"System":{"Provider_attributes":{"Name":"MsiInstaller"},"EventID_attributes":{"Qualifiers":0},"EventID":1040,"Level":4,"Task":0,"Keywords":"0x80000000000000","TimeCreated_attributes":{"SystemTime":"2019-09-23T09:09:32.000000Z"},"EventRecordID":2996,"Channel":"Application","Computer":"User-PC","Security_attributes":{"UserID":"S-1-5-21-1302019708-1500728564-335382590-1000"}},"EventData":{"Data":{"#text":["C:\\MSOCache\\All Users\\{90140000-002C-040C-0000-0000000FF1CE}-C\\Proof.de\\Proof.msi","2988","(NULL)","(NULL)","(NULL)","(NULL)",""]},"Binary":null}}}
{"Event_attributes":{"xmlns":"http://schemas.microsoft.com/win/2004/08/events/event"},"Event":{"System":{"Provider_attributes":{"Name":"MsiInstaller"},"EventID_attributes":{"Qualifiers":0},"EventID":1042,"Level":4,"Task":0,"Keywords":"0x80000000000000","TimeCreated_attributes":{"SystemTime":"2019-09-23T09:09:33.000000Z"},"EventRecordID":2999,"Channel":"Application","Computer":"User-PC","Security_attributes":{"UserID":"S-1-5-18"}},"EventData":{"Data":{"#text":["C:\\MSOCache\\All Users\\{90140000-002C-040C-0000-0000000FF1CE}-C\\Proof.de\\Proof.msi","2988","(NULL)","(NULL)","(NULL)","(NULL)",""]},"Binary":null}}}
{"Event_attributes":{"xmlns":"http://schemas.microsoft.com/win/2004/08/events/event"},"Event":{"System":{"Provider_attributes":{"Name":"MsiInstaller"},"EventID_attributes":{"Qualifiers":0},"EventID":1040,"Level":4,"Task":0,"Keywords":"0x80000000000000","TimeCreated_attributes":{"SystemTime":"2019-09-23T09:09:33.000000Z"},"EventRecordID":3000,"Channel":"Application","Computer":"User-PC","Security_attributes":{"UserID":"S-1-5-21-1302019708-1500728564-335382590-1000"}},"EventData":{"Data":{"#text":["{90140000-001F-0C0A-0000-0000000FF1CE}","2988","(NULL)","(NULL)","(NULL)","(NULL)",""]},"Binary":null}}}
{"Event_attributes":{"xmlns":"http://schemas.microsoft.com/win/2004/08/events/event"},"Event":{"System":{"Provider_attributes":{"Name":"MsiInstaller"},"EventID_attributes":{"Qualifiers":0},"EventID":1042,"Level":4,"Task":0,"Keywords":"0x80000000000000","TimeCreated_attributes":{"SystemTime":"2019-09-23T09:09:34.000000Z"},"EventRecordID":3003,"Channel":"Application","Computer":"User-PC","Security_attributes":{"UserID":"S-1-5-18"}},"EventData":{"Data":{"#text":["{90140000-001F-0C0A-0000-0000000FF1CE}","2988","(NULL)","(NULL)","(NULL)","(NULL)",""]},"Binary":null}}}
{"Event_attributes":{"xmlns":"http://schemas.microsoft.com/win/2004/08/events/event"},"Event":{"System":{"Provider_attributes":{"Name":"MsiInstaller"},"EventID_attributes":{"Qualifiers":0},"EventID":1040,"Level":4,"Task":0,"Keywords":"0x80000000000000","TimeCreated_attributes":{"SystemTime":"2019-09-23T09:09:34.000000Z"},"EventRecordID":3004,"Channel":"Application","Computer":"User-PC","Security_attributes":{"UserID":"S-1-5-21-1302019708-1500728564-335382590-1000"}},"EventData":{"Data":{"#text":["{90140000-001F-040C-0000-0000000FF1CE}","2988","(NULL)","(NULL)","(NULL)","(NULL)",""]},"Binary":null}}}
{"Event_attributes":{"xmlns":"http://schemas.microsoft.com/win/2004/08/events/event"},"Event":{"System":{"Provider_attributes":{"Name":"MsiInstaller"},"EventID_attributes":{"Qualifiers":0},"EventID":1042,"Level":4,"Task":0,"Keywords":"0x80000000000000","TimeCreated_attributes":{"SystemTime":"2019-09-23T09:09:35.000000Z"},"EventRecordID":3007,"Channel":"Application","Computer":"User-PC","Security_attributes":{"UserID":"S-1-5-18"}},"EventData":{"Data":{"#text":["{90140000-001F-040C-0000-0000000FF1CE}","2988","(NULL)","(NULL)","(NULL)","(NULL)",""]},"Binary":null}}}
