{"Event_attributes":{"xmlns":"http://schemas.microsoft.com/win/2004/08/events/event"},"Event":{"System":{"Provider_attributes":{"Name":"Microsoft-Windows-Security-Auditing","Guid":"54849625-5478-4994-A5BA-3E3B0328C30D"},"EventID":4625,"Version":0,"Level":0,"Task":12544,"Opcode":0,"Keywords":"0x8010000000000000","TimeCreated_attributes":{"SystemTime":"2023-09-25T20:39:50.822397Z"},"EventRecordID":11286,"Correlation_attributes":{"ActivityID":"7A9AC068-ECD0-0001-9CC0-9A7AD0ECD901"},"Execution_attributes":{"ProcessID":760,"ThreadID":804},"Channel":"Security","Computer":"WIN","Security":null},"EventData":{"SubjectUserSid":"S-1-5-21-113448046-927799223-410490820-1001","SubjectUserName":"Admin","SubjectDomainName":"WIN","SubjectLogonId":"0x393f6d","TargetUserSid":"S-1-0-0","TargetUserName":"Admin","TargetDomainName":"WIN","Status":"0xc000006d","FailureReason":"%%2313","SubStatus":"0xc000006a","LogonType":2,"LogonProcessName":"Advapi  ","AuthenticationPackageName":"Negotiate","WorkstationName":"WIN","TransmittedServices":"-","LmPackageName":"-","KeyLength":0,"ProcessId":"0x1b0c","ProcessName":"C:\\Users\\Admin\\Desktop\\AccountRestore.bin\\AccountRestore.exe","IpAddress":"-","IpPort":"-"}}}
{"Event_attributes":{"xmlns":"http://schemas.microsoft.com/win/2004/08/events/event"},"Event":{"System":{"Provider_attributes":{"Name":"Microsoft-Windows-Security-Auditing","Guid":"54849625-5478-4994-A5BA-3E3B0328C30D"},"EventID":4625,"Version":0,"Level":0,"Task":12544,"Opcode":0,"Keywords":"0x8010000000000000","TimeCreated_attributes":{"SystemTime":"2023-09-25T20:39:50.822643Z"},"EventRecordID":11288,"Correlation_attributes":{"ActivityID":"7A9AC068-ECD0-0001-9CC0-9A7AD0ECD901"},"Execution_attributes":{"ProcessID":760,"ThreadID":1732},"Channel":"Security","Computer":"WIN","Security":null},"EventData":{"SubjectUserSid":"S-1-5-21-113448046-927799223-410490820-1001","SubjectUserName":"Admin","SubjectDomainName":"WIN","SubjectLogonId":"0x393f6d","TargetUserSid":"S-1-0-0","TargetUserName":"Administrator","TargetDomainName":"WIN","Status":"0xc000006d","FailureReason":"%%2313","SubStatus":"0xc000006a","LogonType":2,"LogonProcessName":"Advapi  ","AuthenticationPackageName":"Negotiate","WorkstationName":"WIN","TransmittedServices":"-","LmPackageName":"-","KeyLength":0,"ProcessId":"0x1b0c","ProcessName":"C:\\Users\\Admin\\Desktop\\AccountRestore.bin\\AccountRestore.exe","IpAddress":"-","IpPort":"-"}}}
{"Event_attributes":{"xmlns":"http://schemas.microsoft.com/win/2004/08/events/event"},"Event":{"System":{"Provider_attributes":{"Name":"Microsoft-Windows-Security-Auditing","Guid":"54849625-5478-4994-A5BA-3E3B0328C30D"},"EventID":4625,"Version":0,"Level":0,"Task":12544,"Opcode":0,"Keywords":"0x8010000000000000","TimeCreated_attributes":{"SystemTime":"2023-09-25T20:39:50.822655Z"},"EventRecordID":11289,"Correlation_attributes":{"ActivityID":"7A9AC068-ECD0-0001-9CC0-9A7AD0ECD901"},"Execution_attributes":{"ProcessID":760,"ThreadID":8324},"Channel":"Security","Computer":"WIN","Security":null},"EventData":{"SubjectUserSid":"S-1-5-21-113448046-927799223-410490820-1001","SubjectUserName":"Admin","SubjectDomainName":"WIN","SubjectLogonId":"0x393f6d","TargetUserSid":"S-1-0-0","TargetUserName":"Administrator","TargetDomainName":"WIN","Status":"0xc000006d","FailureReason":"%%2313","SubStatus":"0xc000006a","LogonType":2,"LogonProcessName":"Advapi  ","AuthenticationPackageName":"Negotiate","WorkstationName":"WIN","TransmittedServices":"-","LmPackageName":"-","KeyLength":0,"ProcessId":"0x1b0c","ProcessName":"C:\\Users\\Admin\\Desktop\\AccountRestore.bin\\AccountRestore.exe","IpAddress":"-","IpPort":"-"}}}
{"Event_attributes":{"xmlns":"http://schemas.microsoft.com/win/2004/08/events/event"},"Event":{"System":{"Provider_attributes":{"Name":"Microsoft-Windows-Security-Auditing","Guid":"54849625-5478-4994-A5BA-3E3B0328C30D"},"EventID":4625,"Version":0,"Level":0,"Task":12544,"Opcode":0,"Keywords":"0x8010000000000000","TimeCreated_attributes":{"SystemTime":"2023-09-25T20:39:50.824357Z"},"EventRecordID":11291,"Correlation_attributes":{"ActivityID":"7A9AC068-ECD0-0001-9CC0-9A7AD0ECD901"},"Execution_attributes":{"ProcessID":760,"ThreadID":5036},"Channel":"Security","Computer":"WIN","Security":null},"EventData":{"SubjectUserSid":"S-1-5-21-113448046-927799223-410490820-1001","SubjectUserName":"Admin","SubjectDomainName":"WIN","SubjectLogonId":"0x393f6d","TargetUserSid":"S-1-0-0","TargetUserName":"Administrator","TargetDomainName":"WIN","Status":"0xc000006d","FailureReason":"%%2313","SubStatus":"0xc000006a","LogonType":2,"LogonProcessName":"Advapi  ","AuthenticationPackageName":"Negotiate","WorkstationName":"WIN","TransmittedServices":"-","LmPackageName":"-","KeyLength":0,"ProcessId":"0x1b0c","ProcessName":"C:\\Users\\Admin\\Desktop\\AccountRestore.bin\\AccountRestore.exe","IpAddress":"-","IpPort":"-"}}}
{"Event_attributes":{"xmlns":"http://schemas.microsoft.com/win/2004/08/events/event"},"Event":{"System":{"Provider_attributes":{"Name":"Microsoft-Windows-Security-Auditing","Guid":"54849625-5478-4994-A5BA-3E3B0328C30D"},"EventID":4625,"Version":0,"Level":0,"Task":12544,"Opcode":0,"Keywords":"0x8010000000000000","TimeCreated_attributes":{"SystemTime":"2023-09-25T20:39:50.824847Z"},"EventRecordID":11293,"Correlation_attributes":{"ActivityID":"7A9AC068-ECD0-0001-9CC0-9A7AD0ECD901"},"Execution_attributes":{"ProcessID":760,"ThreadID":1732},"Channel":"Security","Computer":"WIN","Security":null},"EventData":{"SubjectUserSid":"S-1-5-21-113448046-927799223-410490820-1001","SubjectUserName":"Admin","SubjectDomainName":"WIN","SubjectLogonId":"0x393f6d","TargetUserSid":"S-1-0-0","TargetUserName":"Administrator","TargetDomainName":"WIN","Status":"0xc000006d","FailureReason":"%%2313","SubStatus":"0xc000006a","LogonType":2,"LogonProcessName":"Advapi  ","AuthenticationPackageName":"Negotiate","WorkstationName":"WIN","TransmittedServices":"-","LmPackageName":"-","KeyLength":0,"ProcessId":"0x1b0c","ProcessName":"C:\\Users\\Admin\\Desktop\\AccountRestore.bin\\AccountRestore.exe","IpAddress":"-","IpPort":"-"}}}
{"Event_attributes":{"xmlns":"http://schemas.microsoft.com/win/2004/08/events/event"},"Event":{"System":{"Provider_attributes":{"Name":"Microsoft-Windows-Security-Auditing","Guid":"54849625-5478-4994-A5BA-3E3B0328C30D"},"EventID":4625,"Version":0,"Level":0,"Task":12544,"Opcode":0,"Keywords":"0x8010000000000000","TimeCreated_attributes":{"SystemTime":"2023-09-25T20:39:50.825028Z"},"EventRecordID":11295,"Correlation_attributes":{"ActivityID":"7A9AC068-ECD0-0001-9CC0-9A7AD0ECD901"},"Execution_attributes":{"ProcessID":760,"ThreadID":8324},"Channel":"Security","Computer":"WIN","Security":null},"EventData":{"SubjectUserSid":"S-1-5-21-113448046-927799223-410490820-1001","SubjectUserName":"Admin","SubjectDomainName":"WIN","SubjectLogonId":"0x393f6d","TargetUserSid":"S-1-0-0","TargetUserName":"Admin","TargetDomainName":"WIN","Status":"0xc000006d","FailureReason":"%%2313","SubStatus":"0xc000006a","LogonType":2,"LogonProcessName":"Advapi  ","AuthenticationPackageName":"Negotiate","WorkstationName":"WIN","TransmittedServices":"-","LmPackageName":"-","KeyLength":0,"ProcessId":"0x1b0c","ProcessName":"C:\\Users\\Admin\\Desktop\\AccountRestore.bin\\AccountRestore.exe","IpAddress":"-","IpPort":"-"}}}
{"Event_attributes":{"xmlns":"http://schemas.microsoft.com/win/2004/08/events/event"},"Event":{"System":{"Provider_attributes":{"Name":"Microsoft-Windows-Security-Auditing","Guid":"54849625-5478-4994-A5BA-3E3B0328C30D"},"EventID":4625,"Version":0,"Level":0,"Task":12544,"Opcode":0,"Keywords":"0x8010000000000000","TimeCreated_attributes":{"SystemTime":"2023-09-25T20:39:50.825227Z"},"EventRecordID":11297,"Correlation_attributes":{"ActivityID":"7A9AC068-ECD0-0001-9CC0-9A7AD0ECD901"},"Execution_attributes":{"ProcessID":760,"ThreadID":5036},"Channel":"Security","Computer":"WIN","Security":null},"EventData":{"SubjectUserSid":"S-1-5-21-113448046-927799223-410490820-1001","SubjectUserName":"Admin","SubjectDomainName":"WIN","SubjectLogonId":"0x393f6d","TargetUserSid":"S-1-0-0","TargetUserName":"Administrator","TargetDomainName":"WIN","Status":"0xc000006d","FailureReason":"%%2313","SubStatus":"0xc000006a","LogonType":2,"LogonProcessName":"Advapi  ","AuthenticationPackageName":"Negotiate","WorkstationName":"WIN","TransmittedServices":"-","LmPackageName":"-","KeyLength":0,"ProcessId":"0x1b0c","ProcessName":"C:\\Users\\Admin\\Desktop\\AccountRestore.bin\\AccountRestore.exe","IpAddress":"-","IpPort":"-"}}}
{"Event_attributes":{"xmlns":"http://schemas.microsoft.com/win/2004/08/events/event"},"Event":{"System":{"Provider_attributes":{"Name":"Microsoft-Windows-Security-Auditing","Guid":"54849625-5478-4994-A5BA-3E3B0328C30D"},"EventID":4625,"Version":0,"Level":0,"Task":12544,"Opcode":0,"Keywords":"0x8010000000000000","TimeCreated_attributes":{"SystemTime":"2023-09-25T20:39:50.826342Z"},"EventRecordID":11299,"Correlation_attributes":{"ActivityID":"7A9AC068-ECD0-0001-9CC0-9A7AD0ECD901"},"Execution_attributes":{"ProcessID":760,"ThreadID":5036},"Channel":"Security","Computer":"WIN","Security":null},"EventData":{"SubjectUserSid":"S-1-5-21-113448046-927799223-410490820-1001","SubjectUserName":"Admin","SubjectDomainName":"WIN","SubjectLogonId":"0x393f6d","TargetUserSid":"S-1-0-0","TargetUserName":"Administrator","TargetDomainName":"WIN","Status":"0xc000006d","FailureReason":"%%2313","SubStatus":"0xc000006a","LogonType":2,"LogonProcessName":"Advapi  ","AuthenticationPackageName":"Negotiate","WorkstationName":"WIN","TransmittedServices":"-","LmPackageName":"-","KeyLength":0,"ProcessId":"0x1b0c","ProcessName":"C:\\Users\\Admin\\Desktop\\AccountRestore.bin\\AccountRestore.exe","IpAddress":"-","IpPort":"-"}}}
{"Event_attributes":{"xmlns":"http://schemas.microsoft.com/win/2004/08/events/event"},"Event":{"System":{"Provider_attributes":{"Name":"Microsoft-Windows-Security-Auditing","Guid":"54849625-5478-4994-A5BA-3E3B0328C30D"},"EventID":4625,"Version":0,"Level":0,"Task":12544,"Opcode":0,"Keywords":"0x8010000000000000","TimeCreated_attributes":{"SystemTime":"2023-09-25T20:39:50.827114Z"},"EventRecordID":11301,"Correlation_attributes":{"ActivityID":"7A9AC068-ECD0-0001-9CC0-9A7AD0ECD901"},"Execution_attributes":{"ProcessID":760,"ThreadID":5036},"Channel":"Security","Computer":"WIN","Security":null},"EventData":{"SubjectUserSid":"S-1-5-21-113448046-927799223-410490820-1001","SubjectUserName":"Admin","SubjectDomainName":"WIN","SubjectLogonId":"0x393f6d","TargetUserSid":"S-1-0-0","TargetUserName":"Administrator","TargetDomainName":"WIN","Status":"0xc000006d","FailureReason":"%%2313","SubStatus":"0xc000006a","LogonType":2,"LogonProcessName":"Advapi  ","AuthenticationPackageName":"Negotiate","WorkstationName":"WIN","TransmittedServices":"-","LmPackageName":"-","KeyLength":0,"ProcessId":"0x1b0c","ProcessName":"C:\\Users\\Admin\\Desktop\\AccountRestore.bin\\AccountRestore.exe","IpAddress":"-","IpPort":"-"}}}
{"Event_attributes":{"xmlns":"http://schemas.microsoft.com/win/2004/08/events/event"},"Event":{"System":{"Provider_attributes":{"Name":"Microsoft-Windows-Security-Auditing","Guid":"54849625-5478-4994-A5BA-3E3B0328C30D"},"EventID":4625,"Version":0,"Level":0,"Task":12544,"Opcode":0,"Keywords":"0x8010000000000000","TimeCreated_attributes":{"SystemTime":"2023-09-25T20:39:50.827824Z"},"EventRecordID":11303,"Correlation_attributes":{"ActivityID":"7A9AC068-ECD0-0001-9CC0-9A7AD0ECD901"},"Execution_attributes":{"ProcessID":760,"ThreadID":5036},"Channel":"Security","Computer":"WIN","Security":null},"EventData":{"SubjectUserSid":"S-1-5-21-113448046-927799223-410490820-1001","SubjectUserName":"Admin","SubjectDomainName":"WIN","SubjectLogonId":"0x393f6d","TargetUserSid":"S-1-0-0","TargetUserName":"Administrator","TargetDomainName":"WIN","Status":"0xc000006d","FailureReason":"%%2313","SubStatus":"0xc000006a","LogonType":2,"LogonProcessName":"Advapi  ","AuthenticationPackageName":"Negotiate","WorkstationName":"WIN","TransmittedServices":"-","LmPackageName":"-","KeyLength":0,"ProcessId":"0x1b0c","ProcessName":"C:\\Users\\Admin\\Desktop\\AccountRestore.bin\\AccountRestore.exe","IpAddress":"-","IpPort":"-"}}}
{"Event_attributes":{"xmlns":"http://schemas.microsoft.com/win/2004/08/events/event"},"Event":{"System":{"Provider_attributes":{"Name":"Microsoft-Windows-Security-Auditing","Guid":"54849625-5478-4994-A5BA-3E3B0328C30D"},"EventID":4625,"Version":0,"Level":0,"Task":12544,"Opcode":0,"Keywords":"0x8010000000000000","TimeCreated_attributes":{"SystemTime":"2023-09-25T20:39:50.828771Z"},"EventRecordID":11305,"Correlation_attributes":{"ActivityID":"7A9AC068-ECD0-0001-9CC0-9A7AD0ECD901"},"Execution_attributes":{"ProcessID":760,"ThreadID":5036},"Channel":"Security","Computer":"WIN","Security":null},"EventData":{"SubjectUserSid":"S-1-5-21-113448046-927799223-410490820-1001","SubjectUserName":"Admin","SubjectDomainName":"WIN","SubjectLogonId":"0x393f6d","TargetUserSid":"S-1-0-0","TargetUserName":"Admin","TargetDomainName":"WIN","Status":"0xc000006d","FailureReason":"%%2313","SubStatus":"0xc000006a","LogonType":2,"LogonProcessName":"Advapi  ","AuthenticationPackageName":"Negotiate","WorkstationName":"WIN","TransmittedServices":"-","LmPackageName":"-","KeyLength":0,"ProcessId":"0x1b0c","ProcessName":"C:\\Users\\Admin\\Desktop\\AccountRestore.bin\\AccountRestore.exe","IpAddress":"-","IpPort":"-"}}}
{"Event_attributes":{"xmlns":"http://schemas.microsoft.com/win/2004/08/events/event"},"Event":{"System":{"Provider_attributes":{"Name":"Microsoft-Windows-Security-Auditing","Guid":"54849625-5478-4994-A5BA-3E3B0328C30D"},"EventID":4625,"Version":0,"Level":0,"Task":12544,"Opcode":0,"Keywords":"0x8010000000000000","TimeCreated_attributes":{"SystemTime":"2023-09-25T20:39:50.832135Z"},"EventRecordID":11307,"Correlation_attributes":{"ActivityID":"7A9AC068-ECD0-0001-9CC0-9A7AD0ECD901"},"Execution_attributes":{"ProcessID":760,"ThreadID":8324},"Channel":"Security","Computer":"WIN","Security":null},"EventData":{"SubjectUserSid":"S-1-5-21-113448046-927799223-410490820-1001","SubjectUserName":"Admin","SubjectDomainName":"WIN","SubjectLogonId":"0x393f6d","TargetUserSid":"S-1-0-0","TargetUserName":"Admin","TargetDomainName":"WIN","Status":"0xc000006d","FailureReason":"%%2313","SubStatus":"0xc000006a","LogonType":2,"LogonProcessName":"Advapi  ","AuthenticationPackageName":"Negotiate","WorkstationName":"WIN","TransmittedServices":"-","LmPackageName":"-","KeyLength":0,"ProcessId":"0x1b0c","ProcessName":"C:\\Users\\Admin\\Desktop\\AccountRestore.bin\\AccountRestore.exe","IpAddress":"-","IpPort":"-"}}}
{"Event_attributes":{"xmlns":"http://schemas.microsoft.com/win/2004/08/events/event"},"Event":{"System":{"Provider_attributes":{"Name":"Microsoft-Windows-Security-Auditing","Guid":"54849625-5478-4994-A5BA-3E3B0328C30D"},"EventID":4625,"Version":0,"Level":0,"Task":12544,"Opcode":0,"Keywords":"0x8010000000000000","TimeCreated_attributes":{"SystemTime":"2023-09-25T20:39:50.833423Z"},"EventRecordID":11310,"Correlation_attributes":{"ActivityID":"7A9AC068-ECD0-0001-9CC0-9A7AD0ECD901"},"Execution_attributes":{"ProcessID":760,"ThreadID":8324},"Channel":"Security","Computer":"WIN","Security":null},"EventData":{"SubjectUserSid":"S-1-5-21-113448046-927799223-410490820-1001","SubjectUserName":"Admin","SubjectDomainName":"WIN","SubjectLogonId":"0x393f6d","TargetUserSid":"S-1-0-0","TargetUserName":"Admin","TargetDomainName":"WIN","Status":"0xc000006d","FailureReason":"%%2313","SubStatus":"0xc000006a","LogonType":2,"LogonProcessName":"Advapi  ","AuthenticationPackageName":"Negotiate","WorkstationName":"WIN","TransmittedServices":"-","LmPackageName":"-","KeyLength":0,"ProcessId":"0x1b0c","ProcessName":"C:\\Users\\Admin\\Desktop\\AccountRestore.bin\\AccountRestore.exe","IpAddress":"-","IpPort":"-"}}}
{"Event_attributes":{"xmlns":"http://schemas.microsoft.com/win/2004/08/events/event"},"Event":{"System":{"Provider_attributes":{"Name":"Microsoft-Windows-Security-Auditing","Guid":"54849625-5478-4994-A5BA-3E3B0328C30D"},"EventID":4625,"Version":0,"Level":0,"Task":12544,"Opcode":0,"Keywords":"0x8010000000000000","TimeCreated_attributes":{"SystemTime":"2023-09-25T20:39:50.833907Z"},"EventRecordID":11311,"Correlation_attributes":{"ActivityID":"7A9AC068-ECD0-0001-9CC0-9A7AD0ECD901"},"Execution_attributes":{"ProcessID":760,"ThreadID":5036},"Channel":"Security","Computer":"WIN","Security":null},"EventData":{"SubjectUserSid":"S-1-5-21-113448046-927799223-410490820-1001","SubjectUserName":"Admin","SubjectDomainName":"WIN","SubjectLogonId":"0x393f6d","TargetUserSid":"S-1-0-0","TargetUserName":"Admin","TargetDomainName":"WIN","Status":"0xc000006d","FailureReason":"%%2313","SubStatus":"0xc000006a","LogonType":2,"LogonProcessName":"Advapi  ","AuthenticationPackageName":"Negotiate","WorkstationName":"WIN","TransmittedServices":"-","LmPackageName":"-","KeyLength":0,"ProcessId":"0x1b0c","ProcessName":"C:\\Users\\Admin\\Desktop\\AccountRestore.bin\\AccountRestore.exe","IpAddress":"-","IpPort":"-"}}}
{"Event_attributes":{"xmlns":"http://schemas.microsoft.com/win/2004/08/events/event"},"Event":{"System":{"Provider_attributes":{"Name":"Microsoft-Windows-Security-Auditing","Guid":"54849625-5478-4994-A5BA-3E3B0328C30D"},"EventID":4625,"Version":0,"Level":0,"Task":12544,"Opcode":0,"Keywords":"0x8010000000000000","TimeCreated_attributes":{"SystemTime":"2023-09-25T20:39:50.835360Z"},"EventRecordID":11313,"Correlation_attributes":{"ActivityID":"7A9AC068-ECD0-0001-9CC0-9A7AD0ECD901"},"Execution_attributes":{"ProcessID":760,"ThreadID":5036},"Channel":"Security","Computer":"WIN","Security":null},"EventData":{"SubjectUserSid":"S-1-5-21-113448046-927799223-410490820-1001","SubjectUserName":"Admin","SubjectDomainName":"WIN","SubjectLogonId":"0x393f6d","TargetUserSid":"S-1-0-0","TargetUserName":"Admin","TargetDomainName":"WIN","Status":"0xc000006d","FailureReason":"%%2313","SubStatus":"0xc000006a","LogonType":2,"LogonProcessName":"Advapi  ","AuthenticationPackageName":"Negotiate","WorkstationName":"WIN","TransmittedServices":"-","LmPackageName":"-","KeyLength":0,"ProcessId":"0x1b0c","ProcessName":"C:\\Users\\Admin\\Desktop\\AccountRestore.bin\\AccountRestore.exe","IpAddress":"-","IpPort":"-"}}}
{"Event_attributes":{"xmlns":"http://schemas.microsoft.com/win/2004/08/events/event"},"Event":{"System":{"Provider_attributes":{"Name":"Microsoft-Windows-Security-Auditing","Guid":"54849625-5478-4994-A5BA-3E3B0328C30D"},"EventID":4625,"Version":0,"Level":0,"Task":12544,"Opcode":0,"Keywords":"0x8010000000000000","TimeCreated_attributes":{"SystemTime":"2023-09-25T20:39:50.836430Z"},"EventRecordID":11315,"Correlation_attributes":{"ActivityID":"7A9AC068-ECD0-0001-9CC0-9A7AD0ECD901"},"Execution_attributes":{"ProcessID":760,"ThreadID":5036},"Channel":"Security","Computer":"WIN","Security":null},"EventData":{"SubjectUserSid":"S-1-5-21-113448046-927799223-410490820-1001","SubjectUserName":"Admin","SubjectDomainName":"WIN","SubjectLogonId":"0x393f6d","TargetUserSid":"S-1-0-0","TargetUserName":"Admin","TargetDomainName":"WIN","Status":"0xc000006d","FailureReason":"%%2313","SubStatus":"0xc000006a","LogonType":2,"LogonProcessName":"Advapi  ","AuthenticationPackageName":"Negotiate","WorkstationName":"WIN","TransmittedServices":"-","LmPackageName":"-","KeyLength":0,"ProcessId":"0x1b0c","ProcessName":"C:\\Users\\Admin\\Desktop\\AccountRestore.bin\\AccountRestore.exe","IpAddress":"-","IpPort":"-"}}}
