{"Event_attributes":{"xmlns":"http://schemas.microsoft.com/win/2004/08/events/event"},"Event":{"System":{"Provider_attributes":{"Name":"Microsoft-Windows-Security-Auditing","Guid":"54849625-5478-4994-A5BA-3E3B0328C30D"},"EventID":4768,"Version":0,"Level":0,"Task":14339,"Opcode":0,"Keywords":"0x8010000000000000","TimeCreated_attributes":{"SystemTime":"2021-12-02T14:48:15.983650Z"},"EventRecordID":232254709,"Correlation":null,"Execution_attributes":{"ProcessID":596,"ThreadID":2472},"Channel":"Security","Computer":"rootdc1.offsec.lan","Security":null},"EventData":{"TargetUserName":"test1","TargetDomainName":"OFFSEC.LAN","TargetSid":"S-1-0-0","ServiceName":"krbtgt/OFFSEC.LAN","ServiceSid":"S-1-0-0","TicketOptions":"0x50800000","Status":"0x6","TicketEncryptionType":"0xffffffff","PreAuthType":"-","IpAddress":"::ffff:10.23.123.11","IpPort":"47388","CertIssuerName":"","CertSerialNumber":"","CertThumbprint":""}}}
{"Event_attributes":{"xmlns":"http://schemas.microsoft.com/win/2004/08/events/event"},"Event":{"System":{"Provider_attributes":{"Name":"Microsoft-Windows-Security-Auditing","Guid":"54849625-5478-4994-A5BA-3E3B0328C30D"},"EventID":4768,"Version":0,"Level":0,"Task":14339,"Opcode":0,"Keywords":"0x8020000000000000","TimeCreated_attributes":{"SystemTime":"2021-12-02T14:48:16.298439Z"},"EventRecordID":232254710,"Correlation":null,"Execution_attributes":{"ProcessID":596,"ThreadID":3076},"Channel":"Security","Computer":"rootdc1.offsec.lan","Security":null},"EventData":{"TargetUserName":"admmig","TargetDomainName":"OFFSEC.LAN","TargetSid":"S-1-5-21-4230534742-2542757381-3142984815-1111","ServiceName":"krbtgt","ServiceSid":"S-1-5-21-4230534742-2542757381-3142984815-502","TicketOptions":"0x50800000","Status":"0x0","TicketEncryptionType":"0x12","PreAuthType":"2","IpAddress":"::ffff:10.23.123.11","IpPort":"47392","CertIssuerName":"","CertSerialNumber":"","CertThumbprint":""}}}
{"Event_attributes":{"xmlns":"http://schemas.microsoft.com/win/2004/08/events/event"},"Event":{"System":{"Provider_attributes":{"Name":"Microsoft-Windows-Security-Auditing","Guid":"54849625-5478-4994-A5BA-3E3B0328C30D"},"EventID":4768,"Version":0,"Level":0,"Task":14339,"Opcode":0,"Keywords":"0x8010000000000000","TimeCreated_attributes":{"SystemTime":"2021-12-02T14:48:16.308292Z"},"EventRecordID":232254711,"Correlation":null,"Execution_attributes":{"ProcessID":596,"ThreadID":2472},"Channel":"Security","Computer":"rootdc1.offsec.lan","Security":null},"EventData":{"TargetUserName":"test2","TargetDomainName":"OFFSEC.LAN","TargetSid":"S-1-0-0","ServiceName":"krbtgt/OFFSEC.LAN","ServiceSid":"S-1-0-0","TicketOptions":"0x50800000","Status":"0x6","TicketEncryptionType":"0xffffffff","PreAuthType":"-","IpAddress":"::ffff:10.23.123.11","IpPort":"47394","CertIssuerName":"","CertSerialNumber":"","CertThumbprint":""}}}
{"Event_attributes":{"xmlns":"http://schemas.microsoft.com/win/2004/08/events/event"},"Event":{"System":{"Provider_attributes":{"Name":"Microsoft-Windows-Security-Auditing","Guid":"54849625-5478-4994-A5BA-3E3B0328C30D"},"EventID":4768,"Version":0,"Level":0,"Task":14339,"Opcode":0,"Keywords":"0x8010000000000000","TimeCreated_attributes":{"SystemTime":"2021-12-02T14:48:16.311324Z"},"EventRecordID":232254712,"Correlation":null,"Execution_attributes":{"ProcessID":596,"ThreadID":2656},"Channel":"Security","Computer":"rootdc1.offsec.lan","Security":null},"EventData":{"TargetUserName":"admtest","TargetDomainName":"OFFSEC.LAN","TargetSid":"S-1-0-0","ServiceName":"krbtgt/OFFSEC.LAN","ServiceSid":"S-1-0-0","TicketOptions":"0x50800000","Status":"0x6","TicketEncryptionType":"0xffffffff","PreAuthType":"-","IpAddress":"::ffff:10.23.123.11","IpPort":"47396","CertIssuerName":"","CertSerialNumber":"","CertThumbprint":""}}}
{"Event_attributes":{"xmlns":"http://schemas.microsoft.com/win/2004/08/events/event"},"Event":{"System":{"Provider_attributes":{"Name":"Microsoft-Windows-Security-Auditing","Guid":"54849625-5478-4994-A5BA-3E3B0328C30D"},"EventID":4768,"Version":0,"Level":0,"Task":14339,"Opcode":0,"Keywords":"0x8010000000000000","TimeCreated_attributes":{"SystemTime":"2021-12-02T14:48:16.338446Z"},"EventRecordID":232254713,"Correlation":null,"Execution_attributes":{"ProcessID":596,"ThreadID":2656},"Channel":"Security","Computer":"rootdc1.offsec.lan","Security":null},"EventData":{"TargetUserName":"administrator","TargetDomainName":"OFFSEC.LAN","TargetSid":"S-1-0-0","ServiceName":"krbtgt/OFFSEC.LAN","ServiceSid":"S-1-0-0","TicketOptions":"0x50800000","Status":"0x12","TicketEncryptionType":"0xffffffff","PreAuthType":"-","IpAddress":"::ffff:10.23.123.11","IpPort":"47398","CertIssuerName":"","CertSerialNumber":"","CertThumbprint":""}}}
{"Event_attributes":{"xmlns":"http://schemas.microsoft.com/win/2004/08/events/event"},"Event":{"System":{"Provider_attributes":{"Name":"Microsoft-Windows-Security-Auditing","Guid":"54849625-5478-4994-A5BA-3E3B0328C30D"},"EventID":4768,"Version":0,"Level":0,"Task":14339,"Opcode":0,"Keywords":"0x8020000000000000","TimeCreated_attributes":{"SystemTime":"2021-12-02T14:48:16.342766Z"},"EventRecordID":232254714,"Correlation":null,"Execution_attributes":{"ProcessID":596,"ThreadID":3076},"Channel":"Security","Computer":"rootdc1.offsec.lan","Security":null},"EventData":{"TargetUserName":"admin-test","TargetDomainName":"OFFSEC.LAN","TargetSid":"S-1-5-21-4230534742-2542757381-3142984815-1620","ServiceName":"krbtgt","ServiceSid":"S-1-5-21-4230534742-2542757381-3142984815-502","TicketOptions":"0x50800000","Status":"0x0","TicketEncryptionType":"0x12","PreAuthType":"0","IpAddress":"::ffff:10.23.123.11","IpPort":"47400","CertIssuerName":"","CertSerialNumber":"","CertThumbprint":""}}}
{"Event_attributes":{"xmlns":"http://schemas.microsoft.com/win/2004/08/events/event"},"Event":{"System":{"Provider_attributes":{"Name":"Microsoft-Windows-Security-Auditing","Guid":"54849625-5478-4994-A5BA-3E3B0328C30D"},"EventID":4771,"Version":0,"Level":0,"Task":14339,"Opcode":0,"Keywords":"0x8010000000000000","TimeCreated_attributes":{"SystemTime":"2021-12-02T14:48:16.956597Z"},"EventRecordID":232254715,"Correlation":null,"Execution_attributes":{"ProcessID":596,"ThreadID":3076},"Channel":"Security","Computer":"rootdc1.offsec.lan","Security":null},"EventData":{"TargetUserName":"admin-hacker","TargetSid":"S-1-5-21-4230534742-2542757381-3142984815-1147","ServiceName":"krbtgt/OFFSEC.LAN","TicketOptions":"0x50800000","Status":"0x18","PreAuthType":"2","IpAddress":"::ffff:10.23.123.11","IpPort":"47404","CertIssuerName":"","CertSerialNumber":"","CertThumbprint":""}}}
{"Event_attributes":{"xmlns":"http://schemas.microsoft.com/win/2004/08/events/event"},"Event":{"System":{"Provider_attributes":{"Name":"Microsoft-Windows-Security-Auditing","Guid":"54849625-5478-4994-A5BA-3E3B0328C30D"},"EventID":4771,"Version":0,"Level":0,"Task":14339,"Opcode":0,"Keywords":"0x8010000000000000","TimeCreated_attributes":{"SystemTime":"2021-12-02T14:48:17.263425Z"},"EventRecordID":232254720,"Correlation":null,"Execution_attributes":{"ProcessID":596,"ThreadID":2472},"Channel":"Security","Computer":"rootdc1.offsec.lan","Security":null},"EventData":{"TargetUserName":"adminupn42","TargetSid":"S-1-5-21-4230534742-2542757381-3142984815-1239","ServiceName":"krbtgt/OFFSEC.LAN","TicketOptions":"0x50800000","Status":"0x18","PreAuthType":"2","IpAddress":"::ffff:10.23.123.11","IpPort":"47408","CertIssuerName":"","CertSerialNumber":"","CertThumbprint":""}}}
{"Event_attributes":{"xmlns":"http://schemas.microsoft.com/win/2004/08/events/event"},"Event":{"System":{"Provider_attributes":{"Name":"Microsoft-Windows-Security-Auditing","Guid":"54849625-5478-4994-A5BA-3E3B0328C30D"},"EventID":4768,"Version":0,"Level":0,"Task":14339,"Opcode":0,"Keywords":"0x8010000000000000","TimeCreated_attributes":{"SystemTime":"2021-12-02T14:48:17.267234Z"},"EventRecordID":232254721,"Correlation":null,"Execution_attributes":{"ProcessID":596,"ThreadID":2656},"Channel":"Security","Computer":"rootdc1.offsec.lan","Security":null},"EventData":{"TargetUserName":"sgfg","TargetDomainName":"OFFSEC.LAN","TargetSid":"S-1-0-0","ServiceName":"krbtgt/OFFSEC.LAN","ServiceSid":"S-1-0-0","TicketOptions":"0x50800000","Status":"0x6","TicketEncryptionType":"0xffffffff","PreAuthType":"-","IpAddress":"::ffff:10.23.123.11","IpPort":"47410","CertIssuerName":"","CertSerialNumber":"","CertThumbprint":""}}}
{"Event_attributes":{"xmlns":"http://schemas.microsoft.com/win/2004/08/events/event"},"Event":{"System":{"Provider_attributes":{"Name":"Microsoft-Windows-Security-Auditing","Guid":"54849625-5478-4994-A5BA-3E3B0328C30D"},"EventID":4768,"Version":0,"Level":0,"Task":14339,"Opcode":0,"Keywords":"0x8010000000000000","TimeCreated_attributes":{"SystemTime":"2021-12-02T14:48:17.271151Z"},"EventRecordID":232254722,"Correlation":null,"Execution_attributes":{"ProcessID":596,"ThreadID":2472},"Channel":"Security","Computer":"rootdc1.offsec.lan","Security":null},"EventData":{"TargetUserName":"g","TargetDomainName":"OFFSEC.LAN","TargetSid":"S-1-0-0","ServiceName":"krbtgt/OFFSEC.LAN","ServiceSid":"S-1-0-0","TicketOptions":"0x50800000","Status":"0x6","TicketEncryptionType":"0xffffffff","PreAuthType":"-","IpAddress":"::ffff:10.23.123.11","IpPort":"47412","CertIssuerName":"","CertSerialNumber":"","CertThumbprint":""}}}
{"Event_attributes":{"xmlns":"http://schemas.microsoft.com/win/2004/08/events/event"},"Event":{"System":{"Provider_attributes":{"Name":"Microsoft-Windows-Security-Auditing","Guid":"54849625-5478-4994-A5BA-3E3B0328C30D"},"EventID":4768,"Version":0,"Level":0,"Task":14339,"Opcode":0,"Keywords":"0x8010000000000000","TimeCreated_attributes":{"SystemTime":"2021-12-02T14:48:17.274120Z"},"EventRecordID":232254723,"Correlation":null,"Execution_attributes":{"ProcessID":596,"ThreadID":2656},"Channel":"Security","Computer":"rootdc1.offsec.lan","Security":null},"EventData":{"TargetUserName":"dyfgdhbn","TargetDomainName":"OFFSEC.LAN","TargetSid":"S-1-0-0","ServiceName":"krbtgt/OFFSEC.LAN","ServiceSid":"S-1-0-0","TicketOptions":"0x50800000","Status":"0x6","TicketEncryptionType":"0xffffffff","PreAuthType":"-","IpAddress":"::ffff:10.23.123.11","IpPort":"47414","CertIssuerName":"","CertSerialNumber":"","CertThumbprint":""}}}
{"Event_attributes":{"xmlns":"http://schemas.microsoft.com/win/2004/08/events/event"},"Event":{"System":{"Provider_attributes":{"Name":"Microsoft-Windows-Security-Auditing","Guid":"54849625-5478-4994-A5BA-3E3B0328C30D"},"EventID":4768,"Version":0,"Level":0,"Task":14339,"Opcode":0,"Keywords":"0x8010000000000000","TimeCreated_attributes":{"SystemTime":"2021-12-02T14:48:17.277347Z"},"EventRecordID":232254724,"Correlation":null,"Execution_attributes":{"ProcessID":596,"ThreadID":2472},"Channel":"Security","Computer":"rootdc1.offsec.lan","Security":null},"EventData":{"TargetUserName":"xvtrz","TargetDomainName":"OFFSEC.LAN","TargetSid":"S-1-0-0","ServiceName":"krbtgt/OFFSEC.LAN","ServiceSid":"S-1-0-0","TicketOptions":"0x50800000","Status":"0x6","TicketEncryptionType":"0xffffffff","PreAuthType":"-","IpAddress":"::ffff:10.23.123.11","IpPort":"47416","CertIssuerName":"","CertSerialNumber":"","CertThumbprint":""}}}
{"Event_attributes":{"xmlns":"http://schemas.microsoft.com/win/2004/08/events/event"},"Event":{"System":{"Provider_attributes":{"Name":"Microsoft-Windows-Security-Auditing","Guid":"54849625-5478-4994-A5BA-3E3B0328C30D"},"EventID":4768,"Version":0,"Level":0,"Task":14339,"Opcode":0,"Keywords":"0x8010000000000000","TimeCreated_attributes":{"SystemTime":"2021-12-02T14:48:17.281075Z"},"EventRecordID":232254725,"Correlation":null,"Execution_attributes":{"ProcessID":596,"ThreadID":2472},"Channel":"Security","Computer":"rootdc1.offsec.lan","Security":null},"EventData":{"TargetUserName":"ar","TargetDomainName":"OFFSEC.LAN","TargetSid":"S-1-0-0","ServiceName":"krbtgt/OFFSEC.LAN","ServiceSid":"S-1-0-0","TicketOptions":"0x50800000","Status":"0x6","TicketEncryptionType":"0xffffffff","PreAuthType":"-","IpAddress":"::ffff:10.23.123.11","IpPort":"47418","CertIssuerName":"","CertSerialNumber":"","CertThumbprint":""}}}
{"Event_attributes":{"xmlns":"http://schemas.microsoft.com/win/2004/08/events/event"},"Event":{"System":{"Provider_attributes":{"Name":"Microsoft-Windows-Security-Auditing","Guid":"54849625-5478-4994-A5BA-3E3B0328C30D"},"EventID":4768,"Version":0,"Level":0,"Task":14339,"Opcode":0,"Keywords":"0x8010000000000000","TimeCreated_attributes":{"SystemTime":"2021-12-02T14:48:17.284216Z"},"EventRecordID":232254726,"Correlation":null,"Execution_attributes":{"ProcessID":596,"ThreadID":2784},"Channel":"Security","Computer":"rootdc1.offsec.lan","Security":null},"EventData":{"TargetUserName":"tary","TargetDomainName":"OFFSEC.LAN","TargetSid":"S-1-0-0","ServiceName":"krbtgt/OFFSEC.LAN","ServiceSid":"S-1-0-0","TicketOptions":"0x50800000","Status":"0x6","TicketEncryptionType":"0xffffffff","PreAuthType":"-","IpAddress":"::ffff:10.23.123.11","IpPort":"47420","CertIssuerName":"","CertSerialNumber":"","CertThumbprint":""}}}
{"Event_attributes":{"xmlns":"http://schemas.microsoft.com/win/2004/08/events/event"},"Event":{"System":{"Provider_attributes":{"Name":"Microsoft-Windows-Security-Auditing","Guid":"54849625-5478-4994-A5BA-3E3B0328C30D"},"EventID":4768,"Version":0,"Level":0,"Task":14339,"Opcode":0,"Keywords":"0x8010000000000000","TimeCreated_attributes":{"SystemTime":"2021-12-02T14:48:17.287153Z"},"EventRecordID":232254727,"Correlation":null,"Execution_attributes":{"ProcessID":596,"ThreadID":2784},"Channel":"Security","Computer":"rootdc1.offsec.lan","Security":null},"EventData":{"TargetUserName":"bsfin","TargetDomainName":"OFFSEC.LAN","TargetSid":"S-1-0-0","ServiceName":"krbtgt/OFFSEC.LAN","ServiceSid":"S-1-0-0","TicketOptions":"0x50800000","Status":"0x6","TicketEncryptionType":"0xffffffff","PreAuthType":"-","IpAddress":"::ffff:10.23.123.11","IpPort":"47422","CertIssuerName":"","CertSerialNumber":"","CertThumbprint":""}}}
{"Event_attributes":{"xmlns":"http://schemas.microsoft.com/win/2004/08/events/event"},"Event":{"System":{"Provider_attributes":{"Name":"Microsoft-Windows-Security-Auditing","Guid":"54849625-5478-4994-A5BA-3E3B0328C30D"},"EventID":4768,"Version":0,"Level":0,"Task":14339,"Opcode":0,"Keywords":"0x8010000000000000","TimeCreated_attributes":{"SystemTime":"2021-12-02T14:48:17.319388Z"},"EventRecordID":232254728,"Correlation":null,"Execution_attributes":{"ProcessID":596,"ThreadID":2472},"Channel":"Security","Computer":"rootdc1.offsec.lan","Security":null},"EventData":{"TargetUserName":"mgdi","TargetDomainName":"OFFSEC.LAN","TargetSid":"S-1-0-0","ServiceName":"krbtgt/OFFSEC.LAN","ServiceSid":"S-1-0-0","TicketOptions":"0x50800000","Status":"0x6","TicketEncryptionType":"0xffffffff","PreAuthType":"-","IpAddress":"::ffff:10.23.123.11","IpPort":"47424","CertIssuerName":"","CertSerialNumber":"","CertThumbprint":""}}}
{"Event_attributes":{"xmlns":"http://schemas.microsoft.com/win/2004/08/events/event"},"Event":{"System":{"Provider_attributes":{"Name":"Microsoft-Windows-Security-Auditing","Guid":"54849625-5478-4994-A5BA-3E3B0328C30D"},"EventID":4768,"Version":0,"Level":0,"Task":14339,"Opcode":0,"Keywords":"0x8010000000000000","TimeCreated_attributes":{"SystemTime":"2021-12-02T14:48:17.323738Z"},"EventRecordID":232254729,"Correlation":null,"Execution_attributes":{"ProcessID":596,"ThreadID":2784},"Channel":"Security","Computer":"rootdc1.offsec.lan","Security":null},"EventData":{"TargetUserName":"vdr","TargetDomainName":"OFFSEC.LAN","TargetSid":"S-1-0-0","ServiceName":"krbtgt/OFFSEC.LAN","ServiceSid":"S-1-0-0","TicketOptions":"0x50800000","Status":"0x6","TicketEncryptionType":"0xffffffff","PreAuthType":"-","IpAddress":"::ffff:10.23.123.11","IpPort":"47426","CertIssuerName":"","CertSerialNumber":"","CertThumbprint":""}}}
{"Event_attributes":{"xmlns":"http://schemas.microsoft.com/win/2004/08/events/event"},"Event":{"System":{"Provider_attributes":{"Name":"Microsoft-Windows-Security-Auditing","Guid":"54849625-5478-4994-A5BA-3E3B0328C30D"},"EventID":4768,"Version":0,"Level":0,"Task":14339,"Opcode":0,"Keywords":"0x8010000000000000","TimeCreated_attributes":{"SystemTime":"2021-12-02T14:48:17.327725Z"},"EventRecordID":232254730,"Correlation":null,"Execution_attributes":{"ProcessID":596,"ThreadID":2784},"Channel":"Security","Computer":"rootdc1.offsec.lan","Security":null},"EventData":{"TargetUserName":"tc","TargetDomainName":"OFFSEC.LAN","TargetSid":"S-1-0-0","ServiceName":"krbtgt/OFFSEC.LAN","ServiceSid":"S-1-0-0","TicketOptions":"0x50800000","Status":"0x6","TicketEncryptionType":"0xffffffff","PreAuthType":"-","IpAddress":"::ffff:10.23.123.11","IpPort":"47428","CertIssuerName":"","CertSerialNumber":"","CertThumbprint":""}}}
{"Event_attributes":{"xmlns":"http://schemas.microsoft.com/win/2004/08/events/event"},"Event":{"System":{"Provider_attributes":{"Name":"Microsoft-Windows-Security-Auditing","Guid":"54849625-5478-4994-A5BA-3E3B0328C30D"},"EventID":4768,"Version":0,"Level":0,"Task":14339,"Opcode":0,"Keywords":"0x8010000000000000","TimeCreated_attributes":{"SystemTime":"2021-12-02T14:48:17.331651Z"},"EventRecordID":232254731,"Correlation":null,"Execution_attributes":{"ProcessID":596,"ThreadID":2784},"Channel":"Security","Computer":"rootdc1.offsec.lan","Security":null},"EventData":{"TargetUserName":"syvsdy","TargetDomainName":"OFFSEC.LAN","TargetSid":"S-1-0-0","ServiceName":"krbtgt/OFFSEC.LAN","ServiceSid":"S-1-0-0","TicketOptions":"0x50800000","Status":"0x6","TicketEncryptionType":"0xffffffff","PreAuthType":"-","IpAddress":"::ffff:10.23.123.11","IpPort":"47430","CertIssuerName":"","CertSerialNumber":"","CertThumbprint":""}}}
{"Event_attributes":{"xmlns":"http://schemas.microsoft.com/win/2004/08/events/event"},"Event":{"System":{"Provider_attributes":{"Name":"Microsoft-Windows-Security-Auditing","Guid":"54849625-5478-4994-A5BA-3E3B0328C30D"},"EventID":4768,"Version":0,"Level":0,"Task":14339,"Opcode":0,"Keywords":"0x8010000000000000","TimeCreated_attributes":{"SystemTime":"2021-12-02T14:48:17.334904Z"},"EventRecordID":232254732,"Correlation":null,"Execution_attributes":{"ProcessID":596,"ThreadID":2784},"Channel":"Security","Computer":"rootdc1.offsec.lan","Security":null},"EventData":{"TargetUserName":"s","TargetDomainName":"OFFSEC.LAN","TargetSid":"S-1-0-0","ServiceName":"krbtgt/OFFSEC.LAN","ServiceSid":"S-1-0-0","TicketOptions":"0x50800000","Status":"0x6","TicketEncryptionType":"0xffffffff","PreAuthType":"-","IpAddress":"::ffff:10.23.123.11","IpPort":"47432","CertIssuerName":"","CertSerialNumber":"","CertThumbprint":""}}}
{"Event_attributes":{"xmlns":"http://schemas.microsoft.com/win/2004/08/events/event"},"Event":{"System":{"Provider_attributes":{"Name":"Microsoft-Windows-Security-Auditing","Guid":"54849625-5478-4994-A5BA-3E3B0328C30D"},"EventID":4768,"Version":0,"Level":0,"Task":14339,"Opcode":0,"Keywords":"0x8010000000000000","TimeCreated_attributes":{"SystemTime":"2021-12-02T14:48:17.337929Z"},"EventRecordID":232254733,"Correlation":null,"Execution_attributes":{"ProcessID":596,"ThreadID":2784},"Channel":"Security","Computer":"rootdc1.offsec.lan","Security":null},"EventData":{"TargetUserName":"ysy","TargetDomainName":"OFFSEC.LAN","TargetSid":"S-1-0-0","ServiceName":"krbtgt/OFFSEC.LAN","ServiceSid":"S-1-0-0","TicketOptions":"0x50800000","Status":"0x6","TicketEncryptionType":"0xffffffff","PreAuthType":"-","IpAddress":"::ffff:10.23.123.11","IpPort":"47434","CertIssuerName":"","CertSerialNumber":"","CertThumbprint":""}}}
{"Event_attributes":{"xmlns":"http://schemas.microsoft.com/win/2004/08/events/event"},"Event":{"System":{"Provider_attributes":{"Name":"Microsoft-Windows-Security-Auditing","Guid":"54849625-5478-4994-A5BA-3E3B0328C30D"},"EventID":4768,"Version":0,"Level":0,"Task":14339,"Opcode":0,"Keywords":"0x8010000000000000","TimeCreated_attributes":{"SystemTime":"2021-12-02T14:48:17.341464Z"},"EventRecordID":232254734,"Correlation":null,"Execution_attributes":{"ProcessID":596,"ThreadID":2472},"Channel":"Security","Computer":"rootdc1.offsec.lan","Security":null},"EventData":{"TargetUserName":"vrat","TargetDomainName":"OFFSEC.LAN","TargetSid":"S-1-0-0","ServiceName":"krbtgt/OFFSEC.LAN","ServiceSid":"S-1-0-0","TicketOptions":"0x50800000","Status":"0x6","TicketEncryptionType":"0xffffffff","PreAuthType":"-","IpAddress":"::ffff:10.23.123.11","IpPort":"47436","CertIssuerName":"","CertSerialNumber":"","CertThumbprint":""}}}
{"Event_attributes":{"xmlns":"http://schemas.microsoft.com/win/2004/08/events/event"},"Event":{"System":{"Provider_attributes":{"Name":"Microsoft-Windows-Security-Auditing","Guid":"54849625-5478-4994-A5BA-3E3B0328C30D"},"EventID":4768,"Version":0,"Level":0,"Task":14339,"Opcode":0,"Keywords":"0x8010000000000000","TimeCreated_attributes":{"SystemTime":"2021-12-02T14:48:17.344643Z"},"EventRecordID":232254735,"Correlation":null,"Execution_attributes":{"ProcessID":596,"ThreadID":2472},"Channel":"Security","Computer":"rootdc1.offsec.lan","Security":null},"EventData":{"TargetUserName":"vay","TargetDomainName":"OFFSEC.LAN","TargetSid":"S-1-0-0","ServiceName":"krbtgt/OFFSEC.LAN","ServiceSid":"S-1-0-0","TicketOptions":"0x50800000","Status":"0x6","TicketEncryptionType":"0xffffffff","PreAuthType":"-","IpAddress":"::ffff:10.23.123.11","IpPort":"47438","CertIssuerName":"","CertSerialNumber":"","CertThumbprint":""}}}
{"Event_attributes":{"xmlns":"http://schemas.microsoft.com/win/2004/08/events/event"},"Event":{"System":{"Provider_attributes":{"Name":"Microsoft-Windows-Security-Auditing","Guid":"54849625-5478-4994-A5BA-3E3B0328C30D"},"EventID":4768,"Version":0,"Level":0,"Task":14339,"Opcode":0,"Keywords":"0x8010000000000000","TimeCreated_attributes":{"SystemTime":"2021-12-02T14:48:17.348033Z"},"EventRecordID":232254736,"Correlation":null,"Execution_attributes":{"ProcessID":596,"ThreadID":2784},"Channel":"Security","Computer":"rootdc1.offsec.lan","Security":null},"EventData":{"TargetUserName":"vs","TargetDomainName":"OFFSEC.LAN","TargetSid":"S-1-0-0","ServiceName":"krbtgt/OFFSEC.LAN","ServiceSid":"S-1-0-0","TicketOptions":"0x50800000","Status":"0x6","TicketEncryptionType":"0xffffffff","PreAuthType":"-","IpAddress":"::ffff:10.23.123.11","IpPort":"47440","CertIssuerName":"","CertSerialNumber":"","CertThumbprint":""}}}
{"Event_attributes":{"xmlns":"http://schemas.microsoft.com/win/2004/08/events/event"},"Event":{"System":{"Provider_attributes":{"Name":"Microsoft-Windows-Security-Auditing","Guid":"54849625-5478-4994-A5BA-3E3B0328C30D"},"EventID":4768,"Version":0,"Level":0,"Task":14339,"Opcode":0,"Keywords":"0x8010000000000000","TimeCreated_attributes":{"SystemTime":"2021-12-02T14:48:17.351265Z"},"EventRecordID":232254737,"Correlation":null,"Execution_attributes":{"ProcessID":596,"ThreadID":2784},"Channel":"Security","Computer":"rootdc1.offsec.lan","Security":null},"EventData":{"TargetUserName":"uydzry","TargetDomainName":"OFFSEC.LAN","TargetSid":"S-1-0-0","ServiceName":"krbtgt/OFFSEC.LAN","ServiceSid":"S-1-0-0","TicketOptions":"0x50800000","Status":"0x6","TicketEncryptionType":"0xffffffff","PreAuthType":"-","IpAddress":"::ffff:10.23.123.11","IpPort":"47442","CertIssuerName":"","CertSerialNumber":"","CertThumbprint":""}}}
{"Event_attributes":{"xmlns":"http://schemas.microsoft.com/win/2004/08/events/event"},"Event":{"System":{"Provider_attributes":{"Name":"Microsoft-Windows-Security-Auditing","Guid":"54849625-5478-4994-A5BA-3E3B0328C30D"},"EventID":4768,"Version":0,"Level":0,"Task":14339,"Opcode":0,"Keywords":"0x8010000000000000","TimeCreated_attributes":{"SystemTime":"2021-12-02T14:48:17.354230Z"},"EventRecordID":232254738,"Correlation":null,"Execution_attributes":{"ProcessID":596,"ThreadID":2472},"Channel":"Security","Computer":"rootdc1.offsec.lan","Security":null},"EventData":{"TargetUserName":"rey","TargetDomainName":"OFFSEC.LAN","TargetSid":"S-1-0-0","ServiceName":"krbtgt/OFFSEC.LAN","ServiceSid":"S-1-0-0","TicketOptions":"0x50800000","Status":"0x6","TicketEncryptionType":"0xffffffff","PreAuthType":"-","IpAddress":"::ffff:10.23.123.11","IpPort":"47444","CertIssuerName":"","CertSerialNumber":"","CertThumbprint":""}}}
{"Event_attributes":{"xmlns":"http://schemas.microsoft.com/win/2004/08/events/event"},"Event":{"System":{"Provider_attributes":{"Name":"Microsoft-Windows-Security-Auditing","Guid":"54849625-5478-4994-A5BA-3E3B0328C30D"},"EventID":4768,"Version":0,"Level":0,"Task":14339,"Opcode":0,"Keywords":"0x8010000000000000","TimeCreated_attributes":{"SystemTime":"2021-12-02T14:48:17.357757Z"},"EventRecordID":232254739,"Correlation":null,"Execution_attributes":{"ProcessID":596,"ThreadID":2472},"Channel":"Security","Computer":"rootdc1.offsec.lan","Security":null},"EventData":{"TargetUserName":"vase","TargetDomainName":"OFFSEC.LAN","TargetSid":"S-1-0-0","ServiceName":"krbtgt/OFFSEC.LAN","ServiceSid":"S-1-0-0","TicketOptions":"0x50800000","Status":"0x6","TicketEncryptionType":"0xffffffff","PreAuthType":"-","IpAddress":"::ffff:10.23.123.11","IpPort":"47446","CertIssuerName":"","CertSerialNumber":"","CertThumbprint":""}}}
{"Event_attributes":{"xmlns":"http://schemas.microsoft.com/win/2004/08/events/event"},"Event":{"System":{"Provider_attributes":{"Name":"Microsoft-Windows-Security-Auditing","Guid":"54849625-5478-4994-A5BA-3E3B0328C30D"},"EventID":4768,"Version":0,"Level":0,"Task":14339,"Opcode":0,"Keywords":"0x8010000000000000","TimeCreated_attributes":{"SystemTime":"2021-12-02T14:48:17.360798Z"},"EventRecordID":232254740,"Correlation":null,"Execution_attributes":{"ProcessID":596,"ThreadID":2472},"Channel":"Security","Computer":"rootdc1.offsec.lan","Security":null},"EventData":{"TargetUserName":"ryver","TargetDomainName":"OFFSEC.LAN","TargetSid":"S-1-0-0","ServiceName":"krbtgt/OFFSEC.LAN","ServiceSid":"S-1-0-0","TicketOptions":"0x50800000","Status":"0x6","TicketEncryptionType":"0xffffffff","PreAuthType":"-","IpAddress":"::ffff:10.23.123.11","IpPort":"47448","CertIssuerName":"","CertSerialNumber":"","CertThumbprint":""}}}
{"Event_attributes":{"xmlns":"http://schemas.microsoft.com/win/2004/08/events/event"},"Event":{"System":{"Provider_attributes":{"Name":"Microsoft-Windows-Security-Auditing","Guid":"54849625-5478-4994-A5BA-3E3B0328C30D"},"EventID":4768,"Version":0,"Level":0,"Task":14339,"Opcode":0,"Keywords":"0x8010000000000000","TimeCreated_attributes":{"SystemTime":"2021-12-02T14:48:17.363773Z"},"EventRecordID":232254741,"Correlation":null,"Execution_attributes":{"ProcessID":596,"ThreadID":2784},"Channel":"Security","Computer":"rootdc1.offsec.lan","Security":null},"EventData":{"TargetUserName":"yvsyv","TargetDomainName":"OFFSEC.LAN","TargetSid":"S-1-0-0","ServiceName":"krbtgt/OFFSEC.LAN","ServiceSid":"S-1-0-0","TicketOptions":"0x50800000","Status":"0x6","TicketEncryptionType":"0xffffffff","PreAuthType":"-","IpAddress":"::ffff:10.23.123.11","IpPort":"47450","CertIssuerName":"","CertSerialNumber":"","CertThumbprint":""}}}
{"Event_attributes":{"xmlns":"http://schemas.microsoft.com/win/2004/08/events/event"},"Event":{"System":{"Provider_attributes":{"Name":"Microsoft-Windows-Security-Auditing","Guid":"54849625-5478-4994-A5BA-3E3B0328C30D"},"EventID":4768,"Version":0,"Level":0,"Task":14339,"Opcode":0,"Keywords":"0x8010000000000000","TimeCreated_attributes":{"SystemTime":"2021-12-02T14:48:17.367141Z"},"EventRecordID":232254742,"Correlation":null,"Execution_attributes":{"ProcessID":596,"ThreadID":2784},"Channel":"Security","Computer":"rootdc1.offsec.lan","Security":null},"EventData":{"TargetUserName":"srey","TargetDomainName":"OFFSEC.LAN","TargetSid":"S-1-0-0","ServiceName":"krbtgt/OFFSEC.LAN","ServiceSid":"S-1-0-0","TicketOptions":"0x50800000","Status":"0x6","TicketEncryptionType":"0xffffffff","PreAuthType":"-","IpAddress":"::ffff:10.23.123.11","IpPort":"47452","CertIssuerName":"","CertSerialNumber":"","CertThumbprint":""}}}
{"Event_attributes":{"xmlns":"http://schemas.microsoft.com/win/2004/08/events/event"},"Event":{"System":{"Provider_attributes":{"Name":"Microsoft-Windows-Security-Auditing","Guid":"54849625-5478-4994-A5BA-3E3B0328C30D"},"EventID":4768,"Version":0,"Level":0,"Task":14339,"Opcode":0,"Keywords":"0x8010000000000000","TimeCreated_attributes":{"SystemTime":"2021-12-02T14:48:17.370288Z"},"EventRecordID":232254743,"Correlation":null,"Execution_attributes":{"ProcessID":596,"ThreadID":2472},"Channel":"Security","Computer":"rootdc1.offsec.lan","Security":null},"EventData":{"TargetUserName":"b aer","TargetDomainName":"OFFSEC.LAN","TargetSid":"S-1-0-0","ServiceName":"krbtgt/OFFSEC.LAN","ServiceSid":"S-1-0-0","TicketOptions":"0x50800000","Status":"0x6","TicketEncryptionType":"0xffffffff","PreAuthType":"-","IpAddress":"::ffff:10.23.123.11","IpPort":"47454","CertIssuerName":"","CertSerialNumber":"","CertThumbprint":""}}}
{"Event_attributes":{"xmlns":"http://schemas.microsoft.com/win/2004/08/events/event"},"Event":{"System":{"Provider_attributes":{"Name":"Microsoft-Windows-Security-Auditing","Guid":"54849625-5478-4994-A5BA-3E3B0328C30D"},"EventID":4768,"Version":0,"Level":0,"Task":14339,"Opcode":0,"Keywords":"0x8010000000000000","TimeCreated_attributes":{"SystemTime":"2021-12-02T14:48:17.373872Z"},"EventRecordID":232254744,"Correlation":null,"Execution_attributes":{"ProcessID":596,"ThreadID":2472},"Channel":"Security","Computer":"rootdc1.offsec.lan","Security":null},"EventData":{"TargetUserName":"yvas","TargetDomainName":"OFFSEC.LAN","TargetSid":"S-1-0-0","ServiceName":"krbtgt/OFFSEC.LAN","ServiceSid":"S-1-0-0","TicketOptions":"0x50800000","Status":"0x6","TicketEncryptionType":"0xffffffff","PreAuthType":"-","IpAddress":"::ffff:10.23.123.11","IpPort":"47456","CertIssuerName":"","CertSerialNumber":"","CertThumbprint":""}}}
{"Event_attributes":{"xmlns":"http://schemas.microsoft.com/win/2004/08/events/event"},"Event":{"System":{"Provider_attributes":{"Name":"Microsoft-Windows-Security-Auditing","Guid":"54849625-5478-4994-A5BA-3E3B0328C30D"},"EventID":4768,"Version":0,"Level":0,"Task":14339,"Opcode":0,"Keywords":"0x8010000000000000","TimeCreated_attributes":{"SystemTime":"2021-12-02T14:48:17.376790Z"},"EventRecordID":232254745,"Correlation":null,"Execution_attributes":{"ProcessID":596,"ThreadID":2472},"Channel":"Security","Computer":"rootdc1.offsec.lan","Security":null},"EventData":{"TargetUserName":"tbyt","TargetDomainName":"OFFSEC.LAN","TargetSid":"S-1-0-0","ServiceName":"krbtgt/OFFSEC.LAN","ServiceSid":"S-1-0-0","TicketOptions":"0x50800000","Status":"0x6","TicketEncryptionType":"0xffffffff","PreAuthType":"-","IpAddress":"::ffff:10.23.123.11","IpPort":"47458","CertIssuerName":"","CertSerialNumber":"","CertThumbprint":""}}}
{"Event_attributes":{"xmlns":"http://schemas.microsoft.com/win/2004/08/events/event"},"Event":{"System":{"Provider_attributes":{"Name":"Microsoft-Windows-Security-Auditing","Guid":"54849625-5478-4994-A5BA-3E3B0328C30D"},"EventID":4768,"Version":0,"Level":0,"Task":14339,"Opcode":0,"Keywords":"0x8010000000000000","TimeCreated_attributes":{"SystemTime":"2021-12-02T14:48:17.379807Z"},"EventRecordID":232254746,"Correlation":null,"Execution_attributes":{"ProcessID":596,"ThreadID":2784},"Channel":"Security","Computer":"rootdc1.offsec.lan","Security":null},"EventData":{"TargetUserName":"nini","TargetDomainName":"OFFSEC.LAN","TargetSid":"S-1-0-0","ServiceName":"krbtgt/OFFSEC.LAN","ServiceSid":"S-1-0-0","TicketOptions":"0x50800000","Status":"0x6","TicketEncryptionType":"0xffffffff","PreAuthType":"-","IpAddress":"::ffff:10.23.123.11","IpPort":"47460","CertIssuerName":"","CertSerialNumber":"","CertThumbprint":""}}}
{"Event_attributes":{"xmlns":"http://schemas.microsoft.com/win/2004/08/events/event"},"Event":{"System":{"Provider_attributes":{"Name":"Microsoft-Windows-Security-Auditing","Guid":"54849625-5478-4994-A5BA-3E3B0328C30D"},"EventID":4768,"Version":0,"Level":0,"Task":14339,"Opcode":0,"Keywords":"0x8010000000000000","TimeCreated_attributes":{"SystemTime":"2021-12-02T14:48:17.382801Z"},"EventRecordID":232254747,"Correlation":null,"Execution_attributes":{"ProcessID":596,"ThreadID":2472},"Channel":"Security","Computer":"rootdc1.offsec.lan","Security":null},"EventData":{"TargetUserName":"ugu","TargetDomainName":"OFFSEC.LAN","TargetSid":"S-1-0-0","ServiceName":"krbtgt/OFFSEC.LAN","ServiceSid":"S-1-0-0","TicketOptions":"0x50800000","Status":"0x6","TicketEncryptionType":"0xffffffff","PreAuthType":"-","IpAddress":"::ffff:10.23.123.11","IpPort":"47462","CertIssuerName":"","CertSerialNumber":"","CertThumbprint":""}}}
{"Event_attributes":{"xmlns":"http://schemas.microsoft.com/win/2004/08/events/event"},"Event":{"System":{"Provider_attributes":{"Name":"Microsoft-Windows-Security-Auditing","Guid":"54849625-5478-4994-A5BA-3E3B0328C30D"},"EventID":4768,"Version":0,"Level":0,"Task":14339,"Opcode":0,"Keywords":"0x8010000000000000","TimeCreated_attributes":{"SystemTime":"2021-12-02T14:48:17.385792Z"},"EventRecordID":232254748,"Correlation":null,"Execution_attributes":{"ProcessID":596,"ThreadID":2784},"Channel":"Security","Computer":"rootdc1.offsec.lan","Security":null},"EventData":{"TargetUserName":"m,og","TargetDomainName":"OFFSEC.LAN","TargetSid":"S-1-0-0","ServiceName":"krbtgt/OFFSEC.LAN","ServiceSid":"S-1-0-0","TicketOptions":"0x50800000","Status":"0x6","TicketEncryptionType":"0xffffffff","PreAuthType":"-","IpAddress":"::ffff:10.23.123.11","IpPort":"47464","CertIssuerName":"","CertSerialNumber":"","CertThumbprint":""}}}
{"Event_attributes":{"xmlns":"http://schemas.microsoft.com/win/2004/08/events/event"},"Event":{"System":{"Provider_attributes":{"Name":"Microsoft-Windows-Security-Auditing","Guid":"54849625-5478-4994-A5BA-3E3B0328C30D"},"EventID":4768,"Version":0,"Level":0,"Task":14339,"Opcode":0,"Keywords":"0x8010000000000000","TimeCreated_attributes":{"SystemTime":"2021-12-02T14:48:17.389233Z"},"EventRecordID":232254749,"Correlation":null,"Execution_attributes":{"ProcessID":596,"ThreadID":2784},"Channel":"Security","Computer":"rootdc1.offsec.lan","Security":null},"EventData":{"TargetUserName":"go","TargetDomainName":"OFFSEC.LAN","TargetSid":"S-1-0-0","ServiceName":"krbtgt/OFFSEC.LAN","ServiceSid":"S-1-0-0","TicketOptions":"0x50800000","Status":"0x6","TicketEncryptionType":"0xffffffff","PreAuthType":"-","IpAddress":"::ffff:10.23.123.11","IpPort":"47466","CertIssuerName":"","CertSerialNumber":"","CertThumbprint":""}}}
{"Event_attributes":{"xmlns":"http://schemas.microsoft.com/win/2004/08/events/event"},"Event":{"System":{"Provider_attributes":{"Name":"Microsoft-Windows-Security-Auditing","Guid":"54849625-5478-4994-A5BA-3E3B0328C30D"},"EventID":4768,"Version":0,"Level":0,"Task":14339,"Opcode":0,"Keywords":"0x8010000000000000","TimeCreated_attributes":{"SystemTime":"2021-12-02T14:48:17.392121Z"},"EventRecordID":232254750,"Correlation":null,"Execution_attributes":{"ProcessID":596,"ThreadID":2784},"Channel":"Security","Computer":"rootdc1.offsec.lan","Security":null},"EventData":{"TargetUserName":"nd","TargetDomainName":"OFFSEC.LAN","TargetSid":"S-1-0-0","ServiceName":"krbtgt/OFFSEC.LAN","ServiceSid":"S-1-0-0","TicketOptions":"0x50800000","Status":"0x6","TicketEncryptionType":"0xffffffff","PreAuthType":"-","IpAddress":"::ffff:10.23.123.11","IpPort":"47468","CertIssuerName":"","CertSerialNumber":"","CertThumbprint":""}}}
{"Event_attributes":{"xmlns":"http://schemas.microsoft.com/win/2004/08/events/event"},"Event":{"System":{"Provider_attributes":{"Name":"Microsoft-Windows-Security-Auditing","Guid":"54849625-5478-4994-A5BA-3E3B0328C30D"},"EventID":4768,"Version":0,"Level":0,"Task":14339,"Opcode":0,"Keywords":"0x8010000000000000","TimeCreated_attributes":{"SystemTime":"2021-12-02T14:48:17.395127Z"},"EventRecordID":232254751,"Correlation":null,"Execution_attributes":{"ProcessID":596,"ThreadID":2472},"Channel":"Security","Computer":"rootdc1.offsec.lan","Security":null},"EventData":{"TargetUserName":"bdcy","TargetDomainName":"OFFSEC.LAN","TargetSid":"S-1-0-0","ServiceName":"krbtgt/OFFSEC.LAN","ServiceSid":"S-1-0-0","TicketOptions":"0x50800000","Status":"0x6","TicketEncryptionType":"0xffffffff","PreAuthType":"-","IpAddress":"::ffff:10.23.123.11","IpPort":"47470","CertIssuerName":"","CertSerialNumber":"","CertThumbprint":""}}}
{"Event_attributes":{"xmlns":"http://schemas.microsoft.com/win/2004/08/events/event"},"Event":{"System":{"Provider_attributes":{"Name":"Microsoft-Windows-Security-Auditing","Guid":"54849625-5478-4994-A5BA-3E3B0328C30D"},"EventID":4768,"Version":0,"Level":0,"Task":14339,"Opcode":0,"Keywords":"0x8010000000000000","TimeCreated_attributes":{"SystemTime":"2021-12-02T14:48:17.398205Z"},"EventRecordID":232254752,"Correlation":null,"Execution_attributes":{"ProcessID":596,"ThreadID":2784},"Channel":"Security","Computer":"rootdc1.offsec.lan","Security":null},"EventData":{"TargetUserName":"rec","TargetDomainName":"OFFSEC.LAN","TargetSid":"S-1-0-0","ServiceName":"krbtgt/OFFSEC.LAN","ServiceSid":"S-1-0-0","TicketOptions":"0x50800000","Status":"0x6","TicketEncryptionType":"0xffffffff","PreAuthType":"-","IpAddress":"::ffff:10.23.123.11","IpPort":"47472","CertIssuerName":"","CertSerialNumber":"","CertThumbprint":""}}}
{"Event_attributes":{"xmlns":"http://schemas.microsoft.com/win/2004/08/events/event"},"Event":{"System":{"Provider_attributes":{"Name":"Microsoft-Windows-Security-Auditing","Guid":"54849625-5478-4994-A5BA-3E3B0328C30D"},"EventID":4768,"Version":0,"Level":0,"Task":14339,"Opcode":0,"Keywords":"0x8010000000000000","TimeCreated_attributes":{"SystemTime":"2021-12-02T14:48:17.401185Z"},"EventRecordID":232254753,"Correlation":null,"Execution_attributes":{"ProcessID":596,"ThreadID":2472},"Channel":"Security","Computer":"rootdc1.offsec.lan","Security":null},"EventData":{"TargetUserName":"xt","TargetDomainName":"OFFSEC.LAN","TargetSid":"S-1-0-0","ServiceName":"krbtgt/OFFSEC.LAN","ServiceSid":"S-1-0-0","TicketOptions":"0x50800000","Status":"0x6","TicketEncryptionType":"0xffffffff","PreAuthType":"-","IpAddress":"::ffff:10.23.123.11","IpPort":"47474","CertIssuerName":"","CertSerialNumber":"","CertThumbprint":""}}}
{"Event_attributes":{"xmlns":"http://schemas.microsoft.com/win/2004/08/events/event"},"Event":{"System":{"Provider_attributes":{"Name":"Microsoft-Windows-Security-Auditing","Guid":"54849625-5478-4994-A5BA-3E3B0328C30D"},"EventID":4768,"Version":0,"Level":0,"Task":14339,"Opcode":0,"Keywords":"0x8010000000000000","TimeCreated_attributes":{"SystemTime":"2021-12-02T14:48:17.405200Z"},"EventRecordID":232254754,"Correlation":null,"Execution_attributes":{"ProcessID":596,"ThreadID":2784},"Channel":"Security","Computer":"rootdc1.offsec.lan","Security":null},"EventData":{"TargetUserName":"accrt","TargetDomainName":"OFFSEC.LAN","TargetSid":"S-1-0-0","ServiceName":"krbtgt/OFFSEC.LAN","ServiceSid":"S-1-0-0","TicketOptions":"0x50800000","Status":"0x6","TicketEncryptionType":"0xffffffff","PreAuthType":"-","IpAddress":"::ffff:10.23.123.11","IpPort":"47476","CertIssuerName":"","CertSerialNumber":"","CertThumbprint":""}}}
{"Event_attributes":{"xmlns":"http://schemas.microsoft.com/win/2004/08/events/event"},"Event":{"System":{"Provider_attributes":{"Name":"Microsoft-Windows-Security-Auditing","Guid":"54849625-5478-4994-A5BA-3E3B0328C30D"},"EventID":4768,"Version":0,"Level":0,"Task":14339,"Opcode":0,"Keywords":"0x8010000000000000","TimeCreated_attributes":{"SystemTime":"2021-12-02T14:48:17.408076Z"},"EventRecordID":232254755,"Correlation":null,"Execution_attributes":{"ProcessID":596,"ThreadID":2784},"Channel":"Security","Computer":"rootdc1.offsec.lan","Security":null},"EventData":{"TargetUserName":"wyt","TargetDomainName":"OFFSEC.LAN","TargetSid":"S-1-0-0","ServiceName":"krbtgt/OFFSEC.LAN","ServiceSid":"S-1-0-0","TicketOptions":"0x50800000","Status":"0x6","TicketEncryptionType":"0xffffffff","PreAuthType":"-","IpAddress":"::ffff:10.23.123.11","IpPort":"47478","CertIssuerName":"","CertSerialNumber":"","CertThumbprint":""}}}
{"Event_attributes":{"xmlns":"http://schemas.microsoft.com/win/2004/08/events/event"},"Event":{"System":{"Provider_attributes":{"Name":"Microsoft-Windows-Security-Auditing","Guid":"54849625-5478-4994-A5BA-3E3B0328C30D"},"EventID":4768,"Version":0,"Level":0,"Task":14339,"Opcode":0,"Keywords":"0x8010000000000000","TimeCreated_attributes":{"SystemTime":"2021-12-02T14:48:17.410987Z"},"EventRecordID":232254756,"Correlation":null,"Execution_attributes":{"ProcessID":596,"ThreadID":2472},"Channel":"Security","Computer":"rootdc1.offsec.lan","Security":null},"EventData":{"TargetUserName":"xc","TargetDomainName":"OFFSEC.LAN","TargetSid":"S-1-0-0","ServiceName":"krbtgt/OFFSEC.LAN","ServiceSid":"S-1-0-0","TicketOptions":"0x50800000","Status":"0x6","TicketEncryptionType":"0xffffffff","PreAuthType":"-","IpAddress":"::ffff:10.23.123.11","IpPort":"47480","CertIssuerName":"","CertSerialNumber":"","CertThumbprint":""}}}
{"Event_attributes":{"xmlns":"http://schemas.microsoft.com/win/2004/08/events/event"},"Event":{"System":{"Provider_attributes":{"Name":"Microsoft-Windows-Security-Auditing","Guid":"54849625-5478-4994-A5BA-3E3B0328C30D"},"EventID":4768,"Version":0,"Level":0,"Task":14339,"Opcode":0,"Keywords":"0x8010000000000000","TimeCreated_attributes":{"SystemTime":"2021-12-02T14:48:17.413924Z"},"EventRecordID":232254757,"Correlation":null,"Execution_attributes":{"ProcessID":596,"ThreadID":2472},"Channel":"Security","Computer":"rootdc1.offsec.lan","Security":null},"EventData":{"TargetUserName":"vt","TargetDomainName":"OFFSEC.LAN","TargetSid":"S-1-0-0","ServiceName":"krbtgt/OFFSEC.LAN","ServiceSid":"S-1-0-0","TicketOptions":"0x50800000","Status":"0x6","TicketEncryptionType":"0xffffffff","PreAuthType":"-","IpAddress":"::ffff:10.23.123.11","IpPort":"47482","CertIssuerName":"","CertSerialNumber":"","CertThumbprint":""}}}
{"Event_attributes":{"xmlns":"http://schemas.microsoft.com/win/2004/08/events/event"},"Event":{"System":{"Provider_attributes":{"Name":"Microsoft-Windows-Security-Auditing","Guid":"54849625-5478-4994-A5BA-3E3B0328C30D"},"EventID":4768,"Version":0,"Level":0,"Task":14339,"Opcode":0,"Keywords":"0x8010000000000000","TimeCreated_attributes":{"SystemTime":"2021-12-02T14:48:17.416788Z"},"EventRecordID":232254758,"Correlation":null,"Execution_attributes":{"ProcessID":596,"ThreadID":2784},"Channel":"Security","Computer":"rootdc1.offsec.lan","Security":null},"EventData":{"TargetUserName":"ytuntsr","TargetDomainName":"OFFSEC.LAN","TargetSid":"S-1-0-0","ServiceName":"krbtgt/OFFSEC.LAN","ServiceSid":"S-1-0-0","TicketOptions":"0x50800000","Status":"0x6","TicketEncryptionType":"0xffffffff","PreAuthType":"-","IpAddress":"::ffff:10.23.123.11","IpPort":"47484","CertIssuerName":"","CertSerialNumber":"","CertThumbprint":""}}}
{"Event_attributes":{"xmlns":"http://schemas.microsoft.com/win/2004/08/events/event"},"Event":{"System":{"Provider_attributes":{"Name":"Microsoft-Windows-Security-Auditing","Guid":"54849625-5478-4994-A5BA-3E3B0328C30D"},"EventID":4768,"Version":0,"Level":0,"Task":14339,"Opcode":0,"Keywords":"0x8010000000000000","TimeCreated_attributes":{"SystemTime":"2021-12-02T14:48:17.420305Z"},"EventRecordID":232254759,"Correlation":null,"Execution_attributes":{"ProcessID":596,"ThreadID":2784},"Channel":"Security","Computer":"rootdc1.offsec.lan","Security":null},"EventData":{"TargetUserName":"vga","TargetDomainName":"OFFSEC.LAN","TargetSid":"S-1-0-0","ServiceName":"krbtgt/OFFSEC.LAN","ServiceSid":"S-1-0-0","TicketOptions":"0x50800000","Status":"0x6","TicketEncryptionType":"0xffffffff","PreAuthType":"-","IpAddress":"::ffff:10.23.123.11","IpPort":"47486","CertIssuerName":"","CertSerialNumber":"","CertThumbprint":""}}}
{"Event_attributes":{"xmlns":"http://schemas.microsoft.com/win/2004/08/events/event"},"Event":{"System":{"Provider_attributes":{"Name":"Microsoft-Windows-Security-Auditing","Guid":"54849625-5478-4994-A5BA-3E3B0328C30D"},"EventID":4768,"Version":0,"Level":0,"Task":14339,"Opcode":0,"Keywords":"0x8010000000000000","TimeCreated_attributes":{"SystemTime":"2021-12-02T14:48:17.423580Z"},"EventRecordID":232254760,"Correlation":null,"Execution_attributes":{"ProcessID":596,"ThreadID":2472},"Channel":"Security","Computer":"rootdc1.offsec.lan","Security":null},"EventData":{"TargetUserName":"tfay","TargetDomainName":"OFFSEC.LAN","TargetSid":"S-1-0-0","ServiceName":"krbtgt/OFFSEC.LAN","ServiceSid":"S-1-0-0","TicketOptions":"0x50800000","Status":"0x6","TicketEncryptionType":"0xffffffff","PreAuthType":"-","IpAddress":"::ffff:10.23.123.11","IpPort":"47488","CertIssuerName":"","CertSerialNumber":"","CertThumbprint":""}}}
{"Event_attributes":{"xmlns":"http://schemas.microsoft.com/win/2004/08/events/event"},"Event":{"System":{"Provider_attributes":{"Name":"Microsoft-Windows-Security-Auditing","Guid":"54849625-5478-4994-A5BA-3E3B0328C30D"},"EventID":4768,"Version":0,"Level":0,"Task":14339,"Opcode":0,"Keywords":"0x8010000000000000","TimeCreated_attributes":{"SystemTime":"2021-12-02T14:48:17.426975Z"},"EventRecordID":232254761,"Correlation":null,"Execution_attributes":{"ProcessID":596,"ThreadID":2784},"Channel":"Security","Computer":"rootdc1.offsec.lan","Security":null},"EventData":{"TargetUserName":"sef","TargetDomainName":"OFFSEC.LAN","TargetSid":"S-1-0-0","ServiceName":"krbtgt/OFFSEC.LAN","ServiceSid":"S-1-0-0","TicketOptions":"0x50800000","Status":"0x6","TicketEncryptionType":"0xffffffff","PreAuthType":"-","IpAddress":"::ffff:10.23.123.11","IpPort":"47490","CertIssuerName":"","CertSerialNumber":"","CertThumbprint":""}}}
{"Event_attributes":{"xmlns":"http://schemas.microsoft.com/win/2004/08/events/event"},"Event":{"System":{"Provider_attributes":{"Name":"Microsoft-Windows-Security-Auditing","Guid":"54849625-5478-4994-A5BA-3E3B0328C30D"},"EventID":4768,"Version":0,"Level":0,"Task":14339,"Opcode":0,"Keywords":"0x8010000000000000","TimeCreated_attributes":{"SystemTime":"2021-12-02T14:48:17.430096Z"},"EventRecordID":232254762,"Correlation":null,"Execution_attributes":{"ProcessID":596,"ThreadID":2472},"Channel":"Security","Computer":"rootdc1.offsec.lan","Security":null},"EventData":{"TargetUserName":"gsdf","TargetDomainName":"OFFSEC.LAN","TargetSid":"S-1-0-0","ServiceName":"krbtgt/OFFSEC.LAN","ServiceSid":"S-1-0-0","TicketOptions":"0x50800000","Status":"0x6","TicketEncryptionType":"0xffffffff","PreAuthType":"-","IpAddress":"::ffff:10.23.123.11","IpPort":"47492","CertIssuerName":"","CertSerialNumber":"","CertThumbprint":""}}}
{"Event_attributes":{"xmlns":"http://schemas.microsoft.com/win/2004/08/events/event"},"Event":{"System":{"Provider_attributes":{"Name":"Microsoft-Windows-Security-Auditing","Guid":"54849625-5478-4994-A5BA-3E3B0328C30D"},"EventID":4768,"Version":0,"Level":0,"Task":14339,"Opcode":0,"Keywords":"0x8010000000000000","TimeCreated_attributes":{"SystemTime":"2021-12-02T14:48:17.433077Z"},"EventRecordID":232254763,"Correlation":null,"Execution_attributes":{"ProcessID":596,"ThreadID":2472},"Channel":"Security","Computer":"rootdc1.offsec.lan","Security":null},"EventData":{"TargetUserName":"sfs","TargetDomainName":"OFFSEC.LAN","TargetSid":"S-1-0-0","ServiceName":"krbtgt/OFFSEC.LAN","ServiceSid":"S-1-0-0","TicketOptions":"0x50800000","Status":"0x6","TicketEncryptionType":"0xffffffff","PreAuthType":"-","IpAddress":"::ffff:10.23.123.11","IpPort":"47494","CertIssuerName":"","CertSerialNumber":"","CertThumbprint":""}}}
{"Event_attributes":{"xmlns":"http://schemas.microsoft.com/win/2004/08/events/event"},"Event":{"System":{"Provider_attributes":{"Name":"Microsoft-Windows-Security-Auditing","Guid":"54849625-5478-4994-A5BA-3E3B0328C30D"},"EventID":4768,"Version":0,"Level":0,"Task":14339,"Opcode":0,"Keywords":"0x8020000000000000","TimeCreated_attributes":{"SystemTime":"2021-12-02T14:48:23.180738Z"},"EventRecordID":232254768,"Correlation":null,"Execution_attributes":{"ProcessID":596,"ThreadID":2784},"Channel":"Security","Computer":"rootdc1.offsec.lan","Security":null},"EventData":{"TargetUserName":"HealthMailboxf49e2c8","TargetDomainName":"OFFSEC.LAN","TargetSid":"S-1-5-21-4230534742-2542757381-3142984815-1231","ServiceName":"krbtgt","ServiceSid":"S-1-5-21-4230534742-2542757381-3142984815-502","TicketOptions":"0x40810010","Status":"0x0","TicketEncryptionType":"0x12","PreAuthType":"2","IpAddress":"::ffff:10.23.42.16","IpPort":"13931","CertIssuerName":"","CertSerialNumber":"","CertThumbprint":""}}}
