{"Event_attributes":{"xmlns":"http://schemas.microsoft.com/win/2004/08/events/event"},"Event":{"System":{"Provider_attributes":{"Name":"Microsoft-Windows-Security-Auditing","Guid":"{54849625-5478-4994-A5BA-3E3B0328C30D}"},"EventID":"4950","Version":"0","Level":"0","Task":"13571","Opcode":"0","Keywords":"0x8020000000000000","TimeCreated_attributes":{"SystemTime":"2021-06-03T19:39:52.893115500Z"},"EventRecordID":"1974770","Correlation_attributes":{"ActivityID":"{38068009-512D-0000-1D80-06382D51D701}"},"Execution_attributes":{"ProcessID":"556","ThreadID":"2532"},"Channel":"Security","Computer":"fs01.offsec.lan","Security":null},"EventData":{"ProfileChanged":"Domain","SettingType":"Enable Windows Firewall","SettingValue":"Yes"}}}
{"Event_attributes":{"xmlns":"http://schemas.microsoft.com/win/2004/08/events/event"},"Event":{"System":{"Provider_attributes":{"Name":"Microsoft-Windows-Security-Auditing","Guid":"{54849625-5478-4994-A5BA-3E3B0328C30D}"},"EventID":"4950","Version":"0","Level":"0","Task":"13571","Opcode":"0","Keywords":"0x8020000000000000","TimeCreated_attributes":{"SystemTime":"2021-06-03T19:39:52.932317900Z"},"EventRecordID":"1974775","Correlation_attributes":{"ActivityID":"{38068009-512D-0000-1D80-06382D51D701}"},"Execution_attributes":{"ProcessID":"556","ThreadID":"2532"},"Channel":"Security","Computer":"fs01.offsec.lan","Security":null},"EventData":{"ProfileChanged":"Private","SettingType":"Enable Windows Firewall","SettingValue":"Yes"}}}
{"Event_attributes":{"xmlns":"http://schemas.microsoft.com/win/2004/08/events/event"},"Event":{"System":{"Provider_attributes":{"Name":"Microsoft-Windows-Windows Firewall With Advanced Security","Guid":"{D1BC9AFF-2ABF-4D71-9146-ECB2A986EB85}"},"EventID":"2003","Version":"0","Level":"4","Task":"0","Opcode":"0","Keywords":"0x8000000000000000","TimeCreated_attributes":{"SystemTime":"2021-06-03T19:39:52.893086100Z"},"EventRecordID":"912","Correlation":null,"Execution_attributes":{"ProcessID":"1000","ThreadID":"5464"},"Channel":"Microsoft-Windows-Windows Firewall With Advanced Security/Firewall","Computer":"fs01.offsec.lan","Security_attributes":{"UserID":"S-1-5-19"}},"EventData":{"Profiles":"1","SettingType":"1","SettingValueSize":"4","SettingValue":"01000000","SettingValueString":"Yes","Origin":"1","ModifyingUser":"S-1-5-21-4230534742-2542757381-3142984815-1111","ModifyingApplication":"C:\\Windows\\System32\\wbem\\WmiPrvSE.exe"}}}
{"Event_attributes":{"xmlns":"http://schemas.microsoft.com/win/2004/08/events/event"},"Event":{"System":{"Provider_attributes":{"Name":"Microsoft-Windows-Windows Firewall With Advanced Security","Guid":"{D1BC9AFF-2ABF-4D71-9146-ECB2A986EB85}"},"EventID":"2003","Version":"0","Level":"4","Task":"0","Opcode":"0","Keywords":"0x8000000000000000","TimeCreated_attributes":{"SystemTime":"2021-06-03T19:39:52.895995800Z"},"EventRecordID":"913","Correlation":null,"Execution_attributes":{"ProcessID":"1000","ThreadID":"5464"},"Channel":"Microsoft-Windows-Windows Firewall With Advanced Security/Firewall","Computer":"fs01.offsec.lan","Security_attributes":{"UserID":"S-1-5-19"}},"EventData":{"Profiles":"2","SettingType":"1","SettingValueSize":"4","SettingValue":"01000000","SettingValueString":"Yes","Origin":"1","ModifyingUser":"S-1-5-21-4230534742-2542757381-3142984815-1111","ModifyingApplication":"C:\\Windows\\System32\\wbem\\WmiPrvSE.exe"}}}
{"Event_attributes":{"xmlns":"http://schemas.microsoft.com/win/2004/08/events/event"},"Event":{"System":{"Provider_attributes":{"Name":"Microsoft-Windows-Windows Firewall With Advanced Security","Guid":"{D1BC9AFF-2ABF-4D71-9146-ECB2A986EB85}"},"EventID":"2003","Version":"0","Level":"4","Task":"0","Opcode":"0","Keywords":"0x8000000000000000","TimeCreated_attributes":{"SystemTime":"2021-06-03T19:39:53.056040900Z"},"EventRecordID":"914","Correlation":null,"Execution_attributes":{"ProcessID":"1000","ThreadID":"5464"},"Channel":"Microsoft-Windows-Windows Firewall With Advanced Security/Firewall","Computer":"fs01.offsec.lan","Security_attributes":{"UserID":"S-1-5-19"}},"EventData":{"Profiles":"4","SettingType":"1","SettingValueSize":"4","SettingValue":"01000000","SettingValueString":"Yes","Origin":"1","ModifyingUser":"S-1-5-21-4230534742-2542757381-3142984815-1111","ModifyingApplication":"C:\\Windows\\System32\\wbem\\WmiPrvSE.exe"}}}
{"Event_attributes":{"xmlns":"http://schemas.microsoft.com/win/2004/08/events/event"},"Event":{"System":{"Provider_attributes":{"Name":"Microsoft-Windows-Security-Auditing","Guid":"{54849625-5478-4994-A5BA-3E3B0328C30D}"},"EventID":"4950","Version":"0","Level":"0","Task":"13571","Opcode":"0","Keywords":"0x8020000000000000","TimeCreated_attributes":{"SystemTime":"2021-06-03T19:39:53.056647200Z"},"EventRecordID":"1974929","Correlation_attributes":{"ActivityID":"{38068009-512D-0000-1D80-06382D51D701}"},"Execution_attributes":{"ProcessID":"556","ThreadID":"2532"},"Channel":"Security","Computer":"fs01.offsec.lan","Security":null},"EventData":{"ProfileChanged":"Public","SettingType":"Enable Windows Firewall","SettingValue":"Yes"}}}
