{"Event_attributes":{"xmlns":"http://schemas.microsoft.com/win/2004/08/events/event"},"Event":{"System":{"Provider_attributes":{"Name":"Microsoft-Windows-PowerShell","Guid":"{A0C1853B-5C40-4B15-8766-3CF1C58F985A}"},"EventID":"4104","Version":"1","Level":"3","Task":"2","Opcode":"15","Keywords":"0x0","TimeCreated_attributes":{"SystemTime":"2021-04-23T10:09:44.774243800Z"},"EventRecordID":"7590","Correlation_attributes":{"ActivityID":"{42422748-35ED-0000-44FD-5F42ED35D701}"},"Execution_attributes":{"ProcessID":"4040","ThreadID":"5280"},"Channel":"Microsoft-Windows-PowerShell/Operational","Computer":"srvdefender01.offsec.lan","Security_attributes":{"UserID":"S-1-5-21-4230534742-2542757381-3142984815-1111"}},"EventData":{"MessageNumber":"7","MessageTotal":"26","ScriptBlockText":" {\r\n    $__cmdletization_queryBuilder.AddQueryOption('All', ${All})\r\n    }\r\n    if ($PSBoundParameters.ContainsKey('PolicyStore') -and (@('ByIPsecRuleName', 'ByDisplayName', 'ByQuery', 'ByAssociatedNetFirewallAddressFilter', 'ByAssociatedNetFirewallInterfaceFilter', 'ByAssociatedNetFirewallInterfaceTypeFilter', 'ByAssociatedNetFirewallPortFilter', 'ByAssociatedNetFirewallProfile', 'ByAssociatedNetIPsecPhase2AuthSet', 'ByAssociatedNetIPsecPhase1AuthSet', 'ByAssociatedNetIPsecQuickModeCryptoSet', 'GetAll') -contains $PSCmdlet.ParameterSetName )) {\r\n    $__cmdletization_queryBuilder.AddQueryOption('PolicyStore', ${PolicyStore})\r\n    }\r\n    if ($PSBoundParameters.ContainsKey('GPOSession') -and (@('ByIPsecRuleName', 'ByDisplayName', 'ByQuery', 'ByAssociatedNetFirewallAddressFilter', 'ByAssociatedNetFirewallInterfaceFilter', 'ByAssociatedNetFirewallInterfaceTypeFilter', 'ByAssociatedNetFirewallPortFilter', 'ByAssociatedNetFirewallProfile', 'ByAssociatedNetIPsecPhase2AuthSet', 'ByAssociatedNetIPsecPhase1AuthSet', 'ByAssociatedNetIPsecQuickModeCryptoSet', 'GetAll') -contains $PSCmdlet.ParameterSetName )) {\r\n    $__cmdletization_queryBuilder.AddQueryOption('GPOSession', ${GPOSession})\r\n    }\r\n    if ($PSBoundParameters.ContainsKey('TracePolicyStore') -and (@('ByIPsecRuleName', 'ByDisplayName', 'ByQuery', 'ByAssociatedNetFirewallAddressFilter', 'ByAssociatedNetFirewallInterfaceFilter', 'ByAssociatedNetFirewallInterfaceTypeFilter', 'ByAssociatedNetFirewallPortFilter', 'ByAssociatedNetFirewallProfile', 'ByAssociatedNetIPsecPhase2AuthSet', 'ByAssociatedNetIPsecPhase1AuthSet', 'ByAssociatedNetIPsecQuickModeCryptoSet', 'GetAll') -contains $PSCmdlet.ParameterSetName )) {\r\n    $__cmdletization_queryBuilder.AddQueryOption('TracePolicyStore', ${TracePolicyStore})\r\n    }\r\n\r\n\r\n    $__cmdletization_objectModelWrapper.ProcessRecord($__cmdletization_queryBuilder)\r\n            }\r\n        }\r\n        catch\r\n        {\r\n            $__cmdletization_exceptionHasBeenThrown = $true\r\n            throw\r\n        }\r\n    }\r\n        \r\n\r\n    End {\r\n        try\r\n        {\r\n            if (-not $__cmdletization_exceptionHasBeenThrown)\r\n            {\r\n                $__cmdletization_objectModelWrapper.EndProcessing()\r\n            }\r\n        }\r\n        catch\r\n        {\r\n            throw\r\n        }\r\n    }\r\n\r\n    # .EXTERNALHELP NetIPsecRule.cmdletDefinition.cdxml-Help.xml\r\n}\r\nMicrosoft.PowerShell.Core\\Export-ModuleMember -Function 'Get-NetIPsecRule' -Alias '*'\r\n        \r\n\r\nfunction Set-NetIPsecRule\r\n{\r\n    [CmdletBinding(SupportsShouldProcess=$true, ConfirmImpact='Medium', PositionalBinding=$false)]\r\n    \r\n    [OutputType([Microsoft.Management.Infrastructure.CimInstance])]\r\n[OutputType('Microsoft.Management.Infrastructure.CimInstance#root/standardcimv2/MSFT_NetConSecRule')]\r\n\r\n    param(\r\n    \r\n    [Parameter(ParameterSetName='ByIPsecRuleName', Mandatory=$true, Position=0, ValueFromPipelineByPropertyName=$true)]\r\n    [Alias('ID','Name')]\r\n    [ValidateNotNull()]\r\n    [string[]]\r\n    ${IPsecRuleName},\r\n\r\n    [Parameter(ParameterSetName='ByDisplayName', Mandatory=$true)]\r\n    [ValidateNotNull()]\r\n    [string[]]\r\n    ${DisplayName},\r\n\r\n    [Parameter(ParameterSetName='ByDisplayGroup', Mandatory=$true)]\r\n    [ValidateNotNull()]\r\n    [string[]]\r\n    ${DisplayGroup},\r\n\r\n    [Parameter(ParameterSetName='ByGroup', Mandatory=$true)]\r\n    [ValidateNotNull()]\r\n    [string[]]\r\n    ${Group},\r\n\r\n    [Parameter(ParameterSetName='ByIPsecRuleName')]\r\n    [Parameter(ParameterSetName='ByDisplayName')]\r\n    [Parameter(ParameterSetName='ByDisplayGroup')]\r\n    [Parameter(ParameterSetName='ByGroup')]\r\n    [string]\r\n    ${PolicyStore},\r\n\r\n    [Parameter(ParameterSetName='ByIPsecRuleName')]\r\n    [Parameter(ParameterSetName='ByDisplayName')]\r\n    [Parameter(ParameterSetName='ByDisplayGroup')]\r\n    [Parameter(ParameterSetName='ByGroup')]\r\n    [string]\r\n    ${GPOSession},\r\n\r\n    [Parameter(ParameterSetName='InputObject (cdxml)', Mandatory=$true, ValueFromPipeline=$true)]\r\n    [PSTypeName('Microsoft.Management.Infrastructure.CimInstance#MSFT_NetConSecRule')]\r\n    [ValidateNotNull()]\r\n    [ciminstance[]]\r\n    ${InputObject},\r\n\r\n    [Parameter(ParameterSetName='ByIPsecRuleName')]\r\n    [Parameter(ParameterSetName='ByDisplayName')]\r\n    [Parameter(ParameterSetName='ByDisplayGroup')]\r\n    [Parameter(ParameterSetName='ByGroup')]\r\n    [Parameter(ParameterSetName='InputObject (cdxml)')]\r\n    [string]\r\n    ${NewDisplayName},\r\n\r\n    [Parameter(ParameterSetName='ByIPsecRuleName')]\r\n    [Parameter(ParameterSetName='ByDisplayName')]\r\n    [Parameter(ParameterSetName='ByDisplayGroup')]\r\n    [Parameter(ParameterSetName='ByGroup')]\r\n    [Parameter(ParameterSetName='InputObject (cdxml)')]\r\n    [string]\r\n    ${Description},\r\n\r\n    [Parameter(ParameterSetName='ByIPsecRuleName')]\r\n    [Parameter(ParameterSetName='ByDisplayName')]\r\n    [Parameter(ParameterSetName='ByDisplayGroup')]\r\n    [Parameter(ParameterSetName='ByGroup')]\r\n    [Parameter(ParameterSetName='InputObject (cdxml)')]\r\n    [Microsoft.PowerShell.Cmdletization.GeneratedTypes.NetSecurity.Enabled]\r\n    ${Enabled},\r\n\r\n    [Parameter(ParameterSetName='ByIPsecRuleName')]\r\n    [Parameter(ParameterSetName='ByDisplayName')]\r\n    [Parameter(ParameterSetName='ByDisplayGroup')]\r\n    [Parameter(ParameterSetName='ByGroup')]\r\n    [Parameter(ParameterSetName='InputObject (cdxml)')]\r\n    [Microsoft.PowerShell.Cmdletization.GeneratedTypes.NetSecurity.Profile]\r\n    ${Profile},\r\n\r\n    [Parameter(ParameterSetName='ByIPsecRuleName')]\r\n    [Parameter(ParameterSetName='ByDisplayName')]\r\n    [Parameter(ParameterSetName='ByDisplayGroup')]\r\n    [Parameter(ParameterSetName='ByGroup')]\r\n    [Parameter(ParameterSetName='InputObject (cdxml)')]\r\n    [string[]]\r\n    ${Platform},\r\n\r\n    [Parameter(ParameterSetName='ByIPsecRuleName')]\r\n    [Parameter(ParameterSetName='ByDisplayName')]\r\n    [Parameter(ParameterSetName='ByDisplayGroup')]\r\n    [Parameter(ParameterSetName='ByGroup')]\r\n    [Parameter(ParameterSetName='InputObject (cdxml)')]\r\n    [Microsoft.PowerShell.Cmdletization.GeneratedTypes.NetSecurity.IPsecMode]\r\n    ${Mode},\r\n\r\n    [Parameter(ParameterSetName='ByIPsecRuleName')]\r\n    [Parameter(ParameterSetName='ByDisplayName')]\r\n    [Parameter(ParameterSetName='ByDisplayGroup')]\r\n    [Parameter(ParameterSetName='ByGroup')]\r\n    [Parameter(ParameterSetName='InputObject (cdxml)')]\r\n    [Alias('SecIn')]\r\n    [Microsoft.PowerShell.Cmdletization.GeneratedTypes.NetSecurity.SecurityPolicy]\r\n    ${InboundSecurity},\r\n\r\n    [Parameter(ParameterSetName='ByIPsecRuleName')]\r\n    [Parameter(ParameterSetName='ByDisplayName')]\r\n    [Parameter(ParameterSetName='ByDisplayGroup')]\r\n    [Parameter(ParameterSetName='ByGroup')]\r\n    [Parameter(ParameterSetName='InputObject (cdxml)')]\r\n    [Alias('SecOut')]\r\n    [Microsoft.PowerShell.Cmdletization.GeneratedTypes.NetSecurity.SecurityPolicy]\r\n    ${OutboundSecurity},\r\n\r\n    [Parameter(ParameterSetName='ByIPsecRuleName')]\r\n    [Parameter(ParameterSetName='ByDisplayName')]\r\n    [Parameter(ParameterSetName='ByDisplayGroup')]\r\n    [Parameter(ParameterSetName='ByGroup')]\r\n    [Parameter(ParameterSetName='InputObject (cdxml)')]\r\n    [string]\r\n    ${QuickModeCryptoSet},\r\n\r\n    [Parameter(ParameterSetName='ByIPsecRuleName')]\r\n    [Parameter(ParameterSetName='ByDisplayName')]\r\n    [Parameter(ParameterSetName='ByDisplayGroup')]\r\n    [Parameter(ParameterSetName='ByGroup')]\r\n    [Parameter(ParameterSetName='InputObject (cdxml)')]\r\n    [string]\r\n    ${Phase1AuthSet},\r\n\r\n    [Parameter(ParameterSetName='ByIPsecRuleName')]\r\n    [Parameter(ParameterSetName='ByDisplayName')]\r\n    [Parameter(ParameterSetName='ByDisplayGroup')]\r\n    [Parameter(ParameterSetName='ByGroup')]\r\n    [Parameter(ParameterSetName='InputObject (cdxml)')]\r\n    [string]\r\n    ${Phase2AuthSet},\r\n\r\n    [Parameter(ParameterSetName='ByIPsecRuleName')]\r\n    [Parameter(ParameterSetName='ByDisplayName')]\r\n    [Parameter(ParameterSetName='ByDisplayGroup')]\r\n    [Parameter(ParameterSetName='ByGroup')]\r\n    [Parameter(ParameterSetName='InputObject (cdxml)')]\r\n    [Microsoft.PowerShell.Cmdletization.GeneratedTypes.NetSecurity.KeyModule]\r\n    ${KeyModule},\r\n\r\n    [Parameter(ParameterSetName='ByIPsecRuleName')]\r\n    [Parameter(ParameterSetName='ByDisplayName')]\r\n    [Parameter(ParameterSetName='ByDisplayGroup')]\r\n    [Parameter(ParameterSetName='ByGroup')]\r\n    [Parameter(ParameterSetName='InputObject (cdxml)')]\r\n    [bool]\r\n    ${AllowWatchKey},\r\n\r\n    [Parameter(ParameterSetName='ByIPsecRuleName')]\r\n    [Parameter(ParameterSetName='ByDisplayName')]\r\n    [Parameter(ParameterSetName='ByDisplayGroup')]\r\n    [Parameter(ParameterSetName='ByGroup')]\r\n    [Parameter(ParameterSetName='InputObject (cdxml)')]\r\n    [bool]\r\n    ${AllowSetKey},\r\n\r\n    [Parameter(ParameterSetName='ByIPsecRuleName')]\r\n    [Parameter(ParameterSetName='ByDisplayName')]\r\n    [Parameter(ParameterSetName='ByDisplayGroup')]\r\n    [Parameter(ParameterSetName='ByGroup')]\r\n    [Parameter(ParameterSetName='InputObject (cdxml)')]\r\n    [string[]]\r\n    ${LocalTunnelEndpoint},\r\n\r\n    [Parameter(ParameterSetName='ByIPsecRuleName')]\r\n    [Parameter(ParameterSetName='ByDisplayName')]\r\n    [Parameter(ParameterSetName='ByDisplayGroup')]\r\n    [Parameter(ParameterSetName='ByGroup')]\r\n    [Parameter(ParameterSetName='InputObject (cdxml)')]\r\n    [string[]]\r\n    ${RemoteTunnelEndpoint},\r\n\r\n    [Parameter(ParameterSetName='ByIPsecRuleName')]\r\n    [Parameter(ParameterSetName='ByDisplayName')]\r\n    [Parameter(ParameterSetName='ByDisplayGroup')]\r\n    [Parameter(ParameterSetName='ByGroup')]\r\n    [Parameter(ParameterSetName='InputObject (cdxml)')]\r\n    [string]\r\n    ${RemoteTunnelHostname},\r\n\r\n    [Parameter(ParameterSetName='ByIPsecRuleName')]\r\n    [Parameter(ParameterSetName='ByDisplayName')]\r\n    [Parameter(ParameterSetName='ByDisplayGroup')]\r\n    [Parameter(ParameterSetName='ByGroup')]\r\n    [Parameter(ParameterSetName='InputObject (cdxml)')]\r\n    [uint32]\r\n    ${ForwardPathLifetime},\r\n\r\n    [Parameter(ParameterSetName='ByIPsecRuleName')]\r\n    [Parameter(ParameterSetName='ByDisplayName')]\r\n    [Parameter(ParameterSetName='ByDisplayGroup')]\r\n    [Parameter(ParameterSetName='ByGroup')]\r\n    [Parameter(ParameterSetName='InputObject (cdxml)')]\r\n    [bool]\r\n    ${EncryptedTunnelBypass},\r\n\r\n    [Parameter(ParameterSetName='ByIPsecRuleName')]\r\n    [Parameter(ParameterSetName='ByDisplayName')]\r\n    [Parameter(ParameterSetName='ByDisplayGroup')]\r\n    [Parameter(ParameterSetName='ByGroup')]\r\n    [Parameter(ParameterSetName='InputObject (cdxml)')]\r\n    [bool]\r\n    ${RequireAuthorization},\r\n\r\n    [Parameter(ParameterSetName='ByIPsecRuleName')]\r\n    [Parameter(ParameterSetName='ByDisplayName')]\r\n    [Parameter(ParameterSetName='ByDisplayGroup')]\r\n    [Parameter(ParameterSetName='ByGroup')]\r\n    [Parameter(ParameterSetName='InputObject (cdxml)')]\r\n    [string]\r\n    ${User},\r\n\r\n    [Parameter(ParameterSetName='ByIPsecRuleName')]\r\n    [Parameter(ParameterSetName='ByDisplayName')]\r\n    [Parameter(ParameterSetName='ByDisplayGroup')]\r\n    [Parameter(ParameterSetName='ByGroup')]\r\n    [Parameter(ParameterSetName='InputObject (cdxml)')]\r\n    [string]\r\n    ${Machine},\r\n\r\n    [Parameter(ParameterSetName='ByIPsecRuleName')]\r\n    [Parameter(ParameterSetName='ByDisplayName')]\r\n    [Parameter(ParameterSetName='ByDisplayGroup')]\r\n    [Parameter(ParameterSetName='ByGroup')]\r\n    [Parameter(ParameterSetName='InputObject (cdxml)')]\r\n    [string[]]\r\n    ${LocalAddress},\r\n\r\n    [Parameter(ParameterSetName='ByIPsecRuleName')]\r\n    [Parameter(ParameterSetName='ByDisplayName')]\r\n    [Parameter(ParameterSetName='ByDisplayGroup')]\r\n    [Parameter(ParameterSetName='ByGroup')]\r\n    [Parameter(ParameterSetName='InputObject (cdxml)')]\r\n    [string[]]\r\n    ${RemoteAddress},\r\n\r\n    [Parameter(ParameterSetName='ByIPsecRuleName')]\r\n    [Parameter(ParameterSetName='ByDisplayName')]\r\n    [Parameter(ParameterSetName='ByDisplayGroup')]\r\n    [Parameter(ParameterSetName='ByGroup')]\r\n    [Parameter(ParameterSetName='InputObject (cdxml)')]\r\n    [string]\r\n    ${Protocol},\r\n\r\n    [Parameter(ParameterSetName='ByIPsecRuleName')]\r\n    [Parameter(ParameterSetName='ByDisplayName')]\r\n    [Parameter(ParameterSetName='ByDisplayGroup')]\r\n    [Parameter(ParameterSetName='ByGroup')]\r\n    [Parameter(ParameterSetName='InputObject (cdxml)')]\r\n    [string[]]\r\n    ${LocalPort},\r\n\r\n    [Parameter(ParameterSetName='ByIPsecRuleName')]\r\n    [Parameter(ParameterSetName='ByDisplayName')]\r\n    [Parameter(ParameterSetName='ByDisplayGroup'","ScriptBlockId":"9c867db7-d37c-47b0-b8c3-e1b091c8e14f","Path":""},"RenderingInfo_attributes":{"Culture":"en-US"},"RenderingInfo":{"Message":"Creating Scriptblock text (7 of 26):\r\n {\r\n    $__cmdletization_queryBuilder.AddQueryOption('All', ${All})\r\n    }\r\n    if ($PSBoundParameters.ContainsKey('PolicyStore') -and (@('ByIPsecRuleName', 'ByDisplayName', 'ByQuery', 'ByAssociatedNetFirewallAddressFilter', 'ByAssociatedNetFirewallInterfaceFilter', 'ByAssociatedNetFirewallInterfaceTypeFilter', 'ByAssociatedNetFirewallPortFilter', 'ByAssociatedNetFirewallProfile', 'ByAssociatedNetIPsecPhase2AuthSet', 'ByAssociatedNetIPsecPhase1AuthSet', 'ByAssociatedNetIPsecQuickModeCryptoSet', 'GetAll') -contains $PSCmdlet.ParameterSetName )) {\r\n    $__cmdletization_queryBuilder.AddQueryOption('PolicyStore', ${PolicyStore})\r\n    }\r\n    if ($PSBoundParameters.ContainsKey('GPOSession') -and (@('ByIPsecRuleName', 'ByDisplayName', 'ByQuery', 'ByAssociatedNetFirewallAddressFilter', 'ByAssociatedNetFirewallInterfaceFilter', 'ByAssociatedNetFirewallInterfaceTypeFilter', 'ByAssociatedNetFirewallPortFilter', 'ByAssociatedNetFirewallProfile', 'ByAssociatedNetIPsecPhase2AuthSet', 'ByAssociatedNetIPsecPhase1AuthSet', 'ByAssociatedNetIPsecQuickModeCryptoSet', 'GetAll') -contains $PSCmdlet.ParameterSetName )) {\r\n    $__cmdletization_queryBuilder.AddQueryOption('GPOSession', ${GPOSession})\r\n    }\r\n    if ($PSBoundParameters.ContainsKey('TracePolicyStore') -and (@('ByIPsecRuleName', 'ByDisplayName', 'ByQuery', 'ByAssociatedNetFirewallAddressFilter', 'ByAssociatedNetFirewallInterfaceFilter', 'ByAssociatedNetFirewallInterfaceTypeFilter', 'ByAssociatedNetFirewallPortFilter', 'ByAssociatedNetFirewallProfile', 'ByAssociatedNetIPsecPhase2AuthSet', 'ByAssociatedNetIPsecPhase1AuthSet', 'ByAssociatedNetIPsecQuickModeCryptoSet', 'GetAll') -contains $PSCmdlet.ParameterSetName )) {\r\n    $__cmdletization_queryBuilder.AddQueryOption('TracePolicyStore', ${TracePolicyStore})\r\n    }\r\n\r\n\r\n    $__cmdletization_objectModelWrapper.ProcessRecord($__cmdletization_queryBuilder)\r\n            }\r\n        }\r\n        catch\r\n        {\r\n            $__cmdletization_exceptionHasBeenThrown = $true\r\n            throw\r\n        }\r\n    }\r\n        \r\n\r\n    End {\r\n        try\r\n        {\r\n            if (-not $__cmdletization_exceptionHasBeenThrown)\r\n            {\r\n                $__cmdletization_objectModelWrapper.EndProcessing()\r\n            }\r\n        }\r\n        catch\r\n        {\r\n            throw\r\n        }\r\n    }\r\n\r\n    # .EXTERNALHELP NetIPsecRule.cmdletDefinition.cdxml-Help.xml\r\n}\r\nMicrosoft.PowerShell.Core\\Export-ModuleMember -Function 'Get-NetIPsecRule' -Alias '*'\r\n        \r\n\r\nfunction Set-NetIPsecRule\r\n{\r\n    [CmdletBinding(SupportsShouldProcess=$true, ConfirmImpact='Medium', PositionalBinding=$false)]\r\n    \r\n    [OutputType([Microsoft.Management.Infrastructure.CimInstance])]\r\n[OutputType('Microsoft.Management.Infrastructure.CimInstance#root/standardcimv2/MSFT_NetConSecRule')]\r\n\r\n    param(\r\n    \r\n    [Parameter(ParameterSetName='ByIPsecRuleName', Mandatory=$true, Position=0, ValueFromPipelineByPropertyName=$true)]\r\n    [Alias('ID','Name')]\r\n    [ValidateNotNull()]\r\n    [string[]]\r\n    ${IPsecRuleName},\r\n\r\n    [Parameter(ParameterSetName='ByDisplayName', Mandatory=$true)]\r\n    [ValidateNotNull()]\r\n    [string[]]\r\n    ${DisplayName},\r\n\r\n    [Parameter(ParameterSetName='ByDisplayGroup', Mandatory=$true)]\r\n    [ValidateNotNull()]\r\n    [string[]]\r\n    ${DisplayGroup},\r\n\r\n    [Parameter(ParameterSetName='ByGroup', Mandatory=$true)]\r\n    [ValidateNotNull()]\r\n    [string[]]\r\n    ${Group},\r\n\r\n    [Parameter(ParameterSetName='ByIPsecRuleName')]\r\n    [Parameter(ParameterSetName='ByDisplayName')]\r\n    [Parameter(ParameterSetName='ByDisplayGroup')]\r\n    [Parameter(ParameterSetName='ByGroup')]\r\n    [string]\r\n    ${PolicyStore},\r\n\r\n    [Parameter(ParameterSetName='ByIPsecRuleName')]\r\n    [Parameter(ParameterSetName='ByDisplayName')]\r\n    [Parameter(ParameterSetName='ByDisplayGroup')]\r\n    [Parameter(ParameterSetName='ByGroup')]\r\n    [string]\r\n    ${GPOSession},\r\n\r\n    [Parameter(ParameterSetName='InputObject (cdxml)', Mandatory=$true, ValueFromPipeline=$true)]\r\n    [PSTypeName('Microsoft.Management.Infrastructure.CimInstance#MSFT_NetConSecRule')]\r\n    [ValidateNotNull()]\r\n    [ciminstance[]]\r\n    ${InputObject},\r\n\r\n    [Parameter(ParameterSetName='ByIPsecRuleName')]\r\n    [Parameter(ParameterSetName='ByDisplayName')]\r\n    [Parameter(ParameterSetName='ByDisplayGroup')]\r\n    [Parameter(ParameterSetName='ByGroup')]\r\n    [Parameter(ParameterSetName='InputObject (cdxml)')]\r\n    [string]\r\n    ${NewDisplayName},\r\n\r\n    [Parameter(ParameterSetName='ByIPsecRuleName')]\r\n    [Parameter(ParameterSetName='ByDisplayName')]\r\n    [Parameter(ParameterSetName='ByDisplayGroup')]\r\n    [Parameter(ParameterSetName='ByGroup')]\r\n    [Parameter(ParameterSetName='InputObject (cdxml)')]\r\n    [string]\r\n    ${Description},\r\n\r\n    [Parameter(ParameterSetName='ByIPsecRuleName')]\r\n    [Parameter(ParameterSetName='ByDisplayName')]\r\n    [Parameter(ParameterSetName='ByDisplayGroup')]\r\n    [Parameter(ParameterSetName='ByGroup')]\r\n    [Parameter(ParameterSetName='InputObject (cdxml)')]\r\n    [Microsoft.PowerShell.Cmdletization.GeneratedTypes.NetSecurity.Enabled]\r\n    ${Enabled},\r\n\r\n    [Parameter(ParameterSetName='ByIPsecRuleName')]\r\n    [Parameter(ParameterSetName='ByDisplayName')]\r\n    [Parameter(ParameterSetName='ByDisplayGroup')]\r\n    [Parameter(ParameterSetName='ByGroup')]\r\n    [Parameter(ParameterSetName='InputObject (cdxml)')]\r\n    [Microsoft.PowerShell.Cmdletization.GeneratedTypes.NetSecurity.Profile]\r\n    ${Profile},\r\n\r\n    [Parameter(ParameterSetName='ByIPsecRuleName')]\r\n    [Parameter(ParameterSetName='ByDisplayName')]\r\n    [Parameter(ParameterSetName='ByDisplayGroup')]\r\n    [Parameter(ParameterSetName='ByGroup')]\r\n    [Parameter(ParameterSetName='InputObject (cdxml)')]\r\n    [string[]]\r\n    ${Platform},\r\n\r\n    [Parameter(ParameterSetName='ByIPsecRuleName')]\r\n    [Parameter(ParameterSetName='ByDisplayName')]\r\n    [Parameter(ParameterSetName='ByDisplayGroup')]\r\n    [Parameter(ParameterSetName='ByGroup')]\r\n    [Parameter(ParameterSetName='InputObject (cdxml)')]\r\n    [Microsoft.PowerShell.Cmdletization.GeneratedTypes.NetSecurity.IPsecMode]\r\n    ${Mode},\r\n\r\n    [Parameter(ParameterSetName='ByIPsecRuleName')]\r\n    [Parameter(ParameterSetName='ByDisplayName')]\r\n    [Parameter(ParameterSetName='ByDisplayGroup')]\r\n    [Parameter(ParameterSetName='ByGroup')]\r\n    [Parameter(ParameterSetName='InputObject (cdxml)')]\r\n    [Alias('SecIn')]\r\n    [Microsoft.PowerShell.Cmdletization.GeneratedTypes.NetSecurity.SecurityPolicy]\r\n    ${InboundSecurity},\r\n\r\n    [Parameter(ParameterSetName='ByIPsecRuleName')]\r\n    [Parameter(ParameterSetName='ByDisplayName')]\r\n    [Parameter(ParameterSetName='ByDisplayGroup')]\r\n    [Parameter(ParameterSetName='ByGroup')]\r\n    [Parameter(ParameterSetName='InputObject (cdxml)')]\r\n    [Alias('SecOut')]\r\n    [Microsoft.PowerShell.Cmdletization.GeneratedTypes.NetSecurity.SecurityPolicy]\r\n    ${OutboundSecurity},\r\n\r\n    [Parameter(ParameterSetName='ByIPsecRuleName')]\r\n    [Parameter(ParameterSetName='ByDisplayName')]\r\n    [Parameter(ParameterSetName='ByDisplayGroup')]\r\n    [Parameter(ParameterSetName='ByGroup')]\r\n    [Parameter(ParameterSetName='InputObject (cdxml)')]\r\n    [string]\r\n    ${QuickModeCryptoSet},\r\n\r\n    [Parameter(ParameterSetName='ByIPsecRuleName')]\r\n    [Parameter(ParameterSetName='ByDisplayName')]\r\n    [Parameter(ParameterSetName='ByDisplayGroup')]\r\n    [Parameter(ParameterSetName='ByGroup')]\r\n    [Parameter(ParameterSetName='InputObject (cdxml)')]\r\n    [string]\r\n    ${Phase1AuthSet},\r\n\r\n    [Parameter(ParameterSetName='ByIPsecRuleName')]\r\n    [Parameter(ParameterSetName='ByDisplayName')]\r\n    [Parameter(ParameterSetName='ByDisplayGroup')]\r\n    [Parameter(ParameterSetName='ByGroup')]\r\n    [Parameter(ParameterSetName='InputObject (cdxml)')]\r\n    [string]\r\n    ${Phase2AuthSet},\r\n\r\n    [Parameter(ParameterSetName='ByIPsecRuleName')]\r\n    [Parameter(ParameterSetName='ByDisplayName')]\r\n    [Parameter(ParameterSetName='ByDisplayGroup')]\r\n    [Parameter(ParameterSetName='ByGroup')]\r\n    [Parameter(ParameterSetName='InputObject (cdxml)')]\r\n    [Microsoft.PowerShell.Cmdletization.GeneratedTypes.NetSecurity.KeyModule]\r\n    ${KeyModule},\r\n\r\n    [Parameter(ParameterSetName='ByIPsecRuleName')]\r\n    [Parameter(ParameterSetName='ByDisplayName')]\r\n    [Parameter(ParameterSetName='ByDisplayGroup')]\r\n    [Parameter(ParameterSetName='ByGroup')]\r\n    [Parameter(ParameterSetName='InputObject (cdxml)')]\r\n    [bool]\r\n    ${AllowWatchKey},\r\n\r\n    [Parameter(ParameterSetName='ByIPsecRuleName')]\r\n    [Parameter(ParameterSetName='ByDisplayName')]\r\n    [Parameter(ParameterSetName='ByDisplayGroup')]\r\n    [Parameter(ParameterSetName='ByGroup')]\r\n    [Parameter(ParameterSetName='InputObject (cdxml)')]\r\n    [bool]\r\n    ${AllowSetKey},\r\n\r\n    [Parameter(ParameterSetName='ByIPsecRuleName')]\r\n    [Parameter(ParameterSetName='ByDisplayName')]\r\n    [Parameter(ParameterSetName='ByDisplayGroup')]\r\n    [Parameter(ParameterSetName='ByGroup')]\r\n    [Parameter(ParameterSetName='InputObject (cdxml)')]\r\n    [string[]]\r\n    ${LocalTunnelEndpoint},\r\n\r\n    [Parameter(ParameterSetName='ByIPsecRuleName')]\r\n    [Parameter(ParameterSetName='ByDisplayName')]\r\n    [Parameter(ParameterSetName='ByDisplayGroup')]\r\n    [Parameter(ParameterSetName='ByGroup')]\r\n    [Parameter(ParameterSetName='InputObject (cdxml)')]\r\n    [string[]]\r\n    ${RemoteTunnelEndpoint},\r\n\r\n    [Parameter(ParameterSetName='ByIPsecRuleName')]\r\n    [Parameter(ParameterSetName='ByDisplayName')]\r\n    [Parameter(ParameterSetName='ByDisplayGroup')]\r\n    [Parameter(ParameterSetName='ByGroup')]\r\n    [Parameter(ParameterSetName='InputObject (cdxml)')]\r\n    [string]\r\n    ${RemoteTunnelHostname},\r\n\r\n    [Parameter(ParameterSetName='ByIPsecRuleName')]\r\n    [Parameter(ParameterSetName='ByDisplayName')]\r\n    [Parameter(ParameterSetName='ByDisplayGroup')]\r\n    [Parameter(ParameterSetName='ByGroup')]\r\n    [Parameter(ParameterSetName='InputObject (cdxml)')]\r\n    [uint32]\r\n    ${ForwardPathLifetime},\r\n\r\n    [Parameter(ParameterSetName='ByIPsecRuleName')]\r\n    [Parameter(ParameterSetName='ByDisplayName')]\r\n    [Parameter(ParameterSetName='ByDisplayGroup')]\r\n    [Parameter(ParameterSetName='ByGroup')]\r\n    [Parameter(ParameterSetName='InputObject (cdxml)')]\r\n    [bool]\r\n    ${EncryptedTunnelBypass},\r\n\r\n    [Parameter(ParameterSetName='ByIPsecRuleName')]\r\n    [Parameter(ParameterSetName='ByDisplayName')]\r\n    [Parameter(ParameterSetName='ByDisplayGroup')]\r\n    [Parameter(ParameterSetName='ByGroup')]\r\n    [Parameter(ParameterSetName='InputObject (cdxml)')]\r\n    [bool]\r\n    ${RequireAuthorization},\r\n\r\n    [Parameter(ParameterSetName='ByIPsecRuleName')]\r\n    [Parameter(ParameterSetName='ByDisplayName')]\r\n    [Parameter(ParameterSetName='ByDisplayGroup')]\r\n    [Parameter(ParameterSetName='ByGroup')]\r\n    [Parameter(ParameterSetName='InputObject (cdxml)')]\r\n    [string]\r\n    ${User},\r\n\r\n    [Parameter(ParameterSetName='ByIPsecRuleName')]\r\n    [Parameter(ParameterSetName='ByDisplayName')]\r\n    [Parameter(ParameterSetName='ByDisplayGroup')]\r\n    [Parameter(ParameterSetName='ByGroup')]\r\n    [Parameter(ParameterSetName='InputObject (cdxml)')]\r\n    [string]\r\n    ${Machine},\r\n\r\n    [Parameter(ParameterSetName='ByIPsecRuleName')]\r\n    [Parameter(ParameterSetName='ByDisplayName')]\r\n    [Parameter(ParameterSetName='ByDisplayGroup')]\r\n    [Parameter(ParameterSetName='ByGroup')]\r\n    [Parameter(ParameterSetName='InputObject (cdxml)')]\r\n    [string[]]\r\n    ${LocalAddress},\r\n\r\n    [Parameter(ParameterSetName='ByIPsecRuleName')]\r\n    [Parameter(ParameterSetName='ByDisplayName')]\r\n    [Parameter(ParameterSetName='ByDisplayGroup')]\r\n    [Parameter(ParameterSetName='ByGroup')]\r\n    [Parameter(ParameterSetName='InputObject (cdxml)')]\r\n    [string[]]\r\n    ${RemoteAddress},\r\n\r\n    [Parameter(ParameterSetName='ByIPsecRuleName')]\r\n    [Parameter(ParameterSetName='ByDisplayName')]\r\n    [Parameter(ParameterSetName='ByDisplayGroup')]\r\n    [Parameter(ParameterSetName='ByGroup')]\r\n    [Parameter(ParameterSetName='InputObject (cdxml)')]\r\n    [string]\r\n    ${Protocol},\r\n\r\n    [Parameter(ParameterSetName='ByIPsecRuleName')]\r\n    [Parameter(ParameterSetName='ByDisplayName')]\r\n    [Parameter(ParameterSetName='ByDisplayGroup')]\r\n    [Parameter(ParameterSetName='ByGroup')]\r\n    [Parameter(ParameterSetName='InputObject (cdxml)')]\r\n    [string[]]\r\n    ${LocalPort},\r\n\r\n    [Parameter(ParameterSetName='ByIPsecRuleName')]\r\n    [Parameter(ParameterSetName='ByDisplayName')]\r\n    [Parameter(ParameterSetName='ByDisplayGroup'\r\n\r\nScriptBlock ID: 9c867db7-d37c-47b0-b8c3-e1b091c8e14f\r\nPath: ","Level":"Warning","Task":"Execute a Remote Command","Opcode":"On create calls","Channel":"Microsoft-Windows-PowerShell/Operational","Provider":null,"Keywords":null}}}
{"Event_attributes":{"xmlns":"http://schemas.microsoft.com/win/2004/08/events/event"},"Event":{"System":{"Provider_attributes":{"Name":"PowerShell"},"EventID_attributes":{"Qualifiers":"0"},"EventID":"800","Level":"4","Task":"8","Keywords":"0x80000000000000","TimeCreated_attributes":{"SystemTime":"2021-04-23T10:09:44.774263300Z"},"EventRecordID":"7036","Channel":"Windows PowerShell","Computer":"srvdefender01.offsec.lan","Security":null},"EventData":{"Data":{"#text":["try { Microsoft.PowerShell.Core\\Set-StrictMode -Off } catch { }\r\n","\tDetailSequence=1\r\n\tDetailTotal=1\r\n\r\n\tSequenceNumber=651\r\n\r\n\tUserId=OFFSEC\\admmig\r\n\tHostName=ConsoleHost\r\n\tHostVersion=5.1.14393.3383\r\n\tHostId=d72f218b-82c7-499c-97cb-c80e944516ab\r\n\tHostApplication=C:\\Windows\\System32\\WindowsPowerShell\\v1.0\\powershell.exe\r\n\tEngineVersion=5.1.14393.3383\r\n\tRunspaceId=4ecdbb14-73d6-41a0-8b4a-662d7fa34856\r\n\tPipelineId=82\r\n\tScriptName=\r\n\tCommandLine=try { Microsoft.PowerShell.Core\\Set-StrictMode -Off } catch { }\r\n","CommandInvocation(Set-StrictMode): \"Set-StrictMode\"\r\nParameterBinding(Set-StrictMode): name=\"Off\"; value=\"True\"\r\n"]}},"RenderingInfo_attributes":{"Culture":"en-US"},"RenderingInfo":{"Message":"Pipeline execution details for command line: try { Microsoft.PowerShell.Core\\Set-StrictMode -Off } catch { }\r\n. \r\n\r\nContext Information: \r\n\tDetailSequence=1\r\n\tDetailTotal=1\r\n\r\n\tSequenceNumber=651\r\n\r\n\tUserId=OFFSEC\\admmig\r\n\tHostName=ConsoleHost\r\n\tHostVersion=5.1.14393.3383\r\n\tHostId=d72f218b-82c7-499c-97cb-c80e944516ab\r\n\tHostApplication=C:\\Windows\\System32\\WindowsPowerShell\\v1.0\\powershell.exe\r\n\tEngineVersion=5.1.14393.3383\r\n\tRunspaceId=4ecdbb14-73d6-41a0-8b4a-662d7fa34856\r\n\tPipelineId=82\r\n\tScriptName=\r\n\tCommandLine=try { Microsoft.PowerShell.Core\\Set-StrictMode -Off } catch { }\r\n \r\n\r\nDetails: \r\nCommandInvocation(Set-StrictMode): \"Set-StrictMode\"\r\nParameterBinding(Set-StrictMode): name=\"Off\"; value=\"True\"\r\n","Level":"Information","Task":"Pipeline Execution Details","Opcode":"Info","Channel":null,"Provider":null,"Keywords":{"Keyword":"Classic"}}}}
{"Event_attributes":{"xmlns":"http://schemas.microsoft.com/win/2004/08/events/event"},"Event":{"System":{"Provider_attributes":{"Name":"PowerShell"},"EventID_attributes":{"Qualifiers":"0"},"EventID":"800","Level":"4","Task":"8","Keywords":"0x80000000000000","TimeCreated_attributes":{"SystemTime":"2021-04-23T10:09:44.774263300Z"},"EventRecordID":"7037","Channel":"Windows PowerShell","Computer":"srvdefender01.offsec.lan","Security":null},"EventData":{"Data":{"#text":["Microsoft.PowerShell.Core\\Export-ModuleMember -Function @()\r\n","\tDetailSequence=1\r\n\tDetailTotal=1\r\n\r\n\tSequenceNumber=653\r\n\r\n\tUserId=OFFSEC\\admmig\r\n\tHostName=ConsoleHost\r\n\tHostVersion=5.1.14393.3383\r\n\tHostId=d72f218b-82c7-499c-97cb-c80e944516ab\r\n\tHostApplication=C:\\Windows\\System32\\WindowsPowerShell\\v1.0\\powershell.exe\r\n\tEngineVersion=5.1.14393.3383\r\n\tRunspaceId=4ecdbb14-73d6-41a0-8b4a-662d7fa34856\r\n\tPipelineId=82\r\n\tScriptName=\r\n\tCommandLine=Microsoft.PowerShell.Core\\Export-ModuleMember -Function @()\r\n","CommandInvocation(Export-ModuleMember): \"Export-ModuleMember\"\r\nParameterBinding(Export-ModuleMember): name=\"Function\"; value=\"\"\r\n"]}},"RenderingInfo_attributes":{"Culture":"en-US"},"RenderingInfo":{"Message":"Pipeline execution details for command line: Microsoft.PowerShell.Core\\Export-ModuleMember -Function @()\r\n. \r\n\r\nContext Information: \r\n\tDetailSequence=1\r\n\tDetailTotal=1\r\n\r\n\tSequenceNumber=653\r\n\r\n\tUserId=OFFSEC\\admmig\r\n\tHostName=ConsoleHost\r\n\tHostVersion=5.1.14393.3383\r\n\tHostId=d72f218b-82c7-499c-97cb-c80e944516ab\r\n\tHostApplication=C:\\Windows\\System32\\WindowsPowerShell\\v1.0\\powershell.exe\r\n\tEngineVersion=5.1.14393.3383\r\n\tRunspaceId=4ecdbb14-73d6-41a0-8b4a-662d7fa34856\r\n\tPipelineId=82\r\n\tScriptName=\r\n\tCommandLine=Microsoft.PowerShell.Core\\Export-ModuleMember -Function @()\r\n \r\n\r\nDetails: \r\nCommandInvocation(Export-ModuleMember): \"Export-ModuleMember\"\r\nParameterBinding(Export-ModuleMember): name=\"Function\"; value=\"\"\r\n","Level":"Information","Task":"Pipeline Execution Details","Opcode":"Info","Channel":null,"Provider":null,"Keywords":{"Keyword":"Classic"}}}}
{"Event_attributes":{"xmlns":"http://schemas.microsoft.com/win/2004/08/events/event"},"Event":{"System":{"Provider_attributes":{"Name":"PowerShell"},"EventID_attributes":{"Qualifiers":"0"},"EventID":"800","Level":"4","Task":"8","Keywords":"0x80000000000000","TimeCreated_attributes":{"SystemTime":"2021-04-23T10:09:44.774263300Z"},"EventRecordID":"7038","Channel":"Windows PowerShell","Computer":"srvdefender01.offsec.lan","Security":null},"EventData":{"Data":{"#text":["Microsoft.PowerShell.Core\\Export-ModuleMember -Function 'New-NetIPsecRule' -Alias '*'\r\n","\tDetailSequence=1\r\n\tDetailTotal=1\r\n\r\n\tSequenceNumber=655\r\n\r\n\tUserId=OFFSEC\\admmig\r\n\tHostName=ConsoleHost\r\n\tHostVersion=5.1.14393.3383\r\n\tHostId=d72f218b-82c7-499c-97cb-c80e944516ab\r\n\tHostApplication=C:\\Windows\\System32\\WindowsPowerShell\\v1.0\\powershell.exe\r\n\tEngineVersion=5.1.14393.3383\r\n\tRunspaceId=4ecdbb14-73d6-41a0-8b4a-662d7fa34856\r\n\tPipelineId=82\r\n\tScriptName=\r\n\tCommandLine=Microsoft.PowerShell.Core\\Export-ModuleMember -Function 'New-NetIPsecRule' -Alias '*'\r\n","CommandInvocation(Export-ModuleMember): \"Export-ModuleMember\"\r\nParameterBinding(Export-ModuleMember): name=\"Function\"; value=\"New-NetIPsecRule\"\r\nParameterBinding(Export-ModuleMember): name=\"Alias\"; value=\"*\"\r\n"]}},"RenderingInfo_attributes":{"Culture":"en-US"},"RenderingInfo":{"Message":"Pipeline execution details for command line: Microsoft.PowerShell.Core\\Export-ModuleMember -Function 'New-NetIPsecRule' -Alias '*'\r\n. \r\n\r\nContext Information: \r\n\tDetailSequence=1\r\n\tDetailTotal=1\r\n\r\n\tSequenceNumber=655\r\n\r\n\tUserId=OFFSEC\\admmig\r\n\tHostName=ConsoleHost\r\n\tHostVersion=5.1.14393.3383\r\n\tHostId=d72f218b-82c7-499c-97cb-c80e944516ab\r\n\tHostApplication=C:\\Windows\\System32\\WindowsPowerShell\\v1.0\\powershell.exe\r\n\tEngineVersion=5.1.14393.3383\r\n\tRunspaceId=4ecdbb14-73d6-41a0-8b4a-662d7fa34856\r\n\tPipelineId=82\r\n\tScriptName=\r\n\tCommandLine=Microsoft.PowerShell.Core\\Export-ModuleMember -Function 'New-NetIPsecRule' -Alias '*'\r\n \r\n\r\nDetails: \r\nCommandInvocation(Export-ModuleMember): \"Export-ModuleMember\"\r\nParameterBinding(Export-ModuleMember): name=\"Function\"; value=\"New-NetIPsecRule\"\r\nParameterBinding(Export-ModuleMember): name=\"Alias\"; value=\"*\"\r\n","Level":"Information","Task":"Pipeline Execution Details","Opcode":"Info","Channel":null,"Provider":null,"Keywords":{"Keyword":"Classic"}}}}
{"Event_attributes":{"xmlns":"http://schemas.microsoft.com/win/2004/08/events/event"},"Event":{"System":{"Provider_attributes":{"Name":"PowerShell"},"EventID_attributes":{"Qualifiers":"0"},"EventID":"800","Level":"4","Task":"8","Keywords":"0x80000000000000","TimeCreated_attributes":{"SystemTime":"2021-04-23T10:09:44.774263300Z"},"EventRecordID":"7039","Channel":"Windows PowerShell","Computer":"srvdefender01.offsec.lan","Security":null},"EventData":{"Data":{"#text":["Microsoft.PowerShell.Core\\Export-ModuleMember -Function 'Show-NetIPsecRule' -Alias '*'\r\n","\tDetailSequence=1\r\n\tDetailTotal=1\r\n\r\n\tSequenceNumber=657\r\n\r\n\tUserId=OFFSEC\\admmig\r\n\tHostName=ConsoleHost\r\n\tHostVersion=5.1.14393.3383\r\n\tHostId=d72f218b-82c7-499c-97cb-c80e944516ab\r\n\tHostApplication=C:\\Windows\\System32\\WindowsPowerShell\\v1.0\\powershell.exe\r\n\tEngineVersion=5.1.14393.3383\r\n\tRunspaceId=4ecdbb14-73d6-41a0-8b4a-662d7fa34856\r\n\tPipelineId=82\r\n\tScriptName=\r\n\tCommandLine=Microsoft.PowerShell.Core\\Export-ModuleMember -Function 'Show-NetIPsecRule' -Alias '*'\r\n","CommandInvocation(Export-ModuleMember): \"Export-ModuleMember\"\r\nParameterBinding(Export-ModuleMember): name=\"Function\"; value=\"Show-NetIPsecRule\"\r\nParameterBinding(Export-ModuleMember): name=\"Alias\"; value=\"*\"\r\n"]}},"RenderingInfo_attributes":{"Culture":"en-US"},"RenderingInfo":{"Message":"Pipeline execution details for command line: Microsoft.PowerShell.Core\\Export-ModuleMember -Function 'Show-NetIPsecRule' -Alias '*'\r\n. \r\n\r\nContext Information: \r\n\tDetailSequence=1\r\n\tDetailTotal=1\r\n\r\n\tSequenceNumber=657\r\n\r\n\tUserId=OFFSEC\\admmig\r\n\tHostName=ConsoleHost\r\n\tHostVersion=5.1.14393.3383\r\n\tHostId=d72f218b-82c7-499c-97cb-c80e944516ab\r\n\tHostApplication=C:\\Windows\\System32\\WindowsPowerShell\\v1.0\\powershell.exe\r\n\tEngineVersion=5.1.14393.3383\r\n\tRunspaceId=4ecdbb14-73d6-41a0-8b4a-662d7fa34856\r\n\tPipelineId=82\r\n\tScriptName=\r\n\tCommandLine=Microsoft.PowerShell.Core\\Export-ModuleMember -Function 'Show-NetIPsecRule' -Alias '*'\r\n \r\n\r\nDetails: \r\nCommandInvocation(Export-ModuleMember): \"Export-ModuleMember\"\r\nParameterBinding(Export-ModuleMember): name=\"Function\"; value=\"Show-NetIPsecRule\"\r\nParameterBinding(Export-ModuleMember): name=\"Alias\"; value=\"*\"\r\n","Level":"Information","Task":"Pipeline Execution Details","Opcode":"Info","Channel":null,"Provider":null,"Keywords":{"Keyword":"Classic"}}}}
{"Event_attributes":{"xmlns":"http://schemas.microsoft.com/win/2004/08/events/event"},"Event":{"System":{"Provider_attributes":{"Name":"PowerShell"},"EventID_attributes":{"Qualifiers":"0"},"EventID":"800","Level":"4","Task":"8","Keywords":"0x80000000000000","TimeCreated_attributes":{"SystemTime":"2021-04-23T10:09:44.774263300Z"},"EventRecordID":"7040","Channel":"Windows PowerShell","Computer":"srvdefender01.offsec.lan","Security":null},"EventData":{"Data":{"#text":["Microsoft.PowerShell.Core\\Export-ModuleMember -Function 'Find-NetIPsecRule' -Alias '*'\r\n","\tDetailSequence=1\r\n\tDetailTotal=1\r\n\r\n\tSequenceNumber=659\r\n\r\n\tUserId=OFFSEC\\admmig\r\n\tHostName=ConsoleHost\r\n\tHostVersion=5.1.14393.3383\r\n\tHostId=d72f218b-82c7-499c-97cb-c80e944516ab\r\n\tHostApplication=C:\\Windows\\System32\\WindowsPowerShell\\v1.0\\powershell.exe\r\n\tEngineVersion=5.1.14393.3383\r\n\tRunspaceId=4ecdbb14-73d6-41a0-8b4a-662d7fa34856\r\n\tPipelineId=82\r\n\tScriptName=\r\n\tCommandLine=Microsoft.PowerShell.Core\\Export-ModuleMember -Function 'Find-NetIPsecRule' -Alias '*'\r\n","CommandInvocation(Export-ModuleMember): \"Export-ModuleMember\"\r\nParameterBinding(Export-ModuleMember): name=\"Function\"; value=\"Find-NetIPsecRule\"\r\nParameterBinding(Export-ModuleMember): name=\"Alias\"; value=\"*\"\r\n"]}},"RenderingInfo_attributes":{"Culture":"en-US"},"RenderingInfo":{"Message":"Pipeline execution details for command line: Microsoft.PowerShell.Core\\Export-ModuleMember -Function 'Find-NetIPsecRule' -Alias '*'\r\n. \r\n\r\nContext Information: \r\n\tDetailSequence=1\r\n\tDetailTotal=1\r\n\r\n\tSequenceNumber=659\r\n\r\n\tUserId=OFFSEC\\admmig\r\n\tHostName=ConsoleHost\r\n\tHostVersion=5.1.14393.3383\r\n\tHostId=d72f218b-82c7-499c-97cb-c80e944516ab\r\n\tHostApplication=C:\\Windows\\System32\\WindowsPowerShell\\v1.0\\powershell.exe\r\n\tEngineVersion=5.1.14393.3383\r\n\tRunspaceId=4ecdbb14-73d6-41a0-8b4a-662d7fa34856\r\n\tPipelineId=82\r\n\tScriptName=\r\n\tCommandLine=Microsoft.PowerShell.Core\\Export-ModuleMember -Function 'Find-NetIPsecRule' -Alias '*'\r\n \r\n\r\nDetails: \r\nCommandInvocation(Export-ModuleMember): \"Export-ModuleMember\"\r\nParameterBinding(Export-ModuleMember): name=\"Function\"; value=\"Find-NetIPsecRule\"\r\nParameterBinding(Export-ModuleMember): name=\"Alias\"; value=\"*\"\r\n","Level":"Information","Task":"Pipeline Execution Details","Opcode":"Info","Channel":null,"Provider":null,"Keywords":{"Keyword":"Classic"}}}}
{"Event_attributes":{"xmlns":"http://schemas.microsoft.com/win/2004/08/events/event"},"Event":{"System":{"Provider_attributes":{"Name":"PowerShell"},"EventID_attributes":{"Qualifiers":"0"},"EventID":"800","Level":"4","Task":"8","Keywords":"0x80000000000000","TimeCreated_attributes":{"SystemTime":"2021-04-23T10:09:44.774263300Z"},"EventRecordID":"7041","Channel":"Windows PowerShell","Computer":"srvdefender01.offsec.lan","Security":null},"EventData":{"Data":{"#text":["Microsoft.PowerShell.Core\\Export-ModuleMember -Function 'Get-NetIPsecRule' -Alias '*'\r\n","\tDetailSequence=1\r\n\tDetailTotal=1\r\n\r\n\tSequenceNumber=661\r\n\r\n\tUserId=OFFSEC\\admmig\r\n\tHostName=ConsoleHost\r\n\tHostVersion=5.1.14393.3383\r\n\tHostId=d72f218b-82c7-499c-97cb-c80e944516ab\r\n\tHostApplication=C:\\Windows\\System32\\WindowsPowerShell\\v1.0\\powershell.exe\r\n\tEngineVersion=5.1.14393.3383\r\n\tRunspaceId=4ecdbb14-73d6-41a0-8b4a-662d7fa34856\r\n\tPipelineId=82\r\n\tScriptName=\r\n\tCommandLine=Microsoft.PowerShell.Core\\Export-ModuleMember -Function 'Get-NetIPsecRule' -Alias '*'\r\n","CommandInvocation(Export-ModuleMember): \"Export-ModuleMember\"\r\nParameterBinding(Export-ModuleMember): name=\"Function\"; value=\"Get-NetIPsecRule\"\r\nParameterBinding(Export-ModuleMember): name=\"Alias\"; value=\"*\"\r\n"]}},"RenderingInfo_attributes":{"Culture":"en-US"},"RenderingInfo":{"Message":"Pipeline execution details for command line: Microsoft.PowerShell.Core\\Export-ModuleMember -Function 'Get-NetIPsecRule' -Alias '*'\r\n. \r\n\r\nContext Information: \r\n\tDetailSequence=1\r\n\tDetailTotal=1\r\n\r\n\tSequenceNumber=661\r\n\r\n\tUserId=OFFSEC\\admmig\r\n\tHostName=ConsoleHost\r\n\tHostVersion=5.1.14393.3383\r\n\tHostId=d72f218b-82c7-499c-97cb-c80e944516ab\r\n\tHostApplication=C:\\Windows\\System32\\WindowsPowerShell\\v1.0\\powershell.exe\r\n\tEngineVersion=5.1.14393.3383\r\n\tRunspaceId=4ecdbb14-73d6-41a0-8b4a-662d7fa34856\r\n\tPipelineId=82\r\n\tScriptName=\r\n\tCommandLine=Microsoft.PowerShell.Core\\Export-ModuleMember -Function 'Get-NetIPsecRule' -Alias '*'\r\n \r\n\r\nDetails: \r\nCommandInvocation(Export-ModuleMember): \"Export-ModuleMember\"\r\nParameterBinding(Export-ModuleMember): name=\"Function\"; value=\"Get-NetIPsecRule\"\r\nParameterBinding(Export-ModuleMember): name=\"Alias\"; value=\"*\"\r\n","Level":"Information","Task":"Pipeline Execution Details","Opcode":"Info","Channel":null,"Provider":null,"Keywords":{"Keyword":"Classic"}}}}
{"Event_attributes":{"xmlns":"http://schemas.microsoft.com/win/2004/08/events/event"},"Event":{"System":{"Provider_attributes":{"Name":"PowerShell"},"EventID_attributes":{"Qualifiers":"0"},"EventID":"800","Level":"4","Task":"8","Keywords":"0x80000000000000","TimeCreated_attributes":{"SystemTime":"2021-04-23T10:09:44.774263300Z"},"EventRecordID":"7042","Channel":"Windows PowerShell","Computer":"srvdefender01.offsec.lan","Security":null},"EventData":{"Data":{"#text":["Microsoft.PowerShell.Core\\Export-ModuleMember -Function 'Set-NetIPsecRule' -Alias '*'\r\n","\tDetailSequence=1\r\n\tDetailTotal=1\r\n\r\n\tSequenceNumber=663\r\n\r\n\tUserId=OFFSEC\\admmig\r\n\tHostName=ConsoleHost\r\n\tHostVersion=5.1.14393.3383\r\n\tHostId=d72f218b-82c7-499c-97cb-c80e944516ab\r\n\tHostApplication=C:\\Windows\\System32\\WindowsPowerShell\\v1.0\\powershell.exe\r\n\tEngineVersion=5.1.14393.3383\r\n\tRunspaceId=4ecdbb14-73d6-41a0-8b4a-662d7fa34856\r\n\tPipelineId=82\r\n\tScriptName=\r\n\tCommandLine=Microsoft.PowerShell.Core\\Export-ModuleMember -Function 'Set-NetIPsecRule' -Alias '*'\r\n","CommandInvocation(Export-ModuleMember): \"Export-ModuleMember\"\r\nParameterBinding(Export-ModuleMember): name=\"Function\"; value=\"Set-NetIPsecRule\"\r\nParameterBinding(Export-ModuleMember): name=\"Alias\"; value=\"*\"\r\n"]}},"RenderingInfo_attributes":{"Culture":"en-US"},"RenderingInfo":{"Message":"Pipeline execution details for command line: Microsoft.PowerShell.Core\\Export-ModuleMember -Function 'Set-NetIPsecRule' -Alias '*'\r\n. \r\n\r\nContext Information: \r\n\tDetailSequence=1\r\n\tDetailTotal=1\r\n\r\n\tSequenceNumber=663\r\n\r\n\tUserId=OFFSEC\\admmig\r\n\tHostName=ConsoleHost\r\n\tHostVersion=5.1.14393.3383\r\n\tHostId=d72f218b-82c7-499c-97cb-c80e944516ab\r\n\tHostApplication=C:\\Windows\\System32\\WindowsPowerShell\\v1.0\\powershell.exe\r\n\tEngineVersion=5.1.14393.3383\r\n\tRunspaceId=4ecdbb14-73d6-41a0-8b4a-662d7fa34856\r\n\tPipelineId=82\r\n\tScriptName=\r\n\tCommandLine=Microsoft.PowerShell.Core\\Export-ModuleMember -Function 'Set-NetIPsecRule' -Alias '*'\r\n \r\n\r\nDetails: \r\nCommandInvocation(Export-ModuleMember): \"Export-ModuleMember\"\r\nParameterBinding(Export-ModuleMember): name=\"Function\"; value=\"Set-NetIPsecRule\"\r\nParameterBinding(Export-ModuleMember): name=\"Alias\"; value=\"*\"\r\n","Level":"Information","Task":"Pipeline Execution Details","Opcode":"Info","Channel":null,"Provider":null,"Keywords":{"Keyword":"Classic"}}}}
