{"Event_attributes":{"xmlns":"http://schemas.microsoft.com/win/2004/08/events/event"},"Event":{"System":{"Provider_attributes":{"Name":"Microsoft-Windows-PowerShell","Guid":"{A0C1853B-5C40-4B15-8766-3CF1C58F985A}"},"EventID":"4104","Version":"1","Level":"3","Task":"2","Opcode":"15","Keywords":"0x0","TimeCreated_attributes":{"SystemTime":"2021-04-23T10:09:44.774760900Z"},"EventRecordID":"7607","Correlation_attributes":{"ActivityID":"{42422748-35ED-0000-44FD-5F42ED35D701}"},"Execution_attributes":{"ProcessID":"4040","ThreadID":"5280"},"Channel":"Microsoft-Windows-PowerShell/Operational","Computer":"srvdefender01.offsec.lan","Security_attributes":{"UserID":"S-1-5-21-4230534742-2542757381-3142984815-1111"}},"EventData":{"MessageNumber":"24","MessageTotal":"26","ScriptBlockText":"[System.Management.Automation.IDynamicParameters])\r\n                {\r\n                    ([System.Management.Automation.IDynamicParameters]$__cmdletization_objectModelWrapper).GetDynamicParameters()\r\n                }\r\n            }\r\n        }\r\n        catch\r\n        {\r\n            $__cmdletization_exceptionHasBeenThrown = $true\r\n            throw\r\n        }\r\n    }\r\n\r\n    Begin {\r\n        $__cmdletization_exceptionHasBeenThrown = $false\r\n        try \r\n        {\r\n            __cmdletization_BindCommonParameters $__cmdletization_objectModelWrapper $PSBoundParameters\r\n            $__cmdletization_objectModelWrapper.BeginProcessing()\r\n        }\r\n        catch\r\n        {\r\n            $__cmdletization_exceptionHasBeenThrown = $true\r\n            throw\r\n        }\r\n    }\r\n        \r\n\r\n    Process {\r\n        try \r\n        {\r\n            if (-not $__cmdletization_exceptionHasBeenThrown)\r\n            {\r\n    $__cmdletization_queryBuilder = $__cmdletization_objectModelWrapper.GetQueryBuilder()\r\n    if ($PSBoundParameters.ContainsKey('IPsecRuleName') -and (@('ByIPsecRuleName') -contains $PSCmdlet.ParameterSetName )) {\r\n        $__cmdletization_values = @(${IPsecRuleName})\r\n        $__cmdletization_queryBuilder.FilterByProperty('InstanceID', $__cmdletization_values, $true, 'Default')\r\n    }\r\n    if ($PSBoundParameters.ContainsKey('DisplayName') -and (@('ByDisplayName') -contains $PSCmdlet.ParameterSetName )) {\r\n        $__cmdletization_values = @(${DisplayName})\r\n        $__cmdletization_queryBuilder.FilterByProperty('DisplayName', $__cmdletization_values, $true, 'Default')\r\n    }\r\n    if ($PSBoundParameters.ContainsKey('Description') -and (@('ByQuery') -contains $PSCmdlet.ParameterSetName )) {\r\n        $__cmdletization_values = @(${Description})\r\n        $__cmdletization_queryBuilder.FilterByProperty('Description', $__cmdletization_values, $true, 'Default')\r\n    }\r\n    if ($PSBoundParameters.ContainsKey('DisplayGroup') -and (@('ByQuery') -contains $PSCmdlet.ParameterSetName )) {\r\n        $__cmdletization_values = @(${DisplayGroup})\r\n        $__cmdletization_queryBuilder.FilterByProperty('DisplayGroup', $__cmdletization_values, $true, 'Default')\r\n    }\r\n    if ($PSBoundParameters.ContainsKey('Group') -and (@('ByQuery') -contains $PSCmdlet.ParameterSetName )) {\r\n        $__cmdletization_values = @(${Group})\r\n        $__cmdletization_queryBuilder.FilterByProperty('RuleGroup', $__cmdletization_values, $true, 'Default')\r\n    }\r\n    if ($PSBoundParameters.ContainsKey('Enabled') -and (@('ByQuery') -contains $PSCmdlet.ParameterSetName )) {\r\n        $__cmdletization_values = @(${Enabled})\r\n        $__cmdletization_queryBuilder.FilterByProperty('Enabled', $__cmdletization_values, $false, 'Default')\r\n    }\r\n    if ($PSBoundParameters.ContainsKey('Mode') -and (@('ByQuery') -contains $PSCmdlet.ParameterSetName )) {\r\n        $__cmdletization_values = @(${Mode})\r\n        $__cmdletization_queryBuilder.FilterByProperty('Mode', $__cmdletization_values, $false, 'Default')\r\n    }\r\n    if ($PSBoundParameters.ContainsKey('InboundSecurity') -and (@('ByQuery') -contains $PSCmdlet.ParameterSetName )) {\r\n        $__cmdletization_values = @(${InboundSecurity})\r\n        $__cmdletization_queryBuilder.FilterByProperty('InboundSecurity', $__cmdletization_values, $false, 'Default')\r\n    }\r\n    if ($PSBoundParameters.ContainsKey('OutboundSecurity') -and (@('ByQuery') -contains $PSCmdlet.ParameterSetName )) {\r\n        $__cmdletization_values = @(${OutboundSecurity})\r\n        $__cmdletization_queryBuilder.FilterByProperty('OutboundSecurity', $__cmdletization_values, $false, 'Default')\r\n    }\r\n    if ($PSBoundParameters.ContainsKey('QuickModeCryptoSet') -and (@('ByQuery') -contains $PSCmdlet.ParameterSetName )) {\r\n        $__cmdletization_values = @(${QuickModeCryptoSet})\r\n        $__cmdletization_queryBuilder.FilterByProperty('QuickModeCryptoSet', $__cmdletization_values, $true, 'Default')\r\n    }\r\n    if ($PSBoundParameters.ContainsKey('Phase1AuthSet') -and (@('ByQuery') -contains $PSCmdlet.ParameterSetName )) {\r\n        $__cmdletization_values = @(${Phase1AuthSet})\r\n        $__cmdletization_queryBuilder.FilterByProperty('Phase1AuthSet', $__cmdletization_values, $true, 'Default')\r\n    }\r\n    if ($PSBoundParameters.ContainsKey('Phase2AuthSet') -and (@('ByQuery') -contains $PSCmdlet.ParameterSetName )) {\r\n        $__cmdletization_values = @(${Phase2AuthSet})\r\n        $__cmdletization_queryBuilder.FilterByProperty('Phase2AuthSet', $__cmdletization_values, $true, 'Default')\r\n    }\r\n    if ($PSBoundParameters.ContainsKey('KeyModule') -and (@('ByQuery') -contains $PSCmdlet.ParameterSetName )) {\r\n        $__cmdletization_values = @(${KeyModule})\r\n        $__cmdletization_queryBuilder.FilterByProperty('KeyModule', $__cmdletization_values, $false, 'Default')\r\n    }\r\n    if ($PSBoundParameters.ContainsKey('AllowWatchKey') -and (@('ByQuery') -contains $PSCmdlet.ParameterSetName )) {\r\n        $__cmdletization_values = @(${AllowWatchKey})\r\n        $__cmdletization_queryBuilder.FilterByProperty('AllowWatchKey', $__cmdletization_values, $false, 'Default')\r\n    }\r\n    if ($PSBoundParameters.ContainsKey('AllowSetKey') -and (@('ByQuery') -contains $PSCmdlet.ParameterSetName )) {\r\n        $__cmdletization_values = @(${AllowSetKey})\r\n        $__cmdletization_queryBuilder.FilterByProperty('AllowSetKey', $__cmdletization_values, $false, 'Default')\r\n    }\r\n    if ($PSBoundParameters.ContainsKey('RemoteTunnelHostname') -and (@('ByQuery') -contains $PSCmdlet.ParameterSetName )) {\r\n        $__cmdletization_values = @(${RemoteTunnelHostname})\r\n        $__cmdletization_queryBuilder.FilterByProperty('RemoteTunnelEndpointDNSName', $__cmdletization_values, $true, 'Default')\r\n    }\r\n    if ($PSBoundParameters.ContainsKey('ForwardPathLifetime') -and (@('ByQuery') -contains $PSCmdlet.ParameterSetName )) {\r\n        $__cmdletization_values = @(${ForwardPathLifetime})\r\n        $__cmdletization_queryBuilder.FilterByProperty('MaxReturnPathLifetimeSeconds', $__cmdletization_values, $false, 'Default')\r\n    }\r\n    if ($PSBoundParameters.ContainsKey('EncryptedTunnelBypass') -and (@('ByQuery') -contains $PSCmdlet.ParameterSetName )) {\r\n        $__cmdletization_values = @(${EncryptedTunnelBypass})\r\n        $__cmdletization_queryBuilder.FilterByProperty('BypassTunnelIfEncrypted', $__cmdletization_values, $false, 'Default')\r\n    }\r\n    if ($PSBoundParameters.ContainsKey('RequireAuthorization') -and (@('ByQuery') -contains $PSCmdlet.ParameterSetName )) {\r\n        $__cmdletization_values = @(${RequireAuthorization})\r\n        $__cmdletization_queryBuilder.FilterByProperty('RequireAuthorization', $__cmdletization_values, $false, 'Default')\r\n    }\r\n    if ($PSBoundParameters.ContainsKey('User') -and (@('ByQuery') -contains $PSCmdlet.ParameterSetName )) {\r\n        $__cmdletization_values = @(${User})\r\n        $__cmdletization_queryBuilder.FilterByProperty('Users', $__cmdletization_values, $true, 'Default')\r\n    }\r\n    if ($PSBoundParameters.ContainsKey('Machine') -and (@('ByQuery') -contains $PSCmdlet.ParameterSetName )) {\r\n        $__cmdletization_values = @(${Machine})\r\n        $__cmdletization_queryBuilder.FilterByProperty('Machines', $__cmdletization_values, $true, 'Default')\r\n    }\r\n    if ($PSBoundParameters.ContainsKey('PrimaryStatus') -and (@('ByQuery') -contains $PSCmdlet.ParameterSetName )) {\r\n        $__cmdletization_values = @(${PrimaryStatus})\r\n        $__cmdletization_queryBuilder.FilterByProperty('PrimaryStatus', $__cmdletization_values, $false, 'Default')\r\n    }\r\n    if ($PSBoundParameters.ContainsKey('Status') -and (@('ByQuery') -contains $PSCmdlet.ParameterSetName )) {\r\n        $__cmdletization_values = @(${Status})\r\n        $__cmdletization_queryBuilder.FilterByProperty('Status', $__cmdletization_values, $true, 'Default')\r\n    }\r\n    if ($PSBoundParameters.ContainsKey('PolicyStoreSource') -and (@('ByQuery') -contains $PSCmdlet.ParameterSetName )) {\r\n        $__cmdletization_values = @(${PolicyStoreSource})\r\n        $__cmdletization_queryBuilder.FilterByProperty('PolicyStoreSource', $__cmdletization_values, $true, 'Default')\r\n    }\r\n    if ($PSBoundParameters.ContainsKey('PolicyStoreSourceType') -and (@('ByQuery') -contains $PSCmdlet.ParameterSetName )) {\r\n        $__cmdletization_values = @(${PolicyStoreSourceType})\r\n        $__cmdletization_queryBuilder.FilterByProperty('PolicyStoreSourceType', $__cmdletization_values, $false, 'Default')\r\n    }\r\n    if ($PSBoundParameters.ContainsKey('AssociatedNetFirewallAddressFilter') -and (@('ByAssociatedNetFirewallAddressFilter') -contains $PSCmdlet.ParameterSetName )) {\r\n    $__cmdletization_queryBuilder.FilterByAssociatedInstance(${AssociatedNetFirewallAddressFilter}, 'MSFT_NetConSecRuleFilterByAddress', 'PartComponent', 'GroupComponent', 'Default')\r\n    }\r\n    if ($PSBoundParameters.ContainsKey('AssociatedNetFirewallInterfaceFilter') -and (@('ByAssociatedNetFirewallInterfaceFilter') -contains $PSCmdlet.ParameterSetName )) {\r\n    $__cmdletization_queryBuilder.FilterByAssociatedInstance(${AssociatedNetFirewallInterfaceFilter}, 'MSFT_NetConSecRuleFilterByInterface', 'PartComponent', 'GroupComponent', 'Default')\r\n    }\r\n    if ($PSBoundParameters.ContainsKey('AssociatedNetFirewallInterfaceTypeFilter') -and (@('ByAssociatedNetFirewallInterfaceTypeFilter') -contains $PSCmdlet.ParameterSetName )) {\r\n    $__cmdletization_queryBuilder.FilterByAssociatedInstance(${AssociatedNetFirewallInterfaceTypeFilter}, 'MSFT_NetConSecRuleFilterByInterfaceType', 'PartComponent', 'GroupComponent', 'Default')\r\n    }\r\n    if ($PSBoundParameters.ContainsKey('AssociatedNetFirewallPortFilter') -and (@('ByAssociatedNetFirewallPortFilter') -contains $PSCmdlet.ParameterSetName )) {\r\n    $__cmdletization_queryBuilder.FilterByAssociatedInstance(${AssociatedNetFirewallPortFilter}, 'MSFT_NetConSecRuleFilterByProtocolPort', 'PartComponent', 'GroupComponent', 'Default')\r\n    }\r\n    if ($PSBoundParameters.ContainsKey('AssociatedNetFirewallProfile') -and (@('ByAssociatedNetFirewallProfile') -contains $PSCmdlet.ParameterSetName )) {\r\n    $__cmdletization_queryBuilder.FilterByAssociatedInstance(${AssociatedNetFirewallProfile}, 'MSFT_NetConSecRuleInProfile', 'GroupComponent', 'PartComponent', 'Default')\r\n    }\r\n    if ($PSBoundParameters.ContainsKey('AssociatedNetIPsecPhase2AuthSet') -and (@('ByAssociatedNetIPsecPhase2AuthSet') -contains $PSCmdlet.ParameterSetName )) {\r\n    $__cmdletization_queryBuilder.FilterByAssociatedInstance(${AssociatedNetIPsecPhase2AuthSet}, 'MSFT_NetConSecRuleEMAuthSet', 'PartComponent', 'GroupComponent', 'Default')\r\n    }\r\n    if ($PSBoundParameters.ContainsKey('AssociatedNetIPsecPhase1AuthSet') -and (@('ByAssociatedNetIPsecPhase1AuthSet') -contains $PSCmdlet.ParameterSetName )) {\r\n    $__cmdletization_queryBuilder.FilterByAssociatedInstance(${AssociatedNetIPsecPhase1AuthSet}, 'MSFT_NetConSecRuleMMAuthSet', 'PartComponent', 'GroupComponent', 'Default')\r\n    }\r\n    if ($PSBoundParameters.ContainsKey('AssociatedNetIPsecQuickModeCryptoSet') -and (@('ByAssociatedNetIPsecQuickModeCryptoSet') -contains $PSCmdlet.ParameterSetName )) {\r\n    $__cmdletization_queryBuilder.FilterByAssociatedInstance(${AssociatedNetIPsecQuickModeCryptoSet}, 'MSFT_NetConSecRuleQMCryptoSet', 'PartComponent', 'GroupComponent', 'Default')\r\n    }\r\n    if ($PSBoundParameters.ContainsKey('All') -and (@('GetAll') -contains $PSCmdlet.ParameterSetName )) {\r\n    $__cmdletization_queryBuilder.AddQueryOption('All', ${All})\r\n    }\r\n    if ($PSBoundParameters.ContainsKey('PolicyStore') -and (@('ByIPsecRuleName', 'ByDisplayName', 'ByQuery', 'ByAssociatedNetFirewallAddressFilter', 'ByAssociatedNetFirewallInterfaceFilter', 'ByAssociatedNetFirewallInterfaceTypeFilter', 'ByAssociatedNetFirewallPortFilter', 'ByAssociatedNetFirewallProfile', 'ByAssociatedNetIPsecPhase2AuthSet', 'ByAssociatedNetIPsecPhase1AuthSet', 'ByAssociatedNetIPsecQuickModeCryptoSet', 'GetAll') -contains $PSCmdlet.ParameterSetName )) {\r\n    $__cmdletization_queryBuilder.AddQueryOption('PolicyStore', ${PolicyStore})\r\n    }\r\n    if ($PSBoundParameters.ContainsKey('GPOSession') -and (@('ByIPsecRuleName', 'ByDisplayName', 'ByQuery', 'ByAssociatedNetFirewallAddressFilter', 'ByAssociatedNetFirewallInterfaceFilter', 'ByAssociatedNetFirewallInterfaceTypeFilter', 'ByAssociatedNetFirewallPortFilter', 'ByAssociatedNetFirewallProfile', 'ByAssociatedNetIPsecPhase2AuthSet', 'ByAssociatedNetIPsecPhase1AuthSet', 'ByAssociatedNetIPsecQuickModeCryptoSet', 'GetA","ScriptBlockId":"9c867db7-d37c-47b0-b8c3-e1b091c8e14f","Path":""},"RenderingInfo_attributes":{"Culture":"en-US"},"RenderingInfo":{"Message":"Creating Scriptblock text (24 of 26):\r\n[System.Management.Automation.IDynamicParameters])\r\n                {\r\n                    ([System.Management.Automation.IDynamicParameters]$__cmdletization_objectModelWrapper).GetDynamicParameters()\r\n                }\r\n            }\r\n        }\r\n        catch\r\n        {\r\n            $__cmdletization_exceptionHasBeenThrown = $true\r\n            throw\r\n        }\r\n    }\r\n\r\n    Begin {\r\n        $__cmdletization_exceptionHasBeenThrown = $false\r\n        try \r\n        {\r\n            __cmdletization_BindCommonParameters $__cmdletization_objectModelWrapper $PSBoundParameters\r\n            $__cmdletization_objectModelWrapper.BeginProcessing()\r\n        }\r\n        catch\r\n        {\r\n            $__cmdletization_exceptionHasBeenThrown = $true\r\n            throw\r\n        }\r\n    }\r\n        \r\n\r\n    Process {\r\n        try \r\n        {\r\n            if (-not $__cmdletization_exceptionHasBeenThrown)\r\n            {\r\n    $__cmdletization_queryBuilder = $__cmdletization_objectModelWrapper.GetQueryBuilder()\r\n    if ($PSBoundParameters.ContainsKey('IPsecRuleName') -and (@('ByIPsecRuleName') -contains $PSCmdlet.ParameterSetName )) {\r\n        $__cmdletization_values = @(${IPsecRuleName})\r\n        $__cmdletization_queryBuilder.FilterByProperty('InstanceID', $__cmdletization_values, $true, 'Default')\r\n    }\r\n    if ($PSBoundParameters.ContainsKey('DisplayName') -and (@('ByDisplayName') -contains $PSCmdlet.ParameterSetName )) {\r\n        $__cmdletization_values = @(${DisplayName})\r\n        $__cmdletization_queryBuilder.FilterByProperty('DisplayName', $__cmdletization_values, $true, 'Default')\r\n    }\r\n    if ($PSBoundParameters.ContainsKey('Description') -and (@('ByQuery') -contains $PSCmdlet.ParameterSetName )) {\r\n        $__cmdletization_values = @(${Description})\r\n        $__cmdletization_queryBuilder.FilterByProperty('Description', $__cmdletization_values, $true, 'Default')\r\n    }\r\n    if ($PSBoundParameters.ContainsKey('DisplayGroup') -and (@('ByQuery') -contains $PSCmdlet.ParameterSetName )) {\r\n        $__cmdletization_values = @(${DisplayGroup})\r\n        $__cmdletization_queryBuilder.FilterByProperty('DisplayGroup', $__cmdletization_values, $true, 'Default')\r\n    }\r\n    if ($PSBoundParameters.ContainsKey('Group') -and (@('ByQuery') -contains $PSCmdlet.ParameterSetName )) {\r\n        $__cmdletization_values = @(${Group})\r\n        $__cmdletization_queryBuilder.FilterByProperty('RuleGroup', $__cmdletization_values, $true, 'Default')\r\n    }\r\n    if ($PSBoundParameters.ContainsKey('Enabled') -and (@('ByQuery') -contains $PSCmdlet.ParameterSetName )) {\r\n        $__cmdletization_values = @(${Enabled})\r\n        $__cmdletization_queryBuilder.FilterByProperty('Enabled', $__cmdletization_values, $false, 'Default')\r\n    }\r\n    if ($PSBoundParameters.ContainsKey('Mode') -and (@('ByQuery') -contains $PSCmdlet.ParameterSetName )) {\r\n        $__cmdletization_values = @(${Mode})\r\n        $__cmdletization_queryBuilder.FilterByProperty('Mode', $__cmdletization_values, $false, 'Default')\r\n    }\r\n    if ($PSBoundParameters.ContainsKey('InboundSecurity') -and (@('ByQuery') -contains $PSCmdlet.ParameterSetName )) {\r\n        $__cmdletization_values = @(${InboundSecurity})\r\n        $__cmdletization_queryBuilder.FilterByProperty('InboundSecurity', $__cmdletization_values, $false, 'Default')\r\n    }\r\n    if ($PSBoundParameters.ContainsKey('OutboundSecurity') -and (@('ByQuery') -contains $PSCmdlet.ParameterSetName )) {\r\n        $__cmdletization_values = @(${OutboundSecurity})\r\n        $__cmdletization_queryBuilder.FilterByProperty('OutboundSecurity', $__cmdletization_values, $false, 'Default')\r\n    }\r\n    if ($PSBoundParameters.ContainsKey('QuickModeCryptoSet') -and (@('ByQuery') -contains $PSCmdlet.ParameterSetName )) {\r\n        $__cmdletization_values = @(${QuickModeCryptoSet})\r\n        $__cmdletization_queryBuilder.FilterByProperty('QuickModeCryptoSet', $__cmdletization_values, $true, 'Default')\r\n    }\r\n    if ($PSBoundParameters.ContainsKey('Phase1AuthSet') -and (@('ByQuery') -contains $PSCmdlet.ParameterSetName )) {\r\n        $__cmdletization_values = @(${Phase1AuthSet})\r\n        $__cmdletization_queryBuilder.FilterByProperty('Phase1AuthSet', $__cmdletization_values, $true, 'Default')\r\n    }\r\n    if ($PSBoundParameters.ContainsKey('Phase2AuthSet') -and (@('ByQuery') -contains $PSCmdlet.ParameterSetName )) {\r\n        $__cmdletization_values = @(${Phase2AuthSet})\r\n        $__cmdletization_queryBuilder.FilterByProperty('Phase2AuthSet', $__cmdletization_values, $true, 'Default')\r\n    }\r\n    if ($PSBoundParameters.ContainsKey('KeyModule') -and (@('ByQuery') -contains $PSCmdlet.ParameterSetName )) {\r\n        $__cmdletization_values = @(${KeyModule})\r\n        $__cmdletization_queryBuilder.FilterByProperty('KeyModule', $__cmdletization_values, $false, 'Default')\r\n    }\r\n    if ($PSBoundParameters.ContainsKey('AllowWatchKey') -and (@('ByQuery') -contains $PSCmdlet.ParameterSetName )) {\r\n        $__cmdletization_values = @(${AllowWatchKey})\r\n        $__cmdletization_queryBuilder.FilterByProperty('AllowWatchKey', $__cmdletization_values, $false, 'Default')\r\n    }\r\n    if ($PSBoundParameters.ContainsKey('AllowSetKey') -and (@('ByQuery') -contains $PSCmdlet.ParameterSetName )) {\r\n        $__cmdletization_values = @(${AllowSetKey})\r\n        $__cmdletization_queryBuilder.FilterByProperty('AllowSetKey', $__cmdletization_values, $false, 'Default')\r\n    }\r\n    if ($PSBoundParameters.ContainsKey('RemoteTunnelHostname') -and (@('ByQuery') -contains $PSCmdlet.ParameterSetName )) {\r\n        $__cmdletization_values = @(${RemoteTunnelHostname})\r\n        $__cmdletization_queryBuilder.FilterByProperty('RemoteTunnelEndpointDNSName', $__cmdletization_values, $true, 'Default')\r\n    }\r\n    if ($PSBoundParameters.ContainsKey('ForwardPathLifetime') -and (@('ByQuery') -contains $PSCmdlet.ParameterSetName )) {\r\n        $__cmdletization_values = @(${ForwardPathLifetime})\r\n        $__cmdletization_queryBuilder.FilterByProperty('MaxReturnPathLifetimeSeconds', $__cmdletization_values, $false, 'Default')\r\n    }\r\n    if ($PSBoundParameters.ContainsKey('EncryptedTunnelBypass') -and (@('ByQuery') -contains $PSCmdlet.ParameterSetName )) {\r\n        $__cmdletization_values = @(${EncryptedTunnelBypass})\r\n        $__cmdletization_queryBuilder.FilterByProperty('BypassTunnelIfEncrypted', $__cmdletization_values, $false, 'Default')\r\n    }\r\n    if ($PSBoundParameters.ContainsKey('RequireAuthorization') -and (@('ByQuery') -contains $PSCmdlet.ParameterSetName )) {\r\n        $__cmdletization_values = @(${RequireAuthorization})\r\n        $__cmdletization_queryBuilder.FilterByProperty('RequireAuthorization', $__cmdletization_values, $false, 'Default')\r\n    }\r\n    if ($PSBoundParameters.ContainsKey('User') -and (@('ByQuery') -contains $PSCmdlet.ParameterSetName )) {\r\n        $__cmdletization_values = @(${User})\r\n        $__cmdletization_queryBuilder.FilterByProperty('Users', $__cmdletization_values, $true, 'Default')\r\n    }\r\n    if ($PSBoundParameters.ContainsKey('Machine') -and (@('ByQuery') -contains $PSCmdlet.ParameterSetName )) {\r\n        $__cmdletization_values = @(${Machine})\r\n        $__cmdletization_queryBuilder.FilterByProperty('Machines', $__cmdletization_values, $true, 'Default')\r\n    }\r\n    if ($PSBoundParameters.ContainsKey('PrimaryStatus') -and (@('ByQuery') -contains $PSCmdlet.ParameterSetName )) {\r\n        $__cmdletization_values = @(${PrimaryStatus})\r\n        $__cmdletization_queryBuilder.FilterByProperty('PrimaryStatus', $__cmdletization_values, $false, 'Default')\r\n    }\r\n    if ($PSBoundParameters.ContainsKey('Status') -and (@('ByQuery') -contains $PSCmdlet.ParameterSetName )) {\r\n        $__cmdletization_values = @(${Status})\r\n        $__cmdletization_queryBuilder.FilterByProperty('Status', $__cmdletization_values, $true, 'Default')\r\n    }\r\n    if ($PSBoundParameters.ContainsKey('PolicyStoreSource') -and (@('ByQuery') -contains $PSCmdlet.ParameterSetName )) {\r\n        $__cmdletization_values = @(${PolicyStoreSource})\r\n        $__cmdletization_queryBuilder.FilterByProperty('PolicyStoreSource', $__cmdletization_values, $true, 'Default')\r\n    }\r\n    if ($PSBoundParameters.ContainsKey('PolicyStoreSourceType') -and (@('ByQuery') -contains $PSCmdlet.ParameterSetName )) {\r\n        $__cmdletization_values = @(${PolicyStoreSourceType})\r\n        $__cmdletization_queryBuilder.FilterByProperty('PolicyStoreSourceType', $__cmdletization_values, $false, 'Default')\r\n    }\r\n    if ($PSBoundParameters.ContainsKey('AssociatedNetFirewallAddressFilter') -and (@('ByAssociatedNetFirewallAddressFilter') -contains $PSCmdlet.ParameterSetName )) {\r\n    $__cmdletization_queryBuilder.FilterByAssociatedInstance(${AssociatedNetFirewallAddressFilter}, 'MSFT_NetConSecRuleFilterByAddress', 'PartComponent', 'GroupComponent', 'Default')\r\n    }\r\n    if ($PSBoundParameters.ContainsKey('AssociatedNetFirewallInterfaceFilter') -and (@('ByAssociatedNetFirewallInterfaceFilter') -contains $PSCmdlet.ParameterSetName )) {\r\n    $__cmdletization_queryBuilder.FilterByAssociatedInstance(${AssociatedNetFirewallInterfaceFilter}, 'MSFT_NetConSecRuleFilterByInterface', 'PartComponent', 'GroupComponent', 'Default')\r\n    }\r\n    if ($PSBoundParameters.ContainsKey('AssociatedNetFirewallInterfaceTypeFilter') -and (@('ByAssociatedNetFirewallInterfaceTypeFilter') -contains $PSCmdlet.ParameterSetName )) {\r\n    $__cmdletization_queryBuilder.FilterByAssociatedInstance(${AssociatedNetFirewallInterfaceTypeFilter}, 'MSFT_NetConSecRuleFilterByInterfaceType', 'PartComponent', 'GroupComponent', 'Default')\r\n    }\r\n    if ($PSBoundParameters.ContainsKey('AssociatedNetFirewallPortFilter') -and (@('ByAssociatedNetFirewallPortFilter') -contains $PSCmdlet.ParameterSetName )) {\r\n    $__cmdletization_queryBuilder.FilterByAssociatedInstance(${AssociatedNetFirewallPortFilter}, 'MSFT_NetConSecRuleFilterByProtocolPort', 'PartComponent', 'GroupComponent', 'Default')\r\n    }\r\n    if ($PSBoundParameters.ContainsKey('AssociatedNetFirewallProfile') -and (@('ByAssociatedNetFirewallProfile') -contains $PSCmdlet.ParameterSetName )) {\r\n    $__cmdletization_queryBuilder.FilterByAssociatedInstance(${AssociatedNetFirewallProfile}, 'MSFT_NetConSecRuleInProfile', 'GroupComponent', 'PartComponent', 'Default')\r\n    }\r\n    if ($PSBoundParameters.ContainsKey('AssociatedNetIPsecPhase2AuthSet') -and (@('ByAssociatedNetIPsecPhase2AuthSet') -contains $PSCmdlet.ParameterSetName )) {\r\n    $__cmdletization_queryBuilder.FilterByAssociatedInstance(${AssociatedNetIPsecPhase2AuthSet}, 'MSFT_NetConSecRuleEMAuthSet', 'PartComponent', 'GroupComponent', 'Default')\r\n    }\r\n    if ($PSBoundParameters.ContainsKey('AssociatedNetIPsecPhase1AuthSet') -and (@('ByAssociatedNetIPsecPhase1AuthSet') -contains $PSCmdlet.ParameterSetName )) {\r\n    $__cmdletization_queryBuilder.FilterByAssociatedInstance(${AssociatedNetIPsecPhase1AuthSet}, 'MSFT_NetConSecRuleMMAuthSet', 'PartComponent', 'GroupComponent', 'Default')\r\n    }\r\n    if ($PSBoundParameters.ContainsKey('AssociatedNetIPsecQuickModeCryptoSet') -and (@('ByAssociatedNetIPsecQuickModeCryptoSet') -contains $PSCmdlet.ParameterSetName )) {\r\n    $__cmdletization_queryBuilder.FilterByAssociatedInstance(${AssociatedNetIPsecQuickModeCryptoSet}, 'MSFT_NetConSecRuleQMCryptoSet', 'PartComponent', 'GroupComponent', 'Default')\r\n    }\r\n    if ($PSBoundParameters.ContainsKey('All') -and (@('GetAll') -contains $PSCmdlet.ParameterSetName )) {\r\n    $__cmdletization_queryBuilder.AddQueryOption('All', ${All})\r\n    }\r\n    if ($PSBoundParameters.ContainsKey('PolicyStore') -and (@('ByIPsecRuleName', 'ByDisplayName', 'ByQuery', 'ByAssociatedNetFirewallAddressFilter', 'ByAssociatedNetFirewallInterfaceFilter', 'ByAssociatedNetFirewallInterfaceTypeFilter', 'ByAssociatedNetFirewallPortFilter', 'ByAssociatedNetFirewallProfile', 'ByAssociatedNetIPsecPhase2AuthSet', 'ByAssociatedNetIPsecPhase1AuthSet', 'ByAssociatedNetIPsecQuickModeCryptoSet', 'GetAll') -contains $PSCmdlet.ParameterSetName )) {\r\n    $__cmdletization_queryBuilder.AddQueryOption('PolicyStore', ${PolicyStore})\r\n    }\r\n    if ($PSBoundParameters.ContainsKey('GPOSession') -and (@('ByIPsecRuleName', 'ByDisplayName', 'ByQuery', 'ByAssociatedNetFirewallAddressFilter', 'ByAssociatedNetFirewallInterfaceFilter', 'ByAssociatedNetFirewallInterfaceTypeFilter', 'ByAssociatedNetFirewallPortFilter', 'ByAssociatedNetFirewallProfile', 'ByAssociatedNetIPsecPhase2AuthSet', 'ByAssociatedNetIPsecPhase1AuthSet', 'ByAssociatedNetIPsecQuickModeCryptoSet', 'GetA\r\n\r\nScriptBlock ID: 9c867db7-d37c-47b0-b8c3-e1b091c8e14f\r\nPath: ","Level":"Warning","Task":"Execute a Remote Command","Opcode":"On create calls","Channel":"Microsoft-Windows-PowerShell/Operational","Provider":null,"Keywords":null}}}
{"Event_attributes":{"xmlns":"http://schemas.microsoft.com/win/2004/08/events/event"},"Event":{"System":{"Provider_attributes":{"Name":"PowerShell"},"EventID_attributes":{"Qualifiers":"0"},"EventID":"800","Level":"4","Task":"8","Keywords":"0x80000000000000","TimeCreated_attributes":{"SystemTime":"2021-04-23T10:09:44.774263300Z"},"EventRecordID":"7043","Channel":"Windows PowerShell","Computer":"srvdefender01.offsec.lan","Security":null},"EventData":{"Data":{"#text":["Microsoft.PowerShell.Core\\Export-ModuleMember -Function 'Remove-NetIPsecRule' -Alias '*'\r\n","\tDetailSequence=1\r\n\tDetailTotal=1\r\n\r\n\tSequenceNumber=665\r\n\r\n\tUserId=OFFSEC\\admmig\r\n\tHostName=ConsoleHost\r\n\tHostVersion=5.1.14393.3383\r\n\tHostId=d72f218b-82c7-499c-97cb-c80e944516ab\r\n\tHostApplication=C:\\Windows\\System32\\WindowsPowerShell\\v1.0\\powershell.exe\r\n\tEngineVersion=5.1.14393.3383\r\n\tRunspaceId=4ecdbb14-73d6-41a0-8b4a-662d7fa34856\r\n\tPipelineId=82\r\n\tScriptName=\r\n\tCommandLine=Microsoft.PowerShell.Core\\Export-ModuleMember -Function 'Remove-NetIPsecRule' -Alias '*'\r\n","CommandInvocation(Export-ModuleMember): \"Export-ModuleMember\"\r\nParameterBinding(Export-ModuleMember): name=\"Function\"; value=\"Remove-NetIPsecRule\"\r\nParameterBinding(Export-ModuleMember): name=\"Alias\"; value=\"*\"\r\n"]}},"RenderingInfo_attributes":{"Culture":"en-US"},"RenderingInfo":{"Message":"Pipeline execution details for command line: Microsoft.PowerShell.Core\\Export-ModuleMember -Function 'Remove-NetIPsecRule' -Alias '*'\r\n. \r\n\r\nContext Information: \r\n\tDetailSequence=1\r\n\tDetailTotal=1\r\n\r\n\tSequenceNumber=665\r\n\r\n\tUserId=OFFSEC\\admmig\r\n\tHostName=ConsoleHost\r\n\tHostVersion=5.1.14393.3383\r\n\tHostId=d72f218b-82c7-499c-97cb-c80e944516ab\r\n\tHostApplication=C:\\Windows\\System32\\WindowsPowerShell\\v1.0\\powershell.exe\r\n\tEngineVersion=5.1.14393.3383\r\n\tRunspaceId=4ecdbb14-73d6-41a0-8b4a-662d7fa34856\r\n\tPipelineId=82\r\n\tScriptName=\r\n\tCommandLine=Microsoft.PowerShell.Core\\Export-ModuleMember -Function 'Remove-NetIPsecRule' -Alias '*'\r\n \r\n\r\nDetails: \r\nCommandInvocation(Export-ModuleMember): \"Export-ModuleMember\"\r\nParameterBinding(Export-ModuleMember): name=\"Function\"; value=\"Remove-NetIPsecRule\"\r\nParameterBinding(Export-ModuleMember): name=\"Alias\"; value=\"*\"\r\n","Level":"Information","Task":"Pipeline Execution Details","Opcode":"Info","Channel":null,"Provider":null,"Keywords":{"Keyword":"Classic"}}}}
{"Event_attributes":{"xmlns":"http://schemas.microsoft.com/win/2004/08/events/event"},"Event":{"System":{"Provider_attributes":{"Name":"PowerShell"},"EventID_attributes":{"Qualifiers":"0"},"EventID":"800","Level":"4","Task":"8","Keywords":"0x80000000000000","TimeCreated_attributes":{"SystemTime":"2021-04-23T10:09:44.774263300Z"},"EventRecordID":"7044","Channel":"Windows PowerShell","Computer":"srvdefender01.offsec.lan","Security":null},"EventData":{"Data":{"#text":["Microsoft.PowerShell.Core\\Export-ModuleMember -Function 'Rename-NetIPsecRule' -Alias '*'\r\n","\tDetailSequence=1\r\n\tDetailTotal=1\r\n\r\n\tSequenceNumber=667\r\n\r\n\tUserId=OFFSEC\\admmig\r\n\tHostName=ConsoleHost\r\n\tHostVersion=5.1.14393.3383\r\n\tHostId=d72f218b-82c7-499c-97cb-c80e944516ab\r\n\tHostApplication=C:\\Windows\\System32\\WindowsPowerShell\\v1.0\\powershell.exe\r\n\tEngineVersion=5.1.14393.3383\r\n\tRunspaceId=4ecdbb14-73d6-41a0-8b4a-662d7fa34856\r\n\tPipelineId=82\r\n\tScriptName=\r\n\tCommandLine=Microsoft.PowerShell.Core\\Export-ModuleMember -Function 'Rename-NetIPsecRule' -Alias '*'\r\n","CommandInvocation(Export-ModuleMember): \"Export-ModuleMember\"\r\nParameterBinding(Export-ModuleMember): name=\"Function\"; value=\"Rename-NetIPsecRule\"\r\nParameterBinding(Export-ModuleMember): name=\"Alias\"; value=\"*\"\r\n"]}},"RenderingInfo_attributes":{"Culture":"en-US"},"RenderingInfo":{"Message":"Pipeline execution details for command line: Microsoft.PowerShell.Core\\Export-ModuleMember -Function 'Rename-NetIPsecRule' -Alias '*'\r\n. \r\n\r\nContext Information: \r\n\tDetailSequence=1\r\n\tDetailTotal=1\r\n\r\n\tSequenceNumber=667\r\n\r\n\tUserId=OFFSEC\\admmig\r\n\tHostName=ConsoleHost\r\n\tHostVersion=5.1.14393.3383\r\n\tHostId=d72f218b-82c7-499c-97cb-c80e944516ab\r\n\tHostApplication=C:\\Windows\\System32\\WindowsPowerShell\\v1.0\\powershell.exe\r\n\tEngineVersion=5.1.14393.3383\r\n\tRunspaceId=4ecdbb14-73d6-41a0-8b4a-662d7fa34856\r\n\tPipelineId=82\r\n\tScriptName=\r\n\tCommandLine=Microsoft.PowerShell.Core\\Export-ModuleMember -Function 'Rename-NetIPsecRule' -Alias '*'\r\n \r\n\r\nDetails: \r\nCommandInvocation(Export-ModuleMember): \"Export-ModuleMember\"\r\nParameterBinding(Export-ModuleMember): name=\"Function\"; value=\"Rename-NetIPsecRule\"\r\nParameterBinding(Export-ModuleMember): name=\"Alias\"; value=\"*\"\r\n","Level":"Information","Task":"Pipeline Execution Details","Opcode":"Info","Channel":null,"Provider":null,"Keywords":{"Keyword":"Classic"}}}}
{"Event_attributes":{"xmlns":"http://schemas.microsoft.com/win/2004/08/events/event"},"Event":{"System":{"Provider_attributes":{"Name":"PowerShell"},"EventID_attributes":{"Qualifiers":"0"},"EventID":"800","Level":"4","Task":"8","Keywords":"0x80000000000000","TimeCreated_attributes":{"SystemTime":"2021-04-23T10:09:44.774263300Z"},"EventRecordID":"7045","Channel":"Windows PowerShell","Computer":"srvdefender01.offsec.lan","Security":null},"EventData":{"Data":{"#text":["Microsoft.PowerShell.Core\\Export-ModuleMember -Function 'Copy-NetIPsecRule' -Alias '*'\r\n","\tDetailSequence=1\r\n\tDetailTotal=1\r\n\r\n\tSequenceNumber=669\r\n\r\n\tUserId=OFFSEC\\admmig\r\n\tHostName=ConsoleHost\r\n\tHostVersion=5.1.14393.3383\r\n\tHostId=d72f218b-82c7-499c-97cb-c80e944516ab\r\n\tHostApplication=C:\\Windows\\System32\\WindowsPowerShell\\v1.0\\powershell.exe\r\n\tEngineVersion=5.1.14393.3383\r\n\tRunspaceId=4ecdbb14-73d6-41a0-8b4a-662d7fa34856\r\n\tPipelineId=82\r\n\tScriptName=\r\n\tCommandLine=Microsoft.PowerShell.Core\\Export-ModuleMember -Function 'Copy-NetIPsecRule' -Alias '*'\r\n","CommandInvocation(Export-ModuleMember): \"Export-ModuleMember\"\r\nParameterBinding(Export-ModuleMember): name=\"Function\"; value=\"Copy-NetIPsecRule\"\r\nParameterBinding(Export-ModuleMember): name=\"Alias\"; value=\"*\"\r\n"]}},"RenderingInfo_attributes":{"Culture":"en-US"},"RenderingInfo":{"Message":"Pipeline execution details for command line: Microsoft.PowerShell.Core\\Export-ModuleMember -Function 'Copy-NetIPsecRule' -Alias '*'\r\n. \r\n\r\nContext Information: \r\n\tDetailSequence=1\r\n\tDetailTotal=1\r\n\r\n\tSequenceNumber=669\r\n\r\n\tUserId=OFFSEC\\admmig\r\n\tHostName=ConsoleHost\r\n\tHostVersion=5.1.14393.3383\r\n\tHostId=d72f218b-82c7-499c-97cb-c80e944516ab\r\n\tHostApplication=C:\\Windows\\System32\\WindowsPowerShell\\v1.0\\powershell.exe\r\n\tEngineVersion=5.1.14393.3383\r\n\tRunspaceId=4ecdbb14-73d6-41a0-8b4a-662d7fa34856\r\n\tPipelineId=82\r\n\tScriptName=\r\n\tCommandLine=Microsoft.PowerShell.Core\\Export-ModuleMember -Function 'Copy-NetIPsecRule' -Alias '*'\r\n \r\n\r\nDetails: \r\nCommandInvocation(Export-ModuleMember): \"Export-ModuleMember\"\r\nParameterBinding(Export-ModuleMember): name=\"Function\"; value=\"Copy-NetIPsecRule\"\r\nParameterBinding(Export-ModuleMember): name=\"Alias\"; value=\"*\"\r\n","Level":"Information","Task":"Pipeline Execution Details","Opcode":"Info","Channel":null,"Provider":null,"Keywords":{"Keyword":"Classic"}}}}
{"Event_attributes":{"xmlns":"http://schemas.microsoft.com/win/2004/08/events/event"},"Event":{"System":{"Provider_attributes":{"Name":"PowerShell"},"EventID_attributes":{"Qualifiers":"0"},"EventID":"800","Level":"4","Task":"8","Keywords":"0x80000000000000","TimeCreated_attributes":{"SystemTime":"2021-04-23T10:09:44.774263300Z"},"EventRecordID":"7046","Channel":"Windows PowerShell","Computer":"srvdefender01.offsec.lan","Security":null},"EventData":{"Data":{"#text":["Microsoft.PowerShell.Core\\Export-ModuleMember -Function 'Enable-NetIPsecRule' -Alias '*'\r\n","\tDetailSequence=1\r\n\tDetailTotal=1\r\n\r\n\tSequenceNumber=671\r\n\r\n\tUserId=OFFSEC\\admmig\r\n\tHostName=ConsoleHost\r\n\tHostVersion=5.1.14393.3383\r\n\tHostId=d72f218b-82c7-499c-97cb-c80e944516ab\r\n\tHostApplication=C:\\Windows\\System32\\WindowsPowerShell\\v1.0\\powershell.exe\r\n\tEngineVersion=5.1.14393.3383\r\n\tRunspaceId=4ecdbb14-73d6-41a0-8b4a-662d7fa34856\r\n\tPipelineId=82\r\n\tScriptName=\r\n\tCommandLine=Microsoft.PowerShell.Core\\Export-ModuleMember -Function 'Enable-NetIPsecRule' -Alias '*'\r\n","CommandInvocation(Export-ModuleMember): \"Export-ModuleMember\"\r\nParameterBinding(Export-ModuleMember): name=\"Function\"; value=\"Enable-NetIPsecRule\"\r\nParameterBinding(Export-ModuleMember): name=\"Alias\"; value=\"*\"\r\n"]}},"RenderingInfo_attributes":{"Culture":"en-US"},"RenderingInfo":{"Message":"Pipeline execution details for command line: Microsoft.PowerShell.Core\\Export-ModuleMember -Function 'Enable-NetIPsecRule' -Alias '*'\r\n. \r\n\r\nContext Information: \r\n\tDetailSequence=1\r\n\tDetailTotal=1\r\n\r\n\tSequenceNumber=671\r\n\r\n\tUserId=OFFSEC\\admmig\r\n\tHostName=ConsoleHost\r\n\tHostVersion=5.1.14393.3383\r\n\tHostId=d72f218b-82c7-499c-97cb-c80e944516ab\r\n\tHostApplication=C:\\Windows\\System32\\WindowsPowerShell\\v1.0\\powershell.exe\r\n\tEngineVersion=5.1.14393.3383\r\n\tRunspaceId=4ecdbb14-73d6-41a0-8b4a-662d7fa34856\r\n\tPipelineId=82\r\n\tScriptName=\r\n\tCommandLine=Microsoft.PowerShell.Core\\Export-ModuleMember -Function 'Enable-NetIPsecRule' -Alias '*'\r\n \r\n\r\nDetails: \r\nCommandInvocation(Export-ModuleMember): \"Export-ModuleMember\"\r\nParameterBinding(Export-ModuleMember): name=\"Function\"; value=\"Enable-NetIPsecRule\"\r\nParameterBinding(Export-ModuleMember): name=\"Alias\"; value=\"*\"\r\n","Level":"Information","Task":"Pipeline Execution Details","Opcode":"Info","Channel":null,"Provider":null,"Keywords":{"Keyword":"Classic"}}}}
{"Event_attributes":{"xmlns":"http://schemas.microsoft.com/win/2004/08/events/event"},"Event":{"System":{"Provider_attributes":{"Name":"PowerShell"},"EventID_attributes":{"Qualifiers":"0"},"EventID":"800","Level":"4","Task":"8","Keywords":"0x80000000000000","TimeCreated_attributes":{"SystemTime":"2021-04-23T10:09:44.774263300Z"},"EventRecordID":"7047","Channel":"Windows PowerShell","Computer":"srvdefender01.offsec.lan","Security":null},"EventData":{"Data":{"#text":["Microsoft.PowerShell.Core\\Export-ModuleMember -Function 'Disable-NetIPsecRule' -Alias '*'\r\n","\tDetailSequence=1\r\n\tDetailTotal=1\r\n\r\n\tSequenceNumber=673\r\n\r\n\tUserId=OFFSEC\\admmig\r\n\tHostName=ConsoleHost\r\n\tHostVersion=5.1.14393.3383\r\n\tHostId=d72f218b-82c7-499c-97cb-c80e944516ab\r\n\tHostApplication=C:\\Windows\\System32\\WindowsPowerShell\\v1.0\\powershell.exe\r\n\tEngineVersion=5.1.14393.3383\r\n\tRunspaceId=4ecdbb14-73d6-41a0-8b4a-662d7fa34856\r\n\tPipelineId=82\r\n\tScriptName=\r\n\tCommandLine=Microsoft.PowerShell.Core\\Export-ModuleMember -Function 'Disable-NetIPsecRule' -Alias '*'\r\n","CommandInvocation(Export-ModuleMember): \"Export-ModuleMember\"\r\nParameterBinding(Export-ModuleMember): name=\"Function\"; value=\"Disable-NetIPsecRule\"\r\nParameterBinding(Export-ModuleMember): name=\"Alias\"; value=\"*\"\r\n"]}},"RenderingInfo_attributes":{"Culture":"en-US"},"RenderingInfo":{"Message":"Pipeline execution details for command line: Microsoft.PowerShell.Core\\Export-ModuleMember -Function 'Disable-NetIPsecRule' -Alias '*'\r\n. \r\n\r\nContext Information: \r\n\tDetailSequence=1\r\n\tDetailTotal=1\r\n\r\n\tSequenceNumber=673\r\n\r\n\tUserId=OFFSEC\\admmig\r\n\tHostName=ConsoleHost\r\n\tHostVersion=5.1.14393.3383\r\n\tHostId=d72f218b-82c7-499c-97cb-c80e944516ab\r\n\tHostApplication=C:\\Windows\\System32\\WindowsPowerShell\\v1.0\\powershell.exe\r\n\tEngineVersion=5.1.14393.3383\r\n\tRunspaceId=4ecdbb14-73d6-41a0-8b4a-662d7fa34856\r\n\tPipelineId=82\r\n\tScriptName=\r\n\tCommandLine=Microsoft.PowerShell.Core\\Export-ModuleMember -Function 'Disable-NetIPsecRule' -Alias '*'\r\n \r\n\r\nDetails: \r\nCommandInvocation(Export-ModuleMember): \"Export-ModuleMember\"\r\nParameterBinding(Export-ModuleMember): name=\"Function\"; value=\"Disable-NetIPsecRule\"\r\nParameterBinding(Export-ModuleMember): name=\"Alias\"; value=\"*\"\r\n","Level":"Information","Task":"Pipeline Execution Details","Opcode":"Info","Channel":null,"Provider":null,"Keywords":{"Keyword":"Classic"}}}}
{"Event_attributes":{"xmlns":"http://schemas.microsoft.com/win/2004/08/events/event"},"Event":{"System":{"Provider_attributes":{"Name":"PowerShell"},"EventID_attributes":{"Qualifiers":"0"},"EventID":"800","Level":"4","Task":"8","Keywords":"0x80000000000000","TimeCreated_attributes":{"SystemTime":"2021-04-23T10:09:44.774263300Z"},"EventRecordID":"7048","Channel":"Windows PowerShell","Computer":"srvdefender01.offsec.lan","Security":null},"EventData":{"Data":{"#text":["Microsoft.PowerShell.Core\\Export-ModuleMember -Function 'Sync-NetIPsecRule' -Alias '*'\r\n","\tDetailSequence=1\r\n\tDetailTotal=1\r\n\r\n\tSequenceNumber=675\r\n\r\n\tUserId=OFFSEC\\admmig\r\n\tHostName=ConsoleHost\r\n\tHostVersion=5.1.14393.3383\r\n\tHostId=d72f218b-82c7-499c-97cb-c80e944516ab\r\n\tHostApplication=C:\\Windows\\System32\\WindowsPowerShell\\v1.0\\powershell.exe\r\n\tEngineVersion=5.1.14393.3383\r\n\tRunspaceId=4ecdbb14-73d6-41a0-8b4a-662d7fa34856\r\n\tPipelineId=82\r\n\tScriptName=\r\n\tCommandLine=Microsoft.PowerShell.Core\\Export-ModuleMember -Function 'Sync-NetIPsecRule' -Alias '*'\r\n","CommandInvocation(Export-ModuleMember): \"Export-ModuleMember\"\r\nParameterBinding(Export-ModuleMember): name=\"Function\"; value=\"Sync-NetIPsecRule\"\r\nParameterBinding(Export-ModuleMember): name=\"Alias\"; value=\"*\"\r\n"]}},"RenderingInfo_attributes":{"Culture":"en-US"},"RenderingInfo":{"Message":"Pipeline execution details for command line: Microsoft.PowerShell.Core\\Export-ModuleMember -Function 'Sync-NetIPsecRule' -Alias '*'\r\n. \r\n\r\nContext Information: \r\n\tDetailSequence=1\r\n\tDetailTotal=1\r\n\r\n\tSequenceNumber=675\r\n\r\n\tUserId=OFFSEC\\admmig\r\n\tHostName=ConsoleHost\r\n\tHostVersion=5.1.14393.3383\r\n\tHostId=d72f218b-82c7-499c-97cb-c80e944516ab\r\n\tHostApplication=C:\\Windows\\System32\\WindowsPowerShell\\v1.0\\powershell.exe\r\n\tEngineVersion=5.1.14393.3383\r\n\tRunspaceId=4ecdbb14-73d6-41a0-8b4a-662d7fa34856\r\n\tPipelineId=82\r\n\tScriptName=\r\n\tCommandLine=Microsoft.PowerShell.Core\\Export-ModuleMember -Function 'Sync-NetIPsecRule' -Alias '*'\r\n \r\n\r\nDetails: \r\nCommandInvocation(Export-ModuleMember): \"Export-ModuleMember\"\r\nParameterBinding(Export-ModuleMember): name=\"Function\"; value=\"Sync-NetIPsecRule\"\r\nParameterBinding(Export-ModuleMember): name=\"Alias\"; value=\"*\"\r\n","Level":"Information","Task":"Pipeline Execution Details","Opcode":"Info","Channel":null,"Provider":null,"Keywords":{"Keyword":"Classic"}}}}
{"Event_attributes":{"xmlns":"http://schemas.microsoft.com/win/2004/08/events/event"},"Event":{"System":{"Provider_attributes":{"Name":"PowerShell"},"EventID_attributes":{"Qualifiers":"0"},"EventID":"800","Level":"4","Task":"8","Keywords":"0x80000000000000","TimeCreated_attributes":{"SystemTime":"2021-04-23T10:09:44.774263300Z"},"EventRecordID":"7049","Channel":"Windows PowerShell","Computer":"srvdefender01.offsec.lan","Security":null},"EventData":{"Data":{"#text":["Microsoft.PowerShell.Core\\Export-ModuleMember -Function 'Update-NetIPsecRule' -Alias '*'\r\n","\tDetailSequence=1\r\n\tDetailTotal=1\r\n\r\n\tSequenceNumber=677\r\n\r\n\tUserId=OFFSEC\\admmig\r\n\tHostName=ConsoleHost\r\n\tHostVersion=5.1.14393.3383\r\n\tHostId=d72f218b-82c7-499c-97cb-c80e944516ab\r\n\tHostApplication=C:\\Windows\\System32\\WindowsPowerShell\\v1.0\\powershell.exe\r\n\tEngineVersion=5.1.14393.3383\r\n\tRunspaceId=4ecdbb14-73d6-41a0-8b4a-662d7fa34856\r\n\tPipelineId=82\r\n\tScriptName=\r\n\tCommandLine=Microsoft.PowerShell.Core\\Export-ModuleMember -Function 'Update-NetIPsecRule' -Alias '*'\r\n","CommandInvocation(Export-ModuleMember): \"Export-ModuleMember\"\r\nParameterBinding(Export-ModuleMember): name=\"Function\"; value=\"Update-NetIPsecRule\"\r\nParameterBinding(Export-ModuleMember): name=\"Alias\"; value=\"*\"\r\n"]}},"RenderingInfo_attributes":{"Culture":"en-US"},"RenderingInfo":{"Message":"Pipeline execution details for command line: Microsoft.PowerShell.Core\\Export-ModuleMember -Function 'Update-NetIPsecRule' -Alias '*'\r\n. \r\n\r\nContext Information: \r\n\tDetailSequence=1\r\n\tDetailTotal=1\r\n\r\n\tSequenceNumber=677\r\n\r\n\tUserId=OFFSEC\\admmig\r\n\tHostName=ConsoleHost\r\n\tHostVersion=5.1.14393.3383\r\n\tHostId=d72f218b-82c7-499c-97cb-c80e944516ab\r\n\tHostApplication=C:\\Windows\\System32\\WindowsPowerShell\\v1.0\\powershell.exe\r\n\tEngineVersion=5.1.14393.3383\r\n\tRunspaceId=4ecdbb14-73d6-41a0-8b4a-662d7fa34856\r\n\tPipelineId=82\r\n\tScriptName=\r\n\tCommandLine=Microsoft.PowerShell.Core\\Export-ModuleMember -Function 'Update-NetIPsecRule' -Alias '*'\r\n \r\n\r\nDetails: \r\nCommandInvocation(Export-ModuleMember): \"Export-ModuleMember\"\r\nParameterBinding(Export-ModuleMember): name=\"Function\"; value=\"Update-NetIPsecRule\"\r\nParameterBinding(Export-ModuleMember): name=\"Alias\"; value=\"*\"\r\n","Level":"Information","Task":"Pipeline Execution Details","Opcode":"Info","Channel":null,"Provider":null,"Keywords":{"Keyword":"Classic"}}}}
