{"Event_attributes":{"xmlns":"http://schemas.microsoft.com/win/2004/08/events/event"},"Event":{"System":{"Provider_attributes":{"Name":"Microsoft-Windows-Security-Auditing","Guid":"54849625-5478-4994-A5BA-3E3B0328C30D"},"EventID":5447,"Version":0,"Level":0,"Task":13573,"Opcode":0,"Keywords":"0x8020000000000000","TimeCreated_attributes":{"SystemTime":"2021-06-03T19:17:46.851647Z"},"EventRecordID":1966004,"Correlation_attributes":{"ActivityID":"38068009-512D-0000-1D80-06382D51D701"},"Execution_attributes":{"ProcessID":556,"ThreadID":2532},"Channel":"Security","Computer":"fs01.offsec.lan","Security":null},"EventData":{"ProcessId":1000,"UserSid":"S-1-5-19","UserName":"NT AUTHORITY\\LOCAL SERVICE","ProviderKey":"4B153735-1049-4480-AAB4-D1B9BDC03710","ProviderName":"Microsoft Corporation","ChangeType":"%%16385","FilterKey":"F80D4963-D282-4482-BB6C-020357146A0A","FilterName":"DhcpFirewallPolicy","FilterType":"%%16388","FilterId":72093,"LayerKey":"E1CD9FE7-F4B5-4273-96C0-592E487B8650","LayerName":"ALE Receive/Accept v4 Layer","LayerId":44,"Weight":2115185493934080,"Conditions":"\n\tCondition ID:\t{d78e1e87-8644-4ea5-9437-d809ecefc971}\n\tMatch value:\tEqual to\n\tCondition value:\t\n    00000000  5c 00 64 00 65 00 76 00-69 00 63 00 65 00 5c 00  \\.d.e.v.i.c.e.\\.\n    00000010  68 00 61 00 72 00 64 00-64 00 69 00 73 00 6b 00  h.a.r.d.d.i.s.k.\n    00000020  76 00 6f 00 6c 00 75 00-6d 00 65 00 34 00 5c 00  v.o.l.u.m.e.4.\\.\n    00000030  77 00 69 00 6e 00 64 00-6f 00 77 00 73 00 5c 00  w.i.n.d.o.w.s.\\.\n    00000040  73 00 79 00 73 00 74 00-65 00 6d 00 33 00 32 00  s.y.s.t.e.m.3.2.\n    00000050  5c 00 73 00 76 00 63 00-68 00 6f 00 73 00 74 00  \\.s.v.c.h.o.s.t.\n    00000060  2e 00 65 00 78 00 65 00-00 00                    ..e.x.e...\n\n\n\tCondition ID:\t{af043a0a-b34d-4f86-979c-c90371af6e66}\n\tMatch value:\tEqual to\n\tCondition value:\t\nO:SYG:SYD:(A;;CCRC;;;S-1-5-80-2940520708-3855866260-481812779-327648279-1710889582)\n\n\n\tCondition ID:\t{0c1ba1af-5765-453f-af22-a8f791ac775b}\n\tMatch value:\tEqual to\n\tCondition value:\t0x0044\n\n\tCondition ID:\t{3971ef2b-623e-4f9a-8cb1-6e79b806b9a7}\n\tMatch value:\tEqual to\n\tCondition value:\t0x11\n\n\tCondition ID:\t{c35a604d-d22b-4e1a-91b4-68f674ee674b}\n\tMatch value:\tEqual to\n\tCondition value:\t0x0043\n","Action":"%%16390","CalloutKey":"00000000-0000-0000-0000-000000000000","CalloutName":"-"}}}
{"Event_attributes":{"xmlns":"http://schemas.microsoft.com/win/2004/08/events/event"},"Event":{"System":{"Provider_attributes":{"Name":"Microsoft-Windows-Security-Auditing","Guid":"54849625-5478-4994-A5BA-3E3B0328C30D"},"EventID":5447,"Version":0,"Level":0,"Task":13573,"Opcode":0,"Keywords":"0x8020000000000000","TimeCreated_attributes":{"SystemTime":"2021-06-03T19:17:46.851787Z"},"EventRecordID":1966005,"Correlation_attributes":{"ActivityID":"38068009-512D-0000-1D80-06382D51D701"},"Execution_attributes":{"ProcessID":556,"ThreadID":2532},"Channel":"Security","Computer":"fs01.offsec.lan","Security":null},"EventData":{"ProcessId":1000,"UserSid":"S-1-5-19","UserName":"NT AUTHORITY\\LOCAL SERVICE","ProviderKey":"4B153735-1049-4480-AAB4-D1B9BDC03710","ProviderName":"Microsoft Corporation","ChangeType":"%%16385","FilterKey":"2AC387E3-3D62-483A-8492-6A3C53B07476","FilterName":"DhcpFirewallPolicy","FilterType":"%%16388","FilterId":72094,"LayerKey":"A3B42C97-9F04-4672-B87E-CEE9C483257F","LayerName":"ALE Receive/Accept v6 Layer","LayerId":46,"Weight":248420908400640,"Conditions":"\n\tCondition ID:\t{d78e1e87-8644-4ea5-9437-d809ecefc971}\n\tMatch value:\tEqual to\n\tCondition value:\t\n    00000000  5c 00 64 00 65 00 76 00-69 00 63 00 65 00 5c 00  \\.d.e.v.i.c.e.\\.\n    00000010  68 00 61 00 72 00 64 00-64 00 69 00 73 00 6b 00  h.a.r.d.d.i.s.k.\n    00000020  76 00 6f 00 6c 00 75 00-6d 00 65 00 34 00 5c 00  v.o.l.u.m.e.4.\\.\n    00000030  77 00 69 00 6e 00 64 00-6f 00 77 00 73 00 5c 00  w.i.n.d.o.w.s.\\.\n    00000040  73 00 79 00 73 00 74 00-65 00 6d 00 33 00 32 00  s.y.s.t.e.m.3.2.\n    00000050  5c 00 73 00 76 00 63 00-68 00 6f 00 73 00 74 00  \\.s.v.c.h.o.s.t.\n    00000060  2e 00 65 00 78 00 65 00-00 00                    ..e.x.e...\n\n\n\tCondition ID:\t{af043a0a-b34d-4f86-979c-c90371af6e66}\n\tMatch value:\tEqual to\n\tCondition value:\t\nO:SYG:SYD:(A;;CCRC;;;S-1-5-80-2940520708-3855866260-481812779-327648279-1710889582)\n\n\n\tCondition ID:\t{0c1ba1af-5765-453f-af22-a8f791ac775b}\n\tMatch value:\tEqual to\n\tCondition value:\t0x0044\n\n\tCondition ID:\t{3971ef2b-623e-4f9a-8cb1-6e79b806b9a7}\n\tMatch value:\tEqual to\n\tCondition value:\t0x11\n\n\tCondition ID:\t{c35a604d-d22b-4e1a-91b4-68f674ee674b}\n\tMatch value:\tEqual to\n\tCondition value:\t0x0043\n","Action":"%%16390","CalloutKey":"00000000-0000-0000-0000-000000000000","CalloutName":"-"}}}
{"Event_attributes":{"xmlns":"http://schemas.microsoft.com/win/2004/08/events/event"},"Event":{"System":{"Provider_attributes":{"Name":"Microsoft-Windows-Security-Auditing","Guid":"54849625-5478-4994-A5BA-3E3B0328C30D"},"EventID":5447,"Version":0,"Level":0,"Task":13573,"Opcode":0,"Keywords":"0x8020000000000000","TimeCreated_attributes":{"SystemTime":"2021-06-03T19:17:46.851926Z"},"EventRecordID":1966006,"Correlation_attributes":{"ActivityID":"38068009-512D-0000-1D80-06382D51D701"},"Execution_attributes":{"ProcessID":556,"ThreadID":2532},"Channel":"Security","Computer":"fs01.offsec.lan","Security":null},"EventData":{"ProcessId":1000,"UserSid":"S-1-5-19","UserName":"NT AUTHORITY\\LOCAL SERVICE","ProviderKey":"4B153735-1049-4480-AAB4-D1B9BDC03710","ProviderName":"Microsoft Corporation","ChangeType":"%%16385","FilterKey":"847B7007-4455-4C9A-A7F4-50513D09B005","FilterName":"DhcpFirewallPolicy","FilterType":"%%16388","FilterId":72095,"LayerKey":"E1CD9FE7-F4B5-4273-96C0-592E487B8650","LayerName":"ALE Receive/Accept v4 Layer","LayerId":44,"Weight":2115185493934080,"Conditions":"\n\tCondition ID:\t{d78e1e87-8644-4ea5-9437-d809ecefc971}\n\tMatch value:\tEqual to\n\tCondition value:\t\n    00000000  5c 00 64 00 65 00 76 00-69 00 63 00 65 00 5c 00  \\.d.e.v.i.c.e.\\.\n    00000010  68 00 61 00 72 00 64 00-64 00 69 00 73 00 6b 00  h.a.r.d.d.i.s.k.\n    00000020  76 00 6f 00 6c 00 75 00-6d 00 65 00 34 00 5c 00  v.o.l.u.m.e.4.\\.\n    00000030  77 00 69 00 6e 00 64 00-6f 00 77 00 73 00 5c 00  w.i.n.d.o.w.s.\\.\n    00000040  73 00 79 00 73 00 74 00-65 00 6d 00 33 00 32 00  s.y.s.t.e.m.3.2.\n    00000050  5c 00 73 00 76 00 63 00-68 00 6f 00 73 00 74 00  \\.s.v.c.h.o.s.t.\n    00000060  2e 00 65 00 78 00 65 00-00 00                    ..e.x.e...\n\n\n\tCondition ID:\t{af043a0a-b34d-4f86-979c-c90371af6e66}\n\tMatch value:\tEqual to\n\tCondition value:\t\nO:SYG:SYD:(A;;CCRC;;;S-1-5-80-2940520708-3855866260-481812779-327648279-1710889582)\n\n\n\tCondition ID:\t{0c1ba1af-5765-453f-af22-a8f791ac775b}\n\tMatch value:\tEqual to\n\tCondition value:\t0x0222\n\n\tCondition ID:\t{3971ef2b-623e-4f9a-8cb1-6e79b806b9a7}\n\tMatch value:\tEqual to\n\tCondition value:\t0x11\n\n\tCondition ID:\t{c35a604d-d22b-4e1a-91b4-68f674ee674b}\n\tMatch value:\tEqual to\n\tCondition value:\t0x0223\n","Action":"%%16390","CalloutKey":"00000000-0000-0000-0000-000000000000","CalloutName":"-"}}}
{"Event_attributes":{"xmlns":"http://schemas.microsoft.com/win/2004/08/events/event"},"Event":{"System":{"Provider_attributes":{"Name":"Microsoft-Windows-Security-Auditing","Guid":"54849625-5478-4994-A5BA-3E3B0328C30D"},"EventID":5447,"Version":0,"Level":0,"Task":13573,"Opcode":0,"Keywords":"0x8020000000000000","TimeCreated_attributes":{"SystemTime":"2021-06-03T19:17:46.852078Z"},"EventRecordID":1966007,"Correlation_attributes":{"ActivityID":"38068009-512D-0000-1D80-06382D51D701"},"Execution_attributes":{"ProcessID":556,"ThreadID":2532},"Channel":"Security","Computer":"fs01.offsec.lan","Security":null},"EventData":{"ProcessId":1000,"UserSid":"S-1-5-19","UserName":"NT AUTHORITY\\LOCAL SERVICE","ProviderKey":"4B153735-1049-4480-AAB4-D1B9BDC03710","ProviderName":"Microsoft Corporation","ChangeType":"%%16385","FilterKey":"5706201F-DFE7-4262-A1F0-2E8DCC1F469E","FilterName":"DhcpFirewallPolicy","FilterType":"%%16388","FilterId":72096,"LayerKey":"A3B42C97-9F04-4672-B87E-CEE9C483257F","LayerName":"ALE Receive/Accept v6 Layer","LayerId":46,"Weight":248420908400640,"Conditions":"\n\tCondition ID:\t{d78e1e87-8644-4ea5-9437-d809ecefc971}\n\tMatch value:\tEqual to\n\tCondition value:\t\n    00000000  5c 00 64 00 65 00 76 00-69 00 63 00 65 00 5c 00  \\.d.e.v.i.c.e.\\.\n    00000010  68 00 61 00 72 00 64 00-64 00 69 00 73 00 6b 00  h.a.r.d.d.i.s.k.\n    00000020  76 00 6f 00 6c 00 75 00-6d 00 65 00 34 00 5c 00  v.o.l.u.m.e.4.\\.\n    00000030  77 00 69 00 6e 00 64 00-6f 00 77 00 73 00 5c 00  w.i.n.d.o.w.s.\\.\n    00000040  73 00 79 00 73 00 74 00-65 00 6d 00 33 00 32 00  s.y.s.t.e.m.3.2.\n    00000050  5c 00 73 00 76 00 63 00-68 00 6f 00 73 00 74 00  \\.s.v.c.h.o.s.t.\n    00000060  2e 00 65 00 78 00 65 00-00 00                    ..e.x.e...\n\n\n\tCondition ID:\t{af043a0a-b34d-4f86-979c-c90371af6e66}\n\tMatch value:\tEqual to\n\tCondition value:\t\nO:SYG:SYD:(A;;CCRC;;;S-1-5-80-2940520708-3855866260-481812779-327648279-1710889582)\n\n\n\tCondition ID:\t{0c1ba1af-5765-453f-af22-a8f791ac775b}\n\tMatch value:\tEqual to\n\tCondition value:\t0x0222\n\n\tCondition ID:\t{3971ef2b-623e-4f9a-8cb1-6e79b806b9a7}\n\tMatch value:\tEqual to\n\tCondition value:\t0x11\n\n\tCondition ID:\t{c35a604d-d22b-4e1a-91b4-68f674ee674b}\n\tMatch value:\tEqual to\n\tCondition value:\t0x0223\n","Action":"%%16390","CalloutKey":"00000000-0000-0000-0000-000000000000","CalloutName":"-"}}}
{"Event_attributes":{"xmlns":"http://schemas.microsoft.com/win/2004/08/events/event"},"Event":{"System":{"Provider_attributes":{"Name":"Microsoft-Windows-Security-Auditing","Guid":"54849625-5478-4994-A5BA-3E3B0328C30D"},"EventID":5447,"Version":0,"Level":0,"Task":13573,"Opcode":0,"Keywords":"0x8020000000000000","TimeCreated_attributes":{"SystemTime":"2021-06-03T19:17:46.852222Z"},"EventRecordID":1966008,"Correlation_attributes":{"ActivityID":"38068009-512D-0000-1D80-06382D51D701"},"Execution_attributes":{"ProcessID":556,"ThreadID":2532},"Channel":"Security","Computer":"fs01.offsec.lan","Security":null},"EventData":{"ProcessId":1000,"UserSid":"S-1-5-19","UserName":"NT AUTHORITY\\LOCAL SERVICE","ProviderKey":"4B153735-1049-4480-AAB4-D1B9BDC03710","ProviderName":"Microsoft Corporation","ChangeType":"%%16385","FilterKey":"ECF4A6C9-F50A-42BD-BD68-0F649E91A6E2","FilterName":"DhcpFirewallPolicy","FilterType":"%%16388","FilterId":72097,"LayerKey":"C38D57D1-05A7-4C33-904F-7FBCEEE60E82","LayerName":"ALE Connect v4 Layer","LayerId":48,"Weight":494711513022464,"Conditions":"\n\tCondition ID:\t{d78e1e87-8644-4ea5-9437-d809ecefc971}\n\tMatch value:\tEqual to\n\tCondition value:\t\n    00000000  5c 00 64 00 65 00 76 00-69 00 63 00 65 00 5c 00  \\.d.e.v.i.c.e.\\.\n    00000010  68 00 61 00 72 00 64 00-64 00 69 00 73 00 6b 00  h.a.r.d.d.i.s.k.\n    00000020  76 00 6f 00 6c 00 75 00-6d 00 65 00 34 00 5c 00  v.o.l.u.m.e.4.\\.\n    00000030  77 00 69 00 6e 00 64 00-6f 00 77 00 73 00 5c 00  w.i.n.d.o.w.s.\\.\n    00000040  73 00 79 00 73 00 74 00-65 00 6d 00 33 00 32 00  s.y.s.t.e.m.3.2.\n    00000050  5c 00 73 00 76 00 63 00-68 00 6f 00 73 00 74 00  \\.s.v.c.h.o.s.t.\n    00000060  2e 00 65 00 78 00 65 00-00 00                    ..e.x.e...\n\n\n\tCondition ID:\t{af043a0a-b34d-4f86-979c-c90371af6e66}\n\tMatch value:\tEqual to\n\tCondition value:\t\nO:SYG:SYD:(A;;CCRC;;;S-1-5-80-2940520708-3855866260-481812779-327648279-1710889582)\n\n\n\tCondition ID:\t{0c1ba1af-5765-453f-af22-a8f791ac775b}\n\tMatch value:\tEqual to\n\tCondition value:\t0x0222\n\n\tCondition ID:\t{3971ef2b-623e-4f9a-8cb1-6e79b806b9a7}\n\tMatch value:\tEqual to\n\tCondition value:\t0x11\n\n\tCondition ID:\t{c35a604d-d22b-4e1a-91b4-68f674ee674b}\n\tMatch value:\tEqual to\n\tCondition value:\t0x0223\n","Action":"%%16390","CalloutKey":"00000000-0000-0000-0000-000000000000","CalloutName":"-"}}}
{"Event_attributes":{"xmlns":"http://schemas.microsoft.com/win/2004/08/events/event"},"Event":{"System":{"Provider_attributes":{"Name":"Microsoft-Windows-Security-Auditing","Guid":"54849625-5478-4994-A5BA-3E3B0328C30D"},"EventID":5447,"Version":0,"Level":0,"Task":13573,"Opcode":0,"Keywords":"0x8020000000000000","TimeCreated_attributes":{"SystemTime":"2021-06-03T19:17:46.852383Z"},"EventRecordID":1966009,"Correlation_attributes":{"ActivityID":"38068009-512D-0000-1D80-06382D51D701"},"Execution_attributes":{"ProcessID":556,"ThreadID":2532},"Channel":"Security","Computer":"fs01.offsec.lan","Security":null},"EventData":{"ProcessId":1000,"UserSid":"S-1-5-19","UserName":"NT AUTHORITY\\LOCAL SERVICE","ProviderKey":"4B153735-1049-4480-AAB4-D1B9BDC03710","ProviderName":"Microsoft Corporation","ChangeType":"%%16385","FilterKey":"EDCC5FA7-C017-4CA8-9DF4-B18AA1AE5DAF","FilterName":"DhcpFirewallPolicy","FilterType":"%%16388","FilterId":72098,"LayerKey":"4A72393B-319F-44BC-84C3-BA54DCB3B6B4","LayerName":"ALE Connect v6 Layer","LayerId":50,"Weight":123677878255616,"Conditions":"\n\tCondition ID:\t{d78e1e87-8644-4ea5-9437-d809ecefc971}\n\tMatch value:\tEqual to\n\tCondition value:\t\n    00000000  5c 00 64 00 65 00 76 00-69 00 63 00 65 00 5c 00  \\.d.e.v.i.c.e.\\.\n    00000010  68 00 61 00 72 00 64 00-64 00 69 00 73 00 6b 00  h.a.r.d.d.i.s.k.\n    00000020  76 00 6f 00 6c 00 75 00-6d 00 65 00 34 00 5c 00  v.o.l.u.m.e.4.\\.\n    00000030  77 00 69 00 6e 00 64 00-6f 00 77 00 73 00 5c 00  w.i.n.d.o.w.s.\\.\n    00000040  73 00 79 00 73 00 74 00-65 00 6d 00 33 00 32 00  s.y.s.t.e.m.3.2.\n    00000050  5c 00 73 00 76 00 63 00-68 00 6f 00 73 00 74 00  \\.s.v.c.h.o.s.t.\n    00000060  2e 00 65 00 78 00 65 00-00 00                    ..e.x.e...\n\n\n\tCondition ID:\t{af043a0a-b34d-4f86-979c-c90371af6e66}\n\tMatch value:\tEqual to\n\tCondition value:\t\nO:SYG:SYD:(A;;CCRC;;;S-1-5-80-2940520708-3855866260-481812779-327648279-1710889582)\n\n\n\tCondition ID:\t{0c1ba1af-5765-453f-af22-a8f791ac775b}\n\tMatch value:\tEqual to\n\tCondition value:\t0x0222\n\n\tCondition ID:\t{3971ef2b-623e-4f9a-8cb1-6e79b806b9a7}\n\tMatch value:\tEqual to\n\tCondition value:\t0x11\n\n\tCondition ID:\t{c35a604d-d22b-4e1a-91b4-68f674ee674b}\n\tMatch value:\tEqual to\n\tCondition value:\t0x0223\n","Action":"%%16390","CalloutKey":"00000000-0000-0000-0000-000000000000","CalloutName":"-"}}}
{"Event_attributes":{"xmlns":"http://schemas.microsoft.com/win/2004/08/events/event"},"Event":{"System":{"Provider_attributes":{"Name":"Microsoft-Windows-Security-Auditing","Guid":"54849625-5478-4994-A5BA-3E3B0328C30D"},"EventID":5447,"Version":0,"Level":0,"Task":13573,"Opcode":0,"Keywords":"0x8020000000000000","TimeCreated_attributes":{"SystemTime":"2021-06-03T19:17:46.852519Z"},"EventRecordID":1966010,"Correlation_attributes":{"ActivityID":"38068009-512D-0000-1D80-06382D51D701"},"Execution_attributes":{"ProcessID":556,"ThreadID":2532},"Channel":"Security","Computer":"fs01.offsec.lan","Security":null},"EventData":{"ProcessId":1000,"UserSid":"S-1-5-19","UserName":"NT AUTHORITY\\LOCAL SERVICE","ProviderKey":"4B153735-1049-4480-AAB4-D1B9BDC03710","ProviderName":"Microsoft Corporation","ChangeType":"%%16385","FilterKey":"502EF8D5-1111-4D90-8E36-44F9C42AA4FA","FilterName":"Device Metadata Retrieval","FilterType":"%%16388","FilterId":72099,"LayerKey":"C38D57D1-05A7-4C33-904F-7FBCEEE60E82","LayerName":"ALE Connect v4 Layer","LayerId":48,"Weight":424342768844800,"Conditions":"\n\tCondition ID:\t{d78e1e87-8644-4ea5-9437-d809ecefc971}\n\tMatch value:\tEqual to\n\tCondition value:\t\n    00000000  5c 00 64 00 65 00 76 00-69 00 63 00 65 00 5c 00  \\.d.e.v.i.c.e.\\.\n    00000010  68 00 61 00 72 00 64 00-64 00 69 00 73 00 6b 00  h.a.r.d.d.i.s.k.\n    00000020  76 00 6f 00 6c 00 75 00-6d 00 65 00 34 00 5c 00  v.o.l.u.m.e.4.\\.\n    00000030  77 00 69 00 6e 00 64 00-6f 00 77 00 73 00 5c 00  w.i.n.d.o.w.s.\\.\n    00000040  73 00 79 00 73 00 74 00-65 00 6d 00 33 00 32 00  s.y.s.t.e.m.3.2.\n    00000050  5c 00 73 00 76 00 63 00-68 00 6f 00 73 00 74 00  \\.s.v.c.h.o.s.t.\n    00000060  2e 00 65 00 78 00 65 00-00 00                    ..e.x.e...\n\n\n\tCondition ID:\t{af043a0a-b34d-4f86-979c-c90371af6e66}\n\tMatch value:\tEqual to\n\tCondition value:\t\nO:SYG:SYD:(A;;CCRC;;;S-1-5-80-286057374-2594772386-1471686342-3682429118-820474675)\n\n\n\tCondition ID:\t{3971ef2b-623e-4f9a-8cb1-6e79b806b9a7}\n\tMatch value:\tEqual to\n\tCondition value:\t0x06\n\n\tCondition ID:\t{c35a604d-d22b-4e1a-91b4-68f674ee674b}\n\tMatch value:\tEqual to\n\tCondition value:\t0x0050\n","Action":"%%16390","CalloutKey":"00000000-0000-0000-0000-000000000000","CalloutName":"-"}}}
{"Event_attributes":{"xmlns":"http://schemas.microsoft.com/win/2004/08/events/event"},"Event":{"System":{"Provider_attributes":{"Name":"Microsoft-Windows-Security-Auditing","Guid":"54849625-5478-4994-A5BA-3E3B0328C30D"},"EventID":5447,"Version":0,"Level":0,"Task":13573,"Opcode":0,"Keywords":"0x8020000000000000","TimeCreated_attributes":{"SystemTime":"2021-06-03T19:17:46.852663Z"},"EventRecordID":1966011,"Correlation_attributes":{"ActivityID":"38068009-512D-0000-1D80-06382D51D701"},"Execution_attributes":{"ProcessID":556,"ThreadID":2532},"Channel":"Security","Computer":"fs01.offsec.lan","Security":null},"EventData":{"ProcessId":1000,"UserSid":"S-1-5-19","UserName":"NT AUTHORITY\\LOCAL SERVICE","ProviderKey":"4B153735-1049-4480-AAB4-D1B9BDC03710","ProviderName":"Microsoft Corporation","ChangeType":"%%16385","FilterKey":"273BAA87-1F7A-453D-AB6D-F22EB6BF6B5B","FilterName":"Device Metadata Retrieval","FilterType":"%%16388","FilterId":72100,"LayerKey":"4A72393B-319F-44BC-84C3-BA54DCB3B6B4","LayerName":"ALE Connect v6 Layer","LayerId":50,"Weight":106085692211200,"Conditions":"\n\tCondition ID:\t{d78e1e87-8644-4ea5-9437-d809ecefc971}\n\tMatch value:\tEqual to\n\tCondition value:\t\n    00000000  5c 00 64 00 65 00 76 00-69 00 63 00 65 00 5c 00  \\.d.e.v.i.c.e.\\.\n    00000010  68 00 61 00 72 00 64 00-64 00 69 00 73 00 6b 00  h.a.r.d.d.i.s.k.\n    00000020  76 00 6f 00 6c 00 75 00-6d 00 65 00 34 00 5c 00  v.o.l.u.m.e.4.\\.\n    00000030  77 00 69 00 6e 00 64 00-6f 00 77 00 73 00 5c 00  w.i.n.d.o.w.s.\\.\n    00000040  73 00 79 00 73 00 74 00-65 00 6d 00 33 00 32 00  s.y.s.t.e.m.3.2.\n    00000050  5c 00 73 00 76 00 63 00-68 00 6f 00 73 00 74 00  \\.s.v.c.h.o.s.t.\n    00000060  2e 00 65 00 78 00 65 00-00 00                    ..e.x.e...\n\n\n\tCondition ID:\t{af043a0a-b34d-4f86-979c-c90371af6e66}\n\tMatch value:\tEqual to\n\tCondition value:\t\nO:SYG:SYD:(A;;CCRC;;;S-1-5-80-286057374-2594772386-1471686342-3682429118-820474675)\n\n\n\tCondition ID:\t{3971ef2b-623e-4f9a-8cb1-6e79b806b9a7}\n\tMatch value:\tEqual to\n\tCondition value:\t0x06\n\n\tCondition ID:\t{c35a604d-d22b-4e1a-91b4-68f674ee674b}\n\tMatch value:\tEqual to\n\tCondition value:\t0x0050\n","Action":"%%16390","CalloutKey":"00000000-0000-0000-0000-000000000000","CalloutName":"-"}}}
{"Event_attributes":{"xmlns":"http://schemas.microsoft.com/win/2004/08/events/event"},"Event":{"System":{"Provider_attributes":{"Name":"Microsoft-Windows-Security-Auditing","Guid":"54849625-5478-4994-A5BA-3E3B0328C30D"},"EventID":5447,"Version":0,"Level":0,"Task":13573,"Opcode":0,"Keywords":"0x8020000000000000","TimeCreated_attributes":{"SystemTime":"2021-06-03T19:17:46.852801Z"},"EventRecordID":1966012,"Correlation_attributes":{"ActivityID":"38068009-512D-0000-1D80-06382D51D701"},"Execution_attributes":{"ProcessID":556,"ThreadID":2532},"Channel":"Security","Computer":"fs01.offsec.lan","Security":null},"EventData":{"ProcessId":1000,"UserSid":"S-1-5-19","UserName":"NT AUTHORITY\\LOCAL SERVICE","ProviderKey":"4B153735-1049-4480-AAB4-D1B9BDC03710","ProviderName":"Microsoft Corporation","ChangeType":"%%16385","FilterKey":"3ED2E57B-C9A3-47DC-8154-776CC5696B74","FilterName":"Allow RPC/TCP traffic to EventLog","FilterType":"%%16388","FilterId":72101,"LayerKey":"E1CD9FE7-F4B5-4273-96C0-592E487B8650","LayerName":"ALE Receive/Accept v4 Layer","LayerId":44,"Weight":1971166650564608,"Conditions":"\n\tCondition ID:\t{d78e1e87-8644-4ea5-9437-d809ecefc971}\n\tMatch value:\tEqual to\n\tCondition value:\t\n    00000000  5c 00 64 00 65 00 76 00-69 00 63 00 65 00 5c 00  \\.d.e.v.i.c.e.\\.\n    00000010  68 00 61 00 72 00 64 00-64 00 69 00 73 00 6b 00  h.a.r.d.d.i.s.k.\n    00000020  76 00 6f 00 6c 00 75 00-6d 00 65 00 34 00 5c 00  v.o.l.u.m.e.4.\\.\n    00000030  77 00 69 00 6e 00 64 00-6f 00 77 00 73 00 5c 00  w.i.n.d.o.w.s.\\.\n    00000040  73 00 79 00 73 00 74 00-65 00 6d 00 33 00 32 00  s.y.s.t.e.m.3.2.\n    00000050  5c 00 73 00 76 00 63 00-68 00 6f 00 73 00 74 00  \\.s.v.c.h.o.s.t.\n    00000060  2e 00 65 00 78 00 65 00-00 00                    ..e.x.e...\n\n\n\tCondition ID:\t{af043a0a-b34d-4f86-979c-c90371af6e66}\n\tMatch value:\tEqual to\n\tCondition value:\t\nO:SYG:SYD:(A;;CCRC;;;S-1-5-80-880578595-1860270145-482643319-2788375705-1540778122)\n\n\n\tCondition ID:\t{3971ef2b-623e-4f9a-8cb1-6e79b806b9a7}\n\tMatch value:\tEqual to\n\tCondition value:\t0x06\n\n\tCondition ID:\t{b9f4e088-cb98-4efb-a2c7-ad07332643db}\n\tMatch value:\tEqual to\n\tCondition value:\t0x00000001\n","Action":"%%16390","CalloutKey":"00000000-0000-0000-0000-000000000000","CalloutName":"-"}}}
{"Event_attributes":{"xmlns":"http://schemas.microsoft.com/win/2004/08/events/event"},"Event":{"System":{"Provider_attributes":{"Name":"Microsoft-Windows-Security-Auditing","Guid":"54849625-5478-4994-A5BA-3E3B0328C30D"},"EventID":5447,"Version":0,"Level":0,"Task":13573,"Opcode":0,"Keywords":"0x8020000000000000","TimeCreated_attributes":{"SystemTime":"2021-06-03T19:17:46.852936Z"},"EventRecordID":1966013,"Correlation_attributes":{"ActivityID":"38068009-512D-0000-1D80-06382D51D701"},"Execution_attributes":{"ProcessID":556,"ThreadID":2532},"Channel":"Security","Computer":"fs01.offsec.lan","Security":null},"EventData":{"ProcessId":1000,"UserSid":"S-1-5-19","UserName":"NT AUTHORITY\\LOCAL SERVICE","ProviderKey":"4B153735-1049-4480-AAB4-D1B9BDC03710","ProviderName":"Microsoft Corporation","ChangeType":"%%16385","FilterKey":"8AEA1926-842A-4369-960A-2A2D8CDD6196","FilterName":"Allow RPC/TCP traffic to EventLog","FilterType":"%%16388","FilterId":72102,"LayerKey":"A3B42C97-9F04-4672-B87E-CEE9C483257F","LayerName":"ALE Receive/Accept v6 Layer","LayerId":46,"Weight":211316685930496,"Conditions":"\n\tCondition ID:\t{d78e1e87-8644-4ea5-9437-d809ecefc971}\n\tMatch value:\tEqual to\n\tCondition value:\t\n    00000000  5c 00 64 00 65 00 76 00-69 00 63 00 65 00 5c 00  \\.d.e.v.i.c.e.\\.\n    00000010  68 00 61 00 72 00 64 00-64 00 69 00 73 00 6b 00  h.a.r.d.d.i.s.k.\n    00000020  76 00 6f 00 6c 00 75 00-6d 00 65 00 34 00 5c 00  v.o.l.u.m.e.4.\\.\n    00000030  77 00 69 00 6e 00 64 00-6f 00 77 00 73 00 5c 00  w.i.n.d.o.w.s.\\.\n    00000040  73 00 79 00 73 00 74 00-65 00 6d 00 33 00 32 00  s.y.s.t.e.m.3.2.\n    00000050  5c 00 73 00 76 00 63 00-68 00 6f 00 73 00 74 00  \\.s.v.c.h.o.s.t.\n    00000060  2e 00 65 00 78 00 65 00-00 00                    ..e.x.e...\n\n\n\tCondition ID:\t{af043a0a-b34d-4f86-979c-c90371af6e66}\n\tMatch value:\tEqual to\n\tCondition value:\t\nO:SYG:SYD:(A;;CCRC;;;S-1-5-80-880578595-1860270145-482643319-2788375705-1540778122)\n\n\n\tCondition ID:\t{3971ef2b-623e-4f9a-8cb1-6e79b806b9a7}\n\tMatch value:\tEqual to\n\tCondition value:\t0x06\n\n\tCondition ID:\t{b9f4e088-cb98-4efb-a2c7-ad07332643db}\n\tMatch value:\tEqual to\n\tCondition value:\t0x00000001\n","Action":"%%16390","CalloutKey":"00000000-0000-0000-0000-000000000000","CalloutName":"-"}}}
{"Event_attributes":{"xmlns":"http://schemas.microsoft.com/win/2004/08/events/event"},"Event":{"System":{"Provider_attributes":{"Name":"Microsoft-Windows-Security-Auditing","Guid":"54849625-5478-4994-A5BA-3E3B0328C30D"},"EventID":5447,"Version":0,"Level":0,"Task":13573,"Opcode":0,"Keywords":"0x8020000000000000","TimeCreated_attributes":{"SystemTime":"2021-06-03T19:17:46.853081Z"},"EventRecordID":1966014,"Correlation_attributes":{"ActivityID":"38068009-512D-0000-1D80-06382D51D701"},"Execution_attributes":{"ProcessID":556,"ThreadID":2532},"Channel":"Security","Computer":"fs01.offsec.lan","Security":null},"EventData":{"ProcessId":1000,"UserSid":"S-1-5-19","UserName":"NT AUTHORITY\\LOCAL SERVICE","ProviderKey":"4B153735-1049-4480-AAB4-D1B9BDC03710","ProviderName":"Microsoft Corporation","ChangeType":"%%16385","FilterKey":"5539511F-AE50-4D5F-BCCB-C7F770FDD175","FilterName":"Allow KDC Proxy Server service to use DNS over UDP.","FilterType":"%%16388","FilterId":72103,"LayerKey":"C38D57D1-05A7-4C33-904F-7FBCEEE60E82","LayerName":"ALE Connect v4 Layer","LayerId":48,"Weight":424342768844800,"Conditions":"\n\tCondition ID:\t{d78e1e87-8644-4ea5-9437-d809ecefc971}\n\tMatch value:\tEqual to\n\tCondition value:\t\n    00000000  5c 00 64 00 65 00 76 00-69 00 63 00 65 00 5c 00  \\.d.e.v.i.c.e.\\.\n    00000010  68 00 61 00 72 00 64 00-64 00 69 00 73 00 6b 00  h.a.r.d.d.i.s.k.\n    00000020  76 00 6f 00 6c 00 75 00-6d 00 65 00 34 00 5c 00  v.o.l.u.m.e.4.\\.\n    00000030  77 00 69 00 6e 00 64 00-6f 00 77 00 73 00 5c 00  w.i.n.d.o.w.s.\\.\n    00000040  73 00 79 00 73 00 74 00-65 00 6d 00 33 00 32 00  s.y.s.t.e.m.3.2.\n    00000050  5c 00 73 00 76 00 63 00-68 00 6f 00 73 00 74 00  \\.s.v.c.h.o.s.t.\n    00000060  2e 00 65 00 78 00 65 00-00 00                    ..e.x.e...\n\n\n\tCondition ID:\t{af043a0a-b34d-4f86-979c-c90371af6e66}\n\tMatch value:\tEqual to\n\tCondition value:\t\nO:SYG:SYD:(A;;CCRC;;;S-1-5-80-2251494273-104013570-864825310-3133670442-2017388150)\n\n\n\tCondition ID:\t{3971ef2b-623e-4f9a-8cb1-6e79b806b9a7}\n\tMatch value:\tEqual to\n\tCondition value:\t0x11\n\n\tCondition ID:\t{c35a604d-d22b-4e1a-91b4-68f674ee674b}\n\tMatch value:\tEqual to\n\tCondition value:\t0x0035\n","Action":"%%16390","CalloutKey":"00000000-0000-0000-0000-000000000000","CalloutName":"-"}}}
{"Event_attributes":{"xmlns":"http://schemas.microsoft.com/win/2004/08/events/event"},"Event":{"System":{"Provider_attributes":{"Name":"Microsoft-Windows-Security-Auditing","Guid":"54849625-5478-4994-A5BA-3E3B0328C30D"},"EventID":5447,"Version":0,"Level":0,"Task":13573,"Opcode":0,"Keywords":"0x8020000000000000","TimeCreated_attributes":{"SystemTime":"2021-06-03T19:17:46.853319Z"},"EventRecordID":1966015,"Correlation_attributes":{"ActivityID":"38068009-512D-0000-1D80-06382D51D701"},"Execution_attributes":{"ProcessID":556,"ThreadID":2532},"Channel":"Security","Computer":"fs01.offsec.lan","Security":null},"EventData":{"ProcessId":1000,"UserSid":"S-1-5-19","UserName":"NT AUTHORITY\\LOCAL SERVICE","ProviderKey":"4B153735-1049-4480-AAB4-D1B9BDC03710","ProviderName":"Microsoft Corporation","ChangeType":"%%16385","FilterKey":"CE79A266-1A6D-4D8E-8C8C-E7FCE81F7413","FilterName":"Allow KDC Proxy Server service to use DNS over UDP.","FilterType":"%%16388","FilterId":72104,"LayerKey":"4A72393B-319F-44BC-84C3-BA54DCB3B6B4","LayerName":"ALE Connect v6 Layer","LayerId":50,"Weight":106085692211200,"Conditions":"\n\tCondition ID:\t{d78e1e87-8644-4ea5-9437-d809ecefc971}\n\tMatch value:\tEqual to\n\tCondition value:\t\n    00000000  5c 00 64 00 65 00 76 00-69 00 63 00 65 00 5c 00  \\.d.e.v.i.c.e.\\.\n    00000010  68 00 61 00 72 00 64 00-64 00 69 00 73 00 6b 00  h.a.r.d.d.i.s.k.\n    00000020  76 00 6f 00 6c 00 75 00-6d 00 65 00 34 00 5c 00  v.o.l.u.m.e.4.\\.\n    00000030  77 00 69 00 6e 00 64 00-6f 00 77 00 73 00 5c 00  w.i.n.d.o.w.s.\\.\n    00000040  73 00 79 00 73 00 74 00-65 00 6d 00 33 00 32 00  s.y.s.t.e.m.3.2.\n    00000050  5c 00 73 00 76 00 63 00-68 00 6f 00 73 00 74 00  \\.s.v.c.h.o.s.t.\n    00000060  2e 00 65 00 78 00 65 00-00 00                    ..e.x.e...\n\n\n\tCondition ID:\t{af043a0a-b34d-4f86-979c-c90371af6e66}\n\tMatch value:\tEqual to\n\tCondition value:\t\nO:SYG:SYD:(A;;CCRC;;;S-1-5-80-2251494273-104013570-864825310-3133670442-2017388150)\n\n\n\tCondition ID:\t{3971ef2b-623e-4f9a-8cb1-6e79b806b9a7}\n\tMatch value:\tEqual to\n\tCondition value:\t0x11\n\n\tCondition ID:\t{c35a604d-d22b-4e1a-91b4-68f674ee674b}\n\tMatch value:\tEqual to\n\tCondition value:\t0x0035\n","Action":"%%16390","CalloutKey":"00000000-0000-0000-0000-000000000000","CalloutName":"-"}}}
{"Event_attributes":{"xmlns":"http://schemas.microsoft.com/win/2004/08/events/event"},"Event":{"System":{"Provider_attributes":{"Name":"Microsoft-Windows-Security-Auditing","Guid":"54849625-5478-4994-A5BA-3E3B0328C30D"},"EventID":5447,"Version":0,"Level":0,"Task":13573,"Opcode":0,"Keywords":"0x8020000000000000","TimeCreated_attributes":{"SystemTime":"2021-06-03T19:17:46.853457Z"},"EventRecordID":1966016,"Correlation_attributes":{"ActivityID":"38068009-512D-0000-1D80-06382D51D701"},"Execution_attributes":{"ProcessID":556,"ThreadID":2532},"Channel":"Security","Computer":"fs01.offsec.lan","Security":null},"EventData":{"ProcessId":1000,"UserSid":"S-1-5-19","UserName":"NT AUTHORITY\\LOCAL SERVICE","ProviderKey":"4B153735-1049-4480-AAB4-D1B9BDC03710","ProviderName":"Microsoft Corporation","ChangeType":"%%16385","FilterKey":"DBA6A5F0-6EB2-4FCE-9030-49A9657178B0","FilterName":"Allow KDC Proxy Server service to use DNS over TCP.","FilterType":"%%16388","FilterId":72105,"LayerKey":"C38D57D1-05A7-4C33-904F-7FBCEEE60E82","LayerName":"ALE Connect v4 Layer","LayerId":48,"Weight":424342768844800,"Conditions":"\n\tCondition ID:\t{d78e1e87-8644-4ea5-9437-d809ecefc971}\n\tMatch value:\tEqual to\n\tCondition value:\t\n    00000000  5c 00 64 00 65 00 76 00-69 00 63 00 65 00 5c 00  \\.d.e.v.i.c.e.\\.\n    00000010  68 00 61 00 72 00 64 00-64 00 69 00 73 00 6b 00  h.a.r.d.d.i.s.k.\n    00000020  76 00 6f 00 6c 00 75 00-6d 00 65 00 34 00 5c 00  v.o.l.u.m.e.4.\\.\n    00000030  77 00 69 00 6e 00 64 00-6f 00 77 00 73 00 5c 00  w.i.n.d.o.w.s.\\.\n    00000040  73 00 79 00 73 00 74 00-65 00 6d 00 33 00 32 00  s.y.s.t.e.m.3.2.\n    00000050  5c 00 73 00 76 00 63 00-68 00 6f 00 73 00 74 00  \\.s.v.c.h.o.s.t.\n    00000060  2e 00 65 00 78 00 65 00-00 00                    ..e.x.e...\n\n\n\tCondition ID:\t{af043a0a-b34d-4f86-979c-c90371af6e66}\n\tMatch value:\tEqual to\n\tCondition value:\t\nO:SYG:SYD:(A;;CCRC;;;S-1-5-80-2251494273-104013570-864825310-3133670442-2017388150)\n\n\n\tCondition ID:\t{3971ef2b-623e-4f9a-8cb1-6e79b806b9a7}\n\tMatch value:\tEqual to\n\tCondition value:\t0x06\n\n\tCondition ID:\t{c35a604d-d22b-4e1a-91b4-68f674ee674b}\n\tMatch value:\tEqual to\n\tCondition value:\t0x0035\n","Action":"%%16390","CalloutKey":"00000000-0000-0000-0000-000000000000","CalloutName":"-"}}}
{"Event_attributes":{"xmlns":"http://schemas.microsoft.com/win/2004/08/events/event"},"Event":{"System":{"Provider_attributes":{"Name":"Microsoft-Windows-Security-Auditing","Guid":"54849625-5478-4994-A5BA-3E3B0328C30D"},"EventID":5447,"Version":0,"Level":0,"Task":13573,"Opcode":0,"Keywords":"0x8020000000000000","TimeCreated_attributes":{"SystemTime":"2021-06-03T19:17:46.853590Z"},"EventRecordID":1966017,"Correlation_attributes":{"ActivityID":"38068009-512D-0000-1D80-06382D51D701"},"Execution_attributes":{"ProcessID":556,"ThreadID":2532},"Channel":"Security","Computer":"fs01.offsec.lan","Security":null},"EventData":{"ProcessId":1000,"UserSid":"S-1-5-19","UserName":"NT AUTHORITY\\LOCAL SERVICE","ProviderKey":"4B153735-1049-4480-AAB4-D1B9BDC03710","ProviderName":"Microsoft Corporation","ChangeType":"%%16385","FilterKey":"DBF1FB83-B722-477C-9BC6-82C89408BAA9","FilterName":"Allow KDC Proxy Server service to use DNS over TCP.","FilterType":"%%16388","FilterId":72106,"LayerKey":"4A72393B-319F-44BC-84C3-BA54DCB3B6B4","LayerName":"ALE Connect v6 Layer","LayerId":50,"Weight":106085692211200,"Conditions":"\n\tCondition ID:\t{d78e1e87-8644-4ea5-9437-d809ecefc971}\n\tMatch value:\tEqual to\n\tCondition value:\t\n    00000000  5c 00 64 00 65 00 76 00-69 00 63 00 65 00 5c 00  \\.d.e.v.i.c.e.\\.\n    00000010  68 00 61 00 72 00 64 00-64 00 69 00 73 00 6b 00  h.a.r.d.d.i.s.k.\n    00000020  76 00 6f 00 6c 00 75 00-6d 00 65 00 34 00 5c 00  v.o.l.u.m.e.4.\\.\n    00000030  77 00 69 00 6e 00 64 00-6f 00 77 00 73 00 5c 00  w.i.n.d.o.w.s.\\.\n    00000040  73 00 79 00 73 00 74 00-65 00 6d 00 33 00 32 00  s.y.s.t.e.m.3.2.\n    00000050  5c 00 73 00 76 00 63 00-68 00 6f 00 73 00 74 00  \\.s.v.c.h.o.s.t.\n    00000060  2e 00 65 00 78 00 65 00-00 00                    ..e.x.e...\n\n\n\tCondition ID:\t{af043a0a-b34d-4f86-979c-c90371af6e66}\n\tMatch value:\tEqual to\n\tCondition value:\t\nO:SYG:SYD:(A;;CCRC;;;S-1-5-80-2251494273-104013570-864825310-3133670442-2017388150)\n\n\n\tCondition ID:\t{3971ef2b-623e-4f9a-8cb1-6e79b806b9a7}\n\tMatch value:\tEqual to\n\tCondition value:\t0x06\n\n\tCondition ID:\t{c35a604d-d22b-4e1a-91b4-68f674ee674b}\n\tMatch value:\tEqual to\n\tCondition value:\t0x0035\n","Action":"%%16390","CalloutKey":"00000000-0000-0000-0000-000000000000","CalloutName":"-"}}}
{"Event_attributes":{"xmlns":"http://schemas.microsoft.com/win/2004/08/events/event"},"Event":{"System":{"Provider_attributes":{"Name":"Microsoft-Windows-Security-Auditing","Guid":"54849625-5478-4994-A5BA-3E3B0328C30D"},"EventID":5447,"Version":0,"Level":0,"Task":13573,"Opcode":0,"Keywords":"0x8020000000000000","TimeCreated_attributes":{"SystemTime":"2021-06-03T19:17:46.853724Z"},"EventRecordID":1966018,"Correlation_attributes":{"ActivityID":"38068009-512D-0000-1D80-06382D51D701"},"Execution_attributes":{"ProcessID":556,"ThreadID":2532},"Channel":"Security","Computer":"fs01.offsec.lan","Security":null},"EventData":{"ProcessId":1000,"UserSid":"S-1-5-19","UserName":"NT AUTHORITY\\LOCAL SERVICE","ProviderKey":"4B153735-1049-4480-AAB4-D1B9BDC03710","ProviderName":"Microsoft Corporation","ChangeType":"%%16385","FilterKey":"CE73191F-700F-4755-8CA1-85BD952AC13C","FilterName":"Allow KDC Proxy Server service to use KDC over UDP.","FilterType":"%%16388","FilterId":72107,"LayerKey":"C38D57D1-05A7-4C33-904F-7FBCEEE60E82","LayerName":"ALE Connect v4 Layer","LayerId":48,"Weight":424342768844800,"Conditions":"\n\tCondition ID:\t{d78e1e87-8644-4ea5-9437-d809ecefc971}\n\tMatch value:\tEqual to\n\tCondition value:\t\n    00000000  5c 00 64 00 65 00 76 00-69 00 63 00 65 00 5c 00  \\.d.e.v.i.c.e.\\.\n    00000010  68 00 61 00 72 00 64 00-64 00 69 00 73 00 6b 00  h.a.r.d.d.i.s.k.\n    00000020  76 00 6f 00 6c 00 75 00-6d 00 65 00 34 00 5c 00  v.o.l.u.m.e.4.\\.\n    00000030  77 00 69 00 6e 00 64 00-6f 00 77 00 73 00 5c 00  w.i.n.d.o.w.s.\\.\n    00000040  73 00 79 00 73 00 74 00-65 00 6d 00 33 00 32 00  s.y.s.t.e.m.3.2.\n    00000050  5c 00 73 00 76 00 63 00-68 00 6f 00 73 00 74 00  \\.s.v.c.h.o.s.t.\n    00000060  2e 00 65 00 78 00 65 00-00 00                    ..e.x.e...\n\n\n\tCondition ID:\t{af043a0a-b34d-4f86-979c-c90371af6e66}\n\tMatch value:\tEqual to\n\tCondition value:\t\nO:SYG:SYD:(A;;CCRC;;;S-1-5-80-2251494273-104013570-864825310-3133670442-2017388150)\n\n\n\tCondition ID:\t{3971ef2b-623e-4f9a-8cb1-6e79b806b9a7}\n\tMatch value:\tEqual to\n\tCondition value:\t0x11\n\n\tCondition ID:\t{c35a604d-d22b-4e1a-91b4-68f674ee674b}\n\tMatch value:\tEqual to\n\tCondition value:\t0x0058\n","Action":"%%16390","CalloutKey":"00000000-0000-0000-0000-000000000000","CalloutName":"-"}}}
{"Event_attributes":{"xmlns":"http://schemas.microsoft.com/win/2004/08/events/event"},"Event":{"System":{"Provider_attributes":{"Name":"Microsoft-Windows-Security-Auditing","Guid":"54849625-5478-4994-A5BA-3E3B0328C30D"},"EventID":5447,"Version":0,"Level":0,"Task":13573,"Opcode":0,"Keywords":"0x8020000000000000","TimeCreated_attributes":{"SystemTime":"2021-06-03T19:17:46.854087Z"},"EventRecordID":1966019,"Correlation_attributes":{"ActivityID":"38068009-512D-0000-1D80-06382D51D701"},"Execution_attributes":{"ProcessID":556,"ThreadID":2532},"Channel":"Security","Computer":"fs01.offsec.lan","Security":null},"EventData":{"ProcessId":1000,"UserSid":"S-1-5-19","UserName":"NT AUTHORITY\\LOCAL SERVICE","ProviderKey":"4B153735-1049-4480-AAB4-D1B9BDC03710","ProviderName":"Microsoft Corporation","ChangeType":"%%16385","FilterKey":"1F4750AA-CB6E-481D-8D43-0851B5B9F5C2","FilterName":"Allow KDC Proxy Server service to use KDC over UDP.","FilterType":"%%16388","FilterId":72108,"LayerKey":"4A72393B-319F-44BC-84C3-BA54DCB3B6B4","LayerName":"ALE Connect v6 Layer","LayerId":50,"Weight":106085692211200,"Conditions":"\n\tCondition ID:\t{d78e1e87-8644-4ea5-9437-d809ecefc971}\n\tMatch value:\tEqual to\n\tCondition value:\t\n    00000000  5c 00 64 00 65 00 76 00-69 00 63 00 65 00 5c 00  \\.d.e.v.i.c.e.\\.\n    00000010  68 00 61 00 72 00 64 00-64 00 69 00 73 00 6b 00  h.a.r.d.d.i.s.k.\n    00000020  76 00 6f 00 6c 00 75 00-6d 00 65 00 34 00 5c 00  v.o.l.u.m.e.4.\\.\n    00000030  77 00 69 00 6e 00 64 00-6f 00 77 00 73 00 5c 00  w.i.n.d.o.w.s.\\.\n    00000040  73 00 79 00 73 00 74 00-65 00 6d 00 33 00 32 00  s.y.s.t.e.m.3.2.\n    00000050  5c 00 73 00 76 00 63 00-68 00 6f 00 73 00 74 00  \\.s.v.c.h.o.s.t.\n    00000060  2e 00 65 00 78 00 65 00-00 00                    ..e.x.e...\n\n\n\tCondition ID:\t{af043a0a-b34d-4f86-979c-c90371af6e66}\n\tMatch value:\tEqual to\n\tCondition value:\t\nO:SYG:SYD:(A;;CCRC;;;S-1-5-80-2251494273-104013570-864825310-3133670442-2017388150)\n\n\n\tCondition ID:\t{3971ef2b-623e-4f9a-8cb1-6e79b806b9a7}\n\tMatch value:\tEqual to\n\tCondition value:\t0x11\n\n\tCondition ID:\t{c35a604d-d22b-4e1a-91b4-68f674ee674b}\n\tMatch value:\tEqual to\n\tCondition value:\t0x0058\n","Action":"%%16390","CalloutKey":"00000000-0000-0000-0000-000000000000","CalloutName":"-"}}}
{"Event_attributes":{"xmlns":"http://schemas.microsoft.com/win/2004/08/events/event"},"Event":{"System":{"Provider_attributes":{"Name":"Microsoft-Windows-Security-Auditing","Guid":"54849625-5478-4994-A5BA-3E3B0328C30D"},"EventID":5447,"Version":0,"Level":0,"Task":13573,"Opcode":0,"Keywords":"0x8020000000000000","TimeCreated_attributes":{"SystemTime":"2021-06-03T19:17:46.854238Z"},"EventRecordID":1966020,"Correlation_attributes":{"ActivityID":"38068009-512D-0000-1D80-06382D51D701"},"Execution_attributes":{"ProcessID":556,"ThreadID":2532},"Channel":"Security","Computer":"fs01.offsec.lan","Security":null},"EventData":{"ProcessId":1000,"UserSid":"S-1-5-19","UserName":"NT AUTHORITY\\LOCAL SERVICE","ProviderKey":"4B153735-1049-4480-AAB4-D1B9BDC03710","ProviderName":"Microsoft Corporation","ChangeType":"%%16385","FilterKey":"53F4D93A-9AFD-4BC6-87B6-498AA40DE1A6","FilterName":"Allow KDC Proxy Server service to use KDC over TCP.","FilterType":"%%16388","FilterId":72109,"LayerKey":"C38D57D1-05A7-4C33-904F-7FBCEEE60E82","LayerName":"ALE Connect v4 Layer","LayerId":48,"Weight":424342768844800,"Conditions":"\n\tCondition ID:\t{d78e1e87-8644-4ea5-9437-d809ecefc971}\n\tMatch value:\tEqual to\n\tCondition value:\t\n    00000000  5c 00 64 00 65 00 76 00-69 00 63 00 65 00 5c 00  \\.d.e.v.i.c.e.\\.\n    00000010  68 00 61 00 72 00 64 00-64 00 69 00 73 00 6b 00  h.a.r.d.d.i.s.k.\n    00000020  76 00 6f 00 6c 00 75 00-6d 00 65 00 34 00 5c 00  v.o.l.u.m.e.4.\\.\n    00000030  77 00 69 00 6e 00 64 00-6f 00 77 00 73 00 5c 00  w.i.n.d.o.w.s.\\.\n    00000040  73 00 79 00 73 00 74 00-65 00 6d 00 33 00 32 00  s.y.s.t.e.m.3.2.\n    00000050  5c 00 73 00 76 00 63 00-68 00 6f 00 73 00 74 00  \\.s.v.c.h.o.s.t.\n    00000060  2e 00 65 00 78 00 65 00-00 00                    ..e.x.e...\n\n\n\tCondition ID:\t{af043a0a-b34d-4f86-979c-c90371af6e66}\n\tMatch value:\tEqual to\n\tCondition value:\t\nO:SYG:SYD:(A;;CCRC;;;S-1-5-80-2251494273-104013570-864825310-3133670442-2017388150)\n\n\n\tCondition ID:\t{3971ef2b-623e-4f9a-8cb1-6e79b806b9a7}\n\tMatch value:\tEqual to\n\tCondition value:\t0x06\n\n\tCondition ID:\t{c35a604d-d22b-4e1a-91b4-68f674ee674b}\n\tMatch value:\tEqual to\n\tCondition value:\t0x0058\n","Action":"%%16390","CalloutKey":"00000000-0000-0000-0000-000000000000","CalloutName":"-"}}}
{"Event_attributes":{"xmlns":"http://schemas.microsoft.com/win/2004/08/events/event"},"Event":{"System":{"Provider_attributes":{"Name":"Microsoft-Windows-Security-Auditing","Guid":"54849625-5478-4994-A5BA-3E3B0328C30D"},"EventID":5447,"Version":0,"Level":0,"Task":13573,"Opcode":0,"Keywords":"0x8020000000000000","TimeCreated_attributes":{"SystemTime":"2021-06-03T19:17:46.854375Z"},"EventRecordID":1966021,"Correlation_attributes":{"ActivityID":"38068009-512D-0000-1D80-06382D51D701"},"Execution_attributes":{"ProcessID":556,"ThreadID":2532},"Channel":"Security","Computer":"fs01.offsec.lan","Security":null},"EventData":{"ProcessId":1000,"UserSid":"S-1-5-19","UserName":"NT AUTHORITY\\LOCAL SERVICE","ProviderKey":"4B153735-1049-4480-AAB4-D1B9BDC03710","ProviderName":"Microsoft Corporation","ChangeType":"%%16385","FilterKey":"FF11366F-7A8A-41D5-B99A-9F83E571EF33","FilterName":"Allow KDC Proxy Server service to use KDC over TCP.","FilterType":"%%16388","FilterId":72110,"LayerKey":"4A72393B-319F-44BC-84C3-BA54DCB3B6B4","LayerName":"ALE Connect v6 Layer","LayerId":50,"Weight":106085692211200,"Conditions":"\n\tCondition ID:\t{d78e1e87-8644-4ea5-9437-d809ecefc971}\n\tMatch value:\tEqual to\n\tCondition value:\t\n    00000000  5c 00 64 00 65 00 76 00-69 00 63 00 65 00 5c 00  \\.d.e.v.i.c.e.\\.\n    00000010  68 00 61 00 72 00 64 00-64 00 69 00 73 00 6b 00  h.a.r.d.d.i.s.k.\n    00000020  76 00 6f 00 6c 00 75 00-6d 00 65 00 34 00 5c 00  v.o.l.u.m.e.4.\\.\n    00000030  77 00 69 00 6e 00 64 00-6f 00 77 00 73 00 5c 00  w.i.n.d.o.w.s.\\.\n    00000040  73 00 79 00 73 00 74 00-65 00 6d 00 33 00 32 00  s.y.s.t.e.m.3.2.\n    00000050  5c 00 73 00 76 00 63 00-68 00 6f 00 73 00 74 00  \\.s.v.c.h.o.s.t.\n    00000060  2e 00 65 00 78 00 65 00-00 00                    ..e.x.e...\n\n\n\tCondition ID:\t{af043a0a-b34d-4f86-979c-c90371af6e66}\n\tMatch value:\tEqual to\n\tCondition value:\t\nO:SYG:SYD:(A;;CCRC;;;S-1-5-80-2251494273-104013570-864825310-3133670442-2017388150)\n\n\n\tCondition ID:\t{3971ef2b-623e-4f9a-8cb1-6e79b806b9a7}\n\tMatch value:\tEqual to\n\tCondition value:\t0x06\n\n\tCondition ID:\t{c35a604d-d22b-4e1a-91b4-68f674ee674b}\n\tMatch value:\tEqual to\n\tCondition value:\t0x0058\n","Action":"%%16390","CalloutKey":"00000000-0000-0000-0000-000000000000","CalloutName":"-"}}}
{"Event_attributes":{"xmlns":"http://schemas.microsoft.com/win/2004/08/events/event"},"Event":{"System":{"Provider_attributes":{"Name":"Microsoft-Windows-Security-Auditing","Guid":"54849625-5478-4994-A5BA-3E3B0328C30D"},"EventID":5447,"Version":0,"Level":0,"Task":13573,"Opcode":0,"Keywords":"0x8020000000000000","TimeCreated_attributes":{"SystemTime":"2021-06-03T19:17:46.854509Z"},"EventRecordID":1966022,"Correlation_attributes":{"ActivityID":"38068009-512D-0000-1D80-06382D51D701"},"Execution_attributes":{"ProcessID":556,"ThreadID":2532},"Channel":"Security","Computer":"fs01.offsec.lan","Security":null},"EventData":{"ProcessId":1000,"UserSid":"S-1-5-19","UserName":"NT AUTHORITY\\LOCAL SERVICE","ProviderKey":"4B153735-1049-4480-AAB4-D1B9BDC03710","ProviderName":"Microsoft Corporation","ChangeType":"%%16385","FilterKey":"1CEFD02F-73F5-4070-B039-46D39848895B","FilterName":"Allow KDC Proxy Server service to use NETBIOS.","FilterType":"%%16388","FilterId":72111,"LayerKey":"C38D57D1-05A7-4C33-904F-7FBCEEE60E82","LayerName":"ALE Connect v4 Layer","LayerId":48,"Weight":424342768844800,"Conditions":"\n\tCondition ID:\t{d78e1e87-8644-4ea5-9437-d809ecefc971}\n\tMatch value:\tEqual to\n\tCondition value:\t\n    00000000  5c 00 64 00 65 00 76 00-69 00 63 00 65 00 5c 00  \\.d.e.v.i.c.e.\\.\n    00000010  68 00 61 00 72 00 64 00-64 00 69 00 73 00 6b 00  h.a.r.d.d.i.s.k.\n    00000020  76 00 6f 00 6c 00 75 00-6d 00 65 00 34 00 5c 00  v.o.l.u.m.e.4.\\.\n    00000030  77 00 69 00 6e 00 64 00-6f 00 77 00 73 00 5c 00  w.i.n.d.o.w.s.\\.\n    00000040  73 00 79 00 73 00 74 00-65 00 6d 00 33 00 32 00  s.y.s.t.e.m.3.2.\n    00000050  5c 00 73 00 76 00 63 00-68 00 6f 00 73 00 74 00  \\.s.v.c.h.o.s.t.\n    00000060  2e 00 65 00 78 00 65 00-00 00                    ..e.x.e...\n\n\n\tCondition ID:\t{af043a0a-b34d-4f86-979c-c90371af6e66}\n\tMatch value:\tEqual to\n\tCondition value:\t\nO:SYG:SYD:(A;;CCRC;;;S-1-5-80-2251494273-104013570-864825310-3133670442-2017388150)\n\n\n\tCondition ID:\t{3971ef2b-623e-4f9a-8cb1-6e79b806b9a7}\n\tMatch value:\tEqual to\n\tCondition value:\t0x11\n\n\tCondition ID:\t{c35a604d-d22b-4e1a-91b4-68f674ee674b}\n\tMatch value:\tEqual to\n\tCondition value:\t0x0089\n","Action":"%%16390","CalloutKey":"00000000-0000-0000-0000-000000000000","CalloutName":"-"}}}
{"Event_attributes":{"xmlns":"http://schemas.microsoft.com/win/2004/08/events/event"},"Event":{"System":{"Provider_attributes":{"Name":"Microsoft-Windows-Security-Auditing","Guid":"54849625-5478-4994-A5BA-3E3B0328C30D"},"EventID":5447,"Version":0,"Level":0,"Task":13573,"Opcode":0,"Keywords":"0x8020000000000000","TimeCreated_attributes":{"SystemTime":"2021-06-03T19:17:46.854642Z"},"EventRecordID":1966023,"Correlation_attributes":{"ActivityID":"38068009-512D-0000-1D80-06382D51D701"},"Execution_attributes":{"ProcessID":556,"ThreadID":2532},"Channel":"Security","Computer":"fs01.offsec.lan","Security":null},"EventData":{"ProcessId":1000,"UserSid":"S-1-5-19","UserName":"NT AUTHORITY\\LOCAL SERVICE","ProviderKey":"4B153735-1049-4480-AAB4-D1B9BDC03710","ProviderName":"Microsoft Corporation","ChangeType":"%%16385","FilterKey":"68DC342C-C942-4FF6-9B23-88EE74BF20DF","FilterName":"Allow KDC Proxy Server service to use NETBIOS.","FilterType":"%%16388","FilterId":72112,"LayerKey":"4A72393B-319F-44BC-84C3-BA54DCB3B6B4","LayerName":"ALE Connect v6 Layer","LayerId":50,"Weight":106085692211200,"Conditions":"\n\tCondition ID:\t{d78e1e87-8644-4ea5-9437-d809ecefc971}\n\tMatch value:\tEqual to\n\tCondition value:\t\n    00000000  5c 00 64 00 65 00 76 00-69 00 63 00 65 00 5c 00  \\.d.e.v.i.c.e.\\.\n    00000010  68 00 61 00 72 00 64 00-64 00 69 00 73 00 6b 00  h.a.r.d.d.i.s.k.\n    00000020  76 00 6f 00 6c 00 75 00-6d 00 65 00 34 00 5c 00  v.o.l.u.m.e.4.\\.\n    00000030  77 00 69 00 6e 00 64 00-6f 00 77 00 73 00 5c 00  w.i.n.d.o.w.s.\\.\n    00000040  73 00 79 00 73 00 74 00-65 00 6d 00 33 00 32 00  s.y.s.t.e.m.3.2.\n    00000050  5c 00 73 00 76 00 63 00-68 00 6f 00 73 00 74 00  \\.s.v.c.h.o.s.t.\n    00000060  2e 00 65 00 78 00 65 00-00 00                    ..e.x.e...\n\n\n\tCondition ID:\t{af043a0a-b34d-4f86-979c-c90371af6e66}\n\tMatch value:\tEqual to\n\tCondition value:\t\nO:SYG:SYD:(A;;CCRC;;;S-1-5-80-2251494273-104013570-864825310-3133670442-2017388150)\n\n\n\tCondition ID:\t{3971ef2b-623e-4f9a-8cb1-6e79b806b9a7}\n\tMatch value:\tEqual to\n\tCondition value:\t0x11\n\n\tCondition ID:\t{c35a604d-d22b-4e1a-91b4-68f674ee674b}\n\tMatch value:\tEqual to\n\tCondition value:\t0x0089\n","Action":"%%16390","CalloutKey":"00000000-0000-0000-0000-000000000000","CalloutName":"-"}}}
{"Event_attributes":{"xmlns":"http://schemas.microsoft.com/win/2004/08/events/event"},"Event":{"System":{"Provider_attributes":{"Name":"Microsoft-Windows-Security-Auditing","Guid":"54849625-5478-4994-A5BA-3E3B0328C30D"},"EventID":5447,"Version":0,"Level":0,"Task":13573,"Opcode":0,"Keywords":"0x8020000000000000","TimeCreated_attributes":{"SystemTime":"2021-06-03T19:17:46.854777Z"},"EventRecordID":1966024,"Correlation_attributes":{"ActivityID":"38068009-512D-0000-1D80-06382D51D701"},"Execution_attributes":{"ProcessID":556,"ThreadID":2532},"Channel":"Security","Computer":"fs01.offsec.lan","Security":null},"EventData":{"ProcessId":1000,"UserSid":"S-1-5-19","UserName":"NT AUTHORITY\\LOCAL SERVICE","ProviderKey":"4B153735-1049-4480-AAB4-D1B9BDC03710","ProviderName":"Microsoft Corporation","ChangeType":"%%16385","FilterKey":"399705A7-C4FB-4661-84BF-A3719AB74D61","FilterName":"Allow KDC Proxy Server service to use NetBIOS Netlogon and Browsing.","FilterType":"%%16388","FilterId":72113,"LayerKey":"C38D57D1-05A7-4C33-904F-7FBCEEE60E82","LayerName":"ALE Connect v4 Layer","LayerId":48,"Weight":424342768844800,"Conditions":"\n\tCondition ID:\t{d78e1e87-8644-4ea5-9437-d809ecefc971}\n\tMatch value:\tEqual to\n\tCondition value:\t\n    00000000  5c 00 64 00 65 00 76 00-69 00 63 00 65 00 5c 00  \\.d.e.v.i.c.e.\\.\n    00000010  68 00 61 00 72 00 64 00-64 00 69 00 73 00 6b 00  h.a.r.d.d.i.s.k.\n    00000020  76 00 6f 00 6c 00 75 00-6d 00 65 00 34 00 5c 00  v.o.l.u.m.e.4.\\.\n    00000030  77 00 69 00 6e 00 64 00-6f 00 77 00 73 00 5c 00  w.i.n.d.o.w.s.\\.\n    00000040  73 00 79 00 73 00 74 00-65 00 6d 00 33 00 32 00  s.y.s.t.e.m.3.2.\n    00000050  5c 00 73 00 76 00 63 00-68 00 6f 00 73 00 74 00  \\.s.v.c.h.o.s.t.\n    00000060  2e 00 65 00 78 00 65 00-00 00                    ..e.x.e...\n\n\n\tCondition ID:\t{af043a0a-b34d-4f86-979c-c90371af6e66}\n\tMatch value:\tEqual to\n\tCondition value:\t\nO:SYG:SYD:(A;;CCRC;;;S-1-5-80-2251494273-104013570-864825310-3133670442-2017388150)\n\n\n\tCondition ID:\t{3971ef2b-623e-4f9a-8cb1-6e79b806b9a7}\n\tMatch value:\tEqual to\n\tCondition value:\t0x11\n\n\tCondition ID:\t{c35a604d-d22b-4e1a-91b4-68f674ee674b}\n\tMatch value:\tEqual to\n\tCondition value:\t0x008a\n","Action":"%%16390","CalloutKey":"00000000-0000-0000-0000-000000000000","CalloutName":"-"}}}
