{"Event_attributes":{"xmlns":"http://schemas.microsoft.com/win/2004/08/events/event"},"Event":{"System":{"Provider_attributes":{"Name":"Microsoft-Windows-Security-Auditing","Guid":"54849625-5478-4994-A5BA-3E3B0328C30D"},"EventID":5447,"Version":0,"Level":0,"Task":13573,"Opcode":0,"Keywords":"0x8020000000000000","TimeCreated_attributes":{"SystemTime":"2021-06-03T19:17:47.862695Z"},"EventRecordID":1966401,"Correlation_attributes":{"ActivityID":"38068009-512D-0000-1D80-06382D51D701"},"Execution_attributes":{"ProcessID":556,"ThreadID":2532},"Channel":"Security","Computer":"fs01.offsec.lan","Security":null},"EventData":{"ProcessId":1000,"UserSid":"S-1-5-19","UserName":"NT AUTHORITY\\LOCAL SERVICE","ProviderKey":"4B153735-1049-4480-AAB4-D1B9BDC03710","ProviderName":"Microsoft Corporation","ChangeType":"%%16384","FilterKey":"C88AE801-137F-4A5C-9089-2BFB53E6C106","FilterName":"Allow KDC Proxy Server service to use Kpasswd over UDP.","FilterType":"%%16388","FilterId":72487,"LayerKey":"4A72393B-319F-44BC-84C3-BA54DCB3B6B4","LayerName":"ALE Connect v6 Layer","LayerId":50,"Weight":106085692211200,"Conditions":"\n\tCondition ID:\t{d78e1e87-8644-4ea5-9437-d809ecefc971}\n\tMatch value:\tEqual to\n\tCondition value:\t\n    00000000  5c 00 64 00 65 00 76 00-69 00 63 00 65 00 5c 00  \\.d.e.v.i.c.e.\\.\n    00000010  68 00 61 00 72 00 64 00-64 00 69 00 73 00 6b 00  h.a.r.d.d.i.s.k.\n    00000020  76 00 6f 00 6c 00 75 00-6d 00 65 00 34 00 5c 00  v.o.l.u.m.e.4.\\.\n    00000030  77 00 69 00 6e 00 64 00-6f 00 77 00 73 00 5c 00  w.i.n.d.o.w.s.\\.\n    00000040  73 00 79 00 73 00 74 00-65 00 6d 00 33 00 32 00  s.y.s.t.e.m.3.2.\n    00000050  5c 00 73 00 76 00 63 00-68 00 6f 00 73 00 74 00  \\.s.v.c.h.o.s.t.\n    00000060  2e 00 65 00 78 00 65 00-00 00                    ..e.x.e...\n\n\n\tCondition ID:\t{af043a0a-b34d-4f86-979c-c90371af6e66}\n\tMatch value:\tEqual to\n\tCondition value:\t\nO:SYG:SYD:(A;;CCRC;;;S-1-5-80-2251494273-104013570-864825310-3133670442-2017388150)\n\n\n\tCondition ID:\t{3971ef2b-623e-4f9a-8cb1-6e79b806b9a7}\n\tMatch value:\tEqual to\n\tCondition value:\t0x11\n\n\tCondition ID:\t{c35a604d-d22b-4e1a-91b4-68f674ee674b}\n\tMatch value:\tEqual to\n\tCondition value:\t0x01d0\n","Action":"%%16390","CalloutKey":"00000000-0000-0000-0000-000000000000","CalloutName":"-"}}}
{"Event_attributes":{"xmlns":"http://schemas.microsoft.com/win/2004/08/events/event"},"Event":{"System":{"Provider_attributes":{"Name":"Microsoft-Windows-Security-Auditing","Guid":"54849625-5478-4994-A5BA-3E3B0328C30D"},"EventID":5447,"Version":0,"Level":0,"Task":13573,"Opcode":0,"Keywords":"0x8020000000000000","TimeCreated_attributes":{"SystemTime":"2021-06-03T19:17:47.862729Z"},"EventRecordID":1966402,"Correlation_attributes":{"ActivityID":"38068009-512D-0000-1D80-06382D51D701"},"Execution_attributes":{"ProcessID":556,"ThreadID":2532},"Channel":"Security","Computer":"fs01.offsec.lan","Security":null},"EventData":{"ProcessId":1000,"UserSid":"S-1-5-19","UserName":"NT AUTHORITY\\LOCAL SERVICE","ProviderKey":"4B153735-1049-4480-AAB4-D1B9BDC03710","ProviderName":"Microsoft Corporation","ChangeType":"%%16384","FilterKey":"BA090B33-E038-4F1C-9470-313CB55CABE2","FilterName":"Allow KDC Proxy Server service to use Kpasswd over TCP.","FilterType":"%%16388","FilterId":72488,"LayerKey":"C38D57D1-05A7-4C33-904F-7FBCEEE60E82","LayerName":"ALE Connect v4 Layer","LayerId":48,"Weight":424342768844800,"Conditions":"\n\tCondition ID:\t{d78e1e87-8644-4ea5-9437-d809ecefc971}\n\tMatch value:\tEqual to\n\tCondition value:\t\n    00000000  5c 00 64 00 65 00 76 00-69 00 63 00 65 00 5c 00  \\.d.e.v.i.c.e.\\.\n    00000010  68 00 61 00 72 00 64 00-64 00 69 00 73 00 6b 00  h.a.r.d.d.i.s.k.\n    00000020  76 00 6f 00 6c 00 75 00-6d 00 65 00 34 00 5c 00  v.o.l.u.m.e.4.\\.\n    00000030  77 00 69 00 6e 00 64 00-6f 00 77 00 73 00 5c 00  w.i.n.d.o.w.s.\\.\n    00000040  73 00 79 00 73 00 74 00-65 00 6d 00 33 00 32 00  s.y.s.t.e.m.3.2.\n    00000050  5c 00 73 00 76 00 63 00-68 00 6f 00 73 00 74 00  \\.s.v.c.h.o.s.t.\n    00000060  2e 00 65 00 78 00 65 00-00 00                    ..e.x.e...\n\n\n\tCondition ID:\t{af043a0a-b34d-4f86-979c-c90371af6e66}\n\tMatch value:\tEqual to\n\tCondition value:\t\nO:SYG:SYD:(A;;CCRC;;;S-1-5-80-2251494273-104013570-864825310-3133670442-2017388150)\n\n\n\tCondition ID:\t{3971ef2b-623e-4f9a-8cb1-6e79b806b9a7}\n\tMatch value:\tEqual to\n\tCondition value:\t0x06\n\n\tCondition ID:\t{c35a604d-d22b-4e1a-91b4-68f674ee674b}\n\tMatch value:\tEqual to\n\tCondition value:\t0x01d0\n","Action":"%%16390","CalloutKey":"00000000-0000-0000-0000-000000000000","CalloutName":"-"}}}
{"Event_attributes":{"xmlns":"http://schemas.microsoft.com/win/2004/08/events/event"},"Event":{"System":{"Provider_attributes":{"Name":"Microsoft-Windows-Security-Auditing","Guid":"54849625-5478-4994-A5BA-3E3B0328C30D"},"EventID":5447,"Version":0,"Level":0,"Task":13573,"Opcode":0,"Keywords":"0x8020000000000000","TimeCreated_attributes":{"SystemTime":"2021-06-03T19:17:47.862759Z"},"EventRecordID":1966403,"Correlation_attributes":{"ActivityID":"38068009-512D-0000-1D80-06382D51D701"},"Execution_attributes":{"ProcessID":556,"ThreadID":2532},"Channel":"Security","Computer":"fs01.offsec.lan","Security":null},"EventData":{"ProcessId":1000,"UserSid":"S-1-5-19","UserName":"NT AUTHORITY\\LOCAL SERVICE","ProviderKey":"4B153735-1049-4480-AAB4-D1B9BDC03710","ProviderName":"Microsoft Corporation","ChangeType":"%%16384","FilterKey":"0B4F7CB2-2605-4528-92F7-3985547E3CAF","FilterName":"Allow KDC Proxy Server service to use Kpasswd over TCP.","FilterType":"%%16388","FilterId":72489,"LayerKey":"4A72393B-319F-44BC-84C3-BA54DCB3B6B4","LayerName":"ALE Connect v6 Layer","LayerId":50,"Weight":106085692211200,"Conditions":"\n\tCondition ID:\t{d78e1e87-8644-4ea5-9437-d809ecefc971}\n\tMatch value:\tEqual to\n\tCondition value:\t\n    00000000  5c 00 64 00 65 00 76 00-69 00 63 00 65 00 5c 00  \\.d.e.v.i.c.e.\\.\n    00000010  68 00 61 00 72 00 64 00-64 00 69 00 73 00 6b 00  h.a.r.d.d.i.s.k.\n    00000020  76 00 6f 00 6c 00 75 00-6d 00 65 00 34 00 5c 00  v.o.l.u.m.e.4.\\.\n    00000030  77 00 69 00 6e 00 64 00-6f 00 77 00 73 00 5c 00  w.i.n.d.o.w.s.\\.\n    00000040  73 00 79 00 73 00 74 00-65 00 6d 00 33 00 32 00  s.y.s.t.e.m.3.2.\n    00000050  5c 00 73 00 76 00 63 00-68 00 6f 00 73 00 74 00  \\.s.v.c.h.o.s.t.\n    00000060  2e 00 65 00 78 00 65 00-00 00                    ..e.x.e...\n\n\n\tCondition ID:\t{af043a0a-b34d-4f86-979c-c90371af6e66}\n\tMatch value:\tEqual to\n\tCondition value:\t\nO:SYG:SYD:(A;;CCRC;;;S-1-5-80-2251494273-104013570-864825310-3133670442-2017388150)\n\n\n\tCondition ID:\t{3971ef2b-623e-4f9a-8cb1-6e79b806b9a7}\n\tMatch value:\tEqual to\n\tCondition value:\t0x06\n\n\tCondition ID:\t{c35a604d-d22b-4e1a-91b4-68f674ee674b}\n\tMatch value:\tEqual to\n\tCondition value:\t0x01d0\n","Action":"%%16390","CalloutKey":"00000000-0000-0000-0000-000000000000","CalloutName":"-"}}}
{"Event_attributes":{"xmlns":"http://schemas.microsoft.com/win/2004/08/events/event"},"Event":{"System":{"Provider_attributes":{"Name":"Microsoft-Windows-Security-Auditing","Guid":"54849625-5478-4994-A5BA-3E3B0328C30D"},"EventID":5447,"Version":0,"Level":0,"Task":13573,"Opcode":0,"Keywords":"0x8020000000000000","TimeCreated_attributes":{"SystemTime":"2021-06-03T19:17:47.862788Z"},"EventRecordID":1966404,"Correlation_attributes":{"ActivityID":"38068009-512D-0000-1D80-06382D51D701"},"Execution_attributes":{"ProcessID":556,"ThreadID":2532},"Channel":"Security","Computer":"fs01.offsec.lan","Security":null},"EventData":{"ProcessId":1000,"UserSid":"S-1-5-19","UserName":"NT AUTHORITY\\LOCAL SERVICE","ProviderKey":"4B153735-1049-4480-AAB4-D1B9BDC03710","ProviderName":"Microsoft Corporation","ChangeType":"%%16384","FilterKey":"078AF744-4E19-4F15-B34F-106058BCE5F9","FilterName":"NetBIOSHelperFirewallPolicy","FilterType":"%%16388","FilterId":72490,"LayerKey":"C38D57D1-05A7-4C33-904F-7FBCEEE60E82","LayerName":"ALE Connect v4 Layer","LayerId":48,"Weight":424342768844800,"Conditions":"\n\tCondition ID:\t{d78e1e87-8644-4ea5-9437-d809ecefc971}\n\tMatch value:\tEqual to\n\tCondition value:\t\n    00000000  5c 00 64 00 65 00 76 00-69 00 63 00 65 00 5c 00  \\.d.e.v.i.c.e.\\.\n    00000010  68 00 61 00 72 00 64 00-64 00 69 00 73 00 6b 00  h.a.r.d.d.i.s.k.\n    00000020  76 00 6f 00 6c 00 75 00-6d 00 65 00 34 00 5c 00  v.o.l.u.m.e.4.\\.\n    00000030  77 00 69 00 6e 00 64 00-6f 00 77 00 73 00 5c 00  w.i.n.d.o.w.s.\\.\n    00000040  73 00 79 00 73 00 74 00-65 00 6d 00 33 00 32 00  s.y.s.t.e.m.3.2.\n    00000050  5c 00 73 00 76 00 63 00-68 00 6f 00 73 00 74 00  \\.s.v.c.h.o.s.t.\n    00000060  2e 00 65 00 78 00 65 00-00 00                    ..e.x.e...\n\n\n\tCondition ID:\t{af043a0a-b34d-4f86-979c-c90371af6e66}\n\tMatch value:\tEqual to\n\tCondition value:\t\nO:SYG:SYD:(A;;CCRC;;;S-1-5-80-172094073-716411664-54255058-185476446-2329512179)\n\n\n\tCondition ID:\t{3971ef2b-623e-4f9a-8cb1-6e79b806b9a7}\n\tMatch value:\tEqual to\n\tCondition value:\t0x11\n\n\tCondition ID:\t{c35a604d-d22b-4e1a-91b4-68f674ee674b}\n\tMatch value:\tEqual to\n\tCondition value:\t0x0035\n","Action":"%%16390","CalloutKey":"00000000-0000-0000-0000-000000000000","CalloutName":"-"}}}
{"Event_attributes":{"xmlns":"http://schemas.microsoft.com/win/2004/08/events/event"},"Event":{"System":{"Provider_attributes":{"Name":"Microsoft-Windows-Security-Auditing","Guid":"54849625-5478-4994-A5BA-3E3B0328C30D"},"EventID":5447,"Version":0,"Level":0,"Task":13573,"Opcode":0,"Keywords":"0x8020000000000000","TimeCreated_attributes":{"SystemTime":"2021-06-03T19:17:47.862817Z"},"EventRecordID":1966405,"Correlation_attributes":{"ActivityID":"38068009-512D-0000-1D80-06382D51D701"},"Execution_attributes":{"ProcessID":556,"ThreadID":2532},"Channel":"Security","Computer":"fs01.offsec.lan","Security":null},"EventData":{"ProcessId":1000,"UserSid":"S-1-5-19","UserName":"NT AUTHORITY\\LOCAL SERVICE","ProviderKey":"4B153735-1049-4480-AAB4-D1B9BDC03710","ProviderName":"Microsoft Corporation","ChangeType":"%%16384","FilterKey":"534A6ABA-18CE-4987-A81A-99FD9612D5D4","FilterName":"NetBIOSHelperFirewallPolicy","FilterType":"%%16388","FilterId":72491,"LayerKey":"4A72393B-319F-44BC-84C3-BA54DCB3B6B4","LayerName":"ALE Connect v6 Layer","LayerId":50,"Weight":106085692211200,"Conditions":"\n\tCondition ID:\t{d78e1e87-8644-4ea5-9437-d809ecefc971}\n\tMatch value:\tEqual to\n\tCondition value:\t\n    00000000  5c 00 64 00 65 00 76 00-69 00 63 00 65 00 5c 00  \\.d.e.v.i.c.e.\\.\n    00000010  68 00 61 00 72 00 64 00-64 00 69 00 73 00 6b 00  h.a.r.d.d.i.s.k.\n    00000020  76 00 6f 00 6c 00 75 00-6d 00 65 00 34 00 5c 00  v.o.l.u.m.e.4.\\.\n    00000030  77 00 69 00 6e 00 64 00-6f 00 77 00 73 00 5c 00  w.i.n.d.o.w.s.\\.\n    00000040  73 00 79 00 73 00 74 00-65 00 6d 00 33 00 32 00  s.y.s.t.e.m.3.2.\n    00000050  5c 00 73 00 76 00 63 00-68 00 6f 00 73 00 74 00  \\.s.v.c.h.o.s.t.\n    00000060  2e 00 65 00 78 00 65 00-00 00                    ..e.x.e...\n\n\n\tCondition ID:\t{af043a0a-b34d-4f86-979c-c90371af6e66}\n\tMatch value:\tEqual to\n\tCondition value:\t\nO:SYG:SYD:(A;;CCRC;;;S-1-5-80-172094073-716411664-54255058-185476446-2329512179)\n\n\n\tCondition ID:\t{3971ef2b-623e-4f9a-8cb1-6e79b806b9a7}\n\tMatch value:\tEqual to\n\tCondition value:\t0x11\n\n\tCondition ID:\t{c35a604d-d22b-4e1a-91b4-68f674ee674b}\n\tMatch value:\tEqual to\n\tCondition value:\t0x0035\n","Action":"%%16390","CalloutKey":"00000000-0000-0000-0000-000000000000","CalloutName":"-"}}}
{"Event_attributes":{"xmlns":"http://schemas.microsoft.com/win/2004/08/events/event"},"Event":{"System":{"Provider_attributes":{"Name":"Microsoft-Windows-Security-Auditing","Guid":"54849625-5478-4994-A5BA-3E3B0328C30D"},"EventID":5447,"Version":0,"Level":0,"Task":13573,"Opcode":0,"Keywords":"0x8020000000000000","TimeCreated_attributes":{"SystemTime":"2021-06-03T19:17:47.862847Z"},"EventRecordID":1966406,"Correlation_attributes":{"ActivityID":"38068009-512D-0000-1D80-06382D51D701"},"Execution_attributes":{"ProcessID":556,"ThreadID":2532},"Channel":"Security","Computer":"fs01.offsec.lan","Security":null},"EventData":{"ProcessId":1000,"UserSid":"S-1-5-19","UserName":"NT AUTHORITY\\LOCAL SERVICE","ProviderKey":"4B153735-1049-4480-AAB4-D1B9BDC03710","ProviderName":"Microsoft Corporation","ChangeType":"%%16384","FilterKey":"BE2F2A26-9C27-42EE-8F61-9B67C8AE36CB","FilterName":"NetBIOSHelperFirewallPolicy","FilterType":"%%16388","FilterId":72492,"LayerKey":"C38D57D1-05A7-4C33-904F-7FBCEEE60E82","LayerName":"ALE Connect v4 Layer","LayerId":48,"Weight":424342768844800,"Conditions":"\n\tCondition ID:\t{d78e1e87-8644-4ea5-9437-d809ecefc971}\n\tMatch value:\tEqual to\n\tCondition value:\t\n    00000000  5c 00 64 00 65 00 76 00-69 00 63 00 65 00 5c 00  \\.d.e.v.i.c.e.\\.\n    00000010  68 00 61 00 72 00 64 00-64 00 69 00 73 00 6b 00  h.a.r.d.d.i.s.k.\n    00000020  76 00 6f 00 6c 00 75 00-6d 00 65 00 34 00 5c 00  v.o.l.u.m.e.4.\\.\n    00000030  77 00 69 00 6e 00 64 00-6f 00 77 00 73 00 5c 00  w.i.n.d.o.w.s.\\.\n    00000040  73 00 79 00 73 00 74 00-65 00 6d 00 33 00 32 00  s.y.s.t.e.m.3.2.\n    00000050  5c 00 73 00 76 00 63 00-68 00 6f 00 73 00 74 00  \\.s.v.c.h.o.s.t.\n    00000060  2e 00 65 00 78 00 65 00-00 00                    ..e.x.e...\n\n\n\tCondition ID:\t{af043a0a-b34d-4f86-979c-c90371af6e66}\n\tMatch value:\tEqual to\n\tCondition value:\t\nO:SYG:SYD:(A;;CCRC;;;S-1-5-80-172094073-716411664-54255058-185476446-2329512179)\n\n\n\tCondition ID:\t{3971ef2b-623e-4f9a-8cb1-6e79b806b9a7}\n\tMatch value:\tEqual to\n\tCondition value:\t0x06\n\n\tCondition ID:\t{c35a604d-d22b-4e1a-91b4-68f674ee674b}\n\tMatch value:\tEqual to\n\tCondition value:\t0x0035\n","Action":"%%16390","CalloutKey":"00000000-0000-0000-0000-000000000000","CalloutName":"-"}}}
{"Event_attributes":{"xmlns":"http://schemas.microsoft.com/win/2004/08/events/event"},"Event":{"System":{"Provider_attributes":{"Name":"Microsoft-Windows-Security-Auditing","Guid":"54849625-5478-4994-A5BA-3E3B0328C30D"},"EventID":5447,"Version":0,"Level":0,"Task":13573,"Opcode":0,"Keywords":"0x8020000000000000","TimeCreated_attributes":{"SystemTime":"2021-06-03T19:17:47.862876Z"},"EventRecordID":1966407,"Correlation_attributes":{"ActivityID":"38068009-512D-0000-1D80-06382D51D701"},"Execution_attributes":{"ProcessID":556,"ThreadID":2532},"Channel":"Security","Computer":"fs01.offsec.lan","Security":null},"EventData":{"ProcessId":1000,"UserSid":"S-1-5-19","UserName":"NT AUTHORITY\\LOCAL SERVICE","ProviderKey":"4B153735-1049-4480-AAB4-D1B9BDC03710","ProviderName":"Microsoft Corporation","ChangeType":"%%16384","FilterKey":"B815EA57-5F07-4EED-BC04-7E6320C7D8B0","FilterName":"NetBIOSHelperFirewallPolicy","FilterType":"%%16388","FilterId":72493,"LayerKey":"4A72393B-319F-44BC-84C3-BA54DCB3B6B4","LayerName":"ALE Connect v6 Layer","LayerId":50,"Weight":106085692211200,"Conditions":"\n\tCondition ID:\t{d78e1e87-8644-4ea5-9437-d809ecefc971}\n\tMatch value:\tEqual to\n\tCondition value:\t\n    00000000  5c 00 64 00 65 00 76 00-69 00 63 00 65 00 5c 00  \\.d.e.v.i.c.e.\\.\n    00000010  68 00 61 00 72 00 64 00-64 00 69 00 73 00 6b 00  h.a.r.d.d.i.s.k.\n    00000020  76 00 6f 00 6c 00 75 00-6d 00 65 00 34 00 5c 00  v.o.l.u.m.e.4.\\.\n    00000030  77 00 69 00 6e 00 64 00-6f 00 77 00 73 00 5c 00  w.i.n.d.o.w.s.\\.\n    00000040  73 00 79 00 73 00 74 00-65 00 6d 00 33 00 32 00  s.y.s.t.e.m.3.2.\n    00000050  5c 00 73 00 76 00 63 00-68 00 6f 00 73 00 74 00  \\.s.v.c.h.o.s.t.\n    00000060  2e 00 65 00 78 00 65 00-00 00                    ..e.x.e...\n\n\n\tCondition ID:\t{af043a0a-b34d-4f86-979c-c90371af6e66}\n\tMatch value:\tEqual to\n\tCondition value:\t\nO:SYG:SYD:(A;;CCRC;;;S-1-5-80-172094073-716411664-54255058-185476446-2329512179)\n\n\n\tCondition ID:\t{3971ef2b-623e-4f9a-8cb1-6e79b806b9a7}\n\tMatch value:\tEqual to\n\tCondition value:\t0x06\n\n\tCondition ID:\t{c35a604d-d22b-4e1a-91b4-68f674ee674b}\n\tMatch value:\tEqual to\n\tCondition value:\t0x0035\n","Action":"%%16390","CalloutKey":"00000000-0000-0000-0000-000000000000","CalloutName":"-"}}}
{"Event_attributes":{"xmlns":"http://schemas.microsoft.com/win/2004/08/events/event"},"Event":{"System":{"Provider_attributes":{"Name":"Microsoft-Windows-Security-Auditing","Guid":"54849625-5478-4994-A5BA-3E3B0328C30D"},"EventID":5447,"Version":0,"Level":0,"Task":13573,"Opcode":0,"Keywords":"0x8020000000000000","TimeCreated_attributes":{"SystemTime":"2021-06-03T19:17:47.862906Z"},"EventRecordID":1966408,"Correlation_attributes":{"ActivityID":"38068009-512D-0000-1D80-06382D51D701"},"Execution_attributes":{"ProcessID":556,"ThreadID":2532},"Channel":"Security","Computer":"fs01.offsec.lan","Security":null},"EventData":{"ProcessId":1000,"UserSid":"S-1-5-19","UserName":"NT AUTHORITY\\LOCAL SERVICE","ProviderKey":"4B153735-1049-4480-AAB4-D1B9BDC03710","ProviderName":"Microsoft Corporation","ChangeType":"%%16384","FilterKey":"09BE1FB8-0D0B-48B6-A5B1-871F9A67654E","FilterName":"Cast to Device streaming server hardening - Block incoming TCP traffic","FilterType":"%%16388","FilterId":72494,"LayerKey":"E1CD9FE7-F4B5-4273-96C0-592E487B8650","LayerName":"ALE Receive/Accept v4 Layer","LayerId":44,"Weight":1970874592788480,"Conditions":"\n\tCondition ID:\t{d78e1e87-8644-4ea5-9437-d809ecefc971}\n\tMatch value:\tEqual to\n\tCondition value:\t\n    00000000  5c 00 64 00 65 00 76 00-69 00 63 00 65 00 5c 00  \\.d.e.v.i.c.e.\\.\n    00000010  68 00 61 00 72 00 64 00-64 00 69 00 73 00 6b 00  h.a.r.d.d.i.s.k.\n    00000020  76 00 6f 00 6c 00 75 00-6d 00 65 00 34 00 5c 00  v.o.l.u.m.e.4.\\.\n    00000030  77 00 69 00 6e 00 64 00-6f 00 77 00 73 00 5c 00  w.i.n.d.o.w.s.\\.\n    00000040  73 00 79 00 73 00 74 00-65 00 6d 00 33 00 32 00  s.y.s.t.e.m.3.2.\n    00000050  5c 00 6d 00 64 00 65 00-73 00 65 00 72 00 76 00  \\.m.d.e.s.e.r.v.\n    00000060  65 00 72 00 2e 00 65 00-78 00 65 00 00 00        e.r...e.x.e...\n\n\n\tCondition ID:\t{3971ef2b-623e-4f9a-8cb1-6e79b806b9a7}\n\tMatch value:\tEqual to\n\tCondition value:\t0x06\n","Action":"%%16389","CalloutKey":"00000000-0000-0000-0000-000000000000","CalloutName":"-"}}}
{"Event_attributes":{"xmlns":"http://schemas.microsoft.com/win/2004/08/events/event"},"Event":{"System":{"Provider_attributes":{"Name":"Microsoft-Windows-Security-Auditing","Guid":"54849625-5478-4994-A5BA-3E3B0328C30D"},"EventID":5447,"Version":0,"Level":0,"Task":13573,"Opcode":0,"Keywords":"0x8020000000000000","TimeCreated_attributes":{"SystemTime":"2021-06-03T19:17:47.862935Z"},"EventRecordID":1966409,"Correlation_attributes":{"ActivityID":"38068009-512D-0000-1D80-06382D51D701"},"Execution_attributes":{"ProcessID":556,"ThreadID":2532},"Channel":"Security","Computer":"fs01.offsec.lan","Security":null},"EventData":{"ProcessId":1000,"UserSid":"S-1-5-19","UserName":"NT AUTHORITY\\LOCAL SERVICE","ProviderKey":"4B153735-1049-4480-AAB4-D1B9BDC03710","ProviderName":"Microsoft Corporation","ChangeType":"%%16384","FilterKey":"372CCAA4-1CE1-46CA-8B86-61BA35B47B74","FilterName":"Cast to Device streaming server hardening - Block incoming TCP traffic","FilterType":"%%16388","FilterId":72495,"LayerKey":"A3B42C97-9F04-4672-B87E-CEE9C483257F","LayerName":"ALE Receive/Accept v6 Layer","LayerId":46,"Weight":211243671486464,"Conditions":"\n\tCondition ID:\t{d78e1e87-8644-4ea5-9437-d809ecefc971}\n\tMatch value:\tEqual to\n\tCondition value:\t\n    00000000  5c 00 64 00 65 00 76 00-69 00 63 00 65 00 5c 00  \\.d.e.v.i.c.e.\\.\n    00000010  68 00 61 00 72 00 64 00-64 00 69 00 73 00 6b 00  h.a.r.d.d.i.s.k.\n    00000020  76 00 6f 00 6c 00 75 00-6d 00 65 00 34 00 5c 00  v.o.l.u.m.e.4.\\.\n    00000030  77 00 69 00 6e 00 64 00-6f 00 77 00 73 00 5c 00  w.i.n.d.o.w.s.\\.\n    00000040  73 00 79 00 73 00 74 00-65 00 6d 00 33 00 32 00  s.y.s.t.e.m.3.2.\n    00000050  5c 00 6d 00 64 00 65 00-73 00 65 00 72 00 76 00  \\.m.d.e.s.e.r.v.\n    00000060  65 00 72 00 2e 00 65 00-78 00 65 00 00 00        e.r...e.x.e...\n\n\n\tCondition ID:\t{3971ef2b-623e-4f9a-8cb1-6e79b806b9a7}\n\tMatch value:\tEqual to\n\tCondition value:\t0x06\n","Action":"%%16389","CalloutKey":"00000000-0000-0000-0000-000000000000","CalloutName":"-"}}}
{"Event_attributes":{"xmlns":"http://schemas.microsoft.com/win/2004/08/events/event"},"Event":{"System":{"Provider_attributes":{"Name":"Microsoft-Windows-Security-Auditing","Guid":"54849625-5478-4994-A5BA-3E3B0328C30D"},"EventID":5447,"Version":0,"Level":0,"Task":13573,"Opcode":0,"Keywords":"0x8020000000000000","TimeCreated_attributes":{"SystemTime":"2021-06-03T19:17:47.862966Z"},"EventRecordID":1966410,"Correlation_attributes":{"ActivityID":"38068009-512D-0000-1D80-06382D51D701"},"Execution_attributes":{"ProcessID":556,"ThreadID":2532},"Channel":"Security","Computer":"fs01.offsec.lan","Security":null},"EventData":{"ProcessId":1000,"UserSid":"S-1-5-19","UserName":"NT AUTHORITY\\LOCAL SERVICE","ProviderKey":"4B153735-1049-4480-AAB4-D1B9BDC03710","ProviderName":"Microsoft Corporation","ChangeType":"%%16384","FilterKey":"CEB3A413-52F3-410E-B403-4D3143141FEE","FilterName":"Cast to Device streaming server hardening rules for RTSP","FilterType":"%%16388","FilterId":72496,"LayerKey":"E1CD9FE7-F4B5-4273-96C0-592E487B8650","LayerName":"ALE Receive/Accept v4 Layer","LayerId":44,"Weight":2111612081143808,"Conditions":"\n\tCondition ID:\t{d78e1e87-8644-4ea5-9437-d809ecefc971}\n\tMatch value:\tEqual to\n\tCondition value:\t\n    00000000  5c 00 64 00 65 00 76 00-69 00 63 00 65 00 5c 00  \\.d.e.v.i.c.e.\\.\n    00000010  68 00 61 00 72 00 64 00-64 00 69 00 73 00 6b 00  h.a.r.d.d.i.s.k.\n    00000020  76 00 6f 00 6c 00 75 00-6d 00 65 00 34 00 5c 00  v.o.l.u.m.e.4.\\.\n    00000030  77 00 69 00 6e 00 64 00-6f 00 77 00 73 00 5c 00  w.i.n.d.o.w.s.\\.\n    00000040  73 00 79 00 73 00 74 00-65 00 6d 00 33 00 32 00  s.y.s.t.e.m.3.2.\n    00000050  5c 00 6d 00 64 00 65 00-73 00 65 00 72 00 76 00  \\.m.d.e.s.e.r.v.\n    00000060  65 00 72 00 2e 00 65 00-78 00 65 00 00 00        e.r...e.x.e...\n\n\n\tCondition ID:\t{0c1ba1af-5765-453f-af22-a8f791ac775b}\n\tMatch value:\tEqual to\n\tCondition value:\t0x5c02\n\n\tCondition ID:\t{3971ef2b-623e-4f9a-8cb1-6e79b806b9a7}\n\tMatch value:\tEqual to\n\tCondition value:\t0x06\n","Action":"%%16390","CalloutKey":"00000000-0000-0000-0000-000000000000","CalloutName":"-"}}}
{"Event_attributes":{"xmlns":"http://schemas.microsoft.com/win/2004/08/events/event"},"Event":{"System":{"Provider_attributes":{"Name":"Microsoft-Windows-Security-Auditing","Guid":"54849625-5478-4994-A5BA-3E3B0328C30D"},"EventID":5447,"Version":0,"Level":0,"Task":13573,"Opcode":0,"Keywords":"0x8020000000000000","TimeCreated_attributes":{"SystemTime":"2021-06-03T19:17:47.862995Z"},"EventRecordID":1966411,"Correlation_attributes":{"ActivityID":"38068009-512D-0000-1D80-06382D51D701"},"Execution_attributes":{"ProcessID":556,"ThreadID":2532},"Channel":"Security","Computer":"fs01.offsec.lan","Security":null},"EventData":{"ProcessId":1000,"UserSid":"S-1-5-19","UserName":"NT AUTHORITY\\LOCAL SERVICE","ProviderKey":"4B153735-1049-4480-AAB4-D1B9BDC03710","ProviderName":"Microsoft Corporation","ChangeType":"%%16384","FilterKey":"45E7FB5A-1563-4835-8BA5-230CE1319031","FilterName":"Cast to Device streaming server hardening rules for RTSP","FilterType":"%%16388","FilterId":72497,"LayerKey":"E1CD9FE7-F4B5-4273-96C0-592E487B8650","LayerName":"ALE Receive/Accept v4 Layer","LayerId":44,"Weight":2111612081143808,"Conditions":"\n\tCondition ID:\t{d78e1e87-8644-4ea5-9437-d809ecefc971}\n\tMatch value:\tEqual to\n\tCondition value:\t\n    00000000  5c 00 64 00 65 00 76 00-69 00 63 00 65 00 5c 00  \\.d.e.v.i.c.e.\\.\n    00000010  68 00 61 00 72 00 64 00-64 00 69 00 73 00 6b 00  h.a.r.d.d.i.s.k.\n    00000020  76 00 6f 00 6c 00 75 00-6d 00 65 00 34 00 5c 00  v.o.l.u.m.e.4.\\.\n    00000030  77 00 69 00 6e 00 64 00-6f 00 77 00 73 00 5c 00  w.i.n.d.o.w.s.\\.\n    00000040  73 00 79 00 73 00 74 00-65 00 6d 00 33 00 32 00  s.y.s.t.e.m.3.2.\n    00000050  5c 00 6d 00 64 00 65 00-73 00 65 00 72 00 76 00  \\.m.d.e.s.e.r.v.\n    00000060  65 00 72 00 2e 00 65 00-78 00 65 00 00 00        e.r...e.x.e...\n\n\n\tCondition ID:\t{0c1ba1af-5765-453f-af22-a8f791ac775b}\n\tMatch value:\tEqual to\n\tCondition value:\t0x5c03\n\n\tCondition ID:\t{3971ef2b-623e-4f9a-8cb1-6e79b806b9a7}\n\tMatch value:\tEqual to\n\tCondition value:\t0x06\n","Action":"%%16390","CalloutKey":"00000000-0000-0000-0000-000000000000","CalloutName":"-"}}}
{"Event_attributes":{"xmlns":"http://schemas.microsoft.com/win/2004/08/events/event"},"Event":{"System":{"Provider_attributes":{"Name":"Microsoft-Windows-Security-Auditing","Guid":"54849625-5478-4994-A5BA-3E3B0328C30D"},"EventID":5447,"Version":0,"Level":0,"Task":13573,"Opcode":0,"Keywords":"0x8020000000000000","TimeCreated_attributes":{"SystemTime":"2021-06-03T19:17:47.863024Z"},"EventRecordID":1966412,"Correlation_attributes":{"ActivityID":"38068009-512D-0000-1D80-06382D51D701"},"Execution_attributes":{"ProcessID":556,"ThreadID":2532},"Channel":"Security","Computer":"fs01.offsec.lan","Security":null},"EventData":{"ProcessId":1000,"UserSid":"S-1-5-19","UserName":"NT AUTHORITY\\LOCAL SERVICE","ProviderKey":"4B153735-1049-4480-AAB4-D1B9BDC03710","ProviderName":"Microsoft Corporation","ChangeType":"%%16384","FilterKey":"5344A83B-08E3-4EF8-BDC3-4649DA5D2609","FilterName":"Cast to Device streaming server hardening rules for RTSP","FilterType":"%%16388","FilterId":72498,"LayerKey":"E1CD9FE7-F4B5-4273-96C0-592E487B8650","LayerName":"ALE Receive/Accept v4 Layer","LayerId":44,"Weight":2111612081143808,"Conditions":"\n\tCondition ID:\t{d78e1e87-8644-4ea5-9437-d809ecefc971}\n\tMatch value:\tEqual to\n\tCondition value:\t\n    00000000  5c 00 64 00 65 00 76 00-69 00 63 00 65 00 5c 00  \\.d.e.v.i.c.e.\\.\n    00000010  68 00 61 00 72 00 64 00-64 00 69 00 73 00 6b 00  h.a.r.d.d.i.s.k.\n    00000020  76 00 6f 00 6c 00 75 00-6d 00 65 00 34 00 5c 00  v.o.l.u.m.e.4.\\.\n    00000030  77 00 69 00 6e 00 64 00-6f 00 77 00 73 00 5c 00  w.i.n.d.o.w.s.\\.\n    00000040  73 00 79 00 73 00 74 00-65 00 6d 00 33 00 32 00  s.y.s.t.e.m.3.2.\n    00000050  5c 00 6d 00 64 00 65 00-73 00 65 00 72 00 76 00  \\.m.d.e.s.e.r.v.\n    00000060  65 00 72 00 2e 00 65 00-78 00 65 00 00 00        e.r...e.x.e...\n\n\n\tCondition ID:\t{0c1ba1af-5765-453f-af22-a8f791ac775b}\n\tMatch value:\tEqual to\n\tCondition value:\t0x5c04\n\n\tCondition ID:\t{3971ef2b-623e-4f9a-8cb1-6e79b806b9a7}\n\tMatch value:\tEqual to\n\tCondition value:\t0x06\n","Action":"%%16390","CalloutKey":"00000000-0000-0000-0000-000000000000","CalloutName":"-"}}}
{"Event_attributes":{"xmlns":"http://schemas.microsoft.com/win/2004/08/events/event"},"Event":{"System":{"Provider_attributes":{"Name":"Microsoft-Windows-Security-Auditing","Guid":"54849625-5478-4994-A5BA-3E3B0328C30D"},"EventID":5447,"Version":0,"Level":0,"Task":13573,"Opcode":0,"Keywords":"0x8020000000000000","TimeCreated_attributes":{"SystemTime":"2021-06-03T19:17:47.863053Z"},"EventRecordID":1966413,"Correlation_attributes":{"ActivityID":"38068009-512D-0000-1D80-06382D51D701"},"Execution_attributes":{"ProcessID":556,"ThreadID":2532},"Channel":"Security","Computer":"fs01.offsec.lan","Security":null},"EventData":{"ProcessId":1000,"UserSid":"S-1-5-19","UserName":"NT AUTHORITY\\LOCAL SERVICE","ProviderKey":"4B153735-1049-4480-AAB4-D1B9BDC03710","ProviderName":"Microsoft Corporation","ChangeType":"%%16384","FilterKey":"6B24F6EF-D786-4C30-94A6-670B6BF3DC04","FilterName":"Cast to Device streaming server hardening rules for RTSP","FilterType":"%%16388","FilterId":72499,"LayerKey":"A3B42C97-9F04-4672-B87E-CEE9C483257F","LayerName":"ALE Receive/Accept v6 Layer","LayerId":46,"Weight":246428043575296,"Conditions":"\n\tCondition ID:\t{d78e1e87-8644-4ea5-9437-d809ecefc971}\n\tMatch value:\tEqual to\n\tCondition value:\t\n    00000000  5c 00 64 00 65 00 76 00-69 00 63 00 65 00 5c 00  \\.d.e.v.i.c.e.\\.\n    00000010  68 00 61 00 72 00 64 00-64 00 69 00 73 00 6b 00  h.a.r.d.d.i.s.k.\n    00000020  76 00 6f 00 6c 00 75 00-6d 00 65 00 34 00 5c 00  v.o.l.u.m.e.4.\\.\n    00000030  77 00 69 00 6e 00 64 00-6f 00 77 00 73 00 5c 00  w.i.n.d.o.w.s.\\.\n    00000040  73 00 79 00 73 00 74 00-65 00 6d 00 33 00 32 00  s.y.s.t.e.m.3.2.\n    00000050  5c 00 6d 00 64 00 65 00-73 00 65 00 72 00 76 00  \\.m.d.e.s.e.r.v.\n    00000060  65 00 72 00 2e 00 65 00-78 00 65 00 00 00        e.r...e.x.e...\n\n\n\tCondition ID:\t{0c1ba1af-5765-453f-af22-a8f791ac775b}\n\tMatch value:\tEqual to\n\tCondition value:\t0x5c02\n\n\tCondition ID:\t{3971ef2b-623e-4f9a-8cb1-6e79b806b9a7}\n\tMatch value:\tEqual to\n\tCondition value:\t0x06\n","Action":"%%16390","CalloutKey":"00000000-0000-0000-0000-000000000000","CalloutName":"-"}}}
{"Event_attributes":{"xmlns":"http://schemas.microsoft.com/win/2004/08/events/event"},"Event":{"System":{"Provider_attributes":{"Name":"Microsoft-Windows-Security-Auditing","Guid":"54849625-5478-4994-A5BA-3E3B0328C30D"},"EventID":5447,"Version":0,"Level":0,"Task":13573,"Opcode":0,"Keywords":"0x8020000000000000","TimeCreated_attributes":{"SystemTime":"2021-06-03T19:17:47.863082Z"},"EventRecordID":1966414,"Correlation_attributes":{"ActivityID":"38068009-512D-0000-1D80-06382D51D701"},"Execution_attributes":{"ProcessID":556,"ThreadID":2532},"Channel":"Security","Computer":"fs01.offsec.lan","Security":null},"EventData":{"ProcessId":1000,"UserSid":"S-1-5-19","UserName":"NT AUTHORITY\\LOCAL SERVICE","ProviderKey":"4B153735-1049-4480-AAB4-D1B9BDC03710","ProviderName":"Microsoft Corporation","ChangeType":"%%16384","FilterKey":"5E33E934-B687-4BBD-8CD5-AAA671321345","FilterName":"Cast to Device streaming server hardening rules for RTSP","FilterType":"%%16388","FilterId":72500,"LayerKey":"A3B42C97-9F04-4672-B87E-CEE9C483257F","LayerName":"ALE Receive/Accept v6 Layer","LayerId":46,"Weight":246428043575296,"Conditions":"\n\tCondition ID:\t{d78e1e87-8644-4ea5-9437-d809ecefc971}\n\tMatch value:\tEqual to\n\tCondition value:\t\n    00000000  5c 00 64 00 65 00 76 00-69 00 63 00 65 00 5c 00  \\.d.e.v.i.c.e.\\.\n    00000010  68 00 61 00 72 00 64 00-64 00 69 00 73 00 6b 00  h.a.r.d.d.i.s.k.\n    00000020  76 00 6f 00 6c 00 75 00-6d 00 65 00 34 00 5c 00  v.o.l.u.m.e.4.\\.\n    00000030  77 00 69 00 6e 00 64 00-6f 00 77 00 73 00 5c 00  w.i.n.d.o.w.s.\\.\n    00000040  73 00 79 00 73 00 74 00-65 00 6d 00 33 00 32 00  s.y.s.t.e.m.3.2.\n    00000050  5c 00 6d 00 64 00 65 00-73 00 65 00 72 00 76 00  \\.m.d.e.s.e.r.v.\n    00000060  65 00 72 00 2e 00 65 00-78 00 65 00 00 00        e.r...e.x.e...\n\n\n\tCondition ID:\t{0c1ba1af-5765-453f-af22-a8f791ac775b}\n\tMatch value:\tEqual to\n\tCondition value:\t0x5c03\n\n\tCondition ID:\t{3971ef2b-623e-4f9a-8cb1-6e79b806b9a7}\n\tMatch value:\tEqual to\n\tCondition value:\t0x06\n","Action":"%%16390","CalloutKey":"00000000-0000-0000-0000-000000000000","CalloutName":"-"}}}
{"Event_attributes":{"xmlns":"http://schemas.microsoft.com/win/2004/08/events/event"},"Event":{"System":{"Provider_attributes":{"Name":"Microsoft-Windows-Security-Auditing","Guid":"54849625-5478-4994-A5BA-3E3B0328C30D"},"EventID":5447,"Version":0,"Level":0,"Task":13573,"Opcode":0,"Keywords":"0x8020000000000000","TimeCreated_attributes":{"SystemTime":"2021-06-03T19:17:47.863111Z"},"EventRecordID":1966415,"Correlation_attributes":{"ActivityID":"38068009-512D-0000-1D80-06382D51D701"},"Execution_attributes":{"ProcessID":556,"ThreadID":2532},"Channel":"Security","Computer":"fs01.offsec.lan","Security":null},"EventData":{"ProcessId":1000,"UserSid":"S-1-5-19","UserName":"NT AUTHORITY\\LOCAL SERVICE","ProviderKey":"4B153735-1049-4480-AAB4-D1B9BDC03710","ProviderName":"Microsoft Corporation","ChangeType":"%%16384","FilterKey":"FA8FB988-90FA-4429-94FC-BB16618A607F","FilterName":"Cast to Device streaming server hardening rules for RTSP","FilterType":"%%16388","FilterId":72501,"LayerKey":"A3B42C97-9F04-4672-B87E-CEE9C483257F","LayerName":"ALE Receive/Accept v6 Layer","LayerId":46,"Weight":246428043575296,"Conditions":"\n\tCondition ID:\t{d78e1e87-8644-4ea5-9437-d809ecefc971}\n\tMatch value:\tEqual to\n\tCondition value:\t\n    00000000  5c 00 64 00 65 00 76 00-69 00 63 00 65 00 5c 00  \\.d.e.v.i.c.e.\\.\n    00000010  68 00 61 00 72 00 64 00-64 00 69 00 73 00 6b 00  h.a.r.d.d.i.s.k.\n    00000020  76 00 6f 00 6c 00 75 00-6d 00 65 00 34 00 5c 00  v.o.l.u.m.e.4.\\.\n    00000030  77 00 69 00 6e 00 64 00-6f 00 77 00 73 00 5c 00  w.i.n.d.o.w.s.\\.\n    00000040  73 00 79 00 73 00 74 00-65 00 6d 00 33 00 32 00  s.y.s.t.e.m.3.2.\n    00000050  5c 00 6d 00 64 00 65 00-73 00 65 00 72 00 76 00  \\.m.d.e.s.e.r.v.\n    00000060  65 00 72 00 2e 00 65 00-78 00 65 00 00 00        e.r...e.x.e...\n\n\n\tCondition ID:\t{0c1ba1af-5765-453f-af22-a8f791ac775b}\n\tMatch value:\tEqual to\n\tCondition value:\t0x5c04\n\n\tCondition ID:\t{3971ef2b-623e-4f9a-8cb1-6e79b806b9a7}\n\tMatch value:\tEqual to\n\tCondition value:\t0x06\n","Action":"%%16390","CalloutKey":"00000000-0000-0000-0000-000000000000","CalloutName":"-"}}}
{"Event_attributes":{"xmlns":"http://schemas.microsoft.com/win/2004/08/events/event"},"Event":{"System":{"Provider_attributes":{"Name":"Microsoft-Windows-Security-Auditing","Guid":"54849625-5478-4994-A5BA-3E3B0328C30D"},"EventID":5447,"Version":0,"Level":0,"Task":13573,"Opcode":0,"Keywords":"0x8020000000000000","TimeCreated_attributes":{"SystemTime":"2021-06-03T19:17:47.863139Z"},"EventRecordID":1966416,"Correlation_attributes":{"ActivityID":"38068009-512D-0000-1D80-06382D51D701"},"Execution_attributes":{"ProcessID":556,"ThreadID":2532},"Channel":"Security","Computer":"fs01.offsec.lan","Security":null},"EventData":{"ProcessId":1000,"UserSid":"S-1-5-19","UserName":"NT AUTHORITY\\LOCAL SERVICE","ProviderKey":"4B153735-1049-4480-AAB4-D1B9BDC03710","ProviderName":"Microsoft Corporation","ChangeType":"%%16384","FilterKey":"220A92C0-ADD7-422F-89DB-5249AD56AEC4","FilterName":"Allow inbound TCP traffic to AJRouter","FilterType":"%%16388","FilterId":72502,"LayerKey":"E1CD9FE7-F4B5-4273-96C0-592E487B8650","LayerName":"ALE Receive/Accept v4 Layer","LayerId":44,"Weight":2111886959050752,"Conditions":"\n\tCondition ID:\t{d78e1e87-8644-4ea5-9437-d809ecefc971}\n\tMatch value:\tEqual to\n\tCondition value:\t\n    00000000  5c 00 64 00 65 00 76 00-69 00 63 00 65 00 5c 00  \\.d.e.v.i.c.e.\\.\n    00000010  68 00 61 00 72 00 64 00-64 00 69 00 73 00 6b 00  h.a.r.d.d.i.s.k.\n    00000020  76 00 6f 00 6c 00 75 00-6d 00 65 00 34 00 5c 00  v.o.l.u.m.e.4.\\.\n    00000030  77 00 69 00 6e 00 64 00-6f 00 77 00 73 00 5c 00  w.i.n.d.o.w.s.\\.\n    00000040  73 00 79 00 73 00 74 00-65 00 6d 00 33 00 32 00  s.y.s.t.e.m.3.2.\n    00000050  5c 00 73 00 76 00 63 00-68 00 6f 00 73 00 74 00  \\.s.v.c.h.o.s.t.\n    00000060  2e 00 65 00 78 00 65 00-00 00                    ..e.x.e...\n\n\n\tCondition ID:\t{af043a0a-b34d-4f86-979c-c90371af6e66}\n\tMatch value:\tEqual to\n\tCondition value:\t\nO:SYG:SYD:(A;;CCRC;;;S-1-5-80-3532809085-2652327567-2620918877-1058261733-582902671)\n\n\n\tCondition ID:\t{0c1ba1af-5765-453f-af22-a8f791ac775b}\n\tMatch value:\tEqual to\n\tCondition value:\t0x26e3\n\n\tCondition ID:\t{3971ef2b-623e-4f9a-8cb1-6e79b806b9a7}\n\tMatch value:\tEqual to\n\tCondition value:\t0x06\n","Action":"%%16390","CalloutKey":"00000000-0000-0000-0000-000000000000","CalloutName":"-"}}}
{"Event_attributes":{"xmlns":"http://schemas.microsoft.com/win/2004/08/events/event"},"Event":{"System":{"Provider_attributes":{"Name":"Microsoft-Windows-Security-Auditing","Guid":"54849625-5478-4994-A5BA-3E3B0328C30D"},"EventID":5447,"Version":0,"Level":0,"Task":13573,"Opcode":0,"Keywords":"0x8020000000000000","TimeCreated_attributes":{"SystemTime":"2021-06-03T19:17:47.863168Z"},"EventRecordID":1966417,"Correlation_attributes":{"ActivityID":"38068009-512D-0000-1D80-06382D51D701"},"Execution_attributes":{"ProcessID":556,"ThreadID":2532},"Channel":"Security","Computer":"fs01.offsec.lan","Security":null},"EventData":{"ProcessId":1000,"UserSid":"S-1-5-19","UserName":"NT AUTHORITY\\LOCAL SERVICE","ProviderKey":"4B153735-1049-4480-AAB4-D1B9BDC03710","ProviderName":"Microsoft Corporation","ChangeType":"%%16384","FilterKey":"32E4239E-FA19-487E-9680-88C5583D5AB2","FilterName":"Allow inbound TCP traffic to AJRouter","FilterType":"%%16388","FilterId":72503,"LayerKey":"A3B42C97-9F04-4672-B87E-CEE9C483257F","LayerName":"ALE Receive/Accept v6 Layer","LayerId":46,"Weight":246496763052032,"Conditions":"\n\tCondition ID:\t{d78e1e87-8644-4ea5-9437-d809ecefc971}\n\tMatch value:\tEqual to\n\tCondition value:\t\n    00000000  5c 00 64 00 65 00 76 00-69 00 63 00 65 00 5c 00  \\.d.e.v.i.c.e.\\.\n    00000010  68 00 61 00 72 00 64 00-64 00 69 00 73 00 6b 00  h.a.r.d.d.i.s.k.\n    00000020  76 00 6f 00 6c 00 75 00-6d 00 65 00 34 00 5c 00  v.o.l.u.m.e.4.\\.\n    00000030  77 00 69 00 6e 00 64 00-6f 00 77 00 73 00 5c 00  w.i.n.d.o.w.s.\\.\n    00000040  73 00 79 00 73 00 74 00-65 00 6d 00 33 00 32 00  s.y.s.t.e.m.3.2.\n    00000050  5c 00 73 00 76 00 63 00-68 00 6f 00 73 00 74 00  \\.s.v.c.h.o.s.t.\n    00000060  2e 00 65 00 78 00 65 00-00 00                    ..e.x.e...\n\n\n\tCondition ID:\t{af043a0a-b34d-4f86-979c-c90371af6e66}\n\tMatch value:\tEqual to\n\tCondition value:\t\nO:SYG:SYD:(A;;CCRC;;;S-1-5-80-3532809085-2652327567-2620918877-1058261733-582902671)\n\n\n\tCondition ID:\t{0c1ba1af-5765-453f-af22-a8f791ac775b}\n\tMatch value:\tEqual to\n\tCondition value:\t0x26e3\n\n\tCondition ID:\t{3971ef2b-623e-4f9a-8cb1-6e79b806b9a7}\n\tMatch value:\tEqual to\n\tCondition value:\t0x06\n","Action":"%%16390","CalloutKey":"00000000-0000-0000-0000-000000000000","CalloutName":"-"}}}
{"Event_attributes":{"xmlns":"http://schemas.microsoft.com/win/2004/08/events/event"},"Event":{"System":{"Provider_attributes":{"Name":"Microsoft-Windows-Security-Auditing","Guid":"54849625-5478-4994-A5BA-3E3B0328C30D"},"EventID":5447,"Version":0,"Level":0,"Task":13573,"Opcode":0,"Keywords":"0x8020000000000000","TimeCreated_attributes":{"SystemTime":"2021-06-03T19:17:47.863197Z"},"EventRecordID":1966418,"Correlation_attributes":{"ActivityID":"38068009-512D-0000-1D80-06382D51D701"},"Execution_attributes":{"ProcessID":556,"ThreadID":2532},"Channel":"Security","Computer":"fs01.offsec.lan","Security":null},"EventData":{"ProcessId":1000,"UserSid":"S-1-5-19","UserName":"NT AUTHORITY\\LOCAL SERVICE","ProviderKey":"4B153735-1049-4480-AAB4-D1B9BDC03710","ProviderName":"Microsoft Corporation","ChangeType":"%%16384","FilterKey":"68BB910D-1455-4D13-8833-F73CA7FAE5D7","FilterName":"Allow inbound UDP traffic to AJRouter","FilterType":"%%16388","FilterId":72504,"LayerKey":"E1CD9FE7-F4B5-4273-96C0-592E487B8650","LayerName":"ALE Receive/Accept v4 Layer","LayerId":44,"Weight":1971149470695424,"Conditions":"\n\tCondition ID:\t{d78e1e87-8644-4ea5-9437-d809ecefc971}\n\tMatch value:\tEqual to\n\tCondition value:\t\n    00000000  5c 00 64 00 65 00 76 00-69 00 63 00 65 00 5c 00  \\.d.e.v.i.c.e.\\.\n    00000010  68 00 61 00 72 00 64 00-64 00 69 00 73 00 6b 00  h.a.r.d.d.i.s.k.\n    00000020  76 00 6f 00 6c 00 75 00-6d 00 65 00 34 00 5c 00  v.o.l.u.m.e.4.\\.\n    00000030  77 00 69 00 6e 00 64 00-6f 00 77 00 73 00 5c 00  w.i.n.d.o.w.s.\\.\n    00000040  73 00 79 00 73 00 74 00-65 00 6d 00 33 00 32 00  s.y.s.t.e.m.3.2.\n    00000050  5c 00 73 00 76 00 63 00-68 00 6f 00 73 00 74 00  \\.s.v.c.h.o.s.t.\n    00000060  2e 00 65 00 78 00 65 00-00 00                    ..e.x.e...\n\n\n\tCondition ID:\t{af043a0a-b34d-4f86-979c-c90371af6e66}\n\tMatch value:\tEqual to\n\tCondition value:\t\nO:SYG:SYD:(A;;CCRC;;;S-1-5-80-3532809085-2652327567-2620918877-1058261733-582902671)\n\n\n\tCondition ID:\t{3971ef2b-623e-4f9a-8cb1-6e79b806b9a7}\n\tMatch value:\tEqual to\n\tCondition value:\t0x11\n","Action":"%%16390","CalloutKey":"00000000-0000-0000-0000-000000000000","CalloutName":"-"}}}
{"Event_attributes":{"xmlns":"http://schemas.microsoft.com/win/2004/08/events/event"},"Event":{"System":{"Provider_attributes":{"Name":"Microsoft-Windows-Security-Auditing","Guid":"54849625-5478-4994-A5BA-3E3B0328C30D"},"EventID":5447,"Version":0,"Level":0,"Task":13573,"Opcode":0,"Keywords":"0x8020000000000000","TimeCreated_attributes":{"SystemTime":"2021-06-03T19:17:47.863226Z"},"EventRecordID":1966419,"Correlation_attributes":{"ActivityID":"38068009-512D-0000-1D80-06382D51D701"},"Execution_attributes":{"ProcessID":556,"ThreadID":2532},"Channel":"Security","Computer":"fs01.offsec.lan","Security":null},"EventData":{"ProcessId":1000,"UserSid":"S-1-5-19","UserName":"NT AUTHORITY\\LOCAL SERVICE","ProviderKey":"4B153735-1049-4480-AAB4-D1B9BDC03710","ProviderName":"Microsoft Corporation","ChangeType":"%%16384","FilterKey":"1B5AAC63-B027-4488-8A65-EC10EC75D6C4","FilterName":"Allow inbound UDP traffic to AJRouter","FilterType":"%%16388","FilterId":72505,"LayerKey":"A3B42C97-9F04-4672-B87E-CEE9C483257F","LayerName":"ALE Receive/Accept v6 Layer","LayerId":46,"Weight":211312390963200,"Conditions":"\n\tCondition ID:\t{d78e1e87-8644-4ea5-9437-d809ecefc971}\n\tMatch value:\tEqual to\n\tCondition value:\t\n    00000000  5c 00 64 00 65 00 76 00-69 00 63 00 65 00 5c 00  \\.d.e.v.i.c.e.\\.\n    00000010  68 00 61 00 72 00 64 00-64 00 69 00 73 00 6b 00  h.a.r.d.d.i.s.k.\n    00000020  76 00 6f 00 6c 00 75 00-6d 00 65 00 34 00 5c 00  v.o.l.u.m.e.4.\\.\n    00000030  77 00 69 00 6e 00 64 00-6f 00 77 00 73 00 5c 00  w.i.n.d.o.w.s.\\.\n    00000040  73 00 79 00 73 00 74 00-65 00 6d 00 33 00 32 00  s.y.s.t.e.m.3.2.\n    00000050  5c 00 73 00 76 00 63 00-68 00 6f 00 73 00 74 00  \\.s.v.c.h.o.s.t.\n    00000060  2e 00 65 00 78 00 65 00-00 00                    ..e.x.e...\n\n\n\tCondition ID:\t{af043a0a-b34d-4f86-979c-c90371af6e66}\n\tMatch value:\tEqual to\n\tCondition value:\t\nO:SYG:SYD:(A;;CCRC;;;S-1-5-80-3532809085-2652327567-2620918877-1058261733-582902671)\n\n\n\tCondition ID:\t{3971ef2b-623e-4f9a-8cb1-6e79b806b9a7}\n\tMatch value:\tEqual to\n\tCondition value:\t0x11\n","Action":"%%16390","CalloutKey":"00000000-0000-0000-0000-000000000000","CalloutName":"-"}}}
{"Event_attributes":{"xmlns":"http://schemas.microsoft.com/win/2004/08/events/event"},"Event":{"System":{"Provider_attributes":{"Name":"Microsoft-Windows-Security-Auditing","Guid":"54849625-5478-4994-A5BA-3E3B0328C30D"},"EventID":5447,"Version":0,"Level":0,"Task":13573,"Opcode":0,"Keywords":"0x8020000000000000","TimeCreated_attributes":{"SystemTime":"2021-06-03T19:17:47.863255Z"},"EventRecordID":1966420,"Correlation_attributes":{"ActivityID":"38068009-512D-0000-1D80-06382D51D701"},"Execution_attributes":{"ProcessID":556,"ThreadID":2532},"Channel":"Security","Computer":"fs01.offsec.lan","Security":null},"EventData":{"ProcessId":1000,"UserSid":"S-1-5-19","UserName":"NT AUTHORITY\\LOCAL SERVICE","ProviderKey":"4B153735-1049-4480-AAB4-D1B9BDC03710","ProviderName":"Microsoft Corporation","ChangeType":"%%16384","FilterKey":"475AC3AE-7F75-4FF5-83E5-F191D80E9863","FilterName":"Allow outbound TCP traffic from AJRouter","FilterType":"%%16388","FilterId":72506,"LayerKey":"C38D57D1-05A7-4C33-904F-7FBCEEE60E82","LayerName":"ALE Connect v4 Layer","LayerId":48,"Weight":422418623496192,"Conditions":"\n\tCondition ID:\t{d78e1e87-8644-4ea5-9437-d809ecefc971}\n\tMatch value:\tEqual to\n\tCondition value:\t\n    00000000  5c 00 64 00 65 00 76 00-69 00 63 00 65 00 5c 00  \\.d.e.v.i.c.e.\\.\n    00000010  68 00 61 00 72 00 64 00-64 00 69 00 73 00 6b 00  h.a.r.d.d.i.s.k.\n    00000020  76 00 6f 00 6c 00 75 00-6d 00 65 00 34 00 5c 00  v.o.l.u.m.e.4.\\.\n    00000030  77 00 69 00 6e 00 64 00-6f 00 77 00 73 00 5c 00  w.i.n.d.o.w.s.\\.\n    00000040  73 00 79 00 73 00 74 00-65 00 6d 00 33 00 32 00  s.y.s.t.e.m.3.2.\n    00000050  5c 00 73 00 76 00 63 00-68 00 6f 00 73 00 74 00  \\.s.v.c.h.o.s.t.\n    00000060  2e 00 65 00 78 00 65 00-00 00                    ..e.x.e...\n\n\n\tCondition ID:\t{af043a0a-b34d-4f86-979c-c90371af6e66}\n\tMatch value:\tEqual to\n\tCondition value:\t\nO:SYG:SYD:(A;;CCRC;;;S-1-5-80-3532809085-2652327567-2620918877-1058261733-582902671)\n\n\n\tCondition ID:\t{3971ef2b-623e-4f9a-8cb1-6e79b806b9a7}\n\tMatch value:\tEqual to\n\tCondition value:\t0x06\n","Action":"%%16390","CalloutKey":"00000000-0000-0000-0000-000000000000","CalloutName":"-"}}}
{"Event_attributes":{"xmlns":"http://schemas.microsoft.com/win/2004/08/events/event"},"Event":{"System":{"Provider_attributes":{"Name":"Microsoft-Windows-Security-Auditing","Guid":"54849625-5478-4994-A5BA-3E3B0328C30D"},"EventID":5447,"Version":0,"Level":0,"Task":13573,"Opcode":0,"Keywords":"0x8020000000000000","TimeCreated_attributes":{"SystemTime":"2021-06-03T19:17:47.863284Z"},"EventRecordID":1966421,"Correlation_attributes":{"ActivityID":"38068009-512D-0000-1D80-06382D51D701"},"Execution_attributes":{"ProcessID":556,"ThreadID":2532},"Channel":"Security","Computer":"fs01.offsec.lan","Security":null},"EventData":{"ProcessId":1000,"UserSid":"S-1-5-19","UserName":"NT AUTHORITY\\LOCAL SERVICE","ProviderKey":"4B153735-1049-4480-AAB4-D1B9BDC03710","ProviderName":"Microsoft Corporation","ChangeType":"%%16384","FilterKey":"44572E20-311C-41C7-B6F3-73C0DEA900DE","FilterName":"Allow outbound TCP traffic from AJRouter","FilterType":"%%16388","FilterId":72507,"LayerKey":"4A72393B-319F-44BC-84C3-BA54DCB3B6B4","LayerName":"ALE Connect v6 Layer","LayerId":50,"Weight":105604655874048,"Conditions":"\n\tCondition ID:\t{d78e1e87-8644-4ea5-9437-d809ecefc971}\n\tMatch value:\tEqual to\n\tCondition value:\t\n    00000000  5c 00 64 00 65 00 76 00-69 00 63 00 65 00 5c 00  \\.d.e.v.i.c.e.\\.\n    00000010  68 00 61 00 72 00 64 00-64 00 69 00 73 00 6b 00  h.a.r.d.d.i.s.k.\n    00000020  76 00 6f 00 6c 00 75 00-6d 00 65 00 34 00 5c 00  v.o.l.u.m.e.4.\\.\n    00000030  77 00 69 00 6e 00 64 00-6f 00 77 00 73 00 5c 00  w.i.n.d.o.w.s.\\.\n    00000040  73 00 79 00 73 00 74 00-65 00 6d 00 33 00 32 00  s.y.s.t.e.m.3.2.\n    00000050  5c 00 73 00 76 00 63 00-68 00 6f 00 73 00 74 00  \\.s.v.c.h.o.s.t.\n    00000060  2e 00 65 00 78 00 65 00-00 00                    ..e.x.e...\n\n\n\tCondition ID:\t{af043a0a-b34d-4f86-979c-c90371af6e66}\n\tMatch value:\tEqual to\n\tCondition value:\t\nO:SYG:SYD:(A;;CCRC;;;S-1-5-80-3532809085-2652327567-2620918877-1058261733-582902671)\n\n\n\tCondition ID:\t{3971ef2b-623e-4f9a-8cb1-6e79b806b9a7}\n\tMatch value:\tEqual to\n\tCondition value:\t0x06\n","Action":"%%16390","CalloutKey":"00000000-0000-0000-0000-000000000000","CalloutName":"-"}}}
{"Event_attributes":{"xmlns":"http://schemas.microsoft.com/win/2004/08/events/event"},"Event":{"System":{"Provider_attributes":{"Name":"Microsoft-Windows-Security-Auditing","Guid":"54849625-5478-4994-A5BA-3E3B0328C30D"},"EventID":5447,"Version":0,"Level":0,"Task":13573,"Opcode":0,"Keywords":"0x8020000000000000","TimeCreated_attributes":{"SystemTime":"2021-06-03T19:17:47.863314Z"},"EventRecordID":1966422,"Correlation_attributes":{"ActivityID":"38068009-512D-0000-1D80-06382D51D701"},"Execution_attributes":{"ProcessID":556,"ThreadID":2532},"Channel":"Security","Computer":"fs01.offsec.lan","Security":null},"EventData":{"ProcessId":1000,"UserSid":"S-1-5-19","UserName":"NT AUTHORITY\\LOCAL SERVICE","ProviderKey":"4B153735-1049-4480-AAB4-D1B9BDC03710","ProviderName":"Microsoft Corporation","ChangeType":"%%16384","FilterKey":"4A369393-0748-4685-B112-FB02287163B7","FilterName":"Allow outbound UDP traffic from AJRouter","FilterType":"%%16388","FilterId":72508,"LayerKey":"C38D57D1-05A7-4C33-904F-7FBCEEE60E82","LayerName":"ALE Connect v4 Layer","LayerId":48,"Weight":422418623496192,"Conditions":"\n\tCondition ID:\t{d78e1e87-8644-4ea5-9437-d809ecefc971}\n\tMatch value:\tEqual to\n\tCondition value:\t\n    00000000  5c 00 64 00 65 00 76 00-69 00 63 00 65 00 5c 00  \\.d.e.v.i.c.e.\\.\n    00000010  68 00 61 00 72 00 64 00-64 00 69 00 73 00 6b 00  h.a.r.d.d.i.s.k.\n    00000020  76 00 6f 00 6c 00 75 00-6d 00 65 00 34 00 5c 00  v.o.l.u.m.e.4.\\.\n    00000030  77 00 69 00 6e 00 64 00-6f 00 77 00 73 00 5c 00  w.i.n.d.o.w.s.\\.\n    00000040  73 00 79 00 73 00 74 00-65 00 6d 00 33 00 32 00  s.y.s.t.e.m.3.2.\n    00000050  5c 00 73 00 76 00 63 00-68 00 6f 00 73 00 74 00  \\.s.v.c.h.o.s.t.\n    00000060  2e 00 65 00 78 00 65 00-00 00                    ..e.x.e...\n\n\n\tCondition ID:\t{af043a0a-b34d-4f86-979c-c90371af6e66}\n\tMatch value:\tEqual to\n\tCondition value:\t\nO:SYG:SYD:(A;;CCRC;;;S-1-5-80-3532809085-2652327567-2620918877-1058261733-582902671)\n\n\n\tCondition ID:\t{3971ef2b-623e-4f9a-8cb1-6e79b806b9a7}\n\tMatch value:\tEqual to\n\tCondition value:\t0x11\n","Action":"%%16390","CalloutKey":"00000000-0000-0000-0000-000000000000","CalloutName":"-"}}}
