{"Event_attributes":{"xmlns":"http://schemas.microsoft.com/win/2004/08/events/event"},"Event":{"System":{"Provider_attributes":{"Name":"Microsoft-Windows-Security-Auditing","Guid":"54849625-5478-4994-A5BA-3E3B0328C30D"},"EventID":5447,"Version":0,"Level":0,"Task":13573,"Opcode":0,"Keywords":"0x8020000000000000","TimeCreated_attributes":{"SystemTime":"2021-06-03T19:17:47.800247Z"},"EventRecordID":1966180,"Correlation_attributes":{"ActivityID":"38068009-512D-0000-1D80-06382D51D701"},"Execution_attributes":{"ProcessID":556,"ThreadID":2532},"Channel":"Security","Computer":"fs01.offsec.lan","Security":null},"EventData":{"ProcessId":1000,"UserSid":"S-1-5-19","UserName":"NT AUTHORITY\\LOCAL SERVICE","ProviderKey":"4B153735-1049-4480-AAB4-D1B9BDC03710","ProviderName":"Microsoft Corporation","ChangeType":"%%16384","FilterKey":"95F6B8AF-71AF-4BDF-856B-AD81027D2E50","FilterName":"IPsec Policy Agent service hardening - LDAP/UDP","FilterType":"%%16388","FilterId":72390,"LayerKey":"4A72393B-319F-44BC-84C3-BA54DCB3B6B4","LayerName":"ALE Connect v6 Layer","LayerId":50,"Weight":106085692211200,"Conditions":"\n\tCondition ID:\t{d78e1e87-8644-4ea5-9437-d809ecefc971}\n\tMatch value:\tEqual to\n\tCondition value:\t\n    00000000  5c 00 64 00 65 00 76 00-69 00 63 00 65 00 5c 00  \\.d.e.v.i.c.e.\\.\n    00000010  68 00 61 00 72 00 64 00-64 00 69 00 73 00 6b 00  h.a.r.d.d.i.s.k.\n    00000020  76 00 6f 00 6c 00 75 00-6d 00 65 00 34 00 5c 00  v.o.l.u.m.e.4.\\.\n    00000030  77 00 69 00 6e 00 64 00-6f 00 77 00 73 00 5c 00  w.i.n.d.o.w.s.\\.\n    00000040  73 00 79 00 73 00 74 00-65 00 6d 00 33 00 32 00  s.y.s.t.e.m.3.2.\n    00000050  5c 00 73 00 76 00 63 00-68 00 6f 00 73 00 74 00  \\.s.v.c.h.o.s.t.\n    00000060  2e 00 65 00 78 00 65 00-00 00                    ..e.x.e...\n\n\n\tCondition ID:\t{af043a0a-b34d-4f86-979c-c90371af6e66}\n\tMatch value:\tEqual to\n\tCondition value:\t\nO:SYG:SYD:(A;;CCRC;;;S-1-5-80-3044542841-3639452079-4096941652-1606687743-1256249853)\n\n\n\tCondition ID:\t{3971ef2b-623e-4f9a-8cb1-6e79b806b9a7}\n\tMatch value:\tEqual to\n\tCondition value:\t0x11\n\n\tCondition ID:\t{c35a604d-d22b-4e1a-91b4-68f674ee674b}\n\tMatch value:\tEqual to\n\tCondition value:\t0x0185\n","Action":"%%16390","CalloutKey":"00000000-0000-0000-0000-000000000000","CalloutName":"-"}}}
{"Event_attributes":{"xmlns":"http://schemas.microsoft.com/win/2004/08/events/event"},"Event":{"System":{"Provider_attributes":{"Name":"Microsoft-Windows-Security-Auditing","Guid":"54849625-5478-4994-A5BA-3E3B0328C30D"},"EventID":5447,"Version":0,"Level":0,"Task":13573,"Opcode":0,"Keywords":"0x8020000000000000","TimeCreated_attributes":{"SystemTime":"2021-06-03T19:17:47.800384Z"},"EventRecordID":1966181,"Correlation_attributes":{"ActivityID":"38068009-512D-0000-1D80-06382D51D701"},"Execution_attributes":{"ProcessID":556,"ThreadID":2532},"Channel":"Security","Computer":"fs01.offsec.lan","Security":null},"EventData":{"ProcessId":1000,"UserSid":"S-1-5-19","UserName":"NT AUTHORITY\\LOCAL SERVICE","ProviderKey":"4B153735-1049-4480-AAB4-D1B9BDC03710","ProviderName":"Microsoft Corporation","ChangeType":"%%16384","FilterKey":"FFF934E8-BD7A-4AF1-B6EE-FBA65F520437","FilterName":"IPsec Policy Agent service hardening - Remote Management","FilterType":"%%16388","FilterId":72391,"LayerKey":"E1CD9FE7-F4B5-4273-96C0-592E487B8650","LayerName":"ALE Receive/Accept v4 Layer","LayerId":44,"Weight":1971166650564608,"Conditions":"\n\tCondition ID:\t{d78e1e87-8644-4ea5-9437-d809ecefc971}\n\tMatch value:\tEqual to\n\tCondition value:\t\n    00000000  5c 00 64 00 65 00 76 00-69 00 63 00 65 00 5c 00  \\.d.e.v.i.c.e.\\.\n    00000010  68 00 61 00 72 00 64 00-64 00 69 00 73 00 6b 00  h.a.r.d.d.i.s.k.\n    00000020  76 00 6f 00 6c 00 75 00-6d 00 65 00 34 00 5c 00  v.o.l.u.m.e.4.\\.\n    00000030  77 00 69 00 6e 00 64 00-6f 00 77 00 73 00 5c 00  w.i.n.d.o.w.s.\\.\n    00000040  73 00 79 00 73 00 74 00-65 00 6d 00 33 00 32 00  s.y.s.t.e.m.3.2.\n    00000050  5c 00 73 00 76 00 63 00-68 00 6f 00 73 00 74 00  \\.s.v.c.h.o.s.t.\n    00000060  2e 00 65 00 78 00 65 00-00 00                    ..e.x.e...\n\n\n\tCondition ID:\t{af043a0a-b34d-4f86-979c-c90371af6e66}\n\tMatch value:\tEqual to\n\tCondition value:\t\nO:SYG:SYD:(A;;CCRC;;;S-1-5-80-3044542841-3639452079-4096941652-1606687743-1256249853)\n\n\n\tCondition ID:\t{3971ef2b-623e-4f9a-8cb1-6e79b806b9a7}\n\tMatch value:\tEqual to\n\tCondition value:\t0x06\n\n\tCondition ID:\t{b9f4e088-cb98-4efb-a2c7-ad07332643db}\n\tMatch value:\tEqual to\n\tCondition value:\t0x00000001\n","Action":"%%16390","CalloutKey":"00000000-0000-0000-0000-000000000000","CalloutName":"-"}}}
{"Event_attributes":{"xmlns":"http://schemas.microsoft.com/win/2004/08/events/event"},"Event":{"System":{"Provider_attributes":{"Name":"Microsoft-Windows-Security-Auditing","Guid":"54849625-5478-4994-A5BA-3E3B0328C30D"},"EventID":5447,"Version":0,"Level":0,"Task":13573,"Opcode":0,"Keywords":"0x8020000000000000","TimeCreated_attributes":{"SystemTime":"2021-06-03T19:17:47.800516Z"},"EventRecordID":1966182,"Correlation_attributes":{"ActivityID":"38068009-512D-0000-1D80-06382D51D701"},"Execution_attributes":{"ProcessID":556,"ThreadID":2532},"Channel":"Security","Computer":"fs01.offsec.lan","Security":null},"EventData":{"ProcessId":1000,"UserSid":"S-1-5-19","UserName":"NT AUTHORITY\\LOCAL SERVICE","ProviderKey":"4B153735-1049-4480-AAB4-D1B9BDC03710","ProviderName":"Microsoft Corporation","ChangeType":"%%16384","FilterKey":"3FC87E59-352A-4D78-AAD9-F8428C19E497","FilterName":"IPsec Policy Agent service hardening - Remote Management","FilterType":"%%16388","FilterId":72392,"LayerKey":"A3B42C97-9F04-4672-B87E-CEE9C483257F","LayerName":"ALE Receive/Accept v6 Layer","LayerId":46,"Weight":211316685930496,"Conditions":"\n\tCondition ID:\t{d78e1e87-8644-4ea5-9437-d809ecefc971}\n\tMatch value:\tEqual to\n\tCondition value:\t\n    00000000  5c 00 64 00 65 00 76 00-69 00 63 00 65 00 5c 00  \\.d.e.v.i.c.e.\\.\n    00000010  68 00 61 00 72 00 64 00-64 00 69 00 73 00 6b 00  h.a.r.d.d.i.s.k.\n    00000020  76 00 6f 00 6c 00 75 00-6d 00 65 00 34 00 5c 00  v.o.l.u.m.e.4.\\.\n    00000030  77 00 69 00 6e 00 64 00-6f 00 77 00 73 00 5c 00  w.i.n.d.o.w.s.\\.\n    00000040  73 00 79 00 73 00 74 00-65 00 6d 00 33 00 32 00  s.y.s.t.e.m.3.2.\n    00000050  5c 00 73 00 76 00 63 00-68 00 6f 00 73 00 74 00  \\.s.v.c.h.o.s.t.\n    00000060  2e 00 65 00 78 00 65 00-00 00                    ..e.x.e...\n\n\n\tCondition ID:\t{af043a0a-b34d-4f86-979c-c90371af6e66}\n\tMatch value:\tEqual to\n\tCondition value:\t\nO:SYG:SYD:(A;;CCRC;;;S-1-5-80-3044542841-3639452079-4096941652-1606687743-1256249853)\n\n\n\tCondition ID:\t{3971ef2b-623e-4f9a-8cb1-6e79b806b9a7}\n\tMatch value:\tEqual to\n\tCondition value:\t0x06\n\n\tCondition ID:\t{b9f4e088-cb98-4efb-a2c7-ad07332643db}\n\tMatch value:\tEqual to\n\tCondition value:\t0x00000001\n","Action":"%%16390","CalloutKey":"00000000-0000-0000-0000-000000000000","CalloutName":"-"}}}
{"Event_attributes":{"xmlns":"http://schemas.microsoft.com/win/2004/08/events/event"},"Event":{"System":{"Provider_attributes":{"Name":"Microsoft-Windows-Security-Auditing","Guid":"54849625-5478-4994-A5BA-3E3B0328C30D"},"EventID":5447,"Version":0,"Level":0,"Task":13573,"Opcode":0,"Keywords":"0x8020000000000000","TimeCreated_attributes":{"SystemTime":"2021-06-03T19:17:47.800624Z"},"EventRecordID":1966183,"Correlation_attributes":{"ActivityID":"38068009-512D-0000-1D80-06382D51D701"},"Execution_attributes":{"ProcessID":556,"ThreadID":2532},"Channel":"Security","Computer":"fs01.offsec.lan","Security":null},"EventData":{"ProcessId":1000,"UserSid":"S-1-5-19","UserName":"NT AUTHORITY\\LOCAL SERVICE","ProviderKey":"4B153735-1049-4480-AAB4-D1B9BDC03710","ProviderName":"Microsoft Corporation","ChangeType":"%%16384","FilterKey":"D1C338B9-F10D-4373-BD60-84332EDC09B3","FilterName":"Block all inbound traffic to SearchFilterHost","FilterType":"%%16388","FilterId":72393,"LayerKey":"E1CD9FE7-F4B5-4273-96C0-592E487B8650","LayerName":"ALE Receive/Accept v4 Layer","LayerId":44,"Weight":549755813888,"Conditions":"\n\tCondition ID:\t{d78e1e87-8644-4ea5-9437-d809ecefc971}\n\tMatch value:\tEqual to\n\tCondition value:\t\n    00000000  5c 00 64 00 65 00 76 00-69 00 63 00 65 00 5c 00  \\.d.e.v.i.c.e.\\.\n    00000010  68 00 61 00 72 00 64 00-64 00 69 00 73 00 6b 00  h.a.r.d.d.i.s.k.\n    00000020  76 00 6f 00 6c 00 75 00-6d 00 65 00 34 00 5c 00  v.o.l.u.m.e.4.\\.\n    00000030  77 00 69 00 6e 00 64 00-6f 00 77 00 73 00 5c 00  w.i.n.d.o.w.s.\\.\n    00000040  73 00 79 00 73 00 74 00-65 00 6d 00 33 00 32 00  s.y.s.t.e.m.3.2.\n    00000050  5c 00 73 00 65 00 61 00-72 00 63 00 68 00 66 00  \\.s.e.a.r.c.h.f.\n    00000060  69 00 6c 00 74 00 65 00-72 00 68 00 6f 00 73 00  i.l.t.e.r.h.o.s.\n    00000070  74 00 2e 00 65 00 78 00-65 00 00 00              t...e.x.e...\n\n","Action":"%%16389","CalloutKey":"00000000-0000-0000-0000-000000000000","CalloutName":"-"}}}
{"Event_attributes":{"xmlns":"http://schemas.microsoft.com/win/2004/08/events/event"},"Event":{"System":{"Provider_attributes":{"Name":"Microsoft-Windows-Security-Auditing","Guid":"54849625-5478-4994-A5BA-3E3B0328C30D"},"EventID":5447,"Version":0,"Level":0,"Task":13573,"Opcode":0,"Keywords":"0x8020000000000000","TimeCreated_attributes":{"SystemTime":"2021-06-03T19:17:47.800732Z"},"EventRecordID":1966184,"Correlation_attributes":{"ActivityID":"38068009-512D-0000-1D80-06382D51D701"},"Execution_attributes":{"ProcessID":556,"ThreadID":2532},"Channel":"Security","Computer":"fs01.offsec.lan","Security":null},"EventData":{"ProcessId":1000,"UserSid":"S-1-5-19","UserName":"NT AUTHORITY\\LOCAL SERVICE","ProviderKey":"4B153735-1049-4480-AAB4-D1B9BDC03710","ProviderName":"Microsoft Corporation","ChangeType":"%%16384","FilterKey":"7E14B32B-85B7-4249-9C22-0D1DFDCD1CB4","FilterName":"Block all inbound traffic to SearchFilterHost","FilterType":"%%16388","FilterId":72394,"LayerKey":"A3B42C97-9F04-4672-B87E-CEE9C483257F","LayerName":"ALE Receive/Accept v6 Layer","LayerId":46,"Weight":137438953472,"Conditions":"\n\tCondition ID:\t{d78e1e87-8644-4ea5-9437-d809ecefc971}\n\tMatch value:\tEqual to\n\tCondition value:\t\n    00000000  5c 00 64 00 65 00 76 00-69 00 63 00 65 00 5c 00  \\.d.e.v.i.c.e.\\.\n    00000010  68 00 61 00 72 00 64 00-64 00 69 00 73 00 6b 00  h.a.r.d.d.i.s.k.\n    00000020  76 00 6f 00 6c 00 75 00-6d 00 65 00 34 00 5c 00  v.o.l.u.m.e.4.\\.\n    00000030  77 00 69 00 6e 00 64 00-6f 00 77 00 73 00 5c 00  w.i.n.d.o.w.s.\\.\n    00000040  73 00 79 00 73 00 74 00-65 00 6d 00 33 00 32 00  s.y.s.t.e.m.3.2.\n    00000050  5c 00 73 00 65 00 61 00-72 00 63 00 68 00 66 00  \\.s.e.a.r.c.h.f.\n    00000060  69 00 6c 00 74 00 65 00-72 00 68 00 6f 00 73 00  i.l.t.e.r.h.o.s.\n    00000070  74 00 2e 00 65 00 78 00-65 00 00 00              t...e.x.e...\n\n","Action":"%%16389","CalloutKey":"00000000-0000-0000-0000-000000000000","CalloutName":"-"}}}
{"Event_attributes":{"xmlns":"http://schemas.microsoft.com/win/2004/08/events/event"},"Event":{"System":{"Provider_attributes":{"Name":"Microsoft-Windows-Security-Auditing","Guid":"54849625-5478-4994-A5BA-3E3B0328C30D"},"EventID":5447,"Version":0,"Level":0,"Task":13573,"Opcode":0,"Keywords":"0x8020000000000000","TimeCreated_attributes":{"SystemTime":"2021-06-03T19:17:47.800838Z"},"EventRecordID":1966185,"Correlation_attributes":{"ActivityID":"38068009-512D-0000-1D80-06382D51D701"},"Execution_attributes":{"ProcessID":556,"ThreadID":2532},"Channel":"Security","Computer":"fs01.offsec.lan","Security":null},"EventData":{"ProcessId":1000,"UserSid":"S-1-5-19","UserName":"NT AUTHORITY\\LOCAL SERVICE","ProviderKey":"4B153735-1049-4480-AAB4-D1B9BDC03710","ProviderName":"Microsoft Corporation","ChangeType":"%%16384","FilterKey":"36E7ADCC-66A7-461D-AC89-1C02A7A20F49","FilterName":"Block all outbound traffic from SearchFilterHost","FilterType":"%%16388","FilterId":72395,"LayerKey":"C38D57D1-05A7-4C33-904F-7FBCEEE60E82","LayerName":"ALE Connect v4 Layer","LayerId":48,"Weight":137438953472,"Conditions":"\n\tCondition ID:\t{d78e1e87-8644-4ea5-9437-d809ecefc971}\n\tMatch value:\tEqual to\n\tCondition value:\t\n    00000000  5c 00 64 00 65 00 76 00-69 00 63 00 65 00 5c 00  \\.d.e.v.i.c.e.\\.\n    00000010  68 00 61 00 72 00 64 00-64 00 69 00 73 00 6b 00  h.a.r.d.d.i.s.k.\n    00000020  76 00 6f 00 6c 00 75 00-6d 00 65 00 34 00 5c 00  v.o.l.u.m.e.4.\\.\n    00000030  77 00 69 00 6e 00 64 00-6f 00 77 00 73 00 5c 00  w.i.n.d.o.w.s.\\.\n    00000040  73 00 79 00 73 00 74 00-65 00 6d 00 33 00 32 00  s.y.s.t.e.m.3.2.\n    00000050  5c 00 73 00 65 00 61 00-72 00 63 00 68 00 66 00  \\.s.e.a.r.c.h.f.\n    00000060  69 00 6c 00 74 00 65 00-72 00 68 00 6f 00 73 00  i.l.t.e.r.h.o.s.\n    00000070  74 00 2e 00 65 00 78 00-65 00 00 00              t...e.x.e...\n\n","Action":"%%16389","CalloutKey":"00000000-0000-0000-0000-000000000000","CalloutName":"-"}}}
{"Event_attributes":{"xmlns":"http://schemas.microsoft.com/win/2004/08/events/event"},"Event":{"System":{"Provider_attributes":{"Name":"Microsoft-Windows-Security-Auditing","Guid":"54849625-5478-4994-A5BA-3E3B0328C30D"},"EventID":5447,"Version":0,"Level":0,"Task":13573,"Opcode":0,"Keywords":"0x8020000000000000","TimeCreated_attributes":{"SystemTime":"2021-06-03T19:17:47.800952Z"},"EventRecordID":1966186,"Correlation_attributes":{"ActivityID":"38068009-512D-0000-1D80-06382D51D701"},"Execution_attributes":{"ProcessID":556,"ThreadID":2532},"Channel":"Security","Computer":"fs01.offsec.lan","Security":null},"EventData":{"ProcessId":1000,"UserSid":"S-1-5-19","UserName":"NT AUTHORITY\\LOCAL SERVICE","ProviderKey":"4B153735-1049-4480-AAB4-D1B9BDC03710","ProviderName":"Microsoft Corporation","ChangeType":"%%16384","FilterKey":"3997C5B4-C8AF-4F1D-9425-1403F8B18F36","FilterName":"Block all outbound traffic from SearchFilterHost","FilterType":"%%16388","FilterId":72396,"LayerKey":"4A72393B-319F-44BC-84C3-BA54DCB3B6B4","LayerName":"ALE Connect v6 Layer","LayerId":50,"Weight":34359738368,"Conditions":"\n\tCondition ID:\t{d78e1e87-8644-4ea5-9437-d809ecefc971}\n\tMatch value:\tEqual to\n\tCondition value:\t\n    00000000  5c 00 64 00 65 00 76 00-69 00 63 00 65 00 5c 00  \\.d.e.v.i.c.e.\\.\n    00000010  68 00 61 00 72 00 64 00-64 00 69 00 73 00 6b 00  h.a.r.d.d.i.s.k.\n    00000020  76 00 6f 00 6c 00 75 00-6d 00 65 00 34 00 5c 00  v.o.l.u.m.e.4.\\.\n    00000030  77 00 69 00 6e 00 64 00-6f 00 77 00 73 00 5c 00  w.i.n.d.o.w.s.\\.\n    00000040  73 00 79 00 73 00 74 00-65 00 6d 00 33 00 32 00  s.y.s.t.e.m.3.2.\n    00000050  5c 00 73 00 65 00 61 00-72 00 63 00 68 00 66 00  \\.s.e.a.r.c.h.f.\n    00000060  69 00 6c 00 74 00 65 00-72 00 68 00 6f 00 73 00  i.l.t.e.r.h.o.s.\n    00000070  74 00 2e 00 65 00 78 00-65 00 00 00              t...e.x.e...\n\n","Action":"%%16389","CalloutKey":"00000000-0000-0000-0000-000000000000","CalloutName":"-"}}}
{"Event_attributes":{"xmlns":"http://schemas.microsoft.com/win/2004/08/events/event"},"Event":{"System":{"Provider_attributes":{"Name":"Microsoft-Windows-Security-Auditing","Guid":"54849625-5478-4994-A5BA-3E3B0328C30D"},"EventID":5447,"Version":0,"Level":0,"Task":13573,"Opcode":0,"Keywords":"0x8020000000000000","TimeCreated_attributes":{"SystemTime":"2021-06-03T19:17:47.801113Z"},"EventRecordID":1966187,"Correlation_attributes":{"ActivityID":"38068009-512D-0000-1D80-06382D51D701"},"Execution_attributes":{"ProcessID":556,"ThreadID":2532},"Channel":"Security","Computer":"fs01.offsec.lan","Security":null},"EventData":{"ProcessId":1000,"UserSid":"S-1-5-19","UserName":"NT AUTHORITY\\LOCAL SERVICE","ProviderKey":"4B153735-1049-4480-AAB4-D1B9BDC03710","ProviderName":"Microsoft Corporation","ChangeType":"%%16384","FilterKey":"3079745F-1860-4513-8377-0D4DA61F4062","FilterName":"Allow outbound LDAP traffic from SearchIndexer","FilterType":"%%16388","FilterId":72397,"LayerKey":"C38D57D1-05A7-4C33-904F-7FBCEEE60E82","LayerName":"ALE Connect v4 Layer","LayerId":48,"Weight":424342768844800,"Conditions":"\n\tCondition ID:\t{d78e1e87-8644-4ea5-9437-d809ecefc971}\n\tMatch value:\tEqual to\n\tCondition value:\t\n    00000000  5c 00 64 00 65 00 76 00-69 00 63 00 65 00 5c 00  \\.d.e.v.i.c.e.\\.\n    00000010  68 00 61 00 72 00 64 00-64 00 69 00 73 00 6b 00  h.a.r.d.d.i.s.k.\n    00000020  76 00 6f 00 6c 00 75 00-6d 00 65 00 34 00 5c 00  v.o.l.u.m.e.4.\\.\n    00000030  77 00 69 00 6e 00 64 00-6f 00 77 00 73 00 5c 00  w.i.n.d.o.w.s.\\.\n    00000040  73 00 79 00 73 00 74 00-65 00 6d 00 33 00 32 00  s.y.s.t.e.m.3.2.\n    00000050  5c 00 73 00 65 00 61 00-72 00 63 00 68 00 69 00  \\.s.e.a.r.c.h.i.\n    00000060  6e 00 64 00 65 00 78 00-65 00 72 00 2e 00 65 00  n.d.e.x.e.r...e.\n    00000070  78 00 65 00 00 00                                x.e...\n\n\n\tCondition ID:\t{af043a0a-b34d-4f86-979c-c90371af6e66}\n\tMatch value:\tEqual to\n\tCondition value:\t\nO:SYG:SYD:(A;;CCRC;;;S-1-5-80-117416528-2204451360-1913602512-1355018040-1234992034)\n\n\n\tCondition ID:\t{3971ef2b-623e-4f9a-8cb1-6e79b806b9a7}\n\tMatch value:\tEqual to\n\tCondition value:\t0x06\n\n\tCondition ID:\t{c35a604d-d22b-4e1a-91b4-68f674ee674b}\n\tMatch value:\tEqual to\n\tCondition value:\t0x0185\n","Action":"%%16390","CalloutKey":"00000000-0000-0000-0000-000000000000","CalloutName":"-"}}}
{"Event_attributes":{"xmlns":"http://schemas.microsoft.com/win/2004/08/events/event"},"Event":{"System":{"Provider_attributes":{"Name":"Microsoft-Windows-Security-Auditing","Guid":"54849625-5478-4994-A5BA-3E3B0328C30D"},"EventID":5447,"Version":0,"Level":0,"Task":13573,"Opcode":0,"Keywords":"0x8020000000000000","TimeCreated_attributes":{"SystemTime":"2021-06-03T19:17:47.801246Z"},"EventRecordID":1966188,"Correlation_attributes":{"ActivityID":"38068009-512D-0000-1D80-06382D51D701"},"Execution_attributes":{"ProcessID":556,"ThreadID":2532},"Channel":"Security","Computer":"fs01.offsec.lan","Security":null},"EventData":{"ProcessId":1000,"UserSid":"S-1-5-19","UserName":"NT AUTHORITY\\LOCAL SERVICE","ProviderKey":"4B153735-1049-4480-AAB4-D1B9BDC03710","ProviderName":"Microsoft Corporation","ChangeType":"%%16384","FilterKey":"02E1671C-1414-4DDE-956C-52E3EE97C16E","FilterName":"Allow outbound LDAP traffic from SearchIndexer","FilterType":"%%16388","FilterId":72398,"LayerKey":"4A72393B-319F-44BC-84C3-BA54DCB3B6B4","LayerName":"ALE Connect v6 Layer","LayerId":50,"Weight":106085692211200,"Conditions":"\n\tCondition ID:\t{d78e1e87-8644-4ea5-9437-d809ecefc971}\n\tMatch value:\tEqual to\n\tCondition value:\t\n    00000000  5c 00 64 00 65 00 76 00-69 00 63 00 65 00 5c 00  \\.d.e.v.i.c.e.\\.\n    00000010  68 00 61 00 72 00 64 00-64 00 69 00 73 00 6b 00  h.a.r.d.d.i.s.k.\n    00000020  76 00 6f 00 6c 00 75 00-6d 00 65 00 34 00 5c 00  v.o.l.u.m.e.4.\\.\n    00000030  77 00 69 00 6e 00 64 00-6f 00 77 00 73 00 5c 00  w.i.n.d.o.w.s.\\.\n    00000040  73 00 79 00 73 00 74 00-65 00 6d 00 33 00 32 00  s.y.s.t.e.m.3.2.\n    00000050  5c 00 73 00 65 00 61 00-72 00 63 00 68 00 69 00  \\.s.e.a.r.c.h.i.\n    00000060  6e 00 64 00 65 00 78 00-65 00 72 00 2e 00 65 00  n.d.e.x.e.r...e.\n    00000070  78 00 65 00 00 00                                x.e...\n\n\n\tCondition ID:\t{af043a0a-b34d-4f86-979c-c90371af6e66}\n\tMatch value:\tEqual to\n\tCondition value:\t\nO:SYG:SYD:(A;;CCRC;;;S-1-5-80-117416528-2204451360-1913602512-1355018040-1234992034)\n\n\n\tCondition ID:\t{3971ef2b-623e-4f9a-8cb1-6e79b806b9a7}\n\tMatch value:\tEqual to\n\tCondition value:\t0x06\n\n\tCondition ID:\t{c35a604d-d22b-4e1a-91b4-68f674ee674b}\n\tMatch value:\tEqual to\n\tCondition value:\t0x0185\n","Action":"%%16390","CalloutKey":"00000000-0000-0000-0000-000000000000","CalloutName":"-"}}}
{"Event_attributes":{"xmlns":"http://schemas.microsoft.com/win/2004/08/events/event"},"Event":{"System":{"Provider_attributes":{"Name":"Microsoft-Windows-Security-Auditing","Guid":"54849625-5478-4994-A5BA-3E3B0328C30D"},"EventID":5447,"Version":0,"Level":0,"Task":13573,"Opcode":0,"Keywords":"0x8020000000000000","TimeCreated_attributes":{"SystemTime":"2021-06-03T19:17:47.801357Z"},"EventRecordID":1966189,"Correlation_attributes":{"ActivityID":"38068009-512D-0000-1D80-06382D51D701"},"Execution_attributes":{"ProcessID":556,"ThreadID":2532},"Channel":"Security","Computer":"fs01.offsec.lan","Security":null},"EventData":{"ProcessId":1000,"UserSid":"S-1-5-19","UserName":"NT AUTHORITY\\LOCAL SERVICE","ProviderKey":"4B153735-1049-4480-AAB4-D1B9BDC03710","ProviderName":"Microsoft Corporation","ChangeType":"%%16384","FilterKey":"B3A09287-B7CC-4B5D-9F29-AC473A5256F2","FilterName":"Allow inbound traffic to SearchProtocolHost","FilterType":"%%16388","FilterId":72399,"LayerKey":"E1CD9FE7-F4B5-4273-96C0-592E487B8650","LayerName":"ALE Receive/Accept v4 Layer","LayerId":44,"Weight":549755813888,"Conditions":"\n\tCondition ID:\t{d78e1e87-8644-4ea5-9437-d809ecefc971}\n\tMatch value:\tEqual to\n\tCondition value:\t\n    00000000  5c 00 64 00 65 00 76 00-69 00 63 00 65 00 5c 00  \\.d.e.v.i.c.e.\\.\n    00000010  68 00 61 00 72 00 64 00-64 00 69 00 73 00 6b 00  h.a.r.d.d.i.s.k.\n    00000020  76 00 6f 00 6c 00 75 00-6d 00 65 00 34 00 5c 00  v.o.l.u.m.e.4.\\.\n    00000030  77 00 69 00 6e 00 64 00-6f 00 77 00 73 00 5c 00  w.i.n.d.o.w.s.\\.\n    00000040  73 00 79 00 73 00 74 00-65 00 6d 00 33 00 32 00  s.y.s.t.e.m.3.2.\n    00000050  5c 00 73 00 65 00 61 00-72 00 63 00 68 00 70 00  \\.s.e.a.r.c.h.p.\n    00000060  72 00 6f 00 74 00 6f 00-63 00 6f 00 6c 00 68 00  r.o.t.o.c.o.l.h.\n    00000070  6f 00 73 00 74 00 2e 00-65 00 78 00 65 00 00 00  o.s.t...e.x.e...\n\n","Action":"%%16390","CalloutKey":"00000000-0000-0000-0000-000000000000","CalloutName":"-"}}}
{"Event_attributes":{"xmlns":"http://schemas.microsoft.com/win/2004/08/events/event"},"Event":{"System":{"Provider_attributes":{"Name":"Microsoft-Windows-Security-Auditing","Guid":"54849625-5478-4994-A5BA-3E3B0328C30D"},"EventID":5447,"Version":0,"Level":0,"Task":13573,"Opcode":0,"Keywords":"0x8020000000000000","TimeCreated_attributes":{"SystemTime":"2021-06-03T19:17:47.801489Z"},"EventRecordID":1966190,"Correlation_attributes":{"ActivityID":"38068009-512D-0000-1D80-06382D51D701"},"Execution_attributes":{"ProcessID":556,"ThreadID":2532},"Channel":"Security","Computer":"fs01.offsec.lan","Security":null},"EventData":{"ProcessId":1000,"UserSid":"S-1-5-19","UserName":"NT AUTHORITY\\LOCAL SERVICE","ProviderKey":"4B153735-1049-4480-AAB4-D1B9BDC03710","ProviderName":"Microsoft Corporation","ChangeType":"%%16384","FilterKey":"8FA64EF3-890C-45A1-BF59-F057F24820FF","FilterName":"Allow inbound traffic to SearchProtocolHost","FilterType":"%%16388","FilterId":72400,"LayerKey":"A3B42C97-9F04-4672-B87E-CEE9C483257F","LayerName":"ALE Receive/Accept v6 Layer","LayerId":46,"Weight":137438953472,"Conditions":"\n\tCondition ID:\t{d78e1e87-8644-4ea5-9437-d809ecefc971}\n\tMatch value:\tEqual to\n\tCondition value:\t\n    00000000  5c 00 64 00 65 00 76 00-69 00 63 00 65 00 5c 00  \\.d.e.v.i.c.e.\\.\n    00000010  68 00 61 00 72 00 64 00-64 00 69 00 73 00 6b 00  h.a.r.d.d.i.s.k.\n    00000020  76 00 6f 00 6c 00 75 00-6d 00 65 00 34 00 5c 00  v.o.l.u.m.e.4.\\.\n    00000030  77 00 69 00 6e 00 64 00-6f 00 77 00 73 00 5c 00  w.i.n.d.o.w.s.\\.\n    00000040  73 00 79 00 73 00 74 00-65 00 6d 00 33 00 32 00  s.y.s.t.e.m.3.2.\n    00000050  5c 00 73 00 65 00 61 00-72 00 63 00 68 00 70 00  \\.s.e.a.r.c.h.p.\n    00000060  72 00 6f 00 74 00 6f 00-63 00 6f 00 6c 00 68 00  r.o.t.o.c.o.l.h.\n    00000070  6f 00 73 00 74 00 2e 00-65 00 78 00 65 00 00 00  o.s.t...e.x.e...\n\n","Action":"%%16390","CalloutKey":"00000000-0000-0000-0000-000000000000","CalloutName":"-"}}}
{"Event_attributes":{"xmlns":"http://schemas.microsoft.com/win/2004/08/events/event"},"Event":{"System":{"Provider_attributes":{"Name":"Microsoft-Windows-Security-Auditing","Guid":"54849625-5478-4994-A5BA-3E3B0328C30D"},"EventID":5447,"Version":0,"Level":0,"Task":13573,"Opcode":0,"Keywords":"0x8020000000000000","TimeCreated_attributes":{"SystemTime":"2021-06-03T19:17:47.801607Z"},"EventRecordID":1966191,"Correlation_attributes":{"ActivityID":"38068009-512D-0000-1D80-06382D51D701"},"Execution_attributes":{"ProcessID":556,"ThreadID":2532},"Channel":"Security","Computer":"fs01.offsec.lan","Security":null},"EventData":{"ProcessId":1000,"UserSid":"S-1-5-19","UserName":"NT AUTHORITY\\LOCAL SERVICE","ProviderKey":"4B153735-1049-4480-AAB4-D1B9BDC03710","ProviderName":"Microsoft Corporation","ChangeType":"%%16384","FilterKey":"AA91FAF9-7067-4E56-95BB-AFA6FB89DCD7","FilterName":"Allow outbound traffic from SearchProtocolHost","FilterType":"%%16388","FilterId":72401,"LayerKey":"C38D57D1-05A7-4C33-904F-7FBCEEE60E82","LayerName":"ALE Connect v4 Layer","LayerId":48,"Weight":137438953472,"Conditions":"\n\tCondition ID:\t{d78e1e87-8644-4ea5-9437-d809ecefc971}\n\tMatch value:\tEqual to\n\tCondition value:\t\n    00000000  5c 00 64 00 65 00 76 00-69 00 63 00 65 00 5c 00  \\.d.e.v.i.c.e.\\.\n    00000010  68 00 61 00 72 00 64 00-64 00 69 00 73 00 6b 00  h.a.r.d.d.i.s.k.\n    00000020  76 00 6f 00 6c 00 75 00-6d 00 65 00 34 00 5c 00  v.o.l.u.m.e.4.\\.\n    00000030  77 00 69 00 6e 00 64 00-6f 00 77 00 73 00 5c 00  w.i.n.d.o.w.s.\\.\n    00000040  73 00 79 00 73 00 74 00-65 00 6d 00 33 00 32 00  s.y.s.t.e.m.3.2.\n    00000050  5c 00 73 00 65 00 61 00-72 00 63 00 68 00 70 00  \\.s.e.a.r.c.h.p.\n    00000060  72 00 6f 00 74 00 6f 00-63 00 6f 00 6c 00 68 00  r.o.t.o.c.o.l.h.\n    00000070  6f 00 73 00 74 00 2e 00-65 00 78 00 65 00 00 00  o.s.t...e.x.e...\n\n","Action":"%%16390","CalloutKey":"00000000-0000-0000-0000-000000000000","CalloutName":"-"}}}
{"Event_attributes":{"xmlns":"http://schemas.microsoft.com/win/2004/08/events/event"},"Event":{"System":{"Provider_attributes":{"Name":"Microsoft-Windows-Security-Auditing","Guid":"54849625-5478-4994-A5BA-3E3B0328C30D"},"EventID":5447,"Version":0,"Level":0,"Task":13573,"Opcode":0,"Keywords":"0x8020000000000000","TimeCreated_attributes":{"SystemTime":"2021-06-03T19:17:47.801715Z"},"EventRecordID":1966192,"Correlation_attributes":{"ActivityID":"38068009-512D-0000-1D80-06382D51D701"},"Execution_attributes":{"ProcessID":556,"ThreadID":2532},"Channel":"Security","Computer":"fs01.offsec.lan","Security":null},"EventData":{"ProcessId":1000,"UserSid":"S-1-5-19","UserName":"NT AUTHORITY\\LOCAL SERVICE","ProviderKey":"4B153735-1049-4480-AAB4-D1B9BDC03710","ProviderName":"Microsoft Corporation","ChangeType":"%%16384","FilterKey":"A3900D12-A458-49BB-86DD-8BC28F6E4116","FilterName":"Allow outbound traffic from SearchProtocolHost","FilterType":"%%16388","FilterId":72402,"LayerKey":"4A72393B-319F-44BC-84C3-BA54DCB3B6B4","LayerName":"ALE Connect v6 Layer","LayerId":50,"Weight":34359738368,"Conditions":"\n\tCondition ID:\t{d78e1e87-8644-4ea5-9437-d809ecefc971}\n\tMatch value:\tEqual to\n\tCondition value:\t\n    00000000  5c 00 64 00 65 00 76 00-69 00 63 00 65 00 5c 00  \\.d.e.v.i.c.e.\\.\n    00000010  68 00 61 00 72 00 64 00-64 00 69 00 73 00 6b 00  h.a.r.d.d.i.s.k.\n    00000020  76 00 6f 00 6c 00 75 00-6d 00 65 00 34 00 5c 00  v.o.l.u.m.e.4.\\.\n    00000030  77 00 69 00 6e 00 64 00-6f 00 77 00 73 00 5c 00  w.i.n.d.o.w.s.\\.\n    00000040  73 00 79 00 73 00 74 00-65 00 6d 00 33 00 32 00  s.y.s.t.e.m.3.2.\n    00000050  5c 00 73 00 65 00 61 00-72 00 63 00 68 00 70 00  \\.s.e.a.r.c.h.p.\n    00000060  72 00 6f 00 74 00 6f 00-63 00 6f 00 6c 00 68 00  r.o.t.o.c.o.l.h.\n    00000070  6f 00 73 00 74 00 2e 00-65 00 78 00 65 00 00 00  o.s.t...e.x.e...\n\n","Action":"%%16390","CalloutKey":"00000000-0000-0000-0000-000000000000","CalloutName":"-"}}}
{"Event_attributes":{"xmlns":"http://schemas.microsoft.com/win/2004/08/events/event"},"Event":{"System":{"Provider_attributes":{"Name":"Microsoft-Windows-Security-Auditing","Guid":"54849625-5478-4994-A5BA-3E3B0328C30D"},"EventID":5447,"Version":0,"Level":0,"Task":13573,"Opcode":0,"Keywords":"0x8020000000000000","TimeCreated_attributes":{"SystemTime":"2021-06-03T19:17:47.801840Z"},"EventRecordID":1966193,"Correlation_attributes":{"ActivityID":"38068009-512D-0000-1D80-06382D51D701"},"Execution_attributes":{"ProcessID":556,"ThreadID":2532},"Channel":"Security","Computer":"fs01.offsec.lan","Security":null},"EventData":{"ProcessId":1000,"UserSid":"S-1-5-19","UserName":"NT AUTHORITY\\LOCAL SERVICE","ProviderKey":"4B153735-1049-4480-AAB4-D1B9BDC03710","ProviderName":"Microsoft Corporation","ChangeType":"%%16384","FilterKey":"DAE71723-4486-4B7F-B7EC-91D592D24F2D","FilterName":"Allow inbound UDP traffic to SNMPTRAP service","FilterType":"%%16388","FilterId":72403,"LayerKey":"E1CD9FE7-F4B5-4273-96C0-592E487B8650","LayerName":"ALE Receive/Accept v4 Layer","LayerId":44,"Weight":1971149470695424,"Conditions":"\n\tCondition ID:\t{d78e1e87-8644-4ea5-9437-d809ecefc971}\n\tMatch value:\tEqual to\n\tCondition value:\t\n    00000000  5c 00 64 00 65 00 76 00-69 00 63 00 65 00 5c 00  \\.d.e.v.i.c.e.\\.\n    00000010  68 00 61 00 72 00 64 00-64 00 69 00 73 00 6b 00  h.a.r.d.d.i.s.k.\n    00000020  76 00 6f 00 6c 00 75 00-6d 00 65 00 34 00 5c 00  v.o.l.u.m.e.4.\\.\n    00000030  77 00 69 00 6e 00 64 00-6f 00 77 00 73 00 5c 00  w.i.n.d.o.w.s.\\.\n    00000040  73 00 79 00 73 00 74 00-65 00 6d 00 33 00 32 00  s.y.s.t.e.m.3.2.\n    00000050  5c 00 73 00 6e 00 6d 00-70 00 74 00 72 00 61 00  \\.s.n.m.p.t.r.a.\n    00000060  70 00 2e 00 65 00 78 00-65 00 00 00              p...e.x.e...\n\n\n\tCondition ID:\t{af043a0a-b34d-4f86-979c-c90371af6e66}\n\tMatch value:\tEqual to\n\tCondition value:\t\nO:SYG:SYD:(A;;CCRC;;;S-1-5-80-3964583643-2633443559-2834438935-3739664028-1580655619)\n\n\n\tCondition ID:\t{3971ef2b-623e-4f9a-8cb1-6e79b806b9a7}\n\tMatch value:\tEqual to\n\tCondition value:\t0x11\n","Action":"%%16390","CalloutKey":"00000000-0000-0000-0000-000000000000","CalloutName":"-"}}}
{"Event_attributes":{"xmlns":"http://schemas.microsoft.com/win/2004/08/events/event"},"Event":{"System":{"Provider_attributes":{"Name":"Microsoft-Windows-Security-Auditing","Guid":"54849625-5478-4994-A5BA-3E3B0328C30D"},"EventID":5447,"Version":0,"Level":0,"Task":13573,"Opcode":0,"Keywords":"0x8020000000000000","TimeCreated_attributes":{"SystemTime":"2021-06-03T19:17:47.801965Z"},"EventRecordID":1966194,"Correlation_attributes":{"ActivityID":"38068009-512D-0000-1D80-06382D51D701"},"Execution_attributes":{"ProcessID":556,"ThreadID":2532},"Channel":"Security","Computer":"fs01.offsec.lan","Security":null},"EventData":{"ProcessId":1000,"UserSid":"S-1-5-19","UserName":"NT AUTHORITY\\LOCAL SERVICE","ProviderKey":"4B153735-1049-4480-AAB4-D1B9BDC03710","ProviderName":"Microsoft Corporation","ChangeType":"%%16384","FilterKey":"3EA70DF0-6E91-41D0-B838-56A8D30CBFAC","FilterName":"Allow inbound UDP traffic to SNMPTRAP service","FilterType":"%%16388","FilterId":72404,"LayerKey":"A3B42C97-9F04-4672-B87E-CEE9C483257F","LayerName":"ALE Receive/Accept v6 Layer","LayerId":46,"Weight":211312390963200,"Conditions":"\n\tCondition ID:\t{d78e1e87-8644-4ea5-9437-d809ecefc971}\n\tMatch value:\tEqual to\n\tCondition value:\t\n    00000000  5c 00 64 00 65 00 76 00-69 00 63 00 65 00 5c 00  \\.d.e.v.i.c.e.\\.\n    00000010  68 00 61 00 72 00 64 00-64 00 69 00 73 00 6b 00  h.a.r.d.d.i.s.k.\n    00000020  76 00 6f 00 6c 00 75 00-6d 00 65 00 34 00 5c 00  v.o.l.u.m.e.4.\\.\n    00000030  77 00 69 00 6e 00 64 00-6f 00 77 00 73 00 5c 00  w.i.n.d.o.w.s.\\.\n    00000040  73 00 79 00 73 00 74 00-65 00 6d 00 33 00 32 00  s.y.s.t.e.m.3.2.\n    00000050  5c 00 73 00 6e 00 6d 00-70 00 74 00 72 00 61 00  \\.s.n.m.p.t.r.a.\n    00000060  70 00 2e 00 65 00 78 00-65 00 00 00              p...e.x.e...\n\n\n\tCondition ID:\t{af043a0a-b34d-4f86-979c-c90371af6e66}\n\tMatch value:\tEqual to\n\tCondition value:\t\nO:SYG:SYD:(A;;CCRC;;;S-1-5-80-3964583643-2633443559-2834438935-3739664028-1580655619)\n\n\n\tCondition ID:\t{3971ef2b-623e-4f9a-8cb1-6e79b806b9a7}\n\tMatch value:\tEqual to\n\tCondition value:\t0x11\n","Action":"%%16390","CalloutKey":"00000000-0000-0000-0000-000000000000","CalloutName":"-"}}}
{"Event_attributes":{"xmlns":"http://schemas.microsoft.com/win/2004/08/events/event"},"Event":{"System":{"Provider_attributes":{"Name":"Microsoft-Windows-Security-Auditing","Guid":"54849625-5478-4994-A5BA-3E3B0328C30D"},"EventID":5447,"Version":0,"Level":0,"Task":13573,"Opcode":0,"Keywords":"0x8020000000000000","TimeCreated_attributes":{"SystemTime":"2021-06-03T19:17:47.802107Z"},"EventRecordID":1966195,"Correlation_attributes":{"ActivityID":"38068009-512D-0000-1D80-06382D51D701"},"Execution_attributes":{"ProcessID":556,"ThreadID":2532},"Channel":"Security","Computer":"fs01.offsec.lan","Security":null},"EventData":{"ProcessId":1000,"UserSid":"S-1-5-19","UserName":"NT AUTHORITY\\LOCAL SERVICE","ProviderKey":"4B153735-1049-4480-AAB4-D1B9BDC03710","ProviderName":"Microsoft Corporation","ChangeType":"%%16384","FilterKey":"922033CA-AE3D-457F-AD7E-8AECF6CF3F0C","FilterName":"Allow all inbound TCP and RPC to SPPEXTCOMOBJ","FilterType":"%%16388","FilterId":72405,"LayerKey":"E1CD9FE7-F4B5-4273-96C0-592E487B8650","LayerName":"ALE Receive/Accept v4 Layer","LayerId":44,"Weight":1971149470695424,"Conditions":"\n\tCondition ID:\t{d78e1e87-8644-4ea5-9437-d809ecefc971}\n\tMatch value:\tEqual to\n\tCondition value:\t\n    00000000  5c 00 64 00 65 00 76 00-69 00 63 00 65 00 5c 00  \\.d.e.v.i.c.e.\\.\n    00000010  68 00 61 00 72 00 64 00-64 00 69 00 73 00 6b 00  h.a.r.d.d.i.s.k.\n    00000020  76 00 6f 00 6c 00 75 00-6d 00 65 00 34 00 5c 00  v.o.l.u.m.e.4.\\.\n    00000030  77 00 69 00 6e 00 64 00-6f 00 77 00 73 00 5c 00  w.i.n.d.o.w.s.\\.\n    00000040  73 00 79 00 73 00 74 00-65 00 6d 00 33 00 32 00  s.y.s.t.e.m.3.2.\n    00000050  5c 00 73 00 70 00 70 00-65 00 78 00 74 00 63 00  \\.s.p.p.e.x.t.c.\n    00000060  6f 00 6d 00 6f 00 62 00-6a 00 2e 00 65 00 78 00  o.m.o.b.j...e.x.\n    00000070  65 00 00 00                                      e...\n\n\n\tCondition ID:\t{af043a0a-b34d-4f86-979c-c90371af6e66}\n\tMatch value:\tEqual to\n\tCondition value:\t\nO:SYG:SYD:(A;;CCRC;;;S-1-5-80-3895724531-1583119856-3186271294-3795977770-3211684703)\n\n\n\tCondition ID:\t{3971ef2b-623e-4f9a-8cb1-6e79b806b9a7}\n\tMatch value:\tEqual to\n\tCondition value:\t0x06\n","Action":"%%16390","CalloutKey":"00000000-0000-0000-0000-000000000000","CalloutName":"-"}}}
{"Event_attributes":{"xmlns":"http://schemas.microsoft.com/win/2004/08/events/event"},"Event":{"System":{"Provider_attributes":{"Name":"Microsoft-Windows-Security-Auditing","Guid":"54849625-5478-4994-A5BA-3E3B0328C30D"},"EventID":5447,"Version":0,"Level":0,"Task":13573,"Opcode":0,"Keywords":"0x8020000000000000","TimeCreated_attributes":{"SystemTime":"2021-06-03T19:17:47.802234Z"},"EventRecordID":1966196,"Correlation_attributes":{"ActivityID":"38068009-512D-0000-1D80-06382D51D701"},"Execution_attributes":{"ProcessID":556,"ThreadID":2532},"Channel":"Security","Computer":"fs01.offsec.lan","Security":null},"EventData":{"ProcessId":1000,"UserSid":"S-1-5-19","UserName":"NT AUTHORITY\\LOCAL SERVICE","ProviderKey":"4B153735-1049-4480-AAB4-D1B9BDC03710","ProviderName":"Microsoft Corporation","ChangeType":"%%16384","FilterKey":"974102D4-A6F1-4D14-972D-56AC1D208741","FilterName":"Allow all inbound TCP and RPC to SPPEXTCOMOBJ","FilterType":"%%16388","FilterId":72406,"LayerKey":"A3B42C97-9F04-4672-B87E-CEE9C483257F","LayerName":"ALE Receive/Accept v6 Layer","LayerId":46,"Weight":211312390963200,"Conditions":"\n\tCondition ID:\t{d78e1e87-8644-4ea5-9437-d809ecefc971}\n\tMatch value:\tEqual to\n\tCondition value:\t\n    00000000  5c 00 64 00 65 00 76 00-69 00 63 00 65 00 5c 00  \\.d.e.v.i.c.e.\\.\n    00000010  68 00 61 00 72 00 64 00-64 00 69 00 73 00 6b 00  h.a.r.d.d.i.s.k.\n    00000020  76 00 6f 00 6c 00 75 00-6d 00 65 00 34 00 5c 00  v.o.l.u.m.e.4.\\.\n    00000030  77 00 69 00 6e 00 64 00-6f 00 77 00 73 00 5c 00  w.i.n.d.o.w.s.\\.\n    00000040  73 00 79 00 73 00 74 00-65 00 6d 00 33 00 32 00  s.y.s.t.e.m.3.2.\n    00000050  5c 00 73 00 70 00 70 00-65 00 78 00 74 00 63 00  \\.s.p.p.e.x.t.c.\n    00000060  6f 00 6d 00 6f 00 62 00-6a 00 2e 00 65 00 78 00  o.m.o.b.j...e.x.\n    00000070  65 00 00 00                                      e...\n\n\n\tCondition ID:\t{af043a0a-b34d-4f86-979c-c90371af6e66}\n\tMatch value:\tEqual to\n\tCondition value:\t\nO:SYG:SYD:(A;;CCRC;;;S-1-5-80-3895724531-1583119856-3186271294-3795977770-3211684703)\n\n\n\tCondition ID:\t{3971ef2b-623e-4f9a-8cb1-6e79b806b9a7}\n\tMatch value:\tEqual to\n\tCondition value:\t0x06\n","Action":"%%16390","CalloutKey":"00000000-0000-0000-0000-000000000000","CalloutName":"-"}}}
{"Event_attributes":{"xmlns":"http://schemas.microsoft.com/win/2004/08/events/event"},"Event":{"System":{"Provider_attributes":{"Name":"Microsoft-Windows-Security-Auditing","Guid":"54849625-5478-4994-A5BA-3E3B0328C30D"},"EventID":5447,"Version":0,"Level":0,"Task":13573,"Opcode":0,"Keywords":"0x8020000000000000","TimeCreated_attributes":{"SystemTime":"2021-06-03T19:17:47.803231Z"},"EventRecordID":1966197,"Correlation_attributes":{"ActivityID":"38068009-512D-0000-1D80-06382D51D701"},"Execution_attributes":{"ProcessID":556,"ThreadID":2532},"Channel":"Security","Computer":"fs01.offsec.lan","Security":null},"EventData":{"ProcessId":1000,"UserSid":"S-1-5-19","UserName":"NT AUTHORITY\\LOCAL SERVICE","ProviderKey":"4B153735-1049-4480-AAB4-D1B9BDC03710","ProviderName":"Microsoft Corporation","ChangeType":"%%16384","FilterKey":"44D009D8-E163-4523-8357-1DDD455FC906","FilterName":"Allow all outbound TCP and RPC from SPPEXTCOMOBJ","FilterType":"%%16388","FilterId":72407,"LayerKey":"C38D57D1-05A7-4C33-904F-7FBCEEE60E82","LayerName":"ALE Connect v4 Layer","LayerId":48,"Weight":422418623496192,"Conditions":"\n\tCondition ID:\t{d78e1e87-8644-4ea5-9437-d809ecefc971}\n\tMatch value:\tEqual to\n\tCondition value:\t\n    00000000  5c 00 64 00 65 00 76 00-69 00 63 00 65 00 5c 00  \\.d.e.v.i.c.e.\\.\n    00000010  68 00 61 00 72 00 64 00-64 00 69 00 73 00 6b 00  h.a.r.d.d.i.s.k.\n    00000020  76 00 6f 00 6c 00 75 00-6d 00 65 00 34 00 5c 00  v.o.l.u.m.e.4.\\.\n    00000030  77 00 69 00 6e 00 64 00-6f 00 77 00 73 00 5c 00  w.i.n.d.o.w.s.\\.\n    00000040  73 00 79 00 73 00 74 00-65 00 6d 00 33 00 32 00  s.y.s.t.e.m.3.2.\n    00000050  5c 00 73 00 70 00 70 00-65 00 78 00 74 00 63 00  \\.s.p.p.e.x.t.c.\n    00000060  6f 00 6d 00 6f 00 62 00-6a 00 2e 00 65 00 78 00  o.m.o.b.j...e.x.\n    00000070  65 00 00 00                                      e...\n\n\n\tCondition ID:\t{af043a0a-b34d-4f86-979c-c90371af6e66}\n\tMatch value:\tEqual to\n\tCondition value:\t\nO:SYG:SYD:(A;;CCRC;;;S-1-5-80-3895724531-1583119856-3186271294-3795977770-3211684703)\n\n\n\tCondition ID:\t{3971ef2b-623e-4f9a-8cb1-6e79b806b9a7}\n\tMatch value:\tEqual to\n\tCondition value:\t0x06\n","Action":"%%16390","CalloutKey":"00000000-0000-0000-0000-000000000000","CalloutName":"-"}}}
{"Event_attributes":{"xmlns":"http://schemas.microsoft.com/win/2004/08/events/event"},"Event":{"System":{"Provider_attributes":{"Name":"Microsoft-Windows-Security-Auditing","Guid":"54849625-5478-4994-A5BA-3E3B0328C30D"},"EventID":5447,"Version":0,"Level":0,"Task":13573,"Opcode":0,"Keywords":"0x8020000000000000","TimeCreated_attributes":{"SystemTime":"2021-06-03T19:17:47.803382Z"},"EventRecordID":1966198,"Correlation_attributes":{"ActivityID":"38068009-512D-0000-1D80-06382D51D701"},"Execution_attributes":{"ProcessID":556,"ThreadID":2532},"Channel":"Security","Computer":"fs01.offsec.lan","Security":null},"EventData":{"ProcessId":1000,"UserSid":"S-1-5-19","UserName":"NT AUTHORITY\\LOCAL SERVICE","ProviderKey":"4B153735-1049-4480-AAB4-D1B9BDC03710","ProviderName":"Microsoft Corporation","ChangeType":"%%16384","FilterKey":"A89393B5-52E9-4842-9E8D-02CA7196A0BF","FilterName":"Allow all outbound TCP and RPC from SPPEXTCOMOBJ","FilterType":"%%16388","FilterId":72408,"LayerKey":"4A72393B-319F-44BC-84C3-BA54DCB3B6B4","LayerName":"ALE Connect v6 Layer","LayerId":50,"Weight":105604655874048,"Conditions":"\n\tCondition ID:\t{d78e1e87-8644-4ea5-9437-d809ecefc971}\n\tMatch value:\tEqual to\n\tCondition value:\t\n    00000000  5c 00 64 00 65 00 76 00-69 00 63 00 65 00 5c 00  \\.d.e.v.i.c.e.\\.\n    00000010  68 00 61 00 72 00 64 00-64 00 69 00 73 00 6b 00  h.a.r.d.d.i.s.k.\n    00000020  76 00 6f 00 6c 00 75 00-6d 00 65 00 34 00 5c 00  v.o.l.u.m.e.4.\\.\n    00000030  77 00 69 00 6e 00 64 00-6f 00 77 00 73 00 5c 00  w.i.n.d.o.w.s.\\.\n    00000040  73 00 79 00 73 00 74 00-65 00 6d 00 33 00 32 00  s.y.s.t.e.m.3.2.\n    00000050  5c 00 73 00 70 00 70 00-65 00 78 00 74 00 63 00  \\.s.p.p.e.x.t.c.\n    00000060  6f 00 6d 00 6f 00 62 00-6a 00 2e 00 65 00 78 00  o.m.o.b.j...e.x.\n    00000070  65 00 00 00                                      e...\n\n\n\tCondition ID:\t{af043a0a-b34d-4f86-979c-c90371af6e66}\n\tMatch value:\tEqual to\n\tCondition value:\t\nO:SYG:SYD:(A;;CCRC;;;S-1-5-80-3895724531-1583119856-3186271294-3795977770-3211684703)\n\n\n\tCondition ID:\t{3971ef2b-623e-4f9a-8cb1-6e79b806b9a7}\n\tMatch value:\tEqual to\n\tCondition value:\t0x06\n","Action":"%%16390","CalloutKey":"00000000-0000-0000-0000-000000000000","CalloutName":"-"}}}
{"Event_attributes":{"xmlns":"http://schemas.microsoft.com/win/2004/08/events/event"},"Event":{"System":{"Provider_attributes":{"Name":"Microsoft-Windows-Security-Auditing","Guid":"54849625-5478-4994-A5BA-3E3B0328C30D"},"EventID":5447,"Version":0,"Level":0,"Task":13573,"Opcode":0,"Keywords":"0x8020000000000000","TimeCreated_attributes":{"SystemTime":"2021-06-03T19:17:47.803513Z"},"EventRecordID":1966199,"Correlation_attributes":{"ActivityID":"38068009-512D-0000-1D80-06382D51D701"},"Execution_attributes":{"ProcessID":556,"ThreadID":2532},"Channel":"Security","Computer":"fs01.offsec.lan","Security":null},"EventData":{"ProcessId":1000,"UserSid":"S-1-5-19","UserName":"NT AUTHORITY\\LOCAL SERVICE","ProviderKey":"4B153735-1049-4480-AAB4-D1B9BDC03710","ProviderName":"Microsoft Corporation","ChangeType":"%%16384","FilterKey":"8DB5157A-3826-4F7C-91A2-91FA45DA0409","FilterName":"TermServiceLOM","FilterType":"%%16388","FilterId":72409,"LayerKey":"E1CD9FE7-F4B5-4273-96C0-592E487B8650","LayerName":"ALE Receive/Accept v4 Layer","LayerId":44,"Weight":1971149470695424,"Conditions":"\n\tCondition ID:\t{d78e1e87-8644-4ea5-9437-d809ecefc971}\n\tMatch value:\tEqual to\n\tCondition value:\t\n    00000000  5c 00 64 00 65 00 76 00-69 00 63 00 65 00 5c 00  \\.d.e.v.i.c.e.\\.\n    00000010  68 00 61 00 72 00 64 00-64 00 69 00 73 00 6b 00  h.a.r.d.d.i.s.k.\n    00000020  76 00 6f 00 6c 00 75 00-6d 00 65 00 34 00 5c 00  v.o.l.u.m.e.4.\\.\n    00000030  77 00 69 00 6e 00 64 00-6f 00 77 00 73 00 5c 00  w.i.n.d.o.w.s.\\.\n    00000040  73 00 79 00 73 00 74 00-65 00 6d 00 33 00 32 00  s.y.s.t.e.m.3.2.\n    00000050  5c 00 73 00 76 00 63 00-68 00 6f 00 73 00 74 00  \\.s.v.c.h.o.s.t.\n    00000060  2e 00 65 00 78 00 65 00-00 00                    ..e.x.e...\n\n\n\tCondition ID:\t{af043a0a-b34d-4f86-979c-c90371af6e66}\n\tMatch value:\tEqual to\n\tCondition value:\t\nO:SYG:SYD:(A;;CCRC;;;S-1-5-80-446051430-1559341753-4161941529-1950928533-810483104)\n\n\n\tCondition ID:\t{3971ef2b-623e-4f9a-8cb1-6e79b806b9a7}\n\tMatch value:\tEqual to\n\tCondition value:\t0x11\n","Action":"%%16390","CalloutKey":"00000000-0000-0000-0000-000000000000","CalloutName":"-"}}}
{"Event_attributes":{"xmlns":"http://schemas.microsoft.com/win/2004/08/events/event"},"Event":{"System":{"Provider_attributes":{"Name":"Microsoft-Windows-Security-Auditing","Guid":"54849625-5478-4994-A5BA-3E3B0328C30D"},"EventID":5447,"Version":0,"Level":0,"Task":13573,"Opcode":0,"Keywords":"0x8020000000000000","TimeCreated_attributes":{"SystemTime":"2021-06-03T19:17:47.803646Z"},"EventRecordID":1966200,"Correlation_attributes":{"ActivityID":"38068009-512D-0000-1D80-06382D51D701"},"Execution_attributes":{"ProcessID":556,"ThreadID":2532},"Channel":"Security","Computer":"fs01.offsec.lan","Security":null},"EventData":{"ProcessId":1000,"UserSid":"S-1-5-19","UserName":"NT AUTHORITY\\LOCAL SERVICE","ProviderKey":"4B153735-1049-4480-AAB4-D1B9BDC03710","ProviderName":"Microsoft Corporation","ChangeType":"%%16384","FilterKey":"F83966E4-101B-4645-9E68-F97871C34504","FilterName":"TermServiceLOM","FilterType":"%%16388","FilterId":72410,"LayerKey":"E1CD9FE7-F4B5-4273-96C0-592E487B8650","LayerName":"ALE Receive/Accept v4 Layer","LayerId":44,"Weight":18446744073709551615,"Conditions":"\n\tCondition ID:\t{d78e1e87-8644-4ea5-9437-d809ecefc971}\n\tMatch value:\tEqual to\n\tCondition value:\t\n    00000000  5c 00 64 00 65 00 76 00-69 00 63 00 65 00 5c 00  \\.d.e.v.i.c.e.\\.\n    00000010  68 00 61 00 72 00 64 00-64 00 69 00 73 00 6b 00  h.a.r.d.d.i.s.k.\n    00000020  76 00 6f 00 6c 00 75 00-6d 00 65 00 34 00 5c 00  v.o.l.u.m.e.4.\\.\n    00000030  77 00 69 00 6e 00 64 00-6f 00 77 00 73 00 5c 00  w.i.n.d.o.w.s.\\.\n    00000040  73 00 79 00 73 00 74 00-65 00 6d 00 33 00 32 00  s.y.s.t.e.m.3.2.\n    00000050  5c 00 73 00 76 00 63 00-68 00 6f 00 73 00 74 00  \\.s.v.c.h.o.s.t.\n    00000060  2e 00 65 00 78 00 65 00-00 00                    ..e.x.e...\n\n\n\tCondition ID:\t{af043a0a-b34d-4f86-979c-c90371af6e66}\n\tMatch value:\tEqual to\n\tCondition value:\t\nO:SYG:SYD:(A;;CCRC;;;S-1-5-80-446051430-1559341753-4161941529-1950928533-810483104)\n\n\n\tCondition ID:\t{3971ef2b-623e-4f9a-8cb1-6e79b806b9a7}\n\tMatch value:\tEqual to\n\tCondition value:\t0x11\n","Action":"%%16391","CalloutKey":"2D55F008-0C01-4F92-B26E-A08A94569B8D","CalloutName":"WFP Built-in Set Option ALE Receive/Accept v4 Layer Callout"}}}
{"Event_attributes":{"xmlns":"http://schemas.microsoft.com/win/2004/08/events/event"},"Event":{"System":{"Provider_attributes":{"Name":"Microsoft-Windows-Security-Auditing","Guid":"54849625-5478-4994-A5BA-3E3B0328C30D"},"EventID":5447,"Version":0,"Level":0,"Task":13573,"Opcode":0,"Keywords":"0x8020000000000000","TimeCreated_attributes":{"SystemTime":"2021-06-03T19:17:47.803772Z"},"EventRecordID":1966201,"Correlation_attributes":{"ActivityID":"38068009-512D-0000-1D80-06382D51D701"},"Execution_attributes":{"ProcessID":556,"ThreadID":2532},"Channel":"Security","Computer":"fs01.offsec.lan","Security":null},"EventData":{"ProcessId":1000,"UserSid":"S-1-5-19","UserName":"NT AUTHORITY\\LOCAL SERVICE","ProviderKey":"4B153735-1049-4480-AAB4-D1B9BDC03710","ProviderName":"Microsoft Corporation","ChangeType":"%%16384","FilterKey":"0D4C2DF7-A8FE-4C54-8584-462FEDE8D340","FilterName":"TermServiceLOM","FilterType":"%%16388","FilterId":72411,"LayerKey":"A3B42C97-9F04-4672-B87E-CEE9C483257F","LayerName":"ALE Receive/Accept v6 Layer","LayerId":46,"Weight":211312390963200,"Conditions":"\n\tCondition ID:\t{d78e1e87-8644-4ea5-9437-d809ecefc971}\n\tMatch value:\tEqual to\n\tCondition value:\t\n    00000000  5c 00 64 00 65 00 76 00-69 00 63 00 65 00 5c 00  \\.d.e.v.i.c.e.\\.\n    00000010  68 00 61 00 72 00 64 00-64 00 69 00 73 00 6b 00  h.a.r.d.d.i.s.k.\n    00000020  76 00 6f 00 6c 00 75 00-6d 00 65 00 34 00 5c 00  v.o.l.u.m.e.4.\\.\n    00000030  77 00 69 00 6e 00 64 00-6f 00 77 00 73 00 5c 00  w.i.n.d.o.w.s.\\.\n    00000040  73 00 79 00 73 00 74 00-65 00 6d 00 33 00 32 00  s.y.s.t.e.m.3.2.\n    00000050  5c 00 73 00 76 00 63 00-68 00 6f 00 73 00 74 00  \\.s.v.c.h.o.s.t.\n    00000060  2e 00 65 00 78 00 65 00-00 00                    ..e.x.e...\n\n\n\tCondition ID:\t{af043a0a-b34d-4f86-979c-c90371af6e66}\n\tMatch value:\tEqual to\n\tCondition value:\t\nO:SYG:SYD:(A;;CCRC;;;S-1-5-80-446051430-1559341753-4161941529-1950928533-810483104)\n\n\n\tCondition ID:\t{3971ef2b-623e-4f9a-8cb1-6e79b806b9a7}\n\tMatch value:\tEqual to\n\tCondition value:\t0x11\n","Action":"%%16390","CalloutKey":"00000000-0000-0000-0000-000000000000","CalloutName":"-"}}}
{"Event_attributes":{"xmlns":"http://schemas.microsoft.com/win/2004/08/events/event"},"Event":{"System":{"Provider_attributes":{"Name":"Microsoft-Windows-Security-Auditing","Guid":"54849625-5478-4994-A5BA-3E3B0328C30D"},"EventID":5447,"Version":0,"Level":0,"Task":13573,"Opcode":0,"Keywords":"0x8020000000000000","TimeCreated_attributes":{"SystemTime":"2021-06-03T19:17:47.803901Z"},"EventRecordID":1966202,"Correlation_attributes":{"ActivityID":"38068009-512D-0000-1D80-06382D51D701"},"Execution_attributes":{"ProcessID":556,"ThreadID":2532},"Channel":"Security","Computer":"fs01.offsec.lan","Security":null},"EventData":{"ProcessId":1000,"UserSid":"S-1-5-19","UserName":"NT AUTHORITY\\LOCAL SERVICE","ProviderKey":"4B153735-1049-4480-AAB4-D1B9BDC03710","ProviderName":"Microsoft Corporation","ChangeType":"%%16384","FilterKey":"8D79AFFA-E29E-46FA-84D9-C81E82E99A59","FilterName":"TermServiceLOM","FilterType":"%%16388","FilterId":72412,"LayerKey":"A3B42C97-9F04-4672-B87E-CEE9C483257F","LayerName":"ALE Receive/Accept v6 Layer","LayerId":46,"Weight":18446744073709551615,"Conditions":"\n\tCondition ID:\t{d78e1e87-8644-4ea5-9437-d809ecefc971}\n\tMatch value:\tEqual to\n\tCondition value:\t\n    00000000  5c 00 64 00 65 00 76 00-69 00 63 00 65 00 5c 00  \\.d.e.v.i.c.e.\\.\n    00000010  68 00 61 00 72 00 64 00-64 00 69 00 73 00 6b 00  h.a.r.d.d.i.s.k.\n    00000020  76 00 6f 00 6c 00 75 00-6d 00 65 00 34 00 5c 00  v.o.l.u.m.e.4.\\.\n    00000030  77 00 69 00 6e 00 64 00-6f 00 77 00 73 00 5c 00  w.i.n.d.o.w.s.\\.\n    00000040  73 00 79 00 73 00 74 00-65 00 6d 00 33 00 32 00  s.y.s.t.e.m.3.2.\n    00000050  5c 00 73 00 76 00 63 00-68 00 6f 00 73 00 74 00  \\.s.v.c.h.o.s.t.\n    00000060  2e 00 65 00 78 00 65 00-00 00                    ..e.x.e...\n\n\n\tCondition ID:\t{af043a0a-b34d-4f86-979c-c90371af6e66}\n\tMatch value:\tEqual to\n\tCondition value:\t\nO:SYG:SYD:(A;;CCRC;;;S-1-5-80-446051430-1559341753-4161941529-1950928533-810483104)\n\n\n\tCondition ID:\t{3971ef2b-623e-4f9a-8cb1-6e79b806b9a7}\n\tMatch value:\tEqual to\n\tCondition value:\t0x11\n","Action":"%%16391","CalloutKey":"63018537-F281-4DC4-83D3-8DEC18B7ADE2","CalloutName":"WFP Built-in Set Option ALE Receive/Accept v6 Layer Callout"}}}
