{"Event_attributes":{"xmlns":"http://schemas.microsoft.com/win/2004/08/events/event"},"Event":{"System":{"Provider_attributes":{"Name":"Microsoft-Windows-Security-Auditing","Guid":"54849625-5478-4994-A5BA-3E3B0328C30D"},"EventID":5447,"Version":0,"Level":0,"Task":13573,"Opcode":0,"Keywords":"0x8020000000000000","TimeCreated_attributes":{"SystemTime":"2021-06-03T19:17:46.777298Z"},"EventRecordID":1965715,"Correlation_attributes":{"ActivityID":"38068009-512D-0000-1D80-06382D51D701"},"Execution_attributes":{"ProcessID":556,"ThreadID":2532},"Channel":"Security","Computer":"fs01.offsec.lan","Security":null},"EventData":{"ProcessId":1000,"UserSid":"S-1-5-19","UserName":"NT AUTHORITY\\LOCAL SERVICE","ProviderKey":"4B153735-1049-4480-AAB4-D1B9BDC03710","ProviderName":"Microsoft Corporation","ChangeType":"%%16384","FilterKey":"2E65C4F2-4729-431B-B89E-90FBA241C6F5","FilterName":"Allow outbound TCP traffic for vmicheartbeat","FilterType":"%%16388","FilterId":72174,"LayerKey":"4A72393B-319F-44BC-84C3-BA54DCB3B6B4","LayerName":"ALE Connect v6 Layer","LayerId":50,"Weight":105604655874048,"Conditions":"\n\tCondition ID:\t{d78e1e87-8644-4ea5-9437-d809ecefc971}\n\tMatch value:\tEqual to\n\tCondition value:\t\n    00000000  5c 00 64 00 65 00 76 00-69 00 63 00 65 00 5c 00  \\.d.e.v.i.c.e.\\.\n    00000010  68 00 61 00 72 00 64 00-64 00 69 00 73 00 6b 00  h.a.r.d.d.i.s.k.\n    00000020  76 00 6f 00 6c 00 75 00-6d 00 65 00 34 00 5c 00  v.o.l.u.m.e.4.\\.\n    00000030  77 00 69 00 6e 00 64 00-6f 00 77 00 73 00 5c 00  w.i.n.d.o.w.s.\\.\n    00000040  73 00 79 00 73 00 74 00-65 00 6d 00 33 00 32 00  s.y.s.t.e.m.3.2.\n    00000050  5c 00 73 00 76 00 63 00-68 00 6f 00 73 00 74 00  \\.s.v.c.h.o.s.t.\n    00000060  2e 00 65 00 78 00 65 00-00 00                    ..e.x.e...\n\n\n\tCondition ID:\t{af043a0a-b34d-4f86-979c-c90371af6e66}\n\tMatch value:\tEqual to\n\tCondition value:\t\nO:SYG:SYD:(A;;CCRC;;;S-1-5-80-534935901-3437432317-481271085-1710633381-983106267)\n\n\n\tCondition ID:\t{3971ef2b-623e-4f9a-8cb1-6e79b806b9a7}\n\tMatch value:\tEqual to\n\tCondition value:\t0x06\n","Action":"%%16390","CalloutKey":"00000000-0000-0000-0000-000000000000","CalloutName":"-"}}}
{"Event_attributes":{"xmlns":"http://schemas.microsoft.com/win/2004/08/events/event"},"Event":{"System":{"Provider_attributes":{"Name":"Microsoft-Windows-Security-Auditing","Guid":"54849625-5478-4994-A5BA-3E3B0328C30D"},"EventID":5447,"Version":0,"Level":0,"Task":13573,"Opcode":0,"Keywords":"0x8020000000000000","TimeCreated_attributes":{"SystemTime":"2021-06-03T19:17:46.777327Z"},"EventRecordID":1965716,"Correlation_attributes":{"ActivityID":"38068009-512D-0000-1D80-06382D51D701"},"Execution_attributes":{"ProcessID":556,"ThreadID":2532},"Channel":"Security","Computer":"fs01.offsec.lan","Security":null},"EventData":{"ProcessId":1000,"UserSid":"S-1-5-19","UserName":"NT AUTHORITY\\LOCAL SERVICE","ProviderKey":"4B153735-1049-4480-AAB4-D1B9BDC03710","ProviderName":"Microsoft Corporation","ChangeType":"%%16384","FilterKey":"3D597705-8CCE-4A7D-AA34-7C2555C5528E","FilterName":"Allow TCP traffic from Wcmsvc","FilterType":"%%16388","FilterId":72175,"LayerKey":"C38D57D1-05A7-4C33-904F-7FBCEEE60E82","LayerName":"ALE Connect v4 Layer","LayerId":48,"Weight":422418623496192,"Conditions":"\n\tCondition ID:\t{d78e1e87-8644-4ea5-9437-d809ecefc971}\n\tMatch value:\tEqual to\n\tCondition value:\t\n    00000000  5c 00 64 00 65 00 76 00-69 00 63 00 65 00 5c 00  \\.d.e.v.i.c.e.\\.\n    00000010  68 00 61 00 72 00 64 00-64 00 69 00 73 00 6b 00  h.a.r.d.d.i.s.k.\n    00000020  76 00 6f 00 6c 00 75 00-6d 00 65 00 34 00 5c 00  v.o.l.u.m.e.4.\\.\n    00000030  77 00 69 00 6e 00 64 00-6f 00 77 00 73 00 5c 00  w.i.n.d.o.w.s.\\.\n    00000040  73 00 79 00 73 00 74 00-65 00 6d 00 33 00 32 00  s.y.s.t.e.m.3.2.\n    00000050  5c 00 73 00 76 00 63 00-68 00 6f 00 73 00 74 00  \\.s.v.c.h.o.s.t.\n    00000060  2e 00 65 00 78 00 65 00-00 00                    ..e.x.e...\n\n\n\tCondition ID:\t{af043a0a-b34d-4f86-979c-c90371af6e66}\n\tMatch value:\tEqual to\n\tCondition value:\t\nO:SYG:SYD:(A;;CCRC;;;S-1-5-80-4155767994-3874329934-3800885181-2130851812-726865888)\n\n\n\tCondition ID:\t{3971ef2b-623e-4f9a-8cb1-6e79b806b9a7}\n\tMatch value:\tEqual to\n\tCondition value:\t0x06\n","Action":"%%16390","CalloutKey":"00000000-0000-0000-0000-000000000000","CalloutName":"-"}}}
{"Event_attributes":{"xmlns":"http://schemas.microsoft.com/win/2004/08/events/event"},"Event":{"System":{"Provider_attributes":{"Name":"Microsoft-Windows-Security-Auditing","Guid":"54849625-5478-4994-A5BA-3E3B0328C30D"},"EventID":5447,"Version":0,"Level":0,"Task":13573,"Opcode":0,"Keywords":"0x8020000000000000","TimeCreated_attributes":{"SystemTime":"2021-06-03T19:17:46.777360Z"},"EventRecordID":1965717,"Correlation_attributes":{"ActivityID":"38068009-512D-0000-1D80-06382D51D701"},"Execution_attributes":{"ProcessID":556,"ThreadID":2532},"Channel":"Security","Computer":"fs01.offsec.lan","Security":null},"EventData":{"ProcessId":1000,"UserSid":"S-1-5-19","UserName":"NT AUTHORITY\\LOCAL SERVICE","ProviderKey":"4B153735-1049-4480-AAB4-D1B9BDC03710","ProviderName":"Microsoft Corporation","ChangeType":"%%16384","FilterKey":"22770C7D-CA96-4781-BEED-80B14105CFEB","FilterName":"Allow TCP traffic from Wcmsvc","FilterType":"%%16388","FilterId":72176,"LayerKey":"4A72393B-319F-44BC-84C3-BA54DCB3B6B4","LayerName":"ALE Connect v6 Layer","LayerId":50,"Weight":105604655874048,"Conditions":"\n\tCondition ID:\t{d78e1e87-8644-4ea5-9437-d809ecefc971}\n\tMatch value:\tEqual to\n\tCondition value:\t\n    00000000  5c 00 64 00 65 00 76 00-69 00 63 00 65 00 5c 00  \\.d.e.v.i.c.e.\\.\n    00000010  68 00 61 00 72 00 64 00-64 00 69 00 73 00 6b 00  h.a.r.d.d.i.s.k.\n    00000020  76 00 6f 00 6c 00 75 00-6d 00 65 00 34 00 5c 00  v.o.l.u.m.e.4.\\.\n    00000030  77 00 69 00 6e 00 64 00-6f 00 77 00 73 00 5c 00  w.i.n.d.o.w.s.\\.\n    00000040  73 00 79 00 73 00 74 00-65 00 6d 00 33 00 32 00  s.y.s.t.e.m.3.2.\n    00000050  5c 00 73 00 76 00 63 00-68 00 6f 00 73 00 74 00  \\.s.v.c.h.o.s.t.\n    00000060  2e 00 65 00 78 00 65 00-00 00                    ..e.x.e...\n\n\n\tCondition ID:\t{af043a0a-b34d-4f86-979c-c90371af6e66}\n\tMatch value:\tEqual to\n\tCondition value:\t\nO:SYG:SYD:(A;;CCRC;;;S-1-5-80-4155767994-3874329934-3800885181-2130851812-726865888)\n\n\n\tCondition ID:\t{3971ef2b-623e-4f9a-8cb1-6e79b806b9a7}\n\tMatch value:\tEqual to\n\tCondition value:\t0x06\n","Action":"%%16390","CalloutKey":"00000000-0000-0000-0000-000000000000","CalloutName":"-"}}}
{"Event_attributes":{"xmlns":"http://schemas.microsoft.com/win/2004/08/events/event"},"Event":{"System":{"Provider_attributes":{"Name":"Microsoft-Windows-Security-Auditing","Guid":"54849625-5478-4994-A5BA-3E3B0328C30D"},"EventID":5447,"Version":0,"Level":0,"Task":13573,"Opcode":0,"Keywords":"0x8020000000000000","TimeCreated_attributes":{"SystemTime":"2021-06-03T19:17:46.777413Z"},"EventRecordID":1965718,"Correlation_attributes":{"ActivityID":"38068009-512D-0000-1D80-06382D51D701"},"Execution_attributes":{"ProcessID":556,"ThreadID":2532},"Channel":"Security","Computer":"fs01.offsec.lan","Security":null},"EventData":{"ProcessId":1000,"UserSid":"S-1-5-19","UserName":"NT AUTHORITY\\LOCAL SERVICE","ProviderKey":"4B153735-1049-4480-AAB4-D1B9BDC03710","ProviderName":"Microsoft Corporation","ChangeType":"%%16384","FilterKey":"BA112587-4189-46E2-8AC7-3A814917C390","FilterName":"Allow NTP traffic from Wcmsvc","FilterType":"%%16388","FilterId":72177,"LayerKey":"C38D57D1-05A7-4C33-904F-7FBCEEE60E82","LayerName":"ALE Connect v4 Layer","LayerId":48,"Weight":424342768844800,"Conditions":"\n\tCondition ID:\t{d78e1e87-8644-4ea5-9437-d809ecefc971}\n\tMatch value:\tEqual to\n\tCondition value:\t\n    00000000  5c 00 64 00 65 00 76 00-69 00 63 00 65 00 5c 00  \\.d.e.v.i.c.e.\\.\n    00000010  68 00 61 00 72 00 64 00-64 00 69 00 73 00 6b 00  h.a.r.d.d.i.s.k.\n    00000020  76 00 6f 00 6c 00 75 00-6d 00 65 00 34 00 5c 00  v.o.l.u.m.e.4.\\.\n    00000030  77 00 69 00 6e 00 64 00-6f 00 77 00 73 00 5c 00  w.i.n.d.o.w.s.\\.\n    00000040  73 00 79 00 73 00 74 00-65 00 6d 00 33 00 32 00  s.y.s.t.e.m.3.2.\n    00000050  5c 00 73 00 76 00 63 00-68 00 6f 00 73 00 74 00  \\.s.v.c.h.o.s.t.\n    00000060  2e 00 65 00 78 00 65 00-00 00                    ..e.x.e...\n\n\n\tCondition ID:\t{af043a0a-b34d-4f86-979c-c90371af6e66}\n\tMatch value:\tEqual to\n\tCondition value:\t\nO:SYG:SYD:(A;;CCRC;;;S-1-5-80-4155767994-3874329934-3800885181-2130851812-726865888)\n\n\n\tCondition ID:\t{3971ef2b-623e-4f9a-8cb1-6e79b806b9a7}\n\tMatch value:\tEqual to\n\tCondition value:\t0x11\n\n\tCondition ID:\t{c35a604d-d22b-4e1a-91b4-68f674ee674b}\n\tMatch value:\tEqual to\n\tCondition value:\t0x007b\n","Action":"%%16390","CalloutKey":"00000000-0000-0000-0000-000000000000","CalloutName":"-"}}}
{"Event_attributes":{"xmlns":"http://schemas.microsoft.com/win/2004/08/events/event"},"Event":{"System":{"Provider_attributes":{"Name":"Microsoft-Windows-Security-Auditing","Guid":"54849625-5478-4994-A5BA-3E3B0328C30D"},"EventID":5447,"Version":0,"Level":0,"Task":13573,"Opcode":0,"Keywords":"0x8020000000000000","TimeCreated_attributes":{"SystemTime":"2021-06-03T19:17:46.777445Z"},"EventRecordID":1965719,"Correlation_attributes":{"ActivityID":"38068009-512D-0000-1D80-06382D51D701"},"Execution_attributes":{"ProcessID":556,"ThreadID":2532},"Channel":"Security","Computer":"fs01.offsec.lan","Security":null},"EventData":{"ProcessId":1000,"UserSid":"S-1-5-19","UserName":"NT AUTHORITY\\LOCAL SERVICE","ProviderKey":"4B153735-1049-4480-AAB4-D1B9BDC03710","ProviderName":"Microsoft Corporation","ChangeType":"%%16384","FilterKey":"DBC84BD7-B4D4-46C9-AC95-2AEC0B0D07A4","FilterName":"Allow NTP traffic from Wcmsvc","FilterType":"%%16388","FilterId":72178,"LayerKey":"4A72393B-319F-44BC-84C3-BA54DCB3B6B4","LayerName":"ALE Connect v6 Layer","LayerId":50,"Weight":106085692211200,"Conditions":"\n\tCondition ID:\t{d78e1e87-8644-4ea5-9437-d809ecefc971}\n\tMatch value:\tEqual to\n\tCondition value:\t\n    00000000  5c 00 64 00 65 00 76 00-69 00 63 00 65 00 5c 00  \\.d.e.v.i.c.e.\\.\n    00000010  68 00 61 00 72 00 64 00-64 00 69 00 73 00 6b 00  h.a.r.d.d.i.s.k.\n    00000020  76 00 6f 00 6c 00 75 00-6d 00 65 00 34 00 5c 00  v.o.l.u.m.e.4.\\.\n    00000030  77 00 69 00 6e 00 64 00-6f 00 77 00 73 00 5c 00  w.i.n.d.o.w.s.\\.\n    00000040  73 00 79 00 73 00 74 00-65 00 6d 00 33 00 32 00  s.y.s.t.e.m.3.2.\n    00000050  5c 00 73 00 76 00 63 00-68 00 6f 00 73 00 74 00  \\.s.v.c.h.o.s.t.\n    00000060  2e 00 65 00 78 00 65 00-00 00                    ..e.x.e...\n\n\n\tCondition ID:\t{af043a0a-b34d-4f86-979c-c90371af6e66}\n\tMatch value:\tEqual to\n\tCondition value:\t\nO:SYG:SYD:(A;;CCRC;;;S-1-5-80-4155767994-3874329934-3800885181-2130851812-726865888)\n\n\n\tCondition ID:\t{3971ef2b-623e-4f9a-8cb1-6e79b806b9a7}\n\tMatch value:\tEqual to\n\tCondition value:\t0x11\n\n\tCondition ID:\t{c35a604d-d22b-4e1a-91b4-68f674ee674b}\n\tMatch value:\tEqual to\n\tCondition value:\t0x007b\n","Action":"%%16390","CalloutKey":"00000000-0000-0000-0000-000000000000","CalloutName":"-"}}}
{"Event_attributes":{"xmlns":"http://schemas.microsoft.com/win/2004/08/events/event"},"Event":{"System":{"Provider_attributes":{"Name":"Microsoft-Windows-Security-Auditing","Guid":"54849625-5478-4994-A5BA-3E3B0328C30D"},"EventID":5447,"Version":0,"Level":0,"Task":13573,"Opcode":0,"Keywords":"0x8020000000000000","TimeCreated_attributes":{"SystemTime":"2021-06-03T19:17:46.777508Z"},"EventRecordID":1965720,"Correlation_attributes":{"ActivityID":"38068009-512D-0000-1D80-06382D51D701"},"Execution_attributes":{"ProcessID":556,"ThreadID":2532},"Channel":"Security","Computer":"fs01.offsec.lan","Security":null},"EventData":{"ProcessId":1000,"UserSid":"S-1-5-19","UserName":"NT AUTHORITY\\LOCAL SERVICE","ProviderKey":"4B153735-1049-4480-AAB4-D1B9BDC03710","ProviderName":"Microsoft Corporation","ChangeType":"%%16384","FilterKey":"0FD0971F-759C-47B6-9890-43727A769680","FilterName":"WinDefend Outbound for TCP","FilterType":"%%16388","FilterId":72179,"LayerKey":"C38D57D1-05A7-4C33-904F-7FBCEEE60E82","LayerName":"ALE Connect v4 Layer","LayerId":48,"Weight":422418623496192,"Conditions":"\n\tCondition ID:\t{d78e1e87-8644-4ea5-9437-d809ecefc971}\n\tMatch value:\tEqual to\n\tCondition value:\t\n    00000000  5c 00 64 00 65 00 76 00-69 00 63 00 65 00 5c 00  \\.d.e.v.i.c.e.\\.\n    00000010  68 00 61 00 72 00 64 00-64 00 69 00 73 00 6b 00  h.a.r.d.d.i.s.k.\n    00000020  76 00 6f 00 6c 00 75 00-6d 00 65 00 34 00 5c 00  v.o.l.u.m.e.4.\\.\n    00000030  70 00 72 00 6f 00 67 00-72 00 61 00 6d 00 64 00  p.r.o.g.r.a.m.d.\n    00000040  61 00 74 00 61 00 5c 00-6d 00 69 00 63 00 72 00  a.t.a.\\.m.i.c.r.\n    00000050  6f 00 73 00 6f 00 66 00-74 00 5c 00 77 00 69 00  o.s.o.f.t.\\.w.i.\n    00000060  6e 00 64 00 6f 00 77 00-73 00 20 00 64 00 65 00  n.d.o.w.s. .d.e.\n    00000070  66 00 65 00 6e 00 64 00-65 00 72 00 5c 00 70 00  f.e.n.d.e.r.\\.p.\n    00000080  6c 00 61 00 74 00 66 00-6f 00 72 00 6d 00 5c 00  l.a.t.f.o.r.m.\\.\n    00000090  34 00 2e 00 31 00 38 00-2e 00 31 00 39 00 30 00  4...1.8...1.9.0.\n    000000a0  38 00 2e 00 37 00 2d 00-30 00 5c 00 6d 00 73 00  8...7.-.0.\\.m.s.\n    000000b0  6d 00 70 00 65 00 6e 00-67 00 2e 00 65 00 78 00  m.p.e.n.g...e.x.\n    000000c0  65 00 00 00                                      e...\n\n\n\tCondition ID:\t{af043a0a-b34d-4f86-979c-c90371af6e66}\n\tMatch value:\tEqual to\n\tCondition value:\t\nO:SYG:SYD:(A;;CCRC;;;S-1-5-80-1913148863-3492339771-4165695881-2087618961-4109116736)\n\n\n\tCondition ID:\t{3971ef2b-623e-4f9a-8cb1-6e79b806b9a7}\n\tMatch value:\tEqual to\n\tCondition value:\t0x06\n","Action":"%%16390","CalloutKey":"00000000-0000-0000-0000-000000000000","CalloutName":"-"}}}
{"Event_attributes":{"xmlns":"http://schemas.microsoft.com/win/2004/08/events/event"},"Event":{"System":{"Provider_attributes":{"Name":"Microsoft-Windows-Security-Auditing","Guid":"54849625-5478-4994-A5BA-3E3B0328C30D"},"EventID":5447,"Version":0,"Level":0,"Task":13573,"Opcode":0,"Keywords":"0x8020000000000000","TimeCreated_attributes":{"SystemTime":"2021-06-03T19:17:46.777594Z"},"EventRecordID":1965721,"Correlation_attributes":{"ActivityID":"38068009-512D-0000-1D80-06382D51D701"},"Execution_attributes":{"ProcessID":556,"ThreadID":2532},"Channel":"Security","Computer":"fs01.offsec.lan","Security":null},"EventData":{"ProcessId":1000,"UserSid":"S-1-5-19","UserName":"NT AUTHORITY\\LOCAL SERVICE","ProviderKey":"4B153735-1049-4480-AAB4-D1B9BDC03710","ProviderName":"Microsoft Corporation","ChangeType":"%%16384","FilterKey":"A6164FBA-8F39-462A-9908-1AEC37233D56","FilterName":"WinDefend Outbound for TCP","FilterType":"%%16388","FilterId":72180,"LayerKey":"4A72393B-319F-44BC-84C3-BA54DCB3B6B4","LayerName":"ALE Connect v6 Layer","LayerId":50,"Weight":105604655874048,"Conditions":"\n\tCondition ID:\t{d78e1e87-8644-4ea5-9437-d809ecefc971}\n\tMatch value:\tEqual to\n\tCondition value:\t\n    00000000  5c 00 64 00 65 00 76 00-69 00 63 00 65 00 5c 00  \\.d.e.v.i.c.e.\\.\n    00000010  68 00 61 00 72 00 64 00-64 00 69 00 73 00 6b 00  h.a.r.d.d.i.s.k.\n    00000020  76 00 6f 00 6c 00 75 00-6d 00 65 00 34 00 5c 00  v.o.l.u.m.e.4.\\.\n    00000030  70 00 72 00 6f 00 67 00-72 00 61 00 6d 00 64 00  p.r.o.g.r.a.m.d.\n    00000040  61 00 74 00 61 00 5c 00-6d 00 69 00 63 00 72 00  a.t.a.\\.m.i.c.r.\n    00000050  6f 00 73 00 6f 00 66 00-74 00 5c 00 77 00 69 00  o.s.o.f.t.\\.w.i.\n    00000060  6e 00 64 00 6f 00 77 00-73 00 20 00 64 00 65 00  n.d.o.w.s. .d.e.\n    00000070  66 00 65 00 6e 00 64 00-65 00 72 00 5c 00 70 00  f.e.n.d.e.r.\\.p.\n    00000080  6c 00 61 00 74 00 66 00-6f 00 72 00 6d 00 5c 00  l.a.t.f.o.r.m.\\.\n    00000090  34 00 2e 00 31 00 38 00-2e 00 31 00 39 00 30 00  4...1.8...1.9.0.\n    000000a0  38 00 2e 00 37 00 2d 00-30 00 5c 00 6d 00 73 00  8...7.-.0.\\.m.s.\n    000000b0  6d 00 70 00 65 00 6e 00-67 00 2e 00 65 00 78 00  m.p.e.n.g...e.x.\n    000000c0  65 00 00 00                                      e...\n\n\n\tCondition ID:\t{af043a0a-b34d-4f86-979c-c90371af6e66}\n\tMatch value:\tEqual to\n\tCondition value:\t\nO:SYG:SYD:(A;;CCRC;;;S-1-5-80-1913148863-3492339771-4165695881-2087618961-4109116736)\n\n\n\tCondition ID:\t{3971ef2b-623e-4f9a-8cb1-6e79b806b9a7}\n\tMatch value:\tEqual to\n\tCondition value:\t0x06\n","Action":"%%16390","CalloutKey":"00000000-0000-0000-0000-000000000000","CalloutName":"-"}}}
{"Event_attributes":{"xmlns":"http://schemas.microsoft.com/win/2004/08/events/event"},"Event":{"System":{"Provider_attributes":{"Name":"Microsoft-Windows-Security-Auditing","Guid":"54849625-5478-4994-A5BA-3E3B0328C30D"},"EventID":5447,"Version":0,"Level":0,"Task":13573,"Opcode":0,"Keywords":"0x8020000000000000","TimeCreated_attributes":{"SystemTime":"2021-06-03T19:17:46.777769Z"},"EventRecordID":1965722,"Correlation_attributes":{"ActivityID":"38068009-512D-0000-1D80-06382D51D701"},"Execution_attributes":{"ProcessID":556,"ThreadID":2532},"Channel":"Security","Computer":"fs01.offsec.lan","Security":null},"EventData":{"ProcessId":1000,"UserSid":"S-1-5-19","UserName":"NT AUTHORITY\\LOCAL SERVICE","ProviderKey":"4B153735-1049-4480-AAB4-D1B9BDC03710","ProviderName":"Microsoft Corporation","ChangeType":"%%16384","FilterKey":"DA3B8C98-D52E-4668-A22A-DD0661F0E6DB","FilterName":"WSH Default Inbound Block","FilterType":"%%16388","FilterId":72181,"LayerKey":"A3B42C97-9F04-4672-B87E-CEE9C483257F","LayerName":"ALE Receive/Accept v6 Layer","LayerId":46,"Weight":68719476736,"Conditions":"\n\tCondition ID:\t{af043a0a-b34d-4f86-979c-c90371af6e66}\n\tMatch value:\tEqual to\n\tCondition value:\t\nD:(A;NP;CC;;;S-1-5-80-2676549577-1911656217-2625096541-4178041876-1366760775)(A;NP;CC;;;S-1-5-80-1580948945-3239616721-2529237571-3761093093-1214243633)(A;NP;CC;;;S-1-5-80-1058592404-331734164-3167594226-3910907650-1299295147)(A;NP;CC;;;S-1-5-80-1383147646-27650227-2710666058-1662982300-1023958487)(A;NP;CC;;;S-1-5-80-2611951811-1959136347-1062071333-3982815153-2811717512)(A;NP;CC;;;S-1-5-80-2839768381-3691089589-2614646340-3191585287-3380622033)(A;NP;CC;;;S-1-5-80-1987853863-1639573247-1110726908-1137832616-3599624523)(A;NP;CC;;;S-1-5-80-2940520708-3855866260-481812779-327648279-1710889582)(A;NP;CC;;;S-1-5-80-3787436395-2174616005-3003730137-1094982900-1570567328)(A;NP;CC;;;S-1-5-80-2970612574-78537857-698502321-558674196-1451644582)(A;NP;CC;;;S-1-5-80-880578595-1860270145-482643319-2788375705-1540778122)(A;NP;CC;;;S-1-5-80-89818136-74175777-88572358-3912780041-2421659406)(A;NP;CC;;;S-1-5-80-2251494273-104013570-864825310-3133670442-2017388150)(A;NP;CC;;;S-1-5-80-172094073-716411664-54255058-185476446-2329512179)(A;NP;CC;;;S-1-5-80-3532809085-2652327567-2620918877-1058261733-582902671)(A;NP;CC;;;S-1-5-80-3088073201-1464728630-1879813800-1107566885-823218052)(A;NP;CC;;;S-1-5-80-2898649604-2335086160-1904548223-3761738420-3855444835)(A;NP;CC;;;S-1-5-80-1948712186-1330865447-943413596-1669284603-1648638051)(A;NP;CC;;;S-1-5-80-3596911058-2952229928-1888671852-1743692427-614402820)(A;NP;CC;;;S-1-5-80-3044542841-3639452079-4096941652-1606687743-1256249853)(A;NP;CC;;;S-1-5-80-117416528-2204451360-1913602512-1355018040-1234992034)(A;NP;CC;;;S-1-5-80-3964583643-2633443559-2834438935-3739664028-1580655619)(A;NP;CC;;;S-1-5-80-3895724531-1583119856-3186271294-3795977770-3211684703)(A;NP;CC;;;S-1-5-80-2590341223-3996088049-3993122417-23640849-324535191)(A;NP;CC;;;S-1-5-80-949921180-3923668869-394927020-528789358-3592448931)(A;NP;CC;;;S-1-5-80-768763963-4214222998-2156221936-2953597973-713500239)(A;NP;CC;;;S-1-5-80-997887591-2350776071-3817597635-4146973621-2526406719)(A;NP;CC;;;S-1-5-80-2014626298-1656748749-3847481816-918933055-2469338456)(A;NP;CC;;;S-1-5-80-2196396108-1448510645-203779624-3888580976-3789157697)(A;NP;CC;;;S-1-5-80-3074984378-4122987768-2130325677-2031866499-3405430279)(A;NP;CC;;;S-1-5-80-534935901-3437432317-481271085-1710633381-983106267)(A;NP;CC;;;S-1-5-80-1877308096-3090306141-3032871208-3115266146-1400827410)(A;NP;CC;;;S-1-5-80-3076811988-2254870394-2658297454-3934945422-2393138642)(A;NP;CC;;;S-1-5-80-3110303136-3426481729-3186938678-1087894076-2178433439)(A;NP;CC;;;S-1-5-80-3098585136-2538892366-1097114017-2832417424-2016953023)(A;NP;CC;;;S-1-5-80-235582178-102246843-358262472-4132936818-1867412993)(A;NP;CC;;;S-1-5-80-1752088424-1054500994-3489791022-3310831482-3926524968)(A;NP;CC;;;S-1-5-80-4155767994-3874329934-3800885181-2130851812-726865888)(A;NP;CC;;;S-1-5-80-3524758515-3090971750-345616940-2322499744-3530715838)(A;NP;CC;;;S-1-5-80-3299868208-4286319593-1091140620-3583751967-1732444380)(A;NP;CC;;;S-1-5-80-113310567-2163499630-2787090463-221477905-209227094)(A;NP;CC;;;S-1-5-80-2652678385-582572993-1835434367-1344795993-749280709)(A;NP;CC;;;S-1-5-80-1913148863-3492339771-4165695881-2087618961-4109116736)S:NO_ACCESS_CONTROL\n\n","Action":"%%16389","CalloutKey":"00000000-0000-0000-0000-000000000000","CalloutName":"-"}}}
{"Event_attributes":{"xmlns":"http://schemas.microsoft.com/win/2004/08/events/event"},"Event":{"System":{"Provider_attributes":{"Name":"Microsoft-Windows-Security-Auditing","Guid":"54849625-5478-4994-A5BA-3E3B0328C30D"},"EventID":4950,"Version":0,"Level":0,"Task":13571,"Opcode":0,"Keywords":"0x8020000000000000","TimeCreated_attributes":{"SystemTime":"2021-06-03T19:17:46.797360Z"},"EventRecordID":1965723,"Correlation_attributes":{"ActivityID":"38068009-512D-0000-1D80-06382D51D701"},"Execution_attributes":{"ProcessID":556,"ThreadID":2532},"Channel":"Security","Computer":"fs01.offsec.lan","Security":null},"EventData":{"ProfileChanged":"Domain","SettingType":"Enable Windows Firewall","SettingValue":"No"}}}
{"Event_attributes":{"xmlns":"http://schemas.microsoft.com/win/2004/08/events/event"},"Event":{"System":{"Provider_attributes":{"Name":"Microsoft-Windows-Security-Auditing","Guid":"54849625-5478-4994-A5BA-3E3B0328C30D"},"EventID":5447,"Version":0,"Level":0,"Task":13573,"Opcode":0,"Keywords":"0x8020000000000000","TimeCreated_attributes":{"SystemTime":"2021-06-03T19:17:46.797788Z"},"EventRecordID":1965724,"Correlation_attributes":{"ActivityID":"38068009-512D-0000-1D80-06382D51D701"},"Execution_attributes":{"ProcessID":556,"ThreadID":2532},"Channel":"Security","Computer":"fs01.offsec.lan","Security":null},"EventData":{"ProcessId":1000,"UserSid":"S-1-5-19","UserName":"NT AUTHORITY\\LOCAL SERVICE","ProviderKey":"4B153735-1049-4480-AAB4-D1B9BDC03710","ProviderName":"Microsoft Corporation","ChangeType":"%%16384","FilterKey":"C6C414CA-B213-4963-84CF-1C8E698782A4","FilterName":"WSH Default Inbound Block","FilterType":"%%16388","FilterId":72182,"LayerKey":"E1CD9FE7-F4B5-4273-96C0-592E487B8650","LayerName":"ALE Receive/Accept v4 Layer","LayerId":44,"Weight":274877906944,"Conditions":"\n\tCondition ID:\t{af043a0a-b34d-4f86-979c-c90371af6e66}\n\tMatch value:\tEqual to\n\tCondition value:\t\nD:(A;NP;CC;;;S-1-5-80-2676549577-1911656217-2625096541-4178041876-1366760775)(A;NP;CC;;;S-1-5-80-1580948945-3239616721-2529237571-3761093093-1214243633)(A;NP;CC;;;S-1-5-80-1058592404-331734164-3167594226-3910907650-1299295147)(A;NP;CC;;;S-1-5-80-1383147646-27650227-2710666058-1662982300-1023958487)(A;NP;CC;;;S-1-5-80-2611951811-1959136347-1062071333-3982815153-2811717512)(A;NP;CC;;;S-1-5-80-2839768381-3691089589-2614646340-3191585287-3380622033)(A;NP;CC;;;S-1-5-80-1987853863-1639573247-1110726908-1137832616-3599624523)(A;NP;CC;;;S-1-5-80-2940520708-3855866260-481812779-327648279-1710889582)(A;NP;CC;;;S-1-5-80-3787436395-2174616005-3003730137-1094982900-1570567328)(A;NP;CC;;;S-1-5-80-2970612574-78537857-698502321-558674196-1451644582)(A;NP;CC;;;S-1-5-80-880578595-1860270145-482643319-2788375705-1540778122)(A;NP;CC;;;S-1-5-80-89818136-74175777-88572358-3912780041-2421659406)(A;NP;CC;;;S-1-5-80-2251494273-104013570-864825310-3133670442-2017388150)(A;NP;CC;;;S-1-5-80-172094073-716411664-54255058-185476446-2329512179)(A;NP;CC;;;S-1-5-80-3532809085-2652327567-2620918877-1058261733-582902671)(A;NP;CC;;;S-1-5-80-3088073201-1464728630-1879813800-1107566885-823218052)(A;NP;CC;;;S-1-5-80-2898649604-2335086160-1904548223-3761738420-3855444835)(A;NP;CC;;;S-1-5-80-1948712186-1330865447-943413596-1669284603-1648638051)(A;NP;CC;;;S-1-5-80-3596911058-2952229928-1888671852-1743692427-614402820)(A;NP;CC;;;S-1-5-80-3044542841-3639452079-4096941652-1606687743-1256249853)(A;NP;CC;;;S-1-5-80-117416528-2204451360-1913602512-1355018040-1234992034)(A;NP;CC;;;S-1-5-80-3964583643-2633443559-2834438935-3739664028-1580655619)(A;NP;CC;;;S-1-5-80-3895724531-1583119856-3186271294-3795977770-3211684703)(A;NP;CC;;;S-1-5-80-2590341223-3996088049-3993122417-23640849-324535191)(A;NP;CC;;;S-1-5-80-949921180-3923668869-394927020-528789358-3592448931)(A;NP;CC;;;S-1-5-80-768763963-4214222998-2156221936-2953597973-713500239)(A;NP;CC;;;S-1-5-80-997887591-2350776071-3817597635-4146973621-2526406719)(A;NP;CC;;;S-1-5-80-2014626298-1656748749-3847481816-918933055-2469338456)(A;NP;CC;;;S-1-5-80-2196396108-1448510645-203779624-3888580976-3789157697)(A;NP;CC;;;S-1-5-80-3074984378-4122987768-2130325677-2031866499-3405430279)(A;NP;CC;;;S-1-5-80-534935901-3437432317-481271085-1710633381-983106267)(A;NP;CC;;;S-1-5-80-1877308096-3090306141-3032871208-3115266146-1400827410)(A;NP;CC;;;S-1-5-80-3076811988-2254870394-2658297454-3934945422-2393138642)(A;NP;CC;;;S-1-5-80-3110303136-3426481729-3186938678-1087894076-2178433439)(A;NP;CC;;;S-1-5-80-3098585136-2538892366-1097114017-2832417424-2016953023)(A;NP;CC;;;S-1-5-80-235582178-102246843-358262472-4132936818-1867412993)(A;NP;CC;;;S-1-5-80-1752088424-1054500994-3489791022-3310831482-3926524968)(A;NP;CC;;;S-1-5-80-4155767994-3874329934-3800885181-2130851812-726865888)(A;NP;CC;;;S-1-5-80-3524758515-3090971750-345616940-2322499744-3530715838)(A;NP;CC;;;S-1-5-80-3299868208-4286319593-1091140620-3583751967-1732444380)(A;NP;CC;;;S-1-5-80-113310567-2163499630-2787090463-221477905-209227094)(A;NP;CC;;;S-1-5-80-2652678385-582572993-1835434367-1344795993-749280709)(A;NP;CC;;;S-1-5-80-1913148863-3492339771-4165695881-2087618961-4109116736)S:NO_ACCESS_CONTROL\n\n","Action":"%%16389","CalloutKey":"00000000-0000-0000-0000-000000000000","CalloutName":"-"}}}
{"Event_attributes":{"xmlns":"http://schemas.microsoft.com/win/2004/08/events/event"},"Event":{"System":{"Provider_attributes":{"Name":"Microsoft-Windows-Security-Auditing","Guid":"54849625-5478-4994-A5BA-3E3B0328C30D"},"EventID":5447,"Version":0,"Level":0,"Task":13573,"Opcode":0,"Keywords":"0x8020000000000000","TimeCreated_attributes":{"SystemTime":"2021-06-03T19:17:46.797888Z"},"EventRecordID":1965725,"Correlation_attributes":{"ActivityID":"38068009-512D-0000-1D80-06382D51D701"},"Execution_attributes":{"ProcessID":556,"ThreadID":2532},"Channel":"Security","Computer":"fs01.offsec.lan","Security":null},"EventData":{"ProcessId":1000,"UserSid":"S-1-5-19","UserName":"NT AUTHORITY\\LOCAL SERVICE","ProviderKey":"4B153735-1049-4480-AAB4-D1B9BDC03710","ProviderName":"Microsoft Corporation","ChangeType":"%%16384","FilterKey":"8E440107-D79E-43E4-9815-85BDBEB4EFDF","FilterName":"WSH Default Outbound Block","FilterType":"%%16388","FilterId":72183,"LayerKey":"4A72393B-319F-44BC-84C3-BA54DCB3B6B4","LayerName":"ALE Connect v6 Layer","LayerId":50,"Weight":17179869184,"Conditions":"\n\tCondition ID:\t{af043a0a-b34d-4f86-979c-c90371af6e66}\n\tMatch value:\tEqual to\n\tCondition value:\t\nD:(A;NP;CC;;;S-1-5-80-2676549577-1911656217-2625096541-4178041876-1366760775)(A;NP;CC;;;S-1-5-80-1580948945-3239616721-2529237571-3761093093-1214243633)(A;NP;CC;;;S-1-5-80-1058592404-331734164-3167594226-3910907650-1299295147)(A;NP;CC;;;S-1-5-80-1383147646-27650227-2710666058-1662982300-1023958487)(A;NP;CC;;;S-1-5-80-2611951811-1959136347-1062071333-3982815153-2811717512)(A;NP;CC;;;S-1-5-80-2839768381-3691089589-2614646340-3191585287-3380622033)(A;NP;CC;;;S-1-5-80-1987853863-1639573247-1110726908-1137832616-3599624523)(A;NP;CC;;;S-1-5-80-2940520708-3855866260-481812779-327648279-1710889582)(A;NP;CC;;;S-1-5-80-3787436395-2174616005-3003730137-1094982900-1570567328)(A;NP;CC;;;S-1-5-80-2970612574-78537857-698502321-558674196-1451644582)(A;NP;CC;;;S-1-5-80-880578595-1860270145-482643319-2788375705-1540778122)(A;NP;CC;;;S-1-5-80-89818136-74175777-88572358-3912780041-2421659406)(A;NP;CC;;;S-1-5-80-2251494273-104013570-864825310-3133670442-2017388150)(A;NP;CC;;;S-1-5-80-172094073-716411664-54255058-185476446-2329512179)(A;NP;CC;;;S-1-5-80-3532809085-2652327567-2620918877-1058261733-582902671)(A;NP;CC;;;S-1-5-80-3088073201-1464728630-1879813800-1107566885-823218052)(A;NP;CC;;;S-1-5-80-2898649604-2335086160-1904548223-3761738420-3855444835)(A;NP;CC;;;S-1-5-80-1948712186-1330865447-943413596-1669284603-1648638051)(A;NP;CC;;;S-1-5-80-3596911058-2952229928-1888671852-1743692427-614402820)(A;NP;CC;;;S-1-5-80-3044542841-3639452079-4096941652-1606687743-1256249853)(A;NP;CC;;;S-1-5-80-117416528-2204451360-1913602512-1355018040-1234992034)(A;NP;CC;;;S-1-5-80-3964583643-2633443559-2834438935-3739664028-1580655619)(A;NP;CC;;;S-1-5-80-3895724531-1583119856-3186271294-3795977770-3211684703)(A;NP;CC;;;S-1-5-80-2590341223-3996088049-3993122417-23640849-324535191)(A;NP;CC;;;S-1-5-80-949921180-3923668869-394927020-528789358-3592448931)(A;NP;CC;;;S-1-5-80-768763963-4214222998-2156221936-2953597973-713500239)(A;NP;CC;;;S-1-5-80-997887591-2350776071-3817597635-4146973621-2526406719)(A;NP;CC;;;S-1-5-80-2014626298-1656748749-3847481816-918933055-2469338456)(A;NP;CC;;;S-1-5-80-3074984378-4122987768-2130325677-2031866499-3405430279)(A;NP;CC;;;S-1-5-80-534935901-3437432317-481271085-1710633381-983106267)(A;NP;CC;;;S-1-5-80-1877308096-3090306141-3032871208-3115266146-1400827410)(A;NP;CC;;;S-1-5-80-3076811988-2254870394-2658297454-3934945422-2393138642)(A;NP;CC;;;S-1-5-80-3110303136-3426481729-3186938678-1087894076-2178433439)(A;NP;CC;;;S-1-5-80-3098585136-2538892366-1097114017-2832417424-2016953023)(A;NP;CC;;;S-1-5-80-235582178-102246843-358262472-4132936818-1867412993)(A;NP;CC;;;S-1-5-80-1752088424-1054500994-3489791022-3310831482-3926524968)(A;NP;CC;;;S-1-5-80-4155767994-3874329934-3800885181-2130851812-726865888)(A;NP;CC;;;S-1-5-80-3524758515-3090971750-345616940-2322499744-3530715838)(A;NP;CC;;;S-1-5-80-3299868208-4286319593-1091140620-3583751967-1732444380)(A;NP;CC;;;S-1-5-80-113310567-2163499630-2787090463-221477905-209227094)(A;NP;CC;;;S-1-5-80-2652678385-582572993-1835434367-1344795993-749280709)(A;NP;CC;;;S-1-5-80-1913148863-3492339771-4165695881-2087618961-4109116736)S:NO_ACCESS_CONTROL\n\n","Action":"%%16389","CalloutKey":"00000000-0000-0000-0000-000000000000","CalloutName":"-"}}}
{"Event_attributes":{"xmlns":"http://schemas.microsoft.com/win/2004/08/events/event"},"Event":{"System":{"Provider_attributes":{"Name":"Microsoft-Windows-Security-Auditing","Guid":"54849625-5478-4994-A5BA-3E3B0328C30D"},"EventID":5447,"Version":0,"Level":0,"Task":13573,"Opcode":0,"Keywords":"0x8020000000000000","TimeCreated_attributes":{"SystemTime":"2021-06-03T19:17:46.797957Z"},"EventRecordID":1965726,"Correlation_attributes":{"ActivityID":"38068009-512D-0000-1D80-06382D51D701"},"Execution_attributes":{"ProcessID":556,"ThreadID":2532},"Channel":"Security","Computer":"fs01.offsec.lan","Security":null},"EventData":{"ProcessId":1000,"UserSid":"S-1-5-19","UserName":"NT AUTHORITY\\LOCAL SERVICE","ProviderKey":"4B153735-1049-4480-AAB4-D1B9BDC03710","ProviderName":"Microsoft Corporation","ChangeType":"%%16384","FilterKey":"CB0B8341-F13F-4703-80CD-742E4B70E770","FilterName":"WSH Default Outbound Block","FilterType":"%%16388","FilterId":72184,"LayerKey":"C38D57D1-05A7-4C33-904F-7FBCEEE60E82","LayerName":"ALE Connect v4 Layer","LayerId":48,"Weight":68719476736,"Conditions":"\n\tCondition ID:\t{af043a0a-b34d-4f86-979c-c90371af6e66}\n\tMatch value:\tEqual to\n\tCondition value:\t\nD:(A;NP;CC;;;S-1-5-80-2676549577-1911656217-2625096541-4178041876-1366760775)(A;NP;CC;;;S-1-5-80-1580948945-3239616721-2529237571-3761093093-1214243633)(A;NP;CC;;;S-1-5-80-1058592404-331734164-3167594226-3910907650-1299295147)(A;NP;CC;;;S-1-5-80-1383147646-27650227-2710666058-1662982300-1023958487)(A;NP;CC;;;S-1-5-80-2611951811-1959136347-1062071333-3982815153-2811717512)(A;NP;CC;;;S-1-5-80-2839768381-3691089589-2614646340-3191585287-3380622033)(A;NP;CC;;;S-1-5-80-1987853863-1639573247-1110726908-1137832616-3599624523)(A;NP;CC;;;S-1-5-80-2940520708-3855866260-481812779-327648279-1710889582)(A;NP;CC;;;S-1-5-80-3787436395-2174616005-3003730137-1094982900-1570567328)(A;NP;CC;;;S-1-5-80-2970612574-78537857-698502321-558674196-1451644582)(A;NP;CC;;;S-1-5-80-880578595-1860270145-482643319-2788375705-1540778122)(A;NP;CC;;;S-1-5-80-89818136-74175777-88572358-3912780041-2421659406)(A;NP;CC;;;S-1-5-80-2251494273-104013570-864825310-3133670442-2017388150)(A;NP;CC;;;S-1-5-80-172094073-716411664-54255058-185476446-2329512179)(A;NP;CC;;;S-1-5-80-3532809085-2652327567-2620918877-1058261733-582902671)(A;NP;CC;;;S-1-5-80-3088073201-1464728630-1879813800-1107566885-823218052)(A;NP;CC;;;S-1-5-80-2898649604-2335086160-1904548223-3761738420-3855444835)(A;NP;CC;;;S-1-5-80-1948712186-1330865447-943413596-1669284603-1648638051)(A;NP;CC;;;S-1-5-80-3596911058-2952229928-1888671852-1743692427-614402820)(A;NP;CC;;;S-1-5-80-3044542841-3639452079-4096941652-1606687743-1256249853)(A;NP;CC;;;S-1-5-80-117416528-2204451360-1913602512-1355018040-1234992034)(A;NP;CC;;;S-1-5-80-3964583643-2633443559-2834438935-3739664028-1580655619)(A;NP;CC;;;S-1-5-80-3895724531-1583119856-3186271294-3795977770-3211684703)(A;NP;CC;;;S-1-5-80-2590341223-3996088049-3993122417-23640849-324535191)(A;NP;CC;;;S-1-5-80-949921180-3923668869-394927020-528789358-3592448931)(A;NP;CC;;;S-1-5-80-768763963-4214222998-2156221936-2953597973-713500239)(A;NP;CC;;;S-1-5-80-997887591-2350776071-3817597635-4146973621-2526406719)(A;NP;CC;;;S-1-5-80-2014626298-1656748749-3847481816-918933055-2469338456)(A;NP;CC;;;S-1-5-80-3074984378-4122987768-2130325677-2031866499-3405430279)(A;NP;CC;;;S-1-5-80-534935901-3437432317-481271085-1710633381-983106267)(A;NP;CC;;;S-1-5-80-1877308096-3090306141-3032871208-3115266146-1400827410)(A;NP;CC;;;S-1-5-80-3076811988-2254870394-2658297454-3934945422-2393138642)(A;NP;CC;;;S-1-5-80-3110303136-3426481729-3186938678-1087894076-2178433439)(A;NP;CC;;;S-1-5-80-3098585136-2538892366-1097114017-2832417424-2016953023)(A;NP;CC;;;S-1-5-80-235582178-102246843-358262472-4132936818-1867412993)(A;NP;CC;;;S-1-5-80-1752088424-1054500994-3489791022-3310831482-3926524968)(A;NP;CC;;;S-1-5-80-4155767994-3874329934-3800885181-2130851812-726865888)(A;NP;CC;;;S-1-5-80-3524758515-3090971750-345616940-2322499744-3530715838)(A;NP;CC;;;S-1-5-80-3299868208-4286319593-1091140620-3583751967-1732444380)(A;NP;CC;;;S-1-5-80-113310567-2163499630-2787090463-221477905-209227094)(A;NP;CC;;;S-1-5-80-2652678385-582572993-1835434367-1344795993-749280709)(A;NP;CC;;;S-1-5-80-1913148863-3492339771-4165695881-2087618961-4109116736)S:NO_ACCESS_CONTROL\n\n","Action":"%%16389","CalloutKey":"00000000-0000-0000-0000-000000000000","CalloutName":"-"}}}
{"Event_attributes":{"xmlns":"http://schemas.microsoft.com/win/2004/08/events/event"},"Event":{"System":{"Provider_attributes":{"Name":"Microsoft-Windows-Security-Auditing","Guid":"54849625-5478-4994-A5BA-3E3B0328C30D"},"EventID":5447,"Version":0,"Level":0,"Task":13573,"Opcode":0,"Keywords":"0x8020000000000000","TimeCreated_attributes":{"SystemTime":"2021-06-03T19:17:46.798008Z"},"EventRecordID":1965727,"Correlation_attributes":{"ActivityID":"38068009-512D-0000-1D80-06382D51D701"},"Execution_attributes":{"ProcessID":556,"ThreadID":2532},"Channel":"Security","Computer":"fs01.offsec.lan","Security":null},"EventData":{"ProcessId":1000,"UserSid":"S-1-5-19","UserName":"NT AUTHORITY\\LOCAL SERVICE","ProviderKey":"4B153735-1049-4480-AAB4-D1B9BDC03710","ProviderName":"Microsoft Corporation","ChangeType":"%%16385","FilterKey":"1E390488-7637-4989-8FF6-D044A8A8D0B6","FilterName":"PrivateNetwork Inbound Default Rule","FilterType":"%%16388","FilterId":71939,"LayerKey":"E1CD9FE7-F4B5-4273-96C0-592E487B8650","LayerName":"ALE Receive/Accept v4 Layer","LayerId":44,"Weight":432346388861288956,"Conditions":"\n\tCondition ID:\t{71bc78fa-f17c-4997-a602-6abb261f351c}\n\tMatch value:\tNot equal to\n\tCondition value:\t-\n\n\tCondition ID:\t{b235ae9a-1d64-49b8-a44c-5ff3d9095045}\n\tMatch value:\tIn range\n\tCondition value:\t0x0a172a00 - 0x0a172aff\n\n\tCondition ID:\t{46ea1551-2255-492b-8019-aabeee349f40}\n\tMatch value:\tEqual to\n\tCondition value:\t0x00000003\n\n\tCondition ID:\t{ab3033c9-c0e3-4759-937d-5758c65d4ae3}\n\tMatch value:\tEqual to\n\tCondition value:\t0x00000003\n\n\tCondition ID:\t{af043a0a-b34d-4f86-979c-c90371af6e66}\n\tMatch value:\tEqual to\n\tCondition value:\t\nO:LSD:(A;;CC;;;S-1-15-3-3)(A;;CC;;;WD)(A;;CC;;;AN)\n\n","Action":"%%16390","CalloutKey":"00000000-0000-0000-0000-000000000000","CalloutName":"-"}}}
{"Event_attributes":{"xmlns":"http://schemas.microsoft.com/win/2004/08/events/event"},"Event":{"System":{"Provider_attributes":{"Name":"Microsoft-Windows-Security-Auditing","Guid":"54849625-5478-4994-A5BA-3E3B0328C30D"},"EventID":5447,"Version":0,"Level":0,"Task":13573,"Opcode":0,"Keywords":"0x8020000000000000","TimeCreated_attributes":{"SystemTime":"2021-06-03T19:17:46.798042Z"},"EventRecordID":1965728,"Correlation_attributes":{"ActivityID":"38068009-512D-0000-1D80-06382D51D701"},"Execution_attributes":{"ProcessID":556,"ThreadID":2532},"Channel":"Security","Computer":"fs01.offsec.lan","Security":null},"EventData":{"ProcessId":1000,"UserSid":"S-1-5-19","UserName":"NT AUTHORITY\\LOCAL SERVICE","ProviderKey":"4B153735-1049-4480-AAB4-D1B9BDC03710","ProviderName":"Microsoft Corporation","ChangeType":"%%16385","FilterKey":"88910FF8-F858-48F9-9E76-B93B9E4B3CCF","FilterName":"PrivateNetwork Inbound Default Rule","FilterType":"%%16388","FilterId":71940,"LayerKey":"E1CD9FE7-F4B5-4273-96C0-592E487B8650","LayerName":"ALE Receive/Accept v4 Layer","LayerId":44,"Weight":72058418671649276,"Conditions":"\n\tCondition ID:\t{71bc78fa-f17c-4997-a602-6abb261f351c}\n\tMatch value:\tNot equal to\n\tCondition value:\t-\n\n\tCondition ID:\t{b235ae9a-1d64-49b8-a44c-5ff3d9095045}\n\tMatch value:\tIn range\n\tCondition value:\t0xe0000000 - 0xefffffff\n\n\tCondition ID:\t{46ea1551-2255-492b-8019-aabeee349f40}\n\tMatch value:\tEqual to\n\tCondition value:\t0x00000003\n\n\tCondition ID:\t{ab3033c9-c0e3-4759-937d-5758c65d4ae3}\n\tMatch value:\tEqual to\n\tCondition value:\t0x00000003\n\n\tCondition ID:\t{af043a0a-b34d-4f86-979c-c90371af6e66}\n\tMatch value:\tEqual to\n\tCondition value:\t\nO:LSD:(A;;CC;;;S-1-15-3-3)(A;;CC;;;WD)(A;;CC;;;AN)\n\n","Action":"%%16390","CalloutKey":"00000000-0000-0000-0000-000000000000","CalloutName":"-"}}}
{"Event_attributes":{"xmlns":"http://schemas.microsoft.com/win/2004/08/events/event"},"Event":{"System":{"Provider_attributes":{"Name":"Microsoft-Windows-Security-Auditing","Guid":"54849625-5478-4994-A5BA-3E3B0328C30D"},"EventID":5447,"Version":0,"Level":0,"Task":13573,"Opcode":0,"Keywords":"0x8020000000000000","TimeCreated_attributes":{"SystemTime":"2021-06-03T19:17:46.798072Z"},"EventRecordID":1965729,"Correlation_attributes":{"ActivityID":"38068009-512D-0000-1D80-06382D51D701"},"Execution_attributes":{"ProcessID":556,"ThreadID":2532},"Channel":"Security","Computer":"fs01.offsec.lan","Security":null},"EventData":{"ProcessId":1000,"UserSid":"S-1-5-19","UserName":"NT AUTHORITY\\LOCAL SERVICE","ProviderKey":"4B153735-1049-4480-AAB4-D1B9BDC03710","ProviderName":"Microsoft Corporation","ChangeType":"%%16385","FilterKey":"FBF33F32-ACA8-49BD-89F7-4489CE5F1B30","FilterName":"PrivateNetwork Inbound Default Rule","FilterType":"%%16388","FilterId":71941,"LayerKey":"A3B42C97-9F04-4672-B87E-CEE9C483257F","LayerName":"ALE Receive/Accept v6 Layer","LayerId":46,"Weight":288230582310142460,"Conditions":"\n\tCondition ID:\t{71bc78fa-f17c-4997-a602-6abb261f351c}\n\tMatch value:\tNot equal to\n\tCondition value:\t-\n\n\tCondition ID:\t{b235ae9a-1d64-49b8-a44c-5ff3d9095045}\n\tMatch value:\tIn range\n\tCondition value:\tfe800000000000000000000000000000 - fe80000000000000ffffffffffffffff\n\n\tCondition ID:\t{46ea1551-2255-492b-8019-aabeee349f40}\n\tMatch value:\tEqual to\n\tCondition value:\t0x00000003\n\n\tCondition ID:\t{ab3033c9-c0e3-4759-937d-5758c65d4ae3}\n\tMatch value:\tEqual to\n\tCondition value:\t0x00000003\n\n\tCondition ID:\t{af043a0a-b34d-4f86-979c-c90371af6e66}\n\tMatch value:\tEqual to\n\tCondition value:\t\nO:LSD:(A;;CC;;;S-1-15-3-3)(A;;CC;;;WD)(A;;CC;;;AN)\n\n","Action":"%%16390","CalloutKey":"00000000-0000-0000-0000-000000000000","CalloutName":"-"}}}
{"Event_attributes":{"xmlns":"http://schemas.microsoft.com/win/2004/08/events/event"},"Event":{"System":{"Provider_attributes":{"Name":"Microsoft-Windows-Security-Auditing","Guid":"54849625-5478-4994-A5BA-3E3B0328C30D"},"EventID":5447,"Version":0,"Level":0,"Task":13573,"Opcode":0,"Keywords":"0x8020000000000000","TimeCreated_attributes":{"SystemTime":"2021-06-03T19:17:46.798102Z"},"EventRecordID":1965730,"Correlation_attributes":{"ActivityID":"38068009-512D-0000-1D80-06382D51D701"},"Execution_attributes":{"ProcessID":556,"ThreadID":2532},"Channel":"Security","Computer":"fs01.offsec.lan","Security":null},"EventData":{"ProcessId":1000,"UserSid":"S-1-5-19","UserName":"NT AUTHORITY\\LOCAL SERVICE","ProviderKey":"4B153735-1049-4480-AAB4-D1B9BDC03710","ProviderName":"Microsoft Corporation","ChangeType":"%%16385","FilterKey":"8CC4DD07-17ED-44C7-A3A4-25D0DA8729DA","FilterName":"PrivateNetwork Inbound Default Rule","FilterType":"%%16388","FilterId":71942,"LayerKey":"A3B42C97-9F04-4672-B87E-CEE9C483257F","LayerName":"ALE Receive/Accept v6 Layer","LayerId":46,"Weight":36029003177394684,"Conditions":"\n\tCondition ID:\t{71bc78fa-f17c-4997-a602-6abb261f351c}\n\tMatch value:\tNot equal to\n\tCondition value:\t-\n\n\tCondition ID:\t{b235ae9a-1d64-49b8-a44c-5ff3d9095045}\n\tMatch value:\tIn range\n\tCondition value:\tff000000000000000000000000000000 - ffffffffffffffffffffffffffffffff\n\n\tCondition ID:\t{46ea1551-2255-492b-8019-aabeee349f40}\n\tMatch value:\tEqual to\n\tCondition value:\t0x00000003\n\n\tCondition ID:\t{ab3033c9-c0e3-4759-937d-5758c65d4ae3}\n\tMatch value:\tEqual to\n\tCondition value:\t0x00000003\n\n\tCondition ID:\t{af043a0a-b34d-4f86-979c-c90371af6e66}\n\tMatch value:\tEqual to\n\tCondition value:\t\nO:LSD:(A;;CC;;;S-1-15-3-3)(A;;CC;;;WD)(A;;CC;;;AN)\n\n","Action":"%%16390","CalloutKey":"00000000-0000-0000-0000-000000000000","CalloutName":"-"}}}
{"Event_attributes":{"xmlns":"http://schemas.microsoft.com/win/2004/08/events/event"},"Event":{"System":{"Provider_attributes":{"Name":"Microsoft-Windows-Security-Auditing","Guid":"54849625-5478-4994-A5BA-3E3B0328C30D"},"EventID":5447,"Version":0,"Level":0,"Task":13573,"Opcode":0,"Keywords":"0x8020000000000000","TimeCreated_attributes":{"SystemTime":"2021-06-03T19:17:46.798131Z"},"EventRecordID":1965731,"Correlation_attributes":{"ActivityID":"38068009-512D-0000-1D80-06382D51D701"},"Execution_attributes":{"ProcessID":556,"ThreadID":2532},"Channel":"Security","Computer":"fs01.offsec.lan","Security":null},"EventData":{"ProcessId":1000,"UserSid":"S-1-5-19","UserName":"NT AUTHORITY\\LOCAL SERVICE","ProviderKey":"4B153735-1049-4480-AAB4-D1B9BDC03710","ProviderName":"Microsoft Corporation","ChangeType":"%%16385","FilterKey":"B6767F1F-17E5-49B4-80A0-8894AA7A3EDE","FilterName":"PrivateNetwork Outbound Default Rule","FilterType":"%%16388","FilterId":71943,"LayerKey":"C38D57D1-05A7-4C33-904F-7FBCEEE60E82","LayerName":"ALE Connect v4 Layer","LayerId":48,"Weight":216172988272215036,"Conditions":"\n\tCondition ID:\t{71bc78fa-f17c-4997-a602-6abb261f351c}\n\tMatch value:\tNot equal to\n\tCondition value:\t-\n\n\tCondition ID:\t{b235ae9a-1d64-49b8-a44c-5ff3d9095045}\n\tMatch value:\tIn range\n\tCondition value:\t0x0a172a00 - 0x0a172aff\n\n\tCondition ID:\t{46ea1551-2255-492b-8019-aabeee349f40}\n\tMatch value:\tEqual to\n\tCondition value:\t0x00000003\n\n\tCondition ID:\t{ab3033c9-c0e3-4759-937d-5758c65d4ae3}\n\tMatch value:\tEqual to\n\tCondition value:\t0x00000003\n\n\tCondition ID:\t{af043a0a-b34d-4f86-979c-c90371af6e66}\n\tMatch value:\tEqual to\n\tCondition value:\t\nO:LSD:(A;;CC;;;S-1-15-3-3)(A;;CC;;;WD)(A;;CC;;;AN)\n\n","Action":"%%16390","CalloutKey":"00000000-0000-0000-0000-000000000000","CalloutName":"-"}}}
{"Event_attributes":{"xmlns":"http://schemas.microsoft.com/win/2004/08/events/event"},"Event":{"System":{"Provider_attributes":{"Name":"Microsoft-Windows-Security-Auditing","Guid":"54849625-5478-4994-A5BA-3E3B0328C30D"},"EventID":5447,"Version":0,"Level":0,"Task":13573,"Opcode":0,"Keywords":"0x8020000000000000","TimeCreated_attributes":{"SystemTime":"2021-06-03T19:17:46.798160Z"},"EventRecordID":1965732,"Correlation_attributes":{"ActivityID":"38068009-512D-0000-1D80-06382D51D701"},"Execution_attributes":{"ProcessID":556,"ThreadID":2532},"Channel":"Security","Computer":"fs01.offsec.lan","Security":null},"EventData":{"ProcessId":1000,"UserSid":"S-1-5-19","UserName":"NT AUTHORITY\\LOCAL SERVICE","ProviderKey":"4B153735-1049-4480-AAB4-D1B9BDC03710","ProviderName":"Microsoft Corporation","ChangeType":"%%16385","FilterKey":"BF6A2CF3-5F54-455A-91C8-921DA199E41A","FilterName":"PrivateNetwork Outbound Default Rule","FilterType":"%%16388","FilterId":71944,"LayerKey":"C38D57D1-05A7-4C33-904F-7FBCEEE60E82","LayerName":"ALE Connect v4 Layer","LayerId":48,"Weight":36029003177395196,"Conditions":"\n\tCondition ID:\t{71bc78fa-f17c-4997-a602-6abb261f351c}\n\tMatch value:\tNot equal to\n\tCondition value:\t-\n\n\tCondition ID:\t{b235ae9a-1d64-49b8-a44c-5ff3d9095045}\n\tMatch value:\tIn range\n\tCondition value:\t0xe0000000 - 0xefffffff\n\n\tCondition ID:\t{46ea1551-2255-492b-8019-aabeee349f40}\n\tMatch value:\tEqual to\n\tCondition value:\t0x00000003\n\n\tCondition ID:\t{ab3033c9-c0e3-4759-937d-5758c65d4ae3}\n\tMatch value:\tEqual to\n\tCondition value:\t0x00000003\n\n\tCondition ID:\t{af043a0a-b34d-4f86-979c-c90371af6e66}\n\tMatch value:\tEqual to\n\tCondition value:\t\nO:LSD:(A;;CC;;;S-1-15-3-3)(A;;CC;;;WD)(A;;CC;;;AN)\n\n","Action":"%%16390","CalloutKey":"00000000-0000-0000-0000-000000000000","CalloutName":"-"}}}
{"Event_attributes":{"xmlns":"http://schemas.microsoft.com/win/2004/08/events/event"},"Event":{"System":{"Provider_attributes":{"Name":"Microsoft-Windows-Security-Auditing","Guid":"54849625-5478-4994-A5BA-3E3B0328C30D"},"EventID":5447,"Version":0,"Level":0,"Task":13573,"Opcode":0,"Keywords":"0x8020000000000000","TimeCreated_attributes":{"SystemTime":"2021-06-03T19:17:46.798189Z"},"EventRecordID":1965733,"Correlation_attributes":{"ActivityID":"38068009-512D-0000-1D80-06382D51D701"},"Execution_attributes":{"ProcessID":556,"ThreadID":2532},"Channel":"Security","Computer":"fs01.offsec.lan","Security":null},"EventData":{"ProcessId":1000,"UserSid":"S-1-5-19","UserName":"NT AUTHORITY\\LOCAL SERVICE","ProviderKey":"4B153735-1049-4480-AAB4-D1B9BDC03710","ProviderName":"Microsoft Corporation","ChangeType":"%%16385","FilterKey":"91787544-77EB-4F36-9148-042276ECD1AB","FilterName":"PrivateNetwork Outbound Default Rule","FilterType":"%%16388","FilterId":71945,"LayerKey":"4A72393B-319F-44BC-84C3-BA54DCB3B6B4","LayerName":"ALE Connect v6 Layer","LayerId":50,"Weight":144115239615463932,"Conditions":"\n\tCondition ID:\t{71bc78fa-f17c-4997-a602-6abb261f351c}\n\tMatch value:\tNot equal to\n\tCondition value:\t-\n\n\tCondition ID:\t{b235ae9a-1d64-49b8-a44c-5ff3d9095045}\n\tMatch value:\tIn range\n\tCondition value:\tfe800000000000000000000000000000 - fe80000000000000ffffffffffffffff\n\n\tCondition ID:\t{46ea1551-2255-492b-8019-aabeee349f40}\n\tMatch value:\tEqual to\n\tCondition value:\t0x00000003\n\n\tCondition ID:\t{ab3033c9-c0e3-4759-937d-5758c65d4ae3}\n\tMatch value:\tEqual to\n\tCondition value:\t0x00000003\n\n\tCondition ID:\t{af043a0a-b34d-4f86-979c-c90371af6e66}\n\tMatch value:\tEqual to\n\tCondition value:\t\nO:LSD:(A;;CC;;;S-1-15-3-3)(A;;CC;;;WD)(A;;CC;;;AN)\n\n","Action":"%%16390","CalloutKey":"00000000-0000-0000-0000-000000000000","CalloutName":"-"}}}
{"Event_attributes":{"xmlns":"http://schemas.microsoft.com/win/2004/08/events/event"},"Event":{"System":{"Provider_attributes":{"Name":"Microsoft-Windows-Security-Auditing","Guid":"54849625-5478-4994-A5BA-3E3B0328C30D"},"EventID":5447,"Version":0,"Level":0,"Task":13573,"Opcode":0,"Keywords":"0x8020000000000000","TimeCreated_attributes":{"SystemTime":"2021-06-03T19:17:46.798219Z"},"EventRecordID":1965734,"Correlation_attributes":{"ActivityID":"38068009-512D-0000-1D80-06382D51D701"},"Execution_attributes":{"ProcessID":556,"ThreadID":2532},"Channel":"Security","Computer":"fs01.offsec.lan","Security":null},"EventData":{"ProcessId":1000,"UserSid":"S-1-5-19","UserName":"NT AUTHORITY\\LOCAL SERVICE","ProviderKey":"4B153735-1049-4480-AAB4-D1B9BDC03710","ProviderName":"Microsoft Corporation","ChangeType":"%%16385","FilterKey":"C6BAC363-3C97-4E2C-9C3B-5BAA03FAB3C4","FilterName":"PrivateNetwork Outbound Default Rule","FilterType":"%%16388","FilterId":71946,"LayerKey":"4A72393B-319F-44BC-84C3-BA54DCB3B6B4","LayerName":"ALE Connect v6 Layer","LayerId":50,"Weight":18014450049090044,"Conditions":"\n\tCondition ID:\t{71bc78fa-f17c-4997-a602-6abb261f351c}\n\tMatch value:\tNot equal to\n\tCondition value:\t-\n\n\tCondition ID:\t{b235ae9a-1d64-49b8-a44c-5ff3d9095045}\n\tMatch value:\tIn range\n\tCondition value:\tff000000000000000000000000000000 - ffffffffffffffffffffffffffffffff\n\n\tCondition ID:\t{46ea1551-2255-492b-8019-aabeee349f40}\n\tMatch value:\tEqual to\n\tCondition value:\t0x00000003\n\n\tCondition ID:\t{ab3033c9-c0e3-4759-937d-5758c65d4ae3}\n\tMatch value:\tEqual to\n\tCondition value:\t0x00000003\n\n\tCondition ID:\t{af043a0a-b34d-4f86-979c-c90371af6e66}\n\tMatch value:\tEqual to\n\tCondition value:\t\nO:LSD:(A;;CC;;;S-1-15-3-3)(A;;CC;;;WD)(A;;CC;;;AN)\n\n","Action":"%%16390","CalloutKey":"00000000-0000-0000-0000-000000000000","CalloutName":"-"}}}
