{"Event_attributes":{"xmlns":"http://schemas.microsoft.com/win/2004/08/events/event"},"Event":{"System":{"Provider_attributes":{"Name":"Microsoft-Windows-Eventlog","Guid":"{fc65ddd8-d6ef-4962-83d5-6e5cfe9ce148}"},"EventID":1102,"Version":0,"Level":4,"Task":104,"Opcode":0,"Keywords":"0x4020000000000000","TimeCreated_attributes":{"SystemTime":"2021-06-03T19:17:44.873287Z"},"EventRecordID":1965597,"Correlation":null,"Execution_attributes":{"ProcessID":940,"ThreadID":620},"Channel":"Security","Computer":"fs01.offsec.lan","Security":null},"UserData":{"LogFileCleared_attributes":{"xmlns":"http://manifests.microsoft.com/win/2004/08/windows/eventlog"},"LogFileCleared":{"SubjectUserSid":"S-1-5-21-4230534742-2542757381-3142984815-1111","SubjectUserName":"admmig","SubjectDomainName":"OFFSEC","SubjectLogonId":"0x46b7b4"}}}}
{"Event_attributes":{"xmlns":"http://schemas.microsoft.com/win/2004/08/events/event"},"Event":{"System":{"Provider_attributes":{"Name":"Microsoft-Windows-Security-Auditing","Guid":"54849625-5478-4994-A5BA-3E3B0328C30D"},"EventID":4688,"Version":2,"Level":0,"Task":13312,"Opcode":0,"Keywords":"0x8020000000000000","TimeCreated_attributes":{"SystemTime":"2021-06-03T19:17:46.489976Z"},"EventRecordID":1965598,"Correlation":null,"Execution_attributes":{"ProcessID":4,"ThreadID":1720},"Channel":"Security","Computer":"fs01.offsec.lan","Security":null},"EventData":{"SubjectUserSid":"S-1-5-21-4230534742-2542757381-3142984815-1111","SubjectUserName":"admmig","SubjectDomainName":"OFFSEC","SubjectLogonId":"0x46b7b4","NewProcessId":"0xfa8","NewProcessName":"C:\\Windows\\System32\\netsh.exe","TokenElevationType":"%%1937","ProcessId":"0xa38","CommandLine":"netsh  a s p state off","TargetUserSid":"S-1-0-0","TargetUserName":"-","TargetDomainName":"-","TargetLogonId":"0x0","ParentProcessName":"C:\\Windows\\System32\\cmd.exe","MandatoryLabel":"S-1-16-12288"}}}
{"Event_attributes":{"xmlns":"http://schemas.microsoft.com/win/2004/08/events/event"},"Event":{"System":{"Provider_attributes":{"Name":"Microsoft-Windows-Security-Auditing","Guid":"54849625-5478-4994-A5BA-3E3B0328C30D"},"EventID":4950,"Version":0,"Level":0,"Task":13571,"Opcode":0,"Keywords":"0x8020000000000000","TimeCreated_attributes":{"SystemTime":"2021-06-03T19:17:46.557718Z"},"EventRecordID":1965599,"Correlation_attributes":{"ActivityID":"38068009-512D-0000-1D80-06382D51D701"},"Execution_attributes":{"ProcessID":556,"ThreadID":2532},"Channel":"Security","Computer":"fs01.offsec.lan","Security":null},"EventData":{"ProfileChanged":"Private","SettingType":"Enable Windows Firewall","SettingValue":"No"}}}
{"Event_attributes":{"xmlns":"http://schemas.microsoft.com/win/2004/08/events/event"},"Event":{"System":{"Provider_attributes":{"Name":"Microsoft-Windows-Security-Auditing","Guid":"54849625-5478-4994-A5BA-3E3B0328C30D"},"EventID":4688,"Version":2,"Level":0,"Task":13312,"Opcode":0,"Keywords":"0x8020000000000000","TimeCreated_attributes":{"SystemTime":"2021-06-03T19:17:46.577230Z"},"EventRecordID":1965600,"Correlation":null,"Execution_attributes":{"ProcessID":4,"ThreadID":1720},"Channel":"Security","Computer":"fs01.offsec.lan","Security":null},"EventData":{"SubjectUserSid":"S-1-5-21-4230534742-2542757381-3142984815-1111","SubjectUserName":"admmig","SubjectDomainName":"OFFSEC","SubjectLogonId":"0x46b7b4","NewProcessId":"0x10fc","NewProcessName":"C:\\Windows\\System32\\netsh.exe","TokenElevationType":"%%1937","ProcessId":"0xa38","CommandLine":"netsh  advfirewall set privateprofile state off","TargetUserSid":"S-1-0-0","TargetUserName":"-","TargetDomainName":"-","TargetLogonId":"0x0","ParentProcessName":"C:\\Windows\\System32\\cmd.exe","MandatoryLabel":"S-1-16-12288"}}}
{"Event_attributes":{"xmlns":"http://schemas.microsoft.com/win/2004/08/events/event"},"Event":{"System":{"Provider_attributes":{"Name":"Microsoft-Windows-Security-Auditing","Guid":"54849625-5478-4994-A5BA-3E3B0328C30D"},"EventID":4950,"Version":0,"Level":0,"Task":13571,"Opcode":0,"Keywords":"0x8020000000000000","TimeCreated_attributes":{"SystemTime":"2021-06-03T19:17:46.650739Z"},"EventRecordID":1965601,"Correlation_attributes":{"ActivityID":"38068009-512D-0000-1D80-06382D51D701"},"Execution_attributes":{"ProcessID":556,"ThreadID":2532},"Channel":"Security","Computer":"fs01.offsec.lan","Security":null},"EventData":{"ProfileChanged":"Private","SettingType":"Enable Windows Firewall","SettingValue":"No"}}}
{"Event_attributes":{"xmlns":"http://schemas.microsoft.com/win/2004/08/events/event"},"Event":{"System":{"Provider_attributes":{"Name":"Microsoft-Windows-Security-Auditing","Guid":"54849625-5478-4994-A5BA-3E3B0328C30D"},"EventID":4688,"Version":2,"Level":0,"Task":13312,"Opcode":0,"Keywords":"0x8020000000000000","TimeCreated_attributes":{"SystemTime":"2021-06-03T19:17:46.666022Z"},"EventRecordID":1965602,"Correlation":null,"Execution_attributes":{"ProcessID":4,"ThreadID":1720},"Channel":"Security","Computer":"fs01.offsec.lan","Security":null},"EventData":{"SubjectUserSid":"S-1-5-21-4230534742-2542757381-3142984815-1111","SubjectUserName":"admmig","SubjectDomainName":"OFFSEC","SubjectLogonId":"0x46b7b4","NewProcessId":"0x1598","NewProcessName":"C:\\Windows\\System32\\netsh.exe","TokenElevationType":"%%1937","ProcessId":"0xa38","CommandLine":"netsh  f s o d","TargetUserSid":"S-1-0-0","TargetUserName":"-","TargetDomainName":"-","TargetLogonId":"0x0","ParentProcessName":"C:\\Windows\\System32\\cmd.exe","MandatoryLabel":"S-1-16-12288"}}}
{"Event_attributes":{"xmlns":"http://schemas.microsoft.com/win/2004/08/events/event"},"Event":{"System":{"Provider_attributes":{"Name":"Microsoft-Windows-Security-Auditing","Guid":"54849625-5478-4994-A5BA-3E3B0328C30D"},"EventID":5447,"Version":0,"Level":0,"Task":13573,"Opcode":0,"Keywords":"0x8020000000000000","TimeCreated_attributes":{"SystemTime":"2021-06-03T19:17:46.751926Z"},"EventRecordID":1965603,"Correlation_attributes":{"ActivityID":"38068009-512D-0000-1D80-06382D51D701"},"Execution_attributes":{"ProcessID":556,"ThreadID":2532},"Channel":"Security","Computer":"fs01.offsec.lan","Security":null},"EventData":{"ProcessId":1000,"UserSid":"S-1-5-19","UserName":"NT AUTHORITY\\LOCAL SERVICE","ProviderKey":"4B153735-1049-4480-AAB4-D1B9BDC03710","ProviderName":"Microsoft Corporation","ChangeType":"%%16384","FilterKey":"76670131-7EF9-4651-A5C1-0C6AB8C26AFC","FilterName":"PrivateNetwork Inbound Default Rule","FilterType":"%%16388","FilterId":72062,"LayerKey":"E1CD9FE7-F4B5-4273-96C0-592E487B8650","LayerName":"ALE Receive/Accept v4 Layer","LayerId":44,"Weight":432346388861288956,"Conditions":"\n\tCondition ID:\t{71bc78fa-f17c-4997-a602-6abb261f351c}\n\tMatch value:\tNot equal to\n\tCondition value:\t-\n\n\tCondition ID:\t{b235ae9a-1d64-49b8-a44c-5ff3d9095045}\n\tMatch value:\tIn range\n\tCondition value:\t0x0a172a00 - 0x0a172aff\n\n\tCondition ID:\t{46ea1551-2255-492b-8019-aabeee349f40}\n\tMatch value:\tEqual to\n\tCondition value:\t0x00000003\n\n\tCondition ID:\t{ab3033c9-c0e3-4759-937d-5758c65d4ae3}\n\tMatch value:\tEqual to\n\tCondition value:\t0x00000003\n\n\tCondition ID:\t{af043a0a-b34d-4f86-979c-c90371af6e66}\n\tMatch value:\tEqual to\n\tCondition value:\t\nO:LSD:(A;;CC;;;S-1-15-3-3)(A;;CC;;;WD)(A;;CC;;;AN)\n\n","Action":"%%16390","CalloutKey":"00000000-0000-0000-0000-000000000000","CalloutName":"-"}}}
{"Event_attributes":{"xmlns":"http://schemas.microsoft.com/win/2004/08/events/event"},"Event":{"System":{"Provider_attributes":{"Name":"Microsoft-Windows-Security-Auditing","Guid":"54849625-5478-4994-A5BA-3E3B0328C30D"},"EventID":5447,"Version":0,"Level":0,"Task":13573,"Opcode":0,"Keywords":"0x8020000000000000","TimeCreated_attributes":{"SystemTime":"2021-06-03T19:17:46.752085Z"},"EventRecordID":1965604,"Correlation_attributes":{"ActivityID":"38068009-512D-0000-1D80-06382D51D701"},"Execution_attributes":{"ProcessID":556,"ThreadID":2532},"Channel":"Security","Computer":"fs01.offsec.lan","Security":null},"EventData":{"ProcessId":1000,"UserSid":"S-1-5-19","UserName":"NT AUTHORITY\\LOCAL SERVICE","ProviderKey":"4B153735-1049-4480-AAB4-D1B9BDC03710","ProviderName":"Microsoft Corporation","ChangeType":"%%16384","FilterKey":"E56E5256-42C7-4EA3-A434-D31D1BA56319","FilterName":"PrivateNetwork Inbound Default Rule","FilterType":"%%16388","FilterId":72063,"LayerKey":"E1CD9FE7-F4B5-4273-96C0-592E487B8650","LayerName":"ALE Receive/Accept v4 Layer","LayerId":44,"Weight":72058418671649276,"Conditions":"\n\tCondition ID:\t{71bc78fa-f17c-4997-a602-6abb261f351c}\n\tMatch value:\tNot equal to\n\tCondition value:\t-\n\n\tCondition ID:\t{b235ae9a-1d64-49b8-a44c-5ff3d9095045}\n\tMatch value:\tIn range\n\tCondition value:\t0xe0000000 - 0xefffffff\n\n\tCondition ID:\t{46ea1551-2255-492b-8019-aabeee349f40}\n\tMatch value:\tEqual to\n\tCondition value:\t0x00000003\n\n\tCondition ID:\t{ab3033c9-c0e3-4759-937d-5758c65d4ae3}\n\tMatch value:\tEqual to\n\tCondition value:\t0x00000003\n\n\tCondition ID:\t{af043a0a-b34d-4f86-979c-c90371af6e66}\n\tMatch value:\tEqual to\n\tCondition value:\t\nO:LSD:(A;;CC;;;S-1-15-3-3)(A;;CC;;;WD)(A;;CC;;;AN)\n\n","Action":"%%16390","CalloutKey":"00000000-0000-0000-0000-000000000000","CalloutName":"-"}}}
{"Event_attributes":{"xmlns":"http://schemas.microsoft.com/win/2004/08/events/event"},"Event":{"System":{"Provider_attributes":{"Name":"Microsoft-Windows-Security-Auditing","Guid":"54849625-5478-4994-A5BA-3E3B0328C30D"},"EventID":5447,"Version":0,"Level":0,"Task":13573,"Opcode":0,"Keywords":"0x8020000000000000","TimeCreated_attributes":{"SystemTime":"2021-06-03T19:17:46.752120Z"},"EventRecordID":1965605,"Correlation_attributes":{"ActivityID":"38068009-512D-0000-1D80-06382D51D701"},"Execution_attributes":{"ProcessID":556,"ThreadID":2532},"Channel":"Security","Computer":"fs01.offsec.lan","Security":null},"EventData":{"ProcessId":1000,"UserSid":"S-1-5-19","UserName":"NT AUTHORITY\\LOCAL SERVICE","ProviderKey":"4B153735-1049-4480-AAB4-D1B9BDC03710","ProviderName":"Microsoft Corporation","ChangeType":"%%16384","FilterKey":"A00C7A19-E721-42CF-84F6-462DEAA49FA0","FilterName":"PrivateNetwork Inbound Default Rule","FilterType":"%%16388","FilterId":72064,"LayerKey":"A3B42C97-9F04-4672-B87E-CEE9C483257F","LayerName":"ALE Receive/Accept v6 Layer","LayerId":46,"Weight":288230582310142460,"Conditions":"\n\tCondition ID:\t{71bc78fa-f17c-4997-a602-6abb261f351c}\n\tMatch value:\tNot equal to\n\tCondition value:\t-\n\n\tCondition ID:\t{b235ae9a-1d64-49b8-a44c-5ff3d9095045}\n\tMatch value:\tIn range\n\tCondition value:\tfe800000000000000000000000000000 - fe80000000000000ffffffffffffffff\n\n\tCondition ID:\t{46ea1551-2255-492b-8019-aabeee349f40}\n\tMatch value:\tEqual to\n\tCondition value:\t0x00000003\n\n\tCondition ID:\t{ab3033c9-c0e3-4759-937d-5758c65d4ae3}\n\tMatch value:\tEqual to\n\tCondition value:\t0x00000003\n\n\tCondition ID:\t{af043a0a-b34d-4f86-979c-c90371af6e66}\n\tMatch value:\tEqual to\n\tCondition value:\t\nO:LSD:(A;;CC;;;S-1-15-3-3)(A;;CC;;;WD)(A;;CC;;;AN)\n\n","Action":"%%16390","CalloutKey":"00000000-0000-0000-0000-000000000000","CalloutName":"-"}}}
{"Event_attributes":{"xmlns":"http://schemas.microsoft.com/win/2004/08/events/event"},"Event":{"System":{"Provider_attributes":{"Name":"Microsoft-Windows-Security-Auditing","Guid":"54849625-5478-4994-A5BA-3E3B0328C30D"},"EventID":5447,"Version":0,"Level":0,"Task":13573,"Opcode":0,"Keywords":"0x8020000000000000","TimeCreated_attributes":{"SystemTime":"2021-06-03T19:17:46.752149Z"},"EventRecordID":1965606,"Correlation_attributes":{"ActivityID":"38068009-512D-0000-1D80-06382D51D701"},"Execution_attributes":{"ProcessID":556,"ThreadID":2532},"Channel":"Security","Computer":"fs01.offsec.lan","Security":null},"EventData":{"ProcessId":1000,"UserSid":"S-1-5-19","UserName":"NT AUTHORITY\\LOCAL SERVICE","ProviderKey":"4B153735-1049-4480-AAB4-D1B9BDC03710","ProviderName":"Microsoft Corporation","ChangeType":"%%16384","FilterKey":"0743CB17-CDE9-4131-BBAE-FE0BB713F5D7","FilterName":"PrivateNetwork Inbound Default Rule","FilterType":"%%16388","FilterId":72065,"LayerKey":"A3B42C97-9F04-4672-B87E-CEE9C483257F","LayerName":"ALE Receive/Accept v6 Layer","LayerId":46,"Weight":36029003177394684,"Conditions":"\n\tCondition ID:\t{71bc78fa-f17c-4997-a602-6abb261f351c}\n\tMatch value:\tNot equal to\n\tCondition value:\t-\n\n\tCondition ID:\t{b235ae9a-1d64-49b8-a44c-5ff3d9095045}\n\tMatch value:\tIn range\n\tCondition value:\tff000000000000000000000000000000 - ffffffffffffffffffffffffffffffff\n\n\tCondition ID:\t{46ea1551-2255-492b-8019-aabeee349f40}\n\tMatch value:\tEqual to\n\tCondition value:\t0x00000003\n\n\tCondition ID:\t{ab3033c9-c0e3-4759-937d-5758c65d4ae3}\n\tMatch value:\tEqual to\n\tCondition value:\t0x00000003\n\n\tCondition ID:\t{af043a0a-b34d-4f86-979c-c90371af6e66}\n\tMatch value:\tEqual to\n\tCondition value:\t\nO:LSD:(A;;CC;;;S-1-15-3-3)(A;;CC;;;WD)(A;;CC;;;AN)\n\n","Action":"%%16390","CalloutKey":"00000000-0000-0000-0000-000000000000","CalloutName":"-"}}}
{"Event_attributes":{"xmlns":"http://schemas.microsoft.com/win/2004/08/events/event"},"Event":{"System":{"Provider_attributes":{"Name":"Microsoft-Windows-Security-Auditing","Guid":"54849625-5478-4994-A5BA-3E3B0328C30D"},"EventID":5447,"Version":0,"Level":0,"Task":13573,"Opcode":0,"Keywords":"0x8020000000000000","TimeCreated_attributes":{"SystemTime":"2021-06-03T19:17:46.752180Z"},"EventRecordID":1965607,"Correlation_attributes":{"ActivityID":"38068009-512D-0000-1D80-06382D51D701"},"Execution_attributes":{"ProcessID":556,"ThreadID":2532},"Channel":"Security","Computer":"fs01.offsec.lan","Security":null},"EventData":{"ProcessId":1000,"UserSid":"S-1-5-19","UserName":"NT AUTHORITY\\LOCAL SERVICE","ProviderKey":"4B153735-1049-4480-AAB4-D1B9BDC03710","ProviderName":"Microsoft Corporation","ChangeType":"%%16384","FilterKey":"9E8C7E5C-1588-4B44-9214-91B3B8677A16","FilterName":"PrivateNetwork Outbound Default Rule","FilterType":"%%16388","FilterId":72066,"LayerKey":"C38D57D1-05A7-4C33-904F-7FBCEEE60E82","LayerName":"ALE Connect v4 Layer","LayerId":48,"Weight":216172988272215036,"Conditions":"\n\tCondition ID:\t{71bc78fa-f17c-4997-a602-6abb261f351c}\n\tMatch value:\tNot equal to\n\tCondition value:\t-\n\n\tCondition ID:\t{b235ae9a-1d64-49b8-a44c-5ff3d9095045}\n\tMatch value:\tIn range\n\tCondition value:\t0x0a172a00 - 0x0a172aff\n\n\tCondition ID:\t{46ea1551-2255-492b-8019-aabeee349f40}\n\tMatch value:\tEqual to\n\tCondition value:\t0x00000003\n\n\tCondition ID:\t{ab3033c9-c0e3-4759-937d-5758c65d4ae3}\n\tMatch value:\tEqual to\n\tCondition value:\t0x00000003\n\n\tCondition ID:\t{af043a0a-b34d-4f86-979c-c90371af6e66}\n\tMatch value:\tEqual to\n\tCondition value:\t\nO:LSD:(A;;CC;;;S-1-15-3-3)(A;;CC;;;WD)(A;;CC;;;AN)\n\n","Action":"%%16390","CalloutKey":"00000000-0000-0000-0000-000000000000","CalloutName":"-"}}}
{"Event_attributes":{"xmlns":"http://schemas.microsoft.com/win/2004/08/events/event"},"Event":{"System":{"Provider_attributes":{"Name":"Microsoft-Windows-Security-Auditing","Guid":"54849625-5478-4994-A5BA-3E3B0328C30D"},"EventID":5447,"Version":0,"Level":0,"Task":13573,"Opcode":0,"Keywords":"0x8020000000000000","TimeCreated_attributes":{"SystemTime":"2021-06-03T19:17:46.752209Z"},"EventRecordID":1965608,"Correlation_attributes":{"ActivityID":"38068009-512D-0000-1D80-06382D51D701"},"Execution_attributes":{"ProcessID":556,"ThreadID":2532},"Channel":"Security","Computer":"fs01.offsec.lan","Security":null},"EventData":{"ProcessId":1000,"UserSid":"S-1-5-19","UserName":"NT AUTHORITY\\LOCAL SERVICE","ProviderKey":"4B153735-1049-4480-AAB4-D1B9BDC03710","ProviderName":"Microsoft Corporation","ChangeType":"%%16384","FilterKey":"CAFC9479-C063-4C21-873A-0C7EA577572E","FilterName":"PrivateNetwork Outbound Default Rule","FilterType":"%%16388","FilterId":72067,"LayerKey":"C38D57D1-05A7-4C33-904F-7FBCEEE60E82","LayerName":"ALE Connect v4 Layer","LayerId":48,"Weight":36029003177395196,"Conditions":"\n\tCondition ID:\t{71bc78fa-f17c-4997-a602-6abb261f351c}\n\tMatch value:\tNot equal to\n\tCondition value:\t-\n\n\tCondition ID:\t{b235ae9a-1d64-49b8-a44c-5ff3d9095045}\n\tMatch value:\tIn range\n\tCondition value:\t0xe0000000 - 0xefffffff\n\n\tCondition ID:\t{46ea1551-2255-492b-8019-aabeee349f40}\n\tMatch value:\tEqual to\n\tCondition value:\t0x00000003\n\n\tCondition ID:\t{ab3033c9-c0e3-4759-937d-5758c65d4ae3}\n\tMatch value:\tEqual to\n\tCondition value:\t0x00000003\n\n\tCondition ID:\t{af043a0a-b34d-4f86-979c-c90371af6e66}\n\tMatch value:\tEqual to\n\tCondition value:\t\nO:LSD:(A;;CC;;;S-1-15-3-3)(A;;CC;;;WD)(A;;CC;;;AN)\n\n","Action":"%%16390","CalloutKey":"00000000-0000-0000-0000-000000000000","CalloutName":"-"}}}
{"Event_attributes":{"xmlns":"http://schemas.microsoft.com/win/2004/08/events/event"},"Event":{"System":{"Provider_attributes":{"Name":"Microsoft-Windows-Security-Auditing","Guid":"54849625-5478-4994-A5BA-3E3B0328C30D"},"EventID":5447,"Version":0,"Level":0,"Task":13573,"Opcode":0,"Keywords":"0x8020000000000000","TimeCreated_attributes":{"SystemTime":"2021-06-03T19:17:46.752237Z"},"EventRecordID":1965609,"Correlation_attributes":{"ActivityID":"38068009-512D-0000-1D80-06382D51D701"},"Execution_attributes":{"ProcessID":556,"ThreadID":2532},"Channel":"Security","Computer":"fs01.offsec.lan","Security":null},"EventData":{"ProcessId":1000,"UserSid":"S-1-5-19","UserName":"NT AUTHORITY\\LOCAL SERVICE","ProviderKey":"4B153735-1049-4480-AAB4-D1B9BDC03710","ProviderName":"Microsoft Corporation","ChangeType":"%%16384","FilterKey":"937B927D-FC40-4FD7-99BA-9433E58591A0","FilterName":"PrivateNetwork Outbound Default Rule","FilterType":"%%16388","FilterId":72068,"LayerKey":"4A72393B-319F-44BC-84C3-BA54DCB3B6B4","LayerName":"ALE Connect v6 Layer","LayerId":50,"Weight":144115239615463932,"Conditions":"\n\tCondition ID:\t{71bc78fa-f17c-4997-a602-6abb261f351c}\n\tMatch value:\tNot equal to\n\tCondition value:\t-\n\n\tCondition ID:\t{b235ae9a-1d64-49b8-a44c-5ff3d9095045}\n\tMatch value:\tIn range\n\tCondition value:\tfe800000000000000000000000000000 - fe80000000000000ffffffffffffffff\n\n\tCondition ID:\t{46ea1551-2255-492b-8019-aabeee349f40}\n\tMatch value:\tEqual to\n\tCondition value:\t0x00000003\n\n\tCondition ID:\t{ab3033c9-c0e3-4759-937d-5758c65d4ae3}\n\tMatch value:\tEqual to\n\tCondition value:\t0x00000003\n\n\tCondition ID:\t{af043a0a-b34d-4f86-979c-c90371af6e66}\n\tMatch value:\tEqual to\n\tCondition value:\t\nO:LSD:(A;;CC;;;S-1-15-3-3)(A;;CC;;;WD)(A;;CC;;;AN)\n\n","Action":"%%16390","CalloutKey":"00000000-0000-0000-0000-000000000000","CalloutName":"-"}}}
{"Event_attributes":{"xmlns":"http://schemas.microsoft.com/win/2004/08/events/event"},"Event":{"System":{"Provider_attributes":{"Name":"Microsoft-Windows-Security-Auditing","Guid":"54849625-5478-4994-A5BA-3E3B0328C30D"},"EventID":5447,"Version":0,"Level":0,"Task":13573,"Opcode":0,"Keywords":"0x8020000000000000","TimeCreated_attributes":{"SystemTime":"2021-06-03T19:17:46.752280Z"},"EventRecordID":1965610,"Correlation_attributes":{"ActivityID":"38068009-512D-0000-1D80-06382D51D701"},"Execution_attributes":{"ProcessID":556,"ThreadID":2532},"Channel":"Security","Computer":"fs01.offsec.lan","Security":null},"EventData":{"ProcessId":1000,"UserSid":"S-1-5-19","UserName":"NT AUTHORITY\\LOCAL SERVICE","ProviderKey":"4B153735-1049-4480-AAB4-D1B9BDC03710","ProviderName":"Microsoft Corporation","ChangeType":"%%16384","FilterKey":"FAD70742-E21C-456D-890A-2725D5E642D9","FilterName":"PrivateNetwork Outbound Default Rule","FilterType":"%%16388","FilterId":72069,"LayerKey":"4A72393B-319F-44BC-84C3-BA54DCB3B6B4","LayerName":"ALE Connect v6 Layer","LayerId":50,"Weight":18014450049090044,"Conditions":"\n\tCondition ID:\t{71bc78fa-f17c-4997-a602-6abb261f351c}\n\tMatch value:\tNot equal to\n\tCondition value:\t-\n\n\tCondition ID:\t{b235ae9a-1d64-49b8-a44c-5ff3d9095045}\n\tMatch value:\tIn range\n\tCondition value:\tff000000000000000000000000000000 - ffffffffffffffffffffffffffffffff\n\n\tCondition ID:\t{46ea1551-2255-492b-8019-aabeee349f40}\n\tMatch value:\tEqual to\n\tCondition value:\t0x00000003\n\n\tCondition ID:\t{ab3033c9-c0e3-4759-937d-5758c65d4ae3}\n\tMatch value:\tEqual to\n\tCondition value:\t0x00000003\n\n\tCondition ID:\t{af043a0a-b34d-4f86-979c-c90371af6e66}\n\tMatch value:\tEqual to\n\tCondition value:\t\nO:LSD:(A;;CC;;;S-1-15-3-3)(A;;CC;;;WD)(A;;CC;;;AN)\n\n","Action":"%%16390","CalloutKey":"00000000-0000-0000-0000-000000000000","CalloutName":"-"}}}
{"Event_attributes":{"xmlns":"http://schemas.microsoft.com/win/2004/08/events/event"},"Event":{"System":{"Provider_attributes":{"Name":"Microsoft-Windows-Security-Auditing","Guid":"54849625-5478-4994-A5BA-3E3B0328C30D"},"EventID":5447,"Version":0,"Level":0,"Task":13573,"Opcode":0,"Keywords":"0x8020000000000000","TimeCreated_attributes":{"SystemTime":"2021-06-03T19:17:46.752317Z"},"EventRecordID":1965611,"Correlation_attributes":{"ActivityID":"38068009-512D-0000-1D80-06382D51D701"},"Execution_attributes":{"ProcessID":556,"ThreadID":2532},"Channel":"Security","Computer":"fs01.offsec.lan","Security":null},"EventData":{"ProcessId":1000,"UserSid":"S-1-5-19","UserName":"NT AUTHORITY\\LOCAL SERVICE","ProviderKey":"4B153735-1049-4480-AAB4-D1B9BDC03710","ProviderName":"Microsoft Corporation","ChangeType":"%%16384","FilterKey":"54A45C7F-8B8D-4B22-BEA2-7CF1BDE711F2","FilterName":"InternetClientServer Inbound Default Rule","FilterType":"%%16388","FilterId":72070,"LayerKey":"E1CD9FE7-F4B5-4273-96C0-592E487B8650","LayerName":"ALE Receive/Accept v4 Layer","LayerId":44,"Weight":81065617926390268,"Conditions":"\n\tCondition ID:\t{71bc78fa-f17c-4997-a602-6abb261f351c}\n\tMatch value:\tNot equal to\n\tCondition value:\t-\n\n\tCondition ID:\t{b235ae9a-1d64-49b8-a44c-5ff3d9095045}\n\tMatch value:\tIn range\n\tCondition value:\t0x00000000 - 0x0a172a00\n\n\tCondition ID:\t{46ea1551-2255-492b-8019-aabeee349f40}\n\tMatch value:\tEqual to\n\tCondition value:\t0x00000003\n\n\tCondition ID:\t{ab3033c9-c0e3-4759-937d-5758c65d4ae3}\n\tMatch value:\tEqual to\n\tCondition value:\t0x00000003\n\n\tCondition ID:\t{af043a0a-b34d-4f86-979c-c90371af6e66}\n\tMatch value:\tEqual to\n\tCondition value:\t\nO:LSD:(A;;CC;;;S-1-15-3-2)(A;;CC;;;WD)(A;;CC;;;AN)\n\n","Action":"%%16390","CalloutKey":"00000000-0000-0000-0000-000000000000","CalloutName":"-"}}}
{"Event_attributes":{"xmlns":"http://schemas.microsoft.com/win/2004/08/events/event"},"Event":{"System":{"Provider_attributes":{"Name":"Microsoft-Windows-Security-Auditing","Guid":"54849625-5478-4994-A5BA-3E3B0328C30D"},"EventID":5447,"Version":0,"Level":0,"Task":13573,"Opcode":0,"Keywords":"0x8020000000000000","TimeCreated_attributes":{"SystemTime":"2021-06-03T19:17:46.752346Z"},"EventRecordID":1965612,"Correlation_attributes":{"ActivityID":"38068009-512D-0000-1D80-06382D51D701"},"Execution_attributes":{"ProcessID":556,"ThreadID":2532},"Channel":"Security","Computer":"fs01.offsec.lan","Security":null},"EventData":{"ProcessId":1000,"UserSid":"S-1-5-19","UserName":"NT AUTHORITY\\LOCAL SERVICE","ProviderKey":"4B153735-1049-4480-AAB4-D1B9BDC03710","ProviderName":"Microsoft Corporation","ChangeType":"%%16384","FilterKey":"DAB894EB-FF82-4CD8-8CA2-9F8A7DE8BB54","FilterName":"InternetClientServer Inbound Default Rule","FilterType":"%%16388","FilterId":72071,"LayerKey":"E1CD9FE7-F4B5-4273-96C0-592E487B8650","LayerName":"ALE Receive/Accept v4 Layer","LayerId":44,"Weight":9008023888462332,"Conditions":"\n\tCondition ID:\t{71bc78fa-f17c-4997-a602-6abb261f351c}\n\tMatch value:\tNot equal to\n\tCondition value:\t-\n\n\tCondition ID:\t{b235ae9a-1d64-49b8-a44c-5ff3d9095045}\n\tMatch value:\tIn range\n\tCondition value:\t0x0a172aff - 0xe0000000\n\n\tCondition ID:\t{46ea1551-2255-492b-8019-aabeee349f40}\n\tMatch value:\tEqual to\n\tCondition value:\t0x00000003\n\n\tCondition ID:\t{ab3033c9-c0e3-4759-937d-5758c65d4ae3}\n\tMatch value:\tEqual to\n\tCondition value:\t0x00000003\n\n\tCondition ID:\t{af043a0a-b34d-4f86-979c-c90371af6e66}\n\tMatch value:\tEqual to\n\tCondition value:\t\nO:LSD:(A;;CC;;;S-1-15-3-2)(A;;CC;;;WD)(A;;CC;;;AN)\n\n","Action":"%%16390","CalloutKey":"00000000-0000-0000-0000-000000000000","CalloutName":"-"}}}
{"Event_attributes":{"xmlns":"http://schemas.microsoft.com/win/2004/08/events/event"},"Event":{"System":{"Provider_attributes":{"Name":"Microsoft-Windows-Security-Auditing","Guid":"54849625-5478-4994-A5BA-3E3B0328C30D"},"EventID":5447,"Version":0,"Level":0,"Task":13573,"Opcode":0,"Keywords":"0x8020000000000000","TimeCreated_attributes":{"SystemTime":"2021-06-03T19:17:46.752412Z"},"EventRecordID":1965613,"Correlation_attributes":{"ActivityID":"38068009-512D-0000-1D80-06382D51D701"},"Execution_attributes":{"ProcessID":556,"ThreadID":2532},"Channel":"Security","Computer":"fs01.offsec.lan","Security":null},"EventData":{"ProcessId":1000,"UserSid":"S-1-5-19","UserName":"NT AUTHORITY\\LOCAL SERVICE","ProviderKey":"4B153735-1049-4480-AAB4-D1B9BDC03710","ProviderName":"Microsoft Corporation","ChangeType":"%%16384","FilterKey":"1CBDB646-91D3-4C20-83A4-C336D0C8133A","FilterName":"InternetClientServer Inbound Default Rule","FilterType":"%%16388","FilterId":72072,"LayerKey":"E1CD9FE7-F4B5-4273-96C0-592E487B8650","LayerName":"ALE Receive/Accept v4 Layer","LayerId":44,"Weight":72058418671649276,"Conditions":"\n\tCondition ID:\t{71bc78fa-f17c-4997-a602-6abb261f351c}\n\tMatch value:\tNot equal to\n\tCondition value:\t-\n\n\tCondition ID:\t{b235ae9a-1d64-49b8-a44c-5ff3d9095045}\n\tMatch value:\tIn range\n\tCondition value:\t0xefffffff - 0xffffffff\n\n\tCondition ID:\t{46ea1551-2255-492b-8019-aabeee349f40}\n\tMatch value:\tEqual to\n\tCondition value:\t0x00000003\n\n\tCondition ID:\t{ab3033c9-c0e3-4759-937d-5758c65d4ae3}\n\tMatch value:\tEqual to\n\tCondition value:\t0x00000003\n\n\tCondition ID:\t{af043a0a-b34d-4f86-979c-c90371af6e66}\n\tMatch value:\tEqual to\n\tCondition value:\t\nO:LSD:(A;;CC;;;S-1-15-3-2)(A;;CC;;;WD)(A;;CC;;;AN)\n\n","Action":"%%16390","CalloutKey":"00000000-0000-0000-0000-000000000000","CalloutName":"-"}}}
{"Event_attributes":{"xmlns":"http://schemas.microsoft.com/win/2004/08/events/event"},"Event":{"System":{"Provider_attributes":{"Name":"Microsoft-Windows-Security-Auditing","Guid":"54849625-5478-4994-A5BA-3E3B0328C30D"},"EventID":5447,"Version":0,"Level":0,"Task":13573,"Opcode":0,"Keywords":"0x8020000000000000","TimeCreated_attributes":{"SystemTime":"2021-06-03T19:17:46.752452Z"},"EventRecordID":1965614,"Correlation_attributes":{"ActivityID":"38068009-512D-0000-1D80-06382D51D701"},"Execution_attributes":{"ProcessID":556,"ThreadID":2532},"Channel":"Security","Computer":"fs01.offsec.lan","Security":null},"EventData":{"ProcessId":1000,"UserSid":"S-1-5-19","UserName":"NT AUTHORITY\\LOCAL SERVICE","ProviderKey":"4B153735-1049-4480-AAB4-D1B9BDC03710","ProviderName":"Microsoft Corporation","ChangeType":"%%16384","FilterKey":"EEDA3A37-ACF8-41A3-91D2-4E87786CE3D2","FilterName":"InternetClientServer Inbound Default Rule","FilterType":"%%16388","FilterId":72073,"LayerKey":"A3B42C97-9F04-4672-B87E-CEE9C483257F","LayerName":"ALE Receive/Accept v6 Layer","LayerId":46,"Weight":1126106065273340,"Conditions":"\n\tCondition ID:\t{71bc78fa-f17c-4997-a602-6abb261f351c}\n\tMatch value:\tNot equal to\n\tCondition value:\t-\n\n\tCondition ID:\t{b235ae9a-1d64-49b8-a44c-5ff3d9095045}\n\tMatch value:\tIn range\n\tCondition value:\t00000000000000000000000000000000 - fe800000000000000000000000000000\n\n\tCondition ID:\t{46ea1551-2255-492b-8019-aabeee349f40}\n\tMatch value:\tEqual to\n\tCondition value:\t0x00000003\n\n\tCondition ID:\t{ab3033c9-c0e3-4759-937d-5758c65d4ae3}\n\tMatch value:\tEqual to\n\tCondition value:\t0x00000003\n\n\tCondition ID:\t{af043a0a-b34d-4f86-979c-c90371af6e66}\n\tMatch value:\tEqual to\n\tCondition value:\t\nO:LSD:(A;;CC;;;S-1-15-3-2)(A;;CC;;;WD)(A;;CC;;;AN)\n\n","Action":"%%16390","CalloutKey":"00000000-0000-0000-0000-000000000000","CalloutName":"-"}}}
{"Event_attributes":{"xmlns":"http://schemas.microsoft.com/win/2004/08/events/event"},"Event":{"System":{"Provider_attributes":{"Name":"Microsoft-Windows-Security-Auditing","Guid":"54849625-5478-4994-A5BA-3E3B0328C30D"},"EventID":5447,"Version":0,"Level":0,"Task":13573,"Opcode":0,"Keywords":"0x8020000000000000","TimeCreated_attributes":{"SystemTime":"2021-06-03T19:17:46.752487Z"},"EventRecordID":1965615,"Correlation_attributes":{"ActivityID":"38068009-512D-0000-1D80-06382D51D701"},"Execution_attributes":{"ProcessID":556,"ThreadID":2532},"Channel":"Security","Computer":"fs01.offsec.lan","Security":null},"EventData":{"ProcessId":1000,"UserSid":"S-1-5-19","UserName":"NT AUTHORITY\\LOCAL SERVICE","ProviderKey":"4B153735-1049-4480-AAB4-D1B9BDC03710","ProviderName":"Microsoft Corporation","ChangeType":"%%16384","FilterKey":"9FA3CF1C-BC99-488C-B53E-361E02BA0448","FilterName":"InternetClientServer Inbound Default Rule","FilterType":"%%16388","FilterId":72074,"LayerKey":"A3B42C97-9F04-4672-B87E-CEE9C483257F","LayerName":"ALE Receive/Accept v6 Layer","LayerId":46,"Weight":40532602804765180,"Conditions":"\n\tCondition ID:\t{71bc78fa-f17c-4997-a602-6abb261f351c}\n\tMatch value:\tNot equal to\n\tCondition value:\t-\n\n\tCondition ID:\t{b235ae9a-1d64-49b8-a44c-5ff3d9095045}\n\tMatch value:\tIn range\n\tCondition value:\tfe80000000000000ffffffffffffffff - ff000000000000000000000000000000\n\n\tCondition ID:\t{46ea1551-2255-492b-8019-aabeee349f40}\n\tMatch value:\tEqual to\n\tCondition value:\t0x00000003\n\n\tCondition ID:\t{ab3033c9-c0e3-4759-937d-5758c65d4ae3}\n\tMatch value:\tEqual to\n\tCondition value:\t0x00000003\n\n\tCondition ID:\t{af043a0a-b34d-4f86-979c-c90371af6e66}\n\tMatch value:\tEqual to\n\tCondition value:\t\nO:LSD:(A;;CC;;;S-1-15-3-2)(A;;CC;;;WD)(A;;CC;;;AN)\n\n","Action":"%%16390","CalloutKey":"00000000-0000-0000-0000-000000000000","CalloutName":"-"}}}
{"Event_attributes":{"xmlns":"http://schemas.microsoft.com/win/2004/08/events/event"},"Event":{"System":{"Provider_attributes":{"Name":"Microsoft-Windows-Security-Auditing","Guid":"54849625-5478-4994-A5BA-3E3B0328C30D"},"EventID":5447,"Version":0,"Level":0,"Task":13573,"Opcode":0,"Keywords":"0x8020000000000000","TimeCreated_attributes":{"SystemTime":"2021-06-03T19:17:46.752528Z"},"EventRecordID":1965616,"Correlation_attributes":{"ActivityID":"38068009-512D-0000-1D80-06382D51D701"},"Execution_attributes":{"ProcessID":556,"ThreadID":2532},"Channel":"Security","Computer":"fs01.offsec.lan","Security":null},"EventData":{"ProcessId":1000,"UserSid":"S-1-5-19","UserName":"NT AUTHORITY\\LOCAL SERVICE","ProviderKey":"4B153735-1049-4480-AAB4-D1B9BDC03710","ProviderName":"Microsoft Corporation","ChangeType":"%%16384","FilterKey":"35F57E56-332B-48B5-A236-5632048B3DF4","FilterName":"InternetClientServer Outbound Default Rule","FilterType":"%%16388","FilterId":72075,"LayerKey":"C38D57D1-05A7-4C33-904F-7FBCEEE60E82","LayerName":"ALE Connect v4 Layer","LayerId":48,"Weight":42784402618450940,"Conditions":"\n\tCondition ID:\t{71bc78fa-f17c-4997-a602-6abb261f351c}\n\tMatch value:\tNot equal to\n\tCondition value:\t-\n\n\tCondition ID:\t{b235ae9a-1d64-49b8-a44c-5ff3d9095045}\n\tMatch value:\tIn range\n\tCondition value:\t0x00000000 - 0x0a172a00\n\n\tCondition ID:\t{46ea1551-2255-492b-8019-aabeee349f40}\n\tMatch value:\tEqual to\n\tCondition value:\t0x00000003\n\n\tCondition ID:\t{ab3033c9-c0e3-4759-937d-5758c65d4ae3}\n\tMatch value:\tEqual to\n\tCondition value:\t0x00000003\n\n\tCondition ID:\t{af043a0a-b34d-4f86-979c-c90371af6e66}\n\tMatch value:\tEqual to\n\tCondition value:\t\nO:LSD:(A;;CC;;;S-1-15-3-2)(A;;CC;;;WD)(A;;CC;;;AN)\n\n","Action":"%%16390","CalloutKey":"00000000-0000-0000-0000-000000000000","CalloutName":"-"}}}
{"Event_attributes":{"xmlns":"http://schemas.microsoft.com/win/2004/08/events/event"},"Event":{"System":{"Provider_attributes":{"Name":"Microsoft-Windows-Security-Auditing","Guid":"54849625-5478-4994-A5BA-3E3B0328C30D"},"EventID":5447,"Version":0,"Level":0,"Task":13573,"Opcode":0,"Keywords":"0x8020000000000000","TimeCreated_attributes":{"SystemTime":"2021-06-03T19:17:46.752557Z"},"EventRecordID":1965617,"Correlation_attributes":{"ActivityID":"38068009-512D-0000-1D80-06382D51D701"},"Execution_attributes":{"ProcessID":556,"ThreadID":2532},"Channel":"Security","Computer":"fs01.offsec.lan","Security":null},"EventData":{"ProcessId":1000,"UserSid":"S-1-5-19","UserName":"NT AUTHORITY\\LOCAL SERVICE","ProviderKey":"4B153735-1049-4480-AAB4-D1B9BDC03710","ProviderName":"Microsoft Corporation","ChangeType":"%%16384","FilterKey":"91B3E770-4C2D-4F21-B835-CC5B9A31FBFC","FilterName":"InternetClientServer Outbound Default Rule","FilterType":"%%16388","FilterId":72076,"LayerKey":"C38D57D1-05A7-4C33-904F-7FBCEEE60E82","LayerName":"ALE Connect v4 Layer","LayerId":48,"Weight":2252005972116476,"Conditions":"\n\tCondition ID:\t{71bc78fa-f17c-4997-a602-6abb261f351c}\n\tMatch value:\tNot equal to\n\tCondition value:\t-\n\n\tCondition ID:\t{b235ae9a-1d64-49b8-a44c-5ff3d9095045}\n\tMatch value:\tIn range\n\tCondition value:\t0x0a172aff - 0xe0000000\n\n\tCondition ID:\t{46ea1551-2255-492b-8019-aabeee349f40}\n\tMatch value:\tEqual to\n\tCondition value:\t0x00000003\n\n\tCondition ID:\t{ab3033c9-c0e3-4759-937d-5758c65d4ae3}\n\tMatch value:\tEqual to\n\tCondition value:\t0x00000003\n\n\tCondition ID:\t{af043a0a-b34d-4f86-979c-c90371af6e66}\n\tMatch value:\tEqual to\n\tCondition value:\t\nO:LSD:(A;;CC;;;S-1-15-3-2)(A;;CC;;;WD)(A;;CC;;;AN)\n\n","Action":"%%16390","CalloutKey":"00000000-0000-0000-0000-000000000000","CalloutName":"-"}}}
{"Event_attributes":{"xmlns":"http://schemas.microsoft.com/win/2004/08/events/event"},"Event":{"System":{"Provider_attributes":{"Name":"Microsoft-Windows-Security-Auditing","Guid":"54849625-5478-4994-A5BA-3E3B0328C30D"},"EventID":5447,"Version":0,"Level":0,"Task":13573,"Opcode":0,"Keywords":"0x8020000000000000","TimeCreated_attributes":{"SystemTime":"2021-06-03T19:17:46.752586Z"},"EventRecordID":1965618,"Correlation_attributes":{"ActivityID":"38068009-512D-0000-1D80-06382D51D701"},"Execution_attributes":{"ProcessID":556,"ThreadID":2532},"Channel":"Security","Computer":"fs01.offsec.lan","Security":null},"EventData":{"ProcessId":1000,"UserSid":"S-1-5-19","UserName":"NT AUTHORITY\\LOCAL SERVICE","ProviderKey":"4B153735-1049-4480-AAB4-D1B9BDC03710","ProviderName":"Microsoft Corporation","ChangeType":"%%16384","FilterKey":"96C91310-8D54-4B84-A214-C58A6C4568B2","FilterName":"InternetClientServer Outbound Default Rule","FilterType":"%%16388","FilterId":72077,"LayerKey":"C38D57D1-05A7-4C33-904F-7FBCEEE60E82","LayerName":"ALE Connect v4 Layer","LayerId":48,"Weight":36029003177395196,"Conditions":"\n\tCondition ID:\t{71bc78fa-f17c-4997-a602-6abb261f351c}\n\tMatch value:\tNot equal to\n\tCondition value:\t-\n\n\tCondition ID:\t{b235ae9a-1d64-49b8-a44c-5ff3d9095045}\n\tMatch value:\tIn range\n\tCondition value:\t0xefffffff - 0xffffffff\n\n\tCondition ID:\t{46ea1551-2255-492b-8019-aabeee349f40}\n\tMatch value:\tEqual to\n\tCondition value:\t0x00000003\n\n\tCondition ID:\t{ab3033c9-c0e3-4759-937d-5758c65d4ae3}\n\tMatch value:\tEqual to\n\tCondition value:\t0x00000003\n\n\tCondition ID:\t{af043a0a-b34d-4f86-979c-c90371af6e66}\n\tMatch value:\tEqual to\n\tCondition value:\t\nO:LSD:(A;;CC;;;S-1-15-3-2)(A;;CC;;;WD)(A;;CC;;;AN)\n\n","Action":"%%16390","CalloutKey":"00000000-0000-0000-0000-000000000000","CalloutName":"-"}}}
{"Event_attributes":{"xmlns":"http://schemas.microsoft.com/win/2004/08/events/event"},"Event":{"System":{"Provider_attributes":{"Name":"Microsoft-Windows-Security-Auditing","Guid":"54849625-5478-4994-A5BA-3E3B0328C30D"},"EventID":5447,"Version":0,"Level":0,"Task":13573,"Opcode":0,"Keywords":"0x8020000000000000","TimeCreated_attributes":{"SystemTime":"2021-06-03T19:17:46.752628Z"},"EventRecordID":1965619,"Correlation_attributes":{"ActivityID":"38068009-512D-0000-1D80-06382D51D701"},"Execution_attributes":{"ProcessID":556,"ThreadID":2532},"Channel":"Security","Computer":"fs01.offsec.lan","Security":null},"EventData":{"ProcessId":1000,"UserSid":"S-1-5-19","UserName":"NT AUTHORITY\\LOCAL SERVICE","ProviderKey":"4B153735-1049-4480-AAB4-D1B9BDC03710","ProviderName":"Microsoft Corporation","ChangeType":"%%16384","FilterKey":"C924CA1A-00E9-42C0-B433-C415610847EF","FilterName":"InternetClientServer Outbound Default Rule","FilterType":"%%16388","FilterId":72078,"LayerKey":"4A72393B-319F-44BC-84C3-BA54DCB3B6B4","LayerName":"ALE Connect v6 Layer","LayerId":50,"Weight":563001493029372,"Conditions":"\n\tCondition ID:\t{71bc78fa-f17c-4997-a602-6abb261f351c}\n\tMatch value:\tNot equal to\n\tCondition value:\t-\n\n\tCondition ID:\t{b235ae9a-1d64-49b8-a44c-5ff3d9095045}\n\tMatch value:\tIn range\n\tCondition value:\t00000000000000000000000000000000 - fe800000000000000000000000000000\n\n\tCondition ID:\t{46ea1551-2255-492b-8019-aabeee349f40}\n\tMatch value:\tEqual to\n\tCondition value:\t0x00000003\n\n\tCondition ID:\t{ab3033c9-c0e3-4759-937d-5758c65d4ae3}\n\tMatch value:\tEqual to\n\tCondition value:\t0x00000003\n\n\tCondition ID:\t{af043a0a-b34d-4f86-979c-c90371af6e66}\n\tMatch value:\tEqual to\n\tCondition value:\t\nO:LSD:(A;;CC;;;S-1-15-3-2)(A;;CC;;;WD)(A;;CC;;;AN)\n\n","Action":"%%16390","CalloutKey":"00000000-0000-0000-0000-000000000000","CalloutName":"-"}}}
{"Event_attributes":{"xmlns":"http://schemas.microsoft.com/win/2004/08/events/event"},"Event":{"System":{"Provider_attributes":{"Name":"Microsoft-Windows-Security-Auditing","Guid":"54849625-5478-4994-A5BA-3E3B0328C30D"},"EventID":5447,"Version":0,"Level":0,"Task":13573,"Opcode":0,"Keywords":"0x8020000000000000","TimeCreated_attributes":{"SystemTime":"2021-06-03T19:17:46.752658Z"},"EventRecordID":1965620,"Correlation_attributes":{"ActivityID":"38068009-512D-0000-1D80-06382D51D701"},"Execution_attributes":{"ProcessID":556,"ThreadID":2532},"Channel":"Security","Computer":"fs01.offsec.lan","Security":null},"EventData":{"ProcessId":1000,"UserSid":"S-1-5-19","UserName":"NT AUTHORITY\\LOCAL SERVICE","ProviderKey":"4B153735-1049-4480-AAB4-D1B9BDC03710","ProviderName":"Microsoft Corporation","ChangeType":"%%16384","FilterKey":"95093A5F-7ADD-4CE6-9EB0-9AFA258A54A9","FilterName":"InternetClientServer Outbound Default Rule","FilterType":"%%16388","FilterId":72079,"LayerKey":"4A72393B-319F-44BC-84C3-BA54DCB3B6B4","LayerName":"ALE Connect v6 Layer","LayerId":50,"Weight":20266249862775292,"Conditions":"\n\tCondition ID:\t{71bc78fa-f17c-4997-a602-6abb261f351c}\n\tMatch value:\tNot equal to\n\tCondition value:\t-\n\n\tCondition ID:\t{b235ae9a-1d64-49b8-a44c-5ff3d9095045}\n\tMatch value:\tIn range\n\tCondition value:\tfe80000000000000ffffffffffffffff - ff000000000000000000000000000000\n\n\tCondition ID:\t{46ea1551-2255-492b-8019-aabeee349f40}\n\tMatch value:\tEqual to\n\tCondition value:\t0x00000003\n\n\tCondition ID:\t{ab3033c9-c0e3-4759-937d-5758c65d4ae3}\n\tMatch value:\tEqual to\n\tCondition value:\t0x00000003\n\n\tCondition ID:\t{af043a0a-b34d-4f86-979c-c90371af6e66}\n\tMatch value:\tEqual to\n\tCondition value:\t\nO:LSD:(A;;CC;;;S-1-15-3-2)(A;;CC;;;WD)(A;;CC;;;AN)\n\n","Action":"%%16390","CalloutKey":"00000000-0000-0000-0000-000000000000","CalloutName":"-"}}}
{"Event_attributes":{"xmlns":"http://schemas.microsoft.com/win/2004/08/events/event"},"Event":{"System":{"Provider_attributes":{"Name":"Microsoft-Windows-Security-Auditing","Guid":"54849625-5478-4994-A5BA-3E3B0328C30D"},"EventID":5447,"Version":0,"Level":0,"Task":13573,"Opcode":0,"Keywords":"0x8020000000000000","TimeCreated_attributes":{"SystemTime":"2021-06-03T19:17:46.752699Z"},"EventRecordID":1965621,"Correlation_attributes":{"ActivityID":"38068009-512D-0000-1D80-06382D51D701"},"Execution_attributes":{"ProcessID":556,"ThreadID":2532},"Channel":"Security","Computer":"fs01.offsec.lan","Security":null},"EventData":{"ProcessId":1000,"UserSid":"S-1-5-19","UserName":"NT AUTHORITY\\LOCAL SERVICE","ProviderKey":"4B153735-1049-4480-AAB4-D1B9BDC03710","ProviderName":"Microsoft Corporation","ChangeType":"%%16384","FilterKey":"A8974ABF-B032-4256-9AEF-2E1352334621","FilterName":"InternetClient Default Rule","FilterType":"%%16388","FilterId":72080,"LayerKey":"C38D57D1-05A7-4C33-904F-7FBCEEE60E82","LayerName":"ALE Connect v4 Layer","LayerId":48,"Weight":42784402618450940,"Conditions":"\n\tCondition ID:\t{71bc78fa-f17c-4997-a602-6abb261f351c}\n\tMatch value:\tNot equal to\n\tCondition value:\t-\n\n\tCondition ID:\t{b235ae9a-1d64-49b8-a44c-5ff3d9095045}\n\tMatch value:\tIn range\n\tCondition value:\t0x00000000 - 0x0a172a00\n\n\tCondition ID:\t{46ea1551-2255-492b-8019-aabeee349f40}\n\tMatch value:\tEqual to\n\tCondition value:\t0x00000003\n\n\tCondition ID:\t{ab3033c9-c0e3-4759-937d-5758c65d4ae3}\n\tMatch value:\tEqual to\n\tCondition value:\t0x00000003\n\n\tCondition ID:\t{af043a0a-b34d-4f86-979c-c90371af6e66}\n\tMatch value:\tEqual to\n\tCondition value:\t\nO:LSD:(A;;CC;;;S-1-15-3-1)(A;;CC;;;WD)(A;;CC;;;AN)\n\n","Action":"%%16390","CalloutKey":"00000000-0000-0000-0000-000000000000","CalloutName":"-"}}}
{"Event_attributes":{"xmlns":"http://schemas.microsoft.com/win/2004/08/events/event"},"Event":{"System":{"Provider_attributes":{"Name":"Microsoft-Windows-Security-Auditing","Guid":"54849625-5478-4994-A5BA-3E3B0328C30D"},"EventID":5447,"Version":0,"Level":0,"Task":13573,"Opcode":0,"Keywords":"0x8020000000000000","TimeCreated_attributes":{"SystemTime":"2021-06-03T19:17:46.752730Z"},"EventRecordID":1965622,"Correlation_attributes":{"ActivityID":"38068009-512D-0000-1D80-06382D51D701"},"Execution_attributes":{"ProcessID":556,"ThreadID":2532},"Channel":"Security","Computer":"fs01.offsec.lan","Security":null},"EventData":{"ProcessId":1000,"UserSid":"S-1-5-19","UserName":"NT AUTHORITY\\LOCAL SERVICE","ProviderKey":"4B153735-1049-4480-AAB4-D1B9BDC03710","ProviderName":"Microsoft Corporation","ChangeType":"%%16384","FilterKey":"3CA8E993-2A76-4194-B254-2788AA1B5BE6","FilterName":"InternetClient Default Rule","FilterType":"%%16388","FilterId":72081,"LayerKey":"C38D57D1-05A7-4C33-904F-7FBCEEE60E82","LayerName":"ALE Connect v4 Layer","LayerId":48,"Weight":2252005972116476,"Conditions":"\n\tCondition ID:\t{71bc78fa-f17c-4997-a602-6abb261f351c}\n\tMatch value:\tNot equal to\n\tCondition value:\t-\n\n\tCondition ID:\t{b235ae9a-1d64-49b8-a44c-5ff3d9095045}\n\tMatch value:\tIn range\n\tCondition value:\t0x0a172aff - 0xe0000000\n\n\tCondition ID:\t{46ea1551-2255-492b-8019-aabeee349f40}\n\tMatch value:\tEqual to\n\tCondition value:\t0x00000003\n\n\tCondition ID:\t{ab3033c9-c0e3-4759-937d-5758c65d4ae3}\n\tMatch value:\tEqual to\n\tCondition value:\t0x00000003\n\n\tCondition ID:\t{af043a0a-b34d-4f86-979c-c90371af6e66}\n\tMatch value:\tEqual to\n\tCondition value:\t\nO:LSD:(A;;CC;;;S-1-15-3-1)(A;;CC;;;WD)(A;;CC;;;AN)\n\n","Action":"%%16390","CalloutKey":"00000000-0000-0000-0000-000000000000","CalloutName":"-"}}}
{"Event_attributes":{"xmlns":"http://schemas.microsoft.com/win/2004/08/events/event"},"Event":{"System":{"Provider_attributes":{"Name":"Microsoft-Windows-Security-Auditing","Guid":"54849625-5478-4994-A5BA-3E3B0328C30D"},"EventID":5447,"Version":0,"Level":0,"Task":13573,"Opcode":0,"Keywords":"0x8020000000000000","TimeCreated_attributes":{"SystemTime":"2021-06-03T19:17:46.752759Z"},"EventRecordID":1965623,"Correlation_attributes":{"ActivityID":"38068009-512D-0000-1D80-06382D51D701"},"Execution_attributes":{"ProcessID":556,"ThreadID":2532},"Channel":"Security","Computer":"fs01.offsec.lan","Security":null},"EventData":{"ProcessId":1000,"UserSid":"S-1-5-19","UserName":"NT AUTHORITY\\LOCAL SERVICE","ProviderKey":"4B153735-1049-4480-AAB4-D1B9BDC03710","ProviderName":"Microsoft Corporation","ChangeType":"%%16384","FilterKey":"CEEAA5A3-AD78-43EB-A5C7-02B6383FA6C6","FilterName":"InternetClient Default Rule","FilterType":"%%16388","FilterId":72082,"LayerKey":"C38D57D1-05A7-4C33-904F-7FBCEEE60E82","LayerName":"ALE Connect v4 Layer","LayerId":48,"Weight":36029003177395196,"Conditions":"\n\tCondition ID:\t{71bc78fa-f17c-4997-a602-6abb261f351c}\n\tMatch value:\tNot equal to\n\tCondition value:\t-\n\n\tCondition ID:\t{b235ae9a-1d64-49b8-a44c-5ff3d9095045}\n\tMatch value:\tIn range\n\tCondition value:\t0xefffffff - 0xffffffff\n\n\tCondition ID:\t{46ea1551-2255-492b-8019-aabeee349f40}\n\tMatch value:\tEqual to\n\tCondition value:\t0x00000003\n\n\tCondition ID:\t{ab3033c9-c0e3-4759-937d-5758c65d4ae3}\n\tMatch value:\tEqual to\n\tCondition value:\t0x00000003\n\n\tCondition ID:\t{af043a0a-b34d-4f86-979c-c90371af6e66}\n\tMatch value:\tEqual to\n\tCondition value:\t\nO:LSD:(A;;CC;;;S-1-15-3-1)(A;;CC;;;WD)(A;;CC;;;AN)\n\n","Action":"%%16390","CalloutKey":"00000000-0000-0000-0000-000000000000","CalloutName":"-"}}}
{"Event_attributes":{"xmlns":"http://schemas.microsoft.com/win/2004/08/events/event"},"Event":{"System":{"Provider_attributes":{"Name":"Microsoft-Windows-Security-Auditing","Guid":"54849625-5478-4994-A5BA-3E3B0328C30D"},"EventID":5447,"Version":0,"Level":0,"Task":13573,"Opcode":0,"Keywords":"0x8020000000000000","TimeCreated_attributes":{"SystemTime":"2021-06-03T19:17:46.752787Z"},"EventRecordID":1965624,"Correlation_attributes":{"ActivityID":"38068009-512D-0000-1D80-06382D51D701"},"Execution_attributes":{"ProcessID":556,"ThreadID":2532},"Channel":"Security","Computer":"fs01.offsec.lan","Security":null},"EventData":{"ProcessId":1000,"UserSid":"S-1-5-19","UserName":"NT AUTHORITY\\LOCAL SERVICE","ProviderKey":"4B153735-1049-4480-AAB4-D1B9BDC03710","ProviderName":"Microsoft Corporation","ChangeType":"%%16384","FilterKey":"60E89372-9465-415A-8DEE-381DCCD8466B","FilterName":"InternetClient Default Rule","FilterType":"%%16388","FilterId":72083,"LayerKey":"4A72393B-319F-44BC-84C3-BA54DCB3B6B4","LayerName":"ALE Connect v6 Layer","LayerId":50,"Weight":563001493029372,"Conditions":"\n\tCondition ID:\t{71bc78fa-f17c-4997-a602-6abb261f351c}\n\tMatch value:\tNot equal to\n\tCondition value:\t-\n\n\tCondition ID:\t{b235ae9a-1d64-49b8-a44c-5ff3d9095045}\n\tMatch value:\tIn range\n\tCondition value:\t00000000000000000000000000000000 - fe800000000000000000000000000000\n\n\tCondition ID:\t{46ea1551-2255-492b-8019-aabeee349f40}\n\tMatch value:\tEqual to\n\tCondition value:\t0x00000003\n\n\tCondition ID:\t{ab3033c9-c0e3-4759-937d-5758c65d4ae3}\n\tMatch value:\tEqual to\n\tCondition value:\t0x00000003\n\n\tCondition ID:\t{af043a0a-b34d-4f86-979c-c90371af6e66}\n\tMatch value:\tEqual to\n\tCondition value:\t\nO:LSD:(A;;CC;;;S-1-15-3-1)(A;;CC;;;WD)(A;;CC;;;AN)\n\n","Action":"%%16390","CalloutKey":"00000000-0000-0000-0000-000000000000","CalloutName":"-"}}}
{"Event_attributes":{"xmlns":"http://schemas.microsoft.com/win/2004/08/events/event"},"Event":{"System":{"Provider_attributes":{"Name":"Microsoft-Windows-Security-Auditing","Guid":"54849625-5478-4994-A5BA-3E3B0328C30D"},"EventID":5447,"Version":0,"Level":0,"Task":13573,"Opcode":0,"Keywords":"0x8020000000000000","TimeCreated_attributes":{"SystemTime":"2021-06-03T19:17:46.752817Z"},"EventRecordID":1965625,"Correlation_attributes":{"ActivityID":"38068009-512D-0000-1D80-06382D51D701"},"Execution_attributes":{"ProcessID":556,"ThreadID":2532},"Channel":"Security","Computer":"fs01.offsec.lan","Security":null},"EventData":{"ProcessId":1000,"UserSid":"S-1-5-19","UserName":"NT AUTHORITY\\LOCAL SERVICE","ProviderKey":"4B153735-1049-4480-AAB4-D1B9BDC03710","ProviderName":"Microsoft Corporation","ChangeType":"%%16384","FilterKey":"9C05094F-8348-4351-A8B5-A36545ECEC3B","FilterName":"InternetClient Default Rule","FilterType":"%%16388","FilterId":72084,"LayerKey":"4A72393B-319F-44BC-84C3-BA54DCB3B6B4","LayerName":"ALE Connect v6 Layer","LayerId":50,"Weight":20266249862775292,"Conditions":"\n\tCondition ID:\t{71bc78fa-f17c-4997-a602-6abb261f351c}\n\tMatch value:\tNot equal to\n\tCondition value:\t-\n\n\tCondition ID:\t{b235ae9a-1d64-49b8-a44c-5ff3d9095045}\n\tMatch value:\tIn range\n\tCondition value:\tfe80000000000000ffffffffffffffff - ff000000000000000000000000000000\n\n\tCondition ID:\t{46ea1551-2255-492b-8019-aabeee349f40}\n\tMatch value:\tEqual to\n\tCondition value:\t0x00000003\n\n\tCondition ID:\t{ab3033c9-c0e3-4759-937d-5758c65d4ae3}\n\tMatch value:\tEqual to\n\tCondition value:\t0x00000003\n\n\tCondition ID:\t{af043a0a-b34d-4f86-979c-c90371af6e66}\n\tMatch value:\tEqual to\n\tCondition value:\t\nO:LSD:(A;;CC;;;S-1-15-3-1)(A;;CC;;;WD)(A;;CC;;;AN)\n\n","Action":"%%16390","CalloutKey":"00000000-0000-0000-0000-000000000000","CalloutName":"-"}}}
{"Event_attributes":{"xmlns":"http://schemas.microsoft.com/win/2004/08/events/event"},"Event":{"System":{"Provider_attributes":{"Name":"Microsoft-Windows-Security-Auditing","Guid":"54849625-5478-4994-A5BA-3E3B0328C30D"},"EventID":5447,"Version":0,"Level":0,"Task":13573,"Opcode":0,"Keywords":"0x8020000000000000","TimeCreated_attributes":{"SystemTime":"2021-06-03T19:17:46.752845Z"},"EventRecordID":1965626,"Correlation_attributes":{"ActivityID":"38068009-512D-0000-1D80-06382D51D701"},"Execution_attributes":{"ProcessID":556,"ThreadID":2532},"Channel":"Security","Computer":"fs01.offsec.lan","Security":null},"EventData":{"ProcessId":1000,"UserSid":"S-1-5-19","UserName":"NT AUTHORITY\\LOCAL SERVICE","ProviderKey":"4B153735-1049-4480-AAB4-D1B9BDC03710","ProviderName":"Microsoft Corporation","ChangeType":"%%16384","FilterKey":"684FB723-EC18-4D62-99BF-0C2B431BE2DA","FilterName":"Block Inbound Default Rule","FilterType":"%%16388","FilterId":72085,"LayerKey":"E1CD9FE7-F4B5-4273-96C0-592E487B8650","LayerName":"ALE Receive/Accept v4 Layer","LayerId":44,"Weight":549755813888,"Conditions":"\n\tCondition ID:\t{71bc78fa-f17c-4997-a602-6abb261f351c}\n\tMatch value:\tNot equal to\n\tCondition value:\t-\n","Action":"%%16389","CalloutKey":"00000000-0000-0000-0000-000000000000","CalloutName":"-"}}}
