{"Event_attributes":{"xmlns":"http://schemas.microsoft.com/win/2004/08/events/event"},"Event":{"System":{"Provider_attributes":{"Name":"Microsoft-Windows-Security-Auditing","Guid":"54849625-5478-4994-A5BA-3E3B0328C30D"},"EventID":5447,"Version":0,"Level":0,"Task":13573,"Opcode":0,"Keywords":"0x8020000000000000","TimeCreated_attributes":{"SystemTime":"2021-06-03T19:17:46.896074Z"},"EventRecordID":1966091,"Correlation_attributes":{"ActivityID":"38068009-512D-0000-1D80-06382D51D701"},"Execution_attributes":{"ProcessID":556,"ThreadID":2532},"Channel":"Security","Computer":"fs01.offsec.lan","Security":null},"EventData":{"ProcessId":1000,"UserSid":"S-1-5-19","UserName":"NT AUTHORITY\\LOCAL SERVICE","ProviderKey":"4B153735-1049-4480-AAB4-D1B9BDC03710","ProviderName":"Microsoft Corporation","ChangeType":"%%16385","FilterKey":"A6164FBA-8F39-462A-9908-1AEC37233D56","FilterName":"WinDefend Outbound for TCP","FilterType":"%%16388","FilterId":72180,"LayerKey":"4A72393B-319F-44BC-84C3-BA54DCB3B6B4","LayerName":"ALE Connect v6 Layer","LayerId":50,"Weight":105604655874048,"Conditions":"\n\tCondition ID:\t{d78e1e87-8644-4ea5-9437-d809ecefc971}\n\tMatch value:\tEqual to\n\tCondition value:\t\n    00000000  5c 00 64 00 65 00 76 00-69 00 63 00 65 00 5c 00  \\.d.e.v.i.c.e.\\.\n    00000010  68 00 61 00 72 00 64 00-64 00 69 00 73 00 6b 00  h.a.r.d.d.i.s.k.\n    00000020  76 00 6f 00 6c 00 75 00-6d 00 65 00 34 00 5c 00  v.o.l.u.m.e.4.\\.\n    00000030  70 00 72 00 6f 00 67 00-72 00 61 00 6d 00 64 00  p.r.o.g.r.a.m.d.\n    00000040  61 00 74 00 61 00 5c 00-6d 00 69 00 63 00 72 00  a.t.a.\\.m.i.c.r.\n    00000050  6f 00 73 00 6f 00 66 00-74 00 5c 00 77 00 69 00  o.s.o.f.t.\\.w.i.\n    00000060  6e 00 64 00 6f 00 77 00-73 00 20 00 64 00 65 00  n.d.o.w.s. .d.e.\n    00000070  66 00 65 00 6e 00 64 00-65 00 72 00 5c 00 70 00  f.e.n.d.e.r.\\.p.\n    00000080  6c 00 61 00 74 00 66 00-6f 00 72 00 6d 00 5c 00  l.a.t.f.o.r.m.\\.\n    00000090  34 00 2e 00 31 00 38 00-2e 00 31 00 39 00 30 00  4...1.8...1.9.0.\n    000000a0  38 00 2e 00 37 00 2d 00-30 00 5c 00 6d 00 73 00  8...7.-.0.\\.m.s.\n    000000b0  6d 00 70 00 65 00 6e 00-67 00 2e 00 65 00 78 00  m.p.e.n.g...e.x.\n    000000c0  65 00 00 00                                      e...\n\n\n\tCondition ID:\t{af043a0a-b34d-4f86-979c-c90371af6e66}\n\tMatch value:\tEqual to\n\tCondition value:\t\nO:SYG:SYD:(A;;CCRC;;;S-1-5-80-1913148863-3492339771-4165695881-2087618961-4109116736)\n\n\n\tCondition ID:\t{3971ef2b-623e-4f9a-8cb1-6e79b806b9a7}\n\tMatch value:\tEqual to\n\tCondition value:\t0x06\n","Action":"%%16390","CalloutKey":"00000000-0000-0000-0000-000000000000","CalloutName":"-"}}}
{"Event_attributes":{"xmlns":"http://schemas.microsoft.com/win/2004/08/events/event"},"Event":{"System":{"Provider_attributes":{"Name":"Microsoft-Windows-Security-Auditing","Guid":"54849625-5478-4994-A5BA-3E3B0328C30D"},"EventID":5447,"Version":0,"Level":0,"Task":13573,"Opcode":0,"Keywords":"0x8020000000000000","TimeCreated_attributes":{"SystemTime":"2021-06-03T19:17:46.900481Z"},"EventRecordID":1966092,"Correlation_attributes":{"ActivityID":"38068009-512D-0000-1D80-06382D51D701"},"Execution_attributes":{"ProcessID":556,"ThreadID":2532},"Channel":"Security","Computer":"fs01.offsec.lan","Security":null},"EventData":{"ProcessId":1000,"UserSid":"S-1-5-19","UserName":"NT AUTHORITY\\LOCAL SERVICE","ProviderKey":"4B153735-1049-4480-AAB4-D1B9BDC03710","ProviderName":"Microsoft Corporation","ChangeType":"%%16385","FilterKey":"DA3B8C98-D52E-4668-A22A-DD0661F0E6DB","FilterName":"WSH Default Inbound Block","FilterType":"%%16388","FilterId":72181,"LayerKey":"A3B42C97-9F04-4672-B87E-CEE9C483257F","LayerName":"ALE Receive/Accept v6 Layer","LayerId":46,"Weight":68719476736,"Conditions":"\n\tCondition ID:\t{af043a0a-b34d-4f86-979c-c90371af6e66}\n\tMatch value:\tEqual to\n\tCondition value:\t\nD:(A;NP;CC;;;S-1-5-80-2676549577-1911656217-2625096541-4178041876-1366760775)(A;NP;CC;;;S-1-5-80-1580948945-3239616721-2529237571-3761093093-1214243633)(A;NP;CC;;;S-1-5-80-1058592404-331734164-3167594226-3910907650-1299295147)(A;NP;CC;;;S-1-5-80-1383147646-27650227-2710666058-1662982300-1023958487)(A;NP;CC;;;S-1-5-80-2611951811-1959136347-1062071333-3982815153-2811717512)(A;NP;CC;;;S-1-5-80-2839768381-3691089589-2614646340-3191585287-3380622033)(A;NP;CC;;;S-1-5-80-1987853863-1639573247-1110726908-1137832616-3599624523)(A;NP;CC;;;S-1-5-80-2940520708-3855866260-481812779-327648279-1710889582)(A;NP;CC;;;S-1-5-80-3787436395-2174616005-3003730137-1094982900-1570567328)(A;NP;CC;;;S-1-5-80-2970612574-78537857-698502321-558674196-1451644582)(A;NP;CC;;;S-1-5-80-880578595-1860270145-482643319-2788375705-1540778122)(A;NP;CC;;;S-1-5-80-89818136-74175777-88572358-3912780041-2421659406)(A;NP;CC;;;S-1-5-80-2251494273-104013570-864825310-3133670442-2017388150)(A;NP;CC;;;S-1-5-80-172094073-716411664-54255058-185476446-2329512179)(A;NP;CC;;;S-1-5-80-3532809085-2652327567-2620918877-1058261733-582902671)(A;NP;CC;;;S-1-5-80-3088073201-1464728630-1879813800-1107566885-823218052)(A;NP;CC;;;S-1-5-80-2898649604-2335086160-1904548223-3761738420-3855444835)(A;NP;CC;;;S-1-5-80-1948712186-1330865447-943413596-1669284603-1648638051)(A;NP;CC;;;S-1-5-80-3596911058-2952229928-1888671852-1743692427-614402820)(A;NP;CC;;;S-1-5-80-3044542841-3639452079-4096941652-1606687743-1256249853)(A;NP;CC;;;S-1-5-80-117416528-2204451360-1913602512-1355018040-1234992034)(A;NP;CC;;;S-1-5-80-3964583643-2633443559-2834438935-3739664028-1580655619)(A;NP;CC;;;S-1-5-80-3895724531-1583119856-3186271294-3795977770-3211684703)(A;NP;CC;;;S-1-5-80-2590341223-3996088049-3993122417-23640849-324535191)(A;NP;CC;;;S-1-5-80-949921180-3923668869-394927020-528789358-3592448931)(A;NP;CC;;;S-1-5-80-768763963-4214222998-2156221936-2953597973-713500239)(A;NP;CC;;;S-1-5-80-997887591-2350776071-3817597635-4146973621-2526406719)(A;NP;CC;;;S-1-5-80-2014626298-1656748749-3847481816-918933055-2469338456)(A;NP;CC;;;S-1-5-80-2196396108-1448510645-203779624-3888580976-3789157697)(A;NP;CC;;;S-1-5-80-3074984378-4122987768-2130325677-2031866499-3405430279)(A;NP;CC;;;S-1-5-80-534935901-3437432317-481271085-1710633381-983106267)(A;NP;CC;;;S-1-5-80-1877308096-3090306141-3032871208-3115266146-1400827410)(A;NP;CC;;;S-1-5-80-3076811988-2254870394-2658297454-3934945422-2393138642)(A;NP;CC;;;S-1-5-80-3110303136-3426481729-3186938678-1087894076-2178433439)(A;NP;CC;;;S-1-5-80-3098585136-2538892366-1097114017-2832417424-2016953023)(A;NP;CC;;;S-1-5-80-235582178-102246843-358262472-4132936818-1867412993)(A;NP;CC;;;S-1-5-80-1752088424-1054500994-3489791022-3310831482-3926524968)(A;NP;CC;;;S-1-5-80-4155767994-3874329934-3800885181-2130851812-726865888)(A;NP;CC;;;S-1-5-80-3524758515-3090971750-345616940-2322499744-3530715838)(A;NP;CC;;;S-1-5-80-3299868208-4286319593-1091140620-3583751967-1732444380)(A;NP;CC;;;S-1-5-80-113310567-2163499630-2787090463-221477905-209227094)(A;NP;CC;;;S-1-5-80-2652678385-582572993-1835434367-1344795993-749280709)(A;NP;CC;;;S-1-5-80-1913148863-3492339771-4165695881-2087618961-4109116736)S:NO_ACCESS_CONTROL\n\n","Action":"%%16389","CalloutKey":"00000000-0000-0000-0000-000000000000","CalloutName":"-"}}}
{"Event_attributes":{"xmlns":"http://schemas.microsoft.com/win/2004/08/events/event"},"Event":{"System":{"Provider_attributes":{"Name":"Microsoft-Windows-Security-Auditing","Guid":"54849625-5478-4994-A5BA-3E3B0328C30D"},"EventID":5447,"Version":0,"Level":0,"Task":13573,"Opcode":0,"Keywords":"0x8020000000000000","TimeCreated_attributes":{"SystemTime":"2021-06-03T19:17:46.904733Z"},"EventRecordID":1966093,"Correlation_attributes":{"ActivityID":"38068009-512D-0000-1D80-06382D51D701"},"Execution_attributes":{"ProcessID":556,"ThreadID":2532},"Channel":"Security","Computer":"fs01.offsec.lan","Security":null},"EventData":{"ProcessId":1000,"UserSid":"S-1-5-19","UserName":"NT AUTHORITY\\LOCAL SERVICE","ProviderKey":"4B153735-1049-4480-AAB4-D1B9BDC03710","ProviderName":"Microsoft Corporation","ChangeType":"%%16385","FilterKey":"C6C414CA-B213-4963-84CF-1C8E698782A4","FilterName":"WSH Default Inbound Block","FilterType":"%%16388","FilterId":72182,"LayerKey":"E1CD9FE7-F4B5-4273-96C0-592E487B8650","LayerName":"ALE Receive/Accept v4 Layer","LayerId":44,"Weight":274877906944,"Conditions":"\n\tCondition ID:\t{af043a0a-b34d-4f86-979c-c90371af6e66}\n\tMatch value:\tEqual to\n\tCondition value:\t\nD:(A;NP;CC;;;S-1-5-80-2676549577-1911656217-2625096541-4178041876-1366760775)(A;NP;CC;;;S-1-5-80-1580948945-3239616721-2529237571-3761093093-1214243633)(A;NP;CC;;;S-1-5-80-1058592404-331734164-3167594226-3910907650-1299295147)(A;NP;CC;;;S-1-5-80-1383147646-27650227-2710666058-1662982300-1023958487)(A;NP;CC;;;S-1-5-80-2611951811-1959136347-1062071333-3982815153-2811717512)(A;NP;CC;;;S-1-5-80-2839768381-3691089589-2614646340-3191585287-3380622033)(A;NP;CC;;;S-1-5-80-1987853863-1639573247-1110726908-1137832616-3599624523)(A;NP;CC;;;S-1-5-80-2940520708-3855866260-481812779-327648279-1710889582)(A;NP;CC;;;S-1-5-80-3787436395-2174616005-3003730137-1094982900-1570567328)(A;NP;CC;;;S-1-5-80-2970612574-78537857-698502321-558674196-1451644582)(A;NP;CC;;;S-1-5-80-880578595-1860270145-482643319-2788375705-1540778122)(A;NP;CC;;;S-1-5-80-89818136-74175777-88572358-3912780041-2421659406)(A;NP;CC;;;S-1-5-80-2251494273-104013570-864825310-3133670442-2017388150)(A;NP;CC;;;S-1-5-80-172094073-716411664-54255058-185476446-2329512179)(A;NP;CC;;;S-1-5-80-3532809085-2652327567-2620918877-1058261733-582902671)(A;NP;CC;;;S-1-5-80-3088073201-1464728630-1879813800-1107566885-823218052)(A;NP;CC;;;S-1-5-80-2898649604-2335086160-1904548223-3761738420-3855444835)(A;NP;CC;;;S-1-5-80-1948712186-1330865447-943413596-1669284603-1648638051)(A;NP;CC;;;S-1-5-80-3596911058-2952229928-1888671852-1743692427-614402820)(A;NP;CC;;;S-1-5-80-3044542841-3639452079-4096941652-1606687743-1256249853)(A;NP;CC;;;S-1-5-80-117416528-2204451360-1913602512-1355018040-1234992034)(A;NP;CC;;;S-1-5-80-3964583643-2633443559-2834438935-3739664028-1580655619)(A;NP;CC;;;S-1-5-80-3895724531-1583119856-3186271294-3795977770-3211684703)(A;NP;CC;;;S-1-5-80-2590341223-3996088049-3993122417-23640849-324535191)(A;NP;CC;;;S-1-5-80-949921180-3923668869-394927020-528789358-3592448931)(A;NP;CC;;;S-1-5-80-768763963-4214222998-2156221936-2953597973-713500239)(A;NP;CC;;;S-1-5-80-997887591-2350776071-3817597635-4146973621-2526406719)(A;NP;CC;;;S-1-5-80-2014626298-1656748749-3847481816-918933055-2469338456)(A;NP;CC;;;S-1-5-80-2196396108-1448510645-203779624-3888580976-3789157697)(A;NP;CC;;;S-1-5-80-3074984378-4122987768-2130325677-2031866499-3405430279)(A;NP;CC;;;S-1-5-80-534935901-3437432317-481271085-1710633381-983106267)(A;NP;CC;;;S-1-5-80-1877308096-3090306141-3032871208-3115266146-1400827410)(A;NP;CC;;;S-1-5-80-3076811988-2254870394-2658297454-3934945422-2393138642)(A;NP;CC;;;S-1-5-80-3110303136-3426481729-3186938678-1087894076-2178433439)(A;NP;CC;;;S-1-5-80-3098585136-2538892366-1097114017-2832417424-2016953023)(A;NP;CC;;;S-1-5-80-235582178-102246843-358262472-4132936818-1867412993)(A;NP;CC;;;S-1-5-80-1752088424-1054500994-3489791022-3310831482-3926524968)(A;NP;CC;;;S-1-5-80-4155767994-3874329934-3800885181-2130851812-726865888)(A;NP;CC;;;S-1-5-80-3524758515-3090971750-345616940-2322499744-3530715838)(A;NP;CC;;;S-1-5-80-3299868208-4286319593-1091140620-3583751967-1732444380)(A;NP;CC;;;S-1-5-80-113310567-2163499630-2787090463-221477905-209227094)(A;NP;CC;;;S-1-5-80-2652678385-582572993-1835434367-1344795993-749280709)(A;NP;CC;;;S-1-5-80-1913148863-3492339771-4165695881-2087618961-4109116736)S:NO_ACCESS_CONTROL\n\n","Action":"%%16389","CalloutKey":"00000000-0000-0000-0000-000000000000","CalloutName":"-"}}}
{"Event_attributes":{"xmlns":"http://schemas.microsoft.com/win/2004/08/events/event"},"Event":{"System":{"Provider_attributes":{"Name":"Microsoft-Windows-Security-Auditing","Guid":"54849625-5478-4994-A5BA-3E3B0328C30D"},"EventID":5447,"Version":0,"Level":0,"Task":13573,"Opcode":0,"Keywords":"0x8020000000000000","TimeCreated_attributes":{"SystemTime":"2021-06-03T19:17:46.907295Z"},"EventRecordID":1966094,"Correlation_attributes":{"ActivityID":"38068009-512D-0000-1D80-06382D51D701"},"Execution_attributes":{"ProcessID":556,"ThreadID":2532},"Channel":"Security","Computer":"fs01.offsec.lan","Security":null},"EventData":{"ProcessId":1000,"UserSid":"S-1-5-19","UserName":"NT AUTHORITY\\LOCAL SERVICE","ProviderKey":"4B153735-1049-4480-AAB4-D1B9BDC03710","ProviderName":"Microsoft Corporation","ChangeType":"%%16385","FilterKey":"8E440107-D79E-43E4-9815-85BDBEB4EFDF","FilterName":"WSH Default Outbound Block","FilterType":"%%16388","FilterId":72183,"LayerKey":"4A72393B-319F-44BC-84C3-BA54DCB3B6B4","LayerName":"ALE Connect v6 Layer","LayerId":50,"Weight":17179869184,"Conditions":"\n\tCondition ID:\t{af043a0a-b34d-4f86-979c-c90371af6e66}\n\tMatch value:\tEqual to\n\tCondition value:\t\nD:(A;NP;CC;;;S-1-5-80-2676549577-1911656217-2625096541-4178041876-1366760775)(A;NP;CC;;;S-1-5-80-1580948945-3239616721-2529237571-3761093093-1214243633)(A;NP;CC;;;S-1-5-80-1058592404-331734164-3167594226-3910907650-1299295147)(A;NP;CC;;;S-1-5-80-1383147646-27650227-2710666058-1662982300-1023958487)(A;NP;CC;;;S-1-5-80-2611951811-1959136347-1062071333-3982815153-2811717512)(A;NP;CC;;;S-1-5-80-2839768381-3691089589-2614646340-3191585287-3380622033)(A;NP;CC;;;S-1-5-80-1987853863-1639573247-1110726908-1137832616-3599624523)(A;NP;CC;;;S-1-5-80-2940520708-3855866260-481812779-327648279-1710889582)(A;NP;CC;;;S-1-5-80-3787436395-2174616005-3003730137-1094982900-1570567328)(A;NP;CC;;;S-1-5-80-2970612574-78537857-698502321-558674196-1451644582)(A;NP;CC;;;S-1-5-80-880578595-1860270145-482643319-2788375705-1540778122)(A;NP;CC;;;S-1-5-80-89818136-74175777-88572358-3912780041-2421659406)(A;NP;CC;;;S-1-5-80-2251494273-104013570-864825310-3133670442-2017388150)(A;NP;CC;;;S-1-5-80-172094073-716411664-54255058-185476446-2329512179)(A;NP;CC;;;S-1-5-80-3532809085-2652327567-2620918877-1058261733-582902671)(A;NP;CC;;;S-1-5-80-3088073201-1464728630-1879813800-1107566885-823218052)(A;NP;CC;;;S-1-5-80-2898649604-2335086160-1904548223-3761738420-3855444835)(A;NP;CC;;;S-1-5-80-1948712186-1330865447-943413596-1669284603-1648638051)(A;NP;CC;;;S-1-5-80-3596911058-2952229928-1888671852-1743692427-614402820)(A;NP;CC;;;S-1-5-80-3044542841-3639452079-4096941652-1606687743-1256249853)(A;NP;CC;;;S-1-5-80-117416528-2204451360-1913602512-1355018040-1234992034)(A;NP;CC;;;S-1-5-80-3964583643-2633443559-2834438935-3739664028-1580655619)(A;NP;CC;;;S-1-5-80-3895724531-1583119856-3186271294-3795977770-3211684703)(A;NP;CC;;;S-1-5-80-2590341223-3996088049-3993122417-23640849-324535191)(A;NP;CC;;;S-1-5-80-949921180-3923668869-394927020-528789358-3592448931)(A;NP;CC;;;S-1-5-80-768763963-4214222998-2156221936-2953597973-713500239)(A;NP;CC;;;S-1-5-80-997887591-2350776071-3817597635-4146973621-2526406719)(A;NP;CC;;;S-1-5-80-2014626298-1656748749-3847481816-918933055-2469338456)(A;NP;CC;;;S-1-5-80-3074984378-4122987768-2130325677-2031866499-3405430279)(A;NP;CC;;;S-1-5-80-534935901-3437432317-481271085-1710633381-983106267)(A;NP;CC;;;S-1-5-80-1877308096-3090306141-3032871208-3115266146-1400827410)(A;NP;CC;;;S-1-5-80-3076811988-2254870394-2658297454-3934945422-2393138642)(A;NP;CC;;;S-1-5-80-3110303136-3426481729-3186938678-1087894076-2178433439)(A;NP;CC;;;S-1-5-80-3098585136-2538892366-1097114017-2832417424-2016953023)(A;NP;CC;;;S-1-5-80-235582178-102246843-358262472-4132936818-1867412993)(A;NP;CC;;;S-1-5-80-1752088424-1054500994-3489791022-3310831482-3926524968)(A;NP;CC;;;S-1-5-80-4155767994-3874329934-3800885181-2130851812-726865888)(A;NP;CC;;;S-1-5-80-3524758515-3090971750-345616940-2322499744-3530715838)(A;NP;CC;;;S-1-5-80-3299868208-4286319593-1091140620-3583751967-1732444380)(A;NP;CC;;;S-1-5-80-113310567-2163499630-2787090463-221477905-209227094)(A;NP;CC;;;S-1-5-80-2652678385-582572993-1835434367-1344795993-749280709)(A;NP;CC;;;S-1-5-80-1913148863-3492339771-4165695881-2087618961-4109116736)S:NO_ACCESS_CONTROL\n\n","Action":"%%16389","CalloutKey":"00000000-0000-0000-0000-000000000000","CalloutName":"-"}}}
{"Event_attributes":{"xmlns":"http://schemas.microsoft.com/win/2004/08/events/event"},"Event":{"System":{"Provider_attributes":{"Name":"Microsoft-Windows-Security-Auditing","Guid":"54849625-5478-4994-A5BA-3E3B0328C30D"},"EventID":5447,"Version":0,"Level":0,"Task":13573,"Opcode":0,"Keywords":"0x8020000000000000","TimeCreated_attributes":{"SystemTime":"2021-06-03T19:17:46.911017Z"},"EventRecordID":1966095,"Correlation_attributes":{"ActivityID":"38068009-512D-0000-1D80-06382D51D701"},"Execution_attributes":{"ProcessID":556,"ThreadID":2532},"Channel":"Security","Computer":"fs01.offsec.lan","Security":null},"EventData":{"ProcessId":1000,"UserSid":"S-1-5-19","UserName":"NT AUTHORITY\\LOCAL SERVICE","ProviderKey":"4B153735-1049-4480-AAB4-D1B9BDC03710","ProviderName":"Microsoft Corporation","ChangeType":"%%16385","FilterKey":"CB0B8341-F13F-4703-80CD-742E4B70E770","FilterName":"WSH Default Outbound Block","FilterType":"%%16388","FilterId":72184,"LayerKey":"C38D57D1-05A7-4C33-904F-7FBCEEE60E82","LayerName":"ALE Connect v4 Layer","LayerId":48,"Weight":68719476736,"Conditions":"\n\tCondition ID:\t{af043a0a-b34d-4f86-979c-c90371af6e66}\n\tMatch value:\tEqual to\n\tCondition value:\t\nD:(A;NP;CC;;;S-1-5-80-2676549577-1911656217-2625096541-4178041876-1366760775)(A;NP;CC;;;S-1-5-80-1580948945-3239616721-2529237571-3761093093-1214243633)(A;NP;CC;;;S-1-5-80-1058592404-331734164-3167594226-3910907650-1299295147)(A;NP;CC;;;S-1-5-80-1383147646-27650227-2710666058-1662982300-1023958487)(A;NP;CC;;;S-1-5-80-2611951811-1959136347-1062071333-3982815153-2811717512)(A;NP;CC;;;S-1-5-80-2839768381-3691089589-2614646340-3191585287-3380622033)(A;NP;CC;;;S-1-5-80-1987853863-1639573247-1110726908-1137832616-3599624523)(A;NP;CC;;;S-1-5-80-2940520708-3855866260-481812779-327648279-1710889582)(A;NP;CC;;;S-1-5-80-3787436395-2174616005-3003730137-1094982900-1570567328)(A;NP;CC;;;S-1-5-80-2970612574-78537857-698502321-558674196-1451644582)(A;NP;CC;;;S-1-5-80-880578595-1860270145-482643319-2788375705-1540778122)(A;NP;CC;;;S-1-5-80-89818136-74175777-88572358-3912780041-2421659406)(A;NP;CC;;;S-1-5-80-2251494273-104013570-864825310-3133670442-2017388150)(A;NP;CC;;;S-1-5-80-172094073-716411664-54255058-185476446-2329512179)(A;NP;CC;;;S-1-5-80-3532809085-2652327567-2620918877-1058261733-582902671)(A;NP;CC;;;S-1-5-80-3088073201-1464728630-1879813800-1107566885-823218052)(A;NP;CC;;;S-1-5-80-2898649604-2335086160-1904548223-3761738420-3855444835)(A;NP;CC;;;S-1-5-80-1948712186-1330865447-943413596-1669284603-1648638051)(A;NP;CC;;;S-1-5-80-3596911058-2952229928-1888671852-1743692427-614402820)(A;NP;CC;;;S-1-5-80-3044542841-3639452079-4096941652-1606687743-1256249853)(A;NP;CC;;;S-1-5-80-117416528-2204451360-1913602512-1355018040-1234992034)(A;NP;CC;;;S-1-5-80-3964583643-2633443559-2834438935-3739664028-1580655619)(A;NP;CC;;;S-1-5-80-3895724531-1583119856-3186271294-3795977770-3211684703)(A;NP;CC;;;S-1-5-80-2590341223-3996088049-3993122417-23640849-324535191)(A;NP;CC;;;S-1-5-80-949921180-3923668869-394927020-528789358-3592448931)(A;NP;CC;;;S-1-5-80-768763963-4214222998-2156221936-2953597973-713500239)(A;NP;CC;;;S-1-5-80-997887591-2350776071-3817597635-4146973621-2526406719)(A;NP;CC;;;S-1-5-80-2014626298-1656748749-3847481816-918933055-2469338456)(A;NP;CC;;;S-1-5-80-3074984378-4122987768-2130325677-2031866499-3405430279)(A;NP;CC;;;S-1-5-80-534935901-3437432317-481271085-1710633381-983106267)(A;NP;CC;;;S-1-5-80-1877308096-3090306141-3032871208-3115266146-1400827410)(A;NP;CC;;;S-1-5-80-3076811988-2254870394-2658297454-3934945422-2393138642)(A;NP;CC;;;S-1-5-80-3110303136-3426481729-3186938678-1087894076-2178433439)(A;NP;CC;;;S-1-5-80-3098585136-2538892366-1097114017-2832417424-2016953023)(A;NP;CC;;;S-1-5-80-235582178-102246843-358262472-4132936818-1867412993)(A;NP;CC;;;S-1-5-80-1752088424-1054500994-3489791022-3310831482-3926524968)(A;NP;CC;;;S-1-5-80-4155767994-3874329934-3800885181-2130851812-726865888)(A;NP;CC;;;S-1-5-80-3524758515-3090971750-345616940-2322499744-3530715838)(A;NP;CC;;;S-1-5-80-3299868208-4286319593-1091140620-3583751967-1732444380)(A;NP;CC;;;S-1-5-80-113310567-2163499630-2787090463-221477905-209227094)(A;NP;CC;;;S-1-5-80-2652678385-582572993-1835434367-1344795993-749280709)(A;NP;CC;;;S-1-5-80-1913148863-3492339771-4165695881-2087618961-4109116736)S:NO_ACCESS_CONTROL\n\n","Action":"%%16389","CalloutKey":"00000000-0000-0000-0000-000000000000","CalloutName":"-"}}}
{"Event_attributes":{"xmlns":"http://schemas.microsoft.com/win/2004/08/events/event"},"Event":{"System":{"Provider_attributes":{"Name":"Microsoft-Windows-Security-Auditing","Guid":"54849625-5478-4994-A5BA-3E3B0328C30D"},"EventID":4950,"Version":0,"Level":0,"Task":13571,"Opcode":0,"Keywords":"0x8020000000000000","TimeCreated_attributes":{"SystemTime":"2021-06-03T19:17:46.911715Z"},"EventRecordID":1966096,"Correlation_attributes":{"ActivityID":"38068009-512D-0000-1D80-06382D51D701"},"Execution_attributes":{"ProcessID":556,"ThreadID":2532},"Channel":"Security","Computer":"fs01.offsec.lan","Security":null},"EventData":{"ProfileChanged":"Domain","SettingType":"Windows Firewall Shielded Mode","SettingValue":"No"}}}
{"Event_attributes":{"xmlns":"http://schemas.microsoft.com/win/2004/08/events/event"},"Event":{"System":{"Provider_attributes":{"Name":"Microsoft-Windows-Security-Auditing","Guid":"54849625-5478-4994-A5BA-3E3B0328C30D"},"EventID":4688,"Version":2,"Level":0,"Task":13312,"Opcode":0,"Keywords":"0x8020000000000000","TimeCreated_attributes":{"SystemTime":"2021-06-03T19:17:47.699381Z"},"EventRecordID":1966097,"Correlation":null,"Execution_attributes":{"ProcessID":4,"ThreadID":1720},"Channel":"Security","Computer":"fs01.offsec.lan","Security":null},"EventData":{"SubjectUserSid":"S-1-5-21-4230534742-2542757381-3142984815-1111","SubjectUserName":"admmig","SubjectDomainName":"OFFSEC","SubjectLogonId":"0x46b7b4","NewProcessId":"0x1504","NewProcessName":"C:\\Windows\\System32\\netsh.exe","TokenElevationType":"%%1937","ProcessId":"0xa38","CommandLine":"netsh  firewall set opmode disable","TargetUserSid":"S-1-0-0","TargetUserName":"-","TargetDomainName":"-","TargetLogonId":"0x0","ParentProcessName":"C:\\Windows\\System32\\cmd.exe","MandatoryLabel":"S-1-16-12288"}}}
{"Event_attributes":{"xmlns":"http://schemas.microsoft.com/win/2004/08/events/event"},"Event":{"System":{"Provider_attributes":{"Name":"Microsoft-Windows-Security-Auditing","Guid":"54849625-5478-4994-A5BA-3E3B0328C30D"},"EventID":5447,"Version":0,"Level":0,"Task":13573,"Opcode":0,"Keywords":"0x8020000000000000","TimeCreated_attributes":{"SystemTime":"2021-06-03T19:17:47.791674Z"},"EventRecordID":1966098,"Correlation_attributes":{"ActivityID":"38068009-512D-0000-1D80-06382D51D701"},"Execution_attributes":{"ProcessID":556,"ThreadID":2532},"Channel":"Security","Computer":"fs01.offsec.lan","Security":null},"EventData":{"ProcessId":1000,"UserSid":"S-1-5-19","UserName":"NT AUTHORITY\\LOCAL SERVICE","ProviderKey":"4B153735-1049-4480-AAB4-D1B9BDC03710","ProviderName":"Microsoft Corporation","ChangeType":"%%16384","FilterKey":"414FD24E-2F12-4630-A87A-E1631B7203C4","FilterName":"PrivateNetwork Inbound Default Rule","FilterType":"%%16388","FilterId":72308,"LayerKey":"E1CD9FE7-F4B5-4273-96C0-592E487B8650","LayerName":"ALE Receive/Accept v4 Layer","LayerId":44,"Weight":432346388861288956,"Conditions":"\n\tCondition ID:\t{71bc78fa-f17c-4997-a602-6abb261f351c}\n\tMatch value:\tNot equal to\n\tCondition value:\t-\n\n\tCondition ID:\t{b235ae9a-1d64-49b8-a44c-5ff3d9095045}\n\tMatch value:\tIn range\n\tCondition value:\t0x0a172a00 - 0x0a172aff\n\n\tCondition ID:\t{46ea1551-2255-492b-8019-aabeee349f40}\n\tMatch value:\tEqual to\n\tCondition value:\t0x00000003\n\n\tCondition ID:\t{ab3033c9-c0e3-4759-937d-5758c65d4ae3}\n\tMatch value:\tEqual to\n\tCondition value:\t0x00000003\n\n\tCondition ID:\t{af043a0a-b34d-4f86-979c-c90371af6e66}\n\tMatch value:\tEqual to\n\tCondition value:\t\nO:LSD:(A;;CC;;;S-1-15-3-3)(A;;CC;;;WD)(A;;CC;;;AN)\n\n","Action":"%%16390","CalloutKey":"00000000-0000-0000-0000-000000000000","CalloutName":"-"}}}
{"Event_attributes":{"xmlns":"http://schemas.microsoft.com/win/2004/08/events/event"},"Event":{"System":{"Provider_attributes":{"Name":"Microsoft-Windows-Security-Auditing","Guid":"54849625-5478-4994-A5BA-3E3B0328C30D"},"EventID":5447,"Version":0,"Level":0,"Task":13573,"Opcode":0,"Keywords":"0x8020000000000000","TimeCreated_attributes":{"SystemTime":"2021-06-03T19:17:47.791713Z"},"EventRecordID":1966099,"Correlation_attributes":{"ActivityID":"38068009-512D-0000-1D80-06382D51D701"},"Execution_attributes":{"ProcessID":556,"ThreadID":2532},"Channel":"Security","Computer":"fs01.offsec.lan","Security":null},"EventData":{"ProcessId":1000,"UserSid":"S-1-5-19","UserName":"NT AUTHORITY\\LOCAL SERVICE","ProviderKey":"4B153735-1049-4480-AAB4-D1B9BDC03710","ProviderName":"Microsoft Corporation","ChangeType":"%%16384","FilterKey":"598BA2A5-5D0E-47D5-BD47-0C00BE0E0399","FilterName":"PrivateNetwork Inbound Default Rule","FilterType":"%%16388","FilterId":72309,"LayerKey":"E1CD9FE7-F4B5-4273-96C0-592E487B8650","LayerName":"ALE Receive/Accept v4 Layer","LayerId":44,"Weight":72058418671649276,"Conditions":"\n\tCondition ID:\t{71bc78fa-f17c-4997-a602-6abb261f351c}\n\tMatch value:\tNot equal to\n\tCondition value:\t-\n\n\tCondition ID:\t{b235ae9a-1d64-49b8-a44c-5ff3d9095045}\n\tMatch value:\tIn range\n\tCondition value:\t0xe0000000 - 0xefffffff\n\n\tCondition ID:\t{46ea1551-2255-492b-8019-aabeee349f40}\n\tMatch value:\tEqual to\n\tCondition value:\t0x00000003\n\n\tCondition ID:\t{ab3033c9-c0e3-4759-937d-5758c65d4ae3}\n\tMatch value:\tEqual to\n\tCondition value:\t0x00000003\n\n\tCondition ID:\t{af043a0a-b34d-4f86-979c-c90371af6e66}\n\tMatch value:\tEqual to\n\tCondition value:\t\nO:LSD:(A;;CC;;;S-1-15-3-3)(A;;CC;;;WD)(A;;CC;;;AN)\n\n","Action":"%%16390","CalloutKey":"00000000-0000-0000-0000-000000000000","CalloutName":"-"}}}
{"Event_attributes":{"xmlns":"http://schemas.microsoft.com/win/2004/08/events/event"},"Event":{"System":{"Provider_attributes":{"Name":"Microsoft-Windows-Security-Auditing","Guid":"54849625-5478-4994-A5BA-3E3B0328C30D"},"EventID":5447,"Version":0,"Level":0,"Task":13573,"Opcode":0,"Keywords":"0x8020000000000000","TimeCreated_attributes":{"SystemTime":"2021-06-03T19:17:47.791746Z"},"EventRecordID":1966100,"Correlation_attributes":{"ActivityID":"38068009-512D-0000-1D80-06382D51D701"},"Execution_attributes":{"ProcessID":556,"ThreadID":2532},"Channel":"Security","Computer":"fs01.offsec.lan","Security":null},"EventData":{"ProcessId":1000,"UserSid":"S-1-5-19","UserName":"NT AUTHORITY\\LOCAL SERVICE","ProviderKey":"4B153735-1049-4480-AAB4-D1B9BDC03710","ProviderName":"Microsoft Corporation","ChangeType":"%%16384","FilterKey":"B30C4533-DEA9-4D8E-9B47-71D157AA6D20","FilterName":"PrivateNetwork Inbound Default Rule","FilterType":"%%16388","FilterId":72310,"LayerKey":"A3B42C97-9F04-4672-B87E-CEE9C483257F","LayerName":"ALE Receive/Accept v6 Layer","LayerId":46,"Weight":288230582310142460,"Conditions":"\n\tCondition ID:\t{71bc78fa-f17c-4997-a602-6abb261f351c}\n\tMatch value:\tNot equal to\n\tCondition value:\t-\n\n\tCondition ID:\t{b235ae9a-1d64-49b8-a44c-5ff3d9095045}\n\tMatch value:\tIn range\n\tCondition value:\tfe800000000000000000000000000000 - fe80000000000000ffffffffffffffff\n\n\tCondition ID:\t{46ea1551-2255-492b-8019-aabeee349f40}\n\tMatch value:\tEqual to\n\tCondition value:\t0x00000003\n\n\tCondition ID:\t{ab3033c9-c0e3-4759-937d-5758c65d4ae3}\n\tMatch value:\tEqual to\n\tCondition value:\t0x00000003\n\n\tCondition ID:\t{af043a0a-b34d-4f86-979c-c90371af6e66}\n\tMatch value:\tEqual to\n\tCondition value:\t\nO:LSD:(A;;CC;;;S-1-15-3-3)(A;;CC;;;WD)(A;;CC;;;AN)\n\n","Action":"%%16390","CalloutKey":"00000000-0000-0000-0000-000000000000","CalloutName":"-"}}}
{"Event_attributes":{"xmlns":"http://schemas.microsoft.com/win/2004/08/events/event"},"Event":{"System":{"Provider_attributes":{"Name":"Microsoft-Windows-Security-Auditing","Guid":"54849625-5478-4994-A5BA-3E3B0328C30D"},"EventID":5447,"Version":0,"Level":0,"Task":13573,"Opcode":0,"Keywords":"0x8020000000000000","TimeCreated_attributes":{"SystemTime":"2021-06-03T19:17:47.791776Z"},"EventRecordID":1966101,"Correlation_attributes":{"ActivityID":"38068009-512D-0000-1D80-06382D51D701"},"Execution_attributes":{"ProcessID":556,"ThreadID":2532},"Channel":"Security","Computer":"fs01.offsec.lan","Security":null},"EventData":{"ProcessId":1000,"UserSid":"S-1-5-19","UserName":"NT AUTHORITY\\LOCAL SERVICE","ProviderKey":"4B153735-1049-4480-AAB4-D1B9BDC03710","ProviderName":"Microsoft Corporation","ChangeType":"%%16384","FilterKey":"AE61BDA7-DD0B-401A-81BE-92E27800B9E8","FilterName":"PrivateNetwork Inbound Default Rule","FilterType":"%%16388","FilterId":72311,"LayerKey":"A3B42C97-9F04-4672-B87E-CEE9C483257F","LayerName":"ALE Receive/Accept v6 Layer","LayerId":46,"Weight":36029003177394684,"Conditions":"\n\tCondition ID:\t{71bc78fa-f17c-4997-a602-6abb261f351c}\n\tMatch value:\tNot equal to\n\tCondition value:\t-\n\n\tCondition ID:\t{b235ae9a-1d64-49b8-a44c-5ff3d9095045}\n\tMatch value:\tIn range\n\tCondition value:\tff000000000000000000000000000000 - ffffffffffffffffffffffffffffffff\n\n\tCondition ID:\t{46ea1551-2255-492b-8019-aabeee349f40}\n\tMatch value:\tEqual to\n\tCondition value:\t0x00000003\n\n\tCondition ID:\t{ab3033c9-c0e3-4759-937d-5758c65d4ae3}\n\tMatch value:\tEqual to\n\tCondition value:\t0x00000003\n\n\tCondition ID:\t{af043a0a-b34d-4f86-979c-c90371af6e66}\n\tMatch value:\tEqual to\n\tCondition value:\t\nO:LSD:(A;;CC;;;S-1-15-3-3)(A;;CC;;;WD)(A;;CC;;;AN)\n\n","Action":"%%16390","CalloutKey":"00000000-0000-0000-0000-000000000000","CalloutName":"-"}}}
{"Event_attributes":{"xmlns":"http://schemas.microsoft.com/win/2004/08/events/event"},"Event":{"System":{"Provider_attributes":{"Name":"Microsoft-Windows-Security-Auditing","Guid":"54849625-5478-4994-A5BA-3E3B0328C30D"},"EventID":5447,"Version":0,"Level":0,"Task":13573,"Opcode":0,"Keywords":"0x8020000000000000","TimeCreated_attributes":{"SystemTime":"2021-06-03T19:17:47.791806Z"},"EventRecordID":1966102,"Correlation_attributes":{"ActivityID":"38068009-512D-0000-1D80-06382D51D701"},"Execution_attributes":{"ProcessID":556,"ThreadID":2532},"Channel":"Security","Computer":"fs01.offsec.lan","Security":null},"EventData":{"ProcessId":1000,"UserSid":"S-1-5-19","UserName":"NT AUTHORITY\\LOCAL SERVICE","ProviderKey":"4B153735-1049-4480-AAB4-D1B9BDC03710","ProviderName":"Microsoft Corporation","ChangeType":"%%16384","FilterKey":"3BE06361-066B-4FB9-907A-60910630CDFF","FilterName":"PrivateNetwork Outbound Default Rule","FilterType":"%%16388","FilterId":72312,"LayerKey":"C38D57D1-05A7-4C33-904F-7FBCEEE60E82","LayerName":"ALE Connect v4 Layer","LayerId":48,"Weight":216172988272215036,"Conditions":"\n\tCondition ID:\t{71bc78fa-f17c-4997-a602-6abb261f351c}\n\tMatch value:\tNot equal to\n\tCondition value:\t-\n\n\tCondition ID:\t{b235ae9a-1d64-49b8-a44c-5ff3d9095045}\n\tMatch value:\tIn range\n\tCondition value:\t0x0a172a00 - 0x0a172aff\n\n\tCondition ID:\t{46ea1551-2255-492b-8019-aabeee349f40}\n\tMatch value:\tEqual to\n\tCondition value:\t0x00000003\n\n\tCondition ID:\t{ab3033c9-c0e3-4759-937d-5758c65d4ae3}\n\tMatch value:\tEqual to\n\tCondition value:\t0x00000003\n\n\tCondition ID:\t{af043a0a-b34d-4f86-979c-c90371af6e66}\n\tMatch value:\tEqual to\n\tCondition value:\t\nO:LSD:(A;;CC;;;S-1-15-3-3)(A;;CC;;;WD)(A;;CC;;;AN)\n\n","Action":"%%16390","CalloutKey":"00000000-0000-0000-0000-000000000000","CalloutName":"-"}}}
{"Event_attributes":{"xmlns":"http://schemas.microsoft.com/win/2004/08/events/event"},"Event":{"System":{"Provider_attributes":{"Name":"Microsoft-Windows-Security-Auditing","Guid":"54849625-5478-4994-A5BA-3E3B0328C30D"},"EventID":5447,"Version":0,"Level":0,"Task":13573,"Opcode":0,"Keywords":"0x8020000000000000","TimeCreated_attributes":{"SystemTime":"2021-06-03T19:17:47.791835Z"},"EventRecordID":1966103,"Correlation_attributes":{"ActivityID":"38068009-512D-0000-1D80-06382D51D701"},"Execution_attributes":{"ProcessID":556,"ThreadID":2532},"Channel":"Security","Computer":"fs01.offsec.lan","Security":null},"EventData":{"ProcessId":1000,"UserSid":"S-1-5-19","UserName":"NT AUTHORITY\\LOCAL SERVICE","ProviderKey":"4B153735-1049-4480-AAB4-D1B9BDC03710","ProviderName":"Microsoft Corporation","ChangeType":"%%16384","FilterKey":"EC6250C5-44B8-4B58-A040-B1D2B4EDDF75","FilterName":"PrivateNetwork Outbound Default Rule","FilterType":"%%16388","FilterId":72313,"LayerKey":"C38D57D1-05A7-4C33-904F-7FBCEEE60E82","LayerName":"ALE Connect v4 Layer","LayerId":48,"Weight":36029003177395196,"Conditions":"\n\tCondition ID:\t{71bc78fa-f17c-4997-a602-6abb261f351c}\n\tMatch value:\tNot equal to\n\tCondition value:\t-\n\n\tCondition ID:\t{b235ae9a-1d64-49b8-a44c-5ff3d9095045}\n\tMatch value:\tIn range\n\tCondition value:\t0xe0000000 - 0xefffffff\n\n\tCondition ID:\t{46ea1551-2255-492b-8019-aabeee349f40}\n\tMatch value:\tEqual to\n\tCondition value:\t0x00000003\n\n\tCondition ID:\t{ab3033c9-c0e3-4759-937d-5758c65d4ae3}\n\tMatch value:\tEqual to\n\tCondition value:\t0x00000003\n\n\tCondition ID:\t{af043a0a-b34d-4f86-979c-c90371af6e66}\n\tMatch value:\tEqual to\n\tCondition value:\t\nO:LSD:(A;;CC;;;S-1-15-3-3)(A;;CC;;;WD)(A;;CC;;;AN)\n\n","Action":"%%16390","CalloutKey":"00000000-0000-0000-0000-000000000000","CalloutName":"-"}}}
{"Event_attributes":{"xmlns":"http://schemas.microsoft.com/win/2004/08/events/event"},"Event":{"System":{"Provider_attributes":{"Name":"Microsoft-Windows-Security-Auditing","Guid":"54849625-5478-4994-A5BA-3E3B0328C30D"},"EventID":5447,"Version":0,"Level":0,"Task":13573,"Opcode":0,"Keywords":"0x8020000000000000","TimeCreated_attributes":{"SystemTime":"2021-06-03T19:17:47.791864Z"},"EventRecordID":1966104,"Correlation_attributes":{"ActivityID":"38068009-512D-0000-1D80-06382D51D701"},"Execution_attributes":{"ProcessID":556,"ThreadID":2532},"Channel":"Security","Computer":"fs01.offsec.lan","Security":null},"EventData":{"ProcessId":1000,"UserSid":"S-1-5-19","UserName":"NT AUTHORITY\\LOCAL SERVICE","ProviderKey":"4B153735-1049-4480-AAB4-D1B9BDC03710","ProviderName":"Microsoft Corporation","ChangeType":"%%16384","FilterKey":"87252268-2832-418C-B4D4-4504E0DFE897","FilterName":"PrivateNetwork Outbound Default Rule","FilterType":"%%16388","FilterId":72314,"LayerKey":"4A72393B-319F-44BC-84C3-BA54DCB3B6B4","LayerName":"ALE Connect v6 Layer","LayerId":50,"Weight":144115239615463932,"Conditions":"\n\tCondition ID:\t{71bc78fa-f17c-4997-a602-6abb261f351c}\n\tMatch value:\tNot equal to\n\tCondition value:\t-\n\n\tCondition ID:\t{b235ae9a-1d64-49b8-a44c-5ff3d9095045}\n\tMatch value:\tIn range\n\tCondition value:\tfe800000000000000000000000000000 - fe80000000000000ffffffffffffffff\n\n\tCondition ID:\t{46ea1551-2255-492b-8019-aabeee349f40}\n\tMatch value:\tEqual to\n\tCondition value:\t0x00000003\n\n\tCondition ID:\t{ab3033c9-c0e3-4759-937d-5758c65d4ae3}\n\tMatch value:\tEqual to\n\tCondition value:\t0x00000003\n\n\tCondition ID:\t{af043a0a-b34d-4f86-979c-c90371af6e66}\n\tMatch value:\tEqual to\n\tCondition value:\t\nO:LSD:(A;;CC;;;S-1-15-3-3)(A;;CC;;;WD)(A;;CC;;;AN)\n\n","Action":"%%16390","CalloutKey":"00000000-0000-0000-0000-000000000000","CalloutName":"-"}}}
{"Event_attributes":{"xmlns":"http://schemas.microsoft.com/win/2004/08/events/event"},"Event":{"System":{"Provider_attributes":{"Name":"Microsoft-Windows-Security-Auditing","Guid":"54849625-5478-4994-A5BA-3E3B0328C30D"},"EventID":5447,"Version":0,"Level":0,"Task":13573,"Opcode":0,"Keywords":"0x8020000000000000","TimeCreated_attributes":{"SystemTime":"2021-06-03T19:17:47.791893Z"},"EventRecordID":1966105,"Correlation_attributes":{"ActivityID":"38068009-512D-0000-1D80-06382D51D701"},"Execution_attributes":{"ProcessID":556,"ThreadID":2532},"Channel":"Security","Computer":"fs01.offsec.lan","Security":null},"EventData":{"ProcessId":1000,"UserSid":"S-1-5-19","UserName":"NT AUTHORITY\\LOCAL SERVICE","ProviderKey":"4B153735-1049-4480-AAB4-D1B9BDC03710","ProviderName":"Microsoft Corporation","ChangeType":"%%16384","FilterKey":"B07E7CD1-C8F7-48C8-82E0-6335C663C897","FilterName":"PrivateNetwork Outbound Default Rule","FilterType":"%%16388","FilterId":72315,"LayerKey":"4A72393B-319F-44BC-84C3-BA54DCB3B6B4","LayerName":"ALE Connect v6 Layer","LayerId":50,"Weight":18014450049090044,"Conditions":"\n\tCondition ID:\t{71bc78fa-f17c-4997-a602-6abb261f351c}\n\tMatch value:\tNot equal to\n\tCondition value:\t-\n\n\tCondition ID:\t{b235ae9a-1d64-49b8-a44c-5ff3d9095045}\n\tMatch value:\tIn range\n\tCondition value:\tff000000000000000000000000000000 - ffffffffffffffffffffffffffffffff\n\n\tCondition ID:\t{46ea1551-2255-492b-8019-aabeee349f40}\n\tMatch value:\tEqual to\n\tCondition value:\t0x00000003\n\n\tCondition ID:\t{ab3033c9-c0e3-4759-937d-5758c65d4ae3}\n\tMatch value:\tEqual to\n\tCondition value:\t0x00000003\n\n\tCondition ID:\t{af043a0a-b34d-4f86-979c-c90371af6e66}\n\tMatch value:\tEqual to\n\tCondition value:\t\nO:LSD:(A;;CC;;;S-1-15-3-3)(A;;CC;;;WD)(A;;CC;;;AN)\n\n","Action":"%%16390","CalloutKey":"00000000-0000-0000-0000-000000000000","CalloutName":"-"}}}
{"Event_attributes":{"xmlns":"http://schemas.microsoft.com/win/2004/08/events/event"},"Event":{"System":{"Provider_attributes":{"Name":"Microsoft-Windows-Security-Auditing","Guid":"54849625-5478-4994-A5BA-3E3B0328C30D"},"EventID":5447,"Version":0,"Level":0,"Task":13573,"Opcode":0,"Keywords":"0x8020000000000000","TimeCreated_attributes":{"SystemTime":"2021-06-03T19:17:47.791921Z"},"EventRecordID":1966106,"Correlation_attributes":{"ActivityID":"38068009-512D-0000-1D80-06382D51D701"},"Execution_attributes":{"ProcessID":556,"ThreadID":2532},"Channel":"Security","Computer":"fs01.offsec.lan","Security":null},"EventData":{"ProcessId":1000,"UserSid":"S-1-5-19","UserName":"NT AUTHORITY\\LOCAL SERVICE","ProviderKey":"4B153735-1049-4480-AAB4-D1B9BDC03710","ProviderName":"Microsoft Corporation","ChangeType":"%%16384","FilterKey":"C8675B5F-D046-4E66-8DD3-760C568AEDA5","FilterName":"InternetClientServer Inbound Default Rule","FilterType":"%%16388","FilterId":72316,"LayerKey":"E1CD9FE7-F4B5-4273-96C0-592E487B8650","LayerName":"ALE Receive/Accept v4 Layer","LayerId":44,"Weight":81065617926390268,"Conditions":"\n\tCondition ID:\t{71bc78fa-f17c-4997-a602-6abb261f351c}\n\tMatch value:\tNot equal to\n\tCondition value:\t-\n\n\tCondition ID:\t{b235ae9a-1d64-49b8-a44c-5ff3d9095045}\n\tMatch value:\tIn range\n\tCondition value:\t0x00000000 - 0x0a172a00\n\n\tCondition ID:\t{46ea1551-2255-492b-8019-aabeee349f40}\n\tMatch value:\tEqual to\n\tCondition value:\t0x00000003\n\n\tCondition ID:\t{ab3033c9-c0e3-4759-937d-5758c65d4ae3}\n\tMatch value:\tEqual to\n\tCondition value:\t0x00000003\n\n\tCondition ID:\t{af043a0a-b34d-4f86-979c-c90371af6e66}\n\tMatch value:\tEqual to\n\tCondition value:\t\nO:LSD:(A;;CC;;;S-1-15-3-2)(A;;CC;;;WD)(A;;CC;;;AN)\n\n","Action":"%%16390","CalloutKey":"00000000-0000-0000-0000-000000000000","CalloutName":"-"}}}
{"Event_attributes":{"xmlns":"http://schemas.microsoft.com/win/2004/08/events/event"},"Event":{"System":{"Provider_attributes":{"Name":"Microsoft-Windows-Security-Auditing","Guid":"54849625-5478-4994-A5BA-3E3B0328C30D"},"EventID":5447,"Version":0,"Level":0,"Task":13573,"Opcode":0,"Keywords":"0x8020000000000000","TimeCreated_attributes":{"SystemTime":"2021-06-03T19:17:47.791950Z"},"EventRecordID":1966107,"Correlation_attributes":{"ActivityID":"38068009-512D-0000-1D80-06382D51D701"},"Execution_attributes":{"ProcessID":556,"ThreadID":2532},"Channel":"Security","Computer":"fs01.offsec.lan","Security":null},"EventData":{"ProcessId":1000,"UserSid":"S-1-5-19","UserName":"NT AUTHORITY\\LOCAL SERVICE","ProviderKey":"4B153735-1049-4480-AAB4-D1B9BDC03710","ProviderName":"Microsoft Corporation","ChangeType":"%%16384","FilterKey":"CB62B324-4664-4CF8-81F0-59A24166BD7D","FilterName":"InternetClientServer Inbound Default Rule","FilterType":"%%16388","FilterId":72317,"LayerKey":"E1CD9FE7-F4B5-4273-96C0-592E487B8650","LayerName":"ALE Receive/Accept v4 Layer","LayerId":44,"Weight":9008023888462332,"Conditions":"\n\tCondition ID:\t{71bc78fa-f17c-4997-a602-6abb261f351c}\n\tMatch value:\tNot equal to\n\tCondition value:\t-\n\n\tCondition ID:\t{b235ae9a-1d64-49b8-a44c-5ff3d9095045}\n\tMatch value:\tIn range\n\tCondition value:\t0x0a172aff - 0xe0000000\n\n\tCondition ID:\t{46ea1551-2255-492b-8019-aabeee349f40}\n\tMatch value:\tEqual to\n\tCondition value:\t0x00000003\n\n\tCondition ID:\t{ab3033c9-c0e3-4759-937d-5758c65d4ae3}\n\tMatch value:\tEqual to\n\tCondition value:\t0x00000003\n\n\tCondition ID:\t{af043a0a-b34d-4f86-979c-c90371af6e66}\n\tMatch value:\tEqual to\n\tCondition value:\t\nO:LSD:(A;;CC;;;S-1-15-3-2)(A;;CC;;;WD)(A;;CC;;;AN)\n\n","Action":"%%16390","CalloutKey":"00000000-0000-0000-0000-000000000000","CalloutName":"-"}}}
{"Event_attributes":{"xmlns":"http://schemas.microsoft.com/win/2004/08/events/event"},"Event":{"System":{"Provider_attributes":{"Name":"Microsoft-Windows-Security-Auditing","Guid":"54849625-5478-4994-A5BA-3E3B0328C30D"},"EventID":5447,"Version":0,"Level":0,"Task":13573,"Opcode":0,"Keywords":"0x8020000000000000","TimeCreated_attributes":{"SystemTime":"2021-06-03T19:17:47.791992Z"},"EventRecordID":1966108,"Correlation_attributes":{"ActivityID":"38068009-512D-0000-1D80-06382D51D701"},"Execution_attributes":{"ProcessID":556,"ThreadID":2532},"Channel":"Security","Computer":"fs01.offsec.lan","Security":null},"EventData":{"ProcessId":1000,"UserSid":"S-1-5-19","UserName":"NT AUTHORITY\\LOCAL SERVICE","ProviderKey":"4B153735-1049-4480-AAB4-D1B9BDC03710","ProviderName":"Microsoft Corporation","ChangeType":"%%16384","FilterKey":"501075C5-2949-417C-BB4A-CE822C0E9FFA","FilterName":"InternetClientServer Inbound Default Rule","FilterType":"%%16388","FilterId":72318,"LayerKey":"E1CD9FE7-F4B5-4273-96C0-592E487B8650","LayerName":"ALE Receive/Accept v4 Layer","LayerId":44,"Weight":72058418671649276,"Conditions":"\n\tCondition ID:\t{71bc78fa-f17c-4997-a602-6abb261f351c}\n\tMatch value:\tNot equal to\n\tCondition value:\t-\n\n\tCondition ID:\t{b235ae9a-1d64-49b8-a44c-5ff3d9095045}\n\tMatch value:\tIn range\n\tCondition value:\t0xefffffff - 0xffffffff\n\n\tCondition ID:\t{46ea1551-2255-492b-8019-aabeee349f40}\n\tMatch value:\tEqual to\n\tCondition value:\t0x00000003\n\n\tCondition ID:\t{ab3033c9-c0e3-4759-937d-5758c65d4ae3}\n\tMatch value:\tEqual to\n\tCondition value:\t0x00000003\n\n\tCondition ID:\t{af043a0a-b34d-4f86-979c-c90371af6e66}\n\tMatch value:\tEqual to\n\tCondition value:\t\nO:LSD:(A;;CC;;;S-1-15-3-2)(A;;CC;;;WD)(A;;CC;;;AN)\n\n","Action":"%%16390","CalloutKey":"00000000-0000-0000-0000-000000000000","CalloutName":"-"}}}
{"Event_attributes":{"xmlns":"http://schemas.microsoft.com/win/2004/08/events/event"},"Event":{"System":{"Provider_attributes":{"Name":"Microsoft-Windows-Security-Auditing","Guid":"54849625-5478-4994-A5BA-3E3B0328C30D"},"EventID":5447,"Version":0,"Level":0,"Task":13573,"Opcode":0,"Keywords":"0x8020000000000000","TimeCreated_attributes":{"SystemTime":"2021-06-03T19:17:47.792021Z"},"EventRecordID":1966109,"Correlation_attributes":{"ActivityID":"38068009-512D-0000-1D80-06382D51D701"},"Execution_attributes":{"ProcessID":556,"ThreadID":2532},"Channel":"Security","Computer":"fs01.offsec.lan","Security":null},"EventData":{"ProcessId":1000,"UserSid":"S-1-5-19","UserName":"NT AUTHORITY\\LOCAL SERVICE","ProviderKey":"4B153735-1049-4480-AAB4-D1B9BDC03710","ProviderName":"Microsoft Corporation","ChangeType":"%%16384","FilterKey":"7C542629-B4E1-4C9B-AE79-C32BB1930473","FilterName":"InternetClientServer Inbound Default Rule","FilterType":"%%16388","FilterId":72319,"LayerKey":"A3B42C97-9F04-4672-B87E-CEE9C483257F","LayerName":"ALE Receive/Accept v6 Layer","LayerId":46,"Weight":1126106065273340,"Conditions":"\n\tCondition ID:\t{71bc78fa-f17c-4997-a602-6abb261f351c}\n\tMatch value:\tNot equal to\n\tCondition value:\t-\n\n\tCondition ID:\t{b235ae9a-1d64-49b8-a44c-5ff3d9095045}\n\tMatch value:\tIn range\n\tCondition value:\t00000000000000000000000000000000 - fe800000000000000000000000000000\n\n\tCondition ID:\t{46ea1551-2255-492b-8019-aabeee349f40}\n\tMatch value:\tEqual to\n\tCondition value:\t0x00000003\n\n\tCondition ID:\t{ab3033c9-c0e3-4759-937d-5758c65d4ae3}\n\tMatch value:\tEqual to\n\tCondition value:\t0x00000003\n\n\tCondition ID:\t{af043a0a-b34d-4f86-979c-c90371af6e66}\n\tMatch value:\tEqual to\n\tCondition value:\t\nO:LSD:(A;;CC;;;S-1-15-3-2)(A;;CC;;;WD)(A;;CC;;;AN)\n\n","Action":"%%16390","CalloutKey":"00000000-0000-0000-0000-000000000000","CalloutName":"-"}}}
{"Event_attributes":{"xmlns":"http://schemas.microsoft.com/win/2004/08/events/event"},"Event":{"System":{"Provider_attributes":{"Name":"Microsoft-Windows-Security-Auditing","Guid":"54849625-5478-4994-A5BA-3E3B0328C30D"},"EventID":5447,"Version":0,"Level":0,"Task":13573,"Opcode":0,"Keywords":"0x8020000000000000","TimeCreated_attributes":{"SystemTime":"2021-06-03T19:17:47.792050Z"},"EventRecordID":1966110,"Correlation_attributes":{"ActivityID":"38068009-512D-0000-1D80-06382D51D701"},"Execution_attributes":{"ProcessID":556,"ThreadID":2532},"Channel":"Security","Computer":"fs01.offsec.lan","Security":null},"EventData":{"ProcessId":1000,"UserSid":"S-1-5-19","UserName":"NT AUTHORITY\\LOCAL SERVICE","ProviderKey":"4B153735-1049-4480-AAB4-D1B9BDC03710","ProviderName":"Microsoft Corporation","ChangeType":"%%16384","FilterKey":"ACCD6B85-F58D-42B7-8D45-FB849539273A","FilterName":"InternetClientServer Inbound Default Rule","FilterType":"%%16388","FilterId":72320,"LayerKey":"A3B42C97-9F04-4672-B87E-CEE9C483257F","LayerName":"ALE Receive/Accept v6 Layer","LayerId":46,"Weight":40532602804765180,"Conditions":"\n\tCondition ID:\t{71bc78fa-f17c-4997-a602-6abb261f351c}\n\tMatch value:\tNot equal to\n\tCondition value:\t-\n\n\tCondition ID:\t{b235ae9a-1d64-49b8-a44c-5ff3d9095045}\n\tMatch value:\tIn range\n\tCondition value:\tfe80000000000000ffffffffffffffff - ff000000000000000000000000000000\n\n\tCondition ID:\t{46ea1551-2255-492b-8019-aabeee349f40}\n\tMatch value:\tEqual to\n\tCondition value:\t0x00000003\n\n\tCondition ID:\t{ab3033c9-c0e3-4759-937d-5758c65d4ae3}\n\tMatch value:\tEqual to\n\tCondition value:\t0x00000003\n\n\tCondition ID:\t{af043a0a-b34d-4f86-979c-c90371af6e66}\n\tMatch value:\tEqual to\n\tCondition value:\t\nO:LSD:(A;;CC;;;S-1-15-3-2)(A;;CC;;;WD)(A;;CC;;;AN)\n\n","Action":"%%16390","CalloutKey":"00000000-0000-0000-0000-000000000000","CalloutName":"-"}}}
{"Event_attributes":{"xmlns":"http://schemas.microsoft.com/win/2004/08/events/event"},"Event":{"System":{"Provider_attributes":{"Name":"Microsoft-Windows-Security-Auditing","Guid":"54849625-5478-4994-A5BA-3E3B0328C30D"},"EventID":5447,"Version":0,"Level":0,"Task":13573,"Opcode":0,"Keywords":"0x8020000000000000","TimeCreated_attributes":{"SystemTime":"2021-06-03T19:17:47.792079Z"},"EventRecordID":1966111,"Correlation_attributes":{"ActivityID":"38068009-512D-0000-1D80-06382D51D701"},"Execution_attributes":{"ProcessID":556,"ThreadID":2532},"Channel":"Security","Computer":"fs01.offsec.lan","Security":null},"EventData":{"ProcessId":1000,"UserSid":"S-1-5-19","UserName":"NT AUTHORITY\\LOCAL SERVICE","ProviderKey":"4B153735-1049-4480-AAB4-D1B9BDC03710","ProviderName":"Microsoft Corporation","ChangeType":"%%16384","FilterKey":"570ED262-D2BA-4D86-A7C5-465D6B9C42E2","FilterName":"InternetClientServer Outbound Default Rule","FilterType":"%%16388","FilterId":72321,"LayerKey":"C38D57D1-05A7-4C33-904F-7FBCEEE60E82","LayerName":"ALE Connect v4 Layer","LayerId":48,"Weight":42784402618450940,"Conditions":"\n\tCondition ID:\t{71bc78fa-f17c-4997-a602-6abb261f351c}\n\tMatch value:\tNot equal to\n\tCondition value:\t-\n\n\tCondition ID:\t{b235ae9a-1d64-49b8-a44c-5ff3d9095045}\n\tMatch value:\tIn range\n\tCondition value:\t0x00000000 - 0x0a172a00\n\n\tCondition ID:\t{46ea1551-2255-492b-8019-aabeee349f40}\n\tMatch value:\tEqual to\n\tCondition value:\t0x00000003\n\n\tCondition ID:\t{ab3033c9-c0e3-4759-937d-5758c65d4ae3}\n\tMatch value:\tEqual to\n\tCondition value:\t0x00000003\n\n\tCondition ID:\t{af043a0a-b34d-4f86-979c-c90371af6e66}\n\tMatch value:\tEqual to\n\tCondition value:\t\nO:LSD:(A;;CC;;;S-1-15-3-2)(A;;CC;;;WD)(A;;CC;;;AN)\n\n","Action":"%%16390","CalloutKey":"00000000-0000-0000-0000-000000000000","CalloutName":"-"}}}
