{"Event_attributes":{"xmlns":"http://schemas.microsoft.com/win/2004/08/events/event"},"Event":{"System":{"Provider_attributes":{"Name":"Microsoft-Windows-Security-Auditing","Guid":"54849625-5478-4994-A5BA-3E3B0328C30D"},"EventID":5447,"Version":0,"Level":0,"Task":13573,"Opcode":0,"Keywords":"0x8020000000000000","TimeCreated_attributes":{"SystemTime":"2021-06-03T19:17:46.752873Z"},"EventRecordID":1965627,"Correlation_attributes":{"ActivityID":"38068009-512D-0000-1D80-06382D51D701"},"Execution_attributes":{"ProcessID":556,"ThreadID":2532},"Channel":"Security","Computer":"fs01.offsec.lan","Security":null},"EventData":{"ProcessId":1000,"UserSid":"S-1-5-19","UserName":"NT AUTHORITY\\LOCAL SERVICE","ProviderKey":"4B153735-1049-4480-AAB4-D1B9BDC03710","ProviderName":"Microsoft Corporation","ChangeType":"%%16384","FilterKey":"A060EAE1-3212-418B-BE67-650DA2BE525A","FilterName":"Block Inbound Default Rule","FilterType":"%%16388","FilterId":72086,"LayerKey":"A3B42C97-9F04-4672-B87E-CEE9C483257F","LayerName":"ALE Receive/Accept v6 Layer","LayerId":46,"Weight":137438953472,"Conditions":"\n\tCondition ID:\t{71bc78fa-f17c-4997-a602-6abb261f351c}\n\tMatch value:\tNot equal to\n\tCondition value:\t-\n","Action":"%%16389","CalloutKey":"00000000-0000-0000-0000-000000000000","CalloutName":"-"}}}
{"Event_attributes":{"xmlns":"http://schemas.microsoft.com/win/2004/08/events/event"},"Event":{"System":{"Provider_attributes":{"Name":"Microsoft-Windows-Security-Auditing","Guid":"54849625-5478-4994-A5BA-3E3B0328C30D"},"EventID":5447,"Version":0,"Level":0,"Task":13573,"Opcode":0,"Keywords":"0x8020000000000000","TimeCreated_attributes":{"SystemTime":"2021-06-03T19:17:46.752901Z"},"EventRecordID":1965628,"Correlation_attributes":{"ActivityID":"38068009-512D-0000-1D80-06382D51D701"},"Execution_attributes":{"ProcessID":556,"ThreadID":2532},"Channel":"Security","Computer":"fs01.offsec.lan","Security":null},"EventData":{"ProcessId":1000,"UserSid":"S-1-5-19","UserName":"NT AUTHORITY\\LOCAL SERVICE","ProviderKey":"4B153735-1049-4480-AAB4-D1B9BDC03710","ProviderName":"Microsoft Corporation","ChangeType":"%%16384","FilterKey":"1EA5745A-A324-4004-A38B-3EE69F2EAACC","FilterName":"Block Outbound Default Rule","FilterType":"%%16388","FilterId":72087,"LayerKey":"C38D57D1-05A7-4C33-904F-7FBCEEE60E82","LayerName":"ALE Connect v4 Layer","LayerId":48,"Weight":137438953472,"Conditions":"\n\tCondition ID:\t{71bc78fa-f17c-4997-a602-6abb261f351c}\n\tMatch value:\tNot equal to\n\tCondition value:\t-\n","Action":"%%16389","CalloutKey":"00000000-0000-0000-0000-000000000000","CalloutName":"-"}}}
{"Event_attributes":{"xmlns":"http://schemas.microsoft.com/win/2004/08/events/event"},"Event":{"System":{"Provider_attributes":{"Name":"Microsoft-Windows-Security-Auditing","Guid":"54849625-5478-4994-A5BA-3E3B0328C30D"},"EventID":5447,"Version":0,"Level":0,"Task":13573,"Opcode":0,"Keywords":"0x8020000000000000","TimeCreated_attributes":{"SystemTime":"2021-06-03T19:17:46.752928Z"},"EventRecordID":1965629,"Correlation_attributes":{"ActivityID":"38068009-512D-0000-1D80-06382D51D701"},"Execution_attributes":{"ProcessID":556,"ThreadID":2532},"Channel":"Security","Computer":"fs01.offsec.lan","Security":null},"EventData":{"ProcessId":1000,"UserSid":"S-1-5-19","UserName":"NT AUTHORITY\\LOCAL SERVICE","ProviderKey":"4B153735-1049-4480-AAB4-D1B9BDC03710","ProviderName":"Microsoft Corporation","ChangeType":"%%16384","FilterKey":"94DA35DA-25FD-4A23-9F8E-B8750F67244C","FilterName":"Block Outbound Default Rule","FilterType":"%%16388","FilterId":72088,"LayerKey":"4A72393B-319F-44BC-84C3-BA54DCB3B6B4","LayerName":"ALE Connect v6 Layer","LayerId":50,"Weight":34359738368,"Conditions":"\n\tCondition ID:\t{71bc78fa-f17c-4997-a602-6abb261f351c}\n\tMatch value:\tNot equal to\n\tCondition value:\t-\n","Action":"%%16389","CalloutKey":"00000000-0000-0000-0000-000000000000","CalloutName":"-"}}}
{"Event_attributes":{"xmlns":"http://schemas.microsoft.com/win/2004/08/events/event"},"Event":{"System":{"Provider_attributes":{"Name":"Microsoft-Windows-Security-Auditing","Guid":"54849625-5478-4994-A5BA-3E3B0328C30D"},"EventID":5447,"Version":0,"Level":0,"Task":13573,"Opcode":0,"Keywords":"0x8020000000000000","TimeCreated_attributes":{"SystemTime":"2021-06-03T19:17:46.752956Z"},"EventRecordID":1965630,"Correlation_attributes":{"ActivityID":"38068009-512D-0000-1D80-06382D51D701"},"Execution_attributes":{"ProcessID":556,"ThreadID":2532},"Channel":"Security","Computer":"fs01.offsec.lan","Security":null},"EventData":{"ProcessId":1000,"UserSid":"S-1-5-19","UserName":"NT AUTHORITY\\LOCAL SERVICE","ProviderKey":"4B153735-1049-4480-AAB4-D1B9BDC03710","ProviderName":"Microsoft Corporation","ChangeType":"%%16384","FilterKey":"9F847941-82C5-4DFD-8B5D-B178DE9BCB77","FilterName":"AxInstSV TCP outbound allow","FilterType":"%%16388","FilterId":72089,"LayerKey":"C38D57D1-05A7-4C33-904F-7FBCEEE60E82","LayerName":"ALE Connect v4 Layer","LayerId":48,"Weight":422418623496192,"Conditions":"\n\tCondition ID:\t{d78e1e87-8644-4ea5-9437-d809ecefc971}\n\tMatch value:\tEqual to\n\tCondition value:\t\n    00000000  5c 00 64 00 65 00 76 00-69 00 63 00 65 00 5c 00  \\.d.e.v.i.c.e.\\.\n    00000010  68 00 61 00 72 00 64 00-64 00 69 00 73 00 6b 00  h.a.r.d.d.i.s.k.\n    00000020  76 00 6f 00 6c 00 75 00-6d 00 65 00 34 00 5c 00  v.o.l.u.m.e.4.\\.\n    00000030  77 00 69 00 6e 00 64 00-6f 00 77 00 73 00 5c 00  w.i.n.d.o.w.s.\\.\n    00000040  73 00 79 00 73 00 74 00-65 00 6d 00 33 00 32 00  s.y.s.t.e.m.3.2.\n    00000050  5c 00 73 00 76 00 63 00-68 00 6f 00 73 00 74 00  \\.s.v.c.h.o.s.t.\n    00000060  2e 00 65 00 78 00 65 00-00 00                    ..e.x.e...\n\n\n\tCondition ID:\t{af043a0a-b34d-4f86-979c-c90371af6e66}\n\tMatch value:\tEqual to\n\tCondition value:\t\nO:SYG:SYD:(A;;CCRC;;;S-1-5-80-1058592404-331734164-3167594226-3910907650-1299295147)\n\n\n\tCondition ID:\t{3971ef2b-623e-4f9a-8cb1-6e79b806b9a7}\n\tMatch value:\tEqual to\n\tCondition value:\t0x06\n","Action":"%%16390","CalloutKey":"00000000-0000-0000-0000-000000000000","CalloutName":"-"}}}
{"Event_attributes":{"xmlns":"http://schemas.microsoft.com/win/2004/08/events/event"},"Event":{"System":{"Provider_attributes":{"Name":"Microsoft-Windows-Security-Auditing","Guid":"54849625-5478-4994-A5BA-3E3B0328C30D"},"EventID":5447,"Version":0,"Level":0,"Task":13573,"Opcode":0,"Keywords":"0x8020000000000000","TimeCreated_attributes":{"SystemTime":"2021-06-03T19:17:46.752985Z"},"EventRecordID":1965631,"Correlation_attributes":{"ActivityID":"38068009-512D-0000-1D80-06382D51D701"},"Execution_attributes":{"ProcessID":556,"ThreadID":2532},"Channel":"Security","Computer":"fs01.offsec.lan","Security":null},"EventData":{"ProcessId":1000,"UserSid":"S-1-5-19","UserName":"NT AUTHORITY\\LOCAL SERVICE","ProviderKey":"4B153735-1049-4480-AAB4-D1B9BDC03710","ProviderName":"Microsoft Corporation","ChangeType":"%%16384","FilterKey":"6D40E875-D8FC-4DA2-B095-5D01F905AE30","FilterName":"AxInstSV TCP outbound allow","FilterType":"%%16388","FilterId":72090,"LayerKey":"4A72393B-319F-44BC-84C3-BA54DCB3B6B4","LayerName":"ALE Connect v6 Layer","LayerId":50,"Weight":105604655874048,"Conditions":"\n\tCondition ID:\t{d78e1e87-8644-4ea5-9437-d809ecefc971}\n\tMatch value:\tEqual to\n\tCondition value:\t\n    00000000  5c 00 64 00 65 00 76 00-69 00 63 00 65 00 5c 00  \\.d.e.v.i.c.e.\\.\n    00000010  68 00 61 00 72 00 64 00-64 00 69 00 73 00 6b 00  h.a.r.d.d.i.s.k.\n    00000020  76 00 6f 00 6c 00 75 00-6d 00 65 00 34 00 5c 00  v.o.l.u.m.e.4.\\.\n    00000030  77 00 69 00 6e 00 64 00-6f 00 77 00 73 00 5c 00  w.i.n.d.o.w.s.\\.\n    00000040  73 00 79 00 73 00 74 00-65 00 6d 00 33 00 32 00  s.y.s.t.e.m.3.2.\n    00000050  5c 00 73 00 76 00 63 00-68 00 6f 00 73 00 74 00  \\.s.v.c.h.o.s.t.\n    00000060  2e 00 65 00 78 00 65 00-00 00                    ..e.x.e...\n\n\n\tCondition ID:\t{af043a0a-b34d-4f86-979c-c90371af6e66}\n\tMatch value:\tEqual to\n\tCondition value:\t\nO:SYG:SYD:(A;;CCRC;;;S-1-5-80-1058592404-331734164-3167594226-3910907650-1299295147)\n\n\n\tCondition ID:\t{3971ef2b-623e-4f9a-8cb1-6e79b806b9a7}\n\tMatch value:\tEqual to\n\tCondition value:\t0x06\n","Action":"%%16390","CalloutKey":"00000000-0000-0000-0000-000000000000","CalloutName":"-"}}}
{"Event_attributes":{"xmlns":"http://schemas.microsoft.com/win/2004/08/events/event"},"Event":{"System":{"Provider_attributes":{"Name":"Microsoft-Windows-Security-Auditing","Guid":"54849625-5478-4994-A5BA-3E3B0328C30D"},"EventID":5447,"Version":0,"Level":0,"Task":13573,"Opcode":0,"Keywords":"0x8020000000000000","TimeCreated_attributes":{"SystemTime":"2021-06-03T19:17:46.753071Z"},"EventRecordID":1965632,"Correlation_attributes":{"ActivityID":"38068009-512D-0000-1D80-06382D51D701"},"Execution_attributes":{"ProcessID":556,"ThreadID":2532},"Channel":"Security","Computer":"fs01.offsec.lan","Security":null},"EventData":{"ProcessId":1000,"UserSid":"S-1-5-19","UserName":"NT AUTHORITY\\LOCAL SERVICE","ProviderKey":"4B153735-1049-4480-AAB4-D1B9BDC03710","ProviderName":"Microsoft Corporation","ChangeType":"%%16384","FilterKey":"2755170A-69E2-4CA4-A81E-BE4ADFDF60F4","FilterName":"DhcpFirewallPolicy","FilterType":"%%16388","FilterId":72091,"LayerKey":"C38D57D1-05A7-4C33-904F-7FBCEEE60E82","LayerName":"ALE Connect v4 Layer","LayerId":48,"Weight":494711513022464,"Conditions":"\n\tCondition ID:\t{d78e1e87-8644-4ea5-9437-d809ecefc971}\n\tMatch value:\tEqual to\n\tCondition value:\t\n    00000000  5c 00 64 00 65 00 76 00-69 00 63 00 65 00 5c 00  \\.d.e.v.i.c.e.\\.\n    00000010  68 00 61 00 72 00 64 00-64 00 69 00 73 00 6b 00  h.a.r.d.d.i.s.k.\n    00000020  76 00 6f 00 6c 00 75 00-6d 00 65 00 34 00 5c 00  v.o.l.u.m.e.4.\\.\n    00000030  77 00 69 00 6e 00 64 00-6f 00 77 00 73 00 5c 00  w.i.n.d.o.w.s.\\.\n    00000040  73 00 79 00 73 00 74 00-65 00 6d 00 33 00 32 00  s.y.s.t.e.m.3.2.\n    00000050  5c 00 73 00 76 00 63 00-68 00 6f 00 73 00 74 00  \\.s.v.c.h.o.s.t.\n    00000060  2e 00 65 00 78 00 65 00-00 00                    ..e.x.e...\n\n\n\tCondition ID:\t{af043a0a-b34d-4f86-979c-c90371af6e66}\n\tMatch value:\tEqual to\n\tCondition value:\t\nO:SYG:SYD:(A;;CCRC;;;S-1-5-80-2940520708-3855866260-481812779-327648279-1710889582)\n\n\n\tCondition ID:\t{0c1ba1af-5765-453f-af22-a8f791ac775b}\n\tMatch value:\tEqual to\n\tCondition value:\t0x0044\n\n\tCondition ID:\t{3971ef2b-623e-4f9a-8cb1-6e79b806b9a7}\n\tMatch value:\tEqual to\n\tCondition value:\t0x11\n\n\tCondition ID:\t{c35a604d-d22b-4e1a-91b4-68f674ee674b}\n\tMatch value:\tEqual to\n\tCondition value:\t0x0043\n","Action":"%%16390","CalloutKey":"00000000-0000-0000-0000-000000000000","CalloutName":"-"}}}
{"Event_attributes":{"xmlns":"http://schemas.microsoft.com/win/2004/08/events/event"},"Event":{"System":{"Provider_attributes":{"Name":"Microsoft-Windows-Security-Auditing","Guid":"54849625-5478-4994-A5BA-3E3B0328C30D"},"EventID":5447,"Version":0,"Level":0,"Task":13573,"Opcode":0,"Keywords":"0x8020000000000000","TimeCreated_attributes":{"SystemTime":"2021-06-03T19:17:46.753147Z"},"EventRecordID":1965633,"Correlation_attributes":{"ActivityID":"38068009-512D-0000-1D80-06382D51D701"},"Execution_attributes":{"ProcessID":556,"ThreadID":2532},"Channel":"Security","Computer":"fs01.offsec.lan","Security":null},"EventData":{"ProcessId":1000,"UserSid":"S-1-5-19","UserName":"NT AUTHORITY\\LOCAL SERVICE","ProviderKey":"4B153735-1049-4480-AAB4-D1B9BDC03710","ProviderName":"Microsoft Corporation","ChangeType":"%%16384","FilterKey":"350F3F34-7E63-43E8-BCFB-B9DA2E9EA25D","FilterName":"DhcpFirewallPolicy","FilterType":"%%16388","FilterId":72092,"LayerKey":"4A72393B-319F-44BC-84C3-BA54DCB3B6B4","LayerName":"ALE Connect v6 Layer","LayerId":50,"Weight":123677878255616,"Conditions":"\n\tCondition ID:\t{d78e1e87-8644-4ea5-9437-d809ecefc971}\n\tMatch value:\tEqual to\n\tCondition value:\t\n    00000000  5c 00 64 00 65 00 76 00-69 00 63 00 65 00 5c 00  \\.d.e.v.i.c.e.\\.\n    00000010  68 00 61 00 72 00 64 00-64 00 69 00 73 00 6b 00  h.a.r.d.d.i.s.k.\n    00000020  76 00 6f 00 6c 00 75 00-6d 00 65 00 34 00 5c 00  v.o.l.u.m.e.4.\\.\n    00000030  77 00 69 00 6e 00 64 00-6f 00 77 00 73 00 5c 00  w.i.n.d.o.w.s.\\.\n    00000040  73 00 79 00 73 00 74 00-65 00 6d 00 33 00 32 00  s.y.s.t.e.m.3.2.\n    00000050  5c 00 73 00 76 00 63 00-68 00 6f 00 73 00 74 00  \\.s.v.c.h.o.s.t.\n    00000060  2e 00 65 00 78 00 65 00-00 00                    ..e.x.e...\n\n\n\tCondition ID:\t{af043a0a-b34d-4f86-979c-c90371af6e66}\n\tMatch value:\tEqual to\n\tCondition value:\t\nO:SYG:SYD:(A;;CCRC;;;S-1-5-80-2940520708-3855866260-481812779-327648279-1710889582)\n\n\n\tCondition ID:\t{0c1ba1af-5765-453f-af22-a8f791ac775b}\n\tMatch value:\tEqual to\n\tCondition value:\t0x0044\n\n\tCondition ID:\t{3971ef2b-623e-4f9a-8cb1-6e79b806b9a7}\n\tMatch value:\tEqual to\n\tCondition value:\t0x11\n\n\tCondition ID:\t{c35a604d-d22b-4e1a-91b4-68f674ee674b}\n\tMatch value:\tEqual to\n\tCondition value:\t0x0043\n","Action":"%%16390","CalloutKey":"00000000-0000-0000-0000-000000000000","CalloutName":"-"}}}
{"Event_attributes":{"xmlns":"http://schemas.microsoft.com/win/2004/08/events/event"},"Event":{"System":{"Provider_attributes":{"Name":"Microsoft-Windows-Security-Auditing","Guid":"54849625-5478-4994-A5BA-3E3B0328C30D"},"EventID":5447,"Version":0,"Level":0,"Task":13573,"Opcode":0,"Keywords":"0x8020000000000000","TimeCreated_attributes":{"SystemTime":"2021-06-03T19:17:46.753233Z"},"EventRecordID":1965634,"Correlation_attributes":{"ActivityID":"38068009-512D-0000-1D80-06382D51D701"},"Execution_attributes":{"ProcessID":556,"ThreadID":2532},"Channel":"Security","Computer":"fs01.offsec.lan","Security":null},"EventData":{"ProcessId":1000,"UserSid":"S-1-5-19","UserName":"NT AUTHORITY\\LOCAL SERVICE","ProviderKey":"4B153735-1049-4480-AAB4-D1B9BDC03710","ProviderName":"Microsoft Corporation","ChangeType":"%%16384","FilterKey":"F80D4963-D282-4482-BB6C-020357146A0A","FilterName":"DhcpFirewallPolicy","FilterType":"%%16388","FilterId":72093,"LayerKey":"E1CD9FE7-F4B5-4273-96C0-592E487B8650","LayerName":"ALE Receive/Accept v4 Layer","LayerId":44,"Weight":2115185493934080,"Conditions":"\n\tCondition ID:\t{d78e1e87-8644-4ea5-9437-d809ecefc971}\n\tMatch value:\tEqual to\n\tCondition value:\t\n    00000000  5c 00 64 00 65 00 76 00-69 00 63 00 65 00 5c 00  \\.d.e.v.i.c.e.\\.\n    00000010  68 00 61 00 72 00 64 00-64 00 69 00 73 00 6b 00  h.a.r.d.d.i.s.k.\n    00000020  76 00 6f 00 6c 00 75 00-6d 00 65 00 34 00 5c 00  v.o.l.u.m.e.4.\\.\n    00000030  77 00 69 00 6e 00 64 00-6f 00 77 00 73 00 5c 00  w.i.n.d.o.w.s.\\.\n    00000040  73 00 79 00 73 00 74 00-65 00 6d 00 33 00 32 00  s.y.s.t.e.m.3.2.\n    00000050  5c 00 73 00 76 00 63 00-68 00 6f 00 73 00 74 00  \\.s.v.c.h.o.s.t.\n    00000060  2e 00 65 00 78 00 65 00-00 00                    ..e.x.e...\n\n\n\tCondition ID:\t{af043a0a-b34d-4f86-979c-c90371af6e66}\n\tMatch value:\tEqual to\n\tCondition value:\t\nO:SYG:SYD:(A;;CCRC;;;S-1-5-80-2940520708-3855866260-481812779-327648279-1710889582)\n\n\n\tCondition ID:\t{0c1ba1af-5765-453f-af22-a8f791ac775b}\n\tMatch value:\tEqual to\n\tCondition value:\t0x0044\n\n\tCondition ID:\t{3971ef2b-623e-4f9a-8cb1-6e79b806b9a7}\n\tMatch value:\tEqual to\n\tCondition value:\t0x11\n\n\tCondition ID:\t{c35a604d-d22b-4e1a-91b4-68f674ee674b}\n\tMatch value:\tEqual to\n\tCondition value:\t0x0043\n","Action":"%%16390","CalloutKey":"00000000-0000-0000-0000-000000000000","CalloutName":"-"}}}
{"Event_attributes":{"xmlns":"http://schemas.microsoft.com/win/2004/08/events/event"},"Event":{"System":{"Provider_attributes":{"Name":"Microsoft-Windows-Security-Auditing","Guid":"54849625-5478-4994-A5BA-3E3B0328C30D"},"EventID":5447,"Version":0,"Level":0,"Task":13573,"Opcode":0,"Keywords":"0x8020000000000000","TimeCreated_attributes":{"SystemTime":"2021-06-03T19:17:46.753308Z"},"EventRecordID":1965635,"Correlation_attributes":{"ActivityID":"38068009-512D-0000-1D80-06382D51D701"},"Execution_attributes":{"ProcessID":556,"ThreadID":2532},"Channel":"Security","Computer":"fs01.offsec.lan","Security":null},"EventData":{"ProcessId":1000,"UserSid":"S-1-5-19","UserName":"NT AUTHORITY\\LOCAL SERVICE","ProviderKey":"4B153735-1049-4480-AAB4-D1B9BDC03710","ProviderName":"Microsoft Corporation","ChangeType":"%%16384","FilterKey":"2AC387E3-3D62-483A-8492-6A3C53B07476","FilterName":"DhcpFirewallPolicy","FilterType":"%%16388","FilterId":72094,"LayerKey":"A3B42C97-9F04-4672-B87E-CEE9C483257F","LayerName":"ALE Receive/Accept v6 Layer","LayerId":46,"Weight":248420908400640,"Conditions":"\n\tCondition ID:\t{d78e1e87-8644-4ea5-9437-d809ecefc971}\n\tMatch value:\tEqual to\n\tCondition value:\t\n    00000000  5c 00 64 00 65 00 76 00-69 00 63 00 65 00 5c 00  \\.d.e.v.i.c.e.\\.\n    00000010  68 00 61 00 72 00 64 00-64 00 69 00 73 00 6b 00  h.a.r.d.d.i.s.k.\n    00000020  76 00 6f 00 6c 00 75 00-6d 00 65 00 34 00 5c 00  v.o.l.u.m.e.4.\\.\n    00000030  77 00 69 00 6e 00 64 00-6f 00 77 00 73 00 5c 00  w.i.n.d.o.w.s.\\.\n    00000040  73 00 79 00 73 00 74 00-65 00 6d 00 33 00 32 00  s.y.s.t.e.m.3.2.\n    00000050  5c 00 73 00 76 00 63 00-68 00 6f 00 73 00 74 00  \\.s.v.c.h.o.s.t.\n    00000060  2e 00 65 00 78 00 65 00-00 00                    ..e.x.e...\n\n\n\tCondition ID:\t{af043a0a-b34d-4f86-979c-c90371af6e66}\n\tMatch value:\tEqual to\n\tCondition value:\t\nO:SYG:SYD:(A;;CCRC;;;S-1-5-80-2940520708-3855866260-481812779-327648279-1710889582)\n\n\n\tCondition ID:\t{0c1ba1af-5765-453f-af22-a8f791ac775b}\n\tMatch value:\tEqual to\n\tCondition value:\t0x0044\n\n\tCondition ID:\t{3971ef2b-623e-4f9a-8cb1-6e79b806b9a7}\n\tMatch value:\tEqual to\n\tCondition value:\t0x11\n\n\tCondition ID:\t{c35a604d-d22b-4e1a-91b4-68f674ee674b}\n\tMatch value:\tEqual to\n\tCondition value:\t0x0043\n","Action":"%%16390","CalloutKey":"00000000-0000-0000-0000-000000000000","CalloutName":"-"}}}
{"Event_attributes":{"xmlns":"http://schemas.microsoft.com/win/2004/08/events/event"},"Event":{"System":{"Provider_attributes":{"Name":"Microsoft-Windows-Security-Auditing","Guid":"54849625-5478-4994-A5BA-3E3B0328C30D"},"EventID":5447,"Version":0,"Level":0,"Task":13573,"Opcode":0,"Keywords":"0x8020000000000000","TimeCreated_attributes":{"SystemTime":"2021-06-03T19:17:46.753385Z"},"EventRecordID":1965636,"Correlation_attributes":{"ActivityID":"38068009-512D-0000-1D80-06382D51D701"},"Execution_attributes":{"ProcessID":556,"ThreadID":2532},"Channel":"Security","Computer":"fs01.offsec.lan","Security":null},"EventData":{"ProcessId":1000,"UserSid":"S-1-5-19","UserName":"NT AUTHORITY\\LOCAL SERVICE","ProviderKey":"4B153735-1049-4480-AAB4-D1B9BDC03710","ProviderName":"Microsoft Corporation","ChangeType":"%%16384","FilterKey":"847B7007-4455-4C9A-A7F4-50513D09B005","FilterName":"DhcpFirewallPolicy","FilterType":"%%16388","FilterId":72095,"LayerKey":"E1CD9FE7-F4B5-4273-96C0-592E487B8650","LayerName":"ALE Receive/Accept v4 Layer","LayerId":44,"Weight":2115185493934080,"Conditions":"\n\tCondition ID:\t{d78e1e87-8644-4ea5-9437-d809ecefc971}\n\tMatch value:\tEqual to\n\tCondition value:\t\n    00000000  5c 00 64 00 65 00 76 00-69 00 63 00 65 00 5c 00  \\.d.e.v.i.c.e.\\.\n    00000010  68 00 61 00 72 00 64 00-64 00 69 00 73 00 6b 00  h.a.r.d.d.i.s.k.\n    00000020  76 00 6f 00 6c 00 75 00-6d 00 65 00 34 00 5c 00  v.o.l.u.m.e.4.\\.\n    00000030  77 00 69 00 6e 00 64 00-6f 00 77 00 73 00 5c 00  w.i.n.d.o.w.s.\\.\n    00000040  73 00 79 00 73 00 74 00-65 00 6d 00 33 00 32 00  s.y.s.t.e.m.3.2.\n    00000050  5c 00 73 00 76 00 63 00-68 00 6f 00 73 00 74 00  \\.s.v.c.h.o.s.t.\n    00000060  2e 00 65 00 78 00 65 00-00 00                    ..e.x.e...\n\n\n\tCondition ID:\t{af043a0a-b34d-4f86-979c-c90371af6e66}\n\tMatch value:\tEqual to\n\tCondition value:\t\nO:SYG:SYD:(A;;CCRC;;;S-1-5-80-2940520708-3855866260-481812779-327648279-1710889582)\n\n\n\tCondition ID:\t{0c1ba1af-5765-453f-af22-a8f791ac775b}\n\tMatch value:\tEqual to\n\tCondition value:\t0x0222\n\n\tCondition ID:\t{3971ef2b-623e-4f9a-8cb1-6e79b806b9a7}\n\tMatch value:\tEqual to\n\tCondition value:\t0x11\n\n\tCondition ID:\t{c35a604d-d22b-4e1a-91b4-68f674ee674b}\n\tMatch value:\tEqual to\n\tCondition value:\t0x0223\n","Action":"%%16390","CalloutKey":"00000000-0000-0000-0000-000000000000","CalloutName":"-"}}}
{"Event_attributes":{"xmlns":"http://schemas.microsoft.com/win/2004/08/events/event"},"Event":{"System":{"Provider_attributes":{"Name":"Microsoft-Windows-Security-Auditing","Guid":"54849625-5478-4994-A5BA-3E3B0328C30D"},"EventID":5447,"Version":0,"Level":0,"Task":13573,"Opcode":0,"Keywords":"0x8020000000000000","TimeCreated_attributes":{"SystemTime":"2021-06-03T19:17:46.753462Z"},"EventRecordID":1965637,"Correlation_attributes":{"ActivityID":"38068009-512D-0000-1D80-06382D51D701"},"Execution_attributes":{"ProcessID":556,"ThreadID":2532},"Channel":"Security","Computer":"fs01.offsec.lan","Security":null},"EventData":{"ProcessId":1000,"UserSid":"S-1-5-19","UserName":"NT AUTHORITY\\LOCAL SERVICE","ProviderKey":"4B153735-1049-4480-AAB4-D1B9BDC03710","ProviderName":"Microsoft Corporation","ChangeType":"%%16384","FilterKey":"5706201F-DFE7-4262-A1F0-2E8DCC1F469E","FilterName":"DhcpFirewallPolicy","FilterType":"%%16388","FilterId":72096,"LayerKey":"A3B42C97-9F04-4672-B87E-CEE9C483257F","LayerName":"ALE Receive/Accept v6 Layer","LayerId":46,"Weight":248420908400640,"Conditions":"\n\tCondition ID:\t{d78e1e87-8644-4ea5-9437-d809ecefc971}\n\tMatch value:\tEqual to\n\tCondition value:\t\n    00000000  5c 00 64 00 65 00 76 00-69 00 63 00 65 00 5c 00  \\.d.e.v.i.c.e.\\.\n    00000010  68 00 61 00 72 00 64 00-64 00 69 00 73 00 6b 00  h.a.r.d.d.i.s.k.\n    00000020  76 00 6f 00 6c 00 75 00-6d 00 65 00 34 00 5c 00  v.o.l.u.m.e.4.\\.\n    00000030  77 00 69 00 6e 00 64 00-6f 00 77 00 73 00 5c 00  w.i.n.d.o.w.s.\\.\n    00000040  73 00 79 00 73 00 74 00-65 00 6d 00 33 00 32 00  s.y.s.t.e.m.3.2.\n    00000050  5c 00 73 00 76 00 63 00-68 00 6f 00 73 00 74 00  \\.s.v.c.h.o.s.t.\n    00000060  2e 00 65 00 78 00 65 00-00 00                    ..e.x.e...\n\n\n\tCondition ID:\t{af043a0a-b34d-4f86-979c-c90371af6e66}\n\tMatch value:\tEqual to\n\tCondition value:\t\nO:SYG:SYD:(A;;CCRC;;;S-1-5-80-2940520708-3855866260-481812779-327648279-1710889582)\n\n\n\tCondition ID:\t{0c1ba1af-5765-453f-af22-a8f791ac775b}\n\tMatch value:\tEqual to\n\tCondition value:\t0x0222\n\n\tCondition ID:\t{3971ef2b-623e-4f9a-8cb1-6e79b806b9a7}\n\tMatch value:\tEqual to\n\tCondition value:\t0x11\n\n\tCondition ID:\t{c35a604d-d22b-4e1a-91b4-68f674ee674b}\n\tMatch value:\tEqual to\n\tCondition value:\t0x0223\n","Action":"%%16390","CalloutKey":"00000000-0000-0000-0000-000000000000","CalloutName":"-"}}}
{"Event_attributes":{"xmlns":"http://schemas.microsoft.com/win/2004/08/events/event"},"Event":{"System":{"Provider_attributes":{"Name":"Microsoft-Windows-Security-Auditing","Guid":"54849625-5478-4994-A5BA-3E3B0328C30D"},"EventID":5447,"Version":0,"Level":0,"Task":13573,"Opcode":0,"Keywords":"0x8020000000000000","TimeCreated_attributes":{"SystemTime":"2021-06-03T19:17:46.753543Z"},"EventRecordID":1965638,"Correlation_attributes":{"ActivityID":"38068009-512D-0000-1D80-06382D51D701"},"Execution_attributes":{"ProcessID":556,"ThreadID":2532},"Channel":"Security","Computer":"fs01.offsec.lan","Security":null},"EventData":{"ProcessId":1000,"UserSid":"S-1-5-19","UserName":"NT AUTHORITY\\LOCAL SERVICE","ProviderKey":"4B153735-1049-4480-AAB4-D1B9BDC03710","ProviderName":"Microsoft Corporation","ChangeType":"%%16384","FilterKey":"ECF4A6C9-F50A-42BD-BD68-0F649E91A6E2","FilterName":"DhcpFirewallPolicy","FilterType":"%%16388","FilterId":72097,"LayerKey":"C38D57D1-05A7-4C33-904F-7FBCEEE60E82","LayerName":"ALE Connect v4 Layer","LayerId":48,"Weight":494711513022464,"Conditions":"\n\tCondition ID:\t{d78e1e87-8644-4ea5-9437-d809ecefc971}\n\tMatch value:\tEqual to\n\tCondition value:\t\n    00000000  5c 00 64 00 65 00 76 00-69 00 63 00 65 00 5c 00  \\.d.e.v.i.c.e.\\.\n    00000010  68 00 61 00 72 00 64 00-64 00 69 00 73 00 6b 00  h.a.r.d.d.i.s.k.\n    00000020  76 00 6f 00 6c 00 75 00-6d 00 65 00 34 00 5c 00  v.o.l.u.m.e.4.\\.\n    00000030  77 00 69 00 6e 00 64 00-6f 00 77 00 73 00 5c 00  w.i.n.d.o.w.s.\\.\n    00000040  73 00 79 00 73 00 74 00-65 00 6d 00 33 00 32 00  s.y.s.t.e.m.3.2.\n    00000050  5c 00 73 00 76 00 63 00-68 00 6f 00 73 00 74 00  \\.s.v.c.h.o.s.t.\n    00000060  2e 00 65 00 78 00 65 00-00 00                    ..e.x.e...\n\n\n\tCondition ID:\t{af043a0a-b34d-4f86-979c-c90371af6e66}\n\tMatch value:\tEqual to\n\tCondition value:\t\nO:SYG:SYD:(A;;CCRC;;;S-1-5-80-2940520708-3855866260-481812779-327648279-1710889582)\n\n\n\tCondition ID:\t{0c1ba1af-5765-453f-af22-a8f791ac775b}\n\tMatch value:\tEqual to\n\tCondition value:\t0x0222\n\n\tCondition ID:\t{3971ef2b-623e-4f9a-8cb1-6e79b806b9a7}\n\tMatch value:\tEqual to\n\tCondition value:\t0x11\n\n\tCondition ID:\t{c35a604d-d22b-4e1a-91b4-68f674ee674b}\n\tMatch value:\tEqual to\n\tCondition value:\t0x0223\n","Action":"%%16390","CalloutKey":"00000000-0000-0000-0000-000000000000","CalloutName":"-"}}}
{"Event_attributes":{"xmlns":"http://schemas.microsoft.com/win/2004/08/events/event"},"Event":{"System":{"Provider_attributes":{"Name":"Microsoft-Windows-Security-Auditing","Guid":"54849625-5478-4994-A5BA-3E3B0328C30D"},"EventID":5447,"Version":0,"Level":0,"Task":13573,"Opcode":0,"Keywords":"0x8020000000000000","TimeCreated_attributes":{"SystemTime":"2021-06-03T19:17:46.753650Z"},"EventRecordID":1965639,"Correlation_attributes":{"ActivityID":"38068009-512D-0000-1D80-06382D51D701"},"Execution_attributes":{"ProcessID":556,"ThreadID":2532},"Channel":"Security","Computer":"fs01.offsec.lan","Security":null},"EventData":{"ProcessId":1000,"UserSid":"S-1-5-19","UserName":"NT AUTHORITY\\LOCAL SERVICE","ProviderKey":"4B153735-1049-4480-AAB4-D1B9BDC03710","ProviderName":"Microsoft Corporation","ChangeType":"%%16384","FilterKey":"EDCC5FA7-C017-4CA8-9DF4-B18AA1AE5DAF","FilterName":"DhcpFirewallPolicy","FilterType":"%%16388","FilterId":72098,"LayerKey":"4A72393B-319F-44BC-84C3-BA54DCB3B6B4","LayerName":"ALE Connect v6 Layer","LayerId":50,"Weight":123677878255616,"Conditions":"\n\tCondition ID:\t{d78e1e87-8644-4ea5-9437-d809ecefc971}\n\tMatch value:\tEqual to\n\tCondition value:\t\n    00000000  5c 00 64 00 65 00 76 00-69 00 63 00 65 00 5c 00  \\.d.e.v.i.c.e.\\.\n    00000010  68 00 61 00 72 00 64 00-64 00 69 00 73 00 6b 00  h.a.r.d.d.i.s.k.\n    00000020  76 00 6f 00 6c 00 75 00-6d 00 65 00 34 00 5c 00  v.o.l.u.m.e.4.\\.\n    00000030  77 00 69 00 6e 00 64 00-6f 00 77 00 73 00 5c 00  w.i.n.d.o.w.s.\\.\n    00000040  73 00 79 00 73 00 74 00-65 00 6d 00 33 00 32 00  s.y.s.t.e.m.3.2.\n    00000050  5c 00 73 00 76 00 63 00-68 00 6f 00 73 00 74 00  \\.s.v.c.h.o.s.t.\n    00000060  2e 00 65 00 78 00 65 00-00 00                    ..e.x.e...\n\n\n\tCondition ID:\t{af043a0a-b34d-4f86-979c-c90371af6e66}\n\tMatch value:\tEqual to\n\tCondition value:\t\nO:SYG:SYD:(A;;CCRC;;;S-1-5-80-2940520708-3855866260-481812779-327648279-1710889582)\n\n\n\tCondition ID:\t{0c1ba1af-5765-453f-af22-a8f791ac775b}\n\tMatch value:\tEqual to\n\tCondition value:\t0x0222\n\n\tCondition ID:\t{3971ef2b-623e-4f9a-8cb1-6e79b806b9a7}\n\tMatch value:\tEqual to\n\tCondition value:\t0x11\n\n\tCondition ID:\t{c35a604d-d22b-4e1a-91b4-68f674ee674b}\n\tMatch value:\tEqual to\n\tCondition value:\t0x0223\n","Action":"%%16390","CalloutKey":"00000000-0000-0000-0000-000000000000","CalloutName":"-"}}}
{"Event_attributes":{"xmlns":"http://schemas.microsoft.com/win/2004/08/events/event"},"Event":{"System":{"Provider_attributes":{"Name":"Microsoft-Windows-Security-Auditing","Guid":"54849625-5478-4994-A5BA-3E3B0328C30D"},"EventID":5447,"Version":0,"Level":0,"Task":13573,"Opcode":0,"Keywords":"0x8020000000000000","TimeCreated_attributes":{"SystemTime":"2021-06-03T19:17:46.753787Z"},"EventRecordID":1965640,"Correlation_attributes":{"ActivityID":"38068009-512D-0000-1D80-06382D51D701"},"Execution_attributes":{"ProcessID":556,"ThreadID":2532},"Channel":"Security","Computer":"fs01.offsec.lan","Security":null},"EventData":{"ProcessId":1000,"UserSid":"S-1-5-19","UserName":"NT AUTHORITY\\LOCAL SERVICE","ProviderKey":"4B153735-1049-4480-AAB4-D1B9BDC03710","ProviderName":"Microsoft Corporation","ChangeType":"%%16384","FilterKey":"502EF8D5-1111-4D90-8E36-44F9C42AA4FA","FilterName":"Device Metadata Retrieval","FilterType":"%%16388","FilterId":72099,"LayerKey":"C38D57D1-05A7-4C33-904F-7FBCEEE60E82","LayerName":"ALE Connect v4 Layer","LayerId":48,"Weight":424342768844800,"Conditions":"\n\tCondition ID:\t{d78e1e87-8644-4ea5-9437-d809ecefc971}\n\tMatch value:\tEqual to\n\tCondition value:\t\n    00000000  5c 00 64 00 65 00 76 00-69 00 63 00 65 00 5c 00  \\.d.e.v.i.c.e.\\.\n    00000010  68 00 61 00 72 00 64 00-64 00 69 00 73 00 6b 00  h.a.r.d.d.i.s.k.\n    00000020  76 00 6f 00 6c 00 75 00-6d 00 65 00 34 00 5c 00  v.o.l.u.m.e.4.\\.\n    00000030  77 00 69 00 6e 00 64 00-6f 00 77 00 73 00 5c 00  w.i.n.d.o.w.s.\\.\n    00000040  73 00 79 00 73 00 74 00-65 00 6d 00 33 00 32 00  s.y.s.t.e.m.3.2.\n    00000050  5c 00 73 00 76 00 63 00-68 00 6f 00 73 00 74 00  \\.s.v.c.h.o.s.t.\n    00000060  2e 00 65 00 78 00 65 00-00 00                    ..e.x.e...\n\n\n\tCondition ID:\t{af043a0a-b34d-4f86-979c-c90371af6e66}\n\tMatch value:\tEqual to\n\tCondition value:\t\nO:SYG:SYD:(A;;CCRC;;;S-1-5-80-286057374-2594772386-1471686342-3682429118-820474675)\n\n\n\tCondition ID:\t{3971ef2b-623e-4f9a-8cb1-6e79b806b9a7}\n\tMatch value:\tEqual to\n\tCondition value:\t0x06\n\n\tCondition ID:\t{c35a604d-d22b-4e1a-91b4-68f674ee674b}\n\tMatch value:\tEqual to\n\tCondition value:\t0x0050\n","Action":"%%16390","CalloutKey":"00000000-0000-0000-0000-000000000000","CalloutName":"-"}}}
{"Event_attributes":{"xmlns":"http://schemas.microsoft.com/win/2004/08/events/event"},"Event":{"System":{"Provider_attributes":{"Name":"Microsoft-Windows-Security-Auditing","Guid":"54849625-5478-4994-A5BA-3E3B0328C30D"},"EventID":5447,"Version":0,"Level":0,"Task":13573,"Opcode":0,"Keywords":"0x8020000000000000","TimeCreated_attributes":{"SystemTime":"2021-06-03T19:17:46.753919Z"},"EventRecordID":1965641,"Correlation_attributes":{"ActivityID":"38068009-512D-0000-1D80-06382D51D701"},"Execution_attributes":{"ProcessID":556,"ThreadID":2532},"Channel":"Security","Computer":"fs01.offsec.lan","Security":null},"EventData":{"ProcessId":1000,"UserSid":"S-1-5-19","UserName":"NT AUTHORITY\\LOCAL SERVICE","ProviderKey":"4B153735-1049-4480-AAB4-D1B9BDC03710","ProviderName":"Microsoft Corporation","ChangeType":"%%16384","FilterKey":"273BAA87-1F7A-453D-AB6D-F22EB6BF6B5B","FilterName":"Device Metadata Retrieval","FilterType":"%%16388","FilterId":72100,"LayerKey":"4A72393B-319F-44BC-84C3-BA54DCB3B6B4","LayerName":"ALE Connect v6 Layer","LayerId":50,"Weight":106085692211200,"Conditions":"\n\tCondition ID:\t{d78e1e87-8644-4ea5-9437-d809ecefc971}\n\tMatch value:\tEqual to\n\tCondition value:\t\n    00000000  5c 00 64 00 65 00 76 00-69 00 63 00 65 00 5c 00  \\.d.e.v.i.c.e.\\.\n    00000010  68 00 61 00 72 00 64 00-64 00 69 00 73 00 6b 00  h.a.r.d.d.i.s.k.\n    00000020  76 00 6f 00 6c 00 75 00-6d 00 65 00 34 00 5c 00  v.o.l.u.m.e.4.\\.\n    00000030  77 00 69 00 6e 00 64 00-6f 00 77 00 73 00 5c 00  w.i.n.d.o.w.s.\\.\n    00000040  73 00 79 00 73 00 74 00-65 00 6d 00 33 00 32 00  s.y.s.t.e.m.3.2.\n    00000050  5c 00 73 00 76 00 63 00-68 00 6f 00 73 00 74 00  \\.s.v.c.h.o.s.t.\n    00000060  2e 00 65 00 78 00 65 00-00 00                    ..e.x.e...\n\n\n\tCondition ID:\t{af043a0a-b34d-4f86-979c-c90371af6e66}\n\tMatch value:\tEqual to\n\tCondition value:\t\nO:SYG:SYD:(A;;CCRC;;;S-1-5-80-286057374-2594772386-1471686342-3682429118-820474675)\n\n\n\tCondition ID:\t{3971ef2b-623e-4f9a-8cb1-6e79b806b9a7}\n\tMatch value:\tEqual to\n\tCondition value:\t0x06\n\n\tCondition ID:\t{c35a604d-d22b-4e1a-91b4-68f674ee674b}\n\tMatch value:\tEqual to\n\tCondition value:\t0x0050\n","Action":"%%16390","CalloutKey":"00000000-0000-0000-0000-000000000000","CalloutName":"-"}}}
{"Event_attributes":{"xmlns":"http://schemas.microsoft.com/win/2004/08/events/event"},"Event":{"System":{"Provider_attributes":{"Name":"Microsoft-Windows-Security-Auditing","Guid":"54849625-5478-4994-A5BA-3E3B0328C30D"},"EventID":5447,"Version":0,"Level":0,"Task":13573,"Opcode":0,"Keywords":"0x8020000000000000","TimeCreated_attributes":{"SystemTime":"2021-06-03T19:17:46.754049Z"},"EventRecordID":1965642,"Correlation_attributes":{"ActivityID":"38068009-512D-0000-1D80-06382D51D701"},"Execution_attributes":{"ProcessID":556,"ThreadID":2532},"Channel":"Security","Computer":"fs01.offsec.lan","Security":null},"EventData":{"ProcessId":1000,"UserSid":"S-1-5-19","UserName":"NT AUTHORITY\\LOCAL SERVICE","ProviderKey":"4B153735-1049-4480-AAB4-D1B9BDC03710","ProviderName":"Microsoft Corporation","ChangeType":"%%16384","FilterKey":"3ED2E57B-C9A3-47DC-8154-776CC5696B74","FilterName":"Allow RPC/TCP traffic to EventLog","FilterType":"%%16388","FilterId":72101,"LayerKey":"E1CD9FE7-F4B5-4273-96C0-592E487B8650","LayerName":"ALE Receive/Accept v4 Layer","LayerId":44,"Weight":1971166650564608,"Conditions":"\n\tCondition ID:\t{d78e1e87-8644-4ea5-9437-d809ecefc971}\n\tMatch value:\tEqual to\n\tCondition value:\t\n    00000000  5c 00 64 00 65 00 76 00-69 00 63 00 65 00 5c 00  \\.d.e.v.i.c.e.\\.\n    00000010  68 00 61 00 72 00 64 00-64 00 69 00 73 00 6b 00  h.a.r.d.d.i.s.k.\n    00000020  76 00 6f 00 6c 00 75 00-6d 00 65 00 34 00 5c 00  v.o.l.u.m.e.4.\\.\n    00000030  77 00 69 00 6e 00 64 00-6f 00 77 00 73 00 5c 00  w.i.n.d.o.w.s.\\.\n    00000040  73 00 79 00 73 00 74 00-65 00 6d 00 33 00 32 00  s.y.s.t.e.m.3.2.\n    00000050  5c 00 73 00 76 00 63 00-68 00 6f 00 73 00 74 00  \\.s.v.c.h.o.s.t.\n    00000060  2e 00 65 00 78 00 65 00-00 00                    ..e.x.e...\n\n\n\tCondition ID:\t{af043a0a-b34d-4f86-979c-c90371af6e66}\n\tMatch value:\tEqual to\n\tCondition value:\t\nO:SYG:SYD:(A;;CCRC;;;S-1-5-80-880578595-1860270145-482643319-2788375705-1540778122)\n\n\n\tCondition ID:\t{3971ef2b-623e-4f9a-8cb1-6e79b806b9a7}\n\tMatch value:\tEqual to\n\tCondition value:\t0x06\n\n\tCondition ID:\t{b9f4e088-cb98-4efb-a2c7-ad07332643db}\n\tMatch value:\tEqual to\n\tCondition value:\t0x00000001\n","Action":"%%16390","CalloutKey":"00000000-0000-0000-0000-000000000000","CalloutName":"-"}}}
{"Event_attributes":{"xmlns":"http://schemas.microsoft.com/win/2004/08/events/event"},"Event":{"System":{"Provider_attributes":{"Name":"Microsoft-Windows-Security-Auditing","Guid":"54849625-5478-4994-A5BA-3E3B0328C30D"},"EventID":5447,"Version":0,"Level":0,"Task":13573,"Opcode":0,"Keywords":"0x8020000000000000","TimeCreated_attributes":{"SystemTime":"2021-06-03T19:17:46.754179Z"},"EventRecordID":1965643,"Correlation_attributes":{"ActivityID":"38068009-512D-0000-1D80-06382D51D701"},"Execution_attributes":{"ProcessID":556,"ThreadID":2532},"Channel":"Security","Computer":"fs01.offsec.lan","Security":null},"EventData":{"ProcessId":1000,"UserSid":"S-1-5-19","UserName":"NT AUTHORITY\\LOCAL SERVICE","ProviderKey":"4B153735-1049-4480-AAB4-D1B9BDC03710","ProviderName":"Microsoft Corporation","ChangeType":"%%16384","FilterKey":"8AEA1926-842A-4369-960A-2A2D8CDD6196","FilterName":"Allow RPC/TCP traffic to EventLog","FilterType":"%%16388","FilterId":72102,"LayerKey":"A3B42C97-9F04-4672-B87E-CEE9C483257F","LayerName":"ALE Receive/Accept v6 Layer","LayerId":46,"Weight":211316685930496,"Conditions":"\n\tCondition ID:\t{d78e1e87-8644-4ea5-9437-d809ecefc971}\n\tMatch value:\tEqual to\n\tCondition value:\t\n    00000000  5c 00 64 00 65 00 76 00-69 00 63 00 65 00 5c 00  \\.d.e.v.i.c.e.\\.\n    00000010  68 00 61 00 72 00 64 00-64 00 69 00 73 00 6b 00  h.a.r.d.d.i.s.k.\n    00000020  76 00 6f 00 6c 00 75 00-6d 00 65 00 34 00 5c 00  v.o.l.u.m.e.4.\\.\n    00000030  77 00 69 00 6e 00 64 00-6f 00 77 00 73 00 5c 00  w.i.n.d.o.w.s.\\.\n    00000040  73 00 79 00 73 00 74 00-65 00 6d 00 33 00 32 00  s.y.s.t.e.m.3.2.\n    00000050  5c 00 73 00 76 00 63 00-68 00 6f 00 73 00 74 00  \\.s.v.c.h.o.s.t.\n    00000060  2e 00 65 00 78 00 65 00-00 00                    ..e.x.e...\n\n\n\tCondition ID:\t{af043a0a-b34d-4f86-979c-c90371af6e66}\n\tMatch value:\tEqual to\n\tCondition value:\t\nO:SYG:SYD:(A;;CCRC;;;S-1-5-80-880578595-1860270145-482643319-2788375705-1540778122)\n\n\n\tCondition ID:\t{3971ef2b-623e-4f9a-8cb1-6e79b806b9a7}\n\tMatch value:\tEqual to\n\tCondition value:\t0x06\n\n\tCondition ID:\t{b9f4e088-cb98-4efb-a2c7-ad07332643db}\n\tMatch value:\tEqual to\n\tCondition value:\t0x00000001\n","Action":"%%16390","CalloutKey":"00000000-0000-0000-0000-000000000000","CalloutName":"-"}}}
{"Event_attributes":{"xmlns":"http://schemas.microsoft.com/win/2004/08/events/event"},"Event":{"System":{"Provider_attributes":{"Name":"Microsoft-Windows-Security-Auditing","Guid":"54849625-5478-4994-A5BA-3E3B0328C30D"},"EventID":5447,"Version":0,"Level":0,"Task":13573,"Opcode":0,"Keywords":"0x8020000000000000","TimeCreated_attributes":{"SystemTime":"2021-06-03T19:17:46.754308Z"},"EventRecordID":1965644,"Correlation_attributes":{"ActivityID":"38068009-512D-0000-1D80-06382D51D701"},"Execution_attributes":{"ProcessID":556,"ThreadID":2532},"Channel":"Security","Computer":"fs01.offsec.lan","Security":null},"EventData":{"ProcessId":1000,"UserSid":"S-1-5-19","UserName":"NT AUTHORITY\\LOCAL SERVICE","ProviderKey":"4B153735-1049-4480-AAB4-D1B9BDC03710","ProviderName":"Microsoft Corporation","ChangeType":"%%16384","FilterKey":"5539511F-AE50-4D5F-BCCB-C7F770FDD175","FilterName":"Allow KDC Proxy Server service to use DNS over UDP.","FilterType":"%%16388","FilterId":72103,"LayerKey":"C38D57D1-05A7-4C33-904F-7FBCEEE60E82","LayerName":"ALE Connect v4 Layer","LayerId":48,"Weight":424342768844800,"Conditions":"\n\tCondition ID:\t{d78e1e87-8644-4ea5-9437-d809ecefc971}\n\tMatch value:\tEqual to\n\tCondition value:\t\n    00000000  5c 00 64 00 65 00 76 00-69 00 63 00 65 00 5c 00  \\.d.e.v.i.c.e.\\.\n    00000010  68 00 61 00 72 00 64 00-64 00 69 00 73 00 6b 00  h.a.r.d.d.i.s.k.\n    00000020  76 00 6f 00 6c 00 75 00-6d 00 65 00 34 00 5c 00  v.o.l.u.m.e.4.\\.\n    00000030  77 00 69 00 6e 00 64 00-6f 00 77 00 73 00 5c 00  w.i.n.d.o.w.s.\\.\n    00000040  73 00 79 00 73 00 74 00-65 00 6d 00 33 00 32 00  s.y.s.t.e.m.3.2.\n    00000050  5c 00 73 00 76 00 63 00-68 00 6f 00 73 00 74 00  \\.s.v.c.h.o.s.t.\n    00000060  2e 00 65 00 78 00 65 00-00 00                    ..e.x.e...\n\n\n\tCondition ID:\t{af043a0a-b34d-4f86-979c-c90371af6e66}\n\tMatch value:\tEqual to\n\tCondition value:\t\nO:SYG:SYD:(A;;CCRC;;;S-1-5-80-2251494273-104013570-864825310-3133670442-2017388150)\n\n\n\tCondition ID:\t{3971ef2b-623e-4f9a-8cb1-6e79b806b9a7}\n\tMatch value:\tEqual to\n\tCondition value:\t0x11\n\n\tCondition ID:\t{c35a604d-d22b-4e1a-91b4-68f674ee674b}\n\tMatch value:\tEqual to\n\tCondition value:\t0x0035\n","Action":"%%16390","CalloutKey":"00000000-0000-0000-0000-000000000000","CalloutName":"-"}}}
{"Event_attributes":{"xmlns":"http://schemas.microsoft.com/win/2004/08/events/event"},"Event":{"System":{"Provider_attributes":{"Name":"Microsoft-Windows-Security-Auditing","Guid":"54849625-5478-4994-A5BA-3E3B0328C30D"},"EventID":5447,"Version":0,"Level":0,"Task":13573,"Opcode":0,"Keywords":"0x8020000000000000","TimeCreated_attributes":{"SystemTime":"2021-06-03T19:17:46.754437Z"},"EventRecordID":1965645,"Correlation_attributes":{"ActivityID":"38068009-512D-0000-1D80-06382D51D701"},"Execution_attributes":{"ProcessID":556,"ThreadID":2532},"Channel":"Security","Computer":"fs01.offsec.lan","Security":null},"EventData":{"ProcessId":1000,"UserSid":"S-1-5-19","UserName":"NT AUTHORITY\\LOCAL SERVICE","ProviderKey":"4B153735-1049-4480-AAB4-D1B9BDC03710","ProviderName":"Microsoft Corporation","ChangeType":"%%16384","FilterKey":"CE79A266-1A6D-4D8E-8C8C-E7FCE81F7413","FilterName":"Allow KDC Proxy Server service to use DNS over UDP.","FilterType":"%%16388","FilterId":72104,"LayerKey":"4A72393B-319F-44BC-84C3-BA54DCB3B6B4","LayerName":"ALE Connect v6 Layer","LayerId":50,"Weight":106085692211200,"Conditions":"\n\tCondition ID:\t{d78e1e87-8644-4ea5-9437-d809ecefc971}\n\tMatch value:\tEqual to\n\tCondition value:\t\n    00000000  5c 00 64 00 65 00 76 00-69 00 63 00 65 00 5c 00  \\.d.e.v.i.c.e.\\.\n    00000010  68 00 61 00 72 00 64 00-64 00 69 00 73 00 6b 00  h.a.r.d.d.i.s.k.\n    00000020  76 00 6f 00 6c 00 75 00-6d 00 65 00 34 00 5c 00  v.o.l.u.m.e.4.\\.\n    00000030  77 00 69 00 6e 00 64 00-6f 00 77 00 73 00 5c 00  w.i.n.d.o.w.s.\\.\n    00000040  73 00 79 00 73 00 74 00-65 00 6d 00 33 00 32 00  s.y.s.t.e.m.3.2.\n    00000050  5c 00 73 00 76 00 63 00-68 00 6f 00 73 00 74 00  \\.s.v.c.h.o.s.t.\n    00000060  2e 00 65 00 78 00 65 00-00 00                    ..e.x.e...\n\n\n\tCondition ID:\t{af043a0a-b34d-4f86-979c-c90371af6e66}\n\tMatch value:\tEqual to\n\tCondition value:\t\nO:SYG:SYD:(A;;CCRC;;;S-1-5-80-2251494273-104013570-864825310-3133670442-2017388150)\n\n\n\tCondition ID:\t{3971ef2b-623e-4f9a-8cb1-6e79b806b9a7}\n\tMatch value:\tEqual to\n\tCondition value:\t0x11\n\n\tCondition ID:\t{c35a604d-d22b-4e1a-91b4-68f674ee674b}\n\tMatch value:\tEqual to\n\tCondition value:\t0x0035\n","Action":"%%16390","CalloutKey":"00000000-0000-0000-0000-000000000000","CalloutName":"-"}}}
{"Event_attributes":{"xmlns":"http://schemas.microsoft.com/win/2004/08/events/event"},"Event":{"System":{"Provider_attributes":{"Name":"Microsoft-Windows-Security-Auditing","Guid":"54849625-5478-4994-A5BA-3E3B0328C30D"},"EventID":5447,"Version":0,"Level":0,"Task":13573,"Opcode":0,"Keywords":"0x8020000000000000","TimeCreated_attributes":{"SystemTime":"2021-06-03T19:17:46.754566Z"},"EventRecordID":1965646,"Correlation_attributes":{"ActivityID":"38068009-512D-0000-1D80-06382D51D701"},"Execution_attributes":{"ProcessID":556,"ThreadID":2532},"Channel":"Security","Computer":"fs01.offsec.lan","Security":null},"EventData":{"ProcessId":1000,"UserSid":"S-1-5-19","UserName":"NT AUTHORITY\\LOCAL SERVICE","ProviderKey":"4B153735-1049-4480-AAB4-D1B9BDC03710","ProviderName":"Microsoft Corporation","ChangeType":"%%16384","FilterKey":"DBA6A5F0-6EB2-4FCE-9030-49A9657178B0","FilterName":"Allow KDC Proxy Server service to use DNS over TCP.","FilterType":"%%16388","FilterId":72105,"LayerKey":"C38D57D1-05A7-4C33-904F-7FBCEEE60E82","LayerName":"ALE Connect v4 Layer","LayerId":48,"Weight":424342768844800,"Conditions":"\n\tCondition ID:\t{d78e1e87-8644-4ea5-9437-d809ecefc971}\n\tMatch value:\tEqual to\n\tCondition value:\t\n    00000000  5c 00 64 00 65 00 76 00-69 00 63 00 65 00 5c 00  \\.d.e.v.i.c.e.\\.\n    00000010  68 00 61 00 72 00 64 00-64 00 69 00 73 00 6b 00  h.a.r.d.d.i.s.k.\n    00000020  76 00 6f 00 6c 00 75 00-6d 00 65 00 34 00 5c 00  v.o.l.u.m.e.4.\\.\n    00000030  77 00 69 00 6e 00 64 00-6f 00 77 00 73 00 5c 00  w.i.n.d.o.w.s.\\.\n    00000040  73 00 79 00 73 00 74 00-65 00 6d 00 33 00 32 00  s.y.s.t.e.m.3.2.\n    00000050  5c 00 73 00 76 00 63 00-68 00 6f 00 73 00 74 00  \\.s.v.c.h.o.s.t.\n    00000060  2e 00 65 00 78 00 65 00-00 00                    ..e.x.e...\n\n\n\tCondition ID:\t{af043a0a-b34d-4f86-979c-c90371af6e66}\n\tMatch value:\tEqual to\n\tCondition value:\t\nO:SYG:SYD:(A;;CCRC;;;S-1-5-80-2251494273-104013570-864825310-3133670442-2017388150)\n\n\n\tCondition ID:\t{3971ef2b-623e-4f9a-8cb1-6e79b806b9a7}\n\tMatch value:\tEqual to\n\tCondition value:\t0x06\n\n\tCondition ID:\t{c35a604d-d22b-4e1a-91b4-68f674ee674b}\n\tMatch value:\tEqual to\n\tCondition value:\t0x0035\n","Action":"%%16390","CalloutKey":"00000000-0000-0000-0000-000000000000","CalloutName":"-"}}}
{"Event_attributes":{"xmlns":"http://schemas.microsoft.com/win/2004/08/events/event"},"Event":{"System":{"Provider_attributes":{"Name":"Microsoft-Windows-Security-Auditing","Guid":"54849625-5478-4994-A5BA-3E3B0328C30D"},"EventID":5447,"Version":0,"Level":0,"Task":13573,"Opcode":0,"Keywords":"0x8020000000000000","TimeCreated_attributes":{"SystemTime":"2021-06-03T19:17:46.754694Z"},"EventRecordID":1965647,"Correlation_attributes":{"ActivityID":"38068009-512D-0000-1D80-06382D51D701"},"Execution_attributes":{"ProcessID":556,"ThreadID":2532},"Channel":"Security","Computer":"fs01.offsec.lan","Security":null},"EventData":{"ProcessId":1000,"UserSid":"S-1-5-19","UserName":"NT AUTHORITY\\LOCAL SERVICE","ProviderKey":"4B153735-1049-4480-AAB4-D1B9BDC03710","ProviderName":"Microsoft Corporation","ChangeType":"%%16384","FilterKey":"DBF1FB83-B722-477C-9BC6-82C89408BAA9","FilterName":"Allow KDC Proxy Server service to use DNS over TCP.","FilterType":"%%16388","FilterId":72106,"LayerKey":"4A72393B-319F-44BC-84C3-BA54DCB3B6B4","LayerName":"ALE Connect v6 Layer","LayerId":50,"Weight":106085692211200,"Conditions":"\n\tCondition ID:\t{d78e1e87-8644-4ea5-9437-d809ecefc971}\n\tMatch value:\tEqual to\n\tCondition value:\t\n    00000000  5c 00 64 00 65 00 76 00-69 00 63 00 65 00 5c 00  \\.d.e.v.i.c.e.\\.\n    00000010  68 00 61 00 72 00 64 00-64 00 69 00 73 00 6b 00  h.a.r.d.d.i.s.k.\n    00000020  76 00 6f 00 6c 00 75 00-6d 00 65 00 34 00 5c 00  v.o.l.u.m.e.4.\\.\n    00000030  77 00 69 00 6e 00 64 00-6f 00 77 00 73 00 5c 00  w.i.n.d.o.w.s.\\.\n    00000040  73 00 79 00 73 00 74 00-65 00 6d 00 33 00 32 00  s.y.s.t.e.m.3.2.\n    00000050  5c 00 73 00 76 00 63 00-68 00 6f 00 73 00 74 00  \\.s.v.c.h.o.s.t.\n    00000060  2e 00 65 00 78 00 65 00-00 00                    ..e.x.e...\n\n\n\tCondition ID:\t{af043a0a-b34d-4f86-979c-c90371af6e66}\n\tMatch value:\tEqual to\n\tCondition value:\t\nO:SYG:SYD:(A;;CCRC;;;S-1-5-80-2251494273-104013570-864825310-3133670442-2017388150)\n\n\n\tCondition ID:\t{3971ef2b-623e-4f9a-8cb1-6e79b806b9a7}\n\tMatch value:\tEqual to\n\tCondition value:\t0x06\n\n\tCondition ID:\t{c35a604d-d22b-4e1a-91b4-68f674ee674b}\n\tMatch value:\tEqual to\n\tCondition value:\t0x0035\n","Action":"%%16390","CalloutKey":"00000000-0000-0000-0000-000000000000","CalloutName":"-"}}}
{"Event_attributes":{"xmlns":"http://schemas.microsoft.com/win/2004/08/events/event"},"Event":{"System":{"Provider_attributes":{"Name":"Microsoft-Windows-Security-Auditing","Guid":"54849625-5478-4994-A5BA-3E3B0328C30D"},"EventID":5447,"Version":0,"Level":0,"Task":13573,"Opcode":0,"Keywords":"0x8020000000000000","TimeCreated_attributes":{"SystemTime":"2021-06-03T19:17:46.754823Z"},"EventRecordID":1965648,"Correlation_attributes":{"ActivityID":"38068009-512D-0000-1D80-06382D51D701"},"Execution_attributes":{"ProcessID":556,"ThreadID":2532},"Channel":"Security","Computer":"fs01.offsec.lan","Security":null},"EventData":{"ProcessId":1000,"UserSid":"S-1-5-19","UserName":"NT AUTHORITY\\LOCAL SERVICE","ProviderKey":"4B153735-1049-4480-AAB4-D1B9BDC03710","ProviderName":"Microsoft Corporation","ChangeType":"%%16384","FilterKey":"CE73191F-700F-4755-8CA1-85BD952AC13C","FilterName":"Allow KDC Proxy Server service to use KDC over UDP.","FilterType":"%%16388","FilterId":72107,"LayerKey":"C38D57D1-05A7-4C33-904F-7FBCEEE60E82","LayerName":"ALE Connect v4 Layer","LayerId":48,"Weight":424342768844800,"Conditions":"\n\tCondition ID:\t{d78e1e87-8644-4ea5-9437-d809ecefc971}\n\tMatch value:\tEqual to\n\tCondition value:\t\n    00000000  5c 00 64 00 65 00 76 00-69 00 63 00 65 00 5c 00  \\.d.e.v.i.c.e.\\.\n    00000010  68 00 61 00 72 00 64 00-64 00 69 00 73 00 6b 00  h.a.r.d.d.i.s.k.\n    00000020  76 00 6f 00 6c 00 75 00-6d 00 65 00 34 00 5c 00  v.o.l.u.m.e.4.\\.\n    00000030  77 00 69 00 6e 00 64 00-6f 00 77 00 73 00 5c 00  w.i.n.d.o.w.s.\\.\n    00000040  73 00 79 00 73 00 74 00-65 00 6d 00 33 00 32 00  s.y.s.t.e.m.3.2.\n    00000050  5c 00 73 00 76 00 63 00-68 00 6f 00 73 00 74 00  \\.s.v.c.h.o.s.t.\n    00000060  2e 00 65 00 78 00 65 00-00 00                    ..e.x.e...\n\n\n\tCondition ID:\t{af043a0a-b34d-4f86-979c-c90371af6e66}\n\tMatch value:\tEqual to\n\tCondition value:\t\nO:SYG:SYD:(A;;CCRC;;;S-1-5-80-2251494273-104013570-864825310-3133670442-2017388150)\n\n\n\tCondition ID:\t{3971ef2b-623e-4f9a-8cb1-6e79b806b9a7}\n\tMatch value:\tEqual to\n\tCondition value:\t0x11\n\n\tCondition ID:\t{c35a604d-d22b-4e1a-91b4-68f674ee674b}\n\tMatch value:\tEqual to\n\tCondition value:\t0x0058\n","Action":"%%16390","CalloutKey":"00000000-0000-0000-0000-000000000000","CalloutName":"-"}}}
