{"Event_attributes":{"xmlns":"http://schemas.microsoft.com/win/2004/08/events/event"},"Event":{"System":{"Provider_attributes":{"Name":"PowerShell"},"EventID_attributes":{"Qualifiers":"0"},"EventID":"800","Level":"4","Task":"8","Keywords":"0x80000000000000","TimeCreated_attributes":{"SystemTime":"2021-06-03T18:34:12.668300900Z"},"EventRecordID":"28573","Channel":"Windows PowerShell","Computer":"fs01.offsec.lan","Security":null},"EventData":{"Data":{"#text":["","\tDetailSequence=1\r\n\tDetailTotal=1\r\n\r\n\tSequenceNumber=725\r\n\r\n\tUserId=OFFSEC\\admmig\r\n\tHostName=ConsoleHost\r\n\tHostVersion=5.1.14393.3383\r\n\tHostId=d61c85aa-4638-43bc-ae77-c65b9a535602\r\n\tHostApplication=C:\\Windows\\System32\\WindowsPowerShell\\v1.0\\powershell.exe\r\n\tEngineVersion=5.1.14393.3383\r\n\tRunspaceId=1b55a157-a0b9-4e11-bc7a-f1d86023a61c\r\n\tPipelineId=100\r\n\tScriptName=\r\n\tCommandLine=","CommandInvocation(PSConsoleHostReadline): \"PSConsoleHostReadline\"\r\n"]}}}}
{"Event_attributes":{"xmlns":"http://schemas.microsoft.com/win/2004/08/events/event"},"Event":{"System":{"Provider_attributes":{"Name":"PowerShell"},"EventID_attributes":{"Qualifiers":"0"},"EventID":"800","Level":"4","Task":"8","Keywords":"0x80000000000000","TimeCreated_attributes":{"SystemTime":"2021-06-03T18:34:12.887054700Z"},"EventRecordID":"28574","Channel":"Windows PowerShell","Computer":"fs01.offsec.lan","Security":null},"EventData":{"Data":{"#text":["Set-NetFirewallProfile -Profile Domain, Public, Private -Enabled False","\tDetailSequence=1\r\n\tDetailTotal=1\r\n\r\n\tSequenceNumber=727\r\n\r\n\tUserId=OFFSEC\\admmig\r\n\tHostName=ConsoleHost\r\n\tHostVersion=5.1.14393.3383\r\n\tHostId=d61c85aa-4638-43bc-ae77-c65b9a535602\r\n\tHostApplication=C:\\Windows\\System32\\WindowsPowerShell\\v1.0\\powershell.exe\r\n\tEngineVersion=5.1.14393.3383\r\n\tRunspaceId=1b55a157-a0b9-4e11-bc7a-f1d86023a61c\r\n\tPipelineId=101\r\n\tScriptName=\r\n\tCommandLine=Set-NetFirewallProfile -Profile Domain, Public, Private -Enabled False","CommandInvocation(Set-NetFirewallProfile): \"Set-NetFirewallProfile\"\r\nParameterBinding(Set-NetFirewallProfile): name=\"Name\"; value=\"Domain, Public, Private\"\r\nParameterBinding(Set-NetFirewallProfile): name=\"Enabled\"; value=\"False\"\r\nParameterBinding(Set-NetFirewallProfile): name=\"All\"; value=\"False\"\r\nParameterBinding(Set-NetFirewallProfile): name=\"PolicyStore\"; value=\"\"\r\nParameterBinding(Set-NetFirewallProfile): name=\"GPOSession\"; value=\"\"\r\nParameterBinding(Set-NetFirewallProfile): name=\"LogFileName\"; value=\"\"\r\nParameterBinding(Set-NetFirewallProfile): name=\"LogMaxSizeKilobytes\"; value=\"0\"\r\nParameterBinding(Set-NetFirewallProfile): name=\"ThrottleLimit\"; value=\"0\"\r\nParameterBinding(Set-NetFirewallProfile): name=\"AsJob\"; value=\"False\"\r\nParameterBinding(Set-NetFirewallProfile): name=\"PassThru\"; value=\"False\"\r\n"]}}}}
{"Event_attributes":{"xmlns":"http://schemas.microsoft.com/win/2004/08/events/event"},"Event":{"System":{"Provider_attributes":{"Name":"PowerShell"},"EventID_attributes":{"Qualifiers":"0"},"EventID":"800","Level":"4","Task":"8","Keywords":"0x80000000000000","TimeCreated_attributes":{"SystemTime":"2021-06-03T18:34:12.887054700Z"},"EventRecordID":"28575","Channel":"Windows PowerShell","Computer":"fs01.offsec.lan","Security":null},"EventData":{"Data":{"#text":["","\tDetailSequence=1\r\n\tDetailTotal=1\r\n\r\n\tSequenceNumber=729\r\n\r\n\tUserId=OFFSEC\\admmig\r\n\tHostName=ConsoleHost\r\n\tHostVersion=5.1.14393.3383\r\n\tHostId=d61c85aa-4638-43bc-ae77-c65b9a535602\r\n\tHostApplication=C:\\Windows\\System32\\WindowsPowerShell\\v1.0\\powershell.exe\r\n\tEngineVersion=5.1.14393.3383\r\n\tRunspaceId=1b55a157-a0b9-4e11-bc7a-f1d86023a61c\r\n\tPipelineId=101\r\n\tScriptName=\r\n\tCommandLine=","CommandInvocation(Out-Default): \"Out-Default\"\r\n"]}}}}
{"Event_attributes":{"xmlns":"http://schemas.microsoft.com/win/2004/08/events/event"},"Event":{"System":{"Provider_attributes":{"Name":"PowerShell"},"EventID_attributes":{"Qualifiers":"0"},"EventID":"800","Level":"4","Task":"8","Keywords":"0x80000000000000","TimeCreated_attributes":{"SystemTime":"2021-06-03T18:34:12.887054700Z"},"EventRecordID":"28576","Channel":"Windows PowerShell","Computer":"fs01.offsec.lan","Security":null},"EventData":{"Data":{"#text":["    Microsoft.PowerShell.Core\\Set-StrictMode -Off\r\n","\tDetailSequence=1\r\n\tDetailTotal=1\r\n\r\n\tSequenceNumber=731\r\n\r\n\tUserId=OFFSEC\\admmig\r\n\tHostName=ConsoleHost\r\n\tHostVersion=5.1.14393.3383\r\n\tHostId=d61c85aa-4638-43bc-ae77-c65b9a535602\r\n\tHostApplication=C:\\Windows\\System32\\WindowsPowerShell\\v1.0\\powershell.exe\r\n\tEngineVersion=5.1.14393.3383\r\n\tRunspaceId=1b55a157-a0b9-4e11-bc7a-f1d86023a61c\r\n\tPipelineId=103\r\n\tScriptName=C:\\Program Files\\WindowsPowerShell\\Modules\\PSReadline\\1.2\\PSReadLine.psm1\r\n\tCommandLine=    Microsoft.PowerShell.Core\\Set-StrictMode -Off\r\n","CommandInvocation(Set-StrictMode): \"Set-StrictMode\"\r\nParameterBinding(Set-StrictMode): name=\"Off\"; value=\"True\"\r\n"]}}}}
{"Event_attributes":{"xmlns":"http://schemas.microsoft.com/win/2004/08/events/event"},"Event":{"System":{"Provider_attributes":{"Name":"Microsoft-Windows-PowerShell","Guid":"{A0C1853B-5C40-4B15-8766-3CF1C58F985A}"},"EventID":"4103","Version":"1","Level":"4","Task":"106","Opcode":"20","Keywords":"0x0","TimeCreated_attributes":{"SystemTime":"2021-06-03T18:34:12.671593600Z"},"EventRecordID":"29908","Correlation_attributes":{"ActivityID":"{38068009-512D-0001-DF1E-24382D51D701}"},"Execution_attributes":{"ProcessID":"5200","ThreadID":"4232"},"Channel":"Microsoft-Windows-PowerShell/Operational","Computer":"fs01.offsec.lan","Security_attributes":{"UserID":"S-1-5-21-4230534742-2542757381-3142984815-1111"}},"EventData":{"ContextInfo":"        Severity = Informational\r\n        Host Name = ConsoleHost\r\n        Host Version = 5.1.14393.3383\r\n        Host ID = d61c85aa-4638-43bc-ae77-c65b9a535602\r\n        Host Application = C:\\Windows\\System32\\WindowsPowerShell\\v1.0\\powershell.exe\r\n        Engine Version = 5.1.14393.3383\r\n        Runspace ID = 1b55a157-a0b9-4e11-bc7a-f1d86023a61c\r\n        Pipeline ID = 100\r\n        Command Name = PSConsoleHostReadline\r\n        Command Type = Function\r\n        Script Name = \r\n        Command Path = \r\n        Sequence Number = 726\r\n        User = OFFSEC\\admmig\r\n        Connected User = \r\n        Shell ID = Microsoft.PowerShell\r\n","UserData":"","Payload":"CommandInvocation(PSConsoleHostReadline): \"PSConsoleHostReadline\"\r\n"}}}
{"Event_attributes":{"xmlns":"http://schemas.microsoft.com/win/2004/08/events/event"},"Event":{"System":{"Provider_attributes":{"Name":"Microsoft-Windows-PowerShell","Guid":"{A0C1853B-5C40-4B15-8766-3CF1C58F985A}"},"EventID":"4104","Version":"1","Level":"5","Task":"2","Opcode":"15","Keywords":"0x0","TimeCreated_attributes":{"SystemTime":"2021-06-03T18:34:12.672354100Z"},"EventRecordID":"29909","Correlation_attributes":{"ActivityID":"{38068009-512D-0001-351F-24382D51D701}"},"Execution_attributes":{"ProcessID":"5200","ThreadID":"4232"},"Channel":"Microsoft-Windows-PowerShell/Operational","Computer":"fs01.offsec.lan","Security_attributes":{"UserID":"S-1-5-21-4230534742-2542757381-3142984815-1111"}},"EventData":{"MessageNumber":"1","MessageTotal":"1","ScriptBlockText":"Set-NetFirewallProfile -Profile Domain, Public, Private -Enabled False","ScriptBlockId":"764ddb3f-30a6-4df0-a4c1-afe7d1e7b775","Path":""}}}
{"Event_attributes":{"xmlns":"http://schemas.microsoft.com/win/2004/08/events/event"},"Event":{"System":{"Provider_attributes":{"Name":"Microsoft-Windows-PowerShell","Guid":"{A0C1853B-5C40-4B15-8766-3CF1C58F985A}"},"EventID":"4103","Version":"1","Level":"4","Task":"106","Opcode":"20","Keywords":"0x0","TimeCreated_attributes":{"SystemTime":"2021-06-03T18:34:12.887996900Z"},"EventRecordID":"29910","Correlation_attributes":{"ActivityID":"{38068009-512D-0001-361F-24382D51D701}"},"Execution_attributes":{"ProcessID":"5200","ThreadID":"4232"},"Channel":"Microsoft-Windows-PowerShell/Operational","Computer":"fs01.offsec.lan","Security_attributes":{"UserID":"S-1-5-21-4230534742-2542757381-3142984815-1111"}},"EventData":{"ContextInfo":"        Severity = Informational\r\n        Host Name = ConsoleHost\r\n        Host Version = 5.1.14393.3383\r\n        Host ID = d61c85aa-4638-43bc-ae77-c65b9a535602\r\n        Host Application = C:\\Windows\\System32\\WindowsPowerShell\\v1.0\\powershell.exe\r\n        Engine Version = 5.1.14393.3383\r\n        Runspace ID = 1b55a157-a0b9-4e11-bc7a-f1d86023a61c\r\n        Pipeline ID = 101\r\n        Command Name = Set-NetFirewallProfile\r\n        Command Type = Function\r\n        Script Name = \r\n        Command Path = \r\n        Sequence Number = 728\r\n        User = OFFSEC\\admmig\r\n        Connected User = \r\n        Shell ID = Microsoft.PowerShell\r\n","UserData":"","Payload":"CommandInvocation(Set-NetFirewallProfile): \"Set-NetFirewallProfile\"\r\nParameterBinding(Set-NetFirewallProfile): name=\"Name\"; value=\"Domain, Public, Private\"\r\nParameterBinding(Set-NetFirewallProfile): name=\"Enabled\"; value=\"False\"\r\nParameterBinding(Set-NetFirewallProfile): name=\"All\"; value=\"False\"\r\nParameterBinding(Set-NetFirewallProfile): name=\"PolicyStore\"; value=\"\"\r\nParameterBinding(Set-NetFirewallProfile): name=\"GPOSession\"; value=\"\"\r\nParameterBinding(Set-NetFirewallProfile): name=\"LogFileName\"; value=\"\"\r\nParameterBinding(Set-NetFirewallProfile): name=\"LogMaxSizeKilobytes\"; value=\"0\"\r\nParameterBinding(Set-NetFirewallProfile): name=\"ThrottleLimit\"; value=\"0\"\r\nParameterBinding(Set-NetFirewallProfile): name=\"AsJob\"; value=\"False\"\r\nParameterBinding(Set-NetFirewallProfile): name=\"PassThru\"; value=\"False\"\r\n"}}}
{"Event_attributes":{"xmlns":"http://schemas.microsoft.com/win/2004/08/events/event"},"Event":{"System":{"Provider_attributes":{"Name":"Microsoft-Windows-PowerShell","Guid":"{A0C1853B-5C40-4B15-8766-3CF1C58F985A}"},"EventID":"4103","Version":"1","Level":"4","Task":"106","Opcode":"20","Keywords":"0x0","TimeCreated_attributes":{"SystemTime":"2021-06-03T18:34:12.888211300Z"},"EventRecordID":"29911","Correlation_attributes":{"ActivityID":"{38068009-512D-0001-351F-24382D51D701}"},"Execution_attributes":{"ProcessID":"5200","ThreadID":"4232"},"Channel":"Microsoft-Windows-PowerShell/Operational","Computer":"fs01.offsec.lan","Security_attributes":{"UserID":"S-1-5-21-4230534742-2542757381-3142984815-1111"}},"EventData":{"ContextInfo":"        Severity = Informational\r\n        Host Name = ConsoleHost\r\n        Host Version = 5.1.14393.3383\r\n        Host ID = d61c85aa-4638-43bc-ae77-c65b9a535602\r\n        Host Application = C:\\Windows\\System32\\WindowsPowerShell\\v1.0\\powershell.exe\r\n        Engine Version = 5.1.14393.3383\r\n        Runspace ID = 1b55a157-a0b9-4e11-bc7a-f1d86023a61c\r\n        Pipeline ID = 101\r\n        Command Name = \r\n        Command Type = Script\r\n        Script Name = \r\n        Command Path = \r\n        Sequence Number = 730\r\n        User = OFFSEC\\admmig\r\n        Connected User = \r\n        Shell ID = Microsoft.PowerShell\r\n","UserData":"","Payload":"CommandInvocation(Out-Default): \"Out-Default\"\r\n"}}}
{"Event_attributes":{"xmlns":"http://schemas.microsoft.com/win/2004/08/events/event"},"Event":{"System":{"Provider_attributes":{"Name":"Microsoft-Windows-PowerShell","Guid":"{A0C1853B-5C40-4B15-8766-3CF1C58F985A}"},"EventID":"4104","Version":"1","Level":"5","Task":"2","Opcode":"15","Keywords":"0x0","TimeCreated_attributes":{"SystemTime":"2021-06-03T18:34:12.889359500Z"},"EventRecordID":"29912","Correlation_attributes":{"ActivityID":"{38068009-512D-0001-1520-24382D51D701}"},"Execution_attributes":{"ProcessID":"5200","ThreadID":"4232"},"Channel":"Microsoft-Windows-PowerShell/Operational","Computer":"fs01.offsec.lan","Security_attributes":{"UserID":"S-1-5-21-4230534742-2542757381-3142984815-1111"}},"EventData":{"MessageNumber":"1","MessageTotal":"1","ScriptBlockText":"prompt","ScriptBlockId":"7f07e97d-47dd-4968-9acb-9cd137fbc192","Path":""}}}
{"Event_attributes":{"xmlns":"http://schemas.microsoft.com/win/2004/08/events/event"},"Event":{"System":{"Provider_attributes":{"Name":"Microsoft-Windows-PowerShell","Guid":"{A0C1853B-5C40-4B15-8766-3CF1C58F985A}"},"EventID":"4103","Version":"1","Level":"4","Task":"106","Opcode":"20","Keywords":"0x0","TimeCreated_attributes":{"SystemTime":"2021-06-03T18:34:12.895476100Z"},"EventRecordID":"29913","Correlation_attributes":{"ActivityID":"{38068009-512D-0001-4A20-24382D51D701}"},"Execution_attributes":{"ProcessID":"5200","ThreadID":"4232"},"Channel":"Microsoft-Windows-PowerShell/Operational","Computer":"fs01.offsec.lan","Security_attributes":{"UserID":"S-1-5-21-4230534742-2542757381-3142984815-1111"}},"EventData":{"ContextInfo":"        Severity = Informational\r\n        Host Name = ConsoleHost\r\n        Host Version = 5.1.14393.3383\r\n        Host ID = d61c85aa-4638-43bc-ae77-c65b9a535602\r\n        Host Application = C:\\Windows\\System32\\WindowsPowerShell\\v1.0\\powershell.exe\r\n        Engine Version = 5.1.14393.3383\r\n        Runspace ID = 1b55a157-a0b9-4e11-bc7a-f1d86023a61c\r\n        Pipeline ID = 103\r\n        Command Name = Set-StrictMode\r\n        Command Type = Cmdlet\r\n        Script Name = C:\\Program Files\\WindowsPowerShell\\Modules\\PSReadline\\1.2\\PSReadLine.psm1\r\n        Command Path = \r\n        Sequence Number = 732\r\n        User = OFFSEC\\admmig\r\n        Connected User = \r\n        Shell ID = Microsoft.PowerShell\r\n","UserData":"","Payload":"CommandInvocation(Set-StrictMode): \"Set-StrictMode\"\r\nParameterBinding(Set-StrictMode): name=\"Off\"; value=\"True\"\r\n"}}}
