{"Event_attributes":{"xmlns":"http://schemas.microsoft.com/win/2004/08/events/event"},"Event":{"System":{"Provider_attributes":{"Name":"Microsoft-Windows-Security-Auditing","Guid":"54849625-5478-4994-A5BA-3E3B0328C30D"},"EventID":4688,"Version":2,"Level":0,"Task":13312,"Opcode":0,"Keywords":"0x8020000000000000","TimeCreated_attributes":{"SystemTime":"2021-02-08T13:00:32.208344Z"},"EventRecordID":1410925,"Correlation":null,"Execution_attributes":{"ProcessID":4,"ThreadID":468},"Channel":"Security","Computer":"WIN10-client01.offsec.lan","Security":null},"EventData":{"SubjectUserSid":"S-1-5-21-4230534742-2542757381-3142984815-1111","SubjectUserName":"admmig","SubjectDomainName":"OFFSEC","SubjectLogonId":"0x13f0b8","NewProcessId":"0x23f0","NewProcessName":"C:\\Windows\\System32\\Dism.exe","TokenElevationType":"%%1937","ProcessId":"0x1df4","CommandLine":"\"C:\\WINDOWS\\system32\\Dism.exe\" /online /enable-feature /featurename:Microsoft-Windows-Subsystem-Linux /all /norestart","TargetUserSid":"S-1-0-0","TargetUserName":"-","TargetDomainName":"-","TargetLogonId":"0x0","ParentProcessName":"C:\\Windows\\System32\\WindowsPowerShell\\v1.0\\powershell.exe","MandatoryLabel":"S-1-16-12288"}}}
{"Event_attributes":{"xmlns":"http://schemas.microsoft.com/win/2004/08/events/event"},"Event":{"System":{"Provider_attributes":{"Name":"Microsoft-Windows-Security-Auditing","Guid":"54849625-5478-4994-A5BA-3E3B0328C30D"},"EventID":4688,"Version":2,"Level":0,"Task":13312,"Opcode":0,"Keywords":"0x8020000000000000","TimeCreated_attributes":{"SystemTime":"2021-02-08T13:00:32.783410Z"},"EventRecordID":1410926,"Correlation":null,"Execution_attributes":{"ProcessID":4,"ThreadID":116},"Channel":"Security","Computer":"WIN10-client01.offsec.lan","Security":null},"EventData":{"SubjectUserSid":"S-1-5-21-4230534742-2542757381-3142984815-1111","SubjectUserName":"admmig","SubjectDomainName":"OFFSEC","SubjectLogonId":"0x13f0b8","NewProcessId":"0x738","NewProcessName":"C:\\Users\\admmig\\AppData\\Local\\Temp\\EF2EDF0A-3F72-4E1D-A537-087B0AA53178\\DismHost.exe","TokenElevationType":"%%1937","ProcessId":"0x23f0","CommandLine":"C:\\Users\\admmig\\AppData\\Local\\Temp\\EF2EDF0A-3F72-4E1D-A537-087B0AA53178\\dismhost.exe {F4C84A6D-0631-443F-B849-03CA53B4AE35}","TargetUserSid":"S-1-0-0","TargetUserName":"-","TargetDomainName":"-","TargetLogonId":"0x0","ParentProcessName":"C:\\Windows\\System32\\Dism.exe","MandatoryLabel":"S-1-16-12288"}}}
{"Event_attributes":{"xmlns":"http://schemas.microsoft.com/win/2004/08/events/event"},"Event":{"System":{"Provider_attributes":{"Name":"Microsoft-Windows-Security-Auditing","Guid":"54849625-5478-4994-A5BA-3E3B0328C30D"},"EventID":4688,"Version":2,"Level":0,"Task":13312,"Opcode":0,"Keywords":"0x8020000000000000","TimeCreated_attributes":{"SystemTime":"2021-02-08T13:00:33.217344Z"},"EventRecordID":1410931,"Correlation":null,"Execution_attributes":{"ProcessID":4,"ThreadID":32},"Channel":"Security","Computer":"WIN10-client01.offsec.lan","Security":null},"EventData":{"SubjectUserSid":"S-1-5-18","SubjectUserName":"WIN10-CLIENT01$","SubjectDomainName":"OFFSEC","SubjectLogonId":"0x3e7","NewProcessId":"0x2394","NewProcessName":"C:\\Windows\\servicing\\TrustedInstaller.exe","TokenElevationType":"%%1936","ProcessId":"0x2ac","CommandLine":"C:\\WINDOWS\\servicing\\TrustedInstaller.exe","TargetUserSid":"S-1-0-0","TargetUserName":"-","TargetDomainName":"-","TargetLogonId":"0x0","ParentProcessName":"C:\\Windows\\System32\\services.exe","MandatoryLabel":"S-1-16-16384"}}}
{"Event_attributes":{"xmlns":"http://schemas.microsoft.com/win/2004/08/events/event"},"Event":{"System":{"Provider_attributes":{"Name":"Microsoft-Windows-Security-Auditing","Guid":"54849625-5478-4994-A5BA-3E3B0328C30D"},"EventID":4688,"Version":2,"Level":0,"Task":13312,"Opcode":0,"Keywords":"0x8020000000000000","TimeCreated_attributes":{"SystemTime":"2021-02-08T13:00:33.939612Z"},"EventRecordID":1410932,"Correlation":null,"Execution_attributes":{"ProcessID":4,"ThreadID":6452},"Channel":"Security","Computer":"WIN10-client01.offsec.lan","Security":null},"EventData":{"SubjectUserSid":"S-1-5-18","SubjectUserName":"WIN10-CLIENT01$","SubjectDomainName":"OFFSEC","SubjectLogonId":"0x3e7","NewProcessId":"0x1564","NewProcessName":"C:\\Windows\\WinSxS\\amd64_microsoft-windows-servicingstack_31bf3856ad364e35_10.0.19041.740_none_e752aa59261f271f\\TiWorker.exe","TokenElevationType":"%%1936","ProcessId":"0x344","CommandLine":"C:\\WINDOWS\\winsxs\\amd64_microsoft-windows-servicingstack_31bf3856ad364e35_10.0.19041.740_none_e752aa59261f271f\\TiWorker.exe -Embedding","TargetUserSid":"S-1-0-0","TargetUserName":"-","TargetDomainName":"-","TargetLogonId":"0x0","ParentProcessName":"C:\\Windows\\System32\\svchost.exe","MandatoryLabel":"S-1-16-16384"}}}
{"Event_attributes":{"xmlns":"http://schemas.microsoft.com/win/2004/08/events/event"},"Event":{"System":{"Provider_attributes":{"Name":"Microsoft-Windows-Security-Auditing","Guid":"54849625-5478-4994-A5BA-3E3B0328C30D"},"EventID":4688,"Version":2,"Level":0,"Task":13312,"Opcode":0,"Keywords":"0x8020000000000000","TimeCreated_attributes":{"SystemTime":"2021-02-08T13:00:38.927239Z"},"EventRecordID":1410939,"Correlation":null,"Execution_attributes":{"ProcessID":4,"ThreadID":32},"Channel":"Security","Computer":"WIN10-client01.offsec.lan","Security":null},"EventData":{"SubjectUserSid":"S-1-5-18","SubjectUserName":"WIN10-CLIENT01$","SubjectDomainName":"OFFSEC","SubjectLogonId":"0x3e7","NewProcessId":"0xf10","NewProcessName":"C:\\Windows\\System32\\taskhostw.exe","TokenElevationType":"%%1936","ProcessId":"0x6ec","CommandLine":"taskhostw.exe","TargetUserSid":"S-1-0-0","TargetUserName":"-","TargetDomainName":"-","TargetLogonId":"0x0","ParentProcessName":"C:\\Windows\\System32\\svchost.exe","MandatoryLabel":"S-1-16-16384"}}}
{"Event_attributes":{"xmlns":"http://schemas.microsoft.com/win/2004/08/events/event"},"Event":{"System":{"Provider_attributes":{"Name":"Microsoft-Windows-Security-Auditing","Guid":"54849625-5478-4994-A5BA-3E3B0328C30D"},"EventID":4688,"Version":2,"Level":0,"Task":13312,"Opcode":0,"Keywords":"0x8020000000000000","TimeCreated_attributes":{"SystemTime":"2021-02-08T13:00:42.856642Z"},"EventRecordID":1410955,"Correlation":null,"Execution_attributes":{"ProcessID":4,"ThreadID":6520},"Channel":"Security","Computer":"WIN10-client01.offsec.lan","Security":null},"EventData":{"SubjectUserSid":"S-1-5-21-4230534742-2542757381-3142984815-1111","SubjectUserName":"admmig","SubjectDomainName":"OFFSEC","SubjectLogonId":"0x13f0b8","NewProcessId":"0x9ac","NewProcessName":"C:\\Windows\\System32\\Dism.exe","TokenElevationType":"%%1937","ProcessId":"0x1df4","CommandLine":"\"C:\\WINDOWS\\system32\\Dism.exe\" /online /enable-feature /featurename:VirtualMachinePlatform /all /norestart","TargetUserSid":"S-1-0-0","TargetUserName":"-","TargetDomainName":"-","TargetLogonId":"0x0","ParentProcessName":"C:\\Windows\\System32\\WindowsPowerShell\\v1.0\\powershell.exe","MandatoryLabel":"S-1-16-12288"}}}
{"Event_attributes":{"xmlns":"http://schemas.microsoft.com/win/2004/08/events/event"},"Event":{"System":{"Provider_attributes":{"Name":"Microsoft-Windows-Security-Auditing","Guid":"54849625-5478-4994-A5BA-3E3B0328C30D"},"EventID":4688,"Version":2,"Level":0,"Task":13312,"Opcode":0,"Keywords":"0x8020000000000000","TimeCreated_attributes":{"SystemTime":"2021-02-08T13:00:43.113840Z"},"EventRecordID":1410956,"Correlation":null,"Execution_attributes":{"ProcessID":4,"ThreadID":6520},"Channel":"Security","Computer":"WIN10-client01.offsec.lan","Security":null},"EventData":{"SubjectUserSid":"S-1-5-21-4230534742-2542757381-3142984815-1111","SubjectUserName":"admmig","SubjectDomainName":"OFFSEC","SubjectLogonId":"0x13f0b8","NewProcessId":"0x1fc8","NewProcessName":"C:\\Users\\admmig\\AppData\\Local\\Temp\\2FAAA3DB-0463-415C-A03A-35CDC98DA25F\\DismHost.exe","TokenElevationType":"%%1937","ProcessId":"0x9ac","CommandLine":"C:\\Users\\admmig\\AppData\\Local\\Temp\\2FAAA3DB-0463-415C-A03A-35CDC98DA25F\\dismhost.exe {2FF3BABF-D4B4-410C-B05A-9786E419DF67}","TargetUserSid":"S-1-0-0","TargetUserName":"-","TargetDomainName":"-","TargetLogonId":"0x0","ParentProcessName":"C:\\Windows\\System32\\Dism.exe","MandatoryLabel":"S-1-16-12288"}}}
{"Event_attributes":{"xmlns":"http://schemas.microsoft.com/win/2004/08/events/event"},"Event":{"System":{"Provider_attributes":{"Name":"Microsoft-Windows-Security-Auditing","Guid":"54849625-5478-4994-A5BA-3E3B0328C30D"},"EventID":4688,"Version":2,"Level":0,"Task":13312,"Opcode":0,"Keywords":"0x8020000000000000","TimeCreated_attributes":{"SystemTime":"2021-02-08T13:00:50.201379Z"},"EventRecordID":1410957,"Correlation":null,"Execution_attributes":{"ProcessID":4,"ThreadID":32},"Channel":"Security","Computer":"WIN10-client01.offsec.lan","Security":null},"EventData":{"SubjectUserSid":"S-1-5-21-4230534742-2542757381-3142984815-1111","SubjectUserName":"admmig","SubjectDomainName":"OFFSEC","SubjectLogonId":"0x13f0b8","NewProcessId":"0x1248","NewProcessName":"C:\\Windows\\System32\\wsl.exe","TokenElevationType":"%%1937","ProcessId":"0x1df4","CommandLine":"\"C:\\WINDOWS\\system32\\wsl.exe\" --set-default-version 2","TargetUserSid":"S-1-0-0","TargetUserName":"-","TargetDomainName":"-","TargetLogonId":"0x0","ParentProcessName":"C:\\Windows\\System32\\WindowsPowerShell\\v1.0\\powershell.exe","MandatoryLabel":"S-1-16-12288"}}}
{"Event_attributes":{"xmlns":"http://schemas.microsoft.com/win/2004/08/events/event"},"Event":{"System":{"Provider_attributes":{"Name":"Microsoft-Windows-Security-Auditing","Guid":"54849625-5478-4994-A5BA-3E3B0328C30D"},"EventID":4688,"Version":2,"Level":0,"Task":13312,"Opcode":0,"Keywords":"0x8020000000000000","TimeCreated_attributes":{"SystemTime":"2021-02-08T13:01:11.198222Z"},"EventRecordID":1410961,"Correlation":null,"Execution_attributes":{"ProcessID":4,"ThreadID":6528},"Channel":"Security","Computer":"WIN10-client01.offsec.lan","Security":null},"EventData":{"SubjectUserSid":"S-1-5-18","SubjectUserName":"WIN10-CLIENT01$","SubjectDomainName":"OFFSEC","SubjectLogonId":"0x3e7","NewProcessId":"0x1b1c","NewProcessName":"C:\\Windows\\System32\\dllhost.exe","TokenElevationType":"%%1937","ProcessId":"0x344","CommandLine":"C:\\WINDOWS\\system32\\DllHost.exe /Processid:{AB8902B4-09CA-4BB6-B78D-A8F59079A8D5}","TargetUserSid":"S-1-5-21-4230534742-2542757381-3142984815-1111","TargetUserName":"admmig","TargetDomainName":"OFFSEC","TargetLogonId":"0x13f0b8","ParentProcessName":"C:\\Windows\\System32\\svchost.exe","MandatoryLabel":"S-1-16-12288"}}}
