{"Event_attributes":{"xmlns":"http://schemas.microsoft.com/win/2004/08/events/event"},"Event":{"System":{"Provider_attributes":{"Name":"Microsoft-Windows-Eventlog","Guid":"{fc65ddd8-d6ef-4962-83d5-6e5cfe9ce148}"},"EventID":104,"Version":0,"Level":4,"Task":104,"Opcode":0,"Keywords":"0x8000000000000000","TimeCreated_attributes":{"SystemTime":"2019-04-27T21:04:25.733401Z"},"EventRecordID":9252,"Correlation":null,"Execution_attributes":{"ProcessID":7464,"ThreadID":5848},"Channel":"System","Computer":"DESKTOP-JR78RLP","Security_attributes":{"UserID":"S-1-5-21-979008924-657238111-836329461-1002"}},"UserData":{"LogFileCleared_attributes":{"xmlns":"http://manifests.microsoft.com/win/2004/08/windows/eventlog"},"LogFileCleared":{"SubjectUserName":"jwrig","SubjectDomainName":"DESKTOP-JR78RLP","Channel":"System","BackupPath":null}}}}
{"Event_attributes":{"xmlns":"http://schemas.microsoft.com/win/2004/08/events/event"},"Event":{"System":{"Provider_attributes":{"Name":"Service Control Manager","Guid":"{555908d1-a6d7-4695-8e1e-26931d2012f4}","EventSourceName":"Service Control Manager"},"EventID_attributes":{"Qualifiers":16384},"EventID":7040,"Version":0,"Level":4,"Task":0,"Opcode":0,"Keywords":"0x8080000000000000","TimeCreated_attributes":{"SystemTime":"2019-04-27T21:04:32.373994Z"},"EventRecordID":9253,"Correlation":null,"Execution_attributes":{"ProcessID":620,"ThreadID":3640},"Channel":"System","Computer":"DESKTOP-JR78RLP","Security_attributes":{"UserID":"S-1-5-21-979008924-657238111-836329461-1002"}},"EventData":{"param1":"Windows Event Log","param2":"auto start","param3":"disabled","param4":"EventLog"}}}
{"Event_attributes":{"xmlns":"http://schemas.microsoft.com/win/2004/08/events/event"},"Event":{"System":{"Provider_attributes":{"Name":"Service Control Manager","Guid":"{555908d1-a6d7-4695-8e1e-26931d2012f4}","EventSourceName":"Service Control Manager"},"EventID_attributes":{"Qualifiers":49152},"EventID":7001,"Version":0,"Level":2,"Task":0,"Opcode":0,"Keywords":"0x8080000000000000","TimeCreated_attributes":{"SystemTime":"2019-04-27T21:04:43.704329Z"},"EventRecordID":9254,"Correlation":null,"Execution_attributes":{"ProcessID":620,"ThreadID":7104},"Channel":"System","Computer":"DESKTOP-JR78RLP","Security":null},"EventData":{"param1":"Network Location Awareness","param2":"Windows Event Log","param3":"%%1058","Binary":"4E006C0061005300760063000000"}}}
{"Event_attributes":{"xmlns":"http://schemas.microsoft.com/win/2004/08/events/event"},"Event":{"System":{"Provider_attributes":{"Name":"Service Control Manager","Guid":"{555908d1-a6d7-4695-8e1e-26931d2012f4}","EventSourceName":"Service Control Manager"},"EventID_attributes":{"Qualifiers":49152},"EventID":7001,"Version":0,"Level":2,"Task":0,"Opcode":0,"Keywords":"0x8080000000000000","TimeCreated_attributes":{"SystemTime":"2019-04-27T21:04:43.704329Z"},"EventRecordID":9255,"Correlation":null,"Execution_attributes":{"ProcessID":620,"ThreadID":7104},"Channel":"System","Computer":"DESKTOP-JR78RLP","Security":null},"EventData":{"param1":"Network List Service","param2":"Network Location Awareness","param3":"%%1068","Binary":"6E0065007400700072006F0066006D000000"}}}
{"Event_attributes":{"xmlns":"http://schemas.microsoft.com/win/2004/08/events/event"},"Event":{"System":{"Provider_attributes":{"Name":"Microsoft-Windows-DistributedCOM","Guid":"{1B562E86-B7AA-4131-BADC-B6F3A001407E}","EventSourceName":"DCOM"},"EventID_attributes":{"Qualifiers":0},"EventID":10005,"Version":0,"Level":2,"Task":0,"Opcode":0,"Keywords":"0x8080000000000000","TimeCreated_attributes":{"SystemTime":"2019-04-27T21:04:43.704329Z"},"EventRecordID":9256,"Correlation":null,"Execution_attributes":{"ProcessID":756,"ThreadID":4404},"Channel":"System","Computer":"DESKTOP-JR78RLP","Security_attributes":{"UserID":"S-1-5-18"}},"EventData":{"param1":"1068","param2":"netprofm","param3":"Unavailable","param4":"{A47979D2-C419-11D9-A5B4-001185AD2B89}"}}}
{"Event_attributes":{"xmlns":"http://schemas.microsoft.com/win/2004/08/events/event"},"Event":{"System":{"Provider_attributes":{"Name":"Service Control Manager","Guid":"{555908d1-a6d7-4695-8e1e-26931d2012f4}","EventSourceName":"Service Control Manager"},"EventID_attributes":{"Qualifiers":49152},"EventID":7001,"Version":0,"Level":2,"Task":0,"Opcode":0,"Keywords":"0x8080000000000000","TimeCreated_attributes":{"SystemTime":"2019-04-27T21:04:46.719789Z"},"EventRecordID":9257,"Correlation":null,"Execution_attributes":{"ProcessID":620,"ThreadID":7104},"Channel":"System","Computer":"DESKTOP-JR78RLP","Security":null},"EventData":{"param1":"Network Location Awareness","param2":"Windows Event Log","param3":"%%1058","Binary":"4E006C0061005300760063000000"}}}
{"Event_attributes":{"xmlns":"http://schemas.microsoft.com/win/2004/08/events/event"},"Event":{"System":{"Provider_attributes":{"Name":"Service Control Manager","Guid":"{555908d1-a6d7-4695-8e1e-26931d2012f4}","EventSourceName":"Service Control Manager"},"EventID_attributes":{"Qualifiers":49152},"EventID":7001,"Version":0,"Level":2,"Task":0,"Opcode":0,"Keywords":"0x8080000000000000","TimeCreated_attributes":{"SystemTime":"2019-04-27T21:04:46.719789Z"},"EventRecordID":9258,"Correlation":null,"Execution_attributes":{"ProcessID":620,"ThreadID":7104},"Channel":"System","Computer":"DESKTOP-JR78RLP","Security":null},"EventData":{"param1":"Network List Service","param2":"Network Location Awareness","param3":"%%1068","Binary":"6E0065007400700072006F0066006D000000"}}}
{"Event_attributes":{"xmlns":"http://schemas.microsoft.com/win/2004/08/events/event"},"Event":{"System":{"Provider_attributes":{"Name":"Microsoft-Windows-DistributedCOM","Guid":"{1B562E86-B7AA-4131-BADC-B6F3A001407E}","EventSourceName":"DCOM"},"EventID_attributes":{"Qualifiers":0},"EventID":10005,"Version":0,"Level":2,"Task":0,"Opcode":0,"Keywords":"0x8080000000000000","TimeCreated_attributes":{"SystemTime":"2019-04-27T21:04:46.719789Z"},"EventRecordID":9259,"Correlation":null,"Execution_attributes":{"ProcessID":756,"ThreadID":4404},"Channel":"System","Computer":"DESKTOP-JR78RLP","Security_attributes":{"UserID":"S-1-5-18"}},"EventData":{"param1":"1068","param2":"netprofm","param3":"Unavailable","param4":"{A47979D2-C419-11D9-A5B4-001185AD2B89}"}}}
{"Event_attributes":{"xmlns":"http://schemas.microsoft.com/win/2004/08/events/event"},"Event":{"System":{"Provider_attributes":{"Name":"Service Control Manager","Guid":"{555908d1-a6d7-4695-8e1e-26931d2012f4}","EventSourceName":"Service Control Manager"},"EventID_attributes":{"Qualifiers":49152},"EventID":7001,"Version":0,"Level":2,"Task":0,"Opcode":0,"Keywords":"0x8080000000000000","TimeCreated_attributes":{"SystemTime":"2019-04-27T21:04:49.734997Z"},"EventRecordID":9260,"Correlation":null,"Execution_attributes":{"ProcessID":620,"ThreadID":3640},"Channel":"System","Computer":"DESKTOP-JR78RLP","Security":null},"EventData":{"param1":"Network Location Awareness","param2":"Windows Event Log","param3":"%%1058","Binary":"4E006C0061005300760063000000"}}}
{"Event_attributes":{"xmlns":"http://schemas.microsoft.com/win/2004/08/events/event"},"Event":{"System":{"Provider_attributes":{"Name":"Service Control Manager","Guid":"{555908d1-a6d7-4695-8e1e-26931d2012f4}","EventSourceName":"Service Control Manager"},"EventID_attributes":{"Qualifiers":49152},"EventID":7001,"Version":0,"Level":2,"Task":0,"Opcode":0,"Keywords":"0x8080000000000000","TimeCreated_attributes":{"SystemTime":"2019-04-27T21:04:49.734997Z"},"EventRecordID":9261,"Correlation":null,"Execution_attributes":{"ProcessID":620,"ThreadID":3640},"Channel":"System","Computer":"DESKTOP-JR78RLP","Security":null},"EventData":{"param1":"Network List Service","param2":"Network Location Awareness","param3":"%%1068","Binary":"6E0065007400700072006F0066006D000000"}}}
{"Event_attributes":{"xmlns":"http://schemas.microsoft.com/win/2004/08/events/event"},"Event":{"System":{"Provider_attributes":{"Name":"Microsoft-Windows-DistributedCOM","Guid":"{1B562E86-B7AA-4131-BADC-B6F3A001407E}","EventSourceName":"DCOM"},"EventID_attributes":{"Qualifiers":0},"EventID":10005,"Version":0,"Level":2,"Task":0,"Opcode":0,"Keywords":"0x8080000000000000","TimeCreated_attributes":{"SystemTime":"2019-04-27T21:04:49.734997Z"},"EventRecordID":9262,"Correlation":null,"Execution_attributes":{"ProcessID":756,"ThreadID":4404},"Channel":"System","Computer":"DESKTOP-JR78RLP","Security_attributes":{"UserID":"S-1-5-18"}},"EventData":{"param1":"1068","param2":"netprofm","param3":"Unavailable","param4":"{A47979D2-C419-11D9-A5B4-001185AD2B89}"}}}
{"Event_attributes":{"xmlns":"http://schemas.microsoft.com/win/2004/08/events/event"},"Event":{"System":{"Provider_attributes":{"Name":"Service Control Manager","Guid":"{555908d1-a6d7-4695-8e1e-26931d2012f4}","EventSourceName":"Service Control Manager"},"EventID_attributes":{"Qualifiers":16384},"EventID":7040,"Version":0,"Level":4,"Task":0,"Opcode":0,"Keywords":"0x8080000000000000","TimeCreated_attributes":{"SystemTime":"2019-04-27T21:04:51.373948Z"},"EventRecordID":9263,"Correlation":null,"Execution_attributes":{"ProcessID":620,"ThreadID":3640},"Channel":"System","Computer":"DESKTOP-JR78RLP","Security_attributes":{"UserID":"S-1-5-21-979008924-657238111-836329461-1002"}},"EventData":{"param1":"Windows Event Log","param2":"disabled","param3":"auto start","param4":"EventLog"}}}
{"Event_attributes":{"xmlns":"http://schemas.microsoft.com/win/2004/08/events/event"},"Event":{"System":{"Provider_attributes":{"Name":"Microsoft-Windows-Kernel-General","Guid":"A68CA8B7-004F-D7B6-A698-07E2DE0F1F5D"},"EventID":1,"Version":1,"Level":4,"Task":5,"Opcode":0,"Keywords":"0x8000000000000010","TimeCreated_attributes":{"SystemTime":"2019-04-27T21:06:49.341668Z"},"EventRecordID":9264,"Correlation":null,"Execution_attributes":{"ProcessID":2660,"ThreadID":3772},"Channel":"System","Computer":"DESKTOP-JR78RLP","Security_attributes":{"UserID":"S-1-5-18"}},"EventData":{"NewTime":"2019-04-27T21:06:49.341000Z","OldTime":"2019-04-27T21:05:43.307010Z","Reason":1}}}
