{"Event_attributes":{"xmlns":"http://schemas.microsoft.com/win/2004/08/events/event"},"Event":{"System":{"Provider_attributes":{"Name":"Microsoft-Windows-Eventlog","Guid":"{fc65ddd8-d6ef-4962-83d5-6e5cfe9ce148}"},"EventID":1102,"Version":0,"Level":4,"Task":104,"Opcode":0,"Keywords":"0x4020000000000000","TimeCreated_attributes":{"SystemTime":"2020-09-14T14:44:04.878226Z"},"EventRecordID":39395,"Correlation":null,"Execution_attributes":{"ProcessID":1056,"ThreadID":2984},"Channel":"Security","Computer":"Sec504Student","Security":null},"UserData":{"LogFileCleared_attributes":{"xmlns":"http://manifests.microsoft.com/win/2004/08/windows/eventlog"},"LogFileCleared":{"SubjectUserSid":"S-1-5-21-2977773840-2930198165-1551093962-1000","SubjectUserName":"Sec504","SubjectDomainName":"SEC504STUDENT","SubjectLogonId":"0x99e3d"}}}}
{"Event_attributes":{"xmlns":"http://schemas.microsoft.com/win/2004/08/events/event"},"Event":{"System":{"Provider_attributes":{"Name":"Microsoft-Windows-Security-Auditing","Guid":"54849625-5478-4994-A5BA-3E3B0328C30D"},"EventID":4674,"Version":0,"Level":0,"Task":13056,"Opcode":0,"Keywords":"0x8020000000000000","TimeCreated_attributes":{"SystemTime":"2020-09-14T14:44:14.393451Z"},"EventRecordID":39396,"Correlation":null,"Execution_attributes":{"ProcessID":4,"ThreadID":5760},"Channel":"Security","Computer":"Sec504Student","Security":null},"EventData":{"SubjectUserSid":"S-1-5-21-2977773840-2930198165-1551093962-1000","SubjectUserName":"Sec504","SubjectDomainName":"SEC504STUDENT","SubjectLogonId":"0x99e3d","ObjectServer":"SC Manager","ObjectType":"SERVICE OBJECT","ObjectName":"nginx","HandleId":"0xffff820cb1b23928","AccessMask":"%%1539\r\n\t\t\t\t","PrivilegeList":"SeSecurityPrivilege","ProcessId":"0x21c","ProcessName":"C:\\Windows\\System32\\services.exe"}}}
{"Event_attributes":{"xmlns":"http://schemas.microsoft.com/win/2004/08/events/event"},"Event":{"System":{"Provider_attributes":{"Name":"Microsoft-Windows-Security-Auditing","Guid":"54849625-5478-4994-A5BA-3E3B0328C30D"},"EventID":4673,"Version":0,"Level":0,"Task":13056,"Opcode":0,"Keywords":"0x8010000000000000","TimeCreated_attributes":{"SystemTime":"2020-09-14T14:45:18.693474Z"},"EventRecordID":39397,"Correlation":null,"Execution_attributes":{"ProcessID":4,"ThreadID":5756},"Channel":"Security","Computer":"Sec504Student","Security":null},"EventData":{"SubjectUserSid":"S-1-5-19","SubjectUserName":"LOCAL SERVICE","SubjectDomainName":"NT AUTHORITY","SubjectLogonId":"0x3e5","ObjectServer":"Security","Service":"-","PrivilegeList":"SeIncreaseBasePriorityPrivilege","ProcessId":"0x1a4c","ProcessName":"C:\\Windows\\System32\\audiodg.exe"}}}
{"Event_attributes":{"xmlns":"http://schemas.microsoft.com/win/2004/08/events/event"},"Event":{"System":{"Provider_attributes":{"Name":"Microsoft-Windows-Security-Auditing","Guid":"54849625-5478-4994-A5BA-3E3B0328C30D"},"EventID":4673,"Version":0,"Level":0,"Task":13056,"Opcode":0,"Keywords":"0x8020000000000000","TimeCreated_attributes":{"SystemTime":"2020-09-14T14:45:18.712130Z"},"EventRecordID":39398,"Correlation":null,"Execution_attributes":{"ProcessID":4,"ThreadID":5756},"Channel":"Security","Computer":"Sec504Student","Security":null},"EventData":{"SubjectUserSid":"S-1-5-19","SubjectUserName":"LOCAL SERVICE","SubjectDomainName":"NT AUTHORITY","SubjectLogonId":"0x3e5","ObjectServer":"Security","Service":"PsWorkingSetAdjust","PrivilegeList":"SeIncreaseWorkingSetPrivilege","ProcessId":"0x1a4c","ProcessName":"C:\\Windows\\System32\\audiodg.exe"}}}
{"Event_attributes":{"xmlns":"http://schemas.microsoft.com/win/2004/08/events/event"},"Event":{"System":{"Provider_attributes":{"Name":"Microsoft-Windows-Security-Auditing","Guid":"54849625-5478-4994-A5BA-3E3B0328C30D"},"EventID":4673,"Version":0,"Level":0,"Task":13056,"Opcode":0,"Keywords":"0x8010000000000000","TimeCreated_attributes":{"SystemTime":"2020-09-14T14:45:18.740248Z"},"EventRecordID":39399,"Correlation":null,"Execution_attributes":{"ProcessID":4,"ThreadID":5756},"Channel":"Security","Computer":"Sec504Student","Security":null},"EventData":{"SubjectUserSid":"S-1-5-19","SubjectUserName":"LOCAL SERVICE","SubjectDomainName":"NT AUTHORITY","SubjectLogonId":"0x3e5","ObjectServer":"Security","Service":"-","PrivilegeList":"SeIncreaseBasePriorityPrivilege","ProcessId":"0x778","ProcessName":"C:\\Windows\\System32\\svchost.exe"}}}
{"Event_attributes":{"xmlns":"http://schemas.microsoft.com/win/2004/08/events/event"},"Event":{"System":{"Provider_attributes":{"Name":"Microsoft-Windows-Security-Auditing","Guid":"54849625-5478-4994-A5BA-3E3B0328C30D"},"EventID":4673,"Version":0,"Level":0,"Task":13056,"Opcode":0,"Keywords":"0x8020000000000000","TimeCreated_attributes":{"SystemTime":"2020-09-14T14:45:19.623280Z"},"EventRecordID":39400,"Correlation":null,"Execution_attributes":{"ProcessID":4,"ThreadID":5756},"Channel":"Security","Computer":"Sec504Student","Security":null},"EventData":{"SubjectUserSid":"S-1-5-18","SubjectUserName":"SEC504STUDENT$","SubjectDomainName":"SEC504","SubjectLogonId":"0x3e7","ObjectServer":"NT Local Security Authority / Authentication Service","Service":"LsaRegisterLogonProcess()","PrivilegeList":"SeTcbPrivilege","ProcessId":"0x240","ProcessName":"C:\\Windows\\System32\\lsass.exe"}}}
{"Event_attributes":{"xmlns":"http://schemas.microsoft.com/win/2004/08/events/event"},"Event":{"System":{"Provider_attributes":{"Name":"Microsoft-Windows-Security-Auditing","Guid":"54849625-5478-4994-A5BA-3E3B0328C30D"},"EventID":4674,"Version":0,"Level":0,"Task":13056,"Opcode":0,"Keywords":"0x8020000000000000","TimeCreated_attributes":{"SystemTime":"2020-09-14T14:46:33.690162Z"},"EventRecordID":39401,"Correlation":null,"Execution_attributes":{"ProcessID":4,"ThreadID":5760},"Channel":"Security","Computer":"Sec504Student","Security":null},"EventData":{"SubjectUserSid":"S-1-5-21-2977773840-2930198165-1551093962-1000","SubjectUserName":"Sec504","SubjectDomainName":"SEC504STUDENT","SubjectLogonId":"0x99e3d","ObjectServer":"SC Manager","ObjectType":"SERVICE OBJECT","ObjectName":"nginx","HandleId":"0xffff820cb28ca928","AccessMask":"%%1539\r\n\t\t\t\t","PrivilegeList":"SeSecurityPrivilege","ProcessId":"0x21c","ProcessName":"C:\\Windows\\System32\\services.exe"}}}
{"Event_attributes":{"xmlns":"http://schemas.microsoft.com/win/2004/08/events/event"},"Event":{"System":{"Provider_attributes":{"Name":"Microsoft-Windows-Security-Auditing","Guid":"54849625-5478-4994-A5BA-3E3B0328C30D"},"EventID":4673,"Version":0,"Level":0,"Task":13056,"Opcode":0,"Keywords":"0x8020000000000000","TimeCreated_attributes":{"SystemTime":"2020-09-14T14:47:36.087326Z"},"EventRecordID":39402,"Correlation":null,"Execution_attributes":{"ProcessID":4,"ThreadID":5756},"Channel":"Security","Computer":"Sec504Student","Security":null},"EventData":{"SubjectUserSid":"S-1-5-18","SubjectUserName":"SEC504STUDENT$","SubjectDomainName":"SEC504","SubjectLogonId":"0x3e7","ObjectServer":"NT Local Security Authority / Authentication Service","Service":"LsaRegisterLogonProcess()","PrivilegeList":"SeTcbPrivilege","ProcessId":"0x240","ProcessName":"C:\\Windows\\System32\\lsass.exe"}}}
{"Event_attributes":{"xmlns":"http://schemas.microsoft.com/win/2004/08/events/event"},"Event":{"System":{"Provider_attributes":{"Name":"Microsoft-Windows-Security-Auditing","Guid":"54849625-5478-4994-A5BA-3E3B0328C30D"},"EventID":4673,"Version":0,"Level":0,"Task":13056,"Opcode":0,"Keywords":"0x8020000000000000","TimeCreated_attributes":{"SystemTime":"2020-09-14T14:47:36.150289Z"},"EventRecordID":39403,"Correlation":null,"Execution_attributes":{"ProcessID":4,"ThreadID":5756},"Channel":"Security","Computer":"Sec504Student","Security":null},"EventData":{"SubjectUserSid":"S-1-5-18","SubjectUserName":"SEC504STUDENT$","SubjectDomainName":"SEC504","SubjectLogonId":"0x3e7","ObjectServer":"NT Local Security Authority / Authentication Service","Service":"LsaRegisterLogonProcess()","PrivilegeList":"SeTcbPrivilege","ProcessId":"0x240","ProcessName":"C:\\Windows\\System32\\lsass.exe"}}}
{"Event_attributes":{"xmlns":"http://schemas.microsoft.com/win/2004/08/events/event"},"Event":{"System":{"Provider_attributes":{"Name":"Microsoft-Windows-Security-Auditing","Guid":"54849625-5478-4994-A5BA-3E3B0328C30D"},"EventID":4673,"Version":0,"Level":0,"Task":13056,"Opcode":0,"Keywords":"0x8020000000000000","TimeCreated_attributes":{"SystemTime":"2020-09-14T14:47:56.548315Z"},"EventRecordID":39404,"Correlation":null,"Execution_attributes":{"ProcessID":4,"ThreadID":5756},"Channel":"Security","Computer":"Sec504Student","Security":null},"EventData":{"SubjectUserSid":"S-1-5-18","SubjectUserName":"SEC504STUDENT$","SubjectDomainName":"SEC504","SubjectLogonId":"0x3e7","ObjectServer":"NT Local Security Authority / Authentication Service","Service":"LsaRegisterLogonProcess()","PrivilegeList":"SeTcbPrivilege","ProcessId":"0x240","ProcessName":"C:\\Windows\\System32\\lsass.exe"}}}
{"Event_attributes":{"xmlns":"http://schemas.microsoft.com/win/2004/08/events/event"},"Event":{"System":{"Provider_attributes":{"Name":"Microsoft-Windows-Security-Auditing","Guid":"54849625-5478-4994-A5BA-3E3B0328C30D"},"EventID":4673,"Version":0,"Level":0,"Task":13056,"Opcode":0,"Keywords":"0x8020000000000000","TimeCreated_attributes":{"SystemTime":"2020-09-14T14:47:56.604177Z"},"EventRecordID":39405,"Correlation":null,"Execution_attributes":{"ProcessID":4,"ThreadID":5756},"Channel":"Security","Computer":"Sec504Student","Security":null},"EventData":{"SubjectUserSid":"S-1-5-18","SubjectUserName":"SEC504STUDENT$","SubjectDomainName":"SEC504","SubjectLogonId":"0x3e7","ObjectServer":"NT Local Security Authority / Authentication Service","Service":"LsaRegisterLogonProcess()","PrivilegeList":"SeTcbPrivilege","ProcessId":"0x240","ProcessName":"C:\\Windows\\System32\\lsass.exe"}}}
{"Event_attributes":{"xmlns":"http://schemas.microsoft.com/win/2004/08/events/event"},"Event":{"System":{"Provider_attributes":{"Name":"Microsoft-Windows-Security-Auditing","Guid":"54849625-5478-4994-A5BA-3E3B0328C30D"},"EventID":4674,"Version":0,"Level":0,"Task":13056,"Opcode":0,"Keywords":"0x8020000000000000","TimeCreated_attributes":{"SystemTime":"2020-09-14T14:48:28.683048Z"},"EventRecordID":39406,"Correlation":null,"Execution_attributes":{"ProcessID":4,"ThreadID":5756},"Channel":"Security","Computer":"Sec504Student","Security":null},"EventData":{"SubjectUserSid":"S-1-5-21-2977773840-2930198165-1551093962-1000","SubjectUserName":"Sec504","SubjectDomainName":"SEC504STUDENT","SubjectLogonId":"0x99e3d","ObjectServer":"SC Manager","ObjectType":"SERVICE OBJECT","ObjectName":"nginx","HandleId":"0xffff820cb1d95928","AccessMask":"%%1539\r\n\t\t\t\t","PrivilegeList":"SeSecurityPrivilege","ProcessId":"0x21c","ProcessName":"C:\\Windows\\System32\\services.exe"}}}
{"Event_attributes":{"xmlns":"http://schemas.microsoft.com/win/2004/08/events/event"},"Event":{"System":{"Provider_attributes":{"Name":"Microsoft-Windows-Security-Auditing","Guid":"54849625-5478-4994-A5BA-3E3B0328C30D"},"EventID":4673,"Version":0,"Level":0,"Task":13056,"Opcode":0,"Keywords":"0x8020000000000000","TimeCreated_attributes":{"SystemTime":"2020-09-14T14:48:33.269272Z"},"EventRecordID":39407,"Correlation":null,"Execution_attributes":{"ProcessID":4,"ThreadID":5736},"Channel":"Security","Computer":"Sec504Student","Security":null},"EventData":{"SubjectUserSid":"S-1-5-18","SubjectUserName":"SEC504STUDENT$","SubjectDomainName":"SEC504","SubjectLogonId":"0x3e7","ObjectServer":"NT Local Security Authority / Authentication Service","Service":"LsaRegisterLogonProcess()","PrivilegeList":"SeTcbPrivilege","ProcessId":"0x240","ProcessName":"C:\\Windows\\System32\\lsass.exe"}}}
{"Event_attributes":{"xmlns":"http://schemas.microsoft.com/win/2004/08/events/event"},"Event":{"System":{"Provider_attributes":{"Name":"Microsoft-Windows-Security-Auditing","Guid":"54849625-5478-4994-A5BA-3E3B0328C30D"},"EventID":4673,"Version":0,"Level":0,"Task":13056,"Opcode":0,"Keywords":"0x8020000000000000","TimeCreated_attributes":{"SystemTime":"2020-09-14T14:48:33.327039Z"},"EventRecordID":39408,"Correlation":null,"Execution_attributes":{"ProcessID":4,"ThreadID":5736},"Channel":"Security","Computer":"Sec504Student","Security":null},"EventData":{"SubjectUserSid":"S-1-5-18","SubjectUserName":"SEC504STUDENT$","SubjectDomainName":"SEC504","SubjectLogonId":"0x3e7","ObjectServer":"NT Local Security Authority / Authentication Service","Service":"LsaRegisterLogonProcess()","PrivilegeList":"SeTcbPrivilege","ProcessId":"0x240","ProcessName":"C:\\Windows\\System32\\lsass.exe"}}}
{"Event_attributes":{"xmlns":"http://schemas.microsoft.com/win/2004/08/events/event"},"Event":{"System":{"Provider_attributes":{"Name":"Microsoft-Windows-Security-Auditing","Guid":"54849625-5478-4994-A5BA-3E3B0328C30D"},"EventID":4673,"Version":0,"Level":0,"Task":13056,"Opcode":0,"Keywords":"0x8020000000000000","TimeCreated_attributes":{"SystemTime":"2020-09-14T14:48:39.875499Z"},"EventRecordID":39409,"Correlation":null,"Execution_attributes":{"ProcessID":4,"ThreadID":5760},"Channel":"Security","Computer":"Sec504Student","Security":null},"EventData":{"SubjectUserSid":"S-1-5-18","SubjectUserName":"SEC504STUDENT$","SubjectDomainName":"SEC504","SubjectLogonId":"0x3e7","ObjectServer":"NT Local Security Authority / Authentication Service","Service":"LsaRegisterLogonProcess()","PrivilegeList":"SeTcbPrivilege","ProcessId":"0x240","ProcessName":"C:\\Windows\\System32\\lsass.exe"}}}
{"Event_attributes":{"xmlns":"http://schemas.microsoft.com/win/2004/08/events/event"},"Event":{"System":{"Provider_attributes":{"Name":"Microsoft-Windows-Security-Auditing","Guid":"54849625-5478-4994-A5BA-3E3B0328C30D"},"EventID":4673,"Version":0,"Level":0,"Task":13056,"Opcode":0,"Keywords":"0x8010000000000000","TimeCreated_attributes":{"SystemTime":"2020-09-14T14:48:43.435750Z"},"EventRecordID":39410,"Correlation":null,"Execution_attributes":{"ProcessID":4,"ThreadID":5760},"Channel":"Security","Computer":"Sec504Student","Security":null},"EventData":{"SubjectUserSid":"S-1-5-21-2977773840-2930198165-1551093962-1000","SubjectUserName":"Sec504","SubjectDomainName":"SEC504STUDENT","SubjectLogonId":"0x99e5b","ObjectServer":"Security","Service":"-","PrivilegeList":"SeTcbPrivilege","ProcessId":"0x2f4","ProcessName":"C:\\Windows\\System32\\svchost.exe"}}}
{"Event_attributes":{"xmlns":"http://schemas.microsoft.com/win/2004/08/events/event"},"Event":{"System":{"Provider_attributes":{"Name":"Microsoft-Windows-Security-Auditing","Guid":"54849625-5478-4994-A5BA-3E3B0328C30D"},"EventID":4673,"Version":0,"Level":0,"Task":13056,"Opcode":0,"Keywords":"0x8010000000000000","TimeCreated_attributes":{"SystemTime":"2020-09-14T14:50:22.503205Z"},"EventRecordID":39411,"Correlation":null,"Execution_attributes":{"ProcessID":4,"ThreadID":5756},"Channel":"Security","Computer":"Sec504Student","Security":null},"EventData":{"SubjectUserSid":"S-1-5-19","SubjectUserName":"LOCAL SERVICE","SubjectDomainName":"NT AUTHORITY","SubjectLogonId":"0x3e5","ObjectServer":"Security","Service":"-","PrivilegeList":"SeIncreaseBasePriorityPrivilege","ProcessId":"0x1a4c","ProcessName":"C:\\Windows\\System32\\audiodg.exe"}}}
{"Event_attributes":{"xmlns":"http://schemas.microsoft.com/win/2004/08/events/event"},"Event":{"System":{"Provider_attributes":{"Name":"Microsoft-Windows-Security-Auditing","Guid":"54849625-5478-4994-A5BA-3E3B0328C30D"},"EventID":4798,"Version":0,"Level":0,"Task":13824,"Opcode":0,"Keywords":"0x8020000000000000","TimeCreated_attributes":{"SystemTime":"2020-09-14T14:50:55.857558Z"},"EventRecordID":39412,"Correlation_attributes":{"ActivityID":"49055994-8AA3-0000-565A-0549A38AD601"},"Execution_attributes":{"ProcessID":576,"ThreadID":688},"Channel":"Security","Computer":"Sec504Student","Security":null},"EventData":{"TargetUserName":"Sec504","TargetDomainName":"SEC504STUDENT","TargetSid":"S-1-5-21-2977773840-2930198165-1551093962-1000","SubjectUserSid":"S-1-5-21-2977773840-2930198165-1551093962-1000","SubjectUserName":"Sec504","SubjectDomainName":"SEC504STUDENT","SubjectLogonId":"0x99e3d","CallerProcessId":"0x10a4","CallerProcessName":"C:\\Windows\\System32\\mmc.exe"}}}
{"Event_attributes":{"xmlns":"http://schemas.microsoft.com/win/2004/08/events/event"},"Event":{"System":{"Provider_attributes":{"Name":"Microsoft-Windows-Security-Auditing","Guid":"54849625-5478-4994-A5BA-3E3B0328C30D"},"EventID":4673,"Version":0,"Level":0,"Task":13056,"Opcode":0,"Keywords":"0x8010000000000000","TimeCreated_attributes":{"SystemTime":"2020-09-14T14:50:55.907662Z"},"EventRecordID":39413,"Correlation":null,"Execution_attributes":{"ProcessID":4,"ThreadID":5736},"Channel":"Security","Computer":"Sec504Student","Security":null},"EventData":{"SubjectUserSid":"S-1-5-21-2977773840-2930198165-1551093962-1000","SubjectUserName":"Sec504","SubjectDomainName":"SEC504STUDENT","SubjectLogonId":"0x99e3d","ObjectServer":"Security","Service":"-","PrivilegeList":"SeTcbPrivilege","ProcessId":"0x10a4","ProcessName":"C:\\Windows\\System32\\mmc.exe"}}}
