{"Event_attributes":{"xmlns":"http://schemas.microsoft.com/win/2004/08/events/event"},"Event":{"System":{"Provider_attributes":{"Name":"Microsoft-Windows-CAPI2","Guid":"{5bbca4a8-b209-48dc-a8c7-b23d3e5216fb}","EventSourceName":"Microsoft-Windows-CAPI2"},"EventID_attributes":{"Qualifiers":0},"EventID":4097,"Version":0,"Level":4,"Task":0,"Opcode":0,"Keywords":"0x8080000000000000","TimeCreated_attributes":{"SystemTime":"2016-08-29T20:57:47.357421Z"},"EventRecordID":1712,"Correlation":null,"Execution_attributes":{"ProcessID":1124,"ThreadID":1712},"Channel":"Application","Computer":"IE10Win7","Security":null},"EventData":{"Data":{"#text":["CN=VeriSign Universal Root Certification Authority, OU=\"(c) 2008 VeriSign, Inc. - For authorized use only\", OU=VeriSign Trust Network, O=\"VeriSign, Inc.\", C=US","3679CA35668772304D30A5FB873B0FA77BB70D54"]},"Binary":null}}}
{"Event_attributes":{"xmlns":"http://schemas.microsoft.com/win/2004/08/events/event"},"Event":{"System":{"Provider_attributes":{"Name":"Microsoft-Windows-CAPI2","Guid":"{5bbca4a8-b209-48dc-a8c7-b23d3e5216fb}","EventSourceName":"Microsoft-Windows-CAPI2"},"EventID_attributes":{"Qualifiers":0},"EventID":4100,"Version":0,"Level":4,"Task":0,"Opcode":0,"Keywords":"0x8080000000000000","TimeCreated_attributes":{"SystemTime":"2016-08-29T20:59:00.446289Z"},"EventRecordID":1713,"Correlation":null,"Execution_attributes":{"ProcessID":1124,"ThreadID":2072},"Channel":"Application","Computer":"IE10Win7","Security":null},"EventData":{"Data":{"#text":"http://ctldl.windowsupdate.com/msdownload/update/v3/static/trustedr/en/F18B538D1BE903B6A6F056435B171589CAF36BF2.crt"},"Binary":null}}}
{"Event_attributes":{"xmlns":"http://schemas.microsoft.com/win/2004/08/events/event"},"Event":{"System":{"Provider_attributes":{"Name":"Microsoft-Windows-CAPI2","Guid":"{5bbca4a8-b209-48dc-a8c7-b23d3e5216fb}","EventSourceName":"Microsoft-Windows-CAPI2"},"EventID_attributes":{"Qualifiers":0},"EventID":4097,"Version":0,"Level":4,"Task":0,"Opcode":0,"Keywords":"0x8080000000000000","TimeCreated_attributes":{"SystemTime":"2016-08-29T20:59:00.464843Z"},"EventRecordID":1714,"Correlation":null,"Execution_attributes":{"ProcessID":1124,"ThreadID":2072},"Channel":"Application","Computer":"IE10Win7","Security":null},"EventData":{"Data":{"#text":["CN=thawte Primary Root CA - G3, OU=\"(c) 2008 thawte, Inc. - For authorized use only\", OU=Certification Services Division, O=\"thawte, Inc.\", C=US","F18B538D1BE903B6A6F056435B171589CAF36BF2"]},"Binary":null}}}
{"Event_attributes":{"xmlns":"http://schemas.microsoft.com/win/2004/08/events/event"},"Event":{"System":{"Provider_attributes":{"Name":"Microsoft-Windows-CAPI2","Guid":"{5bbca4a8-b209-48dc-a8c7-b23d3e5216fb}","EventSourceName":"Microsoft-Windows-CAPI2"},"EventID_attributes":{"Qualifiers":0},"EventID":4097,"Version":0,"Level":4,"Task":0,"Opcode":0,"Keywords":"0x8080000000000000","TimeCreated_attributes":{"SystemTime":"2016-08-29T20:59:02.623046Z"},"EventRecordID":1715,"Correlation":null,"Execution_attributes":{"ProcessID":1124,"ThreadID":2752},"Channel":"Application","Computer":"IE10Win7","Security":null},"EventData":{"Data":{"#text":["OU=Starfield Class 2 Certification Authority, O=\"Starfield Technologies, Inc.\", C=US","AD7E1C28B064EF8F6003402014C3D0E3370EB58A"]},"Binary":null}}}
{"Event_attributes":{"xmlns":"http://schemas.microsoft.com/win/2004/08/events/event"},"Event":{"System":{"Provider_attributes":{"Name":"Microsoft-Windows-Security-SPP","Guid":"{E23B33B0-C8C9-472C-A5F9-F2BDFEA0F156}","EventSourceName":"Software Protection Platform Service"},"EventID_attributes":{"Qualifiers":16384},"EventID":900,"Version":0,"Level":4,"Task":0,"Opcode":0,"Keywords":"0x80000000000000","TimeCreated_attributes":{"SystemTime":"2016-08-30T14:36:31.000000Z"},"EventRecordID":1716,"Correlation":null,"Execution_attributes":{"ProcessID":0,"ThreadID":0},"Channel":"Application","Computer":"IE10Win7","Security":null},"EventData":{"Data":{"#text":""},"Binary":null}}}
{"Event_attributes":{"xmlns":"http://schemas.microsoft.com/win/2004/08/events/event"},"Event":{"System":{"Provider_attributes":{"Name":"Microsoft-Windows-Security-SPP","Guid":"{E23B33B0-C8C9-472C-A5F9-F2BDFEA0F156}","EventSourceName":"Software Protection Platform Service"},"EventID_attributes":{"Qualifiers":16384},"EventID":1066,"Version":0,"Level":4,"Task":0,"Opcode":0,"Keywords":"0x80000000000000","TimeCreated_attributes":{"SystemTime":"2016-08-30T14:36:31.000000Z"},"EventRecordID":1717,"Correlation":null,"Execution_attributes":{"ProcessID":0,"ThreadID":0},"Channel":"Application","Computer":"IE10Win7","Security":null},"EventData":{"Data":{"#text":"C:\\Windows\\system32\\sppwinob.dll, msft:spp/windowsfunctionality/agent/7.0, 0x00000000, 0x00000000\nC:\\Windows\\system32\\sppobjs.dll, msft:rm/algorithm/phone/1.0, 0x00000000, 0x00000000\nC:\\Windows\\system32\\sppobjs.dll, msft:rm/algorithm/pkey/2005, 0x00000000, 0x00000000\nC:\\Windows\\system32\\sppobjs.dll, msft:spp/TaskScheduler/1.0, 0x00000000, 0x00000000\nC:\\Windows\\system32\\sppobjs.dll, msft:spp/volume/services/kms/1.0, 0x00000000, 0x00000000\nC:\\Windows\\system32\\sppobjs.dll, msft:spp/volume/services/kms/licenserenewal/1.0, 0x00000000, 0x00000000\n"},"Binary":null}}}
{"Event_attributes":{"xmlns":"http://schemas.microsoft.com/win/2004/08/events/event"},"Event":{"System":{"Provider_attributes":{"Name":"Microsoft-Windows-Security-SPP","Guid":"{E23B33B0-C8C9-472C-A5F9-F2BDFEA0F156}","EventSourceName":"Software Protection Platform Service"},"EventID_attributes":{"Qualifiers":16384},"EventID":1003,"Version":0,"Level":4,"Task":0,"Opcode":0,"Keywords":"0x80000000000000","TimeCreated_attributes":{"SystemTime":"2016-08-30T14:36:31.000000Z"},"EventRecordID":1718,"Correlation":null,"Execution_attributes":{"ProcessID":0,"ThreadID":0},"Channel":"Application","Computer":"IE10Win7","Security":null},"EventData":{"Data":{"#text":["55c92734-d682-4d71-983e-d6ec3f16059f","\n1: 358fb95b-0090-44fb-883a-75734e060c30, 1, 0 [(0 [0xC004F014, 0, 0], [(?)(?)(?)(?)(?)(?)])(1 )(2 )]\n2: 4f00134f-b514-4626-a74b-a8ec7c8dfe92, 1, 0 [(0 [0xC004F014, 0, 0], [(?)(?)(?)(?)(?)(?)])(1 )(2 )]\n3: 8dffd6e4-0497-4c35-b7d7-e47cf464cf30, 1, 1 [(0 [0x00000000, 1, 0], [(?)(?)( 1 0x00000000 3 0 msft:rm/algorithm/hwid/4.0 0x00000000 0)(?)( 8 0x00000000 90 121380)(?)])(1 )(2 )]\n4: 92f9d22a-65f5-49a7-90fe-06491b4fc379, 1, 0 [(0 [0xC004F014, 0, 0], [(?)(?)(?)(?)(?)(?)])(1 )(2 )]\n5: 9abf5984-9c16-46f2-ad1e-7fe15931a8dd, 1, 0 [(0 [0xC004F014, 0, 0], [(?)(?)(?)(?)(?)(?)])(1 )(2 )]\n6: ae2ee509-1b34-41c0-acb7-6d4650168915, 1, 0 [(0 [0xC004F014, 0, 0], [(?)(?)(?)(?)(?)(?)])(1 )(2 )]\n7: b793ff2d-9d80-407c-b521-85111c51028c, 1, 0 [(0 [0xC004F014, 0, 0], [(?)(?)(?)(?)(?)(?)])(1 )(2 )]\n8: cff07cac-7534-4cc3-b3f3-99e1a0aa3c20, 1, 0 [(0 [0xC004F014, 0, 0], [(?)(?)(?)(?)(?)(?)])(1 )(2 )]\n9: d188820a-cb63-4bad-a9a2-40b843ee23b7, 1, 0 [(0 [0xC004F014, 0, 0], [(?)(?)(?)(?)(?)(?)])(1 )(2 )]\n10: 4a8149bb-7d61-49f4-8822-82c7bf88d64b, 1, 0 [(0 [0xC004F014, 0, 0], [(?)(?)(?)(?)(?)(?)])(1 )(2 )]\n11: afd5f68f-b70f-4000-a21d-28dbc8be8b07, 1, 0 [(0 [0xC004F014, 0, 0], [(?)(?)(?)(?)(?)(?)])(1 )(2 )]\n\n"]},"Binary":null}}}
{"Event_attributes":{"xmlns":"http://schemas.microsoft.com/win/2004/08/events/event"},"Event":{"System":{"Provider_attributes":{"Name":"Microsoft-Windows-Security-SPP","Guid":"{E23B33B0-C8C9-472C-A5F9-F2BDFEA0F156}","EventSourceName":"Software Protection Platform Service"},"EventID_attributes":{"Qualifiers":32768},"EventID":1037,"Version":0,"Level":4,"Task":0,"Opcode":0,"Keywords":"0x80000000000000","TimeCreated_attributes":{"SystemTime":"2016-08-30T14:36:31.000000Z"},"EventRecordID":1719,"Correlation":null,"Execution_attributes":{"ProcessID":0,"ThreadID":0},"Channel":"Application","Computer":"IE10Win7","Security":null},"EventData":{"Data":{"#text":["validity","121380"]},"Binary":null}}}
{"Event_attributes":{"xmlns":"http://schemas.microsoft.com/win/2004/08/events/event"},"Event":{"System":{"Provider_attributes":{"Name":"Microsoft-Windows-Security-SPP","Guid":"{E23B33B0-C8C9-472C-A5F9-F2BDFEA0F156}","EventSourceName":"Software Protection Platform Service"},"EventID_attributes":{"Qualifiers":16384},"EventID":902,"Version":0,"Level":0,"Task":0,"Opcode":0,"Keywords":"0x80000000000000","TimeCreated_attributes":{"SystemTime":"2016-08-30T14:36:31.000000Z"},"EventRecordID":1720,"Correlation":null,"Execution_attributes":{"ProcessID":0,"ThreadID":0},"Channel":"Application","Computer":"IE10Win7","Security":null},"EventData":{"Data":{"#text":"6.1.7601.17514"},"Binary":null}}}
{"Event_attributes":{"xmlns":"http://schemas.microsoft.com/win/2004/08/events/event"},"Event":{"System":{"Provider_attributes":{"Name":"Microsoft-Windows-Security-SPP","Guid":"{E23B33B0-C8C9-472C-A5F9-F2BDFEA0F156}","EventSourceName":"Software Protection Platform Service"},"EventID_attributes":{"Qualifiers":16384},"EventID":16384,"Version":0,"Level":4,"Task":0,"Opcode":0,"Keywords":"0x80000000000000","TimeCreated_attributes":{"SystemTime":"2016-08-30T14:41:31.000000Z"},"EventRecordID":1721,"Correlation":null,"Execution_attributes":{"ProcessID":0,"ThreadID":0},"Channel":"Application","Computer":"IE10Win7","Security":null},"EventData":{"Data":{"#text":["2016-08-31T14:35:31Z","TBL"]},"Binary":null}}}
{"Event_attributes":{"xmlns":"http://schemas.microsoft.com/win/2004/08/events/event"},"Event":{"System":{"Provider_attributes":{"Name":"Microsoft-Windows-Security-SPP","Guid":"{E23B33B0-C8C9-472C-A5F9-F2BDFEA0F156}","EventSourceName":"Software Protection Platform Service"},"EventID_attributes":{"Qualifiers":16384},"EventID":903,"Version":0,"Level":0,"Task":0,"Opcode":0,"Keywords":"0x80000000000000","TimeCreated_attributes":{"SystemTime":"2016-08-30T14:41:31.000000Z"},"EventRecordID":1722,"Correlation":null,"Execution_attributes":{"ProcessID":0,"ThreadID":0},"Channel":"Application","Computer":"IE10Win7","Security":null},"EventData":{"Data":{"#text":""},"Binary":null}}}
{"Event_attributes":{"xmlns":"http://schemas.microsoft.com/win/2004/08/events/event"},"Event":{"System":{"Provider_attributes":{"Name":"MsiInstaller"},"EventID_attributes":{"Qualifiers":0},"EventID":10005,"Level":2,"Task":0,"Keywords":"0x80000000000000","TimeCreated_attributes":{"SystemTime":"2016-08-30T15:21:35.000000Z"},"EventRecordID":1723,"Channel":"Application","Computer":"IE10Win7","Security_attributes":{"UserID":"S-1-5-21-3463664321-2923530833-3546627382-1000"}},"EventData":{"Data":{"#text":["Product: EMET 5.51 -- This setup requires the .NET Framework version v4.5 or later.  Please install the .NET Framework and run this setup again.","(NULL)","(NULL)","(NULL)","(NULL)","(NULL)",""]},"Binary":"7B41383630384530462D353642382D343635432D413736322D3836443638464634464337327D"}}}
{"Event_attributes":{"xmlns":"http://schemas.microsoft.com/win/2004/08/events/event"},"Event":{"System":{"Provider_attributes":{"Name":"MsiInstaller"},"EventID_attributes":{"Qualifiers":0},"EventID":11708,"Level":4,"Task":0,"Keywords":"0x80000000000000","TimeCreated_attributes":{"SystemTime":"2016-08-30T15:21:37.000000Z"},"EventRecordID":1724,"Channel":"Application","Computer":"IE10Win7","Security_attributes":{"UserID":"S-1-5-21-3463664321-2923530833-3546627382-1000"}},"EventData":{"Data":{"#text":["Product: EMET 5.51 -- Installation failed.","(NULL)","(NULL)","(NULL)","(NULL)","(NULL)",""]},"Binary":"7B41383630384530462D353642382D343635432D413736322D3836443638464634464337327D"}}}
{"Event_attributes":{"xmlns":"http://schemas.microsoft.com/win/2004/08/events/event"},"Event":{"System":{"Provider_attributes":{"Name":"MsiInstaller"},"EventID_attributes":{"Qualifiers":0},"EventID":1033,"Level":4,"Task":0,"Keywords":"0x80000000000000","TimeCreated_attributes":{"SystemTime":"2016-08-30T15:21:37.000000Z"},"EventRecordID":1725,"Channel":"Application","Computer":"IE10Win7","Security_attributes":{"UserID":"S-1-5-21-3463664321-2923530833-3546627382-1000"}},"EventData":{"Data":{"#text":["EMET 5.51","5.51","1033","1603","Microsoft Corporation","(NULL)",""]},"Binary":"7B41383630384530462D353642382D343635432D413736322D3836443638464634464337327D3030303065313034636234326138383837393837373364376662393066336263643466343030303030393034"}}}
{"Event_attributes":{"xmlns":"http://schemas.microsoft.com/win/2004/08/events/event"},"Event":{"System":{"Provider_attributes":{"Name":"Microsoft-Windows-CAPI2","Guid":"{5bbca4a8-b209-48dc-a8c7-b23d3e5216fb}","EventSourceName":"Microsoft-Windows-CAPI2"},"EventID_attributes":{"Qualifiers":0},"EventID":4097,"Version":0,"Level":4,"Task":0,"Opcode":0,"Keywords":"0x8080000000000000","TimeCreated_attributes":{"SystemTime":"2016-08-30T17:31:46.353515Z"},"EventRecordID":1726,"Correlation":null,"Execution_attributes":{"ProcessID":1124,"ThreadID":2468},"Channel":"Application","Computer":"IE10Win7","Security":null},"EventData":{"Data":{"#text":["CN=DigiCert Assured ID Root CA, OU=www.digicert.com, O=DigiCert Inc, C=US","0563B8630D62D75ABBC8AB1E4BDFB5A899B24D43"]},"Binary":null}}}
{"Event_attributes":{"xmlns":"http://schemas.microsoft.com/win/2004/08/events/event"},"Event":{"System":{"Provider_attributes":{"Name":"Microsoft-Windows-Security-SPP","Guid":"{E23B33B0-C8C9-472C-A5F9-F2BDFEA0F156}","EventSourceName":"Software Protection Platform Service"},"EventID_attributes":{"Qualifiers":16384},"EventID":900,"Version":0,"Level":4,"Task":0,"Opcode":0,"Keywords":"0x80000000000000","TimeCreated_attributes":{"SystemTime":"2016-09-01T15:54:07.000000Z"},"EventRecordID":1727,"Correlation":null,"Execution_attributes":{"ProcessID":0,"ThreadID":0},"Channel":"Application","Computer":"IE10Win7","Security":null},"EventData":{"Data":{"#text":""},"Binary":null}}}
{"Event_attributes":{"xmlns":"http://schemas.microsoft.com/win/2004/08/events/event"},"Event":{"System":{"Provider_attributes":{"Name":"Microsoft-Windows-Security-SPP","Guid":"{E23B33B0-C8C9-472C-A5F9-F2BDFEA0F156}","EventSourceName":"Software Protection Platform Service"},"EventID_attributes":{"Qualifiers":16384},"EventID":1066,"Version":0,"Level":4,"Task":0,"Opcode":0,"Keywords":"0x80000000000000","TimeCreated_attributes":{"SystemTime":"2016-09-01T15:54:10.000000Z"},"EventRecordID":1728,"Correlation":null,"Execution_attributes":{"ProcessID":0,"ThreadID":0},"Channel":"Application","Computer":"IE10Win7","Security":null},"EventData":{"Data":{"#text":"C:\\Windows\\system32\\sppwinob.dll, msft:spp/windowsfunctionality/agent/7.0, 0x00000000, 0x00000000\nC:\\Windows\\system32\\sppobjs.dll, msft:rm/algorithm/phone/1.0, 0x00000000, 0x00000000\nC:\\Windows\\system32\\sppobjs.dll, msft:rm/algorithm/pkey/2005, 0x00000000, 0x00000000\nC:\\Windows\\system32\\sppobjs.dll, msft:spp/TaskScheduler/1.0, 0x00000000, 0x00000000\nC:\\Windows\\system32\\sppobjs.dll, msft:spp/volume/services/kms/1.0, 0x00000000, 0x00000000\nC:\\Windows\\system32\\sppobjs.dll, msft:spp/volume/services/kms/licenserenewal/1.0, 0x00000000, 0x00000000\n"},"Binary":null}}}
{"Event_attributes":{"xmlns":"http://schemas.microsoft.com/win/2004/08/events/event"},"Event":{"System":{"Provider_attributes":{"Name":"Microsoft-Windows-Security-SPP","Guid":"{E23B33B0-C8C9-472C-A5F9-F2BDFEA0F156}","EventSourceName":"Software Protection Platform Service"},"EventID_attributes":{"Qualifiers":16384},"EventID":1003,"Version":0,"Level":4,"Task":0,"Opcode":0,"Keywords":"0x80000000000000","TimeCreated_attributes":{"SystemTime":"2016-09-01T15:54:10.000000Z"},"EventRecordID":1729,"Correlation":null,"Execution_attributes":{"ProcessID":0,"ThreadID":0},"Channel":"Application","Computer":"IE10Win7","Security":null},"EventData":{"Data":{"#text":["55c92734-d682-4d71-983e-d6ec3f16059f","\n1: 358fb95b-0090-44fb-883a-75734e060c30, 1, 0 [(0 [0xC004F014, 0, 0], [(?)(?)(?)(?)(?)(?)])(1 )(2 )]\n2: 4f00134f-b514-4626-a74b-a8ec7c8dfe92, 1, 0 [(0 [0xC004F014, 0, 0], [(?)(?)(?)(?)(?)(?)])(1 )(2 )]\n3: 8dffd6e4-0497-4c35-b7d7-e47cf464cf30, 1, 1 [(0 [0x00000000, 1, 0], [(?)(?)( 1 0x00000000 3 0 msft:rm/algorithm/hwid/4.0 0x00000000 0)(?)( 8 0x00000000 90 118440)(?)])(1 )(2 )]\n4: 92f9d22a-65f5-49a7-90fe-06491b4fc379, 1, 0 [(0 [0xC004F014, 0, 0], [(?)(?)(?)(?)(?)(?)])(1 )(2 )]\n5: 9abf5984-9c16-46f2-ad1e-7fe15931a8dd, 1, 0 [(0 [0xC004F014, 0, 0], [(?)(?)(?)(?)(?)(?)])(1 )(2 )]\n6: ae2ee509-1b34-41c0-acb7-6d4650168915, 1, 0 [(0 [0xC004F014, 0, 0], [(?)(?)(?)(?)(?)(?)])(1 )(2 )]\n7: b793ff2d-9d80-407c-b521-85111c51028c, 1, 0 [(0 [0xC004F014, 0, 0], [(?)(?)(?)(?)(?)(?)])(1 )(2 )]\n8: cff07cac-7534-4cc3-b3f3-99e1a0aa3c20, 1, 0 [(0 [0xC004F014, 0, 0], [(?)(?)(?)(?)(?)(?)])(1 )(2 )]\n9: d188820a-cb63-4bad-a9a2-40b843ee23b7, 1, 0 [(0 [0xC004F014, 0, 0], [(?)(?)(?)(?)(?)(?)])(1 )(2 )]\n10: 4a8149bb-7d61-49f4-8822-82c7bf88d64b, 1, 0 [(0 [0xC004F014, 0, 0], [(?)(?)(?)(?)(?)(?)])(1 )(2 )]\n11: afd5f68f-b70f-4000-a21d-28dbc8be8b07, 1, 0 [(0 [0xC004F014, 0, 0], [(?)(?)(?)(?)(?)(?)])(1 )(2 )]\n\n"]},"Binary":null}}}
{"Event_attributes":{"xmlns":"http://schemas.microsoft.com/win/2004/08/events/event"},"Event":{"System":{"Provider_attributes":{"Name":"Microsoft-Windows-Security-SPP","Guid":"{E23B33B0-C8C9-472C-A5F9-F2BDFEA0F156}","EventSourceName":"Software Protection Platform Service"},"EventID_attributes":{"Qualifiers":32768},"EventID":1037,"Version":0,"Level":4,"Task":0,"Opcode":0,"Keywords":"0x80000000000000","TimeCreated_attributes":{"SystemTime":"2016-09-01T15:54:10.000000Z"},"EventRecordID":1730,"Correlation":null,"Execution_attributes":{"ProcessID":0,"ThreadID":0},"Channel":"Application","Computer":"IE10Win7","Security":null},"EventData":{"Data":{"#text":["validity","118440"]},"Binary":null}}}
{"Event_attributes":{"xmlns":"http://schemas.microsoft.com/win/2004/08/events/event"},"Event":{"System":{"Provider_attributes":{"Name":"Microsoft-Windows-Security-SPP","Guid":"{E23B33B0-C8C9-472C-A5F9-F2BDFEA0F156}","EventSourceName":"Software Protection Platform Service"},"EventID_attributes":{"Qualifiers":16384},"EventID":902,"Version":0,"Level":0,"Task":0,"Opcode":0,"Keywords":"0x80000000000000","TimeCreated_attributes":{"SystemTime":"2016-09-01T15:54:10.000000Z"},"EventRecordID":1731,"Correlation":null,"Execution_attributes":{"ProcessID":0,"ThreadID":0},"Channel":"Application","Computer":"IE10Win7","Security":null},"EventData":{"Data":{"#text":"6.1.7601.17514"},"Binary":null}}}
{"Event_attributes":{"xmlns":"http://schemas.microsoft.com/win/2004/08/events/event"},"Event":{"System":{"Provider_attributes":{"Name":"Windows Error Reporting"},"EventID_attributes":{"Qualifiers":0},"EventID":1001,"Level":4,"Task":0,"Keywords":"0x80000000000000","TimeCreated_attributes":{"SystemTime":"2016-09-01T15:55:12.000000Z"},"EventRecordID":1732,"Channel":"Application","Computer":"IE10Win7","Security":null},"EventData":{"Data":{"#text":["","0","WindowsUpdateFailure3","Not available","0","7.6.7601.19161","8024001f","00000000-0000-0000-0000-000000000000","Scan","0","0","0","AutomaticUpdates","{9482F4B4-E343-43B6-B170-9A65BC822C77}","0","","","","0","76f9505c-705c-11e6-bdab-000c290d8d3a","0"]},"Binary":null}}}
{"Event_attributes":{"xmlns":"http://schemas.microsoft.com/win/2004/08/events/event"},"Event":{"System":{"Provider_attributes":{"Name":"Windows Error Reporting"},"EventID_attributes":{"Qualifiers":0},"EventID":1001,"Level":4,"Task":0,"Keywords":"0x80000000000000","TimeCreated_attributes":{"SystemTime":"2016-09-01T15:55:12.000000Z"},"EventRecordID":1733,"Channel":"Application","Computer":"IE10Win7","Security":null},"EventData":{"Data":{"#text":["","0","WindowsUpdateFailure3","Not available","0","7.6.7601.19161","8024001f","00000000-0000-0000-0000-000000000000","Scan","0","0","0","AutomaticUpdates","{9482F4B4-E343-43B6-B170-9A65BC822C77}","0","","C:\\ProgramData\\Microsoft\\Windows\\WER\\ReportQueue\\NonCritical_7.6.7601.19161_1661362159387b55d93a96279a19230d6ebbe66_cab_11d494d5","","0","76f9505c-705c-11e6-bdab-000c290d8d3a","4"]},"Binary":null}}}
{"Event_attributes":{"xmlns":"http://schemas.microsoft.com/win/2004/08/events/event"},"Event":{"System":{"Provider_attributes":{"Name":"Windows Error Reporting"},"EventID_attributes":{"Qualifiers":0},"EventID":1001,"Level":4,"Task":0,"Keywords":"0x80000000000000","TimeCreated_attributes":{"SystemTime":"2016-09-01T15:55:57.000000Z"},"EventRecordID":1734,"Channel":"Application","Computer":"IE10Win7","Security":null},"EventData":{"Data":{"#text":["1176688730","29","WindowsUpdateFailure3","Not available","0","7.6.7601.19161","8024001f","00000000-0000-0000-0000-000000000000","Scan","0","0","0","AutomaticUpdates","{9482F4B4-E343-43B6-B170-9A65BC822C77}","0","","C:\\ProgramData\\Microsoft\\Windows\\WER\\ReportArchive\\NonCritical_7.6.7601.19161_1661362159387b55d93a96279a19230d6ebbe66_13e1426b","","0","76f9505c-705c-11e6-bdab-000c290d8d3a","0"]},"Binary":null}}}
{"Event_attributes":{"xmlns":"http://schemas.microsoft.com/win/2004/08/events/event"},"Event":{"System":{"Provider_attributes":{"Name":"Microsoft-Windows-Security-SPP","Guid":"{E23B33B0-C8C9-472C-A5F9-F2BDFEA0F156}","EventSourceName":"Software Protection Platform Service"},"EventID_attributes":{"Qualifiers":16384},"EventID":16384,"Version":0,"Level":4,"Task":0,"Opcode":0,"Keywords":"0x80000000000000","TimeCreated_attributes":{"SystemTime":"2016-09-01T15:59:11.000000Z"},"EventRecordID":1735,"Correlation":null,"Execution_attributes":{"ProcessID":0,"ThreadID":0},"Channel":"Application","Computer":"IE10Win7","Security":null},"EventData":{"Data":{"#text":["2016-09-02T15:53:11Z","TBL"]},"Binary":null}}}
{"Event_attributes":{"xmlns":"http://schemas.microsoft.com/win/2004/08/events/event"},"Event":{"System":{"Provider_attributes":{"Name":"Microsoft-Windows-Security-SPP","Guid":"{E23B33B0-C8C9-472C-A5F9-F2BDFEA0F156}","EventSourceName":"Software Protection Platform Service"},"EventID_attributes":{"Qualifiers":16384},"EventID":903,"Version":0,"Level":0,"Task":0,"Opcode":0,"Keywords":"0x80000000000000","TimeCreated_attributes":{"SystemTime":"2016-09-01T15:59:11.000000Z"},"EventRecordID":1736,"Correlation":null,"Execution_attributes":{"ProcessID":0,"ThreadID":0},"Channel":"Application","Computer":"IE10Win7","Security":null},"EventData":{"Data":{"#text":""},"Binary":null}}}
{"Event_attributes":{"xmlns":"http://schemas.microsoft.com/win/2004/08/events/event"},"Event":{"System":{"Provider_attributes":{"Name":"MsiInstaller"},"EventID_attributes":{"Qualifiers":0},"EventID":10005,"Level":2,"Task":0,"Keywords":"0x80000000000000","TimeCreated_attributes":{"SystemTime":"2016-09-01T20:46:31.000000Z"},"EventRecordID":1737,"Channel":"Application","Computer":"IE10Win7","Security_attributes":{"UserID":"S-1-5-21-3463664321-2923530833-3546627382-1000"}},"EventData":{"Data":{"#text":["Product: EMET 5.51 -- This setup requires the .NET Framework version v4.5 or later.  Please install the .NET Framework and run this setup again.","(NULL)","(NULL)","(NULL)","(NULL)","(NULL)",""]},"Binary":"7B41383630384530462D353642382D343635432D413736322D3836443638464634464337327D"}}}
{"Event_attributes":{"xmlns":"http://schemas.microsoft.com/win/2004/08/events/event"},"Event":{"System":{"Provider_attributes":{"Name":"MsiInstaller"},"EventID_attributes":{"Qualifiers":0},"EventID":11708,"Level":4,"Task":0,"Keywords":"0x80000000000000","TimeCreated_attributes":{"SystemTime":"2016-09-01T20:46:35.000000Z"},"EventRecordID":1738,"Channel":"Application","Computer":"IE10Win7","Security_attributes":{"UserID":"S-1-5-21-3463664321-2923530833-3546627382-1000"}},"EventData":{"Data":{"#text":["Product: EMET 5.51 -- Installation failed.","(NULL)","(NULL)","(NULL)","(NULL)","(NULL)",""]},"Binary":"7B41383630384530462D353642382D343635432D413736322D3836443638464634464337327D"}}}
{"Event_attributes":{"xmlns":"http://schemas.microsoft.com/win/2004/08/events/event"},"Event":{"System":{"Provider_attributes":{"Name":"MsiInstaller"},"EventID_attributes":{"Qualifiers":0},"EventID":1033,"Level":4,"Task":0,"Keywords":"0x80000000000000","TimeCreated_attributes":{"SystemTime":"2016-09-01T20:46:35.000000Z"},"EventRecordID":1739,"Channel":"Application","Computer":"IE10Win7","Security_attributes":{"UserID":"S-1-5-21-3463664321-2923530833-3546627382-1000"}},"EventData":{"Data":{"#text":["EMET 5.51","5.51","1033","1603","Microsoft Corporation","(NULL)",""]},"Binary":"7B41383630384530462D353642382D343635432D413736322D3836443638464634464337327D3030303065313034636234326138383837393837373364376662393066336263643466343030303030393034"}}}
{"Event_attributes":{"xmlns":"http://schemas.microsoft.com/win/2004/08/events/event"},"Event":{"System":{"Provider_attributes":{"Name":"Microsoft-Windows-RestartManager","Guid":"0888E5EF-9B98-4695-979D-E92CE4247224"},"EventID":10000,"Version":0,"Level":4,"Task":0,"Opcode":0,"Keywords":"0x8000000000000000","TimeCreated_attributes":{"SystemTime":"2016-09-01T20:47:17.388968Z"},"EventRecordID":1740,"Correlation":null,"Execution_attributes":{"ProcessID":4156,"ThreadID":4544},"Channel":"Application","Computer":"IE10Win7","Security_attributes":{"UserID":"S-1-5-21-3463664321-2923530833-3546627382-1000"}},"UserData":{"RmSessionEvent_attributes":{"xmlns:auto-ns2":"http://schemas.microsoft.com/win/2004/08/events","xmlns":"http://www.microsoft.com/2005/08/Windows/Reliability/RestartManager/"},"RmSessionEvent":{"RmSessionId":1,"UTCStartTime":"2016-09-01T20:47:17.388968Z"}}}}
{"Event_attributes":{"xmlns":"http://schemas.microsoft.com/win/2004/08/events/event"},"Event":{"System":{"Provider_attributes":{"Name":"MsiInstaller"},"EventID_attributes":{"Qualifiers":0},"EventID":1040,"Level":4,"Task":0,"Keywords":"0x80000000000000","TimeCreated_attributes":{"SystemTime":"2016-09-01T20:48:01.000000Z"},"EventRecordID":1741,"Channel":"Application","Computer":"IE10Win7","Security_attributes":{"UserID":"S-1-5-21-3463664321-2923530833-3546627382-1000"}},"EventData":{"Data":{"#text":["C:\\c2d966e107a49f2f0d20ab\\netfx_Full_x86.msi","4156","(NULL)","(NULL)","(NULL)","(NULL)",""]},"Binary":null}}}
{"Event_attributes":{"xmlns":"http://schemas.microsoft.com/win/2004/08/events/event"},"Event":{"System":{"Provider_attributes":{"Name":"Microsoft-Windows-RestartManager","Guid":"0888E5EF-9B98-4695-979D-E92CE4247224"},"EventID":10000,"Version":0,"Level":4,"Task":0,"Opcode":0,"Keywords":"0x8000000000000000","TimeCreated_attributes":{"SystemTime":"2016-09-01T20:48:01.611625Z"},"EventRecordID":1742,"Correlation":null,"Execution_attributes":{"ProcessID":748,"ThreadID":1716},"Channel":"Application","Computer":"IE10Win7","Security_attributes":{"UserID":"S-1-5-21-3463664321-2923530833-3546627382-1000"}},"UserData":{"RmSessionEvent_attributes":{"xmlns:auto-ns2":"http://schemas.microsoft.com/win/2004/08/events","xmlns":"http://www.microsoft.com/2005/08/Windows/Reliability/RestartManager/"},"RmSessionEvent":{"RmSessionId":0,"UTCStartTime":"2016-09-01T20:48:01.611625Z"}}}}
{"Event_attributes":{"xmlns":"http://schemas.microsoft.com/win/2004/08/events/event"},"Event":{"System":{"Provider_attributes":{"Name":"Microsoft-Windows-RestartManager","Guid":"0888E5EF-9B98-4695-979D-E92CE4247224"},"EventID":10010,"Version":0,"Level":3,"Task":0,"Opcode":0,"Keywords":"0x8000000000000000","TimeCreated_attributes":{"SystemTime":"2016-09-01T20:48:03.032523Z"},"EventRecordID":1743,"Correlation":null,"Execution_attributes":{"ProcessID":748,"ThreadID":1716},"Channel":"Application","Computer":"IE10Win7","Security_attributes":{"UserID":"S-1-5-21-3463664321-2923530833-3546627382-1000"}},"UserData":{"RmUnsupportedRestartEvent_attributes":{"xmlns:auto-ns2":"http://schemas.microsoft.com/win/2004/08/events","xmlns":"http://www.microsoft.com/2005/08/Windows/Reliability/RestartManager/"},"RmUnsupportedRestartEvent":{"RmSessionId":0,"Pid":2332,"FullPath":"C:\\Windows\\System32\\WindowsPowerShell\\v1.0\\powershell_ise.exe","DisplayName":"Windows PowerShell ISE","AppVersion":0,"AppType":0,"TSSessionId":1,"Status":67108865,"Reason":1}}}}
{"Event_attributes":{"xmlns":"http://schemas.microsoft.com/win/2004/08/events/event"},"Event":{"System":{"Provider_attributes":{"Name":"Microsoft-Windows-RestartManager","Guid":"0888E5EF-9B98-4695-979D-E92CE4247224"},"EventID":10010,"Version":0,"Level":3,"Task":0,"Opcode":0,"Keywords":"0x8000000000000000","TimeCreated_attributes":{"SystemTime":"2016-09-01T20:48:03.033500Z"},"EventRecordID":1744,"Correlation":null,"Execution_attributes":{"ProcessID":748,"ThreadID":1716},"Channel":"Application","Computer":"IE10Win7","Security_attributes":{"UserID":"S-1-5-21-3463664321-2923530833-3546627382-1000"}},"UserData":{"RmUnsupportedRestartEvent_attributes":{"xmlns:auto-ns2":"http://schemas.microsoft.com/win/2004/08/events","xmlns":"http://www.microsoft.com/2005/08/Windows/Reliability/RestartManager/"},"RmUnsupportedRestartEvent":{"RmSessionId":0,"Pid":512,"FullPath":"C:\\Windows\\System32\\WindowsPowerShell\\v1.0\\powershell.exe","DisplayName":"Windows PowerShell","AppVersion":0,"AppType":5,"TSSessionId":1,"Status":67108865,"Reason":1}}}}
{"Event_attributes":{"xmlns":"http://schemas.microsoft.com/win/2004/08/events/event"},"Event":{"System":{"Provider_attributes":{"Name":"Microsoft-Windows-RestartManager","Guid":"0888E5EF-9B98-4695-979D-E92CE4247224"},"EventID":10010,"Version":0,"Level":3,"Task":0,"Opcode":0,"Keywords":"0x8000000000000000","TimeCreated_attributes":{"SystemTime":"2016-09-01T20:48:03.034476Z"},"EventRecordID":1745,"Correlation":null,"Execution_attributes":{"ProcessID":748,"ThreadID":1716},"Channel":"Application","Computer":"IE10Win7","Security_attributes":{"UserID":"S-1-5-21-3463664321-2923530833-3546627382-1000"}},"UserData":{"RmUnsupportedRestartEvent_attributes":{"xmlns:auto-ns2":"http://schemas.microsoft.com/win/2004/08/events","xmlns":"http://www.microsoft.com/2005/08/Windows/Reliability/RestartManager/"},"RmUnsupportedRestartEvent":{"RmSessionId":0,"Pid":4712,"FullPath":"C:\\Windows\\System32\\WindowsPowerShell\\v1.0\\powershell.exe","DisplayName":"Windows PowerShell","AppVersion":0,"AppType":5,"TSSessionId":1,"Status":67108865,"Reason":1}}}}
{"Event_attributes":{"xmlns":"http://schemas.microsoft.com/win/2004/08/events/event"},"Event":{"System":{"Provider_attributes":{"Name":"Microsoft-Windows-RestartManager","Guid":"0888E5EF-9B98-4695-979D-E92CE4247224"},"EventID":10010,"Version":0,"Level":3,"Task":0,"Opcode":0,"Keywords":"0x8000000000000000","TimeCreated_attributes":{"SystemTime":"2016-09-01T20:48:03.034476Z"},"EventRecordID":1746,"Correlation":null,"Execution_attributes":{"ProcessID":748,"ThreadID":1716},"Channel":"Application","Computer":"IE10Win7","Security_attributes":{"UserID":"S-1-5-21-3463664321-2923530833-3546627382-1000"}},"UserData":{"RmUnsupportedRestartEvent_attributes":{"xmlns:auto-ns2":"http://schemas.microsoft.com/win/2004/08/events","xmlns":"http://www.microsoft.com/2005/08/Windows/Reliability/RestartManager/"},"RmUnsupportedRestartEvent":{"RmSessionId":0,"Pid":2828,"FullPath":"C:\\Windows\\System32\\mmc.exe","DisplayName":"Microsoft Management Console","AppVersion":0,"AppType":0,"TSSessionId":1,"Status":67108865,"Reason":1}}}}
{"Event_attributes":{"xmlns":"http://schemas.microsoft.com/win/2004/08/events/event"},"Event":{"System":{"Provider_attributes":{"Name":"Microsoft-Windows-RestartManager","Guid":"0888E5EF-9B98-4695-979D-E92CE4247224"},"EventID":10010,"Version":0,"Level":3,"Task":0,"Opcode":0,"Keywords":"0x8000000000000000","TimeCreated_attributes":{"SystemTime":"2016-09-01T20:48:03.035453Z"},"EventRecordID":1747,"Correlation":null,"Execution_attributes":{"ProcessID":748,"ThreadID":1716},"Channel":"Application","Computer":"IE10Win7","Security_attributes":{"UserID":"S-1-5-21-3463664321-2923530833-3546627382-1000"}},"UserData":{"RmUnsupportedRestartEvent_attributes":{"xmlns:auto-ns2":"http://schemas.microsoft.com/win/2004/08/events","xmlns":"http://www.microsoft.com/2005/08/Windows/Reliability/RestartManager/"},"RmUnsupportedRestartEvent":{"RmSessionId":0,"Pid":3772,"FullPath":"C:\\Windows\\System32\\mmc.exe","DisplayName":"Microsoft Management Console","AppVersion":0,"AppType":0,"TSSessionId":1,"Status":67108865,"Reason":1}}}}
{"Event_attributes":{"xmlns":"http://schemas.microsoft.com/win/2004/08/events/event"},"Event":{"System":{"Provider_attributes":{"Name":"Microsoft-Windows-RestartManager","Guid":"0888E5EF-9B98-4695-979D-E92CE4247224"},"EventID":10005,"Version":0,"Level":4,"Task":0,"Opcode":0,"Keywords":"0x8000000000000000","TimeCreated_attributes":{"SystemTime":"2016-09-01T20:48:03.037406Z"},"EventRecordID":1748,"Correlation":null,"Execution_attributes":{"ProcessID":748,"ThreadID":1716},"Channel":"Application","Computer":"IE10Win7","Security_attributes":{"UserID":"S-1-5-21-3463664321-2923530833-3546627382-1000"}},"UserData":{"RmRestartEvent_attributes":{"xmlns:auto-ns2":"http://schemas.microsoft.com/win/2004/08/events","xmlns":"http://www.microsoft.com/2005/08/Windows/Reliability/RestartManager/"},"RmRestartEvent":{"RmSessionId":0,"nApplications":8,"Applications":{"Application":"Windows PowerShell ISE","Application_1":"Windows PowerShell","Application_2":"Windows PowerShell","Application_3":"Microsoft Management Console","Application_4":"Microsoft Management Console","Application_5":"Microsoft Windows Search Filter Host","Application_6":"Windows Presentation Foundation Font Cache 3.0.0.0","Application_7":"Windows Installer"},"RebootReasons":18}}}}
{"Event_attributes":{"xmlns":"http://schemas.microsoft.com/win/2004/08/events/event"},"Event":{"System":{"Provider_attributes":{"Name":"MsiInstaller"},"EventID_attributes":{"Qualifiers":0},"EventID":1025,"Level":4,"Task":0,"Keywords":"0x80000000000000","TimeCreated_attributes":{"SystemTime":"2016-09-01T20:48:12.000000Z"},"EventRecordID":1749,"Channel":"Application","Computer":"IE10Win7","Security_attributes":{"UserID":"S-1-5-21-3463664321-2923530833-3546627382-1000"}},"EventData":{"Data":{"#text":["Microsoft .NET Framework 4.5","C:\\Windows\\Microsoft.NET\\Framework\\v4.0.30319\\mscoreei.dll","powershell_ise","2332","(NULL)","(NULL)",""]},"Binary":"7B39463631323432392D344130302D334434342D383843462D3134364441324545314639327D"}}}
{"Event_attributes":{"xmlns":"http://schemas.microsoft.com/win/2004/08/events/event"},"Event":{"System":{"Provider_attributes":{"Name":"MsiInstaller"},"EventID_attributes":{"Qualifiers":0},"EventID":1025,"Level":4,"Task":0,"Keywords":"0x80000000000000","TimeCreated_attributes":{"SystemTime":"2016-09-01T20:48:12.000000Z"},"EventRecordID":1750,"Channel":"Application","Computer":"IE10Win7","Security_attributes":{"UserID":"S-1-5-21-3463664321-2923530833-3546627382-1000"}},"EventData":{"Data":{"#text":["Microsoft .NET Framework 4.5","C:\\Windows\\Microsoft.NET\\Framework\\v4.0.30319\\mscoreei.dll","powershell","512","(NULL)","(NULL)",""]},"Binary":"7B39463631323432392D344130302D334434342D383843462D3134364441324545314639327D"}}}
{"Event_attributes":{"xmlns":"http://schemas.microsoft.com/win/2004/08/events/event"},"Event":{"System":{"Provider_attributes":{"Name":"MsiInstaller"},"EventID_attributes":{"Qualifiers":0},"EventID":1025,"Level":4,"Task":0,"Keywords":"0x80000000000000","TimeCreated_attributes":{"SystemTime":"2016-09-01T20:48:12.000000Z"},"EventRecordID":1751,"Channel":"Application","Computer":"IE10Win7","Security_attributes":{"UserID":"S-1-5-21-3463664321-2923530833-3546627382-1000"}},"EventData":{"Data":{"#text":["Microsoft .NET Framework 4.5","C:\\Windows\\Microsoft.NET\\Framework\\v4.0.30319\\mscoreei.dll","powershell","4712","(NULL)","(NULL)",""]},"Binary":"7B39463631323432392D344130302D334434342D383843462D3134364441324545314639327D"}}}
{"Event_attributes":{"xmlns":"http://schemas.microsoft.com/win/2004/08/events/event"},"Event":{"System":{"Provider_attributes":{"Name":"MsiInstaller"},"EventID_attributes":{"Qualifiers":0},"EventID":1025,"Level":4,"Task":0,"Keywords":"0x80000000000000","TimeCreated_attributes":{"SystemTime":"2016-09-01T20:48:12.000000Z"},"EventRecordID":1752,"Channel":"Application","Computer":"IE10Win7","Security_attributes":{"UserID":"S-1-5-21-3463664321-2923530833-3546627382-1000"}},"EventData":{"Data":{"#text":["Microsoft .NET Framework 4.5","C:\\Windows\\Microsoft.NET\\Framework\\v4.0.30319\\mscoreei.dll","mmc","2828","(NULL)","(NULL)",""]},"Binary":"7B39463631323432392D344130302D334434342D383843462D3134364441324545314639327D"}}}
{"Event_attributes":{"xmlns":"http://schemas.microsoft.com/win/2004/08/events/event"},"Event":{"System":{"Provider_attributes":{"Name":"MsiInstaller"},"EventID_attributes":{"Qualifiers":0},"EventID":1025,"Level":4,"Task":0,"Keywords":"0x80000000000000","TimeCreated_attributes":{"SystemTime":"2016-09-01T20:48:12.000000Z"},"EventRecordID":1753,"Channel":"Application","Computer":"IE10Win7","Security_attributes":{"UserID":"S-1-5-21-3463664321-2923530833-3546627382-1000"}},"EventData":{"Data":{"#text":["Microsoft .NET Framework 4.5","C:\\Windows\\Microsoft.NET\\Framework\\v4.0.30319\\mscoreei.dll","mmc","3772","(NULL)","(NULL)",""]},"Binary":"7B39463631323432392D344130302D334434342D383843462D3134364441324545314639327D"}}}
{"Event_attributes":{"xmlns":"http://schemas.microsoft.com/win/2004/08/events/event"},"Event":{"System":{"Provider_attributes":{"Name":"MsiInstaller"},"EventID_attributes":{"Qualifiers":0},"EventID":1025,"Level":4,"Task":0,"Keywords":"0x80000000000000","TimeCreated_attributes":{"SystemTime":"2016-09-01T20:48:12.000000Z"},"EventRecordID":1754,"Channel":"Application","Computer":"IE10Win7","Security_attributes":{"UserID":"S-1-5-21-3463664321-2923530833-3546627382-1000"}},"EventData":{"Data":{"#text":["Microsoft .NET Framework 4.5","C:\\Windows\\Microsoft.NET\\Framework\\v4.0.30319\\mscoreei.dll","SearchFilterHost","5828","(NULL)","(NULL)",""]},"Binary":"7B39463631323432392D344130302D334434342D383843462D3134364441324545314639327D"}}}
{"Event_attributes":{"xmlns":"http://schemas.microsoft.com/win/2004/08/events/event"},"Event":{"System":{"Provider_attributes":{"Name":"Microsoft-Windows-RestartManager","Guid":"0888E5EF-9B98-4695-979D-E92CE4247224"},"EventID":10000,"Version":0,"Level":4,"Task":0,"Opcode":0,"Keywords":"0x8000000000000000","TimeCreated_attributes":{"SystemTime":"2016-09-01T20:48:11.408500Z"},"EventRecordID":1755,"Correlation":null,"Execution_attributes":{"ProcessID":4156,"ThreadID":4544},"Channel":"Application","Computer":"IE10Win7","Security_attributes":{"UserID":"S-1-5-21-3463664321-2923530833-3546627382-1000"}},"UserData":{"RmSessionEvent_attributes":{"xmlns:auto-ns2":"http://schemas.microsoft.com/win/2004/08/events","xmlns":"http://www.microsoft.com/2005/08/Windows/Reliability/RestartManager/"},"RmSessionEvent":{"RmSessionId":1,"UTCStartTime":"2016-09-01T20:48:11.408500Z"}}}}
{"Event_attributes":{"xmlns":"http://schemas.microsoft.com/win/2004/08/events/event"},"Event":{"System":{"Provider_attributes":{"Name":"Microsoft-Windows-RestartManager","Guid":"0888E5EF-9B98-4695-979D-E92CE4247224"},"EventID":10010,"Version":0,"Level":3,"Task":0,"Opcode":0,"Keywords":"0x8000000000000000","TimeCreated_attributes":{"SystemTime":"2016-09-01T20:48:11.432914Z"},"EventRecordID":1756,"Correlation":null,"Execution_attributes":{"ProcessID":4156,"ThreadID":4544},"Channel":"Application","Computer":"IE10Win7","Security_attributes":{"UserID":"S-1-5-21-3463664321-2923530833-3546627382-1000"}},"UserData":{"RmUnsupportedRestartEvent_attributes":{"xmlns:auto-ns2":"http://schemas.microsoft.com/win/2004/08/events","xmlns":"http://www.microsoft.com/2005/08/Windows/Reliability/RestartManager/"},"RmUnsupportedRestartEvent":{"RmSessionId":1,"Pid":5828,"FullPath":"C:\\Windows\\System32\\SearchFilterHost.exe","DisplayName":"Microsoft Windows Search Filter Host","AppVersion":0,"AppType":5,"TSSessionId":0,"Status":67108865,"Reason":1}}}}
{"Event_attributes":{"xmlns":"http://schemas.microsoft.com/win/2004/08/events/event"},"Event":{"System":{"Provider_attributes":{"Name":"Microsoft-Windows-RestartManager","Guid":"0888E5EF-9B98-4695-979D-E92CE4247224"},"EventID":10005,"Version":0,"Level":4,"Task":0,"Opcode":0,"Keywords":"0x8000000000000000","TimeCreated_attributes":{"SystemTime":"2016-09-01T20:48:11.445609Z"},"EventRecordID":1757,"Correlation":null,"Execution_attributes":{"ProcessID":4156,"ThreadID":4544},"Channel":"Application","Computer":"IE10Win7","Security_attributes":{"UserID":"S-1-5-21-3463664321-2923530833-3546627382-1000"}},"UserData":{"RmRestartEvent_attributes":{"xmlns:auto-ns2":"http://schemas.microsoft.com/win/2004/08/events","xmlns":"http://www.microsoft.com/2005/08/Windows/Reliability/RestartManager/"},"RmRestartEvent":{"RmSessionId":1,"nApplications":7,"Applications":{"Application":"Windows PowerShell ISE","Application_1":"Windows PowerShell","Application_2":"Windows PowerShell","Application_3":"Microsoft Management Console","Application_4":"Microsoft Management Console","Application_5":"Microsoft Windows Search Filter Host","Application_6":"Windows Presentation Foundation Font Cache 3.0.0.0"},"RebootReasons":2}}}}
{"Event_attributes":{"xmlns":"http://schemas.microsoft.com/win/2004/08/events/event"},"Event":{"System":{"Provider_attributes":{"Name":"Microsoft-Windows-RestartManager","Guid":"0888E5EF-9B98-4695-979D-E92CE4247224"},"EventID":10001,"Version":0,"Level":4,"Task":0,"Opcode":0,"Keywords":"0x8000000000000000","TimeCreated_attributes":{"SystemTime":"2016-09-01T20:48:11.449515Z"},"EventRecordID":1758,"Correlation":null,"Execution_attributes":{"ProcessID":4156,"ThreadID":4544},"Channel":"Application","Computer":"IE10Win7","Security_attributes":{"UserID":"S-1-5-21-3463664321-2923530833-3546627382-1000"}},"UserData":{"RmSessionEvent_attributes":{"xmlns:auto-ns2":"http://schemas.microsoft.com/win/2004/08/events","xmlns":"http://www.microsoft.com/2005/08/Windows/Reliability/RestartManager/"},"RmSessionEvent":{"RmSessionId":1,"UTCStartTime":"2016-09-01T20:48:11.408500Z"}}}}
{"Event_attributes":{"xmlns":"http://schemas.microsoft.com/win/2004/08/events/event"},"Event":{"System":{"Provider_attributes":{"Name":"Microsoft-Windows-MSDTC","Guid":"{719BE4ED-E9BC-4DD8-A7CF-C85CE8E4975D}","EventSourceName":"MSDTC"},"EventID_attributes":{"Qualifiers":16384},"EventID":4111,"Version":0,"Level":4,"Task":1,"Opcode":0,"Keywords":"0x80000000000000","TimeCreated_attributes":{"SystemTime":"2016-09-01T20:48:18.000000Z"},"EventRecordID":1759,"Correlation":null,"Execution_attributes":{"ProcessID":0,"ThreadID":0},"Channel":"Application","Computer":"IE10Win7","Security":null},"EventData":{"Binary":"4D005300440054004300"}}}
{"Event_attributes":{"xmlns":"http://schemas.microsoft.com/win/2004/08/events/event"},"Event":{"System":{"Provider_attributes":{"Name":"Microsoft-Windows-MSDTC 2","Guid":"{5D9E0020-3761-4f36-90C8-38CE6511BD12}","EventSourceName":"MSDTC 2"},"EventID_attributes":{"Qualifiers":16384},"EventID":4202,"Version":0,"Level":4,"Task":2,"Opcode":0,"Keywords":"0x80000000000000","TimeCreated_attributes":{"SystemTime":"2016-09-01T20:48:20.000000Z"},"EventRecordID":1760,"Correlation":null,"Execution_attributes":{"ProcessID":0,"ThreadID":0},"Channel":"Application","Computer":"IE10Win7","Security":null},"EventData":{"param1":"0","param2":"0","param3":"0","param4":"0","param5":"0","param6":"0","param7":"1","param8":"Mutual Authentication Required","param9":"NT AUTHORITY\\NetworkService","param10":"0","param11":"0","param12":"1"}}}
{"Event_attributes":{"xmlns":"http://schemas.microsoft.com/win/2004/08/events/event"},"Event":{"System":{"Provider_attributes":{"Name":"ASP.NET 4.0.30319.0"},"EventID_attributes":{"Qualifiers":16384},"EventID":1017,"Level":4,"Task":1,"Keywords":"0x80000000000000","TimeCreated_attributes":{"SystemTime":"2016-09-01T20:48:21.000000Z"},"EventRecordID":1761,"Channel":"Application","Computer":"IE10Win7","Security":null},"EventData":{"Data":{"#text":["4.0.30319.0","0x00000404"]},"Binary":null}}}
{"Event_attributes":{"xmlns":"http://schemas.microsoft.com/win/2004/08/events/event"},"Event":{"System":{"Provider_attributes":{"Name":"Microsoft-Windows-LoadPerf","Guid":"122EE297-BB47-41AE-B265-1CA8D1886D40"},"EventID":1000,"Version":0,"Level":4,"Task":0,"Opcode":0,"Keywords":"0x8000000000000000","TimeCreated_attributes":{"SystemTime":"2016-09-01T20:48:20.686820Z"},"EventRecordID":1762,"Correlation":null,"Execution_attributes":{"ProcessID":3092,"ThreadID":3380},"Channel":"Application","Computer":"IE10Win7","Security_attributes":{"UserID":"S-1-5-21-3463664321-2923530833-3546627382-1000"}},"UserData":{"EventXML_attributes":{"xmlns:auto-ns2":"http://schemas.microsoft.com/win/2004/08/events","xmlns":"LoadPerf"},"EventXML":{"param1":".NET Memory Cache 4.0","param2":".NET Memory Cache 4.0","binaryDataSize":16,"binaryData":"6A1D0000781D00006B1D0000791D0000"}}}}
{"Event_attributes":{"xmlns":"http://schemas.microsoft.com/win/2004/08/events/event"},"Event":{"System":{"Provider_attributes":{"Name":"Microsoft-Windows-LoadPerf","Guid":"122EE297-BB47-41AE-B265-1CA8D1886D40"},"EventID":1000,"Version":0,"Level":4,"Task":0,"Opcode":0,"Keywords":"0x8000000000000000","TimeCreated_attributes":{"SystemTime":"2016-09-01T20:48:22.782523Z"},"EventRecordID":1763,"Correlation":null,"Execution_attributes":{"ProcessID":5300,"ThreadID":2852},"Channel":"Application","Computer":"IE10Win7","Security_attributes":{"UserID":"S-1-5-21-3463664321-2923530833-3546627382-1000"}},"UserData":{"EventXML_attributes":{"xmlns:auto-ns2":"http://schemas.microsoft.com/win/2004/08/events","xmlns":"LoadPerf"},"EventXML":{"param1":"aspnet_state","param2":"ASP.NET State Service","binaryDataSize":16,"binaryData":"7A1D0000621E00007B1D0000631E0000"}}}}
{"Event_attributes":{"xmlns":"http://schemas.microsoft.com/win/2004/08/events/event"},"Event":{"System":{"Provider_attributes":{"Name":"Microsoft-Windows-LoadPerf","Guid":"122EE297-BB47-41AE-B265-1CA8D1886D40"},"EventID":1000,"Version":0,"Level":4,"Task":0,"Opcode":0,"Keywords":"0x8000000000000000","TimeCreated_attributes":{"SystemTime":"2016-09-01T20:48:23.876273Z"},"EventRecordID":1764,"Correlation":null,"Execution_attributes":{"ProcessID":5300,"ThreadID":2852},"Channel":"Application","Computer":"IE10Win7","Security_attributes":{"UserID":"S-1-5-21-3463664321-2923530833-3546627382-1000"}},"UserData":{"EventXML_attributes":{"xmlns:auto-ns2":"http://schemas.microsoft.com/win/2004/08/events","xmlns":"LoadPerf"},"EventXML":{"param1":"ASP.NET_4.0.30319","param2":"ASP.NET_4.0.30319","binaryDataSize":16,"binaryData":"641E0000441F0000651E0000451F0000"}}}}
{"Event_attributes":{"xmlns":"http://schemas.microsoft.com/win/2004/08/events/event"},"Event":{"System":{"Provider_attributes":{"Name":"ASP.NET 4.0.30319.0"},"EventID_attributes":{"Qualifiers":32768},"EventID":1020,"Level":3,"Task":1,"Keywords":"0x80000000000000","TimeCreated_attributes":{"SystemTime":"2016-09-01T20:48:25.000000Z"},"EventRecordID":1765,"Channel":"Application","Computer":"IE10Win7","Security":null},"EventData":{"Data":{"#text":""},"Binary":null}}}
{"Event_attributes":{"xmlns":"http://schemas.microsoft.com/win/2004/08/events/event"},"Event":{"System":{"Provider_attributes":{"Name":"ASP.NET 4.0.30319.0"},"EventID_attributes":{"Qualifiers":16384},"EventID":1019,"Level":4,"Task":1,"Keywords":"0x80000000000000","TimeCreated_attributes":{"SystemTime":"2016-09-01T20:48:25.000000Z"},"EventRecordID":1766,"Channel":"Application","Computer":"IE10Win7","Security":null},"EventData":{"Data":{"#text":["4.0.30319.0","C:\\Users\\IEUser\\AppData\\Local\\Temp\\ASPNETSetup_00000.log"]},"Binary":null}}}
{"Event_attributes":{"xmlns":"http://schemas.microsoft.com/win/2004/08/events/event"},"Event":{"System":{"Provider_attributes":{"Name":"Microsoft-Windows-LoadPerf","Guid":"122EE297-BB47-41AE-B265-1CA8D1886D40"},"EventID":1000,"Version":0,"Level":4,"Task":0,"Opcode":0,"Keywords":"0x8000000000000000","TimeCreated_attributes":{"SystemTime":"2016-09-01T20:48:25.013968Z"},"EventRecordID":1767,"Correlation":null,"Execution_attributes":{"ProcessID":5300,"ThreadID":2852},"Channel":"Application","Computer":"IE10Win7","Security_attributes":{"UserID":"S-1-5-21-3463664321-2923530833-3546627382-1000"}},"UserData":{"EventXML_attributes":{"xmlns:auto-ns2":"http://schemas.microsoft.com/win/2004/08/events","xmlns":"LoadPerf"},"EventXML":{"param1":"ASP.NET","param2":"ASP.NET","binaryDataSize":16,"binaryData":"461F000026200000471F000027200000"}}}}
{"Event_attributes":{"xmlns":"http://schemas.microsoft.com/win/2004/08/events/event"},"Event":{"System":{"Provider_attributes":{"Name":"Microsoft-Windows-RestartManager","Guid":"0888E5EF-9B98-4695-979D-E92CE4247224"},"EventID":10000,"Version":0,"Level":4,"Task":0,"Opcode":0,"Keywords":"0x8000000000000000","TimeCreated_attributes":{"SystemTime":"2016-09-01T20:48:29.898734Z"},"EventRecordID":1768,"Correlation":null,"Execution_attributes":{"ProcessID":748,"ThreadID":5900},"Channel":"Application","Computer":"IE10Win7","Security_attributes":{"UserID":"S-1-5-21-3463664321-2923530833-3546627382-1000"}},"UserData":{"RmSessionEvent_attributes":{"xmlns:auto-ns2":"http://schemas.microsoft.com/win/2004/08/events","xmlns":"http://www.microsoft.com/2005/08/Windows/Reliability/RestartManager/"},"RmSessionEvent":{"RmSessionId":0,"UTCStartTime":"2016-09-01T20:48:29.898734Z"}}}}
{"Event_attributes":{"xmlns":"http://schemas.microsoft.com/win/2004/08/events/event"},"Event":{"System":{"Provider_attributes":{"Name":"Microsoft-Windows-LoadPerf","Guid":"122EE297-BB47-41AE-B265-1CA8D1886D40"},"EventID":1001,"Version":0,"Level":4,"Task":0,"Opcode":0,"Keywords":"0x8000000000000000","TimeCreated_attributes":{"SystemTime":"2016-09-01T20:48:34.046195Z"},"EventRecordID":1769,"Correlation":null,"Execution_attributes":{"ProcessID":3416,"ThreadID":4408},"Channel":"Application","Computer":"IE10Win7","Security_attributes":{"UserID":"S-1-5-21-3463664321-2923530833-3546627382-1000"}},"UserData":{"EventXML_attributes":{"xmlns:auto-ns2":"http://schemas.microsoft.com/win/2004/08/events","xmlns":"LoadPerf"},"EventXML":{"param1":"{890c10c3-8c2a-4fe3-a36a-9eca153d47cb}","param2":"ServiceModel 4.0.0.0","binaryDataSize":0,"binaryData":null}}}}
