{"Event_attributes":{"xmlns":"http://schemas.microsoft.com/win/2004/08/events/event"},"Event":{"System":{"Provider_attributes":{"Name":"Microsoft-Windows-UserPnp","Guid":"96F4A050-7E31-453C-88BE-9634F4E02139"},"EventID":20001,"Version":0,"Level":4,"Task":7005,"Opcode":0,"Keywords":"0x8000000000000000","TimeCreated_attributes":{"SystemTime":"2013-10-23T16:17:21.546875Z"},"EventRecordID":178,"Correlation":null,"Execution_attributes":{"ProcessID":1712,"ThreadID":1724},"Channel":"System","Computer":"37L4247D28-05","Security_attributes":{"UserID":"S-1-5-18"}},"UserData":{"InstallDeviceID_attributes":{"xmlns:auto-ns2":"http://schemas.microsoft.com/win/2004/08/events","xmlns":"http://manifests.microsoft.com/win/2004/08/windows/userpnp"},"InstallDeviceID":{"DriverName":"FileRepository\\machine.inf_x86_neutral_65848c2d7375a720\\machine.inf","DriverVersion":"6.1.7600.16385","DriverProvider":"Microsoft","DeviceInstanceID":"ACPI\\PNP0C04\\4&215D0F95&0","SetupClass":"4D36E97D-E325-11CE-BFC1-08002BE10318","RebootOption":false,"UpgradeDevice":false,"IsDriverOEM":false,"InstallStatus":"0x0","DriverDescription":"Numeric data processor"}}}}
{"Event_attributes":{"xmlns":"http://schemas.microsoft.com/win/2004/08/events/event"},"Event":{"System":{"Provider_attributes":{"Name":"Microsoft-Windows-UserPnp","Guid":"96F4A050-7E31-453C-88BE-9634F4E02139"},"EventID":20003,"Version":0,"Level":4,"Task":7005,"Opcode":0,"Keywords":"0x8000000000000000","TimeCreated_attributes":{"SystemTime":"2013-10-23T16:17:22.390625Z"},"EventRecordID":179,"Correlation":null,"Execution_attributes":{"ProcessID":2020,"ThreadID":1820},"Channel":"System","Computer":"37L4247D28-05","Security_attributes":{"UserID":"S-1-5-18"}},"UserData":{"AddServiceID_attributes":{"xmlns:auto-ns2":"http://schemas.microsoft.com/win/2004/08/events","xmlns":"http://manifests.microsoft.com/win/2004/08/windows/userpnp"},"AddServiceID":{"ServiceName":"i8042prt","DriverFileName":"system32\\DRIVERS\\i8042prt.sys","DeviceInstanceID":"ACPI\\PNP0F03\\4&215D0F95&0","PrimaryService":true,"UpdateService":true,"AddServiceStatus":0}}}}
{"Event_attributes":{"xmlns":"http://schemas.microsoft.com/win/2004/08/events/event"},"Event":{"System":{"Provider_attributes":{"Name":"Microsoft-Windows-UserPnp","Guid":"96F4A050-7E31-453C-88BE-9634F4E02139"},"EventID":20003,"Version":0,"Level":4,"Task":7005,"Opcode":0,"Keywords":"0x8000000000000000","TimeCreated_attributes":{"SystemTime":"2013-10-23T16:17:22.484375Z"},"EventRecordID":180,"Correlation":null,"Execution_attributes":{"ProcessID":2020,"ThreadID":1820},"Channel":"System","Computer":"37L4247D28-05","Security_attributes":{"UserID":"S-1-5-18"}},"UserData":{"AddServiceID_attributes":{"xmlns:auto-ns2":"http://schemas.microsoft.com/win/2004/08/events","xmlns":"http://manifests.microsoft.com/win/2004/08/windows/userpnp"},"AddServiceID":{"ServiceName":"mouclass","DriverFileName":"system32\\DRIVERS\\mouclass.sys","DeviceInstanceID":"ACPI\\PNP0F03\\4&215D0F95&0","PrimaryService":false,"UpdateService":true,"AddServiceStatus":0}}}}
{"Event_attributes":{"xmlns":"http://schemas.microsoft.com/win/2004/08/events/event"},"Event":{"System":{"Provider_attributes":{"Name":"Microsoft-Windows-UserPnp","Guid":"96F4A050-7E31-453C-88BE-9634F4E02139"},"EventID":20001,"Version":0,"Level":4,"Task":7005,"Opcode":0,"Keywords":"0x8000000000000000","TimeCreated_attributes":{"SystemTime":"2013-10-23T16:17:22.671875Z"},"EventRecordID":181,"Correlation":null,"Execution_attributes":{"ProcessID":2020,"ThreadID":1820},"Channel":"System","Computer":"37L4247D28-05","Security_attributes":{"UserID":"S-1-5-18"}},"UserData":{"InstallDeviceID_attributes":{"xmlns:auto-ns2":"http://schemas.microsoft.com/win/2004/08/events","xmlns":"http://manifests.microsoft.com/win/2004/08/windows/userpnp"},"InstallDeviceID":{"DriverName":"FileRepository\\msmouse.inf_x86_neutral_7a9084e0177406eb\\msmouse.inf","DriverVersion":"6.1.7600.16385","DriverProvider":"Microsoft","DeviceInstanceID":"ACPI\\PNP0F03\\4&215D0F95&0","SetupClass":"4D36E96F-E325-11CE-BFC1-08002BE10318","RebootOption":true,"UpgradeDevice":false,"IsDriverOEM":false,"InstallStatus":"0x0","DriverDescription":"Microsoft PS/2 Mouse"}}}}
{"Event_attributes":{"xmlns":"http://schemas.microsoft.com/win/2004/08/events/event"},"Event":{"System":{"Provider_attributes":{"Name":"Microsoft-Windows-UserPnp","Guid":"96F4A050-7E31-453C-88BE-9634F4E02139"},"EventID":20001,"Version":0,"Level":4,"Task":7005,"Opcode":0,"Keywords":"0x8000000000000000","TimeCreated_attributes":{"SystemTime":"2013-10-23T16:17:22.890625Z"},"EventRecordID":182,"Correlation":null,"Execution_attributes":{"ProcessID":1924,"ThreadID":1920},"Channel":"System","Computer":"37L4247D28-05","Security_attributes":{"UserID":"S-1-5-18"}},"UserData":{"InstallDeviceID_attributes":{"xmlns:auto-ns2":"http://schemas.microsoft.com/win/2004/08/events","xmlns":"http://manifests.microsoft.com/win/2004/08/windows/userpnp"},"InstallDeviceID":{"DriverName":"FileRepository\\machine.inf_x86_neutral_65848c2d7375a720\\machine.inf","DriverVersion":"6.1.7600.16385","DriverProvider":"Microsoft","DeviceInstanceID":"ACPI\\PNP0000\\4&215D0F95&0","SetupClass":"4D36E97D-E325-11CE-BFC1-08002BE10318","RebootOption":false,"UpgradeDevice":false,"IsDriverOEM":false,"InstallStatus":"0x0","DriverDescription":"Programmable interrupt controller"}}}}
{"Event_attributes":{"xmlns":"http://schemas.microsoft.com/win/2004/08/events/event"},"Event":{"System":{"Provider_attributes":{"Name":"Service Control Manager","Guid":"{555908d1-a6d7-4695-8e1e-26931d2012f4}","EventSourceName":"Service Control Manager"},"EventID_attributes":{"Qualifiers":16384},"EventID":7040,"Version":0,"Level":4,"Task":0,"Opcode":0,"Keywords":"0x8080000000000000","TimeCreated_attributes":{"SystemTime":"2013-10-23T16:17:23.734375Z"},"EventRecordID":183,"Correlation":null,"Execution_attributes":{"ProcessID":488,"ThreadID":1612},"Channel":"System","Computer":"37L4247D28-05","Security_attributes":{"UserID":"S-1-5-18"}},"EventData":{"param1":"Virtual Machine Bus","param2":"demand start","param3":"boot start","param4":"vmbus"}}}
{"Event_attributes":{"xmlns":"http://schemas.microsoft.com/win/2004/08/events/event"},"Event":{"System":{"Provider_attributes":{"Name":"Microsoft-Windows-UserPnp","Guid":"96F4A050-7E31-453C-88BE-9634F4E02139"},"EventID":20003,"Version":0,"Level":4,"Task":7005,"Opcode":0,"Keywords":"0x8000000000000000","TimeCreated_attributes":{"SystemTime":"2013-10-23T16:17:23.828125Z"},"EventRecordID":184,"Correlation":null,"Execution_attributes":{"ProcessID":1996,"ThreadID":1900},"Channel":"System","Computer":"37L4247D28-05","Security_attributes":{"UserID":"S-1-5-18"}},"UserData":{"AddServiceID_attributes":{"xmlns:auto-ns2":"http://schemas.microsoft.com/win/2004/08/events","xmlns":"http://manifests.microsoft.com/win/2004/08/windows/userpnp"},"AddServiceID":{"ServiceName":"vmbus","DriverFileName":"system32\\DRIVERS\\vmbus.sys","DeviceInstanceID":"ACPI\\VMBUS\\4&215D0F95&0","PrimaryService":true,"UpdateService":true,"AddServiceStatus":0}}}}
{"Event_attributes":{"xmlns":"http://schemas.microsoft.com/win/2004/08/events/event"},"Event":{"System":{"Provider_attributes":{"Name":"Microsoft-Windows-UserPnp","Guid":"96F4A050-7E31-453C-88BE-9634F4E02139"},"EventID":20001,"Version":0,"Level":4,"Task":7005,"Opcode":0,"Keywords":"0x8000000000000000","TimeCreated_attributes":{"SystemTime":"2013-10-23T16:17:24.015625Z"},"EventRecordID":185,"Correlation":null,"Execution_attributes":{"ProcessID":1996,"ThreadID":1900},"Channel":"System","Computer":"37L4247D28-05","Security_attributes":{"UserID":"S-1-5-18"}},"UserData":{"InstallDeviceID_attributes":{"xmlns:auto-ns2":"http://schemas.microsoft.com/win/2004/08/events","xmlns":"http://manifests.microsoft.com/win/2004/08/windows/userpnp"},"InstallDeviceID":{"DriverName":"FileRepository\\wvmbus.inf_x86_neutral_f6b968c04185b840\\wvmbus.inf","DriverVersion":"6.1.7600.16385","DriverProvider":"Microsoft","DeviceInstanceID":"ACPI\\VMBUS\\4&215D0F95&0","SetupClass":"4D36E97D-E325-11CE-BFC1-08002BE10318","RebootOption":true,"UpgradeDevice":false,"IsDriverOEM":false,"InstallStatus":"0x0","DriverDescription":"Virtual Machine Bus"}}}}
{"Event_attributes":{"xmlns":"http://schemas.microsoft.com/win/2004/08/events/event"},"Event":{"System":{"Provider_attributes":{"Name":"Microsoft-Windows-UserPnp","Guid":"96F4A050-7E31-453C-88BE-9634F4E02139"},"EventID":20001,"Version":0,"Level":4,"Task":7005,"Opcode":0,"Keywords":"0x8000000000000000","TimeCreated_attributes":{"SystemTime":"2013-10-23T16:17:24.312500Z"},"EventRecordID":186,"Correlation":null,"Execution_attributes":{"ProcessID":1916,"ThreadID":1964},"Channel":"System","Computer":"37L4247D28-05","Security_attributes":{"UserID":"S-1-5-18"}},"UserData":{"InstallDeviceID_attributes":{"xmlns:auto-ns2":"http://schemas.microsoft.com/win/2004/08/events","xmlns":"http://manifests.microsoft.com/win/2004/08/windows/userpnp"},"InstallDeviceID":{"DriverName":"FileRepository\\machine.inf_x86_neutral_65848c2d7375a720\\machine.inf","DriverVersion":"6.1.7600.16385","DriverProvider":"Microsoft","DeviceInstanceID":"ACPI\\PNP0100\\4&215D0F95&0","SetupClass":"4D36E97D-E325-11CE-BFC1-08002BE10318","RebootOption":false,"UpgradeDevice":false,"IsDriverOEM":false,"InstallStatus":"0x0","DriverDescription":"System timer"}}}}
{"Event_attributes":{"xmlns":"http://schemas.microsoft.com/win/2004/08/events/event"},"Event":{"System":{"Provider_attributes":{"Name":"Microsoft-Windows-UserPnp","Guid":"96F4A050-7E31-453C-88BE-9634F4E02139"},"EventID":20003,"Version":0,"Level":4,"Task":7005,"Opcode":0,"Keywords":"0x8000000000000000","TimeCreated_attributes":{"SystemTime":"2013-10-23T16:17:25.031250Z"},"EventRecordID":187,"Correlation":null,"Execution_attributes":{"ProcessID":1968,"ThreadID":300},"Channel":"System","Computer":"37L4247D28-05","Security_attributes":{"UserID":"S-1-5-18"}},"UserData":{"AddServiceID_attributes":{"xmlns:auto-ns2":"http://schemas.microsoft.com/win/2004/08/events","xmlns":"http://manifests.microsoft.com/win/2004/08/windows/userpnp"},"AddServiceID":{"ServiceName":"i8042prt","DriverFileName":"system32\\DRIVERS\\i8042prt.sys","DeviceInstanceID":"ACPI\\PNP0303\\4&215D0F95&0","PrimaryService":true,"UpdateService":true,"AddServiceStatus":0}}}}
{"Event_attributes":{"xmlns":"http://schemas.microsoft.com/win/2004/08/events/event"},"Event":{"System":{"Provider_attributes":{"Name":"Microsoft-Windows-UserPnp","Guid":"96F4A050-7E31-453C-88BE-9634F4E02139"},"EventID":20003,"Version":0,"Level":4,"Task":7005,"Opcode":0,"Keywords":"0x8000000000000000","TimeCreated_attributes":{"SystemTime":"2013-10-23T16:17:25.031250Z"},"EventRecordID":188,"Correlation":null,"Execution_attributes":{"ProcessID":1968,"ThreadID":300},"Channel":"System","Computer":"37L4247D28-05","Security_attributes":{"UserID":"S-1-5-18"}},"UserData":{"AddServiceID_attributes":{"xmlns:auto-ns2":"http://schemas.microsoft.com/win/2004/08/events","xmlns":"http://manifests.microsoft.com/win/2004/08/windows/userpnp"},"AddServiceID":{"ServiceName":"kbdclass","DriverFileName":"system32\\DRIVERS\\kbdclass.sys","DeviceInstanceID":"ACPI\\PNP0303\\4&215D0F95&0","PrimaryService":false,"UpdateService":true,"AddServiceStatus":0}}}}
{"Event_attributes":{"xmlns":"http://schemas.microsoft.com/win/2004/08/events/event"},"Event":{"System":{"Provider_attributes":{"Name":"Microsoft-Windows-UserPnp","Guid":"96F4A050-7E31-453C-88BE-9634F4E02139"},"EventID":20001,"Version":0,"Level":4,"Task":7005,"Opcode":0,"Keywords":"0x8000000000000000","TimeCreated_attributes":{"SystemTime":"2013-10-23T16:17:25.140625Z"},"EventRecordID":189,"Correlation":null,"Execution_attributes":{"ProcessID":1968,"ThreadID":300},"Channel":"System","Computer":"37L4247D28-05","Security_attributes":{"UserID":"S-1-5-18"}},"UserData":{"InstallDeviceID_attributes":{"xmlns:auto-ns2":"http://schemas.microsoft.com/win/2004/08/events","xmlns":"http://manifests.microsoft.com/win/2004/08/windows/userpnp"},"InstallDeviceID":{"DriverName":"FileRepository\\keyboard.inf_x86_neutral_0c4a1880f2aa5a72\\keyboard.inf","DriverVersion":"6.1.7600.16385","DriverProvider":"Microsoft","DeviceInstanceID":"ACPI\\PNP0303\\4&215D0F95&0","SetupClass":"4D36E96B-E325-11CE-BFC1-08002BE10318","RebootOption":true,"UpgradeDevice":false,"IsDriverOEM":false,"InstallStatus":"0x0","DriverDescription":"Standard PS/2 Keyboard"}}}}
{"Event_attributes":{"xmlns":"http://schemas.microsoft.com/win/2004/08/events/event"},"Event":{"System":{"Provider_attributes":{"Name":"Microsoft-Windows-UserPnp","Guid":"96F4A050-7E31-453C-88BE-9634F4E02139"},"EventID":20001,"Version":0,"Level":4,"Task":7005,"Opcode":0,"Keywords":"0x8000000000000000","TimeCreated_attributes":{"SystemTime":"2013-10-23T16:17:25.375000Z"},"EventRecordID":190,"Correlation":null,"Execution_attributes":{"ProcessID":1692,"ThreadID":304},"Channel":"System","Computer":"37L4247D28-05","Security_attributes":{"UserID":"S-1-5-18"}},"UserData":{"InstallDeviceID_attributes":{"xmlns:auto-ns2":"http://schemas.microsoft.com/win/2004/08/events","xmlns":"http://manifests.microsoft.com/win/2004/08/windows/userpnp"},"InstallDeviceID":{"DriverName":"FileRepository\\machine.inf_x86_neutral_65848c2d7375a720\\machine.inf","DriverVersion":"6.1.7600.16385","DriverProvider":"Microsoft","DeviceInstanceID":"ACPI\\PNP0200\\4&215D0F95&0","SetupClass":"4D36E97D-E325-11CE-BFC1-08002BE10318","RebootOption":false,"UpgradeDevice":false,"IsDriverOEM":false,"InstallStatus":"0x0","DriverDescription":"Direct memory access controller"}}}}
{"Event_attributes":{"xmlns":"http://schemas.microsoft.com/win/2004/08/events/event"},"Event":{"System":{"Provider_attributes":{"Name":"Service Control Manager","Guid":"{555908d1-a6d7-4695-8e1e-26931d2012f4}","EventSourceName":"Service Control Manager"},"EventID_attributes":{"Qualifiers":16384},"EventID":7040,"Version":0,"Level":4,"Task":0,"Opcode":0,"Keywords":"0x8080000000000000","TimeCreated_attributes":{"SystemTime":"2013-10-23T16:17:25.687500Z"},"EventRecordID":191,"Correlation":null,"Execution_attributes":{"ProcessID":488,"ThreadID":1612},"Channel":"System","Computer":"37L4247D28-05","Security_attributes":{"UserID":"S-1-5-18"}},"EventData":{"param1":"Serial port driver","param2":"demand start","param3":"system start","param4":"Serial"}}}
{"Event_attributes":{"xmlns":"http://schemas.microsoft.com/win/2004/08/events/event"},"Event":{"System":{"Provider_attributes":{"Name":"Microsoft-Windows-UserPnp","Guid":"96F4A050-7E31-453C-88BE-9634F4E02139"},"EventID":20003,"Version":0,"Level":4,"Task":7005,"Opcode":0,"Keywords":"0x8000000000000000","TimeCreated_attributes":{"SystemTime":"2013-10-23T16:17:25.843750Z"},"EventRecordID":192,"Correlation":null,"Execution_attributes":{"ProcessID":360,"ThreadID":252},"Channel":"System","Computer":"37L4247D28-05","Security_attributes":{"UserID":"S-1-5-18"}},"UserData":{"AddServiceID_attributes":{"xmlns:auto-ns2":"http://schemas.microsoft.com/win/2004/08/events","xmlns":"http://manifests.microsoft.com/win/2004/08/windows/userpnp"},"AddServiceID":{"ServiceName":"Serial","DriverFileName":"system32\\DRIVERS\\serial.sys","DeviceInstanceID":"ACPI\\PNP0501\\2","PrimaryService":true,"UpdateService":true,"AddServiceStatus":0}}}}
{"Event_attributes":{"xmlns":"http://schemas.microsoft.com/win/2004/08/events/event"},"Event":{"System":{"Provider_attributes":{"Name":"Microsoft-Windows-UserPnp","Guid":"96F4A050-7E31-453C-88BE-9634F4E02139"},"EventID":20003,"Version":0,"Level":4,"Task":7005,"Opcode":0,"Keywords":"0x8000000000000000","TimeCreated_attributes":{"SystemTime":"2013-10-23T16:17:26.046875Z"},"EventRecordID":193,"Correlation":null,"Execution_attributes":{"ProcessID":360,"ThreadID":252},"Channel":"System","Computer":"37L4247D28-05","Security_attributes":{"UserID":"S-1-5-18"}},"UserData":{"AddServiceID_attributes":{"xmlns:auto-ns2":"http://schemas.microsoft.com/win/2004/08/events","xmlns":"http://manifests.microsoft.com/win/2004/08/windows/userpnp"},"AddServiceID":{"ServiceName":"Serenum","DriverFileName":"system32\\DRIVERS\\serenum.sys","DeviceInstanceID":"ACPI\\PNP0501\\2","PrimaryService":false,"UpdateService":true,"AddServiceStatus":0}}}}
{"Event_attributes":{"xmlns":"http://schemas.microsoft.com/win/2004/08/events/event"},"Event":{"System":{"Provider_attributes":{"Name":"Microsoft-Windows-UserPnp","Guid":"96F4A050-7E31-453C-88BE-9634F4E02139"},"EventID":20001,"Version":0,"Level":4,"Task":7005,"Opcode":0,"Keywords":"0x8000000000000000","TimeCreated_attributes":{"SystemTime":"2013-10-23T16:17:26.312500Z"},"EventRecordID":194,"Correlation":null,"Execution_attributes":{"ProcessID":360,"ThreadID":252},"Channel":"System","Computer":"37L4247D28-05","Security_attributes":{"UserID":"S-1-5-18"}},"UserData":{"InstallDeviceID_attributes":{"xmlns:auto-ns2":"http://schemas.microsoft.com/win/2004/08/events","xmlns":"http://manifests.microsoft.com/win/2004/08/windows/userpnp"},"InstallDeviceID":{"DriverName":"FileRepository\\msports.inf_x86_neutral_c1a802e06677f73f\\msports.inf","DriverVersion":"6.1.7600.16385","DriverProvider":"Microsoft","DeviceInstanceID":"ACPI\\PNP0501\\2","SetupClass":"4D36E978-E325-11CE-BFC1-08002BE10318","RebootOption":false,"UpgradeDevice":false,"IsDriverOEM":false,"InstallStatus":"0x0","DriverDescription":"Communications Port"}}}}
{"Event_attributes":{"xmlns":"http://schemas.microsoft.com/win/2004/08/events/event"},"Event":{"System":{"Provider_attributes":{"Name":"Microsoft-Windows-UserPnp","Guid":"96F4A050-7E31-453C-88BE-9634F4E02139"},"EventID":20003,"Version":0,"Level":4,"Task":7005,"Opcode":0,"Keywords":"0x8000000000000000","TimeCreated_attributes":{"SystemTime":"2013-10-23T16:17:26.859375Z"},"EventRecordID":195,"Correlation":null,"Execution_attributes":{"ProcessID":1988,"ThreadID":200},"Channel":"System","Computer":"37L4247D28-05","Security_attributes":{"UserID":"S-1-5-18"}},"UserData":{"AddServiceID_attributes":{"xmlns:auto-ns2":"http://schemas.microsoft.com/win/2004/08/events","xmlns":"http://manifests.microsoft.com/win/2004/08/windows/userpnp"},"AddServiceID":{"ServiceName":"Serial","DriverFileName":"system32\\DRIVERS\\serial.sys","DeviceInstanceID":"ACPI\\PNP0501\\1","PrimaryService":true,"UpdateService":true,"AddServiceStatus":0}}}}
{"Event_attributes":{"xmlns":"http://schemas.microsoft.com/win/2004/08/events/event"},"Event":{"System":{"Provider_attributes":{"Name":"Microsoft-Windows-UserPnp","Guid":"96F4A050-7E31-453C-88BE-9634F4E02139"},"EventID":20003,"Version":0,"Level":4,"Task":7005,"Opcode":0,"Keywords":"0x8000000000000000","TimeCreated_attributes":{"SystemTime":"2013-10-23T16:17:26.890625Z"},"EventRecordID":196,"Correlation":null,"Execution_attributes":{"ProcessID":1988,"ThreadID":200},"Channel":"System","Computer":"37L4247D28-05","Security_attributes":{"UserID":"S-1-5-18"}},"UserData":{"AddServiceID_attributes":{"xmlns:auto-ns2":"http://schemas.microsoft.com/win/2004/08/events","xmlns":"http://manifests.microsoft.com/win/2004/08/windows/userpnp"},"AddServiceID":{"ServiceName":"Serenum","DriverFileName":"system32\\DRIVERS\\serenum.sys","DeviceInstanceID":"ACPI\\PNP0501\\1","PrimaryService":false,"UpdateService":true,"AddServiceStatus":0}}}}
{"Event_attributes":{"xmlns":"http://schemas.microsoft.com/win/2004/08/events/event"},"Event":{"System":{"Provider_attributes":{"Name":"Microsoft-Windows-UserPnp","Guid":"96F4A050-7E31-453C-88BE-9634F4E02139"},"EventID":20001,"Version":0,"Level":4,"Task":7005,"Opcode":0,"Keywords":"0x8000000000000000","TimeCreated_attributes":{"SystemTime":"2013-10-23T16:17:27.000000Z"},"EventRecordID":197,"Correlation":null,"Execution_attributes":{"ProcessID":1988,"ThreadID":200},"Channel":"System","Computer":"37L4247D28-05","Security_attributes":{"UserID":"S-1-5-18"}},"UserData":{"InstallDeviceID_attributes":{"xmlns:auto-ns2":"http://schemas.microsoft.com/win/2004/08/events","xmlns":"http://manifests.microsoft.com/win/2004/08/windows/userpnp"},"InstallDeviceID":{"DriverName":"FileRepository\\msports.inf_x86_neutral_c1a802e06677f73f\\msports.inf","DriverVersion":"6.1.7600.16385","DriverProvider":"Microsoft","DeviceInstanceID":"ACPI\\PNP0501\\1","SetupClass":"4D36E978-E325-11CE-BFC1-08002BE10318","RebootOption":false,"UpgradeDevice":false,"IsDriverOEM":false,"InstallStatus":"0x0","DriverDescription":"Communications Port"}}}}
{"Event_attributes":{"xmlns":"http://schemas.microsoft.com/win/2004/08/events/event"},"Event":{"System":{"Provider_attributes":{"Name":"Microsoft-Windows-UserPnp","Guid":"96F4A050-7E31-453C-88BE-9634F4E02139"},"EventID":20001,"Version":0,"Level":4,"Task":7005,"Opcode":0,"Keywords":"0x8000000000000000","TimeCreated_attributes":{"SystemTime":"2013-10-23T16:17:27.296875Z"},"EventRecordID":198,"Correlation":null,"Execution_attributes":{"ProcessID":640,"ThreadID":560},"Channel":"System","Computer":"37L4247D28-05","Security_attributes":{"UserID":"S-1-5-18"}},"UserData":{"InstallDeviceID_attributes":{"xmlns:auto-ns2":"http://schemas.microsoft.com/win/2004/08/events","xmlns":"http://manifests.microsoft.com/win/2004/08/windows/userpnp"},"InstallDeviceID":{"DriverName":"FileRepository\\machine.inf_x86_neutral_65848c2d7375a720\\machine.inf","DriverVersion":"6.1.7600.16385","DriverProvider":"Microsoft","DeviceInstanceID":"ACPI\\PNP0800\\4&215D0F95&0","SetupClass":"4D36E97D-E325-11CE-BFC1-08002BE10318","RebootOption":false,"UpgradeDevice":false,"IsDriverOEM":false,"InstallStatus":"0x0","DriverDescription":"System speaker"}}}}
{"Event_attributes":{"xmlns":"http://schemas.microsoft.com/win/2004/08/events/event"},"Event":{"System":{"Provider_attributes":{"Name":"Microsoft-Windows-UserPnp","Guid":"96F4A050-7E31-453C-88BE-9634F4E02139"},"EventID":20003,"Version":0,"Level":4,"Task":7005,"Opcode":0,"Keywords":"0x8000000000000000","TimeCreated_attributes":{"SystemTime":"2013-10-23T16:17:27.687500Z"},"EventRecordID":199,"Correlation":null,"Execution_attributes":{"ProcessID":1092,"ThreadID":1280},"Channel":"System","Computer":"37L4247D28-05","Security_attributes":{"UserID":"S-1-5-18"}},"UserData":{"AddServiceID_attributes":{"xmlns:auto-ns2":"http://schemas.microsoft.com/win/2004/08/events","xmlns":"http://manifests.microsoft.com/win/2004/08/windows/userpnp"},"AddServiceID":{"ServiceName":"fdc","DriverFileName":"system32\\DRIVERS\\fdc.sys","DeviceInstanceID":"ACPI\\PNP0700\\4&215D0F95&0","PrimaryService":true,"UpdateService":true,"AddServiceStatus":0}}}}
{"Event_attributes":{"xmlns":"http://schemas.microsoft.com/win/2004/08/events/event"},"Event":{"System":{"Provider_attributes":{"Name":"Microsoft-Windows-UserPnp","Guid":"96F4A050-7E31-453C-88BE-9634F4E02139"},"EventID":20001,"Version":0,"Level":4,"Task":7005,"Opcode":0,"Keywords":"0x8000000000000000","TimeCreated_attributes":{"SystemTime":"2013-10-23T16:17:27.984375Z"},"EventRecordID":200,"Correlation":null,"Execution_attributes":{"ProcessID":1092,"ThreadID":1280},"Channel":"System","Computer":"37L4247D28-05","Security_attributes":{"UserID":"S-1-5-18"}},"UserData":{"InstallDeviceID_attributes":{"xmlns:auto-ns2":"http://schemas.microsoft.com/win/2004/08/events","xmlns":"http://manifests.microsoft.com/win/2004/08/windows/userpnp"},"InstallDeviceID":{"DriverName":"FileRepository\\fdc.inf_x86_neutral_67322cb863995ea8\\fdc.inf","DriverVersion":"6.1.7600.16385","DriverProvider":"Microsoft","DeviceInstanceID":"ACPI\\PNP0700\\4&215D0F95&0","SetupClass":"4D36E969-E325-11CE-BFC1-08002BE10318","RebootOption":false,"UpgradeDevice":false,"IsDriverOEM":false,"InstallStatus":"0x0","DriverDescription":"Standard floppy disk controller"}}}}
{"Event_attributes":{"xmlns":"http://schemas.microsoft.com/win/2004/08/events/event"},"Event":{"System":{"Provider_attributes":{"Name":"Microsoft-Windows-UserPnp","Guid":"96F4A050-7E31-453C-88BE-9634F4E02139"},"EventID":20001,"Version":0,"Level":4,"Task":7005,"Opcode":0,"Keywords":"0x8000000000000000","TimeCreated_attributes":{"SystemTime":"2013-10-23T16:17:28.484375Z"},"EventRecordID":201,"Correlation":null,"Execution_attributes":{"ProcessID":1744,"ThreadID":1308},"Channel":"System","Computer":"37L4247D28-05","Security_attributes":{"UserID":"S-1-5-18"}},"UserData":{"InstallDeviceID_attributes":{"xmlns:auto-ns2":"http://schemas.microsoft.com/win/2004/08/events","xmlns":"http://manifests.microsoft.com/win/2004/08/windows/userpnp"},"InstallDeviceID":{"DriverName":"FileRepository\\machine.inf_x86_neutral_65848c2d7375a720\\machine.inf","DriverVersion":"6.1.7600.16385","DriverProvider":"Microsoft","DeviceInstanceID":"ACPI\\PNP0B00\\4&215D0F95&0","SetupClass":"4D36E97D-E325-11CE-BFC1-08002BE10318","RebootOption":true,"UpgradeDevice":false,"IsDriverOEM":false,"InstallStatus":"0x0","DriverDescription":"System CMOS/real time clock"}}}}
{"Event_attributes":{"xmlns":"http://schemas.microsoft.com/win/2004/08/events/event"},"Event":{"System":{"Provider_attributes":{"Name":"Service Control Manager","Guid":"{555908d1-a6d7-4695-8e1e-26931d2012f4}","EventSourceName":"Service Control Manager"},"EventID_attributes":{"Qualifiers":16384},"EventID":7045,"Version":0,"Level":4,"Task":0,"Opcode":0,"Keywords":"0x8080000000000000","TimeCreated_attributes":{"SystemTime":"2013-10-23T16:17:29.468750Z"},"EventRecordID":202,"Correlation":null,"Execution_attributes":{"ProcessID":488,"ThreadID":588},"Channel":"System","Computer":"37L4247D28-05","Security_attributes":{"UserID":"S-1-5-18"}},"EventData":{"ServiceName":"Hyper-V Heartbeat Service","ImagePath":"%SystemRoot%\\system32\\vmicsvc.exe -feature Heartbeat","ServiceType":"user mode service","StartType":"auto start","AccountName":"NT AUTHORITY\\NetworkService"}}}
{"Event_attributes":{"xmlns":"http://schemas.microsoft.com/win/2004/08/events/event"},"Event":{"System":{"Provider_attributes":{"Name":"Microsoft-Windows-UserPnp","Guid":"96F4A050-7E31-453C-88BE-9634F4E02139"},"EventID":20003,"Version":0,"Level":4,"Task":7005,"Opcode":0,"Keywords":"0x8000000000000000","TimeCreated_attributes":{"SystemTime":"2013-10-23T16:17:29.781250Z"},"EventRecordID":203,"Correlation":null,"Execution_attributes":{"ProcessID":784,"ThreadID":336},"Channel":"System","Computer":"37L4247D28-05","Security_attributes":{"UserID":"S-1-5-18"}},"UserData":{"AddServiceID_attributes":{"xmlns:auto-ns2":"http://schemas.microsoft.com/win/2004/08/events","xmlns":"http://manifests.microsoft.com/win/2004/08/windows/userpnp"},"AddServiceID":{"ServiceName":"vmicheartbeat","DriverFileName":"%SystemRoot%\\system32\\vmicsvc.exe -feature Heartbeat","DeviceInstanceID":"VMBUS\\{FD149E91-82E0-4A7D-AFA6-2A4166CBD7C0}\\5&296C0F0E&0&{FD149E91-82E0-4A7D-AFA6-2A4166CBD7C0}","PrimaryService":false,"UpdateService":false,"AddServiceStatus":0}}}}
{"Event_attributes":{"xmlns":"http://schemas.microsoft.com/win/2004/08/events/event"},"Event":{"System":{"Provider_attributes":{"Name":"Service Control Manager","Guid":"{555908d1-a6d7-4695-8e1e-26931d2012f4}","EventSourceName":"Service Control Manager"},"EventID_attributes":{"Qualifiers":16384},"EventID":7036,"Version":0,"Level":4,"Task":0,"Opcode":0,"Keywords":"0x8080000000000000","TimeCreated_attributes":{"SystemTime":"2013-10-23T16:17:29.781250Z"},"EventRecordID":204,"Correlation":null,"Execution_attributes":{"ProcessID":488,"ThreadID":1612},"Channel":"System","Computer":"37L4247D28-05","Security":null},"EventData":{"param1":"Hyper-V Heartbeat Service","param2":"running","Binary":"76006D00690063006800650061007200740062006500610074002F0034000000"}}}
{"Event_attributes":{"xmlns":"http://schemas.microsoft.com/win/2004/08/events/event"},"Event":{"System":{"Provider_attributes":{"Name":"Microsoft-Windows-UserPnp","Guid":"96F4A050-7E31-453C-88BE-9634F4E02139"},"EventID":20001,"Version":0,"Level":4,"Task":7005,"Opcode":0,"Keywords":"0x8000000000000000","TimeCreated_attributes":{"SystemTime":"2013-10-23T16:17:29.968750Z"},"EventRecordID":205,"Correlation":null,"Execution_attributes":{"ProcessID":784,"ThreadID":336},"Channel":"System","Computer":"37L4247D28-05","Security_attributes":{"UserID":"S-1-5-18"}},"UserData":{"InstallDeviceID_attributes":{"xmlns:auto-ns2":"http://schemas.microsoft.com/win/2004/08/events","xmlns":"http://manifests.microsoft.com/win/2004/08/windows/userpnp"},"InstallDeviceID":{"DriverName":"FileRepository\\wvmic.inf_x86_neutral_35364de008700f90\\wvmic.inf","DriverVersion":"6.1.7600.16385","DriverProvider":"Microsoft","DeviceInstanceID":"VMBUS\\{FD149E91-82E0-4A7D-AFA6-2A4166CBD7C0}\\5&296C0F0E&0&{FD149E91-82E0-4A7D-AFA6-2A4166CBD7C0}","SetupClass":"4D36E97D-E325-11CE-BFC1-08002BE10318","RebootOption":false,"UpgradeDevice":false,"IsDriverOEM":false,"InstallStatus":"0x0","DriverDescription":"Hyper-V Heartbeat"}}}}
{"Event_attributes":{"xmlns":"http://schemas.microsoft.com/win/2004/08/events/event"},"Event":{"System":{"Provider_attributes":{"Name":"Microsoft-Windows-UserPnp","Guid":"96F4A050-7E31-453C-88BE-9634F4E02139"},"EventID":20003,"Version":0,"Level":4,"Task":7005,"Opcode":0,"Keywords":"0x8000000000000000","TimeCreated_attributes":{"SystemTime":"2013-10-23T16:17:30.562500Z"},"EventRecordID":206,"Correlation":null,"Execution_attributes":{"ProcessID":1872,"ThreadID":1484},"Channel":"System","Computer":"37L4247D28-05","Security_attributes":{"UserID":"S-1-5-18"}},"UserData":{"AddServiceID_attributes":{"xmlns:auto-ns2":"http://schemas.microsoft.com/win/2004/08/events","xmlns":"http://manifests.microsoft.com/win/2004/08/windows/userpnp"},"AddServiceID":{"ServiceName":"storflt","DriverFileName":"system32\\DRIVERS\\vmstorfl.sys","DeviceInstanceID":"VMBUS\\{00000000-0000-8899-0000-000000000000}\\5&296C0F0E&0&{00000000-0000-8899-0000-000000000000}","PrimaryService":false,"UpdateService":true,"AddServiceStatus":0}}}}
{"Event_attributes":{"xmlns":"http://schemas.microsoft.com/win/2004/08/events/event"},"Event":{"System":{"Provider_attributes":{"Name":"Microsoft-Windows-UserPnp","Guid":"96F4A050-7E31-453C-88BE-9634F4E02139"},"EventID":20001,"Version":0,"Level":4,"Task":7005,"Opcode":0,"Keywords":"0x8000000000000000","TimeCreated_attributes":{"SystemTime":"2013-10-23T16:17:30.828125Z"},"EventRecordID":207,"Correlation":null,"Execution_attributes":{"ProcessID":1872,"ThreadID":1484},"Channel":"System","Computer":"37L4247D28-05","Security_attributes":{"UserID":"S-1-5-18"}},"UserData":{"InstallDeviceID_attributes":{"xmlns:auto-ns2":"http://schemas.microsoft.com/win/2004/08/events","xmlns":"http://manifests.microsoft.com/win/2004/08/windows/userpnp"},"InstallDeviceID":{"DriverName":"FileRepository\\wstorflt.inf_x86_neutral_f91032fad599ad3e\\wstorflt.inf","DriverVersion":"6.1.7600.16385","DriverProvider":"Microsoft Corporation","DeviceInstanceID":"VMBUS\\{00000000-0000-8899-0000-000000000000}\\5&296C0F0E&0&{00000000-0000-8899-0000-000000000000}","SetupClass":"4D36E97D-E325-11CE-BFC1-08002BE10318","RebootOption":false,"UpgradeDevice":false,"IsDriverOEM":false,"InstallStatus":"0x0","DriverDescription":"Disk Virtual Machine Bus Acceleration Filter Driver"}}}}
{"Event_attributes":{"xmlns":"http://schemas.microsoft.com/win/2004/08/events/event"},"Event":{"System":{"Provider_attributes":{"Name":"Microsoft-Windows-UserPnp","Guid":"96F4A050-7E31-453C-88BE-9634F4E02139"},"EventID":20003,"Version":0,"Level":4,"Task":7005,"Opcode":0,"Keywords":"0x8000000000000000","TimeCreated_attributes":{"SystemTime":"2013-10-23T16:17:31.296875Z"},"EventRecordID":208,"Correlation":null,"Execution_attributes":{"ProcessID":1860,"ThreadID":1384},"Channel":"System","Computer":"37L4247D28-05","Security_attributes":{"UserID":"S-1-5-18"}},"UserData":{"AddServiceID_attributes":{"xmlns:auto-ns2":"http://schemas.microsoft.com/win/2004/08/events","xmlns":"http://manifests.microsoft.com/win/2004/08/windows/userpnp"},"AddServiceID":{"ServiceName":"storvsc","DriverFileName":"system32\\DRIVERS\\storvsc.sys","DeviceInstanceID":"VMBUS\\{430BDE8C-18C4-4689-A645-825051B2190F}\\5&296C0F0E&0&{430BDE8C-18C4-4689-A645-825051B2190F}","PrimaryService":true,"UpdateService":true,"AddServiceStatus":0}}}}
{"Event_attributes":{"xmlns":"http://schemas.microsoft.com/win/2004/08/events/event"},"Event":{"System":{"Provider_attributes":{"Name":"Microsoft-Windows-UserPnp","Guid":"96F4A050-7E31-453C-88BE-9634F4E02139"},"EventID":20001,"Version":0,"Level":4,"Task":7005,"Opcode":0,"Keywords":"0x8000000000000000","TimeCreated_attributes":{"SystemTime":"2013-10-23T16:17:31.562500Z"},"EventRecordID":209,"Correlation":null,"Execution_attributes":{"ProcessID":1860,"ThreadID":1384},"Channel":"System","Computer":"37L4247D28-05","Security_attributes":{"UserID":"S-1-5-18"}},"UserData":{"InstallDeviceID_attributes":{"xmlns:auto-ns2":"http://schemas.microsoft.com/win/2004/08/events","xmlns":"http://manifests.microsoft.com/win/2004/08/windows/userpnp"},"InstallDeviceID":{"DriverName":"FileRepository\\wstorvsc.inf_x86_neutral_d3627d8b71ae8f24\\wstorvsc.inf","DriverVersion":"6.1.7600.16385","DriverProvider":"Microsoft.","DeviceInstanceID":"VMBUS\\{430BDE8C-18C4-4689-A645-825051B2190F}\\5&296C0F0E&0&{430BDE8C-18C4-4689-A645-825051B2190F}","SetupClass":"4D36E97B-E325-11CE-BFC1-08002BE10318","RebootOption":false,"UpgradeDevice":false,"IsDriverOEM":false,"InstallStatus":"0x0","DriverDescription":"Storage miniport driver"}}}}
{"Event_attributes":{"xmlns":"http://schemas.microsoft.com/win/2004/08/events/event"},"Event":{"System":{"Provider_attributes":{"Name":"Service Control Manager","Guid":"{555908d1-a6d7-4695-8e1e-26931d2012f4}","EventSourceName":"Service Control Manager"},"EventID_attributes":{"Qualifiers":16384},"EventID":7045,"Version":0,"Level":4,"Task":0,"Opcode":0,"Keywords":"0x8080000000000000","TimeCreated_attributes":{"SystemTime":"2013-10-23T16:17:32.328125Z"},"EventRecordID":210,"Correlation":null,"Execution_attributes":{"ProcessID":488,"ThreadID":588},"Channel":"System","Computer":"37L4247D28-05","Security_attributes":{"UserID":"S-1-5-18"}},"EventData":{"ServiceName":"SynthVid","ImagePath":"system32\\DRIVERS\\VMBusVideoM.sys","ServiceType":"kernel mode driver","StartType":"demand start","AccountName":""}}}
{"Event_attributes":{"xmlns":"http://schemas.microsoft.com/win/2004/08/events/event"},"Event":{"System":{"Provider_attributes":{"Name":"Microsoft-Windows-UserPnp","Guid":"96F4A050-7E31-453C-88BE-9634F4E02139"},"EventID":20003,"Version":0,"Level":4,"Task":7005,"Opcode":0,"Keywords":"0x8000000000000000","TimeCreated_attributes":{"SystemTime":"2013-10-23T16:17:32.625000Z"},"EventRecordID":211,"Correlation":null,"Execution_attributes":{"ProcessID":1344,"ThreadID":1664},"Channel":"System","Computer":"37L4247D28-05","Security_attributes":{"UserID":"S-1-5-18"}},"UserData":{"AddServiceID_attributes":{"xmlns:auto-ns2":"http://schemas.microsoft.com/win/2004/08/events","xmlns":"http://manifests.microsoft.com/win/2004/08/windows/userpnp"},"AddServiceID":{"ServiceName":"SynthVid","DriverFileName":"system32\\DRIVERS\\VMBusVideoM.sys","DeviceInstanceID":"VMBUS\\{5620E0C7-8062-4DCE-AEB7-520C7EF76171}\\5&296C0F0E&0&{5620E0C7-8062-4DCE-AEB7-520C7EF76171}","PrimaryService":true,"UpdateService":true,"AddServiceStatus":0}}}}
{"Event_attributes":{"xmlns":"http://schemas.microsoft.com/win/2004/08/events/event"},"Event":{"System":{"Provider_attributes":{"Name":"Microsoft-Windows-UserPnp","Guid":"96F4A050-7E31-453C-88BE-9634F4E02139"},"EventID":20001,"Version":0,"Level":4,"Task":7005,"Opcode":0,"Keywords":"0x8000000000000000","TimeCreated_attributes":{"SystemTime":"2013-10-23T16:17:34.140625Z"},"EventRecordID":212,"Correlation":null,"Execution_attributes":{"ProcessID":1344,"ThreadID":1664},"Channel":"System","Computer":"37L4247D28-05","Security_attributes":{"UserID":"S-1-5-18"}},"UserData":{"InstallDeviceID_attributes":{"xmlns:auto-ns2":"http://schemas.microsoft.com/win/2004/08/events","xmlns":"http://manifests.microsoft.com/win/2004/08/windows/userpnp"},"InstallDeviceID":{"DriverName":"FileRepository\\wvmbusvideo.inf_x86_neutral_176bdc95a0b8c209\\wvmbusvideo.inf","DriverVersion":"6.1.7600.16385","DriverProvider":"Microsoft","DeviceInstanceID":"VMBUS\\{5620E0C7-8062-4DCE-AEB7-520C7EF76171}\\5&296C0F0E&0&{5620E0C7-8062-4DCE-AEB7-520C7EF76171}","SetupClass":"4D36E968-E325-11CE-BFC1-08002BE10318","RebootOption":false,"UpgradeDevice":false,"IsDriverOEM":false,"InstallStatus":"0x0","DriverDescription":"Microsoft Virtual Machine Bus Video Device"}}}}
{"Event_attributes":{"xmlns":"http://schemas.microsoft.com/win/2004/08/events/event"},"Event":{"System":{"Provider_attributes":{"Name":"Microsoft-Windows-UserPnp","Guid":"96F4A050-7E31-453C-88BE-9634F4E02139"},"EventID":20003,"Version":0,"Level":4,"Task":7005,"Opcode":0,"Keywords":"0x8000000000000000","TimeCreated_attributes":{"SystemTime":"2013-10-23T16:17:35.875000Z"},"EventRecordID":213,"Correlation":null,"Execution_attributes":{"ProcessID":2044,"ThreadID":308},"Channel":"System","Computer":"37L4247D28-05","Security_attributes":{"UserID":"S-1-5-18"}},"UserData":{"AddServiceID_attributes":{"xmlns:auto-ns2":"http://schemas.microsoft.com/win/2004/08/events","xmlns":"http://manifests.microsoft.com/win/2004/08/windows/userpnp"},"AddServiceID":{"ServiceName":"flpydisk","DriverFileName":"system32\\DRIVERS\\flpydisk.sys","DeviceInstanceID":"FDC\\GENERIC_FLOPPY_DRIVE\\5&3AA3947E&0&0","PrimaryService":true,"UpdateService":true,"AddServiceStatus":0}}}}
{"Event_attributes":{"xmlns":"http://schemas.microsoft.com/win/2004/08/events/event"},"Event":{"System":{"Provider_attributes":{"Name":"Microsoft-Windows-UserPnp","Guid":"96F4A050-7E31-453C-88BE-9634F4E02139"},"EventID":20001,"Version":0,"Level":4,"Task":7005,"Opcode":0,"Keywords":"0x8000000000000000","TimeCreated_attributes":{"SystemTime":"2013-10-23T16:17:36.218750Z"},"EventRecordID":214,"Correlation":null,"Execution_attributes":{"ProcessID":2044,"ThreadID":308},"Channel":"System","Computer":"37L4247D28-05","Security_attributes":{"UserID":"S-1-5-18"}},"UserData":{"InstallDeviceID_attributes":{"xmlns:auto-ns2":"http://schemas.microsoft.com/win/2004/08/events","xmlns":"http://manifests.microsoft.com/win/2004/08/windows/userpnp"},"InstallDeviceID":{"DriverName":"FileRepository\\flpydisk.inf_x86_neutral_2102f5344367a352\\flpydisk.inf","DriverVersion":"6.1.7600.16385","DriverProvider":"Microsoft","DeviceInstanceID":"FDC\\GENERIC_FLOPPY_DRIVE\\5&3AA3947E&0&0","SetupClass":"4D36E980-E325-11CE-BFC1-08002BE10318","RebootOption":false,"UpgradeDevice":false,"IsDriverOEM":false,"InstallStatus":"0x0","DriverDescription":"Floppy disk drive"}}}}
{"Event_attributes":{"xmlns":"http://schemas.microsoft.com/win/2004/08/events/event"},"Event":{"System":{"Provider_attributes":{"Name":"Microsoft-Windows-UserPnp","Guid":"96F4A050-7E31-453C-88BE-9634F4E02139"},"EventID":20003,"Version":0,"Level":4,"Task":7005,"Opcode":0,"Keywords":"0x8000000000000000","TimeCreated_attributes":{"SystemTime":"2013-10-23T16:17:36.921875Z"},"EventRecordID":215,"Correlation":null,"Execution_attributes":{"ProcessID":1712,"ThreadID":2000},"Channel":"System","Computer":"37L4247D28-05","Security_attributes":{"UserID":"S-1-5-18"}},"UserData":{"AddServiceID_attributes":{"xmlns:auto-ns2":"http://schemas.microsoft.com/win/2004/08/events","xmlns":"http://manifests.microsoft.com/win/2004/08/windows/userpnp"},"AddServiceID":{"ServiceName":"VMBusHID","DriverFileName":"system32\\DRIVERS\\VMBusHID.sys","DeviceInstanceID":"VMBUS\\{58F75A6D-D949-4320-99E1-A2A2576D581C}\\5&296C0F0E&0&{58F75A6D-D949-4320-99E1-A2A2576D581C}","PrimaryService":true,"UpdateService":true,"AddServiceStatus":0}}}}
{"Event_attributes":{"xmlns":"http://schemas.microsoft.com/win/2004/08/events/event"},"Event":{"System":{"Provider_attributes":{"Name":"Microsoft-Windows-UserPnp","Guid":"96F4A050-7E31-453C-88BE-9634F4E02139"},"EventID":20001,"Version":0,"Level":4,"Task":7005,"Opcode":0,"Keywords":"0x8000000000000000","TimeCreated_attributes":{"SystemTime":"2013-10-23T16:17:37.140625Z"},"EventRecordID":216,"Correlation":null,"Execution_attributes":{"ProcessID":1712,"ThreadID":2000},"Channel":"System","Computer":"37L4247D28-05","Security_attributes":{"UserID":"S-1-5-18"}},"UserData":{"InstallDeviceID_attributes":{"xmlns:auto-ns2":"http://schemas.microsoft.com/win/2004/08/events","xmlns":"http://manifests.microsoft.com/win/2004/08/windows/userpnp"},"InstallDeviceID":{"DriverName":"FileRepository\\wvmbushid.inf_x86_neutral_2f4a9d937e78c7f1\\wvmbushid.inf","DriverVersion":"6.1.7600.16385","DriverProvider":"Microsoft","DeviceInstanceID":"VMBUS\\{58F75A6D-D949-4320-99E1-A2A2576D581C}\\5&296C0F0E&0&{58F75A6D-D949-4320-99E1-A2A2576D581C}","SetupClass":"745A17A0-74D3-11D0-B6FE-00A0C90F57DA","RebootOption":false,"UpgradeDevice":false,"IsDriverOEM":false,"InstallStatus":"0x0","DriverDescription":"Microsoft Virtual Machine Bus Input Device Miniport"}}}}
{"Event_attributes":{"xmlns":"http://schemas.microsoft.com/win/2004/08/events/event"},"Event":{"System":{"Provider_attributes":{"Name":"Service Control Manager","Guid":"{555908d1-a6d7-4695-8e1e-26931d2012f4}","EventSourceName":"Service Control Manager"},"EventID_attributes":{"Qualifiers":16384},"EventID":7045,"Version":0,"Level":4,"Task":0,"Opcode":0,"Keywords":"0x8080000000000000","TimeCreated_attributes":{"SystemTime":"2013-10-23T16:17:38.218750Z"},"EventRecordID":217,"Correlation":null,"Execution_attributes":{"ProcessID":488,"ThreadID":1612},"Channel":"System","Computer":"37L4247D28-05","Security_attributes":{"UserID":"S-1-5-18"}},"EventData":{"ServiceName":"Hyper-V Data Exchange Service","ImagePath":"%SystemRoot%\\system32\\vmicsvc.exe -feature KvpExchange","ServiceType":"user mode service","StartType":"auto start","AccountName":"NT AUTHORITY\\LocalService"}}}
{"Event_attributes":{"xmlns":"http://schemas.microsoft.com/win/2004/08/events/event"},"Event":{"System":{"Provider_attributes":{"Name":"Microsoft-Windows-UserPnp","Guid":"96F4A050-7E31-453C-88BE-9634F4E02139"},"EventID":20003,"Version":0,"Level":4,"Task":7005,"Opcode":0,"Keywords":"0x8000000000000000","TimeCreated_attributes":{"SystemTime":"2013-10-23T16:17:38.328125Z"},"EventRecordID":218,"Correlation":null,"Execution_attributes":{"ProcessID":540,"ThreadID":348},"Channel":"System","Computer":"37L4247D28-05","Security_attributes":{"UserID":"S-1-5-18"}},"UserData":{"AddServiceID_attributes":{"xmlns:auto-ns2":"http://schemas.microsoft.com/win/2004/08/events","xmlns":"http://manifests.microsoft.com/win/2004/08/windows/userpnp"},"AddServiceID":{"ServiceName":"vmickvpexchange","DriverFileName":"%SystemRoot%\\system32\\vmicsvc.exe -feature KvpExchange","DeviceInstanceID":"VMBUS\\{242FF919-07DB-4180-9C2E-B86CB68C8C55}\\5&296C0F0E&0&{242FF919-07DB-4180-9C2E-B86CB68C8C55}","PrimaryService":false,"UpdateService":false,"AddServiceStatus":0}}}}
{"Event_attributes":{"xmlns":"http://schemas.microsoft.com/win/2004/08/events/event"},"Event":{"System":{"Provider_attributes":{"Name":"Service Control Manager","Guid":"{555908d1-a6d7-4695-8e1e-26931d2012f4}","EventSourceName":"Service Control Manager"},"EventID_attributes":{"Qualifiers":16384},"EventID":7036,"Version":0,"Level":4,"Task":0,"Opcode":0,"Keywords":"0x8080000000000000","TimeCreated_attributes":{"SystemTime":"2013-10-23T16:17:38.359375Z"},"EventRecordID":219,"Correlation":null,"Execution_attributes":{"ProcessID":488,"ThreadID":588},"Channel":"System","Computer":"37L4247D28-05","Security":null},"EventData":{"param1":"Hyper-V Data Exchange Service","param2":"running","Binary":"76006D00690063006B0076007000650078006300680061006E00670065002F0034000000"}}}
{"Event_attributes":{"xmlns":"http://schemas.microsoft.com/win/2004/08/events/event"},"Event":{"System":{"Provider_attributes":{"Name":"Microsoft-Windows-UserPnp","Guid":"96F4A050-7E31-453C-88BE-9634F4E02139"},"EventID":20001,"Version":0,"Level":4,"Task":7005,"Opcode":0,"Keywords":"0x8000000000000000","TimeCreated_attributes":{"SystemTime":"2013-10-23T16:17:38.484375Z"},"EventRecordID":220,"Correlation":null,"Execution_attributes":{"ProcessID":540,"ThreadID":348},"Channel":"System","Computer":"37L4247D28-05","Security_attributes":{"UserID":"S-1-5-18"}},"UserData":{"InstallDeviceID_attributes":{"xmlns:auto-ns2":"http://schemas.microsoft.com/win/2004/08/events","xmlns":"http://manifests.microsoft.com/win/2004/08/windows/userpnp"},"InstallDeviceID":{"DriverName":"FileRepository\\wvmic.inf_x86_neutral_35364de008700f90\\wvmic.inf","DriverVersion":"6.1.7600.16385","DriverProvider":"Microsoft","DeviceInstanceID":"VMBUS\\{242FF919-07DB-4180-9C2E-B86CB68C8C55}\\5&296C0F0E&0&{242FF919-07DB-4180-9C2E-B86CB68C8C55}","SetupClass":"4D36E97D-E325-11CE-BFC1-08002BE10318","RebootOption":false,"UpgradeDevice":false,"IsDriverOEM":false,"InstallStatus":"0x0","DriverDescription":"Hyper-V Data Exchange"}}}}
{"Event_attributes":{"xmlns":"http://schemas.microsoft.com/win/2004/08/events/event"},"Event":{"System":{"Provider_attributes":{"Name":"Microsoft-Windows-UserPnp","Guid":"96F4A050-7E31-453C-88BE-9634F4E02139"},"EventID":20003,"Version":0,"Level":4,"Task":7005,"Opcode":0,"Keywords":"0x8000000000000000","TimeCreated_attributes":{"SystemTime":"2013-10-23T16:17:39.203125Z"},"EventRecordID":221,"Correlation":null,"Execution_attributes":{"ProcessID":340,"ThreadID":504},"Channel":"System","Computer":"37L4247D28-05","Security_attributes":{"UserID":"S-1-5-18"}},"UserData":{"AddServiceID_attributes":{"xmlns:auto-ns2":"http://schemas.microsoft.com/win/2004/08/events","xmlns":"http://manifests.microsoft.com/win/2004/08/windows/userpnp"},"AddServiceID":{"ServiceName":"cdrom","DriverFileName":"system32\\DRIVERS\\cdrom.sys","DeviceInstanceID":"IDE\\CDROMMSFT_VIRTUAL_CD/ROM_____________________1.0_____\\5&CFB56DE&0&1.0.0","PrimaryService":true,"UpdateService":true,"AddServiceStatus":0}}}}
{"Event_attributes":{"xmlns":"http://schemas.microsoft.com/win/2004/08/events/event"},"Event":{"System":{"Provider_attributes":{"Name":"Microsoft-Windows-UserPnp","Guid":"96F4A050-7E31-453C-88BE-9634F4E02139"},"EventID":20001,"Version":0,"Level":4,"Task":7005,"Opcode":0,"Keywords":"0x8000000000000000","TimeCreated_attributes":{"SystemTime":"2013-10-23T16:17:39.406250Z"},"EventRecordID":222,"Correlation":null,"Execution_attributes":{"ProcessID":340,"ThreadID":504},"Channel":"System","Computer":"37L4247D28-05","Security_attributes":{"UserID":"S-1-5-18"}},"UserData":{"InstallDeviceID_attributes":{"xmlns:auto-ns2":"http://schemas.microsoft.com/win/2004/08/events","xmlns":"http://manifests.microsoft.com/win/2004/08/windows/userpnp"},"InstallDeviceID":{"DriverName":"FileRepository\\cdrom.inf_x86_neutral_db87d184bc84f910\\cdrom.inf","DriverVersion":"6.1.7600.16385","DriverProvider":"Microsoft","DeviceInstanceID":"IDE\\CDROMMSFT_VIRTUAL_CD/ROM_____________________1.0_____\\5&CFB56DE&0&1.0.0","SetupClass":"4D36E965-E325-11CE-BFC1-08002BE10318","RebootOption":false,"UpgradeDevice":false,"IsDriverOEM":false,"InstallStatus":"0x0","DriverDescription":"CD-ROM Drive"}}}}
{"Event_attributes":{"xmlns":"http://schemas.microsoft.com/win/2004/08/events/event"},"Event":{"System":{"Provider_attributes":{"Name":"Service Control Manager","Guid":"{555908d1-a6d7-4695-8e1e-26931d2012f4}","EventSourceName":"Service Control Manager"},"EventID_attributes":{"Qualifiers":16384},"EventID":7045,"Version":0,"Level":4,"Task":0,"Opcode":0,"Keywords":"0x8080000000000000","TimeCreated_attributes":{"SystemTime":"2013-10-23T16:17:40.125000Z"},"EventRecordID":223,"Correlation":null,"Execution_attributes":{"ProcessID":488,"ThreadID":588},"Channel":"System","Computer":"37L4247D28-05","Security_attributes":{"UserID":"S-1-5-18"}},"EventData":{"ServiceName":"Hyper-V Guest Shutdown Service","ImagePath":"%SystemRoot%\\system32\\vmicsvc.exe -feature Shutdown","ServiceType":"user mode service","StartType":"auto start","AccountName":"LocalSystem"}}}
{"Event_attributes":{"xmlns":"http://schemas.microsoft.com/win/2004/08/events/event"},"Event":{"System":{"Provider_attributes":{"Name":"Microsoft-Windows-UserPnp","Guid":"96F4A050-7E31-453C-88BE-9634F4E02139"},"EventID":20003,"Version":0,"Level":4,"Task":7005,"Opcode":0,"Keywords":"0x8000000000000000","TimeCreated_attributes":{"SystemTime":"2013-10-23T16:17:40.718750Z"},"EventRecordID":224,"Correlation":null,"Execution_attributes":{"ProcessID":1968,"ThreadID":2040},"Channel":"System","Computer":"37L4247D28-05","Security_attributes":{"UserID":"S-1-5-18"}},"UserData":{"AddServiceID_attributes":{"xmlns:auto-ns2":"http://schemas.microsoft.com/win/2004/08/events","xmlns":"http://manifests.microsoft.com/win/2004/08/windows/userpnp"},"AddServiceID":{"ServiceName":"vmicshutdown","DriverFileName":"%SystemRoot%\\system32\\vmicsvc.exe -feature Shutdown","DeviceInstanceID":"VMBUS\\{B6650FF7-33BC-4840-8048-E0676786F393}\\5&296C0F0E&0&{B6650FF7-33BC-4840-8048-E0676786F393}","PrimaryService":false,"UpdateService":false,"AddServiceStatus":0}}}}
{"Event_attributes":{"xmlns":"http://schemas.microsoft.com/win/2004/08/events/event"},"Event":{"System":{"Provider_attributes":{"Name":"Service Control Manager","Guid":"{555908d1-a6d7-4695-8e1e-26931d2012f4}","EventSourceName":"Service Control Manager"},"EventID_attributes":{"Qualifiers":16384},"EventID":7036,"Version":0,"Level":4,"Task":0,"Opcode":0,"Keywords":"0x8080000000000000","TimeCreated_attributes":{"SystemTime":"2013-10-23T16:17:40.718750Z"},"EventRecordID":225,"Correlation":null,"Execution_attributes":{"ProcessID":488,"ThreadID":1612},"Channel":"System","Computer":"37L4247D28-05","Security":null},"EventData":{"param1":"Hyper-V Guest Shutdown Service","param2":"running","Binary":"76006D0069006300730068007500740064006F0077006E002F0034000000"}}}
