{"Event_attributes":{"xmlns":"http://schemas.microsoft.com/win/2004/08/events/event"},"Event":{"System":{"Provider_attributes":{"Name":"Service Control Manager","Guid":"{555908d1-a6d7-4695-8e1e-26931d2012f4}","EventSourceName":"Service Control Manager"},"EventID_attributes":{"Qualifiers":16384},"EventID":7036,"Version":0,"Level":4,"Task":0,"Opcode":0,"Keywords":"0x8080000000000000","TimeCreated_attributes":{"SystemTime":"2013-10-23T19:55:00.062500Z"},"EventRecordID":2144,"Correlation":null,"Execution_attributes":{"ProcessID":516,"ThreadID":604},"Channel":"System","Computer":"IE8Win7","Security":null},"EventData":{"param1":"Remote Procedure Call (RPC)","param2":"running","Binary":"520070006300530073002F0034000000"}}}
{"Event_attributes":{"xmlns":"http://schemas.microsoft.com/win/2004/08/events/event"},"Event":{"System":{"Provider_attributes":{"Name":"Service Control Manager","Guid":"{555908d1-a6d7-4695-8e1e-26931d2012f4}","EventSourceName":"Service Control Manager"},"EventID_attributes":{"Qualifiers":16384},"EventID":7036,"Version":0,"Level":4,"Task":0,"Opcode":0,"Keywords":"0x8080000000000000","TimeCreated_attributes":{"SystemTime":"2013-10-23T19:55:00.437500Z"},"EventRecordID":2145,"Correlation":null,"Execution_attributes":{"ProcessID":516,"ThreadID":604},"Channel":"System","Computer":"IE8Win7","Security":null},"EventData":{"param1":"Windows Event Log","param2":"running","Binary":"6500760065006E0074006C006F0067002F0034000000"}}}
{"Event_attributes":{"xmlns":"http://schemas.microsoft.com/win/2004/08/events/event"},"Event":{"System":{"Provider_attributes":{"Name":"Service Control Manager","Guid":"{555908d1-a6d7-4695-8e1e-26931d2012f4}","EventSourceName":"Service Control Manager"},"EventID_attributes":{"Qualifiers":16384},"EventID":7036,"Version":0,"Level":4,"Task":0,"Opcode":0,"Keywords":"0x8080000000000000","TimeCreated_attributes":{"SystemTime":"2013-10-23T19:55:01.109375Z"},"EventRecordID":2146,"Correlation":null,"Execution_attributes":{"ProcessID":516,"ThreadID":604},"Channel":"System","Computer":"IE8Win7","Security":null},"EventData":{"param1":"Multimedia Class Scheduler","param2":"running","Binary":"4D004D004300530053002F0034000000"}}}
{"Event_attributes":{"xmlns":"http://schemas.microsoft.com/win/2004/08/events/event"},"Event":{"System":{"Provider_attributes":{"Name":"Service Control Manager","Guid":"{555908d1-a6d7-4695-8e1e-26931d2012f4}","EventSourceName":"Service Control Manager"},"EventID_attributes":{"Qualifiers":16384},"EventID":7036,"Version":0,"Level":4,"Task":0,"Opcode":0,"Keywords":"0x8080000000000000","TimeCreated_attributes":{"SystemTime":"2013-10-23T19:55:01.218750Z"},"EventRecordID":2147,"Correlation":null,"Execution_attributes":{"ProcessID":516,"ThreadID":604},"Channel":"System","Computer":"IE8Win7","Security":null},"EventData":{"param1":"Windows Audio Endpoint Builder","param2":"running","Binary":"41007500640069006F0045006E00640070006F0069006E0074004200750069006C006400650072002F0034000000"}}}
{"Event_attributes":{"xmlns":"http://schemas.microsoft.com/win/2004/08/events/event"},"Event":{"System":{"Provider_attributes":{"Name":"Service Control Manager","Guid":"{555908d1-a6d7-4695-8e1e-26931d2012f4}","EventSourceName":"Service Control Manager"},"EventID_attributes":{"Qualifiers":16384},"EventID":7036,"Version":0,"Level":4,"Task":0,"Opcode":0,"Keywords":"0x8080000000000000","TimeCreated_attributes":{"SystemTime":"2013-10-23T19:55:01.234375Z"},"EventRecordID":2148,"Correlation":null,"Execution_attributes":{"ProcessID":516,"ThreadID":600},"Channel":"System","Computer":"IE8Win7","Security":null},"EventData":{"param1":"Windows Audio","param2":"running","Binary":"41007500640069006F007300720076002F0034000000"}}}
{"Event_attributes":{"xmlns":"http://schemas.microsoft.com/win/2004/08/events/event"},"Event":{"System":{"Provider_attributes":{"Name":"Service Control Manager","Guid":"{555908d1-a6d7-4695-8e1e-26931d2012f4}","EventSourceName":"Service Control Manager"},"EventID_attributes":{"Qualifiers":16384},"EventID":7036,"Version":0,"Level":4,"Task":0,"Opcode":0,"Keywords":"0x8080000000000000","TimeCreated_attributes":{"SystemTime":"2013-10-23T19:55:01.906250Z"},"EventRecordID":2149,"Correlation":null,"Execution_attributes":{"ProcessID":516,"ThreadID":604},"Channel":"System","Computer":"IE8Win7","Security":null},"EventData":{"param1":"Themes","param2":"running","Binary":"5400680065006D00650073002F0034000000"}}}
{"Event_attributes":{"xmlns":"http://schemas.microsoft.com/win/2004/08/events/event"},"Event":{"System":{"Provider_attributes":{"Name":"Service Control Manager","Guid":"{555908d1-a6d7-4695-8e1e-26931d2012f4}","EventSourceName":"Service Control Manager"},"EventID_attributes":{"Qualifiers":16384},"EventID":7036,"Version":0,"Level":4,"Task":0,"Opcode":0,"Keywords":"0x8080000000000000","TimeCreated_attributes":{"SystemTime":"2013-10-23T19:55:01.906250Z"},"EventRecordID":2150,"Correlation":null,"Execution_attributes":{"ProcessID":516,"ThreadID":600},"Channel":"System","Computer":"IE8Win7","Security":null},"EventData":{"param1":"User Profile Service","param2":"running","Binary":"500072006F0066005300760063002F0034000000"}}}
{"Event_attributes":{"xmlns":"http://schemas.microsoft.com/win/2004/08/events/event"},"Event":{"System":{"Provider_attributes":{"Name":"Service Control Manager","Guid":"{555908d1-a6d7-4695-8e1e-26931d2012f4}","EventSourceName":"Service Control Manager"},"EventID_attributes":{"Qualifiers":16384},"EventID":7036,"Version":0,"Level":4,"Task":0,"Opcode":0,"Keywords":"0x8080000000000000","TimeCreated_attributes":{"SystemTime":"2013-10-23T19:55:02.046875Z"},"EventRecordID":2151,"Correlation":null,"Execution_attributes":{"ProcessID":516,"ThreadID":600},"Channel":"System","Computer":"IE8Win7","Security":null},"EventData":{"param1":"Group Policy Client","param2":"running","Binary":"670070007300760063002F0034000000"}}}
{"Event_attributes":{"xmlns":"http://schemas.microsoft.com/win/2004/08/events/event"},"Event":{"System":{"Provider_attributes":{"Name":"Service Control Manager","Guid":"{555908d1-a6d7-4695-8e1e-26931d2012f4}","EventSourceName":"Service Control Manager"},"EventID_attributes":{"Qualifiers":16384},"EventID":7036,"Version":0,"Level":4,"Task":0,"Opcode":0,"Keywords":"0x8080000000000000","TimeCreated_attributes":{"SystemTime":"2013-10-23T19:55:02.078125Z"},"EventRecordID":2152,"Correlation":null,"Execution_attributes":{"ProcessID":516,"ThreadID":604},"Channel":"System","Computer":"IE8Win7","Security":null},"EventData":{"param1":"Offline Files","param2":"running","Binary":"43007300630053006500720076006900630065002F0034000000"}}}
{"Event_attributes":{"xmlns":"http://schemas.microsoft.com/win/2004/08/events/event"},"Event":{"System":{"Provider_attributes":{"Name":"Service Control Manager","Guid":"{555908d1-a6d7-4695-8e1e-26931d2012f4}","EventSourceName":"Service Control Manager"},"EventID_attributes":{"Qualifiers":16384},"EventID":7036,"Version":0,"Level":4,"Task":0,"Opcode":0,"Keywords":"0x8080000000000000","TimeCreated_attributes":{"SystemTime":"2013-10-23T19:55:02.281250Z"},"EventRecordID":2153,"Correlation":null,"Execution_attributes":{"ProcessID":516,"ThreadID":604},"Channel":"System","Computer":"IE8Win7","Security":null},"EventData":{"param1":"COM+ Event System","param2":"running","Binary":"4500760065006E007400530079007300740065006D002F0034000000"}}}
{"Event_attributes":{"xmlns":"http://schemas.microsoft.com/win/2004/08/events/event"},"Event":{"System":{"Provider_attributes":{"Name":"Service Control Manager","Guid":"{555908d1-a6d7-4695-8e1e-26931d2012f4}","EventSourceName":"Service Control Manager"},"EventID_attributes":{"Qualifiers":16384},"EventID":7036,"Version":0,"Level":4,"Task":0,"Opcode":0,"Keywords":"0x8080000000000000","TimeCreated_attributes":{"SystemTime":"2013-10-23T19:55:02.296875Z"},"EventRecordID":2154,"Correlation":null,"Execution_attributes":{"ProcessID":516,"ThreadID":604},"Channel":"System","Computer":"IE8Win7","Security":null},"EventData":{"param1":"System Event Notification Service","param2":"running","Binary":"530045004E0053002F0034000000"}}}
{"Event_attributes":{"xmlns":"http://schemas.microsoft.com/win/2004/08/events/event"},"Event":{"System":{"Provider_attributes":{"Name":"Service Control Manager","Guid":"{555908d1-a6d7-4695-8e1e-26931d2012f4}","EventSourceName":"Service Control Manager"},"EventID_attributes":{"Qualifiers":16384},"EventID":7036,"Version":0,"Level":4,"Task":0,"Opcode":0,"Keywords":"0x8080000000000000","TimeCreated_attributes":{"SystemTime":"2013-10-23T19:55:04.656250Z"},"EventRecordID":2155,"Correlation":null,"Execution_attributes":{"ProcessID":516,"ThreadID":604},"Channel":"System","Computer":"IE8Win7","Security":null},"EventData":{"param1":"Windows Modules Installer","param2":"running","Binary":"540072007500730074006500640049006E007300740061006C006C00650072002F0034000000"}}}
{"Event_attributes":{"xmlns":"http://schemas.microsoft.com/win/2004/08/events/event"},"Event":{"System":{"Provider_attributes":{"Name":"Service Control Manager","Guid":"{555908d1-a6d7-4695-8e1e-26931d2012f4}","EventSourceName":"Service Control Manager"},"EventID_attributes":{"Qualifiers":16384},"EventID":7036,"Version":0,"Level":4,"Task":0,"Opcode":0,"Keywords":"0x8080000000000000","TimeCreated_attributes":{"SystemTime":"2013-10-23T19:55:04.687500Z"},"EventRecordID":2156,"Correlation":null,"Execution_attributes":{"ProcessID":516,"ThreadID":600},"Channel":"System","Computer":"IE8Win7","Security":null},"EventData":{"param1":"Desktop Window Manager Session Manager","param2":"running","Binary":"5500780053006D0073002F0034000000"}}}
{"Event_attributes":{"xmlns":"http://schemas.microsoft.com/win/2004/08/events/event"},"Event":{"System":{"Provider_attributes":{"Name":"Service Control Manager","Guid":"{555908d1-a6d7-4695-8e1e-26931d2012f4}","EventSourceName":"Service Control Manager"},"EventID_attributes":{"Qualifiers":16384},"EventID":7036,"Version":0,"Level":4,"Task":0,"Opcode":0,"Keywords":"0x8080000000000000","TimeCreated_attributes":{"SystemTime":"2013-10-23T19:55:04.687500Z"},"EventRecordID":2157,"Correlation":null,"Execution_attributes":{"ProcessID":516,"ThreadID":604},"Channel":"System","Computer":"IE8Win7","Security":null},"EventData":{"param1":"Security Accounts Manager","param2":"running","Binary":"530061006D00530073002F0034000000"}}}
{"Event_attributes":{"xmlns":"http://schemas.microsoft.com/win/2004/08/events/event"},"Event":{"System":{"Provider_attributes":{"Name":"Service Control Manager","Guid":"{555908d1-a6d7-4695-8e1e-26931d2012f4}","EventSourceName":"Service Control Manager"},"EventID_attributes":{"Qualifiers":16384},"EventID":7036,"Version":0,"Level":4,"Task":0,"Opcode":0,"Keywords":"0x8080000000000000","TimeCreated_attributes":{"SystemTime":"2013-10-23T19:55:04.687500Z"},"EventRecordID":2158,"Correlation":null,"Execution_attributes":{"ProcessID":516,"ThreadID":600},"Channel":"System","Computer":"IE8Win7","Security":null},"EventData":{"param1":"TCP/IP NetBIOS Helper","param2":"running","Binary":"6C006D0068006F007300740073002F0034000000"}}}
{"Event_attributes":{"xmlns":"http://schemas.microsoft.com/win/2004/08/events/event"},"Event":{"System":{"Provider_attributes":{"Name":"Service Control Manager","Guid":"{555908d1-a6d7-4695-8e1e-26931d2012f4}","EventSourceName":"Service Control Manager"},"EventID_attributes":{"Qualifiers":16384},"EventID":7036,"Version":0,"Level":4,"Task":0,"Opcode":0,"Keywords":"0x8080000000000000","TimeCreated_attributes":{"SystemTime":"2013-10-23T19:55:04.687500Z"},"EventRecordID":2159,"Correlation":null,"Execution_attributes":{"ProcessID":516,"ThreadID":600},"Channel":"System","Computer":"IE8Win7","Security":null},"EventData":{"param1":"Network Store Interface Service","param2":"running","Binary":"6E00730069002F0034000000"}}}
{"Event_attributes":{"xmlns":"http://schemas.microsoft.com/win/2004/08/events/event"},"Event":{"System":{"Provider_attributes":{"Name":"Microsoft-Windows-Dhcp-Client","Guid":"15A7A4F8-0072-4EAB-ABAD-F98A4D666AED"},"EventID":50036,"Version":0,"Level":4,"Task":4,"Opcode":68,"Keywords":"0x2000000000000000","TimeCreated_attributes":{"SystemTime":"2013-10-23T19:55:04.703125Z"},"EventRecordID":2160,"Correlation":null,"Execution_attributes":{"ProcessID":792,"ThreadID":1124},"Channel":"System","Computer":"IE8Win7","Security_attributes":{"UserID":"S-1-5-19"}},"EventData":null}}
{"Event_attributes":{"xmlns":"http://schemas.microsoft.com/win/2004/08/events/event"},"Event":{"System":{"Provider_attributes":{"Name":"Microsoft-Windows-DHCPv6-Client","Guid":"6A1F2B00-6A90-4C38-95A5-5CAB3B056778"},"EventID":51046,"Version":0,"Level":4,"Task":4,"Opcode":62,"Keywords":"0x2000000000000000","TimeCreated_attributes":{"SystemTime":"2013-10-23T19:55:04.703125Z"},"EventRecordID":2161,"Correlation":null,"Execution_attributes":{"ProcessID":792,"ThreadID":1140},"Channel":"System","Computer":"IE8Win7","Security_attributes":{"UserID":"S-1-5-19"}},"EventData":null}}
{"Event_attributes":{"xmlns":"http://schemas.microsoft.com/win/2004/08/events/event"},"Event":{"System":{"Provider_attributes":{"Name":"Service Control Manager","Guid":"{555908d1-a6d7-4695-8e1e-26931d2012f4}","EventSourceName":"Service Control Manager"},"EventID_attributes":{"Qualifiers":16384},"EventID":7036,"Version":0,"Level":4,"Task":0,"Opcode":0,"Keywords":"0x8080000000000000","TimeCreated_attributes":{"SystemTime":"2013-10-23T19:55:04.703125Z"},"EventRecordID":2162,"Correlation":null,"Execution_attributes":{"ProcessID":516,"ThreadID":600},"Channel":"System","Computer":"IE8Win7","Security":null},"EventData":{"param1":"DHCP Client","param2":"running","Binary":"44006800630070002F0034000000"}}}
{"Event_attributes":{"xmlns":"http://schemas.microsoft.com/win/2004/08/events/event"},"Event":{"System":{"Provider_attributes":{"Name":"Service Control Manager","Guid":"{555908d1-a6d7-4695-8e1e-26931d2012f4}","EventSourceName":"Service Control Manager"},"EventID_attributes":{"Qualifiers":16384},"EventID":7036,"Version":0,"Level":4,"Task":0,"Opcode":0,"Keywords":"0x8080000000000000","TimeCreated_attributes":{"SystemTime":"2013-10-23T19:55:04.765625Z"},"EventRecordID":2163,"Correlation":null,"Execution_attributes":{"ProcessID":516,"ThreadID":600},"Channel":"System","Computer":"IE8Win7","Security":null},"EventData":{"param1":"DNS Client","param2":"running","Binary":"44006E007300630061006300680065002F0034000000"}}}
{"Event_attributes":{"xmlns":"http://schemas.microsoft.com/win/2004/08/events/event"},"Event":{"System":{"Provider_attributes":{"Name":"Service Control Manager","Guid":"{555908d1-a6d7-4695-8e1e-26931d2012f4}","EventSourceName":"Service Control Manager"},"EventID_attributes":{"Qualifiers":16384},"EventID":7036,"Version":0,"Level":4,"Task":0,"Opcode":0,"Keywords":"0x8080000000000000","TimeCreated_attributes":{"SystemTime":"2013-10-23T19:55:04.796875Z"},"EventRecordID":2164,"Correlation":null,"Execution_attributes":{"ProcessID":516,"ThreadID":604},"Channel":"System","Computer":"IE8Win7","Security":null},"EventData":{"param1":"Shell Hardware Detection","param2":"running","Binary":"5300680065006C006C004800570044006500740065006300740069006F006E002F0034000000"}}}
{"Event_attributes":{"xmlns":"http://schemas.microsoft.com/win/2004/08/events/event"},"Event":{"System":{"Provider_attributes":{"Name":"Service Control Manager","Guid":"{555908d1-a6d7-4695-8e1e-26931d2012f4}","EventSourceName":"Service Control Manager"},"EventID_attributes":{"Qualifiers":16384},"EventID":7036,"Version":0,"Level":4,"Task":0,"Opcode":0,"Keywords":"0x8080000000000000","TimeCreated_attributes":{"SystemTime":"2013-10-23T19:55:05.500000Z"},"EventRecordID":2165,"Correlation":null,"Execution_attributes":{"ProcessID":516,"ThreadID":604},"Channel":"System","Computer":"IE8Win7","Security":null},"EventData":{"param1":"Task Scheduler","param2":"running","Binary":"5300630068006500640075006C0065002F0034000000"}}}
{"Event_attributes":{"xmlns":"http://schemas.microsoft.com/win/2004/08/events/event"},"Event":{"System":{"Provider_attributes":{"Name":"Service Control Manager","Guid":"{555908d1-a6d7-4695-8e1e-26931d2012f4}","EventSourceName":"Service Control Manager"},"EventID_attributes":{"Qualifiers":16384},"EventID":7036,"Version":0,"Level":4,"Task":0,"Opcode":0,"Keywords":"0x8080000000000000","TimeCreated_attributes":{"SystemTime":"2013-10-23T19:55:05.671875Z"},"EventRecordID":2166,"Correlation":null,"Execution_attributes":{"ProcessID":516,"ThreadID":600},"Channel":"System","Computer":"IE8Win7","Security":null},"EventData":{"param1":"Print Spooler","param2":"running","Binary":"530070006F006F006C00650072002F0034000000"}}}
{"Event_attributes":{"xmlns":"http://schemas.microsoft.com/win/2004/08/events/event"},"Event":{"System":{"Provider_attributes":{"Name":"Service Control Manager","Guid":"{555908d1-a6d7-4695-8e1e-26931d2012f4}","EventSourceName":"Service Control Manager"},"EventID_attributes":{"Qualifiers":16384},"EventID":7036,"Version":0,"Level":4,"Task":0,"Opcode":0,"Keywords":"0x8080000000000000","TimeCreated_attributes":{"SystemTime":"2013-10-23T19:55:05.968750Z"},"EventRecordID":2167,"Correlation":null,"Execution_attributes":{"ProcessID":516,"ThreadID":604},"Channel":"System","Computer":"IE8Win7","Security":null},"EventData":{"param1":"Base Filtering Engine","param2":"running","Binary":"4200460045002F0034000000"}}}
{"Event_attributes":{"xmlns":"http://schemas.microsoft.com/win/2004/08/events/event"},"Event":{"System":{"Provider_attributes":{"Name":"Service Control Manager","Guid":"{555908d1-a6d7-4695-8e1e-26931d2012f4}","EventSourceName":"Service Control Manager"},"EventID_attributes":{"Qualifiers":16384},"EventID":7036,"Version":0,"Level":4,"Task":0,"Opcode":0,"Keywords":"0x8080000000000000","TimeCreated_attributes":{"SystemTime":"2013-10-23T19:55:06.140625Z"},"EventRecordID":2168,"Correlation":null,"Execution_attributes":{"ProcessID":516,"ThreadID":600},"Channel":"System","Computer":"IE8Win7","Security":null},"EventData":{"param1":"Windows Firewall","param2":"running","Binary":"4D00700073005300760063002F0034000000"}}}
{"Event_attributes":{"xmlns":"http://schemas.microsoft.com/win/2004/08/events/event"},"Event":{"System":{"Provider_attributes":{"Name":"Service Control Manager","Guid":"{555908d1-a6d7-4695-8e1e-26931d2012f4}","EventSourceName":"Service Control Manager"},"EventID_attributes":{"Qualifiers":16384},"EventID":7036,"Version":0,"Level":4,"Task":0,"Opcode":0,"Keywords":"0x8080000000000000","TimeCreated_attributes":{"SystemTime":"2013-10-23T19:55:06.234375Z"},"EventRecordID":2169,"Correlation":null,"Execution_attributes":{"ProcessID":516,"ThreadID":604},"Channel":"System","Computer":"IE8Win7","Security":null},"EventData":{"param1":"Workstation","param2":"running","Binary":"4C0061006E006D0061006E0057006F0072006B00730074006100740069006F006E002F0034000000"}}}
{"Event_attributes":{"xmlns":"http://schemas.microsoft.com/win/2004/08/events/event"},"Event":{"System":{"Provider_attributes":{"Name":"Service Control Manager","Guid":"{555908d1-a6d7-4695-8e1e-26931d2012f4}","EventSourceName":"Service Control Manager"},"EventID_attributes":{"Qualifiers":16384},"EventID":7036,"Version":0,"Level":4,"Task":0,"Opcode":0,"Keywords":"0x8080000000000000","TimeCreated_attributes":{"SystemTime":"2013-10-23T19:55:06.562500Z"},"EventRecordID":2170,"Correlation":null,"Execution_attributes":{"ProcessID":516,"ThreadID":604},"Channel":"System","Computer":"IE8Win7","Security":null},"EventData":{"param1":"Hyper-V Heartbeat Service","param2":"running","Binary":"76006D00690063006800650061007200740062006500610074002F0034000000"}}}
{"Event_attributes":{"xmlns":"http://schemas.microsoft.com/win/2004/08/events/event"},"Event":{"System":{"Provider_attributes":{"Name":"Service Control Manager","Guid":"{555908d1-a6d7-4695-8e1e-26931d2012f4}","EventSourceName":"Service Control Manager"},"EventID_attributes":{"Qualifiers":16384},"EventID":7036,"Version":0,"Level":4,"Task":0,"Opcode":0,"Keywords":"0x8080000000000000","TimeCreated_attributes":{"SystemTime":"2013-10-23T19:55:06.578125Z"},"EventRecordID":2171,"Correlation":null,"Execution_attributes":{"ProcessID":516,"ThreadID":600},"Channel":"System","Computer":"IE8Win7","Security":null},"EventData":{"param1":"Hyper-V Data Exchange Service","param2":"running","Binary":"76006D00690063006B0076007000650078006300680061006E00670065002F0034000000"}}}
{"Event_attributes":{"xmlns":"http://schemas.microsoft.com/win/2004/08/events/event"},"Event":{"System":{"Provider_attributes":{"Name":"Service Control Manager","Guid":"{555908d1-a6d7-4695-8e1e-26931d2012f4}","EventSourceName":"Service Control Manager"},"EventID_attributes":{"Qualifiers":16384},"EventID":7036,"Version":0,"Level":4,"Task":0,"Opcode":0,"Keywords":"0x8080000000000000","TimeCreated_attributes":{"SystemTime":"2013-10-23T19:55:06.578125Z"},"EventRecordID":2172,"Correlation":null,"Execution_attributes":{"ProcessID":516,"ThreadID":604},"Channel":"System","Computer":"IE8Win7","Security":null},"EventData":{"param1":"Hyper-V Guest Shutdown Service","param2":"running","Binary":"76006D0069006300730068007500740064006F0077006E002F0034000000"}}}
{"Event_attributes":{"xmlns":"http://schemas.microsoft.com/win/2004/08/events/event"},"Event":{"System":{"Provider_attributes":{"Name":"Service Control Manager","Guid":"{555908d1-a6d7-4695-8e1e-26931d2012f4}","EventSourceName":"Service Control Manager"},"EventID_attributes":{"Qualifiers":16384},"EventID":7036,"Version":0,"Level":4,"Task":0,"Opcode":0,"Keywords":"0x8080000000000000","TimeCreated_attributes":{"SystemTime":"2013-10-23T19:55:06.656250Z"},"EventRecordID":2173,"Correlation":null,"Execution_attributes":{"ProcessID":516,"ThreadID":604},"Channel":"System","Computer":"IE8Win7","Security":null},"EventData":{"param1":"Hyper-V Time Synchronization Service","param2":"running","Binary":"76006D0069006300740069006D006500730079006E0063002F0034000000"}}}
{"Event_attributes":{"xmlns":"http://schemas.microsoft.com/win/2004/08/events/event"},"Event":{"System":{"Provider_attributes":{"Name":"Microsoft-Windows-Kernel-General","Guid":"A68CA8B7-004F-D7B6-A698-07E2DE0F1F5D"},"EventID":1,"Version":0,"Level":4,"Task":0,"Opcode":0,"Keywords":"0x8000000000000010","TimeCreated_attributes":{"SystemTime":"2013-10-23T19:55:06.370000Z"},"EventRecordID":2174,"Correlation":null,"Execution_attributes":{"ProcessID":1436,"ThreadID":1468},"Channel":"System","Computer":"IE8Win7","Security_attributes":{"UserID":"S-1-5-19"}},"EventData":{"NewTime":"2013-10-23T19:55:06.370000Z","OldTime":"2013-10-23T19:55:06.656250Z"}}}
{"Event_attributes":{"xmlns":"http://schemas.microsoft.com/win/2004/08/events/event"},"Event":{"System":{"Provider_attributes":{"Name":"Service Control Manager","Guid":"{555908d1-a6d7-4695-8e1e-26931d2012f4}","EventSourceName":"Service Control Manager"},"EventID_attributes":{"Qualifiers":16384},"EventID":7036,"Version":0,"Level":4,"Task":0,"Opcode":0,"Keywords":"0x8080000000000000","TimeCreated_attributes":{"SystemTime":"2013-10-23T19:55:06.370000Z"},"EventRecordID":2175,"Correlation":null,"Execution_attributes":{"ProcessID":516,"ThreadID":600},"Channel":"System","Computer":"IE8Win7","Security":null},"EventData":{"param1":"Hyper-V Volume Shadow Copy Requestor","param2":"running","Binary":"76006D00690063007600730073002F0034000000"}}}
{"Event_attributes":{"xmlns":"http://schemas.microsoft.com/win/2004/08/events/event"},"Event":{"System":{"Provider_attributes":{"Name":"Service Control Manager","Guid":"{555908d1-a6d7-4695-8e1e-26931d2012f4}","EventSourceName":"Service Control Manager"},"EventID_attributes":{"Qualifiers":16384},"EventID":7036,"Version":0,"Level":4,"Task":0,"Opcode":0,"Keywords":"0x8080000000000000","TimeCreated_attributes":{"SystemTime":"2013-10-23T19:55:06.385625Z"},"EventRecordID":2176,"Correlation":null,"Execution_attributes":{"ProcessID":516,"ThreadID":600},"Channel":"System","Computer":"IE8Win7","Security":null},"EventData":{"param1":"Diagnostic Policy Service","param2":"running","Binary":"4400500053002F0034000000"}}}
{"Event_attributes":{"xmlns":"http://schemas.microsoft.com/win/2004/08/events/event"},"Event":{"System":{"Provider_attributes":{"Name":"Service Control Manager","Guid":"{555908d1-a6d7-4695-8e1e-26931d2012f4}","EventSourceName":"Service Control Manager"},"EventID_attributes":{"Qualifiers":16384},"EventID":7036,"Version":0,"Level":4,"Task":0,"Opcode":0,"Keywords":"0x8080000000000000","TimeCreated_attributes":{"SystemTime":"2013-10-23T19:55:07.026250Z"},"EventRecordID":2177,"Correlation":null,"Execution_attributes":{"ProcessID":516,"ThreadID":604},"Channel":"System","Computer":"IE8Win7","Security":null},"EventData":{"param1":"Cryptographic Services","param2":"running","Binary":"430072007900700074005300760063002F0034000000"}}}
{"Event_attributes":{"xmlns":"http://schemas.microsoft.com/win/2004/08/events/event"},"Event":{"System":{"Provider_attributes":{"Name":"Service Control Manager","Guid":"{555908d1-a6d7-4695-8e1e-26931d2012f4}","EventSourceName":"Service Control Manager"},"EventID_attributes":{"Qualifiers":16384},"EventID":7036,"Version":0,"Level":4,"Task":0,"Opcode":0,"Keywords":"0x8080000000000000","TimeCreated_attributes":{"SystemTime":"2013-10-23T19:55:07.276250Z"},"EventRecordID":2178,"Correlation":null,"Execution_attributes":{"ProcessID":516,"ThreadID":604},"Channel":"System","Computer":"IE8Win7","Security":null},"EventData":{"param1":"Network Location Awareness","param2":"running","Binary":"4E006C0061005300760063002F0034000000"}}}
{"Event_attributes":{"xmlns":"http://schemas.microsoft.com/win/2004/08/events/event"},"Event":{"System":{"Provider_attributes":{"Name":"Service Control Manager","Guid":"{555908d1-a6d7-4695-8e1e-26931d2012f4}","EventSourceName":"Service Control Manager"},"EventID_attributes":{"Qualifiers":16384},"EventID":7036,"Version":0,"Level":4,"Task":0,"Opcode":0,"Keywords":"0x8080000000000000","TimeCreated_attributes":{"SystemTime":"2013-10-23T19:55:07.588750Z"},"EventRecordID":2179,"Correlation":null,"Execution_attributes":{"ProcessID":516,"ThreadID":604},"Channel":"System","Computer":"IE8Win7","Security":null},"EventData":{"param1":"Superfetch","param2":"running","Binary":"5300790073004D00610069006E002F0034000000"}}}
{"Event_attributes":{"xmlns":"http://schemas.microsoft.com/win/2004/08/events/event"},"Event":{"System":{"Provider_attributes":{"Name":"Service Control Manager","Guid":"{555908d1-a6d7-4695-8e1e-26931d2012f4}","EventSourceName":"Service Control Manager"},"EventID_attributes":{"Qualifiers":16384},"EventID":7036,"Version":0,"Level":4,"Task":0,"Opcode":0,"Keywords":"0x8080000000000000","TimeCreated_attributes":{"SystemTime":"2013-10-23T19:55:07.588750Z"},"EventRecordID":2180,"Correlation":null,"Execution_attributes":{"ProcessID":516,"ThreadID":608},"Channel":"System","Computer":"IE8Win7","Security":null},"EventData":{"param1":"Distributed Link Tracking Client","param2":"running","Binary":"540072006B0057006B0073002F0034000000"}}}
{"Event_attributes":{"xmlns":"http://schemas.microsoft.com/win/2004/08/events/event"},"Event":{"System":{"Provider_attributes":{"Name":"Service Control Manager","Guid":"{555908d1-a6d7-4695-8e1e-26931d2012f4}","EventSourceName":"Service Control Manager"},"EventID_attributes":{"Qualifiers":16384},"EventID":7036,"Version":0,"Level":4,"Task":0,"Opcode":0,"Keywords":"0x8080000000000000","TimeCreated_attributes":{"SystemTime":"2013-10-23T19:55:08.260625Z"},"EventRecordID":2181,"Correlation":null,"Execution_attributes":{"ProcessID":516,"ThreadID":604},"Channel":"System","Computer":"IE8Win7","Security":null},"EventData":{"param1":"Windows Licensing Monitoring Service","param2":"running","Binary":"57004C004D0053002F0034000000"}}}
{"Event_attributes":{"xmlns":"http://schemas.microsoft.com/win/2004/08/events/event"},"Event":{"System":{"Provider_attributes":{"Name":"Service Control Manager","Guid":"{555908d1-a6d7-4695-8e1e-26931d2012f4}","EventSourceName":"Service Control Manager"},"EventID_attributes":{"Qualifiers":16384},"EventID":7036,"Version":0,"Level":4,"Task":0,"Opcode":0,"Keywords":"0x8080000000000000","TimeCreated_attributes":{"SystemTime":"2013-10-23T19:55:08.416875Z"},"EventRecordID":2182,"Correlation":null,"Execution_attributes":{"ProcessID":516,"ThreadID":608},"Channel":"System","Computer":"IE8Win7","Security":null},"EventData":{"param1":"Windows Management Instrumentation","param2":"running","Binary":"570069006E006D0067006D0074002F0034000000"}}}
{"Event_attributes":{"xmlns":"http://schemas.microsoft.com/win/2004/08/events/event"},"Event":{"System":{"Provider_attributes":{"Name":"Service Control Manager","Guid":"{555908d1-a6d7-4695-8e1e-26931d2012f4}","EventSourceName":"Service Control Manager"},"EventID_attributes":{"Qualifiers":16384},"EventID":7036,"Version":0,"Level":4,"Task":0,"Opcode":0,"Keywords":"0x8080000000000000","TimeCreated_attributes":{"SystemTime":"2013-10-23T19:55:08.870000Z"},"EventRecordID":2183,"Correlation":null,"Execution_attributes":{"ProcessID":516,"ThreadID":588},"Channel":"System","Computer":"IE8Win7","Security":null},"EventData":{"param1":"IP Helper","param2":"running","Binary":"6900700068006C0070007300760063002F0034000000"}}}
{"Event_attributes":{"xmlns":"http://schemas.microsoft.com/win/2004/08/events/event"},"Event":{"System":{"Provider_attributes":{"Name":"Service Control Manager","Guid":"{555908d1-a6d7-4695-8e1e-26931d2012f4}","EventSourceName":"Service Control Manager"},"EventID_attributes":{"Qualifiers":16384},"EventID":7036,"Version":0,"Level":4,"Task":0,"Opcode":0,"Keywords":"0x8080000000000000","TimeCreated_attributes":{"SystemTime":"2013-10-23T19:55:11.088750Z"},"EventRecordID":2184,"Correlation":null,"Execution_attributes":{"ProcessID":516,"ThreadID":608},"Channel":"System","Computer":"IE8Win7","Security":null},"EventData":{"param1":"Server","param2":"running","Binary":"4C0061006E006D0061006E005300650072007600650072002F0034000000"}}}
{"Event_attributes":{"xmlns":"http://schemas.microsoft.com/win/2004/08/events/event"},"Event":{"System":{"Provider_attributes":{"Name":"Service Control Manager","Guid":"{555908d1-a6d7-4695-8e1e-26931d2012f4}","EventSourceName":"Service Control Manager"},"EventID_attributes":{"Qualifiers":16384},"EventID":7036,"Version":0,"Level":4,"Task":0,"Opcode":0,"Keywords":"0x8080000000000000","TimeCreated_attributes":{"SystemTime":"2013-10-23T19:55:11.213750Z"},"EventRecordID":2185,"Correlation":null,"Execution_attributes":{"ProcessID":516,"ThreadID":616},"Channel":"System","Computer":"IE8Win7","Security":null},"EventData":{"param1":"Network List Service","param2":"running","Binary":"6E0065007400700072006F0066006D002F0034000000"}}}
{"Event_attributes":{"xmlns":"http://schemas.microsoft.com/win/2004/08/events/event"},"Event":{"System":{"Provider_attributes":{"Name":"Service Control Manager","Guid":"{555908d1-a6d7-4695-8e1e-26931d2012f4}","EventSourceName":"Service Control Manager"},"EventID_attributes":{"Qualifiers":16384},"EventID":7036,"Version":0,"Level":4,"Task":0,"Opcode":0,"Keywords":"0x8080000000000000","TimeCreated_attributes":{"SystemTime":"2013-10-23T19:55:12.260625Z"},"EventRecordID":2186,"Correlation":null,"Execution_attributes":{"ProcessID":516,"ThreadID":600},"Channel":"System","Computer":"IE8Win7","Security":null},"EventData":{"param1":"Software Protection","param2":"running","Binary":"7300700070007300760063002F0034000000"}}}
{"Event_attributes":{"xmlns":"http://schemas.microsoft.com/win/2004/08/events/event"},"Event":{"System":{"Provider_attributes":{"Name":"Service Control Manager","Guid":"{555908d1-a6d7-4695-8e1e-26931d2012f4}","EventSourceName":"Service Control Manager"},"EventID_attributes":{"Qualifiers":16384},"EventID":7036,"Version":0,"Level":4,"Task":0,"Opcode":0,"Keywords":"0x8080000000000000","TimeCreated_attributes":{"SystemTime":"2013-10-23T19:55:12.276250Z"},"EventRecordID":2187,"Correlation":null,"Execution_attributes":{"ProcessID":516,"ThreadID":608},"Channel":"System","Computer":"IE8Win7","Security":null},"EventData":{"param1":"Diagnostic Service Host","param2":"running","Binary":"570064006900530065007200760069006300650048006F00730074002F0034000000"}}}
{"Event_attributes":{"xmlns":"http://schemas.microsoft.com/win/2004/08/events/event"},"Event":{"System":{"Provider_attributes":{"Name":"Service Control Manager","Guid":"{555908d1-a6d7-4695-8e1e-26931d2012f4}","EventSourceName":"Service Control Manager"},"EventID_attributes":{"Qualifiers":16384},"EventID":7036,"Version":0,"Level":4,"Task":0,"Opcode":0,"Keywords":"0x8080000000000000","TimeCreated_attributes":{"SystemTime":"2013-10-23T19:55:13.948125Z"},"EventRecordID":2188,"Correlation":null,"Execution_attributes":{"ProcessID":516,"ThreadID":616},"Channel":"System","Computer":"IE8Win7","Security":null},"EventData":{"param1":"Diagnostic System Host","param2":"running","Binary":"570064006900530079007300740065006D0048006F00730074002F0034000000"}}}
{"Event_attributes":{"xmlns":"http://schemas.microsoft.com/win/2004/08/events/event"},"Event":{"System":{"Provider_attributes":{"Name":"Service Control Manager","Guid":"{555908d1-a6d7-4695-8e1e-26931d2012f4}","EventSourceName":"Service Control Manager"},"EventID_attributes":{"Qualifiers":16384},"EventID":7036,"Version":0,"Level":4,"Task":0,"Opcode":0,"Keywords":"0x8080000000000000","TimeCreated_attributes":{"SystemTime":"2013-10-23T19:55:14.057500Z"},"EventRecordID":2189,"Correlation":null,"Execution_attributes":{"ProcessID":516,"ThreadID":616},"Channel":"System","Computer":"IE8Win7","Security":null},"EventData":{"param1":"Portable Device Enumerator Service","param2":"running","Binary":"57005000440042007500730045006E0075006D002F0034000000"}}}
{"Event_attributes":{"xmlns":"http://schemas.microsoft.com/win/2004/08/events/event"},"Event":{"System":{"Provider_attributes":{"Name":"Service Control Manager","Guid":"{555908d1-a6d7-4695-8e1e-26931d2012f4}","EventSourceName":"Service Control Manager"},"EventID_attributes":{"Qualifiers":16384},"EventID":7036,"Version":0,"Level":4,"Task":0,"Opcode":0,"Keywords":"0x8080000000000000","TimeCreated_attributes":{"SystemTime":"2013-10-23T19:55:14.854375Z"},"EventRecordID":2190,"Correlation":null,"Execution_attributes":{"ProcessID":516,"ThreadID":604},"Channel":"System","Computer":"IE8Win7","Security":null},"EventData":{"param1":"WinHTTP Web Proxy Auto-Discovery Service","param2":"running","Binary":"570069006E0048007400740070004100750074006F00500072006F00780079005300760063002F0034000000"}}}
{"Event_attributes":{"xmlns":"http://schemas.microsoft.com/win/2004/08/events/event"},"Event":{"System":{"Provider_attributes":{"Name":"Service Control Manager","Guid":"{555908d1-a6d7-4695-8e1e-26931d2012f4}","EventSourceName":"Service Control Manager"},"EventID_attributes":{"Qualifiers":16384},"EventID":7040,"Version":0,"Level":4,"Task":0,"Opcode":0,"Keywords":"0x8080000000000000","TimeCreated_attributes":{"SystemTime":"2013-10-23T19:55:18.588750Z"},"EventRecordID":2191,"Correlation":null,"Execution_attributes":{"ProcessID":516,"ThreadID":604},"Channel":"System","Computer":"IE8Win7","Security_attributes":{"UserID":"S-1-5-18"}},"EventData":{"param1":"Windows Modules Installer","param2":"auto start","param3":"demand start","param4":"TrustedInstaller"}}}
{"Event_attributes":{"xmlns":"http://schemas.microsoft.com/win/2004/08/events/event"},"Event":{"System":{"Provider_attributes":{"Name":"Microsoft-Windows-Winlogon","Guid":"DBE9B383-7CF3-4331-91CC-A3CB16A3B538"},"EventID":7001,"Version":0,"Level":4,"Task":1101,"Opcode":0,"Keywords":"0x2000000000000000","TimeCreated_attributes":{"SystemTime":"2013-10-23T19:55:29.479375Z"},"EventRecordID":2192,"Correlation_attributes":{"ActivityID":"67144949-5132-4859-8036-A737B43825D8"},"Execution_attributes":{"ProcessID":456,"ThreadID":480},"Channel":"System","Computer":"IE8Win7","Security_attributes":{"UserID":"S-1-5-18"}},"EventData":{"TSId":1,"UserSid":"S-1-5-21-3463664321-2923530833-3546627382-1000"}}}
{"Event_attributes":{"xmlns":"http://schemas.microsoft.com/win/2004/08/events/event"},"Event":{"System":{"Provider_attributes":{"Name":"Service Control Manager","Guid":"{555908d1-a6d7-4695-8e1e-26931d2012f4}","EventSourceName":"Service Control Manager"},"EventID_attributes":{"Qualifiers":16384},"EventID":7036,"Version":0,"Level":4,"Task":0,"Opcode":0,"Keywords":"0x8080000000000000","TimeCreated_attributes":{"SystemTime":"2013-10-23T19:55:40.479375Z"},"EventRecordID":2193,"Correlation":null,"Execution_attributes":{"ProcessID":516,"ThreadID":616},"Channel":"System","Computer":"IE8Win7","Security":null},"EventData":{"param1":"Network Connections","param2":"running","Binary":"4E00650074006D0061006E002F0034000000"}}}
{"Event_attributes":{"xmlns":"http://schemas.microsoft.com/win/2004/08/events/event"},"Event":{"System":{"Provider_attributes":{"Name":"Service Control Manager","Guid":"{555908d1-a6d7-4695-8e1e-26931d2012f4}","EventSourceName":"Service Control Manager"},"EventID_attributes":{"Qualifiers":16384},"EventID":7036,"Version":0,"Level":4,"Task":0,"Opcode":0,"Keywords":"0x8080000000000000","TimeCreated_attributes":{"SystemTime":"2013-10-23T19:55:42.573125Z"},"EventRecordID":2194,"Correlation":null,"Execution_attributes":{"ProcessID":516,"ThreadID":616},"Channel":"System","Computer":"IE8Win7","Security":null},"EventData":{"param1":"Windows Search","param2":"running","Binary":"57005300650061007200630068002F0034000000"}}}
{"Event_attributes":{"xmlns":"http://schemas.microsoft.com/win/2004/08/events/event"},"Event":{"System":{"Provider_attributes":{"Name":"Service Control Manager","Guid":"{555908d1-a6d7-4695-8e1e-26931d2012f4}","EventSourceName":"Service Control Manager"},"EventID_attributes":{"Qualifiers":16384},"EventID":7036,"Version":0,"Level":4,"Task":0,"Opcode":0,"Keywords":"0x8080000000000000","TimeCreated_attributes":{"SystemTime":"2013-10-23T19:56:34.276250Z"},"EventRecordID":2195,"Correlation":null,"Execution_attributes":{"ProcessID":516,"ThreadID":2272},"Channel":"System","Computer":"IE8Win7","Security":null},"EventData":{"param1":"Windows Update","param2":"running","Binary":"770075006100750073006500720076002F0034000000"}}}
{"Event_attributes":{"xmlns":"http://schemas.microsoft.com/win/2004/08/events/event"},"Event":{"System":{"Provider_attributes":{"Name":"Service Control Manager","Guid":"{555908d1-a6d7-4695-8e1e-26931d2012f4}","EventSourceName":"Service Control Manager"},"EventID_attributes":{"Qualifiers":16384},"EventID":7036,"Version":0,"Level":4,"Task":0,"Opcode":0,"Keywords":"0x8080000000000000","TimeCreated_attributes":{"SystemTime":"2013-10-23T19:57:12.588750Z"},"EventRecordID":2196,"Correlation":null,"Execution_attributes":{"ProcessID":516,"ThreadID":616},"Channel":"System","Computer":"IE8Win7","Security":null},"EventData":{"param1":"Background Intelligent Transfer Service","param2":"running","Binary":"42004900540053002F0034000000"}}}
{"Event_attributes":{"xmlns":"http://schemas.microsoft.com/win/2004/08/events/event"},"Event":{"System":{"Provider_attributes":{"Name":"Service Control Manager","Guid":"{555908d1-a6d7-4695-8e1e-26931d2012f4}","EventSourceName":"Service Control Manager"},"EventID_attributes":{"Qualifiers":16384},"EventID":7036,"Version":0,"Level":4,"Task":0,"Opcode":0,"Keywords":"0x8080000000000000","TimeCreated_attributes":{"SystemTime":"2013-10-23T19:57:17.901250Z"},"EventRecordID":2197,"Correlation":null,"Execution_attributes":{"ProcessID":516,"ThreadID":2524},"Channel":"System","Computer":"IE8Win7","Security":null},"EventData":{"param1":"SSDP Discovery","param2":"running","Binary":"53005300440050005300520056002F0034000000"}}}
{"Event_attributes":{"xmlns":"http://schemas.microsoft.com/win/2004/08/events/event"},"Event":{"System":{"Provider_attributes":{"Name":"Service Control Manager","Guid":"{555908d1-a6d7-4695-8e1e-26931d2012f4}","EventSourceName":"Service Control Manager"},"EventID_attributes":{"Qualifiers":16384},"EventID":7036,"Version":0,"Level":4,"Task":0,"Opcode":0,"Keywords":"0x8080000000000000","TimeCreated_attributes":{"SystemTime":"2013-10-23T19:57:22.073125Z"},"EventRecordID":2198,"Correlation":null,"Execution_attributes":{"ProcessID":516,"ThreadID":2524},"Channel":"System","Computer":"IE8Win7","Security":null},"EventData":{"param1":"Microsoft .NET Framework NGEN v4.0.30319_X86","param2":"running","Binary":"63006C0072005F006F007000740069006D0069007A006100740069006F006E005F00760034002E0030002E00330030003300310039005F00330032002F0034000000"}}}
{"Event_attributes":{"xmlns":"http://schemas.microsoft.com/win/2004/08/events/event"},"Event":{"System":{"Provider_attributes":{"Name":"Service Control Manager","Guid":"{555908d1-a6d7-4695-8e1e-26931d2012f4}","EventSourceName":"Service Control Manager"},"EventID_attributes":{"Qualifiers":16384},"EventID":7036,"Version":0,"Level":4,"Task":0,"Opcode":0,"Keywords":"0x8080000000000000","TimeCreated_attributes":{"SystemTime":"2013-10-23T19:57:22.760625Z"},"EventRecordID":2199,"Correlation":null,"Execution_attributes":{"ProcessID":516,"ThreadID":2524},"Channel":"System","Computer":"IE8Win7","Security":null},"EventData":{"param1":"Windows Font Cache Service","param2":"running","Binary":"46006F006E007400430061006300680065002F0034000000"}}}
{"Event_attributes":{"xmlns":"http://schemas.microsoft.com/win/2004/08/events/event"},"Event":{"System":{"Provider_attributes":{"Name":"Service Control Manager","Guid":"{555908d1-a6d7-4695-8e1e-26931d2012f4}","EventSourceName":"Service Control Manager"},"EventID_attributes":{"Qualifiers":16384},"EventID":7036,"Version":0,"Level":4,"Task":0,"Opcode":0,"Keywords":"0x8080000000000000","TimeCreated_attributes":{"SystemTime":"2013-10-23T19:57:26.760625Z"},"EventRecordID":2200,"Correlation":null,"Execution_attributes":{"ProcessID":516,"ThreadID":2524},"Channel":"System","Computer":"IE8Win7","Security":null},"EventData":{"param1":"Windows Defender","param2":"running","Binary":"570069006E0044006500660065006E0064002F0034000000"}}}
{"Event_attributes":{"xmlns":"http://schemas.microsoft.com/win/2004/08/events/event"},"Event":{"System":{"Provider_attributes":{"Name":"Service Control Manager","Guid":"{555908d1-a6d7-4695-8e1e-26931d2012f4}","EventSourceName":"Service Control Manager"},"EventID_attributes":{"Qualifiers":16384},"EventID":7036,"Version":0,"Level":4,"Task":0,"Opcode":0,"Keywords":"0x8080000000000000","TimeCreated_attributes":{"SystemTime":"2013-10-23T19:57:27.401250Z"},"EventRecordID":2201,"Correlation":null,"Execution_attributes":{"ProcessID":516,"ThreadID":616},"Channel":"System","Computer":"IE8Win7","Security":null},"EventData":{"param1":"Security Center","param2":"running","Binary":"7700730063007300760063002F0034000000"}}}
{"Event_attributes":{"xmlns":"http://schemas.microsoft.com/win/2004/08/events/event"},"Event":{"System":{"Provider_attributes":{"Name":"Service Control Manager","Guid":"{555908d1-a6d7-4695-8e1e-26931d2012f4}","EventSourceName":"Service Control Manager"},"EventID_attributes":{"Qualifiers":16384},"EventID":7036,"Version":0,"Level":4,"Task":0,"Opcode":0,"Keywords":"0x8080000000000000","TimeCreated_attributes":{"SystemTime":"2013-10-23T19:57:30.823125Z"},"EventRecordID":2202,"Correlation":null,"Execution_attributes":{"ProcessID":516,"ThreadID":2272},"Channel":"System","Computer":"IE8Win7","Security":null},"EventData":{"param1":"Portable Device Enumerator Service","param2":"stopped","Binary":"57005000440042007500730045006E0075006D002F0031000000"}}}
{"Event_attributes":{"xmlns":"http://schemas.microsoft.com/win/2004/08/events/event"},"Event":{"System":{"Provider_attributes":{"Name":"Microsoft-Windows-WindowsUpdateClient","Guid":"945A8954-C147-4ACD-923F-40C45405A658"},"EventID":19,"Version":0,"Level":4,"Task":1,"Opcode":13,"Keywords":"0x8000000000000018","TimeCreated_attributes":{"SystemTime":"2013-10-23T19:59:43.385625Z"},"EventRecordID":2203,"Correlation":null,"Execution_attributes":{"ProcessID":872,"ThreadID":2356},"Channel":"System","Computer":"IE8Win7","Security_attributes":{"UserID":"S-1-5-18"}},"EventData":{"updateTitle":"Update for Windows 7 (KB2505438)","updateGuid":"7DC986C8-F48B-45D5-B56F-16C13CFA82AA","updateRevisionNumber":103}}}
{"Event_attributes":{"xmlns":"http://schemas.microsoft.com/win/2004/08/events/event"},"Event":{"System":{"Provider_attributes":{"Name":"Service Control Manager","Guid":"{555908d1-a6d7-4695-8e1e-26931d2012f4}","EventSourceName":"Service Control Manager"},"EventID_attributes":{"Qualifiers":16384},"EventID":7036,"Version":0,"Level":4,"Task":0,"Opcode":0,"Keywords":"0x8080000000000000","TimeCreated_attributes":{"SystemTime":"2013-10-23T20:00:01.573125Z"},"EventRecordID":2204,"Correlation":null,"Execution_attributes":{"ProcessID":516,"ThreadID":2864},"Channel":"System","Computer":"IE8Win7","Security":null},"EventData":{"param1":"Multimedia Class Scheduler","param2":"stopped","Binary":"4D004D004300530053002F0031000000"}}}
{"Event_attributes":{"xmlns":"http://schemas.microsoft.com/win/2004/08/events/event"},"Event":{"System":{"Provider_attributes":{"Name":"Service Control Manager","Guid":"{555908d1-a6d7-4695-8e1e-26931d2012f4}","EventSourceName":"Service Control Manager"},"EventID_attributes":{"Qualifiers":16384},"EventID":7040,"Version":0,"Level":4,"Task":0,"Opcode":0,"Keywords":"0x8080000000000000","TimeCreated_attributes":{"SystemTime":"2013-10-23T20:00:40.448125Z"},"EventRecordID":2205,"Correlation":null,"Execution_attributes":{"ProcessID":516,"ThreadID":2864},"Channel":"System","Computer":"IE8Win7","Security_attributes":{"UserID":"S-1-5-18"}},"EventData":{"param1":"Windows Modules Installer","param2":"demand start","param3":"auto start","param4":"TrustedInstaller"}}}
{"Event_attributes":{"xmlns":"http://schemas.microsoft.com/win/2004/08/events/event"},"Event":{"System":{"Provider_attributes":{"Name":"Service Control Manager","Guid":"{555908d1-a6d7-4695-8e1e-26931d2012f4}","EventSourceName":"Service Control Manager"},"EventID_attributes":{"Qualifiers":16384},"EventID":7040,"Version":0,"Level":4,"Task":0,"Opcode":0,"Keywords":"0x8080000000000000","TimeCreated_attributes":{"SystemTime":"2013-10-23T20:00:58.776250Z"},"EventRecordID":2206,"Correlation":null,"Execution_attributes":{"ProcessID":516,"ThreadID":2864},"Channel":"System","Computer":"IE8Win7","Security_attributes":{"UserID":"S-1-5-18"}},"EventData":{"param1":"Windows Modules Installer","param2":"auto start","param3":"demand start","param4":"TrustedInstaller"}}}
{"Event_attributes":{"xmlns":"http://schemas.microsoft.com/win/2004/08/events/event"},"Event":{"System":{"Provider_attributes":{"Name":"Service Control Manager","Guid":"{555908d1-a6d7-4695-8e1e-26931d2012f4}","EventSourceName":"Service Control Manager"},"EventID_attributes":{"Qualifiers":16384},"EventID":7040,"Version":0,"Level":4,"Task":0,"Opcode":0,"Keywords":"0x8080000000000000","TimeCreated_attributes":{"SystemTime":"2013-10-23T20:02:01.682500Z"},"EventRecordID":2207,"Correlation":null,"Execution_attributes":{"ProcessID":516,"ThreadID":3324},"Channel":"System","Computer":"IE8Win7","Security_attributes":{"UserID":"S-1-5-18"}},"EventData":{"param1":"Windows Modules Installer","param2":"demand start","param3":"auto start","param4":"TrustedInstaller"}}}
{"Event_attributes":{"xmlns":"http://schemas.microsoft.com/win/2004/08/events/event"},"Event":{"System":{"Provider_attributes":{"Name":"Service Control Manager","Guid":"{555908d1-a6d7-4695-8e1e-26931d2012f4}","EventSourceName":"Service Control Manager"},"EventID_attributes":{"Qualifiers":16384},"EventID":7040,"Version":0,"Level":4,"Task":0,"Opcode":0,"Keywords":"0x8080000000000000","TimeCreated_attributes":{"SystemTime":"2013-10-23T20:02:19.151250Z"},"EventRecordID":2208,"Correlation":null,"Execution_attributes":{"ProcessID":516,"ThreadID":3432},"Channel":"System","Computer":"IE8Win7","Security_attributes":{"UserID":"S-1-5-18"}},"EventData":{"param1":"Windows Modules Installer","param2":"auto start","param3":"demand start","param4":"TrustedInstaller"}}}
{"Event_attributes":{"xmlns":"http://schemas.microsoft.com/win/2004/08/events/event"},"Event":{"System":{"Provider_attributes":{"Name":"Service Control Manager","Guid":"{555908d1-a6d7-4695-8e1e-26931d2012f4}","EventSourceName":"Service Control Manager"},"EventID_attributes":{"Qualifiers":16384},"EventID":7040,"Version":0,"Level":4,"Task":0,"Opcode":0,"Keywords":"0x8080000000000000","TimeCreated_attributes":{"SystemTime":"2013-10-23T20:02:26.104375Z"},"EventRecordID":2209,"Correlation":null,"Execution_attributes":{"ProcessID":516,"ThreadID":3432},"Channel":"System","Computer":"IE8Win7","Security_attributes":{"UserID":"S-1-5-18"}},"EventData":{"param1":"Windows Modules Installer","param2":"demand start","param3":"auto start","param4":"TrustedInstaller"}}}
{"Event_attributes":{"xmlns":"http://schemas.microsoft.com/win/2004/08/events/event"},"Event":{"System":{"Provider_attributes":{"Name":"Service Control Manager","Guid":"{555908d1-a6d7-4695-8e1e-26931d2012f4}","EventSourceName":"Service Control Manager"},"EventID_attributes":{"Qualifiers":16384},"EventID":7040,"Version":0,"Level":4,"Task":0,"Opcode":0,"Keywords":"0x8080000000000000","TimeCreated_attributes":{"SystemTime":"2013-10-23T20:02:29.182500Z"},"EventRecordID":2210,"Correlation":null,"Execution_attributes":{"ProcessID":516,"ThreadID":3432},"Channel":"System","Computer":"IE8Win7","Security_attributes":{"UserID":"S-1-5-18"}},"EventData":{"param1":"Windows Modules Installer","param2":"auto start","param3":"demand start","param4":"TrustedInstaller"}}}
{"Event_attributes":{"xmlns":"http://schemas.microsoft.com/win/2004/08/events/event"},"Event":{"System":{"Provider_attributes":{"Name":"Service Control Manager","Guid":"{555908d1-a6d7-4695-8e1e-26931d2012f4}","EventSourceName":"Service Control Manager"},"EventID_attributes":{"Qualifiers":16384},"EventID":7040,"Version":0,"Level":4,"Task":0,"Opcode":0,"Keywords":"0x8080000000000000","TimeCreated_attributes":{"SystemTime":"2013-10-23T20:02:33.276250Z"},"EventRecordID":2211,"Correlation":null,"Execution_attributes":{"ProcessID":516,"ThreadID":3432},"Channel":"System","Computer":"IE8Win7","Security_attributes":{"UserID":"S-1-5-18"}},"EventData":{"param1":"Windows Modules Installer","param2":"demand start","param3":"auto start","param4":"TrustedInstaller"}}}
