{"Event_attributes":{"xmlns":"http://schemas.microsoft.com/win/2004/08/events/event"},"Event":{"System":{"Provider_attributes":{"Name":"Service Control Manager","Guid":"{555908d1-a6d7-4695-8e1e-26931d2012f4}","EventSourceName":"Service Control Manager"},"EventID_attributes":{"Qualifiers":16384},"EventID":7040,"Version":0,"Level":4,"Task":0,"Opcode":0,"Keywords":"0x8080000000000000","TimeCreated_attributes":{"SystemTime":"2013-10-23T16:42:47.504750Z"},"EventRecordID":676,"Correlation":null,"Execution_attributes":{"ProcessID":492,"ThreadID":3048},"Channel":"System","Computer":"IE8Win7","Security_attributes":{"UserID":"S-1-5-18"}},"EventData":{"param1":"Windows Modules Installer","param2":"demand start","param3":"auto start","param4":"TrustedInstaller"}}}
{"Event_attributes":{"xmlns":"http://schemas.microsoft.com/win/2004/08/events/event"},"Event":{"System":{"Provider_attributes":{"Name":"Service Control Manager","Guid":"{555908d1-a6d7-4695-8e1e-26931d2012f4}","EventSourceName":"Service Control Manager"},"EventID_attributes":{"Qualifiers":16384},"EventID":7040,"Version":0,"Level":4,"Task":0,"Opcode":0,"Keywords":"0x8080000000000000","TimeCreated_attributes":{"SystemTime":"2013-10-23T16:42:52.645375Z"},"EventRecordID":677,"Correlation":null,"Execution_attributes":{"ProcessID":492,"ThreadID":3668},"Channel":"System","Computer":"IE8Win7","Security_attributes":{"UserID":"S-1-5-18"}},"EventData":{"param1":"Windows Modules Installer","param2":"auto start","param3":"demand start","param4":"TrustedInstaller"}}}
{"Event_attributes":{"xmlns":"http://schemas.microsoft.com/win/2004/08/events/event"},"Event":{"System":{"Provider_attributes":{"Name":"Service Control Manager","Guid":"{555908d1-a6d7-4695-8e1e-26931d2012f4}","EventSourceName":"Service Control Manager"},"EventID_attributes":{"Qualifiers":16384},"EventID":7040,"Version":0,"Level":4,"Task":0,"Opcode":0,"Keywords":"0x8080000000000000","TimeCreated_attributes":{"SystemTime":"2013-10-23T16:42:55.129750Z"},"EventRecordID":678,"Correlation":null,"Execution_attributes":{"ProcessID":492,"ThreadID":3668},"Channel":"System","Computer":"IE8Win7","Security_attributes":{"UserID":"S-1-5-18"}},"EventData":{"param1":"Windows Modules Installer","param2":"demand start","param3":"auto start","param4":"TrustedInstaller"}}}
{"Event_attributes":{"xmlns":"http://schemas.microsoft.com/win/2004/08/events/event"},"Event":{"System":{"Provider_attributes":{"Name":"Service Control Manager","Guid":"{555908d1-a6d7-4695-8e1e-26931d2012f4}","EventSourceName":"Service Control Manager"},"EventID_attributes":{"Qualifiers":16384},"EventID":7040,"Version":0,"Level":4,"Task":0,"Opcode":0,"Keywords":"0x8080000000000000","TimeCreated_attributes":{"SystemTime":"2013-10-23T16:43:02.926625Z"},"EventRecordID":679,"Correlation":null,"Execution_attributes":{"ProcessID":492,"ThreadID":3668},"Channel":"System","Computer":"IE8Win7","Security_attributes":{"UserID":"S-1-5-18"}},"EventData":{"param1":"Windows Modules Installer","param2":"auto start","param3":"demand start","param4":"TrustedInstaller"}}}
{"Event_attributes":{"xmlns":"http://schemas.microsoft.com/win/2004/08/events/event"},"Event":{"System":{"Provider_attributes":{"Name":"Service Control Manager","Guid":"{555908d1-a6d7-4695-8e1e-26931d2012f4}","EventSourceName":"Service Control Manager"},"EventID_attributes":{"Qualifiers":16384},"EventID":7040,"Version":0,"Level":4,"Task":0,"Opcode":0,"Keywords":"0x8080000000000000","TimeCreated_attributes":{"SystemTime":"2013-10-23T16:43:05.879750Z"},"EventRecordID":680,"Correlation":null,"Execution_attributes":{"ProcessID":492,"ThreadID":3668},"Channel":"System","Computer":"IE8Win7","Security_attributes":{"UserID":"S-1-5-18"}},"EventData":{"param1":"Windows Modules Installer","param2":"demand start","param3":"auto start","param4":"TrustedInstaller"}}}
{"Event_attributes":{"xmlns":"http://schemas.microsoft.com/win/2004/08/events/event"},"Event":{"System":{"Provider_attributes":{"Name":"Service Control Manager","Guid":"{555908d1-a6d7-4695-8e1e-26931d2012f4}","EventSourceName":"Service Control Manager"},"EventID_attributes":{"Qualifiers":16384},"EventID":7040,"Version":0,"Level":4,"Task":0,"Opcode":0,"Keywords":"0x8080000000000000","TimeCreated_attributes":{"SystemTime":"2013-10-23T16:43:15.754750Z"},"EventRecordID":681,"Correlation":null,"Execution_attributes":{"ProcessID":492,"ThreadID":3668},"Channel":"System","Computer":"IE8Win7","Security_attributes":{"UserID":"S-1-5-18"}},"EventData":{"param1":"Windows Modules Installer","param2":"auto start","param3":"demand start","param4":"TrustedInstaller"}}}
{"Event_attributes":{"xmlns":"http://schemas.microsoft.com/win/2004/08/events/event"},"Event":{"System":{"Provider_attributes":{"Name":"Service Control Manager","Guid":"{555908d1-a6d7-4695-8e1e-26931d2012f4}","EventSourceName":"Service Control Manager"},"EventID_attributes":{"Qualifiers":16384},"EventID":7040,"Version":0,"Level":4,"Task":0,"Opcode":0,"Keywords":"0x8080000000000000","TimeCreated_attributes":{"SystemTime":"2013-10-23T16:43:20.348500Z"},"EventRecordID":682,"Correlation":null,"Execution_attributes":{"ProcessID":492,"ThreadID":3668},"Channel":"System","Computer":"IE8Win7","Security_attributes":{"UserID":"S-1-5-18"}},"EventData":{"param1":"Windows Modules Installer","param2":"demand start","param3":"auto start","param4":"TrustedInstaller"}}}
{"Event_attributes":{"xmlns":"http://schemas.microsoft.com/win/2004/08/events/event"},"Event":{"System":{"Provider_attributes":{"Name":"Service Control Manager","Guid":"{555908d1-a6d7-4695-8e1e-26931d2012f4}","EventSourceName":"Service Control Manager"},"EventID_attributes":{"Qualifiers":16384},"EventID":7040,"Version":0,"Level":4,"Task":0,"Opcode":0,"Keywords":"0x8080000000000000","TimeCreated_attributes":{"SystemTime":"2013-10-23T16:43:20.879750Z"},"EventRecordID":683,"Correlation":null,"Execution_attributes":{"ProcessID":492,"ThreadID":3668},"Channel":"System","Computer":"IE8Win7","Security_attributes":{"UserID":"S-1-5-18"}},"EventData":{"param1":"Windows Modules Installer","param2":"auto start","param3":"demand start","param4":"TrustedInstaller"}}}
{"Event_attributes":{"xmlns":"http://schemas.microsoft.com/win/2004/08/events/event"},"Event":{"System":{"Provider_attributes":{"Name":"Service Control Manager","Guid":"{555908d1-a6d7-4695-8e1e-26931d2012f4}","EventSourceName":"Service Control Manager"},"EventID_attributes":{"Qualifiers":16384},"EventID":7040,"Version":0,"Level":4,"Task":0,"Opcode":0,"Keywords":"0x8080000000000000","TimeCreated_attributes":{"SystemTime":"2013-10-23T16:43:23.629750Z"},"EventRecordID":684,"Correlation":null,"Execution_attributes":{"ProcessID":492,"ThreadID":3668},"Channel":"System","Computer":"IE8Win7","Security_attributes":{"UserID":"S-1-5-18"}},"EventData":{"param1":"Windows Modules Installer","param2":"demand start","param3":"auto start","param4":"TrustedInstaller"}}}
{"Event_attributes":{"xmlns":"http://schemas.microsoft.com/win/2004/08/events/event"},"Event":{"System":{"Provider_attributes":{"Name":"Microsoft-Windows-WindowsUpdateClient","Guid":"945A8954-C147-4ACD-923F-40C45405A658"},"EventID":18,"Version":0,"Level":4,"Task":2,"Opcode":12,"Keywords":"0x8000000000000014","TimeCreated_attributes":{"SystemTime":"2013-10-23T16:43:24.895375Z"},"EventRecordID":685,"Correlation":null,"Execution_attributes":{"ProcessID":916,"ThreadID":1220},"Channel":"System","Computer":"IE8Win7","Security_attributes":{"UserID":"S-1-5-18"}},"EventData":{"schedinstalldate":"‎Thursday, ‎October ‎24, ‎2013","schedinstalltime":"3:00 AM","updatelist":"\n- Update for Windows 7 (KB2502285)\n- Security Update for Windows 7 (KB2790113)\n- Security Update for Microsoft .NET Framework 3.5.1 on Windows 7 x86 (KB2604114)\n- Update for Windows 7 (KB2779562)\n- Update for Windows 7 (KB2387530)\n- Security Update for Microsoft .NET Framework 3.5.1 on Windows 7 x86 (KB2756920)\n- Update for Windows 7 (KB2541014)\n- Update for Windows 7 (KB2533552)\n- Security Update for Windows 7 (KB2691442)\n- Update for Windows 7 (KB971033)\n- Update for Windows 7 (KB979538)\n- Security Update for Windows 7 (KB979309)\n- Security Update for Windows 7 (KB2653956)\n- Update for User-Mode Driver Framework version 1.11 for Windows 7 (KB2685813)\n- Update for Kernel-Mode Driver Framework version 1.11 for Windows 7 (KB2685811)\n- Cumulative Security Update for ActiveX Killbits for Windows 7 (KB2618451)\n- Update for Windows 7 (KB2718704)\n- Security Update for Windows 7 (KB975467)"}}}
{"Event_attributes":{"xmlns":"http://schemas.microsoft.com/win/2004/08/events/event"},"Event":{"System":{"Provider_attributes":{"Name":"Service Control Manager","Guid":"{555908d1-a6d7-4695-8e1e-26931d2012f4}","EventSourceName":"Service Control Manager"},"EventID_attributes":{"Qualifiers":16384},"EventID":7040,"Version":0,"Level":4,"Task":0,"Opcode":0,"Keywords":"0x8080000000000000","TimeCreated_attributes":{"SystemTime":"2013-10-23T16:43:35.614125Z"},"EventRecordID":686,"Correlation":null,"Execution_attributes":{"ProcessID":492,"ThreadID":3668},"Channel":"System","Computer":"IE8Win7","Security_attributes":{"UserID":"S-1-5-18"}},"EventData":{"param1":"Windows Modules Installer","param2":"auto start","param3":"demand start","param4":"TrustedInstaller"}}}
{"Event_attributes":{"xmlns":"http://schemas.microsoft.com/win/2004/08/events/event"},"Event":{"System":{"Provider_attributes":{"Name":"Service Control Manager","Guid":"{555908d1-a6d7-4695-8e1e-26931d2012f4}","EventSourceName":"Service Control Manager"},"EventID_attributes":{"Qualifiers":16384},"EventID":7040,"Version":0,"Level":4,"Task":0,"Opcode":0,"Keywords":"0x8080000000000000","TimeCreated_attributes":{"SystemTime":"2013-10-23T16:43:39.114125Z"},"EventRecordID":687,"Correlation":null,"Execution_attributes":{"ProcessID":492,"ThreadID":3668},"Channel":"System","Computer":"IE8Win7","Security_attributes":{"UserID":"S-1-5-18"}},"EventData":{"param1":"Windows Modules Installer","param2":"demand start","param3":"auto start","param4":"TrustedInstaller"}}}
{"Event_attributes":{"xmlns":"http://schemas.microsoft.com/win/2004/08/events/event"},"Event":{"System":{"Provider_attributes":{"Name":"Service Control Manager","Guid":"{555908d1-a6d7-4695-8e1e-26931d2012f4}","EventSourceName":"Service Control Manager"},"EventID_attributes":{"Qualifiers":16384},"EventID":7040,"Version":0,"Level":4,"Task":0,"Opcode":0,"Keywords":"0x8080000000000000","TimeCreated_attributes":{"SystemTime":"2013-10-23T16:43:52.192250Z"},"EventRecordID":688,"Correlation":null,"Execution_attributes":{"ProcessID":492,"ThreadID":968},"Channel":"System","Computer":"IE8Win7","Security_attributes":{"UserID":"S-1-5-18"}},"EventData":{"param1":"Windows Modules Installer","param2":"auto start","param3":"demand start","param4":"TrustedInstaller"}}}
{"Event_attributes":{"xmlns":"http://schemas.microsoft.com/win/2004/08/events/event"},"Event":{"System":{"Provider_attributes":{"Name":"Service Control Manager","Guid":"{555908d1-a6d7-4695-8e1e-26931d2012f4}","EventSourceName":"Service Control Manager"},"EventID_attributes":{"Qualifiers":16384},"EventID":7040,"Version":0,"Level":4,"Task":0,"Opcode":0,"Keywords":"0x8080000000000000","TimeCreated_attributes":{"SystemTime":"2013-10-23T16:43:55.864125Z"},"EventRecordID":689,"Correlation":null,"Execution_attributes":{"ProcessID":492,"ThreadID":968},"Channel":"System","Computer":"IE8Win7","Security_attributes":{"UserID":"S-1-5-18"}},"EventData":{"param1":"Windows Modules Installer","param2":"demand start","param3":"auto start","param4":"TrustedInstaller"}}}
{"Event_attributes":{"xmlns":"http://schemas.microsoft.com/win/2004/08/events/event"},"Event":{"System":{"Provider_attributes":{"Name":"Service Control Manager","Guid":"{555908d1-a6d7-4695-8e1e-26931d2012f4}","EventSourceName":"Service Control Manager"},"EventID_attributes":{"Qualifiers":16384},"EventID":7040,"Version":0,"Level":4,"Task":0,"Opcode":0,"Keywords":"0x8080000000000000","TimeCreated_attributes":{"SystemTime":"2013-10-23T16:44:05.036000Z"},"EventRecordID":690,"Correlation":null,"Execution_attributes":{"ProcessID":492,"ThreadID":968},"Channel":"System","Computer":"IE8Win7","Security_attributes":{"UserID":"S-1-5-18"}},"EventData":{"param1":"Windows Modules Installer","param2":"auto start","param3":"demand start","param4":"TrustedInstaller"}}}
{"Event_attributes":{"xmlns":"http://schemas.microsoft.com/win/2004/08/events/event"},"Event":{"System":{"Provider_attributes":{"Name":"Microsoft-Windows-WindowsUpdateClient","Guid":"945A8954-C147-4ACD-923F-40C45405A658"},"EventID":18,"Version":0,"Level":4,"Task":2,"Opcode":12,"Keywords":"0x8000000000000014","TimeCreated_attributes":{"SystemTime":"2013-10-23T16:44:13.129750Z"},"EventRecordID":691,"Correlation":null,"Execution_attributes":{"ProcessID":916,"ThreadID":1220},"Channel":"System","Computer":"IE8Win7","Security_attributes":{"UserID":"S-1-5-18"}},"EventData":{"schedinstalldate":"‎Thursday, ‎October ‎24, ‎2013","schedinstalltime":"3:00 AM","updatelist":"\n- Update for Windows 7 (KB2502285)\n- Security Update for Windows 7 (KB2790113)\n- Security Update for Microsoft .NET Framework 3.5.1 on Windows 7 x86 (KB2604114)\n- Update for Windows 7 (KB2779562)\n- Update for Windows 7 (KB2387530)\n- Security Update for Microsoft .NET Framework 3.5.1 on Windows 7 x86 (KB2756920)\n- Update for Windows 7 (KB2541014)\n- Update for Windows 7 (KB2533552)\n- Security Update for Windows 7 (KB2691442)\n- Update for Windows 7 (KB971033)\n- Update for Windows 7 (KB979538)\n- Security Update for Windows 7 (KB979309)\n- Security Update for Windows 7 (KB2653956)\n- Update for User-Mode Driver Framework version 1.11 for Windows 7 (KB2685813)\n- Update for Kernel-Mode Driver Framework version 1.11 for Windows 7 (KB2685811)\n- Cumulative Security Update for ActiveX Killbits for Windows 7 (KB2618451)\n- Update for Windows 7 (KB2718704)\n- Security Update for Windows 7 (KB975467)\n- Security Update for Windows 7 (KB2753842)"}}}
{"Event_attributes":{"xmlns":"http://schemas.microsoft.com/win/2004/08/events/event"},"Event":{"System":{"Provider_attributes":{"Name":"Microsoft-Windows-WindowsUpdateClient","Guid":"945A8954-C147-4ACD-923F-40C45405A658"},"EventID":18,"Version":0,"Level":4,"Task":2,"Opcode":12,"Keywords":"0x8000000000000014","TimeCreated_attributes":{"SystemTime":"2013-10-23T16:44:17.551625Z"},"EventRecordID":692,"Correlation":null,"Execution_attributes":{"ProcessID":916,"ThreadID":1220},"Channel":"System","Computer":"IE8Win7","Security_attributes":{"UserID":"S-1-5-18"}},"EventData":{"schedinstalldate":"‎Thursday, ‎October ‎24, ‎2013","schedinstalltime":"3:00 AM","updatelist":"\n- Update for Windows 7 (KB2502285)\n- Security Update for Windows 7 (KB2790113)\n- Security Update for Microsoft .NET Framework 3.5.1 on Windows 7 x86 (KB2604114)\n- Update for Windows 7 (KB2779562)\n- Update for Windows 7 (KB2387530)\n- Security Update for Microsoft .NET Framework 3.5.1 on Windows 7 x86 (KB2756920)\n- Update for Windows 7 (KB2541014)\n- Update for Windows 7 (KB2533552)\n- Security Update for Windows 7 (KB2691442)\n- Update for Windows 7 (KB971033)\n- Update for Windows 7 (KB979538)\n- Security Update for Windows 7 (KB979309)\n- Security Update for Windows 7 (KB2653956)\n- Update for User-Mode Driver Framework version 1.11 for Windows 7 (KB2685813)\n- Update for Kernel-Mode Driver Framework version 1.11 for Windows 7 (KB2685811)\n- Security Update for Windows 7 (KB2621440)\n- Cumulative Security Update for ActiveX Killbits for Windows 7 (KB2618451)\n- Update for Windows 7 (KB2718704)\n- Security Update for Windows 7 (KB975467)\n- Security Update for Windows 7 (KB2753842)"}}}
{"Event_attributes":{"xmlns":"http://schemas.microsoft.com/win/2004/08/events/event"},"Event":{"System":{"Provider_attributes":{"Name":"Microsoft-Windows-WindowsUpdateClient","Guid":"945A8954-C147-4ACD-923F-40C45405A658"},"EventID":18,"Version":0,"Level":4,"Task":2,"Opcode":12,"Keywords":"0x8000000000000014","TimeCreated_attributes":{"SystemTime":"2013-10-23T16:44:17.551625Z"},"EventRecordID":693,"Correlation":null,"Execution_attributes":{"ProcessID":916,"ThreadID":1220},"Channel":"System","Computer":"IE8Win7","Security_attributes":{"UserID":"S-1-5-18"}},"EventData":{"schedinstalldate":"‎Thursday, ‎October ‎24, ‎2013","schedinstalltime":"3:00 AM","updatelist":"\n- Update for Windows 7 (KB2502285)\n- Security Update for Windows 7 (KB2790113)\n- Security Update for Microsoft .NET Framework 3.5.1 on Windows 7 x86 (KB2604114)\n- Update for Windows 7 (KB2779562)\n- Update for Windows 7 (KB2387530)\n- Security Update for Microsoft .NET Framework 3.5.1 on Windows 7 x86 (KB2756920)\n- Update for Windows 7 (KB2541014)\n- Update for Windows 7 (KB2533552)\n- Security Update for Windows 7 (KB2691442)\n- Update for Windows 7 (KB971033)\n- Security Update for Windows 7 (KB979688)\n- Update for Windows 7 (KB979538)\n- Security Update for Windows 7 (KB979309)\n- Security Update for Windows 7 (KB2653956)\n- Update for User-Mode Driver Framework version 1.11 for Windows 7 (KB2685813)\n- Update for Kernel-Mode Driver Framework version 1.11 for Windows 7 (KB2685811)\n- Security Update for Windows 7 (KB2621440)\n- Cumulative Security Update for ActiveX Killbits for Windows 7 (KB2618451)\n- Update for Windows 7 (KB2718704)\n- Security Update for Windows 7 (KB975467)\n- Security Upda"}}}
{"Event_attributes":{"xmlns":"http://schemas.microsoft.com/win/2004/08/events/event"},"Event":{"System":{"Provider_attributes":{"Name":"Microsoft-Windows-WindowsUpdateClient","Guid":"945A8954-C147-4ACD-923F-40C45405A658"},"EventID":18,"Version":0,"Level":4,"Task":2,"Opcode":12,"Keywords":"0x8000000000000014","TimeCreated_attributes":{"SystemTime":"2013-10-23T16:44:20.942250Z"},"EventRecordID":694,"Correlation":null,"Execution_attributes":{"ProcessID":916,"ThreadID":1220},"Channel":"System","Computer":"IE8Win7","Security_attributes":{"UserID":"S-1-5-18"}},"EventData":{"schedinstalldate":"‎Thursday, ‎October ‎24, ‎2013","schedinstalltime":"3:00 AM","updatelist":"\n- Update for Windows 7 (KB2502285)\n- Security Update for Windows 7 (KB2790113)\n- Security Update for Microsoft .NET Framework 3.5.1 on Windows 7 x86 (KB2604114)\n- Update for Windows 7 (KB2779562)\n- Update for Windows 7 (KB2387530)\n- Security Update for Microsoft .NET Framework 3.5.1 on Windows 7 x86 (KB2756920)\n- Update for Windows 7 (KB2541014)\n- Update for Windows 7 (KB2533552)\n- Security Update for Windows 7 (KB2691442)\n- Update for Windows 7 (KB971033)\n- Security Update for Windows 7 (KB979688)\n- Update for Windows 7 (KB979538)\n- Security Update for Windows 7 (KB979309)\n- Security Update for Windows 7 (KB2712808)\n- Security Update for Windows 7 (KB2653956)\n- Update for User-Mode Driver Framework version 1.11 for Windows 7 (KB2685813)\n- Update for Kernel-Mode Driver Framework version 1.11 for Windows 7 (KB2685811)\n- Security Update for Windows 7 (KB2621440)\n- Cumulative Security Update for ActiveX Killbits for Windows 7 (KB2618451)\n- Update for Windows 7 (KB2718704)\n- Security Upd"}}}
{"Event_attributes":{"xmlns":"http://schemas.microsoft.com/win/2004/08/events/event"},"Event":{"System":{"Provider_attributes":{"Name":"Microsoft-Windows-WindowsUpdateClient","Guid":"945A8954-C147-4ACD-923F-40C45405A658"},"EventID":18,"Version":0,"Level":4,"Task":2,"Opcode":12,"Keywords":"0x8000000000000014","TimeCreated_attributes":{"SystemTime":"2013-10-23T16:44:20.942250Z"},"EventRecordID":695,"Correlation":null,"Execution_attributes":{"ProcessID":916,"ThreadID":1220},"Channel":"System","Computer":"IE8Win7","Security_attributes":{"UserID":"S-1-5-18"}},"EventData":{"schedinstalldate":"‎Thursday, ‎October ‎24, ‎2013","schedinstalltime":"3:00 AM","updatelist":"\n- Update for Windows 7 (KB2502285)\n- Security Update for Windows 7 (KB2790113)\n- Security Update for Microsoft .NET Framework 3.5.1 on Windows 7 x86 (KB2604114)\n- Update for Windows 7 (KB2779562)\n- Update for Windows 7 (KB2387530)\n- Security Update for Microsoft .NET Framework 3.5.1 on Windows 7 x86 (KB2756920)\n- Update for Windows 7 (KB2541014)\n- Update for Windows 7 (KB2533552)\n- Security Update for Windows 7 (KB2691442)\n- Update for Windows 7 (KB971033)\n- Security Update for Windows 7 (KB979688)\n- Update for Windows 7 (KB979538)\n- Security Update for Windows 7 (KB979309)\n- Security Update for Windows 7 (KB2442962)\n- Security Update for Windows 7 (KB2712808)\n- Security Update for Windows 7 (KB2653956)\n- Update for User-Mode Driver Framework version 1.11 for Windows 7 (KB2685813)\n- Update for Kernel-Mode Driver Framework version 1.11 for Windows 7 (KB2685811)\n- Security Update for Windows 7 (KB2621440)\n- Cumulative Security Update for ActiveX Killbits for Windows 7 (KB2618451)\n- Upd"}}}
{"Event_attributes":{"xmlns":"http://schemas.microsoft.com/win/2004/08/events/event"},"Event":{"System":{"Provider_attributes":{"Name":"Microsoft-Windows-WindowsUpdateClient","Guid":"945A8954-C147-4ACD-923F-40C45405A658"},"EventID":18,"Version":0,"Level":4,"Task":2,"Opcode":12,"Keywords":"0x8000000000000014","TimeCreated_attributes":{"SystemTime":"2013-10-23T16:44:20.942250Z"},"EventRecordID":696,"Correlation":null,"Execution_attributes":{"ProcessID":916,"ThreadID":1220},"Channel":"System","Computer":"IE8Win7","Security_attributes":{"UserID":"S-1-5-18"}},"EventData":{"schedinstalldate":"‎Thursday, ‎October ‎24, ‎2013","schedinstalltime":"3:00 AM","updatelist":"\n- Update for Windows 7 (KB2502285)\n- Security Update for Windows 7 (KB2790113)\n- Security Update for Microsoft .NET Framework 3.5.1 on Windows 7 x86 (KB2604114)\n- Update for Windows 7 (KB2779562)\n- Update for Windows 7 (KB2387530)\n- Security Update for Microsoft .NET Framework 3.5.1 on Windows 7 x86 (KB2756920)\n- Update for Windows 7 (KB2541014)\n- Update for Windows 7 (KB2533552)\n- Security Update for Windows 7 (KB2691442)\n- Update for Windows 7 (KB971033)\n- Security Update for Windows 7 (KB979688)\n- Update for Windows 7 (KB979538)\n- Security Update for Windows 7 (KB979309)\n- Security Update for Windows 7 (KB2442962)\n- Security Update for Windows 7 (KB2281679)\n- Security Update for Windows 7 (KB2712808)\n- Security Update for Windows 7 (KB2653956)\n- Update for User-Mode Driver Framework version 1.11 for Windows 7 (KB2685813)\n- Update for Kernel-Mode Driver Framework version 1.11 for Windows 7 (KB2685811)\n- Security Update for Windows 7 (KB2621440)\n- Cumulative Security Update for Acti"}}}
{"Event_attributes":{"xmlns":"http://schemas.microsoft.com/win/2004/08/events/event"},"Event":{"System":{"Provider_attributes":{"Name":"Microsoft-Windows-WindowsUpdateClient","Guid":"945A8954-C147-4ACD-923F-40C45405A658"},"EventID":18,"Version":0,"Level":4,"Task":2,"Opcode":12,"Keywords":"0x8000000000000014","TimeCreated_attributes":{"SystemTime":"2013-10-23T16:44:24.520375Z"},"EventRecordID":697,"Correlation":null,"Execution_attributes":{"ProcessID":916,"ThreadID":1220},"Channel":"System","Computer":"IE8Win7","Security_attributes":{"UserID":"S-1-5-18"}},"EventData":{"schedinstalldate":"‎Thursday, ‎October ‎24, ‎2013","schedinstalltime":"3:00 AM","updatelist":"\n- Update for Windows 7 (KB2502285)\n- Security Update for Windows 7 (KB2790113)\n- Security Update for Microsoft .NET Framework 3.5.1 on Windows 7 x86 (KB2604114)\n- Update for Windows 7 (KB2779562)\n- Update for Windows 7 (KB2387530)\n- Security Update for Microsoft .NET Framework 3.5.1 on Windows 7 x86 (KB2756920)\n- Update for Windows 7 (KB2541014)\n- Update for Windows 7 (KB2533552)\n- Security Update for Windows 7 (KB2691442)\n- Update for Windows 7 (KB971033)\n- Security Update for Windows 7 (KB979688)\n- Update for Windows 7 (KB979538)\n- Security Update for Windows 7 (KB979309)\n- Security Update for Windows 7 (KB2442962)\n- Security Update for Windows 7 (KB2281679)\n- Security Update for Windows 7 (KB2712808)\n- Security Update for Windows 7 (KB2653956)\n- Update for User-Mode Driver Framework version 1.11 for Windows 7 (KB2685813)\n- Update for Kernel-Mode Driver Framework version 1.11 for Windows 7 (KB2685811)\n- Security Update for Windows 7 (KB2621440)\n- Cumulative Security Update for Acti"}}}
{"Event_attributes":{"xmlns":"http://schemas.microsoft.com/win/2004/08/events/event"},"Event":{"System":{"Provider_attributes":{"Name":"Microsoft-Windows-WindowsUpdateClient","Guid":"945A8954-C147-4ACD-923F-40C45405A658"},"EventID":18,"Version":0,"Level":4,"Task":2,"Opcode":12,"Keywords":"0x8000000000000014","TimeCreated_attributes":{"SystemTime":"2013-10-23T16:44:24.520375Z"},"EventRecordID":698,"Correlation":null,"Execution_attributes":{"ProcessID":916,"ThreadID":1220},"Channel":"System","Computer":"IE8Win7","Security_attributes":{"UserID":"S-1-5-18"}},"EventData":{"schedinstalldate":"‎Thursday, ‎October ‎24, ‎2013","schedinstalltime":"3:00 AM","updatelist":"\n- Update for Windows 7 (KB2502285)\n- Security Update for Windows 7 (KB2790113)\n- Security Update for Microsoft .NET Framework 3.5.1 on Windows 7 x86 (KB2604114)\n- Update for Windows 7 (KB2779562)\n- Update for Windows 7 (KB2387530)\n- Security Update for Microsoft .NET Framework 3.5.1 on Windows 7 x86 (KB2756920)\n- Update for Windows 7 (KB2541014)\n- Update for Windows 7 (KB2533552)\n- Security Update for Windows 7 (KB2691442)\n- Update for Windows 7 (KB971033)\n- Security Update for Windows 7 (KB979688)\n- Update for Windows 7 (KB979538)\n- Security Update for Windows 7 (KB979309)\n- Update for Windows 7 (KB2748349)\n- Security Update for Windows 7 (KB2442962)\n- Security Update for Windows 7 (KB2281679)\n- Security Update for Windows 7 (KB2712808)\n- Security Update for Windows 7 (KB2653956)\n- Update for User-Mode Driver Framework version 1.11 for Windows 7 (KB2685813)\n- Update for Kernel-Mode Driver Framework version 1.11 for Windows 7 (KB2685811)\n- Security Update for Windows 7 (KB2621440)\n- "}}}
{"Event_attributes":{"xmlns":"http://schemas.microsoft.com/win/2004/08/events/event"},"Event":{"System":{"Provider_attributes":{"Name":"Microsoft-Windows-WindowsUpdateClient","Guid":"945A8954-C147-4ACD-923F-40C45405A658"},"EventID":18,"Version":0,"Level":4,"Task":2,"Opcode":12,"Keywords":"0x8000000000000014","TimeCreated_attributes":{"SystemTime":"2013-10-23T16:44:24.520375Z"},"EventRecordID":699,"Correlation":null,"Execution_attributes":{"ProcessID":916,"ThreadID":1220},"Channel":"System","Computer":"IE8Win7","Security_attributes":{"UserID":"S-1-5-18"}},"EventData":{"schedinstalldate":"‎Thursday, ‎October ‎24, ‎2013","schedinstalltime":"3:00 AM","updatelist":"\n- Update for Windows 7 (KB2502285)\n- Security Update for Windows 7 (KB2790113)\n- Security Update for Microsoft .NET Framework 3.5.1 on Windows 7 x86 (KB2604114)\n- Update for Windows 7 (KB2779562)\n- Update for Windows 7 (KB2387530)\n- Security Update for Microsoft .NET Framework 3.5.1 on Windows 7 x86 (KB2756920)\n- Update for Windows 7 (KB2541014)\n- Update for Windows 7 (KB2533552)\n- Security Update for Windows 7 (KB2691442)\n- Update for Windows 7 (KB971033)\n- Security Update for Windows 7 (KB979688)\n- Update for Windows 7 (KB979538)\n- Security Update for Windows 7 (KB2511455)\n- Security Update for Windows 7 (KB979309)\n- Update for Windows 7 (KB2748349)\n- Security Update for Windows 7 (KB2442962)\n- Security Update for Windows 7 (KB2281679)\n- Security Update for Windows 7 (KB2712808)\n- Security Update for Windows 7 (KB2653956)\n- Update for User-Mode Driver Framework version 1.11 for Windows 7 (KB2685813)\n- Update for Kernel-Mode Driver Framework version 1.11 for Windows 7 (KB2685811)\n- "}}}
{"Event_attributes":{"xmlns":"http://schemas.microsoft.com/win/2004/08/events/event"},"Event":{"System":{"Provider_attributes":{"Name":"Service Control Manager","Guid":"{555908d1-a6d7-4695-8e1e-26931d2012f4}","EventSourceName":"Service Control Manager"},"EventID_attributes":{"Qualifiers":16384},"EventID":7036,"Version":0,"Level":4,"Task":0,"Opcode":0,"Keywords":"0x8080000000000000","TimeCreated_attributes":{"SystemTime":"2013-10-23T16:44:24.911000Z"},"EventRecordID":700,"Correlation":null,"Execution_attributes":{"ProcessID":492,"ThreadID":968},"Channel":"System","Computer":"IE8Win7","Security":null},"EventData":{"param1":"WinHTTP Web Proxy Auto-Discovery Service","param2":"stopped","Binary":"570069006E0048007400740070004100750074006F00500072006F00780079005300760063002F0031000000"}}}
{"Event_attributes":{"xmlns":"http://schemas.microsoft.com/win/2004/08/events/event"},"Event":{"System":{"Provider_attributes":{"Name":"Microsoft-Windows-WindowsUpdateClient","Guid":"945A8954-C147-4ACD-923F-40C45405A658"},"EventID":18,"Version":0,"Level":4,"Task":2,"Opcode":12,"Keywords":"0x8000000000000014","TimeCreated_attributes":{"SystemTime":"2013-10-23T16:44:27.817250Z"},"EventRecordID":701,"Correlation":null,"Execution_attributes":{"ProcessID":916,"ThreadID":1220},"Channel":"System","Computer":"IE8Win7","Security_attributes":{"UserID":"S-1-5-18"}},"EventData":{"schedinstalldate":"‎Thursday, ‎October ‎24, ‎2013","schedinstalltime":"3:00 AM","updatelist":"\n- Update for Windows 7 (KB2502285)\n- Security Update for Windows 7 (KB2790113)\n- Security Update for Microsoft .NET Framework 3.5.1 on Windows 7 x86 (KB2604114)\n- Update for Windows 7 (KB2779562)\n- Update for Windows 7 (KB2387530)\n- Security Update for Microsoft .NET Framework 3.5.1 on Windows 7 x86 (KB2756920)\n- Update for Windows 7 (KB2541014)\n- Update for Windows 7 (KB2533552)\n- Security Update for Windows 7 (KB2691442)\n- Update for Windows 7 (KB971033)\n- Security Update for Windows 7 (KB979688)\n- Update for Windows 7 (KB979538)\n- Security Update for Windows 7 (KB2511455)\n- Security Update for Windows 7 (KB2506212)\n- Security Update for Windows 7 (KB979309)\n- Update for Windows 7 (KB2748349)\n- Security Update for Windows 7 (KB2442962)\n- Security Update for Windows 7 (KB2281679)\n- Security Update for Windows 7 (KB2712808)\n- Security Update for Windows 7 (KB2653956)\n- Update for User-Mode Driver Framework version 1.11 for Windows 7 (KB2685813)\n- Update for Kernel-Mode Driver Framewo"}}}
{"Event_attributes":{"xmlns":"http://schemas.microsoft.com/win/2004/08/events/event"},"Event":{"System":{"Provider_attributes":{"Name":"Microsoft-Windows-WindowsUpdateClient","Guid":"945A8954-C147-4ACD-923F-40C45405A658"},"EventID":18,"Version":0,"Level":4,"Task":2,"Opcode":12,"Keywords":"0x8000000000000014","TimeCreated_attributes":{"SystemTime":"2013-10-23T16:44:27.817250Z"},"EventRecordID":702,"Correlation":null,"Execution_attributes":{"ProcessID":916,"ThreadID":1220},"Channel":"System","Computer":"IE8Win7","Security_attributes":{"UserID":"S-1-5-18"}},"EventData":{"schedinstalldate":"‎Thursday, ‎October ‎24, ‎2013","schedinstalltime":"3:00 AM","updatelist":"\n- Update for Windows 7 (KB2502285)\n- Security Update for Windows 7 (KB2790113)\n- Security Update for Microsoft .NET Framework 3.5.1 on Windows 7 x86 (KB2604114)\n- Update for Windows 7 (KB2779562)\n- Update for Windows 7 (KB2387530)\n- Security Update for Microsoft .NET Framework 3.5.1 on Windows 7 x86 (KB2756920)\n- Update for Windows 7 (KB2541014)\n- Update for Windows 7 (KB2533552)\n- Security Update for Windows 7 (KB2691442)\n- Update for Windows 7 (KB971033)\n- Security Update for Windows 7 (KB979688)\n- Update for Windows 7 (KB979538)\n- Security Update for Windows 7 (KB2511455)\n- Security Update for Windows 7 (KB2506212)\n- Security Update for Windows 7 (KB979309)\n- Update for Windows 7 (KB2748349)\n- Update for Rights Management Services Client for Windows 7 (KB979099)\n- Security Update for Windows 7 (KB2442962)\n- Security Update for Windows 7 (KB2281679)\n- Security Update for Windows 7 (KB2712808)\n- Security Update for Windows 7 (KB2653956)\n- Update for User-Mode Driver Framework versio"}}}
{"Event_attributes":{"xmlns":"http://schemas.microsoft.com/win/2004/08/events/event"},"Event":{"System":{"Provider_attributes":{"Name":"Microsoft-Windows-WindowsUpdateClient","Guid":"945A8954-C147-4ACD-923F-40C45405A658"},"EventID":18,"Version":0,"Level":4,"Task":2,"Opcode":12,"Keywords":"0x8000000000000014","TimeCreated_attributes":{"SystemTime":"2013-10-23T16:44:27.817250Z"},"EventRecordID":703,"Correlation":null,"Execution_attributes":{"ProcessID":916,"ThreadID":1220},"Channel":"System","Computer":"IE8Win7","Security_attributes":{"UserID":"S-1-5-18"}},"EventData":{"schedinstalldate":"‎Thursday, ‎October ‎24, ‎2013","schedinstalltime":"3:00 AM","updatelist":"\n- Update for Windows 7 (KB2502285)\n- Security Update for Windows 7 (KB2790113)\n- Security Update for Microsoft .NET Framework 3.5.1 on Windows 7 x86 (KB2604114)\n- Update for Windows 7 (KB2779562)\n- Update for Windows 7 (KB2387530)\n- Security Update for Microsoft .NET Framework 3.5.1 on Windows 7 x86 (KB2756920)\n- Update for Windows 7 (KB2541014)\n- Update for Windows 7 (KB2533552)\n- Security Update for Windows 7 (KB2691442)\n- Update for Windows 7 (KB971033)\n- Security Update for Windows 7 (KB979688)\n- Update for Windows 7 (KB979538)\n- Security Update for Windows 7 (KB2511455)\n- Security Update for Windows 7 (KB2506212)\n- Security Update for Windows 7 (KB979309)\n- Update for Windows 7 (KB2748349)\n- Update for Rights Management Services Client for Windows 7 (KB979099)\n- Security Update for Windows 7 (KB2442962)\n- Security Update for Windows 7 (KB2281679)\n- Security Update for Windows 7 (KB2712808)\n- Security Update for Windows 7 (KB2690533)\n- Security Update for Windows 7 (KB2653956)\n- "}}}
{"Event_attributes":{"xmlns":"http://schemas.microsoft.com/win/2004/08/events/event"},"Event":{"System":{"Provider_attributes":{"Name":"Microsoft-Windows-WindowsUpdateClient","Guid":"945A8954-C147-4ACD-923F-40C45405A658"},"EventID":18,"Version":0,"Level":4,"Task":2,"Opcode":12,"Keywords":"0x8000000000000014","TimeCreated_attributes":{"SystemTime":"2013-10-23T16:44:27.817250Z"},"EventRecordID":704,"Correlation":null,"Execution_attributes":{"ProcessID":916,"ThreadID":1220},"Channel":"System","Computer":"IE8Win7","Security_attributes":{"UserID":"S-1-5-18"}},"EventData":{"schedinstalldate":"‎Thursday, ‎October ‎24, ‎2013","schedinstalltime":"3:00 AM","updatelist":"\n- Update for Windows 7 (KB2502285)\n- Security Update for Windows 7 (KB2790113)\n- Security Update for Microsoft .NET Framework 3.5.1 on Windows 7 x86 (KB2604114)\n- Update for Windows 7 (KB2779562)\n- Update for Windows 7 (KB2387530)\n- Security Update for Microsoft .NET Framework 3.5.1 on Windows 7 x86 (KB2756920)\n- Update for Windows 7 (KB2541014)\n- Update for Windows 7 (KB2533552)\n- Security Update for Windows 7 (KB2691442)\n- Update for Windows 7 (KB971033)\n- Security Update for Windows 7 (KB979688)\n- Update for Windows 7 (KB979538)\n- Security Update for Windows 7 (KB2511455)\n- Security Update for Windows 7 (KB2506212)\n- Security Update for Windows 7 (KB979309)\n- Update for Windows 7 (KB2748349)\n- Update for Rights Management Services Client for Windows 7 (KB979099)\n- Security Update for Windows 7 (KB2442962)\n- Security Update for Windows 7 (KB2281679)\n- Security Update for Windows 7 (KB2712808)\n- Security Update for Windows 7 (KB2690533)\n- Security Update for Windows 7 (KB2654428)\n- "}}}
{"Event_attributes":{"xmlns":"http://schemas.microsoft.com/win/2004/08/events/event"},"Event":{"System":{"Provider_attributes":{"Name":"Microsoft-Windows-WindowsUpdateClient","Guid":"945A8954-C147-4ACD-923F-40C45405A658"},"EventID":18,"Version":0,"Level":4,"Task":2,"Opcode":12,"Keywords":"0x8000000000000014","TimeCreated_attributes":{"SystemTime":"2013-10-23T16:44:31.332875Z"},"EventRecordID":705,"Correlation":null,"Execution_attributes":{"ProcessID":916,"ThreadID":1220},"Channel":"System","Computer":"IE8Win7","Security_attributes":{"UserID":"S-1-5-18"}},"EventData":{"schedinstalldate":"‎Thursday, ‎October ‎24, ‎2013","schedinstalltime":"3:00 AM","updatelist":"\n- Update for Windows 7 (KB2502285)\n- Security Update for Windows 7 (KB2790113)\n- Security Update for Microsoft .NET Framework 3.5.1 on Windows 7 x86 (KB2604114)\n- Update for Windows 7 (KB2779562)\n- Update for Windows 7 (KB2387530)\n- Security Update for Microsoft .NET Framework 3.5.1 on Windows 7 x86 (KB2756920)\n- Update for Windows 7 (KB2541014)\n- Update for Windows 7 (KB2533552)\n- Security Update for Windows 7 (KB2691442)\n- Update for Windows 7 (KB971033)\n- Security Update for Windows 7 (KB979688)\n- Update for Windows 7 (KB979538)\n- Security Update for Windows 7 (KB2511455)\n- Security Update for Windows 7 (KB2506212)\n- Security Update for Windows 7 (KB979309)\n- Update for Windows 7 (KB2748349)\n- Update for Rights Management Services Client for Windows 7 (KB979099)\n- Security Update for Windows 7 (KB2442962)\n- Security Update for Windows 7 (KB2281679)\n- Security Update for Windows 7 (KB2712808)\n- Security Update for Windows 7 (KB2727528)\n- Security Update for Windows 7 (KB2690533)\n- "}}}
{"Event_attributes":{"xmlns":"http://schemas.microsoft.com/win/2004/08/events/event"},"Event":{"System":{"Provider_attributes":{"Name":"Microsoft-Windows-WindowsUpdateClient","Guid":"945A8954-C147-4ACD-923F-40C45405A658"},"EventID":18,"Version":0,"Level":4,"Task":2,"Opcode":12,"Keywords":"0x8000000000000014","TimeCreated_attributes":{"SystemTime":"2013-10-23T16:44:31.332875Z"},"EventRecordID":706,"Correlation":null,"Execution_attributes":{"ProcessID":916,"ThreadID":1220},"Channel":"System","Computer":"IE8Win7","Security_attributes":{"UserID":"S-1-5-18"}},"EventData":{"schedinstalldate":"‎Thursday, ‎October ‎24, ‎2013","schedinstalltime":"3:00 AM","updatelist":"\n- Update for Windows 7 (KB2502285)\n- Security Update for Windows 7 (KB2790113)\n- Security Update for Microsoft .NET Framework 3.5.1 on Windows 7 x86 (KB2604114)\n- Update for Windows 7 (KB2779562)\n- Update for Windows 7 (KB2387530)\n- Security Update for Microsoft .NET Framework 3.5.1 on Windows 7 x86 (KB2756920)\n- Update for Windows 7 (KB2541014)\n- Update for Windows 7 (KB2533552)\n- Security Update for Windows 7 (KB2691442)\n- Update for Windows 7 (KB971033)\n- Security Update for Windows 7 (KB979688)\n- Update for Windows 7 (KB979538)\n- Security Update for Windows 7 (KB2511455)\n- Security Update for Windows 7 (KB2506212)\n- Security Update for Windows 7 (KB979309)\n- Update for Windows 7 (KB2748349)\n- Update for Rights Management Services Client for Windows 7 (KB979099)\n- Security Update for Windows 7 (KB2442962)\n- Security Update for Windows 7 (KB2281679)\n- Security Update for Windows 7 (KB2712808)\n- Security Update for Windows 7 (KB2727528)\n- Security Update for Windows 7 (KB2690533)\n- "}}}
{"Event_attributes":{"xmlns":"http://schemas.microsoft.com/win/2004/08/events/event"},"Event":{"System":{"Provider_attributes":{"Name":"Microsoft-Windows-WindowsUpdateClient","Guid":"945A8954-C147-4ACD-923F-40C45405A658"},"EventID":18,"Version":0,"Level":4,"Task":2,"Opcode":12,"Keywords":"0x8000000000000014","TimeCreated_attributes":{"SystemTime":"2013-10-23T16:44:31.332875Z"},"EventRecordID":707,"Correlation":null,"Execution_attributes":{"ProcessID":916,"ThreadID":1220},"Channel":"System","Computer":"IE8Win7","Security_attributes":{"UserID":"S-1-5-18"}},"EventData":{"schedinstalldate":"‎Thursday, ‎October ‎24, ‎2013","schedinstalltime":"3:00 AM","updatelist":"\n- Update for Windows 7 (KB2502285)\n- Security Update for Windows 7 (KB2790113)\n- Security Update for Microsoft .NET Framework 3.5.1 on Windows 7 x86 (KB2604114)\n- Update for Windows 7 (KB2779562)\n- Update for Windows 7 (KB2387530)\n- Security Update for Microsoft .NET Framework 3.5.1 on Windows 7 x86 (KB2756920)\n- Update for Windows 7 (KB2541014)\n- Update for Windows 7 (KB2533552)\n- Security Update for Windows 7 (KB2691442)\n- Update for Windows 7 (KB971033)\n- Security Update for Windows 7 (KB979688)\n- Update for Windows 7 (KB979538)\n- Security Update for Windows 7 (KB2511455)\n- Security Update for Windows 7 (KB2506212)\n- Security Update for Windows 7 (KB979309)\n- Update for Windows 7 (KB2748349)\n- Update for Rights Management Services Client for Windows 7 (KB979099)\n- Security Update for Windows 7 (KB2442962)\n- Security Update for Windows 7 (KB2281679)\n- Security Update for Windows 7 (KB2712808)\n- Update for Windows 7 (KB2345886)\n- Security Update for Windows 7 (KB2727528)\n- Security "}}}
{"Event_attributes":{"xmlns":"http://schemas.microsoft.com/win/2004/08/events/event"},"Event":{"System":{"Provider_attributes":{"Name":"Microsoft-Windows-WindowsUpdateClient","Guid":"945A8954-C147-4ACD-923F-40C45405A658"},"EventID":18,"Version":0,"Level":4,"Task":2,"Opcode":12,"Keywords":"0x8000000000000014","TimeCreated_attributes":{"SystemTime":"2013-10-23T16:44:31.332875Z"},"EventRecordID":708,"Correlation":null,"Execution_attributes":{"ProcessID":916,"ThreadID":1220},"Channel":"System","Computer":"IE8Win7","Security_attributes":{"UserID":"S-1-5-18"}},"EventData":{"schedinstalldate":"‎Thursday, ‎October ‎24, ‎2013","schedinstalltime":"3:00 AM","updatelist":"\n- Update for Windows 7 (KB2502285)\n- Security Update for Windows 7 (KB2790113)\n- Security Update for Microsoft .NET Framework 3.5.1 on Windows 7 x86 (KB2604114)\n- Update for Windows 7 (KB2779562)\n- Update for Windows 7 (KB2387530)\n- Security Update for Microsoft .NET Framework 3.5.1 on Windows 7 x86 (KB2756920)\n- Update for Windows 7 (KB2541014)\n- Update for Windows 7 (KB2533552)\n- Security Update for Windows 7 (KB2691442)\n- Update for Windows 7 (KB971033)\n- Security Update for Windows 7 (KB979688)\n- Update for Windows 7 (KB979538)\n- Security Update for Windows 7 (KB2511455)\n- Security Update for Windows 7 (KB2506212)\n- Security Update for Windows 7 (KB979309)\n- Update for Windows 7 (KB2748349)\n- Update for Rights Management Services Client for Windows 7 (KB979099)\n- Security Update for Windows 7 (KB2442962)\n- Security Update for Windows 7 (KB2281679)\n- Security Update for Windows 7 (KB2712808)\n- Update for Windows 7 (KB2345886)\n- Security Update for Windows 7 (KB2727528)\n- Update fo"}}}
{"Event_attributes":{"xmlns":"http://schemas.microsoft.com/win/2004/08/events/event"},"Event":{"System":{"Provider_attributes":{"Name":"Microsoft-Windows-WindowsUpdateClient","Guid":"945A8954-C147-4ACD-923F-40C45405A658"},"EventID":18,"Version":0,"Level":4,"Task":2,"Opcode":12,"Keywords":"0x8000000000000014","TimeCreated_attributes":{"SystemTime":"2013-10-23T16:44:34.536000Z"},"EventRecordID":709,"Correlation":null,"Execution_attributes":{"ProcessID":916,"ThreadID":1220},"Channel":"System","Computer":"IE8Win7","Security_attributes":{"UserID":"S-1-5-18"}},"EventData":{"schedinstalldate":"‎Thursday, ‎October ‎24, ‎2013","schedinstalltime":"3:00 AM","updatelist":"\n- Update for Windows 7 (KB2502285)\n- Security Update for Windows 7 (KB2790113)\n- Security Update for Microsoft .NET Framework 3.5.1 on Windows 7 x86 (KB2604114)\n- Update for Windows 7 (KB2779562)\n- Update for Windows 7 (KB2387530)\n- Security Update for Microsoft .NET Framework 3.5.1 on Windows 7 x86 (KB2756920)\n- Update for Windows 7 (KB2541014)\n- Update for Windows 7 (KB2533552)\n- Security Update for Windows 7 (KB2691442)\n- Update for Windows 7 (KB971033)\n- Security Update for Windows 7 (KB979688)\n- Update for Windows 7 (KB979538)\n- Security Update for Windows 7 (KB2511455)\n- Security Update for Windows 7 (KB2506212)\n- Security Update for Windows 7 (KB979309)\n- Update for Windows 7 (KB2748349)\n- Update for Rights Management Services Client for Windows 7 (KB979099)\n- Security Update for Windows 7 (KB2442962)\n- Security Update for Windows 7 (KB2281679)\n- Security Update for Windows 7 (KB2712808)\n- Update for Windows 7 (KB2345886)\n- Security Update for Windows 7 (KB2727528)\n- Update fo"}}}
{"Event_attributes":{"xmlns":"http://schemas.microsoft.com/win/2004/08/events/event"},"Event":{"System":{"Provider_attributes":{"Name":"Microsoft-Windows-WindowsUpdateClient","Guid":"945A8954-C147-4ACD-923F-40C45405A658"},"EventID":18,"Version":0,"Level":4,"Task":2,"Opcode":12,"Keywords":"0x8000000000000014","TimeCreated_attributes":{"SystemTime":"2013-10-23T16:44:34.536000Z"},"EventRecordID":710,"Correlation":null,"Execution_attributes":{"ProcessID":916,"ThreadID":1220},"Channel":"System","Computer":"IE8Win7","Security_attributes":{"UserID":"S-1-5-18"}},"EventData":{"schedinstalldate":"‎Thursday, ‎October ‎24, ‎2013","schedinstalltime":"3:00 AM","updatelist":"\n- Update for Windows 7 (KB2502285)\n- Security Update for Windows 7 (KB2790113)\n- Security Update for Microsoft .NET Framework 3.5.1 on Windows 7 x86 (KB2604114)\n- Update for Windows 7 (KB2779562)\n- Update for Windows 7 (KB2387530)\n- Security Update for Microsoft .NET Framework 3.5.1 on Windows 7 x86 (KB2756920)\n- Update for Windows 7 (KB2541014)\n- Update for Windows 7 (KB2533552)\n- Security Update for Windows 7 (KB2691442)\n- Update for Windows 7 (KB971033)\n- Security Update for Windows 7 (KB979688)\n- Update for Windows 7 (KB979538)\n- Security Update for Windows 7 (KB2511455)\n- Security Update for Windows 7 (KB2506212)\n- Security Update for Windows 7 (KB979309)\n- Update for Windows 7 (KB2748349)\n- Update for Rights Management Services Client for Windows 7 (KB979099)\n- Security Update for Windows 7 (KB2442962)\n- Security Update for Windows 7 (KB2281679)\n- Security Update for Windows 7 (KB2712808)\n- Update for Windows 7 (KB2345886)\n- Security Update for Windows 7 (KB2727528)\n- Update fo"}}}
{"Event_attributes":{"xmlns":"http://schemas.microsoft.com/win/2004/08/events/event"},"Event":{"System":{"Provider_attributes":{"Name":"Microsoft-Windows-WindowsUpdateClient","Guid":"945A8954-C147-4ACD-923F-40C45405A658"},"EventID":18,"Version":0,"Level":4,"Task":2,"Opcode":12,"Keywords":"0x8000000000000014","TimeCreated_attributes":{"SystemTime":"2013-10-23T16:44:34.536000Z"},"EventRecordID":711,"Correlation":null,"Execution_attributes":{"ProcessID":916,"ThreadID":1220},"Channel":"System","Computer":"IE8Win7","Security_attributes":{"UserID":"S-1-5-18"}},"EventData":{"schedinstalldate":"‎Thursday, ‎October ‎24, ‎2013","schedinstalltime":"3:00 AM","updatelist":"\n- Update for Windows 7 (KB2502285)\n- Security Update for Windows 7 (KB2790113)\n- Security Update for Microsoft .NET Framework 3.5.1 on Windows 7 x86 (KB2604114)\n- Update for Windows 7 (KB2779562)\n- Update for Windows 7 (KB2387530)\n- Security Update for Microsoft .NET Framework 3.5.1 on Windows 7 x86 (KB2756920)\n- Update for Windows 7 (KB2541014)\n- Update for Windows 7 (KB2533552)\n- Security Update for Windows 7 (KB2691442)\n- Update for Windows 7 (KB971033)\n- Security Update for Windows 7 (KB979688)\n- Update for Windows 7 (KB979538)\n- Security Update for Windows 7 (KB2511455)\n- Security Update for Windows 7 (KB2506212)\n- Security Update for Windows 7 (KB979309)\n- Update for Windows 7 (KB2748349)\n- Update for Rights Management Services Client for Windows 7 (KB979099)\n- Security Update for Windows 7 (KB2442962)\n- Security Update for Windows 7 (KB2281679)\n- Security Update for Windows 7 (KB2712808)\n- Update for Windows 7 (KB2345886)\n- Security Update for Windows 7 (KB2727528)\n- Update fo"}}}
{"Event_attributes":{"xmlns":"http://schemas.microsoft.com/win/2004/08/events/event"},"Event":{"System":{"Provider_attributes":{"Name":"Microsoft-Windows-WindowsUpdateClient","Guid":"945A8954-C147-4ACD-923F-40C45405A658"},"EventID":18,"Version":0,"Level":4,"Task":2,"Opcode":12,"Keywords":"0x8000000000000014","TimeCreated_attributes":{"SystemTime":"2013-10-23T16:44:38.145375Z"},"EventRecordID":712,"Correlation":null,"Execution_attributes":{"ProcessID":916,"ThreadID":1220},"Channel":"System","Computer":"IE8Win7","Security_attributes":{"UserID":"S-1-5-18"}},"EventData":{"schedinstalldate":"‎Thursday, ‎October ‎24, ‎2013","schedinstalltime":"3:00 AM","updatelist":"\n- Update for Windows 7 (KB2502285)\n- Security Update for Windows 7 (KB2790113)\n- Security Update for Microsoft .NET Framework 3.5.1 on Windows 7 x86 (KB2604114)\n- Update for Windows 7 (KB2779562)\n- Update for Windows 7 (KB2387530)\n- Security Update for Microsoft .NET Framework 3.5.1 on Windows 7 x86 (KB2756920)\n- Update for Windows 7 (KB2541014)\n- Update for Windows 7 (KB2533552)\n- Security Update for Windows 7 (KB2691442)\n- Update for Windows 7 (KB971033)\n- Security Update for Windows 7 (KB979688)\n- Update for Windows 7 (KB979538)\n- Security Update for Windows 7 (KB2511455)\n- Security Update for Windows 7 (KB2506212)\n- Security Update for Windows 7 (KB979309)\n- Update for Windows 7 (KB2748349)\n- Update for Rights Management Services Client for Windows 7 (KB979099)\n- Security Update for Windows 7 (KB2442962)\n- Security Update for Windows 7 (KB2281679)\n- Security Update for Windows 7 (KB2712808)\n- Update for Windows 7 (KB2345886)\n- Security Update for Windows 7 (KB2727528)\n- Update fo"}}}
