{"Event_attributes":{"xmlns":"http://schemas.microsoft.com/win/2004/08/events/event"},"Event":{"System":{"Provider_attributes":{"Name":"Microsoft-Windows-Security-Auditing","Guid":"54849625-5478-4994-A5BA-3E3B0328C30D"},"EventID":4907,"Version":0,"Level":0,"Task":13568,"Opcode":0,"Keywords":"0x8020000000000000","TimeCreated_attributes":{"SystemTime":"2013-10-23T17:09:38.004750Z"},"EventRecordID":161,"Correlation":null,"Execution_attributes":{"ProcessID":508,"ThreadID":524},"Channel":"Security","Computer":"IE8Win7","Security":null},"EventData":{"SubjectUserSid":"S-1-5-18","SubjectUserName":"WIN-QALA5Q3KJ43$","SubjectDomainName":"WORKGROUP","SubjectLogonId":"0x3e7","ObjectServer":"Security","ObjectType":"File","ObjectName":"C:\\Windows\\winsxs\\Temp\\PendingRenames\\d8e992a712d0ce016b5100002005900e.calibrib.ttf","HandleId":"0x7c90","OldSd":"","NewSd":"S:ARAI","ProcessId":"0x520","ProcessName":"C:\\Windows\\servicing\\TrustedInstaller.exe"}}}
{"Event_attributes":{"xmlns":"http://schemas.microsoft.com/win/2004/08/events/event"},"Event":{"System":{"Provider_attributes":{"Name":"Microsoft-Windows-Security-Auditing","Guid":"54849625-5478-4994-A5BA-3E3B0328C30D"},"EventID":4907,"Version":0,"Level":0,"Task":13568,"Opcode":0,"Keywords":"0x8020000000000000","TimeCreated_attributes":{"SystemTime":"2013-10-23T17:09:38.020375Z"},"EventRecordID":162,"Correlation":null,"Execution_attributes":{"ProcessID":508,"ThreadID":524},"Channel":"Security","Computer":"IE8Win7","Security":null},"EventData":{"SubjectUserSid":"S-1-5-18","SubjectUserName":"WIN-QALA5Q3KJ43$","SubjectDomainName":"WORKGROUP","SubjectLogonId":"0x3e7","ObjectServer":"Security","ObjectType":"File","ObjectName":"C:\\Windows\\winsxs\\Temp\\PendingRenames\\8cae97a712d0ce016c5100002005900e.calibrii.ttf","HandleId":"0x7c94","OldSd":"","NewSd":"S:ARAI","ProcessId":"0x520","ProcessName":"C:\\Windows\\servicing\\TrustedInstaller.exe"}}}
{"Event_attributes":{"xmlns":"http://schemas.microsoft.com/win/2004/08/events/event"},"Event":{"System":{"Provider_attributes":{"Name":"Microsoft-Windows-Security-Auditing","Guid":"54849625-5478-4994-A5BA-3E3B0328C30D"},"EventID":4907,"Version":0,"Level":0,"Task":13568,"Opcode":0,"Keywords":"0x8020000000000000","TimeCreated_attributes":{"SystemTime":"2013-10-23T17:14:22.036000Z"},"EventRecordID":163,"Correlation":null,"Execution_attributes":{"ProcessID":508,"ThreadID":524},"Channel":"Security","Computer":"IE8Win7","Security":null},"EventData":{"SubjectUserSid":"S-1-5-18","SubjectUserName":"WIN-QALA5Q3KJ43$","SubjectDomainName":"WORKGROUP","SubjectLogonId":"0x3e7","ObjectServer":"Security","ObjectType":"File","ObjectName":"C:\\Windows\\winsxs\\Temp\\PendingRenames\\e606e15013d0ce019a5700002005900e.verdana.ttf","HandleId":"0x81a0","OldSd":"","NewSd":"S:ARAI","ProcessId":"0x520","ProcessName":"C:\\Windows\\servicing\\TrustedInstaller.exe"}}}
{"Event_attributes":{"xmlns":"http://schemas.microsoft.com/win/2004/08/events/event"},"Event":{"System":{"Provider_attributes":{"Name":"Microsoft-Windows-Security-Auditing","Guid":"54849625-5478-4994-A5BA-3E3B0328C30D"},"EventID":4624,"Version":0,"Level":0,"Task":12544,"Opcode":0,"Keywords":"0x8020000000000000","TimeCreated_attributes":{"SystemTime":"2013-10-23T17:26:46.911000Z"},"EventRecordID":164,"Correlation":null,"Execution_attributes":{"ProcessID":508,"ThreadID":2456},"Channel":"Security","Computer":"IE8Win7","Security":null},"EventData":{"SubjectUserSid":"S-1-5-18","SubjectUserName":"WIN-QALA5Q3KJ43$","SubjectDomainName":"WORKGROUP","SubjectLogonId":"0x3e7","TargetUserSid":"S-1-5-18","TargetUserName":"SYSTEM","TargetDomainName":"NT AUTHORITY","TargetLogonId":"0x3e7","LogonType":5,"LogonProcessName":"Advapi  ","AuthenticationPackageName":"Negotiate","WorkstationName":"","LogonGuid":"00000000-0000-0000-0000-000000000000","TransmittedServices":"-","LmPackageName":"-","KeyLength":0,"ProcessId":"0x1ec","ProcessName":"C:\\Windows\\System32\\services.exe","IpAddress":"-","IpPort":"-"}}}
{"Event_attributes":{"xmlns":"http://schemas.microsoft.com/win/2004/08/events/event"},"Event":{"System":{"Provider_attributes":{"Name":"Microsoft-Windows-Security-Auditing","Guid":"54849625-5478-4994-A5BA-3E3B0328C30D"},"EventID":4672,"Version":0,"Level":0,"Task":12548,"Opcode":0,"Keywords":"0x8020000000000000","TimeCreated_attributes":{"SystemTime":"2013-10-23T17:26:46.911000Z"},"EventRecordID":165,"Correlation":null,"Execution_attributes":{"ProcessID":508,"ThreadID":2456},"Channel":"Security","Computer":"IE8Win7","Security":null},"EventData":{"SubjectUserSid":"S-1-5-18","SubjectUserName":"SYSTEM","SubjectDomainName":"NT AUTHORITY","SubjectLogonId":"0x3e7","PrivilegeList":"SeAssignPrimaryTokenPrivilege\r\n\t\t\tSeTcbPrivilege\r\n\t\t\tSeSecurityPrivilege\r\n\t\t\tSeTakeOwnershipPrivilege\r\n\t\t\tSeLoadDriverPrivilege\r\n\t\t\tSeBackupPrivilege\r\n\t\t\tSeRestorePrivilege\r\n\t\t\tSeDebugPrivilege\r\n\t\t\tSeAuditPrivilege\r\n\t\t\tSeSystemEnvironmentPrivilege\r\n\t\t\tSeImpersonatePrivilege"}}}
{"Event_attributes":{"xmlns":"http://schemas.microsoft.com/win/2004/08/events/event"},"Event":{"System":{"Provider_attributes":{"Name":"Microsoft-Windows-Security-Auditing","Guid":"54849625-5478-4994-A5BA-3E3B0328C30D"},"EventID":4647,"Version":0,"Level":0,"Task":12545,"Opcode":0,"Keywords":"0x8020000000000000","TimeCreated_attributes":{"SystemTime":"2013-10-23T17:27:21.754750Z"},"EventRecordID":166,"Correlation":null,"Execution_attributes":{"ProcessID":508,"ThreadID":2456},"Channel":"Security","Computer":"IE8Win7","Security":null},"EventData":{"TargetUserSid":"S-1-5-21-3463664321-2923530833-3546627382-1000","TargetUserName":"IEUser","TargetDomainName":"IE8Win7","TargetLogonId":"0x29908"}}}
{"Event_attributes":{"xmlns":"http://schemas.microsoft.com/win/2004/08/events/event"},"Event":{"System":{"Provider_attributes":{"Name":"Microsoft-Windows-Security-Auditing","Guid":"54849625-5478-4994-A5BA-3E3B0328C30D"},"EventID":4907,"Version":0,"Level":0,"Task":13568,"Opcode":0,"Keywords":"0x8020000000000000","TimeCreated_attributes":{"SystemTime":"2013-10-23T17:28:31.067250Z"},"EventRecordID":167,"Correlation":null,"Execution_attributes":{"ProcessID":508,"ThreadID":524},"Channel":"Security","Computer":"IE8Win7","Security":null},"EventData":{"SubjectUserSid":"S-1-5-18","SubjectUserName":"WIN-QALA5Q3KJ43$","SubjectDomainName":"WORKGROUP","SubjectLogonId":"0x3e7","ObjectServer":"Security","ObjectType":"File","ObjectName":"C:\\Windows\\System32\\cdd.dll","HandleId":"0x14","OldSd":"","NewSd":"S:ARAI(AU;SAFA;DCLCRPCRSDWDWO;;;WD)","ProcessId":"0x24c","ProcessName":"C:\\Windows\\System32\\poqexec.exe"}}}
{"Event_attributes":{"xmlns":"http://schemas.microsoft.com/win/2004/08/events/event"},"Event":{"System":{"Provider_attributes":{"Name":"Microsoft-Windows-Security-Auditing","Guid":"54849625-5478-4994-A5BA-3E3B0328C30D"},"EventID":4907,"Version":0,"Level":0,"Task":13568,"Opcode":0,"Keywords":"0x8020000000000000","TimeCreated_attributes":{"SystemTime":"2013-10-23T17:28:31.067250Z"},"EventRecordID":168,"Correlation":null,"Execution_attributes":{"ProcessID":508,"ThreadID":524},"Channel":"Security","Computer":"IE8Win7","Security":null},"EventData":{"SubjectUserSid":"S-1-5-18","SubjectUserName":"WIN-QALA5Q3KJ43$","SubjectDomainName":"WORKGROUP","SubjectLogonId":"0x3e7","ObjectServer":"Security","ObjectType":"File","ObjectName":"C:\\Windows\\System32\\drivers\\dxgmms1.sys","HandleId":"0x14","OldSd":"","NewSd":"S:ARAI(AU;SAFA;DCLCRPCRSDWDWO;;;WD)","ProcessId":"0x24c","ProcessName":"C:\\Windows\\System32\\poqexec.exe"}}}
{"Event_attributes":{"xmlns":"http://schemas.microsoft.com/win/2004/08/events/event"},"Event":{"System":{"Provider_attributes":{"Name":"Microsoft-Windows-Security-Auditing","Guid":"54849625-5478-4994-A5BA-3E3B0328C30D"},"EventID":4907,"Version":0,"Level":0,"Task":13568,"Opcode":0,"Keywords":"0x8020000000000000","TimeCreated_attributes":{"SystemTime":"2013-10-23T17:28:31.082875Z"},"EventRecordID":169,"Correlation":null,"Execution_attributes":{"ProcessID":508,"ThreadID":524},"Channel":"Security","Computer":"IE8Win7","Security":null},"EventData":{"SubjectUserSid":"S-1-5-18","SubjectUserName":"WIN-QALA5Q3KJ43$","SubjectDomainName":"WORKGROUP","SubjectLogonId":"0x3e7","ObjectServer":"Security","ObjectType":"File","ObjectName":"C:\\Windows\\System32\\drivers\\dxgkrnl.sys","HandleId":"0x14","OldSd":"","NewSd":"S:ARAI(AU;SAFA;DCLCRPCRSDWDWO;;;WD)","ProcessId":"0x24c","ProcessName":"C:\\Windows\\System32\\poqexec.exe"}}}
{"Event_attributes":{"xmlns":"http://schemas.microsoft.com/win/2004/08/events/event"},"Event":{"System":{"Provider_attributes":{"Name":"Microsoft-Windows-Security-Auditing","Guid":"54849625-5478-4994-A5BA-3E3B0328C30D"},"EventID":4907,"Version":0,"Level":0,"Task":13568,"Opcode":0,"Keywords":"0x8020000000000000","TimeCreated_attributes":{"SystemTime":"2013-10-23T17:28:31.457875Z"},"EventRecordID":170,"Correlation":null,"Execution_attributes":{"ProcessID":508,"ThreadID":524},"Channel":"Security","Computer":"IE8Win7","Security":null},"EventData":{"SubjectUserSid":"S-1-5-18","SubjectUserName":"WIN-QALA5Q3KJ43$","SubjectDomainName":"WORKGROUP","SubjectLogonId":"0x3e7","ObjectServer":"Security","ObjectType":"File","ObjectName":"C:\\Windows\\System32\\api-ms-win-core-console-l1-1-0.dll","HandleId":"0x14","OldSd":"","NewSd":"S:ARAI(AU;SAFA;DCLCRPCRSDWDWO;;;WD)","ProcessId":"0x24c","ProcessName":"C:\\Windows\\System32\\poqexec.exe"}}}
{"Event_attributes":{"xmlns":"http://schemas.microsoft.com/win/2004/08/events/event"},"Event":{"System":{"Provider_attributes":{"Name":"Microsoft-Windows-Security-Auditing","Guid":"54849625-5478-4994-A5BA-3E3B0328C30D"},"EventID":4907,"Version":0,"Level":0,"Task":13568,"Opcode":0,"Keywords":"0x8020000000000000","TimeCreated_attributes":{"SystemTime":"2013-10-23T17:28:31.473500Z"},"EventRecordID":171,"Correlation":null,"Execution_attributes":{"ProcessID":508,"ThreadID":524},"Channel":"Security","Computer":"IE8Win7","Security":null},"EventData":{"SubjectUserSid":"S-1-5-18","SubjectUserName":"WIN-QALA5Q3KJ43$","SubjectDomainName":"WORKGROUP","SubjectLogonId":"0x3e7","ObjectServer":"Security","ObjectType":"File","ObjectName":"C:\\Windows\\System32\\api-ms-win-core-io-l1-1-0.dll","HandleId":"0x14","OldSd":"","NewSd":"S:ARAI(AU;SAFA;DCLCRPCRSDWDWO;;;WD)","ProcessId":"0x24c","ProcessName":"C:\\Windows\\System32\\poqexec.exe"}}}
{"Event_attributes":{"xmlns":"http://schemas.microsoft.com/win/2004/08/events/event"},"Event":{"System":{"Provider_attributes":{"Name":"Microsoft-Windows-Security-Auditing","Guid":"54849625-5478-4994-A5BA-3E3B0328C30D"},"EventID":4907,"Version":0,"Level":0,"Task":13568,"Opcode":0,"Keywords":"0x8020000000000000","TimeCreated_attributes":{"SystemTime":"2013-10-23T17:28:31.473500Z"},"EventRecordID":172,"Correlation":null,"Execution_attributes":{"ProcessID":508,"ThreadID":524},"Channel":"Security","Computer":"IE8Win7","Security":null},"EventData":{"SubjectUserSid":"S-1-5-18","SubjectUserName":"WIN-QALA5Q3KJ43$","SubjectDomainName":"WORKGROUP","SubjectLogonId":"0x3e7","ObjectServer":"Security","ObjectType":"File","ObjectName":"C:\\Windows\\System32\\api-ms-win-core-misc-l1-1-0.dll","HandleId":"0x14","OldSd":"","NewSd":"S:ARAI(AU;SAFA;DCLCRPCRSDWDWO;;;WD)","ProcessId":"0x24c","ProcessName":"C:\\Windows\\System32\\poqexec.exe"}}}
{"Event_attributes":{"xmlns":"http://schemas.microsoft.com/win/2004/08/events/event"},"Event":{"System":{"Provider_attributes":{"Name":"Microsoft-Windows-Security-Auditing","Guid":"54849625-5478-4994-A5BA-3E3B0328C30D"},"EventID":4907,"Version":0,"Level":0,"Task":13568,"Opcode":0,"Keywords":"0x8020000000000000","TimeCreated_attributes":{"SystemTime":"2013-10-23T17:28:31.489125Z"},"EventRecordID":173,"Correlation":null,"Execution_attributes":{"ProcessID":508,"ThreadID":524},"Channel":"Security","Computer":"IE8Win7","Security":null},"EventData":{"SubjectUserSid":"S-1-5-18","SubjectUserName":"WIN-QALA5Q3KJ43$","SubjectDomainName":"WORKGROUP","SubjectLogonId":"0x3e7","ObjectServer":"Security","ObjectType":"File","ObjectName":"C:\\Windows\\System32\\api-ms-win-core-errorhandling-l1-1-0.dll","HandleId":"0x14","OldSd":"","NewSd":"S:ARAI(AU;SAFA;DCLCRPCRSDWDWO;;;WD)","ProcessId":"0x24c","ProcessName":"C:\\Windows\\System32\\poqexec.exe"}}}
{"Event_attributes":{"xmlns":"http://schemas.microsoft.com/win/2004/08/events/event"},"Event":{"System":{"Provider_attributes":{"Name":"Microsoft-Windows-Security-Auditing","Guid":"54849625-5478-4994-A5BA-3E3B0328C30D"},"EventID":4907,"Version":0,"Level":0,"Task":13568,"Opcode":0,"Keywords":"0x8020000000000000","TimeCreated_attributes":{"SystemTime":"2013-10-23T17:28:31.489125Z"},"EventRecordID":174,"Correlation":null,"Execution_attributes":{"ProcessID":508,"ThreadID":524},"Channel":"Security","Computer":"IE8Win7","Security":null},"EventData":{"SubjectUserSid":"S-1-5-18","SubjectUserName":"WIN-QALA5Q3KJ43$","SubjectDomainName":"WORKGROUP","SubjectLogonId":"0x3e7","ObjectServer":"Security","ObjectType":"File","ObjectName":"C:\\Windows\\System32\\api-ms-win-core-debug-l1-1-0.dll","HandleId":"0x14","OldSd":"","NewSd":"S:ARAI(AU;SAFA;DCLCRPCRSDWDWO;;;WD)","ProcessId":"0x24c","ProcessName":"C:\\Windows\\System32\\poqexec.exe"}}}
{"Event_attributes":{"xmlns":"http://schemas.microsoft.com/win/2004/08/events/event"},"Event":{"System":{"Provider_attributes":{"Name":"Microsoft-Windows-Security-Auditing","Guid":"54849625-5478-4994-A5BA-3E3B0328C30D"},"EventID":4907,"Version":0,"Level":0,"Task":13568,"Opcode":0,"Keywords":"0x8020000000000000","TimeCreated_attributes":{"SystemTime":"2013-10-23T17:28:31.504750Z"},"EventRecordID":175,"Correlation":null,"Execution_attributes":{"ProcessID":508,"ThreadID":524},"Channel":"Security","Computer":"IE8Win7","Security":null},"EventData":{"SubjectUserSid":"S-1-5-18","SubjectUserName":"WIN-QALA5Q3KJ43$","SubjectDomainName":"WORKGROUP","SubjectLogonId":"0x3e7","ObjectServer":"Security","ObjectType":"File","ObjectName":"C:\\Windows\\System32\\api-ms-win-core-string-l1-1-0.dll","HandleId":"0x14","OldSd":"","NewSd":"S:ARAI(AU;SAFA;DCLCRPCRSDWDWO;;;WD)","ProcessId":"0x24c","ProcessName":"C:\\Windows\\System32\\poqexec.exe"}}}
{"Event_attributes":{"xmlns":"http://schemas.microsoft.com/win/2004/08/events/event"},"Event":{"System":{"Provider_attributes":{"Name":"Microsoft-Windows-Security-Auditing","Guid":"54849625-5478-4994-A5BA-3E3B0328C30D"},"EventID":4907,"Version":0,"Level":0,"Task":13568,"Opcode":0,"Keywords":"0x8020000000000000","TimeCreated_attributes":{"SystemTime":"2013-10-23T17:28:31.504750Z"},"EventRecordID":176,"Correlation":null,"Execution_attributes":{"ProcessID":508,"ThreadID":524},"Channel":"Security","Computer":"IE8Win7","Security":null},"EventData":{"SubjectUserSid":"S-1-5-18","SubjectUserName":"WIN-QALA5Q3KJ43$","SubjectDomainName":"WORKGROUP","SubjectLogonId":"0x3e7","ObjectServer":"Security","ObjectType":"File","ObjectName":"C:\\Windows\\System32\\api-ms-win-core-localization-l1-1-0.dll","HandleId":"0x14","OldSd":"","NewSd":"S:ARAI(AU;SAFA;DCLCRPCRSDWDWO;;;WD)","ProcessId":"0x24c","ProcessName":"C:\\Windows\\System32\\poqexec.exe"}}}
{"Event_attributes":{"xmlns":"http://schemas.microsoft.com/win/2004/08/events/event"},"Event":{"System":{"Provider_attributes":{"Name":"Microsoft-Windows-Security-Auditing","Guid":"54849625-5478-4994-A5BA-3E3B0328C30D"},"EventID":4907,"Version":0,"Level":0,"Task":13568,"Opcode":0,"Keywords":"0x8020000000000000","TimeCreated_attributes":{"SystemTime":"2013-10-23T17:28:31.504750Z"},"EventRecordID":177,"Correlation":null,"Execution_attributes":{"ProcessID":508,"ThreadID":524},"Channel":"Security","Computer":"IE8Win7","Security":null},"EventData":{"SubjectUserSid":"S-1-5-18","SubjectUserName":"WIN-QALA5Q3KJ43$","SubjectDomainName":"WORKGROUP","SubjectLogonId":"0x3e7","ObjectServer":"Security","ObjectType":"File","ObjectName":"C:\\Windows\\System32\\api-ms-win-core-namedpipe-l1-1-0.dll","HandleId":"0x14","OldSd":"","NewSd":"S:ARAI(AU;SAFA;DCLCRPCRSDWDWO;;;WD)","ProcessId":"0x24c","ProcessName":"C:\\Windows\\System32\\poqexec.exe"}}}
{"Event_attributes":{"xmlns":"http://schemas.microsoft.com/win/2004/08/events/event"},"Event":{"System":{"Provider_attributes":{"Name":"Microsoft-Windows-Security-Auditing","Guid":"54849625-5478-4994-A5BA-3E3B0328C30D"},"EventID":4907,"Version":0,"Level":0,"Task":13568,"Opcode":0,"Keywords":"0x8020000000000000","TimeCreated_attributes":{"SystemTime":"2013-10-23T17:28:31.520375Z"},"EventRecordID":178,"Correlation":null,"Execution_attributes":{"ProcessID":508,"ThreadID":524},"Channel":"Security","Computer":"IE8Win7","Security":null},"EventData":{"SubjectUserSid":"S-1-5-18","SubjectUserName":"WIN-QALA5Q3KJ43$","SubjectDomainName":"WORKGROUP","SubjectLogonId":"0x3e7","ObjectServer":"Security","ObjectType":"File","ObjectName":"C:\\Windows\\System32\\api-ms-win-core-processthreads-l1-1-0.dll","HandleId":"0x14","OldSd":"","NewSd":"S:ARAI(AU;SAFA;DCLCRPCRSDWDWO;;;WD)","ProcessId":"0x24c","ProcessName":"C:\\Windows\\System32\\poqexec.exe"}}}
{"Event_attributes":{"xmlns":"http://schemas.microsoft.com/win/2004/08/events/event"},"Event":{"System":{"Provider_attributes":{"Name":"Microsoft-Windows-Security-Auditing","Guid":"54849625-5478-4994-A5BA-3E3B0328C30D"},"EventID":4907,"Version":0,"Level":0,"Task":13568,"Opcode":0,"Keywords":"0x8020000000000000","TimeCreated_attributes":{"SystemTime":"2013-10-23T17:28:31.536000Z"},"EventRecordID":179,"Correlation":null,"Execution_attributes":{"ProcessID":508,"ThreadID":524},"Channel":"Security","Computer":"IE8Win7","Security":null},"EventData":{"SubjectUserSid":"S-1-5-18","SubjectUserName":"WIN-QALA5Q3KJ43$","SubjectDomainName":"WORKGROUP","SubjectLogonId":"0x3e7","ObjectServer":"Security","ObjectType":"File","ObjectName":"C:\\Windows\\System32\\api-ms-win-core-fibers-l1-1-0.dll","HandleId":"0x14","OldSd":"","NewSd":"S:ARAI(AU;SAFA;DCLCRPCRSDWDWO;;;WD)","ProcessId":"0x24c","ProcessName":"C:\\Windows\\System32\\poqexec.exe"}}}
{"Event_attributes":{"xmlns":"http://schemas.microsoft.com/win/2004/08/events/event"},"Event":{"System":{"Provider_attributes":{"Name":"Microsoft-Windows-Security-Auditing","Guid":"54849625-5478-4994-A5BA-3E3B0328C30D"},"EventID":4907,"Version":0,"Level":0,"Task":13568,"Opcode":0,"Keywords":"0x8020000000000000","TimeCreated_attributes":{"SystemTime":"2013-10-23T17:28:31.536000Z"},"EventRecordID":180,"Correlation":null,"Execution_attributes":{"ProcessID":508,"ThreadID":524},"Channel":"Security","Computer":"IE8Win7","Security":null},"EventData":{"SubjectUserSid":"S-1-5-18","SubjectUserName":"WIN-QALA5Q3KJ43$","SubjectDomainName":"WORKGROUP","SubjectLogonId":"0x3e7","ObjectServer":"Security","ObjectType":"File","ObjectName":"C:\\Windows\\System32\\api-ms-win-core-processenvironment-l1-1-0.dll","HandleId":"0x14","OldSd":"","NewSd":"S:ARAI(AU;SAFA;DCLCRPCRSDWDWO;;;WD)","ProcessId":"0x24c","ProcessName":"C:\\Windows\\System32\\poqexec.exe"}}}
{"Event_attributes":{"xmlns":"http://schemas.microsoft.com/win/2004/08/events/event"},"Event":{"System":{"Provider_attributes":{"Name":"Microsoft-Windows-Security-Auditing","Guid":"54849625-5478-4994-A5BA-3E3B0328C30D"},"EventID":4907,"Version":0,"Level":0,"Task":13568,"Opcode":0,"Keywords":"0x8020000000000000","TimeCreated_attributes":{"SystemTime":"2013-10-23T17:28:31.551625Z"},"EventRecordID":181,"Correlation":null,"Execution_attributes":{"ProcessID":508,"ThreadID":524},"Channel":"Security","Computer":"IE8Win7","Security":null},"EventData":{"SubjectUserSid":"S-1-5-18","SubjectUserName":"WIN-QALA5Q3KJ43$","SubjectDomainName":"WORKGROUP","SubjectLogonId":"0x3e7","ObjectServer":"Security","ObjectType":"File","ObjectName":"C:\\Windows\\System32\\api-ms-win-core-xstate-l1-1-0.dll","HandleId":"0x14","OldSd":"","NewSd":"S:ARAI(AU;SAFA;DCLCRPCRSDWDWO;;;WD)","ProcessId":"0x24c","ProcessName":"C:\\Windows\\System32\\poqexec.exe"}}}
{"Event_attributes":{"xmlns":"http://schemas.microsoft.com/win/2004/08/events/event"},"Event":{"System":{"Provider_attributes":{"Name":"Microsoft-Windows-Security-Auditing","Guid":"54849625-5478-4994-A5BA-3E3B0328C30D"},"EventID":4907,"Version":0,"Level":0,"Task":13568,"Opcode":0,"Keywords":"0x8020000000000000","TimeCreated_attributes":{"SystemTime":"2013-10-23T17:28:31.598500Z"},"EventRecordID":182,"Correlation":null,"Execution_attributes":{"ProcessID":508,"ThreadID":524},"Channel":"Security","Computer":"IE8Win7","Security":null},"EventData":{"SubjectUserSid":"S-1-5-18","SubjectUserName":"WIN-QALA5Q3KJ43$","SubjectDomainName":"WORKGROUP","SubjectLogonId":"0x3e7","ObjectServer":"Security","ObjectType":"File","ObjectName":"C:\\Windows\\System32\\winsrv.dll","HandleId":"0x14","OldSd":"","NewSd":"S:ARAI(AU;SAFA;DCLCRPCRSDWDWO;;;WD)","ProcessId":"0x24c","ProcessName":"C:\\Windows\\System32\\poqexec.exe"}}}
{"Event_attributes":{"xmlns":"http://schemas.microsoft.com/win/2004/08/events/event"},"Event":{"System":{"Provider_attributes":{"Name":"Microsoft-Windows-Security-Auditing","Guid":"54849625-5478-4994-A5BA-3E3B0328C30D"},"EventID":4907,"Version":0,"Level":0,"Task":13568,"Opcode":0,"Keywords":"0x8020000000000000","TimeCreated_attributes":{"SystemTime":"2013-10-23T17:28:31.614125Z"},"EventRecordID":183,"Correlation":null,"Execution_attributes":{"ProcessID":508,"ThreadID":524},"Channel":"Security","Computer":"IE8Win7","Security":null},"EventData":{"SubjectUserSid":"S-1-5-18","SubjectUserName":"WIN-QALA5Q3KJ43$","SubjectDomainName":"WORKGROUP","SubjectLogonId":"0x3e7","ObjectServer":"Security","ObjectType":"File","ObjectName":"C:\\Windows\\System32\\api-ms-win-core-util-l1-1-0.dll","HandleId":"0x14","OldSd":"","NewSd":"S:ARAI(AU;SAFA;DCLCRPCRSDWDWO;;;WD)","ProcessId":"0x24c","ProcessName":"C:\\Windows\\System32\\poqexec.exe"}}}
{"Event_attributes":{"xmlns":"http://schemas.microsoft.com/win/2004/08/events/event"},"Event":{"System":{"Provider_attributes":{"Name":"Microsoft-Windows-Security-Auditing","Guid":"54849625-5478-4994-A5BA-3E3B0328C30D"},"EventID":4907,"Version":0,"Level":0,"Task":13568,"Opcode":0,"Keywords":"0x8020000000000000","TimeCreated_attributes":{"SystemTime":"2013-10-23T17:28:31.614125Z"},"EventRecordID":184,"Correlation":null,"Execution_attributes":{"ProcessID":508,"ThreadID":524},"Channel":"Security","Computer":"IE8Win7","Security":null},"EventData":{"SubjectUserSid":"S-1-5-18","SubjectUserName":"WIN-QALA5Q3KJ43$","SubjectDomainName":"WORKGROUP","SubjectLogonId":"0x3e7","ObjectServer":"Security","ObjectType":"File","ObjectName":"C:\\Windows\\System32\\api-ms-win-core-rtlsupport-l1-1-0.dll","HandleId":"0x14","OldSd":"","NewSd":"S:ARAI(AU;SAFA;DCLCRPCRSDWDWO;;;WD)","ProcessId":"0x24c","ProcessName":"C:\\Windows\\System32\\poqexec.exe"}}}
{"Event_attributes":{"xmlns":"http://schemas.microsoft.com/win/2004/08/events/event"},"Event":{"System":{"Provider_attributes":{"Name":"Microsoft-Windows-Security-Auditing","Guid":"54849625-5478-4994-A5BA-3E3B0328C30D"},"EventID":4907,"Version":0,"Level":0,"Task":13568,"Opcode":0,"Keywords":"0x8020000000000000","TimeCreated_attributes":{"SystemTime":"2013-10-23T17:28:31.629750Z"},"EventRecordID":185,"Correlation":null,"Execution_attributes":{"ProcessID":508,"ThreadID":524},"Channel":"Security","Computer":"IE8Win7","Security":null},"EventData":{"SubjectUserSid":"S-1-5-18","SubjectUserName":"WIN-QALA5Q3KJ43$","SubjectDomainName":"WORKGROUP","SubjectLogonId":"0x3e7","ObjectServer":"Security","ObjectType":"File","ObjectName":"C:\\Windows\\System32\\api-ms-win-core-synch-l1-1-0.dll","HandleId":"0x14","OldSd":"","NewSd":"S:ARAI(AU;SAFA;DCLCRPCRSDWDWO;;;WD)","ProcessId":"0x24c","ProcessName":"C:\\Windows\\System32\\poqexec.exe"}}}
{"Event_attributes":{"xmlns":"http://schemas.microsoft.com/win/2004/08/events/event"},"Event":{"System":{"Provider_attributes":{"Name":"Microsoft-Windows-Security-Auditing","Guid":"54849625-5478-4994-A5BA-3E3B0328C30D"},"EventID":4907,"Version":0,"Level":0,"Task":13568,"Opcode":0,"Keywords":"0x8020000000000000","TimeCreated_attributes":{"SystemTime":"2013-10-23T17:28:31.629750Z"},"EventRecordID":186,"Correlation":null,"Execution_attributes":{"ProcessID":508,"ThreadID":524},"Channel":"Security","Computer":"IE8Win7","Security":null},"EventData":{"SubjectUserSid":"S-1-5-18","SubjectUserName":"WIN-QALA5Q3KJ43$","SubjectDomainName":"WORKGROUP","SubjectLogonId":"0x3e7","ObjectServer":"Security","ObjectType":"File","ObjectName":"C:\\Windows\\System32\\api-ms-win-core-datetime-l1-1-0.dll","HandleId":"0x14","OldSd":"","NewSd":"S:ARAI(AU;SAFA;DCLCRPCRSDWDWO;;;WD)","ProcessId":"0x24c","ProcessName":"C:\\Windows\\System32\\poqexec.exe"}}}
{"Event_attributes":{"xmlns":"http://schemas.microsoft.com/win/2004/08/events/event"},"Event":{"System":{"Provider_attributes":{"Name":"Microsoft-Windows-Security-Auditing","Guid":"54849625-5478-4994-A5BA-3E3B0328C30D"},"EventID":4907,"Version":0,"Level":0,"Task":13568,"Opcode":0,"Keywords":"0x8020000000000000","TimeCreated_attributes":{"SystemTime":"2013-10-23T17:28:31.645375Z"},"EventRecordID":187,"Correlation":null,"Execution_attributes":{"ProcessID":508,"ThreadID":524},"Channel":"Security","Computer":"IE8Win7","Security":null},"EventData":{"SubjectUserSid":"S-1-5-18","SubjectUserName":"WIN-QALA5Q3KJ43$","SubjectDomainName":"WORKGROUP","SubjectLogonId":"0x3e7","ObjectServer":"Security","ObjectType":"File","ObjectName":"C:\\Windows\\System32\\api-ms-win-core-localregistry-l1-1-0.dll","HandleId":"0x14","OldSd":"","NewSd":"S:ARAI(AU;SAFA;DCLCRPCRSDWDWO;;;WD)","ProcessId":"0x24c","ProcessName":"C:\\Windows\\System32\\poqexec.exe"}}}
{"Event_attributes":{"xmlns":"http://schemas.microsoft.com/win/2004/08/events/event"},"Event":{"System":{"Provider_attributes":{"Name":"Microsoft-Windows-Security-Auditing","Guid":"54849625-5478-4994-A5BA-3E3B0328C30D"},"EventID":4907,"Version":0,"Level":0,"Task":13568,"Opcode":0,"Keywords":"0x8020000000000000","TimeCreated_attributes":{"SystemTime":"2013-10-23T17:28:31.645375Z"},"EventRecordID":188,"Correlation":null,"Execution_attributes":{"ProcessID":508,"ThreadID":524},"Channel":"Security","Computer":"IE8Win7","Security":null},"EventData":{"SubjectUserSid":"S-1-5-18","SubjectUserName":"WIN-QALA5Q3KJ43$","SubjectDomainName":"WORKGROUP","SubjectLogonId":"0x3e7","ObjectServer":"Security","ObjectType":"File","ObjectName":"C:\\Windows\\System32\\api-ms-win-core-libraryloader-l1-1-0.dll","HandleId":"0x14","OldSd":"","NewSd":"S:ARAI(AU;SAFA;DCLCRPCRSDWDWO;;;WD)","ProcessId":"0x24c","ProcessName":"C:\\Windows\\System32\\poqexec.exe"}}}
{"Event_attributes":{"xmlns":"http://schemas.microsoft.com/win/2004/08/events/event"},"Event":{"System":{"Provider_attributes":{"Name":"Microsoft-Windows-Security-Auditing","Guid":"54849625-5478-4994-A5BA-3E3B0328C30D"},"EventID":4907,"Version":0,"Level":0,"Task":13568,"Opcode":0,"Keywords":"0x8020000000000000","TimeCreated_attributes":{"SystemTime":"2013-10-23T17:28:31.661000Z"},"EventRecordID":189,"Correlation":null,"Execution_attributes":{"ProcessID":508,"ThreadID":524},"Channel":"Security","Computer":"IE8Win7","Security":null},"EventData":{"SubjectUserSid":"S-1-5-18","SubjectUserName":"WIN-QALA5Q3KJ43$","SubjectDomainName":"WORKGROUP","SubjectLogonId":"0x3e7","ObjectServer":"Security","ObjectType":"File","ObjectName":"C:\\Windows\\System32\\kernel32.dll","HandleId":"0x14","OldSd":"","NewSd":"S:ARAI(AU;SAFA;DCLCRPCRSDWDWO;;;WD)","ProcessId":"0x24c","ProcessName":"C:\\Windows\\System32\\poqexec.exe"}}}
{"Event_attributes":{"xmlns":"http://schemas.microsoft.com/win/2004/08/events/event"},"Event":{"System":{"Provider_attributes":{"Name":"Microsoft-Windows-Security-Auditing","Guid":"54849625-5478-4994-A5BA-3E3B0328C30D"},"EventID":4907,"Version":0,"Level":0,"Task":13568,"Opcode":0,"Keywords":"0x8020000000000000","TimeCreated_attributes":{"SystemTime":"2013-10-23T17:28:31.661000Z"},"EventRecordID":190,"Correlation":null,"Execution_attributes":{"ProcessID":508,"ThreadID":524},"Channel":"Security","Computer":"IE8Win7","Security":null},"EventData":{"SubjectUserSid":"S-1-5-18","SubjectUserName":"WIN-QALA5Q3KJ43$","SubjectDomainName":"WORKGROUP","SubjectLogonId":"0x3e7","ObjectServer":"Security","ObjectType":"File","ObjectName":"C:\\Windows\\System32\\api-ms-win-core-delayload-l1-1-0.dll","HandleId":"0x14","OldSd":"","NewSd":"S:ARAI(AU;SAFA;DCLCRPCRSDWDWO;;;WD)","ProcessId":"0x24c","ProcessName":"C:\\Windows\\System32\\poqexec.exe"}}}
{"Event_attributes":{"xmlns":"http://schemas.microsoft.com/win/2004/08/events/event"},"Event":{"System":{"Provider_attributes":{"Name":"Microsoft-Windows-Security-Auditing","Guid":"54849625-5478-4994-A5BA-3E3B0328C30D"},"EventID":4907,"Version":0,"Level":0,"Task":13568,"Opcode":0,"Keywords":"0x8020000000000000","TimeCreated_attributes":{"SystemTime":"2013-10-23T17:28:31.723500Z"},"EventRecordID":191,"Correlation":null,"Execution_attributes":{"ProcessID":508,"ThreadID":524},"Channel":"Security","Computer":"IE8Win7","Security":null},"EventData":{"SubjectUserSid":"S-1-5-18","SubjectUserName":"WIN-QALA5Q3KJ43$","SubjectDomainName":"WORKGROUP","SubjectLogonId":"0x3e7","ObjectServer":"Security","ObjectType":"File","ObjectName":"C:\\Windows\\System32\\api-ms-win-security-base-l1-1-0.dll","HandleId":"0x14","OldSd":"","NewSd":"S:ARAI(AU;SAFA;DCLCRPCRSDWDWO;;;WD)","ProcessId":"0x24c","ProcessName":"C:\\Windows\\System32\\poqexec.exe"}}}
{"Event_attributes":{"xmlns":"http://schemas.microsoft.com/win/2004/08/events/event"},"Event":{"System":{"Provider_attributes":{"Name":"Microsoft-Windows-Security-Auditing","Guid":"54849625-5478-4994-A5BA-3E3B0328C30D"},"EventID":4907,"Version":0,"Level":0,"Task":13568,"Opcode":0,"Keywords":"0x8020000000000000","TimeCreated_attributes":{"SystemTime":"2013-10-23T17:28:31.723500Z"},"EventRecordID":192,"Correlation":null,"Execution_attributes":{"ProcessID":508,"ThreadID":524},"Channel":"Security","Computer":"IE8Win7","Security":null},"EventData":{"SubjectUserSid":"S-1-5-18","SubjectUserName":"WIN-QALA5Q3KJ43$","SubjectDomainName":"WORKGROUP","SubjectLogonId":"0x3e7","ObjectServer":"Security","ObjectType":"File","ObjectName":"C:\\Windows\\System32\\api-ms-win-core-memory-l1-1-0.dll","HandleId":"0x14","OldSd":"","NewSd":"S:ARAI(AU;SAFA;DCLCRPCRSDWDWO;;;WD)","ProcessId":"0x24c","ProcessName":"C:\\Windows\\System32\\poqexec.exe"}}}
{"Event_attributes":{"xmlns":"http://schemas.microsoft.com/win/2004/08/events/event"},"Event":{"System":{"Provider_attributes":{"Name":"Microsoft-Windows-Security-Auditing","Guid":"54849625-5478-4994-A5BA-3E3B0328C30D"},"EventID":4907,"Version":0,"Level":0,"Task":13568,"Opcode":0,"Keywords":"0x8020000000000000","TimeCreated_attributes":{"SystemTime":"2013-10-23T17:28:31.739125Z"},"EventRecordID":193,"Correlation":null,"Execution_attributes":{"ProcessID":508,"ThreadID":524},"Channel":"Security","Computer":"IE8Win7","Security":null},"EventData":{"SubjectUserSid":"S-1-5-18","SubjectUserName":"WIN-QALA5Q3KJ43$","SubjectDomainName":"WORKGROUP","SubjectLogonId":"0x3e7","ObjectServer":"Security","ObjectType":"File","ObjectName":"C:\\Windows\\System32\\api-ms-win-core-file-l1-1-0.dll","HandleId":"0x14","OldSd":"","NewSd":"S:ARAI(AU;SAFA;DCLCRPCRSDWDWO;;;WD)","ProcessId":"0x24c","ProcessName":"C:\\Windows\\System32\\poqexec.exe"}}}
{"Event_attributes":{"xmlns":"http://schemas.microsoft.com/win/2004/08/events/event"},"Event":{"System":{"Provider_attributes":{"Name":"Microsoft-Windows-Security-Auditing","Guid":"54849625-5478-4994-A5BA-3E3B0328C30D"},"EventID":4907,"Version":0,"Level":0,"Task":13568,"Opcode":0,"Keywords":"0x8020000000000000","TimeCreated_attributes":{"SystemTime":"2013-10-23T17:28:31.739125Z"},"EventRecordID":194,"Correlation":null,"Execution_attributes":{"ProcessID":508,"ThreadID":524},"Channel":"Security","Computer":"IE8Win7","Security":null},"EventData":{"SubjectUserSid":"S-1-5-18","SubjectUserName":"WIN-QALA5Q3KJ43$","SubjectDomainName":"WORKGROUP","SubjectLogonId":"0x3e7","ObjectServer":"Security","ObjectType":"File","ObjectName":"C:\\Windows\\System32\\api-ms-win-core-threadpool-l1-1-0.dll","HandleId":"0x14","OldSd":"","NewSd":"S:ARAI(AU;SAFA;DCLCRPCRSDWDWO;;;WD)","ProcessId":"0x24c","ProcessName":"C:\\Windows\\System32\\poqexec.exe"}}}
{"Event_attributes":{"xmlns":"http://schemas.microsoft.com/win/2004/08/events/event"},"Event":{"System":{"Provider_attributes":{"Name":"Microsoft-Windows-Security-Auditing","Guid":"54849625-5478-4994-A5BA-3E3B0328C30D"},"EventID":4907,"Version":0,"Level":0,"Task":13568,"Opcode":0,"Keywords":"0x8020000000000000","TimeCreated_attributes":{"SystemTime":"2013-10-23T17:28:31.770375Z"},"EventRecordID":195,"Correlation":null,"Execution_attributes":{"ProcessID":508,"ThreadID":524},"Channel":"Security","Computer":"IE8Win7","Security":null},"EventData":{"SubjectUserSid":"S-1-5-18","SubjectUserName":"WIN-QALA5Q3KJ43$","SubjectDomainName":"WORKGROUP","SubjectLogonId":"0x3e7","ObjectServer":"Security","ObjectType":"File","ObjectName":"C:\\Windows\\System32\\conhost.exe","HandleId":"0x14","OldSd":"","NewSd":"S:ARAI(AU;SAFA;DCLCRPCRSDWDWO;;;WD)","ProcessId":"0x24c","ProcessName":"C:\\Windows\\System32\\poqexec.exe"}}}
{"Event_attributes":{"xmlns":"http://schemas.microsoft.com/win/2004/08/events/event"},"Event":{"System":{"Provider_attributes":{"Name":"Microsoft-Windows-Security-Auditing","Guid":"54849625-5478-4994-A5BA-3E3B0328C30D"},"EventID":4907,"Version":0,"Level":0,"Task":13568,"Opcode":0,"Keywords":"0x8020000000000000","TimeCreated_attributes":{"SystemTime":"2013-10-23T17:28:31.770375Z"},"EventRecordID":196,"Correlation":null,"Execution_attributes":{"ProcessID":508,"ThreadID":524},"Channel":"Security","Computer":"IE8Win7","Security":null},"EventData":{"SubjectUserSid":"S-1-5-18","SubjectUserName":"WIN-QALA5Q3KJ43$","SubjectDomainName":"WORKGROUP","SubjectLogonId":"0x3e7","ObjectServer":"Security","ObjectType":"File","ObjectName":"C:\\Windows\\System32\\KernelBase.dll","HandleId":"0x14","OldSd":"","NewSd":"S:ARAI(AU;SAFA;DCLCRPCRSDWDWO;;;WD)","ProcessId":"0x24c","ProcessName":"C:\\Windows\\System32\\poqexec.exe"}}}
{"Event_attributes":{"xmlns":"http://schemas.microsoft.com/win/2004/08/events/event"},"Event":{"System":{"Provider_attributes":{"Name":"Microsoft-Windows-Security-Auditing","Guid":"54849625-5478-4994-A5BA-3E3B0328C30D"},"EventID":4907,"Version":0,"Level":0,"Task":13568,"Opcode":0,"Keywords":"0x8020000000000000","TimeCreated_attributes":{"SystemTime":"2013-10-23T17:28:31.786000Z"},"EventRecordID":197,"Correlation":null,"Execution_attributes":{"ProcessID":508,"ThreadID":524},"Channel":"Security","Computer":"IE8Win7","Security":null},"EventData":{"SubjectUserSid":"S-1-5-18","SubjectUserName":"WIN-QALA5Q3KJ43$","SubjectDomainName":"WORKGROUP","SubjectLogonId":"0x3e7","ObjectServer":"Security","ObjectType":"File","ObjectName":"C:\\Windows\\System32\\api-ms-win-core-interlocked-l1-1-0.dll","HandleId":"0x14","OldSd":"","NewSd":"S:ARAI(AU;SAFA;DCLCRPCRSDWDWO;;;WD)","ProcessId":"0x24c","ProcessName":"C:\\Windows\\System32\\poqexec.exe"}}}
{"Event_attributes":{"xmlns":"http://schemas.microsoft.com/win/2004/08/events/event"},"Event":{"System":{"Provider_attributes":{"Name":"Microsoft-Windows-Security-Auditing","Guid":"54849625-5478-4994-A5BA-3E3B0328C30D"},"EventID":4907,"Version":0,"Level":0,"Task":13568,"Opcode":0,"Keywords":"0x8020000000000000","TimeCreated_attributes":{"SystemTime":"2013-10-23T17:28:31.786000Z"},"EventRecordID":198,"Correlation":null,"Execution_attributes":{"ProcessID":508,"ThreadID":524},"Channel":"Security","Computer":"IE8Win7","Security":null},"EventData":{"SubjectUserSid":"S-1-5-18","SubjectUserName":"WIN-QALA5Q3KJ43$","SubjectDomainName":"WORKGROUP","SubjectLogonId":"0x3e7","ObjectServer":"Security","ObjectType":"File","ObjectName":"C:\\Windows\\System32\\api-ms-win-core-heap-l1-1-0.dll","HandleId":"0x14","OldSd":"","NewSd":"S:ARAI(AU;SAFA;DCLCRPCRSDWDWO;;;WD)","ProcessId":"0x24c","ProcessName":"C:\\Windows\\System32\\poqexec.exe"}}}
{"Event_attributes":{"xmlns":"http://schemas.microsoft.com/win/2004/08/events/event"},"Event":{"System":{"Provider_attributes":{"Name":"Microsoft-Windows-Security-Auditing","Guid":"54849625-5478-4994-A5BA-3E3B0328C30D"},"EventID":4907,"Version":0,"Level":0,"Task":13568,"Opcode":0,"Keywords":"0x8020000000000000","TimeCreated_attributes":{"SystemTime":"2013-10-23T17:28:31.801625Z"},"EventRecordID":199,"Correlation":null,"Execution_attributes":{"ProcessID":508,"ThreadID":524},"Channel":"Security","Computer":"IE8Win7","Security":null},"EventData":{"SubjectUserSid":"S-1-5-18","SubjectUserName":"WIN-QALA5Q3KJ43$","SubjectDomainName":"WORKGROUP","SubjectLogonId":"0x3e7","ObjectServer":"Security","ObjectType":"File","ObjectName":"C:\\Windows\\System32\\api-ms-win-core-profile-l1-1-0.dll","HandleId":"0x14","OldSd":"","NewSd":"S:ARAI(AU;SAFA;DCLCRPCRSDWDWO;;;WD)","ProcessId":"0x24c","ProcessName":"C:\\Windows\\System32\\poqexec.exe"}}}
{"Event_attributes":{"xmlns":"http://schemas.microsoft.com/win/2004/08/events/event"},"Event":{"System":{"Provider_attributes":{"Name":"Microsoft-Windows-Security-Auditing","Guid":"54849625-5478-4994-A5BA-3E3B0328C30D"},"EventID":4907,"Version":0,"Level":0,"Task":13568,"Opcode":0,"Keywords":"0x8020000000000000","TimeCreated_attributes":{"SystemTime":"2013-10-23T17:28:31.801625Z"},"EventRecordID":200,"Correlation":null,"Execution_attributes":{"ProcessID":508,"ThreadID":524},"Channel":"Security","Computer":"IE8Win7","Security":null},"EventData":{"SubjectUserSid":"S-1-5-18","SubjectUserName":"WIN-QALA5Q3KJ43$","SubjectDomainName":"WORKGROUP","SubjectLogonId":"0x3e7","ObjectServer":"Security","ObjectType":"File","ObjectName":"C:\\Windows\\System32\\api-ms-win-core-sysinfo-l1-1-0.dll","HandleId":"0x14","OldSd":"","NewSd":"S:ARAI(AU;SAFA;DCLCRPCRSDWDWO;;;WD)","ProcessId":"0x24c","ProcessName":"C:\\Windows\\System32\\poqexec.exe"}}}
{"Event_attributes":{"xmlns":"http://schemas.microsoft.com/win/2004/08/events/event"},"Event":{"System":{"Provider_attributes":{"Name":"Microsoft-Windows-Security-Auditing","Guid":"54849625-5478-4994-A5BA-3E3B0328C30D"},"EventID":4907,"Version":0,"Level":0,"Task":13568,"Opcode":0,"Keywords":"0x8020000000000000","TimeCreated_attributes":{"SystemTime":"2013-10-23T17:28:31.817250Z"},"EventRecordID":201,"Correlation":null,"Execution_attributes":{"ProcessID":508,"ThreadID":524},"Channel":"Security","Computer":"IE8Win7","Security":null},"EventData":{"SubjectUserSid":"S-1-5-18","SubjectUserName":"WIN-QALA5Q3KJ43$","SubjectDomainName":"WORKGROUP","SubjectLogonId":"0x3e7","ObjectServer":"Security","ObjectType":"File","ObjectName":"C:\\Windows\\System32\\api-ms-win-core-handle-l1-1-0.dll","HandleId":"0x14","OldSd":"","NewSd":"S:ARAI(AU;SAFA;DCLCRPCRSDWDWO;;;WD)","ProcessId":"0x24c","ProcessName":"C:\\Windows\\System32\\poqexec.exe"}}}
{"Event_attributes":{"xmlns":"http://schemas.microsoft.com/win/2004/08/events/event"},"Event":{"System":{"Provider_attributes":{"Name":"Microsoft-Windows-Security-Auditing","Guid":"54849625-5478-4994-A5BA-3E3B0328C30D"},"EventID":4907,"Version":0,"Level":0,"Task":13568,"Opcode":0,"Keywords":"0x8020000000000000","TimeCreated_attributes":{"SystemTime":"2013-10-23T17:28:32.067250Z"},"EventRecordID":202,"Correlation":null,"Execution_attributes":{"ProcessID":508,"ThreadID":524},"Channel":"Security","Computer":"IE8Win7","Security":null},"EventData":{"SubjectUserSid":"S-1-5-18","SubjectUserName":"WIN-QALA5Q3KJ43$","SubjectDomainName":"WORKGROUP","SubjectLogonId":"0x3e7","ObjectServer":"Security","ObjectType":"File","ObjectName":"C:\\Windows\\Microsoft.NET\\Framework\\v2.0.50727\\mscorlib.dll","HandleId":"0x14","OldSd":"","NewSd":"S:ARAI(AU;SAFA;DCLCRPCRSDWDWO;;;WD)","ProcessId":"0x24c","ProcessName":"C:\\Windows\\System32\\poqexec.exe"}}}
{"Event_attributes":{"xmlns":"http://schemas.microsoft.com/win/2004/08/events/event"},"Event":{"System":{"Provider_attributes":{"Name":"Microsoft-Windows-Security-Auditing","Guid":"54849625-5478-4994-A5BA-3E3B0328C30D"},"EventID":4907,"Version":0,"Level":0,"Task":13568,"Opcode":0,"Keywords":"0x8020000000000000","TimeCreated_attributes":{"SystemTime":"2013-10-23T17:28:32.082875Z"},"EventRecordID":203,"Correlation":null,"Execution_attributes":{"ProcessID":508,"ThreadID":524},"Channel":"Security","Computer":"IE8Win7","Security":null},"EventData":{"SubjectUserSid":"S-1-5-18","SubjectUserName":"WIN-QALA5Q3KJ43$","SubjectDomainName":"WORKGROUP","SubjectLogonId":"0x3e7","ObjectServer":"Security","ObjectType":"File","ObjectName":"C:\\Windows\\Microsoft.NET\\Framework\\v2.0.50727\\System.Windows.Forms.dll","HandleId":"0x14","OldSd":"","NewSd":"S:ARAI(AU;SAFA;DCLCRPCRSDWDWO;;;WD)","ProcessId":"0x24c","ProcessName":"C:\\Windows\\System32\\poqexec.exe"}}}
{"Event_attributes":{"xmlns":"http://schemas.microsoft.com/win/2004/08/events/event"},"Event":{"System":{"Provider_attributes":{"Name":"Microsoft-Windows-Security-Auditing","Guid":"54849625-5478-4994-A5BA-3E3B0328C30D"},"EventID":4907,"Version":0,"Level":0,"Task":13568,"Opcode":0,"Keywords":"0x8020000000000000","TimeCreated_attributes":{"SystemTime":"2013-10-23T17:28:32.114125Z"},"EventRecordID":204,"Correlation":null,"Execution_attributes":{"ProcessID":508,"ThreadID":524},"Channel":"Security","Computer":"IE8Win7","Security":null},"EventData":{"SubjectUserSid":"S-1-5-18","SubjectUserName":"WIN-QALA5Q3KJ43$","SubjectDomainName":"WORKGROUP","SubjectLogonId":"0x3e7","ObjectServer":"Security","ObjectType":"File","ObjectName":"C:\\Windows\\Microsoft.NET\\Framework\\v2.0.50727\\mscorjit.dll","HandleId":"0x14","OldSd":"","NewSd":"S:ARAI(AU;SAFA;DCLCRPCRSDWDWO;;;WD)","ProcessId":"0x24c","ProcessName":"C:\\Windows\\System32\\poqexec.exe"}}}
{"Event_attributes":{"xmlns":"http://schemas.microsoft.com/win/2004/08/events/event"},"Event":{"System":{"Provider_attributes":{"Name":"Microsoft-Windows-Security-Auditing","Guid":"54849625-5478-4994-A5BA-3E3B0328C30D"},"EventID":4907,"Version":0,"Level":0,"Task":13568,"Opcode":0,"Keywords":"0x8020000000000000","TimeCreated_attributes":{"SystemTime":"2013-10-23T17:28:32.114125Z"},"EventRecordID":205,"Correlation":null,"Execution_attributes":{"ProcessID":508,"ThreadID":524},"Channel":"Security","Computer":"IE8Win7","Security":null},"EventData":{"SubjectUserSid":"S-1-5-18","SubjectUserName":"WIN-QALA5Q3KJ43$","SubjectDomainName":"WORKGROUP","SubjectLogonId":"0x3e7","ObjectServer":"Security","ObjectType":"File","ObjectName":"C:\\Windows\\Microsoft.NET\\Framework\\v2.0.50727\\mscorwks.dll","HandleId":"0x14","OldSd":"","NewSd":"S:ARAI(AU;SAFA;DCLCRPCRSDWDWO;;;WD)","ProcessId":"0x24c","ProcessName":"C:\\Windows\\System32\\poqexec.exe"}}}
{"Event_attributes":{"xmlns":"http://schemas.microsoft.com/win/2004/08/events/event"},"Event":{"System":{"Provider_attributes":{"Name":"Microsoft-Windows-Security-Auditing","Guid":"54849625-5478-4994-A5BA-3E3B0328C30D"},"EventID":4907,"Version":0,"Level":0,"Task":13568,"Opcode":0,"Keywords":"0x8020000000000000","TimeCreated_attributes":{"SystemTime":"2013-10-23T17:28:32.145375Z"},"EventRecordID":206,"Correlation":null,"Execution_attributes":{"ProcessID":508,"ThreadID":524},"Channel":"Security","Computer":"IE8Win7","Security":null},"EventData":{"SubjectUserSid":"S-1-5-18","SubjectUserName":"WIN-QALA5Q3KJ43$","SubjectDomainName":"WORKGROUP","SubjectLogonId":"0x3e7","ObjectServer":"Security","ObjectType":"File","ObjectName":"C:\\Windows\\Microsoft.NET\\Framework\\v2.0.50727\\System.dll","HandleId":"0x14","OldSd":"","NewSd":"S:ARAI(AU;SAFA;DCLCRPCRSDWDWO;;;WD)","ProcessId":"0x24c","ProcessName":"C:\\Windows\\System32\\poqexec.exe"}}}
{"Event_attributes":{"xmlns":"http://schemas.microsoft.com/win/2004/08/events/event"},"Event":{"System":{"Provider_attributes":{"Name":"Microsoft-Windows-Security-Auditing","Guid":"54849625-5478-4994-A5BA-3E3B0328C30D"},"EventID":4907,"Version":0,"Level":0,"Task":13568,"Opcode":0,"Keywords":"0x8020000000000000","TimeCreated_attributes":{"SystemTime":"2013-10-23T17:28:32.176625Z"},"EventRecordID":207,"Correlation":null,"Execution_attributes":{"ProcessID":508,"ThreadID":524},"Channel":"Security","Computer":"IE8Win7","Security":null},"EventData":{"SubjectUserSid":"S-1-5-18","SubjectUserName":"WIN-QALA5Q3KJ43$","SubjectDomainName":"WORKGROUP","SubjectLogonId":"0x3e7","ObjectServer":"Security","ObjectType":"File","ObjectName":"C:\\Windows\\Microsoft.NET\\Framework\\v2.0.50727\\SOS.dll","HandleId":"0x14","OldSd":"","NewSd":"S:ARAI(AU;SAFA;DCLCRPCRSDWDWO;;;WD)","ProcessId":"0x24c","ProcessName":"C:\\Windows\\System32\\poqexec.exe"}}}
{"Event_attributes":{"xmlns":"http://schemas.microsoft.com/win/2004/08/events/event"},"Event":{"System":{"Provider_attributes":{"Name":"Microsoft-Windows-Security-Auditing","Guid":"54849625-5478-4994-A5BA-3E3B0328C30D"},"EventID":4907,"Version":0,"Level":0,"Task":13568,"Opcode":0,"Keywords":"0x8020000000000000","TimeCreated_attributes":{"SystemTime":"2013-10-23T17:28:32.223500Z"},"EventRecordID":208,"Correlation":null,"Execution_attributes":{"ProcessID":508,"ThreadID":524},"Channel":"Security","Computer":"IE8Win7","Security":null},"EventData":{"SubjectUserSid":"S-1-5-18","SubjectUserName":"WIN-QALA5Q3KJ43$","SubjectDomainName":"WORKGROUP","SubjectLogonId":"0x3e7","ObjectServer":"Security","ObjectType":"File","ObjectName":"C:\\Windows\\Microsoft.NET\\Framework\\v2.0.50727\\mscordacwks.dll","HandleId":"0x14","OldSd":"","NewSd":"S:ARAI(AU;SAFA;DCLCRPCRSDWDWO;;;WD)","ProcessId":"0x24c","ProcessName":"C:\\Windows\\System32\\poqexec.exe"}}}
{"Event_attributes":{"xmlns":"http://schemas.microsoft.com/win/2004/08/events/event"},"Event":{"System":{"Provider_attributes":{"Name":"Microsoft-Windows-Security-Auditing","Guid":"54849625-5478-4994-A5BA-3E3B0328C30D"},"EventID":4907,"Version":0,"Level":0,"Task":13568,"Opcode":0,"Keywords":"0x8020000000000000","TimeCreated_attributes":{"SystemTime":"2013-10-23T17:28:32.301625Z"},"EventRecordID":209,"Correlation":null,"Execution_attributes":{"ProcessID":508,"ThreadID":524},"Channel":"Security","Computer":"IE8Win7","Security":null},"EventData":{"SubjectUserSid":"S-1-5-18","SubjectUserName":"WIN-QALA5Q3KJ43$","SubjectDomainName":"WORKGROUP","SubjectLogonId":"0x3e7","ObjectServer":"Security","ObjectType":"File","ObjectName":"C:\\Windows\\Microsoft.NET\\Framework\\v3.0\\WPF\\wpfgfx_v0300.dll","HandleId":"0x14","OldSd":"","NewSd":"S:ARAI(AU;SAFA;DCLCRPCRSDWDWO;;;WD)","ProcessId":"0x24c","ProcessName":"C:\\Windows\\System32\\poqexec.exe"}}}
{"Event_attributes":{"xmlns":"http://schemas.microsoft.com/win/2004/08/events/event"},"Event":{"System":{"Provider_attributes":{"Name":"Microsoft-Windows-Security-Auditing","Guid":"54849625-5478-4994-A5BA-3E3B0328C30D"},"EventID":4907,"Version":0,"Level":0,"Task":13568,"Opcode":0,"Keywords":"0x8020000000000000","TimeCreated_attributes":{"SystemTime":"2013-10-23T17:28:32.317250Z"},"EventRecordID":210,"Correlation":null,"Execution_attributes":{"ProcessID":508,"ThreadID":524},"Channel":"Security","Computer":"IE8Win7","Security":null},"EventData":{"SubjectUserSid":"S-1-5-18","SubjectUserName":"WIN-QALA5Q3KJ43$","SubjectDomainName":"WORKGROUP","SubjectLogonId":"0x3e7","ObjectServer":"Security","ObjectType":"File","ObjectName":"C:\\Windows\\Microsoft.NET\\Framework\\v3.0\\WPF\\PresentationHostDLL.dll","HandleId":"0x14","OldSd":"","NewSd":"S:ARAI(AU;SAFA;DCLCRPCRSDWDWO;;;WD)","ProcessId":"0x24c","ProcessName":"C:\\Windows\\System32\\poqexec.exe"}}}
{"Event_attributes":{"xmlns":"http://schemas.microsoft.com/win/2004/08/events/event"},"Event":{"System":{"Provider_attributes":{"Name":"Microsoft-Windows-Security-Auditing","Guid":"54849625-5478-4994-A5BA-3E3B0328C30D"},"EventID":4907,"Version":0,"Level":0,"Task":13568,"Opcode":0,"Keywords":"0x8020000000000000","TimeCreated_attributes":{"SystemTime":"2013-10-23T17:28:32.332875Z"},"EventRecordID":211,"Correlation":null,"Execution_attributes":{"ProcessID":508,"ThreadID":524},"Channel":"Security","Computer":"IE8Win7","Security":null},"EventData":{"SubjectUserSid":"S-1-5-18","SubjectUserName":"WIN-QALA5Q3KJ43$","SubjectDomainName":"WORKGROUP","SubjectLogonId":"0x3e7","ObjectServer":"Security","ObjectType":"File","ObjectName":"C:\\Program Files\\Reference Assemblies\\Microsoft\\Framework\\v3.5\\System.AddIn.dll","HandleId":"0x14","OldSd":"","NewSd":"S:ARAI(AU;SAFA;DCLCRPCRSDWDWO;;;WD)","ProcessId":"0x24c","ProcessName":"C:\\Windows\\System32\\poqexec.exe"}}}
{"Event_attributes":{"xmlns":"http://schemas.microsoft.com/win/2004/08/events/event"},"Event":{"System":{"Provider_attributes":{"Name":"Microsoft-Windows-Security-Auditing","Guid":"54849625-5478-4994-A5BA-3E3B0328C30D"},"EventID":4907,"Version":0,"Level":0,"Task":13568,"Opcode":0,"Keywords":"0x8020000000000000","TimeCreated_attributes":{"SystemTime":"2013-10-23T17:28:32.348500Z"},"EventRecordID":212,"Correlation":null,"Execution_attributes":{"ProcessID":508,"ThreadID":524},"Channel":"Security","Computer":"IE8Win7","Security":null},"EventData":{"SubjectUserSid":"S-1-5-18","SubjectUserName":"WIN-QALA5Q3KJ43$","SubjectDomainName":"WORKGROUP","SubjectLogonId":"0x3e7","ObjectServer":"Security","ObjectType":"File","ObjectName":"C:\\Program Files\\Reference Assemblies\\Microsoft\\Framework\\v3.0\\WindowsBase.dll","HandleId":"0x14","OldSd":"","NewSd":"S:ARAI(AU;SAFA;DCLCRPCRSDWDWO;;;WD)","ProcessId":"0x24c","ProcessName":"C:\\Windows\\System32\\poqexec.exe"}}}
{"Event_attributes":{"xmlns":"http://schemas.microsoft.com/win/2004/08/events/event"},"Event":{"System":{"Provider_attributes":{"Name":"Microsoft-Windows-Security-Auditing","Guid":"54849625-5478-4994-A5BA-3E3B0328C30D"},"EventID":4907,"Version":0,"Level":0,"Task":13568,"Opcode":0,"Keywords":"0x8020000000000000","TimeCreated_attributes":{"SystemTime":"2013-10-23T17:28:32.348500Z"},"EventRecordID":213,"Correlation":null,"Execution_attributes":{"ProcessID":508,"ThreadID":524},"Channel":"Security","Computer":"IE8Win7","Security":null},"EventData":{"SubjectUserSid":"S-1-5-18","SubjectUserName":"WIN-QALA5Q3KJ43$","SubjectDomainName":"WORKGROUP","SubjectLogonId":"0x3e7","ObjectServer":"Security","ObjectType":"File","ObjectName":"C:\\Program Files\\Reference Assemblies\\Microsoft\\Framework\\v3.0\\PresentationCore.dll","HandleId":"0x14","OldSd":"","NewSd":"S:ARAI(AU;SAFA;DCLCRPCRSDWDWO;;;WD)","ProcessId":"0x24c","ProcessName":"C:\\Windows\\System32\\poqexec.exe"}}}
