{"Event_attributes":{"xmlns":"http://schemas.microsoft.com/win/2004/08/events/event"},"Event":{"System":{"Provider_attributes":{"Name":"MsiInstaller"},"EventID_attributes":{"Qualifiers":0},"EventID":1040,"Level":4,"Task":0,"Keywords":"0x80000000000000","TimeCreated_attributes":{"SystemTime":"2016-09-03T14:47:42.000000Z"},"EventRecordID":1902,"Channel":"Application","Computer":"IE10Win7","Security_attributes":{"UserID":"S-1-5-18"}},"EventData":{"Data":{"#text":["C:\\Windows\\Installer\\19c0aa6f.msi","3800","(NULL)","(NULL)","(NULL)","(NULL)",""]},"Binary":null}}}
{"Event_attributes":{"xmlns":"http://schemas.microsoft.com/win/2004/08/events/event"},"Event":{"System":{"Provider_attributes":{"Name":"Microsoft-Windows-RestartManager","Guid":"0888E5EF-9B98-4695-979D-E92CE4247224"},"EventID":10000,"Version":0,"Level":4,"Task":0,"Opcode":0,"Keywords":"0x8000000000000000","TimeCreated_attributes":{"SystemTime":"2016-09-03T14:47:42.496812Z"},"EventRecordID":1903,"Correlation":null,"Execution_attributes":{"ProcessID":5468,"ThreadID":2508},"Channel":"Application","Computer":"IE10Win7","Security_attributes":{"UserID":"S-1-5-18"}},"UserData":{"RmSessionEvent_attributes":{"xmlns:auto-ns2":"http://schemas.microsoft.com/win/2004/08/events","xmlns":"http://www.microsoft.com/2005/08/Windows/Reliability/RestartManager/"},"RmSessionEvent":{"RmSessionId":0,"UTCStartTime":"2016-09-03T14:47:42.496812Z"}}}}
{"Event_attributes":{"xmlns":"http://schemas.microsoft.com/win/2004/08/events/event"},"Event":{"System":{"Provider_attributes":{"Name":"Microsoft-Windows-LoadPerf","Guid":"122EE297-BB47-41AE-B265-1CA8D1886D40"},"EventID":1002,"Version":0,"Level":4,"Task":0,"Opcode":0,"Keywords":"0x8000000000000000","TimeCreated_attributes":{"SystemTime":"2016-09-03T14:47:53.515367Z"},"EventRecordID":1904,"Correlation":null,"Execution_attributes":{"ProcessID":5152,"ThreadID":5484},"Channel":"Application","Computer":"IE10Win7","Security_attributes":{"UserID":"S-1-5-18"}},"UserData":{"EventXML_attributes":{"xmlns:auto-ns2":"http://schemas.microsoft.com/win/2004/08/events","xmlns":"LoadPerf"},"EventXML":{"param1":".NET CLR Networking 4.0.0.0","param2":".NET CLR Networking 4.0.0.0","binaryDataSize":4,"binaryData":"C2120000"}}}}
{"Event_attributes":{"xmlns":"http://schemas.microsoft.com/win/2004/08/events/event"},"Event":{"System":{"Provider_attributes":{"Name":"MsiInstaller"},"EventID_attributes":{"Qualifiers":0},"EventID":1022,"Level":4,"Task":0,"Keywords":"0x80000000000000","TimeCreated_attributes":{"SystemTime":"2016-09-03T14:48:19.000000Z"},"EventRecordID":1905,"Channel":"Application","Computer":"IE10Win7","Security_attributes":{"UserID":"S-1-5-18"}},"EventData":{"Data":{"#text":["Microsoft .NET Framework 4.5","KB3097996","(NULL)","(NULL)","(NULL)","(NULL)",""]},"Binary":"7B39463631323432392D344130302D334434342D383843462D3134364441324545314639327D207B36333437343737302D383236352D333733462D384538412D3633424534444235383733397D"}}}
{"Event_attributes":{"xmlns":"http://schemas.microsoft.com/win/2004/08/events/event"},"Event":{"System":{"Provider_attributes":{"Name":"MsiInstaller"},"EventID_attributes":{"Qualifiers":0},"EventID":1036,"Level":4,"Task":0,"Keywords":"0x80000000000000","TimeCreated_attributes":{"SystemTime":"2016-09-03T14:48:19.000000Z"},"EventRecordID":1906,"Channel":"Application","Computer":"IE10Win7","Security_attributes":{"UserID":"S-1-5-18"}},"EventData":{"Data":{"#text":["Microsoft .NET Framework 4.5","4.5.50709","0","KB3097996","0","Microsoft Corporation",""]},"Binary":"7B39463631323432392D344130302D334434342D383843462D3134364441324545314639327D3030303039363430393865343862643534343434643364333032386533613730346261653030303030303030"}}}
{"Event_attributes":{"xmlns":"http://schemas.microsoft.com/win/2004/08/events/event"},"Event":{"System":{"Provider_attributes":{"Name":"MsiInstaller"},"EventID_attributes":{"Qualifiers":0},"EventID":11728,"Level":4,"Task":0,"Keywords":"0x80000000000000","TimeCreated_attributes":{"SystemTime":"2016-09-03T14:48:19.000000Z"},"EventRecordID":1907,"Channel":"Application","Computer":"IE10Win7","Security_attributes":{"UserID":"S-1-5-18"}},"EventData":{"Data":{"#text":["Product: Microsoft .NET Framework 4.5 -- Configuration completed successfully.","(NULL)","(NULL)","(NULL)","(NULL)","(NULL)",""]},"Binary":"7B39463631323432392D344130302D334434342D383843462D3134364441324545314639327D"}}}
{"Event_attributes":{"xmlns":"http://schemas.microsoft.com/win/2004/08/events/event"},"Event":{"System":{"Provider_attributes":{"Name":"MsiInstaller"},"EventID_attributes":{"Qualifiers":0},"EventID":1035,"Level":4,"Task":0,"Keywords":"0x80000000000000","TimeCreated_attributes":{"SystemTime":"2016-09-03T14:48:19.000000Z"},"EventRecordID":1908,"Channel":"Application","Computer":"IE10Win7","Security_attributes":{"UserID":"S-1-5-18"}},"EventData":{"Data":{"#text":["Microsoft .NET Framework 4.5","4.5.50709","0","0","Microsoft Corporation","(NULL)",""]},"Binary":"7B39463631323432392D344130302D334434342D383843462D3134364441324545314639327D3030303039363430393865343862643534343434643364333032386533613730346261653030303030303030"}}}
{"Event_attributes":{"xmlns":"http://schemas.microsoft.com/win/2004/08/events/event"},"Event":{"System":{"Provider_attributes":{"Name":"MsiInstaller"},"EventID_attributes":{"Qualifiers":0},"EventID":1042,"Level":4,"Task":0,"Keywords":"0x80000000000000","TimeCreated_attributes":{"SystemTime":"2016-09-03T14:48:19.000000Z"},"EventRecordID":1909,"Channel":"Application","Computer":"IE10Win7","Security_attributes":{"UserID":"S-1-5-18"}},"EventData":{"Data":{"#text":["C:\\Windows\\Installer\\19c0aa6f.msi","3800","(NULL)","(NULL)","(NULL)","(NULL)",""]},"Binary":null}}}
{"Event_attributes":{"xmlns":"http://schemas.microsoft.com/win/2004/08/events/event"},"Event":{"System":{"Provider_attributes":{"Name":"Microsoft-Windows-RestartManager","Guid":"0888E5EF-9B98-4695-979D-E92CE4247224"},"EventID":10001,"Version":0,"Level":4,"Task":0,"Opcode":0,"Keywords":"0x8000000000000000","TimeCreated_attributes":{"SystemTime":"2016-09-03T14:48:19.959703Z"},"EventRecordID":1910,"Correlation":null,"Execution_attributes":{"ProcessID":5468,"ThreadID":4400},"Channel":"Application","Computer":"IE10Win7","Security_attributes":{"UserID":"S-1-5-18"}},"UserData":{"RmSessionEvent_attributes":{"xmlns:auto-ns2":"http://schemas.microsoft.com/win/2004/08/events","xmlns":"http://www.microsoft.com/2005/08/Windows/Reliability/RestartManager/"},"RmSessionEvent":{"RmSessionId":0,"UTCStartTime":"2016-09-03T14:47:42.496812Z"}}}}
{"Event_attributes":{"xmlns":"http://schemas.microsoft.com/win/2004/08/events/event"},"Event":{"System":{"Provider_attributes":{"Name":"MsiInstaller"},"EventID_attributes":{"Qualifiers":0},"EventID":1040,"Level":4,"Task":0,"Keywords":"0x80000000000000","TimeCreated_attributes":{"SystemTime":"2016-09-03T14:48:23.000000Z"},"EventRecordID":1911,"Channel":"Application","Computer":"IE10Win7","Security_attributes":{"UserID":"S-1-5-18"}},"EventData":{"Data":{"#text":["C:\\Windows\\Installer\\19c0aa6f.msi","320","(NULL)","(NULL)","(NULL)","(NULL)",""]},"Binary":null}}}
{"Event_attributes":{"xmlns":"http://schemas.microsoft.com/win/2004/08/events/event"},"Event":{"System":{"Provider_attributes":{"Name":"Microsoft-Windows-RestartManager","Guid":"0888E5EF-9B98-4695-979D-E92CE4247224"},"EventID":10000,"Version":0,"Level":4,"Task":0,"Opcode":0,"Keywords":"0x8000000000000000","TimeCreated_attributes":{"SystemTime":"2016-09-03T14:48:23.792710Z"},"EventRecordID":1912,"Correlation":null,"Execution_attributes":{"ProcessID":4372,"ThreadID":1240},"Channel":"Application","Computer":"IE10Win7","Security_attributes":{"UserID":"S-1-5-18"}},"UserData":{"RmSessionEvent_attributes":{"xmlns:auto-ns2":"http://schemas.microsoft.com/win/2004/08/events","xmlns":"http://www.microsoft.com/2005/08/Windows/Reliability/RestartManager/"},"RmSessionEvent":{"RmSessionId":0,"UTCStartTime":"2016-09-03T14:48:23.792710Z"}}}}
{"Event_attributes":{"xmlns":"http://schemas.microsoft.com/win/2004/08/events/event"},"Event":{"System":{"Provider_attributes":{"Name":"Microsoft-Windows-LoadPerf","Guid":"122EE297-BB47-41AE-B265-1CA8D1886D40"},"EventID":1002,"Version":0,"Level":4,"Task":0,"Opcode":0,"Keywords":"0x8000000000000000","TimeCreated_attributes":{"SystemTime":"2016-09-03T14:48:25.293687Z"},"EventRecordID":1913,"Correlation":null,"Execution_attributes":{"ProcessID":3772,"ThreadID":4948},"Channel":"Application","Computer":"IE10Win7","Security_attributes":{"UserID":"S-1-5-18"}},"UserData":{"EventXML_attributes":{"xmlns:auto-ns2":"http://schemas.microsoft.com/win/2004/08/events","xmlns":"LoadPerf"},"EventXML":{"param1":".NET CLR Networking 4.0.0.0","param2":".NET CLR Networking 4.0.0.0","binaryDataSize":4,"binaryData":"C2120000"}}}}
{"Event_attributes":{"xmlns":"http://schemas.microsoft.com/win/2004/08/events/event"},"Event":{"System":{"Provider_attributes":{"Name":"MsiInstaller"},"EventID_attributes":{"Qualifiers":0},"EventID":1022,"Level":4,"Task":0,"Keywords":"0x80000000000000","TimeCreated_attributes":{"SystemTime":"2016-09-03T14:48:43.000000Z"},"EventRecordID":1914,"Channel":"Application","Computer":"IE10Win7","Security_attributes":{"UserID":"S-1-5-18"}},"EventData":{"Data":{"#text":["Microsoft .NET Framework 4.5","KB3035490","(NULL)","(NULL)","(NULL)","(NULL)",""]},"Binary":"7B39463631323432392D344130302D334434342D383843462D3134364441324545314639327D207B33444645353044452D424138312D333639452D423134392D4343334238414230393430357D"}}}
{"Event_attributes":{"xmlns":"http://schemas.microsoft.com/win/2004/08/events/event"},"Event":{"System":{"Provider_attributes":{"Name":"MsiInstaller"},"EventID_attributes":{"Qualifiers":0},"EventID":1036,"Level":4,"Task":0,"Keywords":"0x80000000000000","TimeCreated_attributes":{"SystemTime":"2016-09-03T14:48:43.000000Z"},"EventRecordID":1915,"Channel":"Application","Computer":"IE10Win7","Security_attributes":{"UserID":"S-1-5-18"}},"EventData":{"Data":{"#text":["Microsoft .NET Framework 4.5","4.5.50709","0","KB3035490","0","Microsoft Corporation",""]},"Binary":"7B39463631323432392D344130302D334434342D383843462D3134364441324545314639327D3030303039363430393865343862643534343434643364333032386533613730346261653030303030303030"}}}
{"Event_attributes":{"xmlns":"http://schemas.microsoft.com/win/2004/08/events/event"},"Event":{"System":{"Provider_attributes":{"Name":"MsiInstaller"},"EventID_attributes":{"Qualifiers":0},"EventID":11728,"Level":4,"Task":0,"Keywords":"0x80000000000000","TimeCreated_attributes":{"SystemTime":"2016-09-03T14:48:43.000000Z"},"EventRecordID":1916,"Channel":"Application","Computer":"IE10Win7","Security_attributes":{"UserID":"S-1-5-18"}},"EventData":{"Data":{"#text":["Product: Microsoft .NET Framework 4.5 -- Configuration completed successfully.","(NULL)","(NULL)","(NULL)","(NULL)","(NULL)",""]},"Binary":"7B39463631323432392D344130302D334434342D383843462D3134364441324545314639327D"}}}
{"Event_attributes":{"xmlns":"http://schemas.microsoft.com/win/2004/08/events/event"},"Event":{"System":{"Provider_attributes":{"Name":"MsiInstaller"},"EventID_attributes":{"Qualifiers":0},"EventID":1035,"Level":4,"Task":0,"Keywords":"0x80000000000000","TimeCreated_attributes":{"SystemTime":"2016-09-03T14:48:43.000000Z"},"EventRecordID":1917,"Channel":"Application","Computer":"IE10Win7","Security_attributes":{"UserID":"S-1-5-18"}},"EventData":{"Data":{"#text":["Microsoft .NET Framework 4.5","4.5.50709","0","0","Microsoft Corporation","(NULL)",""]},"Binary":"7B39463631323432392D344130302D334434342D383843462D3134364441324545314639327D3030303039363430393865343862643534343434643364333032386533613730346261653030303030303030"}}}
{"Event_attributes":{"xmlns":"http://schemas.microsoft.com/win/2004/08/events/event"},"Event":{"System":{"Provider_attributes":{"Name":"MsiInstaller"},"EventID_attributes":{"Qualifiers":0},"EventID":1042,"Level":4,"Task":0,"Keywords":"0x80000000000000","TimeCreated_attributes":{"SystemTime":"2016-09-03T14:48:43.000000Z"},"EventRecordID":1918,"Channel":"Application","Computer":"IE10Win7","Security_attributes":{"UserID":"S-1-5-18"}},"EventData":{"Data":{"#text":["C:\\Windows\\Installer\\19c0aa6f.msi","320","(NULL)","(NULL)","(NULL)","(NULL)",""]},"Binary":null}}}
{"Event_attributes":{"xmlns":"http://schemas.microsoft.com/win/2004/08/events/event"},"Event":{"System":{"Provider_attributes":{"Name":"Microsoft-Windows-RestartManager","Guid":"0888E5EF-9B98-4695-979D-E92CE4247224"},"EventID":10001,"Version":0,"Level":4,"Task":0,"Opcode":0,"Keywords":"0x8000000000000000","TimeCreated_attributes":{"SystemTime":"2016-09-03T14:48:43.140367Z"},"EventRecordID":1919,"Correlation":null,"Execution_attributes":{"ProcessID":4372,"ThreadID":2308},"Channel":"Application","Computer":"IE10Win7","Security_attributes":{"UserID":"S-1-5-18"}},"UserData":{"RmSessionEvent_attributes":{"xmlns:auto-ns2":"http://schemas.microsoft.com/win/2004/08/events","xmlns":"http://www.microsoft.com/2005/08/Windows/Reliability/RestartManager/"},"RmSessionEvent":{"RmSessionId":0,"UTCStartTime":"2016-09-03T14:48:23.792710Z"}}}}
{"Event_attributes":{"xmlns":"http://schemas.microsoft.com/win/2004/08/events/event"},"Event":{"System":{"Provider_attributes":{"Name":"MsiInstaller"},"EventID_attributes":{"Qualifiers":0},"EventID":1040,"Level":4,"Task":0,"Keywords":"0x80000000000000","TimeCreated_attributes":{"SystemTime":"2016-09-03T14:48:46.000000Z"},"EventRecordID":1920,"Channel":"Application","Computer":"IE10Win7","Security_attributes":{"UserID":"S-1-5-18"}},"EventData":{"Data":{"#text":["C:\\Windows\\Installer\\19c0aa6f.msi","1384","(NULL)","(NULL)","(NULL)","(NULL)",""]},"Binary":null}}}
{"Event_attributes":{"xmlns":"http://schemas.microsoft.com/win/2004/08/events/event"},"Event":{"System":{"Provider_attributes":{"Name":"Microsoft-Windows-RestartManager","Guid":"0888E5EF-9B98-4695-979D-E92CE4247224"},"EventID":10000,"Version":0,"Level":4,"Task":0,"Opcode":0,"Keywords":"0x8000000000000000","TimeCreated_attributes":{"SystemTime":"2016-09-03T14:48:46.976304Z"},"EventRecordID":1921,"Correlation":null,"Execution_attributes":{"ProcessID":1764,"ThreadID":5160},"Channel":"Application","Computer":"IE10Win7","Security_attributes":{"UserID":"S-1-5-18"}},"UserData":{"RmSessionEvent_attributes":{"xmlns:auto-ns2":"http://schemas.microsoft.com/win/2004/08/events","xmlns":"http://www.microsoft.com/2005/08/Windows/Reliability/RestartManager/"},"RmSessionEvent":{"RmSessionId":0,"UTCStartTime":"2016-09-03T14:48:46.976304Z"}}}}
{"Event_attributes":{"xmlns":"http://schemas.microsoft.com/win/2004/08/events/event"},"Event":{"System":{"Provider_attributes":{"Name":"Microsoft-Windows-RestartManager","Guid":"0888E5EF-9B98-4695-979D-E92CE4247224"},"EventID":10010,"Version":0,"Level":3,"Task":0,"Opcode":0,"Keywords":"0x8000000000000000","TimeCreated_attributes":{"SystemTime":"2016-09-03T14:48:47.395250Z"},"EventRecordID":1922,"Correlation":null,"Execution_attributes":{"ProcessID":1764,"ThreadID":5160},"Channel":"Application","Computer":"IE10Win7","Security_attributes":{"UserID":"S-1-5-18"}},"UserData":{"RmUnsupportedRestartEvent_attributes":{"xmlns:auto-ns2":"http://schemas.microsoft.com/win/2004/08/events","xmlns":"http://www.microsoft.com/2005/08/Windows/Reliability/RestartManager/"},"RmUnsupportedRestartEvent":{"RmSessionId":0,"Pid":6068,"FullPath":"C:\\Program Files\\EMET 5.5\\EMET_Agent.exe","DisplayName":"EMET_Agent","AppVersion":0,"AppType":0,"TSSessionId":1,"Status":67108865,"Reason":1}}}}
{"Event_attributes":{"xmlns":"http://schemas.microsoft.com/win/2004/08/events/event"},"Event":{"System":{"Provider_attributes":{"Name":"Microsoft-Windows-RestartManager","Guid":"0888E5EF-9B98-4695-979D-E92CE4247224"},"EventID":10005,"Version":0,"Level":4,"Task":0,"Opcode":0,"Keywords":"0x8000000000000000","TimeCreated_attributes":{"SystemTime":"2016-09-03T14:48:47.395250Z"},"EventRecordID":1923,"Correlation":null,"Execution_attributes":{"ProcessID":1764,"ThreadID":5160},"Channel":"Application","Computer":"IE10Win7","Security_attributes":{"UserID":"S-1-5-18"}},"UserData":{"RmRestartEvent_attributes":{"xmlns:auto-ns2":"http://schemas.microsoft.com/win/2004/08/events","xmlns":"http://www.microsoft.com/2005/08/Windows/Reliability/RestartManager/"},"RmRestartEvent":{"RmSessionId":0,"nApplications":2,"Applications":{"Application":"EMET_Agent","Application_1":"Microsoft EMET Service"},"RebootReasons":2}}}}
{"Event_attributes":{"xmlns":"http://schemas.microsoft.com/win/2004/08/events/event"},"Event":{"System":{"Provider_attributes":{"Name":"Microsoft-Windows-RestartManager","Guid":"0888E5EF-9B98-4695-979D-E92CE4247224"},"EventID":10000,"Version":0,"Level":4,"Task":0,"Opcode":0,"Keywords":"0x8000000000000000","TimeCreated_attributes":{"SystemTime":"2016-09-03T14:48:47.403062Z"},"EventRecordID":1924,"Correlation":null,"Execution_attributes":{"ProcessID":1384,"ThreadID":6132},"Channel":"Application","Computer":"IE10Win7","Security_attributes":{"UserID":"S-1-5-18"}},"UserData":{"RmSessionEvent_attributes":{"xmlns:auto-ns2":"http://schemas.microsoft.com/win/2004/08/events","xmlns":"http://www.microsoft.com/2005/08/Windows/Reliability/RestartManager/"},"RmSessionEvent":{"RmSessionId":0,"UTCStartTime":"2016-09-03T14:48:47.403062Z"}}}}
{"Event_attributes":{"xmlns":"http://schemas.microsoft.com/win/2004/08/events/event"},"Event":{"System":{"Provider_attributes":{"Name":"Microsoft-Windows-RestartManager","Guid":"0888E5EF-9B98-4695-979D-E92CE4247224"},"EventID":10010,"Version":0,"Level":3,"Task":0,"Opcode":0,"Keywords":"0x8000000000000000","TimeCreated_attributes":{"SystemTime":"2016-09-03T14:48:47.405015Z"},"EventRecordID":1925,"Correlation":null,"Execution_attributes":{"ProcessID":1384,"ThreadID":6132},"Channel":"Application","Computer":"IE10Win7","Security_attributes":{"UserID":"S-1-5-18"}},"UserData":{"RmUnsupportedRestartEvent_attributes":{"xmlns:auto-ns2":"http://schemas.microsoft.com/win/2004/08/events","xmlns":"http://www.microsoft.com/2005/08/Windows/Reliability/RestartManager/"},"RmUnsupportedRestartEvent":{"RmSessionId":0,"Pid":6068,"FullPath":"C:\\Program Files\\EMET 5.5\\EMET_Agent.exe","DisplayName":"EMET_Agent","AppVersion":0,"AppType":0,"TSSessionId":1,"Status":67108865,"Reason":1}}}}
{"Event_attributes":{"xmlns":"http://schemas.microsoft.com/win/2004/08/events/event"},"Event":{"System":{"Provider_attributes":{"Name":"Microsoft-Windows-RestartManager","Guid":"0888E5EF-9B98-4695-979D-E92CE4247224"},"EventID":10005,"Version":0,"Level":4,"Task":0,"Opcode":0,"Keywords":"0x8000000000000000","TimeCreated_attributes":{"SystemTime":"2016-09-03T14:48:47.405992Z"},"EventRecordID":1926,"Correlation":null,"Execution_attributes":{"ProcessID":1384,"ThreadID":6132},"Channel":"Application","Computer":"IE10Win7","Security_attributes":{"UserID":"S-1-5-18"}},"UserData":{"RmRestartEvent_attributes":{"xmlns:auto-ns2":"http://schemas.microsoft.com/win/2004/08/events","xmlns":"http://www.microsoft.com/2005/08/Windows/Reliability/RestartManager/"},"RmRestartEvent":{"RmSessionId":0,"nApplications":2,"Applications":{"Application":"EMET_Agent","Application_1":"Microsoft EMET Service"},"RebootReasons":2}}}}
{"Event_attributes":{"xmlns":"http://schemas.microsoft.com/win/2004/08/events/event"},"Event":{"System":{"Provider_attributes":{"Name":"MsiInstaller"},"EventID_attributes":{"Qualifiers":0},"EventID":1025,"Level":4,"Task":0,"Keywords":"0x80000000000000","TimeCreated_attributes":{"SystemTime":"2016-09-03T14:48:49.000000Z"},"EventRecordID":1927,"Channel":"Application","Computer":"IE10Win7","Security_attributes":{"UserID":"S-1-5-18"}},"EventData":{"Data":{"#text":["Microsoft .NET Framework 4.5","c:\\Windows\\Microsoft.NET\\Framework\\v4.0.30319\\clr.dll","EMET_Service","3176","(NULL)","(NULL)",""]},"Binary":"7B39463631323432392D344130302D334434342D383843462D3134364441324545314639327D"}}}
{"Event_attributes":{"xmlns":"http://schemas.microsoft.com/win/2004/08/events/event"},"Event":{"System":{"Provider_attributes":{"Name":"MsiInstaller"},"EventID_attributes":{"Qualifiers":0},"EventID":1025,"Level":4,"Task":0,"Keywords":"0x80000000000000","TimeCreated_attributes":{"SystemTime":"2016-09-03T14:48:49.000000Z"},"EventRecordID":1928,"Channel":"Application","Computer":"IE10Win7","Security_attributes":{"UserID":"S-1-5-18"}},"EventData":{"Data":{"#text":["Microsoft .NET Framework 4.5","c:\\Windows\\Microsoft.NET\\Framework\\v4.0.30319\\clr.dll","EMET_Agent","6068","(NULL)","(NULL)",""]},"Binary":"7B39463631323432392D344130302D334434342D383843462D3134364441324545314639327D"}}}
{"Event_attributes":{"xmlns":"http://schemas.microsoft.com/win/2004/08/events/event"},"Event":{"System":{"Provider_attributes":{"Name":"MsiInstaller"},"EventID_attributes":{"Qualifiers":0},"EventID":1022,"Level":4,"Task":0,"Keywords":"0x80000000000000","TimeCreated_attributes":{"SystemTime":"2016-09-03T14:49:52.000000Z"},"EventRecordID":1929,"Channel":"Application","Computer":"IE10Win7","Security_attributes":{"UserID":"S-1-5-18"}},"EventData":{"Data":{"#text":["Microsoft .NET Framework 4.5","KB2898864","(NULL)","(NULL)","(NULL)","(NULL)",""]},"Binary":"7B39463631323432392D344130302D334434342D383843462D3134364441324545314639327D207B37344242353636422D313233442D334230352D384642322D3133433745363635393441387D"}}}
{"Event_attributes":{"xmlns":"http://schemas.microsoft.com/win/2004/08/events/event"},"Event":{"System":{"Provider_attributes":{"Name":"MsiInstaller"},"EventID_attributes":{"Qualifiers":0},"EventID":1036,"Level":4,"Task":0,"Keywords":"0x80000000000000","TimeCreated_attributes":{"SystemTime":"2016-09-03T14:49:52.000000Z"},"EventRecordID":1930,"Channel":"Application","Computer":"IE10Win7","Security_attributes":{"UserID":"S-1-5-18"}},"EventData":{"Data":{"#text":["Microsoft .NET Framework 4.5","4.5.50709","0","KB2898864","0","Microsoft Corporation",""]},"Binary":"7B39463631323432392D344130302D334434342D383843462D3134364441324545314639327D3030303039363430393865343862643534343434643364333032386533613730346261653030303030303030"}}}
{"Event_attributes":{"xmlns":"http://schemas.microsoft.com/win/2004/08/events/event"},"Event":{"System":{"Provider_attributes":{"Name":"MsiInstaller"},"EventID_attributes":{"Qualifiers":0},"EventID":11728,"Level":4,"Task":0,"Keywords":"0x80000000000000","TimeCreated_attributes":{"SystemTime":"2016-09-03T14:49:52.000000Z"},"EventRecordID":1931,"Channel":"Application","Computer":"IE10Win7","Security_attributes":{"UserID":"S-1-5-18"}},"EventData":{"Data":{"#text":["Product: Microsoft .NET Framework 4.5 -- Configuration completed successfully.","(NULL)","(NULL)","(NULL)","(NULL)","(NULL)",""]},"Binary":"7B39463631323432392D344130302D334434342D383843462D3134364441324545314639327D"}}}
{"Event_attributes":{"xmlns":"http://schemas.microsoft.com/win/2004/08/events/event"},"Event":{"System":{"Provider_attributes":{"Name":"MsiInstaller"},"EventID_attributes":{"Qualifiers":0},"EventID":1035,"Level":4,"Task":0,"Keywords":"0x80000000000000","TimeCreated_attributes":{"SystemTime":"2016-09-03T14:49:52.000000Z"},"EventRecordID":1932,"Channel":"Application","Computer":"IE10Win7","Security_attributes":{"UserID":"S-1-5-18"}},"EventData":{"Data":{"#text":["Microsoft .NET Framework 4.5","4.5.50709","0","0","Microsoft Corporation","(NULL)",""]},"Binary":"7B39463631323432392D344130302D334434342D383843462D3134364441324545314639327D3030303039363430393865343862643534343434643364333032386533613730346261653030303030303030"}}}
{"Event_attributes":{"xmlns":"http://schemas.microsoft.com/win/2004/08/events/event"},"Event":{"System":{"Provider_attributes":{"Name":"MsiInstaller"},"EventID_attributes":{"Qualifiers":0},"EventID":1038,"Level":4,"Task":0,"Keywords":"0x80000000000000","TimeCreated_attributes":{"SystemTime":"2016-09-03T14:49:52.000000Z"},"EventRecordID":1933,"Channel":"Application","Computer":"IE10Win7","Security_attributes":{"UserID":"S-1-5-18"}},"EventData":{"Data":{"#text":["Microsoft .NET Framework 4.5","4.5.50709","0","2","1","Microsoft Corporation",""]},"Binary":"7B39463631323432392D344130302D334434342D383843462D3134364441324545314639327D3030303039363430393865343862643534343434643364333032386533613730346261653030303030303030"}}}
{"Event_attributes":{"xmlns":"http://schemas.microsoft.com/win/2004/08/events/event"},"Event":{"System":{"Provider_attributes":{"Name":"MsiInstaller"},"EventID_attributes":{"Qualifiers":0},"EventID":1029,"Level":4,"Task":0,"Keywords":"0x80000000000000","TimeCreated_attributes":{"SystemTime":"2016-09-03T14:49:52.000000Z"},"EventRecordID":1934,"Channel":"Application","Computer":"IE10Win7","Security_attributes":{"UserID":"S-1-5-18"}},"EventData":{"Data":{"#text":["Microsoft .NET Framework 4.5","(NULL)","(NULL)","(NULL)","(NULL)","(NULL)",""]},"Binary":"7B39463631323432392D344130302D334434342D383843462D3134364441324545314639327D2C2033303130"}}}
{"Event_attributes":{"xmlns":"http://schemas.microsoft.com/win/2004/08/events/event"},"Event":{"System":{"Provider_attributes":{"Name":"MsiInstaller"},"EventID_attributes":{"Qualifiers":0},"EventID":1042,"Level":4,"Task":0,"Keywords":"0x80000000000000","TimeCreated_attributes":{"SystemTime":"2016-09-03T14:49:52.000000Z"},"EventRecordID":1935,"Channel":"Application","Computer":"IE10Win7","Security_attributes":{"UserID":"S-1-5-18"}},"EventData":{"Data":{"#text":["C:\\Windows\\Installer\\19c0aa6f.msi","1384","(NULL)","(NULL)","(NULL)","(NULL)",""]},"Binary":null}}}
{"Event_attributes":{"xmlns":"http://schemas.microsoft.com/win/2004/08/events/event"},"Event":{"System":{"Provider_attributes":{"Name":"Microsoft-Windows-RestartManager","Guid":"0888E5EF-9B98-4695-979D-E92CE4247224"},"EventID":10001,"Version":0,"Level":4,"Task":0,"Opcode":0,"Keywords":"0x8000000000000000","TimeCreated_attributes":{"SystemTime":"2016-09-03T14:49:52.556382Z"},"EventRecordID":1936,"Correlation":null,"Execution_attributes":{"ProcessID":1764,"ThreadID":5076},"Channel":"Application","Computer":"IE10Win7","Security_attributes":{"UserID":"S-1-5-18"}},"UserData":{"RmSessionEvent_attributes":{"xmlns:auto-ns2":"http://schemas.microsoft.com/win/2004/08/events","xmlns":"http://www.microsoft.com/2005/08/Windows/Reliability/RestartManager/"},"RmSessionEvent":{"RmSessionId":0,"UTCStartTime":"2016-09-03T14:48:46.976304Z"}}}}
{"Event_attributes":{"xmlns":"http://schemas.microsoft.com/win/2004/08/events/event"},"Event":{"System":{"Provider_attributes":{"Name":"Microsoft-Windows-RestartManager","Guid":"0888E5EF-9B98-4695-979D-E92CE4247224"},"EventID":10001,"Version":0,"Level":4,"Task":0,"Opcode":0,"Keywords":"0x8000000000000000","TimeCreated_attributes":{"SystemTime":"2016-09-03T14:49:52.563218Z"},"EventRecordID":1937,"Correlation":null,"Execution_attributes":{"ProcessID":1384,"ThreadID":6132},"Channel":"Application","Computer":"IE10Win7","Security_attributes":{"UserID":"S-1-5-18"}},"UserData":{"RmSessionEvent_attributes":{"xmlns:auto-ns2":"http://schemas.microsoft.com/win/2004/08/events","xmlns":"http://www.microsoft.com/2005/08/Windows/Reliability/RestartManager/"},"RmSessionEvent":{"RmSessionId":0,"UTCStartTime":"2016-09-03T14:48:47.403062Z"}}}}
{"Event_attributes":{"xmlns":"http://schemas.microsoft.com/win/2004/08/events/event"},"Event":{"System":{"Provider_attributes":{"Name":"MsiInstaller"},"EventID_attributes":{"Qualifiers":0},"EventID":1040,"Level":4,"Task":0,"Keywords":"0x80000000000000","TimeCreated_attributes":{"SystemTime":"2016-09-03T14:49:56.000000Z"},"EventRecordID":1938,"Channel":"Application","Computer":"IE10Win7","Security_attributes":{"UserID":"S-1-5-18"}},"EventData":{"Data":{"#text":["C:\\Windows\\Installer\\19c0aa6f.msi","4260","(NULL)","(NULL)","(NULL)","(NULL)",""]},"Binary":null}}}
{"Event_attributes":{"xmlns":"http://schemas.microsoft.com/win/2004/08/events/event"},"Event":{"System":{"Provider_attributes":{"Name":"Microsoft-Windows-RestartManager","Guid":"0888E5EF-9B98-4695-979D-E92CE4247224"},"EventID":10000,"Version":0,"Level":4,"Task":0,"Opcode":0,"Keywords":"0x8000000000000000","TimeCreated_attributes":{"SystemTime":"2016-09-03T14:49:56.283921Z"},"EventRecordID":1939,"Correlation":null,"Execution_attributes":{"ProcessID":5640,"ThreadID":4800},"Channel":"Application","Computer":"IE10Win7","Security_attributes":{"UserID":"S-1-5-18"}},"UserData":{"RmSessionEvent_attributes":{"xmlns:auto-ns2":"http://schemas.microsoft.com/win/2004/08/events","xmlns":"http://www.microsoft.com/2005/08/Windows/Reliability/RestartManager/"},"RmSessionEvent":{"RmSessionId":0,"UTCStartTime":"2016-09-03T14:49:56.283921Z"}}}}
{"Event_attributes":{"xmlns":"http://schemas.microsoft.com/win/2004/08/events/event"},"Event":{"System":{"Provider_attributes":{"Name":"Microsoft-Windows-RestartManager","Guid":"0888E5EF-9B98-4695-979D-E92CE4247224"},"EventID":10010,"Version":0,"Level":3,"Task":0,"Opcode":0,"Keywords":"0x8000000000000000","TimeCreated_attributes":{"SystemTime":"2016-09-03T14:49:56.936265Z"},"EventRecordID":1940,"Correlation":null,"Execution_attributes":{"ProcessID":5640,"ThreadID":4800},"Channel":"Application","Computer":"IE10Win7","Security_attributes":{"UserID":"S-1-5-18"}},"UserData":{"RmUnsupportedRestartEvent_attributes":{"xmlns:auto-ns2":"http://schemas.microsoft.com/win/2004/08/events","xmlns":"http://www.microsoft.com/2005/08/Windows/Reliability/RestartManager/"},"RmUnsupportedRestartEvent":{"RmSessionId":0,"Pid":6068,"FullPath":"C:\\Program Files\\EMET 5.5\\EMET_Agent.exe","DisplayName":"EMET_Agent","AppVersion":0,"AppType":0,"TSSessionId":1,"Status":67108865,"Reason":1}}}}
{"Event_attributes":{"xmlns":"http://schemas.microsoft.com/win/2004/08/events/event"},"Event":{"System":{"Provider_attributes":{"Name":"Microsoft-Windows-RestartManager","Guid":"0888E5EF-9B98-4695-979D-E92CE4247224"},"EventID":10005,"Version":0,"Level":4,"Task":0,"Opcode":0,"Keywords":"0x8000000000000000","TimeCreated_attributes":{"SystemTime":"2016-09-03T14:49:56.936265Z"},"EventRecordID":1941,"Correlation":null,"Execution_attributes":{"ProcessID":5640,"ThreadID":4800},"Channel":"Application","Computer":"IE10Win7","Security_attributes":{"UserID":"S-1-5-18"}},"UserData":{"RmRestartEvent_attributes":{"xmlns:auto-ns2":"http://schemas.microsoft.com/win/2004/08/events","xmlns":"http://www.microsoft.com/2005/08/Windows/Reliability/RestartManager/"},"RmRestartEvent":{"RmSessionId":0,"nApplications":2,"Applications":{"Application":"EMET_Agent","Application_1":"Microsoft EMET Service"},"RebootReasons":2}}}}
{"Event_attributes":{"xmlns":"http://schemas.microsoft.com/win/2004/08/events/event"},"Event":{"System":{"Provider_attributes":{"Name":"Microsoft-Windows-RestartManager","Guid":"0888E5EF-9B98-4695-979D-E92CE4247224"},"EventID":10000,"Version":0,"Level":4,"Task":0,"Opcode":0,"Keywords":"0x8000000000000000","TimeCreated_attributes":{"SystemTime":"2016-09-03T14:49:56.937242Z"},"EventRecordID":1942,"Correlation":null,"Execution_attributes":{"ProcessID":4260,"ThreadID":3124},"Channel":"Application","Computer":"IE10Win7","Security_attributes":{"UserID":"S-1-5-18"}},"UserData":{"RmSessionEvent_attributes":{"xmlns:auto-ns2":"http://schemas.microsoft.com/win/2004/08/events","xmlns":"http://www.microsoft.com/2005/08/Windows/Reliability/RestartManager/"},"RmSessionEvent":{"RmSessionId":0,"UTCStartTime":"2016-09-03T14:49:56.937242Z"}}}}
{"Event_attributes":{"xmlns":"http://schemas.microsoft.com/win/2004/08/events/event"},"Event":{"System":{"Provider_attributes":{"Name":"Microsoft-Windows-RestartManager","Guid":"0888E5EF-9B98-4695-979D-E92CE4247224"},"EventID":10010,"Version":0,"Level":3,"Task":0,"Opcode":0,"Keywords":"0x8000000000000000","TimeCreated_attributes":{"SystemTime":"2016-09-03T14:49:56.940171Z"},"EventRecordID":1943,"Correlation":null,"Execution_attributes":{"ProcessID":4260,"ThreadID":3124},"Channel":"Application","Computer":"IE10Win7","Security_attributes":{"UserID":"S-1-5-18"}},"UserData":{"RmUnsupportedRestartEvent_attributes":{"xmlns:auto-ns2":"http://schemas.microsoft.com/win/2004/08/events","xmlns":"http://www.microsoft.com/2005/08/Windows/Reliability/RestartManager/"},"RmUnsupportedRestartEvent":{"RmSessionId":0,"Pid":6068,"FullPath":"C:\\Program Files\\EMET 5.5\\EMET_Agent.exe","DisplayName":"EMET_Agent","AppVersion":0,"AppType":0,"TSSessionId":1,"Status":67108865,"Reason":1}}}}
{"Event_attributes":{"xmlns":"http://schemas.microsoft.com/win/2004/08/events/event"},"Event":{"System":{"Provider_attributes":{"Name":"Microsoft-Windows-RestartManager","Guid":"0888E5EF-9B98-4695-979D-E92CE4247224"},"EventID":10005,"Version":0,"Level":4,"Task":0,"Opcode":0,"Keywords":"0x8000000000000000","TimeCreated_attributes":{"SystemTime":"2016-09-03T14:49:56.941148Z"},"EventRecordID":1944,"Correlation":null,"Execution_attributes":{"ProcessID":4260,"ThreadID":3124},"Channel":"Application","Computer":"IE10Win7","Security_attributes":{"UserID":"S-1-5-18"}},"UserData":{"RmRestartEvent_attributes":{"xmlns:auto-ns2":"http://schemas.microsoft.com/win/2004/08/events","xmlns":"http://www.microsoft.com/2005/08/Windows/Reliability/RestartManager/"},"RmRestartEvent":{"RmSessionId":0,"nApplications":2,"Applications":{"Application":"EMET_Agent","Application_1":"Microsoft EMET Service"},"RebootReasons":2}}}}
{"Event_attributes":{"xmlns":"http://schemas.microsoft.com/win/2004/08/events/event"},"Event":{"System":{"Provider_attributes":{"Name":"MsiInstaller"},"EventID_attributes":{"Qualifiers":0},"EventID":1025,"Level":4,"Task":0,"Keywords":"0x80000000000000","TimeCreated_attributes":{"SystemTime":"2016-09-03T14:49:59.000000Z"},"EventRecordID":1945,"Channel":"Application","Computer":"IE10Win7","Security_attributes":{"UserID":"S-1-5-18"}},"EventData":{"Data":{"#text":["Microsoft .NET Framework 4.5","c:\\Windows\\Microsoft.NET\\Framework\\v4.0.30319\\clrjit.dll","EMET_Service","3176","(NULL)","(NULL)",""]},"Binary":"7B39463631323432392D344130302D334434342D383843462D3134364441324545314639327D"}}}
{"Event_attributes":{"xmlns":"http://schemas.microsoft.com/win/2004/08/events/event"},"Event":{"System":{"Provider_attributes":{"Name":"MsiInstaller"},"EventID_attributes":{"Qualifiers":0},"EventID":1025,"Level":4,"Task":0,"Keywords":"0x80000000000000","TimeCreated_attributes":{"SystemTime":"2016-09-03T14:49:59.000000Z"},"EventRecordID":1946,"Channel":"Application","Computer":"IE10Win7","Security_attributes":{"UserID":"S-1-5-18"}},"EventData":{"Data":{"#text":["Microsoft .NET Framework 4.5","c:\\Windows\\Microsoft.NET\\Framework\\v4.0.30319\\clrjit.dll","EMET_Agent","6068","(NULL)","(NULL)",""]},"Binary":"7B39463631323432392D344130302D334434342D383843462D3134364441324545314639327D"}}}
{"Event_attributes":{"xmlns":"http://schemas.microsoft.com/win/2004/08/events/event"},"Event":{"System":{"Provider_attributes":{"Name":"Microsoft-Windows-LoadPerf","Guid":"122EE297-BB47-41AE-B265-1CA8D1886D40"},"EventID":1002,"Version":0,"Level":4,"Task":0,"Opcode":0,"Keywords":"0x8000000000000000","TimeCreated_attributes":{"SystemTime":"2016-09-03T14:50:00.857164Z"},"EventRecordID":1947,"Correlation":null,"Execution_attributes":{"ProcessID":3624,"ThreadID":4728},"Channel":"Application","Computer":"IE10Win7","Security_attributes":{"UserID":"S-1-5-18"}},"UserData":{"EventXML_attributes":{"xmlns:auto-ns2":"http://schemas.microsoft.com/win/2004/08/events","xmlns":"LoadPerf"},"EventXML":{"param1":"SMSvcHost 4.0.0.0","param2":"SMSvcHost 4.0.0.0","binaryDataSize":4,"binaryData":"C2120000"}}}}
{"Event_attributes":{"xmlns":"http://schemas.microsoft.com/win/2004/08/events/event"},"Event":{"System":{"Provider_attributes":{"Name":"Microsoft-Windows-LoadPerf","Guid":"122EE297-BB47-41AE-B265-1CA8D1886D40"},"EventID":1002,"Version":0,"Level":4,"Task":0,"Opcode":0,"Keywords":"0x8000000000000000","TimeCreated_attributes":{"SystemTime":"2016-09-03T14:50:00.896226Z"},"EventRecordID":1948,"Correlation":null,"Execution_attributes":{"ProcessID":6080,"ThreadID":5440},"Channel":"Application","Computer":"IE10Win7","Security_attributes":{"UserID":"S-1-5-18"}},"UserData":{"EventXML_attributes":{"xmlns:auto-ns2":"http://schemas.microsoft.com/win/2004/08/events","xmlns":"LoadPerf"},"EventXML":{"param1":"MSDTC Bridge 4.0.0.0","param2":"MSDTC Bridge 4.0.0.0","binaryDataSize":4,"binaryData":"C2120000"}}}}
{"Event_attributes":{"xmlns":"http://schemas.microsoft.com/win/2004/08/events/event"},"Event":{"System":{"Provider_attributes":{"Name":"Microsoft-Windows-LoadPerf","Guid":"122EE297-BB47-41AE-B265-1CA8D1886D40"},"EventID":1002,"Version":0,"Level":4,"Task":0,"Opcode":0,"Keywords":"0x8000000000000000","TimeCreated_attributes":{"SystemTime":"2016-09-03T14:50:00.937242Z"},"EventRecordID":1949,"Correlation":null,"Execution_attributes":{"ProcessID":5392,"ThreadID":3644},"Channel":"Application","Computer":"IE10Win7","Security_attributes":{"UserID":"S-1-5-18"}},"UserData":{"EventXML_attributes":{"xmlns:auto-ns2":"http://schemas.microsoft.com/win/2004/08/events","xmlns":"LoadPerf"},"EventXML":{"param1":".NET CLR Networking 4.0.0.0","param2":".NET CLR Networking 4.0.0.0","binaryDataSize":4,"binaryData":"C2120000"}}}}
{"Event_attributes":{"xmlns":"http://schemas.microsoft.com/win/2004/08/events/event"},"Event":{"System":{"Provider_attributes":{"Name":"MsiInstaller"},"EventID_attributes":{"Qualifiers":0},"EventID":1022,"Level":4,"Task":0,"Keywords":"0x80000000000000","TimeCreated_attributes":{"SystemTime":"2016-09-03T14:51:00.000000Z"},"EventRecordID":1950,"Channel":"Application","Computer":"IE10Win7","Security_attributes":{"UserID":"S-1-5-18"}},"EventData":{"Data":{"#text":["Microsoft .NET Framework 4.5","KB2742613","(NULL)","(NULL)","(NULL)","(NULL)",""]},"Binary":"7B39463631323432392D344130302D334434342D383843462D3134364441324545314639327D207B43343945334639452D463646382D334136312D413135312D3534313130413238373343307D"}}}
{"Event_attributes":{"xmlns":"http://schemas.microsoft.com/win/2004/08/events/event"},"Event":{"System":{"Provider_attributes":{"Name":"MsiInstaller"},"EventID_attributes":{"Qualifiers":0},"EventID":1036,"Level":4,"Task":0,"Keywords":"0x80000000000000","TimeCreated_attributes":{"SystemTime":"2016-09-03T14:51:00.000000Z"},"EventRecordID":1951,"Channel":"Application","Computer":"IE10Win7","Security_attributes":{"UserID":"S-1-5-18"}},"EventData":{"Data":{"#text":["Microsoft .NET Framework 4.5","4.5.50709","0","KB2742613","0","Microsoft Corporation",""]},"Binary":"7B39463631323432392D344130302D334434342D383843462D3134364441324545314639327D3030303039363430393865343862643534343434643364333032386533613730346261653030303030303030"}}}
{"Event_attributes":{"xmlns":"http://schemas.microsoft.com/win/2004/08/events/event"},"Event":{"System":{"Provider_attributes":{"Name":"MsiInstaller"},"EventID_attributes":{"Qualifiers":0},"EventID":11728,"Level":4,"Task":0,"Keywords":"0x80000000000000","TimeCreated_attributes":{"SystemTime":"2016-09-03T14:51:00.000000Z"},"EventRecordID":1952,"Channel":"Application","Computer":"IE10Win7","Security_attributes":{"UserID":"S-1-5-18"}},"EventData":{"Data":{"#text":["Product: Microsoft .NET Framework 4.5 -- Configuration completed successfully.","(NULL)","(NULL)","(NULL)","(NULL)","(NULL)",""]},"Binary":"7B39463631323432392D344130302D334434342D383843462D3134364441324545314639327D"}}}
{"Event_attributes":{"xmlns":"http://schemas.microsoft.com/win/2004/08/events/event"},"Event":{"System":{"Provider_attributes":{"Name":"MsiInstaller"},"EventID_attributes":{"Qualifiers":0},"EventID":1035,"Level":4,"Task":0,"Keywords":"0x80000000000000","TimeCreated_attributes":{"SystemTime":"2016-09-03T14:51:00.000000Z"},"EventRecordID":1953,"Channel":"Application","Computer":"IE10Win7","Security_attributes":{"UserID":"S-1-5-18"}},"EventData":{"Data":{"#text":["Microsoft .NET Framework 4.5","4.5.50709","0","0","Microsoft Corporation","(NULL)",""]},"Binary":"7B39463631323432392D344130302D334434342D383843462D3134364441324545314639327D3030303039363430393865343862643534343434643364333032386533613730346261653030303030303030"}}}
{"Event_attributes":{"xmlns":"http://schemas.microsoft.com/win/2004/08/events/event"},"Event":{"System":{"Provider_attributes":{"Name":"MsiInstaller"},"EventID_attributes":{"Qualifiers":0},"EventID":1038,"Level":4,"Task":0,"Keywords":"0x80000000000000","TimeCreated_attributes":{"SystemTime":"2016-09-03T14:51:00.000000Z"},"EventRecordID":1954,"Channel":"Application","Computer":"IE10Win7","Security_attributes":{"UserID":"S-1-5-18"}},"EventData":{"Data":{"#text":["Microsoft .NET Framework 4.5","4.5.50709","0","2","1","Microsoft Corporation",""]},"Binary":"7B39463631323432392D344130302D334434342D383843462D3134364441324545314639327D3030303039363430393865343862643534343434643364333032386533613730346261653030303030303030"}}}
{"Event_attributes":{"xmlns":"http://schemas.microsoft.com/win/2004/08/events/event"},"Event":{"System":{"Provider_attributes":{"Name":"MsiInstaller"},"EventID_attributes":{"Qualifiers":0},"EventID":1029,"Level":4,"Task":0,"Keywords":"0x80000000000000","TimeCreated_attributes":{"SystemTime":"2016-09-03T14:51:00.000000Z"},"EventRecordID":1955,"Channel":"Application","Computer":"IE10Win7","Security_attributes":{"UserID":"S-1-5-18"}},"EventData":{"Data":{"#text":["Microsoft .NET Framework 4.5","(NULL)","(NULL)","(NULL)","(NULL)","(NULL)",""]},"Binary":"7B39463631323432392D344130302D334434342D383843462D3134364441324545314639327D2C2033303130"}}}
{"Event_attributes":{"xmlns":"http://schemas.microsoft.com/win/2004/08/events/event"},"Event":{"System":{"Provider_attributes":{"Name":"MsiInstaller"},"EventID_attributes":{"Qualifiers":0},"EventID":1042,"Level":4,"Task":0,"Keywords":"0x80000000000000","TimeCreated_attributes":{"SystemTime":"2016-09-03T14:51:00.000000Z"},"EventRecordID":1956,"Channel":"Application","Computer":"IE10Win7","Security_attributes":{"UserID":"S-1-5-18"}},"EventData":{"Data":{"#text":["C:\\Windows\\Installer\\19c0aa6f.msi","4260","(NULL)","(NULL)","(NULL)","(NULL)",""]},"Binary":null}}}
{"Event_attributes":{"xmlns":"http://schemas.microsoft.com/win/2004/08/events/event"},"Event":{"System":{"Provider_attributes":{"Name":"Microsoft-Windows-RestartManager","Guid":"0888E5EF-9B98-4695-979D-E92CE4247224"},"EventID":10001,"Version":0,"Level":4,"Task":0,"Opcode":0,"Keywords":"0x8000000000000000","TimeCreated_attributes":{"SystemTime":"2016-09-03T14:51:00.167710Z"},"EventRecordID":1957,"Correlation":null,"Execution_attributes":{"ProcessID":5640,"ThreadID":1224},"Channel":"Application","Computer":"IE10Win7","Security_attributes":{"UserID":"S-1-5-18"}},"UserData":{"RmSessionEvent_attributes":{"xmlns:auto-ns2":"http://schemas.microsoft.com/win/2004/08/events","xmlns":"http://www.microsoft.com/2005/08/Windows/Reliability/RestartManager/"},"RmSessionEvent":{"RmSessionId":0,"UTCStartTime":"2016-09-03T14:49:56.283921Z"}}}}
{"Event_attributes":{"xmlns":"http://schemas.microsoft.com/win/2004/08/events/event"},"Event":{"System":{"Provider_attributes":{"Name":"Microsoft-Windows-RestartManager","Guid":"0888E5EF-9B98-4695-979D-E92CE4247224"},"EventID":10001,"Version":0,"Level":4,"Task":0,"Opcode":0,"Keywords":"0x8000000000000000","TimeCreated_attributes":{"SystemTime":"2016-09-03T14:51:00.173570Z"},"EventRecordID":1958,"Correlation":null,"Execution_attributes":{"ProcessID":4260,"ThreadID":3124},"Channel":"Application","Computer":"IE10Win7","Security_attributes":{"UserID":"S-1-5-18"}},"UserData":{"RmSessionEvent_attributes":{"xmlns:auto-ns2":"http://schemas.microsoft.com/win/2004/08/events","xmlns":"http://www.microsoft.com/2005/08/Windows/Reliability/RestartManager/"},"RmSessionEvent":{"RmSessionId":0,"UTCStartTime":"2016-09-03T14:49:56.937242Z"}}}}
{"Event_attributes":{"xmlns":"http://schemas.microsoft.com/win/2004/08/events/event"},"Event":{"System":{"Provider_attributes":{"Name":"MsiInstaller"},"EventID_attributes":{"Qualifiers":0},"EventID":1040,"Level":4,"Task":0,"Keywords":"0x80000000000000","TimeCreated_attributes":{"SystemTime":"2016-09-03T14:51:03.000000Z"},"EventRecordID":1959,"Channel":"Application","Computer":"IE10Win7","Security_attributes":{"UserID":"S-1-5-18"}},"EventData":{"Data":{"#text":["C:\\Windows\\Installer\\19c0aa6f.msi","2428","(NULL)","(NULL)","(NULL)","(NULL)",""]},"Binary":null}}}
{"Event_attributes":{"xmlns":"http://schemas.microsoft.com/win/2004/08/events/event"},"Event":{"System":{"Provider_attributes":{"Name":"Microsoft-Windows-RestartManager","Guid":"0888E5EF-9B98-4695-979D-E92CE4247224"},"EventID":10000,"Version":0,"Level":4,"Task":0,"Opcode":0,"Keywords":"0x8000000000000000","TimeCreated_attributes":{"SystemTime":"2016-09-03T14:51:03.972398Z"},"EventRecordID":1960,"Correlation":null,"Execution_attributes":{"ProcessID":3508,"ThreadID":5300},"Channel":"Application","Computer":"IE10Win7","Security_attributes":{"UserID":"S-1-5-18"}},"UserData":{"RmSessionEvent_attributes":{"xmlns:auto-ns2":"http://schemas.microsoft.com/win/2004/08/events","xmlns":"http://www.microsoft.com/2005/08/Windows/Reliability/RestartManager/"},"RmSessionEvent":{"RmSessionId":0,"UTCStartTime":"2016-09-03T14:51:03.972398Z"}}}}
{"Event_attributes":{"xmlns":"http://schemas.microsoft.com/win/2004/08/events/event"},"Event":{"System":{"Provider_attributes":{"Name":"MsiInstaller"},"EventID_attributes":{"Qualifiers":0},"EventID":1022,"Level":4,"Task":0,"Keywords":"0x80000000000000","TimeCreated_attributes":{"SystemTime":"2016-09-03T14:51:07.000000Z"},"EventRecordID":1961,"Channel":"Application","Computer":"IE10Win7","Security_attributes":{"UserID":"S-1-5-18"}},"EventData":{"Data":{"#text":["Microsoft .NET Framework 4.5","KB2978128","(NULL)","(NULL)","(NULL)","(NULL)",""]},"Binary":"7B39463631323432392D344130302D334434342D383843462D3134364441324545314639327D207B30304245304238442D433631302D333441412D414244312D4545303233444133394535447D"}}}
{"Event_attributes":{"xmlns":"http://schemas.microsoft.com/win/2004/08/events/event"},"Event":{"System":{"Provider_attributes":{"Name":"MsiInstaller"},"EventID_attributes":{"Qualifiers":0},"EventID":1036,"Level":4,"Task":0,"Keywords":"0x80000000000000","TimeCreated_attributes":{"SystemTime":"2016-09-03T14:51:07.000000Z"},"EventRecordID":1962,"Channel":"Application","Computer":"IE10Win7","Security_attributes":{"UserID":"S-1-5-18"}},"EventData":{"Data":{"#text":["Microsoft .NET Framework 4.5","4.5.50709","0","KB2978128","0","Microsoft Corporation",""]},"Binary":"7B39463631323432392D344130302D334434342D383843462D3134364441324545314639327D3030303039363430393865343862643534343434643364333032386533613730346261653030303030303030"}}}
{"Event_attributes":{"xmlns":"http://schemas.microsoft.com/win/2004/08/events/event"},"Event":{"System":{"Provider_attributes":{"Name":"MsiInstaller"},"EventID_attributes":{"Qualifiers":0},"EventID":11728,"Level":4,"Task":0,"Keywords":"0x80000000000000","TimeCreated_attributes":{"SystemTime":"2016-09-03T14:51:07.000000Z"},"EventRecordID":1963,"Channel":"Application","Computer":"IE10Win7","Security_attributes":{"UserID":"S-1-5-18"}},"EventData":{"Data":{"#text":["Product: Microsoft .NET Framework 4.5 -- Configuration completed successfully.","(NULL)","(NULL)","(NULL)","(NULL)","(NULL)",""]},"Binary":"7B39463631323432392D344130302D334434342D383843462D3134364441324545314639327D"}}}
{"Event_attributes":{"xmlns":"http://schemas.microsoft.com/win/2004/08/events/event"},"Event":{"System":{"Provider_attributes":{"Name":"MsiInstaller"},"EventID_attributes":{"Qualifiers":0},"EventID":1035,"Level":4,"Task":0,"Keywords":"0x80000000000000","TimeCreated_attributes":{"SystemTime":"2016-09-03T14:51:07.000000Z"},"EventRecordID":1964,"Channel":"Application","Computer":"IE10Win7","Security_attributes":{"UserID":"S-1-5-18"}},"EventData":{"Data":{"#text":["Microsoft .NET Framework 4.5","4.5.50709","0","0","Microsoft Corporation","(NULL)",""]},"Binary":"7B39463631323432392D344130302D334434342D383843462D3134364441324545314639327D3030303039363430393865343862643534343434643364333032386533613730346261653030303030303030"}}}
{"Event_attributes":{"xmlns":"http://schemas.microsoft.com/win/2004/08/events/event"},"Event":{"System":{"Provider_attributes":{"Name":"MsiInstaller"},"EventID_attributes":{"Qualifiers":0},"EventID":1042,"Level":4,"Task":0,"Keywords":"0x80000000000000","TimeCreated_attributes":{"SystemTime":"2016-09-03T14:51:07.000000Z"},"EventRecordID":1965,"Channel":"Application","Computer":"IE10Win7","Security_attributes":{"UserID":"S-1-5-18"}},"EventData":{"Data":{"#text":["C:\\Windows\\Installer\\19c0aa6f.msi","2428","(NULL)","(NULL)","(NULL)","(NULL)",""]},"Binary":null}}}
{"Event_attributes":{"xmlns":"http://schemas.microsoft.com/win/2004/08/events/event"},"Event":{"System":{"Provider_attributes":{"Name":"Microsoft-Windows-RestartManager","Guid":"0888E5EF-9B98-4695-979D-E92CE4247224"},"EventID":10001,"Version":0,"Level":4,"Task":0,"Opcode":0,"Keywords":"0x8000000000000000","TimeCreated_attributes":{"SystemTime":"2016-09-03T14:51:07.789781Z"},"EventRecordID":1966,"Correlation":null,"Execution_attributes":{"ProcessID":3508,"ThreadID":3764},"Channel":"Application","Computer":"IE10Win7","Security_attributes":{"UserID":"S-1-5-18"}},"UserData":{"RmSessionEvent_attributes":{"xmlns:auto-ns2":"http://schemas.microsoft.com/win/2004/08/events","xmlns":"http://www.microsoft.com/2005/08/Windows/Reliability/RestartManager/"},"RmSessionEvent":{"RmSessionId":0,"UTCStartTime":"2016-09-03T14:51:03.972398Z"}}}}
{"Event_attributes":{"xmlns":"http://schemas.microsoft.com/win/2004/08/events/event"},"Event":{"System":{"Provider_attributes":{"Name":"MsiInstaller"},"EventID_attributes":{"Qualifiers":0},"EventID":1040,"Level":4,"Task":0,"Keywords":"0x80000000000000","TimeCreated_attributes":{"SystemTime":"2016-09-03T14:51:11.000000Z"},"EventRecordID":1967,"Channel":"Application","Computer":"IE10Win7","Security_attributes":{"UserID":"S-1-5-18"}},"EventData":{"Data":{"#text":["C:\\Windows\\Installer\\19c0aa6f.msi","5896","(NULL)","(NULL)","(NULL)","(NULL)",""]},"Binary":null}}}
