{"Event_attributes":{"xmlns":"http://schemas.microsoft.com/win/2004/08/events/event"},"Event":{"System":{"Provider_attributes":{"Name":"MsiInstaller"},"EventID_attributes":{"Qualifiers":0},"EventID":1035,"Level":4,"Task":0,"Keywords":"0x80000000000000","TimeCreated_attributes":{"SystemTime":"2016-08-18T16:34:02.000000Z"},"EventRecordID":1454,"Channel":"Application","Computer":"IE10Win7","Security_attributes":{"UserID":"S-1-5-18"}},"EventData":{"Data":{"#text":["Microsoft .NET Framework 4 Client Profile","4.0.30319","0","0","Microsoft Corporation","(NULL)",""]},"Binary":"7B33433339303143352D333435352D334530412D413231342D3042303933413530373041367D3030303064326562663436383331643263623332396166373637323933656232306366643030303030303030"}}}
{"Event_attributes":{"xmlns":"http://schemas.microsoft.com/win/2004/08/events/event"},"Event":{"System":{"Provider_attributes":{"Name":"MsiInstaller"},"EventID_attributes":{"Qualifiers":0},"EventID":1042,"Level":4,"Task":0,"Keywords":"0x80000000000000","TimeCreated_attributes":{"SystemTime":"2016-08-18T16:34:02.000000Z"},"EventRecordID":1455,"Channel":"Application","Computer":"IE10Win7","Security_attributes":{"UserID":"S-1-5-18"}},"EventData":{"Data":{"#text":["C:\\Windows\\Installer\\4d16b.msi","2272","(NULL)","(NULL)","(NULL)","(NULL)",""]},"Binary":null}}}
{"Event_attributes":{"xmlns":"http://schemas.microsoft.com/win/2004/08/events/event"},"Event":{"System":{"Provider_attributes":{"Name":"Microsoft-Windows-LoadPerf","Guid":"122EE297-BB47-41AE-B265-1CA8D1886D40"},"EventID":1002,"Version":0,"Level":4,"Task":0,"Opcode":0,"Keywords":"0x8000000000000000","TimeCreated_attributes":{"SystemTime":"2016-08-18T16:34:02.537109Z"},"EventRecordID":1456,"Correlation":null,"Execution_attributes":{"ProcessID":3176,"ThreadID":1288},"Channel":"Application","Computer":"IE10Win7","Security_attributes":{"UserID":"S-1-5-18"}},"UserData":{"EventXML_attributes":{"xmlns:auto-ns2":"http://schemas.microsoft.com/win/2004/08/events","xmlns":"LoadPerf"},"EventXML":{"param1":".NET CLR Networking 4.0.0.0","param2":".NET CLR Networking 4.0.0.0","binaryDataSize":4,"binaryData":"C2120000"}}}}
{"Event_attributes":{"xmlns":"http://schemas.microsoft.com/win/2004/08/events/event"},"Event":{"System":{"Provider_attributes":{"Name":"Microsoft-Windows-RestartManager","Guid":"0888E5EF-9B98-4695-979D-E92CE4247224"},"EventID":10001,"Version":0,"Level":4,"Task":0,"Opcode":0,"Keywords":"0x8000000000000000","TimeCreated_attributes":{"SystemTime":"2016-08-18T16:34:02.630859Z"},"EventRecordID":1457,"Correlation":null,"Execution_attributes":{"ProcessID":340,"ThreadID":2112},"Channel":"Application","Computer":"IE10Win7","Security_attributes":{"UserID":"S-1-5-18"}},"UserData":{"RmSessionEvent_attributes":{"xmlns:auto-ns2":"http://schemas.microsoft.com/win/2004/08/events","xmlns":"http://www.microsoft.com/2005/08/Windows/Reliability/RestartManager/"},"RmSessionEvent":{"RmSessionId":0,"UTCStartTime":"2016-08-18T16:33:33.146484Z"}}}}
{"Event_attributes":{"xmlns":"http://schemas.microsoft.com/win/2004/08/events/event"},"Event":{"System":{"Provider_attributes":{"Name":"MsiInstaller"},"EventID_attributes":{"Qualifiers":0},"EventID":1040,"Level":4,"Task":0,"Keywords":"0x80000000000000","TimeCreated_attributes":{"SystemTime":"2016-08-18T16:34:12.000000Z"},"EventRecordID":1458,"Channel":"Application","Computer":"IE10Win7","Security_attributes":{"UserID":"S-1-5-18"}},"EventData":{"Data":{"#text":["C:\\Windows\\Installer\\4d16b.msi","4060","(NULL)","(NULL)","(NULL)","(NULL)",""]},"Binary":null}}}
{"Event_attributes":{"xmlns":"http://schemas.microsoft.com/win/2004/08/events/event"},"Event":{"System":{"Provider_attributes":{"Name":"Microsoft-Windows-RestartManager","Guid":"0888E5EF-9B98-4695-979D-E92CE4247224"},"EventID":10000,"Version":0,"Level":4,"Task":0,"Opcode":0,"Keywords":"0x8000000000000000","TimeCreated_attributes":{"SystemTime":"2016-08-18T16:34:15.615234Z"},"EventRecordID":1459,"Correlation":null,"Execution_attributes":{"ProcessID":340,"ThreadID":3772},"Channel":"Application","Computer":"IE10Win7","Security_attributes":{"UserID":"S-1-5-18"}},"UserData":{"RmSessionEvent_attributes":{"xmlns:auto-ns2":"http://schemas.microsoft.com/win/2004/08/events","xmlns":"http://www.microsoft.com/2005/08/Windows/Reliability/RestartManager/"},"RmSessionEvent":{"RmSessionId":0,"UTCStartTime":"2016-08-18T16:34:15.615234Z"}}}}
{"Event_attributes":{"xmlns":"http://schemas.microsoft.com/win/2004/08/events/event"},"Event":{"System":{"Provider_attributes":{"Name":"Microsoft-Windows-LoadPerf","Guid":"122EE297-BB47-41AE-B265-1CA8D1886D40"},"EventID":1001,"Version":0,"Level":4,"Task":0,"Opcode":0,"Keywords":"0x8000000000000000","TimeCreated_attributes":{"SystemTime":"2016-08-18T16:34:35.318359Z"},"EventRecordID":1460,"Correlation":null,"Execution_attributes":{"ProcessID":3016,"ThreadID":2228},"Channel":"Application","Computer":"IE10Win7","Security_attributes":{"UserID":"S-1-5-18"}},"UserData":{"EventXML_attributes":{"xmlns:auto-ns2":"http://schemas.microsoft.com/win/2004/08/events","xmlns":"LoadPerf"},"EventXML":{"param1":"{890c10c3-8c2a-4fe3-a36a-9eca153d47cb}","param2":"ServiceModel 4.0.0.0","binaryDataSize":0,"binaryData":null}}}}
{"Event_attributes":{"xmlns":"http://schemas.microsoft.com/win/2004/08/events/event"},"Event":{"System":{"Provider_attributes":{"Name":"Microsoft-Windows-LoadPerf","Guid":"122EE297-BB47-41AE-B265-1CA8D1886D40"},"EventID":1001,"Version":0,"Level":4,"Task":0,"Opcode":0,"Keywords":"0x8000000000000000","TimeCreated_attributes":{"SystemTime":"2016-08-18T16:34:35.412109Z"},"EventRecordID":1461,"Correlation":null,"Execution_attributes":{"ProcessID":3600,"ThreadID":3472},"Channel":"Application","Computer":"IE10Win7","Security_attributes":{"UserID":"S-1-5-18"}},"UserData":{"EventXML_attributes":{"xmlns:auto-ns2":"http://schemas.microsoft.com/win/2004/08/events","xmlns":"LoadPerf"},"EventXML":{"param1":"SMSvcHost 4.0.0.0","param2":"SMSvcHost 4.0.0.0","binaryDataSize":12,"binaryData":"C01C0000C11C000034070000"}}}}
{"Event_attributes":{"xmlns":"http://schemas.microsoft.com/win/2004/08/events/event"},"Event":{"System":{"Provider_attributes":{"Name":"Microsoft-Windows-LoadPerf","Guid":"122EE297-BB47-41AE-B265-1CA8D1886D40"},"EventID":1001,"Version":0,"Level":4,"Task":0,"Opcode":0,"Keywords":"0x8000000000000000","TimeCreated_attributes":{"SystemTime":"2016-08-18T16:34:35.443359Z"},"EventRecordID":1462,"Correlation":null,"Execution_attributes":{"ProcessID":2660,"ThreadID":3008},"Channel":"Application","Computer":"IE10Win7","Security_attributes":{"UserID":"S-1-5-18"}},"UserData":{"EventXML_attributes":{"xmlns:auto-ns2":"http://schemas.microsoft.com/win/2004/08/events","xmlns":"LoadPerf"},"EventXML":{"param1":"MSDTC Bridge 4.0.0.0","param2":"MSDTC Bridge 4.0.0.0","binaryDataSize":12,"binaryData":"F21B0000F31B000034070000"}}}}
{"Event_attributes":{"xmlns":"http://schemas.microsoft.com/win/2004/08/events/event"},"Event":{"System":{"Provider_attributes":{"Name":"Microsoft-Windows-LoadPerf","Guid":"122EE297-BB47-41AE-B265-1CA8D1886D40"},"EventID":1000,"Version":0,"Level":4,"Task":0,"Opcode":0,"Keywords":"0x8000000000000000","TimeCreated_attributes":{"SystemTime":"2016-08-18T16:34:36.833984Z"},"EventRecordID":1463,"Correlation":null,"Execution_attributes":{"ProcessID":3904,"ThreadID":4076},"Channel":"Application","Computer":"IE10Win7","Security_attributes":{"UserID":"S-1-5-18"}},"UserData":{"EventXML_attributes":{"xmlns:auto-ns2":"http://schemas.microsoft.com/win/2004/08/events","xmlns":"LoadPerf"},"EventXML":{"param1":"{890c10c3-8c2a-4fe3-a36a-9eca153d47cb}","param2":"ServiceModel 4.0.0.0","binaryDataSize":0,"binaryData":null}}}}
{"Event_attributes":{"xmlns":"http://schemas.microsoft.com/win/2004/08/events/event"},"Event":{"System":{"Provider_attributes":{"Name":"Microsoft-Windows-LoadPerf","Guid":"122EE297-BB47-41AE-B265-1CA8D1886D40"},"EventID":1000,"Version":0,"Level":4,"Task":0,"Opcode":0,"Keywords":"0x8000000000000000","TimeCreated_attributes":{"SystemTime":"2016-08-18T16:34:36.958984Z"},"EventRecordID":1464,"Correlation":null,"Execution_attributes":{"ProcessID":3672,"ThreadID":1772},"Channel":"Application","Computer":"IE10Win7","Security_attributes":{"UserID":"S-1-5-18"}},"UserData":{"EventXML_attributes":{"xmlns:auto-ns2":"http://schemas.microsoft.com/win/2004/08/events","xmlns":"LoadPerf"},"EventXML":{"param1":"SMSvcHost 4.0.0.0","param2":"SMSvcHost 4.0.0.0","binaryDataSize":16,"binaryData":"8C1C0000A81C00008D1C0000A91C0000"}}}}
{"Event_attributes":{"xmlns":"http://schemas.microsoft.com/win/2004/08/events/event"},"Event":{"System":{"Provider_attributes":{"Name":"Microsoft-Windows-LoadPerf","Guid":"122EE297-BB47-41AE-B265-1CA8D1886D40"},"EventID":1000,"Version":0,"Level":4,"Task":0,"Opcode":0,"Keywords":"0x8000000000000000","TimeCreated_attributes":{"SystemTime":"2016-08-18T16:34:37.099609Z"},"EventRecordID":1465,"Correlation":null,"Execution_attributes":{"ProcessID":3796,"ThreadID":2188},"Channel":"Application","Computer":"IE10Win7","Security_attributes":{"UserID":"S-1-5-18"}},"UserData":{"EventXML_attributes":{"xmlns:auto-ns2":"http://schemas.microsoft.com/win/2004/08/events","xmlns":"LoadPerf"},"EventXML":{"param1":"MSDTC Bridge 4.0.0.0","param2":"MSDTC Bridge 4.0.0.0","binaryDataSize":16,"binaryData":"AA1C0000C01C0000AB1C0000C11C0000"}}}}
{"Event_attributes":{"xmlns":"http://schemas.microsoft.com/win/2004/08/events/event"},"Event":{"System":{"Provider_attributes":{"Name":"MsiInstaller"},"EventID_attributes":{"Qualifiers":0},"EventID":1022,"Level":4,"Task":0,"Keywords":"0x80000000000000","TimeCreated_attributes":{"SystemTime":"2016-08-18T16:34:41.000000Z"},"EventRecordID":1466,"Channel":"Application","Computer":"IE10Win7","Security_attributes":{"UserID":"S-1-5-18"}},"EventData":{"Data":{"#text":["Microsoft .NET Framework 4 Client Profile","KB3098778","(NULL)","(NULL)","(NULL)","(NULL)",""]},"Binary":"7B33433339303143352D333435352D334530412D413231342D3042303933413530373041367D207B31323333314143332D443131332D333643312D414335372D3242353842353631383532457D"}}}
{"Event_attributes":{"xmlns":"http://schemas.microsoft.com/win/2004/08/events/event"},"Event":{"System":{"Provider_attributes":{"Name":"MsiInstaller"},"EventID_attributes":{"Qualifiers":0},"EventID":1036,"Level":4,"Task":0,"Keywords":"0x80000000000000","TimeCreated_attributes":{"SystemTime":"2016-08-18T16:34:41.000000Z"},"EventRecordID":1467,"Channel":"Application","Computer":"IE10Win7","Security_attributes":{"UserID":"S-1-5-18"}},"EventData":{"Data":{"#text":["Microsoft .NET Framework 4 Client Profile","4.0.30319","0","KB3098778","0","Microsoft Corporation",""]},"Binary":"7B33433339303143352D333435352D334530412D413231342D3042303933413530373041367D3030303064326562663436383331643263623332396166373637323933656232306366643030303030303030"}}}
{"Event_attributes":{"xmlns":"http://schemas.microsoft.com/win/2004/08/events/event"},"Event":{"System":{"Provider_attributes":{"Name":"MsiInstaller"},"EventID_attributes":{"Qualifiers":0},"EventID":11728,"Level":4,"Task":0,"Keywords":"0x80000000000000","TimeCreated_attributes":{"SystemTime":"2016-08-18T16:34:41.000000Z"},"EventRecordID":1468,"Channel":"Application","Computer":"IE10Win7","Security_attributes":{"UserID":"S-1-5-18"}},"EventData":{"Data":{"#text":["Product: Microsoft .NET Framework 4 Client Profile -- Configuration completed successfully.","(NULL)","(NULL)","(NULL)","(NULL)","(NULL)",""]},"Binary":"7B33433339303143352D333435352D334530412D413231342D3042303933413530373041367D"}}}
{"Event_attributes":{"xmlns":"http://schemas.microsoft.com/win/2004/08/events/event"},"Event":{"System":{"Provider_attributes":{"Name":"MsiInstaller"},"EventID_attributes":{"Qualifiers":0},"EventID":1035,"Level":4,"Task":0,"Keywords":"0x80000000000000","TimeCreated_attributes":{"SystemTime":"2016-08-18T16:34:41.000000Z"},"EventRecordID":1469,"Channel":"Application","Computer":"IE10Win7","Security_attributes":{"UserID":"S-1-5-18"}},"EventData":{"Data":{"#text":["Microsoft .NET Framework 4 Client Profile","4.0.30319","0","0","Microsoft Corporation","(NULL)",""]},"Binary":"7B33433339303143352D333435352D334530412D413231342D3042303933413530373041367D3030303064326562663436383331643263623332396166373637323933656232306366643030303030303030"}}}
{"Event_attributes":{"xmlns":"http://schemas.microsoft.com/win/2004/08/events/event"},"Event":{"System":{"Provider_attributes":{"Name":"MsiInstaller"},"EventID_attributes":{"Qualifiers":0},"EventID":1042,"Level":4,"Task":0,"Keywords":"0x80000000000000","TimeCreated_attributes":{"SystemTime":"2016-08-18T16:34:41.000000Z"},"EventRecordID":1470,"Channel":"Application","Computer":"IE10Win7","Security_attributes":{"UserID":"S-1-5-18"}},"EventData":{"Data":{"#text":["C:\\Windows\\Installer\\4d16b.msi","4060","(NULL)","(NULL)","(NULL)","(NULL)",""]},"Binary":null}}}
{"Event_attributes":{"xmlns":"http://schemas.microsoft.com/win/2004/08/events/event"},"Event":{"System":{"Provider_attributes":{"Name":"Microsoft-Windows-LoadPerf","Guid":"122EE297-BB47-41AE-B265-1CA8D1886D40"},"EventID":1002,"Version":0,"Level":4,"Task":0,"Opcode":0,"Keywords":"0x8000000000000000","TimeCreated_attributes":{"SystemTime":"2016-08-18T16:34:41.615234Z"},"EventRecordID":1471,"Correlation":null,"Execution_attributes":{"ProcessID":3516,"ThreadID":816},"Channel":"Application","Computer":"IE10Win7","Security_attributes":{"UserID":"S-1-5-18"}},"UserData":{"EventXML_attributes":{"xmlns:auto-ns2":"http://schemas.microsoft.com/win/2004/08/events","xmlns":"LoadPerf"},"EventXML":{"param1":".NET CLR Networking 4.0.0.0","param2":".NET CLR Networking 4.0.0.0","binaryDataSize":4,"binaryData":"C2120000"}}}}
{"Event_attributes":{"xmlns":"http://schemas.microsoft.com/win/2004/08/events/event"},"Event":{"System":{"Provider_attributes":{"Name":"Microsoft-Windows-RestartManager","Guid":"0888E5EF-9B98-4695-979D-E92CE4247224"},"EventID":10001,"Version":0,"Level":4,"Task":0,"Opcode":0,"Keywords":"0x8000000000000000","TimeCreated_attributes":{"SystemTime":"2016-08-18T16:34:41.708984Z"},"EventRecordID":1472,"Correlation":null,"Execution_attributes":{"ProcessID":340,"ThreadID":2112},"Channel":"Application","Computer":"IE10Win7","Security_attributes":{"UserID":"S-1-5-18"}},"UserData":{"RmSessionEvent_attributes":{"xmlns:auto-ns2":"http://schemas.microsoft.com/win/2004/08/events","xmlns":"http://www.microsoft.com/2005/08/Windows/Reliability/RestartManager/"},"RmSessionEvent":{"RmSessionId":0,"UTCStartTime":"2016-08-18T16:34:15.615234Z"}}}}
{"Event_attributes":{"xmlns":"http://schemas.microsoft.com/win/2004/08/events/event"},"Event":{"System":{"Provider_attributes":{"Name":"MsiInstaller"},"EventID_attributes":{"Qualifiers":0},"EventID":1040,"Level":4,"Task":0,"Keywords":"0x80000000000000","TimeCreated_attributes":{"SystemTime":"2016-08-18T16:34:58.000000Z"},"EventRecordID":1473,"Channel":"Application","Computer":"IE10Win7","Security_attributes":{"UserID":"S-1-5-18"}},"EventData":{"Data":{"#text":["C:\\Windows\\Installer\\4d16b.msi","4052","(NULL)","(NULL)","(NULL)","(NULL)",""]},"Binary":null}}}
{"Event_attributes":{"xmlns":"http://schemas.microsoft.com/win/2004/08/events/event"},"Event":{"System":{"Provider_attributes":{"Name":"Microsoft-Windows-RestartManager","Guid":"0888E5EF-9B98-4695-979D-E92CE4247224"},"EventID":10000,"Version":0,"Level":4,"Task":0,"Opcode":0,"Keywords":"0x8000000000000000","TimeCreated_attributes":{"SystemTime":"2016-08-18T16:35:02.630859Z"},"EventRecordID":1474,"Correlation":null,"Execution_attributes":{"ProcessID":340,"ThreadID":2084},"Channel":"Application","Computer":"IE10Win7","Security_attributes":{"UserID":"S-1-5-18"}},"UserData":{"RmSessionEvent_attributes":{"xmlns:auto-ns2":"http://schemas.microsoft.com/win/2004/08/events","xmlns":"http://www.microsoft.com/2005/08/Windows/Reliability/RestartManager/"},"RmSessionEvent":{"RmSessionId":0,"UTCStartTime":"2016-08-18T16:35:02.630859Z"}}}}
{"Event_attributes":{"xmlns":"http://schemas.microsoft.com/win/2004/08/events/event"},"Event":{"System":{"Provider_attributes":{"Name":"Microsoft-Windows-LoadPerf","Guid":"122EE297-BB47-41AE-B265-1CA8D1886D40"},"EventID":1001,"Version":0,"Level":4,"Task":0,"Opcode":0,"Keywords":"0x8000000000000000","TimeCreated_attributes":{"SystemTime":"2016-08-18T16:35:22.740234Z"},"EventRecordID":1475,"Correlation":null,"Execution_attributes":{"ProcessID":3744,"ThreadID":1852},"Channel":"Application","Computer":"IE10Win7","Security_attributes":{"UserID":"S-1-5-18"}},"UserData":{"EventXML_attributes":{"xmlns:auto-ns2":"http://schemas.microsoft.com/win/2004/08/events","xmlns":"LoadPerf"},"EventXML":{"param1":"{890c10c3-8c2a-4fe3-a36a-9eca153d47cb}","param2":"ServiceModel 4.0.0.0","binaryDataSize":0,"binaryData":null}}}}
{"Event_attributes":{"xmlns":"http://schemas.microsoft.com/win/2004/08/events/event"},"Event":{"System":{"Provider_attributes":{"Name":"Microsoft-Windows-LoadPerf","Guid":"122EE297-BB47-41AE-B265-1CA8D1886D40"},"EventID":1001,"Version":0,"Level":4,"Task":0,"Opcode":0,"Keywords":"0x8000000000000000","TimeCreated_attributes":{"SystemTime":"2016-08-18T16:35:22.818359Z"},"EventRecordID":1476,"Correlation":null,"Execution_attributes":{"ProcessID":3716,"ThreadID":1772},"Channel":"Application","Computer":"IE10Win7","Security_attributes":{"UserID":"S-1-5-18"}},"UserData":{"EventXML_attributes":{"xmlns:auto-ns2":"http://schemas.microsoft.com/win/2004/08/events","xmlns":"LoadPerf"},"EventXML":{"param1":"SMSvcHost 4.0.0.0","param2":"SMSvcHost 4.0.0.0","binaryDataSize":12,"binaryData":"C01C0000C11C000034070000"}}}}
{"Event_attributes":{"xmlns":"http://schemas.microsoft.com/win/2004/08/events/event"},"Event":{"System":{"Provider_attributes":{"Name":"Microsoft-Windows-LoadPerf","Guid":"122EE297-BB47-41AE-B265-1CA8D1886D40"},"EventID":1001,"Version":0,"Level":4,"Task":0,"Opcode":0,"Keywords":"0x8000000000000000","TimeCreated_attributes":{"SystemTime":"2016-08-18T16:35:22.849609Z"},"EventRecordID":1477,"Correlation":null,"Execution_attributes":{"ProcessID":2188,"ThreadID":812},"Channel":"Application","Computer":"IE10Win7","Security_attributes":{"UserID":"S-1-5-18"}},"UserData":{"EventXML_attributes":{"xmlns:auto-ns2":"http://schemas.microsoft.com/win/2004/08/events","xmlns":"LoadPerf"},"EventXML":{"param1":"MSDTC Bridge 4.0.0.0","param2":"MSDTC Bridge 4.0.0.0","binaryDataSize":12,"binaryData":"F21B0000F31B000034070000"}}}}
{"Event_attributes":{"xmlns":"http://schemas.microsoft.com/win/2004/08/events/event"},"Event":{"System":{"Provider_attributes":{"Name":"Microsoft-Windows-LoadPerf","Guid":"122EE297-BB47-41AE-B265-1CA8D1886D40"},"EventID":1000,"Version":0,"Level":4,"Task":0,"Opcode":0,"Keywords":"0x8000000000000000","TimeCreated_attributes":{"SystemTime":"2016-08-18T16:35:24.208984Z"},"EventRecordID":1478,"Correlation":null,"Execution_attributes":{"ProcessID":2364,"ThreadID":3288},"Channel":"Application","Computer":"IE10Win7","Security_attributes":{"UserID":"S-1-5-18"}},"UserData":{"EventXML_attributes":{"xmlns:auto-ns2":"http://schemas.microsoft.com/win/2004/08/events","xmlns":"LoadPerf"},"EventXML":{"param1":"{890c10c3-8c2a-4fe3-a36a-9eca153d47cb}","param2":"ServiceModel 4.0.0.0","binaryDataSize":0,"binaryData":null}}}}
{"Event_attributes":{"xmlns":"http://schemas.microsoft.com/win/2004/08/events/event"},"Event":{"System":{"Provider_attributes":{"Name":"Microsoft-Windows-LoadPerf","Guid":"122EE297-BB47-41AE-B265-1CA8D1886D40"},"EventID":1000,"Version":0,"Level":4,"Task":0,"Opcode":0,"Keywords":"0x8000000000000000","TimeCreated_attributes":{"SystemTime":"2016-08-18T16:35:24.333984Z"},"EventRecordID":1479,"Correlation":null,"Execution_attributes":{"ProcessID":2140,"ThreadID":2616},"Channel":"Application","Computer":"IE10Win7","Security_attributes":{"UserID":"S-1-5-18"}},"UserData":{"EventXML_attributes":{"xmlns:auto-ns2":"http://schemas.microsoft.com/win/2004/08/events","xmlns":"LoadPerf"},"EventXML":{"param1":"SMSvcHost 4.0.0.0","param2":"SMSvcHost 4.0.0.0","binaryDataSize":16,"binaryData":"8C1C0000A81C00008D1C0000A91C0000"}}}}
{"Event_attributes":{"xmlns":"http://schemas.microsoft.com/win/2004/08/events/event"},"Event":{"System":{"Provider_attributes":{"Name":"Microsoft-Windows-LoadPerf","Guid":"122EE297-BB47-41AE-B265-1CA8D1886D40"},"EventID":1000,"Version":0,"Level":4,"Task":0,"Opcode":0,"Keywords":"0x8000000000000000","TimeCreated_attributes":{"SystemTime":"2016-08-18T16:35:24.443359Z"},"EventRecordID":1480,"Correlation":null,"Execution_attributes":{"ProcessID":2356,"ThreadID":204},"Channel":"Application","Computer":"IE10Win7","Security_attributes":{"UserID":"S-1-5-18"}},"UserData":{"EventXML_attributes":{"xmlns:auto-ns2":"http://schemas.microsoft.com/win/2004/08/events","xmlns":"LoadPerf"},"EventXML":{"param1":"MSDTC Bridge 4.0.0.0","param2":"MSDTC Bridge 4.0.0.0","binaryDataSize":16,"binaryData":"AA1C0000C01C0000AB1C0000C11C0000"}}}}
{"Event_attributes":{"xmlns":"http://schemas.microsoft.com/win/2004/08/events/event"},"Event":{"System":{"Provider_attributes":{"Name":"Microsoft-Windows-LoadPerf","Guid":"122EE297-BB47-41AE-B265-1CA8D1886D40"},"EventID":1002,"Version":0,"Level":4,"Task":0,"Opcode":0,"Keywords":"0x8000000000000000","TimeCreated_attributes":{"SystemTime":"2016-08-18T16:35:49.427734Z"},"EventRecordID":1481,"Correlation":null,"Execution_attributes":{"ProcessID":3548,"ThreadID":2256},"Channel":"Application","Computer":"IE10Win7","Security_attributes":{"UserID":"S-1-5-18"}},"UserData":{"EventXML_attributes":{"xmlns:auto-ns2":"http://schemas.microsoft.com/win/2004/08/events","xmlns":"LoadPerf"},"EventXML":{"param1":".NET CLR Networking 4.0.0.0","param2":".NET CLR Networking 4.0.0.0","binaryDataSize":4,"binaryData":"C2120000"}}}}
{"Event_attributes":{"xmlns":"http://schemas.microsoft.com/win/2004/08/events/event"},"Event":{"System":{"Provider_attributes":{"Name":"MsiInstaller"},"EventID_attributes":{"Qualifiers":0},"EventID":1022,"Level":4,"Task":0,"Keywords":"0x80000000000000","TimeCreated_attributes":{"SystemTime":"2016-08-18T16:35:49.000000Z"},"EventRecordID":1482,"Channel":"Application","Computer":"IE10Win7","Security_attributes":{"UserID":"S-1-5-18"}},"EventData":{"Data":{"#text":["Microsoft .NET Framework 4 Client Profile","KB3074547","(NULL)","(NULL)","(NULL)","(NULL)",""]},"Binary":"7B33433339303143352D333435352D334530412D413231342D3042303933413530373041367D207B42463030313336372D374241372D334532372D394539422D3043353442433436373136347D"}}}
{"Event_attributes":{"xmlns":"http://schemas.microsoft.com/win/2004/08/events/event"},"Event":{"System":{"Provider_attributes":{"Name":"MsiInstaller"},"EventID_attributes":{"Qualifiers":0},"EventID":1036,"Level":4,"Task":0,"Keywords":"0x80000000000000","TimeCreated_attributes":{"SystemTime":"2016-08-18T16:35:49.000000Z"},"EventRecordID":1483,"Channel":"Application","Computer":"IE10Win7","Security_attributes":{"UserID":"S-1-5-18"}},"EventData":{"Data":{"#text":["Microsoft .NET Framework 4 Client Profile","4.0.30319","0","KB3074547","0","Microsoft Corporation",""]},"Binary":"7B33433339303143352D333435352D334530412D413231342D3042303933413530373041367D3030303064326562663436383331643263623332396166373637323933656232306366643030303030303030"}}}
{"Event_attributes":{"xmlns":"http://schemas.microsoft.com/win/2004/08/events/event"},"Event":{"System":{"Provider_attributes":{"Name":"MsiInstaller"},"EventID_attributes":{"Qualifiers":0},"EventID":11728,"Level":4,"Task":0,"Keywords":"0x80000000000000","TimeCreated_attributes":{"SystemTime":"2016-08-18T16:35:49.000000Z"},"EventRecordID":1484,"Channel":"Application","Computer":"IE10Win7","Security_attributes":{"UserID":"S-1-5-18"}},"EventData":{"Data":{"#text":["Product: Microsoft .NET Framework 4 Client Profile -- Configuration completed successfully.","(NULL)","(NULL)","(NULL)","(NULL)","(NULL)",""]},"Binary":"7B33433339303143352D333435352D334530412D413231342D3042303933413530373041367D"}}}
{"Event_attributes":{"xmlns":"http://schemas.microsoft.com/win/2004/08/events/event"},"Event":{"System":{"Provider_attributes":{"Name":"MsiInstaller"},"EventID_attributes":{"Qualifiers":0},"EventID":1035,"Level":4,"Task":0,"Keywords":"0x80000000000000","TimeCreated_attributes":{"SystemTime":"2016-08-18T16:35:49.000000Z"},"EventRecordID":1485,"Channel":"Application","Computer":"IE10Win7","Security_attributes":{"UserID":"S-1-5-18"}},"EventData":{"Data":{"#text":["Microsoft .NET Framework 4 Client Profile","4.0.30319","0","0","Microsoft Corporation","(NULL)",""]},"Binary":"7B33433339303143352D333435352D334530412D413231342D3042303933413530373041367D3030303064326562663436383331643263623332396166373637323933656232306366643030303030303030"}}}
{"Event_attributes":{"xmlns":"http://schemas.microsoft.com/win/2004/08/events/event"},"Event":{"System":{"Provider_attributes":{"Name":"MsiInstaller"},"EventID_attributes":{"Qualifiers":0},"EventID":1042,"Level":4,"Task":0,"Keywords":"0x80000000000000","TimeCreated_attributes":{"SystemTime":"2016-08-18T16:35:49.000000Z"},"EventRecordID":1486,"Channel":"Application","Computer":"IE10Win7","Security_attributes":{"UserID":"S-1-5-18"}},"EventData":{"Data":{"#text":["C:\\Windows\\Installer\\4d16b.msi","4052","(NULL)","(NULL)","(NULL)","(NULL)",""]},"Binary":null}}}
{"Event_attributes":{"xmlns":"http://schemas.microsoft.com/win/2004/08/events/event"},"Event":{"System":{"Provider_attributes":{"Name":"Microsoft-Windows-RestartManager","Guid":"0888E5EF-9B98-4695-979D-E92CE4247224"},"EventID":10001,"Version":0,"Level":4,"Task":0,"Opcode":0,"Keywords":"0x8000000000000000","TimeCreated_attributes":{"SystemTime":"2016-08-18T16:35:49.552734Z"},"EventRecordID":1487,"Correlation":null,"Execution_attributes":{"ProcessID":340,"ThreadID":2112},"Channel":"Application","Computer":"IE10Win7","Security_attributes":{"UserID":"S-1-5-18"}},"UserData":{"RmSessionEvent_attributes":{"xmlns:auto-ns2":"http://schemas.microsoft.com/win/2004/08/events","xmlns":"http://www.microsoft.com/2005/08/Windows/Reliability/RestartManager/"},"RmSessionEvent":{"RmSessionId":0,"UTCStartTime":"2016-08-18T16:35:02.630859Z"}}}}
{"Event_attributes":{"xmlns":"http://schemas.microsoft.com/win/2004/08/events/event"},"Event":{"System":{"Provider_attributes":{"Name":"MsiInstaller"},"EventID_attributes":{"Qualifiers":0},"EventID":1040,"Level":4,"Task":0,"Keywords":"0x80000000000000","TimeCreated_attributes":{"SystemTime":"2016-08-18T16:39:24.000000Z"},"EventRecordID":1488,"Channel":"Application","Computer":"IE10Win7","Security_attributes":{"UserID":"S-1-5-18"}},"EventData":{"Data":{"#text":["C:\\Windows\\Installer\\4d16b.msi","2332","(NULL)","(NULL)","(NULL)","(NULL)",""]},"Binary":null}}}
{"Event_attributes":{"xmlns":"http://schemas.microsoft.com/win/2004/08/events/event"},"Event":{"System":{"Provider_attributes":{"Name":"Microsoft-Windows-RestartManager","Guid":"0888E5EF-9B98-4695-979D-E92CE4247224"},"EventID":10000,"Version":0,"Level":4,"Task":0,"Opcode":0,"Keywords":"0x8000000000000000","TimeCreated_attributes":{"SystemTime":"2016-08-18T16:39:28.434570Z"},"EventRecordID":1489,"Correlation":null,"Execution_attributes":{"ProcessID":340,"ThreadID":3704},"Channel":"Application","Computer":"IE10Win7","Security_attributes":{"UserID":"S-1-5-18"}},"UserData":{"RmSessionEvent_attributes":{"xmlns:auto-ns2":"http://schemas.microsoft.com/win/2004/08/events","xmlns":"http://www.microsoft.com/2005/08/Windows/Reliability/RestartManager/"},"RmSessionEvent":{"RmSessionId":0,"UTCStartTime":"2016-08-18T16:39:28.434570Z"}}}}
{"Event_attributes":{"xmlns":"http://schemas.microsoft.com/win/2004/08/events/event"},"Event":{"System":{"Provider_attributes":{"Name":"Microsoft-Windows-LoadPerf","Guid":"122EE297-BB47-41AE-B265-1CA8D1886D40"},"EventID":1001,"Version":0,"Level":4,"Task":0,"Opcode":0,"Keywords":"0x8000000000000000","TimeCreated_attributes":{"SystemTime":"2016-08-18T16:39:50.450195Z"},"EventRecordID":1490,"Correlation":null,"Execution_attributes":{"ProcessID":2540,"ThreadID":1364},"Channel":"Application","Computer":"IE10Win7","Security_attributes":{"UserID":"S-1-5-18"}},"UserData":{"EventXML_attributes":{"xmlns:auto-ns2":"http://schemas.microsoft.com/win/2004/08/events","xmlns":"LoadPerf"},"EventXML":{"param1":"{890c10c3-8c2a-4fe3-a36a-9eca153d47cb}","param2":"ServiceModel 4.0.0.0","binaryDataSize":0,"binaryData":null}}}}
{"Event_attributes":{"xmlns":"http://schemas.microsoft.com/win/2004/08/events/event"},"Event":{"System":{"Provider_attributes":{"Name":"Microsoft-Windows-LoadPerf","Guid":"122EE297-BB47-41AE-B265-1CA8D1886D40"},"EventID":1001,"Version":0,"Level":4,"Task":0,"Opcode":0,"Keywords":"0x8000000000000000","TimeCreated_attributes":{"SystemTime":"2016-08-18T16:39:50.559570Z"},"EventRecordID":1491,"Correlation":null,"Execution_attributes":{"ProcessID":3076,"ThreadID":2816},"Channel":"Application","Computer":"IE10Win7","Security_attributes":{"UserID":"S-1-5-18"}},"UserData":{"EventXML_attributes":{"xmlns:auto-ns2":"http://schemas.microsoft.com/win/2004/08/events","xmlns":"LoadPerf"},"EventXML":{"param1":"SMSvcHost 4.0.0.0","param2":"SMSvcHost 4.0.0.0","binaryDataSize":12,"binaryData":"C01C0000C11C000034070000"}}}}
{"Event_attributes":{"xmlns":"http://schemas.microsoft.com/win/2004/08/events/event"},"Event":{"System":{"Provider_attributes":{"Name":"Microsoft-Windows-LoadPerf","Guid":"122EE297-BB47-41AE-B265-1CA8D1886D40"},"EventID":1001,"Version":0,"Level":4,"Task":0,"Opcode":0,"Keywords":"0x8000000000000000","TimeCreated_attributes":{"SystemTime":"2016-08-18T16:39:50.590820Z"},"EventRecordID":1492,"Correlation":null,"Execution_attributes":{"ProcessID":3120,"ThreadID":808},"Channel":"Application","Computer":"IE10Win7","Security_attributes":{"UserID":"S-1-5-18"}},"UserData":{"EventXML_attributes":{"xmlns:auto-ns2":"http://schemas.microsoft.com/win/2004/08/events","xmlns":"LoadPerf"},"EventXML":{"param1":"MSDTC Bridge 4.0.0.0","param2":"MSDTC Bridge 4.0.0.0","binaryDataSize":12,"binaryData":"F21B0000F31B000034070000"}}}}
{"Event_attributes":{"xmlns":"http://schemas.microsoft.com/win/2004/08/events/event"},"Event":{"System":{"Provider_attributes":{"Name":"Microsoft-Windows-LoadPerf","Guid":"122EE297-BB47-41AE-B265-1CA8D1886D40"},"EventID":1000,"Version":0,"Level":4,"Task":0,"Opcode":0,"Keywords":"0x8000000000000000","TimeCreated_attributes":{"SystemTime":"2016-08-18T16:39:52.059570Z"},"EventRecordID":1493,"Correlation":null,"Execution_attributes":{"ProcessID":2684,"ThreadID":3756},"Channel":"Application","Computer":"IE10Win7","Security_attributes":{"UserID":"S-1-5-18"}},"UserData":{"EventXML_attributes":{"xmlns:auto-ns2":"http://schemas.microsoft.com/win/2004/08/events","xmlns":"LoadPerf"},"EventXML":{"param1":"{890c10c3-8c2a-4fe3-a36a-9eca153d47cb}","param2":"ServiceModel 4.0.0.0","binaryDataSize":0,"binaryData":null}}}}
{"Event_attributes":{"xmlns":"http://schemas.microsoft.com/win/2004/08/events/event"},"Event":{"System":{"Provider_attributes":{"Name":"Microsoft-Windows-LoadPerf","Guid":"122EE297-BB47-41AE-B265-1CA8D1886D40"},"EventID":1000,"Version":0,"Level":4,"Task":0,"Opcode":0,"Keywords":"0x8000000000000000","TimeCreated_attributes":{"SystemTime":"2016-08-18T16:39:52.215820Z"},"EventRecordID":1494,"Correlation":null,"Execution_attributes":{"ProcessID":684,"ThreadID":3264},"Channel":"Application","Computer":"IE10Win7","Security_attributes":{"UserID":"S-1-5-18"}},"UserData":{"EventXML_attributes":{"xmlns:auto-ns2":"http://schemas.microsoft.com/win/2004/08/events","xmlns":"LoadPerf"},"EventXML":{"param1":"SMSvcHost 4.0.0.0","param2":"SMSvcHost 4.0.0.0","binaryDataSize":16,"binaryData":"8C1C0000A81C00008D1C0000A91C0000"}}}}
{"Event_attributes":{"xmlns":"http://schemas.microsoft.com/win/2004/08/events/event"},"Event":{"System":{"Provider_attributes":{"Name":"Microsoft-Windows-LoadPerf","Guid":"122EE297-BB47-41AE-B265-1CA8D1886D40"},"EventID":1000,"Version":0,"Level":4,"Task":0,"Opcode":0,"Keywords":"0x8000000000000000","TimeCreated_attributes":{"SystemTime":"2016-08-18T16:39:52.340820Z"},"EventRecordID":1495,"Correlation":null,"Execution_attributes":{"ProcessID":3472,"ThreadID":2620},"Channel":"Application","Computer":"IE10Win7","Security_attributes":{"UserID":"S-1-5-18"}},"UserData":{"EventXML_attributes":{"xmlns:auto-ns2":"http://schemas.microsoft.com/win/2004/08/events","xmlns":"LoadPerf"},"EventXML":{"param1":"MSDTC Bridge 4.0.0.0","param2":"MSDTC Bridge 4.0.0.0","binaryDataSize":16,"binaryData":"AA1C0000C01C0000AB1C0000C11C0000"}}}}
{"Event_attributes":{"xmlns":"http://schemas.microsoft.com/win/2004/08/events/event"},"Event":{"System":{"Provider_attributes":{"Name":"MsiInstaller"},"EventID_attributes":{"Qualifiers":0},"EventID":1022,"Level":4,"Task":0,"Keywords":"0x80000000000000","TimeCreated_attributes":{"SystemTime":"2016-08-18T16:39:57.000000Z"},"EventRecordID":1496,"Channel":"Application","Computer":"IE10Win7","Security_attributes":{"UserID":"S-1-5-18"}},"EventData":{"Data":{"#text":["Microsoft .NET Framework 4 Client Profile","KB3037578","(NULL)","(NULL)","(NULL)","(NULL)",""]},"Binary":"7B33433339303143352D333435352D334530412D413231342D3042303933413530373041367D207B41413530443938452D314633342D334538392D413335312D4533303346354233424345327D"}}}
{"Event_attributes":{"xmlns":"http://schemas.microsoft.com/win/2004/08/events/event"},"Event":{"System":{"Provider_attributes":{"Name":"MsiInstaller"},"EventID_attributes":{"Qualifiers":0},"EventID":1036,"Level":4,"Task":0,"Keywords":"0x80000000000000","TimeCreated_attributes":{"SystemTime":"2016-08-18T16:39:57.000000Z"},"EventRecordID":1497,"Channel":"Application","Computer":"IE10Win7","Security_attributes":{"UserID":"S-1-5-18"}},"EventData":{"Data":{"#text":["Microsoft .NET Framework 4 Client Profile","4.0.30319","0","KB3037578","0","Microsoft Corporation",""]},"Binary":"7B33433339303143352D333435352D334530412D413231342D3042303933413530373041367D3030303064326562663436383331643263623332396166373637323933656232306366643030303030303030"}}}
{"Event_attributes":{"xmlns":"http://schemas.microsoft.com/win/2004/08/events/event"},"Event":{"System":{"Provider_attributes":{"Name":"MsiInstaller"},"EventID_attributes":{"Qualifiers":0},"EventID":11728,"Level":4,"Task":0,"Keywords":"0x80000000000000","TimeCreated_attributes":{"SystemTime":"2016-08-18T16:39:57.000000Z"},"EventRecordID":1498,"Channel":"Application","Computer":"IE10Win7","Security_attributes":{"UserID":"S-1-5-18"}},"EventData":{"Data":{"#text":["Product: Microsoft .NET Framework 4 Client Profile -- Configuration completed successfully.","(NULL)","(NULL)","(NULL)","(NULL)","(NULL)",""]},"Binary":"7B33433339303143352D333435352D334530412D413231342D3042303933413530373041367D"}}}
{"Event_attributes":{"xmlns":"http://schemas.microsoft.com/win/2004/08/events/event"},"Event":{"System":{"Provider_attributes":{"Name":"MsiInstaller"},"EventID_attributes":{"Qualifiers":0},"EventID":1035,"Level":4,"Task":0,"Keywords":"0x80000000000000","TimeCreated_attributes":{"SystemTime":"2016-08-18T16:39:57.000000Z"},"EventRecordID":1499,"Channel":"Application","Computer":"IE10Win7","Security_attributes":{"UserID":"S-1-5-18"}},"EventData":{"Data":{"#text":["Microsoft .NET Framework 4 Client Profile","4.0.30319","0","0","Microsoft Corporation","(NULL)",""]},"Binary":"7B33433339303143352D333435352D334530412D413231342D3042303933413530373041367D3030303064326562663436383331643263623332396166373637323933656232306366643030303030303030"}}}
{"Event_attributes":{"xmlns":"http://schemas.microsoft.com/win/2004/08/events/event"},"Event":{"System":{"Provider_attributes":{"Name":"MsiInstaller"},"EventID_attributes":{"Qualifiers":0},"EventID":1042,"Level":4,"Task":0,"Keywords":"0x80000000000000","TimeCreated_attributes":{"SystemTime":"2016-08-18T16:39:57.000000Z"},"EventRecordID":1500,"Channel":"Application","Computer":"IE10Win7","Security_attributes":{"UserID":"S-1-5-18"}},"EventData":{"Data":{"#text":["C:\\Windows\\Installer\\4d16b.msi","2332","(NULL)","(NULL)","(NULL)","(NULL)",""]},"Binary":null}}}
{"Event_attributes":{"xmlns":"http://schemas.microsoft.com/win/2004/08/events/event"},"Event":{"System":{"Provider_attributes":{"Name":"Microsoft-Windows-LoadPerf","Guid":"122EE297-BB47-41AE-B265-1CA8D1886D40"},"EventID":1002,"Version":0,"Level":4,"Task":0,"Opcode":0,"Keywords":"0x8000000000000000","TimeCreated_attributes":{"SystemTime":"2016-08-18T16:39:56.918945Z"},"EventRecordID":1501,"Correlation":null,"Execution_attributes":{"ProcessID":3260,"ThreadID":1652},"Channel":"Application","Computer":"IE10Win7","Security_attributes":{"UserID":"S-1-5-18"}},"UserData":{"EventXML_attributes":{"xmlns:auto-ns2":"http://schemas.microsoft.com/win/2004/08/events","xmlns":"LoadPerf"},"EventXML":{"param1":".NET CLR Networking 4.0.0.0","param2":".NET CLR Networking 4.0.0.0","binaryDataSize":4,"binaryData":"C2120000"}}}}
{"Event_attributes":{"xmlns":"http://schemas.microsoft.com/win/2004/08/events/event"},"Event":{"System":{"Provider_attributes":{"Name":"Microsoft-Windows-RestartManager","Guid":"0888E5EF-9B98-4695-979D-E92CE4247224"},"EventID":10001,"Version":0,"Level":4,"Task":0,"Opcode":0,"Keywords":"0x8000000000000000","TimeCreated_attributes":{"SystemTime":"2016-08-18T16:39:57.059570Z"},"EventRecordID":1502,"Correlation":null,"Execution_attributes":{"ProcessID":340,"ThreadID":3268},"Channel":"Application","Computer":"IE10Win7","Security_attributes":{"UserID":"S-1-5-18"}},"UserData":{"RmSessionEvent_attributes":{"xmlns:auto-ns2":"http://schemas.microsoft.com/win/2004/08/events","xmlns":"http://www.microsoft.com/2005/08/Windows/Reliability/RestartManager/"},"RmSessionEvent":{"RmSessionId":0,"UTCStartTime":"2016-08-18T16:39:28.434570Z"}}}}
{"Event_attributes":{"xmlns":"http://schemas.microsoft.com/win/2004/08/events/event"},"Event":{"System":{"Provider_attributes":{"Name":"Windows Error Reporting"},"EventID_attributes":{"Qualifiers":0},"EventID":1001,"Level":4,"Task":0,"Keywords":"0x80000000000000","TimeCreated_attributes":{"SystemTime":"2016-08-18T16:40:07.000000Z"},"EventRecordID":1503,"Channel":"Application","Computer":"IE10Win7","Security":null},"EventData":{"Data":{"#text":["1528933070","5","RADAR_PRE_LEAK_32","Not available","0","TrustedInstaller.exe","6.1.7601.17514","6.1.7601.2.1.0","","","","","","","","\r\nC:\\Users\\IEUser\\AppData\\Local\\Temp\\RDR8C5A.tmp\\empty.txt","","","0","5cb02549-6562-11e6-853d-000c290d8d3a","0"]},"Binary":null}}}
{"Event_attributes":{"xmlns":"http://schemas.microsoft.com/win/2004/08/events/event"},"Event":{"System":{"Provider_attributes":{"Name":"VSS"},"EventID_attributes":{"Qualifiers":0},"EventID":8224,"Level":4,"Task":0,"Keywords":"0x80000000000000","TimeCreated_attributes":{"SystemTime":"2016-08-18T16:48:40.000000Z"},"EventRecordID":1504,"Channel":"Application","Computer":"IE10Win7","Security":null},"EventData":{"Data":{"#text":""},"Binary":"2D20436F64653A2020434F525356434330303030303737332D2043616C6C3A2020434F525356434330303030303735352D205049443A202030303030333839362D205449443A202030303030333936302D20434D443A2020433A5C57696E646F77735C73797374656D33325C76737376632E6578652020202D20557365723A204E616D653A204E5420415554484F524954595C53595354454D2C205349443A532D312D352D313820"}}}
{"Event_attributes":{"xmlns":"http://schemas.microsoft.com/win/2004/08/events/event"},"Event":{"System":{"Provider_attributes":{"Name":"Desktop Window Manager"},"EventID_attributes":{"Qualifiers":16384},"EventID":9009,"Level":4,"Task":0,"Keywords":"0x80000000000000","TimeCreated_attributes":{"SystemTime":"2016-08-18T16:52:19.000000Z"},"EventRecordID":1505,"Channel":"Application","Computer":"IE10Win7","Security":null},"EventData":{"Data":{"#text":"0x40010004"},"Binary":null}}}
{"Event_attributes":{"xmlns":"http://schemas.microsoft.com/win/2004/08/events/event"},"Event":{"System":{"Provider_attributes":{"Name":"VMware Tools"},"EventID_attributes":{"Qualifiers":0},"EventID":1000,"Level":3,"Task":0,"Keywords":"0x80000000000000","TimeCreated_attributes":{"SystemTime":"2016-08-18T16:52:35.000000Z"},"EventRecordID":1506,"Channel":"Application","Computer":"IE10Win7","Security_attributes":{"UserID":"S-1-5-18"}},"EventData":{"Data":{"#text":"[ warning] [vmsvc:autoUpgrade] vmx returned Autoupgrade is not allowed by policy for guest.initiateUpgradeAtShutdown.\n"},"Binary":null}}}
{"Event_attributes":{"xmlns":"http://schemas.microsoft.com/win/2004/08/events/event"},"Event":{"System":{"Provider_attributes":{"Name":"VMUpgradeHelper"},"EventID_attributes":{"Qualifiers":0},"EventID":260,"Level":4,"Task":0,"Keywords":"0x80000000000000","TimeCreated_attributes":{"SystemTime":"2016-08-18T16:52:35.000000Z"},"EventRecordID":1507,"Channel":"Application","Computer":"IE10Win7","Security":null},"EventData":{"Data":{"#text":""},"Binary":null}}}
{"Event_attributes":{"xmlns":"http://schemas.microsoft.com/win/2004/08/events/event"},"Event":{"System":{"Provider_attributes":{"Name":"VMUpgradeHelper"},"EventID_attributes":{"Qualifiers":0},"EventID":280,"Level":4,"Task":0,"Keywords":"0x80000000000000","TimeCreated_attributes":{"SystemTime":"2016-08-18T16:52:35.000000Z"},"EventRecordID":1508,"Channel":"Application","Computer":"IE10Win7","Security":null},"EventData":{"Data":{"#text":"00:0C:29:0D:8D:3A"},"Binary":null}}}
{"Event_attributes":{"xmlns":"http://schemas.microsoft.com/win/2004/08/events/event"},"Event":{"System":{"Provider_attributes":{"Name":"VMUpgradeHelper"},"EventID_attributes":{"Qualifiers":0},"EventID":272,"Level":4,"Task":0,"Keywords":"0x80000000000000","TimeCreated_attributes":{"SystemTime":"2016-08-18T16:52:35.000000Z"},"EventRecordID":1509,"Channel":"Application","Computer":"IE10Win7","Security":null},"EventData":{"Data":{"#text":""},"Binary":null}}}
{"Event_attributes":{"xmlns":"http://schemas.microsoft.com/win/2004/08/events/event"},"Event":{"System":{"Provider_attributes":{"Name":"VMTools"},"EventID_attributes":{"Qualifiers":0},"EventID":108,"Level":4,"Task":0,"Keywords":"0x80000000000000","TimeCreated_attributes":{"SystemTime":"2016-08-18T16:52:35.000000Z"},"EventRecordID":1510,"Channel":"Application","Computer":"IE10Win7","Security":null},"EventData":{"Data":{"#text":""},"Binary":null}}}
{"Event_attributes":{"xmlns":"http://schemas.microsoft.com/win/2004/08/events/event"},"Event":{"System":{"Provider_attributes":{"Name":"Microsoft-Windows-User Profiles Service","Guid":"89B1E9F0-5AFF-44A6-9B44-0A07A7CE5845"},"EventID":1532,"Version":0,"Level":4,"Task":0,"Opcode":0,"Keywords":"0x8000000000000000","TimeCreated_attributes":{"SystemTime":"2016-08-18T16:52:36.267578Z"},"EventRecordID":1511,"Correlation":null,"Execution_attributes":{"ProcessID":924,"ThreadID":1032},"Channel":"Application","Computer":"IE10Win7","Security_attributes":{"UserID":"S-1-5-18"}},"EventData":null}}
{"Event_attributes":{"xmlns":"http://schemas.microsoft.com/win/2004/08/events/event"},"Event":{"System":{"Provider_attributes":{"Name":"Microsoft-Windows-EventSystem","Guid":"{899daace-4868-4295-afcd-9eb8fb497561}","EventSourceName":"EventSystem"},"EventID_attributes":{"Qualifiers":16384},"EventID":4625,"Version":0,"Level":4,"Task":0,"Opcode":0,"Keywords":"0x80000000000000","TimeCreated_attributes":{"SystemTime":"2016-08-18T16:52:58.000000Z"},"EventRecordID":1512,"Correlation":null,"Execution_attributes":{"ProcessID":0,"ThreadID":0},"Channel":"Application","Computer":"IE10Win7","Security":null},"EventData":{"param1":"86400","param2":"SuppressDuplicateDuration","param3":"Software\\Microsoft\\EventSystem\\EventLog"}}}
{"Event_attributes":{"xmlns":"http://schemas.microsoft.com/win/2004/08/events/event"},"Event":{"System":{"Provider_attributes":{"Name":"VMTools"},"EventID_attributes":{"Qualifiers":0},"EventID":105,"Level":4,"Task":0,"Keywords":"0x80000000000000","TimeCreated_attributes":{"SystemTime":"2016-08-18T16:52:59.000000Z"},"EventRecordID":1513,"Channel":"Application","Computer":"IE10Win7","Security":null},"EventData":{"Data":{"#text":""},"Binary":null}}}
{"Event_attributes":{"xmlns":"http://schemas.microsoft.com/win/2004/08/events/event"},"Event":{"System":{"Provider_attributes":{"Name":"Microsoft-Windows-WMI","Guid":"{1edeee53-0afe-4609-b846-d8c0b2075b1f}","EventSourceName":"WinMgmt"},"EventID_attributes":{"Qualifiers":49152},"EventID":5615,"Version":0,"Level":0,"Task":0,"Opcode":0,"Keywords":"0x80000000000000","TimeCreated_attributes":{"SystemTime":"2016-08-18T16:52:59.000000Z"},"EventRecordID":1514,"Correlation":null,"Execution_attributes":{"ProcessID":0,"ThreadID":0},"Channel":"Application","Computer":"IE10Win7","Security":null},"EventData":{"Data":{"#text":""},"Binary":null}}}
{"Event_attributes":{"xmlns":"http://schemas.microsoft.com/win/2004/08/events/event"},"Event":{"System":{"Provider_attributes":{"Name":"Microsoft-Windows-WMI","Guid":"{1edeee53-0afe-4609-b846-d8c0b2075b1f}","EventSourceName":"WinMgmt"},"EventID_attributes":{"Qualifiers":49152},"EventID":5617,"Version":0,"Level":0,"Task":0,"Opcode":0,"Keywords":"0x80000000000000","TimeCreated_attributes":{"SystemTime":"2016-08-18T16:52:59.000000Z"},"EventRecordID":1515,"Correlation":null,"Execution_attributes":{"ProcessID":0,"ThreadID":0},"Channel":"Application","Computer":"IE10Win7","Security":null},"EventData":{"Data":{"#text":""},"Binary":null}}}
{"Event_attributes":{"xmlns":"http://schemas.microsoft.com/win/2004/08/events/event"},"Event":{"System":{"Provider_attributes":{"Name":"Microsoft-Windows-User Profiles Service","Guid":"89B1E9F0-5AFF-44A6-9B44-0A07A7CE5845"},"EventID":1531,"Version":0,"Level":4,"Task":0,"Opcode":0,"Keywords":"0x8000000000000000","TimeCreated_attributes":{"SystemTime":"2016-08-18T16:52:58.921875Z"},"EventRecordID":1516,"Correlation":null,"Execution_attributes":{"ProcessID":912,"ThreadID":1020},"Channel":"Application","Computer":"IE10Win7","Security_attributes":{"UserID":"S-1-5-18"}},"EventData":null}}
{"Event_attributes":{"xmlns":"http://schemas.microsoft.com/win/2004/08/events/event"},"Event":{"System":{"Provider_attributes":{"Name":"Microsoft-Windows-Security-SPP","Guid":"{E23B33B0-C8C9-472C-A5F9-F2BDFEA0F156}","EventSourceName":"Software Protection Platform Service"},"EventID_attributes":{"Qualifiers":16384},"EventID":900,"Version":0,"Level":4,"Task":0,"Opcode":0,"Keywords":"0x80000000000000","TimeCreated_attributes":{"SystemTime":"2016-08-18T16:53:00.000000Z"},"EventRecordID":1517,"Correlation":null,"Execution_attributes":{"ProcessID":0,"ThreadID":0},"Channel":"Application","Computer":"IE10Win7","Security":null},"EventData":{"Data":{"#text":""},"Binary":null}}}
{"Event_attributes":{"xmlns":"http://schemas.microsoft.com/win/2004/08/events/event"},"Event":{"System":{"Provider_attributes":{"Name":"VMUpgradeHelper"},"EventID_attributes":{"Qualifiers":0},"EventID":258,"Level":4,"Task":0,"Keywords":"0x80000000000000","TimeCreated_attributes":{"SystemTime":"2016-08-18T16:53:01.000000Z"},"EventRecordID":1518,"Channel":"Application","Computer":"IE10Win7","Security":null},"EventData":{"Data":{"#text":""},"Binary":null}}}
{"Event_attributes":{"xmlns":"http://schemas.microsoft.com/win/2004/08/events/event"},"Event":{"System":{"Provider_attributes":{"Name":"VMUpgradeHelper"},"EventID_attributes":{"Qualifiers":0},"EventID":270,"Level":4,"Task":0,"Keywords":"0x80000000000000","TimeCreated_attributes":{"SystemTime":"2016-08-18T16:53:02.000000Z"},"EventRecordID":1519,"Channel":"Application","Computer":"IE10Win7","Security":null},"EventData":{"Data":{"#text":"00:0C:29:0D:8D:3A"},"Binary":null}}}
{"Event_attributes":{"xmlns":"http://schemas.microsoft.com/win/2004/08/events/event"},"Event":{"System":{"Provider_attributes":{"Name":"VMUpgradeHelper"},"EventID_attributes":{"Qualifiers":0},"EventID":271,"Level":4,"Task":0,"Keywords":"0x80000000000000","TimeCreated_attributes":{"SystemTime":"2016-08-18T16:53:02.000000Z"},"EventRecordID":1520,"Channel":"Application","Computer":"IE10Win7","Security":null},"EventData":{"Data":{"#text":""},"Binary":null}}}
{"Event_attributes":{"xmlns":"http://schemas.microsoft.com/win/2004/08/events/event"},"Event":{"System":{"Provider_attributes":{"Name":"ESENT"},"EventID_attributes":{"Qualifiers":0},"EventID":102,"Level":4,"Task":1,"Keywords":"0x80000000000000","TimeCreated_attributes":{"SystemTime":"2016-08-18T16:53:02.000000Z"},"EventRecordID":1521,"Channel":"Application","Computer":"IE10Win7","Security":null},"EventData":{"Data":{"#text":["Windows","1088","Windows: ","0","6","01","7601","0000"]},"Binary":null}}}
{"Event_attributes":{"xmlns":"http://schemas.microsoft.com/win/2004/08/events/event"},"Event":{"System":{"Provider_attributes":{"Name":"ESENT"},"EventID_attributes":{"Qualifiers":0},"EventID":300,"Level":4,"Task":3,"Keywords":"0x80000000000000","TimeCreated_attributes":{"SystemTime":"2016-08-18T16:53:02.000000Z"},"EventRecordID":1522,"Channel":"Application","Computer":"IE10Win7","Security":null},"EventData":{"Data":{"#text":["Windows","1088","Windows: "]},"Binary":null}}}
{"Event_attributes":{"xmlns":"http://schemas.microsoft.com/win/2004/08/events/event"},"Event":{"System":{"Provider_attributes":{"Name":"ESENT"},"EventID_attributes":{"Qualifiers":0},"EventID":301,"Level":4,"Task":3,"Keywords":"0x80000000000000","TimeCreated_attributes":{"SystemTime":"2016-08-18T16:53:02.000000Z"},"EventRecordID":1523,"Channel":"Application","Computer":"IE10Win7","Security":null},"EventData":{"Data":{"#text":["Windows","1088","Windows: ","C:\\ProgramData\\Microsoft\\Search\\Data\\Applications\\Windows\\MSS.log"]},"Binary":null}}}
{"Event_attributes":{"xmlns":"http://schemas.microsoft.com/win/2004/08/events/event"},"Event":{"System":{"Provider_attributes":{"Name":"Microsoft-Windows-Complus","Guid":"{0f177893-4a9c-4709-b921-f432d67f43d5}","EventSourceName":"COM+"},"EventID_attributes":{"Qualifiers":16384},"EventID":781,"Version":0,"Level":4,"Task":0,"Opcode":0,"Keywords":"0x80000000000000","TimeCreated_attributes":{"SystemTime":"2016-08-18T16:53:02.000000Z"},"EventRecordID":1524,"Correlation":null,"Execution_attributes":{"ProcessID":0,"ThreadID":0},"Channel":"Application","Computer":"IE10Win7","Security":null},"EventData":{"param1":"86400","param2":"SuppressDuplicateDuration","param3":"Software\\Microsoft\\COM3\\Eventlog"}}}
