{"Event_attributes":{"xmlns":"http://schemas.microsoft.com/win/2004/08/events/event"},"Event":{"System":{"Provider_attributes":{"Name":"Microsoft-Windows-WindowsUpdateClient","Guid":"945A8954-C147-4ACD-923F-40C45405A658"},"EventID":18,"Version":0,"Level":4,"Task":2,"Opcode":12,"Keywords":"0x8000000000000014","TimeCreated_attributes":{"SystemTime":"2013-10-23T16:47:00.520375Z"},"EventRecordID":800,"Correlation":null,"Execution_attributes":{"ProcessID":916,"ThreadID":1220},"Channel":"System","Computer":"IE8Win7","Security_attributes":{"UserID":"S-1-5-18"}},"EventData":{"schedinstalldate":"‎Thursday, ‎October ‎24, ‎2013","schedinstalltime":"3:00 AM","updatelist":"\n- Update for Windows 7 (KB2502285)\n- Security Update for Windows 7 (KB2790113)\n- Security Update for Microsoft .NET Framework 3.5.1 on Windows 7 x86 (KB2604114)\n- Update for Windows 7 (KB2779562)\n- Update for Windows 7 (KB2387530)\n- Security Update for Microsoft .NET Framework 3.5.1 on Windows 7 x86 (KB2756920)\n- Update for Windows 7 (KB2541014)\n- Update for Windows 7 (KB2533552)\n- Security Update for Windows 7 (KB2691442)\n- Update for Windows 7 (KB971033)\n- Security Update for Windows 7 (KB979688)\n- Update for Windows 7 (KB979538)\n- Security Update for Windows 7 (KB2511455)\n- Security Update for Windows 7 (KB2506212)\n- Security Update for Windows 7 (KB979309)\n- Update for Windows 7 (KB2748349)\n- Security Update for Windows 7 (KB2658846)\n- Update for Rights Management Services Client for Windows 7 (KB979099)\n- Update for Windows 7 (KB2640148)\n- Security Update for Windows 7 (KB2442962)\n- Security Update for Windows 7 (KB2281679)\n- Security Update for Windows 7 (KB2712808)\n- Update fo"}}}
{"Event_attributes":{"xmlns":"http://schemas.microsoft.com/win/2004/08/events/event"},"Event":{"System":{"Provider_attributes":{"Name":"Microsoft-Windows-WindowsUpdateClient","Guid":"945A8954-C147-4ACD-923F-40C45405A658"},"EventID":18,"Version":0,"Level":4,"Task":2,"Opcode":12,"Keywords":"0x8000000000000014","TimeCreated_attributes":{"SystemTime":"2013-10-23T16:47:00.520375Z"},"EventRecordID":801,"Correlation":null,"Execution_attributes":{"ProcessID":916,"ThreadID":1220},"Channel":"System","Computer":"IE8Win7","Security_attributes":{"UserID":"S-1-5-18"}},"EventData":{"schedinstalldate":"‎Thursday, ‎October ‎24, ‎2013","schedinstalltime":"3:00 AM","updatelist":"\n- Update for Windows 7 (KB2502285)\n- Security Update for Windows 7 (KB2790113)\n- Security Update for Microsoft .NET Framework 3.5.1 on Windows 7 x86 (KB2604114)\n- Update for Windows 7 (KB2779562)\n- Update for Windows 7 (KB2387530)\n- Security Update for Microsoft .NET Framework 3.5.1 on Windows 7 x86 (KB2756920)\n- Update for Windows 7 (KB2541014)\n- Update for Windows 7 (KB2533552)\n- Security Update for Windows 7 (KB2691442)\n- Update for Windows 7 (KB971033)\n- Security Update for Windows 7 (KB979688)\n- Update for Windows 7 (KB979538)\n- Security Update for Windows 7 (KB2511455)\n- Security Update for Windows 7 (KB2506212)\n- Security Update for Windows 7 (KB979309)\n- Update for Windows 7 (KB2748349)\n- Security Update for Windows 7 (KB2658846)\n- Update for Rights Management Services Client for Windows 7 (KB979099)\n- Update for Windows 7 (KB2640148)\n- Security Update for Windows 7 (KB2442962)\n- Security Update for Windows 7 (KB2281679)\n- Security Update for Windows 7 (KB2712808)\n- Update fo"}}}
{"Event_attributes":{"xmlns":"http://schemas.microsoft.com/win/2004/08/events/event"},"Event":{"System":{"Provider_attributes":{"Name":"Microsoft-Windows-WindowsUpdateClient","Guid":"945A8954-C147-4ACD-923F-40C45405A658"},"EventID":18,"Version":0,"Level":4,"Task":2,"Opcode":12,"Keywords":"0x8000000000000014","TimeCreated_attributes":{"SystemTime":"2013-10-23T16:47:04.223500Z"},"EventRecordID":802,"Correlation":null,"Execution_attributes":{"ProcessID":916,"ThreadID":1220},"Channel":"System","Computer":"IE8Win7","Security_attributes":{"UserID":"S-1-5-18"}},"EventData":{"schedinstalldate":"‎Thursday, ‎October ‎24, ‎2013","schedinstalltime":"3:00 AM","updatelist":"\n- Update for Windows 7 (KB2502285)\n- Security Update for Windows 7 (KB2790113)\n- Security Update for Microsoft .NET Framework 3.5.1 on Windows 7 x86 (KB2604114)\n- Update for Windows 7 (KB2779562)\n- Update for Windows 7 (KB2387530)\n- Security Update for Microsoft .NET Framework 3.5.1 on Windows 7 x86 (KB2756920)\n- Update for Windows 7 (KB2541014)\n- Update for Windows 7 (KB2533552)\n- Security Update for Windows 7 (KB2691442)\n- Update for Windows 7 (KB971033)\n- Security Update for Windows 7 (KB979688)\n- Update for Windows 7 (KB979538)\n- Security Update for Windows 7 (KB2511455)\n- Security Update for Windows 7 (KB2506212)\n- Security Update for Windows 7 (KB979309)\n- Update for Windows 7 (KB2748349)\n- Security Update for Windows 7 (KB2658846)\n- Update for Rights Management Services Client for Windows 7 (KB979099)\n- Update for Windows 7 (KB2640148)\n- Security Update for Windows 7 (KB2442962)\n- Security Update for Windows 7 (KB2281679)\n- Security Update for Windows 7 (KB2712808)\n- Update fo"}}}
{"Event_attributes":{"xmlns":"http://schemas.microsoft.com/win/2004/08/events/event"},"Event":{"System":{"Provider_attributes":{"Name":"Microsoft-Windows-WindowsUpdateClient","Guid":"945A8954-C147-4ACD-923F-40C45405A658"},"EventID":18,"Version":0,"Level":4,"Task":2,"Opcode":12,"Keywords":"0x8000000000000014","TimeCreated_attributes":{"SystemTime":"2013-10-23T16:47:04.223500Z"},"EventRecordID":803,"Correlation":null,"Execution_attributes":{"ProcessID":916,"ThreadID":1220},"Channel":"System","Computer":"IE8Win7","Security_attributes":{"UserID":"S-1-5-18"}},"EventData":{"schedinstalldate":"‎Thursday, ‎October ‎24, ‎2013","schedinstalltime":"3:00 AM","updatelist":"\n- Update for Windows 7 (KB2502285)\n- Security Update for Windows 7 (KB2790113)\n- Security Update for Microsoft .NET Framework 3.5.1 on Windows 7 x86 (KB2604114)\n- Update for Windows 7 (KB2779562)\n- Update for Windows 7 (KB2387530)\n- Security Update for Microsoft .NET Framework 3.5.1 on Windows 7 x86 (KB2756920)\n- Update for Windows 7 (KB2541014)\n- Update for Windows 7 (KB2533552)\n- Security Update for Windows 7 (KB2691442)\n- Update for Windows 7 (KB971033)\n- Security Update for Windows 7 (KB979688)\n- Update for Windows 7 (KB979538)\n- Security Update for Windows 7 (KB2511455)\n- Security Update for Windows 7 (KB2506212)\n- Security Update for Windows 7 (KB979309)\n- Update for Windows 7 (KB2748349)\n- Security Update for Windows 7 (KB2658846)\n- Update for Rights Management Services Client for Windows 7 (KB979099)\n- Update for Windows 7 (KB2640148)\n- Security Update for Windows 7 (KB2442962)\n- Security Update for Windows 7 (KB2281679)\n- Security Update for Windows 7 (KB2712808)\n- Update fo"}}}
{"Event_attributes":{"xmlns":"http://schemas.microsoft.com/win/2004/08/events/event"},"Event":{"System":{"Provider_attributes":{"Name":"Microsoft-Windows-WindowsUpdateClient","Guid":"945A8954-C147-4ACD-923F-40C45405A658"},"EventID":18,"Version":0,"Level":4,"Task":2,"Opcode":12,"Keywords":"0x8000000000000014","TimeCreated_attributes":{"SystemTime":"2013-10-23T16:47:14.645375Z"},"EventRecordID":804,"Correlation":null,"Execution_attributes":{"ProcessID":916,"ThreadID":1220},"Channel":"System","Computer":"IE8Win7","Security_attributes":{"UserID":"S-1-5-18"}},"EventData":{"schedinstalldate":"‎Thursday, ‎October ‎24, ‎2013","schedinstalltime":"3:00 AM","updatelist":"\n- Update for Windows 7 (KB2502285)\n- Security Update for Windows 7 (KB2790113)\n- Security Update for Microsoft .NET Framework 3.5.1 on Windows 7 x86 (KB2604114)\n- Update for Windows 7 (KB2779562)\n- Update for Windows 7 (KB2387530)\n- Security Update for Microsoft .NET Framework 3.5.1 on Windows 7 x86 (KB2756920)\n- Update for Windows 7 (KB2541014)\n- Update for Windows 7 (KB2533552)\n- Security Update for Windows 7 (KB2691442)\n- Update for Windows 7 (KB971033)\n- Security Update for Windows 7 (KB979688)\n- Update for Windows 7 (KB979538)\n- Security Update for Windows 7 (KB2511455)\n- Security Update for Windows 7 (KB2506212)\n- Security Update for Windows 7 (KB979309)\n- Update for Windows 7 (KB2748349)\n- Security Update for Windows 7 (KB2658846)\n- Update for Rights Management Services Client for Windows 7 (KB979099)\n- Update for Windows 7 (KB2640148)\n- Security Update for Windows 7 (KB2442962)\n- Security Update for Windows 7 (KB2281679)\n- Security Update for Windows 7 (KB2712808)\n- Update fo"}}}
{"Event_attributes":{"xmlns":"http://schemas.microsoft.com/win/2004/08/events/event"},"Event":{"System":{"Provider_attributes":{"Name":"Microsoft-Windows-WindowsUpdateClient","Guid":"945A8954-C147-4ACD-923F-40C45405A658"},"EventID":18,"Version":0,"Level":4,"Task":2,"Opcode":12,"Keywords":"0x8000000000000014","TimeCreated_attributes":{"SystemTime":"2013-10-23T16:47:18.817250Z"},"EventRecordID":805,"Correlation":null,"Execution_attributes":{"ProcessID":916,"ThreadID":1220},"Channel":"System","Computer":"IE8Win7","Security_attributes":{"UserID":"S-1-5-18"}},"EventData":{"schedinstalldate":"‎Thursday, ‎October ‎24, ‎2013","schedinstalltime":"3:00 AM","updatelist":"\n- Update for Windows 7 (KB2502285)\n- Security Update for Windows 7 (KB2790113)\n- Security Update for Microsoft .NET Framework 3.5.1 on Windows 7 x86 (KB2604114)\n- Update for Windows 7 (KB2779562)\n- Update for Windows 7 (KB2387530)\n- Security Update for Microsoft .NET Framework 3.5.1 on Windows 7 x86 (KB2756920)\n- Update for Windows 7 (KB2541014)\n- Update for Windows 7 (KB2533552)\n- Security Update for Windows 7 (KB2691442)\n- Update for Windows 7 (KB971033)\n- Security Update for Windows 7 (KB979688)\n- Update for Windows 7 (KB979538)\n- Security Update for Windows 7 (KB2511455)\n- Security Update for Windows 7 (KB2506212)\n- Security Update for Windows 7 (KB979309)\n- Update for Windows 7 (KB2748349)\n- Security Update for Windows 7 (KB2658846)\n- Update for Rights Management Services Client for Windows 7 (KB979099)\n- Update for Windows 7 (KB2640148)\n- Security Update for Windows 7 (KB2442962)\n- Security Update for Windows 7 (KB2281679)\n- Security Update for Windows 7 (KB2712808)\n- Update fo"}}}
{"Event_attributes":{"xmlns":"http://schemas.microsoft.com/win/2004/08/events/event"},"Event":{"System":{"Provider_attributes":{"Name":"Microsoft-Windows-WindowsUpdateClient","Guid":"945A8954-C147-4ACD-923F-40C45405A658"},"EventID":18,"Version":0,"Level":4,"Task":2,"Opcode":12,"Keywords":"0x8000000000000014","TimeCreated_attributes":{"SystemTime":"2013-10-23T16:47:26.426625Z"},"EventRecordID":806,"Correlation":null,"Execution_attributes":{"ProcessID":916,"ThreadID":1220},"Channel":"System","Computer":"IE8Win7","Security_attributes":{"UserID":"S-1-5-18"}},"EventData":{"schedinstalldate":"‎Thursday, ‎October ‎24, ‎2013","schedinstalltime":"3:00 AM","updatelist":"\n- Update for Windows 7 (KB2502285)\n- Security Update for Windows 7 (KB2790113)\n- Security Update for Microsoft .NET Framework 3.5.1 on Windows 7 x86 (KB2604114)\n- Update for Windows 7 (KB2779562)\n- Update for Windows 7 (KB2387530)\n- Security Update for Microsoft .NET Framework 3.5.1 on Windows 7 x86 (KB2756920)\n- Update for Windows 7 (KB2541014)\n- Update for Windows 7 (KB2533552)\n- Security Update for Windows 7 (KB2691442)\n- Update for Windows 7 (KB971033)\n- Security Update for Windows 7 (KB979688)\n- Update for Windows 7 (KB979538)\n- Security Update for Windows 7 (KB2511455)\n- Security Update for Windows 7 (KB2506212)\n- Security Update for Windows 7 (KB979309)\n- Update for Windows 7 (KB2748349)\n- Security Update for Windows 7 (KB2658846)\n- Update for Rights Management Services Client for Windows 7 (KB979099)\n- Update for Windows 7 (KB2640148)\n- Security Update for Windows 7 (KB2442962)\n- Security Update for Windows 7 (KB2281679)\n- Security Update for Windows 7 (KB2712808)\n- Update fo"}}}
{"Event_attributes":{"xmlns":"http://schemas.microsoft.com/win/2004/08/events/event"},"Event":{"System":{"Provider_attributes":{"Name":"Microsoft-Windows-WindowsUpdateClient","Guid":"945A8954-C147-4ACD-923F-40C45405A658"},"EventID":18,"Version":0,"Level":4,"Task":2,"Opcode":12,"Keywords":"0x8000000000000014","TimeCreated_attributes":{"SystemTime":"2013-10-23T16:47:26.426625Z"},"EventRecordID":807,"Correlation":null,"Execution_attributes":{"ProcessID":916,"ThreadID":1220},"Channel":"System","Computer":"IE8Win7","Security_attributes":{"UserID":"S-1-5-18"}},"EventData":{"schedinstalldate":"‎Thursday, ‎October ‎24, ‎2013","schedinstalltime":"3:00 AM","updatelist":"\n- Update for Windows 7 (KB2502285)\n- Security Update for Windows 7 (KB2790113)\n- Security Update for Microsoft .NET Framework 3.5.1 on Windows 7 x86 (KB2604114)\n- Update for Windows 7 (KB2779562)\n- Update for Windows 7 (KB2387530)\n- Security Update for Microsoft .NET Framework 3.5.1 on Windows 7 x86 (KB2756920)\n- Update for Windows 7 (KB2541014)\n- Update for Windows 7 (KB2533552)\n- Security Update for Windows 7 (KB2691442)\n- Update for Windows 7 (KB971033)\n- Security Update for Windows 7 (KB979688)\n- Update for Windows 7 (KB979538)\n- Security Update for Windows 7 (KB2511455)\n- Security Update for Windows 7 (KB2506212)\n- Security Update for Windows 7 (KB979309)\n- Update for Windows 7 (KB2748349)\n- Security Update for Windows 7 (KB2658846)\n- Update for Rights Management Services Client for Windows 7 (KB979099)\n- Update for Windows 7 (KB2640148)\n- Security Update for Windows 7 (KB2442962)\n- Security Update for Windows 7 (KB2281679)\n- Security Update for Windows 7 (KB2712808)\n- Update fo"}}}
{"Event_attributes":{"xmlns":"http://schemas.microsoft.com/win/2004/08/events/event"},"Event":{"System":{"Provider_attributes":{"Name":"Microsoft-Windows-WindowsUpdateClient","Guid":"945A8954-C147-4ACD-923F-40C45405A658"},"EventID":18,"Version":0,"Level":4,"Task":2,"Opcode":12,"Keywords":"0x8000000000000014","TimeCreated_attributes":{"SystemTime":"2013-10-23T16:47:31.473500Z"},"EventRecordID":808,"Correlation":null,"Execution_attributes":{"ProcessID":916,"ThreadID":1220},"Channel":"System","Computer":"IE8Win7","Security_attributes":{"UserID":"S-1-5-18"}},"EventData":{"schedinstalldate":"‎Thursday, ‎October ‎24, ‎2013","schedinstalltime":"3:00 AM","updatelist":"\n- Update for Windows 7 (KB2502285)\n- Security Update for Windows 7 (KB2790113)\n- Security Update for Microsoft .NET Framework 3.5.1 on Windows 7 x86 (KB2604114)\n- Update for Windows 7 (KB2779562)\n- Update for Windows 7 (KB2387530)\n- Security Update for Microsoft .NET Framework 3.5.1 on Windows 7 x86 (KB2756920)\n- Update for Windows 7 (KB2541014)\n- Update for Windows 7 (KB2533552)\n- Security Update for Windows 7 (KB2691442)\n- Update for Windows 7 (KB971033)\n- Security Update for Windows 7 (KB979688)\n- Update for Windows 7 (KB979538)\n- Security Update for Windows 7 (KB2511455)\n- Security Update for Windows 7 (KB2506212)\n- Security Update for Windows 7 (KB979309)\n- Update for Windows 7 (KB2748349)\n- Security Update for Windows 7 (KB2658846)\n- Update for Rights Management Services Client for Windows 7 (KB979099)\n- Update for Windows 7 (KB2640148)\n- Security Update for Windows 7 (KB2442962)\n- Security Update for Windows 7 (KB2281679)\n- Security Update for Windows 7 (KB2712808)\n- Update fo"}}}
{"Event_attributes":{"xmlns":"http://schemas.microsoft.com/win/2004/08/events/event"},"Event":{"System":{"Provider_attributes":{"Name":"Microsoft-Windows-WindowsUpdateClient","Guid":"945A8954-C147-4ACD-923F-40C45405A658"},"EventID":18,"Version":0,"Level":4,"Task":2,"Opcode":12,"Keywords":"0x8000000000000014","TimeCreated_attributes":{"SystemTime":"2013-10-23T16:47:40.067250Z"},"EventRecordID":809,"Correlation":null,"Execution_attributes":{"ProcessID":916,"ThreadID":1220},"Channel":"System","Computer":"IE8Win7","Security_attributes":{"UserID":"S-1-5-18"}},"EventData":{"schedinstalldate":"‎Thursday, ‎October ‎24, ‎2013","schedinstalltime":"3:00 AM","updatelist":"\n- Update for Windows 7 (KB2502285)\n- Security Update for Windows 7 (KB2790113)\n- Security Update for Microsoft .NET Framework 3.5.1 on Windows 7 x86 (KB2604114)\n- Update for Windows 7 (KB2779562)\n- Update for Windows 7 (KB2387530)\n- Security Update for Microsoft .NET Framework 3.5.1 on Windows 7 x86 (KB2756920)\n- Update for Windows 7 (KB2541014)\n- Update for Windows 7 (KB2533552)\n- Security Update for Windows 7 (KB2691442)\n- Update for Windows 7 (KB971033)\n- Security Update for Windows 7 (KB979688)\n- Update for Windows 7 (KB979538)\n- Security Update for Windows 7 (KB2511455)\n- Security Update for Windows 7 (KB2506212)\n- Security Update for Windows 7 (KB979309)\n- Update for Windows 7 (KB2748349)\n- Security Update for Windows 7 (KB2658846)\n- Update for Rights Management Services Client for Windows 7 (KB979099)\n- Update for Windows 7 (KB2640148)\n- Security Update for Windows 7 (KB2442962)\n- Security Update for Windows 7 (KB2281679)\n- Security Update for Windows 7 (KB2712808)\n- Update fo"}}}
{"Event_attributes":{"xmlns":"http://schemas.microsoft.com/win/2004/08/events/event"},"Event":{"System":{"Provider_attributes":{"Name":"Microsoft-Windows-WindowsUpdateClient","Guid":"945A8954-C147-4ACD-923F-40C45405A658"},"EventID":18,"Version":0,"Level":4,"Task":2,"Opcode":12,"Keywords":"0x8000000000000014","TimeCreated_attributes":{"SystemTime":"2013-10-23T16:47:48.754750Z"},"EventRecordID":810,"Correlation":null,"Execution_attributes":{"ProcessID":916,"ThreadID":1220},"Channel":"System","Computer":"IE8Win7","Security_attributes":{"UserID":"S-1-5-18"}},"EventData":{"schedinstalldate":"‎Thursday, ‎October ‎24, ‎2013","schedinstalltime":"3:00 AM","updatelist":"\n- Update for Windows 7 (KB2502285)\n- Security Update for Windows 7 (KB2790113)\n- Security Update for Microsoft .NET Framework 3.5.1 on Windows 7 x86 (KB2604114)\n- Update for Windows 7 (KB2779562)\n- Update for Windows 7 (KB2387530)\n- Security Update for Microsoft .NET Framework 3.5.1 on Windows 7 x86 (KB2756920)\n- Update for Windows 7 (KB2541014)\n- Update for Windows 7 (KB2533552)\n- Security Update for Windows 7 (KB2691442)\n- Update for Windows 7 (KB971033)\n- Security Update for Windows 7 (KB979688)\n- Update for Windows 7 (KB979538)\n- Security Update for Windows 7 (KB2511455)\n- Security Update for Windows 7 (KB2506212)\n- Security Update for Windows 7 (KB979309)\n- Update for Windows 7 (KB2748349)\n- Security Update for Windows 7 (KB2658846)\n- Update for Rights Management Services Client for Windows 7 (KB979099)\n- Update for Windows 7 (KB2640148)\n- Security Update for Windows 7 (KB2442962)\n- Security Update for Windows 7 (KB2281679)\n- Security Update for Windows 7 (KB2712808)\n- Update fo"}}}
{"Event_attributes":{"xmlns":"http://schemas.microsoft.com/win/2004/08/events/event"},"Event":{"System":{"Provider_attributes":{"Name":"Microsoft-Windows-WindowsUpdateClient","Guid":"945A8954-C147-4ACD-923F-40C45405A658"},"EventID":18,"Version":0,"Level":4,"Task":2,"Opcode":12,"Keywords":"0x8000000000000014","TimeCreated_attributes":{"SystemTime":"2013-10-23T16:47:59.661000Z"},"EventRecordID":811,"Correlation":null,"Execution_attributes":{"ProcessID":916,"ThreadID":1220},"Channel":"System","Computer":"IE8Win7","Security_attributes":{"UserID":"S-1-5-18"}},"EventData":{"schedinstalldate":"‎Thursday, ‎October ‎24, ‎2013","schedinstalltime":"3:00 AM","updatelist":"\n- Update for Windows 7 (KB2502285)\n- Security Update for Windows 7 (KB2790113)\n- Security Update for Microsoft .NET Framework 3.5.1 on Windows 7 x86 (KB2604114)\n- Update for Windows 7 (KB2779562)\n- Update for Windows 7 (KB2387530)\n- Security Update for Microsoft .NET Framework 3.5.1 on Windows 7 x86 (KB2756920)\n- Update for Windows 7 (KB2541014)\n- Update for Windows 7 (KB2533552)\n- Security Update for Windows 7 (KB2691442)\n- Update for Windows 7 (KB971033)\n- Security Update for Windows 7 (KB979688)\n- Update for Windows 7 (KB979538)\n- Security Update for Windows 7 (KB2511455)\n- Security Update for Windows 7 (KB2506212)\n- Security Update for Windows 7 (KB979309)\n- Update for Windows 7 (KB2748349)\n- Security Update for Windows 7 (KB2658846)\n- Update for Rights Management Services Client for Windows 7 (KB979099)\n- Update for Windows 7 (KB2640148)\n- Security Update for Windows 7 (KB2442962)\n- Security Update for Windows 7 (KB2281679)\n- Security Update for Windows 7 (KB2712808)\n- Update fo"}}}
{"Event_attributes":{"xmlns":"http://schemas.microsoft.com/win/2004/08/events/event"},"Event":{"System":{"Provider_attributes":{"Name":"Microsoft-Windows-WindowsUpdateClient","Guid":"945A8954-C147-4ACD-923F-40C45405A658"},"EventID":18,"Version":0,"Level":4,"Task":2,"Opcode":12,"Keywords":"0x8000000000000014","TimeCreated_attributes":{"SystemTime":"2013-10-23T16:47:59.661000Z"},"EventRecordID":812,"Correlation":null,"Execution_attributes":{"ProcessID":916,"ThreadID":1220},"Channel":"System","Computer":"IE8Win7","Security_attributes":{"UserID":"S-1-5-18"}},"EventData":{"schedinstalldate":"‎Thursday, ‎October ‎24, ‎2013","schedinstalltime":"3:00 AM","updatelist":"\n- Update for Windows 7 (KB2502285)\n- Security Update for Windows 7 (KB2790113)\n- Security Update for Microsoft .NET Framework 3.5.1 on Windows 7 x86 (KB2604114)\n- Update for Windows 7 (KB2779562)\n- Update for Windows 7 (KB2387530)\n- Security Update for Microsoft .NET Framework 3.5.1 on Windows 7 x86 (KB2756920)\n- Update for Windows 7 (KB2541014)\n- Update for Windows 7 (KB2533552)\n- Security Update for Windows 7 (KB2691442)\n- Update for Windows 7 (KB971033)\n- Security Update for Windows 7 (KB979688)\n- Update for Windows 7 (KB979538)\n- Security Update for Windows 7 (KB2511455)\n- Security Update for Windows 7 (KB2506212)\n- Security Update for Windows 7 (KB979309)\n- Update for Windows 7 (KB2748349)\n- Security Update for Windows 7 (KB2658846)\n- Update for Rights Management Services Client for Windows 7 (KB979099)\n- Update for Windows 7 (KB2640148)\n- Security Update for Windows 7 (KB2442962)\n- Security Update for Windows 7 (KB2281679)\n- Security Update for Windows 7 (KB2712808)\n- Update fo"}}}
{"Event_attributes":{"xmlns":"http://schemas.microsoft.com/win/2004/08/events/event"},"Event":{"System":{"Provider_attributes":{"Name":"Service Control Manager","Guid":"{555908d1-a6d7-4695-8e1e-26931d2012f4}","EventSourceName":"Service Control Manager"},"EventID_attributes":{"Qualifiers":16384},"EventID":7036,"Version":0,"Level":4,"Task":0,"Opcode":0,"Keywords":"0x8080000000000000","TimeCreated_attributes":{"SystemTime":"2013-10-23T16:48:19.911000Z"},"EventRecordID":813,"Correlation":null,"Execution_attributes":{"ProcessID":492,"ThreadID":1724},"Channel":"System","Computer":"IE8Win7","Security":null},"EventData":{"param1":"Volume Shadow Copy","param2":"running","Binary":"5600530053002F0034000000"}}}
{"Event_attributes":{"xmlns":"http://schemas.microsoft.com/win/2004/08/events/event"},"Event":{"System":{"Provider_attributes":{"Name":"Service Control Manager","Guid":"{555908d1-a6d7-4695-8e1e-26931d2012f4}","EventSourceName":"Service Control Manager"},"EventID_attributes":{"Qualifiers":16384},"EventID":7036,"Version":0,"Level":4,"Task":0,"Opcode":0,"Keywords":"0x8080000000000000","TimeCreated_attributes":{"SystemTime":"2013-10-23T16:48:21.145375Z"},"EventRecordID":814,"Correlation":null,"Execution_attributes":{"ProcessID":492,"ThreadID":1724},"Channel":"System","Computer":"IE8Win7","Security":null},"EventData":{"param1":"Microsoft Software Shadow Copy Provider","param2":"running","Binary":"730077007000720076002F0034000000"}}}
{"Event_attributes":{"xmlns":"http://schemas.microsoft.com/win/2004/08/events/event"},"Event":{"System":{"Provider_attributes":{"Name":"Microsoft-Windows-UserPnp","Guid":"96F4A050-7E31-453C-88BE-9634F4E02139"},"EventID":20001,"Version":0,"Level":4,"Task":7005,"Opcode":0,"Keywords":"0x8000000000000000","TimeCreated_attributes":{"SystemTime":"2013-10-23T16:48:36.520375Z"},"EventRecordID":815,"Correlation":null,"Execution_attributes":{"ProcessID":2136,"ThreadID":2156},"Channel":"System","Computer":"IE8Win7","Security_attributes":{"UserID":"S-1-5-18"}},"UserData":{"InstallDeviceID_attributes":{"xmlns:auto-ns2":"http://schemas.microsoft.com/win/2004/08/events","xmlns":"http://manifests.microsoft.com/win/2004/08/windows/userpnp"},"InstallDeviceID":{"DriverName":"FileRepository\\volsnap.inf_x86_neutral_42f862e05fcb0306\\volsnap.inf","DriverVersion":"6.1.7600.16385","DriverProvider":"Microsoft","DeviceInstanceID":"STORAGE\\VOLUMESNAPSHOT\\HARDDISKVOLUMESNAPSHOT3","SetupClass":"533C5B84-EC70-11D2-9505-00C04F79DEAF","RebootOption":false,"UpgradeDevice":false,"IsDriverOEM":false,"InstallStatus":"0x0","DriverDescription":"Generic volume shadow copy"}}}}
{"Event_attributes":{"xmlns":"http://schemas.microsoft.com/win/2004/08/events/event"},"Event":{"System":{"Provider_attributes":{"Name":"Service Control Manager","Guid":"{555908d1-a6d7-4695-8e1e-26931d2012f4}","EventSourceName":"Service Control Manager"},"EventID_attributes":{"Qualifiers":16384},"EventID":7040,"Version":0,"Level":4,"Task":0,"Opcode":0,"Keywords":"0x8080000000000000","TimeCreated_attributes":{"SystemTime":"2013-10-23T16:48:44.567250Z"},"EventRecordID":816,"Correlation":null,"Execution_attributes":{"ProcessID":492,"ThreadID":1724},"Channel":"System","Computer":"IE8Win7","Security_attributes":{"UserID":"S-1-5-18"}},"EventData":{"param1":"Windows Modules Installer","param2":"demand start","param3":"auto start","param4":"TrustedInstaller"}}}
{"Event_attributes":{"xmlns":"http://schemas.microsoft.com/win/2004/08/events/event"},"Event":{"System":{"Provider_attributes":{"Name":"Service Control Manager","Guid":"{555908d1-a6d7-4695-8e1e-26931d2012f4}","EventSourceName":"Service Control Manager"},"EventID_attributes":{"Qualifiers":16384},"EventID":7036,"Version":0,"Level":4,"Task":0,"Opcode":0,"Keywords":"0x8080000000000000","TimeCreated_attributes":{"SystemTime":"2013-10-23T16:49:07.051625Z"},"EventRecordID":817,"Correlation":null,"Execution_attributes":{"ProcessID":492,"ThreadID":1724},"Channel":"System","Computer":"IE8Win7","Security":null},"EventData":{"param1":"SPP Notification Service","param2":"running","Binary":"730070007000750069006E006F0074006900660079002F0034000000"}}}
{"Event_attributes":{"xmlns":"http://schemas.microsoft.com/win/2004/08/events/event"},"Event":{"System":{"Provider_attributes":{"Name":"Service Control Manager","Guid":"{555908d1-a6d7-4695-8e1e-26931d2012f4}","EventSourceName":"Service Control Manager"},"EventID_attributes":{"Qualifiers":16384},"EventID":7036,"Version":0,"Level":4,"Task":0,"Opcode":0,"Keywords":"0x8080000000000000","TimeCreated_attributes":{"SystemTime":"2013-10-23T16:52:15.567250Z"},"EventRecordID":818,"Correlation":null,"Execution_attributes":{"ProcessID":492,"ThreadID":3276},"Channel":"System","Computer":"IE8Win7","Security":null},"EventData":{"param1":"Application Experience","param2":"running","Binary":"410065004C006F006F006B00750070005300760063002F0034000000"}}}
{"Event_attributes":{"xmlns":"http://schemas.microsoft.com/win/2004/08/events/event"},"Event":{"System":{"Provider_attributes":{"Name":"Service Control Manager","Guid":"{555908d1-a6d7-4695-8e1e-26931d2012f4}","EventSourceName":"Service Control Manager"},"EventID_attributes":{"Qualifiers":16384},"EventID":7040,"Version":0,"Level":4,"Task":0,"Opcode":0,"Keywords":"0x8080000000000000","TimeCreated_attributes":{"SystemTime":"2013-10-23T16:58:05.254750Z"},"EventRecordID":819,"Correlation":null,"Execution_attributes":{"ProcessID":492,"ThreadID":2512},"Channel":"System","Computer":"IE8Win7","Security_attributes":{"UserID":"S-1-5-18"}},"EventData":{"param1":"Microsoft .NET Framework NGEN v2.0.50727_X86","param2":"auto start","param3":"demand start","param4":"clr_optimization_v2.0.50727_32"}}}
{"Event_attributes":{"xmlns":"http://schemas.microsoft.com/win/2004/08/events/event"},"Event":{"System":{"Provider_attributes":{"Name":"Service Control Manager","Guid":"{555908d1-a6d7-4695-8e1e-26931d2012f4}","EventSourceName":"Service Control Manager"},"EventID_attributes":{"Qualifiers":16384},"EventID":7036,"Version":0,"Level":4,"Task":0,"Opcode":0,"Keywords":"0x8080000000000000","TimeCreated_attributes":{"SystemTime":"2013-10-23T16:58:05.520375Z"},"EventRecordID":820,"Correlation":null,"Execution_attributes":{"ProcessID":492,"ThreadID":2512},"Channel":"System","Computer":"IE8Win7","Security":null},"EventData":{"param1":"Microsoft .NET Framework NGEN v2.0.50727_X86","param2":"stopped","Binary":"63006C0072005F006F007000740069006D0069007A006100740069006F006E005F00760032002E0030002E00350030003700320037005F00330032002F0031000000"}}}
{"Event_attributes":{"xmlns":"http://schemas.microsoft.com/win/2004/08/events/event"},"Event":{"System":{"Provider_attributes":{"Name":"Service Control Manager","Guid":"{555908d1-a6d7-4695-8e1e-26931d2012f4}","EventSourceName":"Service Control Manager"},"EventID_attributes":{"Qualifiers":16384},"EventID":7036,"Version":0,"Level":4,"Task":0,"Opcode":0,"Keywords":"0x8080000000000000","TimeCreated_attributes":{"SystemTime":"2013-10-23T17:01:37.379750Z"},"EventRecordID":821,"Correlation":null,"Execution_attributes":{"ProcessID":492,"ThreadID":3632},"Channel":"System","Computer":"IE8Win7","Security":null},"EventData":{"param1":"Diagnostic System Host","param2":"stopped","Binary":"570064006900530079007300740065006D0048006F00730074002F0031000000"}}}
{"Event_attributes":{"xmlns":"http://schemas.microsoft.com/win/2004/08/events/event"},"Event":{"System":{"Provider_attributes":{"Name":"Service Control Manager","Guid":"{555908d1-a6d7-4695-8e1e-26931d2012f4}","EventSourceName":"Service Control Manager"},"EventID_attributes":{"Qualifiers":16384},"EventID":7036,"Version":0,"Level":4,"Task":0,"Opcode":0,"Keywords":"0x8080000000000000","TimeCreated_attributes":{"SystemTime":"2013-10-23T17:01:38.114125Z"},"EventRecordID":822,"Correlation":null,"Execution_attributes":{"ProcessID":492,"ThreadID":3632},"Channel":"System","Computer":"IE8Win7","Security":null},"EventData":{"param1":"Diagnostic System Host","param2":"running","Binary":"570064006900530079007300740065006D0048006F00730074002F0034000000"}}}
{"Event_attributes":{"xmlns":"http://schemas.microsoft.com/win/2004/08/events/event"},"Event":{"System":{"Provider_attributes":{"Name":"Service Control Manager","Guid":"{555908d1-a6d7-4695-8e1e-26931d2012f4}","EventSourceName":"Service Control Manager"},"EventID_attributes":{"Qualifiers":16384},"EventID":7036,"Version":0,"Level":4,"Task":0,"Opcode":0,"Keywords":"0x8080000000000000","TimeCreated_attributes":{"SystemTime":"2013-10-23T17:01:47.067250Z"},"EventRecordID":823,"Correlation":null,"Execution_attributes":{"ProcessID":492,"ThreadID":2512},"Channel":"System","Computer":"IE8Win7","Security":null},"EventData":{"param1":"WinHTTP Web Proxy Auto-Discovery Service","param2":"running","Binary":"570069006E0048007400740070004100750074006F00500072006F00780079005300760063002F0034000000"}}}
{"Event_attributes":{"xmlns":"http://schemas.microsoft.com/win/2004/08/events/event"},"Event":{"System":{"Provider_attributes":{"Name":"Microsoft-Windows-WindowsUpdateClient","Guid":"945A8954-C147-4ACD-923F-40C45405A658"},"EventID":19,"Version":0,"Level":4,"Task":1,"Opcode":13,"Keywords":"0x8000000000000018","TimeCreated_attributes":{"SystemTime":"2013-10-23T17:05:04.489125Z"},"EventRecordID":824,"Correlation":null,"Execution_attributes":{"ProcessID":916,"ThreadID":1220},"Channel":"System","Computer":"IE8Win7","Security_attributes":{"UserID":"S-1-5-18"}},"EventData":{"updateTitle":"Windows Malicious Software Removal Tool - October 2013 (KB890830)","updateGuid":"ADD7EA85-E4F1-4641-B35D-BD7E999E1EE1","updateRevisionNumber":200}}}
{"Event_attributes":{"xmlns":"http://schemas.microsoft.com/win/2004/08/events/event"},"Event":{"System":{"Provider_attributes":{"Name":"Service Control Manager","Guid":"{555908d1-a6d7-4695-8e1e-26931d2012f4}","EventSourceName":"Service Control Manager"},"EventID_attributes":{"Qualifiers":16384},"EventID":7036,"Version":0,"Level":4,"Task":0,"Opcode":0,"Keywords":"0x8080000000000000","TimeCreated_attributes":{"SystemTime":"2013-10-23T17:13:28.489125Z"},"EventRecordID":825,"Correlation":null,"Execution_attributes":{"ProcessID":492,"ThreadID":148},"Channel":"System","Computer":"IE8Win7","Security":null},"EventData":{"param1":"Application Experience","param2":"stopped","Binary":"410065004C006F006F006B00750070005300760063002F0031000000"}}}
{"Event_attributes":{"xmlns":"http://schemas.microsoft.com/win/2004/08/events/event"},"Event":{"System":{"Provider_attributes":{"Name":"Service Control Manager","Guid":"{555908d1-a6d7-4695-8e1e-26931d2012f4}","EventSourceName":"Service Control Manager"},"EventID_attributes":{"Qualifiers":16384},"EventID":7036,"Version":0,"Level":4,"Task":0,"Opcode":0,"Keywords":"0x8080000000000000","TimeCreated_attributes":{"SystemTime":"2013-10-23T17:18:17.426625Z"},"EventRecordID":826,"Correlation":null,"Execution_attributes":{"ProcessID":492,"ThreadID":1012},"Channel":"System","Computer":"IE8Win7","Security":null},"EventData":{"param1":"WinHTTP Web Proxy Auto-Discovery Service","param2":"stopped","Binary":"570069006E0048007400740070004100750074006F00500072006F00780079005300760063002F0031000000"}}}
{"Event_attributes":{"xmlns":"http://schemas.microsoft.com/win/2004/08/events/event"},"Event":{"System":{"Provider_attributes":{"Name":"Service Control Manager","Guid":"{555908d1-a6d7-4695-8e1e-26931d2012f4}","EventSourceName":"Service Control Manager"},"EventID_attributes":{"Qualifiers":16384},"EventID":7036,"Version":0,"Level":4,"Task":0,"Opcode":0,"Keywords":"0x8080000000000000","TimeCreated_attributes":{"SystemTime":"2013-10-23T17:21:37.207875Z"},"EventRecordID":827,"Correlation":null,"Execution_attributes":{"ProcessID":492,"ThreadID":1012},"Channel":"System","Computer":"IE8Win7","Security":null},"EventData":{"param1":"DNS Client","param2":"stopped","Binary":"44006E007300630061006300680065002F0031000000"}}}
{"Event_attributes":{"xmlns":"http://schemas.microsoft.com/win/2004/08/events/event"},"Event":{"System":{"Provider_attributes":{"Name":"USER32"},"EventID_attributes":{"Qualifiers":32768},"EventID":1074,"Level":4,"Task":0,"Keywords":"0x80000000000000","TimeCreated_attributes":{"SystemTime":"2013-10-23T17:26:35.000000Z"},"EventRecordID":828,"Channel":"System","Computer":"IE8Win7","Security_attributes":{"UserID":"S-1-5-21-3463664321-2923530833-3546627382-1000"}},"EventData":{"Data":{"#text":["Explorer.EXE","IE8Win7","Operating System: Recovery (Planned)","0x80020002","restart","","IE8Win7\\IEUser"]},"Binary":"0200028000000000000000000000000000000000000000000000000000000000"}}}
{"Event_attributes":{"xmlns":"http://schemas.microsoft.com/win/2004/08/events/event"},"Event":{"System":{"Provider_attributes":{"Name":"Service Control Manager","Guid":"{555908d1-a6d7-4695-8e1e-26931d2012f4}","EventSourceName":"Service Control Manager"},"EventID_attributes":{"Qualifiers":16384},"EventID":7036,"Version":0,"Level":4,"Task":0,"Opcode":0,"Keywords":"0x8080000000000000","TimeCreated_attributes":{"SystemTime":"2013-10-23T17:26:50.020375Z"},"EventRecordID":829,"Correlation":null,"Execution_attributes":{"ProcessID":492,"ThreadID":596},"Channel":"System","Computer":"IE8Win7","Security":null},"EventData":{"param1":"Windows Error Reporting Service","param2":"running","Binary":"5700650072005300760063002F0034000000"}}}
{"Event_attributes":{"xmlns":"http://schemas.microsoft.com/win/2004/08/events/event"},"Event":{"System":{"Provider_attributes":{"Name":"USER32"},"EventID_attributes":{"Qualifiers":32768},"EventID":1074,"Level":4,"Task":0,"Keywords":"0x80000000000000","TimeCreated_attributes":{"SystemTime":"2013-10-23T17:27:31.000000Z"},"EventRecordID":830,"Channel":"System","Computer":"IE8Win7","Security_attributes":{"UserID":"S-1-5-21-3463664321-2923530833-3546627382-1000"}},"EventData":{"Data":{"#text":["C:\\Windows\\system32\\winlogon.exe (WIN-QALA5Q3KJ43)","IE8Win7","No title for this reason could be found","0x500ff","restart","","IE8Win7\\IEUser"]},"Binary":"FF00050000000000000000000000000000000000000000000000000000000000"}}}
{"Event_attributes":{"xmlns":"http://schemas.microsoft.com/win/2004/08/events/event"},"Event":{"System":{"Provider_attributes":{"Name":"Microsoft-Windows-Winlogon","Guid":"DBE9B383-7CF3-4331-91CC-A3CB16A3B538"},"EventID":7002,"Version":0,"Level":4,"Task":1102,"Opcode":0,"Keywords":"0x2000000000000000","TimeCreated_attributes":{"SystemTime":"2013-10-23T17:27:32.098500Z"},"EventRecordID":831,"Correlation_attributes":{"ActivityID":"2698178D-FDAD-40AE-9D3C-1371703ADC5B"},"Execution_attributes":{"ProcessID":432,"ThreadID":1300},"Channel":"System","Computer":"IE8Win7","Security_attributes":{"UserID":"S-1-5-18"}},"EventData":{"TSId":1,"UserSid":"S-1-5-21-3463664321-2923530833-3546627382-1000"}}}
{"Event_attributes":{"xmlns":"http://schemas.microsoft.com/win/2004/08/events/event"},"Event":{"System":{"Provider_attributes":{"Name":"Microsoft-Windows-WindowsUpdateClient","Guid":"945A8954-C147-4ACD-923F-40C45405A658"},"EventID":21,"Version":0,"Level":4,"Task":2,"Opcode":15,"Keywords":"0x8000000000000040","TimeCreated_attributes":{"SystemTime":"2013-10-23T17:27:37.645375Z"},"EventRecordID":832,"Correlation":null,"Execution_attributes":{"ProcessID":916,"ThreadID":700},"Channel":"System","Computer":"IE8Win7","Security_attributes":{"UserID":"S-1-5-18"}},"UserData":{"updatelist_attributes":{"xmlns:auto-ns3":"http://schemas.microsoft.com/win/2004/08/events","xmlns":"http://manifests.microsoft.com/win/2004/08/windows/eventlog"},"updatelist":"\n- Update for Windows 7 (KB2502285)\n- Security Update for Windows 7 (KB2790113)\n- Security Update for Microsoft .NET Framework 3.5.1 on Windows 7 x86 (KB2604114)\n- Update for Windows 7 (KB2779562)\n- Update for Windows 7 (KB2387530)\n- Security Update for Microsoft .NET Framework 3.5.1 on Windows 7 x86 (KB2756920)\n- Update for Windows 7 (KB2541014)\n- Update for Windows 7 (KB2533552)\n- Security Update for Windows 7 (KB2691442)\n- Security Update for Windows 7 (KB979688)\n- Update for Windows 7 (KB979538)\n- Security Update for Windows 7 (KB2511455)\n- Security Update for Windows 7 (KB2506212)\n- Security Update for Windows 7 (KB979309)\n- Update for Windows 7 (KB2748349)\n- Security Update for Windows 7 (KB2658846)\n- Update for Rights Management Services Client for Windows 7 (KB979099)\n- Update for Windows 7 (KB2640148)\n- Security Update for Windows 7 (KB2442962)\n- Security Update for Windows 7 (KB2281679)\n- Security Update for Windows 7 (KB2712808)\n- Update for Windows 7 (KB2467023)\n- Update f"}}}
{"Event_attributes":{"xmlns":"http://schemas.microsoft.com/win/2004/08/events/event"},"Event":{"System":{"Provider_attributes":{"Name":"Microsoft-Windows-WindowsUpdateClient","Guid":"945A8954-C147-4ACD-923F-40C45405A658"},"EventID":27,"Version":0,"Level":4,"Task":1,"Opcode":16,"Keywords":"0x8000000000000080","TimeCreated_attributes":{"SystemTime":"2013-10-23T17:27:37.707875Z"},"EventRecordID":833,"Correlation":null,"Execution_attributes":{"ProcessID":916,"ThreadID":700},"Channel":"System","Computer":"IE8Win7","Security_attributes":{"UserID":"S-1-5-18"}},"EventData":null}}
{"Event_attributes":{"xmlns":"http://schemas.microsoft.com/win/2004/08/events/event"},"Event":{"System":{"Provider_attributes":{"Name":"Service Control Manager","Guid":"{555908d1-a6d7-4695-8e1e-26931d2012f4}","EventSourceName":"Service Control Manager"},"EventID_attributes":{"Qualifiers":16384},"EventID":7036,"Version":0,"Level":4,"Task":0,"Opcode":0,"Keywords":"0x8080000000000000","TimeCreated_attributes":{"SystemTime":"2013-10-23T17:28:22.395375Z"},"EventRecordID":834,"Correlation":null,"Execution_attributes":{"ProcessID":492,"ThreadID":1120},"Channel":"System","Computer":"IE8Win7","Security":null},"EventData":{"param1":"Windows Update","param2":"stopped","Binary":"770075006100750073006500720076002F0031000000"}}}
{"Event_attributes":{"xmlns":"http://schemas.microsoft.com/win/2004/08/events/event"},"Event":{"System":{"Provider_attributes":{"Name":"Service Control Manager","Guid":"{555908d1-a6d7-4695-8e1e-26931d2012f4}","EventSourceName":"Service Control Manager"},"EventID_attributes":{"Qualifiers":16384},"EventID":7036,"Version":0,"Level":4,"Task":0,"Opcode":0,"Keywords":"0x8080000000000000","TimeCreated_attributes":{"SystemTime":"2013-10-23T17:28:24.004750Z"},"EventRecordID":835,"Correlation":null,"Execution_attributes":{"ProcessID":492,"ThreadID":1120},"Channel":"System","Computer":"IE8Win7","Security":null},"EventData":{"param1":"Group Policy Client","param2":"stopped","Binary":"670070007300760063002F0031000000"}}}
{"Event_attributes":{"xmlns":"http://schemas.microsoft.com/win/2004/08/events/event"},"Event":{"System":{"Provider_attributes":{"Name":"Microsoft-Windows-UserPnp","Guid":"96F4A050-7E31-453C-88BE-9634F4E02139"},"EventID":20010,"Version":0,"Level":4,"Task":7010,"Opcode":0,"Keywords":"0x8000000000000000","TimeCreated_attributes":{"SystemTime":"2013-10-23T17:28:27.082875Z"},"EventRecordID":836,"Correlation":null,"Execution_attributes":{"ProcessID":612,"ThreadID":1608},"Channel":"System","Computer":"IE8Win7","Security_attributes":{"UserID":"S-1-5-18"}},"UserData":{"INFO_PNP_STATE_attributes":{"xmlns:auto-ns2":"http://schemas.microsoft.com/win/2004/08/events","xmlns":"http://manifests.microsoft.com/win/2004/08/windows/userpnp"},"INFO_PNP_STATE":{"InstallSubsystemState":false,"CachingSubsystemState":true}}}}
{"Event_attributes":{"xmlns":"http://schemas.microsoft.com/win/2004/08/events/event"},"Event":{"System":{"Provider_attributes":{"Name":"Service Control Manager","Guid":"{555908d1-a6d7-4695-8e1e-26931d2012f4}","EventSourceName":"Service Control Manager"},"EventID_attributes":{"Qualifiers":16384},"EventID":7036,"Version":0,"Level":4,"Task":0,"Opcode":0,"Keywords":"0x8080000000000000","TimeCreated_attributes":{"SystemTime":"2013-10-23T17:28:50.020375Z"},"EventRecordID":837,"Correlation":null,"Execution_attributes":{"ProcessID":492,"ThreadID":596},"Channel":"System","Computer":"IE8Win7","Security":null},"EventData":{"param1":"Windows Error Reporting Service","param2":"stopped","Binary":"5700650072005300760063002F0031000000"}}}
{"Event_attributes":{"xmlns":"http://schemas.microsoft.com/win/2004/08/events/event"},"Event":{"System":{"Provider_attributes":{"Name":"Service Control Manager","Guid":"{555908d1-a6d7-4695-8e1e-26931d2012f4}","EventSourceName":"Service Control Manager"},"EventID_attributes":{"Qualifiers":16384},"EventID":7036,"Version":0,"Level":4,"Task":0,"Opcode":0,"Keywords":"0x8080000000000000","TimeCreated_attributes":{"SystemTime":"2013-10-23T17:29:30.661000Z"},"EventRecordID":838,"Correlation":null,"Execution_attributes":{"ProcessID":492,"ThreadID":1120},"Channel":"System","Computer":"IE8Win7","Security":null},"EventData":{"param1":"Shell Hardware Detection","param2":"stopped","Binary":"5300680065006C006C004800570044006500740065006300740069006F006E002F0031000000"}}}
{"Event_attributes":{"xmlns":"http://schemas.microsoft.com/win/2004/08/events/event"},"Event":{"System":{"Provider_attributes":{"Name":"Service Control Manager","Guid":"{555908d1-a6d7-4695-8e1e-26931d2012f4}","EventSourceName":"Service Control Manager"},"EventID_attributes":{"Qualifiers":49152},"EventID":7043,"Version":0,"Level":2,"Task":0,"Opcode":0,"Keywords":"0x8080000000000000","TimeCreated_attributes":{"SystemTime":"2013-10-23T17:29:30.926625Z"},"EventRecordID":839,"Correlation":null,"Execution_attributes":{"ProcessID":492,"ThreadID":2040},"Channel":"System","Computer":"IE8Win7","Security":null},"EventData":{"param1":"Windows Modules Installer"}}}
{"Event_attributes":{"xmlns":"http://schemas.microsoft.com/win/2004/08/events/event"},"Event":{"System":{"Provider_attributes":{"Name":"Microsoft-Windows-DHCPv6-Client","Guid":"6A1F2B00-6A90-4C38-95A5-5CAB3B056778"},"EventID":51047,"Version":0,"Level":4,"Task":4,"Opcode":63,"Keywords":"0x2000000000000000","TimeCreated_attributes":{"SystemTime":"2013-10-23T17:29:35.582875Z"},"EventRecordID":840,"Correlation":null,"Execution_attributes":{"ProcessID":952,"ThreadID":1448},"Channel":"System","Computer":"IE8Win7","Security_attributes":{"UserID":"S-1-5-19"}},"EventData":{"DwordVal":1}}}
{"Event_attributes":{"xmlns":"http://schemas.microsoft.com/win/2004/08/events/event"},"Event":{"System":{"Provider_attributes":{"Name":"Microsoft-Windows-Dhcp-Client","Guid":"15A7A4F8-0072-4EAB-ABAD-F98A4D666AED"},"EventID":50037,"Version":0,"Level":4,"Task":4,"Opcode":69,"Keywords":"0x2000000000000000","TimeCreated_attributes":{"SystemTime":"2013-10-23T17:29:35.707875Z"},"EventRecordID":841,"Correlation":null,"Execution_attributes":{"ProcessID":952,"ThreadID":1412},"Channel":"System","Computer":"IE8Win7","Security_attributes":{"UserID":"S-1-5-19"}},"EventData":{"DwordVal":1}}}
{"Event_attributes":{"xmlns":"http://schemas.microsoft.com/win/2004/08/events/event"},"Event":{"System":{"Provider_attributes":{"Name":"Service Control Manager","Guid":"{555908d1-a6d7-4695-8e1e-26931d2012f4}","EventSourceName":"Service Control Manager"},"EventID_attributes":{"Qualifiers":16384},"EventID":7036,"Version":0,"Level":4,"Task":0,"Opcode":0,"Keywords":"0x8080000000000000","TimeCreated_attributes":{"SystemTime":"2013-10-23T17:29:35.926625Z"},"EventRecordID":842,"Correlation":null,"Execution_attributes":{"ProcessID":492,"ThreadID":2040},"Channel":"System","Computer":"IE8Win7","Security":null},"EventData":{"param1":"Power","param2":"stopped","Binary":"50006F007700650072002F0031000000"}}}
{"Event_attributes":{"xmlns":"http://schemas.microsoft.com/win/2004/08/events/event"},"Event":{"System":{"Provider_attributes":{"Name":"Service Control Manager","Guid":"{555908d1-a6d7-4695-8e1e-26931d2012f4}","EventSourceName":"Service Control Manager"},"EventID_attributes":{"Qualifiers":16384},"EventID":7036,"Version":0,"Level":4,"Task":0,"Opcode":0,"Keywords":"0x8080000000000000","TimeCreated_attributes":{"SystemTime":"2013-10-23T17:29:36.114125Z"},"EventRecordID":843,"Correlation":null,"Execution_attributes":{"ProcessID":492,"ThreadID":2040},"Channel":"System","Computer":"IE8Win7","Security":null},"EventData":{"param1":"DHCP Client","param2":"stopped","Binary":"44006800630070002F0031000000"}}}
{"Event_attributes":{"xmlns":"http://schemas.microsoft.com/win/2004/08/events/event"},"Event":{"System":{"Provider_attributes":{"Name":"Service Control Manager","Guid":"{555908d1-a6d7-4695-8e1e-26931d2012f4}","EventSourceName":"Service Control Manager"},"EventID_attributes":{"Qualifiers":16384},"EventID":7036,"Version":0,"Level":4,"Task":0,"Opcode":0,"Keywords":"0x8080000000000000","TimeCreated_attributes":{"SystemTime":"2013-10-23T17:29:36.286000Z"},"EventRecordID":844,"Correlation":null,"Execution_attributes":{"ProcessID":492,"ThreadID":2040},"Channel":"System","Computer":"IE8Win7","Security":null},"EventData":{"param1":"User Profile Service","param2":"stopped","Binary":"500072006F0066005300760063002F0031000000"}}}
{"Event_attributes":{"xmlns":"http://schemas.microsoft.com/win/2004/08/events/event"},"Event":{"System":{"Provider_attributes":{"Name":"Service Control Manager","Guid":"{555908d1-a6d7-4695-8e1e-26931d2012f4}","EventSourceName":"Service Control Manager"},"EventID_attributes":{"Qualifiers":16384},"EventID":7036,"Version":0,"Level":4,"Task":0,"Opcode":0,"Keywords":"0x8080000000000000","TimeCreated_attributes":{"SystemTime":"2013-10-23T17:29:36.520375Z"},"EventRecordID":845,"Correlation":null,"Execution_attributes":{"ProcessID":492,"ThreadID":2040},"Channel":"System","Computer":"IE8Win7","Security":null},"EventData":{"param1":"Diagnostic System Host","param2":"stopped","Binary":"570064006900530079007300740065006D0048006F00730074002F0031000000"}}}
{"Event_attributes":{"xmlns":"http://schemas.microsoft.com/win/2004/08/events/event"},"Event":{"System":{"Provider_attributes":{"Name":"Microsoft-Windows-UserPnp","Guid":"96F4A050-7E31-453C-88BE-9634F4E02139"},"EventID":20010,"Version":0,"Level":4,"Task":7010,"Opcode":0,"Keywords":"0x8000000000000000","TimeCreated_attributes":{"SystemTime":"2013-10-23T17:29:37.207875Z"},"EventRecordID":846,"Correlation":null,"Execution_attributes":{"ProcessID":612,"ThreadID":1608},"Channel":"System","Computer":"IE8Win7","Security_attributes":{"UserID":"S-1-5-18"}},"UserData":{"INFO_PNP_STATE_attributes":{"xmlns:auto-ns2":"http://schemas.microsoft.com/win/2004/08/events","xmlns":"http://manifests.microsoft.com/win/2004/08/windows/userpnp"},"INFO_PNP_STATE":{"InstallSubsystemState":false,"CachingSubsystemState":false}}}}
{"Event_attributes":{"xmlns":"http://schemas.microsoft.com/win/2004/08/events/event"},"Event":{"System":{"Provider_attributes":{"Name":"Service Control Manager","Guid":"{555908d1-a6d7-4695-8e1e-26931d2012f4}","EventSourceName":"Service Control Manager"},"EventID_attributes":{"Qualifiers":16384},"EventID":7036,"Version":0,"Level":4,"Task":0,"Opcode":0,"Keywords":"0x8080000000000000","TimeCreated_attributes":{"SystemTime":"2013-10-23T17:29:37.207875Z"},"EventRecordID":847,"Correlation":null,"Execution_attributes":{"ProcessID":492,"ThreadID":2040},"Channel":"System","Computer":"IE8Win7","Security":null},"EventData":{"param1":"Plug and Play","param2":"stopped","Binary":"50006C007500670050006C00610079002F0031000000"}}}
{"Event_attributes":{"xmlns":"http://schemas.microsoft.com/win/2004/08/events/event"},"Event":{"System":{"Provider_attributes":{"Name":"Service Control Manager","Guid":"{555908d1-a6d7-4695-8e1e-26931d2012f4}","EventSourceName":"Service Control Manager"},"EventID_attributes":{"Qualifiers":16384},"EventID":7036,"Version":0,"Level":4,"Task":0,"Opcode":0,"Keywords":"0x8080000000000000","TimeCreated_attributes":{"SystemTime":"2013-10-23T17:29:37.754750Z"},"EventRecordID":848,"Correlation":null,"Execution_attributes":{"ProcessID":492,"ThreadID":2040},"Channel":"System","Computer":"IE8Win7","Security":null},"EventData":{"param1":"Diagnostic Policy Service","param2":"stopped","Binary":"4400500053002F0031000000"}}}
