{"Event_attributes":{"xmlns":"http://schemas.microsoft.com/win/2004/08/events/event"},"Event":{"System":{"Provider_attributes":{"Name":"Microsoft-Windows-WMI","Guid":"{1edeee53-0afe-4609-b846-d8c0b2075b1f}","EventSourceName":"WinMgmt"},"EventID_attributes":{"Qualifiers":49152},"EventID":5617,"Version":0,"Level":0,"Task":0,"Opcode":0,"Keywords":"0x80000000000000","TimeCreated_attributes":{"SystemTime":"2013-10-23T22:05:57.000000Z"},"EventRecordID":783,"Correlation":null,"Execution_attributes":{"ProcessID":0,"ThreadID":0},"Channel":"Application","Computer":"IE8Win7","Security":null},"EventData":{"Data":{"#text":""},"Binary":null}}}
{"Event_attributes":{"xmlns":"http://schemas.microsoft.com/win/2004/08/events/event"},"Event":{"System":{"Provider_attributes":{"Name":"Microsoft-Windows-Security-SPP","Guid":"{E23B33B0-C8C9-472C-A5F9-F2BDFEA0F156}","EventSourceName":"Software Protection Platform Service"},"EventID_attributes":{"Qualifiers":16384},"EventID":1066,"Version":0,"Level":4,"Task":0,"Opcode":0,"Keywords":"0x80000000000000","TimeCreated_attributes":{"SystemTime":"2013-10-23T22:05:57.000000Z"},"EventRecordID":784,"Correlation":null,"Execution_attributes":{"ProcessID":0,"ThreadID":0},"Channel":"Application","Computer":"IE8Win7","Security":null},"EventData":{"Data":{"#text":"C:\\Windows\\system32\\sppwinob.dll, msft:spp/windowsfunctionality/agent/7.0, 0x00000000, 0x00000000\nC:\\Windows\\system32\\sppobjs.dll, msft:rm/algorithm/phone/1.0, 0x00000000, 0x00000000\nC:\\Windows\\system32\\sppobjs.dll, msft:rm/algorithm/pkey/2005, 0x00000000, 0x00000000\nC:\\Windows\\system32\\sppobjs.dll, msft:spp/TaskScheduler/1.0, 0x00000000, 0x00000000\nC:\\Windows\\system32\\sppobjs.dll, msft:spp/volume/services/kms/1.0, 0x00000000, 0x00000000\nC:\\Windows\\system32\\sppobjs.dll, msft:spp/volume/services/kms/licenserenewal/1.0, 0x00000000, 0x00000000\n"},"Binary":null}}}
{"Event_attributes":{"xmlns":"http://schemas.microsoft.com/win/2004/08/events/event"},"Event":{"System":{"Provider_attributes":{"Name":"Microsoft-Windows-Security-SPP","Guid":"{E23B33B0-C8C9-472C-A5F9-F2BDFEA0F156}","EventSourceName":"Software Protection Platform Service"},"EventID_attributes":{"Qualifiers":16384},"EventID":1003,"Version":0,"Level":4,"Task":0,"Opcode":0,"Keywords":"0x80000000000000","TimeCreated_attributes":{"SystemTime":"2013-10-23T22:05:57.000000Z"},"EventRecordID":785,"Correlation":null,"Execution_attributes":{"ProcessID":0,"ThreadID":0},"Channel":"Application","Computer":"IE8Win7","Security":null},"EventData":{"Data":{"#text":["55c92734-d682-4d71-983e-d6ec3f16059f","\n1: 358fb95b-0090-44fb-883a-75734e060c30, 1, 0 [(0 [0xC004F014, 0, 0], [(?)(?)(?)(?)(?)(?)])(1 )(2 )]\n2: 4f00134f-b514-4626-a74b-a8ec7c8dfe92, 1, 0 [(0 [0xC004F014, 0, 0], [(?)(?)(?)(?)(?)(?)])(1 )(2 )]\n3: 8dffd6e4-0497-4c35-b7d7-e47cf464cf30, 1, 1 [(0 )(1 )(2 [0x00000000, 0, 1], [(?)( 5 0x00000000 10 14280)( 1 0x00000000 0 0 msft:rm/algorithm/flags/1.0 0x00000000 0)(?)(?)(?)])]\n4: 92f9d22a-65f5-49a7-90fe-06491b4fc379, 1, 0 [(0 [0xC004F014, 0, 0], [(?)(?)(?)(?)(?)(?)])(1 )(2 )]\n5: 9abf5984-9c16-46f2-ad1e-7fe15931a8dd, 1, 0 [(0 [0xC004F014, 0, 0], [(?)(?)(?)(?)(?)(?)])(1 )(2 )]\n6: ae2ee509-1b34-41c0-acb7-6d4650168915, 1, 0 [(0 [0xC004F014, 0, 0], [(?)(?)(?)(?)(?)(?)])(1 )(2 )]\n7: b793ff2d-9d80-407c-b521-85111c51028c, 1, 0 [(0 [0xC004F014, 0, 0], [(?)(?)(?)(?)(?)(?)])(1 )(2 )]\n8: cff07cac-7534-4cc3-b3f3-99e1a0aa3c20, 1, 0 [(0 [0xC004F014, 0, 0], [(?)(?)(?)(?)(?)(?)])(1 )(2 )]\n9: d188820a-cb63-4bad-a9a2-40b843ee23b7, 1, 0 [(0 [0xC004F014, 0, 0], [(?)(?)(?)(?)(?)(?)])(1 )(2 )]\n10: 4a8149bb-7d61-49f4-8822-82c7bf88d64b, 1, 0 [(0 [0xC004F014, 0, 0], [(?)(?)(?)(?)(?)(?)])(1 )(2 )]\n11: afd5f68f-b70f-4000-a21d-28dbc8be8b07, 1, 0 [(0 [0xC004F014, 0, 0], [(?)(?)(?)(?)(?)(?)])(1 )(2 )]\n\n"]},"Binary":null}}}
{"Event_attributes":{"xmlns":"http://schemas.microsoft.com/win/2004/08/events/event"},"Event":{"System":{"Provider_attributes":{"Name":"Microsoft-Windows-Security-SPP","Guid":"{E23B33B0-C8C9-472C-A5F9-F2BDFEA0F156}","EventSourceName":"Software Protection Platform Service"},"EventID_attributes":{"Qualifiers":16384},"EventID":902,"Version":0,"Level":0,"Task":0,"Opcode":0,"Keywords":"0x80000000000000","TimeCreated_attributes":{"SystemTime":"2013-10-23T22:05:57.000000Z"},"EventRecordID":786,"Correlation":null,"Execution_attributes":{"ProcessID":0,"ThreadID":0},"Channel":"Application","Computer":"IE8Win7","Security":null},"EventData":{"Data":{"#text":"6.1.7601.17514"},"Binary":null}}}
{"Event_attributes":{"xmlns":"http://schemas.microsoft.com/win/2004/08/events/event"},"Event":{"System":{"Provider_attributes":{"Name":"ESENT"},"EventID_attributes":{"Qualifiers":0},"EventID":102,"Level":4,"Task":1,"Keywords":"0x80000000000000","TimeCreated_attributes":{"SystemTime":"2013-10-23T22:06:36.000000Z"},"EventRecordID":787,"Channel":"Application","Computer":"IE8Win7","Security":null},"EventData":{"Data":{"#text":["Windows","1304","Windows: ","0","6","01","7601","0000"]},"Binary":null}}}
{"Event_attributes":{"xmlns":"http://schemas.microsoft.com/win/2004/08/events/event"},"Event":{"System":{"Provider_attributes":{"Name":"ESENT"},"EventID_attributes":{"Qualifiers":0},"EventID":300,"Level":4,"Task":3,"Keywords":"0x80000000000000","TimeCreated_attributes":{"SystemTime":"2013-10-23T22:06:36.000000Z"},"EventRecordID":788,"Channel":"Application","Computer":"IE8Win7","Security":null},"EventData":{"Data":{"#text":["Windows","1304","Windows: "]},"Binary":null}}}
{"Event_attributes":{"xmlns":"http://schemas.microsoft.com/win/2004/08/events/event"},"Event":{"System":{"Provider_attributes":{"Name":"ESENT"},"EventID_attributes":{"Qualifiers":0},"EventID":301,"Level":4,"Task":3,"Keywords":"0x80000000000000","TimeCreated_attributes":{"SystemTime":"2013-10-23T22:06:36.000000Z"},"EventRecordID":789,"Channel":"Application","Computer":"IE8Win7","Security":null},"EventData":{"Data":{"#text":["Windows","1304","Windows: ","C:\\ProgramData\\Microsoft\\Search\\Data\\Applications\\Windows\\MSS.log"]},"Binary":null}}}
{"Event_attributes":{"xmlns":"http://schemas.microsoft.com/win/2004/08/events/event"},"Event":{"System":{"Provider_attributes":{"Name":"ESENT"},"EventID_attributes":{"Qualifiers":0},"EventID":302,"Level":4,"Task":3,"Keywords":"0x80000000000000","TimeCreated_attributes":{"SystemTime":"2013-10-23T22:06:37.000000Z"},"EventRecordID":790,"Channel":"Application","Computer":"IE8Win7","Security":null},"EventData":{"Data":{"#text":["Windows","1304","Windows: "]},"Binary":null}}}
{"Event_attributes":{"xmlns":"http://schemas.microsoft.com/win/2004/08/events/event"},"Event":{"System":{"Provider_attributes":{"Name":"Microsoft-Windows-Search","Guid":"{CA4E628D-8567-4896-AB6B-835B221F373F}","EventSourceName":"Windows Search Service"},"EventID_attributes":{"Qualifiers":16384},"EventID":1003,"Version":0,"Level":4,"Task":1,"Opcode":0,"Keywords":"0x80000000000000","TimeCreated_attributes":{"SystemTime":"2013-10-23T22:06:38.000000Z"},"EventRecordID":791,"Correlation":null,"Execution_attributes":{"ProcessID":0,"ThreadID":0},"Channel":"Application","Computer":"IE8Win7","Security":null},"EventData":{"ExtraInfo":"\n"}}}
{"Event_attributes":{"xmlns":"http://schemas.microsoft.com/win/2004/08/events/event"},"Event":{"System":{"Provider_attributes":{"Name":"SecurityCenter"},"EventID_attributes":{"Qualifiers":0},"EventID":1,"Level":4,"Task":0,"Keywords":"0x80000000000000","TimeCreated_attributes":{"SystemTime":"2013-10-23T22:08:00.000000Z"},"EventRecordID":792,"Channel":"Application","Computer":"IE8Win7","Security":null},"EventData":{"Data":{"#text":""},"Binary":null}}}
{"Event_attributes":{"xmlns":"http://schemas.microsoft.com/win/2004/08/events/event"},"Event":{"System":{"Provider_attributes":{"Name":"Microsoft-Windows-LoadPerf","Guid":"122EE297-BB47-41AE-B265-1CA8D1886D40"},"EventID":1001,"Version":0,"Level":4,"Task":0,"Opcode":0,"Keywords":"0x8000000000000000","TimeCreated_attributes":{"SystemTime":"2013-10-23T22:09:57.647125Z"},"EventRecordID":793,"Correlation":null,"Execution_attributes":{"ProcessID":3288,"ThreadID":3292},"Channel":"Application","Computer":"IE8Win7","Security_attributes":{"UserID":"S-1-5-18"}},"UserData":{"EventXML_attributes":{"xmlns:auto-ns2":"http://schemas.microsoft.com/win/2004/08/events","xmlns":"LoadPerf"},"EventXML":{"param1":"WmiApRpl","param2":"WmiApRpl","binaryDataSize":12,"binaryData":"D4190000D519000034070000"}}}}
{"Event_attributes":{"xmlns":"http://schemas.microsoft.com/win/2004/08/events/event"},"Event":{"System":{"Provider_attributes":{"Name":"Microsoft-Windows-LoadPerf","Guid":"122EE297-BB47-41AE-B265-1CA8D1886D40"},"EventID":1000,"Version":0,"Level":4,"Task":0,"Opcode":0,"Keywords":"0x8000000000000000","TimeCreated_attributes":{"SystemTime":"2013-10-23T22:09:58.131500Z"},"EventRecordID":794,"Correlation":null,"Execution_attributes":{"ProcessID":3288,"ThreadID":3292},"Channel":"Application","Computer":"IE8Win7","Security_attributes":{"UserID":"S-1-5-18"}},"UserData":{"EventXML_attributes":{"xmlns:auto-ns2":"http://schemas.microsoft.com/win/2004/08/events","xmlns":"LoadPerf"},"EventXML":{"param1":"WmiApRpl","param2":"WmiApRpl","binaryDataSize":16,"binaryData":"D61900007C1A0000D71900007D1A0000"}}}}
{"Event_attributes":{"xmlns":"http://schemas.microsoft.com/win/2004/08/events/event"},"Event":{"System":{"Provider_attributes":{"Name":"Microsoft-Windows-CAPI2","Guid":"{5bbca4a8-b209-48dc-a8c7-b23d3e5216fb}","EventSourceName":"Microsoft-Windows-CAPI2"},"EventID_attributes":{"Qualifiers":0},"EventID":4112,"Version":0,"Level":4,"Task":0,"Opcode":0,"Keywords":"0x8080000000000000","TimeCreated_attributes":{"SystemTime":"2014-11-21T23:35:52.657625Z"},"EventRecordID":795,"Correlation":null,"Execution_attributes":{"ProcessID":1060,"ThreadID":1092},"Channel":"Application","Computer":"IE8Win7","Security":null},"EventData":{"Data":{"#text":"Thursday, July 03, 2014 1:02:52 PM"},"Binary":null}}}
{"Event_attributes":{"xmlns":"http://schemas.microsoft.com/win/2004/08/events/event"},"Event":{"System":{"Provider_attributes":{"Name":"Microsoft-Windows-CAPI2","Guid":"{5bbca4a8-b209-48dc-a8c7-b23d3e5216fb}","EventSourceName":"Microsoft-Windows-CAPI2"},"EventID_attributes":{"Qualifiers":0},"EventID":4111,"Version":0,"Level":4,"Task":0,"Opcode":0,"Keywords":"0x8080000000000000","TimeCreated_attributes":{"SystemTime":"2014-11-21T23:35:53.954500Z"},"EventRecordID":796,"Correlation":null,"Execution_attributes":{"ProcessID":1060,"ThreadID":1092},"Channel":"Application","Computer":"IE8Win7","Security":null},"EventData":{"Data":{"#text":"Friday, September 12, 2014 10:02:51 AM"},"Binary":null}}}
{"Event_attributes":{"xmlns":"http://schemas.microsoft.com/win/2004/08/events/event"},"Event":{"System":{"Provider_attributes":{"Name":"Microsoft-Windows-CAPI2","Guid":"{5bbca4a8-b209-48dc-a8c7-b23d3e5216fb}","EventSourceName":"Microsoft-Windows-CAPI2"},"EventID_attributes":{"Qualifiers":0},"EventID":4097,"Version":0,"Level":4,"Task":0,"Opcode":0,"Keywords":"0x8080000000000000","TimeCreated_attributes":{"SystemTime":"2014-11-21T23:35:55.157625Z"},"EventRecordID":797,"Correlation":null,"Execution_attributes":{"ProcessID":1060,"ThreadID":1092},"Channel":"Application","Computer":"IE8Win7","Security":null},"EventData":{"Data":{"#text":["OU=Equifax Secure Certificate Authority, O=Equifax, C=US","D23209AD23D314232174E40D7F9D62139786633A"]},"Binary":null}}}
{"Event_attributes":{"xmlns":"http://schemas.microsoft.com/win/2004/08/events/event"},"Event":{"System":{"Provider_attributes":{"Name":"Microsoft-Windows-CAPI2","Guid":"{5bbca4a8-b209-48dc-a8c7-b23d3e5216fb}","EventSourceName":"Microsoft-Windows-CAPI2"},"EventID_attributes":{"Qualifiers":0},"EventID":4097,"Version":0,"Level":4,"Task":0,"Opcode":0,"Keywords":"0x8080000000000000","TimeCreated_attributes":{"SystemTime":"2014-11-21T23:35:59.048250Z"},"EventRecordID":798,"Correlation":null,"Execution_attributes":{"ProcessID":1060,"ThreadID":1164},"Channel":"Application","Computer":"IE8Win7","Security":null},"EventData":{"Data":{"#text":["CN=DigiCert High Assurance EV Root CA, OU=www.digicert.com, O=DigiCert Inc, C=US","5FB7EE0633E259DBAD0C4C9AE6D38F1A61C7DC25"]},"Binary":null}}}
{"Event_attributes":{"xmlns":"http://schemas.microsoft.com/win/2004/08/events/event"},"Event":{"System":{"Provider_attributes":{"Name":"Desktop Window Manager"},"EventID_attributes":{"Qualifiers":16384},"EventID":9009,"Level":4,"Task":0,"Keywords":"0x80000000000000","TimeCreated_attributes":{"SystemTime":"2014-11-21T23:40:48.000000Z"},"EventRecordID":799,"Channel":"Application","Computer":"IE8Win7","Security":null},"EventData":{"Data":{"#text":"0x40010004"},"Binary":null}}}
{"Event_attributes":{"xmlns":"http://schemas.microsoft.com/win/2004/08/events/event"},"Event":{"System":{"Provider_attributes":{"Name":"Microsoft-Windows-User Profiles Service","Guid":"89B1E9F0-5AFF-44A6-9B44-0A07A7CE5845"},"EventID":1532,"Version":0,"Level":4,"Task":0,"Opcode":0,"Keywords":"0x8000000000000000","TimeCreated_attributes":{"SystemTime":"2014-11-21T23:41:10.720125Z"},"EventRecordID":800,"Correlation":null,"Execution_attributes":{"ProcessID":864,"ThreadID":944},"Channel":"Application","Computer":"IE8Win7","Security_attributes":{"UserID":"S-1-5-18"}},"EventData":null}}
{"Event_attributes":{"xmlns":"http://schemas.microsoft.com/win/2004/08/events/event"},"Event":{"System":{"Provider_attributes":{"Name":"Microsoft-Windows-EventSystem","Guid":"{899daace-4868-4295-afcd-9eb8fb497561}","EventSourceName":"EventSystem"},"EventID_attributes":{"Qualifiers":16384},"EventID":4625,"Version":0,"Level":4,"Task":0,"Opcode":0,"Keywords":"0x80000000000000","TimeCreated_attributes":{"SystemTime":"2014-11-21T23:42:43.000000Z"},"EventRecordID":801,"Correlation":null,"Execution_attributes":{"ProcessID":0,"ThreadID":0},"Channel":"Application","Computer":"IE8Win7","Security":null},"EventData":{"param1":"86400","param2":"SuppressDuplicateDuration","param3":"Software\\Microsoft\\EventSystem\\EventLog"}}}
{"Event_attributes":{"xmlns":"http://schemas.microsoft.com/win/2004/08/events/event"},"Event":{"System":{"Provider_attributes":{"Name":"Microsoft-Windows-User Profiles Service","Guid":"89B1E9F0-5AFF-44A6-9B44-0A07A7CE5845"},"EventID":1531,"Version":0,"Level":4,"Task":0,"Opcode":0,"Keywords":"0x8000000000000000","TimeCreated_attributes":{"SystemTime":"2014-11-21T23:42:43.531250Z"},"EventRecordID":802,"Correlation":null,"Execution_attributes":{"ProcessID":864,"ThreadID":948},"Channel":"Application","Computer":"IE8Win7","Security_attributes":{"UserID":"S-1-5-18"}},"EventData":null}}
{"Event_attributes":{"xmlns":"http://schemas.microsoft.com/win/2004/08/events/event"},"Event":{"System":{"Provider_attributes":{"Name":"Microsoft-Windows-WMI","Guid":"{1edeee53-0afe-4609-b846-d8c0b2075b1f}","EventSourceName":"WinMgmt"},"EventID_attributes":{"Qualifiers":49152},"EventID":5615,"Version":0,"Level":0,"Task":0,"Opcode":0,"Keywords":"0x80000000000000","TimeCreated_attributes":{"SystemTime":"2014-11-21T23:42:49.000000Z"},"EventRecordID":803,"Correlation":null,"Execution_attributes":{"ProcessID":0,"ThreadID":0},"Channel":"Application","Computer":"IE8Win7","Security":null},"EventData":{"Data":{"#text":""},"Binary":null}}}
{"Event_attributes":{"xmlns":"http://schemas.microsoft.com/win/2004/08/events/event"},"Event":{"System":{"Provider_attributes":{"Name":"Microsoft-Windows-Security-SPP","Guid":"{E23B33B0-C8C9-472C-A5F9-F2BDFEA0F156}","EventSourceName":"Software Protection Platform Service"},"EventID_attributes":{"Qualifiers":16384},"EventID":900,"Version":0,"Level":4,"Task":0,"Opcode":0,"Keywords":"0x80000000000000","TimeCreated_attributes":{"SystemTime":"2014-11-21T23:42:54.000000Z"},"EventRecordID":804,"Correlation":null,"Execution_attributes":{"ProcessID":0,"ThreadID":0},"Channel":"Application","Computer":"IE8Win7","Security":null},"EventData":{"Data":{"#text":""},"Binary":null}}}
{"Event_attributes":{"xmlns":"http://schemas.microsoft.com/win/2004/08/events/event"},"Event":{"System":{"Provider_attributes":{"Name":"Microsoft-Windows-WMI","Guid":"{1edeee53-0afe-4609-b846-d8c0b2075b1f}","EventSourceName":"WinMgmt"},"EventID_attributes":{"Qualifiers":49152},"EventID":5617,"Version":0,"Level":0,"Task":0,"Opcode":0,"Keywords":"0x80000000000000","TimeCreated_attributes":{"SystemTime":"2014-11-21T23:43:03.000000Z"},"EventRecordID":805,"Correlation":null,"Execution_attributes":{"ProcessID":0,"ThreadID":0},"Channel":"Application","Computer":"IE8Win7","Security":null},"EventData":{"Data":{"#text":""},"Binary":null}}}
{"Event_attributes":{"xmlns":"http://schemas.microsoft.com/win/2004/08/events/event"},"Event":{"System":{"Provider_attributes":{"Name":"Microsoft-Windows-Security-SPP","Guid":"{E23B33B0-C8C9-472C-A5F9-F2BDFEA0F156}","EventSourceName":"Software Protection Platform Service"},"EventID_attributes":{"Qualifiers":16384},"EventID":1066,"Version":0,"Level":4,"Task":0,"Opcode":0,"Keywords":"0x80000000000000","TimeCreated_attributes":{"SystemTime":"2014-11-21T23:43:03.000000Z"},"EventRecordID":806,"Correlation":null,"Execution_attributes":{"ProcessID":0,"ThreadID":0},"Channel":"Application","Computer":"IE8Win7","Security":null},"EventData":{"Data":{"#text":"C:\\Windows\\system32\\sppwinob.dll, msft:spp/windowsfunctionality/agent/7.0, 0x00000000, 0x00000000\nC:\\Windows\\system32\\sppobjs.dll, msft:rm/algorithm/phone/1.0, 0x00000000, 0x00000000\nC:\\Windows\\system32\\sppobjs.dll, msft:rm/algorithm/pkey/2005, 0x00000000, 0x00000000\nC:\\Windows\\system32\\sppobjs.dll, msft:spp/TaskScheduler/1.0, 0x00000000, 0x00000000\nC:\\Windows\\system32\\sppobjs.dll, msft:spp/volume/services/kms/1.0, 0x00000000, 0x00000000\nC:\\Windows\\system32\\sppobjs.dll, msft:spp/volume/services/kms/licenserenewal/1.0, 0x00000000, 0x00000000\n"},"Binary":null}}}
{"Event_attributes":{"xmlns":"http://schemas.microsoft.com/win/2004/08/events/event"},"Event":{"System":{"Provider_attributes":{"Name":"Microsoft-Windows-Security-SPP","Guid":"{E23B33B0-C8C9-472C-A5F9-F2BDFEA0F156}","EventSourceName":"Software Protection Platform Service"},"EventID_attributes":{"Qualifiers":16384},"EventID":1033,"Version":0,"Level":4,"Task":0,"Opcode":0,"Keywords":"0x80000000000000","TimeCreated_attributes":{"SystemTime":"2014-11-21T23:43:05.000000Z"},"EventRecordID":807,"Correlation":null,"Execution_attributes":{"ProcessID":0,"ThreadID":0},"Channel":"Application","Computer":"IE8Win7","Security":null},"EventData":{"Data":{"#text":["(IIS-W3SVC-MaxConcurrentRequests) (Microsoft.Windows.Smc-Enabled) (Shell-InBoxGames-FreeCell-EnableGame) (Shell-InBoxGames-Hearts-EnableGame) (Shell-InBoxGames-Minesweeper-EnableGame) (Shell-InBoxGames-PurblePlace-EnableGame) (Shell-InBoxGames-Shanghai-EnableGame) (Shell-InBoxGames-Solitaire-EnableGame) (Shell-InBoxGames-SpiderSolitaire-EnableGame) (Shell-MultiplayerInboxGames-Backgammon-EnableGame) (Shell-MultiplayerInboxGames-Checkers-EnableGame) (Shell-MultiplayerInboxGames-Spades-EnableGame) (Shell-PremiumInBoxGames-Chess-EnableGame) (Telnet-Client-EnableTelnetClient) (Telnet-Server-EnableTelnetServer) (TiffIFilterLicensing-EnableTiffIFilter) (nfs-admincmdtools-enabled) (nfs-adminmmc-enabled) (nfs-clientcmdtools-enabled) (nfs-clientcore-enabled) (sua-EnableSUA) ","55c92734-d682-4d71-983e-d6ec3f16059f","8dffd6e4-0497-4c35-b7d7-e47cf464cf30"]},"Binary":null}}}
{"Event_attributes":{"xmlns":"http://schemas.microsoft.com/win/2004/08/events/event"},"Event":{"System":{"Provider_attributes":{"Name":"Microsoft-Windows-Security-SPP","Guid":"{E23B33B0-C8C9-472C-A5F9-F2BDFEA0F156}","EventSourceName":"Software Protection Platform Service"},"EventID_attributes":{"Qualifiers":16384},"EventID":1003,"Version":0,"Level":4,"Task":0,"Opcode":0,"Keywords":"0x80000000000000","TimeCreated_attributes":{"SystemTime":"2014-11-21T23:43:05.000000Z"},"EventRecordID":808,"Correlation":null,"Execution_attributes":{"ProcessID":0,"ThreadID":0},"Channel":"Application","Computer":"IE8Win7","Security":null},"EventData":{"Data":{"#text":["55c92734-d682-4d71-983e-d6ec3f16059f","\n1: 358fb95b-0090-44fb-883a-75734e060c30, 1, 0 [(0 [0xC004F014, 0, 0], [(?)(?)(?)(?)(?)(?)])(1 )(2 )]\n2: 4f00134f-b514-4626-a74b-a8ec7c8dfe92, 1, 0 [(0 [0xC004F014, 0, 0], [(?)(?)(?)(?)(?)(?)])(1 )(2 )]\n3: 8dffd6e4-0497-4c35-b7d7-e47cf464cf30, 1, 0 [(0 )(1 )(2 [0x00000000, 0, 0], [( 5 0xC004F009 10 0)( 5 0xC004F009 10 0)( 1 0x00000000 0 0 msft:rm/algorithm/flags/1.0 0x00000000 0)(?)(?)( 9 0x00000000 0xC004F009)])]\n4: 92f9d22a-65f5-49a7-90fe-06491b4fc379, 1, 0 [(0 [0xC004F014, 0, 0], [(?)(?)(?)(?)(?)(?)])(1 )(2 )]\n5: 9abf5984-9c16-46f2-ad1e-7fe15931a8dd, 1, 0 [(0 [0xC004F014, 0, 0], [(?)(?)(?)(?)(?)(?)])(1 )(2 )]\n6: ae2ee509-1b34-41c0-acb7-6d4650168915, 1, 0 [(0 [0xC004F014, 0, 0], [(?)(?)(?)(?)(?)(?)])(1 )(2 )]\n7: b793ff2d-9d80-407c-b521-85111c51028c, 1, 0 [(0 [0xC004F014, 0, 0], [(?)(?)(?)(?)(?)(?)])(1 )(2 )]\n8: cff07cac-7534-4cc3-b3f3-99e1a0aa3c20, 1, 0 [(0 [0xC004F014, 0, 0], [(?)(?)(?)(?)(?)(?)])(1 )(2 )]\n9: d188820a-cb63-4bad-a9a2-40b843ee23b7, 1, 0 [(0 [0xC004F014, 0, 0], [(?)(?)(?)(?)(?)(?)])(1 )(2 )]\n10: 4a8149bb-7d61-49f4-8822-82c7bf88d64b, 1, 0 [(0 [0xC004F014, 0, 0], [(?)(?)(?)(?)(?)(?)])(1 )(2 )]\n11: afd5f68f-b70f-4000-a21d-28dbc8be8b07, 1, 0 [(0 [0xC004F014, 0, 0], [(?)(?)(?)(?)(?)(?)])(1 )(2 )]\n\n"]},"Binary":null}}}
{"Event_attributes":{"xmlns":"http://schemas.microsoft.com/win/2004/08/events/event"},"Event":{"System":{"Provider_attributes":{"Name":"Microsoft-Windows-Security-SPP","Guid":"{E23B33B0-C8C9-472C-A5F9-F2BDFEA0F156}","EventSourceName":"Software Protection Platform Service"},"EventID_attributes":{"Qualifiers":16384},"EventID":902,"Version":0,"Level":0,"Task":0,"Opcode":0,"Keywords":"0x80000000000000","TimeCreated_attributes":{"SystemTime":"2014-11-21T23:43:05.000000Z"},"EventRecordID":809,"Correlation":null,"Execution_attributes":{"ProcessID":0,"ThreadID":0},"Channel":"Application","Computer":"IE8Win7","Security":null},"EventData":{"Data":{"#text":"6.1.7601.17514"},"Binary":null}}}
{"Event_attributes":{"xmlns":"http://schemas.microsoft.com/win/2004/08/events/event"},"Event":{"System":{"Provider_attributes":{"Name":"WLMS"},"EventID_attributes":{"Qualifiers":0},"EventID":100,"Level":4,"Task":0,"Keywords":"0x80000000000000","TimeCreated_attributes":{"SystemTime":"2014-11-21T23:43:05.000000Z"},"EventRecordID":810,"Channel":"Application","Computer":"IE8Win7","Security":null},"EventData":{"Data":{"#text":""},"Binary":null}}}
{"Event_attributes":{"xmlns":"http://schemas.microsoft.com/win/2004/08/events/event"},"Event":{"System":{"Provider_attributes":{"Name":"Microsoft-Windows-Winlogon","Guid":"{DBE9B383-7CF3-4331-91CC-A3CB16A3B538}","EventSourceName":"Winlogon"},"EventID_attributes":{"Qualifiers":32768},"EventID":4105,"Version":0,"Level":3,"Task":0,"Opcode":0,"Keywords":"0x80000000000000","TimeCreated_attributes":{"SystemTime":"2014-11-21T23:43:09.000000Z"},"EventRecordID":811,"Correlation":null,"Execution_attributes":{"ProcessID":0,"ThreadID":0},"Channel":"Application","Computer":"IE8Win7","Security":null},"EventData":{"Data":{"#text":["0x00000000","0x00000000"]},"Binary":null}}}
{"Event_attributes":{"xmlns":"http://schemas.microsoft.com/win/2004/08/events/event"},"Event":{"System":{"Provider_attributes":{"Name":"Microsoft-Windows-Winlogon","Guid":"{DBE9B383-7CF3-4331-91CC-A3CB16A3B538}","EventSourceName":"Winlogon"},"EventID_attributes":{"Qualifiers":16384},"EventID":4104,"Version":0,"Level":4,"Task":0,"Opcode":0,"Keywords":"0x80000000000000","TimeCreated_attributes":{"SystemTime":"2014-11-21T23:44:00.000000Z"},"EventRecordID":812,"Correlation":null,"Execution_attributes":{"ProcessID":0,"ThreadID":0},"Channel":"Application","Computer":"IE8Win7","Security":null},"EventData":{"Data":{"#text":["0x00000000","0x00000000"]},"Binary":null}}}
{"Event_attributes":{"xmlns":"http://schemas.microsoft.com/win/2004/08/events/event"},"Event":{"System":{"Provider_attributes":{"Name":"Desktop Window Manager"},"EventID_attributes":{"Qualifiers":16384},"EventID":9004,"Level":4,"Task":0,"Keywords":"0x80000000000000","TimeCreated_attributes":{"SystemTime":"2014-11-21T23:44:01.000000Z"},"EventRecordID":813,"Channel":"Application","Computer":"IE8Win7","Security":null},"EventData":{"Data":{"#text":""},"Binary":null}}}
{"Event_attributes":{"xmlns":"http://schemas.microsoft.com/win/2004/08/events/event"},"Event":{"System":{"Provider_attributes":{"Name":"ESENT"},"EventID_attributes":{"Qualifiers":0},"EventID":102,"Level":4,"Task":1,"Keywords":"0x80000000000000","TimeCreated_attributes":{"SystemTime":"2014-11-21T23:44:18.000000Z"},"EventRecordID":814,"Channel":"Application","Computer":"IE8Win7","Security":null},"EventData":{"Data":{"#text":["Windows","1980","Windows: ","0","6","01","7601","0000"]},"Binary":null}}}
{"Event_attributes":{"xmlns":"http://schemas.microsoft.com/win/2004/08/events/event"},"Event":{"System":{"Provider_attributes":{"Name":"ESENT"},"EventID_attributes":{"Qualifiers":0},"EventID":300,"Level":4,"Task":3,"Keywords":"0x80000000000000","TimeCreated_attributes":{"SystemTime":"2014-11-21T23:44:18.000000Z"},"EventRecordID":815,"Channel":"Application","Computer":"IE8Win7","Security":null},"EventData":{"Data":{"#text":["Windows","1980","Windows: "]},"Binary":null}}}
{"Event_attributes":{"xmlns":"http://schemas.microsoft.com/win/2004/08/events/event"},"Event":{"System":{"Provider_attributes":{"Name":"ESENT"},"EventID_attributes":{"Qualifiers":0},"EventID":301,"Level":4,"Task":3,"Keywords":"0x80000000000000","TimeCreated_attributes":{"SystemTime":"2014-11-21T23:44:18.000000Z"},"EventRecordID":816,"Channel":"Application","Computer":"IE8Win7","Security":null},"EventData":{"Data":{"#text":["Windows","1980","Windows: ","C:\\ProgramData\\Microsoft\\Search\\Data\\Applications\\Windows\\MSS.log"]},"Binary":null}}}
{"Event_attributes":{"xmlns":"http://schemas.microsoft.com/win/2004/08/events/event"},"Event":{"System":{"Provider_attributes":{"Name":"ESENT"},"EventID_attributes":{"Qualifiers":0},"EventID":302,"Level":4,"Task":3,"Keywords":"0x80000000000000","TimeCreated_attributes":{"SystemTime":"2014-11-21T23:44:18.000000Z"},"EventRecordID":817,"Channel":"Application","Computer":"IE8Win7","Security":null},"EventData":{"Data":{"#text":["Windows","1980","Windows: "]},"Binary":null}}}
{"Event_attributes":{"xmlns":"http://schemas.microsoft.com/win/2004/08/events/event"},"Event":{"System":{"Provider_attributes":{"Name":"Microsoft-Windows-Search","Guid":"{CA4E628D-8567-4896-AB6B-835B221F373F}","EventSourceName":"Windows Search Service"},"EventID_attributes":{"Qualifiers":16384},"EventID":1003,"Version":0,"Level":4,"Task":1,"Opcode":0,"Keywords":"0x80000000000000","TimeCreated_attributes":{"SystemTime":"2014-11-21T23:44:18.000000Z"},"EventRecordID":818,"Correlation":null,"Execution_attributes":{"ProcessID":0,"ThreadID":0},"Channel":"Application","Computer":"IE8Win7","Security":null},"EventData":{"ExtraInfo":"\n"}}}
{"Event_attributes":{"xmlns":"http://schemas.microsoft.com/win/2004/08/events/event"},"Event":{"System":{"Provider_attributes":{"Name":"SecurityCenter"},"EventID_attributes":{"Qualifiers":0},"EventID":1,"Level":4,"Task":0,"Keywords":"0x80000000000000","TimeCreated_attributes":{"SystemTime":"2014-11-21T23:45:01.000000Z"},"EventRecordID":819,"Channel":"Application","Computer":"IE8Win7","Security":null},"EventData":{"Data":{"#text":""},"Binary":null}}}
{"Event_attributes":{"xmlns":"http://schemas.microsoft.com/win/2004/08/events/event"},"Event":{"System":{"Provider_attributes":{"Name":"Microsoft-Windows-LoadPerf","Guid":"122EE297-BB47-41AE-B265-1CA8D1886D40"},"EventID":1001,"Version":0,"Level":4,"Task":0,"Opcode":0,"Keywords":"0x8000000000000000","TimeCreated_attributes":{"SystemTime":"2014-11-21T23:49:11.349250Z"},"EventRecordID":820,"Correlation":null,"Execution_attributes":{"ProcessID":2592,"ThreadID":2596},"Channel":"Application","Computer":"IE8Win7","Security_attributes":{"UserID":"S-1-5-18"}},"UserData":{"EventXML_attributes":{"xmlns:auto-ns2":"http://schemas.microsoft.com/win/2004/08/events","xmlns":"LoadPerf"},"EventXML":{"param1":"WmiApRpl","param2":"WmiApRpl","binaryDataSize":12,"binaryData":"D4190000D519000034070000"}}}}
{"Event_attributes":{"xmlns":"http://schemas.microsoft.com/win/2004/08/events/event"},"Event":{"System":{"Provider_attributes":{"Name":"Microsoft-Windows-LoadPerf","Guid":"122EE297-BB47-41AE-B265-1CA8D1886D40"},"EventID":1000,"Version":0,"Level":4,"Task":0,"Opcode":0,"Keywords":"0x8000000000000000","TimeCreated_attributes":{"SystemTime":"2014-11-21T23:49:23.302375Z"},"EventRecordID":821,"Correlation":null,"Execution_attributes":{"ProcessID":2592,"ThreadID":2596},"Channel":"Application","Computer":"IE8Win7","Security_attributes":{"UserID":"S-1-5-18"}},"UserData":{"EventXML_attributes":{"xmlns:auto-ns2":"http://schemas.microsoft.com/win/2004/08/events","xmlns":"LoadPerf"},"EventXML":{"param1":"WmiApRpl","param2":"WmiApRpl","binaryDataSize":16,"binaryData":"D61900007C1A0000D71900007D1A0000"}}}}
{"Event_attributes":{"xmlns":"http://schemas.microsoft.com/win/2004/08/events/event"},"Event":{"System":{"Provider_attributes":{"Name":"Windows Error Reporting"},"EventID_attributes":{"Qualifiers":0},"EventID":1001,"Level":4,"Task":0,"Keywords":"0x80000000000000","TimeCreated_attributes":{"SystemTime":"2014-11-21T23:57:09.000000Z"},"EventRecordID":822,"Channel":"Application","Computer":"IE8Win7","Security":null},"EventData":{"Data":{"#text":["645796037","5","WindowsUpdateFailure","Not available","0","7.3.7600.16385","8024001f","00000000-0000-0000-0000-000000000000","Scan","101","Unmanaged","","","","","","C:\\ProgramData\\Microsoft\\Windows\\WER\\ReportArchive\\NonCritical_7.3.7600.16385_1874fcef6224e42694c8b30caacce43071e7c1_036dd523","","0","a86962e8-3bff-11e3-ad72-00155de6c5e3","0"]},"Binary":null}}}
{"Event_attributes":{"xmlns":"http://schemas.microsoft.com/win/2004/08/events/event"},"Event":{"System":{"Provider_attributes":{"Name":"Windows Error Reporting"},"EventID_attributes":{"Qualifiers":0},"EventID":1001,"Level":4,"Task":0,"Keywords":"0x80000000000000","TimeCreated_attributes":{"SystemTime":"2014-11-21T23:58:17.000000Z"},"EventRecordID":823,"Channel":"Application","Computer":"IE8Win7","Security":null},"EventData":{"Data":{"#text":["811397627","5","RADAR_PRE_LEAK_32","Not available","0","svchost.exe_netsvcs","6.1.7600.16385","6.1.7601.2.1.0","","","","","","","","\r\nC:\\Users\\IEUser\\AppData\\Local\\Temp\\RDRC62A.tmp\\empty.txt","","","0","3ec04638-71da-11e4-8e06-00155de6c5e3","0"]},"Binary":null}}}
{"Event_attributes":{"xmlns":"http://schemas.microsoft.com/win/2004/08/events/event"},"Event":{"System":{"Provider_attributes":{"Name":"WLMS"},"EventID_attributes":{"Qualifiers":0},"EventID":100,"Level":4,"Task":0,"Keywords":"0x80000000000000","TimeCreated_attributes":{"SystemTime":"2014-11-22T00:13:18.000000Z"},"EventRecordID":824,"Channel":"Application","Computer":"IE8Win7","Security":null},"EventData":{"Data":{"#text":""},"Binary":null}}}
{"Event_attributes":{"xmlns":"http://schemas.microsoft.com/win/2004/08/events/event"},"Event":{"System":{"Provider_attributes":{"Name":"VSS"},"EventID_attributes":{"Qualifiers":0},"EventID":8224,"Level":4,"Task":0,"Keywords":"0x80000000000000","TimeCreated_attributes":{"SystemTime":"2014-11-22T00:34:51.000000Z"},"EventRecordID":825,"Channel":"Application","Computer":"IE8Win7","Security":null},"EventData":{"Data":{"#text":""},"Binary":"2D20436F64653A2020434F525356434330303030303737332D2043616C6C3A2020434F525356434330303030303735352D205049443A202030303030343039322D205449443A202030303030333836382D20434D443A2020433A5C57696E646F77735C73797374656D33325C76737376632E6578652020202D20557365723A204E616D653A204E5420415554484F524954595C53595354454D2C205349443A532D312D352D313820"}}}
{"Event_attributes":{"xmlns":"http://schemas.microsoft.com/win/2004/08/events/event"},"Event":{"System":{"Provider_attributes":{"Name":"MsiInstaller"},"EventID_attributes":{"Qualifiers":0},"EventID":1040,"Level":4,"Task":0,"Keywords":"0x80000000000000","TimeCreated_attributes":{"SystemTime":"2014-11-22T00:35:14.000000Z"},"EventRecordID":826,"Channel":"Application","Computer":"IE8Win7","Security_attributes":{"UserID":"S-1-5-18"}},"EventData":{"Data":{"#text":["C:\\Windows\\Installer\\4d16b.msi","2580","(NULL)","(NULL)","(NULL)","(NULL)",""]},"Binary":null}}}
{"Event_attributes":{"xmlns":"http://schemas.microsoft.com/win/2004/08/events/event"},"Event":{"System":{"Provider_attributes":{"Name":"Microsoft-Windows-RestartManager","Guid":"0888E5EF-9B98-4695-979D-E92CE4247224"},"EventID":10000,"Version":0,"Level":4,"Task":0,"Opcode":0,"Keywords":"0x8000000000000000","TimeCreated_attributes":{"SystemTime":"2014-11-22T00:35:17.771125Z"},"EventRecordID":827,"Correlation":null,"Execution_attributes":{"ProcessID":3928,"ThreadID":3860},"Channel":"Application","Computer":"IE8Win7","Security_attributes":{"UserID":"S-1-5-18"}},"UserData":{"RmSessionEvent_attributes":{"xmlns:auto-ns2":"http://schemas.microsoft.com/win/2004/08/events","xmlns":"http://www.microsoft.com/2005/08/Windows/Reliability/RestartManager/"},"RmSessionEvent":{"RmSessionId":0,"UTCStartTime":"2014-11-22T00:35:17.771125Z"}}}}
{"Event_attributes":{"xmlns":"http://schemas.microsoft.com/win/2004/08/events/event"},"Event":{"System":{"Provider_attributes":{"Name":"Microsoft-Windows-LoadPerf","Guid":"122EE297-BB47-41AE-B265-1CA8D1886D40"},"EventID":1001,"Version":0,"Level":4,"Task":0,"Opcode":0,"Keywords":"0x8000000000000000","TimeCreated_attributes":{"SystemTime":"2014-11-22T00:35:51.599250Z"},"EventRecordID":828,"Correlation":null,"Execution_attributes":{"ProcessID":2744,"ThreadID":1140},"Channel":"Application","Computer":"IE8Win7","Security_attributes":{"UserID":"S-1-5-18"}},"UserData":{"EventXML_attributes":{"xmlns:auto-ns2":"http://schemas.microsoft.com/win/2004/08/events","xmlns":"LoadPerf"},"EventXML":{"param1":"{890c10c3-8c2a-4fe3-a36a-9eca153d47cb}","param2":"ServiceModel 4.0.0.0","binaryDataSize":0,"binaryData":null}}}}
{"Event_attributes":{"xmlns":"http://schemas.microsoft.com/win/2004/08/events/event"},"Event":{"System":{"Provider_attributes":{"Name":"Microsoft-Windows-LoadPerf","Guid":"122EE297-BB47-41AE-B265-1CA8D1886D40"},"EventID":1001,"Version":0,"Level":4,"Task":0,"Opcode":0,"Keywords":"0x8000000000000000","TimeCreated_attributes":{"SystemTime":"2014-11-22T00:35:52.583625Z"},"EventRecordID":829,"Correlation":null,"Execution_attributes":{"ProcessID":2812,"ThreadID":1324},"Channel":"Application","Computer":"IE8Win7","Security_attributes":{"UserID":"S-1-5-18"}},"UserData":{"EventXML_attributes":{"xmlns:auto-ns2":"http://schemas.microsoft.com/win/2004/08/events","xmlns":"LoadPerf"},"EventXML":{"param1":"SMSvcHost 4.0.0.0","param2":"SMSvcHost 4.0.0.0","binaryDataSize":12,"binaryData":"7C1A00007D1A000034070000"}}}}
{"Event_attributes":{"xmlns":"http://schemas.microsoft.com/win/2004/08/events/event"},"Event":{"System":{"Provider_attributes":{"Name":"Microsoft-Windows-LoadPerf","Guid":"122EE297-BB47-41AE-B265-1CA8D1886D40"},"EventID":1001,"Version":0,"Level":4,"Task":0,"Opcode":0,"Keywords":"0x8000000000000000","TimeCreated_attributes":{"SystemTime":"2014-11-22T00:35:53.255500Z"},"EventRecordID":830,"Correlation":null,"Execution_attributes":{"ProcessID":3292,"ThreadID":3040},"Channel":"Application","Computer":"IE8Win7","Security_attributes":{"UserID":"S-1-5-18"}},"UserData":{"EventXML_attributes":{"xmlns:auto-ns2":"http://schemas.microsoft.com/win/2004/08/events","xmlns":"LoadPerf"},"EventXML":{"param1":"MSDTC Bridge 4.0.0.0","param2":"MSDTC Bridge 4.0.0.0","binaryDataSize":12,"binaryData":"7C1A00007D1A000034070000"}}}}
{"Event_attributes":{"xmlns":"http://schemas.microsoft.com/win/2004/08/events/event"},"Event":{"System":{"Provider_attributes":{"Name":"Microsoft-Windows-LoadPerf","Guid":"122EE297-BB47-41AE-B265-1CA8D1886D40"},"EventID":1000,"Version":0,"Level":4,"Task":0,"Opcode":0,"Keywords":"0x8000000000000000","TimeCreated_attributes":{"SystemTime":"2014-11-22T00:36:22.005500Z"},"EventRecordID":831,"Correlation":null,"Execution_attributes":{"ProcessID":772,"ThreadID":2688},"Channel":"Application","Computer":"IE8Win7","Security_attributes":{"UserID":"S-1-5-18"}},"UserData":{"EventXML_attributes":{"xmlns:auto-ns2":"http://schemas.microsoft.com/win/2004/08/events","xmlns":"LoadPerf"},"EventXML":{"param1":"{890c10c3-8c2a-4fe3-a36a-9eca153d47cb}","param2":"ServiceModel 4.0.0.0","binaryDataSize":0,"binaryData":null}}}}
{"Event_attributes":{"xmlns":"http://schemas.microsoft.com/win/2004/08/events/event"},"Event":{"System":{"Provider_attributes":{"Name":"Microsoft-Windows-LoadPerf","Guid":"122EE297-BB47-41AE-B265-1CA8D1886D40"},"EventID":1000,"Version":0,"Level":4,"Task":0,"Opcode":0,"Keywords":"0x8000000000000000","TimeCreated_attributes":{"SystemTime":"2014-11-22T00:36:22.880500Z"},"EventRecordID":832,"Correlation":null,"Execution_attributes":{"ProcessID":3452,"ThreadID":2132},"Channel":"Application","Computer":"IE8Win7","Security_attributes":{"UserID":"S-1-5-18"}},"UserData":{"EventXML_attributes":{"xmlns:auto-ns2":"http://schemas.microsoft.com/win/2004/08/events","xmlns":"LoadPerf"},"EventXML":{"param1":"SMSvcHost 4.0.0.0","param2":"SMSvcHost 4.0.0.0","binaryDataSize":16,"binaryData":"161B0000321B0000171B0000331B0000"}}}}
{"Event_attributes":{"xmlns":"http://schemas.microsoft.com/win/2004/08/events/event"},"Event":{"System":{"Provider_attributes":{"Name":"Microsoft-Windows-LoadPerf","Guid":"122EE297-BB47-41AE-B265-1CA8D1886D40"},"EventID":1000,"Version":0,"Level":4,"Task":0,"Opcode":0,"Keywords":"0x8000000000000000","TimeCreated_attributes":{"SystemTime":"2014-11-22T00:36:23.489875Z"},"EventRecordID":833,"Correlation":null,"Execution_attributes":{"ProcessID":3776,"ThreadID":2836},"Channel":"Application","Computer":"IE8Win7","Security_attributes":{"UserID":"S-1-5-18"}},"UserData":{"EventXML_attributes":{"xmlns:auto-ns2":"http://schemas.microsoft.com/win/2004/08/events","xmlns":"LoadPerf"},"EventXML":{"param1":"MSDTC Bridge 4.0.0.0","param2":"MSDTC Bridge 4.0.0.0","binaryDataSize":16,"binaryData":"341B00004A1B0000351B00004B1B0000"}}}}
{"Event_attributes":{"xmlns":"http://schemas.microsoft.com/win/2004/08/events/event"},"Event":{"System":{"Provider_attributes":{"Name":"Microsoft-Windows-LoadPerf","Guid":"122EE297-BB47-41AE-B265-1CA8D1886D40"},"EventID":1002,"Version":0,"Level":4,"Task":0,"Opcode":0,"Keywords":"0x8000000000000000","TimeCreated_attributes":{"SystemTime":"2014-11-22T00:37:44.068000Z"},"EventRecordID":834,"Correlation":null,"Execution_attributes":{"ProcessID":2620,"ThreadID":3788},"Channel":"Application","Computer":"IE8Win7","Security_attributes":{"UserID":"S-1-5-18"}},"UserData":{"EventXML_attributes":{"xmlns:auto-ns2":"http://schemas.microsoft.com/win/2004/08/events","xmlns":"LoadPerf"},"EventXML":{"param1":".NET CLR Networking 4.0.0.0","param2":".NET CLR Networking 4.0.0.0","binaryDataSize":4,"binaryData":"C2120000"}}}}
{"Event_attributes":{"xmlns":"http://schemas.microsoft.com/win/2004/08/events/event"},"Event":{"System":{"Provider_attributes":{"Name":"MsiInstaller"},"EventID_attributes":{"Qualifiers":0},"EventID":1022,"Level":4,"Task":0,"Keywords":"0x80000000000000","TimeCreated_attributes":{"SystemTime":"2014-11-22T00:37:49.000000Z"},"EventRecordID":835,"Channel":"Application","Computer":"IE8Win7","Security_attributes":{"UserID":"S-1-5-18"}},"EventData":{"Data":{"#text":["Microsoft .NET Framework 4 Client Profile","KB2978125","(NULL)","(NULL)","(NULL)","(NULL)",""]},"Binary":"7B33433339303143352D333435352D334530412D413231342D3042303933413530373041367D207B46393741444242302D333238412D334241462D414131412D3044444345423039344446307D"}}}
{"Event_attributes":{"xmlns":"http://schemas.microsoft.com/win/2004/08/events/event"},"Event":{"System":{"Provider_attributes":{"Name":"MsiInstaller"},"EventID_attributes":{"Qualifiers":0},"EventID":1036,"Level":4,"Task":0,"Keywords":"0x80000000000000","TimeCreated_attributes":{"SystemTime":"2014-11-22T00:37:49.000000Z"},"EventRecordID":836,"Channel":"Application","Computer":"IE8Win7","Security_attributes":{"UserID":"S-1-5-18"}},"EventData":{"Data":{"#text":["Microsoft .NET Framework 4 Client Profile","4.0.30319","0","KB2978125","0","Microsoft Corporation",""]},"Binary":"7B33433339303143352D333435352D334530412D413231342D3042303933413530373041367D3030303064326562663436383331643263623332396166373637323933656232306366643030303030303030"}}}
{"Event_attributes":{"xmlns":"http://schemas.microsoft.com/win/2004/08/events/event"},"Event":{"System":{"Provider_attributes":{"Name":"MsiInstaller"},"EventID_attributes":{"Qualifiers":0},"EventID":11728,"Level":4,"Task":0,"Keywords":"0x80000000000000","TimeCreated_attributes":{"SystemTime":"2014-11-22T00:37:49.000000Z"},"EventRecordID":837,"Channel":"Application","Computer":"IE8Win7","Security_attributes":{"UserID":"S-1-5-18"}},"EventData":{"Data":{"#text":["Product: Microsoft .NET Framework 4 Client Profile -- Configuration completed successfully.","(NULL)","(NULL)","(NULL)","(NULL)","(NULL)",""]},"Binary":"7B33433339303143352D333435352D334530412D413231342D3042303933413530373041367D"}}}
{"Event_attributes":{"xmlns":"http://schemas.microsoft.com/win/2004/08/events/event"},"Event":{"System":{"Provider_attributes":{"Name":"MsiInstaller"},"EventID_attributes":{"Qualifiers":0},"EventID":1035,"Level":4,"Task":0,"Keywords":"0x80000000000000","TimeCreated_attributes":{"SystemTime":"2014-11-22T00:37:49.000000Z"},"EventRecordID":838,"Channel":"Application","Computer":"IE8Win7","Security_attributes":{"UserID":"S-1-5-18"}},"EventData":{"Data":{"#text":["Microsoft .NET Framework 4 Client Profile","4.0.30319","0","0","Microsoft Corporation","(NULL)",""]},"Binary":"7B33433339303143352D333435352D334530412D413231342D3042303933413530373041367D3030303064326562663436383331643263623332396166373637323933656232306366643030303030303030"}}}
{"Event_attributes":{"xmlns":"http://schemas.microsoft.com/win/2004/08/events/event"},"Event":{"System":{"Provider_attributes":{"Name":"MsiInstaller"},"EventID_attributes":{"Qualifiers":0},"EventID":1042,"Level":4,"Task":0,"Keywords":"0x80000000000000","TimeCreated_attributes":{"SystemTime":"2014-11-22T00:37:49.000000Z"},"EventRecordID":839,"Channel":"Application","Computer":"IE8Win7","Security_attributes":{"UserID":"S-1-5-18"}},"EventData":{"Data":{"#text":["C:\\Windows\\Installer\\4d16b.msi","2580","(NULL)","(NULL)","(NULL)","(NULL)",""]},"Binary":null}}}
{"Event_attributes":{"xmlns":"http://schemas.microsoft.com/win/2004/08/events/event"},"Event":{"System":{"Provider_attributes":{"Name":"Microsoft-Windows-RestartManager","Guid":"0888E5EF-9B98-4695-979D-E92CE4247224"},"EventID":10001,"Version":0,"Level":4,"Task":0,"Opcode":0,"Keywords":"0x8000000000000000","TimeCreated_attributes":{"SystemTime":"2014-11-22T00:37:49.255500Z"},"EventRecordID":840,"Correlation":null,"Execution_attributes":{"ProcessID":3928,"ThreadID":376},"Channel":"Application","Computer":"IE8Win7","Security_attributes":{"UserID":"S-1-5-18"}},"UserData":{"RmSessionEvent_attributes":{"xmlns:auto-ns2":"http://schemas.microsoft.com/win/2004/08/events","xmlns":"http://www.microsoft.com/2005/08/Windows/Reliability/RestartManager/"},"RmSessionEvent":{"RmSessionId":0,"UTCStartTime":"2014-11-22T00:35:17.771125Z"}}}}
{"Event_attributes":{"xmlns":"http://schemas.microsoft.com/win/2004/08/events/event"},"Event":{"System":{"Provider_attributes":{"Name":"VSS"},"EventID_attributes":{"Qualifiers":0},"EventID":8224,"Level":4,"Task":0,"Keywords":"0x80000000000000","TimeCreated_attributes":{"SystemTime":"2014-11-22T00:40:58.000000Z"},"EventRecordID":841,"Channel":"Application","Computer":"IE8Win7","Security":null},"EventData":{"Data":{"#text":""},"Binary":"2D20436F64653A2020434F525356434330303030303737332D2043616C6C3A2020434F525356434330303030303735352D205049443A202030303030303739322D205449443A202030303030333333322D20434D443A2020433A5C57696E646F77735C73797374656D33325C76737376632E6578652020202D20557365723A204E616D653A204E5420415554484F524954595C53595354454D2C205349443A532D312D352D313820"}}}
{"Event_attributes":{"xmlns":"http://schemas.microsoft.com/win/2004/08/events/event"},"Event":{"System":{"Provider_attributes":{"Name":"WLMS"},"EventID_attributes":{"Qualifiers":0},"EventID":101,"Level":4,"Task":0,"Keywords":"0x80000000000000","TimeCreated_attributes":{"SystemTime":"2014-11-22T00:43:30.000000Z"},"EventRecordID":842,"Channel":"Application","Computer":"IE8Win7","Security":null},"EventData":{"Data":{"#text":""},"Binary":null}}}
{"Event_attributes":{"xmlns":"http://schemas.microsoft.com/win/2004/08/events/event"},"Event":{"System":{"Provider_attributes":{"Name":"Desktop Window Manager"},"EventID_attributes":{"Qualifiers":16384},"EventID":9009,"Level":4,"Task":0,"Keywords":"0x80000000000000","TimeCreated_attributes":{"SystemTime":"2014-11-22T00:44:32.000000Z"},"EventRecordID":843,"Channel":"Application","Computer":"IE8Win7","Security":null},"EventData":{"Data":{"#text":"0x40010004"},"Binary":null}}}
{"Event_attributes":{"xmlns":"http://schemas.microsoft.com/win/2004/08/events/event"},"Event":{"System":{"Provider_attributes":{"Name":"MsiInstaller"},"EventID_attributes":{"Qualifiers":0},"EventID":1040,"Level":4,"Task":0,"Keywords":"0x80000000000000","TimeCreated_attributes":{"SystemTime":"2014-11-22T00:47:40.000000Z"},"EventRecordID":844,"Channel":"Application","Computer":"IE8Win7","Security_attributes":{"UserID":"S-1-5-18"}},"EventData":{"Data":{"#text":["C:\\Windows\\Installer\\4d16b.msi","3160","(NULL)","(NULL)","(NULL)","(NULL)",""]},"Binary":null}}}
{"Event_attributes":{"xmlns":"http://schemas.microsoft.com/win/2004/08/events/event"},"Event":{"System":{"Provider_attributes":{"Name":"Microsoft-Windows-RestartManager","Guid":"0888E5EF-9B98-4695-979D-E92CE4247224"},"EventID":10000,"Version":0,"Level":4,"Task":0,"Opcode":0,"Keywords":"0x8000000000000000","TimeCreated_attributes":{"SystemTime":"2014-11-22T00:47:44.474250Z"},"EventRecordID":845,"Correlation":null,"Execution_attributes":{"ProcessID":3928,"ThreadID":3584},"Channel":"Application","Computer":"IE8Win7","Security_attributes":{"UserID":"S-1-5-18"}},"UserData":{"RmSessionEvent_attributes":{"xmlns:auto-ns2":"http://schemas.microsoft.com/win/2004/08/events","xmlns":"http://www.microsoft.com/2005/08/Windows/Reliability/RestartManager/"},"RmSessionEvent":{"RmSessionId":0,"UTCStartTime":"2014-11-22T00:47:44.474250Z"}}}}
{"Event_attributes":{"xmlns":"http://schemas.microsoft.com/win/2004/08/events/event"},"Event":{"System":{"Provider_attributes":{"Name":"Microsoft-Windows-LoadPerf","Guid":"122EE297-BB47-41AE-B265-1CA8D1886D40"},"EventID":1001,"Version":0,"Level":4,"Task":0,"Opcode":0,"Keywords":"0x8000000000000000","TimeCreated_attributes":{"SystemTime":"2014-11-22T00:48:24.568000Z"},"EventRecordID":846,"Correlation":null,"Execution_attributes":{"ProcessID":2904,"ThreadID":436},"Channel":"Application","Computer":"IE8Win7","Security_attributes":{"UserID":"S-1-5-18"}},"UserData":{"EventXML_attributes":{"xmlns:auto-ns2":"http://schemas.microsoft.com/win/2004/08/events","xmlns":"LoadPerf"},"EventXML":{"param1":"{890c10c3-8c2a-4fe3-a36a-9eca153d47cb}","param2":"ServiceModel 4.0.0.0","binaryDataSize":0,"binaryData":null}}}}
{"Event_attributes":{"xmlns":"http://schemas.microsoft.com/win/2004/08/events/event"},"Event":{"System":{"Provider_attributes":{"Name":"Microsoft-Windows-LoadPerf","Guid":"122EE297-BB47-41AE-B265-1CA8D1886D40"},"EventID":1001,"Version":0,"Level":4,"Task":0,"Opcode":0,"Keywords":"0x8000000000000000","TimeCreated_attributes":{"SystemTime":"2014-11-22T00:48:25.583625Z"},"EventRecordID":847,"Correlation":null,"Execution_attributes":{"ProcessID":2724,"ThreadID":2300},"Channel":"Application","Computer":"IE8Win7","Security_attributes":{"UserID":"S-1-5-18"}},"UserData":{"EventXML_attributes":{"xmlns:auto-ns2":"http://schemas.microsoft.com/win/2004/08/events","xmlns":"LoadPerf"},"EventXML":{"param1":"SMSvcHost 4.0.0.0","param2":"SMSvcHost 4.0.0.0","binaryDataSize":12,"binaryData":"4A1B00004B1B000034070000"}}}}
{"Event_attributes":{"xmlns":"http://schemas.microsoft.com/win/2004/08/events/event"},"Event":{"System":{"Provider_attributes":{"Name":"Microsoft-Windows-LoadPerf","Guid":"122EE297-BB47-41AE-B265-1CA8D1886D40"},"EventID":1001,"Version":0,"Level":4,"Task":0,"Opcode":0,"Keywords":"0x8000000000000000","TimeCreated_attributes":{"SystemTime":"2014-11-22T00:48:26.114875Z"},"EventRecordID":848,"Correlation":null,"Execution_attributes":{"ProcessID":2760,"ThreadID":3752},"Channel":"Application","Computer":"IE8Win7","Security_attributes":{"UserID":"S-1-5-18"}},"UserData":{"EventXML_attributes":{"xmlns:auto-ns2":"http://schemas.microsoft.com/win/2004/08/events","xmlns":"LoadPerf"},"EventXML":{"param1":"MSDTC Bridge 4.0.0.0","param2":"MSDTC Bridge 4.0.0.0","binaryDataSize":12,"binaryData":"7C1A00007D1A000034070000"}}}}
{"Event_attributes":{"xmlns":"http://schemas.microsoft.com/win/2004/08/events/event"},"Event":{"System":{"Provider_attributes":{"Name":"Microsoft-Windows-LoadPerf","Guid":"122EE297-BB47-41AE-B265-1CA8D1886D40"},"EventID":1000,"Version":0,"Level":4,"Task":0,"Opcode":0,"Keywords":"0x8000000000000000","TimeCreated_attributes":{"SystemTime":"2014-11-22T00:48:56.411750Z"},"EventRecordID":849,"Correlation":null,"Execution_attributes":{"ProcessID":2356,"ThreadID":3000},"Channel":"Application","Computer":"IE8Win7","Security_attributes":{"UserID":"S-1-5-18"}},"UserData":{"EventXML_attributes":{"xmlns:auto-ns2":"http://schemas.microsoft.com/win/2004/08/events","xmlns":"LoadPerf"},"EventXML":{"param1":"{890c10c3-8c2a-4fe3-a36a-9eca153d47cb}","param2":"ServiceModel 4.0.0.0","binaryDataSize":0,"binaryData":null}}}}
