{"Event_attributes":{"xmlns":"http://schemas.microsoft.com/win/2004/08/events/event"},"Event":{"System":{"Provider_attributes":{"Name":"Microsoft-Windows-LoadPerf","Guid":"122EE297-BB47-41AE-B265-1CA8D1886D40"},"EventID":1000,"Version":0,"Level":4,"Task":0,"Opcode":0,"Keywords":"0x8000000000000000","TimeCreated_attributes":{"SystemTime":"2014-11-22T01:33:57.568000Z"},"EventRecordID":915,"Correlation":null,"Execution_attributes":{"ProcessID":308,"ThreadID":3624},"Channel":"Application","Computer":"IE8Win7","Security_attributes":{"UserID":"S-1-5-18"}},"UserData":{"EventXML_attributes":{"xmlns:auto-ns2":"http://schemas.microsoft.com/win/2004/08/events","xmlns":"LoadPerf"},"EventXML":{"param1":"{890c10c3-8c2a-4fe3-a36a-9eca153d47cb}","param2":"ServiceModel 4.0.0.0","binaryDataSize":0,"binaryData":null}}}}
{"Event_attributes":{"xmlns":"http://schemas.microsoft.com/win/2004/08/events/event"},"Event":{"System":{"Provider_attributes":{"Name":"Microsoft-Windows-LoadPerf","Guid":"122EE297-BB47-41AE-B265-1CA8D1886D40"},"EventID":1000,"Version":0,"Level":4,"Task":0,"Opcode":0,"Keywords":"0x8000000000000000","TimeCreated_attributes":{"SystemTime":"2014-11-22T01:33:59.474250Z"},"EventRecordID":916,"Correlation":null,"Execution_attributes":{"ProcessID":2672,"ThreadID":340},"Channel":"Application","Computer":"IE8Win7","Security_attributes":{"UserID":"S-1-5-18"}},"UserData":{"EventXML_attributes":{"xmlns:auto-ns2":"http://schemas.microsoft.com/win/2004/08/events","xmlns":"LoadPerf"},"EventXML":{"param1":"SMSvcHost 4.0.0.0","param2":"SMSvcHost 4.0.0.0","binaryDataSize":16,"binaryData":"161B0000321B0000171B0000331B0000"}}}}
{"Event_attributes":{"xmlns":"http://schemas.microsoft.com/win/2004/08/events/event"},"Event":{"System":{"Provider_attributes":{"Name":"Microsoft-Windows-LoadPerf","Guid":"122EE297-BB47-41AE-B265-1CA8D1886D40"},"EventID":1000,"Version":0,"Level":4,"Task":0,"Opcode":0,"Keywords":"0x8000000000000000","TimeCreated_attributes":{"SystemTime":"2014-11-22T01:34:00.114875Z"},"EventRecordID":917,"Correlation":null,"Execution_attributes":{"ProcessID":928,"ThreadID":3568},"Channel":"Application","Computer":"IE8Win7","Security_attributes":{"UserID":"S-1-5-18"}},"UserData":{"EventXML_attributes":{"xmlns:auto-ns2":"http://schemas.microsoft.com/win/2004/08/events","xmlns":"LoadPerf"},"EventXML":{"param1":"MSDTC Bridge 4.0.0.0","param2":"MSDTC Bridge 4.0.0.0","binaryDataSize":16,"binaryData":"341B00004A1B0000351B00004B1B0000"}}}}
{"Event_attributes":{"xmlns":"http://schemas.microsoft.com/win/2004/08/events/event"},"Event":{"System":{"Provider_attributes":{"Name":"VSS"},"EventID_attributes":{"Qualifiers":0},"EventID":8224,"Level":4,"Task":0,"Keywords":"0x80000000000000","TimeCreated_attributes":{"SystemTime":"2014-11-22T01:34:50.000000Z"},"EventRecordID":918,"Channel":"Application","Computer":"IE8Win7","Security":null},"EventData":{"Data":{"#text":""},"Binary":"2D20436F64653A2020434F525356434330303030303737332D2043616C6C3A2020434F525356434330303030303735352D205049443A202030303030323838302D205449443A202030303030333835322D20434D443A2020433A5C57696E646F77735C73797374656D33325C76737376632E6578652020202D20557365723A204E616D653A204E5420415554484F524954595C53595354454D2C205349443A532D312D352D313820"}}}
{"Event_attributes":{"xmlns":"http://schemas.microsoft.com/win/2004/08/events/event"},"Event":{"System":{"Provider_attributes":{"Name":"Microsoft-Windows-LoadPerf","Guid":"122EE297-BB47-41AE-B265-1CA8D1886D40"},"EventID":1002,"Version":0,"Level":4,"Task":0,"Opcode":0,"Keywords":"0x8000000000000000","TimeCreated_attributes":{"SystemTime":"2014-11-22T01:36:14.911750Z"},"EventRecordID":919,"Correlation":null,"Execution_attributes":{"ProcessID":3548,"ThreadID":2720},"Channel":"Application","Computer":"IE8Win7","Security_attributes":{"UserID":"S-1-5-18"}},"UserData":{"EventXML_attributes":{"xmlns:auto-ns2":"http://schemas.microsoft.com/win/2004/08/events","xmlns":"LoadPerf"},"EventXML":{"param1":".NET CLR Networking 4.0.0.0","param2":".NET CLR Networking 4.0.0.0","binaryDataSize":4,"binaryData":"C2120000"}}}}
{"Event_attributes":{"xmlns":"http://schemas.microsoft.com/win/2004/08/events/event"},"Event":{"System":{"Provider_attributes":{"Name":"MsiInstaller"},"EventID_attributes":{"Qualifiers":0},"EventID":1022,"Level":4,"Task":0,"Keywords":"0x80000000000000","TimeCreated_attributes":{"SystemTime":"2014-11-22T01:36:22.000000Z"},"EventRecordID":920,"Channel":"Application","Computer":"IE8Win7","Security_attributes":{"UserID":"S-1-5-18"}},"EventData":{"Data":{"#text":["Microsoft .NET Framework 4 Client Profile","KB2979575v2","(NULL)","(NULL)","(NULL)","(NULL)",""]},"Binary":"7B33433339303143352D333435352D334530412D413231342D3042303933413530373041367D207B42444344433638342D453137392D333436312D413634392D3737464545394432433638357D"}}}
{"Event_attributes":{"xmlns":"http://schemas.microsoft.com/win/2004/08/events/event"},"Event":{"System":{"Provider_attributes":{"Name":"MsiInstaller"},"EventID_attributes":{"Qualifiers":0},"EventID":1036,"Level":4,"Task":0,"Keywords":"0x80000000000000","TimeCreated_attributes":{"SystemTime":"2014-11-22T01:36:22.000000Z"},"EventRecordID":921,"Channel":"Application","Computer":"IE8Win7","Security_attributes":{"UserID":"S-1-5-18"}},"EventData":{"Data":{"#text":["Microsoft .NET Framework 4 Client Profile","4.0.30319","0","KB2979575v2","0","Microsoft Corporation",""]},"Binary":"7B33433339303143352D333435352D334530412D413231342D3042303933413530373041367D3030303064326562663436383331643263623332396166373637323933656232306366643030303030303030"}}}
{"Event_attributes":{"xmlns":"http://schemas.microsoft.com/win/2004/08/events/event"},"Event":{"System":{"Provider_attributes":{"Name":"MsiInstaller"},"EventID_attributes":{"Qualifiers":0},"EventID":11728,"Level":4,"Task":0,"Keywords":"0x80000000000000","TimeCreated_attributes":{"SystemTime":"2014-11-22T01:36:22.000000Z"},"EventRecordID":922,"Channel":"Application","Computer":"IE8Win7","Security_attributes":{"UserID":"S-1-5-18"}},"EventData":{"Data":{"#text":["Product: Microsoft .NET Framework 4 Client Profile -- Configuration completed successfully.","(NULL)","(NULL)","(NULL)","(NULL)","(NULL)",""]},"Binary":"7B33433339303143352D333435352D334530412D413231342D3042303933413530373041367D"}}}
{"Event_attributes":{"xmlns":"http://schemas.microsoft.com/win/2004/08/events/event"},"Event":{"System":{"Provider_attributes":{"Name":"MsiInstaller"},"EventID_attributes":{"Qualifiers":0},"EventID":1035,"Level":4,"Task":0,"Keywords":"0x80000000000000","TimeCreated_attributes":{"SystemTime":"2014-11-22T01:36:22.000000Z"},"EventRecordID":923,"Channel":"Application","Computer":"IE8Win7","Security_attributes":{"UserID":"S-1-5-18"}},"EventData":{"Data":{"#text":["Microsoft .NET Framework 4 Client Profile","4.0.30319","0","0","Microsoft Corporation","(NULL)",""]},"Binary":"7B33433339303143352D333435352D334530412D413231342D3042303933413530373041367D3030303064326562663436383331643263623332396166373637323933656232306366643030303030303030"}}}
{"Event_attributes":{"xmlns":"http://schemas.microsoft.com/win/2004/08/events/event"},"Event":{"System":{"Provider_attributes":{"Name":"MsiInstaller"},"EventID_attributes":{"Qualifiers":0},"EventID":1042,"Level":4,"Task":0,"Keywords":"0x80000000000000","TimeCreated_attributes":{"SystemTime":"2014-11-22T01:36:23.000000Z"},"EventRecordID":924,"Channel":"Application","Computer":"IE8Win7","Security_attributes":{"UserID":"S-1-5-18"}},"EventData":{"Data":{"#text":["C:\\Windows\\Installer\\4d16b.msi","1688","(NULL)","(NULL)","(NULL)","(NULL)",""]},"Binary":null}}}
{"Event_attributes":{"xmlns":"http://schemas.microsoft.com/win/2004/08/events/event"},"Event":{"System":{"Provider_attributes":{"Name":"Microsoft-Windows-RestartManager","Guid":"0888E5EF-9B98-4695-979D-E92CE4247224"},"EventID":10001,"Version":0,"Level":4,"Task":0,"Opcode":0,"Keywords":"0x8000000000000000","TimeCreated_attributes":{"SystemTime":"2014-11-22T01:36:22.974250Z"},"EventRecordID":925,"Correlation":null,"Execution_attributes":{"ProcessID":3060,"ThreadID":680},"Channel":"Application","Computer":"IE8Win7","Security_attributes":{"UserID":"S-1-5-18"}},"UserData":{"RmSessionEvent_attributes":{"xmlns:auto-ns2":"http://schemas.microsoft.com/win/2004/08/events","xmlns":"http://www.microsoft.com/2005/08/Windows/Reliability/RestartManager/"},"RmSessionEvent":{"RmSessionId":0,"UTCStartTime":"2014-11-22T01:32:26.568000Z"}}}}
{"Event_attributes":{"xmlns":"http://schemas.microsoft.com/win/2004/08/events/event"},"Event":{"System":{"Provider_attributes":{"Name":"VSS"},"EventID_attributes":{"Qualifiers":0},"EventID":8224,"Level":4,"Task":0,"Keywords":"0x80000000000000","TimeCreated_attributes":{"SystemTime":"2014-11-22T01:41:04.000000Z"},"EventRecordID":926,"Channel":"Application","Computer":"IE8Win7","Security":null},"EventData":{"Data":{"#text":""},"Binary":"2D20436F64653A2020434F525356434330303030303737332D2043616C6C3A2020434F525356434330303030303735352D205049443A202030303030323230302D205449443A202030303030333839322D20434D443A2020433A5C57696E646F77735C73797374656D33325C76737376632E6578652020202D20557365723A204E616D653A204E5420415554484F524954595C53595354454D2C205349443A532D312D352D313820"}}}
{"Event_attributes":{"xmlns":"http://schemas.microsoft.com/win/2004/08/events/event"},"Event":{"System":{"Provider_attributes":{"Name":".NET Runtime Optimization Service"},"EventID_attributes":{"Qualifiers":0},"EventID":1101,"Level":2,"Task":0,"Keywords":"0x80000000000000","TimeCreated_attributes":{"SystemTime":"2014-11-22T01:41:06.000000Z"},"EventRecordID":927,"Channel":"Application","Computer":"IE8Win7","Security":null},"EventData":{"Data":{"#text":[".NET Runtime Optimization Service (clr_optimization_v4.0.30319_32) - Failed to compile System.Data.OracleClient, Version=2.0.0.0, Culture=Neutral, PublicKeyToken=b77a5c561934e089, processorArchitecture=x86 because of the following error: The process cannot access the file because it is being used by another process. (Exception from HRESULT: 0x80070020).\n","System.Data.OracleClient, Version=2.0.0.0, Culture=Neutral, PublicKeyToken=b77a5c561934e089, processorArchitecture=x86"]},"Binary":null}}}
{"Event_attributes":{"xmlns":"http://schemas.microsoft.com/win/2004/08/events/event"},"Event":{"System":{"Provider_attributes":{"Name":".NET Runtime Optimization Service"},"EventID_attributes":{"Qualifiers":0},"EventID":1101,"Level":2,"Task":0,"Keywords":"0x80000000000000","TimeCreated_attributes":{"SystemTime":"2014-11-22T01:41:08.000000Z"},"EventRecordID":928,"Channel":"Application","Computer":"IE8Win7","Security":null},"EventData":{"Data":{"#text":[".NET Runtime Optimization Service (clr_optimization_v4.0.30319_32) - Failed to compile System.Design, Version=2.0.0.0, Culture=Neutral, PublicKeyToken=b03f5f7f11d50a3a, processorArchitecture=msil because of the following error: The process cannot access the file because it is being used by another process. (Exception from HRESULT: 0x80070020).\n","System.Design, Version=2.0.0.0, Culture=Neutral, PublicKeyToken=b03f5f7f11d50a3a, processorArchitecture=msil"]},"Binary":null}}}
{"Event_attributes":{"xmlns":"http://schemas.microsoft.com/win/2004/08/events/event"},"Event":{"System":{"Provider_attributes":{"Name":".NET Runtime Optimization Service"},"EventID_attributes":{"Qualifiers":0},"EventID":1101,"Level":2,"Task":0,"Keywords":"0x80000000000000","TimeCreated_attributes":{"SystemTime":"2014-11-22T01:41:09.000000Z"},"EventRecordID":929,"Channel":"Application","Computer":"IE8Win7","Security":null},"EventData":{"Data":{"#text":[".NET Runtime Optimization Service (clr_optimization_v4.0.30319_32) - Failed to compile System.DirectoryServices, Version=2.0.0.0, Culture=Neutral, PublicKeyToken=b03f5f7f11d50a3a, processorArchitecture=msil because of the following error: The process cannot access the file because it is being used by another process. (Exception from HRESULT: 0x80070020).\n","System.DirectoryServices, Version=2.0.0.0, Culture=Neutral, PublicKeyToken=b03f5f7f11d50a3a, processorArchitecture=msil"]},"Binary":null}}}
{"Event_attributes":{"xmlns":"http://schemas.microsoft.com/win/2004/08/events/event"},"Event":{"System":{"Provider_attributes":{"Name":".NET Runtime Optimization Service"},"EventID_attributes":{"Qualifiers":0},"EventID":1101,"Level":2,"Task":0,"Keywords":"0x80000000000000","TimeCreated_attributes":{"SystemTime":"2014-11-22T01:41:09.000000Z"},"EventRecordID":930,"Channel":"Application","Computer":"IE8Win7","Security":null},"EventData":{"Data":{"#text":[".NET Runtime Optimization Service (clr_optimization_v4.0.30319_32) - Failed to compile System.DirectoryServices.Protocols, Version=2.0.0.0, Culture=Neutral, PublicKeyToken=b03f5f7f11d50a3a, processorArchitecture=msil because of the following error: The process cannot access the file because it is being used by another process. (Exception from HRESULT: 0x80070020).\n","System.DirectoryServices.Protocols, Version=2.0.0.0, Culture=Neutral, PublicKeyToken=b03f5f7f11d50a3a, processorArchitecture=msil"]},"Binary":null}}}
{"Event_attributes":{"xmlns":"http://schemas.microsoft.com/win/2004/08/events/event"},"Event":{"System":{"Provider_attributes":{"Name":".NET Runtime Optimization Service"},"EventID_attributes":{"Qualifiers":0},"EventID":1101,"Level":2,"Task":0,"Keywords":"0x80000000000000","TimeCreated_attributes":{"SystemTime":"2014-11-22T01:41:09.000000Z"},"EventRecordID":931,"Channel":"Application","Computer":"IE8Win7","Security":null},"EventData":{"Data":{"#text":[".NET Runtime Optimization Service (clr_optimization_v4.0.30319_32) - Failed to compile System.Drawing, Version=2.0.0.0, Culture=Neutral, PublicKeyToken=b03f5f7f11d50a3a, processorArchitecture=msil because of the following error: The process cannot access the file because it is being used by another process. (Exception from HRESULT: 0x80070020).\n","System.Drawing, Version=2.0.0.0, Culture=Neutral, PublicKeyToken=b03f5f7f11d50a3a, processorArchitecture=msil"]},"Binary":null}}}
{"Event_attributes":{"xmlns":"http://schemas.microsoft.com/win/2004/08/events/event"},"Event":{"System":{"Provider_attributes":{"Name":".NET Runtime Optimization Service"},"EventID_attributes":{"Qualifiers":0},"EventID":1101,"Level":2,"Task":0,"Keywords":"0x80000000000000","TimeCreated_attributes":{"SystemTime":"2014-11-22T01:41:09.000000Z"},"EventRecordID":932,"Channel":"Application","Computer":"IE8Win7","Security":null},"EventData":{"Data":{"#text":[".NET Runtime Optimization Service (clr_optimization_v4.0.30319_32) - Failed to compile System.Drawing.Design, Version=2.0.0.0, Culture=Neutral, PublicKeyToken=b03f5f7f11d50a3a, processorArchitecture=msil because of the following error: The process cannot access the file because it is being used by another process. (Exception from HRESULT: 0x80070020).\n","System.Drawing.Design, Version=2.0.0.0, Culture=Neutral, PublicKeyToken=b03f5f7f11d50a3a, processorArchitecture=msil"]},"Binary":null}}}
{"Event_attributes":{"xmlns":"http://schemas.microsoft.com/win/2004/08/events/event"},"Event":{"System":{"Provider_attributes":{"Name":".NET Runtime Optimization Service"},"EventID_attributes":{"Qualifiers":0},"EventID":1101,"Level":2,"Task":0,"Keywords":"0x80000000000000","TimeCreated_attributes":{"SystemTime":"2014-11-22T01:41:09.000000Z"},"EventRecordID":933,"Channel":"Application","Computer":"IE8Win7","Security":null},"EventData":{"Data":{"#text":[".NET Runtime Optimization Service (clr_optimization_v4.0.30319_32) - Failed to compile System.EnterpriseServices, Version=2.0.0.0, Culture=Neutral, PublicKeyToken=b03f5f7f11d50a3a, processorArchitecture=x86 because of the following error: The process cannot access the file because it is being used by another process. (Exception from HRESULT: 0x80070020).\n","System.EnterpriseServices, Version=2.0.0.0, Culture=Neutral, PublicKeyToken=b03f5f7f11d50a3a, processorArchitecture=x86"]},"Binary":null}}}
{"Event_attributes":{"xmlns":"http://schemas.microsoft.com/win/2004/08/events/event"},"Event":{"System":{"Provider_attributes":{"Name":".NET Runtime Optimization Service"},"EventID_attributes":{"Qualifiers":0},"EventID":1101,"Level":2,"Task":0,"Keywords":"0x80000000000000","TimeCreated_attributes":{"SystemTime":"2014-11-22T01:41:11.000000Z"},"EventRecordID":934,"Channel":"Application","Computer":"IE8Win7","Security":null},"EventData":{"Data":{"#text":[".NET Runtime Optimization Service (clr_optimization_v4.0.30319_32) - Failed to compile System.Messaging, Version=2.0.0.0, Culture=Neutral, PublicKeyToken=b03f5f7f11d50a3a, processorArchitecture=msil because of the following error: The process cannot access the file because it is being used by another process. (Exception from HRESULT: 0x80070020).\n","System.Messaging, Version=2.0.0.0, Culture=Neutral, PublicKeyToken=b03f5f7f11d50a3a, processorArchitecture=msil"]},"Binary":null}}}
{"Event_attributes":{"xmlns":"http://schemas.microsoft.com/win/2004/08/events/event"},"Event":{"System":{"Provider_attributes":{"Name":".NET Runtime Optimization Service"},"EventID_attributes":{"Qualifiers":0},"EventID":1101,"Level":2,"Task":0,"Keywords":"0x80000000000000","TimeCreated_attributes":{"SystemTime":"2014-11-22T01:41:12.000000Z"},"EventRecordID":935,"Channel":"Application","Computer":"IE8Win7","Security":null},"EventData":{"Data":{"#text":[".NET Runtime Optimization Service (clr_optimization_v4.0.30319_32) - Failed to compile System.Runtime.Serialization.Formatters.Soap, Version=2.0.0.0, Culture=Neutral, PublicKeyToken=b03f5f7f11d50a3a, processorArchitecture=msil because of the following error: The process cannot access the file because it is being used by another process. (Exception from HRESULT: 0x80070020).\n","System.Runtime.Serialization.Formatters.Soap, Version=2.0.0.0, Culture=Neutral, PublicKeyToken=b03f5f7f11d50a3a, processorArchitecture=msil"]},"Binary":null}}}
{"Event_attributes":{"xmlns":"http://schemas.microsoft.com/win/2004/08/events/event"},"Event":{"System":{"Provider_attributes":{"Name":".NET Runtime Optimization Service"},"EventID_attributes":{"Qualifiers":0},"EventID":1101,"Level":2,"Task":0,"Keywords":"0x80000000000000","TimeCreated_attributes":{"SystemTime":"2014-11-22T01:41:12.000000Z"},"EventRecordID":936,"Channel":"Application","Computer":"IE8Win7","Security":null},"EventData":{"Data":{"#text":[".NET Runtime Optimization Service (clr_optimization_v4.0.30319_32) - Failed to compile System.Security, Version=2.0.0.0, Culture=Neutral, PublicKeyToken=b03f5f7f11d50a3a, processorArchitecture=msil because of the following error: The process cannot access the file because it is being used by another process. (Exception from HRESULT: 0x80070020).\n","System.Security, Version=2.0.0.0, Culture=Neutral, PublicKeyToken=b03f5f7f11d50a3a, processorArchitecture=msil"]},"Binary":null}}}
{"Event_attributes":{"xmlns":"http://schemas.microsoft.com/win/2004/08/events/event"},"Event":{"System":{"Provider_attributes":{"Name":".NET Runtime Optimization Service"},"EventID_attributes":{"Qualifiers":0},"EventID":1101,"Level":2,"Task":0,"Keywords":"0x80000000000000","TimeCreated_attributes":{"SystemTime":"2014-11-22T01:41:13.000000Z"},"EventRecordID":937,"Channel":"Application","Computer":"IE8Win7","Security":null},"EventData":{"Data":{"#text":[".NET Runtime Optimization Service (clr_optimization_v4.0.30319_32) - Failed to compile System.ServiceProcess, Version=2.0.0.0, Culture=Neutral, PublicKeyToken=b03f5f7f11d50a3a, processorArchitecture=msil because of the following error: The process cannot access the file because it is being used by another process. (Exception from HRESULT: 0x80070020).\n","System.ServiceProcess, Version=2.0.0.0, Culture=Neutral, PublicKeyToken=b03f5f7f11d50a3a, processorArchitecture=msil"]},"Binary":null}}}
{"Event_attributes":{"xmlns":"http://schemas.microsoft.com/win/2004/08/events/event"},"Event":{"System":{"Provider_attributes":{"Name":".NET Runtime Optimization Service"},"EventID_attributes":{"Qualifiers":0},"EventID":1101,"Level":2,"Task":0,"Keywords":"0x80000000000000","TimeCreated_attributes":{"SystemTime":"2014-11-22T01:41:14.000000Z"},"EventRecordID":938,"Channel":"Application","Computer":"IE8Win7","Security":null},"EventData":{"Data":{"#text":[".NET Runtime Optimization Service (clr_optimization_v4.0.30319_32) - Failed to compile System.Web, Version=2.0.0.0, Culture=Neutral, PublicKeyToken=b03f5f7f11d50a3a, processorArchitecture=x86 because of the following error: The process cannot access the file because it is being used by another process. (Exception from HRESULT: 0x80070020).\n","System.Web, Version=2.0.0.0, Culture=Neutral, PublicKeyToken=b03f5f7f11d50a3a, processorArchitecture=x86"]},"Binary":null}}}
{"Event_attributes":{"xmlns":"http://schemas.microsoft.com/win/2004/08/events/event"},"Event":{"System":{"Provider_attributes":{"Name":".NET Runtime Optimization Service"},"EventID_attributes":{"Qualifiers":0},"EventID":1101,"Level":2,"Task":0,"Keywords":"0x80000000000000","TimeCreated_attributes":{"SystemTime":"2014-11-22T01:41:14.000000Z"},"EventRecordID":939,"Channel":"Application","Computer":"IE8Win7","Security":null},"EventData":{"Data":{"#text":[".NET Runtime Optimization Service (clr_optimization_v4.0.30319_32) - Failed to compile System.Web.Abstractions, Version=3.5.0.0, Culture=Neutral, PublicKeyToken=31bf3856ad364e35, processorArchitecture=msil because of the following error: The process cannot access the file because it is being used by another process. (Exception from HRESULT: 0x80070020).\n","System.Web.Abstractions, Version=3.5.0.0, Culture=Neutral, PublicKeyToken=31bf3856ad364e35, processorArchitecture=msil"]},"Binary":null}}}
{"Event_attributes":{"xmlns":"http://schemas.microsoft.com/win/2004/08/events/event"},"Event":{"System":{"Provider_attributes":{"Name":".NET Runtime Optimization Service"},"EventID_attributes":{"Qualifiers":0},"EventID":1101,"Level":2,"Task":0,"Keywords":"0x80000000000000","TimeCreated_attributes":{"SystemTime":"2014-11-22T01:41:15.000000Z"},"EventRecordID":940,"Channel":"Application","Computer":"IE8Win7","Security":null},"EventData":{"Data":{"#text":[".NET Runtime Optimization Service (clr_optimization_v4.0.30319_32) - Failed to compile System.Web.DynamicData, Version=3.5.0.0, Culture=Neutral, PublicKeyToken=31bf3856ad364e35, processorArchitecture=msil because of the following error: The process cannot access the file because it is being used by another process. (Exception from HRESULT: 0x80070020).\n","System.Web.DynamicData, Version=3.5.0.0, Culture=Neutral, PublicKeyToken=31bf3856ad364e35, processorArchitecture=msil"]},"Binary":null}}}
{"Event_attributes":{"xmlns":"http://schemas.microsoft.com/win/2004/08/events/event"},"Event":{"System":{"Provider_attributes":{"Name":".NET Runtime Optimization Service"},"EventID_attributes":{"Qualifiers":0},"EventID":1101,"Level":2,"Task":0,"Keywords":"0x80000000000000","TimeCreated_attributes":{"SystemTime":"2014-11-22T01:41:17.000000Z"},"EventRecordID":941,"Channel":"Application","Computer":"IE8Win7","Security":null},"EventData":{"Data":{"#text":[".NET Runtime Optimization Service (clr_optimization_v4.0.30319_32) - Failed to compile System.Web.Extensions, Version=3.5.0.0, Culture=Neutral, PublicKeyToken=31bf3856ad364e35, processorArchitecture=msil because of the following error: The process cannot access the file because it is being used by another process. (Exception from HRESULT: 0x80070020).\n","System.Web.Extensions, Version=3.5.0.0, Culture=Neutral, PublicKeyToken=31bf3856ad364e35, processorArchitecture=msil"]},"Binary":null}}}
{"Event_attributes":{"xmlns":"http://schemas.microsoft.com/win/2004/08/events/event"},"Event":{"System":{"Provider_attributes":{"Name":".NET Runtime Optimization Service"},"EventID_attributes":{"Qualifiers":0},"EventID":1101,"Level":2,"Task":0,"Keywords":"0x80000000000000","TimeCreated_attributes":{"SystemTime":"2014-11-22T01:41:17.000000Z"},"EventRecordID":942,"Channel":"Application","Computer":"IE8Win7","Security":null},"EventData":{"Data":{"#text":[".NET Runtime Optimization Service (clr_optimization_v4.0.30319_32) - Failed to compile System.Web.Mobile, Version=2.0.0.0, Culture=Neutral, PublicKeyToken=b03f5f7f11d50a3a, processorArchitecture=msil because of the following error: The process cannot access the file because it is being used by another process. (Exception from HRESULT: 0x80070020).\n","System.Web.Mobile, Version=2.0.0.0, Culture=Neutral, PublicKeyToken=b03f5f7f11d50a3a, processorArchitecture=msil"]},"Binary":null}}}
{"Event_attributes":{"xmlns":"http://schemas.microsoft.com/win/2004/08/events/event"},"Event":{"System":{"Provider_attributes":{"Name":".NET Runtime Optimization Service"},"EventID_attributes":{"Qualifiers":0},"EventID":1101,"Level":2,"Task":0,"Keywords":"0x80000000000000","TimeCreated_attributes":{"SystemTime":"2014-11-22T01:41:18.000000Z"},"EventRecordID":943,"Channel":"Application","Computer":"IE8Win7","Security":null},"EventData":{"Data":{"#text":[".NET Runtime Optimization Service (clr_optimization_v4.0.30319_32) - Failed to compile System.Web.RegularExpressions, Version=2.0.0.0, Culture=Neutral, PublicKeyToken=b03f5f7f11d50a3a, processorArchitecture=msil because of the following error: The process cannot access the file because it is being used by another process. (Exception from HRESULT: 0x80070020).\n","System.Web.RegularExpressions, Version=2.0.0.0, Culture=Neutral, PublicKeyToken=b03f5f7f11d50a3a, processorArchitecture=msil"]},"Binary":null}}}
{"Event_attributes":{"xmlns":"http://schemas.microsoft.com/win/2004/08/events/event"},"Event":{"System":{"Provider_attributes":{"Name":".NET Runtime Optimization Service"},"EventID_attributes":{"Qualifiers":0},"EventID":1101,"Level":2,"Task":0,"Keywords":"0x80000000000000","TimeCreated_attributes":{"SystemTime":"2014-11-22T01:41:18.000000Z"},"EventRecordID":944,"Channel":"Application","Computer":"IE8Win7","Security":null},"EventData":{"Data":{"#text":[".NET Runtime Optimization Service (clr_optimization_v4.0.30319_32) - Failed to compile System.Web.Routing, Version=3.5.0.0, Culture=Neutral, PublicKeyToken=31bf3856ad364e35, processorArchitecture=msil because of the following error: The process cannot access the file because it is being used by another process. (Exception from HRESULT: 0x80070020).\n","System.Web.Routing, Version=3.5.0.0, Culture=Neutral, PublicKeyToken=31bf3856ad364e35, processorArchitecture=msil"]},"Binary":null}}}
{"Event_attributes":{"xmlns":"http://schemas.microsoft.com/win/2004/08/events/event"},"Event":{"System":{"Provider_attributes":{"Name":".NET Runtime Optimization Service"},"EventID_attributes":{"Qualifiers":0},"EventID":1101,"Level":2,"Task":0,"Keywords":"0x80000000000000","TimeCreated_attributes":{"SystemTime":"2014-11-22T01:41:18.000000Z"},"EventRecordID":945,"Channel":"Application","Computer":"IE8Win7","Security":null},"EventData":{"Data":{"#text":[".NET Runtime Optimization Service (clr_optimization_v4.0.30319_32) - Failed to compile System.Web.Services, Version=2.0.0.0, Culture=Neutral, PublicKeyToken=b03f5f7f11d50a3a, processorArchitecture=msil because of the following error: The process cannot access the file because it is being used by another process. (Exception from HRESULT: 0x80070020).\n","System.Web.Services, Version=2.0.0.0, Culture=Neutral, PublicKeyToken=b03f5f7f11d50a3a, processorArchitecture=msil"]},"Binary":null}}}
{"Event_attributes":{"xmlns":"http://schemas.microsoft.com/win/2004/08/events/event"},"Event":{"System":{"Provider_attributes":{"Name":".NET Runtime Optimization Service"},"EventID_attributes":{"Qualifiers":0},"EventID":1101,"Level":2,"Task":0,"Keywords":"0x80000000000000","TimeCreated_attributes":{"SystemTime":"2014-11-22T01:41:18.000000Z"},"EventRecordID":946,"Channel":"Application","Computer":"IE8Win7","Security":null},"EventData":{"Data":{"#text":[".NET Runtime Optimization Service (clr_optimization_v4.0.30319_32) - Failed to compile System.Windows.Forms, Version=2.0.0.0, Culture=Neutral, PublicKeyToken=b77a5c561934e089, processorArchitecture=msil because of the following error: The process cannot access the file because it is being used by another process. (Exception from HRESULT: 0x80070020).\n","System.Windows.Forms, Version=2.0.0.0, Culture=Neutral, PublicKeyToken=b77a5c561934e089, processorArchitecture=msil"]},"Binary":null}}}
{"Event_attributes":{"xmlns":"http://schemas.microsoft.com/win/2004/08/events/event"},"Event":{"System":{"Provider_attributes":{"Name":".NET Runtime Optimization Service"},"EventID_attributes":{"Qualifiers":0},"EventID":1101,"Level":2,"Task":0,"Keywords":"0x80000000000000","TimeCreated_attributes":{"SystemTime":"2014-11-22T01:41:21.000000Z"},"EventRecordID":947,"Channel":"Application","Computer":"IE8Win7","Security":null},"EventData":{"Data":{"#text":[".NET Runtime Optimization Service (clr_optimization_v4.0.30319_32) - Failed to compile System.Xml, Version=2.0.0.0, Culture=Neutral, PublicKeyToken=b77a5c561934e089, processorArchitecture=msil because of the following error: The process cannot access the file because it is being used by another process. (Exception from HRESULT: 0x80070020).\n","System.Xml, Version=2.0.0.0, Culture=Neutral, PublicKeyToken=b77a5c561934e089, processorArchitecture=msil"]},"Binary":null}}}
{"Event_attributes":{"xmlns":"http://schemas.microsoft.com/win/2004/08/events/event"},"Event":{"System":{"Provider_attributes":{"Name":".NET Runtime Optimization Service"},"EventID_attributes":{"Qualifiers":0},"EventID":1101,"Level":2,"Task":0,"Keywords":"0x80000000000000","TimeCreated_attributes":{"SystemTime":"2014-11-22T01:41:24.000000Z"},"EventRecordID":948,"Channel":"Application","Computer":"IE8Win7","Security":null},"EventData":{"Data":{"#text":[".NET Runtime Optimization Service (clr_optimization_v4.0.30319_32) - Failed to compile WsatConfig, Version=3.0.0.0, Culture=Neutral, PublicKeyToken=b03f5f7f11d50a3a, processorArchitecture=msil because of the following error: The specified module could not be found. (Exception from HRESULT: 0x8007007E).\n","WsatConfig, Version=3.0.0.0, Culture=Neutral, PublicKeyToken=b03f5f7f11d50a3a, processorArchitecture=msil"]},"Binary":null}}}
{"Event_attributes":{"xmlns":"http://schemas.microsoft.com/win/2004/08/events/event"},"Event":{"System":{"Provider_attributes":{"Name":"Microsoft-Windows-User Profiles Service","Guid":"89B1E9F0-5AFF-44A6-9B44-0A07A7CE5845"},"EventID":1532,"Version":0,"Level":4,"Task":0,"Opcode":0,"Keywords":"0x8000000000000000","TimeCreated_attributes":{"SystemTime":"2014-11-22T01:43:24.286750Z"},"EventRecordID":949,"Correlation":null,"Execution_attributes":{"ProcessID":864,"ThreadID":948},"Channel":"Application","Computer":"IE8Win7","Security_attributes":{"UserID":"S-1-5-18"}},"EventData":null}}
{"Event_attributes":{"xmlns":"http://schemas.microsoft.com/win/2004/08/events/event"},"Event":{"System":{"Provider_attributes":{"Name":"Microsoft-Windows-EventSystem","Guid":"{899daace-4868-4295-afcd-9eb8fb497561}","EventSourceName":"EventSystem"},"EventID_attributes":{"Qualifiers":16384},"EventID":4625,"Version":0,"Level":4,"Task":0,"Opcode":0,"Keywords":"0x80000000000000","TimeCreated_attributes":{"SystemTime":"2014-11-24T05:07:38.000000Z"},"EventRecordID":950,"Correlation":null,"Execution_attributes":{"ProcessID":0,"ThreadID":0},"Channel":"Application","Computer":"IE8Win7","Security":null},"EventData":{"param1":"86400","param2":"SuppressDuplicateDuration","param3":"Software\\Microsoft\\EventSystem\\EventLog"}}}
{"Event_attributes":{"xmlns":"http://schemas.microsoft.com/win/2004/08/events/event"},"Event":{"System":{"Provider_attributes":{"Name":"Microsoft-Windows-User Profiles Service","Guid":"89B1E9F0-5AFF-44A6-9B44-0A07A7CE5845"},"EventID":1531,"Version":0,"Level":4,"Task":0,"Opcode":0,"Keywords":"0x8000000000000000","TimeCreated_attributes":{"SystemTime":"2014-11-24T05:07:38.343750Z"},"EventRecordID":951,"Correlation":null,"Execution_attributes":{"ProcessID":868,"ThreadID":928},"Channel":"Application","Computer":"IE8Win7","Security_attributes":{"UserID":"S-1-5-18"}},"EventData":null}}
{"Event_attributes":{"xmlns":"http://schemas.microsoft.com/win/2004/08/events/event"},"Event":{"System":{"Provider_attributes":{"Name":"Microsoft-Windows-WMI","Guid":"{1edeee53-0afe-4609-b846-d8c0b2075b1f}","EventSourceName":"WinMgmt"},"EventID_attributes":{"Qualifiers":49152},"EventID":5615,"Version":0,"Level":0,"Task":0,"Opcode":0,"Keywords":"0x80000000000000","TimeCreated_attributes":{"SystemTime":"2014-11-24T05:07:42.000000Z"},"EventRecordID":952,"Correlation":null,"Execution_attributes":{"ProcessID":0,"ThreadID":0},"Channel":"Application","Computer":"IE8Win7","Security":null},"EventData":{"Data":{"#text":""},"Binary":null}}}
{"Event_attributes":{"xmlns":"http://schemas.microsoft.com/win/2004/08/events/event"},"Event":{"System":{"Provider_attributes":{"Name":"Microsoft-Windows-Security-SPP","Guid":"{E23B33B0-C8C9-472C-A5F9-F2BDFEA0F156}","EventSourceName":"Software Protection Platform Service"},"EventID_attributes":{"Qualifiers":16384},"EventID":900,"Version":0,"Level":4,"Task":0,"Opcode":0,"Keywords":"0x80000000000000","TimeCreated_attributes":{"SystemTime":"2014-11-24T05:07:42.000000Z"},"EventRecordID":953,"Correlation":null,"Execution_attributes":{"ProcessID":0,"ThreadID":0},"Channel":"Application","Computer":"IE8Win7","Security":null},"EventData":{"Data":{"#text":""},"Binary":null}}}
{"Event_attributes":{"xmlns":"http://schemas.microsoft.com/win/2004/08/events/event"},"Event":{"System":{"Provider_attributes":{"Name":"Microsoft-Windows-Security-SPP","Guid":"{E23B33B0-C8C9-472C-A5F9-F2BDFEA0F156}","EventSourceName":"Software Protection Platform Service"},"EventID_attributes":{"Qualifiers":16384},"EventID":1066,"Version":0,"Level":4,"Task":0,"Opcode":0,"Keywords":"0x80000000000000","TimeCreated_attributes":{"SystemTime":"2014-11-24T05:07:43.000000Z"},"EventRecordID":954,"Correlation":null,"Execution_attributes":{"ProcessID":0,"ThreadID":0},"Channel":"Application","Computer":"IE8Win7","Security":null},"EventData":{"Data":{"#text":"C:\\Windows\\system32\\sppwinob.dll, msft:spp/windowsfunctionality/agent/7.0, 0x00000000, 0x00000000\nC:\\Windows\\system32\\sppobjs.dll, msft:rm/algorithm/phone/1.0, 0x00000000, 0x00000000\nC:\\Windows\\system32\\sppobjs.dll, msft:rm/algorithm/pkey/2005, 0x00000000, 0x00000000\nC:\\Windows\\system32\\sppobjs.dll, msft:spp/TaskScheduler/1.0, 0x00000000, 0x00000000\nC:\\Windows\\system32\\sppobjs.dll, msft:spp/volume/services/kms/1.0, 0x00000000, 0x00000000\nC:\\Windows\\system32\\sppobjs.dll, msft:spp/volume/services/kms/licenserenewal/1.0, 0x00000000, 0x00000000\n"},"Binary":null}}}
{"Event_attributes":{"xmlns":"http://schemas.microsoft.com/win/2004/08/events/event"},"Event":{"System":{"Provider_attributes":{"Name":"Microsoft-Windows-WMI","Guid":"{1edeee53-0afe-4609-b846-d8c0b2075b1f}","EventSourceName":"WinMgmt"},"EventID_attributes":{"Qualifiers":49152},"EventID":5617,"Version":0,"Level":0,"Task":0,"Opcode":0,"Keywords":"0x80000000000000","TimeCreated_attributes":{"SystemTime":"2014-11-24T05:07:44.000000Z"},"EventRecordID":955,"Correlation":null,"Execution_attributes":{"ProcessID":0,"ThreadID":0},"Channel":"Application","Computer":"IE8Win7","Security":null},"EventData":{"Data":{"#text":""},"Binary":null}}}
{"Event_attributes":{"xmlns":"http://schemas.microsoft.com/win/2004/08/events/event"},"Event":{"System":{"Provider_attributes":{"Name":"Microsoft-Windows-Security-SPP","Guid":"{E23B33B0-C8C9-472C-A5F9-F2BDFEA0F156}","EventSourceName":"Software Protection Platform Service"},"EventID_attributes":{"Qualifiers":16384},"EventID":1004,"Version":0,"Level":4,"Task":0,"Opcode":0,"Keywords":"0x80000000000000","TimeCreated_attributes":{"SystemTime":"2014-11-24T05:07:45.000000Z"},"EventRecordID":956,"Correlation":null,"Execution_attributes":{"ProcessID":0,"ThreadID":0},"Channel":"Application","Computer":"IE8Win7","Security":null},"EventData":{"Data":{"#text":["Windows(TM) - Component PPD License (NetworkSecurity)","b1d0a08e-b875-344e-ea23-c5ef62d74c32"]},"Binary":null}}}
{"Event_attributes":{"xmlns":"http://schemas.microsoft.com/win/2004/08/events/event"},"Event":{"System":{"Provider_attributes":{"Name":"Microsoft-Windows-Security-SPP","Guid":"{E23B33B0-C8C9-472C-A5F9-F2BDFEA0F156}","EventSourceName":"Software Protection Platform Service"},"EventID_attributes":{"Qualifiers":16384},"EventID":1004,"Version":0,"Level":4,"Task":0,"Opcode":0,"Keywords":"0x80000000000000","TimeCreated_attributes":{"SystemTime":"2014-11-24T05:07:45.000000Z"},"EventRecordID":957,"Correlation":null,"Execution_attributes":{"ProcessID":0,"ThreadID":0},"Channel":"Application","Computer":"IE8Win7","Security":null},"EventData":{"Data":{"#text":["Windows(TM) - Component PPD License (TabletPCInputPanel)","3f2a5d05-fdc9-722d-1bae-26480a09b361"]},"Binary":null}}}
{"Event_attributes":{"xmlns":"http://schemas.microsoft.com/win/2004/08/events/event"},"Event":{"System":{"Provider_attributes":{"Name":"Microsoft-Windows-Security-SPP","Guid":"{E23B33B0-C8C9-472C-A5F9-F2BDFEA0F156}","EventSourceName":"Software Protection Platform Service"},"EventID_attributes":{"Qualifiers":16384},"EventID":1033,"Version":0,"Level":4,"Task":0,"Opcode":0,"Keywords":"0x80000000000000","TimeCreated_attributes":{"SystemTime":"2014-11-24T05:07:47.000000Z"},"EventRecordID":958,"Correlation":null,"Execution_attributes":{"ProcessID":0,"ThreadID":0},"Channel":"Application","Computer":"IE8Win7","Security":null},"EventData":{"Data":{"#text":["(IIS-W3SVC-MaxConcurrentRequests) (Microsoft.Windows.Smc-Enabled) (Shell-InBoxGames-FreeCell-EnableGame) (Shell-InBoxGames-Hearts-EnableGame) (Shell-InBoxGames-Minesweeper-EnableGame) (Shell-InBoxGames-PurblePlace-EnableGame) (Shell-InBoxGames-Shanghai-EnableGame) (Shell-InBoxGames-Solitaire-EnableGame) (Shell-InBoxGames-SpiderSolitaire-EnableGame) (Shell-MultiplayerInboxGames-Backgammon-EnableGame) (Shell-MultiplayerInboxGames-Checkers-EnableGame) (Shell-MultiplayerInboxGames-Spades-EnableGame) (Shell-PremiumInBoxGames-Chess-EnableGame) (Telnet-Client-EnableTelnetClient) (Telnet-Server-EnableTelnetServer) (TiffIFilterLicensing-EnableTiffIFilter) (nfs-admincmdtools-enabled) (nfs-adminmmc-enabled) (nfs-clientcmdtools-enabled) (nfs-clientcore-enabled) (sua-EnableSUA) ","55c92734-d682-4d71-983e-d6ec3f16059f","8dffd6e4-0497-4c35-b7d7-e47cf464cf30"]},"Binary":null}}}
{"Event_attributes":{"xmlns":"http://schemas.microsoft.com/win/2004/08/events/event"},"Event":{"System":{"Provider_attributes":{"Name":"Microsoft-Windows-Security-SPP","Guid":"{E23B33B0-C8C9-472C-A5F9-F2BDFEA0F156}","EventSourceName":"Software Protection Platform Service"},"EventID_attributes":{"Qualifiers":16384},"EventID":1003,"Version":0,"Level":4,"Task":0,"Opcode":0,"Keywords":"0x80000000000000","TimeCreated_attributes":{"SystemTime":"2014-11-24T05:07:47.000000Z"},"EventRecordID":959,"Correlation":null,"Execution_attributes":{"ProcessID":0,"ThreadID":0},"Channel":"Application","Computer":"IE8Win7","Security":null},"EventData":{"Data":{"#text":["55c92734-d682-4d71-983e-d6ec3f16059f","\n1: 358fb95b-0090-44fb-883a-75734e060c30, 1, 0 [(0 [0xC004F014, 0, 0], [(?)(?)(?)(?)(?)(?)])(1 )(2 )]\n2: 4f00134f-b514-4626-a74b-a8ec7c8dfe92, 1, 0 [(0 [0xC004F014, 0, 0], [(?)(?)(?)(?)(?)(?)])(1 )(2 )]\n3: 8dffd6e4-0497-4c35-b7d7-e47cf464cf30, 1, 0 [(0 )(1 )(2 [0x00000000, 0, 0], [( 5 0xC004F009 10 0)( 5 0xC004F009 10 0)( 1 0x00000000 0 0 msft:rm/algorithm/flags/1.0 0x00000000 0)(?)(?)( 9 0x00000000 0xC004F009)])]\n4: 92f9d22a-65f5-49a7-90fe-06491b4fc379, 1, 0 [(0 [0xC004F014, 0, 0], [(?)(?)(?)(?)(?)(?)])(1 )(2 )]\n5: 9abf5984-9c16-46f2-ad1e-7fe15931a8dd, 1, 0 [(0 [0xC004F014, 0, 0], [(?)(?)(?)(?)(?)(?)])(1 )(2 )]\n6: ae2ee509-1b34-41c0-acb7-6d4650168915, 1, 0 [(0 [0xC004F014, 0, 0], [(?)(?)(?)(?)(?)(?)])(1 )(2 )]\n7: b793ff2d-9d80-407c-b521-85111c51028c, 1, 0 [(0 [0xC004F014, 0, 0], [(?)(?)(?)(?)(?)(?)])(1 )(2 )]\n8: cff07cac-7534-4cc3-b3f3-99e1a0aa3c20, 1, 0 [(0 [0xC004F014, 0, 0], [(?)(?)(?)(?)(?)(?)])(1 )(2 )]\n9: d188820a-cb63-4bad-a9a2-40b843ee23b7, 1, 0 [(0 [0xC004F014, 0, 0], [(?)(?)(?)(?)(?)(?)])(1 )(2 )]\n10: 4a8149bb-7d61-49f4-8822-82c7bf88d64b, 1, 0 [(0 [0xC004F014, 0, 0], [(?)(?)(?)(?)(?)(?)])(1 )(2 )]\n11: afd5f68f-b70f-4000-a21d-28dbc8be8b07, 1, 0 [(0 [0xC004F014, 0, 0], [(?)(?)(?)(?)(?)(?)])(1 )(2 )]\n\n"]},"Binary":null}}}
{"Event_attributes":{"xmlns":"http://schemas.microsoft.com/win/2004/08/events/event"},"Event":{"System":{"Provider_attributes":{"Name":"Microsoft-Windows-Security-SPP","Guid":"{E23B33B0-C8C9-472C-A5F9-F2BDFEA0F156}","EventSourceName":"Software Protection Platform Service"},"EventID_attributes":{"Qualifiers":16384},"EventID":902,"Version":0,"Level":0,"Task":0,"Opcode":0,"Keywords":"0x80000000000000","TimeCreated_attributes":{"SystemTime":"2014-11-24T05:07:47.000000Z"},"EventRecordID":960,"Correlation":null,"Execution_attributes":{"ProcessID":0,"ThreadID":0},"Channel":"Application","Computer":"IE8Win7","Security":null},"EventData":{"Data":{"#text":"6.1.7601.17514"},"Binary":null}}}
{"Event_attributes":{"xmlns":"http://schemas.microsoft.com/win/2004/08/events/event"},"Event":{"System":{"Provider_attributes":{"Name":"WLMS"},"EventID_attributes":{"Qualifiers":0},"EventID":100,"Level":4,"Task":0,"Keywords":"0x80000000000000","TimeCreated_attributes":{"SystemTime":"2014-11-24T05:07:47.000000Z"},"EventRecordID":961,"Channel":"Application","Computer":"IE8Win7","Security":null},"EventData":{"Data":{"#text":""},"Binary":null}}}
{"Event_attributes":{"xmlns":"http://schemas.microsoft.com/win/2004/08/events/event"},"Event":{"System":{"Provider_attributes":{"Name":"Microsoft-Windows-Winlogon","Guid":"{DBE9B383-7CF3-4331-91CC-A3CB16A3B538}","EventSourceName":"Winlogon"},"EventID_attributes":{"Qualifiers":32768},"EventID":4105,"Version":0,"Level":3,"Task":0,"Opcode":0,"Keywords":"0x80000000000000","TimeCreated_attributes":{"SystemTime":"2014-11-24T05:08:09.000000Z"},"EventRecordID":962,"Correlation":null,"Execution_attributes":{"ProcessID":0,"ThreadID":0},"Channel":"Application","Computer":"IE8Win7","Security":null},"EventData":{"Data":{"#text":["0x00000000","0x00000000"]},"Binary":null}}}
{"Event_attributes":{"xmlns":"http://schemas.microsoft.com/win/2004/08/events/event"},"Event":{"System":{"Provider_attributes":{"Name":".NET Runtime Optimization Service"},"EventID_attributes":{"Qualifiers":0},"EventID":1107,"Level":2,"Task":0,"Keywords":"0x80000000000000","TimeCreated_attributes":{"SystemTime":"2014-11-24T05:08:11.000000Z"},"EventRecordID":963,"Channel":"Application","Computer":"IE8Win7","Security":null},"EventData":{"Data":{"#text":".NET Runtime Optimization Service (clr_optimization_v4.0.30319_32) - Failed to execute command from the offline queue: uninstall \"System.DirectoryServices.Protocols, Version=2.0.0.0, Culture=Neutral, PublicKeyToken=b03f5f7f11d50a3a, processorArchitecture=msil\" /NoDependencies .  The error returned was Error: The specified assembly is not installed.\n."},"Binary":null}}}
{"Event_attributes":{"xmlns":"http://schemas.microsoft.com/win/2004/08/events/event"},"Event":{"System":{"Provider_attributes":{"Name":".NET Runtime Optimization Service"},"EventID_attributes":{"Qualifiers":0},"EventID":1107,"Level":2,"Task":0,"Keywords":"0x80000000000000","TimeCreated_attributes":{"SystemTime":"2014-11-24T05:08:11.000000Z"},"EventRecordID":964,"Channel":"Application","Computer":"IE8Win7","Security":null},"EventData":{"Data":{"#text":".NET Runtime Optimization Service (clr_optimization_v4.0.30319_32) - Failed to execute command from the offline queue: uninstall \"System.Security, Version=2.0.0.0, Culture=Neutral, PublicKeyToken=b03f5f7f11d50a3a, processorArchitecture=msil\" /NoDependencies .  The error returned was Error: The specified assembly is not installed.\n."},"Binary":null}}}
{"Event_attributes":{"xmlns":"http://schemas.microsoft.com/win/2004/08/events/event"},"Event":{"System":{"Provider_attributes":{"Name":".NET Runtime Optimization Service"},"EventID_attributes":{"Qualifiers":0},"EventID":1107,"Level":2,"Task":0,"Keywords":"0x80000000000000","TimeCreated_attributes":{"SystemTime":"2014-11-24T05:08:11.000000Z"},"EventRecordID":965,"Channel":"Application","Computer":"IE8Win7","Security":null},"EventData":{"Data":{"#text":".NET Runtime Optimization Service (clr_optimization_v4.0.30319_32) - Failed to execute command from the offline queue: uninstall \"System.ServiceProcess, Version=2.0.0.0, Culture=Neutral, PublicKeyToken=b03f5f7f11d50a3a, processorArchitecture=msil\" /NoDependencies .  The error returned was Error: The specified assembly is not installed.\n."},"Binary":null}}}
{"Event_attributes":{"xmlns":"http://schemas.microsoft.com/win/2004/08/events/event"},"Event":{"System":{"Provider_attributes":{"Name":".NET Runtime Optimization Service"},"EventID_attributes":{"Qualifiers":0},"EventID":1107,"Level":2,"Task":0,"Keywords":"0x80000000000000","TimeCreated_attributes":{"SystemTime":"2014-11-24T05:08:11.000000Z"},"EventRecordID":966,"Channel":"Application","Computer":"IE8Win7","Security":null},"EventData":{"Data":{"#text":".NET Runtime Optimization Service (clr_optimization_v4.0.30319_32) - Failed to execute command from the offline queue: uninstall \"System.EnterpriseServices, Version=2.0.0.0, Culture=Neutral, PublicKeyToken=b03f5f7f11d50a3a, processorArchitecture=x86\" /NoDependencies .  The error returned was Error: The specified assembly is not installed.\n."},"Binary":null}}}
{"Event_attributes":{"xmlns":"http://schemas.microsoft.com/win/2004/08/events/event"},"Event":{"System":{"Provider_attributes":{"Name":".NET Runtime Optimization Service"},"EventID_attributes":{"Qualifiers":0},"EventID":1107,"Level":2,"Task":0,"Keywords":"0x80000000000000","TimeCreated_attributes":{"SystemTime":"2014-11-24T05:08:11.000000Z"},"EventRecordID":967,"Channel":"Application","Computer":"IE8Win7","Security":null},"EventData":{"Data":{"#text":".NET Runtime Optimization Service (clr_optimization_v4.0.30319_32) - Failed to execute command from the offline queue: uninstall \"System.Drawing.Design, Version=2.0.0.0, Culture=Neutral, PublicKeyToken=b03f5f7f11d50a3a, processorArchitecture=msil\" /NoDependencies .  The error returned was Error: The specified assembly is not installed.\n."},"Binary":null}}}
{"Event_attributes":{"xmlns":"http://schemas.microsoft.com/win/2004/08/events/event"},"Event":{"System":{"Provider_attributes":{"Name":".NET Runtime Optimization Service"},"EventID_attributes":{"Qualifiers":0},"EventID":1107,"Level":2,"Task":0,"Keywords":"0x80000000000000","TimeCreated_attributes":{"SystemTime":"2014-11-24T05:08:11.000000Z"},"EventRecordID":968,"Channel":"Application","Computer":"IE8Win7","Security":null},"EventData":{"Data":{"#text":".NET Runtime Optimization Service (clr_optimization_v4.0.30319_32) - Failed to execute command from the offline queue: uninstall \"System.Xml, Version=2.0.0.0, Culture=Neutral, PublicKeyToken=b77a5c561934e089, processorArchitecture=msil\" /NoDependencies .  The error returned was Error: The specified assembly is not installed.\n."},"Binary":null}}}
{"Event_attributes":{"xmlns":"http://schemas.microsoft.com/win/2004/08/events/event"},"Event":{"System":{"Provider_attributes":{"Name":".NET Runtime Optimization Service"},"EventID_attributes":{"Qualifiers":0},"EventID":1107,"Level":2,"Task":0,"Keywords":"0x80000000000000","TimeCreated_attributes":{"SystemTime":"2014-11-24T05:08:11.000000Z"},"EventRecordID":969,"Channel":"Application","Computer":"IE8Win7","Security":null},"EventData":{"Data":{"#text":".NET Runtime Optimization Service (clr_optimization_v4.0.30319_32) - Failed to execute command from the offline queue: uninstall \"System.Windows.Forms, Version=2.0.0.0, Culture=Neutral, PublicKeyToken=b77a5c561934e089, processorArchitecture=msil\" /NoDependencies .  The error returned was Error: The specified assembly is not installed.\n."},"Binary":null}}}
{"Event_attributes":{"xmlns":"http://schemas.microsoft.com/win/2004/08/events/event"},"Event":{"System":{"Provider_attributes":{"Name":".NET Runtime Optimization Service"},"EventID_attributes":{"Qualifiers":0},"EventID":1107,"Level":2,"Task":0,"Keywords":"0x80000000000000","TimeCreated_attributes":{"SystemTime":"2014-11-24T05:08:11.000000Z"},"EventRecordID":970,"Channel":"Application","Computer":"IE8Win7","Security":null},"EventData":{"Data":{"#text":".NET Runtime Optimization Service (clr_optimization_v4.0.30319_32) - Failed to execute command from the offline queue: uninstall \"System.Drawing, Version=2.0.0.0, Culture=Neutral, PublicKeyToken=b03f5f7f11d50a3a, processorArchitecture=msil\" /NoDependencies .  The error returned was Error: The specified assembly is not installed.\n."},"Binary":null}}}
{"Event_attributes":{"xmlns":"http://schemas.microsoft.com/win/2004/08/events/event"},"Event":{"System":{"Provider_attributes":{"Name":".NET Runtime Optimization Service"},"EventID_attributes":{"Qualifiers":0},"EventID":1107,"Level":2,"Task":0,"Keywords":"0x80000000000000","TimeCreated_attributes":{"SystemTime":"2014-11-24T05:08:11.000000Z"},"EventRecordID":971,"Channel":"Application","Computer":"IE8Win7","Security":null},"EventData":{"Data":{"#text":".NET Runtime Optimization Service (clr_optimization_v4.0.30319_32) - Failed to execute command from the offline queue: uninstall \"System.DirectoryServices, Version=2.0.0.0, Culture=Neutral, PublicKeyToken=b03f5f7f11d50a3a, processorArchitecture=msil\" /NoDependencies .  The error returned was Error: The specified assembly is not installed.\n."},"Binary":null}}}
