{"Event_attributes":{"xmlns":"http://schemas.microsoft.com/win/2004/08/events/event"},"Event":{"System":{"Provider_attributes":{"Name":"Service Control Manager","Guid":"{555908d1-a6d7-4695-8e1e-26931d2012f4}","EventSourceName":"Service Control Manager"},"EventID_attributes":{"Qualifiers":16384},"EventID":7036,"Version":0,"Level":4,"Task":0,"Opcode":0,"Keywords":"0x8080000000000000","TimeCreated_attributes":{"SystemTime":"2013-10-23T16:18:11.343750Z"},"EventRecordID":287,"Correlation":null,"Execution_attributes":{"ProcessID":488,"ThreadID":588},"Channel":"System","Computer":"IE8Win7","Security":null},"EventData":{"param1":"Plug and Play","param2":"stopped","Binary":"50006C007500670050006C00610079002F0031000000"}}}
{"Event_attributes":{"xmlns":"http://schemas.microsoft.com/win/2004/08/events/event"},"Event":{"System":{"Provider_attributes":{"Name":"Service Control Manager","Guid":"{555908d1-a6d7-4695-8e1e-26931d2012f4}","EventSourceName":"Service Control Manager"},"EventID_attributes":{"Qualifiers":16384},"EventID":7036,"Version":0,"Level":4,"Task":0,"Opcode":0,"Keywords":"0x8080000000000000","TimeCreated_attributes":{"SystemTime":"2013-10-23T16:18:11.578125Z"},"EventRecordID":288,"Correlation":null,"Execution_attributes":{"ProcessID":488,"ThreadID":588},"Channel":"System","Computer":"IE8Win7","Security":null},"EventData":{"param1":"Superfetch","param2":"stopped","Binary":"5300790073004D00610069006E002F0031000000"}}}
{"Event_attributes":{"xmlns":"http://schemas.microsoft.com/win/2004/08/events/event"},"Event":{"System":{"Provider_attributes":{"Name":"Microsoft-Windows-Kernel-Power","Guid":"331C3B3A-2005-44C2-AC5E-77220C37D6B4"},"EventID":109,"Version":0,"Level":4,"Task":103,"Opcode":0,"Keywords":"0x8000000000000004","TimeCreated_attributes":{"SystemTime":"2013-10-23T16:18:11.812500Z"},"EventRecordID":289,"Correlation":null,"Execution_attributes":{"ProcessID":396,"ThreadID":400},"Channel":"System","Computer":"IE8Win7","Security":null},"EventData":{"ShutdownActionType":5,"ShutdownEventCode":0,"ShutdownReason":0}}}
{"Event_attributes":{"xmlns":"http://schemas.microsoft.com/win/2004/08/events/event"},"Event":{"System":{"Provider_attributes":{"Name":"Microsoft-Windows-Kernel-General","Guid":"A68CA8B7-004F-D7B6-A698-07E2DE0F1F5D"},"EventID":13,"Version":0,"Level":4,"Task":0,"Opcode":0,"Keywords":"0x8000000000000000","TimeCreated_attributes":{"SystemTime":"2013-10-23T16:18:12.437500Z"},"EventRecordID":290,"Correlation":null,"Execution_attributes":{"ProcessID":4,"ThreadID":36},"Channel":"System","Computer":"IE8Win7","Security":null},"EventData":{"StopTime":"2013-10-23T16:18:12.437500Z"}}}
{"Event_attributes":{"xmlns":"http://schemas.microsoft.com/win/2004/08/events/event"},"Event":{"System":{"Provider_attributes":{"Name":"Microsoft-Windows-Kernel-General","Guid":"A68CA8B7-004F-D7B6-A698-07E2DE0F1F5D"},"EventID":12,"Version":0,"Level":4,"Task":0,"Opcode":0,"Keywords":"0x8000000000000000","TimeCreated_attributes":{"SystemTime":"2013-10-23T16:18:26.625000Z"},"EventRecordID":291,"Correlation":null,"Execution_attributes":{"ProcessID":4,"ThreadID":8},"Channel":"System","Computer":"IE8Win7","Security_attributes":{"UserID":"S-1-5-18"}},"EventData":{"MajorVersion":6,"MinorVersion":1,"BuildVersion":7600,"QfeVersion":16385,"ServiceVersion":0,"BootMode":0,"StartTime":"2013-10-23T16:18:26.500000Z"}}}
{"Event_attributes":{"xmlns":"http://schemas.microsoft.com/win/2004/08/events/event"},"Event":{"System":{"Provider_attributes":{"Name":"Microsoft-Windows-FilterManager","Guid":"F3C5E28E-63F6-49C7-A204-E48A1BC4B09D"},"EventID":6,"Version":0,"Level":4,"Task":0,"Opcode":0,"Keywords":"0x8000000000000000","TimeCreated_attributes":{"SystemTime":"2013-10-23T16:18:27.843750Z"},"EventRecordID":292,"Correlation":null,"Execution_attributes":{"ProcessID":4,"ThreadID":8},"Channel":"System","Computer":"IE8Win7","Security_attributes":{"UserID":"S-1-5-18"}},"EventData":{"FinalStatus":"0x0","DeviceVersionMajor":6,"DeviceVersionMinor":1,"DeviceNameLength":8,"DeviceName":"FileInfo","DeviceTime":"2009-07-13T16:21:51.000000Z"}}}
{"Event_attributes":{"xmlns":"http://schemas.microsoft.com/win/2004/08/events/event"},"Event":{"System":{"Provider_attributes":{"Name":"storflt"},"EventID_attributes":{"Qualifiers":16390},"EventID":3,"Level":4,"Task":0,"Keywords":"0x80000000000000","TimeCreated_attributes":{"SystemTime":"2013-10-23T16:18:27.890625Z"},"EventRecordID":293,"Channel":"System","Computer":"IE8Win7","Security":null},"EventData":{"Data":{"#text":["","IDE","0,0,0,0"]},"Binary":"00000000030030000000000003000640000000000000000000000000000000000000000000000000"}}}
{"Event_attributes":{"xmlns":"http://schemas.microsoft.com/win/2004/08/events/event"},"Event":{"System":{"Provider_attributes":{"Name":"netvsc"},"EventID_attributes":{"Qualifiers":16384},"EventID":0,"Level":4,"Task":0,"Keywords":"0x80000000000000","TimeCreated_attributes":{"SystemTime":"2013-10-23T16:18:33.750000Z"},"EventRecordID":294,"Channel":"System","Computer":"IE8Win7","Security":null},"EventData":{"Data":{"#text":["","3.2"]},"Binary":"0000000002002C000000000000000040000000000000000000000000000000000000000000000000"}}}
{"Event_attributes":{"xmlns":"http://schemas.microsoft.com/win/2004/08/events/event"},"Event":{"System":{"Provider_attributes":{"Name":"netvsc"},"EventID_attributes":{"Qualifiers":16384},"EventID":1,"Level":4,"Task":0,"Keywords":"0x80000000000000","TimeCreated_attributes":{"SystemTime":"2013-10-23T16:18:33.828125Z"},"EventRecordID":295,"Channel":"System","Computer":"IE8Win7","Security":null},"EventData":{"Data":{"#text":["","Microsoft Virtual Machine Bus Network Adapter"]},"Binary":"0000000002002C000000000001000040000000000000000000000000000000000000000000000000"}}}
{"Event_attributes":{"xmlns":"http://schemas.microsoft.com/win/2004/08/events/event"},"Event":{"System":{"Provider_attributes":{"Name":"netvsc"},"EventID_attributes":{"Qualifiers":16384},"EventID":8,"Level":4,"Task":0,"Keywords":"0x80000000000000","TimeCreated_attributes":{"SystemTime":"2013-10-23T16:18:33.828125Z"},"EventRecordID":296,"Channel":"System","Computer":"IE8Win7","Security":null},"EventData":{"Data":{"#text":["","Microsoft Virtual Machine Bus Network Adapter"]},"Binary":"0000000002002C000000000008000040000000000000000000000000000000000000000000000000"}}}
{"Event_attributes":{"xmlns":"http://schemas.microsoft.com/win/2004/08/events/event"},"Event":{"System":{"Provider_attributes":{"Name":"Microsoft-Windows-Kernel-Processor-Power","Guid":"0F67E49F-FE51-4E9F-B490-6F2948CC6027"},"EventID":26,"Version":0,"Level":4,"Task":4,"Opcode":0,"Keywords":"0x8000000000000000","TimeCreated_attributes":{"SystemTime":"2013-10-23T16:18:33.828125Z"},"EventRecordID":297,"Correlation":null,"Execution_attributes":{"ProcessID":4,"ThreadID":56},"Channel":"System","Computer":"IE8Win7","Security_attributes":{"UserID":"S-1-5-18"}},"EventData":{"Group":0,"Number":0,"IdleStateCount":1,"PerfStateCount":0,"ThrottleStateCount":0,"ComplexData_attributes":{"Name":"IdleState"},"ComplexData":"01","ComplexData_1_attributes":{"Name":"PerfState"}}}}
{"Event_attributes":{"xmlns":"http://schemas.microsoft.com/win/2004/08/events/event"},"Event":{"System":{"Provider_attributes":{"Name":"netvsc"},"EventID_attributes":{"Qualifiers":16384},"EventID":7,"Level":4,"Task":0,"Keywords":"0x80000000000000","TimeCreated_attributes":{"SystemTime":"2013-10-23T16:18:33.843750Z"},"EventRecordID":298,"Channel":"System","Computer":"IE8Win7","Security":null},"EventData":{"Data":{"#text":["","Microsoft Virtual Machine Bus Network Adapter"]},"Binary":"0000000002002C000000000007000040000000000000000000000000000000000000000000000000"}}}
{"Event_attributes":{"xmlns":"http://schemas.microsoft.com/win/2004/08/events/event"},"Event":{"System":{"Provider_attributes":{"Name":"netvsc"},"EventID_attributes":{"Qualifiers":16384},"EventID":8,"Level":4,"Task":0,"Keywords":"0x80000000000000","TimeCreated_attributes":{"SystemTime":"2013-10-23T16:18:33.843750Z"},"EventRecordID":299,"Channel":"System","Computer":"IE8Win7","Security":null},"EventData":{"Data":{"#text":["","Microsoft Virtual Machine Bus Network Adapter"]},"Binary":"0000000002002C000000000008000040000000000000000000000000000000000000000000000000"}}}
{"Event_attributes":{"xmlns":"http://schemas.microsoft.com/win/2004/08/events/event"},"Event":{"System":{"Provider_attributes":{"Name":"Service Control Manager","Guid":"{555908d1-a6d7-4695-8e1e-26931d2012f4}","EventSourceName":"Service Control Manager"},"EventID_attributes":{"Qualifiers":16384},"EventID":7036,"Version":0,"Level":4,"Task":0,"Opcode":0,"Keywords":"0x8080000000000000","TimeCreated_attributes":{"SystemTime":"2013-10-23T16:18:53.578125Z"},"EventRecordID":300,"Correlation":null,"Execution_attributes":{"ProcessID":492,"ThreadID":580},"Channel":"System","Computer":"IE8Win7","Security":null},"EventData":{"param1":"Plug and Play","param2":"running","Binary":"50006C007500670050006C00610079002F0034000000"}}}
{"Event_attributes":{"xmlns":"http://schemas.microsoft.com/win/2004/08/events/event"},"Event":{"System":{"Provider_attributes":{"Name":"Microsoft-Windows-UserPnp","Guid":"96F4A050-7E31-453C-88BE-9634F4E02139"},"EventID":20010,"Version":0,"Level":4,"Task":7010,"Opcode":0,"Keywords":"0x8000000000000000","TimeCreated_attributes":{"SystemTime":"2013-10-23T16:18:53.578125Z"},"EventRecordID":301,"Correlation":null,"Execution_attributes":{"ProcessID":612,"ThreadID":628},"Channel":"System","Computer":"IE8Win7","Security_attributes":{"UserID":"S-1-5-18"}},"UserData":{"INFO_PNP_STATE_attributes":{"xmlns:auto-ns2":"http://schemas.microsoft.com/win/2004/08/events","xmlns":"http://manifests.microsoft.com/win/2004/08/windows/userpnp"},"INFO_PNP_STATE":{"InstallSubsystemState":true,"CachingSubsystemState":true}}}}
{"Event_attributes":{"xmlns":"http://schemas.microsoft.com/win/2004/08/events/event"},"Event":{"System":{"Provider_attributes":{"Name":"Service Control Manager","Guid":"{555908d1-a6d7-4695-8e1e-26931d2012f4}","EventSourceName":"Service Control Manager"},"EventID_attributes":{"Qualifiers":16384},"EventID":7036,"Version":0,"Level":4,"Task":0,"Opcode":0,"Keywords":"0x8080000000000000","TimeCreated_attributes":{"SystemTime":"2013-10-23T16:18:53.859375Z"},"EventRecordID":302,"Correlation":null,"Execution_attributes":{"ProcessID":492,"ThreadID":580},"Channel":"System","Computer":"IE8Win7","Security":null},"EventData":{"param1":"Power","param2":"running","Binary":"50006F007700650072002F0034000000"}}}
{"Event_attributes":{"xmlns":"http://schemas.microsoft.com/win/2004/08/events/event"},"Event":{"System":{"Provider_attributes":{"Name":"Service Control Manager","Guid":"{555908d1-a6d7-4695-8e1e-26931d2012f4}","EventSourceName":"Service Control Manager"},"EventID_attributes":{"Qualifiers":16384},"EventID":7036,"Version":0,"Level":4,"Task":0,"Opcode":0,"Keywords":"0x8080000000000000","TimeCreated_attributes":{"SystemTime":"2013-10-23T16:18:54.093750Z"},"EventRecordID":303,"Correlation":null,"Execution_attributes":{"ProcessID":492,"ThreadID":580},"Channel":"System","Computer":"IE8Win7","Security":null},"EventData":{"param1":"DCOM Server Process Launcher","param2":"running","Binary":"440063006F006D004C00610075006E00630068002F0034000000"}}}
{"Event_attributes":{"xmlns":"http://schemas.microsoft.com/win/2004/08/events/event"},"Event":{"System":{"Provider_attributes":{"Name":"Service Control Manager","Guid":"{555908d1-a6d7-4695-8e1e-26931d2012f4}","EventSourceName":"Service Control Manager"},"EventID_attributes":{"Qualifiers":16384},"EventID":7036,"Version":0,"Level":4,"Task":0,"Opcode":0,"Keywords":"0x8080000000000000","TimeCreated_attributes":{"SystemTime":"2013-10-23T16:18:54.218750Z"},"EventRecordID":304,"Correlation":null,"Execution_attributes":{"ProcessID":492,"ThreadID":580},"Channel":"System","Computer":"IE8Win7","Security":null},"EventData":{"param1":"RPC Endpoint Mapper","param2":"running","Binary":"5200700063004500700074004D00610070007000650072002F0034000000"}}}
{"Event_attributes":{"xmlns":"http://schemas.microsoft.com/win/2004/08/events/event"},"Event":{"System":{"Provider_attributes":{"Name":"Service Control Manager","Guid":"{555908d1-a6d7-4695-8e1e-26931d2012f4}","EventSourceName":"Service Control Manager"},"EventID_attributes":{"Qualifiers":16384},"EventID":7036,"Version":0,"Level":4,"Task":0,"Opcode":0,"Keywords":"0x8080000000000000","TimeCreated_attributes":{"SystemTime":"2013-10-23T16:18:54.296875Z"},"EventRecordID":305,"Correlation":null,"Execution_attributes":{"ProcessID":492,"ThreadID":580},"Channel":"System","Computer":"IE8Win7","Security":null},"EventData":{"param1":"Remote Procedure Call (RPC)","param2":"running","Binary":"520070006300530073002F0034000000"}}}
{"Event_attributes":{"xmlns":"http://schemas.microsoft.com/win/2004/08/events/event"},"Event":{"System":{"Provider_attributes":{"Name":"Service Control Manager","Guid":"{555908d1-a6d7-4695-8e1e-26931d2012f4}","EventSourceName":"Service Control Manager"},"EventID_attributes":{"Qualifiers":16384},"EventID":7036,"Version":0,"Level":4,"Task":0,"Opcode":0,"Keywords":"0x8080000000000000","TimeCreated_attributes":{"SystemTime":"2013-10-23T16:19:00.812500Z"},"EventRecordID":306,"Correlation":null,"Execution_attributes":{"ProcessID":492,"ThreadID":568},"Channel":"System","Computer":"IE8Win7","Security":null},"EventData":{"param1":"Software Protection","param2":"running","Binary":"7300700070007300760063002F0034000000"}}}
{"Event_attributes":{"xmlns":"http://schemas.microsoft.com/win/2004/08/events/event"},"Event":{"System":{"Provider_attributes":{"Name":"Service Control Manager","Guid":"{555908d1-a6d7-4695-8e1e-26931d2012f4}","EventSourceName":"Service Control Manager"},"EventID_attributes":{"Qualifiers":16384},"EventID":7036,"Version":0,"Level":4,"Task":0,"Opcode":0,"Keywords":"0x8080000000000000","TimeCreated_attributes":{"SystemTime":"2013-10-23T16:19:01.890625Z"},"EventRecordID":307,"Correlation":null,"Execution_attributes":{"ProcessID":492,"ThreadID":580},"Channel":"System","Computer":"IE8Win7","Security":null},"EventData":{"param1":"Multimedia Class Scheduler","param2":"running","Binary":"4D004D004300530053002F0034000000"}}}
{"Event_attributes":{"xmlns":"http://schemas.microsoft.com/win/2004/08/events/event"},"Event":{"System":{"Provider_attributes":{"Name":"Service Control Manager","Guid":"{555908d1-a6d7-4695-8e1e-26931d2012f4}","EventSourceName":"Service Control Manager"},"EventID_attributes":{"Qualifiers":16384},"EventID":7036,"Version":0,"Level":4,"Task":0,"Opcode":0,"Keywords":"0x8080000000000000","TimeCreated_attributes":{"SystemTime":"2013-10-23T16:19:01.953125Z"},"EventRecordID":308,"Correlation":null,"Execution_attributes":{"ProcessID":492,"ThreadID":580},"Channel":"System","Computer":"IE8Win7","Security":null},"EventData":{"param1":"Windows Audio Endpoint Builder","param2":"running","Binary":"41007500640069006F0045006E00640070006F0069006E0074004200750069006C006400650072002F0034000000"}}}
{"Event_attributes":{"xmlns":"http://schemas.microsoft.com/win/2004/08/events/event"},"Event":{"System":{"Provider_attributes":{"Name":"Service Control Manager","Guid":"{555908d1-a6d7-4695-8e1e-26931d2012f4}","EventSourceName":"Service Control Manager"},"EventID_attributes":{"Qualifiers":16384},"EventID":7036,"Version":0,"Level":4,"Task":0,"Opcode":0,"Keywords":"0x8080000000000000","TimeCreated_attributes":{"SystemTime":"2013-10-23T16:19:02.062500Z"},"EventRecordID":309,"Correlation":null,"Execution_attributes":{"ProcessID":492,"ThreadID":568},"Channel":"System","Computer":"IE8Win7","Security":null},"EventData":{"param1":"Windows Audio","param2":"running","Binary":"41007500640069006F007300720076002F0034000000"}}}
{"Event_attributes":{"xmlns":"http://schemas.microsoft.com/win/2004/08/events/event"},"Event":{"System":{"Provider_attributes":{"Name":"Service Control Manager","Guid":"{555908d1-a6d7-4695-8e1e-26931d2012f4}","EventSourceName":"Service Control Manager"},"EventID_attributes":{"Qualifiers":16384},"EventID":7036,"Version":0,"Level":4,"Task":0,"Opcode":0,"Keywords":"0x8080000000000000","TimeCreated_attributes":{"SystemTime":"2013-10-23T16:19:03.140625Z"},"EventRecordID":310,"Correlation":null,"Execution_attributes":{"ProcessID":492,"ThreadID":580},"Channel":"System","Computer":"IE8Win7","Security":null},"EventData":{"param1":"Themes","param2":"running","Binary":"5400680065006D00650073002F0034000000"}}}
{"Event_attributes":{"xmlns":"http://schemas.microsoft.com/win/2004/08/events/event"},"Event":{"System":{"Provider_attributes":{"Name":"Service Control Manager","Guid":"{555908d1-a6d7-4695-8e1e-26931d2012f4}","EventSourceName":"Service Control Manager"},"EventID_attributes":{"Qualifiers":16384},"EventID":7036,"Version":0,"Level":4,"Task":0,"Opcode":0,"Keywords":"0x8080000000000000","TimeCreated_attributes":{"SystemTime":"2013-10-23T16:19:04.531250Z"},"EventRecordID":311,"Correlation":null,"Execution_attributes":{"ProcessID":492,"ThreadID":568},"Channel":"System","Computer":"IE8Win7","Security":null},"EventData":{"param1":"Tablet PC Input Service","param2":"running","Binary":"5400610062006C006500740049006E0070007500740053006500720076006900630065002F0034000000"}}}
{"Event_attributes":{"xmlns":"http://schemas.microsoft.com/win/2004/08/events/event"},"Event":{"System":{"Provider_attributes":{"Name":"Service Control Manager","Guid":"{555908d1-a6d7-4695-8e1e-26931d2012f4}","EventSourceName":"Service Control Manager"},"EventID_attributes":{"Qualifiers":16384},"EventID":7036,"Version":0,"Level":4,"Task":0,"Opcode":0,"Keywords":"0x8080000000000000","TimeCreated_attributes":{"SystemTime":"2013-10-23T16:19:04.562500Z"},"EventRecordID":312,"Correlation":null,"Execution_attributes":{"ProcessID":492,"ThreadID":568},"Channel":"System","Computer":"IE8Win7","Security":null},"EventData":{"param1":"Tablet PC Input Service","param2":"stopped","Binary":"5400610062006C006500740049006E0070007500740053006500720076006900630065002F0031000000"}}}
{"Event_attributes":{"xmlns":"http://schemas.microsoft.com/win/2004/08/events/event"},"Event":{"System":{"Provider_attributes":{"Name":"Service Control Manager","Guid":"{555908d1-a6d7-4695-8e1e-26931d2012f4}","EventSourceName":"Service Control Manager"},"EventID_attributes":{"Qualifiers":16384},"EventID":7036,"Version":0,"Level":4,"Task":0,"Opcode":0,"Keywords":"0x8080000000000000","TimeCreated_attributes":{"SystemTime":"2013-10-23T16:21:28.140625Z"},"EventRecordID":313,"Correlation":null,"Execution_attributes":{"ProcessID":492,"ThreadID":1080},"Channel":"System","Computer":"IE8Win7","Security":null},"EventData":{"param1":"Windows Event Log","param2":"running","Binary":"6500760065006E0074006C006F0067002F0034000000"}}}
{"Event_attributes":{"xmlns":"http://schemas.microsoft.com/win/2004/08/events/event"},"Event":{"System":{"Provider_attributes":{"Name":"Service Control Manager","Guid":"{555908d1-a6d7-4695-8e1e-26931d2012f4}","EventSourceName":"Service Control Manager"},"EventID_attributes":{"Qualifiers":16384},"EventID":7036,"Version":0,"Level":4,"Task":0,"Opcode":0,"Keywords":"0x8080000000000000","TimeCreated_attributes":{"SystemTime":"2013-10-23T16:21:28.234375Z"},"EventRecordID":314,"Correlation":null,"Execution_attributes":{"ProcessID":492,"ThreadID":1120},"Channel":"System","Computer":"IE8Win7","Security":null},"EventData":{"param1":"Network Store Interface Service","param2":"running","Binary":"6E00730069002F0034000000"}}}
{"Event_attributes":{"xmlns":"http://schemas.microsoft.com/win/2004/08/events/event"},"Event":{"System":{"Provider_attributes":{"Name":"Service Control Manager","Guid":"{555908d1-a6d7-4695-8e1e-26931d2012f4}","EventSourceName":"Service Control Manager"},"EventID_attributes":{"Qualifiers":16384},"EventID":7036,"Version":0,"Level":4,"Task":0,"Opcode":0,"Keywords":"0x8080000000000000","TimeCreated_attributes":{"SystemTime":"2013-10-23T16:21:28.718750Z"},"EventRecordID":315,"Correlation":null,"Execution_attributes":{"ProcessID":492,"ThreadID":1120},"Channel":"System","Computer":"IE8Win7","Security":null},"EventData":{"param1":"Task Scheduler","param2":"running","Binary":"5300630068006500640075006C0065002F0034000000"}}}
{"Event_attributes":{"xmlns":"http://schemas.microsoft.com/win/2004/08/events/event"},"Event":{"System":{"Provider_attributes":{"Name":"Service Control Manager","Guid":"{555908d1-a6d7-4695-8e1e-26931d2012f4}","EventSourceName":"Service Control Manager"},"EventID_attributes":{"Qualifiers":16384},"EventID":7036,"Version":0,"Level":4,"Task":0,"Opcode":0,"Keywords":"0x8080000000000000","TimeCreated_attributes":{"SystemTime":"2013-10-23T16:21:28.843750Z"},"EventRecordID":316,"Correlation":null,"Execution_attributes":{"ProcessID":492,"ThreadID":1120},"Channel":"System","Computer":"IE8Win7","Security":null},"EventData":{"param1":"Network Location Awareness","param2":"running","Binary":"4E006C0061005300760063002F0034000000"}}}
{"Event_attributes":{"xmlns":"http://schemas.microsoft.com/win/2004/08/events/event"},"Event":{"System":{"Provider_attributes":{"Name":"Service Control Manager","Guid":"{555908d1-a6d7-4695-8e1e-26931d2012f4}","EventSourceName":"Service Control Manager"},"EventID_attributes":{"Qualifiers":16384},"EventID":7036,"Version":0,"Level":4,"Task":0,"Opcode":0,"Keywords":"0x8080000000000000","TimeCreated_attributes":{"SystemTime":"2013-10-23T16:21:29.203125Z"},"EventRecordID":317,"Correlation":null,"Execution_attributes":{"ProcessID":492,"ThreadID":1120},"Channel":"System","Computer":"IE8Win7","Security":null},"EventData":{"param1":"Network List Service","param2":"running","Binary":"6E0065007400700072006F0066006D002F0034000000"}}}
{"Event_attributes":{"xmlns":"http://schemas.microsoft.com/win/2004/08/events/event"},"Event":{"System":{"Provider_attributes":{"Name":"Service Control Manager","Guid":"{555908d1-a6d7-4695-8e1e-26931d2012f4}","EventSourceName":"Service Control Manager"},"EventID_attributes":{"Qualifiers":16384},"EventID":7036,"Version":0,"Level":4,"Task":0,"Opcode":0,"Keywords":"0x8080000000000000","TimeCreated_attributes":{"SystemTime":"2013-10-23T16:21:29.468750Z"},"EventRecordID":318,"Correlation":null,"Execution_attributes":{"ProcessID":492,"ThreadID":1120},"Channel":"System","Computer":"IE8Win7","Security":null},"EventData":{"param1":"Cryptographic Services","param2":"running","Binary":"430072007900700074005300760063002F0034000000"}}}
{"Event_attributes":{"xmlns":"http://schemas.microsoft.com/win/2004/08/events/event"},"Event":{"System":{"Provider_attributes":{"Name":"Microsoft-Windows-FilterManager","Guid":"F3C5E28E-63F6-49C7-A204-E48A1BC4B09D"},"EventID":6,"Version":0,"Level":4,"Task":0,"Opcode":0,"Keywords":"0x8000000000000000","TimeCreated_attributes":{"SystemTime":"2013-10-23T16:21:29.953125Z"},"EventRecordID":319,"Correlation":null,"Execution_attributes":{"ProcessID":4,"ThreadID":64},"Channel":"System","Computer":"IE8Win7","Security_attributes":{"UserID":"S-1-5-18"}},"EventData":{"FinalStatus":"0x0","DeviceVersionMajor":6,"DeviceVersionMinor":1,"DeviceNameLength":5,"DeviceName":"luafv","DeviceTime":"2009-07-13T16:15:44.000000Z"}}}
{"Event_attributes":{"xmlns":"http://schemas.microsoft.com/win/2004/08/events/event"},"Event":{"System":{"Provider_attributes":{"Name":"Service Control Manager","Guid":"{555908d1-a6d7-4695-8e1e-26931d2012f4}","EventSourceName":"Service Control Manager"},"EventID_attributes":{"Qualifiers":16384},"EventID":7036,"Version":0,"Level":4,"Task":0,"Opcode":0,"Keywords":"0x8080000000000000","TimeCreated_attributes":{"SystemTime":"2013-10-23T16:21:30.328125Z"},"EventRecordID":320,"Correlation":null,"Execution_attributes":{"ProcessID":492,"ThreadID":1120},"Channel":"System","Computer":"IE8Win7","Security":null},"EventData":{"param1":"User Profile Service","param2":"running","Binary":"500072006F0066005300760063002F0034000000"}}}
{"Event_attributes":{"xmlns":"http://schemas.microsoft.com/win/2004/08/events/event"},"Event":{"System":{"Provider_attributes":{"Name":"Service Control Manager","Guid":"{555908d1-a6d7-4695-8e1e-26931d2012f4}","EventSourceName":"Service Control Manager"},"EventID_attributes":{"Qualifiers":16384},"EventID":7036,"Version":0,"Level":4,"Task":0,"Opcode":0,"Keywords":"0x8080000000000000","TimeCreated_attributes":{"SystemTime":"2013-10-23T16:21:30.593750Z"},"EventRecordID":321,"Correlation":null,"Execution_attributes":{"ProcessID":492,"ThreadID":1120},"Channel":"System","Computer":"IE8Win7","Security":null},"EventData":{"param1":"COM+ Event System","param2":"running","Binary":"4500760065006E007400530079007300740065006D002F0034000000"}}}
{"Event_attributes":{"xmlns":"http://schemas.microsoft.com/win/2004/08/events/event"},"Event":{"System":{"Provider_attributes":{"Name":"Service Control Manager","Guid":"{555908d1-a6d7-4695-8e1e-26931d2012f4}","EventSourceName":"Service Control Manager"},"EventID_attributes":{"Qualifiers":16384},"EventID":7036,"Version":0,"Level":4,"Task":0,"Opcode":0,"Keywords":"0x8080000000000000","TimeCreated_attributes":{"SystemTime":"2013-10-23T16:21:30.734375Z"},"EventRecordID":322,"Correlation":null,"Execution_attributes":{"ProcessID":492,"ThreadID":1120},"Channel":"System","Computer":"IE8Win7","Security":null},"EventData":{"param1":"Group Policy Client","param2":"running","Binary":"670070007300760063002F0034000000"}}}
{"Event_attributes":{"xmlns":"http://schemas.microsoft.com/win/2004/08/events/event"},"Event":{"System":{"Provider_attributes":{"Name":"Service Control Manager","Guid":"{555908d1-a6d7-4695-8e1e-26931d2012f4}","EventSourceName":"Service Control Manager"},"EventID_attributes":{"Qualifiers":16384},"EventID":7036,"Version":0,"Level":4,"Task":0,"Opcode":0,"Keywords":"0x8080000000000000","TimeCreated_attributes":{"SystemTime":"2013-10-23T16:21:30.734375Z"},"EventRecordID":323,"Correlation":null,"Execution_attributes":{"ProcessID":492,"ThreadID":1036},"Channel":"System","Computer":"IE8Win7","Security":null},"EventData":{"param1":"System Event Notification Service","param2":"running","Binary":"530045004E0053002F0034000000"}}}
{"Event_attributes":{"xmlns":"http://schemas.microsoft.com/win/2004/08/events/event"},"Event":{"System":{"Provider_attributes":{"Name":"Service Control Manager","Guid":"{555908d1-a6d7-4695-8e1e-26931d2012f4}","EventSourceName":"Service Control Manager"},"EventID_attributes":{"Qualifiers":16384},"EventID":7036,"Version":0,"Level":4,"Task":0,"Opcode":0,"Keywords":"0x8080000000000000","TimeCreated_attributes":{"SystemTime":"2013-10-23T16:21:31.468750Z"},"EventRecordID":324,"Correlation":null,"Execution_attributes":{"ProcessID":492,"ThreadID":1068},"Channel":"System","Computer":"IE8Win7","Security":null},"EventData":{"param1":"Offline Files","param2":"running","Binary":"43007300630053006500720076006900630065002F0034000000"}}}
{"Event_attributes":{"xmlns":"http://schemas.microsoft.com/win/2004/08/events/event"},"Event":{"System":{"Provider_attributes":{"Name":"Service Control Manager","Guid":"{555908d1-a6d7-4695-8e1e-26931d2012f4}","EventSourceName":"Service Control Manager"},"EventID_attributes":{"Qualifiers":16384},"EventID":7036,"Version":0,"Level":4,"Task":0,"Opcode":0,"Keywords":"0x8080000000000000","TimeCreated_attributes":{"SystemTime":"2013-10-23T16:21:31.671875Z"},"EventRecordID":325,"Correlation":null,"Execution_attributes":{"ProcessID":492,"ThreadID":1068},"Channel":"System","Computer":"IE8Win7","Security":null},"EventData":{"param1":"Windows Modules Installer","param2":"running","Binary":"540072007500730074006500640049006E007300740061006C006C00650072002F0034000000"}}}
{"Event_attributes":{"xmlns":"http://schemas.microsoft.com/win/2004/08/events/event"},"Event":{"System":{"Provider_attributes":{"Name":"Service Control Manager","Guid":"{555908d1-a6d7-4695-8e1e-26931d2012f4}","EventSourceName":"Service Control Manager"},"EventID_attributes":{"Qualifiers":16384},"EventID":7036,"Version":0,"Level":4,"Task":0,"Opcode":0,"Keywords":"0x8080000000000000","TimeCreated_attributes":{"SystemTime":"2013-10-23T16:21:31.703125Z"},"EventRecordID":326,"Correlation":null,"Execution_attributes":{"ProcessID":492,"ThreadID":1068},"Channel":"System","Computer":"IE8Win7","Security":null},"EventData":{"param1":"Desktop Window Manager Session Manager","param2":"running","Binary":"5500780053006D0073002F0034000000"}}}
{"Event_attributes":{"xmlns":"http://schemas.microsoft.com/win/2004/08/events/event"},"Event":{"System":{"Provider_attributes":{"Name":"Service Control Manager","Guid":"{555908d1-a6d7-4695-8e1e-26931d2012f4}","EventSourceName":"Service Control Manager"},"EventID_attributes":{"Qualifiers":16384},"EventID":7036,"Version":0,"Level":4,"Task":0,"Opcode":0,"Keywords":"0x8080000000000000","TimeCreated_attributes":{"SystemTime":"2013-10-23T16:21:31.703125Z"},"EventRecordID":327,"Correlation":null,"Execution_attributes":{"ProcessID":492,"ThreadID":1068},"Channel":"System","Computer":"IE8Win7","Security":null},"EventData":{"param1":"Security Accounts Manager","param2":"running","Binary":"530061006D00530073002F0034000000"}}}
{"Event_attributes":{"xmlns":"http://schemas.microsoft.com/win/2004/08/events/event"},"Event":{"System":{"Provider_attributes":{"Name":"netvsc"},"EventID_attributes":{"Qualifiers":16384},"EventID":7,"Level":4,"Task":0,"Keywords":"0x80000000000000","TimeCreated_attributes":{"SystemTime":"2013-10-23T16:21:31.734375Z"},"EventRecordID":328,"Channel":"System","Computer":"IE8Win7","Security":null},"EventData":{"Data":{"#text":["","Microsoft Virtual Machine Bus Network Adapter"]},"Binary":"0000000002002C000000000007000040000000000000000000000000000000000000000000000000"}}}
{"Event_attributes":{"xmlns":"http://schemas.microsoft.com/win/2004/08/events/event"},"Event":{"System":{"Provider_attributes":{"Name":"netvsc"},"EventID_attributes":{"Qualifiers":16384},"EventID":8,"Level":4,"Task":0,"Keywords":"0x80000000000000","TimeCreated_attributes":{"SystemTime":"2013-10-23T16:21:31.734375Z"},"EventRecordID":329,"Channel":"System","Computer":"IE8Win7","Security":null},"EventData":{"Data":{"#text":["","Microsoft Virtual Machine Bus Network Adapter"]},"Binary":"0000000002002C000000000008000040000000000000000000000000000000000000000000000000"}}}
{"Event_attributes":{"xmlns":"http://schemas.microsoft.com/win/2004/08/events/event"},"Event":{"System":{"Provider_attributes":{"Name":"netvsc"},"EventID_attributes":{"Qualifiers":16384},"EventID":7,"Level":4,"Task":0,"Keywords":"0x80000000000000","TimeCreated_attributes":{"SystemTime":"2013-10-23T16:21:31.750000Z"},"EventRecordID":330,"Channel":"System","Computer":"IE8Win7","Security":null},"EventData":{"Data":{"#text":["","Microsoft Virtual Machine Bus Network Adapter"]},"Binary":"0000000002002C000000000007000040000000000000000000000000000000000000000000000000"}}}
{"Event_attributes":{"xmlns":"http://schemas.microsoft.com/win/2004/08/events/event"},"Event":{"System":{"Provider_attributes":{"Name":"netvsc"},"EventID_attributes":{"Qualifiers":16384},"EventID":8,"Level":4,"Task":0,"Keywords":"0x80000000000000","TimeCreated_attributes":{"SystemTime":"2013-10-23T16:21:31.750000Z"},"EventRecordID":331,"Channel":"System","Computer":"IE8Win7","Security":null},"EventData":{"Data":{"#text":["","Microsoft Virtual Machine Bus Network Adapter"]},"Binary":"0000000002002C000000000008000040000000000000000000000000000000000000000000000000"}}}
{"Event_attributes":{"xmlns":"http://schemas.microsoft.com/win/2004/08/events/event"},"Event":{"System":{"Provider_attributes":{"Name":"Microsoft-Windows-Dhcp-Client","Guid":"15A7A4F8-0072-4EAB-ABAD-F98A4D666AED"},"EventID":50036,"Version":0,"Level":4,"Task":4,"Opcode":68,"Keywords":"0x2000000000000000","TimeCreated_attributes":{"SystemTime":"2013-10-23T16:21:31.859375Z"},"EventRecordID":332,"Correlation":null,"Execution_attributes":{"ProcessID":952,"ThreadID":1412},"Channel":"System","Computer":"IE8Win7","Security_attributes":{"UserID":"S-1-5-19"}},"EventData":null}}
{"Event_attributes":{"xmlns":"http://schemas.microsoft.com/win/2004/08/events/event"},"Event":{"System":{"Provider_attributes":{"Name":"Service Control Manager","Guid":"{555908d1-a6d7-4695-8e1e-26931d2012f4}","EventSourceName":"Service Control Manager"},"EventID_attributes":{"Qualifiers":16384},"EventID":7036,"Version":0,"Level":4,"Task":0,"Opcode":0,"Keywords":"0x8080000000000000","TimeCreated_attributes":{"SystemTime":"2013-10-23T16:21:31.937500Z"},"EventRecordID":333,"Correlation":null,"Execution_attributes":{"ProcessID":492,"ThreadID":1068},"Channel":"System","Computer":"IE8Win7","Security":null},"EventData":{"param1":"TCP/IP NetBIOS Helper","param2":"running","Binary":"6C006D0068006F007300740073002F0034000000"}}}
{"Event_attributes":{"xmlns":"http://schemas.microsoft.com/win/2004/08/events/event"},"Event":{"System":{"Provider_attributes":{"Name":"Service Control Manager","Guid":"{555908d1-a6d7-4695-8e1e-26931d2012f4}","EventSourceName":"Service Control Manager"},"EventID_attributes":{"Qualifiers":16384},"EventID":7036,"Version":0,"Level":4,"Task":0,"Opcode":0,"Keywords":"0x8080000000000000","TimeCreated_attributes":{"SystemTime":"2013-10-23T16:21:31.968750Z"},"EventRecordID":334,"Correlation":null,"Execution_attributes":{"ProcessID":492,"ThreadID":1120},"Channel":"System","Computer":"IE8Win7","Security":null},"EventData":{"param1":"DNS Client","param2":"running","Binary":"44006E007300630061006300680065002F0034000000"}}}
{"Event_attributes":{"xmlns":"http://schemas.microsoft.com/win/2004/08/events/event"},"Event":{"System":{"Provider_attributes":{"Name":"Microsoft-Windows-DHCPv6-Client","Guid":"6A1F2B00-6A90-4C38-95A5-5CAB3B056778"},"EventID":51046,"Version":0,"Level":4,"Task":4,"Opcode":62,"Keywords":"0x2000000000000000","TimeCreated_attributes":{"SystemTime":"2013-10-23T16:21:32.046875Z"},"EventRecordID":335,"Correlation":null,"Execution_attributes":{"ProcessID":952,"ThreadID":1448},"Channel":"System","Computer":"IE8Win7","Security_attributes":{"UserID":"S-1-5-19"}},"EventData":null}}
{"Event_attributes":{"xmlns":"http://schemas.microsoft.com/win/2004/08/events/event"},"Event":{"System":{"Provider_attributes":{"Name":"Service Control Manager","Guid":"{555908d1-a6d7-4695-8e1e-26931d2012f4}","EventSourceName":"Service Control Manager"},"EventID_attributes":{"Qualifiers":16384},"EventID":7036,"Version":0,"Level":4,"Task":0,"Opcode":0,"Keywords":"0x8080000000000000","TimeCreated_attributes":{"SystemTime":"2013-10-23T16:21:32.062500Z"},"EventRecordID":336,"Correlation":null,"Execution_attributes":{"ProcessID":492,"ThreadID":1120},"Channel":"System","Computer":"IE8Win7","Security":null},"EventData":{"param1":"DHCP Client","param2":"running","Binary":"44006800630070002F0034000000"}}}
{"Event_attributes":{"xmlns":"http://schemas.microsoft.com/win/2004/08/events/event"},"Event":{"System":{"Provider_attributes":{"Name":"Service Control Manager","Guid":"{555908d1-a6d7-4695-8e1e-26931d2012f4}","EventSourceName":"Service Control Manager"},"EventID_attributes":{"Qualifiers":16384},"EventID":7036,"Version":0,"Level":4,"Task":0,"Opcode":0,"Keywords":"0x8080000000000000","TimeCreated_attributes":{"SystemTime":"2013-10-23T16:21:32.093750Z"},"EventRecordID":337,"Correlation":null,"Execution_attributes":{"ProcessID":492,"ThreadID":1120},"Channel":"System","Computer":"IE8Win7","Security":null},"EventData":{"param1":"Shell Hardware Detection","param2":"running","Binary":"5300680065006C006C004800570044006500740065006300740069006F006E002F0034000000"}}}
{"Event_attributes":{"xmlns":"http://schemas.microsoft.com/win/2004/08/events/event"},"Event":{"System":{"Provider_attributes":{"Name":"Service Control Manager","Guid":"{555908d1-a6d7-4695-8e1e-26931d2012f4}","EventSourceName":"Service Control Manager"},"EventID_attributes":{"Qualifiers":16384},"EventID":7036,"Version":0,"Level":4,"Task":0,"Opcode":0,"Keywords":"0x8080000000000000","TimeCreated_attributes":{"SystemTime":"2013-10-23T16:21:32.296875Z"},"EventRecordID":338,"Correlation":null,"Execution_attributes":{"ProcessID":492,"ThreadID":1120},"Channel":"System","Computer":"IE8Win7","Security":null},"EventData":{"param1":"Print Spooler","param2":"running","Binary":"530070006F006F006C00650072002F0034000000"}}}
{"Event_attributes":{"xmlns":"http://schemas.microsoft.com/win/2004/08/events/event"},"Event":{"System":{"Provider_attributes":{"Name":"Service Control Manager","Guid":"{555908d1-a6d7-4695-8e1e-26931d2012f4}","EventSourceName":"Service Control Manager"},"EventID_attributes":{"Qualifiers":16384},"EventID":7036,"Version":0,"Level":4,"Task":0,"Opcode":0,"Keywords":"0x8080000000000000","TimeCreated_attributes":{"SystemTime":"2013-10-23T16:21:32.515625Z"},"EventRecordID":339,"Correlation":null,"Execution_attributes":{"ProcessID":492,"ThreadID":1120},"Channel":"System","Computer":"IE8Win7","Security":null},"EventData":{"param1":"Base Filtering Engine","param2":"running","Binary":"4200460045002F0034000000"}}}
{"Event_attributes":{"xmlns":"http://schemas.microsoft.com/win/2004/08/events/event"},"Event":{"System":{"Provider_attributes":{"Name":"Service Control Manager","Guid":"{555908d1-a6d7-4695-8e1e-26931d2012f4}","EventSourceName":"Service Control Manager"},"EventID_attributes":{"Qualifiers":16384},"EventID":7036,"Version":0,"Level":4,"Task":0,"Opcode":0,"Keywords":"0x8080000000000000","TimeCreated_attributes":{"SystemTime":"2013-10-23T16:21:32.703125Z"},"EventRecordID":340,"Correlation":null,"Execution_attributes":{"ProcessID":492,"ThreadID":1120},"Channel":"System","Computer":"IE8Win7","Security":null},"EventData":{"param1":"Windows Firewall","param2":"running","Binary":"4D00700073005300760063002F0034000000"}}}
{"Event_attributes":{"xmlns":"http://schemas.microsoft.com/win/2004/08/events/event"},"Event":{"System":{"Provider_attributes":{"Name":"Service Control Manager","Guid":"{555908d1-a6d7-4695-8e1e-26931d2012f4}","EventSourceName":"Service Control Manager"},"EventID_attributes":{"Qualifiers":16384},"EventID":7036,"Version":0,"Level":4,"Task":0,"Opcode":0,"Keywords":"0x8080000000000000","TimeCreated_attributes":{"SystemTime":"2013-10-23T16:21:32.750000Z"},"EventRecordID":341,"Correlation":null,"Execution_attributes":{"ProcessID":492,"ThreadID":1120},"Channel":"System","Computer":"IE8Win7","Security":null},"EventData":{"param1":"Workstation","param2":"running","Binary":"4C0061006E006D0061006E0057006F0072006B00730074006100740069006F006E002F0034000000"}}}
{"Event_attributes":{"xmlns":"http://schemas.microsoft.com/win/2004/08/events/event"},"Event":{"System":{"Provider_attributes":{"Name":"Service Control Manager","Guid":"{555908d1-a6d7-4695-8e1e-26931d2012f4}","EventSourceName":"Service Control Manager"},"EventID_attributes":{"Qualifiers":16384},"EventID":7036,"Version":0,"Level":4,"Task":0,"Opcode":0,"Keywords":"0x8080000000000000","TimeCreated_attributes":{"SystemTime":"2013-10-23T16:21:33.187500Z"},"EventRecordID":342,"Correlation":null,"Execution_attributes":{"ProcessID":492,"ThreadID":1120},"Channel":"System","Computer":"IE8Win7","Security":null},"EventData":{"param1":"Hyper-V Heartbeat Service","param2":"running","Binary":"76006D00690063006800650061007200740062006500610074002F0034000000"}}}
{"Event_attributes":{"xmlns":"http://schemas.microsoft.com/win/2004/08/events/event"},"Event":{"System":{"Provider_attributes":{"Name":"Service Control Manager","Guid":"{555908d1-a6d7-4695-8e1e-26931d2012f4}","EventSourceName":"Service Control Manager"},"EventID_attributes":{"Qualifiers":16384},"EventID":7036,"Version":0,"Level":4,"Task":0,"Opcode":0,"Keywords":"0x8080000000000000","TimeCreated_attributes":{"SystemTime":"2013-10-23T16:21:33.312500Z"},"EventRecordID":343,"Correlation":null,"Execution_attributes":{"ProcessID":492,"ThreadID":1120},"Channel":"System","Computer":"IE8Win7","Security":null},"EventData":{"param1":"Hyper-V Data Exchange Service","param2":"running","Binary":"76006D00690063006B0076007000650078006300680061006E00670065002F0034000000"}}}
{"Event_attributes":{"xmlns":"http://schemas.microsoft.com/win/2004/08/events/event"},"Event":{"System":{"Provider_attributes":{"Name":"Service Control Manager","Guid":"{555908d1-a6d7-4695-8e1e-26931d2012f4}","EventSourceName":"Service Control Manager"},"EventID_attributes":{"Qualifiers":16384},"EventID":7036,"Version":0,"Level":4,"Task":0,"Opcode":0,"Keywords":"0x8080000000000000","TimeCreated_attributes":{"SystemTime":"2013-10-23T16:21:33.312500Z"},"EventRecordID":344,"Correlation":null,"Execution_attributes":{"ProcessID":492,"ThreadID":576},"Channel":"System","Computer":"IE8Win7","Security":null},"EventData":{"param1":"Hyper-V Guest Shutdown Service","param2":"running","Binary":"76006D0069006300730068007500740064006F0077006E002F0034000000"}}}
{"Event_attributes":{"xmlns":"http://schemas.microsoft.com/win/2004/08/events/event"},"Event":{"System":{"Provider_attributes":{"Name":"Service Control Manager","Guid":"{555908d1-a6d7-4695-8e1e-26931d2012f4}","EventSourceName":"Service Control Manager"},"EventID_attributes":{"Qualifiers":16384},"EventID":7036,"Version":0,"Level":4,"Task":0,"Opcode":0,"Keywords":"0x8080000000000000","TimeCreated_attributes":{"SystemTime":"2013-10-23T16:21:33.359375Z"},"EventRecordID":345,"Correlation":null,"Execution_attributes":{"ProcessID":492,"ThreadID":576},"Channel":"System","Computer":"IE8Win7","Security":null},"EventData":{"param1":"Hyper-V Time Synchronization Service","param2":"running","Binary":"76006D0069006300740069006D006500730079006E0063002F0034000000"}}}
{"Event_attributes":{"xmlns":"http://schemas.microsoft.com/win/2004/08/events/event"},"Event":{"System":{"Provider_attributes":{"Name":"Microsoft-Windows-Kernel-General","Guid":"A68CA8B7-004F-D7B6-A698-07E2DE0F1F5D"},"EventID":1,"Version":0,"Level":4,"Task":0,"Opcode":0,"Keywords":"0x8000000000000010","TimeCreated_attributes":{"SystemTime":"2013-10-23T16:21:33.630000Z"},"EventRecordID":346,"Correlation":null,"Execution_attributes":{"ProcessID":1644,"ThreadID":1680},"Channel":"System","Computer":"IE8Win7","Security_attributes":{"UserID":"S-1-5-19"}},"EventData":{"NewTime":"2013-10-23T16:21:33.630000Z","OldTime":"2013-10-23T16:21:33.375000Z"}}}
{"Event_attributes":{"xmlns":"http://schemas.microsoft.com/win/2004/08/events/event"},"Event":{"System":{"Provider_attributes":{"Name":"Service Control Manager","Guid":"{555908d1-a6d7-4695-8e1e-26931d2012f4}","EventSourceName":"Service Control Manager"},"EventID_attributes":{"Qualifiers":16384},"EventID":7036,"Version":0,"Level":4,"Task":0,"Opcode":0,"Keywords":"0x8080000000000000","TimeCreated_attributes":{"SystemTime":"2013-10-23T16:21:33.786250Z"},"EventRecordID":347,"Correlation":null,"Execution_attributes":{"ProcessID":492,"ThreadID":1068},"Channel":"System","Computer":"IE8Win7","Security":null},"EventData":{"param1":"Hyper-V Volume Shadow Copy Requestor","param2":"running","Binary":"76006D00690063007600730073002F0034000000"}}}
{"Event_attributes":{"xmlns":"http://schemas.microsoft.com/win/2004/08/events/event"},"Event":{"System":{"Provider_attributes":{"Name":"Service Control Manager","Guid":"{555908d1-a6d7-4695-8e1e-26931d2012f4}","EventSourceName":"Service Control Manager"},"EventID_attributes":{"Qualifiers":16384},"EventID":7036,"Version":0,"Level":4,"Task":0,"Opcode":0,"Keywords":"0x8080000000000000","TimeCreated_attributes":{"SystemTime":"2013-10-23T16:21:33.895625Z"},"EventRecordID":348,"Correlation":null,"Execution_attributes":{"ProcessID":492,"ThreadID":1068},"Channel":"System","Computer":"IE8Win7","Security":null},"EventData":{"param1":"Diagnostic Policy Service","param2":"running","Binary":"4400500053002F0034000000"}}}
{"Event_attributes":{"xmlns":"http://schemas.microsoft.com/win/2004/08/events/event"},"Event":{"System":{"Provider_attributes":{"Name":"Service Control Manager","Guid":"{555908d1-a6d7-4695-8e1e-26931d2012f4}","EventSourceName":"Service Control Manager"},"EventID_attributes":{"Qualifiers":16384},"EventID":7036,"Version":0,"Level":4,"Task":0,"Opcode":0,"Keywords":"0x8080000000000000","TimeCreated_attributes":{"SystemTime":"2013-10-23T16:21:34.583125Z"},"EventRecordID":349,"Correlation":null,"Execution_attributes":{"ProcessID":492,"ThreadID":1120},"Channel":"System","Computer":"IE8Win7","Security":null},"EventData":{"param1":"Superfetch","param2":"running","Binary":"5300790073004D00610069006E002F0034000000"}}}
{"Event_attributes":{"xmlns":"http://schemas.microsoft.com/win/2004/08/events/event"},"Event":{"System":{"Provider_attributes":{"Name":"Service Control Manager","Guid":"{555908d1-a6d7-4695-8e1e-26931d2012f4}","EventSourceName":"Service Control Manager"},"EventID_attributes":{"Qualifiers":16384},"EventID":7036,"Version":0,"Level":4,"Task":0,"Opcode":0,"Keywords":"0x8080000000000000","TimeCreated_attributes":{"SystemTime":"2013-10-23T16:21:34.583125Z"},"EventRecordID":350,"Correlation":null,"Execution_attributes":{"ProcessID":492,"ThreadID":576},"Channel":"System","Computer":"IE8Win7","Security":null},"EventData":{"param1":"Distributed Link Tracking Client","param2":"running","Binary":"540072006B0057006B0073002F0034000000"}}}
{"Event_attributes":{"xmlns":"http://schemas.microsoft.com/win/2004/08/events/event"},"Event":{"System":{"Provider_attributes":{"Name":"Service Control Manager","Guid":"{555908d1-a6d7-4695-8e1e-26931d2012f4}","EventSourceName":"Service Control Manager"},"EventID_attributes":{"Qualifiers":16384},"EventID":7036,"Version":0,"Level":4,"Task":0,"Opcode":0,"Keywords":"0x8080000000000000","TimeCreated_attributes":{"SystemTime":"2013-10-23T16:21:34.692500Z"},"EventRecordID":351,"Correlation":null,"Execution_attributes":{"ProcessID":492,"ThreadID":576},"Channel":"System","Computer":"IE8Win7","Security":null},"EventData":{"param1":"Windows Licensing Monitoring Service","param2":"running","Binary":"57004C004D0053002F0034000000"}}}
{"Event_attributes":{"xmlns":"http://schemas.microsoft.com/win/2004/08/events/event"},"Event":{"System":{"Provider_attributes":{"Name":"Service Control Manager","Guid":"{555908d1-a6d7-4695-8e1e-26931d2012f4}","EventSourceName":"Service Control Manager"},"EventID_attributes":{"Qualifiers":16384},"EventID":7036,"Version":0,"Level":4,"Task":0,"Opcode":0,"Keywords":"0x8080000000000000","TimeCreated_attributes":{"SystemTime":"2013-10-23T16:21:34.958125Z"},"EventRecordID":352,"Correlation":null,"Execution_attributes":{"ProcessID":492,"ThreadID":576},"Channel":"System","Computer":"IE8Win7","Security":null},"EventData":{"param1":"Windows Management Instrumentation","param2":"running","Binary":"570069006E006D0067006D0074002F0034000000"}}}
{"Event_attributes":{"xmlns":"http://schemas.microsoft.com/win/2004/08/events/event"},"Event":{"System":{"Provider_attributes":{"Name":"Service Control Manager","Guid":"{555908d1-a6d7-4695-8e1e-26931d2012f4}","EventSourceName":"Service Control Manager"},"EventID_attributes":{"Qualifiers":16384},"EventID":7036,"Version":0,"Level":4,"Task":0,"Opcode":0,"Keywords":"0x8080000000000000","TimeCreated_attributes":{"SystemTime":"2013-10-23T16:21:35.614375Z"},"EventRecordID":353,"Correlation":null,"Execution_attributes":{"ProcessID":492,"ThreadID":576},"Channel":"System","Computer":"IE8Win7","Security":null},"EventData":{"param1":"IP Helper","param2":"running","Binary":"6900700068006C0070007300760063002F0034000000"}}}
{"Event_attributes":{"xmlns":"http://schemas.microsoft.com/win/2004/08/events/event"},"Event":{"System":{"Provider_attributes":{"Name":"Service Control Manager","Guid":"{555908d1-a6d7-4695-8e1e-26931d2012f4}","EventSourceName":"Service Control Manager"},"EventID_attributes":{"Qualifiers":16384},"EventID":7036,"Version":0,"Level":4,"Task":0,"Opcode":0,"Keywords":"0x8080000000000000","TimeCreated_attributes":{"SystemTime":"2013-10-23T16:21:37.880000Z"},"EventRecordID":354,"Correlation":null,"Execution_attributes":{"ProcessID":492,"ThreadID":576},"Channel":"System","Computer":"IE8Win7","Security":null},"EventData":{"param1":"Server","param2":"running","Binary":"4C0061006E006D0061006E005300650072007600650072002F0034000000"}}}
{"Event_attributes":{"xmlns":"http://schemas.microsoft.com/win/2004/08/events/event"},"Event":{"System":{"Provider_attributes":{"Name":"Service Control Manager","Guid":"{555908d1-a6d7-4695-8e1e-26931d2012f4}","EventSourceName":"Service Control Manager"},"EventID_attributes":{"Qualifiers":16384},"EventID":7036,"Version":0,"Level":4,"Task":0,"Opcode":0,"Keywords":"0x8080000000000000","TimeCreated_attributes":{"SystemTime":"2013-10-23T16:21:37.958125Z"},"EventRecordID":355,"Correlation":null,"Execution_attributes":{"ProcessID":492,"ThreadID":576},"Channel":"System","Computer":"IE8Win7","Security":null},"EventData":{"param1":"Diagnostic Service Host","param2":"running","Binary":"570064006900530065007200760069006300650048006F00730074002F0034000000"}}}
{"Event_attributes":{"xmlns":"http://schemas.microsoft.com/win/2004/08/events/event"},"Event":{"System":{"Provider_attributes":{"Name":"Service Control Manager","Guid":"{555908d1-a6d7-4695-8e1e-26931d2012f4}","EventSourceName":"Service Control Manager"},"EventID_attributes":{"Qualifiers":16384},"EventID":7040,"Version":0,"Level":4,"Task":0,"Opcode":0,"Keywords":"0x8080000000000000","TimeCreated_attributes":{"SystemTime":"2013-10-23T16:21:38.551875Z"},"EventRecordID":356,"Correlation":null,"Execution_attributes":{"ProcessID":492,"ThreadID":576},"Channel":"System","Computer":"IE8Win7","Security_attributes":{"UserID":"S-1-5-18"}},"EventData":{"param1":"Windows Modules Installer","param2":"auto start","param3":"demand start","param4":"TrustedInstaller"}}}
{"Event_attributes":{"xmlns":"http://schemas.microsoft.com/win/2004/08/events/event"},"Event":{"System":{"Provider_attributes":{"Name":"Service Control Manager","Guid":"{555908d1-a6d7-4695-8e1e-26931d2012f4}","EventSourceName":"Service Control Manager"},"EventID_attributes":{"Qualifiers":16384},"EventID":7036,"Version":0,"Level":4,"Task":0,"Opcode":0,"Keywords":"0x8080000000000000","TimeCreated_attributes":{"SystemTime":"2013-10-23T16:21:39.176875Z"},"EventRecordID":357,"Correlation":null,"Execution_attributes":{"ProcessID":492,"ThreadID":1036},"Channel":"System","Computer":"IE8Win7","Security":null},"EventData":{"param1":"Diagnostic System Host","param2":"running","Binary":"570064006900530079007300740065006D0048006F00730074002F0034000000"}}}
