{"Event_attributes":{"xmlns":"http://schemas.microsoft.com/win/2004/08/events/event"},"Event":{"System":{"Provider_attributes":{"Name":"Microsoft-Windows-UserPnp","Guid":"96F4A050-7E31-453C-88BE-9634F4E02139"},"EventID":20010,"Version":0,"Level":4,"Task":7010,"Opcode":0,"Keywords":"0x8000000000000000","TimeCreated_attributes":{"SystemTime":"2013-10-23T19:05:34.004250Z"},"EventRecordID":1520,"Correlation":null,"Execution_attributes":{"ProcessID":644,"ThreadID":836},"Channel":"System","Computer":"IE8Win7","Security_attributes":{"UserID":"S-1-5-18"}},"UserData":{"INFO_PNP_STATE_attributes":{"xmlns:auto-ns2":"http://schemas.microsoft.com/win/2004/08/events","xmlns":"http://manifests.microsoft.com/win/2004/08/windows/userpnp"},"INFO_PNP_STATE":{"InstallSubsystemState":false,"CachingSubsystemState":false}}}}
{"Event_attributes":{"xmlns":"http://schemas.microsoft.com/win/2004/08/events/event"},"Event":{"System":{"Provider_attributes":{"Name":"Service Control Manager","Guid":"{555908d1-a6d7-4695-8e1e-26931d2012f4}","EventSourceName":"Service Control Manager"},"EventID_attributes":{"Qualifiers":16384},"EventID":7036,"Version":0,"Level":4,"Task":0,"Opcode":0,"Keywords":"0x8080000000000000","TimeCreated_attributes":{"SystemTime":"2013-10-23T19:05:34.004250Z"},"EventRecordID":1521,"Correlation":null,"Execution_attributes":{"ProcessID":500,"ThreadID":624},"Channel":"System","Computer":"IE8Win7","Security":null},"EventData":{"param1":"Plug and Play","param2":"stopped","Binary":"50006C007500670050006C00610079002F0031000000"}}}
{"Event_attributes":{"xmlns":"http://schemas.microsoft.com/win/2004/08/events/event"},"Event":{"System":{"Provider_attributes":{"Name":"Service Control Manager","Guid":"{555908d1-a6d7-4695-8e1e-26931d2012f4}","EventSourceName":"Service Control Manager"},"EventID_attributes":{"Qualifiers":16384},"EventID":7036,"Version":0,"Level":4,"Task":0,"Opcode":0,"Keywords":"0x8080000000000000","TimeCreated_attributes":{"SystemTime":"2013-10-23T19:05:34.035500Z"},"EventRecordID":1522,"Correlation":null,"Execution_attributes":{"ProcessID":500,"ThreadID":624},"Channel":"System","Computer":"IE8Win7","Security":null},"EventData":{"param1":"Windows Management Instrumentation","param2":"stopped","Binary":"570069006E006D0067006D0074002F0031000000"}}}
{"Event_attributes":{"xmlns":"http://schemas.microsoft.com/win/2004/08/events/event"},"Event":{"System":{"Provider_attributes":{"Name":"Service Control Manager","Guid":"{555908d1-a6d7-4695-8e1e-26931d2012f4}","EventSourceName":"Service Control Manager"},"EventID_attributes":{"Qualifiers":16384},"EventID":7036,"Version":0,"Level":4,"Task":0,"Opcode":0,"Keywords":"0x8080000000000000","TimeCreated_attributes":{"SystemTime":"2013-10-23T19:05:34.035500Z"},"EventRecordID":1523,"Correlation":null,"Execution_attributes":{"ProcessID":500,"ThreadID":624},"Channel":"System","Computer":"IE8Win7","Security":null},"EventData":{"param1":"Volume Shadow Copy","param2":"stopped","Binary":"5600530053002F0031000000"}}}
{"Event_attributes":{"xmlns":"http://schemas.microsoft.com/win/2004/08/events/event"},"Event":{"System":{"Provider_attributes":{"Name":"Service Control Manager","Guid":"{555908d1-a6d7-4695-8e1e-26931d2012f4}","EventSourceName":"Service Control Manager"},"EventID_attributes":{"Qualifiers":16384},"EventID":7036,"Version":0,"Level":4,"Task":0,"Opcode":0,"Keywords":"0x8080000000000000","TimeCreated_attributes":{"SystemTime":"2013-10-23T19:05:34.035500Z"},"EventRecordID":1524,"Correlation":null,"Execution_attributes":{"ProcessID":500,"ThreadID":624},"Channel":"System","Computer":"IE8Win7","Security":null},"EventData":{"param1":"Software Protection","param2":"stopped","Binary":"7300700070007300760063002F0031000000"}}}
{"Event_attributes":{"xmlns":"http://schemas.microsoft.com/win/2004/08/events/event"},"Event":{"System":{"Provider_attributes":{"Name":"Service Control Manager","Guid":"{555908d1-a6d7-4695-8e1e-26931d2012f4}","EventSourceName":"Service Control Manager"},"EventID_attributes":{"Qualifiers":16384},"EventID":7036,"Version":0,"Level":4,"Task":0,"Opcode":0,"Keywords":"0x8080000000000000","TimeCreated_attributes":{"SystemTime":"2013-10-23T19:05:34.051125Z"},"EventRecordID":1525,"Correlation":null,"Execution_attributes":{"ProcessID":500,"ThreadID":624},"Channel":"System","Computer":"IE8Win7","Security":null},"EventData":{"param1":"Windows Event Log","param2":"stopped","Binary":"6500760065006E0074006C006F0067002F0031000000"}}}
{"Event_attributes":{"xmlns":"http://schemas.microsoft.com/win/2004/08/events/event"},"Event":{"System":{"Provider_attributes":{"Name":"Service Control Manager","Guid":"{555908d1-a6d7-4695-8e1e-26931d2012f4}","EventSourceName":"Service Control Manager"},"EventID_attributes":{"Qualifiers":16384},"EventID":7036,"Version":0,"Level":4,"Task":0,"Opcode":0,"Keywords":"0x8080000000000000","TimeCreated_attributes":{"SystemTime":"2013-10-23T19:05:34.316750Z"},"EventRecordID":1526,"Correlation":null,"Execution_attributes":{"ProcessID":500,"ThreadID":624},"Channel":"System","Computer":"IE8Win7","Security":null},"EventData":{"param1":"Cryptographic Services","param2":"stopped","Binary":"430072007900700074005300760063002F0031000000"}}}
{"Event_attributes":{"xmlns":"http://schemas.microsoft.com/win/2004/08/events/event"},"Event":{"System":{"Provider_attributes":{"Name":"Service Control Manager","Guid":"{555908d1-a6d7-4695-8e1e-26931d2012f4}","EventSourceName":"Service Control Manager"},"EventID_attributes":{"Qualifiers":16384},"EventID":7036,"Version":0,"Level":4,"Task":0,"Opcode":0,"Keywords":"0x8080000000000000","TimeCreated_attributes":{"SystemTime":"2013-10-23T19:05:34.316750Z"},"EventRecordID":1527,"Correlation":null,"Execution_attributes":{"ProcessID":500,"ThreadID":624},"Channel":"System","Computer":"IE8Win7","Security":null},"EventData":{"param1":"Superfetch","param2":"stopped","Binary":"5300790073004D00610069006E002F0031000000"}}}
{"Event_attributes":{"xmlns":"http://schemas.microsoft.com/win/2004/08/events/event"},"Event":{"System":{"Provider_attributes":{"Name":"EventLog"},"EventID_attributes":{"Qualifiers":32768},"EventID":6009,"Level":4,"Task":0,"Keywords":"0x80000000000000","TimeCreated_attributes":{"SystemTime":"2013-10-23T19:06:22.000000Z"},"EventRecordID":1528,"Channel":"System","Computer":"IE8Win7","Security":null},"EventData":{"Data":{"#text":["6.01.","7600","","Multiprocessor Free","16385"]},"Binary":null}}}
{"Event_attributes":{"xmlns":"http://schemas.microsoft.com/win/2004/08/events/event"},"Event":{"System":{"Provider_attributes":{"Name":"EventLog"},"EventID_attributes":{"Qualifiers":32768},"EventID":6005,"Level":4,"Task":0,"Keywords":"0x80000000000000","TimeCreated_attributes":{"SystemTime":"2013-10-23T19:06:22.000000Z"},"EventRecordID":1529,"Channel":"System","Computer":"IE8Win7","Security":null},"EventData":{"Data":{"#text":""},"Binary":"DD070A00030017001300060016000D030000000000000000"}}}
{"Event_attributes":{"xmlns":"http://schemas.microsoft.com/win/2004/08/events/event"},"Event":{"System":{"Provider_attributes":{"Name":"EventLog"},"EventID_attributes":{"Qualifiers":32768},"EventID":6013,"Level":4,"Task":0,"Keywords":"0x80000000000000","TimeCreated_attributes":{"SystemTime":"2013-10-23T19:06:22.000000Z"},"EventRecordID":1530,"Channel":"System","Computer":"IE8Win7","Security":null},"EventData":{"Data":{"#text":["","","","","31","60","480 Pacific Standard Time"]},"Binary":"31002E003100000030000000570069006E0064006F007700730020003700200045006E0074006500720070007200690073006500000036002E0031002E00370036003000300020004200750069006C006400200037003600300030002000200000004D0075006C0074006900700072006F0063006500730073006F00720020004600720065006500000037003600300030002E00770069006E0037005F006700640072002E003100330030003300310038002D00310035003300320000003500320036003700660037006400340000004E006F007400200041007600610069006C00610062006C00650000004E006F007400200041007600610069006C00610062006C0065000000300000003100000035003100320000003400300039000000490045003800570069006E00370000000000"}}}
{"Event_attributes":{"xmlns":"http://schemas.microsoft.com/win/2004/08/events/event"},"Event":{"System":{"Provider_attributes":{"Name":"Microsoft-Windows-Kernel-Power","Guid":"331C3B3A-2005-44C2-AC5E-77220C37D6B4"},"EventID":109,"Version":0,"Level":4,"Task":103,"Opcode":0,"Keywords":"0x8000000000000004","TimeCreated_attributes":{"SystemTime":"2013-10-23T19:05:34.879250Z"},"EventRecordID":1531,"Correlation":null,"Execution_attributes":{"ProcessID":420,"ThreadID":424},"Channel":"System","Computer":"IE8Win7","Security":null},"EventData":{"ShutdownActionType":5,"ShutdownEventCode":0,"ShutdownReason":0}}}
{"Event_attributes":{"xmlns":"http://schemas.microsoft.com/win/2004/08/events/event"},"Event":{"System":{"Provider_attributes":{"Name":"Microsoft-Windows-Kernel-General","Guid":"A68CA8B7-004F-D7B6-A698-07E2DE0F1F5D"},"EventID":13,"Version":0,"Level":4,"Task":0,"Opcode":0,"Keywords":"0x8000000000000000","TimeCreated_attributes":{"SystemTime":"2013-10-23T19:05:35.410500Z"},"EventRecordID":1532,"Correlation":null,"Execution_attributes":{"ProcessID":4,"ThreadID":24},"Channel":"System","Computer":"IE8Win7","Security":null},"EventData":{"StopTime":"2013-10-23T19:05:35.410500Z"}}}
{"Event_attributes":{"xmlns":"http://schemas.microsoft.com/win/2004/08/events/event"},"Event":{"System":{"Provider_attributes":{"Name":"Microsoft-Windows-Kernel-General","Guid":"A68CA8B7-004F-D7B6-A698-07E2DE0F1F5D"},"EventID":12,"Version":0,"Level":4,"Task":0,"Opcode":0,"Keywords":"0x8000000000000000","TimeCreated_attributes":{"SystemTime":"2013-10-23T19:05:51.578125Z"},"EventRecordID":1533,"Correlation":null,"Execution_attributes":{"ProcessID":4,"ThreadID":8},"Channel":"System","Computer":"IE8Win7","Security_attributes":{"UserID":"S-1-5-18"}},"EventData":{"MajorVersion":6,"MinorVersion":1,"BuildVersion":7600,"QfeVersion":17273,"ServiceVersion":0,"BootMode":0,"StartTime":"2013-10-23T19:05:51.500000Z"}}}
{"Event_attributes":{"xmlns":"http://schemas.microsoft.com/win/2004/08/events/event"},"Event":{"System":{"Provider_attributes":{"Name":"Microsoft-Windows-FilterManager","Guid":"F3C5E28E-63F6-49C7-A204-E48A1BC4B09D"},"EventID":6,"Version":0,"Level":4,"Task":0,"Opcode":0,"Keywords":"0x8000000000000000","TimeCreated_attributes":{"SystemTime":"2013-10-23T19:05:52.734375Z"},"EventRecordID":1534,"Correlation":null,"Execution_attributes":{"ProcessID":4,"ThreadID":8},"Channel":"System","Computer":"IE8Win7","Security_attributes":{"UserID":"S-1-5-18"}},"EventData":{"FinalStatus":"0x0","DeviceVersionMajor":6,"DeviceVersionMinor":1,"DeviceNameLength":8,"DeviceName":"FileInfo","DeviceTime":"2009-07-13T16:21:51.000000Z"}}}
{"Event_attributes":{"xmlns":"http://schemas.microsoft.com/win/2004/08/events/event"},"Event":{"System":{"Provider_attributes":{"Name":"storflt"},"EventID_attributes":{"Qualifiers":16390},"EventID":3,"Level":4,"Task":0,"Keywords":"0x80000000000000","TimeCreated_attributes":{"SystemTime":"2013-10-23T19:05:52.781250Z"},"EventRecordID":1535,"Channel":"System","Computer":"IE8Win7","Security":null},"EventData":{"Data":{"#text":["","IDE","0,0,0,0"]},"Binary":"00000000030030000000000003000640000000000000000000000000000000000000000000000000"}}}
{"Event_attributes":{"xmlns":"http://schemas.microsoft.com/win/2004/08/events/event"},"Event":{"System":{"Provider_attributes":{"Name":"netvsc"},"EventID_attributes":{"Qualifiers":16384},"EventID":0,"Level":4,"Task":0,"Keywords":"0x80000000000000","TimeCreated_attributes":{"SystemTime":"2013-10-23T19:05:59.453125Z"},"EventRecordID":1536,"Channel":"System","Computer":"IE8Win7","Security":null},"EventData":{"Data":{"#text":["","3.2"]},"Binary":"0000000002002C000000000000000040000000000000000000000000000000000000000000000000"}}}
{"Event_attributes":{"xmlns":"http://schemas.microsoft.com/win/2004/08/events/event"},"Event":{"System":{"Provider_attributes":{"Name":"netvsc"},"EventID_attributes":{"Qualifiers":16384},"EventID":1,"Level":4,"Task":0,"Keywords":"0x80000000000000","TimeCreated_attributes":{"SystemTime":"2013-10-23T19:05:59.484375Z"},"EventRecordID":1537,"Channel":"System","Computer":"IE8Win7","Security":null},"EventData":{"Data":{"#text":["","Microsoft Virtual Machine Bus Network Adapter"]},"Binary":"0000000002002C000000000001000040000000000000000000000000000000000000000000000000"}}}
{"Event_attributes":{"xmlns":"http://schemas.microsoft.com/win/2004/08/events/event"},"Event":{"System":{"Provider_attributes":{"Name":"netvsc"},"EventID_attributes":{"Qualifiers":16384},"EventID":8,"Level":4,"Task":0,"Keywords":"0x80000000000000","TimeCreated_attributes":{"SystemTime":"2013-10-23T19:05:59.484375Z"},"EventRecordID":1538,"Channel":"System","Computer":"IE8Win7","Security":null},"EventData":{"Data":{"#text":["","Microsoft Virtual Machine Bus Network Adapter"]},"Binary":"0000000002002C000000000008000040000000000000000000000000000000000000000000000000"}}}
{"Event_attributes":{"xmlns":"http://schemas.microsoft.com/win/2004/08/events/event"},"Event":{"System":{"Provider_attributes":{"Name":"Microsoft-Windows-Kernel-Processor-Power","Guid":"0F67E49F-FE51-4E9F-B490-6F2948CC6027"},"EventID":26,"Version":0,"Level":4,"Task":4,"Opcode":0,"Keywords":"0x8000000000000000","TimeCreated_attributes":{"SystemTime":"2013-10-23T19:05:59.500000Z"},"EventRecordID":1539,"Correlation":null,"Execution_attributes":{"ProcessID":4,"ThreadID":52},"Channel":"System","Computer":"IE8Win7","Security_attributes":{"UserID":"S-1-5-18"}},"EventData":{"Group":0,"Number":0,"IdleStateCount":1,"PerfStateCount":0,"ThrottleStateCount":0,"ComplexData_attributes":{"Name":"IdleState"},"ComplexData":"01","ComplexData_1_attributes":{"Name":"PerfState"}}}}
{"Event_attributes":{"xmlns":"http://schemas.microsoft.com/win/2004/08/events/event"},"Event":{"System":{"Provider_attributes":{"Name":"netvsc"},"EventID_attributes":{"Qualifiers":16384},"EventID":7,"Level":4,"Task":0,"Keywords":"0x80000000000000","TimeCreated_attributes":{"SystemTime":"2013-10-23T19:05:59.640625Z"},"EventRecordID":1540,"Channel":"System","Computer":"IE8Win7","Security":null},"EventData":{"Data":{"#text":["","Microsoft Virtual Machine Bus Network Adapter"]},"Binary":"0000000002002C000000000007000040000000000000000000000000000000000000000000000000"}}}
{"Event_attributes":{"xmlns":"http://schemas.microsoft.com/win/2004/08/events/event"},"Event":{"System":{"Provider_attributes":{"Name":"netvsc"},"EventID_attributes":{"Qualifiers":16384},"EventID":8,"Level":4,"Task":0,"Keywords":"0x80000000000000","TimeCreated_attributes":{"SystemTime":"2013-10-23T19:05:59.640625Z"},"EventRecordID":1541,"Channel":"System","Computer":"IE8Win7","Security":null},"EventData":{"Data":{"#text":["","Microsoft Virtual Machine Bus Network Adapter"]},"Binary":"0000000002002C000000000008000040000000000000000000000000000000000000000000000000"}}}
{"Event_attributes":{"xmlns":"http://schemas.microsoft.com/win/2004/08/events/event"},"Event":{"System":{"Provider_attributes":{"Name":"Service Control Manager","Guid":"{555908d1-a6d7-4695-8e1e-26931d2012f4}","EventSourceName":"Service Control Manager"},"EventID_attributes":{"Qualifiers":16384},"EventID":7036,"Version":0,"Level":4,"Task":0,"Opcode":0,"Keywords":"0x8080000000000000","TimeCreated_attributes":{"SystemTime":"2013-10-23T19:06:21.828125Z"},"EventRecordID":1542,"Correlation":null,"Execution_attributes":{"ProcessID":520,"ThreadID":596},"Channel":"System","Computer":"IE8Win7","Security":null},"EventData":{"param1":"Plug and Play","param2":"running","Binary":"50006C007500670050006C00610079002F0034000000"}}}
{"Event_attributes":{"xmlns":"http://schemas.microsoft.com/win/2004/08/events/event"},"Event":{"System":{"Provider_attributes":{"Name":"Microsoft-Windows-UserPnp","Guid":"96F4A050-7E31-453C-88BE-9634F4E02139"},"EventID":20010,"Version":0,"Level":4,"Task":7010,"Opcode":0,"Keywords":"0x8000000000000000","TimeCreated_attributes":{"SystemTime":"2013-10-23T19:06:21.828125Z"},"EventRecordID":1543,"Correlation":null,"Execution_attributes":{"ProcessID":632,"ThreadID":648},"Channel":"System","Computer":"IE8Win7","Security_attributes":{"UserID":"S-1-5-18"}},"UserData":{"INFO_PNP_STATE_attributes":{"xmlns:auto-ns2":"http://schemas.microsoft.com/win/2004/08/events","xmlns":"http://manifests.microsoft.com/win/2004/08/windows/userpnp"},"INFO_PNP_STATE":{"InstallSubsystemState":true,"CachingSubsystemState":true}}}}
{"Event_attributes":{"xmlns":"http://schemas.microsoft.com/win/2004/08/events/event"},"Event":{"System":{"Provider_attributes":{"Name":"Service Control Manager","Guid":"{555908d1-a6d7-4695-8e1e-26931d2012f4}","EventSourceName":"Service Control Manager"},"EventID_attributes":{"Qualifiers":16384},"EventID":7036,"Version":0,"Level":4,"Task":0,"Opcode":0,"Keywords":"0x8080000000000000","TimeCreated_attributes":{"SystemTime":"2013-10-23T19:06:22.265625Z"},"EventRecordID":1544,"Correlation":null,"Execution_attributes":{"ProcessID":520,"ThreadID":600},"Channel":"System","Computer":"IE8Win7","Security":null},"EventData":{"param1":"Power","param2":"running","Binary":"50006F007700650072002F0034000000"}}}
{"Event_attributes":{"xmlns":"http://schemas.microsoft.com/win/2004/08/events/event"},"Event":{"System":{"Provider_attributes":{"Name":"Microsoft-Windows-FilterManager","Guid":"F3C5E28E-63F6-49C7-A204-E48A1BC4B09D"},"EventID":6,"Version":0,"Level":4,"Task":0,"Opcode":0,"Keywords":"0x8000000000000000","TimeCreated_attributes":{"SystemTime":"2013-10-23T19:06:22.281250Z"},"EventRecordID":1545,"Correlation":null,"Execution_attributes":{"ProcessID":4,"ThreadID":52},"Channel":"System","Computer":"IE8Win7","Security_attributes":{"UserID":"S-1-5-18"}},"EventData":{"FinalStatus":"0x0","DeviceVersionMajor":6,"DeviceVersionMinor":1,"DeviceNameLength":5,"DeviceName":"luafv","DeviceTime":"2009-07-13T16:15:44.000000Z"}}}
{"Event_attributes":{"xmlns":"http://schemas.microsoft.com/win/2004/08/events/event"},"Event":{"System":{"Provider_attributes":{"Name":"Service Control Manager","Guid":"{555908d1-a6d7-4695-8e1e-26931d2012f4}","EventSourceName":"Service Control Manager"},"EventID_attributes":{"Qualifiers":16384},"EventID":7036,"Version":0,"Level":4,"Task":0,"Opcode":0,"Keywords":"0x8080000000000000","TimeCreated_attributes":{"SystemTime":"2013-10-23T19:06:22.312500Z"},"EventRecordID":1546,"Correlation":null,"Execution_attributes":{"ProcessID":520,"ThreadID":600},"Channel":"System","Computer":"IE8Win7","Security":null},"EventData":{"param1":"DCOM Server Process Launcher","param2":"running","Binary":"440063006F006D004C00610075006E00630068002F0034000000"}}}
{"Event_attributes":{"xmlns":"http://schemas.microsoft.com/win/2004/08/events/event"},"Event":{"System":{"Provider_attributes":{"Name":"Service Control Manager","Guid":"{555908d1-a6d7-4695-8e1e-26931d2012f4}","EventSourceName":"Service Control Manager"},"EventID_attributes":{"Qualifiers":16384},"EventID":7036,"Version":0,"Level":4,"Task":0,"Opcode":0,"Keywords":"0x8080000000000000","TimeCreated_attributes":{"SystemTime":"2013-10-23T19:06:22.328125Z"},"EventRecordID":1547,"Correlation":null,"Execution_attributes":{"ProcessID":520,"ThreadID":600},"Channel":"System","Computer":"IE8Win7","Security":null},"EventData":{"param1":"RPC Endpoint Mapper","param2":"running","Binary":"5200700063004500700074004D00610070007000650072002F0034000000"}}}
{"Event_attributes":{"xmlns":"http://schemas.microsoft.com/win/2004/08/events/event"},"Event":{"System":{"Provider_attributes":{"Name":"Service Control Manager","Guid":"{555908d1-a6d7-4695-8e1e-26931d2012f4}","EventSourceName":"Service Control Manager"},"EventID_attributes":{"Qualifiers":16384},"EventID":7036,"Version":0,"Level":4,"Task":0,"Opcode":0,"Keywords":"0x8080000000000000","TimeCreated_attributes":{"SystemTime":"2013-10-23T19:06:22.359375Z"},"EventRecordID":1548,"Correlation":null,"Execution_attributes":{"ProcessID":520,"ThreadID":600},"Channel":"System","Computer":"IE8Win7","Security":null},"EventData":{"param1":"Remote Procedure Call (RPC)","param2":"running","Binary":"520070006300530073002F0034000000"}}}
{"Event_attributes":{"xmlns":"http://schemas.microsoft.com/win/2004/08/events/event"},"Event":{"System":{"Provider_attributes":{"Name":"Service Control Manager","Guid":"{555908d1-a6d7-4695-8e1e-26931d2012f4}","EventSourceName":"Service Control Manager"},"EventID_attributes":{"Qualifiers":16384},"EventID":7036,"Version":0,"Level":4,"Task":0,"Opcode":0,"Keywords":"0x8080000000000000","TimeCreated_attributes":{"SystemTime":"2013-10-23T19:06:22.812500Z"},"EventRecordID":1549,"Correlation":null,"Execution_attributes":{"ProcessID":520,"ThreadID":600},"Channel":"System","Computer":"IE8Win7","Security":null},"EventData":{"param1":"Windows Event Log","param2":"running","Binary":"6500760065006E0074006C006F0067002F0034000000"}}}
{"Event_attributes":{"xmlns":"http://schemas.microsoft.com/win/2004/08/events/event"},"Event":{"System":{"Provider_attributes":{"Name":"Service Control Manager","Guid":"{555908d1-a6d7-4695-8e1e-26931d2012f4}","EventSourceName":"Service Control Manager"},"EventID_attributes":{"Qualifiers":16384},"EventID":7036,"Version":0,"Level":4,"Task":0,"Opcode":0,"Keywords":"0x8080000000000000","TimeCreated_attributes":{"SystemTime":"2013-10-23T19:06:23.031250Z"},"EventRecordID":1550,"Correlation":null,"Execution_attributes":{"ProcessID":520,"ThreadID":600},"Channel":"System","Computer":"IE8Win7","Security":null},"EventData":{"param1":"Multimedia Class Scheduler","param2":"running","Binary":"4D004D004300530053002F0034000000"}}}
{"Event_attributes":{"xmlns":"http://schemas.microsoft.com/win/2004/08/events/event"},"Event":{"System":{"Provider_attributes":{"Name":"Service Control Manager","Guid":"{555908d1-a6d7-4695-8e1e-26931d2012f4}","EventSourceName":"Service Control Manager"},"EventID_attributes":{"Qualifiers":16384},"EventID":7036,"Version":0,"Level":4,"Task":0,"Opcode":0,"Keywords":"0x8080000000000000","TimeCreated_attributes":{"SystemTime":"2013-10-23T19:06:23.703125Z"},"EventRecordID":1551,"Correlation":null,"Execution_attributes":{"ProcessID":520,"ThreadID":600},"Channel":"System","Computer":"IE8Win7","Security":null},"EventData":{"param1":"Windows Audio Endpoint Builder","param2":"running","Binary":"41007500640069006F0045006E00640070006F0069006E0074004200750069006C006400650072002F0034000000"}}}
{"Event_attributes":{"xmlns":"http://schemas.microsoft.com/win/2004/08/events/event"},"Event":{"System":{"Provider_attributes":{"Name":"Service Control Manager","Guid":"{555908d1-a6d7-4695-8e1e-26931d2012f4}","EventSourceName":"Service Control Manager"},"EventID_attributes":{"Qualifiers":16384},"EventID":7036,"Version":0,"Level":4,"Task":0,"Opcode":0,"Keywords":"0x8080000000000000","TimeCreated_attributes":{"SystemTime":"2013-10-23T19:06:23.718750Z"},"EventRecordID":1552,"Correlation":null,"Execution_attributes":{"ProcessID":520,"ThreadID":596},"Channel":"System","Computer":"IE8Win7","Security":null},"EventData":{"param1":"Windows Audio","param2":"running","Binary":"41007500640069006F007300720076002F0034000000"}}}
{"Event_attributes":{"xmlns":"http://schemas.microsoft.com/win/2004/08/events/event"},"Event":{"System":{"Provider_attributes":{"Name":"Service Control Manager","Guid":"{555908d1-a6d7-4695-8e1e-26931d2012f4}","EventSourceName":"Service Control Manager"},"EventID_attributes":{"Qualifiers":16384},"EventID":7036,"Version":0,"Level":4,"Task":0,"Opcode":0,"Keywords":"0x8080000000000000","TimeCreated_attributes":{"SystemTime":"2013-10-23T19:06:24.796875Z"},"EventRecordID":1553,"Correlation":null,"Execution_attributes":{"ProcessID":520,"ThreadID":600},"Channel":"System","Computer":"IE8Win7","Security":null},"EventData":{"param1":"Themes","param2":"running","Binary":"5400680065006D00650073002F0034000000"}}}
{"Event_attributes":{"xmlns":"http://schemas.microsoft.com/win/2004/08/events/event"},"Event":{"System":{"Provider_attributes":{"Name":"Service Control Manager","Guid":"{555908d1-a6d7-4695-8e1e-26931d2012f4}","EventSourceName":"Service Control Manager"},"EventID_attributes":{"Qualifiers":16384},"EventID":7036,"Version":0,"Level":4,"Task":0,"Opcode":0,"Keywords":"0x8080000000000000","TimeCreated_attributes":{"SystemTime":"2013-10-23T19:06:24.796875Z"},"EventRecordID":1554,"Correlation":null,"Execution_attributes":{"ProcessID":520,"ThreadID":596},"Channel":"System","Computer":"IE8Win7","Security":null},"EventData":{"param1":"User Profile Service","param2":"running","Binary":"500072006F0066005300760063002F0034000000"}}}
{"Event_attributes":{"xmlns":"http://schemas.microsoft.com/win/2004/08/events/event"},"Event":{"System":{"Provider_attributes":{"Name":"Service Control Manager","Guid":"{555908d1-a6d7-4695-8e1e-26931d2012f4}","EventSourceName":"Service Control Manager"},"EventID_attributes":{"Qualifiers":16384},"EventID":7036,"Version":0,"Level":4,"Task":0,"Opcode":0,"Keywords":"0x8080000000000000","TimeCreated_attributes":{"SystemTime":"2013-10-23T19:06:24.890625Z"},"EventRecordID":1555,"Correlation":null,"Execution_attributes":{"ProcessID":520,"ThreadID":596},"Channel":"System","Computer":"IE8Win7","Security":null},"EventData":{"param1":"Offline Files","param2":"running","Binary":"43007300630053006500720076006900630065002F0034000000"}}}
{"Event_attributes":{"xmlns":"http://schemas.microsoft.com/win/2004/08/events/event"},"Event":{"System":{"Provider_attributes":{"Name":"Service Control Manager","Guid":"{555908d1-a6d7-4695-8e1e-26931d2012f4}","EventSourceName":"Service Control Manager"},"EventID_attributes":{"Qualifiers":16384},"EventID":7036,"Version":0,"Level":4,"Task":0,"Opcode":0,"Keywords":"0x8080000000000000","TimeCreated_attributes":{"SystemTime":"2013-10-23T19:06:25.421875Z"},"EventRecordID":1556,"Correlation":null,"Execution_attributes":{"ProcessID":520,"ThreadID":596},"Channel":"System","Computer":"IE8Win7","Security":null},"EventData":{"param1":"COM+ Event System","param2":"running","Binary":"4500760065006E007400530079007300740065006D002F0034000000"}}}
{"Event_attributes":{"xmlns":"http://schemas.microsoft.com/win/2004/08/events/event"},"Event":{"System":{"Provider_attributes":{"Name":"Service Control Manager","Guid":"{555908d1-a6d7-4695-8e1e-26931d2012f4}","EventSourceName":"Service Control Manager"},"EventID_attributes":{"Qualifiers":16384},"EventID":7036,"Version":0,"Level":4,"Task":0,"Opcode":0,"Keywords":"0x8080000000000000","TimeCreated_attributes":{"SystemTime":"2013-10-23T19:06:25.875000Z"},"EventRecordID":1557,"Correlation":null,"Execution_attributes":{"ProcessID":520,"ThreadID":596},"Channel":"System","Computer":"IE8Win7","Security":null},"EventData":{"param1":"Group Policy Client","param2":"running","Binary":"670070007300760063002F0034000000"}}}
{"Event_attributes":{"xmlns":"http://schemas.microsoft.com/win/2004/08/events/event"},"Event":{"System":{"Provider_attributes":{"Name":"Service Control Manager","Guid":"{555908d1-a6d7-4695-8e1e-26931d2012f4}","EventSourceName":"Service Control Manager"},"EventID_attributes":{"Qualifiers":16384},"EventID":7036,"Version":0,"Level":4,"Task":0,"Opcode":0,"Keywords":"0x8080000000000000","TimeCreated_attributes":{"SystemTime":"2013-10-23T19:06:25.890625Z"},"EventRecordID":1558,"Correlation":null,"Execution_attributes":{"ProcessID":520,"ThreadID":600},"Channel":"System","Computer":"IE8Win7","Security":null},"EventData":{"param1":"System Event Notification Service","param2":"running","Binary":"530045004E0053002F0034000000"}}}
{"Event_attributes":{"xmlns":"http://schemas.microsoft.com/win/2004/08/events/event"},"Event":{"System":{"Provider_attributes":{"Name":"Service Control Manager","Guid":"{555908d1-a6d7-4695-8e1e-26931d2012f4}","EventSourceName":"Service Control Manager"},"EventID_attributes":{"Qualifiers":16384},"EventID":7036,"Version":0,"Level":4,"Task":0,"Opcode":0,"Keywords":"0x8080000000000000","TimeCreated_attributes":{"SystemTime":"2013-10-23T19:07:11.609375Z"},"EventRecordID":1559,"Correlation":null,"Execution_attributes":{"ProcessID":520,"ThreadID":616},"Channel":"System","Computer":"IE8Win7","Security":null},"EventData":{"param1":"Windows Modules Installer","param2":"running","Binary":"540072007500730074006500640049006E007300740061006C006C00650072002F0034000000"}}}
{"Event_attributes":{"xmlns":"http://schemas.microsoft.com/win/2004/08/events/event"},"Event":{"System":{"Provider_attributes":{"Name":"Service Control Manager","Guid":"{555908d1-a6d7-4695-8e1e-26931d2012f4}","EventSourceName":"Service Control Manager"},"EventID_attributes":{"Qualifiers":16384},"EventID":7036,"Version":0,"Level":4,"Task":0,"Opcode":0,"Keywords":"0x8080000000000000","TimeCreated_attributes":{"SystemTime":"2013-10-23T19:07:11.703125Z"},"EventRecordID":1560,"Correlation":null,"Execution_attributes":{"ProcessID":520,"ThreadID":616},"Channel":"System","Computer":"IE8Win7","Security":null},"EventData":{"param1":"Desktop Window Manager Session Manager","param2":"running","Binary":"5500780053006D0073002F0034000000"}}}
{"Event_attributes":{"xmlns":"http://schemas.microsoft.com/win/2004/08/events/event"},"Event":{"System":{"Provider_attributes":{"Name":"Service Control Manager","Guid":"{555908d1-a6d7-4695-8e1e-26931d2012f4}","EventSourceName":"Service Control Manager"},"EventID_attributes":{"Qualifiers":16384},"EventID":7036,"Version":0,"Level":4,"Task":0,"Opcode":0,"Keywords":"0x8080000000000000","TimeCreated_attributes":{"SystemTime":"2013-10-23T19:07:11.718750Z"},"EventRecordID":1561,"Correlation":null,"Execution_attributes":{"ProcessID":520,"ThreadID":616},"Channel":"System","Computer":"IE8Win7","Security":null},"EventData":{"param1":"Security Accounts Manager","param2":"running","Binary":"530061006D00530073002F0034000000"}}}
{"Event_attributes":{"xmlns":"http://schemas.microsoft.com/win/2004/08/events/event"},"Event":{"System":{"Provider_attributes":{"Name":"Service Control Manager","Guid":"{555908d1-a6d7-4695-8e1e-26931d2012f4}","EventSourceName":"Service Control Manager"},"EventID_attributes":{"Qualifiers":16384},"EventID":7036,"Version":0,"Level":4,"Task":0,"Opcode":0,"Keywords":"0x8080000000000000","TimeCreated_attributes":{"SystemTime":"2013-10-23T19:07:11.859375Z"},"EventRecordID":1562,"Correlation":null,"Execution_attributes":{"ProcessID":520,"ThreadID":616},"Channel":"System","Computer":"IE8Win7","Security":null},"EventData":{"param1":"Network Store Interface Service","param2":"running","Binary":"6E00730069002F0034000000"}}}
{"Event_attributes":{"xmlns":"http://schemas.microsoft.com/win/2004/08/events/event"},"Event":{"System":{"Provider_attributes":{"Name":"Service Control Manager","Guid":"{555908d1-a6d7-4695-8e1e-26931d2012f4}","EventSourceName":"Service Control Manager"},"EventID_attributes":{"Qualifiers":16384},"EventID":7036,"Version":0,"Level":4,"Task":0,"Opcode":0,"Keywords":"0x8080000000000000","TimeCreated_attributes":{"SystemTime":"2013-10-23T19:07:11.937500Z"},"EventRecordID":1563,"Correlation":null,"Execution_attributes":{"ProcessID":520,"ThreadID":616},"Channel":"System","Computer":"IE8Win7","Security":null},"EventData":{"param1":"TCP/IP NetBIOS Helper","param2":"running","Binary":"6C006D0068006F007300740073002F0034000000"}}}
{"Event_attributes":{"xmlns":"http://schemas.microsoft.com/win/2004/08/events/event"},"Event":{"System":{"Provider_attributes":{"Name":"Microsoft-Windows-Dhcp-Client","Guid":"15A7A4F8-0072-4EAB-ABAD-F98A4D666AED"},"EventID":50036,"Version":0,"Level":4,"Task":4,"Opcode":68,"Keywords":"0x2000000000000000","TimeCreated_attributes":{"SystemTime":"2013-10-23T19:07:12.109375Z"},"EventRecordID":1564,"Correlation":null,"Execution_attributes":{"ProcessID":796,"ThreadID":1116},"Channel":"System","Computer":"IE8Win7","Security_attributes":{"UserID":"S-1-5-19"}},"EventData":null}}
{"Event_attributes":{"xmlns":"http://schemas.microsoft.com/win/2004/08/events/event"},"Event":{"System":{"Provider_attributes":{"Name":"Microsoft-Windows-DHCPv6-Client","Guid":"6A1F2B00-6A90-4C38-95A5-5CAB3B056778"},"EventID":51046,"Version":0,"Level":4,"Task":4,"Opcode":62,"Keywords":"0x2000000000000000","TimeCreated_attributes":{"SystemTime":"2013-10-23T19:07:12.156250Z"},"EventRecordID":1565,"Correlation":null,"Execution_attributes":{"ProcessID":796,"ThreadID":1152},"Channel":"System","Computer":"IE8Win7","Security_attributes":{"UserID":"S-1-5-19"}},"EventData":null}}
{"Event_attributes":{"xmlns":"http://schemas.microsoft.com/win/2004/08/events/event"},"Event":{"System":{"Provider_attributes":{"Name":"Service Control Manager","Guid":"{555908d1-a6d7-4695-8e1e-26931d2012f4}","EventSourceName":"Service Control Manager"},"EventID_attributes":{"Qualifiers":16384},"EventID":7036,"Version":0,"Level":4,"Task":0,"Opcode":0,"Keywords":"0x8080000000000000","TimeCreated_attributes":{"SystemTime":"2013-10-23T19:07:12.171875Z"},"EventRecordID":1566,"Correlation":null,"Execution_attributes":{"ProcessID":520,"ThreadID":616},"Channel":"System","Computer":"IE8Win7","Security":null},"EventData":{"param1":"DHCP Client","param2":"running","Binary":"44006800630070002F0034000000"}}}
{"Event_attributes":{"xmlns":"http://schemas.microsoft.com/win/2004/08/events/event"},"Event":{"System":{"Provider_attributes":{"Name":"Service Control Manager","Guid":"{555908d1-a6d7-4695-8e1e-26931d2012f4}","EventSourceName":"Service Control Manager"},"EventID_attributes":{"Qualifiers":16384},"EventID":7036,"Version":0,"Level":4,"Task":0,"Opcode":0,"Keywords":"0x8080000000000000","TimeCreated_attributes":{"SystemTime":"2013-10-23T19:07:12.218750Z"},"EventRecordID":1567,"Correlation":null,"Execution_attributes":{"ProcessID":520,"ThreadID":616},"Channel":"System","Computer":"IE8Win7","Security":null},"EventData":{"param1":"DNS Client","param2":"running","Binary":"44006E007300630061006300680065002F0034000000"}}}
{"Event_attributes":{"xmlns":"http://schemas.microsoft.com/win/2004/08/events/event"},"Event":{"System":{"Provider_attributes":{"Name":"Service Control Manager","Guid":"{555908d1-a6d7-4695-8e1e-26931d2012f4}","EventSourceName":"Service Control Manager"},"EventID_attributes":{"Qualifiers":16384},"EventID":7036,"Version":0,"Level":4,"Task":0,"Opcode":0,"Keywords":"0x8080000000000000","TimeCreated_attributes":{"SystemTime":"2013-10-23T19:07:12.312500Z"},"EventRecordID":1568,"Correlation":null,"Execution_attributes":{"ProcessID":520,"ThreadID":596},"Channel":"System","Computer":"IE8Win7","Security":null},"EventData":{"param1":"Shell Hardware Detection","param2":"running","Binary":"5300680065006C006C004800570044006500740065006300740069006F006E002F0034000000"}}}
{"Event_attributes":{"xmlns":"http://schemas.microsoft.com/win/2004/08/events/event"},"Event":{"System":{"Provider_attributes":{"Name":"Service Control Manager","Guid":"{555908d1-a6d7-4695-8e1e-26931d2012f4}","EventSourceName":"Service Control Manager"},"EventID_attributes":{"Qualifiers":16384},"EventID":7036,"Version":0,"Level":4,"Task":0,"Opcode":0,"Keywords":"0x8080000000000000","TimeCreated_attributes":{"SystemTime":"2013-10-23T19:07:13.109375Z"},"EventRecordID":1569,"Correlation":null,"Execution_attributes":{"ProcessID":520,"ThreadID":596},"Channel":"System","Computer":"IE8Win7","Security":null},"EventData":{"param1":"Task Scheduler","param2":"running","Binary":"5300630068006500640075006C0065002F0034000000"}}}
{"Event_attributes":{"xmlns":"http://schemas.microsoft.com/win/2004/08/events/event"},"Event":{"System":{"Provider_attributes":{"Name":"Service Control Manager","Guid":"{555908d1-a6d7-4695-8e1e-26931d2012f4}","EventSourceName":"Service Control Manager"},"EventID_attributes":{"Qualifiers":16384},"EventID":7036,"Version":0,"Level":4,"Task":0,"Opcode":0,"Keywords":"0x8080000000000000","TimeCreated_attributes":{"SystemTime":"2013-10-23T19:07:14.218750Z"},"EventRecordID":1570,"Correlation":null,"Execution_attributes":{"ProcessID":520,"ThreadID":616},"Channel":"System","Computer":"IE8Win7","Security":null},"EventData":{"param1":"Print Spooler","param2":"running","Binary":"530070006F006F006C00650072002F0034000000"}}}
{"Event_attributes":{"xmlns":"http://schemas.microsoft.com/win/2004/08/events/event"},"Event":{"System":{"Provider_attributes":{"Name":"Service Control Manager","Guid":"{555908d1-a6d7-4695-8e1e-26931d2012f4}","EventSourceName":"Service Control Manager"},"EventID_attributes":{"Qualifiers":16384},"EventID":7036,"Version":0,"Level":4,"Task":0,"Opcode":0,"Keywords":"0x8080000000000000","TimeCreated_attributes":{"SystemTime":"2013-10-23T19:07:14.515625Z"},"EventRecordID":1571,"Correlation":null,"Execution_attributes":{"ProcessID":520,"ThreadID":616},"Channel":"System","Computer":"IE8Win7","Security":null},"EventData":{"param1":"Base Filtering Engine","param2":"running","Binary":"4200460045002F0034000000"}}}
{"Event_attributes":{"xmlns":"http://schemas.microsoft.com/win/2004/08/events/event"},"Event":{"System":{"Provider_attributes":{"Name":"Service Control Manager","Guid":"{555908d1-a6d7-4695-8e1e-26931d2012f4}","EventSourceName":"Service Control Manager"},"EventID_attributes":{"Qualifiers":16384},"EventID":7036,"Version":0,"Level":4,"Task":0,"Opcode":0,"Keywords":"0x8080000000000000","TimeCreated_attributes":{"SystemTime":"2013-10-23T19:07:14.968750Z"},"EventRecordID":1572,"Correlation":null,"Execution_attributes":{"ProcessID":520,"ThreadID":616},"Channel":"System","Computer":"IE8Win7","Security":null},"EventData":{"param1":"Windows Firewall","param2":"running","Binary":"4D00700073005300760063002F0034000000"}}}
{"Event_attributes":{"xmlns":"http://schemas.microsoft.com/win/2004/08/events/event"},"Event":{"System":{"Provider_attributes":{"Name":"Service Control Manager","Guid":"{555908d1-a6d7-4695-8e1e-26931d2012f4}","EventSourceName":"Service Control Manager"},"EventID_attributes":{"Qualifiers":16384},"EventID":7036,"Version":0,"Level":4,"Task":0,"Opcode":0,"Keywords":"0x8080000000000000","TimeCreated_attributes":{"SystemTime":"2013-10-23T19:07:15.078125Z"},"EventRecordID":1573,"Correlation":null,"Execution_attributes":{"ProcessID":520,"ThreadID":596},"Channel":"System","Computer":"IE8Win7","Security":null},"EventData":{"param1":"Workstation","param2":"running","Binary":"4C0061006E006D0061006E0057006F0072006B00730074006100740069006F006E002F0034000000"}}}
{"Event_attributes":{"xmlns":"http://schemas.microsoft.com/win/2004/08/events/event"},"Event":{"System":{"Provider_attributes":{"Name":"Service Control Manager","Guid":"{555908d1-a6d7-4695-8e1e-26931d2012f4}","EventSourceName":"Service Control Manager"},"EventID_attributes":{"Qualifiers":16384},"EventID":7036,"Version":0,"Level":4,"Task":0,"Opcode":0,"Keywords":"0x8080000000000000","TimeCreated_attributes":{"SystemTime":"2013-10-23T19:07:15.828125Z"},"EventRecordID":1574,"Correlation":null,"Execution_attributes":{"ProcessID":520,"ThreadID":616},"Channel":"System","Computer":"IE8Win7","Security":null},"EventData":{"param1":"Hyper-V Heartbeat Service","param2":"running","Binary":"76006D00690063006800650061007200740062006500610074002F0034000000"}}}
{"Event_attributes":{"xmlns":"http://schemas.microsoft.com/win/2004/08/events/event"},"Event":{"System":{"Provider_attributes":{"Name":"Service Control Manager","Guid":"{555908d1-a6d7-4695-8e1e-26931d2012f4}","EventSourceName":"Service Control Manager"},"EventID_attributes":{"Qualifiers":16384},"EventID":7036,"Version":0,"Level":4,"Task":0,"Opcode":0,"Keywords":"0x8080000000000000","TimeCreated_attributes":{"SystemTime":"2013-10-23T19:07:15.921875Z"},"EventRecordID":1575,"Correlation":null,"Execution_attributes":{"ProcessID":520,"ThreadID":596},"Channel":"System","Computer":"IE8Win7","Security":null},"EventData":{"param1":"Hyper-V Data Exchange Service","param2":"running","Binary":"76006D00690063006B0076007000650078006300680061006E00670065002F0034000000"}}}
{"Event_attributes":{"xmlns":"http://schemas.microsoft.com/win/2004/08/events/event"},"Event":{"System":{"Provider_attributes":{"Name":"Service Control Manager","Guid":"{555908d1-a6d7-4695-8e1e-26931d2012f4}","EventSourceName":"Service Control Manager"},"EventID_attributes":{"Qualifiers":16384},"EventID":7036,"Version":0,"Level":4,"Task":0,"Opcode":0,"Keywords":"0x8080000000000000","TimeCreated_attributes":{"SystemTime":"2013-10-23T19:07:15.953125Z"},"EventRecordID":1576,"Correlation":null,"Execution_attributes":{"ProcessID":520,"ThreadID":616},"Channel":"System","Computer":"IE8Win7","Security":null},"EventData":{"param1":"Hyper-V Guest Shutdown Service","param2":"running","Binary":"76006D0069006300730068007500740064006F0077006E002F0034000000"}}}
{"Event_attributes":{"xmlns":"http://schemas.microsoft.com/win/2004/08/events/event"},"Event":{"System":{"Provider_attributes":{"Name":"Service Control Manager","Guid":"{555908d1-a6d7-4695-8e1e-26931d2012f4}","EventSourceName":"Service Control Manager"},"EventID_attributes":{"Qualifiers":16384},"EventID":7036,"Version":0,"Level":4,"Task":0,"Opcode":0,"Keywords":"0x8080000000000000","TimeCreated_attributes":{"SystemTime":"2013-10-23T19:07:15.984375Z"},"EventRecordID":1577,"Correlation":null,"Execution_attributes":{"ProcessID":520,"ThreadID":596},"Channel":"System","Computer":"IE8Win7","Security":null},"EventData":{"param1":"Hyper-V Time Synchronization Service","param2":"running","Binary":"76006D0069006300740069006D006500730079006E0063002F0034000000"}}}
{"Event_attributes":{"xmlns":"http://schemas.microsoft.com/win/2004/08/events/event"},"Event":{"System":{"Provider_attributes":{"Name":"Microsoft-Windows-Kernel-General","Guid":"A68CA8B7-004F-D7B6-A698-07E2DE0F1F5D"},"EventID":1,"Version":0,"Level":4,"Task":0,"Opcode":0,"Keywords":"0x8000000000000010","TimeCreated_attributes":{"SystemTime":"2013-10-23T19:07:16.729000Z"},"EventRecordID":1578,"Correlation":null,"Execution_attributes":{"ProcessID":1424,"ThreadID":1464},"Channel":"System","Computer":"IE8Win7","Security_attributes":{"UserID":"S-1-5-19"}},"EventData":{"NewTime":"2013-10-23T19:07:16.729000Z","OldTime":"2013-10-23T19:07:15.984375Z"}}}
{"Event_attributes":{"xmlns":"http://schemas.microsoft.com/win/2004/08/events/event"},"Event":{"System":{"Provider_attributes":{"Name":"Service Control Manager","Guid":"{555908d1-a6d7-4695-8e1e-26931d2012f4}","EventSourceName":"Service Control Manager"},"EventID_attributes":{"Qualifiers":16384},"EventID":7036,"Version":0,"Level":4,"Task":0,"Opcode":0,"Keywords":"0x8080000000000000","TimeCreated_attributes":{"SystemTime":"2013-10-23T19:07:16.729000Z"},"EventRecordID":1579,"Correlation":null,"Execution_attributes":{"ProcessID":520,"ThreadID":616},"Channel":"System","Computer":"IE8Win7","Security":null},"EventData":{"param1":"Hyper-V Volume Shadow Copy Requestor","param2":"running","Binary":"76006D00690063007600730073002F0034000000"}}}
{"Event_attributes":{"xmlns":"http://schemas.microsoft.com/win/2004/08/events/event"},"Event":{"System":{"Provider_attributes":{"Name":"Service Control Manager","Guid":"{555908d1-a6d7-4695-8e1e-26931d2012f4}","EventSourceName":"Service Control Manager"},"EventID_attributes":{"Qualifiers":16384},"EventID":7036,"Version":0,"Level":4,"Task":0,"Opcode":0,"Keywords":"0x8080000000000000","TimeCreated_attributes":{"SystemTime":"2013-10-23T19:07:16.994625Z"},"EventRecordID":1580,"Correlation":null,"Execution_attributes":{"ProcessID":520,"ThreadID":616},"Channel":"System","Computer":"IE8Win7","Security":null},"EventData":{"param1":"Diagnostic Policy Service","param2":"running","Binary":"4400500053002F0034000000"}}}
{"Event_attributes":{"xmlns":"http://schemas.microsoft.com/win/2004/08/events/event"},"Event":{"System":{"Provider_attributes":{"Name":"Service Control Manager","Guid":"{555908d1-a6d7-4695-8e1e-26931d2012f4}","EventSourceName":"Service Control Manager"},"EventID_attributes":{"Qualifiers":16384},"EventID":7036,"Version":0,"Level":4,"Task":0,"Opcode":0,"Keywords":"0x8080000000000000","TimeCreated_attributes":{"SystemTime":"2013-10-23T19:07:17.869625Z"},"EventRecordID":1581,"Correlation":null,"Execution_attributes":{"ProcessID":520,"ThreadID":584},"Channel":"System","Computer":"IE8Win7","Security":null},"EventData":{"param1":"Cryptographic Services","param2":"running","Binary":"430072007900700074005300760063002F0034000000"}}}
{"Event_attributes":{"xmlns":"http://schemas.microsoft.com/win/2004/08/events/event"},"Event":{"System":{"Provider_attributes":{"Name":"Service Control Manager","Guid":"{555908d1-a6d7-4695-8e1e-26931d2012f4}","EventSourceName":"Service Control Manager"},"EventID_attributes":{"Qualifiers":16384},"EventID":7036,"Version":0,"Level":4,"Task":0,"Opcode":0,"Keywords":"0x8080000000000000","TimeCreated_attributes":{"SystemTime":"2013-10-23T19:07:18.182125Z"},"EventRecordID":1582,"Correlation":null,"Execution_attributes":{"ProcessID":520,"ThreadID":596},"Channel":"System","Computer":"IE8Win7","Security":null},"EventData":{"param1":"Network Location Awareness","param2":"running","Binary":"4E006C0061005300760063002F0034000000"}}}
{"Event_attributes":{"xmlns":"http://schemas.microsoft.com/win/2004/08/events/event"},"Event":{"System":{"Provider_attributes":{"Name":"Service Control Manager","Guid":"{555908d1-a6d7-4695-8e1e-26931d2012f4}","EventSourceName":"Service Control Manager"},"EventID_attributes":{"Qualifiers":16384},"EventID":7036,"Version":0,"Level":4,"Task":0,"Opcode":0,"Keywords":"0x8080000000000000","TimeCreated_attributes":{"SystemTime":"2013-10-23T19:07:19.447750Z"},"EventRecordID":1583,"Correlation":null,"Execution_attributes":{"ProcessID":520,"ThreadID":596},"Channel":"System","Computer":"IE8Win7","Security":null},"EventData":{"param1":"Software Protection","param2":"running","Binary":"7300700070007300760063002F0034000000"}}}
{"Event_attributes":{"xmlns":"http://schemas.microsoft.com/win/2004/08/events/event"},"Event":{"System":{"Provider_attributes":{"Name":"Service Control Manager","Guid":"{555908d1-a6d7-4695-8e1e-26931d2012f4}","EventSourceName":"Service Control Manager"},"EventID_attributes":{"Qualifiers":16384},"EventID":7036,"Version":0,"Level":4,"Task":0,"Opcode":0,"Keywords":"0x8080000000000000","TimeCreated_attributes":{"SystemTime":"2013-10-23T19:07:20.150875Z"},"EventRecordID":1584,"Correlation":null,"Execution_attributes":{"ProcessID":520,"ThreadID":596},"Channel":"System","Computer":"IE8Win7","Security":null},"EventData":{"param1":"Superfetch","param2":"running","Binary":"5300790073004D00610069006E002F0034000000"}}}
{"Event_attributes":{"xmlns":"http://schemas.microsoft.com/win/2004/08/events/event"},"Event":{"System":{"Provider_attributes":{"Name":"Service Control Manager","Guid":"{555908d1-a6d7-4695-8e1e-26931d2012f4}","EventSourceName":"Service Control Manager"},"EventID_attributes":{"Qualifiers":16384},"EventID":7036,"Version":0,"Level":4,"Task":0,"Opcode":0,"Keywords":"0x8080000000000000","TimeCreated_attributes":{"SystemTime":"2013-10-23T19:07:20.150875Z"},"EventRecordID":1585,"Correlation":null,"Execution_attributes":{"ProcessID":520,"ThreadID":584},"Channel":"System","Computer":"IE8Win7","Security":null},"EventData":{"param1":"Distributed Link Tracking Client","param2":"running","Binary":"540072006B0057006B0073002F0034000000"}}}
{"Event_attributes":{"xmlns":"http://schemas.microsoft.com/win/2004/08/events/event"},"Event":{"System":{"Provider_attributes":{"Name":"Service Control Manager","Guid":"{555908d1-a6d7-4695-8e1e-26931d2012f4}","EventSourceName":"Service Control Manager"},"EventID_attributes":{"Qualifiers":16384},"EventID":7036,"Version":0,"Level":4,"Task":0,"Opcode":0,"Keywords":"0x8080000000000000","TimeCreated_attributes":{"SystemTime":"2013-10-23T19:07:20.322750Z"},"EventRecordID":1586,"Correlation":null,"Execution_attributes":{"ProcessID":520,"ThreadID":584},"Channel":"System","Computer":"IE8Win7","Security":null},"EventData":{"param1":"Windows Licensing Monitoring Service","param2":"running","Binary":"57004C004D0053002F0034000000"}}}
{"Event_attributes":{"xmlns":"http://schemas.microsoft.com/win/2004/08/events/event"},"Event":{"System":{"Provider_attributes":{"Name":"Service Control Manager","Guid":"{555908d1-a6d7-4695-8e1e-26931d2012f4}","EventSourceName":"Service Control Manager"},"EventID_attributes":{"Qualifiers":16384},"EventID":7036,"Version":0,"Level":4,"Task":0,"Opcode":0,"Keywords":"0x8080000000000000","TimeCreated_attributes":{"SystemTime":"2013-10-23T19:07:20.369625Z"},"EventRecordID":1587,"Correlation":null,"Execution_attributes":{"ProcessID":520,"ThreadID":584},"Channel":"System","Computer":"IE8Win7","Security":null},"EventData":{"param1":"Windows Management Instrumentation","param2":"running","Binary":"570069006E006D0067006D0074002F0034000000"}}}
{"Event_attributes":{"xmlns":"http://schemas.microsoft.com/win/2004/08/events/event"},"Event":{"System":{"Provider_attributes":{"Name":"Service Control Manager","Guid":"{555908d1-a6d7-4695-8e1e-26931d2012f4}","EventSourceName":"Service Control Manager"},"EventID_attributes":{"Qualifiers":16384},"EventID":7036,"Version":0,"Level":4,"Task":0,"Opcode":0,"Keywords":"0x8080000000000000","TimeCreated_attributes":{"SystemTime":"2013-10-23T19:07:20.979000Z"},"EventRecordID":1588,"Correlation":null,"Execution_attributes":{"ProcessID":520,"ThreadID":584},"Channel":"System","Computer":"IE8Win7","Security":null},"EventData":{"param1":"IP Helper","param2":"running","Binary":"6900700068006C0070007300760063002F0034000000"}}}
{"Event_attributes":{"xmlns":"http://schemas.microsoft.com/win/2004/08/events/event"},"Event":{"System":{"Provider_attributes":{"Name":"Service Control Manager","Guid":"{555908d1-a6d7-4695-8e1e-26931d2012f4}","EventSourceName":"Service Control Manager"},"EventID_attributes":{"Qualifiers":16384},"EventID":7036,"Version":0,"Level":4,"Task":0,"Opcode":0,"Keywords":"0x8080000000000000","TimeCreated_attributes":{"SystemTime":"2013-10-23T19:07:23.744625Z"},"EventRecordID":1589,"Correlation":null,"Execution_attributes":{"ProcessID":520,"ThreadID":596},"Channel":"System","Computer":"IE8Win7","Security":null},"EventData":{"param1":"Server","param2":"running","Binary":"4C0061006E006D0061006E005300650072007600650072002F0034000000"}}}
