{"Event_attributes":{"xmlns":"http://schemas.microsoft.com/win/2004/08/events/event"},"Event":{"System":{"Provider_attributes":{"Name":"Service Control Manager","Guid":"{555908d1-a6d7-4695-8e1e-26931d2012f4}","EventSourceName":"Service Control Manager"},"EventID_attributes":{"Qualifiers":16384},"EventID":7036,"Version":0,"Level":4,"Task":0,"Opcode":0,"Keywords":"0x8080000000000000","TimeCreated_attributes":{"SystemTime":"2013-10-23T19:48:23.930500Z"},"EventRecordID":2075,"Correlation":null,"Execution_attributes":{"ProcessID":532,"ThreadID":1564},"Channel":"System","Computer":"IE8Win7","Security":null},"EventData":{"param1":"Background Intelligent Transfer Service","param2":"running","Binary":"42004900540053002F0034000000"}}}
{"Event_attributes":{"xmlns":"http://schemas.microsoft.com/win/2004/08/events/event"},"Event":{"System":{"Provider_attributes":{"Name":"Service Control Manager","Guid":"{555908d1-a6d7-4695-8e1e-26931d2012f4}","EventSourceName":"Service Control Manager"},"EventID_attributes":{"Qualifiers":16384},"EventID":7036,"Version":0,"Level":4,"Task":0,"Opcode":0,"Keywords":"0x8080000000000000","TimeCreated_attributes":{"SystemTime":"2013-10-23T19:48:31.477375Z"},"EventRecordID":2076,"Correlation":null,"Execution_attributes":{"ProcessID":532,"ThreadID":1792},"Channel":"System","Computer":"IE8Win7","Security":null},"EventData":{"param1":"SSDP Discovery","param2":"running","Binary":"53005300440050005300520056002F0034000000"}}}
{"Event_attributes":{"xmlns":"http://schemas.microsoft.com/win/2004/08/events/event"},"Event":{"System":{"Provider_attributes":{"Name":"Microsoft-Windows-WindowsUpdateClient","Guid":"945A8954-C147-4ACD-923F-40C45405A658"},"EventID":19,"Version":0,"Level":4,"Task":1,"Opcode":13,"Keywords":"0x8000000000000018","TimeCreated_attributes":{"SystemTime":"2013-10-23T19:48:32.133625Z"},"EventRecordID":2077,"Correlation":null,"Execution_attributes":{"ProcessID":896,"ThreadID":1684},"Channel":"System","Computer":"IE8Win7","Security_attributes":{"UserID":"S-1-5-18"}},"EventData":{"updateTitle":"Update for Windows 7 (KB982018)","updateGuid":"8D3119B7-9064-4C22-ABC1-060EED83E39B","updateRevisionNumber":101}}}
{"Event_attributes":{"xmlns":"http://schemas.microsoft.com/win/2004/08/events/event"},"Event":{"System":{"Provider_attributes":{"Name":"Microsoft-Windows-WindowsUpdateClient","Guid":"945A8954-C147-4ACD-923F-40C45405A658"},"EventID":19,"Version":0,"Level":4,"Task":1,"Opcode":13,"Keywords":"0x8000000000000018","TimeCreated_attributes":{"SystemTime":"2013-10-23T19:48:32.133625Z"},"EventRecordID":2078,"Correlation":null,"Execution_attributes":{"ProcessID":896,"ThreadID":1684},"Channel":"System","Computer":"IE8Win7","Security_attributes":{"UserID":"S-1-5-18"}},"EventData":{"updateTitle":"Update for Windows 7 (KB2545698)","updateGuid":"7DD475B3-3DCE-40C6-88E0-833D9F72CFE4","updateRevisionNumber":100}}}
{"Event_attributes":{"xmlns":"http://schemas.microsoft.com/win/2004/08/events/event"},"Event":{"System":{"Provider_attributes":{"Name":"Service Control Manager","Guid":"{555908d1-a6d7-4695-8e1e-26931d2012f4}","EventSourceName":"Service Control Manager"},"EventID_attributes":{"Qualifiers":16384},"EventID":7040,"Version":0,"Level":4,"Task":0,"Opcode":0,"Keywords":"0x8080000000000000","TimeCreated_attributes":{"SystemTime":"2013-10-23T19:48:36.383625Z"},"EventRecordID":2079,"Correlation":null,"Execution_attributes":{"ProcessID":532,"ThreadID":1564},"Channel":"System","Computer":"IE8Win7","Security_attributes":{"UserID":"S-1-5-18"}},"EventData":{"param1":"Windows Modules Installer","param2":"demand start","param3":"auto start","param4":"TrustedInstaller"}}}
{"Event_attributes":{"xmlns":"http://schemas.microsoft.com/win/2004/08/events/event"},"Event":{"System":{"Provider_attributes":{"Name":"Service Control Manager","Guid":"{555908d1-a6d7-4695-8e1e-26931d2012f4}","EventSourceName":"Service Control Manager"},"EventID_attributes":{"Qualifiers":16384},"EventID":7036,"Version":0,"Level":4,"Task":0,"Opcode":0,"Keywords":"0x8080000000000000","TimeCreated_attributes":{"SystemTime":"2013-10-23T19:48:36.430500Z"},"EventRecordID":2080,"Correlation":null,"Execution_attributes":{"ProcessID":532,"ThreadID":640},"Channel":"System","Computer":"IE8Win7","Security":null},"EventData":{"param1":"Application Experience","param2":"running","Binary":"410065004C006F006F006B00750070005300760063002F0034000000"}}}
{"Event_attributes":{"xmlns":"http://schemas.microsoft.com/win/2004/08/events/event"},"Event":{"System":{"Provider_attributes":{"Name":"Service Control Manager","Guid":"{555908d1-a6d7-4695-8e1e-26931d2012f4}","EventSourceName":"Service Control Manager"},"EventID_attributes":{"Qualifiers":16384},"EventID":7036,"Version":0,"Level":4,"Task":0,"Opcode":0,"Keywords":"0x8080000000000000","TimeCreated_attributes":{"SystemTime":"2013-10-23T19:48:42.883625Z"},"EventRecordID":2081,"Correlation":null,"Execution_attributes":{"ProcessID":532,"ThreadID":1792},"Channel":"System","Computer":"IE8Win7","Security":null},"EventData":{"param1":"Microsoft .NET Framework NGEN v4.0.30319_X86","param2":"running","Binary":"63006C0072005F006F007000740069006D0069007A006100740069006F006E005F00760034002E0030002E00330030003300310039005F00330032002F0034000000"}}}
{"Event_attributes":{"xmlns":"http://schemas.microsoft.com/win/2004/08/events/event"},"Event":{"System":{"Provider_attributes":{"Name":"Service Control Manager","Guid":"{555908d1-a6d7-4695-8e1e-26931d2012f4}","EventSourceName":"Service Control Manager"},"EventID_attributes":{"Qualifiers":16384},"EventID":7040,"Version":0,"Level":4,"Task":0,"Opcode":0,"Keywords":"0x8080000000000000","TimeCreated_attributes":{"SystemTime":"2013-10-23T19:48:48.836750Z"},"EventRecordID":2082,"Correlation":null,"Execution_attributes":{"ProcessID":532,"ThreadID":1792},"Channel":"System","Computer":"IE8Win7","Security_attributes":{"UserID":"S-1-5-18"}},"EventData":{"param1":"Windows Modules Installer","param2":"auto start","param3":"demand start","param4":"TrustedInstaller"}}}
{"Event_attributes":{"xmlns":"http://schemas.microsoft.com/win/2004/08/events/event"},"Event":{"System":{"Provider_attributes":{"Name":"Service Control Manager","Guid":"{555908d1-a6d7-4695-8e1e-26931d2012f4}","EventSourceName":"Service Control Manager"},"EventID_attributes":{"Qualifiers":16384},"EventID":7036,"Version":0,"Level":4,"Task":0,"Opcode":0,"Keywords":"0x8080000000000000","TimeCreated_attributes":{"SystemTime":"2013-10-23T19:48:57.696125Z"},"EventRecordID":2083,"Correlation":null,"Execution_attributes":{"ProcessID":532,"ThreadID":1792},"Channel":"System","Computer":"IE8Win7","Security":null},"EventData":{"param1":"Windows Font Cache Service","param2":"running","Binary":"46006F006E007400430061006300680065002F0034000000"}}}
{"Event_attributes":{"xmlns":"http://schemas.microsoft.com/win/2004/08/events/event"},"Event":{"System":{"Provider_attributes":{"Name":"Service Control Manager","Guid":"{555908d1-a6d7-4695-8e1e-26931d2012f4}","EventSourceName":"Service Control Manager"},"EventID_attributes":{"Qualifiers":16384},"EventID":7036,"Version":0,"Level":4,"Task":0,"Opcode":0,"Keywords":"0x8080000000000000","TimeCreated_attributes":{"SystemTime":"2013-10-23T19:49:09.852375Z"},"EventRecordID":2084,"Correlation":null,"Execution_attributes":{"ProcessID":532,"ThreadID":1792},"Channel":"System","Computer":"IE8Win7","Security":null},"EventData":{"param1":"Portable Device Enumerator Service","param2":"stopped","Binary":"57005000440042007500730045006E0075006D002F0031000000"}}}
{"Event_attributes":{"xmlns":"http://schemas.microsoft.com/win/2004/08/events/event"},"Event":{"System":{"Provider_attributes":{"Name":"Service Control Manager","Guid":"{555908d1-a6d7-4695-8e1e-26931d2012f4}","EventSourceName":"Service Control Manager"},"EventID_attributes":{"Qualifiers":16384},"EventID":7036,"Version":0,"Level":4,"Task":0,"Opcode":0,"Keywords":"0x8080000000000000","TimeCreated_attributes":{"SystemTime":"2013-10-23T19:49:21.836750Z"},"EventRecordID":2085,"Correlation":null,"Execution_attributes":{"ProcessID":532,"ThreadID":1792},"Channel":"System","Computer":"IE8Win7","Security":null},"EventData":{"param1":"Windows Defender","param2":"running","Binary":"570069006E0044006500660065006E0064002F0034000000"}}}
{"Event_attributes":{"xmlns":"http://schemas.microsoft.com/win/2004/08/events/event"},"Event":{"System":{"Provider_attributes":{"Name":"Service Control Manager","Guid":"{555908d1-a6d7-4695-8e1e-26931d2012f4}","EventSourceName":"Service Control Manager"},"EventID_attributes":{"Qualifiers":16384},"EventID":7036,"Version":0,"Level":4,"Task":0,"Opcode":0,"Keywords":"0x8080000000000000","TimeCreated_attributes":{"SystemTime":"2013-10-23T19:49:28.508625Z"},"EventRecordID":2086,"Correlation":null,"Execution_attributes":{"ProcessID":532,"ThreadID":1792},"Channel":"System","Computer":"IE8Win7","Security":null},"EventData":{"param1":"Security Center","param2":"running","Binary":"7700730063007300760063002F0034000000"}}}
{"Event_attributes":{"xmlns":"http://schemas.microsoft.com/win/2004/08/events/event"},"Event":{"System":{"Provider_attributes":{"Name":"Service Control Manager","Guid":"{555908d1-a6d7-4695-8e1e-26931d2012f4}","EventSourceName":"Service Control Manager"},"EventID_attributes":{"Qualifiers":16384},"EventID":7036,"Version":0,"Level":4,"Task":0,"Opcode":0,"Keywords":"0x8080000000000000","TimeCreated_attributes":{"SystemTime":"2013-10-23T19:49:44.243000Z"},"EventRecordID":2087,"Correlation":null,"Execution_attributes":{"ProcessID":532,"ThreadID":1792},"Channel":"System","Computer":"IE8Win7","Security":null},"EventData":{"param1":"Volume Shadow Copy","param2":"running","Binary":"5600530053002F0034000000"}}}
{"Event_attributes":{"xmlns":"http://schemas.microsoft.com/win/2004/08/events/event"},"Event":{"System":{"Provider_attributes":{"Name":"Service Control Manager","Guid":"{555908d1-a6d7-4695-8e1e-26931d2012f4}","EventSourceName":"Service Control Manager"},"EventID_attributes":{"Qualifiers":16384},"EventID":7036,"Version":0,"Level":4,"Task":0,"Opcode":0,"Keywords":"0x8080000000000000","TimeCreated_attributes":{"SystemTime":"2013-10-23T19:49:44.477375Z"},"EventRecordID":2088,"Correlation":null,"Execution_attributes":{"ProcessID":532,"ThreadID":1792},"Channel":"System","Computer":"IE8Win7","Security":null},"EventData":{"param1":"Microsoft Software Shadow Copy Provider","param2":"running","Binary":"730077007000720076002F0034000000"}}}
{"Event_attributes":{"xmlns":"http://schemas.microsoft.com/win/2004/08/events/event"},"Event":{"System":{"Provider_attributes":{"Name":"Microsoft-Windows-UserPnp","Guid":"96F4A050-7E31-453C-88BE-9634F4E02139"},"EventID":20001,"Version":0,"Level":4,"Task":7005,"Opcode":0,"Keywords":"0x8000000000000000","TimeCreated_attributes":{"SystemTime":"2013-10-23T19:50:04.508625Z"},"EventRecordID":2089,"Correlation":null,"Execution_attributes":{"ProcessID":2560,"ThreadID":2576},"Channel":"System","Computer":"IE8Win7","Security_attributes":{"UserID":"S-1-5-18"}},"UserData":{"InstallDeviceID_attributes":{"xmlns:auto-ns2":"http://schemas.microsoft.com/win/2004/08/events","xmlns":"http://manifests.microsoft.com/win/2004/08/windows/userpnp"},"InstallDeviceID":{"DriverName":"FileRepository\\volsnap.inf_x86_neutral_42f862e05fcb0306\\volsnap.inf","DriverVersion":"6.1.7600.16385","DriverProvider":"Microsoft","DeviceInstanceID":"STORAGE\\VOLUMESNAPSHOT\\HARDDISKVOLUMESNAPSHOT9","SetupClass":"533C5B84-EC70-11D2-9505-00C04F79DEAF","RebootOption":false,"UpgradeDevice":false,"IsDriverOEM":false,"InstallStatus":"0x0","DriverDescription":"Generic volume shadow copy"}}}}
{"Event_attributes":{"xmlns":"http://schemas.microsoft.com/win/2004/08/events/event"},"Event":{"System":{"Provider_attributes":{"Name":"Service Control Manager","Guid":"{555908d1-a6d7-4695-8e1e-26931d2012f4}","EventSourceName":"Service Control Manager"},"EventID_attributes":{"Qualifiers":16384},"EventID":7040,"Version":0,"Level":4,"Task":0,"Opcode":0,"Keywords":"0x8080000000000000","TimeCreated_attributes":{"SystemTime":"2013-10-23T19:50:17.571125Z"},"EventRecordID":2090,"Correlation":null,"Execution_attributes":{"ProcessID":532,"ThreadID":1792},"Channel":"System","Computer":"IE8Win7","Security_attributes":{"UserID":"S-1-5-18"}},"EventData":{"param1":"Windows Modules Installer","param2":"demand start","param3":"auto start","param4":"TrustedInstaller"}}}
{"Event_attributes":{"xmlns":"http://schemas.microsoft.com/win/2004/08/events/event"},"Event":{"System":{"Provider_attributes":{"Name":"Service Control Manager","Guid":"{555908d1-a6d7-4695-8e1e-26931d2012f4}","EventSourceName":"Service Control Manager"},"EventID_attributes":{"Qualifiers":16384},"EventID":7036,"Version":0,"Level":4,"Task":0,"Opcode":0,"Keywords":"0x8080000000000000","TimeCreated_attributes":{"SystemTime":"2013-10-23T19:51:00.680500Z"},"EventRecordID":2091,"Correlation":null,"Execution_attributes":{"ProcessID":532,"ThreadID":2860},"Channel":"System","Computer":"IE8Win7","Security":null},"EventData":{"param1":"Multimedia Class Scheduler","param2":"stopped","Binary":"4D004D004300530053002F0031000000"}}}
{"Event_attributes":{"xmlns":"http://schemas.microsoft.com/win/2004/08/events/event"},"Event":{"System":{"Provider_attributes":{"Name":"USER32"},"EventID_attributes":{"Qualifiers":32768},"EventID":1074,"Level":4,"Task":0,"Keywords":"0x80000000000000","TimeCreated_attributes":{"SystemTime":"2013-10-23T19:53:57.000000Z"},"EventRecordID":2092,"Channel":"System","Computer":"IE8Win7","Security_attributes":{"UserID":"S-1-5-21-3463664321-2923530833-3546627382-1000"}},"EventData":{"Data":{"#text":["Explorer.EXE","IE8WIN7","Operating System: Recovery (Planned)","0x80020002","restart","","IE8Win7\\IEUser"]},"Binary":"0200028000000000000000000000000000000000000000000000000000000000"}}}
{"Event_attributes":{"xmlns":"http://schemas.microsoft.com/win/2004/08/events/event"},"Event":{"System":{"Provider_attributes":{"Name":"USER32"},"EventID_attributes":{"Qualifiers":32768},"EventID":1074,"Level":4,"Task":0,"Keywords":"0x80000000000000","TimeCreated_attributes":{"SystemTime":"2013-10-23T19:54:00.000000Z"},"EventRecordID":2093,"Channel":"System","Computer":"IE8Win7","Security_attributes":{"UserID":"S-1-5-21-3463664321-2923530833-3546627382-1000"}},"EventData":{"Data":{"#text":["C:\\Windows\\system32\\winlogon.exe (IE8WIN7)","IE8WIN7","No title for this reason could be found","0x500ff","restart","","IE8Win7\\IEUser"]},"Binary":"FF00050000000000000000000000000000000000000000000000000000000000"}}}
{"Event_attributes":{"xmlns":"http://schemas.microsoft.com/win/2004/08/events/event"},"Event":{"System":{"Provider_attributes":{"Name":"Microsoft-Windows-Winlogon","Guid":"DBE9B383-7CF3-4331-91CC-A3CB16A3B538"},"EventID":7002,"Version":0,"Level":4,"Task":1102,"Opcode":0,"Keywords":"0x2000000000000000","TimeCreated_attributes":{"SystemTime":"2013-10-23T19:54:01.008625Z"},"EventRecordID":2094,"Correlation_attributes":{"ActivityID":"2698178D-FDAD-40AE-9D3C-1371703ADC5B"},"Execution_attributes":{"ProcessID":480,"ThreadID":504},"Channel":"System","Computer":"IE8Win7","Security_attributes":{"UserID":"S-1-5-18"}},"EventData":{"TSId":1,"UserSid":"S-1-5-21-3463664321-2923530833-3546627382-1000"}}}
{"Event_attributes":{"xmlns":"http://schemas.microsoft.com/win/2004/08/events/event"},"Event":{"System":{"Provider_attributes":{"Name":"Service Control Manager","Guid":"{555908d1-a6d7-4695-8e1e-26931d2012f4}","EventSourceName":"Service Control Manager"},"EventID_attributes":{"Qualifiers":16384},"EventID":7036,"Version":0,"Level":4,"Task":0,"Opcode":0,"Keywords":"0x8080000000000000","TimeCreated_attributes":{"SystemTime":"2013-10-23T19:54:02.055500Z"},"EventRecordID":2095,"Correlation":null,"Execution_attributes":{"ProcessID":532,"ThreadID":3556},"Channel":"System","Computer":"IE8Win7","Security":null},"EventData":{"param1":"Windows Update","param2":"stopped","Binary":"770075006100750073006500720076002F0031000000"}}}
{"Event_attributes":{"xmlns":"http://schemas.microsoft.com/win/2004/08/events/event"},"Event":{"System":{"Provider_attributes":{"Name":"Service Control Manager","Guid":"{555908d1-a6d7-4695-8e1e-26931d2012f4}","EventSourceName":"Service Control Manager"},"EventID_attributes":{"Qualifiers":16384},"EventID":7036,"Version":0,"Level":4,"Task":0,"Opcode":0,"Keywords":"0x8080000000000000","TimeCreated_attributes":{"SystemTime":"2013-10-23T19:54:02.446125Z"},"EventRecordID":2096,"Correlation":null,"Execution_attributes":{"ProcessID":532,"ThreadID":3556},"Channel":"System","Computer":"IE8Win7","Security":null},"EventData":{"param1":"Group Policy Client","param2":"stopped","Binary":"670070007300760063002F0031000000"}}}
{"Event_attributes":{"xmlns":"http://schemas.microsoft.com/win/2004/08/events/event"},"Event":{"System":{"Provider_attributes":{"Name":"Service Control Manager","Guid":"{555908d1-a6d7-4695-8e1e-26931d2012f4}","EventSourceName":"Service Control Manager"},"EventID_attributes":{"Qualifiers":16384},"EventID":7036,"Version":0,"Level":4,"Task":0,"Opcode":0,"Keywords":"0x8080000000000000","TimeCreated_attributes":{"SystemTime":"2013-10-23T19:54:06.258625Z"},"EventRecordID":2097,"Correlation":null,"Execution_attributes":{"ProcessID":532,"ThreadID":3556},"Channel":"System","Computer":"IE8Win7","Security":null},"EventData":{"param1":"Windows Modules Installer","param2":"stopped","Binary":"540072007500730074006500640049006E007300740061006C006C00650072002F0031000000"}}}
{"Event_attributes":{"xmlns":"http://schemas.microsoft.com/win/2004/08/events/event"},"Event":{"System":{"Provider_attributes":{"Name":"Service Control Manager","Guid":"{555908d1-a6d7-4695-8e1e-26931d2012f4}","EventSourceName":"Service Control Manager"},"EventID_attributes":{"Qualifiers":16384},"EventID":7036,"Version":0,"Level":4,"Task":0,"Opcode":0,"Keywords":"0x8080000000000000","TimeCreated_attributes":{"SystemTime":"2013-10-23T19:54:06.539875Z"},"EventRecordID":2098,"Correlation":null,"Execution_attributes":{"ProcessID":532,"ThreadID":3144},"Channel":"System","Computer":"IE8Win7","Security":null},"EventData":{"param1":"Microsoft .NET Framework NGEN v4.0.30319_X86","param2":"stopped","Binary":"63006C0072005F006F007000740069006D0069007A006100740069006F006E005F00760034002E0030002E00330030003300310039005F00330032002F0031000000"}}}
{"Event_attributes":{"xmlns":"http://schemas.microsoft.com/win/2004/08/events/event"},"Event":{"System":{"Provider_attributes":{"Name":"Microsoft-Windows-DHCPv6-Client","Guid":"6A1F2B00-6A90-4C38-95A5-5CAB3B056778"},"EventID":51047,"Version":0,"Level":4,"Task":4,"Opcode":63,"Keywords":"0x2000000000000000","TimeCreated_attributes":{"SystemTime":"2013-10-23T19:54:07.305500Z"},"EventRecordID":2099,"Correlation":null,"Execution_attributes":{"ProcessID":776,"ThreadID":1196},"Channel":"System","Computer":"IE8Win7","Security_attributes":{"UserID":"S-1-5-19"}},"EventData":{"DwordVal":1}}}
{"Event_attributes":{"xmlns":"http://schemas.microsoft.com/win/2004/08/events/event"},"Event":{"System":{"Provider_attributes":{"Name":"Service Control Manager","Guid":"{555908d1-a6d7-4695-8e1e-26931d2012f4}","EventSourceName":"Service Control Manager"},"EventID_attributes":{"Qualifiers":16384},"EventID":7036,"Version":0,"Level":4,"Task":0,"Opcode":0,"Keywords":"0x8080000000000000","TimeCreated_attributes":{"SystemTime":"2013-10-23T19:54:07.461750Z"},"EventRecordID":2100,"Correlation":null,"Execution_attributes":{"ProcessID":532,"ThreadID":3144},"Channel":"System","Computer":"IE8Win7","Security":null},"EventData":{"param1":"Power","param2":"stopped","Binary":"50006F007700650072002F0031000000"}}}
{"Event_attributes":{"xmlns":"http://schemas.microsoft.com/win/2004/08/events/event"},"Event":{"System":{"Provider_attributes":{"Name":"Microsoft-Windows-Dhcp-Client","Guid":"15A7A4F8-0072-4EAB-ABAD-F98A4D666AED"},"EventID":50037,"Version":0,"Level":4,"Task":4,"Opcode":69,"Keywords":"0x2000000000000000","TimeCreated_attributes":{"SystemTime":"2013-10-23T19:54:07.555500Z"},"EventRecordID":2101,"Correlation":null,"Execution_attributes":{"ProcessID":776,"ThreadID":1144},"Channel":"System","Computer":"IE8Win7","Security_attributes":{"UserID":"S-1-5-19"}},"EventData":{"DwordVal":1}}}
{"Event_attributes":{"xmlns":"http://schemas.microsoft.com/win/2004/08/events/event"},"Event":{"System":{"Provider_attributes":{"Name":"Service Control Manager","Guid":"{555908d1-a6d7-4695-8e1e-26931d2012f4}","EventSourceName":"Service Control Manager"},"EventID_attributes":{"Qualifiers":16384},"EventID":7036,"Version":0,"Level":4,"Task":0,"Opcode":0,"Keywords":"0x8080000000000000","TimeCreated_attributes":{"SystemTime":"2013-10-23T19:54:07.680500Z"},"EventRecordID":2102,"Correlation":null,"Execution_attributes":{"ProcessID":532,"ThreadID":3144},"Channel":"System","Computer":"IE8Win7","Security":null},"EventData":{"param1":"DHCP Client","param2":"stopped","Binary":"44006800630070002F0031000000"}}}
{"Event_attributes":{"xmlns":"http://schemas.microsoft.com/win/2004/08/events/event"},"Event":{"System":{"Provider_attributes":{"Name":"Service Control Manager","Guid":"{555908d1-a6d7-4695-8e1e-26931d2012f4}","EventSourceName":"Service Control Manager"},"EventID_attributes":{"Qualifiers":16384},"EventID":7036,"Version":0,"Level":4,"Task":0,"Opcode":0,"Keywords":"0x8080000000000000","TimeCreated_attributes":{"SystemTime":"2013-10-23T19:54:07.836750Z"},"EventRecordID":2103,"Correlation":null,"Execution_attributes":{"ProcessID":532,"ThreadID":3144},"Channel":"System","Computer":"IE8Win7","Security":null},"EventData":{"param1":"User Profile Service","param2":"stopped","Binary":"500072006F0066005300760063002F0031000000"}}}
{"Event_attributes":{"xmlns":"http://schemas.microsoft.com/win/2004/08/events/event"},"Event":{"System":{"Provider_attributes":{"Name":"Service Control Manager","Guid":"{555908d1-a6d7-4695-8e1e-26931d2012f4}","EventSourceName":"Service Control Manager"},"EventID_attributes":{"Qualifiers":16384},"EventID":7036,"Version":0,"Level":4,"Task":0,"Opcode":0,"Keywords":"0x8080000000000000","TimeCreated_attributes":{"SystemTime":"2013-10-23T19:54:07.868000Z"},"EventRecordID":2104,"Correlation":null,"Execution_attributes":{"ProcessID":532,"ThreadID":3144},"Channel":"System","Computer":"IE8Win7","Security":null},"EventData":{"param1":"Diagnostic System Host","param2":"stopped","Binary":"570064006900530079007300740065006D0048006F00730074002F0031000000"}}}
{"Event_attributes":{"xmlns":"http://schemas.microsoft.com/win/2004/08/events/event"},"Event":{"System":{"Provider_attributes":{"Name":"Microsoft-Windows-UserPnp","Guid":"96F4A050-7E31-453C-88BE-9634F4E02139"},"EventID":20010,"Version":0,"Level":4,"Task":7010,"Opcode":0,"Keywords":"0x8000000000000000","TimeCreated_attributes":{"SystemTime":"2013-10-23T19:54:07.899250Z"},"EventRecordID":2105,"Correlation":null,"Execution_attributes":{"ProcessID":660,"ThreadID":3344},"Channel":"System","Computer":"IE8Win7","Security_attributes":{"UserID":"S-1-5-18"}},"UserData":{"INFO_PNP_STATE_attributes":{"xmlns:auto-ns2":"http://schemas.microsoft.com/win/2004/08/events","xmlns":"http://manifests.microsoft.com/win/2004/08/windows/userpnp"},"INFO_PNP_STATE":{"InstallSubsystemState":false,"CachingSubsystemState":false}}}}
{"Event_attributes":{"xmlns":"http://schemas.microsoft.com/win/2004/08/events/event"},"Event":{"System":{"Provider_attributes":{"Name":"Service Control Manager","Guid":"{555908d1-a6d7-4695-8e1e-26931d2012f4}","EventSourceName":"Service Control Manager"},"EventID_attributes":{"Qualifiers":16384},"EventID":7036,"Version":0,"Level":4,"Task":0,"Opcode":0,"Keywords":"0x8080000000000000","TimeCreated_attributes":{"SystemTime":"2013-10-23T19:54:07.899250Z"},"EventRecordID":2106,"Correlation":null,"Execution_attributes":{"ProcessID":532,"ThreadID":3144},"Channel":"System","Computer":"IE8Win7","Security":null},"EventData":{"param1":"Plug and Play","param2":"stopped","Binary":"50006C007500670050006C00610079002F0031000000"}}}
{"Event_attributes":{"xmlns":"http://schemas.microsoft.com/win/2004/08/events/event"},"Event":{"System":{"Provider_attributes":{"Name":"Service Control Manager","Guid":"{555908d1-a6d7-4695-8e1e-26931d2012f4}","EventSourceName":"Service Control Manager"},"EventID_attributes":{"Qualifiers":16384},"EventID":7036,"Version":0,"Level":4,"Task":0,"Opcode":0,"Keywords":"0x8080000000000000","TimeCreated_attributes":{"SystemTime":"2013-10-23T19:54:07.914875Z"},"EventRecordID":2107,"Correlation":null,"Execution_attributes":{"ProcessID":532,"ThreadID":3144},"Channel":"System","Computer":"IE8Win7","Security":null},"EventData":{"param1":"Windows Font Cache Service","param2":"stopped","Binary":"46006F006E007400430061006300680065002F0031000000"}}}
{"Event_attributes":{"xmlns":"http://schemas.microsoft.com/win/2004/08/events/event"},"Event":{"System":{"Provider_attributes":{"Name":"Service Control Manager","Guid":"{555908d1-a6d7-4695-8e1e-26931d2012f4}","EventSourceName":"Service Control Manager"},"EventID_attributes":{"Qualifiers":16384},"EventID":7036,"Version":0,"Level":4,"Task":0,"Opcode":0,"Keywords":"0x8080000000000000","TimeCreated_attributes":{"SystemTime":"2013-10-23T19:54:08.164875Z"},"EventRecordID":2108,"Correlation":null,"Execution_attributes":{"ProcessID":532,"ThreadID":3144},"Channel":"System","Computer":"IE8Win7","Security":null},"EventData":{"param1":"Microsoft Software Shadow Copy Provider","param2":"stopped","Binary":"730077007000720076002F0031000000"}}}
{"Event_attributes":{"xmlns":"http://schemas.microsoft.com/win/2004/08/events/event"},"Event":{"System":{"Provider_attributes":{"Name":"Service Control Manager","Guid":"{555908d1-a6d7-4695-8e1e-26931d2012f4}","EventSourceName":"Service Control Manager"},"EventID_attributes":{"Qualifiers":16384},"EventID":7036,"Version":0,"Level":4,"Task":0,"Opcode":0,"Keywords":"0x8080000000000000","TimeCreated_attributes":{"SystemTime":"2013-10-23T19:54:08.321125Z"},"EventRecordID":2109,"Correlation":null,"Execution_attributes":{"ProcessID":532,"ThreadID":3144},"Channel":"System","Computer":"IE8Win7","Security":null},"EventData":{"param1":"Desktop Window Manager Session Manager","param2":"stopped","Binary":"5500780053006D0073002F0031000000"}}}
{"Event_attributes":{"xmlns":"http://schemas.microsoft.com/win/2004/08/events/event"},"Event":{"System":{"Provider_attributes":{"Name":"EventLog"},"EventID_attributes":{"Qualifiers":32768},"EventID":6006,"Level":4,"Task":0,"Keywords":"0x80000000000000","TimeCreated_attributes":{"SystemTime":"2013-10-23T19:54:08.000000Z"},"EventRecordID":2110,"Channel":"System","Computer":"IE8Win7","Security":null},"EventData":{"Data":{"#text":""},"Binary":"0100000000000000"}}}
{"Event_attributes":{"xmlns":"http://schemas.microsoft.com/win/2004/08/events/event"},"Event":{"System":{"Provider_attributes":{"Name":"Service Control Manager","Guid":"{555908d1-a6d7-4695-8e1e-26931d2012f4}","EventSourceName":"Service Control Manager"},"EventID_attributes":{"Qualifiers":16384},"EventID":7036,"Version":0,"Level":4,"Task":0,"Opcode":0,"Keywords":"0x8080000000000000","TimeCreated_attributes":{"SystemTime":"2013-10-23T19:54:08.493000Z"},"EventRecordID":2111,"Correlation":null,"Execution_attributes":{"ProcessID":532,"ThreadID":3144},"Channel":"System","Computer":"IE8Win7","Security":null},"EventData":{"param1":"Diagnostic Service Host","param2":"stopped","Binary":"570064006900530065007200760069006300650048006F00730074002F0031000000"}}}
{"Event_attributes":{"xmlns":"http://schemas.microsoft.com/win/2004/08/events/event"},"Event":{"System":{"Provider_attributes":{"Name":"Service Control Manager","Guid":"{555908d1-a6d7-4695-8e1e-26931d2012f4}","EventSourceName":"Service Control Manager"},"EventID_attributes":{"Qualifiers":16384},"EventID":7036,"Version":0,"Level":4,"Task":0,"Opcode":0,"Keywords":"0x8080000000000000","TimeCreated_attributes":{"SystemTime":"2013-10-23T19:54:08.586750Z"},"EventRecordID":2112,"Correlation":null,"Execution_attributes":{"ProcessID":532,"ThreadID":3144},"Channel":"System","Computer":"IE8Win7","Security":null},"EventData":{"param1":"Distributed Link Tracking Client","param2":"stopped","Binary":"540072006B0057006B0073002F0031000000"}}}
{"Event_attributes":{"xmlns":"http://schemas.microsoft.com/win/2004/08/events/event"},"Event":{"System":{"Provider_attributes":{"Name":"Service Control Manager","Guid":"{555908d1-a6d7-4695-8e1e-26931d2012f4}","EventSourceName":"Service Control Manager"},"EventID_attributes":{"Qualifiers":16384},"EventID":7036,"Version":0,"Level":4,"Task":0,"Opcode":0,"Keywords":"0x8080000000000000","TimeCreated_attributes":{"SystemTime":"2013-10-23T19:54:09.039875Z"},"EventRecordID":2113,"Correlation":null,"Execution_attributes":{"ProcessID":532,"ThreadID":3144},"Channel":"System","Computer":"IE8Win7","Security":null},"EventData":{"param1":"SSDP Discovery","param2":"stopped","Binary":"53005300440050005300520056002F0031000000"}}}
{"Event_attributes":{"xmlns":"http://schemas.microsoft.com/win/2004/08/events/event"},"Event":{"System":{"Provider_attributes":{"Name":"Service Control Manager","Guid":"{555908d1-a6d7-4695-8e1e-26931d2012f4}","EventSourceName":"Service Control Manager"},"EventID_attributes":{"Qualifiers":16384},"EventID":7036,"Version":0,"Level":4,"Task":0,"Opcode":0,"Keywords":"0x8080000000000000","TimeCreated_attributes":{"SystemTime":"2013-10-23T19:54:09.243000Z"},"EventRecordID":2114,"Correlation":null,"Execution_attributes":{"ProcessID":532,"ThreadID":3144},"Channel":"System","Computer":"IE8Win7","Security":null},"EventData":{"param1":"Windows Licensing Monitoring Service","param2":"stopped","Binary":"57004C004D0053002F0031000000"}}}
{"Event_attributes":{"xmlns":"http://schemas.microsoft.com/win/2004/08/events/event"},"Event":{"System":{"Provider_attributes":{"Name":"Service Control Manager","Guid":"{555908d1-a6d7-4695-8e1e-26931d2012f4}","EventSourceName":"Service Control Manager"},"EventID_attributes":{"Qualifiers":16384},"EventID":7036,"Version":0,"Level":4,"Task":0,"Opcode":0,"Keywords":"0x8080000000000000","TimeCreated_attributes":{"SystemTime":"2013-10-23T19:54:09.243000Z"},"EventRecordID":2115,"Correlation":null,"Execution_attributes":{"ProcessID":532,"ThreadID":3144},"Channel":"System","Computer":"IE8Win7","Security":null},"EventData":{"param1":"Volume Shadow Copy","param2":"stopped","Binary":"5600530053002F0031000000"}}}
{"Event_attributes":{"xmlns":"http://schemas.microsoft.com/win/2004/08/events/event"},"Event":{"System":{"Provider_attributes":{"Name":"Service Control Manager","Guid":"{555908d1-a6d7-4695-8e1e-26931d2012f4}","EventSourceName":"Service Control Manager"},"EventID_attributes":{"Qualifiers":16384},"EventID":7036,"Version":0,"Level":4,"Task":0,"Opcode":0,"Keywords":"0x8080000000000000","TimeCreated_attributes":{"SystemTime":"2013-10-23T19:54:09.336750Z"},"EventRecordID":2116,"Correlation":null,"Execution_attributes":{"ProcessID":532,"ThreadID":3144},"Channel":"System","Computer":"IE8Win7","Security":null},"EventData":{"param1":"Security Center","param2":"stopped","Binary":"7700730063007300760063002F0031000000"}}}
{"Event_attributes":{"xmlns":"http://schemas.microsoft.com/win/2004/08/events/event"},"Event":{"System":{"Provider_attributes":{"Name":"Service Control Manager","Guid":"{555908d1-a6d7-4695-8e1e-26931d2012f4}","EventSourceName":"Service Control Manager"},"EventID_attributes":{"Qualifiers":16384},"EventID":7036,"Version":0,"Level":4,"Task":0,"Opcode":0,"Keywords":"0x8080000000000000","TimeCreated_attributes":{"SystemTime":"2013-10-23T19:54:09.711750Z"},"EventRecordID":2117,"Correlation":null,"Execution_attributes":{"ProcessID":532,"ThreadID":3144},"Channel":"System","Computer":"IE8Win7","Security":null},"EventData":{"param1":"Windows Management Instrumentation","param2":"stopped","Binary":"570069006E006D0067006D0074002F0031000000"}}}
{"Event_attributes":{"xmlns":"http://schemas.microsoft.com/win/2004/08/events/event"},"Event":{"System":{"Provider_attributes":{"Name":"Service Control Manager","Guid":"{555908d1-a6d7-4695-8e1e-26931d2012f4}","EventSourceName":"Service Control Manager"},"EventID_attributes":{"Qualifiers":16384},"EventID":7036,"Version":0,"Level":4,"Task":0,"Opcode":0,"Keywords":"0x8080000000000000","TimeCreated_attributes":{"SystemTime":"2013-10-23T19:54:10.524250Z"},"EventRecordID":2118,"Correlation":null,"Execution_attributes":{"ProcessID":532,"ThreadID":3144},"Channel":"System","Computer":"IE8Win7","Security":null},"EventData":{"param1":"Diagnostic Policy Service","param2":"stopped","Binary":"4400500053002F0031000000"}}}
{"Event_attributes":{"xmlns":"http://schemas.microsoft.com/win/2004/08/events/event"},"Event":{"System":{"Provider_attributes":{"Name":"Service Control Manager","Guid":"{555908d1-a6d7-4695-8e1e-26931d2012f4}","EventSourceName":"Service Control Manager"},"EventID_attributes":{"Qualifiers":16384},"EventID":7036,"Version":0,"Level":4,"Task":0,"Opcode":0,"Keywords":"0x8080000000000000","TimeCreated_attributes":{"SystemTime":"2013-10-23T19:54:12.055500Z"},"EventRecordID":2119,"Correlation":null,"Execution_attributes":{"ProcessID":532,"ThreadID":3144},"Channel":"System","Computer":"IE8Win7","Security":null},"EventData":{"param1":"Cryptographic Services","param2":"stopped","Binary":"430072007900700074005300760063002F0031000000"}}}
{"Event_attributes":{"xmlns":"http://schemas.microsoft.com/win/2004/08/events/event"},"Event":{"System":{"Provider_attributes":{"Name":"Service Control Manager","Guid":"{555908d1-a6d7-4695-8e1e-26931d2012f4}","EventSourceName":"Service Control Manager"},"EventID_attributes":{"Qualifiers":16384},"EventID":7036,"Version":0,"Level":4,"Task":0,"Opcode":0,"Keywords":"0x8080000000000000","TimeCreated_attributes":{"SystemTime":"2013-10-23T19:54:12.180500Z"},"EventRecordID":2120,"Correlation":null,"Execution_attributes":{"ProcessID":532,"ThreadID":3144},"Channel":"System","Computer":"IE8Win7","Security":null},"EventData":{"param1":"Superfetch","param2":"stopped","Binary":"5300790073004D00610069006E002F0031000000"}}}
{"Event_attributes":{"xmlns":"http://schemas.microsoft.com/win/2004/08/events/event"},"Event":{"System":{"Provider_attributes":{"Name":"EventLog"},"EventID_attributes":{"Qualifiers":32768},"EventID":6009,"Level":4,"Task":0,"Keywords":"0x80000000000000","TimeCreated_attributes":{"SystemTime":"2013-10-23T19:55:00.000000Z"},"EventRecordID":2121,"Channel":"System","Computer":"IE8Win7","Security":null},"EventData":{"Data":{"#text":["6.01.","7601","Service Pack 1","Multiprocessor Free","17514"]},"Binary":null}}}
{"Event_attributes":{"xmlns":"http://schemas.microsoft.com/win/2004/08/events/event"},"Event":{"System":{"Provider_attributes":{"Name":"EventLog"},"EventID_attributes":{"Qualifiers":32768},"EventID":6005,"Level":4,"Task":0,"Keywords":"0x80000000000000","TimeCreated_attributes":{"SystemTime":"2013-10-23T19:55:00.000000Z"},"EventRecordID":2122,"Channel":"System","Computer":"IE8Win7","Security":null},"EventData":{"Data":{"#text":""},"Binary":"DD070A000300170013003700000019010000000000000000"}}}
{"Event_attributes":{"xmlns":"http://schemas.microsoft.com/win/2004/08/events/event"},"Event":{"System":{"Provider_attributes":{"Name":"EventLog"},"EventID_attributes":{"Qualifiers":32768},"EventID":6013,"Level":4,"Task":0,"Keywords":"0x80000000000000","TimeCreated_attributes":{"SystemTime":"2013-10-23T19:55:00.000000Z"},"EventRecordID":2123,"Channel":"System","Computer":"IE8Win7","Security":null},"EventData":{"Data":{"#text":["","","","","22","60","480 Pacific Standard Time"]},"Binary":"31002E003100000030000000570069006E0064006F007700730020003700200045006E0074006500720070007200690073006500000036002E0031002E00370036003000310020004200750069006C006400200037003600300031002000530065007200760069006300650020005000610063006B002000310000004D0075006C0074006900700072006F0063006500730073006F00720020004600720065006500000037003600300031002E00770069006E0037007300700031005F006700640072002E003100330030003300310038002D00310035003300330000003500320036003700660037006400340000004E006F007400200041007600610069006C00610062006C00650000004E006F007400200041007600610069006C00610062006C0065000000300000003100000035003100320000003400300039000000490045003800570069006E00370000000000"}}}
{"Event_attributes":{"xmlns":"http://schemas.microsoft.com/win/2004/08/events/event"},"Event":{"System":{"Provider_attributes":{"Name":"Microsoft-Windows-Kernel-Power","Guid":"331C3B3A-2005-44C2-AC5E-77220C37D6B4"},"EventID":109,"Version":0,"Level":4,"Task":103,"Opcode":0,"Keywords":"0x8000000000000004","TimeCreated_attributes":{"SystemTime":"2013-10-23T19:54:12.493000Z"},"EventRecordID":2124,"Correlation":null,"Execution_attributes":{"ProcessID":436,"ThreadID":440},"Channel":"System","Computer":"IE8Win7","Security":null},"EventData":{"ShutdownActionType":5,"ShutdownEventCode":0,"ShutdownReason":0}}}
{"Event_attributes":{"xmlns":"http://schemas.microsoft.com/win/2004/08/events/event"},"Event":{"System":{"Provider_attributes":{"Name":"Service Control Manager","Guid":"{555908d1-a6d7-4695-8e1e-26931d2012f4}","EventSourceName":"Service Control Manager"},"EventID_attributes":{"Qualifiers":16384},"EventID":7036,"Version":0,"Level":4,"Task":0,"Opcode":0,"Keywords":"0x8080000000000000","TimeCreated_attributes":{"SystemTime":"2013-10-23T19:54:12.946125Z"},"EventRecordID":2125,"Correlation":null,"Execution_attributes":{"ProcessID":532,"ThreadID":3144},"Channel":"System","Computer":"IE8Win7","Security":null},"EventData":{"param1":"Windows Event Log","param2":"stopped","Binary":"6500760065006E0074006C006F0067002F0031000000"}}}
{"Event_attributes":{"xmlns":"http://schemas.microsoft.com/win/2004/08/events/event"},"Event":{"System":{"Provider_attributes":{"Name":"Service Control Manager","Guid":"{555908d1-a6d7-4695-8e1e-26931d2012f4}","EventSourceName":"Service Control Manager"},"EventID_attributes":{"Qualifiers":16384},"EventID":7036,"Version":0,"Level":4,"Task":0,"Opcode":0,"Keywords":"0x8080000000000000","TimeCreated_attributes":{"SystemTime":"2013-10-23T19:54:14.258625Z"},"EventRecordID":2126,"Correlation":null,"Execution_attributes":{"ProcessID":532,"ThreadID":3144},"Channel":"System","Computer":"IE8Win7","Security":null},"EventData":{"param1":"Windows Defender","param2":"stopped","Binary":"570069006E0044006500660065006E0064002F0031000000"}}}
{"Event_attributes":{"xmlns":"http://schemas.microsoft.com/win/2004/08/events/event"},"Event":{"System":{"Provider_attributes":{"Name":"Microsoft-Windows-Kernel-General","Guid":"A68CA8B7-004F-D7B6-A698-07E2DE0F1F5D"},"EventID":13,"Version":0,"Level":4,"Task":0,"Opcode":0,"Keywords":"0x8000000000000000","TimeCreated_attributes":{"SystemTime":"2013-10-23T19:54:16.586750Z"},"EventRecordID":2127,"Correlation":null,"Execution_attributes":{"ProcessID":4,"ThreadID":1816},"Channel":"System","Computer":"IE8Win7","Security":null},"EventData":{"StopTime":"2013-10-23T19:54:16.586750Z"}}}
{"Event_attributes":{"xmlns":"http://schemas.microsoft.com/win/2004/08/events/event"},"Event":{"System":{"Provider_attributes":{"Name":"Service Control Manager","Guid":"{555908d1-a6d7-4695-8e1e-26931d2012f4}","EventSourceName":"Service Control Manager"},"EventID_attributes":{"Qualifiers":16384},"EventID":7036,"Version":0,"Level":4,"Task":0,"Opcode":0,"Keywords":"0x8080000000000000","TimeCreated_attributes":{"SystemTime":"2013-10-23T19:54:16.836750Z"},"EventRecordID":2128,"Correlation":null,"Execution_attributes":{"ProcessID":532,"ThreadID":3144},"Channel":"System","Computer":"IE8Win7","Security":null},"EventData":{"param1":"Windows Search","param2":"stopped","Binary":"57005300650061007200630068002F0031000000"}}}
{"Event_attributes":{"xmlns":"http://schemas.microsoft.com/win/2004/08/events/event"},"Event":{"System":{"Provider_attributes":{"Name":"Microsoft-Windows-Kernel-General","Guid":"A68CA8B7-004F-D7B6-A698-07E2DE0F1F5D"},"EventID":12,"Version":0,"Level":4,"Task":0,"Opcode":0,"Keywords":"0x8000000000000000","TimeCreated_attributes":{"SystemTime":"2013-10-23T19:54:37.578125Z"},"EventRecordID":2129,"Correlation":null,"Execution_attributes":{"ProcessID":4,"ThreadID":8},"Channel":"System","Computer":"IE8Win7","Security_attributes":{"UserID":"S-1-5-18"}},"EventData":{"MajorVersion":6,"MinorVersion":1,"BuildVersion":7601,"QfeVersion":18113,"ServiceVersion":1,"BootMode":0,"StartTime":"2013-10-23T19:54:37.500000Z"}}}
{"Event_attributes":{"xmlns":"http://schemas.microsoft.com/win/2004/08/events/event"},"Event":{"System":{"Provider_attributes":{"Name":"Microsoft-Windows-FilterManager","Guid":"F3C5E28E-63F6-49C7-A204-E48A1BC4B09D"},"EventID":6,"Version":0,"Level":4,"Task":0,"Opcode":0,"Keywords":"0x8000000000000000","TimeCreated_attributes":{"SystemTime":"2013-10-23T19:54:39.265625Z"},"EventRecordID":2130,"Correlation":null,"Execution_attributes":{"ProcessID":4,"ThreadID":8},"Channel":"System","Computer":"IE8Win7","Security_attributes":{"UserID":"S-1-5-18"}},"EventData":{"FinalStatus":"0x0","DeviceVersionMajor":6,"DeviceVersionMinor":1,"DeviceNameLength":8,"DeviceName":"FileInfo","DeviceTime":"2009-07-13T16:21:51.000000Z"}}}
{"Event_attributes":{"xmlns":"http://schemas.microsoft.com/win/2004/08/events/event"},"Event":{"System":{"Provider_attributes":{"Name":"storflt"},"EventID_attributes":{"Qualifiers":16390},"EventID":3,"Level":4,"Task":0,"Keywords":"0x80000000000000","TimeCreated_attributes":{"SystemTime":"2013-10-23T19:54:39.328125Z"},"EventRecordID":2131,"Channel":"System","Computer":"IE8Win7","Security":null},"EventData":{"Data":{"#text":["","IDE","0,0,0,0"]},"Binary":"00000000030030000000000003000640000000000000000000000000000000000000000000000000"}}}
{"Event_attributes":{"xmlns":"http://schemas.microsoft.com/win/2004/08/events/event"},"Event":{"System":{"Provider_attributes":{"Name":"netvsc"},"EventID_attributes":{"Qualifiers":16384},"EventID":0,"Level":4,"Task":0,"Keywords":"0x80000000000000","TimeCreated_attributes":{"SystemTime":"2013-10-23T19:54:45.140625Z"},"EventRecordID":2132,"Channel":"System","Computer":"IE8Win7","Security":null},"EventData":{"Data":{"#text":["","3.2"]},"Binary":"0000000002002C000000000000000040000000000000000000000000000000000000000000000000"}}}
{"Event_attributes":{"xmlns":"http://schemas.microsoft.com/win/2004/08/events/event"},"Event":{"System":{"Provider_attributes":{"Name":"netvsc"},"EventID_attributes":{"Qualifiers":16384},"EventID":1,"Level":4,"Task":0,"Keywords":"0x80000000000000","TimeCreated_attributes":{"SystemTime":"2013-10-23T19:54:45.140625Z"},"EventRecordID":2133,"Channel":"System","Computer":"IE8Win7","Security":null},"EventData":{"Data":{"#text":["","Microsoft Virtual Machine Bus Network Adapter"]},"Binary":"0000000002002C000000000001000040000000000000000000000000000000000000000000000000"}}}
{"Event_attributes":{"xmlns":"http://schemas.microsoft.com/win/2004/08/events/event"},"Event":{"System":{"Provider_attributes":{"Name":"netvsc"},"EventID_attributes":{"Qualifiers":16384},"EventID":8,"Level":4,"Task":0,"Keywords":"0x80000000000000","TimeCreated_attributes":{"SystemTime":"2013-10-23T19:54:45.156250Z"},"EventRecordID":2134,"Channel":"System","Computer":"IE8Win7","Security":null},"EventData":{"Data":{"#text":["","Microsoft Virtual Machine Bus Network Adapter"]},"Binary":"0000000002002C000000000008000040000000000000000000000000000000000000000000000000"}}}
{"Event_attributes":{"xmlns":"http://schemas.microsoft.com/win/2004/08/events/event"},"Event":{"System":{"Provider_attributes":{"Name":"Microsoft-Windows-Kernel-Processor-Power","Guid":"0F67E49F-FE51-4E9F-B490-6F2948CC6027"},"EventID":26,"Version":0,"Level":4,"Task":4,"Opcode":0,"Keywords":"0x8000000000000000","TimeCreated_attributes":{"SystemTime":"2013-10-23T19:54:45.156250Z"},"EventRecordID":2135,"Correlation":null,"Execution_attributes":{"ProcessID":4,"ThreadID":56},"Channel":"System","Computer":"IE8Win7","Security_attributes":{"UserID":"S-1-5-18"}},"EventData":{"Group":0,"Number":0,"IdleStateCount":1,"PerfStateCount":0,"ThrottleStateCount":0,"ComplexData_attributes":{"Name":"IdleState"},"ComplexData":"01","ComplexData_1_attributes":{"Name":"PerfState"}}}}
{"Event_attributes":{"xmlns":"http://schemas.microsoft.com/win/2004/08/events/event"},"Event":{"System":{"Provider_attributes":{"Name":"netvsc"},"EventID_attributes":{"Qualifiers":16384},"EventID":7,"Level":4,"Task":0,"Keywords":"0x80000000000000","TimeCreated_attributes":{"SystemTime":"2013-10-23T19:54:45.343750Z"},"EventRecordID":2136,"Channel":"System","Computer":"IE8Win7","Security":null},"EventData":{"Data":{"#text":["","Microsoft Virtual Machine Bus Network Adapter"]},"Binary":"0000000002002C000000000007000040000000000000000000000000000000000000000000000000"}}}
{"Event_attributes":{"xmlns":"http://schemas.microsoft.com/win/2004/08/events/event"},"Event":{"System":{"Provider_attributes":{"Name":"netvsc"},"EventID_attributes":{"Qualifiers":16384},"EventID":8,"Level":4,"Task":0,"Keywords":"0x80000000000000","TimeCreated_attributes":{"SystemTime":"2013-10-23T19:54:45.343750Z"},"EventRecordID":2137,"Channel":"System","Computer":"IE8Win7","Security":null},"EventData":{"Data":{"#text":["","Microsoft Virtual Machine Bus Network Adapter"]},"Binary":"0000000002002C000000000008000040000000000000000000000000000000000000000000000000"}}}
{"Event_attributes":{"xmlns":"http://schemas.microsoft.com/win/2004/08/events/event"},"Event":{"System":{"Provider_attributes":{"Name":"Service Control Manager","Guid":"{555908d1-a6d7-4695-8e1e-26931d2012f4}","EventSourceName":"Service Control Manager"},"EventID_attributes":{"Qualifiers":16384},"EventID":7036,"Version":0,"Level":4,"Task":0,"Opcode":0,"Keywords":"0x8080000000000000","TimeCreated_attributes":{"SystemTime":"2013-10-23T19:54:59.531250Z"},"EventRecordID":2138,"Correlation":null,"Execution_attributes":{"ProcessID":516,"ThreadID":600},"Channel":"System","Computer":"IE8Win7","Security":null},"EventData":{"param1":"Plug and Play","param2":"running","Binary":"50006C007500670050006C00610079002F0034000000"}}}
{"Event_attributes":{"xmlns":"http://schemas.microsoft.com/win/2004/08/events/event"},"Event":{"System":{"Provider_attributes":{"Name":"Microsoft-Windows-UserPnp","Guid":"96F4A050-7E31-453C-88BE-9634F4E02139"},"EventID":20010,"Version":0,"Level":4,"Task":7010,"Opcode":0,"Keywords":"0x8000000000000000","TimeCreated_attributes":{"SystemTime":"2013-10-23T19:54:59.531250Z"},"EventRecordID":2139,"Correlation":null,"Execution_attributes":{"ProcessID":640,"ThreadID":656},"Channel":"System","Computer":"IE8Win7","Security_attributes":{"UserID":"S-1-5-18"}},"UserData":{"INFO_PNP_STATE_attributes":{"xmlns:auto-ns2":"http://schemas.microsoft.com/win/2004/08/events","xmlns":"http://manifests.microsoft.com/win/2004/08/windows/userpnp"},"INFO_PNP_STATE":{"InstallSubsystemState":true,"CachingSubsystemState":true}}}}
{"Event_attributes":{"xmlns":"http://schemas.microsoft.com/win/2004/08/events/event"},"Event":{"System":{"Provider_attributes":{"Name":"Service Control Manager","Guid":"{555908d1-a6d7-4695-8e1e-26931d2012f4}","EventSourceName":"Service Control Manager"},"EventID_attributes":{"Qualifiers":16384},"EventID":7036,"Version":0,"Level":4,"Task":0,"Opcode":0,"Keywords":"0x8080000000000000","TimeCreated_attributes":{"SystemTime":"2013-10-23T19:54:59.796875Z"},"EventRecordID":2140,"Correlation":null,"Execution_attributes":{"ProcessID":516,"ThreadID":604},"Channel":"System","Computer":"IE8Win7","Security":null},"EventData":{"param1":"Power","param2":"running","Binary":"50006F007700650072002F0034000000"}}}
{"Event_attributes":{"xmlns":"http://schemas.microsoft.com/win/2004/08/events/event"},"Event":{"System":{"Provider_attributes":{"Name":"Microsoft-Windows-FilterManager","Guid":"F3C5E28E-63F6-49C7-A204-E48A1BC4B09D"},"EventID":6,"Version":0,"Level":4,"Task":0,"Opcode":0,"Keywords":"0x8000000000000000","TimeCreated_attributes":{"SystemTime":"2013-10-23T19:54:59.812500Z"},"EventRecordID":2141,"Correlation":null,"Execution_attributes":{"ProcessID":4,"ThreadID":60},"Channel":"System","Computer":"IE8Win7","Security_attributes":{"UserID":"S-1-5-18"}},"EventData":{"FinalStatus":"0x0","DeviceVersionMajor":6,"DeviceVersionMinor":1,"DeviceNameLength":5,"DeviceName":"luafv","DeviceTime":"2009-07-13T16:15:44.000000Z"}}}
{"Event_attributes":{"xmlns":"http://schemas.microsoft.com/win/2004/08/events/event"},"Event":{"System":{"Provider_attributes":{"Name":"Service Control Manager","Guid":"{555908d1-a6d7-4695-8e1e-26931d2012f4}","EventSourceName":"Service Control Manager"},"EventID_attributes":{"Qualifiers":16384},"EventID":7036,"Version":0,"Level":4,"Task":0,"Opcode":0,"Keywords":"0x8080000000000000","TimeCreated_attributes":{"SystemTime":"2013-10-23T19:54:59.984375Z"},"EventRecordID":2142,"Correlation":null,"Execution_attributes":{"ProcessID":516,"ThreadID":604},"Channel":"System","Computer":"IE8Win7","Security":null},"EventData":{"param1":"DCOM Server Process Launcher","param2":"running","Binary":"440063006F006D004C00610075006E00630068002F0034000000"}}}
{"Event_attributes":{"xmlns":"http://schemas.microsoft.com/win/2004/08/events/event"},"Event":{"System":{"Provider_attributes":{"Name":"Service Control Manager","Guid":"{555908d1-a6d7-4695-8e1e-26931d2012f4}","EventSourceName":"Service Control Manager"},"EventID_attributes":{"Qualifiers":16384},"EventID":7036,"Version":0,"Level":4,"Task":0,"Opcode":0,"Keywords":"0x8080000000000000","TimeCreated_attributes":{"SystemTime":"2013-10-23T19:55:00.000000Z"},"EventRecordID":2143,"Correlation":null,"Execution_attributes":{"ProcessID":516,"ThreadID":604},"Channel":"System","Computer":"IE8Win7","Security":null},"EventData":{"param1":"RPC Endpoint Mapper","param2":"running","Binary":"5200700063004500700074004D00610070007000650072002F0034000000"}}}
