{"Event_attributes":{"xmlns":"http://schemas.microsoft.com/win/2004/08/events/event"},"Event":{"System":{"Provider_attributes":{"Name":"Microsoft-Windows-Security-Auditing","Guid":"54849625-5478-4994-A5BA-3E3B0328C30D"},"EventID":4907,"Version":0,"Level":0,"Task":13568,"Opcode":0,"Keywords":"0x8020000000000000","TimeCreated_attributes":{"SystemTime":"2013-10-23T17:28:45.317250Z"},"EventRecordID":483,"Correlation":null,"Execution_attributes":{"ProcessID":508,"ThreadID":524},"Channel":"Security","Computer":"IE8Win7","Security":null},"EventData":{"SubjectUserSid":"S-1-5-18","SubjectUserName":"WIN-QALA5Q3KJ43$","SubjectDomainName":"WORKGROUP","SubjectLogonId":"0x3e7","ObjectServer":"Security","ObjectType":"File","ObjectName":"C:\\Windows\\Microsoft.NET\\Framework\\v3.5\\DataSvcUtil.exe","HandleId":"0x14","OldSd":"","NewSd":"S:ARAI(AU;SAFA;DCLCRPCRSDWDWO;;;WD)","ProcessId":"0x24c","ProcessName":"C:\\Windows\\System32\\poqexec.exe"}}}
{"Event_attributes":{"xmlns":"http://schemas.microsoft.com/win/2004/08/events/event"},"Event":{"System":{"Provider_attributes":{"Name":"Microsoft-Windows-Security-Auditing","Guid":"54849625-5478-4994-A5BA-3E3B0328C30D"},"EventID":4907,"Version":0,"Level":0,"Task":13568,"Opcode":0,"Keywords":"0x8020000000000000","TimeCreated_attributes":{"SystemTime":"2013-10-23T17:28:45.348500Z"},"EventRecordID":484,"Correlation":null,"Execution_attributes":{"ProcessID":508,"ThreadID":524},"Channel":"Security","Computer":"IE8Win7","Security":null},"EventData":{"SubjectUserSid":"S-1-5-18","SubjectUserName":"WIN-QALA5Q3KJ43$","SubjectDomainName":"WORKGROUP","SubjectLogonId":"0x3e7","ObjectServer":"Security","ObjectType":"File","ObjectName":"C:\\Program Files\\Reference Assemblies\\Microsoft\\Framework\\v3.5\\System.Data.Services.dll","HandleId":"0x14","OldSd":"","NewSd":"S:ARAI(AU;SAFA;DCLCRPCRSDWDWO;;;WD)","ProcessId":"0x24c","ProcessName":"C:\\Windows\\System32\\poqexec.exe"}}}
{"Event_attributes":{"xmlns":"http://schemas.microsoft.com/win/2004/08/events/event"},"Event":{"System":{"Provider_attributes":{"Name":"Microsoft-Windows-Security-Auditing","Guid":"54849625-5478-4994-A5BA-3E3B0328C30D"},"EventID":4907,"Version":0,"Level":0,"Task":13568,"Opcode":0,"Keywords":"0x8020000000000000","TimeCreated_attributes":{"SystemTime":"2013-10-23T17:28:45.379750Z"},"EventRecordID":485,"Correlation":null,"Execution_attributes":{"ProcessID":508,"ThreadID":524},"Channel":"Security","Computer":"IE8Win7","Security":null},"EventData":{"SubjectUserSid":"S-1-5-18","SubjectUserName":"WIN-QALA5Q3KJ43$","SubjectDomainName":"WORKGROUP","SubjectLogonId":"0x3e7","ObjectServer":"Security","ObjectType":"File","ObjectName":"C:\\Program Files\\Reference Assemblies\\Microsoft\\Framework\\v3.5\\System.Data.Services.Design.dll","HandleId":"0x14","OldSd":"","NewSd":"S:ARAI(AU;SAFA;DCLCRPCRSDWDWO;;;WD)","ProcessId":"0x24c","ProcessName":"C:\\Windows\\System32\\poqexec.exe"}}}
{"Event_attributes":{"xmlns":"http://schemas.microsoft.com/win/2004/08/events/event"},"Event":{"System":{"Provider_attributes":{"Name":"Microsoft-Windows-Security-Auditing","Guid":"54849625-5478-4994-A5BA-3E3B0328C30D"},"EventID":4907,"Version":0,"Level":0,"Task":13568,"Opcode":0,"Keywords":"0x8020000000000000","TimeCreated_attributes":{"SystemTime":"2013-10-23T17:28:45.473500Z"},"EventRecordID":486,"Correlation":null,"Execution_attributes":{"ProcessID":508,"ThreadID":524},"Channel":"Security","Computer":"IE8Win7","Security":null},"EventData":{"SubjectUserSid":"S-1-5-18","SubjectUserName":"WIN-QALA5Q3KJ43$","SubjectDomainName":"WORKGROUP","SubjectLogonId":"0x3e7","ObjectServer":"Security","ObjectType":"File","ObjectName":"C:\\Windows\\System32\\drivers\\dfsc.sys","HandleId":"0x14","OldSd":"","NewSd":"S:ARAI(AU;SAFA;DCLCRPCRSDWDWO;;;WD)","ProcessId":"0x24c","ProcessName":"C:\\Windows\\System32\\poqexec.exe"}}}
{"Event_attributes":{"xmlns":"http://schemas.microsoft.com/win/2004/08/events/event"},"Event":{"System":{"Provider_attributes":{"Name":"Microsoft-Windows-Security-Auditing","Guid":"54849625-5478-4994-A5BA-3E3B0328C30D"},"EventID":4907,"Version":0,"Level":0,"Task":13568,"Opcode":0,"Keywords":"0x8020000000000000","TimeCreated_attributes":{"SystemTime":"2013-10-23T17:28:45.567250Z"},"EventRecordID":487,"Correlation":null,"Execution_attributes":{"ProcessID":508,"ThreadID":524},"Channel":"Security","Computer":"IE8Win7","Security":null},"EventData":{"SubjectUserSid":"S-1-5-18","SubjectUserName":"WIN-QALA5Q3KJ43$","SubjectDomainName":"WORKGROUP","SubjectLogonId":"0x3e7","ObjectServer":"Security","ObjectType":"File","ObjectName":"C:\\Windows\\System32\\aaclient.dll","HandleId":"0x14","OldSd":"","NewSd":"S:ARAI(AU;SAFA;DCLCRPCRSDWDWO;;;WD)","ProcessId":"0x24c","ProcessName":"C:\\Windows\\System32\\poqexec.exe"}}}
{"Event_attributes":{"xmlns":"http://schemas.microsoft.com/win/2004/08/events/event"},"Event":{"System":{"Provider_attributes":{"Name":"Microsoft-Windows-Security-Auditing","Guid":"54849625-5478-4994-A5BA-3E3B0328C30D"},"EventID":4907,"Version":0,"Level":0,"Task":13568,"Opcode":0,"Keywords":"0x8020000000000000","TimeCreated_attributes":{"SystemTime":"2013-10-23T17:28:45.567250Z"},"EventRecordID":488,"Correlation":null,"Execution_attributes":{"ProcessID":508,"ThreadID":524},"Channel":"Security","Computer":"IE8Win7","Security":null},"EventData":{"SubjectUserSid":"S-1-5-18","SubjectUserName":"WIN-QALA5Q3KJ43$","SubjectDomainName":"WORKGROUP","SubjectLogonId":"0x3e7","ObjectServer":"Security","ObjectType":"File","ObjectName":"C:\\Windows\\System32\\mstscax.dll","HandleId":"0x14","OldSd":"","NewSd":"S:ARAI(AU;SAFA;DCLCRPCRSDWDWO;;;WD)","ProcessId":"0x24c","ProcessName":"C:\\Windows\\System32\\poqexec.exe"}}}
{"Event_attributes":{"xmlns":"http://schemas.microsoft.com/win/2004/08/events/event"},"Event":{"System":{"Provider_attributes":{"Name":"Microsoft-Windows-Security-Auditing","Guid":"54849625-5478-4994-A5BA-3E3B0328C30D"},"EventID":4907,"Version":0,"Level":0,"Task":13568,"Opcode":0,"Keywords":"0x8020000000000000","TimeCreated_attributes":{"SystemTime":"2013-10-23T17:28:45.567250Z"},"EventRecordID":489,"Correlation":null,"Execution_attributes":{"ProcessID":508,"ThreadID":524},"Channel":"Security","Computer":"IE8Win7","Security":null},"EventData":{"SubjectUserSid":"S-1-5-18","SubjectUserName":"WIN-QALA5Q3KJ43$","SubjectDomainName":"WORKGROUP","SubjectLogonId":"0x3e7","ObjectServer":"Security","ObjectType":"File","ObjectName":"C:\\Windows\\System32\\tsgqec.dll","HandleId":"0x14","OldSd":"","NewSd":"S:ARAI(AU;SAFA;DCLCRPCRSDWDWO;;;WD)","ProcessId":"0x24c","ProcessName":"C:\\Windows\\System32\\poqexec.exe"}}}
{"Event_attributes":{"xmlns":"http://schemas.microsoft.com/win/2004/08/events/event"},"Event":{"System":{"Provider_attributes":{"Name":"Microsoft-Windows-Security-Auditing","Guid":"54849625-5478-4994-A5BA-3E3B0328C30D"},"EventID":4907,"Version":0,"Level":0,"Task":13568,"Opcode":0,"Keywords":"0x8020000000000000","TimeCreated_attributes":{"SystemTime":"2013-10-23T17:28:45.692250Z"},"EventRecordID":490,"Correlation":null,"Execution_attributes":{"ProcessID":508,"ThreadID":524},"Channel":"Security","Computer":"IE8Win7","Security":null},"EventData":{"SubjectUserSid":"S-1-5-18","SubjectUserName":"WIN-QALA5Q3KJ43$","SubjectDomainName":"WORKGROUP","SubjectLogonId":"0x3e7","ObjectServer":"Security","ObjectType":"File","ObjectName":"C:\\Program Files\\Windows Journal\\JNWDRV.dll","HandleId":"0x14","OldSd":"","NewSd":"S:ARAI(AU;SAFA;DCLCRPCRSDWDWO;;;WD)","ProcessId":"0x24c","ProcessName":"C:\\Windows\\System32\\poqexec.exe"}}}
{"Event_attributes":{"xmlns":"http://schemas.microsoft.com/win/2004/08/events/event"},"Event":{"System":{"Provider_attributes":{"Name":"Microsoft-Windows-Security-Auditing","Guid":"54849625-5478-4994-A5BA-3E3B0328C30D"},"EventID":4907,"Version":0,"Level":0,"Task":13568,"Opcode":0,"Keywords":"0x8020000000000000","TimeCreated_attributes":{"SystemTime":"2013-10-23T17:28:45.723500Z"},"EventRecordID":491,"Correlation":null,"Execution_attributes":{"ProcessID":508,"ThreadID":524},"Channel":"Security","Computer":"IE8Win7","Security":null},"EventData":{"SubjectUserSid":"S-1-5-18","SubjectUserName":"WIN-QALA5Q3KJ43$","SubjectDomainName":"WORKGROUP","SubjectLogonId":"0x3e7","ObjectServer":"Security","ObjectType":"File","ObjectName":"C:\\Program Files\\Windows Journal\\JNTFiltr.dll","HandleId":"0x14","OldSd":"","NewSd":"S:ARAI(AU;SAFA;DCLCRPCRSDWDWO;;;WD)","ProcessId":"0x24c","ProcessName":"C:\\Windows\\System32\\poqexec.exe"}}}
{"Event_attributes":{"xmlns":"http://schemas.microsoft.com/win/2004/08/events/event"},"Event":{"System":{"Provider_attributes":{"Name":"Microsoft-Windows-Security-Auditing","Guid":"54849625-5478-4994-A5BA-3E3B0328C30D"},"EventID":4907,"Version":0,"Level":0,"Task":13568,"Opcode":0,"Keywords":"0x8020000000000000","TimeCreated_attributes":{"SystemTime":"2013-10-23T17:28:45.739125Z"},"EventRecordID":492,"Correlation":null,"Execution_attributes":{"ProcessID":508,"ThreadID":524},"Channel":"Security","Computer":"IE8Win7","Security":null},"EventData":{"SubjectUserSid":"S-1-5-18","SubjectUserName":"WIN-QALA5Q3KJ43$","SubjectDomainName":"WORKGROUP","SubjectLogonId":"0x3e7","ObjectServer":"Security","ObjectType":"File","ObjectName":"C:\\Program Files\\Windows Journal\\NBDoc.DLL","HandleId":"0x14","OldSd":"","NewSd":"S:ARAI(AU;SAFA;DCLCRPCRSDWDWO;;;WD)","ProcessId":"0x24c","ProcessName":"C:\\Windows\\System32\\poqexec.exe"}}}
{"Event_attributes":{"xmlns":"http://schemas.microsoft.com/win/2004/08/events/event"},"Event":{"System":{"Provider_attributes":{"Name":"Microsoft-Windows-Security-Auditing","Guid":"54849625-5478-4994-A5BA-3E3B0328C30D"},"EventID":4907,"Version":0,"Level":0,"Task":13568,"Opcode":0,"Keywords":"0x8020000000000000","TimeCreated_attributes":{"SystemTime":"2013-10-23T17:28:45.786000Z"},"EventRecordID":493,"Correlation":null,"Execution_attributes":{"ProcessID":508,"ThreadID":524},"Channel":"Security","Computer":"IE8Win7","Security":null},"EventData":{"SubjectUserSid":"S-1-5-18","SubjectUserName":"WIN-QALA5Q3KJ43$","SubjectDomainName":"WORKGROUP","SubjectLogonId":"0x3e7","ObjectServer":"Security","ObjectType":"File","ObjectName":"C:\\Program Files\\Common Files\\microsoft shared\\ink\\journal.dll","HandleId":"0x14","OldSd":"","NewSd":"S:ARAI(AU;SAFA;DCLCRPCRSDWDWO;;;WD)","ProcessId":"0x24c","ProcessName":"C:\\Windows\\System32\\poqexec.exe"}}}
{"Event_attributes":{"xmlns":"http://schemas.microsoft.com/win/2004/08/events/event"},"Event":{"System":{"Provider_attributes":{"Name":"Microsoft-Windows-Security-Auditing","Guid":"54849625-5478-4994-A5BA-3E3B0328C30D"},"EventID":4907,"Version":0,"Level":0,"Task":13568,"Opcode":0,"Keywords":"0x8020000000000000","TimeCreated_attributes":{"SystemTime":"2013-10-23T17:28:45.832875Z"},"EventRecordID":494,"Correlation":null,"Execution_attributes":{"ProcessID":508,"ThreadID":524},"Channel":"Security","Computer":"IE8Win7","Security":null},"EventData":{"SubjectUserSid":"S-1-5-18","SubjectUserName":"WIN-QALA5Q3KJ43$","SubjectDomainName":"WORKGROUP","SubjectLogonId":"0x3e7","ObjectServer":"Security","ObjectType":"File","ObjectName":"C:\\Windows\\System32\\spool\\drivers\\w32x86\\3\\JNWDRV.dll","HandleId":"0x14","OldSd":"","NewSd":"S:ARAI(AU;SAFA;DCLCRPCRSDWDWO;;;WD)","ProcessId":"0x24c","ProcessName":"C:\\Windows\\System32\\poqexec.exe"}}}
{"Event_attributes":{"xmlns":"http://schemas.microsoft.com/win/2004/08/events/event"},"Event":{"System":{"Provider_attributes":{"Name":"Microsoft-Windows-Security-Auditing","Guid":"54849625-5478-4994-A5BA-3E3B0328C30D"},"EventID":4907,"Version":0,"Level":0,"Task":13568,"Opcode":0,"Keywords":"0x8020000000000000","TimeCreated_attributes":{"SystemTime":"2013-10-23T17:28:45.911000Z"},"EventRecordID":495,"Correlation":null,"Execution_attributes":{"ProcessID":508,"ThreadID":524},"Channel":"Security","Computer":"IE8Win7","Security":null},"EventData":{"SubjectUserSid":"S-1-5-18","SubjectUserName":"WIN-QALA5Q3KJ43$","SubjectDomainName":"WORKGROUP","SubjectLogonId":"0x3e7","ObjectServer":"Security","ObjectType":"File","ObjectName":"C:\\Program Files\\Common Files\\System\\ado\\msado25.tlb","HandleId":"0x14","OldSd":"","NewSd":"S:ARAI(AU;SAFA;DCLCRPCRSDWDWO;;;WD)","ProcessId":"0x24c","ProcessName":"C:\\Windows\\System32\\poqexec.exe"}}}
{"Event_attributes":{"xmlns":"http://schemas.microsoft.com/win/2004/08/events/event"},"Event":{"System":{"Provider_attributes":{"Name":"Microsoft-Windows-Security-Auditing","Guid":"54849625-5478-4994-A5BA-3E3B0328C30D"},"EventID":4907,"Version":0,"Level":0,"Task":13568,"Opcode":0,"Keywords":"0x8020000000000000","TimeCreated_attributes":{"SystemTime":"2013-10-23T17:28:45.911000Z"},"EventRecordID":496,"Correlation":null,"Execution_attributes":{"ProcessID":508,"ThreadID":524},"Channel":"Security","Computer":"IE8Win7","Security":null},"EventData":{"SubjectUserSid":"S-1-5-18","SubjectUserName":"WIN-QALA5Q3KJ43$","SubjectDomainName":"WORKGROUP","SubjectLogonId":"0x3e7","ObjectServer":"Security","ObjectType":"File","ObjectName":"C:\\Program Files\\Common Files\\System\\ado\\msadomd.dll","HandleId":"0x14","OldSd":"","NewSd":"S:ARAI(AU;SAFA;DCLCRPCRSDWDWO;;;WD)","ProcessId":"0x24c","ProcessName":"C:\\Windows\\System32\\poqexec.exe"}}}
{"Event_attributes":{"xmlns":"http://schemas.microsoft.com/win/2004/08/events/event"},"Event":{"System":{"Provider_attributes":{"Name":"Microsoft-Windows-Security-Auditing","Guid":"54849625-5478-4994-A5BA-3E3B0328C30D"},"EventID":4907,"Version":0,"Level":0,"Task":13568,"Opcode":0,"Keywords":"0x8020000000000000","TimeCreated_attributes":{"SystemTime":"2013-10-23T17:28:45.926625Z"},"EventRecordID":497,"Correlation":null,"Execution_attributes":{"ProcessID":508,"ThreadID":524},"Channel":"Security","Computer":"IE8Win7","Security":null},"EventData":{"SubjectUserSid":"S-1-5-18","SubjectUserName":"WIN-QALA5Q3KJ43$","SubjectDomainName":"WORKGROUP","SubjectLogonId":"0x3e7","ObjectServer":"Security","ObjectType":"File","ObjectName":"C:\\Program Files\\Common Files\\System\\ado\\msado28.tlb","HandleId":"0x14","OldSd":"","NewSd":"S:ARAI(AU;SAFA;DCLCRPCRSDWDWO;;;WD)","ProcessId":"0x24c","ProcessName":"C:\\Windows\\System32\\poqexec.exe"}}}
{"Event_attributes":{"xmlns":"http://schemas.microsoft.com/win/2004/08/events/event"},"Event":{"System":{"Provider_attributes":{"Name":"Microsoft-Windows-Security-Auditing","Guid":"54849625-5478-4994-A5BA-3E3B0328C30D"},"EventID":4907,"Version":0,"Level":0,"Task":13568,"Opcode":0,"Keywords":"0x8020000000000000","TimeCreated_attributes":{"SystemTime":"2013-10-23T17:28:45.957875Z"},"EventRecordID":498,"Correlation":null,"Execution_attributes":{"ProcessID":508,"ThreadID":524},"Channel":"Security","Computer":"IE8Win7","Security":null},"EventData":{"SubjectUserSid":"S-1-5-18","SubjectUserName":"WIN-QALA5Q3KJ43$","SubjectDomainName":"WORKGROUP","SubjectLogonId":"0x3e7","ObjectServer":"Security","ObjectType":"File","ObjectName":"C:\\Program Files\\Common Files\\System\\ado\\msado21.tlb","HandleId":"0x14","OldSd":"","NewSd":"S:ARAI(AU;SAFA;DCLCRPCRSDWDWO;;;WD)","ProcessId":"0x24c","ProcessName":"C:\\Windows\\System32\\poqexec.exe"}}}
{"Event_attributes":{"xmlns":"http://schemas.microsoft.com/win/2004/08/events/event"},"Event":{"System":{"Provider_attributes":{"Name":"Microsoft-Windows-Security-Auditing","Guid":"54849625-5478-4994-A5BA-3E3B0328C30D"},"EventID":4907,"Version":0,"Level":0,"Task":13568,"Opcode":0,"Keywords":"0x8020000000000000","TimeCreated_attributes":{"SystemTime":"2013-10-23T17:28:46.051625Z"},"EventRecordID":499,"Correlation":null,"Execution_attributes":{"ProcessID":508,"ThreadID":524},"Channel":"Security","Computer":"IE8Win7","Security":null},"EventData":{"SubjectUserSid":"S-1-5-18","SubjectUserName":"WIN-QALA5Q3KJ43$","SubjectDomainName":"WORKGROUP","SubjectLogonId":"0x3e7","ObjectServer":"Security","ObjectType":"File","ObjectName":"C:\\Program Files\\Common Files\\System\\ado\\msadox.dll","HandleId":"0x14","OldSd":"","NewSd":"S:ARAI(AU;SAFA;DCLCRPCRSDWDWO;;;WD)","ProcessId":"0x24c","ProcessName":"C:\\Windows\\System32\\poqexec.exe"}}}
{"Event_attributes":{"xmlns":"http://schemas.microsoft.com/win/2004/08/events/event"},"Event":{"System":{"Provider_attributes":{"Name":"Microsoft-Windows-Security-Auditing","Guid":"54849625-5478-4994-A5BA-3E3B0328C30D"},"EventID":4907,"Version":0,"Level":0,"Task":13568,"Opcode":0,"Keywords":"0x8020000000000000","TimeCreated_attributes":{"SystemTime":"2013-10-23T17:28:46.145375Z"},"EventRecordID":500,"Correlation":null,"Execution_attributes":{"ProcessID":508,"ThreadID":524},"Channel":"Security","Computer":"IE8Win7","Security":null},"EventData":{"SubjectUserSid":"S-1-5-18","SubjectUserName":"WIN-QALA5Q3KJ43$","SubjectDomainName":"WORKGROUP","SubjectLogonId":"0x3e7","ObjectServer":"Security","ObjectType":"File","ObjectName":"C:\\Program Files\\Common Files\\System\\ado\\msado27.tlb","HandleId":"0x14","OldSd":"","NewSd":"S:ARAI(AU;SAFA;DCLCRPCRSDWDWO;;;WD)","ProcessId":"0x24c","ProcessName":"C:\\Windows\\System32\\poqexec.exe"}}}
{"Event_attributes":{"xmlns":"http://schemas.microsoft.com/win/2004/08/events/event"},"Event":{"System":{"Provider_attributes":{"Name":"Microsoft-Windows-Security-Auditing","Guid":"54849625-5478-4994-A5BA-3E3B0328C30D"},"EventID":4907,"Version":0,"Level":0,"Task":13568,"Opcode":0,"Keywords":"0x8020000000000000","TimeCreated_attributes":{"SystemTime":"2013-10-23T17:28:46.145375Z"},"EventRecordID":501,"Correlation":null,"Execution_attributes":{"ProcessID":508,"ThreadID":524},"Channel":"Security","Computer":"IE8Win7","Security":null},"EventData":{"SubjectUserSid":"S-1-5-18","SubjectUserName":"WIN-QALA5Q3KJ43$","SubjectDomainName":"WORKGROUP","SubjectLogonId":"0x3e7","ObjectServer":"Security","ObjectType":"File","ObjectName":"C:\\Program Files\\Common Files\\System\\ado\\msado20.tlb","HandleId":"0x14","OldSd":"","NewSd":"S:ARAI(AU;SAFA;DCLCRPCRSDWDWO;;;WD)","ProcessId":"0x24c","ProcessName":"C:\\Windows\\System32\\poqexec.exe"}}}
{"Event_attributes":{"xmlns":"http://schemas.microsoft.com/win/2004/08/events/event"},"Event":{"System":{"Provider_attributes":{"Name":"Microsoft-Windows-Security-Auditing","Guid":"54849625-5478-4994-A5BA-3E3B0328C30D"},"EventID":4907,"Version":0,"Level":0,"Task":13568,"Opcode":0,"Keywords":"0x8020000000000000","TimeCreated_attributes":{"SystemTime":"2013-10-23T17:28:46.161000Z"},"EventRecordID":502,"Correlation":null,"Execution_attributes":{"ProcessID":508,"ThreadID":524},"Channel":"Security","Computer":"IE8Win7","Security":null},"EventData":{"SubjectUserSid":"S-1-5-18","SubjectUserName":"WIN-QALA5Q3KJ43$","SubjectDomainName":"WORKGROUP","SubjectLogonId":"0x3e7","ObjectServer":"Security","ObjectType":"File","ObjectName":"C:\\Program Files\\Common Files\\System\\ado\\msado26.tlb","HandleId":"0x14","OldSd":"","NewSd":"S:ARAI(AU;SAFA;DCLCRPCRSDWDWO;;;WD)","ProcessId":"0x24c","ProcessName":"C:\\Windows\\System32\\poqexec.exe"}}}
{"Event_attributes":{"xmlns":"http://schemas.microsoft.com/win/2004/08/events/event"},"Event":{"System":{"Provider_attributes":{"Name":"Microsoft-Windows-Security-Auditing","Guid":"54849625-5478-4994-A5BA-3E3B0328C30D"},"EventID":4907,"Version":0,"Level":0,"Task":13568,"Opcode":0,"Keywords":"0x8020000000000000","TimeCreated_attributes":{"SystemTime":"2013-10-23T17:28:46.317250Z"},"EventRecordID":503,"Correlation":null,"Execution_attributes":{"ProcessID":508,"ThreadID":524},"Channel":"Security","Computer":"IE8Win7","Security":null},"EventData":{"SubjectUserSid":"S-1-5-18","SubjectUserName":"WIN-QALA5Q3KJ43$","SubjectDomainName":"WORKGROUP","SubjectLogonId":"0x3e7","ObjectServer":"Security","ObjectType":"File","ObjectName":"C:\\Program Files\\Common Files\\System\\msadc\\msadco.dll","HandleId":"0x14","OldSd":"","NewSd":"S:ARAI(AU;SAFA;DCLCRPCRSDWDWO;;;WD)","ProcessId":"0x24c","ProcessName":"C:\\Windows\\System32\\poqexec.exe"}}}
{"Event_attributes":{"xmlns":"http://schemas.microsoft.com/win/2004/08/events/event"},"Event":{"System":{"Provider_attributes":{"Name":"Microsoft-Windows-Security-Auditing","Guid":"54849625-5478-4994-A5BA-3E3B0328C30D"},"EventID":4907,"Version":0,"Level":0,"Task":13568,"Opcode":0,"Keywords":"0x8020000000000000","TimeCreated_attributes":{"SystemTime":"2013-10-23T17:28:46.582875Z"},"EventRecordID":504,"Correlation":null,"Execution_attributes":{"ProcessID":508,"ThreadID":524},"Channel":"Security","Computer":"IE8Win7","Security":null},"EventData":{"SubjectUserSid":"S-1-5-18","SubjectUserName":"WIN-QALA5Q3KJ43$","SubjectDomainName":"WORKGROUP","SubjectLogonId":"0x3e7","ObjectServer":"Security","ObjectType":"File","ObjectName":"C:\\Windows\\System32\\odbc32.dll","HandleId":"0x14","OldSd":"","NewSd":"S:ARAI(AU;SAFA;DCLCRPCRSDWDWO;;;WD)","ProcessId":"0x24c","ProcessName":"C:\\Windows\\System32\\poqexec.exe"}}}
{"Event_attributes":{"xmlns":"http://schemas.microsoft.com/win/2004/08/events/event"},"Event":{"System":{"Provider_attributes":{"Name":"Microsoft-Windows-Eventlog","Guid":"{fc65ddd8-d6ef-4962-83d5-6e5cfe9ce148}"},"EventID":1100,"Version":0,"Level":4,"Task":103,"Opcode":0,"Keywords":"0x4020000000000000","TimeCreated_attributes":{"SystemTime":"2013-10-23T17:29:38.051625Z"},"EventRecordID":505,"Correlation":null,"Execution_attributes":{"ProcessID":952,"ThreadID":3080},"Channel":"Security","Computer":"IE8Win7","Security":null},"UserData":{"ServiceShutdown_attributes":{"xmlns:auto-ns3":"http://schemas.microsoft.com/win/2004/08/events","xmlns":"http://manifests.microsoft.com/win/2004/08/windows/eventlog"}}}}
{"Event_attributes":{"xmlns":"http://schemas.microsoft.com/win/2004/08/events/event"},"Event":{"System":{"Provider_attributes":{"Name":"Microsoft-Windows-Security-Auditing","Guid":"54849625-5478-4994-A5BA-3E3B0328C30D"},"EventID":4608,"Version":0,"Level":0,"Task":12288,"Opcode":0,"Keywords":"0x8020000000000000","TimeCreated_attributes":{"SystemTime":"2013-10-23T17:30:52.515625Z"},"EventRecordID":506,"Correlation":null,"Execution_attributes":{"ProcessID":520,"ThreadID":524},"Channel":"Security","Computer":"IE8Win7","Security":null},"EventData":null}}
{"Event_attributes":{"xmlns":"http://schemas.microsoft.com/win/2004/08/events/event"},"Event":{"System":{"Provider_attributes":{"Name":"Microsoft-Windows-Security-Auditing","Guid":"54849625-5478-4994-A5BA-3E3B0328C30D"},"EventID":4624,"Version":0,"Level":0,"Task":12544,"Opcode":0,"Keywords":"0x8020000000000000","TimeCreated_attributes":{"SystemTime":"2013-10-23T17:30:52.625000Z"},"EventRecordID":507,"Correlation":null,"Execution_attributes":{"ProcessID":520,"ThreadID":524},"Channel":"Security","Computer":"IE8Win7","Security":null},"EventData":{"SubjectUserSid":"S-1-0-0","SubjectUserName":"-","SubjectDomainName":"-","SubjectLogonId":"0x0","TargetUserSid":"S-1-5-18","TargetUserName":"SYSTEM","TargetDomainName":"NT AUTHORITY","TargetLogonId":"0x3e7","LogonType":0,"LogonProcessName":"-","AuthenticationPackageName":"-","WorkstationName":"-","LogonGuid":"00000000-0000-0000-0000-000000000000","TransmittedServices":"-","LmPackageName":"-","KeyLength":0,"ProcessId":"0x4","ProcessName":"","IpAddress":"-","IpPort":"-"}}}
{"Event_attributes":{"xmlns":"http://schemas.microsoft.com/win/2004/08/events/event"},"Event":{"System":{"Provider_attributes":{"Name":"Microsoft-Windows-Security-Auditing","Guid":"54849625-5478-4994-A5BA-3E3B0328C30D"},"EventID":4902,"Version":0,"Level":0,"Task":13568,"Opcode":0,"Keywords":"0x8020000000000000","TimeCreated_attributes":{"SystemTime":"2013-10-23T17:30:54.421875Z"},"EventRecordID":508,"Correlation":null,"Execution_attributes":{"ProcessID":520,"ThreadID":584},"Channel":"Security","Computer":"IE8Win7","Security":null},"EventData":{"PuaCount":0,"PuaPolicyId":"0x5c1e"}}}
{"Event_attributes":{"xmlns":"http://schemas.microsoft.com/win/2004/08/events/event"},"Event":{"System":{"Provider_attributes":{"Name":"Microsoft-Windows-Security-Auditing","Guid":"54849625-5478-4994-A5BA-3E3B0328C30D"},"EventID":4624,"Version":0,"Level":0,"Task":12544,"Opcode":0,"Keywords":"0x8020000000000000","TimeCreated_attributes":{"SystemTime":"2013-10-23T17:30:54.781250Z"},"EventRecordID":509,"Correlation":null,"Execution_attributes":{"ProcessID":520,"ThreadID":588},"Channel":"Security","Computer":"IE8Win7","Security":null},"EventData":{"SubjectUserSid":"S-1-5-18","SubjectUserName":"IE8WIN7$","SubjectDomainName":"WORKGROUP","SubjectLogonId":"0x3e7","TargetUserSid":"S-1-5-18","TargetUserName":"SYSTEM","TargetDomainName":"NT AUTHORITY","TargetLogonId":"0x3e7","LogonType":5,"LogonProcessName":"Advapi  ","AuthenticationPackageName":"Negotiate","WorkstationName":"","LogonGuid":"00000000-0000-0000-0000-000000000000","TransmittedServices":"-","LmPackageName":"-","KeyLength":0,"ProcessId":"0x200","ProcessName":"C:\\Windows\\System32\\services.exe","IpAddress":"-","IpPort":"-"}}}
{"Event_attributes":{"xmlns":"http://schemas.microsoft.com/win/2004/08/events/event"},"Event":{"System":{"Provider_attributes":{"Name":"Microsoft-Windows-Security-Auditing","Guid":"54849625-5478-4994-A5BA-3E3B0328C30D"},"EventID":4672,"Version":0,"Level":0,"Task":12548,"Opcode":0,"Keywords":"0x8020000000000000","TimeCreated_attributes":{"SystemTime":"2013-10-23T17:30:54.781250Z"},"EventRecordID":510,"Correlation":null,"Execution_attributes":{"ProcessID":520,"ThreadID":588},"Channel":"Security","Computer":"IE8Win7","Security":null},"EventData":{"SubjectUserSid":"S-1-5-18","SubjectUserName":"SYSTEM","SubjectDomainName":"NT AUTHORITY","SubjectLogonId":"0x3e7","PrivilegeList":"SeAssignPrimaryTokenPrivilege\r\n\t\t\tSeTcbPrivilege\r\n\t\t\tSeSecurityPrivilege\r\n\t\t\tSeTakeOwnershipPrivilege\r\n\t\t\tSeLoadDriverPrivilege\r\n\t\t\tSeBackupPrivilege\r\n\t\t\tSeRestorePrivilege\r\n\t\t\tSeDebugPrivilege\r\n\t\t\tSeAuditPrivilege\r\n\t\t\tSeSystemEnvironmentPrivilege\r\n\t\t\tSeImpersonatePrivilege"}}}
{"Event_attributes":{"xmlns":"http://schemas.microsoft.com/win/2004/08/events/event"},"Event":{"System":{"Provider_attributes":{"Name":"Microsoft-Windows-Security-Auditing","Guid":"54849625-5478-4994-A5BA-3E3B0328C30D"},"EventID":4624,"Version":0,"Level":0,"Task":12544,"Opcode":0,"Keywords":"0x8020000000000000","TimeCreated_attributes":{"SystemTime":"2013-10-23T17:30:55.421875Z"},"EventRecordID":511,"Correlation":null,"Execution_attributes":{"ProcessID":520,"ThreadID":588},"Channel":"Security","Computer":"IE8Win7","Security":null},"EventData":{"SubjectUserSid":"S-1-5-18","SubjectUserName":"IE8WIN7$","SubjectDomainName":"WORKGROUP","SubjectLogonId":"0x3e7","TargetUserSid":"S-1-5-20","TargetUserName":"NETWORK SERVICE","TargetDomainName":"NT AUTHORITY","TargetLogonId":"0x3e4","LogonType":5,"LogonProcessName":"Advapi  ","AuthenticationPackageName":"Negotiate","WorkstationName":"","LogonGuid":"00000000-0000-0000-0000-000000000000","TransmittedServices":"-","LmPackageName":"-","KeyLength":0,"ProcessId":"0x200","ProcessName":"C:\\Windows\\System32\\services.exe","IpAddress":"-","IpPort":"-"}}}
{"Event_attributes":{"xmlns":"http://schemas.microsoft.com/win/2004/08/events/event"},"Event":{"System":{"Provider_attributes":{"Name":"Microsoft-Windows-Security-Auditing","Guid":"54849625-5478-4994-A5BA-3E3B0328C30D"},"EventID":4672,"Version":0,"Level":0,"Task":12548,"Opcode":0,"Keywords":"0x8020000000000000","TimeCreated_attributes":{"SystemTime":"2013-10-23T17:30:55.421875Z"},"EventRecordID":512,"Correlation":null,"Execution_attributes":{"ProcessID":520,"ThreadID":588},"Channel":"Security","Computer":"IE8Win7","Security":null},"EventData":{"SubjectUserSid":"S-1-5-20","SubjectUserName":"NETWORK SERVICE","SubjectDomainName":"NT AUTHORITY","SubjectLogonId":"0x3e4","PrivilegeList":"SeAssignPrimaryTokenPrivilege\r\n\t\t\tSeAuditPrivilege\r\n\t\t\tSeImpersonatePrivilege"}}}
{"Event_attributes":{"xmlns":"http://schemas.microsoft.com/win/2004/08/events/event"},"Event":{"System":{"Provider_attributes":{"Name":"Microsoft-Windows-Security-Auditing","Guid":"54849625-5478-4994-A5BA-3E3B0328C30D"},"EventID":4624,"Version":0,"Level":0,"Task":12544,"Opcode":0,"Keywords":"0x8020000000000000","TimeCreated_attributes":{"SystemTime":"2013-10-23T17:30:55.687500Z"},"EventRecordID":513,"Correlation":null,"Execution_attributes":{"ProcessID":520,"ThreadID":588},"Channel":"Security","Computer":"IE8Win7","Security":null},"EventData":{"SubjectUserSid":"S-1-5-18","SubjectUserName":"IE8WIN7$","SubjectDomainName":"WORKGROUP","SubjectLogonId":"0x3e7","TargetUserSid":"S-1-5-19","TargetUserName":"LOCAL SERVICE","TargetDomainName":"NT AUTHORITY","TargetLogonId":"0x3e5","LogonType":5,"LogonProcessName":"Advapi  ","AuthenticationPackageName":"Negotiate","WorkstationName":"","LogonGuid":"00000000-0000-0000-0000-000000000000","TransmittedServices":"-","LmPackageName":"-","KeyLength":0,"ProcessId":"0x200","ProcessName":"C:\\Windows\\System32\\services.exe","IpAddress":"-","IpPort":"-"}}}
{"Event_attributes":{"xmlns":"http://schemas.microsoft.com/win/2004/08/events/event"},"Event":{"System":{"Provider_attributes":{"Name":"Microsoft-Windows-Security-Auditing","Guid":"54849625-5478-4994-A5BA-3E3B0328C30D"},"EventID":4672,"Version":0,"Level":0,"Task":12548,"Opcode":0,"Keywords":"0x8020000000000000","TimeCreated_attributes":{"SystemTime":"2013-10-23T17:30:55.687500Z"},"EventRecordID":514,"Correlation":null,"Execution_attributes":{"ProcessID":520,"ThreadID":588},"Channel":"Security","Computer":"IE8Win7","Security":null},"EventData":{"SubjectUserSid":"S-1-5-19","SubjectUserName":"LOCAL SERVICE","SubjectDomainName":"NT AUTHORITY","SubjectLogonId":"0x3e5","PrivilegeList":"SeAssignPrimaryTokenPrivilege\r\n\t\t\tSeAuditPrivilege\r\n\t\t\tSeImpersonatePrivilege"}}}
{"Event_attributes":{"xmlns":"http://schemas.microsoft.com/win/2004/08/events/event"},"Event":{"System":{"Provider_attributes":{"Name":"Microsoft-Windows-Security-Auditing","Guid":"54849625-5478-4994-A5BA-3E3B0328C30D"},"EventID":4624,"Version":0,"Level":0,"Task":12544,"Opcode":0,"Keywords":"0x8020000000000000","TimeCreated_attributes":{"SystemTime":"2013-10-23T17:30:56.578125Z"},"EventRecordID":515,"Correlation":null,"Execution_attributes":{"ProcessID":520,"ThreadID":588},"Channel":"Security","Computer":"IE8Win7","Security":null},"EventData":{"SubjectUserSid":"S-1-5-18","SubjectUserName":"IE8WIN7$","SubjectDomainName":"WORKGROUP","SubjectLogonId":"0x3e7","TargetUserSid":"S-1-5-18","TargetUserName":"SYSTEM","TargetDomainName":"NT AUTHORITY","TargetLogonId":"0x3e7","LogonType":5,"LogonProcessName":"Advapi  ","AuthenticationPackageName":"Negotiate","WorkstationName":"","LogonGuid":"00000000-0000-0000-0000-000000000000","TransmittedServices":"-","LmPackageName":"-","KeyLength":0,"ProcessId":"0x200","ProcessName":"C:\\Windows\\System32\\services.exe","IpAddress":"-","IpPort":"-"}}}
{"Event_attributes":{"xmlns":"http://schemas.microsoft.com/win/2004/08/events/event"},"Event":{"System":{"Provider_attributes":{"Name":"Microsoft-Windows-Security-Auditing","Guid":"54849625-5478-4994-A5BA-3E3B0328C30D"},"EventID":4672,"Version":0,"Level":0,"Task":12548,"Opcode":0,"Keywords":"0x8020000000000000","TimeCreated_attributes":{"SystemTime":"2013-10-23T17:30:56.578125Z"},"EventRecordID":516,"Correlation":null,"Execution_attributes":{"ProcessID":520,"ThreadID":588},"Channel":"Security","Computer":"IE8Win7","Security":null},"EventData":{"SubjectUserSid":"S-1-5-18","SubjectUserName":"SYSTEM","SubjectDomainName":"NT AUTHORITY","SubjectLogonId":"0x3e7","PrivilegeList":"SeAssignPrimaryTokenPrivilege\r\n\t\t\tSeTcbPrivilege\r\n\t\t\tSeSecurityPrivilege\r\n\t\t\tSeTakeOwnershipPrivilege\r\n\t\t\tSeLoadDriverPrivilege\r\n\t\t\tSeBackupPrivilege\r\n\t\t\tSeRestorePrivilege\r\n\t\t\tSeDebugPrivilege\r\n\t\t\tSeAuditPrivilege\r\n\t\t\tSeSystemEnvironmentPrivilege\r\n\t\t\tSeImpersonatePrivilege"}}}
{"Event_attributes":{"xmlns":"http://schemas.microsoft.com/win/2004/08/events/event"},"Event":{"System":{"Provider_attributes":{"Name":"Microsoft-Windows-Security-Auditing","Guid":"54849625-5478-4994-A5BA-3E3B0328C30D"},"EventID":4624,"Version":0,"Level":0,"Task":12544,"Opcode":0,"Keywords":"0x8020000000000000","TimeCreated_attributes":{"SystemTime":"2013-10-23T17:30:56.593750Z"},"EventRecordID":517,"Correlation":null,"Execution_attributes":{"ProcessID":520,"ThreadID":588},"Channel":"Security","Computer":"IE8Win7","Security":null},"EventData":{"SubjectUserSid":"S-1-5-18","SubjectUserName":"IE8WIN7$","SubjectDomainName":"WORKGROUP","SubjectLogonId":"0x3e7","TargetUserSid":"S-1-5-18","TargetUserName":"SYSTEM","TargetDomainName":"NT AUTHORITY","TargetLogonId":"0x3e7","LogonType":5,"LogonProcessName":"Advapi  ","AuthenticationPackageName":"Negotiate","WorkstationName":"","LogonGuid":"00000000-0000-0000-0000-000000000000","TransmittedServices":"-","LmPackageName":"-","KeyLength":0,"ProcessId":"0x200","ProcessName":"C:\\Windows\\System32\\services.exe","IpAddress":"-","IpPort":"-"}}}
{"Event_attributes":{"xmlns":"http://schemas.microsoft.com/win/2004/08/events/event"},"Event":{"System":{"Provider_attributes":{"Name":"Microsoft-Windows-Security-Auditing","Guid":"54849625-5478-4994-A5BA-3E3B0328C30D"},"EventID":4672,"Version":0,"Level":0,"Task":12548,"Opcode":0,"Keywords":"0x8020000000000000","TimeCreated_attributes":{"SystemTime":"2013-10-23T17:30:56.593750Z"},"EventRecordID":518,"Correlation":null,"Execution_attributes":{"ProcessID":520,"ThreadID":588},"Channel":"Security","Computer":"IE8Win7","Security":null},"EventData":{"SubjectUserSid":"S-1-5-18","SubjectUserName":"SYSTEM","SubjectDomainName":"NT AUTHORITY","SubjectLogonId":"0x3e7","PrivilegeList":"SeAssignPrimaryTokenPrivilege\r\n\t\t\tSeTcbPrivilege\r\n\t\t\tSeSecurityPrivilege\r\n\t\t\tSeTakeOwnershipPrivilege\r\n\t\t\tSeLoadDriverPrivilege\r\n\t\t\tSeBackupPrivilege\r\n\t\t\tSeRestorePrivilege\r\n\t\t\tSeDebugPrivilege\r\n\t\t\tSeAuditPrivilege\r\n\t\t\tSeSystemEnvironmentPrivilege\r\n\t\t\tSeImpersonatePrivilege"}}}
{"Event_attributes":{"xmlns":"http://schemas.microsoft.com/win/2004/08/events/event"},"Event":{"System":{"Provider_attributes":{"Name":"Microsoft-Windows-Security-Auditing","Guid":"54849625-5478-4994-A5BA-3E3B0328C30D"},"EventID":4624,"Version":0,"Level":0,"Task":12544,"Opcode":0,"Keywords":"0x8020000000000000","TimeCreated_attributes":{"SystemTime":"2013-10-23T17:30:57.390625Z"},"EventRecordID":519,"Correlation":null,"Execution_attributes":{"ProcessID":520,"ThreadID":812},"Channel":"Security","Computer":"IE8Win7","Security":null},"EventData":{"SubjectUserSid":"S-1-5-18","SubjectUserName":"IE8WIN7$","SubjectDomainName":"WORKGROUP","SubjectLogonId":"0x3e7","TargetUserSid":"S-1-5-18","TargetUserName":"SYSTEM","TargetDomainName":"NT AUTHORITY","TargetLogonId":"0x3e7","LogonType":5,"LogonProcessName":"Advapi  ","AuthenticationPackageName":"Negotiate","WorkstationName":"","LogonGuid":"00000000-0000-0000-0000-000000000000","TransmittedServices":"-","LmPackageName":"-","KeyLength":0,"ProcessId":"0x200","ProcessName":"C:\\Windows\\System32\\services.exe","IpAddress":"-","IpPort":"-"}}}
{"Event_attributes":{"xmlns":"http://schemas.microsoft.com/win/2004/08/events/event"},"Event":{"System":{"Provider_attributes":{"Name":"Microsoft-Windows-Security-Auditing","Guid":"54849625-5478-4994-A5BA-3E3B0328C30D"},"EventID":4672,"Version":0,"Level":0,"Task":12548,"Opcode":0,"Keywords":"0x8020000000000000","TimeCreated_attributes":{"SystemTime":"2013-10-23T17:30:57.390625Z"},"EventRecordID":520,"Correlation":null,"Execution_attributes":{"ProcessID":520,"ThreadID":812},"Channel":"Security","Computer":"IE8Win7","Security":null},"EventData":{"SubjectUserSid":"S-1-5-18","SubjectUserName":"SYSTEM","SubjectDomainName":"NT AUTHORITY","SubjectLogonId":"0x3e7","PrivilegeList":"SeAssignPrimaryTokenPrivilege\r\n\t\t\tSeTcbPrivilege\r\n\t\t\tSeSecurityPrivilege\r\n\t\t\tSeTakeOwnershipPrivilege\r\n\t\t\tSeLoadDriverPrivilege\r\n\t\t\tSeBackupPrivilege\r\n\t\t\tSeRestorePrivilege\r\n\t\t\tSeDebugPrivilege\r\n\t\t\tSeAuditPrivilege\r\n\t\t\tSeSystemEnvironmentPrivilege\r\n\t\t\tSeImpersonatePrivilege"}}}
{"Event_attributes":{"xmlns":"http://schemas.microsoft.com/win/2004/08/events/event"},"Event":{"System":{"Provider_attributes":{"Name":"Microsoft-Windows-Security-Auditing","Guid":"54849625-5478-4994-A5BA-3E3B0328C30D"},"EventID":4624,"Version":0,"Level":0,"Task":12544,"Opcode":0,"Keywords":"0x8020000000000000","TimeCreated_attributes":{"SystemTime":"2013-10-23T17:31:06.125000Z"},"EventRecordID":521,"Correlation":null,"Execution_attributes":{"ProcessID":520,"ThreadID":572},"Channel":"Security","Computer":"IE8Win7","Security":null},"EventData":{"SubjectUserSid":"S-1-5-18","SubjectUserName":"IE8WIN7$","SubjectDomainName":"WORKGROUP","SubjectLogonId":"0x3e7","TargetUserSid":"S-1-5-18","TargetUserName":"SYSTEM","TargetDomainName":"NT AUTHORITY","TargetLogonId":"0x3e7","LogonType":5,"LogonProcessName":"Advapi  ","AuthenticationPackageName":"Negotiate","WorkstationName":"","LogonGuid":"00000000-0000-0000-0000-000000000000","TransmittedServices":"-","LmPackageName":"-","KeyLength":0,"ProcessId":"0x200","ProcessName":"C:\\Windows\\System32\\services.exe","IpAddress":"-","IpPort":"-"}}}
{"Event_attributes":{"xmlns":"http://schemas.microsoft.com/win/2004/08/events/event"},"Event":{"System":{"Provider_attributes":{"Name":"Microsoft-Windows-Security-Auditing","Guid":"54849625-5478-4994-A5BA-3E3B0328C30D"},"EventID":4672,"Version":0,"Level":0,"Task":12548,"Opcode":0,"Keywords":"0x8020000000000000","TimeCreated_attributes":{"SystemTime":"2013-10-23T17:31:06.125000Z"},"EventRecordID":522,"Correlation":null,"Execution_attributes":{"ProcessID":520,"ThreadID":572},"Channel":"Security","Computer":"IE8Win7","Security":null},"EventData":{"SubjectUserSid":"S-1-5-18","SubjectUserName":"SYSTEM","SubjectDomainName":"NT AUTHORITY","SubjectLogonId":"0x3e7","PrivilegeList":"SeAssignPrimaryTokenPrivilege\r\n\t\t\tSeTcbPrivilege\r\n\t\t\tSeSecurityPrivilege\r\n\t\t\tSeTakeOwnershipPrivilege\r\n\t\t\tSeLoadDriverPrivilege\r\n\t\t\tSeBackupPrivilege\r\n\t\t\tSeRestorePrivilege\r\n\t\t\tSeDebugPrivilege\r\n\t\t\tSeAuditPrivilege\r\n\t\t\tSeSystemEnvironmentPrivilege\r\n\t\t\tSeImpersonatePrivilege"}}}
{"Event_attributes":{"xmlns":"http://schemas.microsoft.com/win/2004/08/events/event"},"Event":{"System":{"Provider_attributes":{"Name":"Microsoft-Windows-Security-Auditing","Guid":"54849625-5478-4994-A5BA-3E3B0328C30D"},"EventID":5033,"Version":0,"Level":0,"Task":12292,"Opcode":0,"Keywords":"0x8020000000000000","TimeCreated_attributes":{"SystemTime":"2013-10-23T17:31:08.359375Z"},"EventRecordID":523,"Correlation":null,"Execution_attributes":{"ProcessID":4,"ThreadID":44},"Channel":"Security","Computer":"IE8Win7","Security":null},"EventData":null}}
{"Event_attributes":{"xmlns":"http://schemas.microsoft.com/win/2004/08/events/event"},"Event":{"System":{"Provider_attributes":{"Name":"Microsoft-Windows-Security-Auditing","Guid":"54849625-5478-4994-A5BA-3E3B0328C30D"},"EventID":4624,"Version":0,"Level":0,"Task":12544,"Opcode":0,"Keywords":"0x8020000000000000","TimeCreated_attributes":{"SystemTime":"2013-10-23T17:31:10.171875Z"},"EventRecordID":524,"Correlation":null,"Execution_attributes":{"ProcessID":520,"ThreadID":572},"Channel":"Security","Computer":"IE8Win7","Security":null},"EventData":{"SubjectUserSid":"S-1-5-18","SubjectUserName":"IE8WIN7$","SubjectDomainName":"WORKGROUP","SubjectLogonId":"0x3e7","TargetUserSid":"S-1-5-18","TargetUserName":"SYSTEM","TargetDomainName":"NT AUTHORITY","TargetLogonId":"0x3e7","LogonType":5,"LogonProcessName":"Advapi  ","AuthenticationPackageName":"Negotiate","WorkstationName":"","LogonGuid":"00000000-0000-0000-0000-000000000000","TransmittedServices":"-","LmPackageName":"-","KeyLength":0,"ProcessId":"0x200","ProcessName":"C:\\Windows\\System32\\services.exe","IpAddress":"-","IpPort":"-"}}}
{"Event_attributes":{"xmlns":"http://schemas.microsoft.com/win/2004/08/events/event"},"Event":{"System":{"Provider_attributes":{"Name":"Microsoft-Windows-Security-Auditing","Guid":"54849625-5478-4994-A5BA-3E3B0328C30D"},"EventID":4672,"Version":0,"Level":0,"Task":12548,"Opcode":0,"Keywords":"0x8020000000000000","TimeCreated_attributes":{"SystemTime":"2013-10-23T17:31:10.171875Z"},"EventRecordID":525,"Correlation":null,"Execution_attributes":{"ProcessID":520,"ThreadID":572},"Channel":"Security","Computer":"IE8Win7","Security":null},"EventData":{"SubjectUserSid":"S-1-5-18","SubjectUserName":"SYSTEM","SubjectDomainName":"NT AUTHORITY","SubjectLogonId":"0x3e7","PrivilegeList":"SeAssignPrimaryTokenPrivilege\r\n\t\t\tSeTcbPrivilege\r\n\t\t\tSeSecurityPrivilege\r\n\t\t\tSeTakeOwnershipPrivilege\r\n\t\t\tSeLoadDriverPrivilege\r\n\t\t\tSeBackupPrivilege\r\n\t\t\tSeRestorePrivilege\r\n\t\t\tSeDebugPrivilege\r\n\t\t\tSeAuditPrivilege\r\n\t\t\tSeSystemEnvironmentPrivilege\r\n\t\t\tSeImpersonatePrivilege"}}}
{"Event_attributes":{"xmlns":"http://schemas.microsoft.com/win/2004/08/events/event"},"Event":{"System":{"Provider_attributes":{"Name":"Microsoft-Windows-Security-Auditing","Guid":"54849625-5478-4994-A5BA-3E3B0328C30D"},"EventID":4624,"Version":0,"Level":0,"Task":12544,"Opcode":0,"Keywords":"0x8020000000000000","TimeCreated_attributes":{"SystemTime":"2013-10-23T17:31:10.265625Z"},"EventRecordID":526,"Correlation":null,"Execution_attributes":{"ProcessID":520,"ThreadID":572},"Channel":"Security","Computer":"IE8Win7","Security":null},"EventData":{"SubjectUserSid":"S-1-5-18","SubjectUserName":"IE8WIN7$","SubjectDomainName":"WORKGROUP","SubjectLogonId":"0x3e7","TargetUserSid":"S-1-5-18","TargetUserName":"SYSTEM","TargetDomainName":"NT AUTHORITY","TargetLogonId":"0x3e7","LogonType":5,"LogonProcessName":"Advapi  ","AuthenticationPackageName":"Negotiate","WorkstationName":"","LogonGuid":"00000000-0000-0000-0000-000000000000","TransmittedServices":"-","LmPackageName":"-","KeyLength":0,"ProcessId":"0x200","ProcessName":"C:\\Windows\\System32\\services.exe","IpAddress":"-","IpPort":"-"}}}
{"Event_attributes":{"xmlns":"http://schemas.microsoft.com/win/2004/08/events/event"},"Event":{"System":{"Provider_attributes":{"Name":"Microsoft-Windows-Security-Auditing","Guid":"54849625-5478-4994-A5BA-3E3B0328C30D"},"EventID":4672,"Version":0,"Level":0,"Task":12548,"Opcode":0,"Keywords":"0x8020000000000000","TimeCreated_attributes":{"SystemTime":"2013-10-23T17:31:10.265625Z"},"EventRecordID":527,"Correlation":null,"Execution_attributes":{"ProcessID":520,"ThreadID":572},"Channel":"Security","Computer":"IE8Win7","Security":null},"EventData":{"SubjectUserSid":"S-1-5-18","SubjectUserName":"SYSTEM","SubjectDomainName":"NT AUTHORITY","SubjectLogonId":"0x3e7","PrivilegeList":"SeAssignPrimaryTokenPrivilege\r\n\t\t\tSeTcbPrivilege\r\n\t\t\tSeSecurityPrivilege\r\n\t\t\tSeTakeOwnershipPrivilege\r\n\t\t\tSeLoadDriverPrivilege\r\n\t\t\tSeBackupPrivilege\r\n\t\t\tSeRestorePrivilege\r\n\t\t\tSeDebugPrivilege\r\n\t\t\tSeAuditPrivilege\r\n\t\t\tSeSystemEnvironmentPrivilege\r\n\t\t\tSeImpersonatePrivilege"}}}
{"Event_attributes":{"xmlns":"http://schemas.microsoft.com/win/2004/08/events/event"},"Event":{"System":{"Provider_attributes":{"Name":"Microsoft-Windows-Security-Auditing","Guid":"54849625-5478-4994-A5BA-3E3B0328C30D"},"EventID":4616,"Version":1,"Level":0,"Task":12288,"Opcode":0,"Keywords":"0x8020000000000000","TimeCreated_attributes":{"SystemTime":"2013-10-23T17:31:10.741000Z"},"EventRecordID":528,"Correlation":null,"Execution_attributes":{"ProcessID":4,"ThreadID":44},"Channel":"Security","Computer":"IE8Win7","Security":null},"EventData":{"SubjectUserSid":"S-1-5-19","SubjectUserName":"LOCAL SERVICE","SubjectDomainName":"NT AUTHORITY","SubjectLogonId":"0x3e5","PreviousTime":"2013-10-23T17:31:10.281250Z","NewTime":"2013-10-23T17:31:10.741000Z","ProcessId":"0x57c","ProcessName":"C:\\Windows\\System32\\vmicsvc.exe"}}}
{"Event_attributes":{"xmlns":"http://schemas.microsoft.com/win/2004/08/events/event"},"Event":{"System":{"Provider_attributes":{"Name":"Microsoft-Windows-Security-Auditing","Guid":"54849625-5478-4994-A5BA-3E3B0328C30D"},"EventID":5024,"Version":0,"Level":0,"Task":12292,"Opcode":0,"Keywords":"0x8020000000000000","TimeCreated_attributes":{"SystemTime":"2013-10-23T17:31:11.303500Z"},"EventRecordID":529,"Correlation":null,"Execution_attributes":{"ProcessID":520,"ThreadID":572},"Channel":"Security","Computer":"IE8Win7","Security":null},"EventData":null}}
{"Event_attributes":{"xmlns":"http://schemas.microsoft.com/win/2004/08/events/event"},"Event":{"System":{"Provider_attributes":{"Name":"Microsoft-Windows-Security-Auditing","Guid":"54849625-5478-4994-A5BA-3E3B0328C30D"},"EventID":4624,"Version":0,"Level":0,"Task":12544,"Opcode":0,"Keywords":"0x8020000000000000","TimeCreated_attributes":{"SystemTime":"2013-10-23T17:31:16.631625Z"},"EventRecordID":530,"Correlation":null,"Execution_attributes":{"ProcessID":520,"ThreadID":572},"Channel":"Security","Computer":"IE8Win7","Security":null},"EventData":{"SubjectUserSid":"S-1-0-0","SubjectUserName":"-","SubjectDomainName":"-","SubjectLogonId":"0x0","TargetUserSid":"S-1-5-7","TargetUserName":"ANONYMOUS LOGON","TargetDomainName":"NT AUTHORITY","TargetLogonId":"0x12155","LogonType":3,"LogonProcessName":"NtLmSsp ","AuthenticationPackageName":"NTLM","WorkstationName":"","LogonGuid":"00000000-0000-0000-0000-000000000000","TransmittedServices":"-","LmPackageName":"NTLM V1","KeyLength":0,"ProcessId":"0x0","ProcessName":"-","IpAddress":"-","IpPort":"-"}}}
{"Event_attributes":{"xmlns":"http://schemas.microsoft.com/win/2004/08/events/event"},"Event":{"System":{"Provider_attributes":{"Name":"Microsoft-Windows-Security-Auditing","Guid":"54849625-5478-4994-A5BA-3E3B0328C30D"},"EventID":4907,"Version":0,"Level":0,"Task":13568,"Opcode":0,"Keywords":"0x8020000000000000","TimeCreated_attributes":{"SystemTime":"2013-10-23T17:31:36.131625Z"},"EventRecordID":531,"Correlation":null,"Execution_attributes":{"ProcessID":520,"ThreadID":536},"Channel":"Security","Computer":"IE8Win7","Security":null},"EventData":{"SubjectUserSid":"S-1-5-18","SubjectUserName":"IE8WIN7$","SubjectDomainName":"WORKGROUP","SubjectLogonId":"0x3e7","ObjectServer":"Security","ObjectType":"File","ObjectName":"C:\\Windows\\System32\\cdd.dll","HandleId":"0x14","OldSd":"","NewSd":"S:ARAI(AU;SAFA;DCLCRPCRSDWDWO;;;WD)","ProcessId":"0x790","ProcessName":"C:\\Windows\\System32\\poqexec.exe"}}}
{"Event_attributes":{"xmlns":"http://schemas.microsoft.com/win/2004/08/events/event"},"Event":{"System":{"Provider_attributes":{"Name":"Microsoft-Windows-Security-Auditing","Guid":"54849625-5478-4994-A5BA-3E3B0328C30D"},"EventID":4907,"Version":0,"Level":0,"Task":13568,"Opcode":0,"Keywords":"0x8020000000000000","TimeCreated_attributes":{"SystemTime":"2013-10-23T17:31:36.131625Z"},"EventRecordID":532,"Correlation":null,"Execution_attributes":{"ProcessID":520,"ThreadID":536},"Channel":"Security","Computer":"IE8Win7","Security":null},"EventData":{"SubjectUserSid":"S-1-5-18","SubjectUserName":"IE8WIN7$","SubjectDomainName":"WORKGROUP","SubjectLogonId":"0x3e7","ObjectServer":"Security","ObjectType":"File","ObjectName":"C:\\Windows\\System32\\drivers\\dxgmms1.sys","HandleId":"0x14","OldSd":"","NewSd":"S:ARAI(AU;SAFA;DCLCRPCRSDWDWO;;;WD)","ProcessId":"0x790","ProcessName":"C:\\Windows\\System32\\poqexec.exe"}}}
{"Event_attributes":{"xmlns":"http://schemas.microsoft.com/win/2004/08/events/event"},"Event":{"System":{"Provider_attributes":{"Name":"Microsoft-Windows-Security-Auditing","Guid":"54849625-5478-4994-A5BA-3E3B0328C30D"},"EventID":4907,"Version":0,"Level":0,"Task":13568,"Opcode":0,"Keywords":"0x8020000000000000","TimeCreated_attributes":{"SystemTime":"2013-10-23T17:31:36.147250Z"},"EventRecordID":533,"Correlation":null,"Execution_attributes":{"ProcessID":520,"ThreadID":536},"Channel":"Security","Computer":"IE8Win7","Security":null},"EventData":{"SubjectUserSid":"S-1-5-18","SubjectUserName":"IE8WIN7$","SubjectDomainName":"WORKGROUP","SubjectLogonId":"0x3e7","ObjectServer":"Security","ObjectType":"File","ObjectName":"C:\\Windows\\System32\\drivers\\dxgkrnl.sys","HandleId":"0x14","OldSd":"","NewSd":"S:ARAI(AU;SAFA;DCLCRPCRSDWDWO;;;WD)","ProcessId":"0x790","ProcessName":"C:\\Windows\\System32\\poqexec.exe"}}}
{"Event_attributes":{"xmlns":"http://schemas.microsoft.com/win/2004/08/events/event"},"Event":{"System":{"Provider_attributes":{"Name":"Microsoft-Windows-Security-Auditing","Guid":"54849625-5478-4994-A5BA-3E3B0328C30D"},"EventID":4907,"Version":0,"Level":0,"Task":13568,"Opcode":0,"Keywords":"0x8020000000000000","TimeCreated_attributes":{"SystemTime":"2013-10-23T17:31:36.506625Z"},"EventRecordID":534,"Correlation":null,"Execution_attributes":{"ProcessID":520,"ThreadID":536},"Channel":"Security","Computer":"IE8Win7","Security":null},"EventData":{"SubjectUserSid":"S-1-5-18","SubjectUserName":"IE8WIN7$","SubjectDomainName":"WORKGROUP","SubjectLogonId":"0x3e7","ObjectServer":"Security","ObjectType":"File","ObjectName":"C:\\Windows\\System32\\api-ms-win-core-console-l1-1-0.dll","HandleId":"0x14","OldSd":"","NewSd":"S:ARAI(AU;SAFA;DCLCRPCRSDWDWO;;;WD)","ProcessId":"0x790","ProcessName":"C:\\Windows\\System32\\poqexec.exe"}}}
{"Event_attributes":{"xmlns":"http://schemas.microsoft.com/win/2004/08/events/event"},"Event":{"System":{"Provider_attributes":{"Name":"Microsoft-Windows-Security-Auditing","Guid":"54849625-5478-4994-A5BA-3E3B0328C30D"},"EventID":4907,"Version":0,"Level":0,"Task":13568,"Opcode":0,"Keywords":"0x8020000000000000","TimeCreated_attributes":{"SystemTime":"2013-10-23T17:31:36.522250Z"},"EventRecordID":535,"Correlation":null,"Execution_attributes":{"ProcessID":520,"ThreadID":536},"Channel":"Security","Computer":"IE8Win7","Security":null},"EventData":{"SubjectUserSid":"S-1-5-18","SubjectUserName":"IE8WIN7$","SubjectDomainName":"WORKGROUP","SubjectLogonId":"0x3e7","ObjectServer":"Security","ObjectType":"File","ObjectName":"C:\\Windows\\System32\\api-ms-win-core-io-l1-1-0.dll","HandleId":"0x14","OldSd":"","NewSd":"S:ARAI(AU;SAFA;DCLCRPCRSDWDWO;;;WD)","ProcessId":"0x790","ProcessName":"C:\\Windows\\System32\\poqexec.exe"}}}
