{"Event_attributes":{"xmlns":"http://schemas.microsoft.com/win/2004/08/events/event"},"Event":{"System":{"Provider_attributes":{"Name":"Microsoft-Windows-WindowsUpdateClient","Guid":"945A8954-C147-4ACD-923F-40C45405A658"},"EventID":19,"Version":0,"Level":4,"Task":1,"Opcode":13,"Keywords":"0x8000000000000018","TimeCreated_attributes":{"SystemTime":"2013-10-23T17:45:31.256625Z"},"EventRecordID":1058,"Correlation":null,"Execution_attributes":{"ProcessID":856,"ThreadID":2632},"Channel":"System","Computer":"IE8Win7","Security_attributes":{"UserID":"S-1-5-18"}},"EventData":{"updateTitle":"Security Update for Windows 7 (KB2758857)","updateGuid":"68879CE4-58D7-4368-990E-8C7DECAF0AFA","updateRevisionNumber":205}}}
{"Event_attributes":{"xmlns":"http://schemas.microsoft.com/win/2004/08/events/event"},"Event":{"System":{"Provider_attributes":{"Name":"Microsoft-Windows-WindowsUpdateClient","Guid":"945A8954-C147-4ACD-923F-40C45405A658"},"EventID":19,"Version":0,"Level":4,"Task":1,"Opcode":13,"Keywords":"0x8000000000000018","TimeCreated_attributes":{"SystemTime":"2013-10-23T17:45:31.256625Z"},"EventRecordID":1059,"Correlation":null,"Execution_attributes":{"ProcessID":856,"ThreadID":2632},"Channel":"System","Computer":"IE8Win7","Security_attributes":{"UserID":"S-1-5-18"}},"EventData":{"updateTitle":"Update for Windows 7 (KB2563227)","updateGuid":"0F028FE3-2563-4461-919D-4D084BE3991E","updateRevisionNumber":100}}}
{"Event_attributes":{"xmlns":"http://schemas.microsoft.com/win/2004/08/events/event"},"Event":{"System":{"Provider_attributes":{"Name":"Microsoft-Windows-WindowsUpdateClient","Guid":"945A8954-C147-4ACD-923F-40C45405A658"},"EventID":19,"Version":0,"Level":4,"Task":1,"Opcode":13,"Keywords":"0x8000000000000018","TimeCreated_attributes":{"SystemTime":"2013-10-23T17:45:31.256625Z"},"EventRecordID":1060,"Correlation":null,"Execution_attributes":{"ProcessID":856,"ThreadID":2632},"Channel":"System","Computer":"IE8Win7","Security_attributes":{"UserID":"S-1-5-18"}},"EventData":{"updateTitle":"Security Update for Windows 7 (KB2770660)","updateGuid":"83DE26E2-9963-450C-B423-97F99F624528","updateRevisionNumber":201}}}
{"Event_attributes":{"xmlns":"http://schemas.microsoft.com/win/2004/08/events/event"},"Event":{"System":{"Provider_attributes":{"Name":"Microsoft-Windows-WindowsUpdateClient","Guid":"945A8954-C147-4ACD-923F-40C45405A658"},"EventID":19,"Version":0,"Level":4,"Task":1,"Opcode":13,"Keywords":"0x8000000000000018","TimeCreated_attributes":{"SystemTime":"2013-10-23T17:45:31.256625Z"},"EventRecordID":1061,"Correlation":null,"Execution_attributes":{"ProcessID":856,"ThreadID":2632},"Channel":"System","Computer":"IE8Win7","Security_attributes":{"UserID":"S-1-5-18"}},"EventData":{"updateTitle":"Update for Windows 7 (KB2506928)","updateGuid":"664A07E1-65EB-411E-9D97-4895C9F6E43D","updateRevisionNumber":100}}}
{"Event_attributes":{"xmlns":"http://schemas.microsoft.com/win/2004/08/events/event"},"Event":{"System":{"Provider_attributes":{"Name":"Microsoft-Windows-WindowsUpdateClient","Guid":"945A8954-C147-4ACD-923F-40C45405A658"},"EventID":19,"Version":0,"Level":4,"Task":1,"Opcode":13,"Keywords":"0x8000000000000018","TimeCreated_attributes":{"SystemTime":"2013-10-23T17:45:31.256625Z"},"EventRecordID":1062,"Correlation":null,"Execution_attributes":{"ProcessID":856,"ThreadID":2632},"Channel":"System","Computer":"IE8Win7","Security_attributes":{"UserID":"S-1-5-18"}},"EventData":{"updateTitle":"Security Update for Microsoft .NET Framework 3.5.1 on Windows 7 x86 (KB2729451)","updateGuid":"B6A4EDE0-BFB0-4748-9855-8017AF182706","updateRevisionNumber":202}}}
{"Event_attributes":{"xmlns":"http://schemas.microsoft.com/win/2004/08/events/event"},"Event":{"System":{"Provider_attributes":{"Name":"Microsoft-Windows-WindowsUpdateClient","Guid":"945A8954-C147-4ACD-923F-40C45405A658"},"EventID":19,"Version":0,"Level":4,"Task":1,"Opcode":13,"Keywords":"0x8000000000000018","TimeCreated_attributes":{"SystemTime":"2013-10-23T17:45:31.256625Z"},"EventRecordID":1063,"Correlation":null,"Execution_attributes":{"ProcessID":856,"ThreadID":2632},"Channel":"System","Computer":"IE8Win7","Security_attributes":{"UserID":"S-1-5-18"}},"EventData":{"updateTitle":"Security Update for Windows 7 (KB2510531)","updateGuid":"3B7D26D8-BC01-4587-9540-F2E7996BB165","updateRevisionNumber":101}}}
{"Event_attributes":{"xmlns":"http://schemas.microsoft.com/win/2004/08/events/event"},"Event":{"System":{"Provider_attributes":{"Name":"Microsoft-Windows-WindowsUpdateClient","Guid":"945A8954-C147-4ACD-923F-40C45405A658"},"EventID":19,"Version":0,"Level":4,"Task":1,"Opcode":13,"Keywords":"0x8000000000000018","TimeCreated_attributes":{"SystemTime":"2013-10-23T17:45:31.256625Z"},"EventRecordID":1064,"Correlation":null,"Execution_attributes":{"ProcessID":856,"ThreadID":2632},"Channel":"System","Computer":"IE8Win7","Security_attributes":{"UserID":"S-1-5-18"}},"EventData":{"updateTitle":"Security Update for Windows 7 (KB2769369)","updateGuid":"EAAA9BD5-26E0-41BC-AE52-21AEEDFE8A6C","updateRevisionNumber":201}}}
{"Event_attributes":{"xmlns":"http://schemas.microsoft.com/win/2004/08/events/event"},"Event":{"System":{"Provider_attributes":{"Name":"Microsoft-Windows-WindowsUpdateClient","Guid":"945A8954-C147-4ACD-923F-40C45405A658"},"EventID":19,"Version":0,"Level":4,"Task":1,"Opcode":13,"Keywords":"0x8000000000000018","TimeCreated_attributes":{"SystemTime":"2013-10-23T17:45:31.256625Z"},"EventRecordID":1065,"Correlation":null,"Execution_attributes":{"ProcessID":856,"ThreadID":2632},"Channel":"System","Computer":"IE8Win7","Security_attributes":{"UserID":"S-1-5-18"}},"EventData":{"updateTitle":"Update for Windows 7 (KB2799926)","updateGuid":"DD4F5ACE-5BCB-4D29-B912-3167B6748ECC","updateRevisionNumber":201}}}
{"Event_attributes":{"xmlns":"http://schemas.microsoft.com/win/2004/08/events/event"},"Event":{"System":{"Provider_attributes":{"Name":"Microsoft-Windows-WindowsUpdateClient","Guid":"945A8954-C147-4ACD-923F-40C45405A658"},"EventID":19,"Version":0,"Level":4,"Task":1,"Opcode":13,"Keywords":"0x8000000000000018","TimeCreated_attributes":{"SystemTime":"2013-10-23T17:45:31.256625Z"},"EventRecordID":1066,"Correlation":null,"Execution_attributes":{"ProcessID":856,"ThreadID":2632},"Channel":"System","Computer":"IE8Win7","Security_attributes":{"UserID":"S-1-5-18"}},"EventData":{"updateTitle":"Security Update for Windows 7 (KB2509553)","updateGuid":"58E9EACA-4CC8-429D-9D0F-3E2D47C1CFBC","updateRevisionNumber":102}}}
{"Event_attributes":{"xmlns":"http://schemas.microsoft.com/win/2004/08/events/event"},"Event":{"System":{"Provider_attributes":{"Name":"Microsoft-Windows-WindowsUpdateClient","Guid":"945A8954-C147-4ACD-923F-40C45405A658"},"EventID":19,"Version":0,"Level":4,"Task":1,"Opcode":13,"Keywords":"0x8000000000000018","TimeCreated_attributes":{"SystemTime":"2013-10-23T17:45:31.256625Z"},"EventRecordID":1067,"Correlation":null,"Execution_attributes":{"ProcessID":856,"ThreadID":2632},"Channel":"System","Computer":"IE8Win7","Security_attributes":{"UserID":"S-1-5-18"}},"EventData":{"updateTitle":"Update for Windows 7 (KB2718704)","updateGuid":"9CA0B1C7-2A98-46EE-8C71-9E9985FCF904","updateRevisionNumber":101}}}
{"Event_attributes":{"xmlns":"http://schemas.microsoft.com/win/2004/08/events/event"},"Event":{"System":{"Provider_attributes":{"Name":"Microsoft-Windows-WindowsUpdateClient","Guid":"945A8954-C147-4ACD-923F-40C45405A658"},"EventID":19,"Version":0,"Level":4,"Task":1,"Opcode":13,"Keywords":"0x8000000000000018","TimeCreated_attributes":{"SystemTime":"2013-10-23T17:45:31.256625Z"},"EventRecordID":1068,"Correlation":null,"Execution_attributes":{"ProcessID":856,"ThreadID":2632},"Channel":"System","Computer":"IE8Win7","Security_attributes":{"UserID":"S-1-5-18"}},"EventData":{"updateTitle":"Security Update for Windows 7 (KB2620704)","updateGuid":"FE3053C7-CC35-4E94-B176-1E2A8E9C8C14","updateRevisionNumber":101}}}
{"Event_attributes":{"xmlns":"http://schemas.microsoft.com/win/2004/08/events/event"},"Event":{"System":{"Provider_attributes":{"Name":"Microsoft-Windows-WindowsUpdateClient","Guid":"945A8954-C147-4ACD-923F-40C45405A658"},"EventID":19,"Version":0,"Level":4,"Task":1,"Opcode":13,"Keywords":"0x8000000000000018","TimeCreated_attributes":{"SystemTime":"2013-10-23T17:45:31.256625Z"},"EventRecordID":1069,"Correlation":null,"Execution_attributes":{"ProcessID":856,"ThreadID":2632},"Channel":"System","Computer":"IE8Win7","Security_attributes":{"UserID":"S-1-5-18"}},"EventData":{"updateTitle":"Security Update for Windows 7 (KB2813170)","updateGuid":"B8DEC7C6-2B7D-464F-912E-0A6715A25911","updateRevisionNumber":202}}}
{"Event_attributes":{"xmlns":"http://schemas.microsoft.com/win/2004/08/events/event"},"Event":{"System":{"Provider_attributes":{"Name":"Microsoft-Windows-WindowsUpdateClient","Guid":"945A8954-C147-4ACD-923F-40C45405A658"},"EventID":19,"Version":0,"Level":4,"Task":1,"Opcode":13,"Keywords":"0x8000000000000018","TimeCreated_attributes":{"SystemTime":"2013-10-23T17:45:31.256625Z"},"EventRecordID":1070,"Correlation":null,"Execution_attributes":{"ProcessID":856,"ThreadID":2632},"Channel":"System","Computer":"IE8Win7","Security_attributes":{"UserID":"S-1-5-18"}},"EventData":{"updateTitle":"Microsoft .NET Framework 3.5 SP1 Update for Windows 7 x86 (KB982526)","updateGuid":"D3073EC6-81B3-44E6-B0B7-B3707E564BD3","updateRevisionNumber":101}}}
{"Event_attributes":{"xmlns":"http://schemas.microsoft.com/win/2004/08/events/event"},"Event":{"System":{"Provider_attributes":{"Name":"Microsoft-Windows-WindowsUpdateClient","Guid":"945A8954-C147-4ACD-923F-40C45405A658"},"EventID":19,"Version":0,"Level":4,"Task":1,"Opcode":13,"Keywords":"0x8000000000000018","TimeCreated_attributes":{"SystemTime":"2013-10-23T17:45:31.256625Z"},"EventRecordID":1071,"Correlation":null,"Execution_attributes":{"ProcessID":856,"ThreadID":2632},"Channel":"System","Computer":"IE8Win7","Security_attributes":{"UserID":"S-1-5-18"}},"EventData":{"updateTitle":"Security Update for Windows 7 (KB982665)","updateGuid":"462D1DC4-8DE8-4143-97D7-E07DA5BE9038","updateRevisionNumber":101}}}
{"Event_attributes":{"xmlns":"http://schemas.microsoft.com/win/2004/08/events/event"},"Event":{"System":{"Provider_attributes":{"Name":"Microsoft-Windows-WindowsUpdateClient","Guid":"945A8954-C147-4ACD-923F-40C45405A658"},"EventID":19,"Version":0,"Level":4,"Task":1,"Opcode":13,"Keywords":"0x8000000000000018","TimeCreated_attributes":{"SystemTime":"2013-10-23T17:45:31.256625Z"},"EventRecordID":1072,"Correlation":null,"Execution_attributes":{"ProcessID":856,"ThreadID":2632},"Channel":"System","Computer":"IE8Win7","Security_attributes":{"UserID":"S-1-5-18"}},"EventData":{"updateTitle":"Update for Windows 7 (KB2552343)","updateGuid":"75417FC3-AFCE-4B30-AB24-D306540C4020","updateRevisionNumber":100}}}
{"Event_attributes":{"xmlns":"http://schemas.microsoft.com/win/2004/08/events/event"},"Event":{"System":{"Provider_attributes":{"Name":"Microsoft-Windows-WindowsUpdateClient","Guid":"945A8954-C147-4ACD-923F-40C45405A658"},"EventID":19,"Version":0,"Level":4,"Task":1,"Opcode":13,"Keywords":"0x8000000000000018","TimeCreated_attributes":{"SystemTime":"2013-10-23T17:45:31.256625Z"},"EventRecordID":1073,"Correlation":null,"Execution_attributes":{"ProcessID":856,"ThreadID":2632},"Channel":"System","Computer":"IE8Win7","Security_attributes":{"UserID":"S-1-5-18"}},"EventData":{"updateTitle":"Update for Windows 7 (KB977074)","updateGuid":"AC8734C3-0254-4C7E-9BE2-1FF2D8DB0EAE","updateRevisionNumber":101}}}
{"Event_attributes":{"xmlns":"http://schemas.microsoft.com/win/2004/08/events/event"},"Event":{"System":{"Provider_attributes":{"Name":"Microsoft-Windows-WindowsUpdateClient","Guid":"945A8954-C147-4ACD-923F-40C45405A658"},"EventID":19,"Version":0,"Level":4,"Task":1,"Opcode":13,"Keywords":"0x8000000000000018","TimeCreated_attributes":{"SystemTime":"2013-10-23T17:45:31.256625Z"},"EventRecordID":1074,"Correlation":null,"Execution_attributes":{"ProcessID":856,"ThreadID":2632},"Channel":"System","Computer":"IE8Win7","Security_attributes":{"UserID":"S-1-5-18"}},"EventData":{"updateTitle":"Update for Windows 7 (KB2762895)","updateGuid":"EBE0E9BF-B303-441D-9CDB-F2BAD322F078","updateRevisionNumber":201}}}
{"Event_attributes":{"xmlns":"http://schemas.microsoft.com/win/2004/08/events/event"},"Event":{"System":{"Provider_attributes":{"Name":"Microsoft-Windows-WindowsUpdateClient","Guid":"945A8954-C147-4ACD-923F-40C45405A658"},"EventID":19,"Version":0,"Level":4,"Task":1,"Opcode":13,"Keywords":"0x8000000000000018","TimeCreated_attributes":{"SystemTime":"2013-10-23T17:45:31.256625Z"},"EventRecordID":1075,"Correlation":null,"Execution_attributes":{"ProcessID":856,"ThreadID":2632},"Channel":"System","Computer":"IE8Win7","Security_attributes":{"UserID":"S-1-5-18"}},"EventData":{"updateTitle":"Security Update for Windows 7 (KB982132)","updateGuid":"0E21ADBF-FEDD-4B2E-9148-910F5BF1308E","updateRevisionNumber":103}}}
{"Event_attributes":{"xmlns":"http://schemas.microsoft.com/win/2004/08/events/event"},"Event":{"System":{"Provider_attributes":{"Name":"Microsoft-Windows-WindowsUpdateClient","Guid":"945A8954-C147-4ACD-923F-40C45405A658"},"EventID":19,"Version":0,"Level":4,"Task":1,"Opcode":13,"Keywords":"0x8000000000000018","TimeCreated_attributes":{"SystemTime":"2013-10-23T17:45:31.256625Z"},"EventRecordID":1076,"Correlation":null,"Execution_attributes":{"ProcessID":856,"ThreadID":2632},"Channel":"System","Computer":"IE8Win7","Security_attributes":{"UserID":"S-1-5-18"}},"EventData":{"updateTitle":"Security Update for Windows 7 (KB2423089)","updateGuid":"0DD685BA-A2F7-47BB-98F9-8B9F1DF9CA25","updateRevisionNumber":102}}}
{"Event_attributes":{"xmlns":"http://schemas.microsoft.com/win/2004/08/events/event"},"Event":{"System":{"Provider_attributes":{"Name":"Microsoft-Windows-WindowsUpdateClient","Guid":"945A8954-C147-4ACD-923F-40C45405A658"},"EventID":19,"Version":0,"Level":4,"Task":1,"Opcode":13,"Keywords":"0x8000000000000018","TimeCreated_attributes":{"SystemTime":"2013-10-23T17:45:31.256625Z"},"EventRecordID":1077,"Correlation":null,"Execution_attributes":{"ProcessID":856,"ThreadID":2632},"Channel":"System","Computer":"IE8Win7","Security_attributes":{"UserID":"S-1-5-18"}},"EventData":{"updateTitle":"Update for Windows 7 (KB2661254)","updateGuid":"1AACE7B6-89B7-4CE3-BD33-F00709907AFF","updateRevisionNumber":104}}}
{"Event_attributes":{"xmlns":"http://schemas.microsoft.com/win/2004/08/events/event"},"Event":{"System":{"Provider_attributes":{"Name":"Microsoft-Windows-WindowsUpdateClient","Guid":"945A8954-C147-4ACD-923F-40C45405A658"},"EventID":19,"Version":0,"Level":4,"Task":1,"Opcode":13,"Keywords":"0x8000000000000018","TimeCreated_attributes":{"SystemTime":"2013-10-23T17:45:31.256625Z"},"EventRecordID":1078,"Correlation":null,"Execution_attributes":{"ProcessID":856,"ThreadID":2632},"Channel":"System","Computer":"IE8Win7","Security_attributes":{"UserID":"S-1-5-18"}},"EventData":{"updateTitle":"Update for Windows 7 (KB2545698)","updateGuid":"7DD475B3-3DCE-40C6-88E0-833D9F72CFE4","updateRevisionNumber":100}}}
{"Event_attributes":{"xmlns":"http://schemas.microsoft.com/win/2004/08/events/event"},"Event":{"System":{"Provider_attributes":{"Name":"Microsoft-Windows-WindowsUpdateClient","Guid":"945A8954-C147-4ACD-923F-40C45405A658"},"EventID":19,"Version":0,"Level":4,"Task":1,"Opcode":13,"Keywords":"0x8000000000000018","TimeCreated_attributes":{"SystemTime":"2013-10-23T17:45:31.256625Z"},"EventRecordID":1079,"Correlation":null,"Execution_attributes":{"ProcessID":856,"ThreadID":2632},"Channel":"System","Computer":"IE8Win7","Security_attributes":{"UserID":"S-1-5-18"}},"EventData":{"updateTitle":"Cumulative Update for Media Center for Windows 7 (KB2284742)","updateGuid":"00CF51B3-E674-4F85-BD53-88A3B76011A9","updateRevisionNumber":101}}}
{"Event_attributes":{"xmlns":"http://schemas.microsoft.com/win/2004/08/events/event"},"Event":{"System":{"Provider_attributes":{"Name":"Microsoft-Windows-WindowsUpdateClient","Guid":"945A8954-C147-4ACD-923F-40C45405A658"},"EventID":19,"Version":0,"Level":4,"Task":1,"Opcode":13,"Keywords":"0x8000000000000018","TimeCreated_attributes":{"SystemTime":"2013-10-23T17:45:31.256625Z"},"EventRecordID":1080,"Correlation":null,"Execution_attributes":{"ProcessID":856,"ThreadID":2632},"Channel":"System","Computer":"IE8Win7","Security_attributes":{"UserID":"S-1-5-18"}},"EventData":{"updateTitle":"Security Update for Windows 7 (KB2579686)","updateGuid":"C971A1B2-937D-4E35-BEA6-1CDE18E9450A","updateRevisionNumber":102}}}
{"Event_attributes":{"xmlns":"http://schemas.microsoft.com/win/2004/08/events/event"},"Event":{"System":{"Provider_attributes":{"Name":"Microsoft-Windows-WindowsUpdateClient","Guid":"945A8954-C147-4ACD-923F-40C45405A658"},"EventID":19,"Version":0,"Level":4,"Task":1,"Opcode":13,"Keywords":"0x8000000000000018","TimeCreated_attributes":{"SystemTime":"2013-10-23T17:45:31.256625Z"},"EventRecordID":1081,"Correlation":null,"Execution_attributes":{"ProcessID":856,"ThreadID":2632},"Channel":"System","Computer":"IE8Win7","Security_attributes":{"UserID":"S-1-5-18"}},"EventData":{"updateTitle":"Cumulative Security Update for ActiveX Killbits for Windows 7 (KB2618451)","updateGuid":"FC3856B2-D22F-4255-A4E6-C11F508C3B99","updateRevisionNumber":104}}}
{"Event_attributes":{"xmlns":"http://schemas.microsoft.com/win/2004/08/events/event"},"Event":{"System":{"Provider_attributes":{"Name":"Microsoft-Windows-WindowsUpdateClient","Guid":"945A8954-C147-4ACD-923F-40C45405A658"},"EventID":19,"Version":0,"Level":4,"Task":1,"Opcode":13,"Keywords":"0x8000000000000018","TimeCreated_attributes":{"SystemTime":"2013-10-23T17:45:31.256625Z"},"EventRecordID":1082,"Correlation":null,"Execution_attributes":{"ProcessID":856,"ThreadID":2632},"Channel":"System","Computer":"IE8Win7","Security_attributes":{"UserID":"S-1-5-18"}},"EventData":{"updateTitle":"Update for Windows 7 (KB2660075)","updateGuid":"717DA6B1-45CE-4650-A2D9-8E7B4974667E","updateRevisionNumber":100}}}
{"Event_attributes":{"xmlns":"http://schemas.microsoft.com/win/2004/08/events/event"},"Event":{"System":{"Provider_attributes":{"Name":"Microsoft-Windows-WindowsUpdateClient","Guid":"945A8954-C147-4ACD-923F-40C45405A658"},"EventID":19,"Version":0,"Level":4,"Task":1,"Opcode":13,"Keywords":"0x8000000000000018","TimeCreated_attributes":{"SystemTime":"2013-10-23T17:45:31.256625Z"},"EventRecordID":1083,"Correlation":null,"Execution_attributes":{"ProcessID":856,"ThreadID":2632},"Channel":"System","Computer":"IE8Win7","Security_attributes":{"UserID":"S-1-5-18"}},"EventData":{"updateTitle":"Security Update for Windows 7 (KB2685939)","updateGuid":"778CD5AF-FC4A-463A-9F7F-A87E63A0B941","updateRevisionNumber":102}}}
{"Event_attributes":{"xmlns":"http://schemas.microsoft.com/win/2004/08/events/event"},"Event":{"System":{"Provider_attributes":{"Name":"Microsoft-Windows-WindowsUpdateClient","Guid":"945A8954-C147-4ACD-923F-40C45405A658"},"EventID":19,"Version":0,"Level":4,"Task":1,"Opcode":13,"Keywords":"0x8000000000000018","TimeCreated_attributes":{"SystemTime":"2013-10-23T17:45:31.256625Z"},"EventRecordID":1084,"Correlation":null,"Execution_attributes":{"ProcessID":856,"ThreadID":2632},"Channel":"System","Computer":"IE8Win7","Security_attributes":{"UserID":"S-1-5-18"}},"EventData":{"updateTitle":"Update for Internet Explorer 8 Compatibility View List for Windows 7 (KB2598845)","updateGuid":"C5BAACAE-CFDC-4C83-8F31-294C02DDED1F","updateRevisionNumber":100}}}
{"Event_attributes":{"xmlns":"http://schemas.microsoft.com/win/2004/08/events/event"},"Event":{"System":{"Provider_attributes":{"Name":"Microsoft-Windows-WindowsUpdateClient","Guid":"945A8954-C147-4ACD-923F-40C45405A658"},"EventID":19,"Version":0,"Level":4,"Task":1,"Opcode":13,"Keywords":"0x8000000000000018","TimeCreated_attributes":{"SystemTime":"2013-10-23T17:45:31.256625Z"},"EventRecordID":1085,"Correlation":null,"Execution_attributes":{"ProcessID":856,"ThreadID":2632},"Channel":"System","Computer":"IE8Win7","Security_attributes":{"UserID":"S-1-5-18"}},"EventData":{"updateTitle":"Security Update for Windows 7 (KB2532531)","updateGuid":"5498ABAD-2816-4D28-92CC-C08A3DFCE8E6","updateRevisionNumber":102}}}
{"Event_attributes":{"xmlns":"http://schemas.microsoft.com/win/2004/08/events/event"},"Event":{"System":{"Provider_attributes":{"Name":"Microsoft-Windows-WindowsUpdateClient","Guid":"945A8954-C147-4ACD-923F-40C45405A658"},"EventID":19,"Version":0,"Level":4,"Task":1,"Opcode":13,"Keywords":"0x8000000000000018","TimeCreated_attributes":{"SystemTime":"2013-10-23T17:45:31.256625Z"},"EventRecordID":1086,"Correlation":null,"Execution_attributes":{"ProcessID":856,"ThreadID":2632},"Channel":"System","Computer":"IE8Win7","Security_attributes":{"UserID":"S-1-5-18"}},"EventData":{"updateTitle":"Security Update for Windows 7 (KB2305420)","updateGuid":"F73D1AAD-0F00-4294-B050-C6799FED2239","updateRevisionNumber":104}}}
{"Event_attributes":{"xmlns":"http://schemas.microsoft.com/win/2004/08/events/event"},"Event":{"System":{"Provider_attributes":{"Name":"Microsoft-Windows-WindowsUpdateClient","Guid":"945A8954-C147-4ACD-923F-40C45405A658"},"EventID":19,"Version":0,"Level":4,"Task":1,"Opcode":13,"Keywords":"0x8000000000000018","TimeCreated_attributes":{"SystemTime":"2013-10-23T17:45:31.256625Z"},"EventRecordID":1087,"Correlation":null,"Execution_attributes":{"ProcessID":856,"ThreadID":2632},"Channel":"System","Computer":"IE8Win7","Security_attributes":{"UserID":"S-1-5-18"}},"EventData":{"updateTitle":"Security Update for Windows 7 (KB974571)","updateGuid":"EEC264AC-FBC7-4CC4-891B-7CC6AB5BFE0E","updateRevisionNumber":101}}}
{"Event_attributes":{"xmlns":"http://schemas.microsoft.com/win/2004/08/events/event"},"Event":{"System":{"Provider_attributes":{"Name":"Microsoft-Windows-WindowsUpdateClient","Guid":"945A8954-C147-4ACD-923F-40C45405A658"},"EventID":19,"Version":0,"Level":4,"Task":1,"Opcode":13,"Keywords":"0x8000000000000018","TimeCreated_attributes":{"SystemTime":"2013-10-23T17:45:31.256625Z"},"EventRecordID":1088,"Correlation":null,"Execution_attributes":{"ProcessID":856,"ThreadID":2632},"Channel":"System","Computer":"IE8Win7","Security_attributes":{"UserID":"S-1-5-18"}},"EventData":{"updateTitle":"Update for Windows 7 (KB980408)","updateGuid":"742999AB-2C8D-4BEA-B6E2-92D688B483D9","updateRevisionNumber":100}}}
{"Event_attributes":{"xmlns":"http://schemas.microsoft.com/win/2004/08/events/event"},"Event":{"System":{"Provider_attributes":{"Name":"Microsoft-Windows-WindowsUpdateClient","Guid":"945A8954-C147-4ACD-923F-40C45405A658"},"EventID":19,"Version":0,"Level":4,"Task":1,"Opcode":13,"Keywords":"0x8000000000000018","TimeCreated_attributes":{"SystemTime":"2013-10-23T17:45:31.256625Z"},"EventRecordID":1089,"Correlation":null,"Execution_attributes":{"ProcessID":856,"ThreadID":2632},"Channel":"System","Computer":"IE8Win7","Security_attributes":{"UserID":"S-1-5-18"}},"EventData":{"updateTitle":"Security Update for Windows 7 (KB982799)","updateGuid":"8DEC85AB-5C63-41C6-B5FE-6A01E3B2C123","updateRevisionNumber":101}}}
{"Event_attributes":{"xmlns":"http://schemas.microsoft.com/win/2004/08/events/event"},"Event":{"System":{"Provider_attributes":{"Name":"Microsoft-Windows-WindowsUpdateClient","Guid":"945A8954-C147-4ACD-923F-40C45405A658"},"EventID":19,"Version":0,"Level":4,"Task":1,"Opcode":13,"Keywords":"0x8000000000000018","TimeCreated_attributes":{"SystemTime":"2013-10-23T17:45:31.256625Z"},"EventRecordID":1090,"Correlation":null,"Execution_attributes":{"ProcessID":856,"ThreadID":2632},"Channel":"System","Computer":"IE8Win7","Security_attributes":{"UserID":"S-1-5-18"}},"EventData":{"updateTitle":"Security Update for Windows 7 (KB978542)","updateGuid":"4A4542AB-3356-4F7D-8192-AC627DBBE26E","updateRevisionNumber":101}}}
{"Event_attributes":{"xmlns":"http://schemas.microsoft.com/win/2004/08/events/event"},"Event":{"System":{"Provider_attributes":{"Name":"Microsoft-Windows-WindowsUpdateClient","Guid":"945A8954-C147-4ACD-923F-40C45405A658"},"EventID":19,"Version":0,"Level":4,"Task":1,"Opcode":13,"Keywords":"0x8000000000000018","TimeCreated_attributes":{"SystemTime":"2013-10-23T17:45:31.256625Z"},"EventRecordID":1091,"Correlation":null,"Execution_attributes":{"ProcessID":856,"ThreadID":2632},"Channel":"System","Computer":"IE8Win7","Security_attributes":{"UserID":"S-1-5-18"}},"EventData":{"updateTitle":"Security Update for Windows 7 (KB2655992)","updateGuid":"782F25AB-150D-496B-B816-243EF111AB34","updateRevisionNumber":108}}}
{"Event_attributes":{"xmlns":"http://schemas.microsoft.com/win/2004/08/events/event"},"Event":{"System":{"Provider_attributes":{"Name":"Microsoft-Windows-WindowsUpdateClient","Guid":"945A8954-C147-4ACD-923F-40C45405A658"},"EventID":19,"Version":0,"Level":4,"Task":1,"Opcode":13,"Keywords":"0x8000000000000018","TimeCreated_attributes":{"SystemTime":"2013-10-23T17:45:31.256625Z"},"EventRecordID":1092,"Correlation":null,"Execution_attributes":{"ProcessID":856,"ThreadID":2632},"Channel":"System","Computer":"IE8Win7","Security_attributes":{"UserID":"S-1-5-18"}},"EventData":{"updateTitle":"Security Update for Windows 7 (KB2719985)","updateGuid":"8F6403AA-2B30-4848-BDB7-E6BA0FA6AFD6","updateRevisionNumber":104}}}
{"Event_attributes":{"xmlns":"http://schemas.microsoft.com/win/2004/08/events/event"},"Event":{"System":{"Provider_attributes":{"Name":"Microsoft-Windows-WindowsUpdateClient","Guid":"945A8954-C147-4ACD-923F-40C45405A658"},"EventID":19,"Version":0,"Level":4,"Task":1,"Opcode":13,"Keywords":"0x8000000000000018","TimeCreated_attributes":{"SystemTime":"2013-10-23T17:45:31.256625Z"},"EventRecordID":1093,"Correlation":null,"Execution_attributes":{"ProcessID":856,"ThreadID":2632},"Channel":"System","Computer":"IE8Win7","Security_attributes":{"UserID":"S-1-5-18"}},"EventData":{"updateTitle":"Security Update for Windows 7 (KB2536276)","updateGuid":"1C2A95A3-2F44-432B-A276-EA23ECE8A351","updateRevisionNumber":102}}}
{"Event_attributes":{"xmlns":"http://schemas.microsoft.com/win/2004/08/events/event"},"Event":{"System":{"Provider_attributes":{"Name":"Microsoft-Windows-WindowsUpdateClient","Guid":"945A8954-C147-4ACD-923F-40C45405A658"},"EventID":19,"Version":0,"Level":4,"Task":1,"Opcode":13,"Keywords":"0x8000000000000018","TimeCreated_attributes":{"SystemTime":"2013-10-23T17:45:31.256625Z"},"EventRecordID":1094,"Correlation":null,"Execution_attributes":{"ProcessID":856,"ThreadID":2632},"Channel":"System","Computer":"IE8Win7","Security_attributes":{"UserID":"S-1-5-18"}},"EventData":{"updateTitle":"Security Update for Windows 7 (KB2564958)","updateGuid":"92F745A2-C314-4A42-998C-DD611478B9B3","updateRevisionNumber":101}}}
{"Event_attributes":{"xmlns":"http://schemas.microsoft.com/win/2004/08/events/event"},"Event":{"System":{"Provider_attributes":{"Name":"Microsoft-Windows-WindowsUpdateClient","Guid":"945A8954-C147-4ACD-923F-40C45405A658"},"EventID":19,"Version":0,"Level":4,"Task":1,"Opcode":13,"Keywords":"0x8000000000000018","TimeCreated_attributes":{"SystemTime":"2013-10-23T17:45:31.256625Z"},"EventRecordID":1095,"Correlation":null,"Execution_attributes":{"ProcessID":856,"ThreadID":2632},"Channel":"System","Computer":"IE8Win7","Security_attributes":{"UserID":"S-1-5-18"}},"EventData":{"updateTitle":"Update for Windows 7 (KB2761217)","updateGuid":"9B9C26A1-94A0-49E0-83C5-C1BAD058A20C","updateRevisionNumber":200}}}
{"Event_attributes":{"xmlns":"http://schemas.microsoft.com/win/2004/08/events/event"},"Event":{"System":{"Provider_attributes":{"Name":"Microsoft-Windows-WindowsUpdateClient","Guid":"945A8954-C147-4ACD-923F-40C45405A658"},"EventID":19,"Version":0,"Level":4,"Task":1,"Opcode":13,"Keywords":"0x8000000000000018","TimeCreated_attributes":{"SystemTime":"2013-10-23T17:45:31.256625Z"},"EventRecordID":1096,"Correlation":null,"Execution_attributes":{"ProcessID":856,"ThreadID":2632},"Channel":"System","Computer":"IE8Win7","Security_attributes":{"UserID":"S-1-5-18"}},"EventData":{"updateTitle":"Security Update for Windows 7 (KB2419640)","updateGuid":"1EC1CA9F-50CF-4714-815D-6B4C4B1C45BC","updateRevisionNumber":103}}}
{"Event_attributes":{"xmlns":"http://schemas.microsoft.com/win/2004/08/events/event"},"Event":{"System":{"Provider_attributes":{"Name":"Microsoft-Windows-WindowsUpdateClient","Guid":"945A8954-C147-4ACD-923F-40C45405A658"},"EventID":19,"Version":0,"Level":4,"Task":1,"Opcode":13,"Keywords":"0x8000000000000018","TimeCreated_attributes":{"SystemTime":"2013-10-23T17:45:31.256625Z"},"EventRecordID":1097,"Correlation":null,"Execution_attributes":{"ProcessID":856,"ThreadID":2632},"Channel":"System","Computer":"IE8Win7","Security_attributes":{"UserID":"S-1-5-18"}},"EventData":{"updateTitle":"Security Update for Windows 7 (KB2660649)","updateGuid":"05D78C9C-4406-4167-B387-377F8CA6FBC7","updateRevisionNumber":105}}}
{"Event_attributes":{"xmlns":"http://schemas.microsoft.com/win/2004/08/events/event"},"Event":{"System":{"Provider_attributes":{"Name":"Microsoft-Windows-WindowsUpdateClient","Guid":"945A8954-C147-4ACD-923F-40C45405A658"},"EventID":19,"Version":0,"Level":4,"Task":1,"Opcode":13,"Keywords":"0x8000000000000018","TimeCreated_attributes":{"SystemTime":"2013-10-23T17:45:31.256625Z"},"EventRecordID":1098,"Correlation":null,"Execution_attributes":{"ProcessID":856,"ThreadID":2632},"Channel":"System","Computer":"IE8Win7","Security_attributes":{"UserID":"S-1-5-18"}},"EventData":{"updateTitle":"Security Update for Windows 7 (KB2813347)","updateGuid":"E31F669C-CC33-40A3-954C-47BD3C6FA68E","updateRevisionNumber":202}}}
{"Event_attributes":{"xmlns":"http://schemas.microsoft.com/win/2004/08/events/event"},"Event":{"System":{"Provider_attributes":{"Name":"Microsoft-Windows-WindowsUpdateClient","Guid":"945A8954-C147-4ACD-923F-40C45405A658"},"EventID":19,"Version":0,"Level":4,"Task":1,"Opcode":13,"Keywords":"0x8000000000000018","TimeCreated_attributes":{"SystemTime":"2013-10-23T17:45:31.256625Z"},"EventRecordID":1099,"Correlation":null,"Execution_attributes":{"ProcessID":856,"ThreadID":2632},"Channel":"System","Computer":"IE8Win7","Security_attributes":{"UserID":"S-1-5-18"}},"EventData":{"updateTitle":"Security Update for Windows 7 (KB2535512)","updateGuid":"FECC2A9C-8B48-4C42-95D9-3109977B5B6D","updateRevisionNumber":102}}}
{"Event_attributes":{"xmlns":"http://schemas.microsoft.com/win/2004/08/events/event"},"Event":{"System":{"Provider_attributes":{"Name":"Microsoft-Windows-WindowsUpdateClient","Guid":"945A8954-C147-4ACD-923F-40C45405A658"},"EventID":19,"Version":0,"Level":4,"Task":1,"Opcode":13,"Keywords":"0x8000000000000018","TimeCreated_attributes":{"SystemTime":"2013-10-23T17:45:31.256625Z"},"EventRecordID":1100,"Correlation":null,"Execution_attributes":{"ProcessID":856,"ThreadID":2632},"Channel":"System","Computer":"IE8Win7","Security_attributes":{"UserID":"S-1-5-18"}},"EventData":{"updateTitle":"Update for Windows 7 (KB980846)","updateGuid":"C3E63499-B356-41FB-8888-2B2EEC7B3077","updateRevisionNumber":100}}}
{"Event_attributes":{"xmlns":"http://schemas.microsoft.com/win/2004/08/events/event"},"Event":{"System":{"Provider_attributes":{"Name":"Microsoft-Windows-WindowsUpdateClient","Guid":"945A8954-C147-4ACD-923F-40C45405A658"},"EventID":19,"Version":0,"Level":4,"Task":1,"Opcode":13,"Keywords":"0x8000000000000018","TimeCreated_attributes":{"SystemTime":"2013-10-23T17:45:31.256625Z"},"EventRecordID":1101,"Correlation":null,"Execution_attributes":{"ProcessID":856,"ThreadID":2632},"Channel":"System","Computer":"IE8Win7","Security_attributes":{"UserID":"S-1-5-18"}},"EventData":{"updateTitle":"Security Update for Microsoft .NET Framework 3.5.1 on Windows 7 x86 (KB2736418)","updateGuid":"AA39A096-7ECB-425E-95B8-822A2AF8A777","updateRevisionNumber":201}}}
{"Event_attributes":{"xmlns":"http://schemas.microsoft.com/win/2004/08/events/event"},"Event":{"System":{"Provider_attributes":{"Name":"Microsoft-Windows-WindowsUpdateClient","Guid":"945A8954-C147-4ACD-923F-40C45405A658"},"EventID":19,"Version":0,"Level":4,"Task":1,"Opcode":13,"Keywords":"0x8000000000000018","TimeCreated_attributes":{"SystemTime":"2013-10-23T17:45:31.256625Z"},"EventRecordID":1102,"Correlation":null,"Execution_attributes":{"ProcessID":856,"ThreadID":2632},"Channel":"System","Computer":"IE8Win7","Security_attributes":{"UserID":"S-1-5-18"}},"EventData":{"updateTitle":"Security Update for Windows 7 (KB2757638)","updateGuid":"4D517B96-390A-496B-856B-F57037389AAA","updateRevisionNumber":201}}}
{"Event_attributes":{"xmlns":"http://schemas.microsoft.com/win/2004/08/events/event"},"Event":{"System":{"Provider_attributes":{"Name":"Microsoft-Windows-WindowsUpdateClient","Guid":"945A8954-C147-4ACD-923F-40C45405A658"},"EventID":19,"Version":0,"Level":4,"Task":1,"Opcode":13,"Keywords":"0x8000000000000018","TimeCreated_attributes":{"SystemTime":"2013-10-23T17:45:31.256625Z"},"EventRecordID":1103,"Correlation":null,"Execution_attributes":{"ProcessID":856,"ThreadID":2632},"Channel":"System","Computer":"IE8Win7","Security_attributes":{"UserID":"S-1-5-18"}},"EventData":{"updateTitle":"Security Update for Windows 7 (KB2544893)","updateGuid":"3A3DF894-049C-4173-B83E-64032C204DED","updateRevisionNumber":101}}}
{"Event_attributes":{"xmlns":"http://schemas.microsoft.com/win/2004/08/events/event"},"Event":{"System":{"Provider_attributes":{"Name":"Microsoft-Windows-WindowsUpdateClient","Guid":"945A8954-C147-4ACD-923F-40C45405A658"},"EventID":19,"Version":0,"Level":4,"Task":1,"Opcode":13,"Keywords":"0x8000000000000018","TimeCreated_attributes":{"SystemTime":"2013-10-23T17:45:31.272250Z"},"EventRecordID":1104,"Correlation":null,"Execution_attributes":{"ProcessID":856,"ThreadID":2632},"Channel":"System","Computer":"IE8Win7","Security_attributes":{"UserID":"S-1-5-18"}},"EventData":{"updateTitle":"Update for Windows 7 (KB974431)","updateGuid":"8B537C94-0619-47D5-AA7B-F2F85D5C9A57","updateRevisionNumber":105}}}
{"Event_attributes":{"xmlns":"http://schemas.microsoft.com/win/2004/08/events/event"},"Event":{"System":{"Provider_attributes":{"Name":"Microsoft-Windows-WindowsUpdateClient","Guid":"945A8954-C147-4ACD-923F-40C45405A658"},"EventID":19,"Version":0,"Level":4,"Task":1,"Opcode":13,"Keywords":"0x8000000000000018","TimeCreated_attributes":{"SystemTime":"2013-10-23T17:45:31.272250Z"},"EventRecordID":1105,"Correlation":null,"Execution_attributes":{"ProcessID":856,"ThreadID":2632},"Channel":"System","Computer":"IE8Win7","Security_attributes":{"UserID":"S-1-5-18"}},"EventData":{"updateTitle":"Security Update for Windows 7 (KB2659262)","updateGuid":"F2A3F693-AE8F-4E47-90DD-CC4DDF4D3842","updateRevisionNumber":104}}}
{"Event_attributes":{"xmlns":"http://schemas.microsoft.com/win/2004/08/events/event"},"Event":{"System":{"Provider_attributes":{"Name":"Microsoft-Windows-WindowsUpdateClient","Guid":"945A8954-C147-4ACD-923F-40C45405A658"},"EventID":19,"Version":0,"Level":4,"Task":1,"Opcode":13,"Keywords":"0x8000000000000018","TimeCreated_attributes":{"SystemTime":"2013-10-23T17:45:31.272250Z"},"EventRecordID":1106,"Correlation":null,"Execution_attributes":{"ProcessID":856,"ThreadID":2632},"Channel":"System","Computer":"IE8Win7","Security_attributes":{"UserID":"S-1-5-18"}},"EventData":{"updateTitle":"Security Update for Microsoft .NET Framework 3.5.1 on Windows 7 x86 (KB2656410)","updateGuid":"68284093-8E68-4D05-9206-EC2F4288FCF9","updateRevisionNumber":105}}}
{"Event_attributes":{"xmlns":"http://schemas.microsoft.com/win/2004/08/events/event"},"Event":{"System":{"Provider_attributes":{"Name":"Microsoft-Windows-WindowsUpdateClient","Guid":"945A8954-C147-4ACD-923F-40C45405A658"},"EventID":19,"Version":0,"Level":4,"Task":1,"Opcode":13,"Keywords":"0x8000000000000018","TimeCreated_attributes":{"SystemTime":"2013-10-23T17:45:31.272250Z"},"EventRecordID":1107,"Correlation":null,"Execution_attributes":{"ProcessID":856,"ThreadID":2632},"Channel":"System","Computer":"IE8Win7","Security_attributes":{"UserID":"S-1-5-18"}},"EventData":{"updateTitle":"Security Update for Windows 7 (KB979482)","updateGuid":"816F2893-47A4-422F-87C3-92FC9B967BB2","updateRevisionNumber":103}}}
{"Event_attributes":{"xmlns":"http://schemas.microsoft.com/win/2004/08/events/event"},"Event":{"System":{"Provider_attributes":{"Name":"Microsoft-Windows-WindowsUpdateClient","Guid":"945A8954-C147-4ACD-923F-40C45405A658"},"EventID":19,"Version":0,"Level":4,"Task":1,"Opcode":13,"Keywords":"0x8000000000000018","TimeCreated_attributes":{"SystemTime":"2013-10-23T17:45:31.272250Z"},"EventRecordID":1108,"Correlation":null,"Execution_attributes":{"ProcessID":856,"ThreadID":2632},"Channel":"System","Computer":"IE8Win7","Security_attributes":{"UserID":"S-1-5-18"}},"EventData":{"updateTitle":"Security Update for Windows 7 (KB2296011)","updateGuid":"043AD490-378D-449F-807E-196DCB97ED1E","updateRevisionNumber":102}}}
{"Event_attributes":{"xmlns":"http://schemas.microsoft.com/win/2004/08/events/event"},"Event":{"System":{"Provider_attributes":{"Name":"Microsoft-Windows-WindowsUpdateClient","Guid":"945A8954-C147-4ACD-923F-40C45405A658"},"EventID":19,"Version":0,"Level":4,"Task":1,"Opcode":13,"Keywords":"0x8000000000000018","TimeCreated_attributes":{"SystemTime":"2013-10-23T17:45:31.272250Z"},"EventRecordID":1109,"Correlation":null,"Execution_attributes":{"ProcessID":856,"ThreadID":2632},"Channel":"System","Computer":"IE8Win7","Security_attributes":{"UserID":"S-1-5-18"}},"EventData":{"updateTitle":"Update for Windows 7 (KB2729094)","updateGuid":"49874C8B-3F7D-4CFD-B69C-01A6B38D3591","updateRevisionNumber":201}}}
{"Event_attributes":{"xmlns":"http://schemas.microsoft.com/win/2004/08/events/event"},"Event":{"System":{"Provider_attributes":{"Name":"Microsoft-Windows-WindowsUpdateClient","Guid":"945A8954-C147-4ACD-923F-40C45405A658"},"EventID":19,"Version":0,"Level":4,"Task":1,"Opcode":13,"Keywords":"0x8000000000000018","TimeCreated_attributes":{"SystemTime":"2013-10-23T17:45:31.272250Z"},"EventRecordID":1110,"Correlation":null,"Execution_attributes":{"ProcessID":856,"ThreadID":2632},"Channel":"System","Computer":"IE8Win7","Security_attributes":{"UserID":"S-1-5-18"}},"EventData":{"updateTitle":"Security Update for Windows 7 (KB2387149)","updateGuid":"CB11198B-4550-4021-9B79-6E3BE6C558E4","updateRevisionNumber":102}}}
{"Event_attributes":{"xmlns":"http://schemas.microsoft.com/win/2004/08/events/event"},"Event":{"System":{"Provider_attributes":{"Name":"Microsoft-Windows-WindowsUpdateClient","Guid":"945A8954-C147-4ACD-923F-40C45405A658"},"EventID":19,"Version":0,"Level":4,"Task":1,"Opcode":13,"Keywords":"0x8000000000000018","TimeCreated_attributes":{"SystemTime":"2013-10-23T17:45:31.272250Z"},"EventRecordID":1111,"Correlation":null,"Execution_attributes":{"ProcessID":856,"ThreadID":2632},"Channel":"System","Computer":"IE8Win7","Security_attributes":{"UserID":"S-1-5-18"}},"EventData":{"updateTitle":"Security Update for Windows 7 (KB2790655)","updateGuid":"E01AC089-B1C8-4B76-8405-2C16ED2EB12B","updateRevisionNumber":202}}}
{"Event_attributes":{"xmlns":"http://schemas.microsoft.com/win/2004/08/events/event"},"Event":{"System":{"Provider_attributes":{"Name":"Microsoft-Windows-WindowsUpdateClient","Guid":"945A8954-C147-4ACD-923F-40C45405A658"},"EventID":19,"Version":0,"Level":4,"Task":1,"Opcode":13,"Keywords":"0x8000000000000018","TimeCreated_attributes":{"SystemTime":"2013-10-23T17:45:31.272250Z"},"EventRecordID":1112,"Correlation":null,"Execution_attributes":{"ProcessID":856,"ThreadID":2632},"Channel":"System","Computer":"IE8Win7","Security_attributes":{"UserID":"S-1-5-18"}},"EventData":{"updateTitle":"Security Update for Windows 7 (KB2378111)","updateGuid":"CBB3F884-A410-4DF0-89F6-7B4060B600CF","updateRevisionNumber":103}}}
{"Event_attributes":{"xmlns":"http://schemas.microsoft.com/win/2004/08/events/event"},"Event":{"System":{"Provider_attributes":{"Name":"Microsoft-Windows-WindowsUpdateClient","Guid":"945A8954-C147-4ACD-923F-40C45405A658"},"EventID":19,"Version":0,"Level":4,"Task":1,"Opcode":13,"Keywords":"0x8000000000000018","TimeCreated_attributes":{"SystemTime":"2013-10-23T17:45:31.272250Z"},"EventRecordID":1113,"Correlation":null,"Execution_attributes":{"ProcessID":856,"ThreadID":2632},"Channel":"System","Computer":"IE8Win7","Security_attributes":{"UserID":"S-1-5-18"}},"EventData":{"updateTitle":"Security Update for Windows 7 (KB2584146)","updateGuid":"B889C381-B194-434F-9AF8-3626B4186601","updateRevisionNumber":104}}}
{"Event_attributes":{"xmlns":"http://schemas.microsoft.com/win/2004/08/events/event"},"Event":{"System":{"Provider_attributes":{"Name":"Microsoft-Windows-WindowsUpdateClient","Guid":"945A8954-C147-4ACD-923F-40C45405A658"},"EventID":19,"Version":0,"Level":4,"Task":1,"Opcode":13,"Keywords":"0x8000000000000018","TimeCreated_attributes":{"SystemTime":"2013-10-23T17:45:31.272250Z"},"EventRecordID":1114,"Correlation":null,"Execution_attributes":{"ProcessID":856,"ThreadID":2632},"Channel":"System","Computer":"IE8Win7","Security_attributes":{"UserID":"S-1-5-18"}},"EventData":{"updateTitle":"Update for Windows 7 (KB2726535)","updateGuid":"685A1981-9C35-408C-9026-327C12D93DCF","updateRevisionNumber":200}}}
{"Event_attributes":{"xmlns":"http://schemas.microsoft.com/win/2004/08/events/event"},"Event":{"System":{"Provider_attributes":{"Name":"Microsoft-Windows-WindowsUpdateClient","Guid":"945A8954-C147-4ACD-923F-40C45405A658"},"EventID":19,"Version":0,"Level":4,"Task":1,"Opcode":13,"Keywords":"0x8000000000000018","TimeCreated_attributes":{"SystemTime":"2013-10-23T17:45:31.272250Z"},"EventRecordID":1115,"Correlation":null,"Execution_attributes":{"ProcessID":856,"ThreadID":2632},"Channel":"System","Computer":"IE8Win7","Security_attributes":{"UserID":"S-1-5-18"}},"EventData":{"updateTitle":"Update for Windows 7 (KB2547666)","updateGuid":"A919297F-B778-499C-AFED-BE2EB7B26E0B","updateRevisionNumber":100}}}
{"Event_attributes":{"xmlns":"http://schemas.microsoft.com/win/2004/08/events/event"},"Event":{"System":{"Provider_attributes":{"Name":"Microsoft-Windows-WindowsUpdateClient","Guid":"945A8954-C147-4ACD-923F-40C45405A658"},"EventID":19,"Version":0,"Level":4,"Task":1,"Opcode":13,"Keywords":"0x8000000000000018","TimeCreated_attributes":{"SystemTime":"2013-10-23T17:45:31.272250Z"},"EventRecordID":1116,"Correlation":null,"Execution_attributes":{"ProcessID":856,"ThreadID":2632},"Channel":"System","Computer":"IE8Win7","Security_attributes":{"UserID":"S-1-5-18"}},"EventData":{"updateTitle":"Security Update for Microsoft .NET Framework 3.5.1 on Windows 7 x86 (KB2656355)","updateGuid":"7E81E37E-DAF0-4B9B-BF54-F48E74EB1012","updateRevisionNumber":104}}}
{"Event_attributes":{"xmlns":"http://schemas.microsoft.com/win/2004/08/events/event"},"Event":{"System":{"Provider_attributes":{"Name":"Microsoft-Windows-WindowsUpdateClient","Guid":"945A8954-C147-4ACD-923F-40C45405A658"},"EventID":19,"Version":0,"Level":4,"Task":1,"Opcode":13,"Keywords":"0x8000000000000018","TimeCreated_attributes":{"SystemTime":"2013-10-23T17:45:31.272250Z"},"EventRecordID":1117,"Correlation":null,"Execution_attributes":{"ProcessID":856,"ThreadID":2632},"Channel":"System","Computer":"IE8Win7","Security_attributes":{"UserID":"S-1-5-18"}},"EventData":{"updateTitle":"Security Update for Windows 7 (KB2698365)","updateGuid":"8AA68C7B-EDB4-4B5B-AB79-9748FDD5547D","updateRevisionNumber":106}}}
{"Event_attributes":{"xmlns":"http://schemas.microsoft.com/win/2004/08/events/event"},"Event":{"System":{"Provider_attributes":{"Name":"Microsoft-Windows-WindowsUpdateClient","Guid":"945A8954-C147-4ACD-923F-40C45405A658"},"EventID":19,"Version":0,"Level":4,"Task":1,"Opcode":13,"Keywords":"0x8000000000000018","TimeCreated_attributes":{"SystemTime":"2013-10-23T17:45:31.272250Z"},"EventRecordID":1118,"Correlation":null,"Execution_attributes":{"ProcessID":856,"ThreadID":2632},"Channel":"System","Computer":"IE8Win7","Security_attributes":{"UserID":"S-1-5-18"}},"EventData":{"updateTitle":"Security Update for Windows 7 (KB2676562)","updateGuid":"D4086C7B-D238-4790-B160-C01AF8350D94","updateRevisionNumber":106}}}
{"Event_attributes":{"xmlns":"http://schemas.microsoft.com/win/2004/08/events/event"},"Event":{"System":{"Provider_attributes":{"Name":"Microsoft-Windows-WindowsUpdateClient","Guid":"945A8954-C147-4ACD-923F-40C45405A658"},"EventID":19,"Version":0,"Level":4,"Task":1,"Opcode":13,"Keywords":"0x8000000000000018","TimeCreated_attributes":{"SystemTime":"2013-10-23T17:45:31.272250Z"},"EventRecordID":1119,"Correlation":null,"Execution_attributes":{"ProcessID":856,"ThreadID":2632},"Channel":"System","Computer":"IE8Win7","Security_attributes":{"UserID":"S-1-5-18"}},"EventData":{"updateTitle":"Security Update for Windows 7 (KB2491683)","updateGuid":"4404417B-65B1-4E0B-BA49-E5DCFF83AF11","updateRevisionNumber":101}}}
{"Event_attributes":{"xmlns":"http://schemas.microsoft.com/win/2004/08/events/event"},"Event":{"System":{"Provider_attributes":{"Name":"Microsoft-Windows-WindowsUpdateClient","Guid":"945A8954-C147-4ACD-923F-40C45405A658"},"EventID":19,"Version":0,"Level":4,"Task":1,"Opcode":13,"Keywords":"0x8000000000000018","TimeCreated_attributes":{"SystemTime":"2013-10-23T17:45:31.272250Z"},"EventRecordID":1120,"Correlation":null,"Execution_attributes":{"ProcessID":856,"ThreadID":2632},"Channel":"System","Computer":"IE8Win7","Security_attributes":{"UserID":"S-1-5-18"}},"EventData":{"updateTitle":"Security Update for Windows 7 (KB972270)","updateGuid":"E52DF778-FD81-43D5-9FB3-63F750EBF93B","updateRevisionNumber":105}}}
{"Event_attributes":{"xmlns":"http://schemas.microsoft.com/win/2004/08/events/event"},"Event":{"System":{"Provider_attributes":{"Name":"Microsoft-Windows-WindowsUpdateClient","Guid":"945A8954-C147-4ACD-923F-40C45405A658"},"EventID":19,"Version":0,"Level":4,"Task":1,"Opcode":13,"Keywords":"0x8000000000000018","TimeCreated_attributes":{"SystemTime":"2013-10-23T17:45:31.272250Z"},"EventRecordID":1121,"Correlation":null,"Execution_attributes":{"ProcessID":856,"ThreadID":2632},"Channel":"System","Computer":"IE8Win7","Security_attributes":{"UserID":"S-1-5-18"}},"EventData":{"updateTitle":"Update for Windows 7 (KB2732500)","updateGuid":"E68D5777-3A8E-4B89-8C8A-9E1475C20378","updateRevisionNumber":201}}}
{"Event_attributes":{"xmlns":"http://schemas.microsoft.com/win/2004/08/events/event"},"Event":{"System":{"Provider_attributes":{"Name":"Microsoft-Windows-WindowsUpdateClient","Guid":"945A8954-C147-4ACD-923F-40C45405A658"},"EventID":19,"Version":0,"Level":4,"Task":1,"Opcode":13,"Keywords":"0x8000000000000018","TimeCreated_attributes":{"SystemTime":"2013-10-23T17:45:31.272250Z"},"EventRecordID":1122,"Correlation":null,"Execution_attributes":{"ProcessID":856,"ThreadID":2632},"Channel":"System","Computer":"IE8Win7","Security_attributes":{"UserID":"S-1-5-18"}},"EventData":{"updateTitle":"Security Update for Windows 7 (KB2619339)","updateGuid":"D88E7175-BA36-4179-8589-13080120E49A","updateRevisionNumber":101}}}
{"Event_attributes":{"xmlns":"http://schemas.microsoft.com/win/2004/08/events/event"},"Event":{"System":{"Provider_attributes":{"Name":"Microsoft-Windows-WindowsUpdateClient","Guid":"945A8954-C147-4ACD-923F-40C45405A658"},"EventID":19,"Version":0,"Level":4,"Task":1,"Opcode":13,"Keywords":"0x8000000000000018","TimeCreated_attributes":{"SystemTime":"2013-10-23T17:45:31.272250Z"},"EventRecordID":1123,"Correlation":null,"Execution_attributes":{"ProcessID":856,"ThreadID":2632},"Channel":"System","Computer":"IE8Win7","Security_attributes":{"UserID":"S-1-5-18"}},"EventData":{"updateTitle":"Security Update for Windows 7 (KB2705219)","updateGuid":"941F5075-A984-41E0-880A-D841014D6491","updateRevisionNumber":201}}}
{"Event_attributes":{"xmlns":"http://schemas.microsoft.com/win/2004/08/events/event"},"Event":{"System":{"Provider_attributes":{"Name":"Microsoft-Windows-WindowsUpdateClient","Guid":"945A8954-C147-4ACD-923F-40C45405A658"},"EventID":19,"Version":0,"Level":4,"Task":1,"Opcode":13,"Keywords":"0x8000000000000018","TimeCreated_attributes":{"SystemTime":"2013-10-23T17:45:31.272250Z"},"EventRecordID":1124,"Correlation":null,"Execution_attributes":{"ProcessID":856,"ThreadID":2632},"Channel":"System","Computer":"IE8Win7","Security_attributes":{"UserID":"S-1-5-18"}},"EventData":{"updateTitle":"Update for Windows 7 (KB2522422)","updateGuid":"2B7B3974-3F22-4CD1-861A-4DF3A75997B5","updateRevisionNumber":101}}}
{"Event_attributes":{"xmlns":"http://schemas.microsoft.com/win/2004/08/events/event"},"Event":{"System":{"Provider_attributes":{"Name":"Microsoft-Windows-WindowsUpdateClient","Guid":"945A8954-C147-4ACD-923F-40C45405A658"},"EventID":19,"Version":0,"Level":4,"Task":1,"Opcode":13,"Keywords":"0x8000000000000018","TimeCreated_attributes":{"SystemTime":"2013-10-23T17:45:31.272250Z"},"EventRecordID":1125,"Correlation":null,"Execution_attributes":{"ProcessID":856,"ThreadID":2632},"Channel":"System","Computer":"IE8Win7","Security_attributes":{"UserID":"S-1-5-18"}},"EventData":{"updateTitle":"Update for Windows 7 (KB2703157)","updateGuid":"EE49F473-15FF-4172-AAC4-E8F135CB0579","updateRevisionNumber":101}}}
{"Event_attributes":{"xmlns":"http://schemas.microsoft.com/win/2004/08/events/event"},"Event":{"System":{"Provider_attributes":{"Name":"Microsoft-Windows-WindowsUpdateClient","Guid":"945A8954-C147-4ACD-923F-40C45405A658"},"EventID":19,"Version":0,"Level":4,"Task":1,"Opcode":13,"Keywords":"0x8000000000000018","TimeCreated_attributes":{"SystemTime":"2013-10-23T17:45:31.272250Z"},"EventRecordID":1126,"Correlation":null,"Execution_attributes":{"ProcessID":856,"ThreadID":2632},"Channel":"System","Computer":"IE8Win7","Security_attributes":{"UserID":"S-1-5-18"}},"EventData":{"updateTitle":"Security Update for Windows 7 (KB977165)","updateGuid":"9BCA5A73-CC9A-4F6B-A5B4-FD7CB4B3E122","updateRevisionNumber":100}}}
