{"Event_attributes":{"xmlns":"http://schemas.microsoft.com/win/2004/08/events/event"},"Event":{"System":{"Provider_attributes":{"Name":"Microsoft-Windows-Search","Guid":"{CA4E628D-8567-4896-AB6B-835B221F373F}","EventSourceName":"Windows Search Service"},"EventID_attributes":{"Qualifiers":16384},"EventID":1005,"Version":0,"Level":4,"Task":1,"Opcode":0,"Keywords":"0x80000000000000","TimeCreated_attributes":{"SystemTime":"2013-10-23T19:47:28.000000Z"},"EventRecordID":591,"Correlation":null,"Execution_attributes":{"ProcessID":0,"ThreadID":0},"Channel":"Application","Computer":"IE8Win7","Security":null},"EventData":{"ExtraInfo":"\n"}}}
{"Event_attributes":{"xmlns":"http://schemas.microsoft.com/win/2004/08/events/event"},"Event":{"System":{"Provider_attributes":{"Name":"Microsoft-Windows-Search","Guid":"{CA4E628D-8567-4896-AB6B-835B221F373F}","EventSourceName":"Windows Search Service"},"EventID_attributes":{"Qualifiers":16384},"EventID":1003,"Version":0,"Level":4,"Task":1,"Opcode":0,"Keywords":"0x80000000000000","TimeCreated_attributes":{"SystemTime":"2013-10-23T19:47:28.000000Z"},"EventRecordID":592,"Correlation":null,"Execution_attributes":{"ProcessID":0,"ThreadID":0},"Channel":"Application","Computer":"IE8Win7","Security":null},"EventData":{"ExtraInfo":"\n"}}}
{"Event_attributes":{"xmlns":"http://schemas.microsoft.com/win/2004/08/events/event"},"Event":{"System":{"Provider_attributes":{"Name":"SecurityCenter"},"EventID_attributes":{"Qualifiers":0},"EventID":1,"Level":4,"Task":0,"Keywords":"0x80000000000000","TimeCreated_attributes":{"SystemTime":"2013-10-23T19:49:30.000000Z"},"EventRecordID":593,"Channel":"Application","Computer":"IE8Win7","Security":null},"EventData":{"Data":{"#text":""},"Binary":null}}}
{"Event_attributes":{"xmlns":"http://schemas.microsoft.com/win/2004/08/events/event"},"Event":{"System":{"Provider_attributes":{"Name":"System Restore"},"EventID_attributes":{"Qualifiers":0},"EventID":8194,"Level":4,"Task":0,"Keywords":"0x80000000000000","TimeCreated_attributes":{"SystemTime":"2013-10-23T19:50:12.000000Z"},"EventRecordID":594,"Channel":"Application","Computer":"IE8Win7","Security":null},"EventData":{"Data":{"#text":["C:\\Windows\\system32\\svchost.exe -k netsvcs","Windows Update"]},"Binary":"00000000A1010000970100000000000022CE28677C6DDA79E28C1C000000000000000000"}}}
{"Event_attributes":{"xmlns":"http://schemas.microsoft.com/win/2004/08/events/event"},"Event":{"System":{"Provider_attributes":{"Name":"VSS"},"EventID_attributes":{"Qualifiers":0},"EventID":8219,"Level":4,"Task":0,"Keywords":"0x80000000000000","TimeCreated_attributes":{"SystemTime":"2013-10-23T19:50:50.000000Z"},"EventRecordID":595,"Channel":"Application","Computer":"IE8Win7","Security":null},"EventData":{"Data":{"#text":["\\\\?\\GLOBALROOT\\Device\\HarddiskVolumeShadowCopy9\\Windows\\softwaredistribution\\Download\\6382f277c8516e50108d2209a6afcf57\\x86_microsoft-windows-smbserver-v2_31bf3856ad364e35_6.1.7601.21717_none_dc80a2e96dd8b5c7","*.*","WUA","\n\nOperation:\n   OnPostSnapshot event\n   PostSnapshot Event\n\nContext:\n   Execution Context: Shadow Copy Optimization Writer\n   Execution Context: Writer\n   Writer Class Id: {4dc3bdd4-ab48-4d07-adb0-3bee2926fd7f}\n   Writer Name: Shadow Copy Optimization Writer\n   Writer Instance ID: {0cc93e72-a383-4d4f-9065-b6f4d73f3f0b}"]},"Binary":"2D20436F64653A2057525444454C455430303030303830382D2043616C6C3A2057525444454C455430303030303736362D205049443A202030303030323338382D205449443A202030303030323632342D20434D443A2020433A5C57696E646F77735C73797374656D33325C76737376632E6578652020202D20557365723A204E616D653A204E5420415554484F524954595C53595354454D2C205349443A532D312D352D313820"}}}
{"Event_attributes":{"xmlns":"http://schemas.microsoft.com/win/2004/08/events/event"},"Event":{"System":{"Provider_attributes":{"Name":"VSS"},"EventID_attributes":{"Qualifiers":0},"EventID":8219,"Level":4,"Task":0,"Keywords":"0x80000000000000","TimeCreated_attributes":{"SystemTime":"2013-10-23T19:50:50.000000Z"},"EventRecordID":596,"Channel":"Application","Computer":"IE8Win7","Security":null},"EventData":{"Data":{"#text":["\\\\?\\GLOBALROOT\\Device\\HarddiskVolumeShadowCopy9\\Windows\\softwaredistribution\\Download","*.*","WUA","\n\nOperation:\n   OnPostSnapshot event\n   PostSnapshot Event\n\nContext:\n   Execution Context: Shadow Copy Optimization Writer\n   Execution Context: Writer\n   Writer Class Id: {4dc3bdd4-ab48-4d07-adb0-3bee2926fd7f}\n   Writer Name: Shadow Copy Optimization Writer\n   Writer Instance ID: {0cc93e72-a383-4d4f-9065-b6f4d73f3f0b}"]},"Binary":"2D20436F64653A2057525444454C455430303030303830382D2043616C6C3A2057525444454C455430303030303736362D205049443A202030303030323338382D205449443A202030303030323632342D20434D443A2020433A5C57696E646F77735C73797374656D33325C76737376632E6578652020202D20557365723A204E616D653A204E5420415554484F524954595C53595354454D2C205349443A532D312D352D313820"}}}
{"Event_attributes":{"xmlns":"http://schemas.microsoft.com/win/2004/08/events/event"},"Event":{"System":{"Provider_attributes":{"Name":"VSS"},"EventID_attributes":{"Qualifiers":0},"EventID":8219,"Level":4,"Task":0,"Keywords":"0x80000000000000","TimeCreated_attributes":{"SystemTime":"2013-10-23T19:50:50.000000Z"},"EventRecordID":597,"Channel":"Application","Computer":"IE8Win7","Security":null},"EventData":{"Data":{"#text":["\\\\?\\GLOBALROOT\\Device\\HarddiskVolumeShadowCopy9\\Windows\\softwaredistribution","*.*","WUA","\n\nOperation:\n   OnPostSnapshot event\n   PostSnapshot Event\n\nContext:\n   Execution Context: Shadow Copy Optimization Writer\n   Execution Context: Writer\n   Writer Class Id: {4dc3bdd4-ab48-4d07-adb0-3bee2926fd7f}\n   Writer Name: Shadow Copy Optimization Writer\n   Writer Instance ID: {0cc93e72-a383-4d4f-9065-b6f4d73f3f0b}"]},"Binary":"2D20436F64653A2057525444454C455430303030303830382D2043616C6C3A2057525444454C455430303030303736362D205049443A202030303030323338382D205449443A202030303030323632342D20434D443A2020433A5C57696E646F77735C73797374656D33325C76737376632E6578652020202D20557365723A204E616D653A204E5420415554484F524954595C53595354454D2C205349443A532D312D352D313820"}}}
{"Event_attributes":{"xmlns":"http://schemas.microsoft.com/win/2004/08/events/event"},"Event":{"System":{"Provider_attributes":{"Name":"Microsoft-Windows-LoadPerf","Guid":"122EE297-BB47-41AE-B265-1CA8D1886D40"},"EventID":1001,"Version":0,"Level":4,"Task":0,"Opcode":0,"Keywords":"0x8000000000000000","TimeCreated_attributes":{"SystemTime":"2013-10-23T19:51:18.086750Z"},"EventRecordID":598,"Correlation":null,"Execution_attributes":{"ProcessID":2732,"ThreadID":2736},"Channel":"Application","Computer":"IE8Win7","Security_attributes":{"UserID":"S-1-5-18"}},"UserData":{"EventXML_attributes":{"xmlns:auto-ns2":"http://schemas.microsoft.com/win/2004/08/events","xmlns":"LoadPerf"},"EventXML":{"param1":"WmiApRpl","param2":"WmiApRpl","binaryDataSize":12,"binaryData":"5E1800005F18000034070000"}}}}
{"Event_attributes":{"xmlns":"http://schemas.microsoft.com/win/2004/08/events/event"},"Event":{"System":{"Provider_attributes":{"Name":"Microsoft-Windows-LoadPerf","Guid":"122EE297-BB47-41AE-B265-1CA8D1886D40"},"EventID":1000,"Version":0,"Level":4,"Task":0,"Opcode":0,"Keywords":"0x8000000000000000","TimeCreated_attributes":{"SystemTime":"2013-10-23T19:51:19.039875Z"},"EventRecordID":599,"Correlation":null,"Execution_attributes":{"ProcessID":2732,"ThreadID":2736},"Channel":"Application","Computer":"IE8Win7","Security_attributes":{"UserID":"S-1-5-18"}},"UserData":{"EventXML_attributes":{"xmlns:auto-ns2":"http://schemas.microsoft.com/win/2004/08/events","xmlns":"LoadPerf"},"EventXML":{"param1":"WmiApRpl","param2":"WmiApRpl","binaryDataSize":16,"binaryData":"60180000061900006118000007190000"}}}}
{"Event_attributes":{"xmlns":"http://schemas.microsoft.com/win/2004/08/events/event"},"Event":{"System":{"Provider_attributes":{"Name":"Desktop Window Manager"},"EventID_attributes":{"Qualifiers":16384},"EventID":9009,"Level":4,"Task":0,"Keywords":"0x80000000000000","TimeCreated_attributes":{"SystemTime":"2013-10-23T19:54:00.000000Z"},"EventRecordID":600,"Channel":"Application","Computer":"IE8Win7","Security":null},"EventData":{"Data":{"#text":"0x40010004"},"Binary":null}}}
{"Event_attributes":{"xmlns":"http://schemas.microsoft.com/win/2004/08/events/event"},"Event":{"System":{"Provider_attributes":{"Name":"Microsoft-Windows-Winlogon","Guid":"{DBE9B383-7CF3-4331-91CC-A3CB16A3B538}","EventSourceName":"Wlclntfy"},"EventID_attributes":{"Qualifiers":32768},"EventID":6000,"Version":0,"Level":4,"Task":0,"Opcode":0,"Keywords":"0x80000000000000","TimeCreated_attributes":{"SystemTime":"2013-10-23T19:54:00.000000Z"},"EventRecordID":601,"Correlation":null,"Execution_attributes":{"ProcessID":0,"ThreadID":0},"Channel":"Application","Computer":"IE8Win7","Security":null},"EventData":{"Data":{"#text":"SessionEnv"},"Binary":"D9060000"}}}
{"Event_attributes":{"xmlns":"http://schemas.microsoft.com/win/2004/08/events/event"},"Event":{"System":{"Provider_attributes":{"Name":"Microsoft-Windows-User Profiles Service","Guid":"89B1E9F0-5AFF-44A6-9B44-0A07A7CE5845"},"EventID":1532,"Version":0,"Level":4,"Task":0,"Opcode":0,"Keywords":"0x8000000000000000","TimeCreated_attributes":{"SystemTime":"2013-10-23T19:54:07.836750Z"},"EventRecordID":602,"Correlation":null,"Execution_attributes":{"ProcessID":896,"ThreadID":992},"Channel":"Application","Computer":"IE8Win7","Security_attributes":{"UserID":"S-1-5-18"}},"EventData":null}}
{"Event_attributes":{"xmlns":"http://schemas.microsoft.com/win/2004/08/events/event"},"Event":{"System":{"Provider_attributes":{"Name":"Microsoft-Windows-EventSystem","Guid":"{899daace-4868-4295-afcd-9eb8fb497561}","EventSourceName":"EventSystem"},"EventID_attributes":{"Qualifiers":16384},"EventID":4625,"Version":0,"Level":4,"Task":0,"Opcode":0,"Keywords":"0x80000000000000","TimeCreated_attributes":{"SystemTime":"2013-10-23T19:55:02.000000Z"},"EventRecordID":603,"Correlation":null,"Execution_attributes":{"ProcessID":0,"ThreadID":0},"Channel":"Application","Computer":"IE8Win7","Security":null},"EventData":{"param1":"86400","param2":"SuppressDuplicateDuration","param3":"Software\\Microsoft\\EventSystem\\EventLog"}}}
{"Event_attributes":{"xmlns":"http://schemas.microsoft.com/win/2004/08/events/event"},"Event":{"System":{"Provider_attributes":{"Name":"Microsoft-Windows-User Profiles Service","Guid":"89B1E9F0-5AFF-44A6-9B44-0A07A7CE5845"},"EventID":1531,"Version":0,"Level":4,"Task":0,"Opcode":0,"Keywords":"0x8000000000000000","TimeCreated_attributes":{"SystemTime":"2013-10-23T19:55:01.906250Z"},"EventRecordID":604,"Correlation":null,"Execution_attributes":{"ProcessID":872,"ThreadID":948},"Channel":"Application","Computer":"IE8Win7","Security_attributes":{"UserID":"S-1-5-18"}},"EventData":null}}
{"Event_attributes":{"xmlns":"http://schemas.microsoft.com/win/2004/08/events/event"},"Event":{"System":{"Provider_attributes":{"Name":"Microsoft-Windows-WMI","Guid":"{1edeee53-0afe-4609-b846-d8c0b2075b1f}","EventSourceName":"WinMgmt"},"EventID_attributes":{"Qualifiers":49152},"EventID":5615,"Version":0,"Level":0,"Task":0,"Opcode":0,"Keywords":"0x80000000000000","TimeCreated_attributes":{"SystemTime":"2013-10-23T19:55:08.000000Z"},"EventRecordID":605,"Correlation":null,"Execution_attributes":{"ProcessID":0,"ThreadID":0},"Channel":"Application","Computer":"IE8Win7","Security":null},"EventData":{"Data":{"#text":""},"Binary":null}}}
{"Event_attributes":{"xmlns":"http://schemas.microsoft.com/win/2004/08/events/event"},"Event":{"System":{"Provider_attributes":{"Name":"Microsoft-Windows-Security-SPP","Guid":"{E23B33B0-C8C9-472C-A5F9-F2BDFEA0F156}","EventSourceName":"Software Protection Platform Service"},"EventID_attributes":{"Qualifiers":16384},"EventID":900,"Version":0,"Level":4,"Task":0,"Opcode":0,"Keywords":"0x80000000000000","TimeCreated_attributes":{"SystemTime":"2013-10-23T19:55:12.000000Z"},"EventRecordID":606,"Correlation":null,"Execution_attributes":{"ProcessID":0,"ThreadID":0},"Channel":"Application","Computer":"IE8Win7","Security":null},"EventData":{"Data":{"#text":""},"Binary":null}}}
{"Event_attributes":{"xmlns":"http://schemas.microsoft.com/win/2004/08/events/event"},"Event":{"System":{"Provider_attributes":{"Name":"Microsoft-Windows-WMI","Guid":"{1edeee53-0afe-4609-b846-d8c0b2075b1f}","EventSourceName":"WinMgmt"},"EventID_attributes":{"Qualifiers":49152},"EventID":5617,"Version":0,"Level":0,"Task":0,"Opcode":0,"Keywords":"0x80000000000000","TimeCreated_attributes":{"SystemTime":"2013-10-23T19:55:14.000000Z"},"EventRecordID":607,"Correlation":null,"Execution_attributes":{"ProcessID":0,"ThreadID":0},"Channel":"Application","Computer":"IE8Win7","Security":null},"EventData":{"Data":{"#text":""},"Binary":null}}}
{"Event_attributes":{"xmlns":"http://schemas.microsoft.com/win/2004/08/events/event"},"Event":{"System":{"Provider_attributes":{"Name":"Microsoft-Windows-Security-SPP","Guid":"{E23B33B0-C8C9-472C-A5F9-F2BDFEA0F156}","EventSourceName":"Software Protection Platform Service"},"EventID_attributes":{"Qualifiers":16384},"EventID":1066,"Version":0,"Level":4,"Task":0,"Opcode":0,"Keywords":"0x80000000000000","TimeCreated_attributes":{"SystemTime":"2013-10-23T19:55:14.000000Z"},"EventRecordID":608,"Correlation":null,"Execution_attributes":{"ProcessID":0,"ThreadID":0},"Channel":"Application","Computer":"IE8Win7","Security":null},"EventData":{"Data":{"#text":"C:\\Windows\\system32\\sppwinob.dll, msft:spp/windowsfunctionality/agent/7.0, 0x00000000, 0x00000000\nC:\\Windows\\system32\\sppobjs.dll, msft:rm/algorithm/phone/1.0, 0x00000000, 0x00000000\nC:\\Windows\\system32\\sppobjs.dll, msft:rm/algorithm/pkey/2005, 0x00000000, 0x00000000\nC:\\Windows\\system32\\sppobjs.dll, msft:spp/TaskScheduler/1.0, 0x00000000, 0x00000000\nC:\\Windows\\system32\\sppobjs.dll, msft:spp/volume/services/kms/1.0, 0x00000000, 0x00000000\nC:\\Windows\\system32\\sppobjs.dll, msft:spp/volume/services/kms/licenserenewal/1.0, 0x00000000, 0x00000000\n"},"Binary":null}}}
{"Event_attributes":{"xmlns":"http://schemas.microsoft.com/win/2004/08/events/event"},"Event":{"System":{"Provider_attributes":{"Name":"Microsoft-Windows-Security-SPP","Guid":"{E23B33B0-C8C9-472C-A5F9-F2BDFEA0F156}","EventSourceName":"Software Protection Platform Service"},"EventID_attributes":{"Qualifiers":16384},"EventID":1033,"Version":0,"Level":4,"Task":0,"Opcode":0,"Keywords":"0x80000000000000","TimeCreated_attributes":{"SystemTime":"2013-10-23T19:55:17.000000Z"},"EventRecordID":609,"Correlation":null,"Execution_attributes":{"ProcessID":0,"ThreadID":0},"Channel":"Application","Computer":"IE8Win7","Security":null},"EventData":{"Data":{"#text":["(IIS-W3SVC-MaxConcurrentRequests) (Microsoft.Windows.Smc-Enabled) (Shell-InBoxGames-FreeCell-EnableGame) (Shell-InBoxGames-Hearts-EnableGame) (Shell-InBoxGames-Minesweeper-EnableGame) (Shell-InBoxGames-PurblePlace-EnableGame) (Shell-InBoxGames-Shanghai-EnableGame) (Shell-InBoxGames-Solitaire-EnableGame) (Shell-InBoxGames-SpiderSolitaire-EnableGame) (Shell-MultiplayerInboxGames-Backgammon-EnableGame) (Shell-MultiplayerInboxGames-Checkers-EnableGame) (Shell-MultiplayerInboxGames-Spades-EnableGame) (Shell-PremiumInBoxGames-Chess-EnableGame) (Telnet-Client-EnableTelnetClient) (Telnet-Server-EnableTelnetServer) (TiffIFilterLicensing-EnableTiffIFilter) (nfs-admincmdtools-enabled) (nfs-adminmmc-enabled) (nfs-clientcmdtools-enabled) (nfs-clientcore-enabled) (sua-EnableSUA) ","55c92734-d682-4d71-983e-d6ec3f16059f","8dffd6e4-0497-4c35-b7d7-e47cf464cf30"]},"Binary":null}}}
{"Event_attributes":{"xmlns":"http://schemas.microsoft.com/win/2004/08/events/event"},"Event":{"System":{"Provider_attributes":{"Name":"Microsoft-Windows-Security-SPP","Guid":"{E23B33B0-C8C9-472C-A5F9-F2BDFEA0F156}","EventSourceName":"Software Protection Platform Service"},"EventID_attributes":{"Qualifiers":16384},"EventID":1003,"Version":0,"Level":4,"Task":0,"Opcode":0,"Keywords":"0x80000000000000","TimeCreated_attributes":{"SystemTime":"2013-10-23T19:55:17.000000Z"},"EventRecordID":610,"Correlation":null,"Execution_attributes":{"ProcessID":0,"ThreadID":0},"Channel":"Application","Computer":"IE8Win7","Security":null},"EventData":{"Data":{"#text":["55c92734-d682-4d71-983e-d6ec3f16059f","\n1: 358fb95b-0090-44fb-883a-75734e060c30, 1, 0 [(0 [0xC004F014, 0, 0], [(?)(?)(?)(?)(?)(?)])(1 )(2 )]\n2: 4f00134f-b514-4626-a74b-a8ec7c8dfe92, 1, 0 [(0 [0xC004F014, 0, 0], [(?)(?)(?)(?)(?)(?)])(1 )(2 )]\n3: 8dffd6e4-0497-4c35-b7d7-e47cf464cf30, 1, 0 [(0 )(1 )(2 [0x00000000, 0, 1], [(?)( 5 0x00000000 10 14400)( 1 0x00000000 0 0 msft:rm/algorithm/flags/1.0 0x00000000 0)(?)(?)(?)])]\n4: 92f9d22a-65f5-49a7-90fe-06491b4fc379, 1, 0 [(0 [0xC004F014, 0, 0], [(?)(?)(?)(?)(?)(?)])(1 )(2 )]\n5: 9abf5984-9c16-46f2-ad1e-7fe15931a8dd, 1, 0 [(0 [0xC004F014, 0, 0], [(?)(?)(?)(?)(?)(?)])(1 )(2 )]\n6: ae2ee509-1b34-41c0-acb7-6d4650168915, 1, 0 [(0 [0xC004F014, 0, 0], [(?)(?)(?)(?)(?)(?)])(1 )(2 )]\n7: b793ff2d-9d80-407c-b521-85111c51028c, 1, 0 [(0 [0xC004F014, 0, 0], [(?)(?)(?)(?)(?)(?)])(1 )(2 )]\n8: cff07cac-7534-4cc3-b3f3-99e1a0aa3c20, 1, 0 [(0 [0xC004F014, 0, 0], [(?)(?)(?)(?)(?)(?)])(1 )(2 )]\n9: d188820a-cb63-4bad-a9a2-40b843ee23b7, 1, 0 [(0 [0xC004F014, 0, 0], [(?)(?)(?)(?)(?)(?)])(1 )(2 )]\n10: 4a8149bb-7d61-49f4-8822-82c7bf88d64b, 1, 0 [(0 [0xC004F014, 0, 0], [(?)(?)(?)(?)(?)(?)])(1 )(2 )]\n11: afd5f68f-b70f-4000-a21d-28dbc8be8b07, 1, 0 [(0 [0xC004F014, 0, 0], [(?)(?)(?)(?)(?)(?)])(1 )(2 )]\n\n"]},"Binary":null}}}
{"Event_attributes":{"xmlns":"http://schemas.microsoft.com/win/2004/08/events/event"},"Event":{"System":{"Provider_attributes":{"Name":"Microsoft-Windows-Security-SPP","Guid":"{E23B33B0-C8C9-472C-A5F9-F2BDFEA0F156}","EventSourceName":"Software Protection Platform Service"},"EventID_attributes":{"Qualifiers":16384},"EventID":902,"Version":0,"Level":0,"Task":0,"Opcode":0,"Keywords":"0x80000000000000","TimeCreated_attributes":{"SystemTime":"2013-10-23T19:55:17.000000Z"},"EventRecordID":611,"Correlation":null,"Execution_attributes":{"ProcessID":0,"ThreadID":0},"Channel":"Application","Computer":"IE8Win7","Security":null},"EventData":{"Data":{"#text":"6.1.7601.17514"},"Binary":null}}}
{"Event_attributes":{"xmlns":"http://schemas.microsoft.com/win/2004/08/events/event"},"Event":{"System":{"Provider_attributes":{"Name":"Microsoft-Windows-Winlogon","Guid":"{DBE9B383-7CF3-4331-91CC-A3CB16A3B538}","EventSourceName":"Winlogon"},"EventID_attributes":{"Qualifiers":16384},"EventID":4101,"Version":0,"Level":4,"Task":0,"Opcode":0,"Keywords":"0x80000000000000","TimeCreated_attributes":{"SystemTime":"2013-10-23T19:55:30.000000Z"},"EventRecordID":612,"Correlation":null,"Execution_attributes":{"ProcessID":0,"ThreadID":0},"Channel":"Application","Computer":"IE8Win7","Security":null},"EventData":{"Data":{"#text":["0x00000000","0x00000001"]},"Binary":null}}}
{"Event_attributes":{"xmlns":"http://schemas.microsoft.com/win/2004/08/events/event"},"Event":{"System":{"Provider_attributes":{"Name":"Microsoft-Windows-Winlogon","Guid":"{DBE9B383-7CF3-4331-91CC-A3CB16A3B538}","EventSourceName":"Wlclntfy"},"EventID_attributes":{"Qualifiers":32768},"EventID":6000,"Version":0,"Level":4,"Task":0,"Opcode":0,"Keywords":"0x80000000000000","TimeCreated_attributes":{"SystemTime":"2013-10-23T19:55:30.000000Z"},"EventRecordID":613,"Correlation":null,"Execution_attributes":{"ProcessID":0,"ThreadID":0},"Channel":"Application","Computer":"IE8Win7","Security":null},"EventData":{"Data":{"#text":"SessionEnv"},"Binary":"D9060000"}}}
{"Event_attributes":{"xmlns":"http://schemas.microsoft.com/win/2004/08/events/event"},"Event":{"System":{"Provider_attributes":{"Name":"Desktop Window Manager"},"EventID_attributes":{"Qualifiers":16384},"EventID":9004,"Level":4,"Task":0,"Keywords":"0x80000000000000","TimeCreated_attributes":{"SystemTime":"2013-10-23T19:55:30.000000Z"},"EventRecordID":614,"Channel":"Application","Computer":"IE8Win7","Security":null},"EventData":{"Data":{"#text":""},"Binary":null}}}
{"Event_attributes":{"xmlns":"http://schemas.microsoft.com/win/2004/08/events/event"},"Event":{"System":{"Provider_attributes":{"Name":"ESENT"},"EventID_attributes":{"Qualifiers":0},"EventID":102,"Level":4,"Task":1,"Keywords":"0x80000000000000","TimeCreated_attributes":{"SystemTime":"2013-10-23T19:55:40.000000Z"},"EventRecordID":615,"Channel":"Application","Computer":"IE8Win7","Security":null},"EventData":{"Data":{"#text":["Windows","336","Windows: ","0","6","01","7601","0000"]},"Binary":null}}}
{"Event_attributes":{"xmlns":"http://schemas.microsoft.com/win/2004/08/events/event"},"Event":{"System":{"Provider_attributes":{"Name":"ESENT"},"EventID_attributes":{"Qualifiers":0},"EventID":300,"Level":4,"Task":3,"Keywords":"0x80000000000000","TimeCreated_attributes":{"SystemTime":"2013-10-23T19:55:40.000000Z"},"EventRecordID":616,"Channel":"Application","Computer":"IE8Win7","Security":null},"EventData":{"Data":{"#text":["Windows","336","Windows: "]},"Binary":null}}}
{"Event_attributes":{"xmlns":"http://schemas.microsoft.com/win/2004/08/events/event"},"Event":{"System":{"Provider_attributes":{"Name":"ESENT"},"EventID_attributes":{"Qualifiers":0},"EventID":301,"Level":4,"Task":3,"Keywords":"0x80000000000000","TimeCreated_attributes":{"SystemTime":"2013-10-23T19:55:40.000000Z"},"EventRecordID":617,"Channel":"Application","Computer":"IE8Win7","Security":null},"EventData":{"Data":{"#text":["Windows","336","Windows: ","C:\\ProgramData\\Microsoft\\Search\\Data\\Applications\\Windows\\MSS.log"]},"Binary":null}}}
{"Event_attributes":{"xmlns":"http://schemas.microsoft.com/win/2004/08/events/event"},"Event":{"System":{"Provider_attributes":{"Name":"ESENT"},"EventID_attributes":{"Qualifiers":0},"EventID":302,"Level":4,"Task":3,"Keywords":"0x80000000000000","TimeCreated_attributes":{"SystemTime":"2013-10-23T19:55:41.000000Z"},"EventRecordID":618,"Channel":"Application","Computer":"IE8Win7","Security":null},"EventData":{"Data":{"#text":["Windows","336","Windows: "]},"Binary":null}}}
{"Event_attributes":{"xmlns":"http://schemas.microsoft.com/win/2004/08/events/event"},"Event":{"System":{"Provider_attributes":{"Name":"Microsoft-Windows-Search","Guid":"{CA4E628D-8567-4896-AB6B-835B221F373F}","EventSourceName":"Windows Search Service"},"EventID_attributes":{"Qualifiers":16384},"EventID":1003,"Version":0,"Level":4,"Task":1,"Opcode":0,"Keywords":"0x80000000000000","TimeCreated_attributes":{"SystemTime":"2013-10-23T19:55:42.000000Z"},"EventRecordID":619,"Correlation":null,"Execution_attributes":{"ProcessID":0,"ThreadID":0},"Channel":"Application","Computer":"IE8Win7","Security":null},"EventData":{"ExtraInfo":"\n"}}}
{"Event_attributes":{"xmlns":"http://schemas.microsoft.com/win/2004/08/events/event"},"Event":{"System":{"Provider_attributes":{"Name":"SecurityCenter"},"EventID_attributes":{"Qualifiers":0},"EventID":1,"Level":4,"Task":0,"Keywords":"0x80000000000000","TimeCreated_attributes":{"SystemTime":"2013-10-23T19:57:31.000000Z"},"EventRecordID":620,"Channel":"Application","Computer":"IE8Win7","Security":null},"EventData":{"Data":{"#text":""},"Binary":null}}}
{"Event_attributes":{"xmlns":"http://schemas.microsoft.com/win/2004/08/events/event"},"Event":{"System":{"Provider_attributes":{"Name":"Microsoft-Windows-LoadPerf","Guid":"122EE297-BB47-41AE-B265-1CA8D1886D40"},"EventID":1001,"Version":0,"Level":4,"Task":0,"Opcode":0,"Keywords":"0x8000000000000000","TimeCreated_attributes":{"SystemTime":"2013-10-23T20:00:05.135625Z"},"EventRecordID":621,"Correlation":null,"Execution_attributes":{"ProcessID":2884,"ThreadID":2888},"Channel":"Application","Computer":"IE8Win7","Security_attributes":{"UserID":"S-1-5-18"}},"UserData":{"EventXML_attributes":{"xmlns:auto-ns2":"http://schemas.microsoft.com/win/2004/08/events","xmlns":"LoadPerf"},"EventXML":{"param1":"WmiApRpl","param2":"WmiApRpl","binaryDataSize":12,"binaryData":"5E1800005F18000034070000"}}}}
{"Event_attributes":{"xmlns":"http://schemas.microsoft.com/win/2004/08/events/event"},"Event":{"System":{"Provider_attributes":{"Name":"Microsoft-Windows-LoadPerf","Guid":"122EE297-BB47-41AE-B265-1CA8D1886D40"},"EventID":1000,"Version":0,"Level":4,"Task":0,"Opcode":0,"Keywords":"0x8000000000000000","TimeCreated_attributes":{"SystemTime":"2013-10-23T20:00:07.198125Z"},"EventRecordID":622,"Correlation":null,"Execution_attributes":{"ProcessID":2884,"ThreadID":2888},"Channel":"Application","Computer":"IE8Win7","Security_attributes":{"UserID":"S-1-5-18"}},"UserData":{"EventXML_attributes":{"xmlns:auto-ns2":"http://schemas.microsoft.com/win/2004/08/events","xmlns":"LoadPerf"},"EventXML":{"param1":"WmiApRpl","param2":"WmiApRpl","binaryDataSize":16,"binaryData":"60180000061900006118000007190000"}}}}
{"Event_attributes":{"xmlns":"http://schemas.microsoft.com/win/2004/08/events/event"},"Event":{"System":{"Provider_attributes":{"Name":"System Restore"},"EventID_attributes":{"Qualifiers":0},"EventID":8194,"Level":4,"Task":0,"Keywords":"0x80000000000000","TimeCreated_attributes":{"SystemTime":"2013-10-23T20:12:43.000000Z"},"EventRecordID":623,"Channel":"Application","Computer":"IE8Win7","Security":null},"EventData":{"Data":{"#text":["C:\\Windows\\system32\\svchost.exe -k netsvcs","Windows Update"]},"Binary":"00000000A1010000970100000000000022CE28677C6DDA79E28C1C000000000000000000"}}}
{"Event_attributes":{"xmlns":"http://schemas.microsoft.com/win/2004/08/events/event"},"Event":{"System":{"Provider_attributes":{"Name":"VSS"},"EventID_attributes":{"Qualifiers":0},"EventID":8219,"Level":4,"Task":0,"Keywords":"0x80000000000000","TimeCreated_attributes":{"SystemTime":"2013-10-23T20:13:19.000000Z"},"EventRecordID":624,"Channel":"Application","Computer":"IE8Win7","Security":null},"EventData":{"Data":{"#text":["\\\\?\\GLOBALROOT\\Device\\HarddiskVolumeShadowCopy10\\Windows\\softwaredistribution\\Download\\0dcbdf0cd3181da68ea1a0cad87fcd81","*.*","WUA","\n\nOperation:\n   OnPostSnapshot event\n   PostSnapshot Event\n\nContext:\n   Execution Context: Shadow Copy Optimization Writer\n   Execution Context: Writer\n   Writer Class Id: {4dc3bdd4-ab48-4d07-adb0-3bee2926fd7f}\n   Writer Name: Shadow Copy Optimization Writer\n   Writer Instance ID: {25690569-c923-421c-9f9b-8cb21901e8bf}"]},"Binary":"2D20436F64653A2057525444454C455430303030303830382D2043616C6C3A2057525444454C455430303030303736362D205049443A202030303030333034382D205449443A202030303030333034302D20434D443A2020433A5C57696E646F77735C73797374656D33325C76737376632E6578652020202D20557365723A204E616D653A204E5420415554484F524954595C53595354454D2C205349443A532D312D352D313820"}}}
{"Event_attributes":{"xmlns":"http://schemas.microsoft.com/win/2004/08/events/event"},"Event":{"System":{"Provider_attributes":{"Name":"VSS"},"EventID_attributes":{"Qualifiers":0},"EventID":8219,"Level":4,"Task":0,"Keywords":"0x80000000000000","TimeCreated_attributes":{"SystemTime":"2013-10-23T20:13:19.000000Z"},"EventRecordID":625,"Channel":"Application","Computer":"IE8Win7","Security":null},"EventData":{"Data":{"#text":["\\\\?\\GLOBALROOT\\Device\\HarddiskVolumeShadowCopy10\\Windows\\softwaredistribution\\Download","*.*","WUA","\n\nOperation:\n   OnPostSnapshot event\n   PostSnapshot Event\n\nContext:\n   Execution Context: Shadow Copy Optimization Writer\n   Execution Context: Writer\n   Writer Class Id: {4dc3bdd4-ab48-4d07-adb0-3bee2926fd7f}\n   Writer Name: Shadow Copy Optimization Writer\n   Writer Instance ID: {25690569-c923-421c-9f9b-8cb21901e8bf}"]},"Binary":"2D20436F64653A2057525444454C455430303030303830382D2043616C6C3A2057525444454C455430303030303736362D205049443A202030303030333034382D205449443A202030303030333034302D20434D443A2020433A5C57696E646F77735C73797374656D33325C76737376632E6578652020202D20557365723A204E616D653A204E5420415554484F524954595C53595354454D2C205349443A532D312D352D313820"}}}
{"Event_attributes":{"xmlns":"http://schemas.microsoft.com/win/2004/08/events/event"},"Event":{"System":{"Provider_attributes":{"Name":"VSS"},"EventID_attributes":{"Qualifiers":0},"EventID":8219,"Level":4,"Task":0,"Keywords":"0x80000000000000","TimeCreated_attributes":{"SystemTime":"2013-10-23T20:13:19.000000Z"},"EventRecordID":626,"Channel":"Application","Computer":"IE8Win7","Security":null},"EventData":{"Data":{"#text":["\\\\?\\GLOBALROOT\\Device\\HarddiskVolumeShadowCopy10\\Windows\\softwaredistribution","*.*","WUA","\n\nOperation:\n   OnPostSnapshot event\n   PostSnapshot Event\n\nContext:\n   Execution Context: Shadow Copy Optimization Writer\n   Execution Context: Writer\n   Writer Class Id: {4dc3bdd4-ab48-4d07-adb0-3bee2926fd7f}\n   Writer Name: Shadow Copy Optimization Writer\n   Writer Instance ID: {25690569-c923-421c-9f9b-8cb21901e8bf}"]},"Binary":"2D20436F64653A2057525444454C455430303030303830382D2043616C6C3A2057525444454C455430303030303736362D205049443A202030303030333034382D205449443A202030303030333034302D20434D443A2020433A5C57696E646F77735C73797374656D33325C76737376632E6578652020202D20557365723A204E616D653A204E5420415554484F524954595C53595354454D2C205349443A532D312D352D313820"}}}
{"Event_attributes":{"xmlns":"http://schemas.microsoft.com/win/2004/08/events/event"},"Event":{"System":{"Provider_attributes":{"Name":"VSS"},"EventID_attributes":{"Qualifiers":0},"EventID":8220,"Level":4,"Task":0,"Keywords":"0x80000000000000","TimeCreated_attributes":{"SystemTime":"2013-10-23T20:13:50.000000Z"},"EventRecordID":627,"Channel":"Application","Computer":"IE8Win7","Security":null},"EventData":{"Data":{"#text":"\n\nOperation:\n   OnPostSnapshot event\n   PostSnapshot Event\n\nContext:\n   Execution Context: Shadow Copy Optimization Writer\n   Execution Context: Writer\n   Writer Class Id: {4dc3bdd4-ab48-4d07-adb0-3bee2926fd7f}\n   Writer Name: Shadow Copy Optimization Writer\n   Writer Instance ID: {25690569-c923-421c-9f9b-8cb21901e8bf}"},"Binary":"2D20436F64653A2057525444454C455430303030303331332D2043616C6C3A2057525444454C455430303030303234382D205049443A202030303030333034382D205449443A202030303030333034302D20434D443A2020433A5C57696E646F77735C73797374656D33325C76737376632E6578652020202D20557365723A204E616D653A204E5420415554484F524954595C53595354454D2C205349443A532D312D352D313820"}}}
{"Event_attributes":{"xmlns":"http://schemas.microsoft.com/win/2004/08/events/event"},"Event":{"System":{"Provider_attributes":{"Name":"MsiInstaller"},"EventID_attributes":{"Qualifiers":0},"EventID":1040,"Level":4,"Task":0,"Keywords":"0x80000000000000","TimeCreated_attributes":{"SystemTime":"2013-10-23T20:14:49.000000Z"},"EventRecordID":628,"Channel":"Application","Computer":"IE8Win7","Security_attributes":{"UserID":"S-1-5-18"}},"EventData":{"Data":{"#text":["C:\\Windows\\Installer\\4d16b.msi","2996","(NULL)","(NULL)","(NULL)","(NULL)",""]},"Binary":null}}}
{"Event_attributes":{"xmlns":"http://schemas.microsoft.com/win/2004/08/events/event"},"Event":{"System":{"Provider_attributes":{"Name":"Microsoft-Windows-RestartManager","Guid":"0888E5EF-9B98-4695-979D-E92CE4247224"},"EventID":10000,"Version":0,"Level":4,"Task":0,"Opcode":0,"Keywords":"0x8000000000000000","TimeCreated_attributes":{"SystemTime":"2013-10-23T20:14:52.291875Z"},"EventRecordID":629,"Correlation":null,"Execution_attributes":{"ProcessID":3656,"ThreadID":3708},"Channel":"Application","Computer":"IE8Win7","Security_attributes":{"UserID":"S-1-5-18"}},"UserData":{"RmSessionEvent_attributes":{"xmlns:auto-ns2":"http://schemas.microsoft.com/win/2004/08/events","xmlns":"http://www.microsoft.com/2005/08/Windows/Reliability/RestartManager/"},"RmSessionEvent":{"RmSessionId":0,"UTCStartTime":"2013-10-23T20:14:52.291875Z"}}}}
{"Event_attributes":{"xmlns":"http://schemas.microsoft.com/win/2004/08/events/event"},"Event":{"System":{"Provider_attributes":{"Name":"Microsoft-Windows-LoadPerf","Guid":"122EE297-BB47-41AE-B265-1CA8D1886D40"},"EventID":1001,"Version":0,"Level":4,"Task":0,"Opcode":0,"Keywords":"0x8000000000000000","TimeCreated_attributes":{"SystemTime":"2013-10-23T20:15:14.463750Z"},"EventRecordID":630,"Correlation":null,"Execution_attributes":{"ProcessID":1556,"ThreadID":3988},"Channel":"Application","Computer":"IE8Win7","Security_attributes":{"UserID":"S-1-5-18"}},"UserData":{"EventXML_attributes":{"xmlns:auto-ns2":"http://schemas.microsoft.com/win/2004/08/events","xmlns":"LoadPerf"},"EventXML":{"param1":"{890c10c3-8c2a-4fe3-a36a-9eca153d47cb}","param2":"ServiceModel 4.0.0.0","binaryDataSize":0,"binaryData":null}}}}
{"Event_attributes":{"xmlns":"http://schemas.microsoft.com/win/2004/08/events/event"},"Event":{"System":{"Provider_attributes":{"Name":"Microsoft-Windows-LoadPerf","Guid":"122EE297-BB47-41AE-B265-1CA8D1886D40"},"EventID":1001,"Version":0,"Level":4,"Task":0,"Opcode":0,"Keywords":"0x8000000000000000","TimeCreated_attributes":{"SystemTime":"2013-10-23T20:15:14.948125Z"},"EventRecordID":631,"Correlation":null,"Execution_attributes":{"ProcessID":612,"ThreadID":676},"Channel":"Application","Computer":"IE8Win7","Security_attributes":{"UserID":"S-1-5-18"}},"UserData":{"EventXML_attributes":{"xmlns:auto-ns2":"http://schemas.microsoft.com/win/2004/08/events","xmlns":"LoadPerf"},"EventXML":{"param1":"SMSvcHost 4.0.0.0","param2":"SMSvcHost 4.0.0.0","binaryDataSize":12,"binaryData":"061900000719000034070000"}}}}
{"Event_attributes":{"xmlns":"http://schemas.microsoft.com/win/2004/08/events/event"},"Event":{"System":{"Provider_attributes":{"Name":"Microsoft-Windows-LoadPerf","Guid":"122EE297-BB47-41AE-B265-1CA8D1886D40"},"EventID":1001,"Version":0,"Level":4,"Task":0,"Opcode":0,"Keywords":"0x8000000000000000","TimeCreated_attributes":{"SystemTime":"2013-10-23T20:15:15.182500Z"},"EventRecordID":632,"Correlation":null,"Execution_attributes":{"ProcessID":2060,"ThreadID":2052},"Channel":"Application","Computer":"IE8Win7","Security_attributes":{"UserID":"S-1-5-18"}},"UserData":{"EventXML_attributes":{"xmlns:auto-ns2":"http://schemas.microsoft.com/win/2004/08/events","xmlns":"LoadPerf"},"EventXML":{"param1":"MSDTC Bridge 4.0.0.0","param2":"MSDTC Bridge 4.0.0.0","binaryDataSize":12,"binaryData":"061900000719000034070000"}}}}
{"Event_attributes":{"xmlns":"http://schemas.microsoft.com/win/2004/08/events/event"},"Event":{"System":{"Provider_attributes":{"Name":"Microsoft-Windows-LoadPerf","Guid":"122EE297-BB47-41AE-B265-1CA8D1886D40"},"EventID":1000,"Version":0,"Level":4,"Task":0,"Opcode":0,"Keywords":"0x8000000000000000","TimeCreated_attributes":{"SystemTime":"2013-10-23T20:15:30.276250Z"},"EventRecordID":633,"Correlation":null,"Execution_attributes":{"ProcessID":3808,"ThreadID":2964},"Channel":"Application","Computer":"IE8Win7","Security_attributes":{"UserID":"S-1-5-18"}},"UserData":{"EventXML_attributes":{"xmlns:auto-ns2":"http://schemas.microsoft.com/win/2004/08/events","xmlns":"LoadPerf"},"EventXML":{"param1":"{890c10c3-8c2a-4fe3-a36a-9eca153d47cb}","param2":"ServiceModel 4.0.0.0","binaryDataSize":0,"binaryData":null}}}}
{"Event_attributes":{"xmlns":"http://schemas.microsoft.com/win/2004/08/events/event"},"Event":{"System":{"Provider_attributes":{"Name":"Microsoft-Windows-LoadPerf","Guid":"122EE297-BB47-41AE-B265-1CA8D1886D40"},"EventID":1000,"Version":0,"Level":4,"Task":0,"Opcode":0,"Keywords":"0x8000000000000000","TimeCreated_attributes":{"SystemTime":"2013-10-23T20:15:31.057500Z"},"EventRecordID":634,"Correlation":null,"Execution_attributes":{"ProcessID":3596,"ThreadID":3156},"Channel":"Application","Computer":"IE8Win7","Security_attributes":{"UserID":"S-1-5-18"}},"UserData":{"EventXML_attributes":{"xmlns:auto-ns2":"http://schemas.microsoft.com/win/2004/08/events","xmlns":"LoadPerf"},"EventXML":{"param1":"SMSvcHost 4.0.0.0","param2":"SMSvcHost 4.0.0.0","binaryDataSize":16,"binaryData":"A0190000BC190000A1190000BD190000"}}}}
{"Event_attributes":{"xmlns":"http://schemas.microsoft.com/win/2004/08/events/event"},"Event":{"System":{"Provider_attributes":{"Name":"Microsoft-Windows-LoadPerf","Guid":"122EE297-BB47-41AE-B265-1CA8D1886D40"},"EventID":1000,"Version":0,"Level":4,"Task":0,"Opcode":0,"Keywords":"0x8000000000000000","TimeCreated_attributes":{"SystemTime":"2013-10-23T20:15:31.463750Z"},"EventRecordID":635,"Correlation":null,"Execution_attributes":{"ProcessID":976,"ThreadID":2588},"Channel":"Application","Computer":"IE8Win7","Security_attributes":{"UserID":"S-1-5-18"}},"UserData":{"EventXML_attributes":{"xmlns:auto-ns2":"http://schemas.microsoft.com/win/2004/08/events","xmlns":"LoadPerf"},"EventXML":{"param1":"MSDTC Bridge 4.0.0.0","param2":"MSDTC Bridge 4.0.0.0","binaryDataSize":16,"binaryData":"BE190000D4190000BF190000D5190000"}}}}
{"Event_attributes":{"xmlns":"http://schemas.microsoft.com/win/2004/08/events/event"},"Event":{"System":{"Provider_attributes":{"Name":"Microsoft-Windows-LoadPerf","Guid":"122EE297-BB47-41AE-B265-1CA8D1886D40"},"EventID":1002,"Version":0,"Level":4,"Task":0,"Opcode":0,"Keywords":"0x8000000000000000","TimeCreated_attributes":{"SystemTime":"2013-10-23T20:17:30.682500Z"},"EventRecordID":636,"Correlation":null,"Execution_attributes":{"ProcessID":2812,"ThreadID":2736},"Channel":"Application","Computer":"IE8Win7","Security_attributes":{"UserID":"S-1-5-18"}},"UserData":{"EventXML_attributes":{"xmlns:auto-ns2":"http://schemas.microsoft.com/win/2004/08/events","xmlns":"LoadPerf"},"EventXML":{"param1":".NET CLR Networking 4.0.0.0","param2":".NET CLR Networking 4.0.0.0","binaryDataSize":4,"binaryData":"C2120000"}}}}
{"Event_attributes":{"xmlns":"http://schemas.microsoft.com/win/2004/08/events/event"},"Event":{"System":{"Provider_attributes":{"Name":"MsiInstaller"},"EventID_attributes":{"Qualifiers":0},"EventID":1022,"Level":4,"Task":0,"Keywords":"0x80000000000000","TimeCreated_attributes":{"SystemTime":"2013-10-23T20:17:32.000000Z"},"EventRecordID":637,"Channel":"Application","Computer":"IE8Win7","Security_attributes":{"UserID":"S-1-5-18"}},"EventData":{"Data":{"#text":["Microsoft .NET Framework 4 Client Profile","KB2858302v2","(NULL)","(NULL)","(NULL)","(NULL)",""]},"Binary":"7B33433339303143352D333435352D334530412D413231342D3042303933413530373041367D207B38424134453334442D393543352D333930372D383745342D3632464242333141323139307D"}}}
{"Event_attributes":{"xmlns":"http://schemas.microsoft.com/win/2004/08/events/event"},"Event":{"System":{"Provider_attributes":{"Name":"MsiInstaller"},"EventID_attributes":{"Qualifiers":0},"EventID":1036,"Level":4,"Task":0,"Keywords":"0x80000000000000","TimeCreated_attributes":{"SystemTime":"2013-10-23T20:17:32.000000Z"},"EventRecordID":638,"Channel":"Application","Computer":"IE8Win7","Security_attributes":{"UserID":"S-1-5-18"}},"EventData":{"Data":{"#text":["Microsoft .NET Framework 4 Client Profile","4.0.30319","0","KB2858302v2","0","Microsoft Corporation",""]},"Binary":"7B33433339303143352D333435352D334530412D413231342D3042303933413530373041367D3030303064326562663436383331643263623332396166373637323933656232306366643030303030303030"}}}
{"Event_attributes":{"xmlns":"http://schemas.microsoft.com/win/2004/08/events/event"},"Event":{"System":{"Provider_attributes":{"Name":"MsiInstaller"},"EventID_attributes":{"Qualifiers":0},"EventID":11728,"Level":4,"Task":0,"Keywords":"0x80000000000000","TimeCreated_attributes":{"SystemTime":"2013-10-23T20:17:32.000000Z"},"EventRecordID":639,"Channel":"Application","Computer":"IE8Win7","Security_attributes":{"UserID":"S-1-5-18"}},"EventData":{"Data":{"#text":["Product: Microsoft .NET Framework 4 Client Profile -- Configuration completed successfully.","(NULL)","(NULL)","(NULL)","(NULL)","(NULL)",""]},"Binary":"7B33433339303143352D333435352D334530412D413231342D3042303933413530373041367D"}}}
{"Event_attributes":{"xmlns":"http://schemas.microsoft.com/win/2004/08/events/event"},"Event":{"System":{"Provider_attributes":{"Name":"MsiInstaller"},"EventID_attributes":{"Qualifiers":0},"EventID":1035,"Level":4,"Task":0,"Keywords":"0x80000000000000","TimeCreated_attributes":{"SystemTime":"2013-10-23T20:17:32.000000Z"},"EventRecordID":640,"Channel":"Application","Computer":"IE8Win7","Security_attributes":{"UserID":"S-1-5-18"}},"EventData":{"Data":{"#text":["Microsoft .NET Framework 4 Client Profile","4.0.30319","0","0","Microsoft Corporation","(NULL)",""]},"Binary":"7B33433339303143352D333435352D334530412D413231342D3042303933413530373041367D3030303064326562663436383331643263623332396166373637323933656232306366643030303030303030"}}}
{"Event_attributes":{"xmlns":"http://schemas.microsoft.com/win/2004/08/events/event"},"Event":{"System":{"Provider_attributes":{"Name":"MsiInstaller"},"EventID_attributes":{"Qualifiers":0},"EventID":1042,"Level":4,"Task":0,"Keywords":"0x80000000000000","TimeCreated_attributes":{"SystemTime":"2013-10-23T20:17:32.000000Z"},"EventRecordID":641,"Channel":"Application","Computer":"IE8Win7","Security_attributes":{"UserID":"S-1-5-18"}},"EventData":{"Data":{"#text":["C:\\Windows\\Installer\\4d16b.msi","2996","(NULL)","(NULL)","(NULL)","(NULL)",""]},"Binary":null}}}
{"Event_attributes":{"xmlns":"http://schemas.microsoft.com/win/2004/08/events/event"},"Event":{"System":{"Provider_attributes":{"Name":"Microsoft-Windows-RestartManager","Guid":"0888E5EF-9B98-4695-979D-E92CE4247224"},"EventID":10001,"Version":0,"Level":4,"Task":0,"Opcode":0,"Keywords":"0x8000000000000000","TimeCreated_attributes":{"SystemTime":"2013-10-23T20:17:32.916875Z"},"EventRecordID":642,"Correlation":null,"Execution_attributes":{"ProcessID":3656,"ThreadID":3736},"Channel":"Application","Computer":"IE8Win7","Security_attributes":{"UserID":"S-1-5-18"}},"UserData":{"RmSessionEvent_attributes":{"xmlns:auto-ns2":"http://schemas.microsoft.com/win/2004/08/events","xmlns":"http://www.microsoft.com/2005/08/Windows/Reliability/RestartManager/"},"RmSessionEvent":{"RmSessionId":0,"UTCStartTime":"2013-10-23T20:14:52.291875Z"}}}}
{"Event_attributes":{"xmlns":"http://schemas.microsoft.com/win/2004/08/events/event"},"Event":{"System":{"Provider_attributes":{"Name":"VSS"},"EventID_attributes":{"Qualifiers":0},"EventID":8224,"Level":4,"Task":0,"Keywords":"0x80000000000000","TimeCreated_attributes":{"SystemTime":"2013-10-23T20:17:38.000000Z"},"EventRecordID":643,"Channel":"Application","Computer":"IE8Win7","Security":null},"EventData":{"Data":{"#text":""},"Binary":"2D20436F64653A2020434F525356434330303030303737332D2043616C6C3A2020434F525356434330303030303735352D205049443A202030303030333034382D205449443A202030303030323437362D20434D443A2020433A5C57696E646F77735C73797374656D33325C76737376632E6578652020202D20557365723A204E616D653A204E5420415554484F524954595C53595354454D2C205349443A532D312D352D313820"}}}
{"Event_attributes":{"xmlns":"http://schemas.microsoft.com/win/2004/08/events/event"},"Event":{"System":{"Provider_attributes":{"Name":"MsiInstaller"},"EventID_attributes":{"Qualifiers":0},"EventID":1040,"Level":4,"Task":0,"Keywords":"0x80000000000000","TimeCreated_attributes":{"SystemTime":"2013-10-23T20:20:00.000000Z"},"EventRecordID":644,"Channel":"Application","Computer":"IE8Win7","Security_attributes":{"UserID":"S-1-5-18"}},"EventData":{"Data":{"#text":["C:\\Windows\\Installer\\4d16b.msi","1624","(NULL)","(NULL)","(NULL)","(NULL)",""]},"Binary":null}}}
{"Event_attributes":{"xmlns":"http://schemas.microsoft.com/win/2004/08/events/event"},"Event":{"System":{"Provider_attributes":{"Name":"Microsoft-Windows-RestartManager","Guid":"0888E5EF-9B98-4695-979D-E92CE4247224"},"EventID":10000,"Version":0,"Level":4,"Task":0,"Opcode":0,"Keywords":"0x8000000000000000","TimeCreated_attributes":{"SystemTime":"2013-10-23T20:20:02.604375Z"},"EventRecordID":645,"Correlation":null,"Execution_attributes":{"ProcessID":3656,"ThreadID":2228},"Channel":"Application","Computer":"IE8Win7","Security_attributes":{"UserID":"S-1-5-18"}},"UserData":{"RmSessionEvent_attributes":{"xmlns:auto-ns2":"http://schemas.microsoft.com/win/2004/08/events","xmlns":"http://www.microsoft.com/2005/08/Windows/Reliability/RestartManager/"},"RmSessionEvent":{"RmSessionId":0,"UTCStartTime":"2013-10-23T20:20:02.604375Z"}}}}
{"Event_attributes":{"xmlns":"http://schemas.microsoft.com/win/2004/08/events/event"},"Event":{"System":{"Provider_attributes":{"Name":"Microsoft-Windows-LoadPerf","Guid":"122EE297-BB47-41AE-B265-1CA8D1886D40"},"EventID":1001,"Version":0,"Level":4,"Task":0,"Opcode":0,"Keywords":"0x8000000000000000","TimeCreated_attributes":{"SystemTime":"2013-10-23T20:20:28.979375Z"},"EventRecordID":646,"Correlation":null,"Execution_attributes":{"ProcessID":4040,"ThreadID":4064},"Channel":"Application","Computer":"IE8Win7","Security_attributes":{"UserID":"S-1-5-18"}},"UserData":{"EventXML_attributes":{"xmlns:auto-ns2":"http://schemas.microsoft.com/win/2004/08/events","xmlns":"LoadPerf"},"EventXML":{"param1":"{890c10c3-8c2a-4fe3-a36a-9eca153d47cb}","param2":"ServiceModel 4.0.0.0","binaryDataSize":0,"binaryData":null}}}}
{"Event_attributes":{"xmlns":"http://schemas.microsoft.com/win/2004/08/events/event"},"Event":{"System":{"Provider_attributes":{"Name":"Microsoft-Windows-LoadPerf","Guid":"122EE297-BB47-41AE-B265-1CA8D1886D40"},"EventID":1001,"Version":0,"Level":4,"Task":0,"Opcode":0,"Keywords":"0x8000000000000000","TimeCreated_attributes":{"SystemTime":"2013-10-23T20:20:29.401250Z"},"EventRecordID":647,"Correlation":null,"Execution_attributes":{"ProcessID":2696,"ThreadID":1836},"Channel":"Application","Computer":"IE8Win7","Security_attributes":{"UserID":"S-1-5-18"}},"UserData":{"EventXML_attributes":{"xmlns:auto-ns2":"http://schemas.microsoft.com/win/2004/08/events","xmlns":"LoadPerf"},"EventXML":{"param1":"SMSvcHost 4.0.0.0","param2":"SMSvcHost 4.0.0.0","binaryDataSize":12,"binaryData":"D4190000D519000034070000"}}}}
{"Event_attributes":{"xmlns":"http://schemas.microsoft.com/win/2004/08/events/event"},"Event":{"System":{"Provider_attributes":{"Name":"Microsoft-Windows-LoadPerf","Guid":"122EE297-BB47-41AE-B265-1CA8D1886D40"},"EventID":1001,"Version":0,"Level":4,"Task":0,"Opcode":0,"Keywords":"0x8000000000000000","TimeCreated_attributes":{"SystemTime":"2013-10-23T20:20:29.541875Z"},"EventRecordID":648,"Correlation":null,"Execution_attributes":{"ProcessID":1976,"ThreadID":2944},"Channel":"Application","Computer":"IE8Win7","Security_attributes":{"UserID":"S-1-5-18"}},"UserData":{"EventXML_attributes":{"xmlns:auto-ns2":"http://schemas.microsoft.com/win/2004/08/events","xmlns":"LoadPerf"},"EventXML":{"param1":"MSDTC Bridge 4.0.0.0","param2":"MSDTC Bridge 4.0.0.0","binaryDataSize":12,"binaryData":"061900000719000034070000"}}}}
{"Event_attributes":{"xmlns":"http://schemas.microsoft.com/win/2004/08/events/event"},"Event":{"System":{"Provider_attributes":{"Name":"Microsoft-Windows-LoadPerf","Guid":"122EE297-BB47-41AE-B265-1CA8D1886D40"},"EventID":1000,"Version":0,"Level":4,"Task":0,"Opcode":0,"Keywords":"0x8000000000000000","TimeCreated_attributes":{"SystemTime":"2013-10-23T20:20:43.541875Z"},"EventRecordID":649,"Correlation":null,"Execution_attributes":{"ProcessID":2084,"ThreadID":2516},"Channel":"Application","Computer":"IE8Win7","Security_attributes":{"UserID":"S-1-5-18"}},"UserData":{"EventXML_attributes":{"xmlns:auto-ns2":"http://schemas.microsoft.com/win/2004/08/events","xmlns":"LoadPerf"},"EventXML":{"param1":"{890c10c3-8c2a-4fe3-a36a-9eca153d47cb}","param2":"ServiceModel 4.0.0.0","binaryDataSize":0,"binaryData":null}}}}
{"Event_attributes":{"xmlns":"http://schemas.microsoft.com/win/2004/08/events/event"},"Event":{"System":{"Provider_attributes":{"Name":"Microsoft-Windows-LoadPerf","Guid":"122EE297-BB47-41AE-B265-1CA8D1886D40"},"EventID":1000,"Version":0,"Level":4,"Task":0,"Opcode":0,"Keywords":"0x8000000000000000","TimeCreated_attributes":{"SystemTime":"2013-10-23T20:20:44.120000Z"},"EventRecordID":650,"Correlation":null,"Execution_attributes":{"ProcessID":3460,"ThreadID":3832},"Channel":"Application","Computer":"IE8Win7","Security_attributes":{"UserID":"S-1-5-18"}},"UserData":{"EventXML_attributes":{"xmlns:auto-ns2":"http://schemas.microsoft.com/win/2004/08/events","xmlns":"LoadPerf"},"EventXML":{"param1":"SMSvcHost 4.0.0.0","param2":"SMSvcHost 4.0.0.0","binaryDataSize":16,"binaryData":"A0190000BC190000A1190000BD190000"}}}}
{"Event_attributes":{"xmlns":"http://schemas.microsoft.com/win/2004/08/events/event"},"Event":{"System":{"Provider_attributes":{"Name":"Microsoft-Windows-LoadPerf","Guid":"122EE297-BB47-41AE-B265-1CA8D1886D40"},"EventID":1000,"Version":0,"Level":4,"Task":0,"Opcode":0,"Keywords":"0x8000000000000000","TimeCreated_attributes":{"SystemTime":"2013-10-23T20:20:45.041875Z"},"EventRecordID":651,"Correlation":null,"Execution_attributes":{"ProcessID":924,"ThreadID":2536},"Channel":"Application","Computer":"IE8Win7","Security_attributes":{"UserID":"S-1-5-18"}},"UserData":{"EventXML_attributes":{"xmlns:auto-ns2":"http://schemas.microsoft.com/win/2004/08/events","xmlns":"LoadPerf"},"EventXML":{"param1":"MSDTC Bridge 4.0.0.0","param2":"MSDTC Bridge 4.0.0.0","binaryDataSize":16,"binaryData":"BE190000D4190000BF190000D5190000"}}}}
{"Event_attributes":{"xmlns":"http://schemas.microsoft.com/win/2004/08/events/event"},"Event":{"System":{"Provider_attributes":{"Name":"Microsoft-Windows-LoadPerf","Guid":"122EE297-BB47-41AE-B265-1CA8D1886D40"},"EventID":1002,"Version":0,"Level":4,"Task":0,"Opcode":0,"Keywords":"0x8000000000000000","TimeCreated_attributes":{"SystemTime":"2013-10-23T20:21:18.401250Z"},"EventRecordID":652,"Correlation":null,"Execution_attributes":{"ProcessID":2928,"ThreadID":4052},"Channel":"Application","Computer":"IE8Win7","Security_attributes":{"UserID":"S-1-5-18"}},"UserData":{"EventXML_attributes":{"xmlns:auto-ns2":"http://schemas.microsoft.com/win/2004/08/events","xmlns":"LoadPerf"},"EventXML":{"param1":".NET CLR Networking 4.0.0.0","param2":".NET CLR Networking 4.0.0.0","binaryDataSize":4,"binaryData":"C2120000"}}}}
