{"Event_attributes":{"xmlns":"http://schemas.microsoft.com/win/2004/08/events/event"},"Event":{"System":{"Provider_attributes":{"Name":"Microsoft-Windows-UserPnp","Guid":"96F4A050-7E31-453C-88BE-9634F4E02139"},"EventID":20003,"Version":0,"Level":4,"Task":7005,"Opcode":0,"Keywords":"0x8000000000000000","TimeCreated_attributes":{"SystemTime":"2013-10-23T16:17:03.734375Z"},"EventRecordID":131,"Correlation":null,"Execution_attributes":{"ProcessID":316,"ThreadID":308},"Channel":"System","Computer":"37L4247D28-05","Security_attributes":{"UserID":"S-1-5-18"}},"UserData":{"AddServiceID_attributes":{"xmlns:auto-ns2":"http://schemas.microsoft.com/win/2004/08/events","xmlns":"http://manifests.microsoft.com/win/2004/08/windows/userpnp"},"AddServiceID":{"ServiceName":"blbdrive","DriverFileName":"system32\\DRIVERS\\blbdrive.sys","DeviceInstanceID":"ROOT\\BLBDRIVE\\0000","PrimaryService":true,"UpdateService":true,"AddServiceStatus":0}}}}
{"Event_attributes":{"xmlns":"http://schemas.microsoft.com/win/2004/08/events/event"},"Event":{"System":{"Provider_attributes":{"Name":"Microsoft-Windows-UserPnp","Guid":"96F4A050-7E31-453C-88BE-9634F4E02139"},"EventID":20001,"Version":0,"Level":4,"Task":7005,"Opcode":0,"Keywords":"0x8000000000000000","TimeCreated_attributes":{"SystemTime":"2013-10-23T16:17:04.031250Z"},"EventRecordID":132,"Correlation":null,"Execution_attributes":{"ProcessID":316,"ThreadID":308},"Channel":"System","Computer":"37L4247D28-05","Security_attributes":{"UserID":"S-1-5-18"}},"UserData":{"InstallDeviceID_attributes":{"xmlns:auto-ns2":"http://schemas.microsoft.com/win/2004/08/events","xmlns":"http://manifests.microsoft.com/win/2004/08/windows/userpnp"},"InstallDeviceID":{"DriverName":"FileRepository\\blbdrive.inf_x86_neutral_1aa816fe7dc98c3f\\blbdrive.inf","DriverVersion":"6.1.7600.16385","DriverProvider":"Microsoft","DeviceInstanceID":"ROOT\\BLBDRIVE\\0000","SetupClass":"4D36E97D-E325-11CE-BFC1-08002BE10318","RebootOption":true,"UpgradeDevice":true,"IsDriverOEM":false,"InstallStatus":"0x0","DriverDescription":"File as Volume Driver"}}}}
{"Event_attributes":{"xmlns":"http://schemas.microsoft.com/win/2004/08/events/event"},"Event":{"System":{"Provider_attributes":{"Name":"Microsoft-Windows-UserPnp","Guid":"96F4A050-7E31-453C-88BE-9634F4E02139"},"EventID":20003,"Version":0,"Level":4,"Task":7005,"Opcode":0,"Keywords":"0x8000000000000000","TimeCreated_attributes":{"SystemTime":"2013-10-23T16:17:04.343750Z"},"EventRecordID":133,"Correlation":null,"Execution_attributes":{"ProcessID":100,"ThreadID":300},"Channel":"System","Computer":"37L4247D28-05","Security_attributes":{"UserID":"S-1-5-18"}},"UserData":{"AddServiceID_attributes":{"xmlns:auto-ns2":"http://schemas.microsoft.com/win/2004/08/events","xmlns":"http://manifests.microsoft.com/win/2004/08/windows/userpnp"},"AddServiceID":{"ServiceName":"PptpMiniport","DriverFileName":"system32\\DRIVERS\\raspptp.sys","DeviceInstanceID":"ROOT\\MS_PPTPMINIPORT\\0000","PrimaryService":true,"UpdateService":true,"AddServiceStatus":0}}}}
{"Event_attributes":{"xmlns":"http://schemas.microsoft.com/win/2004/08/events/event"},"Event":{"System":{"Provider_attributes":{"Name":"Microsoft-Windows-UserPnp","Guid":"96F4A050-7E31-453C-88BE-9634F4E02139"},"EventID":20001,"Version":0,"Level":4,"Task":7005,"Opcode":0,"Keywords":"0x8000000000000000","TimeCreated_attributes":{"SystemTime":"2013-10-23T16:17:05.328125Z"},"EventRecordID":134,"Correlation":null,"Execution_attributes":{"ProcessID":100,"ThreadID":300},"Channel":"System","Computer":"37L4247D28-05","Security_attributes":{"UserID":"S-1-5-18"}},"UserData":{"InstallDeviceID_attributes":{"xmlns:auto-ns2":"http://schemas.microsoft.com/win/2004/08/events","xmlns":"http://manifests.microsoft.com/win/2004/08/windows/userpnp"},"InstallDeviceID":{"DriverName":null,"DriverVersion":"6.1.7600.16385","DriverProvider":"Microsoft","DeviceInstanceID":"ROOT\\MS_PPTPMINIPORT\\0000","SetupClass":"4D36E972-E325-11CE-BFC1-08002BE10318","RebootOption":false,"UpgradeDevice":true,"IsDriverOEM":false,"InstallStatus":"0x0","DriverDescription":"WAN Miniport (PPTP)"}}}}
{"Event_attributes":{"xmlns":"http://schemas.microsoft.com/win/2004/08/events/event"},"Event":{"System":{"Provider_attributes":{"Name":"Microsoft-Windows-UserPnp","Guid":"96F4A050-7E31-453C-88BE-9634F4E02139"},"EventID":20003,"Version":0,"Level":4,"Task":7005,"Opcode":0,"Keywords":"0x8000000000000000","TimeCreated_attributes":{"SystemTime":"2013-10-23T16:17:05.656250Z"},"EventRecordID":135,"Correlation":null,"Execution_attributes":{"ProcessID":252,"ThreadID":332},"Channel":"System","Computer":"37L4247D28-05","Security_attributes":{"UserID":"S-1-5-18"}},"UserData":{"AddServiceID_attributes":{"xmlns:auto-ns2":"http://schemas.microsoft.com/win/2004/08/events","xmlns":"http://manifests.microsoft.com/win/2004/08/windows/userpnp"},"AddServiceID":{"ServiceName":"RasSstp","DriverFileName":"system32\\DRIVERS\\rassstp.sys","DeviceInstanceID":"ROOT\\MS_SSTPMINIPORT\\0000","PrimaryService":true,"UpdateService":true,"AddServiceStatus":0}}}}
{"Event_attributes":{"xmlns":"http://schemas.microsoft.com/win/2004/08/events/event"},"Event":{"System":{"Provider_attributes":{"Name":"Microsoft-Windows-UserPnp","Guid":"96F4A050-7E31-453C-88BE-9634F4E02139"},"EventID":20001,"Version":0,"Level":4,"Task":7005,"Opcode":0,"Keywords":"0x8000000000000000","TimeCreated_attributes":{"SystemTime":"2013-10-23T16:17:06.093750Z"},"EventRecordID":136,"Correlation":null,"Execution_attributes":{"ProcessID":252,"ThreadID":332},"Channel":"System","Computer":"37L4247D28-05","Security_attributes":{"UserID":"S-1-5-18"}},"UserData":{"InstallDeviceID_attributes":{"xmlns:auto-ns2":"http://schemas.microsoft.com/win/2004/08/events","xmlns":"http://manifests.microsoft.com/win/2004/08/windows/userpnp"},"InstallDeviceID":{"DriverName":null,"DriverVersion":"6.1.7600.16385","DriverProvider":"Microsoft","DeviceInstanceID":"ROOT\\MS_SSTPMINIPORT\\0000","SetupClass":"4D36E972-E325-11CE-BFC1-08002BE10318","RebootOption":false,"UpgradeDevice":true,"IsDriverOEM":false,"InstallStatus":"0x0","DriverDescription":"WAN Miniport (SSTP)"}}}}
{"Event_attributes":{"xmlns":"http://schemas.microsoft.com/win/2004/08/events/event"},"Event":{"System":{"Provider_attributes":{"Name":"Microsoft-Windows-UserPnp","Guid":"96F4A050-7E31-453C-88BE-9634F4E02139"},"EventID":20003,"Version":0,"Level":4,"Task":7005,"Opcode":0,"Keywords":"0x8000000000000000","TimeCreated_attributes":{"SystemTime":"2013-10-23T16:17:06.515625Z"},"EventRecordID":137,"Correlation":null,"Execution_attributes":{"ProcessID":380,"ThreadID":504},"Channel":"System","Computer":"37L4247D28-05","Security_attributes":{"UserID":"S-1-5-18"}},"UserData":{"AddServiceID_attributes":{"xmlns:auto-ns2":"http://schemas.microsoft.com/win/2004/08/events","xmlns":"http://manifests.microsoft.com/win/2004/08/windows/userpnp"},"AddServiceID":{"ServiceName":"CompositeBus","DriverFileName":"system32\\DRIVERS\\CompositeBus.sys","DeviceInstanceID":"ROOT\\COMPOSITEBUS\\0000","PrimaryService":true,"UpdateService":true,"AddServiceStatus":0}}}}
{"Event_attributes":{"xmlns":"http://schemas.microsoft.com/win/2004/08/events/event"},"Event":{"System":{"Provider_attributes":{"Name":"Microsoft-Windows-UserPnp","Guid":"96F4A050-7E31-453C-88BE-9634F4E02139"},"EventID":20001,"Version":0,"Level":4,"Task":7005,"Opcode":0,"Keywords":"0x8000000000000000","TimeCreated_attributes":{"SystemTime":"2013-10-23T16:17:06.734375Z"},"EventRecordID":138,"Correlation":null,"Execution_attributes":{"ProcessID":380,"ThreadID":504},"Channel":"System","Computer":"37L4247D28-05","Security_attributes":{"UserID":"S-1-5-18"}},"UserData":{"InstallDeviceID_attributes":{"xmlns:auto-ns2":"http://schemas.microsoft.com/win/2004/08/events","xmlns":"http://manifests.microsoft.com/win/2004/08/windows/userpnp"},"InstallDeviceID":{"DriverName":"FileRepository\\compositebus.inf_x86_neutral_21bd9e8289e1734d\\compositebus.inf","DriverVersion":"6.1.7600.16385","DriverProvider":"Microsoft","DeviceInstanceID":"ROOT\\COMPOSITEBUS\\0000","SetupClass":"4D36E97D-E325-11CE-BFC1-08002BE10318","RebootOption":false,"UpgradeDevice":true,"IsDriverOEM":false,"InstallStatus":"0x0","DriverDescription":"Composite Bus Enumerator"}}}}
{"Event_attributes":{"xmlns":"http://schemas.microsoft.com/win/2004/08/events/event"},"Event":{"System":{"Provider_attributes":{"Name":"Microsoft-Windows-UserPnp","Guid":"96F4A050-7E31-453C-88BE-9634F4E02139"},"EventID":20003,"Version":0,"Level":4,"Task":7005,"Opcode":0,"Keywords":"0x8000000000000000","TimeCreated_attributes":{"SystemTime":"2013-10-23T16:17:07.593750Z"},"EventRecordID":139,"Correlation":null,"Execution_attributes":{"ProcessID":780,"ThreadID":808},"Channel":"System","Computer":"37L4247D28-05","Security_attributes":{"UserID":"S-1-5-18"}},"UserData":{"AddServiceID_attributes":{"xmlns:auto-ns2":"http://schemas.microsoft.com/win/2004/08/events","xmlns":"http://manifests.microsoft.com/win/2004/08/windows/userpnp"},"AddServiceID":{"ServiceName":"TermDD","DriverFileName":"system32\\DRIVERS\\termdd.sys","DeviceInstanceID":"ROOT\\RDP_KBD\\0000","PrimaryService":true,"UpdateService":true,"AddServiceStatus":0}}}}
{"Event_attributes":{"xmlns":"http://schemas.microsoft.com/win/2004/08/events/event"},"Event":{"System":{"Provider_attributes":{"Name":"Microsoft-Windows-UserPnp","Guid":"96F4A050-7E31-453C-88BE-9634F4E02139"},"EventID":20003,"Version":0,"Level":4,"Task":7005,"Opcode":0,"Keywords":"0x8000000000000000","TimeCreated_attributes":{"SystemTime":"2013-10-23T16:17:07.640625Z"},"EventRecordID":140,"Correlation":null,"Execution_attributes":{"ProcessID":780,"ThreadID":808},"Channel":"System","Computer":"37L4247D28-05","Security_attributes":{"UserID":"S-1-5-18"}},"UserData":{"AddServiceID_attributes":{"xmlns:auto-ns2":"http://schemas.microsoft.com/win/2004/08/events","xmlns":"http://manifests.microsoft.com/win/2004/08/windows/userpnp"},"AddServiceID":{"ServiceName":"kbdclass","DriverFileName":"system32\\DRIVERS\\kbdclass.sys","DeviceInstanceID":"ROOT\\RDP_KBD\\0000","PrimaryService":false,"UpdateService":true,"AddServiceStatus":0}}}}
{"Event_attributes":{"xmlns":"http://schemas.microsoft.com/win/2004/08/events/event"},"Event":{"System":{"Provider_attributes":{"Name":"Microsoft-Windows-UserPnp","Guid":"96F4A050-7E31-453C-88BE-9634F4E02139"},"EventID":20001,"Version":0,"Level":4,"Task":7005,"Opcode":0,"Keywords":"0x8000000000000000","TimeCreated_attributes":{"SystemTime":"2013-10-23T16:17:07.765625Z"},"EventRecordID":141,"Correlation":null,"Execution_attributes":{"ProcessID":780,"ThreadID":808},"Channel":"System","Computer":"37L4247D28-05","Security_attributes":{"UserID":"S-1-5-18"}},"UserData":{"InstallDeviceID_attributes":{"xmlns:auto-ns2":"http://schemas.microsoft.com/win/2004/08/events","xmlns":"http://manifests.microsoft.com/win/2004/08/windows/userpnp"},"InstallDeviceID":{"DriverName":"FileRepository\\machine.inf_x86_neutral_65848c2d7375a720\\machine.inf","DriverVersion":"6.1.7600.16385","DriverProvider":"Microsoft","DeviceInstanceID":"ROOT\\RDP_KBD\\0000","SetupClass":"4D36E97D-E325-11CE-BFC1-08002BE10318","RebootOption":true,"UpgradeDevice":true,"IsDriverOEM":false,"InstallStatus":"0x0","DriverDescription":"Terminal Server Keyboard Driver"}}}}
{"Event_attributes":{"xmlns":"http://schemas.microsoft.com/win/2004/08/events/event"},"Event":{"System":{"Provider_attributes":{"Name":"Microsoft-Windows-UserPnp","Guid":"96F4A050-7E31-453C-88BE-9634F4E02139"},"EventID":20003,"Version":0,"Level":4,"Task":7005,"Opcode":0,"Keywords":"0x8000000000000000","TimeCreated_attributes":{"SystemTime":"2013-10-23T16:17:08.562500Z"},"EventRecordID":142,"Correlation":null,"Execution_attributes":{"ProcessID":828,"ThreadID":948},"Channel":"System","Computer":"37L4247D28-05","Security_attributes":{"UserID":"S-1-5-18"}},"UserData":{"AddServiceID_attributes":{"xmlns:auto-ns2":"http://schemas.microsoft.com/win/2004/08/events","xmlns":"http://manifests.microsoft.com/win/2004/08/windows/userpnp"},"AddServiceID":{"ServiceName":"TermDD","DriverFileName":"system32\\DRIVERS\\termdd.sys","DeviceInstanceID":"ROOT\\RDP_MOU\\0000","PrimaryService":true,"UpdateService":true,"AddServiceStatus":0}}}}
{"Event_attributes":{"xmlns":"http://schemas.microsoft.com/win/2004/08/events/event"},"Event":{"System":{"Provider_attributes":{"Name":"Microsoft-Windows-UserPnp","Guid":"96F4A050-7E31-453C-88BE-9634F4E02139"},"EventID":20003,"Version":0,"Level":4,"Task":7005,"Opcode":0,"Keywords":"0x8000000000000000","TimeCreated_attributes":{"SystemTime":"2013-10-23T16:17:08.640625Z"},"EventRecordID":143,"Correlation":null,"Execution_attributes":{"ProcessID":828,"ThreadID":948},"Channel":"System","Computer":"37L4247D28-05","Security_attributes":{"UserID":"S-1-5-18"}},"UserData":{"AddServiceID_attributes":{"xmlns:auto-ns2":"http://schemas.microsoft.com/win/2004/08/events","xmlns":"http://manifests.microsoft.com/win/2004/08/windows/userpnp"},"AddServiceID":{"ServiceName":"mouclass","DriverFileName":"system32\\DRIVERS\\mouclass.sys","DeviceInstanceID":"ROOT\\RDP_MOU\\0000","PrimaryService":false,"UpdateService":true,"AddServiceStatus":0}}}}
{"Event_attributes":{"xmlns":"http://schemas.microsoft.com/win/2004/08/events/event"},"Event":{"System":{"Provider_attributes":{"Name":"Microsoft-Windows-UserPnp","Guid":"96F4A050-7E31-453C-88BE-9634F4E02139"},"EventID":20001,"Version":0,"Level":4,"Task":7005,"Opcode":0,"Keywords":"0x8000000000000000","TimeCreated_attributes":{"SystemTime":"2013-10-23T16:17:08.812500Z"},"EventRecordID":144,"Correlation":null,"Execution_attributes":{"ProcessID":828,"ThreadID":948},"Channel":"System","Computer":"37L4247D28-05","Security_attributes":{"UserID":"S-1-5-18"}},"UserData":{"InstallDeviceID_attributes":{"xmlns:auto-ns2":"http://schemas.microsoft.com/win/2004/08/events","xmlns":"http://manifests.microsoft.com/win/2004/08/windows/userpnp"},"InstallDeviceID":{"DriverName":"FileRepository\\machine.inf_x86_neutral_65848c2d7375a720\\machine.inf","DriverVersion":"6.1.7600.16385","DriverProvider":"Microsoft","DeviceInstanceID":"ROOT\\RDP_MOU\\0000","SetupClass":"4D36E97D-E325-11CE-BFC1-08002BE10318","RebootOption":true,"UpgradeDevice":true,"IsDriverOEM":false,"InstallStatus":"0x0","DriverDescription":"Terminal Server Mouse Driver"}}}}
{"Event_attributes":{"xmlns":"http://schemas.microsoft.com/win/2004/08/events/event"},"Event":{"System":{"Provider_attributes":{"Name":"Microsoft-Windows-UserPnp","Guid":"96F4A050-7E31-453C-88BE-9634F4E02139"},"EventID":20003,"Version":0,"Level":4,"Task":7005,"Opcode":0,"Keywords":"0x8000000000000000","TimeCreated_attributes":{"SystemTime":"2013-10-23T16:17:09.968750Z"},"EventRecordID":145,"Correlation":null,"Execution_attributes":{"ProcessID":1104,"ThreadID":1116},"Channel":"System","Computer":"37L4247D28-05","Security_attributes":{"UserID":"S-1-5-18"}},"UserData":{"AddServiceID_attributes":{"xmlns:auto-ns2":"http://schemas.microsoft.com/win/2004/08/events","xmlns":"http://manifests.microsoft.com/win/2004/08/windows/userpnp"},"AddServiceID":{"ServiceName":"swenum","DriverFileName":"system32\\DRIVERS\\swenum.sys","DeviceInstanceID":"ROOT\\SYSTEM\\0000","PrimaryService":true,"UpdateService":true,"AddServiceStatus":0}}}}
{"Event_attributes":{"xmlns":"http://schemas.microsoft.com/win/2004/08/events/event"},"Event":{"System":{"Provider_attributes":{"Name":"Microsoft-Windows-UserPnp","Guid":"96F4A050-7E31-453C-88BE-9634F4E02139"},"EventID":20001,"Version":0,"Level":4,"Task":7005,"Opcode":0,"Keywords":"0x8000000000000000","TimeCreated_attributes":{"SystemTime":"2013-10-23T16:17:10.093750Z"},"EventRecordID":146,"Correlation":null,"Execution_attributes":{"ProcessID":1104,"ThreadID":1116},"Channel":"System","Computer":"37L4247D28-05","Security_attributes":{"UserID":"S-1-5-18"}},"UserData":{"InstallDeviceID_attributes":{"xmlns:auto-ns2":"http://schemas.microsoft.com/win/2004/08/events","xmlns":"http://manifests.microsoft.com/win/2004/08/windows/userpnp"},"InstallDeviceID":{"DriverName":"FileRepository\\machine.inf_x86_neutral_65848c2d7375a720\\machine.inf","DriverVersion":"6.1.7600.16385","DriverProvider":"Microsoft","DeviceInstanceID":"ROOT\\SYSTEM\\0000","SetupClass":"4D36E97D-E325-11CE-BFC1-08002BE10318","RebootOption":false,"UpgradeDevice":true,"IsDriverOEM":false,"InstallStatus":"0x0","DriverDescription":"Plug and Play Software Device Enumerator"}}}}
{"Event_attributes":{"xmlns":"http://schemas.microsoft.com/win/2004/08/events/event"},"Event":{"System":{"Provider_attributes":{"Name":"Microsoft-Windows-UserPnp","Guid":"96F4A050-7E31-453C-88BE-9634F4E02139"},"EventID":20003,"Version":0,"Level":4,"Task":7005,"Opcode":0,"Keywords":"0x8000000000000000","TimeCreated_attributes":{"SystemTime":"2013-10-23T16:17:10.546875Z"},"EventRecordID":147,"Correlation":null,"Execution_attributes":{"ProcessID":1328,"ThreadID":1384},"Channel":"System","Computer":"37L4247D28-05","Security_attributes":{"UserID":"S-1-5-18"}},"UserData":{"AddServiceID_attributes":{"xmlns:auto-ns2":"http://schemas.microsoft.com/win/2004/08/events","xmlns":"http://manifests.microsoft.com/win/2004/08/windows/userpnp"},"AddServiceID":{"ServiceName":"umbus","DriverFileName":"system32\\DRIVERS\\umbus.sys","DeviceInstanceID":"ROOT\\UMBUS\\0000","PrimaryService":true,"UpdateService":true,"AddServiceStatus":0}}}}
{"Event_attributes":{"xmlns":"http://schemas.microsoft.com/win/2004/08/events/event"},"Event":{"System":{"Provider_attributes":{"Name":"Microsoft-Windows-UserPnp","Guid":"96F4A050-7E31-453C-88BE-9634F4E02139"},"EventID":20001,"Version":0,"Level":4,"Task":7005,"Opcode":0,"Keywords":"0x8000000000000000","TimeCreated_attributes":{"SystemTime":"2013-10-23T16:17:10.906250Z"},"EventRecordID":148,"Correlation":null,"Execution_attributes":{"ProcessID":1328,"ThreadID":1384},"Channel":"System","Computer":"37L4247D28-05","Security_attributes":{"UserID":"S-1-5-18"}},"UserData":{"InstallDeviceID_attributes":{"xmlns:auto-ns2":"http://schemas.microsoft.com/win/2004/08/events","xmlns":"http://manifests.microsoft.com/win/2004/08/windows/userpnp"},"InstallDeviceID":{"DriverName":"FileRepository\\umbus.inf_x86_neutral_b5261e2f9508e396\\umbus.inf","DriverVersion":"6.1.7600.16385","DriverProvider":"Microsoft","DeviceInstanceID":"ROOT\\UMBUS\\0000","SetupClass":"4D36E97D-E325-11CE-BFC1-08002BE10318","RebootOption":false,"UpgradeDevice":true,"IsDriverOEM":false,"InstallStatus":"0x0","DriverDescription":"UMBus Root Bus Enumerator"}}}}
{"Event_attributes":{"xmlns":"http://schemas.microsoft.com/win/2004/08/events/event"},"Event":{"System":{"Provider_attributes":{"Name":"Microsoft-Windows-UserPnp","Guid":"96F4A050-7E31-453C-88BE-9634F4E02139"},"EventID":20003,"Version":0,"Level":4,"Task":7005,"Opcode":0,"Keywords":"0x8000000000000000","TimeCreated_attributes":{"SystemTime":"2013-10-23T16:17:11.265625Z"},"EventRecordID":149,"Correlation":null,"Execution_attributes":{"ProcessID":1440,"ThreadID":1176},"Channel":"System","Computer":"37L4247D28-05","Security_attributes":{"UserID":"S-1-5-18"}},"UserData":{"AddServiceID_attributes":{"xmlns:auto-ns2":"http://schemas.microsoft.com/win/2004/08/events","xmlns":"http://manifests.microsoft.com/win/2004/08/windows/userpnp"},"AddServiceID":{"ServiceName":"vdrvroot","DriverFileName":"system32\\DRIVERS\\vdrvroot.sys","DeviceInstanceID":"ROOT\\VDRVROOT\\0000","PrimaryService":true,"UpdateService":true,"AddServiceStatus":0}}}}
{"Event_attributes":{"xmlns":"http://schemas.microsoft.com/win/2004/08/events/event"},"Event":{"System":{"Provider_attributes":{"Name":"Microsoft-Windows-UserPnp","Guid":"96F4A050-7E31-453C-88BE-9634F4E02139"},"EventID":20001,"Version":0,"Level":4,"Task":7005,"Opcode":0,"Keywords":"0x8000000000000000","TimeCreated_attributes":{"SystemTime":"2013-10-23T16:17:11.453125Z"},"EventRecordID":150,"Correlation":null,"Execution_attributes":{"ProcessID":1440,"ThreadID":1176},"Channel":"System","Computer":"37L4247D28-05","Security_attributes":{"UserID":"S-1-5-18"}},"UserData":{"InstallDeviceID_attributes":{"xmlns:auto-ns2":"http://schemas.microsoft.com/win/2004/08/events","xmlns":"http://manifests.microsoft.com/win/2004/08/windows/userpnp"},"InstallDeviceID":{"DriverName":"FileRepository\\machine.inf_x86_neutral_65848c2d7375a720\\machine.inf","DriverVersion":"6.1.7600.16385","DriverProvider":"Microsoft","DeviceInstanceID":"ROOT\\VDRVROOT\\0000","SetupClass":"4D36E97D-E325-11CE-BFC1-08002BE10318","RebootOption":false,"UpgradeDevice":false,"IsDriverOEM":false,"InstallStatus":"0x0","DriverDescription":"Microsoft Virtual Drive Enumerator Driver"}}}}
{"Event_attributes":{"xmlns":"http://schemas.microsoft.com/win/2004/08/events/event"},"Event":{"System":{"Provider_attributes":{"Name":"Microsoft-Windows-UserPnp","Guid":"96F4A050-7E31-453C-88BE-9634F4E02139"},"EventID":20003,"Version":0,"Level":4,"Task":7005,"Opcode":0,"Keywords":"0x8000000000000000","TimeCreated_attributes":{"SystemTime":"2013-10-23T16:17:11.687500Z"},"EventRecordID":151,"Correlation":null,"Execution_attributes":{"ProcessID":1748,"ThreadID":1892},"Channel":"System","Computer":"37L4247D28-05","Security_attributes":{"UserID":"S-1-5-18"}},"UserData":{"AddServiceID_attributes":{"xmlns:auto-ns2":"http://schemas.microsoft.com/win/2004/08/events","xmlns":"http://manifests.microsoft.com/win/2004/08/windows/userpnp"},"AddServiceID":{"ServiceName":"volmgr","DriverFileName":"system32\\DRIVERS\\volmgr.sys","DeviceInstanceID":"ROOT\\VOLMGR\\0000","PrimaryService":true,"UpdateService":true,"AddServiceStatus":0}}}}
{"Event_attributes":{"xmlns":"http://schemas.microsoft.com/win/2004/08/events/event"},"Event":{"System":{"Provider_attributes":{"Name":"Microsoft-Windows-UserPnp","Guid":"96F4A050-7E31-453C-88BE-9634F4E02139"},"EventID":20001,"Version":0,"Level":4,"Task":7005,"Opcode":0,"Keywords":"0x8000000000000000","TimeCreated_attributes":{"SystemTime":"2013-10-23T16:17:11.734375Z"},"EventRecordID":152,"Correlation":null,"Execution_attributes":{"ProcessID":1748,"ThreadID":1892},"Channel":"System","Computer":"37L4247D28-05","Security_attributes":{"UserID":"S-1-5-18"}},"UserData":{"InstallDeviceID_attributes":{"xmlns:auto-ns2":"http://schemas.microsoft.com/win/2004/08/events","xmlns":"http://manifests.microsoft.com/win/2004/08/windows/userpnp"},"InstallDeviceID":{"DriverName":"FileRepository\\machine.inf_x86_neutral_65848c2d7375a720\\machine.inf","DriverVersion":"6.1.7600.16385","DriverProvider":"Microsoft","DeviceInstanceID":"ROOT\\VOLMGR\\0000","SetupClass":"4D36E97D-E325-11CE-BFC1-08002BE10318","RebootOption":true,"UpgradeDevice":true,"IsDriverOEM":false,"InstallStatus":"0x0","DriverDescription":"Volume Manager"}}}}
{"Event_attributes":{"xmlns":"http://schemas.microsoft.com/win/2004/08/events/event"},"Event":{"System":{"Provider_attributes":{"Name":"Microsoft-Windows-UserPnp","Guid":"96F4A050-7E31-453C-88BE-9634F4E02139"},"EventID":20003,"Version":0,"Level":4,"Task":7005,"Opcode":0,"Keywords":"0x8000000000000000","TimeCreated_attributes":{"SystemTime":"2013-10-23T16:17:12.500000Z"},"EventRecordID":153,"Correlation":null,"Execution_attributes":{"ProcessID":1736,"ThreadID":1720},"Channel":"System","Computer":"37L4247D28-05","Security_attributes":{"UserID":"S-1-5-18"}},"UserData":{"AddServiceID_attributes":{"xmlns:auto-ns2":"http://schemas.microsoft.com/win/2004/08/events","xmlns":"http://manifests.microsoft.com/win/2004/08/windows/userpnp"},"AddServiceID":{"ServiceName":"ACPI","DriverFileName":"system32\\DRIVERS\\ACPI.sys","DeviceInstanceID":"ACPI_HAL\\PNP0C08\\0","PrimaryService":true,"UpdateService":true,"AddServiceStatus":0}}}}
{"Event_attributes":{"xmlns":"http://schemas.microsoft.com/win/2004/08/events/event"},"Event":{"System":{"Provider_attributes":{"Name":"Microsoft-Windows-UserPnp","Guid":"96F4A050-7E31-453C-88BE-9634F4E02139"},"EventID":20001,"Version":0,"Level":4,"Task":7005,"Opcode":0,"Keywords":"0x8000000000000000","TimeCreated_attributes":{"SystemTime":"2013-10-23T16:17:12.515625Z"},"EventRecordID":154,"Correlation":null,"Execution_attributes":{"ProcessID":1736,"ThreadID":1720},"Channel":"System","Computer":"37L4247D28-05","Security_attributes":{"UserID":"S-1-5-18"}},"UserData":{"InstallDeviceID_attributes":{"xmlns:auto-ns2":"http://schemas.microsoft.com/win/2004/08/events","xmlns":"http://manifests.microsoft.com/win/2004/08/windows/userpnp"},"InstallDeviceID":{"DriverName":"FileRepository\\acpi.inf_x86_neutral_ddd3c514822f1b21\\acpi.inf","DriverVersion":"6.1.7600.16385","DriverProvider":"Microsoft","DeviceInstanceID":"ACPI_HAL\\PNP0C08\\0","SetupClass":"4D36E97D-E325-11CE-BFC1-08002BE10318","RebootOption":true,"UpgradeDevice":false,"IsDriverOEM":false,"InstallStatus":"0x0","DriverDescription":"Microsoft ACPI-Compliant System"}}}}
{"Event_attributes":{"xmlns":"http://schemas.microsoft.com/win/2004/08/events/event"},"Event":{"System":{"Provider_attributes":{"Name":"Microsoft-Windows-UserPnp","Guid":"96F4A050-7E31-453C-88BE-9634F4E02139"},"EventID":20003,"Version":0,"Level":4,"Task":7005,"Opcode":0,"Keywords":"0x8000000000000000","TimeCreated_attributes":{"SystemTime":"2013-10-23T16:17:13.359375Z"},"EventRecordID":155,"Correlation":null,"Execution_attributes":{"ProcessID":1924,"ThreadID":1900},"Channel":"System","Computer":"37L4247D28-05","Security_attributes":{"UserID":"S-1-5-18"}},"UserData":{"AddServiceID_attributes":{"xmlns:auto-ns2":"http://schemas.microsoft.com/win/2004/08/events","xmlns":"http://manifests.microsoft.com/win/2004/08/windows/userpnp"},"AddServiceID":{"ServiceName":"volsnap","DriverFileName":"system32\\DRIVERS\\volsnap.sys","DeviceInstanceID":"STORAGE\\VOLUME\\{59FF5BEA-3BFE-11E3-8B4A-806E6F6E6963}#0000000000100000","PrimaryService":true,"UpdateService":true,"AddServiceStatus":0}}}}
{"Event_attributes":{"xmlns":"http://schemas.microsoft.com/win/2004/08/events/event"},"Event":{"System":{"Provider_attributes":{"Name":"Microsoft-Windows-UserPnp","Guid":"96F4A050-7E31-453C-88BE-9634F4E02139"},"EventID":20001,"Version":0,"Level":4,"Task":7005,"Opcode":0,"Keywords":"0x8000000000000000","TimeCreated_attributes":{"SystemTime":"2013-10-23T16:17:13.375000Z"},"EventRecordID":156,"Correlation":null,"Execution_attributes":{"ProcessID":1924,"ThreadID":1900},"Channel":"System","Computer":"37L4247D28-05","Security_attributes":{"UserID":"S-1-5-18"}},"UserData":{"InstallDeviceID_attributes":{"xmlns:auto-ns2":"http://schemas.microsoft.com/win/2004/08/events","xmlns":"http://manifests.microsoft.com/win/2004/08/windows/userpnp"},"InstallDeviceID":{"DriverName":"FileRepository\\volume.inf_x86_neutral_29364d30156a24ca\\volume.inf","DriverVersion":"6.1.7600.16385","DriverProvider":"Microsoft","DeviceInstanceID":"STORAGE\\VOLUME\\{59FF5BEA-3BFE-11E3-8B4A-806E6F6E6963}#0000000000100000","SetupClass":"71A27CDD-812A-11D0-BEC7-08002BE2092F","RebootOption":false,"UpgradeDevice":false,"IsDriverOEM":false,"InstallStatus":"0x0","DriverDescription":"Generic volume"}}}}
{"Event_attributes":{"xmlns":"http://schemas.microsoft.com/win/2004/08/events/event"},"Event":{"System":{"Provider_attributes":{"Name":"Microsoft-Windows-UserPnp","Guid":"96F4A050-7E31-453C-88BE-9634F4E02139"},"EventID":20003,"Version":0,"Level":4,"Task":7005,"Opcode":0,"Keywords":"0x8000000000000000","TimeCreated_attributes":{"SystemTime":"2013-10-23T16:17:13.921875Z"},"EventRecordID":157,"Correlation":null,"Execution_attributes":{"ProcessID":1908,"ThreadID":1920},"Channel":"System","Computer":"37L4247D28-05","Security_attributes":{"UserID":"S-1-5-18"}},"UserData":{"AddServiceID_attributes":{"xmlns:auto-ns2":"http://schemas.microsoft.com/win/2004/08/events","xmlns":"http://manifests.microsoft.com/win/2004/08/windows/userpnp"},"AddServiceID":{"ServiceName":"volsnap","DriverFileName":"system32\\DRIVERS\\volsnap.sys","DeviceInstanceID":"STORAGE\\VOLUME\\{59FF5BEA-3BFE-11E3-8B4A-806E6F6E6963}#0000000006500000","PrimaryService":true,"UpdateService":true,"AddServiceStatus":0}}}}
{"Event_attributes":{"xmlns":"http://schemas.microsoft.com/win/2004/08/events/event"},"Event":{"System":{"Provider_attributes":{"Name":"Microsoft-Windows-UserPnp","Guid":"96F4A050-7E31-453C-88BE-9634F4E02139"},"EventID":20001,"Version":0,"Level":4,"Task":7005,"Opcode":0,"Keywords":"0x8000000000000000","TimeCreated_attributes":{"SystemTime":"2013-10-23T16:17:13.937500Z"},"EventRecordID":158,"Correlation":null,"Execution_attributes":{"ProcessID":1908,"ThreadID":1920},"Channel":"System","Computer":"37L4247D28-05","Security_attributes":{"UserID":"S-1-5-18"}},"UserData":{"InstallDeviceID_attributes":{"xmlns:auto-ns2":"http://schemas.microsoft.com/win/2004/08/events","xmlns":"http://manifests.microsoft.com/win/2004/08/windows/userpnp"},"InstallDeviceID":{"DriverName":"FileRepository\\volume.inf_x86_neutral_29364d30156a24ca\\volume.inf","DriverVersion":"6.1.7600.16385","DriverProvider":"Microsoft","DeviceInstanceID":"STORAGE\\VOLUME\\{59FF5BEA-3BFE-11E3-8B4A-806E6F6E6963}#0000000006500000","SetupClass":"71A27CDD-812A-11D0-BEC7-08002BE2092F","RebootOption":false,"UpgradeDevice":false,"IsDriverOEM":false,"InstallStatus":"0x0","DriverDescription":"Generic volume"}}}}
{"Event_attributes":{"xmlns":"http://schemas.microsoft.com/win/2004/08/events/event"},"Event":{"System":{"Provider_attributes":{"Name":"Microsoft-Windows-UserPnp","Guid":"96F4A050-7E31-453C-88BE-9634F4E02139"},"EventID":20001,"Version":0,"Level":4,"Task":7005,"Opcode":0,"Keywords":"0x8000000000000000","TimeCreated_attributes":{"SystemTime":"2013-10-23T16:17:14.140625Z"},"EventRecordID":159,"Correlation":null,"Execution_attributes":{"ProcessID":1692,"ThreadID":2044},"Channel":"System","Computer":"37L4247D28-05","Security_attributes":{"UserID":"S-1-5-18"}},"UserData":{"InstallDeviceID_attributes":{"xmlns:auto-ns2":"http://schemas.microsoft.com/win/2004/08/events","xmlns":"http://manifests.microsoft.com/win/2004/08/windows/userpnp"},"InstallDeviceID":{"DriverName":"FileRepository\\machine.inf_x86_neutral_65848c2d7375a720\\machine.inf","DriverVersion":"6.1.7600.16385","DriverProvider":"Microsoft","DeviceInstanceID":"ACPI\\FIXEDBUTTON\\2&DABA3FF&1","SetupClass":"4D36E97D-E325-11CE-BFC1-08002BE10318","RebootOption":true,"UpgradeDevice":false,"IsDriverOEM":false,"InstallStatus":"0x0","DriverDescription":"ACPI Fixed Feature Button"}}}}
{"Event_attributes":{"xmlns":"http://schemas.microsoft.com/win/2004/08/events/event"},"Event":{"System":{"Provider_attributes":{"Name":"Microsoft-Windows-UserPnp","Guid":"96F4A050-7E31-453C-88BE-9634F4E02139"},"EventID":20003,"Version":0,"Level":4,"Task":7005,"Opcode":0,"Keywords":"0x8000000000000000","TimeCreated_attributes":{"SystemTime":"2013-10-23T16:17:14.562500Z"},"EventRecordID":160,"Correlation":null,"Execution_attributes":{"ProcessID":2036,"ThreadID":1992},"Channel":"System","Computer":"37L4247D28-05","Security_attributes":{"UserID":"S-1-5-18"}},"UserData":{"AddServiceID_attributes":{"xmlns:auto-ns2":"http://schemas.microsoft.com/win/2004/08/events","xmlns":"http://manifests.microsoft.com/win/2004/08/windows/userpnp"},"AddServiceID":{"ServiceName":"intelppm","DriverFileName":"system32\\DRIVERS\\intelppm.sys","DeviceInstanceID":"ACPI\\GENUINEINTEL_-_X86_FAMILY_6_MODEL_30_-_INTEL(R)_XEON(R)_CPU___________X3440__@_2.53GHZ\\_1","PrimaryService":true,"UpdateService":true,"AddServiceStatus":0}}}}
{"Event_attributes":{"xmlns":"http://schemas.microsoft.com/win/2004/08/events/event"},"Event":{"System":{"Provider_attributes":{"Name":"Microsoft-Windows-UserPnp","Guid":"96F4A050-7E31-453C-88BE-9634F4E02139"},"EventID":20001,"Version":0,"Level":4,"Task":7005,"Opcode":0,"Keywords":"0x8000000000000000","TimeCreated_attributes":{"SystemTime":"2013-10-23T16:17:14.671875Z"},"EventRecordID":161,"Correlation":null,"Execution_attributes":{"ProcessID":2036,"ThreadID":1992},"Channel":"System","Computer":"37L4247D28-05","Security_attributes":{"UserID":"S-1-5-18"}},"UserData":{"InstallDeviceID_attributes":{"xmlns:auto-ns2":"http://schemas.microsoft.com/win/2004/08/events","xmlns":"http://manifests.microsoft.com/win/2004/08/windows/userpnp"},"InstallDeviceID":{"DriverName":"FileRepository\\cpu.inf_x86_neutral_729b871528391032\\cpu.inf","DriverVersion":"6.1.7600.16385","DriverProvider":"Microsoft","DeviceInstanceID":"ACPI\\GENUINEINTEL_-_X86_FAMILY_6_MODEL_30_-_INTEL(R)_XEON(R)_CPU___________X3440__@_2.53GHZ\\_1","SetupClass":"50127DC3-0F36-415E-A6CC-4CB3BE910B65","RebootOption":true,"UpgradeDevice":false,"IsDriverOEM":false,"InstallStatus":"0x0","DriverDescription":"Intel Processor"}}}}
{"Event_attributes":{"xmlns":"http://schemas.microsoft.com/win/2004/08/events/event"},"Event":{"System":{"Provider_attributes":{"Name":"Microsoft-Windows-UserPnp","Guid":"96F4A050-7E31-453C-88BE-9634F4E02139"},"EventID":20003,"Version":0,"Level":4,"Task":7005,"Opcode":0,"Keywords":"0x8000000000000000","TimeCreated_attributes":{"SystemTime":"2013-10-23T16:17:15.015625Z"},"EventRecordID":162,"Correlation":null,"Execution_attributes":{"ProcessID":2016,"ThreadID":1984},"Channel":"System","Computer":"37L4247D28-05","Security_attributes":{"UserID":"S-1-5-18"}},"UserData":{"AddServiceID_attributes":{"xmlns:auto-ns2":"http://schemas.microsoft.com/win/2004/08/events","xmlns":"http://manifests.microsoft.com/win/2004/08/windows/userpnp"},"AddServiceID":{"ServiceName":"pci","DriverFileName":"system32\\DRIVERS\\pci.sys","DeviceInstanceID":"ACPI\\PNP0A03\\0","PrimaryService":true,"UpdateService":true,"AddServiceStatus":0}}}}
{"Event_attributes":{"xmlns":"http://schemas.microsoft.com/win/2004/08/events/event"},"Event":{"System":{"Provider_attributes":{"Name":"Microsoft-Windows-UserPnp","Guid":"96F4A050-7E31-453C-88BE-9634F4E02139"},"EventID":20001,"Version":0,"Level":4,"Task":7005,"Opcode":0,"Keywords":"0x8000000000000000","TimeCreated_attributes":{"SystemTime":"2013-10-23T16:17:15.046875Z"},"EventRecordID":163,"Correlation":null,"Execution_attributes":{"ProcessID":2016,"ThreadID":1984},"Channel":"System","Computer":"37L4247D28-05","Security_attributes":{"UserID":"S-1-5-18"}},"UserData":{"InstallDeviceID_attributes":{"xmlns:auto-ns2":"http://schemas.microsoft.com/win/2004/08/events","xmlns":"http://manifests.microsoft.com/win/2004/08/windows/userpnp"},"InstallDeviceID":{"DriverName":"FileRepository\\machine.inf_x86_neutral_65848c2d7375a720\\machine.inf","DriverVersion":"6.1.7600.16385","DriverProvider":"Microsoft","DeviceInstanceID":"ACPI\\PNP0A03\\0","SetupClass":"4D36E97D-E325-11CE-BFC1-08002BE10318","RebootOption":true,"UpgradeDevice":false,"IsDriverOEM":false,"InstallStatus":"0x0","DriverDescription":"PCI bus"}}}}
{"Event_attributes":{"xmlns":"http://schemas.microsoft.com/win/2004/08/events/event"},"Event":{"System":{"Provider_attributes":{"Name":"Microsoft-Windows-UserPnp","Guid":"96F4A050-7E31-453C-88BE-9634F4E02139"},"EventID":20001,"Version":0,"Level":4,"Task":7005,"Opcode":0,"Keywords":"0x8000000000000000","TimeCreated_attributes":{"SystemTime":"2013-10-23T16:17:15.406250Z"},"EventRecordID":164,"Correlation":null,"Execution_attributes":{"ProcessID":384,"ThreadID":556},"Channel":"System","Computer":"37L4247D28-05","Security_attributes":{"UserID":"S-1-5-18"}},"UserData":{"InstallDeviceID_attributes":{"xmlns:auto-ns2":"http://schemas.microsoft.com/win/2004/08/events","xmlns":"http://manifests.microsoft.com/win/2004/08/windows/userpnp"},"InstallDeviceID":{"DriverName":"FileRepository\\machine.inf_x86_neutral_65848c2d7375a720\\machine.inf","DriverVersion":"6.1.7600.16385","DriverProvider":"Microsoft","DeviceInstanceID":"ACPI\\PNP0C01\\1","SetupClass":"4D36E97D-E325-11CE-BFC1-08002BE10318","RebootOption":false,"UpgradeDevice":false,"IsDriverOEM":false,"InstallStatus":"0x0","DriverDescription":"System board"}}}}
{"Event_attributes":{"xmlns":"http://schemas.microsoft.com/win/2004/08/events/event"},"Event":{"System":{"Provider_attributes":{"Name":"Microsoft-Windows-UserPnp","Guid":"96F4A050-7E31-453C-88BE-9634F4E02139"},"EventID":20003,"Version":0,"Level":4,"Task":7005,"Opcode":0,"Keywords":"0x8000000000000000","TimeCreated_attributes":{"SystemTime":"2013-10-23T16:17:16.687500Z"},"EventRecordID":165,"Correlation":null,"Execution_attributes":{"ProcessID":100,"ThreadID":904},"Channel":"System","Computer":"37L4247D28-05","Security_attributes":{"UserID":"S-1-5-18"}},"UserData":{"AddServiceID_attributes":{"xmlns:auto-ns2":"http://schemas.microsoft.com/win/2004/08/events","xmlns":"http://manifests.microsoft.com/win/2004/08/windows/userpnp"},"AddServiceID":{"ServiceName":"intelide","DriverFileName":"system32\\DRIVERS\\intelide.sys","DeviceInstanceID":"PCI\\VEN_8086&DEV_7111&SUBSYS_00000000&REV_01\\3&267A616A&0&39","PrimaryService":true,"UpdateService":true,"AddServiceStatus":0}}}}
{"Event_attributes":{"xmlns":"http://schemas.microsoft.com/win/2004/08/events/event"},"Event":{"System":{"Provider_attributes":{"Name":"Microsoft-Windows-UserPnp","Guid":"96F4A050-7E31-453C-88BE-9634F4E02139"},"EventID":20001,"Version":0,"Level":4,"Task":7005,"Opcode":0,"Keywords":"0x8000000000000000","TimeCreated_attributes":{"SystemTime":"2013-10-23T16:17:16.750000Z"},"EventRecordID":166,"Correlation":null,"Execution_attributes":{"ProcessID":100,"ThreadID":904},"Channel":"System","Computer":"37L4247D28-05","Security_attributes":{"UserID":"S-1-5-18"}},"UserData":{"InstallDeviceID_attributes":{"xmlns:auto-ns2":"http://schemas.microsoft.com/win/2004/08/events","xmlns":"http://manifests.microsoft.com/win/2004/08/windows/userpnp"},"InstallDeviceID":{"DriverName":"FileRepository\\mshdc.inf_x86_neutral_f64b9c35a3a5be81\\mshdc.inf","DriverVersion":"6.1.7600.16385","DriverProvider":"Microsoft","DeviceInstanceID":"PCI\\VEN_8086&DEV_7111&SUBSYS_00000000&REV_01\\3&267A616A&0&39","SetupClass":"4D36E96A-E325-11CE-BFC1-08002BE10318","RebootOption":true,"UpgradeDevice":false,"IsDriverOEM":false,"InstallStatus":"0x0","DriverDescription":"Intel(R) 82371AB/EB PCI Bus Master IDE Controller"}}}}
{"Event_attributes":{"xmlns":"http://schemas.microsoft.com/win/2004/08/events/event"},"Event":{"System":{"Provider_attributes":{"Name":"Microsoft-Windows-UserPnp","Guid":"96F4A050-7E31-453C-88BE-9634F4E02139"},"EventID":20001,"Version":0,"Level":4,"Task":7005,"Opcode":0,"Keywords":"0x8000000000000000","TimeCreated_attributes":{"SystemTime":"2013-10-23T16:17:17.140625Z"},"EventRecordID":167,"Correlation":null,"Execution_attributes":{"ProcessID":332,"ThreadID":560},"Channel":"System","Computer":"37L4247D28-05","Security_attributes":{"UserID":"S-1-5-18"}},"UserData":{"InstallDeviceID_attributes":{"xmlns:auto-ns2":"http://schemas.microsoft.com/win/2004/08/events","xmlns":"http://manifests.microsoft.com/win/2004/08/windows/userpnp"},"InstallDeviceID":{"DriverName":"FileRepository\\machine.inf_x86_neutral_65848c2d7375a720\\machine.inf","DriverVersion":"6.1.7600.16385","DriverProvider":"Microsoft","DeviceInstanceID":"PCI\\VEN_8086&DEV_7192&SUBSYS_00000000&REV_03\\3&267A616A&0&00","SetupClass":"4D36E97D-E325-11CE-BFC1-08002BE10318","RebootOption":false,"UpgradeDevice":false,"IsDriverOEM":false,"InstallStatus":"0x0","DriverDescription":"Intel 82443BX Pentium(R) II Processor to PCI Bridge"}}}}
{"Event_attributes":{"xmlns":"http://schemas.microsoft.com/win/2004/08/events/event"},"Event":{"System":{"Provider_attributes":{"Name":"Microsoft-Windows-UserPnp","Guid":"96F4A050-7E31-453C-88BE-9634F4E02139"},"EventID":20003,"Version":0,"Level":4,"Task":7005,"Opcode":0,"Keywords":"0x8000000000000000","TimeCreated_attributes":{"SystemTime":"2013-10-23T16:17:17.609375Z"},"EventRecordID":168,"Correlation":null,"Execution_attributes":{"ProcessID":1072,"ThreadID":1308},"Channel":"System","Computer":"37L4247D28-05","Security_attributes":{"UserID":"S-1-5-18"}},"UserData":{"AddServiceID_attributes":{"xmlns:auto-ns2":"http://schemas.microsoft.com/win/2004/08/events","xmlns":"http://manifests.microsoft.com/win/2004/08/windows/userpnp"},"AddServiceID":{"ServiceName":"msisadrv","DriverFileName":"system32\\DRIVERS\\msisadrv.sys","DeviceInstanceID":"PCI\\VEN_8086&DEV_7110&SUBSYS_00001414&REV_01\\3&267A616A&0&38","PrimaryService":true,"UpdateService":true,"AddServiceStatus":0}}}}
{"Event_attributes":{"xmlns":"http://schemas.microsoft.com/win/2004/08/events/event"},"Event":{"System":{"Provider_attributes":{"Name":"Microsoft-Windows-UserPnp","Guid":"96F4A050-7E31-453C-88BE-9634F4E02139"},"EventID":20001,"Version":0,"Level":4,"Task":7005,"Opcode":0,"Keywords":"0x8000000000000000","TimeCreated_attributes":{"SystemTime":"2013-10-23T16:17:17.796875Z"},"EventRecordID":169,"Correlation":null,"Execution_attributes":{"ProcessID":1072,"ThreadID":1308},"Channel":"System","Computer":"37L4247D28-05","Security_attributes":{"UserID":"S-1-5-18"}},"UserData":{"InstallDeviceID_attributes":{"xmlns:auto-ns2":"http://schemas.microsoft.com/win/2004/08/events","xmlns":"http://manifests.microsoft.com/win/2004/08/windows/userpnp"},"InstallDeviceID":{"DriverName":"FileRepository\\machine.inf_x86_neutral_65848c2d7375a720\\machine.inf","DriverVersion":"6.1.7600.16385","DriverProvider":"Microsoft","DeviceInstanceID":"PCI\\VEN_8086&DEV_7110&SUBSYS_00001414&REV_01\\3&267A616A&0&38","SetupClass":"4D36E97D-E325-11CE-BFC1-08002BE10318","RebootOption":true,"UpgradeDevice":false,"IsDriverOEM":false,"InstallStatus":"0x0","DriverDescription":"Intel 82371AB/EB PCI to ISA bridge (ISA mode)"}}}}
{"Event_attributes":{"xmlns":"http://schemas.microsoft.com/win/2004/08/events/event"},"Event":{"System":{"Provider_attributes":{"Name":"Microsoft-Windows-UserPnp","Guid":"96F4A050-7E31-453C-88BE-9634F4E02139"},"EventID":20003,"Version":0,"Level":4,"Task":7005,"Opcode":0,"Keywords":"0x8000000000000000","TimeCreated_attributes":{"SystemTime":"2013-10-23T16:17:18.140625Z"},"EventRecordID":170,"Correlation":null,"Execution_attributes":{"ProcessID":576,"ThreadID":960},"Channel":"System","Computer":"37L4247D28-05","Security_attributes":{"UserID":"S-1-5-18"}},"UserData":{"AddServiceID_attributes":{"xmlns:auto-ns2":"http://schemas.microsoft.com/win/2004/08/events","xmlns":"http://manifests.microsoft.com/win/2004/08/windows/userpnp"},"AddServiceID":{"ServiceName":"s3cap","DriverFileName":"system32\\DRIVERS\\vms3cap.sys","DeviceInstanceID":"PCI\\VEN_1414&DEV_5353&SUBSYS_00000000&REV_00\\3&267A616A&0&40","PrimaryService":true,"UpdateService":true,"AddServiceStatus":0}}}}
{"Event_attributes":{"xmlns":"http://schemas.microsoft.com/win/2004/08/events/event"},"Event":{"System":{"Provider_attributes":{"Name":"Microsoft-Windows-UserPnp","Guid":"96F4A050-7E31-453C-88BE-9634F4E02139"},"EventID":20001,"Version":0,"Level":4,"Task":7005,"Opcode":0,"Keywords":"0x8000000000000000","TimeCreated_attributes":{"SystemTime":"2013-10-23T16:17:18.390625Z"},"EventRecordID":171,"Correlation":null,"Execution_attributes":{"ProcessID":576,"ThreadID":960},"Channel":"System","Computer":"37L4247D28-05","Security_attributes":{"UserID":"S-1-5-18"}},"UserData":{"InstallDeviceID_attributes":{"xmlns:auto-ns2":"http://schemas.microsoft.com/win/2004/08/events","xmlns":"http://manifests.microsoft.com/win/2004/08/windows/userpnp"},"InstallDeviceID":{"DriverName":"FileRepository\\ws3cap.inf_x86_neutral_56d05aede2fa93f4\\ws3cap.inf","DriverVersion":"6.1.7600.16385","DriverProvider":"Microsoft","DeviceInstanceID":"PCI\\VEN_1414&DEV_5353&SUBSYS_00000000&REV_00\\3&267A616A&0&40","SetupClass":"4D36E97D-E325-11CE-BFC1-08002BE10318","RebootOption":false,"UpgradeDevice":false,"IsDriverOEM":false,"InstallStatus":"0x0","DriverDescription":"Microsoft Emulated S3 Device Cap"}}}}
{"Event_attributes":{"xmlns":"http://schemas.microsoft.com/win/2004/08/events/event"},"Event":{"System":{"Provider_attributes":{"Name":"Microsoft-Windows-UserPnp","Guid":"96F4A050-7E31-453C-88BE-9634F4E02139"},"EventID":20003,"Version":0,"Level":4,"Task":7005,"Opcode":0,"Keywords":"0x8000000000000000","TimeCreated_attributes":{"SystemTime":"2013-10-23T16:17:18.906250Z"},"EventRecordID":172,"Correlation":null,"Execution_attributes":{"ProcessID":1672,"ThreadID":1848},"Channel":"System","Computer":"37L4247D28-05","Security_attributes":{"UserID":"S-1-5-18"}},"UserData":{"AddServiceID_attributes":{"xmlns:auto-ns2":"http://schemas.microsoft.com/win/2004/08/events","xmlns":"http://manifests.microsoft.com/win/2004/08/windows/userpnp"},"AddServiceID":{"ServiceName":"atapi","DriverFileName":"system32\\DRIVERS\\atapi.sys","DeviceInstanceID":"PCIIDE\\IDECHANNEL\\4&10BF2F88&0&1","PrimaryService":true,"UpdateService":true,"AddServiceStatus":0}}}}
{"Event_attributes":{"xmlns":"http://schemas.microsoft.com/win/2004/08/events/event"},"Event":{"System":{"Provider_attributes":{"Name":"Microsoft-Windows-UserPnp","Guid":"96F4A050-7E31-453C-88BE-9634F4E02139"},"EventID":20001,"Version":0,"Level":4,"Task":7005,"Opcode":0,"Keywords":"0x8000000000000000","TimeCreated_attributes":{"SystemTime":"2013-10-23T16:17:20.125000Z"},"EventRecordID":173,"Correlation":null,"Execution_attributes":{"ProcessID":1672,"ThreadID":1848},"Channel":"System","Computer":"37L4247D28-05","Security_attributes":{"UserID":"S-1-5-18"}},"UserData":{"InstallDeviceID_attributes":{"xmlns:auto-ns2":"http://schemas.microsoft.com/win/2004/08/events","xmlns":"http://manifests.microsoft.com/win/2004/08/windows/userpnp"},"InstallDeviceID":{"DriverName":"FileRepository\\mshdc.inf_x86_neutral_f64b9c35a3a5be81\\mshdc.inf","DriverVersion":"6.1.7600.16385","DriverProvider":"Microsoft","DeviceInstanceID":"PCIIDE\\IDECHANNEL\\4&10BF2F88&0&1","SetupClass":"4D36E96A-E325-11CE-BFC1-08002BE10318","RebootOption":false,"UpgradeDevice":false,"IsDriverOEM":false,"InstallStatus":"0x0","DriverDescription":"IDE Channel"}}}}
{"Event_attributes":{"xmlns":"http://schemas.microsoft.com/win/2004/08/events/event"},"Event":{"System":{"Provider_attributes":{"Name":"Microsoft-Windows-UserPnp","Guid":"96F4A050-7E31-453C-88BE-9634F4E02139"},"EventID":20003,"Version":0,"Level":4,"Task":7005,"Opcode":0,"Keywords":"0x8000000000000000","TimeCreated_attributes":{"SystemTime":"2013-10-23T16:17:20.578125Z"},"EventRecordID":174,"Correlation":null,"Execution_attributes":{"ProcessID":1344,"ThreadID":832},"Channel":"System","Computer":"37L4247D28-05","Security_attributes":{"UserID":"S-1-5-18"}},"UserData":{"AddServiceID_attributes":{"xmlns:auto-ns2":"http://schemas.microsoft.com/win/2004/08/events","xmlns":"http://manifests.microsoft.com/win/2004/08/windows/userpnp"},"AddServiceID":{"ServiceName":"atapi","DriverFileName":"system32\\DRIVERS\\atapi.sys","DeviceInstanceID":"PCIIDE\\IDECHANNEL\\4&10BF2F88&0&0","PrimaryService":true,"UpdateService":true,"AddServiceStatus":0}}}}
{"Event_attributes":{"xmlns":"http://schemas.microsoft.com/win/2004/08/events/event"},"Event":{"System":{"Provider_attributes":{"Name":"Microsoft-Windows-UserPnp","Guid":"96F4A050-7E31-453C-88BE-9634F4E02139"},"EventID":20001,"Version":0,"Level":4,"Task":7005,"Opcode":0,"Keywords":"0x8000000000000000","TimeCreated_attributes":{"SystemTime":"2013-10-23T16:17:20.734375Z"},"EventRecordID":175,"Correlation":null,"Execution_attributes":{"ProcessID":1344,"ThreadID":832},"Channel":"System","Computer":"37L4247D28-05","Security_attributes":{"UserID":"S-1-5-18"}},"UserData":{"InstallDeviceID_attributes":{"xmlns:auto-ns2":"http://schemas.microsoft.com/win/2004/08/events","xmlns":"http://manifests.microsoft.com/win/2004/08/windows/userpnp"},"InstallDeviceID":{"DriverName":"FileRepository\\mshdc.inf_x86_neutral_f64b9c35a3a5be81\\mshdc.inf","DriverVersion":"6.1.7600.16385","DriverProvider":"Microsoft","DeviceInstanceID":"PCIIDE\\IDECHANNEL\\4&10BF2F88&0&0","SetupClass":"4D36E96A-E325-11CE-BFC1-08002BE10318","RebootOption":true,"UpgradeDevice":false,"IsDriverOEM":false,"InstallStatus":"0x0","DriverDescription":"IDE Channel"}}}}
{"Event_attributes":{"xmlns":"http://schemas.microsoft.com/win/2004/08/events/event"},"Event":{"System":{"Provider_attributes":{"Name":"Microsoft-Windows-UserPnp","Guid":"96F4A050-7E31-453C-88BE-9634F4E02139"},"EventID":20001,"Version":0,"Level":4,"Task":7005,"Opcode":0,"Keywords":"0x8000000000000000","TimeCreated_attributes":{"SystemTime":"2013-10-23T16:17:20.953125Z"},"EventRecordID":176,"Correlation":null,"Execution_attributes":{"ProcessID":1740,"ThreadID":1336},"Channel":"System","Computer":"37L4247D28-05","Security_attributes":{"UserID":"S-1-5-18"}},"UserData":{"InstallDeviceID_attributes":{"xmlns:auto-ns2":"http://schemas.microsoft.com/win/2004/08/events","xmlns":"http://manifests.microsoft.com/win/2004/08/windows/userpnp"},"InstallDeviceID":{"DriverName":"FileRepository\\machine.inf_x86_neutral_65848c2d7375a720\\machine.inf","DriverVersion":"6.1.7600.16385","DriverProvider":"Microsoft","DeviceInstanceID":"ACPI\\PNP0C02\\1","SetupClass":"4D36E97D-E325-11CE-BFC1-08002BE10318","RebootOption":false,"UpgradeDevice":false,"IsDriverOEM":false,"InstallStatus":"0x0","DriverDescription":"Motherboard resources"}}}}
{"Event_attributes":{"xmlns":"http://schemas.microsoft.com/win/2004/08/events/event"},"Event":{"System":{"Provider_attributes":{"Name":"Microsoft-Windows-UserPnp","Guid":"96F4A050-7E31-453C-88BE-9634F4E02139"},"EventID":20001,"Version":0,"Level":4,"Task":7005,"Opcode":0,"Keywords":"0x8000000000000000","TimeCreated_attributes":{"SystemTime":"2013-10-23T16:17:21.203125Z"},"EventRecordID":177,"Correlation":null,"Execution_attributes":{"ProcessID":1868,"ThreadID":1484},"Channel":"System","Computer":"37L4247D28-05","Security_attributes":{"UserID":"S-1-5-18"}},"UserData":{"InstallDeviceID_attributes":{"xmlns:auto-ns2":"http://schemas.microsoft.com/win/2004/08/events","xmlns":"http://manifests.microsoft.com/win/2004/08/windows/userpnp"},"InstallDeviceID":{"DriverName":"FileRepository\\machine.inf_x86_neutral_65848c2d7375a720\\machine.inf","DriverVersion":"6.1.7600.16385","DriverProvider":"Microsoft","DeviceInstanceID":"ACPI\\PNP0C02\\2","SetupClass":"4D36E97D-E325-11CE-BFC1-08002BE10318","RebootOption":false,"UpgradeDevice":false,"IsDriverOEM":false,"InstallStatus":"0x0","DriverDescription":"Motherboard resources"}}}}
