{"Event_attributes":{"xmlns":"http://schemas.microsoft.com/win/2004/08/events/event"},"Event":{"System":{"Provider_attributes":{"Name":"Microsoft-Windows-Security-SPP","Guid":"{E23B33B0-C8C9-472C-A5F9-F2BDFEA0F156}","EventSourceName":"Software Protection Platform Service"},"EventID_attributes":{"Qualifiers":16384},"EventID":1016,"Version":0,"Level":4,"Task":0,"Opcode":0,"Keywords":"0x80000000000000","TimeCreated_attributes":{"SystemTime":"2013-10-23T16:17:00.000000Z"},"EventRecordID":65,"Correlation":null,"Execution_attributes":{"ProcessID":0,"ThreadID":0},"Channel":"Application","Computer":"37L4247D28-05","Security":null},"EventData":{"Data":{"#text":["8dffd6e4-0497-4c35-b7d7-e47cf464cf30","f0db8ed3-da66-a6f7-c29e-a285f7e9844c"]},"Binary":null}}}
{"Event_attributes":{"xmlns":"http://schemas.microsoft.com/win/2004/08/events/event"},"Event":{"System":{"Provider_attributes":{"Name":"Microsoft-Windows-Security-SPP","Guid":"{E23B33B0-C8C9-472C-A5F9-F2BDFEA0F156}","EventSourceName":"Software Protection Platform Service"},"EventID_attributes":{"Qualifiers":16384},"EventID":1025,"Version":0,"Level":4,"Task":0,"Opcode":0,"Keywords":"0x80000000000000","TimeCreated_attributes":{"SystemTime":"2013-10-23T16:17:02.000000Z"},"EventRecordID":66,"Correlation":null,"Execution_attributes":{"ProcessID":0,"ThreadID":0},"Channel":"Application","Computer":"37L4247D28-05","Security":null},"EventData":{"Data":{"#text":["10","5"]},"Binary":null}}}
{"Event_attributes":{"xmlns":"http://schemas.microsoft.com/win/2004/08/events/event"},"Event":{"System":{"Provider_attributes":{"Name":"Microsoft-Windows-Security-SPP","Guid":"{E23B33B0-C8C9-472C-A5F9-F2BDFEA0F156}","EventSourceName":"Software Protection Platform Service"},"EventID_attributes":{"Qualifiers":16384},"EventID":1033,"Version":0,"Level":4,"Task":0,"Opcode":0,"Keywords":"0x80000000000000","TimeCreated_attributes":{"SystemTime":"2013-10-23T16:17:02.000000Z"},"EventRecordID":67,"Correlation":null,"Execution_attributes":{"ProcessID":0,"ThreadID":0},"Channel":"Application","Computer":"37L4247D28-05","Security":null},"EventData":{"Data":{"#text":["(IIS-W3SVC-MaxConcurrentRequests) (Microsoft.Windows.Smc-Enabled) (Shell-InBoxGames-FreeCell-EnableGame) (Shell-InBoxGames-Hearts-EnableGame) (Shell-InBoxGames-Minesweeper-EnableGame) (Shell-InBoxGames-PurblePlace-EnableGame) (Shell-InBoxGames-Shanghai-EnableGame) (Shell-InBoxGames-Solitaire-EnableGame) (Shell-InBoxGames-SpiderSolitaire-EnableGame) (Shell-MultiplayerInboxGames-Backgammon-EnableGame) (Shell-MultiplayerInboxGames-Checkers-EnableGame) (Shell-MultiplayerInboxGames-Spades-EnableGame) (Shell-PremiumInBoxGames-Chess-EnableGame) (Telnet-Client-EnableTelnetClient) (Telnet-Server-EnableTelnetServer) (TiffIFilterLicensing-EnableTiffIFilter) (nfs-admincmdtools-enabled) (nfs-adminmmc-enabled) (nfs-clientcmdtools-enabled) (nfs-clientcore-enabled) (sua-EnableSUA) ","55c92734-d682-4d71-983e-d6ec3f16059f","8dffd6e4-0497-4c35-b7d7-e47cf464cf30"]},"Binary":null}}}
{"Event_attributes":{"xmlns":"http://schemas.microsoft.com/win/2004/08/events/event"},"Event":{"System":{"Provider_attributes":{"Name":"Microsoft-Windows-Security-SPP","Guid":"{E23B33B0-C8C9-472C-A5F9-F2BDFEA0F156}","EventSourceName":"Software Protection Platform Service"},"EventID_attributes":{"Qualifiers":16384},"EventID":1003,"Version":0,"Level":4,"Task":0,"Opcode":0,"Keywords":"0x80000000000000","TimeCreated_attributes":{"SystemTime":"2013-10-23T16:17:03.000000Z"},"EventRecordID":68,"Correlation":null,"Execution_attributes":{"ProcessID":0,"ThreadID":0},"Channel":"Application","Computer":"37L4247D28-05","Security":null},"EventData":{"Data":{"#text":["55c92734-d682-4d71-983e-d6ec3f16059f","\n1: 358fb95b-0090-44fb-883a-75734e060c30, 1, 0 [(0 [0xC004F014, 0, 0], [(?)(?)(?)(?)(?)(?)])(1 )(2 )]\n2: 8dffd6e4-0497-4c35-b7d7-e47cf464cf30, 1, 0 [(0 )(1 )(2 [0x00000000, 0, 1], [(?)( 5 0x00000000 10 14400)( 1 0x00000000 0 0 msft:rm/algorithm/flags/1.0 0x00000000 0)(?)(?)(?)])]\n3: 9abf5984-9c16-46f2-ad1e-7fe15931a8dd, 1, 0 [(0 [0xC004F014, 0, 0], [(?)(?)(?)(?)(?)(?)])(1 )(2 )]\n4: ae2ee509-1b34-41c0-acb7-6d4650168915, 1, 0 [(0 [0xC004F014, 0, 0], [(?)(?)(?)(?)(?)(?)])(1 )(2 )]\n5: b793ff2d-9d80-407c-b521-85111c51028c, 1, 0 [(0 [0xC004F014, 0, 0], [(?)(?)(?)(?)(?)(?)])(1 )(2 )]\n6: d188820a-cb63-4bad-a9a2-40b843ee23b7, 1, 0 [(0 [0xC004F014, 0, 0], [(?)(?)(?)(?)(?)(?)])(1 )(2 )]\n7: 4a8149bb-7d61-49f4-8822-82c7bf88d64b, 1, 0 [(0 [0xC004F014, 0, 0], [(?)(?)(?)(?)(?)(?)])(1 )(2 )]\n8: afd5f68f-b70f-4000-a21d-28dbc8be8b07, 1, 0 [(0 [0xC004F014, 0, 0], [(?)(?)(?)(?)(?)(?)])(1 )(2 )]\n\n"]},"Binary":null}}}
{"Event_attributes":{"xmlns":"http://schemas.microsoft.com/win/2004/08/events/event"},"Event":{"System":{"Provider_attributes":{"Name":"Microsoft-Windows-Security-SPP","Guid":"{E23B33B0-C8C9-472C-A5F9-F2BDFEA0F156}","EventSourceName":"Software Protection Platform Service"},"EventID_attributes":{"Qualifiers":16384},"EventID":902,"Version":0,"Level":0,"Task":0,"Opcode":0,"Keywords":"0x80000000000000","TimeCreated_attributes":{"SystemTime":"2013-10-23T16:17:04.000000Z"},"EventRecordID":69,"Correlation":null,"Execution_attributes":{"ProcessID":0,"ThreadID":0},"Channel":"Application","Computer":"37L4247D28-05","Security":null},"EventData":{"Data":{"#text":"6.1.7600.16385"},"Binary":null}}}
{"Event_attributes":{"xmlns":"http://schemas.microsoft.com/win/2004/08/events/event"},"Event":{"System":{"Provider_attributes":{"Name":"System Restore"},"EventID_attributes":{"Qualifiers":0},"EventID":8195,"Level":4,"Task":0,"Keywords":"0x80000000000000","TimeCreated_attributes":{"SystemTime":"2013-10-23T16:18:08.000000Z"},"EventRecordID":70,"Channel":"Application","Computer":"37L4247D28-05","Security":null},"EventData":{"Data":{"#text":["C:\\Windows\\system32\\oobe\\setup.exe",""]},"Binary":"000000008900000083000000000000004386252307000000000000000000000000000000"}}}
{"Event_attributes":{"xmlns":"http://schemas.microsoft.com/win/2004/08/events/event"},"Event":{"System":{"Provider_attributes":{"Name":"VSS"},"EventID_attributes":{"Qualifiers":0},"EventID":8212,"Level":4,"Task":0,"Keywords":"0x80000000000000","TimeCreated_attributes":{"SystemTime":"2013-10-23T16:18:08.000000Z"},"EventRecordID":71,"Channel":"Application","Computer":"37L4247D28-05","Security":null},"EventData":{"Data":{"#text":["Registry Writer","{afbab4a2-367d-4d15-a586-71dbb18f8485}","\n\nOperation:\n   Initializing Writer\n\nContext:\n   Writer Class Id: {afbab4a2-367d-4d15-a586-71dbb18f8485}\n   Writer Name: Registry Writer"]},"Binary":"2D20436F64653A20575254575254494330303030303832332D2043616C6C3A20575254575254494330303030303737342D205049443A202030303030313532382D205449443A202030303030313538302D20434D443A2020433A5C57696E646F77735C73797374656D33325C76737376632E6578652020202D20557365723A204E616D653A204E5420415554484F524954595C53595354454D2C205349443A532D312D352D313820"}}}
{"Event_attributes":{"xmlns":"http://schemas.microsoft.com/win/2004/08/events/event"},"Event":{"System":{"Provider_attributes":{"Name":"VSS"},"EventID_attributes":{"Qualifiers":0},"EventID":8212,"Level":4,"Task":0,"Keywords":"0x80000000000000","TimeCreated_attributes":{"SystemTime":"2013-10-23T16:18:08.000000Z"},"EventRecordID":72,"Channel":"Application","Computer":"37L4247D28-05","Security":null},"EventData":{"Data":{"#text":["COM+ REGDB Writer","{542da469-d3e1-473c-9f4f-7847f01fc64f}","\n\nOperation:\n   Initializing Writer\n\nContext:\n   Writer Class Id: {542da469-d3e1-473c-9f4f-7847f01fc64f}\n   Writer Name: COM+ REGDB Writer"]},"Binary":"2D20436F64653A20575254575254494330303030303832332D2043616C6C3A20575254575254494330303030303737342D205049443A202030303030313532382D205449443A202030303030313536342D20434D443A2020433A5C57696E646F77735C73797374656D33325C76737376632E6578652020202D20557365723A204E616D653A204E5420415554484F524954595C53595354454D2C205349443A532D312D352D313820"}}}
{"Event_attributes":{"xmlns":"http://schemas.microsoft.com/win/2004/08/events/event"},"Event":{"System":{"Provider_attributes":{"Name":"VSS"},"EventID_attributes":{"Qualifiers":0},"EventID":8212,"Level":4,"Task":0,"Keywords":"0x80000000000000","TimeCreated_attributes":{"SystemTime":"2013-10-23T16:18:08.000000Z"},"EventRecordID":73,"Channel":"Application","Computer":"37L4247D28-05","Security":null},"EventData":{"Data":{"#text":["ASR Writer","{be000cbe-11fe-4426-9c58-531aa6355fc4}","\n\nOperation:\n   Initializing Writer\n\nContext:\n   Writer Class Id: {be000cbe-11fe-4426-9c58-531aa6355fc4}\n   Writer Name: ASR Writer"]},"Binary":"2D20436F64653A20575254575254494330303030303832332D2043616C6C3A20575254575254494330303030303737342D205049443A202030303030313532382D205449443A202030303030313230302D20434D443A2020433A5C57696E646F77735C73797374656D33325C76737376632E6578652020202D20557365723A204E616D653A204E5420415554484F524954595C53595354454D2C205349443A532D312D352D313820"}}}
{"Event_attributes":{"xmlns":"http://schemas.microsoft.com/win/2004/08/events/event"},"Event":{"System":{"Provider_attributes":{"Name":"VSS"},"EventID_attributes":{"Qualifiers":0},"EventID":8212,"Level":4,"Task":0,"Keywords":"0x80000000000000","TimeCreated_attributes":{"SystemTime":"2013-10-23T16:18:08.000000Z"},"EventRecordID":74,"Channel":"Application","Computer":"37L4247D28-05","Security":null},"EventData":{"Data":{"#text":["Shadow Copy Optimization Writer","{4dc3bdd4-ab48-4d07-adb0-3bee2926fd7f}","\n\nOperation:\n   Initializing Writer\n\nContext:\n   Writer Class Id: {4dc3bdd4-ab48-4d07-adb0-3bee2926fd7f}\n   Writer Name: Shadow Copy Optimization Writer"]},"Binary":"2D20436F64653A20575254575254494330303030303832332D2043616C6C3A20575254575254494330303030303737342D205049443A202030303030313532382D205449443A202030303030313536342D20434D443A2020433A5C57696E646F77735C73797374656D33325C76737376632E6578652020202D20557365723A204E616D653A204E5420415554484F524954595C53595354454D2C205349443A532D312D352D313820"}}}
{"Event_attributes":{"xmlns":"http://schemas.microsoft.com/win/2004/08/events/event"},"Event":{"System":{"Provider_attributes":{"Name":"System Restore"},"EventID_attributes":{"Qualifiers":0},"EventID":8196,"Level":4,"Task":0,"Keywords":"0x80000000000000","TimeCreated_attributes":{"SystemTime":"2013-10-23T16:18:08.000000Z"},"EventRecordID":75,"Channel":"Application","Computer":"37L4247D28-05","Security":null},"EventData":{"Data":{"#text":["C:\\Windows\\system32\\oobe\\setup.exe",""]},"Binary":"00000000A7000000A1000000000000002D2C192F07000000000000000000000000000000"}}}
{"Event_attributes":{"xmlns":"http://schemas.microsoft.com/win/2004/08/events/event"},"Event":{"System":{"Provider_attributes":{"Name":"Microsoft-Windows-User Profiles Service","Guid":"89B1E9F0-5AFF-44A6-9B44-0A07A7CE5845"},"EventID":1532,"Version":0,"Level":4,"Task":0,"Opcode":0,"Keywords":"0x8000000000000000","TimeCreated_attributes":{"SystemTime":"2013-10-23T16:18:11.031250Z"},"EventRecordID":76,"Correlation":null,"Execution_attributes":{"ProcessID":920,"ThreadID":980},"Channel":"Application","Computer":"37L4247D28-05","Security_attributes":{"UserID":"S-1-5-18"}},"EventData":null}}
{"Event_attributes":{"xmlns":"http://schemas.microsoft.com/win/2004/08/events/event"},"Event":{"System":{"Provider_attributes":{"Name":"Microsoft-Windows-EventSystem","Guid":"{899daace-4868-4295-afcd-9eb8fb497561}","EventSourceName":"EventSystem"},"EventID_attributes":{"Qualifiers":16384},"EventID":4625,"Version":0,"Level":4,"Task":0,"Opcode":0,"Keywords":"0x80000000000000","TimeCreated_attributes":{"SystemTime":"2013-10-23T16:21:30.000000Z"},"EventRecordID":77,"Correlation":null,"Execution_attributes":{"ProcessID":0,"ThreadID":0},"Channel":"Application","Computer":"IE8Win7","Security":null},"EventData":{"param1":"86400","param2":"SuppressDuplicateDuration","param3":"Software\\Microsoft\\EventSystem\\EventLog"}}}
{"Event_attributes":{"xmlns":"http://schemas.microsoft.com/win/2004/08/events/event"},"Event":{"System":{"Provider_attributes":{"Name":"Microsoft-Windows-User Profiles Service","Guid":"89B1E9F0-5AFF-44A6-9B44-0A07A7CE5845"},"EventID":1531,"Version":0,"Level":4,"Task":0,"Opcode":0,"Keywords":"0x8000000000000000","TimeCreated_attributes":{"SystemTime":"2013-10-23T16:21:30.328125Z"},"EventRecordID":78,"Correlation":null,"Execution_attributes":{"ProcessID":916,"ThreadID":1304},"Channel":"Application","Computer":"IE8Win7","Security_attributes":{"UserID":"S-1-5-18"}},"EventData":null}}
{"Event_attributes":{"xmlns":"http://schemas.microsoft.com/win/2004/08/events/event"},"Event":{"System":{"Provider_attributes":{"Name":"Microsoft-Windows-WMI","Guid":"{1edeee53-0afe-4609-b846-d8c0b2075b1f}","EventSourceName":"WinMgmt"},"EventID_attributes":{"Qualifiers":49152},"EventID":5615,"Version":0,"Level":0,"Task":0,"Opcode":0,"Keywords":"0x80000000000000","TimeCreated_attributes":{"SystemTime":"2013-10-23T16:21:35.000000Z"},"EventRecordID":79,"Correlation":null,"Execution_attributes":{"ProcessID":0,"ThreadID":0},"Channel":"Application","Computer":"IE8Win7","Security":null},"EventData":{"Data":{"#text":""},"Binary":null}}}
{"Event_attributes":{"xmlns":"http://schemas.microsoft.com/win/2004/08/events/event"},"Event":{"System":{"Provider_attributes":{"Name":"Microsoft-Windows-WMI","Guid":"{1edeee53-0afe-4609-b846-d8c0b2075b1f}","EventSourceName":"WinMgmt"},"EventID_attributes":{"Qualifiers":49152},"EventID":5617,"Version":0,"Level":0,"Task":0,"Opcode":0,"Keywords":"0x80000000000000","TimeCreated_attributes":{"SystemTime":"2013-10-23T16:21:39.000000Z"},"EventRecordID":80,"Correlation":null,"Execution_attributes":{"ProcessID":0,"ThreadID":0},"Channel":"Application","Computer":"IE8Win7","Security":null},"EventData":{"Data":{"#text":""},"Binary":null}}}
{"Event_attributes":{"xmlns":"http://schemas.microsoft.com/win/2004/08/events/event"},"Event":{"System":{"Provider_attributes":{"Name":"Microsoft-Windows-Security-SPP","Guid":"{E23B33B0-C8C9-472C-A5F9-F2BDFEA0F156}","EventSourceName":"Software Protection Platform Service"},"EventID_attributes":{"Qualifiers":16384},"EventID":1003,"Version":0,"Level":4,"Task":0,"Opcode":0,"Keywords":"0x80000000000000","TimeCreated_attributes":{"SystemTime":"2013-10-23T16:22:41.000000Z"},"EventRecordID":81,"Correlation":null,"Execution_attributes":{"ProcessID":0,"ThreadID":0},"Channel":"Application","Computer":"IE8Win7","Security":null},"EventData":{"Data":{"#text":["55c92734-d682-4d71-983e-d6ec3f16059f","\n1: 358fb95b-0090-44fb-883a-75734e060c30, 1, 0 [(0 [0xC004F014, 0, 0], [(?)(?)(?)(?)(?)(?)])(1 )(2 )]\n2: 8dffd6e4-0497-4c35-b7d7-e47cf464cf30, 1, 1 [(0 )(1 )(2 [0x00000000, 0, 1], [(?)( 5 0x00000000 10 14400)( 1 0x00000000 0 0 msft:rm/algorithm/flags/1.0 0x00000000 0)(?)(?)(?)])]\n3: 9abf5984-9c16-46f2-ad1e-7fe15931a8dd, 1, 0 [(0 [0xC004F014, 0, 0], [(?)(?)(?)(?)(?)(?)])(1 )(2 )]\n4: ae2ee509-1b34-41c0-acb7-6d4650168915, 1, 0 [(0 [0xC004F014, 0, 0], [(?)(?)(?)(?)(?)(?)])(1 )(2 )]\n5: b793ff2d-9d80-407c-b521-85111c51028c, 1, 0 [(0 [0xC004F014, 0, 0], [(?)(?)(?)(?)(?)(?)])(1 )(2 )]\n6: d188820a-cb63-4bad-a9a2-40b843ee23b7, 1, 0 [(0 [0xC004F014, 0, 0], [(?)(?)(?)(?)(?)(?)])(1 )(2 )]\n7: 4a8149bb-7d61-49f4-8822-82c7bf88d64b, 1, 0 [(0 [0xC004F014, 0, 0], [(?)(?)(?)(?)(?)(?)])(1 )(2 )]\n8: afd5f68f-b70f-4000-a21d-28dbc8be8b07, 1, 0 [(0 [0xC004F014, 0, 0], [(?)(?)(?)(?)(?)(?)])(1 )(2 )]\n\n"]},"Binary":null}}}
{"Event_attributes":{"xmlns":"http://schemas.microsoft.com/win/2004/08/events/event"},"Event":{"System":{"Provider_attributes":{"Name":"Microsoft-Windows-Security-SPP","Guid":"{E23B33B0-C8C9-472C-A5F9-F2BDFEA0F156}","EventSourceName":"Software Protection Platform Service"},"EventID_attributes":{"Qualifiers":16384},"EventID":1003,"Version":0,"Level":4,"Task":0,"Opcode":0,"Keywords":"0x80000000000000","TimeCreated_attributes":{"SystemTime":"2013-10-23T16:22:41.000000Z"},"EventRecordID":82,"Correlation":null,"Execution_attributes":{"ProcessID":0,"ThreadID":0},"Channel":"Application","Computer":"IE8Win7","Security":null},"EventData":{"Data":{"#text":["55c92734-d682-4d71-983e-d6ec3f16059f","\n1: 358fb95b-0090-44fb-883a-75734e060c30, 1, 0 [(0 [0xC004F014, 0, 0], [(?)(?)(?)(?)(?)(?)])(1 )(2 )]\n2: 8dffd6e4-0497-4c35-b7d7-e47cf464cf30, 1, 1 [(0 )(1 )(2 [0x00000000, 0, 1], [(?)( 5 0x00000000 10 14400)( 1 0x00000000 0 0 msft:rm/algorithm/flags/1.0 0x00000000 0)(?)(?)(?)])]\n3: 9abf5984-9c16-46f2-ad1e-7fe15931a8dd, 1, 0 [(0 [0xC004F014, 0, 0], [(?)(?)(?)(?)(?)(?)])(1 )(2 )]\n4: ae2ee509-1b34-41c0-acb7-6d4650168915, 1, 0 [(0 [0xC004F014, 0, 0], [(?)(?)(?)(?)(?)(?)])(1 )(2 )]\n5: b793ff2d-9d80-407c-b521-85111c51028c, 1, 0 [(0 [0xC004F014, 0, 0], [(?)(?)(?)(?)(?)(?)])(1 )(2 )]\n6: d188820a-cb63-4bad-a9a2-40b843ee23b7, 1, 0 [(0 [0xC004F014, 0, 0], [(?)(?)(?)(?)(?)(?)])(1 )(2 )]\n7: 4a8149bb-7d61-49f4-8822-82c7bf88d64b, 1, 0 [(0 [0xC004F014, 0, 0], [(?)(?)(?)(?)(?)(?)])(1 )(2 )]\n8: afd5f68f-b70f-4000-a21d-28dbc8be8b07, 1, 0 [(0 [0xC004F014, 0, 0], [(?)(?)(?)(?)(?)(?)])(1 )(2 )]\n\n"]},"Binary":null}}}
{"Event_attributes":{"xmlns":"http://schemas.microsoft.com/win/2004/08/events/event"},"Event":{"System":{"Provider_attributes":{"Name":"Microsoft-Windows-Search","Guid":"{CA4E628D-8567-4896-AB6B-835B221F373F}","EventSourceName":"Windows Search Service"},"EventID_attributes":{"Qualifiers":32768},"EventID":1008,"Version":0,"Level":3,"Task":1,"Opcode":0,"Keywords":"0x80000000000000","TimeCreated_attributes":{"SystemTime":"2013-10-23T16:22:42.000000Z"},"EventRecordID":83,"Correlation":null,"Execution_attributes":{"ProcessID":0,"ThreadID":0},"Channel":"Application","Computer":"IE8Win7","Security":null},"EventData":{"ExtraInfo":"\n","Reason":"Full Index Reset"}}}
{"Event_attributes":{"xmlns":"http://schemas.microsoft.com/win/2004/08/events/event"},"Event":{"System":{"Provider_attributes":{"Name":"Microsoft-Windows-Search","Guid":"{CA4E628D-8567-4896-AB6B-835B221F373F}","EventSourceName":"Windows Search Service"},"EventID_attributes":{"Qualifiers":16384},"EventID":1010,"Version":0,"Level":4,"Task":1,"Opcode":0,"Keywords":"0x80000000000000","TimeCreated_attributes":{"SystemTime":"2013-10-23T16:22:42.000000Z"},"EventRecordID":84,"Correlation":null,"Execution_attributes":{"ProcessID":0,"ThreadID":0},"Channel":"Application","Computer":"IE8Win7","Security":null},"EventData":{"ExtraInfo":"\n"}}}
{"Event_attributes":{"xmlns":"http://schemas.microsoft.com/win/2004/08/events/event"},"Event":{"System":{"Provider_attributes":{"Name":"Microsoft-Windows-Search","Guid":"{CA4E628D-8567-4896-AB6B-835B221F373F}","EventSourceName":"Windows Search Service"},"EventID_attributes":{"Qualifiers":16384},"EventID":1004,"Version":0,"Level":4,"Task":1,"Opcode":0,"Keywords":"0x80000000000000","TimeCreated_attributes":{"SystemTime":"2013-10-23T16:22:42.000000Z"},"EventRecordID":85,"Correlation":null,"Execution_attributes":{"ProcessID":0,"ThreadID":0},"Channel":"Application","Computer":"IE8Win7","Security":null},"EventData":{"ExtraInfo":"\n","Reason":"Full Index Reset"}}}
{"Event_attributes":{"xmlns":"http://schemas.microsoft.com/win/2004/08/events/event"},"Event":{"System":{"Provider_attributes":{"Name":"Microsoft-Windows-Winlogon","Guid":"{DBE9B383-7CF3-4331-91CC-A3CB16A3B538}","EventSourceName":"Winlogon"},"EventID_attributes":{"Qualifiers":16384},"EventID":4101,"Version":0,"Level":4,"Task":0,"Opcode":0,"Keywords":"0x80000000000000","TimeCreated_attributes":{"SystemTime":"2013-10-23T16:22:49.000000Z"},"EventRecordID":86,"Correlation":null,"Execution_attributes":{"ProcessID":0,"ThreadID":0},"Channel":"Application","Computer":"IE8Win7","Security":null},"EventData":{"Data":{"#text":["0x00000000","0x00000001"]},"Binary":null}}}
{"Event_attributes":{"xmlns":"http://schemas.microsoft.com/win/2004/08/events/event"},"Event":{"System":{"Provider_attributes":{"Name":"Microsoft-Windows-Winlogon","Guid":"{DBE9B383-7CF3-4331-91CC-A3CB16A3B538}","EventSourceName":"Wlclntfy"},"EventID_attributes":{"Qualifiers":32768},"EventID":6000,"Version":0,"Level":4,"Task":0,"Opcode":0,"Keywords":"0x80000000000000","TimeCreated_attributes":{"SystemTime":"2013-10-23T16:22:49.000000Z"},"EventRecordID":87,"Correlation":null,"Execution_attributes":{"ProcessID":0,"ThreadID":0},"Channel":"Application","Computer":"IE8Win7","Security":null},"EventData":{"Data":{"#text":"SessionEnv"},"Binary":"D9060000"}}}
{"Event_attributes":{"xmlns":"http://schemas.microsoft.com/win/2004/08/events/event"},"Event":{"System":{"Provider_attributes":{"Name":"Desktop Window Manager"},"EventID_attributes":{"Qualifiers":16384},"EventID":9003,"Level":4,"Task":0,"Keywords":"0x80000000000000","TimeCreated_attributes":{"SystemTime":"2013-10-23T16:22:49.000000Z"},"EventRecordID":88,"Channel":"Application","Computer":"IE8Win7","Security":null},"EventData":{"Data":{"#text":""},"Binary":null}}}
{"Event_attributes":{"xmlns":"http://schemas.microsoft.com/win/2004/08/events/event"},"Event":{"System":{"Provider_attributes":{"Name":"Desktop Window Manager"},"EventID_attributes":{"Qualifiers":16384},"EventID":9004,"Level":4,"Task":0,"Keywords":"0x80000000000000","TimeCreated_attributes":{"SystemTime":"2013-10-23T16:22:54.000000Z"},"EventRecordID":89,"Channel":"Application","Computer":"IE8Win7","Security":null},"EventData":{"Data":{"#text":""},"Binary":null}}}
{"Event_attributes":{"xmlns":"http://schemas.microsoft.com/win/2004/08/events/event"},"Event":{"System":{"Provider_attributes":{"Name":"ESENT"},"EventID_attributes":{"Qualifiers":0},"EventID":102,"Level":4,"Task":1,"Keywords":"0x80000000000000","TimeCreated_attributes":{"SystemTime":"2013-10-23T16:22:55.000000Z"},"EventRecordID":90,"Channel":"Application","Computer":"IE8Win7","Security":null},"EventData":{"Data":{"#text":["Windows","788","Windows: ","0","6","01","7600","0000"]},"Binary":null}}}
{"Event_attributes":{"xmlns":"http://schemas.microsoft.com/win/2004/08/events/event"},"Event":{"System":{"Provider_attributes":{"Name":"ESENT"},"EventID_attributes":{"Qualifiers":0},"EventID":102,"Level":4,"Task":1,"Keywords":"0x80000000000000","TimeCreated_attributes":{"SystemTime":"2013-10-23T16:22:57.000000Z"},"EventRecordID":91,"Channel":"Application","Computer":"IE8Win7","Security":null},"EventData":{"Data":{"#text":["WinMail","280","WindowsMail0: ","0","6","01","7600","0000"]},"Binary":null}}}
{"Event_attributes":{"xmlns":"http://schemas.microsoft.com/win/2004/08/events/event"},"Event":{"System":{"Provider_attributes":{"Name":"Microsoft-Windows-Search","Guid":"{CA4E628D-8567-4896-AB6B-835B221F373F}","EventSourceName":"Windows Search Service"},"EventID_attributes":{"Qualifiers":16384},"EventID":1005,"Version":0,"Level":4,"Task":1,"Opcode":0,"Keywords":"0x80000000000000","TimeCreated_attributes":{"SystemTime":"2013-10-23T16:22:58.000000Z"},"EventRecordID":92,"Correlation":null,"Execution_attributes":{"ProcessID":0,"ThreadID":0},"Channel":"Application","Computer":"IE8Win7","Security":null},"EventData":{"ExtraInfo":"\n"}}}
{"Event_attributes":{"xmlns":"http://schemas.microsoft.com/win/2004/08/events/event"},"Event":{"System":{"Provider_attributes":{"Name":"Microsoft-Windows-Search","Guid":"{CA4E628D-8567-4896-AB6B-835B221F373F}","EventSourceName":"Windows Search Service"},"EventID_attributes":{"Qualifiers":16384},"EventID":1003,"Version":0,"Level":4,"Task":1,"Opcode":0,"Keywords":"0x80000000000000","TimeCreated_attributes":{"SystemTime":"2013-10-23T16:22:59.000000Z"},"EventRecordID":93,"Correlation":null,"Execution_attributes":{"ProcessID":0,"ThreadID":0},"Channel":"Application","Computer":"IE8Win7","Security":null},"EventData":{"ExtraInfo":"\n"}}}
{"Event_attributes":{"xmlns":"http://schemas.microsoft.com/win/2004/08/events/event"},"Event":{"System":{"Provider_attributes":{"Name":"ESENT"},"EventID_attributes":{"Qualifiers":0},"EventID":210,"Level":4,"Task":3,"Keywords":"0x80000000000000","TimeCreated_attributes":{"SystemTime":"2013-10-23T16:22:59.000000Z"},"EventRecordID":94,"Channel":"Application","Computer":"IE8Win7","Security":null},"EventData":{"Data":{"#text":["WinMail","280","WindowsMail0: "]},"Binary":null}}}
{"Event_attributes":{"xmlns":"http://schemas.microsoft.com/win/2004/08/events/event"},"Event":{"System":{"Provider_attributes":{"Name":"ESENT"},"EventID_attributes":{"Qualifiers":0},"EventID":220,"Level":4,"Task":3,"Keywords":"0x80000000000000","TimeCreated_attributes":{"SystemTime":"2013-10-23T16:22:59.000000Z"},"EventRecordID":95,"Channel":"Application","Computer":"IE8Win7","Security":null},"EventData":{"Data":{"#text":["WinMail","280","WindowsMail0: ","C:\\Users\\IEUser\\AppData\\Local\\Microsoft\\Windows Mail\\WindowsMail.MSMessageStore","2 Mb"]},"Binary":null}}}
{"Event_attributes":{"xmlns":"http://schemas.microsoft.com/win/2004/08/events/event"},"Event":{"System":{"Provider_attributes":{"Name":"ESENT"},"EventID_attributes":{"Qualifiers":0},"EventID":221,"Level":4,"Task":3,"Keywords":"0x80000000000000","TimeCreated_attributes":{"SystemTime":"2013-10-23T16:22:59.000000Z"},"EventRecordID":96,"Channel":"Application","Computer":"IE8Win7","Security":null},"EventData":{"Data":{"#text":["WinMail","280","WindowsMail0: ","C:\\Users\\IEUser\\AppData\\Local\\Microsoft\\Windows Mail\\WindowsMail.MSMessageStore"]},"Binary":null}}}
{"Event_attributes":{"xmlns":"http://schemas.microsoft.com/win/2004/08/events/event"},"Event":{"System":{"Provider_attributes":{"Name":"ESENT"},"EventID_attributes":{"Qualifiers":0},"EventID":223,"Level":4,"Task":3,"Keywords":"0x80000000000000","TimeCreated_attributes":{"SystemTime":"2013-10-23T16:23:00.000000Z"},"EventRecordID":97,"Channel":"Application","Computer":"IE8Win7","Security":null},"EventData":{"Data":{"#text":["WinMail","280","WindowsMail0: ","C:\\Users\\IEUser\\AppData\\Local\\Microsoft\\Windows Mail\\edb00001.log","C:\\Users\\IEUser\\AppData\\Local\\Microsoft\\Windows Mail\\edb00001.log"]},"Binary":null}}}
{"Event_attributes":{"xmlns":"http://schemas.microsoft.com/win/2004/08/events/event"},"Event":{"System":{"Provider_attributes":{"Name":"ESENT"},"EventID_attributes":{"Qualifiers":0},"EventID":225,"Level":4,"Task":3,"Keywords":"0x80000000000000","TimeCreated_attributes":{"SystemTime":"2013-10-23T16:23:00.000000Z"},"EventRecordID":98,"Channel":"Application","Computer":"IE8Win7","Security":null},"EventData":{"Data":{"#text":["WinMail","280","WindowsMail0: "]},"Binary":null}}}
{"Event_attributes":{"xmlns":"http://schemas.microsoft.com/win/2004/08/events/event"},"Event":{"System":{"Provider_attributes":{"Name":"ESENT"},"EventID_attributes":{"Qualifiers":0},"EventID":213,"Level":4,"Task":3,"Keywords":"0x80000000000000","TimeCreated_attributes":{"SystemTime":"2013-10-23T16:23:00.000000Z"},"EventRecordID":99,"Channel":"Application","Computer":"IE8Win7","Security":null},"EventData":{"Data":{"#text":["WinMail","280","WindowsMail0: "]},"Binary":null}}}
{"Event_attributes":{"xmlns":"http://schemas.microsoft.com/win/2004/08/events/event"},"Event":{"System":{"Provider_attributes":{"Name":"ESENT"},"EventID_attributes":{"Qualifiers":0},"EventID":103,"Level":4,"Task":1,"Keywords":"0x80000000000000","TimeCreated_attributes":{"SystemTime":"2013-10-23T16:23:05.000000Z"},"EventRecordID":100,"Channel":"Application","Computer":"IE8Win7","Security":null},"EventData":{"Data":{"#text":["WinMail","280","WindowsMail0: ","0"]},"Binary":null}}}
{"Event_attributes":{"xmlns":"http://schemas.microsoft.com/win/2004/08/events/event"},"Event":{"System":{"Provider_attributes":{"Name":"SecurityCenter"},"EventID_attributes":{"Qualifiers":0},"EventID":1,"Level":4,"Task":0,"Keywords":"0x80000000000000","TimeCreated_attributes":{"SystemTime":"2013-10-23T16:23:39.000000Z"},"EventRecordID":101,"Channel":"Application","Computer":"IE8Win7","Security":null},"EventData":{"Data":{"#text":""},"Binary":null}}}
{"Event_attributes":{"xmlns":"http://schemas.microsoft.com/win/2004/08/events/event"},"Event":{"System":{"Provider_attributes":{"Name":".NET Runtime Optimization Service"},"EventID_attributes":{"Qualifiers":0},"EventID":1130,"Level":0,"Task":0,"Keywords":"0x80000000000000","TimeCreated_attributes":{"SystemTime":"2013-10-23T16:23:46.000000Z"},"EventRecordID":102,"Channel":"Application","Computer":"IE8Win7","Security":null},"EventData":{"Data":{"#text":".NET Runtime Optimization Service (2.0.50727.4927) - Installed from repository: AuditPolicyGPManagedStubs.Interop"},"Binary":null}}}
{"Event_attributes":{"xmlns":"http://schemas.microsoft.com/win/2004/08/events/event"},"Event":{"System":{"Provider_attributes":{"Name":".NET Runtime Optimization Service"},"EventID_attributes":{"Qualifiers":0},"EventID":1130,"Level":0,"Task":0,"Keywords":"0x80000000000000","TimeCreated_attributes":{"SystemTime":"2013-10-23T16:23:47.000000Z"},"EventRecordID":103,"Channel":"Application","Computer":"IE8Win7","Security":null},"EventData":{"Data":{"#text":".NET Runtime Optimization Service (2.0.50727.4927) - Installed from repository: BDATunePIA"},"Binary":null}}}
{"Event_attributes":{"xmlns":"http://schemas.microsoft.com/win/2004/08/events/event"},"Event":{"System":{"Provider_attributes":{"Name":".NET Runtime Optimization Service"},"EventID_attributes":{"Qualifiers":0},"EventID":1130,"Level":0,"Task":0,"Keywords":"0x80000000000000","TimeCreated_attributes":{"SystemTime":"2013-10-23T16:23:48.000000Z"},"EventRecordID":104,"Channel":"Application","Computer":"IE8Win7","Security":null},"EventData":{"Data":{"#text":".NET Runtime Optimization Service (2.0.50727.4927) - Installed from repository: ehCIR"},"Binary":null}}}
{"Event_attributes":{"xmlns":"http://schemas.microsoft.com/win/2004/08/events/event"},"Event":{"System":{"Provider_attributes":{"Name":".NET Runtime Optimization Service"},"EventID_attributes":{"Qualifiers":0},"EventID":1130,"Level":0,"Task":0,"Keywords":"0x80000000000000","TimeCreated_attributes":{"SystemTime":"2013-10-23T16:23:48.000000Z"},"EventRecordID":105,"Channel":"Application","Computer":"IE8Win7","Security":null},"EventData":{"Data":{"#text":".NET Runtime Optimization Service (2.0.50727.4927) - Installed from repository: ehiProxy"},"Binary":null}}}
{"Event_attributes":{"xmlns":"http://schemas.microsoft.com/win/2004/08/events/event"},"Event":{"System":{"Provider_attributes":{"Name":".NET Runtime Optimization Service"},"EventID_attributes":{"Qualifiers":0},"EventID":1130,"Level":0,"Task":0,"Keywords":"0x80000000000000","TimeCreated_attributes":{"SystemTime":"2013-10-23T16:23:51.000000Z"},"EventRecordID":106,"Channel":"Application","Computer":"IE8Win7","Security":null},"EventData":{"Data":{"#text":".NET Runtime Optimization Service (2.0.50727.4927) - Installed from repository: ehExtHost"},"Binary":null}}}
{"Event_attributes":{"xmlns":"http://schemas.microsoft.com/win/2004/08/events/event"},"Event":{"System":{"Provider_attributes":{"Name":".NET Runtime Optimization Service"},"EventID_attributes":{"Qualifiers":0},"EventID":1130,"Level":0,"Task":0,"Keywords":"0x80000000000000","TimeCreated_attributes":{"SystemTime":"2013-10-23T16:23:51.000000Z"},"EventRecordID":107,"Channel":"Application","Computer":"IE8Win7","Security":null},"EventData":{"Data":{"#text":".NET Runtime Optimization Service (2.0.50727.4927) - Installed from repository: Microsoft.MediaCenter"},"Binary":null}}}
{"Event_attributes":{"xmlns":"http://schemas.microsoft.com/win/2004/08/events/event"},"Event":{"System":{"Provider_attributes":{"Name":".NET Runtime Optimization Service"},"EventID_attributes":{"Qualifiers":0},"EventID":1130,"Level":0,"Task":0,"Keywords":"0x80000000000000","TimeCreated_attributes":{"SystemTime":"2013-10-23T16:23:51.000000Z"},"EventRecordID":108,"Channel":"Application","Computer":"IE8Win7","Security":null},"EventData":{"Data":{"#text":".NET Runtime Optimization Service (2.0.50727.4927) - Installed from repository: Microsoft.MediaCenter.UI"},"Binary":null}}}
{"Event_attributes":{"xmlns":"http://schemas.microsoft.com/win/2004/08/events/event"},"Event":{"System":{"Provider_attributes":{"Name":".NET Runtime Optimization Service"},"EventID_attributes":{"Qualifiers":0},"EventID":1130,"Level":0,"Task":0,"Keywords":"0x80000000000000","TimeCreated_attributes":{"SystemTime":"2013-10-23T16:23:52.000000Z"},"EventRecordID":109,"Channel":"Application","Computer":"IE8Win7","Security":null},"EventData":{"Data":{"#text":".NET Runtime Optimization Service (2.0.50727.4927) - Installed from repository: ehiUserXp"},"Binary":null}}}
{"Event_attributes":{"xmlns":"http://schemas.microsoft.com/win/2004/08/events/event"},"Event":{"System":{"Provider_attributes":{"Name":".NET Runtime Optimization Service"},"EventID_attributes":{"Qualifiers":0},"EventID":1130,"Level":0,"Task":0,"Keywords":"0x80000000000000","TimeCreated_attributes":{"SystemTime":"2013-10-23T16:23:52.000000Z"},"EventRecordID":110,"Channel":"Application","Computer":"IE8Win7","Security":null},"EventData":{"Data":{"#text":".NET Runtime Optimization Service (2.0.50727.4927) - Installed from repository: ehRecObj"},"Binary":null}}}
{"Event_attributes":{"xmlns":"http://schemas.microsoft.com/win/2004/08/events/event"},"Event":{"System":{"Provider_attributes":{"Name":".NET Runtime Optimization Service"},"EventID_attributes":{"Qualifiers":0},"EventID":1130,"Level":0,"Task":0,"Keywords":"0x80000000000000","TimeCreated_attributes":{"SystemTime":"2013-10-23T16:23:52.000000Z"},"EventRecordID":111,"Channel":"Application","Computer":"IE8Win7","Security":null},"EventData":{"Data":{"#text":".NET Runtime Optimization Service (2.0.50727.4927) - Installed from repository: mcepg"},"Binary":null}}}
{"Event_attributes":{"xmlns":"http://schemas.microsoft.com/win/2004/08/events/event"},"Event":{"System":{"Provider_attributes":{"Name":".NET Runtime Optimization Service"},"EventID_attributes":{"Qualifiers":0},"EventID":1130,"Level":0,"Task":0,"Keywords":"0x80000000000000","TimeCreated_attributes":{"SystemTime":"2013-10-23T16:23:52.000000Z"},"EventRecordID":112,"Channel":"Application","Computer":"IE8Win7","Security":null},"EventData":{"Data":{"#text":".NET Runtime Optimization Service (2.0.50727.4927) - Installed from repository: mcstore"},"Binary":null}}}
{"Event_attributes":{"xmlns":"http://schemas.microsoft.com/win/2004/08/events/event"},"Event":{"System":{"Provider_attributes":{"Name":".NET Runtime Optimization Service"},"EventID_attributes":{"Qualifiers":0},"EventID":1130,"Level":0,"Task":0,"Keywords":"0x80000000000000","TimeCreated_attributes":{"SystemTime":"2013-10-23T16:23:52.000000Z"},"EventRecordID":113,"Channel":"Application","Computer":"IE8Win7","Security":null},"EventData":{"Data":{"#text":".NET Runtime Optimization Service (2.0.50727.4927) - Installed from repository: mcstoredb"},"Binary":null}}}
{"Event_attributes":{"xmlns":"http://schemas.microsoft.com/win/2004/08/events/event"},"Event":{"System":{"Provider_attributes":{"Name":".NET Runtime Optimization Service"},"EventID_attributes":{"Qualifiers":0},"EventID":1130,"Level":0,"Task":0,"Keywords":"0x80000000000000","TimeCreated_attributes":{"SystemTime":"2013-10-23T16:23:53.000000Z"},"EventRecordID":114,"Channel":"Application","Computer":"IE8Win7","Security":null},"EventData":{"Data":{"#text":".NET Runtime Optimization Service (2.0.50727.4927) - Installed from repository: ehiVidCtl"},"Binary":null}}}
{"Event_attributes":{"xmlns":"http://schemas.microsoft.com/win/2004/08/events/event"},"Event":{"System":{"Provider_attributes":{"Name":".NET Runtime Optimization Service"},"EventID_attributes":{"Qualifiers":0},"EventID":1130,"Level":0,"Task":0,"Keywords":"0x80000000000000","TimeCreated_attributes":{"SystemTime":"2013-10-23T16:23:53.000000Z"},"EventRecordID":115,"Channel":"Application","Computer":"IE8Win7","Security":null},"EventData":{"Data":{"#text":".NET Runtime Optimization Service (2.0.50727.4927) - Installed from repository: ehiExtens"},"Binary":null}}}
{"Event_attributes":{"xmlns":"http://schemas.microsoft.com/win/2004/08/events/event"},"Event":{"System":{"Provider_attributes":{"Name":".NET Runtime Optimization Service"},"EventID_attributes":{"Qualifiers":0},"EventID":1130,"Level":0,"Task":0,"Keywords":"0x80000000000000","TimeCreated_attributes":{"SystemTime":"2013-10-23T16:23:53.000000Z"},"EventRecordID":116,"Channel":"Application","Computer":"IE8Win7","Security":null},"EventData":{"Data":{"#text":".NET Runtime Optimization Service (2.0.50727.4927) - Installed from repository: ehiActivScp"},"Binary":null}}}
{"Event_attributes":{"xmlns":"http://schemas.microsoft.com/win/2004/08/events/event"},"Event":{"System":{"Provider_attributes":{"Name":".NET Runtime Optimization Service"},"EventID_attributes":{"Qualifiers":0},"EventID":1130,"Level":0,"Task":0,"Keywords":"0x80000000000000","TimeCreated_attributes":{"SystemTime":"2013-10-23T16:23:53.000000Z"},"EventRecordID":117,"Channel":"Application","Computer":"IE8Win7","Security":null},"EventData":{"Data":{"#text":".NET Runtime Optimization Service (2.0.50727.4927) - Installed from repository: ehiBmlDataCarousel"},"Binary":null}}}
{"Event_attributes":{"xmlns":"http://schemas.microsoft.com/win/2004/08/events/event"},"Event":{"System":{"Provider_attributes":{"Name":".NET Runtime Optimization Service"},"EventID_attributes":{"Qualifiers":0},"EventID":1130,"Level":0,"Task":0,"Keywords":"0x80000000000000","TimeCreated_attributes":{"SystemTime":"2013-10-23T16:23:54.000000Z"},"EventRecordID":118,"Channel":"Application","Computer":"IE8Win7","Security":null},"EventData":{"Data":{"#text":".NET Runtime Optimization Service (2.0.50727.4927) - Installed from repository: ehiiTv"},"Binary":null}}}
{"Event_attributes":{"xmlns":"http://schemas.microsoft.com/win/2004/08/events/event"},"Event":{"System":{"Provider_attributes":{"Name":".NET Runtime Optimization Service"},"EventID_attributes":{"Qualifiers":0},"EventID":1130,"Level":0,"Task":0,"Keywords":"0x80000000000000","TimeCreated_attributes":{"SystemTime":"2013-10-23T16:23:55.000000Z"},"EventRecordID":119,"Channel":"Application","Computer":"IE8Win7","Security":null},"EventData":{"Data":{"#text":".NET Runtime Optimization Service (2.0.50727.4927) - Installed from repository: ehiTVMSMusic"},"Binary":null}}}
{"Event_attributes":{"xmlns":"http://schemas.microsoft.com/win/2004/08/events/event"},"Event":{"System":{"Provider_attributes":{"Name":".NET Runtime Optimization Service"},"EventID_attributes":{"Qualifiers":0},"EventID":1130,"Level":0,"Task":0,"Keywords":"0x80000000000000","TimeCreated_attributes":{"SystemTime":"2013-10-23T16:23:55.000000Z"},"EventRecordID":120,"Channel":"Application","Computer":"IE8Win7","Security":null},"EventData":{"Data":{"#text":".NET Runtime Optimization Service (2.0.50727.4927) - Installed from repository: Microsoft.MediaCenter.iTv.Hosting"},"Binary":null}}}
{"Event_attributes":{"xmlns":"http://schemas.microsoft.com/win/2004/08/events/event"},"Event":{"System":{"Provider_attributes":{"Name":".NET Runtime Optimization Service"},"EventID_attributes":{"Qualifiers":0},"EventID":1130,"Level":0,"Task":0,"Keywords":"0x80000000000000","TimeCreated_attributes":{"SystemTime":"2013-10-23T16:23:55.000000Z"},"EventRecordID":121,"Channel":"Application","Computer":"IE8Win7","Security":null},"EventData":{"Data":{"#text":".NET Runtime Optimization Service (2.0.50727.4927) - Installed from repository: ehiUPnP"},"Binary":null}}}
{"Event_attributes":{"xmlns":"http://schemas.microsoft.com/win/2004/08/events/event"},"Event":{"System":{"Provider_attributes":{"Name":".NET Runtime Optimization Service"},"EventID_attributes":{"Qualifiers":0},"EventID":1130,"Level":0,"Task":0,"Keywords":"0x80000000000000","TimeCreated_attributes":{"SystemTime":"2013-10-23T16:23:56.000000Z"},"EventRecordID":122,"Channel":"Application","Computer":"IE8Win7","Security":null},"EventData":{"Data":{"#text":".NET Runtime Optimization Service (2.0.50727.4927) - Installed from repository: ehiwmp"},"Binary":null}}}
{"Event_attributes":{"xmlns":"http://schemas.microsoft.com/win/2004/08/events/event"},"Event":{"System":{"Provider_attributes":{"Name":".NET Runtime Optimization Service"},"EventID_attributes":{"Qualifiers":0},"EventID":1130,"Level":0,"Task":0,"Keywords":"0x80000000000000","TimeCreated_attributes":{"SystemTime":"2013-10-23T16:23:56.000000Z"},"EventRecordID":123,"Channel":"Application","Computer":"IE8Win7","Security":null},"EventData":{"Data":{"#text":".NET Runtime Optimization Service (2.0.50727.4927) - Installed from repository: ehiWUapi"},"Binary":null}}}
{"Event_attributes":{"xmlns":"http://schemas.microsoft.com/win/2004/08/events/event"},"Event":{"System":{"Provider_attributes":{"Name":".NET Runtime Optimization Service"},"EventID_attributes":{"Qualifiers":0},"EventID":1130,"Level":0,"Task":0,"Keywords":"0x80000000000000","TimeCreated_attributes":{"SystemTime":"2013-10-23T16:23:57.000000Z"},"EventRecordID":124,"Channel":"Application","Computer":"IE8Win7","Security":null},"EventData":{"Data":{"#text":".NET Runtime Optimization Service (2.0.50727.4927) - Installed from repository: Microsoft.MediaCenter.Shell"},"Binary":null}}}
{"Event_attributes":{"xmlns":"http://schemas.microsoft.com/win/2004/08/events/event"},"Event":{"System":{"Provider_attributes":{"Name":".NET Runtime Optimization Service"},"EventID_attributes":{"Qualifiers":0},"EventID":1130,"Level":0,"Task":0,"Keywords":"0x80000000000000","TimeCreated_attributes":{"SystemTime":"2013-10-23T16:23:57.000000Z"},"EventRecordID":125,"Channel":"Application","Computer":"IE8Win7","Security":null},"EventData":{"Data":{"#text":".NET Runtime Optimization Service (2.0.50727.4927) - Installed from repository: Microsoft.MediaCenter.Interop"},"Binary":null}}}
{"Event_attributes":{"xmlns":"http://schemas.microsoft.com/win/2004/08/events/event"},"Event":{"System":{"Provider_attributes":{"Name":".NET Runtime Optimization Service"},"EventID_attributes":{"Qualifiers":0},"EventID":1130,"Level":0,"Task":0,"Keywords":"0x80000000000000","TimeCreated_attributes":{"SystemTime":"2013-10-23T16:23:57.000000Z"},"EventRecordID":126,"Channel":"Application","Computer":"IE8Win7","Security":null},"EventData":{"Data":{"#text":".NET Runtime Optimization Service (2.0.50727.4927) - Installed from repository: Microsoft.MediaCenter.ITVVM"},"Binary":null}}}
{"Event_attributes":{"xmlns":"http://schemas.microsoft.com/win/2004/08/events/event"},"Event":{"System":{"Provider_attributes":{"Name":".NET Runtime Optimization Service"},"EventID_attributes":{"Qualifiers":0},"EventID":1130,"Level":0,"Task":0,"Keywords":"0x80000000000000","TimeCreated_attributes":{"SystemTime":"2013-10-23T16:23:57.000000Z"},"EventRecordID":127,"Channel":"Application","Computer":"IE8Win7","Security":null},"EventData":{"Data":{"#text":".NET Runtime Optimization Service (2.0.50727.4927) - Installed from repository: Microsoft.MediaCenter.Playback"},"Binary":null}}}
{"Event_attributes":{"xmlns":"http://schemas.microsoft.com/win/2004/08/events/event"},"Event":{"System":{"Provider_attributes":{"Name":".NET Runtime Optimization Service"},"EventID_attributes":{"Qualifiers":0},"EventID":1130,"Level":0,"Task":0,"Keywords":"0x80000000000000","TimeCreated_attributes":{"SystemTime":"2013-10-23T16:23:57.000000Z"},"EventRecordID":128,"Channel":"Application","Computer":"IE8Win7","Security":null},"EventData":{"Data":{"#text":".NET Runtime Optimization Service (2.0.50727.4927) - Installed from repository: Microsoft.MediaCenter.TV.Tuners.Interop"},"Binary":null}}}
{"Event_attributes":{"xmlns":"http://schemas.microsoft.com/win/2004/08/events/event"},"Event":{"System":{"Provider_attributes":{"Name":".NET Runtime Optimization Service"},"EventID_attributes":{"Qualifiers":0},"EventID":1130,"Level":0,"Task":0,"Keywords":"0x80000000000000","TimeCreated_attributes":{"SystemTime":"2013-10-23T16:23:58.000000Z"},"EventRecordID":129,"Channel":"Application","Computer":"IE8Win7","Security":null},"EventData":{"Data":{"#text":".NET Runtime Optimization Service (2.0.50727.4927) - Installed from repository: Microsoft.MediaCenter.Sports"},"Binary":null}}}
{"Event_attributes":{"xmlns":"http://schemas.microsoft.com/win/2004/08/events/event"},"Event":{"System":{"Provider_attributes":{"Name":".NET Runtime Optimization Service"},"EventID_attributes":{"Qualifiers":0},"EventID":1130,"Level":0,"Task":0,"Keywords":"0x80000000000000","TimeCreated_attributes":{"SystemTime":"2013-10-23T16:23:58.000000Z"},"EventRecordID":130,"Channel":"Application","Computer":"IE8Win7","Security":null},"EventData":{"Data":{"#text":".NET Runtime Optimization Service (2.0.50727.4927) - Installed from repository: ehshell"},"Binary":null}}}
{"Event_attributes":{"xmlns":"http://schemas.microsoft.com/win/2004/08/events/event"},"Event":{"System":{"Provider_attributes":{"Name":".NET Runtime Optimization Service"},"EventID_attributes":{"Qualifiers":0},"EventID":1130,"Level":0,"Task":0,"Keywords":"0x80000000000000","TimeCreated_attributes":{"SystemTime":"2013-10-23T16:24:00.000000Z"},"EventRecordID":131,"Channel":"Application","Computer":"IE8Win7","Security":null},"EventData":{"Data":{"#text":".NET Runtime Optimization Service (2.0.50727.4927) - Installed from repository: Mcx2Dvcs"},"Binary":null}}}
{"Event_attributes":{"xmlns":"http://schemas.microsoft.com/win/2004/08/events/event"},"Event":{"System":{"Provider_attributes":{"Name":".NET Runtime Optimization Service"},"EventID_attributes":{"Qualifiers":0},"EventID":1130,"Level":0,"Task":0,"Keywords":"0x80000000000000","TimeCreated_attributes":{"SystemTime":"2013-10-23T16:24:01.000000Z"},"EventRecordID":132,"Channel":"Application","Computer":"IE8Win7","Security":null},"EventData":{"Data":{"#text":".NET Runtime Optimization Service (2.0.50727.4927) - Installed from repository: Microsoft.MediaCenter.iTv"},"Binary":null}}}
{"Event_attributes":{"xmlns":"http://schemas.microsoft.com/win/2004/08/events/event"},"Event":{"System":{"Provider_attributes":{"Name":".NET Runtime Optimization Service"},"EventID_attributes":{"Qualifiers":0},"EventID":1130,"Level":0,"Task":0,"Keywords":"0x80000000000000","TimeCreated_attributes":{"SystemTime":"2013-10-23T16:24:04.000000Z"},"EventRecordID":133,"Channel":"Application","Computer":"IE8Win7","Security":null},"EventData":{"Data":{"#text":".NET Runtime Optimization Service (2.0.50727.4927) - Installed from repository: Microsoft.MediaCenter.iTv.Media"},"Binary":null}}}
{"Event_attributes":{"xmlns":"http://schemas.microsoft.com/win/2004/08/events/event"},"Event":{"System":{"Provider_attributes":{"Name":".NET Runtime Optimization Service"},"EventID_attributes":{"Qualifiers":0},"EventID":1130,"Level":0,"Task":0,"Keywords":"0x80000000000000","TimeCreated_attributes":{"SystemTime":"2013-10-23T16:24:07.000000Z"},"EventRecordID":134,"Channel":"Application","Computer":"IE8Win7","Security":null},"EventData":{"Data":{"#text":".NET Runtime Optimization Service (2.0.50727.4927) - Installed from repository: LoadMxf"},"Binary":null}}}
{"Event_attributes":{"xmlns":"http://schemas.microsoft.com/win/2004/08/events/event"},"Event":{"System":{"Provider_attributes":{"Name":".NET Runtime Optimization Service"},"EventID_attributes":{"Qualifiers":0},"EventID":1130,"Level":0,"Task":0,"Keywords":"0x80000000000000","TimeCreated_attributes":{"SystemTime":"2013-10-23T16:24:11.000000Z"},"EventRecordID":135,"Channel":"Application","Computer":"IE8Win7","Security":null},"EventData":{"Data":{"#text":".NET Runtime Optimization Service (2.0.50727.4927) - Installed from repository: MCESidebarCtrl"},"Binary":null}}}
{"Event_attributes":{"xmlns":"http://schemas.microsoft.com/win/2004/08/events/event"},"Event":{"System":{"Provider_attributes":{"Name":".NET Runtime Optimization Service"},"EventID_attributes":{"Qualifiers":0},"EventID":1130,"Level":0,"Task":0,"Keywords":"0x80000000000000","TimeCreated_attributes":{"SystemTime":"2013-10-23T16:24:11.000000Z"},"EventRecordID":136,"Channel":"Application","Computer":"IE8Win7","Security":null},"EventData":{"Data":{"#text":".NET Runtime Optimization Service (2.0.50727.4927) - Installed from repository: mcGlidHostObj"},"Binary":null}}}
{"Event_attributes":{"xmlns":"http://schemas.microsoft.com/win/2004/08/events/event"},"Event":{"System":{"Provider_attributes":{"Name":".NET Runtime Optimization Service"},"EventID_attributes":{"Qualifiers":0},"EventID":1130,"Level":0,"Task":0,"Keywords":"0x80000000000000","TimeCreated_attributes":{"SystemTime":"2013-10-23T16:24:12.000000Z"},"EventRecordID":137,"Channel":"Application","Computer":"IE8Win7","Security":null},"EventData":{"Data":{"#text":".NET Runtime Optimization Service (2.0.50727.4927) - Installed from repository: mcplayerinterop"},"Binary":null}}}
{"Event_attributes":{"xmlns":"http://schemas.microsoft.com/win/2004/08/events/event"},"Event":{"System":{"Provider_attributes":{"Name":".NET Runtime Optimization Service"},"EventID_attributes":{"Qualifiers":0},"EventID":1130,"Level":0,"Task":0,"Keywords":"0x80000000000000","TimeCreated_attributes":{"SystemTime":"2013-10-23T16:24:13.000000Z"},"EventRecordID":138,"Channel":"Application","Computer":"IE8Win7","Security":null},"EventData":{"Data":{"#text":".NET Runtime Optimization Service (2.0.50727.4927) - Installed from repository: mcupdate"},"Binary":null}}}
{"Event_attributes":{"xmlns":"http://schemas.microsoft.com/win/2004/08/events/event"},"Event":{"System":{"Provider_attributes":{"Name":".NET Runtime Optimization Service"},"EventID_attributes":{"Qualifiers":0},"EventID":1130,"Level":0,"Task":0,"Keywords":"0x80000000000000","TimeCreated_attributes":{"SystemTime":"2013-10-23T16:24:14.000000Z"},"EventRecordID":139,"Channel":"Application","Computer":"IE8Win7","Security":null},"EventData":{"Data":{"#text":".NET Runtime Optimization Service (2.0.50727.4927) - Installed from repository: Microsoft.ApplicationId.Framework"},"Binary":null}}}
{"Event_attributes":{"xmlns":"http://schemas.microsoft.com/win/2004/08/events/event"},"Event":{"System":{"Provider_attributes":{"Name":".NET Runtime Optimization Service"},"EventID_attributes":{"Qualifiers":0},"EventID":1130,"Level":0,"Task":0,"Keywords":"0x80000000000000","TimeCreated_attributes":{"SystemTime":"2013-10-23T16:24:14.000000Z"},"EventRecordID":140,"Channel":"Application","Computer":"IE8Win7","Security":null},"EventData":{"Data":{"#text":".NET Runtime Optimization Service (2.0.50727.4927) - Installed from repository: Microsoft.ApplicationId.RuleWizard"},"Binary":null}}}
