{"Event_attributes":{"xmlns":"http://schemas.microsoft.com/win/2004/08/events/event"},"Event":{"System":{"Provider_attributes":{"Name":"Service Control Manager","Guid":"{555908d1-a6d7-4695-8e1e-26931d2012f4}","EventSourceName":"Service Control Manager"},"EventID_attributes":{"Qualifiers":16384},"EventID":7036,"Version":0,"Level":4,"Task":0,"Opcode":0,"Keywords":"0x8080000000000000","TimeCreated_attributes":{"SystemTime":"2013-10-23T19:19:51.234375Z"},"EventRecordID":1660,"Correlation":null,"Execution_attributes":{"ProcessID":532,"ThreadID":644},"Channel":"System","Computer":"IE8Win7","Security":null},"EventData":{"param1":"Windows Event Log","param2":"running","Binary":"6500760065006E0074006C006F0067002F0034000000"}}}
{"Event_attributes":{"xmlns":"http://schemas.microsoft.com/win/2004/08/events/event"},"Event":{"System":{"Provider_attributes":{"Name":"Service Control Manager","Guid":"{555908d1-a6d7-4695-8e1e-26931d2012f4}","EventSourceName":"Service Control Manager"},"EventID_attributes":{"Qualifiers":16384},"EventID":7036,"Version":0,"Level":4,"Task":0,"Opcode":0,"Keywords":"0x8080000000000000","TimeCreated_attributes":{"SystemTime":"2013-10-23T19:19:51.296875Z"},"EventRecordID":1661,"Correlation":null,"Execution_attributes":{"ProcessID":532,"ThreadID":616},"Channel":"System","Computer":"IE8Win7","Security":null},"EventData":{"param1":"Multimedia Class Scheduler","param2":"running","Binary":"4D004D004300530053002F0034000000"}}}
{"Event_attributes":{"xmlns":"http://schemas.microsoft.com/win/2004/08/events/event"},"Event":{"System":{"Provider_attributes":{"Name":"Service Control Manager","Guid":"{555908d1-a6d7-4695-8e1e-26931d2012f4}","EventSourceName":"Service Control Manager"},"EventID_attributes":{"Qualifiers":16384},"EventID":7036,"Version":0,"Level":4,"Task":0,"Opcode":0,"Keywords":"0x8080000000000000","TimeCreated_attributes":{"SystemTime":"2013-10-23T19:19:51.906250Z"},"EventRecordID":1662,"Correlation":null,"Execution_attributes":{"ProcessID":532,"ThreadID":616},"Channel":"System","Computer":"IE8Win7","Security":null},"EventData":{"param1":"Windows Audio Endpoint Builder","param2":"running","Binary":"41007500640069006F0045006E00640070006F0069006E0074004200750069006C006400650072002F0034000000"}}}
{"Event_attributes":{"xmlns":"http://schemas.microsoft.com/win/2004/08/events/event"},"Event":{"System":{"Provider_attributes":{"Name":"Service Control Manager","Guid":"{555908d1-a6d7-4695-8e1e-26931d2012f4}","EventSourceName":"Service Control Manager"},"EventID_attributes":{"Qualifiers":16384},"EventID":7036,"Version":0,"Level":4,"Task":0,"Opcode":0,"Keywords":"0x8080000000000000","TimeCreated_attributes":{"SystemTime":"2013-10-23T19:19:51.921875Z"},"EventRecordID":1663,"Correlation":null,"Execution_attributes":{"ProcessID":532,"ThreadID":644},"Channel":"System","Computer":"IE8Win7","Security":null},"EventData":{"param1":"Windows Audio","param2":"running","Binary":"41007500640069006F007300720076002F0034000000"}}}
{"Event_attributes":{"xmlns":"http://schemas.microsoft.com/win/2004/08/events/event"},"Event":{"System":{"Provider_attributes":{"Name":"Service Control Manager","Guid":"{555908d1-a6d7-4695-8e1e-26931d2012f4}","EventSourceName":"Service Control Manager"},"EventID_attributes":{"Qualifiers":16384},"EventID":7036,"Version":0,"Level":4,"Task":0,"Opcode":0,"Keywords":"0x8080000000000000","TimeCreated_attributes":{"SystemTime":"2013-10-23T19:19:52.671875Z"},"EventRecordID":1664,"Correlation":null,"Execution_attributes":{"ProcessID":532,"ThreadID":644},"Channel":"System","Computer":"IE8Win7","Security":null},"EventData":{"param1":"Themes","param2":"running","Binary":"5400680065006D00650073002F0034000000"}}}
{"Event_attributes":{"xmlns":"http://schemas.microsoft.com/win/2004/08/events/event"},"Event":{"System":{"Provider_attributes":{"Name":"Service Control Manager","Guid":"{555908d1-a6d7-4695-8e1e-26931d2012f4}","EventSourceName":"Service Control Manager"},"EventID_attributes":{"Qualifiers":16384},"EventID":7036,"Version":0,"Level":4,"Task":0,"Opcode":0,"Keywords":"0x8080000000000000","TimeCreated_attributes":{"SystemTime":"2013-10-23T19:19:52.750000Z"},"EventRecordID":1665,"Correlation":null,"Execution_attributes":{"ProcessID":532,"ThreadID":644},"Channel":"System","Computer":"IE8Win7","Security":null},"EventData":{"param1":"Group Policy Client","param2":"running","Binary":"670070007300760063002F0034000000"}}}
{"Event_attributes":{"xmlns":"http://schemas.microsoft.com/win/2004/08/events/event"},"Event":{"System":{"Provider_attributes":{"Name":"Service Control Manager","Guid":"{555908d1-a6d7-4695-8e1e-26931d2012f4}","EventSourceName":"Service Control Manager"},"EventID_attributes":{"Qualifiers":16384},"EventID":7036,"Version":0,"Level":4,"Task":0,"Opcode":0,"Keywords":"0x8080000000000000","TimeCreated_attributes":{"SystemTime":"2013-10-23T19:19:52.750000Z"},"EventRecordID":1666,"Correlation":null,"Execution_attributes":{"ProcessID":532,"ThreadID":616},"Channel":"System","Computer":"IE8Win7","Security":null},"EventData":{"param1":"User Profile Service","param2":"running","Binary":"500072006F0066005300760063002F0034000000"}}}
{"Event_attributes":{"xmlns":"http://schemas.microsoft.com/win/2004/08/events/event"},"Event":{"System":{"Provider_attributes":{"Name":"Service Control Manager","Guid":"{555908d1-a6d7-4695-8e1e-26931d2012f4}","EventSourceName":"Service Control Manager"},"EventID_attributes":{"Qualifiers":16384},"EventID":7036,"Version":0,"Level":4,"Task":0,"Opcode":0,"Keywords":"0x8080000000000000","TimeCreated_attributes":{"SystemTime":"2013-10-23T19:19:52.765625Z"},"EventRecordID":1667,"Correlation":null,"Execution_attributes":{"ProcessID":532,"ThreadID":616},"Channel":"System","Computer":"IE8Win7","Security":null},"EventData":{"param1":"Offline Files","param2":"running","Binary":"43007300630053006500720076006900630065002F0034000000"}}}
{"Event_attributes":{"xmlns":"http://schemas.microsoft.com/win/2004/08/events/event"},"Event":{"System":{"Provider_attributes":{"Name":"Service Control Manager","Guid":"{555908d1-a6d7-4695-8e1e-26931d2012f4}","EventSourceName":"Service Control Manager"},"EventID_attributes":{"Qualifiers":16384},"EventID":7036,"Version":0,"Level":4,"Task":0,"Opcode":0,"Keywords":"0x8080000000000000","TimeCreated_attributes":{"SystemTime":"2013-10-23T19:19:52.828125Z"},"EventRecordID":1668,"Correlation":null,"Execution_attributes":{"ProcessID":532,"ThreadID":616},"Channel":"System","Computer":"IE8Win7","Security":null},"EventData":{"param1":"COM+ Event System","param2":"running","Binary":"4500760065006E007400530079007300740065006D002F0034000000"}}}
{"Event_attributes":{"xmlns":"http://schemas.microsoft.com/win/2004/08/events/event"},"Event":{"System":{"Provider_attributes":{"Name":"Service Control Manager","Guid":"{555908d1-a6d7-4695-8e1e-26931d2012f4}","EventSourceName":"Service Control Manager"},"EventID_attributes":{"Qualifiers":16384},"EventID":7036,"Version":0,"Level":4,"Task":0,"Opcode":0,"Keywords":"0x8080000000000000","TimeCreated_attributes":{"SystemTime":"2013-10-23T19:19:52.843750Z"},"EventRecordID":1669,"Correlation":null,"Execution_attributes":{"ProcessID":532,"ThreadID":616},"Channel":"System","Computer":"IE8Win7","Security":null},"EventData":{"param1":"System Event Notification Service","param2":"running","Binary":"530045004E0053002F0034000000"}}}
{"Event_attributes":{"xmlns":"http://schemas.microsoft.com/win/2004/08/events/event"},"Event":{"System":{"Provider_attributes":{"Name":"Service Control Manager","Guid":"{555908d1-a6d7-4695-8e1e-26931d2012f4}","EventSourceName":"Service Control Manager"},"EventID_attributes":{"Qualifiers":16384},"EventID":7036,"Version":0,"Level":4,"Task":0,"Opcode":0,"Keywords":"0x8080000000000000","TimeCreated_attributes":{"SystemTime":"2013-10-23T19:19:56.593750Z"},"EventRecordID":1670,"Correlation":null,"Execution_attributes":{"ProcessID":532,"ThreadID":616},"Channel":"System","Computer":"IE8Win7","Security":null},"EventData":{"param1":"Windows Modules Installer","param2":"running","Binary":"540072007500730074006500640049006E007300740061006C006C00650072002F0034000000"}}}
{"Event_attributes":{"xmlns":"http://schemas.microsoft.com/win/2004/08/events/event"},"Event":{"System":{"Provider_attributes":{"Name":"Service Control Manager","Guid":"{555908d1-a6d7-4695-8e1e-26931d2012f4}","EventSourceName":"Service Control Manager"},"EventID_attributes":{"Qualifiers":16384},"EventID":7036,"Version":0,"Level":4,"Task":0,"Opcode":0,"Keywords":"0x8080000000000000","TimeCreated_attributes":{"SystemTime":"2013-10-23T19:19:56.671875Z"},"EventRecordID":1671,"Correlation":null,"Execution_attributes":{"ProcessID":532,"ThreadID":616},"Channel":"System","Computer":"IE8Win7","Security":null},"EventData":{"param1":"Desktop Window Manager Session Manager","param2":"running","Binary":"5500780053006D0073002F0034000000"}}}
{"Event_attributes":{"xmlns":"http://schemas.microsoft.com/win/2004/08/events/event"},"Event":{"System":{"Provider_attributes":{"Name":"Service Control Manager","Guid":"{555908d1-a6d7-4695-8e1e-26931d2012f4}","EventSourceName":"Service Control Manager"},"EventID_attributes":{"Qualifiers":16384},"EventID":7036,"Version":0,"Level":4,"Task":0,"Opcode":0,"Keywords":"0x8080000000000000","TimeCreated_attributes":{"SystemTime":"2013-10-23T19:19:56.671875Z"},"EventRecordID":1672,"Correlation":null,"Execution_attributes":{"ProcessID":532,"ThreadID":616},"Channel":"System","Computer":"IE8Win7","Security":null},"EventData":{"param1":"Security Accounts Manager","param2":"running","Binary":"530061006D00530073002F0034000000"}}}
{"Event_attributes":{"xmlns":"http://schemas.microsoft.com/win/2004/08/events/event"},"Event":{"System":{"Provider_attributes":{"Name":"Service Control Manager","Guid":"{555908d1-a6d7-4695-8e1e-26931d2012f4}","EventSourceName":"Service Control Manager"},"EventID_attributes":{"Qualifiers":16384},"EventID":7036,"Version":0,"Level":4,"Task":0,"Opcode":0,"Keywords":"0x8080000000000000","TimeCreated_attributes":{"SystemTime":"2013-10-23T19:19:56.859375Z"},"EventRecordID":1673,"Correlation":null,"Execution_attributes":{"ProcessID":532,"ThreadID":616},"Channel":"System","Computer":"IE8Win7","Security":null},"EventData":{"param1":"Network Store Interface Service","param2":"running","Binary":"6E00730069002F0034000000"}}}
{"Event_attributes":{"xmlns":"http://schemas.microsoft.com/win/2004/08/events/event"},"Event":{"System":{"Provider_attributes":{"Name":"Service Control Manager","Guid":"{555908d1-a6d7-4695-8e1e-26931d2012f4}","EventSourceName":"Service Control Manager"},"EventID_attributes":{"Qualifiers":16384},"EventID":7036,"Version":0,"Level":4,"Task":0,"Opcode":0,"Keywords":"0x8080000000000000","TimeCreated_attributes":{"SystemTime":"2013-10-23T19:19:57.031250Z"},"EventRecordID":1674,"Correlation":null,"Execution_attributes":{"ProcessID":532,"ThreadID":616},"Channel":"System","Computer":"IE8Win7","Security":null},"EventData":{"param1":"TCP/IP NetBIOS Helper","param2":"running","Binary":"6C006D0068006F007300740073002F0034000000"}}}
{"Event_attributes":{"xmlns":"http://schemas.microsoft.com/win/2004/08/events/event"},"Event":{"System":{"Provider_attributes":{"Name":"Microsoft-Windows-Dhcp-Client","Guid":"15A7A4F8-0072-4EAB-ABAD-F98A4D666AED"},"EventID":50036,"Version":0,"Level":4,"Task":4,"Opcode":68,"Keywords":"0x2000000000000000","TimeCreated_attributes":{"SystemTime":"2013-10-23T19:19:57.187500Z"},"EventRecordID":1675,"Correlation":null,"Execution_attributes":{"ProcessID":772,"ThreadID":1140},"Channel":"System","Computer":"IE8Win7","Security_attributes":{"UserID":"S-1-5-19"}},"EventData":null}}
{"Event_attributes":{"xmlns":"http://schemas.microsoft.com/win/2004/08/events/event"},"Event":{"System":{"Provider_attributes":{"Name":"Service Control Manager","Guid":"{555908d1-a6d7-4695-8e1e-26931d2012f4}","EventSourceName":"Service Control Manager"},"EventID_attributes":{"Qualifiers":16384},"EventID":7036,"Version":0,"Level":4,"Task":0,"Opcode":0,"Keywords":"0x8080000000000000","TimeCreated_attributes":{"SystemTime":"2013-10-23T19:19:57.312500Z"},"EventRecordID":1676,"Correlation":null,"Execution_attributes":{"ProcessID":532,"ThreadID":616},"Channel":"System","Computer":"IE8Win7","Security":null},"EventData":{"param1":"DNS Client","param2":"running","Binary":"44006E007300630061006300680065002F0034000000"}}}
{"Event_attributes":{"xmlns":"http://schemas.microsoft.com/win/2004/08/events/event"},"Event":{"System":{"Provider_attributes":{"Name":"Microsoft-Windows-DHCPv6-Client","Guid":"6A1F2B00-6A90-4C38-95A5-5CAB3B056778"},"EventID":51046,"Version":0,"Level":4,"Task":4,"Opcode":62,"Keywords":"0x2000000000000000","TimeCreated_attributes":{"SystemTime":"2013-10-23T19:19:57.406250Z"},"EventRecordID":1677,"Correlation":null,"Execution_attributes":{"ProcessID":772,"ThreadID":1192},"Channel":"System","Computer":"IE8Win7","Security_attributes":{"UserID":"S-1-5-19"}},"EventData":null}}
{"Event_attributes":{"xmlns":"http://schemas.microsoft.com/win/2004/08/events/event"},"Event":{"System":{"Provider_attributes":{"Name":"Service Control Manager","Guid":"{555908d1-a6d7-4695-8e1e-26931d2012f4}","EventSourceName":"Service Control Manager"},"EventID_attributes":{"Qualifiers":16384},"EventID":7036,"Version":0,"Level":4,"Task":0,"Opcode":0,"Keywords":"0x8080000000000000","TimeCreated_attributes":{"SystemTime":"2013-10-23T19:19:57.406250Z"},"EventRecordID":1678,"Correlation":null,"Execution_attributes":{"ProcessID":532,"ThreadID":616},"Channel":"System","Computer":"IE8Win7","Security":null},"EventData":{"param1":"DHCP Client","param2":"running","Binary":"44006800630070002F0034000000"}}}
{"Event_attributes":{"xmlns":"http://schemas.microsoft.com/win/2004/08/events/event"},"Event":{"System":{"Provider_attributes":{"Name":"Service Control Manager","Guid":"{555908d1-a6d7-4695-8e1e-26931d2012f4}","EventSourceName":"Service Control Manager"},"EventID_attributes":{"Qualifiers":16384},"EventID":7036,"Version":0,"Level":4,"Task":0,"Opcode":0,"Keywords":"0x8080000000000000","TimeCreated_attributes":{"SystemTime":"2013-10-23T19:19:57.546875Z"},"EventRecordID":1679,"Correlation":null,"Execution_attributes":{"ProcessID":532,"ThreadID":644},"Channel":"System","Computer":"IE8Win7","Security":null},"EventData":{"param1":"Shell Hardware Detection","param2":"running","Binary":"5300680065006C006C004800570044006500740065006300740069006F006E002F0034000000"}}}
{"Event_attributes":{"xmlns":"http://schemas.microsoft.com/win/2004/08/events/event"},"Event":{"System":{"Provider_attributes":{"Name":"Service Control Manager","Guid":"{555908d1-a6d7-4695-8e1e-26931d2012f4}","EventSourceName":"Service Control Manager"},"EventID_attributes":{"Qualifiers":16384},"EventID":7036,"Version":0,"Level":4,"Task":0,"Opcode":0,"Keywords":"0x8080000000000000","TimeCreated_attributes":{"SystemTime":"2013-10-23T19:19:58.703125Z"},"EventRecordID":1680,"Correlation":null,"Execution_attributes":{"ProcessID":532,"ThreadID":644},"Channel":"System","Computer":"IE8Win7","Security":null},"EventData":{"param1":"Task Scheduler","param2":"running","Binary":"5300630068006500640075006C0065002F0034000000"}}}
{"Event_attributes":{"xmlns":"http://schemas.microsoft.com/win/2004/08/events/event"},"Event":{"System":{"Provider_attributes":{"Name":"Service Control Manager","Guid":"{555908d1-a6d7-4695-8e1e-26931d2012f4}","EventSourceName":"Service Control Manager"},"EventID_attributes":{"Qualifiers":16384},"EventID":7036,"Version":0,"Level":4,"Task":0,"Opcode":0,"Keywords":"0x8080000000000000","TimeCreated_attributes":{"SystemTime":"2013-10-23T19:19:59.250000Z"},"EventRecordID":1681,"Correlation":null,"Execution_attributes":{"ProcessID":532,"ThreadID":644},"Channel":"System","Computer":"IE8Win7","Security":null},"EventData":{"param1":"Print Spooler","param2":"running","Binary":"530070006F006F006C00650072002F0034000000"}}}
{"Event_attributes":{"xmlns":"http://schemas.microsoft.com/win/2004/08/events/event"},"Event":{"System":{"Provider_attributes":{"Name":"Service Control Manager","Guid":"{555908d1-a6d7-4695-8e1e-26931d2012f4}","EventSourceName":"Service Control Manager"},"EventID_attributes":{"Qualifiers":16384},"EventID":7036,"Version":0,"Level":4,"Task":0,"Opcode":0,"Keywords":"0x8080000000000000","TimeCreated_attributes":{"SystemTime":"2013-10-23T19:19:59.796875Z"},"EventRecordID":1682,"Correlation":null,"Execution_attributes":{"ProcessID":532,"ThreadID":616},"Channel":"System","Computer":"IE8Win7","Security":null},"EventData":{"param1":"Base Filtering Engine","param2":"running","Binary":"4200460045002F0034000000"}}}
{"Event_attributes":{"xmlns":"http://schemas.microsoft.com/win/2004/08/events/event"},"Event":{"System":{"Provider_attributes":{"Name":"Service Control Manager","Guid":"{555908d1-a6d7-4695-8e1e-26931d2012f4}","EventSourceName":"Service Control Manager"},"EventID_attributes":{"Qualifiers":16384},"EventID":7036,"Version":0,"Level":4,"Task":0,"Opcode":0,"Keywords":"0x8080000000000000","TimeCreated_attributes":{"SystemTime":"2013-10-23T19:20:00.500000Z"},"EventRecordID":1683,"Correlation":null,"Execution_attributes":{"ProcessID":532,"ThreadID":616},"Channel":"System","Computer":"IE8Win7","Security":null},"EventData":{"param1":"Windows Firewall","param2":"running","Binary":"4D00700073005300760063002F0034000000"}}}
{"Event_attributes":{"xmlns":"http://schemas.microsoft.com/win/2004/08/events/event"},"Event":{"System":{"Provider_attributes":{"Name":"Service Control Manager","Guid":"{555908d1-a6d7-4695-8e1e-26931d2012f4}","EventSourceName":"Service Control Manager"},"EventID_attributes":{"Qualifiers":16384},"EventID":7036,"Version":0,"Level":4,"Task":0,"Opcode":0,"Keywords":"0x8080000000000000","TimeCreated_attributes":{"SystemTime":"2013-10-23T19:20:00.687500Z"},"EventRecordID":1684,"Correlation":null,"Execution_attributes":{"ProcessID":532,"ThreadID":616},"Channel":"System","Computer":"IE8Win7","Security":null},"EventData":{"param1":"Workstation","param2":"running","Binary":"4C0061006E006D0061006E0057006F0072006B00730074006100740069006F006E002F0034000000"}}}
{"Event_attributes":{"xmlns":"http://schemas.microsoft.com/win/2004/08/events/event"},"Event":{"System":{"Provider_attributes":{"Name":"Service Control Manager","Guid":"{555908d1-a6d7-4695-8e1e-26931d2012f4}","EventSourceName":"Service Control Manager"},"EventID_attributes":{"Qualifiers":16384},"EventID":7036,"Version":0,"Level":4,"Task":0,"Opcode":0,"Keywords":"0x8080000000000000","TimeCreated_attributes":{"SystemTime":"2013-10-23T19:20:01.687500Z"},"EventRecordID":1685,"Correlation":null,"Execution_attributes":{"ProcessID":532,"ThreadID":604},"Channel":"System","Computer":"IE8Win7","Security":null},"EventData":{"param1":"Hyper-V Heartbeat Service","param2":"running","Binary":"76006D00690063006800650061007200740062006500610074002F0034000000"}}}
{"Event_attributes":{"xmlns":"http://schemas.microsoft.com/win/2004/08/events/event"},"Event":{"System":{"Provider_attributes":{"Name":"Service Control Manager","Guid":"{555908d1-a6d7-4695-8e1e-26931d2012f4}","EventSourceName":"Service Control Manager"},"EventID_attributes":{"Qualifiers":16384},"EventID":7036,"Version":0,"Level":4,"Task":0,"Opcode":0,"Keywords":"0x8080000000000000","TimeCreated_attributes":{"SystemTime":"2013-10-23T19:20:01.734375Z"},"EventRecordID":1686,"Correlation":null,"Execution_attributes":{"ProcessID":532,"ThreadID":616},"Channel":"System","Computer":"IE8Win7","Security":null},"EventData":{"param1":"Hyper-V Guest Shutdown Service","param2":"running","Binary":"76006D0069006300730068007500740064006F0077006E002F0034000000"}}}
{"Event_attributes":{"xmlns":"http://schemas.microsoft.com/win/2004/08/events/event"},"Event":{"System":{"Provider_attributes":{"Name":"Service Control Manager","Guid":"{555908d1-a6d7-4695-8e1e-26931d2012f4}","EventSourceName":"Service Control Manager"},"EventID_attributes":{"Qualifiers":16384},"EventID":7036,"Version":0,"Level":4,"Task":0,"Opcode":0,"Keywords":"0x8080000000000000","TimeCreated_attributes":{"SystemTime":"2013-10-23T19:20:01.750000Z"},"EventRecordID":1687,"Correlation":null,"Execution_attributes":{"ProcessID":532,"ThreadID":604},"Channel":"System","Computer":"IE8Win7","Security":null},"EventData":{"param1":"Hyper-V Data Exchange Service","param2":"running","Binary":"76006D00690063006B0076007000650078006300680061006E00670065002F0034000000"}}}
{"Event_attributes":{"xmlns":"http://schemas.microsoft.com/win/2004/08/events/event"},"Event":{"System":{"Provider_attributes":{"Name":"Service Control Manager","Guid":"{555908d1-a6d7-4695-8e1e-26931d2012f4}","EventSourceName":"Service Control Manager"},"EventID_attributes":{"Qualifiers":16384},"EventID":7036,"Version":0,"Level":4,"Task":0,"Opcode":0,"Keywords":"0x8080000000000000","TimeCreated_attributes":{"SystemTime":"2013-10-23T19:20:01.781250Z"},"EventRecordID":1688,"Correlation":null,"Execution_attributes":{"ProcessID":532,"ThreadID":616},"Channel":"System","Computer":"IE8Win7","Security":null},"EventData":{"param1":"Hyper-V Time Synchronization Service","param2":"running","Binary":"76006D0069006300740069006D006500730079006E0063002F0034000000"}}}
{"Event_attributes":{"xmlns":"http://schemas.microsoft.com/win/2004/08/events/event"},"Event":{"System":{"Provider_attributes":{"Name":"Microsoft-Windows-Kernel-General","Guid":"A68CA8B7-004F-D7B6-A698-07E2DE0F1F5D"},"EventID":1,"Version":0,"Level":4,"Task":0,"Opcode":0,"Keywords":"0x8000000000000010","TimeCreated_attributes":{"SystemTime":"2013-10-23T19:20:01.879000Z"},"EventRecordID":1689,"Correlation":null,"Execution_attributes":{"ProcessID":1448,"ThreadID":1484},"Channel":"System","Computer":"IE8Win7","Security_attributes":{"UserID":"S-1-5-19"}},"EventData":{"NewTime":"2013-10-23T19:20:01.879000Z","OldTime":"2013-10-23T19:20:01.796875Z"}}}
{"Event_attributes":{"xmlns":"http://schemas.microsoft.com/win/2004/08/events/event"},"Event":{"System":{"Provider_attributes":{"Name":"Service Control Manager","Guid":"{555908d1-a6d7-4695-8e1e-26931d2012f4}","EventSourceName":"Service Control Manager"},"EventID_attributes":{"Qualifiers":16384},"EventID":7036,"Version":0,"Level":4,"Task":0,"Opcode":0,"Keywords":"0x8080000000000000","TimeCreated_attributes":{"SystemTime":"2013-10-23T19:20:01.879000Z"},"EventRecordID":1690,"Correlation":null,"Execution_attributes":{"ProcessID":532,"ThreadID":604},"Channel":"System","Computer":"IE8Win7","Security":null},"EventData":{"param1":"Hyper-V Volume Shadow Copy Requestor","param2":"running","Binary":"76006D00690063007600730073002F0034000000"}}}
{"Event_attributes":{"xmlns":"http://schemas.microsoft.com/win/2004/08/events/event"},"Event":{"System":{"Provider_attributes":{"Name":"Service Control Manager","Guid":"{555908d1-a6d7-4695-8e1e-26931d2012f4}","EventSourceName":"Service Control Manager"},"EventID_attributes":{"Qualifiers":16384},"EventID":7036,"Version":0,"Level":4,"Task":0,"Opcode":0,"Keywords":"0x8080000000000000","TimeCreated_attributes":{"SystemTime":"2013-10-23T19:20:02.129000Z"},"EventRecordID":1691,"Correlation":null,"Execution_attributes":{"ProcessID":532,"ThreadID":604},"Channel":"System","Computer":"IE8Win7","Security":null},"EventData":{"param1":"Diagnostic Policy Service","param2":"running","Binary":"4400500053002F0034000000"}}}
{"Event_attributes":{"xmlns":"http://schemas.microsoft.com/win/2004/08/events/event"},"Event":{"System":{"Provider_attributes":{"Name":"Service Control Manager","Guid":"{555908d1-a6d7-4695-8e1e-26931d2012f4}","EventSourceName":"Service Control Manager"},"EventID_attributes":{"Qualifiers":16384},"EventID":7036,"Version":0,"Level":4,"Task":0,"Opcode":0,"Keywords":"0x8080000000000000","TimeCreated_attributes":{"SystemTime":"2013-10-23T19:20:03.129000Z"},"EventRecordID":1692,"Correlation":null,"Execution_attributes":{"ProcessID":532,"ThreadID":616},"Channel":"System","Computer":"IE8Win7","Security":null},"EventData":{"param1":"Cryptographic Services","param2":"running","Binary":"430072007900700074005300760063002F0034000000"}}}
{"Event_attributes":{"xmlns":"http://schemas.microsoft.com/win/2004/08/events/event"},"Event":{"System":{"Provider_attributes":{"Name":"Service Control Manager","Guid":"{555908d1-a6d7-4695-8e1e-26931d2012f4}","EventSourceName":"Service Control Manager"},"EventID_attributes":{"Qualifiers":16384},"EventID":7036,"Version":0,"Level":4,"Task":0,"Opcode":0,"Keywords":"0x8080000000000000","TimeCreated_attributes":{"SystemTime":"2013-10-23T19:20:03.363375Z"},"EventRecordID":1693,"Correlation":null,"Execution_attributes":{"ProcessID":532,"ThreadID":616},"Channel":"System","Computer":"IE8Win7","Security":null},"EventData":{"param1":"Network Location Awareness","param2":"running","Binary":"4E006C0061005300760063002F0034000000"}}}
{"Event_attributes":{"xmlns":"http://schemas.microsoft.com/win/2004/08/events/event"},"Event":{"System":{"Provider_attributes":{"Name":"Service Control Manager","Guid":"{555908d1-a6d7-4695-8e1e-26931d2012f4}","EventSourceName":"Service Control Manager"},"EventID_attributes":{"Qualifiers":16384},"EventID":7036,"Version":0,"Level":4,"Task":0,"Opcode":0,"Keywords":"0x8080000000000000","TimeCreated_attributes":{"SystemTime":"2013-10-23T19:20:04.238375Z"},"EventRecordID":1694,"Correlation":null,"Execution_attributes":{"ProcessID":532,"ThreadID":616},"Channel":"System","Computer":"IE8Win7","Security":null},"EventData":{"param1":"Superfetch","param2":"running","Binary":"5300790073004D00610069006E002F0034000000"}}}
{"Event_attributes":{"xmlns":"http://schemas.microsoft.com/win/2004/08/events/event"},"Event":{"System":{"Provider_attributes":{"Name":"Service Control Manager","Guid":"{555908d1-a6d7-4695-8e1e-26931d2012f4}","EventSourceName":"Service Control Manager"},"EventID_attributes":{"Qualifiers":16384},"EventID":7036,"Version":0,"Level":4,"Task":0,"Opcode":0,"Keywords":"0x8080000000000000","TimeCreated_attributes":{"SystemTime":"2013-10-23T19:20:04.238375Z"},"EventRecordID":1695,"Correlation":null,"Execution_attributes":{"ProcessID":532,"ThreadID":644},"Channel":"System","Computer":"IE8Win7","Security":null},"EventData":{"param1":"Distributed Link Tracking Client","param2":"running","Binary":"540072006B0057006B0073002F0034000000"}}}
{"Event_attributes":{"xmlns":"http://schemas.microsoft.com/win/2004/08/events/event"},"Event":{"System":{"Provider_attributes":{"Name":"Service Control Manager","Guid":"{555908d1-a6d7-4695-8e1e-26931d2012f4}","EventSourceName":"Service Control Manager"},"EventID_attributes":{"Qualifiers":16384},"EventID":7036,"Version":0,"Level":4,"Task":0,"Opcode":0,"Keywords":"0x8080000000000000","TimeCreated_attributes":{"SystemTime":"2013-10-23T19:20:04.550875Z"},"EventRecordID":1696,"Correlation":null,"Execution_attributes":{"ProcessID":532,"ThreadID":644},"Channel":"System","Computer":"IE8Win7","Security":null},"EventData":{"param1":"Windows Licensing Monitoring Service","param2":"running","Binary":"57004C004D0053002F0034000000"}}}
{"Event_attributes":{"xmlns":"http://schemas.microsoft.com/win/2004/08/events/event"},"Event":{"System":{"Provider_attributes":{"Name":"Service Control Manager","Guid":"{555908d1-a6d7-4695-8e1e-26931d2012f4}","EventSourceName":"Service Control Manager"},"EventID_attributes":{"Qualifiers":16384},"EventID":7036,"Version":0,"Level":4,"Task":0,"Opcode":0,"Keywords":"0x8080000000000000","TimeCreated_attributes":{"SystemTime":"2013-10-23T19:20:04.754000Z"},"EventRecordID":1697,"Correlation":null,"Execution_attributes":{"ProcessID":532,"ThreadID":616},"Channel":"System","Computer":"IE8Win7","Security":null},"EventData":{"param1":"Windows Management Instrumentation","param2":"running","Binary":"570069006E006D0067006D0074002F0034000000"}}}
{"Event_attributes":{"xmlns":"http://schemas.microsoft.com/win/2004/08/events/event"},"Event":{"System":{"Provider_attributes":{"Name":"Service Control Manager","Guid":"{555908d1-a6d7-4695-8e1e-26931d2012f4}","EventSourceName":"Service Control Manager"},"EventID_attributes":{"Qualifiers":16384},"EventID":7036,"Version":0,"Level":4,"Task":0,"Opcode":0,"Keywords":"0x8080000000000000","TimeCreated_attributes":{"SystemTime":"2013-10-23T19:20:05.722750Z"},"EventRecordID":1698,"Correlation":null,"Execution_attributes":{"ProcessID":532,"ThreadID":616},"Channel":"System","Computer":"IE8Win7","Security":null},"EventData":{"param1":"IP Helper","param2":"running","Binary":"6900700068006C0070007300760063002F0034000000"}}}
{"Event_attributes":{"xmlns":"http://schemas.microsoft.com/win/2004/08/events/event"},"Event":{"System":{"Provider_attributes":{"Name":"Service Control Manager","Guid":"{555908d1-a6d7-4695-8e1e-26931d2012f4}","EventSourceName":"Service Control Manager"},"EventID_attributes":{"Qualifiers":16384},"EventID":7036,"Version":0,"Level":4,"Task":0,"Opcode":0,"Keywords":"0x8080000000000000","TimeCreated_attributes":{"SystemTime":"2013-10-23T19:20:08.816500Z"},"EventRecordID":1699,"Correlation":null,"Execution_attributes":{"ProcessID":532,"ThreadID":632},"Channel":"System","Computer":"IE8Win7","Security":null},"EventData":{"param1":"Server","param2":"running","Binary":"4C0061006E006D0061006E005300650072007600650072002F0034000000"}}}
{"Event_attributes":{"xmlns":"http://schemas.microsoft.com/win/2004/08/events/event"},"Event":{"System":{"Provider_attributes":{"Name":"Service Control Manager","Guid":"{555908d1-a6d7-4695-8e1e-26931d2012f4}","EventSourceName":"Service Control Manager"},"EventID_attributes":{"Qualifiers":16384},"EventID":7036,"Version":0,"Level":4,"Task":0,"Opcode":0,"Keywords":"0x8080000000000000","TimeCreated_attributes":{"SystemTime":"2013-10-23T19:20:09.191500Z"},"EventRecordID":1700,"Correlation":null,"Execution_attributes":{"ProcessID":532,"ThreadID":640},"Channel":"System","Computer":"IE8Win7","Security":null},"EventData":{"param1":"Network List Service","param2":"running","Binary":"6E0065007400700072006F0066006D002F0034000000"}}}
{"Event_attributes":{"xmlns":"http://schemas.microsoft.com/win/2004/08/events/event"},"Event":{"System":{"Provider_attributes":{"Name":"Service Control Manager","Guid":"{555908d1-a6d7-4695-8e1e-26931d2012f4}","EventSourceName":"Service Control Manager"},"EventID_attributes":{"Qualifiers":16384},"EventID":7036,"Version":0,"Level":4,"Task":0,"Opcode":0,"Keywords":"0x8080000000000000","TimeCreated_attributes":{"SystemTime":"2013-10-23T19:20:11.722750Z"},"EventRecordID":1701,"Correlation":null,"Execution_attributes":{"ProcessID":532,"ThreadID":616},"Channel":"System","Computer":"IE8Win7","Security":null},"EventData":{"param1":"Software Protection","param2":"running","Binary":"7300700070007300760063002F0034000000"}}}
{"Event_attributes":{"xmlns":"http://schemas.microsoft.com/win/2004/08/events/event"},"Event":{"System":{"Provider_attributes":{"Name":"Service Control Manager","Guid":"{555908d1-a6d7-4695-8e1e-26931d2012f4}","EventSourceName":"Service Control Manager"},"EventID_attributes":{"Qualifiers":16384},"EventID":7036,"Version":0,"Level":4,"Task":0,"Opcode":0,"Keywords":"0x8080000000000000","TimeCreated_attributes":{"SystemTime":"2013-10-23T19:20:11.863375Z"},"EventRecordID":1702,"Correlation":null,"Execution_attributes":{"ProcessID":532,"ThreadID":616},"Channel":"System","Computer":"IE8Win7","Security":null},"EventData":{"param1":"Application Experience","param2":"running","Binary":"410065004C006F006F006B00750070005300760063002F0034000000"}}}
{"Event_attributes":{"xmlns":"http://schemas.microsoft.com/win/2004/08/events/event"},"Event":{"System":{"Provider_attributes":{"Name":"Service Control Manager","Guid":"{555908d1-a6d7-4695-8e1e-26931d2012f4}","EventSourceName":"Service Control Manager"},"EventID_attributes":{"Qualifiers":16384},"EventID":7036,"Version":0,"Level":4,"Task":0,"Opcode":0,"Keywords":"0x8080000000000000","TimeCreated_attributes":{"SystemTime":"2013-10-23T19:20:11.894625Z"},"EventRecordID":1703,"Correlation":null,"Execution_attributes":{"ProcessID":532,"ThreadID":648},"Channel":"System","Computer":"IE8Win7","Security":null},"EventData":{"param1":"Diagnostic System Host","param2":"running","Binary":"570064006900530079007300740065006D0048006F00730074002F0034000000"}}}
{"Event_attributes":{"xmlns":"http://schemas.microsoft.com/win/2004/08/events/event"},"Event":{"System":{"Provider_attributes":{"Name":"Service Control Manager","Guid":"{555908d1-a6d7-4695-8e1e-26931d2012f4}","EventSourceName":"Service Control Manager"},"EventID_attributes":{"Qualifiers":16384},"EventID":7036,"Version":0,"Level":4,"Task":0,"Opcode":0,"Keywords":"0x8080000000000000","TimeCreated_attributes":{"SystemTime":"2013-10-23T19:20:11.894625Z"},"EventRecordID":1704,"Correlation":null,"Execution_attributes":{"ProcessID":532,"ThreadID":636},"Channel":"System","Computer":"IE8Win7","Security":null},"EventData":{"param1":"Diagnostic Service Host","param2":"running","Binary":"570064006900530065007200760069006300650048006F00730074002F0034000000"}}}
{"Event_attributes":{"xmlns":"http://schemas.microsoft.com/win/2004/08/events/event"},"Event":{"System":{"Provider_attributes":{"Name":"Service Control Manager","Guid":"{555908d1-a6d7-4695-8e1e-26931d2012f4}","EventSourceName":"Service Control Manager"},"EventID_attributes":{"Qualifiers":16384},"EventID":7036,"Version":0,"Level":4,"Task":0,"Opcode":0,"Keywords":"0x8080000000000000","TimeCreated_attributes":{"SystemTime":"2013-10-23T19:20:11.894625Z"},"EventRecordID":1705,"Correlation":null,"Execution_attributes":{"ProcessID":532,"ThreadID":640},"Channel":"System","Computer":"IE8Win7","Security":null},"EventData":{"param1":"WinHTTP Web Proxy Auto-Discovery Service","param2":"running","Binary":"570069006E0048007400740070004100750074006F00500072006F00780079005300760063002F0034000000"}}}
{"Event_attributes":{"xmlns":"http://schemas.microsoft.com/win/2004/08/events/event"},"Event":{"System":{"Provider_attributes":{"Name":"Service Control Manager","Guid":"{555908d1-a6d7-4695-8e1e-26931d2012f4}","EventSourceName":"Service Control Manager"},"EventID_attributes":{"Qualifiers":16384},"EventID":7036,"Version":0,"Level":4,"Task":0,"Opcode":0,"Keywords":"0x8080000000000000","TimeCreated_attributes":{"SystemTime":"2013-10-23T19:20:13.425875Z"},"EventRecordID":1706,"Correlation":null,"Execution_attributes":{"ProcessID":532,"ThreadID":640},"Channel":"System","Computer":"IE8Win7","Security":null},"EventData":{"param1":"Portable Device Enumerator Service","param2":"running","Binary":"57005000440042007500730045006E0075006D002F0034000000"}}}
{"Event_attributes":{"xmlns":"http://schemas.microsoft.com/win/2004/08/events/event"},"Event":{"System":{"Provider_attributes":{"Name":"Microsoft-Windows-UserPnp","Guid":"96F4A050-7E31-453C-88BE-9634F4E02139"},"EventID":20010,"Version":0,"Level":4,"Task":7010,"Opcode":0,"Keywords":"0x8000000000000000","TimeCreated_attributes":{"SystemTime":"2013-10-23T19:20:26.879000Z"},"EventRecordID":1707,"Correlation":null,"Execution_attributes":{"ProcessID":660,"ThreadID":676},"Channel":"System","Computer":"IE8Win7","Security_attributes":{"UserID":"S-1-5-18"}},"UserData":{"INFO_PNP_STATE_attributes":{"xmlns:auto-ns2":"http://schemas.microsoft.com/win/2004/08/events","xmlns":"http://manifests.microsoft.com/win/2004/08/windows/userpnp"},"INFO_PNP_STATE":{"InstallSubsystemState":true,"CachingSubsystemState":true}}}}
{"Event_attributes":{"xmlns":"http://schemas.microsoft.com/win/2004/08/events/event"},"Event":{"System":{"Provider_attributes":{"Name":"Microsoft-Windows-HttpEvent","Guid":"{7b6bc78c-898b-4170-bbf8-1a469ea43fc5}","EventSourceName":"HTTP"},"EventID_attributes":{"Qualifiers":16384},"EventID":15008,"Version":0,"Level":4,"Task":0,"Opcode":0,"Keywords":"0x80000000000000","TimeCreated_attributes":{"SystemTime":"2013-10-23T19:20:35.550875Z"},"EventRecordID":1708,"Correlation":null,"Execution_attributes":{"ProcessID":4,"ThreadID":60},"Channel":"System","Computer":"IE8Win7","Security":null},"EventData":{"DeviceObject":"\\Device\\Http\\ReqQueue","Url":"http://+:10243/WMPNSSv4/"}}}
{"Event_attributes":{"xmlns":"http://schemas.microsoft.com/win/2004/08/events/event"},"Event":{"System":{"Provider_attributes":{"Name":"Microsoft-Windows-HttpEvent","Guid":"{7b6bc78c-898b-4170-bbf8-1a469ea43fc5}","EventSourceName":"HTTP"},"EventID_attributes":{"Qualifiers":16384},"EventID":15008,"Version":0,"Level":4,"Task":0,"Opcode":0,"Keywords":"0x80000000000000","TimeCreated_attributes":{"SystemTime":"2013-10-23T19:20:35.691500Z"},"EventRecordID":1709,"Correlation":null,"Execution_attributes":{"ProcessID":4,"ThreadID":60},"Channel":"System","Computer":"IE8Win7","Security":null},"EventData":{"DeviceObject":"\\Device\\Http\\ReqQueue","Url":"https://+:10245/WMPNSSv4/"}}}
{"Event_attributes":{"xmlns":"http://schemas.microsoft.com/win/2004/08/events/event"},"Event":{"System":{"Provider_attributes":{"Name":"Microsoft-Windows-HttpEvent","Guid":"{7b6bc78c-898b-4170-bbf8-1a469ea43fc5}","EventSourceName":"HTTP"},"EventID_attributes":{"Qualifiers":16384},"EventID":15008,"Version":0,"Level":4,"Task":0,"Opcode":0,"Keywords":"0x80000000000000","TimeCreated_attributes":{"SystemTime":"2013-10-23T19:20:41.504000Z"},"EventRecordID":1710,"Correlation":null,"Execution_attributes":{"ProcessID":4,"ThreadID":52},"Channel":"System","Computer":"IE8Win7","Security":null},"EventData":{"DeviceObject":"\\Device\\Http\\ReqQueue","Url":"https://+:443/sra_{BA195980-CD49-458b-9E23-C84EE0A..."}}}
{"Event_attributes":{"xmlns":"http://schemas.microsoft.com/win/2004/08/events/event"},"Event":{"System":{"Provider_attributes":{"Name":"Microsoft-Windows-HttpEvent","Guid":"{7b6bc78c-898b-4170-bbf8-1a469ea43fc5}","EventSourceName":"HTTP"},"EventID_attributes":{"Qualifiers":16384},"EventID":15008,"Version":0,"Level":4,"Task":0,"Opcode":0,"Keywords":"0x80000000000000","TimeCreated_attributes":{"SystemTime":"2013-10-23T19:20:41.894625Z"},"EventRecordID":1711,"Correlation":null,"Execution_attributes":{"ProcessID":4,"ThreadID":52},"Channel":"System","Computer":"IE8Win7","Security":null},"EventData":{"DeviceObject":"\\Device\\Http\\ReqQueue","Url":"http://+:47001/wsman/"}}}
{"Event_attributes":{"xmlns":"http://schemas.microsoft.com/win/2004/08/events/event"},"Event":{"System":{"Provider_attributes":{"Name":"Microsoft-Windows-HttpEvent","Guid":"{7b6bc78c-898b-4170-bbf8-1a469ea43fc5}","EventSourceName":"HTTP"},"EventID_attributes":{"Qualifiers":16384},"EventID":15008,"Version":0,"Level":4,"Task":0,"Opcode":0,"Keywords":"0x80000000000000","TimeCreated_attributes":{"SystemTime":"2013-10-23T19:20:41.894625Z"},"EventRecordID":1712,"Correlation":null,"Execution_attributes":{"ProcessID":4,"ThreadID":52},"Channel":"System","Computer":"IE8Win7","Security":null},"EventData":{"DeviceObject":"\\Device\\Http\\ReqQueue","Url":"http://+:5985/wsman/"}}}
{"Event_attributes":{"xmlns":"http://schemas.microsoft.com/win/2004/08/events/event"},"Event":{"System":{"Provider_attributes":{"Name":"Microsoft-Windows-HttpEvent","Guid":"{7b6bc78c-898b-4170-bbf8-1a469ea43fc5}","EventSourceName":"HTTP"},"EventID_attributes":{"Qualifiers":16384},"EventID":15008,"Version":0,"Level":4,"Task":0,"Opcode":0,"Keywords":"0x80000000000000","TimeCreated_attributes":{"SystemTime":"2013-10-23T19:20:41.894625Z"},"EventRecordID":1713,"Correlation":null,"Execution_attributes":{"ProcessID":4,"ThreadID":52},"Channel":"System","Computer":"IE8Win7","Security":null},"EventData":{"DeviceObject":"\\Device\\Http\\ReqQueue","Url":"https://+:5986/wsman/"}}}
{"Event_attributes":{"xmlns":"http://schemas.microsoft.com/win/2004/08/events/event"},"Event":{"System":{"Provider_attributes":{"Name":"Microsoft-Windows-HttpEvent","Guid":"{7b6bc78c-898b-4170-bbf8-1a469ea43fc5}","EventSourceName":"HTTP"},"EventID_attributes":{"Qualifiers":16384},"EventID":15008,"Version":0,"Level":4,"Task":0,"Opcode":0,"Keywords":"0x80000000000000","TimeCreated_attributes":{"SystemTime":"2013-10-23T19:20:42.175875Z"},"EventRecordID":1714,"Correlation":null,"Execution_attributes":{"ProcessID":4,"ThreadID":52},"Channel":"System","Computer":"IE8Win7","Security":null},"EventData":{"DeviceObject":"\\Device\\Http\\ReqQueue","Url":"http://*:5357/"}}}
{"Event_attributes":{"xmlns":"http://schemas.microsoft.com/win/2004/08/events/event"},"Event":{"System":{"Provider_attributes":{"Name":"Microsoft-Windows-HttpEvent","Guid":"{7b6bc78c-898b-4170-bbf8-1a469ea43fc5}","EventSourceName":"HTTP"},"EventID_attributes":{"Qualifiers":16384},"EventID":15008,"Version":0,"Level":4,"Task":0,"Opcode":0,"Keywords":"0x80000000000000","TimeCreated_attributes":{"SystemTime":"2013-10-23T19:20:42.285250Z"},"EventRecordID":1715,"Correlation":null,"Execution_attributes":{"ProcessID":4,"ThreadID":52},"Channel":"System","Computer":"IE8Win7","Security":null},"EventData":{"DeviceObject":"\\Device\\Http\\ReqQueue","Url":"https://*:5358/"}}}
{"Event_attributes":{"xmlns":"http://schemas.microsoft.com/win/2004/08/events/event"},"Event":{"System":{"Provider_attributes":{"Name":"Microsoft-Windows-UserPnp","Guid":"96F4A050-7E31-453C-88BE-9634F4E02139"},"EventID":20003,"Version":0,"Level":4,"Task":7005,"Opcode":0,"Keywords":"0x8000000000000000","TimeCreated_attributes":{"SystemTime":"2013-10-23T19:21:22.269625Z"},"EventRecordID":1716,"Correlation":null,"Execution_attributes":{"ProcessID":876,"ThreadID":860},"Channel":"System","Computer":"IE8Win7","Security_attributes":{"UserID":"S-1-5-18"}},"UserData":{"AddServiceID_attributes":{"xmlns:auto-ns2":"http://schemas.microsoft.com/win/2004/08/events","xmlns":"http://manifests.microsoft.com/win/2004/08/windows/userpnp"},"AddServiceID":{"ServiceName":"RasAgileVpn","DriverFileName":"system32\\DRIVERS\\AgileVpn.sys","DeviceInstanceID":"ROOT\\MS_AGILEVPNMINIPORT\\0000","PrimaryService":true,"UpdateService":true,"AddServiceStatus":0}}}}
{"Event_attributes":{"xmlns":"http://schemas.microsoft.com/win/2004/08/events/event"},"Event":{"System":{"Provider_attributes":{"Name":"Microsoft-Windows-HttpEvent","Guid":"{7b6bc78c-898b-4170-bbf8-1a469ea43fc5}","EventSourceName":"HTTP"},"EventID_attributes":{"Qualifiers":16384},"EventID":15007,"Version":0,"Level":4,"Task":0,"Opcode":0,"Keywords":"0x80000000000000","TimeCreated_attributes":{"SystemTime":"2013-10-23T19:21:33.785250Z"},"EventRecordID":1717,"Correlation":null,"Execution_attributes":{"ProcessID":4,"ThreadID":44},"Channel":"System","Computer":"IE8Win7","Security":null},"EventData":{"DeviceObject":"\\Device\\Http\\ReqQueue","Url":"http://*:5357/"}}}
{"Event_attributes":{"xmlns":"http://schemas.microsoft.com/win/2004/08/events/event"},"Event":{"System":{"Provider_attributes":{"Name":"Microsoft-Windows-HttpEvent","Guid":"{7b6bc78c-898b-4170-bbf8-1a469ea43fc5}","EventSourceName":"HTTP"},"EventID_attributes":{"Qualifiers":16384},"EventID":15007,"Version":0,"Level":4,"Task":0,"Opcode":0,"Keywords":"0x80000000000000","TimeCreated_attributes":{"SystemTime":"2013-10-23T19:21:34.394625Z"},"EventRecordID":1718,"Correlation":null,"Execution_attributes":{"ProcessID":4,"ThreadID":44},"Channel":"System","Computer":"IE8Win7","Security":null},"EventData":{"DeviceObject":"\\Device\\Http\\ReqQueue","Url":"https://*:5358/"}}}
{"Event_attributes":{"xmlns":"http://schemas.microsoft.com/win/2004/08/events/event"},"Event":{"System":{"Provider_attributes":{"Name":"Microsoft-Windows-HttpEvent","Guid":"{7b6bc78c-898b-4170-bbf8-1a469ea43fc5}","EventSourceName":"HTTP"},"EventID_attributes":{"Qualifiers":16384},"EventID":15007,"Version":0,"Level":4,"Task":0,"Opcode":0,"Keywords":"0x80000000000000","TimeCreated_attributes":{"SystemTime":"2013-10-23T19:21:34.566500Z"},"EventRecordID":1719,"Correlation":null,"Execution_attributes":{"ProcessID":4,"ThreadID":44},"Channel":"System","Computer":"IE8Win7","Security":null},"EventData":{"DeviceObject":"\\Device\\Http\\ReqQueue","Url":"http://+:47001/wsman/"}}}
{"Event_attributes":{"xmlns":"http://schemas.microsoft.com/win/2004/08/events/event"},"Event":{"System":{"Provider_attributes":{"Name":"Microsoft-Windows-HttpEvent","Guid":"{7b6bc78c-898b-4170-bbf8-1a469ea43fc5}","EventSourceName":"HTTP"},"EventID_attributes":{"Qualifiers":16384},"EventID":15007,"Version":0,"Level":4,"Task":0,"Opcode":0,"Keywords":"0x80000000000000","TimeCreated_attributes":{"SystemTime":"2013-10-23T19:21:34.566500Z"},"EventRecordID":1720,"Correlation":null,"Execution_attributes":{"ProcessID":4,"ThreadID":44},"Channel":"System","Computer":"IE8Win7","Security":null},"EventData":{"DeviceObject":"\\Device\\Http\\ReqQueue","Url":"http://+:5985/wsman/"}}}
{"Event_attributes":{"xmlns":"http://schemas.microsoft.com/win/2004/08/events/event"},"Event":{"System":{"Provider_attributes":{"Name":"Microsoft-Windows-HttpEvent","Guid":"{7b6bc78c-898b-4170-bbf8-1a469ea43fc5}","EventSourceName":"HTTP"},"EventID_attributes":{"Qualifiers":16384},"EventID":15007,"Version":0,"Level":4,"Task":0,"Opcode":0,"Keywords":"0x80000000000000","TimeCreated_attributes":{"SystemTime":"2013-10-23T19:21:34.566500Z"},"EventRecordID":1721,"Correlation":null,"Execution_attributes":{"ProcessID":4,"ThreadID":44},"Channel":"System","Computer":"IE8Win7","Security":null},"EventData":{"DeviceObject":"\\Device\\Http\\ReqQueue","Url":"https://+:5986/wsman/"}}}
{"Event_attributes":{"xmlns":"http://schemas.microsoft.com/win/2004/08/events/event"},"Event":{"System":{"Provider_attributes":{"Name":"Microsoft-Windows-HttpEvent","Guid":"{7b6bc78c-898b-4170-bbf8-1a469ea43fc5}","EventSourceName":"HTTP"},"EventID_attributes":{"Qualifiers":16384},"EventID":15007,"Version":0,"Level":4,"Task":0,"Opcode":0,"Keywords":"0x80000000000000","TimeCreated_attributes":{"SystemTime":"2013-10-23T19:21:36.535250Z"},"EventRecordID":1722,"Correlation":null,"Execution_attributes":{"ProcessID":4,"ThreadID":44},"Channel":"System","Computer":"IE8Win7","Security":null},"EventData":{"DeviceObject":"\\Device\\Http\\ReqQueue","Url":"https://+:443/sra_{BA195980-CD49-458b-9E23-C84EE0A..."}}}
{"Event_attributes":{"xmlns":"http://schemas.microsoft.com/win/2004/08/events/event"},"Event":{"System":{"Provider_attributes":{"Name":"Microsoft-Windows-HttpEvent","Guid":"{7b6bc78c-898b-4170-bbf8-1a469ea43fc5}","EventSourceName":"HTTP"},"EventID_attributes":{"Qualifiers":16384},"EventID":15007,"Version":0,"Level":4,"Task":0,"Opcode":0,"Keywords":"0x80000000000000","TimeCreated_attributes":{"SystemTime":"2013-10-23T19:21:40.800875Z"},"EventRecordID":1723,"Correlation":null,"Execution_attributes":{"ProcessID":4,"ThreadID":44},"Channel":"System","Computer":"IE8Win7","Security":null},"EventData":{"DeviceObject":"\\Device\\Http\\ReqQueue","Url":"http://+:10243/WMPNSSv4/"}}}
{"Event_attributes":{"xmlns":"http://schemas.microsoft.com/win/2004/08/events/event"},"Event":{"System":{"Provider_attributes":{"Name":"Microsoft-Windows-HttpEvent","Guid":"{7b6bc78c-898b-4170-bbf8-1a469ea43fc5}","EventSourceName":"HTTP"},"EventID_attributes":{"Qualifiers":16384},"EventID":15007,"Version":0,"Level":4,"Task":0,"Opcode":0,"Keywords":"0x80000000000000","TimeCreated_attributes":{"SystemTime":"2013-10-23T19:21:41.066500Z"},"EventRecordID":1724,"Correlation":null,"Execution_attributes":{"ProcessID":4,"ThreadID":44},"Channel":"System","Computer":"IE8Win7","Security":null},"EventData":{"DeviceObject":"\\Device\\Http\\ReqQueue","Url":"https://+:10245/WMPNSSv4/"}}}
{"Event_attributes":{"xmlns":"http://schemas.microsoft.com/win/2004/08/events/event"},"Event":{"System":{"Provider_attributes":{"Name":"Service Control Manager","Guid":"{555908d1-a6d7-4695-8e1e-26931d2012f4}","EventSourceName":"Service Control Manager"},"EventID_attributes":{"Qualifiers":16384},"EventID":7036,"Version":0,"Level":4,"Task":0,"Opcode":0,"Keywords":"0x8080000000000000","TimeCreated_attributes":{"SystemTime":"2013-10-23T19:21:46.800875Z"},"EventRecordID":1725,"Correlation":null,"Execution_attributes":{"ProcessID":532,"ThreadID":1980},"Channel":"System","Computer":"IE8Win7","Security":null},"EventData":{"param1":"Microsoft .NET Framework NGEN v4.0.30319_X86","param2":"running","Binary":"63006C0072005F006F007000740069006D0069007A006100740069006F006E005F00760034002E0030002E00330030003300310039005F00330032002F0034000000"}}}
{"Event_attributes":{"xmlns":"http://schemas.microsoft.com/win/2004/08/events/event"},"Event":{"System":{"Provider_attributes":{"Name":"Microsoft-Windows-UserPnp","Guid":"96F4A050-7E31-453C-88BE-9634F4E02139"},"EventID":20010,"Version":0,"Level":4,"Task":7010,"Opcode":0,"Keywords":"0x8000000000000000","TimeCreated_attributes":{"SystemTime":"2013-10-23T19:21:46.972750Z"},"EventRecordID":1726,"Correlation":null,"Execution_attributes":{"ProcessID":660,"ThreadID":708},"Channel":"System","Computer":"IE8Win7","Security_attributes":{"UserID":"S-1-5-18"}},"UserData":{"INFO_PNP_STATE_attributes":{"xmlns:auto-ns2":"http://schemas.microsoft.com/win/2004/08/events","xmlns":"http://manifests.microsoft.com/win/2004/08/windows/userpnp"},"INFO_PNP_STATE":{"InstallSubsystemState":true,"CachingSubsystemState":true}}}}
{"Event_attributes":{"xmlns":"http://schemas.microsoft.com/win/2004/08/events/event"},"Event":{"System":{"Provider_attributes":{"Name":"USER32"},"EventID_attributes":{"Qualifiers":32768},"EventID":1074,"Level":4,"Task":0,"Keywords":"0x80000000000000","TimeCreated_attributes":{"SystemTime":"2013-10-23T19:21:49.000000Z"},"EventRecordID":1727,"Channel":"System","Computer":"IE8Win7","Security_attributes":{"UserID":"S-1-5-18"}},"EventData":{"Data":{"#text":["C:\\Windows\\servicing\\TrustedInstaller.exe (IE8WIN7)","IE8WIN7","Operating System: Upgrade (Planned)","0x80020003","restart","","NT AUTHORITY\\SYSTEM"]},"Binary":"0300028000000000000000000000000000000000000000000000000000000000"}}}
{"Event_attributes":{"xmlns":"http://schemas.microsoft.com/win/2004/08/events/event"},"Event":{"System":{"Provider_attributes":{"Name":"EventLog"},"EventID_attributes":{"Qualifiers":32768},"EventID":6006,"Level":4,"Task":0,"Keywords":"0x80000000000000","TimeCreated_attributes":{"SystemTime":"2013-10-23T19:21:52.000000Z"},"EventRecordID":1728,"Channel":"System","Computer":"IE8Win7","Security":null},"EventData":{"Data":{"#text":""},"Binary":"0100000000000000"}}}
