{"Event_attributes":{"xmlns":"http://schemas.microsoft.com/win/2004/08/events/event"},"Event":{"System":{"Provider_attributes":{"Name":"Microsoft-Windows-Security-Auditing","Guid":"54849625-5478-4994-A5BA-3E3B0328C30D"},"EventID":4672,"Version":0,"Level":0,"Task":12548,"Opcode":0,"Keywords":"0x8020000000000000","TimeCreated_attributes":{"SystemTime":"2013-10-23T17:52:45.082250Z"},"EventRecordID":1070,"Correlation":null,"Execution_attributes":{"ProcessID":544,"ThreadID":2708},"Channel":"Security","Computer":"IE8Win7","Security":null},"EventData":{"SubjectUserSid":"S-1-5-18","SubjectUserName":"SYSTEM","SubjectDomainName":"NT AUTHORITY","SubjectLogonId":"0x3e7","PrivilegeList":"SeAssignPrimaryTokenPrivilege\r\n\t\t\tSeTcbPrivilege\r\n\t\t\tSeSecurityPrivilege\r\n\t\t\tSeTakeOwnershipPrivilege\r\n\t\t\tSeLoadDriverPrivilege\r\n\t\t\tSeBackupPrivilege\r\n\t\t\tSeRestorePrivilege\r\n\t\t\tSeDebugPrivilege\r\n\t\t\tSeAuditPrivilege\r\n\t\t\tSeSystemEnvironmentPrivilege\r\n\t\t\tSeImpersonatePrivilege"}}}
{"Event_attributes":{"xmlns":"http://schemas.microsoft.com/win/2004/08/events/event"},"Event":{"System":{"Provider_attributes":{"Name":"Microsoft-Windows-Security-Auditing","Guid":"54849625-5478-4994-A5BA-3E3B0328C30D"},"EventID":4624,"Version":0,"Level":0,"Task":12544,"Opcode":0,"Keywords":"0x8020000000000000","TimeCreated_attributes":{"SystemTime":"2013-10-23T17:52:47.566625Z"},"EventRecordID":1071,"Correlation":null,"Execution_attributes":{"ProcessID":544,"ThreadID":2708},"Channel":"Security","Computer":"IE8Win7","Security":null},"EventData":{"SubjectUserSid":"S-1-5-18","SubjectUserName":"IE8WIN7$","SubjectDomainName":"WORKGROUP","SubjectLogonId":"0x3e7","TargetUserSid":"S-1-5-18","TargetUserName":"SYSTEM","TargetDomainName":"NT AUTHORITY","TargetLogonId":"0x3e7","LogonType":5,"LogonProcessName":"Advapi  ","AuthenticationPackageName":"Negotiate","WorkstationName":"","LogonGuid":"00000000-0000-0000-0000-000000000000","TransmittedServices":"-","LmPackageName":"-","KeyLength":0,"ProcessId":"0x200","ProcessName":"C:\\Windows\\System32\\services.exe","IpAddress":"-","IpPort":"-"}}}
{"Event_attributes":{"xmlns":"http://schemas.microsoft.com/win/2004/08/events/event"},"Event":{"System":{"Provider_attributes":{"Name":"Microsoft-Windows-Security-Auditing","Guid":"54849625-5478-4994-A5BA-3E3B0328C30D"},"EventID":4672,"Version":0,"Level":0,"Task":12548,"Opcode":0,"Keywords":"0x8020000000000000","TimeCreated_attributes":{"SystemTime":"2013-10-23T17:52:47.566625Z"},"EventRecordID":1072,"Correlation":null,"Execution_attributes":{"ProcessID":544,"ThreadID":2708},"Channel":"Security","Computer":"IE8Win7","Security":null},"EventData":{"SubjectUserSid":"S-1-5-18","SubjectUserName":"SYSTEM","SubjectDomainName":"NT AUTHORITY","SubjectLogonId":"0x3e7","PrivilegeList":"SeAssignPrimaryTokenPrivilege\r\n\t\t\tSeTcbPrivilege\r\n\t\t\tSeSecurityPrivilege\r\n\t\t\tSeTakeOwnershipPrivilege\r\n\t\t\tSeLoadDriverPrivilege\r\n\t\t\tSeBackupPrivilege\r\n\t\t\tSeRestorePrivilege\r\n\t\t\tSeDebugPrivilege\r\n\t\t\tSeAuditPrivilege\r\n\t\t\tSeSystemEnvironmentPrivilege\r\n\t\t\tSeImpersonatePrivilege"}}}
{"Event_attributes":{"xmlns":"http://schemas.microsoft.com/win/2004/08/events/event"},"Event":{"System":{"Provider_attributes":{"Name":"Microsoft-Windows-Security-Auditing","Guid":"54849625-5478-4994-A5BA-3E3B0328C30D"},"EventID":4624,"Version":0,"Level":0,"Task":12544,"Opcode":0,"Keywords":"0x8020000000000000","TimeCreated_attributes":{"SystemTime":"2013-10-23T17:52:59.769750Z"},"EventRecordID":1073,"Correlation":null,"Execution_attributes":{"ProcessID":544,"ThreadID":2708},"Channel":"Security","Computer":"IE8Win7","Security":null},"EventData":{"SubjectUserSid":"S-1-5-18","SubjectUserName":"IE8WIN7$","SubjectDomainName":"WORKGROUP","SubjectLogonId":"0x3e7","TargetUserSid":"S-1-5-18","TargetUserName":"SYSTEM","TargetDomainName":"NT AUTHORITY","TargetLogonId":"0x3e7","LogonType":5,"LogonProcessName":"Advapi  ","AuthenticationPackageName":"Negotiate","WorkstationName":"","LogonGuid":"00000000-0000-0000-0000-000000000000","TransmittedServices":"-","LmPackageName":"-","KeyLength":0,"ProcessId":"0x200","ProcessName":"C:\\Windows\\System32\\services.exe","IpAddress":"-","IpPort":"-"}}}
{"Event_attributes":{"xmlns":"http://schemas.microsoft.com/win/2004/08/events/event"},"Event":{"System":{"Provider_attributes":{"Name":"Microsoft-Windows-Security-Auditing","Guid":"54849625-5478-4994-A5BA-3E3B0328C30D"},"EventID":4672,"Version":0,"Level":0,"Task":12548,"Opcode":0,"Keywords":"0x8020000000000000","TimeCreated_attributes":{"SystemTime":"2013-10-23T17:52:59.769750Z"},"EventRecordID":1074,"Correlation":null,"Execution_attributes":{"ProcessID":544,"ThreadID":2708},"Channel":"Security","Computer":"IE8Win7","Security":null},"EventData":{"SubjectUserSid":"S-1-5-18","SubjectUserName":"SYSTEM","SubjectDomainName":"NT AUTHORITY","SubjectLogonId":"0x3e7","PrivilegeList":"SeAssignPrimaryTokenPrivilege\r\n\t\t\tSeTcbPrivilege\r\n\t\t\tSeSecurityPrivilege\r\n\t\t\tSeTakeOwnershipPrivilege\r\n\t\t\tSeLoadDriverPrivilege\r\n\t\t\tSeBackupPrivilege\r\n\t\t\tSeRestorePrivilege\r\n\t\t\tSeDebugPrivilege\r\n\t\t\tSeAuditPrivilege\r\n\t\t\tSeSystemEnvironmentPrivilege\r\n\t\t\tSeImpersonatePrivilege"}}}
{"Event_attributes":{"xmlns":"http://schemas.microsoft.com/win/2004/08/events/event"},"Event":{"System":{"Provider_attributes":{"Name":"Microsoft-Windows-Security-Auditing","Guid":"54849625-5478-4994-A5BA-3E3B0328C30D"},"EventID":4904,"Version":0,"Level":0,"Task":13568,"Opcode":0,"Keywords":"0x8020000000000000","TimeCreated_attributes":{"SystemTime":"2013-10-23T17:54:23.613500Z"},"EventRecordID":1075,"Correlation":null,"Execution_attributes":{"ProcessID":544,"ThreadID":2708},"Channel":"Security","Computer":"IE8Win7","Security":null},"EventData":{"SubjectUserSid":"S-1-5-18","SubjectUserName":"IE8WIN7$","SubjectDomainName":"WORKGROUP","SubjectLogonId":"0x3e7","AuditSourceName":"VSSAudit","EventSourceId":"0x6dc23","ProcessId":"0xb68","ProcessName":"C:\\Windows\\System32\\VSSVC.exe"}}}
{"Event_attributes":{"xmlns":"http://schemas.microsoft.com/win/2004/08/events/event"},"Event":{"System":{"Provider_attributes":{"Name":"Microsoft-Windows-Security-Auditing","Guid":"54849625-5478-4994-A5BA-3E3B0328C30D"},"EventID":4905,"Version":0,"Level":0,"Task":13568,"Opcode":0,"Keywords":"0x8020000000000000","TimeCreated_attributes":{"SystemTime":"2013-10-23T17:54:23.613500Z"},"EventRecordID":1076,"Correlation":null,"Execution_attributes":{"ProcessID":544,"ThreadID":2708},"Channel":"Security","Computer":"IE8Win7","Security":null},"EventData":{"SubjectUserSid":"S-1-5-18","SubjectUserName":"IE8WIN7$","SubjectDomainName":"WORKGROUP","SubjectLogonId":"0x3e7","AuditSourceName":"VSSAudit","EventSourceId":"0x6dc23","ProcessId":"0xb68","ProcessName":"C:\\Windows\\System32\\VSSVC.exe"}}}
{"Event_attributes":{"xmlns":"http://schemas.microsoft.com/win/2004/08/events/event"},"Event":{"System":{"Provider_attributes":{"Name":"Microsoft-Windows-Security-Auditing","Guid":"54849625-5478-4994-A5BA-3E3B0328C30D"},"EventID":4624,"Version":0,"Level":0,"Task":12544,"Opcode":0,"Keywords":"0x8020000000000000","TimeCreated_attributes":{"SystemTime":"2013-10-23T17:54:46.019750Z"},"EventRecordID":1077,"Correlation":null,"Execution_attributes":{"ProcessID":544,"ThreadID":2708},"Channel":"Security","Computer":"IE8Win7","Security":null},"EventData":{"SubjectUserSid":"S-1-5-18","SubjectUserName":"IE8WIN7$","SubjectDomainName":"WORKGROUP","SubjectLogonId":"0x3e7","TargetUserSid":"S-1-5-18","TargetUserName":"SYSTEM","TargetDomainName":"NT AUTHORITY","TargetLogonId":"0x3e7","LogonType":5,"LogonProcessName":"Advapi  ","AuthenticationPackageName":"Negotiate","WorkstationName":"","LogonGuid":"00000000-0000-0000-0000-000000000000","TransmittedServices":"-","LmPackageName":"-","KeyLength":0,"ProcessId":"0x200","ProcessName":"C:\\Windows\\System32\\services.exe","IpAddress":"-","IpPort":"-"}}}
{"Event_attributes":{"xmlns":"http://schemas.microsoft.com/win/2004/08/events/event"},"Event":{"System":{"Provider_attributes":{"Name":"Microsoft-Windows-Security-Auditing","Guid":"54849625-5478-4994-A5BA-3E3B0328C30D"},"EventID":4672,"Version":0,"Level":0,"Task":12548,"Opcode":0,"Keywords":"0x8020000000000000","TimeCreated_attributes":{"SystemTime":"2013-10-23T17:54:46.019750Z"},"EventRecordID":1078,"Correlation":null,"Execution_attributes":{"ProcessID":544,"ThreadID":2708},"Channel":"Security","Computer":"IE8Win7","Security":null},"EventData":{"SubjectUserSid":"S-1-5-18","SubjectUserName":"SYSTEM","SubjectDomainName":"NT AUTHORITY","SubjectLogonId":"0x3e7","PrivilegeList":"SeAssignPrimaryTokenPrivilege\r\n\t\t\tSeTcbPrivilege\r\n\t\t\tSeSecurityPrivilege\r\n\t\t\tSeTakeOwnershipPrivilege\r\n\t\t\tSeLoadDriverPrivilege\r\n\t\t\tSeBackupPrivilege\r\n\t\t\tSeRestorePrivilege\r\n\t\t\tSeDebugPrivilege\r\n\t\t\tSeAuditPrivilege\r\n\t\t\tSeSystemEnvironmentPrivilege\r\n\t\t\tSeImpersonatePrivilege"}}}
{"Event_attributes":{"xmlns":"http://schemas.microsoft.com/win/2004/08/events/event"},"Event":{"System":{"Provider_attributes":{"Name":"Microsoft-Windows-Security-Auditing","Guid":"54849625-5478-4994-A5BA-3E3B0328C30D"},"EventID":4624,"Version":0,"Level":0,"Task":12544,"Opcode":0,"Keywords":"0x8020000000000000","TimeCreated_attributes":{"SystemTime":"2013-10-23T18:28:26.363500Z"},"EventRecordID":1079,"Correlation":null,"Execution_attributes":{"ProcessID":544,"ThreadID":1424},"Channel":"Security","Computer":"IE8Win7","Security":null},"EventData":{"SubjectUserSid":"S-1-5-18","SubjectUserName":"IE8WIN7$","SubjectDomainName":"WORKGROUP","SubjectLogonId":"0x3e7","TargetUserSid":"S-1-5-18","TargetUserName":"SYSTEM","TargetDomainName":"NT AUTHORITY","TargetLogonId":"0x3e7","LogonType":5,"LogonProcessName":"Advapi  ","AuthenticationPackageName":"Negotiate","WorkstationName":"","LogonGuid":"00000000-0000-0000-0000-000000000000","TransmittedServices":"-","LmPackageName":"-","KeyLength":0,"ProcessId":"0x200","ProcessName":"C:\\Windows\\System32\\services.exe","IpAddress":"-","IpPort":"-"}}}
{"Event_attributes":{"xmlns":"http://schemas.microsoft.com/win/2004/08/events/event"},"Event":{"System":{"Provider_attributes":{"Name":"Microsoft-Windows-Security-Auditing","Guid":"54849625-5478-4994-A5BA-3E3B0328C30D"},"EventID":4672,"Version":0,"Level":0,"Task":12548,"Opcode":0,"Keywords":"0x8020000000000000","TimeCreated_attributes":{"SystemTime":"2013-10-23T18:28:26.363500Z"},"EventRecordID":1080,"Correlation":null,"Execution_attributes":{"ProcessID":544,"ThreadID":1424},"Channel":"Security","Computer":"IE8Win7","Security":null},"EventData":{"SubjectUserSid":"S-1-5-18","SubjectUserName":"SYSTEM","SubjectDomainName":"NT AUTHORITY","SubjectLogonId":"0x3e7","PrivilegeList":"SeAssignPrimaryTokenPrivilege\r\n\t\t\tSeTcbPrivilege\r\n\t\t\tSeSecurityPrivilege\r\n\t\t\tSeTakeOwnershipPrivilege\r\n\t\t\tSeLoadDriverPrivilege\r\n\t\t\tSeBackupPrivilege\r\n\t\t\tSeRestorePrivilege\r\n\t\t\tSeDebugPrivilege\r\n\t\t\tSeAuditPrivilege\r\n\t\t\tSeSystemEnvironmentPrivilege\r\n\t\t\tSeImpersonatePrivilege"}}}
{"Event_attributes":{"xmlns":"http://schemas.microsoft.com/win/2004/08/events/event"},"Event":{"System":{"Provider_attributes":{"Name":"Microsoft-Windows-Security-Auditing","Guid":"54849625-5478-4994-A5BA-3E3B0328C30D"},"EventID":4624,"Version":0,"Level":0,"Task":12544,"Opcode":0,"Keywords":"0x8020000000000000","TimeCreated_attributes":{"SystemTime":"2013-10-23T18:28:29.222875Z"},"EventRecordID":1081,"Correlation":null,"Execution_attributes":{"ProcessID":544,"ThreadID":3084},"Channel":"Security","Computer":"IE8Win7","Security":null},"EventData":{"SubjectUserSid":"S-1-5-18","SubjectUserName":"IE8WIN7$","SubjectDomainName":"WORKGROUP","SubjectLogonId":"0x3e7","TargetUserSid":"S-1-5-18","TargetUserName":"SYSTEM","TargetDomainName":"NT AUTHORITY","TargetLogonId":"0x3e7","LogonType":5,"LogonProcessName":"Advapi  ","AuthenticationPackageName":"Negotiate","WorkstationName":"","LogonGuid":"00000000-0000-0000-0000-000000000000","TransmittedServices":"-","LmPackageName":"-","KeyLength":0,"ProcessId":"0x200","ProcessName":"C:\\Windows\\System32\\services.exe","IpAddress":"-","IpPort":"-"}}}
{"Event_attributes":{"xmlns":"http://schemas.microsoft.com/win/2004/08/events/event"},"Event":{"System":{"Provider_attributes":{"Name":"Microsoft-Windows-Security-Auditing","Guid":"54849625-5478-4994-A5BA-3E3B0328C30D"},"EventID":4672,"Version":0,"Level":0,"Task":12548,"Opcode":0,"Keywords":"0x8020000000000000","TimeCreated_attributes":{"SystemTime":"2013-10-23T18:28:29.222875Z"},"EventRecordID":1082,"Correlation":null,"Execution_attributes":{"ProcessID":544,"ThreadID":3084},"Channel":"Security","Computer":"IE8Win7","Security":null},"EventData":{"SubjectUserSid":"S-1-5-18","SubjectUserName":"SYSTEM","SubjectDomainName":"NT AUTHORITY","SubjectLogonId":"0x3e7","PrivilegeList":"SeAssignPrimaryTokenPrivilege\r\n\t\t\tSeTcbPrivilege\r\n\t\t\tSeSecurityPrivilege\r\n\t\t\tSeTakeOwnershipPrivilege\r\n\t\t\tSeLoadDriverPrivilege\r\n\t\t\tSeBackupPrivilege\r\n\t\t\tSeRestorePrivilege\r\n\t\t\tSeDebugPrivilege\r\n\t\t\tSeAuditPrivilege\r\n\t\t\tSeSystemEnvironmentPrivilege\r\n\t\t\tSeImpersonatePrivilege"}}}
{"Event_attributes":{"xmlns":"http://schemas.microsoft.com/win/2004/08/events/event"},"Event":{"System":{"Provider_attributes":{"Name":"Microsoft-Windows-Security-Auditing","Guid":"54849625-5478-4994-A5BA-3E3B0328C30D"},"EventID":4624,"Version":0,"Level":0,"Task":12544,"Opcode":0,"Keywords":"0x8020000000000000","TimeCreated_attributes":{"SystemTime":"2013-10-23T18:29:39.051000Z"},"EventRecordID":1083,"Correlation":null,"Execution_attributes":{"ProcessID":544,"ThreadID":3084},"Channel":"Security","Computer":"IE8Win7","Security":null},"EventData":{"SubjectUserSid":"S-1-5-18","SubjectUserName":"IE8WIN7$","SubjectDomainName":"WORKGROUP","SubjectLogonId":"0x3e7","TargetUserSid":"S-1-5-18","TargetUserName":"SYSTEM","TargetDomainName":"NT AUTHORITY","TargetLogonId":"0x3e7","LogonType":5,"LogonProcessName":"Advapi  ","AuthenticationPackageName":"Negotiate","WorkstationName":"","LogonGuid":"00000000-0000-0000-0000-000000000000","TransmittedServices":"-","LmPackageName":"-","KeyLength":0,"ProcessId":"0x200","ProcessName":"C:\\Windows\\System32\\services.exe","IpAddress":"-","IpPort":"-"}}}
{"Event_attributes":{"xmlns":"http://schemas.microsoft.com/win/2004/08/events/event"},"Event":{"System":{"Provider_attributes":{"Name":"Microsoft-Windows-Security-Auditing","Guid":"54849625-5478-4994-A5BA-3E3B0328C30D"},"EventID":4672,"Version":0,"Level":0,"Task":12548,"Opcode":0,"Keywords":"0x8020000000000000","TimeCreated_attributes":{"SystemTime":"2013-10-23T18:29:39.051000Z"},"EventRecordID":1084,"Correlation":null,"Execution_attributes":{"ProcessID":544,"ThreadID":3084},"Channel":"Security","Computer":"IE8Win7","Security":null},"EventData":{"SubjectUserSid":"S-1-5-18","SubjectUserName":"SYSTEM","SubjectDomainName":"NT AUTHORITY","SubjectLogonId":"0x3e7","PrivilegeList":"SeAssignPrimaryTokenPrivilege\r\n\t\t\tSeTcbPrivilege\r\n\t\t\tSeSecurityPrivilege\r\n\t\t\tSeTakeOwnershipPrivilege\r\n\t\t\tSeLoadDriverPrivilege\r\n\t\t\tSeBackupPrivilege\r\n\t\t\tSeRestorePrivilege\r\n\t\t\tSeDebugPrivilege\r\n\t\t\tSeAuditPrivilege\r\n\t\t\tSeSystemEnvironmentPrivilege\r\n\t\t\tSeImpersonatePrivilege"}}}
{"Event_attributes":{"xmlns":"http://schemas.microsoft.com/win/2004/08/events/event"},"Event":{"System":{"Provider_attributes":{"Name":"Microsoft-Windows-Security-Auditing","Guid":"54849625-5478-4994-A5BA-3E3B0328C30D"},"EventID":4904,"Version":0,"Level":0,"Task":13568,"Opcode":0,"Keywords":"0x8020000000000000","TimeCreated_attributes":{"SystemTime":"2013-10-23T18:30:46.051000Z"},"EventRecordID":1085,"Correlation":null,"Execution_attributes":{"ProcessID":544,"ThreadID":3084},"Channel":"Security","Computer":"IE8Win7","Security":null},"EventData":{"SubjectUserSid":"S-1-5-18","SubjectUserName":"IE8WIN7$","SubjectDomainName":"WORKGROUP","SubjectLogonId":"0x3e7","AuditSourceName":"VSSAudit","EventSourceId":"0x3945fb","ProcessId":"0x260","ProcessName":"C:\\Windows\\System32\\VSSVC.exe"}}}
{"Event_attributes":{"xmlns":"http://schemas.microsoft.com/win/2004/08/events/event"},"Event":{"System":{"Provider_attributes":{"Name":"Microsoft-Windows-Security-Auditing","Guid":"54849625-5478-4994-A5BA-3E3B0328C30D"},"EventID":4905,"Version":0,"Level":0,"Task":13568,"Opcode":0,"Keywords":"0x8020000000000000","TimeCreated_attributes":{"SystemTime":"2013-10-23T18:30:46.051000Z"},"EventRecordID":1086,"Correlation":null,"Execution_attributes":{"ProcessID":544,"ThreadID":3084},"Channel":"Security","Computer":"IE8Win7","Security":null},"EventData":{"SubjectUserSid":"S-1-5-18","SubjectUserName":"IE8WIN7$","SubjectDomainName":"WORKGROUP","SubjectLogonId":"0x3e7","AuditSourceName":"VSSAudit","EventSourceId":"0x3945fb","ProcessId":"0x260","ProcessName":"C:\\Windows\\System32\\VSSVC.exe"}}}
{"Event_attributes":{"xmlns":"http://schemas.microsoft.com/win/2004/08/events/event"},"Event":{"System":{"Provider_attributes":{"Name":"Microsoft-Windows-Security-Auditing","Guid":"54849625-5478-4994-A5BA-3E3B0328C30D"},"EventID":4624,"Version":0,"Level":0,"Task":12544,"Opcode":0,"Keywords":"0x8020000000000000","TimeCreated_attributes":{"SystemTime":"2013-10-23T18:44:44.441625Z"},"EventRecordID":1087,"Correlation":null,"Execution_attributes":{"ProcessID":544,"ThreadID":2548},"Channel":"Security","Computer":"IE8Win7","Security":null},"EventData":{"SubjectUserSid":"S-1-5-18","SubjectUserName":"IE8WIN7$","SubjectDomainName":"WORKGROUP","SubjectLogonId":"0x3e7","TargetUserSid":"S-1-5-18","TargetUserName":"SYSTEM","TargetDomainName":"NT AUTHORITY","TargetLogonId":"0x3e7","LogonType":5,"LogonProcessName":"Advapi  ","AuthenticationPackageName":"Negotiate","WorkstationName":"","LogonGuid":"00000000-0000-0000-0000-000000000000","TransmittedServices":"-","LmPackageName":"-","KeyLength":0,"ProcessId":"0x200","ProcessName":"C:\\Windows\\System32\\services.exe","IpAddress":"-","IpPort":"-"}}}
{"Event_attributes":{"xmlns":"http://schemas.microsoft.com/win/2004/08/events/event"},"Event":{"System":{"Provider_attributes":{"Name":"Microsoft-Windows-Security-Auditing","Guid":"54849625-5478-4994-A5BA-3E3B0328C30D"},"EventID":4672,"Version":0,"Level":0,"Task":12548,"Opcode":0,"Keywords":"0x8020000000000000","TimeCreated_attributes":{"SystemTime":"2013-10-23T18:44:44.441625Z"},"EventRecordID":1088,"Correlation":null,"Execution_attributes":{"ProcessID":544,"ThreadID":2548},"Channel":"Security","Computer":"IE8Win7","Security":null},"EventData":{"SubjectUserSid":"S-1-5-18","SubjectUserName":"SYSTEM","SubjectDomainName":"NT AUTHORITY","SubjectLogonId":"0x3e7","PrivilegeList":"SeAssignPrimaryTokenPrivilege\r\n\t\t\tSeTcbPrivilege\r\n\t\t\tSeSecurityPrivilege\r\n\t\t\tSeTakeOwnershipPrivilege\r\n\t\t\tSeLoadDriverPrivilege\r\n\t\t\tSeBackupPrivilege\r\n\t\t\tSeRestorePrivilege\r\n\t\t\tSeDebugPrivilege\r\n\t\t\tSeAuditPrivilege\r\n\t\t\tSeSystemEnvironmentPrivilege\r\n\t\t\tSeImpersonatePrivilege"}}}
{"Event_attributes":{"xmlns":"http://schemas.microsoft.com/win/2004/08/events/event"},"Event":{"System":{"Provider_attributes":{"Name":"Microsoft-Windows-Security-Auditing","Guid":"54849625-5478-4994-A5BA-3E3B0328C30D"},"EventID":4624,"Version":0,"Level":0,"Task":12544,"Opcode":0,"Keywords":"0x8020000000000000","TimeCreated_attributes":{"SystemTime":"2013-10-23T18:44:58.894750Z"},"EventRecordID":1089,"Correlation":null,"Execution_attributes":{"ProcessID":544,"ThreadID":2548},"Channel":"Security","Computer":"IE8Win7","Security":null},"EventData":{"SubjectUserSid":"S-1-5-18","SubjectUserName":"IE8WIN7$","SubjectDomainName":"WORKGROUP","SubjectLogonId":"0x3e7","TargetUserSid":"S-1-5-18","TargetUserName":"SYSTEM","TargetDomainName":"NT AUTHORITY","TargetLogonId":"0x3e7","LogonType":5,"LogonProcessName":"Advapi  ","AuthenticationPackageName":"Negotiate","WorkstationName":"","LogonGuid":"00000000-0000-0000-0000-000000000000","TransmittedServices":"-","LmPackageName":"-","KeyLength":0,"ProcessId":"0x200","ProcessName":"C:\\Windows\\System32\\services.exe","IpAddress":"-","IpPort":"-"}}}
{"Event_attributes":{"xmlns":"http://schemas.microsoft.com/win/2004/08/events/event"},"Event":{"System":{"Provider_attributes":{"Name":"Microsoft-Windows-Security-Auditing","Guid":"54849625-5478-4994-A5BA-3E3B0328C30D"},"EventID":4672,"Version":0,"Level":0,"Task":12548,"Opcode":0,"Keywords":"0x8020000000000000","TimeCreated_attributes":{"SystemTime":"2013-10-23T18:44:58.894750Z"},"EventRecordID":1090,"Correlation":null,"Execution_attributes":{"ProcessID":544,"ThreadID":2548},"Channel":"Security","Computer":"IE8Win7","Security":null},"EventData":{"SubjectUserSid":"S-1-5-18","SubjectUserName":"SYSTEM","SubjectDomainName":"NT AUTHORITY","SubjectLogonId":"0x3e7","PrivilegeList":"SeAssignPrimaryTokenPrivilege\r\n\t\t\tSeTcbPrivilege\r\n\t\t\tSeSecurityPrivilege\r\n\t\t\tSeTakeOwnershipPrivilege\r\n\t\t\tSeLoadDriverPrivilege\r\n\t\t\tSeBackupPrivilege\r\n\t\t\tSeRestorePrivilege\r\n\t\t\tSeDebugPrivilege\r\n\t\t\tSeAuditPrivilege\r\n\t\t\tSeSystemEnvironmentPrivilege\r\n\t\t\tSeImpersonatePrivilege"}}}
{"Event_attributes":{"xmlns":"http://schemas.microsoft.com/win/2004/08/events/event"},"Event":{"System":{"Provider_attributes":{"Name":"Microsoft-Windows-Security-Auditing","Guid":"54849625-5478-4994-A5BA-3E3B0328C30D"},"EventID":4624,"Version":0,"Level":0,"Task":12544,"Opcode":0,"Keywords":"0x8020000000000000","TimeCreated_attributes":{"SystemTime":"2013-10-23T18:45:00.207250Z"},"EventRecordID":1091,"Correlation":null,"Execution_attributes":{"ProcessID":544,"ThreadID":2468},"Channel":"Security","Computer":"IE8Win7","Security":null},"EventData":{"SubjectUserSid":"S-1-5-18","SubjectUserName":"IE8WIN7$","SubjectDomainName":"WORKGROUP","SubjectLogonId":"0x3e7","TargetUserSid":"S-1-5-18","TargetUserName":"SYSTEM","TargetDomainName":"NT AUTHORITY","TargetLogonId":"0x3e7","LogonType":5,"LogonProcessName":"Advapi  ","AuthenticationPackageName":"Negotiate","WorkstationName":"","LogonGuid":"00000000-0000-0000-0000-000000000000","TransmittedServices":"-","LmPackageName":"-","KeyLength":0,"ProcessId":"0x200","ProcessName":"C:\\Windows\\System32\\services.exe","IpAddress":"-","IpPort":"-"}}}
{"Event_attributes":{"xmlns":"http://schemas.microsoft.com/win/2004/08/events/event"},"Event":{"System":{"Provider_attributes":{"Name":"Microsoft-Windows-Security-Auditing","Guid":"54849625-5478-4994-A5BA-3E3B0328C30D"},"EventID":4672,"Version":0,"Level":0,"Task":12548,"Opcode":0,"Keywords":"0x8020000000000000","TimeCreated_attributes":{"SystemTime":"2013-10-23T18:45:00.207250Z"},"EventRecordID":1092,"Correlation":null,"Execution_attributes":{"ProcessID":544,"ThreadID":2468},"Channel":"Security","Computer":"IE8Win7","Security":null},"EventData":{"SubjectUserSid":"S-1-5-18","SubjectUserName":"SYSTEM","SubjectDomainName":"NT AUTHORITY","SubjectLogonId":"0x3e7","PrivilegeList":"SeAssignPrimaryTokenPrivilege\r\n\t\t\tSeTcbPrivilege\r\n\t\t\tSeSecurityPrivilege\r\n\t\t\tSeTakeOwnershipPrivilege\r\n\t\t\tSeLoadDriverPrivilege\r\n\t\t\tSeBackupPrivilege\r\n\t\t\tSeRestorePrivilege\r\n\t\t\tSeDebugPrivilege\r\n\t\t\tSeAuditPrivilege\r\n\t\t\tSeSystemEnvironmentPrivilege\r\n\t\t\tSeImpersonatePrivilege"}}}
{"Event_attributes":{"xmlns":"http://schemas.microsoft.com/win/2004/08/events/event"},"Event":{"System":{"Provider_attributes":{"Name":"Microsoft-Windows-Security-Auditing","Guid":"54849625-5478-4994-A5BA-3E3B0328C30D"},"EventID":4624,"Version":0,"Level":0,"Task":12544,"Opcode":0,"Keywords":"0x8020000000000000","TimeCreated_attributes":{"SystemTime":"2013-10-23T18:57:50.004125Z"},"EventRecordID":1093,"Correlation":null,"Execution_attributes":{"ProcessID":544,"ThreadID":2548},"Channel":"Security","Computer":"IE8Win7","Security":null},"EventData":{"SubjectUserSid":"S-1-5-18","SubjectUserName":"IE8WIN7$","SubjectDomainName":"WORKGROUP","SubjectLogonId":"0x3e7","TargetUserSid":"S-1-5-18","TargetUserName":"SYSTEM","TargetDomainName":"NT AUTHORITY","TargetLogonId":"0x3e7","LogonType":5,"LogonProcessName":"Advapi  ","AuthenticationPackageName":"Negotiate","WorkstationName":"","LogonGuid":"00000000-0000-0000-0000-000000000000","TransmittedServices":"-","LmPackageName":"-","KeyLength":0,"ProcessId":"0x200","ProcessName":"C:\\Windows\\System32\\services.exe","IpAddress":"-","IpPort":"-"}}}
{"Event_attributes":{"xmlns":"http://schemas.microsoft.com/win/2004/08/events/event"},"Event":{"System":{"Provider_attributes":{"Name":"Microsoft-Windows-Security-Auditing","Guid":"54849625-5478-4994-A5BA-3E3B0328C30D"},"EventID":4672,"Version":0,"Level":0,"Task":12548,"Opcode":0,"Keywords":"0x8020000000000000","TimeCreated_attributes":{"SystemTime":"2013-10-23T18:57:50.004125Z"},"EventRecordID":1094,"Correlation":null,"Execution_attributes":{"ProcessID":544,"ThreadID":2548},"Channel":"Security","Computer":"IE8Win7","Security":null},"EventData":{"SubjectUserSid":"S-1-5-18","SubjectUserName":"SYSTEM","SubjectDomainName":"NT AUTHORITY","SubjectLogonId":"0x3e7","PrivilegeList":"SeAssignPrimaryTokenPrivilege\r\n\t\t\tSeTcbPrivilege\r\n\t\t\tSeSecurityPrivilege\r\n\t\t\tSeTakeOwnershipPrivilege\r\n\t\t\tSeLoadDriverPrivilege\r\n\t\t\tSeBackupPrivilege\r\n\t\t\tSeRestorePrivilege\r\n\t\t\tSeDebugPrivilege\r\n\t\t\tSeAuditPrivilege\r\n\t\t\tSeSystemEnvironmentPrivilege\r\n\t\t\tSeImpersonatePrivilege"}}}
{"Event_attributes":{"xmlns":"http://schemas.microsoft.com/win/2004/08/events/event"},"Event":{"System":{"Provider_attributes":{"Name":"Microsoft-Windows-Security-Auditing","Guid":"54849625-5478-4994-A5BA-3E3B0328C30D"},"EventID":4624,"Version":0,"Level":0,"Task":12544,"Opcode":0,"Keywords":"0x8020000000000000","TimeCreated_attributes":{"SystemTime":"2013-10-23T18:57:51.926000Z"},"EventRecordID":1095,"Correlation":null,"Execution_attributes":{"ProcessID":544,"ThreadID":1716},"Channel":"Security","Computer":"IE8Win7","Security":null},"EventData":{"SubjectUserSid":"S-1-5-18","SubjectUserName":"IE8WIN7$","SubjectDomainName":"WORKGROUP","SubjectLogonId":"0x3e7","TargetUserSid":"S-1-5-18","TargetUserName":"SYSTEM","TargetDomainName":"NT AUTHORITY","TargetLogonId":"0x3e7","LogonType":5,"LogonProcessName":"Advapi  ","AuthenticationPackageName":"Negotiate","WorkstationName":"","LogonGuid":"00000000-0000-0000-0000-000000000000","TransmittedServices":"-","LmPackageName":"-","KeyLength":0,"ProcessId":"0x200","ProcessName":"C:\\Windows\\System32\\services.exe","IpAddress":"-","IpPort":"-"}}}
{"Event_attributes":{"xmlns":"http://schemas.microsoft.com/win/2004/08/events/event"},"Event":{"System":{"Provider_attributes":{"Name":"Microsoft-Windows-Security-Auditing","Guid":"54849625-5478-4994-A5BA-3E3B0328C30D"},"EventID":4672,"Version":0,"Level":0,"Task":12548,"Opcode":0,"Keywords":"0x8020000000000000","TimeCreated_attributes":{"SystemTime":"2013-10-23T18:57:51.926000Z"},"EventRecordID":1096,"Correlation":null,"Execution_attributes":{"ProcessID":544,"ThreadID":1716},"Channel":"Security","Computer":"IE8Win7","Security":null},"EventData":{"SubjectUserSid":"S-1-5-18","SubjectUserName":"SYSTEM","SubjectDomainName":"NT AUTHORITY","SubjectLogonId":"0x3e7","PrivilegeList":"SeAssignPrimaryTokenPrivilege\r\n\t\t\tSeTcbPrivilege\r\n\t\t\tSeSecurityPrivilege\r\n\t\t\tSeTakeOwnershipPrivilege\r\n\t\t\tSeLoadDriverPrivilege\r\n\t\t\tSeBackupPrivilege\r\n\t\t\tSeRestorePrivilege\r\n\t\t\tSeDebugPrivilege\r\n\t\t\tSeAuditPrivilege\r\n\t\t\tSeSystemEnvironmentPrivilege\r\n\t\t\tSeImpersonatePrivilege"}}}
{"Event_attributes":{"xmlns":"http://schemas.microsoft.com/win/2004/08/events/event"},"Event":{"System":{"Provider_attributes":{"Name":"Microsoft-Windows-Security-Auditing","Guid":"54849625-5478-4994-A5BA-3E3B0328C30D"},"EventID":4647,"Version":0,"Level":0,"Task":12545,"Opcode":0,"Keywords":"0x8020000000000000","TimeCreated_attributes":{"SystemTime":"2013-10-23T19:02:24.316625Z"},"EventRecordID":1097,"Correlation":null,"Execution_attributes":{"ProcessID":544,"ThreadID":2548},"Channel":"Security","Computer":"IE8Win7","Security":null},"EventData":{"TargetUserSid":"S-1-5-21-3463664321-2923530833-3546627382-1000","TargetUserName":"IEUser","TargetDomainName":"IE8Win7","TargetLogonId":"0x27f73"}}}
{"Event_attributes":{"xmlns":"http://schemas.microsoft.com/win/2004/08/events/event"},"Event":{"System":{"Provider_attributes":{"Name":"Microsoft-Windows-Security-Auditing","Guid":"54849625-5478-4994-A5BA-3E3B0328C30D"},"EventID":4907,"Version":0,"Level":0,"Task":13568,"Opcode":0,"Keywords":"0x8020000000000000","TimeCreated_attributes":{"SystemTime":"2013-10-23T19:02:58.676000Z"},"EventRecordID":1098,"Correlation":null,"Execution_attributes":{"ProcessID":544,"ThreadID":564},"Channel":"Security","Computer":"IE8Win7","Security":null},"EventData":{"SubjectUserSid":"S-1-5-18","SubjectUserName":"IE8WIN7$","SubjectDomainName":"WORKGROUP","SubjectLogonId":"0x3e7","ObjectServer":"Security","ObjectType":"File","ObjectName":"C:\\Windows\\System32\\fsutil.exe","HandleId":"0x14","OldSd":"","NewSd":"S:ARAI(AU;SAFA;DCLCRPCRSDWDWO;;;WD)","ProcessId":"0xaec","ProcessName":"C:\\Windows\\System32\\poqexec.exe"}}}
{"Event_attributes":{"xmlns":"http://schemas.microsoft.com/win/2004/08/events/event"},"Event":{"System":{"Provider_attributes":{"Name":"Microsoft-Windows-Security-Auditing","Guid":"54849625-5478-4994-A5BA-3E3B0328C30D"},"EventID":4907,"Version":0,"Level":0,"Task":13568,"Opcode":0,"Keywords":"0x8020000000000000","TimeCreated_attributes":{"SystemTime":"2013-10-23T19:02:58.707250Z"},"EventRecordID":1099,"Correlation":null,"Execution_attributes":{"ProcessID":544,"ThreadID":564},"Channel":"Security","Computer":"IE8Win7","Security":null},"EventData":{"SubjectUserSid":"S-1-5-18","SubjectUserName":"IE8WIN7$","SubjectDomainName":"WORKGROUP","SubjectLogonId":"0x3e7","ObjectServer":"Security","ObjectType":"File","ObjectName":"C:\\Windows\\System32\\esent.dll","HandleId":"0x14","OldSd":"","NewSd":"S:ARAI(AU;SAFA;DCLCRPCRSDWDWO;;;WD)","ProcessId":"0xaec","ProcessName":"C:\\Windows\\System32\\poqexec.exe"}}}
{"Event_attributes":{"xmlns":"http://schemas.microsoft.com/win/2004/08/events/event"},"Event":{"System":{"Provider_attributes":{"Name":"Microsoft-Windows-Security-Auditing","Guid":"54849625-5478-4994-A5BA-3E3B0328C30D"},"EventID":4907,"Version":0,"Level":0,"Task":13568,"Opcode":0,"Keywords":"0x8020000000000000","TimeCreated_attributes":{"SystemTime":"2013-10-23T19:02:58.722875Z"},"EventRecordID":1100,"Correlation":null,"Execution_attributes":{"ProcessID":544,"ThreadID":564},"Channel":"Security","Computer":"IE8Win7","Security":null},"EventData":{"SubjectUserSid":"S-1-5-18","SubjectUserName":"IE8WIN7$","SubjectDomainName":"WORKGROUP","SubjectLogonId":"0x3e7","ObjectServer":"Security","ObjectType":"File","ObjectName":"C:\\Windows\\System32\\en-US\\fsutil.exe.mui","HandleId":"0x14","OldSd":"","NewSd":"S:ARAI(AU;SAFA;DCLCRPCRSDWDWO;;;WD)","ProcessId":"0xaec","ProcessName":"C:\\Windows\\System32\\poqexec.exe"}}}
{"Event_attributes":{"xmlns":"http://schemas.microsoft.com/win/2004/08/events/event"},"Event":{"System":{"Provider_attributes":{"Name":"Microsoft-Windows-Security-Auditing","Guid":"54849625-5478-4994-A5BA-3E3B0328C30D"},"EventID":4907,"Version":0,"Level":0,"Task":13568,"Opcode":0,"Keywords":"0x8020000000000000","TimeCreated_attributes":{"SystemTime":"2013-10-23T19:02:58.722875Z"},"EventRecordID":1101,"Correlation":null,"Execution_attributes":{"ProcessID":544,"ThreadID":564},"Channel":"Security","Computer":"IE8Win7","Security":null},"EventData":{"SubjectUserSid":"S-1-5-18","SubjectUserName":"IE8WIN7$","SubjectDomainName":"WORKGROUP","SubjectLogonId":"0x3e7","ObjectServer":"Security","ObjectType":"File","ObjectName":"C:\\Windows\\System32\\drivers\\storport.sys","HandleId":"0x14","OldSd":"","NewSd":"S:ARAI(AU;SAFA;DCLCRPCRSDWDWO;;;WD)","ProcessId":"0xaec","ProcessName":"C:\\Windows\\System32\\poqexec.exe"}}}
{"Event_attributes":{"xmlns":"http://schemas.microsoft.com/win/2004/08/events/event"},"Event":{"System":{"Provider_attributes":{"Name":"Microsoft-Windows-Eventlog","Guid":"{fc65ddd8-d6ef-4962-83d5-6e5cfe9ce148}"},"EventID":1100,"Version":0,"Level":4,"Task":103,"Opcode":0,"Keywords":"0x4020000000000000","TimeCreated_attributes":{"SystemTime":"2013-10-23T19:03:23.004125Z"},"EventRecordID":1102,"Correlation":null,"Execution_attributes":{"ProcessID":784,"ThreadID":3444},"Channel":"Security","Computer":"IE8Win7","Security":null},"UserData":{"ServiceShutdown_attributes":{"xmlns:auto-ns3":"http://schemas.microsoft.com/win/2004/08/events","xmlns":"http://manifests.microsoft.com/win/2004/08/windows/eventlog"}}}}
{"Event_attributes":{"xmlns":"http://schemas.microsoft.com/win/2004/08/events/event"},"Event":{"System":{"Provider_attributes":{"Name":"Microsoft-Windows-Security-Auditing","Guid":"54849625-5478-4994-A5BA-3E3B0328C30D"},"EventID":4608,"Version":0,"Level":0,"Task":12288,"Opcode":0,"Keywords":"0x8020000000000000","TimeCreated_attributes":{"SystemTime":"2013-10-23T19:04:28.734375Z"},"EventRecordID":1103,"Correlation":null,"Execution_attributes":{"ProcessID":532,"ThreadID":536},"Channel":"Security","Computer":"IE8Win7","Security":null},"EventData":null}}
{"Event_attributes":{"xmlns":"http://schemas.microsoft.com/win/2004/08/events/event"},"Event":{"System":{"Provider_attributes":{"Name":"Microsoft-Windows-Security-Auditing","Guid":"54849625-5478-4994-A5BA-3E3B0328C30D"},"EventID":4624,"Version":0,"Level":0,"Task":12544,"Opcode":0,"Keywords":"0x8020000000000000","TimeCreated_attributes":{"SystemTime":"2013-10-23T19:04:28.750000Z"},"EventRecordID":1104,"Correlation":null,"Execution_attributes":{"ProcessID":532,"ThreadID":536},"Channel":"Security","Computer":"IE8Win7","Security":null},"EventData":{"SubjectUserSid":"S-1-0-0","SubjectUserName":"-","SubjectDomainName":"-","SubjectLogonId":"0x0","TargetUserSid":"S-1-5-18","TargetUserName":"SYSTEM","TargetDomainName":"NT AUTHORITY","TargetLogonId":"0x3e7","LogonType":0,"LogonProcessName":"-","AuthenticationPackageName":"-","WorkstationName":"-","LogonGuid":"00000000-0000-0000-0000-000000000000","TransmittedServices":"-","LmPackageName":"-","KeyLength":0,"ProcessId":"0x4","ProcessName":"","IpAddress":"-","IpPort":"-"}}}
{"Event_attributes":{"xmlns":"http://schemas.microsoft.com/win/2004/08/events/event"},"Event":{"System":{"Provider_attributes":{"Name":"Microsoft-Windows-Security-Auditing","Guid":"54849625-5478-4994-A5BA-3E3B0328C30D"},"EventID":4902,"Version":0,"Level":0,"Task":13568,"Opcode":0,"Keywords":"0x8020000000000000","TimeCreated_attributes":{"SystemTime":"2013-10-23T19:04:31.812500Z"},"EventRecordID":1105,"Correlation":null,"Execution_attributes":{"ProcessID":532,"ThreadID":584},"Channel":"Security","Computer":"IE8Win7","Security":null},"EventData":{"PuaCount":0,"PuaPolicyId":"0x5afd"}}}
{"Event_attributes":{"xmlns":"http://schemas.microsoft.com/win/2004/08/events/event"},"Event":{"System":{"Provider_attributes":{"Name":"Microsoft-Windows-Security-Auditing","Guid":"54849625-5478-4994-A5BA-3E3B0328C30D"},"EventID":4624,"Version":0,"Level":0,"Task":12544,"Opcode":0,"Keywords":"0x8020000000000000","TimeCreated_attributes":{"SystemTime":"2013-10-23T19:04:52.703125Z"},"EventRecordID":1106,"Correlation":null,"Execution_attributes":{"ProcessID":532,"ThreadID":568},"Channel":"Security","Computer":"IE8Win7","Security":null},"EventData":{"SubjectUserSid":"S-1-5-18","SubjectUserName":"IE8WIN7$","SubjectDomainName":"WORKGROUP","SubjectLogonId":"0x3e7","TargetUserSid":"S-1-5-18","TargetUserName":"SYSTEM","TargetDomainName":"NT AUTHORITY","TargetLogonId":"0x3e7","LogonType":5,"LogonProcessName":"Advapi  ","AuthenticationPackageName":"Negotiate","WorkstationName":"","LogonGuid":"00000000-0000-0000-0000-000000000000","TransmittedServices":"-","LmPackageName":"-","KeyLength":0,"ProcessId":"0x1f4","ProcessName":"C:\\Windows\\System32\\services.exe","IpAddress":"-","IpPort":"-"}}}
{"Event_attributes":{"xmlns":"http://schemas.microsoft.com/win/2004/08/events/event"},"Event":{"System":{"Provider_attributes":{"Name":"Microsoft-Windows-Security-Auditing","Guid":"54849625-5478-4994-A5BA-3E3B0328C30D"},"EventID":4672,"Version":0,"Level":0,"Task":12548,"Opcode":0,"Keywords":"0x8020000000000000","TimeCreated_attributes":{"SystemTime":"2013-10-23T19:04:52.703125Z"},"EventRecordID":1107,"Correlation":null,"Execution_attributes":{"ProcessID":532,"ThreadID":568},"Channel":"Security","Computer":"IE8Win7","Security":null},"EventData":{"SubjectUserSid":"S-1-5-18","SubjectUserName":"SYSTEM","SubjectDomainName":"NT AUTHORITY","SubjectLogonId":"0x3e7","PrivilegeList":"SeAssignPrimaryTokenPrivilege\r\n\t\t\tSeTcbPrivilege\r\n\t\t\tSeSecurityPrivilege\r\n\t\t\tSeTakeOwnershipPrivilege\r\n\t\t\tSeLoadDriverPrivilege\r\n\t\t\tSeBackupPrivilege\r\n\t\t\tSeRestorePrivilege\r\n\t\t\tSeDebugPrivilege\r\n\t\t\tSeAuditPrivilege\r\n\t\t\tSeSystemEnvironmentPrivilege\r\n\t\t\tSeImpersonatePrivilege"}}}
{"Event_attributes":{"xmlns":"http://schemas.microsoft.com/win/2004/08/events/event"},"Event":{"System":{"Provider_attributes":{"Name":"Microsoft-Windows-Security-Auditing","Guid":"54849625-5478-4994-A5BA-3E3B0328C30D"},"EventID":4624,"Version":0,"Level":0,"Task":12544,"Opcode":0,"Keywords":"0x8020000000000000","TimeCreated_attributes":{"SystemTime":"2013-10-23T19:04:52.921875Z"},"EventRecordID":1108,"Correlation":null,"Execution_attributes":{"ProcessID":532,"ThreadID":568},"Channel":"Security","Computer":"IE8Win7","Security":null},"EventData":{"SubjectUserSid":"S-1-5-18","SubjectUserName":"IE8WIN7$","SubjectDomainName":"WORKGROUP","SubjectLogonId":"0x3e7","TargetUserSid":"S-1-5-20","TargetUserName":"NETWORK SERVICE","TargetDomainName":"NT AUTHORITY","TargetLogonId":"0x3e4","LogonType":5,"LogonProcessName":"Advapi  ","AuthenticationPackageName":"Negotiate","WorkstationName":"","LogonGuid":"00000000-0000-0000-0000-000000000000","TransmittedServices":"-","LmPackageName":"-","KeyLength":0,"ProcessId":"0x1f4","ProcessName":"C:\\Windows\\System32\\services.exe","IpAddress":"-","IpPort":"-"}}}
{"Event_attributes":{"xmlns":"http://schemas.microsoft.com/win/2004/08/events/event"},"Event":{"System":{"Provider_attributes":{"Name":"Microsoft-Windows-Security-Auditing","Guid":"54849625-5478-4994-A5BA-3E3B0328C30D"},"EventID":4672,"Version":0,"Level":0,"Task":12548,"Opcode":0,"Keywords":"0x8020000000000000","TimeCreated_attributes":{"SystemTime":"2013-10-23T19:04:52.921875Z"},"EventRecordID":1109,"Correlation":null,"Execution_attributes":{"ProcessID":532,"ThreadID":568},"Channel":"Security","Computer":"IE8Win7","Security":null},"EventData":{"SubjectUserSid":"S-1-5-20","SubjectUserName":"NETWORK SERVICE","SubjectDomainName":"NT AUTHORITY","SubjectLogonId":"0x3e4","PrivilegeList":"SeAssignPrimaryTokenPrivilege\r\n\t\t\tSeAuditPrivilege\r\n\t\t\tSeImpersonatePrivilege"}}}
{"Event_attributes":{"xmlns":"http://schemas.microsoft.com/win/2004/08/events/event"},"Event":{"System":{"Provider_attributes":{"Name":"Microsoft-Windows-Security-Auditing","Guid":"54849625-5478-4994-A5BA-3E3B0328C30D"},"EventID":4624,"Version":0,"Level":0,"Task":12544,"Opcode":0,"Keywords":"0x8020000000000000","TimeCreated_attributes":{"SystemTime":"2013-10-23T19:04:53.046875Z"},"EventRecordID":1110,"Correlation":null,"Execution_attributes":{"ProcessID":532,"ThreadID":568},"Channel":"Security","Computer":"IE8Win7","Security":null},"EventData":{"SubjectUserSid":"S-1-5-18","SubjectUserName":"IE8WIN7$","SubjectDomainName":"WORKGROUP","SubjectLogonId":"0x3e7","TargetUserSid":"S-1-5-19","TargetUserName":"LOCAL SERVICE","TargetDomainName":"NT AUTHORITY","TargetLogonId":"0x3e5","LogonType":5,"LogonProcessName":"Advapi  ","AuthenticationPackageName":"Negotiate","WorkstationName":"","LogonGuid":"00000000-0000-0000-0000-000000000000","TransmittedServices":"-","LmPackageName":"-","KeyLength":0,"ProcessId":"0x1f4","ProcessName":"C:\\Windows\\System32\\services.exe","IpAddress":"-","IpPort":"-"}}}
{"Event_attributes":{"xmlns":"http://schemas.microsoft.com/win/2004/08/events/event"},"Event":{"System":{"Provider_attributes":{"Name":"Microsoft-Windows-Security-Auditing","Guid":"54849625-5478-4994-A5BA-3E3B0328C30D"},"EventID":4672,"Version":0,"Level":0,"Task":12548,"Opcode":0,"Keywords":"0x8020000000000000","TimeCreated_attributes":{"SystemTime":"2013-10-23T19:04:53.046875Z"},"EventRecordID":1111,"Correlation":null,"Execution_attributes":{"ProcessID":532,"ThreadID":568},"Channel":"Security","Computer":"IE8Win7","Security":null},"EventData":{"SubjectUserSid":"S-1-5-19","SubjectUserName":"LOCAL SERVICE","SubjectDomainName":"NT AUTHORITY","SubjectLogonId":"0x3e5","PrivilegeList":"SeAssignPrimaryTokenPrivilege\r\n\t\t\tSeAuditPrivilege\r\n\t\t\tSeImpersonatePrivilege"}}}
{"Event_attributes":{"xmlns":"http://schemas.microsoft.com/win/2004/08/events/event"},"Event":{"System":{"Provider_attributes":{"Name":"Microsoft-Windows-Security-Auditing","Guid":"54849625-5478-4994-A5BA-3E3B0328C30D"},"EventID":4624,"Version":0,"Level":0,"Task":12544,"Opcode":0,"Keywords":"0x8020000000000000","TimeCreated_attributes":{"SystemTime":"2013-10-23T19:04:53.187500Z"},"EventRecordID":1112,"Correlation":null,"Execution_attributes":{"ProcessID":532,"ThreadID":568},"Channel":"Security","Computer":"IE8Win7","Security":null},"EventData":{"SubjectUserSid":"S-1-5-18","SubjectUserName":"IE8WIN7$","SubjectDomainName":"WORKGROUP","SubjectLogonId":"0x3e7","TargetUserSid":"S-1-5-18","TargetUserName":"SYSTEM","TargetDomainName":"NT AUTHORITY","TargetLogonId":"0x3e7","LogonType":5,"LogonProcessName":"Advapi  ","AuthenticationPackageName":"Negotiate","WorkstationName":"","LogonGuid":"00000000-0000-0000-0000-000000000000","TransmittedServices":"-","LmPackageName":"-","KeyLength":0,"ProcessId":"0x1f4","ProcessName":"C:\\Windows\\System32\\services.exe","IpAddress":"-","IpPort":"-"}}}
{"Event_attributes":{"xmlns":"http://schemas.microsoft.com/win/2004/08/events/event"},"Event":{"System":{"Provider_attributes":{"Name":"Microsoft-Windows-Security-Auditing","Guid":"54849625-5478-4994-A5BA-3E3B0328C30D"},"EventID":4672,"Version":0,"Level":0,"Task":12548,"Opcode":0,"Keywords":"0x8020000000000000","TimeCreated_attributes":{"SystemTime":"2013-10-23T19:04:53.187500Z"},"EventRecordID":1113,"Correlation":null,"Execution_attributes":{"ProcessID":532,"ThreadID":568},"Channel":"Security","Computer":"IE8Win7","Security":null},"EventData":{"SubjectUserSid":"S-1-5-18","SubjectUserName":"SYSTEM","SubjectDomainName":"NT AUTHORITY","SubjectLogonId":"0x3e7","PrivilegeList":"SeAssignPrimaryTokenPrivilege\r\n\t\t\tSeTcbPrivilege\r\n\t\t\tSeSecurityPrivilege\r\n\t\t\tSeTakeOwnershipPrivilege\r\n\t\t\tSeLoadDriverPrivilege\r\n\t\t\tSeBackupPrivilege\r\n\t\t\tSeRestorePrivilege\r\n\t\t\tSeDebugPrivilege\r\n\t\t\tSeAuditPrivilege\r\n\t\t\tSeSystemEnvironmentPrivilege\r\n\t\t\tSeImpersonatePrivilege"}}}
{"Event_attributes":{"xmlns":"http://schemas.microsoft.com/win/2004/08/events/event"},"Event":{"System":{"Provider_attributes":{"Name":"Microsoft-Windows-Security-Auditing","Guid":"54849625-5478-4994-A5BA-3E3B0328C30D"},"EventID":4624,"Version":0,"Level":0,"Task":12544,"Opcode":0,"Keywords":"0x8020000000000000","TimeCreated_attributes":{"SystemTime":"2013-10-23T19:04:53.546875Z"},"EventRecordID":1114,"Correlation":null,"Execution_attributes":{"ProcessID":532,"ThreadID":568},"Channel":"Security","Computer":"IE8Win7","Security":null},"EventData":{"SubjectUserSid":"S-1-5-18","SubjectUserName":"IE8WIN7$","SubjectDomainName":"WORKGROUP","SubjectLogonId":"0x3e7","TargetUserSid":"S-1-5-18","TargetUserName":"SYSTEM","TargetDomainName":"NT AUTHORITY","TargetLogonId":"0x3e7","LogonType":5,"LogonProcessName":"Advapi  ","AuthenticationPackageName":"Negotiate","WorkstationName":"","LogonGuid":"00000000-0000-0000-0000-000000000000","TransmittedServices":"-","LmPackageName":"-","KeyLength":0,"ProcessId":"0x1f4","ProcessName":"C:\\Windows\\System32\\services.exe","IpAddress":"-","IpPort":"-"}}}
{"Event_attributes":{"xmlns":"http://schemas.microsoft.com/win/2004/08/events/event"},"Event":{"System":{"Provider_attributes":{"Name":"Microsoft-Windows-Security-Auditing","Guid":"54849625-5478-4994-A5BA-3E3B0328C30D"},"EventID":4672,"Version":0,"Level":0,"Task":12548,"Opcode":0,"Keywords":"0x8020000000000000","TimeCreated_attributes":{"SystemTime":"2013-10-23T19:04:53.546875Z"},"EventRecordID":1115,"Correlation":null,"Execution_attributes":{"ProcessID":532,"ThreadID":568},"Channel":"Security","Computer":"IE8Win7","Security":null},"EventData":{"SubjectUserSid":"S-1-5-18","SubjectUserName":"SYSTEM","SubjectDomainName":"NT AUTHORITY","SubjectLogonId":"0x3e7","PrivilegeList":"SeAssignPrimaryTokenPrivilege\r\n\t\t\tSeTcbPrivilege\r\n\t\t\tSeSecurityPrivilege\r\n\t\t\tSeTakeOwnershipPrivilege\r\n\t\t\tSeLoadDriverPrivilege\r\n\t\t\tSeBackupPrivilege\r\n\t\t\tSeRestorePrivilege\r\n\t\t\tSeDebugPrivilege\r\n\t\t\tSeAuditPrivilege\r\n\t\t\tSeSystemEnvironmentPrivilege\r\n\t\t\tSeImpersonatePrivilege"}}}
{"Event_attributes":{"xmlns":"http://schemas.microsoft.com/win/2004/08/events/event"},"Event":{"System":{"Provider_attributes":{"Name":"Microsoft-Windows-Security-Auditing","Guid":"54849625-5478-4994-A5BA-3E3B0328C30D"},"EventID":4624,"Version":0,"Level":0,"Task":12544,"Opcode":0,"Keywords":"0x8020000000000000","TimeCreated_attributes":{"SystemTime":"2013-10-23T19:04:54.343750Z"},"EventRecordID":1116,"Correlation":null,"Execution_attributes":{"ProcessID":532,"ThreadID":568},"Channel":"Security","Computer":"IE8Win7","Security":null},"EventData":{"SubjectUserSid":"S-1-5-18","SubjectUserName":"IE8WIN7$","SubjectDomainName":"WORKGROUP","SubjectLogonId":"0x3e7","TargetUserSid":"S-1-5-18","TargetUserName":"SYSTEM","TargetDomainName":"NT AUTHORITY","TargetLogonId":"0x3e7","LogonType":5,"LogonProcessName":"Advapi  ","AuthenticationPackageName":"Negotiate","WorkstationName":"","LogonGuid":"00000000-0000-0000-0000-000000000000","TransmittedServices":"-","LmPackageName":"-","KeyLength":0,"ProcessId":"0x1f4","ProcessName":"C:\\Windows\\System32\\services.exe","IpAddress":"-","IpPort":"-"}}}
{"Event_attributes":{"xmlns":"http://schemas.microsoft.com/win/2004/08/events/event"},"Event":{"System":{"Provider_attributes":{"Name":"Microsoft-Windows-Security-Auditing","Guid":"54849625-5478-4994-A5BA-3E3B0328C30D"},"EventID":4672,"Version":0,"Level":0,"Task":12548,"Opcode":0,"Keywords":"0x8020000000000000","TimeCreated_attributes":{"SystemTime":"2013-10-23T19:04:54.343750Z"},"EventRecordID":1117,"Correlation":null,"Execution_attributes":{"ProcessID":532,"ThreadID":568},"Channel":"Security","Computer":"IE8Win7","Security":null},"EventData":{"SubjectUserSid":"S-1-5-18","SubjectUserName":"SYSTEM","SubjectDomainName":"NT AUTHORITY","SubjectLogonId":"0x3e7","PrivilegeList":"SeAssignPrimaryTokenPrivilege\r\n\t\t\tSeTcbPrivilege\r\n\t\t\tSeSecurityPrivilege\r\n\t\t\tSeTakeOwnershipPrivilege\r\n\t\t\tSeLoadDriverPrivilege\r\n\t\t\tSeBackupPrivilege\r\n\t\t\tSeRestorePrivilege\r\n\t\t\tSeDebugPrivilege\r\n\t\t\tSeAuditPrivilege\r\n\t\t\tSeSystemEnvironmentPrivilege\r\n\t\t\tSeImpersonatePrivilege"}}}
{"Event_attributes":{"xmlns":"http://schemas.microsoft.com/win/2004/08/events/event"},"Event":{"System":{"Provider_attributes":{"Name":"Microsoft-Windows-Security-Auditing","Guid":"54849625-5478-4994-A5BA-3E3B0328C30D"},"EventID":4624,"Version":0,"Level":0,"Task":12544,"Opcode":0,"Keywords":"0x8020000000000000","TimeCreated_attributes":{"SystemTime":"2013-10-23T19:05:00.546875Z"},"EventRecordID":1118,"Correlation":null,"Execution_attributes":{"ProcessID":532,"ThreadID":568},"Channel":"Security","Computer":"IE8Win7","Security":null},"EventData":{"SubjectUserSid":"S-1-5-18","SubjectUserName":"IE8WIN7$","SubjectDomainName":"WORKGROUP","SubjectLogonId":"0x3e7","TargetUserSid":"S-1-5-18","TargetUserName":"SYSTEM","TargetDomainName":"NT AUTHORITY","TargetLogonId":"0x3e7","LogonType":5,"LogonProcessName":"Advapi  ","AuthenticationPackageName":"Negotiate","WorkstationName":"","LogonGuid":"00000000-0000-0000-0000-000000000000","TransmittedServices":"-","LmPackageName":"-","KeyLength":0,"ProcessId":"0x1f4","ProcessName":"C:\\Windows\\System32\\services.exe","IpAddress":"-","IpPort":"-"}}}
{"Event_attributes":{"xmlns":"http://schemas.microsoft.com/win/2004/08/events/event"},"Event":{"System":{"Provider_attributes":{"Name":"Microsoft-Windows-Security-Auditing","Guid":"54849625-5478-4994-A5BA-3E3B0328C30D"},"EventID":4672,"Version":0,"Level":0,"Task":12548,"Opcode":0,"Keywords":"0x8020000000000000","TimeCreated_attributes":{"SystemTime":"2013-10-23T19:05:00.546875Z"},"EventRecordID":1119,"Correlation":null,"Execution_attributes":{"ProcessID":532,"ThreadID":568},"Channel":"Security","Computer":"IE8Win7","Security":null},"EventData":{"SubjectUserSid":"S-1-5-18","SubjectUserName":"SYSTEM","SubjectDomainName":"NT AUTHORITY","SubjectLogonId":"0x3e7","PrivilegeList":"SeAssignPrimaryTokenPrivilege\r\n\t\t\tSeTcbPrivilege\r\n\t\t\tSeSecurityPrivilege\r\n\t\t\tSeTakeOwnershipPrivilege\r\n\t\t\tSeLoadDriverPrivilege\r\n\t\t\tSeBackupPrivilege\r\n\t\t\tSeRestorePrivilege\r\n\t\t\tSeDebugPrivilege\r\n\t\t\tSeAuditPrivilege\r\n\t\t\tSeSystemEnvironmentPrivilege\r\n\t\t\tSeImpersonatePrivilege"}}}
{"Event_attributes":{"xmlns":"http://schemas.microsoft.com/win/2004/08/events/event"},"Event":{"System":{"Provider_attributes":{"Name":"Microsoft-Windows-Security-Auditing","Guid":"54849625-5478-4994-A5BA-3E3B0328C30D"},"EventID":5033,"Version":0,"Level":0,"Task":12292,"Opcode":0,"Keywords":"0x8020000000000000","TimeCreated_attributes":{"SystemTime":"2013-10-23T19:05:01.812500Z"},"EventRecordID":1120,"Correlation":null,"Execution_attributes":{"ProcessID":4,"ThreadID":68},"Channel":"Security","Computer":"IE8Win7","Security":null},"EventData":null}}
