{"Event_attributes":{"xmlns":"http://schemas.microsoft.com/win/2004/08/events/event"},"Event":{"System":{"Provider_attributes":{"Name":"Service Control Manager","Guid":"{555908d1-a6d7-4695-8e1e-26931d2012f4}","EventSourceName":"Service Control Manager"},"EventID_attributes":{"Qualifiers":16384},"EventID":7036,"Version":0,"Level":4,"Task":0,"Opcode":0,"Keywords":"0x8080000000000000","TimeCreated_attributes":{"SystemTime":"2013-10-23T19:21:52.144625Z"},"EventRecordID":1729,"Correlation":null,"Execution_attributes":{"ProcessID":532,"ThreadID":640},"Channel":"System","Computer":"IE8Win7","Security":null},"EventData":{"param1":"Group Policy Client","param2":"stopped","Binary":"670070007300760063002F0031000000"}}}
{"Event_attributes":{"xmlns":"http://schemas.microsoft.com/win/2004/08/events/event"},"Event":{"System":{"Provider_attributes":{"Name":"Service Control Manager","Guid":"{555908d1-a6d7-4695-8e1e-26931d2012f4}","EventSourceName":"Service Control Manager"},"EventID_attributes":{"Qualifiers":16384},"EventID":7036,"Version":0,"Level":4,"Task":0,"Opcode":0,"Keywords":"0x8080000000000000","TimeCreated_attributes":{"SystemTime":"2013-10-23T19:21:52.300875Z"},"EventRecordID":1730,"Correlation":null,"Execution_attributes":{"ProcessID":532,"ThreadID":1980},"Channel":"System","Computer":"IE8Win7","Security":null},"EventData":{"param1":"Microsoft .NET Framework NGEN v4.0.30319_X86","param2":"stopped","Binary":"63006C0072005F006F007000740069006D0069007A006100740069006F006E005F00760034002E0030002E00330030003300310039005F00330032002F0031000000"}}}
{"Event_attributes":{"xmlns":"http://schemas.microsoft.com/win/2004/08/events/event"},"Event":{"System":{"Provider_attributes":{"Name":"Service Control Manager","Guid":"{555908d1-a6d7-4695-8e1e-26931d2012f4}","EventSourceName":"Service Control Manager"},"EventID_attributes":{"Qualifiers":16384},"EventID":7036,"Version":0,"Level":4,"Task":0,"Opcode":0,"Keywords":"0x8080000000000000","TimeCreated_attributes":{"SystemTime":"2013-10-23T19:21:52.566500Z"},"EventRecordID":1731,"Correlation":null,"Execution_attributes":{"ProcessID":532,"ThreadID":1980},"Channel":"System","Computer":"IE8Win7","Security":null},"EventData":{"param1":"Power","param2":"stopped","Binary":"50006F007700650072002F0031000000"}}}
{"Event_attributes":{"xmlns":"http://schemas.microsoft.com/win/2004/08/events/event"},"Event":{"System":{"Provider_attributes":{"Name":"Service Control Manager","Guid":"{555908d1-a6d7-4695-8e1e-26931d2012f4}","EventSourceName":"Service Control Manager"},"EventID_attributes":{"Qualifiers":16384},"EventID":7036,"Version":0,"Level":4,"Task":0,"Opcode":0,"Keywords":"0x8080000000000000","TimeCreated_attributes":{"SystemTime":"2013-10-23T19:21:52.582125Z"},"EventRecordID":1732,"Correlation":null,"Execution_attributes":{"ProcessID":532,"ThreadID":1980},"Channel":"System","Computer":"IE8Win7","Security":null},"EventData":{"param1":"Diagnostic System Host","param2":"stopped","Binary":"570064006900530079007300740065006D0048006F00730074002F0031000000"}}}
{"Event_attributes":{"xmlns":"http://schemas.microsoft.com/win/2004/08/events/event"},"Event":{"System":{"Provider_attributes":{"Name":"Microsoft-Windows-DHCPv6-Client","Guid":"6A1F2B00-6A90-4C38-95A5-5CAB3B056778"},"EventID":51047,"Version":0,"Level":4,"Task":4,"Opcode":63,"Keywords":"0x2000000000000000","TimeCreated_attributes":{"SystemTime":"2013-10-23T19:21:52.597750Z"},"EventRecordID":1733,"Correlation":null,"Execution_attributes":{"ProcessID":772,"ThreadID":1192},"Channel":"System","Computer":"IE8Win7","Security_attributes":{"UserID":"S-1-5-19"}},"EventData":{"DwordVal":1}}}
{"Event_attributes":{"xmlns":"http://schemas.microsoft.com/win/2004/08/events/event"},"Event":{"System":{"Provider_attributes":{"Name":"Microsoft-Windows-Dhcp-Client","Guid":"15A7A4F8-0072-4EAB-ABAD-F98A4D666AED"},"EventID":50037,"Version":0,"Level":4,"Task":4,"Opcode":69,"Keywords":"0x2000000000000000","TimeCreated_attributes":{"SystemTime":"2013-10-23T19:21:52.597750Z"},"EventRecordID":1734,"Correlation":null,"Execution_attributes":{"ProcessID":772,"ThreadID":1140},"Channel":"System","Computer":"IE8Win7","Security_attributes":{"UserID":"S-1-5-19"}},"EventData":{"DwordVal":1}}}
{"Event_attributes":{"xmlns":"http://schemas.microsoft.com/win/2004/08/events/event"},"Event":{"System":{"Provider_attributes":{"Name":"Service Control Manager","Guid":"{555908d1-a6d7-4695-8e1e-26931d2012f4}","EventSourceName":"Service Control Manager"},"EventID_attributes":{"Qualifiers":16384},"EventID":7036,"Version":0,"Level":4,"Task":0,"Opcode":0,"Keywords":"0x8080000000000000","TimeCreated_attributes":{"SystemTime":"2013-10-23T19:21:52.691500Z"},"EventRecordID":1735,"Correlation":null,"Execution_attributes":{"ProcessID":532,"ThreadID":1980},"Channel":"System","Computer":"IE8Win7","Security":null},"EventData":{"param1":"User Profile Service","param2":"stopped","Binary":"500072006F0066005300760063002F0031000000"}}}
{"Event_attributes":{"xmlns":"http://schemas.microsoft.com/win/2004/08/events/event"},"Event":{"System":{"Provider_attributes":{"Name":"Service Control Manager","Guid":"{555908d1-a6d7-4695-8e1e-26931d2012f4}","EventSourceName":"Service Control Manager"},"EventID_attributes":{"Qualifiers":16384},"EventID":7036,"Version":0,"Level":4,"Task":0,"Opcode":0,"Keywords":"0x8080000000000000","TimeCreated_attributes":{"SystemTime":"2013-10-23T19:21:52.707125Z"},"EventRecordID":1736,"Correlation":null,"Execution_attributes":{"ProcessID":532,"ThreadID":1980},"Channel":"System","Computer":"IE8Win7","Security":null},"EventData":{"param1":"DHCP Client","param2":"stopped","Binary":"44006800630070002F0031000000"}}}
{"Event_attributes":{"xmlns":"http://schemas.microsoft.com/win/2004/08/events/event"},"Event":{"System":{"Provider_attributes":{"Name":"Service Control Manager","Guid":"{555908d1-a6d7-4695-8e1e-26931d2012f4}","EventSourceName":"Service Control Manager"},"EventID_attributes":{"Qualifiers":16384},"EventID":7036,"Version":0,"Level":4,"Task":0,"Opcode":0,"Keywords":"0x8080000000000000","TimeCreated_attributes":{"SystemTime":"2013-10-23T19:21:52.738375Z"},"EventRecordID":1737,"Correlation":null,"Execution_attributes":{"ProcessID":532,"ThreadID":1980},"Channel":"System","Computer":"IE8Win7","Security":null},"EventData":{"param1":"Distributed Link Tracking Client","param2":"stopped","Binary":"540072006B0057006B0073002F0031000000"}}}
{"Event_attributes":{"xmlns":"http://schemas.microsoft.com/win/2004/08/events/event"},"Event":{"System":{"Provider_attributes":{"Name":"Service Control Manager","Guid":"{555908d1-a6d7-4695-8e1e-26931d2012f4}","EventSourceName":"Service Control Manager"},"EventID_attributes":{"Qualifiers":16384},"EventID":7036,"Version":0,"Level":4,"Task":0,"Opcode":0,"Keywords":"0x8080000000000000","TimeCreated_attributes":{"SystemTime":"2013-10-23T19:21:52.785250Z"},"EventRecordID":1738,"Correlation":null,"Execution_attributes":{"ProcessID":532,"ThreadID":1980},"Channel":"System","Computer":"IE8Win7","Security":null},"EventData":{"param1":"Desktop Window Manager Session Manager","param2":"stopped","Binary":"5500780053006D0073002F0031000000"}}}
{"Event_attributes":{"xmlns":"http://schemas.microsoft.com/win/2004/08/events/event"},"Event":{"System":{"Provider_attributes":{"Name":"EventLog"},"EventID_attributes":{"Qualifiers":32768},"EventID":6009,"Level":4,"Task":0,"Keywords":"0x80000000000000","TimeCreated_attributes":{"SystemTime":"2013-10-23T19:23:07.000000Z"},"EventRecordID":1739,"Channel":"System","Computer":"IE8Win7","Security":null},"EventData":{"Data":{"#text":["6.01.","7601","Service Pack 1","Multiprocessor Free","17514"]},"Binary":null}}}
{"Event_attributes":{"xmlns":"http://schemas.microsoft.com/win/2004/08/events/event"},"Event":{"System":{"Provider_attributes":{"Name":"EventLog"},"EventID_attributes":{"Qualifiers":32768},"EventID":6005,"Level":4,"Task":0,"Keywords":"0x80000000000000","TimeCreated_attributes":{"SystemTime":"2013-10-23T19:23:07.000000Z"},"EventRecordID":1740,"Channel":"System","Computer":"IE8Win7","Security":null},"EventData":{"Data":{"#text":""},"Binary":"DD070A00030017001300170007005D000000000000000000"}}}
{"Event_attributes":{"xmlns":"http://schemas.microsoft.com/win/2004/08/events/event"},"Event":{"System":{"Provider_attributes":{"Name":"EventLog"},"EventID_attributes":{"Qualifiers":32768},"EventID":6013,"Level":4,"Task":0,"Keywords":"0x80000000000000","TimeCreated_attributes":{"SystemTime":"2013-10-23T19:23:07.000000Z"},"EventRecordID":1741,"Channel":"System","Computer":"IE8Win7","Security":null},"EventData":{"Data":{"#text":["","","","","55","60","480 Pacific Standard Time"]},"Binary":"31002E003100000030000000570069006E0064006F007700730020003700200045006E0074006500720070007200690073006500000036002E0031002E00370036003000310020004200750069006C006400200037003600300031002000530065007200760069006300650020005000610063006B002000310000004D0075006C0074006900700072006F0063006500730073006F00720020004600720065006500000037003600300031002E00770069006E0037007300700031005F006700640072002E003100330030003300310038002D00310035003300330000003500320036003700660037006400340000004E006F007400200041007600610069006C00610062006C00650000004E006F007400200041007600610069006C00610062006C0065000000300000003100000035003100320000003400300039000000490045003800570069006E00370000000000"}}}
{"Event_attributes":{"xmlns":"http://schemas.microsoft.com/win/2004/08/events/event"},"Event":{"System":{"Provider_attributes":{"Name":"Service Control Manager","Guid":"{555908d1-a6d7-4695-8e1e-26931d2012f4}","EventSourceName":"Service Control Manager"},"EventID_attributes":{"Qualifiers":16384},"EventID":7036,"Version":0,"Level":4,"Task":0,"Opcode":0,"Keywords":"0x8080000000000000","TimeCreated_attributes":{"SystemTime":"2013-10-23T19:21:52.910250Z"},"EventRecordID":1742,"Correlation":null,"Execution_attributes":{"ProcessID":532,"ThreadID":1980},"Channel":"System","Computer":"IE8Win7","Security":null},"EventData":{"param1":"Windows Licensing Monitoring Service","param2":"stopped","Binary":"57004C004D0053002F0031000000"}}}
{"Event_attributes":{"xmlns":"http://schemas.microsoft.com/win/2004/08/events/event"},"Event":{"System":{"Provider_attributes":{"Name":"Service Control Manager","Guid":"{555908d1-a6d7-4695-8e1e-26931d2012f4}","EventSourceName":"Service Control Manager"},"EventID_attributes":{"Qualifiers":16384},"EventID":7036,"Version":0,"Level":4,"Task":0,"Opcode":0,"Keywords":"0x8080000000000000","TimeCreated_attributes":{"SystemTime":"2013-10-23T19:21:53.050875Z"},"EventRecordID":1743,"Correlation":null,"Execution_attributes":{"ProcessID":532,"ThreadID":1980},"Channel":"System","Computer":"IE8Win7","Security":null},"EventData":{"param1":"Windows Management Instrumentation","param2":"stopped","Binary":"570069006E006D0067006D0074002F0031000000"}}}
{"Event_attributes":{"xmlns":"http://schemas.microsoft.com/win/2004/08/events/event"},"Event":{"System":{"Provider_attributes":{"Name":"Service Control Manager","Guid":"{555908d1-a6d7-4695-8e1e-26931d2012f4}","EventSourceName":"Service Control Manager"},"EventID_attributes":{"Qualifiers":16384},"EventID":7036,"Version":0,"Level":4,"Task":0,"Opcode":0,"Keywords":"0x8080000000000000","TimeCreated_attributes":{"SystemTime":"2013-10-23T19:21:53.066500Z"},"EventRecordID":1744,"Correlation":null,"Execution_attributes":{"ProcessID":532,"ThreadID":1980},"Channel":"System","Computer":"IE8Win7","Security":null},"EventData":{"param1":"Windows Event Log","param2":"stopped","Binary":"6500760065006E0074006C006F0067002F0031000000"}}}
{"Event_attributes":{"xmlns":"http://schemas.microsoft.com/win/2004/08/events/event"},"Event":{"System":{"Provider_attributes":{"Name":"Service Control Manager","Guid":"{555908d1-a6d7-4695-8e1e-26931d2012f4}","EventSourceName":"Service Control Manager"},"EventID_attributes":{"Qualifiers":16384},"EventID":7036,"Version":0,"Level":4,"Task":0,"Opcode":0,"Keywords":"0x8080000000000000","TimeCreated_attributes":{"SystemTime":"2013-10-23T19:21:53.097750Z"},"EventRecordID":1745,"Correlation":null,"Execution_attributes":{"ProcessID":532,"ThreadID":1980},"Channel":"System","Computer":"IE8Win7","Security":null},"EventData":{"param1":"Diagnostic Service Host","param2":"stopped","Binary":"570064006900530065007200760069006300650048006F00730074002F0031000000"}}}
{"Event_attributes":{"xmlns":"http://schemas.microsoft.com/win/2004/08/events/event"},"Event":{"System":{"Provider_attributes":{"Name":"Microsoft-Windows-UserPnp","Guid":"96F4A050-7E31-453C-88BE-9634F4E02139"},"EventID":20010,"Version":0,"Level":4,"Task":7010,"Opcode":0,"Keywords":"0x8000000000000000","TimeCreated_attributes":{"SystemTime":"2013-10-23T19:21:53.113375Z"},"EventRecordID":1746,"Correlation":null,"Execution_attributes":{"ProcessID":660,"ThreadID":1060},"Channel":"System","Computer":"IE8Win7","Security_attributes":{"UserID":"S-1-5-18"}},"UserData":{"INFO_PNP_STATE_attributes":{"xmlns:auto-ns2":"http://schemas.microsoft.com/win/2004/08/events","xmlns":"http://manifests.microsoft.com/win/2004/08/windows/userpnp"},"INFO_PNP_STATE":{"InstallSubsystemState":false,"CachingSubsystemState":false}}}}
{"Event_attributes":{"xmlns":"http://schemas.microsoft.com/win/2004/08/events/event"},"Event":{"System":{"Provider_attributes":{"Name":"Service Control Manager","Guid":"{555908d1-a6d7-4695-8e1e-26931d2012f4}","EventSourceName":"Service Control Manager"},"EventID_attributes":{"Qualifiers":16384},"EventID":7036,"Version":0,"Level":4,"Task":0,"Opcode":0,"Keywords":"0x8080000000000000","TimeCreated_attributes":{"SystemTime":"2013-10-23T19:21:53.113375Z"},"EventRecordID":1747,"Correlation":null,"Execution_attributes":{"ProcessID":532,"ThreadID":1980},"Channel":"System","Computer":"IE8Win7","Security":null},"EventData":{"param1":"Plug and Play","param2":"stopped","Binary":"50006C007500670050006C00610079002F0031000000"}}}
{"Event_attributes":{"xmlns":"http://schemas.microsoft.com/win/2004/08/events/event"},"Event":{"System":{"Provider_attributes":{"Name":"Service Control Manager","Guid":"{555908d1-a6d7-4695-8e1e-26931d2012f4}","EventSourceName":"Service Control Manager"},"EventID_attributes":{"Qualifiers":16384},"EventID":7036,"Version":0,"Level":4,"Task":0,"Opcode":0,"Keywords":"0x8080000000000000","TimeCreated_attributes":{"SystemTime":"2013-10-23T19:21:53.113375Z"},"EventRecordID":1748,"Correlation":null,"Execution_attributes":{"ProcessID":532,"ThreadID":1980},"Channel":"System","Computer":"IE8Win7","Security":null},"EventData":{"param1":"Diagnostic Policy Service","param2":"stopped","Binary":"4400500053002F0031000000"}}}
{"Event_attributes":{"xmlns":"http://schemas.microsoft.com/win/2004/08/events/event"},"Event":{"System":{"Provider_attributes":{"Name":"Service Control Manager","Guid":"{555908d1-a6d7-4695-8e1e-26931d2012f4}","EventSourceName":"Service Control Manager"},"EventID_attributes":{"Qualifiers":16384},"EventID":7036,"Version":0,"Level":4,"Task":0,"Opcode":0,"Keywords":"0x8080000000000000","TimeCreated_attributes":{"SystemTime":"2013-10-23T19:21:53.300875Z"},"EventRecordID":1749,"Correlation":null,"Execution_attributes":{"ProcessID":532,"ThreadID":1980},"Channel":"System","Computer":"IE8Win7","Security":null},"EventData":{"param1":"Software Protection","param2":"stopped","Binary":"7300700070007300760063002F0031000000"}}}
{"Event_attributes":{"xmlns":"http://schemas.microsoft.com/win/2004/08/events/event"},"Event":{"System":{"Provider_attributes":{"Name":"Service Control Manager","Guid":"{555908d1-a6d7-4695-8e1e-26931d2012f4}","EventSourceName":"Service Control Manager"},"EventID_attributes":{"Qualifiers":16384},"EventID":7036,"Version":0,"Level":4,"Task":0,"Opcode":0,"Keywords":"0x8080000000000000","TimeCreated_attributes":{"SystemTime":"2013-10-23T19:21:53.504000Z"},"EventRecordID":1750,"Correlation":null,"Execution_attributes":{"ProcessID":532,"ThreadID":1980},"Channel":"System","Computer":"IE8Win7","Security":null},"EventData":{"param1":"Windows Modules Installer","param2":"stopped","Binary":"540072007500730074006500640049006E007300740061006C006C00650072002F0031000000"}}}
{"Event_attributes":{"xmlns":"http://schemas.microsoft.com/win/2004/08/events/event"},"Event":{"System":{"Provider_attributes":{"Name":"Service Control Manager","Guid":"{555908d1-a6d7-4695-8e1e-26931d2012f4}","EventSourceName":"Service Control Manager"},"EventID_attributes":{"Qualifiers":16384},"EventID":7036,"Version":0,"Level":4,"Task":0,"Opcode":0,"Keywords":"0x8080000000000000","TimeCreated_attributes":{"SystemTime":"2013-10-23T19:21:53.644625Z"},"EventRecordID":1751,"Correlation":null,"Execution_attributes":{"ProcessID":532,"ThreadID":1980},"Channel":"System","Computer":"IE8Win7","Security":null},"EventData":{"param1":"Cryptographic Services","param2":"stopped","Binary":"430072007900700074005300760063002F0031000000"}}}
{"Event_attributes":{"xmlns":"http://schemas.microsoft.com/win/2004/08/events/event"},"Event":{"System":{"Provider_attributes":{"Name":"Service Control Manager","Guid":"{555908d1-a6d7-4695-8e1e-26931d2012f4}","EventSourceName":"Service Control Manager"},"EventID_attributes":{"Qualifiers":16384},"EventID":7036,"Version":0,"Level":4,"Task":0,"Opcode":0,"Keywords":"0x8080000000000000","TimeCreated_attributes":{"SystemTime":"2013-10-23T19:21:53.754000Z"},"EventRecordID":1752,"Correlation":null,"Execution_attributes":{"ProcessID":532,"ThreadID":1980},"Channel":"System","Computer":"IE8Win7","Security":null},"EventData":{"param1":"Superfetch","param2":"stopped","Binary":"5300790073004D00610069006E002F0031000000"}}}
{"Event_attributes":{"xmlns":"http://schemas.microsoft.com/win/2004/08/events/event"},"Event":{"System":{"Provider_attributes":{"Name":"Microsoft-Windows-Kernel-Power","Guid":"331C3B3A-2005-44C2-AC5E-77220C37D6B4"},"EventID":109,"Version":0,"Level":4,"Task":103,"Opcode":0,"Keywords":"0x8000000000000004","TimeCreated_attributes":{"SystemTime":"2013-10-23T19:21:54.035250Z"},"EventRecordID":1753,"Correlation":null,"Execution_attributes":{"ProcessID":436,"ThreadID":440},"Channel":"System","Computer":"IE8Win7","Security":null},"EventData":{"ShutdownActionType":5,"ShutdownEventCode":0,"ShutdownReason":0}}}
{"Event_attributes":{"xmlns":"http://schemas.microsoft.com/win/2004/08/events/event"},"Event":{"System":{"Provider_attributes":{"Name":"Microsoft-Windows-Kernel-General","Guid":"A68CA8B7-004F-D7B6-A698-07E2DE0F1F5D"},"EventID":13,"Version":0,"Level":4,"Task":0,"Opcode":0,"Keywords":"0x8000000000000000","TimeCreated_attributes":{"SystemTime":"2013-10-23T19:21:57.129000Z"},"EventRecordID":1754,"Correlation":null,"Execution_attributes":{"ProcessID":4,"ThreadID":40},"Channel":"System","Computer":"IE8Win7","Security":null},"EventData":{"StopTime":"2013-10-23T19:21:57.129000Z"}}}
{"Event_attributes":{"xmlns":"http://schemas.microsoft.com/win/2004/08/events/event"},"Event":{"System":{"Provider_attributes":{"Name":"Microsoft-Windows-Kernel-General","Guid":"A68CA8B7-004F-D7B6-A698-07E2DE0F1F5D"},"EventID":12,"Version":0,"Level":4,"Task":0,"Opcode":0,"Keywords":"0x8000000000000000","TimeCreated_attributes":{"SystemTime":"2013-10-23T19:22:11.578125Z"},"EventRecordID":1755,"Correlation":null,"Execution_attributes":{"ProcessID":4,"ThreadID":8},"Channel":"System","Computer":"IE8Win7","Security_attributes":{"UserID":"S-1-5-18"}},"EventData":{"MajorVersion":6,"MinorVersion":1,"BuildVersion":7601,"QfeVersion":18113,"ServiceVersion":1,"BootMode":0,"StartTime":"2013-10-23T19:22:11.500000Z"}}}
{"Event_attributes":{"xmlns":"http://schemas.microsoft.com/win/2004/08/events/event"},"Event":{"System":{"Provider_attributes":{"Name":"Microsoft-Windows-FilterManager","Guid":"F3C5E28E-63F6-49C7-A204-E48A1BC4B09D"},"EventID":6,"Version":0,"Level":4,"Task":0,"Opcode":0,"Keywords":"0x8000000000000000","TimeCreated_attributes":{"SystemTime":"2013-10-23T19:22:12.687500Z"},"EventRecordID":1756,"Correlation":null,"Execution_attributes":{"ProcessID":4,"ThreadID":8},"Channel":"System","Computer":"IE8Win7","Security_attributes":{"UserID":"S-1-5-18"}},"EventData":{"FinalStatus":"0x0","DeviceVersionMajor":6,"DeviceVersionMinor":1,"DeviceNameLength":8,"DeviceName":"FileInfo","DeviceTime":"2009-07-13T16:21:51.000000Z"}}}
{"Event_attributes":{"xmlns":"http://schemas.microsoft.com/win/2004/08/events/event"},"Event":{"System":{"Provider_attributes":{"Name":"storflt"},"EventID_attributes":{"Qualifiers":16390},"EventID":3,"Level":4,"Task":0,"Keywords":"0x80000000000000","TimeCreated_attributes":{"SystemTime":"2013-10-23T19:22:12.718750Z"},"EventRecordID":1757,"Channel":"System","Computer":"IE8Win7","Security":null},"EventData":{"Data":{"#text":["","IDE","0,0,0,0"]},"Binary":"00000000030030000000000003000640000000000000000000000000000000000000000000000000"}}}
{"Event_attributes":{"xmlns":"http://schemas.microsoft.com/win/2004/08/events/event"},"Event":{"System":{"Provider_attributes":{"Name":"netvsc"},"EventID_attributes":{"Qualifiers":16384},"EventID":0,"Level":4,"Task":0,"Keywords":"0x80000000000000","TimeCreated_attributes":{"SystemTime":"2013-10-23T19:22:39.109375Z"},"EventRecordID":1758,"Channel":"System","Computer":"IE8Win7","Security":null},"EventData":{"Data":{"#text":["","3.2"]},"Binary":"0000000002002C000000000000000040000000000000000000000000000000000000000000000000"}}}
{"Event_attributes":{"xmlns":"http://schemas.microsoft.com/win/2004/08/events/event"},"Event":{"System":{"Provider_attributes":{"Name":"netvsc"},"EventID_attributes":{"Qualifiers":16384},"EventID":1,"Level":4,"Task":0,"Keywords":"0x80000000000000","TimeCreated_attributes":{"SystemTime":"2013-10-23T19:22:39.125000Z"},"EventRecordID":1759,"Channel":"System","Computer":"IE8Win7","Security":null},"EventData":{"Data":{"#text":["","Microsoft Virtual Machine Bus Network Adapter"]},"Binary":"0000000002002C000000000001000040000000000000000000000000000000000000000000000000"}}}
{"Event_attributes":{"xmlns":"http://schemas.microsoft.com/win/2004/08/events/event"},"Event":{"System":{"Provider_attributes":{"Name":"netvsc"},"EventID_attributes":{"Qualifiers":16384},"EventID":8,"Level":4,"Task":0,"Keywords":"0x80000000000000","TimeCreated_attributes":{"SystemTime":"2013-10-23T19:22:39.125000Z"},"EventRecordID":1760,"Channel":"System","Computer":"IE8Win7","Security":null},"EventData":{"Data":{"#text":["","Microsoft Virtual Machine Bus Network Adapter"]},"Binary":"0000000002002C000000000008000040000000000000000000000000000000000000000000000000"}}}
{"Event_attributes":{"xmlns":"http://schemas.microsoft.com/win/2004/08/events/event"},"Event":{"System":{"Provider_attributes":{"Name":"Microsoft-Windows-Kernel-Processor-Power","Guid":"0F67E49F-FE51-4E9F-B490-6F2948CC6027"},"EventID":26,"Version":0,"Level":4,"Task":4,"Opcode":0,"Keywords":"0x8000000000000000","TimeCreated_attributes":{"SystemTime":"2013-10-23T19:22:39.125000Z"},"EventRecordID":1761,"Correlation":null,"Execution_attributes":{"ProcessID":4,"ThreadID":56},"Channel":"System","Computer":"IE8Win7","Security_attributes":{"UserID":"S-1-5-18"}},"EventData":{"Group":0,"Number":0,"IdleStateCount":1,"PerfStateCount":0,"ThrottleStateCount":0,"ComplexData_attributes":{"Name":"IdleState"},"ComplexData":"01","ComplexData_1_attributes":{"Name":"PerfState"}}}}
{"Event_attributes":{"xmlns":"http://schemas.microsoft.com/win/2004/08/events/event"},"Event":{"System":{"Provider_attributes":{"Name":"netvsc"},"EventID_attributes":{"Qualifiers":16384},"EventID":7,"Level":4,"Task":0,"Keywords":"0x80000000000000","TimeCreated_attributes":{"SystemTime":"2013-10-23T19:22:39.156250Z"},"EventRecordID":1762,"Channel":"System","Computer":"IE8Win7","Security":null},"EventData":{"Data":{"#text":["","Microsoft Virtual Machine Bus Network Adapter"]},"Binary":"0000000002002C000000000007000040000000000000000000000000000000000000000000000000"}}}
{"Event_attributes":{"xmlns":"http://schemas.microsoft.com/win/2004/08/events/event"},"Event":{"System":{"Provider_attributes":{"Name":"netvsc"},"EventID_attributes":{"Qualifiers":16384},"EventID":8,"Level":4,"Task":0,"Keywords":"0x80000000000000","TimeCreated_attributes":{"SystemTime":"2013-10-23T19:22:39.156250Z"},"EventRecordID":1763,"Channel":"System","Computer":"IE8Win7","Security":null},"EventData":{"Data":{"#text":["","Microsoft Virtual Machine Bus Network Adapter"]},"Binary":"0000000002002C000000000008000040000000000000000000000000000000000000000000000000"}}}
{"Event_attributes":{"xmlns":"http://schemas.microsoft.com/win/2004/08/events/event"},"Event":{"System":{"Provider_attributes":{"Name":"Service Control Manager","Guid":"{555908d1-a6d7-4695-8e1e-26931d2012f4}","EventSourceName":"Service Control Manager"},"EventID_attributes":{"Qualifiers":16384},"EventID":7036,"Version":0,"Level":4,"Task":0,"Opcode":0,"Keywords":"0x8080000000000000","TimeCreated_attributes":{"SystemTime":"2013-10-23T19:23:05.765625Z"},"EventRecordID":1764,"Correlation":null,"Execution_attributes":{"ProcessID":524,"ThreadID":632},"Channel":"System","Computer":"IE8Win7","Security":null},"EventData":{"param1":"Plug and Play","param2":"running","Binary":"50006C007500670050006C00610079002F0034000000"}}}
{"Event_attributes":{"xmlns":"http://schemas.microsoft.com/win/2004/08/events/event"},"Event":{"System":{"Provider_attributes":{"Name":"Microsoft-Windows-UserPnp","Guid":"96F4A050-7E31-453C-88BE-9634F4E02139"},"EventID":20010,"Version":0,"Level":4,"Task":7010,"Opcode":0,"Keywords":"0x8000000000000000","TimeCreated_attributes":{"SystemTime":"2013-10-23T19:23:05.781250Z"},"EventRecordID":1765,"Correlation":null,"Execution_attributes":{"ProcessID":648,"ThreadID":664},"Channel":"System","Computer":"IE8Win7","Security_attributes":{"UserID":"S-1-5-18"}},"UserData":{"INFO_PNP_STATE_attributes":{"xmlns:auto-ns2":"http://schemas.microsoft.com/win/2004/08/events","xmlns":"http://manifests.microsoft.com/win/2004/08/windows/userpnp"},"INFO_PNP_STATE":{"InstallSubsystemState":true,"CachingSubsystemState":true}}}}
{"Event_attributes":{"xmlns":"http://schemas.microsoft.com/win/2004/08/events/event"},"Event":{"System":{"Provider_attributes":{"Name":"Service Control Manager","Guid":"{555908d1-a6d7-4695-8e1e-26931d2012f4}","EventSourceName":"Service Control Manager"},"EventID_attributes":{"Qualifiers":16384},"EventID":7036,"Version":0,"Level":4,"Task":0,"Opcode":0,"Keywords":"0x8080000000000000","TimeCreated_attributes":{"SystemTime":"2013-10-23T19:23:06.421875Z"},"EventRecordID":1766,"Correlation":null,"Execution_attributes":{"ProcessID":524,"ThreadID":628},"Channel":"System","Computer":"IE8Win7","Security":null},"EventData":{"param1":"Power","param2":"running","Binary":"50006F007700650072002F0034000000"}}}
{"Event_attributes":{"xmlns":"http://schemas.microsoft.com/win/2004/08/events/event"},"Event":{"System":{"Provider_attributes":{"Name":"Microsoft-Windows-FilterManager","Guid":"F3C5E28E-63F6-49C7-A204-E48A1BC4B09D"},"EventID":6,"Version":0,"Level":4,"Task":0,"Opcode":0,"Keywords":"0x8000000000000000","TimeCreated_attributes":{"SystemTime":"2013-10-23T19:23:06.515625Z"},"EventRecordID":1767,"Correlation":null,"Execution_attributes":{"ProcessID":4,"ThreadID":68},"Channel":"System","Computer":"IE8Win7","Security_attributes":{"UserID":"S-1-5-18"}},"EventData":{"FinalStatus":"0x0","DeviceVersionMajor":6,"DeviceVersionMinor":1,"DeviceNameLength":5,"DeviceName":"luafv","DeviceTime":"2009-07-13T16:15:44.000000Z"}}}
{"Event_attributes":{"xmlns":"http://schemas.microsoft.com/win/2004/08/events/event"},"Event":{"System":{"Provider_attributes":{"Name":"Service Control Manager","Guid":"{555908d1-a6d7-4695-8e1e-26931d2012f4}","EventSourceName":"Service Control Manager"},"EventID_attributes":{"Qualifiers":16384},"EventID":7036,"Version":0,"Level":4,"Task":0,"Opcode":0,"Keywords":"0x8080000000000000","TimeCreated_attributes":{"SystemTime":"2013-10-23T19:23:06.578125Z"},"EventRecordID":1768,"Correlation":null,"Execution_attributes":{"ProcessID":524,"ThreadID":628},"Channel":"System","Computer":"IE8Win7","Security":null},"EventData":{"param1":"RPC Endpoint Mapper","param2":"running","Binary":"5200700063004500700074004D00610070007000650072002F0034000000"}}}
{"Event_attributes":{"xmlns":"http://schemas.microsoft.com/win/2004/08/events/event"},"Event":{"System":{"Provider_attributes":{"Name":"Service Control Manager","Guid":"{555908d1-a6d7-4695-8e1e-26931d2012f4}","EventSourceName":"Service Control Manager"},"EventID_attributes":{"Qualifiers":16384},"EventID":7036,"Version":0,"Level":4,"Task":0,"Opcode":0,"Keywords":"0x8080000000000000","TimeCreated_attributes":{"SystemTime":"2013-10-23T19:23:06.593750Z"},"EventRecordID":1769,"Correlation":null,"Execution_attributes":{"ProcessID":524,"ThreadID":628},"Channel":"System","Computer":"IE8Win7","Security":null},"EventData":{"param1":"DCOM Server Process Launcher","param2":"running","Binary":"440063006F006D004C00610075006E00630068002F0034000000"}}}
{"Event_attributes":{"xmlns":"http://schemas.microsoft.com/win/2004/08/events/event"},"Event":{"System":{"Provider_attributes":{"Name":"Service Control Manager","Guid":"{555908d1-a6d7-4695-8e1e-26931d2012f4}","EventSourceName":"Service Control Manager"},"EventID_attributes":{"Qualifiers":16384},"EventID":7036,"Version":0,"Level":4,"Task":0,"Opcode":0,"Keywords":"0x8080000000000000","TimeCreated_attributes":{"SystemTime":"2013-10-23T19:23:06.671875Z"},"EventRecordID":1770,"Correlation":null,"Execution_attributes":{"ProcessID":524,"ThreadID":628},"Channel":"System","Computer":"IE8Win7","Security":null},"EventData":{"param1":"Remote Procedure Call (RPC)","param2":"running","Binary":"520070006300530073002F0034000000"}}}
{"Event_attributes":{"xmlns":"http://schemas.microsoft.com/win/2004/08/events/event"},"Event":{"System":{"Provider_attributes":{"Name":"Service Control Manager","Guid":"{555908d1-a6d7-4695-8e1e-26931d2012f4}","EventSourceName":"Service Control Manager"},"EventID_attributes":{"Qualifiers":16384},"EventID":7036,"Version":0,"Level":4,"Task":0,"Opcode":0,"Keywords":"0x8080000000000000","TimeCreated_attributes":{"SystemTime":"2013-10-23T19:23:07.140625Z"},"EventRecordID":1771,"Correlation":null,"Execution_attributes":{"ProcessID":524,"ThreadID":628},"Channel":"System","Computer":"IE8Win7","Security":null},"EventData":{"param1":"Windows Event Log","param2":"running","Binary":"6500760065006E0074006C006F0067002F0034000000"}}}
{"Event_attributes":{"xmlns":"http://schemas.microsoft.com/win/2004/08/events/event"},"Event":{"System":{"Provider_attributes":{"Name":"Service Control Manager","Guid":"{555908d1-a6d7-4695-8e1e-26931d2012f4}","EventSourceName":"Service Control Manager"},"EventID_attributes":{"Qualifiers":16384},"EventID":7036,"Version":0,"Level":4,"Task":0,"Opcode":0,"Keywords":"0x8080000000000000","TimeCreated_attributes":{"SystemTime":"2013-10-23T19:23:07.234375Z"},"EventRecordID":1772,"Correlation":null,"Execution_attributes":{"ProcessID":524,"ThreadID":628},"Channel":"System","Computer":"IE8Win7","Security":null},"EventData":{"param1":"Multimedia Class Scheduler","param2":"running","Binary":"4D004D004300530053002F0034000000"}}}
{"Event_attributes":{"xmlns":"http://schemas.microsoft.com/win/2004/08/events/event"},"Event":{"System":{"Provider_attributes":{"Name":"Service Control Manager","Guid":"{555908d1-a6d7-4695-8e1e-26931d2012f4}","EventSourceName":"Service Control Manager"},"EventID_attributes":{"Qualifiers":16384},"EventID":7036,"Version":0,"Level":4,"Task":0,"Opcode":0,"Keywords":"0x8080000000000000","TimeCreated_attributes":{"SystemTime":"2013-10-23T19:23:07.500000Z"},"EventRecordID":1773,"Correlation":null,"Execution_attributes":{"ProcessID":524,"ThreadID":628},"Channel":"System","Computer":"IE8Win7","Security":null},"EventData":{"param1":"Windows Audio Endpoint Builder","param2":"running","Binary":"41007500640069006F0045006E00640070006F0069006E0074004200750069006C006400650072002F0034000000"}}}
{"Event_attributes":{"xmlns":"http://schemas.microsoft.com/win/2004/08/events/event"},"Event":{"System":{"Provider_attributes":{"Name":"Service Control Manager","Guid":"{555908d1-a6d7-4695-8e1e-26931d2012f4}","EventSourceName":"Service Control Manager"},"EventID_attributes":{"Qualifiers":16384},"EventID":7036,"Version":0,"Level":4,"Task":0,"Opcode":0,"Keywords":"0x8080000000000000","TimeCreated_attributes":{"SystemTime":"2013-10-23T19:23:07.546875Z"},"EventRecordID":1774,"Correlation":null,"Execution_attributes":{"ProcessID":524,"ThreadID":632},"Channel":"System","Computer":"IE8Win7","Security":null},"EventData":{"param1":"Windows Audio","param2":"running","Binary":"41007500640069006F007300720076002F0034000000"}}}
{"Event_attributes":{"xmlns":"http://schemas.microsoft.com/win/2004/08/events/event"},"Event":{"System":{"Provider_attributes":{"Name":"Service Control Manager","Guid":"{555908d1-a6d7-4695-8e1e-26931d2012f4}","EventSourceName":"Service Control Manager"},"EventID_attributes":{"Qualifiers":16384},"EventID":7036,"Version":0,"Level":4,"Task":0,"Opcode":0,"Keywords":"0x8080000000000000","TimeCreated_attributes":{"SystemTime":"2013-10-23T19:23:08.343750Z"},"EventRecordID":1775,"Correlation":null,"Execution_attributes":{"ProcessID":524,"ThreadID":632},"Channel":"System","Computer":"IE8Win7","Security":null},"EventData":{"param1":"Themes","param2":"running","Binary":"5400680065006D00650073002F0034000000"}}}
{"Event_attributes":{"xmlns":"http://schemas.microsoft.com/win/2004/08/events/event"},"Event":{"System":{"Provider_attributes":{"Name":"Service Control Manager","Guid":"{555908d1-a6d7-4695-8e1e-26931d2012f4}","EventSourceName":"Service Control Manager"},"EventID_attributes":{"Qualifiers":16384},"EventID":7036,"Version":0,"Level":4,"Task":0,"Opcode":0,"Keywords":"0x8080000000000000","TimeCreated_attributes":{"SystemTime":"2013-10-23T19:23:08.421875Z"},"EventRecordID":1776,"Correlation":null,"Execution_attributes":{"ProcessID":524,"ThreadID":632},"Channel":"System","Computer":"IE8Win7","Security":null},"EventData":{"param1":"Group Policy Client","param2":"running","Binary":"670070007300760063002F0034000000"}}}
{"Event_attributes":{"xmlns":"http://schemas.microsoft.com/win/2004/08/events/event"},"Event":{"System":{"Provider_attributes":{"Name":"Service Control Manager","Guid":"{555908d1-a6d7-4695-8e1e-26931d2012f4}","EventSourceName":"Service Control Manager"},"EventID_attributes":{"Qualifiers":16384},"EventID":7036,"Version":0,"Level":4,"Task":0,"Opcode":0,"Keywords":"0x8080000000000000","TimeCreated_attributes":{"SystemTime":"2013-10-23T19:23:08.421875Z"},"EventRecordID":1777,"Correlation":null,"Execution_attributes":{"ProcessID":524,"ThreadID":592},"Channel":"System","Computer":"IE8Win7","Security":null},"EventData":{"param1":"User Profile Service","param2":"running","Binary":"500072006F0066005300760063002F0034000000"}}}
{"Event_attributes":{"xmlns":"http://schemas.microsoft.com/win/2004/08/events/event"},"Event":{"System":{"Provider_attributes":{"Name":"Service Control Manager","Guid":"{555908d1-a6d7-4695-8e1e-26931d2012f4}","EventSourceName":"Service Control Manager"},"EventID_attributes":{"Qualifiers":16384},"EventID":7036,"Version":0,"Level":4,"Task":0,"Opcode":0,"Keywords":"0x8080000000000000","TimeCreated_attributes":{"SystemTime":"2013-10-23T19:23:08.421875Z"},"EventRecordID":1778,"Correlation":null,"Execution_attributes":{"ProcessID":524,"ThreadID":592},"Channel":"System","Computer":"IE8Win7","Security":null},"EventData":{"param1":"Offline Files","param2":"running","Binary":"43007300630053006500720076006900630065002F0034000000"}}}
{"Event_attributes":{"xmlns":"http://schemas.microsoft.com/win/2004/08/events/event"},"Event":{"System":{"Provider_attributes":{"Name":"Service Control Manager","Guid":"{555908d1-a6d7-4695-8e1e-26931d2012f4}","EventSourceName":"Service Control Manager"},"EventID_attributes":{"Qualifiers":16384},"EventID":7036,"Version":0,"Level":4,"Task":0,"Opcode":0,"Keywords":"0x8080000000000000","TimeCreated_attributes":{"SystemTime":"2013-10-23T19:23:08.500000Z"},"EventRecordID":1779,"Correlation":null,"Execution_attributes":{"ProcessID":524,"ThreadID":592},"Channel":"System","Computer":"IE8Win7","Security":null},"EventData":{"param1":"COM+ Event System","param2":"running","Binary":"4500760065006E007400530079007300740065006D002F0034000000"}}}
{"Event_attributes":{"xmlns":"http://schemas.microsoft.com/win/2004/08/events/event"},"Event":{"System":{"Provider_attributes":{"Name":"Service Control Manager","Guid":"{555908d1-a6d7-4695-8e1e-26931d2012f4}","EventSourceName":"Service Control Manager"},"EventID_attributes":{"Qualifiers":16384},"EventID":7036,"Version":0,"Level":4,"Task":0,"Opcode":0,"Keywords":"0x8080000000000000","TimeCreated_attributes":{"SystemTime":"2013-10-23T19:23:08.500000Z"},"EventRecordID":1780,"Correlation":null,"Execution_attributes":{"ProcessID":524,"ThreadID":592},"Channel":"System","Computer":"IE8Win7","Security":null},"EventData":{"param1":"System Event Notification Service","param2":"running","Binary":"530045004E0053002F0034000000"}}}
{"Event_attributes":{"xmlns":"http://schemas.microsoft.com/win/2004/08/events/event"},"Event":{"System":{"Provider_attributes":{"Name":"Service Control Manager","Guid":"{555908d1-a6d7-4695-8e1e-26931d2012f4}","EventSourceName":"Service Control Manager"},"EventID_attributes":{"Qualifiers":16384},"EventID":7036,"Version":0,"Level":4,"Task":0,"Opcode":0,"Keywords":"0x8080000000000000","TimeCreated_attributes":{"SystemTime":"2013-10-23T19:23:14.234375Z"},"EventRecordID":1781,"Correlation":null,"Execution_attributes":{"ProcessID":524,"ThreadID":592},"Channel":"System","Computer":"IE8Win7","Security":null},"EventData":{"param1":"Windows Modules Installer","param2":"running","Binary":"540072007500730074006500640049006E007300740061006C006C00650072002F0034000000"}}}
{"Event_attributes":{"xmlns":"http://schemas.microsoft.com/win/2004/08/events/event"},"Event":{"System":{"Provider_attributes":{"Name":"Service Control Manager","Guid":"{555908d1-a6d7-4695-8e1e-26931d2012f4}","EventSourceName":"Service Control Manager"},"EventID_attributes":{"Qualifiers":16384},"EventID":7036,"Version":0,"Level":4,"Task":0,"Opcode":0,"Keywords":"0x8080000000000000","TimeCreated_attributes":{"SystemTime":"2013-10-23T19:23:14.296875Z"},"EventRecordID":1782,"Correlation":null,"Execution_attributes":{"ProcessID":524,"ThreadID":592},"Channel":"System","Computer":"IE8Win7","Security":null},"EventData":{"param1":"Desktop Window Manager Session Manager","param2":"running","Binary":"5500780053006D0073002F0034000000"}}}
{"Event_attributes":{"xmlns":"http://schemas.microsoft.com/win/2004/08/events/event"},"Event":{"System":{"Provider_attributes":{"Name":"Service Control Manager","Guid":"{555908d1-a6d7-4695-8e1e-26931d2012f4}","EventSourceName":"Service Control Manager"},"EventID_attributes":{"Qualifiers":16384},"EventID":7036,"Version":0,"Level":4,"Task":0,"Opcode":0,"Keywords":"0x8080000000000000","TimeCreated_attributes":{"SystemTime":"2013-10-23T19:23:14.296875Z"},"EventRecordID":1783,"Correlation":null,"Execution_attributes":{"ProcessID":524,"ThreadID":592},"Channel":"System","Computer":"IE8Win7","Security":null},"EventData":{"param1":"Security Accounts Manager","param2":"running","Binary":"530061006D00530073002F0034000000"}}}
{"Event_attributes":{"xmlns":"http://schemas.microsoft.com/win/2004/08/events/event"},"Event":{"System":{"Provider_attributes":{"Name":"Service Control Manager","Guid":"{555908d1-a6d7-4695-8e1e-26931d2012f4}","EventSourceName":"Service Control Manager"},"EventID_attributes":{"Qualifiers":16384},"EventID":7036,"Version":0,"Level":4,"Task":0,"Opcode":0,"Keywords":"0x8080000000000000","TimeCreated_attributes":{"SystemTime":"2013-10-23T19:23:14.500000Z"},"EventRecordID":1784,"Correlation":null,"Execution_attributes":{"ProcessID":524,"ThreadID":592},"Channel":"System","Computer":"IE8Win7","Security":null},"EventData":{"param1":"Network Store Interface Service","param2":"running","Binary":"6E00730069002F0034000000"}}}
{"Event_attributes":{"xmlns":"http://schemas.microsoft.com/win/2004/08/events/event"},"Event":{"System":{"Provider_attributes":{"Name":"Service Control Manager","Guid":"{555908d1-a6d7-4695-8e1e-26931d2012f4}","EventSourceName":"Service Control Manager"},"EventID_attributes":{"Qualifiers":16384},"EventID":7036,"Version":0,"Level":4,"Task":0,"Opcode":0,"Keywords":"0x8080000000000000","TimeCreated_attributes":{"SystemTime":"2013-10-23T19:23:14.718750Z"},"EventRecordID":1785,"Correlation":null,"Execution_attributes":{"ProcessID":524,"ThreadID":592},"Channel":"System","Computer":"IE8Win7","Security":null},"EventData":{"param1":"TCP/IP NetBIOS Helper","param2":"running","Binary":"6C006D0068006F007300740073002F0034000000"}}}
{"Event_attributes":{"xmlns":"http://schemas.microsoft.com/win/2004/08/events/event"},"Event":{"System":{"Provider_attributes":{"Name":"Microsoft-Windows-Dhcp-Client","Guid":"15A7A4F8-0072-4EAB-ABAD-F98A4D666AED"},"EventID":50036,"Version":0,"Level":4,"Task":4,"Opcode":68,"Keywords":"0x2000000000000000","TimeCreated_attributes":{"SystemTime":"2013-10-23T19:23:14.734375Z"},"EventRecordID":1786,"Correlation":null,"Execution_attributes":{"ProcessID":760,"ThreadID":1136},"Channel":"System","Computer":"IE8Win7","Security_attributes":{"UserID":"S-1-5-19"}},"EventData":null}}
{"Event_attributes":{"xmlns":"http://schemas.microsoft.com/win/2004/08/events/event"},"Event":{"System":{"Provider_attributes":{"Name":"Microsoft-Windows-DHCPv6-Client","Guid":"6A1F2B00-6A90-4C38-95A5-5CAB3B056778"},"EventID":51046,"Version":0,"Level":4,"Task":4,"Opcode":62,"Keywords":"0x2000000000000000","TimeCreated_attributes":{"SystemTime":"2013-10-23T19:23:14.875000Z"},"EventRecordID":1787,"Correlation":null,"Execution_attributes":{"ProcessID":760,"ThreadID":1176},"Channel":"System","Computer":"IE8Win7","Security_attributes":{"UserID":"S-1-5-19"}},"EventData":null}}
{"Event_attributes":{"xmlns":"http://schemas.microsoft.com/win/2004/08/events/event"},"Event":{"System":{"Provider_attributes":{"Name":"Service Control Manager","Guid":"{555908d1-a6d7-4695-8e1e-26931d2012f4}","EventSourceName":"Service Control Manager"},"EventID_attributes":{"Qualifiers":16384},"EventID":7036,"Version":0,"Level":4,"Task":0,"Opcode":0,"Keywords":"0x8080000000000000","TimeCreated_attributes":{"SystemTime":"2013-10-23T19:23:14.875000Z"},"EventRecordID":1788,"Correlation":null,"Execution_attributes":{"ProcessID":524,"ThreadID":628},"Channel":"System","Computer":"IE8Win7","Security":null},"EventData":{"param1":"DHCP Client","param2":"running","Binary":"44006800630070002F0034000000"}}}
{"Event_attributes":{"xmlns":"http://schemas.microsoft.com/win/2004/08/events/event"},"Event":{"System":{"Provider_attributes":{"Name":"Service Control Manager","Guid":"{555908d1-a6d7-4695-8e1e-26931d2012f4}","EventSourceName":"Service Control Manager"},"EventID_attributes":{"Qualifiers":16384},"EventID":7036,"Version":0,"Level":4,"Task":0,"Opcode":0,"Keywords":"0x8080000000000000","TimeCreated_attributes":{"SystemTime":"2013-10-23T19:23:14.875000Z"},"EventRecordID":1789,"Correlation":null,"Execution_attributes":{"ProcessID":524,"ThreadID":628},"Channel":"System","Computer":"IE8Win7","Security":null},"EventData":{"param1":"DNS Client","param2":"running","Binary":"44006E007300630061006300680065002F0034000000"}}}
{"Event_attributes":{"xmlns":"http://schemas.microsoft.com/win/2004/08/events/event"},"Event":{"System":{"Provider_attributes":{"Name":"Service Control Manager","Guid":"{555908d1-a6d7-4695-8e1e-26931d2012f4}","EventSourceName":"Service Control Manager"},"EventID_attributes":{"Qualifiers":16384},"EventID":7036,"Version":0,"Level":4,"Task":0,"Opcode":0,"Keywords":"0x8080000000000000","TimeCreated_attributes":{"SystemTime":"2013-10-23T19:23:14.984375Z"},"EventRecordID":1790,"Correlation":null,"Execution_attributes":{"ProcessID":524,"ThreadID":628},"Channel":"System","Computer":"IE8Win7","Security":null},"EventData":{"param1":"Shell Hardware Detection","param2":"running","Binary":"5300680065006C006C004800570044006500740065006300740069006F006E002F0034000000"}}}
{"Event_attributes":{"xmlns":"http://schemas.microsoft.com/win/2004/08/events/event"},"Event":{"System":{"Provider_attributes":{"Name":"Service Control Manager","Guid":"{555908d1-a6d7-4695-8e1e-26931d2012f4}","EventSourceName":"Service Control Manager"},"EventID_attributes":{"Qualifiers":16384},"EventID":7036,"Version":0,"Level":4,"Task":0,"Opcode":0,"Keywords":"0x8080000000000000","TimeCreated_attributes":{"SystemTime":"2013-10-23T19:23:15.734375Z"},"EventRecordID":1791,"Correlation":null,"Execution_attributes":{"ProcessID":524,"ThreadID":592},"Channel":"System","Computer":"IE8Win7","Security":null},"EventData":{"param1":"Task Scheduler","param2":"running","Binary":"5300630068006500640075006C0065002F0034000000"}}}
{"Event_attributes":{"xmlns":"http://schemas.microsoft.com/win/2004/08/events/event"},"Event":{"System":{"Provider_attributes":{"Name":"Service Control Manager","Guid":"{555908d1-a6d7-4695-8e1e-26931d2012f4}","EventSourceName":"Service Control Manager"},"EventID_attributes":{"Qualifiers":16384},"EventID":7036,"Version":0,"Level":4,"Task":0,"Opcode":0,"Keywords":"0x8080000000000000","TimeCreated_attributes":{"SystemTime":"2013-10-23T19:23:16.140625Z"},"EventRecordID":1792,"Correlation":null,"Execution_attributes":{"ProcessID":524,"ThreadID":592},"Channel":"System","Computer":"IE8Win7","Security":null},"EventData":{"param1":"Print Spooler","param2":"running","Binary":"530070006F006F006C00650072002F0034000000"}}}
{"Event_attributes":{"xmlns":"http://schemas.microsoft.com/win/2004/08/events/event"},"Event":{"System":{"Provider_attributes":{"Name":"Service Control Manager","Guid":"{555908d1-a6d7-4695-8e1e-26931d2012f4}","EventSourceName":"Service Control Manager"},"EventID_attributes":{"Qualifiers":16384},"EventID":7036,"Version":0,"Level":4,"Task":0,"Opcode":0,"Keywords":"0x8080000000000000","TimeCreated_attributes":{"SystemTime":"2013-10-23T19:23:16.656250Z"},"EventRecordID":1793,"Correlation":null,"Execution_attributes":{"ProcessID":524,"ThreadID":592},"Channel":"System","Computer":"IE8Win7","Security":null},"EventData":{"param1":"Base Filtering Engine","param2":"running","Binary":"4200460045002F0034000000"}}}
{"Event_attributes":{"xmlns":"http://schemas.microsoft.com/win/2004/08/events/event"},"Event":{"System":{"Provider_attributes":{"Name":"Service Control Manager","Guid":"{555908d1-a6d7-4695-8e1e-26931d2012f4}","EventSourceName":"Service Control Manager"},"EventID_attributes":{"Qualifiers":16384},"EventID":7036,"Version":0,"Level":4,"Task":0,"Opcode":0,"Keywords":"0x8080000000000000","TimeCreated_attributes":{"SystemTime":"2013-10-23T19:23:17.125000Z"},"EventRecordID":1794,"Correlation":null,"Execution_attributes":{"ProcessID":524,"ThreadID":592},"Channel":"System","Computer":"IE8Win7","Security":null},"EventData":{"param1":"Windows Firewall","param2":"running","Binary":"4D00700073005300760063002F0034000000"}}}
{"Event_attributes":{"xmlns":"http://schemas.microsoft.com/win/2004/08/events/event"},"Event":{"System":{"Provider_attributes":{"Name":"Service Control Manager","Guid":"{555908d1-a6d7-4695-8e1e-26931d2012f4}","EventSourceName":"Service Control Manager"},"EventID_attributes":{"Qualifiers":16384},"EventID":7036,"Version":0,"Level":4,"Task":0,"Opcode":0,"Keywords":"0x8080000000000000","TimeCreated_attributes":{"SystemTime":"2013-10-23T19:23:17.265625Z"},"EventRecordID":1795,"Correlation":null,"Execution_attributes":{"ProcessID":524,"ThreadID":604},"Channel":"System","Computer":"IE8Win7","Security":null},"EventData":{"param1":"Workstation","param2":"running","Binary":"4C0061006E006D0061006E0057006F0072006B00730074006100740069006F006E002F0034000000"}}}
{"Event_attributes":{"xmlns":"http://schemas.microsoft.com/win/2004/08/events/event"},"Event":{"System":{"Provider_attributes":{"Name":"Service Control Manager","Guid":"{555908d1-a6d7-4695-8e1e-26931d2012f4}","EventSourceName":"Service Control Manager"},"EventID_attributes":{"Qualifiers":16384},"EventID":7036,"Version":0,"Level":4,"Task":0,"Opcode":0,"Keywords":"0x8080000000000000","TimeCreated_attributes":{"SystemTime":"2013-10-23T19:23:17.890625Z"},"EventRecordID":1796,"Correlation":null,"Execution_attributes":{"ProcessID":524,"ThreadID":604},"Channel":"System","Computer":"IE8Win7","Security":null},"EventData":{"param1":"Hyper-V Heartbeat Service","param2":"running","Binary":"76006D00690063006800650061007200740062006500610074002F0034000000"}}}
{"Event_attributes":{"xmlns":"http://schemas.microsoft.com/win/2004/08/events/event"},"Event":{"System":{"Provider_attributes":{"Name":"Service Control Manager","Guid":"{555908d1-a6d7-4695-8e1e-26931d2012f4}","EventSourceName":"Service Control Manager"},"EventID_attributes":{"Qualifiers":16384},"EventID":7036,"Version":0,"Level":4,"Task":0,"Opcode":0,"Keywords":"0x8080000000000000","TimeCreated_attributes":{"SystemTime":"2013-10-23T19:23:17.906250Z"},"EventRecordID":1797,"Correlation":null,"Execution_attributes":{"ProcessID":524,"ThreadID":592},"Channel":"System","Computer":"IE8Win7","Security":null},"EventData":{"param1":"Hyper-V Data Exchange Service","param2":"running","Binary":"76006D00690063006B0076007000650078006300680061006E00670065002F0034000000"}}}
{"Event_attributes":{"xmlns":"http://schemas.microsoft.com/win/2004/08/events/event"},"Event":{"System":{"Provider_attributes":{"Name":"Service Control Manager","Guid":"{555908d1-a6d7-4695-8e1e-26931d2012f4}","EventSourceName":"Service Control Manager"},"EventID_attributes":{"Qualifiers":16384},"EventID":7036,"Version":0,"Level":4,"Task":0,"Opcode":0,"Keywords":"0x8080000000000000","TimeCreated_attributes":{"SystemTime":"2013-10-23T19:23:18.015625Z"},"EventRecordID":1798,"Correlation":null,"Execution_attributes":{"ProcessID":524,"ThreadID":592},"Channel":"System","Computer":"IE8Win7","Security":null},"EventData":{"param1":"Hyper-V Guest Shutdown Service","param2":"running","Binary":"76006D0069006300730068007500740064006F0077006E002F0034000000"}}}
