{"Event_attributes":{"xmlns":"http://schemas.microsoft.com/win/2004/08/events/event"},"Event":{"System":{"Provider_attributes":{"Name":"Service Control Manager","Guid":"{555908d1-a6d7-4695-8e1e-26931d2012f4}","EventSourceName":"Service Control Manager"},"EventID_attributes":{"Qualifiers":16384},"EventID":7036,"Version":0,"Level":4,"Task":0,"Opcode":0,"Keywords":"0x8080000000000000","TimeCreated_attributes":{"SystemTime":"2009-07-14T04:56:45.074339Z"},"EventRecordID":1,"Correlation":null,"Execution_attributes":{"ProcessID":488,"ThreadID":592},"Channel":"System","Computer":"37L4247D28-05","Security":null},"EventData":{"param1":"Microsoft Software Shadow Copy Provider","param2":"stopped","Binary":"730077007000720076002F0031000000"}}}
{"Event_attributes":{"xmlns":"http://schemas.microsoft.com/win/2004/08/events/event"},"Event":{"System":{"Provider_attributes":{"Name":"EventLog"},"EventID_attributes":{"Qualifiers":32768},"EventID":6011,"Level":4,"Task":0,"Keywords":"0x80000000000000","TimeCreated_attributes":{"SystemTime":"2013-10-23T16:16:27.000000Z"},"EventRecordID":2,"Channel":"System","Computer":"37L4247D28-05","Security":null},"EventData":{"Data":{"#text":["37L4247D28-05","WIN-QALA5Q3KJ43"]},"Binary":null}}}
{"Event_attributes":{"xmlns":"http://schemas.microsoft.com/win/2004/08/events/event"},"Event":{"System":{"Provider_attributes":{"Name":"EventLog"},"EventID_attributes":{"Qualifiers":32768},"EventID":6009,"Level":4,"Task":0,"Keywords":"0x80000000000000","TimeCreated_attributes":{"SystemTime":"2013-10-23T16:16:27.000000Z"},"EventRecordID":3,"Channel":"System","Computer":"37L4247D28-05","Security":null},"EventData":{"Data":{"#text":["6.01.","7600","","Multiprocessor Free","16385"]},"Binary":null}}}
{"Event_attributes":{"xmlns":"http://schemas.microsoft.com/win/2004/08/events/event"},"Event":{"System":{"Provider_attributes":{"Name":"EventLog"},"EventID_attributes":{"Qualifiers":32768},"EventID":6005,"Level":4,"Task":0,"Keywords":"0x80000000000000","TimeCreated_attributes":{"SystemTime":"2013-10-23T16:16:27.000000Z"},"EventRecordID":4,"Channel":"System","Computer":"37L4247D28-05","Security":null},"EventData":{"Data":{"#text":""},"Binary":"DD070A0003001700100010001B00D8030000000000000000"}}}
{"Event_attributes":{"xmlns":"http://schemas.microsoft.com/win/2004/08/events/event"},"Event":{"System":{"Provider_attributes":{"Name":"Service Control Manager","Guid":"{555908d1-a6d7-4695-8e1e-26931d2012f4}","EventSourceName":"Service Control Manager"},"EventID_attributes":{"Qualifiers":16384},"EventID":7036,"Version":0,"Level":4,"Task":0,"Opcode":0,"Keywords":"0x8080000000000000","TimeCreated_attributes":{"SystemTime":"2009-07-14T04:56:45.074339Z"},"EventRecordID":5,"Correlation":null,"Execution_attributes":{"ProcessID":488,"ThreadID":592},"Channel":"System","Computer":"37L4247D28-05","Security":null},"EventData":{"param1":"Diagnostic Policy Service","param2":"stopped","Binary":"4400500053002F0031000000"}}}
{"Event_attributes":{"xmlns":"http://schemas.microsoft.com/win/2004/08/events/event"},"Event":{"System":{"Provider_attributes":{"Name":"Service Control Manager","Guid":"{555908d1-a6d7-4695-8e1e-26931d2012f4}","EventSourceName":"Service Control Manager"},"EventID_attributes":{"Qualifiers":16384},"EventID":7036,"Version":0,"Level":4,"Task":0,"Opcode":0,"Keywords":"0x8080000000000000","TimeCreated_attributes":{"SystemTime":"2009-07-14T04:56:45.074339Z"},"EventRecordID":6,"Correlation":null,"Execution_attributes":{"ProcessID":488,"ThreadID":3012},"Channel":"System","Computer":"37L4247D28-05","Security":null},"EventData":{"param1":"Desktop Window Manager Session Manager","param2":"stopped","Binary":"5500780053006D0073002F0031000000"}}}
{"Event_attributes":{"xmlns":"http://schemas.microsoft.com/win/2004/08/events/event"},"Event":{"System":{"Provider_attributes":{"Name":"Service Control Manager","Guid":"{555908d1-a6d7-4695-8e1e-26931d2012f4}","EventSourceName":"Service Control Manager"},"EventID_attributes":{"Qualifiers":16384},"EventID":7036,"Version":0,"Level":4,"Task":0,"Opcode":0,"Keywords":"0x8080000000000000","TimeCreated_attributes":{"SystemTime":"2009-07-14T04:56:45.074339Z"},"EventRecordID":7,"Correlation":null,"Execution_attributes":{"ProcessID":488,"ThreadID":3012},"Channel":"System","Computer":"37L4247D28-05","Security":null},"EventData":{"param1":"Security Center","param2":"stopped","Binary":"7700730063007300760063002F0031000000"}}}
{"Event_attributes":{"xmlns":"http://schemas.microsoft.com/win/2004/08/events/event"},"Event":{"System":{"Provider_attributes":{"Name":"Service Control Manager","Guid":"{555908d1-a6d7-4695-8e1e-26931d2012f4}","EventSourceName":"Service Control Manager"},"EventID_attributes":{"Qualifiers":16384},"EventID":7036,"Version":0,"Level":4,"Task":0,"Opcode":0,"Keywords":"0x8080000000000000","TimeCreated_attributes":{"SystemTime":"2009-07-14T04:56:45.074339Z"},"EventRecordID":8,"Correlation":null,"Execution_attributes":{"ProcessID":488,"ThreadID":3012},"Channel":"System","Computer":"37L4247D28-05","Security":null},"EventData":{"param1":"Distributed Link Tracking Client","param2":"stopped","Binary":"540072006B0057006B0073002F0031000000"}}}
{"Event_attributes":{"xmlns":"http://schemas.microsoft.com/win/2004/08/events/event"},"Event":{"System":{"Provider_attributes":{"Name":"Service Control Manager","Guid":"{555908d1-a6d7-4695-8e1e-26931d2012f4}","EventSourceName":"Service Control Manager"},"EventID_attributes":{"Qualifiers":16384},"EventID":7036,"Version":0,"Level":4,"Task":0,"Opcode":0,"Keywords":"0x8080000000000000","TimeCreated_attributes":{"SystemTime":"2009-07-14T04:56:45.074339Z"},"EventRecordID":9,"Correlation":null,"Execution_attributes":{"ProcessID":488,"ThreadID":3012},"Channel":"System","Computer":"37L4247D28-05","Security":null},"EventData":{"param1":"Windows Management Instrumentation","param2":"stopped","Binary":"570069006E006D0067006D0074002F0031000000"}}}
{"Event_attributes":{"xmlns":"http://schemas.microsoft.com/win/2004/08/events/event"},"Event":{"System":{"Provider_attributes":{"Name":"Service Control Manager","Guid":"{555908d1-a6d7-4695-8e1e-26931d2012f4}","EventSourceName":"Service Control Manager"},"EventID_attributes":{"Qualifiers":16384},"EventID":7036,"Version":0,"Level":4,"Task":0,"Opcode":0,"Keywords":"0x8080000000000000","TimeCreated_attributes":{"SystemTime":"2009-07-14T04:56:45.074339Z"},"EventRecordID":10,"Correlation":null,"Execution_attributes":{"ProcessID":488,"ThreadID":3012},"Channel":"System","Computer":"37L4247D28-05","Security":null},"EventData":{"param1":"Windows Event Log","param2":"stopped","Binary":"6500760065006E0074006C006F0067002F0031000000"}}}
{"Event_attributes":{"xmlns":"http://schemas.microsoft.com/win/2004/08/events/event"},"Event":{"System":{"Provider_attributes":{"Name":"Service Control Manager","Guid":"{555908d1-a6d7-4695-8e1e-26931d2012f4}","EventSourceName":"Service Control Manager"},"EventID_attributes":{"Qualifiers":16384},"EventID":7036,"Version":0,"Level":4,"Task":0,"Opcode":0,"Keywords":"0x8080000000000000","TimeCreated_attributes":{"SystemTime":"2009-07-14T04:56:45.089939Z"},"EventRecordID":11,"Correlation":null,"Execution_attributes":{"ProcessID":488,"ThreadID":3012},"Channel":"System","Computer":"37L4247D28-05","Security":null},"EventData":{"param1":"Windows Defender","param2":"stopped","Binary":"570069006E0044006500660065006E0064002F0031000000"}}}
{"Event_attributes":{"xmlns":"http://schemas.microsoft.com/win/2004/08/events/event"},"Event":{"System":{"Provider_attributes":{"Name":"Service Control Manager","Guid":"{555908d1-a6d7-4695-8e1e-26931d2012f4}","EventSourceName":"Service Control Manager"},"EventID_attributes":{"Qualifiers":16384},"EventID":7036,"Version":0,"Level":4,"Task":0,"Opcode":0,"Keywords":"0x8080000000000000","TimeCreated_attributes":{"SystemTime":"2009-07-14T04:56:45.089939Z"},"EventRecordID":12,"Correlation":null,"Execution_attributes":{"ProcessID":488,"ThreadID":3012},"Channel":"System","Computer":"37L4247D28-05","Security":null},"EventData":{"param1":"Diagnostic Service Host","param2":"stopped","Binary":"570064006900530065007200760069006300650048006F00730074002F0031000000"}}}
{"Event_attributes":{"xmlns":"http://schemas.microsoft.com/win/2004/08/events/event"},"Event":{"System":{"Provider_attributes":{"Name":"Service Control Manager","Guid":"{555908d1-a6d7-4695-8e1e-26931d2012f4}","EventSourceName":"Service Control Manager"},"EventID_attributes":{"Qualifiers":16384},"EventID":7036,"Version":0,"Level":4,"Task":0,"Opcode":0,"Keywords":"0x8080000000000000","TimeCreated_attributes":{"SystemTime":"2009-07-14T04:56:45.183539Z"},"EventRecordID":13,"Correlation":null,"Execution_attributes":{"ProcessID":488,"ThreadID":3012},"Channel":"System","Computer":"37L4247D28-05","Security":null},"EventData":{"param1":"Volume Shadow Copy","param2":"stopped","Binary":"5600530053002F0031000000"}}}
{"Event_attributes":{"xmlns":"http://schemas.microsoft.com/win/2004/08/events/event"},"Event":{"System":{"Provider_attributes":{"Name":"Service Control Manager","Guid":"{555908d1-a6d7-4695-8e1e-26931d2012f4}","EventSourceName":"Service Control Manager"},"EventID_attributes":{"Qualifiers":16384},"EventID":7036,"Version":0,"Level":4,"Task":0,"Opcode":0,"Keywords":"0x8080000000000000","TimeCreated_attributes":{"SystemTime":"2009-07-14T04:56:45.308339Z"},"EventRecordID":14,"Correlation":null,"Execution_attributes":{"ProcessID":488,"ThreadID":3012},"Channel":"System","Computer":"37L4247D28-05","Security":null},"EventData":{"param1":"Software Protection","param2":"stopped","Binary":"7300700070007300760063002F0031000000"}}}
{"Event_attributes":{"xmlns":"http://schemas.microsoft.com/win/2004/08/events/event"},"Event":{"System":{"Provider_attributes":{"Name":"Service Control Manager","Guid":"{555908d1-a6d7-4695-8e1e-26931d2012f4}","EventSourceName":"Service Control Manager"},"EventID_attributes":{"Qualifiers":16384},"EventID":7036,"Version":0,"Level":4,"Task":0,"Opcode":0,"Keywords":"0x8080000000000000","TimeCreated_attributes":{"SystemTime":"2009-07-14T04:56:45.479939Z"},"EventRecordID":15,"Correlation":null,"Execution_attributes":{"ProcessID":488,"ThreadID":592},"Channel":"System","Computer":"37L4247D28-05","Security":null},"EventData":{"param1":"Windows Modules Installer","param2":"stopped","Binary":"540072007500730074006500640049006E007300740061006C006C00650072002F0031000000"}}}
{"Event_attributes":{"xmlns":"http://schemas.microsoft.com/win/2004/08/events/event"},"Event":{"System":{"Provider_attributes":{"Name":"Service Control Manager","Guid":"{555908d1-a6d7-4695-8e1e-26931d2012f4}","EventSourceName":"Service Control Manager"},"EventID_attributes":{"Qualifiers":16384},"EventID":7036,"Version":0,"Level":4,"Task":0,"Opcode":0,"Keywords":"0x8080000000000000","TimeCreated_attributes":{"SystemTime":"2009-07-14T04:56:45.526739Z"},"EventRecordID":16,"Correlation":null,"Execution_attributes":{"ProcessID":488,"ThreadID":592},"Channel":"System","Computer":"37L4247D28-05","Security":null},"EventData":{"param1":"Cryptographic Services","param2":"stopped","Binary":"430072007900700074005300760063002F0031000000"}}}
{"Event_attributes":{"xmlns":"http://schemas.microsoft.com/win/2004/08/events/event"},"Event":{"System":{"Provider_attributes":{"Name":"Microsoft-Windows-UserPnp","Guid":"96F4A050-7E31-453C-88BE-9634F4E02139"},"EventID":20010,"Version":0,"Level":4,"Task":7010,"Opcode":0,"Keywords":"0x8000000000000000","TimeCreated_attributes":{"SystemTime":"2009-07-14T04:56:45.573539Z"},"EventRecordID":17,"Correlation":null,"Execution_attributes":{"ProcessID":620,"ThreadID":880},"Channel":"System","Computer":"37L4247D28-05","Security_attributes":{"UserID":"S-1-5-18"}},"UserData":{"INFO_PNP_STATE_attributes":{"xmlns:auto-ns2":"http://schemas.microsoft.com/win/2004/08/events","xmlns":"http://manifests.microsoft.com/win/2004/08/windows/userpnp"},"INFO_PNP_STATE":{"InstallSubsystemState":false,"CachingSubsystemState":false}}}}
{"Event_attributes":{"xmlns":"http://schemas.microsoft.com/win/2004/08/events/event"},"Event":{"System":{"Provider_attributes":{"Name":"Service Control Manager","Guid":"{555908d1-a6d7-4695-8e1e-26931d2012f4}","EventSourceName":"Service Control Manager"},"EventID_attributes":{"Qualifiers":16384},"EventID":7036,"Version":0,"Level":4,"Task":0,"Opcode":0,"Keywords":"0x8080000000000000","TimeCreated_attributes":{"SystemTime":"2009-07-14T04:56:45.573539Z"},"EventRecordID":18,"Correlation":null,"Execution_attributes":{"ProcessID":488,"ThreadID":592},"Channel":"System","Computer":"37L4247D28-05","Security":null},"EventData":{"param1":"Plug and Play","param2":"stopped","Binary":"50006C007500670050006C00610079002F0031000000"}}}
{"Event_attributes":{"xmlns":"http://schemas.microsoft.com/win/2004/08/events/event"},"Event":{"System":{"Provider_attributes":{"Name":"Service Control Manager","Guid":"{555908d1-a6d7-4695-8e1e-26931d2012f4}","EventSourceName":"Service Control Manager"},"EventID_attributes":{"Qualifiers":16384},"EventID":7036,"Version":0,"Level":4,"Task":0,"Opcode":0,"Keywords":"0x8080000000000000","TimeCreated_attributes":{"SystemTime":"2009-07-14T04:56:45.573539Z"},"EventRecordID":19,"Correlation":null,"Execution_attributes":{"ProcessID":488,"ThreadID":592},"Channel":"System","Computer":"37L4247D28-05","Security":null},"EventData":{"param1":"SSDP Discovery","param2":"stopped","Binary":"53005300440050005300520056002F0031000000"}}}
{"Event_attributes":{"xmlns":"http://schemas.microsoft.com/win/2004/08/events/event"},"Event":{"System":{"Provider_attributes":{"Name":"Microsoft-Windows-Winlogon","Guid":"DBE9B383-7CF3-4331-91CC-A3CB16A3B538"},"EventID":7002,"Version":0,"Level":4,"Task":1102,"Opcode":0,"Keywords":"0x2000000000000000","TimeCreated_attributes":{"SystemTime":"2009-07-14T04:56:45.901140Z"},"EventRecordID":20,"Correlation":null,"Execution_attributes":{"ProcessID":436,"ThreadID":348},"Channel":"System","Computer":"37L4247D28-05","Security_attributes":{"UserID":"S-1-5-18"}},"EventData":{"TSId":1,"UserSid":"S-1-5-21-3149542145-3322839065-4058237693-500"}}}
{"Event_attributes":{"xmlns":"http://schemas.microsoft.com/win/2004/08/events/event"},"Event":{"System":{"Provider_attributes":{"Name":"Microsoft-Windows-Kernel-Power","Guid":"331C3B3A-2005-44C2-AC5E-77220C37D6B4"},"EventID":109,"Version":0,"Level":4,"Task":103,"Opcode":0,"Keywords":"0x8000000000000004","TimeCreated_attributes":{"SystemTime":"2009-07-14T04:56:46.135140Z"},"EventRecordID":21,"Correlation":null,"Execution_attributes":{"ProcessID":384,"ThreadID":388},"Channel":"System","Computer":"37L4247D28-05","Security":null},"EventData":{"ShutdownActionType":5,"ShutdownEventCode":0,"ShutdownReason":0}}}
{"Event_attributes":{"xmlns":"http://schemas.microsoft.com/win/2004/08/events/event"},"Event":{"System":{"Provider_attributes":{"Name":"Microsoft-Windows-Kernel-General","Guid":"A68CA8B7-004F-D7B6-A698-07E2DE0F1F5D"},"EventID":13,"Version":0,"Level":4,"Task":0,"Opcode":0,"Keywords":"0x8000000000000000","TimeCreated_attributes":{"SystemTime":"2009-07-14T04:56:50.674748Z"},"EventRecordID":22,"Correlation":null,"Execution_attributes":{"ProcessID":4,"ThreadID":40},"Channel":"System","Computer":"37L4247D28-05","Security":null},"EventData":{"StopTime":"2009-07-14T04:56:50.674748Z"}}}
{"Event_attributes":{"xmlns":"http://schemas.microsoft.com/win/2004/08/events/event"},"Event":{"System":{"Provider_attributes":{"Name":"Microsoft-Windows-Kernel-General","Guid":"A68CA8B7-004F-D7B6-A698-07E2DE0F1F5D"},"EventID":12,"Version":0,"Level":4,"Task":0,"Opcode":0,"Keywords":"0x8000000000000000","TimeCreated_attributes":{"SystemTime":"2013-10-23T16:15:33.531250Z"},"EventRecordID":23,"Correlation":null,"Execution_attributes":{"ProcessID":4,"ThreadID":8},"Channel":"System","Computer":"37L4247D28-05","Security_attributes":{"UserID":"S-1-5-18"}},"EventData":{"MajorVersion":6,"MinorVersion":1,"BuildVersion":7600,"QfeVersion":16385,"ServiceVersion":0,"BootMode":0,"StartTime":"2013-10-23T15:15:33.468750Z"}}}
{"Event_attributes":{"xmlns":"http://schemas.microsoft.com/win/2004/08/events/event"},"Event":{"System":{"Provider_attributes":{"Name":"Microsoft-Windows-FilterManager","Guid":"F3C5E28E-63F6-49C7-A204-E48A1BC4B09D"},"EventID":6,"Version":0,"Level":4,"Task":0,"Opcode":0,"Keywords":"0x8000000000000000","TimeCreated_attributes":{"SystemTime":"2013-10-23T16:15:36.812500Z"},"EventRecordID":24,"Correlation":null,"Execution_attributes":{"ProcessID":4,"ThreadID":8},"Channel":"System","Computer":"37L4247D28-05","Security_attributes":{"UserID":"S-1-5-18"}},"EventData":{"FinalStatus":"0x0","DeviceVersionMajor":6,"DeviceVersionMinor":1,"DeviceNameLength":8,"DeviceName":"FileInfo","DeviceTime":"2009-07-13T16:21:51.000000Z"}}}
{"Event_attributes":{"xmlns":"http://schemas.microsoft.com/win/2004/08/events/event"},"Event":{"System":{"Provider_attributes":{"Name":"Microsoft-Windows-Kernel-Processor-Power","Guid":"0F67E49F-FE51-4E9F-B490-6F2948CC6027"},"EventID":26,"Version":0,"Level":4,"Task":4,"Opcode":0,"Keywords":"0x8000000000000000","TimeCreated_attributes":{"SystemTime":"2013-10-23T16:15:44.390625Z"},"EventRecordID":25,"Correlation":null,"Execution_attributes":{"ProcessID":4,"ThreadID":52},"Channel":"System","Computer":"37L4247D28-05","Security_attributes":{"UserID":"S-1-5-18"}},"EventData":{"Group":0,"Number":0,"IdleStateCount":1,"PerfStateCount":0,"ThrottleStateCount":0,"ComplexData_attributes":{"Name":"IdleState"},"ComplexData":"01","ComplexData_1_attributes":{"Name":"PerfState"}}}}
{"Event_attributes":{"xmlns":"http://schemas.microsoft.com/win/2004/08/events/event"},"Event":{"System":{"Provider_attributes":{"Name":"Service Control Manager","Guid":"{555908d1-a6d7-4695-8e1e-26931d2012f4}","EventSourceName":"Service Control Manager"},"EventID_attributes":{"Qualifiers":16384},"EventID":7036,"Version":0,"Level":4,"Task":0,"Opcode":0,"Keywords":"0x8080000000000000","TimeCreated_attributes":{"SystemTime":"2013-10-23T16:16:17.453125Z"},"EventRecordID":26,"Correlation":null,"Execution_attributes":{"ProcessID":488,"ThreadID":596},"Channel":"System","Computer":"37L4247D28-05","Security":null},"EventData":{"param1":"Plug and Play","param2":"running","Binary":"50006C007500670050006C00610079002F0034000000"}}}
{"Event_attributes":{"xmlns":"http://schemas.microsoft.com/win/2004/08/events/event"},"Event":{"System":{"Provider_attributes":{"Name":"Microsoft-Windows-UserPnp","Guid":"96F4A050-7E31-453C-88BE-9634F4E02139"},"EventID":20010,"Version":0,"Level":4,"Task":7010,"Opcode":0,"Keywords":"0x8000000000000000","TimeCreated_attributes":{"SystemTime":"2013-10-23T16:16:17.453125Z"},"EventRecordID":27,"Correlation":null,"Execution_attributes":{"ProcessID":616,"ThreadID":632},"Channel":"System","Computer":"37L4247D28-05","Security_attributes":{"UserID":"S-1-5-18"}},"UserData":{"INFO_PNP_STATE_attributes":{"xmlns:auto-ns2":"http://schemas.microsoft.com/win/2004/08/events","xmlns":"http://manifests.microsoft.com/win/2004/08/windows/userpnp"},"INFO_PNP_STATE":{"InstallSubsystemState":true,"CachingSubsystemState":true}}}}
{"Event_attributes":{"xmlns":"http://schemas.microsoft.com/win/2004/08/events/event"},"Event":{"System":{"Provider_attributes":{"Name":"Service Control Manager","Guid":"{555908d1-a6d7-4695-8e1e-26931d2012f4}","EventSourceName":"Service Control Manager"},"EventID_attributes":{"Qualifiers":16384},"EventID":7036,"Version":0,"Level":4,"Task":0,"Opcode":0,"Keywords":"0x8080000000000000","TimeCreated_attributes":{"SystemTime":"2013-10-23T16:16:18.250000Z"},"EventRecordID":28,"Correlation":null,"Execution_attributes":{"ProcessID":488,"ThreadID":596},"Channel":"System","Computer":"37L4247D28-05","Security":null},"EventData":{"param1":"Power","param2":"running","Binary":"50006F007700650072002F0034000000"}}}
{"Event_attributes":{"xmlns":"http://schemas.microsoft.com/win/2004/08/events/event"},"Event":{"System":{"Provider_attributes":{"Name":"Service Control Manager","Guid":"{555908d1-a6d7-4695-8e1e-26931d2012f4}","EventSourceName":"Service Control Manager"},"EventID_attributes":{"Qualifiers":16384},"EventID":7036,"Version":0,"Level":4,"Task":0,"Opcode":0,"Keywords":"0x8080000000000000","TimeCreated_attributes":{"SystemTime":"2013-10-23T16:16:18.406250Z"},"EventRecordID":29,"Correlation":null,"Execution_attributes":{"ProcessID":488,"ThreadID":596},"Channel":"System","Computer":"37L4247D28-05","Security":null},"EventData":{"param1":"DCOM Server Process Launcher","param2":"running","Binary":"440063006F006D004C00610075006E00630068002F0034000000"}}}
{"Event_attributes":{"xmlns":"http://schemas.microsoft.com/win/2004/08/events/event"},"Event":{"System":{"Provider_attributes":{"Name":"Service Control Manager","Guid":"{555908d1-a6d7-4695-8e1e-26931d2012f4}","EventSourceName":"Service Control Manager"},"EventID_attributes":{"Qualifiers":16384},"EventID":7036,"Version":0,"Level":4,"Task":0,"Opcode":0,"Keywords":"0x8080000000000000","TimeCreated_attributes":{"SystemTime":"2013-10-23T16:16:18.531250Z"},"EventRecordID":30,"Correlation":null,"Execution_attributes":{"ProcessID":488,"ThreadID":596},"Channel":"System","Computer":"37L4247D28-05","Security":null},"EventData":{"param1":"RPC Endpoint Mapper","param2":"running","Binary":"5200700063004500700074004D00610070007000650072002F0034000000"}}}
{"Event_attributes":{"xmlns":"http://schemas.microsoft.com/win/2004/08/events/event"},"Event":{"System":{"Provider_attributes":{"Name":"Service Control Manager","Guid":"{555908d1-a6d7-4695-8e1e-26931d2012f4}","EventSourceName":"Service Control Manager"},"EventID_attributes":{"Qualifiers":16384},"EventID":7036,"Version":0,"Level":4,"Task":0,"Opcode":0,"Keywords":"0x8080000000000000","TimeCreated_attributes":{"SystemTime":"2013-10-23T16:16:18.765625Z"},"EventRecordID":31,"Correlation":null,"Execution_attributes":{"ProcessID":488,"ThreadID":596},"Channel":"System","Computer":"37L4247D28-05","Security":null},"EventData":{"param1":"Remote Procedure Call (RPC)","param2":"running","Binary":"520070006300530073002F0034000000"}}}
{"Event_attributes":{"xmlns":"http://schemas.microsoft.com/win/2004/08/events/event"},"Event":{"System":{"Provider_attributes":{"Name":"Service Control Manager","Guid":"{555908d1-a6d7-4695-8e1e-26931d2012f4}","EventSourceName":"Service Control Manager"},"EventID_attributes":{"Qualifiers":16384},"EventID":7040,"Version":0,"Level":4,"Task":0,"Opcode":0,"Keywords":"0x8080000000000000","TimeCreated_attributes":{"SystemTime":"2013-10-23T16:16:25.484375Z"},"EventRecordID":32,"Correlation":null,"Execution_attributes":{"ProcessID":488,"ThreadID":596},"Channel":"System","Computer":"37L4247D28-05","Security_attributes":{"UserID":"S-1-5-18"}},"EventData":{"param1":"msdsm","param2":"boot start","param3":"demand start","param4":"msdsm"}}}
{"Event_attributes":{"xmlns":"http://schemas.microsoft.com/win/2004/08/events/event"},"Event":{"System":{"Provider_attributes":{"Name":"Service Control Manager","Guid":"{555908d1-a6d7-4695-8e1e-26931d2012f4}","EventSourceName":"Service Control Manager"},"EventID_attributes":{"Qualifiers":16384},"EventID":7040,"Version":0,"Level":4,"Task":0,"Opcode":0,"Keywords":"0x8080000000000000","TimeCreated_attributes":{"SystemTime":"2013-10-23T16:16:25.546875Z"},"EventRecordID":33,"Correlation":null,"Execution_attributes":{"ProcessID":488,"ThreadID":596},"Channel":"System","Computer":"37L4247D28-05","Security_attributes":{"UserID":"S-1-5-18"}},"EventData":{"param1":"mpio","param2":"boot start","param3":"demand start","param4":"mpio"}}}
{"Event_attributes":{"xmlns":"http://schemas.microsoft.com/win/2004/08/events/event"},"Event":{"System":{"Provider_attributes":{"Name":"Service Control Manager","Guid":"{555908d1-a6d7-4695-8e1e-26931d2012f4}","EventSourceName":"Service Control Manager"},"EventID_attributes":{"Qualifiers":16384},"EventID":7040,"Version":0,"Level":4,"Task":0,"Opcode":0,"Keywords":"0x8080000000000000","TimeCreated_attributes":{"SystemTime":"2013-10-23T16:16:25.562500Z"},"EventRecordID":34,"Correlation":null,"Execution_attributes":{"ProcessID":488,"ThreadID":596},"Channel":"System","Computer":"37L4247D28-05","Security_attributes":{"UserID":"S-1-5-18"}},"EventData":{"param1":"adpu320","param2":"boot start","param3":"demand start","param4":"adpu320"}}}
{"Event_attributes":{"xmlns":"http://schemas.microsoft.com/win/2004/08/events/event"},"Event":{"System":{"Provider_attributes":{"Name":"Service Control Manager","Guid":"{555908d1-a6d7-4695-8e1e-26931d2012f4}","EventSourceName":"Service Control Manager"},"EventID_attributes":{"Qualifiers":16384},"EventID":7040,"Version":0,"Level":4,"Task":0,"Opcode":0,"Keywords":"0x8080000000000000","TimeCreated_attributes":{"SystemTime":"2013-10-23T16:16:25.609375Z"},"EventRecordID":35,"Correlation":null,"Execution_attributes":{"ProcessID":488,"ThreadID":596},"Channel":"System","Computer":"37L4247D28-05","Security_attributes":{"UserID":"S-1-5-18"}},"EventData":{"param1":"adp94xx","param2":"boot start","param3":"demand start","param4":"adp94xx"}}}
{"Event_attributes":{"xmlns":"http://schemas.microsoft.com/win/2004/08/events/event"},"Event":{"System":{"Provider_attributes":{"Name":"Service Control Manager","Guid":"{555908d1-a6d7-4695-8e1e-26931d2012f4}","EventSourceName":"Service Control Manager"},"EventID_attributes":{"Qualifiers":16384},"EventID":7040,"Version":0,"Level":4,"Task":0,"Opcode":0,"Keywords":"0x8080000000000000","TimeCreated_attributes":{"SystemTime":"2013-10-23T16:16:25.625000Z"},"EventRecordID":36,"Correlation":null,"Execution_attributes":{"ProcessID":488,"ThreadID":596},"Channel":"System","Computer":"37L4247D28-05","Security_attributes":{"UserID":"S-1-5-18"}},"EventData":{"param1":"arcsas","param2":"boot start","param3":"demand start","param4":"arcsas"}}}
{"Event_attributes":{"xmlns":"http://schemas.microsoft.com/win/2004/08/events/event"},"Event":{"System":{"Provider_attributes":{"Name":"Service Control Manager","Guid":"{555908d1-a6d7-4695-8e1e-26931d2012f4}","EventSourceName":"Service Control Manager"},"EventID_attributes":{"Qualifiers":16384},"EventID":7040,"Version":0,"Level":4,"Task":0,"Opcode":0,"Keywords":"0x8080000000000000","TimeCreated_attributes":{"SystemTime":"2013-10-23T16:16:25.750000Z"},"EventRecordID":37,"Correlation":null,"Execution_attributes":{"ProcessID":488,"ThreadID":596},"Channel":"System","Computer":"37L4247D28-05","Security_attributes":{"UserID":"S-1-5-18"}},"EventData":{"param1":"arc","param2":"boot start","param3":"demand start","param4":"arc"}}}
{"Event_attributes":{"xmlns":"http://schemas.microsoft.com/win/2004/08/events/event"},"Event":{"System":{"Provider_attributes":{"Name":"Service Control Manager","Guid":"{555908d1-a6d7-4695-8e1e-26931d2012f4}","EventSourceName":"Service Control Manager"},"EventID_attributes":{"Qualifiers":16384},"EventID":7040,"Version":0,"Level":4,"Task":0,"Opcode":0,"Keywords":"0x8080000000000000","TimeCreated_attributes":{"SystemTime":"2013-10-23T16:16:25.796875Z"},"EventRecordID":38,"Correlation":null,"Execution_attributes":{"ProcessID":488,"ThreadID":596},"Channel":"System","Computer":"37L4247D28-05","Security_attributes":{"UserID":"S-1-5-18"}},"EventData":{"param1":"aic78xx","param2":"boot start","param3":"demand start","param4":"aic78xx"}}}
{"Event_attributes":{"xmlns":"http://schemas.microsoft.com/win/2004/08/events/event"},"Event":{"System":{"Provider_attributes":{"Name":"Service Control Manager","Guid":"{555908d1-a6d7-4695-8e1e-26931d2012f4}","EventSourceName":"Service Control Manager"},"EventID_attributes":{"Qualifiers":16384},"EventID":7040,"Version":0,"Level":4,"Task":0,"Opcode":0,"Keywords":"0x8080000000000000","TimeCreated_attributes":{"SystemTime":"2013-10-23T16:16:25.843750Z"},"EventRecordID":39,"Correlation":null,"Execution_attributes":{"ProcessID":488,"ThreadID":596},"Channel":"System","Computer":"37L4247D28-05","Security_attributes":{"UserID":"S-1-5-18"}},"EventData":{"param1":"adpahci","param2":"boot start","param3":"demand start","param4":"adpahci"}}}
{"Event_attributes":{"xmlns":"http://schemas.microsoft.com/win/2004/08/events/event"},"Event":{"System":{"Provider_attributes":{"Name":"Service Control Manager","Guid":"{555908d1-a6d7-4695-8e1e-26931d2012f4}","EventSourceName":"Service Control Manager"},"EventID_attributes":{"Qualifiers":16384},"EventID":7040,"Version":0,"Level":4,"Task":0,"Opcode":0,"Keywords":"0x8080000000000000","TimeCreated_attributes":{"SystemTime":"2013-10-23T16:16:25.921875Z"},"EventRecordID":40,"Correlation":null,"Execution_attributes":{"ProcessID":488,"ThreadID":596},"Channel":"System","Computer":"37L4247D28-05","Security_attributes":{"UserID":"S-1-5-18"}},"EventData":{"param1":"iaStorV","param2":"boot start","param3":"demand start","param4":"iaStorV"}}}
{"Event_attributes":{"xmlns":"http://schemas.microsoft.com/win/2004/08/events/event"},"Event":{"System":{"Provider_attributes":{"Name":"Service Control Manager","Guid":"{555908d1-a6d7-4695-8e1e-26931d2012f4}","EventSourceName":"Service Control Manager"},"EventID_attributes":{"Qualifiers":16384},"EventID":7040,"Version":0,"Level":4,"Task":0,"Opcode":0,"Keywords":"0x8080000000000000","TimeCreated_attributes":{"SystemTime":"2013-10-23T16:16:25.953125Z"},"EventRecordID":41,"Correlation":null,"Execution_attributes":{"ProcessID":488,"ThreadID":596},"Channel":"System","Computer":"37L4247D28-05","Security_attributes":{"UserID":"S-1-5-18"}},"EventData":{"param1":"iirsp","param2":"boot start","param3":"demand start","param4":"iirsp"}}}
{"Event_attributes":{"xmlns":"http://schemas.microsoft.com/win/2004/08/events/event"},"Event":{"System":{"Provider_attributes":{"Name":"Service Control Manager","Guid":"{555908d1-a6d7-4695-8e1e-26931d2012f4}","EventSourceName":"Service Control Manager"},"EventID_attributes":{"Qualifiers":16384},"EventID":7040,"Version":0,"Level":4,"Task":0,"Opcode":0,"Keywords":"0x8080000000000000","TimeCreated_attributes":{"SystemTime":"2013-10-23T16:16:26.000000Z"},"EventRecordID":42,"Correlation":null,"Execution_attributes":{"ProcessID":488,"ThreadID":596},"Channel":"System","Computer":"37L4247D28-05","Security_attributes":{"UserID":"S-1-5-18"}},"EventData":{"param1":"vsmraid","param2":"boot start","param3":"demand start","param4":"vsmraid"}}}
{"Event_attributes":{"xmlns":"http://schemas.microsoft.com/win/2004/08/events/event"},"Event":{"System":{"Provider_attributes":{"Name":"Service Control Manager","Guid":"{555908d1-a6d7-4695-8e1e-26931d2012f4}","EventSourceName":"Service Control Manager"},"EventID_attributes":{"Qualifiers":16384},"EventID":7040,"Version":0,"Level":4,"Task":0,"Opcode":0,"Keywords":"0x8080000000000000","TimeCreated_attributes":{"SystemTime":"2013-10-23T16:16:26.015625Z"},"EventRecordID":43,"Correlation":null,"Execution_attributes":{"ProcessID":488,"ThreadID":596},"Channel":"System","Computer":"37L4247D28-05","Security_attributes":{"UserID":"S-1-5-18"}},"EventData":{"param1":"viaide","param2":"boot start","param3":"demand start","param4":"viaide"}}}
{"Event_attributes":{"xmlns":"http://schemas.microsoft.com/win/2004/08/events/event"},"Event":{"System":{"Provider_attributes":{"Name":"Service Control Manager","Guid":"{555908d1-a6d7-4695-8e1e-26931d2012f4}","EventSourceName":"Service Control Manager"},"EventID_attributes":{"Qualifiers":16384},"EventID":7040,"Version":0,"Level":4,"Task":0,"Opcode":0,"Keywords":"0x8080000000000000","TimeCreated_attributes":{"SystemTime":"2013-10-23T16:16:26.093750Z"},"EventRecordID":44,"Correlation":null,"Execution_attributes":{"ProcessID":488,"ThreadID":596},"Channel":"System","Computer":"37L4247D28-05","Security_attributes":{"UserID":"S-1-5-18"}},"EventData":{"param1":"elxstor","param2":"boot start","param3":"demand start","param4":"elxstor"}}}
{"Event_attributes":{"xmlns":"http://schemas.microsoft.com/win/2004/08/events/event"},"Event":{"System":{"Provider_attributes":{"Name":"Service Control Manager","Guid":"{555908d1-a6d7-4695-8e1e-26931d2012f4}","EventSourceName":"Service Control Manager"},"EventID_attributes":{"Qualifiers":16384},"EventID":7040,"Version":0,"Level":4,"Task":0,"Opcode":0,"Keywords":"0x8080000000000000","TimeCreated_attributes":{"SystemTime":"2013-10-23T16:16:26.125000Z"},"EventRecordID":45,"Correlation":null,"Execution_attributes":{"ProcessID":488,"ThreadID":596},"Channel":"System","Computer":"37L4247D28-05","Security_attributes":{"UserID":"S-1-5-18"}},"EventData":{"param1":"nvstor","param2":"boot start","param3":"demand start","param4":"nvstor"}}}
{"Event_attributes":{"xmlns":"http://schemas.microsoft.com/win/2004/08/events/event"},"Event":{"System":{"Provider_attributes":{"Name":"Service Control Manager","Guid":"{555908d1-a6d7-4695-8e1e-26931d2012f4}","EventSourceName":"Service Control Manager"},"EventID_attributes":{"Qualifiers":16384},"EventID":7040,"Version":0,"Level":4,"Task":0,"Opcode":0,"Keywords":"0x8080000000000000","TimeCreated_attributes":{"SystemTime":"2013-10-23T16:16:26.187500Z"},"EventRecordID":46,"Correlation":null,"Execution_attributes":{"ProcessID":488,"ThreadID":596},"Channel":"System","Computer":"37L4247D28-05","Security_attributes":{"UserID":"S-1-5-18"}},"EventData":{"param1":"aliide","param2":"boot start","param3":"demand start","param4":"aliide"}}}
{"Event_attributes":{"xmlns":"http://schemas.microsoft.com/win/2004/08/events/event"},"Event":{"System":{"Provider_attributes":{"Name":"Service Control Manager","Guid":"{555908d1-a6d7-4695-8e1e-26931d2012f4}","EventSourceName":"Service Control Manager"},"EventID_attributes":{"Qualifiers":16384},"EventID":7040,"Version":0,"Level":4,"Task":0,"Opcode":0,"Keywords":"0x8080000000000000","TimeCreated_attributes":{"SystemTime":"2013-10-23T16:16:26.250000Z"},"EventRecordID":47,"Correlation":null,"Execution_attributes":{"ProcessID":488,"ThreadID":596},"Channel":"System","Computer":"37L4247D28-05","Security_attributes":{"UserID":"S-1-5-18"}},"EventData":{"param1":"cmdide","param2":"boot start","param3":"demand start","param4":"cmdide"}}}
{"Event_attributes":{"xmlns":"http://schemas.microsoft.com/win/2004/08/events/event"},"Event":{"System":{"Provider_attributes":{"Name":"Service Control Manager","Guid":"{555908d1-a6d7-4695-8e1e-26931d2012f4}","EventSourceName":"Service Control Manager"},"EventID_attributes":{"Qualifiers":16384},"EventID":7040,"Version":0,"Level":4,"Task":0,"Opcode":0,"Keywords":"0x8080000000000000","TimeCreated_attributes":{"SystemTime":"2013-10-23T16:16:26.296875Z"},"EventRecordID":48,"Correlation":null,"Execution_attributes":{"ProcessID":488,"ThreadID":596},"Channel":"System","Computer":"37L4247D28-05","Security_attributes":{"UserID":"S-1-5-18"}},"EventData":{"param1":"ql40xx","param2":"boot start","param3":"demand start","param4":"ql40xx"}}}
{"Event_attributes":{"xmlns":"http://schemas.microsoft.com/win/2004/08/events/event"},"Event":{"System":{"Provider_attributes":{"Name":"Service Control Manager","Guid":"{555908d1-a6d7-4695-8e1e-26931d2012f4}","EventSourceName":"Service Control Manager"},"EventID_attributes":{"Qualifiers":16384},"EventID":7040,"Version":0,"Level":4,"Task":0,"Opcode":0,"Keywords":"0x8080000000000000","TimeCreated_attributes":{"SystemTime":"2013-10-23T16:16:26.312500Z"},"EventRecordID":49,"Correlation":null,"Execution_attributes":{"ProcessID":488,"ThreadID":596},"Channel":"System","Computer":"37L4247D28-05","Security_attributes":{"UserID":"S-1-5-18"}},"EventData":{"param1":"ql2300","param2":"boot start","param3":"demand start","param4":"ql2300"}}}
{"Event_attributes":{"xmlns":"http://schemas.microsoft.com/win/2004/08/events/event"},"Event":{"System":{"Provider_attributes":{"Name":"Service Control Manager","Guid":"{555908d1-a6d7-4695-8e1e-26931d2012f4}","EventSourceName":"Service Control Manager"},"EventID_attributes":{"Qualifiers":16384},"EventID":7040,"Version":0,"Level":4,"Task":0,"Opcode":0,"Keywords":"0x8080000000000000","TimeCreated_attributes":{"SystemTime":"2013-10-23T16:16:26.343750Z"},"EventRecordID":50,"Correlation":null,"Execution_attributes":{"ProcessID":488,"ThreadID":596},"Channel":"System","Computer":"37L4247D28-05","Security_attributes":{"UserID":"S-1-5-18"}},"EventData":{"param1":"stexstor","param2":"boot start","param3":"demand start","param4":"stexstor"}}}
{"Event_attributes":{"xmlns":"http://schemas.microsoft.com/win/2004/08/events/event"},"Event":{"System":{"Provider_attributes":{"Name":"Service Control Manager","Guid":"{555908d1-a6d7-4695-8e1e-26931d2012f4}","EventSourceName":"Service Control Manager"},"EventID_attributes":{"Qualifiers":16384},"EventID":7040,"Version":0,"Level":4,"Task":0,"Opcode":0,"Keywords":"0x8080000000000000","TimeCreated_attributes":{"SystemTime":"2013-10-23T16:16:26.375000Z"},"EventRecordID":51,"Correlation":null,"Execution_attributes":{"ProcessID":488,"ThreadID":588},"Channel":"System","Computer":"37L4247D28-05","Security_attributes":{"UserID":"S-1-5-18"}},"EventData":{"param1":"SiSRaid4","param2":"boot start","param3":"demand start","param4":"SiSRaid4"}}}
{"Event_attributes":{"xmlns":"http://schemas.microsoft.com/win/2004/08/events/event"},"Event":{"System":{"Provider_attributes":{"Name":"Service Control Manager","Guid":"{555908d1-a6d7-4695-8e1e-26931d2012f4}","EventSourceName":"Service Control Manager"},"EventID_attributes":{"Qualifiers":16384},"EventID":7040,"Version":0,"Level":4,"Task":0,"Opcode":0,"Keywords":"0x8080000000000000","TimeCreated_attributes":{"SystemTime":"2013-10-23T16:16:26.421875Z"},"EventRecordID":52,"Correlation":null,"Execution_attributes":{"ProcessID":488,"ThreadID":588},"Channel":"System","Computer":"37L4247D28-05","Security_attributes":{"UserID":"S-1-5-18"}},"EventData":{"param1":"SiSRaid2","param2":"boot start","param3":"demand start","param4":"SiSRaid2"}}}
{"Event_attributes":{"xmlns":"http://schemas.microsoft.com/win/2004/08/events/event"},"Event":{"System":{"Provider_attributes":{"Name":"Service Control Manager","Guid":"{555908d1-a6d7-4695-8e1e-26931d2012f4}","EventSourceName":"Service Control Manager"},"EventID_attributes":{"Qualifiers":16384},"EventID":7040,"Version":0,"Level":4,"Task":0,"Opcode":0,"Keywords":"0x8080000000000000","TimeCreated_attributes":{"SystemTime":"2013-10-23T16:16:26.531250Z"},"EventRecordID":53,"Correlation":null,"Execution_attributes":{"ProcessID":488,"ThreadID":588},"Channel":"System","Computer":"37L4247D28-05","Security_attributes":{"UserID":"S-1-5-18"}},"EventData":{"param1":"amdide","param2":"boot start","param3":"demand start","param4":"amdide"}}}
{"Event_attributes":{"xmlns":"http://schemas.microsoft.com/win/2004/08/events/event"},"Event":{"System":{"Provider_attributes":{"Name":"Service Control Manager","Guid":"{555908d1-a6d7-4695-8e1e-26931d2012f4}","EventSourceName":"Service Control Manager"},"EventID_attributes":{"Qualifiers":16384},"EventID":7040,"Version":0,"Level":4,"Task":0,"Opcode":0,"Keywords":"0x8080000000000000","TimeCreated_attributes":{"SystemTime":"2013-10-23T16:16:26.593750Z"},"EventRecordID":54,"Correlation":null,"Execution_attributes":{"ProcessID":488,"ThreadID":588},"Channel":"System","Computer":"37L4247D28-05","Security_attributes":{"UserID":"S-1-5-18"}},"EventData":{"param1":"nfrd960","param2":"boot start","param3":"demand start","param4":"nfrd960"}}}
{"Event_attributes":{"xmlns":"http://schemas.microsoft.com/win/2004/08/events/event"},"Event":{"System":{"Provider_attributes":{"Name":"Service Control Manager","Guid":"{555908d1-a6d7-4695-8e1e-26931d2012f4}","EventSourceName":"Service Control Manager"},"EventID_attributes":{"Qualifiers":16384},"EventID":7040,"Version":0,"Level":4,"Task":0,"Opcode":0,"Keywords":"0x8080000000000000","TimeCreated_attributes":{"SystemTime":"2013-10-23T16:16:26.625000Z"},"EventRecordID":55,"Correlation":null,"Execution_attributes":{"ProcessID":488,"ThreadID":588},"Channel":"System","Computer":"37L4247D28-05","Security_attributes":{"UserID":"S-1-5-18"}},"EventData":{"param1":"amdsata","param2":"boot start","param3":"demand start","param4":"amdsata"}}}
{"Event_attributes":{"xmlns":"http://schemas.microsoft.com/win/2004/08/events/event"},"Event":{"System":{"Provider_attributes":{"Name":"Service Control Manager","Guid":"{555908d1-a6d7-4695-8e1e-26931d2012f4}","EventSourceName":"Service Control Manager"},"EventID_attributes":{"Qualifiers":16384},"EventID":7040,"Version":0,"Level":4,"Task":0,"Opcode":0,"Keywords":"0x8080000000000000","TimeCreated_attributes":{"SystemTime":"2013-10-23T16:16:26.671875Z"},"EventRecordID":56,"Correlation":null,"Execution_attributes":{"ProcessID":488,"ThreadID":588},"Channel":"System","Computer":"37L4247D28-05","Security_attributes":{"UserID":"S-1-5-18"}},"EventData":{"param1":"amdsbs","param2":"boot start","param3":"demand start","param4":"amdsbs"}}}
{"Event_attributes":{"xmlns":"http://schemas.microsoft.com/win/2004/08/events/event"},"Event":{"System":{"Provider_attributes":{"Name":"Service Control Manager","Guid":"{555908d1-a6d7-4695-8e1e-26931d2012f4}","EventSourceName":"Service Control Manager"},"EventID_attributes":{"Qualifiers":16384},"EventID":7040,"Version":0,"Level":4,"Task":0,"Opcode":0,"Keywords":"0x8080000000000000","TimeCreated_attributes":{"SystemTime":"2013-10-23T16:16:26.718750Z"},"EventRecordID":57,"Correlation":null,"Execution_attributes":{"ProcessID":488,"ThreadID":588},"Channel":"System","Computer":"37L4247D28-05","Security_attributes":{"UserID":"S-1-5-18"}},"EventData":{"param1":"LSI_FC","param2":"boot start","param3":"demand start","param4":"LSI_FC"}}}
{"Event_attributes":{"xmlns":"http://schemas.microsoft.com/win/2004/08/events/event"},"Event":{"System":{"Provider_attributes":{"Name":"Service Control Manager","Guid":"{555908d1-a6d7-4695-8e1e-26931d2012f4}","EventSourceName":"Service Control Manager"},"EventID_attributes":{"Qualifiers":16384},"EventID":7040,"Version":0,"Level":4,"Task":0,"Opcode":0,"Keywords":"0x8080000000000000","TimeCreated_attributes":{"SystemTime":"2013-10-23T16:16:26.734375Z"},"EventRecordID":58,"Correlation":null,"Execution_attributes":{"ProcessID":488,"ThreadID":588},"Channel":"System","Computer":"37L4247D28-05","Security_attributes":{"UserID":"S-1-5-18"}},"EventData":{"param1":"LSI_SAS2","param2":"boot start","param3":"demand start","param4":"LSI_SAS2"}}}
{"Event_attributes":{"xmlns":"http://schemas.microsoft.com/win/2004/08/events/event"},"Event":{"System":{"Provider_attributes":{"Name":"Service Control Manager","Guid":"{555908d1-a6d7-4695-8e1e-26931d2012f4}","EventSourceName":"Service Control Manager"},"EventID_attributes":{"Qualifiers":16384},"EventID":7040,"Version":0,"Level":4,"Task":0,"Opcode":0,"Keywords":"0x8080000000000000","TimeCreated_attributes":{"SystemTime":"2013-10-23T16:16:26.765625Z"},"EventRecordID":59,"Correlation":null,"Execution_attributes":{"ProcessID":488,"ThreadID":588},"Channel":"System","Computer":"37L4247D28-05","Security_attributes":{"UserID":"S-1-5-18"}},"EventData":{"param1":"megasas","param2":"boot start","param3":"demand start","param4":"megasas"}}}
{"Event_attributes":{"xmlns":"http://schemas.microsoft.com/win/2004/08/events/event"},"Event":{"System":{"Provider_attributes":{"Name":"Service Control Manager","Guid":"{555908d1-a6d7-4695-8e1e-26931d2012f4}","EventSourceName":"Service Control Manager"},"EventID_attributes":{"Qualifiers":16384},"EventID":7040,"Version":0,"Level":4,"Task":0,"Opcode":0,"Keywords":"0x8080000000000000","TimeCreated_attributes":{"SystemTime":"2013-10-23T16:16:26.859375Z"},"EventRecordID":60,"Correlation":null,"Execution_attributes":{"ProcessID":488,"ThreadID":588},"Channel":"System","Computer":"37L4247D28-05","Security_attributes":{"UserID":"S-1-5-18"}},"EventData":{"param1":"MegaSR","param2":"boot start","param3":"demand start","param4":"MegaSR"}}}
{"Event_attributes":{"xmlns":"http://schemas.microsoft.com/win/2004/08/events/event"},"Event":{"System":{"Provider_attributes":{"Name":"Service Control Manager","Guid":"{555908d1-a6d7-4695-8e1e-26931d2012f4}","EventSourceName":"Service Control Manager"},"EventID_attributes":{"Qualifiers":16384},"EventID":7040,"Version":0,"Level":4,"Task":0,"Opcode":0,"Keywords":"0x8080000000000000","TimeCreated_attributes":{"SystemTime":"2013-10-23T16:16:26.906250Z"},"EventRecordID":61,"Correlation":null,"Execution_attributes":{"ProcessID":488,"ThreadID":596},"Channel":"System","Computer":"37L4247D28-05","Security_attributes":{"UserID":"S-1-5-18"}},"EventData":{"param1":"LSI_SAS","param2":"boot start","param3":"demand start","param4":"LSI_SAS"}}}
{"Event_attributes":{"xmlns":"http://schemas.microsoft.com/win/2004/08/events/event"},"Event":{"System":{"Provider_attributes":{"Name":"Service Control Manager","Guid":"{555908d1-a6d7-4695-8e1e-26931d2012f4}","EventSourceName":"Service Control Manager"},"EventID_attributes":{"Qualifiers":16384},"EventID":7040,"Version":0,"Level":4,"Task":0,"Opcode":0,"Keywords":"0x8080000000000000","TimeCreated_attributes":{"SystemTime":"2013-10-23T16:16:26.937500Z"},"EventRecordID":62,"Correlation":null,"Execution_attributes":{"ProcessID":488,"ThreadID":596},"Channel":"System","Computer":"37L4247D28-05","Security_attributes":{"UserID":"S-1-5-18"}},"EventData":{"param1":"LSI_SCSI","param2":"boot start","param3":"demand start","param4":"LSI_SCSI"}}}
{"Event_attributes":{"xmlns":"http://schemas.microsoft.com/win/2004/08/events/event"},"Event":{"System":{"Provider_attributes":{"Name":"Service Control Manager","Guid":"{555908d1-a6d7-4695-8e1e-26931d2012f4}","EventSourceName":"Service Control Manager"},"EventID_attributes":{"Qualifiers":16384},"EventID":7040,"Version":0,"Level":4,"Task":0,"Opcode":0,"Keywords":"0x8080000000000000","TimeCreated_attributes":{"SystemTime":"2013-10-23T16:16:27.093750Z"},"EventRecordID":63,"Correlation":null,"Execution_attributes":{"ProcessID":488,"ThreadID":596},"Channel":"System","Computer":"37L4247D28-05","Security_attributes":{"UserID":"S-1-5-18"}},"EventData":{"param1":"HpSAMD","param2":"boot start","param3":"demand start","param4":"HpSAMD"}}}
{"Event_attributes":{"xmlns":"http://schemas.microsoft.com/win/2004/08/events/event"},"Event":{"System":{"Provider_attributes":{"Name":"Service Control Manager","Guid":"{555908d1-a6d7-4695-8e1e-26931d2012f4}","EventSourceName":"Service Control Manager"},"EventID_attributes":{"Qualifiers":16384},"EventID":7040,"Version":0,"Level":4,"Task":0,"Opcode":0,"Keywords":"0x8080000000000000","TimeCreated_attributes":{"SystemTime":"2013-10-23T16:16:27.125000Z"},"EventRecordID":64,"Correlation":null,"Execution_attributes":{"ProcessID":488,"ThreadID":596},"Channel":"System","Computer":"37L4247D28-05","Security_attributes":{"UserID":"S-1-5-18"}},"EventData":{"param1":"msahci","param2":"boot start","param3":"demand start","param4":"msahci"}}}
{"Event_attributes":{"xmlns":"http://schemas.microsoft.com/win/2004/08/events/event"},"Event":{"System":{"Provider_attributes":{"Name":"Service Control Manager","Guid":"{555908d1-a6d7-4695-8e1e-26931d2012f4}","EventSourceName":"Service Control Manager"},"EventID_attributes":{"Qualifiers":16384},"EventID":7040,"Version":0,"Level":4,"Task":0,"Opcode":0,"Keywords":"0x8080000000000000","TimeCreated_attributes":{"SystemTime":"2013-10-23T16:16:27.171875Z"},"EventRecordID":65,"Correlation":null,"Execution_attributes":{"ProcessID":488,"ThreadID":596},"Channel":"System","Computer":"37L4247D28-05","Security_attributes":{"UserID":"S-1-5-18"}},"EventData":{"param1":"pciide","param2":"boot start","param3":"demand start","param4":"pciide"}}}
{"Event_attributes":{"xmlns":"http://schemas.microsoft.com/win/2004/08/events/event"},"Event":{"System":{"Provider_attributes":{"Name":"Service Control Manager","Guid":"{555908d1-a6d7-4695-8e1e-26931d2012f4}","EventSourceName":"Service Control Manager"},"EventID_attributes":{"Qualifiers":16384},"EventID":7040,"Version":0,"Level":4,"Task":0,"Opcode":0,"Keywords":"0x8080000000000000","TimeCreated_attributes":{"SystemTime":"2013-10-23T16:16:27.234375Z"},"EventRecordID":66,"Correlation":null,"Execution_attributes":{"ProcessID":488,"ThreadID":596},"Channel":"System","Computer":"37L4247D28-05","Security_attributes":{"UserID":"S-1-5-18"}},"EventData":{"param1":"Compbatt","param2":"boot start","param3":"demand start","param4":"Compbatt"}}}
{"Event_attributes":{"xmlns":"http://schemas.microsoft.com/win/2004/08/events/event"},"Event":{"System":{"Provider_attributes":{"Name":"Service Control Manager","Guid":"{555908d1-a6d7-4695-8e1e-26931d2012f4}","EventSourceName":"Service Control Manager"},"EventID_attributes":{"Qualifiers":16384},"EventID":7040,"Version":0,"Level":4,"Task":0,"Opcode":0,"Keywords":"0x8080000000000000","TimeCreated_attributes":{"SystemTime":"2013-10-23T16:16:27.281250Z"},"EventRecordID":67,"Correlation":null,"Execution_attributes":{"ProcessID":488,"ThreadID":596},"Channel":"System","Computer":"37L4247D28-05","Security_attributes":{"UserID":"S-1-5-18"}},"EventData":{"param1":"sbp2port","param2":"boot start","param3":"demand start","param4":"sbp2port"}}}
{"Event_attributes":{"xmlns":"http://schemas.microsoft.com/win/2004/08/events/event"},"Event":{"System":{"Provider_attributes":{"Name":"Service Control Manager","Guid":"{555908d1-a6d7-4695-8e1e-26931d2012f4}","EventSourceName":"Service Control Manager"},"EventID_attributes":{"Qualifiers":16384},"EventID":7040,"Version":0,"Level":4,"Task":0,"Opcode":0,"Keywords":"0x8080000000000000","TimeCreated_attributes":{"SystemTime":"2013-10-23T16:16:27.328125Z"},"EventRecordID":68,"Correlation":null,"Execution_attributes":{"ProcessID":488,"ThreadID":596},"Channel":"System","Computer":"37L4247D28-05","Security_attributes":{"UserID":"S-1-5-18"}},"EventData":{"param1":"Wd","param2":"boot start","param3":"demand start","param4":"Wd"}}}
{"Event_attributes":{"xmlns":"http://schemas.microsoft.com/win/2004/08/events/event"},"Event":{"System":{"Provider_attributes":{"Name":"Service Control Manager","Guid":"{555908d1-a6d7-4695-8e1e-26931d2012f4}","EventSourceName":"Service Control Manager"},"EventID_attributes":{"Qualifiers":16384},"EventID":7040,"Version":0,"Level":4,"Task":0,"Opcode":0,"Keywords":"0x8080000000000000","TimeCreated_attributes":{"SystemTime":"2013-10-23T16:16:27.328125Z"},"EventRecordID":69,"Correlation":null,"Execution_attributes":{"ProcessID":488,"ThreadID":596},"Channel":"System","Computer":"37L4247D28-05","Security_attributes":{"UserID":"S-1-5-18"}},"EventData":{"param1":"nvraid","param2":"boot start","param3":"demand start","param4":"nvraid"}}}
