{"Event_attributes":{"xmlns":"http://schemas.microsoft.com/win/2004/08/events/event"},"Event":{"System":{"Provider_attributes":{"Name":"Microsoft-Windows-UserPnp","Guid":"96F4A050-7E31-453C-88BE-9634F4E02139"},"EventID":20001,"Version":0,"Level":4,"Task":7005,"Opcode":0,"Keywords":"0x8000000000000000","TimeCreated_attributes":{"SystemTime":"2013-10-23T16:17:40.796875Z"},"EventRecordID":226,"Correlation":null,"Execution_attributes":{"ProcessID":1968,"ThreadID":2040},"Channel":"System","Computer":"37L4247D28-05","Security_attributes":{"UserID":"S-1-5-18"}},"UserData":{"InstallDeviceID_attributes":{"xmlns:auto-ns2":"http://schemas.microsoft.com/win/2004/08/events","xmlns":"http://manifests.microsoft.com/win/2004/08/windows/userpnp"},"InstallDeviceID":{"DriverName":"FileRepository\\wvmic.inf_x86_neutral_35364de008700f90\\wvmic.inf","DriverVersion":"6.1.7600.16385","DriverProvider":"Microsoft","DeviceInstanceID":"VMBUS\\{B6650FF7-33BC-4840-8048-E0676786F393}\\5&296C0F0E&0&{B6650FF7-33BC-4840-8048-E0676786F393}","SetupClass":"4D36E97D-E325-11CE-BFC1-08002BE10318","RebootOption":true,"UpgradeDevice":false,"IsDriverOEM":false,"InstallStatus":"0x0","DriverDescription":"Hyper-V Guest Shutdown"}}}}
{"Event_attributes":{"xmlns":"http://schemas.microsoft.com/win/2004/08/events/event"},"Event":{"System":{"Provider_attributes":{"Name":"Service Control Manager","Guid":"{555908d1-a6d7-4695-8e1e-26931d2012f4}","EventSourceName":"Service Control Manager"},"EventID_attributes":{"Qualifiers":16384},"EventID":7045,"Version":0,"Level":4,"Task":0,"Opcode":0,"Keywords":"0x8080000000000000","TimeCreated_attributes":{"SystemTime":"2013-10-23T16:17:41.421875Z"},"EventRecordID":227,"Correlation":null,"Execution_attributes":{"ProcessID":488,"ThreadID":1612},"Channel":"System","Computer":"37L4247D28-05","Security_attributes":{"UserID":"S-1-5-18"}},"EventData":{"ServiceName":"Hyper-V Volume Shadow Copy Requestor","ImagePath":"%SystemRoot%\\system32\\vmicsvc.exe -feature VSS","ServiceType":"user mode service","StartType":"auto start","AccountName":"LocalSystem"}}}
{"Event_attributes":{"xmlns":"http://schemas.microsoft.com/win/2004/08/events/event"},"Event":{"System":{"Provider_attributes":{"Name":"Microsoft-Windows-UserPnp","Guid":"96F4A050-7E31-453C-88BE-9634F4E02139"},"EventID":20003,"Version":0,"Level":4,"Task":7005,"Opcode":0,"Keywords":"0x8000000000000000","TimeCreated_attributes":{"SystemTime":"2013-10-23T16:17:41.671875Z"},"EventRecordID":228,"Correlation":null,"Execution_attributes":{"ProcessID":948,"ThreadID":228},"Channel":"System","Computer":"37L4247D28-05","Security_attributes":{"UserID":"S-1-5-18"}},"UserData":{"AddServiceID_attributes":{"xmlns:auto-ns2":"http://schemas.microsoft.com/win/2004/08/events","xmlns":"http://manifests.microsoft.com/win/2004/08/windows/userpnp"},"AddServiceID":{"ServiceName":"vmicvss","DriverFileName":"%SystemRoot%\\system32\\vmicsvc.exe -feature VSS","DeviceInstanceID":"VMBUS\\{2450EE40-33BF-4FBD-892E-9FB06E9214CF}\\5&296C0F0E&0&{2450EE40-33BF-4FBD-892E-9FB06E9214CF}","PrimaryService":false,"UpdateService":false,"AddServiceStatus":0}}}}
{"Event_attributes":{"xmlns":"http://schemas.microsoft.com/win/2004/08/events/event"},"Event":{"System":{"Provider_attributes":{"Name":"Service Control Manager","Guid":"{555908d1-a6d7-4695-8e1e-26931d2012f4}","EventSourceName":"Service Control Manager"},"EventID_attributes":{"Qualifiers":16384},"EventID":7036,"Version":0,"Level":4,"Task":0,"Opcode":0,"Keywords":"0x8080000000000000","TimeCreated_attributes":{"SystemTime":"2013-10-23T16:17:41.687500Z"},"EventRecordID":229,"Correlation":null,"Execution_attributes":{"ProcessID":488,"ThreadID":588},"Channel":"System","Computer":"37L4247D28-05","Security":null},"EventData":{"param1":"Hyper-V Volume Shadow Copy Requestor","param2":"running","Binary":"76006D00690063007600730073002F0034000000"}}}
{"Event_attributes":{"xmlns":"http://schemas.microsoft.com/win/2004/08/events/event"},"Event":{"System":{"Provider_attributes":{"Name":"Microsoft-Windows-UserPnp","Guid":"96F4A050-7E31-453C-88BE-9634F4E02139"},"EventID":20001,"Version":0,"Level":4,"Task":7005,"Opcode":0,"Keywords":"0x8000000000000000","TimeCreated_attributes":{"SystemTime":"2013-10-23T16:17:41.828125Z"},"EventRecordID":230,"Correlation":null,"Execution_attributes":{"ProcessID":948,"ThreadID":228},"Channel":"System","Computer":"37L4247D28-05","Security_attributes":{"UserID":"S-1-5-18"}},"UserData":{"InstallDeviceID_attributes":{"xmlns:auto-ns2":"http://schemas.microsoft.com/win/2004/08/events","xmlns":"http://manifests.microsoft.com/win/2004/08/windows/userpnp"},"InstallDeviceID":{"DriverName":"FileRepository\\wvmic.inf_x86_neutral_35364de008700f90\\wvmic.inf","DriverVersion":"6.1.7600.16385","DriverProvider":"Microsoft","DeviceInstanceID":"VMBUS\\{2450EE40-33BF-4FBD-892E-9FB06E9214CF}\\5&296C0F0E&0&{2450EE40-33BF-4FBD-892E-9FB06E9214CF}","SetupClass":"4D36E97D-E325-11CE-BFC1-08002BE10318","RebootOption":false,"UpgradeDevice":false,"IsDriverOEM":false,"InstallStatus":"0x0","DriverDescription":"Hyper-V Volume Shadow Copy"}}}}
{"Event_attributes":{"xmlns":"http://schemas.microsoft.com/win/2004/08/events/event"},"Event":{"System":{"Provider_attributes":{"Name":"Microsoft-Windows-UserPnp","Guid":"96F4A050-7E31-453C-88BE-9634F4E02139"},"EventID":20003,"Version":0,"Level":4,"Task":7005,"Opcode":0,"Keywords":"0x8000000000000000","TimeCreated_attributes":{"SystemTime":"2013-10-23T16:17:42.468750Z"},"EventRecordID":231,"Correlation":null,"Execution_attributes":{"ProcessID":380,"ThreadID":560},"Channel":"System","Computer":"37L4247D28-05","Security_attributes":{"UserID":"S-1-5-18"}},"UserData":{"AddServiceID_attributes":{"xmlns:auto-ns2":"http://schemas.microsoft.com/win/2004/08/events","xmlns":"http://manifests.microsoft.com/win/2004/08/windows/userpnp"},"AddServiceID":{"ServiceName":"disk","DriverFileName":"system32\\DRIVERS\\disk.sys","DeviceInstanceID":"IDE\\DISKVIRTUAL_HD______________________________1.1.0___\\5&35DC7040&0&0.0.0","PrimaryService":true,"UpdateService":true,"AddServiceStatus":0}}}}
{"Event_attributes":{"xmlns":"http://schemas.microsoft.com/win/2004/08/events/event"},"Event":{"System":{"Provider_attributes":{"Name":"Microsoft-Windows-UserPnp","Guid":"96F4A050-7E31-453C-88BE-9634F4E02139"},"EventID":20001,"Version":0,"Level":4,"Task":7005,"Opcode":0,"Keywords":"0x8000000000000000","TimeCreated_attributes":{"SystemTime":"2013-10-23T16:17:42.687500Z"},"EventRecordID":232,"Correlation":null,"Execution_attributes":{"ProcessID":380,"ThreadID":560},"Channel":"System","Computer":"37L4247D28-05","Security_attributes":{"UserID":"S-1-5-18"}},"UserData":{"InstallDeviceID_attributes":{"xmlns:auto-ns2":"http://schemas.microsoft.com/win/2004/08/events","xmlns":"http://manifests.microsoft.com/win/2004/08/windows/userpnp"},"InstallDeviceID":{"DriverName":"FileRepository\\disk.inf_x86_neutral_b431b61a11f8df6c\\disk.inf","DriverVersion":"6.1.7600.16385","DriverProvider":"Microsoft","DeviceInstanceID":"IDE\\DISKVIRTUAL_HD______________________________1.1.0___\\5&35DC7040&0&0.0.0","SetupClass":"4D36E967-E325-11CE-BFC1-08002BE10318","RebootOption":false,"UpgradeDevice":false,"IsDriverOEM":false,"InstallStatus":"0x0","DriverDescription":"Disk drive"}}}}
{"Event_attributes":{"xmlns":"http://schemas.microsoft.com/win/2004/08/events/event"},"Event":{"System":{"Provider_attributes":{"Name":"Service Control Manager","Guid":"{555908d1-a6d7-4695-8e1e-26931d2012f4}","EventSourceName":"Service Control Manager"},"EventID_attributes":{"Qualifiers":16384},"EventID":7045,"Version":0,"Level":4,"Task":0,"Opcode":0,"Keywords":"0x8080000000000000","TimeCreated_attributes":{"SystemTime":"2013-10-23T16:17:43.125000Z"},"EventRecordID":233,"Correlation":null,"Execution_attributes":{"ProcessID":488,"ThreadID":1612},"Channel":"System","Computer":"37L4247D28-05","Security_attributes":{"UserID":"S-1-5-18"}},"EventData":{"ServiceName":"netvsc","ImagePath":"system32\\DRIVERS\\netvsc60.sys","ServiceType":"kernel mode driver","StartType":"demand start","AccountName":""}}}
{"Event_attributes":{"xmlns":"http://schemas.microsoft.com/win/2004/08/events/event"},"Event":{"System":{"Provider_attributes":{"Name":"Microsoft-Windows-UserPnp","Guid":"96F4A050-7E31-453C-88BE-9634F4E02139"},"EventID":20003,"Version":0,"Level":4,"Task":7005,"Opcode":0,"Keywords":"0x8000000000000000","TimeCreated_attributes":{"SystemTime":"2013-10-23T16:17:43.250000Z"},"EventRecordID":234,"Correlation":null,"Execution_attributes":{"ProcessID":576,"ThreadID":1440},"Channel":"System","Computer":"37L4247D28-05","Security_attributes":{"UserID":"S-1-5-18"}},"UserData":{"AddServiceID_attributes":{"xmlns:auto-ns2":"http://schemas.microsoft.com/win/2004/08/events","xmlns":"http://manifests.microsoft.com/win/2004/08/windows/userpnp"},"AddServiceID":{"ServiceName":"netvsc","DriverFileName":"system32\\DRIVERS\\netvsc60.sys","DeviceInstanceID":"VMBUS\\{BEE736B0-F65F-4339-97E3-A13B1204114C}\\5&296C0F0E&0&{BEE736B0-F65F-4339-97E3-A13B1204114C}","PrimaryService":true,"UpdateService":false,"AddServiceStatus":0}}}}
{"Event_attributes":{"xmlns":"http://schemas.microsoft.com/win/2004/08/events/event"},"Event":{"System":{"Provider_attributes":{"Name":"netvsc"},"EventID_attributes":{"Qualifiers":16384},"EventID":0,"Level":4,"Task":0,"Keywords":"0x80000000000000","TimeCreated_attributes":{"SystemTime":"2013-10-23T16:17:44.093750Z"},"EventRecordID":235,"Channel":"System","Computer":"37L4247D28-05","Security":null},"EventData":{"Data":{"#text":["","3.2"]},"Binary":"0000000002002C000000000000000040000000000000000000000000000000000000000000000000"}}}
{"Event_attributes":{"xmlns":"http://schemas.microsoft.com/win/2004/08/events/event"},"Event":{"System":{"Provider_attributes":{"Name":"netvsc"},"EventID_attributes":{"Qualifiers":16384},"EventID":1,"Level":4,"Task":0,"Keywords":"0x80000000000000","TimeCreated_attributes":{"SystemTime":"2013-10-23T16:17:44.109375Z"},"EventRecordID":236,"Channel":"System","Computer":"37L4247D28-05","Security":null},"EventData":{"Data":{"#text":["","Microsoft Virtual Machine Bus Network Adapter"]},"Binary":"0000000002002C000000000001000040000000000000000000000000000000000000000000000000"}}}
{"Event_attributes":{"xmlns":"http://schemas.microsoft.com/win/2004/08/events/event"},"Event":{"System":{"Provider_attributes":{"Name":"netvsc"},"EventID_attributes":{"Qualifiers":16384},"EventID":8,"Level":4,"Task":0,"Keywords":"0x80000000000000","TimeCreated_attributes":{"SystemTime":"2013-10-23T16:17:44.109375Z"},"EventRecordID":237,"Channel":"System","Computer":"37L4247D28-05","Security":null},"EventData":{"Data":{"#text":["","Microsoft Virtual Machine Bus Network Adapter"]},"Binary":"0000000002002C000000000008000040000000000000000000000000000000000000000000000000"}}}
{"Event_attributes":{"xmlns":"http://schemas.microsoft.com/win/2004/08/events/event"},"Event":{"System":{"Provider_attributes":{"Name":"netvsc"},"EventID_attributes":{"Qualifiers":16384},"EventID":7,"Level":4,"Task":0,"Keywords":"0x80000000000000","TimeCreated_attributes":{"SystemTime":"2013-10-23T16:17:44.109375Z"},"EventRecordID":238,"Channel":"System","Computer":"37L4247D28-05","Security":null},"EventData":{"Data":{"#text":["","Microsoft Virtual Machine Bus Network Adapter"]},"Binary":"0000000002002C000000000007000040000000000000000000000000000000000000000000000000"}}}
{"Event_attributes":{"xmlns":"http://schemas.microsoft.com/win/2004/08/events/event"},"Event":{"System":{"Provider_attributes":{"Name":"netvsc"},"EventID_attributes":{"Qualifiers":16384},"EventID":8,"Level":4,"Task":0,"Keywords":"0x80000000000000","TimeCreated_attributes":{"SystemTime":"2013-10-23T16:17:44.109375Z"},"EventRecordID":239,"Channel":"System","Computer":"37L4247D28-05","Security":null},"EventData":{"Data":{"#text":["","Microsoft Virtual Machine Bus Network Adapter"]},"Binary":"0000000002002C000000000008000040000000000000000000000000000000000000000000000000"}}}
{"Event_attributes":{"xmlns":"http://schemas.microsoft.com/win/2004/08/events/event"},"Event":{"System":{"Provider_attributes":{"Name":"Microsoft-Windows-UserPnp","Guid":"96F4A050-7E31-453C-88BE-9634F4E02139"},"EventID":20001,"Version":0,"Level":4,"Task":7005,"Opcode":0,"Keywords":"0x8000000000000000","TimeCreated_attributes":{"SystemTime":"2013-10-23T16:17:44.359375Z"},"EventRecordID":240,"Correlation":null,"Execution_attributes":{"ProcessID":576,"ThreadID":1440},"Channel":"System","Computer":"37L4247D28-05","Security_attributes":{"UserID":"S-1-5-18"}},"UserData":{"InstallDeviceID_attributes":{"xmlns:auto-ns2":"http://schemas.microsoft.com/win/2004/08/events","xmlns":"http://manifests.microsoft.com/win/2004/08/windows/userpnp"},"InstallDeviceID":{"DriverName":"FileRepository\\wnetvsc.inf_x86_neutral_504cdaa8fc17f611\\wnetvsc.inf","DriverVersion":"6.1.7600.16385","DriverProvider":"Microsoft","DeviceInstanceID":"VMBUS\\{BEE736B0-F65F-4339-97E3-A13B1204114C}\\5&296C0F0E&0&{BEE736B0-F65F-4339-97E3-A13B1204114C}","SetupClass":"4D36E972-E325-11CE-BFC1-08002BE10318","RebootOption":false,"UpgradeDevice":false,"IsDriverOEM":false,"InstallStatus":"0x0","DriverDescription":"Microsoft Virtual Machine Bus Network Adapter"}}}}
{"Event_attributes":{"xmlns":"http://schemas.microsoft.com/win/2004/08/events/event"},"Event":{"System":{"Provider_attributes":{"Name":"Service Control Manager","Guid":"{555908d1-a6d7-4695-8e1e-26931d2012f4}","EventSourceName":"Service Control Manager"},"EventID_attributes":{"Qualifiers":16384},"EventID":7045,"Version":0,"Level":4,"Task":0,"Opcode":0,"Keywords":"0x8080000000000000","TimeCreated_attributes":{"SystemTime":"2013-10-23T16:17:44.875000Z"},"EventRecordID":241,"Correlation":null,"Execution_attributes":{"ProcessID":488,"ThreadID":1612},"Channel":"System","Computer":"37L4247D28-05","Security_attributes":{"UserID":"S-1-5-18"}},"EventData":{"ServiceName":"Hyper-V Time Synchronization Service","ImagePath":"%SystemRoot%\\system32\\vmicsvc.exe -feature TimeSync","ServiceType":"user mode service","StartType":"auto start","AccountName":"NT AUTHORITY\\LocalService"}}}
{"Event_attributes":{"xmlns":"http://schemas.microsoft.com/win/2004/08/events/event"},"Event":{"System":{"Provider_attributes":{"Name":"Microsoft-Windows-UserPnp","Guid":"96F4A050-7E31-453C-88BE-9634F4E02139"},"EventID":20003,"Version":0,"Level":4,"Task":7005,"Opcode":0,"Keywords":"0x8000000000000000","TimeCreated_attributes":{"SystemTime":"2013-10-23T16:17:45.843750Z"},"EventRecordID":242,"Correlation":null,"Execution_attributes":{"ProcessID":976,"ThreadID":1716},"Channel":"System","Computer":"37L4247D28-05","Security_attributes":{"UserID":"S-1-5-18"}},"UserData":{"AddServiceID_attributes":{"xmlns:auto-ns2":"http://schemas.microsoft.com/win/2004/08/events","xmlns":"http://manifests.microsoft.com/win/2004/08/windows/userpnp"},"AddServiceID":{"ServiceName":"vmictimesync","DriverFileName":"%SystemRoot%\\system32\\vmicsvc.exe -feature TimeSync","DeviceInstanceID":"VMBUS\\{2DD1CE17-079E-403C-B352-A1921EE207EE}\\5&296C0F0E&0&{2DD1CE17-079E-403C-B352-A1921EE207EE}","PrimaryService":false,"UpdateService":false,"AddServiceStatus":0}}}}
{"Event_attributes":{"xmlns":"http://schemas.microsoft.com/win/2004/08/events/event"},"Event":{"System":{"Provider_attributes":{"Name":"Service Control Manager","Guid":"{555908d1-a6d7-4695-8e1e-26931d2012f4}","EventSourceName":"Service Control Manager"},"EventID_attributes":{"Qualifiers":16384},"EventID":7036,"Version":0,"Level":4,"Task":0,"Opcode":0,"Keywords":"0x8080000000000000","TimeCreated_attributes":{"SystemTime":"2013-10-23T16:17:45.843750Z"},"EventRecordID":243,"Correlation":null,"Execution_attributes":{"ProcessID":488,"ThreadID":1612},"Channel":"System","Computer":"37L4247D28-05","Security":null},"EventData":{"param1":"Hyper-V Time Synchronization Service","param2":"running","Binary":"76006D0069006300740069006D006500730079006E0063002F0034000000"}}}
{"Event_attributes":{"xmlns":"http://schemas.microsoft.com/win/2004/08/events/event"},"Event":{"System":{"Provider_attributes":{"Name":"Microsoft-Windows-UserPnp","Guid":"96F4A050-7E31-453C-88BE-9634F4E02139"},"EventID":20003,"Version":0,"Level":4,"Task":7005,"Opcode":0,"Keywords":"0x8000000000000000","TimeCreated_attributes":{"SystemTime":"2013-10-23T16:17:45.843750Z"},"EventRecordID":244,"Correlation_attributes":{"ActivityID":"00000000-DB28-0000-1EEE-B9190BD0CE01"},"Execution_attributes":{"ProcessID":920,"ThreadID":316},"Channel":"System","Computer":"37L4247D28-05","Security_attributes":{"UserID":"S-1-5-18"}},"UserData":{"AddServiceID_attributes":{"xmlns:auto-ns2":"http://schemas.microsoft.com/win/2004/08/events","xmlns":"http://manifests.microsoft.com/win/2004/08/windows/userpnp"},"AddServiceID":{"ServiceName":"tunnel","DriverFileName":"system32\\DRIVERS\\tunnel.sys","DeviceInstanceID":"ROOT\\*ISATAP\\0000","PrimaryService":true,"UpdateService":true,"AddServiceStatus":0}}}}
{"Event_attributes":{"xmlns":"http://schemas.microsoft.com/win/2004/08/events/event"},"Event":{"System":{"Provider_attributes":{"Name":"Microsoft-Windows-UserPnp","Guid":"96F4A050-7E31-453C-88BE-9634F4E02139"},"EventID":20001,"Version":0,"Level":4,"Task":7005,"Opcode":0,"Keywords":"0x8000000000000000","TimeCreated_attributes":{"SystemTime":"2013-10-23T16:17:46.046875Z"},"EventRecordID":245,"Correlation":null,"Execution_attributes":{"ProcessID":976,"ThreadID":1716},"Channel":"System","Computer":"37L4247D28-05","Security_attributes":{"UserID":"S-1-5-18"}},"UserData":{"InstallDeviceID_attributes":{"xmlns:auto-ns2":"http://schemas.microsoft.com/win/2004/08/events","xmlns":"http://manifests.microsoft.com/win/2004/08/windows/userpnp"},"InstallDeviceID":{"DriverName":"FileRepository\\wvmic.inf_x86_neutral_35364de008700f90\\wvmic.inf","DriverVersion":"6.1.7600.16385","DriverProvider":"Microsoft","DeviceInstanceID":"VMBUS\\{2DD1CE17-079E-403C-B352-A1921EE207EE}\\5&296C0F0E&0&{2DD1CE17-079E-403C-B352-A1921EE207EE}","SetupClass":"4D36E97D-E325-11CE-BFC1-08002BE10318","RebootOption":false,"UpgradeDevice":false,"IsDriverOEM":false,"InstallStatus":"0x0","DriverDescription":"Hyper-V Time Synchronization"}}}}
{"Event_attributes":{"xmlns":"http://schemas.microsoft.com/win/2004/08/events/event"},"Event":{"System":{"Provider_attributes":{"Name":"Microsoft-Windows-UserPnp","Guid":"96F4A050-7E31-453C-88BE-9634F4E02139"},"EventID":20003,"Version":0,"Level":4,"Task":7005,"Opcode":0,"Keywords":"0x8000000000000000","TimeCreated_attributes":{"SystemTime":"2013-10-23T16:17:46.484375Z"},"EventRecordID":246,"Correlation":null,"Execution_attributes":{"ProcessID":780,"ThreadID":784},"Channel":"System","Computer":"37L4247D28-05","Security_attributes":{"UserID":"S-1-5-18"}},"UserData":{"AddServiceID_attributes":{"xmlns:auto-ns2":"http://schemas.microsoft.com/win/2004/08/events","xmlns":"http://manifests.microsoft.com/win/2004/08/windows/userpnp"},"AddServiceID":{"ServiceName":"mouhid","DriverFileName":"system32\\DRIVERS\\mouhid.sys","DeviceInstanceID":"HID\\{58F75A6D-D949-4320-99E1-A2A2576D581C}\\6&E4AA24C&0&0000","PrimaryService":true,"UpdateService":true,"AddServiceStatus":0}}}}
{"Event_attributes":{"xmlns":"http://schemas.microsoft.com/win/2004/08/events/event"},"Event":{"System":{"Provider_attributes":{"Name":"Microsoft-Windows-UserPnp","Guid":"96F4A050-7E31-453C-88BE-9634F4E02139"},"EventID":20003,"Version":0,"Level":4,"Task":7005,"Opcode":0,"Keywords":"0x8000000000000000","TimeCreated_attributes":{"SystemTime":"2013-10-23T16:17:46.484375Z"},"EventRecordID":247,"Correlation":null,"Execution_attributes":{"ProcessID":780,"ThreadID":784},"Channel":"System","Computer":"37L4247D28-05","Security_attributes":{"UserID":"S-1-5-18"}},"UserData":{"AddServiceID_attributes":{"xmlns:auto-ns2":"http://schemas.microsoft.com/win/2004/08/events","xmlns":"http://manifests.microsoft.com/win/2004/08/windows/userpnp"},"AddServiceID":{"ServiceName":"mouclass","DriverFileName":"system32\\DRIVERS\\mouclass.sys","DeviceInstanceID":"HID\\{58F75A6D-D949-4320-99E1-A2A2576D581C}\\6&E4AA24C&0&0000","PrimaryService":false,"UpdateService":true,"AddServiceStatus":0}}}}
{"Event_attributes":{"xmlns":"http://schemas.microsoft.com/win/2004/08/events/event"},"Event":{"System":{"Provider_attributes":{"Name":"Microsoft-Windows-UserPnp","Guid":"96F4A050-7E31-453C-88BE-9634F4E02139"},"EventID":20001,"Version":0,"Level":4,"Task":7005,"Opcode":0,"Keywords":"0x8000000000000000","TimeCreated_attributes":{"SystemTime":"2013-10-23T16:17:46.625000Z"},"EventRecordID":248,"Correlation":null,"Execution_attributes":{"ProcessID":780,"ThreadID":784},"Channel":"System","Computer":"37L4247D28-05","Security_attributes":{"UserID":"S-1-5-18"}},"UserData":{"InstallDeviceID_attributes":{"xmlns:auto-ns2":"http://schemas.microsoft.com/win/2004/08/events","xmlns":"http://manifests.microsoft.com/win/2004/08/windows/userpnp"},"InstallDeviceID":{"DriverName":"FileRepository\\msmouse.inf_x86_neutral_7a9084e0177406eb\\msmouse.inf","DriverVersion":"6.1.7600.16385","DriverProvider":"Microsoft","DeviceInstanceID":"HID\\{58F75A6D-D949-4320-99E1-A2A2576D581C}\\6&E4AA24C&0&0000","SetupClass":"4D36E96F-E325-11CE-BFC1-08002BE10318","RebootOption":false,"UpgradeDevice":false,"IsDriverOEM":false,"InstallStatus":"0x0","DriverDescription":"HID-compliant mouse"}}}}
{"Event_attributes":{"xmlns":"http://schemas.microsoft.com/win/2004/08/events/event"},"Event":{"System":{"Provider_attributes":{"Name":"Microsoft-Windows-UserPnp","Guid":"96F4A050-7E31-453C-88BE-9634F4E02139"},"EventID":20003,"Version":0,"Level":4,"Task":7005,"Opcode":0,"Keywords":"0x8000000000000000","TimeCreated_attributes":{"SystemTime":"2013-10-23T16:17:53.640625Z"},"EventRecordID":249,"Correlation":null,"Execution_attributes":{"ProcessID":1536,"ThreadID":1900},"Channel":"System","Computer":"37L4247D28-05","Security_attributes":{"UserID":"S-1-5-18"}},"UserData":{"AddServiceID_attributes":{"xmlns:auto-ns2":"http://schemas.microsoft.com/win/2004/08/events","xmlns":"http://manifests.microsoft.com/win/2004/08/windows/userpnp"},"AddServiceID":{"ServiceName":"rdpbus","DriverFileName":"system32\\DRIVERS\\rdpbus.sys","DeviceInstanceID":"ROOT\\RDPBUS\\0000","PrimaryService":true,"UpdateService":true,"AddServiceStatus":0}}}}
{"Event_attributes":{"xmlns":"http://schemas.microsoft.com/win/2004/08/events/event"},"Event":{"System":{"Provider_attributes":{"Name":"Microsoft-Windows-UserPnp","Guid":"96F4A050-7E31-453C-88BE-9634F4E02139"},"EventID":20001,"Version":0,"Level":4,"Task":7005,"Opcode":0,"Keywords":"0x8000000000000000","TimeCreated_attributes":{"SystemTime":"2013-10-23T16:17:53.968750Z"},"EventRecordID":250,"Correlation":null,"Execution_attributes":{"ProcessID":1536,"ThreadID":1900},"Channel":"System","Computer":"37L4247D28-05","Security_attributes":{"UserID":"S-1-5-18"}},"UserData":{"InstallDeviceID_attributes":{"xmlns:auto-ns2":"http://schemas.microsoft.com/win/2004/08/events","xmlns":"http://manifests.microsoft.com/win/2004/08/windows/userpnp"},"InstallDeviceID":{"DriverName":"FileRepository\\rdpbus.inf_x86_neutral_27637529205407be\\rdpbus.inf","DriverVersion":"6.1.7600.16385","DriverProvider":"Microsoft","DeviceInstanceID":"ROOT\\RDPBUS\\0000","SetupClass":"4D36E97D-E325-11CE-BFC1-08002BE10318","RebootOption":false,"UpgradeDevice":false,"IsDriverOEM":false,"InstallStatus":"0x0","DriverDescription":"Remote Desktop Device Redirector Bus"}}}}
{"Event_attributes":{"xmlns":"http://schemas.microsoft.com/win/2004/08/events/event"},"Event":{"System":{"Provider_attributes":{"Name":"Microsoft-Windows-HttpEvent","Guid":"{7b6bc78c-898b-4170-bbf8-1a469ea43fc5}","EventSourceName":"HTTP"},"EventID_attributes":{"Qualifiers":16384},"EventID":15007,"Version":0,"Level":4,"Task":0,"Opcode":0,"Keywords":"0x80000000000000","TimeCreated_attributes":{"SystemTime":"2013-10-23T16:18:00.906250Z"},"EventRecordID":251,"Correlation":null,"Execution_attributes":{"ProcessID":4,"ThreadID":60},"Channel":"System","Computer":"37L4247D28-05","Security":null},"EventData":{"DeviceObject":"\\Device\\Http\\ReqQueue","Url":"http://+:80/116B50EB-ECE2-41ac-8429-9F9E963361B7/"}}}
{"Event_attributes":{"xmlns":"http://schemas.microsoft.com/win/2004/08/events/event"},"Event":{"System":{"Provider_attributes":{"Name":"Microsoft-Windows-HttpEvent","Guid":"{7b6bc78c-898b-4170-bbf8-1a469ea43fc5}","EventSourceName":"HTTP"},"EventID_attributes":{"Qualifiers":16384},"EventID":15007,"Version":0,"Level":4,"Task":0,"Opcode":0,"Keywords":"0x80000000000000","TimeCreated_attributes":{"SystemTime":"2013-10-23T16:18:01.125000Z"},"EventRecordID":252,"Correlation":null,"Execution_attributes":{"ProcessID":4,"ThreadID":60},"Channel":"System","Computer":"37L4247D28-05","Security":null},"EventData":{"DeviceObject":"\\Device\\Http\\ReqQueue","Url":"https://+:443/C574AC30-5794-4AEE-B1BB-6651C5315029/"}}}
{"Event_attributes":{"xmlns":"http://schemas.microsoft.com/win/2004/08/events/event"},"Event":{"System":{"Provider_attributes":{"Name":"Service Control Manager","Guid":"{555908d1-a6d7-4695-8e1e-26931d2012f4}","EventSourceName":"Service Control Manager"},"EventID_attributes":{"Qualifiers":16384},"EventID":7036,"Version":0,"Level":4,"Task":0,"Opcode":0,"Keywords":"0x8080000000000000","TimeCreated_attributes":{"SystemTime":"2013-10-23T16:18:04.390625Z"},"EventRecordID":253,"Correlation":null,"Execution_attributes":{"ProcessID":488,"ThreadID":588},"Channel":"System","Computer":"37L4247D28-05","Security":null},"EventData":{"param1":"Microsoft .NET Framework NGEN v2.0.50727_X86","param2":"running","Binary":"63006C0072005F006F007000740069006D0069007A006100740069006F006E005F00760032002E0030002E00350030003700320037005F00330032002F0034000000"}}}
{"Event_attributes":{"xmlns":"http://schemas.microsoft.com/win/2004/08/events/event"},"Event":{"System":{"Provider_attributes":{"Name":"Service Control Manager","Guid":"{555908d1-a6d7-4695-8e1e-26931d2012f4}","EventSourceName":"Service Control Manager"},"EventID_attributes":{"Qualifiers":16384},"EventID":7040,"Version":0,"Level":4,"Task":0,"Opcode":0,"Keywords":"0x8080000000000000","TimeCreated_attributes":{"SystemTime":"2013-10-23T16:18:04.390625Z"},"EventRecordID":254,"Correlation":null,"Execution_attributes":{"ProcessID":488,"ThreadID":588},"Channel":"System","Computer":"37L4247D28-05","Security_attributes":{"UserID":"S-1-5-18"}},"EventData":{"param1":"Microsoft .NET Framework NGEN v2.0.50727_X86","param2":"demand start","param3":"auto start","param4":"clr_optimization_v2.0.50727_32"}}}
{"Event_attributes":{"xmlns":"http://schemas.microsoft.com/win/2004/08/events/event"},"Event":{"System":{"Provider_attributes":{"Name":"Microsoft-Windows-UserPnp","Guid":"96F4A050-7E31-453C-88BE-9634F4E02139"},"EventID":20010,"Version":0,"Level":4,"Task":7010,"Opcode":0,"Keywords":"0x8000000000000000","TimeCreated_attributes":{"SystemTime":"2013-10-23T16:18:04.750000Z"},"EventRecordID":255,"Correlation":null,"Execution_attributes":{"ProcessID":616,"ThreadID":1644},"Channel":"System","Computer":"37L4247D28-05","Security_attributes":{"UserID":"S-1-5-18"}},"UserData":{"INFO_PNP_STATE_attributes":{"xmlns:auto-ns2":"http://schemas.microsoft.com/win/2004/08/events","xmlns":"http://manifests.microsoft.com/win/2004/08/windows/userpnp"},"INFO_PNP_STATE":{"InstallSubsystemState":true,"CachingSubsystemState":true}}}}
{"Event_attributes":{"xmlns":"http://schemas.microsoft.com/win/2004/08/events/event"},"Event":{"System":{"Provider_attributes":{"Name":"Service Control Manager","Guid":"{555908d1-a6d7-4695-8e1e-26931d2012f4}","EventSourceName":"Service Control Manager"},"EventID_attributes":{"Qualifiers":16384},"EventID":7036,"Version":0,"Level":4,"Task":0,"Opcode":0,"Keywords":"0x8080000000000000","TimeCreated_attributes":{"SystemTime":"2013-10-23T16:18:08.453125Z"},"EventRecordID":256,"Correlation":null,"Execution_attributes":{"ProcessID":488,"ThreadID":1612},"Channel":"System","Computer":"37L4247D28-05","Security":null},"EventData":{"param1":"Volume Shadow Copy","param2":"running","Binary":"5600530053002F0034000000"}}}
{"Event_attributes":{"xmlns":"http://schemas.microsoft.com/win/2004/08/events/event"},"Event":{"System":{"Provider_attributes":{"Name":"Service Control Manager","Guid":"{555908d1-a6d7-4695-8e1e-26931d2012f4}","EventSourceName":"Service Control Manager"},"EventID_attributes":{"Qualifiers":16384},"EventID":7036,"Version":0,"Level":4,"Task":0,"Opcode":0,"Keywords":"0x8080000000000000","TimeCreated_attributes":{"SystemTime":"2013-10-23T16:18:08.625000Z"},"EventRecordID":257,"Correlation":null,"Execution_attributes":{"ProcessID":488,"ThreadID":588},"Channel":"System","Computer":"37L4247D28-05","Security":null},"EventData":{"param1":"Microsoft Software Shadow Copy Provider","param2":"running","Binary":"730077007000720076002F0034000000"}}}
{"Event_attributes":{"xmlns":"http://schemas.microsoft.com/win/2004/08/events/event"},"Event":{"System":{"Provider_attributes":{"Name":"USER32"},"EventID_attributes":{"Qualifiers":32768},"EventID":1074,"Level":4,"Task":0,"Keywords":"0x80000000000000","TimeCreated_attributes":{"SystemTime":"2013-10-23T16:18:09.000000Z"},"EventRecordID":258,"Channel":"System","Computer":"37L4247D28-05","Security_attributes":{"UserID":"S-1-5-18"}},"EventData":{"Data":{"#text":["C:\\Windows\\system32\\winlogon.exe (37L4247D28-05)","WIN-QALA5Q3KJ43","Operating System: Upgrade (Planned)","0x80020003","restart","","NT AUTHORITY\\SYSTEM"]},"Binary":"0300028000000000000000000000000000000000000000000000000000000000"}}}
{"Event_attributes":{"xmlns":"http://schemas.microsoft.com/win/2004/08/events/event"},"Event":{"System":{"Provider_attributes":{"Name":"Microsoft-Windows-Setup","Guid":"75EBC33E-997F-49CF-B49F-ECC50184B75D"},"EventID":2003,"Version":0,"Level":4,"Task":3000,"Opcode":0,"Keywords":"0x2000000000000000","TimeCreated_attributes":{"SystemTime":"2013-10-23T16:18:09.203125Z"},"EventRecordID":259,"Correlation":null,"Execution_attributes":{"ProcessID":772,"ThreadID":776},"Channel":"System","Computer":"37L4247D28-05","Security_attributes":{"UserID":"S-1-5-18"}},"EventData":{"Host OS Name":"Windows (TM) Code Name \"Longhorn\" Preinstallation Environment","Install was an upgrade":false,"Host OS was Windows PE":true,"Host OS major version":6,"Host OS minor version":1,"Host OS build version":7600,"Host OS service pack Name":"","Host OS service pack major version":0,"Host OS service pack minor version":0}}}
{"Event_attributes":{"xmlns":"http://schemas.microsoft.com/win/2004/08/events/event"},"Event":{"System":{"Provider_attributes":{"Name":"Microsoft-Windows-Setup","Guid":"75EBC33E-997F-49CF-B49F-ECC50184B75D"},"EventID":2004,"Version":0,"Level":4,"Task":4000,"Opcode":0,"Keywords":"0x2000000000000000","TimeCreated_attributes":{"SystemTime":"2013-10-23T16:18:09.203125Z"},"EventRecordID":260,"Correlation":null,"Execution_attributes":{"ProcessID":772,"ThreadID":776},"Channel":"System","Computer":"37L4247D28-05","Security_attributes":{"UserID":"S-1-5-18"}},"EventData":{"OS Name":"Windows 7 Enterprise","OS EditionID":"Enterprise","OS major version":6,"OS minor version":1,"OS build version":7600,"OS service pack Name":"","OS service pack major version":0,"OS service pack minor version":0}}}
{"Event_attributes":{"xmlns":"http://schemas.microsoft.com/win/2004/08/events/event"},"Event":{"System":{"Provider_attributes":{"Name":"Service Control Manager","Guid":"{555908d1-a6d7-4695-8e1e-26931d2012f4}","EventSourceName":"Service Control Manager"},"EventID_attributes":{"Qualifiers":16384},"EventID":7036,"Version":0,"Level":4,"Task":0,"Opcode":0,"Keywords":"0x8080000000000000","TimeCreated_attributes":{"SystemTime":"2013-10-23T16:18:10.468750Z"},"EventRecordID":261,"Correlation":null,"Execution_attributes":{"ProcessID":488,"ThreadID":1612},"Channel":"System","Computer":"37L4247D28-05","Security":null},"EventData":{"param1":"Group Policy Client","param2":"stopped","Binary":"670070007300760063002F0031000000"}}}
{"Event_attributes":{"xmlns":"http://schemas.microsoft.com/win/2004/08/events/event"},"Event":{"System":{"Provider_attributes":{"Name":"Service Control Manager","Guid":"{555908d1-a6d7-4695-8e1e-26931d2012f4}","EventSourceName":"Service Control Manager"},"EventID_attributes":{"Qualifiers":16384},"EventID":7036,"Version":0,"Level":4,"Task":0,"Opcode":0,"Keywords":"0x8080000000000000","TimeCreated_attributes":{"SystemTime":"2013-10-23T16:18:10.781250Z"},"EventRecordID":262,"Correlation":null,"Execution_attributes":{"ProcessID":488,"ThreadID":588},"Channel":"System","Computer":"37L4247D28-05","Security":null},"EventData":{"param1":"Microsoft .NET Framework NGEN v2.0.50727_X86","param2":"stopped","Binary":"63006C0072005F006F007000740069006D0069007A006100740069006F006E005F00760032002E0030002E00350030003700320037005F00330032002F0031000000"}}}
{"Event_attributes":{"xmlns":"http://schemas.microsoft.com/win/2004/08/events/event"},"Event":{"System":{"Provider_attributes":{"Name":"Microsoft-Windows-DHCPv6-Client","Guid":"6A1F2B00-6A90-4C38-95A5-5CAB3B056778"},"EventID":51047,"Version":0,"Level":4,"Task":4,"Opcode":63,"Keywords":"0x2000000000000000","TimeCreated_attributes":{"SystemTime":"2013-10-23T16:18:10.812500Z"},"EventRecordID":263,"Correlation":null,"Execution_attributes":{"ProcessID":848,"ThreadID":1152},"Channel":"System","Computer":"37L4247D28-05","Security_attributes":{"UserID":"S-1-5-19"}},"EventData":{"DwordVal":1}}}
{"Event_attributes":{"xmlns":"http://schemas.microsoft.com/win/2004/08/events/event"},"Event":{"System":{"Provider_attributes":{"Name":"Microsoft-Windows-Dhcp-Client","Guid":"15A7A4F8-0072-4EAB-ABAD-F98A4D666AED"},"EventID":50037,"Version":0,"Level":4,"Task":4,"Opcode":69,"Keywords":"0x2000000000000000","TimeCreated_attributes":{"SystemTime":"2013-10-23T16:18:10.812500Z"},"EventRecordID":264,"Correlation":null,"Execution_attributes":{"ProcessID":848,"ThreadID":1120},"Channel":"System","Computer":"37L4247D28-05","Security_attributes":{"UserID":"S-1-5-19"}},"EventData":{"DwordVal":1}}}
{"Event_attributes":{"xmlns":"http://schemas.microsoft.com/win/2004/08/events/event"},"Event":{"System":{"Provider_attributes":{"Name":"Service Control Manager","Guid":"{555908d1-a6d7-4695-8e1e-26931d2012f4}","EventSourceName":"Service Control Manager"},"EventID_attributes":{"Qualifiers":16384},"EventID":7036,"Version":0,"Level":4,"Task":0,"Opcode":0,"Keywords":"0x8080000000000000","TimeCreated_attributes":{"SystemTime":"2013-10-23T16:18:10.812500Z"},"EventRecordID":265,"Correlation":null,"Execution_attributes":{"ProcessID":488,"ThreadID":588},"Channel":"System","Computer":"37L4247D28-05","Security":null},"EventData":{"param1":"DHCP Client","param2":"stopped","Binary":"44006800630070002F0031000000"}}}
{"Event_attributes":{"xmlns":"http://schemas.microsoft.com/win/2004/08/events/event"},"Event":{"System":{"Provider_attributes":{"Name":"Service Control Manager","Guid":"{555908d1-a6d7-4695-8e1e-26931d2012f4}","EventSourceName":"Service Control Manager"},"EventID_attributes":{"Qualifiers":16384},"EventID":7036,"Version":0,"Level":4,"Task":0,"Opcode":0,"Keywords":"0x8080000000000000","TimeCreated_attributes":{"SystemTime":"2013-10-23T16:18:10.828125Z"},"EventRecordID":266,"Correlation":null,"Execution_attributes":{"ProcessID":488,"ThreadID":588},"Channel":"System","Computer":"37L4247D28-05","Security":null},"EventData":{"param1":"Diagnostic System Host","param2":"stopped","Binary":"570064006900530079007300740065006D0048006F00730074002F0031000000"}}}
{"Event_attributes":{"xmlns":"http://schemas.microsoft.com/win/2004/08/events/event"},"Event":{"System":{"Provider_attributes":{"Name":"Service Control Manager","Guid":"{555908d1-a6d7-4695-8e1e-26931d2012f4}","EventSourceName":"Service Control Manager"},"EventID_attributes":{"Qualifiers":16384},"EventID":7036,"Version":0,"Level":4,"Task":0,"Opcode":0,"Keywords":"0x8080000000000000","TimeCreated_attributes":{"SystemTime":"2013-10-23T16:18:10.828125Z"},"EventRecordID":267,"Correlation":null,"Execution_attributes":{"ProcessID":488,"ThreadID":588},"Channel":"System","Computer":"37L4247D28-05","Security":null},"EventData":{"param1":"Power","param2":"stopped","Binary":"50006F007700650072002F0031000000"}}}
{"Event_attributes":{"xmlns":"http://schemas.microsoft.com/win/2004/08/events/event"},"Event":{"System":{"Provider_attributes":{"Name":"EventLog"},"EventID_attributes":{"Qualifiers":32768},"EventID":6006,"Level":4,"Task":0,"Keywords":"0x80000000000000","TimeCreated_attributes":{"SystemTime":"2013-10-23T16:18:11.000000Z"},"EventRecordID":268,"Channel":"System","Computer":"37L4247D28-05","Security":null},"EventData":{"Data":{"#text":""},"Binary":"0100000000000000"}}}
{"Event_attributes":{"xmlns":"http://schemas.microsoft.com/win/2004/08/events/event"},"Event":{"System":{"Provider_attributes":{"Name":"Service Control Manager","Guid":"{555908d1-a6d7-4695-8e1e-26931d2012f4}","EventSourceName":"Service Control Manager"},"EventID_attributes":{"Qualifiers":16384},"EventID":7036,"Version":0,"Level":4,"Task":0,"Opcode":0,"Keywords":"0x8080000000000000","TimeCreated_attributes":{"SystemTime":"2013-10-23T16:18:11.031250Z"},"EventRecordID":269,"Correlation":null,"Execution_attributes":{"ProcessID":488,"ThreadID":588},"Channel":"System","Computer":"37L4247D28-05","Security":null},"EventData":{"param1":"User Profile Service","param2":"stopped","Binary":"500072006F0066005300760063002F0031000000"}}}
{"Event_attributes":{"xmlns":"http://schemas.microsoft.com/win/2004/08/events/event"},"Event":{"System":{"Provider_attributes":{"Name":"Service Control Manager","Guid":"{555908d1-a6d7-4695-8e1e-26931d2012f4}","EventSourceName":"Service Control Manager"},"EventID_attributes":{"Qualifiers":16384},"EventID":7036,"Version":0,"Level":4,"Task":0,"Opcode":0,"Keywords":"0x8080000000000000","TimeCreated_attributes":{"SystemTime":"2013-10-23T16:18:11.031250Z"},"EventRecordID":270,"Correlation":null,"Execution_attributes":{"ProcessID":488,"ThreadID":588},"Channel":"System","Computer":"37L4247D28-05","Security":null},"EventData":{"param1":"Desktop Window Manager Session Manager","param2":"stopped","Binary":"5500780053006D0073002F0031000000"}}}
{"Event_attributes":{"xmlns":"http://schemas.microsoft.com/win/2004/08/events/event"},"Event":{"System":{"Provider_attributes":{"Name":"Service Control Manager","Guid":"{555908d1-a6d7-4695-8e1e-26931d2012f4}","EventSourceName":"Service Control Manager"},"EventID_attributes":{"Qualifiers":16384},"EventID":7036,"Version":0,"Level":4,"Task":0,"Opcode":0,"Keywords":"0x8080000000000000","TimeCreated_attributes":{"SystemTime":"2013-10-23T16:18:11.031250Z"},"EventRecordID":271,"Correlation":null,"Execution_attributes":{"ProcessID":488,"ThreadID":588},"Channel":"System","Computer":"37L4247D28-05","Security":null},"EventData":{"param1":"Distributed Link Tracking Client","param2":"stopped","Binary":"540072006B0057006B0073002F0031000000"}}}
{"Event_attributes":{"xmlns":"http://schemas.microsoft.com/win/2004/08/events/event"},"Event":{"System":{"Provider_attributes":{"Name":"Service Control Manager","Guid":"{555908d1-a6d7-4695-8e1e-26931d2012f4}","EventSourceName":"Service Control Manager"},"EventID_attributes":{"Qualifiers":16384},"EventID":7036,"Version":0,"Level":4,"Task":0,"Opcode":0,"Keywords":"0x8080000000000000","TimeCreated_attributes":{"SystemTime":"2013-10-23T16:18:11.046875Z"},"EventRecordID":272,"Correlation":null,"Execution_attributes":{"ProcessID":488,"ThreadID":588},"Channel":"System","Computer":"37L4247D28-05","Security":null},"EventData":{"param1":"Microsoft Software Shadow Copy Provider","param2":"stopped","Binary":"730077007000720076002F0031000000"}}}
{"Event_attributes":{"xmlns":"http://schemas.microsoft.com/win/2004/08/events/event"},"Event":{"System":{"Provider_attributes":{"Name":"Service Control Manager","Guid":"{555908d1-a6d7-4695-8e1e-26931d2012f4}","EventSourceName":"Service Control Manager"},"EventID_attributes":{"Qualifiers":16384},"EventID":7036,"Version":0,"Level":4,"Task":0,"Opcode":0,"Keywords":"0x8080000000000000","TimeCreated_attributes":{"SystemTime":"2013-10-23T16:18:11.140625Z"},"EventRecordID":273,"Correlation":null,"Execution_attributes":{"ProcessID":488,"ThreadID":588},"Channel":"System","Computer":"IE8Win7","Security":null},"EventData":{"param1":"Windows Event Log","param2":"stopped","Binary":"6500760065006E0074006C006F0067002F0031000000"}}}
{"Event_attributes":{"xmlns":"http://schemas.microsoft.com/win/2004/08/events/event"},"Event":{"System":{"Provider_attributes":{"Name":"Service Control Manager","Guid":"{555908d1-a6d7-4695-8e1e-26931d2012f4}","EventSourceName":"Service Control Manager"},"EventID_attributes":{"Qualifiers":16384},"EventID":7036,"Version":0,"Level":4,"Task":0,"Opcode":0,"Keywords":"0x8080000000000000","TimeCreated_attributes":{"SystemTime":"2013-10-23T16:18:11.140625Z"},"EventRecordID":274,"Correlation":null,"Execution_attributes":{"ProcessID":488,"ThreadID":588},"Channel":"System","Computer":"IE8Win7","Security":null},"EventData":{"param1":"Windows Licensing Monitoring Service","param2":"stopped","Binary":"57004C004D0053002F0031000000"}}}
{"Event_attributes":{"xmlns":"http://schemas.microsoft.com/win/2004/08/events/event"},"Event":{"System":{"Provider_attributes":{"Name":"Service Control Manager","Guid":"{555908d1-a6d7-4695-8e1e-26931d2012f4}","EventSourceName":"Service Control Manager"},"EventID_attributes":{"Qualifiers":16384},"EventID":7036,"Version":0,"Level":4,"Task":0,"Opcode":0,"Keywords":"0x8080000000000000","TimeCreated_attributes":{"SystemTime":"2013-10-23T16:18:11.140625Z"},"EventRecordID":275,"Correlation":null,"Execution_attributes":{"ProcessID":488,"ThreadID":588},"Channel":"System","Computer":"IE8Win7","Security":null},"EventData":{"param1":"Diagnostic Service Host","param2":"stopped","Binary":"570064006900530065007200760069006300650048006F00730074002F0031000000"}}}
{"Event_attributes":{"xmlns":"http://schemas.microsoft.com/win/2004/08/events/event"},"Event":{"System":{"Provider_attributes":{"Name":"Service Control Manager","Guid":"{555908d1-a6d7-4695-8e1e-26931d2012f4}","EventSourceName":"Service Control Manager"},"EventID_attributes":{"Qualifiers":16384},"EventID":7036,"Version":0,"Level":4,"Task":0,"Opcode":0,"Keywords":"0x8080000000000000","TimeCreated_attributes":{"SystemTime":"2013-10-23T16:18:11.156250Z"},"EventRecordID":276,"Correlation":null,"Execution_attributes":{"ProcessID":488,"ThreadID":588},"Channel":"System","Computer":"IE8Win7","Security":null},"EventData":{"param1":"Volume Shadow Copy","param2":"stopped","Binary":"5600530053002F0031000000"}}}
{"Event_attributes":{"xmlns":"http://schemas.microsoft.com/win/2004/08/events/event"},"Event":{"System":{"Provider_attributes":{"Name":"Service Control Manager","Guid":"{555908d1-a6d7-4695-8e1e-26931d2012f4}","EventSourceName":"Service Control Manager"},"EventID_attributes":{"Qualifiers":16384},"EventID":7036,"Version":0,"Level":4,"Task":0,"Opcode":0,"Keywords":"0x8080000000000000","TimeCreated_attributes":{"SystemTime":"2013-10-23T16:18:11.156250Z"},"EventRecordID":277,"Correlation":null,"Execution_attributes":{"ProcessID":488,"ThreadID":588},"Channel":"System","Computer":"IE8Win7","Security":null},"EventData":{"param1":"Windows Modules Installer","param2":"stopped","Binary":"540072007500730074006500640049006E007300740061006C006C00650072002F0031000000"}}}
{"Event_attributes":{"xmlns":"http://schemas.microsoft.com/win/2004/08/events/event"},"Event":{"System":{"Provider_attributes":{"Name":"Service Control Manager","Guid":"{555908d1-a6d7-4695-8e1e-26931d2012f4}","EventSourceName":"Service Control Manager"},"EventID_attributes":{"Qualifiers":16384},"EventID":7036,"Version":0,"Level":4,"Task":0,"Opcode":0,"Keywords":"0x8080000000000000","TimeCreated_attributes":{"SystemTime":"2013-10-23T16:18:11.250000Z"},"EventRecordID":278,"Correlation":null,"Execution_attributes":{"ProcessID":488,"ThreadID":588},"Channel":"System","Computer":"IE8Win7","Security":null},"EventData":{"param1":"Diagnostic Policy Service","param2":"stopped","Binary":"4400500053002F0031000000"}}}
{"Event_attributes":{"xmlns":"http://schemas.microsoft.com/win/2004/08/events/event"},"Event":{"System":{"Provider_attributes":{"Name":"Service Control Manager","Guid":"{555908d1-a6d7-4695-8e1e-26931d2012f4}","EventSourceName":"Service Control Manager"},"EventID_attributes":{"Qualifiers":16384},"EventID":7036,"Version":0,"Level":4,"Task":0,"Opcode":0,"Keywords":"0x8080000000000000","TimeCreated_attributes":{"SystemTime":"2013-10-23T16:18:11.250000Z"},"EventRecordID":279,"Correlation":null,"Execution_attributes":{"ProcessID":488,"ThreadID":588},"Channel":"System","Computer":"IE8Win7","Security":null},"EventData":{"param1":"Windows Management Instrumentation","param2":"stopped","Binary":"570069006E006D0067006D0074002F0031000000"}}}
{"Event_attributes":{"xmlns":"http://schemas.microsoft.com/win/2004/08/events/event"},"Event":{"System":{"Provider_attributes":{"Name":"Service Control Manager","Guid":"{555908d1-a6d7-4695-8e1e-26931d2012f4}","EventSourceName":"Service Control Manager"},"EventID_attributes":{"Qualifiers":16384},"EventID":7036,"Version":0,"Level":4,"Task":0,"Opcode":0,"Keywords":"0x8080000000000000","TimeCreated_attributes":{"SystemTime":"2013-10-23T16:18:11.296875Z"},"EventRecordID":280,"Correlation":null,"Execution_attributes":{"ProcessID":488,"ThreadID":588},"Channel":"System","Computer":"IE8Win7","Security":null},"EventData":{"param1":"Software Protection","param2":"stopped","Binary":"7300700070007300760063002F0031000000"}}}
{"Event_attributes":{"xmlns":"http://schemas.microsoft.com/win/2004/08/events/event"},"Event":{"System":{"Provider_attributes":{"Name":"Service Control Manager","Guid":"{555908d1-a6d7-4695-8e1e-26931d2012f4}","EventSourceName":"Service Control Manager"},"EventID_attributes":{"Qualifiers":16384},"EventID":7036,"Version":0,"Level":4,"Task":0,"Opcode":0,"Keywords":"0x8080000000000000","TimeCreated_attributes":{"SystemTime":"2013-10-23T16:18:11.312500Z"},"EventRecordID":281,"Correlation":null,"Execution_attributes":{"ProcessID":488,"ThreadID":588},"Channel":"System","Computer":"IE8Win7","Security":null},"EventData":{"param1":"Cryptographic Services","param2":"stopped","Binary":"430072007900700074005300760063002F0031000000"}}}
{"Event_attributes":{"xmlns":"http://schemas.microsoft.com/win/2004/08/events/event"},"Event":{"System":{"Provider_attributes":{"Name":"EventLog"},"EventID_attributes":{"Qualifiers":32768},"EventID":6011,"Level":4,"Task":0,"Keywords":"0x80000000000000","TimeCreated_attributes":{"SystemTime":"2013-10-23T16:21:28.000000Z"},"EventRecordID":282,"Channel":"System","Computer":"IE8Win7","Security":null},"EventData":{"Data":{"#text":["WIN-QALA5Q3KJ43","IE8Win7"]},"Binary":null}}}
{"Event_attributes":{"xmlns":"http://schemas.microsoft.com/win/2004/08/events/event"},"Event":{"System":{"Provider_attributes":{"Name":"EventLog"},"EventID_attributes":{"Qualifiers":32768},"EventID":6009,"Level":4,"Task":0,"Keywords":"0x80000000000000","TimeCreated_attributes":{"SystemTime":"2013-10-23T16:21:28.000000Z"},"EventRecordID":283,"Channel":"System","Computer":"IE8Win7","Security":null},"EventData":{"Data":{"#text":["6.01.","7600","","Multiprocessor Free","16385"]},"Binary":null}}}
{"Event_attributes":{"xmlns":"http://schemas.microsoft.com/win/2004/08/events/event"},"Event":{"System":{"Provider_attributes":{"Name":"EventLog"},"EventID_attributes":{"Qualifiers":32768},"EventID":6005,"Level":4,"Task":0,"Keywords":"0x80000000000000","TimeCreated_attributes":{"SystemTime":"2013-10-23T16:21:28.000000Z"},"EventRecordID":284,"Channel":"System","Computer":"IE8Win7","Security":null},"EventData":{"Data":{"#text":""},"Binary":"DD070A0003001700100015001C006D000000000000000000"}}}
{"Event_attributes":{"xmlns":"http://schemas.microsoft.com/win/2004/08/events/event"},"Event":{"System":{"Provider_attributes":{"Name":"EventLog"},"EventID_attributes":{"Qualifiers":32768},"EventID":6013,"Level":4,"Task":0,"Keywords":"0x80000000000000","TimeCreated_attributes":{"SystemTime":"2013-10-23T16:21:28.000000Z"},"EventRecordID":285,"Channel":"System","Computer":"IE8Win7","Security":null},"EventData":{"Data":{"#text":["","","","","181","60","480 Pacific Standard Time"]},"Binary":"31002E003100000030000000570069006E0064006F007700730020003700200045006E0074006500720070007200690073006500000036002E0031002E00370036003000300020004200750069006C006400200037003600300030002000200000004D0075006C0074006900700072006F0063006500730073006F00720020004600720065006500000037003600300030002E00770069006E0037005F00720074006D002E003000390030003700310033002D00310032003500350000003500320036003700660036006300310000004E006F007400200041007600610069006C00610062006C00650000004E006F007400200041007600610069006C00610062006C0065000000300000003100000035003100320000003400300039000000490045003800570069006E00370000000000"}}}
{"Event_attributes":{"xmlns":"http://schemas.microsoft.com/win/2004/08/events/event"},"Event":{"System":{"Provider_attributes":{"Name":"Microsoft-Windows-UserPnp","Guid":"96F4A050-7E31-453C-88BE-9634F4E02139"},"EventID":20010,"Version":0,"Level":4,"Task":7010,"Opcode":0,"Keywords":"0x8000000000000000","TimeCreated_attributes":{"SystemTime":"2013-10-23T16:18:11.328125Z"},"EventRecordID":286,"Correlation":null,"Execution_attributes":{"ProcessID":616,"ThreadID":624},"Channel":"System","Computer":"IE8Win7","Security_attributes":{"UserID":"S-1-5-18"}},"UserData":{"INFO_PNP_STATE_attributes":{"xmlns:auto-ns2":"http://schemas.microsoft.com/win/2004/08/events","xmlns":"http://manifests.microsoft.com/win/2004/08/windows/userpnp"},"INFO_PNP_STATE":{"InstallSubsystemState":false,"CachingSubsystemState":false}}}}
