{"Event_attributes":{"xmlns":"http://schemas.microsoft.com/win/2004/08/events/event"},"Event":{"System":{"Provider_attributes":{"Name":"Microsoft-Windows-WindowsUpdateClient","Guid":"945A8954-C147-4ACD-923F-40C45405A658"},"EventID":19,"Version":0,"Level":4,"Task":1,"Opcode":13,"Keywords":"0x8000000000000018","TimeCreated_attributes":{"SystemTime":"2013-10-23T20:38:14.682500Z"},"EventRecordID":2341,"Correlation":null,"Execution_attributes":{"ProcessID":872,"ThreadID":2356},"Channel":"System","Computer":"IE8Win7","Security_attributes":{"UserID":"S-1-5-18"}},"EventData":{"updateTitle":"Security Update for Microsoft .NET Framework 4 on XP, Server 2003, Vista, Windows 7, Server 2008 x86 (KB2835393)","updateGuid":"7F14A9FF-EAE7-4C4D-8F90-2E140F89246E","updateRevisionNumber":200}}}
{"Event_attributes":{"xmlns":"http://schemas.microsoft.com/win/2004/08/events/event"},"Event":{"System":{"Provider_attributes":{"Name":"Service Control Manager","Guid":"{555908d1-a6d7-4695-8e1e-26931d2012f4}","EventSourceName":"Service Control Manager"},"EventID_attributes":{"Qualifiers":16384},"EventID":7036,"Version":0,"Level":4,"Task":0,"Opcode":0,"Keywords":"0x8080000000000000","TimeCreated_attributes":{"SystemTime":"2013-10-23T20:40:53.245000Z"},"EventRecordID":2342,"Correlation":null,"Execution_attributes":{"ProcessID":516,"ThreadID":784},"Channel":"System","Computer":"IE8Win7","Security":null},"EventData":{"param1":"Microsoft Software Shadow Copy Provider","param2":"stopped","Binary":"730077007000720076002F0031000000"}}}
{"Event_attributes":{"xmlns":"http://schemas.microsoft.com/win/2004/08/events/event"},"Event":{"System":{"Provider_attributes":{"Name":"Service Control Manager","Guid":"{555908d1-a6d7-4695-8e1e-26931d2012f4}","EventSourceName":"Service Control Manager"},"EventID_attributes":{"Qualifiers":16384},"EventID":7036,"Version":0,"Level":4,"Task":0,"Opcode":0,"Keywords":"0x8080000000000000","TimeCreated_attributes":{"SystemTime":"2013-10-23T20:44:53.807500Z"},"EventRecordID":2343,"Correlation":null,"Execution_attributes":{"ProcessID":516,"ThreadID":3160},"Channel":"System","Computer":"IE8Win7","Security":null},"EventData":{"param1":"Application Experience","param2":"stopped","Binary":"410065004C006F006F006B00750070005300760063002F0031000000"}}}
{"Event_attributes":{"xmlns":"http://schemas.microsoft.com/win/2004/08/events/event"},"Event":{"System":{"Provider_attributes":{"Name":"Service Control Manager","Guid":"{555908d1-a6d7-4695-8e1e-26931d2012f4}","EventSourceName":"Service Control Manager"},"EventID_attributes":{"Qualifiers":16384},"EventID":7036,"Version":0,"Level":4,"Task":0,"Opcode":0,"Keywords":"0x8080000000000000","TimeCreated_attributes":{"SystemTime":"2013-10-23T20:44:59.479375Z"},"EventRecordID":2344,"Correlation":null,"Execution_attributes":{"ProcessID":516,"ThreadID":3604},"Channel":"System","Computer":"IE8Win7","Security":null},"EventData":{"param1":"Microsoft .NET Framework NGEN v4.0.30319_X86","param2":"stopped","Binary":"63006C0072005F006F007000740069006D0069007A006100740069006F006E005F00760034002E0030002E00330030003300310039005F00330032002F0031000000"}}}
{"Event_attributes":{"xmlns":"http://schemas.microsoft.com/win/2004/08/events/event"},"Event":{"System":{"Provider_attributes":{"Name":"Service Control Manager","Guid":"{555908d1-a6d7-4695-8e1e-26931d2012f4}","EventSourceName":"Service Control Manager"},"EventID_attributes":{"Qualifiers":16384},"EventID":7036,"Version":0,"Level":4,"Task":0,"Opcode":0,"Keywords":"0x8080000000000000","TimeCreated_attributes":{"SystemTime":"2013-10-23T20:48:09.026250Z"},"EventRecordID":2345,"Correlation":null,"Execution_attributes":{"ProcessID":516,"ThreadID":3604},"Channel":"System","Computer":"IE8Win7","Security":null},"EventData":{"param1":"Windows Installer","param2":"stopped","Binary":"6D00730069007300650072007600650072002F0031000000"}}}
{"Event_attributes":{"xmlns":"http://schemas.microsoft.com/win/2004/08/events/event"},"Event":{"System":{"Provider_attributes":{"Name":"USER32"},"EventID_attributes":{"Qualifiers":32768},"EventID":1074,"Level":4,"Task":0,"Keywords":"0x80000000000000","TimeCreated_attributes":{"SystemTime":"2013-10-23T20:49:42.000000Z"},"EventRecordID":2346,"Channel":"System","Computer":"IE8Win7","Security_attributes":{"UserID":"S-1-5-21-3463664321-2923530833-3546627382-1000"}},"EventData":{"Data":{"#text":["Explorer.EXE","IE8WIN7","Operating System: Recovery (Planned)","0x80020002","restart","","IE8Win7\\IEUser"]},"Binary":"0200028000000000000000000000000000000000000000000000000000000000"}}}
{"Event_attributes":{"xmlns":"http://schemas.microsoft.com/win/2004/08/events/event"},"Event":{"System":{"Provider_attributes":{"Name":"USER32"},"EventID_attributes":{"Qualifiers":32768},"EventID":1074,"Level":4,"Task":0,"Keywords":"0x80000000000000","TimeCreated_attributes":{"SystemTime":"2013-10-23T20:50:02.000000Z"},"EventRecordID":2347,"Channel":"System","Computer":"IE8Win7","Security_attributes":{"UserID":"S-1-5-21-3463664321-2923530833-3546627382-1000"}},"EventData":{"Data":{"#text":["C:\\Windows\\system32\\winlogon.exe (IE8WIN7)","IE8WIN7","No title for this reason could be found","0x500ff","restart","","IE8Win7\\IEUser"]},"Binary":"FF00050000000000000000000000000000000000000000000000000000000000"}}}
{"Event_attributes":{"xmlns":"http://schemas.microsoft.com/win/2004/08/events/event"},"Event":{"System":{"Provider_attributes":{"Name":"Microsoft-Windows-Winlogon","Guid":"DBE9B383-7CF3-4331-91CC-A3CB16A3B538"},"EventID":7002,"Version":0,"Level":4,"Task":1102,"Opcode":0,"Keywords":"0x2000000000000000","TimeCreated_attributes":{"SystemTime":"2013-10-23T20:50:02.870000Z"},"EventRecordID":2348,"Correlation_attributes":{"ActivityID":"2698178D-FDAD-40AE-9D3C-1371703ADC5B"},"Execution_attributes":{"ProcessID":456,"ThreadID":480},"Channel":"System","Computer":"IE8Win7","Security_attributes":{"UserID":"S-1-5-18"}},"EventData":{"TSId":1,"UserSid":"S-1-5-21-3463664321-2923530833-3546627382-1000"}}}
{"Event_attributes":{"xmlns":"http://schemas.microsoft.com/win/2004/08/events/event"},"Event":{"System":{"Provider_attributes":{"Name":"Service Control Manager","Guid":"{555908d1-a6d7-4695-8e1e-26931d2012f4}","EventSourceName":"Service Control Manager"},"EventID_attributes":{"Qualifiers":16384},"EventID":7036,"Version":0,"Level":4,"Task":0,"Opcode":0,"Keywords":"0x8080000000000000","TimeCreated_attributes":{"SystemTime":"2013-10-23T20:50:11.166875Z"},"EventRecordID":2349,"Correlation":null,"Execution_attributes":{"ProcessID":516,"ThreadID":3604},"Channel":"System","Computer":"IE8Win7","Security":null},"EventData":{"param1":"Windows Update","param2":"stopped","Binary":"770075006100750073006500720076002F0031000000"}}}
{"Event_attributes":{"xmlns":"http://schemas.microsoft.com/win/2004/08/events/event"},"Event":{"System":{"Provider_attributes":{"Name":"Service Control Manager","Guid":"{555908d1-a6d7-4695-8e1e-26931d2012f4}","EventSourceName":"Service Control Manager"},"EventID_attributes":{"Qualifiers":16384},"EventID":7036,"Version":0,"Level":4,"Task":0,"Opcode":0,"Keywords":"0x8080000000000000","TimeCreated_attributes":{"SystemTime":"2013-10-23T20:50:13.682500Z"},"EventRecordID":2350,"Correlation":null,"Execution_attributes":{"ProcessID":516,"ThreadID":3648},"Channel":"System","Computer":"IE8Win7","Security":null},"EventData":{"param1":"Group Policy Client","param2":"stopped","Binary":"670070007300760063002F0031000000"}}}
{"Event_attributes":{"xmlns":"http://schemas.microsoft.com/win/2004/08/events/event"},"Event":{"System":{"Provider_attributes":{"Name":"Microsoft-Windows-UserPnp","Guid":"96F4A050-7E31-453C-88BE-9634F4E02139"},"EventID":20010,"Version":0,"Level":4,"Task":7010,"Opcode":0,"Keywords":"0x8000000000000000","TimeCreated_attributes":{"SystemTime":"2013-10-23T20:50:16.948125Z"},"EventRecordID":2351,"Correlation":null,"Execution_attributes":{"ProcessID":640,"ThreadID":1600},"Channel":"System","Computer":"IE8Win7","Security_attributes":{"UserID":"S-1-5-18"}},"UserData":{"INFO_PNP_STATE_attributes":{"xmlns:auto-ns2":"http://schemas.microsoft.com/win/2004/08/events","xmlns":"http://manifests.microsoft.com/win/2004/08/windows/userpnp"},"INFO_PNP_STATE":{"InstallSubsystemState":false,"CachingSubsystemState":true}}}}
{"Event_attributes":{"xmlns":"http://schemas.microsoft.com/win/2004/08/events/event"},"Event":{"System":{"Provider_attributes":{"Name":"Service Control Manager","Guid":"{555908d1-a6d7-4695-8e1e-26931d2012f4}","EventSourceName":"Service Control Manager"},"EventID_attributes":{"Qualifiers":16384},"EventID":7036,"Version":0,"Level":4,"Task":0,"Opcode":0,"Keywords":"0x8080000000000000","TimeCreated_attributes":{"SystemTime":"2013-10-23T20:52:00.588750Z"},"EventRecordID":2352,"Correlation":null,"Execution_attributes":{"ProcessID":516,"ThreadID":3300},"Channel":"System","Computer":"IE8Win7","Security":null},"EventData":{"param1":"Shell Hardware Detection","param2":"stopped","Binary":"5300680065006C006C004800570044006500740065006300740069006F006E002F0031000000"}}}
{"Event_attributes":{"xmlns":"http://schemas.microsoft.com/win/2004/08/events/event"},"Event":{"System":{"Provider_attributes":{"Name":"Service Control Manager","Guid":"{555908d1-a6d7-4695-8e1e-26931d2012f4}","EventSourceName":"Service Control Manager"},"EventID_attributes":{"Qualifiers":16384},"EventID":7036,"Version":0,"Level":4,"Task":0,"Opcode":0,"Keywords":"0x8080000000000000","TimeCreated_attributes":{"SystemTime":"2013-10-23T20:52:08.182500Z"},"EventRecordID":2353,"Correlation":null,"Execution_attributes":{"ProcessID":516,"ThreadID":3300},"Channel":"System","Computer":"IE8Win7","Security":null},"EventData":{"param1":"Windows Modules Installer","param2":"stopped","Binary":"540072007500730074006500640049006E007300740061006C006C00650072002F0031000000"}}}
{"Event_attributes":{"xmlns":"http://schemas.microsoft.com/win/2004/08/events/event"},"Event":{"System":{"Provider_attributes":{"Name":"Microsoft-Windows-DHCPv6-Client","Guid":"6A1F2B00-6A90-4C38-95A5-5CAB3B056778"},"EventID":51047,"Version":0,"Level":4,"Task":4,"Opcode":63,"Keywords":"0x2000000000000000","TimeCreated_attributes":{"SystemTime":"2013-10-23T20:52:12.338750Z"},"EventRecordID":2354,"Correlation":null,"Execution_attributes":{"ProcessID":792,"ThreadID":1140},"Channel":"System","Computer":"IE8Win7","Security_attributes":{"UserID":"S-1-5-19"}},"EventData":{"DwordVal":1}}}
{"Event_attributes":{"xmlns":"http://schemas.microsoft.com/win/2004/08/events/event"},"Event":{"System":{"Provider_attributes":{"Name":"Microsoft-Windows-Dhcp-Client","Guid":"15A7A4F8-0072-4EAB-ABAD-F98A4D666AED"},"EventID":50037,"Version":0,"Level":4,"Task":4,"Opcode":69,"Keywords":"0x2000000000000000","TimeCreated_attributes":{"SystemTime":"2013-10-23T20:52:12.526250Z"},"EventRecordID":2355,"Correlation":null,"Execution_attributes":{"ProcessID":792,"ThreadID":1124},"Channel":"System","Computer":"IE8Win7","Security_attributes":{"UserID":"S-1-5-19"}},"EventData":{"DwordVal":1}}}
{"Event_attributes":{"xmlns":"http://schemas.microsoft.com/win/2004/08/events/event"},"Event":{"System":{"Provider_attributes":{"Name":"Service Control Manager","Guid":"{555908d1-a6d7-4695-8e1e-26931d2012f4}","EventSourceName":"Service Control Manager"},"EventID_attributes":{"Qualifiers":16384},"EventID":7036,"Version":0,"Level":4,"Task":0,"Opcode":0,"Keywords":"0x8080000000000000","TimeCreated_attributes":{"SystemTime":"2013-10-23T20:52:12.682500Z"},"EventRecordID":2356,"Correlation":null,"Execution_attributes":{"ProcessID":516,"ThreadID":1788},"Channel":"System","Computer":"IE8Win7","Security":null},"EventData":{"param1":"DHCP Client","param2":"stopped","Binary":"44006800630070002F0031000000"}}}
{"Event_attributes":{"xmlns":"http://schemas.microsoft.com/win/2004/08/events/event"},"Event":{"System":{"Provider_attributes":{"Name":"EventLog"},"EventID_attributes":{"Qualifiers":32768},"EventID":6006,"Level":4,"Task":0,"Keywords":"0x80000000000000","TimeCreated_attributes":{"SystemTime":"2013-10-23T20:52:14.000000Z"},"EventRecordID":2357,"Channel":"System","Computer":"IE8Win7","Security":null},"EventData":{"Data":{"#text":""},"Binary":"0100000000000000"}}}
{"Event_attributes":{"xmlns":"http://schemas.microsoft.com/win/2004/08/events/event"},"Event":{"System":{"Provider_attributes":{"Name":"Service Control Manager","Guid":"{555908d1-a6d7-4695-8e1e-26931d2012f4}","EventSourceName":"Service Control Manager"},"EventID_attributes":{"Qualifiers":16384},"EventID":7036,"Version":0,"Level":4,"Task":0,"Opcode":0,"Keywords":"0x8080000000000000","TimeCreated_attributes":{"SystemTime":"2013-10-23T20:52:13.635625Z"},"EventRecordID":2358,"Correlation":null,"Execution_attributes":{"ProcessID":516,"ThreadID":1788},"Channel":"System","Computer":"IE8Win7","Security":null},"EventData":{"param1":"Diagnostic Policy Service","param2":"stopped","Binary":"4400500053002F0031000000"}}}
{"Event_attributes":{"xmlns":"http://schemas.microsoft.com/win/2004/08/events/event"},"Event":{"System":{"Provider_attributes":{"Name":"Service Control Manager","Guid":"{555908d1-a6d7-4695-8e1e-26931d2012f4}","EventSourceName":"Service Control Manager"},"EventID_attributes":{"Qualifiers":16384},"EventID":7036,"Version":0,"Level":4,"Task":0,"Opcode":0,"Keywords":"0x8080000000000000","TimeCreated_attributes":{"SystemTime":"2013-10-23T20:52:13.713750Z"},"EventRecordID":2359,"Correlation":null,"Execution_attributes":{"ProcessID":516,"ThreadID":1788},"Channel":"System","Computer":"IE8Win7","Security":null},"EventData":{"param1":"Diagnostic Service Host","param2":"stopped","Binary":"570064006900530065007200760069006300650048006F00730074002F0031000000"}}}
{"Event_attributes":{"xmlns":"http://schemas.microsoft.com/win/2004/08/events/event"},"Event":{"System":{"Provider_attributes":{"Name":"Service Control Manager","Guid":"{555908d1-a6d7-4695-8e1e-26931d2012f4}","EventSourceName":"Service Control Manager"},"EventID_attributes":{"Qualifiers":16384},"EventID":7036,"Version":0,"Level":4,"Task":0,"Opcode":0,"Keywords":"0x8080000000000000","TimeCreated_attributes":{"SystemTime":"2013-10-23T20:52:13.791875Z"},"EventRecordID":2360,"Correlation":null,"Execution_attributes":{"ProcessID":516,"ThreadID":1788},"Channel":"System","Computer":"IE8Win7","Security":null},"EventData":{"param1":"Power","param2":"stopped","Binary":"50006F007700650072002F0031000000"}}}
{"Event_attributes":{"xmlns":"http://schemas.microsoft.com/win/2004/08/events/event"},"Event":{"System":{"Provider_attributes":{"Name":"Service Control Manager","Guid":"{555908d1-a6d7-4695-8e1e-26931d2012f4}","EventSourceName":"Service Control Manager"},"EventID_attributes":{"Qualifiers":16384},"EventID":7036,"Version":0,"Level":4,"Task":0,"Opcode":0,"Keywords":"0x8080000000000000","TimeCreated_attributes":{"SystemTime":"2013-10-23T20:52:14.448125Z"},"EventRecordID":2361,"Correlation":null,"Execution_attributes":{"ProcessID":516,"ThreadID":1788},"Channel":"System","Computer":"IE8Win7","Security":null},"EventData":{"param1":"User Profile Service","param2":"stopped","Binary":"500072006F0066005300760063002F0031000000"}}}
{"Event_attributes":{"xmlns":"http://schemas.microsoft.com/win/2004/08/events/event"},"Event":{"System":{"Provider_attributes":{"Name":"EventLog"},"EventID_attributes":{"Qualifiers":32768},"EventID":6009,"Level":4,"Task":0,"Keywords":"0x80000000000000","TimeCreated_attributes":{"SystemTime":"2013-10-23T20:54:22.000000Z"},"EventRecordID":2362,"Channel":"System","Computer":"IE8Win7","Security":null},"EventData":{"Data":{"#text":["6.01.","7601","Service Pack 1","Multiprocessor Free","17514"]},"Binary":null}}}
{"Event_attributes":{"xmlns":"http://schemas.microsoft.com/win/2004/08/events/event"},"Event":{"System":{"Provider_attributes":{"Name":"EventLog"},"EventID_attributes":{"Qualifiers":32768},"EventID":6005,"Level":4,"Task":0,"Keywords":"0x80000000000000","TimeCreated_attributes":{"SystemTime":"2013-10-23T20:54:22.000000Z"},"EventRecordID":2363,"Channel":"System","Computer":"IE8Win7","Security":null},"EventData":{"Data":{"#text":""},"Binary":"DD070A000300170014003600160019010000000000000000"}}}
{"Event_attributes":{"xmlns":"http://schemas.microsoft.com/win/2004/08/events/event"},"Event":{"System":{"Provider_attributes":{"Name":"EventLog"},"EventID_attributes":{"Qualifiers":32768},"EventID":6013,"Level":4,"Task":0,"Keywords":"0x80000000000000","TimeCreated_attributes":{"SystemTime":"2013-10-23T20:54:22.000000Z"},"EventRecordID":2364,"Channel":"System","Computer":"IE8Win7","Security":null},"EventData":{"Data":{"#text":["","","","","93","60","480 Pacific Standard Time"]},"Binary":"31002E003100000030000000570069006E0064006F007700730020003700200045006E0074006500720070007200690073006500000036002E0031002E00370036003000310020004200750069006C006400200037003600300031002000530065007200760069006300650020005000610063006B002000310000004D0075006C0074006900700072006F0063006500730073006F00720020004600720065006500000037003600300031002E00770069006E0037007300700031005F006700640072002E003100330030003800320038002D00310035003300320000003500320036003700660037006400340000004E006F007400200041007600610069006C00610062006C00650000004E006F007400200041007600610069006C00610062006C0065000000300000003100000035003100320000003400300039000000490045003800570069006E00370000000000"}}}
{"Event_attributes":{"xmlns":"http://schemas.microsoft.com/win/2004/08/events/event"},"Event":{"System":{"Provider_attributes":{"Name":"Microsoft-Windows-UserPnp","Guid":"96F4A050-7E31-453C-88BE-9634F4E02139"},"EventID":20010,"Version":0,"Level":4,"Task":7010,"Opcode":0,"Keywords":"0x8000000000000000","TimeCreated_attributes":{"SystemTime":"2013-10-23T20:52:14.541875Z"},"EventRecordID":2365,"Correlation":null,"Execution_attributes":{"ProcessID":640,"ThreadID":3524},"Channel":"System","Computer":"IE8Win7","Security_attributes":{"UserID":"S-1-5-18"}},"UserData":{"INFO_PNP_STATE_attributes":{"xmlns:auto-ns2":"http://schemas.microsoft.com/win/2004/08/events","xmlns":"http://manifests.microsoft.com/win/2004/08/windows/userpnp"},"INFO_PNP_STATE":{"InstallSubsystemState":false,"CachingSubsystemState":false}}}}
{"Event_attributes":{"xmlns":"http://schemas.microsoft.com/win/2004/08/events/event"},"Event":{"System":{"Provider_attributes":{"Name":"Service Control Manager","Guid":"{555908d1-a6d7-4695-8e1e-26931d2012f4}","EventSourceName":"Service Control Manager"},"EventID_attributes":{"Qualifiers":16384},"EventID":7036,"Version":0,"Level":4,"Task":0,"Opcode":0,"Keywords":"0x8080000000000000","TimeCreated_attributes":{"SystemTime":"2013-10-23T20:52:14.541875Z"},"EventRecordID":2366,"Correlation":null,"Execution_attributes":{"ProcessID":516,"ThreadID":1788},"Channel":"System","Computer":"IE8Win7","Security":null},"EventData":{"param1":"Plug and Play","param2":"stopped","Binary":"50006C007500670050006C00610079002F0031000000"}}}
{"Event_attributes":{"xmlns":"http://schemas.microsoft.com/win/2004/08/events/event"},"Event":{"System":{"Provider_attributes":{"Name":"Service Control Manager","Guid":"{555908d1-a6d7-4695-8e1e-26931d2012f4}","EventSourceName":"Service Control Manager"},"EventID_attributes":{"Qualifiers":16384},"EventID":7036,"Version":0,"Level":4,"Task":0,"Opcode":0,"Keywords":"0x8080000000000000","TimeCreated_attributes":{"SystemTime":"2013-10-23T20:52:16.354375Z"},"EventRecordID":2367,"Correlation":null,"Execution_attributes":{"ProcessID":516,"ThreadID":1788},"Channel":"System","Computer":"IE8Win7","Security":null},"EventData":{"param1":"Desktop Window Manager Session Manager","param2":"stopped","Binary":"5500780053006D0073002F0031000000"}}}
{"Event_attributes":{"xmlns":"http://schemas.microsoft.com/win/2004/08/events/event"},"Event":{"System":{"Provider_attributes":{"Name":"Service Control Manager","Guid":"{555908d1-a6d7-4695-8e1e-26931d2012f4}","EventSourceName":"Service Control Manager"},"EventID_attributes":{"Qualifiers":16384},"EventID":7036,"Version":0,"Level":4,"Task":0,"Opcode":0,"Keywords":"0x8080000000000000","TimeCreated_attributes":{"SystemTime":"2013-10-23T20:52:16.979375Z"},"EventRecordID":2368,"Correlation":null,"Execution_attributes":{"ProcessID":516,"ThreadID":1788},"Channel":"System","Computer":"IE8Win7","Security":null},"EventData":{"param1":"Distributed Link Tracking Client","param2":"stopped","Binary":"540072006B0057006B0073002F0031000000"}}}
{"Event_attributes":{"xmlns":"http://schemas.microsoft.com/win/2004/08/events/event"},"Event":{"System":{"Provider_attributes":{"Name":"Service Control Manager","Guid":"{555908d1-a6d7-4695-8e1e-26931d2012f4}","EventSourceName":"Service Control Manager"},"EventID_attributes":{"Qualifiers":16384},"EventID":7036,"Version":0,"Level":4,"Task":0,"Opcode":0,"Keywords":"0x8080000000000000","TimeCreated_attributes":{"SystemTime":"2013-10-23T20:52:17.604375Z"},"EventRecordID":2369,"Correlation":null,"Execution_attributes":{"ProcessID":516,"ThreadID":1788},"Channel":"System","Computer":"IE8Win7","Security":null},"EventData":{"param1":"SPP Notification Service","param2":"stopped","Binary":"730070007000750069006E006F0074006900660079002F0031000000"}}}
{"Event_attributes":{"xmlns":"http://schemas.microsoft.com/win/2004/08/events/event"},"Event":{"System":{"Provider_attributes":{"Name":"Service Control Manager","Guid":"{555908d1-a6d7-4695-8e1e-26931d2012f4}","EventSourceName":"Service Control Manager"},"EventID_attributes":{"Qualifiers":16384},"EventID":7036,"Version":0,"Level":4,"Task":0,"Opcode":0,"Keywords":"0x8080000000000000","TimeCreated_attributes":{"SystemTime":"2013-10-23T20:52:18.760625Z"},"EventRecordID":2370,"Correlation":null,"Execution_attributes":{"ProcessID":516,"ThreadID":1788},"Channel":"System","Computer":"IE8Win7","Security":null},"EventData":{"param1":"Windows Font Cache Service","param2":"stopped","Binary":"46006F006E007400430061006300680065002F0031000000"}}}
{"Event_attributes":{"xmlns":"http://schemas.microsoft.com/win/2004/08/events/event"},"Event":{"System":{"Provider_attributes":{"Name":"Service Control Manager","Guid":"{555908d1-a6d7-4695-8e1e-26931d2012f4}","EventSourceName":"Service Control Manager"},"EventID_attributes":{"Qualifiers":16384},"EventID":7036,"Version":0,"Level":4,"Task":0,"Opcode":0,"Keywords":"0x8080000000000000","TimeCreated_attributes":{"SystemTime":"2013-10-23T20:52:19.198125Z"},"EventRecordID":2371,"Correlation":null,"Execution_attributes":{"ProcessID":516,"ThreadID":1788},"Channel":"System","Computer":"IE8Win7","Security":null},"EventData":{"param1":"Windows Licensing Monitoring Service","param2":"stopped","Binary":"57004C004D0053002F0031000000"}}}
{"Event_attributes":{"xmlns":"http://schemas.microsoft.com/win/2004/08/events/event"},"Event":{"System":{"Provider_attributes":{"Name":"Microsoft-Windows-Kernel-Power","Guid":"331C3B3A-2005-44C2-AC5E-77220C37D6B4"},"EventID":109,"Version":0,"Level":4,"Task":103,"Opcode":0,"Keywords":"0x8000000000000004","TimeCreated_attributes":{"SystemTime":"2013-10-23T20:52:19.213750Z"},"EventRecordID":2372,"Correlation":null,"Execution_attributes":{"ProcessID":428,"ThreadID":432},"Channel":"System","Computer":"IE8Win7","Security":null},"EventData":{"ShutdownActionType":5,"ShutdownEventCode":0,"ShutdownReason":0}}}
{"Event_attributes":{"xmlns":"http://schemas.microsoft.com/win/2004/08/events/event"},"Event":{"System":{"Provider_attributes":{"Name":"Service Control Manager","Guid":"{555908d1-a6d7-4695-8e1e-26931d2012f4}","EventSourceName":"Service Control Manager"},"EventID_attributes":{"Qualifiers":16384},"EventID":7036,"Version":0,"Level":4,"Task":0,"Opcode":0,"Keywords":"0x8080000000000000","TimeCreated_attributes":{"SystemTime":"2013-10-23T20:52:21.088750Z"},"EventRecordID":2373,"Correlation":null,"Execution_attributes":{"ProcessID":516,"ThreadID":1788},"Channel":"System","Computer":"IE8Win7","Security":null},"EventData":{"param1":"SSDP Discovery","param2":"stopped","Binary":"53005300440050005300520056002F0031000000"}}}
{"Event_attributes":{"xmlns":"http://schemas.microsoft.com/win/2004/08/events/event"},"Event":{"System":{"Provider_attributes":{"Name":"Service Control Manager","Guid":"{555908d1-a6d7-4695-8e1e-26931d2012f4}","EventSourceName":"Service Control Manager"},"EventID_attributes":{"Qualifiers":16384},"EventID":7036,"Version":0,"Level":4,"Task":0,"Opcode":0,"Keywords":"0x8080000000000000","TimeCreated_attributes":{"SystemTime":"2013-10-23T20:52:21.995000Z"},"EventRecordID":2374,"Correlation":null,"Execution_attributes":{"ProcessID":516,"ThreadID":1788},"Channel":"System","Computer":"IE8Win7","Security":null},"EventData":{"param1":"Windows Event Log","param2":"stopped","Binary":"6500760065006E0074006C006F0067002F0031000000"}}}
{"Event_attributes":{"xmlns":"http://schemas.microsoft.com/win/2004/08/events/event"},"Event":{"System":{"Provider_attributes":{"Name":"Service Control Manager","Guid":"{555908d1-a6d7-4695-8e1e-26931d2012f4}","EventSourceName":"Service Control Manager"},"EventID_attributes":{"Qualifiers":16384},"EventID":7036,"Version":0,"Level":4,"Task":0,"Opcode":0,"Keywords":"0x8080000000000000","TimeCreated_attributes":{"SystemTime":"2013-10-23T20:52:22.557500Z"},"EventRecordID":2375,"Correlation":null,"Execution_attributes":{"ProcessID":516,"ThreadID":1788},"Channel":"System","Computer":"IE8Win7","Security":null},"EventData":{"param1":"Security Center","param2":"stopped","Binary":"7700730063007300760063002F0031000000"}}}
{"Event_attributes":{"xmlns":"http://schemas.microsoft.com/win/2004/08/events/event"},"Event":{"System":{"Provider_attributes":{"Name":"Service Control Manager","Guid":"{555908d1-a6d7-4695-8e1e-26931d2012f4}","EventSourceName":"Service Control Manager"},"EventID_attributes":{"Qualifiers":16384},"EventID":7036,"Version":0,"Level":4,"Task":0,"Opcode":0,"Keywords":"0x8080000000000000","TimeCreated_attributes":{"SystemTime":"2013-10-23T20:52:22.995000Z"},"EventRecordID":2376,"Correlation":null,"Execution_attributes":{"ProcessID":516,"ThreadID":1788},"Channel":"System","Computer":"IE8Win7","Security":null},"EventData":{"param1":"Windows Management Instrumentation","param2":"stopped","Binary":"570069006E006D0067006D0074002F0031000000"}}}
{"Event_attributes":{"xmlns":"http://schemas.microsoft.com/win/2004/08/events/event"},"Event":{"System":{"Provider_attributes":{"Name":"Service Control Manager","Guid":"{555908d1-a6d7-4695-8e1e-26931d2012f4}","EventSourceName":"Service Control Manager"},"EventID_attributes":{"Qualifiers":16384},"EventID":7036,"Version":0,"Level":4,"Task":0,"Opcode":0,"Keywords":"0x8080000000000000","TimeCreated_attributes":{"SystemTime":"2013-10-23T20:52:23.760625Z"},"EventRecordID":2377,"Correlation":null,"Execution_attributes":{"ProcessID":516,"ThreadID":1788},"Channel":"System","Computer":"IE8Win7","Security":null},"EventData":{"param1":"Cryptographic Services","param2":"stopped","Binary":"430072007900700074005300760063002F0031000000"}}}
{"Event_attributes":{"xmlns":"http://schemas.microsoft.com/win/2004/08/events/event"},"Event":{"System":{"Provider_attributes":{"Name":"Microsoft-Windows-Kernel-General","Guid":"A68CA8B7-004F-D7B6-A698-07E2DE0F1F5D"},"EventID":13,"Version":0,"Level":4,"Task":0,"Opcode":0,"Keywords":"0x8000000000000000","TimeCreated_attributes":{"SystemTime":"2013-10-23T20:52:26.948125Z"},"EventRecordID":2378,"Correlation":null,"Execution_attributes":{"ProcessID":4,"ThreadID":24},"Channel":"System","Computer":"IE8Win7","Security":null},"EventData":{"StopTime":"2013-10-23T20:52:26.948125Z"}}}
{"Event_attributes":{"xmlns":"http://schemas.microsoft.com/win/2004/08/events/event"},"Event":{"System":{"Provider_attributes":{"Name":"Service Control Manager","Guid":"{555908d1-a6d7-4695-8e1e-26931d2012f4}","EventSourceName":"Service Control Manager"},"EventID_attributes":{"Qualifiers":16384},"EventID":7036,"Version":0,"Level":4,"Task":0,"Opcode":0,"Keywords":"0x8080000000000000","TimeCreated_attributes":{"SystemTime":"2013-10-23T20:52:27.416875Z"},"EventRecordID":2379,"Correlation":null,"Execution_attributes":{"ProcessID":516,"ThreadID":1788},"Channel":"System","Computer":"IE8Win7","Security":null},"EventData":{"param1":"Superfetch","param2":"stopped","Binary":"5300790073004D00610069006E002F0031000000"}}}
{"Event_attributes":{"xmlns":"http://schemas.microsoft.com/win/2004/08/events/event"},"Event":{"System":{"Provider_attributes":{"Name":"Microsoft-Windows-Kernel-General","Guid":"A68CA8B7-004F-D7B6-A698-07E2DE0F1F5D"},"EventID":12,"Version":0,"Level":4,"Task":0,"Opcode":0,"Keywords":"0x8000000000000000","TimeCreated_attributes":{"SystemTime":"2013-10-23T20:52:48.593750Z"},"EventRecordID":2380,"Correlation":null,"Execution_attributes":{"ProcessID":4,"ThreadID":8},"Channel":"System","Computer":"IE8Win7","Security_attributes":{"UserID":"S-1-5-18"}},"EventData":{"MajorVersion":6,"MinorVersion":1,"BuildVersion":7601,"QfeVersion":18247,"ServiceVersion":1,"BootMode":0,"StartTime":"2013-10-23T20:52:48.500000Z"}}}
{"Event_attributes":{"xmlns":"http://schemas.microsoft.com/win/2004/08/events/event"},"Event":{"System":{"Provider_attributes":{"Name":"Microsoft-Windows-FilterManager","Guid":"F3C5E28E-63F6-49C7-A204-E48A1BC4B09D"},"EventID":6,"Version":0,"Level":4,"Task":0,"Opcode":0,"Keywords":"0x8000000000000000","TimeCreated_attributes":{"SystemTime":"2013-10-23T20:52:49.718750Z"},"EventRecordID":2381,"Correlation":null,"Execution_attributes":{"ProcessID":4,"ThreadID":8},"Channel":"System","Computer":"IE8Win7","Security_attributes":{"UserID":"S-1-5-18"}},"EventData":{"FinalStatus":"0x0","DeviceVersionMajor":6,"DeviceVersionMinor":1,"DeviceNameLength":8,"DeviceName":"FileInfo","DeviceTime":"2009-07-13T16:21:51.000000Z"}}}
{"Event_attributes":{"xmlns":"http://schemas.microsoft.com/win/2004/08/events/event"},"Event":{"System":{"Provider_attributes":{"Name":"storflt"},"EventID_attributes":{"Qualifiers":16390},"EventID":3,"Level":4,"Task":0,"Keywords":"0x80000000000000","TimeCreated_attributes":{"SystemTime":"2013-10-23T20:52:49.765625Z"},"EventRecordID":2382,"Channel":"System","Computer":"IE8Win7","Security":null},"EventData":{"Data":{"#text":["","IDE","0,0,0,0"]},"Binary":"00000000030030000000000003000640000000000000000000000000000000000000000000000000"}}}
{"Event_attributes":{"xmlns":"http://schemas.microsoft.com/win/2004/08/events/event"},"Event":{"System":{"Provider_attributes":{"Name":"netvsc"},"EventID_attributes":{"Qualifiers":16384},"EventID":0,"Level":4,"Task":0,"Keywords":"0x80000000000000","TimeCreated_attributes":{"SystemTime":"2013-10-23T20:53:53.609375Z"},"EventRecordID":2383,"Channel":"System","Computer":"IE8Win7","Security":null},"EventData":{"Data":{"#text":["","3.2"]},"Binary":"0000000002002C000000000000000040000000000000000000000000000000000000000000000000"}}}
{"Event_attributes":{"xmlns":"http://schemas.microsoft.com/win/2004/08/events/event"},"Event":{"System":{"Provider_attributes":{"Name":"netvsc"},"EventID_attributes":{"Qualifiers":16384},"EventID":1,"Level":4,"Task":0,"Keywords":"0x80000000000000","TimeCreated_attributes":{"SystemTime":"2013-10-23T20:53:53.609375Z"},"EventRecordID":2384,"Channel":"System","Computer":"IE8Win7","Security":null},"EventData":{"Data":{"#text":["","Microsoft Virtual Machine Bus Network Adapter"]},"Binary":"0000000002002C000000000001000040000000000000000000000000000000000000000000000000"}}}
{"Event_attributes":{"xmlns":"http://schemas.microsoft.com/win/2004/08/events/event"},"Event":{"System":{"Provider_attributes":{"Name":"netvsc"},"EventID_attributes":{"Qualifiers":16384},"EventID":8,"Level":4,"Task":0,"Keywords":"0x80000000000000","TimeCreated_attributes":{"SystemTime":"2013-10-23T20:53:53.609375Z"},"EventRecordID":2385,"Channel":"System","Computer":"IE8Win7","Security":null},"EventData":{"Data":{"#text":["","Microsoft Virtual Machine Bus Network Adapter"]},"Binary":"0000000002002C000000000008000040000000000000000000000000000000000000000000000000"}}}
{"Event_attributes":{"xmlns":"http://schemas.microsoft.com/win/2004/08/events/event"},"Event":{"System":{"Provider_attributes":{"Name":"Microsoft-Windows-Kernel-Processor-Power","Guid":"0F67E49F-FE51-4E9F-B490-6F2948CC6027"},"EventID":26,"Version":0,"Level":4,"Task":4,"Opcode":0,"Keywords":"0x8000000000000000","TimeCreated_attributes":{"SystemTime":"2013-10-23T20:53:53.625000Z"},"EventRecordID":2386,"Correlation":null,"Execution_attributes":{"ProcessID":4,"ThreadID":48},"Channel":"System","Computer":"IE8Win7","Security_attributes":{"UserID":"S-1-5-18"}},"EventData":{"Group":0,"Number":0,"IdleStateCount":1,"PerfStateCount":0,"ThrottleStateCount":0,"ComplexData_attributes":{"Name":"IdleState"},"ComplexData":"01","ComplexData_1_attributes":{"Name":"PerfState"}}}}
{"Event_attributes":{"xmlns":"http://schemas.microsoft.com/win/2004/08/events/event"},"Event":{"System":{"Provider_attributes":{"Name":"netvsc"},"EventID_attributes":{"Qualifiers":16384},"EventID":7,"Level":4,"Task":0,"Keywords":"0x80000000000000","TimeCreated_attributes":{"SystemTime":"2013-10-23T20:53:53.671875Z"},"EventRecordID":2387,"Channel":"System","Computer":"IE8Win7","Security":null},"EventData":{"Data":{"#text":["","Microsoft Virtual Machine Bus Network Adapter"]},"Binary":"0000000002002C000000000007000040000000000000000000000000000000000000000000000000"}}}
{"Event_attributes":{"xmlns":"http://schemas.microsoft.com/win/2004/08/events/event"},"Event":{"System":{"Provider_attributes":{"Name":"netvsc"},"EventID_attributes":{"Qualifiers":16384},"EventID":8,"Level":4,"Task":0,"Keywords":"0x80000000000000","TimeCreated_attributes":{"SystemTime":"2013-10-23T20:53:53.812500Z"},"EventRecordID":2388,"Channel":"System","Computer":"IE8Win7","Security":null},"EventData":{"Data":{"#text":["","Microsoft Virtual Machine Bus Network Adapter"]},"Binary":"0000000002002C000000000008000040000000000000000000000000000000000000000000000000"}}}
{"Event_attributes":{"xmlns":"http://schemas.microsoft.com/win/2004/08/events/event"},"Event":{"System":{"Provider_attributes":{"Name":"Service Control Manager","Guid":"{555908d1-a6d7-4695-8e1e-26931d2012f4}","EventSourceName":"Service Control Manager"},"EventID_attributes":{"Qualifiers":16384},"EventID":7036,"Version":0,"Level":4,"Task":0,"Opcode":0,"Keywords":"0x8080000000000000","TimeCreated_attributes":{"SystemTime":"2013-10-23T20:54:21.656250Z"},"EventRecordID":2389,"Correlation":null,"Execution_attributes":{"ProcessID":516,"ThreadID":616},"Channel":"System","Computer":"IE8Win7","Security":null},"EventData":{"param1":"Plug and Play","param2":"running","Binary":"50006C007500670050006C00610079002F0034000000"}}}
{"Event_attributes":{"xmlns":"http://schemas.microsoft.com/win/2004/08/events/event"},"Event":{"System":{"Provider_attributes":{"Name":"Microsoft-Windows-UserPnp","Guid":"96F4A050-7E31-453C-88BE-9634F4E02139"},"EventID":20010,"Version":0,"Level":4,"Task":7010,"Opcode":0,"Keywords":"0x8000000000000000","TimeCreated_attributes":{"SystemTime":"2013-10-23T20:54:21.656250Z"},"EventRecordID":2390,"Correlation":null,"Execution_attributes":{"ProcessID":628,"ThreadID":644},"Channel":"System","Computer":"IE8Win7","Security_attributes":{"UserID":"S-1-5-18"}},"UserData":{"INFO_PNP_STATE_attributes":{"xmlns:auto-ns2":"http://schemas.microsoft.com/win/2004/08/events","xmlns":"http://manifests.microsoft.com/win/2004/08/windows/userpnp"},"INFO_PNP_STATE":{"InstallSubsystemState":false,"CachingSubsystemState":true}}}}
{"Event_attributes":{"xmlns":"http://schemas.microsoft.com/win/2004/08/events/event"},"Event":{"System":{"Provider_attributes":{"Name":"Service Control Manager","Guid":"{555908d1-a6d7-4695-8e1e-26931d2012f4}","EventSourceName":"Service Control Manager"},"EventID_attributes":{"Qualifiers":16384},"EventID":7036,"Version":0,"Level":4,"Task":0,"Opcode":0,"Keywords":"0x8080000000000000","TimeCreated_attributes":{"SystemTime":"2013-10-23T20:54:21.921875Z"},"EventRecordID":2391,"Correlation":null,"Execution_attributes":{"ProcessID":516,"ThreadID":616},"Channel":"System","Computer":"IE8Win7","Security":null},"EventData":{"param1":"Power","param2":"running","Binary":"50006F007700650072002F0034000000"}}}
{"Event_attributes":{"xmlns":"http://schemas.microsoft.com/win/2004/08/events/event"},"Event":{"System":{"Provider_attributes":{"Name":"Microsoft-Windows-FilterManager","Guid":"F3C5E28E-63F6-49C7-A204-E48A1BC4B09D"},"EventID":6,"Version":0,"Level":4,"Task":0,"Opcode":0,"Keywords":"0x8000000000000000","TimeCreated_attributes":{"SystemTime":"2013-10-23T20:54:22.000000Z"},"EventRecordID":2392,"Correlation":null,"Execution_attributes":{"ProcessID":4,"ThreadID":56},"Channel":"System","Computer":"IE8Win7","Security_attributes":{"UserID":"S-1-5-18"}},"EventData":{"FinalStatus":"0x0","DeviceVersionMajor":6,"DeviceVersionMinor":1,"DeviceNameLength":5,"DeviceName":"luafv","DeviceTime":"2009-07-13T16:15:44.000000Z"}}}
{"Event_attributes":{"xmlns":"http://schemas.microsoft.com/win/2004/08/events/event"},"Event":{"System":{"Provider_attributes":{"Name":"Service Control Manager","Guid":"{555908d1-a6d7-4695-8e1e-26931d2012f4}","EventSourceName":"Service Control Manager"},"EventID_attributes":{"Qualifiers":16384},"EventID":7036,"Version":0,"Level":4,"Task":0,"Opcode":0,"Keywords":"0x8080000000000000","TimeCreated_attributes":{"SystemTime":"2013-10-23T20:54:22.062500Z"},"EventRecordID":2393,"Correlation":null,"Execution_attributes":{"ProcessID":516,"ThreadID":616},"Channel":"System","Computer":"IE8Win7","Security":null},"EventData":{"param1":"DCOM Server Process Launcher","param2":"running","Binary":"440063006F006D004C00610075006E00630068002F0034000000"}}}
{"Event_attributes":{"xmlns":"http://schemas.microsoft.com/win/2004/08/events/event"},"Event":{"System":{"Provider_attributes":{"Name":"Service Control Manager","Guid":"{555908d1-a6d7-4695-8e1e-26931d2012f4}","EventSourceName":"Service Control Manager"},"EventID_attributes":{"Qualifiers":16384},"EventID":7036,"Version":0,"Level":4,"Task":0,"Opcode":0,"Keywords":"0x8080000000000000","TimeCreated_attributes":{"SystemTime":"2013-10-23T20:54:22.078125Z"},"EventRecordID":2394,"Correlation":null,"Execution_attributes":{"ProcessID":516,"ThreadID":616},"Channel":"System","Computer":"IE8Win7","Security":null},"EventData":{"param1":"RPC Endpoint Mapper","param2":"running","Binary":"5200700063004500700074004D00610070007000650072002F0034000000"}}}
{"Event_attributes":{"xmlns":"http://schemas.microsoft.com/win/2004/08/events/event"},"Event":{"System":{"Provider_attributes":{"Name":"Service Control Manager","Guid":"{555908d1-a6d7-4695-8e1e-26931d2012f4}","EventSourceName":"Service Control Manager"},"EventID_attributes":{"Qualifiers":16384},"EventID":7036,"Version":0,"Level":4,"Task":0,"Opcode":0,"Keywords":"0x8080000000000000","TimeCreated_attributes":{"SystemTime":"2013-10-23T20:54:22.156250Z"},"EventRecordID":2395,"Correlation":null,"Execution_attributes":{"ProcessID":516,"ThreadID":616},"Channel":"System","Computer":"IE8Win7","Security":null},"EventData":{"param1":"Remote Procedure Call (RPC)","param2":"running","Binary":"520070006300530073002F0034000000"}}}
{"Event_attributes":{"xmlns":"http://schemas.microsoft.com/win/2004/08/events/event"},"Event":{"System":{"Provider_attributes":{"Name":"Service Control Manager","Guid":"{555908d1-a6d7-4695-8e1e-26931d2012f4}","EventSourceName":"Service Control Manager"},"EventID_attributes":{"Qualifiers":16384},"EventID":7036,"Version":0,"Level":4,"Task":0,"Opcode":0,"Keywords":"0x8080000000000000","TimeCreated_attributes":{"SystemTime":"2013-10-23T20:54:22.734375Z"},"EventRecordID":2396,"Correlation":null,"Execution_attributes":{"ProcessID":516,"ThreadID":616},"Channel":"System","Computer":"IE8Win7","Security":null},"EventData":{"param1":"Windows Event Log","param2":"running","Binary":"6500760065006E0074006C006F0067002F0034000000"}}}
{"Event_attributes":{"xmlns":"http://schemas.microsoft.com/win/2004/08/events/event"},"Event":{"System":{"Provider_attributes":{"Name":"Service Control Manager","Guid":"{555908d1-a6d7-4695-8e1e-26931d2012f4}","EventSourceName":"Service Control Manager"},"EventID_attributes":{"Qualifiers":16384},"EventID":7036,"Version":0,"Level":4,"Task":0,"Opcode":0,"Keywords":"0x8080000000000000","TimeCreated_attributes":{"SystemTime":"2013-10-23T20:54:23.125000Z"},"EventRecordID":2397,"Correlation":null,"Execution_attributes":{"ProcessID":516,"ThreadID":852},"Channel":"System","Computer":"IE8Win7","Security":null},"EventData":{"param1":"Multimedia Class Scheduler","param2":"running","Binary":"4D004D004300530053002F0034000000"}}}
{"Event_attributes":{"xmlns":"http://schemas.microsoft.com/win/2004/08/events/event"},"Event":{"System":{"Provider_attributes":{"Name":"Service Control Manager","Guid":"{555908d1-a6d7-4695-8e1e-26931d2012f4}","EventSourceName":"Service Control Manager"},"EventID_attributes":{"Qualifiers":16384},"EventID":7036,"Version":0,"Level":4,"Task":0,"Opcode":0,"Keywords":"0x8080000000000000","TimeCreated_attributes":{"SystemTime":"2013-10-23T20:54:23.203125Z"},"EventRecordID":2398,"Correlation":null,"Execution_attributes":{"ProcessID":516,"ThreadID":852},"Channel":"System","Computer":"IE8Win7","Security":null},"EventData":{"param1":"Windows Audio Endpoint Builder","param2":"running","Binary":"41007500640069006F0045006E00640070006F0069006E0074004200750069006C006400650072002F0034000000"}}}
{"Event_attributes":{"xmlns":"http://schemas.microsoft.com/win/2004/08/events/event"},"Event":{"System":{"Provider_attributes":{"Name":"Service Control Manager","Guid":"{555908d1-a6d7-4695-8e1e-26931d2012f4}","EventSourceName":"Service Control Manager"},"EventID_attributes":{"Qualifiers":16384},"EventID":7036,"Version":0,"Level":4,"Task":0,"Opcode":0,"Keywords":"0x8080000000000000","TimeCreated_attributes":{"SystemTime":"2013-10-23T20:54:23.234375Z"},"EventRecordID":2399,"Correlation":null,"Execution_attributes":{"ProcessID":516,"ThreadID":616},"Channel":"System","Computer":"IE8Win7","Security":null},"EventData":{"param1":"Windows Audio","param2":"running","Binary":"41007500640069006F007300720076002F0034000000"}}}
{"Event_attributes":{"xmlns":"http://schemas.microsoft.com/win/2004/08/events/event"},"Event":{"System":{"Provider_attributes":{"Name":"Service Control Manager","Guid":"{555908d1-a6d7-4695-8e1e-26931d2012f4}","EventSourceName":"Service Control Manager"},"EventID_attributes":{"Qualifiers":16384},"EventID":7036,"Version":0,"Level":4,"Task":0,"Opcode":0,"Keywords":"0x8080000000000000","TimeCreated_attributes":{"SystemTime":"2013-10-23T20:54:23.515625Z"},"EventRecordID":2400,"Correlation":null,"Execution_attributes":{"ProcessID":516,"ThreadID":616},"Channel":"System","Computer":"IE8Win7","Security":null},"EventData":{"param1":"Offline Files","param2":"running","Binary":"43007300630053006500720076006900630065002F0034000000"}}}
{"Event_attributes":{"xmlns":"http://schemas.microsoft.com/win/2004/08/events/event"},"Event":{"System":{"Provider_attributes":{"Name":"Service Control Manager","Guid":"{555908d1-a6d7-4695-8e1e-26931d2012f4}","EventSourceName":"Service Control Manager"},"EventID_attributes":{"Qualifiers":16384},"EventID":7036,"Version":0,"Level":4,"Task":0,"Opcode":0,"Keywords":"0x8080000000000000","TimeCreated_attributes":{"SystemTime":"2013-10-23T20:54:23.703125Z"},"EventRecordID":2401,"Correlation":null,"Execution_attributes":{"ProcessID":516,"ThreadID":852},"Channel":"System","Computer":"IE8Win7","Security":null},"EventData":{"param1":"Themes","param2":"running","Binary":"5400680065006D00650073002F0034000000"}}}
{"Event_attributes":{"xmlns":"http://schemas.microsoft.com/win/2004/08/events/event"},"Event":{"System":{"Provider_attributes":{"Name":"Service Control Manager","Guid":"{555908d1-a6d7-4695-8e1e-26931d2012f4}","EventSourceName":"Service Control Manager"},"EventID_attributes":{"Qualifiers":16384},"EventID":7036,"Version":0,"Level":4,"Task":0,"Opcode":0,"Keywords":"0x8080000000000000","TimeCreated_attributes":{"SystemTime":"2013-10-23T20:54:23.718750Z"},"EventRecordID":2402,"Correlation":null,"Execution_attributes":{"ProcessID":516,"ThreadID":612},"Channel":"System","Computer":"IE8Win7","Security":null},"EventData":{"param1":"COM+ Event System","param2":"running","Binary":"4500760065006E007400530079007300740065006D002F0034000000"}}}
{"Event_attributes":{"xmlns":"http://schemas.microsoft.com/win/2004/08/events/event"},"Event":{"System":{"Provider_attributes":{"Name":"Service Control Manager","Guid":"{555908d1-a6d7-4695-8e1e-26931d2012f4}","EventSourceName":"Service Control Manager"},"EventID_attributes":{"Qualifiers":16384},"EventID":7036,"Version":0,"Level":4,"Task":0,"Opcode":0,"Keywords":"0x8080000000000000","TimeCreated_attributes":{"SystemTime":"2013-10-23T20:54:23.734375Z"},"EventRecordID":2403,"Correlation":null,"Execution_attributes":{"ProcessID":516,"ThreadID":616},"Channel":"System","Computer":"IE8Win7","Security":null},"EventData":{"param1":"Group Policy Client","param2":"running","Binary":"670070007300760063002F0034000000"}}}
{"Event_attributes":{"xmlns":"http://schemas.microsoft.com/win/2004/08/events/event"},"Event":{"System":{"Provider_attributes":{"Name":"Service Control Manager","Guid":"{555908d1-a6d7-4695-8e1e-26931d2012f4}","EventSourceName":"Service Control Manager"},"EventID_attributes":{"Qualifiers":16384},"EventID":7036,"Version":0,"Level":4,"Task":0,"Opcode":0,"Keywords":"0x8080000000000000","TimeCreated_attributes":{"SystemTime":"2013-10-23T20:54:23.734375Z"},"EventRecordID":2404,"Correlation":null,"Execution_attributes":{"ProcessID":516,"ThreadID":852},"Channel":"System","Computer":"IE8Win7","Security":null},"EventData":{"param1":"User Profile Service","param2":"running","Binary":"500072006F0066005300760063002F0034000000"}}}
{"Event_attributes":{"xmlns":"http://schemas.microsoft.com/win/2004/08/events/event"},"Event":{"System":{"Provider_attributes":{"Name":"Service Control Manager","Guid":"{555908d1-a6d7-4695-8e1e-26931d2012f4}","EventSourceName":"Service Control Manager"},"EventID_attributes":{"Qualifiers":16384},"EventID":7036,"Version":0,"Level":4,"Task":0,"Opcode":0,"Keywords":"0x8080000000000000","TimeCreated_attributes":{"SystemTime":"2013-10-23T20:54:23.796875Z"},"EventRecordID":2405,"Correlation":null,"Execution_attributes":{"ProcessID":516,"ThreadID":1064},"Channel":"System","Computer":"IE8Win7","Security":null},"EventData":{"param1":"System Event Notification Service","param2":"running","Binary":"530045004E0053002F0034000000"}}}
{"Event_attributes":{"xmlns":"http://schemas.microsoft.com/win/2004/08/events/event"},"Event":{"System":{"Provider_attributes":{"Name":"Service Control Manager","Guid":"{555908d1-a6d7-4695-8e1e-26931d2012f4}","EventSourceName":"Service Control Manager"},"EventID_attributes":{"Qualifiers":16384},"EventID":7036,"Version":0,"Level":4,"Task":0,"Opcode":0,"Keywords":"0x8080000000000000","TimeCreated_attributes":{"SystemTime":"2013-10-23T20:54:25.937500Z"},"EventRecordID":2406,"Correlation":null,"Execution_attributes":{"ProcessID":516,"ThreadID":1064},"Channel":"System","Computer":"IE8Win7","Security":null},"EventData":{"param1":"Windows Modules Installer","param2":"running","Binary":"540072007500730074006500640049006E007300740061006C006C00650072002F0034000000"}}}
{"Event_attributes":{"xmlns":"http://schemas.microsoft.com/win/2004/08/events/event"},"Event":{"System":{"Provider_attributes":{"Name":"Service Control Manager","Guid":"{555908d1-a6d7-4695-8e1e-26931d2012f4}","EventSourceName":"Service Control Manager"},"EventID_attributes":{"Qualifiers":16384},"EventID":7036,"Version":0,"Level":4,"Task":0,"Opcode":0,"Keywords":"0x8080000000000000","TimeCreated_attributes":{"SystemTime":"2013-10-23T20:54:25.968750Z"},"EventRecordID":2407,"Correlation":null,"Execution_attributes":{"ProcessID":516,"ThreadID":852},"Channel":"System","Computer":"IE8Win7","Security":null},"EventData":{"param1":"Desktop Window Manager Session Manager","param2":"running","Binary":"5500780053006D0073002F0034000000"}}}
{"Event_attributes":{"xmlns":"http://schemas.microsoft.com/win/2004/08/events/event"},"Event":{"System":{"Provider_attributes":{"Name":"Service Control Manager","Guid":"{555908d1-a6d7-4695-8e1e-26931d2012f4}","EventSourceName":"Service Control Manager"},"EventID_attributes":{"Qualifiers":16384},"EventID":7036,"Version":0,"Level":4,"Task":0,"Opcode":0,"Keywords":"0x8080000000000000","TimeCreated_attributes":{"SystemTime":"2013-10-23T20:54:25.968750Z"},"EventRecordID":2408,"Correlation":null,"Execution_attributes":{"ProcessID":516,"ThreadID":852},"Channel":"System","Computer":"IE8Win7","Security":null},"EventData":{"param1":"Security Accounts Manager","param2":"running","Binary":"530061006D00530073002F0034000000"}}}
{"Event_attributes":{"xmlns":"http://schemas.microsoft.com/win/2004/08/events/event"},"Event":{"System":{"Provider_attributes":{"Name":"Service Control Manager","Guid":"{555908d1-a6d7-4695-8e1e-26931d2012f4}","EventSourceName":"Service Control Manager"},"EventID_attributes":{"Qualifiers":16384},"EventID":7036,"Version":0,"Level":4,"Task":0,"Opcode":0,"Keywords":"0x8080000000000000","TimeCreated_attributes":{"SystemTime":"2013-10-23T20:54:26.015625Z"},"EventRecordID":2409,"Correlation":null,"Execution_attributes":{"ProcessID":516,"ThreadID":1064},"Channel":"System","Computer":"IE8Win7","Security":null},"EventData":{"param1":"TCP/IP NetBIOS Helper","param2":"running","Binary":"6C006D0068006F007300740073002F0034000000"}}}
{"Event_attributes":{"xmlns":"http://schemas.microsoft.com/win/2004/08/events/event"},"Event":{"System":{"Provider_attributes":{"Name":"Service Control Manager","Guid":"{555908d1-a6d7-4695-8e1e-26931d2012f4}","EventSourceName":"Service Control Manager"},"EventID_attributes":{"Qualifiers":16384},"EventID":7036,"Version":0,"Level":4,"Task":0,"Opcode":0,"Keywords":"0x8080000000000000","TimeCreated_attributes":{"SystemTime":"2013-10-23T20:54:26.015625Z"},"EventRecordID":2410,"Correlation":null,"Execution_attributes":{"ProcessID":516,"ThreadID":852},"Channel":"System","Computer":"IE8Win7","Security":null},"EventData":{"param1":"Network Store Interface Service","param2":"running","Binary":"6E00730069002F0034000000"}}}
