{"Event_attributes":{"xmlns":"http://schemas.microsoft.com/win/2004/08/events/event"},"Event":{"System":{"Provider_attributes":{"Name":"Microsoft-Windows-Security-Auditing","Guid":"54849625-5478-4994-A5BA-3E3B0328C30D"},"EventID":4624,"Version":0,"Level":0,"Task":12544,"Opcode":0,"Keywords":"0x8020000000000000","TimeCreated_attributes":{"SystemTime":"2013-10-23T16:21:32.125000Z"},"EventRecordID":54,"Correlation":null,"Execution_attributes":{"ProcessID":508,"ThreadID":1032},"Channel":"Security","Computer":"IE8Win7","Security":null},"EventData":{"SubjectUserSid":"S-1-5-18","SubjectUserName":"WIN-QALA5Q3KJ43$","SubjectDomainName":"WORKGROUP","SubjectLogonId":"0x3e7","TargetUserSid":"S-1-5-18","TargetUserName":"SYSTEM","TargetDomainName":"NT AUTHORITY","TargetLogonId":"0x3e7","LogonType":5,"LogonProcessName":"Advapi  ","AuthenticationPackageName":"Negotiate","WorkstationName":"","LogonGuid":"00000000-0000-0000-0000-000000000000","TransmittedServices":"-","LmPackageName":"-","KeyLength":0,"ProcessId":"0x1ec","ProcessName":"C:\\Windows\\System32\\services.exe","IpAddress":"-","IpPort":"-"}}}
{"Event_attributes":{"xmlns":"http://schemas.microsoft.com/win/2004/08/events/event"},"Event":{"System":{"Provider_attributes":{"Name":"Microsoft-Windows-Security-Auditing","Guid":"54849625-5478-4994-A5BA-3E3B0328C30D"},"EventID":4672,"Version":0,"Level":0,"Task":12548,"Opcode":0,"Keywords":"0x8020000000000000","TimeCreated_attributes":{"SystemTime":"2013-10-23T16:21:32.125000Z"},"EventRecordID":55,"Correlation":null,"Execution_attributes":{"ProcessID":508,"ThreadID":1032},"Channel":"Security","Computer":"IE8Win7","Security":null},"EventData":{"SubjectUserSid":"S-1-5-18","SubjectUserName":"SYSTEM","SubjectDomainName":"NT AUTHORITY","SubjectLogonId":"0x3e7","PrivilegeList":"SeAssignPrimaryTokenPrivilege\r\n\t\t\tSeTcbPrivilege\r\n\t\t\tSeSecurityPrivilege\r\n\t\t\tSeTakeOwnershipPrivilege\r\n\t\t\tSeLoadDriverPrivilege\r\n\t\t\tSeBackupPrivilege\r\n\t\t\tSeRestorePrivilege\r\n\t\t\tSeDebugPrivilege\r\n\t\t\tSeAuditPrivilege\r\n\t\t\tSeSystemEnvironmentPrivilege\r\n\t\t\tSeImpersonatePrivilege"}}}
{"Event_attributes":{"xmlns":"http://schemas.microsoft.com/win/2004/08/events/event"},"Event":{"System":{"Provider_attributes":{"Name":"Microsoft-Windows-Security-Auditing","Guid":"54849625-5478-4994-A5BA-3E3B0328C30D"},"EventID":5033,"Version":0,"Level":0,"Task":12292,"Opcode":0,"Keywords":"0x8020000000000000","TimeCreated_attributes":{"SystemTime":"2013-10-23T16:21:32.562500Z"},"EventRecordID":56,"Correlation":null,"Execution_attributes":{"ProcessID":4,"ThreadID":68},"Channel":"Security","Computer":"IE8Win7","Security":null},"EventData":null}}
{"Event_attributes":{"xmlns":"http://schemas.microsoft.com/win/2004/08/events/event"},"Event":{"System":{"Provider_attributes":{"Name":"Microsoft-Windows-Security-Auditing","Guid":"54849625-5478-4994-A5BA-3E3B0328C30D"},"EventID":4624,"Version":0,"Level":0,"Task":12544,"Opcode":0,"Keywords":"0x8020000000000000","TimeCreated_attributes":{"SystemTime":"2013-10-23T16:21:33.218750Z"},"EventRecordID":57,"Correlation":null,"Execution_attributes":{"ProcessID":508,"ThreadID":1032},"Channel":"Security","Computer":"IE8Win7","Security":null},"EventData":{"SubjectUserSid":"S-1-5-18","SubjectUserName":"WIN-QALA5Q3KJ43$","SubjectDomainName":"WORKGROUP","SubjectLogonId":"0x3e7","TargetUserSid":"S-1-5-18","TargetUserName":"SYSTEM","TargetDomainName":"NT AUTHORITY","TargetLogonId":"0x3e7","LogonType":5,"LogonProcessName":"Advapi  ","AuthenticationPackageName":"Negotiate","WorkstationName":"","LogonGuid":"00000000-0000-0000-0000-000000000000","TransmittedServices":"-","LmPackageName":"-","KeyLength":0,"ProcessId":"0x1ec","ProcessName":"C:\\Windows\\System32\\services.exe","IpAddress":"-","IpPort":"-"}}}
{"Event_attributes":{"xmlns":"http://schemas.microsoft.com/win/2004/08/events/event"},"Event":{"System":{"Provider_attributes":{"Name":"Microsoft-Windows-Security-Auditing","Guid":"54849625-5478-4994-A5BA-3E3B0328C30D"},"EventID":4672,"Version":0,"Level":0,"Task":12548,"Opcode":0,"Keywords":"0x8020000000000000","TimeCreated_attributes":{"SystemTime":"2013-10-23T16:21:33.218750Z"},"EventRecordID":58,"Correlation":null,"Execution_attributes":{"ProcessID":508,"ThreadID":1032},"Channel":"Security","Computer":"IE8Win7","Security":null},"EventData":{"SubjectUserSid":"S-1-5-18","SubjectUserName":"SYSTEM","SubjectDomainName":"NT AUTHORITY","SubjectLogonId":"0x3e7","PrivilegeList":"SeAssignPrimaryTokenPrivilege\r\n\t\t\tSeTcbPrivilege\r\n\t\t\tSeSecurityPrivilege\r\n\t\t\tSeTakeOwnershipPrivilege\r\n\t\t\tSeLoadDriverPrivilege\r\n\t\t\tSeBackupPrivilege\r\n\t\t\tSeRestorePrivilege\r\n\t\t\tSeDebugPrivilege\r\n\t\t\tSeAuditPrivilege\r\n\t\t\tSeSystemEnvironmentPrivilege\r\n\t\t\tSeImpersonatePrivilege"}}}
{"Event_attributes":{"xmlns":"http://schemas.microsoft.com/win/2004/08/events/event"},"Event":{"System":{"Provider_attributes":{"Name":"Microsoft-Windows-Security-Auditing","Guid":"54849625-5478-4994-A5BA-3E3B0328C30D"},"EventID":4624,"Version":0,"Level":0,"Task":12544,"Opcode":0,"Keywords":"0x8020000000000000","TimeCreated_attributes":{"SystemTime":"2013-10-23T16:21:33.328125Z"},"EventRecordID":59,"Correlation":null,"Execution_attributes":{"ProcessID":508,"ThreadID":1032},"Channel":"Security","Computer":"IE8Win7","Security":null},"EventData":{"SubjectUserSid":"S-1-5-18","SubjectUserName":"WIN-QALA5Q3KJ43$","SubjectDomainName":"WORKGROUP","SubjectLogonId":"0x3e7","TargetUserSid":"S-1-5-18","TargetUserName":"SYSTEM","TargetDomainName":"NT AUTHORITY","TargetLogonId":"0x3e7","LogonType":5,"LogonProcessName":"Advapi  ","AuthenticationPackageName":"Negotiate","WorkstationName":"","LogonGuid":"00000000-0000-0000-0000-000000000000","TransmittedServices":"-","LmPackageName":"-","KeyLength":0,"ProcessId":"0x1ec","ProcessName":"C:\\Windows\\System32\\services.exe","IpAddress":"-","IpPort":"-"}}}
{"Event_attributes":{"xmlns":"http://schemas.microsoft.com/win/2004/08/events/event"},"Event":{"System":{"Provider_attributes":{"Name":"Microsoft-Windows-Security-Auditing","Guid":"54849625-5478-4994-A5BA-3E3B0328C30D"},"EventID":4672,"Version":0,"Level":0,"Task":12548,"Opcode":0,"Keywords":"0x8020000000000000","TimeCreated_attributes":{"SystemTime":"2013-10-23T16:21:33.328125Z"},"EventRecordID":60,"Correlation":null,"Execution_attributes":{"ProcessID":508,"ThreadID":1032},"Channel":"Security","Computer":"IE8Win7","Security":null},"EventData":{"SubjectUserSid":"S-1-5-18","SubjectUserName":"SYSTEM","SubjectDomainName":"NT AUTHORITY","SubjectLogonId":"0x3e7","PrivilegeList":"SeAssignPrimaryTokenPrivilege\r\n\t\t\tSeTcbPrivilege\r\n\t\t\tSeSecurityPrivilege\r\n\t\t\tSeTakeOwnershipPrivilege\r\n\t\t\tSeLoadDriverPrivilege\r\n\t\t\tSeBackupPrivilege\r\n\t\t\tSeRestorePrivilege\r\n\t\t\tSeDebugPrivilege\r\n\t\t\tSeAuditPrivilege\r\n\t\t\tSeSystemEnvironmentPrivilege\r\n\t\t\tSeImpersonatePrivilege"}}}
{"Event_attributes":{"xmlns":"http://schemas.microsoft.com/win/2004/08/events/event"},"Event":{"System":{"Provider_attributes":{"Name":"Microsoft-Windows-Security-Auditing","Guid":"54849625-5478-4994-A5BA-3E3B0328C30D"},"EventID":4616,"Version":1,"Level":0,"Task":12288,"Opcode":0,"Keywords":"0x8020000000000000","TimeCreated_attributes":{"SystemTime":"2013-10-23T16:21:33.630000Z"},"EventRecordID":61,"Correlation":null,"Execution_attributes":{"ProcessID":4,"ThreadID":68},"Channel":"Security","Computer":"IE8Win7","Security":null},"EventData":{"SubjectUserSid":"S-1-5-19","SubjectUserName":"LOCAL SERVICE","SubjectDomainName":"NT AUTHORITY","SubjectLogonId":"0x3e5","PreviousTime":"2013-10-23T16:21:33.375000Z","NewTime":"2013-10-23T16:21:33.630000Z","ProcessId":"0x66c","ProcessName":"C:\\Windows\\System32\\vmicsvc.exe"}}}
{"Event_attributes":{"xmlns":"http://schemas.microsoft.com/win/2004/08/events/event"},"Event":{"System":{"Provider_attributes":{"Name":"Microsoft-Windows-Security-Auditing","Guid":"54849625-5478-4994-A5BA-3E3B0328C30D"},"EventID":5024,"Version":0,"Level":0,"Task":12292,"Opcode":0,"Keywords":"0x8020000000000000","TimeCreated_attributes":{"SystemTime":"2013-10-23T16:21:34.239375Z"},"EventRecordID":62,"Correlation":null,"Execution_attributes":{"ProcessID":508,"ThreadID":1032},"Channel":"Security","Computer":"IE8Win7","Security":null},"EventData":null}}
{"Event_attributes":{"xmlns":"http://schemas.microsoft.com/win/2004/08/events/event"},"Event":{"System":{"Provider_attributes":{"Name":"Microsoft-Windows-Security-Auditing","Guid":"54849625-5478-4994-A5BA-3E3B0328C30D"},"EventID":4735,"Version":0,"Level":0,"Task":13826,"Opcode":0,"Keywords":"0x8020000000000000","TimeCreated_attributes":{"SystemTime":"2013-10-23T16:21:36.583125Z"},"EventRecordID":63,"Correlation":null,"Execution_attributes":{"ProcessID":508,"ThreadID":1032},"Channel":"Security","Computer":"IE8Win7","Security":null},"EventData":{"TargetUserName":"Administrators","TargetDomainName":"Builtin","TargetSid":"S-1-5-32-544","SubjectUserSid":"S-1-5-18","SubjectUserName":"WIN-QALA5Q3KJ43$","SubjectDomainName":"WORKGROUP","SubjectLogonId":"0x3e7","PrivilegeList":"-","SamAccountName":"-","SidHistory":"-"}}}
{"Event_attributes":{"xmlns":"http://schemas.microsoft.com/win/2004/08/events/event"},"Event":{"System":{"Provider_attributes":{"Name":"Microsoft-Windows-Security-Auditing","Guid":"54849625-5478-4994-A5BA-3E3B0328C30D"},"EventID":4781,"Version":0,"Level":0,"Task":13824,"Opcode":0,"Keywords":"0x8020000000000000","TimeCreated_attributes":{"SystemTime":"2013-10-23T16:21:36.598750Z"},"EventRecordID":64,"Correlation":null,"Execution_attributes":{"ProcessID":508,"ThreadID":1032},"Channel":"Security","Computer":"IE8Win7","Security":null},"EventData":{"OldTargetUserName":"Administrators","NewTargetUserName":"Administrators","TargetDomainName":"Builtin","TargetSid":"S-1-5-32-544","SubjectUserSid":"S-1-5-18","SubjectUserName":"WIN-QALA5Q3KJ43$","SubjectDomainName":"WORKGROUP","SubjectLogonId":"0x3e7","PrivilegeList":"-"}}}
{"Event_attributes":{"xmlns":"http://schemas.microsoft.com/win/2004/08/events/event"},"Event":{"System":{"Provider_attributes":{"Name":"Microsoft-Windows-Security-Auditing","Guid":"54849625-5478-4994-A5BA-3E3B0328C30D"},"EventID":4735,"Version":0,"Level":0,"Task":13826,"Opcode":0,"Keywords":"0x8020000000000000","TimeCreated_attributes":{"SystemTime":"2013-10-23T16:21:36.598750Z"},"EventRecordID":65,"Correlation":null,"Execution_attributes":{"ProcessID":508,"ThreadID":1032},"Channel":"Security","Computer":"IE8Win7","Security":null},"EventData":{"TargetUserName":"Administrators","TargetDomainName":"Builtin","TargetSid":"S-1-5-32-544","SubjectUserSid":"S-1-5-18","SubjectUserName":"WIN-QALA5Q3KJ43$","SubjectDomainName":"WORKGROUP","SubjectLogonId":"0x3e7","PrivilegeList":"-","SamAccountName":"Administrators","SidHistory":"-"}}}
{"Event_attributes":{"xmlns":"http://schemas.microsoft.com/win/2004/08/events/event"},"Event":{"System":{"Provider_attributes":{"Name":"Microsoft-Windows-Security-Auditing","Guid":"54849625-5478-4994-A5BA-3E3B0328C30D"},"EventID":4735,"Version":0,"Level":0,"Task":13826,"Opcode":0,"Keywords":"0x8020000000000000","TimeCreated_attributes":{"SystemTime":"2013-10-23T16:21:36.598750Z"},"EventRecordID":66,"Correlation":null,"Execution_attributes":{"ProcessID":508,"ThreadID":1032},"Channel":"Security","Computer":"IE8Win7","Security":null},"EventData":{"TargetUserName":"Users","TargetDomainName":"Builtin","TargetSid":"S-1-5-32-545","SubjectUserSid":"S-1-5-18","SubjectUserName":"WIN-QALA5Q3KJ43$","SubjectDomainName":"WORKGROUP","SubjectLogonId":"0x3e7","PrivilegeList":"-","SamAccountName":"-","SidHistory":"-"}}}
{"Event_attributes":{"xmlns":"http://schemas.microsoft.com/win/2004/08/events/event"},"Event":{"System":{"Provider_attributes":{"Name":"Microsoft-Windows-Security-Auditing","Guid":"54849625-5478-4994-A5BA-3E3B0328C30D"},"EventID":4781,"Version":0,"Level":0,"Task":13824,"Opcode":0,"Keywords":"0x8020000000000000","TimeCreated_attributes":{"SystemTime":"2013-10-23T16:21:36.598750Z"},"EventRecordID":67,"Correlation":null,"Execution_attributes":{"ProcessID":508,"ThreadID":1032},"Channel":"Security","Computer":"IE8Win7","Security":null},"EventData":{"OldTargetUserName":"Users","NewTargetUserName":"Users","TargetDomainName":"Builtin","TargetSid":"S-1-5-32-545","SubjectUserSid":"S-1-5-18","SubjectUserName":"WIN-QALA5Q3KJ43$","SubjectDomainName":"WORKGROUP","SubjectLogonId":"0x3e7","PrivilegeList":"-"}}}
{"Event_attributes":{"xmlns":"http://schemas.microsoft.com/win/2004/08/events/event"},"Event":{"System":{"Provider_attributes":{"Name":"Microsoft-Windows-Security-Auditing","Guid":"54849625-5478-4994-A5BA-3E3B0328C30D"},"EventID":4735,"Version":0,"Level":0,"Task":13826,"Opcode":0,"Keywords":"0x8020000000000000","TimeCreated_attributes":{"SystemTime":"2013-10-23T16:21:36.598750Z"},"EventRecordID":68,"Correlation":null,"Execution_attributes":{"ProcessID":508,"ThreadID":1032},"Channel":"Security","Computer":"IE8Win7","Security":null},"EventData":{"TargetUserName":"Users","TargetDomainName":"Builtin","TargetSid":"S-1-5-32-545","SubjectUserSid":"S-1-5-18","SubjectUserName":"WIN-QALA5Q3KJ43$","SubjectDomainName":"WORKGROUP","SubjectLogonId":"0x3e7","PrivilegeList":"-","SamAccountName":"Users","SidHistory":"-"}}}
{"Event_attributes":{"xmlns":"http://schemas.microsoft.com/win/2004/08/events/event"},"Event":{"System":{"Provider_attributes":{"Name":"Microsoft-Windows-Security-Auditing","Guid":"54849625-5478-4994-A5BA-3E3B0328C30D"},"EventID":4735,"Version":0,"Level":0,"Task":13826,"Opcode":0,"Keywords":"0x8020000000000000","TimeCreated_attributes":{"SystemTime":"2013-10-23T16:21:36.598750Z"},"EventRecordID":69,"Correlation":null,"Execution_attributes":{"ProcessID":508,"ThreadID":1032},"Channel":"Security","Computer":"IE8Win7","Security":null},"EventData":{"TargetUserName":"Guests","TargetDomainName":"Builtin","TargetSid":"S-1-5-32-546","SubjectUserSid":"S-1-5-18","SubjectUserName":"WIN-QALA5Q3KJ43$","SubjectDomainName":"WORKGROUP","SubjectLogonId":"0x3e7","PrivilegeList":"-","SamAccountName":"-","SidHistory":"-"}}}
{"Event_attributes":{"xmlns":"http://schemas.microsoft.com/win/2004/08/events/event"},"Event":{"System":{"Provider_attributes":{"Name":"Microsoft-Windows-Security-Auditing","Guid":"54849625-5478-4994-A5BA-3E3B0328C30D"},"EventID":4781,"Version":0,"Level":0,"Task":13824,"Opcode":0,"Keywords":"0x8020000000000000","TimeCreated_attributes":{"SystemTime":"2013-10-23T16:21:36.598750Z"},"EventRecordID":70,"Correlation":null,"Execution_attributes":{"ProcessID":508,"ThreadID":1032},"Channel":"Security","Computer":"IE8Win7","Security":null},"EventData":{"OldTargetUserName":"Guests","NewTargetUserName":"Guests","TargetDomainName":"Builtin","TargetSid":"S-1-5-32-546","SubjectUserSid":"S-1-5-18","SubjectUserName":"WIN-QALA5Q3KJ43$","SubjectDomainName":"WORKGROUP","SubjectLogonId":"0x3e7","PrivilegeList":"-"}}}
{"Event_attributes":{"xmlns":"http://schemas.microsoft.com/win/2004/08/events/event"},"Event":{"System":{"Provider_attributes":{"Name":"Microsoft-Windows-Security-Auditing","Guid":"54849625-5478-4994-A5BA-3E3B0328C30D"},"EventID":4735,"Version":0,"Level":0,"Task":13826,"Opcode":0,"Keywords":"0x8020000000000000","TimeCreated_attributes":{"SystemTime":"2013-10-23T16:21:36.598750Z"},"EventRecordID":71,"Correlation":null,"Execution_attributes":{"ProcessID":508,"ThreadID":1032},"Channel":"Security","Computer":"IE8Win7","Security":null},"EventData":{"TargetUserName":"Guests","TargetDomainName":"Builtin","TargetSid":"S-1-5-32-546","SubjectUserSid":"S-1-5-18","SubjectUserName":"WIN-QALA5Q3KJ43$","SubjectDomainName":"WORKGROUP","SubjectLogonId":"0x3e7","PrivilegeList":"-","SamAccountName":"Guests","SidHistory":"-"}}}
{"Event_attributes":{"xmlns":"http://schemas.microsoft.com/win/2004/08/events/event"},"Event":{"System":{"Provider_attributes":{"Name":"Microsoft-Windows-Security-Auditing","Guid":"54849625-5478-4994-A5BA-3E3B0328C30D"},"EventID":4735,"Version":0,"Level":0,"Task":13826,"Opcode":0,"Keywords":"0x8020000000000000","TimeCreated_attributes":{"SystemTime":"2013-10-23T16:21:36.598750Z"},"EventRecordID":72,"Correlation":null,"Execution_attributes":{"ProcessID":508,"ThreadID":1032},"Channel":"Security","Computer":"IE8Win7","Security":null},"EventData":{"TargetUserName":"Backup Operators","TargetDomainName":"Builtin","TargetSid":"S-1-5-32-551","SubjectUserSid":"S-1-5-18","SubjectUserName":"WIN-QALA5Q3KJ43$","SubjectDomainName":"WORKGROUP","SubjectLogonId":"0x3e7","PrivilegeList":"-","SamAccountName":"-","SidHistory":"-"}}}
{"Event_attributes":{"xmlns":"http://schemas.microsoft.com/win/2004/08/events/event"},"Event":{"System":{"Provider_attributes":{"Name":"Microsoft-Windows-Security-Auditing","Guid":"54849625-5478-4994-A5BA-3E3B0328C30D"},"EventID":4781,"Version":0,"Level":0,"Task":13824,"Opcode":0,"Keywords":"0x8020000000000000","TimeCreated_attributes":{"SystemTime":"2013-10-23T16:21:36.598750Z"},"EventRecordID":73,"Correlation":null,"Execution_attributes":{"ProcessID":508,"ThreadID":1032},"Channel":"Security","Computer":"IE8Win7","Security":null},"EventData":{"OldTargetUserName":"Backup Operators","NewTargetUserName":"Backup Operators","TargetDomainName":"Builtin","TargetSid":"S-1-5-32-551","SubjectUserSid":"S-1-5-18","SubjectUserName":"WIN-QALA5Q3KJ43$","SubjectDomainName":"WORKGROUP","SubjectLogonId":"0x3e7","PrivilegeList":"-"}}}
{"Event_attributes":{"xmlns":"http://schemas.microsoft.com/win/2004/08/events/event"},"Event":{"System":{"Provider_attributes":{"Name":"Microsoft-Windows-Security-Auditing","Guid":"54849625-5478-4994-A5BA-3E3B0328C30D"},"EventID":4735,"Version":0,"Level":0,"Task":13826,"Opcode":0,"Keywords":"0x8020000000000000","TimeCreated_attributes":{"SystemTime":"2013-10-23T16:21:36.598750Z"},"EventRecordID":74,"Correlation":null,"Execution_attributes":{"ProcessID":508,"ThreadID":1032},"Channel":"Security","Computer":"IE8Win7","Security":null},"EventData":{"TargetUserName":"Backup Operators","TargetDomainName":"Builtin","TargetSid":"S-1-5-32-551","SubjectUserSid":"S-1-5-18","SubjectUserName":"WIN-QALA5Q3KJ43$","SubjectDomainName":"WORKGROUP","SubjectLogonId":"0x3e7","PrivilegeList":"-","SamAccountName":"Backup Operators","SidHistory":"-"}}}
{"Event_attributes":{"xmlns":"http://schemas.microsoft.com/win/2004/08/events/event"},"Event":{"System":{"Provider_attributes":{"Name":"Microsoft-Windows-Security-Auditing","Guid":"54849625-5478-4994-A5BA-3E3B0328C30D"},"EventID":4735,"Version":0,"Level":0,"Task":13826,"Opcode":0,"Keywords":"0x8020000000000000","TimeCreated_attributes":{"SystemTime":"2013-10-23T16:21:36.598750Z"},"EventRecordID":75,"Correlation":null,"Execution_attributes":{"ProcessID":508,"ThreadID":1032},"Channel":"Security","Computer":"IE8Win7","Security":null},"EventData":{"TargetUserName":"Replicator","TargetDomainName":"Builtin","TargetSid":"S-1-5-32-552","SubjectUserSid":"S-1-5-18","SubjectUserName":"WIN-QALA5Q3KJ43$","SubjectDomainName":"WORKGROUP","SubjectLogonId":"0x3e7","PrivilegeList":"-","SamAccountName":"-","SidHistory":"-"}}}
{"Event_attributes":{"xmlns":"http://schemas.microsoft.com/win/2004/08/events/event"},"Event":{"System":{"Provider_attributes":{"Name":"Microsoft-Windows-Security-Auditing","Guid":"54849625-5478-4994-A5BA-3E3B0328C30D"},"EventID":4781,"Version":0,"Level":0,"Task":13824,"Opcode":0,"Keywords":"0x8020000000000000","TimeCreated_attributes":{"SystemTime":"2013-10-23T16:21:36.598750Z"},"EventRecordID":76,"Correlation":null,"Execution_attributes":{"ProcessID":508,"ThreadID":1032},"Channel":"Security","Computer":"IE8Win7","Security":null},"EventData":{"OldTargetUserName":"Replicator","NewTargetUserName":"Replicator","TargetDomainName":"Builtin","TargetSid":"S-1-5-32-552","SubjectUserSid":"S-1-5-18","SubjectUserName":"WIN-QALA5Q3KJ43$","SubjectDomainName":"WORKGROUP","SubjectLogonId":"0x3e7","PrivilegeList":"-"}}}
{"Event_attributes":{"xmlns":"http://schemas.microsoft.com/win/2004/08/events/event"},"Event":{"System":{"Provider_attributes":{"Name":"Microsoft-Windows-Security-Auditing","Guid":"54849625-5478-4994-A5BA-3E3B0328C30D"},"EventID":4735,"Version":0,"Level":0,"Task":13826,"Opcode":0,"Keywords":"0x8020000000000000","TimeCreated_attributes":{"SystemTime":"2013-10-23T16:21:36.598750Z"},"EventRecordID":77,"Correlation":null,"Execution_attributes":{"ProcessID":508,"ThreadID":1032},"Channel":"Security","Computer":"IE8Win7","Security":null},"EventData":{"TargetUserName":"Replicator","TargetDomainName":"Builtin","TargetSid":"S-1-5-32-552","SubjectUserSid":"S-1-5-18","SubjectUserName":"WIN-QALA5Q3KJ43$","SubjectDomainName":"WORKGROUP","SubjectLogonId":"0x3e7","PrivilegeList":"-","SamAccountName":"Replicator","SidHistory":"-"}}}
{"Event_attributes":{"xmlns":"http://schemas.microsoft.com/win/2004/08/events/event"},"Event":{"System":{"Provider_attributes":{"Name":"Microsoft-Windows-Security-Auditing","Guid":"54849625-5478-4994-A5BA-3E3B0328C30D"},"EventID":4735,"Version":0,"Level":0,"Task":13826,"Opcode":0,"Keywords":"0x8020000000000000","TimeCreated_attributes":{"SystemTime":"2013-10-23T16:21:36.598750Z"},"EventRecordID":78,"Correlation":null,"Execution_attributes":{"ProcessID":508,"ThreadID":1032},"Channel":"Security","Computer":"IE8Win7","Security":null},"EventData":{"TargetUserName":"Remote Desktop Users","TargetDomainName":"Builtin","TargetSid":"S-1-5-32-555","SubjectUserSid":"S-1-5-18","SubjectUserName":"WIN-QALA5Q3KJ43$","SubjectDomainName":"WORKGROUP","SubjectLogonId":"0x3e7","PrivilegeList":"-","SamAccountName":"-","SidHistory":"-"}}}
{"Event_attributes":{"xmlns":"http://schemas.microsoft.com/win/2004/08/events/event"},"Event":{"System":{"Provider_attributes":{"Name":"Microsoft-Windows-Security-Auditing","Guid":"54849625-5478-4994-A5BA-3E3B0328C30D"},"EventID":4781,"Version":0,"Level":0,"Task":13824,"Opcode":0,"Keywords":"0x8020000000000000","TimeCreated_attributes":{"SystemTime":"2013-10-23T16:21:36.598750Z"},"EventRecordID":79,"Correlation":null,"Execution_attributes":{"ProcessID":508,"ThreadID":1032},"Channel":"Security","Computer":"IE8Win7","Security":null},"EventData":{"OldTargetUserName":"Remote Desktop Users","NewTargetUserName":"Remote Desktop Users","TargetDomainName":"Builtin","TargetSid":"S-1-5-32-555","SubjectUserSid":"S-1-5-18","SubjectUserName":"WIN-QALA5Q3KJ43$","SubjectDomainName":"WORKGROUP","SubjectLogonId":"0x3e7","PrivilegeList":"-"}}}
{"Event_attributes":{"xmlns":"http://schemas.microsoft.com/win/2004/08/events/event"},"Event":{"System":{"Provider_attributes":{"Name":"Microsoft-Windows-Security-Auditing","Guid":"54849625-5478-4994-A5BA-3E3B0328C30D"},"EventID":4735,"Version":0,"Level":0,"Task":13826,"Opcode":0,"Keywords":"0x8020000000000000","TimeCreated_attributes":{"SystemTime":"2013-10-23T16:21:36.598750Z"},"EventRecordID":80,"Correlation":null,"Execution_attributes":{"ProcessID":508,"ThreadID":1032},"Channel":"Security","Computer":"IE8Win7","Security":null},"EventData":{"TargetUserName":"Remote Desktop Users","TargetDomainName":"Builtin","TargetSid":"S-1-5-32-555","SubjectUserSid":"S-1-5-18","SubjectUserName":"WIN-QALA5Q3KJ43$","SubjectDomainName":"WORKGROUP","SubjectLogonId":"0x3e7","PrivilegeList":"-","SamAccountName":"Remote Desktop Users","SidHistory":"-"}}}
{"Event_attributes":{"xmlns":"http://schemas.microsoft.com/win/2004/08/events/event"},"Event":{"System":{"Provider_attributes":{"Name":"Microsoft-Windows-Security-Auditing","Guid":"54849625-5478-4994-A5BA-3E3B0328C30D"},"EventID":4735,"Version":0,"Level":0,"Task":13826,"Opcode":0,"Keywords":"0x8020000000000000","TimeCreated_attributes":{"SystemTime":"2013-10-23T16:21:36.598750Z"},"EventRecordID":81,"Correlation":null,"Execution_attributes":{"ProcessID":508,"ThreadID":1032},"Channel":"Security","Computer":"IE8Win7","Security":null},"EventData":{"TargetUserName":"Network Configuration Operators","TargetDomainName":"Builtin","TargetSid":"S-1-5-32-556","SubjectUserSid":"S-1-5-18","SubjectUserName":"WIN-QALA5Q3KJ43$","SubjectDomainName":"WORKGROUP","SubjectLogonId":"0x3e7","PrivilegeList":"-","SamAccountName":"-","SidHistory":"-"}}}
{"Event_attributes":{"xmlns":"http://schemas.microsoft.com/win/2004/08/events/event"},"Event":{"System":{"Provider_attributes":{"Name":"Microsoft-Windows-Security-Auditing","Guid":"54849625-5478-4994-A5BA-3E3B0328C30D"},"EventID":4781,"Version":0,"Level":0,"Task":13824,"Opcode":0,"Keywords":"0x8020000000000000","TimeCreated_attributes":{"SystemTime":"2013-10-23T16:21:36.598750Z"},"EventRecordID":82,"Correlation":null,"Execution_attributes":{"ProcessID":508,"ThreadID":1032},"Channel":"Security","Computer":"IE8Win7","Security":null},"EventData":{"OldTargetUserName":"Network Configuration Operators","NewTargetUserName":"Network Configuration Operators","TargetDomainName":"Builtin","TargetSid":"S-1-5-32-556","SubjectUserSid":"S-1-5-18","SubjectUserName":"WIN-QALA5Q3KJ43$","SubjectDomainName":"WORKGROUP","SubjectLogonId":"0x3e7","PrivilegeList":"-"}}}
{"Event_attributes":{"xmlns":"http://schemas.microsoft.com/win/2004/08/events/event"},"Event":{"System":{"Provider_attributes":{"Name":"Microsoft-Windows-Security-Auditing","Guid":"54849625-5478-4994-A5BA-3E3B0328C30D"},"EventID":4735,"Version":0,"Level":0,"Task":13826,"Opcode":0,"Keywords":"0x8020000000000000","TimeCreated_attributes":{"SystemTime":"2013-10-23T16:21:36.598750Z"},"EventRecordID":83,"Correlation":null,"Execution_attributes":{"ProcessID":508,"ThreadID":1032},"Channel":"Security","Computer":"IE8Win7","Security":null},"EventData":{"TargetUserName":"Network Configuration Operators","TargetDomainName":"Builtin","TargetSid":"S-1-5-32-556","SubjectUserSid":"S-1-5-18","SubjectUserName":"WIN-QALA5Q3KJ43$","SubjectDomainName":"WORKGROUP","SubjectLogonId":"0x3e7","PrivilegeList":"-","SamAccountName":"Network Configuration Operators","SidHistory":"-"}}}
{"Event_attributes":{"xmlns":"http://schemas.microsoft.com/win/2004/08/events/event"},"Event":{"System":{"Provider_attributes":{"Name":"Microsoft-Windows-Security-Auditing","Guid":"54849625-5478-4994-A5BA-3E3B0328C30D"},"EventID":4735,"Version":0,"Level":0,"Task":13826,"Opcode":0,"Keywords":"0x8020000000000000","TimeCreated_attributes":{"SystemTime":"2013-10-23T16:21:36.598750Z"},"EventRecordID":84,"Correlation":null,"Execution_attributes":{"ProcessID":508,"ThreadID":1032},"Channel":"Security","Computer":"IE8Win7","Security":null},"EventData":{"TargetUserName":"Power Users","TargetDomainName":"Builtin","TargetSid":"S-1-5-32-547","SubjectUserSid":"S-1-5-18","SubjectUserName":"WIN-QALA5Q3KJ43$","SubjectDomainName":"WORKGROUP","SubjectLogonId":"0x3e7","PrivilegeList":"-","SamAccountName":"-","SidHistory":"-"}}}
{"Event_attributes":{"xmlns":"http://schemas.microsoft.com/win/2004/08/events/event"},"Event":{"System":{"Provider_attributes":{"Name":"Microsoft-Windows-Security-Auditing","Guid":"54849625-5478-4994-A5BA-3E3B0328C30D"},"EventID":4781,"Version":0,"Level":0,"Task":13824,"Opcode":0,"Keywords":"0x8020000000000000","TimeCreated_attributes":{"SystemTime":"2013-10-23T16:21:36.598750Z"},"EventRecordID":85,"Correlation":null,"Execution_attributes":{"ProcessID":508,"ThreadID":1032},"Channel":"Security","Computer":"IE8Win7","Security":null},"EventData":{"OldTargetUserName":"Power Users","NewTargetUserName":"Power Users","TargetDomainName":"Builtin","TargetSid":"S-1-5-32-547","SubjectUserSid":"S-1-5-18","SubjectUserName":"WIN-QALA5Q3KJ43$","SubjectDomainName":"WORKGROUP","SubjectLogonId":"0x3e7","PrivilegeList":"-"}}}
{"Event_attributes":{"xmlns":"http://schemas.microsoft.com/win/2004/08/events/event"},"Event":{"System":{"Provider_attributes":{"Name":"Microsoft-Windows-Security-Auditing","Guid":"54849625-5478-4994-A5BA-3E3B0328C30D"},"EventID":4735,"Version":0,"Level":0,"Task":13826,"Opcode":0,"Keywords":"0x8020000000000000","TimeCreated_attributes":{"SystemTime":"2013-10-23T16:21:36.598750Z"},"EventRecordID":86,"Correlation":null,"Execution_attributes":{"ProcessID":508,"ThreadID":1032},"Channel":"Security","Computer":"IE8Win7","Security":null},"EventData":{"TargetUserName":"Power Users","TargetDomainName":"Builtin","TargetSid":"S-1-5-32-547","SubjectUserSid":"S-1-5-18","SubjectUserName":"WIN-QALA5Q3KJ43$","SubjectDomainName":"WORKGROUP","SubjectLogonId":"0x3e7","PrivilegeList":"-","SamAccountName":"Power Users","SidHistory":"-"}}}
{"Event_attributes":{"xmlns":"http://schemas.microsoft.com/win/2004/08/events/event"},"Event":{"System":{"Provider_attributes":{"Name":"Microsoft-Windows-Security-Auditing","Guid":"54849625-5478-4994-A5BA-3E3B0328C30D"},"EventID":4735,"Version":0,"Level":0,"Task":13826,"Opcode":0,"Keywords":"0x8020000000000000","TimeCreated_attributes":{"SystemTime":"2013-10-23T16:21:36.598750Z"},"EventRecordID":87,"Correlation":null,"Execution_attributes":{"ProcessID":508,"ThreadID":1032},"Channel":"Security","Computer":"IE8Win7","Security":null},"EventData":{"TargetUserName":"Performance Monitor Users","TargetDomainName":"Builtin","TargetSid":"S-1-5-32-558","SubjectUserSid":"S-1-5-18","SubjectUserName":"WIN-QALA5Q3KJ43$","SubjectDomainName":"WORKGROUP","SubjectLogonId":"0x3e7","PrivilegeList":"-","SamAccountName":"-","SidHistory":"-"}}}
{"Event_attributes":{"xmlns":"http://schemas.microsoft.com/win/2004/08/events/event"},"Event":{"System":{"Provider_attributes":{"Name":"Microsoft-Windows-Security-Auditing","Guid":"54849625-5478-4994-A5BA-3E3B0328C30D"},"EventID":4781,"Version":0,"Level":0,"Task":13824,"Opcode":0,"Keywords":"0x8020000000000000","TimeCreated_attributes":{"SystemTime":"2013-10-23T16:21:36.598750Z"},"EventRecordID":88,"Correlation":null,"Execution_attributes":{"ProcessID":508,"ThreadID":1032},"Channel":"Security","Computer":"IE8Win7","Security":null},"EventData":{"OldTargetUserName":"Performance Monitor Users","NewTargetUserName":"Performance Monitor Users","TargetDomainName":"Builtin","TargetSid":"S-1-5-32-558","SubjectUserSid":"S-1-5-18","SubjectUserName":"WIN-QALA5Q3KJ43$","SubjectDomainName":"WORKGROUP","SubjectLogonId":"0x3e7","PrivilegeList":"-"}}}
{"Event_attributes":{"xmlns":"http://schemas.microsoft.com/win/2004/08/events/event"},"Event":{"System":{"Provider_attributes":{"Name":"Microsoft-Windows-Security-Auditing","Guid":"54849625-5478-4994-A5BA-3E3B0328C30D"},"EventID":4735,"Version":0,"Level":0,"Task":13826,"Opcode":0,"Keywords":"0x8020000000000000","TimeCreated_attributes":{"SystemTime":"2013-10-23T16:21:36.598750Z"},"EventRecordID":89,"Correlation":null,"Execution_attributes":{"ProcessID":508,"ThreadID":1032},"Channel":"Security","Computer":"IE8Win7","Security":null},"EventData":{"TargetUserName":"Performance Monitor Users","TargetDomainName":"Builtin","TargetSid":"S-1-5-32-558","SubjectUserSid":"S-1-5-18","SubjectUserName":"WIN-QALA5Q3KJ43$","SubjectDomainName":"WORKGROUP","SubjectLogonId":"0x3e7","PrivilegeList":"-","SamAccountName":"Performance Monitor Users","SidHistory":"-"}}}
{"Event_attributes":{"xmlns":"http://schemas.microsoft.com/win/2004/08/events/event"},"Event":{"System":{"Provider_attributes":{"Name":"Microsoft-Windows-Security-Auditing","Guid":"54849625-5478-4994-A5BA-3E3B0328C30D"},"EventID":4735,"Version":0,"Level":0,"Task":13826,"Opcode":0,"Keywords":"0x8020000000000000","TimeCreated_attributes":{"SystemTime":"2013-10-23T16:21:36.598750Z"},"EventRecordID":90,"Correlation":null,"Execution_attributes":{"ProcessID":508,"ThreadID":1032},"Channel":"Security","Computer":"IE8Win7","Security":null},"EventData":{"TargetUserName":"Performance Log Users","TargetDomainName":"Builtin","TargetSid":"S-1-5-32-559","SubjectUserSid":"S-1-5-18","SubjectUserName":"WIN-QALA5Q3KJ43$","SubjectDomainName":"WORKGROUP","SubjectLogonId":"0x3e7","PrivilegeList":"-","SamAccountName":"-","SidHistory":"-"}}}
{"Event_attributes":{"xmlns":"http://schemas.microsoft.com/win/2004/08/events/event"},"Event":{"System":{"Provider_attributes":{"Name":"Microsoft-Windows-Security-Auditing","Guid":"54849625-5478-4994-A5BA-3E3B0328C30D"},"EventID":4781,"Version":0,"Level":0,"Task":13824,"Opcode":0,"Keywords":"0x8020000000000000","TimeCreated_attributes":{"SystemTime":"2013-10-23T16:21:36.598750Z"},"EventRecordID":91,"Correlation":null,"Execution_attributes":{"ProcessID":508,"ThreadID":1032},"Channel":"Security","Computer":"IE8Win7","Security":null},"EventData":{"OldTargetUserName":"Performance Log Users","NewTargetUserName":"Performance Log Users","TargetDomainName":"Builtin","TargetSid":"S-1-5-32-559","SubjectUserSid":"S-1-5-18","SubjectUserName":"WIN-QALA5Q3KJ43$","SubjectDomainName":"WORKGROUP","SubjectLogonId":"0x3e7","PrivilegeList":"-"}}}
{"Event_attributes":{"xmlns":"http://schemas.microsoft.com/win/2004/08/events/event"},"Event":{"System":{"Provider_attributes":{"Name":"Microsoft-Windows-Security-Auditing","Guid":"54849625-5478-4994-A5BA-3E3B0328C30D"},"EventID":4735,"Version":0,"Level":0,"Task":13826,"Opcode":0,"Keywords":"0x8020000000000000","TimeCreated_attributes":{"SystemTime":"2013-10-23T16:21:36.598750Z"},"EventRecordID":92,"Correlation":null,"Execution_attributes":{"ProcessID":508,"ThreadID":1032},"Channel":"Security","Computer":"IE8Win7","Security":null},"EventData":{"TargetUserName":"Performance Log Users","TargetDomainName":"Builtin","TargetSid":"S-1-5-32-559","SubjectUserSid":"S-1-5-18","SubjectUserName":"WIN-QALA5Q3KJ43$","SubjectDomainName":"WORKGROUP","SubjectLogonId":"0x3e7","PrivilegeList":"-","SamAccountName":"Performance Log Users","SidHistory":"-"}}}
{"Event_attributes":{"xmlns":"http://schemas.microsoft.com/win/2004/08/events/event"},"Event":{"System":{"Provider_attributes":{"Name":"Microsoft-Windows-Security-Auditing","Guid":"54849625-5478-4994-A5BA-3E3B0328C30D"},"EventID":4735,"Version":0,"Level":0,"Task":13826,"Opcode":0,"Keywords":"0x8020000000000000","TimeCreated_attributes":{"SystemTime":"2013-10-23T16:21:36.598750Z"},"EventRecordID":93,"Correlation":null,"Execution_attributes":{"ProcessID":508,"ThreadID":1032},"Channel":"Security","Computer":"IE8Win7","Security":null},"EventData":{"TargetUserName":"Distributed COM Users","TargetDomainName":"Builtin","TargetSid":"S-1-5-32-562","SubjectUserSid":"S-1-5-18","SubjectUserName":"WIN-QALA5Q3KJ43$","SubjectDomainName":"WORKGROUP","SubjectLogonId":"0x3e7","PrivilegeList":"-","SamAccountName":"-","SidHistory":"-"}}}
{"Event_attributes":{"xmlns":"http://schemas.microsoft.com/win/2004/08/events/event"},"Event":{"System":{"Provider_attributes":{"Name":"Microsoft-Windows-Security-Auditing","Guid":"54849625-5478-4994-A5BA-3E3B0328C30D"},"EventID":4781,"Version":0,"Level":0,"Task":13824,"Opcode":0,"Keywords":"0x8020000000000000","TimeCreated_attributes":{"SystemTime":"2013-10-23T16:21:36.598750Z"},"EventRecordID":94,"Correlation":null,"Execution_attributes":{"ProcessID":508,"ThreadID":1032},"Channel":"Security","Computer":"IE8Win7","Security":null},"EventData":{"OldTargetUserName":"Distributed COM Users","NewTargetUserName":"Distributed COM Users","TargetDomainName":"Builtin","TargetSid":"S-1-5-32-562","SubjectUserSid":"S-1-5-18","SubjectUserName":"WIN-QALA5Q3KJ43$","SubjectDomainName":"WORKGROUP","SubjectLogonId":"0x3e7","PrivilegeList":"-"}}}
{"Event_attributes":{"xmlns":"http://schemas.microsoft.com/win/2004/08/events/event"},"Event":{"System":{"Provider_attributes":{"Name":"Microsoft-Windows-Security-Auditing","Guid":"54849625-5478-4994-A5BA-3E3B0328C30D"},"EventID":4735,"Version":0,"Level":0,"Task":13826,"Opcode":0,"Keywords":"0x8020000000000000","TimeCreated_attributes":{"SystemTime":"2013-10-23T16:21:36.598750Z"},"EventRecordID":95,"Correlation":null,"Execution_attributes":{"ProcessID":508,"ThreadID":1032},"Channel":"Security","Computer":"IE8Win7","Security":null},"EventData":{"TargetUserName":"Distributed COM Users","TargetDomainName":"Builtin","TargetSid":"S-1-5-32-562","SubjectUserSid":"S-1-5-18","SubjectUserName":"WIN-QALA5Q3KJ43$","SubjectDomainName":"WORKGROUP","SubjectLogonId":"0x3e7","PrivilegeList":"-","SamAccountName":"Distributed COM Users","SidHistory":"-"}}}
{"Event_attributes":{"xmlns":"http://schemas.microsoft.com/win/2004/08/events/event"},"Event":{"System":{"Provider_attributes":{"Name":"Microsoft-Windows-Security-Auditing","Guid":"54849625-5478-4994-A5BA-3E3B0328C30D"},"EventID":4735,"Version":0,"Level":0,"Task":13826,"Opcode":0,"Keywords":"0x8020000000000000","TimeCreated_attributes":{"SystemTime":"2013-10-23T16:21:36.598750Z"},"EventRecordID":96,"Correlation":null,"Execution_attributes":{"ProcessID":508,"ThreadID":1032},"Channel":"Security","Computer":"IE8Win7","Security":null},"EventData":{"TargetUserName":"IIS_IUSRS","TargetDomainName":"Builtin","TargetSid":"S-1-5-32-568","SubjectUserSid":"S-1-5-18","SubjectUserName":"WIN-QALA5Q3KJ43$","SubjectDomainName":"WORKGROUP","SubjectLogonId":"0x3e7","PrivilegeList":"-","SamAccountName":"-","SidHistory":"-"}}}
{"Event_attributes":{"xmlns":"http://schemas.microsoft.com/win/2004/08/events/event"},"Event":{"System":{"Provider_attributes":{"Name":"Microsoft-Windows-Security-Auditing","Guid":"54849625-5478-4994-A5BA-3E3B0328C30D"},"EventID":4781,"Version":0,"Level":0,"Task":13824,"Opcode":0,"Keywords":"0x8020000000000000","TimeCreated_attributes":{"SystemTime":"2013-10-23T16:21:36.598750Z"},"EventRecordID":97,"Correlation":null,"Execution_attributes":{"ProcessID":508,"ThreadID":1032},"Channel":"Security","Computer":"IE8Win7","Security":null},"EventData":{"OldTargetUserName":"IIS_IUSRS","NewTargetUserName":"IIS_IUSRS","TargetDomainName":"Builtin","TargetSid":"S-1-5-32-568","SubjectUserSid":"S-1-5-18","SubjectUserName":"WIN-QALA5Q3KJ43$","SubjectDomainName":"WORKGROUP","SubjectLogonId":"0x3e7","PrivilegeList":"-"}}}
{"Event_attributes":{"xmlns":"http://schemas.microsoft.com/win/2004/08/events/event"},"Event":{"System":{"Provider_attributes":{"Name":"Microsoft-Windows-Security-Auditing","Guid":"54849625-5478-4994-A5BA-3E3B0328C30D"},"EventID":4735,"Version":0,"Level":0,"Task":13826,"Opcode":0,"Keywords":"0x8020000000000000","TimeCreated_attributes":{"SystemTime":"2013-10-23T16:21:36.598750Z"},"EventRecordID":98,"Correlation":null,"Execution_attributes":{"ProcessID":508,"ThreadID":1032},"Channel":"Security","Computer":"IE8Win7","Security":null},"EventData":{"TargetUserName":"IIS_IUSRS","TargetDomainName":"Builtin","TargetSid":"S-1-5-32-568","SubjectUserSid":"S-1-5-18","SubjectUserName":"WIN-QALA5Q3KJ43$","SubjectDomainName":"WORKGROUP","SubjectLogonId":"0x3e7","PrivilegeList":"-","SamAccountName":"IIS_IUSRS","SidHistory":"-"}}}
{"Event_attributes":{"xmlns":"http://schemas.microsoft.com/win/2004/08/events/event"},"Event":{"System":{"Provider_attributes":{"Name":"Microsoft-Windows-Security-Auditing","Guid":"54849625-5478-4994-A5BA-3E3B0328C30D"},"EventID":4735,"Version":0,"Level":0,"Task":13826,"Opcode":0,"Keywords":"0x8020000000000000","TimeCreated_attributes":{"SystemTime":"2013-10-23T16:21:36.598750Z"},"EventRecordID":99,"Correlation":null,"Execution_attributes":{"ProcessID":508,"ThreadID":1032},"Channel":"Security","Computer":"IE8Win7","Security":null},"EventData":{"TargetUserName":"Cryptographic Operators","TargetDomainName":"Builtin","TargetSid":"S-1-5-32-569","SubjectUserSid":"S-1-5-18","SubjectUserName":"WIN-QALA5Q3KJ43$","SubjectDomainName":"WORKGROUP","SubjectLogonId":"0x3e7","PrivilegeList":"-","SamAccountName":"-","SidHistory":"-"}}}
{"Event_attributes":{"xmlns":"http://schemas.microsoft.com/win/2004/08/events/event"},"Event":{"System":{"Provider_attributes":{"Name":"Microsoft-Windows-Security-Auditing","Guid":"54849625-5478-4994-A5BA-3E3B0328C30D"},"EventID":4781,"Version":0,"Level":0,"Task":13824,"Opcode":0,"Keywords":"0x8020000000000000","TimeCreated_attributes":{"SystemTime":"2013-10-23T16:21:36.598750Z"},"EventRecordID":100,"Correlation":null,"Execution_attributes":{"ProcessID":508,"ThreadID":1032},"Channel":"Security","Computer":"IE8Win7","Security":null},"EventData":{"OldTargetUserName":"Cryptographic Operators","NewTargetUserName":"Cryptographic Operators","TargetDomainName":"Builtin","TargetSid":"S-1-5-32-569","SubjectUserSid":"S-1-5-18","SubjectUserName":"WIN-QALA5Q3KJ43$","SubjectDomainName":"WORKGROUP","SubjectLogonId":"0x3e7","PrivilegeList":"-"}}}
{"Event_attributes":{"xmlns":"http://schemas.microsoft.com/win/2004/08/events/event"},"Event":{"System":{"Provider_attributes":{"Name":"Microsoft-Windows-Security-Auditing","Guid":"54849625-5478-4994-A5BA-3E3B0328C30D"},"EventID":4735,"Version":0,"Level":0,"Task":13826,"Opcode":0,"Keywords":"0x8020000000000000","TimeCreated_attributes":{"SystemTime":"2013-10-23T16:21:36.598750Z"},"EventRecordID":101,"Correlation":null,"Execution_attributes":{"ProcessID":508,"ThreadID":1032},"Channel":"Security","Computer":"IE8Win7","Security":null},"EventData":{"TargetUserName":"Cryptographic Operators","TargetDomainName":"Builtin","TargetSid":"S-1-5-32-569","SubjectUserSid":"S-1-5-18","SubjectUserName":"WIN-QALA5Q3KJ43$","SubjectDomainName":"WORKGROUP","SubjectLogonId":"0x3e7","PrivilegeList":"-","SamAccountName":"Cryptographic Operators","SidHistory":"-"}}}
{"Event_attributes":{"xmlns":"http://schemas.microsoft.com/win/2004/08/events/event"},"Event":{"System":{"Provider_attributes":{"Name":"Microsoft-Windows-Security-Auditing","Guid":"54849625-5478-4994-A5BA-3E3B0328C30D"},"EventID":4735,"Version":0,"Level":0,"Task":13826,"Opcode":0,"Keywords":"0x8020000000000000","TimeCreated_attributes":{"SystemTime":"2013-10-23T16:21:36.598750Z"},"EventRecordID":102,"Correlation":null,"Execution_attributes":{"ProcessID":508,"ThreadID":1032},"Channel":"Security","Computer":"IE8Win7","Security":null},"EventData":{"TargetUserName":"Event Log Readers","TargetDomainName":"Builtin","TargetSid":"S-1-5-32-573","SubjectUserSid":"S-1-5-18","SubjectUserName":"WIN-QALA5Q3KJ43$","SubjectDomainName":"WORKGROUP","SubjectLogonId":"0x3e7","PrivilegeList":"-","SamAccountName":"-","SidHistory":"-"}}}
{"Event_attributes":{"xmlns":"http://schemas.microsoft.com/win/2004/08/events/event"},"Event":{"System":{"Provider_attributes":{"Name":"Microsoft-Windows-Security-Auditing","Guid":"54849625-5478-4994-A5BA-3E3B0328C30D"},"EventID":4781,"Version":0,"Level":0,"Task":13824,"Opcode":0,"Keywords":"0x8020000000000000","TimeCreated_attributes":{"SystemTime":"2013-10-23T16:21:36.598750Z"},"EventRecordID":103,"Correlation":null,"Execution_attributes":{"ProcessID":508,"ThreadID":1032},"Channel":"Security","Computer":"IE8Win7","Security":null},"EventData":{"OldTargetUserName":"Event Log Readers","NewTargetUserName":"Event Log Readers","TargetDomainName":"Builtin","TargetSid":"S-1-5-32-573","SubjectUserSid":"S-1-5-18","SubjectUserName":"WIN-QALA5Q3KJ43$","SubjectDomainName":"WORKGROUP","SubjectLogonId":"0x3e7","PrivilegeList":"-"}}}
{"Event_attributes":{"xmlns":"http://schemas.microsoft.com/win/2004/08/events/event"},"Event":{"System":{"Provider_attributes":{"Name":"Microsoft-Windows-Security-Auditing","Guid":"54849625-5478-4994-A5BA-3E3B0328C30D"},"EventID":4735,"Version":0,"Level":0,"Task":13826,"Opcode":0,"Keywords":"0x8020000000000000","TimeCreated_attributes":{"SystemTime":"2013-10-23T16:21:36.598750Z"},"EventRecordID":104,"Correlation":null,"Execution_attributes":{"ProcessID":508,"ThreadID":1032},"Channel":"Security","Computer":"IE8Win7","Security":null},"EventData":{"TargetUserName":"Event Log Readers","TargetDomainName":"Builtin","TargetSid":"S-1-5-32-573","SubjectUserSid":"S-1-5-18","SubjectUserName":"WIN-QALA5Q3KJ43$","SubjectDomainName":"WORKGROUP","SubjectLogonId":"0x3e7","PrivilegeList":"-","SamAccountName":"Event Log Readers","SidHistory":"-"}}}
{"Event_attributes":{"xmlns":"http://schemas.microsoft.com/win/2004/08/events/event"},"Event":{"System":{"Provider_attributes":{"Name":"Microsoft-Windows-Security-Auditing","Guid":"54849625-5478-4994-A5BA-3E3B0328C30D"},"EventID":4738,"Version":0,"Level":0,"Task":13824,"Opcode":0,"Keywords":"0x8020000000000000","TimeCreated_attributes":{"SystemTime":"2013-10-23T16:21:36.645625Z"},"EventRecordID":105,"Correlation":null,"Execution_attributes":{"ProcessID":508,"ThreadID":1032},"Channel":"Security","Computer":"IE8Win7","Security":null},"EventData":{"Dummy":"-","TargetUserName":"Administrator","TargetDomainName":"IE8Win7","TargetSid":"S-1-5-21-3463664321-2923530833-3546627382-500","SubjectUserSid":"S-1-5-18","SubjectUserName":"WIN-QALA5Q3KJ43$","SubjectDomainName":"WORKGROUP","SubjectLogonId":"0x3e7","PrivilegeList":"-","SamAccountName":"Administrator","DisplayName":"%%1793","UserPrincipalName":"-","HomeDirectory":"%%1793","HomePath":"%%1793","ScriptPath":"%%1793","ProfilePath":"%%1793","UserWorkstations":"%%1793","PasswordLastSet":"7/13/2009 9:55:45 PM","AccountExpires":"%%1794","PrimaryGroupId":"513","AllowedToDelegateTo":"-","OldUacValue":"0x211","NewUacValue":"0x211","UserAccountControl":"-","UserParameters":"%%1793","SidHistory":"-","LogonHours":"%%1797"}}}
{"Event_attributes":{"xmlns":"http://schemas.microsoft.com/win/2004/08/events/event"},"Event":{"System":{"Provider_attributes":{"Name":"Microsoft-Windows-Security-Auditing","Guid":"54849625-5478-4994-A5BA-3E3B0328C30D"},"EventID":4738,"Version":0,"Level":0,"Task":13824,"Opcode":0,"Keywords":"0x8020000000000000","TimeCreated_attributes":{"SystemTime":"2013-10-23T16:21:36.645625Z"},"EventRecordID":106,"Correlation":null,"Execution_attributes":{"ProcessID":508,"ThreadID":1032},"Channel":"Security","Computer":"IE8Win7","Security":null},"EventData":{"Dummy":"-","TargetUserName":"Administrator","TargetDomainName":"IE8Win7","TargetSid":"S-1-5-21-3463664321-2923530833-3546627382-500","SubjectUserSid":"S-1-5-18","SubjectUserName":"WIN-QALA5Q3KJ43$","SubjectDomainName":"WORKGROUP","SubjectLogonId":"0x3e7","PrivilegeList":"-","SamAccountName":"Administrator","DisplayName":"%%1793","UserPrincipalName":"-","HomeDirectory":"%%1793","HomePath":"%%1793","ScriptPath":"%%1793","ProfilePath":"%%1793","UserWorkstations":"%%1793","PasswordLastSet":"7/13/2009 9:55:45 PM","AccountExpires":"%%1794","PrimaryGroupId":"513","AllowedToDelegateTo":"-","OldUacValue":"0x211","NewUacValue":"0x211","UserAccountControl":"-","UserParameters":"%%1793","SidHistory":"-","LogonHours":"%%1797"}}}
{"Event_attributes":{"xmlns":"http://schemas.microsoft.com/win/2004/08/events/event"},"Event":{"System":{"Provider_attributes":{"Name":"Microsoft-Windows-Security-Auditing","Guid":"54849625-5478-4994-A5BA-3E3B0328C30D"},"EventID":4738,"Version":0,"Level":0,"Task":13824,"Opcode":0,"Keywords":"0x8020000000000000","TimeCreated_attributes":{"SystemTime":"2013-10-23T16:21:36.645625Z"},"EventRecordID":107,"Correlation":null,"Execution_attributes":{"ProcessID":508,"ThreadID":1032},"Channel":"Security","Computer":"IE8Win7","Security":null},"EventData":{"Dummy":"-","TargetUserName":"Guest","TargetDomainName":"IE8Win7","TargetSid":"S-1-5-21-3463664321-2923530833-3546627382-501","SubjectUserSid":"S-1-5-18","SubjectUserName":"WIN-QALA5Q3KJ43$","SubjectDomainName":"WORKGROUP","SubjectLogonId":"0x3e7","PrivilegeList":"-","SamAccountName":"Guest","DisplayName":"%%1793","UserPrincipalName":"-","HomeDirectory":"%%1793","HomePath":"%%1793","ScriptPath":"%%1793","ProfilePath":"%%1793","UserWorkstations":"%%1793","PasswordLastSet":"%%1794","AccountExpires":"%%1794","PrimaryGroupId":"513","AllowedToDelegateTo":"-","OldUacValue":"0x215","NewUacValue":"0x215","UserAccountControl":"-","UserParameters":"%%1793","SidHistory":"-","LogonHours":"%%1797"}}}
{"Event_attributes":{"xmlns":"http://schemas.microsoft.com/win/2004/08/events/event"},"Event":{"System":{"Provider_attributes":{"Name":"Microsoft-Windows-Security-Auditing","Guid":"54849625-5478-4994-A5BA-3E3B0328C30D"},"EventID":4738,"Version":0,"Level":0,"Task":13824,"Opcode":0,"Keywords":"0x8020000000000000","TimeCreated_attributes":{"SystemTime":"2013-10-23T16:21:36.645625Z"},"EventRecordID":108,"Correlation":null,"Execution_attributes":{"ProcessID":508,"ThreadID":1032},"Channel":"Security","Computer":"IE8Win7","Security":null},"EventData":{"Dummy":"-","TargetUserName":"Guest","TargetDomainName":"IE8Win7","TargetSid":"S-1-5-21-3463664321-2923530833-3546627382-501","SubjectUserSid":"S-1-5-18","SubjectUserName":"WIN-QALA5Q3KJ43$","SubjectDomainName":"WORKGROUP","SubjectLogonId":"0x3e7","PrivilegeList":"-","SamAccountName":"Guest","DisplayName":"%%1793","UserPrincipalName":"-","HomeDirectory":"%%1793","HomePath":"%%1793","ScriptPath":"%%1793","ProfilePath":"%%1793","UserWorkstations":"%%1793","PasswordLastSet":"%%1794","AccountExpires":"%%1794","PrimaryGroupId":"513","AllowedToDelegateTo":"-","OldUacValue":"0x215","NewUacValue":"0x215","UserAccountControl":"-","UserParameters":"%%1793","SidHistory":"-","LogonHours":"%%1797"}}}
{"Event_attributes":{"xmlns":"http://schemas.microsoft.com/win/2004/08/events/event"},"Event":{"System":{"Provider_attributes":{"Name":"Microsoft-Windows-Security-Auditing","Guid":"54849625-5478-4994-A5BA-3E3B0328C30D"},"EventID":4624,"Version":0,"Level":0,"Task":12544,"Opcode":0,"Keywords":"0x8020000000000000","TimeCreated_attributes":{"SystemTime":"2013-10-23T16:21:37.661250Z"},"EventRecordID":109,"Correlation":null,"Execution_attributes":{"ProcessID":508,"ThreadID":1032},"Channel":"Security","Computer":"IE8Win7","Security":null},"EventData":{"SubjectUserSid":"S-1-0-0","SubjectUserName":"-","SubjectDomainName":"-","SubjectLogonId":"0x0","TargetUserSid":"S-1-5-7","TargetUserName":"ANONYMOUS LOGON","TargetDomainName":"NT AUTHORITY","TargetLogonId":"0x1d370","LogonType":3,"LogonProcessName":"NtLmSsp ","AuthenticationPackageName":"NTLM","WorkstationName":"","LogonGuid":"00000000-0000-0000-0000-000000000000","TransmittedServices":"-","LmPackageName":"NTLM V1","KeyLength":0,"ProcessId":"0x0","ProcessName":"-","IpAddress":"-","IpPort":"-"}}}
