{"Event_attributes":{"xmlns":"http://schemas.microsoft.com/win/2004/08/events/event"},"Event":{"System":{"Provider_attributes":{"Name":".NET Runtime Optimization Service"},"EventID_attributes":{"Qualifiers":0},"EventID":1107,"Level":2,"Task":0,"Keywords":"0x80000000000000","TimeCreated_attributes":{"SystemTime":"2014-11-24T05:08:11.000000Z"},"EventRecordID":972,"Channel":"Application","Computer":"IE8Win7","Security":null},"EventData":{"Data":{"#text":".NET Runtime Optimization Service (clr_optimization_v4.0.30319_32) - Failed to execute command from the offline queue: uninstall \"System.Design, Version=2.0.0.0, Culture=Neutral, PublicKeyToken=b03f5f7f11d50a3a, processorArchitecture=msil\" /NoDependencies .  The error returned was Error: The specified assembly is not installed.\n."},"Binary":null}}}
{"Event_attributes":{"xmlns":"http://schemas.microsoft.com/win/2004/08/events/event"},"Event":{"System":{"Provider_attributes":{"Name":".NET Runtime Optimization Service"},"EventID_attributes":{"Qualifiers":0},"EventID":1107,"Level":2,"Task":0,"Keywords":"0x80000000000000","TimeCreated_attributes":{"SystemTime":"2014-11-24T05:08:12.000000Z"},"EventRecordID":973,"Channel":"Application","Computer":"IE8Win7","Security":null},"EventData":{"Data":{"#text":".NET Runtime Optimization Service (clr_optimization_v4.0.30319_32) - Failed to execute command from the offline queue: uninstall \"System.Web, Version=2.0.0.0, Culture=Neutral, PublicKeyToken=b03f5f7f11d50a3a, processorArchitecture=x86\" /NoDependencies .  The error returned was Error: The specified assembly is not installed.\n."},"Binary":null}}}
{"Event_attributes":{"xmlns":"http://schemas.microsoft.com/win/2004/08/events/event"},"Event":{"System":{"Provider_attributes":{"Name":".NET Runtime Optimization Service"},"EventID_attributes":{"Qualifiers":0},"EventID":1107,"Level":2,"Task":0,"Keywords":"0x80000000000000","TimeCreated_attributes":{"SystemTime":"2014-11-24T05:08:12.000000Z"},"EventRecordID":974,"Channel":"Application","Computer":"IE8Win7","Security":null},"EventData":{"Data":{"#text":".NET Runtime Optimization Service (clr_optimization_v4.0.30319_32) - Failed to execute command from the offline queue: uninstall \"System.Web.RegularExpressions, Version=2.0.0.0, Culture=Neutral, PublicKeyToken=b03f5f7f11d50a3a, processorArchitecture=msil\" /NoDependencies .  The error returned was Error: The specified assembly is not installed.\n."},"Binary":null}}}
{"Event_attributes":{"xmlns":"http://schemas.microsoft.com/win/2004/08/events/event"},"Event":{"System":{"Provider_attributes":{"Name":".NET Runtime Optimization Service"},"EventID_attributes":{"Qualifiers":0},"EventID":1107,"Level":2,"Task":0,"Keywords":"0x80000000000000","TimeCreated_attributes":{"SystemTime":"2014-11-24T05:08:12.000000Z"},"EventRecordID":975,"Channel":"Application","Computer":"IE8Win7","Security":null},"EventData":{"Data":{"#text":".NET Runtime Optimization Service (clr_optimization_v4.0.30319_32) - Failed to execute command from the offline queue: uninstall \"System.Web.Mobile, Version=2.0.0.0, Culture=Neutral, PublicKeyToken=b03f5f7f11d50a3a, processorArchitecture=msil\" /NoDependencies .  The error returned was Error: The specified assembly is not installed.\n."},"Binary":null}}}
{"Event_attributes":{"xmlns":"http://schemas.microsoft.com/win/2004/08/events/event"},"Event":{"System":{"Provider_attributes":{"Name":".NET Runtime Optimization Service"},"EventID_attributes":{"Qualifiers":0},"EventID":1107,"Level":2,"Task":0,"Keywords":"0x80000000000000","TimeCreated_attributes":{"SystemTime":"2014-11-24T05:08:12.000000Z"},"EventRecordID":976,"Channel":"Application","Computer":"IE8Win7","Security":null},"EventData":{"Data":{"#text":".NET Runtime Optimization Service (clr_optimization_v4.0.30319_32) - Failed to execute command from the offline queue: uninstall \"System.Web.Services, Version=2.0.0.0, Culture=Neutral, PublicKeyToken=b03f5f7f11d50a3a, processorArchitecture=msil\" /NoDependencies .  The error returned was Error: The specified assembly is not installed.\n."},"Binary":null}}}
{"Event_attributes":{"xmlns":"http://schemas.microsoft.com/win/2004/08/events/event"},"Event":{"System":{"Provider_attributes":{"Name":"SecurityCenter"},"EventID_attributes":{"Qualifiers":0},"EventID":1,"Level":4,"Task":0,"Keywords":"0x80000000000000","TimeCreated_attributes":{"SystemTime":"2014-11-24T05:09:50.000000Z"},"EventRecordID":977,"Channel":"Application","Computer":"IE8Win7","Security":null},"EventData":{"Data":{"#text":""},"Binary":null}}}
{"Event_attributes":{"xmlns":"http://schemas.microsoft.com/win/2004/08/events/event"},"Event":{"System":{"Provider_attributes":{"Name":"ESENT"},"EventID_attributes":{"Qualifiers":0},"EventID":102,"Level":4,"Task":1,"Keywords":"0x80000000000000","TimeCreated_attributes":{"SystemTime":"2014-11-24T05:09:54.000000Z"},"EventRecordID":978,"Channel":"Application","Computer":"IE8Win7","Security":null},"EventData":{"Data":{"#text":["Windows","748","Windows: ","0","6","01","7601","0000"]},"Binary":null}}}
{"Event_attributes":{"xmlns":"http://schemas.microsoft.com/win/2004/08/events/event"},"Event":{"System":{"Provider_attributes":{"Name":"ESENT"},"EventID_attributes":{"Qualifiers":0},"EventID":300,"Level":4,"Task":3,"Keywords":"0x80000000000000","TimeCreated_attributes":{"SystemTime":"2014-11-24T05:09:54.000000Z"},"EventRecordID":979,"Channel":"Application","Computer":"IE8Win7","Security":null},"EventData":{"Data":{"#text":["Windows","748","Windows: "]},"Binary":null}}}
{"Event_attributes":{"xmlns":"http://schemas.microsoft.com/win/2004/08/events/event"},"Event":{"System":{"Provider_attributes":{"Name":"ESENT"},"EventID_attributes":{"Qualifiers":0},"EventID":301,"Level":4,"Task":3,"Keywords":"0x80000000000000","TimeCreated_attributes":{"SystemTime":"2014-11-24T05:09:54.000000Z"},"EventRecordID":980,"Channel":"Application","Computer":"IE8Win7","Security":null},"EventData":{"Data":{"#text":["Windows","748","Windows: ","C:\\ProgramData\\Microsoft\\Search\\Data\\Applications\\Windows\\MSS.log"]},"Binary":null}}}
{"Event_attributes":{"xmlns":"http://schemas.microsoft.com/win/2004/08/events/event"},"Event":{"System":{"Provider_attributes":{"Name":"ESENT"},"EventID_attributes":{"Qualifiers":0},"EventID":302,"Level":4,"Task":3,"Keywords":"0x80000000000000","TimeCreated_attributes":{"SystemTime":"2014-11-24T05:09:55.000000Z"},"EventRecordID":981,"Channel":"Application","Computer":"IE8Win7","Security":null},"EventData":{"Data":{"#text":["Windows","748","Windows: "]},"Binary":null}}}
{"Event_attributes":{"xmlns":"http://schemas.microsoft.com/win/2004/08/events/event"},"Event":{"System":{"Provider_attributes":{"Name":"Microsoft-Windows-Search","Guid":"{CA4E628D-8567-4896-AB6B-835B221F373F}","EventSourceName":"Windows Search Service"},"EventID_attributes":{"Qualifiers":16384},"EventID":1003,"Version":0,"Level":4,"Task":1,"Opcode":0,"Keywords":"0x80000000000000","TimeCreated_attributes":{"SystemTime":"2014-11-24T05:09:57.000000Z"},"EventRecordID":982,"Correlation":null,"Execution_attributes":{"ProcessID":0,"ThreadID":0},"Channel":"Application","Computer":"IE8Win7","Security":null},"EventData":{"ExtraInfo":"\n"}}}
{"Event_attributes":{"xmlns":"http://schemas.microsoft.com/win/2004/08/events/event"},"Event":{"System":{"Provider_attributes":{"Name":"Microsoft-Windows-Winlogon","Guid":"{DBE9B383-7CF3-4331-91CC-A3CB16A3B538}","EventSourceName":"Winlogon"},"EventID_attributes":{"Qualifiers":16384},"EventID":4104,"Version":0,"Level":4,"Task":0,"Opcode":0,"Keywords":"0x80000000000000","TimeCreated_attributes":{"SystemTime":"2014-11-24T05:10:09.000000Z"},"EventRecordID":983,"Correlation":null,"Execution_attributes":{"ProcessID":0,"ThreadID":0},"Channel":"Application","Computer":"IE8Win7","Security":null},"EventData":{"Data":{"#text":["0x00000000","0x00000000"]},"Binary":null}}}
{"Event_attributes":{"xmlns":"http://schemas.microsoft.com/win/2004/08/events/event"},"Event":{"System":{"Provider_attributes":{"Name":"Desktop Window Manager"},"EventID_attributes":{"Qualifiers":16384},"EventID":9004,"Level":4,"Task":0,"Keywords":"0x80000000000000","TimeCreated_attributes":{"SystemTime":"2014-11-24T05:10:10.000000Z"},"EventRecordID":984,"Channel":"Application","Computer":"IE8Win7","Security":null},"EventData":{"Data":{"#text":""},"Binary":null}}}
{"Event_attributes":{"xmlns":"http://schemas.microsoft.com/win/2004/08/events/event"},"Event":{"System":{"Provider_attributes":{"Name":"Microsoft-Windows-LoadPerf","Guid":"122EE297-BB47-41AE-B265-1CA8D1886D40"},"EventID":1001,"Version":0,"Level":4,"Task":0,"Opcode":0,"Keywords":"0x8000000000000000","TimeCreated_attributes":{"SystemTime":"2014-11-25T17:22:08.812625Z"},"EventRecordID":985,"Correlation":null,"Execution_attributes":{"ProcessID":2980,"ThreadID":2948},"Channel":"Application","Computer":"IE8Win7","Security_attributes":{"UserID":"S-1-5-18"}},"UserData":{"EventXML_attributes":{"xmlns:auto-ns2":"http://schemas.microsoft.com/win/2004/08/events","xmlns":"LoadPerf"},"EventXML":{"param1":"WmiApRpl","param2":"WmiApRpl","binaryDataSize":12,"binaryData":"4A1B00004B1B000034070000"}}}}
{"Event_attributes":{"xmlns":"http://schemas.microsoft.com/win/2004/08/events/event"},"Event":{"System":{"Provider_attributes":{"Name":"Microsoft-Windows-LoadPerf","Guid":"122EE297-BB47-41AE-B265-1CA8D1886D40"},"EventID":1000,"Version":0,"Level":4,"Task":0,"Opcode":0,"Keywords":"0x8000000000000000","TimeCreated_attributes":{"SystemTime":"2014-11-25T17:22:10.828250Z"},"EventRecordID":986,"Correlation":null,"Execution_attributes":{"ProcessID":2980,"ThreadID":2948},"Channel":"Application","Computer":"IE8Win7","Security_attributes":{"UserID":"S-1-5-18"}},"UserData":{"EventXML_attributes":{"xmlns:auto-ns2":"http://schemas.microsoft.com/win/2004/08/events","xmlns":"LoadPerf"},"EventXML":{"param1":"WmiApRpl","param2":"WmiApRpl","binaryDataSize":16,"binaryData":"4C1B0000F21B00004D1B0000F31B0000"}}}}
{"Event_attributes":{"xmlns":"http://schemas.microsoft.com/win/2004/08/events/event"},"Event":{"System":{"Provider_attributes":{"Name":"VSS"},"EventID_attributes":{"Qualifiers":0},"EventID":8224,"Level":4,"Task":0,"Keywords":"0x80000000000000","TimeCreated_attributes":{"SystemTime":"2014-11-25T17:43:38.000000Z"},"EventRecordID":987,"Channel":"Application","Computer":"IE8Win7","Security":null},"EventData":{"Data":{"#text":""},"Binary":"2D20436F64653A2020434F525356434330303030303737332D2043616C6C3A2020434F525356434330303030303735352D205049443A202030303030333336342D205449443A202030303030323938382D20434D443A2020433A5C57696E646F77735C73797374656D33325C76737376632E6578652020202D20557365723A204E616D653A204E5420415554484F524954595C53595354454D2C205349443A532D312D352D313820"}}}
{"Event_attributes":{"xmlns":"http://schemas.microsoft.com/win/2004/08/events/event"},"Event":{"System":{"Provider_attributes":{"Name":"WLMS"},"EventID_attributes":{"Qualifiers":0},"EventID":100,"Level":4,"Task":0,"Keywords":"0x80000000000000","TimeCreated_attributes":{"SystemTime":"2014-11-25T17:45:56.000000Z"},"EventRecordID":988,"Channel":"Application","Computer":"IE8Win7","Security":null},"EventData":{"Data":{"#text":""},"Binary":null}}}
{"Event_attributes":{"xmlns":"http://schemas.microsoft.com/win/2004/08/events/event"},"Event":{"System":{"Provider_attributes":{"Name":"Microsoft-Windows-RestartManager","Guid":"0888E5EF-9B98-4695-979D-E92CE4247224"},"EventID":10000,"Version":0,"Level":4,"Task":0,"Opcode":0,"Keywords":"0x8000000000000000","TimeCreated_attributes":{"SystemTime":"2014-11-25T17:58:18.285500Z"},"EventRecordID":989,"Correlation":null,"Execution_attributes":{"ProcessID":1436,"ThreadID":800},"Channel":"Application","Computer":"IE8Win7","Security_attributes":{"UserID":"S-1-5-21-3463664321-2923530833-3546627382-1000"}},"UserData":{"RmSessionEvent_attributes":{"xmlns:auto-ns2":"http://schemas.microsoft.com/win/2004/08/events","xmlns":"http://www.microsoft.com/2005/08/Windows/Reliability/RestartManager/"},"RmSessionEvent":{"RmSessionId":1,"UTCStartTime":"2014-11-25T17:58:18.285500Z"}}}}
{"Event_attributes":{"xmlns":"http://schemas.microsoft.com/win/2004/08/events/event"},"Event":{"System":{"Provider_attributes":{"Name":"Microsoft-Windows-RestartManager","Guid":"0888E5EF-9B98-4695-979D-E92CE4247224"},"EventID":10005,"Version":0,"Level":4,"Task":0,"Opcode":0,"Keywords":"0x8000000000000000","TimeCreated_attributes":{"SystemTime":"2014-11-25T17:58:18.426125Z"},"EventRecordID":990,"Correlation":null,"Execution_attributes":{"ProcessID":1436,"ThreadID":800},"Channel":"Application","Computer":"IE8Win7","Security_attributes":{"UserID":"S-1-5-21-3463664321-2923530833-3546627382-1000"}},"UserData":{"RmRestartEvent_attributes":{"xmlns:auto-ns2":"http://schemas.microsoft.com/win/2004/08/events","xmlns":"http://www.microsoft.com/2005/08/Windows/Reliability/RestartManager/"},"RmRestartEvent":{"RmSessionId":1,"nApplications":1,"Applications":{"Application":"Windows Explorer"},"RebootReasons":16}}}}
{"Event_attributes":{"xmlns":"http://schemas.microsoft.com/win/2004/08/events/event"},"Event":{"System":{"Provider_attributes":{"Name":"Microsoft-Windows-RestartManager","Guid":"0888E5EF-9B98-4695-979D-E92CE4247224"},"EventID":10001,"Version":0,"Level":4,"Task":0,"Opcode":0,"Keywords":"0x8000000000000000","TimeCreated_attributes":{"SystemTime":"2014-11-25T17:58:18.441750Z"},"EventRecordID":991,"Correlation":null,"Execution_attributes":{"ProcessID":1436,"ThreadID":800},"Channel":"Application","Computer":"IE8Win7","Security_attributes":{"UserID":"S-1-5-21-3463664321-2923530833-3546627382-1000"}},"UserData":{"RmSessionEvent_attributes":{"xmlns:auto-ns2":"http://schemas.microsoft.com/win/2004/08/events","xmlns":"http://www.microsoft.com/2005/08/Windows/Reliability/RestartManager/"},"RmSessionEvent":{"RmSessionId":1,"UTCStartTime":"2014-11-25T17:58:18.285500Z"}}}}
{"Event_attributes":{"xmlns":"http://schemas.microsoft.com/win/2004/08/events/event"},"Event":{"System":{"Provider_attributes":{"Name":"VSS"},"EventID_attributes":{"Qualifiers":0},"EventID":8224,"Level":4,"Task":0,"Keywords":"0x80000000000000","TimeCreated_attributes":{"SystemTime":"2014-11-25T18:06:31.000000Z"},"EventRecordID":992,"Channel":"Application","Computer":"IE8Win7","Security":null},"EventData":{"Data":{"#text":""},"Binary":"2D20436F64653A2020434F525356434330303030303737332D2043616C6C3A2020434F525356434330303030303735352D205049443A202030303030323538382D205449443A202030303030313738302D20434D443A2020433A5C57696E646F77735C73797374656D33325C76737376632E6578652020202D20557365723A204E616D653A204E5420415554484F524954595C53595354454D2C205349443A532D312D352D313820"}}}
{"Event_attributes":{"xmlns":"http://schemas.microsoft.com/win/2004/08/events/event"},"Event":{"System":{"Provider_attributes":{"Name":"Desktop Window Manager"},"EventID_attributes":{"Qualifiers":16384},"EventID":9009,"Level":4,"Task":0,"Keywords":"0x80000000000000","TimeCreated_attributes":{"SystemTime":"2014-11-25T21:50:48.000000Z"},"EventRecordID":993,"Channel":"Application","Computer":"IE8Win7","Security":null},"EventData":{"Data":{"#text":"0x40010004"},"Binary":null}}}
{"Event_attributes":{"xmlns":"http://schemas.microsoft.com/win/2004/08/events/event"},"Event":{"System":{"Provider_attributes":{"Name":"Microsoft-Windows-User Profiles Service","Guid":"89B1E9F0-5AFF-44A6-9B44-0A07A7CE5845"},"EventID":1530,"Version":0,"Level":3,"Task":0,"Opcode":0,"Keywords":"0x8000000000000000","TimeCreated_attributes":{"SystemTime":"2014-11-25T21:50:54.172375Z"},"EventRecordID":994,"Correlation":null,"Execution_attributes":{"ProcessID":868,"ThreadID":3368},"Channel":"Application","Computer":"IE8Win7","Security_attributes":{"UserID":"S-1-5-18"}},"EventData_attributes":{"Name":"EVENT_HIVE_LEAK"},"EventData":{"Detail":"9 user registry handles leaked from \\Registry\\User\\S-1-5-21-3463664321-2923530833-3546627382-1000:\nProcess 496 (\\Device\\HarddiskVolume2\\Windows\\System32\\lsass.exe) has opened key \\REGISTRY\\USER\\S-1-5-21-3463664321-2923530833-3546627382-1000\nProcess 496 (\\Device\\HarddiskVolume2\\Windows\\System32\\lsass.exe) has opened key \\REGISTRY\\USER\\S-1-5-21-3463664321-2923530833-3546627382-1000\nProcess 812 (\\Device\\HarddiskVolume2\\Windows\\System32\\svchost.exe) has opened key \\REGISTRY\\USER\\S-1-5-21-3463664321-2923530833-3546627382-1000\nProcess 812 (\\Device\\HarddiskVolume2\\Windows\\System32\\svchost.exe) has opened key \\REGISTRY\\USER\\S-1-5-21-3463664321-2923530833-3546627382-1000\\Software\\Microsoft\\Windows\\CurrentVersion\\Explorer\\Shell Folders\nProcess 496 (\\Device\\HarddiskVolume2\\Windows\\System32\\lsass.exe) has opened key \\REGISTRY\\USER\\S-1-5-21-3463664321-2923530833-3546627382-1000\\Software\\Microsoft\\SystemCertificates\\My\nProcess 992 (\\Device\\HarddiskVolume2\\Windows\\System32\\svchost.exe) has opened key \\REGISTRY\\USER\\S-1-5-21-3463664321-2923530833-3546627382-1000\\Software\\Microsoft\\Windows\\CurrentVersion\\Internet Settings\nProcess 496 (\\Device\\HarddiskVolume2\\Windows\\System32\\lsass.exe) has opened key \\REGISTRY\\USER\\S-1-5-21-3463664321-2923530833-3546627382-1000\\Software\\Microsoft\\SystemCertificates\\CA\nProcess 992 (\\Device\\HarddiskVolume2\\Windows\\System32\\svchost.exe) has opened key \\REGISTRY\\USER\\S-1-5-21-3463664321-2923530833-3546627382-1000\\Software\\Policies\\Microsoft\\Windows\\CurrentVersion\\Internet Settings\nProcess 496 (\\Device\\HarddiskVolume2\\Windows\\System32\\lsass.exe) has opened key \\REGISTRY\\USER\\S-1-5-21-3463664321-2923530833-3546627382-1000\\Software\\Microsoft\\SystemCertificates\\Disallowed\n"}}}
{"Event_attributes":{"xmlns":"http://schemas.microsoft.com/win/2004/08/events/event"},"Event":{"System":{"Provider_attributes":{"Name":"Microsoft-Windows-User Profiles Service","Guid":"89B1E9F0-5AFF-44A6-9B44-0A07A7CE5845"},"EventID":1530,"Version":0,"Level":3,"Task":0,"Opcode":0,"Keywords":"0x8000000000000000","TimeCreated_attributes":{"SystemTime":"2014-11-25T21:50:56.234875Z"},"EventRecordID":995,"Correlation":null,"Execution_attributes":{"ProcessID":868,"ThreadID":3368},"Channel":"Application","Computer":"IE8Win7","Security_attributes":{"UserID":"S-1-5-18"}},"EventData_attributes":{"Name":"EVENT_HIVE_LEAK"},"EventData":{"Detail":"1 user registry handles leaked from \\Registry\\User\\S-1-5-21-3463664321-2923530833-3546627382-1000_Classes:\nProcess 812 (\\Device\\HarddiskVolume2\\Windows\\System32\\svchost.exe) has opened key \\REGISTRY\\USER\\S-1-5-21-3463664321-2923530833-3546627382-1000_CLASSES\n"}}}
{"Event_attributes":{"xmlns":"http://schemas.microsoft.com/win/2004/08/events/event"},"Event":{"System":{"Provider_attributes":{"Name":"Microsoft-Windows-User Profiles Service","Guid":"89B1E9F0-5AFF-44A6-9B44-0A07A7CE5845"},"EventID":1532,"Version":0,"Level":4,"Task":0,"Opcode":0,"Keywords":"0x8000000000000000","TimeCreated_attributes":{"SystemTime":"2014-11-25T21:51:42.391125Z"},"EventRecordID":996,"Correlation":null,"Execution_attributes":{"ProcessID":868,"ThreadID":928},"Channel":"Application","Computer":"IE8Win7","Security_attributes":{"UserID":"S-1-5-18"}},"EventData":null}}
{"Event_attributes":{"xmlns":"http://schemas.microsoft.com/win/2004/08/events/event"},"Event":{"System":{"Provider_attributes":{"Name":"Microsoft-Windows-EventSystem","Guid":"{899daace-4868-4295-afcd-9eb8fb497561}","EventSourceName":"EventSystem"},"EventID_attributes":{"Qualifiers":16384},"EventID":4625,"Version":0,"Level":4,"Task":0,"Opcode":0,"Keywords":"0x80000000000000","TimeCreated_attributes":{"SystemTime":"2014-11-25T21:52:41.000000Z"},"EventRecordID":997,"Correlation":null,"Execution_attributes":{"ProcessID":0,"ThreadID":0},"Channel":"Application","Computer":"IE8WIN7","Security":null},"EventData":{"param1":"86400","param2":"SuppressDuplicateDuration","param3":"Software\\Microsoft\\EventSystem\\EventLog"}}}
{"Event_attributes":{"xmlns":"http://schemas.microsoft.com/win/2004/08/events/event"},"Event":{"System":{"Provider_attributes":{"Name":"Microsoft-Windows-User Profiles Service","Guid":"89B1E9F0-5AFF-44A6-9B44-0A07A7CE5845"},"EventID":1531,"Version":0,"Level":4,"Task":0,"Opcode":0,"Keywords":"0x8000000000000000","TimeCreated_attributes":{"SystemTime":"2014-11-25T21:52:41.031250Z"},"EventRecordID":998,"Correlation":null,"Execution_attributes":{"ProcessID":840,"ThreadID":928},"Channel":"Application","Computer":"IE8Win7","Security_attributes":{"UserID":"S-1-5-18"}},"EventData":null}}
{"Event_attributes":{"xmlns":"http://schemas.microsoft.com/win/2004/08/events/event"},"Event":{"System":{"Provider_attributes":{"Name":"Microsoft-Windows-WMI","Guid":"{1edeee53-0afe-4609-b846-d8c0b2075b1f}","EventSourceName":"WinMgmt"},"EventID_attributes":{"Qualifiers":49152},"EventID":5615,"Version":0,"Level":0,"Task":0,"Opcode":0,"Keywords":"0x80000000000000","TimeCreated_attributes":{"SystemTime":"2014-11-25T21:52:54.000000Z"},"EventRecordID":999,"Correlation":null,"Execution_attributes":{"ProcessID":0,"ThreadID":0},"Channel":"Application","Computer":"IE8Win7","Security":null},"EventData":{"Data":{"#text":""},"Binary":null}}}
{"Event_attributes":{"xmlns":"http://schemas.microsoft.com/win/2004/08/events/event"},"Event":{"System":{"Provider_attributes":{"Name":"Microsoft-Windows-Security-SPP","Guid":"{E23B33B0-C8C9-472C-A5F9-F2BDFEA0F156}","EventSourceName":"Software Protection Platform Service"},"EventID_attributes":{"Qualifiers":16384},"EventID":900,"Version":0,"Level":4,"Task":0,"Opcode":0,"Keywords":"0x80000000000000","TimeCreated_attributes":{"SystemTime":"2014-11-25T21:52:59.000000Z"},"EventRecordID":1000,"Correlation":null,"Execution_attributes":{"ProcessID":0,"ThreadID":0},"Channel":"Application","Computer":"IE8Win7","Security":null},"EventData":{"Data":{"#text":""},"Binary":null}}}
{"Event_attributes":{"xmlns":"http://schemas.microsoft.com/win/2004/08/events/event"},"Event":{"System":{"Provider_attributes":{"Name":"Microsoft-Windows-WMI","Guid":"{1edeee53-0afe-4609-b846-d8c0b2075b1f}","EventSourceName":"WinMgmt"},"EventID_attributes":{"Qualifiers":49152},"EventID":5617,"Version":0,"Level":0,"Task":0,"Opcode":0,"Keywords":"0x80000000000000","TimeCreated_attributes":{"SystemTime":"2014-11-25T21:53:05.000000Z"},"EventRecordID":1001,"Correlation":null,"Execution_attributes":{"ProcessID":0,"ThreadID":0},"Channel":"Application","Computer":"IE8Win7","Security":null},"EventData":{"Data":{"#text":""},"Binary":null}}}
{"Event_attributes":{"xmlns":"http://schemas.microsoft.com/win/2004/08/events/event"},"Event":{"System":{"Provider_attributes":{"Name":"Microsoft-Windows-Security-SPP","Guid":"{E23B33B0-C8C9-472C-A5F9-F2BDFEA0F156}","EventSourceName":"Software Protection Platform Service"},"EventID_attributes":{"Qualifiers":16384},"EventID":1066,"Version":0,"Level":4,"Task":0,"Opcode":0,"Keywords":"0x80000000000000","TimeCreated_attributes":{"SystemTime":"2014-11-25T21:53:06.000000Z"},"EventRecordID":1002,"Correlation":null,"Execution_attributes":{"ProcessID":0,"ThreadID":0},"Channel":"Application","Computer":"IE8Win7","Security":null},"EventData":{"Data":{"#text":"C:\\Windows\\system32\\sppwinob.dll, msft:spp/windowsfunctionality/agent/7.0, 0x00000000, 0x00000000\nC:\\Windows\\system32\\sppobjs.dll, msft:rm/algorithm/phone/1.0, 0x00000000, 0x00000000\nC:\\Windows\\system32\\sppobjs.dll, msft:rm/algorithm/pkey/2005, 0x00000000, 0x00000000\nC:\\Windows\\system32\\sppobjs.dll, msft:spp/TaskScheduler/1.0, 0x00000000, 0x00000000\nC:\\Windows\\system32\\sppobjs.dll, msft:spp/volume/services/kms/1.0, 0x00000000, 0x00000000\nC:\\Windows\\system32\\sppobjs.dll, msft:spp/volume/services/kms/licenserenewal/1.0, 0x00000000, 0x00000000\n"},"Binary":null}}}
{"Event_attributes":{"xmlns":"http://schemas.microsoft.com/win/2004/08/events/event"},"Event":{"System":{"Provider_attributes":{"Name":"Microsoft-Windows-Security-SPP","Guid":"{E23B33B0-C8C9-472C-A5F9-F2BDFEA0F156}","EventSourceName":"Software Protection Platform Service"},"EventID_attributes":{"Qualifiers":16384},"EventID":1033,"Version":0,"Level":4,"Task":0,"Opcode":0,"Keywords":"0x80000000000000","TimeCreated_attributes":{"SystemTime":"2014-11-25T21:53:08.000000Z"},"EventRecordID":1003,"Correlation":null,"Execution_attributes":{"ProcessID":0,"ThreadID":0},"Channel":"Application","Computer":"IE8Win7","Security":null},"EventData":{"Data":{"#text":["(IIS-W3SVC-MaxConcurrentRequests) (Microsoft.Windows.Smc-Enabled) (Shell-InBoxGames-FreeCell-EnableGame) (Shell-InBoxGames-Hearts-EnableGame) (Shell-InBoxGames-Minesweeper-EnableGame) (Shell-InBoxGames-PurblePlace-EnableGame) (Shell-InBoxGames-Shanghai-EnableGame) (Shell-InBoxGames-Solitaire-EnableGame) (Shell-InBoxGames-SpiderSolitaire-EnableGame) (Shell-MultiplayerInboxGames-Backgammon-EnableGame) (Shell-MultiplayerInboxGames-Checkers-EnableGame) (Shell-MultiplayerInboxGames-Spades-EnableGame) (Shell-PremiumInBoxGames-Chess-EnableGame) (Telnet-Client-EnableTelnetClient) (Telnet-Server-EnableTelnetServer) (TiffIFilterLicensing-EnableTiffIFilter) (nfs-admincmdtools-enabled) (nfs-adminmmc-enabled) (nfs-clientcmdtools-enabled) (nfs-clientcore-enabled) (sua-EnableSUA) ","55c92734-d682-4d71-983e-d6ec3f16059f","8dffd6e4-0497-4c35-b7d7-e47cf464cf30"]},"Binary":null}}}
{"Event_attributes":{"xmlns":"http://schemas.microsoft.com/win/2004/08/events/event"},"Event":{"System":{"Provider_attributes":{"Name":"Microsoft-Windows-Security-SPP","Guid":"{E23B33B0-C8C9-472C-A5F9-F2BDFEA0F156}","EventSourceName":"Software Protection Platform Service"},"EventID_attributes":{"Qualifiers":16384},"EventID":1003,"Version":0,"Level":4,"Task":0,"Opcode":0,"Keywords":"0x80000000000000","TimeCreated_attributes":{"SystemTime":"2014-11-25T21:53:08.000000Z"},"EventRecordID":1004,"Correlation":null,"Execution_attributes":{"ProcessID":0,"ThreadID":0},"Channel":"Application","Computer":"IE8Win7","Security":null},"EventData":{"Data":{"#text":["55c92734-d682-4d71-983e-d6ec3f16059f","\n1: 358fb95b-0090-44fb-883a-75734e060c30, 1, 0 [(0 [0xC004F014, 0, 0], [(?)(?)(?)(?)(?)(?)])(1 )(2 )]\n2: 4f00134f-b514-4626-a74b-a8ec7c8dfe92, 1, 0 [(0 [0xC004F014, 0, 0], [(?)(?)(?)(?)(?)(?)])(1 )(2 )]\n3: 8dffd6e4-0497-4c35-b7d7-e47cf464cf30, 1, 0 [(0 )(1 )(2 [0x00000000, 0, 0], [( 5 0xC004F009 10 0)( 5 0xC004F009 10 0)( 1 0x00000000 0 0 msft:rm/algorithm/flags/1.0 0x00000000 0)(?)(?)( 9 0x00000000 0xC004F009)])]\n4: 92f9d22a-65f5-49a7-90fe-06491b4fc379, 1, 0 [(0 [0xC004F014, 0, 0], [(?)(?)(?)(?)(?)(?)])(1 )(2 )]\n5: 9abf5984-9c16-46f2-ad1e-7fe15931a8dd, 1, 0 [(0 [0xC004F014, 0, 0], [(?)(?)(?)(?)(?)(?)])(1 )(2 )]\n6: ae2ee509-1b34-41c0-acb7-6d4650168915, 1, 0 [(0 [0xC004F014, 0, 0], [(?)(?)(?)(?)(?)(?)])(1 )(2 )]\n7: b793ff2d-9d80-407c-b521-85111c51028c, 1, 0 [(0 [0xC004F014, 0, 0], [(?)(?)(?)(?)(?)(?)])(1 )(2 )]\n8: cff07cac-7534-4cc3-b3f3-99e1a0aa3c20, 1, 0 [(0 [0xC004F014, 0, 0], [(?)(?)(?)(?)(?)(?)])(1 )(2 )]\n9: d188820a-cb63-4bad-a9a2-40b843ee23b7, 1, 0 [(0 [0xC004F014, 0, 0], [(?)(?)(?)(?)(?)(?)])(1 )(2 )]\n10: 4a8149bb-7d61-49f4-8822-82c7bf88d64b, 1, 0 [(0 [0xC004F014, 0, 0], [(?)(?)(?)(?)(?)(?)])(1 )(2 )]\n11: afd5f68f-b70f-4000-a21d-28dbc8be8b07, 1, 0 [(0 [0xC004F014, 0, 0], [(?)(?)(?)(?)(?)(?)])(1 )(2 )]\n\n"]},"Binary":null}}}
{"Event_attributes":{"xmlns":"http://schemas.microsoft.com/win/2004/08/events/event"},"Event":{"System":{"Provider_attributes":{"Name":"Microsoft-Windows-Security-SPP","Guid":"{E23B33B0-C8C9-472C-A5F9-F2BDFEA0F156}","EventSourceName":"Software Protection Platform Service"},"EventID_attributes":{"Qualifiers":16384},"EventID":902,"Version":0,"Level":0,"Task":0,"Opcode":0,"Keywords":"0x80000000000000","TimeCreated_attributes":{"SystemTime":"2014-11-25T21:53:08.000000Z"},"EventRecordID":1005,"Correlation":null,"Execution_attributes":{"ProcessID":0,"ThreadID":0},"Channel":"Application","Computer":"IE8Win7","Security":null},"EventData":{"Data":{"#text":"6.1.7601.17514"},"Binary":null}}}
{"Event_attributes":{"xmlns":"http://schemas.microsoft.com/win/2004/08/events/event"},"Event":{"System":{"Provider_attributes":{"Name":"WLMS"},"EventID_attributes":{"Qualifiers":0},"EventID":100,"Level":4,"Task":0,"Keywords":"0x80000000000000","TimeCreated_attributes":{"SystemTime":"2014-11-25T21:53:08.000000Z"},"EventRecordID":1006,"Channel":"Application","Computer":"IE8Win7","Security":null},"EventData":{"Data":{"#text":""},"Binary":null}}}
{"Event_attributes":{"xmlns":"http://schemas.microsoft.com/win/2004/08/events/event"},"Event":{"System":{"Provider_attributes":{"Name":"Microsoft-Windows-Winlogon","Guid":"{DBE9B383-7CF3-4331-91CC-A3CB16A3B538}","EventSourceName":"Winlogon"},"EventID_attributes":{"Qualifiers":32768},"EventID":4105,"Version":0,"Level":3,"Task":0,"Opcode":0,"Keywords":"0x80000000000000","TimeCreated_attributes":{"SystemTime":"2014-11-25T21:54:54.000000Z"},"EventRecordID":1007,"Correlation":null,"Execution_attributes":{"ProcessID":0,"ThreadID":0},"Channel":"Application","Computer":"IE8Win7","Security":null},"EventData":{"Data":{"#text":["0x00000000","0x00000000"]},"Binary":null}}}
{"Event_attributes":{"xmlns":"http://schemas.microsoft.com/win/2004/08/events/event"},"Event":{"System":{"Provider_attributes":{"Name":"SecurityCenter"},"EventID_attributes":{"Qualifiers":0},"EventID":1,"Level":4,"Task":0,"Keywords":"0x80000000000000","TimeCreated_attributes":{"SystemTime":"2014-11-25T21:55:06.000000Z"},"EventRecordID":1008,"Channel":"Application","Computer":"IE8Win7","Security":null},"EventData":{"Data":{"#text":""},"Binary":null}}}
{"Event_attributes":{"xmlns":"http://schemas.microsoft.com/win/2004/08/events/event"},"Event":{"System":{"Provider_attributes":{"Name":"ESENT"},"EventID_attributes":{"Qualifiers":0},"EventID":102,"Level":4,"Task":1,"Keywords":"0x80000000000000","TimeCreated_attributes":{"SystemTime":"2014-11-25T21:55:07.000000Z"},"EventRecordID":1009,"Channel":"Application","Computer":"IE8Win7","Security":null},"EventData":{"Data":{"#text":["Windows","1756","Windows: ","0","6","01","7601","0000"]},"Binary":null}}}
{"Event_attributes":{"xmlns":"http://schemas.microsoft.com/win/2004/08/events/event"},"Event":{"System":{"Provider_attributes":{"Name":"ESENT"},"EventID_attributes":{"Qualifiers":0},"EventID":300,"Level":4,"Task":3,"Keywords":"0x80000000000000","TimeCreated_attributes":{"SystemTime":"2014-11-25T21:55:07.000000Z"},"EventRecordID":1010,"Channel":"Application","Computer":"IE8Win7","Security":null},"EventData":{"Data":{"#text":["Windows","1756","Windows: "]},"Binary":null}}}
{"Event_attributes":{"xmlns":"http://schemas.microsoft.com/win/2004/08/events/event"},"Event":{"System":{"Provider_attributes":{"Name":"ESENT"},"EventID_attributes":{"Qualifiers":0},"EventID":301,"Level":4,"Task":3,"Keywords":"0x80000000000000","TimeCreated_attributes":{"SystemTime":"2014-11-25T21:55:07.000000Z"},"EventRecordID":1011,"Channel":"Application","Computer":"IE8Win7","Security":null},"EventData":{"Data":{"#text":["Windows","1756","Windows: ","C:\\ProgramData\\Microsoft\\Search\\Data\\Applications\\Windows\\MSS.log"]},"Binary":null}}}
{"Event_attributes":{"xmlns":"http://schemas.microsoft.com/win/2004/08/events/event"},"Event":{"System":{"Provider_attributes":{"Name":"ESENT"},"EventID_attributes":{"Qualifiers":0},"EventID":302,"Level":4,"Task":3,"Keywords":"0x80000000000000","TimeCreated_attributes":{"SystemTime":"2014-11-25T21:55:07.000000Z"},"EventRecordID":1012,"Channel":"Application","Computer":"IE8Win7","Security":null},"EventData":{"Data":{"#text":["Windows","1756","Windows: "]},"Binary":null}}}
{"Event_attributes":{"xmlns":"http://schemas.microsoft.com/win/2004/08/events/event"},"Event":{"System":{"Provider_attributes":{"Name":"Microsoft-Windows-Search","Guid":"{CA4E628D-8567-4896-AB6B-835B221F373F}","EventSourceName":"Windows Search Service"},"EventID_attributes":{"Qualifiers":16384},"EventID":1003,"Version":0,"Level":4,"Task":1,"Opcode":0,"Keywords":"0x80000000000000","TimeCreated_attributes":{"SystemTime":"2014-11-25T21:55:08.000000Z"},"EventRecordID":1013,"Correlation":null,"Execution_attributes":{"ProcessID":0,"ThreadID":0},"Channel":"Application","Computer":"IE8Win7","Security":null},"EventData":{"ExtraInfo":"\n"}}}
{"Event_attributes":{"xmlns":"http://schemas.microsoft.com/win/2004/08/events/event"},"Event":{"System":{"Provider_attributes":{"Name":"Microsoft-Windows-Winlogon","Guid":"{DBE9B383-7CF3-4331-91CC-A3CB16A3B538}","EventSourceName":"Winlogon"},"EventID_attributes":{"Qualifiers":16384},"EventID":4104,"Version":0,"Level":4,"Task":0,"Opcode":0,"Keywords":"0x80000000000000","TimeCreated_attributes":{"SystemTime":"2014-11-25T21:55:19.000000Z"},"EventRecordID":1014,"Correlation":null,"Execution_attributes":{"ProcessID":0,"ThreadID":0},"Channel":"Application","Computer":"IE8Win7","Security":null},"EventData":{"Data":{"#text":["0x00000000","0x00000000"]},"Binary":null}}}
{"Event_attributes":{"xmlns":"http://schemas.microsoft.com/win/2004/08/events/event"},"Event":{"System":{"Provider_attributes":{"Name":"Desktop Window Manager"},"EventID_attributes":{"Qualifiers":16384},"EventID":9004,"Level":4,"Task":0,"Keywords":"0x80000000000000","TimeCreated_attributes":{"SystemTime":"2014-11-25T21:55:20.000000Z"},"EventRecordID":1015,"Channel":"Application","Computer":"IE8Win7","Security":null},"EventData":{"Data":{"#text":""},"Binary":null}}}
{"Event_attributes":{"xmlns":"http://schemas.microsoft.com/win/2004/08/events/event"},"Event":{"System":{"Provider_attributes":{"Name":"Microsoft-Windows-RestartManager","Guid":"0888E5EF-9B98-4695-979D-E92CE4247224"},"EventID":10000,"Version":0,"Level":4,"Task":0,"Opcode":0,"Keywords":"0x8000000000000000","TimeCreated_attributes":{"SystemTime":"2014-11-25T22:28:16.685125Z"},"EventRecordID":1016,"Correlation":null,"Execution_attributes":{"ProcessID":236,"ThreadID":1132},"Channel":"Application","Computer":"IE8Win7","Security_attributes":{"UserID":"S-1-5-21-3463664321-2923530833-3546627382-1000"}},"UserData":{"RmSessionEvent_attributes":{"xmlns:auto-ns2":"http://schemas.microsoft.com/win/2004/08/events","xmlns":"http://www.microsoft.com/2005/08/Windows/Reliability/RestartManager/"},"RmSessionEvent":{"RmSessionId":1,"UTCStartTime":"2014-11-25T22:28:16.622625Z"}}}}
{"Event_attributes":{"xmlns":"http://schemas.microsoft.com/win/2004/08/events/event"},"Event":{"System":{"Provider_attributes":{"Name":"Microsoft-Windows-RestartManager","Guid":"0888E5EF-9B98-4695-979D-E92CE4247224"},"EventID":10001,"Version":0,"Level":4,"Task":0,"Opcode":0,"Keywords":"0x8000000000000000","TimeCreated_attributes":{"SystemTime":"2014-11-25T22:28:19.732000Z"},"EventRecordID":1017,"Correlation":null,"Execution_attributes":{"ProcessID":236,"ThreadID":1132},"Channel":"Application","Computer":"IE8Win7","Security_attributes":{"UserID":"S-1-5-21-3463664321-2923530833-3546627382-1000"}},"UserData":{"RmSessionEvent_attributes":{"xmlns:auto-ns2":"http://schemas.microsoft.com/win/2004/08/events","xmlns":"http://www.microsoft.com/2005/08/Windows/Reliability/RestartManager/"},"RmSessionEvent":{"RmSessionId":1,"UTCStartTime":"2014-11-25T22:28:16.622625Z"}}}}
{"Event_attributes":{"xmlns":"http://schemas.microsoft.com/win/2004/08/events/event"},"Event":{"System":{"Provider_attributes":{"Name":"Microsoft-Windows-RestartManager","Guid":"0888E5EF-9B98-4695-979D-E92CE4247224"},"EventID":10000,"Version":0,"Level":4,"Task":0,"Opcode":0,"Keywords":"0x8000000000000000","TimeCreated_attributes":{"SystemTime":"2014-11-25T22:28:41.075750Z"},"EventRecordID":1018,"Correlation":null,"Execution_attributes":{"ProcessID":236,"ThreadID":1132},"Channel":"Application","Computer":"IE8Win7","Security_attributes":{"UserID":"S-1-5-21-3463664321-2923530833-3546627382-1000"}},"UserData":{"RmSessionEvent_attributes":{"xmlns:auto-ns2":"http://schemas.microsoft.com/win/2004/08/events","xmlns":"http://www.microsoft.com/2005/08/Windows/Reliability/RestartManager/"},"RmSessionEvent":{"RmSessionId":1,"UTCStartTime":"2014-11-25T22:28:41.075750Z"}}}}
{"Event_attributes":{"xmlns":"http://schemas.microsoft.com/win/2004/08/events/event"},"Event":{"System":{"Provider_attributes":{"Name":"Microsoft-Windows-RestartManager","Guid":"0888E5EF-9B98-4695-979D-E92CE4247224"},"EventID":10001,"Version":0,"Level":4,"Task":0,"Opcode":0,"Keywords":"0x8000000000000000","TimeCreated_attributes":{"SystemTime":"2014-11-25T22:28:41.685125Z"},"EventRecordID":1019,"Correlation":null,"Execution_attributes":{"ProcessID":236,"ThreadID":1132},"Channel":"Application","Computer":"IE8Win7","Security_attributes":{"UserID":"S-1-5-21-3463664321-2923530833-3546627382-1000"}},"UserData":{"RmSessionEvent_attributes":{"xmlns:auto-ns2":"http://schemas.microsoft.com/win/2004/08/events","xmlns":"http://www.microsoft.com/2005/08/Windows/Reliability/RestartManager/"},"RmSessionEvent":{"RmSessionId":1,"UTCStartTime":"2014-11-25T22:28:41.075750Z"}}}}
{"Event_attributes":{"xmlns":"http://schemas.microsoft.com/win/2004/08/events/event"},"Event":{"System":{"Provider_attributes":{"Name":"Microsoft-Windows-RestartManager","Guid":"0888E5EF-9B98-4695-979D-E92CE4247224"},"EventID":10000,"Version":0,"Level":4,"Task":0,"Opcode":0,"Keywords":"0x8000000000000000","TimeCreated_attributes":{"SystemTime":"2014-11-25T22:28:46.310125Z"},"EventRecordID":1020,"Correlation":null,"Execution_attributes":{"ProcessID":236,"ThreadID":1132},"Channel":"Application","Computer":"IE8Win7","Security_attributes":{"UserID":"S-1-5-21-3463664321-2923530833-3546627382-1000"}},"UserData":{"RmSessionEvent_attributes":{"xmlns:auto-ns2":"http://schemas.microsoft.com/win/2004/08/events","xmlns":"http://www.microsoft.com/2005/08/Windows/Reliability/RestartManager/"},"RmSessionEvent":{"RmSessionId":1,"UTCStartTime":"2014-11-25T22:28:46.310125Z"}}}}
{"Event_attributes":{"xmlns":"http://schemas.microsoft.com/win/2004/08/events/event"},"Event":{"System":{"Provider_attributes":{"Name":"Microsoft-Windows-RestartManager","Guid":"0888E5EF-9B98-4695-979D-E92CE4247224"},"EventID":10001,"Version":0,"Level":4,"Task":0,"Opcode":0,"Keywords":"0x8000000000000000","TimeCreated_attributes":{"SystemTime":"2014-11-25T22:28:46.497625Z"},"EventRecordID":1021,"Correlation":null,"Execution_attributes":{"ProcessID":236,"ThreadID":1132},"Channel":"Application","Computer":"IE8Win7","Security_attributes":{"UserID":"S-1-5-21-3463664321-2923530833-3546627382-1000"}},"UserData":{"RmSessionEvent_attributes":{"xmlns:auto-ns2":"http://schemas.microsoft.com/win/2004/08/events","xmlns":"http://www.microsoft.com/2005/08/Windows/Reliability/RestartManager/"},"RmSessionEvent":{"RmSessionId":1,"UTCStartTime":"2014-11-25T22:28:46.310125Z"}}}}
{"Event_attributes":{"xmlns":"http://schemas.microsoft.com/win/2004/08/events/event"},"Event":{"System":{"Provider_attributes":{"Name":"Desktop Window Manager"},"EventID_attributes":{"Qualifiers":16384},"EventID":9009,"Level":4,"Task":0,"Keywords":"0x80000000000000","TimeCreated_attributes":{"SystemTime":"2014-11-25T22:35:00.000000Z"},"EventRecordID":1022,"Channel":"Application","Computer":"IE8Win7","Security":null},"EventData":{"Data":{"#text":"0x40010004"},"Binary":null}}}
{"Event_attributes":{"xmlns":"http://schemas.microsoft.com/win/2004/08/events/event"},"Event":{"System":{"Provider_attributes":{"Name":"Microsoft-Windows-User Profiles Service","Guid":"89B1E9F0-5AFF-44A6-9B44-0A07A7CE5845"},"EventID":1530,"Version":0,"Level":3,"Task":0,"Opcode":0,"Keywords":"0x8000000000000000","TimeCreated_attributes":{"SystemTime":"2014-11-25T22:35:05.888250Z"},"EventRecordID":1023,"Correlation":null,"Execution_attributes":{"ProcessID":840,"ThreadID":3580},"Channel":"Application","Computer":"IE8Win7","Security_attributes":{"UserID":"S-1-5-18"}},"EventData_attributes":{"Name":"EVENT_HIVE_LEAK"},"EventData":{"Detail":"5 user registry handles leaked from \\Registry\\User\\S-1-5-21-3463664321-2923530833-3546627382-1000:\nProcess 480 (\\Device\\HarddiskVolume2\\Windows\\System32\\lsass.exe) has opened key \\REGISTRY\\USER\\S-1-5-21-3463664321-2923530833-3546627382-1000\nProcess 480 (\\Device\\HarddiskVolume2\\Windows\\System32\\lsass.exe) has opened key \\REGISTRY\\USER\\S-1-5-21-3463664321-2923530833-3546627382-1000\nProcess 480 (\\Device\\HarddiskVolume2\\Windows\\System32\\lsass.exe) has opened key \\REGISTRY\\USER\\S-1-5-21-3463664321-2923530833-3546627382-1000\\Software\\Microsoft\\SystemCertificates\\My\nProcess 480 (\\Device\\HarddiskVolume2\\Windows\\System32\\lsass.exe) has opened key \\REGISTRY\\USER\\S-1-5-21-3463664321-2923530833-3546627382-1000\\Software\\Microsoft\\SystemCertificates\\CA\nProcess 480 (\\Device\\HarddiskVolume2\\Windows\\System32\\lsass.exe) has opened key \\REGISTRY\\USER\\S-1-5-21-3463664321-2923530833-3546627382-1000\\Software\\Microsoft\\SystemCertificates\\Disallowed\n"}}}
{"Event_attributes":{"xmlns":"http://schemas.microsoft.com/win/2004/08/events/event"},"Event":{"System":{"Provider_attributes":{"Name":"Microsoft-Windows-User Profiles Service","Guid":"89B1E9F0-5AFF-44A6-9B44-0A07A7CE5845"},"EventID":1532,"Version":0,"Level":4,"Task":0,"Opcode":0,"Keywords":"0x8000000000000000","TimeCreated_attributes":{"SystemTime":"2014-11-25T22:36:23.747625Z"},"EventRecordID":1024,"Correlation":null,"Execution_attributes":{"ProcessID":840,"ThreadID":928},"Channel":"Application","Computer":"IE8Win7","Security_attributes":{"UserID":"S-1-5-18"}},"EventData":null}}
{"Event_attributes":{"xmlns":"http://schemas.microsoft.com/win/2004/08/events/event"},"Event":{"System":{"Provider_attributes":{"Name":"Microsoft-Windows-EventSystem","Guid":"{899daace-4868-4295-afcd-9eb8fb497561}","EventSourceName":"EventSystem"},"EventID_attributes":{"Qualifiers":16384},"EventID":4625,"Version":0,"Level":4,"Task":0,"Opcode":0,"Keywords":"0x80000000000000","TimeCreated_attributes":{"SystemTime":"2014-11-25T22:38:22.000000Z"},"EventRecordID":1025,"Correlation":null,"Execution_attributes":{"ProcessID":0,"ThreadID":0},"Channel":"Application","Computer":"IE8Win7","Security":null},"EventData":{"param1":"86400","param2":"SuppressDuplicateDuration","param3":"Software\\Microsoft\\EventSystem\\EventLog"}}}
{"Event_attributes":{"xmlns":"http://schemas.microsoft.com/win/2004/08/events/event"},"Event":{"System":{"Provider_attributes":{"Name":"Microsoft-Windows-User Profiles Service","Guid":"89B1E9F0-5AFF-44A6-9B44-0A07A7CE5845"},"EventID":1531,"Version":0,"Level":4,"Task":0,"Opcode":0,"Keywords":"0x8000000000000000","TimeCreated_attributes":{"SystemTime":"2014-11-25T22:38:22.546875Z"},"EventRecordID":1026,"Correlation":null,"Execution_attributes":{"ProcessID":868,"ThreadID":948},"Channel":"Application","Computer":"IE8Win7","Security_attributes":{"UserID":"S-1-5-18"}},"EventData":null}}
{"Event_attributes":{"xmlns":"http://schemas.microsoft.com/win/2004/08/events/event"},"Event":{"System":{"Provider_attributes":{"Name":"Microsoft-Windows-WMI","Guid":"{1edeee53-0afe-4609-b846-d8c0b2075b1f}","EventSourceName":"WinMgmt"},"EventID_attributes":{"Qualifiers":49152},"EventID":5615,"Version":0,"Level":0,"Task":0,"Opcode":0,"Keywords":"0x80000000000000","TimeCreated_attributes":{"SystemTime":"2014-11-25T22:38:26.000000Z"},"EventRecordID":1027,"Correlation":null,"Execution_attributes":{"ProcessID":0,"ThreadID":0},"Channel":"Application","Computer":"IE8Win7","Security":null},"EventData":{"Data":{"#text":""},"Binary":null}}}
{"Event_attributes":{"xmlns":"http://schemas.microsoft.com/win/2004/08/events/event"},"Event":{"System":{"Provider_attributes":{"Name":"Microsoft-Windows-WMI","Guid":"{1edeee53-0afe-4609-b846-d8c0b2075b1f}","EventSourceName":"WinMgmt"},"EventID_attributes":{"Qualifiers":49152},"EventID":5617,"Version":0,"Level":0,"Task":0,"Opcode":0,"Keywords":"0x80000000000000","TimeCreated_attributes":{"SystemTime":"2014-11-25T22:38:27.000000Z"},"EventRecordID":1028,"Correlation":null,"Execution_attributes":{"ProcessID":0,"ThreadID":0},"Channel":"Application","Computer":"IE8Win7","Security":null},"EventData":{"Data":{"#text":""},"Binary":null}}}
{"Event_attributes":{"xmlns":"http://schemas.microsoft.com/win/2004/08/events/event"},"Event":{"System":{"Provider_attributes":{"Name":"Microsoft-Windows-Security-SPP","Guid":"{E23B33B0-C8C9-472C-A5F9-F2BDFEA0F156}","EventSourceName":"Software Protection Platform Service"},"EventID_attributes":{"Qualifiers":16384},"EventID":900,"Version":0,"Level":4,"Task":0,"Opcode":0,"Keywords":"0x80000000000000","TimeCreated_attributes":{"SystemTime":"2014-11-25T22:38:27.000000Z"},"EventRecordID":1029,"Correlation":null,"Execution_attributes":{"ProcessID":0,"ThreadID":0},"Channel":"Application","Computer":"IE8Win7","Security":null},"EventData":{"Data":{"#text":""},"Binary":null}}}
{"Event_attributes":{"xmlns":"http://schemas.microsoft.com/win/2004/08/events/event"},"Event":{"System":{"Provider_attributes":{"Name":"Microsoft-Windows-Security-SPP","Guid":"{E23B33B0-C8C9-472C-A5F9-F2BDFEA0F156}","EventSourceName":"Software Protection Platform Service"},"EventID_attributes":{"Qualifiers":16384},"EventID":1066,"Version":0,"Level":4,"Task":0,"Opcode":0,"Keywords":"0x80000000000000","TimeCreated_attributes":{"SystemTime":"2014-11-25T22:38:27.000000Z"},"EventRecordID":1030,"Correlation":null,"Execution_attributes":{"ProcessID":0,"ThreadID":0},"Channel":"Application","Computer":"IE8Win7","Security":null},"EventData":{"Data":{"#text":"C:\\Windows\\system32\\sppwinob.dll, msft:spp/windowsfunctionality/agent/7.0, 0x00000000, 0x00000000\nC:\\Windows\\system32\\sppobjs.dll, msft:rm/algorithm/phone/1.0, 0x00000000, 0x00000000\nC:\\Windows\\system32\\sppobjs.dll, msft:rm/algorithm/pkey/2005, 0x00000000, 0x00000000\nC:\\Windows\\system32\\sppobjs.dll, msft:spp/TaskScheduler/1.0, 0x00000000, 0x00000000\nC:\\Windows\\system32\\sppobjs.dll, msft:spp/volume/services/kms/1.0, 0x00000000, 0x00000000\nC:\\Windows\\system32\\sppobjs.dll, msft:spp/volume/services/kms/licenserenewal/1.0, 0x00000000, 0x00000000\n"},"Binary":null}}}
{"Event_attributes":{"xmlns":"http://schemas.microsoft.com/win/2004/08/events/event"},"Event":{"System":{"Provider_attributes":{"Name":"Microsoft-Windows-Security-SPP","Guid":"{E23B33B0-C8C9-472C-A5F9-F2BDFEA0F156}","EventSourceName":"Software Protection Platform Service"},"EventID_attributes":{"Qualifiers":16384},"EventID":1033,"Version":0,"Level":4,"Task":0,"Opcode":0,"Keywords":"0x80000000000000","TimeCreated_attributes":{"SystemTime":"2014-11-25T22:38:29.000000Z"},"EventRecordID":1031,"Correlation":null,"Execution_attributes":{"ProcessID":0,"ThreadID":0},"Channel":"Application","Computer":"IE8Win7","Security":null},"EventData":{"Data":{"#text":["(IIS-W3SVC-MaxConcurrentRequests) (Microsoft.Windows.Smc-Enabled) (Shell-InBoxGames-FreeCell-EnableGame) (Shell-InBoxGames-Hearts-EnableGame) (Shell-InBoxGames-Minesweeper-EnableGame) (Shell-InBoxGames-PurblePlace-EnableGame) (Shell-InBoxGames-Shanghai-EnableGame) (Shell-InBoxGames-Solitaire-EnableGame) (Shell-InBoxGames-SpiderSolitaire-EnableGame) (Shell-MultiplayerInboxGames-Backgammon-EnableGame) (Shell-MultiplayerInboxGames-Checkers-EnableGame) (Shell-MultiplayerInboxGames-Spades-EnableGame) (Shell-PremiumInBoxGames-Chess-EnableGame) (Telnet-Client-EnableTelnetClient) (Telnet-Server-EnableTelnetServer) (TiffIFilterLicensing-EnableTiffIFilter) (nfs-admincmdtools-enabled) (nfs-adminmmc-enabled) (nfs-clientcmdtools-enabled) (nfs-clientcore-enabled) (sua-EnableSUA) ","55c92734-d682-4d71-983e-d6ec3f16059f","8dffd6e4-0497-4c35-b7d7-e47cf464cf30"]},"Binary":null}}}
{"Event_attributes":{"xmlns":"http://schemas.microsoft.com/win/2004/08/events/event"},"Event":{"System":{"Provider_attributes":{"Name":"Microsoft-Windows-Security-SPP","Guid":"{E23B33B0-C8C9-472C-A5F9-F2BDFEA0F156}","EventSourceName":"Software Protection Platform Service"},"EventID_attributes":{"Qualifiers":16384},"EventID":1003,"Version":0,"Level":4,"Task":0,"Opcode":0,"Keywords":"0x80000000000000","TimeCreated_attributes":{"SystemTime":"2014-11-25T22:38:29.000000Z"},"EventRecordID":1032,"Correlation":null,"Execution_attributes":{"ProcessID":0,"ThreadID":0},"Channel":"Application","Computer":"IE8Win7","Security":null},"EventData":{"Data":{"#text":["55c92734-d682-4d71-983e-d6ec3f16059f","\n1: 358fb95b-0090-44fb-883a-75734e060c30, 1, 0 [(0 [0xC004F014, 0, 0], [(?)(?)(?)(?)(?)(?)])(1 )(2 )]\n2: 4f00134f-b514-4626-a74b-a8ec7c8dfe92, 1, 0 [(0 [0xC004F014, 0, 0], [(?)(?)(?)(?)(?)(?)])(1 )(2 )]\n3: 8dffd6e4-0497-4c35-b7d7-e47cf464cf30, 1, 0 [(0 )(1 )(2 [0x00000000, 0, 0], [( 5 0xC004F009 10 0)( 5 0xC004F009 10 0)( 1 0x00000000 0 0 msft:rm/algorithm/flags/1.0 0x00000000 0)(?)(?)( 9 0x00000000 0xC004F009)])]\n4: 92f9d22a-65f5-49a7-90fe-06491b4fc379, 1, 0 [(0 [0xC004F014, 0, 0], [(?)(?)(?)(?)(?)(?)])(1 )(2 )]\n5: 9abf5984-9c16-46f2-ad1e-7fe15931a8dd, 1, 0 [(0 [0xC004F014, 0, 0], [(?)(?)(?)(?)(?)(?)])(1 )(2 )]\n6: ae2ee509-1b34-41c0-acb7-6d4650168915, 1, 0 [(0 [0xC004F014, 0, 0], [(?)(?)(?)(?)(?)(?)])(1 )(2 )]\n7: b793ff2d-9d80-407c-b521-85111c51028c, 1, 0 [(0 [0xC004F014, 0, 0], [(?)(?)(?)(?)(?)(?)])(1 )(2 )]\n8: cff07cac-7534-4cc3-b3f3-99e1a0aa3c20, 1, 0 [(0 [0xC004F014, 0, 0], [(?)(?)(?)(?)(?)(?)])(1 )(2 )]\n9: d188820a-cb63-4bad-a9a2-40b843ee23b7, 1, 0 [(0 [0xC004F014, 0, 0], [(?)(?)(?)(?)(?)(?)])(1 )(2 )]\n10: 4a8149bb-7d61-49f4-8822-82c7bf88d64b, 1, 0 [(0 [0xC004F014, 0, 0], [(?)(?)(?)(?)(?)(?)])(1 )(2 )]\n11: afd5f68f-b70f-4000-a21d-28dbc8be8b07, 1, 0 [(0 [0xC004F014, 0, 0], [(?)(?)(?)(?)(?)(?)])(1 )(2 )]\n\n"]},"Binary":null}}}
{"Event_attributes":{"xmlns":"http://schemas.microsoft.com/win/2004/08/events/event"},"Event":{"System":{"Provider_attributes":{"Name":"Microsoft-Windows-Security-SPP","Guid":"{E23B33B0-C8C9-472C-A5F9-F2BDFEA0F156}","EventSourceName":"Software Protection Platform Service"},"EventID_attributes":{"Qualifiers":16384},"EventID":902,"Version":0,"Level":0,"Task":0,"Opcode":0,"Keywords":"0x80000000000000","TimeCreated_attributes":{"SystemTime":"2014-11-25T22:38:29.000000Z"},"EventRecordID":1033,"Correlation":null,"Execution_attributes":{"ProcessID":0,"ThreadID":0},"Channel":"Application","Computer":"IE8Win7","Security":null},"EventData":{"Data":{"#text":"6.1.7601.17514"},"Binary":null}}}
