{"Event_attributes":{"xmlns":"http://schemas.microsoft.com/win/2004/08/events/event"},"Event":{"System":{"Provider_attributes":{"Name":"Microsoft-Windows-Security-SPP","Guid":"{E23B33B0-C8C9-472C-A5F9-F2BDFEA0F156}","EventSourceName":"Software Protection Platform Service"},"EventID_attributes":{"Qualifiers":16384},"EventID":1003,"Version":0,"Level":4,"Task":0,"Opcode":0,"Keywords":"0x80000000000000","TimeCreated_attributes":{"SystemTime":"2016-09-03T15:52:11.000000Z"},"EventRecordID":2034,"Correlation":null,"Execution_attributes":{"ProcessID":0,"ThreadID":0},"Channel":"Application","Computer":"IE10Win7","Security":null},"EventData":{"Data":{"#text":["55c92734-d682-4d71-983e-d6ec3f16059f","\n1: 358fb95b-0090-44fb-883a-75734e060c30, 1, 0 [(0 [0xC004F014, 0, 0], [(?)(?)(?)(?)(?)(?)])(1 )(2 )]\n2: 4f00134f-b514-4626-a74b-a8ec7c8dfe92, 1, 0 [(0 [0xC004F014, 0, 0], [(?)(?)(?)(?)(?)(?)])(1 )(2 )]\n3: 8dffd6e4-0497-4c35-b7d7-e47cf464cf30, 1, 1 [(0 [0x00000000, 1, 0], [(?)(?)( 1 0x00000000 3 0 msft:rm/algorithm/hwid/4.0 0x00000000 0)(?)( 8 0x00000000 90 115560)(?)])(1 )(2 )]\n4: 92f9d22a-65f5-49a7-90fe-06491b4fc379, 1, 0 [(0 [0xC004F014, 0, 0], [(?)(?)(?)(?)(?)(?)])(1 )(2 )]\n5: 9abf5984-9c16-46f2-ad1e-7fe15931a8dd, 1, 0 [(0 [0xC004F014, 0, 0], [(?)(?)(?)(?)(?)(?)])(1 )(2 )]\n6: ae2ee509-1b34-41c0-acb7-6d4650168915, 1, 0 [(0 [0xC004F014, 0, 0], [(?)(?)(?)(?)(?)(?)])(1 )(2 )]\n7: b793ff2d-9d80-407c-b521-85111c51028c, 1, 0 [(0 [0xC004F014, 0, 0], [(?)(?)(?)(?)(?)(?)])(1 )(2 )]\n8: cff07cac-7534-4cc3-b3f3-99e1a0aa3c20, 1, 0 [(0 [0xC004F014, 0, 0], [(?)(?)(?)(?)(?)(?)])(1 )(2 )]\n9: d188820a-cb63-4bad-a9a2-40b843ee23b7, 1, 0 [(0 [0xC004F014, 0, 0], [(?)(?)(?)(?)(?)(?)])(1 )(2 )]\n10: 4a8149bb-7d61-49f4-8822-82c7bf88d64b, 1, 0 [(0 [0xC004F014, 0, 0], [(?)(?)(?)(?)(?)(?)])(1 )(2 )]\n11: afd5f68f-b70f-4000-a21d-28dbc8be8b07, 1, 0 [(0 [0xC004F014, 0, 0], [(?)(?)(?)(?)(?)(?)])(1 )(2 )]\n\n"]},"Binary":null}}}
{"Event_attributes":{"xmlns":"http://schemas.microsoft.com/win/2004/08/events/event"},"Event":{"System":{"Provider_attributes":{"Name":"Microsoft-Windows-Security-SPP","Guid":"{E23B33B0-C8C9-472C-A5F9-F2BDFEA0F156}","EventSourceName":"Software Protection Platform Service"},"EventID_attributes":{"Qualifiers":32768},"EventID":1037,"Version":0,"Level":4,"Task":0,"Opcode":0,"Keywords":"0x80000000000000","TimeCreated_attributes":{"SystemTime":"2016-09-03T15:52:11.000000Z"},"EventRecordID":2035,"Correlation":null,"Execution_attributes":{"ProcessID":0,"ThreadID":0},"Channel":"Application","Computer":"IE10Win7","Security":null},"EventData":{"Data":{"#text":["validity","115560"]},"Binary":null}}}
{"Event_attributes":{"xmlns":"http://schemas.microsoft.com/win/2004/08/events/event"},"Event":{"System":{"Provider_attributes":{"Name":"Microsoft-Windows-Security-SPP","Guid":"{E23B33B0-C8C9-472C-A5F9-F2BDFEA0F156}","EventSourceName":"Software Protection Platform Service"},"EventID_attributes":{"Qualifiers":16384},"EventID":902,"Version":0,"Level":0,"Task":0,"Opcode":0,"Keywords":"0x80000000000000","TimeCreated_attributes":{"SystemTime":"2016-09-03T15:52:11.000000Z"},"EventRecordID":2036,"Correlation":null,"Execution_attributes":{"ProcessID":0,"ThreadID":0},"Channel":"Application","Computer":"IE10Win7","Security":null},"EventData":{"Data":{"#text":"6.1.7601.17514"},"Binary":null}}}
{"Event_attributes":{"xmlns":"http://schemas.microsoft.com/win/2004/08/events/event"},"Event":{"System":{"Provider_attributes":{"Name":"Microsoft-Windows-Security-SPP","Guid":"{E23B33B0-C8C9-472C-A5F9-F2BDFEA0F156}","EventSourceName":"Software Protection Platform Service"},"EventID_attributes":{"Qualifiers":16384},"EventID":16384,"Version":0,"Level":4,"Task":0,"Opcode":0,"Keywords":"0x80000000000000","TimeCreated_attributes":{"SystemTime":"2016-09-03T15:57:11.000000Z"},"EventRecordID":2037,"Correlation":null,"Execution_attributes":{"ProcessID":0,"ThreadID":0},"Channel":"Application","Computer":"IE10Win7","Security":null},"EventData":{"Data":{"#text":["2016-09-04T15:51:11Z","TBL"]},"Binary":null}}}
{"Event_attributes":{"xmlns":"http://schemas.microsoft.com/win/2004/08/events/event"},"Event":{"System":{"Provider_attributes":{"Name":"Microsoft-Windows-Security-SPP","Guid":"{E23B33B0-C8C9-472C-A5F9-F2BDFEA0F156}","EventSourceName":"Software Protection Platform Service"},"EventID_attributes":{"Qualifiers":16384},"EventID":903,"Version":0,"Level":0,"Task":0,"Opcode":0,"Keywords":"0x80000000000000","TimeCreated_attributes":{"SystemTime":"2016-09-03T15:57:11.000000Z"},"EventRecordID":2038,"Correlation":null,"Execution_attributes":{"ProcessID":0,"ThreadID":0},"Channel":"Application","Computer":"IE10Win7","Security":null},"EventData":{"Data":{"#text":""},"Binary":null}}}
{"Event_attributes":{"xmlns":"http://schemas.microsoft.com/win/2004/08/events/event"},"Event":{"System":{"Provider_attributes":{"Name":"Desktop Window Manager"},"EventID_attributes":{"Qualifiers":16384},"EventID":9009,"Level":4,"Task":0,"Keywords":"0x80000000000000","TimeCreated_attributes":{"SystemTime":"2016-09-03T21:34:53.000000Z"},"EventRecordID":2039,"Channel":"Application","Computer":"IE10Win7","Security":null},"EventData":{"Data":{"#text":"0x40010004"},"Binary":null}}}
{"Event_attributes":{"xmlns":"http://schemas.microsoft.com/win/2004/08/events/event"},"Event":{"System":{"Provider_attributes":{"Name":"VMware Tools"},"EventID_attributes":{"Qualifiers":0},"EventID":1000,"Level":3,"Task":0,"Keywords":"0x80000000000000","TimeCreated_attributes":{"SystemTime":"2016-09-03T21:34:53.000000Z"},"EventRecordID":2040,"Channel":"Application","Computer":"IE10Win7","Security_attributes":{"UserID":"S-1-5-18"}},"EventData":{"Data":{"#text":"[ warning] [vmsvc:autoUpgrade] vmx returned Autoupgrade is not allowed by policy for guest.initiateUpgradeAtShutdown.\n"},"Binary":null}}}
{"Event_attributes":{"xmlns":"http://schemas.microsoft.com/win/2004/08/events/event"},"Event":{"System":{"Provider_attributes":{"Name":"VMUpgradeHelper"},"EventID_attributes":{"Qualifiers":0},"EventID":260,"Level":4,"Task":0,"Keywords":"0x80000000000000","TimeCreated_attributes":{"SystemTime":"2016-09-03T21:34:53.000000Z"},"EventRecordID":2041,"Channel":"Application","Computer":"IE10Win7","Security":null},"EventData":{"Data":{"#text":""},"Binary":null}}}
{"Event_attributes":{"xmlns":"http://schemas.microsoft.com/win/2004/08/events/event"},"Event":{"System":{"Provider_attributes":{"Name":"VMUpgradeHelper"},"EventID_attributes":{"Qualifiers":0},"EventID":280,"Level":4,"Task":0,"Keywords":"0x80000000000000","TimeCreated_attributes":{"SystemTime":"2016-09-03T21:34:53.000000Z"},"EventRecordID":2042,"Channel":"Application","Computer":"IE10Win7","Security":null},"EventData":{"Data":{"#text":"00:0C:29:0D:8D:3A"},"Binary":null}}}
{"Event_attributes":{"xmlns":"http://schemas.microsoft.com/win/2004/08/events/event"},"Event":{"System":{"Provider_attributes":{"Name":"VMUpgradeHelper"},"EventID_attributes":{"Qualifiers":0},"EventID":272,"Level":4,"Task":0,"Keywords":"0x80000000000000","TimeCreated_attributes":{"SystemTime":"2016-09-03T21:34:53.000000Z"},"EventRecordID":2043,"Channel":"Application","Computer":"IE10Win7","Security":null},"EventData":{"Data":{"#text":""},"Binary":null}}}
{"Event_attributes":{"xmlns":"http://schemas.microsoft.com/win/2004/08/events/event"},"Event":{"System":{"Provider_attributes":{"Name":"VMTools"},"EventID_attributes":{"Qualifiers":0},"EventID":108,"Level":4,"Task":0,"Keywords":"0x80000000000000","TimeCreated_attributes":{"SystemTime":"2016-09-03T21:34:54.000000Z"},"EventRecordID":2044,"Channel":"Application","Computer":"IE10Win7","Security":null},"EventData":{"Data":{"#text":""},"Binary":null}}}
{"Event_attributes":{"xmlns":"http://schemas.microsoft.com/win/2004/08/events/event"},"Event":{"System":{"Provider_attributes":{"Name":"Microsoft-Windows-User Profiles Service","Guid":"89B1E9F0-5AFF-44A6-9B44-0A07A7CE5845"},"EventID":1532,"Version":0,"Level":4,"Task":0,"Opcode":0,"Keywords":"0x8000000000000000","TimeCreated_attributes":{"SystemTime":"2016-09-03T21:34:54.420898Z"},"EventRecordID":2045,"Correlation":null,"Execution_attributes":{"ProcessID":872,"ThreadID":1000},"Channel":"Application","Computer":"IE10Win7","Security_attributes":{"UserID":"S-1-5-18"}},"EventData":null}}
{"Event_attributes":{"xmlns":"http://schemas.microsoft.com/win/2004/08/events/event"},"Event":{"System":{"Provider_attributes":{"Name":"Microsoft-Windows-EventSystem","Guid":"{899daace-4868-4295-afcd-9eb8fb497561}","EventSourceName":"EventSystem"},"EventID_attributes":{"Qualifiers":16384},"EventID":4625,"Version":0,"Level":4,"Task":0,"Opcode":0,"Keywords":"0x80000000000000","TimeCreated_attributes":{"SystemTime":"2016-09-03T21:35:14.000000Z"},"EventRecordID":2046,"Correlation":null,"Execution_attributes":{"ProcessID":0,"ThreadID":0},"Channel":"Application","Computer":"IE10Win7","Security":null},"EventData":{"param1":"86400","param2":"SuppressDuplicateDuration","param3":"Software\\Microsoft\\EventSystem\\EventLog"}}}
{"Event_attributes":{"xmlns":"http://schemas.microsoft.com/win/2004/08/events/event"},"Event":{"System":{"Provider_attributes":{"Name":"VMTools"},"EventID_attributes":{"Qualifiers":0},"EventID":105,"Level":4,"Task":0,"Keywords":"0x80000000000000","TimeCreated_attributes":{"SystemTime":"2016-09-03T21:35:15.000000Z"},"EventRecordID":2047,"Channel":"Application","Computer":"IE10Win7","Security":null},"EventData":{"Data":{"#text":""},"Binary":null}}}
{"Event_attributes":{"xmlns":"http://schemas.microsoft.com/win/2004/08/events/event"},"Event":{"System":{"Provider_attributes":{"Name":"Microsoft-Windows-WMI","Guid":"{1edeee53-0afe-4609-b846-d8c0b2075b1f}","EventSourceName":"WinMgmt"},"EventID_attributes":{"Qualifiers":49152},"EventID":5615,"Version":0,"Level":0,"Task":0,"Opcode":0,"Keywords":"0x80000000000000","TimeCreated_attributes":{"SystemTime":"2016-09-03T21:35:15.000000Z"},"EventRecordID":2048,"Correlation":null,"Execution_attributes":{"ProcessID":0,"ThreadID":0},"Channel":"Application","Computer":"IE10Win7","Security":null},"EventData":{"Data":{"#text":""},"Binary":null}}}
{"Event_attributes":{"xmlns":"http://schemas.microsoft.com/win/2004/08/events/event"},"Event":{"System":{"Provider_attributes":{"Name":"Microsoft-Windows-WMI","Guid":"{1edeee53-0afe-4609-b846-d8c0b2075b1f}","EventSourceName":"WinMgmt"},"EventID_attributes":{"Qualifiers":49152},"EventID":5617,"Version":0,"Level":0,"Task":0,"Opcode":0,"Keywords":"0x80000000000000","TimeCreated_attributes":{"SystemTime":"2016-09-03T21:35:15.000000Z"},"EventRecordID":2049,"Correlation":null,"Execution_attributes":{"ProcessID":0,"ThreadID":0},"Channel":"Application","Computer":"IE10Win7","Security":null},"EventData":{"Data":{"#text":""},"Binary":null}}}
{"Event_attributes":{"xmlns":"http://schemas.microsoft.com/win/2004/08/events/event"},"Event":{"System":{"Provider_attributes":{"Name":"Microsoft-Windows-User Profiles Service","Guid":"89B1E9F0-5AFF-44A6-9B44-0A07A7CE5845"},"EventID":1531,"Version":0,"Level":4,"Task":0,"Opcode":0,"Keywords":"0x8000000000000000","TimeCreated_attributes":{"SystemTime":"2016-09-03T21:35:14.765625Z"},"EventRecordID":2050,"Correlation":null,"Execution_attributes":{"ProcessID":908,"ThreadID":1024},"Channel":"Application","Computer":"IE10Win7","Security_attributes":{"UserID":"S-1-5-18"}},"EventData":null}}
{"Event_attributes":{"xmlns":"http://schemas.microsoft.com/win/2004/08/events/event"},"Event":{"System":{"Provider_attributes":{"Name":"Microsoft-Windows-Security-SPP","Guid":"{E23B33B0-C8C9-472C-A5F9-F2BDFEA0F156}","EventSourceName":"Software Protection Platform Service"},"EventID_attributes":{"Qualifiers":16384},"EventID":900,"Version":0,"Level":4,"Task":0,"Opcode":0,"Keywords":"0x80000000000000","TimeCreated_attributes":{"SystemTime":"2016-09-03T21:35:15.000000Z"},"EventRecordID":2051,"Correlation":null,"Execution_attributes":{"ProcessID":0,"ThreadID":0},"Channel":"Application","Computer":"IE10Win7","Security":null},"EventData":{"Data":{"#text":""},"Binary":null}}}
{"Event_attributes":{"xmlns":"http://schemas.microsoft.com/win/2004/08/events/event"},"Event":{"System":{"Provider_attributes":{"Name":"Microsoft-Windows-Complus","Guid":"{0f177893-4a9c-4709-b921-f432d67f43d5}","EventSourceName":"COM+"},"EventID_attributes":{"Qualifiers":16384},"EventID":781,"Version":0,"Level":4,"Task":0,"Opcode":0,"Keywords":"0x80000000000000","TimeCreated_attributes":{"SystemTime":"2016-09-03T21:35:16.000000Z"},"EventRecordID":2052,"Correlation":null,"Execution_attributes":{"ProcessID":0,"ThreadID":0},"Channel":"Application","Computer":"IE10Win7","Security":null},"EventData":{"param1":"86400","param2":"SuppressDuplicateDuration","param3":"Software\\Microsoft\\COM3\\Eventlog"}}}
{"Event_attributes":{"xmlns":"http://schemas.microsoft.com/win/2004/08/events/event"},"Event":{"System":{"Provider_attributes":{"Name":"VMUpgradeHelper"},"EventID_attributes":{"Qualifiers":0},"EventID":258,"Level":4,"Task":0,"Keywords":"0x80000000000000","TimeCreated_attributes":{"SystemTime":"2016-09-03T21:35:17.000000Z"},"EventRecordID":2053,"Channel":"Application","Computer":"IE10Win7","Security":null},"EventData":{"Data":{"#text":""},"Binary":null}}}
{"Event_attributes":{"xmlns":"http://schemas.microsoft.com/win/2004/08/events/event"},"Event":{"System":{"Provider_attributes":{"Name":"VMUpgradeHelper"},"EventID_attributes":{"Qualifiers":0},"EventID":270,"Level":4,"Task":0,"Keywords":"0x80000000000000","TimeCreated_attributes":{"SystemTime":"2016-09-03T21:35:17.000000Z"},"EventRecordID":2054,"Channel":"Application","Computer":"IE10Win7","Security":null},"EventData":{"Data":{"#text":"00:0C:29:0D:8D:3A"},"Binary":null}}}
{"Event_attributes":{"xmlns":"http://schemas.microsoft.com/win/2004/08/events/event"},"Event":{"System":{"Provider_attributes":{"Name":"VMUpgradeHelper"},"EventID_attributes":{"Qualifiers":0},"EventID":271,"Level":4,"Task":0,"Keywords":"0x80000000000000","TimeCreated_attributes":{"SystemTime":"2016-09-03T21:35:17.000000Z"},"EventRecordID":2055,"Channel":"Application","Computer":"IE10Win7","Security":null},"EventData":{"Data":{"#text":""},"Binary":null}}}
{"Event_attributes":{"xmlns":"http://schemas.microsoft.com/win/2004/08/events/event"},"Event":{"System":{"Provider_attributes":{"Name":"Microsoft-Windows-Security-SPP","Guid":"{E23B33B0-C8C9-472C-A5F9-F2BDFEA0F156}","EventSourceName":"Software Protection Platform Service"},"EventID_attributes":{"Qualifiers":16384},"EventID":1066,"Version":0,"Level":4,"Task":0,"Opcode":0,"Keywords":"0x80000000000000","TimeCreated_attributes":{"SystemTime":"2016-09-03T21:35:17.000000Z"},"EventRecordID":2056,"Correlation":null,"Execution_attributes":{"ProcessID":0,"ThreadID":0},"Channel":"Application","Computer":"IE10Win7","Security":null},"EventData":{"Data":{"#text":"C:\\Windows\\system32\\sppwinob.dll, msft:spp/windowsfunctionality/agent/7.0, 0x00000000, 0x00000000\nC:\\Windows\\system32\\sppobjs.dll, msft:rm/algorithm/phone/1.0, 0x00000000, 0x00000000\nC:\\Windows\\system32\\sppobjs.dll, msft:rm/algorithm/pkey/2005, 0x00000000, 0x00000000\nC:\\Windows\\system32\\sppobjs.dll, msft:spp/TaskScheduler/1.0, 0x00000000, 0x00000000\nC:\\Windows\\system32\\sppobjs.dll, msft:spp/volume/services/kms/1.0, 0x00000000, 0x00000000\nC:\\Windows\\system32\\sppobjs.dll, msft:spp/volume/services/kms/licenserenewal/1.0, 0x00000000, 0x00000000\n"},"Binary":null}}}
{"Event_attributes":{"xmlns":"http://schemas.microsoft.com/win/2004/08/events/event"},"Event":{"System":{"Provider_attributes":{"Name":"Microsoft-Windows-Security-SPP","Guid":"{E23B33B0-C8C9-472C-A5F9-F2BDFEA0F156}","EventSourceName":"Software Protection Platform Service"},"EventID_attributes":{"Qualifiers":16384},"EventID":1003,"Version":0,"Level":4,"Task":0,"Opcode":0,"Keywords":"0x80000000000000","TimeCreated_attributes":{"SystemTime":"2016-09-03T21:35:17.000000Z"},"EventRecordID":2057,"Correlation":null,"Execution_attributes":{"ProcessID":0,"ThreadID":0},"Channel":"Application","Computer":"IE10Win7","Security":null},"EventData":{"Data":{"#text":["55c92734-d682-4d71-983e-d6ec3f16059f","\n1: 358fb95b-0090-44fb-883a-75734e060c30, 1, 0 [(0 [0xC004F014, 0, 0], [(?)(?)(?)(?)(?)(?)])(1 )(2 )]\n2: 4f00134f-b514-4626-a74b-a8ec7c8dfe92, 1, 0 [(0 [0xC004F014, 0, 0], [(?)(?)(?)(?)(?)(?)])(1 )(2 )]\n3: 8dffd6e4-0497-4c35-b7d7-e47cf464cf30, 1, 1 [(0 [0x00000000, 1, 0], [(?)(?)( 1 0x00000000 3 0 msft:rm/algorithm/hwid/4.0 0x00000000 0)(?)( 8 0x00000000 90 115200)(?)])(1 )(2 )]\n4: 92f9d22a-65f5-49a7-90fe-06491b4fc379, 1, 0 [(0 [0xC004F014, 0, 0], [(?)(?)(?)(?)(?)(?)])(1 )(2 )]\n5: 9abf5984-9c16-46f2-ad1e-7fe15931a8dd, 1, 0 [(0 [0xC004F014, 0, 0], [(?)(?)(?)(?)(?)(?)])(1 )(2 )]\n6: ae2ee509-1b34-41c0-acb7-6d4650168915, 1, 0 [(0 [0xC004F014, 0, 0], [(?)(?)(?)(?)(?)(?)])(1 )(2 )]\n7: b793ff2d-9d80-407c-b521-85111c51028c, 1, 0 [(0 [0xC004F014, 0, 0], [(?)(?)(?)(?)(?)(?)])(1 )(2 )]\n8: cff07cac-7534-4cc3-b3f3-99e1a0aa3c20, 1, 0 [(0 [0xC004F014, 0, 0], [(?)(?)(?)(?)(?)(?)])(1 )(2 )]\n9: d188820a-cb63-4bad-a9a2-40b843ee23b7, 1, 0 [(0 [0xC004F014, 0, 0], [(?)(?)(?)(?)(?)(?)])(1 )(2 )]\n10: 4a8149bb-7d61-49f4-8822-82c7bf88d64b, 1, 0 [(0 [0xC004F014, 0, 0], [(?)(?)(?)(?)(?)(?)])(1 )(2 )]\n11: afd5f68f-b70f-4000-a21d-28dbc8be8b07, 1, 0 [(0 [0xC004F014, 0, 0], [(?)(?)(?)(?)(?)(?)])(1 )(2 )]\n\n"]},"Binary":null}}}
{"Event_attributes":{"xmlns":"http://schemas.microsoft.com/win/2004/08/events/event"},"Event":{"System":{"Provider_attributes":{"Name":"Microsoft-Windows-Security-SPP","Guid":"{E23B33B0-C8C9-472C-A5F9-F2BDFEA0F156}","EventSourceName":"Software Protection Platform Service"},"EventID_attributes":{"Qualifiers":32768},"EventID":1037,"Version":0,"Level":4,"Task":0,"Opcode":0,"Keywords":"0x80000000000000","TimeCreated_attributes":{"SystemTime":"2016-09-03T21:35:17.000000Z"},"EventRecordID":2058,"Correlation":null,"Execution_attributes":{"ProcessID":0,"ThreadID":0},"Channel":"Application","Computer":"IE10Win7","Security":null},"EventData":{"Data":{"#text":["validity","115200"]},"Binary":null}}}
{"Event_attributes":{"xmlns":"http://schemas.microsoft.com/win/2004/08/events/event"},"Event":{"System":{"Provider_attributes":{"Name":"Microsoft-Windows-Security-SPP","Guid":"{E23B33B0-C8C9-472C-A5F9-F2BDFEA0F156}","EventSourceName":"Software Protection Platform Service"},"EventID_attributes":{"Qualifiers":16384},"EventID":902,"Version":0,"Level":0,"Task":0,"Opcode":0,"Keywords":"0x80000000000000","TimeCreated_attributes":{"SystemTime":"2016-09-03T21:35:17.000000Z"},"EventRecordID":2059,"Correlation":null,"Execution_attributes":{"ProcessID":0,"ThreadID":0},"Channel":"Application","Computer":"IE10Win7","Security":null},"EventData":{"Data":{"#text":"6.1.7601.17514"},"Binary":null}}}
{"Event_attributes":{"xmlns":"http://schemas.microsoft.com/win/2004/08/events/event"},"Event":{"System":{"Provider_attributes":{"Name":"Microsoft-Windows-MSDTC 2","Guid":"{5D9E0020-3761-4f36-90C8-38CE6511BD12}","EventSourceName":"MSDTC 2"},"EventID_attributes":{"Qualifiers":16384},"EventID":4202,"Version":0,"Level":4,"Task":2,"Opcode":0,"Keywords":"0x80000000000000","TimeCreated_attributes":{"SystemTime":"2016-09-03T21:35:20.000000Z"},"EventRecordID":2060,"Correlation":null,"Execution_attributes":{"ProcessID":0,"ThreadID":0},"Channel":"Application","Computer":"IE10Win7","Security":null},"EventData":{"param1":"0","param2":"0","param3":"0","param4":"0","param5":"0","param6":"0","param7":"1","param8":"Mutual Authentication Required","param9":"NT AUTHORITY\\NetworkService","param10":"0","param11":"0","param12":"1"}}}
{"Event_attributes":{"xmlns":"http://schemas.microsoft.com/win/2004/08/events/event"},"Event":{"System":{"Provider_attributes":{"Name":"Microsoft-Windows-Winlogon","Guid":"{DBE9B383-7CF3-4331-91CC-A3CB16A3B538}","EventSourceName":"Winlogon"},"EventID_attributes":{"Qualifiers":16384},"EventID":4101,"Version":0,"Level":4,"Task":0,"Opcode":0,"Keywords":"0x80000000000000","TimeCreated_attributes":{"SystemTime":"2016-09-03T21:35:29.000000Z"},"EventRecordID":2061,"Correlation":null,"Execution_attributes":{"ProcessID":0,"ThreadID":0},"Channel":"Application","Computer":"IE10Win7","Security":null},"EventData":{"Data":{"#text":["0x00000000","0x00000001"]},"Binary":null}}}
{"Event_attributes":{"xmlns":"http://schemas.microsoft.com/win/2004/08/events/event"},"Event":{"System":{"Provider_attributes":{"Name":"ESENT"},"EventID_attributes":{"Qualifiers":0},"EventID":102,"Level":4,"Task":1,"Keywords":"0x80000000000000","TimeCreated_attributes":{"SystemTime":"2016-09-03T21:35:39.000000Z"},"EventRecordID":2062,"Channel":"Application","Computer":"IE10Win7","Security":null},"EventData":{"Data":{"#text":["Windows","3268","Windows: ","0","6","01","7601","0000"]},"Binary":null}}}
{"Event_attributes":{"xmlns":"http://schemas.microsoft.com/win/2004/08/events/event"},"Event":{"System":{"Provider_attributes":{"Name":"ESENT"},"EventID_attributes":{"Qualifiers":0},"EventID":300,"Level":4,"Task":3,"Keywords":"0x80000000000000","TimeCreated_attributes":{"SystemTime":"2016-09-03T21:35:40.000000Z"},"EventRecordID":2063,"Channel":"Application","Computer":"IE10Win7","Security":null},"EventData":{"Data":{"#text":["Windows","3268","Windows: "]},"Binary":null}}}
{"Event_attributes":{"xmlns":"http://schemas.microsoft.com/win/2004/08/events/event"},"Event":{"System":{"Provider_attributes":{"Name":"ESENT"},"EventID_attributes":{"Qualifiers":0},"EventID":301,"Level":4,"Task":3,"Keywords":"0x80000000000000","TimeCreated_attributes":{"SystemTime":"2016-09-03T21:35:40.000000Z"},"EventRecordID":2064,"Channel":"Application","Computer":"IE10Win7","Security":null},"EventData":{"Data":{"#text":["Windows","3268","Windows: ","C:\\ProgramData\\Microsoft\\Search\\Data\\Applications\\Windows\\MSS0000A.log"]},"Binary":null}}}
{"Event_attributes":{"xmlns":"http://schemas.microsoft.com/win/2004/08/events/event"},"Event":{"System":{"Provider_attributes":{"Name":"ESENT"},"EventID_attributes":{"Qualifiers":0},"EventID":301,"Level":4,"Task":3,"Keywords":"0x80000000000000","TimeCreated_attributes":{"SystemTime":"2016-09-03T21:35:40.000000Z"},"EventRecordID":2065,"Channel":"Application","Computer":"IE10Win7","Security":null},"EventData":{"Data":{"#text":["Windows","3268","Windows: ","C:\\ProgramData\\Microsoft\\Search\\Data\\Applications\\Windows\\MSS.log"]},"Binary":null}}}
{"Event_attributes":{"xmlns":"http://schemas.microsoft.com/win/2004/08/events/event"},"Event":{"System":{"Provider_attributes":{"Name":"ESENT"},"EventID_attributes":{"Qualifiers":0},"EventID":302,"Level":4,"Task":3,"Keywords":"0x80000000000000","TimeCreated_attributes":{"SystemTime":"2016-09-03T21:35:40.000000Z"},"EventRecordID":2066,"Channel":"Application","Computer":"IE10Win7","Security":null},"EventData":{"Data":{"#text":["Windows","3268","Windows: "]},"Binary":null}}}
{"Event_attributes":{"xmlns":"http://schemas.microsoft.com/win/2004/08/events/event"},"Event":{"System":{"Provider_attributes":{"Name":"Microsoft-Windows-Search","Guid":"{CA4E628D-8567-4896-AB6B-835B221F373F}","EventSourceName":"Windows Search Service"},"EventID_attributes":{"Qualifiers":16384},"EventID":1003,"Version":0,"Level":4,"Task":1,"Opcode":0,"Keywords":"0x80000000000000","TimeCreated_attributes":{"SystemTime":"2016-09-03T21:35:41.000000Z"},"EventRecordID":2067,"Correlation":null,"Execution_attributes":{"ProcessID":0,"ThreadID":0},"Channel":"Application","Computer":"IE10Win7","Security":null},"EventData":{"ExtraInfo":"\n"}}}
{"Event_attributes":{"xmlns":"http://schemas.microsoft.com/win/2004/08/events/event"},"Event":{"System":{"Provider_attributes":{"Name":"EMET"},"EventID_attributes":{"Qualifiers":0},"EventID":50,"Level":4,"Task":0,"Keywords":"0x80000000000000","TimeCreated_attributes":{"SystemTime":"2016-09-03T21:37:43.000000Z"},"EventRecordID":2068,"Channel":"Application","Computer":"IE10Win7","Security":null},"EventData":{"Data":{"#text":"EMET version 5.51.6024.23969\nEMET Service status is: Running\n\nEMET configuration for Certificate Trust is (GPO):\n<ConfigCertTrustGPO>\r\n</ConfigCertTrustGPO>\nEMET configuration for Certificate Trust is:\n<ConfigCertTrustREG>\r\nlogin.microsoftonline.com pinned to MicrosoftAccountCA (No. CA : 6)\r\nsecure.skype.com pinned to MicrosoftAccountCA (No. CA : 6)\r\nwww.facebook.com pinned to FacebookCA (No. CA : 14)\r\nlogin.yahoo.com pinned to YahooCA (No. CA : 13)\r\nlogin.live.com pinned to MicrosoftAccountCA (No. CA : 6)\r\nlogin.skype.com pinned to MicrosoftAccountCA (No. CA : 6)\r\ntwitter.com pinned to TwitterCA (No. CA : 15)\r\n</ConfigCertTrustREG>"},"Binary":null}}}
{"Event_attributes":{"xmlns":"http://schemas.microsoft.com/win/2004/08/events/event"},"Event":{"System":{"Provider_attributes":{"Name":"EMET"},"EventID_attributes":{"Qualifiers":0},"EventID":50,"Level":4,"Task":0,"Keywords":"0x80000000000000","TimeCreated_attributes":{"SystemTime":"2016-09-03T21:37:43.000000Z"},"EventRecordID":2069,"Channel":"Application","Computer":"IE10Win7","Security":null},"EventData":{"Data":{"#text":"EMET version 5.51.6024.23969\nEMET Service status is: Running\n\nEMET configuration for System mitigations (Registry) is:\n<ConfigSysmitREG>\nDEP: Application Opt In\nSEHOP: Application Opt In\nASLR: Application Opt In\nPinning: Enabled\n</ConfigSysmitREG>\n\nEMET configuration for Global Application mitigations (Registry) is:\n<ConfigAppmitREG>\nDeepHooks: True\nAntiDetours: True\nBannedFunctions: True\nExploitAction: StopProgram\n</ConfigAppmitREG>\n\nEMET configuration for System mitigations (GPO) is:\n<ConfigSysmitGPO>\n</ConfigSysmitGPO>\n\nEMET configuration for Global Application mitigations (GPO) is:\n<ConfigAppmitGPO>\n</ConfigAppmitGPO>"},"Binary":null}}}
{"Event_attributes":{"xmlns":"http://schemas.microsoft.com/win/2004/08/events/event"},"Event":{"System":{"Provider_attributes":{"Name":"EMET"},"EventID_attributes":{"Qualifiers":0},"EventID":50,"Level":4,"Task":0,"Keywords":"0x80000000000000","TimeCreated_attributes":{"SystemTime":"2016-09-03T21:37:44.000000Z"},"EventRecordID":2070,"Channel":"Application","Computer":"IE10Win7","Security":null},"EventData":{"Data":{"#text":"EMET version 5.51.6024.23969\nEMET Service status is: Running\n\nEMET configuration for Application mitigations (GPO) is:\r\n\r\n<ConfigAppmitGPO></ConfigAppmitGPO>\r\n\r\nEMET configuration for Application mitigations (Registry) is:\r\n\r\n<ConfigAppmitREG>Acrobat.exe *\\Adobe\\Acrobat*\\Acrobat  DEP SEHOP NullPage HeapSpray EAF EAF+ MandatoryASLR BottomUpASLR LoadLib MemProt Caller SimExecFlow StackPivot\r\nAcroRd32.exe *\\Adobe\\*\\Reader  DEP SEHOP NullPage HeapSpray EAF EAF+ MandatoryASLR BottomUpASLR LoadLib MemProt Caller SimExecFlow StackPivot\r\nEXCEL.EXE *\\OFFICE1*  DEP SEHOP NullPage HeapSpray EAF MandatoryASLR BottomUpASLR LoadLib MemProt Caller SimExecFlow StackPivot ASR\r\niexplore.exe *\\Internet Explorer  DEP SEHOP NullPage HeapSpray EAF EAF+ MandatoryASLR BottomUpASLR LoadLib MemProt Caller SimExecFlow StackPivot ASR\r\nINFOPATH.EXE *\\OFFICE1*  DEP SEHOP NullPage HeapSpray EAF MandatoryASLR BottomUpASLR LoadLib MemProt Caller SimExecFlow StackPivot\r\njava.exe *\\Java\\jre*\\bin  DEP SEHOP NullPage EAF MandatoryASLR BottomUpASLR LoadLib MemProt Caller SimExecFlow StackPivot\r\njavaw.exe *\\Java\\jre*\\bin  DEP SEHOP NullPage EAF MandatoryASLR BottomUpASLR LoadLib MemProt Caller SimExecFlow StackPivot\r\njavaws.exe *\\Java\\jre*\\bin  DEP SEHOP NullPage EAF MandatoryASLR BottomUpASLR LoadLib MemProt Caller SimExecFlow StackPivot\r\nLYNC.EXE *\\OFFICE1*  DEP SEHOP NullPage HeapSpray EAF MandatoryASLR BottomUpASLR LoadLib MemProt Caller SimExecFlow StackPivot\r\nMSACCESS.EXE *\\OFFICE1*  DEP SEHOP NullPage HeapSpray EAF MandatoryASLR BottomUpASLR LoadLib MemProt Caller SimExecFlow StackPivot\r\nMSPUB.EXE *\\OFFICE1*  DEP SEHOP NullPage HeapSpray EAF MandatoryASLR BottomUpASLR LoadLib MemProt Caller SimExecFlow StackPivot\r\nOIS.EXE *\\OFFICE1*  DEP SEHOP NullPage HeapSpray EAF MandatoryASLR BottomUpASLR LoadLib MemProt Caller SimExecFlow StackPivot\r\nOUTLOOK.EXE *\\OFFICE1*  DEP SEHOP NullPage HeapSpray EAF MandatoryASLR BottomUpASLR LoadLib MemProt Caller SimExecFlow StackPivot\r\nPOWERPNT.EXE *\\OFFICE1*  DEP SEHOP NullPage HeapSpray EAF MandatoryASLR BottomUpASLR LoadLib MemProt Caller SimExecFlow StackPivot ASR\r\nPPTVIEW.EXE *\\OFFICE1*  DEP SEHOP NullPage HeapSpray EAF MandatoryASLR BottomUpASLR LoadLib MemProt Caller SimExecFlow StackPivot\r\nVISIO.EXE *\\OFFICE1*  DEP SEHOP NullPage HeapSpray EAF MandatoryASLR BottomUpASLR LoadLib MemProt Caller SimExecFlow StackPivot\r\nVPREVIEW.EXE *\\OFFICE1*  DEP SEHOP NullPage HeapSpray EAF MandatoryASLR BottomUpASLR LoadLib MemProt Caller SimExecFlow StackPivot\r\nWINWORD.EXE *\\OFFICE1*  DEP SEHOP NullPage HeapSpray EAF MandatoryASLR BottomUpASLR LoadLib MemProt Caller SimExecFlow StackPivot ASR\r\nwordpad.exe *\\Windows NT\\Accessories  DEP SEHOP NullPage HeapSpray EAF MandatoryASLR BottomUpASLR LoadLib MemProt Caller SimExecFlow StackPivot\r\n</ConfigAppmitREG>"},"Binary":null}}}
{"Event_attributes":{"xmlns":"http://schemas.microsoft.com/win/2004/08/events/event"},"Event":{"System":{"Provider_attributes":{"Name":"SecurityCenter"},"EventID_attributes":{"Qualifiers":0},"EventID":1,"Level":4,"Task":0,"Keywords":"0x80000000000000","TimeCreated_attributes":{"SystemTime":"2016-09-03T21:37:55.000000Z"},"EventRecordID":2071,"Channel":"Application","Computer":"IE10Win7","Security":null},"EventData":{"Data":{"#text":""},"Binary":null}}}
{"Event_attributes":{"xmlns":"http://schemas.microsoft.com/win/2004/08/events/event"},"Event":{"System":{"Provider_attributes":{"Name":"VSS"},"EventID_attributes":{"Qualifiers":0},"EventID":8224,"Level":4,"Task":0,"Keywords":"0x80000000000000","TimeCreated_attributes":{"SystemTime":"2016-09-03T21:38:21.000000Z"},"EventRecordID":2072,"Channel":"Application","Computer":"IE10Win7","Security":null},"EventData":{"Data":{"#text":""},"Binary":"2D20436F64653A2020434F525356434330303030303737332D2043616C6C3A2020434F525356434330303030303735352D205049443A202030303030323430382D205449443A202030303030323432342D20434D443A2020433A5C57696E646F77735C73797374656D33325C76737376632E6578652020202D20557365723A204E616D653A204E5420415554484F524954595C53595354454D2C205349443A532D312D352D313820"}}}
{"Event_attributes":{"xmlns":"http://schemas.microsoft.com/win/2004/08/events/event"},"Event":{"System":{"Provider_attributes":{"Name":"Microsoft-Windows-Security-SPP","Guid":"{E23B33B0-C8C9-472C-A5F9-F2BDFEA0F156}","EventSourceName":"Software Protection Platform Service"},"EventID_attributes":{"Qualifiers":16384},"EventID":16384,"Version":0,"Level":4,"Task":0,"Opcode":0,"Keywords":"0x80000000000000","TimeCreated_attributes":{"SystemTime":"2016-09-03T21:44:12.000000Z"},"EventRecordID":2073,"Correlation":null,"Execution_attributes":{"ProcessID":0,"ThreadID":0},"Channel":"Application","Computer":"IE10Win7","Security":null},"EventData":{"Data":{"#text":["2016-09-04T21:35:11Z","TBL"]},"Binary":null}}}
{"Event_attributes":{"xmlns":"http://schemas.microsoft.com/win/2004/08/events/event"},"Event":{"System":{"Provider_attributes":{"Name":"Microsoft-Windows-Security-SPP","Guid":"{E23B33B0-C8C9-472C-A5F9-F2BDFEA0F156}","EventSourceName":"Software Protection Platform Service"},"EventID_attributes":{"Qualifiers":16384},"EventID":903,"Version":0,"Level":0,"Task":0,"Opcode":0,"Keywords":"0x80000000000000","TimeCreated_attributes":{"SystemTime":"2016-09-03T21:44:12.000000Z"},"EventRecordID":2074,"Correlation":null,"Execution_attributes":{"ProcessID":0,"ThreadID":0},"Channel":"Application","Computer":"IE10Win7","Security":null},"EventData":{"Data":{"#text":""},"Binary":null}}}
{"Event_attributes":{"xmlns":"http://schemas.microsoft.com/win/2004/08/events/event"},"Event":{"System":{"Provider_attributes":{"Name":"Microsoft-Windows-LoadPerf","Guid":"122EE297-BB47-41AE-B265-1CA8D1886D40"},"EventID":1001,"Version":0,"Level":4,"Task":0,"Opcode":0,"Keywords":"0x8000000000000000","TimeCreated_attributes":{"SystemTime":"2016-09-03T21:47:56.367125Z"},"EventRecordID":2075,"Correlation":null,"Execution_attributes":{"ProcessID":3332,"ThreadID":3696},"Channel":"Application","Computer":"IE10Win7","Security_attributes":{"UserID":"S-1-5-18"}},"UserData":{"EventXML_attributes":{"xmlns:auto-ns2":"http://schemas.microsoft.com/win/2004/08/events","xmlns":"LoadPerf"},"EventXML":{"param1":"WmiApRpl","param2":"WmiApRpl","binaryDataSize":12,"binaryData":"4C2A00004D2A000034070000"}}}}
{"Event_attributes":{"xmlns":"http://schemas.microsoft.com/win/2004/08/events/event"},"Event":{"System":{"Provider_attributes":{"Name":"Microsoft-Windows-LoadPerf","Guid":"122EE297-BB47-41AE-B265-1CA8D1886D40"},"EventID":1000,"Version":0,"Level":4,"Task":0,"Opcode":0,"Keywords":"0x8000000000000000","TimeCreated_attributes":{"SystemTime":"2016-09-03T21:47:56.523375Z"},"EventRecordID":2076,"Correlation":null,"Execution_attributes":{"ProcessID":3332,"ThreadID":3696},"Channel":"Application","Computer":"IE10Win7","Security_attributes":{"UserID":"S-1-5-18"}},"UserData":{"EventXML_attributes":{"xmlns:auto-ns2":"http://schemas.microsoft.com/win/2004/08/events","xmlns":"LoadPerf"},"EventXML":{"param1":"WmiApRpl","param2":"WmiApRpl","binaryDataSize":16,"binaryData":"4E2A0000F42A00004F2A0000F52A0000"}}}}
{"Event_attributes":{"xmlns":"http://schemas.microsoft.com/win/2004/08/events/event"},"Event":{"System":{"Provider_attributes":{"Name":"Microsoft-Windows-Security-SPP","Guid":"{E23B33B0-C8C9-472C-A5F9-F2BDFEA0F156}","EventSourceName":"Software Protection Platform Service"},"EventID_attributes":{"Qualifiers":16384},"EventID":900,"Version":0,"Level":4,"Task":0,"Opcode":0,"Keywords":"0x80000000000000","TimeCreated_attributes":{"SystemTime":"2016-09-15T02:13:26.000000Z"},"EventRecordID":2077,"Correlation":null,"Execution_attributes":{"ProcessID":0,"ThreadID":0},"Channel":"Application","Computer":"IE10Win7","Security":null},"EventData":{"Data":{"#text":""},"Binary":null}}}
{"Event_attributes":{"xmlns":"http://schemas.microsoft.com/win/2004/08/events/event"},"Event":{"System":{"Provider_attributes":{"Name":"Microsoft-Windows-Security-SPP","Guid":"{E23B33B0-C8C9-472C-A5F9-F2BDFEA0F156}","EventSourceName":"Software Protection Platform Service"},"EventID_attributes":{"Qualifiers":16384},"EventID":1066,"Version":0,"Level":4,"Task":0,"Opcode":0,"Keywords":"0x80000000000000","TimeCreated_attributes":{"SystemTime":"2016-09-15T02:13:47.000000Z"},"EventRecordID":2078,"Correlation":null,"Execution_attributes":{"ProcessID":0,"ThreadID":0},"Channel":"Application","Computer":"IE10Win7","Security":null},"EventData":{"Data":{"#text":"C:\\Windows\\system32\\sppwinob.dll, msft:spp/windowsfunctionality/agent/7.0, 0x00000000, 0x00000000\nC:\\Windows\\system32\\sppobjs.dll, msft:rm/algorithm/phone/1.0, 0x00000000, 0x00000000\nC:\\Windows\\system32\\sppobjs.dll, msft:rm/algorithm/pkey/2005, 0x00000000, 0x00000000\nC:\\Windows\\system32\\sppobjs.dll, msft:spp/TaskScheduler/1.0, 0x00000000, 0x00000000\nC:\\Windows\\system32\\sppobjs.dll, msft:spp/volume/services/kms/1.0, 0x00000000, 0x00000000\nC:\\Windows\\system32\\sppobjs.dll, msft:spp/volume/services/kms/licenserenewal/1.0, 0x00000000, 0x00000000\n"},"Binary":null}}}
{"Event_attributes":{"xmlns":"http://schemas.microsoft.com/win/2004/08/events/event"},"Event":{"System":{"Provider_attributes":{"Name":"Microsoft-Windows-Security-SPP","Guid":"{E23B33B0-C8C9-472C-A5F9-F2BDFEA0F156}","EventSourceName":"Software Protection Platform Service"},"EventID_attributes":{"Qualifiers":16384},"EventID":1003,"Version":0,"Level":4,"Task":0,"Opcode":0,"Keywords":"0x80000000000000","TimeCreated_attributes":{"SystemTime":"2016-09-15T02:13:57.000000Z"},"EventRecordID":2079,"Correlation":null,"Execution_attributes":{"ProcessID":0,"ThreadID":0},"Channel":"Application","Computer":"IE10Win7","Security":null},"EventData":{"Data":{"#text":["55c92734-d682-4d71-983e-d6ec3f16059f","\n1: 358fb95b-0090-44fb-883a-75734e060c30, 1, 0 [(0 [0xC004F014, 0, 0], [(?)(?)(?)(?)(?)(?)])(1 )(2 )]\n2: 4f00134f-b514-4626-a74b-a8ec7c8dfe92, 1, 0 [(0 [0xC004F014, 0, 0], [(?)(?)(?)(?)(?)(?)])(1 )(2 )]\n3: 8dffd6e4-0497-4c35-b7d7-e47cf464cf30, 1, 1 [(0 [0x00000000, 1, 0], [(?)(?)( 1 0x00000000 3 0 msft:rm/algorithm/hwid/4.0 0x00000000 0)(?)( 8 0x00000000 90 99120)(?)])(1 )(2 )]\n4: 92f9d22a-65f5-49a7-90fe-06491b4fc379, 1, 0 [(0 [0xC004F014, 0, 0], [(?)(?)(?)(?)(?)(?)])(1 )(2 )]\n5: 9abf5984-9c16-46f2-ad1e-7fe15931a8dd, 1, 0 [(0 [0xC004F014, 0, 0], [(?)(?)(?)(?)(?)(?)])(1 )(2 )]\n6: ae2ee509-1b34-41c0-acb7-6d4650168915, 1, 0 [(0 [0xC004F014, 0, 0], [(?)(?)(?)(?)(?)(?)])(1 )(2 )]\n7: b793ff2d-9d80-407c-b521-85111c51028c, 1, 0 [(0 [0xC004F014, 0, 0], [(?)(?)(?)(?)(?)(?)])(1 )(2 )]\n8: cff07cac-7534-4cc3-b3f3-99e1a0aa3c20, 1, 0 [(0 [0xC004F014, 0, 0], [(?)(?)(?)(?)(?)(?)])(1 )(2 )]\n9: d188820a-cb63-4bad-a9a2-40b843ee23b7, 1, 0 [(0 [0xC004F014, 0, 0], [(?)(?)(?)(?)(?)(?)])(1 )(2 )]\n10: 4a8149bb-7d61-49f4-8822-82c7bf88d64b, 1, 0 [(0 [0xC004F014, 0, 0], [(?)(?)(?)(?)(?)(?)])(1 )(2 )]\n11: afd5f68f-b70f-4000-a21d-28dbc8be8b07, 1, 0 [(0 [0xC004F014, 0, 0], [(?)(?)(?)(?)(?)(?)])(1 )(2 )]\n\n"]},"Binary":null}}}
{"Event_attributes":{"xmlns":"http://schemas.microsoft.com/win/2004/08/events/event"},"Event":{"System":{"Provider_attributes":{"Name":"Microsoft-Windows-Security-SPP","Guid":"{E23B33B0-C8C9-472C-A5F9-F2BDFEA0F156}","EventSourceName":"Software Protection Platform Service"},"EventID_attributes":{"Qualifiers":32768},"EventID":1037,"Version":0,"Level":4,"Task":0,"Opcode":0,"Keywords":"0x80000000000000","TimeCreated_attributes":{"SystemTime":"2016-09-15T02:13:57.000000Z"},"EventRecordID":2080,"Correlation":null,"Execution_attributes":{"ProcessID":0,"ThreadID":0},"Channel":"Application","Computer":"IE10Win7","Security":null},"EventData":{"Data":{"#text":["validity","99120"]},"Binary":null}}}
{"Event_attributes":{"xmlns":"http://schemas.microsoft.com/win/2004/08/events/event"},"Event":{"System":{"Provider_attributes":{"Name":"Microsoft-Windows-Security-SPP","Guid":"{E23B33B0-C8C9-472C-A5F9-F2BDFEA0F156}","EventSourceName":"Software Protection Platform Service"},"EventID_attributes":{"Qualifiers":16384},"EventID":902,"Version":0,"Level":0,"Task":0,"Opcode":0,"Keywords":"0x80000000000000","TimeCreated_attributes":{"SystemTime":"2016-09-15T02:14:02.000000Z"},"EventRecordID":2081,"Correlation":null,"Execution_attributes":{"ProcessID":0,"ThreadID":0},"Channel":"Application","Computer":"IE10Win7","Security":null},"EventData":{"Data":{"#text":"6.1.7601.17514"},"Binary":null}}}
{"Event_attributes":{"xmlns":"http://schemas.microsoft.com/win/2004/08/events/event"},"Event":{"System":{"Provider_attributes":{"Name":"Microsoft-Windows-Security-SPP","Guid":"{E23B33B0-C8C9-472C-A5F9-F2BDFEA0F156}","EventSourceName":"Software Protection Platform Service"},"EventID_attributes":{"Qualifiers":16384},"EventID":16384,"Version":0,"Level":4,"Task":0,"Opcode":0,"Keywords":"0x80000000000000","TimeCreated_attributes":{"SystemTime":"2016-09-15T02:19:22.000000Z"},"EventRecordID":2082,"Correlation":null,"Execution_attributes":{"ProcessID":0,"ThreadID":0},"Channel":"Application","Computer":"IE10Win7","Security":null},"EventData":{"Data":{"#text":["2016-09-16T02:13:21Z","TBL"]},"Binary":null}}}
{"Event_attributes":{"xmlns":"http://schemas.microsoft.com/win/2004/08/events/event"},"Event":{"System":{"Provider_attributes":{"Name":"Microsoft-Windows-Security-SPP","Guid":"{E23B33B0-C8C9-472C-A5F9-F2BDFEA0F156}","EventSourceName":"Software Protection Platform Service"},"EventID_attributes":{"Qualifiers":16384},"EventID":903,"Version":0,"Level":0,"Task":0,"Opcode":0,"Keywords":"0x80000000000000","TimeCreated_attributes":{"SystemTime":"2016-09-15T02:19:22.000000Z"},"EventRecordID":2083,"Correlation":null,"Execution_attributes":{"ProcessID":0,"ThreadID":0},"Channel":"Application","Computer":"IE10Win7","Security":null},"EventData":{"Data":{"#text":""},"Binary":null}}}
{"Event_attributes":{"xmlns":"http://schemas.microsoft.com/win/2004/08/events/event"},"Event":{"System":{"Provider_attributes":{"Name":"Microsoft-Windows-Security-SPP","Guid":"{E23B33B0-C8C9-472C-A5F9-F2BDFEA0F156}","EventSourceName":"Software Protection Platform Service"},"EventID_attributes":{"Qualifiers":16384},"EventID":900,"Version":0,"Level":4,"Task":0,"Opcode":0,"Keywords":"0x80000000000000","TimeCreated_attributes":{"SystemTime":"2016-09-17T22:53:49.000000Z"},"EventRecordID":2084,"Correlation":null,"Execution_attributes":{"ProcessID":0,"ThreadID":0},"Channel":"Application","Computer":"IE10Win7","Security":null},"EventData":{"Data":{"#text":""},"Binary":null}}}
{"Event_attributes":{"xmlns":"http://schemas.microsoft.com/win/2004/08/events/event"},"Event":{"System":{"Provider_attributes":{"Name":"Microsoft-Windows-Security-SPP","Guid":"{E23B33B0-C8C9-472C-A5F9-F2BDFEA0F156}","EventSourceName":"Software Protection Platform Service"},"EventID_attributes":{"Qualifiers":16384},"EventID":1066,"Version":0,"Level":4,"Task":0,"Opcode":0,"Keywords":"0x80000000000000","TimeCreated_attributes":{"SystemTime":"2016-09-17T22:54:10.000000Z"},"EventRecordID":2085,"Correlation":null,"Execution_attributes":{"ProcessID":0,"ThreadID":0},"Channel":"Application","Computer":"IE10Win7","Security":null},"EventData":{"Data":{"#text":"C:\\Windows\\system32\\sppwinob.dll, msft:spp/windowsfunctionality/agent/7.0, 0x00000000, 0x00000000\nC:\\Windows\\system32\\sppobjs.dll, msft:rm/algorithm/phone/1.0, 0x00000000, 0x00000000\nC:\\Windows\\system32\\sppobjs.dll, msft:rm/algorithm/pkey/2005, 0x00000000, 0x00000000\nC:\\Windows\\system32\\sppobjs.dll, msft:spp/TaskScheduler/1.0, 0x00000000, 0x00000000\nC:\\Windows\\system32\\sppobjs.dll, msft:spp/volume/services/kms/1.0, 0x00000000, 0x00000000\nC:\\Windows\\system32\\sppobjs.dll, msft:spp/volume/services/kms/licenserenewal/1.0, 0x00000000, 0x00000000\n"},"Binary":null}}}
{"Event_attributes":{"xmlns":"http://schemas.microsoft.com/win/2004/08/events/event"},"Event":{"System":{"Provider_attributes":{"Name":"Microsoft-Windows-Security-SPP","Guid":"{E23B33B0-C8C9-472C-A5F9-F2BDFEA0F156}","EventSourceName":"Software Protection Platform Service"},"EventID_attributes":{"Qualifiers":16384},"EventID":1003,"Version":0,"Level":4,"Task":0,"Opcode":0,"Keywords":"0x80000000000000","TimeCreated_attributes":{"SystemTime":"2016-09-17T22:54:21.000000Z"},"EventRecordID":2086,"Correlation":null,"Execution_attributes":{"ProcessID":0,"ThreadID":0},"Channel":"Application","Computer":"IE10Win7","Security":null},"EventData":{"Data":{"#text":["55c92734-d682-4d71-983e-d6ec3f16059f","\n1: 358fb95b-0090-44fb-883a-75734e060c30, 1, 0 [(0 [0xC004F014, 0, 0], [(?)(?)(?)(?)(?)(?)])(1 )(2 )]\n2: 4f00134f-b514-4626-a74b-a8ec7c8dfe92, 1, 0 [(0 [0xC004F014, 0, 0], [(?)(?)(?)(?)(?)(?)])(1 )(2 )]\n3: 8dffd6e4-0497-4c35-b7d7-e47cf464cf30, 1, 1 [(0 [0x00000000, 1, 0], [(?)(?)( 1 0x00000000 3 0 msft:rm/algorithm/hwid/4.0 0x00000000 0)(?)( 8 0x00000000 90 94980)(?)])(1 )(2 )]\n4: 92f9d22a-65f5-49a7-90fe-06491b4fc379, 1, 0 [(0 [0xC004F014, 0, 0], [(?)(?)(?)(?)(?)(?)])(1 )(2 )]\n5: 9abf5984-9c16-46f2-ad1e-7fe15931a8dd, 1, 0 [(0 [0xC004F014, 0, 0], [(?)(?)(?)(?)(?)(?)])(1 )(2 )]\n6: ae2ee509-1b34-41c0-acb7-6d4650168915, 1, 0 [(0 [0xC004F014, 0, 0], [(?)(?)(?)(?)(?)(?)])(1 )(2 )]\n7: b793ff2d-9d80-407c-b521-85111c51028c, 1, 0 [(0 [0xC004F014, 0, 0], [(?)(?)(?)(?)(?)(?)])(1 )(2 )]\n8: cff07cac-7534-4cc3-b3f3-99e1a0aa3c20, 1, 0 [(0 [0xC004F014, 0, 0], [(?)(?)(?)(?)(?)(?)])(1 )(2 )]\n9: d188820a-cb63-4bad-a9a2-40b843ee23b7, 1, 0 [(0 [0xC004F014, 0, 0], [(?)(?)(?)(?)(?)(?)])(1 )(2 )]\n10: 4a8149bb-7d61-49f4-8822-82c7bf88d64b, 1, 0 [(0 [0xC004F014, 0, 0], [(?)(?)(?)(?)(?)(?)])(1 )(2 )]\n11: afd5f68f-b70f-4000-a21d-28dbc8be8b07, 1, 0 [(0 [0xC004F014, 0, 0], [(?)(?)(?)(?)(?)(?)])(1 )(2 )]\n\n"]},"Binary":null}}}
{"Event_attributes":{"xmlns":"http://schemas.microsoft.com/win/2004/08/events/event"},"Event":{"System":{"Provider_attributes":{"Name":"Microsoft-Windows-Security-SPP","Guid":"{E23B33B0-C8C9-472C-A5F9-F2BDFEA0F156}","EventSourceName":"Software Protection Platform Service"},"EventID_attributes":{"Qualifiers":32768},"EventID":1037,"Version":0,"Level":4,"Task":0,"Opcode":0,"Keywords":"0x80000000000000","TimeCreated_attributes":{"SystemTime":"2016-09-17T22:54:21.000000Z"},"EventRecordID":2087,"Correlation":null,"Execution_attributes":{"ProcessID":0,"ThreadID":0},"Channel":"Application","Computer":"IE10Win7","Security":null},"EventData":{"Data":{"#text":["validity","94980"]},"Binary":null}}}
{"Event_attributes":{"xmlns":"http://schemas.microsoft.com/win/2004/08/events/event"},"Event":{"System":{"Provider_attributes":{"Name":"Microsoft-Windows-Security-SPP","Guid":"{E23B33B0-C8C9-472C-A5F9-F2BDFEA0F156}","EventSourceName":"Software Protection Platform Service"},"EventID_attributes":{"Qualifiers":16384},"EventID":902,"Version":0,"Level":0,"Task":0,"Opcode":0,"Keywords":"0x80000000000000","TimeCreated_attributes":{"SystemTime":"2016-09-17T22:54:21.000000Z"},"EventRecordID":2088,"Correlation":null,"Execution_attributes":{"ProcessID":0,"ThreadID":0},"Channel":"Application","Computer":"IE10Win7","Security":null},"EventData":{"Data":{"#text":"6.1.7601.17514"},"Binary":null}}}
{"Event_attributes":{"xmlns":"http://schemas.microsoft.com/win/2004/08/events/event"},"Event":{"System":{"Provider_attributes":{"Name":"Desktop Window Manager"},"EventID_attributes":{"Qualifiers":16384},"EventID":9009,"Level":4,"Task":0,"Keywords":"0x80000000000000","TimeCreated_attributes":{"SystemTime":"2016-09-17T22:56:18.000000Z"},"EventRecordID":2089,"Channel":"Application","Computer":"IE10Win7","Security":null},"EventData":{"Data":{"#text":"0x40010004"},"Binary":null}}}
{"Event_attributes":{"xmlns":"http://schemas.microsoft.com/win/2004/08/events/event"},"Event":{"System":{"Provider_attributes":{"Name":"VMware Tools"},"EventID_attributes":{"Qualifiers":0},"EventID":1000,"Level":3,"Task":0,"Keywords":"0x80000000000000","TimeCreated_attributes":{"SystemTime":"2016-09-17T22:56:31.000000Z"},"EventRecordID":2090,"Channel":"Application","Computer":"IE10Win7","Security_attributes":{"UserID":"S-1-5-18"}},"EventData":{"Data":{"#text":"[ warning] [vmsvc:autoUpgrade] vmx returned Autoupgrade is not allowed by policy for guest.initiateUpgradeAtShutdown.\n"},"Binary":null}}}
{"Event_attributes":{"xmlns":"http://schemas.microsoft.com/win/2004/08/events/event"},"Event":{"System":{"Provider_attributes":{"Name":"VMUpgradeHelper"},"EventID_attributes":{"Qualifiers":0},"EventID":260,"Level":4,"Task":0,"Keywords":"0x80000000000000","TimeCreated_attributes":{"SystemTime":"2016-09-17T22:56:31.000000Z"},"EventRecordID":2091,"Channel":"Application","Computer":"IE10Win7","Security":null},"EventData":{"Data":{"#text":""},"Binary":null}}}
{"Event_attributes":{"xmlns":"http://schemas.microsoft.com/win/2004/08/events/event"},"Event":{"System":{"Provider_attributes":{"Name":"VMUpgradeHelper"},"EventID_attributes":{"Qualifiers":0},"EventID":280,"Level":4,"Task":0,"Keywords":"0x80000000000000","TimeCreated_attributes":{"SystemTime":"2016-09-17T22:56:31.000000Z"},"EventRecordID":2092,"Channel":"Application","Computer":"IE10Win7","Security":null},"EventData":{"Data":{"#text":"00:0C:29:0D:8D:3A"},"Binary":null}}}
{"Event_attributes":{"xmlns":"http://schemas.microsoft.com/win/2004/08/events/event"},"Event":{"System":{"Provider_attributes":{"Name":"VMUpgradeHelper"},"EventID_attributes":{"Qualifiers":0},"EventID":272,"Level":4,"Task":0,"Keywords":"0x80000000000000","TimeCreated_attributes":{"SystemTime":"2016-09-17T22:56:31.000000Z"},"EventRecordID":2093,"Channel":"Application","Computer":"IE10Win7","Security":null},"EventData":{"Data":{"#text":""},"Binary":null}}}
{"Event_attributes":{"xmlns":"http://schemas.microsoft.com/win/2004/08/events/event"},"Event":{"System":{"Provider_attributes":{"Name":"VMTools"},"EventID_attributes":{"Qualifiers":0},"EventID":108,"Level":4,"Task":0,"Keywords":"0x80000000000000","TimeCreated_attributes":{"SystemTime":"2016-09-17T22:56:31.000000Z"},"EventRecordID":2094,"Channel":"Application","Computer":"IE10Win7","Security":null},"EventData":{"Data":{"#text":""},"Binary":null}}}
{"Event_attributes":{"xmlns":"http://schemas.microsoft.com/win/2004/08/events/event"},"Event":{"System":{"Provider_attributes":{"Name":"Microsoft-Windows-User Profiles Service","Guid":"89B1E9F0-5AFF-44A6-9B44-0A07A7CE5845"},"EventID":1532,"Version":0,"Level":4,"Task":0,"Opcode":0,"Keywords":"0x8000000000000000","TimeCreated_attributes":{"SystemTime":"2016-09-17T22:56:31.860992Z"},"EventRecordID":2095,"Correlation":null,"Execution_attributes":{"ProcessID":908,"ThreadID":1024},"Channel":"Application","Computer":"IE10Win7","Security_attributes":{"UserID":"S-1-5-18"}},"EventData":null}}
{"Event_attributes":{"xmlns":"http://schemas.microsoft.com/win/2004/08/events/event"},"Event":{"System":{"Provider_attributes":{"Name":"Microsoft-Windows-EventSystem","Guid":"{899daace-4868-4295-afcd-9eb8fb497561}","EventSourceName":"EventSystem"},"EventID_attributes":{"Qualifiers":16384},"EventID":4625,"Version":0,"Level":4,"Task":0,"Opcode":0,"Keywords":"0x80000000000000","TimeCreated_attributes":{"SystemTime":"2016-09-17T22:56:46.000000Z"},"EventRecordID":2096,"Correlation":null,"Execution_attributes":{"ProcessID":0,"ThreadID":0},"Channel":"Application","Computer":"IE10Win7","Security":null},"EventData":{"param1":"86400","param2":"SuppressDuplicateDuration","param3":"Software\\Microsoft\\EventSystem\\EventLog"}}}
{"Event_attributes":{"xmlns":"http://schemas.microsoft.com/win/2004/08/events/event"},"Event":{"System":{"Provider_attributes":{"Name":"VMTools"},"EventID_attributes":{"Qualifiers":0},"EventID":105,"Level":4,"Task":0,"Keywords":"0x80000000000000","TimeCreated_attributes":{"SystemTime":"2016-09-17T22:56:47.000000Z"},"EventRecordID":2097,"Channel":"Application","Computer":"IE10Win7","Security":null},"EventData":{"Data":{"#text":""},"Binary":null}}}
