{"Event_attributes":{"xmlns":"http://schemas.microsoft.com/win/2004/08/events/event"},"Event":{"System":{"Provider_attributes":{"Name":"Microsoft-Windows-Security-Auditing","Guid":"54849625-5478-4994-A5BA-3E3B0328C30D"},"EventID":4616,"Version":1,"Level":0,"Task":12288,"Opcode":0,"Keywords":"0x8020000000000000","TimeCreated_attributes":{"SystemTime":"2013-10-23T16:22:39.911000Z"},"EventRecordID":110,"Correlation":null,"Execution_attributes":{"ProcessID":4,"ThreadID":64},"Channel":"Security","Computer":"IE8Win7","Security":null},"EventData":{"SubjectUserSid":"S-1-5-18","SubjectUserName":"WIN-QALA5Q3KJ43$","SubjectDomainName":"WORKGROUP","SubjectLogonId":"0x3e7","PreviousTime":"2013-10-23T16:22:40.005000Z","NewTime":"2013-10-23T16:22:39.911000Z","ProcessId":"0x344","ProcessName":"C:\\Windows\\System32\\oobe\\msoobe.exe"}}}
{"Event_attributes":{"xmlns":"http://schemas.microsoft.com/win/2004/08/events/event"},"Event":{"System":{"Provider_attributes":{"Name":"Microsoft-Windows-Security-Auditing","Guid":"54849625-5478-4994-A5BA-3E3B0328C30D"},"EventID":4728,"Version":0,"Level":0,"Task":13826,"Opcode":0,"Keywords":"0x8020000000000000","TimeCreated_attributes":{"SystemTime":"2013-10-23T16:22:39.973500Z"},"EventRecordID":111,"Correlation":null,"Execution_attributes":{"ProcessID":508,"ThreadID":1032},"Channel":"Security","Computer":"IE8Win7","Security":null},"EventData":{"MemberName":"-","MemberSid":"S-1-5-21-3463664321-2923530833-3546627382-1000","TargetUserName":"None","TargetDomainName":"IE8Win7","TargetSid":"S-1-5-21-3463664321-2923530833-3546627382-513","SubjectUserSid":"S-1-5-18","SubjectUserName":"WIN-QALA5Q3KJ43$","SubjectDomainName":"WORKGROUP","SubjectLogonId":"0x3e7","PrivilegeList":"-"}}}
{"Event_attributes":{"xmlns":"http://schemas.microsoft.com/win/2004/08/events/event"},"Event":{"System":{"Provider_attributes":{"Name":"Microsoft-Windows-Security-Auditing","Guid":"54849625-5478-4994-A5BA-3E3B0328C30D"},"EventID":4720,"Version":0,"Level":0,"Task":13824,"Opcode":0,"Keywords":"0x8020000000000000","TimeCreated_attributes":{"SystemTime":"2013-10-23T16:22:39.973500Z"},"EventRecordID":112,"Correlation":null,"Execution_attributes":{"ProcessID":508,"ThreadID":1032},"Channel":"Security","Computer":"IE8Win7","Security":null},"EventData":{"TargetUserName":"IEUser","TargetDomainName":"IE8Win7","TargetSid":"S-1-5-21-3463664321-2923530833-3546627382-1000","SubjectUserSid":"S-1-5-18","SubjectUserName":"WIN-QALA5Q3KJ43$","SubjectDomainName":"WORKGROUP","SubjectLogonId":"0x3e7","PrivilegeList":"-","SamAccountName":"IEUser","DisplayName":"%%1793","UserPrincipalName":"-","HomeDirectory":"%%1793","HomePath":"%%1793","ScriptPath":"%%1793","ProfilePath":"%%1793","UserWorkstations":"%%1793","PasswordLastSet":"%%1794","AccountExpires":"%%1794","PrimaryGroupId":"513","AllowedToDelegateTo":"-","OldUacValue":"0x0","NewUacValue":"0x15","UserAccountControl":"\r\n\t\t%%2080\r\n\t\t%%2082\r\n\t\t%%2084","UserParameters":"%%1793","SidHistory":"-","LogonHours":"%%1797"}}}
{"Event_attributes":{"xmlns":"http://schemas.microsoft.com/win/2004/08/events/event"},"Event":{"System":{"Provider_attributes":{"Name":"Microsoft-Windows-Security-Auditing","Guid":"54849625-5478-4994-A5BA-3E3B0328C30D"},"EventID":4732,"Version":0,"Level":0,"Task":13826,"Opcode":0,"Keywords":"0x8020000000000000","TimeCreated_attributes":{"SystemTime":"2013-10-23T16:22:39.973500Z"},"EventRecordID":113,"Correlation":null,"Execution_attributes":{"ProcessID":508,"ThreadID":1032},"Channel":"Security","Computer":"IE8Win7","Security":null},"EventData":{"MemberName":"-","MemberSid":"S-1-5-21-3463664321-2923530833-3546627382-1000","TargetUserName":"Users","TargetDomainName":"Builtin","TargetSid":"S-1-5-32-545","SubjectUserSid":"S-1-5-18","SubjectUserName":"WIN-QALA5Q3KJ43$","SubjectDomainName":"WORKGROUP","SubjectLogonId":"0x3e7","PrivilegeList":"-"}}}
{"Event_attributes":{"xmlns":"http://schemas.microsoft.com/win/2004/08/events/event"},"Event":{"System":{"Provider_attributes":{"Name":"Microsoft-Windows-Security-Auditing","Guid":"54849625-5478-4994-A5BA-3E3B0328C30D"},"EventID":4722,"Version":0,"Level":0,"Task":13824,"Opcode":0,"Keywords":"0x8020000000000000","TimeCreated_attributes":{"SystemTime":"2013-10-23T16:22:39.989125Z"},"EventRecordID":114,"Correlation":null,"Execution_attributes":{"ProcessID":508,"ThreadID":1032},"Channel":"Security","Computer":"IE8Win7","Security":null},"EventData":{"TargetUserName":"IEUser","TargetDomainName":"IE8Win7","TargetSid":"S-1-5-21-3463664321-2923530833-3546627382-1000","SubjectUserSid":"S-1-5-18","SubjectUserName":"WIN-QALA5Q3KJ43$","SubjectDomainName":"WORKGROUP","SubjectLogonId":"0x3e7"}}}
{"Event_attributes":{"xmlns":"http://schemas.microsoft.com/win/2004/08/events/event"},"Event":{"System":{"Provider_attributes":{"Name":"Microsoft-Windows-Security-Auditing","Guid":"54849625-5478-4994-A5BA-3E3B0328C30D"},"EventID":4738,"Version":0,"Level":0,"Task":13824,"Opcode":0,"Keywords":"0x8020000000000000","TimeCreated_attributes":{"SystemTime":"2013-10-23T16:22:39.989125Z"},"EventRecordID":115,"Correlation":null,"Execution_attributes":{"ProcessID":508,"ThreadID":1032},"Channel":"Security","Computer":"IE8Win7","Security":null},"EventData":{"Dummy":"-","TargetUserName":"IEUser","TargetDomainName":"IE8Win7","TargetSid":"S-1-5-21-3463664321-2923530833-3546627382-1000","SubjectUserSid":"S-1-5-18","SubjectUserName":"WIN-QALA5Q3KJ43$","SubjectDomainName":"WORKGROUP","SubjectLogonId":"0x3e7","PrivilegeList":"-","SamAccountName":"IEUser","DisplayName":"%%1793","UserPrincipalName":"-","HomeDirectory":"%%1793","HomePath":"%%1793","ScriptPath":"%%1793","ProfilePath":"%%1793","UserWorkstations":"%%1793","PasswordLastSet":"%%1794","AccountExpires":"%%1794","PrimaryGroupId":"513","AllowedToDelegateTo":"-","OldUacValue":"0x15","NewUacValue":"0x14","UserAccountControl":"\r\n\t\t%%2048","UserParameters":"%%1793","SidHistory":"-","LogonHours":"%%1797"}}}
{"Event_attributes":{"xmlns":"http://schemas.microsoft.com/win/2004/08/events/event"},"Event":{"System":{"Provider_attributes":{"Name":"Microsoft-Windows-Security-Auditing","Guid":"54849625-5478-4994-A5BA-3E3B0328C30D"},"EventID":4732,"Version":0,"Level":0,"Task":13826,"Opcode":0,"Keywords":"0x8020000000000000","TimeCreated_attributes":{"SystemTime":"2013-10-23T16:22:40.004750Z"},"EventRecordID":116,"Correlation":null,"Execution_attributes":{"ProcessID":508,"ThreadID":1032},"Channel":"Security","Computer":"IE8Win7","Security":null},"EventData":{"MemberName":"-","MemberSid":"S-1-5-21-3463664321-2923530833-3546627382-1000","TargetUserName":"Administrators","TargetDomainName":"Builtin","TargetSid":"S-1-5-32-544","SubjectUserSid":"S-1-5-18","SubjectUserName":"WIN-QALA5Q3KJ43$","SubjectDomainName":"WORKGROUP","SubjectLogonId":"0x3e7","PrivilegeList":"-"}}}
{"Event_attributes":{"xmlns":"http://schemas.microsoft.com/win/2004/08/events/event"},"Event":{"System":{"Provider_attributes":{"Name":"Microsoft-Windows-Security-Auditing","Guid":"54849625-5478-4994-A5BA-3E3B0328C30D"},"EventID":4733,"Version":0,"Level":0,"Task":13826,"Opcode":0,"Keywords":"0x8020000000000000","TimeCreated_attributes":{"SystemTime":"2013-10-23T16:22:40.036000Z"},"EventRecordID":117,"Correlation":null,"Execution_attributes":{"ProcessID":508,"ThreadID":1032},"Channel":"Security","Computer":"IE8Win7","Security":null},"EventData":{"MemberName":"-","MemberSid":"S-1-5-21-3463664321-2923530833-3546627382-1000","TargetUserName":"Users","TargetDomainName":"Builtin","TargetSid":"S-1-5-32-545","SubjectUserSid":"S-1-5-18","SubjectUserName":"WIN-QALA5Q3KJ43$","SubjectDomainName":"WORKGROUP","SubjectLogonId":"0x3e7","PrivilegeList":"-"}}}
{"Event_attributes":{"xmlns":"http://schemas.microsoft.com/win/2004/08/events/event"},"Event":{"System":{"Provider_attributes":{"Name":"Microsoft-Windows-Security-Auditing","Guid":"54849625-5478-4994-A5BA-3E3B0328C30D"},"EventID":4738,"Version":0,"Level":0,"Task":13824,"Opcode":0,"Keywords":"0x8020000000000000","TimeCreated_attributes":{"SystemTime":"2013-10-23T16:22:40.036000Z"},"EventRecordID":118,"Correlation":null,"Execution_attributes":{"ProcessID":508,"ThreadID":1032},"Channel":"Security","Computer":"IE8Win7","Security":null},"EventData":{"Dummy":"-","TargetUserName":"IEUser","TargetDomainName":"IE8Win7","TargetSid":"S-1-5-21-3463664321-2923530833-3546627382-1000","SubjectUserSid":"S-1-5-18","SubjectUserName":"WIN-QALA5Q3KJ43$","SubjectDomainName":"WORKGROUP","SubjectLogonId":"0x3e7","PrivilegeList":"-","SamAccountName":"IEUser","DisplayName":"%%1793","UserPrincipalName":"-","HomeDirectory":"%%1793","HomePath":"%%1793","ScriptPath":"%%1793","ProfilePath":"%%1793","UserWorkstations":"%%1793","PasswordLastSet":"10/23/2013 9:22:40 AM","AccountExpires":"%%1794","PrimaryGroupId":"513","AllowedToDelegateTo":"-","OldUacValue":"0x14","NewUacValue":"0x214","UserAccountControl":"\r\n\t\t%%2089","UserParameters":"-","SidHistory":"-","LogonHours":"%%1797"}}}
{"Event_attributes":{"xmlns":"http://schemas.microsoft.com/win/2004/08/events/event"},"Event":{"System":{"Provider_attributes":{"Name":"Microsoft-Windows-Security-Auditing","Guid":"54849625-5478-4994-A5BA-3E3B0328C30D"},"EventID":4724,"Version":0,"Level":0,"Task":13824,"Opcode":0,"Keywords":"0x8020000000000000","TimeCreated_attributes":{"SystemTime":"2013-10-23T16:22:40.036000Z"},"EventRecordID":119,"Correlation":null,"Execution_attributes":{"ProcessID":508,"ThreadID":1032},"Channel":"Security","Computer":"IE8Win7","Security":null},"EventData":{"TargetUserName":"IEUser","TargetDomainName":"IE8Win7","TargetSid":"S-1-5-21-3463664321-2923530833-3546627382-1000","SubjectUserSid":"S-1-5-18","SubjectUserName":"WIN-QALA5Q3KJ43$","SubjectDomainName":"WORKGROUP","SubjectLogonId":"0x3e7"}}}
{"Event_attributes":{"xmlns":"http://schemas.microsoft.com/win/2004/08/events/event"},"Event":{"System":{"Provider_attributes":{"Name":"Microsoft-Windows-Security-Auditing","Guid":"54849625-5478-4994-A5BA-3E3B0328C30D"},"EventID":4738,"Version":0,"Level":0,"Task":13824,"Opcode":0,"Keywords":"0x8020000000000000","TimeCreated_attributes":{"SystemTime":"2013-10-23T16:22:40.036000Z"},"EventRecordID":120,"Correlation":null,"Execution_attributes":{"ProcessID":508,"ThreadID":1032},"Channel":"Security","Computer":"IE8Win7","Security":null},"EventData":{"Dummy":"-","TargetUserName":"IEUser","TargetDomainName":"IE8Win7","TargetSid":"S-1-5-21-3463664321-2923530833-3546627382-1000","SubjectUserSid":"S-1-5-18","SubjectUserName":"WIN-QALA5Q3KJ43$","SubjectDomainName":"WORKGROUP","SubjectLogonId":"0x3e7","PrivilegeList":"-","SamAccountName":"-","DisplayName":"-","UserPrincipalName":"-","HomeDirectory":"-","HomePath":"-","ScriptPath":"-","ProfilePath":"-","UserWorkstations":"-","PasswordLastSet":"-","AccountExpires":"-","PrimaryGroupId":"-","AllowedToDelegateTo":"-","OldUacValue":"-","NewUacValue":"-","UserAccountControl":"-","UserParameters":"-","SidHistory":"-","LogonHours":"-"}}}
{"Event_attributes":{"xmlns":"http://schemas.microsoft.com/win/2004/08/events/event"},"Event":{"System":{"Provider_attributes":{"Name":"Microsoft-Windows-Security-Auditing","Guid":"54849625-5478-4994-A5BA-3E3B0328C30D"},"EventID":4624,"Version":0,"Level":0,"Task":12544,"Opcode":0,"Keywords":"0x8020000000000000","TimeCreated_attributes":{"SystemTime":"2013-10-23T16:22:42.161000Z"},"EventRecordID":121,"Correlation":null,"Execution_attributes":{"ProcessID":508,"ThreadID":820},"Channel":"Security","Computer":"IE8Win7","Security":null},"EventData":{"SubjectUserSid":"S-1-5-18","SubjectUserName":"WIN-QALA5Q3KJ43$","SubjectDomainName":"WORKGROUP","SubjectLogonId":"0x3e7","TargetUserSid":"S-1-5-18","TargetUserName":"SYSTEM","TargetDomainName":"NT AUTHORITY","TargetLogonId":"0x3e7","LogonType":5,"LogonProcessName":"Advapi  ","AuthenticationPackageName":"Negotiate","WorkstationName":"","LogonGuid":"00000000-0000-0000-0000-000000000000","TransmittedServices":"-","LmPackageName":"-","KeyLength":0,"ProcessId":"0x1ec","ProcessName":"C:\\Windows\\System32\\services.exe","IpAddress":"-","IpPort":"-"}}}
{"Event_attributes":{"xmlns":"http://schemas.microsoft.com/win/2004/08/events/event"},"Event":{"System":{"Provider_attributes":{"Name":"Microsoft-Windows-Security-Auditing","Guid":"54849625-5478-4994-A5BA-3E3B0328C30D"},"EventID":4672,"Version":0,"Level":0,"Task":12548,"Opcode":0,"Keywords":"0x8020000000000000","TimeCreated_attributes":{"SystemTime":"2013-10-23T16:22:42.161000Z"},"EventRecordID":122,"Correlation":null,"Execution_attributes":{"ProcessID":508,"ThreadID":820},"Channel":"Security","Computer":"IE8Win7","Security":null},"EventData":{"SubjectUserSid":"S-1-5-18","SubjectUserName":"SYSTEM","SubjectDomainName":"NT AUTHORITY","SubjectLogonId":"0x3e7","PrivilegeList":"SeAssignPrimaryTokenPrivilege\r\n\t\t\tSeTcbPrivilege\r\n\t\t\tSeSecurityPrivilege\r\n\t\t\tSeTakeOwnershipPrivilege\r\n\t\t\tSeLoadDriverPrivilege\r\n\t\t\tSeBackupPrivilege\r\n\t\t\tSeRestorePrivilege\r\n\t\t\tSeDebugPrivilege\r\n\t\t\tSeAuditPrivilege\r\n\t\t\tSeSystemEnvironmentPrivilege\r\n\t\t\tSeImpersonatePrivilege"}}}
{"Event_attributes":{"xmlns":"http://schemas.microsoft.com/win/2004/08/events/event"},"Event":{"System":{"Provider_attributes":{"Name":"Microsoft-Windows-Security-Auditing","Guid":"54849625-5478-4994-A5BA-3E3B0328C30D"},"EventID":4648,"Version":0,"Level":0,"Task":12544,"Opcode":0,"Keywords":"0x8020000000000000","TimeCreated_attributes":{"SystemTime":"2013-10-23T16:22:44.979359Z"},"EventRecordID":123,"Correlation":null,"Execution_attributes":{"ProcessID":508,"ThreadID":820},"Channel":"Security","Computer":"IE8Win7","Security":null},"EventData":{"SubjectUserSid":"S-1-5-18","SubjectUserName":"WIN-QALA5Q3KJ43$","SubjectDomainName":"WORKGROUP","SubjectLogonId":"0x3e7","LogonGuid":"00000000-0000-0000-0000-000000000000","TargetUserName":"IEUser","TargetDomainName":"IE8Win7","TargetLogonGuid":"00000000-0000-0000-0000-000000000000","TargetServerName":"localhost","TargetInfo":"localhost","ProcessId":"0x1b0","ProcessName":"C:\\Windows\\System32\\winlogon.exe","IpAddress":"127.0.0.1","IpPort":"0"}}}
{"Event_attributes":{"xmlns":"http://schemas.microsoft.com/win/2004/08/events/event"},"Event":{"System":{"Provider_attributes":{"Name":"Microsoft-Windows-Security-Auditing","Guid":"54849625-5478-4994-A5BA-3E3B0328C30D"},"EventID":4624,"Version":0,"Level":0,"Task":12544,"Opcode":0,"Keywords":"0x8020000000000000","TimeCreated_attributes":{"SystemTime":"2013-10-23T16:22:44.979359Z"},"EventRecordID":124,"Correlation":null,"Execution_attributes":{"ProcessID":508,"ThreadID":820},"Channel":"Security","Computer":"IE8Win7","Security":null},"EventData":{"SubjectUserSid":"S-1-5-18","SubjectUserName":"WIN-QALA5Q3KJ43$","SubjectDomainName":"WORKGROUP","SubjectLogonId":"0x3e7","TargetUserSid":"S-1-5-21-3463664321-2923530833-3546627382-1000","TargetUserName":"IEUser","TargetDomainName":"IE8Win7","TargetLogonId":"0x298c5","LogonType":2,"LogonProcessName":"User32 ","AuthenticationPackageName":"Negotiate","WorkstationName":"WIN-QALA5Q3KJ43","LogonGuid":"00000000-0000-0000-0000-000000000000","TransmittedServices":"-","LmPackageName":"-","KeyLength":0,"ProcessId":"0x1b0","ProcessName":"C:\\Windows\\System32\\winlogon.exe","IpAddress":"127.0.0.1","IpPort":"0"}}}
{"Event_attributes":{"xmlns":"http://schemas.microsoft.com/win/2004/08/events/event"},"Event":{"System":{"Provider_attributes":{"Name":"Microsoft-Windows-Security-Auditing","Guid":"54849625-5478-4994-A5BA-3E3B0328C30D"},"EventID":4624,"Version":0,"Level":0,"Task":12544,"Opcode":0,"Keywords":"0x8020000000000000","TimeCreated_attributes":{"SystemTime":"2013-10-23T16:22:44.979359Z"},"EventRecordID":125,"Correlation":null,"Execution_attributes":{"ProcessID":508,"ThreadID":820},"Channel":"Security","Computer":"IE8Win7","Security":null},"EventData":{"SubjectUserSid":"S-1-5-18","SubjectUserName":"WIN-QALA5Q3KJ43$","SubjectDomainName":"WORKGROUP","SubjectLogonId":"0x3e7","TargetUserSid":"S-1-5-21-3463664321-2923530833-3546627382-1000","TargetUserName":"IEUser","TargetDomainName":"IE8Win7","TargetLogonId":"0x29908","LogonType":2,"LogonProcessName":"User32 ","AuthenticationPackageName":"Negotiate","WorkstationName":"WIN-QALA5Q3KJ43","LogonGuid":"00000000-0000-0000-0000-000000000000","TransmittedServices":"-","LmPackageName":"-","KeyLength":0,"ProcessId":"0x1b0","ProcessName":"C:\\Windows\\System32\\winlogon.exe","IpAddress":"127.0.0.1","IpPort":"0"}}}
{"Event_attributes":{"xmlns":"http://schemas.microsoft.com/win/2004/08/events/event"},"Event":{"System":{"Provider_attributes":{"Name":"Microsoft-Windows-Security-Auditing","Guid":"54849625-5478-4994-A5BA-3E3B0328C30D"},"EventID":4672,"Version":0,"Level":0,"Task":12548,"Opcode":0,"Keywords":"0x8020000000000000","TimeCreated_attributes":{"SystemTime":"2013-10-23T16:22:44.979359Z"},"EventRecordID":126,"Correlation":null,"Execution_attributes":{"ProcessID":508,"ThreadID":820},"Channel":"Security","Computer":"IE8Win7","Security":null},"EventData":{"SubjectUserSid":"S-1-5-21-3463664321-2923530833-3546627382-1000","SubjectUserName":"IEUser","SubjectDomainName":"IE8Win7","SubjectLogonId":"0x298c5","PrivilegeList":"SeSecurityPrivilege\r\n\t\t\tSeTakeOwnershipPrivilege\r\n\t\t\tSeLoadDriverPrivilege\r\n\t\t\tSeBackupPrivilege\r\n\t\t\tSeRestorePrivilege\r\n\t\t\tSeDebugPrivilege\r\n\t\t\tSeSystemEnvironmentPrivilege\r\n\t\t\tSeImpersonatePrivilege"}}}
{"Event_attributes":{"xmlns":"http://schemas.microsoft.com/win/2004/08/events/event"},"Event":{"System":{"Provider_attributes":{"Name":"Microsoft-Windows-Security-Auditing","Guid":"54849625-5478-4994-A5BA-3E3B0328C30D"},"EventID":4624,"Version":0,"Level":0,"Task":12544,"Opcode":0,"Keywords":"0x8020000000000000","TimeCreated_attributes":{"SystemTime":"2013-10-23T16:23:38.573109Z"},"EventRecordID":127,"Correlation":null,"Execution_attributes":{"ProcessID":508,"ThreadID":1032},"Channel":"Security","Computer":"IE8Win7","Security":null},"EventData":{"SubjectUserSid":"S-1-5-18","SubjectUserName":"WIN-QALA5Q3KJ43$","SubjectDomainName":"WORKGROUP","SubjectLogonId":"0x3e7","TargetUserSid":"S-1-5-18","TargetUserName":"SYSTEM","TargetDomainName":"NT AUTHORITY","TargetLogonId":"0x3e7","LogonType":5,"LogonProcessName":"Advapi  ","AuthenticationPackageName":"Negotiate","WorkstationName":"","LogonGuid":"00000000-0000-0000-0000-000000000000","TransmittedServices":"-","LmPackageName":"-","KeyLength":0,"ProcessId":"0x1ec","ProcessName":"C:\\Windows\\System32\\services.exe","IpAddress":"-","IpPort":"-"}}}
{"Event_attributes":{"xmlns":"http://schemas.microsoft.com/win/2004/08/events/event"},"Event":{"System":{"Provider_attributes":{"Name":"Microsoft-Windows-Security-Auditing","Guid":"54849625-5478-4994-A5BA-3E3B0328C30D"},"EventID":4672,"Version":0,"Level":0,"Task":12548,"Opcode":0,"Keywords":"0x8020000000000000","TimeCreated_attributes":{"SystemTime":"2013-10-23T16:23:38.573109Z"},"EventRecordID":128,"Correlation":null,"Execution_attributes":{"ProcessID":508,"ThreadID":1032},"Channel":"Security","Computer":"IE8Win7","Security":null},"EventData":{"SubjectUserSid":"S-1-5-18","SubjectUserName":"SYSTEM","SubjectDomainName":"NT AUTHORITY","SubjectLogonId":"0x3e7","PrivilegeList":"SeAssignPrimaryTokenPrivilege\r\n\t\t\tSeTcbPrivilege\r\n\t\t\tSeSecurityPrivilege\r\n\t\t\tSeTakeOwnershipPrivilege\r\n\t\t\tSeLoadDriverPrivilege\r\n\t\t\tSeBackupPrivilege\r\n\t\t\tSeRestorePrivilege\r\n\t\t\tSeDebugPrivilege\r\n\t\t\tSeAuditPrivilege\r\n\t\t\tSeSystemEnvironmentPrivilege\r\n\t\t\tSeImpersonatePrivilege"}}}
{"Event_attributes":{"xmlns":"http://schemas.microsoft.com/win/2004/08/events/event"},"Event":{"System":{"Provider_attributes":{"Name":"Microsoft-Windows-Security-Auditing","Guid":"54849625-5478-4994-A5BA-3E3B0328C30D"},"EventID":4616,"Version":1,"Level":0,"Task":12288,"Opcode":0,"Keywords":"0x8020000000000000","TimeCreated_attributes":{"SystemTime":"2013-10-23T16:24:00.161250Z"},"EventRecordID":129,"Correlation":null,"Execution_attributes":{"ProcessID":4,"ThreadID":64},"Channel":"Security","Computer":"IE8Win7","Security":null},"EventData":{"SubjectUserSid":"S-1-5-19","SubjectUserName":"LOCAL SERVICE","SubjectDomainName":"NT AUTHORITY","SubjectLogonId":"0x3e5","PreviousTime":"2013-10-23T16:23:58.979359Z","NewTime":"2013-10-23T16:24:00.130000Z","ProcessId":"0x66c","ProcessName":"C:\\Windows\\System32\\vmicsvc.exe"}}}
{"Event_attributes":{"xmlns":"http://schemas.microsoft.com/win/2004/08/events/event"},"Event":{"System":{"Provider_attributes":{"Name":"Microsoft-Windows-Security-Auditing","Guid":"54849625-5478-4994-A5BA-3E3B0328C30D"},"EventID":4624,"Version":0,"Level":0,"Task":12544,"Opcode":0,"Keywords":"0x8020000000000000","TimeCreated_attributes":{"SystemTime":"2013-10-23T16:25:32.489375Z"},"EventRecordID":130,"Correlation":null,"Execution_attributes":{"ProcessID":508,"ThreadID":1032},"Channel":"Security","Computer":"IE8Win7","Security":null},"EventData":{"SubjectUserSid":"S-1-5-18","SubjectUserName":"WIN-QALA5Q3KJ43$","SubjectDomainName":"WORKGROUP","SubjectLogonId":"0x3e7","TargetUserSid":"S-1-5-18","TargetUserName":"SYSTEM","TargetDomainName":"NT AUTHORITY","TargetLogonId":"0x3e7","LogonType":5,"LogonProcessName":"Advapi  ","AuthenticationPackageName":"Negotiate","WorkstationName":"","LogonGuid":"00000000-0000-0000-0000-000000000000","TransmittedServices":"-","LmPackageName":"-","KeyLength":0,"ProcessId":"0x1ec","ProcessName":"C:\\Windows\\System32\\services.exe","IpAddress":"-","IpPort":"-"}}}
{"Event_attributes":{"xmlns":"http://schemas.microsoft.com/win/2004/08/events/event"},"Event":{"System":{"Provider_attributes":{"Name":"Microsoft-Windows-Security-Auditing","Guid":"54849625-5478-4994-A5BA-3E3B0328C30D"},"EventID":4672,"Version":0,"Level":0,"Task":12548,"Opcode":0,"Keywords":"0x8020000000000000","TimeCreated_attributes":{"SystemTime":"2013-10-23T16:25:32.489375Z"},"EventRecordID":131,"Correlation":null,"Execution_attributes":{"ProcessID":508,"ThreadID":1032},"Channel":"Security","Computer":"IE8Win7","Security":null},"EventData":{"SubjectUserSid":"S-1-5-18","SubjectUserName":"SYSTEM","SubjectDomainName":"NT AUTHORITY","SubjectLogonId":"0x3e7","PrivilegeList":"SeAssignPrimaryTokenPrivilege\r\n\t\t\tSeTcbPrivilege\r\n\t\t\tSeSecurityPrivilege\r\n\t\t\tSeTakeOwnershipPrivilege\r\n\t\t\tSeLoadDriverPrivilege\r\n\t\t\tSeBackupPrivilege\r\n\t\t\tSeRestorePrivilege\r\n\t\t\tSeDebugPrivilege\r\n\t\t\tSeAuditPrivilege\r\n\t\t\tSeSystemEnvironmentPrivilege\r\n\t\t\tSeImpersonatePrivilege"}}}
{"Event_attributes":{"xmlns":"http://schemas.microsoft.com/win/2004/08/events/event"},"Event":{"System":{"Provider_attributes":{"Name":"Microsoft-Windows-Security-Auditing","Guid":"54849625-5478-4994-A5BA-3E3B0328C30D"},"EventID":4624,"Version":0,"Level":0,"Task":12544,"Opcode":0,"Keywords":"0x8020000000000000","TimeCreated_attributes":{"SystemTime":"2013-10-23T16:25:32.708125Z"},"EventRecordID":132,"Correlation":null,"Execution_attributes":{"ProcessID":508,"ThreadID":1032},"Channel":"Security","Computer":"IE8Win7","Security":null},"EventData":{"SubjectUserSid":"S-1-5-18","SubjectUserName":"WIN-QALA5Q3KJ43$","SubjectDomainName":"WORKGROUP","SubjectLogonId":"0x3e7","TargetUserSid":"S-1-5-18","TargetUserName":"SYSTEM","TargetDomainName":"NT AUTHORITY","TargetLogonId":"0x3e7","LogonType":5,"LogonProcessName":"Advapi  ","AuthenticationPackageName":"Negotiate","WorkstationName":"","LogonGuid":"00000000-0000-0000-0000-000000000000","TransmittedServices":"-","LmPackageName":"-","KeyLength":0,"ProcessId":"0x1ec","ProcessName":"C:\\Windows\\System32\\services.exe","IpAddress":"-","IpPort":"-"}}}
{"Event_attributes":{"xmlns":"http://schemas.microsoft.com/win/2004/08/events/event"},"Event":{"System":{"Provider_attributes":{"Name":"Microsoft-Windows-Security-Auditing","Guid":"54849625-5478-4994-A5BA-3E3B0328C30D"},"EventID":4672,"Version":0,"Level":0,"Task":12548,"Opcode":0,"Keywords":"0x8020000000000000","TimeCreated_attributes":{"SystemTime":"2013-10-23T16:25:32.708125Z"},"EventRecordID":133,"Correlation":null,"Execution_attributes":{"ProcessID":508,"ThreadID":1032},"Channel":"Security","Computer":"IE8Win7","Security":null},"EventData":{"SubjectUserSid":"S-1-5-18","SubjectUserName":"SYSTEM","SubjectDomainName":"NT AUTHORITY","SubjectLogonId":"0x3e7","PrivilegeList":"SeAssignPrimaryTokenPrivilege\r\n\t\t\tSeTcbPrivilege\r\n\t\t\tSeSecurityPrivilege\r\n\t\t\tSeTakeOwnershipPrivilege\r\n\t\t\tSeLoadDriverPrivilege\r\n\t\t\tSeBackupPrivilege\r\n\t\t\tSeRestorePrivilege\r\n\t\t\tSeDebugPrivilege\r\n\t\t\tSeAuditPrivilege\r\n\t\t\tSeSystemEnvironmentPrivilege\r\n\t\t\tSeImpersonatePrivilege"}}}
{"Event_attributes":{"xmlns":"http://schemas.microsoft.com/win/2004/08/events/event"},"Event":{"System":{"Provider_attributes":{"Name":"Microsoft-Windows-Security-Auditing","Guid":"54849625-5478-4994-A5BA-3E3B0328C30D"},"EventID":4904,"Version":0,"Level":0,"Task":13568,"Opcode":0,"Keywords":"0x8020000000000000","TimeCreated_attributes":{"SystemTime":"2013-10-23T16:26:16.473750Z"},"EventRecordID":134,"Correlation":null,"Execution_attributes":{"ProcessID":508,"ThreadID":1032},"Channel":"Security","Computer":"IE8Win7","Security":null},"EventData":{"SubjectUserSid":"S-1-5-18","SubjectUserName":"WIN-QALA5Q3KJ43$","SubjectDomainName":"WORKGROUP","SubjectLogonId":"0x3e7","AuditSourceName":"VSSAudit","EventSourceId":"0xe5eb0","ProcessId":"0x9fc","ProcessName":"C:\\Windows\\System32\\VSSVC.exe"}}}
{"Event_attributes":{"xmlns":"http://schemas.microsoft.com/win/2004/08/events/event"},"Event":{"System":{"Provider_attributes":{"Name":"Microsoft-Windows-Security-Auditing","Guid":"54849625-5478-4994-A5BA-3E3B0328C30D"},"EventID":4905,"Version":0,"Level":0,"Task":13568,"Opcode":0,"Keywords":"0x8020000000000000","TimeCreated_attributes":{"SystemTime":"2013-10-23T16:26:16.473750Z"},"EventRecordID":135,"Correlation":null,"Execution_attributes":{"ProcessID":508,"ThreadID":1032},"Channel":"Security","Computer":"IE8Win7","Security":null},"EventData":{"SubjectUserSid":"S-1-5-18","SubjectUserName":"WIN-QALA5Q3KJ43$","SubjectDomainName":"WORKGROUP","SubjectLogonId":"0x3e7","AuditSourceName":"VSSAudit","EventSourceId":"0xe5eb0","ProcessId":"0x9fc","ProcessName":"C:\\Windows\\System32\\VSSVC.exe"}}}
{"Event_attributes":{"xmlns":"http://schemas.microsoft.com/win/2004/08/events/event"},"Event":{"System":{"Provider_attributes":{"Name":"Microsoft-Windows-Security-Auditing","Guid":"54849625-5478-4994-A5BA-3E3B0328C30D"},"EventID":4907,"Version":0,"Level":0,"Task":13568,"Opcode":0,"Keywords":"0x8020000000000000","TimeCreated_attributes":{"SystemTime":"2013-10-23T16:26:44.505000Z"},"EventRecordID":136,"Correlation":null,"Execution_attributes":{"ProcessID":508,"ThreadID":524},"Channel":"Security","Computer":"IE8Win7","Security":null},"EventData":{"SubjectUserSid":"S-1-5-18","SubjectUserName":"WIN-QALA5Q3KJ43$","SubjectDomainName":"WORKGROUP","SubjectLogonId":"0x3e7","ObjectServer":"Security","ObjectType":"File","ObjectName":"C:\\Windows\\System32\\wuaueng.dll","HandleId":"0x4d8","OldSd":"","NewSd":"S:ARAI(AU;SAFA;DCLCRPCRSDWDWO;;;WD)","ProcessId":"0x520","ProcessName":"C:\\Windows\\servicing\\TrustedInstaller.exe"}}}
{"Event_attributes":{"xmlns":"http://schemas.microsoft.com/win/2004/08/events/event"},"Event":{"System":{"Provider_attributes":{"Name":"Microsoft-Windows-Security-Auditing","Guid":"54849625-5478-4994-A5BA-3E3B0328C30D"},"EventID":4907,"Version":0,"Level":0,"Task":13568,"Opcode":0,"Keywords":"0x8020000000000000","TimeCreated_attributes":{"SystemTime":"2013-10-23T16:26:44.520625Z"},"EventRecordID":137,"Correlation":null,"Execution_attributes":{"ProcessID":508,"ThreadID":524},"Channel":"Security","Computer":"IE8Win7","Security":null},"EventData":{"SubjectUserSid":"S-1-5-18","SubjectUserName":"WIN-QALA5Q3KJ43$","SubjectDomainName":"WORKGROUP","SubjectLogonId":"0x3e7","ObjectServer":"Security","ObjectType":"File","ObjectName":"C:\\Windows\\System32\\wups2.dll","HandleId":"0x4b4","OldSd":"","NewSd":"S:ARAI(AU;SAFA;DCLCRPCRSDWDWO;;;WD)","ProcessId":"0x520","ProcessName":"C:\\Windows\\servicing\\TrustedInstaller.exe"}}}
{"Event_attributes":{"xmlns":"http://schemas.microsoft.com/win/2004/08/events/event"},"Event":{"System":{"Provider_attributes":{"Name":"Microsoft-Windows-Security-Auditing","Guid":"54849625-5478-4994-A5BA-3E3B0328C30D"},"EventID":4907,"Version":0,"Level":0,"Task":13568,"Opcode":0,"Keywords":"0x8020000000000000","TimeCreated_attributes":{"SystemTime":"2013-10-23T16:26:44.536250Z"},"EventRecordID":138,"Correlation":null,"Execution_attributes":{"ProcessID":508,"ThreadID":524},"Channel":"Security","Computer":"IE8Win7","Security":null},"EventData":{"SubjectUserSid":"S-1-5-18","SubjectUserName":"WIN-QALA5Q3KJ43$","SubjectDomainName":"WORKGROUP","SubjectLogonId":"0x3e7","ObjectServer":"Security","ObjectType":"File","ObjectName":"C:\\Windows\\System32\\wuauclt.exe","HandleId":"0x528","OldSd":"","NewSd":"S:ARAI(AU;SAFA;DCLCRPCRSDWDWO;;;WD)","ProcessId":"0x520","ProcessName":"C:\\Windows\\servicing\\TrustedInstaller.exe"}}}
{"Event_attributes":{"xmlns":"http://schemas.microsoft.com/win/2004/08/events/event"},"Event":{"System":{"Provider_attributes":{"Name":"Microsoft-Windows-Security-Auditing","Guid":"54849625-5478-4994-A5BA-3E3B0328C30D"},"EventID":4907,"Version":0,"Level":0,"Task":13568,"Opcode":0,"Keywords":"0x8020000000000000","TimeCreated_attributes":{"SystemTime":"2013-10-23T16:26:44.551875Z"},"EventRecordID":139,"Correlation":null,"Execution_attributes":{"ProcessID":508,"ThreadID":524},"Channel":"Security","Computer":"IE8Win7","Security":null},"EventData":{"SubjectUserSid":"S-1-5-18","SubjectUserName":"WIN-QALA5Q3KJ43$","SubjectDomainName":"WORKGROUP","SubjectLogonId":"0x3e7","ObjectServer":"Security","ObjectType":"File","ObjectName":"C:\\Windows\\System32\\wucltux.dll","HandleId":"0x518","OldSd":"","NewSd":"S:ARAI(AU;SAFA;DCLCRPCRSDWDWO;;;WD)","ProcessId":"0x520","ProcessName":"C:\\Windows\\servicing\\TrustedInstaller.exe"}}}
{"Event_attributes":{"xmlns":"http://schemas.microsoft.com/win/2004/08/events/event"},"Event":{"System":{"Provider_attributes":{"Name":"Microsoft-Windows-Security-Auditing","Guid":"54849625-5478-4994-A5BA-3E3B0328C30D"},"EventID":4907,"Version":0,"Level":0,"Task":13568,"Opcode":0,"Keywords":"0x8020000000000000","TimeCreated_attributes":{"SystemTime":"2013-10-23T16:26:44.567500Z"},"EventRecordID":140,"Correlation":null,"Execution_attributes":{"ProcessID":508,"ThreadID":524},"Channel":"Security","Computer":"IE8Win7","Security":null},"EventData":{"SubjectUserSid":"S-1-5-18","SubjectUserName":"WIN-QALA5Q3KJ43$","SubjectDomainName":"WORKGROUP","SubjectLogonId":"0x3e7","ObjectServer":"Security","ObjectType":"File","ObjectName":"C:\\Windows\\System32\\en-US\\wuaueng.dll.mui","HandleId":"0x4d8","OldSd":"","NewSd":"S:ARAI(AU;SAFA;DCLCRPCRSDWDWO;;;WD)","ProcessId":"0x520","ProcessName":"C:\\Windows\\servicing\\TrustedInstaller.exe"}}}
{"Event_attributes":{"xmlns":"http://schemas.microsoft.com/win/2004/08/events/event"},"Event":{"System":{"Provider_attributes":{"Name":"Microsoft-Windows-Security-Auditing","Guid":"54849625-5478-4994-A5BA-3E3B0328C30D"},"EventID":4907,"Version":0,"Level":0,"Task":13568,"Opcode":0,"Keywords":"0x8020000000000000","TimeCreated_attributes":{"SystemTime":"2013-10-23T16:26:44.583125Z"},"EventRecordID":141,"Correlation":null,"Execution_attributes":{"ProcessID":508,"ThreadID":524},"Channel":"Security","Computer":"IE8Win7","Security":null},"EventData":{"SubjectUserSid":"S-1-5-18","SubjectUserName":"WIN-QALA5Q3KJ43$","SubjectDomainName":"WORKGROUP","SubjectLogonId":"0x3e7","ObjectServer":"Security","ObjectType":"File","ObjectName":"C:\\Windows\\System32\\en-US\\wucltux.dll.mui","HandleId":"0x4b4","OldSd":"","NewSd":"S:ARAI(AU;SAFA;DCLCRPCRSDWDWO;;;WD)","ProcessId":"0x520","ProcessName":"C:\\Windows\\servicing\\TrustedInstaller.exe"}}}
{"Event_attributes":{"xmlns":"http://schemas.microsoft.com/win/2004/08/events/event"},"Event":{"System":{"Provider_attributes":{"Name":"Microsoft-Windows-Security-Auditing","Guid":"54849625-5478-4994-A5BA-3E3B0328C30D"},"EventID":4907,"Version":0,"Level":0,"Task":13568,"Opcode":0,"Keywords":"0x8020000000000000","TimeCreated_attributes":{"SystemTime":"2013-10-23T16:26:45.661250Z"},"EventRecordID":142,"Correlation":null,"Execution_attributes":{"ProcessID":508,"ThreadID":524},"Channel":"Security","Computer":"IE8Win7","Security":null},"EventData":{"SubjectUserSid":"S-1-5-18","SubjectUserName":"WIN-QALA5Q3KJ43$","SubjectDomainName":"WORKGROUP","SubjectLogonId":"0x3e7","ObjectServer":"Security","ObjectType":"File","ObjectName":"C:\\Windows\\System32\\wuapp.exe","HandleId":"0x208","OldSd":"","NewSd":"S:ARAI(AU;SAFA;DCLCRPCRSDWDWO;;;WD)","ProcessId":"0x520","ProcessName":"C:\\Windows\\servicing\\TrustedInstaller.exe"}}}
{"Event_attributes":{"xmlns":"http://schemas.microsoft.com/win/2004/08/events/event"},"Event":{"System":{"Provider_attributes":{"Name":"Microsoft-Windows-Security-Auditing","Guid":"54849625-5478-4994-A5BA-3E3B0328C30D"},"EventID":4907,"Version":0,"Level":0,"Task":13568,"Opcode":0,"Keywords":"0x8020000000000000","TimeCreated_attributes":{"SystemTime":"2013-10-23T16:26:45.676875Z"},"EventRecordID":143,"Correlation":null,"Execution_attributes":{"ProcessID":508,"ThreadID":524},"Channel":"Security","Computer":"IE8Win7","Security":null},"EventData":{"SubjectUserSid":"S-1-5-18","SubjectUserName":"WIN-QALA5Q3KJ43$","SubjectDomainName":"WORKGROUP","SubjectLogonId":"0x3e7","ObjectServer":"Security","ObjectType":"File","ObjectName":"C:\\Windows\\System32\\wuwebv.dll","HandleId":"0x64c","OldSd":"","NewSd":"S:ARAI(AU;SAFA;DCLCRPCRSDWDWO;;;WD)","ProcessId":"0x520","ProcessName":"C:\\Windows\\servicing\\TrustedInstaller.exe"}}}
{"Event_attributes":{"xmlns":"http://schemas.microsoft.com/win/2004/08/events/event"},"Event":{"System":{"Provider_attributes":{"Name":"Microsoft-Windows-Security-Auditing","Guid":"54849625-5478-4994-A5BA-3E3B0328C30D"},"EventID":4907,"Version":0,"Level":0,"Task":13568,"Opcode":0,"Keywords":"0x8020000000000000","TimeCreated_attributes":{"SystemTime":"2013-10-23T16:26:48.161250Z"},"EventRecordID":144,"Correlation":null,"Execution_attributes":{"ProcessID":508,"ThreadID":524},"Channel":"Security","Computer":"IE8Win7","Security":null},"EventData":{"SubjectUserSid":"S-1-5-18","SubjectUserName":"WIN-QALA5Q3KJ43$","SubjectDomainName":"WORKGROUP","SubjectLogonId":"0x3e7","ObjectServer":"Security","ObjectType":"File","ObjectName":"C:\\Windows\\System32\\wups.dll","HandleId":"0x4b4","OldSd":"","NewSd":"S:ARAI(AU;SAFA;DCLCRPCRSDWDWO;;;WD)","ProcessId":"0x520","ProcessName":"C:\\Windows\\servicing\\TrustedInstaller.exe"}}}
{"Event_attributes":{"xmlns":"http://schemas.microsoft.com/win/2004/08/events/event"},"Event":{"System":{"Provider_attributes":{"Name":"Microsoft-Windows-Security-Auditing","Guid":"54849625-5478-4994-A5BA-3E3B0328C30D"},"EventID":4907,"Version":0,"Level":0,"Task":13568,"Opcode":0,"Keywords":"0x8020000000000000","TimeCreated_attributes":{"SystemTime":"2013-10-23T16:26:48.176875Z"},"EventRecordID":145,"Correlation":null,"Execution_attributes":{"ProcessID":508,"ThreadID":524},"Channel":"Security","Computer":"IE8Win7","Security":null},"EventData":{"SubjectUserSid":"S-1-5-18","SubjectUserName":"WIN-QALA5Q3KJ43$","SubjectDomainName":"WORKGROUP","SubjectLogonId":"0x3e7","ObjectServer":"Security","ObjectType":"File","ObjectName":"C:\\Windows\\System32\\wudriver.dll","HandleId":"0x480","OldSd":"","NewSd":"S:ARAI(AU;SAFA;DCLCRPCRSDWDWO;;;WD)","ProcessId":"0x520","ProcessName":"C:\\Windows\\servicing\\TrustedInstaller.exe"}}}
{"Event_attributes":{"xmlns":"http://schemas.microsoft.com/win/2004/08/events/event"},"Event":{"System":{"Provider_attributes":{"Name":"Microsoft-Windows-Security-Auditing","Guid":"54849625-5478-4994-A5BA-3E3B0328C30D"},"EventID":4616,"Version":1,"Level":0,"Task":12288,"Opcode":0,"Keywords":"0x8020000000000000","TimeCreated_attributes":{"SystemTime":"2013-10-23T16:27:48.911000Z"},"EventRecordID":146,"Correlation":null,"Execution_attributes":{"ProcessID":4,"ThreadID":56},"Channel":"Security","Computer":"IE8Win7","Security":null},"EventData":{"SubjectUserSid":"S-1-5-19","SubjectUserName":"LOCAL SERVICE","SubjectDomainName":"NT AUTHORITY","SubjectLogonId":"0x3e5","PreviousTime":"2013-10-23T16:27:48.911250Z","NewTime":"2013-10-23T16:27:48.911000Z","ProcessId":"0x464","ProcessName":"C:\\Windows\\System32\\svchost.exe"}}}
{"Event_attributes":{"xmlns":"http://schemas.microsoft.com/win/2004/08/events/event"},"Event":{"System":{"Provider_attributes":{"Name":"Microsoft-Windows-Security-Auditing","Guid":"54849625-5478-4994-A5BA-3E3B0328C30D"},"EventID":4624,"Version":0,"Level":0,"Task":12544,"Opcode":0,"Keywords":"0x8020000000000000","TimeCreated_attributes":{"SystemTime":"2013-10-23T16:30:46.348500Z"},"EventRecordID":147,"Correlation":null,"Execution_attributes":{"ProcessID":508,"ThreadID":1032},"Channel":"Security","Computer":"IE8Win7","Security":null},"EventData":{"SubjectUserSid":"S-1-5-18","SubjectUserName":"WIN-QALA5Q3KJ43$","SubjectDomainName":"WORKGROUP","SubjectLogonId":"0x3e7","TargetUserSid":"S-1-5-18","TargetUserName":"SYSTEM","TargetDomainName":"NT AUTHORITY","TargetLogonId":"0x3e7","LogonType":5,"LogonProcessName":"Advapi  ","AuthenticationPackageName":"Negotiate","WorkstationName":"","LogonGuid":"00000000-0000-0000-0000-000000000000","TransmittedServices":"-","LmPackageName":"-","KeyLength":0,"ProcessId":"0x1ec","ProcessName":"C:\\Windows\\System32\\services.exe","IpAddress":"-","IpPort":"-"}}}
{"Event_attributes":{"xmlns":"http://schemas.microsoft.com/win/2004/08/events/event"},"Event":{"System":{"Provider_attributes":{"Name":"Microsoft-Windows-Security-Auditing","Guid":"54849625-5478-4994-A5BA-3E3B0328C30D"},"EventID":4672,"Version":0,"Level":0,"Task":12548,"Opcode":0,"Keywords":"0x8020000000000000","TimeCreated_attributes":{"SystemTime":"2013-10-23T16:30:46.348500Z"},"EventRecordID":148,"Correlation":null,"Execution_attributes":{"ProcessID":508,"ThreadID":1032},"Channel":"Security","Computer":"IE8Win7","Security":null},"EventData":{"SubjectUserSid":"S-1-5-18","SubjectUserName":"SYSTEM","SubjectDomainName":"NT AUTHORITY","SubjectLogonId":"0x3e7","PrivilegeList":"SeAssignPrimaryTokenPrivilege\r\n\t\t\tSeTcbPrivilege\r\n\t\t\tSeSecurityPrivilege\r\n\t\t\tSeTakeOwnershipPrivilege\r\n\t\t\tSeLoadDriverPrivilege\r\n\t\t\tSeBackupPrivilege\r\n\t\t\tSeRestorePrivilege\r\n\t\t\tSeDebugPrivilege\r\n\t\t\tSeAuditPrivilege\r\n\t\t\tSeSystemEnvironmentPrivilege\r\n\t\t\tSeImpersonatePrivilege"}}}
{"Event_attributes":{"xmlns":"http://schemas.microsoft.com/win/2004/08/events/event"},"Event":{"System":{"Provider_attributes":{"Name":"Microsoft-Windows-Security-Auditing","Guid":"54849625-5478-4994-A5BA-3E3B0328C30D"},"EventID":4904,"Version":0,"Level":0,"Task":13568,"Opcode":0,"Keywords":"0x8020000000000000","TimeCreated_attributes":{"SystemTime":"2013-10-23T16:31:57.473500Z"},"EventRecordID":149,"Correlation":null,"Execution_attributes":{"ProcessID":508,"ThreadID":4036},"Channel":"Security","Computer":"IE8Win7","Security":null},"EventData":{"SubjectUserSid":"S-1-5-18","SubjectUserName":"WIN-QALA5Q3KJ43$","SubjectDomainName":"WORKGROUP","SubjectLogonId":"0x3e7","AuditSourceName":"VSSAudit","EventSourceId":"0x2262c3","ProcessId":"0xc70","ProcessName":"C:\\Windows\\System32\\VSSVC.exe"}}}
{"Event_attributes":{"xmlns":"http://schemas.microsoft.com/win/2004/08/events/event"},"Event":{"System":{"Provider_attributes":{"Name":"Microsoft-Windows-Security-Auditing","Guid":"54849625-5478-4994-A5BA-3E3B0328C30D"},"EventID":4905,"Version":0,"Level":0,"Task":13568,"Opcode":0,"Keywords":"0x8020000000000000","TimeCreated_attributes":{"SystemTime":"2013-10-23T16:31:57.473500Z"},"EventRecordID":150,"Correlation":null,"Execution_attributes":{"ProcessID":508,"ThreadID":4036},"Channel":"Security","Computer":"IE8Win7","Security":null},"EventData":{"SubjectUserSid":"S-1-5-18","SubjectUserName":"WIN-QALA5Q3KJ43$","SubjectDomainName":"WORKGROUP","SubjectLogonId":"0x3e7","AuditSourceName":"VSSAudit","EventSourceId":"0x2262c3","ProcessId":"0xc70","ProcessName":"C:\\Windows\\System32\\VSSVC.exe"}}}
{"Event_attributes":{"xmlns":"http://schemas.microsoft.com/win/2004/08/events/event"},"Event":{"System":{"Provider_attributes":{"Name":"Microsoft-Windows-Security-Auditing","Guid":"54849625-5478-4994-A5BA-3E3B0328C30D"},"EventID":4624,"Version":0,"Level":0,"Task":12544,"Opcode":0,"Keywords":"0x8020000000000000","TimeCreated_attributes":{"SystemTime":"2013-10-23T16:48:17.661000Z"},"EventRecordID":151,"Correlation":null,"Execution_attributes":{"ProcessID":508,"ThreadID":4036},"Channel":"Security","Computer":"IE8Win7","Security":null},"EventData":{"SubjectUserSid":"S-1-5-18","SubjectUserName":"WIN-QALA5Q3KJ43$","SubjectDomainName":"WORKGROUP","SubjectLogonId":"0x3e7","TargetUserSid":"S-1-5-18","TargetUserName":"SYSTEM","TargetDomainName":"NT AUTHORITY","TargetLogonId":"0x3e7","LogonType":5,"LogonProcessName":"Advapi  ","AuthenticationPackageName":"Negotiate","WorkstationName":"","LogonGuid":"00000000-0000-0000-0000-000000000000","TransmittedServices":"-","LmPackageName":"-","KeyLength":0,"ProcessId":"0x1ec","ProcessName":"C:\\Windows\\System32\\services.exe","IpAddress":"-","IpPort":"-"}}}
{"Event_attributes":{"xmlns":"http://schemas.microsoft.com/win/2004/08/events/event"},"Event":{"System":{"Provider_attributes":{"Name":"Microsoft-Windows-Security-Auditing","Guid":"54849625-5478-4994-A5BA-3E3B0328C30D"},"EventID":4672,"Version":0,"Level":0,"Task":12548,"Opcode":0,"Keywords":"0x8020000000000000","TimeCreated_attributes":{"SystemTime":"2013-10-23T16:48:17.692250Z"},"EventRecordID":152,"Correlation":null,"Execution_attributes":{"ProcessID":508,"ThreadID":4036},"Channel":"Security","Computer":"IE8Win7","Security":null},"EventData":{"SubjectUserSid":"S-1-5-18","SubjectUserName":"SYSTEM","SubjectDomainName":"NT AUTHORITY","SubjectLogonId":"0x3e7","PrivilegeList":"SeAssignPrimaryTokenPrivilege\r\n\t\t\tSeTcbPrivilege\r\n\t\t\tSeSecurityPrivilege\r\n\t\t\tSeTakeOwnershipPrivilege\r\n\t\t\tSeLoadDriverPrivilege\r\n\t\t\tSeBackupPrivilege\r\n\t\t\tSeRestorePrivilege\r\n\t\t\tSeDebugPrivilege\r\n\t\t\tSeAuditPrivilege\r\n\t\t\tSeSystemEnvironmentPrivilege\r\n\t\t\tSeImpersonatePrivilege"}}}
{"Event_attributes":{"xmlns":"http://schemas.microsoft.com/win/2004/08/events/event"},"Event":{"System":{"Provider_attributes":{"Name":"Microsoft-Windows-Security-Auditing","Guid":"54849625-5478-4994-A5BA-3E3B0328C30D"},"EventID":4624,"Version":0,"Level":0,"Task":12544,"Opcode":0,"Keywords":"0x8020000000000000","TimeCreated_attributes":{"SystemTime":"2013-10-23T16:48:20.286000Z"},"EventRecordID":153,"Correlation":null,"Execution_attributes":{"ProcessID":508,"ThreadID":320},"Channel":"Security","Computer":"IE8Win7","Security":null},"EventData":{"SubjectUserSid":"S-1-5-18","SubjectUserName":"WIN-QALA5Q3KJ43$","SubjectDomainName":"WORKGROUP","SubjectLogonId":"0x3e7","TargetUserSid":"S-1-5-18","TargetUserName":"SYSTEM","TargetDomainName":"NT AUTHORITY","TargetLogonId":"0x3e7","LogonType":5,"LogonProcessName":"Advapi  ","AuthenticationPackageName":"Negotiate","WorkstationName":"","LogonGuid":"00000000-0000-0000-0000-000000000000","TransmittedServices":"-","LmPackageName":"-","KeyLength":0,"ProcessId":"0x1ec","ProcessName":"C:\\Windows\\System32\\services.exe","IpAddress":"-","IpPort":"-"}}}
{"Event_attributes":{"xmlns":"http://schemas.microsoft.com/win/2004/08/events/event"},"Event":{"System":{"Provider_attributes":{"Name":"Microsoft-Windows-Security-Auditing","Guid":"54849625-5478-4994-A5BA-3E3B0328C30D"},"EventID":4672,"Version":0,"Level":0,"Task":12548,"Opcode":0,"Keywords":"0x8020000000000000","TimeCreated_attributes":{"SystemTime":"2013-10-23T16:48:20.286000Z"},"EventRecordID":154,"Correlation":null,"Execution_attributes":{"ProcessID":508,"ThreadID":320},"Channel":"Security","Computer":"IE8Win7","Security":null},"EventData":{"SubjectUserSid":"S-1-5-18","SubjectUserName":"SYSTEM","SubjectDomainName":"NT AUTHORITY","SubjectLogonId":"0x3e7","PrivilegeList":"SeAssignPrimaryTokenPrivilege\r\n\t\t\tSeTcbPrivilege\r\n\t\t\tSeSecurityPrivilege\r\n\t\t\tSeTakeOwnershipPrivilege\r\n\t\t\tSeLoadDriverPrivilege\r\n\t\t\tSeBackupPrivilege\r\n\t\t\tSeRestorePrivilege\r\n\t\t\tSeDebugPrivilege\r\n\t\t\tSeAuditPrivilege\r\n\t\t\tSeSystemEnvironmentPrivilege\r\n\t\t\tSeImpersonatePrivilege"}}}
{"Event_attributes":{"xmlns":"http://schemas.microsoft.com/win/2004/08/events/event"},"Event":{"System":{"Provider_attributes":{"Name":"Microsoft-Windows-Security-Auditing","Guid":"54849625-5478-4994-A5BA-3E3B0328C30D"},"EventID":4904,"Version":0,"Level":0,"Task":13568,"Opcode":0,"Keywords":"0x8020000000000000","TimeCreated_attributes":{"SystemTime":"2013-10-23T16:49:51.864125Z"},"EventRecordID":155,"Correlation":null,"Execution_attributes":{"ProcessID":508,"ThreadID":4036},"Channel":"Security","Computer":"IE8Win7","Security":null},"EventData":{"SubjectUserSid":"S-1-5-18","SubjectUserName":"WIN-QALA5Q3KJ43$","SubjectDomainName":"WORKGROUP","SubjectLogonId":"0x3e7","AuditSourceName":"VSSAudit","EventSourceId":"0x7d86b0","ProcessId":"0xf1c","ProcessName":"C:\\Windows\\System32\\VSSVC.exe"}}}
{"Event_attributes":{"xmlns":"http://schemas.microsoft.com/win/2004/08/events/event"},"Event":{"System":{"Provider_attributes":{"Name":"Microsoft-Windows-Security-Auditing","Guid":"54849625-5478-4994-A5BA-3E3B0328C30D"},"EventID":4905,"Version":0,"Level":0,"Task":13568,"Opcode":0,"Keywords":"0x8020000000000000","TimeCreated_attributes":{"SystemTime":"2013-10-23T16:49:51.864125Z"},"EventRecordID":156,"Correlation":null,"Execution_attributes":{"ProcessID":508,"ThreadID":4036},"Channel":"Security","Computer":"IE8Win7","Security":null},"EventData":{"SubjectUserSid":"S-1-5-18","SubjectUserName":"WIN-QALA5Q3KJ43$","SubjectDomainName":"WORKGROUP","SubjectLogonId":"0x3e7","AuditSourceName":"VSSAudit","EventSourceId":"0x7d86b0","ProcessId":"0xf1c","ProcessName":"C:\\Windows\\System32\\VSSVC.exe"}}}
{"Event_attributes":{"xmlns":"http://schemas.microsoft.com/win/2004/08/events/event"},"Event":{"System":{"Provider_attributes":{"Name":"Microsoft-Windows-Security-Auditing","Guid":"54849625-5478-4994-A5BA-3E3B0328C30D"},"EventID":4907,"Version":0,"Level":0,"Task":13568,"Opcode":0,"Keywords":"0x8020000000000000","TimeCreated_attributes":{"SystemTime":"2013-10-23T17:09:37.942250Z"},"EventRecordID":157,"Correlation":null,"Execution_attributes":{"ProcessID":508,"ThreadID":524},"Channel":"Security","Computer":"IE8Win7","Security":null},"EventData":{"SubjectUserSid":"S-1-5-18","SubjectUserName":"WIN-QALA5Q3KJ43$","SubjectDomainName":"WORKGROUP","SubjectLogonId":"0x3e7","ObjectServer":"Security","ObjectType":"File","ObjectName":"C:\\Windows\\winsxs\\Temp\\PendingRenames\\a04d76a712d0ce01675100002005900e.calibrili.ttf","HandleId":"0x7c80","OldSd":"","NewSd":"S:ARAI","ProcessId":"0x520","ProcessName":"C:\\Windows\\servicing\\TrustedInstaller.exe"}}}
{"Event_attributes":{"xmlns":"http://schemas.microsoft.com/win/2004/08/events/event"},"Event":{"System":{"Provider_attributes":{"Name":"Microsoft-Windows-Security-Auditing","Guid":"54849625-5478-4994-A5BA-3E3B0328C30D"},"EventID":4907,"Version":0,"Level":0,"Task":13568,"Opcode":0,"Keywords":"0x8020000000000000","TimeCreated_attributes":{"SystemTime":"2013-10-23T17:09:37.942250Z"},"EventRecordID":158,"Correlation":null,"Execution_attributes":{"ProcessID":508,"ThreadID":524},"Channel":"Security","Computer":"IE8Win7","Security":null},"EventData":{"SubjectUserSid":"S-1-5-18","SubjectUserName":"WIN-QALA5Q3KJ43$","SubjectDomainName":"WORKGROUP","SubjectLogonId":"0x3e7","ObjectServer":"Security","ObjectType":"File","ObjectName":"C:\\Windows\\winsxs\\Temp\\PendingRenames\\623982a712d0ce01685100002005900e.calibril.ttf","HandleId":"0x7c84","OldSd":"","NewSd":"S:ARAI","ProcessId":"0x520","ProcessName":"C:\\Windows\\servicing\\TrustedInstaller.exe"}}}
{"Event_attributes":{"xmlns":"http://schemas.microsoft.com/win/2004/08/events/event"},"Event":{"System":{"Provider_attributes":{"Name":"Microsoft-Windows-Security-Auditing","Guid":"54849625-5478-4994-A5BA-3E3B0328C30D"},"EventID":4907,"Version":0,"Level":0,"Task":13568,"Opcode":0,"Keywords":"0x8020000000000000","TimeCreated_attributes":{"SystemTime":"2013-10-23T17:09:37.973500Z"},"EventRecordID":159,"Correlation":null,"Execution_attributes":{"ProcessID":508,"ThreadID":524},"Channel":"Security","Computer":"IE8Win7","Security":null},"EventData":{"SubjectUserSid":"S-1-5-18","SubjectUserName":"WIN-QALA5Q3KJ43$","SubjectDomainName":"WORKGROUP","SubjectLogonId":"0x3e7","ObjectServer":"Security","ObjectType":"File","ObjectName":"C:\\Windows\\winsxs\\Temp\\PendingRenames\\24258ea712d0ce01695100002005900e.calibriz.ttf","HandleId":"0x7c88","OldSd":"","NewSd":"S:ARAI","ProcessId":"0x520","ProcessName":"C:\\Windows\\servicing\\TrustedInstaller.exe"}}}
{"Event_attributes":{"xmlns":"http://schemas.microsoft.com/win/2004/08/events/event"},"Event":{"System":{"Provider_attributes":{"Name":"Microsoft-Windows-Security-Auditing","Guid":"54849625-5478-4994-A5BA-3E3B0328C30D"},"EventID":4907,"Version":0,"Level":0,"Task":13568,"Opcode":0,"Keywords":"0x8020000000000000","TimeCreated_attributes":{"SystemTime":"2013-10-23T17:09:37.989125Z"},"EventRecordID":160,"Correlation":null,"Execution_attributes":{"ProcessID":508,"ThreadID":524},"Channel":"Security","Computer":"IE8Win7","Security":null},"EventData":{"SubjectUserSid":"S-1-5-18","SubjectUserName":"WIN-QALA5Q3KJ43$","SubjectDomainName":"WORKGROUP","SubjectLogonId":"0x3e7","ObjectServer":"Security","ObjectType":"File","ObjectName":"C:\\Windows\\winsxs\\Temp\\PendingRenames\\7e8790a712d0ce016a5100002005900e.calibri.ttf","HandleId":"0x7c8c","OldSd":"","NewSd":"S:ARAI","ProcessId":"0x520","ProcessName":"C:\\Windows\\servicing\\TrustedInstaller.exe"}}}
