{"Event_attributes":{"xmlns":"http://schemas.microsoft.com/win/2004/08/events/event"},"Event":{"System":{"Provider_attributes":{"Name":"Service Control Manager","Guid":"{555908d1-a6d7-4695-8e1e-26931d2012f4}","EventSourceName":"Service Control Manager"},"EventID_attributes":{"Qualifiers":16384},"EventID":7040,"Version":0,"Level":4,"Task":0,"Opcode":0,"Keywords":"0x8080000000000000","TimeCreated_attributes":{"SystemTime":"2013-10-23T16:16:27.375000Z"},"EventRecordID":70,"Correlation":null,"Execution_attributes":{"ProcessID":488,"ThreadID":596},"Channel":"System","Computer":"37L4247D28-05","Security_attributes":{"UserID":"S-1-5-18"}},"EventData":{"param1":"isapnp","param2":"boot start","param3":"demand start","param4":"isapnp"}}}
{"Event_attributes":{"xmlns":"http://schemas.microsoft.com/win/2004/08/events/event"},"Event":{"System":{"Provider_attributes":{"Name":"Microsoft-Windows-FilterManager","Guid":"F3C5E28E-63F6-49C7-A204-E48A1BC4B09D"},"EventID":6,"Version":0,"Level":4,"Task":0,"Opcode":0,"Keywords":"0x8000000000000000","TimeCreated_attributes":{"SystemTime":"2013-10-23T16:16:27.765625Z"},"EventRecordID":71,"Correlation":null,"Execution_attributes":{"ProcessID":4,"ThreadID":56},"Channel":"System","Computer":"37L4247D28-05","Security_attributes":{"UserID":"S-1-5-18"}},"EventData":{"FinalStatus":"0x0","DeviceVersionMajor":6,"DeviceVersionMinor":1,"DeviceNameLength":5,"DeviceName":"luafv","DeviceTime":"2009-07-13T16:15:44.000000Z"}}}
{"Event_attributes":{"xmlns":"http://schemas.microsoft.com/win/2004/08/events/event"},"Event":{"System":{"Provider_attributes":{"Name":"Service Control Manager","Guid":"{555908d1-a6d7-4695-8e1e-26931d2012f4}","EventSourceName":"Service Control Manager"},"EventID_attributes":{"Qualifiers":16384},"EventID":7036,"Version":0,"Level":4,"Task":0,"Opcode":0,"Keywords":"0x8080000000000000","TimeCreated_attributes":{"SystemTime":"2013-10-23T16:16:27.984375Z"},"EventRecordID":72,"Correlation":null,"Execution_attributes":{"ProcessID":488,"ThreadID":596},"Channel":"System","Computer":"37L4247D28-05","Security":null},"EventData":{"param1":"Windows Event Log","param2":"running","Binary":"6500760065006E0074006C006F0067002F0034000000"}}}
{"Event_attributes":{"xmlns":"http://schemas.microsoft.com/win/2004/08/events/event"},"Event":{"System":{"Provider_attributes":{"Name":"Service Control Manager","Guid":"{555908d1-a6d7-4695-8e1e-26931d2012f4}","EventSourceName":"Service Control Manager"},"EventID_attributes":{"Qualifiers":16384},"EventID":7036,"Version":0,"Level":4,"Task":0,"Opcode":0,"Keywords":"0x8080000000000000","TimeCreated_attributes":{"SystemTime":"2013-10-23T16:16:28.250000Z"},"EventRecordID":73,"Correlation":null,"Execution_attributes":{"ProcessID":488,"ThreadID":596},"Channel":"System","Computer":"37L4247D28-05","Security":null},"EventData":{"param1":"Multimedia Class Scheduler","param2":"running","Binary":"4D004D004300530053002F0034000000"}}}
{"Event_attributes":{"xmlns":"http://schemas.microsoft.com/win/2004/08/events/event"},"Event":{"System":{"Provider_attributes":{"Name":"Service Control Manager","Guid":"{555908d1-a6d7-4695-8e1e-26931d2012f4}","EventSourceName":"Service Control Manager"},"EventID_attributes":{"Qualifiers":16384},"EventID":7036,"Version":0,"Level":4,"Task":0,"Opcode":0,"Keywords":"0x8080000000000000","TimeCreated_attributes":{"SystemTime":"2013-10-23T16:16:28.578125Z"},"EventRecordID":74,"Correlation":null,"Execution_attributes":{"ProcessID":488,"ThreadID":596},"Channel":"System","Computer":"37L4247D28-05","Security":null},"EventData":{"param1":"Windows Audio Endpoint Builder","param2":"running","Binary":"41007500640069006F0045006E00640070006F0069006E0074004200750069006C006400650072002F0034000000"}}}
{"Event_attributes":{"xmlns":"http://schemas.microsoft.com/win/2004/08/events/event"},"Event":{"System":{"Provider_attributes":{"Name":"Service Control Manager","Guid":"{555908d1-a6d7-4695-8e1e-26931d2012f4}","EventSourceName":"Service Control Manager"},"EventID_attributes":{"Qualifiers":16384},"EventID":7036,"Version":0,"Level":4,"Task":0,"Opcode":0,"Keywords":"0x8080000000000000","TimeCreated_attributes":{"SystemTime":"2013-10-23T16:16:28.609375Z"},"EventRecordID":75,"Correlation":null,"Execution_attributes":{"ProcessID":488,"ThreadID":588},"Channel":"System","Computer":"37L4247D28-05","Security":null},"EventData":{"param1":"Windows Audio","param2":"running","Binary":"41007500640069006F007300720076002F0034000000"}}}
{"Event_attributes":{"xmlns":"http://schemas.microsoft.com/win/2004/08/events/event"},"Event":{"System":{"Provider_attributes":{"Name":"Service Control Manager","Guid":"{555908d1-a6d7-4695-8e1e-26931d2012f4}","EventSourceName":"Service Control Manager"},"EventID_attributes":{"Qualifiers":16384},"EventID":7036,"Version":0,"Level":4,"Task":0,"Opcode":0,"Keywords":"0x8080000000000000","TimeCreated_attributes":{"SystemTime":"2013-10-23T16:16:29.234375Z"},"EventRecordID":76,"Correlation":null,"Execution_attributes":{"ProcessID":488,"ThreadID":596},"Channel":"System","Computer":"37L4247D28-05","Security":null},"EventData":{"param1":"Themes","param2":"running","Binary":"5400680065006D00650073002F0034000000"}}}
{"Event_attributes":{"xmlns":"http://schemas.microsoft.com/win/2004/08/events/event"},"Event":{"System":{"Provider_attributes":{"Name":"Service Control Manager","Guid":"{555908d1-a6d7-4695-8e1e-26931d2012f4}","EventSourceName":"Service Control Manager"},"EventID_attributes":{"Qualifiers":16384},"EventID":7036,"Version":0,"Level":4,"Task":0,"Opcode":0,"Keywords":"0x8080000000000000","TimeCreated_attributes":{"SystemTime":"2013-10-23T16:16:29.421875Z"},"EventRecordID":77,"Correlation":null,"Execution_attributes":{"ProcessID":488,"ThreadID":588},"Channel":"System","Computer":"37L4247D28-05","Security":null},"EventData":{"param1":"Group Policy Client","param2":"running","Binary":"670070007300760063002F0034000000"}}}
{"Event_attributes":{"xmlns":"http://schemas.microsoft.com/win/2004/08/events/event"},"Event":{"System":{"Provider_attributes":{"Name":"Service Control Manager","Guid":"{555908d1-a6d7-4695-8e1e-26931d2012f4}","EventSourceName":"Service Control Manager"},"EventID_attributes":{"Qualifiers":16384},"EventID":7036,"Version":0,"Level":4,"Task":0,"Opcode":0,"Keywords":"0x8080000000000000","TimeCreated_attributes":{"SystemTime":"2013-10-23T16:16:29.484375Z"},"EventRecordID":78,"Correlation":null,"Execution_attributes":{"ProcessID":488,"ThreadID":588},"Channel":"System","Computer":"37L4247D28-05","Security":null},"EventData":{"param1":"User Profile Service","param2":"running","Binary":"500072006F0066005300760063002F0034000000"}}}
{"Event_attributes":{"xmlns":"http://schemas.microsoft.com/win/2004/08/events/event"},"Event":{"System":{"Provider_attributes":{"Name":"Service Control Manager","Guid":"{555908d1-a6d7-4695-8e1e-26931d2012f4}","EventSourceName":"Service Control Manager"},"EventID_attributes":{"Qualifiers":16384},"EventID":7036,"Version":0,"Level":4,"Task":0,"Opcode":0,"Keywords":"0x8080000000000000","TimeCreated_attributes":{"SystemTime":"2013-10-23T16:16:29.640625Z"},"EventRecordID":79,"Correlation":null,"Execution_attributes":{"ProcessID":488,"ThreadID":588},"Channel":"System","Computer":"37L4247D28-05","Security":null},"EventData":{"param1":"COM+ Event System","param2":"running","Binary":"4500760065006E007400530079007300740065006D002F0034000000"}}}
{"Event_attributes":{"xmlns":"http://schemas.microsoft.com/win/2004/08/events/event"},"Event":{"System":{"Provider_attributes":{"Name":"Service Control Manager","Guid":"{555908d1-a6d7-4695-8e1e-26931d2012f4}","EventSourceName":"Service Control Manager"},"EventID_attributes":{"Qualifiers":16384},"EventID":7036,"Version":0,"Level":4,"Task":0,"Opcode":0,"Keywords":"0x8080000000000000","TimeCreated_attributes":{"SystemTime":"2013-10-23T16:16:29.781250Z"},"EventRecordID":80,"Correlation":null,"Execution_attributes":{"ProcessID":488,"ThreadID":588},"Channel":"System","Computer":"37L4247D28-05","Security":null},"EventData":{"param1":"System Event Notification Service","param2":"running","Binary":"530045004E0053002F0034000000"}}}
{"Event_attributes":{"xmlns":"http://schemas.microsoft.com/win/2004/08/events/event"},"Event":{"System":{"Provider_attributes":{"Name":"Service Control Manager","Guid":"{555908d1-a6d7-4695-8e1e-26931d2012f4}","EventSourceName":"Service Control Manager"},"EventID_attributes":{"Qualifiers":16384},"EventID":7036,"Version":0,"Level":4,"Task":0,"Opcode":0,"Keywords":"0x8080000000000000","TimeCreated_attributes":{"SystemTime":"2013-10-23T16:16:29.843750Z"},"EventRecordID":81,"Correlation":null,"Execution_attributes":{"ProcessID":488,"ThreadID":588},"Channel":"System","Computer":"37L4247D28-05","Security":null},"EventData":{"param1":"Offline Files","param2":"running","Binary":"43007300630053006500720076006900630065002F0034000000"}}}
{"Event_attributes":{"xmlns":"http://schemas.microsoft.com/win/2004/08/events/event"},"Event":{"System":{"Provider_attributes":{"Name":"Service Control Manager","Guid":"{555908d1-a6d7-4695-8e1e-26931d2012f4}","EventSourceName":"Service Control Manager"},"EventID_attributes":{"Qualifiers":16384},"EventID":7036,"Version":0,"Level":4,"Task":0,"Opcode":0,"Keywords":"0x8080000000000000","TimeCreated_attributes":{"SystemTime":"2013-10-23T16:16:31.203125Z"},"EventRecordID":82,"Correlation":null,"Execution_attributes":{"ProcessID":488,"ThreadID":588},"Channel":"System","Computer":"37L4247D28-05","Security":null},"EventData":{"param1":"Windows Modules Installer","param2":"running","Binary":"540072007500730074006500640049006E007300740061006C006C00650072002F0034000000"}}}
{"Event_attributes":{"xmlns":"http://schemas.microsoft.com/win/2004/08/events/event"},"Event":{"System":{"Provider_attributes":{"Name":"Service Control Manager","Guid":"{555908d1-a6d7-4695-8e1e-26931d2012f4}","EventSourceName":"Service Control Manager"},"EventID_attributes":{"Qualifiers":16384},"EventID":7036,"Version":0,"Level":4,"Task":0,"Opcode":0,"Keywords":"0x8080000000000000","TimeCreated_attributes":{"SystemTime":"2013-10-23T16:16:31.281250Z"},"EventRecordID":83,"Correlation":null,"Execution_attributes":{"ProcessID":488,"ThreadID":588},"Channel":"System","Computer":"37L4247D28-05","Security":null},"EventData":{"param1":"Desktop Window Manager Session Manager","param2":"running","Binary":"5500780053006D0073002F0034000000"}}}
{"Event_attributes":{"xmlns":"http://schemas.microsoft.com/win/2004/08/events/event"},"Event":{"System":{"Provider_attributes":{"Name":"Service Control Manager","Guid":"{555908d1-a6d7-4695-8e1e-26931d2012f4}","EventSourceName":"Service Control Manager"},"EventID_attributes":{"Qualifiers":16384},"EventID":7036,"Version":0,"Level":4,"Task":0,"Opcode":0,"Keywords":"0x8080000000000000","TimeCreated_attributes":{"SystemTime":"2013-10-23T16:16:31.281250Z"},"EventRecordID":84,"Correlation":null,"Execution_attributes":{"ProcessID":488,"ThreadID":588},"Channel":"System","Computer":"37L4247D28-05","Security":null},"EventData":{"param1":"Security Accounts Manager","param2":"running","Binary":"530061006D00530073002F0034000000"}}}
{"Event_attributes":{"xmlns":"http://schemas.microsoft.com/win/2004/08/events/event"},"Event":{"System":{"Provider_attributes":{"Name":"Service Control Manager","Guid":"{555908d1-a6d7-4695-8e1e-26931d2012f4}","EventSourceName":"Service Control Manager"},"EventID_attributes":{"Qualifiers":16384},"EventID":7036,"Version":0,"Level":4,"Task":0,"Opcode":0,"Keywords":"0x8080000000000000","TimeCreated_attributes":{"SystemTime":"2013-10-23T16:16:31.375000Z"},"EventRecordID":85,"Correlation":null,"Execution_attributes":{"ProcessID":488,"ThreadID":588},"Channel":"System","Computer":"37L4247D28-05","Security":null},"EventData":{"param1":"Network Store Interface Service","param2":"running","Binary":"6E00730069002F0034000000"}}}
{"Event_attributes":{"xmlns":"http://schemas.microsoft.com/win/2004/08/events/event"},"Event":{"System":{"Provider_attributes":{"Name":"Service Control Manager","Guid":"{555908d1-a6d7-4695-8e1e-26931d2012f4}","EventSourceName":"Service Control Manager"},"EventID_attributes":{"Qualifiers":16384},"EventID":7036,"Version":0,"Level":4,"Task":0,"Opcode":0,"Keywords":"0x8080000000000000","TimeCreated_attributes":{"SystemTime":"2013-10-23T16:16:31.421875Z"},"EventRecordID":86,"Correlation":null,"Execution_attributes":{"ProcessID":488,"ThreadID":588},"Channel":"System","Computer":"37L4247D28-05","Security":null},"EventData":{"param1":"TCP/IP NetBIOS Helper","param2":"running","Binary":"6C006D0068006F007300740073002F0034000000"}}}
{"Event_attributes":{"xmlns":"http://schemas.microsoft.com/win/2004/08/events/event"},"Event":{"System":{"Provider_attributes":{"Name":"Microsoft-Windows-Dhcp-Client","Guid":"15A7A4F8-0072-4EAB-ABAD-F98A4D666AED"},"EventID":50036,"Version":0,"Level":4,"Task":4,"Opcode":68,"Keywords":"0x2000000000000000","TimeCreated_attributes":{"SystemTime":"2013-10-23T16:16:31.468750Z"},"EventRecordID":87,"Correlation":null,"Execution_attributes":{"ProcessID":848,"ThreadID":1120},"Channel":"System","Computer":"37L4247D28-05","Security_attributes":{"UserID":"S-1-5-19"}},"EventData":null}}
{"Event_attributes":{"xmlns":"http://schemas.microsoft.com/win/2004/08/events/event"},"Event":{"System":{"Provider_attributes":{"Name":"Microsoft-Windows-DHCPv6-Client","Guid":"6A1F2B00-6A90-4C38-95A5-5CAB3B056778"},"EventID":51046,"Version":0,"Level":4,"Task":4,"Opcode":62,"Keywords":"0x2000000000000000","TimeCreated_attributes":{"SystemTime":"2013-10-23T16:16:31.546875Z"},"EventRecordID":88,"Correlation":null,"Execution_attributes":{"ProcessID":848,"ThreadID":1152},"Channel":"System","Computer":"37L4247D28-05","Security_attributes":{"UserID":"S-1-5-19"}},"EventData":null}}
{"Event_attributes":{"xmlns":"http://schemas.microsoft.com/win/2004/08/events/event"},"Event":{"System":{"Provider_attributes":{"Name":"Service Control Manager","Guid":"{555908d1-a6d7-4695-8e1e-26931d2012f4}","EventSourceName":"Service Control Manager"},"EventID_attributes":{"Qualifiers":16384},"EventID":7036,"Version":0,"Level":4,"Task":0,"Opcode":0,"Keywords":"0x8080000000000000","TimeCreated_attributes":{"SystemTime":"2013-10-23T16:16:31.546875Z"},"EventRecordID":89,"Correlation":null,"Execution_attributes":{"ProcessID":488,"ThreadID":588},"Channel":"System","Computer":"37L4247D28-05","Security":null},"EventData":{"param1":"DHCP Client","param2":"running","Binary":"44006800630070002F0034000000"}}}
{"Event_attributes":{"xmlns":"http://schemas.microsoft.com/win/2004/08/events/event"},"Event":{"System":{"Provider_attributes":{"Name":"Service Control Manager","Guid":"{555908d1-a6d7-4695-8e1e-26931d2012f4}","EventSourceName":"Service Control Manager"},"EventID_attributes":{"Qualifiers":16384},"EventID":7036,"Version":0,"Level":4,"Task":0,"Opcode":0,"Keywords":"0x8080000000000000","TimeCreated_attributes":{"SystemTime":"2013-10-23T16:16:31.562500Z"},"EventRecordID":90,"Correlation":null,"Execution_attributes":{"ProcessID":488,"ThreadID":588},"Channel":"System","Computer":"37L4247D28-05","Security":null},"EventData":{"param1":"DNS Client","param2":"running","Binary":"44006E007300630061006300680065002F0034000000"}}}
{"Event_attributes":{"xmlns":"http://schemas.microsoft.com/win/2004/08/events/event"},"Event":{"System":{"Provider_attributes":{"Name":"Service Control Manager","Guid":"{555908d1-a6d7-4695-8e1e-26931d2012f4}","EventSourceName":"Service Control Manager"},"EventID_attributes":{"Qualifiers":16384},"EventID":7036,"Version":0,"Level":4,"Task":0,"Opcode":0,"Keywords":"0x8080000000000000","TimeCreated_attributes":{"SystemTime":"2013-10-23T16:16:31.625000Z"},"EventRecordID":91,"Correlation":null,"Execution_attributes":{"ProcessID":488,"ThreadID":588},"Channel":"System","Computer":"37L4247D28-05","Security":null},"EventData":{"param1":"Shell Hardware Detection","param2":"running","Binary":"5300680065006C006C004800570044006500740065006300740069006F006E002F0034000000"}}}
{"Event_attributes":{"xmlns":"http://schemas.microsoft.com/win/2004/08/events/event"},"Event":{"System":{"Provider_attributes":{"Name":"Service Control Manager","Guid":"{555908d1-a6d7-4695-8e1e-26931d2012f4}","EventSourceName":"Service Control Manager"},"EventID_attributes":{"Qualifiers":16384},"EventID":7036,"Version":0,"Level":4,"Task":0,"Opcode":0,"Keywords":"0x8080000000000000","TimeCreated_attributes":{"SystemTime":"2013-10-23T16:16:31.625000Z"},"EventRecordID":92,"Correlation":null,"Execution_attributes":{"ProcessID":488,"ThreadID":588},"Channel":"System","Computer":"37L4247D28-05","Security":null},"EventData":{"param1":"Shell Hardware Detection","param2":"stopped","Binary":"5300680065006C006C004800570044006500740065006300740069006F006E002F0031000000"}}}
{"Event_attributes":{"xmlns":"http://schemas.microsoft.com/win/2004/08/events/event"},"Event":{"System":{"Provider_attributes":{"Name":"Service Control Manager","Guid":"{555908d1-a6d7-4695-8e1e-26931d2012f4}","EventSourceName":"Service Control Manager"},"EventID_attributes":{"Qualifiers":16384},"EventID":7036,"Version":0,"Level":4,"Task":0,"Opcode":0,"Keywords":"0x8080000000000000","TimeCreated_attributes":{"SystemTime":"2013-10-23T16:16:32.062500Z"},"EventRecordID":93,"Correlation":null,"Execution_attributes":{"ProcessID":488,"ThreadID":588},"Channel":"System","Computer":"37L4247D28-05","Security":null},"EventData":{"param1":"Task Scheduler","param2":"running","Binary":"5300630068006500640075006C0065002F0034000000"}}}
{"Event_attributes":{"xmlns":"http://schemas.microsoft.com/win/2004/08/events/event"},"Event":{"System":{"Provider_attributes":{"Name":"Service Control Manager","Guid":"{555908d1-a6d7-4695-8e1e-26931d2012f4}","EventSourceName":"Service Control Manager"},"EventID_attributes":{"Qualifiers":16384},"EventID":7036,"Version":0,"Level":4,"Task":0,"Opcode":0,"Keywords":"0x8080000000000000","TimeCreated_attributes":{"SystemTime":"2013-10-23T16:16:32.359375Z"},"EventRecordID":94,"Correlation":null,"Execution_attributes":{"ProcessID":488,"ThreadID":588},"Channel":"System","Computer":"37L4247D28-05","Security":null},"EventData":{"param1":"Print Spooler","param2":"running","Binary":"530070006F006F006C00650072002F0034000000"}}}
{"Event_attributes":{"xmlns":"http://schemas.microsoft.com/win/2004/08/events/event"},"Event":{"System":{"Provider_attributes":{"Name":"Service Control Manager","Guid":"{555908d1-a6d7-4695-8e1e-26931d2012f4}","EventSourceName":"Service Control Manager"},"EventID_attributes":{"Qualifiers":16384},"EventID":7036,"Version":0,"Level":4,"Task":0,"Opcode":0,"Keywords":"0x8080000000000000","TimeCreated_attributes":{"SystemTime":"2013-10-23T16:16:32.671875Z"},"EventRecordID":95,"Correlation":null,"Execution_attributes":{"ProcessID":488,"ThreadID":588},"Channel":"System","Computer":"37L4247D28-05","Security":null},"EventData":{"param1":"Base Filtering Engine","param2":"running","Binary":"4200460045002F0034000000"}}}
{"Event_attributes":{"xmlns":"http://schemas.microsoft.com/win/2004/08/events/event"},"Event":{"System":{"Provider_attributes":{"Name":"Service Control Manager","Guid":"{555908d1-a6d7-4695-8e1e-26931d2012f4}","EventSourceName":"Service Control Manager"},"EventID_attributes":{"Qualifiers":16384},"EventID":7036,"Version":0,"Level":4,"Task":0,"Opcode":0,"Keywords":"0x8080000000000000","TimeCreated_attributes":{"SystemTime":"2013-10-23T16:16:33.046875Z"},"EventRecordID":96,"Correlation":null,"Execution_attributes":{"ProcessID":488,"ThreadID":592},"Channel":"System","Computer":"37L4247D28-05","Security":null},"EventData":{"param1":"Windows Firewall","param2":"running","Binary":"4D00700073005300760063002F0034000000"}}}
{"Event_attributes":{"xmlns":"http://schemas.microsoft.com/win/2004/08/events/event"},"Event":{"System":{"Provider_attributes":{"Name":"Service Control Manager","Guid":"{555908d1-a6d7-4695-8e1e-26931d2012f4}","EventSourceName":"Service Control Manager"},"EventID_attributes":{"Qualifiers":16384},"EventID":7036,"Version":0,"Level":4,"Task":0,"Opcode":0,"Keywords":"0x8080000000000000","TimeCreated_attributes":{"SystemTime":"2013-10-23T16:16:33.156250Z"},"EventRecordID":97,"Correlation":null,"Execution_attributes":{"ProcessID":488,"ThreadID":592},"Channel":"System","Computer":"37L4247D28-05","Security":null},"EventData":{"param1":"Workstation","param2":"running","Binary":"4C0061006E006D0061006E0057006F0072006B00730074006100740069006F006E002F0034000000"}}}
{"Event_attributes":{"xmlns":"http://schemas.microsoft.com/win/2004/08/events/event"},"Event":{"System":{"Provider_attributes":{"Name":"Service Control Manager","Guid":"{555908d1-a6d7-4695-8e1e-26931d2012f4}","EventSourceName":"Service Control Manager"},"EventID_attributes":{"Qualifiers":16384},"EventID":7036,"Version":0,"Level":4,"Task":0,"Opcode":0,"Keywords":"0x8080000000000000","TimeCreated_attributes":{"SystemTime":"2013-10-23T16:16:33.421875Z"},"EventRecordID":98,"Correlation":null,"Execution_attributes":{"ProcessID":488,"ThreadID":592},"Channel":"System","Computer":"37L4247D28-05","Security":null},"EventData":{"param1":"Diagnostic Policy Service","param2":"running","Binary":"4400500053002F0034000000"}}}
{"Event_attributes":{"xmlns":"http://schemas.microsoft.com/win/2004/08/events/event"},"Event":{"System":{"Provider_attributes":{"Name":"Service Control Manager","Guid":"{555908d1-a6d7-4695-8e1e-26931d2012f4}","EventSourceName":"Service Control Manager"},"EventID_attributes":{"Qualifiers":16384},"EventID":7036,"Version":0,"Level":4,"Task":0,"Opcode":0,"Keywords":"0x8080000000000000","TimeCreated_attributes":{"SystemTime":"2013-10-23T16:16:33.703125Z"},"EventRecordID":99,"Correlation":null,"Execution_attributes":{"ProcessID":488,"ThreadID":588},"Channel":"System","Computer":"37L4247D28-05","Security":null},"EventData":{"param1":"Cryptographic Services","param2":"running","Binary":"430072007900700074005300760063002F0034000000"}}}
{"Event_attributes":{"xmlns":"http://schemas.microsoft.com/win/2004/08/events/event"},"Event":{"System":{"Provider_attributes":{"Name":"Service Control Manager","Guid":"{555908d1-a6d7-4695-8e1e-26931d2012f4}","EventSourceName":"Service Control Manager"},"EventID_attributes":{"Qualifiers":16384},"EventID":7036,"Version":0,"Level":4,"Task":0,"Opcode":0,"Keywords":"0x8080000000000000","TimeCreated_attributes":{"SystemTime":"2013-10-23T16:16:33.890625Z"},"EventRecordID":100,"Correlation":null,"Execution_attributes":{"ProcessID":488,"ThreadID":588},"Channel":"System","Computer":"37L4247D28-05","Security":null},"EventData":{"param1":"Network Location Awareness","param2":"running","Binary":"4E006C0061005300760063002F0034000000"}}}
{"Event_attributes":{"xmlns":"http://schemas.microsoft.com/win/2004/08/events/event"},"Event":{"System":{"Provider_attributes":{"Name":"Service Control Manager","Guid":"{555908d1-a6d7-4695-8e1e-26931d2012f4}","EventSourceName":"Service Control Manager"},"EventID_attributes":{"Qualifiers":16384},"EventID":7036,"Version":0,"Level":4,"Task":0,"Opcode":0,"Keywords":"0x8080000000000000","TimeCreated_attributes":{"SystemTime":"2013-10-23T16:16:34.578125Z"},"EventRecordID":101,"Correlation":null,"Execution_attributes":{"ProcessID":488,"ThreadID":588},"Channel":"System","Computer":"37L4247D28-05","Security":null},"EventData":{"param1":"Software Protection","param2":"running","Binary":"7300700070007300760063002F0034000000"}}}
{"Event_attributes":{"xmlns":"http://schemas.microsoft.com/win/2004/08/events/event"},"Event":{"System":{"Provider_attributes":{"Name":"Service Control Manager","Guid":"{555908d1-a6d7-4695-8e1e-26931d2012f4}","EventSourceName":"Service Control Manager"},"EventID_attributes":{"Qualifiers":16384},"EventID":7036,"Version":0,"Level":4,"Task":0,"Opcode":0,"Keywords":"0x8080000000000000","TimeCreated_attributes":{"SystemTime":"2013-10-23T16:16:34.921875Z"},"EventRecordID":102,"Correlation":null,"Execution_attributes":{"ProcessID":488,"ThreadID":588},"Channel":"System","Computer":"37L4247D28-05","Security":null},"EventData":{"param1":"Superfetch","param2":"running","Binary":"5300790073004D00610069006E002F0034000000"}}}
{"Event_attributes":{"xmlns":"http://schemas.microsoft.com/win/2004/08/events/event"},"Event":{"System":{"Provider_attributes":{"Name":"Service Control Manager","Guid":"{555908d1-a6d7-4695-8e1e-26931d2012f4}","EventSourceName":"Service Control Manager"},"EventID_attributes":{"Qualifiers":16384},"EventID":7036,"Version":0,"Level":4,"Task":0,"Opcode":0,"Keywords":"0x8080000000000000","TimeCreated_attributes":{"SystemTime":"2013-10-23T16:16:34.921875Z"},"EventRecordID":103,"Correlation":null,"Execution_attributes":{"ProcessID":488,"ThreadID":596},"Channel":"System","Computer":"37L4247D28-05","Security":null},"EventData":{"param1":"Distributed Link Tracking Client","param2":"running","Binary":"540072006B0057006B0073002F0034000000"}}}
{"Event_attributes":{"xmlns":"http://schemas.microsoft.com/win/2004/08/events/event"},"Event":{"System":{"Provider_attributes":{"Name":"Service Control Manager","Guid":"{555908d1-a6d7-4695-8e1e-26931d2012f4}","EventSourceName":"Service Control Manager"},"EventID_attributes":{"Qualifiers":16384},"EventID":7036,"Version":0,"Level":4,"Task":0,"Opcode":0,"Keywords":"0x8080000000000000","TimeCreated_attributes":{"SystemTime":"2013-10-23T16:16:34.953125Z"},"EventRecordID":104,"Correlation":null,"Execution_attributes":{"ProcessID":488,"ThreadID":596},"Channel":"System","Computer":"37L4247D28-05","Security":null},"EventData":{"param1":"Windows Licensing Monitoring Service","param2":"running","Binary":"57004C004D0053002F0034000000"}}}
{"Event_attributes":{"xmlns":"http://schemas.microsoft.com/win/2004/08/events/event"},"Event":{"System":{"Provider_attributes":{"Name":"Service Control Manager","Guid":"{555908d1-a6d7-4695-8e1e-26931d2012f4}","EventSourceName":"Service Control Manager"},"EventID_attributes":{"Qualifiers":16384},"EventID":7036,"Version":0,"Level":4,"Task":0,"Opcode":0,"Keywords":"0x8080000000000000","TimeCreated_attributes":{"SystemTime":"2013-10-23T16:16:35.140625Z"},"EventRecordID":105,"Correlation":null,"Execution_attributes":{"ProcessID":488,"ThreadID":596},"Channel":"System","Computer":"37L4247D28-05","Security":null},"EventData":{"param1":"Windows Management Instrumentation","param2":"running","Binary":"570069006E006D0067006D0074002F0034000000"}}}
{"Event_attributes":{"xmlns":"http://schemas.microsoft.com/win/2004/08/events/event"},"Event":{"System":{"Provider_attributes":{"Name":"Service Control Manager","Guid":"{555908d1-a6d7-4695-8e1e-26931d2012f4}","EventSourceName":"Service Control Manager"},"EventID_attributes":{"Qualifiers":16384},"EventID":7036,"Version":0,"Level":4,"Task":0,"Opcode":0,"Keywords":"0x8080000000000000","TimeCreated_attributes":{"SystemTime":"2013-10-23T16:16:35.968750Z"},"EventRecordID":106,"Correlation":null,"Execution_attributes":{"ProcessID":488,"ThreadID":588},"Channel":"System","Computer":"37L4247D28-05","Security":null},"EventData":{"param1":"IP Helper","param2":"running","Binary":"6900700068006C0070007300760063002F0034000000"}}}
{"Event_attributes":{"xmlns":"http://schemas.microsoft.com/win/2004/08/events/event"},"Event":{"System":{"Provider_attributes":{"Name":"Service Control Manager","Guid":"{555908d1-a6d7-4695-8e1e-26931d2012f4}","EventSourceName":"Service Control Manager"},"EventID_attributes":{"Qualifiers":16384},"EventID":7036,"Version":0,"Level":4,"Task":0,"Opcode":0,"Keywords":"0x8080000000000000","TimeCreated_attributes":{"SystemTime":"2013-10-23T16:16:36.828125Z"},"EventRecordID":107,"Correlation":null,"Execution_attributes":{"ProcessID":488,"ThreadID":596},"Channel":"System","Computer":"37L4247D28-05","Security":null},"EventData":{"param1":"Server","param2":"running","Binary":"4C0061006E006D0061006E005300650072007600650072002F0034000000"}}}
{"Event_attributes":{"xmlns":"http://schemas.microsoft.com/win/2004/08/events/event"},"Event":{"System":{"Provider_attributes":{"Name":"Service Control Manager","Guid":"{555908d1-a6d7-4695-8e1e-26931d2012f4}","EventSourceName":"Service Control Manager"},"EventID_attributes":{"Qualifiers":16384},"EventID":7036,"Version":0,"Level":4,"Task":0,"Opcode":0,"Keywords":"0x8080000000000000","TimeCreated_attributes":{"SystemTime":"2013-10-23T16:16:37.234375Z"},"EventRecordID":108,"Correlation":null,"Execution_attributes":{"ProcessID":488,"ThreadID":592},"Channel":"System","Computer":"37L4247D28-05","Security":null},"EventData":{"param1":"Diagnostic Service Host","param2":"running","Binary":"570064006900530065007200760069006300650048006F00730074002F0034000000"}}}
{"Event_attributes":{"xmlns":"http://schemas.microsoft.com/win/2004/08/events/event"},"Event":{"System":{"Provider_attributes":{"Name":"Service Control Manager","Guid":"{555908d1-a6d7-4695-8e1e-26931d2012f4}","EventSourceName":"Service Control Manager"},"EventID_attributes":{"Qualifiers":16384},"EventID":7036,"Version":0,"Level":4,"Task":0,"Opcode":0,"Keywords":"0x8080000000000000","TimeCreated_attributes":{"SystemTime":"2013-10-23T16:16:37.796875Z"},"EventRecordID":109,"Correlation":null,"Execution_attributes":{"ProcessID":488,"ThreadID":592},"Channel":"System","Computer":"37L4247D28-05","Security":null},"EventData":{"param1":"Diagnostic System Host","param2":"running","Binary":"570064006900530079007300740065006D0048006F00730074002F0034000000"}}}
{"Event_attributes":{"xmlns":"http://schemas.microsoft.com/win/2004/08/events/event"},"Event":{"System":{"Provider_attributes":{"Name":"Service Control Manager","Guid":"{555908d1-a6d7-4695-8e1e-26931d2012f4}","EventSourceName":"Service Control Manager"},"EventID_attributes":{"Qualifiers":16384},"EventID":7036,"Version":0,"Level":4,"Task":0,"Opcode":0,"Keywords":"0x8080000000000000","TimeCreated_attributes":{"SystemTime":"2013-10-23T16:16:38.062500Z"},"EventRecordID":110,"Correlation":null,"Execution_attributes":{"ProcessID":488,"ThreadID":592},"Channel":"System","Computer":"37L4247D28-05","Security":null},"EventData":{"param1":"Application Experience","param2":"running","Binary":"410065004C006F006F006B00750070005300760063002F0034000000"}}}
{"Event_attributes":{"xmlns":"http://schemas.microsoft.com/win/2004/08/events/event"},"Event":{"System":{"Provider_attributes":{"Name":"Service Control Manager","Guid":"{555908d1-a6d7-4695-8e1e-26931d2012f4}","EventSourceName":"Service Control Manager"},"EventID_attributes":{"Qualifiers":16384},"EventID":7036,"Version":0,"Level":4,"Task":0,"Opcode":0,"Keywords":"0x8080000000000000","TimeCreated_attributes":{"SystemTime":"2013-10-23T16:16:38.265625Z"},"EventRecordID":111,"Correlation":null,"Execution_attributes":{"ProcessID":488,"ThreadID":592},"Channel":"System","Computer":"37L4247D28-05","Security":null},"EventData":{"param1":"Network List Service","param2":"running","Binary":"6E0065007400700072006F0066006D002F0034000000"}}}
{"Event_attributes":{"xmlns":"http://schemas.microsoft.com/win/2004/08/events/event"},"Event":{"System":{"Provider_attributes":{"Name":"Service Control Manager","Guid":"{555908d1-a6d7-4695-8e1e-26931d2012f4}","EventSourceName":"Service Control Manager"},"EventID_attributes":{"Qualifiers":16384},"EventID":7036,"Version":0,"Level":4,"Task":0,"Opcode":0,"Keywords":"0x8080000000000000","TimeCreated_attributes":{"SystemTime":"2013-10-23T16:16:38.734375Z"},"EventRecordID":112,"Correlation":null,"Execution_attributes":{"ProcessID":488,"ThreadID":588},"Channel":"System","Computer":"37L4247D28-05","Security":null},"EventData":{"param1":"Portable Device Enumerator Service","param2":"running","Binary":"57005000440042007500730045006E0075006D002F0034000000"}}}
{"Event_attributes":{"xmlns":"http://schemas.microsoft.com/win/2004/08/events/event"},"Event":{"System":{"Provider_attributes":{"Name":"Microsoft-Windows-UserPnp","Guid":"96F4A050-7E31-453C-88BE-9634F4E02139"},"EventID":20003,"Version":0,"Level":4,"Task":7005,"Opcode":0,"Keywords":"0x8000000000000000","TimeCreated_attributes":{"SystemTime":"2013-10-23T16:16:46.234375Z"},"EventRecordID":113,"Correlation":null,"Execution_attributes":{"ProcessID":1672,"ThreadID":1724},"Channel":"System","Computer":"37L4247D28-05","Security_attributes":{"UserID":"S-1-5-18"}},"UserData":{"AddServiceID_attributes":{"xmlns:auto-ns2":"http://schemas.microsoft.com/win/2004/08/events","xmlns":"http://manifests.microsoft.com/win/2004/08/windows/userpnp"},"AddServiceID":{"ServiceName":"mssmbios","DriverFileName":"system32\\DRIVERS\\mssmbios.sys","DeviceInstanceID":"ROOT\\MSSMBIOS\\0000","PrimaryService":true,"UpdateService":true,"AddServiceStatus":0}}}}
{"Event_attributes":{"xmlns":"http://schemas.microsoft.com/win/2004/08/events/event"},"Event":{"System":{"Provider_attributes":{"Name":"Microsoft-Windows-UserPnp","Guid":"96F4A050-7E31-453C-88BE-9634F4E02139"},"EventID":20001,"Version":0,"Level":4,"Task":7005,"Opcode":0,"Keywords":"0x8000000000000000","TimeCreated_attributes":{"SystemTime":"2013-10-23T16:16:46.562500Z"},"EventRecordID":114,"Correlation":null,"Execution_attributes":{"ProcessID":1672,"ThreadID":1724},"Channel":"System","Computer":"37L4247D28-05","Security_attributes":{"UserID":"S-1-5-18"}},"UserData":{"InstallDeviceID_attributes":{"xmlns:auto-ns2":"http://schemas.microsoft.com/win/2004/08/events","xmlns":"http://manifests.microsoft.com/win/2004/08/windows/userpnp"},"InstallDeviceID":{"DriverName":"FileRepository\\machine.inf_x86_neutral_65848c2d7375a720\\machine.inf","DriverVersion":"6.1.7600.16385","DriverProvider":"Microsoft","DeviceInstanceID":"ROOT\\MSSMBIOS\\0000","SetupClass":"4D36E97D-E325-11CE-BFC1-08002BE10318","RebootOption":false,"UpgradeDevice":false,"IsDriverOEM":false,"InstallStatus":"0x0","DriverDescription":"Microsoft System Management BIOS Driver"}}}}
{"Event_attributes":{"xmlns":"http://schemas.microsoft.com/win/2004/08/events/event"},"Event":{"System":{"Provider_attributes":{"Name":"Microsoft-Windows-UserPnp","Guid":"96F4A050-7E31-453C-88BE-9634F4E02139"},"EventID":20003,"Version":0,"Level":4,"Task":7005,"Opcode":0,"Keywords":"0x8000000000000000","TimeCreated_attributes":{"SystemTime":"2013-10-23T16:16:54.500000Z"},"EventRecordID":115,"Correlation":null,"Execution_attributes":{"ProcessID":1664,"ThreadID":1720},"Channel":"System","Computer":"37L4247D28-05","Security_attributes":{"UserID":"S-1-5-18"}},"UserData":{"AddServiceID_attributes":{"xmlns:auto-ns2":"http://schemas.microsoft.com/win/2004/08/events","xmlns":"http://manifests.microsoft.com/win/2004/08/windows/userpnp"},"AddServiceID":{"ServiceName":"NdisWan","DriverFileName":"system32\\DRIVERS\\ndiswan.sys","DeviceInstanceID":"ROOT\\MS_NDISWANBH\\0000","PrimaryService":true,"UpdateService":true,"AddServiceStatus":0}}}}
{"Event_attributes":{"xmlns":"http://schemas.microsoft.com/win/2004/08/events/event"},"Event":{"System":{"Provider_attributes":{"Name":"Microsoft-Windows-UserPnp","Guid":"96F4A050-7E31-453C-88BE-9634F4E02139"},"EventID":20003,"Version":0,"Level":4,"Task":7005,"Opcode":0,"Keywords":"0x8000000000000000","TimeCreated_attributes":{"SystemTime":"2013-10-23T16:16:54.515625Z"},"EventRecordID":116,"Correlation":null,"Execution_attributes":{"ProcessID":1664,"ThreadID":1720},"Channel":"System","Computer":"37L4247D28-05","Security_attributes":{"UserID":"S-1-5-18"}},"UserData":{"AddServiceID_attributes":{"xmlns:auto-ns2":"http://schemas.microsoft.com/win/2004/08/events","xmlns":"http://manifests.microsoft.com/win/2004/08/windows/userpnp"},"AddServiceID":{"ServiceName":"NdisTapi","DriverFileName":"system32\\DRIVERS\\ndistapi.sys","DeviceInstanceID":"ROOT\\MS_NDISWANBH\\0000","PrimaryService":false,"UpdateService":true,"AddServiceStatus":0}}}}
{"Event_attributes":{"xmlns":"http://schemas.microsoft.com/win/2004/08/events/event"},"Event":{"System":{"Provider_attributes":{"Name":"Microsoft-Windows-UserPnp","Guid":"96F4A050-7E31-453C-88BE-9634F4E02139"},"EventID":20001,"Version":0,"Level":4,"Task":7005,"Opcode":0,"Keywords":"0x8000000000000000","TimeCreated_attributes":{"SystemTime":"2013-10-23T16:16:56.406250Z"},"EventRecordID":117,"Correlation":null,"Execution_attributes":{"ProcessID":1664,"ThreadID":1720},"Channel":"System","Computer":"37L4247D28-05","Security_attributes":{"UserID":"S-1-5-18"}},"UserData":{"InstallDeviceID_attributes":{"xmlns:auto-ns2":"http://schemas.microsoft.com/win/2004/08/events","xmlns":"http://manifests.microsoft.com/win/2004/08/windows/userpnp"},"InstallDeviceID":{"DriverName":null,"DriverVersion":"6.1.7600.16385","DriverProvider":"Microsoft","DeviceInstanceID":"ROOT\\MS_NDISWANBH\\0000","SetupClass":"4D36E972-E325-11CE-BFC1-08002BE10318","RebootOption":false,"UpgradeDevice":true,"IsDriverOEM":false,"InstallStatus":"0x0","DriverDescription":"WAN Miniport (Network Monitor)"}}}}
{"Event_attributes":{"xmlns":"http://schemas.microsoft.com/win/2004/08/events/event"},"Event":{"System":{"Provider_attributes":{"Name":"Microsoft-Windows-UserPnp","Guid":"96F4A050-7E31-453C-88BE-9634F4E02139"},"EventID":20003,"Version":0,"Level":4,"Task":7005,"Opcode":0,"Keywords":"0x8000000000000000","TimeCreated_attributes":{"SystemTime":"2013-10-23T16:16:56.578125Z"},"EventRecordID":118,"Correlation":null,"Execution_attributes":{"ProcessID":1680,"ThreadID":1712},"Channel":"System","Computer":"37L4247D28-05","Security_attributes":{"UserID":"S-1-5-18"}},"UserData":{"AddServiceID_attributes":{"xmlns:auto-ns2":"http://schemas.microsoft.com/win/2004/08/events","xmlns":"http://manifests.microsoft.com/win/2004/08/windows/userpnp"},"AddServiceID":{"ServiceName":"RasAgileVpn","DriverFileName":"system32\\DRIVERS\\AgileVpn.sys","DeviceInstanceID":"ROOT\\MS_AGILEVPNMINIPORT\\0000","PrimaryService":true,"UpdateService":true,"AddServiceStatus":0}}}}
{"Event_attributes":{"xmlns":"http://schemas.microsoft.com/win/2004/08/events/event"},"Event":{"System":{"Provider_attributes":{"Name":"Microsoft-Windows-UserPnp","Guid":"96F4A050-7E31-453C-88BE-9634F4E02139"},"EventID":20001,"Version":0,"Level":4,"Task":7005,"Opcode":0,"Keywords":"0x8000000000000000","TimeCreated_attributes":{"SystemTime":"2013-10-23T16:16:57.171875Z"},"EventRecordID":119,"Correlation":null,"Execution_attributes":{"ProcessID":1680,"ThreadID":1712},"Channel":"System","Computer":"37L4247D28-05","Security_attributes":{"UserID":"S-1-5-18"}},"UserData":{"InstallDeviceID_attributes":{"xmlns:auto-ns2":"http://schemas.microsoft.com/win/2004/08/events","xmlns":"http://manifests.microsoft.com/win/2004/08/windows/userpnp"},"InstallDeviceID":{"DriverName":null,"DriverVersion":"6.1.7600.16385","DriverProvider":"Microsoft","DeviceInstanceID":"ROOT\\MS_AGILEVPNMINIPORT\\0000","SetupClass":"4D36E972-E325-11CE-BFC1-08002BE10318","RebootOption":false,"UpgradeDevice":true,"IsDriverOEM":false,"InstallStatus":"0x0","DriverDescription":"WAN Miniport (IKEv2)"}}}}
{"Event_attributes":{"xmlns":"http://schemas.microsoft.com/win/2004/08/events/event"},"Event":{"System":{"Provider_attributes":{"Name":"Microsoft-Windows-UserPnp","Guid":"96F4A050-7E31-453C-88BE-9634F4E02139"},"EventID":20003,"Version":0,"Level":4,"Task":7005,"Opcode":0,"Keywords":"0x8000000000000000","TimeCreated_attributes":{"SystemTime":"2013-10-23T16:16:57.781250Z"},"EventRecordID":120,"Correlation":null,"Execution_attributes":{"ProcessID":1900,"ThreadID":1908},"Channel":"System","Computer":"37L4247D28-05","Security_attributes":{"UserID":"S-1-5-18"}},"UserData":{"AddServiceID_attributes":{"xmlns:auto-ns2":"http://schemas.microsoft.com/win/2004/08/events","xmlns":"http://manifests.microsoft.com/win/2004/08/windows/userpnp"},"AddServiceID":{"ServiceName":"NdisWan","DriverFileName":"system32\\DRIVERS\\ndiswan.sys","DeviceInstanceID":"ROOT\\MS_NDISWANIP\\0000","PrimaryService":true,"UpdateService":true,"AddServiceStatus":0}}}}
{"Event_attributes":{"xmlns":"http://schemas.microsoft.com/win/2004/08/events/event"},"Event":{"System":{"Provider_attributes":{"Name":"Microsoft-Windows-UserPnp","Guid":"96F4A050-7E31-453C-88BE-9634F4E02139"},"EventID":20003,"Version":0,"Level":4,"Task":7005,"Opcode":0,"Keywords":"0x8000000000000000","TimeCreated_attributes":{"SystemTime":"2013-10-23T16:16:57.781250Z"},"EventRecordID":121,"Correlation":null,"Execution_attributes":{"ProcessID":1900,"ThreadID":1908},"Channel":"System","Computer":"37L4247D28-05","Security_attributes":{"UserID":"S-1-5-18"}},"UserData":{"AddServiceID_attributes":{"xmlns:auto-ns2":"http://schemas.microsoft.com/win/2004/08/events","xmlns":"http://manifests.microsoft.com/win/2004/08/windows/userpnp"},"AddServiceID":{"ServiceName":"NdisTapi","DriverFileName":"system32\\DRIVERS\\ndistapi.sys","DeviceInstanceID":"ROOT\\MS_NDISWANIP\\0000","PrimaryService":false,"UpdateService":true,"AddServiceStatus":0}}}}
{"Event_attributes":{"xmlns":"http://schemas.microsoft.com/win/2004/08/events/event"},"Event":{"System":{"Provider_attributes":{"Name":"Microsoft-Windows-UserPnp","Guid":"96F4A050-7E31-453C-88BE-9634F4E02139"},"EventID":20001,"Version":0,"Level":4,"Task":7005,"Opcode":0,"Keywords":"0x8000000000000000","TimeCreated_attributes":{"SystemTime":"2013-10-23T16:16:58.843750Z"},"EventRecordID":122,"Correlation":null,"Execution_attributes":{"ProcessID":1900,"ThreadID":1908},"Channel":"System","Computer":"37L4247D28-05","Security_attributes":{"UserID":"S-1-5-18"}},"UserData":{"InstallDeviceID_attributes":{"xmlns:auto-ns2":"http://schemas.microsoft.com/win/2004/08/events","xmlns":"http://manifests.microsoft.com/win/2004/08/windows/userpnp"},"InstallDeviceID":{"DriverName":null,"DriverVersion":"6.1.7600.16385","DriverProvider":"Microsoft","DeviceInstanceID":"ROOT\\MS_NDISWANIP\\0000","SetupClass":"4D36E972-E325-11CE-BFC1-08002BE10318","RebootOption":false,"UpgradeDevice":true,"IsDriverOEM":false,"InstallStatus":"0x0","DriverDescription":"WAN Miniport (IP)"}}}}
{"Event_attributes":{"xmlns":"http://schemas.microsoft.com/win/2004/08/events/event"},"Event":{"System":{"Provider_attributes":{"Name":"Microsoft-Windows-UserPnp","Guid":"96F4A050-7E31-453C-88BE-9634F4E02139"},"EventID":20003,"Version":0,"Level":4,"Task":7005,"Opcode":0,"Keywords":"0x8000000000000000","TimeCreated_attributes":{"SystemTime":"2013-10-23T16:16:59.062500Z"},"EventRecordID":123,"Correlation":null,"Execution_attributes":{"ProcessID":1688,"ThreadID":1716},"Channel":"System","Computer":"37L4247D28-05","Security_attributes":{"UserID":"S-1-5-18"}},"UserData":{"AddServiceID_attributes":{"xmlns:auto-ns2":"http://schemas.microsoft.com/win/2004/08/events","xmlns":"http://manifests.microsoft.com/win/2004/08/windows/userpnp"},"AddServiceID":{"ServiceName":"Rasl2tp","DriverFileName":"system32\\DRIVERS\\rasl2tp.sys","DeviceInstanceID":"ROOT\\MS_L2TPMINIPORT\\0000","PrimaryService":true,"UpdateService":true,"AddServiceStatus":0}}}}
{"Event_attributes":{"xmlns":"http://schemas.microsoft.com/win/2004/08/events/event"},"Event":{"System":{"Provider_attributes":{"Name":"Microsoft-Windows-UserPnp","Guid":"96F4A050-7E31-453C-88BE-9634F4E02139"},"EventID":20001,"Version":0,"Level":4,"Task":7005,"Opcode":0,"Keywords":"0x8000000000000000","TimeCreated_attributes":{"SystemTime":"2013-10-23T16:16:59.968750Z"},"EventRecordID":124,"Correlation":null,"Execution_attributes":{"ProcessID":1688,"ThreadID":1716},"Channel":"System","Computer":"37L4247D28-05","Security_attributes":{"UserID":"S-1-5-18"}},"UserData":{"InstallDeviceID_attributes":{"xmlns:auto-ns2":"http://schemas.microsoft.com/win/2004/08/events","xmlns":"http://manifests.microsoft.com/win/2004/08/windows/userpnp"},"InstallDeviceID":{"DriverName":null,"DriverVersion":"6.1.7600.16385","DriverProvider":"Microsoft","DeviceInstanceID":"ROOT\\MS_L2TPMINIPORT\\0000","SetupClass":"4D36E972-E325-11CE-BFC1-08002BE10318","RebootOption":false,"UpgradeDevice":true,"IsDriverOEM":false,"InstallStatus":"0x0","DriverDescription":"WAN Miniport (L2TP)"}}}}
{"Event_attributes":{"xmlns":"http://schemas.microsoft.com/win/2004/08/events/event"},"Event":{"System":{"Provider_attributes":{"Name":"Microsoft-Windows-UserPnp","Guid":"96F4A050-7E31-453C-88BE-9634F4E02139"},"EventID":20003,"Version":0,"Level":4,"Task":7005,"Opcode":0,"Keywords":"0x8000000000000000","TimeCreated_attributes":{"SystemTime":"2013-10-23T16:17:00.265625Z"},"EventRecordID":125,"Correlation":null,"Execution_attributes":{"ProcessID":1960,"ThreadID":1968},"Channel":"System","Computer":"37L4247D28-05","Security_attributes":{"UserID":"S-1-5-18"}},"UserData":{"AddServiceID_attributes":{"xmlns:auto-ns2":"http://schemas.microsoft.com/win/2004/08/events","xmlns":"http://manifests.microsoft.com/win/2004/08/windows/userpnp"},"AddServiceID":{"ServiceName":"NdisWan","DriverFileName":"system32\\DRIVERS\\ndiswan.sys","DeviceInstanceID":"ROOT\\MS_NDISWANIPV6\\0000","PrimaryService":true,"UpdateService":true,"AddServiceStatus":0}}}}
{"Event_attributes":{"xmlns":"http://schemas.microsoft.com/win/2004/08/events/event"},"Event":{"System":{"Provider_attributes":{"Name":"Microsoft-Windows-UserPnp","Guid":"96F4A050-7E31-453C-88BE-9634F4E02139"},"EventID":20003,"Version":0,"Level":4,"Task":7005,"Opcode":0,"Keywords":"0x8000000000000000","TimeCreated_attributes":{"SystemTime":"2013-10-23T16:17:00.390625Z"},"EventRecordID":126,"Correlation":null,"Execution_attributes":{"ProcessID":1960,"ThreadID":1968},"Channel":"System","Computer":"37L4247D28-05","Security_attributes":{"UserID":"S-1-5-18"}},"UserData":{"AddServiceID_attributes":{"xmlns:auto-ns2":"http://schemas.microsoft.com/win/2004/08/events","xmlns":"http://manifests.microsoft.com/win/2004/08/windows/userpnp"},"AddServiceID":{"ServiceName":"NdisTapi","DriverFileName":"system32\\DRIVERS\\ndistapi.sys","DeviceInstanceID":"ROOT\\MS_NDISWANIPV6\\0000","PrimaryService":false,"UpdateService":true,"AddServiceStatus":0}}}}
{"Event_attributes":{"xmlns":"http://schemas.microsoft.com/win/2004/08/events/event"},"Event":{"System":{"Provider_attributes":{"Name":"Microsoft-Windows-UserPnp","Guid":"96F4A050-7E31-453C-88BE-9634F4E02139"},"EventID":20001,"Version":0,"Level":4,"Task":7005,"Opcode":0,"Keywords":"0x8000000000000000","TimeCreated_attributes":{"SystemTime":"2013-10-23T16:17:01.140625Z"},"EventRecordID":127,"Correlation":null,"Execution_attributes":{"ProcessID":1960,"ThreadID":1968},"Channel":"System","Computer":"37L4247D28-05","Security_attributes":{"UserID":"S-1-5-18"}},"UserData":{"InstallDeviceID_attributes":{"xmlns:auto-ns2":"http://schemas.microsoft.com/win/2004/08/events","xmlns":"http://manifests.microsoft.com/win/2004/08/windows/userpnp"},"InstallDeviceID":{"DriverName":null,"DriverVersion":"6.1.7600.16385","DriverProvider":"Microsoft","DeviceInstanceID":"ROOT\\MS_NDISWANIPV6\\0000","SetupClass":"4D36E972-E325-11CE-BFC1-08002BE10318","RebootOption":false,"UpgradeDevice":true,"IsDriverOEM":false,"InstallStatus":"0x0","DriverDescription":"WAN Miniport (IPv6)"}}}}
{"Event_attributes":{"xmlns":"http://schemas.microsoft.com/win/2004/08/events/event"},"Event":{"System":{"Provider_attributes":{"Name":"Microsoft-Windows-UserPnp","Guid":"96F4A050-7E31-453C-88BE-9634F4E02139"},"EventID":20003,"Version":0,"Level":4,"Task":7005,"Opcode":0,"Keywords":"0x8000000000000000","TimeCreated_attributes":{"SystemTime":"2013-10-23T16:17:01.734375Z"},"EventRecordID":128,"Correlation":null,"Execution_attributes":{"ProcessID":1984,"ThreadID":2000},"Channel":"System","Computer":"37L4247D28-05","Security_attributes":{"UserID":"S-1-5-18"}},"UserData":{"AddServiceID_attributes":{"xmlns:auto-ns2":"http://schemas.microsoft.com/win/2004/08/events","xmlns":"http://manifests.microsoft.com/win/2004/08/windows/userpnp"},"AddServiceID":{"ServiceName":"RasPppoe","DriverFileName":"system32\\DRIVERS\\raspppoe.sys","DeviceInstanceID":"ROOT\\MS_PPPOEMINIPORT\\0000","PrimaryService":true,"UpdateService":true,"AddServiceStatus":0}}}}
{"Event_attributes":{"xmlns":"http://schemas.microsoft.com/win/2004/08/events/event"},"Event":{"System":{"Provider_attributes":{"Name":"Microsoft-Windows-UserPnp","Guid":"96F4A050-7E31-453C-88BE-9634F4E02139"},"EventID":20001,"Version":0,"Level":4,"Task":7005,"Opcode":0,"Keywords":"0x8000000000000000","TimeCreated_attributes":{"SystemTime":"2013-10-23T16:17:02.656250Z"},"EventRecordID":129,"Correlation":null,"Execution_attributes":{"ProcessID":1984,"ThreadID":2000},"Channel":"System","Computer":"37L4247D28-05","Security_attributes":{"UserID":"S-1-5-18"}},"UserData":{"InstallDeviceID_attributes":{"xmlns:auto-ns2":"http://schemas.microsoft.com/win/2004/08/events","xmlns":"http://manifests.microsoft.com/win/2004/08/windows/userpnp"},"InstallDeviceID":{"DriverName":null,"DriverVersion":"6.1.7600.16385","DriverProvider":"Microsoft","DeviceInstanceID":"ROOT\\MS_PPPOEMINIPORT\\0000","SetupClass":"4D36E972-E325-11CE-BFC1-08002BE10318","RebootOption":false,"UpgradeDevice":true,"IsDriverOEM":false,"InstallStatus":"0x0","DriverDescription":"WAN Miniport (PPPOE)"}}}}
{"Event_attributes":{"xmlns":"http://schemas.microsoft.com/win/2004/08/events/event"},"Event":{"System":{"Provider_attributes":{"Name":"Microsoft-Windows-UserPnp","Guid":"96F4A050-7E31-453C-88BE-9634F4E02139"},"EventID":20001,"Version":0,"Level":4,"Task":7005,"Opcode":0,"Keywords":"0x8000000000000000","TimeCreated_attributes":{"SystemTime":"2013-10-23T16:17:02.906250Z"},"EventRecordID":130,"Correlation":null,"Execution_attributes":{"ProcessID":2024,"ThreadID":2032},"Channel":"System","Computer":"37L4247D28-05","Security_attributes":{"UserID":"S-1-5-18"}},"UserData":{"InstallDeviceID_attributes":{"xmlns:auto-ns2":"http://schemas.microsoft.com/win/2004/08/events","xmlns":"http://manifests.microsoft.com/win/2004/08/windows/userpnp"},"InstallDeviceID":{"DriverName":"FileRepository\\hal.inf_x86_neutral_bf3422256b0b201d\\hal.inf","DriverVersion":"6.1.7600.16385","DriverProvider":"Microsoft","DeviceInstanceID":"ROOT\\ACPI_HAL\\0000","SetupClass":"4D36E966-E325-11CE-BFC1-08002BE10318","RebootOption":true,"UpgradeDevice":true,"IsDriverOEM":false,"InstallStatus":"0x0","DriverDescription":"ACPI x86-based PC"}}}}
