{"Event_attributes":{"xmlns":"http://schemas.microsoft.com/win/2004/08/events/event"},"Event":{"System":{"Provider_attributes":{"Name":"Service Control Manager","Guid":"{555908d1-a6d7-4695-8e1e-26931d2012f4}","EventSourceName":"Service Control Manager"},"EventID_attributes":{"Qualifiers":16384},"EventID":7040,"Version":0,"Level":4,"Task":0,"Opcode":0,"Keywords":"0x8080000000000000","TimeCreated_attributes":{"SystemTime":"2013-10-23T18:02:19.988500Z"},"EventRecordID":1329,"Correlation":null,"Execution_attributes":{"ProcessID":512,"ThreadID":2640},"Channel":"System","Computer":"IE8Win7","Security_attributes":{"UserID":"S-1-5-18"}},"EventData":{"param1":"Windows Modules Installer","param2":"demand start","param3":"auto start","param4":"TrustedInstaller"}}}
{"Event_attributes":{"xmlns":"http://schemas.microsoft.com/win/2004/08/events/event"},"Event":{"System":{"Provider_attributes":{"Name":"Service Control Manager","Guid":"{555908d1-a6d7-4695-8e1e-26931d2012f4}","EventSourceName":"Service Control Manager"},"EventID_attributes":{"Qualifiers":16384},"EventID":7040,"Version":0,"Level":4,"Task":0,"Opcode":0,"Keywords":"0x8080000000000000","TimeCreated_attributes":{"SystemTime":"2013-10-23T18:02:23.035375Z"},"EventRecordID":1330,"Correlation":null,"Execution_attributes":{"ProcessID":512,"ThreadID":2640},"Channel":"System","Computer":"IE8Win7","Security_attributes":{"UserID":"S-1-5-18"}},"EventData":{"param1":"Windows Modules Installer","param2":"auto start","param3":"demand start","param4":"TrustedInstaller"}}}
{"Event_attributes":{"xmlns":"http://schemas.microsoft.com/win/2004/08/events/event"},"Event":{"System":{"Provider_attributes":{"Name":"Microsoft-Windows-WindowsUpdateClient","Guid":"945A8954-C147-4ACD-923F-40C45405A658"},"EventID":18,"Version":0,"Level":4,"Task":2,"Opcode":12,"Keywords":"0x8000000000000014","TimeCreated_attributes":{"SystemTime":"2013-10-23T18:02:24.769750Z"},"EventRecordID":1331,"Correlation":null,"Execution_attributes":{"ProcessID":940,"ThreadID":2760},"Channel":"System","Computer":"IE8Win7","Security_attributes":{"UserID":"S-1-5-18"}},"EventData":{"schedinstalldate":"‎Thursday, ‎October ‎24, ‎2013","schedinstalltime":"3:00 AM","updatelist":"\n- Security Update for Microsoft .NET Framework 4 on XP, Server 2003, Vista, Windows 7, Server 2008 x86 (KB2789642)\n- Update for Microsoft .NET Framework 4 on Windows XP, Windows Server 2003, Windows Vista, Windows 7, Windows Server 2008 x86 (KB2533523)\n- Security Update for Microsoft .NET Framework 4 on XP, Server 2003, Vista, Windows 7, Server 2008 x86 (KB2656351)\n- Update for Microsoft .NET Framework 4 on Windows XP, Windows Server 2003, Windows Vista, Windows 7, Windows Server 2008 x86 (KB2468871)\n- Security Update for Microsoft .NET Framework 4 on XP, Server 2003, Vista, Windows 7, Server 2008 x86 (KB2604121)\n- Security Update for Microsoft .NET Framework 4 on XP, Server 2003, Vista, Windows 7, Server 2008 x86 (KB2742595)\n- Security Update for Microsoft .NET Framework 4 on XP, Server 2003, Vista, Windows 7, Server 2008 x86 (KB2729449)"}}}
{"Event_attributes":{"xmlns":"http://schemas.microsoft.com/win/2004/08/events/event"},"Event":{"System":{"Provider_attributes":{"Name":"Microsoft-Windows-WindowsUpdateClient","Guid":"945A8954-C147-4ACD-923F-40C45405A658"},"EventID":18,"Version":0,"Level":4,"Task":2,"Opcode":12,"Keywords":"0x8000000000000014","TimeCreated_attributes":{"SystemTime":"2013-10-23T18:02:29.254125Z"},"EventRecordID":1332,"Correlation":null,"Execution_attributes":{"ProcessID":940,"ThreadID":2760},"Channel":"System","Computer":"IE8Win7","Security_attributes":{"UserID":"S-1-5-18"}},"EventData":{"schedinstalldate":"‎Thursday, ‎October ‎24, ‎2013","schedinstalltime":"3:00 AM","updatelist":"\n- Security Update for Microsoft .NET Framework 4 on XP, Server 2003, Vista, Windows 7, Server 2008 x86 (KB2789642)\n- Update for Microsoft .NET Framework 4 on Windows XP, Windows Server 2003, Windows Vista, Windows 7, Windows Server 2008 x86 (KB2533523)\n- Security Update for Microsoft .NET Framework 4 on XP, Server 2003, Vista, Windows 7, Server 2008 x86 (KB2656351)\n- Update for Microsoft .NET Framework 4 on Windows XP, Windows Server 2003, Windows Vista, Windows 7, Windows Server 2008 x86 (KB2468871)\n- Security Update for Microsoft .NET Framework 4 on XP, Server 2003, Vista, Windows 7, Server 2008 x86 (KB2604121)\n- Security Update for Microsoft .NET Framework 4 on XP, Server 2003, Vista, Windows 7, Server 2008 x86 (KB2742595)\n- Security Update for Microsoft .NET Framework 4 on XP, Server 2003, Vista, Windows 7, Server 2008 x86 (KB2729449)\n- Security Update for Microsoft .NET Framework 4 on XP, Server 2003, Vista, Windows 7, Server 2008 x86 (KB2737019)"}}}
{"Event_attributes":{"xmlns":"http://schemas.microsoft.com/win/2004/08/events/event"},"Event":{"System":{"Provider_attributes":{"Name":"Microsoft-Windows-WindowsUpdateClient","Guid":"945A8954-C147-4ACD-923F-40C45405A658"},"EventID":18,"Version":0,"Level":4,"Task":2,"Opcode":12,"Keywords":"0x8000000000000014","TimeCreated_attributes":{"SystemTime":"2013-10-23T18:02:41.222875Z"},"EventRecordID":1333,"Correlation":null,"Execution_attributes":{"ProcessID":940,"ThreadID":2760},"Channel":"System","Computer":"IE8Win7","Security_attributes":{"UserID":"S-1-5-18"}},"EventData":{"schedinstalldate":"‎Thursday, ‎October ‎24, ‎2013","schedinstalltime":"3:00 AM","updatelist":"\n- Security Update for Microsoft .NET Framework 4 on XP, Server 2003, Vista, Windows 7, Server 2008 x86 (KB2789642)\n- Update for Microsoft .NET Framework 4 on Windows XP, Windows Server 2003, Windows Vista, Windows 7, Windows Server 2008 x86 (KB2533523)\n- Security Update for Microsoft .NET Framework 4 on XP, Server 2003, Vista, Windows 7, Server 2008 x86 (KB2656351)\n- Update for Microsoft .NET Framework 4 on Windows XP, Windows Server 2003, Windows Vista, Windows 7, Windows Server 2008 x86 (KB2468871)\n- Security Update for Microsoft .NET Framework 4 on XP, Server 2003, Vista, Windows 7, Server 2008 x86 (KB2604121)\n- Security Update for Microsoft .NET Framework 4 on XP, Server 2003, Vista, Windows 7, Server 2008 x86 (KB2742595)\n- Security Update for Microsoft .NET Framework 4 on XP, Server 2003, Vista, Windows 7, Server 2008 x86 (KB2729449)\n- Security Update for Microsoft .NET Framework 4 on XP, Server 2003, Vista, Windows 7, Server 2008 x86 (KB2737019)\n- Update for Microsoft .NET Fram"}}}
{"Event_attributes":{"xmlns":"http://schemas.microsoft.com/win/2004/08/events/event"},"Event":{"System":{"Provider_attributes":{"Name":"Microsoft-Windows-WindowsUpdateClient","Guid":"945A8954-C147-4ACD-923F-40C45405A658"},"EventID":18,"Version":0,"Level":4,"Task":2,"Opcode":12,"Keywords":"0x8000000000000014","TimeCreated_attributes":{"SystemTime":"2013-10-23T18:02:41.222875Z"},"EventRecordID":1334,"Correlation":null,"Execution_attributes":{"ProcessID":940,"ThreadID":2760},"Channel":"System","Computer":"IE8Win7","Security_attributes":{"UserID":"S-1-5-18"}},"EventData":{"schedinstalldate":"‎Thursday, ‎October ‎24, ‎2013","schedinstalltime":"3:00 AM","updatelist":"\n- Security Update for Microsoft .NET Framework 4 on XP, Server 2003, Vista, Windows 7, Server 2008 x86 (KB2789642)\n- Update for Microsoft .NET Framework 4 on Windows XP, Windows Server 2003, Windows Vista, Windows 7, Windows Server 2008 x86 (KB2533523)\n- Security Update for Microsoft .NET Framework 4 on XP, Server 2003, Vista, Windows 7, Server 2008 x86 (KB2656351)\n- Update for Microsoft .NET Framework 4 on Windows XP, Windows Server 2003, Windows Vista, Windows 7, Windows Server 2008 x86 (KB2468871)\n- Security Update for Microsoft .NET Framework 4 on XP, Server 2003, Vista, Windows 7, Server 2008 x86 (KB2604121)\n- Update for Windows 7 (KB2732487)\n- Security Update for Microsoft .NET Framework 4 on XP, Server 2003, Vista, Windows 7, Server 2008 x86 (KB2742595)\n- Security Update for Microsoft .NET Framework 4 on XP, Server 2003, Vista, Windows 7, Server 2008 x86 (KB2729449)\n- Security Update for Microsoft .NET Framework 4 on XP, Server 2003, Vista, Windows 7, Server 2008 x86 (KB273701"}}}
{"Event_attributes":{"xmlns":"http://schemas.microsoft.com/win/2004/08/events/event"},"Event":{"System":{"Provider_attributes":{"Name":"Microsoft-Windows-WindowsUpdateClient","Guid":"945A8954-C147-4ACD-923F-40C45405A658"},"EventID":18,"Version":0,"Level":4,"Task":2,"Opcode":12,"Keywords":"0x8000000000000014","TimeCreated_attributes":{"SystemTime":"2013-10-23T18:02:41.222875Z"},"EventRecordID":1335,"Correlation":null,"Execution_attributes":{"ProcessID":940,"ThreadID":2760},"Channel":"System","Computer":"IE8Win7","Security_attributes":{"UserID":"S-1-5-18"}},"EventData":{"schedinstalldate":"‎Thursday, ‎October ‎24, ‎2013","schedinstalltime":"3:00 AM","updatelist":"\n- Security Update for Microsoft .NET Framework 4 on XP, Server 2003, Vista, Windows 7, Server 2008 x86 (KB2789642)\n- Update for Microsoft .NET Framework 4 on Windows XP, Windows Server 2003, Windows Vista, Windows 7, Windows Server 2008 x86 (KB2533523)\n- Security Update for Microsoft .NET Framework 4 on XP, Server 2003, Vista, Windows 7, Server 2008 x86 (KB2656351)\n- Update for Microsoft .NET Framework 4 on Windows XP, Windows Server 2003, Windows Vista, Windows 7, Windows Server 2008 x86 (KB2468871)\n- Security Update for Microsoft .NET Framework 4 on XP, Server 2003, Vista, Windows 7, Server 2008 x86 (KB2604121)\n- Update for Windows 7 (KB2732487)\n- Security Update for Windows 7 (KB2532531)\n- Security Update for Microsoft .NET Framework 4 on XP, Server 2003, Vista, Windows 7, Server 2008 x86 (KB2742595)\n- Security Update for Microsoft .NET Framework 4 on XP, Server 2003, Vista, Windows 7, Server 2008 x86 (KB2729449)\n- Security Update for Microsoft .NET Framework 4 on XP, Server 2003,"}}}
{"Event_attributes":{"xmlns":"http://schemas.microsoft.com/win/2004/08/events/event"},"Event":{"System":{"Provider_attributes":{"Name":"Microsoft-Windows-WindowsUpdateClient","Guid":"945A8954-C147-4ACD-923F-40C45405A658"},"EventID":18,"Version":0,"Level":4,"Task":2,"Opcode":12,"Keywords":"0x8000000000000014","TimeCreated_attributes":{"SystemTime":"2013-10-23T18:02:50.754125Z"},"EventRecordID":1336,"Correlation":null,"Execution_attributes":{"ProcessID":940,"ThreadID":2760},"Channel":"System","Computer":"IE8Win7","Security_attributes":{"UserID":"S-1-5-18"}},"EventData":{"schedinstalldate":"‎Thursday, ‎October ‎24, ‎2013","schedinstalltime":"3:00 AM","updatelist":"\n- Security Update for Microsoft .NET Framework 4 on XP, Server 2003, Vista, Windows 7, Server 2008 x86 (KB2789642)\n- Update for Microsoft .NET Framework 4 on Windows XP, Windows Server 2003, Windows Vista, Windows 7, Windows Server 2008 x86 (KB2533523)\n- Security Update for Microsoft .NET Framework 4 on XP, Server 2003, Vista, Windows 7, Server 2008 x86 (KB2656351)\n- Update for Microsoft .NET Framework 4 on Windows XP, Windows Server 2003, Windows Vista, Windows 7, Windows Server 2008 x86 (KB2468871)\n- Security Update for Microsoft .NET Framework 4 on XP, Server 2003, Vista, Windows 7, Server 2008 x86 (KB2604121)\n- Update for Windows 7 (KB2732487)\n- Security Update for Windows 7 (KB2532531)\n- Update for Windows 7 (KB982018)\n- Security Update for Microsoft .NET Framework 4 on XP, Server 2003, Vista, Windows 7, Server 2008 x86 (KB2742595)\n- Security Update for Microsoft .NET Framework 4 on XP, Server 2003, Vista, Windows 7, Server 2008 x86 (KB2729449)\n- Security Update for Microsoft .N"}}}
{"Event_attributes":{"xmlns":"http://schemas.microsoft.com/win/2004/08/events/event"},"Event":{"System":{"Provider_attributes":{"Name":"Microsoft-Windows-WindowsUpdateClient","Guid":"945A8954-C147-4ACD-923F-40C45405A658"},"EventID":18,"Version":0,"Level":4,"Task":2,"Opcode":12,"Keywords":"0x8000000000000014","TimeCreated_attributes":{"SystemTime":"2013-10-23T18:02:50.754125Z"},"EventRecordID":1337,"Correlation":null,"Execution_attributes":{"ProcessID":940,"ThreadID":2760},"Channel":"System","Computer":"IE8Win7","Security_attributes":{"UserID":"S-1-5-18"}},"EventData":{"schedinstalldate":"‎Thursday, ‎October ‎24, ‎2013","schedinstalltime":"3:00 AM","updatelist":"\n- Security Update for Microsoft .NET Framework 4 on XP, Server 2003, Vista, Windows 7, Server 2008 x86 (KB2789642)\n- Update for Microsoft .NET Framework 4 on Windows XP, Windows Server 2003, Windows Vista, Windows 7, Windows Server 2008 x86 (KB2533523)\n- Security Update for Microsoft .NET Framework 4 on XP, Server 2003, Vista, Windows 7, Server 2008 x86 (KB2656351)\n- Update for Microsoft .NET Framework 4 on Windows XP, Windows Server 2003, Windows Vista, Windows 7, Windows Server 2008 x86 (KB2468871)\n- Security Update for Microsoft .NET Framework 4 on XP, Server 2003, Vista, Windows 7, Server 2008 x86 (KB2604121)\n- Update for Windows 7 (KB2732487)\n- Security Update for Windows 7 (KB2532531)\n- Update for Windows 7 (KB982018)\n- Security Update for Microsoft .NET Framework 4 on XP, Server 2003, Vista, Windows 7, Server 2008 x86 (KB2742595)\n- Security Update for Microsoft .NET Framework 4 on XP, Server 2003, Vista, Windows 7, Server 2008 x86 (KB2729449)\n- Update for Windows 7 (KB2529073)"}}}
{"Event_attributes":{"xmlns":"http://schemas.microsoft.com/win/2004/08/events/event"},"Event":{"System":{"Provider_attributes":{"Name":"Service Control Manager","Guid":"{555908d1-a6d7-4695-8e1e-26931d2012f4}","EventSourceName":"Service Control Manager"},"EventID_attributes":{"Qualifiers":16384},"EventID":7040,"Version":0,"Level":4,"Task":0,"Opcode":0,"Keywords":"0x8080000000000000","TimeCreated_attributes":{"SystemTime":"2013-10-23T18:03:23.410375Z"},"EventRecordID":1338,"Correlation":null,"Execution_attributes":{"ProcessID":512,"ThreadID":432},"Channel":"System","Computer":"IE8Win7","Security_attributes":{"UserID":"S-1-5-18"}},"EventData":{"param1":"Windows Modules Installer","param2":"demand start","param3":"auto start","param4":"TrustedInstaller"}}}
{"Event_attributes":{"xmlns":"http://schemas.microsoft.com/win/2004/08/events/event"},"Event":{"System":{"Provider_attributes":{"Name":"Service Control Manager","Guid":"{555908d1-a6d7-4695-8e1e-26931d2012f4}","EventSourceName":"Service Control Manager"},"EventID_attributes":{"Qualifiers":16384},"EventID":7036,"Version":0,"Level":4,"Task":0,"Opcode":0,"Keywords":"0x8080000000000000","TimeCreated_attributes":{"SystemTime":"2013-10-23T18:16:12.832250Z"},"EventRecordID":1339,"Correlation":null,"Execution_attributes":{"ProcessID":512,"ThreadID":2936},"Channel":"System","Computer":"IE8Win7","Security":null},"EventData":{"param1":"WinHTTP Web Proxy Auto-Discovery Service","param2":"stopped","Binary":"570069006E0048007400740070004100750074006F00500072006F00780079005300760063002F0031000000"}}}
{"Event_attributes":{"xmlns":"http://schemas.microsoft.com/win/2004/08/events/event"},"Event":{"System":{"Provider_attributes":{"Name":"Service Control Manager","Guid":"{555908d1-a6d7-4695-8e1e-26931d2012f4}","EventSourceName":"Service Control Manager"},"EventID_attributes":{"Qualifiers":16384},"EventID":7040,"Version":0,"Level":4,"Task":0,"Opcode":0,"Keywords":"0x8080000000000000","TimeCreated_attributes":{"SystemTime":"2013-10-23T18:18:11.879125Z"},"EventRecordID":1340,"Correlation":null,"Execution_attributes":{"ProcessID":512,"ThreadID":2436},"Channel":"System","Computer":"IE8Win7","Security_attributes":{"UserID":"S-1-5-18"}},"EventData":{"param1":"Windows Modules Installer","param2":"auto start","param3":"demand start","param4":"TrustedInstaller"}}}
{"Event_attributes":{"xmlns":"http://schemas.microsoft.com/win/2004/08/events/event"},"Event":{"System":{"Provider_attributes":{"Name":"Service Control Manager","Guid":"{555908d1-a6d7-4695-8e1e-26931d2012f4}","EventSourceName":"Service Control Manager"},"EventID_attributes":{"Qualifiers":16384},"EventID":7036,"Version":0,"Level":4,"Task":0,"Opcode":0,"Keywords":"0x8080000000000000","TimeCreated_attributes":{"SystemTime":"2013-10-23T18:20:34.222875Z"},"EventRecordID":1341,"Correlation":null,"Execution_attributes":{"ProcessID":512,"ThreadID":636},"Channel":"System","Computer":"IE8Win7","Security":null},"EventData":{"param1":"DNS Client","param2":"stopped","Binary":"44006E007300630061006300680065002F0031000000"}}}
{"Event_attributes":{"xmlns":"http://schemas.microsoft.com/win/2004/08/events/event"},"Event":{"System":{"Provider_attributes":{"Name":"Service Control Manager","Guid":"{555908d1-a6d7-4695-8e1e-26931d2012f4}","EventSourceName":"Service Control Manager"},"EventID_attributes":{"Qualifiers":16384},"EventID":7036,"Version":0,"Level":4,"Task":0,"Opcode":0,"Keywords":"0x8080000000000000","TimeCreated_attributes":{"SystemTime":"2013-10-23T18:20:36.238500Z"},"EventRecordID":1342,"Correlation":null,"Execution_attributes":{"ProcessID":512,"ThreadID":756},"Channel":"System","Computer":"IE8Win7","Security":null},"EventData":{"param1":"WinHTTP Web Proxy Auto-Discovery Service","param2":"running","Binary":"570069006E0048007400740070004100750074006F00500072006F00780079005300760063002F0034000000"}}}
{"Event_attributes":{"xmlns":"http://schemas.microsoft.com/win/2004/08/events/event"},"Event":{"System":{"Provider_attributes":{"Name":"Service Control Manager","Guid":"{555908d1-a6d7-4695-8e1e-26931d2012f4}","EventSourceName":"Service Control Manager"},"EventID_attributes":{"Qualifiers":16384},"EventID":7036,"Version":0,"Level":4,"Task":0,"Opcode":0,"Keywords":"0x8080000000000000","TimeCreated_attributes":{"SystemTime":"2013-10-23T18:20:36.769750Z"},"EventRecordID":1343,"Correlation":null,"Execution_attributes":{"ProcessID":512,"ThreadID":636},"Channel":"System","Computer":"IE8Win7","Security":null},"EventData":{"param1":"DNS Client","param2":"running","Binary":"44006E007300630061006300680065002F0034000000"}}}
{"Event_attributes":{"xmlns":"http://schemas.microsoft.com/win/2004/08/events/event"},"Event":{"System":{"Provider_attributes":{"Name":"Service Control Manager","Guid":"{555908d1-a6d7-4695-8e1e-26931d2012f4}","EventSourceName":"Service Control Manager"},"EventID_attributes":{"Qualifiers":16384},"EventID":7036,"Version":0,"Level":4,"Task":0,"Opcode":0,"Keywords":"0x8080000000000000","TimeCreated_attributes":{"SystemTime":"2013-10-23T18:20:42.410375Z"},"EventRecordID":1344,"Correlation":null,"Execution_attributes":{"ProcessID":512,"ThreadID":636},"Channel":"System","Computer":"IE8Win7","Security":null},"EventData":{"param1":"SPP Notification Service","param2":"running","Binary":"730070007000750069006E006F0074006900660079002F0034000000"}}}
{"Event_attributes":{"xmlns":"http://schemas.microsoft.com/win/2004/08/events/event"},"Event":{"System":{"Provider_attributes":{"Name":"Service Control Manager","Guid":"{555908d1-a6d7-4695-8e1e-26931d2012f4}","EventSourceName":"Service Control Manager"},"EventID_attributes":{"Qualifiers":16384},"EventID":7036,"Version":0,"Level":4,"Task":0,"Opcode":0,"Keywords":"0x8080000000000000","TimeCreated_attributes":{"SystemTime":"2013-10-23T18:22:56.597875Z"},"EventRecordID":1345,"Correlation":null,"Execution_attributes":{"ProcessID":512,"ThreadID":2176},"Channel":"System","Computer":"IE8Win7","Security":null},"EventData":{"param1":"Application Experience","param2":"stopped","Binary":"410065004C006F006F006B00750070005300760063002F0031000000"}}}
{"Event_attributes":{"xmlns":"http://schemas.microsoft.com/win/2004/08/events/event"},"Event":{"System":{"Provider_attributes":{"Name":"Microsoft-Windows-WindowsUpdateClient","Guid":"945A8954-C147-4ACD-923F-40C45405A658"},"EventID":18,"Version":0,"Level":4,"Task":2,"Opcode":12,"Keywords":"0x8000000000000014","TimeCreated_attributes":{"SystemTime":"2013-10-23T18:27:30.988500Z"},"EventRecordID":1346,"Correlation":null,"Execution_attributes":{"ProcessID":940,"ThreadID":3048},"Channel":"System","Computer":"IE8Win7","Security_attributes":{"UserID":"S-1-5-18"}},"EventData":{"schedinstalldate":"‎Thursday, ‎October ‎24, ‎2013","schedinstalltime":"3:00 AM","updatelist":"\n- Security Update for Microsoft .NET Framework 4 on XP, Server 2003, Vista, Windows 7, Server 2008 x86 (KB2789642)\n- Update for Microsoft .NET Framework 4 on Windows XP, Windows Server 2003, Windows Vista, Windows 7, Windows Server 2008 x86 (KB2533523)\n- Security Update for Microsoft .NET Framework 4 on XP, Server 2003, Vista, Windows 7, Server 2008 x86 (KB2656351)\n- Update for Microsoft .NET Framework 4 on Windows XP, Windows Server 2003, Windows Vista, Windows 7, Windows Server 2008 x86 (KB2468871)\n- Security Update for Microsoft .NET Framework 4 on XP, Server 2003, Vista, Windows 7, Server 2008 x86 (KB2604121)\n- Update for Windows 7 (KB2732487)\n- Security Update for Windows 7 (KB2532531)\n- Update for Windows 7 (KB982018)\n- Security Update for Microsoft .NET Framework 4 on XP, Server 2003, Vista, Windows 7, Server 2008 x86 (KB2742595)\n- Windows 7 Service Pack 1 (KB976932)\n- Security Update for Microsoft .NET Framework 4 on XP, Server 2003, Vista, Windows 7, Server 2008 x86 (KB27294"}}}
{"Event_attributes":{"xmlns":"http://schemas.microsoft.com/win/2004/08/events/event"},"Event":{"System":{"Provider_attributes":{"Name":"Service Control Manager","Guid":"{555908d1-a6d7-4695-8e1e-26931d2012f4}","EventSourceName":"Service Control Manager"},"EventID_attributes":{"Qualifiers":16384},"EventID":7036,"Version":0,"Level":4,"Task":0,"Opcode":0,"Keywords":"0x8080000000000000","TimeCreated_attributes":{"SystemTime":"2013-10-23T18:28:28.926000Z"},"EventRecordID":1347,"Correlation":null,"Execution_attributes":{"ProcessID":512,"ThreadID":3076},"Channel":"System","Computer":"IE8Win7","Security":null},"EventData":{"param1":"Volume Shadow Copy","param2":"running","Binary":"5600530053002F0034000000"}}}
{"Event_attributes":{"xmlns":"http://schemas.microsoft.com/win/2004/08/events/event"},"Event":{"System":{"Provider_attributes":{"Name":"Service Control Manager","Guid":"{555908d1-a6d7-4695-8e1e-26931d2012f4}","EventSourceName":"Service Control Manager"},"EventID_attributes":{"Qualifiers":16384},"EventID":7036,"Version":0,"Level":4,"Task":0,"Opcode":0,"Keywords":"0x8080000000000000","TimeCreated_attributes":{"SystemTime":"2013-10-23T18:28:30.019750Z"},"EventRecordID":1348,"Correlation":null,"Execution_attributes":{"ProcessID":512,"ThreadID":3076},"Channel":"System","Computer":"IE8Win7","Security":null},"EventData":{"param1":"Microsoft Software Shadow Copy Provider","param2":"running","Binary":"730077007000720076002F0034000000"}}}
{"Event_attributes":{"xmlns":"http://schemas.microsoft.com/win/2004/08/events/event"},"Event":{"System":{"Provider_attributes":{"Name":"Microsoft-Windows-UserPnp","Guid":"96F4A050-7E31-453C-88BE-9634F4E02139"},"EventID":20001,"Version":0,"Level":4,"Task":7005,"Opcode":0,"Keywords":"0x8000000000000000","TimeCreated_attributes":{"SystemTime":"2013-10-23T18:29:07.051000Z"},"EventRecordID":1349,"Correlation":null,"Execution_attributes":{"ProcessID":1732,"ThreadID":3568},"Channel":"System","Computer":"IE8Win7","Security_attributes":{"UserID":"S-1-5-18"}},"UserData":{"InstallDeviceID_attributes":{"xmlns:auto-ns2":"http://schemas.microsoft.com/win/2004/08/events","xmlns":"http://manifests.microsoft.com/win/2004/08/windows/userpnp"},"InstallDeviceID":{"DriverName":"FileRepository\\volsnap.inf_x86_neutral_42f862e05fcb0306\\volsnap.inf","DriverVersion":"6.1.7600.16385","DriverProvider":"Microsoft","DeviceInstanceID":"STORAGE\\VOLUMESNAPSHOT\\HARDDISKVOLUMESNAPSHOT6","SetupClass":"533C5B84-EC70-11D2-9505-00C04F79DEAF","RebootOption":false,"UpgradeDevice":false,"IsDriverOEM":false,"InstallStatus":"0x0","DriverDescription":"Generic volume shadow copy"}}}}
{"Event_attributes":{"xmlns":"http://schemas.microsoft.com/win/2004/08/events/event"},"Event":{"System":{"Provider_attributes":{"Name":"Service Control Manager","Guid":"{555908d1-a6d7-4695-8e1e-26931d2012f4}","EventSourceName":"Service Control Manager"},"EventID_attributes":{"Qualifiers":16384},"EventID":7036,"Version":0,"Level":4,"Task":0,"Opcode":0,"Keywords":"0x8080000000000000","TimeCreated_attributes":{"SystemTime":"2013-10-23T18:29:20.894750Z"},"EventRecordID":1350,"Correlation":null,"Execution_attributes":{"ProcessID":512,"ThreadID":3076},"Channel":"System","Computer":"IE8Win7","Security":null},"EventData":{"param1":"Application Experience","param2":"running","Binary":"410065004C006F006F006B00750070005300760063002F0034000000"}}}
{"Event_attributes":{"xmlns":"http://schemas.microsoft.com/win/2004/08/events/event"},"Event":{"System":{"Provider_attributes":{"Name":"Service Control Manager","Guid":"{555908d1-a6d7-4695-8e1e-26931d2012f4}","EventSourceName":"Service Control Manager"},"EventID_attributes":{"Qualifiers":16384},"EventID":7036,"Version":0,"Level":4,"Task":0,"Opcode":0,"Keywords":"0x8080000000000000","TimeCreated_attributes":{"SystemTime":"2013-10-23T18:29:42.129125Z"},"EventRecordID":1351,"Correlation":null,"Execution_attributes":{"ProcessID":512,"ThreadID":2712},"Channel":"System","Computer":"IE8Win7","Security":null},"EventData":{"param1":"Windows Installer","param2":"running","Binary":"6D00730069007300650072007600650072002F0034000000"}}}
{"Event_attributes":{"xmlns":"http://schemas.microsoft.com/win/2004/08/events/event"},"Event":{"System":{"Provider_attributes":{"Name":"Service Control Manager","Guid":"{555908d1-a6d7-4695-8e1e-26931d2012f4}","EventSourceName":"Service Control Manager"},"EventID_attributes":{"Qualifiers":16384},"EventID":7036,"Version":0,"Level":4,"Task":0,"Opcode":0,"Keywords":"0x8080000000000000","TimeCreated_attributes":{"SystemTime":"2013-10-23T18:30:14.832250Z"},"EventRecordID":1352,"Correlation":null,"Execution_attributes":{"ProcessID":512,"ThreadID":3076},"Channel":"System","Computer":"IE8Win7","Security":null},"EventData":{"param1":"Microsoft .NET Framework NGEN v4.0.30319_X86","param2":"stopped","Binary":"63006C0072005F006F007000740069006D0069007A006100740069006F006E005F00760034002E0030002E00330030003300310039005F00330032002F0031000000"}}}
{"Event_attributes":{"xmlns":"http://schemas.microsoft.com/win/2004/08/events/event"},"Event":{"System":{"Provider_attributes":{"Name":"Service Control Manager","Guid":"{555908d1-a6d7-4695-8e1e-26931d2012f4}","EventSourceName":"Service Control Manager"},"EventID_attributes":{"Qualifiers":16384},"EventID":7036,"Version":0,"Level":4,"Task":0,"Opcode":0,"Keywords":"0x8080000000000000","TimeCreated_attributes":{"SystemTime":"2013-10-23T18:30:35.629125Z"},"EventRecordID":1353,"Correlation":null,"Execution_attributes":{"ProcessID":512,"ThreadID":3076},"Channel":"System","Computer":"IE8Win7","Security":null},"EventData":{"param1":"Diagnostic System Host","param2":"stopped","Binary":"570064006900530079007300740065006D0048006F00730074002F0031000000"}}}
{"Event_attributes":{"xmlns":"http://schemas.microsoft.com/win/2004/08/events/event"},"Event":{"System":{"Provider_attributes":{"Name":"Service Control Manager","Guid":"{555908d1-a6d7-4695-8e1e-26931d2012f4}","EventSourceName":"Service Control Manager"},"EventID_attributes":{"Qualifiers":16384},"EventID":7036,"Version":0,"Level":4,"Task":0,"Opcode":0,"Keywords":"0x8080000000000000","TimeCreated_attributes":{"SystemTime":"2013-10-23T18:31:31.363500Z"},"EventRecordID":1354,"Correlation":null,"Execution_attributes":{"ProcessID":512,"ThreadID":2712},"Channel":"System","Computer":"IE8Win7","Security":null},"EventData":{"param1":"Microsoft .NET Framework NGEN v4.0.30319_X86","param2":"running","Binary":"63006C0072005F006F007000740069006D0069007A006100740069006F006E005F00760034002E0030002E00330030003300310039005F00330032002F0034000000"}}}
{"Event_attributes":{"xmlns":"http://schemas.microsoft.com/win/2004/08/events/event"},"Event":{"System":{"Provider_attributes":{"Name":"Microsoft-Windows-WindowsUpdateClient","Guid":"945A8954-C147-4ACD-923F-40C45405A658"},"EventID":19,"Version":0,"Level":4,"Task":1,"Opcode":13,"Keywords":"0x8000000000000018","TimeCreated_attributes":{"SystemTime":"2013-10-23T18:32:03.644750Z"},"EventRecordID":1355,"Correlation":null,"Execution_attributes":{"ProcessID":940,"ThreadID":3048},"Channel":"System","Computer":"IE8Win7","Security_attributes":{"UserID":"S-1-5-18"}},"EventData":{"updateTitle":"Security Update for Microsoft .NET Framework 4 on XP, Server 2003, Vista, Windows 7, Server 2008 x86 (KB2789642)","updateGuid":"0AA3CF0A-2269-4356-AD99-0E3CA8EB439F","updateRevisionNumber":201}}}
{"Event_attributes":{"xmlns":"http://schemas.microsoft.com/win/2004/08/events/event"},"Event":{"System":{"Provider_attributes":{"Name":"Service Control Manager","Guid":"{555908d1-a6d7-4695-8e1e-26931d2012f4}","EventSourceName":"Service Control Manager"},"EventID_attributes":{"Qualifiers":16384},"EventID":7036,"Version":0,"Level":4,"Task":0,"Opcode":0,"Keywords":"0x8080000000000000","TimeCreated_attributes":{"SystemTime":"2013-10-23T18:32:33.691625Z"},"EventRecordID":1356,"Correlation":null,"Execution_attributes":{"ProcessID":512,"ThreadID":2708},"Channel":"System","Computer":"IE8Win7","Security":null},"EventData":{"param1":"Microsoft .NET Framework NGEN v4.0.30319_X86","param2":"stopped","Binary":"63006C0072005F006F007000740069006D0069007A006100740069006F006E005F00760034002E0030002E00330030003300310039005F00330032002F0031000000"}}}
{"Event_attributes":{"xmlns":"http://schemas.microsoft.com/win/2004/08/events/event"},"Event":{"System":{"Provider_attributes":{"Name":"Service Control Manager","Guid":"{555908d1-a6d7-4695-8e1e-26931d2012f4}","EventSourceName":"Service Control Manager"},"EventID_attributes":{"Qualifiers":16384},"EventID":7036,"Version":0,"Level":4,"Task":0,"Opcode":0,"Keywords":"0x8080000000000000","TimeCreated_attributes":{"SystemTime":"2013-10-23T18:33:36.504125Z"},"EventRecordID":1357,"Correlation":null,"Execution_attributes":{"ProcessID":512,"ThreadID":644},"Channel":"System","Computer":"IE8Win7","Security":null},"EventData":{"param1":"Microsoft .NET Framework NGEN v4.0.30319_X86","param2":"running","Binary":"63006C0072005F006F007000740069006D0069007A006100740069006F006E005F00760034002E0030002E00330030003300310039005F00330032002F0034000000"}}}
{"Event_attributes":{"xmlns":"http://schemas.microsoft.com/win/2004/08/events/event"},"Event":{"System":{"Provider_attributes":{"Name":"Service Control Manager","Guid":"{555908d1-a6d7-4695-8e1e-26931d2012f4}","EventSourceName":"Service Control Manager"},"EventID_attributes":{"Qualifiers":16384},"EventID":7036,"Version":0,"Level":4,"Task":0,"Opcode":0,"Keywords":"0x8080000000000000","TimeCreated_attributes":{"SystemTime":"2013-10-23T18:33:48.035375Z"},"EventRecordID":1358,"Correlation":null,"Execution_attributes":{"ProcessID":512,"ThreadID":2708},"Channel":"System","Computer":"IE8Win7","Security":null},"EventData":{"param1":"Volume Shadow Copy","param2":"stopped","Binary":"5600530053002F0031000000"}}}
{"Event_attributes":{"xmlns":"http://schemas.microsoft.com/win/2004/08/events/event"},"Event":{"System":{"Provider_attributes":{"Name":"Microsoft-Windows-WindowsUpdateClient","Guid":"945A8954-C147-4ACD-923F-40C45405A658"},"EventID":19,"Version":0,"Level":4,"Task":1,"Opcode":13,"Keywords":"0x8000000000000018","TimeCreated_attributes":{"SystemTime":"2013-10-23T18:35:43.160375Z"},"EventRecordID":1359,"Correlation":null,"Execution_attributes":{"ProcessID":940,"ThreadID":3048},"Channel":"System","Computer":"IE8Win7","Security_attributes":{"UserID":"S-1-5-18"}},"EventData":{"updateTitle":"Update for Microsoft .NET Framework 4 on Windows XP, Windows Server 2003, Windows Vista, Windows 7, Windows Server 2008 x86 (KB2533523)","updateGuid":"3ABE760C-4578-4C84-A1CB-BF1DF019EFE4","updateRevisionNumber":100}}}
{"Event_attributes":{"xmlns":"http://schemas.microsoft.com/win/2004/08/events/event"},"Event":{"System":{"Provider_attributes":{"Name":"Service Control Manager","Guid":"{555908d1-a6d7-4695-8e1e-26931d2012f4}","EventSourceName":"Service Control Manager"},"EventID_attributes":{"Qualifiers":16384},"EventID":7036,"Version":0,"Level":4,"Task":0,"Opcode":0,"Keywords":"0x8080000000000000","TimeCreated_attributes":{"SystemTime":"2013-10-23T18:35:58.754125Z"},"EventRecordID":1360,"Correlation":null,"Execution_attributes":{"ProcessID":512,"ThreadID":2724},"Channel":"System","Computer":"IE8Win7","Security":null},"EventData":{"param1":"Microsoft .NET Framework NGEN v4.0.30319_X86","param2":"stopped","Binary":"63006C0072005F006F007000740069006D0069007A006100740069006F006E005F00760034002E0030002E00330030003300310039005F00330032002F0031000000"}}}
{"Event_attributes":{"xmlns":"http://schemas.microsoft.com/win/2004/08/events/event"},"Event":{"System":{"Provider_attributes":{"Name":"Service Control Manager","Guid":"{555908d1-a6d7-4695-8e1e-26931d2012f4}","EventSourceName":"Service Control Manager"},"EventID_attributes":{"Qualifiers":16384},"EventID":7036,"Version":0,"Level":4,"Task":0,"Opcode":0,"Keywords":"0x8080000000000000","TimeCreated_attributes":{"SystemTime":"2013-10-23T18:36:46.894750Z"},"EventRecordID":1361,"Correlation":null,"Execution_attributes":{"ProcessID":512,"ThreadID":644},"Channel":"System","Computer":"IE8Win7","Security":null},"EventData":{"param1":"Microsoft .NET Framework NGEN v4.0.30319_X86","param2":"running","Binary":"63006C0072005F006F007000740069006D0069007A006100740069006F006E005F00760034002E0030002E00330030003300310039005F00330032002F0034000000"}}}
{"Event_attributes":{"xmlns":"http://schemas.microsoft.com/win/2004/08/events/event"},"Event":{"System":{"Provider_attributes":{"Name":"Service Control Manager","Guid":"{555908d1-a6d7-4695-8e1e-26931d2012f4}","EventSourceName":"Service Control Manager"},"EventID_attributes":{"Qualifiers":16384},"EventID":7036,"Version":0,"Level":4,"Task":0,"Opcode":0,"Keywords":"0x8080000000000000","TimeCreated_attributes":{"SystemTime":"2013-10-23T18:36:48.082250Z"},"EventRecordID":1362,"Correlation":null,"Execution_attributes":{"ProcessID":512,"ThreadID":644},"Channel":"System","Computer":"IE8Win7","Security":null},"EventData":{"param1":"Microsoft Software Shadow Copy Provider","param2":"stopped","Binary":"730077007000720076002F0031000000"}}}
{"Event_attributes":{"xmlns":"http://schemas.microsoft.com/win/2004/08/events/event"},"Event":{"System":{"Provider_attributes":{"Name":"Microsoft-Windows-WindowsUpdateClient","Guid":"945A8954-C147-4ACD-923F-40C45405A658"},"EventID":19,"Version":0,"Level":4,"Task":1,"Opcode":13,"Keywords":"0x8000000000000018","TimeCreated_attributes":{"SystemTime":"2013-10-23T18:37:00.910375Z"},"EventRecordID":1363,"Correlation":null,"Execution_attributes":{"ProcessID":940,"ThreadID":3048},"Channel":"System","Computer":"IE8Win7","Security_attributes":{"UserID":"S-1-5-18"}},"EventData":{"updateTitle":"Security Update for Microsoft .NET Framework 4 on XP, Server 2003, Vista, Windows 7, Server 2008 x86 (KB2656351)","updateGuid":"98C62B24-A3DD-4843-AD1A-E08D95624F00","updateRevisionNumber":104}}}
{"Event_attributes":{"xmlns":"http://schemas.microsoft.com/win/2004/08/events/event"},"Event":{"System":{"Provider_attributes":{"Name":"Service Control Manager","Guid":"{555908d1-a6d7-4695-8e1e-26931d2012f4}","EventSourceName":"Service Control Manager"},"EventID_attributes":{"Qualifiers":16384},"EventID":7036,"Version":0,"Level":4,"Task":0,"Opcode":0,"Keywords":"0x8080000000000000","TimeCreated_attributes":{"SystemTime":"2013-10-23T18:37:35.785375Z"},"EventRecordID":1364,"Correlation":null,"Execution_attributes":{"ProcessID":512,"ThreadID":3940},"Channel":"System","Computer":"IE8Win7","Security":null},"EventData":{"param1":"Microsoft .NET Framework NGEN v4.0.30319_X86","param2":"stopped","Binary":"63006C0072005F006F007000740069006D0069007A006100740069006F006E005F00760034002E0030002E00330030003300310039005F00330032002F0031000000"}}}
{"Event_attributes":{"xmlns":"http://schemas.microsoft.com/win/2004/08/events/event"},"Event":{"System":{"Provider_attributes":{"Name":"Service Control Manager","Guid":"{555908d1-a6d7-4695-8e1e-26931d2012f4}","EventSourceName":"Service Control Manager"},"EventID_attributes":{"Qualifiers":16384},"EventID":7040,"Version":0,"Level":4,"Task":0,"Opcode":0,"Keywords":"0x8080000000000000","TimeCreated_attributes":{"SystemTime":"2013-10-23T18:38:25.472875Z"},"EventRecordID":1365,"Correlation":null,"Execution_attributes":{"ProcessID":512,"ThreadID":2724},"Channel":"System","Computer":"IE8Win7","Security_attributes":{"UserID":"S-1-5-18"}},"EventData":{"param1":"Windows Modules Installer","param2":"demand start","param3":"auto start","param4":"TrustedInstaller"}}}
{"Event_attributes":{"xmlns":"http://schemas.microsoft.com/win/2004/08/events/event"},"Event":{"System":{"Provider_attributes":{"Name":"Service Control Manager","Guid":"{555908d1-a6d7-4695-8e1e-26931d2012f4}","EventSourceName":"Service Control Manager"},"EventID_attributes":{"Qualifiers":16384},"EventID":7036,"Version":0,"Level":4,"Task":0,"Opcode":0,"Keywords":"0x8080000000000000","TimeCreated_attributes":{"SystemTime":"2013-10-23T18:38:36.472875Z"},"EventRecordID":1366,"Correlation":null,"Execution_attributes":{"ProcessID":512,"ThreadID":2724},"Channel":"System","Computer":"IE8Win7","Security":null},"EventData":{"param1":"Microsoft .NET Framework NGEN v4.0.30319_X86","param2":"running","Binary":"63006C0072005F006F007000740069006D0069007A006100740069006F006E005F00760034002E0030002E00330030003300310039005F00330032002F0034000000"}}}
{"Event_attributes":{"xmlns":"http://schemas.microsoft.com/win/2004/08/events/event"},"Event":{"System":{"Provider_attributes":{"Name":"Microsoft-Windows-WindowsUpdateClient","Guid":"945A8954-C147-4ACD-923F-40C45405A658"},"EventID":19,"Version":0,"Level":4,"Task":1,"Opcode":13,"Keywords":"0x8000000000000018","TimeCreated_attributes":{"SystemTime":"2013-10-23T18:41:07.910375Z"},"EventRecordID":1367,"Correlation":null,"Execution_attributes":{"ProcessID":940,"ThreadID":3048},"Channel":"System","Computer":"IE8Win7","Security_attributes":{"UserID":"S-1-5-18"}},"EventData":{"updateTitle":"Update for Microsoft .NET Framework 4 on Windows XP, Windows Server 2003, Windows Vista, Windows 7, Windows Server 2008 x86 (KB2468871)","updateGuid":"596ADB47-108D-482D-85BA-A513621434B7","updateRevisionNumber":100}}}
{"Event_attributes":{"xmlns":"http://schemas.microsoft.com/win/2004/08/events/event"},"Event":{"System":{"Provider_attributes":{"Name":"Service Control Manager","Guid":"{555908d1-a6d7-4695-8e1e-26931d2012f4}","EventSourceName":"Service Control Manager"},"EventID_attributes":{"Qualifiers":16384},"EventID":7036,"Version":0,"Level":4,"Task":0,"Opcode":0,"Keywords":"0x8080000000000000","TimeCreated_attributes":{"SystemTime":"2013-10-23T18:41:40.879125Z"},"EventRecordID":1368,"Correlation":null,"Execution_attributes":{"ProcessID":512,"ThreadID":876},"Channel":"System","Computer":"IE8Win7","Security":null},"EventData":{"param1":"Microsoft .NET Framework NGEN v4.0.30319_X86","param2":"stopped","Binary":"63006C0072005F006F007000740069006D0069007A006100740069006F006E005F00760034002E0030002E00330030003300310039005F00330032002F0031000000"}}}
{"Event_attributes":{"xmlns":"http://schemas.microsoft.com/win/2004/08/events/event"},"Event":{"System":{"Provider_attributes":{"Name":"Service Control Manager","Guid":"{555908d1-a6d7-4695-8e1e-26931d2012f4}","EventSourceName":"Service Control Manager"},"EventID_attributes":{"Qualifiers":16384},"EventID":7040,"Version":0,"Level":4,"Task":0,"Opcode":0,"Keywords":"0x8080000000000000","TimeCreated_attributes":{"SystemTime":"2013-10-23T18:42:06.535375Z"},"EventRecordID":1369,"Correlation":null,"Execution_attributes":{"ProcessID":512,"ThreadID":2504},"Channel":"System","Computer":"IE8Win7","Security_attributes":{"UserID":"S-1-5-18"}},"EventData":{"param1":"Windows Modules Installer","param2":"auto start","param3":"demand start","param4":"TrustedInstaller"}}}
{"Event_attributes":{"xmlns":"http://schemas.microsoft.com/win/2004/08/events/event"},"Event":{"System":{"Provider_attributes":{"Name":"Service Control Manager","Guid":"{555908d1-a6d7-4695-8e1e-26931d2012f4}","EventSourceName":"Service Control Manager"},"EventID_attributes":{"Qualifiers":16384},"EventID":7036,"Version":0,"Level":4,"Task":0,"Opcode":0,"Keywords":"0x8080000000000000","TimeCreated_attributes":{"SystemTime":"2013-10-23T18:42:16.972875Z"},"EventRecordID":1370,"Correlation":null,"Execution_attributes":{"ProcessID":512,"ThreadID":2504},"Channel":"System","Computer":"IE8Win7","Security":null},"EventData":{"param1":"Windows Modules Installer","param2":"stopped","Binary":"540072007500730074006500640049006E007300740061006C006C00650072002F0031000000"}}}
{"Event_attributes":{"xmlns":"http://schemas.microsoft.com/win/2004/08/events/event"},"Event":{"System":{"Provider_attributes":{"Name":"Service Control Manager","Guid":"{555908d1-a6d7-4695-8e1e-26931d2012f4}","EventSourceName":"Service Control Manager"},"EventID_attributes":{"Qualifiers":16384},"EventID":7036,"Version":0,"Level":4,"Task":0,"Opcode":0,"Keywords":"0x8080000000000000","TimeCreated_attributes":{"SystemTime":"2013-10-23T18:42:52.144750Z"},"EventRecordID":1371,"Correlation":null,"Execution_attributes":{"ProcessID":512,"ThreadID":876},"Channel":"System","Computer":"IE8Win7","Security":null},"EventData":{"param1":"Microsoft .NET Framework NGEN v4.0.30319_X86","param2":"running","Binary":"63006C0072005F006F007000740069006D0069007A006100740069006F006E005F00760034002E0030002E00330030003300310039005F00330032002F0034000000"}}}
{"Event_attributes":{"xmlns":"http://schemas.microsoft.com/win/2004/08/events/event"},"Event":{"System":{"Provider_attributes":{"Name":"Microsoft-Windows-WindowsUpdateClient","Guid":"945A8954-C147-4ACD-923F-40C45405A658"},"EventID":19,"Version":0,"Level":4,"Task":1,"Opcode":13,"Keywords":"0x8000000000000018","TimeCreated_attributes":{"SystemTime":"2013-10-23T18:44:49.144750Z"},"EventRecordID":1372,"Correlation":null,"Execution_attributes":{"ProcessID":940,"ThreadID":3048},"Channel":"System","Computer":"IE8Win7","Security_attributes":{"UserID":"S-1-5-18"}},"EventData":{"updateTitle":"Security Update for Microsoft .NET Framework 4 on XP, Server 2003, Vista, Windows 7, Server 2008 x86 (KB2604121)","updateGuid":"AFDD5D5E-2CC2-4A6A-A44F-E45A275702F5","updateRevisionNumber":104}}}
{"Event_attributes":{"xmlns":"http://schemas.microsoft.com/win/2004/08/events/event"},"Event":{"System":{"Provider_attributes":{"Name":"Service Control Manager","Guid":"{555908d1-a6d7-4695-8e1e-26931d2012f4}","EventSourceName":"Service Control Manager"},"EventID_attributes":{"Qualifiers":16384},"EventID":7036,"Version":0,"Level":4,"Task":0,"Opcode":0,"Keywords":"0x8080000000000000","TimeCreated_attributes":{"SystemTime":"2013-10-23T18:44:55.894750Z"},"EventRecordID":1373,"Correlation":null,"Execution_attributes":{"ProcessID":512,"ThreadID":876},"Channel":"System","Computer":"IE8Win7","Security":null},"EventData":{"param1":"Windows Modules Installer","param2":"running","Binary":"540072007500730074006500640049006E007300740061006C006C00650072002F0034000000"}}}
{"Event_attributes":{"xmlns":"http://schemas.microsoft.com/win/2004/08/events/event"},"Event":{"System":{"Provider_attributes":{"Name":"Service Control Manager","Guid":"{555908d1-a6d7-4695-8e1e-26931d2012f4}","EventSourceName":"Service Control Manager"},"EventID_attributes":{"Qualifiers":16384},"EventID":7040,"Version":0,"Level":4,"Task":0,"Opcode":0,"Keywords":"0x8080000000000000","TimeCreated_attributes":{"SystemTime":"2013-10-23T18:44:56.597875Z"},"EventRecordID":1374,"Correlation":null,"Execution_attributes":{"ProcessID":512,"ThreadID":876},"Channel":"System","Computer":"IE8Win7","Security_attributes":{"UserID":"S-1-5-18"}},"EventData":{"param1":"Windows Modules Installer","param2":"demand start","param3":"auto start","param4":"TrustedInstaller"}}}
{"Event_attributes":{"xmlns":"http://schemas.microsoft.com/win/2004/08/events/event"},"Event":{"System":{"Provider_attributes":{"Name":"Service Control Manager","Guid":"{555908d1-a6d7-4695-8e1e-26931d2012f4}","EventSourceName":"Service Control Manager"},"EventID_attributes":{"Qualifiers":16384},"EventID":7036,"Version":0,"Level":4,"Task":0,"Opcode":0,"Keywords":"0x8080000000000000","TimeCreated_attributes":{"SystemTime":"2013-10-23T18:45:00.129125Z"},"EventRecordID":1375,"Correlation":null,"Execution_attributes":{"ProcessID":512,"ThreadID":3784},"Channel":"System","Computer":"IE8Win7","Security":null},"EventData":{"param1":"Volume Shadow Copy","param2":"running","Binary":"5600530053002F0034000000"}}}
{"Event_attributes":{"xmlns":"http://schemas.microsoft.com/win/2004/08/events/event"},"Event":{"System":{"Provider_attributes":{"Name":"Service Control Manager","Guid":"{555908d1-a6d7-4695-8e1e-26931d2012f4}","EventSourceName":"Service Control Manager"},"EventID_attributes":{"Qualifiers":16384},"EventID":7036,"Version":0,"Level":4,"Task":0,"Opcode":0,"Keywords":"0x8080000000000000","TimeCreated_attributes":{"SystemTime":"2013-10-23T18:45:00.691625Z"},"EventRecordID":1376,"Correlation":null,"Execution_attributes":{"ProcessID":512,"ThreadID":3784},"Channel":"System","Computer":"IE8Win7","Security":null},"EventData":{"param1":"Microsoft Software Shadow Copy Provider","param2":"running","Binary":"730077007000720076002F0034000000"}}}
{"Event_attributes":{"xmlns":"http://schemas.microsoft.com/win/2004/08/events/event"},"Event":{"System":{"Provider_attributes":{"Name":"Service Control Manager","Guid":"{555908d1-a6d7-4695-8e1e-26931d2012f4}","EventSourceName":"Service Control Manager"},"EventID_attributes":{"Qualifiers":16384},"EventID":7036,"Version":0,"Level":4,"Task":0,"Opcode":0,"Keywords":"0x8080000000000000","TimeCreated_attributes":{"SystemTime":"2013-10-23T18:45:33.379125Z"},"EventRecordID":1377,"Correlation":null,"Execution_attributes":{"ProcessID":512,"ThreadID":876},"Channel":"System","Computer":"IE8Win7","Security":null},"EventData":{"param1":"Microsoft .NET Framework NGEN v4.0.30319_X86","param2":"stopped","Binary":"63006C0072005F006F007000740069006D0069007A006100740069006F006E005F00760034002E0030002E00330030003300310039005F00330032002F0031000000"}}}
{"Event_attributes":{"xmlns":"http://schemas.microsoft.com/win/2004/08/events/event"},"Event":{"System":{"Provider_attributes":{"Name":"Service Control Manager","Guid":"{555908d1-a6d7-4695-8e1e-26931d2012f4}","EventSourceName":"Service Control Manager"},"EventID_attributes":{"Qualifiers":16384},"EventID":7036,"Version":0,"Level":4,"Task":0,"Opcode":0,"Keywords":"0x8080000000000000","TimeCreated_attributes":{"SystemTime":"2013-10-23T18:46:35.097875Z"},"EventRecordID":1378,"Correlation":null,"Execution_attributes":{"ProcessID":512,"ThreadID":2604},"Channel":"System","Computer":"IE8Win7","Security":null},"EventData":{"param1":"Microsoft .NET Framework NGEN v4.0.30319_X86","param2":"running","Binary":"63006C0072005F006F007000740069006D0069007A006100740069006F006E005F00760034002E0030002E00330030003300310039005F00330032002F0034000000"}}}
{"Event_attributes":{"xmlns":"http://schemas.microsoft.com/win/2004/08/events/event"},"Event":{"System":{"Provider_attributes":{"Name":"Service Control Manager","Guid":"{555908d1-a6d7-4695-8e1e-26931d2012f4}","EventSourceName":"Service Control Manager"},"EventID_attributes":{"Qualifiers":16384},"EventID":7036,"Version":0,"Level":4,"Task":0,"Opcode":0,"Keywords":"0x8080000000000000","TimeCreated_attributes":{"SystemTime":"2013-10-23T18:48:13.191625Z"},"EventRecordID":1379,"Correlation":null,"Execution_attributes":{"ProcessID":512,"ThreadID":2604},"Channel":"System","Computer":"IE8Win7","Security":null},"EventData":{"param1":"Volume Shadow Copy","param2":"stopped","Binary":"5600530053002F0031000000"}}}
{"Event_attributes":{"xmlns":"http://schemas.microsoft.com/win/2004/08/events/event"},"Event":{"System":{"Provider_attributes":{"Name":"Microsoft-Windows-Application-Experience","Guid":"EEF54E71-0661-422D-9A98-82FD4940B820"},"EventID":201,"Version":0,"Level":4,"Task":0,"Opcode":0,"Keywords":"0x8000000000000000","TimeCreated_attributes":{"SystemTime":"2013-10-23T18:48:32.254125Z"},"EventRecordID":1380,"Correlation":null,"Execution_attributes":{"ProcessID":900,"ThreadID":3788},"Channel":"System","Computer":"IE8Win7","Security_attributes":{"UserID":"S-1-5-18"}},"EventData":null}}
{"Event_attributes":{"xmlns":"http://schemas.microsoft.com/win/2004/08/events/event"},"Event":{"System":{"Provider_attributes":{"Name":"Service Control Manager","Guid":"{555908d1-a6d7-4695-8e1e-26931d2012f4}","EventSourceName":"Service Control Manager"},"EventID_attributes":{"Qualifiers":16384},"EventID":7036,"Version":0,"Level":4,"Task":0,"Opcode":0,"Keywords":"0x8080000000000000","TimeCreated_attributes":{"SystemTime":"2013-10-23T18:48:32.269750Z"},"EventRecordID":1381,"Correlation":null,"Execution_attributes":{"ProcessID":512,"ThreadID":1792},"Channel":"System","Computer":"IE8Win7","Security":null},"EventData":{"param1":"Program Compatibility Assistant Service","param2":"running","Binary":"5000630061005300760063002F0034000000"}}}
{"Event_attributes":{"xmlns":"http://schemas.microsoft.com/win/2004/08/events/event"},"Event":{"System":{"Provider_attributes":{"Name":"Microsoft-Windows-WindowsUpdateClient","Guid":"945A8954-C147-4ACD-923F-40C45405A658"},"EventID":19,"Version":0,"Level":4,"Task":1,"Opcode":13,"Keywords":"0x8000000000000018","TimeCreated_attributes":{"SystemTime":"2013-10-23T18:48:33.988500Z"},"EventRecordID":1382,"Correlation":null,"Execution_attributes":{"ProcessID":940,"ThreadID":3048},"Channel":"System","Computer":"IE8Win7","Security_attributes":{"UserID":"S-1-5-18"}},"EventData":{"updateTitle":"Security Update for Microsoft .NET Framework 4 on XP, Server 2003, Vista, Windows 7, Server 2008 x86 (KB2742595)","updateGuid":"97E091C7-35EB-4DA0-9346-E6F33115C8ED","updateRevisionNumber":201}}}
{"Event_attributes":{"xmlns":"http://schemas.microsoft.com/win/2004/08/events/event"},"Event":{"System":{"Provider_attributes":{"Name":"Microsoft-Windows-Service Pack Installer","Guid":"62EF8B9F-EE45-4ABA-A9B9-B70E878BF30A"},"EventID":1,"Version":0,"Level":4,"Task":0,"Opcode":0,"Keywords":"0x8000000000000000","TimeCreated_attributes":{"SystemTime":"2013-10-23T18:48:37.144750Z"},"EventRecordID":1383,"Correlation":null,"Execution_attributes":{"ProcessID":2336,"ThreadID":3808},"Channel":"System","Computer":"IE8Win7","Security_attributes":{"UserID":"S-1-5-18"}},"EventData":{"SP":1}}}
