{"Event_attributes":{"xmlns":"http://schemas.microsoft.com/win/2004/08/events/event"},"Event":{"System":{"Provider_attributes":{"Name":"Microsoft-Windows-Eventlog","Guid":"{fc65ddd8-d6ef-4962-83d5-6e5cfe9ce148}"},"EventID":104,"Version":0,"Level":4,"Task":104,"Opcode":0,"Keywords":"0x8000000000000000","TimeCreated_attributes":{"SystemTime":"2016-09-21T03:40:41.865234Z"},"EventRecordID":8622,"Correlation":null,"Execution_attributes":{"ProcessID":824,"ThreadID":2648},"Channel":"System","Computer":"IE10Win7","Security_attributes":{"UserID":"S-1-5-21-3463664321-2923530833-3546627382-1000"}},"UserData":{"LogFileCleared_attributes":{"xmlns:auto-ns3":"http://schemas.microsoft.com/win/2004/08/events","xmlns":"http://manifests.microsoft.com/win/2004/08/windows/eventlog"},"LogFileCleared":{"SubjectUserName":"IEUser","SubjectDomainName":"IE10WIN7","Channel":"System","BackupPath":null}}}}
{"Event_attributes":{"xmlns":"http://schemas.microsoft.com/win/2004/08/events/event"},"Event":{"System":{"Provider_attributes":{"Name":"Service Control Manager","Guid":"{555908d1-a6d7-4695-8e1e-26931d2012f4}","EventSourceName":"Service Control Manager"},"EventID_attributes":{"Qualifiers":16384},"EventID":7045,"Version":0,"Level":4,"Task":0,"Opcode":0,"Keywords":"0x8080000000000000","TimeCreated_attributes":{"SystemTime":"2016-09-21T03:41:02.542968Z"},"EventRecordID":8623,"Correlation":null,"Execution_attributes":{"ProcessID":488,"ThreadID":352},"Channel":"System","Computer":"IE10Win7","Security_attributes":{"UserID":"S-1-5-21-3463664321-2923530833-3546627382-1000"}},"EventData":{"ServiceName":"KgXItsbKgTJzdzwl","ImagePath":"%SYSTEMROOT%\\duKhLYUX.exe","ServiceType":"user mode service","StartType":"demand start","AccountName":"LocalSystem"}}}
{"Event_attributes":{"xmlns":"http://schemas.microsoft.com/win/2004/08/events/event"},"Event":{"System":{"Provider_attributes":{"Name":"Service Control Manager","Guid":"{555908d1-a6d7-4695-8e1e-26931d2012f4}","EventSourceName":"Service Control Manager"},"EventID_attributes":{"Qualifiers":16384},"EventID":7036,"Version":0,"Level":4,"Task":0,"Opcode":0,"Keywords":"0x8080000000000000","TimeCreated_attributes":{"SystemTime":"2016-09-21T03:41:02.568359Z"},"EventRecordID":8624,"Correlation":null,"Execution_attributes":{"ProcessID":488,"ThreadID":352},"Channel":"System","Computer":"IE10Win7","Security":null},"EventData":{"param1":"KgXItsbKgTJzdzwl","param2":"running","Binary":"54005600520053006D005800630044002F0034000000"}}}
{"Event_attributes":{"xmlns":"http://schemas.microsoft.com/win/2004/08/events/event"},"Event":{"System":{"Provider_attributes":{"Name":"Service Control Manager","Guid":"{555908d1-a6d7-4695-8e1e-26931d2012f4}","EventSourceName":"Service Control Manager"},"EventID_attributes":{"Qualifiers":16384},"EventID":7036,"Version":0,"Level":4,"Task":0,"Opcode":0,"Keywords":"0x8080000000000000","TimeCreated_attributes":{"SystemTime":"2016-09-21T03:41:02.570312Z"},"EventRecordID":8625,"Correlation":null,"Execution_attributes":{"ProcessID":488,"ThreadID":352},"Channel":"System","Computer":"IE10Win7","Security":null},"EventData":{"param1":"KgXItsbKgTJzdzwl","param2":"stopped","Binary":"54005600520053006D005800630044002F0031000000"}}}
{"Event_attributes":{"xmlns":"http://schemas.microsoft.com/win/2004/08/events/event"},"Event":{"System":{"Provider_attributes":{"Name":"Service Control Manager","Guid":"{555908d1-a6d7-4695-8e1e-26931d2012f4}","EventSourceName":"Service Control Manager"},"EventID_attributes":{"Qualifiers":16384},"EventID":7036,"Version":0,"Level":4,"Task":0,"Opcode":0,"Keywords":"0x8080000000000000","TimeCreated_attributes":{"SystemTime":"2016-09-21T03:41:03.564453Z"},"EventRecordID":8626,"Correlation":null,"Execution_attributes":{"ProcessID":488,"ThreadID":1204},"Channel":"System","Computer":"IE10Win7","Security":null},"EventData":{"param1":"Application Experience","param2":"running","Binary":"410065004C006F006F006B00750070005300760063002F0034000000"}}}
{"Event_attributes":{"xmlns":"http://schemas.microsoft.com/win/2004/08/events/event"},"Event":{"System":{"Provider_attributes":{"Name":"Service Control Manager","Guid":"{555908d1-a6d7-4695-8e1e-26931d2012f4}","EventSourceName":"Service Control Manager"},"EventID_attributes":{"Qualifiers":16384},"EventID":7045,"Version":0,"Level":4,"Task":0,"Opcode":0,"Keywords":"0x8080000000000000","TimeCreated_attributes":{"SystemTime":"2016-09-21T03:41:13.070312Z"},"EventRecordID":8627,"Correlation":null,"Execution_attributes":{"ProcessID":488,"ThreadID":352},"Channel":"System","Computer":"IE10Win7","Security_attributes":{"UserID":"S-1-5-18"}},"EventData":{"ServiceName":"hgabms","ImagePath":"cmd.exe /c echo hgabms > \\\\.\\pipe\\hgabms","ServiceType":"user mode service","StartType":"demand start","AccountName":"LocalSystem"}}}
{"Event_attributes":{"xmlns":"http://schemas.microsoft.com/win/2004/08/events/event"},"Event":{"System":{"Provider_attributes":{"Name":"Service Control Manager","Guid":"{555908d1-a6d7-4695-8e1e-26931d2012f4}","EventSourceName":"Service Control Manager"},"EventID_attributes":{"Qualifiers":49152},"EventID":7009,"Version":0,"Level":2,"Task":0,"Opcode":0,"Keywords":"0x8080000000000000","TimeCreated_attributes":{"SystemTime":"2016-09-21T03:41:13.120117Z"},"EventRecordID":8628,"Correlation":null,"Execution_attributes":{"ProcessID":488,"ThreadID":352},"Channel":"System","Computer":"IE10Win7","Security":null},"EventData":{"param1":"30000","param2":"hgabms"}}}
