{"Event_attributes":{"xmlns":"http://schemas.microsoft.com/win/2004/08/events/event"},"Event":{"System":{"Provider_attributes":{"Name":"Microsoft-Windows-Eventlog","Guid":"{fc65ddd8-d6ef-4962-83d5-6e5cfe9ce148}"},"EventID":1102,"Version":0,"Level":4,"Task":104,"Opcode":0,"Keywords":"0x4020000000000000","TimeCreated_attributes":{"SystemTime":"2019-04-30T18:08:22.618193Z"},"EventRecordID":8934,"Correlation":null,"Execution_attributes":{"ProcessID":416,"ThreadID":2984},"Channel":"Security","Computer":"Sec504Student","Security":null},"UserData":{"LogFileCleared_attributes":{"xmlns":"http://manifests.microsoft.com/win/2004/08/windows/eventlog"},"LogFileCleared":{"SubjectUserSid":"S-1-5-21-2977773840-2930198165-1551093962-1000","SubjectUserName":"Sec504","SubjectDomainName":"SEC504STUDENT","SubjectLogonId":"0x1e3dd"}}}}
{"Event_attributes":{"xmlns":"http://schemas.microsoft.com/win/2004/08/events/event"},"Event":{"System":{"Provider_attributes":{"Name":"Microsoft-Windows-Security-Auditing","Guid":"54849625-5478-4994-A5BA-3E3B0328C30D"},"EventID":4673,"Version":0,"Level":0,"Task":13056,"Opcode":0,"Keywords":"0x8010000000000000","TimeCreated_attributes":{"SystemTime":"2019-04-30T18:08:29.138019Z"},"EventRecordID":8935,"Correlation":null,"Execution_attributes":{"ProcessID":4,"ThreadID":1664},"Channel":"Security","Computer":"Sec504Student","Security":null},"EventData":{"SubjectUserSid":"S-1-5-21-2977773840-2930198165-1551093962-1000","SubjectUserName":"Sec504","SubjectDomainName":"SEC504STUDENT","SubjectLogonId":"0x1e3dd","ObjectServer":"Security","Service":"-","PrivilegeList":"SeTcbPrivilege","ProcessId":"0x15a8","ProcessName":"C:\\Tools\\mimikatz\\mimikatz.exe"}}}
{"Event_attributes":{"xmlns":"http://schemas.microsoft.com/win/2004/08/events/event"},"Event":{"System":{"Provider_attributes":{"Name":"Microsoft-Windows-Security-Auditing","Guid":"54849625-5478-4994-A5BA-3E3B0328C30D"},"EventID":4673,"Version":0,"Level":0,"Task":13056,"Opcode":0,"Keywords":"0x8010000000000000","TimeCreated_attributes":{"SystemTime":"2019-04-30T18:08:29.138058Z"},"EventRecordID":8936,"Correlation":null,"Execution_attributes":{"ProcessID":4,"ThreadID":1664},"Channel":"Security","Computer":"Sec504Student","Security":null},"EventData":{"SubjectUserSid":"S-1-5-21-2977773840-2930198165-1551093962-1000","SubjectUserName":"Sec504","SubjectDomainName":"SEC504STUDENT","SubjectLogonId":"0x1e3dd","ObjectServer":"Security","Service":"-","PrivilegeList":"SeTcbPrivilege","ProcessId":"0x15a8","ProcessName":"C:\\Tools\\mimikatz\\mimikatz.exe"}}}
{"Event_attributes":{"xmlns":"http://schemas.microsoft.com/win/2004/08/events/event"},"Event":{"System":{"Provider_attributes":{"Name":"Microsoft-Windows-Security-Auditing","Guid":"54849625-5478-4994-A5BA-3E3B0328C30D"},"EventID":4673,"Version":0,"Level":0,"Task":13056,"Opcode":0,"Keywords":"0x8010000000000000","TimeCreated_attributes":{"SystemTime":"2019-04-30T18:08:29.138127Z"},"EventRecordID":8937,"Correlation":null,"Execution_attributes":{"ProcessID":4,"ThreadID":1664},"Channel":"Security","Computer":"Sec504Student","Security":null},"EventData":{"SubjectUserSid":"S-1-5-21-2977773840-2930198165-1551093962-1000","SubjectUserName":"Sec504","SubjectDomainName":"SEC504STUDENT","SubjectLogonId":"0x1e3dd","ObjectServer":"Security","Service":"-","PrivilegeList":"SeTcbPrivilege","ProcessId":"0x15a8","ProcessName":"C:\\Tools\\mimikatz\\mimikatz.exe"}}}
{"Event_attributes":{"xmlns":"http://schemas.microsoft.com/win/2004/08/events/event"},"Event":{"System":{"Provider_attributes":{"Name":"Microsoft-Windows-Security-Auditing","Guid":"54849625-5478-4994-A5BA-3E3B0328C30D"},"EventID":4673,"Version":0,"Level":0,"Task":13056,"Opcode":0,"Keywords":"0x8010000000000000","TimeCreated_attributes":{"SystemTime":"2019-04-30T18:08:29.138129Z"},"EventRecordID":8938,"Correlation":null,"Execution_attributes":{"ProcessID":4,"ThreadID":1664},"Channel":"Security","Computer":"Sec504Student","Security":null},"EventData":{"SubjectUserSid":"S-1-5-21-2977773840-2930198165-1551093962-1000","SubjectUserName":"Sec504","SubjectDomainName":"SEC504STUDENT","SubjectLogonId":"0x1e3dd","ObjectServer":"Security","Service":"-","PrivilegeList":"SeTcbPrivilege","ProcessId":"0x15a8","ProcessName":"C:\\Tools\\mimikatz\\mimikatz.exe"}}}
{"Event_attributes":{"xmlns":"http://schemas.microsoft.com/win/2004/08/events/event"},"Event":{"System":{"Provider_attributes":{"Name":"Microsoft-Windows-Security-Auditing","Guid":"54849625-5478-4994-A5BA-3E3B0328C30D"},"EventID":4798,"Version":0,"Level":0,"Task":13824,"Opcode":0,"Keywords":"0x8020000000000000","TimeCreated_attributes":{"SystemTime":"2019-04-30T18:09:15.748849Z"},"EventRecordID":8939,"Correlation_attributes":{"ActivityID":"593B133B-FF1D-0000-0314-3B591DFFD401"},"Execution_attributes":{"ProcessID":620,"ThreadID":668},"Channel":"Security","Computer":"Sec504Student","Security":null},"EventData":{"TargetUserName":"Sec504","TargetDomainName":"SEC504STUDENT","TargetSid":"S-1-5-21-2977773840-2930198165-1551093962-1000","SubjectUserSid":"S-1-5-21-2977773840-2930198165-1551093962-1000","SubjectUserName":"Sec504","SubjectDomainName":"SEC504STUDENT","SubjectLogonId":"0x1e3dd","CallerProcessId":"0x10c4","CallerProcessName":"C:\\Windows\\System32\\mmc.exe"}}}
{"Event_attributes":{"xmlns":"http://schemas.microsoft.com/win/2004/08/events/event"},"Event":{"System":{"Provider_attributes":{"Name":"Microsoft-Windows-Security-Auditing","Guid":"54849625-5478-4994-A5BA-3E3B0328C30D"},"EventID":4673,"Version":0,"Level":0,"Task":13056,"Opcode":0,"Keywords":"0x8010000000000000","TimeCreated_attributes":{"SystemTime":"2019-04-30T18:09:39.433218Z"},"EventRecordID":8940,"Correlation":null,"Execution_attributes":{"ProcessID":4,"ThreadID":4740},"Channel":"Security","Computer":"Sec504Student","Security":null},"EventData":{"SubjectUserSid":"S-1-5-21-2977773840-2930198165-1551093962-1000","SubjectUserName":"Sec504","SubjectDomainName":"SEC504STUDENT","SubjectLogonId":"0x1e442","ObjectServer":"Security","Service":"-","PrivilegeList":"SeTcbPrivilege","ProcessId":"0x2d4","ProcessName":"C:\\Windows\\System32\\svchost.exe"}}}
{"Event_attributes":{"xmlns":"http://schemas.microsoft.com/win/2004/08/events/event"},"Event":{"System":{"Provider_attributes":{"Name":"Microsoft-Windows-Security-Auditing","Guid":"54849625-5478-4994-A5BA-3E3B0328C30D"},"EventID":4798,"Version":0,"Level":0,"Task":13824,"Opcode":0,"Keywords":"0x8020000000000000","TimeCreated_attributes":{"SystemTime":"2019-04-30T18:09:39.790414Z"},"EventRecordID":8941,"Correlation_attributes":{"ActivityID":"593B133B-FF1D-0000-0314-3B591DFFD401"},"Execution_attributes":{"ProcessID":620,"ThreadID":668},"Channel":"Security","Computer":"Sec504Student","Security":null},"EventData":{"TargetUserName":"Sec504","TargetDomainName":"SEC504STUDENT","TargetSid":"S-1-5-21-2977773840-2930198165-1551093962-1000","SubjectUserSid":"S-1-5-21-2977773840-2930198165-1551093962-1000","SubjectUserName":"Sec504","SubjectDomainName":"SEC504STUDENT","SubjectLogonId":"0x1e442","CallerProcessId":"0xdcc","CallerProcessName":"C:\\Windows\\explorer.exe"}}}
{"Event_attributes":{"xmlns":"http://schemas.microsoft.com/win/2004/08/events/event"},"Event":{"System":{"Provider_attributes":{"Name":"Microsoft-Windows-Security-Auditing","Guid":"54849625-5478-4994-A5BA-3E3B0328C30D"},"EventID":4798,"Version":0,"Level":0,"Task":13824,"Opcode":0,"Keywords":"0x8020000000000000","TimeCreated_attributes":{"SystemTime":"2019-04-30T18:09:39.842594Z"},"EventRecordID":8942,"Correlation_attributes":{"ActivityID":"593B133B-FF1D-0000-0314-3B591DFFD401"},"Execution_attributes":{"ProcessID":620,"ThreadID":4576},"Channel":"Security","Computer":"Sec504Student","Security":null},"EventData":{"TargetUserName":"Sec504","TargetDomainName":"SEC504STUDENT","TargetSid":"S-1-5-21-2977773840-2930198165-1551093962-1000","SubjectUserSid":"S-1-5-21-2977773840-2930198165-1551093962-1000","SubjectUserName":"Sec504","SubjectDomainName":"SEC504STUDENT","SubjectLogonId":"0x1e442","CallerProcessId":"0xdcc","CallerProcessName":"C:\\Windows\\explorer.exe"}}}
{"Event_attributes":{"xmlns":"http://schemas.microsoft.com/win/2004/08/events/event"},"Event":{"System":{"Provider_attributes":{"Name":"Microsoft-Windows-Security-Auditing","Guid":"54849625-5478-4994-A5BA-3E3B0328C30D"},"EventID":4798,"Version":0,"Level":0,"Task":13824,"Opcode":0,"Keywords":"0x8020000000000000","TimeCreated_attributes":{"SystemTime":"2019-04-30T18:10:08.705320Z"},"EventRecordID":8943,"Correlation_attributes":{"ActivityID":"593B133B-FF1D-0000-0314-3B591DFFD401"},"Execution_attributes":{"ProcessID":620,"ThreadID":4576},"Channel":"Security","Computer":"Sec504Student","Security":null},"EventData":{"TargetUserName":"Sec504","TargetDomainName":"SEC504STUDENT","TargetSid":"S-1-5-21-2977773840-2930198165-1551093962-1000","SubjectUserSid":"S-1-5-21-2977773840-2930198165-1551093962-1000","SubjectUserName":"Sec504","SubjectDomainName":"SEC504STUDENT","SubjectLogonId":"0x1e3dd","CallerProcessId":"0x10c4","CallerProcessName":"C:\\Windows\\System32\\mmc.exe"}}}
{"Event_attributes":{"xmlns":"http://schemas.microsoft.com/win/2004/08/events/event"},"Event":{"System":{"Provider_attributes":{"Name":"Microsoft-Windows-Security-Auditing","Guid":"54849625-5478-4994-A5BA-3E3B0328C30D"},"EventID":4798,"Version":0,"Level":0,"Task":13824,"Opcode":0,"Keywords":"0x8020000000000000","TimeCreated_attributes":{"SystemTime":"2019-04-30T18:10:41.619735Z"},"EventRecordID":8944,"Correlation_attributes":{"ActivityID":"593B133B-FF1D-0000-0314-3B591DFFD401"},"Execution_attributes":{"ProcessID":620,"ThreadID":668},"Channel":"Security","Computer":"Sec504Student","Security":null},"EventData":{"TargetUserName":"Sec504","TargetDomainName":"SEC504STUDENT","TargetSid":"S-1-5-21-2977773840-2930198165-1551093962-1000","SubjectUserSid":"S-1-5-21-2977773840-2930198165-1551093962-1000","SubjectUserName":"Sec504","SubjectDomainName":"SEC504STUDENT","SubjectLogonId":"0x1e442","CallerProcessId":"0xdcc","CallerProcessName":"C:\\Windows\\explorer.exe"}}}
{"Event_attributes":{"xmlns":"http://schemas.microsoft.com/win/2004/08/events/event"},"Event":{"System":{"Provider_attributes":{"Name":"Microsoft-Windows-Security-Auditing","Guid":"54849625-5478-4994-A5BA-3E3B0328C30D"},"EventID":4798,"Version":0,"Level":0,"Task":13824,"Opcode":0,"Keywords":"0x8020000000000000","TimeCreated_attributes":{"SystemTime":"2019-04-30T18:10:43.593911Z"},"EventRecordID":8945,"Correlation_attributes":{"ActivityID":"593B133B-FF1D-0000-0314-3B591DFFD401"},"Execution_attributes":{"ProcessID":620,"ThreadID":5256},"Channel":"Security","Computer":"Sec504Student","Security":null},"EventData":{"TargetUserName":"Sec504","TargetDomainName":"SEC504STUDENT","TargetSid":"S-1-5-21-2977773840-2930198165-1551093962-1000","SubjectUserSid":"S-1-5-21-2977773840-2930198165-1551093962-1000","SubjectUserName":"Sec504","SubjectDomainName":"SEC504STUDENT","SubjectLogonId":"0x1e3dd","CallerProcessId":"0x10c4","CallerProcessName":"C:\\Windows\\System32\\mmc.exe"}}}
{"Event_attributes":{"xmlns":"http://schemas.microsoft.com/win/2004/08/events/event"},"Event":{"System":{"Provider_attributes":{"Name":"Microsoft-Windows-Security-Auditing","Guid":"54849625-5478-4994-A5BA-3E3B0328C30D"},"EventID":4798,"Version":0,"Level":0,"Task":13824,"Opcode":0,"Keywords":"0x8020000000000000","TimeCreated_attributes":{"SystemTime":"2019-04-30T18:10:56.806730Z"},"EventRecordID":8946,"Correlation_attributes":{"ActivityID":"593B133B-FF1D-0000-0314-3B591DFFD401"},"Execution_attributes":{"ProcessID":620,"ThreadID":5256},"Channel":"Security","Computer":"Sec504Student","Security":null},"EventData":{"TargetUserName":"Sec504","TargetDomainName":"SEC504STUDENT","TargetSid":"S-1-5-21-2977773840-2930198165-1551093962-1000","SubjectUserSid":"S-1-5-21-2977773840-2930198165-1551093962-1000","SubjectUserName":"Sec504","SubjectDomainName":"SEC504STUDENT","SubjectLogonId":"0x1e442","CallerProcessId":"0xdcc","CallerProcessName":"C:\\Windows\\explorer.exe"}}}
