{"Event_attributes":{"xmlns":"http://schemas.microsoft.com/win/2004/08/events/event"},"Event":{"System":{"Provider_attributes":{"Name":"Microsoft-Windows-Eventlog","Guid":"{fc65ddd8-d6ef-4962-83d5-6e5cfe9ce148}"},"EventID":1102,"Version":0,"Level":4,"Task":104,"Opcode":0,"Keywords":"0x4020000000000000","TimeCreated_attributes":{"SystemTime":"2019-04-30T19:27:00.297450Z"},"EventRecordID":42803,"Correlation":null,"Execution_attributes":{"ProcessID":1228,"ThreadID":6280},"Channel":"Security","Computer":"DESKTOP-JR78RLP","Security":null},"UserData":{"LogFileCleared_attributes":{"xmlns":"http://manifests.microsoft.com/win/2004/08/windows/eventlog"},"LogFileCleared":{"SubjectUserSid":"S-1-5-21-979008924-657238111-836329461-1002","SubjectUserName":"jwrig","SubjectDomainName":"DESKTOP-JR78RLP","SubjectLogonId":"0x30550"}}}}
{"Event_attributes":{"xmlns":"http://schemas.microsoft.com/win/2004/08/events/event"},"Event":{"System":{"Provider_attributes":{"Name":"Microsoft-Windows-Security-Auditing","Guid":"54849625-5478-4994-A5BA-3E3B0328C30D"},"EventID":4648,"Version":0,"Level":0,"Task":12544,"Opcode":0,"Keywords":"0x8020000000000000","TimeCreated_attributes":{"SystemTime":"2019-04-30T19:27:02.847284Z"},"EventRecordID":42804,"Correlation_attributes":{"ActivityID":"F4BF8B01-FEA7-0000-E78B-BFF4A7FED401"},"Execution_attributes":{"ProcessID":648,"ThreadID":3388},"Channel":"Security","Computer":"DESKTOP-JR78RLP","Security":null},"EventData":{"SubjectUserSid":"S-1-5-21-979008924-657238111-836329461-1002","SubjectUserName":"jwrig","SubjectDomainName":"DESKTOP-JR78RLP","SubjectLogonId":"0x3069d","LogonGuid":"00000000-0000-0000-0000-000000000000","TargetUserName":"Administrator","TargetDomainName":"DOMAIN","TargetLogonGuid":"00000000-0000-0000-0000-000000000000","TargetServerName":"DESKTOP-JR78RLP","TargetInfo":"DESKTOP-JR78RLP","ProcessId":"0x4","ProcessName":"","IpAddress":"172.16.144.128","IpPort":"445"}}}
{"Event_attributes":{"xmlns":"http://schemas.microsoft.com/win/2004/08/events/event"},"Event":{"System":{"Provider_attributes":{"Name":"Microsoft-Windows-Security-Auditing","Guid":"54849625-5478-4994-A5BA-3E3B0328C30D"},"EventID":4648,"Version":0,"Level":0,"Task":12544,"Opcode":0,"Keywords":"0x8020000000000000","TimeCreated_attributes":{"SystemTime":"2019-04-30T19:27:03.925515Z"},"EventRecordID":42805,"Correlation_attributes":{"ActivityID":"F4BF8B01-FEA7-0000-E78B-BFF4A7FED401"},"Execution_attributes":{"ProcessID":648,"ThreadID":2968},"Channel":"Security","Computer":"DESKTOP-JR78RLP","Security":null},"EventData":{"SubjectUserSid":"S-1-5-21-979008924-657238111-836329461-1002","SubjectUserName":"jwrig","SubjectDomainName":"DESKTOP-JR78RLP","SubjectLogonId":"0x3069d","LogonGuid":"00000000-0000-0000-0000-000000000000","TargetUserName":"jwright","TargetDomainName":"DOMAIN","TargetLogonGuid":"00000000-0000-0000-0000-000000000000","TargetServerName":"DESKTOP-JR78RLP","TargetInfo":"DESKTOP-JR78RLP","ProcessId":"0x4","ProcessName":"","IpAddress":"172.16.144.128","IpPort":"445"}}}
{"Event_attributes":{"xmlns":"http://schemas.microsoft.com/win/2004/08/events/event"},"Event":{"System":{"Provider_attributes":{"Name":"Microsoft-Windows-Security-Auditing","Guid":"54849625-5478-4994-A5BA-3E3B0328C30D"},"EventID":4648,"Version":0,"Level":0,"Task":12544,"Opcode":0,"Keywords":"0x8020000000000000","TimeCreated_attributes":{"SystemTime":"2019-04-30T19:27:05.020526Z"},"EventRecordID":42806,"Correlation_attributes":{"ActivityID":"F4BF8B01-FEA7-0000-E78B-BFF4A7FED401"},"Execution_attributes":{"ProcessID":648,"ThreadID":2968},"Channel":"Security","Computer":"DESKTOP-JR78RLP","Security":null},"EventData":{"SubjectUserSid":"S-1-5-21-979008924-657238111-836329461-1002","SubjectUserName":"jwrig","SubjectDomainName":"DESKTOP-JR78RLP","SubjectLogonId":"0x3069d","LogonGuid":"00000000-0000-0000-0000-000000000000","TargetUserName":"dpendolino","TargetDomainName":"DOMAIN","TargetLogonGuid":"00000000-0000-0000-0000-000000000000","TargetServerName":"DESKTOP-JR78RLP","TargetInfo":"DESKTOP-JR78RLP","ProcessId":"0x4","ProcessName":"","IpAddress":"172.16.144.128","IpPort":"445"}}}
{"Event_attributes":{"xmlns":"http://schemas.microsoft.com/win/2004/08/events/event"},"Event":{"System":{"Provider_attributes":{"Name":"Microsoft-Windows-Security-Auditing","Guid":"54849625-5478-4994-A5BA-3E3B0328C30D"},"EventID":4648,"Version":0,"Level":0,"Task":12544,"Opcode":0,"Keywords":"0x8020000000000000","TimeCreated_attributes":{"SystemTime":"2019-04-30T19:27:06.085792Z"},"EventRecordID":42807,"Correlation_attributes":{"ActivityID":"F4BF8B01-FEA7-0000-E78B-BFF4A7FED401"},"Execution_attributes":{"ProcessID":648,"ThreadID":3388},"Channel":"Security","Computer":"DESKTOP-JR78RLP","Security":null},"EventData":{"SubjectUserSid":"S-1-5-21-979008924-657238111-836329461-1002","SubjectUserName":"jwrig","SubjectDomainName":"DESKTOP-JR78RLP","SubjectLogonId":"0x3069d","LogonGuid":"00000000-0000-0000-0000-000000000000","TargetUserName":"celgee","TargetDomainName":"DOMAIN","TargetLogonGuid":"00000000-0000-0000-0000-000000000000","TargetServerName":"DESKTOP-JR78RLP","TargetInfo":"DESKTOP-JR78RLP","ProcessId":"0x4","ProcessName":"","IpAddress":"172.16.144.128","IpPort":"445"}}}
{"Event_attributes":{"xmlns":"http://schemas.microsoft.com/win/2004/08/events/event"},"Event":{"System":{"Provider_attributes":{"Name":"Microsoft-Windows-Security-Auditing","Guid":"54849625-5478-4994-A5BA-3E3B0328C30D"},"EventID":4648,"Version":0,"Level":0,"Task":12544,"Opcode":0,"Keywords":"0x8020000000000000","TimeCreated_attributes":{"SystemTime":"2019-04-30T19:27:07.171200Z"},"EventRecordID":42808,"Correlation_attributes":{"ActivityID":"F4BF8B01-FEA7-0000-E78B-BFF4A7FED401"},"Execution_attributes":{"ProcessID":648,"ThreadID":2968},"Channel":"Security","Computer":"DESKTOP-JR78RLP","Security":null},"EventData":{"SubjectUserSid":"S-1-5-21-979008924-657238111-836329461-1002","SubjectUserName":"jwrig","SubjectDomainName":"DESKTOP-JR78RLP","SubjectLogonId":"0x3069d","LogonGuid":"00000000-0000-0000-0000-000000000000","TargetUserName":"thessman","TargetDomainName":"DOMAIN","TargetLogonGuid":"00000000-0000-0000-0000-000000000000","TargetServerName":"DESKTOP-JR78RLP","TargetInfo":"DESKTOP-JR78RLP","ProcessId":"0x4","ProcessName":"","IpAddress":"172.16.144.128","IpPort":"445"}}}
{"Event_attributes":{"xmlns":"http://schemas.microsoft.com/win/2004/08/events/event"},"Event":{"System":{"Provider_attributes":{"Name":"Microsoft-Windows-Security-Auditing","Guid":"54849625-5478-4994-A5BA-3E3B0328C30D"},"EventID":4648,"Version":0,"Level":0,"Task":12544,"Opcode":0,"Keywords":"0x8020000000000000","TimeCreated_attributes":{"SystemTime":"2019-04-30T19:27:08.254321Z"},"EventRecordID":42809,"Correlation_attributes":{"ActivityID":"F4BF8B01-FEA7-0000-E78B-BFF4A7FED401"},"Execution_attributes":{"ProcessID":648,"ThreadID":3388},"Channel":"Security","Computer":"DESKTOP-JR78RLP","Security":null},"EventData":{"SubjectUserSid":"S-1-5-21-979008924-657238111-836329461-1002","SubjectUserName":"jwrig","SubjectDomainName":"DESKTOP-JR78RLP","SubjectLogonId":"0x3069d","LogonGuid":"00000000-0000-0000-0000-000000000000","TargetUserName":"eskoudis","TargetDomainName":"DOMAIN","TargetLogonGuid":"00000000-0000-0000-0000-000000000000","TargetServerName":"DESKTOP-JR78RLP","TargetInfo":"DESKTOP-JR78RLP","ProcessId":"0x4","ProcessName":"","IpAddress":"172.16.144.128","IpPort":"445"}}}
{"Event_attributes":{"xmlns":"http://schemas.microsoft.com/win/2004/08/events/event"},"Event":{"System":{"Provider_attributes":{"Name":"Microsoft-Windows-Security-Auditing","Guid":"54849625-5478-4994-A5BA-3E3B0328C30D"},"EventID":4648,"Version":0,"Level":0,"Task":12544,"Opcode":0,"Keywords":"0x8020000000000000","TimeCreated_attributes":{"SystemTime":"2019-04-30T19:27:09.323618Z"},"EventRecordID":42810,"Correlation_attributes":{"ActivityID":"F4BF8B01-FEA7-0000-E78B-BFF4A7FED401"},"Execution_attributes":{"ProcessID":648,"ThreadID":3388},"Channel":"Security","Computer":"DESKTOP-JR78RLP","Security":null},"EventData":{"SubjectUserSid":"S-1-5-21-979008924-657238111-836329461-1002","SubjectUserName":"jwrig","SubjectDomainName":"DESKTOP-JR78RLP","SubjectLogonId":"0x3069d","LogonGuid":"00000000-0000-0000-0000-000000000000","TargetUserName":"cdavis","TargetDomainName":"DOMAIN","TargetLogonGuid":"00000000-0000-0000-0000-000000000000","TargetServerName":"DESKTOP-JR78RLP","TargetInfo":"DESKTOP-JR78RLP","ProcessId":"0x4","ProcessName":"","IpAddress":"172.16.144.128","IpPort":"445"}}}
{"Event_attributes":{"xmlns":"http://schemas.microsoft.com/win/2004/08/events/event"},"Event":{"System":{"Provider_attributes":{"Name":"Microsoft-Windows-Security-Auditing","Guid":"54849625-5478-4994-A5BA-3E3B0328C30D"},"EventID":4648,"Version":0,"Level":0,"Task":12544,"Opcode":0,"Keywords":"0x8020000000000000","TimeCreated_attributes":{"SystemTime":"2019-04-30T19:27:10.377663Z"},"EventRecordID":42811,"Correlation_attributes":{"ActivityID":"F4BF8B01-FEA7-0000-E78B-BFF4A7FED401"},"Execution_attributes":{"ProcessID":648,"ThreadID":2968},"Channel":"Security","Computer":"DESKTOP-JR78RLP","Security":null},"EventData":{"SubjectUserSid":"S-1-5-21-979008924-657238111-836329461-1002","SubjectUserName":"jwrig","SubjectDomainName":"DESKTOP-JR78RLP","SubjectLogonId":"0x3069d","LogonGuid":"00000000-0000-0000-0000-000000000000","TargetUserName":"mtoussain","TargetDomainName":"DOMAIN","TargetLogonGuid":"00000000-0000-0000-0000-000000000000","TargetServerName":"DESKTOP-JR78RLP","TargetInfo":"DESKTOP-JR78RLP","ProcessId":"0x4","ProcessName":"","IpAddress":"172.16.144.128","IpPort":"445"}}}
{"Event_attributes":{"xmlns":"http://schemas.microsoft.com/win/2004/08/events/event"},"Event":{"System":{"Provider_attributes":{"Name":"Microsoft-Windows-Security-Auditing","Guid":"54849625-5478-4994-A5BA-3E3B0328C30D"},"EventID":4648,"Version":0,"Level":0,"Task":12544,"Opcode":0,"Keywords":"0x8020000000000000","TimeCreated_attributes":{"SystemTime":"2019-04-30T19:27:11.465392Z"},"EventRecordID":42812,"Correlation_attributes":{"ActivityID":"F4BF8B01-FEA7-0000-E78B-BFF4A7FED401"},"Execution_attributes":{"ProcessID":648,"ThreadID":2968},"Channel":"Security","Computer":"DESKTOP-JR78RLP","Security":null},"EventData":{"SubjectUserSid":"S-1-5-21-979008924-657238111-836329461-1002","SubjectUserName":"jwrig","SubjectDomainName":"DESKTOP-JR78RLP","SubjectLogonId":"0x3069d","LogonGuid":"00000000-0000-0000-0000-000000000000","TargetUserName":"lschifano","TargetDomainName":"DOMAIN","TargetLogonGuid":"00000000-0000-0000-0000-000000000000","TargetServerName":"DESKTOP-JR78RLP","TargetInfo":"DESKTOP-JR78RLP","ProcessId":"0x4","ProcessName":"","IpAddress":"172.16.144.128","IpPort":"445"}}}
{"Event_attributes":{"xmlns":"http://schemas.microsoft.com/win/2004/08/events/event"},"Event":{"System":{"Provider_attributes":{"Name":"Microsoft-Windows-Security-Auditing","Guid":"54849625-5478-4994-A5BA-3E3B0328C30D"},"EventID":4648,"Version":0,"Level":0,"Task":12544,"Opcode":0,"Keywords":"0x8020000000000000","TimeCreated_attributes":{"SystemTime":"2019-04-30T19:27:12.549274Z"},"EventRecordID":42813,"Correlation_attributes":{"ActivityID":"F4BF8B01-FEA7-0000-E78B-BFF4A7FED401"},"Execution_attributes":{"ProcessID":648,"ThreadID":2968},"Channel":"Security","Computer":"DESKTOP-JR78RLP","Security":null},"EventData":{"SubjectUserSid":"S-1-5-21-979008924-657238111-836329461-1002","SubjectUserName":"jwrig","SubjectDomainName":"DESKTOP-JR78RLP","SubjectLogonId":"0x3069d","LogonGuid":"00000000-0000-0000-0000-000000000000","TargetUserName":"bhostetler","TargetDomainName":"DOMAIN","TargetLogonGuid":"00000000-0000-0000-0000-000000000000","TargetServerName":"DESKTOP-JR78RLP","TargetInfo":"DESKTOP-JR78RLP","ProcessId":"0x4","ProcessName":"","IpAddress":"172.16.144.128","IpPort":"445"}}}
{"Event_attributes":{"xmlns":"http://schemas.microsoft.com/win/2004/08/events/event"},"Event":{"System":{"Provider_attributes":{"Name":"Microsoft-Windows-Security-Auditing","Guid":"54849625-5478-4994-A5BA-3E3B0328C30D"},"EventID":4648,"Version":0,"Level":0,"Task":12544,"Opcode":0,"Keywords":"0x8020000000000000","TimeCreated_attributes":{"SystemTime":"2019-04-30T19:27:13.611798Z"},"EventRecordID":42814,"Correlation_attributes":{"ActivityID":"F4BF8B01-FEA7-0000-E78B-BFF4A7FED401"},"Execution_attributes":{"ProcessID":648,"ThreadID":2968},"Channel":"Security","Computer":"DESKTOP-JR78RLP","Security":null},"EventData":{"SubjectUserSid":"S-1-5-21-979008924-657238111-836329461-1002","SubjectUserName":"jwrig","SubjectDomainName":"DESKTOP-JR78RLP","SubjectLogonId":"0x3069d","LogonGuid":"00000000-0000-0000-0000-000000000000","TargetUserName":"rbowes","TargetDomainName":"DOMAIN","TargetLogonGuid":"00000000-0000-0000-0000-000000000000","TargetServerName":"DESKTOP-JR78RLP","TargetInfo":"DESKTOP-JR78RLP","ProcessId":"0x4","ProcessName":"","IpAddress":"172.16.144.128","IpPort":"445"}}}
{"Event_attributes":{"xmlns":"http://schemas.microsoft.com/win/2004/08/events/event"},"Event":{"System":{"Provider_attributes":{"Name":"Microsoft-Windows-Security-Auditing","Guid":"54849625-5478-4994-A5BA-3E3B0328C30D"},"EventID":4648,"Version":0,"Level":0,"Task":12544,"Opcode":0,"Keywords":"0x8020000000000000","TimeCreated_attributes":{"SystemTime":"2019-04-30T19:27:14.687573Z"},"EventRecordID":42815,"Correlation_attributes":{"ActivityID":"F4BF8B01-FEA7-0000-E78B-BFF4A7FED401"},"Execution_attributes":{"ProcessID":648,"ThreadID":2968},"Channel":"Security","Computer":"DESKTOP-JR78RLP","Security":null},"EventData":{"SubjectUserSid":"S-1-5-21-979008924-657238111-836329461-1002","SubjectUserName":"jwrig","SubjectDomainName":"DESKTOP-JR78RLP","SubjectLogonId":"0x3069d","LogonGuid":"00000000-0000-0000-0000-000000000000","TargetUserName":"ebooth","TargetDomainName":"DOMAIN","TargetLogonGuid":"00000000-0000-0000-0000-000000000000","TargetServerName":"DESKTOP-JR78RLP","TargetInfo":"DESKTOP-JR78RLP","ProcessId":"0x4","ProcessName":"","IpAddress":"172.16.144.128","IpPort":"445"}}}
{"Event_attributes":{"xmlns":"http://schemas.microsoft.com/win/2004/08/events/event"},"Event":{"System":{"Provider_attributes":{"Name":"Microsoft-Windows-Security-Auditing","Guid":"54849625-5478-4994-A5BA-3E3B0328C30D"},"EventID":4648,"Version":0,"Level":0,"Task":12544,"Opcode":0,"Keywords":"0x8020000000000000","TimeCreated_attributes":{"SystemTime":"2019-04-30T19:27:15.750502Z"},"EventRecordID":42816,"Correlation_attributes":{"ActivityID":"F4BF8B01-FEA7-0000-E78B-BFF4A7FED401"},"Execution_attributes":{"ProcessID":648,"ThreadID":2968},"Channel":"Security","Computer":"DESKTOP-JR78RLP","Security":null},"EventData":{"SubjectUserSid":"S-1-5-21-979008924-657238111-836329461-1002","SubjectUserName":"jwrig","SubjectDomainName":"DESKTOP-JR78RLP","SubjectLogonId":"0x3069d","LogonGuid":"00000000-0000-0000-0000-000000000000","TargetUserName":"cfleener","TargetDomainName":"DOMAIN","TargetLogonGuid":"00000000-0000-0000-0000-000000000000","TargetServerName":"DESKTOP-JR78RLP","TargetInfo":"DESKTOP-JR78RLP","ProcessId":"0x4","ProcessName":"","IpAddress":"172.16.144.128","IpPort":"445"}}}
{"Event_attributes":{"xmlns":"http://schemas.microsoft.com/win/2004/08/events/event"},"Event":{"System":{"Provider_attributes":{"Name":"Microsoft-Windows-Security-Auditing","Guid":"54849625-5478-4994-A5BA-3E3B0328C30D"},"EventID":4648,"Version":0,"Level":0,"Task":12544,"Opcode":0,"Keywords":"0x8020000000000000","TimeCreated_attributes":{"SystemTime":"2019-04-30T19:27:16.841823Z"},"EventRecordID":42817,"Correlation_attributes":{"ActivityID":"F4BF8B01-FEA7-0000-E78B-BFF4A7FED401"},"Execution_attributes":{"ProcessID":648,"ThreadID":2968},"Channel":"Security","Computer":"DESKTOP-JR78RLP","Security":null},"EventData":{"SubjectUserSid":"S-1-5-21-979008924-657238111-836329461-1002","SubjectUserName":"jwrig","SubjectDomainName":"DESKTOP-JR78RLP","SubjectLogonId":"0x3069d","LogonGuid":"00000000-0000-0000-0000-000000000000","TargetUserName":"cmoody","TargetDomainName":"DOMAIN","TargetLogonGuid":"00000000-0000-0000-0000-000000000000","TargetServerName":"DESKTOP-JR78RLP","TargetInfo":"DESKTOP-JR78RLP","ProcessId":"0x4","ProcessName":"","IpAddress":"172.16.144.128","IpPort":"445"}}}
{"Event_attributes":{"xmlns":"http://schemas.microsoft.com/win/2004/08/events/event"},"Event":{"System":{"Provider_attributes":{"Name":"Microsoft-Windows-Security-Auditing","Guid":"54849625-5478-4994-A5BA-3E3B0328C30D"},"EventID":4648,"Version":0,"Level":0,"Task":12544,"Opcode":0,"Keywords":"0x8020000000000000","TimeCreated_attributes":{"SystemTime":"2019-04-30T19:27:17.922374Z"},"EventRecordID":42818,"Correlation_attributes":{"ActivityID":"F4BF8B01-FEA7-0000-E78B-BFF4A7FED401"},"Execution_attributes":{"ProcessID":648,"ThreadID":2968},"Channel":"Security","Computer":"DESKTOP-JR78RLP","Security":null},"EventData":{"SubjectUserSid":"S-1-5-21-979008924-657238111-836329461-1002","SubjectUserName":"jwrig","SubjectDomainName":"DESKTOP-JR78RLP","SubjectLogonId":"0x3069d","LogonGuid":"00000000-0000-0000-0000-000000000000","TargetUserName":"psmith","TargetDomainName":"DOMAIN","TargetLogonGuid":"00000000-0000-0000-0000-000000000000","TargetServerName":"DESKTOP-JR78RLP","TargetInfo":"DESKTOP-JR78RLP","ProcessId":"0x4","ProcessName":"","IpAddress":"172.16.144.128","IpPort":"445"}}}
{"Event_attributes":{"xmlns":"http://schemas.microsoft.com/win/2004/08/events/event"},"Event":{"System":{"Provider_attributes":{"Name":"Microsoft-Windows-Security-Auditing","Guid":"54849625-5478-4994-A5BA-3E3B0328C30D"},"EventID":4648,"Version":0,"Level":0,"Task":12544,"Opcode":0,"Keywords":"0x8020000000000000","TimeCreated_attributes":{"SystemTime":"2019-04-30T19:27:19.035441Z"},"EventRecordID":42819,"Correlation_attributes":{"ActivityID":"F4BF8B01-FEA7-0000-E78B-BFF4A7FED401"},"Execution_attributes":{"ProcessID":648,"ThreadID":2968},"Channel":"Security","Computer":"DESKTOP-JR78RLP","Security":null},"EventData":{"SubjectUserSid":"S-1-5-21-979008924-657238111-836329461-1002","SubjectUserName":"jwrig","SubjectDomainName":"DESKTOP-JR78RLP","SubjectLogonId":"0x3069d","LogonGuid":"00000000-0000-0000-0000-000000000000","TargetUserName":"jkulikowski","TargetDomainName":"DOMAIN","TargetLogonGuid":"00000000-0000-0000-0000-000000000000","TargetServerName":"DESKTOP-JR78RLP","TargetInfo":"DESKTOP-JR78RLP","ProcessId":"0x4","ProcessName":"","IpAddress":"172.16.144.128","IpPort":"445"}}}
{"Event_attributes":{"xmlns":"http://schemas.microsoft.com/win/2004/08/events/event"},"Event":{"System":{"Provider_attributes":{"Name":"Microsoft-Windows-Security-Auditing","Guid":"54849625-5478-4994-A5BA-3E3B0328C30D"},"EventID":4648,"Version":0,"Level":0,"Task":12544,"Opcode":0,"Keywords":"0x8020000000000000","TimeCreated_attributes":{"SystemTime":"2019-04-30T19:27:20.097223Z"},"EventRecordID":42820,"Correlation_attributes":{"ActivityID":"F4BF8B01-FEA7-0000-E78B-BFF4A7FED401"},"Execution_attributes":{"ProcessID":648,"ThreadID":2968},"Channel":"Security","Computer":"DESKTOP-JR78RLP","Security":null},"EventData":{"SubjectUserSid":"S-1-5-21-979008924-657238111-836329461-1002","SubjectUserName":"jwrig","SubjectDomainName":"DESKTOP-JR78RLP","SubjectLogonId":"0x3069d","LogonGuid":"00000000-0000-0000-0000-000000000000","TargetUserName":"gsalinas","TargetDomainName":"DOMAIN","TargetLogonGuid":"00000000-0000-0000-0000-000000000000","TargetServerName":"DESKTOP-JR78RLP","TargetInfo":"DESKTOP-JR78RLP","ProcessId":"0x4","ProcessName":"","IpAddress":"172.16.144.128","IpPort":"445"}}}
{"Event_attributes":{"xmlns":"http://schemas.microsoft.com/win/2004/08/events/event"},"Event":{"System":{"Provider_attributes":{"Name":"Microsoft-Windows-Security-Auditing","Guid":"54849625-5478-4994-A5BA-3E3B0328C30D"},"EventID":4648,"Version":0,"Level":0,"Task":12544,"Opcode":0,"Keywords":"0x8020000000000000","TimeCreated_attributes":{"SystemTime":"2019-04-30T19:27:21.156014Z"},"EventRecordID":42821,"Correlation_attributes":{"ActivityID":"F4BF8B01-FEA7-0000-E78B-BFF4A7FED401"},"Execution_attributes":{"ProcessID":648,"ThreadID":2968},"Channel":"Security","Computer":"DESKTOP-JR78RLP","Security":null},"EventData":{"SubjectUserSid":"S-1-5-21-979008924-657238111-836329461-1002","SubjectUserName":"jwrig","SubjectDomainName":"DESKTOP-JR78RLP","SubjectLogonId":"0x3069d","LogonGuid":"00000000-0000-0000-0000-000000000000","TargetUserName":"tbennett","TargetDomainName":"DOMAIN","TargetLogonGuid":"00000000-0000-0000-0000-000000000000","TargetServerName":"DESKTOP-JR78RLP","TargetInfo":"DESKTOP-JR78RLP","ProcessId":"0x4","ProcessName":"","IpAddress":"172.16.144.128","IpPort":"445"}}}
{"Event_attributes":{"xmlns":"http://schemas.microsoft.com/win/2004/08/events/event"},"Event":{"System":{"Provider_attributes":{"Name":"Microsoft-Windows-Security-Auditing","Guid":"54849625-5478-4994-A5BA-3E3B0328C30D"},"EventID":4648,"Version":0,"Level":0,"Task":12544,"Opcode":0,"Keywords":"0x8020000000000000","TimeCreated_attributes":{"SystemTime":"2019-04-30T19:27:22.222584Z"},"EventRecordID":42822,"Correlation_attributes":{"ActivityID":"F4BF8B01-FEA7-0000-E78B-BFF4A7FED401"},"Execution_attributes":{"ProcessID":648,"ThreadID":3388},"Channel":"Security","Computer":"DESKTOP-JR78RLP","Security":null},"EventData":{"SubjectUserSid":"S-1-5-21-979008924-657238111-836329461-1002","SubjectUserName":"jwrig","SubjectDomainName":"DESKTOP-JR78RLP","SubjectLogonId":"0x3069d","LogonGuid":"00000000-0000-0000-0000-000000000000","TargetUserName":"econrad","TargetDomainName":"DOMAIN","TargetLogonGuid":"00000000-0000-0000-0000-000000000000","TargetServerName":"DESKTOP-JR78RLP","TargetInfo":"DESKTOP-JR78RLP","ProcessId":"0x4","ProcessName":"","IpAddress":"172.16.144.128","IpPort":"445"}}}
{"Event_attributes":{"xmlns":"http://schemas.microsoft.com/win/2004/08/events/event"},"Event":{"System":{"Provider_attributes":{"Name":"Microsoft-Windows-Security-Auditing","Guid":"54849625-5478-4994-A5BA-3E3B0328C30D"},"EventID":4648,"Version":0,"Level":0,"Task":12544,"Opcode":0,"Keywords":"0x8020000000000000","TimeCreated_attributes":{"SystemTime":"2019-04-30T19:27:23.295403Z"},"EventRecordID":42823,"Correlation_attributes":{"ActivityID":"F4BF8B01-FEA7-0000-E78B-BFF4A7FED401"},"Execution_attributes":{"ProcessID":648,"ThreadID":3388},"Channel":"Security","Computer":"DESKTOP-JR78RLP","Security":null},"EventData":{"SubjectUserSid":"S-1-5-21-979008924-657238111-836329461-1002","SubjectUserName":"jwrig","SubjectDomainName":"DESKTOP-JR78RLP","SubjectLogonId":"0x3069d","LogonGuid":"00000000-0000-0000-0000-000000000000","TargetUserName":"smisenar","TargetDomainName":"DOMAIN","TargetLogonGuid":"00000000-0000-0000-0000-000000000000","TargetServerName":"DESKTOP-JR78RLP","TargetInfo":"DESKTOP-JR78RLP","ProcessId":"0x4","ProcessName":"","IpAddress":"172.16.144.128","IpPort":"445"}}}
{"Event_attributes":{"xmlns":"http://schemas.microsoft.com/win/2004/08/events/event"},"Event":{"System":{"Provider_attributes":{"Name":"Microsoft-Windows-Security-Auditing","Guid":"54849625-5478-4994-A5BA-3E3B0328C30D"},"EventID":4648,"Version":0,"Level":0,"Task":12544,"Opcode":0,"Keywords":"0x8020000000000000","TimeCreated_attributes":{"SystemTime":"2019-04-30T19:27:24.342472Z"},"EventRecordID":42824,"Correlation_attributes":{"ActivityID":"F4BF8B01-FEA7-0000-E78B-BFF4A7FED401"},"Execution_attributes":{"ProcessID":648,"ThreadID":2968},"Channel":"Security","Computer":"DESKTOP-JR78RLP","Security":null},"EventData":{"SubjectUserSid":"S-1-5-21-979008924-657238111-836329461-1002","SubjectUserName":"jwrig","SubjectDomainName":"DESKTOP-JR78RLP","SubjectLogonId":"0x3069d","LogonGuid":"00000000-0000-0000-0000-000000000000","TargetUserName":"jleytevidal","TargetDomainName":"DOMAIN","TargetLogonGuid":"00000000-0000-0000-0000-000000000000","TargetServerName":"DESKTOP-JR78RLP","TargetInfo":"DESKTOP-JR78RLP","ProcessId":"0x4","ProcessName":"","IpAddress":"172.16.144.128","IpPort":"445"}}}
{"Event_attributes":{"xmlns":"http://schemas.microsoft.com/win/2004/08/events/event"},"Event":{"System":{"Provider_attributes":{"Name":"Microsoft-Windows-Security-Auditing","Guid":"54849625-5478-4994-A5BA-3E3B0328C30D"},"EventID":4648,"Version":0,"Level":0,"Task":12544,"Opcode":0,"Keywords":"0x8020000000000000","TimeCreated_attributes":{"SystemTime":"2019-04-30T19:27:25.404402Z"},"EventRecordID":42825,"Correlation_attributes":{"ActivityID":"F4BF8B01-FEA7-0000-E78B-BFF4A7FED401"},"Execution_attributes":{"ProcessID":648,"ThreadID":3388},"Channel":"Security","Computer":"DESKTOP-JR78RLP","Security":null},"EventData":{"SubjectUserSid":"S-1-5-21-979008924-657238111-836329461-1002","SubjectUserName":"jwrig","SubjectDomainName":"DESKTOP-JR78RLP","SubjectLogonId":"0x3069d","LogonGuid":"00000000-0000-0000-0000-000000000000","TargetUserName":"lpesce","TargetDomainName":"DOMAIN","TargetLogonGuid":"00000000-0000-0000-0000-000000000000","TargetServerName":"DESKTOP-JR78RLP","TargetInfo":"DESKTOP-JR78RLP","ProcessId":"0x4","ProcessName":"","IpAddress":"172.16.144.128","IpPort":"445"}}}
{"Event_attributes":{"xmlns":"http://schemas.microsoft.com/win/2004/08/events/event"},"Event":{"System":{"Provider_attributes":{"Name":"Microsoft-Windows-Security-Auditing","Guid":"54849625-5478-4994-A5BA-3E3B0328C30D"},"EventID":4648,"Version":0,"Level":0,"Task":12544,"Opcode":0,"Keywords":"0x8020000000000000","TimeCreated_attributes":{"SystemTime":"2019-04-30T19:27:26.504445Z"},"EventRecordID":42826,"Correlation_attributes":{"ActivityID":"F4BF8B01-FEA7-0000-E78B-BFF4A7FED401"},"Execution_attributes":{"ProcessID":648,"ThreadID":3388},"Channel":"Security","Computer":"DESKTOP-JR78RLP","Security":null},"EventData":{"SubjectUserSid":"S-1-5-21-979008924-657238111-836329461-1002","SubjectUserName":"jwrig","SubjectDomainName":"DESKTOP-JR78RLP","SubjectLogonId":"0x3069d","LogonGuid":"00000000-0000-0000-0000-000000000000","TargetUserName":"sanson","TargetDomainName":"DOMAIN","TargetLogonGuid":"00000000-0000-0000-0000-000000000000","TargetServerName":"DESKTOP-JR78RLP","TargetInfo":"DESKTOP-JR78RLP","ProcessId":"0x4","ProcessName":"","IpAddress":"172.16.144.128","IpPort":"445"}}}
{"Event_attributes":{"xmlns":"http://schemas.microsoft.com/win/2004/08/events/event"},"Event":{"System":{"Provider_attributes":{"Name":"Microsoft-Windows-Security-Auditing","Guid":"54849625-5478-4994-A5BA-3E3B0328C30D"},"EventID":4648,"Version":0,"Level":0,"Task":12544,"Opcode":0,"Keywords":"0x8020000000000000","TimeCreated_attributes":{"SystemTime":"2019-04-30T19:27:27.583850Z"},"EventRecordID":42827,"Correlation_attributes":{"ActivityID":"F4BF8B01-FEA7-0000-E78B-BFF4A7FED401"},"Execution_attributes":{"ProcessID":648,"ThreadID":2968},"Channel":"Security","Computer":"DESKTOP-JR78RLP","Security":null},"EventData":{"SubjectUserSid":"S-1-5-21-979008924-657238111-836329461-1002","SubjectUserName":"jwrig","SubjectDomainName":"DESKTOP-JR78RLP","SubjectLogonId":"0x3069d","LogonGuid":"00000000-0000-0000-0000-000000000000","TargetUserName":"sarmstrong","TargetDomainName":"DOMAIN","TargetLogonGuid":"00000000-0000-0000-0000-000000000000","TargetServerName":"DESKTOP-JR78RLP","TargetInfo":"DESKTOP-JR78RLP","ProcessId":"0x4","ProcessName":"","IpAddress":"172.16.144.128","IpPort":"445"}}}
{"Event_attributes":{"xmlns":"http://schemas.microsoft.com/win/2004/08/events/event"},"Event":{"System":{"Provider_attributes":{"Name":"Microsoft-Windows-Security-Auditing","Guid":"54849625-5478-4994-A5BA-3E3B0328C30D"},"EventID":4648,"Version":0,"Level":0,"Task":12544,"Opcode":0,"Keywords":"0x8020000000000000","TimeCreated_attributes":{"SystemTime":"2019-04-30T19:27:28.654362Z"},"EventRecordID":42828,"Correlation_attributes":{"ActivityID":"F4BF8B01-FEA7-0000-E78B-BFF4A7FED401"},"Execution_attributes":{"ProcessID":648,"ThreadID":2968},"Channel":"Security","Computer":"DESKTOP-JR78RLP","Security":null},"EventData":{"SubjectUserSid":"S-1-5-21-979008924-657238111-836329461-1002","SubjectUserName":"jwrig","SubjectDomainName":"DESKTOP-JR78RLP","SubjectLogonId":"0x3069d","LogonGuid":"00000000-0000-0000-0000-000000000000","TargetUserName":"wstrzelec","TargetDomainName":"DOMAIN","TargetLogonGuid":"00000000-0000-0000-0000-000000000000","TargetServerName":"DESKTOP-JR78RLP","TargetInfo":"DESKTOP-JR78RLP","ProcessId":"0x4","ProcessName":"","IpAddress":"172.16.144.128","IpPort":"445"}}}
{"Event_attributes":{"xmlns":"http://schemas.microsoft.com/win/2004/08/events/event"},"Event":{"System":{"Provider_attributes":{"Name":"Microsoft-Windows-Security-Auditing","Guid":"54849625-5478-4994-A5BA-3E3B0328C30D"},"EventID":4648,"Version":0,"Level":0,"Task":12544,"Opcode":0,"Keywords":"0x8020000000000000","TimeCreated_attributes":{"SystemTime":"2019-04-30T19:27:29.712699Z"},"EventRecordID":42829,"Correlation_attributes":{"ActivityID":"F4BF8B01-FEA7-0000-E78B-BFF4A7FED401"},"Execution_attributes":{"ProcessID":648,"ThreadID":3388},"Channel":"Security","Computer":"DESKTOP-JR78RLP","Security":null},"EventData":{"SubjectUserSid":"S-1-5-21-979008924-657238111-836329461-1002","SubjectUserName":"jwrig","SubjectDomainName":"DESKTOP-JR78RLP","SubjectLogonId":"0x3069d","LogonGuid":"00000000-0000-0000-0000-000000000000","TargetUserName":"zmathis","TargetDomainName":"DOMAIN","TargetLogonGuid":"00000000-0000-0000-0000-000000000000","TargetServerName":"DESKTOP-JR78RLP","TargetInfo":"DESKTOP-JR78RLP","ProcessId":"0x4","ProcessName":"","IpAddress":"172.16.144.128","IpPort":"445"}}}
{"Event_attributes":{"xmlns":"http://schemas.microsoft.com/win/2004/08/events/event"},"Event":{"System":{"Provider_attributes":{"Name":"Microsoft-Windows-Security-Auditing","Guid":"54849625-5478-4994-A5BA-3E3B0328C30D"},"EventID":4648,"Version":0,"Level":0,"Task":12544,"Opcode":0,"Keywords":"0x8020000000000000","TimeCreated_attributes":{"SystemTime":"2019-04-30T19:27:30.787220Z"},"EventRecordID":42830,"Correlation_attributes":{"ActivityID":"F4BF8B01-FEA7-0000-E78B-BFF4A7FED401"},"Execution_attributes":{"ProcessID":648,"ThreadID":2968},"Channel":"Security","Computer":"DESKTOP-JR78RLP","Security":null},"EventData":{"SubjectUserSid":"S-1-5-21-979008924-657238111-836329461-1002","SubjectUserName":"jwrig","SubjectDomainName":"DESKTOP-JR78RLP","SubjectLogonId":"0x3069d","LogonGuid":"00000000-0000-0000-0000-000000000000","TargetUserName":"melliott","TargetDomainName":"DOMAIN","TargetLogonGuid":"00000000-0000-0000-0000-000000000000","TargetServerName":"DESKTOP-JR78RLP","TargetInfo":"DESKTOP-JR78RLP","ProcessId":"0x4","ProcessName":"","IpAddress":"172.16.144.128","IpPort":"445"}}}
{"Event_attributes":{"xmlns":"http://schemas.microsoft.com/win/2004/08/events/event"},"Event":{"System":{"Provider_attributes":{"Name":"Microsoft-Windows-Security-Auditing","Guid":"54849625-5478-4994-A5BA-3E3B0328C30D"},"EventID":4648,"Version":0,"Level":0,"Task":12544,"Opcode":0,"Keywords":"0x8020000000000000","TimeCreated_attributes":{"SystemTime":"2019-04-30T19:27:31.861297Z"},"EventRecordID":42831,"Correlation_attributes":{"ActivityID":"F4BF8B01-FEA7-0000-E78B-BFF4A7FED401"},"Execution_attributes":{"ProcessID":648,"ThreadID":3388},"Channel":"Security","Computer":"DESKTOP-JR78RLP","Security":null},"EventData":{"SubjectUserSid":"S-1-5-21-979008924-657238111-836329461-1002","SubjectUserName":"jwrig","SubjectDomainName":"DESKTOP-JR78RLP","SubjectLogonId":"0x3069d","LogonGuid":"00000000-0000-0000-0000-000000000000","TargetUserName":"kperryman","TargetDomainName":"DOMAIN","TargetLogonGuid":"00000000-0000-0000-0000-000000000000","TargetServerName":"DESKTOP-JR78RLP","TargetInfo":"DESKTOP-JR78RLP","ProcessId":"0x4","ProcessName":"","IpAddress":"172.16.144.128","IpPort":"445"}}}
{"Event_attributes":{"xmlns":"http://schemas.microsoft.com/win/2004/08/events/event"},"Event":{"System":{"Provider_attributes":{"Name":"Microsoft-Windows-Security-Auditing","Guid":"54849625-5478-4994-A5BA-3E3B0328C30D"},"EventID":4648,"Version":0,"Level":0,"Task":12544,"Opcode":0,"Keywords":"0x8020000000000000","TimeCreated_attributes":{"SystemTime":"2019-04-30T19:27:32.955353Z"},"EventRecordID":42832,"Correlation_attributes":{"ActivityID":"F4BF8B01-FEA7-0000-E78B-BFF4A7FED401"},"Execution_attributes":{"ProcessID":648,"ThreadID":2968},"Channel":"Security","Computer":"DESKTOP-JR78RLP","Security":null},"EventData":{"SubjectUserSid":"S-1-5-21-979008924-657238111-836329461-1002","SubjectUserName":"jwrig","SubjectDomainName":"DESKTOP-JR78RLP","SubjectLogonId":"0x3069d","LogonGuid":"00000000-0000-0000-0000-000000000000","TargetUserName":"jorchilles","TargetDomainName":"DOMAIN","TargetLogonGuid":"00000000-0000-0000-0000-000000000000","TargetServerName":"DESKTOP-JR78RLP","TargetInfo":"DESKTOP-JR78RLP","ProcessId":"0x4","ProcessName":"","IpAddress":"172.16.144.128","IpPort":"445"}}}
{"Event_attributes":{"xmlns":"http://schemas.microsoft.com/win/2004/08/events/event"},"Event":{"System":{"Provider_attributes":{"Name":"Microsoft-Windows-Security-Auditing","Guid":"54849625-5478-4994-A5BA-3E3B0328C30D"},"EventID":4648,"Version":0,"Level":0,"Task":12544,"Opcode":0,"Keywords":"0x8020000000000000","TimeCreated_attributes":{"SystemTime":"2019-04-30T19:27:34.020218Z"},"EventRecordID":42833,"Correlation_attributes":{"ActivityID":"F4BF8B01-FEA7-0000-E78B-BFF4A7FED401"},"Execution_attributes":{"ProcessID":648,"ThreadID":2968},"Channel":"Security","Computer":"DESKTOP-JR78RLP","Security":null},"EventData":{"SubjectUserSid":"S-1-5-21-979008924-657238111-836329461-1002","SubjectUserName":"jwrig","SubjectDomainName":"DESKTOP-JR78RLP","SubjectLogonId":"0x3069d","LogonGuid":"00000000-0000-0000-0000-000000000000","TargetUserName":"jlake","TargetDomainName":"DOMAIN","TargetLogonGuid":"00000000-0000-0000-0000-000000000000","TargetServerName":"DESKTOP-JR78RLP","TargetInfo":"DESKTOP-JR78RLP","ProcessId":"0x4","ProcessName":"","IpAddress":"172.16.144.128","IpPort":"445"}}}
{"Event_attributes":{"xmlns":"http://schemas.microsoft.com/win/2004/08/events/event"},"Event":{"System":{"Provider_attributes":{"Name":"Microsoft-Windows-Security-Auditing","Guid":"54849625-5478-4994-A5BA-3E3B0328C30D"},"EventID":4648,"Version":0,"Level":0,"Task":12544,"Opcode":0,"Keywords":"0x8020000000000000","TimeCreated_attributes":{"SystemTime":"2019-04-30T19:27:35.081856Z"},"EventRecordID":42834,"Correlation_attributes":{"ActivityID":"F4BF8B01-FEA7-0000-E78B-BFF4A7FED401"},"Execution_attributes":{"ProcessID":648,"ThreadID":3388},"Channel":"Security","Computer":"DESKTOP-JR78RLP","Security":null},"EventData":{"SubjectUserSid":"S-1-5-21-979008924-657238111-836329461-1002","SubjectUserName":"jwrig","SubjectDomainName":"DESKTOP-JR78RLP","SubjectLogonId":"0x3069d","LogonGuid":"00000000-0000-0000-0000-000000000000","TargetUserName":"edygert","TargetDomainName":"DOMAIN","TargetLogonGuid":"00000000-0000-0000-0000-000000000000","TargetServerName":"DESKTOP-JR78RLP","TargetInfo":"DESKTOP-JR78RLP","ProcessId":"0x4","ProcessName":"","IpAddress":"172.16.144.128","IpPort":"445"}}}
{"Event_attributes":{"xmlns":"http://schemas.microsoft.com/win/2004/08/events/event"},"Event":{"System":{"Provider_attributes":{"Name":"Microsoft-Windows-Security-Auditing","Guid":"54849625-5478-4994-A5BA-3E3B0328C30D"},"EventID":4648,"Version":0,"Level":0,"Task":12544,"Opcode":0,"Keywords":"0x8020000000000000","TimeCreated_attributes":{"SystemTime":"2019-04-30T19:27:36.151618Z"},"EventRecordID":42835,"Correlation_attributes":{"ActivityID":"F4BF8B01-FEA7-0000-E78B-BFF4A7FED401"},"Execution_attributes":{"ProcessID":648,"ThreadID":2968},"Channel":"Security","Computer":"DESKTOP-JR78RLP","Security":null},"EventData":{"SubjectUserSid":"S-1-5-21-979008924-657238111-836329461-1002","SubjectUserName":"jwrig","SubjectDomainName":"DESKTOP-JR78RLP","SubjectLogonId":"0x3069d","LogonGuid":"00000000-0000-0000-0000-000000000000","TargetUserName":"drook","TargetDomainName":"DOMAIN","TargetLogonGuid":"00000000-0000-0000-0000-000000000000","TargetServerName":"DESKTOP-JR78RLP","TargetInfo":"DESKTOP-JR78RLP","ProcessId":"0x4","ProcessName":"","IpAddress":"172.16.144.128","IpPort":"445"}}}
{"Event_attributes":{"xmlns":"http://schemas.microsoft.com/win/2004/08/events/event"},"Event":{"System":{"Provider_attributes":{"Name":"Microsoft-Windows-Security-Auditing","Guid":"54849625-5478-4994-A5BA-3E3B0328C30D"},"EventID":4648,"Version":0,"Level":0,"Task":12544,"Opcode":0,"Keywords":"0x8020000000000000","TimeCreated_attributes":{"SystemTime":"2019-04-30T19:27:37.238888Z"},"EventRecordID":42836,"Correlation_attributes":{"ActivityID":"F4BF8B01-FEA7-0000-E78B-BFF4A7FED401"},"Execution_attributes":{"ProcessID":648,"ThreadID":2968},"Channel":"Security","Computer":"DESKTOP-JR78RLP","Security":null},"EventData":{"SubjectUserSid":"S-1-5-21-979008924-657238111-836329461-1002","SubjectUserName":"jwrig","SubjectDomainName":"DESKTOP-JR78RLP","SubjectLogonId":"0x3069d","LogonGuid":"00000000-0000-0000-0000-000000000000","TargetUserName":"dmashburn","TargetDomainName":"DOMAIN","TargetLogonGuid":"00000000-0000-0000-0000-000000000000","TargetServerName":"DESKTOP-JR78RLP","TargetInfo":"DESKTOP-JR78RLP","ProcessId":"0x4","ProcessName":"","IpAddress":"172.16.144.128","IpPort":"445"}}}
{"Event_attributes":{"xmlns":"http://schemas.microsoft.com/win/2004/08/events/event"},"Event":{"System":{"Provider_attributes":{"Name":"Microsoft-Windows-Security-Auditing","Guid":"54849625-5478-4994-A5BA-3E3B0328C30D"},"EventID":4648,"Version":0,"Level":0,"Task":12544,"Opcode":0,"Keywords":"0x8020000000000000","TimeCreated_attributes":{"SystemTime":"2019-04-30T19:27:38.310440Z"},"EventRecordID":42837,"Correlation_attributes":{"ActivityID":"F4BF8B01-FEA7-0000-E78B-BFF4A7FED401"},"Execution_attributes":{"ProcessID":648,"ThreadID":2968},"Channel":"Security","Computer":"DESKTOP-JR78RLP","Security":null},"EventData":{"SubjectUserSid":"S-1-5-21-979008924-657238111-836329461-1002","SubjectUserName":"jwrig","SubjectDomainName":"DESKTOP-JR78RLP","SubjectLogonId":"0x3069d","LogonGuid":"00000000-0000-0000-0000-000000000000","TargetUserName":"cspizor","TargetDomainName":"DOMAIN","TargetLogonGuid":"00000000-0000-0000-0000-000000000000","TargetServerName":"DESKTOP-JR78RLP","TargetInfo":"DESKTOP-JR78RLP","ProcessId":"0x4","ProcessName":"","IpAddress":"172.16.144.128","IpPort":"445"}}}
{"Event_attributes":{"xmlns":"http://schemas.microsoft.com/win/2004/08/events/event"},"Event":{"System":{"Provider_attributes":{"Name":"Microsoft-Windows-Security-Auditing","Guid":"54849625-5478-4994-A5BA-3E3B0328C30D"},"EventID":4648,"Version":0,"Level":0,"Task":12544,"Opcode":0,"Keywords":"0x8020000000000000","TimeCreated_attributes":{"SystemTime":"2019-04-30T19:27:39.393337Z"},"EventRecordID":42838,"Correlation_attributes":{"ActivityID":"F4BF8B01-FEA7-0000-E78B-BFF4A7FED401"},"Execution_attributes":{"ProcessID":648,"ThreadID":2968},"Channel":"Security","Computer":"DESKTOP-JR78RLP","Security":null},"EventData":{"SubjectUserSid":"S-1-5-21-979008924-657238111-836329461-1002","SubjectUserName":"jwrig","SubjectDomainName":"DESKTOP-JR78RLP","SubjectLogonId":"0x3069d","LogonGuid":"00000000-0000-0000-0000-000000000000","TargetUserName":"cragoso","TargetDomainName":"DOMAIN","TargetLogonGuid":"00000000-0000-0000-0000-000000000000","TargetServerName":"DESKTOP-JR78RLP","TargetInfo":"DESKTOP-JR78RLP","ProcessId":"0x4","ProcessName":"","IpAddress":"172.16.144.128","IpPort":"445"}}}
{"Event_attributes":{"xmlns":"http://schemas.microsoft.com/win/2004/08/events/event"},"Event":{"System":{"Provider_attributes":{"Name":"Microsoft-Windows-Security-Auditing","Guid":"54849625-5478-4994-A5BA-3E3B0328C30D"},"EventID":4648,"Version":0,"Level":0,"Task":12544,"Opcode":0,"Keywords":"0x8020000000000000","TimeCreated_attributes":{"SystemTime":"2019-04-30T19:27:40.457649Z"},"EventRecordID":42839,"Correlation_attributes":{"ActivityID":"F4BF8B01-FEA7-0000-E78B-BFF4A7FED401"},"Execution_attributes":{"ProcessID":648,"ThreadID":2968},"Channel":"Security","Computer":"DESKTOP-JR78RLP","Security":null},"EventData":{"SubjectUserSid":"S-1-5-21-979008924-657238111-836329461-1002","SubjectUserName":"jwrig","SubjectDomainName":"DESKTOP-JR78RLP","SubjectLogonId":"0x3069d","LogonGuid":"00000000-0000-0000-0000-000000000000","TargetUserName":"bgalbraith","TargetDomainName":"DOMAIN","TargetLogonGuid":"00000000-0000-0000-0000-000000000000","TargetServerName":"DESKTOP-JR78RLP","TargetInfo":"DESKTOP-JR78RLP","ProcessId":"0x4","ProcessName":"","IpAddress":"172.16.144.128","IpPort":"445"}}}
{"Event_attributes":{"xmlns":"http://schemas.microsoft.com/win/2004/08/events/event"},"Event":{"System":{"Provider_attributes":{"Name":"Microsoft-Windows-Security-Auditing","Guid":"54849625-5478-4994-A5BA-3E3B0328C30D"},"EventID":4648,"Version":0,"Level":0,"Task":12544,"Opcode":0,"Keywords":"0x8020000000000000","TimeCreated_attributes":{"SystemTime":"2019-04-30T19:27:41.553672Z"},"EventRecordID":42840,"Correlation_attributes":{"ActivityID":"F4BF8B01-FEA7-0000-E78B-BFF4A7FED401"},"Execution_attributes":{"ProcessID":648,"ThreadID":2968},"Channel":"Security","Computer":"DESKTOP-JR78RLP","Security":null},"EventData":{"SubjectUserSid":"S-1-5-21-979008924-657238111-836329461-1002","SubjectUserName":"jwrig","SubjectDomainName":"DESKTOP-JR78RLP","SubjectLogonId":"0x3069d","LogonGuid":"00000000-0000-0000-0000-000000000000","TargetUserName":"bking","TargetDomainName":"DOMAIN","TargetLogonGuid":"00000000-0000-0000-0000-000000000000","TargetServerName":"DESKTOP-JR78RLP","TargetInfo":"DESKTOP-JR78RLP","ProcessId":"0x4","ProcessName":"","IpAddress":"172.16.144.128","IpPort":"445"}}}
{"Event_attributes":{"xmlns":"http://schemas.microsoft.com/win/2004/08/events/event"},"Event":{"System":{"Provider_attributes":{"Name":"Microsoft-Windows-Security-Auditing","Guid":"54849625-5478-4994-A5BA-3E3B0328C30D"},"EventID":4648,"Version":0,"Level":0,"Task":12544,"Opcode":0,"Keywords":"0x8020000000000000","TimeCreated_attributes":{"SystemTime":"2019-04-30T19:27:42.613974Z"},"EventRecordID":42841,"Correlation_attributes":{"ActivityID":"F4BF8B01-FEA7-0000-E78B-BFF4A7FED401"},"Execution_attributes":{"ProcessID":648,"ThreadID":3388},"Channel":"Security","Computer":"DESKTOP-JR78RLP","Security":null},"EventData":{"SubjectUserSid":"S-1-5-21-979008924-657238111-836329461-1002","SubjectUserName":"jwrig","SubjectDomainName":"DESKTOP-JR78RLP","SubjectLogonId":"0x3069d","LogonGuid":"00000000-0000-0000-0000-000000000000","TargetUserName":"mdouglas","TargetDomainName":"DOMAIN","TargetLogonGuid":"00000000-0000-0000-0000-000000000000","TargetServerName":"DESKTOP-JR78RLP","TargetInfo":"DESKTOP-JR78RLP","ProcessId":"0x4","ProcessName":"","IpAddress":"172.16.144.128","IpPort":"445"}}}
{"Event_attributes":{"xmlns":"http://schemas.microsoft.com/win/2004/08/events/event"},"Event":{"System":{"Provider_attributes":{"Name":"Microsoft-Windows-Security-Auditing","Guid":"54849625-5478-4994-A5BA-3E3B0328C30D"},"EventID":4648,"Version":0,"Level":0,"Task":12544,"Opcode":0,"Keywords":"0x8020000000000000","TimeCreated_attributes":{"SystemTime":"2019-04-30T19:27:43.686000Z"},"EventRecordID":42842,"Correlation_attributes":{"ActivityID":"F4BF8B01-FEA7-0000-E78B-BFF4A7FED401"},"Execution_attributes":{"ProcessID":648,"ThreadID":3388},"Channel":"Security","Computer":"DESKTOP-JR78RLP","Security":null},"EventData":{"SubjectUserSid":"S-1-5-21-979008924-657238111-836329461-1002","SubjectUserName":"jwrig","SubjectDomainName":"DESKTOP-JR78RLP","SubjectLogonId":"0x3069d","LogonGuid":"00000000-0000-0000-0000-000000000000","TargetUserName":"bgreenwood","TargetDomainName":"DOMAIN","TargetLogonGuid":"00000000-0000-0000-0000-000000000000","TargetServerName":"DESKTOP-JR78RLP","TargetInfo":"DESKTOP-JR78RLP","ProcessId":"0x4","ProcessName":"","IpAddress":"172.16.144.128","IpPort":"445"}}}
{"Event_attributes":{"xmlns":"http://schemas.microsoft.com/win/2004/08/events/event"},"Event":{"System":{"Provider_attributes":{"Name":"Microsoft-Windows-Security-Auditing","Guid":"54849625-5478-4994-A5BA-3E3B0328C30D"},"EventID":4648,"Version":0,"Level":0,"Task":12544,"Opcode":0,"Keywords":"0x8020000000000000","TimeCreated_attributes":{"SystemTime":"2019-04-30T19:27:44.738836Z"},"EventRecordID":42843,"Correlation_attributes":{"ActivityID":"F4BF8B01-FEA7-0000-E78B-BFF4A7FED401"},"Execution_attributes":{"ProcessID":648,"ThreadID":2968},"Channel":"Security","Computer":"DESKTOP-JR78RLP","Security":null},"EventData":{"SubjectUserSid":"S-1-5-21-979008924-657238111-836329461-1002","SubjectUserName":"jwrig","SubjectDomainName":"DESKTOP-JR78RLP","SubjectLogonId":"0x3069d","LogonGuid":"00000000-0000-0000-0000-000000000000","TargetUserName":"baker","TargetDomainName":"DOMAIN","TargetLogonGuid":"00000000-0000-0000-0000-000000000000","TargetServerName":"DESKTOP-JR78RLP","TargetInfo":"DESKTOP-JR78RLP","ProcessId":"0x4","ProcessName":"","IpAddress":"172.16.144.128","IpPort":"445"}}}
{"Event_attributes":{"xmlns":"http://schemas.microsoft.com/win/2004/08/events/event"},"Event":{"System":{"Provider_attributes":{"Name":"Microsoft-Windows-Security-Auditing","Guid":"54849625-5478-4994-A5BA-3E3B0328C30D"},"EventID":4648,"Version":0,"Level":0,"Task":12544,"Opcode":0,"Keywords":"0x8020000000000000","TimeCreated_attributes":{"SystemTime":"2019-04-30T19:27:45.818930Z"},"EventRecordID":42844,"Correlation_attributes":{"ActivityID":"F4BF8B01-FEA7-0000-E78B-BFF4A7FED401"},"Execution_attributes":{"ProcessID":648,"ThreadID":2968},"Channel":"Security","Computer":"DESKTOP-JR78RLP","Security":null},"EventData":{"SubjectUserSid":"S-1-5-21-979008924-657238111-836329461-1002","SubjectUserName":"jwrig","SubjectDomainName":"DESKTOP-JR78RLP","SubjectLogonId":"0x3069d","LogonGuid":"00000000-0000-0000-0000-000000000000","TargetUserName":"ssims","TargetDomainName":"DOMAIN","TargetLogonGuid":"00000000-0000-0000-0000-000000000000","TargetServerName":"DESKTOP-JR78RLP","TargetInfo":"DESKTOP-JR78RLP","ProcessId":"0x4","ProcessName":"","IpAddress":"172.16.144.128","IpPort":"445"}}}
{"Event_attributes":{"xmlns":"http://schemas.microsoft.com/win/2004/08/events/event"},"Event":{"System":{"Provider_attributes":{"Name":"Microsoft-Windows-Security-Auditing","Guid":"54849625-5478-4994-A5BA-3E3B0328C30D"},"EventID":4648,"Version":0,"Level":0,"Task":12544,"Opcode":0,"Keywords":"0x8020000000000000","TimeCreated_attributes":{"SystemTime":"2019-04-30T19:27:46.896762Z"},"EventRecordID":42845,"Correlation_attributes":{"ActivityID":"F4BF8B01-FEA7-0000-E78B-BFF4A7FED401"},"Execution_attributes":{"ProcessID":648,"ThreadID":3388},"Channel":"Security","Computer":"DESKTOP-JR78RLP","Security":null},"EventData":{"SubjectUserSid":"S-1-5-21-979008924-657238111-836329461-1002","SubjectUserName":"jwrig","SubjectDomainName":"DESKTOP-JR78RLP","SubjectLogonId":"0x3069d","LogonGuid":"00000000-0000-0000-0000-000000000000","TargetUserName":"smisenar","TargetDomainName":"DOMAIN","TargetLogonGuid":"00000000-0000-0000-0000-000000000000","TargetServerName":"DESKTOP-JR78RLP","TargetInfo":"DESKTOP-JR78RLP","ProcessId":"0x4","ProcessName":"","IpAddress":"172.16.144.128","IpPort":"445"}}}
{"Event_attributes":{"xmlns":"http://schemas.microsoft.com/win/2004/08/events/event"},"Event":{"System":{"Provider_attributes":{"Name":"Microsoft-Windows-Security-Auditing","Guid":"54849625-5478-4994-A5BA-3E3B0328C30D"},"EventID":4648,"Version":0,"Level":0,"Task":12544,"Opcode":0,"Keywords":"0x8020000000000000","TimeCreated_attributes":{"SystemTime":"2019-04-30T19:27:47.953524Z"},"EventRecordID":42846,"Correlation_attributes":{"ActivityID":"F4BF8B01-FEA7-0000-E78B-BFF4A7FED401"},"Execution_attributes":{"ProcessID":648,"ThreadID":3388},"Channel":"Security","Computer":"DESKTOP-JR78RLP","Security":null},"EventData":{"SubjectUserSid":"S-1-5-21-979008924-657238111-836329461-1002","SubjectUserName":"jwrig","SubjectDomainName":"DESKTOP-JR78RLP","SubjectLogonId":"0x3069d","LogonGuid":"00000000-0000-0000-0000-000000000000","TargetUserName":"Administrator","TargetDomainName":"DOMAIN","TargetLogonGuid":"00000000-0000-0000-0000-000000000000","TargetServerName":"DESKTOP-JR78RLP","TargetInfo":"DESKTOP-JR78RLP","ProcessId":"0x4","ProcessName":"","IpAddress":"172.16.144.128","IpPort":"445"}}}
{"Event_attributes":{"xmlns":"http://schemas.microsoft.com/win/2004/08/events/event"},"Event":{"System":{"Provider_attributes":{"Name":"Microsoft-Windows-Security-Auditing","Guid":"54849625-5478-4994-A5BA-3E3B0328C30D"},"EventID":4648,"Version":0,"Level":0,"Task":12544,"Opcode":0,"Keywords":"0x8020000000000000","TimeCreated_attributes":{"SystemTime":"2019-04-30T19:27:49.019967Z"},"EventRecordID":42847,"Correlation_attributes":{"ActivityID":"F4BF8B01-FEA7-0000-E78B-BFF4A7FED401"},"Execution_attributes":{"ProcessID":648,"ThreadID":2968},"Channel":"Security","Computer":"DESKTOP-JR78RLP","Security":null},"EventData":{"SubjectUserSid":"S-1-5-21-979008924-657238111-836329461-1002","SubjectUserName":"jwrig","SubjectDomainName":"DESKTOP-JR78RLP","SubjectLogonId":"0x3069d","LogonGuid":"00000000-0000-0000-0000-000000000000","TargetUserName":"jwright","TargetDomainName":"DOMAIN","TargetLogonGuid":"00000000-0000-0000-0000-000000000000","TargetServerName":"DESKTOP-JR78RLP","TargetInfo":"DESKTOP-JR78RLP","ProcessId":"0x4","ProcessName":"","IpAddress":"172.16.144.128","IpPort":"445"}}}
{"Event_attributes":{"xmlns":"http://schemas.microsoft.com/win/2004/08/events/event"},"Event":{"System":{"Provider_attributes":{"Name":"Microsoft-Windows-Security-Auditing","Guid":"54849625-5478-4994-A5BA-3E3B0328C30D"},"EventID":4648,"Version":0,"Level":0,"Task":12544,"Opcode":0,"Keywords":"0x8020000000000000","TimeCreated_attributes":{"SystemTime":"2019-04-30T19:27:50.082408Z"},"EventRecordID":42848,"Correlation_attributes":{"ActivityID":"F4BF8B01-FEA7-0000-E78B-BFF4A7FED401"},"Execution_attributes":{"ProcessID":648,"ThreadID":3388},"Channel":"Security","Computer":"DESKTOP-JR78RLP","Security":null},"EventData":{"SubjectUserSid":"S-1-5-21-979008924-657238111-836329461-1002","SubjectUserName":"jwrig","SubjectDomainName":"DESKTOP-JR78RLP","SubjectLogonId":"0x3069d","LogonGuid":"00000000-0000-0000-0000-000000000000","TargetUserName":"dpendolino","TargetDomainName":"DOMAIN","TargetLogonGuid":"00000000-0000-0000-0000-000000000000","TargetServerName":"DESKTOP-JR78RLP","TargetInfo":"DESKTOP-JR78RLP","ProcessId":"0x4","ProcessName":"","IpAddress":"172.16.144.128","IpPort":"445"}}}
