{"Event_attributes":{"xmlns":"http://schemas.microsoft.com/win/2004/08/events/event"},"Event":{"System":{"Provider_attributes":{"Name":"Microsoft-Windows-Security-Auditing","Guid":"54849625-5478-4994-A5BA-3E3B0328C30D"},"EventID":4648,"Version":0,"Level":0,"Task":12544,"Opcode":0,"Keywords":"0x8020000000000000","TimeCreated_attributes":{"SystemTime":"2019-04-30T19:28:39.463324Z"},"EventRecordID":42894,"Correlation_attributes":{"ActivityID":"F4BF8B01-FEA7-0000-E78B-BFF4A7FED401"},"Execution_attributes":{"ProcessID":648,"ThreadID":3388},"Channel":"Security","Computer":"DESKTOP-JR78RLP","Security":null},"EventData":{"SubjectUserSid":"S-1-5-21-979008924-657238111-836329461-1002","SubjectUserName":"jwrig","SubjectDomainName":"DESKTOP-JR78RLP","SubjectLogonId":"0x3069d","LogonGuid":"00000000-0000-0000-0000-000000000000","TargetUserName":"cdavis","TargetDomainName":"DOMAIN","TargetLogonGuid":"00000000-0000-0000-0000-000000000000","TargetServerName":"DESKTOP-JR78RLP","TargetInfo":"DESKTOP-JR78RLP","ProcessId":"0x4","ProcessName":"","IpAddress":"172.16.144.128","IpPort":"445"}}}
{"Event_attributes":{"xmlns":"http://schemas.microsoft.com/win/2004/08/events/event"},"Event":{"System":{"Provider_attributes":{"Name":"Microsoft-Windows-Security-Auditing","Guid":"54849625-5478-4994-A5BA-3E3B0328C30D"},"EventID":4648,"Version":0,"Level":0,"Task":12544,"Opcode":0,"Keywords":"0x8020000000000000","TimeCreated_attributes":{"SystemTime":"2019-04-30T19:28:40.530777Z"},"EventRecordID":42895,"Correlation_attributes":{"ActivityID":"F4BF8B01-FEA7-0000-E78B-BFF4A7FED401"},"Execution_attributes":{"ProcessID":648,"ThreadID":3388},"Channel":"Security","Computer":"DESKTOP-JR78RLP","Security":null},"EventData":{"SubjectUserSid":"S-1-5-21-979008924-657238111-836329461-1002","SubjectUserName":"jwrig","SubjectDomainName":"DESKTOP-JR78RLP","SubjectLogonId":"0x3069d","LogonGuid":"00000000-0000-0000-0000-000000000000","TargetUserName":"mtoussain","TargetDomainName":"DOMAIN","TargetLogonGuid":"00000000-0000-0000-0000-000000000000","TargetServerName":"DESKTOP-JR78RLP","TargetInfo":"DESKTOP-JR78RLP","ProcessId":"0x4","ProcessName":"","IpAddress":"172.16.144.128","IpPort":"445"}}}
{"Event_attributes":{"xmlns":"http://schemas.microsoft.com/win/2004/08/events/event"},"Event":{"System":{"Provider_attributes":{"Name":"Microsoft-Windows-Security-Auditing","Guid":"54849625-5478-4994-A5BA-3E3B0328C30D"},"EventID":4648,"Version":0,"Level":0,"Task":12544,"Opcode":0,"Keywords":"0x8020000000000000","TimeCreated_attributes":{"SystemTime":"2019-04-30T19:28:41.608320Z"},"EventRecordID":42896,"Correlation_attributes":{"ActivityID":"F4BF8B01-FEA7-0000-E78B-BFF4A7FED401"},"Execution_attributes":{"ProcessID":648,"ThreadID":3388},"Channel":"Security","Computer":"DESKTOP-JR78RLP","Security":null},"EventData":{"SubjectUserSid":"S-1-5-21-979008924-657238111-836329461-1002","SubjectUserName":"jwrig","SubjectDomainName":"DESKTOP-JR78RLP","SubjectLogonId":"0x3069d","LogonGuid":"00000000-0000-0000-0000-000000000000","TargetUserName":"lschifano","TargetDomainName":"DOMAIN","TargetLogonGuid":"00000000-0000-0000-0000-000000000000","TargetServerName":"DESKTOP-JR78RLP","TargetInfo":"DESKTOP-JR78RLP","ProcessId":"0x4","ProcessName":"","IpAddress":"172.16.144.128","IpPort":"445"}}}
{"Event_attributes":{"xmlns":"http://schemas.microsoft.com/win/2004/08/events/event"},"Event":{"System":{"Provider_attributes":{"Name":"Microsoft-Windows-Security-Auditing","Guid":"54849625-5478-4994-A5BA-3E3B0328C30D"},"EventID":4648,"Version":0,"Level":0,"Task":12544,"Opcode":0,"Keywords":"0x8020000000000000","TimeCreated_attributes":{"SystemTime":"2019-04-30T19:28:42.669422Z"},"EventRecordID":42897,"Correlation_attributes":{"ActivityID":"F4BF8B01-FEA7-0000-E78B-BFF4A7FED401"},"Execution_attributes":{"ProcessID":648,"ThreadID":3388},"Channel":"Security","Computer":"DESKTOP-JR78RLP","Security":null},"EventData":{"SubjectUserSid":"S-1-5-21-979008924-657238111-836329461-1002","SubjectUserName":"jwrig","SubjectDomainName":"DESKTOP-JR78RLP","SubjectLogonId":"0x3069d","LogonGuid":"00000000-0000-0000-0000-000000000000","TargetUserName":"bhostetler","TargetDomainName":"DOMAIN","TargetLogonGuid":"00000000-0000-0000-0000-000000000000","TargetServerName":"DESKTOP-JR78RLP","TargetInfo":"DESKTOP-JR78RLP","ProcessId":"0x4","ProcessName":"","IpAddress":"172.16.144.128","IpPort":"445"}}}
{"Event_attributes":{"xmlns":"http://schemas.microsoft.com/win/2004/08/events/event"},"Event":{"System":{"Provider_attributes":{"Name":"Microsoft-Windows-Security-Auditing","Guid":"54849625-5478-4994-A5BA-3E3B0328C30D"},"EventID":4648,"Version":0,"Level":0,"Task":12544,"Opcode":0,"Keywords":"0x8020000000000000","TimeCreated_attributes":{"SystemTime":"2019-04-30T19:28:43.731157Z"},"EventRecordID":42898,"Correlation_attributes":{"ActivityID":"F4BF8B01-FEA7-0000-E78B-BFF4A7FED401"},"Execution_attributes":{"ProcessID":648,"ThreadID":3388},"Channel":"Security","Computer":"DESKTOP-JR78RLP","Security":null},"EventData":{"SubjectUserSid":"S-1-5-21-979008924-657238111-836329461-1002","SubjectUserName":"jwrig","SubjectDomainName":"DESKTOP-JR78RLP","SubjectLogonId":"0x3069d","LogonGuid":"00000000-0000-0000-0000-000000000000","TargetUserName":"rbowes","TargetDomainName":"DOMAIN","TargetLogonGuid":"00000000-0000-0000-0000-000000000000","TargetServerName":"DESKTOP-JR78RLP","TargetInfo":"DESKTOP-JR78RLP","ProcessId":"0x4","ProcessName":"","IpAddress":"172.16.144.128","IpPort":"445"}}}
{"Event_attributes":{"xmlns":"http://schemas.microsoft.com/win/2004/08/events/event"},"Event":{"System":{"Provider_attributes":{"Name":"Microsoft-Windows-Security-Auditing","Guid":"54849625-5478-4994-A5BA-3E3B0328C30D"},"EventID":4648,"Version":0,"Level":0,"Task":12544,"Opcode":0,"Keywords":"0x8020000000000000","TimeCreated_attributes":{"SystemTime":"2019-04-30T19:28:44.801667Z"},"EventRecordID":42899,"Correlation_attributes":{"ActivityID":"F4BF8B01-FEA7-0000-E78B-BFF4A7FED401"},"Execution_attributes":{"ProcessID":648,"ThreadID":3388},"Channel":"Security","Computer":"DESKTOP-JR78RLP","Security":null},"EventData":{"SubjectUserSid":"S-1-5-21-979008924-657238111-836329461-1002","SubjectUserName":"jwrig","SubjectDomainName":"DESKTOP-JR78RLP","SubjectLogonId":"0x3069d","LogonGuid":"00000000-0000-0000-0000-000000000000","TargetUserName":"ebooth","TargetDomainName":"DOMAIN","TargetLogonGuid":"00000000-0000-0000-0000-000000000000","TargetServerName":"DESKTOP-JR78RLP","TargetInfo":"DESKTOP-JR78RLP","ProcessId":"0x4","ProcessName":"","IpAddress":"172.16.144.128","IpPort":"445"}}}
{"Event_attributes":{"xmlns":"http://schemas.microsoft.com/win/2004/08/events/event"},"Event":{"System":{"Provider_attributes":{"Name":"Microsoft-Windows-Security-Auditing","Guid":"54849625-5478-4994-A5BA-3E3B0328C30D"},"EventID":4648,"Version":0,"Level":0,"Task":12544,"Opcode":0,"Keywords":"0x8020000000000000","TimeCreated_attributes":{"SystemTime":"2019-04-30T19:28:45.880943Z"},"EventRecordID":42900,"Correlation_attributes":{"ActivityID":"F4BF8B01-FEA7-0000-E78B-BFF4A7FED401"},"Execution_attributes":{"ProcessID":648,"ThreadID":3388},"Channel":"Security","Computer":"DESKTOP-JR78RLP","Security":null},"EventData":{"SubjectUserSid":"S-1-5-21-979008924-657238111-836329461-1002","SubjectUserName":"jwrig","SubjectDomainName":"DESKTOP-JR78RLP","SubjectLogonId":"0x3069d","LogonGuid":"00000000-0000-0000-0000-000000000000","TargetUserName":"cfleener","TargetDomainName":"DOMAIN","TargetLogonGuid":"00000000-0000-0000-0000-000000000000","TargetServerName":"DESKTOP-JR78RLP","TargetInfo":"DESKTOP-JR78RLP","ProcessId":"0x4","ProcessName":"","IpAddress":"172.16.144.128","IpPort":"445"}}}
{"Event_attributes":{"xmlns":"http://schemas.microsoft.com/win/2004/08/events/event"},"Event":{"System":{"Provider_attributes":{"Name":"Microsoft-Windows-Security-Auditing","Guid":"54849625-5478-4994-A5BA-3E3B0328C30D"},"EventID":4648,"Version":0,"Level":0,"Task":12544,"Opcode":0,"Keywords":"0x8020000000000000","TimeCreated_attributes":{"SystemTime":"2019-04-30T19:28:46.969599Z"},"EventRecordID":42901,"Correlation_attributes":{"ActivityID":"F4BF8B01-FEA7-0000-E78B-BFF4A7FED401"},"Execution_attributes":{"ProcessID":648,"ThreadID":3388},"Channel":"Security","Computer":"DESKTOP-JR78RLP","Security":null},"EventData":{"SubjectUserSid":"S-1-5-21-979008924-657238111-836329461-1002","SubjectUserName":"jwrig","SubjectDomainName":"DESKTOP-JR78RLP","SubjectLogonId":"0x3069d","LogonGuid":"00000000-0000-0000-0000-000000000000","TargetUserName":"cmoody","TargetDomainName":"DOMAIN","TargetLogonGuid":"00000000-0000-0000-0000-000000000000","TargetServerName":"DESKTOP-JR78RLP","TargetInfo":"DESKTOP-JR78RLP","ProcessId":"0x4","ProcessName":"","IpAddress":"172.16.144.128","IpPort":"445"}}}
{"Event_attributes":{"xmlns":"http://schemas.microsoft.com/win/2004/08/events/event"},"Event":{"System":{"Provider_attributes":{"Name":"Microsoft-Windows-Security-Auditing","Guid":"54849625-5478-4994-A5BA-3E3B0328C30D"},"EventID":4648,"Version":0,"Level":0,"Task":12544,"Opcode":0,"Keywords":"0x8020000000000000","TimeCreated_attributes":{"SystemTime":"2019-04-30T19:28:48.042166Z"},"EventRecordID":42902,"Correlation_attributes":{"ActivityID":"F4BF8B01-FEA7-0000-E78B-BFF4A7FED401"},"Execution_attributes":{"ProcessID":648,"ThreadID":3388},"Channel":"Security","Computer":"DESKTOP-JR78RLP","Security":null},"EventData":{"SubjectUserSid":"S-1-5-21-979008924-657238111-836329461-1002","SubjectUserName":"jwrig","SubjectDomainName":"DESKTOP-JR78RLP","SubjectLogonId":"0x3069d","LogonGuid":"00000000-0000-0000-0000-000000000000","TargetUserName":"psmith","TargetDomainName":"DOMAIN","TargetLogonGuid":"00000000-0000-0000-0000-000000000000","TargetServerName":"DESKTOP-JR78RLP","TargetInfo":"DESKTOP-JR78RLP","ProcessId":"0x4","ProcessName":"","IpAddress":"172.16.144.128","IpPort":"445"}}}
{"Event_attributes":{"xmlns":"http://schemas.microsoft.com/win/2004/08/events/event"},"Event":{"System":{"Provider_attributes":{"Name":"Microsoft-Windows-Security-Auditing","Guid":"54849625-5478-4994-A5BA-3E3B0328C30D"},"EventID":4648,"Version":0,"Level":0,"Task":12544,"Opcode":0,"Keywords":"0x8020000000000000","TimeCreated_attributes":{"SystemTime":"2019-04-30T19:28:49.108968Z"},"EventRecordID":42903,"Correlation_attributes":{"ActivityID":"F4BF8B01-FEA7-0000-E78B-BFF4A7FED401"},"Execution_attributes":{"ProcessID":648,"ThreadID":3388},"Channel":"Security","Computer":"DESKTOP-JR78RLP","Security":null},"EventData":{"SubjectUserSid":"S-1-5-21-979008924-657238111-836329461-1002","SubjectUserName":"jwrig","SubjectDomainName":"DESKTOP-JR78RLP","SubjectLogonId":"0x3069d","LogonGuid":"00000000-0000-0000-0000-000000000000","TargetUserName":"jkulikowski","TargetDomainName":"DOMAIN","TargetLogonGuid":"00000000-0000-0000-0000-000000000000","TargetServerName":"DESKTOP-JR78RLP","TargetInfo":"DESKTOP-JR78RLP","ProcessId":"0x4","ProcessName":"","IpAddress":"172.16.144.128","IpPort":"445"}}}
{"Event_attributes":{"xmlns":"http://schemas.microsoft.com/win/2004/08/events/event"},"Event":{"System":{"Provider_attributes":{"Name":"Microsoft-Windows-Security-Auditing","Guid":"54849625-5478-4994-A5BA-3E3B0328C30D"},"EventID":4648,"Version":0,"Level":0,"Task":12544,"Opcode":0,"Keywords":"0x8020000000000000","TimeCreated_attributes":{"SystemTime":"2019-04-30T19:28:50.156022Z"},"EventRecordID":42904,"Correlation_attributes":{"ActivityID":"F4BF8B01-FEA7-0000-E78B-BFF4A7FED401"},"Execution_attributes":{"ProcessID":648,"ThreadID":3388},"Channel":"Security","Computer":"DESKTOP-JR78RLP","Security":null},"EventData":{"SubjectUserSid":"S-1-5-21-979008924-657238111-836329461-1002","SubjectUserName":"jwrig","SubjectDomainName":"DESKTOP-JR78RLP","SubjectLogonId":"0x3069d","LogonGuid":"00000000-0000-0000-0000-000000000000","TargetUserName":"gsalinas","TargetDomainName":"DOMAIN","TargetLogonGuid":"00000000-0000-0000-0000-000000000000","TargetServerName":"DESKTOP-JR78RLP","TargetInfo":"DESKTOP-JR78RLP","ProcessId":"0x4","ProcessName":"","IpAddress":"172.16.144.128","IpPort":"445"}}}
{"Event_attributes":{"xmlns":"http://schemas.microsoft.com/win/2004/08/events/event"},"Event":{"System":{"Provider_attributes":{"Name":"Microsoft-Windows-Security-Auditing","Guid":"54849625-5478-4994-A5BA-3E3B0328C30D"},"EventID":4648,"Version":0,"Level":0,"Task":12544,"Opcode":0,"Keywords":"0x8020000000000000","TimeCreated_attributes":{"SystemTime":"2019-04-30T19:28:51.239088Z"},"EventRecordID":42905,"Correlation_attributes":{"ActivityID":"F4BF8B01-FEA7-0000-E78B-BFF4A7FED401"},"Execution_attributes":{"ProcessID":648,"ThreadID":2968},"Channel":"Security","Computer":"DESKTOP-JR78RLP","Security":null},"EventData":{"SubjectUserSid":"S-1-5-21-979008924-657238111-836329461-1002","SubjectUserName":"jwrig","SubjectDomainName":"DESKTOP-JR78RLP","SubjectLogonId":"0x3069d","LogonGuid":"00000000-0000-0000-0000-000000000000","TargetUserName":"tbennett","TargetDomainName":"DOMAIN","TargetLogonGuid":"00000000-0000-0000-0000-000000000000","TargetServerName":"DESKTOP-JR78RLP","TargetInfo":"DESKTOP-JR78RLP","ProcessId":"0x4","ProcessName":"","IpAddress":"172.16.144.128","IpPort":"445"}}}
{"Event_attributes":{"xmlns":"http://schemas.microsoft.com/win/2004/08/events/event"},"Event":{"System":{"Provider_attributes":{"Name":"Microsoft-Windows-Security-Auditing","Guid":"54849625-5478-4994-A5BA-3E3B0328C30D"},"EventID":4648,"Version":0,"Level":0,"Task":12544,"Opcode":0,"Keywords":"0x8020000000000000","TimeCreated_attributes":{"SystemTime":"2019-04-30T19:28:52.302963Z"},"EventRecordID":42906,"Correlation_attributes":{"ActivityID":"F4BF8B01-FEA7-0000-E78B-BFF4A7FED401"},"Execution_attributes":{"ProcessID":648,"ThreadID":3388},"Channel":"Security","Computer":"DESKTOP-JR78RLP","Security":null},"EventData":{"SubjectUserSid":"S-1-5-21-979008924-657238111-836329461-1002","SubjectUserName":"jwrig","SubjectDomainName":"DESKTOP-JR78RLP","SubjectLogonId":"0x3069d","LogonGuid":"00000000-0000-0000-0000-000000000000","TargetUserName":"econrad","TargetDomainName":"DOMAIN","TargetLogonGuid":"00000000-0000-0000-0000-000000000000","TargetServerName":"DESKTOP-JR78RLP","TargetInfo":"DESKTOP-JR78RLP","ProcessId":"0x4","ProcessName":"","IpAddress":"172.16.144.128","IpPort":"445"}}}
{"Event_attributes":{"xmlns":"http://schemas.microsoft.com/win/2004/08/events/event"},"Event":{"System":{"Provider_attributes":{"Name":"Microsoft-Windows-Security-Auditing","Guid":"54849625-5478-4994-A5BA-3E3B0328C30D"},"EventID":4648,"Version":0,"Level":0,"Task":12544,"Opcode":0,"Keywords":"0x8020000000000000","TimeCreated_attributes":{"SystemTime":"2019-04-30T19:28:53.366072Z"},"EventRecordID":42907,"Correlation_attributes":{"ActivityID":"F4BF8B01-FEA7-0000-E78B-BFF4A7FED401"},"Execution_attributes":{"ProcessID":648,"ThreadID":2968},"Channel":"Security","Computer":"DESKTOP-JR78RLP","Security":null},"EventData":{"SubjectUserSid":"S-1-5-21-979008924-657238111-836329461-1002","SubjectUserName":"jwrig","SubjectDomainName":"DESKTOP-JR78RLP","SubjectLogonId":"0x3069d","LogonGuid":"00000000-0000-0000-0000-000000000000","TargetUserName":"smisenar","TargetDomainName":"DOMAIN","TargetLogonGuid":"00000000-0000-0000-0000-000000000000","TargetServerName":"DESKTOP-JR78RLP","TargetInfo":"DESKTOP-JR78RLP","ProcessId":"0x4","ProcessName":"","IpAddress":"172.16.144.128","IpPort":"445"}}}
{"Event_attributes":{"xmlns":"http://schemas.microsoft.com/win/2004/08/events/event"},"Event":{"System":{"Provider_attributes":{"Name":"Microsoft-Windows-Security-Auditing","Guid":"54849625-5478-4994-A5BA-3E3B0328C30D"},"EventID":4648,"Version":0,"Level":0,"Task":12544,"Opcode":0,"Keywords":"0x8020000000000000","TimeCreated_attributes":{"SystemTime":"2019-04-30T19:28:54.441029Z"},"EventRecordID":42908,"Correlation_attributes":{"ActivityID":"F4BF8B01-FEA7-0000-E78B-BFF4A7FED401"},"Execution_attributes":{"ProcessID":648,"ThreadID":2968},"Channel":"Security","Computer":"DESKTOP-JR78RLP","Security":null},"EventData":{"SubjectUserSid":"S-1-5-21-979008924-657238111-836329461-1002","SubjectUserName":"jwrig","SubjectDomainName":"DESKTOP-JR78RLP","SubjectLogonId":"0x3069d","LogonGuid":"00000000-0000-0000-0000-000000000000","TargetUserName":"jleytevidal","TargetDomainName":"DOMAIN","TargetLogonGuid":"00000000-0000-0000-0000-000000000000","TargetServerName":"DESKTOP-JR78RLP","TargetInfo":"DESKTOP-JR78RLP","ProcessId":"0x4","ProcessName":"","IpAddress":"172.16.144.128","IpPort":"445"}}}
{"Event_attributes":{"xmlns":"http://schemas.microsoft.com/win/2004/08/events/event"},"Event":{"System":{"Provider_attributes":{"Name":"Microsoft-Windows-Security-Auditing","Guid":"54849625-5478-4994-A5BA-3E3B0328C30D"},"EventID":4648,"Version":0,"Level":0,"Task":12544,"Opcode":0,"Keywords":"0x8020000000000000","TimeCreated_attributes":{"SystemTime":"2019-04-30T19:28:55.503131Z"},"EventRecordID":42909,"Correlation_attributes":{"ActivityID":"F4BF8B01-FEA7-0000-E78B-BFF4A7FED401"},"Execution_attributes":{"ProcessID":648,"ThreadID":2968},"Channel":"Security","Computer":"DESKTOP-JR78RLP","Security":null},"EventData":{"SubjectUserSid":"S-1-5-21-979008924-657238111-836329461-1002","SubjectUserName":"jwrig","SubjectDomainName":"DESKTOP-JR78RLP","SubjectLogonId":"0x3069d","LogonGuid":"00000000-0000-0000-0000-000000000000","TargetUserName":"lpesce","TargetDomainName":"DOMAIN","TargetLogonGuid":"00000000-0000-0000-0000-000000000000","TargetServerName":"DESKTOP-JR78RLP","TargetInfo":"DESKTOP-JR78RLP","ProcessId":"0x4","ProcessName":"","IpAddress":"172.16.144.128","IpPort":"445"}}}
{"Event_attributes":{"xmlns":"http://schemas.microsoft.com/win/2004/08/events/event"},"Event":{"System":{"Provider_attributes":{"Name":"Microsoft-Windows-Security-Auditing","Guid":"54849625-5478-4994-A5BA-3E3B0328C30D"},"EventID":4648,"Version":0,"Level":0,"Task":12544,"Opcode":0,"Keywords":"0x8020000000000000","TimeCreated_attributes":{"SystemTime":"2019-04-30T19:28:56.579702Z"},"EventRecordID":42910,"Correlation_attributes":{"ActivityID":"F4BF8B01-FEA7-0000-E78B-BFF4A7FED401"},"Execution_attributes":{"ProcessID":648,"ThreadID":2968},"Channel":"Security","Computer":"DESKTOP-JR78RLP","Security":null},"EventData":{"SubjectUserSid":"S-1-5-21-979008924-657238111-836329461-1002","SubjectUserName":"jwrig","SubjectDomainName":"DESKTOP-JR78RLP","SubjectLogonId":"0x3069d","LogonGuid":"00000000-0000-0000-0000-000000000000","TargetUserName":"sanson","TargetDomainName":"DOMAIN","TargetLogonGuid":"00000000-0000-0000-0000-000000000000","TargetServerName":"DESKTOP-JR78RLP","TargetInfo":"DESKTOP-JR78RLP","ProcessId":"0x4","ProcessName":"","IpAddress":"172.16.144.128","IpPort":"445"}}}
{"Event_attributes":{"xmlns":"http://schemas.microsoft.com/win/2004/08/events/event"},"Event":{"System":{"Provider_attributes":{"Name":"Microsoft-Windows-Security-Auditing","Guid":"54849625-5478-4994-A5BA-3E3B0328C30D"},"EventID":4648,"Version":0,"Level":0,"Task":12544,"Opcode":0,"Keywords":"0x8020000000000000","TimeCreated_attributes":{"SystemTime":"2019-04-30T19:28:57.650756Z"},"EventRecordID":42911,"Correlation_attributes":{"ActivityID":"F4BF8B01-FEA7-0000-E78B-BFF4A7FED401"},"Execution_attributes":{"ProcessID":648,"ThreadID":3388},"Channel":"Security","Computer":"DESKTOP-JR78RLP","Security":null},"EventData":{"SubjectUserSid":"S-1-5-21-979008924-657238111-836329461-1002","SubjectUserName":"jwrig","SubjectDomainName":"DESKTOP-JR78RLP","SubjectLogonId":"0x3069d","LogonGuid":"00000000-0000-0000-0000-000000000000","TargetUserName":"sarmstrong","TargetDomainName":"DOMAIN","TargetLogonGuid":"00000000-0000-0000-0000-000000000000","TargetServerName":"DESKTOP-JR78RLP","TargetInfo":"DESKTOP-JR78RLP","ProcessId":"0x4","ProcessName":"","IpAddress":"172.16.144.128","IpPort":"445"}}}
{"Event_attributes":{"xmlns":"http://schemas.microsoft.com/win/2004/08/events/event"},"Event":{"System":{"Provider_attributes":{"Name":"Microsoft-Windows-Security-Auditing","Guid":"54849625-5478-4994-A5BA-3E3B0328C30D"},"EventID":4648,"Version":0,"Level":0,"Task":12544,"Opcode":0,"Keywords":"0x8020000000000000","TimeCreated_attributes":{"SystemTime":"2019-04-30T19:28:58.722407Z"},"EventRecordID":42912,"Correlation_attributes":{"ActivityID":"F4BF8B01-FEA7-0000-E78B-BFF4A7FED401"},"Execution_attributes":{"ProcessID":648,"ThreadID":2968},"Channel":"Security","Computer":"DESKTOP-JR78RLP","Security":null},"EventData":{"SubjectUserSid":"S-1-5-21-979008924-657238111-836329461-1002","SubjectUserName":"jwrig","SubjectDomainName":"DESKTOP-JR78RLP","SubjectLogonId":"0x3069d","LogonGuid":"00000000-0000-0000-0000-000000000000","TargetUserName":"wstrzelec","TargetDomainName":"DOMAIN","TargetLogonGuid":"00000000-0000-0000-0000-000000000000","TargetServerName":"DESKTOP-JR78RLP","TargetInfo":"DESKTOP-JR78RLP","ProcessId":"0x4","ProcessName":"","IpAddress":"172.16.144.128","IpPort":"445"}}}
{"Event_attributes":{"xmlns":"http://schemas.microsoft.com/win/2004/08/events/event"},"Event":{"System":{"Provider_attributes":{"Name":"Microsoft-Windows-Security-Auditing","Guid":"54849625-5478-4994-A5BA-3E3B0328C30D"},"EventID":4648,"Version":0,"Level":0,"Task":12544,"Opcode":0,"Keywords":"0x8020000000000000","TimeCreated_attributes":{"SystemTime":"2019-04-30T19:28:59.800985Z"},"EventRecordID":42913,"Correlation_attributes":{"ActivityID":"F4BF8B01-FEA7-0000-E78B-BFF4A7FED401"},"Execution_attributes":{"ProcessID":648,"ThreadID":2968},"Channel":"Security","Computer":"DESKTOP-JR78RLP","Security":null},"EventData":{"SubjectUserSid":"S-1-5-21-979008924-657238111-836329461-1002","SubjectUserName":"jwrig","SubjectDomainName":"DESKTOP-JR78RLP","SubjectLogonId":"0x3069d","LogonGuid":"00000000-0000-0000-0000-000000000000","TargetUserName":"zmathis","TargetDomainName":"DOMAIN","TargetLogonGuid":"00000000-0000-0000-0000-000000000000","TargetServerName":"DESKTOP-JR78RLP","TargetInfo":"DESKTOP-JR78RLP","ProcessId":"0x4","ProcessName":"","IpAddress":"172.16.144.128","IpPort":"445"}}}
{"Event_attributes":{"xmlns":"http://schemas.microsoft.com/win/2004/08/events/event"},"Event":{"System":{"Provider_attributes":{"Name":"Microsoft-Windows-Security-Auditing","Guid":"54849625-5478-4994-A5BA-3E3B0328C30D"},"EventID":4648,"Version":0,"Level":0,"Task":12544,"Opcode":0,"Keywords":"0x8020000000000000","TimeCreated_attributes":{"SystemTime":"2019-04-30T19:29:00.872528Z"},"EventRecordID":42914,"Correlation_attributes":{"ActivityID":"F4BF8B01-FEA7-0000-E78B-BFF4A7FED401"},"Execution_attributes":{"ProcessID":648,"ThreadID":3388},"Channel":"Security","Computer":"DESKTOP-JR78RLP","Security":null},"EventData":{"SubjectUserSid":"S-1-5-21-979008924-657238111-836329461-1002","SubjectUserName":"jwrig","SubjectDomainName":"DESKTOP-JR78RLP","SubjectLogonId":"0x3069d","LogonGuid":"00000000-0000-0000-0000-000000000000","TargetUserName":"melliott","TargetDomainName":"DOMAIN","TargetLogonGuid":"00000000-0000-0000-0000-000000000000","TargetServerName":"DESKTOP-JR78RLP","TargetInfo":"DESKTOP-JR78RLP","ProcessId":"0x4","ProcessName":"","IpAddress":"172.16.144.128","IpPort":"445"}}}
{"Event_attributes":{"xmlns":"http://schemas.microsoft.com/win/2004/08/events/event"},"Event":{"System":{"Provider_attributes":{"Name":"Microsoft-Windows-Security-Auditing","Guid":"54849625-5478-4994-A5BA-3E3B0328C30D"},"EventID":4648,"Version":0,"Level":0,"Task":12544,"Opcode":0,"Keywords":"0x8020000000000000","TimeCreated_attributes":{"SystemTime":"2019-04-30T19:29:01.934275Z"},"EventRecordID":42915,"Correlation_attributes":{"ActivityID":"F4BF8B01-FEA7-0000-E78B-BFF4A7FED401"},"Execution_attributes":{"ProcessID":648,"ThreadID":3388},"Channel":"Security","Computer":"DESKTOP-JR78RLP","Security":null},"EventData":{"SubjectUserSid":"S-1-5-21-979008924-657238111-836329461-1002","SubjectUserName":"jwrig","SubjectDomainName":"DESKTOP-JR78RLP","SubjectLogonId":"0x3069d","LogonGuid":"00000000-0000-0000-0000-000000000000","TargetUserName":"kperryman","TargetDomainName":"DOMAIN","TargetLogonGuid":"00000000-0000-0000-0000-000000000000","TargetServerName":"DESKTOP-JR78RLP","TargetInfo":"DESKTOP-JR78RLP","ProcessId":"0x4","ProcessName":"","IpAddress":"172.16.144.128","IpPort":"445"}}}
{"Event_attributes":{"xmlns":"http://schemas.microsoft.com/win/2004/08/events/event"},"Event":{"System":{"Provider_attributes":{"Name":"Microsoft-Windows-Security-Auditing","Guid":"54849625-5478-4994-A5BA-3E3B0328C30D"},"EventID":4648,"Version":0,"Level":0,"Task":12544,"Opcode":0,"Keywords":"0x8020000000000000","TimeCreated_attributes":{"SystemTime":"2019-04-30T19:29:02.995851Z"},"EventRecordID":42916,"Correlation_attributes":{"ActivityID":"F4BF8B01-FEA7-0000-E78B-BFF4A7FED401"},"Execution_attributes":{"ProcessID":648,"ThreadID":3388},"Channel":"Security","Computer":"DESKTOP-JR78RLP","Security":null},"EventData":{"SubjectUserSid":"S-1-5-21-979008924-657238111-836329461-1002","SubjectUserName":"jwrig","SubjectDomainName":"DESKTOP-JR78RLP","SubjectLogonId":"0x3069d","LogonGuid":"00000000-0000-0000-0000-000000000000","TargetUserName":"jorchilles","TargetDomainName":"DOMAIN","TargetLogonGuid":"00000000-0000-0000-0000-000000000000","TargetServerName":"DESKTOP-JR78RLP","TargetInfo":"DESKTOP-JR78RLP","ProcessId":"0x4","ProcessName":"","IpAddress":"172.16.144.128","IpPort":"445"}}}
{"Event_attributes":{"xmlns":"http://schemas.microsoft.com/win/2004/08/events/event"},"Event":{"System":{"Provider_attributes":{"Name":"Microsoft-Windows-Security-Auditing","Guid":"54849625-5478-4994-A5BA-3E3B0328C30D"},"EventID":4648,"Version":0,"Level":0,"Task":12544,"Opcode":0,"Keywords":"0x8020000000000000","TimeCreated_attributes":{"SystemTime":"2019-04-30T19:29:04.075013Z"},"EventRecordID":42917,"Correlation_attributes":{"ActivityID":"F4BF8B01-FEA7-0000-E78B-BFF4A7FED401"},"Execution_attributes":{"ProcessID":648,"ThreadID":3388},"Channel":"Security","Computer":"DESKTOP-JR78RLP","Security":null},"EventData":{"SubjectUserSid":"S-1-5-21-979008924-657238111-836329461-1002","SubjectUserName":"jwrig","SubjectDomainName":"DESKTOP-JR78RLP","SubjectLogonId":"0x3069d","LogonGuid":"00000000-0000-0000-0000-000000000000","TargetUserName":"jlake","TargetDomainName":"DOMAIN","TargetLogonGuid":"00000000-0000-0000-0000-000000000000","TargetServerName":"DESKTOP-JR78RLP","TargetInfo":"DESKTOP-JR78RLP","ProcessId":"0x4","ProcessName":"","IpAddress":"172.16.144.128","IpPort":"445"}}}
{"Event_attributes":{"xmlns":"http://schemas.microsoft.com/win/2004/08/events/event"},"Event":{"System":{"Provider_attributes":{"Name":"Microsoft-Windows-Security-Auditing","Guid":"54849625-5478-4994-A5BA-3E3B0328C30D"},"EventID":4648,"Version":0,"Level":0,"Task":12544,"Opcode":0,"Keywords":"0x8020000000000000","TimeCreated_attributes":{"SystemTime":"2019-04-30T19:29:05.156411Z"},"EventRecordID":42918,"Correlation_attributes":{"ActivityID":"F4BF8B01-FEA7-0000-E78B-BFF4A7FED401"},"Execution_attributes":{"ProcessID":648,"ThreadID":2968},"Channel":"Security","Computer":"DESKTOP-JR78RLP","Security":null},"EventData":{"SubjectUserSid":"S-1-5-21-979008924-657238111-836329461-1002","SubjectUserName":"jwrig","SubjectDomainName":"DESKTOP-JR78RLP","SubjectLogonId":"0x3069d","LogonGuid":"00000000-0000-0000-0000-000000000000","TargetUserName":"edygert","TargetDomainName":"DOMAIN","TargetLogonGuid":"00000000-0000-0000-0000-000000000000","TargetServerName":"DESKTOP-JR78RLP","TargetInfo":"DESKTOP-JR78RLP","ProcessId":"0x4","ProcessName":"","IpAddress":"172.16.144.128","IpPort":"445"}}}
{"Event_attributes":{"xmlns":"http://schemas.microsoft.com/win/2004/08/events/event"},"Event":{"System":{"Provider_attributes":{"Name":"Microsoft-Windows-Security-Auditing","Guid":"54849625-5478-4994-A5BA-3E3B0328C30D"},"EventID":4648,"Version":0,"Level":0,"Task":12544,"Opcode":0,"Keywords":"0x8020000000000000","TimeCreated_attributes":{"SystemTime":"2019-04-30T19:29:06.238289Z"},"EventRecordID":42919,"Correlation_attributes":{"ActivityID":"F4BF8B01-FEA7-0000-E78B-BFF4A7FED401"},"Execution_attributes":{"ProcessID":648,"ThreadID":3388},"Channel":"Security","Computer":"DESKTOP-JR78RLP","Security":null},"EventData":{"SubjectUserSid":"S-1-5-21-979008924-657238111-836329461-1002","SubjectUserName":"jwrig","SubjectDomainName":"DESKTOP-JR78RLP","SubjectLogonId":"0x3069d","LogonGuid":"00000000-0000-0000-0000-000000000000","TargetUserName":"drook","TargetDomainName":"DOMAIN","TargetLogonGuid":"00000000-0000-0000-0000-000000000000","TargetServerName":"DESKTOP-JR78RLP","TargetInfo":"DESKTOP-JR78RLP","ProcessId":"0x4","ProcessName":"","IpAddress":"172.16.144.128","IpPort":"445"}}}
{"Event_attributes":{"xmlns":"http://schemas.microsoft.com/win/2004/08/events/event"},"Event":{"System":{"Provider_attributes":{"Name":"Microsoft-Windows-Security-Auditing","Guid":"54849625-5478-4994-A5BA-3E3B0328C30D"},"EventID":4648,"Version":0,"Level":0,"Task":12544,"Opcode":0,"Keywords":"0x8020000000000000","TimeCreated_attributes":{"SystemTime":"2019-04-30T19:29:07.308214Z"},"EventRecordID":42920,"Correlation_attributes":{"ActivityID":"F4BF8B01-FEA7-0000-E78B-BFF4A7FED401"},"Execution_attributes":{"ProcessID":648,"ThreadID":3388},"Channel":"Security","Computer":"DESKTOP-JR78RLP","Security":null},"EventData":{"SubjectUserSid":"S-1-5-21-979008924-657238111-836329461-1002","SubjectUserName":"jwrig","SubjectDomainName":"DESKTOP-JR78RLP","SubjectLogonId":"0x3069d","LogonGuid":"00000000-0000-0000-0000-000000000000","TargetUserName":"dmashburn","TargetDomainName":"DOMAIN","TargetLogonGuid":"00000000-0000-0000-0000-000000000000","TargetServerName":"DESKTOP-JR78RLP","TargetInfo":"DESKTOP-JR78RLP","ProcessId":"0x4","ProcessName":"","IpAddress":"172.16.144.128","IpPort":"445"}}}
{"Event_attributes":{"xmlns":"http://schemas.microsoft.com/win/2004/08/events/event"},"Event":{"System":{"Provider_attributes":{"Name":"Microsoft-Windows-Security-Auditing","Guid":"54849625-5478-4994-A5BA-3E3B0328C30D"},"EventID":4648,"Version":0,"Level":0,"Task":12544,"Opcode":0,"Keywords":"0x8020000000000000","TimeCreated_attributes":{"SystemTime":"2019-04-30T19:29:08.370947Z"},"EventRecordID":42921,"Correlation_attributes":{"ActivityID":"F4BF8B01-FEA7-0000-E78B-BFF4A7FED401"},"Execution_attributes":{"ProcessID":648,"ThreadID":2968},"Channel":"Security","Computer":"DESKTOP-JR78RLP","Security":null},"EventData":{"SubjectUserSid":"S-1-5-21-979008924-657238111-836329461-1002","SubjectUserName":"jwrig","SubjectDomainName":"DESKTOP-JR78RLP","SubjectLogonId":"0x3069d","LogonGuid":"00000000-0000-0000-0000-000000000000","TargetUserName":"cspizor","TargetDomainName":"DOMAIN","TargetLogonGuid":"00000000-0000-0000-0000-000000000000","TargetServerName":"DESKTOP-JR78RLP","TargetInfo":"DESKTOP-JR78RLP","ProcessId":"0x4","ProcessName":"","IpAddress":"172.16.144.128","IpPort":"445"}}}
{"Event_attributes":{"xmlns":"http://schemas.microsoft.com/win/2004/08/events/event"},"Event":{"System":{"Provider_attributes":{"Name":"Microsoft-Windows-Security-Auditing","Guid":"54849625-5478-4994-A5BA-3E3B0328C30D"},"EventID":4648,"Version":0,"Level":0,"Task":12544,"Opcode":0,"Keywords":"0x8020000000000000","TimeCreated_attributes":{"SystemTime":"2019-04-30T19:29:09.433508Z"},"EventRecordID":42922,"Correlation_attributes":{"ActivityID":"F4BF8B01-FEA7-0000-E78B-BFF4A7FED401"},"Execution_attributes":{"ProcessID":648,"ThreadID":3388},"Channel":"Security","Computer":"DESKTOP-JR78RLP","Security":null},"EventData":{"SubjectUserSid":"S-1-5-21-979008924-657238111-836329461-1002","SubjectUserName":"jwrig","SubjectDomainName":"DESKTOP-JR78RLP","SubjectLogonId":"0x3069d","LogonGuid":"00000000-0000-0000-0000-000000000000","TargetUserName":"cragoso","TargetDomainName":"DOMAIN","TargetLogonGuid":"00000000-0000-0000-0000-000000000000","TargetServerName":"DESKTOP-JR78RLP","TargetInfo":"DESKTOP-JR78RLP","ProcessId":"0x4","ProcessName":"","IpAddress":"172.16.144.128","IpPort":"445"}}}
{"Event_attributes":{"xmlns":"http://schemas.microsoft.com/win/2004/08/events/event"},"Event":{"System":{"Provider_attributes":{"Name":"Microsoft-Windows-Security-Auditing","Guid":"54849625-5478-4994-A5BA-3E3B0328C30D"},"EventID":4648,"Version":0,"Level":0,"Task":12544,"Opcode":0,"Keywords":"0x8020000000000000","TimeCreated_attributes":{"SystemTime":"2019-04-30T19:29:10.523518Z"},"EventRecordID":42923,"Correlation_attributes":{"ActivityID":"F4BF8B01-FEA7-0000-E78B-BFF4A7FED401"},"Execution_attributes":{"ProcessID":648,"ThreadID":2968},"Channel":"Security","Computer":"DESKTOP-JR78RLP","Security":null},"EventData":{"SubjectUserSid":"S-1-5-21-979008924-657238111-836329461-1002","SubjectUserName":"jwrig","SubjectDomainName":"DESKTOP-JR78RLP","SubjectLogonId":"0x3069d","LogonGuid":"00000000-0000-0000-0000-000000000000","TargetUserName":"bgalbraith","TargetDomainName":"DOMAIN","TargetLogonGuid":"00000000-0000-0000-0000-000000000000","TargetServerName":"DESKTOP-JR78RLP","TargetInfo":"DESKTOP-JR78RLP","ProcessId":"0x4","ProcessName":"","IpAddress":"172.16.144.128","IpPort":"445"}}}
{"Event_attributes":{"xmlns":"http://schemas.microsoft.com/win/2004/08/events/event"},"Event":{"System":{"Provider_attributes":{"Name":"Microsoft-Windows-Security-Auditing","Guid":"54849625-5478-4994-A5BA-3E3B0328C30D"},"EventID":4648,"Version":0,"Level":0,"Task":12544,"Opcode":0,"Keywords":"0x8020000000000000","TimeCreated_attributes":{"SystemTime":"2019-04-30T19:29:11.590116Z"},"EventRecordID":42924,"Correlation_attributes":{"ActivityID":"F4BF8B01-FEA7-0000-E78B-BFF4A7FED401"},"Execution_attributes":{"ProcessID":648,"ThreadID":3388},"Channel":"Security","Computer":"DESKTOP-JR78RLP","Security":null},"EventData":{"SubjectUserSid":"S-1-5-21-979008924-657238111-836329461-1002","SubjectUserName":"jwrig","SubjectDomainName":"DESKTOP-JR78RLP","SubjectLogonId":"0x3069d","LogonGuid":"00000000-0000-0000-0000-000000000000","TargetUserName":"bking","TargetDomainName":"DOMAIN","TargetLogonGuid":"00000000-0000-0000-0000-000000000000","TargetServerName":"DESKTOP-JR78RLP","TargetInfo":"DESKTOP-JR78RLP","ProcessId":"0x4","ProcessName":"","IpAddress":"172.16.144.128","IpPort":"445"}}}
{"Event_attributes":{"xmlns":"http://schemas.microsoft.com/win/2004/08/events/event"},"Event":{"System":{"Provider_attributes":{"Name":"Microsoft-Windows-Security-Auditing","Guid":"54849625-5478-4994-A5BA-3E3B0328C30D"},"EventID":4648,"Version":0,"Level":0,"Task":12544,"Opcode":0,"Keywords":"0x8020000000000000","TimeCreated_attributes":{"SystemTime":"2019-04-30T19:29:12.649725Z"},"EventRecordID":42925,"Correlation_attributes":{"ActivityID":"F4BF8B01-FEA7-0000-E78B-BFF4A7FED401"},"Execution_attributes":{"ProcessID":648,"ThreadID":3388},"Channel":"Security","Computer":"DESKTOP-JR78RLP","Security":null},"EventData":{"SubjectUserSid":"S-1-5-21-979008924-657238111-836329461-1002","SubjectUserName":"jwrig","SubjectDomainName":"DESKTOP-JR78RLP","SubjectLogonId":"0x3069d","LogonGuid":"00000000-0000-0000-0000-000000000000","TargetUserName":"mdouglas","TargetDomainName":"DOMAIN","TargetLogonGuid":"00000000-0000-0000-0000-000000000000","TargetServerName":"DESKTOP-JR78RLP","TargetInfo":"DESKTOP-JR78RLP","ProcessId":"0x4","ProcessName":"","IpAddress":"172.16.144.128","IpPort":"445"}}}
{"Event_attributes":{"xmlns":"http://schemas.microsoft.com/win/2004/08/events/event"},"Event":{"System":{"Provider_attributes":{"Name":"Microsoft-Windows-Security-Auditing","Guid":"54849625-5478-4994-A5BA-3E3B0328C30D"},"EventID":4648,"Version":0,"Level":0,"Task":12544,"Opcode":0,"Keywords":"0x8020000000000000","TimeCreated_attributes":{"SystemTime":"2019-04-30T19:29:13.722922Z"},"EventRecordID":42926,"Correlation_attributes":{"ActivityID":"F4BF8B01-FEA7-0000-E78B-BFF4A7FED401"},"Execution_attributes":{"ProcessID":648,"ThreadID":3388},"Channel":"Security","Computer":"DESKTOP-JR78RLP","Security":null},"EventData":{"SubjectUserSid":"S-1-5-21-979008924-657238111-836329461-1002","SubjectUserName":"jwrig","SubjectDomainName":"DESKTOP-JR78RLP","SubjectLogonId":"0x3069d","LogonGuid":"00000000-0000-0000-0000-000000000000","TargetUserName":"bgreenwood","TargetDomainName":"DOMAIN","TargetLogonGuid":"00000000-0000-0000-0000-000000000000","TargetServerName":"DESKTOP-JR78RLP","TargetInfo":"DESKTOP-JR78RLP","ProcessId":"0x4","ProcessName":"","IpAddress":"172.16.144.128","IpPort":"445"}}}
{"Event_attributes":{"xmlns":"http://schemas.microsoft.com/win/2004/08/events/event"},"Event":{"System":{"Provider_attributes":{"Name":"Microsoft-Windows-Security-Auditing","Guid":"54849625-5478-4994-A5BA-3E3B0328C30D"},"EventID":4648,"Version":0,"Level":0,"Task":12544,"Opcode":0,"Keywords":"0x8020000000000000","TimeCreated_attributes":{"SystemTime":"2019-04-30T19:29:14.787963Z"},"EventRecordID":42927,"Correlation_attributes":{"ActivityID":"F4BF8B01-FEA7-0000-E78B-BFF4A7FED401"},"Execution_attributes":{"ProcessID":648,"ThreadID":2968},"Channel":"Security","Computer":"DESKTOP-JR78RLP","Security":null},"EventData":{"SubjectUserSid":"S-1-5-21-979008924-657238111-836329461-1002","SubjectUserName":"jwrig","SubjectDomainName":"DESKTOP-JR78RLP","SubjectLogonId":"0x3069d","LogonGuid":"00000000-0000-0000-0000-000000000000","TargetUserName":"baker","TargetDomainName":"DOMAIN","TargetLogonGuid":"00000000-0000-0000-0000-000000000000","TargetServerName":"DESKTOP-JR78RLP","TargetInfo":"DESKTOP-JR78RLP","ProcessId":"0x4","ProcessName":"","IpAddress":"172.16.144.128","IpPort":"445"}}}
{"Event_attributes":{"xmlns":"http://schemas.microsoft.com/win/2004/08/events/event"},"Event":{"System":{"Provider_attributes":{"Name":"Microsoft-Windows-Security-Auditing","Guid":"54849625-5478-4994-A5BA-3E3B0328C30D"},"EventID":4648,"Version":0,"Level":0,"Task":12544,"Opcode":0,"Keywords":"0x8020000000000000","TimeCreated_attributes":{"SystemTime":"2019-04-30T19:29:15.846343Z"},"EventRecordID":42928,"Correlation_attributes":{"ActivityID":"F4BF8B01-FEA7-0000-E78B-BFF4A7FED401"},"Execution_attributes":{"ProcessID":648,"ThreadID":3388},"Channel":"Security","Computer":"DESKTOP-JR78RLP","Security":null},"EventData":{"SubjectUserSid":"S-1-5-21-979008924-657238111-836329461-1002","SubjectUserName":"jwrig","SubjectDomainName":"DESKTOP-JR78RLP","SubjectLogonId":"0x3069d","LogonGuid":"00000000-0000-0000-0000-000000000000","TargetUserName":"ssims","TargetDomainName":"DOMAIN","TargetLogonGuid":"00000000-0000-0000-0000-000000000000","TargetServerName":"DESKTOP-JR78RLP","TargetInfo":"DESKTOP-JR78RLP","ProcessId":"0x4","ProcessName":"","IpAddress":"172.16.144.128","IpPort":"445"}}}
{"Event_attributes":{"xmlns":"http://schemas.microsoft.com/win/2004/08/events/event"},"Event":{"System":{"Provider_attributes":{"Name":"Microsoft-Windows-Security-Auditing","Guid":"54849625-5478-4994-A5BA-3E3B0328C30D"},"EventID":4648,"Version":0,"Level":0,"Task":12544,"Opcode":0,"Keywords":"0x8020000000000000","TimeCreated_attributes":{"SystemTime":"2019-04-30T19:29:16.940375Z"},"EventRecordID":42929,"Correlation_attributes":{"ActivityID":"F4BF8B01-FEA7-0000-E78B-BFF4A7FED401"},"Execution_attributes":{"ProcessID":648,"ThreadID":3388},"Channel":"Security","Computer":"DESKTOP-JR78RLP","Security":null},"EventData":{"SubjectUserSid":"S-1-5-21-979008924-657238111-836329461-1002","SubjectUserName":"jwrig","SubjectDomainName":"DESKTOP-JR78RLP","SubjectLogonId":"0x3069d","LogonGuid":"00000000-0000-0000-0000-000000000000","TargetUserName":"smisenar","TargetDomainName":"DOMAIN","TargetLogonGuid":"00000000-0000-0000-0000-000000000000","TargetServerName":"DESKTOP-JR78RLP","TargetInfo":"DESKTOP-JR78RLP","ProcessId":"0x4","ProcessName":"","IpAddress":"172.16.144.128","IpPort":"445"}}}
{"Event_attributes":{"xmlns":"http://schemas.microsoft.com/win/2004/08/events/event"},"Event":{"System":{"Provider_attributes":{"Name":"Microsoft-Windows-Security-Auditing","Guid":"54849625-5478-4994-A5BA-3E3B0328C30D"},"EventID":4648,"Version":0,"Level":0,"Task":12544,"Opcode":0,"Keywords":"0x8020000000000000","TimeCreated_attributes":{"SystemTime":"2019-04-30T19:29:18.019442Z"},"EventRecordID":42930,"Correlation_attributes":{"ActivityID":"F4BF8B01-FEA7-0000-E78B-BFF4A7FED401"},"Execution_attributes":{"ProcessID":648,"ThreadID":2968},"Channel":"Security","Computer":"DESKTOP-JR78RLP","Security":null},"EventData":{"SubjectUserSid":"S-1-5-21-979008924-657238111-836329461-1002","SubjectUserName":"jwrig","SubjectDomainName":"DESKTOP-JR78RLP","SubjectLogonId":"0x3069d","LogonGuid":"00000000-0000-0000-0000-000000000000","TargetUserName":"Administrator","TargetDomainName":"DOMAIN","TargetLogonGuid":"00000000-0000-0000-0000-000000000000","TargetServerName":"DESKTOP-JR78RLP","TargetInfo":"DESKTOP-JR78RLP","ProcessId":"0x4","ProcessName":"","IpAddress":"172.16.144.128","IpPort":"445"}}}
{"Event_attributes":{"xmlns":"http://schemas.microsoft.com/win/2004/08/events/event"},"Event":{"System":{"Provider_attributes":{"Name":"Microsoft-Windows-Security-Auditing","Guid":"54849625-5478-4994-A5BA-3E3B0328C30D"},"EventID":4648,"Version":0,"Level":0,"Task":12544,"Opcode":0,"Keywords":"0x8020000000000000","TimeCreated_attributes":{"SystemTime":"2019-04-30T19:29:19.076451Z"},"EventRecordID":42931,"Correlation_attributes":{"ActivityID":"F4BF8B01-FEA7-0000-E78B-BFF4A7FED401"},"Execution_attributes":{"ProcessID":648,"ThreadID":2968},"Channel":"Security","Computer":"DESKTOP-JR78RLP","Security":null},"EventData":{"SubjectUserSid":"S-1-5-21-979008924-657238111-836329461-1002","SubjectUserName":"jwrig","SubjectDomainName":"DESKTOP-JR78RLP","SubjectLogonId":"0x3069d","LogonGuid":"00000000-0000-0000-0000-000000000000","TargetUserName":"jwright","TargetDomainName":"DOMAIN","TargetLogonGuid":"00000000-0000-0000-0000-000000000000","TargetServerName":"DESKTOP-JR78RLP","TargetInfo":"DESKTOP-JR78RLP","ProcessId":"0x4","ProcessName":"","IpAddress":"172.16.144.128","IpPort":"445"}}}
{"Event_attributes":{"xmlns":"http://schemas.microsoft.com/win/2004/08/events/event"},"Event":{"System":{"Provider_attributes":{"Name":"Microsoft-Windows-Security-Auditing","Guid":"54849625-5478-4994-A5BA-3E3B0328C30D"},"EventID":4648,"Version":0,"Level":0,"Task":12544,"Opcode":0,"Keywords":"0x8020000000000000","TimeCreated_attributes":{"SystemTime":"2019-04-30T19:29:20.162312Z"},"EventRecordID":42932,"Correlation_attributes":{"ActivityID":"F4BF8B01-FEA7-0000-E78B-BFF4A7FED401"},"Execution_attributes":{"ProcessID":648,"ThreadID":2968},"Channel":"Security","Computer":"DESKTOP-JR78RLP","Security":null},"EventData":{"SubjectUserSid":"S-1-5-21-979008924-657238111-836329461-1002","SubjectUserName":"jwrig","SubjectDomainName":"DESKTOP-JR78RLP","SubjectLogonId":"0x3069d","LogonGuid":"00000000-0000-0000-0000-000000000000","TargetUserName":"dpendolino","TargetDomainName":"DOMAIN","TargetLogonGuid":"00000000-0000-0000-0000-000000000000","TargetServerName":"DESKTOP-JR78RLP","TargetInfo":"DESKTOP-JR78RLP","ProcessId":"0x4","ProcessName":"","IpAddress":"172.16.144.128","IpPort":"445"}}}
{"Event_attributes":{"xmlns":"http://schemas.microsoft.com/win/2004/08/events/event"},"Event":{"System":{"Provider_attributes":{"Name":"Microsoft-Windows-Security-Auditing","Guid":"54849625-5478-4994-A5BA-3E3B0328C30D"},"EventID":4648,"Version":0,"Level":0,"Task":12544,"Opcode":0,"Keywords":"0x8020000000000000","TimeCreated_attributes":{"SystemTime":"2019-04-30T19:29:21.257468Z"},"EventRecordID":42933,"Correlation_attributes":{"ActivityID":"F4BF8B01-FEA7-0000-E78B-BFF4A7FED401"},"Execution_attributes":{"ProcessID":648,"ThreadID":3388},"Channel":"Security","Computer":"DESKTOP-JR78RLP","Security":null},"EventData":{"SubjectUserSid":"S-1-5-21-979008924-657238111-836329461-1002","SubjectUserName":"jwrig","SubjectDomainName":"DESKTOP-JR78RLP","SubjectLogonId":"0x3069d","LogonGuid":"00000000-0000-0000-0000-000000000000","TargetUserName":"celgee","TargetDomainName":"DOMAIN","TargetLogonGuid":"00000000-0000-0000-0000-000000000000","TargetServerName":"DESKTOP-JR78RLP","TargetInfo":"DESKTOP-JR78RLP","ProcessId":"0x4","ProcessName":"","IpAddress":"172.16.144.128","IpPort":"445"}}}
{"Event_attributes":{"xmlns":"http://schemas.microsoft.com/win/2004/08/events/event"},"Event":{"System":{"Provider_attributes":{"Name":"Microsoft-Windows-Security-Auditing","Guid":"54849625-5478-4994-A5BA-3E3B0328C30D"},"EventID":4648,"Version":0,"Level":0,"Task":12544,"Opcode":0,"Keywords":"0x8020000000000000","TimeCreated_attributes":{"SystemTime":"2019-04-30T19:29:22.327542Z"},"EventRecordID":42934,"Correlation_attributes":{"ActivityID":"F4BF8B01-FEA7-0000-E78B-BFF4A7FED401"},"Execution_attributes":{"ProcessID":648,"ThreadID":3388},"Channel":"Security","Computer":"DESKTOP-JR78RLP","Security":null},"EventData":{"SubjectUserSid":"S-1-5-21-979008924-657238111-836329461-1002","SubjectUserName":"jwrig","SubjectDomainName":"DESKTOP-JR78RLP","SubjectLogonId":"0x3069d","LogonGuid":"00000000-0000-0000-0000-000000000000","TargetUserName":"thessman","TargetDomainName":"DOMAIN","TargetLogonGuid":"00000000-0000-0000-0000-000000000000","TargetServerName":"DESKTOP-JR78RLP","TargetInfo":"DESKTOP-JR78RLP","ProcessId":"0x4","ProcessName":"","IpAddress":"172.16.144.128","IpPort":"445"}}}
{"Event_attributes":{"xmlns":"http://schemas.microsoft.com/win/2004/08/events/event"},"Event":{"System":{"Provider_attributes":{"Name":"Microsoft-Windows-Security-Auditing","Guid":"54849625-5478-4994-A5BA-3E3B0328C30D"},"EventID":4648,"Version":0,"Level":0,"Task":12544,"Opcode":0,"Keywords":"0x8020000000000000","TimeCreated_attributes":{"SystemTime":"2019-04-30T19:29:23.410299Z"},"EventRecordID":42935,"Correlation_attributes":{"ActivityID":"F4BF8B01-FEA7-0000-E78B-BFF4A7FED401"},"Execution_attributes":{"ProcessID":648,"ThreadID":3388},"Channel":"Security","Computer":"DESKTOP-JR78RLP","Security":null},"EventData":{"SubjectUserSid":"S-1-5-21-979008924-657238111-836329461-1002","SubjectUserName":"jwrig","SubjectDomainName":"DESKTOP-JR78RLP","SubjectLogonId":"0x3069d","LogonGuid":"00000000-0000-0000-0000-000000000000","TargetUserName":"eskoudis","TargetDomainName":"DOMAIN","TargetLogonGuid":"00000000-0000-0000-0000-000000000000","TargetServerName":"DESKTOP-JR78RLP","TargetInfo":"DESKTOP-JR78RLP","ProcessId":"0x4","ProcessName":"","IpAddress":"172.16.144.128","IpPort":"445"}}}
{"Event_attributes":{"xmlns":"http://schemas.microsoft.com/win/2004/08/events/event"},"Event":{"System":{"Provider_attributes":{"Name":"Microsoft-Windows-Security-Auditing","Guid":"54849625-5478-4994-A5BA-3E3B0328C30D"},"EventID":4648,"Version":0,"Level":0,"Task":12544,"Opcode":0,"Keywords":"0x8020000000000000","TimeCreated_attributes":{"SystemTime":"2019-04-30T19:29:24.477069Z"},"EventRecordID":42936,"Correlation_attributes":{"ActivityID":"F4BF8B01-FEA7-0000-E78B-BFF4A7FED401"},"Execution_attributes":{"ProcessID":648,"ThreadID":3388},"Channel":"Security","Computer":"DESKTOP-JR78RLP","Security":null},"EventData":{"SubjectUserSid":"S-1-5-21-979008924-657238111-836329461-1002","SubjectUserName":"jwrig","SubjectDomainName":"DESKTOP-JR78RLP","SubjectLogonId":"0x3069d","LogonGuid":"00000000-0000-0000-0000-000000000000","TargetUserName":"cdavis","TargetDomainName":"DOMAIN","TargetLogonGuid":"00000000-0000-0000-0000-000000000000","TargetServerName":"DESKTOP-JR78RLP","TargetInfo":"DESKTOP-JR78RLP","ProcessId":"0x4","ProcessName":"","IpAddress":"172.16.144.128","IpPort":"445"}}}
{"Event_attributes":{"xmlns":"http://schemas.microsoft.com/win/2004/08/events/event"},"Event":{"System":{"Provider_attributes":{"Name":"Microsoft-Windows-Security-Auditing","Guid":"54849625-5478-4994-A5BA-3E3B0328C30D"},"EventID":4648,"Version":0,"Level":0,"Task":12544,"Opcode":0,"Keywords":"0x8020000000000000","TimeCreated_attributes":{"SystemTime":"2019-04-30T19:29:25.557764Z"},"EventRecordID":42937,"Correlation_attributes":{"ActivityID":"F4BF8B01-FEA7-0000-E78B-BFF4A7FED401"},"Execution_attributes":{"ProcessID":648,"ThreadID":3388},"Channel":"Security","Computer":"DESKTOP-JR78RLP","Security":null},"EventData":{"SubjectUserSid":"S-1-5-21-979008924-657238111-836329461-1002","SubjectUserName":"jwrig","SubjectDomainName":"DESKTOP-JR78RLP","SubjectLogonId":"0x3069d","LogonGuid":"00000000-0000-0000-0000-000000000000","TargetUserName":"mtoussain","TargetDomainName":"DOMAIN","TargetLogonGuid":"00000000-0000-0000-0000-000000000000","TargetServerName":"DESKTOP-JR78RLP","TargetInfo":"DESKTOP-JR78RLP","ProcessId":"0x4","ProcessName":"","IpAddress":"172.16.144.128","IpPort":"445"}}}
{"Event_attributes":{"xmlns":"http://schemas.microsoft.com/win/2004/08/events/event"},"Event":{"System":{"Provider_attributes":{"Name":"Microsoft-Windows-Security-Auditing","Guid":"54849625-5478-4994-A5BA-3E3B0328C30D"},"EventID":4648,"Version":0,"Level":0,"Task":12544,"Opcode":0,"Keywords":"0x8020000000000000","TimeCreated_attributes":{"SystemTime":"2019-04-30T19:29:26.628715Z"},"EventRecordID":42938,"Correlation_attributes":{"ActivityID":"F4BF8B01-FEA7-0000-E78B-BFF4A7FED401"},"Execution_attributes":{"ProcessID":648,"ThreadID":2968},"Channel":"Security","Computer":"DESKTOP-JR78RLP","Security":null},"EventData":{"SubjectUserSid":"S-1-5-21-979008924-657238111-836329461-1002","SubjectUserName":"jwrig","SubjectDomainName":"DESKTOP-JR78RLP","SubjectLogonId":"0x3069d","LogonGuid":"00000000-0000-0000-0000-000000000000","TargetUserName":"lschifano","TargetDomainName":"DOMAIN","TargetLogonGuid":"00000000-0000-0000-0000-000000000000","TargetServerName":"DESKTOP-JR78RLP","TargetInfo":"DESKTOP-JR78RLP","ProcessId":"0x4","ProcessName":"","IpAddress":"172.16.144.128","IpPort":"445"}}}
