{"Event_attributes":{"xmlns":"http://schemas.microsoft.com/win/2004/08/events/event"},"Event":{"System":{"Provider_attributes":{"Name":"Microsoft-Windows-Security-Auditing","Guid":"54849625-5478-4994-A5BA-3E3B0328C30D"},"EventID":4648,"Version":0,"Level":0,"Task":12544,"Opcode":0,"Keywords":"0x8020000000000000","TimeCreated_attributes":{"SystemTime":"2019-04-30T19:30:16.050896Z"},"EventRecordID":42984,"Correlation_attributes":{"ActivityID":"F4BF8B01-FEA7-0000-E78B-BFF4A7FED401"},"Execution_attributes":{"ProcessID":648,"ThreadID":3388},"Channel":"Security","Computer":"DESKTOP-JR78RLP","Security":null},"EventData":{"SubjectUserSid":"S-1-5-21-979008924-657238111-836329461-1002","SubjectUserName":"jwrig","SubjectDomainName":"DESKTOP-JR78RLP","SubjectLogonId":"0x3069d","LogonGuid":"00000000-0000-0000-0000-000000000000","TargetUserName":"cfleener","TargetDomainName":"DOMAIN","TargetLogonGuid":"00000000-0000-0000-0000-000000000000","TargetServerName":"DESKTOP-JR78RLP","TargetInfo":"DESKTOP-JR78RLP","ProcessId":"0x4","ProcessName":"","IpAddress":"172.16.144.128","IpPort":"445"}}}
{"Event_attributes":{"xmlns":"http://schemas.microsoft.com/win/2004/08/events/event"},"Event":{"System":{"Provider_attributes":{"Name":"Microsoft-Windows-Security-Auditing","Guid":"54849625-5478-4994-A5BA-3E3B0328C30D"},"EventID":4648,"Version":0,"Level":0,"Task":12544,"Opcode":0,"Keywords":"0x8020000000000000","TimeCreated_attributes":{"SystemTime":"2019-04-30T19:30:17.129052Z"},"EventRecordID":42985,"Correlation_attributes":{"ActivityID":"F4BF8B01-FEA7-0000-E78B-BFF4A7FED401"},"Execution_attributes":{"ProcessID":648,"ThreadID":2968},"Channel":"Security","Computer":"DESKTOP-JR78RLP","Security":null},"EventData":{"SubjectUserSid":"S-1-5-21-979008924-657238111-836329461-1002","SubjectUserName":"jwrig","SubjectDomainName":"DESKTOP-JR78RLP","SubjectLogonId":"0x3069d","LogonGuid":"00000000-0000-0000-0000-000000000000","TargetUserName":"cmoody","TargetDomainName":"DOMAIN","TargetLogonGuid":"00000000-0000-0000-0000-000000000000","TargetServerName":"DESKTOP-JR78RLP","TargetInfo":"DESKTOP-JR78RLP","ProcessId":"0x4","ProcessName":"","IpAddress":"172.16.144.128","IpPort":"445"}}}
{"Event_attributes":{"xmlns":"http://schemas.microsoft.com/win/2004/08/events/event"},"Event":{"System":{"Provider_attributes":{"Name":"Microsoft-Windows-Security-Auditing","Guid":"54849625-5478-4994-A5BA-3E3B0328C30D"},"EventID":4648,"Version":0,"Level":0,"Task":12544,"Opcode":0,"Keywords":"0x8020000000000000","TimeCreated_attributes":{"SystemTime":"2019-04-30T19:30:18.186120Z"},"EventRecordID":42986,"Correlation_attributes":{"ActivityID":"F4BF8B01-FEA7-0000-E78B-BFF4A7FED401"},"Execution_attributes":{"ProcessID":648,"ThreadID":3388},"Channel":"Security","Computer":"DESKTOP-JR78RLP","Security":null},"EventData":{"SubjectUserSid":"S-1-5-21-979008924-657238111-836329461-1002","SubjectUserName":"jwrig","SubjectDomainName":"DESKTOP-JR78RLP","SubjectLogonId":"0x3069d","LogonGuid":"00000000-0000-0000-0000-000000000000","TargetUserName":"psmith","TargetDomainName":"DOMAIN","TargetLogonGuid":"00000000-0000-0000-0000-000000000000","TargetServerName":"DESKTOP-JR78RLP","TargetInfo":"DESKTOP-JR78RLP","ProcessId":"0x4","ProcessName":"","IpAddress":"172.16.144.128","IpPort":"445"}}}
{"Event_attributes":{"xmlns":"http://schemas.microsoft.com/win/2004/08/events/event"},"Event":{"System":{"Provider_attributes":{"Name":"Microsoft-Windows-Security-Auditing","Guid":"54849625-5478-4994-A5BA-3E3B0328C30D"},"EventID":4648,"Version":0,"Level":0,"Task":12544,"Opcode":0,"Keywords":"0x8020000000000000","TimeCreated_attributes":{"SystemTime":"2019-04-30T19:30:19.254608Z"},"EventRecordID":42987,"Correlation_attributes":{"ActivityID":"F4BF8B01-FEA7-0000-E78B-BFF4A7FED401"},"Execution_attributes":{"ProcessID":648,"ThreadID":3388},"Channel":"Security","Computer":"DESKTOP-JR78RLP","Security":null},"EventData":{"SubjectUserSid":"S-1-5-21-979008924-657238111-836329461-1002","SubjectUserName":"jwrig","SubjectDomainName":"DESKTOP-JR78RLP","SubjectLogonId":"0x3069d","LogonGuid":"00000000-0000-0000-0000-000000000000","TargetUserName":"jkulikowski","TargetDomainName":"DOMAIN","TargetLogonGuid":"00000000-0000-0000-0000-000000000000","TargetServerName":"DESKTOP-JR78RLP","TargetInfo":"DESKTOP-JR78RLP","ProcessId":"0x4","ProcessName":"","IpAddress":"172.16.144.128","IpPort":"445"}}}
{"Event_attributes":{"xmlns":"http://schemas.microsoft.com/win/2004/08/events/event"},"Event":{"System":{"Provider_attributes":{"Name":"Microsoft-Windows-Security-Auditing","Guid":"54849625-5478-4994-A5BA-3E3B0328C30D"},"EventID":4648,"Version":0,"Level":0,"Task":12544,"Opcode":0,"Keywords":"0x8020000000000000","TimeCreated_attributes":{"SystemTime":"2019-04-30T19:30:20.329994Z"},"EventRecordID":42988,"Correlation_attributes":{"ActivityID":"F4BF8B01-FEA7-0000-E78B-BFF4A7FED401"},"Execution_attributes":{"ProcessID":648,"ThreadID":2968},"Channel":"Security","Computer":"DESKTOP-JR78RLP","Security":null},"EventData":{"SubjectUserSid":"S-1-5-21-979008924-657238111-836329461-1002","SubjectUserName":"jwrig","SubjectDomainName":"DESKTOP-JR78RLP","SubjectLogonId":"0x3069d","LogonGuid":"00000000-0000-0000-0000-000000000000","TargetUserName":"gsalinas","TargetDomainName":"DOMAIN","TargetLogonGuid":"00000000-0000-0000-0000-000000000000","TargetServerName":"DESKTOP-JR78RLP","TargetInfo":"DESKTOP-JR78RLP","ProcessId":"0x4","ProcessName":"","IpAddress":"172.16.144.128","IpPort":"445"}}}
{"Event_attributes":{"xmlns":"http://schemas.microsoft.com/win/2004/08/events/event"},"Event":{"System":{"Provider_attributes":{"Name":"Microsoft-Windows-Security-Auditing","Guid":"54849625-5478-4994-A5BA-3E3B0328C30D"},"EventID":4648,"Version":0,"Level":0,"Task":12544,"Opcode":0,"Keywords":"0x8020000000000000","TimeCreated_attributes":{"SystemTime":"2019-04-30T19:30:21.401611Z"},"EventRecordID":42989,"Correlation_attributes":{"ActivityID":"F4BF8B01-FEA7-0000-E78B-BFF4A7FED401"},"Execution_attributes":{"ProcessID":648,"ThreadID":3388},"Channel":"Security","Computer":"DESKTOP-JR78RLP","Security":null},"EventData":{"SubjectUserSid":"S-1-5-21-979008924-657238111-836329461-1002","SubjectUserName":"jwrig","SubjectDomainName":"DESKTOP-JR78RLP","SubjectLogonId":"0x3069d","LogonGuid":"00000000-0000-0000-0000-000000000000","TargetUserName":"tbennett","TargetDomainName":"DOMAIN","TargetLogonGuid":"00000000-0000-0000-0000-000000000000","TargetServerName":"DESKTOP-JR78RLP","TargetInfo":"DESKTOP-JR78RLP","ProcessId":"0x4","ProcessName":"","IpAddress":"172.16.144.128","IpPort":"445"}}}
{"Event_attributes":{"xmlns":"http://schemas.microsoft.com/win/2004/08/events/event"},"Event":{"System":{"Provider_attributes":{"Name":"Microsoft-Windows-Security-Auditing","Guid":"54849625-5478-4994-A5BA-3E3B0328C30D"},"EventID":4648,"Version":0,"Level":0,"Task":12544,"Opcode":0,"Keywords":"0x8020000000000000","TimeCreated_attributes":{"SystemTime":"2019-04-30T19:30:22.487745Z"},"EventRecordID":42990,"Correlation_attributes":{"ActivityID":"F4BF8B01-FEA7-0000-E78B-BFF4A7FED401"},"Execution_attributes":{"ProcessID":648,"ThreadID":3388},"Channel":"Security","Computer":"DESKTOP-JR78RLP","Security":null},"EventData":{"SubjectUserSid":"S-1-5-21-979008924-657238111-836329461-1002","SubjectUserName":"jwrig","SubjectDomainName":"DESKTOP-JR78RLP","SubjectLogonId":"0x3069d","LogonGuid":"00000000-0000-0000-0000-000000000000","TargetUserName":"econrad","TargetDomainName":"DOMAIN","TargetLogonGuid":"00000000-0000-0000-0000-000000000000","TargetServerName":"DESKTOP-JR78RLP","TargetInfo":"DESKTOP-JR78RLP","ProcessId":"0x4","ProcessName":"","IpAddress":"172.16.144.128","IpPort":"445"}}}
{"Event_attributes":{"xmlns":"http://schemas.microsoft.com/win/2004/08/events/event"},"Event":{"System":{"Provider_attributes":{"Name":"Microsoft-Windows-Security-Auditing","Guid":"54849625-5478-4994-A5BA-3E3B0328C30D"},"EventID":4648,"Version":0,"Level":0,"Task":12544,"Opcode":0,"Keywords":"0x8020000000000000","TimeCreated_attributes":{"SystemTime":"2019-04-30T19:30:23.577457Z"},"EventRecordID":42991,"Correlation_attributes":{"ActivityID":"F4BF8B01-FEA7-0000-E78B-BFF4A7FED401"},"Execution_attributes":{"ProcessID":648,"ThreadID":3388},"Channel":"Security","Computer":"DESKTOP-JR78RLP","Security":null},"EventData":{"SubjectUserSid":"S-1-5-21-979008924-657238111-836329461-1002","SubjectUserName":"jwrig","SubjectDomainName":"DESKTOP-JR78RLP","SubjectLogonId":"0x3069d","LogonGuid":"00000000-0000-0000-0000-000000000000","TargetUserName":"smisenar","TargetDomainName":"DOMAIN","TargetLogonGuid":"00000000-0000-0000-0000-000000000000","TargetServerName":"DESKTOP-JR78RLP","TargetInfo":"DESKTOP-JR78RLP","ProcessId":"0x4","ProcessName":"","IpAddress":"172.16.144.128","IpPort":"445"}}}
{"Event_attributes":{"xmlns":"http://schemas.microsoft.com/win/2004/08/events/event"},"Event":{"System":{"Provider_attributes":{"Name":"Microsoft-Windows-Security-Auditing","Guid":"54849625-5478-4994-A5BA-3E3B0328C30D"},"EventID":4648,"Version":0,"Level":0,"Task":12544,"Opcode":0,"Keywords":"0x8020000000000000","TimeCreated_attributes":{"SystemTime":"2019-04-30T19:30:24.660222Z"},"EventRecordID":42992,"Correlation_attributes":{"ActivityID":"F4BF8B01-FEA7-0000-E78B-BFF4A7FED401"},"Execution_attributes":{"ProcessID":648,"ThreadID":3388},"Channel":"Security","Computer":"DESKTOP-JR78RLP","Security":null},"EventData":{"SubjectUserSid":"S-1-5-21-979008924-657238111-836329461-1002","SubjectUserName":"jwrig","SubjectDomainName":"DESKTOP-JR78RLP","SubjectLogonId":"0x3069d","LogonGuid":"00000000-0000-0000-0000-000000000000","TargetUserName":"jleytevidal","TargetDomainName":"DOMAIN","TargetLogonGuid":"00000000-0000-0000-0000-000000000000","TargetServerName":"DESKTOP-JR78RLP","TargetInfo":"DESKTOP-JR78RLP","ProcessId":"0x4","ProcessName":"","IpAddress":"172.16.144.128","IpPort":"445"}}}
{"Event_attributes":{"xmlns":"http://schemas.microsoft.com/win/2004/08/events/event"},"Event":{"System":{"Provider_attributes":{"Name":"Microsoft-Windows-Security-Auditing","Guid":"54849625-5478-4994-A5BA-3E3B0328C30D"},"EventID":4648,"Version":0,"Level":0,"Task":12544,"Opcode":0,"Keywords":"0x8020000000000000","TimeCreated_attributes":{"SystemTime":"2019-04-30T19:30:25.732861Z"},"EventRecordID":42993,"Correlation_attributes":{"ActivityID":"F4BF8B01-FEA7-0000-E78B-BFF4A7FED401"},"Execution_attributes":{"ProcessID":648,"ThreadID":3388},"Channel":"Security","Computer":"DESKTOP-JR78RLP","Security":null},"EventData":{"SubjectUserSid":"S-1-5-21-979008924-657238111-836329461-1002","SubjectUserName":"jwrig","SubjectDomainName":"DESKTOP-JR78RLP","SubjectLogonId":"0x3069d","LogonGuid":"00000000-0000-0000-0000-000000000000","TargetUserName":"lpesce","TargetDomainName":"DOMAIN","TargetLogonGuid":"00000000-0000-0000-0000-000000000000","TargetServerName":"DESKTOP-JR78RLP","TargetInfo":"DESKTOP-JR78RLP","ProcessId":"0x4","ProcessName":"","IpAddress":"172.16.144.128","IpPort":"445"}}}
{"Event_attributes":{"xmlns":"http://schemas.microsoft.com/win/2004/08/events/event"},"Event":{"System":{"Provider_attributes":{"Name":"Microsoft-Windows-Security-Auditing","Guid":"54849625-5478-4994-A5BA-3E3B0328C30D"},"EventID":4648,"Version":0,"Level":0,"Task":12544,"Opcode":0,"Keywords":"0x8020000000000000","TimeCreated_attributes":{"SystemTime":"2019-04-30T19:30:26.794302Z"},"EventRecordID":42994,"Correlation_attributes":{"ActivityID":"F4BF8B01-FEA7-0000-E78B-BFF4A7FED401"},"Execution_attributes":{"ProcessID":648,"ThreadID":3388},"Channel":"Security","Computer":"DESKTOP-JR78RLP","Security":null},"EventData":{"SubjectUserSid":"S-1-5-21-979008924-657238111-836329461-1002","SubjectUserName":"jwrig","SubjectDomainName":"DESKTOP-JR78RLP","SubjectLogonId":"0x3069d","LogonGuid":"00000000-0000-0000-0000-000000000000","TargetUserName":"sanson","TargetDomainName":"DOMAIN","TargetLogonGuid":"00000000-0000-0000-0000-000000000000","TargetServerName":"DESKTOP-JR78RLP","TargetInfo":"DESKTOP-JR78RLP","ProcessId":"0x4","ProcessName":"","IpAddress":"172.16.144.128","IpPort":"445"}}}
{"Event_attributes":{"xmlns":"http://schemas.microsoft.com/win/2004/08/events/event"},"Event":{"System":{"Provider_attributes":{"Name":"Microsoft-Windows-Security-Auditing","Guid":"54849625-5478-4994-A5BA-3E3B0328C30D"},"EventID":4648,"Version":0,"Level":0,"Task":12544,"Opcode":0,"Keywords":"0x8020000000000000","TimeCreated_attributes":{"SystemTime":"2019-04-30T19:30:27.863813Z"},"EventRecordID":42995,"Correlation_attributes":{"ActivityID":"F4BF8B01-FEA7-0000-E78B-BFF4A7FED401"},"Execution_attributes":{"ProcessID":648,"ThreadID":2968},"Channel":"Security","Computer":"DESKTOP-JR78RLP","Security":null},"EventData":{"SubjectUserSid":"S-1-5-21-979008924-657238111-836329461-1002","SubjectUserName":"jwrig","SubjectDomainName":"DESKTOP-JR78RLP","SubjectLogonId":"0x3069d","LogonGuid":"00000000-0000-0000-0000-000000000000","TargetUserName":"sarmstrong","TargetDomainName":"DOMAIN","TargetLogonGuid":"00000000-0000-0000-0000-000000000000","TargetServerName":"DESKTOP-JR78RLP","TargetInfo":"DESKTOP-JR78RLP","ProcessId":"0x4","ProcessName":"","IpAddress":"172.16.144.128","IpPort":"445"}}}
{"Event_attributes":{"xmlns":"http://schemas.microsoft.com/win/2004/08/events/event"},"Event":{"System":{"Provider_attributes":{"Name":"Microsoft-Windows-Security-Auditing","Guid":"54849625-5478-4994-A5BA-3E3B0328C30D"},"EventID":4648,"Version":0,"Level":0,"Task":12544,"Opcode":0,"Keywords":"0x8020000000000000","TimeCreated_attributes":{"SystemTime":"2019-04-30T19:30:28.925112Z"},"EventRecordID":42996,"Correlation_attributes":{"ActivityID":"F4BF8B01-FEA7-0000-E78B-BFF4A7FED401"},"Execution_attributes":{"ProcessID":648,"ThreadID":3388},"Channel":"Security","Computer":"DESKTOP-JR78RLP","Security":null},"EventData":{"SubjectUserSid":"S-1-5-21-979008924-657238111-836329461-1002","SubjectUserName":"jwrig","SubjectDomainName":"DESKTOP-JR78RLP","SubjectLogonId":"0x3069d","LogonGuid":"00000000-0000-0000-0000-000000000000","TargetUserName":"wstrzelec","TargetDomainName":"DOMAIN","TargetLogonGuid":"00000000-0000-0000-0000-000000000000","TargetServerName":"DESKTOP-JR78RLP","TargetInfo":"DESKTOP-JR78RLP","ProcessId":"0x4","ProcessName":"","IpAddress":"172.16.144.128","IpPort":"445"}}}
{"Event_attributes":{"xmlns":"http://schemas.microsoft.com/win/2004/08/events/event"},"Event":{"System":{"Provider_attributes":{"Name":"Microsoft-Windows-Security-Auditing","Guid":"54849625-5478-4994-A5BA-3E3B0328C30D"},"EventID":4648,"Version":0,"Level":0,"Task":12544,"Opcode":0,"Keywords":"0x8020000000000000","TimeCreated_attributes":{"SystemTime":"2019-04-30T19:30:29.993389Z"},"EventRecordID":42997,"Correlation_attributes":{"ActivityID":"F4BF8B01-FEA7-0000-E78B-BFF4A7FED401"},"Execution_attributes":{"ProcessID":648,"ThreadID":3388},"Channel":"Security","Computer":"DESKTOP-JR78RLP","Security":null},"EventData":{"SubjectUserSid":"S-1-5-21-979008924-657238111-836329461-1002","SubjectUserName":"jwrig","SubjectDomainName":"DESKTOP-JR78RLP","SubjectLogonId":"0x3069d","LogonGuid":"00000000-0000-0000-0000-000000000000","TargetUserName":"zmathis","TargetDomainName":"DOMAIN","TargetLogonGuid":"00000000-0000-0000-0000-000000000000","TargetServerName":"DESKTOP-JR78RLP","TargetInfo":"DESKTOP-JR78RLP","ProcessId":"0x4","ProcessName":"","IpAddress":"172.16.144.128","IpPort":"445"}}}
{"Event_attributes":{"xmlns":"http://schemas.microsoft.com/win/2004/08/events/event"},"Event":{"System":{"Provider_attributes":{"Name":"Microsoft-Windows-Security-Auditing","Guid":"54849625-5478-4994-A5BA-3E3B0328C30D"},"EventID":4648,"Version":0,"Level":0,"Task":12544,"Opcode":0,"Keywords":"0x8020000000000000","TimeCreated_attributes":{"SystemTime":"2019-04-30T19:30:31.050663Z"},"EventRecordID":42998,"Correlation_attributes":{"ActivityID":"F4BF8B01-FEA7-0000-E78B-BFF4A7FED401"},"Execution_attributes":{"ProcessID":648,"ThreadID":3388},"Channel":"Security","Computer":"DESKTOP-JR78RLP","Security":null},"EventData":{"SubjectUserSid":"S-1-5-21-979008924-657238111-836329461-1002","SubjectUserName":"jwrig","SubjectDomainName":"DESKTOP-JR78RLP","SubjectLogonId":"0x3069d","LogonGuid":"00000000-0000-0000-0000-000000000000","TargetUserName":"melliott","TargetDomainName":"DOMAIN","TargetLogonGuid":"00000000-0000-0000-0000-000000000000","TargetServerName":"DESKTOP-JR78RLP","TargetInfo":"DESKTOP-JR78RLP","ProcessId":"0x4","ProcessName":"","IpAddress":"172.16.144.128","IpPort":"445"}}}
{"Event_attributes":{"xmlns":"http://schemas.microsoft.com/win/2004/08/events/event"},"Event":{"System":{"Provider_attributes":{"Name":"Microsoft-Windows-Security-Auditing","Guid":"54849625-5478-4994-A5BA-3E3B0328C30D"},"EventID":4648,"Version":0,"Level":0,"Task":12544,"Opcode":0,"Keywords":"0x8020000000000000","TimeCreated_attributes":{"SystemTime":"2019-04-30T19:30:32.142507Z"},"EventRecordID":42999,"Correlation_attributes":{"ActivityID":"F4BF8B01-FEA7-0000-E78B-BFF4A7FED401"},"Execution_attributes":{"ProcessID":648,"ThreadID":3388},"Channel":"Security","Computer":"DESKTOP-JR78RLP","Security":null},"EventData":{"SubjectUserSid":"S-1-5-21-979008924-657238111-836329461-1002","SubjectUserName":"jwrig","SubjectDomainName":"DESKTOP-JR78RLP","SubjectLogonId":"0x3069d","LogonGuid":"00000000-0000-0000-0000-000000000000","TargetUserName":"kperryman","TargetDomainName":"DOMAIN","TargetLogonGuid":"00000000-0000-0000-0000-000000000000","TargetServerName":"DESKTOP-JR78RLP","TargetInfo":"DESKTOP-JR78RLP","ProcessId":"0x4","ProcessName":"","IpAddress":"172.16.144.128","IpPort":"445"}}}
{"Event_attributes":{"xmlns":"http://schemas.microsoft.com/win/2004/08/events/event"},"Event":{"System":{"Provider_attributes":{"Name":"Microsoft-Windows-Security-Auditing","Guid":"54849625-5478-4994-A5BA-3E3B0328C30D"},"EventID":4648,"Version":0,"Level":0,"Task":12544,"Opcode":0,"Keywords":"0x8020000000000000","TimeCreated_attributes":{"SystemTime":"2019-04-30T19:30:33.206407Z"},"EventRecordID":43000,"Correlation_attributes":{"ActivityID":"F4BF8B01-FEA7-0000-E78B-BFF4A7FED401"},"Execution_attributes":{"ProcessID":648,"ThreadID":3388},"Channel":"Security","Computer":"DESKTOP-JR78RLP","Security":null},"EventData":{"SubjectUserSid":"S-1-5-21-979008924-657238111-836329461-1002","SubjectUserName":"jwrig","SubjectDomainName":"DESKTOP-JR78RLP","SubjectLogonId":"0x3069d","LogonGuid":"00000000-0000-0000-0000-000000000000","TargetUserName":"jorchilles","TargetDomainName":"DOMAIN","TargetLogonGuid":"00000000-0000-0000-0000-000000000000","TargetServerName":"DESKTOP-JR78RLP","TargetInfo":"DESKTOP-JR78RLP","ProcessId":"0x4","ProcessName":"","IpAddress":"172.16.144.128","IpPort":"445"}}}
{"Event_attributes":{"xmlns":"http://schemas.microsoft.com/win/2004/08/events/event"},"Event":{"System":{"Provider_attributes":{"Name":"Microsoft-Windows-Security-Auditing","Guid":"54849625-5478-4994-A5BA-3E3B0328C30D"},"EventID":4648,"Version":0,"Level":0,"Task":12544,"Opcode":0,"Keywords":"0x8020000000000000","TimeCreated_attributes":{"SystemTime":"2019-04-30T19:30:34.265271Z"},"EventRecordID":43001,"Correlation_attributes":{"ActivityID":"F4BF8B01-FEA7-0000-E78B-BFF4A7FED401"},"Execution_attributes":{"ProcessID":648,"ThreadID":3388},"Channel":"Security","Computer":"DESKTOP-JR78RLP","Security":null},"EventData":{"SubjectUserSid":"S-1-5-21-979008924-657238111-836329461-1002","SubjectUserName":"jwrig","SubjectDomainName":"DESKTOP-JR78RLP","SubjectLogonId":"0x3069d","LogonGuid":"00000000-0000-0000-0000-000000000000","TargetUserName":"jlake","TargetDomainName":"DOMAIN","TargetLogonGuid":"00000000-0000-0000-0000-000000000000","TargetServerName":"DESKTOP-JR78RLP","TargetInfo":"DESKTOP-JR78RLP","ProcessId":"0x4","ProcessName":"","IpAddress":"172.16.144.128","IpPort":"445"}}}
{"Event_attributes":{"xmlns":"http://schemas.microsoft.com/win/2004/08/events/event"},"Event":{"System":{"Provider_attributes":{"Name":"Microsoft-Windows-Security-Auditing","Guid":"54849625-5478-4994-A5BA-3E3B0328C30D"},"EventID":4648,"Version":0,"Level":0,"Task":12544,"Opcode":0,"Keywords":"0x8020000000000000","TimeCreated_attributes":{"SystemTime":"2019-04-30T19:30:35.340984Z"},"EventRecordID":43002,"Correlation_attributes":{"ActivityID":"F4BF8B01-FEA7-0000-E78B-BFF4A7FED401"},"Execution_attributes":{"ProcessID":648,"ThreadID":3388},"Channel":"Security","Computer":"DESKTOP-JR78RLP","Security":null},"EventData":{"SubjectUserSid":"S-1-5-21-979008924-657238111-836329461-1002","SubjectUserName":"jwrig","SubjectDomainName":"DESKTOP-JR78RLP","SubjectLogonId":"0x3069d","LogonGuid":"00000000-0000-0000-0000-000000000000","TargetUserName":"edygert","TargetDomainName":"DOMAIN","TargetLogonGuid":"00000000-0000-0000-0000-000000000000","TargetServerName":"DESKTOP-JR78RLP","TargetInfo":"DESKTOP-JR78RLP","ProcessId":"0x4","ProcessName":"","IpAddress":"172.16.144.128","IpPort":"445"}}}
{"Event_attributes":{"xmlns":"http://schemas.microsoft.com/win/2004/08/events/event"},"Event":{"System":{"Provider_attributes":{"Name":"Microsoft-Windows-Security-Auditing","Guid":"54849625-5478-4994-A5BA-3E3B0328C30D"},"EventID":4648,"Version":0,"Level":0,"Task":12544,"Opcode":0,"Keywords":"0x8020000000000000","TimeCreated_attributes":{"SystemTime":"2019-04-30T19:30:36.403686Z"},"EventRecordID":43003,"Correlation_attributes":{"ActivityID":"F4BF8B01-FEA7-0000-E78B-BFF4A7FED401"},"Execution_attributes":{"ProcessID":648,"ThreadID":2968},"Channel":"Security","Computer":"DESKTOP-JR78RLP","Security":null},"EventData":{"SubjectUserSid":"S-1-5-21-979008924-657238111-836329461-1002","SubjectUserName":"jwrig","SubjectDomainName":"DESKTOP-JR78RLP","SubjectLogonId":"0x3069d","LogonGuid":"00000000-0000-0000-0000-000000000000","TargetUserName":"drook","TargetDomainName":"DOMAIN","TargetLogonGuid":"00000000-0000-0000-0000-000000000000","TargetServerName":"DESKTOP-JR78RLP","TargetInfo":"DESKTOP-JR78RLP","ProcessId":"0x4","ProcessName":"","IpAddress":"172.16.144.128","IpPort":"445"}}}
{"Event_attributes":{"xmlns":"http://schemas.microsoft.com/win/2004/08/events/event"},"Event":{"System":{"Provider_attributes":{"Name":"Microsoft-Windows-Security-Auditing","Guid":"54849625-5478-4994-A5BA-3E3B0328C30D"},"EventID":4648,"Version":0,"Level":0,"Task":12544,"Opcode":0,"Keywords":"0x8020000000000000","TimeCreated_attributes":{"SystemTime":"2019-04-30T19:30:37.453627Z"},"EventRecordID":43004,"Correlation_attributes":{"ActivityID":"F4BF8B01-FEA7-0000-E78B-BFF4A7FED401"},"Execution_attributes":{"ProcessID":648,"ThreadID":3388},"Channel":"Security","Computer":"DESKTOP-JR78RLP","Security":null},"EventData":{"SubjectUserSid":"S-1-5-21-979008924-657238111-836329461-1002","SubjectUserName":"jwrig","SubjectDomainName":"DESKTOP-JR78RLP","SubjectLogonId":"0x3069d","LogonGuid":"00000000-0000-0000-0000-000000000000","TargetUserName":"dmashburn","TargetDomainName":"DOMAIN","TargetLogonGuid":"00000000-0000-0000-0000-000000000000","TargetServerName":"DESKTOP-JR78RLP","TargetInfo":"DESKTOP-JR78RLP","ProcessId":"0x4","ProcessName":"","IpAddress":"172.16.144.128","IpPort":"445"}}}
{"Event_attributes":{"xmlns":"http://schemas.microsoft.com/win/2004/08/events/event"},"Event":{"System":{"Provider_attributes":{"Name":"Microsoft-Windows-Security-Auditing","Guid":"54849625-5478-4994-A5BA-3E3B0328C30D"},"EventID":4648,"Version":0,"Level":0,"Task":12544,"Opcode":0,"Keywords":"0x8020000000000000","TimeCreated_attributes":{"SystemTime":"2019-04-30T19:30:38.533189Z"},"EventRecordID":43005,"Correlation_attributes":{"ActivityID":"F4BF8B01-FEA7-0000-E78B-BFF4A7FED401"},"Execution_attributes":{"ProcessID":648,"ThreadID":2968},"Channel":"Security","Computer":"DESKTOP-JR78RLP","Security":null},"EventData":{"SubjectUserSid":"S-1-5-21-979008924-657238111-836329461-1002","SubjectUserName":"jwrig","SubjectDomainName":"DESKTOP-JR78RLP","SubjectLogonId":"0x3069d","LogonGuid":"00000000-0000-0000-0000-000000000000","TargetUserName":"cspizor","TargetDomainName":"DOMAIN","TargetLogonGuid":"00000000-0000-0000-0000-000000000000","TargetServerName":"DESKTOP-JR78RLP","TargetInfo":"DESKTOP-JR78RLP","ProcessId":"0x4","ProcessName":"","IpAddress":"172.16.144.128","IpPort":"445"}}}
{"Event_attributes":{"xmlns":"http://schemas.microsoft.com/win/2004/08/events/event"},"Event":{"System":{"Provider_attributes":{"Name":"Microsoft-Windows-Security-Auditing","Guid":"54849625-5478-4994-A5BA-3E3B0328C30D"},"EventID":4648,"Version":0,"Level":0,"Task":12544,"Opcode":0,"Keywords":"0x8020000000000000","TimeCreated_attributes":{"SystemTime":"2019-04-30T19:30:39.613305Z"},"EventRecordID":43006,"Correlation_attributes":{"ActivityID":"F4BF8B01-FEA7-0000-E78B-BFF4A7FED401"},"Execution_attributes":{"ProcessID":648,"ThreadID":2968},"Channel":"Security","Computer":"DESKTOP-JR78RLP","Security":null},"EventData":{"SubjectUserSid":"S-1-5-21-979008924-657238111-836329461-1002","SubjectUserName":"jwrig","SubjectDomainName":"DESKTOP-JR78RLP","SubjectLogonId":"0x3069d","LogonGuid":"00000000-0000-0000-0000-000000000000","TargetUserName":"cragoso","TargetDomainName":"DOMAIN","TargetLogonGuid":"00000000-0000-0000-0000-000000000000","TargetServerName":"DESKTOP-JR78RLP","TargetInfo":"DESKTOP-JR78RLP","ProcessId":"0x4","ProcessName":"","IpAddress":"172.16.144.128","IpPort":"445"}}}
{"Event_attributes":{"xmlns":"http://schemas.microsoft.com/win/2004/08/events/event"},"Event":{"System":{"Provider_attributes":{"Name":"Microsoft-Windows-Security-Auditing","Guid":"54849625-5478-4994-A5BA-3E3B0328C30D"},"EventID":4648,"Version":0,"Level":0,"Task":12544,"Opcode":0,"Keywords":"0x8020000000000000","TimeCreated_attributes":{"SystemTime":"2019-04-30T19:30:40.691643Z"},"EventRecordID":43007,"Correlation_attributes":{"ActivityID":"F4BF8B01-FEA7-0000-E78B-BFF4A7FED401"},"Execution_attributes":{"ProcessID":648,"ThreadID":2968},"Channel":"Security","Computer":"DESKTOP-JR78RLP","Security":null},"EventData":{"SubjectUserSid":"S-1-5-21-979008924-657238111-836329461-1002","SubjectUserName":"jwrig","SubjectDomainName":"DESKTOP-JR78RLP","SubjectLogonId":"0x3069d","LogonGuid":"00000000-0000-0000-0000-000000000000","TargetUserName":"bgalbraith","TargetDomainName":"DOMAIN","TargetLogonGuid":"00000000-0000-0000-0000-000000000000","TargetServerName":"DESKTOP-JR78RLP","TargetInfo":"DESKTOP-JR78RLP","ProcessId":"0x4","ProcessName":"","IpAddress":"172.16.144.128","IpPort":"445"}}}
{"Event_attributes":{"xmlns":"http://schemas.microsoft.com/win/2004/08/events/event"},"Event":{"System":{"Provider_attributes":{"Name":"Microsoft-Windows-Security-Auditing","Guid":"54849625-5478-4994-A5BA-3E3B0328C30D"},"EventID":4648,"Version":0,"Level":0,"Task":12544,"Opcode":0,"Keywords":"0x8020000000000000","TimeCreated_attributes":{"SystemTime":"2019-04-30T19:30:41.769610Z"},"EventRecordID":43008,"Correlation_attributes":{"ActivityID":"F4BF8B01-FEA7-0000-E78B-BFF4A7FED401"},"Execution_attributes":{"ProcessID":648,"ThreadID":2968},"Channel":"Security","Computer":"DESKTOP-JR78RLP","Security":null},"EventData":{"SubjectUserSid":"S-1-5-21-979008924-657238111-836329461-1002","SubjectUserName":"jwrig","SubjectDomainName":"DESKTOP-JR78RLP","SubjectLogonId":"0x3069d","LogonGuid":"00000000-0000-0000-0000-000000000000","TargetUserName":"bking","TargetDomainName":"DOMAIN","TargetLogonGuid":"00000000-0000-0000-0000-000000000000","TargetServerName":"DESKTOP-JR78RLP","TargetInfo":"DESKTOP-JR78RLP","ProcessId":"0x4","ProcessName":"","IpAddress":"172.16.144.128","IpPort":"445"}}}
{"Event_attributes":{"xmlns":"http://schemas.microsoft.com/win/2004/08/events/event"},"Event":{"System":{"Provider_attributes":{"Name":"Microsoft-Windows-Security-Auditing","Guid":"54849625-5478-4994-A5BA-3E3B0328C30D"},"EventID":4648,"Version":0,"Level":0,"Task":12544,"Opcode":0,"Keywords":"0x8020000000000000","TimeCreated_attributes":{"SystemTime":"2019-04-30T19:30:42.852954Z"},"EventRecordID":43009,"Correlation_attributes":{"ActivityID":"F4BF8B01-FEA7-0000-E78B-BFF4A7FED401"},"Execution_attributes":{"ProcessID":648,"ThreadID":2968},"Channel":"Security","Computer":"DESKTOP-JR78RLP","Security":null},"EventData":{"SubjectUserSid":"S-1-5-21-979008924-657238111-836329461-1002","SubjectUserName":"jwrig","SubjectDomainName":"DESKTOP-JR78RLP","SubjectLogonId":"0x3069d","LogonGuid":"00000000-0000-0000-0000-000000000000","TargetUserName":"mdouglas","TargetDomainName":"DOMAIN","TargetLogonGuid":"00000000-0000-0000-0000-000000000000","TargetServerName":"DESKTOP-JR78RLP","TargetInfo":"DESKTOP-JR78RLP","ProcessId":"0x4","ProcessName":"","IpAddress":"172.16.144.128","IpPort":"445"}}}
{"Event_attributes":{"xmlns":"http://schemas.microsoft.com/win/2004/08/events/event"},"Event":{"System":{"Provider_attributes":{"Name":"Microsoft-Windows-Security-Auditing","Guid":"54849625-5478-4994-A5BA-3E3B0328C30D"},"EventID":4648,"Version":0,"Level":0,"Task":12544,"Opcode":0,"Keywords":"0x8020000000000000","TimeCreated_attributes":{"SystemTime":"2019-04-30T19:30:43.922094Z"},"EventRecordID":43010,"Correlation_attributes":{"ActivityID":"F4BF8B01-FEA7-0000-E78B-BFF4A7FED401"},"Execution_attributes":{"ProcessID":648,"ThreadID":3388},"Channel":"Security","Computer":"DESKTOP-JR78RLP","Security":null},"EventData":{"SubjectUserSid":"S-1-5-21-979008924-657238111-836329461-1002","SubjectUserName":"jwrig","SubjectDomainName":"DESKTOP-JR78RLP","SubjectLogonId":"0x3069d","LogonGuid":"00000000-0000-0000-0000-000000000000","TargetUserName":"bgreenwood","TargetDomainName":"DOMAIN","TargetLogonGuid":"00000000-0000-0000-0000-000000000000","TargetServerName":"DESKTOP-JR78RLP","TargetInfo":"DESKTOP-JR78RLP","ProcessId":"0x4","ProcessName":"","IpAddress":"172.16.144.128","IpPort":"445"}}}
{"Event_attributes":{"xmlns":"http://schemas.microsoft.com/win/2004/08/events/event"},"Event":{"System":{"Provider_attributes":{"Name":"Microsoft-Windows-Security-Auditing","Guid":"54849625-5478-4994-A5BA-3E3B0328C30D"},"EventID":4648,"Version":0,"Level":0,"Task":12544,"Opcode":0,"Keywords":"0x8020000000000000","TimeCreated_attributes":{"SystemTime":"2019-04-30T19:30:44.998480Z"},"EventRecordID":43011,"Correlation_attributes":{"ActivityID":"F4BF8B01-FEA7-0000-E78B-BFF4A7FED401"},"Execution_attributes":{"ProcessID":648,"ThreadID":3388},"Channel":"Security","Computer":"DESKTOP-JR78RLP","Security":null},"EventData":{"SubjectUserSid":"S-1-5-21-979008924-657238111-836329461-1002","SubjectUserName":"jwrig","SubjectDomainName":"DESKTOP-JR78RLP","SubjectLogonId":"0x3069d","LogonGuid":"00000000-0000-0000-0000-000000000000","TargetUserName":"baker","TargetDomainName":"DOMAIN","TargetLogonGuid":"00000000-0000-0000-0000-000000000000","TargetServerName":"DESKTOP-JR78RLP","TargetInfo":"DESKTOP-JR78RLP","ProcessId":"0x4","ProcessName":"","IpAddress":"172.16.144.128","IpPort":"445"}}}
{"Event_attributes":{"xmlns":"http://schemas.microsoft.com/win/2004/08/events/event"},"Event":{"System":{"Provider_attributes":{"Name":"Microsoft-Windows-Security-Auditing","Guid":"54849625-5478-4994-A5BA-3E3B0328C30D"},"EventID":4648,"Version":0,"Level":0,"Task":12544,"Opcode":0,"Keywords":"0x8020000000000000","TimeCreated_attributes":{"SystemTime":"2019-04-30T19:30:46.080804Z"},"EventRecordID":43012,"Correlation_attributes":{"ActivityID":"F4BF8B01-FEA7-0000-E78B-BFF4A7FED401"},"Execution_attributes":{"ProcessID":648,"ThreadID":2968},"Channel":"Security","Computer":"DESKTOP-JR78RLP","Security":null},"EventData":{"SubjectUserSid":"S-1-5-21-979008924-657238111-836329461-1002","SubjectUserName":"jwrig","SubjectDomainName":"DESKTOP-JR78RLP","SubjectLogonId":"0x3069d","LogonGuid":"00000000-0000-0000-0000-000000000000","TargetUserName":"ssims","TargetDomainName":"DOMAIN","TargetLogonGuid":"00000000-0000-0000-0000-000000000000","TargetServerName":"DESKTOP-JR78RLP","TargetInfo":"DESKTOP-JR78RLP","ProcessId":"0x4","ProcessName":"","IpAddress":"172.16.144.128","IpPort":"445"}}}
{"Event_attributes":{"xmlns":"http://schemas.microsoft.com/win/2004/08/events/event"},"Event":{"System":{"Provider_attributes":{"Name":"Microsoft-Windows-Security-Auditing","Guid":"54849625-5478-4994-A5BA-3E3B0328C30D"},"EventID":4648,"Version":0,"Level":0,"Task":12544,"Opcode":0,"Keywords":"0x8020000000000000","TimeCreated_attributes":{"SystemTime":"2019-04-30T19:30:47.159698Z"},"EventRecordID":43013,"Correlation_attributes":{"ActivityID":"F4BF8B01-FEA7-0000-E78B-BFF4A7FED401"},"Execution_attributes":{"ProcessID":648,"ThreadID":2968},"Channel":"Security","Computer":"DESKTOP-JR78RLP","Security":null},"EventData":{"SubjectUserSid":"S-1-5-21-979008924-657238111-836329461-1002","SubjectUserName":"jwrig","SubjectDomainName":"DESKTOP-JR78RLP","SubjectLogonId":"0x3069d","LogonGuid":"00000000-0000-0000-0000-000000000000","TargetUserName":"smisenar","TargetDomainName":"DOMAIN","TargetLogonGuid":"00000000-0000-0000-0000-000000000000","TargetServerName":"DESKTOP-JR78RLP","TargetInfo":"DESKTOP-JR78RLP","ProcessId":"0x4","ProcessName":"","IpAddress":"172.16.144.128","IpPort":"445"}}}
{"Event_attributes":{"xmlns":"http://schemas.microsoft.com/win/2004/08/events/event"},"Event":{"System":{"Provider_attributes":{"Name":"Microsoft-Windows-Security-Auditing","Guid":"54849625-5478-4994-A5BA-3E3B0328C30D"},"EventID":4648,"Version":0,"Level":0,"Task":12544,"Opcode":0,"Keywords":"0x8020000000000000","TimeCreated_attributes":{"SystemTime":"2019-04-30T19:30:48.237989Z"},"EventRecordID":43014,"Correlation_attributes":{"ActivityID":"F4BF8B01-FEA7-0000-E78B-BFF4A7FED401"},"Execution_attributes":{"ProcessID":648,"ThreadID":2968},"Channel":"Security","Computer":"DESKTOP-JR78RLP","Security":null},"EventData":{"SubjectUserSid":"S-1-5-21-979008924-657238111-836329461-1002","SubjectUserName":"jwrig","SubjectDomainName":"DESKTOP-JR78RLP","SubjectLogonId":"0x3069d","LogonGuid":"00000000-0000-0000-0000-000000000000","TargetUserName":"Administrator","TargetDomainName":"DOMAIN","TargetLogonGuid":"00000000-0000-0000-0000-000000000000","TargetServerName":"DESKTOP-JR78RLP","TargetInfo":"DESKTOP-JR78RLP","ProcessId":"0x4","ProcessName":"","IpAddress":"172.16.144.128","IpPort":"445"}}}
{"Event_attributes":{"xmlns":"http://schemas.microsoft.com/win/2004/08/events/event"},"Event":{"System":{"Provider_attributes":{"Name":"Microsoft-Windows-Security-Auditing","Guid":"54849625-5478-4994-A5BA-3E3B0328C30D"},"EventID":4648,"Version":0,"Level":0,"Task":12544,"Opcode":0,"Keywords":"0x8020000000000000","TimeCreated_attributes":{"SystemTime":"2019-04-30T19:30:49.314501Z"},"EventRecordID":43015,"Correlation_attributes":{"ActivityID":"F4BF8B01-FEA7-0000-E78B-BFF4A7FED401"},"Execution_attributes":{"ProcessID":648,"ThreadID":2968},"Channel":"Security","Computer":"DESKTOP-JR78RLP","Security":null},"EventData":{"SubjectUserSid":"S-1-5-21-979008924-657238111-836329461-1002","SubjectUserName":"jwrig","SubjectDomainName":"DESKTOP-JR78RLP","SubjectLogonId":"0x3069d","LogonGuid":"00000000-0000-0000-0000-000000000000","TargetUserName":"jwright","TargetDomainName":"DOMAIN","TargetLogonGuid":"00000000-0000-0000-0000-000000000000","TargetServerName":"DESKTOP-JR78RLP","TargetInfo":"DESKTOP-JR78RLP","ProcessId":"0x4","ProcessName":"","IpAddress":"172.16.144.128","IpPort":"445"}}}
{"Event_attributes":{"xmlns":"http://schemas.microsoft.com/win/2004/08/events/event"},"Event":{"System":{"Provider_attributes":{"Name":"Microsoft-Windows-Security-Auditing","Guid":"54849625-5478-4994-A5BA-3E3B0328C30D"},"EventID":4648,"Version":0,"Level":0,"Task":12544,"Opcode":0,"Keywords":"0x8020000000000000","TimeCreated_attributes":{"SystemTime":"2019-04-30T19:30:50.388799Z"},"EventRecordID":43016,"Correlation_attributes":{"ActivityID":"F4BF8B01-FEA7-0000-E78B-BFF4A7FED401"},"Execution_attributes":{"ProcessID":648,"ThreadID":2968},"Channel":"Security","Computer":"DESKTOP-JR78RLP","Security":null},"EventData":{"SubjectUserSid":"S-1-5-21-979008924-657238111-836329461-1002","SubjectUserName":"jwrig","SubjectDomainName":"DESKTOP-JR78RLP","SubjectLogonId":"0x3069d","LogonGuid":"00000000-0000-0000-0000-000000000000","TargetUserName":"dpendolino","TargetDomainName":"DOMAIN","TargetLogonGuid":"00000000-0000-0000-0000-000000000000","TargetServerName":"DESKTOP-JR78RLP","TargetInfo":"DESKTOP-JR78RLP","ProcessId":"0x4","ProcessName":"","IpAddress":"172.16.144.128","IpPort":"445"}}}
{"Event_attributes":{"xmlns":"http://schemas.microsoft.com/win/2004/08/events/event"},"Event":{"System":{"Provider_attributes":{"Name":"Microsoft-Windows-Security-Auditing","Guid":"54849625-5478-4994-A5BA-3E3B0328C30D"},"EventID":4648,"Version":0,"Level":0,"Task":12544,"Opcode":0,"Keywords":"0x8020000000000000","TimeCreated_attributes":{"SystemTime":"2019-04-30T19:30:51.455641Z"},"EventRecordID":43017,"Correlation_attributes":{"ActivityID":"F4BF8B01-FEA7-0000-E78B-BFF4A7FED401"},"Execution_attributes":{"ProcessID":648,"ThreadID":2968},"Channel":"Security","Computer":"DESKTOP-JR78RLP","Security":null},"EventData":{"SubjectUserSid":"S-1-5-21-979008924-657238111-836329461-1002","SubjectUserName":"jwrig","SubjectDomainName":"DESKTOP-JR78RLP","SubjectLogonId":"0x3069d","LogonGuid":"00000000-0000-0000-0000-000000000000","TargetUserName":"celgee","TargetDomainName":"DOMAIN","TargetLogonGuid":"00000000-0000-0000-0000-000000000000","TargetServerName":"DESKTOP-JR78RLP","TargetInfo":"DESKTOP-JR78RLP","ProcessId":"0x4","ProcessName":"","IpAddress":"172.16.144.128","IpPort":"445"}}}
{"Event_attributes":{"xmlns":"http://schemas.microsoft.com/win/2004/08/events/event"},"Event":{"System":{"Provider_attributes":{"Name":"Microsoft-Windows-Security-Auditing","Guid":"54849625-5478-4994-A5BA-3E3B0328C30D"},"EventID":4648,"Version":0,"Level":0,"Task":12544,"Opcode":0,"Keywords":"0x8020000000000000","TimeCreated_attributes":{"SystemTime":"2019-04-30T19:30:52.532576Z"},"EventRecordID":43018,"Correlation_attributes":{"ActivityID":"F4BF8B01-FEA7-0000-E78B-BFF4A7FED401"},"Execution_attributes":{"ProcessID":648,"ThreadID":2968},"Channel":"Security","Computer":"DESKTOP-JR78RLP","Security":null},"EventData":{"SubjectUserSid":"S-1-5-21-979008924-657238111-836329461-1002","SubjectUserName":"jwrig","SubjectDomainName":"DESKTOP-JR78RLP","SubjectLogonId":"0x3069d","LogonGuid":"00000000-0000-0000-0000-000000000000","TargetUserName":"thessman","TargetDomainName":"DOMAIN","TargetLogonGuid":"00000000-0000-0000-0000-000000000000","TargetServerName":"DESKTOP-JR78RLP","TargetInfo":"DESKTOP-JR78RLP","ProcessId":"0x4","ProcessName":"","IpAddress":"172.16.144.128","IpPort":"445"}}}
{"Event_attributes":{"xmlns":"http://schemas.microsoft.com/win/2004/08/events/event"},"Event":{"System":{"Provider_attributes":{"Name":"Microsoft-Windows-Security-Auditing","Guid":"54849625-5478-4994-A5BA-3E3B0328C30D"},"EventID":4648,"Version":0,"Level":0,"Task":12544,"Opcode":0,"Keywords":"0x8020000000000000","TimeCreated_attributes":{"SystemTime":"2019-04-30T19:30:53.613263Z"},"EventRecordID":43019,"Correlation_attributes":{"ActivityID":"F4BF8B01-FEA7-0000-E78B-BFF4A7FED401"},"Execution_attributes":{"ProcessID":648,"ThreadID":2968},"Channel":"Security","Computer":"DESKTOP-JR78RLP","Security":null},"EventData":{"SubjectUserSid":"S-1-5-21-979008924-657238111-836329461-1002","SubjectUserName":"jwrig","SubjectDomainName":"DESKTOP-JR78RLP","SubjectLogonId":"0x3069d","LogonGuid":"00000000-0000-0000-0000-000000000000","TargetUserName":"eskoudis","TargetDomainName":"DOMAIN","TargetLogonGuid":"00000000-0000-0000-0000-000000000000","TargetServerName":"DESKTOP-JR78RLP","TargetInfo":"DESKTOP-JR78RLP","ProcessId":"0x4","ProcessName":"","IpAddress":"172.16.144.128","IpPort":"445"}}}
{"Event_attributes":{"xmlns":"http://schemas.microsoft.com/win/2004/08/events/event"},"Event":{"System":{"Provider_attributes":{"Name":"Microsoft-Windows-Security-Auditing","Guid":"54849625-5478-4994-A5BA-3E3B0328C30D"},"EventID":4648,"Version":0,"Level":0,"Task":12544,"Opcode":0,"Keywords":"0x8020000000000000","TimeCreated_attributes":{"SystemTime":"2019-04-30T19:30:54.668534Z"},"EventRecordID":43020,"Correlation_attributes":{"ActivityID":"F4BF8B01-FEA7-0000-E78B-BFF4A7FED401"},"Execution_attributes":{"ProcessID":648,"ThreadID":2968},"Channel":"Security","Computer":"DESKTOP-JR78RLP","Security":null},"EventData":{"SubjectUserSid":"S-1-5-21-979008924-657238111-836329461-1002","SubjectUserName":"jwrig","SubjectDomainName":"DESKTOP-JR78RLP","SubjectLogonId":"0x3069d","LogonGuid":"00000000-0000-0000-0000-000000000000","TargetUserName":"cdavis","TargetDomainName":"DOMAIN","TargetLogonGuid":"00000000-0000-0000-0000-000000000000","TargetServerName":"DESKTOP-JR78RLP","TargetInfo":"DESKTOP-JR78RLP","ProcessId":"0x4","ProcessName":"","IpAddress":"172.16.144.128","IpPort":"445"}}}
{"Event_attributes":{"xmlns":"http://schemas.microsoft.com/win/2004/08/events/event"},"Event":{"System":{"Provider_attributes":{"Name":"Microsoft-Windows-Security-Auditing","Guid":"54849625-5478-4994-A5BA-3E3B0328C30D"},"EventID":4648,"Version":0,"Level":0,"Task":12544,"Opcode":0,"Keywords":"0x8020000000000000","TimeCreated_attributes":{"SystemTime":"2019-04-30T19:30:55.714721Z"},"EventRecordID":43021,"Correlation_attributes":{"ActivityID":"F4BF8B01-FEA7-0000-E78B-BFF4A7FED401"},"Execution_attributes":{"ProcessID":648,"ThreadID":3388},"Channel":"Security","Computer":"DESKTOP-JR78RLP","Security":null},"EventData":{"SubjectUserSid":"S-1-5-21-979008924-657238111-836329461-1002","SubjectUserName":"jwrig","SubjectDomainName":"DESKTOP-JR78RLP","SubjectLogonId":"0x3069d","LogonGuid":"00000000-0000-0000-0000-000000000000","TargetUserName":"mtoussain","TargetDomainName":"DOMAIN","TargetLogonGuid":"00000000-0000-0000-0000-000000000000","TargetServerName":"DESKTOP-JR78RLP","TargetInfo":"DESKTOP-JR78RLP","ProcessId":"0x4","ProcessName":"","IpAddress":"172.16.144.128","IpPort":"445"}}}
{"Event_attributes":{"xmlns":"http://schemas.microsoft.com/win/2004/08/events/event"},"Event":{"System":{"Provider_attributes":{"Name":"Microsoft-Windows-Security-Auditing","Guid":"54849625-5478-4994-A5BA-3E3B0328C30D"},"EventID":4648,"Version":0,"Level":0,"Task":12544,"Opcode":0,"Keywords":"0x8020000000000000","TimeCreated_attributes":{"SystemTime":"2019-04-30T19:30:56.768759Z"},"EventRecordID":43022,"Correlation_attributes":{"ActivityID":"F4BF8B01-FEA7-0000-E78B-BFF4A7FED401"},"Execution_attributes":{"ProcessID":648,"ThreadID":2968},"Channel":"Security","Computer":"DESKTOP-JR78RLP","Security":null},"EventData":{"SubjectUserSid":"S-1-5-21-979008924-657238111-836329461-1002","SubjectUserName":"jwrig","SubjectDomainName":"DESKTOP-JR78RLP","SubjectLogonId":"0x3069d","LogonGuid":"00000000-0000-0000-0000-000000000000","TargetUserName":"lschifano","TargetDomainName":"DOMAIN","TargetLogonGuid":"00000000-0000-0000-0000-000000000000","TargetServerName":"DESKTOP-JR78RLP","TargetInfo":"DESKTOP-JR78RLP","ProcessId":"0x4","ProcessName":"","IpAddress":"172.16.144.128","IpPort":"445"}}}
{"Event_attributes":{"xmlns":"http://schemas.microsoft.com/win/2004/08/events/event"},"Event":{"System":{"Provider_attributes":{"Name":"Microsoft-Windows-Security-Auditing","Guid":"54849625-5478-4994-A5BA-3E3B0328C30D"},"EventID":4648,"Version":0,"Level":0,"Task":12544,"Opcode":0,"Keywords":"0x8020000000000000","TimeCreated_attributes":{"SystemTime":"2019-04-30T19:30:57.850277Z"},"EventRecordID":43023,"Correlation_attributes":{"ActivityID":"F4BF8B01-FEA7-0000-E78B-BFF4A7FED401"},"Execution_attributes":{"ProcessID":648,"ThreadID":3388},"Channel":"Security","Computer":"DESKTOP-JR78RLP","Security":null},"EventData":{"SubjectUserSid":"S-1-5-21-979008924-657238111-836329461-1002","SubjectUserName":"jwrig","SubjectDomainName":"DESKTOP-JR78RLP","SubjectLogonId":"0x3069d","LogonGuid":"00000000-0000-0000-0000-000000000000","TargetUserName":"bhostetler","TargetDomainName":"DOMAIN","TargetLogonGuid":"00000000-0000-0000-0000-000000000000","TargetServerName":"DESKTOP-JR78RLP","TargetInfo":"DESKTOP-JR78RLP","ProcessId":"0x4","ProcessName":"","IpAddress":"172.16.144.128","IpPort":"445"}}}
{"Event_attributes":{"xmlns":"http://schemas.microsoft.com/win/2004/08/events/event"},"Event":{"System":{"Provider_attributes":{"Name":"Microsoft-Windows-Security-Auditing","Guid":"54849625-5478-4994-A5BA-3E3B0328C30D"},"EventID":4648,"Version":0,"Level":0,"Task":12544,"Opcode":0,"Keywords":"0x8020000000000000","TimeCreated_attributes":{"SystemTime":"2019-04-30T19:30:58.920768Z"},"EventRecordID":43024,"Correlation_attributes":{"ActivityID":"F4BF8B01-FEA7-0000-E78B-BFF4A7FED401"},"Execution_attributes":{"ProcessID":648,"ThreadID":3388},"Channel":"Security","Computer":"DESKTOP-JR78RLP","Security":null},"EventData":{"SubjectUserSid":"S-1-5-21-979008924-657238111-836329461-1002","SubjectUserName":"jwrig","SubjectDomainName":"DESKTOP-JR78RLP","SubjectLogonId":"0x3069d","LogonGuid":"00000000-0000-0000-0000-000000000000","TargetUserName":"rbowes","TargetDomainName":"DOMAIN","TargetLogonGuid":"00000000-0000-0000-0000-000000000000","TargetServerName":"DESKTOP-JR78RLP","TargetInfo":"DESKTOP-JR78RLP","ProcessId":"0x4","ProcessName":"","IpAddress":"172.16.144.128","IpPort":"445"}}}
{"Event_attributes":{"xmlns":"http://schemas.microsoft.com/win/2004/08/events/event"},"Event":{"System":{"Provider_attributes":{"Name":"Microsoft-Windows-Security-Auditing","Guid":"54849625-5478-4994-A5BA-3E3B0328C30D"},"EventID":4648,"Version":0,"Level":0,"Task":12544,"Opcode":0,"Keywords":"0x8020000000000000","TimeCreated_attributes":{"SystemTime":"2019-04-30T19:31:00.029774Z"},"EventRecordID":43025,"Correlation_attributes":{"ActivityID":"F4BF8B01-FEA7-0000-E78B-BFF4A7FED401"},"Execution_attributes":{"ProcessID":648,"ThreadID":2968},"Channel":"Security","Computer":"DESKTOP-JR78RLP","Security":null},"EventData":{"SubjectUserSid":"S-1-5-21-979008924-657238111-836329461-1002","SubjectUserName":"jwrig","SubjectDomainName":"DESKTOP-JR78RLP","SubjectLogonId":"0x3069d","LogonGuid":"00000000-0000-0000-0000-000000000000","TargetUserName":"ebooth","TargetDomainName":"DOMAIN","TargetLogonGuid":"00000000-0000-0000-0000-000000000000","TargetServerName":"DESKTOP-JR78RLP","TargetInfo":"DESKTOP-JR78RLP","ProcessId":"0x4","ProcessName":"","IpAddress":"172.16.144.128","IpPort":"445"}}}
{"Event_attributes":{"xmlns":"http://schemas.microsoft.com/win/2004/08/events/event"},"Event":{"System":{"Provider_attributes":{"Name":"Microsoft-Windows-Security-Auditing","Guid":"54849625-5478-4994-A5BA-3E3B0328C30D"},"EventID":4648,"Version":0,"Level":0,"Task":12544,"Opcode":0,"Keywords":"0x8020000000000000","TimeCreated_attributes":{"SystemTime":"2019-04-30T19:31:01.113910Z"},"EventRecordID":43026,"Correlation_attributes":{"ActivityID":"F4BF8B01-FEA7-0000-E78B-BFF4A7FED401"},"Execution_attributes":{"ProcessID":648,"ThreadID":3388},"Channel":"Security","Computer":"DESKTOP-JR78RLP","Security":null},"EventData":{"SubjectUserSid":"S-1-5-21-979008924-657238111-836329461-1002","SubjectUserName":"jwrig","SubjectDomainName":"DESKTOP-JR78RLP","SubjectLogonId":"0x3069d","LogonGuid":"00000000-0000-0000-0000-000000000000","TargetUserName":"cfleener","TargetDomainName":"DOMAIN","TargetLogonGuid":"00000000-0000-0000-0000-000000000000","TargetServerName":"DESKTOP-JR78RLP","TargetInfo":"DESKTOP-JR78RLP","ProcessId":"0x4","ProcessName":"","IpAddress":"172.16.144.128","IpPort":"445"}}}
{"Event_attributes":{"xmlns":"http://schemas.microsoft.com/win/2004/08/events/event"},"Event":{"System":{"Provider_attributes":{"Name":"Microsoft-Windows-Security-Auditing","Guid":"54849625-5478-4994-A5BA-3E3B0328C30D"},"EventID":4648,"Version":0,"Level":0,"Task":12544,"Opcode":0,"Keywords":"0x8020000000000000","TimeCreated_attributes":{"SystemTime":"2019-04-30T19:31:02.172009Z"},"EventRecordID":43027,"Correlation_attributes":{"ActivityID":"F4BF8B01-FEA7-0000-E78B-BFF4A7FED401"},"Execution_attributes":{"ProcessID":648,"ThreadID":2968},"Channel":"Security","Computer":"DESKTOP-JR78RLP","Security":null},"EventData":{"SubjectUserSid":"S-1-5-21-979008924-657238111-836329461-1002","SubjectUserName":"jwrig","SubjectDomainName":"DESKTOP-JR78RLP","SubjectLogonId":"0x3069d","LogonGuid":"00000000-0000-0000-0000-000000000000","TargetUserName":"cmoody","TargetDomainName":"DOMAIN","TargetLogonGuid":"00000000-0000-0000-0000-000000000000","TargetServerName":"DESKTOP-JR78RLP","TargetInfo":"DESKTOP-JR78RLP","ProcessId":"0x4","ProcessName":"","IpAddress":"172.16.144.128","IpPort":"445"}}}
{"Event_attributes":{"xmlns":"http://schemas.microsoft.com/win/2004/08/events/event"},"Event":{"System":{"Provider_attributes":{"Name":"Microsoft-Windows-Security-Auditing","Guid":"54849625-5478-4994-A5BA-3E3B0328C30D"},"EventID":4648,"Version":0,"Level":0,"Task":12544,"Opcode":0,"Keywords":"0x8020000000000000","TimeCreated_attributes":{"SystemTime":"2019-04-30T19:31:03.238399Z"},"EventRecordID":43028,"Correlation_attributes":{"ActivityID":"F4BF8B01-FEA7-0000-E78B-BFF4A7FED401"},"Execution_attributes":{"ProcessID":648,"ThreadID":3388},"Channel":"Security","Computer":"DESKTOP-JR78RLP","Security":null},"EventData":{"SubjectUserSid":"S-1-5-21-979008924-657238111-836329461-1002","SubjectUserName":"jwrig","SubjectDomainName":"DESKTOP-JR78RLP","SubjectLogonId":"0x3069d","LogonGuid":"00000000-0000-0000-0000-000000000000","TargetUserName":"psmith","TargetDomainName":"DOMAIN","TargetLogonGuid":"00000000-0000-0000-0000-000000000000","TargetServerName":"DESKTOP-JR78RLP","TargetInfo":"DESKTOP-JR78RLP","ProcessId":"0x4","ProcessName":"","IpAddress":"172.16.144.128","IpPort":"445"}}}
