{"Event_attributes":{"xmlns":"http://schemas.microsoft.com/win/2004/08/events/event"},"Event":{"System":{"Provider_attributes":{"Name":"Microsoft-Windows-Security-Auditing","Guid":"54849625-5478-4994-A5BA-3E3B0328C30D"},"EventID":4648,"Version":0,"Level":0,"Task":12544,"Opcode":0,"Keywords":"0x8020000000000000","TimeCreated_attributes":{"SystemTime":"2019-04-30T19:27:51.156218Z"},"EventRecordID":42849,"Correlation_attributes":{"ActivityID":"F4BF8B01-FEA7-0000-E78B-BFF4A7FED401"},"Execution_attributes":{"ProcessID":648,"ThreadID":3388},"Channel":"Security","Computer":"DESKTOP-JR78RLP","Security":null},"EventData":{"SubjectUserSid":"S-1-5-21-979008924-657238111-836329461-1002","SubjectUserName":"jwrig","SubjectDomainName":"DESKTOP-JR78RLP","SubjectLogonId":"0x3069d","LogonGuid":"00000000-0000-0000-0000-000000000000","TargetUserName":"celgee","TargetDomainName":"DOMAIN","TargetLogonGuid":"00000000-0000-0000-0000-000000000000","TargetServerName":"DESKTOP-JR78RLP","TargetInfo":"DESKTOP-JR78RLP","ProcessId":"0x4","ProcessName":"","IpAddress":"172.16.144.128","IpPort":"445"}}}
{"Event_attributes":{"xmlns":"http://schemas.microsoft.com/win/2004/08/events/event"},"Event":{"System":{"Provider_attributes":{"Name":"Microsoft-Windows-Security-Auditing","Guid":"54849625-5478-4994-A5BA-3E3B0328C30D"},"EventID":4648,"Version":0,"Level":0,"Task":12544,"Opcode":0,"Keywords":"0x8020000000000000","TimeCreated_attributes":{"SystemTime":"2019-04-30T19:27:52.214776Z"},"EventRecordID":42850,"Correlation_attributes":{"ActivityID":"F4BF8B01-FEA7-0000-E78B-BFF4A7FED401"},"Execution_attributes":{"ProcessID":648,"ThreadID":3388},"Channel":"Security","Computer":"DESKTOP-JR78RLP","Security":null},"EventData":{"SubjectUserSid":"S-1-5-21-979008924-657238111-836329461-1002","SubjectUserName":"jwrig","SubjectDomainName":"DESKTOP-JR78RLP","SubjectLogonId":"0x3069d","LogonGuid":"00000000-0000-0000-0000-000000000000","TargetUserName":"thessman","TargetDomainName":"DOMAIN","TargetLogonGuid":"00000000-0000-0000-0000-000000000000","TargetServerName":"DESKTOP-JR78RLP","TargetInfo":"DESKTOP-JR78RLP","ProcessId":"0x4","ProcessName":"","IpAddress":"172.16.144.128","IpPort":"445"}}}
{"Event_attributes":{"xmlns":"http://schemas.microsoft.com/win/2004/08/events/event"},"Event":{"System":{"Provider_attributes":{"Name":"Microsoft-Windows-Security-Auditing","Guid":"54849625-5478-4994-A5BA-3E3B0328C30D"},"EventID":4648,"Version":0,"Level":0,"Task":12544,"Opcode":0,"Keywords":"0x8020000000000000","TimeCreated_attributes":{"SystemTime":"2019-04-30T19:27:53.285622Z"},"EventRecordID":42851,"Correlation_attributes":{"ActivityID":"F4BF8B01-FEA7-0000-E78B-BFF4A7FED401"},"Execution_attributes":{"ProcessID":648,"ThreadID":2968},"Channel":"Security","Computer":"DESKTOP-JR78RLP","Security":null},"EventData":{"SubjectUserSid":"S-1-5-21-979008924-657238111-836329461-1002","SubjectUserName":"jwrig","SubjectDomainName":"DESKTOP-JR78RLP","SubjectLogonId":"0x3069d","LogonGuid":"00000000-0000-0000-0000-000000000000","TargetUserName":"eskoudis","TargetDomainName":"DOMAIN","TargetLogonGuid":"00000000-0000-0000-0000-000000000000","TargetServerName":"DESKTOP-JR78RLP","TargetInfo":"DESKTOP-JR78RLP","ProcessId":"0x4","ProcessName":"","IpAddress":"172.16.144.128","IpPort":"445"}}}
{"Event_attributes":{"xmlns":"http://schemas.microsoft.com/win/2004/08/events/event"},"Event":{"System":{"Provider_attributes":{"Name":"Microsoft-Windows-Security-Auditing","Guid":"54849625-5478-4994-A5BA-3E3B0328C30D"},"EventID":4648,"Version":0,"Level":0,"Task":12544,"Opcode":0,"Keywords":"0x8020000000000000","TimeCreated_attributes":{"SystemTime":"2019-04-30T19:27:54.354966Z"},"EventRecordID":42852,"Correlation_attributes":{"ActivityID":"F4BF8B01-FEA7-0000-E78B-BFF4A7FED401"},"Execution_attributes":{"ProcessID":648,"ThreadID":3388},"Channel":"Security","Computer":"DESKTOP-JR78RLP","Security":null},"EventData":{"SubjectUserSid":"S-1-5-21-979008924-657238111-836329461-1002","SubjectUserName":"jwrig","SubjectDomainName":"DESKTOP-JR78RLP","SubjectLogonId":"0x3069d","LogonGuid":"00000000-0000-0000-0000-000000000000","TargetUserName":"cdavis","TargetDomainName":"DOMAIN","TargetLogonGuid":"00000000-0000-0000-0000-000000000000","TargetServerName":"DESKTOP-JR78RLP","TargetInfo":"DESKTOP-JR78RLP","ProcessId":"0x4","ProcessName":"","IpAddress":"172.16.144.128","IpPort":"445"}}}
{"Event_attributes":{"xmlns":"http://schemas.microsoft.com/win/2004/08/events/event"},"Event":{"System":{"Provider_attributes":{"Name":"Microsoft-Windows-Security-Auditing","Guid":"54849625-5478-4994-A5BA-3E3B0328C30D"},"EventID":4648,"Version":0,"Level":0,"Task":12544,"Opcode":0,"Keywords":"0x8020000000000000","TimeCreated_attributes":{"SystemTime":"2019-04-30T19:27:55.438876Z"},"EventRecordID":42853,"Correlation_attributes":{"ActivityID":"F4BF8B01-FEA7-0000-E78B-BFF4A7FED401"},"Execution_attributes":{"ProcessID":648,"ThreadID":3388},"Channel":"Security","Computer":"DESKTOP-JR78RLP","Security":null},"EventData":{"SubjectUserSid":"S-1-5-21-979008924-657238111-836329461-1002","SubjectUserName":"jwrig","SubjectDomainName":"DESKTOP-JR78RLP","SubjectLogonId":"0x3069d","LogonGuid":"00000000-0000-0000-0000-000000000000","TargetUserName":"mtoussain","TargetDomainName":"DOMAIN","TargetLogonGuid":"00000000-0000-0000-0000-000000000000","TargetServerName":"DESKTOP-JR78RLP","TargetInfo":"DESKTOP-JR78RLP","ProcessId":"0x4","ProcessName":"","IpAddress":"172.16.144.128","IpPort":"445"}}}
{"Event_attributes":{"xmlns":"http://schemas.microsoft.com/win/2004/08/events/event"},"Event":{"System":{"Provider_attributes":{"Name":"Microsoft-Windows-Security-Auditing","Guid":"54849625-5478-4994-A5BA-3E3B0328C30D"},"EventID":4648,"Version":0,"Level":0,"Task":12544,"Opcode":0,"Keywords":"0x8020000000000000","TimeCreated_attributes":{"SystemTime":"2019-04-30T19:27:56.513923Z"},"EventRecordID":42854,"Correlation_attributes":{"ActivityID":"F4BF8B01-FEA7-0000-E78B-BFF4A7FED401"},"Execution_attributes":{"ProcessID":648,"ThreadID":3388},"Channel":"Security","Computer":"DESKTOP-JR78RLP","Security":null},"EventData":{"SubjectUserSid":"S-1-5-21-979008924-657238111-836329461-1002","SubjectUserName":"jwrig","SubjectDomainName":"DESKTOP-JR78RLP","SubjectLogonId":"0x3069d","LogonGuid":"00000000-0000-0000-0000-000000000000","TargetUserName":"lschifano","TargetDomainName":"DOMAIN","TargetLogonGuid":"00000000-0000-0000-0000-000000000000","TargetServerName":"DESKTOP-JR78RLP","TargetInfo":"DESKTOP-JR78RLP","ProcessId":"0x4","ProcessName":"","IpAddress":"172.16.144.128","IpPort":"445"}}}
{"Event_attributes":{"xmlns":"http://schemas.microsoft.com/win/2004/08/events/event"},"Event":{"System":{"Provider_attributes":{"Name":"Microsoft-Windows-Security-Auditing","Guid":"54849625-5478-4994-A5BA-3E3B0328C30D"},"EventID":4648,"Version":0,"Level":0,"Task":12544,"Opcode":0,"Keywords":"0x8020000000000000","TimeCreated_attributes":{"SystemTime":"2019-04-30T19:27:57.578187Z"},"EventRecordID":42855,"Correlation_attributes":{"ActivityID":"F4BF8B01-FEA7-0000-E78B-BFF4A7FED401"},"Execution_attributes":{"ProcessID":648,"ThreadID":3388},"Channel":"Security","Computer":"DESKTOP-JR78RLP","Security":null},"EventData":{"SubjectUserSid":"S-1-5-21-979008924-657238111-836329461-1002","SubjectUserName":"jwrig","SubjectDomainName":"DESKTOP-JR78RLP","SubjectLogonId":"0x3069d","LogonGuid":"00000000-0000-0000-0000-000000000000","TargetUserName":"bhostetler","TargetDomainName":"DOMAIN","TargetLogonGuid":"00000000-0000-0000-0000-000000000000","TargetServerName":"DESKTOP-JR78RLP","TargetInfo":"DESKTOP-JR78RLP","ProcessId":"0x4","ProcessName":"","IpAddress":"172.16.144.128","IpPort":"445"}}}
{"Event_attributes":{"xmlns":"http://schemas.microsoft.com/win/2004/08/events/event"},"Event":{"System":{"Provider_attributes":{"Name":"Microsoft-Windows-Security-Auditing","Guid":"54849625-5478-4994-A5BA-3E3B0328C30D"},"EventID":4648,"Version":0,"Level":0,"Task":12544,"Opcode":0,"Keywords":"0x8020000000000000","TimeCreated_attributes":{"SystemTime":"2019-04-30T19:27:58.661382Z"},"EventRecordID":42856,"Correlation_attributes":{"ActivityID":"F4BF8B01-FEA7-0000-E78B-BFF4A7FED401"},"Execution_attributes":{"ProcessID":648,"ThreadID":3388},"Channel":"Security","Computer":"DESKTOP-JR78RLP","Security":null},"EventData":{"SubjectUserSid":"S-1-5-21-979008924-657238111-836329461-1002","SubjectUserName":"jwrig","SubjectDomainName":"DESKTOP-JR78RLP","SubjectLogonId":"0x3069d","LogonGuid":"00000000-0000-0000-0000-000000000000","TargetUserName":"rbowes","TargetDomainName":"DOMAIN","TargetLogonGuid":"00000000-0000-0000-0000-000000000000","TargetServerName":"DESKTOP-JR78RLP","TargetInfo":"DESKTOP-JR78RLP","ProcessId":"0x4","ProcessName":"","IpAddress":"172.16.144.128","IpPort":"445"}}}
{"Event_attributes":{"xmlns":"http://schemas.microsoft.com/win/2004/08/events/event"},"Event":{"System":{"Provider_attributes":{"Name":"Microsoft-Windows-Security-Auditing","Guid":"54849625-5478-4994-A5BA-3E3B0328C30D"},"EventID":4648,"Version":0,"Level":0,"Task":12544,"Opcode":0,"Keywords":"0x8020000000000000","TimeCreated_attributes":{"SystemTime":"2019-04-30T19:27:59.721747Z"},"EventRecordID":42857,"Correlation_attributes":{"ActivityID":"F4BF8B01-FEA7-0000-E78B-BFF4A7FED401"},"Execution_attributes":{"ProcessID":648,"ThreadID":3388},"Channel":"Security","Computer":"DESKTOP-JR78RLP","Security":null},"EventData":{"SubjectUserSid":"S-1-5-21-979008924-657238111-836329461-1002","SubjectUserName":"jwrig","SubjectDomainName":"DESKTOP-JR78RLP","SubjectLogonId":"0x3069d","LogonGuid":"00000000-0000-0000-0000-000000000000","TargetUserName":"ebooth","TargetDomainName":"DOMAIN","TargetLogonGuid":"00000000-0000-0000-0000-000000000000","TargetServerName":"DESKTOP-JR78RLP","TargetInfo":"DESKTOP-JR78RLP","ProcessId":"0x4","ProcessName":"","IpAddress":"172.16.144.128","IpPort":"445"}}}
{"Event_attributes":{"xmlns":"http://schemas.microsoft.com/win/2004/08/events/event"},"Event":{"System":{"Provider_attributes":{"Name":"Microsoft-Windows-Security-Auditing","Guid":"54849625-5478-4994-A5BA-3E3B0328C30D"},"EventID":4648,"Version":0,"Level":0,"Task":12544,"Opcode":0,"Keywords":"0x8020000000000000","TimeCreated_attributes":{"SystemTime":"2019-04-30T19:28:00.795697Z"},"EventRecordID":42858,"Correlation_attributes":{"ActivityID":"F4BF8B01-FEA7-0000-E78B-BFF4A7FED401"},"Execution_attributes":{"ProcessID":648,"ThreadID":3388},"Channel":"Security","Computer":"DESKTOP-JR78RLP","Security":null},"EventData":{"SubjectUserSid":"S-1-5-21-979008924-657238111-836329461-1002","SubjectUserName":"jwrig","SubjectDomainName":"DESKTOP-JR78RLP","SubjectLogonId":"0x3069d","LogonGuid":"00000000-0000-0000-0000-000000000000","TargetUserName":"cfleener","TargetDomainName":"DOMAIN","TargetLogonGuid":"00000000-0000-0000-0000-000000000000","TargetServerName":"DESKTOP-JR78RLP","TargetInfo":"DESKTOP-JR78RLP","ProcessId":"0x4","ProcessName":"","IpAddress":"172.16.144.128","IpPort":"445"}}}
{"Event_attributes":{"xmlns":"http://schemas.microsoft.com/win/2004/08/events/event"},"Event":{"System":{"Provider_attributes":{"Name":"Microsoft-Windows-Security-Auditing","Guid":"54849625-5478-4994-A5BA-3E3B0328C30D"},"EventID":4648,"Version":0,"Level":0,"Task":12544,"Opcode":0,"Keywords":"0x8020000000000000","TimeCreated_attributes":{"SystemTime":"2019-04-30T19:28:01.865081Z"},"EventRecordID":42859,"Correlation_attributes":{"ActivityID":"F4BF8B01-FEA7-0000-E78B-BFF4A7FED401"},"Execution_attributes":{"ProcessID":648,"ThreadID":2968},"Channel":"Security","Computer":"DESKTOP-JR78RLP","Security":null},"EventData":{"SubjectUserSid":"S-1-5-21-979008924-657238111-836329461-1002","SubjectUserName":"jwrig","SubjectDomainName":"DESKTOP-JR78RLP","SubjectLogonId":"0x3069d","LogonGuid":"00000000-0000-0000-0000-000000000000","TargetUserName":"cmoody","TargetDomainName":"DOMAIN","TargetLogonGuid":"00000000-0000-0000-0000-000000000000","TargetServerName":"DESKTOP-JR78RLP","TargetInfo":"DESKTOP-JR78RLP","ProcessId":"0x4","ProcessName":"","IpAddress":"172.16.144.128","IpPort":"445"}}}
{"Event_attributes":{"xmlns":"http://schemas.microsoft.com/win/2004/08/events/event"},"Event":{"System":{"Provider_attributes":{"Name":"Microsoft-Windows-Security-Auditing","Guid":"54849625-5478-4994-A5BA-3E3B0328C30D"},"EventID":4648,"Version":0,"Level":0,"Task":12544,"Opcode":0,"Keywords":"0x8020000000000000","TimeCreated_attributes":{"SystemTime":"2019-04-30T19:28:02.941924Z"},"EventRecordID":42860,"Correlation_attributes":{"ActivityID":"F4BF8B01-FEA7-0000-E78B-BFF4A7FED401"},"Execution_attributes":{"ProcessID":648,"ThreadID":2968},"Channel":"Security","Computer":"DESKTOP-JR78RLP","Security":null},"EventData":{"SubjectUserSid":"S-1-5-21-979008924-657238111-836329461-1002","SubjectUserName":"jwrig","SubjectDomainName":"DESKTOP-JR78RLP","SubjectLogonId":"0x3069d","LogonGuid":"00000000-0000-0000-0000-000000000000","TargetUserName":"psmith","TargetDomainName":"DOMAIN","TargetLogonGuid":"00000000-0000-0000-0000-000000000000","TargetServerName":"DESKTOP-JR78RLP","TargetInfo":"DESKTOP-JR78RLP","ProcessId":"0x4","ProcessName":"","IpAddress":"172.16.144.128","IpPort":"445"}}}
{"Event_attributes":{"xmlns":"http://schemas.microsoft.com/win/2004/08/events/event"},"Event":{"System":{"Provider_attributes":{"Name":"Microsoft-Windows-Security-Auditing","Guid":"54849625-5478-4994-A5BA-3E3B0328C30D"},"EventID":4648,"Version":0,"Level":0,"Task":12544,"Opcode":0,"Keywords":"0x8020000000000000","TimeCreated_attributes":{"SystemTime":"2019-04-30T19:28:04.015944Z"},"EventRecordID":42861,"Correlation_attributes":{"ActivityID":"F4BF8B01-FEA7-0000-E78B-BFF4A7FED401"},"Execution_attributes":{"ProcessID":648,"ThreadID":3388},"Channel":"Security","Computer":"DESKTOP-JR78RLP","Security":null},"EventData":{"SubjectUserSid":"S-1-5-21-979008924-657238111-836329461-1002","SubjectUserName":"jwrig","SubjectDomainName":"DESKTOP-JR78RLP","SubjectLogonId":"0x3069d","LogonGuid":"00000000-0000-0000-0000-000000000000","TargetUserName":"jkulikowski","TargetDomainName":"DOMAIN","TargetLogonGuid":"00000000-0000-0000-0000-000000000000","TargetServerName":"DESKTOP-JR78RLP","TargetInfo":"DESKTOP-JR78RLP","ProcessId":"0x4","ProcessName":"","IpAddress":"172.16.144.128","IpPort":"445"}}}
{"Event_attributes":{"xmlns":"http://schemas.microsoft.com/win/2004/08/events/event"},"Event":{"System":{"Provider_attributes":{"Name":"Microsoft-Windows-Security-Auditing","Guid":"54849625-5478-4994-A5BA-3E3B0328C30D"},"EventID":4648,"Version":0,"Level":0,"Task":12544,"Opcode":0,"Keywords":"0x8020000000000000","TimeCreated_attributes":{"SystemTime":"2019-04-30T19:28:05.097821Z"},"EventRecordID":42862,"Correlation_attributes":{"ActivityID":"F4BF8B01-FEA7-0000-E78B-BFF4A7FED401"},"Execution_attributes":{"ProcessID":648,"ThreadID":2968},"Channel":"Security","Computer":"DESKTOP-JR78RLP","Security":null},"EventData":{"SubjectUserSid":"S-1-5-21-979008924-657238111-836329461-1002","SubjectUserName":"jwrig","SubjectDomainName":"DESKTOP-JR78RLP","SubjectLogonId":"0x3069d","LogonGuid":"00000000-0000-0000-0000-000000000000","TargetUserName":"gsalinas","TargetDomainName":"DOMAIN","TargetLogonGuid":"00000000-0000-0000-0000-000000000000","TargetServerName":"DESKTOP-JR78RLP","TargetInfo":"DESKTOP-JR78RLP","ProcessId":"0x4","ProcessName":"","IpAddress":"172.16.144.128","IpPort":"445"}}}
{"Event_attributes":{"xmlns":"http://schemas.microsoft.com/win/2004/08/events/event"},"Event":{"System":{"Provider_attributes":{"Name":"Microsoft-Windows-Security-Auditing","Guid":"54849625-5478-4994-A5BA-3E3B0328C30D"},"EventID":4648,"Version":0,"Level":0,"Task":12544,"Opcode":0,"Keywords":"0x8020000000000000","TimeCreated_attributes":{"SystemTime":"2019-04-30T19:28:06.182261Z"},"EventRecordID":42863,"Correlation_attributes":{"ActivityID":"F4BF8B01-FEA7-0000-E78B-BFF4A7FED401"},"Execution_attributes":{"ProcessID":648,"ThreadID":3388},"Channel":"Security","Computer":"DESKTOP-JR78RLP","Security":null},"EventData":{"SubjectUserSid":"S-1-5-21-979008924-657238111-836329461-1002","SubjectUserName":"jwrig","SubjectDomainName":"DESKTOP-JR78RLP","SubjectLogonId":"0x3069d","LogonGuid":"00000000-0000-0000-0000-000000000000","TargetUserName":"tbennett","TargetDomainName":"DOMAIN","TargetLogonGuid":"00000000-0000-0000-0000-000000000000","TargetServerName":"DESKTOP-JR78RLP","TargetInfo":"DESKTOP-JR78RLP","ProcessId":"0x4","ProcessName":"","IpAddress":"172.16.144.128","IpPort":"445"}}}
{"Event_attributes":{"xmlns":"http://schemas.microsoft.com/win/2004/08/events/event"},"Event":{"System":{"Provider_attributes":{"Name":"Microsoft-Windows-Security-Auditing","Guid":"54849625-5478-4994-A5BA-3E3B0328C30D"},"EventID":4648,"Version":0,"Level":0,"Task":12544,"Opcode":0,"Keywords":"0x8020000000000000","TimeCreated_attributes":{"SystemTime":"2019-04-30T19:28:07.239078Z"},"EventRecordID":42864,"Correlation_attributes":{"ActivityID":"F4BF8B01-FEA7-0000-E78B-BFF4A7FED401"},"Execution_attributes":{"ProcessID":648,"ThreadID":2968},"Channel":"Security","Computer":"DESKTOP-JR78RLP","Security":null},"EventData":{"SubjectUserSid":"S-1-5-21-979008924-657238111-836329461-1002","SubjectUserName":"jwrig","SubjectDomainName":"DESKTOP-JR78RLP","SubjectLogonId":"0x3069d","LogonGuid":"00000000-0000-0000-0000-000000000000","TargetUserName":"econrad","TargetDomainName":"DOMAIN","TargetLogonGuid":"00000000-0000-0000-0000-000000000000","TargetServerName":"DESKTOP-JR78RLP","TargetInfo":"DESKTOP-JR78RLP","ProcessId":"0x4","ProcessName":"","IpAddress":"172.16.144.128","IpPort":"445"}}}
{"Event_attributes":{"xmlns":"http://schemas.microsoft.com/win/2004/08/events/event"},"Event":{"System":{"Provider_attributes":{"Name":"Microsoft-Windows-Security-Auditing","Guid":"54849625-5478-4994-A5BA-3E3B0328C30D"},"EventID":4648,"Version":0,"Level":0,"Task":12544,"Opcode":0,"Keywords":"0x8020000000000000","TimeCreated_attributes":{"SystemTime":"2019-04-30T19:28:08.315621Z"},"EventRecordID":42865,"Correlation_attributes":{"ActivityID":"F4BF8B01-FEA7-0000-E78B-BFF4A7FED401"},"Execution_attributes":{"ProcessID":648,"ThreadID":2968},"Channel":"Security","Computer":"DESKTOP-JR78RLP","Security":null},"EventData":{"SubjectUserSid":"S-1-5-21-979008924-657238111-836329461-1002","SubjectUserName":"jwrig","SubjectDomainName":"DESKTOP-JR78RLP","SubjectLogonId":"0x3069d","LogonGuid":"00000000-0000-0000-0000-000000000000","TargetUserName":"smisenar","TargetDomainName":"DOMAIN","TargetLogonGuid":"00000000-0000-0000-0000-000000000000","TargetServerName":"DESKTOP-JR78RLP","TargetInfo":"DESKTOP-JR78RLP","ProcessId":"0x4","ProcessName":"","IpAddress":"172.16.144.128","IpPort":"445"}}}
{"Event_attributes":{"xmlns":"http://schemas.microsoft.com/win/2004/08/events/event"},"Event":{"System":{"Provider_attributes":{"Name":"Microsoft-Windows-Security-Auditing","Guid":"54849625-5478-4994-A5BA-3E3B0328C30D"},"EventID":4648,"Version":0,"Level":0,"Task":12544,"Opcode":0,"Keywords":"0x8020000000000000","TimeCreated_attributes":{"SystemTime":"2019-04-30T19:28:09.399263Z"},"EventRecordID":42866,"Correlation_attributes":{"ActivityID":"F4BF8B01-FEA7-0000-E78B-BFF4A7FED401"},"Execution_attributes":{"ProcessID":648,"ThreadID":2968},"Channel":"Security","Computer":"DESKTOP-JR78RLP","Security":null},"EventData":{"SubjectUserSid":"S-1-5-21-979008924-657238111-836329461-1002","SubjectUserName":"jwrig","SubjectDomainName":"DESKTOP-JR78RLP","SubjectLogonId":"0x3069d","LogonGuid":"00000000-0000-0000-0000-000000000000","TargetUserName":"jleytevidal","TargetDomainName":"DOMAIN","TargetLogonGuid":"00000000-0000-0000-0000-000000000000","TargetServerName":"DESKTOP-JR78RLP","TargetInfo":"DESKTOP-JR78RLP","ProcessId":"0x4","ProcessName":"","IpAddress":"172.16.144.128","IpPort":"445"}}}
{"Event_attributes":{"xmlns":"http://schemas.microsoft.com/win/2004/08/events/event"},"Event":{"System":{"Provider_attributes":{"Name":"Microsoft-Windows-Security-Auditing","Guid":"54849625-5478-4994-A5BA-3E3B0328C30D"},"EventID":4648,"Version":0,"Level":0,"Task":12544,"Opcode":0,"Keywords":"0x8020000000000000","TimeCreated_attributes":{"SystemTime":"2019-04-30T19:28:10.468200Z"},"EventRecordID":42867,"Correlation_attributes":{"ActivityID":"F4BF8B01-FEA7-0000-E78B-BFF4A7FED401"},"Execution_attributes":{"ProcessID":648,"ThreadID":3388},"Channel":"Security","Computer":"DESKTOP-JR78RLP","Security":null},"EventData":{"SubjectUserSid":"S-1-5-21-979008924-657238111-836329461-1002","SubjectUserName":"jwrig","SubjectDomainName":"DESKTOP-JR78RLP","SubjectLogonId":"0x3069d","LogonGuid":"00000000-0000-0000-0000-000000000000","TargetUserName":"lpesce","TargetDomainName":"DOMAIN","TargetLogonGuid":"00000000-0000-0000-0000-000000000000","TargetServerName":"DESKTOP-JR78RLP","TargetInfo":"DESKTOP-JR78RLP","ProcessId":"0x4","ProcessName":"","IpAddress":"172.16.144.128","IpPort":"445"}}}
{"Event_attributes":{"xmlns":"http://schemas.microsoft.com/win/2004/08/events/event"},"Event":{"System":{"Provider_attributes":{"Name":"Microsoft-Windows-Security-Auditing","Guid":"54849625-5478-4994-A5BA-3E3B0328C30D"},"EventID":4648,"Version":0,"Level":0,"Task":12544,"Opcode":0,"Keywords":"0x8020000000000000","TimeCreated_attributes":{"SystemTime":"2019-04-30T19:28:11.549701Z"},"EventRecordID":42868,"Correlation_attributes":{"ActivityID":"F4BF8B01-FEA7-0000-E78B-BFF4A7FED401"},"Execution_attributes":{"ProcessID":648,"ThreadID":2968},"Channel":"Security","Computer":"DESKTOP-JR78RLP","Security":null},"EventData":{"SubjectUserSid":"S-1-5-21-979008924-657238111-836329461-1002","SubjectUserName":"jwrig","SubjectDomainName":"DESKTOP-JR78RLP","SubjectLogonId":"0x3069d","LogonGuid":"00000000-0000-0000-0000-000000000000","TargetUserName":"sanson","TargetDomainName":"DOMAIN","TargetLogonGuid":"00000000-0000-0000-0000-000000000000","TargetServerName":"DESKTOP-JR78RLP","TargetInfo":"DESKTOP-JR78RLP","ProcessId":"0x4","ProcessName":"","IpAddress":"172.16.144.128","IpPort":"445"}}}
{"Event_attributes":{"xmlns":"http://schemas.microsoft.com/win/2004/08/events/event"},"Event":{"System":{"Provider_attributes":{"Name":"Microsoft-Windows-Security-Auditing","Guid":"54849625-5478-4994-A5BA-3E3B0328C30D"},"EventID":4648,"Version":0,"Level":0,"Task":12544,"Opcode":0,"Keywords":"0x8020000000000000","TimeCreated_attributes":{"SystemTime":"2019-04-30T19:28:12.621682Z"},"EventRecordID":42869,"Correlation_attributes":{"ActivityID":"F4BF8B01-FEA7-0000-E78B-BFF4A7FED401"},"Execution_attributes":{"ProcessID":648,"ThreadID":2968},"Channel":"Security","Computer":"DESKTOP-JR78RLP","Security":null},"EventData":{"SubjectUserSid":"S-1-5-21-979008924-657238111-836329461-1002","SubjectUserName":"jwrig","SubjectDomainName":"DESKTOP-JR78RLP","SubjectLogonId":"0x3069d","LogonGuid":"00000000-0000-0000-0000-000000000000","TargetUserName":"sarmstrong","TargetDomainName":"DOMAIN","TargetLogonGuid":"00000000-0000-0000-0000-000000000000","TargetServerName":"DESKTOP-JR78RLP","TargetInfo":"DESKTOP-JR78RLP","ProcessId":"0x4","ProcessName":"","IpAddress":"172.16.144.128","IpPort":"445"}}}
{"Event_attributes":{"xmlns":"http://schemas.microsoft.com/win/2004/08/events/event"},"Event":{"System":{"Provider_attributes":{"Name":"Microsoft-Windows-Security-Auditing","Guid":"54849625-5478-4994-A5BA-3E3B0328C30D"},"EventID":4648,"Version":0,"Level":0,"Task":12544,"Opcode":0,"Keywords":"0x8020000000000000","TimeCreated_attributes":{"SystemTime":"2019-04-30T19:28:13.709397Z"},"EventRecordID":42870,"Correlation_attributes":{"ActivityID":"F4BF8B01-FEA7-0000-E78B-BFF4A7FED401"},"Execution_attributes":{"ProcessID":648,"ThreadID":2968},"Channel":"Security","Computer":"DESKTOP-JR78RLP","Security":null},"EventData":{"SubjectUserSid":"S-1-5-21-979008924-657238111-836329461-1002","SubjectUserName":"jwrig","SubjectDomainName":"DESKTOP-JR78RLP","SubjectLogonId":"0x3069d","LogonGuid":"00000000-0000-0000-0000-000000000000","TargetUserName":"wstrzelec","TargetDomainName":"DOMAIN","TargetLogonGuid":"00000000-0000-0000-0000-000000000000","TargetServerName":"DESKTOP-JR78RLP","TargetInfo":"DESKTOP-JR78RLP","ProcessId":"0x4","ProcessName":"","IpAddress":"172.16.144.128","IpPort":"445"}}}
{"Event_attributes":{"xmlns":"http://schemas.microsoft.com/win/2004/08/events/event"},"Event":{"System":{"Provider_attributes":{"Name":"Microsoft-Windows-Security-Auditing","Guid":"54849625-5478-4994-A5BA-3E3B0328C30D"},"EventID":4648,"Version":0,"Level":0,"Task":12544,"Opcode":0,"Keywords":"0x8020000000000000","TimeCreated_attributes":{"SystemTime":"2019-04-30T19:28:14.769781Z"},"EventRecordID":42871,"Correlation_attributes":{"ActivityID":"F4BF8B01-FEA7-0000-E78B-BFF4A7FED401"},"Execution_attributes":{"ProcessID":648,"ThreadID":3388},"Channel":"Security","Computer":"DESKTOP-JR78RLP","Security":null},"EventData":{"SubjectUserSid":"S-1-5-21-979008924-657238111-836329461-1002","SubjectUserName":"jwrig","SubjectDomainName":"DESKTOP-JR78RLP","SubjectLogonId":"0x3069d","LogonGuid":"00000000-0000-0000-0000-000000000000","TargetUserName":"zmathis","TargetDomainName":"DOMAIN","TargetLogonGuid":"00000000-0000-0000-0000-000000000000","TargetServerName":"DESKTOP-JR78RLP","TargetInfo":"DESKTOP-JR78RLP","ProcessId":"0x4","ProcessName":"","IpAddress":"172.16.144.128","IpPort":"445"}}}
{"Event_attributes":{"xmlns":"http://schemas.microsoft.com/win/2004/08/events/event"},"Event":{"System":{"Provider_attributes":{"Name":"Microsoft-Windows-Security-Auditing","Guid":"54849625-5478-4994-A5BA-3E3B0328C30D"},"EventID":4648,"Version":0,"Level":0,"Task":12544,"Opcode":0,"Keywords":"0x8020000000000000","TimeCreated_attributes":{"SystemTime":"2019-04-30T19:28:15.849632Z"},"EventRecordID":42872,"Correlation_attributes":{"ActivityID":"F4BF8B01-FEA7-0000-E78B-BFF4A7FED401"},"Execution_attributes":{"ProcessID":648,"ThreadID":3388},"Channel":"Security","Computer":"DESKTOP-JR78RLP","Security":null},"EventData":{"SubjectUserSid":"S-1-5-21-979008924-657238111-836329461-1002","SubjectUserName":"jwrig","SubjectDomainName":"DESKTOP-JR78RLP","SubjectLogonId":"0x3069d","LogonGuid":"00000000-0000-0000-0000-000000000000","TargetUserName":"melliott","TargetDomainName":"DOMAIN","TargetLogonGuid":"00000000-0000-0000-0000-000000000000","TargetServerName":"DESKTOP-JR78RLP","TargetInfo":"DESKTOP-JR78RLP","ProcessId":"0x4","ProcessName":"","IpAddress":"172.16.144.128","IpPort":"445"}}}
{"Event_attributes":{"xmlns":"http://schemas.microsoft.com/win/2004/08/events/event"},"Event":{"System":{"Provider_attributes":{"Name":"Microsoft-Windows-Security-Auditing","Guid":"54849625-5478-4994-A5BA-3E3B0328C30D"},"EventID":4648,"Version":0,"Level":0,"Task":12544,"Opcode":0,"Keywords":"0x8020000000000000","TimeCreated_attributes":{"SystemTime":"2019-04-30T19:28:16.918289Z"},"EventRecordID":42873,"Correlation_attributes":{"ActivityID":"F4BF8B01-FEA7-0000-E78B-BFF4A7FED401"},"Execution_attributes":{"ProcessID":648,"ThreadID":2968},"Channel":"Security","Computer":"DESKTOP-JR78RLP","Security":null},"EventData":{"SubjectUserSid":"S-1-5-21-979008924-657238111-836329461-1002","SubjectUserName":"jwrig","SubjectDomainName":"DESKTOP-JR78RLP","SubjectLogonId":"0x3069d","LogonGuid":"00000000-0000-0000-0000-000000000000","TargetUserName":"kperryman","TargetDomainName":"DOMAIN","TargetLogonGuid":"00000000-0000-0000-0000-000000000000","TargetServerName":"DESKTOP-JR78RLP","TargetInfo":"DESKTOP-JR78RLP","ProcessId":"0x4","ProcessName":"","IpAddress":"172.16.144.128","IpPort":"445"}}}
{"Event_attributes":{"xmlns":"http://schemas.microsoft.com/win/2004/08/events/event"},"Event":{"System":{"Provider_attributes":{"Name":"Microsoft-Windows-Security-Auditing","Guid":"54849625-5478-4994-A5BA-3E3B0328C30D"},"EventID":4648,"Version":0,"Level":0,"Task":12544,"Opcode":0,"Keywords":"0x8020000000000000","TimeCreated_attributes":{"SystemTime":"2019-04-30T19:28:17.999881Z"},"EventRecordID":42874,"Correlation_attributes":{"ActivityID":"F4BF8B01-FEA7-0000-E78B-BFF4A7FED401"},"Execution_attributes":{"ProcessID":648,"ThreadID":3388},"Channel":"Security","Computer":"DESKTOP-JR78RLP","Security":null},"EventData":{"SubjectUserSid":"S-1-5-21-979008924-657238111-836329461-1002","SubjectUserName":"jwrig","SubjectDomainName":"DESKTOP-JR78RLP","SubjectLogonId":"0x3069d","LogonGuid":"00000000-0000-0000-0000-000000000000","TargetUserName":"jorchilles","TargetDomainName":"DOMAIN","TargetLogonGuid":"00000000-0000-0000-0000-000000000000","TargetServerName":"DESKTOP-JR78RLP","TargetInfo":"DESKTOP-JR78RLP","ProcessId":"0x4","ProcessName":"","IpAddress":"172.16.144.128","IpPort":"445"}}}
{"Event_attributes":{"xmlns":"http://schemas.microsoft.com/win/2004/08/events/event"},"Event":{"System":{"Provider_attributes":{"Name":"Microsoft-Windows-Security-Auditing","Guid":"54849625-5478-4994-A5BA-3E3B0328C30D"},"EventID":4648,"Version":0,"Level":0,"Task":12544,"Opcode":0,"Keywords":"0x8020000000000000","TimeCreated_attributes":{"SystemTime":"2019-04-30T19:28:19.068869Z"},"EventRecordID":42875,"Correlation_attributes":{"ActivityID":"F4BF8B01-FEA7-0000-E78B-BFF4A7FED401"},"Execution_attributes":{"ProcessID":648,"ThreadID":2968},"Channel":"Security","Computer":"DESKTOP-JR78RLP","Security":null},"EventData":{"SubjectUserSid":"S-1-5-21-979008924-657238111-836329461-1002","SubjectUserName":"jwrig","SubjectDomainName":"DESKTOP-JR78RLP","SubjectLogonId":"0x3069d","LogonGuid":"00000000-0000-0000-0000-000000000000","TargetUserName":"jlake","TargetDomainName":"DOMAIN","TargetLogonGuid":"00000000-0000-0000-0000-000000000000","TargetServerName":"DESKTOP-JR78RLP","TargetInfo":"DESKTOP-JR78RLP","ProcessId":"0x4","ProcessName":"","IpAddress":"172.16.144.128","IpPort":"445"}}}
{"Event_attributes":{"xmlns":"http://schemas.microsoft.com/win/2004/08/events/event"},"Event":{"System":{"Provider_attributes":{"Name":"Microsoft-Windows-Security-Auditing","Guid":"54849625-5478-4994-A5BA-3E3B0328C30D"},"EventID":4648,"Version":0,"Level":0,"Task":12544,"Opcode":0,"Keywords":"0x8020000000000000","TimeCreated_attributes":{"SystemTime":"2019-04-30T19:28:20.129587Z"},"EventRecordID":42876,"Correlation_attributes":{"ActivityID":"F4BF8B01-FEA7-0000-E78B-BFF4A7FED401"},"Execution_attributes":{"ProcessID":648,"ThreadID":3388},"Channel":"Security","Computer":"DESKTOP-JR78RLP","Security":null},"EventData":{"SubjectUserSid":"S-1-5-21-979008924-657238111-836329461-1002","SubjectUserName":"jwrig","SubjectDomainName":"DESKTOP-JR78RLP","SubjectLogonId":"0x3069d","LogonGuid":"00000000-0000-0000-0000-000000000000","TargetUserName":"edygert","TargetDomainName":"DOMAIN","TargetLogonGuid":"00000000-0000-0000-0000-000000000000","TargetServerName":"DESKTOP-JR78RLP","TargetInfo":"DESKTOP-JR78RLP","ProcessId":"0x4","ProcessName":"","IpAddress":"172.16.144.128","IpPort":"445"}}}
{"Event_attributes":{"xmlns":"http://schemas.microsoft.com/win/2004/08/events/event"},"Event":{"System":{"Provider_attributes":{"Name":"Microsoft-Windows-Security-Auditing","Guid":"54849625-5478-4994-A5BA-3E3B0328C30D"},"EventID":4648,"Version":0,"Level":0,"Task":12544,"Opcode":0,"Keywords":"0x8020000000000000","TimeCreated_attributes":{"SystemTime":"2019-04-30T19:28:21.201619Z"},"EventRecordID":42877,"Correlation_attributes":{"ActivityID":"F4BF8B01-FEA7-0000-E78B-BFF4A7FED401"},"Execution_attributes":{"ProcessID":648,"ThreadID":3388},"Channel":"Security","Computer":"DESKTOP-JR78RLP","Security":null},"EventData":{"SubjectUserSid":"S-1-5-21-979008924-657238111-836329461-1002","SubjectUserName":"jwrig","SubjectDomainName":"DESKTOP-JR78RLP","SubjectLogonId":"0x3069d","LogonGuid":"00000000-0000-0000-0000-000000000000","TargetUserName":"drook","TargetDomainName":"DOMAIN","TargetLogonGuid":"00000000-0000-0000-0000-000000000000","TargetServerName":"DESKTOP-JR78RLP","TargetInfo":"DESKTOP-JR78RLP","ProcessId":"0x4","ProcessName":"","IpAddress":"172.16.144.128","IpPort":"445"}}}
{"Event_attributes":{"xmlns":"http://schemas.microsoft.com/win/2004/08/events/event"},"Event":{"System":{"Provider_attributes":{"Name":"Microsoft-Windows-Security-Auditing","Guid":"54849625-5478-4994-A5BA-3E3B0328C30D"},"EventID":4648,"Version":0,"Level":0,"Task":12544,"Opcode":0,"Keywords":"0x8020000000000000","TimeCreated_attributes":{"SystemTime":"2019-04-30T19:28:22.250431Z"},"EventRecordID":42878,"Correlation_attributes":{"ActivityID":"F4BF8B01-FEA7-0000-E78B-BFF4A7FED401"},"Execution_attributes":{"ProcessID":648,"ThreadID":3388},"Channel":"Security","Computer":"DESKTOP-JR78RLP","Security":null},"EventData":{"SubjectUserSid":"S-1-5-21-979008924-657238111-836329461-1002","SubjectUserName":"jwrig","SubjectDomainName":"DESKTOP-JR78RLP","SubjectLogonId":"0x3069d","LogonGuid":"00000000-0000-0000-0000-000000000000","TargetUserName":"dmashburn","TargetDomainName":"DOMAIN","TargetLogonGuid":"00000000-0000-0000-0000-000000000000","TargetServerName":"DESKTOP-JR78RLP","TargetInfo":"DESKTOP-JR78RLP","ProcessId":"0x4","ProcessName":"","IpAddress":"172.16.144.128","IpPort":"445"}}}
{"Event_attributes":{"xmlns":"http://schemas.microsoft.com/win/2004/08/events/event"},"Event":{"System":{"Provider_attributes":{"Name":"Microsoft-Windows-Security-Auditing","Guid":"54849625-5478-4994-A5BA-3E3B0328C30D"},"EventID":4648,"Version":0,"Level":0,"Task":12544,"Opcode":0,"Keywords":"0x8020000000000000","TimeCreated_attributes":{"SystemTime":"2019-04-30T19:28:23.338791Z"},"EventRecordID":42879,"Correlation_attributes":{"ActivityID":"F4BF8B01-FEA7-0000-E78B-BFF4A7FED401"},"Execution_attributes":{"ProcessID":648,"ThreadID":3388},"Channel":"Security","Computer":"DESKTOP-JR78RLP","Security":null},"EventData":{"SubjectUserSid":"S-1-5-21-979008924-657238111-836329461-1002","SubjectUserName":"jwrig","SubjectDomainName":"DESKTOP-JR78RLP","SubjectLogonId":"0x3069d","LogonGuid":"00000000-0000-0000-0000-000000000000","TargetUserName":"cspizor","TargetDomainName":"DOMAIN","TargetLogonGuid":"00000000-0000-0000-0000-000000000000","TargetServerName":"DESKTOP-JR78RLP","TargetInfo":"DESKTOP-JR78RLP","ProcessId":"0x4","ProcessName":"","IpAddress":"172.16.144.128","IpPort":"445"}}}
{"Event_attributes":{"xmlns":"http://schemas.microsoft.com/win/2004/08/events/event"},"Event":{"System":{"Provider_attributes":{"Name":"Microsoft-Windows-Security-Auditing","Guid":"54849625-5478-4994-A5BA-3E3B0328C30D"},"EventID":4648,"Version":0,"Level":0,"Task":12544,"Opcode":0,"Keywords":"0x8020000000000000","TimeCreated_attributes":{"SystemTime":"2019-04-30T19:28:24.404551Z"},"EventRecordID":42880,"Correlation_attributes":{"ActivityID":"F4BF8B01-FEA7-0000-E78B-BFF4A7FED401"},"Execution_attributes":{"ProcessID":648,"ThreadID":3388},"Channel":"Security","Computer":"DESKTOP-JR78RLP","Security":null},"EventData":{"SubjectUserSid":"S-1-5-21-979008924-657238111-836329461-1002","SubjectUserName":"jwrig","SubjectDomainName":"DESKTOP-JR78RLP","SubjectLogonId":"0x3069d","LogonGuid":"00000000-0000-0000-0000-000000000000","TargetUserName":"cragoso","TargetDomainName":"DOMAIN","TargetLogonGuid":"00000000-0000-0000-0000-000000000000","TargetServerName":"DESKTOP-JR78RLP","TargetInfo":"DESKTOP-JR78RLP","ProcessId":"0x4","ProcessName":"","IpAddress":"172.16.144.128","IpPort":"445"}}}
{"Event_attributes":{"xmlns":"http://schemas.microsoft.com/win/2004/08/events/event"},"Event":{"System":{"Provider_attributes":{"Name":"Microsoft-Windows-Security-Auditing","Guid":"54849625-5478-4994-A5BA-3E3B0328C30D"},"EventID":4648,"Version":0,"Level":0,"Task":12544,"Opcode":0,"Keywords":"0x8020000000000000","TimeCreated_attributes":{"SystemTime":"2019-04-30T19:28:25.468305Z"},"EventRecordID":42881,"Correlation_attributes":{"ActivityID":"F4BF8B01-FEA7-0000-E78B-BFF4A7FED401"},"Execution_attributes":{"ProcessID":648,"ThreadID":3388},"Channel":"Security","Computer":"DESKTOP-JR78RLP","Security":null},"EventData":{"SubjectUserSid":"S-1-5-21-979008924-657238111-836329461-1002","SubjectUserName":"jwrig","SubjectDomainName":"DESKTOP-JR78RLP","SubjectLogonId":"0x3069d","LogonGuid":"00000000-0000-0000-0000-000000000000","TargetUserName":"bgalbraith","TargetDomainName":"DOMAIN","TargetLogonGuid":"00000000-0000-0000-0000-000000000000","TargetServerName":"DESKTOP-JR78RLP","TargetInfo":"DESKTOP-JR78RLP","ProcessId":"0x4","ProcessName":"","IpAddress":"172.16.144.128","IpPort":"445"}}}
{"Event_attributes":{"xmlns":"http://schemas.microsoft.com/win/2004/08/events/event"},"Event":{"System":{"Provider_attributes":{"Name":"Microsoft-Windows-Security-Auditing","Guid":"54849625-5478-4994-A5BA-3E3B0328C30D"},"EventID":4648,"Version":0,"Level":0,"Task":12544,"Opcode":0,"Keywords":"0x8020000000000000","TimeCreated_attributes":{"SystemTime":"2019-04-30T19:28:26.529785Z"},"EventRecordID":42882,"Correlation_attributes":{"ActivityID":"F4BF8B01-FEA7-0000-E78B-BFF4A7FED401"},"Execution_attributes":{"ProcessID":648,"ThreadID":3388},"Channel":"Security","Computer":"DESKTOP-JR78RLP","Security":null},"EventData":{"SubjectUserSid":"S-1-5-21-979008924-657238111-836329461-1002","SubjectUserName":"jwrig","SubjectDomainName":"DESKTOP-JR78RLP","SubjectLogonId":"0x3069d","LogonGuid":"00000000-0000-0000-0000-000000000000","TargetUserName":"bking","TargetDomainName":"DOMAIN","TargetLogonGuid":"00000000-0000-0000-0000-000000000000","TargetServerName":"DESKTOP-JR78RLP","TargetInfo":"DESKTOP-JR78RLP","ProcessId":"0x4","ProcessName":"","IpAddress":"172.16.144.128","IpPort":"445"}}}
{"Event_attributes":{"xmlns":"http://schemas.microsoft.com/win/2004/08/events/event"},"Event":{"System":{"Provider_attributes":{"Name":"Microsoft-Windows-Security-Auditing","Guid":"54849625-5478-4994-A5BA-3E3B0328C30D"},"EventID":4648,"Version":0,"Level":0,"Task":12544,"Opcode":0,"Keywords":"0x8020000000000000","TimeCreated_attributes":{"SystemTime":"2019-04-30T19:28:27.607030Z"},"EventRecordID":42883,"Correlation_attributes":{"ActivityID":"F4BF8B01-FEA7-0000-E78B-BFF4A7FED401"},"Execution_attributes":{"ProcessID":648,"ThreadID":3388},"Channel":"Security","Computer":"DESKTOP-JR78RLP","Security":null},"EventData":{"SubjectUserSid":"S-1-5-21-979008924-657238111-836329461-1002","SubjectUserName":"jwrig","SubjectDomainName":"DESKTOP-JR78RLP","SubjectLogonId":"0x3069d","LogonGuid":"00000000-0000-0000-0000-000000000000","TargetUserName":"mdouglas","TargetDomainName":"DOMAIN","TargetLogonGuid":"00000000-0000-0000-0000-000000000000","TargetServerName":"DESKTOP-JR78RLP","TargetInfo":"DESKTOP-JR78RLP","ProcessId":"0x4","ProcessName":"","IpAddress":"172.16.144.128","IpPort":"445"}}}
{"Event_attributes":{"xmlns":"http://schemas.microsoft.com/win/2004/08/events/event"},"Event":{"System":{"Provider_attributes":{"Name":"Microsoft-Windows-Security-Auditing","Guid":"54849625-5478-4994-A5BA-3E3B0328C30D"},"EventID":4648,"Version":0,"Level":0,"Task":12544,"Opcode":0,"Keywords":"0x8020000000000000","TimeCreated_attributes":{"SystemTime":"2019-04-30T19:28:28.691144Z"},"EventRecordID":42884,"Correlation_attributes":{"ActivityID":"F4BF8B01-FEA7-0000-E78B-BFF4A7FED401"},"Execution_attributes":{"ProcessID":648,"ThreadID":3388},"Channel":"Security","Computer":"DESKTOP-JR78RLP","Security":null},"EventData":{"SubjectUserSid":"S-1-5-21-979008924-657238111-836329461-1002","SubjectUserName":"jwrig","SubjectDomainName":"DESKTOP-JR78RLP","SubjectLogonId":"0x3069d","LogonGuid":"00000000-0000-0000-0000-000000000000","TargetUserName":"bgreenwood","TargetDomainName":"DOMAIN","TargetLogonGuid":"00000000-0000-0000-0000-000000000000","TargetServerName":"DESKTOP-JR78RLP","TargetInfo":"DESKTOP-JR78RLP","ProcessId":"0x4","ProcessName":"","IpAddress":"172.16.144.128","IpPort":"445"}}}
{"Event_attributes":{"xmlns":"http://schemas.microsoft.com/win/2004/08/events/event"},"Event":{"System":{"Provider_attributes":{"Name":"Microsoft-Windows-Security-Auditing","Guid":"54849625-5478-4994-A5BA-3E3B0328C30D"},"EventID":4648,"Version":0,"Level":0,"Task":12544,"Opcode":0,"Keywords":"0x8020000000000000","TimeCreated_attributes":{"SystemTime":"2019-04-30T19:28:29.753365Z"},"EventRecordID":42885,"Correlation_attributes":{"ActivityID":"F4BF8B01-FEA7-0000-E78B-BFF4A7FED401"},"Execution_attributes":{"ProcessID":648,"ThreadID":3388},"Channel":"Security","Computer":"DESKTOP-JR78RLP","Security":null},"EventData":{"SubjectUserSid":"S-1-5-21-979008924-657238111-836329461-1002","SubjectUserName":"jwrig","SubjectDomainName":"DESKTOP-JR78RLP","SubjectLogonId":"0x3069d","LogonGuid":"00000000-0000-0000-0000-000000000000","TargetUserName":"baker","TargetDomainName":"DOMAIN","TargetLogonGuid":"00000000-0000-0000-0000-000000000000","TargetServerName":"DESKTOP-JR78RLP","TargetInfo":"DESKTOP-JR78RLP","ProcessId":"0x4","ProcessName":"","IpAddress":"172.16.144.128","IpPort":"445"}}}
{"Event_attributes":{"xmlns":"http://schemas.microsoft.com/win/2004/08/events/event"},"Event":{"System":{"Provider_attributes":{"Name":"Microsoft-Windows-Security-Auditing","Guid":"54849625-5478-4994-A5BA-3E3B0328C30D"},"EventID":4648,"Version":0,"Level":0,"Task":12544,"Opcode":0,"Keywords":"0x8020000000000000","TimeCreated_attributes":{"SystemTime":"2019-04-30T19:28:30.838850Z"},"EventRecordID":42886,"Correlation_attributes":{"ActivityID":"F4BF8B01-FEA7-0000-E78B-BFF4A7FED401"},"Execution_attributes":{"ProcessID":648,"ThreadID":2968},"Channel":"Security","Computer":"DESKTOP-JR78RLP","Security":null},"EventData":{"SubjectUserSid":"S-1-5-21-979008924-657238111-836329461-1002","SubjectUserName":"jwrig","SubjectDomainName":"DESKTOP-JR78RLP","SubjectLogonId":"0x3069d","LogonGuid":"00000000-0000-0000-0000-000000000000","TargetUserName":"ssims","TargetDomainName":"DOMAIN","TargetLogonGuid":"00000000-0000-0000-0000-000000000000","TargetServerName":"DESKTOP-JR78RLP","TargetInfo":"DESKTOP-JR78RLP","ProcessId":"0x4","ProcessName":"","IpAddress":"172.16.144.128","IpPort":"445"}}}
{"Event_attributes":{"xmlns":"http://schemas.microsoft.com/win/2004/08/events/event"},"Event":{"System":{"Provider_attributes":{"Name":"Microsoft-Windows-Security-Auditing","Guid":"54849625-5478-4994-A5BA-3E3B0328C30D"},"EventID":4648,"Version":0,"Level":0,"Task":12544,"Opcode":0,"Keywords":"0x8020000000000000","TimeCreated_attributes":{"SystemTime":"2019-04-30T19:28:31.910888Z"},"EventRecordID":42887,"Correlation_attributes":{"ActivityID":"F4BF8B01-FEA7-0000-E78B-BFF4A7FED401"},"Execution_attributes":{"ProcessID":648,"ThreadID":3388},"Channel":"Security","Computer":"DESKTOP-JR78RLP","Security":null},"EventData":{"SubjectUserSid":"S-1-5-21-979008924-657238111-836329461-1002","SubjectUserName":"jwrig","SubjectDomainName":"DESKTOP-JR78RLP","SubjectLogonId":"0x3069d","LogonGuid":"00000000-0000-0000-0000-000000000000","TargetUserName":"smisenar","TargetDomainName":"DOMAIN","TargetLogonGuid":"00000000-0000-0000-0000-000000000000","TargetServerName":"DESKTOP-JR78RLP","TargetInfo":"DESKTOP-JR78RLP","ProcessId":"0x4","ProcessName":"","IpAddress":"172.16.144.128","IpPort":"445"}}}
{"Event_attributes":{"xmlns":"http://schemas.microsoft.com/win/2004/08/events/event"},"Event":{"System":{"Provider_attributes":{"Name":"Microsoft-Windows-Security-Auditing","Guid":"54849625-5478-4994-A5BA-3E3B0328C30D"},"EventID":4648,"Version":0,"Level":0,"Task":12544,"Opcode":0,"Keywords":"0x8020000000000000","TimeCreated_attributes":{"SystemTime":"2019-04-30T19:28:32.983657Z"},"EventRecordID":42888,"Correlation_attributes":{"ActivityID":"F4BF8B01-FEA7-0000-E78B-BFF4A7FED401"},"Execution_attributes":{"ProcessID":648,"ThreadID":2968},"Channel":"Security","Computer":"DESKTOP-JR78RLP","Security":null},"EventData":{"SubjectUserSid":"S-1-5-21-979008924-657238111-836329461-1002","SubjectUserName":"jwrig","SubjectDomainName":"DESKTOP-JR78RLP","SubjectLogonId":"0x3069d","LogonGuid":"00000000-0000-0000-0000-000000000000","TargetUserName":"Administrator","TargetDomainName":"DOMAIN","TargetLogonGuid":"00000000-0000-0000-0000-000000000000","TargetServerName":"DESKTOP-JR78RLP","TargetInfo":"DESKTOP-JR78RLP","ProcessId":"0x4","ProcessName":"","IpAddress":"172.16.144.128","IpPort":"445"}}}
{"Event_attributes":{"xmlns":"http://schemas.microsoft.com/win/2004/08/events/event"},"Event":{"System":{"Provider_attributes":{"Name":"Microsoft-Windows-Security-Auditing","Guid":"54849625-5478-4994-A5BA-3E3B0328C30D"},"EventID":4648,"Version":0,"Level":0,"Task":12544,"Opcode":0,"Keywords":"0x8020000000000000","TimeCreated_attributes":{"SystemTime":"2019-04-30T19:28:34.067507Z"},"EventRecordID":42889,"Correlation_attributes":{"ActivityID":"F4BF8B01-FEA7-0000-E78B-BFF4A7FED401"},"Execution_attributes":{"ProcessID":648,"ThreadID":2968},"Channel":"Security","Computer":"DESKTOP-JR78RLP","Security":null},"EventData":{"SubjectUserSid":"S-1-5-21-979008924-657238111-836329461-1002","SubjectUserName":"jwrig","SubjectDomainName":"DESKTOP-JR78RLP","SubjectLogonId":"0x3069d","LogonGuid":"00000000-0000-0000-0000-000000000000","TargetUserName":"jwright","TargetDomainName":"DOMAIN","TargetLogonGuid":"00000000-0000-0000-0000-000000000000","TargetServerName":"DESKTOP-JR78RLP","TargetInfo":"DESKTOP-JR78RLP","ProcessId":"0x4","ProcessName":"","IpAddress":"172.16.144.128","IpPort":"445"}}}
{"Event_attributes":{"xmlns":"http://schemas.microsoft.com/win/2004/08/events/event"},"Event":{"System":{"Provider_attributes":{"Name":"Microsoft-Windows-Security-Auditing","Guid":"54849625-5478-4994-A5BA-3E3B0328C30D"},"EventID":4648,"Version":0,"Level":0,"Task":12544,"Opcode":0,"Keywords":"0x8020000000000000","TimeCreated_attributes":{"SystemTime":"2019-04-30T19:28:35.146024Z"},"EventRecordID":42890,"Correlation_attributes":{"ActivityID":"F4BF8B01-FEA7-0000-E78B-BFF4A7FED401"},"Execution_attributes":{"ProcessID":648,"ThreadID":2968},"Channel":"Security","Computer":"DESKTOP-JR78RLP","Security":null},"EventData":{"SubjectUserSid":"S-1-5-21-979008924-657238111-836329461-1002","SubjectUserName":"jwrig","SubjectDomainName":"DESKTOP-JR78RLP","SubjectLogonId":"0x3069d","LogonGuid":"00000000-0000-0000-0000-000000000000","TargetUserName":"dpendolino","TargetDomainName":"DOMAIN","TargetLogonGuid":"00000000-0000-0000-0000-000000000000","TargetServerName":"DESKTOP-JR78RLP","TargetInfo":"DESKTOP-JR78RLP","ProcessId":"0x4","ProcessName":"","IpAddress":"172.16.144.128","IpPort":"445"}}}
{"Event_attributes":{"xmlns":"http://schemas.microsoft.com/win/2004/08/events/event"},"Event":{"System":{"Provider_attributes":{"Name":"Microsoft-Windows-Security-Auditing","Guid":"54849625-5478-4994-A5BA-3E3B0328C30D"},"EventID":4648,"Version":0,"Level":0,"Task":12544,"Opcode":0,"Keywords":"0x8020000000000000","TimeCreated_attributes":{"SystemTime":"2019-04-30T19:28:36.239455Z"},"EventRecordID":42891,"Correlation_attributes":{"ActivityID":"F4BF8B01-FEA7-0000-E78B-BFF4A7FED401"},"Execution_attributes":{"ProcessID":648,"ThreadID":2968},"Channel":"Security","Computer":"DESKTOP-JR78RLP","Security":null},"EventData":{"SubjectUserSid":"S-1-5-21-979008924-657238111-836329461-1002","SubjectUserName":"jwrig","SubjectDomainName":"DESKTOP-JR78RLP","SubjectLogonId":"0x3069d","LogonGuid":"00000000-0000-0000-0000-000000000000","TargetUserName":"celgee","TargetDomainName":"DOMAIN","TargetLogonGuid":"00000000-0000-0000-0000-000000000000","TargetServerName":"DESKTOP-JR78RLP","TargetInfo":"DESKTOP-JR78RLP","ProcessId":"0x4","ProcessName":"","IpAddress":"172.16.144.128","IpPort":"445"}}}
{"Event_attributes":{"xmlns":"http://schemas.microsoft.com/win/2004/08/events/event"},"Event":{"System":{"Provider_attributes":{"Name":"Microsoft-Windows-Security-Auditing","Guid":"54849625-5478-4994-A5BA-3E3B0328C30D"},"EventID":4648,"Version":0,"Level":0,"Task":12544,"Opcode":0,"Keywords":"0x8020000000000000","TimeCreated_attributes":{"SystemTime":"2019-04-30T19:28:37.334639Z"},"EventRecordID":42892,"Correlation_attributes":{"ActivityID":"F4BF8B01-FEA7-0000-E78B-BFF4A7FED401"},"Execution_attributes":{"ProcessID":648,"ThreadID":3388},"Channel":"Security","Computer":"DESKTOP-JR78RLP","Security":null},"EventData":{"SubjectUserSid":"S-1-5-21-979008924-657238111-836329461-1002","SubjectUserName":"jwrig","SubjectDomainName":"DESKTOP-JR78RLP","SubjectLogonId":"0x3069d","LogonGuid":"00000000-0000-0000-0000-000000000000","TargetUserName":"thessman","TargetDomainName":"DOMAIN","TargetLogonGuid":"00000000-0000-0000-0000-000000000000","TargetServerName":"DESKTOP-JR78RLP","TargetInfo":"DESKTOP-JR78RLP","ProcessId":"0x4","ProcessName":"","IpAddress":"172.16.144.128","IpPort":"445"}}}
{"Event_attributes":{"xmlns":"http://schemas.microsoft.com/win/2004/08/events/event"},"Event":{"System":{"Provider_attributes":{"Name":"Microsoft-Windows-Security-Auditing","Guid":"54849625-5478-4994-A5BA-3E3B0328C30D"},"EventID":4648,"Version":0,"Level":0,"Task":12544,"Opcode":0,"Keywords":"0x8020000000000000","TimeCreated_attributes":{"SystemTime":"2019-04-30T19:28:38.403287Z"},"EventRecordID":42893,"Correlation_attributes":{"ActivityID":"F4BF8B01-FEA7-0000-E78B-BFF4A7FED401"},"Execution_attributes":{"ProcessID":648,"ThreadID":3388},"Channel":"Security","Computer":"DESKTOP-JR78RLP","Security":null},"EventData":{"SubjectUserSid":"S-1-5-21-979008924-657238111-836329461-1002","SubjectUserName":"jwrig","SubjectDomainName":"DESKTOP-JR78RLP","SubjectLogonId":"0x3069d","LogonGuid":"00000000-0000-0000-0000-000000000000","TargetUserName":"eskoudis","TargetDomainName":"DOMAIN","TargetLogonGuid":"00000000-0000-0000-0000-000000000000","TargetServerName":"DESKTOP-JR78RLP","TargetInfo":"DESKTOP-JR78RLP","ProcessId":"0x4","ProcessName":"","IpAddress":"172.16.144.128","IpPort":"445"}}}
