{"Event_attributes":{"xmlns":"http://schemas.microsoft.com/win/2004/08/events/event"},"Event":{"System":{"Provider_attributes":{"Name":"Microsoft-Windows-Security-Auditing","Guid":"54849625-5478-4994-A5BA-3E3B0328C30D"},"EventID":4648,"Version":0,"Level":0,"Task":12544,"Opcode":0,"Keywords":"0x8020000000000000","TimeCreated_attributes":{"SystemTime":"2019-04-30T19:31:52.823649Z"},"EventRecordID":43074,"Correlation_attributes":{"ActivityID":"F4BF8B01-FEA7-0000-E78B-BFF4A7FED401"},"Execution_attributes":{"ProcessID":648,"ThreadID":2968},"Channel":"Security","Computer":"DESKTOP-JR78RLP","Security":null},"EventData":{"SubjectUserSid":"S-1-5-21-979008924-657238111-836329461-1002","SubjectUserName":"jwrig","SubjectDomainName":"DESKTOP-JR78RLP","SubjectLogonId":"0x3069d","LogonGuid":"00000000-0000-0000-0000-000000000000","TargetUserName":"econrad","TargetDomainName":"DOMAIN","TargetLogonGuid":"00000000-0000-0000-0000-000000000000","TargetServerName":"DESKTOP-JR78RLP","TargetInfo":"DESKTOP-JR78RLP","ProcessId":"0x4","ProcessName":"","IpAddress":"172.16.144.128","IpPort":"445"}}}
{"Event_attributes":{"xmlns":"http://schemas.microsoft.com/win/2004/08/events/event"},"Event":{"System":{"Provider_attributes":{"Name":"Microsoft-Windows-Security-Auditing","Guid":"54849625-5478-4994-A5BA-3E3B0328C30D"},"EventID":4648,"Version":0,"Level":0,"Task":12544,"Opcode":0,"Keywords":"0x8020000000000000","TimeCreated_attributes":{"SystemTime":"2019-04-30T19:31:53.886401Z"},"EventRecordID":43075,"Correlation_attributes":{"ActivityID":"F4BF8B01-FEA7-0000-E78B-BFF4A7FED401"},"Execution_attributes":{"ProcessID":648,"ThreadID":2968},"Channel":"Security","Computer":"DESKTOP-JR78RLP","Security":null},"EventData":{"SubjectUserSid":"S-1-5-21-979008924-657238111-836329461-1002","SubjectUserName":"jwrig","SubjectDomainName":"DESKTOP-JR78RLP","SubjectLogonId":"0x3069d","LogonGuid":"00000000-0000-0000-0000-000000000000","TargetUserName":"smisenar","TargetDomainName":"DOMAIN","TargetLogonGuid":"00000000-0000-0000-0000-000000000000","TargetServerName":"DESKTOP-JR78RLP","TargetInfo":"DESKTOP-JR78RLP","ProcessId":"0x4","ProcessName":"","IpAddress":"172.16.144.128","IpPort":"445"}}}
{"Event_attributes":{"xmlns":"http://schemas.microsoft.com/win/2004/08/events/event"},"Event":{"System":{"Provider_attributes":{"Name":"Microsoft-Windows-Security-Auditing","Guid":"54849625-5478-4994-A5BA-3E3B0328C30D"},"EventID":4648,"Version":0,"Level":0,"Task":12544,"Opcode":0,"Keywords":"0x8020000000000000","TimeCreated_attributes":{"SystemTime":"2019-04-30T19:31:54.942578Z"},"EventRecordID":43076,"Correlation_attributes":{"ActivityID":"F4BF8B01-FEA7-0000-E78B-BFF4A7FED401"},"Execution_attributes":{"ProcessID":648,"ThreadID":2968},"Channel":"Security","Computer":"DESKTOP-JR78RLP","Security":null},"EventData":{"SubjectUserSid":"S-1-5-21-979008924-657238111-836329461-1002","SubjectUserName":"jwrig","SubjectDomainName":"DESKTOP-JR78RLP","SubjectLogonId":"0x3069d","LogonGuid":"00000000-0000-0000-0000-000000000000","TargetUserName":"jleytevidal","TargetDomainName":"DOMAIN","TargetLogonGuid":"00000000-0000-0000-0000-000000000000","TargetServerName":"DESKTOP-JR78RLP","TargetInfo":"DESKTOP-JR78RLP","ProcessId":"0x4","ProcessName":"","IpAddress":"172.16.144.128","IpPort":"445"}}}
{"Event_attributes":{"xmlns":"http://schemas.microsoft.com/win/2004/08/events/event"},"Event":{"System":{"Provider_attributes":{"Name":"Microsoft-Windows-Security-Auditing","Guid":"54849625-5478-4994-A5BA-3E3B0328C30D"},"EventID":4648,"Version":0,"Level":0,"Task":12544,"Opcode":0,"Keywords":"0x8020000000000000","TimeCreated_attributes":{"SystemTime":"2019-04-30T19:31:56.019101Z"},"EventRecordID":43077,"Correlation_attributes":{"ActivityID":"F4BF8B01-FEA7-0000-E78B-BFF4A7FED401"},"Execution_attributes":{"ProcessID":648,"ThreadID":3388},"Channel":"Security","Computer":"DESKTOP-JR78RLP","Security":null},"EventData":{"SubjectUserSid":"S-1-5-21-979008924-657238111-836329461-1002","SubjectUserName":"jwrig","SubjectDomainName":"DESKTOP-JR78RLP","SubjectLogonId":"0x3069d","LogonGuid":"00000000-0000-0000-0000-000000000000","TargetUserName":"lpesce","TargetDomainName":"DOMAIN","TargetLogonGuid":"00000000-0000-0000-0000-000000000000","TargetServerName":"DESKTOP-JR78RLP","TargetInfo":"DESKTOP-JR78RLP","ProcessId":"0x4","ProcessName":"","IpAddress":"172.16.144.128","IpPort":"445"}}}
{"Event_attributes":{"xmlns":"http://schemas.microsoft.com/win/2004/08/events/event"},"Event":{"System":{"Provider_attributes":{"Name":"Microsoft-Windows-Security-Auditing","Guid":"54849625-5478-4994-A5BA-3E3B0328C30D"},"EventID":4648,"Version":0,"Level":0,"Task":12544,"Opcode":0,"Keywords":"0x8020000000000000","TimeCreated_attributes":{"SystemTime":"2019-04-30T19:31:57.107511Z"},"EventRecordID":43078,"Correlation_attributes":{"ActivityID":"F4BF8B01-FEA7-0000-E78B-BFF4A7FED401"},"Execution_attributes":{"ProcessID":648,"ThreadID":3388},"Channel":"Security","Computer":"DESKTOP-JR78RLP","Security":null},"EventData":{"SubjectUserSid":"S-1-5-21-979008924-657238111-836329461-1002","SubjectUserName":"jwrig","SubjectDomainName":"DESKTOP-JR78RLP","SubjectLogonId":"0x3069d","LogonGuid":"00000000-0000-0000-0000-000000000000","TargetUserName":"sanson","TargetDomainName":"DOMAIN","TargetLogonGuid":"00000000-0000-0000-0000-000000000000","TargetServerName":"DESKTOP-JR78RLP","TargetInfo":"DESKTOP-JR78RLP","ProcessId":"0x4","ProcessName":"","IpAddress":"172.16.144.128","IpPort":"445"}}}
{"Event_attributes":{"xmlns":"http://schemas.microsoft.com/win/2004/08/events/event"},"Event":{"System":{"Provider_attributes":{"Name":"Microsoft-Windows-Security-Auditing","Guid":"54849625-5478-4994-A5BA-3E3B0328C30D"},"EventID":4648,"Version":0,"Level":0,"Task":12544,"Opcode":0,"Keywords":"0x8020000000000000","TimeCreated_attributes":{"SystemTime":"2019-04-30T19:31:58.193067Z"},"EventRecordID":43079,"Correlation_attributes":{"ActivityID":"F4BF8B01-FEA7-0000-E78B-BFF4A7FED401"},"Execution_attributes":{"ProcessID":648,"ThreadID":3388},"Channel":"Security","Computer":"DESKTOP-JR78RLP","Security":null},"EventData":{"SubjectUserSid":"S-1-5-21-979008924-657238111-836329461-1002","SubjectUserName":"jwrig","SubjectDomainName":"DESKTOP-JR78RLP","SubjectLogonId":"0x3069d","LogonGuid":"00000000-0000-0000-0000-000000000000","TargetUserName":"sarmstrong","TargetDomainName":"DOMAIN","TargetLogonGuid":"00000000-0000-0000-0000-000000000000","TargetServerName":"DESKTOP-JR78RLP","TargetInfo":"DESKTOP-JR78RLP","ProcessId":"0x4","ProcessName":"","IpAddress":"172.16.144.128","IpPort":"445"}}}
{"Event_attributes":{"xmlns":"http://schemas.microsoft.com/win/2004/08/events/event"},"Event":{"System":{"Provider_attributes":{"Name":"Microsoft-Windows-Security-Auditing","Guid":"54849625-5478-4994-A5BA-3E3B0328C30D"},"EventID":4648,"Version":0,"Level":0,"Task":12544,"Opcode":0,"Keywords":"0x8020000000000000","TimeCreated_attributes":{"SystemTime":"2019-04-30T19:31:59.253717Z"},"EventRecordID":43080,"Correlation_attributes":{"ActivityID":"F4BF8B01-FEA7-0000-E78B-BFF4A7FED401"},"Execution_attributes":{"ProcessID":648,"ThreadID":3388},"Channel":"Security","Computer":"DESKTOP-JR78RLP","Security":null},"EventData":{"SubjectUserSid":"S-1-5-21-979008924-657238111-836329461-1002","SubjectUserName":"jwrig","SubjectDomainName":"DESKTOP-JR78RLP","SubjectLogonId":"0x3069d","LogonGuid":"00000000-0000-0000-0000-000000000000","TargetUserName":"wstrzelec","TargetDomainName":"DOMAIN","TargetLogonGuid":"00000000-0000-0000-0000-000000000000","TargetServerName":"DESKTOP-JR78RLP","TargetInfo":"DESKTOP-JR78RLP","ProcessId":"0x4","ProcessName":"","IpAddress":"172.16.144.128","IpPort":"445"}}}
{"Event_attributes":{"xmlns":"http://schemas.microsoft.com/win/2004/08/events/event"},"Event":{"System":{"Provider_attributes":{"Name":"Microsoft-Windows-Security-Auditing","Guid":"54849625-5478-4994-A5BA-3E3B0328C30D"},"EventID":4648,"Version":0,"Level":0,"Task":12544,"Opcode":0,"Keywords":"0x8020000000000000","TimeCreated_attributes":{"SystemTime":"2019-04-30T19:32:00.320200Z"},"EventRecordID":43081,"Correlation_attributes":{"ActivityID":"F4BF8B01-FEA7-0000-E78B-BFF4A7FED401"},"Execution_attributes":{"ProcessID":648,"ThreadID":2968},"Channel":"Security","Computer":"DESKTOP-JR78RLP","Security":null},"EventData":{"SubjectUserSid":"S-1-5-21-979008924-657238111-836329461-1002","SubjectUserName":"jwrig","SubjectDomainName":"DESKTOP-JR78RLP","SubjectLogonId":"0x3069d","LogonGuid":"00000000-0000-0000-0000-000000000000","TargetUserName":"zmathis","TargetDomainName":"DOMAIN","TargetLogonGuid":"00000000-0000-0000-0000-000000000000","TargetServerName":"DESKTOP-JR78RLP","TargetInfo":"DESKTOP-JR78RLP","ProcessId":"0x4","ProcessName":"","IpAddress":"172.16.144.128","IpPort":"445"}}}
{"Event_attributes":{"xmlns":"http://schemas.microsoft.com/win/2004/08/events/event"},"Event":{"System":{"Provider_attributes":{"Name":"Microsoft-Windows-Security-Auditing","Guid":"54849625-5478-4994-A5BA-3E3B0328C30D"},"EventID":4648,"Version":0,"Level":0,"Task":12544,"Opcode":0,"Keywords":"0x8020000000000000","TimeCreated_attributes":{"SystemTime":"2019-04-30T19:32:01.393953Z"},"EventRecordID":43082,"Correlation_attributes":{"ActivityID":"F4BF8B01-FEA7-0000-E78B-BFF4A7FED401"},"Execution_attributes":{"ProcessID":648,"ThreadID":3388},"Channel":"Security","Computer":"DESKTOP-JR78RLP","Security":null},"EventData":{"SubjectUserSid":"S-1-5-21-979008924-657238111-836329461-1002","SubjectUserName":"jwrig","SubjectDomainName":"DESKTOP-JR78RLP","SubjectLogonId":"0x3069d","LogonGuid":"00000000-0000-0000-0000-000000000000","TargetUserName":"melliott","TargetDomainName":"DOMAIN","TargetLogonGuid":"00000000-0000-0000-0000-000000000000","TargetServerName":"DESKTOP-JR78RLP","TargetInfo":"DESKTOP-JR78RLP","ProcessId":"0x4","ProcessName":"","IpAddress":"172.16.144.128","IpPort":"445"}}}
{"Event_attributes":{"xmlns":"http://schemas.microsoft.com/win/2004/08/events/event"},"Event":{"System":{"Provider_attributes":{"Name":"Microsoft-Windows-Security-Auditing","Guid":"54849625-5478-4994-A5BA-3E3B0328C30D"},"EventID":4648,"Version":0,"Level":0,"Task":12544,"Opcode":0,"Keywords":"0x8020000000000000","TimeCreated_attributes":{"SystemTime":"2019-04-30T19:32:02.451721Z"},"EventRecordID":43083,"Correlation_attributes":{"ActivityID":"F4BF8B01-FEA7-0000-E78B-BFF4A7FED401"},"Execution_attributes":{"ProcessID":648,"ThreadID":3388},"Channel":"Security","Computer":"DESKTOP-JR78RLP","Security":null},"EventData":{"SubjectUserSid":"S-1-5-21-979008924-657238111-836329461-1002","SubjectUserName":"jwrig","SubjectDomainName":"DESKTOP-JR78RLP","SubjectLogonId":"0x3069d","LogonGuid":"00000000-0000-0000-0000-000000000000","TargetUserName":"kperryman","TargetDomainName":"DOMAIN","TargetLogonGuid":"00000000-0000-0000-0000-000000000000","TargetServerName":"DESKTOP-JR78RLP","TargetInfo":"DESKTOP-JR78RLP","ProcessId":"0x4","ProcessName":"","IpAddress":"172.16.144.128","IpPort":"445"}}}
{"Event_attributes":{"xmlns":"http://schemas.microsoft.com/win/2004/08/events/event"},"Event":{"System":{"Provider_attributes":{"Name":"Microsoft-Windows-Security-Auditing","Guid":"54849625-5478-4994-A5BA-3E3B0328C30D"},"EventID":4648,"Version":0,"Level":0,"Task":12544,"Opcode":0,"Keywords":"0x8020000000000000","TimeCreated_attributes":{"SystemTime":"2019-04-30T19:32:03.525942Z"},"EventRecordID":43084,"Correlation_attributes":{"ActivityID":"F4BF8B01-FEA7-0000-E78B-BFF4A7FED401"},"Execution_attributes":{"ProcessID":648,"ThreadID":2968},"Channel":"Security","Computer":"DESKTOP-JR78RLP","Security":null},"EventData":{"SubjectUserSid":"S-1-5-21-979008924-657238111-836329461-1002","SubjectUserName":"jwrig","SubjectDomainName":"DESKTOP-JR78RLP","SubjectLogonId":"0x3069d","LogonGuid":"00000000-0000-0000-0000-000000000000","TargetUserName":"jorchilles","TargetDomainName":"DOMAIN","TargetLogonGuid":"00000000-0000-0000-0000-000000000000","TargetServerName":"DESKTOP-JR78RLP","TargetInfo":"DESKTOP-JR78RLP","ProcessId":"0x4","ProcessName":"","IpAddress":"172.16.144.128","IpPort":"445"}}}
{"Event_attributes":{"xmlns":"http://schemas.microsoft.com/win/2004/08/events/event"},"Event":{"System":{"Provider_attributes":{"Name":"Microsoft-Windows-Security-Auditing","Guid":"54849625-5478-4994-A5BA-3E3B0328C30D"},"EventID":4648,"Version":0,"Level":0,"Task":12544,"Opcode":0,"Keywords":"0x8020000000000000","TimeCreated_attributes":{"SystemTime":"2019-04-30T19:32:04.597454Z"},"EventRecordID":43085,"Correlation_attributes":{"ActivityID":"F4BF8B01-FEA7-0000-E78B-BFF4A7FED401"},"Execution_attributes":{"ProcessID":648,"ThreadID":3388},"Channel":"Security","Computer":"DESKTOP-JR78RLP","Security":null},"EventData":{"SubjectUserSid":"S-1-5-21-979008924-657238111-836329461-1002","SubjectUserName":"jwrig","SubjectDomainName":"DESKTOP-JR78RLP","SubjectLogonId":"0x3069d","LogonGuid":"00000000-0000-0000-0000-000000000000","TargetUserName":"jlake","TargetDomainName":"DOMAIN","TargetLogonGuid":"00000000-0000-0000-0000-000000000000","TargetServerName":"DESKTOP-JR78RLP","TargetInfo":"DESKTOP-JR78RLP","ProcessId":"0x4","ProcessName":"","IpAddress":"172.16.144.128","IpPort":"445"}}}
{"Event_attributes":{"xmlns":"http://schemas.microsoft.com/win/2004/08/events/event"},"Event":{"System":{"Provider_attributes":{"Name":"Microsoft-Windows-Security-Auditing","Guid":"54849625-5478-4994-A5BA-3E3B0328C30D"},"EventID":4648,"Version":0,"Level":0,"Task":12544,"Opcode":0,"Keywords":"0x8020000000000000","TimeCreated_attributes":{"SystemTime":"2019-04-30T19:32:05.675148Z"},"EventRecordID":43086,"Correlation_attributes":{"ActivityID":"F4BF8B01-FEA7-0000-E78B-BFF4A7FED401"},"Execution_attributes":{"ProcessID":648,"ThreadID":2968},"Channel":"Security","Computer":"DESKTOP-JR78RLP","Security":null},"EventData":{"SubjectUserSid":"S-1-5-21-979008924-657238111-836329461-1002","SubjectUserName":"jwrig","SubjectDomainName":"DESKTOP-JR78RLP","SubjectLogonId":"0x3069d","LogonGuid":"00000000-0000-0000-0000-000000000000","TargetUserName":"edygert","TargetDomainName":"DOMAIN","TargetLogonGuid":"00000000-0000-0000-0000-000000000000","TargetServerName":"DESKTOP-JR78RLP","TargetInfo":"DESKTOP-JR78RLP","ProcessId":"0x4","ProcessName":"","IpAddress":"172.16.144.128","IpPort":"445"}}}
{"Event_attributes":{"xmlns":"http://schemas.microsoft.com/win/2004/08/events/event"},"Event":{"System":{"Provider_attributes":{"Name":"Microsoft-Windows-Security-Auditing","Guid":"54849625-5478-4994-A5BA-3E3B0328C30D"},"EventID":4648,"Version":0,"Level":0,"Task":12544,"Opcode":0,"Keywords":"0x8020000000000000","TimeCreated_attributes":{"SystemTime":"2019-04-30T19:32:06.738613Z"},"EventRecordID":43087,"Correlation_attributes":{"ActivityID":"F4BF8B01-FEA7-0000-E78B-BFF4A7FED401"},"Execution_attributes":{"ProcessID":648,"ThreadID":3388},"Channel":"Security","Computer":"DESKTOP-JR78RLP","Security":null},"EventData":{"SubjectUserSid":"S-1-5-21-979008924-657238111-836329461-1002","SubjectUserName":"jwrig","SubjectDomainName":"DESKTOP-JR78RLP","SubjectLogonId":"0x3069d","LogonGuid":"00000000-0000-0000-0000-000000000000","TargetUserName":"drook","TargetDomainName":"DOMAIN","TargetLogonGuid":"00000000-0000-0000-0000-000000000000","TargetServerName":"DESKTOP-JR78RLP","TargetInfo":"DESKTOP-JR78RLP","ProcessId":"0x4","ProcessName":"","IpAddress":"172.16.144.128","IpPort":"445"}}}
{"Event_attributes":{"xmlns":"http://schemas.microsoft.com/win/2004/08/events/event"},"Event":{"System":{"Provider_attributes":{"Name":"Microsoft-Windows-Security-Auditing","Guid":"54849625-5478-4994-A5BA-3E3B0328C30D"},"EventID":4648,"Version":0,"Level":0,"Task":12544,"Opcode":0,"Keywords":"0x8020000000000000","TimeCreated_attributes":{"SystemTime":"2019-04-30T19:32:07.835250Z"},"EventRecordID":43088,"Correlation_attributes":{"ActivityID":"F4BF8B01-FEA7-0000-E78B-BFF4A7FED401"},"Execution_attributes":{"ProcessID":648,"ThreadID":2968},"Channel":"Security","Computer":"DESKTOP-JR78RLP","Security":null},"EventData":{"SubjectUserSid":"S-1-5-21-979008924-657238111-836329461-1002","SubjectUserName":"jwrig","SubjectDomainName":"DESKTOP-JR78RLP","SubjectLogonId":"0x3069d","LogonGuid":"00000000-0000-0000-0000-000000000000","TargetUserName":"dmashburn","TargetDomainName":"DOMAIN","TargetLogonGuid":"00000000-0000-0000-0000-000000000000","TargetServerName":"DESKTOP-JR78RLP","TargetInfo":"DESKTOP-JR78RLP","ProcessId":"0x4","ProcessName":"","IpAddress":"172.16.144.128","IpPort":"445"}}}
{"Event_attributes":{"xmlns":"http://schemas.microsoft.com/win/2004/08/events/event"},"Event":{"System":{"Provider_attributes":{"Name":"Microsoft-Windows-Security-Auditing","Guid":"54849625-5478-4994-A5BA-3E3B0328C30D"},"EventID":4648,"Version":0,"Level":0,"Task":12544,"Opcode":0,"Keywords":"0x8020000000000000","TimeCreated_attributes":{"SystemTime":"2019-04-30T19:32:08.911166Z"},"EventRecordID":43089,"Correlation_attributes":{"ActivityID":"F4BF8B01-FEA7-0000-E78B-BFF4A7FED401"},"Execution_attributes":{"ProcessID":648,"ThreadID":3388},"Channel":"Security","Computer":"DESKTOP-JR78RLP","Security":null},"EventData":{"SubjectUserSid":"S-1-5-21-979008924-657238111-836329461-1002","SubjectUserName":"jwrig","SubjectDomainName":"DESKTOP-JR78RLP","SubjectLogonId":"0x3069d","LogonGuid":"00000000-0000-0000-0000-000000000000","TargetUserName":"cspizor","TargetDomainName":"DOMAIN","TargetLogonGuid":"00000000-0000-0000-0000-000000000000","TargetServerName":"DESKTOP-JR78RLP","TargetInfo":"DESKTOP-JR78RLP","ProcessId":"0x4","ProcessName":"","IpAddress":"172.16.144.128","IpPort":"445"}}}
{"Event_attributes":{"xmlns":"http://schemas.microsoft.com/win/2004/08/events/event"},"Event":{"System":{"Provider_attributes":{"Name":"Microsoft-Windows-Security-Auditing","Guid":"54849625-5478-4994-A5BA-3E3B0328C30D"},"EventID":4648,"Version":0,"Level":0,"Task":12544,"Opcode":0,"Keywords":"0x8020000000000000","TimeCreated_attributes":{"SystemTime":"2019-04-30T19:32:09.973837Z"},"EventRecordID":43090,"Correlation_attributes":{"ActivityID":"F4BF8B01-FEA7-0000-E78B-BFF4A7FED401"},"Execution_attributes":{"ProcessID":648,"ThreadID":3388},"Channel":"Security","Computer":"DESKTOP-JR78RLP","Security":null},"EventData":{"SubjectUserSid":"S-1-5-21-979008924-657238111-836329461-1002","SubjectUserName":"jwrig","SubjectDomainName":"DESKTOP-JR78RLP","SubjectLogonId":"0x3069d","LogonGuid":"00000000-0000-0000-0000-000000000000","TargetUserName":"cragoso","TargetDomainName":"DOMAIN","TargetLogonGuid":"00000000-0000-0000-0000-000000000000","TargetServerName":"DESKTOP-JR78RLP","TargetInfo":"DESKTOP-JR78RLP","ProcessId":"0x4","ProcessName":"","IpAddress":"172.16.144.128","IpPort":"445"}}}
{"Event_attributes":{"xmlns":"http://schemas.microsoft.com/win/2004/08/events/event"},"Event":{"System":{"Provider_attributes":{"Name":"Microsoft-Windows-Security-Auditing","Guid":"54849625-5478-4994-A5BA-3E3B0328C30D"},"EventID":4648,"Version":0,"Level":0,"Task":12544,"Opcode":0,"Keywords":"0x8020000000000000","TimeCreated_attributes":{"SystemTime":"2019-04-30T19:32:11.051249Z"},"EventRecordID":43091,"Correlation_attributes":{"ActivityID":"F4BF8B01-FEA7-0000-E78B-BFF4A7FED401"},"Execution_attributes":{"ProcessID":648,"ThreadID":3388},"Channel":"Security","Computer":"DESKTOP-JR78RLP","Security":null},"EventData":{"SubjectUserSid":"S-1-5-21-979008924-657238111-836329461-1002","SubjectUserName":"jwrig","SubjectDomainName":"DESKTOP-JR78RLP","SubjectLogonId":"0x3069d","LogonGuid":"00000000-0000-0000-0000-000000000000","TargetUserName":"bgalbraith","TargetDomainName":"DOMAIN","TargetLogonGuid":"00000000-0000-0000-0000-000000000000","TargetServerName":"DESKTOP-JR78RLP","TargetInfo":"DESKTOP-JR78RLP","ProcessId":"0x4","ProcessName":"","IpAddress":"172.16.144.128","IpPort":"445"}}}
{"Event_attributes":{"xmlns":"http://schemas.microsoft.com/win/2004/08/events/event"},"Event":{"System":{"Provider_attributes":{"Name":"Microsoft-Windows-Security-Auditing","Guid":"54849625-5478-4994-A5BA-3E3B0328C30D"},"EventID":4648,"Version":0,"Level":0,"Task":12544,"Opcode":0,"Keywords":"0x8020000000000000","TimeCreated_attributes":{"SystemTime":"2019-04-30T19:32:12.146073Z"},"EventRecordID":43092,"Correlation_attributes":{"ActivityID":"F4BF8B01-FEA7-0000-E78B-BFF4A7FED401"},"Execution_attributes":{"ProcessID":648,"ThreadID":3388},"Channel":"Security","Computer":"DESKTOP-JR78RLP","Security":null},"EventData":{"SubjectUserSid":"S-1-5-21-979008924-657238111-836329461-1002","SubjectUserName":"jwrig","SubjectDomainName":"DESKTOP-JR78RLP","SubjectLogonId":"0x3069d","LogonGuid":"00000000-0000-0000-0000-000000000000","TargetUserName":"bking","TargetDomainName":"DOMAIN","TargetLogonGuid":"00000000-0000-0000-0000-000000000000","TargetServerName":"DESKTOP-JR78RLP","TargetInfo":"DESKTOP-JR78RLP","ProcessId":"0x4","ProcessName":"","IpAddress":"172.16.144.128","IpPort":"445"}}}
{"Event_attributes":{"xmlns":"http://schemas.microsoft.com/win/2004/08/events/event"},"Event":{"System":{"Provider_attributes":{"Name":"Microsoft-Windows-Security-Auditing","Guid":"54849625-5478-4994-A5BA-3E3B0328C30D"},"EventID":4648,"Version":0,"Level":0,"Task":12544,"Opcode":0,"Keywords":"0x8020000000000000","TimeCreated_attributes":{"SystemTime":"2019-04-30T19:32:13.221811Z"},"EventRecordID":43093,"Correlation_attributes":{"ActivityID":"F4BF8B01-FEA7-0000-E78B-BFF4A7FED401"},"Execution_attributes":{"ProcessID":648,"ThreadID":2968},"Channel":"Security","Computer":"DESKTOP-JR78RLP","Security":null},"EventData":{"SubjectUserSid":"S-1-5-21-979008924-657238111-836329461-1002","SubjectUserName":"jwrig","SubjectDomainName":"DESKTOP-JR78RLP","SubjectLogonId":"0x3069d","LogonGuid":"00000000-0000-0000-0000-000000000000","TargetUserName":"mdouglas","TargetDomainName":"DOMAIN","TargetLogonGuid":"00000000-0000-0000-0000-000000000000","TargetServerName":"DESKTOP-JR78RLP","TargetInfo":"DESKTOP-JR78RLP","ProcessId":"0x4","ProcessName":"","IpAddress":"172.16.144.128","IpPort":"445"}}}
{"Event_attributes":{"xmlns":"http://schemas.microsoft.com/win/2004/08/events/event"},"Event":{"System":{"Provider_attributes":{"Name":"Microsoft-Windows-Security-Auditing","Guid":"54849625-5478-4994-A5BA-3E3B0328C30D"},"EventID":4648,"Version":0,"Level":0,"Task":12544,"Opcode":0,"Keywords":"0x8020000000000000","TimeCreated_attributes":{"SystemTime":"2019-04-30T19:32:14.281391Z"},"EventRecordID":43094,"Correlation_attributes":{"ActivityID":"F4BF8B01-FEA7-0000-E78B-BFF4A7FED401"},"Execution_attributes":{"ProcessID":648,"ThreadID":3388},"Channel":"Security","Computer":"DESKTOP-JR78RLP","Security":null},"EventData":{"SubjectUserSid":"S-1-5-21-979008924-657238111-836329461-1002","SubjectUserName":"jwrig","SubjectDomainName":"DESKTOP-JR78RLP","SubjectLogonId":"0x3069d","LogonGuid":"00000000-0000-0000-0000-000000000000","TargetUserName":"bgreenwood","TargetDomainName":"DOMAIN","TargetLogonGuid":"00000000-0000-0000-0000-000000000000","TargetServerName":"DESKTOP-JR78RLP","TargetInfo":"DESKTOP-JR78RLP","ProcessId":"0x4","ProcessName":"","IpAddress":"172.16.144.128","IpPort":"445"}}}
{"Event_attributes":{"xmlns":"http://schemas.microsoft.com/win/2004/08/events/event"},"Event":{"System":{"Provider_attributes":{"Name":"Microsoft-Windows-Security-Auditing","Guid":"54849625-5478-4994-A5BA-3E3B0328C30D"},"EventID":4648,"Version":0,"Level":0,"Task":12544,"Opcode":0,"Keywords":"0x8020000000000000","TimeCreated_attributes":{"SystemTime":"2019-04-30T19:32:15.352969Z"},"EventRecordID":43095,"Correlation_attributes":{"ActivityID":"F4BF8B01-FEA7-0000-E78B-BFF4A7FED401"},"Execution_attributes":{"ProcessID":648,"ThreadID":3388},"Channel":"Security","Computer":"DESKTOP-JR78RLP","Security":null},"EventData":{"SubjectUserSid":"S-1-5-21-979008924-657238111-836329461-1002","SubjectUserName":"jwrig","SubjectDomainName":"DESKTOP-JR78RLP","SubjectLogonId":"0x3069d","LogonGuid":"00000000-0000-0000-0000-000000000000","TargetUserName":"baker","TargetDomainName":"DOMAIN","TargetLogonGuid":"00000000-0000-0000-0000-000000000000","TargetServerName":"DESKTOP-JR78RLP","TargetInfo":"DESKTOP-JR78RLP","ProcessId":"0x4","ProcessName":"","IpAddress":"172.16.144.128","IpPort":"445"}}}
{"Event_attributes":{"xmlns":"http://schemas.microsoft.com/win/2004/08/events/event"},"Event":{"System":{"Provider_attributes":{"Name":"Microsoft-Windows-Security-Auditing","Guid":"54849625-5478-4994-A5BA-3E3B0328C30D"},"EventID":4648,"Version":0,"Level":0,"Task":12544,"Opcode":0,"Keywords":"0x8020000000000000","TimeCreated_attributes":{"SystemTime":"2019-04-30T19:32:16.402813Z"},"EventRecordID":43096,"Correlation_attributes":{"ActivityID":"F4BF8B01-FEA7-0000-E78B-BFF4A7FED401"},"Execution_attributes":{"ProcessID":648,"ThreadID":3388},"Channel":"Security","Computer":"DESKTOP-JR78RLP","Security":null},"EventData":{"SubjectUserSid":"S-1-5-21-979008924-657238111-836329461-1002","SubjectUserName":"jwrig","SubjectDomainName":"DESKTOP-JR78RLP","SubjectLogonId":"0x3069d","LogonGuid":"00000000-0000-0000-0000-000000000000","TargetUserName":"ssims","TargetDomainName":"DOMAIN","TargetLogonGuid":"00000000-0000-0000-0000-000000000000","TargetServerName":"DESKTOP-JR78RLP","TargetInfo":"DESKTOP-JR78RLP","ProcessId":"0x4","ProcessName":"","IpAddress":"172.16.144.128","IpPort":"445"}}}
{"Event_attributes":{"xmlns":"http://schemas.microsoft.com/win/2004/08/events/event"},"Event":{"System":{"Provider_attributes":{"Name":"Microsoft-Windows-Security-Auditing","Guid":"54849625-5478-4994-A5BA-3E3B0328C30D"},"EventID":4648,"Version":0,"Level":0,"Task":12544,"Opcode":0,"Keywords":"0x8020000000000000","TimeCreated_attributes":{"SystemTime":"2019-04-30T19:32:17.474995Z"},"EventRecordID":43097,"Correlation_attributes":{"ActivityID":"F4BF8B01-FEA7-0000-E78B-BFF4A7FED401"},"Execution_attributes":{"ProcessID":648,"ThreadID":3388},"Channel":"Security","Computer":"DESKTOP-JR78RLP","Security":null},"EventData":{"SubjectUserSid":"S-1-5-21-979008924-657238111-836329461-1002","SubjectUserName":"jwrig","SubjectDomainName":"DESKTOP-JR78RLP","SubjectLogonId":"0x3069d","LogonGuid":"00000000-0000-0000-0000-000000000000","TargetUserName":"smisenar","TargetDomainName":"DOMAIN","TargetLogonGuid":"00000000-0000-0000-0000-000000000000","TargetServerName":"DESKTOP-JR78RLP","TargetInfo":"DESKTOP-JR78RLP","ProcessId":"0x4","ProcessName":"","IpAddress":"172.16.144.128","IpPort":"445"}}}
