{"Event_attributes":{"xmlns":"http://schemas.microsoft.com/win/2004/08/events/event"},"Event":{"System":{"Provider_attributes":{"Name":"Microsoft-Windows-PowerShell","Guid":"A0C1853B-5C40-4B15-8766-3CF1C58F985A"},"EventID":4104,"Version":1,"Level":5,"Task":2,"Opcode":15,"Keywords":"0x0","TimeCreated_attributes":{"SystemTime":"2017-08-30T18:15:38.711675Z"},"EventRecordID":576760,"Correlation_attributes":{"ActivityID":"CF705CDF-21A7-0001-E159-71CFA721D301"},"Execution_attributes":{"ProcessID":5092,"ThreadID":4352},"Channel":"Microsoft-Windows-PowerShell/Operational","Computer":"SEC511","Security_attributes":{"UserID":"S-1-5-21-1552841522-3835366585-4197357653-1001"}},"EventData":{"MessageNumber":1,"MessageTotal":1,"ScriptBlockText":"{ Set-StrictMode -Version 1; $_.PSMessageDetails }","ScriptBlockId":"561bf3a6-ae28-4a31-841a-242d13bf68eb","Path":""}}}
{"Event_attributes":{"xmlns":"http://schemas.microsoft.com/win/2004/08/events/event"},"Event":{"System":{"Provider_attributes":{"Name":"Microsoft-Windows-PowerShell","Guid":"A0C1853B-5C40-4B15-8766-3CF1C58F985A"},"EventID":4104,"Version":1,"Level":5,"Task":2,"Opcode":15,"Keywords":"0x0","TimeCreated_attributes":{"SystemTime":"2017-08-30T18:15:38.715318Z"},"EventRecordID":576763,"Correlation_attributes":{"ActivityID":"CF705CDF-21A7-0000-4D55-71CFA721D301"},"Execution_attributes":{"ProcessID":5092,"ThreadID":4352},"Channel":"Microsoft-Windows-PowerShell/Operational","Computer":"SEC511","Security_attributes":{"UserID":"S-1-5-21-1552841522-3835366585-4197357653-1001"}},"EventData":{"MessageNumber":1,"MessageTotal":1,"ScriptBlockText":"{ Set-StrictMode -Version 1; $_.ErrorCategory_Message }","ScriptBlockId":"06ad134f-f43b-4c54-94f7-3221d051fc71","Path":""}}}
{"Event_attributes":{"xmlns":"http://schemas.microsoft.com/win/2004/08/events/event"},"Event":{"System":{"Provider_attributes":{"Name":"Microsoft-Windows-PowerShell","Guid":"A0C1853B-5C40-4B15-8766-3CF1C58F985A"},"EventID":4104,"Version":1,"Level":5,"Task":2,"Opcode":15,"Keywords":"0x0","TimeCreated_attributes":{"SystemTime":"2017-08-30T18:15:38.716410Z"},"EventRecordID":576765,"Correlation_attributes":{"ActivityID":"CF705CDF-21A7-0001-E559-71CFA721D301"},"Execution_attributes":{"ProcessID":5092,"ThreadID":4352},"Channel":"Microsoft-Windows-PowerShell/Operational","Computer":"SEC511","Security_attributes":{"UserID":"S-1-5-21-1552841522-3835366585-4197357653-1001"}},"EventData":{"MessageNumber":1,"MessageTotal":1,"ScriptBlockText":"{ Set-StrictMode -Version 1; $_.OriginInfo }","ScriptBlockId":"c0672ecf-eed7-4c83-b7e3-8fd6ca25ac18","Path":""}}}
{"Event_attributes":{"xmlns":"http://schemas.microsoft.com/win/2004/08/events/event"},"Event":{"System":{"Provider_attributes":{"Name":"Microsoft-Windows-PowerShell","Guid":"A0C1853B-5C40-4B15-8766-3CF1C58F985A"},"EventID":4104,"Version":1,"Level":5,"Task":2,"Opcode":15,"Keywords":"0x0","TimeCreated_attributes":{"SystemTime":"2017-08-30T18:15:38.776408Z"},"EventRecordID":576769,"Correlation_attributes":{"ActivityID":"CF705CDF-21A7-0001-E859-71CFA721D301"},"Execution_attributes":{"ProcessID":5092,"ThreadID":4352},"Channel":"Microsoft-Windows-PowerShell/Operational","Computer":"SEC511","Security_attributes":{"UserID":"S-1-5-21-1552841522-3835366585-4197357653-1001"}},"EventData":{"MessageNumber":1,"MessageTotal":1,"ScriptBlockText":"prompt","ScriptBlockId":"700daf31-3edf-43fb-98a1-9407c658639e","Path":""}}}
{"Event_attributes":{"xmlns":"http://schemas.microsoft.com/win/2004/08/events/event"},"Event":{"System":{"Provider_attributes":{"Name":"Microsoft-Windows-PowerShell","Guid":"A0C1853B-5C40-4B15-8766-3CF1C58F985A"},"EventID":4104,"Version":1,"Level":5,"Task":2,"Opcode":15,"Keywords":"0x0","TimeCreated_attributes":{"SystemTime":"2017-08-30T18:15:55.198497Z"},"EventRecordID":576777,"Correlation_attributes":{"ActivityID":"CF705CDF-21A7-0000-7255-71CFA721D301"},"Execution_attributes":{"ProcessID":5092,"ThreadID":4352},"Channel":"Microsoft-Windows-PowerShell/Operational","Computer":"SEC511","Security_attributes":{"UserID":"S-1-5-21-1552841522-3835366585-4197357653-1001"}},"EventData":{"MessageNumber":1,"MessageTotal":1,"ScriptBlockText":"Import-Module .\\Invoke-Obfuscation.psd1","ScriptBlockId":"0df09976-e537-46d3-b1b7-3d7db33a8d5e","Path":""}}}
{"Event_attributes":{"xmlns":"http://schemas.microsoft.com/win/2004/08/events/event"},"Event":{"System":{"Provider_attributes":{"Name":"Microsoft-Windows-PowerShell","Guid":"A0C1853B-5C40-4B15-8766-3CF1C58F985A"},"EventID":4104,"Version":1,"Level":5,"Task":2,"Opcode":15,"Keywords":"0x0","TimeCreated_attributes":{"SystemTime":"2017-08-30T18:15:55.202286Z"},"EventRecordID":576778,"Correlation_attributes":{"ActivityID":"CF705CDF-21A7-0000-7355-71CFA721D301"},"Execution_attributes":{"ProcessID":5092,"ThreadID":4352},"Channel":"Microsoft-Windows-PowerShell/Operational","Computer":"SEC511","Security_attributes":{"UserID":"S-1-5-21-1552841522-3835366585-4197357653-1001"}},"EventData":{"MessageNumber":1,"MessageTotal":1,"ScriptBlockText":"#   This file is part of Invoke-Obfuscation.\r\n#\r\n#   Copyright 2017 Daniel Bohannon <@danielhbohannon>\r\n#         while at Mandiant <http://www.mandiant.com>\r\n#\r\n#   Licensed under the Apache License, Version 2.0 (the \"License\");\r\n#   you may not use this file except in compliance with the License.\r\n#   You may obtain a copy of the License at\r\n#\r\n#       http://www.apache.org/licenses/LICENSE-2.0\r\n#\r\n#   Unless required by applicable law or agreed to in writing, software\r\n#   distributed under the License is distributed on an \"AS IS\" BASIS,\r\n#   WITHOUT WARRANTIES OR CONDITIONS OF ANY KIND, either express or implied.\r\n#   See the License for the specific language governing permissions and\r\n#   limitations under the License.\r\n\r\n\r\n\r\n#\r\n# Module manifest for module 'Invoke-Obfuscation'\r\n#\r\n# Generated by: Daniel Bohannon (@danielhbohannon)\r\n#\r\n# Generated on: 2017-01-19\r\n#\r\n\r\n\r\n\r\n@{\r\n\r\n# Version number of this module.\r\nModuleVersion = '1.1'\r\n\r\n# ID used to uniquely identify this module\r\nGUID = 'd0a9150d-b6a4-4b17-a325-e3a24fed0aa9'\r\n\r\n# Author of this module\r\nAuthor = 'Daniel Bohannon (@danielhbohannon)'\r\n\r\n# Copyright statement for this module\r\nCopyright = 'Apache License, Version 2.0'\r\n\r\n# Description of the functionality provided by this module\r\nDescription = 'PowerShell module file for importing all required modules for the Invoke-Obfuscation framework.'\r\n\r\n# Minimum version of the Windows PowerShell engine required by this module\r\nPowerShellVersion = '2.0'\r\n\r\n# Minimum version of the Windows PowerShell host required by this module\r\nPowerShellHostVersion = '2.0'\r\n\r\n# Script files (.ps1) that are run in the caller's environment prior to importing this module\r\nScriptsToProcess = @('Out-ObfuscatedTokenCommand.ps1','Out-ObfuscatedStringCommand.ps1','Out-EncodedAsciiCommand.ps1','Out-EncodedHexCommand.ps1','Out-EncodedOctalCommand.ps1','Out-EncodedBinaryCommand.ps1','Out-SecureStringCommand.ps1','Out-EncodedBXORCommand.ps1','Out-EncodedSpecialCharOnlyCommand.ps1','Out-EncodedWhitespaceCommand.ps1','Out-PowerShellLauncher.ps1','Invoke-Obfuscation.ps1')\r\n\r\n# Functions to export from this module\r\nFunctionsToExport = '*'\r\n\r\n# HelpInfo URI of this module\r\n# HelpInfoURI = ''\r\n\r\n}","ScriptBlockId":"1bd93326-99ce-4c87-80a5-53dc69cb6079","Path":"C:\\Users\\student\\Desktop\\Invoke-Obfuscation-master\\Invoke-Obfuscation.psd1"}}}
{"Event_attributes":{"xmlns":"http://schemas.microsoft.com/win/2004/08/events/event"},"Event":{"System":{"Provider_attributes":{"Name":"Microsoft-Windows-PowerShell","Guid":"A0C1853B-5C40-4B15-8766-3CF1C58F985A"},"EventID":4104,"Version":1,"Level":3,"Task":2,"Opcode":15,"Keywords":"0x0","TimeCreated_attributes":{"SystemTime":"2017-08-30T18:15:55.243516Z"},"EventRecordID":576779,"Correlation_attributes":{"ActivityID":"CF705CDF-21A7-0000-7355-71CFA721D301"},"Execution_attributes":{"ProcessID":5092,"ThreadID":4352},"Channel":"Microsoft-Windows-PowerShell/Operational","Computer":"SEC511","Security_attributes":{"UserID":"S-1-5-21-1552841522-3835366585-4197357653-1001"}},"EventData":{"MessageNumber":1,"MessageTotal":6,"ScriptBlockText":"#   This file is part of Invoke-Obfuscation.\r\n#\r\n#   Copyright 2017 Daniel Bohannon <@danielhbohannon>\r\n#         while at Mandiant <http://www.mandiant.com>\r\n#\r\n#   Licensed under the Apache License, Version 2.0 (the \"License\");\r\n#   you may not use this file except in compliance with the License.\r\n#   You may obtain a copy of the License at\r\n#\r\n#       http://www.apache.org/licenses/LICENSE-2.0\r\n#\r\n#   Unless required by applicable law or agreed to in writing, software\r\n#   distributed under the License is distributed on an \"AS IS\" BASIS,\r\n#   WITHOUT WARRANTIES OR CONDITIONS OF ANY KIND, either express or implied.\r\n#   See the License for the specific language governing permissions and\r\n#   limitations under the License.\r\n\r\n\r\n\r\nFunction Out-ObfuscatedTokenCommand\r\n{\r\n<#\r\n.SYNOPSIS\r\n\r\nMaster function that orchestrates the tokenization and application of all token-based obfuscation functions to provided PowerShell script.\r\n\r\nInvoke-Obfuscation Function: Out-ObfuscatedTokenCommand\r\nAuthor: Daniel Bohannon (@danielhbohannon)\r\nLicense: Apache License, Version 2.0\r\nRequired Dependencies: None\r\nOptional Dependencies: None\r\n \r\n.DESCRIPTION\r\n\r\nOut-ObfuscatedTokenCommand orchestrates the tokenization and application of all token-based obfuscation functions to provided PowerShell script and places obfuscated tokens back into the provided PowerShell script to evade detection by simple IOCs and process execution monitoring relying solely on command-line arguments. If no $TokenTypeToObfuscate is defined then Out-ObfuscatedTokenCommand will automatically perform ALL token obfuscation functions in random order at the highest obfuscation level.\r\n\r\n.PARAMETER ScriptBlock\r\n\r\nSpecifies a scriptblock containing your payload.\r\n\r\n.PARAMETER Path\r\n\r\nSpecifies the path to your payload.\r\n\r\n.PARAMETER TokenTypeToObfuscate\r\n\r\n(Optional) Specifies the token type to obfuscate ('Command', 'CommandArgument', 'Comment', 'Member', 'String', 'Type', 'Variable', 'RandomWhitespace'). If not defined then Out-ObfuscatedTokenCommand will automatically perform ALL token obfuscation functions in random order at the highest obfuscation level.\r\n\r\n.PARAMETER ObfuscationLevel\r\n\r\n(Optional) Specifies the obfuscation level for the given TokenTypeToObfuscate. If not defined then Out-ObfuscatedTokenCommand will automatically perform obfuscation function at the highest available obfuscation level. \r\nEach token has different available obfuscation levels:\r\n'Argument' 1-4\r\n'Command' 1-3\r\n'Comment' 1\r\n'Member' 1-4\r\n'String' 1-2\r\n'Type' 1-2\r\n'Variable' 1\r\n'Whitespace' 1\r\n'All' 1\r\n\r\n.EXAMPLE\r\n\r\nC:\\PS> Out-ObfuscatedTokenCommand {Write-Host 'Hello World!' -ForegroundColor Green; Write-Host 'Obfuscation Rocks!' -ForegroundColor Green}\r\n\r\n.(  \"{0}{2}{1}\" -f'Write','t','-Hos'  ) ( 'Hell' + 'o '  +'Wor'+  'ld!'  ) -ForegroundColor (  \"{1}{0}\" -f 'een','Gr') ;    .(  \"{1}{2}{0}\"-f'ost','Writ','e-H' ) (  'O' + 'bfusca'+  't' +  'ion Rocks'  + '!') -ForegroundColor (  \"{1}{0}\"-f'een','Gr' )\r\n\r\n.NOTES\r\n\r\nOut-ObfuscatedTokenCommand orchestrates the tokenization and application of all token-based obfuscation functions to provided PowerShell script and places obfuscated tokens back into the provided PowerShell script to evade detection by simple IOCs and process execution monitoring relying solely on command-line arguments. If no $TokenTypeToObfuscate is defined then Out-ObfuscatedTokenCommand will automatically perform ALL token obfuscation functions in random order at the highest obfuscation level.\r\nThis is a personal project developed by Daniel Bohannon while an employee at MANDIANT, A FireEye Company.\r\n\r\n.LINK\r\n\r\nhttp://www.danielbohannon.com\r\n#>\r\n\r\n    [CmdletBinding( DefaultParameterSetName = 'FilePath')] Param (\r\n        [Parameter(Position = 0, ValueFromPipeline = $True, ParameterSetName = 'ScriptBlock')]\r\n        [ValidateNotNullOrEmpty()]\r\n        [ScriptBlock]\r\n        $ScriptBlock,\r\n\r\n        [Parameter(Position = 0, ParameterSetName = 'FilePath')]\r\n        [ValidateNotNullOrEmpty()]\r\n        [String]\r\n        $Path,\r\n\r\n        [ValidateSet('Member', 'Command', 'CommandArgument', 'String', 'Variable', 'Type', 'RandomWhitespace', 'Comment')]\r\n        [Parameter(Position = 1)]\r\n        [ValidateNotNullOrEmpty()]\r\n        [String]\r\n        $TokenTypeToObfuscate,\r\n\r\n        [Parameter(Position = 2)]\r\n        [ValidateNotNullOrEmpty()]\r\n        [Int]\r\n        $ObfuscationLevel = 10 # Default to highest obfuscation level if $ObfuscationLevel isn't defined\r\n    )\r\n\r\n    # Either convert ScriptBlock to a String or convert script at $Path to a String.\r\n    If($PSBoundParameters['Path'])\r\n    {\r\n        Get-ChildItem $Path -ErrorAction Stop | Out-Null\r\n        $ScriptString = [IO.File]::ReadAllText((Resolve-Path $Path))\r\n    }\r\n    Else\r\n    {\r\n        $ScriptString = [String]$ScriptBlock\r\n    }\r\n    \r\n    # If $TokenTypeToObfuscate was not defined then we will automate randomly calling all available obfuscation functions in Out-ObfuscatedTokenCommand.\r\n    If($TokenTypeToObfuscate.Length -eq 0)\r\n    {\r\n        # All available obfuscation token types (minus 'String') currently supported in Out-ObfuscatedTokenCommand.\r\n        # 'Comment' and 'String' will be manually added first and second respectively for reasons defined below.\r\n        # 'RandomWhitespace' will be manually added last for reasons defined below.\r\n        $ObfuscationChoices  = @()\r\n        $ObfuscationChoices += 'Member'\r\n        $ObfuscationChoices += 'Command'\r\n        $ObfuscationChoices += 'CommandArgument'\r\n        $ObfuscationChoices += 'Variable'\r\n        $ObfuscationChoices += 'Type'\r\n        \r\n        # Create new array with 'String' plus all obfuscation types above in random order. \r\n        $ObfuscationTypeOrder = @()\r\n        # Run 'Comment' first since it will be the least number of tokens to iterate through, and comments may be introduced as obfuscation technique in future revisions.\r\n        $ObfuscationTypeOrder += 'Comment'\r\n        # Run 'String' second since otherwise we will have unnecessary command bloat since other obfuscation functions create additional strings.\r\n        $ObfuscationTypeOrder += 'String'\r\n        $ObfuscationTypeOrder += (Get-Random -Input $ObfuscationChoices -Count $ObfuscationChoices.Count)\r\n\r\n        # Apply each randomly-ordered $ObfuscationType from above step.\r\n        ForEach($ObfuscationType in $ObfuscationTypeOrder) \r\n        {\r\n            $ScriptString = Out-ObfuscatedTokenCommand ([ScriptBlock]::Create($ScriptString)) $ObfuscationType $ObfuscationLevel\r\n        }\r\n        Return $ScriptString\r\n    }\r\n\r\n    # Parse out and obfuscate tokens (in reverse to make indexes simpler for adding in obfuscated tokens).\r\n    $Tokens = [System.Management.Automation.PSParser]::Tokenize($ScriptString,[ref]$null)\r\n    \r\n    # Handle fringe case of retrieving count of all tokens used when applying random whitespace.\r\n    $TokenCount = ([System.Management.Automation.PSParser]::Tokenize($ScriptString,[ref]$null) | Where-Object {$_.Type -eq $TokenTypeToObfuscate}).Count\r\n    $TokensForInsertingWhitespace = @('Operator','GroupStart','GroupEnd','StatementSeparator')\r\n\r\n    # Script-wide variable ($Script:TypeTokenScriptStringGrowth) to speed up Type token obfuscation by avoiding having to re-tokenize ScriptString for every token.\r\n    # This is because we are appending variable instantiation at the beginning of each iteration of ScriptString.\r\n    # Additional script-wide variable ($Script:TypeTokenVariableArray) allows each unique Type token to only be set once per command/script for efficiency and to create less items to create indicators off of.\r\n    $Script:TypeTokenScriptStringGrowth = 0\r\n    $Script:TypeTokenVariableArray = @()\r\n    \r\n    If($TokenTypeToObfuscate -eq 'RandomWhitespace')\r\n    {\r\n        # If $TokenTypeToObfuscate='RandomWhitespace' then calculate $TokenCount for output by adding token count for all tokens in $TokensForInsertingWhitespace.\r\n        $TokenCount = 0\r\n        ForEach($TokenForInsertingWhitespace in $TokensForInsertingWhitespace)\r\n        {\r\n            $TokenCount += ([System.Management.Automation.PSParser]::Tokenize($ScriptString,[ref]$null) | Where-Object {$_.Type -eq $TokenForInsertingWhitespace}).Count\r\n        }\r\n    }\r\n\r\n    # Handle fringe case of outputting verbiage consistent with options presented in Invoke-Obfuscation.\r\n    If($TokenCount -gt 0)\r\n    {\r\n        # To be consistent with verbiage in Invoke-Obfuscation we will print Argument/Whitespace instead of CommandArgument/RandomWhitespace.\r\n        $TokenTypeToObfuscateToPrint = $TokenTypeToObfuscate\r\n        If($TokenTypeToObfuscateToPrint -eq 'CommandArgument')  {$TokenTypeToObfuscateToPrint = 'Argument'}\r\n        If($TokenTypeToObfuscateToPrint -eq 'RandomWhitespace') {$TokenTypeToObfuscateToPrint = 'Whitespace'}\r\n        If($TokenCount -gt 1) {$Plural = 's'}\r\n        Else {$Plural = ''}\r\n\r\n        # Output verbiage concerning which $TokenType is currently being obfuscated and how many tokens of each type are left to obfuscate.\r\n        # This becomes more important when obfuscated large scripts where obfuscation can take several minutes due to all of the randomization steps.\r\n        Write-Host \"`n[*] Obfuscating $($TokenCount)\" -NoNewLine\r\n        Write-Host \" $TokenTypeToObfuscateToPrint\" -NoNewLine -ForegroundColor Yellow\r\n        Write-Host \" token$Plural.\"\r\n    }\r\n\r\n    # Variables for outputting status of token processing for large token counts when obfuscating large scripts.\r\n    $Counter = $TokenCount\r\n    $OutputCount = 0\r\n    $IterationsToOutputOn = 100\r\n    $DifferenceForEvenOutput = $TokenCount % $IterationsToOutputOn\r\n    \r\n    For($i=$Tokens.Count-1; $i -ge 0; $i--)\r\n    {\r\n        $Token = $Tokens[$i]\r\n\r\n        # Extra output for large scripts with several thousands tokens (like Invoke-Mimikatz).\r\n        If(($TokenCount -gt $IterationsToOutputOn*2) -AND ((($TokenCount-$Counter)-($OutputCount*$IterationsToOutputOn)) -eq ($IterationsToOutputOn+$DifferenceForEvenOutput)))\r\n        {\r\n            $OutputCount++\r\n            $ExtraWhitespace = ' '*(([String]($TokenCount)).Length-([String]$Counter).Length)\r\n            If($Counter -gt 0)\r\n            {\r\n                Write-Host \"[*]             $ExtraWhitespace$Counter\" -NoNewLine\r\n                Write-Host \" $TokenTypeToObfuscateToPrint\" -NoNewLine -ForegroundColor Yellow\r\n                Write-Host \" tokens remaining to obfuscate.\"\r\n            }\r\n        }\r\n\r\n        $ObfuscatedToken = \"\"\r\n\r\n        If(($Token.Type -eq 'String') -AND ($TokenTypeToObfuscate.ToLower() -eq 'string')) \r\n        {\r\n            $Counter--\r\n\r\n            # If String $Token immediately follows a period (and does not begin $ScriptString) then do not obfuscate as a String.\r\n            # In this scenario $Token is originally a Member token that has quotes added to it.\r\n            # E.g. both InvokeCommand and InvokeScript in $ExecutionContext.InvokeCommand.InvokeScript\r\n            If(($Token.Start -gt 0) -AND ($ScriptString.SubString($Token.Start-1,1) -eq '.'))\r\n            {\r\n                Continue\r\n            }\r\n            \r\n            # Set valid obfuscation levels for current token type.\r\n            $ValidObfuscationLevels = @(0,1,2)\r\n\r\n            # If invalid obfuscation level is passed to this function then default to highest obfuscation level available for current token type.\r\n            If($ValidObfuscationLevels -NotContains $ObfuscationLevel) {$ObfuscationLevel = $ValidObfuscationLevels | Sort-Object -Descending | Select-Object -First 1}  \r\n\r\n            # The below Parameter Binding Validation Attributes cannot have their string values formatted with the -f format operator unless treated as a scriptblock.\r\n            # When we find strings following these Parameter Binding Validation Attributes then if we are using a -f format operator we will treat the result as a scriptblock.\r\n            # Source: https://technet.microsoft.com/en-us/library/hh847743.aspx\r\n            $ParameterValidationAttributesToTreatStringAsScriptblock  = @()\r\n            $ParameterValidationAttributesToTreatStringAsScriptblock += 'alias'\r\n            $ParameterValidationAttributesToTreatStringAsScriptblock += 'allownull'\r\n            $ParameterValidationAttributesToTreatStringAsScriptblock += 'allowemptystring'\r\n            $ParameterValidationAttributesToTreatStringAsScriptblock += 'allowemptycollection'\r\n            $ParameterValidationAttributesToTreatStringAsScriptblock += 'validatecount'\r\n            $ParameterValidationAttributesToTreatStringAsScriptblock += 'validatelength'\r\n            $ParameterValidationAttributesToTreatStringAsScriptblock += 'validatepattern'\r\n            $ParameterValidationAttributesToTreatStringAsScriptblock += 'validaterange'\r\n            $ParameterValidationAttributesToTreatStringAsScriptblock += 'validatescript'\r\n            $ParameterValidationAttributesToTreatStringAsScriptblock += 'validateset'\r\n            $ParameterValidationAttributesToTreatStringAsScriptblock += 'validatenotnull'\r\n            $ParameterValidationAttributesToTreatStringAsScriptblock += 'validatenotnullorempty'\r\n\r\n            $ParameterValidationAttributesToTreatStringAsScriptblock += 'helpmessage'\r\n            $ParameterValidationAttributesToTreatStringAsScriptblock += 'confirmimpact'\r\n            $ParameterValidationAttributesToTreatStringAsScriptblock += 'outputtype'\r\n\r\n            Switch($ObfuscationLevel)\r\n            {\r\n                0 {Continue}\r\n                1 {$ScriptString = Out-ObfuscatedStringTokenLevel1 $ScriptString $Token 1}\r\n                2 {$ScriptString = Out-ObfuscatedStringTokenLevel1 $ScriptString $Token 2}\r\n                default {Write-Error \"An invalid `$ObfuscationLevel value ($ObfuscationLevel) was passed to switch block for token type $($Token.Type).\"; Exit;}\r\n            }\r\n\r\n        }\r\n        ElseIf(($Token.Type -eq 'Member') -AND ($TokenTypeToObfuscate.ToLower() -eq 'member')) \r\n        {\r\n            $Counter--\r\n\r\n            # Set valid obfuscation levels for current token type.\r\n            $ValidObfuscationLevels = @(0,1,2,3,4)\r\n            \r\n            # If invalid obfuscation level is passed to this function then default to highest obfuscation level available for current token type.\r\n            If($ValidObfuscationLevels -NotContains $ObfuscationLevel) {$ObfuscationLevel = $ValidObfuscationLevels | Sort-Object -Descending | Select-Object -First 1}\r\n\r\n            # The below Parameter Attributes cannot be obfuscated like other Member Tokens, so we will only randomize the case of these tokens.\r\n            # Source 1: https://technet.microsoft.com/en-us/library/hh847743.aspx\r\n            $MemberTokensToOnlyRandomCase  = @()\r\n            $MemberTokensToOnlyRandomCase += 'mandatory'\r\n            $MemberTokensToOnlyRandomCase += 'position'\r\n            $MemberTokensToOnlyRandomCase += 'parametersetname'\r\n            $MemberTokensToOnlyRandomCase += 'valuefrompipeline'\r\n            $MemberTokensToOnlyRandomCase += 'valuefrompipelinebypropertyname'\r\n            $MemberTokensToOnlyRandomCase += 'valuefromremainingarguments'\r\n            $MemberTokensToOnlyRandomCase += 'helpmessage'\r\n            $MemberTokensToOnlyRandomCase += 'alias'\r\n            # Source 2: https://technet.microsoft.com/en-us/library/hh847872.aspx\r\n            $MemberTokensToOnlyRandomCase += 'confirmimpact'\r\n            $MemberTokensToOnlyRandomCase += 'defaultparametersetname'\r\n            $MemberTokensToOnlyRandomCase += 'helpuri'\r\n            $MemberTokensToOnlyRandomCase += 'supportspaging'\r\n            $MemberTokensToOnlyRandomCase += 'supportsshouldprocess'\r\n            $MemberTokensToOnlyRandomCase += 'positionalbinding'\r\n\r\n            $MemberTokensToOnlyRandomCase += 'ignorecase'\r\n\r\n            Switch($ObfuscationLevel)\r\n            {\r\n                0 {Continue}\r\n                1 {$ScriptString = Out-RandomCaseToken             $ScriptString $Token}\r\n                2 {$ScriptString = Out-ObfuscatedWithTicks         $ScriptString $Token}\r\n                3 {$ScriptString = Out-ObfuscatedMemberTokenLevel3 $ScriptString $Tokens $i 1}\r\n                4 {$ScriptString = Out-ObfuscatedMemberTokenLevel3 $ScriptString $Tokens $i 2}\r\n                default {Write-Error \"An invalid `$ObfuscationLevel value ($ObfuscationLevel) was passed to switch block for token type $($Token.Type).\"; Exit;}\r\n            }\r\n        }\r\n        ElseIf(($Token.Type -eq 'CommandArgument') -AND ($TokenTypeToObfuscate.ToLower() -eq 'commandargument')) \r\n        {\r\n            $Counter--\r\n\r\n            # Set valid obfuscation levels for current token type.\r\n            $ValidObfuscationLevels = @(0,1,2,3,4)\r\n            \r\n            # If invalid obfuscation level is passed to this function then default to highest obfuscation level available for current token type.\r\n            If($ValidObfuscationLevels -NotContains $ObfuscationLevel) {$ObfuscationLevel = $ValidObfuscationLevels | Sort-Object -Descending | Select-Object -First 1} \r\n            \r\n            Switch($ObfuscationLevel)\r\n            {\r\n                0 {Continue}\r\n                1 {$ScriptString = Out-RandomCaseToken                      $ScriptString $Token}\r\n                2 {$ScriptString = Out-ObfuscatedWithTicks                  $ScriptString $Token}\r\n                3 {$ScriptString = Out-ObfuscatedCommandArgumentTokenLevel3 $ScriptString $Token 1}\r\n                4 {$ScriptString = Out-ObfuscatedCommandArgumentTokenLevel3 $ScriptString $Token 2}\r\n                default {Write-Error \"An invalid `$ObfuscationLevel value ($ObfuscationLevel) was passed to switch block for token type $($Token.Type).\"; Exit;}\r\n            }\r\n     ","ScriptBlockId":"1d4becd8-d087-4f57-9497-2998dbdb49c0","Path":"C:\\Users\\student\\Desktop\\Invoke-Obfuscation-master\\Out-ObfuscatedTokenCommand.ps1"}}}
{"Event_attributes":{"xmlns":"http://schemas.microsoft.com/win/2004/08/events/event"},"Event":{"System":{"Provider_attributes":{"Name":"Microsoft-Windows-PowerShell","Guid":"A0C1853B-5C40-4B15-8766-3CF1C58F985A"},"EventID":4104,"Version":1,"Level":3,"Task":2,"Opcode":15,"Keywords":"0x0","TimeCreated_attributes":{"SystemTime":"2017-08-30T18:15:55.243554Z"},"EventRecordID":576780,"Correlation_attributes":{"ActivityID":"CF705CDF-21A7-0000-7355-71CFA721D301"},"Execution_attributes":{"ProcessID":5092,"ThreadID":4352},"Channel":"Microsoft-Windows-PowerShell/Operational","Computer":"SEC511","Security_attributes":{"UserID":"S-1-5-21-1552841522-3835366585-4197357653-1001"}},"EventData":{"MessageNumber":2,"MessageTotal":6,"ScriptBlockText":"   }\r\n        ElseIf(($Token.Type -eq 'Command') -AND ($TokenTypeToObfuscate.ToLower() -eq 'command')) \r\n        {\r\n            $Counter--\r\n\r\n            # Set valid obfuscation levels for current token type.\r\n            $ValidObfuscationLevels = @(0,1,2,3)\r\n            \r\n            # If invalid obfuscation level is passed to this function then default to highest obfuscation level available for current token type.\r\n            If($ValidObfuscationLevels -NotContains $ObfuscationLevel) {$ObfuscationLevel = $ValidObfuscationLevels | Sort-Object -Descending | Select-Object -First 1}\r\n\r\n            # If a variable is encapsulated in curly braces (e.g. ${ExecutionContext}) then the string inside is treated as a Command token.\r\n            # So we will force tick obfuscation (option 1) instead of splatting (option 2) as that would cause errors.\r\n            If(($Token.Start -gt 1) -AND ($ScriptString.SubString($Token.Start-1,1) -eq '{') -AND ($ScriptString.SubString($Token.Start+$Token.Length,1) -eq '}'))\r\n            {\r\n                $ObfuscationLevel = 1\r\n            }\r\n            \r\n            Switch($ObfuscationLevel)\r\n            {\r\n                0 {Continue}\r\n                1 {$ScriptString = Out-ObfuscatedWithTicks          $ScriptString $Token}\r\n                2 {$ScriptString = Out-ObfuscatedCommandTokenLevel2 $ScriptString $Token 1}\r\n                3 {$ScriptString = Out-ObfuscatedCommandTokenLevel2 $ScriptString $Token 2}\r\n                default {Write-Error \"An invalid `$ObfuscationLevel value ($ObfuscationLevel) was passed to switch block for token type $($Token.Type).\"; Exit;}\r\n            }\r\n        }\r\n        ElseIf(($Token.Type -eq 'Variable') -AND ($TokenTypeToObfuscate.ToLower() -eq 'variable'))\r\n        {\r\n            $Counter--\r\n\r\n            # Set valid obfuscation levels for current token type.\r\n            $ValidObfuscationLevels = @(0,1)\r\n            \r\n            # If invalid obfuscation level is passed to this function then default to highest obfuscation level available for current token type.\r\n            If($ValidObfuscationLevels -NotContains $ObfuscationLevel) {$ObfuscationLevel = $ValidObfuscationLevels | Sort-Object -Descending | Select-Object -First 1} \r\n\r\n            Switch($ObfuscationLevel)\r\n            {\r\n                0 {Continue}\r\n                1 {$ScriptString = Out-ObfuscatedVariableTokenLevel1 $ScriptString $Token}\r\n                default {Write-Error \"An invalid `$ObfuscationLevel value ($ObfuscationLevel) was passed to switch block for token type $($Token.Type).\"; Exit;}\r\n            }\r\n        }\r\n        ElseIf(($Token.Type -eq 'Type') -AND ($TokenTypeToObfuscate.ToLower() -eq 'type')) \r\n        {\r\n            $Counter--\r\n\r\n            # Set valid obfuscation levels for current token type.\r\n            $ValidObfuscationLevels = @(0,1,2)\r\n            \r\n            # If invalid obfuscation level is passed to this function then default to highest obfuscation level available for current token type.\r\n            If($ValidObfuscationLevels -NotContains $ObfuscationLevel) {$ObfuscationLevel = $ValidObfuscationLevels | Sort-Object -Descending | Select-Object -First 1} \r\n\r\n            # The below Type value substrings are part of Types that cannot be direct Type casted, so we will not perform direct Type casting on Types containing these values.\r\n            $TypesThatCannotByDirectTypeCasted  = @()\r\n            $TypesThatCannotByDirectTypeCasted += 'directoryservices.accountmanagement.'\r\n            $TypesThatCannotByDirectTypeCasted += 'windows.clipboard'\r\n\r\n            Switch($ObfuscationLevel)\r\n            {\r\n                0 {Continue}\r\n                1 {$ScriptString = Out-ObfuscatedTypeToken $ScriptString $Token 1}\r\n                2 {$ScriptString = Out-ObfuscatedTypeToken $ScriptString $Token 2}\r\n                default {Write-Error \"An invalid `$ObfuscationLevel value ($ObfuscationLevel) was passed to switch block for token type $($Token.Type).\"; Exit;}\r\n            }\r\n        }\r\n        ElseIf(($TokensForInsertingWhitespace -Contains $Token.Type) -AND ($TokenTypeToObfuscate.ToLower() -eq 'randomwhitespace')) \r\n        {\r\n            $Counter--\r\n\r\n            # Set valid obfuscation levels for current token type.\r\n            $ValidObfuscationLevels = @(0,1)\r\n            \r\n            # If invalid obfuscation level is passed to this function then default to highest obfuscation level available for current token type.\r\n            If($ValidObfuscationLevels -NotContains $ObfuscationLevel) {$ObfuscationLevel = $ValidObfuscationLevels | Sort-Object -Descending | Select-Object -First 1} \r\n\r\n            Switch($ObfuscationLevel)\r\n            {\r\n                0 {Continue}\r\n                1 {$ScriptString = Out-RandomWhitespace $ScriptString $Tokens $i}\r\n                default {Write-Error \"An invalid `$ObfuscationLevel value ($ObfuscationLevel) was passed to switch block for token type $($Token.Type).\"; Exit;}\r\n            }\r\n        }\r\n        ElseIf(($Token.Type -eq 'Comment') -AND ($TokenTypeToObfuscate.ToLower() -eq 'comment'))\r\n        {\r\n            $Counter--\r\n\r\n            # Set valid obfuscation levels for current token type.\r\n            $ValidObfuscationLevels = @(0,1)\r\n            \r\n            # If invalid obfuscation level is passed to this function then default to highest obfuscation level available for current token type.\r\n            If($ValidObfuscationLevels -NotContains $ObfuscationLevel) {$ObfuscationLevel = $ValidObfuscationLevels | Sort-Object -Descending | Select-Object -First 1} \r\n            \r\n            Switch($ObfuscationLevel)\r\n            {\r\n                0 {Continue}\r\n                1 {$ScriptString = Out-RemoveComments $ScriptString $Token}\r\n                default {Write-Error \"An invalid `$ObfuscationLevel value ($ObfuscationLevel) was passed to switch block for token type $($Token.Type).\"; Exit;}\r\n            }\r\n        }    \r\n    }\r\n\r\n    Return $ScriptString\r\n}\r\n\r\n\r\nFunction Out-ObfuscatedStringTokenLevel1\r\n{\r\n<#\r\n.SYNOPSIS\r\n\r\nObfuscates string token by randomly concatenating the string in-line.\r\n\r\nInvoke-Obfuscation Function: Out-ObfuscatedStringTokenLevel1\r\nAuthor: Daniel Bohannon (@danielhbohannon)\r\nLicense: Apache License, Version 2.0\r\nRequired Dependencies: Out-StringDelimitedAndConcatenated, Out-StringDelimitedConcatenatedAndReordered (both located in Out-ObfuscatedStringCommand.ps1)\r\nOptional Dependencies: None\r\n \r\n.DESCRIPTION\r\n\r\nOut-ObfuscatedStringTokenLevel1 obfuscates a given string token and places it back into the provided PowerShell script to evade detection by simple IOCs and process execution monitoring relying solely on command-line arguments. For the most complete obfuscation all tokens in a given PowerShell script or script block (cast as a string object) should be obfuscated via the corresponding obfuscation functions and desired obfuscation levels in Out-ObfuscatedTokenCommand.ps1.\r\n\r\n.PARAMETER ScriptString\r\n\r\nSpecifies the string containing your payload.\r\n\r\n.PARAMETER Token\r\n\r\nSpecifies the token to obfuscate.\r\n\r\n.PARAMETER ObfuscationLevel\r\n\r\nSpecifies whether to 1) Concatenate or 2) Reorder the String token value.\r\n\r\n.EXAMPLE\r\n\r\nC:\\PS> $ScriptString = \"Write-Host 'Hello World!' -ForegroundColor Green; Write-Host 'Obfuscation Rocks!' -ForegroundColor Green\"\r\nC:\\PS> $Tokens = [System.Management.Automation.PSParser]::Tokenize($ScriptString,[ref]$null) | Where-Object {$_.Type -eq 'String'}\r\nC:\\PS> For($i=$Tokens.Count-1; $i -ge 0; $i--) {$Token = $Tokens[$i]; $ScriptString = Out-ObfuscatedStringTokenLevel1 $ScriptString $Token 1}\r\nC:\\PS> $ScriptString\r\n\r\nWrite-Host ('Hello'+' W'+'orl'+'d!') -ForegroundColor Green; Write-Host ('Obfuscation R'+'oc'+'k'+'s'+'!') -ForegroundColor Green\r\n\r\nC:\\PS> $ScriptString = \"Write-Host 'Hello World!' -ForegroundColor Green; Write-Host 'Obfuscation Rocks!' -ForegroundColor Green\"\r\nC:\\PS> $Tokens = [System.Management.Automation.PSParser]::Tokenize($ScriptString,[ref]$null) | Where-Object {$_.Type -eq 'String'}\r\nC:\\PS> For($i=$Tokens.Count-1; $i -ge 0; $i--) {$Token = $Tokens[$i]; $ScriptString = Out-ObfuscatedStringTokenLevel1 $ScriptString $Token 2}\r\nC:\\PS> $ScriptString\r\n\r\nWrite-Host (\"{2}{3}{0}{1}\" -f 'Wo','rld!','Hel','lo ') -ForegroundColor Green; Write-Host (\"{4}{0}{3}{2}{1}\"-f 'bfusca','cks!','Ro','tion ','O') -ForegroundColor Green\r\n\r\n.NOTES\r\n\r\nThis cmdlet is most easily used by passing a script block or file path to a PowerShell script into the Out-ObfuscatedTokenCommand function with the corresponding token type and obfuscation level since Out-ObfuscatedTokenCommand will handle token parsing, reverse iterating and passing tokens into this current function.\r\nC:\\PS> Out-ObfuscatedTokenCommand {Write-Host 'Hello World!' -ForegroundColor Green; Write-Host 'Obfuscation Rocks!' -ForegroundColor Green} 'String' 1\r\nThis is a personal project developed by Daniel Bohannon while an employee at MANDIANT, A FireEye Company.\r\n\r\n.LINK\r\n\r\nhttp://www.danielbohannon.com\r\n#>\r\n\r\n    [CmdletBinding()] Param (\r\n        [Parameter(Position = 0, Mandatory = $True)]\r\n        [ValidateNotNullOrEmpty()]\r\n        [String]\r\n        $ScriptString,\r\n\r\n        [Parameter(Position = 1, Mandatory = $True)]\r\n        [ValidateNotNullOrEmpty()]\r\n        [System.Management.Automation.PSToken]\r\n        $Token,\r\n\r\n        [Parameter(Position = 2, Mandatory = $True)]\r\n        [ValidateSet(1, 2)]\r\n        [Int]\r\n        $ObfuscationLevel\r\n    )\r\n\r\n    $EncapsulateAsScriptBlockInsteadOfParentheses = $FALSE\r\n\r\n    # Extract substring to look for parameter binding values to check against $ParameterValidationAttributesToTreatStringAsScriptblock set in the beginning of this script.\r\n    $SubStringLength = 25\r\n    If($Token.Start -lt $SubStringLength)\r\n    {\r\n        $SubStringLength = $Token.Start\r\n    }\r\n    $SubString = $ScriptString.SubString($Token.Start-$SubStringLength,$SubStringLength).Replace(' ','').Replace(\"`t\",'').Replace(\"`n\",'')\r\n    $SubStringLength = 5\r\n    If($SubString.Length -lt $SubStringLength)\r\n    {\r\n        $SubStringLength = $SubString.Length\r\n    }\r\n    $SubString = $SubString.SubString($SubString.Length-$SubStringLength,$SubStringLength)\r\n\r\n    # If dealing with ObfuscationLevel -gt 1 (e.g. -f format operator), perform check to see if we're dealing with a string that is part of a Parameter Binding.\r\n    If(($ObfuscationLevel -gt 1) -AND ($Token.Start -gt 5) -AND ($SubString.Contains('(') -OR $SubString.Contains(',')) -AND $ScriptString.SubString(0,$Token.Start).Contains('[') -AND $ScriptString.SubString(0,$Token.Start).Contains('('))\r\n    {\r\n\t    # Gather substring preceding the current String token to see if we need to treat the obfuscated string as a scriptblock.\r\n\t    $ParameterBindingName = $ScriptString.SubString(0,$Token.Start)\r\n\t    $ParameterBindingName = $ParameterBindingName.SubString(0,$ParameterBindingName.LastIndexOf('('))\r\n\t    $ParameterBindingName = $ParameterBindingName.SubString($ParameterBindingName.LastIndexOf('[')+1).Trim()\r\n\t    # Filter out values that are not Parameter Binding due to contain whitespace, some special characters, etc.\r\n\t    If(!$ParameterBindingName.Contains(' ') -AND !$ParameterBindingName.Contains('.') -AND !$ParameterBindingName.Contains(']') -AND !($ParameterBindingName.Length -eq 0))\r\n\t    {\r\n\t\t    # If we have a match then set boolean to True so result will be encapsulated with curly braces at the end of this function.\r\n\t\t    If($ParameterValidationAttributesToTreatStringAsScriptblock -Contains $ParameterBindingName.ToLower())\r\n\t\t    {\r\n\t\t\t    $EncapsulateAsScriptBlockInsteadOfParentheses = $TRUE\r\n\t\t    }\r\n\t    }\r\n    }\r\n    ElseIf(($ObfuscationLevel -gt 1) -AND ($Token.Start -gt 5) -AND $ScriptString.SubString($Token.Start-5,5).Contains('='))\r\n    {\r\n        # If dealing with ObfuscationLevel -gt 1 (e.g. -f format operator), perform check to see if we're dealing with a string that is part of a Parameter Binding.\r\n        ForEach($Parameter in $ParameterValidationAttributesToTreatStringAsScriptblock)\r\n        {\r\n            $SubStringLength = $Parameter.Length\r\n                \r\n            # Add 10 more to $SubStringLength in case there is excess whitespace between the = sign.\r\n            $SubStringLength += 10\r\n\r\n            # Shorten substring length in case there is not enough room depending on the location of the token in the $ScriptString.\r\n            If($Token.Start -lt $SubStringLength)\r\n            {\r\n                $SubStringLength = $Token.Start\r\n            }\r\n\r\n            # Extract substring to compare against $EncapsulateAsScriptBlockInsteadOfParentheses.\r\n            $SubString = $ScriptString.SubString($Token.Start-$SubStringLength,$SubStringLength+1).Trim()\r\n\r\n            # If we have a match then set boolean to True so result will be encapsulated with curly braces at the end of this function.\r\n            If($SubString -Match \"$Parameter.*=\")\r\n            {\r\n                $EncapsulateAsScriptBlockInsteadOfParentheses = $TRUE\r\n            }\r\n        }\r\n    }\r\n\r\n    # Do nothing if the token has length <= 1 (e.g. Write-Host \"\", single-character tokens, etc.).\r\n    If($Token.Content.Length -le 1) {Return $ScriptString}\r\n    \r\n    # Do nothing if the token has length <= 3 and $ObfuscationLevel is 2 (reordering).\r\n    If(($Token.Content.Length -le 3) -AND $ObfuscationLevel -eq 2) {Return $ScriptString}\r\n\r\n    # Do nothing if $Token.Content already contains a { or } to avoid parsing errors when { and } are introduced into substrings.\r\n    If($Token.Content.Contains('{') -OR $Token.Content.Contains('}')) {Return $ScriptString}\r\n\r\n    # If the Token is 'invoke' then do nothing. This is because .invoke() is treated as a member but .\"invoke\"() is treated as a string.\r\n    If($Token.Content.ToLower() -eq 'invoke') {Return $ScriptString}\r\n\r\n    # Set $Token.Content in a separate variable so it can be modified since Content is a ReadOnly property of $Token.\r\n    $TokenContent = $Token.Content\r\n\r\n    # Tokenizer removes ticks from strings, but we want to keep them. So we will replace the contents of $Token.Content with the manually extracted token data from the original $ScriptString.\r\n    $TokenContent = $ScriptString.SubString($Token.Start+1,$Token.Length-2)\r\n\r\n    # If a variable is present in a string, more work needs to be done to extract from string. Warning maybe should be thrown either way.\r\n    # Must come back and address this after vacation.\r\n    # Variable can be displaying or setting: \"setting var like $($var='secret') and now displaying $var\"\r\n    # For now just split on whitespace instead of passing to Out-Concatenated\r\n    If($TokenContent.Contains('$') -OR $TokenContent.Contains('`'))\r\n    {\r\n        $ObfuscatedToken = ''\r\n        $Counter = 0\r\n\r\n        # If special use case is met then don't substring the current Token to avoid errors.\r\n        # The special cases involve a double-quoted string containing a variable or a string-embedded-command that contains whitespace in it.\r\n        # E.g. \"string ${var name with whitespace} string\" or \"string $(gci *whitespace_in_command*) string\"\r\n        $TokenContentSplit = $TokenContent.Split(' ')\r\n        $ContainsVariableSpecialCases = (($TokenContent.Contains('$(') -OR $TokenContent.Contains('${')) -AND ($ScriptString[$Token.Start] -eq '\"'))\r\n        \r\n        If($ContainsVariableSpecialCases)\r\n        {\r\n            $TokenContentSplit = $TokenContent\r\n        }\r\n\r\n        ForEach($SubToken in $TokenContentSplit)\r\n        {\r\n            $Counter++\r\n            \r\n            $ObfuscatedSubToken = $SubToken\r\n\r\n            # Determine if use case of variable inside of double quotes is present as this will be handled differently below.\r\n            $SpecialCaseContainsVariableInDoubleQuotes = (($ObfuscatedSubToken.Contains('$') -OR $ObfuscatedSubToken.Contains('`')) -AND ($ScriptString[$Token.Start] -eq '\"'))\r\n\r\n            # Since splitting on whitespace removes legitimate whitespace we need to add back whitespace for all but the final subtoken.\r\n            If($Counter -lt $TokenContent.Split(' ').Count)\r\n            {\r\n                $ObfuscatedSubToken = $ObfuscatedSubToken + ' '\r\n            }\r\n\r\n            # Concatenate $SubToken if it's long enough to be concatenated.\r\n            If(($ObfuscatedSubToken.Length -gt 1) -AND !($SpecialCaseContainsVariableInDoubleQuotes))\r\n            {\r\n                # Concatenate each $SubToken via Out-StringDelimitedAndConcatenated so it will handle any replacements for special characters.\r\n                # Define -PassThru flag so an invocation is not added to $ObfuscatedSubToken.\r\n                $ObfuscatedSubToken = Out-StringDelimitedAndConcatenated $ObfuscatedSubToken -PassThru\r\n            \r\n                # Evenly trim leading/trailing parentheses.\r\n                While($ObfuscatedSubToken.StartsWith('(') -AND $ObfuscatedSubToken.EndsWith(')'))\r\n                {\r\n                    $ObfuscatedSubToken = ($ObfuscatedSubToken.SubString(1,$ObfuscatedSubToken.Length-2)).Trim()\r\n                }\r\n            }\r\n            Else\r\n            {\r\n                If($SpecialCaseContainsVariableInDoubleQuotes)\r\n                {\r\n                    $ObfuscatedSubToken = '\"' + $ObfuscatedSubToken + '\"'\r\n                }\r\n                ElseIf($ObfuscatedSubToken.Contains(\"'\") -OR $ObfuscatedSubToken.Contains('$'))\r\n                {\r\n                    $ObfuscatedSubToken = '\"' + $ObfuscatedSubToken + '\"'\r\n                }\r\n                Else\r\n                {\r\n                    $ObfuscatedSubToken = \"'\" + $ObfuscatedSubToken + \"'\"\r\n                }\r\n            }\r\n\r\n            # Add obfuscated/trimmed $SubToken back to $ObfuscatedToken if a Replace operati","ScriptBlockId":"1d4becd8-d087-4f57-9497-2998dbdb49c0","Path":"C:\\Users\\student\\Desktop\\Invoke-Obfuscation-master\\Out-ObfuscatedTokenCommand.ps1"}}}
