{"Event_attributes":{"xmlns":"http://schemas.microsoft.com/win/2004/08/events/event"},"Event":{"System":{"Provider_attributes":{"Name":"Microsoft-Windows-PowerShell","Guid":"A0C1853B-5C40-4B15-8766-3CF1C58F985A"},"EventID":4104,"Version":1,"Level":5,"Task":2,"Opcode":15,"Keywords":"0x0","TimeCreated_attributes":{"SystemTime":"2017-08-30T19:01:22.442383Z"},"EventRecordID":626007,"Correlation_attributes":{"ActivityID":"CF705CDF-21A7-0001-8558-72CFA721D301"},"Execution_attributes":{"ProcessID":4196,"ThreadID":5528},"Channel":"Microsoft-Windows-PowerShell/Operational","Computer":"SEC511","Security_attributes":{"UserID":"S-1-5-21-1552841522-3835366585-4197357653-1001"}},"EventData":{"MessageNumber":1,"MessageTotal":1,"ScriptBlockText":"function Check-Obfu($string){\r\n    # Check how many special characters are in the command. Inspired by Invoke-Obfuscation: https://twitter.com/danielhbohannon/status/778268820242825216\r\n    # There are many ways to do this, including regex. Need a way that doesn't kill the CPU. This works, but isn't super concise. There is probably a\r\n    # better way.\r\n    # \r\n    $obfutext=\"\" # Local variable for return output\r\n    $maxchars=25\r\n    #$obfuchars = \"\\+\", \"\\'\", \"\\}\", \"\\{\"\r\n    #foreach ($char in $obfuchars){\r\n    #\r\n    # I tried to loop through the characters (as the two commented lines above show, but\r\n    # hit problems of variable interpolation. I am probably making a simple mistake.\r\n    # If you can get the above loop working, please email deepblue at backshore dot net. \r\n    # I will repay in an adult beverage \r\n    #\r\n    # In the meantime, this is ugly, but works\r\n    $string2 = $string -replace \"`'\"\r\n    # Compare the length\r\n    if (($string.length - $string2.length) -gt $maxchars){\r\n        $obfutext += \"   - Possible command obfuscation: greater than $maxchars ' characters`n\"\r\n    }\r\n    $string2 = $string -replace \"`{\"\r\n    if (($string.length - $string2.length) -gt $maxchars){\r\n        $obfutext += \"   - Possible command obfuscation: greater than $maxchars { characters`n\"\r\n    }\r\n    $string2 = $string -replace \"`}\"\r\n    if (($string.length - $string2.length) -gt $maxchars){\r\n        $obfutext += \"   - Possible command obfuscation: greater than $maxchars } characters`n\"\r\n    }\r\n    $string2 = $string -replace \",\"\r\n    if (($string.length - $string2.length) -gt $maxchars){\r\n        $obfutext += \"   - Possible command obfuscation: greater than $maxchars , characters`n\"\r\n    }\r\n    $string2 = $string -replace \"!\"\r\n    if (($string.length - $string2.length) -gt $maxchars){\r\n        $obfutext += \"   - Possible command obfuscation: greater than $maxchars ! characters`n\"\r\n    }\r\n    $string2 = $string -replace \"%\"\r\n    if (($string.length - $string2.length) -gt $maxchars){\r\n        $obfutext += \"   - Possible command obfuscation: greater than $maxchars % characters`n\"\r\n    }\r\n    $string2 = $string -replace \"&\"\r\n    if (($string.length - $string2.length) -gt $maxchars){\r\n        $obfutext += \"   - Possible command obfuscation: greater than $maxchars & characters`n\"\r\n    }\r\n    $string2 = $string -replace \">\"\r\n    if (($string.length - $string2.length) -gt $maxchars){\r\n        $obfutext += \"   - Possible command obfuscation: greater than $maxchars > characters`n\"\r\n    }\r\n    $string2 = $string -replace \"`\"\"\r\n    if (($string.length - $string2.length) -gt $maxchars){\r\n        $obfutext += \"   - Possible command obfuscation: greater than $maxchars double quotes`n\"\r\n    }\r\n    return $obfutext\r\n    #}\r\n}","ScriptBlockId":"88507f86-3607-40d1-9957-82b9d5e21fe5","Path":"C:\\Users\\student\\Desktop\\DeepBlueCLI-master\\DeepBlue-0.3.ps1"}}}
{"Event_attributes":{"xmlns":"http://schemas.microsoft.com/win/2004/08/events/event"},"Event":{"System":{"Provider_attributes":{"Name":"Microsoft-Windows-PowerShell","Guid":"A0C1853B-5C40-4B15-8766-3CF1C58F985A"},"EventID":4104,"Version":1,"Level":5,"Task":2,"Opcode":15,"Keywords":"0x0","TimeCreated_attributes":{"SystemTime":"2017-08-30T19:01:22.443118Z"},"EventRecordID":626008,"Correlation_attributes":{"ActivityID":"CF705CDF-21A7-0001-8658-72CFA721D301"},"Execution_attributes":{"ProcessID":4196,"ThreadID":5528},"Channel":"Microsoft-Windows-PowerShell/Operational","Computer":"SEC511","Security_attributes":{"UserID":"S-1-5-21-1552841522-3835366585-4197357653-1001"}},"EventData":{"MessageNumber":1,"MessageTotal":1,"ScriptBlockText":"function Check-Regex($string,$regexes,$type){\r\n    $regextext=\"\" # Local variable for return output\r\n    foreach ($regex in $regexes){\r\n        if ($regex.Type -eq $type) { # Type is 0 for Commands, 1 for services. Set in regexes.csv\r\n            if ($string -Match $regex.regex) {\r\n               $regextext += \"   - \" + $regex.String + \"`n\"\r\n            }\r\n        }\r\n    }\r\n    return $regextext\r\n}","ScriptBlockId":"27d5e0d5-f881-4f1a-968b-1d40a79cefef","Path":"C:\\Users\\student\\Desktop\\DeepBlueCLI-master\\DeepBlue-0.3.ps1"}}}
{"Event_attributes":{"xmlns":"http://schemas.microsoft.com/win/2004/08/events/event"},"Event":{"System":{"Provider_attributes":{"Name":"Microsoft-Windows-PowerShell","Guid":"A0C1853B-5C40-4B15-8766-3CF1C58F985A"},"EventID":4104,"Version":1,"Level":5,"Task":2,"Opcode":15,"Keywords":"0x0","TimeCreated_attributes":{"SystemTime":"2017-08-30T19:01:28.780402Z"},"EventRecordID":626030,"Correlation_attributes":{"ActivityID":"CF705CDF-21A7-0001-4D59-72CFA721D301"},"Execution_attributes":{"ProcessID":4196,"ThreadID":5528},"Channel":"Microsoft-Windows-PowerShell/Operational","Computer":"SEC511","Security_attributes":{"UserID":"S-1-5-21-1552841522-3835366585-4197357653-1001"}},"EventData":{"MessageNumber":1,"MessageTotal":1,"ScriptBlockText":"prompt","ScriptBlockId":"a4e1b499-41fd-4144-a103-280f67ffce5e","Path":""}}}
{"Event_attributes":{"xmlns":"http://schemas.microsoft.com/win/2004/08/events/event"},"Event":{"System":{"Provider_attributes":{"Name":"Microsoft-Windows-PowerShell","Guid":"A0C1853B-5C40-4B15-8766-3CF1C58F985A"},"EventID":4104,"Version":1,"Level":5,"Task":2,"Opcode":15,"Keywords":"0x0","TimeCreated_attributes":{"SystemTime":"2017-08-30T19:12:08.894009Z"},"EventRecordID":626143,"Correlation_attributes":{"ActivityID":"CF705CDF-21A7-0000-9D66-72CFA721D301"},"Execution_attributes":{"ProcessID":5092,"ThreadID":4352},"Channel":"Microsoft-Windows-PowerShell/Operational","Computer":"SEC511","Security_attributes":{"UserID":"S-1-5-21-1552841522-3835366585-4197357653-1001"}},"EventData":{"MessageNumber":1,"MessageTotal":1,"ScriptBlockText":"{$Char = $_.ToString().ToLower(); If(Get-Random -Input @(0..1)) {$Char = $Char.ToUpper()} $Char}","ScriptBlockId":"9669d1fa-8f45-47bd-b29a-3da79f2819ff","Path":"C:\\Users\\student\\Desktop\\Invoke-Obfuscation-master\\Out-SecureStringCommand.ps1"}}}
{"Event_attributes":{"xmlns":"http://schemas.microsoft.com/win/2004/08/events/event"},"Event":{"System":{"Provider_attributes":{"Name":"Microsoft-Windows-PowerShell","Guid":"A0C1853B-5C40-4B15-8766-3CF1C58F985A"},"EventID":4104,"Version":1,"Level":5,"Task":2,"Opcode":15,"Keywords":"0x0","TimeCreated_attributes":{"SystemTime":"2017-08-30T19:12:08.929447Z"},"EventRecordID":626196,"Correlation_attributes":{"ActivityID":"CF705CDF-21A7-0000-D166-72CFA721D301"},"Execution_attributes":{"ProcessID":5092,"ThreadID":4352},"Channel":"Microsoft-Windows-PowerShell/Operational","Computer":"SEC511","Security_attributes":{"UserID":"S-1-5-21-1552841522-3835366585-4197357653-1001"}},"EventData":{"MessageNumber":1,"MessageTotal":1,"ScriptBlockText":"{$Char = $_.ToString().ToLower(); If(Get-Random -Input @(0..1)) {$Char = $Char.ToUpper()} $Char}","ScriptBlockId":"02e8aa60-3a9d-4209-bc76-7d3a551d363d","Path":"C:\\Users\\student\\Desktop\\Invoke-Obfuscation-master\\Out-SecureStringCommand.ps1"}}}
{"Event_attributes":{"xmlns":"http://schemas.microsoft.com/win/2004/08/events/event"},"Event":{"System":{"Provider_attributes":{"Name":"Microsoft-Windows-PowerShell","Guid":"A0C1853B-5C40-4B15-8766-3CF1C58F985A"},"EventID":4104,"Version":1,"Level":5,"Task":2,"Opcode":15,"Keywords":"0x0","TimeCreated_attributes":{"SystemTime":"2017-08-30T19:12:08.986506Z"},"EventRecordID":626297,"Correlation_attributes":{"ActivityID":"CF705CDF-21A7-0001-505A-72CFA721D301"},"Execution_attributes":{"ProcessID":5092,"ThreadID":4352},"Channel":"Microsoft-Windows-PowerShell/Operational","Computer":"SEC511","Security_attributes":{"UserID":"S-1-5-21-1552841522-3835366585-4197357653-1001"}},"EventData":{"MessageNumber":1,"MessageTotal":1,"ScriptBlockText":"{$Char = $_.ToString().ToLower(); If(Get-Random -Input @(0..1)) {$Char = $Char.ToUpper()} $Char}","ScriptBlockId":"0b4aba96-4490-4091-bb4c-4fbf2e1ac322","Path":"C:\\Users\\student\\Desktop\\Invoke-Obfuscation-master\\Out-SecureStringCommand.ps1"}}}
{"Event_attributes":{"xmlns":"http://schemas.microsoft.com/win/2004/08/events/event"},"Event":{"System":{"Provider_attributes":{"Name":"Microsoft-Windows-PowerShell","Guid":"A0C1853B-5C40-4B15-8766-3CF1C58F985A"},"EventID":4104,"Version":1,"Level":5,"Task":2,"Opcode":15,"Keywords":"0x0","TimeCreated_attributes":{"SystemTime":"2017-08-30T19:12:09.026814Z"},"EventRecordID":626350,"Correlation_attributes":{"ActivityID":"CF705CDF-21A7-0001-675A-72CFA721D301"},"Execution_attributes":{"ProcessID":5092,"ThreadID":4352},"Channel":"Microsoft-Windows-PowerShell/Operational","Computer":"SEC511","Security_attributes":{"UserID":"S-1-5-21-1552841522-3835366585-4197357653-1001"}},"EventData":{"MessageNumber":1,"MessageTotal":1,"ScriptBlockText":"{$Char = $_.ToString().ToLower(); If(Get-Random -Input @(0..1)) {$Char = $Char.ToUpper()} $Char}","ScriptBlockId":"7d95e09b-9ab6-46ad-bb99-7d5459a649ed","Path":"C:\\Users\\student\\Desktop\\Invoke-Obfuscation-master\\Out-SecureStringCommand.ps1"}}}
{"Event_attributes":{"xmlns":"http://schemas.microsoft.com/win/2004/08/events/event"},"Event":{"System":{"Provider_attributes":{"Name":"Microsoft-Windows-PowerShell","Guid":"A0C1853B-5C40-4B15-8766-3CF1C58F985A"},"EventID":4104,"Version":1,"Level":5,"Task":2,"Opcode":15,"Keywords":"0x0","TimeCreated_attributes":{"SystemTime":"2017-08-30T19:12:09.052284Z"},"EventRecordID":626403,"Correlation_attributes":{"ActivityID":"CF705CDF-21A7-0000-2267-72CFA721D301"},"Execution_attributes":{"ProcessID":5092,"ThreadID":4352},"Channel":"Microsoft-Windows-PowerShell/Operational","Computer":"SEC511","Security_attributes":{"UserID":"S-1-5-21-1552841522-3835366585-4197357653-1001"}},"EventData":{"MessageNumber":1,"MessageTotal":1,"ScriptBlockText":"{$Char = $_.ToString().ToLower(); If(Get-Random -Input @(0..1)) {$Char = $Char.ToUpper()} $Char}","ScriptBlockId":"4d1c0f09-6c83-4de7-ae87-f05a71d5ac3e","Path":"C:\\Users\\student\\Desktop\\Invoke-Obfuscation-master\\Out-SecureStringCommand.ps1"}}}
{"Event_attributes":{"xmlns":"http://schemas.microsoft.com/win/2004/08/events/event"},"Event":{"System":{"Provider_attributes":{"Name":"Microsoft-Windows-PowerShell","Guid":"A0C1853B-5C40-4B15-8766-3CF1C58F985A"},"EventID":4104,"Version":1,"Level":5,"Task":2,"Opcode":15,"Keywords":"0x0","TimeCreated_attributes":{"SystemTime":"2017-08-30T19:12:09.081327Z"},"EventRecordID":626459,"Correlation_attributes":{"ActivityID":"CF705CDF-21A7-0000-4D67-72CFA721D301"},"Execution_attributes":{"ProcessID":5092,"ThreadID":4352},"Channel":"Microsoft-Windows-PowerShell/Operational","Computer":"SEC511","Security_attributes":{"UserID":"S-1-5-21-1552841522-3835366585-4197357653-1001"}},"EventData":{"MessageNumber":1,"MessageTotal":1,"ScriptBlockText":"{$Char = $_.ToString().ToLower(); If(Get-Random -Input @(0..1)) {$Char = $Char.ToUpper()} $Char}","ScriptBlockId":"24d93348-dc30-4d82-a681-3fe7676104f8","Path":"C:\\Users\\student\\Desktop\\Invoke-Obfuscation-master\\Out-SecureStringCommand.ps1"}}}
{"Event_attributes":{"xmlns":"http://schemas.microsoft.com/win/2004/08/events/event"},"Event":{"System":{"Provider_attributes":{"Name":"Microsoft-Windows-PowerShell","Guid":"A0C1853B-5C40-4B15-8766-3CF1C58F985A"},"EventID":4104,"Version":1,"Level":5,"Task":2,"Opcode":15,"Keywords":"0x0","TimeCreated_attributes":{"SystemTime":"2017-08-30T19:12:09.119263Z"},"EventRecordID":626529,"Correlation_attributes":{"ActivityID":"CF705CDF-21A7-0000-4E67-72CFA721D301"},"Execution_attributes":{"ProcessID":5092,"ThreadID":4352},"Channel":"Microsoft-Windows-PowerShell/Operational","Computer":"SEC511","Security_attributes":{"UserID":"S-1-5-21-1552841522-3835366585-4197357653-1001"}},"EventData":{"MessageNumber":1,"MessageTotal":1,"ScriptBlockText":"{$Char = $_.ToString().ToLower(); If(Get-Random -Input @(0..1)) {$Char = $Char.ToUpper()} $Char}","ScriptBlockId":"12819dfa-bd68-4a52-be07-27c7d4bdfdaa","Path":"C:\\Users\\student\\Desktop\\Invoke-Obfuscation-master\\Out-SecureStringCommand.ps1"}}}
{"Event_attributes":{"xmlns":"http://schemas.microsoft.com/win/2004/08/events/event"},"Event":{"System":{"Provider_attributes":{"Name":"Microsoft-Windows-PowerShell","Guid":"A0C1853B-5C40-4B15-8766-3CF1C58F985A"},"EventID":4104,"Version":1,"Level":5,"Task":2,"Opcode":15,"Keywords":"0x0","TimeCreated_attributes":{"SystemTime":"2017-08-30T19:12:09.152050Z"},"EventRecordID":626596,"Correlation_attributes":{"ActivityID":"CF705CDF-21A7-0001-E95A-72CFA721D301"},"Execution_attributes":{"ProcessID":5092,"ThreadID":4352},"Channel":"Microsoft-Windows-PowerShell/Operational","Computer":"SEC511","Security_attributes":{"UserID":"S-1-5-21-1552841522-3835366585-4197357653-1001"}},"EventData":{"MessageNumber":1,"MessageTotal":1,"ScriptBlockText":"{$Char = $_.ToString().ToLower(); If(Get-Random -Input @(0..1)) {$Char = $Char.ToUpper()} $Char}","ScriptBlockId":"d594dcf1-5de3-4e83-b212-4bc356260152","Path":"C:\\Users\\student\\Desktop\\Invoke-Obfuscation-master\\Out-SecureStringCommand.ps1"}}}
{"Event_attributes":{"xmlns":"http://schemas.microsoft.com/win/2004/08/events/event"},"Event":{"System":{"Provider_attributes":{"Name":"Microsoft-Windows-PowerShell","Guid":"A0C1853B-5C40-4B15-8766-3CF1C58F985A"},"EventID":4104,"Version":1,"Level":5,"Task":2,"Opcode":15,"Keywords":"0x0","TimeCreated_attributes":{"SystemTime":"2017-08-30T19:12:09.159272Z"},"EventRecordID":626609,"Correlation_attributes":{"ActivityID":"CF705CDF-21A7-0000-5F67-72CFA721D301"},"Execution_attributes":{"ProcessID":5092,"ThreadID":4352},"Channel":"Microsoft-Windows-PowerShell/Operational","Computer":"SEC511","Security_attributes":{"UserID":"S-1-5-21-1552841522-3835366585-4197357653-1001"}},"EventData":{"MessageNumber":1,"MessageTotal":1,"ScriptBlockText":"{$Char = $_.ToString().ToLower(); If(Get-Random -Input @(0..1)) {$Char = $Char.ToUpper()} $Char}","ScriptBlockId":"3d8cd142-bb8f-49fb-bade-7092d80d0b3d","Path":"C:\\Users\\student\\Desktop\\Invoke-Obfuscation-master\\Out-SecureStringCommand.ps1"}}}
{"Event_attributes":{"xmlns":"http://schemas.microsoft.com/win/2004/08/events/event"},"Event":{"System":{"Provider_attributes":{"Name":"Microsoft-Windows-PowerShell","Guid":"A0C1853B-5C40-4B15-8766-3CF1C58F985A"},"EventID":4104,"Version":1,"Level":5,"Task":2,"Opcode":15,"Keywords":"0x0","TimeCreated_attributes":{"SystemTime":"2017-08-30T19:12:09.176781Z"},"EventRecordID":626646,"Correlation_attributes":{"ActivityID":"CF705CDF-21A7-0001-185B-72CFA721D301"},"Execution_attributes":{"ProcessID":5092,"ThreadID":4352},"Channel":"Microsoft-Windows-PowerShell/Operational","Computer":"SEC511","Security_attributes":{"UserID":"S-1-5-21-1552841522-3835366585-4197357653-1001"}},"EventData":{"MessageNumber":1,"MessageTotal":1,"ScriptBlockText":"{$Char = $_.ToString().ToLower(); If(Get-Random -Input @(0..1)) {$Char = $Char.ToUpper()} $Char}","ScriptBlockId":"ac33e00b-7dbf-499c-8ccd-57c95c75b5db","Path":"C:\\Users\\student\\Desktop\\Invoke-Obfuscation-master\\Out-SecureStringCommand.ps1"}}}
{"Event_attributes":{"xmlns":"http://schemas.microsoft.com/win/2004/08/events/event"},"Event":{"System":{"Provider_attributes":{"Name":"Microsoft-Windows-PowerShell","Guid":"A0C1853B-5C40-4B15-8766-3CF1C58F985A"},"EventID":4104,"Version":1,"Level":5,"Task":2,"Opcode":15,"Keywords":"0x0","TimeCreated_attributes":{"SystemTime":"2017-08-30T19:12:09.189411Z"},"EventRecordID":626670,"Correlation_attributes":{"ActivityID":"CF705CDF-21A7-0000-6067-72CFA721D301"},"Execution_attributes":{"ProcessID":5092,"ThreadID":4352},"Channel":"Microsoft-Windows-PowerShell/Operational","Computer":"SEC511","Security_attributes":{"UserID":"S-1-5-21-1552841522-3835366585-4197357653-1001"}},"EventData":{"MessageNumber":1,"MessageTotal":1,"ScriptBlockText":"{$Char = $_.ToString().ToLower(); If(Get-Random -Input @(0..1)) {$Char = $Char.ToUpper()} $Char}","ScriptBlockId":"9e99aeac-33ed-40bc-a5ae-52aaa0aeb567","Path":"C:\\Users\\student\\Desktop\\Invoke-Obfuscation-master\\Out-SecureStringCommand.ps1"}}}
{"Event_attributes":{"xmlns":"http://schemas.microsoft.com/win/2004/08/events/event"},"Event":{"System":{"Provider_attributes":{"Name":"Microsoft-Windows-PowerShell","Guid":"A0C1853B-5C40-4B15-8766-3CF1C58F985A"},"EventID":4104,"Version":1,"Level":5,"Task":2,"Opcode":15,"Keywords":"0x0","TimeCreated_attributes":{"SystemTime":"2017-08-30T19:12:09.191934Z"},"EventRecordID":626676,"Correlation_attributes":{"ActivityID":"CF705CDF-21A7-0000-6567-72CFA721D301"},"Execution_attributes":{"ProcessID":5092,"ThreadID":4352},"Channel":"Microsoft-Windows-PowerShell/Operational","Computer":"SEC511","Security_attributes":{"UserID":"S-1-5-21-1552841522-3835366585-4197357653-1001"}},"EventData":{"MessageNumber":1,"MessageTotal":1,"ScriptBlockText":"{$Char = $_.ToString().ToLower(); If(Get-Random -Input @(0..1)) {$Char = $Char.ToUpper()} $Char}","ScriptBlockId":"2ccbff5d-281a-4073-b373-ba9ba83fbdcf","Path":"C:\\Users\\student\\Desktop\\Invoke-Obfuscation-master\\Out-SecureStringCommand.ps1"}}}
{"Event_attributes":{"xmlns":"http://schemas.microsoft.com/win/2004/08/events/event"},"Event":{"System":{"Provider_attributes":{"Name":"Microsoft-Windows-PowerShell","Guid":"A0C1853B-5C40-4B15-8766-3CF1C58F985A"},"EventID":4104,"Version":1,"Level":5,"Task":2,"Opcode":15,"Keywords":"0x0","TimeCreated_attributes":{"SystemTime":"2017-08-30T19:12:09.237847Z"},"EventRecordID":626751,"Correlation_attributes":{"ActivityID":"CF705CDF-21A7-0000-7B67-72CFA721D301"},"Execution_attributes":{"ProcessID":5092,"ThreadID":4352},"Channel":"Microsoft-Windows-PowerShell/Operational","Computer":"SEC511","Security_attributes":{"UserID":"S-1-5-21-1552841522-3835366585-4197357653-1001"}},"EventData":{"MessageNumber":1,"MessageTotal":1,"ScriptBlockText":"{$Char = $_.ToString().ToLower(); If(Get-Random -Input @(0..1)) {$Char = $Char.ToUpper()} $Char}","ScriptBlockId":"1131f101-d61c-4e01-bf3a-50f91c32b7bd","Path":"C:\\Users\\student\\Desktop\\Invoke-Obfuscation-master\\Out-SecureStringCommand.ps1"}}}
{"Event_attributes":{"xmlns":"http://schemas.microsoft.com/win/2004/08/events/event"},"Event":{"System":{"Provider_attributes":{"Name":"Microsoft-Windows-PowerShell","Guid":"A0C1853B-5C40-4B15-8766-3CF1C58F985A"},"EventID":4104,"Version":1,"Level":3,"Task":2,"Opcode":15,"Keywords":"0x0","TimeCreated_attributes":{"SystemTime":"2017-08-30T19:12:28.360289Z"},"EventRecordID":626853,"Correlation_attributes":{"ActivityID":"CF705CDF-21A7-0000-A767-72CFA721D301"},"Execution_attributes":{"ProcessID":5092,"ThreadID":4352},"Channel":"Microsoft-Windows-PowerShell/Operational","Computer":"SEC511","Security_attributes":{"UserID":"S-1-5-21-1552841522-3835366585-4197357653-1001"}},"EventData":{"MessageNumber":1,"MessageTotal":1,"ScriptBlockText":" iNVOkE-expRessION (( [RUNTiMe.inTEROPsErVices.MARsHaL]::ptrTOsTRINgautO( [runTIME.IntErOPsERvIceS.MarSHAL]::SEcureSTRIngtObsTr($('76492d1116743f0423413b16050a5345MgB8AFEAcwB0AHAAaAAwAGEAWABRAG8AcgBMAEMAdAAyAFgANwAyAGsATABCAFEAPQA9AHwAZQBjADMAOAAxAGYAOAA4ADcANAA2ADIAYQAzADgANwBjADIANgAyAGYAYQA0ADYAYgBhADAANgBmADkAZgA4AGYAZQBiADQANgBlADAAYwAxADYAYwBmADIAZABhADEAMgA5ADQANwA0ADEAMAA1ADAAYQA1ADQAMwBmADAAMAAyAGEAYgBiADMAMQBhADgAMgBjADUAYQBkADcAMwBlADAAMQA4ADAANABiADEAYwA2AGQAOQAwADMAMgA0ADYAMgA5ADcAZgAwAGMAMwBkADUANABiAGYAOAAwADEAMQBmAGIAYQBhADAAOABiADIANwAxADQAMgAxADUANgAxADQAZgBlAGYAOQBiADQAMwAwADEAMAA3ADQAZQA3AGMAYgBkADQANQBlADAANwBkADYAYQBhADMAYwA1AGUAZQBhAGUANAAzADEANgBlAGQAOQA4ADcAMQAyADYAOABlADEAMgAxADkAYQBmADgANwBkAGIAOQBhADMAYgAzAGQAZAA1AGMANAA4ADcAZgBhAGYAYQBhAGUAZQBmAGIAOAA2ADAAMAAwADkAYgAwAGEAZgA1AGEAYwBmADUANgBjAGIAMQA5ADIAYQBmADYAYwAzADAAYwBlADYAYwA3AGIANQAxAGEAMQBlADMANwBjADYAMgBmAGQAZAAxADUAMAA0ADcAMQBiAGMAOQBkAGQAOAA5ADYAMwAwAGEAOQBjAGUANQAzADQANwA2ADkAZgAyAGYAOQA2ADgANgA2ADEAMQAxADkAYwBkADYAZQA2AGQAZABlAGEANgBlAGMAYwA0ADYANwBjAGMAYQAyADAAMQBmADUAZgA4ADUANAA4ADMANwA2AGYAOAAxADIAYQBhAGUAYgBjADMAYQAwADYAOQA5AGMAZQBjADkAOQAzADkAMQA0ADIANAAyAGEAZgAwAGUAYwA2ADIANwBlAGUANwBmADQANwBmADgAMgA2ADkANQAxAGMAMwBmAGQAMQA5ADMANwAzAGEAOAA0AGQANAA2AGIAZAA3ADQAYgAwAGIAMQAwADIAZgBkADMAYQBmADEAYgBiADkAYgAzADYAMQA5ADQANQA2ADQAMQA1ADcAMwA2ADYAMQA0ADAAMABlAGQANAAyADQAYQA2ADYAMwA0AGMAZQBiAGUAZQBkADUAYgAxADkANwBlAGMANgA1ADkANQAyADcAYQBmADYAYQA0ADYAMQBmAGUAOABkADEAOAAwAGMAMwBkAGUAYgBlAGEAMAAzADIAYgA1ADYAYQA5AGEAMABjADYAZAAwADQANABiAGYAZABjADMANwA0ADgAYwA1ADMAZQBjAGQAMQA4ADAAMQAwAGIAYQBhAGEAMAA1AGUAZgAyAGUAZABlAGMAMwA5ADkAMQAyADAAZgBjADgANwAyAGEANwA3ADcAOQA2AGUAZQBjADkAYwAwADIANQBjAGIAOAA2AGQAOQBkAGQAMQBjAGUANABlAGUAMABjADcAMQA3ADkANQAzAGQAOQA3AGUAYgBjAGEANgBmADMANwAxADYAMwBiAGMAYgA5ADQANQAxADQANAAxAGQAMABiADIAMQA0ADEAMQA3ADUAMAA4AGEAMAA4ADUAOABlADcAOABlADYANQA2ADQAZQAwADcANAA3ADYANQA5ADYAYQA5ADcANgAyADgANwAyADIAMwAyADEAZgA1ADkAYgBkADUANgA0AGEAMgBlAGEAYwBiADUAZQAwAGEANQAxAGEAOQAwADMANQA2ADYAMQBiAGMAYQA2ADgAMQA3ADAAOQBjADgAMwA5AGQAOQBhADUANgA1ADIAMABlADMAMgBiAGIAMwA4ADMAZAA5ADQAYwAxAGUANgBlADcANQBmAGIAOQAzADAANAAwAGMAZAA1AGQAYwA5AGEAMgA2ADcAMABjADcAOABhADQANgBiAGUAYQA4ADUAMgA='|CoNverTTo-secuReStriNG -k  82,189,200,92,184,235,46,38,211,250,202,240,198,208,70,100,210,121,211,227,2,148,77,154,149,200,93,130,24,30,119,255) ) )) ) ","ScriptBlockId":"657c48fd-8151-44ee-bc55-27d5d8c9f1ba","Path":""}}}
