{"Event_attributes":{"xmlns":"http://schemas.microsoft.com/win/2004/08/events/event"},"Event":{"System":{"Provider_attributes":{"Name":"Microsoft-Windows-Eventlog","Guid":"{fc65ddd8-d6ef-4962-83d5-6e5cfe9ce148}"},"EventID":1102,"Version":0,"Level":4,"Task":104,"Opcode":0,"Keywords":"0x4020000000000000","TimeCreated_attributes":{"SystemTime":"2016-09-20T18:27:25.424804Z"},"EventRecordID":13343,"Correlation":null,"Execution_attributes":{"ProcessID":728,"ThreadID":3888},"Channel":"Security","Computer":"IE10Win7","Security":null},"UserData":{"LogFileCleared_attributes":{"xmlns:auto-ns3":"http://schemas.microsoft.com/win/2004/08/events","xmlns":"http://manifests.microsoft.com/win/2004/08/windows/eventlog"},"LogFileCleared":{"SubjectUserSid":"S-1-5-21-3463664321-2923530833-3546627382-1000","SubjectUserName":"IEUser","SubjectDomainName":"IE10WIN7","SubjectLogonId":"0x6793c"}}}}
{"Event_attributes":{"xmlns":"http://schemas.microsoft.com/win/2004/08/events/event"},"Event":{"System":{"Provider_attributes":{"Name":"Microsoft-Windows-Security-Auditing","Guid":"54849625-5478-4994-A5BA-3E3B0328C30D"},"EventID":4688,"Version":1,"Level":0,"Task":13312,"Opcode":0,"Keywords":"0x8020000000000000","TimeCreated_attributes":{"SystemTime":"2016-09-20T18:27:39.918945Z"},"EventRecordID":13344,"Correlation":null,"Execution_attributes":{"ProcessID":4,"ThreadID":60},"Channel":"Security","Computer":"IE10Win7","Security":null},"EventData":{"SubjectUserSid":"S-1-5-18","SubjectUserName":"IE10WIN7$","SubjectDomainName":"WORKGROUP","SubjectLogonId":"0x3e7","NewProcessId":"0xdec","NewProcessName":"C:\\Windows\\System32\\dllhost.exe","TokenElevationType":"%%1938","ProcessId":"0x248","CommandLine":"C:\\Windows\\system32\\DllHost.exe /Processid:{AB8902B4-09CA-4BB6-B78D-A8F59079A8D5}"}}}
{"Event_attributes":{"xmlns":"http://schemas.microsoft.com/win/2004/08/events/event"},"Event":{"System":{"Provider_attributes":{"Name":"Microsoft-Windows-Security-Auditing","Guid":"54849625-5478-4994-A5BA-3E3B0328C30D"},"EventID":4688,"Version":1,"Level":0,"Task":13312,"Opcode":0,"Keywords":"0x8020000000000000","TimeCreated_attributes":{"SystemTime":"2016-09-20T18:27:41.075195Z"},"EventRecordID":13345,"Correlation":null,"Execution_attributes":{"ProcessID":4,"ThreadID":60},"Channel":"Security","Computer":"IE10Win7","Security":null},"EventData":{"SubjectUserSid":"S-1-5-18","SubjectUserName":"IE10WIN7$","SubjectDomainName":"WORKGROUP","SubjectLogonId":"0x3e7","NewProcessId":"0xab0","NewProcessName":"C:\\Windows\\System32\\consent.exe","TokenElevationType":"%%1936","ProcessId":"0x364","CommandLine":"consent.exe 868 372 02C77AE0"}}}
{"Event_attributes":{"xmlns":"http://schemas.microsoft.com/win/2004/08/events/event"},"Event":{"System":{"Provider_attributes":{"Name":"Microsoft-Windows-Security-Auditing","Guid":"54849625-5478-4994-A5BA-3E3B0328C30D"},"EventID":4688,"Version":1,"Level":0,"Task":13312,"Opcode":0,"Keywords":"0x8020000000000000","TimeCreated_attributes":{"SystemTime":"2016-09-20T18:27:42.755859Z"},"EventRecordID":13346,"Correlation":null,"Execution_attributes":{"ProcessID":4,"ThreadID":56},"Channel":"Security","Computer":"IE10Win7","Security":null},"EventData":{"SubjectUserSid":"S-1-5-18","SubjectUserName":"IE10WIN7$","SubjectDomainName":"WORKGROUP","SubjectLogonId":"0x3e7","NewProcessId":"0x620","NewProcessName":"C:\\Windows\\System32\\dllhost.exe","TokenElevationType":"%%1936","ProcessId":"0x248","CommandLine":"C:\\Windows\\system32\\DllHost.exe /Processid:{E10F6C3A-F1AE-4ADC-AA9D-2FE65525666E}"}}}
{"Event_attributes":{"xmlns":"http://schemas.microsoft.com/win/2004/08/events/event"},"Event":{"System":{"Provider_attributes":{"Name":"Microsoft-Windows-Security-Auditing","Guid":"54849625-5478-4994-A5BA-3E3B0328C30D"},"EventID":4688,"Version":1,"Level":0,"Task":13312,"Opcode":0,"Keywords":"0x8020000000000000","TimeCreated_attributes":{"SystemTime":"2016-09-20T18:27:42.802734Z"},"EventRecordID":13347,"Correlation":null,"Execution_attributes":{"ProcessID":4,"ThreadID":56},"Channel":"Security","Computer":"IE10Win7","Security":null},"EventData":{"SubjectUserSid":"S-1-5-18","SubjectUserName":"IE10WIN7$","SubjectDomainName":"WORKGROUP","SubjectLogonId":"0x3e7","NewProcessId":"0x3bc","NewProcessName":"C:\\Windows\\System32\\dllhost.exe","TokenElevationType":"%%1936","ProcessId":"0x248","CommandLine":"C:\\Windows\\system32\\DllHost.exe /Processid:{E10F6C3A-F1AE-4ADC-AA9D-2FE65525666E}"}}}
{"Event_attributes":{"xmlns":"http://schemas.microsoft.com/win/2004/08/events/event"},"Event":{"System":{"Provider_attributes":{"Name":"Microsoft-Windows-Security-Auditing","Guid":"54849625-5478-4994-A5BA-3E3B0328C30D"},"EventID":4688,"Version":1,"Level":0,"Task":13312,"Opcode":0,"Keywords":"0x8020000000000000","TimeCreated_attributes":{"SystemTime":"2016-09-20T18:27:43.068359Z"},"EventRecordID":13348,"Correlation":null,"Execution_attributes":{"ProcessID":4,"ThreadID":56},"Channel":"Security","Computer":"IE10Win7","Security":null},"EventData":{"SubjectUserSid":"S-1-5-18","SubjectUserName":"IE10WIN7$","SubjectDomainName":"WORKGROUP","SubjectLogonId":"0x3e7","NewProcessId":"0xccc","NewProcessName":"C:\\Users\\IEUser\\Desktop\\PSAttack\\x86\\PSAttack.exe","TokenElevationType":"%%1937","ProcessId":"0xa38","CommandLine":"\"C:\\Users\\IEUser\\Desktop\\PSAttack\\x86\\PSAttack.exe\" "}}}
{"Event_attributes":{"xmlns":"http://schemas.microsoft.com/win/2004/08/events/event"},"Event":{"System":{"Provider_attributes":{"Name":"Microsoft-Windows-Security-Auditing","Guid":"54849625-5478-4994-A5BA-3E3B0328C30D"},"EventID":4688,"Version":1,"Level":0,"Task":13312,"Opcode":0,"Keywords":"0x8020000000000000","TimeCreated_attributes":{"SystemTime":"2016-09-20T18:27:43.646484Z"},"EventRecordID":13349,"Correlation":null,"Execution_attributes":{"ProcessID":4,"ThreadID":56},"Channel":"Security","Computer":"IE10Win7","Security":null},"EventData":{"SubjectUserSid":"S-1-5-18","SubjectUserName":"IE10WIN7$","SubjectDomainName":"WORKGROUP","SubjectLogonId":"0x3e7","NewProcessId":"0x208","NewProcessName":"C:\\Windows\\System32\\conhost.exe","TokenElevationType":"%%1937","ProcessId":"0x16c","CommandLine":"\\??\\C:\\Windows\\system32\\conhost.exe \"-8234287251560204898-122453118752460559513928297021777190357195881609-1677806466\""}}}
{"Event_attributes":{"xmlns":"http://schemas.microsoft.com/win/2004/08/events/event"},"Event":{"System":{"Provider_attributes":{"Name":"Microsoft-Windows-Security-Auditing","Guid":"54849625-5478-4994-A5BA-3E3B0328C30D"},"EventID":4688,"Version":1,"Level":0,"Task":13312,"Opcode":0,"Keywords":"0x8020000000000000","TimeCreated_attributes":{"SystemTime":"2016-09-20T18:27:44.943359Z"},"EventRecordID":13350,"Correlation":null,"Execution_attributes":{"ProcessID":4,"ThreadID":60},"Channel":"Security","Computer":"IE10Win7","Security":null},"EventData":{"SubjectUserSid":"S-1-5-21-3463664321-2923530833-3546627382-1000","SubjectUserName":"IEUser","SubjectDomainName":"IE10WIN7","SubjectLogonId":"0x6793c","NewProcessId":"0xc58","NewProcessName":"C:\\Windows\\Microsoft.NET\\Framework\\v4.0.30319\\csc.exe","TokenElevationType":"%%1937","ProcessId":"0xccc","CommandLine":"\"C:\\Windows\\Microsoft.NET\\Framework\\v4.0.30319\\csc.exe\" /noconfig /fullpaths @\"C:\\Users\\IEUser\\AppData\\Local\\Temp\\g4g34pot.cmdline\""}}}
{"Event_attributes":{"xmlns":"http://schemas.microsoft.com/win/2004/08/events/event"},"Event":{"System":{"Provider_attributes":{"Name":"Microsoft-Windows-Security-Auditing","Guid":"54849625-5478-4994-A5BA-3E3B0328C30D"},"EventID":4688,"Version":1,"Level":0,"Task":13312,"Opcode":0,"Keywords":"0x8020000000000000","TimeCreated_attributes":{"SystemTime":"2016-09-20T18:27:45.115234Z"},"EventRecordID":13351,"Correlation":null,"Execution_attributes":{"ProcessID":4,"ThreadID":60},"Channel":"Security","Computer":"IE10Win7","Security":null},"EventData":{"SubjectUserSid":"S-1-5-21-3463664321-2923530833-3546627382-1000","SubjectUserName":"IEUser","SubjectDomainName":"IE10WIN7","SubjectLogonId":"0x6793c","NewProcessId":"0x6fc","NewProcessName":"C:\\Windows\\Microsoft.NET\\Framework\\v4.0.30319\\cvtres.exe","TokenElevationType":"%%1937","ProcessId":"0xc58","CommandLine":"C:\\Windows\\Microsoft.NET\\Framework\\v4.0.30319\\cvtres.exe /NOLOGO /READONLY /MACHINE:IX86 \"/OUT:C:\\Users\\IEUser\\AppData\\Local\\Temp\\RESADB2.tmp\" \"c:\\Users\\IEUser\\AppData\\Local\\Temp\\CSC4EC78419D61349E285CD9DBCB3C7409.TMP\""}}}
{"Event_attributes":{"xmlns":"http://schemas.microsoft.com/win/2004/08/events/event"},"Event":{"System":{"Provider_attributes":{"Name":"Microsoft-Windows-Security-Auditing","Guid":"54849625-5478-4994-A5BA-3E3B0328C30D"},"EventID":4688,"Version":1,"Level":0,"Task":13312,"Opcode":0,"Keywords":"0x8020000000000000","TimeCreated_attributes":{"SystemTime":"2016-09-20T18:28:53.990234Z"},"EventRecordID":13352,"Correlation":null,"Execution_attributes":{"ProcessID":4,"ThreadID":60},"Channel":"Security","Computer":"IE10Win7","Security":null},"EventData":{"SubjectUserSid":"S-1-5-18","SubjectUserName":"IE10WIN7$","SubjectDomainName":"WORKGROUP","SubjectLogonId":"0x3e7","NewProcessId":"0x8b4","NewProcessName":"C:\\Windows\\System32\\consent.exe","TokenElevationType":"%%1936","ProcessId":"0x364","CommandLine":"consent.exe 868 372 02C77AE0"}}}
{"Event_attributes":{"xmlns":"http://schemas.microsoft.com/win/2004/08/events/event"},"Event":{"System":{"Provider_attributes":{"Name":"Microsoft-Windows-Security-Auditing","Guid":"54849625-5478-4994-A5BA-3E3B0328C30D"},"EventID":4688,"Version":1,"Level":0,"Task":13312,"Opcode":0,"Keywords":"0x8020000000000000","TimeCreated_attributes":{"SystemTime":"2016-09-20T18:28:55.689453Z"},"EventRecordID":13353,"Correlation":null,"Execution_attributes":{"ProcessID":4,"ThreadID":60},"Channel":"Security","Computer":"IE10Win7","Security":null},"EventData":{"SubjectUserSid":"S-1-5-18","SubjectUserName":"IE10WIN7$","SubjectDomainName":"WORKGROUP","SubjectLogonId":"0x3e7","NewProcessId":"0x234","NewProcessName":"C:\\Windows\\System32\\dllhost.exe","TokenElevationType":"%%1936","ProcessId":"0x248","CommandLine":"C:\\Windows\\system32\\DllHost.exe /Processid:{E10F6C3A-F1AE-4ADC-AA9D-2FE65525666E}"}}}
{"Event_attributes":{"xmlns":"http://schemas.microsoft.com/win/2004/08/events/event"},"Event":{"System":{"Provider_attributes":{"Name":"Microsoft-Windows-Security-Auditing","Guid":"54849625-5478-4994-A5BA-3E3B0328C30D"},"EventID":4688,"Version":1,"Level":0,"Task":13312,"Opcode":0,"Keywords":"0x8020000000000000","TimeCreated_attributes":{"SystemTime":"2016-09-20T18:28:55.705078Z"},"EventRecordID":13354,"Correlation":null,"Execution_attributes":{"ProcessID":4,"ThreadID":60},"Channel":"Security","Computer":"IE10Win7","Security":null},"EventData":{"SubjectUserSid":"S-1-5-18","SubjectUserName":"IE10WIN7$","SubjectDomainName":"WORKGROUP","SubjectLogonId":"0x3e7","NewProcessId":"0x924","NewProcessName":"C:\\Windows\\System32\\dllhost.exe","TokenElevationType":"%%1936","ProcessId":"0x248","CommandLine":"C:\\Windows\\system32\\DllHost.exe /Processid:{E10F6C3A-F1AE-4ADC-AA9D-2FE65525666E}"}}}
{"Event_attributes":{"xmlns":"http://schemas.microsoft.com/win/2004/08/events/event"},"Event":{"System":{"Provider_attributes":{"Name":"Microsoft-Windows-Security-Auditing","Guid":"54849625-5478-4994-A5BA-3E3B0328C30D"},"EventID":4688,"Version":1,"Level":0,"Task":13312,"Opcode":0,"Keywords":"0x8020000000000000","TimeCreated_attributes":{"SystemTime":"2016-09-20T18:28:55.986328Z"},"EventRecordID":13355,"Correlation":null,"Execution_attributes":{"ProcessID":4,"ThreadID":60},"Channel":"Security","Computer":"IE10Win7","Security":null},"EventData":{"SubjectUserSid":"S-1-5-18","SubjectUserName":"IE10WIN7$","SubjectDomainName":"WORKGROUP","SubjectLogonId":"0x3e7","NewProcessId":"0x480","NewProcessName":"C:\\Users\\IEUser\\Desktop\\PSAttack\\x86\\PSAttack.exe","TokenElevationType":"%%1937","ProcessId":"0xa38","CommandLine":"\"C:\\Users\\IEUser\\Desktop\\PSAttack\\x86\\PSAttack.exe\" "}}}
{"Event_attributes":{"xmlns":"http://schemas.microsoft.com/win/2004/08/events/event"},"Event":{"System":{"Provider_attributes":{"Name":"Microsoft-Windows-Security-Auditing","Guid":"54849625-5478-4994-A5BA-3E3B0328C30D"},"EventID":4688,"Version":1,"Level":0,"Task":13312,"Opcode":0,"Keywords":"0x8020000000000000","TimeCreated_attributes":{"SystemTime":"2016-09-20T18:28:57.158203Z"},"EventRecordID":13356,"Correlation":null,"Execution_attributes":{"ProcessID":4,"ThreadID":60},"Channel":"Security","Computer":"IE10Win7","Security":null},"EventData":{"SubjectUserSid":"S-1-5-18","SubjectUserName":"IE10WIN7$","SubjectDomainName":"WORKGROUP","SubjectLogonId":"0x3e7","NewProcessId":"0xf68","NewProcessName":"C:\\Windows\\System32\\conhost.exe","TokenElevationType":"%%1937","ProcessId":"0x16c","CommandLine":"\\??\\C:\\Windows\\system32\\conhost.exe \"343969369271284001121449151837537911164868971816505334-9019278431076314\""}}}
{"Event_attributes":{"xmlns":"http://schemas.microsoft.com/win/2004/08/events/event"},"Event":{"System":{"Provider_attributes":{"Name":"Microsoft-Windows-Security-Auditing","Guid":"54849625-5478-4994-A5BA-3E3B0328C30D"},"EventID":4688,"Version":1,"Level":0,"Task":13312,"Opcode":0,"Keywords":"0x8020000000000000","TimeCreated_attributes":{"SystemTime":"2016-09-20T18:28:58.267578Z"},"EventRecordID":13357,"Correlation":null,"Execution_attributes":{"ProcessID":4,"ThreadID":60},"Channel":"Security","Computer":"IE10Win7","Security":null},"EventData":{"SubjectUserSid":"S-1-5-21-3463664321-2923530833-3546627382-1000","SubjectUserName":"IEUser","SubjectDomainName":"IE10WIN7","SubjectLogonId":"0x6793c","NewProcessId":"0x71c","NewProcessName":"C:\\Windows\\Microsoft.NET\\Framework\\v4.0.30319\\csc.exe","TokenElevationType":"%%1937","ProcessId":"0x480","CommandLine":"\"C:\\Windows\\Microsoft.NET\\Framework\\v4.0.30319\\csc.exe\" /noconfig /fullpaths @\"C:\\Users\\IEUser\\AppData\\Local\\Temp\\wlqywrdm.cmdline\""}}}
{"Event_attributes":{"xmlns":"http://schemas.microsoft.com/win/2004/08/events/event"},"Event":{"System":{"Provider_attributes":{"Name":"Microsoft-Windows-Security-Auditing","Guid":"54849625-5478-4994-A5BA-3E3B0328C30D"},"EventID":4688,"Version":1,"Level":0,"Task":13312,"Opcode":0,"Keywords":"0x8020000000000000","TimeCreated_attributes":{"SystemTime":"2016-09-20T18:28:58.298828Z"},"EventRecordID":13358,"Correlation":null,"Execution_attributes":{"ProcessID":4,"ThreadID":60},"Channel":"Security","Computer":"IE10Win7","Security":null},"EventData":{"SubjectUserSid":"S-1-5-21-3463664321-2923530833-3546627382-1000","SubjectUserName":"IEUser","SubjectDomainName":"IE10WIN7","SubjectLogonId":"0x6793c","NewProcessId":"0x83c","NewProcessName":"C:\\Windows\\Microsoft.NET\\Framework\\v4.0.30319\\cvtres.exe","TokenElevationType":"%%1937","ProcessId":"0x71c","CommandLine":"C:\\Windows\\Microsoft.NET\\Framework\\v4.0.30319\\cvtres.exe /NOLOGO /READONLY /MACHINE:IX86 \"/OUT:C:\\Users\\IEUser\\AppData\\Local\\Temp\\RESCB96.tmp\" \"c:\\Users\\IEUser\\AppData\\Local\\Temp\\CSCDD7CF7985DD64D48B389AD7A587C926D.TMP\""}}}
{"Event_attributes":{"xmlns":"http://schemas.microsoft.com/win/2004/08/events/event"},"Event":{"System":{"Provider_attributes":{"Name":"Microsoft-Windows-Security-Auditing","Guid":"54849625-5478-4994-A5BA-3E3B0328C30D"},"EventID":4688,"Version":1,"Level":0,"Task":13312,"Opcode":0,"Keywords":"0x8020000000000000","TimeCreated_attributes":{"SystemTime":"2016-09-20T18:33:00.001953Z"},"EventRecordID":13359,"Correlation":null,"Execution_attributes":{"ProcessID":4,"ThreadID":60},"Channel":"Security","Computer":"IE10Win7","Security":null},"EventData":{"SubjectUserSid":"S-1-5-18","SubjectUserName":"IE10WIN7$","SubjectDomainName":"WORKGROUP","SubjectLogonId":"0x3e7","NewProcessId":"0xd38","NewProcessName":"C:\\Windows\\System32\\taskeng.exe","TokenElevationType":"%%1936","ProcessId":"0x364","CommandLine":"taskeng.exe {60B7FFC4-7C31-4F3E-AD3E-368D22AC9E29} S-1-5-18:NT AUTHORITY\\System:Service:"}}}
{"Event_attributes":{"xmlns":"http://schemas.microsoft.com/win/2004/08/events/event"},"Event":{"System":{"Provider_attributes":{"Name":"Microsoft-Windows-Security-Auditing","Guid":"54849625-5478-4994-A5BA-3E3B0328C30D"},"EventID":4688,"Version":1,"Level":0,"Task":13312,"Opcode":0,"Keywords":"0x8020000000000000","TimeCreated_attributes":{"SystemTime":"2016-09-20T18:33:00.111328Z"},"EventRecordID":13360,"Correlation":null,"Execution_attributes":{"ProcessID":4,"ThreadID":60},"Channel":"Security","Computer":"IE10Win7","Security":null},"EventData":{"SubjectUserSid":"S-1-5-18","SubjectUserName":"IE10WIN7$","SubjectDomainName":"WORKGROUP","SubjectLogonId":"0x3e7","NewProcessId":"0xc24","NewProcessName":"C:\\Program Files\\Google\\Update\\GoogleUpdate.exe","TokenElevationType":"%%1936","ProcessId":"0xd38","CommandLine":"\"C:\\Program Files\\Google\\Update\\GoogleUpdate.exe\" /ua /installsource scheduler"}}}
{"Event_attributes":{"xmlns":"http://schemas.microsoft.com/win/2004/08/events/event"},"Event":{"System":{"Provider_attributes":{"Name":"Microsoft-Windows-Security-Auditing","Guid":"54849625-5478-4994-A5BA-3E3B0328C30D"},"EventID":4688,"Version":1,"Level":0,"Task":13312,"Opcode":0,"Keywords":"0x8020000000000000","TimeCreated_attributes":{"SystemTime":"2016-09-20T18:33:10.955078Z"},"EventRecordID":13361,"Correlation":null,"Execution_attributes":{"ProcessID":4,"ThreadID":60},"Channel":"Security","Computer":"IE10Win7","Security":null},"EventData":{"SubjectUserSid":"S-1-5-18","SubjectUserName":"IE10WIN7$","SubjectDomainName":"WORKGROUP","SubjectLogonId":"0x3e7","NewProcessId":"0x8d4","NewProcessName":"C:\\Program Files\\Google\\Update\\GoogleUpdate.exe","TokenElevationType":"%%1936","ProcessId":"0x1cc","CommandLine":"\"C:\\Program Files\\Google\\Update\\GoogleUpdate.exe\" /svc"}}}
{"Event_attributes":{"xmlns":"http://schemas.microsoft.com/win/2004/08/events/event"},"Event":{"System":{"Provider_attributes":{"Name":"Microsoft-Windows-Security-Auditing","Guid":"54849625-5478-4994-A5BA-3E3B0328C30D"},"EventID":4688,"Version":1,"Level":0,"Task":13312,"Opcode":0,"Keywords":"0x8020000000000000","TimeCreated_attributes":{"SystemTime":"2016-09-20T18:33:13.923828Z"},"EventRecordID":13362,"Correlation":null,"Execution_attributes":{"ProcessID":4,"ThreadID":60},"Channel":"Security","Computer":"IE10Win7","Security":null},"EventData":{"SubjectUserSid":"S-1-5-21-3463664321-2923530833-3546627382-1000","SubjectUserName":"IEUser","SubjectDomainName":"IE10WIN7","SubjectLogonId":"0x6793c","NewProcessId":"0x920","NewProcessName":"C:\\Windows\\Microsoft.NET\\Framework\\v4.0.30319\\csc.exe","TokenElevationType":"%%1937","ProcessId":"0x480","CommandLine":"\"C:\\Windows\\Microsoft.NET\\Framework\\v4.0.30319\\csc.exe\" /noconfig /fullpaths @\"C:\\Users\\IEUser\\AppData\\Local\\Temp\\0xqpayvt.cmdline\""}}}
{"Event_attributes":{"xmlns":"http://schemas.microsoft.com/win/2004/08/events/event"},"Event":{"System":{"Provider_attributes":{"Name":"Microsoft-Windows-Security-Auditing","Guid":"54849625-5478-4994-A5BA-3E3B0328C30D"},"EventID":4688,"Version":1,"Level":0,"Task":13312,"Opcode":0,"Keywords":"0x8020000000000000","TimeCreated_attributes":{"SystemTime":"2016-09-20T18:33:13.986328Z"},"EventRecordID":13363,"Correlation":null,"Execution_attributes":{"ProcessID":4,"ThreadID":60},"Channel":"Security","Computer":"IE10Win7","Security":null},"EventData":{"SubjectUserSid":"S-1-5-21-3463664321-2923530833-3546627382-1000","SubjectUserName":"IEUser","SubjectDomainName":"IE10WIN7","SubjectLogonId":"0x6793c","NewProcessId":"0x9e4","NewProcessName":"C:\\Windows\\Microsoft.NET\\Framework\\v4.0.30319\\cvtres.exe","TokenElevationType":"%%1937","ProcessId":"0x920","CommandLine":"C:\\Windows\\Microsoft.NET\\Framework\\v4.0.30319\\cvtres.exe /NOLOGO /READONLY /MACHINE:IX86 \"/OUT:C:\\Users\\IEUser\\AppData\\Local\\Temp\\RESB25D.tmp\" \"c:\\Users\\IEUser\\AppData\\Local\\Temp\\CSCAE981B6C775D478784A2D2A90379D51.TMP\""}}}
{"Event_attributes":{"xmlns":"http://schemas.microsoft.com/win/2004/08/events/event"},"Event":{"System":{"Provider_attributes":{"Name":"Microsoft-Windows-Security-Auditing","Guid":"54849625-5478-4994-A5BA-3E3B0328C30D"},"EventID":4688,"Version":1,"Level":0,"Task":13312,"Opcode":0,"Keywords":"0x8020000000000000","TimeCreated_attributes":{"SystemTime":"2016-09-20T18:41:27.017578Z"},"EventRecordID":13364,"Correlation":null,"Execution_attributes":{"ProcessID":4,"ThreadID":60},"Channel":"Security","Computer":"IE10Win7","Security":null},"EventData":{"SubjectUserSid":"S-1-5-21-3463664321-2923530833-3546627382-1000","SubjectUserName":"IEUser","SubjectDomainName":"IE10WIN7","SubjectLogonId":"0x6793c","NewProcessId":"0x760","NewProcessName":"C:\\Windows\\Microsoft.NET\\Framework\\v4.0.30319\\csc.exe","TokenElevationType":"%%1937","ProcessId":"0x480","CommandLine":"\"C:\\Windows\\Microsoft.NET\\Framework\\v4.0.30319\\csc.exe\" /noconfig /fullpaths @\"C:\\Users\\IEUser\\AppData\\Local\\Temp\\kwos13rh.cmdline\""}}}
{"Event_attributes":{"xmlns":"http://schemas.microsoft.com/win/2004/08/events/event"},"Event":{"System":{"Provider_attributes":{"Name":"Microsoft-Windows-Security-Auditing","Guid":"54849625-5478-4994-A5BA-3E3B0328C30D"},"EventID":4688,"Version":1,"Level":0,"Task":13312,"Opcode":0,"Keywords":"0x8020000000000000","TimeCreated_attributes":{"SystemTime":"2016-09-20T18:41:27.064453Z"},"EventRecordID":13365,"Correlation":null,"Execution_attributes":{"ProcessID":4,"ThreadID":60},"Channel":"Security","Computer":"IE10Win7","Security":null},"EventData":{"SubjectUserSid":"S-1-5-21-3463664321-2923530833-3546627382-1000","SubjectUserName":"IEUser","SubjectDomainName":"IE10WIN7","SubjectLogonId":"0x6793c","NewProcessId":"0x664","NewProcessName":"C:\\Windows\\Microsoft.NET\\Framework\\v4.0.30319\\cvtres.exe","TokenElevationType":"%%1937","ProcessId":"0x760","CommandLine":"C:\\Windows\\Microsoft.NET\\Framework\\v4.0.30319\\cvtres.exe /NOLOGO /READONLY /MACHINE:IX86 \"/OUT:C:\\Users\\IEUser\\AppData\\Local\\Temp\\RES3874.tmp\" \"c:\\Users\\IEUser\\AppData\\Local\\Temp\\CSC14C61BA389694F5FAB6FBD8E9CFA7CEF.TMP\""}}}
{"Event_attributes":{"xmlns":"http://schemas.microsoft.com/win/2004/08/events/event"},"Event":{"System":{"Provider_attributes":{"Name":"Microsoft-Windows-Security-Auditing","Guid":"54849625-5478-4994-A5BA-3E3B0328C30D"},"EventID":4688,"Version":1,"Level":0,"Task":13312,"Opcode":0,"Keywords":"0x8020000000000000","TimeCreated_attributes":{"SystemTime":"2016-09-20T18:42:08.861328Z"},"EventRecordID":13366,"Correlation":null,"Execution_attributes":{"ProcessID":4,"ThreadID":60},"Channel":"Security","Computer":"IE10Win7","Security":null},"EventData":{"SubjectUserSid":"S-1-5-18","SubjectUserName":"IE10WIN7$","SubjectDomainName":"WORKGROUP","SubjectLogonId":"0x3e7","NewProcessId":"0xa8c","NewProcessName":"C:\\Windows\\System32\\wbem\\WmiPrvSE.exe","TokenElevationType":"%%1936","ProcessId":"0x248","CommandLine":"C:\\Windows\\system32\\wbem\\wmiprvse.exe -secured -Embedding"}}}
