{"Event_attributes":{"xmlns":"http://schemas.microsoft.com/win/2004/08/events/event"},"Event":{"System":{"Provider_attributes":{"Name":"Microsoft-Windows-Security-Auditing","Guid":"54849625-5478-4994-A5BA-3E3B0328C30D"},"EventID":4625,"Version":0,"Level":0,"Task":12544,"Opcode":0,"Keywords":"0x8010000000000000","TimeCreated_attributes":{"SystemTime":"2016-09-19T16:50:39.760125Z"},"EventRecordID":3203,"Correlation_attributes":{"ActivityID":"B864D168-0B7B-0000-89D1-64B87B0BD201"},"Execution_attributes":{"ProcessID":752,"ThreadID":2828},"Channel":"Security","Computer":"DESKTOP-M5SN04R","Security":null},"EventData":{"SubjectUserSid":"S-1-0-0","SubjectUserName":"-","SubjectDomainName":"-","SubjectLogonId":"0x0","TargetUserSid":"S-1-0-0","TargetUserName":"Administrator","TargetDomainName":".","Status":"0xc000006d","FailureReason":"%%2313","SubStatus":"0xc000006a","LogonType":3,"LogonProcessName":"NtLmSsp ","AuthenticationPackageName":"NTLM","WorkstationName":"MHO1X0zwmoWotcM4","TransmittedServices":"-","LmPackageName":"-","KeyLength":0,"ProcessId":"0x0","ProcessName":"-","IpAddress":"192.168.198.149","IpPort":"36583"}}}
{"Event_attributes":{"xmlns":"http://schemas.microsoft.com/win/2004/08/events/event"},"Event":{"System":{"Provider_attributes":{"Name":"Microsoft-Windows-Security-Auditing","Guid":"54849625-5478-4994-A5BA-3E3B0328C30D"},"EventID":4625,"Version":0,"Level":0,"Task":12544,"Opcode":0,"Keywords":"0x8010000000000000","TimeCreated_attributes":{"SystemTime":"2016-09-19T16:50:39.796206Z"},"EventRecordID":3204,"Correlation_attributes":{"ActivityID":"B864D168-0B7B-0000-89D1-64B87B0BD201"},"Execution_attributes":{"ProcessID":752,"ThreadID":4068},"Channel":"Security","Computer":"DESKTOP-M5SN04R","Security":null},"EventData":{"SubjectUserSid":"S-1-0-0","SubjectUserName":"-","SubjectDomainName":"-","SubjectLogonId":"0x0","TargetUserSid":"S-1-0-0","TargetUserName":"Administrator","TargetDomainName":".","Status":"0xc000006d","FailureReason":"%%2313","SubStatus":"0xc000006a","LogonType":3,"LogonProcessName":"NtLmSsp ","AuthenticationPackageName":"NTLM","WorkstationName":"Ck429g2Cs4siVVq4","TransmittedServices":"-","LmPackageName":"-","KeyLength":0,"ProcessId":"0x0","ProcessName":"-","IpAddress":"192.168.198.149","IpPort":"54065"}}}
{"Event_attributes":{"xmlns":"http://schemas.microsoft.com/win/2004/08/events/event"},"Event":{"System":{"Provider_attributes":{"Name":"Microsoft-Windows-Security-Auditing","Guid":"54849625-5478-4994-A5BA-3E3B0328C30D"},"EventID":4625,"Version":0,"Level":0,"Task":12544,"Opcode":0,"Keywords":"0x8010000000000000","TimeCreated_attributes":{"SystemTime":"2016-09-19T16:50:39.835123Z"},"EventRecordID":3205,"Correlation_attributes":{"ActivityID":"B864D168-0B7B-0000-89D1-64B87B0BD201"},"Execution_attributes":{"ProcessID":752,"ThreadID":4068},"Channel":"Security","Computer":"DESKTOP-M5SN04R","Security":null},"EventData":{"SubjectUserSid":"S-1-0-0","SubjectUserName":"-","SubjectDomainName":"-","SubjectLogonId":"0x0","TargetUserSid":"S-1-0-0","TargetUserName":"Administrator","TargetDomainName":".","Status":"0xc000006d","FailureReason":"%%2313","SubStatus":"0xc000006a","LogonType":3,"LogonProcessName":"NtLmSsp ","AuthenticationPackageName":"NTLM","WorkstationName":"9txH9zA3oY885iTi","TransmittedServices":"-","LmPackageName":"-","KeyLength":0,"ProcessId":"0x0","ProcessName":"-","IpAddress":"192.168.198.149","IpPort":"55972"}}}
{"Event_attributes":{"xmlns":"http://schemas.microsoft.com/win/2004/08/events/event"},"Event":{"System":{"Provider_attributes":{"Name":"Microsoft-Windows-Security-Auditing","Guid":"54849625-5478-4994-A5BA-3E3B0328C30D"},"EventID":4625,"Version":0,"Level":0,"Task":12544,"Opcode":0,"Keywords":"0x8010000000000000","TimeCreated_attributes":{"SystemTime":"2016-09-19T16:50:39.876273Z"},"EventRecordID":3206,"Correlation_attributes":{"ActivityID":"B864D168-0B7B-0000-89D1-64B87B0BD201"},"Execution_attributes":{"ProcessID":752,"ThreadID":2828},"Channel":"Security","Computer":"DESKTOP-M5SN04R","Security":null},"EventData":{"SubjectUserSid":"S-1-0-0","SubjectUserName":"-","SubjectDomainName":"-","SubjectLogonId":"0x0","TargetUserSid":"S-1-0-0","TargetUserName":"Administrator","TargetDomainName":".","Status":"0xc000006d","FailureReason":"%%2313","SubStatus":"0xc000006a","LogonType":3,"LogonProcessName":"NtLmSsp ","AuthenticationPackageName":"NTLM","WorkstationName":"alIIEzE2rTrNtOtr","TransmittedServices":"-","LmPackageName":"-","KeyLength":0,"ProcessId":"0x0","ProcessName":"-","IpAddress":"192.168.198.149","IpPort":"56204"}}}
{"Event_attributes":{"xmlns":"http://schemas.microsoft.com/win/2004/08/events/event"},"Event":{"System":{"Provider_attributes":{"Name":"Microsoft-Windows-Security-Auditing","Guid":"54849625-5478-4994-A5BA-3E3B0328C30D"},"EventID":4625,"Version":0,"Level":0,"Task":12544,"Opcode":0,"Keywords":"0x8010000000000000","TimeCreated_attributes":{"SystemTime":"2016-09-19T16:50:39.921255Z"},"EventRecordID":3207,"Correlation_attributes":{"ActivityID":"B864D168-0B7B-0000-89D1-64B87B0BD201"},"Execution_attributes":{"ProcessID":752,"ThreadID":2828},"Channel":"Security","Computer":"DESKTOP-M5SN04R","Security":null},"EventData":{"SubjectUserSid":"S-1-0-0","SubjectUserName":"-","SubjectDomainName":"-","SubjectLogonId":"0x0","TargetUserSid":"S-1-0-0","TargetUserName":"Administrator","TargetDomainName":".","Status":"0xc000006d","FailureReason":"%%2313","SubStatus":"0xc000006a","LogonType":3,"LogonProcessName":"NtLmSsp ","AuthenticationPackageName":"NTLM","WorkstationName":"Ww4BXLwhaNxOttgo","TransmittedServices":"-","LmPackageName":"-","KeyLength":0,"ProcessId":"0x0","ProcessName":"-","IpAddress":"192.168.198.149","IpPort":"57354"}}}
{"Event_attributes":{"xmlns":"http://schemas.microsoft.com/win/2004/08/events/event"},"Event":{"System":{"Provider_attributes":{"Name":"Microsoft-Windows-Security-Auditing","Guid":"54849625-5478-4994-A5BA-3E3B0328C30D"},"EventID":4625,"Version":0,"Level":0,"Task":12544,"Opcode":0,"Keywords":"0x8010000000000000","TimeCreated_attributes":{"SystemTime":"2016-09-19T16:50:39.977303Z"},"EventRecordID":3208,"Correlation_attributes":{"ActivityID":"B864D168-0B7B-0000-89D1-64B87B0BD201"},"Execution_attributes":{"ProcessID":752,"ThreadID":4068},"Channel":"Security","Computer":"DESKTOP-M5SN04R","Security":null},"EventData":{"SubjectUserSid":"S-1-0-0","SubjectUserName":"-","SubjectDomainName":"-","SubjectLogonId":"0x0","TargetUserSid":"S-1-0-0","TargetUserName":"Administrator","TargetDomainName":".","Status":"0xc000006d","FailureReason":"%%2313","SubStatus":"0xc000006a","LogonType":3,"LogonProcessName":"NtLmSsp ","AuthenticationPackageName":"NTLM","WorkstationName":"GPdz2pjDocMWqctT","TransmittedServices":"-","LmPackageName":"-","KeyLength":0,"ProcessId":"0x0","ProcessName":"-","IpAddress":"192.168.198.149","IpPort":"39436"}}}
{"Event_attributes":{"xmlns":"http://schemas.microsoft.com/win/2004/08/events/event"},"Event":{"System":{"Provider_attributes":{"Name":"Microsoft-Windows-Security-Auditing","Guid":"54849625-5478-4994-A5BA-3E3B0328C30D"},"EventID":4625,"Version":0,"Level":0,"Task":12544,"Opcode":0,"Keywords":"0x8010000000000000","TimeCreated_attributes":{"SystemTime":"2016-09-19T16:50:40.016125Z"},"EventRecordID":3209,"Correlation_attributes":{"ActivityID":"B864D168-0B7B-0000-89D1-64B87B0BD201"},"Execution_attributes":{"ProcessID":752,"ThreadID":4068},"Channel":"Security","Computer":"DESKTOP-M5SN04R","Security":null},"EventData":{"SubjectUserSid":"S-1-0-0","SubjectUserName":"-","SubjectDomainName":"-","SubjectLogonId":"0x0","TargetUserSid":"S-1-0-0","TargetUserName":"Administrator","TargetDomainName":".","Status":"0xc000006d","FailureReason":"%%2313","SubStatus":"0xc000006a","LogonType":3,"LogonProcessName":"NtLmSsp ","AuthenticationPackageName":"NTLM","WorkstationName":"QOm1i2a20IDNmIu4","TransmittedServices":"-","LmPackageName":"-","KeyLength":0,"ProcessId":"0x0","ProcessName":"-","IpAddress":"192.168.198.149","IpPort":"59123"}}}
{"Event_attributes":{"xmlns":"http://schemas.microsoft.com/win/2004/08/events/event"},"Event":{"System":{"Provider_attributes":{"Name":"Microsoft-Windows-Security-Auditing","Guid":"54849625-5478-4994-A5BA-3E3B0328C30D"},"EventID":4625,"Version":0,"Level":0,"Task":12544,"Opcode":0,"Keywords":"0x8010000000000000","TimeCreated_attributes":{"SystemTime":"2016-09-19T16:50:40.056237Z"},"EventRecordID":3210,"Correlation_attributes":{"ActivityID":"B864D168-0B7B-0000-89D1-64B87B0BD201"},"Execution_attributes":{"ProcessID":752,"ThreadID":2828},"Channel":"Security","Computer":"DESKTOP-M5SN04R","Security":null},"EventData":{"SubjectUserSid":"S-1-0-0","SubjectUserName":"-","SubjectDomainName":"-","SubjectLogonId":"0x0","TargetUserSid":"S-1-0-0","TargetUserName":"Administrator","TargetDomainName":".","Status":"0xc000006d","FailureReason":"%%2313","SubStatus":"0xc000006a","LogonType":3,"LogonProcessName":"NtLmSsp ","AuthenticationPackageName":"NTLM","WorkstationName":"ukSrSu516dHlHQ94","TransmittedServices":"-","LmPackageName":"-","KeyLength":0,"ProcessId":"0x0","ProcessName":"-","IpAddress":"192.168.198.149","IpPort":"37433"}}}
{"Event_attributes":{"xmlns":"http://schemas.microsoft.com/win/2004/08/events/event"},"Event":{"System":{"Provider_attributes":{"Name":"Microsoft-Windows-Security-Auditing","Guid":"54849625-5478-4994-A5BA-3E3B0328C30D"},"EventID":4625,"Version":0,"Level":0,"Task":12544,"Opcode":0,"Keywords":"0x8010000000000000","TimeCreated_attributes":{"SystemTime":"2016-09-19T16:50:40.088176Z"},"EventRecordID":3211,"Correlation_attributes":{"ActivityID":"B864D168-0B7B-0000-89D1-64B87B0BD201"},"Execution_attributes":{"ProcessID":752,"ThreadID":2828},"Channel":"Security","Computer":"DESKTOP-M5SN04R","Security":null},"EventData":{"SubjectUserSid":"S-1-0-0","SubjectUserName":"-","SubjectDomainName":"-","SubjectLogonId":"0x0","TargetUserSid":"S-1-0-0","TargetUserName":"Administrator","TargetDomainName":".","Status":"0xc000006d","FailureReason":"%%2313","SubStatus":"0xc000006a","LogonType":3,"LogonProcessName":"NtLmSsp ","AuthenticationPackageName":"NTLM","WorkstationName":"grdERCipFl1FMB1o","TransmittedServices":"-","LmPackageName":"-","KeyLength":0,"ProcessId":"0x0","ProcessName":"-","IpAddress":"192.168.198.149","IpPort":"38794"}}}
{"Event_attributes":{"xmlns":"http://schemas.microsoft.com/win/2004/08/events/event"},"Event":{"System":{"Provider_attributes":{"Name":"Microsoft-Windows-Security-Auditing","Guid":"54849625-5478-4994-A5BA-3E3B0328C30D"},"EventID":4625,"Version":0,"Level":0,"Task":12544,"Opcode":0,"Keywords":"0x8010000000000000","TimeCreated_attributes":{"SystemTime":"2016-09-19T16:50:40.129210Z"},"EventRecordID":3212,"Correlation_attributes":{"ActivityID":"B864D168-0B7B-0000-89D1-64B87B0BD201"},"Execution_attributes":{"ProcessID":752,"ThreadID":4068},"Channel":"Security","Computer":"DESKTOP-M5SN04R","Security":null},"EventData":{"SubjectUserSid":"S-1-0-0","SubjectUserName":"-","SubjectDomainName":"-","SubjectLogonId":"0x0","TargetUserSid":"S-1-0-0","TargetUserName":"Administrator","TargetDomainName":".","Status":"0xc000006d","FailureReason":"%%2313","SubStatus":"0xc000006a","LogonType":3,"LogonProcessName":"NtLmSsp ","AuthenticationPackageName":"NTLM","WorkstationName":"MmpuUsIRbp57KCRD","TransmittedServices":"-","LmPackageName":"-","KeyLength":0,"ProcessId":"0x0","ProcessName":"-","IpAddress":"192.168.198.149","IpPort":"52884"}}}
{"Event_attributes":{"xmlns":"http://schemas.microsoft.com/win/2004/08/events/event"},"Event":{"System":{"Provider_attributes":{"Name":"Microsoft-Windows-Security-Auditing","Guid":"54849625-5478-4994-A5BA-3E3B0328C30D"},"EventID":4625,"Version":0,"Level":0,"Task":12544,"Opcode":0,"Keywords":"0x8010000000000000","TimeCreated_attributes":{"SystemTime":"2016-09-19T16:50:40.168189Z"},"EventRecordID":3213,"Correlation_attributes":{"ActivityID":"B864D168-0B7B-0000-89D1-64B87B0BD201"},"Execution_attributes":{"ProcessID":752,"ThreadID":4068},"Channel":"Security","Computer":"DESKTOP-M5SN04R","Security":null},"EventData":{"SubjectUserSid":"S-1-0-0","SubjectUserName":"-","SubjectDomainName":"-","SubjectLogonId":"0x0","TargetUserSid":"S-1-0-0","TargetUserName":"Administrator","TargetDomainName":".","Status":"0xc000006d","FailureReason":"%%2313","SubStatus":"0xc000006a","LogonType":3,"LogonProcessName":"NtLmSsp ","AuthenticationPackageName":"NTLM","WorkstationName":"VWLuqrOQSQuqcwUr","TransmittedServices":"-","LmPackageName":"-","KeyLength":0,"ProcessId":"0x0","ProcessName":"-","IpAddress":"192.168.198.149","IpPort":"39827"}}}
{"Event_attributes":{"xmlns":"http://schemas.microsoft.com/win/2004/08/events/event"},"Event":{"System":{"Provider_attributes":{"Name":"Microsoft-Windows-Security-Auditing","Guid":"54849625-5478-4994-A5BA-3E3B0328C30D"},"EventID":4625,"Version":0,"Level":0,"Task":12544,"Opcode":0,"Keywords":"0x8010000000000000","TimeCreated_attributes":{"SystemTime":"2016-09-19T16:50:40.212179Z"},"EventRecordID":3214,"Correlation_attributes":{"ActivityID":"B864D168-0B7B-0000-89D1-64B87B0BD201"},"Execution_attributes":{"ProcessID":752,"ThreadID":2828},"Channel":"Security","Computer":"DESKTOP-M5SN04R","Security":null},"EventData":{"SubjectUserSid":"S-1-0-0","SubjectUserName":"-","SubjectDomainName":"-","SubjectLogonId":"0x0","TargetUserSid":"S-1-0-0","TargetUserName":"Administrator","TargetDomainName":".","Status":"0xc000006d","FailureReason":"%%2313","SubStatus":"0xc000006a","LogonType":3,"LogonProcessName":"NtLmSsp ","AuthenticationPackageName":"NTLM","WorkstationName":"eEASOf84AX8ow4vf","TransmittedServices":"-","LmPackageName":"-","KeyLength":0,"ProcessId":"0x0","ProcessName":"-","IpAddress":"192.168.198.149","IpPort":"60002"}}}
{"Event_attributes":{"xmlns":"http://schemas.microsoft.com/win/2004/08/events/event"},"Event":{"System":{"Provider_attributes":{"Name":"Microsoft-Windows-Security-Auditing","Guid":"54849625-5478-4994-A5BA-3E3B0328C30D"},"EventID":4625,"Version":0,"Level":0,"Task":12544,"Opcode":0,"Keywords":"0x8010000000000000","TimeCreated_attributes":{"SystemTime":"2016-09-19T16:50:40.254668Z"},"EventRecordID":3215,"Correlation_attributes":{"ActivityID":"B864D168-0B7B-0000-89D1-64B87B0BD201"},"Execution_attributes":{"ProcessID":752,"ThreadID":4068},"Channel":"Security","Computer":"DESKTOP-M5SN04R","Security":null},"EventData":{"SubjectUserSid":"S-1-0-0","SubjectUserName":"-","SubjectDomainName":"-","SubjectLogonId":"0x0","TargetUserSid":"S-1-0-0","TargetUserName":"Administrator","TargetDomainName":".","Status":"0xc000006d","FailureReason":"%%2313","SubStatus":"0xc000006a","LogonType":3,"LogonProcessName":"NtLmSsp ","AuthenticationPackageName":"NTLM","WorkstationName":"IcgNTGlESh6FytEY","TransmittedServices":"-","LmPackageName":"-","KeyLength":0,"ProcessId":"0x0","ProcessName":"-","IpAddress":"192.168.198.149","IpPort":"54263"}}}
{"Event_attributes":{"xmlns":"http://schemas.microsoft.com/win/2004/08/events/event"},"Event":{"System":{"Provider_attributes":{"Name":"Microsoft-Windows-Security-Auditing","Guid":"54849625-5478-4994-A5BA-3E3B0328C30D"},"EventID":4625,"Version":0,"Level":0,"Task":12544,"Opcode":0,"Keywords":"0x8010000000000000","TimeCreated_attributes":{"SystemTime":"2016-09-19T16:50:40.302360Z"},"EventRecordID":3216,"Correlation_attributes":{"ActivityID":"B864D168-0B7B-0000-89D1-64B87B0BD201"},"Execution_attributes":{"ProcessID":752,"ThreadID":2828},"Channel":"Security","Computer":"DESKTOP-M5SN04R","Security":null},"EventData":{"SubjectUserSid":"S-1-0-0","SubjectUserName":"-","SubjectDomainName":"-","SubjectLogonId":"0x0","TargetUserSid":"S-1-0-0","TargetUserName":"Administrator","TargetDomainName":".","Status":"0xc000006d","FailureReason":"%%2313","SubStatus":"0xc000006a","LogonType":3,"LogonProcessName":"NtLmSsp ","AuthenticationPackageName":"NTLM","WorkstationName":"OeVo7D3oBsdUMHfj","TransmittedServices":"-","LmPackageName":"-","KeyLength":0,"ProcessId":"0x0","ProcessName":"-","IpAddress":"192.168.198.149","IpPort":"59043"}}}
{"Event_attributes":{"xmlns":"http://schemas.microsoft.com/win/2004/08/events/event"},"Event":{"System":{"Provider_attributes":{"Name":"Microsoft-Windows-Security-Auditing","Guid":"54849625-5478-4994-A5BA-3E3B0328C30D"},"EventID":4625,"Version":0,"Level":0,"Task":12544,"Opcode":0,"Keywords":"0x8010000000000000","TimeCreated_attributes":{"SystemTime":"2016-09-19T16:50:40.348180Z"},"EventRecordID":3217,"Correlation_attributes":{"ActivityID":"B864D168-0B7B-0000-89D1-64B87B0BD201"},"Execution_attributes":{"ProcessID":752,"ThreadID":2828},"Channel":"Security","Computer":"DESKTOP-M5SN04R","Security":null},"EventData":{"SubjectUserSid":"S-1-0-0","SubjectUserName":"-","SubjectDomainName":"-","SubjectLogonId":"0x0","TargetUserSid":"S-1-0-0","TargetUserName":"Administrator","TargetDomainName":".","Status":"0xc000006d","FailureReason":"%%2313","SubStatus":"0xc000006a","LogonType":3,"LogonProcessName":"NtLmSsp ","AuthenticationPackageName":"NTLM","WorkstationName":"mLqSB2yGMksaBgUS","TransmittedServices":"-","LmPackageName":"-","KeyLength":0,"ProcessId":"0x0","ProcessName":"-","IpAddress":"192.168.198.149","IpPort":"50817"}}}
{"Event_attributes":{"xmlns":"http://schemas.microsoft.com/win/2004/08/events/event"},"Event":{"System":{"Provider_attributes":{"Name":"Microsoft-Windows-Security-Auditing","Guid":"54849625-5478-4994-A5BA-3E3B0328C30D"},"EventID":4625,"Version":0,"Level":0,"Task":12544,"Opcode":0,"Keywords":"0x8010000000000000","TimeCreated_attributes":{"SystemTime":"2016-09-19T16:50:40.396637Z"},"EventRecordID":3218,"Correlation_attributes":{"ActivityID":"B864D168-0B7B-0000-89D1-64B87B0BD201"},"Execution_attributes":{"ProcessID":752,"ThreadID":4068},"Channel":"Security","Computer":"DESKTOP-M5SN04R","Security":null},"EventData":{"SubjectUserSid":"S-1-0-0","SubjectUserName":"-","SubjectDomainName":"-","SubjectLogonId":"0x0","TargetUserSid":"S-1-0-0","TargetUserName":"Administrator","TargetDomainName":".","Status":"0xc000006d","FailureReason":"%%2313","SubStatus":"0xc000006a","LogonType":3,"LogonProcessName":"NtLmSsp ","AuthenticationPackageName":"NTLM","WorkstationName":"y7qRzzpL2YhfIGSD","TransmittedServices":"-","LmPackageName":"-","KeyLength":0,"ProcessId":"0x0","ProcessName":"-","IpAddress":"192.168.198.149","IpPort":"40292"}}}
{"Event_attributes":{"xmlns":"http://schemas.microsoft.com/win/2004/08/events/event"},"Event":{"System":{"Provider_attributes":{"Name":"Microsoft-Windows-Security-Auditing","Guid":"54849625-5478-4994-A5BA-3E3B0328C30D"},"EventID":4625,"Version":0,"Level":0,"Task":12544,"Opcode":0,"Keywords":"0x8010000000000000","TimeCreated_attributes":{"SystemTime":"2016-09-19T16:50:40.437509Z"},"EventRecordID":3219,"Correlation_attributes":{"ActivityID":"B864D168-0B7B-0000-89D1-64B87B0BD201"},"Execution_attributes":{"ProcessID":752,"ThreadID":4068},"Channel":"Security","Computer":"DESKTOP-M5SN04R","Security":null},"EventData":{"SubjectUserSid":"S-1-0-0","SubjectUserName":"-","SubjectDomainName":"-","SubjectLogonId":"0x0","TargetUserSid":"S-1-0-0","TargetUserName":"Administrator","TargetDomainName":".","Status":"0xc000006d","FailureReason":"%%2313","SubStatus":"0xc000006a","LogonType":3,"LogonProcessName":"NtLmSsp ","AuthenticationPackageName":"NTLM","WorkstationName":"VvE5tMw3MjDhA0Fe","TransmittedServices":"-","LmPackageName":"-","KeyLength":0,"ProcessId":"0x0","ProcessName":"-","IpAddress":"192.168.198.149","IpPort":"50009"}}}
{"Event_attributes":{"xmlns":"http://schemas.microsoft.com/win/2004/08/events/event"},"Event":{"System":{"Provider_attributes":{"Name":"Microsoft-Windows-Security-Auditing","Guid":"54849625-5478-4994-A5BA-3E3B0328C30D"},"EventID":4625,"Version":0,"Level":0,"Task":12544,"Opcode":0,"Keywords":"0x8010000000000000","TimeCreated_attributes":{"SystemTime":"2016-09-19T16:50:40.488297Z"},"EventRecordID":3220,"Correlation_attributes":{"ActivityID":"B864D168-0B7B-0000-89D1-64B87B0BD201"},"Execution_attributes":{"ProcessID":752,"ThreadID":2828},"Channel":"Security","Computer":"DESKTOP-M5SN04R","Security":null},"EventData":{"SubjectUserSid":"S-1-0-0","SubjectUserName":"-","SubjectDomainName":"-","SubjectLogonId":"0x0","TargetUserSid":"S-1-0-0","TargetUserName":"Administrator","TargetDomainName":".","Status":"0xc000006d","FailureReason":"%%2313","SubStatus":"0xc000006a","LogonType":3,"LogonProcessName":"NtLmSsp ","AuthenticationPackageName":"NTLM","WorkstationName":"aXuNgOkIzvKIuJki","TransmittedServices":"-","LmPackageName":"-","KeyLength":0,"ProcessId":"0x0","ProcessName":"-","IpAddress":"192.168.198.149","IpPort":"52828"}}}
{"Event_attributes":{"xmlns":"http://schemas.microsoft.com/win/2004/08/events/event"},"Event":{"System":{"Provider_attributes":{"Name":"Microsoft-Windows-Security-Auditing","Guid":"54849625-5478-4994-A5BA-3E3B0328C30D"},"EventID":4625,"Version":0,"Level":0,"Task":12544,"Opcode":0,"Keywords":"0x8010000000000000","TimeCreated_attributes":{"SystemTime":"2016-09-19T16:50:40.528685Z"},"EventRecordID":3221,"Correlation_attributes":{"ActivityID":"B864D168-0B7B-0000-89D1-64B87B0BD201"},"Execution_attributes":{"ProcessID":752,"ThreadID":2828},"Channel":"Security","Computer":"DESKTOP-M5SN04R","Security":null},"EventData":{"SubjectUserSid":"S-1-0-0","SubjectUserName":"-","SubjectDomainName":"-","SubjectLogonId":"0x0","TargetUserSid":"S-1-0-0","TargetUserName":"Administrator","TargetDomainName":".","Status":"0xc000006d","FailureReason":"%%2313","SubStatus":"0xc000006a","LogonType":3,"LogonProcessName":"NtLmSsp ","AuthenticationPackageName":"NTLM","WorkstationName":"q8vPHEXrxVpUyKZq","TransmittedServices":"-","LmPackageName":"-","KeyLength":0,"ProcessId":"0x0","ProcessName":"-","IpAddress":"192.168.198.149","IpPort":"50594"}}}
{"Event_attributes":{"xmlns":"http://schemas.microsoft.com/win/2004/08/events/event"},"Event":{"System":{"Provider_attributes":{"Name":"Microsoft-Windows-Security-Auditing","Guid":"54849625-5478-4994-A5BA-3E3B0328C30D"},"EventID":4625,"Version":0,"Level":0,"Task":12544,"Opcode":0,"Keywords":"0x8010000000000000","TimeCreated_attributes":{"SystemTime":"2016-09-19T16:50:40.581559Z"},"EventRecordID":3222,"Correlation_attributes":{"ActivityID":"B864D168-0B7B-0000-89D1-64B87B0BD201"},"Execution_attributes":{"ProcessID":752,"ThreadID":4068},"Channel":"Security","Computer":"DESKTOP-M5SN04R","Security":null},"EventData":{"SubjectUserSid":"S-1-0-0","SubjectUserName":"-","SubjectDomainName":"-","SubjectLogonId":"0x0","TargetUserSid":"S-1-0-0","TargetUserName":"Administrator","TargetDomainName":".","Status":"0xc000006d","FailureReason":"%%2313","SubStatus":"0xc000006a","LogonType":3,"LogonProcessName":"NtLmSsp ","AuthenticationPackageName":"NTLM","WorkstationName":"Vk7sh6VM7AZQv2in","TransmittedServices":"-","LmPackageName":"-","KeyLength":0,"ProcessId":"0x0","ProcessName":"-","IpAddress":"192.168.198.149","IpPort":"35857"}}}
{"Event_attributes":{"xmlns":"http://schemas.microsoft.com/win/2004/08/events/event"},"Event":{"System":{"Provider_attributes":{"Name":"Microsoft-Windows-Security-Auditing","Guid":"54849625-5478-4994-A5BA-3E3B0328C30D"},"EventID":4625,"Version":0,"Level":0,"Task":12544,"Opcode":0,"Keywords":"0x8010000000000000","TimeCreated_attributes":{"SystemTime":"2016-09-19T16:50:40.627860Z"},"EventRecordID":3223,"Correlation_attributes":{"ActivityID":"B864D168-0B7B-0000-89D1-64B87B0BD201"},"Execution_attributes":{"ProcessID":752,"ThreadID":4068},"Channel":"Security","Computer":"DESKTOP-M5SN04R","Security":null},"EventData":{"SubjectUserSid":"S-1-0-0","SubjectUserName":"-","SubjectDomainName":"-","SubjectLogonId":"0x0","TargetUserSid":"S-1-0-0","TargetUserName":"Administrator","TargetDomainName":".","Status":"0xc000006d","FailureReason":"%%2313","SubStatus":"0xc000006a","LogonType":3,"LogonProcessName":"NtLmSsp ","AuthenticationPackageName":"NTLM","WorkstationName":"jurt5hAg90y1VWdT","TransmittedServices":"-","LmPackageName":"-","KeyLength":0,"ProcessId":"0x0","ProcessName":"-","IpAddress":"192.168.198.149","IpPort":"47252"}}}
{"Event_attributes":{"xmlns":"http://schemas.microsoft.com/win/2004/08/events/event"},"Event":{"System":{"Provider_attributes":{"Name":"Microsoft-Windows-Security-Auditing","Guid":"54849625-5478-4994-A5BA-3E3B0328C30D"},"EventID":4625,"Version":0,"Level":0,"Task":12544,"Opcode":0,"Keywords":"0x8010000000000000","TimeCreated_attributes":{"SystemTime":"2016-09-19T16:50:40.660286Z"},"EventRecordID":3224,"Correlation_attributes":{"ActivityID":"B864D168-0B7B-0000-89D1-64B87B0BD201"},"Execution_attributes":{"ProcessID":752,"ThreadID":2828},"Channel":"Security","Computer":"DESKTOP-M5SN04R","Security":null},"EventData":{"SubjectUserSid":"S-1-0-0","SubjectUserName":"-","SubjectDomainName":"-","SubjectLogonId":"0x0","TargetUserSid":"S-1-0-0","TargetUserName":"Administrator","TargetDomainName":".","Status":"0xc000006d","FailureReason":"%%2313","SubStatus":"0xc000006a","LogonType":3,"LogonProcessName":"NtLmSsp ","AuthenticationPackageName":"NTLM","WorkstationName":"MlrPbTbJRTxFakiv","TransmittedServices":"-","LmPackageName":"-","KeyLength":0,"ProcessId":"0x0","ProcessName":"-","IpAddress":"192.168.198.149","IpPort":"59549"}}}
{"Event_attributes":{"xmlns":"http://schemas.microsoft.com/win/2004/08/events/event"},"Event":{"System":{"Provider_attributes":{"Name":"Microsoft-Windows-Security-Auditing","Guid":"54849625-5478-4994-A5BA-3E3B0328C30D"},"EventID":4625,"Version":0,"Level":0,"Task":12544,"Opcode":0,"Keywords":"0x8010000000000000","TimeCreated_attributes":{"SystemTime":"2016-09-19T16:50:40.700252Z"},"EventRecordID":3225,"Correlation_attributes":{"ActivityID":"B864D168-0B7B-0000-89D1-64B87B0BD201"},"Execution_attributes":{"ProcessID":752,"ThreadID":2828},"Channel":"Security","Computer":"DESKTOP-M5SN04R","Security":null},"EventData":{"SubjectUserSid":"S-1-0-0","SubjectUserName":"-","SubjectDomainName":"-","SubjectLogonId":"0x0","TargetUserSid":"S-1-0-0","TargetUserName":"Administrator","TargetDomainName":".","Status":"0xc000006d","FailureReason":"%%2313","SubStatus":"0xc000006a","LogonType":3,"LogonProcessName":"NtLmSsp ","AuthenticationPackageName":"NTLM","WorkstationName":"RQ5cWmYL8weCCRT0","TransmittedServices":"-","LmPackageName":"-","KeyLength":0,"ProcessId":"0x0","ProcessName":"-","IpAddress":"192.168.198.149","IpPort":"57664"}}}
{"Event_attributes":{"xmlns":"http://schemas.microsoft.com/win/2004/08/events/event"},"Event":{"System":{"Provider_attributes":{"Name":"Microsoft-Windows-Security-Auditing","Guid":"54849625-5478-4994-A5BA-3E3B0328C30D"},"EventID":4625,"Version":0,"Level":0,"Task":12544,"Opcode":0,"Keywords":"0x8010000000000000","TimeCreated_attributes":{"SystemTime":"2016-09-19T16:50:40.742137Z"},"EventRecordID":3226,"Correlation_attributes":{"ActivityID":"B864D168-0B7B-0000-89D1-64B87B0BD201"},"Execution_attributes":{"ProcessID":752,"ThreadID":4068},"Channel":"Security","Computer":"DESKTOP-M5SN04R","Security":null},"EventData":{"SubjectUserSid":"S-1-0-0","SubjectUserName":"-","SubjectDomainName":"-","SubjectLogonId":"0x0","TargetUserSid":"S-1-0-0","TargetUserName":"Administrator","TargetDomainName":".","Status":"0xc000006d","FailureReason":"%%2313","SubStatus":"0xc000006a","LogonType":3,"LogonProcessName":"NtLmSsp ","AuthenticationPackageName":"NTLM","WorkstationName":"k0v2Emgn7BD1STZl","TransmittedServices":"-","LmPackageName":"-","KeyLength":0,"ProcessId":"0x0","ProcessName":"-","IpAddress":"192.168.198.149","IpPort":"58700"}}}
{"Event_attributes":{"xmlns":"http://schemas.microsoft.com/win/2004/08/events/event"},"Event":{"System":{"Provider_attributes":{"Name":"Microsoft-Windows-Security-Auditing","Guid":"54849625-5478-4994-A5BA-3E3B0328C30D"},"EventID":4625,"Version":0,"Level":0,"Task":12544,"Opcode":0,"Keywords":"0x8010000000000000","TimeCreated_attributes":{"SystemTime":"2016-09-19T16:50:40.795597Z"},"EventRecordID":3227,"Correlation_attributes":{"ActivityID":"B864D168-0B7B-0000-89D1-64B87B0BD201"},"Execution_attributes":{"ProcessID":752,"ThreadID":4068},"Channel":"Security","Computer":"DESKTOP-M5SN04R","Security":null},"EventData":{"SubjectUserSid":"S-1-0-0","SubjectUserName":"-","SubjectDomainName":"-","SubjectLogonId":"0x0","TargetUserSid":"S-1-0-0","TargetUserName":"Administrator","TargetDomainName":".","Status":"0xc000006d","FailureReason":"%%2313","SubStatus":"0xc000006a","LogonType":3,"LogonProcessName":"NtLmSsp ","AuthenticationPackageName":"NTLM","WorkstationName":"MJppWxAiNJ4D0s2U","TransmittedServices":"-","LmPackageName":"-","KeyLength":0,"ProcessId":"0x0","ProcessName":"-","IpAddress":"192.168.198.149","IpPort":"33518"}}}
{"Event_attributes":{"xmlns":"http://schemas.microsoft.com/win/2004/08/events/event"},"Event":{"System":{"Provider_attributes":{"Name":"Microsoft-Windows-Security-Auditing","Guid":"54849625-5478-4994-A5BA-3E3B0328C30D"},"EventID":4625,"Version":0,"Level":0,"Task":12544,"Opcode":0,"Keywords":"0x8010000000000000","TimeCreated_attributes":{"SystemTime":"2016-09-19T16:50:40.853678Z"},"EventRecordID":3228,"Correlation_attributes":{"ActivityID":"B864D168-0B7B-0000-89D1-64B87B0BD201"},"Execution_attributes":{"ProcessID":752,"ThreadID":2828},"Channel":"Security","Computer":"DESKTOP-M5SN04R","Security":null},"EventData":{"SubjectUserSid":"S-1-0-0","SubjectUserName":"-","SubjectDomainName":"-","SubjectLogonId":"0x0","TargetUserSid":"S-1-0-0","TargetUserName":"Administrator","TargetDomainName":".","Status":"0xc000006d","FailureReason":"%%2313","SubStatus":"0xc000006a","LogonType":3,"LogonProcessName":"NtLmSsp ","AuthenticationPackageName":"NTLM","WorkstationName":"zHVcJEec3y6v9gIo","TransmittedServices":"-","LmPackageName":"-","KeyLength":0,"ProcessId":"0x0","ProcessName":"-","IpAddress":"192.168.198.149","IpPort":"48486"}}}
{"Event_attributes":{"xmlns":"http://schemas.microsoft.com/win/2004/08/events/event"},"Event":{"System":{"Provider_attributes":{"Name":"Microsoft-Windows-Security-Auditing","Guid":"54849625-5478-4994-A5BA-3E3B0328C30D"},"EventID":4625,"Version":0,"Level":0,"Task":12544,"Opcode":0,"Keywords":"0x8010000000000000","TimeCreated_attributes":{"SystemTime":"2016-09-19T16:50:40.918264Z"},"EventRecordID":3229,"Correlation_attributes":{"ActivityID":"B864D168-0B7B-0000-89D1-64B87B0BD201"},"Execution_attributes":{"ProcessID":752,"ThreadID":4068},"Channel":"Security","Computer":"DESKTOP-M5SN04R","Security":null},"EventData":{"SubjectUserSid":"S-1-0-0","SubjectUserName":"-","SubjectDomainName":"-","SubjectLogonId":"0x0","TargetUserSid":"S-1-0-0","TargetUserName":"Administrator","TargetDomainName":".","Status":"0xc000006d","FailureReason":"%%2313","SubStatus":"0xc000006a","LogonType":3,"LogonProcessName":"NtLmSsp ","AuthenticationPackageName":"NTLM","WorkstationName":"68RKE5dS8X5Px2gR","TransmittedServices":"-","LmPackageName":"-","KeyLength":0,"ProcessId":"0x0","ProcessName":"-","IpAddress":"192.168.198.149","IpPort":"54541"}}}
{"Event_attributes":{"xmlns":"http://schemas.microsoft.com/win/2004/08/events/event"},"Event":{"System":{"Provider_attributes":{"Name":"Microsoft-Windows-Security-Auditing","Guid":"54849625-5478-4994-A5BA-3E3B0328C30D"},"EventID":4625,"Version":0,"Level":0,"Task":12544,"Opcode":0,"Keywords":"0x8010000000000000","TimeCreated_attributes":{"SystemTime":"2016-09-19T16:50:41.010275Z"},"EventRecordID":3230,"Correlation_attributes":{"ActivityID":"B864D168-0B7B-0000-89D1-64B87B0BD201"},"Execution_attributes":{"ProcessID":752,"ThreadID":2828},"Channel":"Security","Computer":"DESKTOP-M5SN04R","Security":null},"EventData":{"SubjectUserSid":"S-1-0-0","SubjectUserName":"-","SubjectDomainName":"-","SubjectLogonId":"0x0","TargetUserSid":"S-1-0-0","TargetUserName":"Administrator","TargetDomainName":".","Status":"0xc000006d","FailureReason":"%%2313","SubStatus":"0xc000006a","LogonType":3,"LogonProcessName":"NtLmSsp ","AuthenticationPackageName":"NTLM","WorkstationName":"Np8mTqhr7QasXk1e","TransmittedServices":"-","LmPackageName":"-","KeyLength":0,"ProcessId":"0x0","ProcessName":"-","IpAddress":"192.168.198.149","IpPort":"35348"}}}
{"Event_attributes":{"xmlns":"http://schemas.microsoft.com/win/2004/08/events/event"},"Event":{"System":{"Provider_attributes":{"Name":"Microsoft-Windows-Security-Auditing","Guid":"54849625-5478-4994-A5BA-3E3B0328C30D"},"EventID":4625,"Version":0,"Level":0,"Task":12544,"Opcode":0,"Keywords":"0x8010000000000000","TimeCreated_attributes":{"SystemTime":"2016-09-19T16:50:41.065308Z"},"EventRecordID":3231,"Correlation_attributes":{"ActivityID":"B864D168-0B7B-0000-89D1-64B87B0BD201"},"Execution_attributes":{"ProcessID":752,"ThreadID":2828},"Channel":"Security","Computer":"DESKTOP-M5SN04R","Security":null},"EventData":{"SubjectUserSid":"S-1-0-0","SubjectUserName":"-","SubjectDomainName":"-","SubjectLogonId":"0x0","TargetUserSid":"S-1-0-0","TargetUserName":"Administrator","TargetDomainName":".","Status":"0xc000006d","FailureReason":"%%2313","SubStatus":"0xc000006a","LogonType":3,"LogonProcessName":"NtLmSsp ","AuthenticationPackageName":"NTLM","WorkstationName":"MhpDNDIPVyRlfej8","TransmittedServices":"-","LmPackageName":"-","KeyLength":0,"ProcessId":"0x0","ProcessName":"-","IpAddress":"192.168.198.149","IpPort":"53350"}}}
{"Event_attributes":{"xmlns":"http://schemas.microsoft.com/win/2004/08/events/event"},"Event":{"System":{"Provider_attributes":{"Name":"Microsoft-Windows-Security-Auditing","Guid":"54849625-5478-4994-A5BA-3E3B0328C30D"},"EventID":4625,"Version":0,"Level":0,"Task":12544,"Opcode":0,"Keywords":"0x8010000000000000","TimeCreated_attributes":{"SystemTime":"2016-09-19T16:50:41.118002Z"},"EventRecordID":3232,"Correlation_attributes":{"ActivityID":"B864D168-0B7B-0000-89D1-64B87B0BD201"},"Execution_attributes":{"ProcessID":752,"ThreadID":4068},"Channel":"Security","Computer":"DESKTOP-M5SN04R","Security":null},"EventData":{"SubjectUserSid":"S-1-0-0","SubjectUserName":"-","SubjectDomainName":"-","SubjectLogonId":"0x0","TargetUserSid":"S-1-0-0","TargetUserName":"Administrator","TargetDomainName":".","Status":"0xc000006d","FailureReason":"%%2313","SubStatus":"0xc000006a","LogonType":3,"LogonProcessName":"NtLmSsp ","AuthenticationPackageName":"NTLM","WorkstationName":"qZtmxGeLj25VSUcm","TransmittedServices":"-","LmPackageName":"-","KeyLength":0,"ProcessId":"0x0","ProcessName":"-","IpAddress":"192.168.198.149","IpPort":"47333"}}}
{"Event_attributes":{"xmlns":"http://schemas.microsoft.com/win/2004/08/events/event"},"Event":{"System":{"Provider_attributes":{"Name":"Microsoft-Windows-Security-Auditing","Guid":"54849625-5478-4994-A5BA-3E3B0328C30D"},"EventID":4625,"Version":0,"Level":0,"Task":12544,"Opcode":0,"Keywords":"0x8010000000000000","TimeCreated_attributes":{"SystemTime":"2016-09-19T16:50:41.166279Z"},"EventRecordID":3233,"Correlation_attributes":{"ActivityID":"B864D168-0B7B-0000-89D1-64B87B0BD201"},"Execution_attributes":{"ProcessID":752,"ThreadID":4068},"Channel":"Security","Computer":"DESKTOP-M5SN04R","Security":null},"EventData":{"SubjectUserSid":"S-1-0-0","SubjectUserName":"-","SubjectDomainName":"-","SubjectLogonId":"0x0","TargetUserSid":"S-1-0-0","TargetUserName":"Administrator","TargetDomainName":".","Status":"0xc000006d","FailureReason":"%%2313","SubStatus":"0xc000006a","LogonType":3,"LogonProcessName":"NtLmSsp ","AuthenticationPackageName":"NTLM","WorkstationName":"SPN8w8WghBYzChZc","TransmittedServices":"-","LmPackageName":"-","KeyLength":0,"ProcessId":"0x0","ProcessName":"-","IpAddress":"192.168.198.149","IpPort":"42359"}}}
{"Event_attributes":{"xmlns":"http://schemas.microsoft.com/win/2004/08/events/event"},"Event":{"System":{"Provider_attributes":{"Name":"Microsoft-Windows-Security-Auditing","Guid":"54849625-5478-4994-A5BA-3E3B0328C30D"},"EventID":4625,"Version":0,"Level":0,"Task":12544,"Opcode":0,"Keywords":"0x8010000000000000","TimeCreated_attributes":{"SystemTime":"2016-09-19T16:50:41.205605Z"},"EventRecordID":3234,"Correlation_attributes":{"ActivityID":"B864D168-0B7B-0000-89D1-64B87B0BD201"},"Execution_attributes":{"ProcessID":752,"ThreadID":2828},"Channel":"Security","Computer":"DESKTOP-M5SN04R","Security":null},"EventData":{"SubjectUserSid":"S-1-0-0","SubjectUserName":"-","SubjectDomainName":"-","SubjectLogonId":"0x0","TargetUserSid":"S-1-0-0","TargetUserName":"Administrator","TargetDomainName":".","Status":"0xc000006d","FailureReason":"%%2313","SubStatus":"0xc000006a","LogonType":3,"LogonProcessName":"NtLmSsp ","AuthenticationPackageName":"NTLM","WorkstationName":"36hmbCuKxF9Dt4vR","TransmittedServices":"-","LmPackageName":"-","KeyLength":0,"ProcessId":"0x0","ProcessName":"-","IpAddress":"192.168.198.149","IpPort":"54585"}}}
{"Event_attributes":{"xmlns":"http://schemas.microsoft.com/win/2004/08/events/event"},"Event":{"System":{"Provider_attributes":{"Name":"Microsoft-Windows-Security-Auditing","Guid":"54849625-5478-4994-A5BA-3E3B0328C30D"},"EventID":4625,"Version":0,"Level":0,"Task":12544,"Opcode":0,"Keywords":"0x8010000000000000","TimeCreated_attributes":{"SystemTime":"2016-09-19T16:50:41.248278Z"},"EventRecordID":3235,"Correlation_attributes":{"ActivityID":"B864D168-0B7B-0000-89D1-64B87B0BD201"},"Execution_attributes":{"ProcessID":752,"ThreadID":2828},"Channel":"Security","Computer":"DESKTOP-M5SN04R","Security":null},"EventData":{"SubjectUserSid":"S-1-0-0","SubjectUserName":"-","SubjectDomainName":"-","SubjectLogonId":"0x0","TargetUserSid":"S-1-0-0","TargetUserName":"Administrator","TargetDomainName":".","Status":"0xc000006d","FailureReason":"%%2313","SubStatus":"0xc000006a","LogonType":3,"LogonProcessName":"NtLmSsp ","AuthenticationPackageName":"NTLM","WorkstationName":"TALpRirdvB9a8y6M","TransmittedServices":"-","LmPackageName":"-","KeyLength":0,"ProcessId":"0x0","ProcessName":"-","IpAddress":"192.168.198.149","IpPort":"57588"}}}
{"Event_attributes":{"xmlns":"http://schemas.microsoft.com/win/2004/08/events/event"},"Event":{"System":{"Provider_attributes":{"Name":"Microsoft-Windows-Security-Auditing","Guid":"54849625-5478-4994-A5BA-3E3B0328C30D"},"EventID":4625,"Version":0,"Level":0,"Task":12544,"Opcode":0,"Keywords":"0x8010000000000000","TimeCreated_attributes":{"SystemTime":"2016-09-19T16:50:41.292380Z"},"EventRecordID":3236,"Correlation_attributes":{"ActivityID":"B864D168-0B7B-0000-89D1-64B87B0BD201"},"Execution_attributes":{"ProcessID":752,"ThreadID":4068},"Channel":"Security","Computer":"DESKTOP-M5SN04R","Security":null},"EventData":{"SubjectUserSid":"S-1-0-0","SubjectUserName":"-","SubjectDomainName":"-","SubjectLogonId":"0x0","TargetUserSid":"S-1-0-0","TargetUserName":"Administrator","TargetDomainName":".","Status":"0xc000006d","FailureReason":"%%2313","SubStatus":"0xc000006a","LogonType":3,"LogonProcessName":"NtLmSsp ","AuthenticationPackageName":"NTLM","WorkstationName":"wvEvwFeXGOgycZvA","TransmittedServices":"-","LmPackageName":"-","KeyLength":0,"ProcessId":"0x0","ProcessName":"-","IpAddress":"192.168.198.149","IpPort":"50052"}}}
{"Event_attributes":{"xmlns":"http://schemas.microsoft.com/win/2004/08/events/event"},"Event":{"System":{"Provider_attributes":{"Name":"Microsoft-Windows-Security-Auditing","Guid":"54849625-5478-4994-A5BA-3E3B0328C30D"},"EventID":4625,"Version":0,"Level":0,"Task":12544,"Opcode":0,"Keywords":"0x8010000000000000","TimeCreated_attributes":{"SystemTime":"2016-09-19T16:50:41.328290Z"},"EventRecordID":3237,"Correlation_attributes":{"ActivityID":"B864D168-0B7B-0000-89D1-64B87B0BD201"},"Execution_attributes":{"ProcessID":752,"ThreadID":2828},"Channel":"Security","Computer":"DESKTOP-M5SN04R","Security":null},"EventData":{"SubjectUserSid":"S-1-0-0","SubjectUserName":"-","SubjectDomainName":"-","SubjectLogonId":"0x0","TargetUserSid":"S-1-0-0","TargetUserName":"Administrator","TargetDomainName":".","Status":"0xc000006d","FailureReason":"%%2313","SubStatus":"0xc000006a","LogonType":3,"LogonProcessName":"NtLmSsp ","AuthenticationPackageName":"NTLM","WorkstationName":"5ppxeOgZNua2Ieuc","TransmittedServices":"-","LmPackageName":"-","KeyLength":0,"ProcessId":"0x0","ProcessName":"-","IpAddress":"192.168.198.149","IpPort":"53408"}}}
{"Event_attributes":{"xmlns":"http://schemas.microsoft.com/win/2004/08/events/event"},"Event":{"System":{"Provider_attributes":{"Name":"Microsoft-Windows-Security-Auditing","Guid":"54849625-5478-4994-A5BA-3E3B0328C30D"},"EventID":4625,"Version":0,"Level":0,"Task":12544,"Opcode":0,"Keywords":"0x8010000000000000","TimeCreated_attributes":{"SystemTime":"2016-09-19T16:50:41.387253Z"},"EventRecordID":3238,"Correlation_attributes":{"ActivityID":"B864D168-0B7B-0000-89D1-64B87B0BD201"},"Execution_attributes":{"ProcessID":752,"ThreadID":4068},"Channel":"Security","Computer":"DESKTOP-M5SN04R","Security":null},"EventData":{"SubjectUserSid":"S-1-0-0","SubjectUserName":"-","SubjectDomainName":"-","SubjectLogonId":"0x0","TargetUserSid":"S-1-0-0","TargetUserName":"Administrator","TargetDomainName":".","Status":"0xc000006d","FailureReason":"%%2313","SubStatus":"0xc000006a","LogonType":3,"LogonProcessName":"NtLmSsp ","AuthenticationPackageName":"NTLM","WorkstationName":"n4U5XdQu1YtSat7J","TransmittedServices":"-","LmPackageName":"-","KeyLength":0,"ProcessId":"0x0","ProcessName":"-","IpAddress":"192.168.198.149","IpPort":"50573"}}}
{"Event_attributes":{"xmlns":"http://schemas.microsoft.com/win/2004/08/events/event"},"Event":{"System":{"Provider_attributes":{"Name":"Microsoft-Windows-Security-Auditing","Guid":"54849625-5478-4994-A5BA-3E3B0328C30D"},"EventID":4625,"Version":0,"Level":0,"Task":12544,"Opcode":0,"Keywords":"0x8010000000000000","TimeCreated_attributes":{"SystemTime":"2016-09-19T16:50:41.438036Z"},"EventRecordID":3239,"Correlation_attributes":{"ActivityID":"B864D168-0B7B-0000-89D1-64B87B0BD201"},"Execution_attributes":{"ProcessID":752,"ThreadID":2828},"Channel":"Security","Computer":"DESKTOP-M5SN04R","Security":null},"EventData":{"SubjectUserSid":"S-1-0-0","SubjectUserName":"-","SubjectDomainName":"-","SubjectLogonId":"0x0","TargetUserSid":"S-1-0-0","TargetUserName":"Administrator","TargetDomainName":".","Status":"0xc000006d","FailureReason":"%%2313","SubStatus":"0xc000006a","LogonType":3,"LogonProcessName":"NtLmSsp ","AuthenticationPackageName":"NTLM","WorkstationName":"MN0OfYE6vPgqyyZN","TransmittedServices":"-","LmPackageName":"-","KeyLength":0,"ProcessId":"0x0","ProcessName":"-","IpAddress":"192.168.198.149","IpPort":"39248"}}}
{"Event_attributes":{"xmlns":"http://schemas.microsoft.com/win/2004/08/events/event"},"Event":{"System":{"Provider_attributes":{"Name":"Microsoft-Windows-Security-Auditing","Guid":"54849625-5478-4994-A5BA-3E3B0328C30D"},"EventID":4625,"Version":0,"Level":0,"Task":12544,"Opcode":0,"Keywords":"0x8010000000000000","TimeCreated_attributes":{"SystemTime":"2016-09-19T16:50:41.494224Z"},"EventRecordID":3240,"Correlation_attributes":{"ActivityID":"B864D168-0B7B-0000-89D1-64B87B0BD201"},"Execution_attributes":{"ProcessID":752,"ThreadID":4068},"Channel":"Security","Computer":"DESKTOP-M5SN04R","Security":null},"EventData":{"SubjectUserSid":"S-1-0-0","SubjectUserName":"-","SubjectDomainName":"-","SubjectLogonId":"0x0","TargetUserSid":"S-1-0-0","TargetUserName":"Administrator","TargetDomainName":".","Status":"0xc000006d","FailureReason":"%%2313","SubStatus":"0xc000006a","LogonType":3,"LogonProcessName":"NtLmSsp ","AuthenticationPackageName":"NTLM","WorkstationName":"MmfCPIdiTH9gG2qZ","TransmittedServices":"-","LmPackageName":"-","KeyLength":0,"ProcessId":"0x0","ProcessName":"-","IpAddress":"192.168.198.149","IpPort":"40052"}}}
{"Event_attributes":{"xmlns":"http://schemas.microsoft.com/win/2004/08/events/event"},"Event":{"System":{"Provider_attributes":{"Name":"Microsoft-Windows-Security-Auditing","Guid":"54849625-5478-4994-A5BA-3E3B0328C30D"},"EventID":4625,"Version":0,"Level":0,"Task":12544,"Opcode":0,"Keywords":"0x8010000000000000","TimeCreated_attributes":{"SystemTime":"2016-09-19T16:50:41.540008Z"},"EventRecordID":3241,"Correlation_attributes":{"ActivityID":"B864D168-0B7B-0000-89D1-64B87B0BD201"},"Execution_attributes":{"ProcessID":752,"ThreadID":4068},"Channel":"Security","Computer":"DESKTOP-M5SN04R","Security":null},"EventData":{"SubjectUserSid":"S-1-0-0","SubjectUserName":"-","SubjectDomainName":"-","SubjectLogonId":"0x0","TargetUserSid":"S-1-0-0","TargetUserName":"Administrator","TargetDomainName":".","Status":"0xc000006d","FailureReason":"%%2313","SubStatus":"0xc000006a","LogonType":3,"LogonProcessName":"NtLmSsp ","AuthenticationPackageName":"NTLM","WorkstationName":"UtcHAxmfDL9C9uZa","TransmittedServices":"-","LmPackageName":"-","KeyLength":0,"ProcessId":"0x0","ProcessName":"-","IpAddress":"192.168.198.149","IpPort":"56585"}}}
{"Event_attributes":{"xmlns":"http://schemas.microsoft.com/win/2004/08/events/event"},"Event":{"System":{"Provider_attributes":{"Name":"Microsoft-Windows-Security-Auditing","Guid":"54849625-5478-4994-A5BA-3E3B0328C30D"},"EventID":4625,"Version":0,"Level":0,"Task":12544,"Opcode":0,"Keywords":"0x8010000000000000","TimeCreated_attributes":{"SystemTime":"2016-09-19T16:50:41.584287Z"},"EventRecordID":3242,"Correlation_attributes":{"ActivityID":"B864D168-0B7B-0000-89D1-64B87B0BD201"},"Execution_attributes":{"ProcessID":752,"ThreadID":4068},"Channel":"Security","Computer":"DESKTOP-M5SN04R","Security":null},"EventData":{"SubjectUserSid":"S-1-0-0","SubjectUserName":"-","SubjectDomainName":"-","SubjectLogonId":"0x0","TargetUserSid":"S-1-0-0","TargetUserName":"Administrator","TargetDomainName":".","Status":"0xc000006d","FailureReason":"%%2313","SubStatus":"0xc000006a","LogonType":3,"LogonProcessName":"NtLmSsp ","AuthenticationPackageName":"NTLM","WorkstationName":"5TX62kMSJqq0Lv8o","TransmittedServices":"-","LmPackageName":"-","KeyLength":0,"ProcessId":"0x0","ProcessName":"-","IpAddress":"192.168.198.149","IpPort":"59950"}}}
{"Event_attributes":{"xmlns":"http://schemas.microsoft.com/win/2004/08/events/event"},"Event":{"System":{"Provider_attributes":{"Name":"Microsoft-Windows-Security-Auditing","Guid":"54849625-5478-4994-A5BA-3E3B0328C30D"},"EventID":4625,"Version":0,"Level":0,"Task":12544,"Opcode":0,"Keywords":"0x8010000000000000","TimeCreated_attributes":{"SystemTime":"2016-09-19T16:50:41.624291Z"},"EventRecordID":3243,"Correlation_attributes":{"ActivityID":"B864D168-0B7B-0000-89D1-64B87B0BD201"},"Execution_attributes":{"ProcessID":752,"ThreadID":2828},"Channel":"Security","Computer":"DESKTOP-M5SN04R","Security":null},"EventData":{"SubjectUserSid":"S-1-0-0","SubjectUserName":"-","SubjectDomainName":"-","SubjectLogonId":"0x0","TargetUserSid":"S-1-0-0","TargetUserName":"Administrator","TargetDomainName":".","Status":"0xc000006d","FailureReason":"%%2313","SubStatus":"0xc000006a","LogonType":3,"LogonProcessName":"NtLmSsp ","AuthenticationPackageName":"NTLM","WorkstationName":"hA20OdabfW5DMphV","TransmittedServices":"-","LmPackageName":"-","KeyLength":0,"ProcessId":"0x0","ProcessName":"-","IpAddress":"192.168.198.149","IpPort":"33791"}}}
{"Event_attributes":{"xmlns":"http://schemas.microsoft.com/win/2004/08/events/event"},"Event":{"System":{"Provider_attributes":{"Name":"Microsoft-Windows-Security-Auditing","Guid":"54849625-5478-4994-A5BA-3E3B0328C30D"},"EventID":4625,"Version":0,"Level":0,"Task":12544,"Opcode":0,"Keywords":"0x8010000000000000","TimeCreated_attributes":{"SystemTime":"2016-09-19T16:50:41.665265Z"},"EventRecordID":3244,"Correlation_attributes":{"ActivityID":"B864D168-0B7B-0000-89D1-64B87B0BD201"},"Execution_attributes":{"ProcessID":752,"ThreadID":2828},"Channel":"Security","Computer":"DESKTOP-M5SN04R","Security":null},"EventData":{"SubjectUserSid":"S-1-0-0","SubjectUserName":"-","SubjectDomainName":"-","SubjectLogonId":"0x0","TargetUserSid":"S-1-0-0","TargetUserName":"Administrator","TargetDomainName":".","Status":"0xc000006d","FailureReason":"%%2313","SubStatus":"0xc000006a","LogonType":3,"LogonProcessName":"NtLmSsp ","AuthenticationPackageName":"NTLM","WorkstationName":"Ex5Awm2zaVhvAMTH","TransmittedServices":"-","LmPackageName":"-","KeyLength":0,"ProcessId":"0x0","ProcessName":"-","IpAddress":"192.168.198.149","IpPort":"57557"}}}
{"Event_attributes":{"xmlns":"http://schemas.microsoft.com/win/2004/08/events/event"},"Event":{"System":{"Provider_attributes":{"Name":"Microsoft-Windows-Security-Auditing","Guid":"54849625-5478-4994-A5BA-3E3B0328C30D"},"EventID":4625,"Version":0,"Level":0,"Task":12544,"Opcode":0,"Keywords":"0x8010000000000000","TimeCreated_attributes":{"SystemTime":"2016-09-19T16:50:41.724817Z"},"EventRecordID":3245,"Correlation_attributes":{"ActivityID":"B864D168-0B7B-0000-89D1-64B87B0BD201"},"Execution_attributes":{"ProcessID":752,"ThreadID":2828},"Channel":"Security","Computer":"DESKTOP-M5SN04R","Security":null},"EventData":{"SubjectUserSid":"S-1-0-0","SubjectUserName":"-","SubjectDomainName":"-","SubjectLogonId":"0x0","TargetUserSid":"S-1-0-0","TargetUserName":"Administrator","TargetDomainName":".","Status":"0xc000006d","FailureReason":"%%2313","SubStatus":"0xc000006a","LogonType":3,"LogonProcessName":"NtLmSsp ","AuthenticationPackageName":"NTLM","WorkstationName":"I72BOMPQHyyP374g","TransmittedServices":"-","LmPackageName":"-","KeyLength":0,"ProcessId":"0x0","ProcessName":"-","IpAddress":"192.168.198.149","IpPort":"38452"}}}
{"Event_attributes":{"xmlns":"http://schemas.microsoft.com/win/2004/08/events/event"},"Event":{"System":{"Provider_attributes":{"Name":"Microsoft-Windows-Security-Auditing","Guid":"54849625-5478-4994-A5BA-3E3B0328C30D"},"EventID":4625,"Version":0,"Level":0,"Task":12544,"Opcode":0,"Keywords":"0x8010000000000000","TimeCreated_attributes":{"SystemTime":"2016-09-19T16:50:41.790461Z"},"EventRecordID":3246,"Correlation_attributes":{"ActivityID":"B864D168-0B7B-0000-89D1-64B87B0BD201"},"Execution_attributes":{"ProcessID":752,"ThreadID":4068},"Channel":"Security","Computer":"DESKTOP-M5SN04R","Security":null},"EventData":{"SubjectUserSid":"S-1-0-0","SubjectUserName":"-","SubjectDomainName":"-","SubjectLogonId":"0x0","TargetUserSid":"S-1-0-0","TargetUserName":"Administrator","TargetDomainName":".","Status":"0xc000006d","FailureReason":"%%2313","SubStatus":"0xc000006a","LogonType":3,"LogonProcessName":"NtLmSsp ","AuthenticationPackageName":"NTLM","WorkstationName":"4al5pUa4mKfbL734","TransmittedServices":"-","LmPackageName":"-","KeyLength":0,"ProcessId":"0x0","ProcessName":"-","IpAddress":"192.168.198.149","IpPort":"35254"}}}
