{"Event_attributes":{"xmlns":"http://schemas.microsoft.com/win/2004/08/events/event"},"Event":{"System":{"Provider_attributes":{"Name":"Microsoft-Windows-Security-Auditing","Guid":"54849625-5478-4994-A5BA-3E3B0328C30D"},"EventID":4625,"Version":0,"Level":0,"Task":12544,"Opcode":0,"Keywords":"0x8010000000000000","TimeCreated_attributes":{"SystemTime":"2016-09-19T16:50:10.383760Z"},"EventRecordID":2543,"Correlation_attributes":{"ActivityID":"B864D168-0B7B-0000-89D1-64B87B0BD201"},"Execution_attributes":{"ProcessID":752,"ThreadID":2828},"Channel":"Security","Computer":"DESKTOP-M5SN04R","Security":null},"EventData":{"SubjectUserSid":"S-1-0-0","SubjectUserName":"-","SubjectDomainName":"-","SubjectLogonId":"0x0","TargetUserSid":"S-1-0-0","TargetUserName":"Administrator","TargetDomainName":".","Status":"0xc000006d","FailureReason":"%%2313","SubStatus":"0xc000006a","LogonType":3,"LogonProcessName":"NtLmSsp ","AuthenticationPackageName":"NTLM","WorkstationName":"rGpD7AJUTekDmd6Q","TransmittedServices":"-","LmPackageName":"-","KeyLength":0,"ProcessId":"0x0","ProcessName":"-","IpAddress":"192.168.198.149","IpPort":"36983"}}}
{"Event_attributes":{"xmlns":"http://schemas.microsoft.com/win/2004/08/events/event"},"Event":{"System":{"Provider_attributes":{"Name":"Microsoft-Windows-Security-Auditing","Guid":"54849625-5478-4994-A5BA-3E3B0328C30D"},"EventID":4625,"Version":0,"Level":0,"Task":12544,"Opcode":0,"Keywords":"0x8010000000000000","TimeCreated_attributes":{"SystemTime":"2016-09-19T16:50:10.423787Z"},"EventRecordID":2544,"Correlation_attributes":{"ActivityID":"B864D168-0B7B-0000-89D1-64B87B0BD201"},"Execution_attributes":{"ProcessID":752,"ThreadID":4068},"Channel":"Security","Computer":"DESKTOP-M5SN04R","Security":null},"EventData":{"SubjectUserSid":"S-1-0-0","SubjectUserName":"-","SubjectDomainName":"-","SubjectLogonId":"0x0","TargetUserSid":"S-1-0-0","TargetUserName":"Administrator","TargetDomainName":".","Status":"0xc000006d","FailureReason":"%%2313","SubStatus":"0xc000006a","LogonType":3,"LogonProcessName":"NtLmSsp ","AuthenticationPackageName":"NTLM","WorkstationName":"OykzTOn7B9THv0cT","TransmittedServices":"-","LmPackageName":"-","KeyLength":0,"ProcessId":"0x0","ProcessName":"-","IpAddress":"192.168.198.149","IpPort":"43864"}}}
{"Event_attributes":{"xmlns":"http://schemas.microsoft.com/win/2004/08/events/event"},"Event":{"System":{"Provider_attributes":{"Name":"Microsoft-Windows-Security-Auditing","Guid":"54849625-5478-4994-A5BA-3E3B0328C30D"},"EventID":4625,"Version":0,"Level":0,"Task":12544,"Opcode":0,"Keywords":"0x8010000000000000","TimeCreated_attributes":{"SystemTime":"2016-09-19T16:50:10.462878Z"},"EventRecordID":2545,"Correlation_attributes":{"ActivityID":"B864D168-0B7B-0000-89D1-64B87B0BD201"},"Execution_attributes":{"ProcessID":752,"ThreadID":4068},"Channel":"Security","Computer":"DESKTOP-M5SN04R","Security":null},"EventData":{"SubjectUserSid":"S-1-0-0","SubjectUserName":"-","SubjectDomainName":"-","SubjectLogonId":"0x0","TargetUserSid":"S-1-0-0","TargetUserName":"Administrator","TargetDomainName":".","Status":"0xc000006d","FailureReason":"%%2313","SubStatus":"0xc000006a","LogonType":3,"LogonProcessName":"NtLmSsp ","AuthenticationPackageName":"NTLM","WorkstationName":"cIYOrBBwX8nFpCzw","TransmittedServices":"-","LmPackageName":"-","KeyLength":0,"ProcessId":"0x0","ProcessName":"-","IpAddress":"192.168.198.149","IpPort":"36053"}}}
{"Event_attributes":{"xmlns":"http://schemas.microsoft.com/win/2004/08/events/event"},"Event":{"System":{"Provider_attributes":{"Name":"Microsoft-Windows-Security-Auditing","Guid":"54849625-5478-4994-A5BA-3E3B0328C30D"},"EventID":4625,"Version":0,"Level":0,"Task":12544,"Opcode":0,"Keywords":"0x8010000000000000","TimeCreated_attributes":{"SystemTime":"2016-09-19T16:50:10.508802Z"},"EventRecordID":2546,"Correlation_attributes":{"ActivityID":"B864D168-0B7B-0000-89D1-64B87B0BD201"},"Execution_attributes":{"ProcessID":752,"ThreadID":4068},"Channel":"Security","Computer":"DESKTOP-M5SN04R","Security":null},"EventData":{"SubjectUserSid":"S-1-0-0","SubjectUserName":"-","SubjectDomainName":"-","SubjectLogonId":"0x0","TargetUserSid":"S-1-0-0","TargetUserName":"Administrator","TargetDomainName":".","Status":"0xc000006d","FailureReason":"%%2313","SubStatus":"0xc000006a","LogonType":3,"LogonProcessName":"NtLmSsp ","AuthenticationPackageName":"NTLM","WorkstationName":"SvnROHLMVnmPfAyy","TransmittedServices":"-","LmPackageName":"-","KeyLength":0,"ProcessId":"0x0","ProcessName":"-","IpAddress":"192.168.198.149","IpPort":"49368"}}}
{"Event_attributes":{"xmlns":"http://schemas.microsoft.com/win/2004/08/events/event"},"Event":{"System":{"Provider_attributes":{"Name":"Microsoft-Windows-Security-Auditing","Guid":"54849625-5478-4994-A5BA-3E3B0328C30D"},"EventID":4625,"Version":0,"Level":0,"Task":12544,"Opcode":0,"Keywords":"0x8010000000000000","TimeCreated_attributes":{"SystemTime":"2016-09-19T16:50:10.547778Z"},"EventRecordID":2547,"Correlation_attributes":{"ActivityID":"B864D168-0B7B-0000-89D1-64B87B0BD201"},"Execution_attributes":{"ProcessID":752,"ThreadID":4068},"Channel":"Security","Computer":"DESKTOP-M5SN04R","Security":null},"EventData":{"SubjectUserSid":"S-1-0-0","SubjectUserName":"-","SubjectDomainName":"-","SubjectLogonId":"0x0","TargetUserSid":"S-1-0-0","TargetUserName":"Administrator","TargetDomainName":".","Status":"0xc000006d","FailureReason":"%%2313","SubStatus":"0xc000006a","LogonType":3,"LogonProcessName":"NtLmSsp ","AuthenticationPackageName":"NTLM","WorkstationName":"5EwJ84H7kXQXzGZz","TransmittedServices":"-","LmPackageName":"-","KeyLength":0,"ProcessId":"0x0","ProcessName":"-","IpAddress":"192.168.198.149","IpPort":"36278"}}}
{"Event_attributes":{"xmlns":"http://schemas.microsoft.com/win/2004/08/events/event"},"Event":{"System":{"Provider_attributes":{"Name":"Microsoft-Windows-Security-Auditing","Guid":"54849625-5478-4994-A5BA-3E3B0328C30D"},"EventID":4625,"Version":0,"Level":0,"Task":12544,"Opcode":0,"Keywords":"0x8010000000000000","TimeCreated_attributes":{"SystemTime":"2016-09-19T16:50:10.580851Z"},"EventRecordID":2548,"Correlation_attributes":{"ActivityID":"B864D168-0B7B-0000-89D1-64B87B0BD201"},"Execution_attributes":{"ProcessID":752,"ThreadID":2828},"Channel":"Security","Computer":"DESKTOP-M5SN04R","Security":null},"EventData":{"SubjectUserSid":"S-1-0-0","SubjectUserName":"-","SubjectDomainName":"-","SubjectLogonId":"0x0","TargetUserSid":"S-1-0-0","TargetUserName":"Administrator","TargetDomainName":".","Status":"0xc000006d","FailureReason":"%%2313","SubStatus":"0xc000006a","LogonType":3,"LogonProcessName":"NtLmSsp ","AuthenticationPackageName":"NTLM","WorkstationName":"34RLeLWDgLayU3JM","TransmittedServices":"-","LmPackageName":"-","KeyLength":0,"ProcessId":"0x0","ProcessName":"-","IpAddress":"192.168.198.149","IpPort":"51780"}}}
{"Event_attributes":{"xmlns":"http://schemas.microsoft.com/win/2004/08/events/event"},"Event":{"System":{"Provider_attributes":{"Name":"Microsoft-Windows-Security-Auditing","Guid":"54849625-5478-4994-A5BA-3E3B0328C30D"},"EventID":4625,"Version":0,"Level":0,"Task":12544,"Opcode":0,"Keywords":"0x8010000000000000","TimeCreated_attributes":{"SystemTime":"2016-09-19T16:50:10.619859Z"},"EventRecordID":2549,"Correlation_attributes":{"ActivityID":"B864D168-0B7B-0000-89D1-64B87B0BD201"},"Execution_attributes":{"ProcessID":752,"ThreadID":2828},"Channel":"Security","Computer":"DESKTOP-M5SN04R","Security":null},"EventData":{"SubjectUserSid":"S-1-0-0","SubjectUserName":"-","SubjectDomainName":"-","SubjectLogonId":"0x0","TargetUserSid":"S-1-0-0","TargetUserName":"Administrator","TargetDomainName":".","Status":"0xc000006d","FailureReason":"%%2313","SubStatus":"0xc000006a","LogonType":3,"LogonProcessName":"NtLmSsp ","AuthenticationPackageName":"NTLM","WorkstationName":"QaXHGUgboODAi5Qu","TransmittedServices":"-","LmPackageName":"-","KeyLength":0,"ProcessId":"0x0","ProcessName":"-","IpAddress":"192.168.198.149","IpPort":"45873"}}}
{"Event_attributes":{"xmlns":"http://schemas.microsoft.com/win/2004/08/events/event"},"Event":{"System":{"Provider_attributes":{"Name":"Microsoft-Windows-Security-Auditing","Guid":"54849625-5478-4994-A5BA-3E3B0328C30D"},"EventID":4625,"Version":0,"Level":0,"Task":12544,"Opcode":0,"Keywords":"0x8010000000000000","TimeCreated_attributes":{"SystemTime":"2016-09-19T16:50:10.659827Z"},"EventRecordID":2550,"Correlation_attributes":{"ActivityID":"B864D168-0B7B-0000-89D1-64B87B0BD201"},"Execution_attributes":{"ProcessID":752,"ThreadID":2828},"Channel":"Security","Computer":"DESKTOP-M5SN04R","Security":null},"EventData":{"SubjectUserSid":"S-1-0-0","SubjectUserName":"-","SubjectDomainName":"-","SubjectLogonId":"0x0","TargetUserSid":"S-1-0-0","TargetUserName":"Administrator","TargetDomainName":".","Status":"0xc000006d","FailureReason":"%%2313","SubStatus":"0xc000006a","LogonType":3,"LogonProcessName":"NtLmSsp ","AuthenticationPackageName":"NTLM","WorkstationName":"QlOlZ0m397CsmaeD","TransmittedServices":"-","LmPackageName":"-","KeyLength":0,"ProcessId":"0x0","ProcessName":"-","IpAddress":"192.168.198.149","IpPort":"34606"}}}
{"Event_attributes":{"xmlns":"http://schemas.microsoft.com/win/2004/08/events/event"},"Event":{"System":{"Provider_attributes":{"Name":"Microsoft-Windows-Security-Auditing","Guid":"54849625-5478-4994-A5BA-3E3B0328C30D"},"EventID":4625,"Version":0,"Level":0,"Task":12544,"Opcode":0,"Keywords":"0x8010000000000000","TimeCreated_attributes":{"SystemTime":"2016-09-19T16:50:10.699756Z"},"EventRecordID":2551,"Correlation_attributes":{"ActivityID":"B864D168-0B7B-0000-89D1-64B87B0BD201"},"Execution_attributes":{"ProcessID":752,"ThreadID":2828},"Channel":"Security","Computer":"DESKTOP-M5SN04R","Security":null},"EventData":{"SubjectUserSid":"S-1-0-0","SubjectUserName":"-","SubjectDomainName":"-","SubjectLogonId":"0x0","TargetUserSid":"S-1-0-0","TargetUserName":"Administrator","TargetDomainName":".","Status":"0xc000006d","FailureReason":"%%2313","SubStatus":"0xc000006a","LogonType":3,"LogonProcessName":"NtLmSsp ","AuthenticationPackageName":"NTLM","WorkstationName":"N24rSPCI8DsQIPXR","TransmittedServices":"-","LmPackageName":"-","KeyLength":0,"ProcessId":"0x0","ProcessName":"-","IpAddress":"192.168.198.149","IpPort":"49178"}}}
{"Event_attributes":{"xmlns":"http://schemas.microsoft.com/win/2004/08/events/event"},"Event":{"System":{"Provider_attributes":{"Name":"Microsoft-Windows-Security-Auditing","Guid":"54849625-5478-4994-A5BA-3E3B0328C30D"},"EventID":4625,"Version":0,"Level":0,"Task":12544,"Opcode":0,"Keywords":"0x8010000000000000","TimeCreated_attributes":{"SystemTime":"2016-09-19T16:50:10.738777Z"},"EventRecordID":2552,"Correlation_attributes":{"ActivityID":"B864D168-0B7B-0000-89D1-64B87B0BD201"},"Execution_attributes":{"ProcessID":752,"ThreadID":4068},"Channel":"Security","Computer":"DESKTOP-M5SN04R","Security":null},"EventData":{"SubjectUserSid":"S-1-0-0","SubjectUserName":"-","SubjectDomainName":"-","SubjectLogonId":"0x0","TargetUserSid":"S-1-0-0","TargetUserName":"Administrator","TargetDomainName":".","Status":"0xc000006d","FailureReason":"%%2313","SubStatus":"0xc000006a","LogonType":3,"LogonProcessName":"NtLmSsp ","AuthenticationPackageName":"NTLM","WorkstationName":"5y2tgoUcs6mFPZm4","TransmittedServices":"-","LmPackageName":"-","KeyLength":0,"ProcessId":"0x0","ProcessName":"-","IpAddress":"192.168.198.149","IpPort":"52017"}}}
{"Event_attributes":{"xmlns":"http://schemas.microsoft.com/win/2004/08/events/event"},"Event":{"System":{"Provider_attributes":{"Name":"Microsoft-Windows-Security-Auditing","Guid":"54849625-5478-4994-A5BA-3E3B0328C30D"},"EventID":4625,"Version":0,"Level":0,"Task":12544,"Opcode":0,"Keywords":"0x8010000000000000","TimeCreated_attributes":{"SystemTime":"2016-09-19T16:50:10.776757Z"},"EventRecordID":2553,"Correlation_attributes":{"ActivityID":"B864D168-0B7B-0000-89D1-64B87B0BD201"},"Execution_attributes":{"ProcessID":752,"ThreadID":4068},"Channel":"Security","Computer":"DESKTOP-M5SN04R","Security":null},"EventData":{"SubjectUserSid":"S-1-0-0","SubjectUserName":"-","SubjectDomainName":"-","SubjectLogonId":"0x0","TargetUserSid":"S-1-0-0","TargetUserName":"Administrator","TargetDomainName":".","Status":"0xc000006d","FailureReason":"%%2313","SubStatus":"0xc000006a","LogonType":3,"LogonProcessName":"NtLmSsp ","AuthenticationPackageName":"NTLM","WorkstationName":"HmFX6MioYqaMumgw","TransmittedServices":"-","LmPackageName":"-","KeyLength":0,"ProcessId":"0x0","ProcessName":"-","IpAddress":"192.168.198.149","IpPort":"33253"}}}
{"Event_attributes":{"xmlns":"http://schemas.microsoft.com/win/2004/08/events/event"},"Event":{"System":{"Provider_attributes":{"Name":"Microsoft-Windows-Security-Auditing","Guid":"54849625-5478-4994-A5BA-3E3B0328C30D"},"EventID":4625,"Version":0,"Level":0,"Task":12544,"Opcode":0,"Keywords":"0x8010000000000000","TimeCreated_attributes":{"SystemTime":"2016-09-19T16:50:10.820845Z"},"EventRecordID":2554,"Correlation_attributes":{"ActivityID":"B864D168-0B7B-0000-89D1-64B87B0BD201"},"Execution_attributes":{"ProcessID":752,"ThreadID":2828},"Channel":"Security","Computer":"DESKTOP-M5SN04R","Security":null},"EventData":{"SubjectUserSid":"S-1-0-0","SubjectUserName":"-","SubjectDomainName":"-","SubjectLogonId":"0x0","TargetUserSid":"S-1-0-0","TargetUserName":"Administrator","TargetDomainName":".","Status":"0xc000006d","FailureReason":"%%2313","SubStatus":"0xc000006a","LogonType":3,"LogonProcessName":"NtLmSsp ","AuthenticationPackageName":"NTLM","WorkstationName":"R4HRWlPWPKy1Cicq","TransmittedServices":"-","LmPackageName":"-","KeyLength":0,"ProcessId":"0x0","ProcessName":"-","IpAddress":"192.168.198.149","IpPort":"44689"}}}
{"Event_attributes":{"xmlns":"http://schemas.microsoft.com/win/2004/08/events/event"},"Event":{"System":{"Provider_attributes":{"Name":"Microsoft-Windows-Security-Auditing","Guid":"54849625-5478-4994-A5BA-3E3B0328C30D"},"EventID":4625,"Version":0,"Level":0,"Task":12544,"Opcode":0,"Keywords":"0x8010000000000000","TimeCreated_attributes":{"SystemTime":"2016-09-19T16:50:10.869861Z"},"EventRecordID":2555,"Correlation_attributes":{"ActivityID":"B864D168-0B7B-0000-89D1-64B87B0BD201"},"Execution_attributes":{"ProcessID":752,"ThreadID":2828},"Channel":"Security","Computer":"DESKTOP-M5SN04R","Security":null},"EventData":{"SubjectUserSid":"S-1-0-0","SubjectUserName":"-","SubjectDomainName":"-","SubjectLogonId":"0x0","TargetUserSid":"S-1-0-0","TargetUserName":"Administrator","TargetDomainName":".","Status":"0xc000006d","FailureReason":"%%2313","SubStatus":"0xc000006a","LogonType":3,"LogonProcessName":"NtLmSsp ","AuthenticationPackageName":"NTLM","WorkstationName":"GDUf7wVbHkS9uaPC","TransmittedServices":"-","LmPackageName":"-","KeyLength":0,"ProcessId":"0x0","ProcessName":"-","IpAddress":"192.168.198.149","IpPort":"40077"}}}
{"Event_attributes":{"xmlns":"http://schemas.microsoft.com/win/2004/08/events/event"},"Event":{"System":{"Provider_attributes":{"Name":"Microsoft-Windows-Security-Auditing","Guid":"54849625-5478-4994-A5BA-3E3B0328C30D"},"EventID":4625,"Version":0,"Level":0,"Task":12544,"Opcode":0,"Keywords":"0x8010000000000000","TimeCreated_attributes":{"SystemTime":"2016-09-19T16:50:10.917345Z"},"EventRecordID":2556,"Correlation_attributes":{"ActivityID":"B864D168-0B7B-0000-89D1-64B87B0BD201"},"Execution_attributes":{"ProcessID":752,"ThreadID":4068},"Channel":"Security","Computer":"DESKTOP-M5SN04R","Security":null},"EventData":{"SubjectUserSid":"S-1-0-0","SubjectUserName":"-","SubjectDomainName":"-","SubjectLogonId":"0x0","TargetUserSid":"S-1-0-0","TargetUserName":"Administrator","TargetDomainName":".","Status":"0xc000006d","FailureReason":"%%2313","SubStatus":"0xc000006a","LogonType":3,"LogonProcessName":"NtLmSsp ","AuthenticationPackageName":"NTLM","WorkstationName":"eBX0Lviz6Bv5rGcb","TransmittedServices":"-","LmPackageName":"-","KeyLength":0,"ProcessId":"0x0","ProcessName":"-","IpAddress":"192.168.198.149","IpPort":"49286"}}}
{"Event_attributes":{"xmlns":"http://schemas.microsoft.com/win/2004/08/events/event"},"Event":{"System":{"Provider_attributes":{"Name":"Microsoft-Windows-Security-Auditing","Guid":"54849625-5478-4994-A5BA-3E3B0328C30D"},"EventID":4625,"Version":0,"Level":0,"Task":12544,"Opcode":0,"Keywords":"0x8010000000000000","TimeCreated_attributes":{"SystemTime":"2016-09-19T16:50:10.956606Z"},"EventRecordID":2557,"Correlation_attributes":{"ActivityID":"B864D168-0B7B-0000-89D1-64B87B0BD201"},"Execution_attributes":{"ProcessID":752,"ThreadID":4068},"Channel":"Security","Computer":"DESKTOP-M5SN04R","Security":null},"EventData":{"SubjectUserSid":"S-1-0-0","SubjectUserName":"-","SubjectDomainName":"-","SubjectLogonId":"0x0","TargetUserSid":"S-1-0-0","TargetUserName":"Administrator","TargetDomainName":".","Status":"0xc000006d","FailureReason":"%%2313","SubStatus":"0xc000006a","LogonType":3,"LogonProcessName":"NtLmSsp ","AuthenticationPackageName":"NTLM","WorkstationName":"zZwPm9qahLU78FRY","TransmittedServices":"-","LmPackageName":"-","KeyLength":0,"ProcessId":"0x0","ProcessName":"-","IpAddress":"192.168.198.149","IpPort":"51150"}}}
{"Event_attributes":{"xmlns":"http://schemas.microsoft.com/win/2004/08/events/event"},"Event":{"System":{"Provider_attributes":{"Name":"Microsoft-Windows-Security-Auditing","Guid":"54849625-5478-4994-A5BA-3E3B0328C30D"},"EventID":4625,"Version":0,"Level":0,"Task":12544,"Opcode":0,"Keywords":"0x8010000000000000","TimeCreated_attributes":{"SystemTime":"2016-09-19T16:50:11.008379Z"},"EventRecordID":2558,"Correlation_attributes":{"ActivityID":"B864D168-0B7B-0000-89D1-64B87B0BD201"},"Execution_attributes":{"ProcessID":752,"ThreadID":4068},"Channel":"Security","Computer":"DESKTOP-M5SN04R","Security":null},"EventData":{"SubjectUserSid":"S-1-0-0","SubjectUserName":"-","SubjectDomainName":"-","SubjectLogonId":"0x0","TargetUserSid":"S-1-0-0","TargetUserName":"Administrator","TargetDomainName":".","Status":"0xc000006d","FailureReason":"%%2313","SubStatus":"0xc000006a","LogonType":3,"LogonProcessName":"NtLmSsp ","AuthenticationPackageName":"NTLM","WorkstationName":"jOVsopykTHNQcYUp","TransmittedServices":"-","LmPackageName":"-","KeyLength":0,"ProcessId":"0x0","ProcessName":"-","IpAddress":"192.168.198.149","IpPort":"37087"}}}
{"Event_attributes":{"xmlns":"http://schemas.microsoft.com/win/2004/08/events/event"},"Event":{"System":{"Provider_attributes":{"Name":"Microsoft-Windows-Security-Auditing","Guid":"54849625-5478-4994-A5BA-3E3B0328C30D"},"EventID":4625,"Version":0,"Level":0,"Task":12544,"Opcode":0,"Keywords":"0x8010000000000000","TimeCreated_attributes":{"SystemTime":"2016-09-19T16:50:11.060947Z"},"EventRecordID":2559,"Correlation_attributes":{"ActivityID":"B864D168-0B7B-0000-89D1-64B87B0BD201"},"Execution_attributes":{"ProcessID":752,"ThreadID":4068},"Channel":"Security","Computer":"DESKTOP-M5SN04R","Security":null},"EventData":{"SubjectUserSid":"S-1-0-0","SubjectUserName":"-","SubjectDomainName":"-","SubjectLogonId":"0x0","TargetUserSid":"S-1-0-0","TargetUserName":"Administrator","TargetDomainName":".","Status":"0xc000006d","FailureReason":"%%2313","SubStatus":"0xc000006a","LogonType":3,"LogonProcessName":"NtLmSsp ","AuthenticationPackageName":"NTLM","WorkstationName":"n8DY7sdDY8nuWdME","TransmittedServices":"-","LmPackageName":"-","KeyLength":0,"ProcessId":"0x0","ProcessName":"-","IpAddress":"192.168.198.149","IpPort":"54496"}}}
{"Event_attributes":{"xmlns":"http://schemas.microsoft.com/win/2004/08/events/event"},"Event":{"System":{"Provider_attributes":{"Name":"Microsoft-Windows-Security-Auditing","Guid":"54849625-5478-4994-A5BA-3E3B0328C30D"},"EventID":4625,"Version":0,"Level":0,"Task":12544,"Opcode":0,"Keywords":"0x8010000000000000","TimeCreated_attributes":{"SystemTime":"2016-09-19T16:50:11.105307Z"},"EventRecordID":2560,"Correlation_attributes":{"ActivityID":"B864D168-0B7B-0000-89D1-64B87B0BD201"},"Execution_attributes":{"ProcessID":752,"ThreadID":4068},"Channel":"Security","Computer":"DESKTOP-M5SN04R","Security":null},"EventData":{"SubjectUserSid":"S-1-0-0","SubjectUserName":"-","SubjectDomainName":"-","SubjectLogonId":"0x0","TargetUserSid":"S-1-0-0","TargetUserName":"Administrator","TargetDomainName":".","Status":"0xc000006d","FailureReason":"%%2313","SubStatus":"0xc000006a","LogonType":3,"LogonProcessName":"NtLmSsp ","AuthenticationPackageName":"NTLM","WorkstationName":"rTxEVu7mudXEBARZ","TransmittedServices":"-","LmPackageName":"-","KeyLength":0,"ProcessId":"0x0","ProcessName":"-","IpAddress":"192.168.198.149","IpPort":"55674"}}}
{"Event_attributes":{"xmlns":"http://schemas.microsoft.com/win/2004/08/events/event"},"Event":{"System":{"Provider_attributes":{"Name":"Microsoft-Windows-Security-Auditing","Guid":"54849625-5478-4994-A5BA-3E3B0328C30D"},"EventID":4625,"Version":0,"Level":0,"Task":12544,"Opcode":0,"Keywords":"0x8010000000000000","TimeCreated_attributes":{"SystemTime":"2016-09-19T16:50:11.148242Z"},"EventRecordID":2561,"Correlation_attributes":{"ActivityID":"B864D168-0B7B-0000-89D1-64B87B0BD201"},"Execution_attributes":{"ProcessID":752,"ThreadID":2828},"Channel":"Security","Computer":"DESKTOP-M5SN04R","Security":null},"EventData":{"SubjectUserSid":"S-1-0-0","SubjectUserName":"-","SubjectDomainName":"-","SubjectLogonId":"0x0","TargetUserSid":"S-1-0-0","TargetUserName":"Administrator","TargetDomainName":".","Status":"0xc000006d","FailureReason":"%%2313","SubStatus":"0xc000006a","LogonType":3,"LogonProcessName":"NtLmSsp ","AuthenticationPackageName":"NTLM","WorkstationName":"7ohqvCoOLkFRcqvE","TransmittedServices":"-","LmPackageName":"-","KeyLength":0,"ProcessId":"0x0","ProcessName":"-","IpAddress":"192.168.198.149","IpPort":"37972"}}}
{"Event_attributes":{"xmlns":"http://schemas.microsoft.com/win/2004/08/events/event"},"Event":{"System":{"Provider_attributes":{"Name":"Microsoft-Windows-Security-Auditing","Guid":"54849625-5478-4994-A5BA-3E3B0328C30D"},"EventID":4625,"Version":0,"Level":0,"Task":12544,"Opcode":0,"Keywords":"0x8010000000000000","TimeCreated_attributes":{"SystemTime":"2016-09-19T16:50:11.180857Z"},"EventRecordID":2562,"Correlation_attributes":{"ActivityID":"B864D168-0B7B-0000-89D1-64B87B0BD201"},"Execution_attributes":{"ProcessID":752,"ThreadID":2828},"Channel":"Security","Computer":"DESKTOP-M5SN04R","Security":null},"EventData":{"SubjectUserSid":"S-1-0-0","SubjectUserName":"-","SubjectDomainName":"-","SubjectLogonId":"0x0","TargetUserSid":"S-1-0-0","TargetUserName":"Administrator","TargetDomainName":".","Status":"0xc000006d","FailureReason":"%%2313","SubStatus":"0xc000006a","LogonType":3,"LogonProcessName":"NtLmSsp ","AuthenticationPackageName":"NTLM","WorkstationName":"me8rikVJqcKxvHdq","TransmittedServices":"-","LmPackageName":"-","KeyLength":0,"ProcessId":"0x0","ProcessName":"-","IpAddress":"192.168.198.149","IpPort":"58352"}}}
{"Event_attributes":{"xmlns":"http://schemas.microsoft.com/win/2004/08/events/event"},"Event":{"System":{"Provider_attributes":{"Name":"Microsoft-Windows-Security-Auditing","Guid":"54849625-5478-4994-A5BA-3E3B0328C30D"},"EventID":4625,"Version":0,"Level":0,"Task":12544,"Opcode":0,"Keywords":"0x8010000000000000","TimeCreated_attributes":{"SystemTime":"2016-09-19T16:50:11.228990Z"},"EventRecordID":2563,"Correlation_attributes":{"ActivityID":"B864D168-0B7B-0000-89D1-64B87B0BD201"},"Execution_attributes":{"ProcessID":752,"ThreadID":2828},"Channel":"Security","Computer":"DESKTOP-M5SN04R","Security":null},"EventData":{"SubjectUserSid":"S-1-0-0","SubjectUserName":"-","SubjectDomainName":"-","SubjectLogonId":"0x0","TargetUserSid":"S-1-0-0","TargetUserName":"Administrator","TargetDomainName":".","Status":"0xc000006d","FailureReason":"%%2313","SubStatus":"0xc000006a","LogonType":3,"LogonProcessName":"NtLmSsp ","AuthenticationPackageName":"NTLM","WorkstationName":"oLqVmqCmHTrD7V8V","TransmittedServices":"-","LmPackageName":"-","KeyLength":0,"ProcessId":"0x0","ProcessName":"-","IpAddress":"192.168.198.149","IpPort":"41797"}}}
{"Event_attributes":{"xmlns":"http://schemas.microsoft.com/win/2004/08/events/event"},"Event":{"System":{"Provider_attributes":{"Name":"Microsoft-Windows-Security-Auditing","Guid":"54849625-5478-4994-A5BA-3E3B0328C30D"},"EventID":4625,"Version":0,"Level":0,"Task":12544,"Opcode":0,"Keywords":"0x8010000000000000","TimeCreated_attributes":{"SystemTime":"2016-09-19T16:50:11.269819Z"},"EventRecordID":2564,"Correlation_attributes":{"ActivityID":"B864D168-0B7B-0000-89D1-64B87B0BD201"},"Execution_attributes":{"ProcessID":752,"ThreadID":2828},"Channel":"Security","Computer":"DESKTOP-M5SN04R","Security":null},"EventData":{"SubjectUserSid":"S-1-0-0","SubjectUserName":"-","SubjectDomainName":"-","SubjectLogonId":"0x0","TargetUserSid":"S-1-0-0","TargetUserName":"Administrator","TargetDomainName":".","Status":"0xc000006d","FailureReason":"%%2313","SubStatus":"0xc000006a","LogonType":3,"LogonProcessName":"NtLmSsp ","AuthenticationPackageName":"NTLM","WorkstationName":"5ySdyzxvDasHgjq0","TransmittedServices":"-","LmPackageName":"-","KeyLength":0,"ProcessId":"0x0","ProcessName":"-","IpAddress":"192.168.198.149","IpPort":"33560"}}}
{"Event_attributes":{"xmlns":"http://schemas.microsoft.com/win/2004/08/events/event"},"Event":{"System":{"Provider_attributes":{"Name":"Microsoft-Windows-Security-Auditing","Guid":"54849625-5478-4994-A5BA-3E3B0328C30D"},"EventID":4625,"Version":0,"Level":0,"Task":12544,"Opcode":0,"Keywords":"0x8010000000000000","TimeCreated_attributes":{"SystemTime":"2016-09-19T16:50:11.312822Z"},"EventRecordID":2565,"Correlation_attributes":{"ActivityID":"B864D168-0B7B-0000-89D1-64B87B0BD201"},"Execution_attributes":{"ProcessID":752,"ThreadID":4068},"Channel":"Security","Computer":"DESKTOP-M5SN04R","Security":null},"EventData":{"SubjectUserSid":"S-1-0-0","SubjectUserName":"-","SubjectDomainName":"-","SubjectLogonId":"0x0","TargetUserSid":"S-1-0-0","TargetUserName":"Administrator","TargetDomainName":".","Status":"0xc000006d","FailureReason":"%%2313","SubStatus":"0xc000006a","LogonType":3,"LogonProcessName":"NtLmSsp ","AuthenticationPackageName":"NTLM","WorkstationName":"N2auwOc1wemq76n1","TransmittedServices":"-","LmPackageName":"-","KeyLength":0,"ProcessId":"0x0","ProcessName":"-","IpAddress":"192.168.198.149","IpPort":"56083"}}}
{"Event_attributes":{"xmlns":"http://schemas.microsoft.com/win/2004/08/events/event"},"Event":{"System":{"Provider_attributes":{"Name":"Microsoft-Windows-Security-Auditing","Guid":"54849625-5478-4994-A5BA-3E3B0328C30D"},"EventID":4625,"Version":0,"Level":0,"Task":12544,"Opcode":0,"Keywords":"0x8010000000000000","TimeCreated_attributes":{"SystemTime":"2016-09-19T16:50:11.348833Z"},"EventRecordID":2566,"Correlation_attributes":{"ActivityID":"B864D168-0B7B-0000-89D1-64B87B0BD201"},"Execution_attributes":{"ProcessID":752,"ThreadID":4068},"Channel":"Security","Computer":"DESKTOP-M5SN04R","Security":null},"EventData":{"SubjectUserSid":"S-1-0-0","SubjectUserName":"-","SubjectDomainName":"-","SubjectLogonId":"0x0","TargetUserSid":"S-1-0-0","TargetUserName":"Administrator","TargetDomainName":".","Status":"0xc000006d","FailureReason":"%%2313","SubStatus":"0xc000006a","LogonType":3,"LogonProcessName":"NtLmSsp ","AuthenticationPackageName":"NTLM","WorkstationName":"RgK6lHgC5WOBk4kW","TransmittedServices":"-","LmPackageName":"-","KeyLength":0,"ProcessId":"0x0","ProcessName":"-","IpAddress":"192.168.198.149","IpPort":"52994"}}}
{"Event_attributes":{"xmlns":"http://schemas.microsoft.com/win/2004/08/events/event"},"Event":{"System":{"Provider_attributes":{"Name":"Microsoft-Windows-Security-Auditing","Guid":"54849625-5478-4994-A5BA-3E3B0328C30D"},"EventID":4625,"Version":0,"Level":0,"Task":12544,"Opcode":0,"Keywords":"0x8010000000000000","TimeCreated_attributes":{"SystemTime":"2016-09-19T16:50:11.389931Z"},"EventRecordID":2567,"Correlation_attributes":{"ActivityID":"B864D168-0B7B-0000-89D1-64B87B0BD201"},"Execution_attributes":{"ProcessID":752,"ThreadID":2828},"Channel":"Security","Computer":"DESKTOP-M5SN04R","Security":null},"EventData":{"SubjectUserSid":"S-1-0-0","SubjectUserName":"-","SubjectDomainName":"-","SubjectLogonId":"0x0","TargetUserSid":"S-1-0-0","TargetUserName":"Administrator","TargetDomainName":".","Status":"0xc000006d","FailureReason":"%%2313","SubStatus":"0xc000006a","LogonType":3,"LogonProcessName":"NtLmSsp ","AuthenticationPackageName":"NTLM","WorkstationName":"2GG0bKgusKqseQij","TransmittedServices":"-","LmPackageName":"-","KeyLength":0,"ProcessId":"0x0","ProcessName":"-","IpAddress":"192.168.198.149","IpPort":"51593"}}}
{"Event_attributes":{"xmlns":"http://schemas.microsoft.com/win/2004/08/events/event"},"Event":{"System":{"Provider_attributes":{"Name":"Microsoft-Windows-Security-Auditing","Guid":"54849625-5478-4994-A5BA-3E3B0328C30D"},"EventID":4625,"Version":0,"Level":0,"Task":12544,"Opcode":0,"Keywords":"0x8010000000000000","TimeCreated_attributes":{"SystemTime":"2016-09-19T16:50:11.432785Z"},"EventRecordID":2568,"Correlation_attributes":{"ActivityID":"B864D168-0B7B-0000-89D1-64B87B0BD201"},"Execution_attributes":{"ProcessID":752,"ThreadID":2828},"Channel":"Security","Computer":"DESKTOP-M5SN04R","Security":null},"EventData":{"SubjectUserSid":"S-1-0-0","SubjectUserName":"-","SubjectDomainName":"-","SubjectLogonId":"0x0","TargetUserSid":"S-1-0-0","TargetUserName":"Administrator","TargetDomainName":".","Status":"0xc000006d","FailureReason":"%%2313","SubStatus":"0xc000006a","LogonType":3,"LogonProcessName":"NtLmSsp ","AuthenticationPackageName":"NTLM","WorkstationName":"MpHm7DcOmhq4rkaX","TransmittedServices":"-","LmPackageName":"-","KeyLength":0,"ProcessId":"0x0","ProcessName":"-","IpAddress":"192.168.198.149","IpPort":"45275"}}}
{"Event_attributes":{"xmlns":"http://schemas.microsoft.com/win/2004/08/events/event"},"Event":{"System":{"Provider_attributes":{"Name":"Microsoft-Windows-Security-Auditing","Guid":"54849625-5478-4994-A5BA-3E3B0328C30D"},"EventID":4625,"Version":0,"Level":0,"Task":12544,"Opcode":0,"Keywords":"0x8010000000000000","TimeCreated_attributes":{"SystemTime":"2016-09-19T16:50:11.468768Z"},"EventRecordID":2569,"Correlation_attributes":{"ActivityID":"B864D168-0B7B-0000-89D1-64B87B0BD201"},"Execution_attributes":{"ProcessID":752,"ThreadID":2828},"Channel":"Security","Computer":"DESKTOP-M5SN04R","Security":null},"EventData":{"SubjectUserSid":"S-1-0-0","SubjectUserName":"-","SubjectDomainName":"-","SubjectLogonId":"0x0","TargetUserSid":"S-1-0-0","TargetUserName":"Administrator","TargetDomainName":".","Status":"0xc000006d","FailureReason":"%%2313","SubStatus":"0xc000006a","LogonType":3,"LogonProcessName":"NtLmSsp ","AuthenticationPackageName":"NTLM","WorkstationName":"OX1vVGrE7fJSMEiZ","TransmittedServices":"-","LmPackageName":"-","KeyLength":0,"ProcessId":"0x0","ProcessName":"-","IpAddress":"192.168.198.149","IpPort":"37211"}}}
{"Event_attributes":{"xmlns":"http://schemas.microsoft.com/win/2004/08/events/event"},"Event":{"System":{"Provider_attributes":{"Name":"Microsoft-Windows-Security-Auditing","Guid":"54849625-5478-4994-A5BA-3E3B0328C30D"},"EventID":4625,"Version":0,"Level":0,"Task":12544,"Opcode":0,"Keywords":"0x8010000000000000","TimeCreated_attributes":{"SystemTime":"2016-09-19T16:50:11.508586Z"},"EventRecordID":2570,"Correlation_attributes":{"ActivityID":"B864D168-0B7B-0000-89D1-64B87B0BD201"},"Execution_attributes":{"ProcessID":752,"ThreadID":4068},"Channel":"Security","Computer":"DESKTOP-M5SN04R","Security":null},"EventData":{"SubjectUserSid":"S-1-0-0","SubjectUserName":"-","SubjectDomainName":"-","SubjectLogonId":"0x0","TargetUserSid":"S-1-0-0","TargetUserName":"Administrator","TargetDomainName":".","Status":"0xc000006d","FailureReason":"%%2313","SubStatus":"0xc000006a","LogonType":3,"LogonProcessName":"NtLmSsp ","AuthenticationPackageName":"NTLM","WorkstationName":"65i7wtyAhL58QrzC","TransmittedServices":"-","LmPackageName":"-","KeyLength":0,"ProcessId":"0x0","ProcessName":"-","IpAddress":"192.168.198.149","IpPort":"44086"}}}
{"Event_attributes":{"xmlns":"http://schemas.microsoft.com/win/2004/08/events/event"},"Event":{"System":{"Provider_attributes":{"Name":"Microsoft-Windows-Security-Auditing","Guid":"54849625-5478-4994-A5BA-3E3B0328C30D"},"EventID":4625,"Version":0,"Level":0,"Task":12544,"Opcode":0,"Keywords":"0x8010000000000000","TimeCreated_attributes":{"SystemTime":"2016-09-19T16:50:11.551881Z"},"EventRecordID":2571,"Correlation_attributes":{"ActivityID":"B864D168-0B7B-0000-89D1-64B87B0BD201"},"Execution_attributes":{"ProcessID":752,"ThreadID":4068},"Channel":"Security","Computer":"DESKTOP-M5SN04R","Security":null},"EventData":{"SubjectUserSid":"S-1-0-0","SubjectUserName":"-","SubjectDomainName":"-","SubjectLogonId":"0x0","TargetUserSid":"S-1-0-0","TargetUserName":"Administrator","TargetDomainName":".","Status":"0xc000006d","FailureReason":"%%2313","SubStatus":"0xc000006a","LogonType":3,"LogonProcessName":"NtLmSsp ","AuthenticationPackageName":"NTLM","WorkstationName":"k8uSVFRTLTB6g1eg","TransmittedServices":"-","LmPackageName":"-","KeyLength":0,"ProcessId":"0x0","ProcessName":"-","IpAddress":"192.168.198.149","IpPort":"47983"}}}
{"Event_attributes":{"xmlns":"http://schemas.microsoft.com/win/2004/08/events/event"},"Event":{"System":{"Provider_attributes":{"Name":"Microsoft-Windows-Security-Auditing","Guid":"54849625-5478-4994-A5BA-3E3B0328C30D"},"EventID":4625,"Version":0,"Level":0,"Task":12544,"Opcode":0,"Keywords":"0x8010000000000000","TimeCreated_attributes":{"SystemTime":"2016-09-19T16:50:11.592893Z"},"EventRecordID":2572,"Correlation_attributes":{"ActivityID":"B864D168-0B7B-0000-89D1-64B87B0BD201"},"Execution_attributes":{"ProcessID":752,"ThreadID":2828},"Channel":"Security","Computer":"DESKTOP-M5SN04R","Security":null},"EventData":{"SubjectUserSid":"S-1-0-0","SubjectUserName":"-","SubjectDomainName":"-","SubjectLogonId":"0x0","TargetUserSid":"S-1-0-0","TargetUserName":"Administrator","TargetDomainName":".","Status":"0xc000006d","FailureReason":"%%2313","SubStatus":"0xc000006a","LogonType":3,"LogonProcessName":"NtLmSsp ","AuthenticationPackageName":"NTLM","WorkstationName":"ire6VOUMWZQnNjES","TransmittedServices":"-","LmPackageName":"-","KeyLength":0,"ProcessId":"0x0","ProcessName":"-","IpAddress":"192.168.198.149","IpPort":"60441"}}}
{"Event_attributes":{"xmlns":"http://schemas.microsoft.com/win/2004/08/events/event"},"Event":{"System":{"Provider_attributes":{"Name":"Microsoft-Windows-Security-Auditing","Guid":"54849625-5478-4994-A5BA-3E3B0328C30D"},"EventID":4625,"Version":0,"Level":0,"Task":12544,"Opcode":0,"Keywords":"0x8010000000000000","TimeCreated_attributes":{"SystemTime":"2016-09-19T16:50:11.629933Z"},"EventRecordID":2573,"Correlation_attributes":{"ActivityID":"B864D168-0B7B-0000-89D1-64B87B0BD201"},"Execution_attributes":{"ProcessID":752,"ThreadID":2828},"Channel":"Security","Computer":"DESKTOP-M5SN04R","Security":null},"EventData":{"SubjectUserSid":"S-1-0-0","SubjectUserName":"-","SubjectDomainName":"-","SubjectLogonId":"0x0","TargetUserSid":"S-1-0-0","TargetUserName":"Administrator","TargetDomainName":".","Status":"0xc000006d","FailureReason":"%%2313","SubStatus":"0xc000006a","LogonType":3,"LogonProcessName":"NtLmSsp ","AuthenticationPackageName":"NTLM","WorkstationName":"pGWnvKUXnbJvRqql","TransmittedServices":"-","LmPackageName":"-","KeyLength":0,"ProcessId":"0x0","ProcessName":"-","IpAddress":"192.168.198.149","IpPort":"47759"}}}
{"Event_attributes":{"xmlns":"http://schemas.microsoft.com/win/2004/08/events/event"},"Event":{"System":{"Provider_attributes":{"Name":"Microsoft-Windows-Security-Auditing","Guid":"54849625-5478-4994-A5BA-3E3B0328C30D"},"EventID":4625,"Version":0,"Level":0,"Task":12544,"Opcode":0,"Keywords":"0x8010000000000000","TimeCreated_attributes":{"SystemTime":"2016-09-19T16:50:11.666986Z"},"EventRecordID":2574,"Correlation_attributes":{"ActivityID":"B864D168-0B7B-0000-89D1-64B87B0BD201"},"Execution_attributes":{"ProcessID":752,"ThreadID":4068},"Channel":"Security","Computer":"DESKTOP-M5SN04R","Security":null},"EventData":{"SubjectUserSid":"S-1-0-0","SubjectUserName":"-","SubjectDomainName":"-","SubjectLogonId":"0x0","TargetUserSid":"S-1-0-0","TargetUserName":"Administrator","TargetDomainName":".","Status":"0xc000006d","FailureReason":"%%2313","SubStatus":"0xc000006a","LogonType":3,"LogonProcessName":"NtLmSsp ","AuthenticationPackageName":"NTLM","WorkstationName":"xBVvrrLf1rnAviKS","TransmittedServices":"-","LmPackageName":"-","KeyLength":0,"ProcessId":"0x0","ProcessName":"-","IpAddress":"192.168.198.149","IpPort":"32975"}}}
{"Event_attributes":{"xmlns":"http://schemas.microsoft.com/win/2004/08/events/event"},"Event":{"System":{"Provider_attributes":{"Name":"Microsoft-Windows-Security-Auditing","Guid":"54849625-5478-4994-A5BA-3E3B0328C30D"},"EventID":4625,"Version":0,"Level":0,"Task":12544,"Opcode":0,"Keywords":"0x8010000000000000","TimeCreated_attributes":{"SystemTime":"2016-09-19T16:50:11.704783Z"},"EventRecordID":2575,"Correlation_attributes":{"ActivityID":"B864D168-0B7B-0000-89D1-64B87B0BD201"},"Execution_attributes":{"ProcessID":752,"ThreadID":4068},"Channel":"Security","Computer":"DESKTOP-M5SN04R","Security":null},"EventData":{"SubjectUserSid":"S-1-0-0","SubjectUserName":"-","SubjectDomainName":"-","SubjectLogonId":"0x0","TargetUserSid":"S-1-0-0","TargetUserName":"Administrator","TargetDomainName":".","Status":"0xc000006d","FailureReason":"%%2313","SubStatus":"0xc000006a","LogonType":3,"LogonProcessName":"NtLmSsp ","AuthenticationPackageName":"NTLM","WorkstationName":"NE9atGNBlSLQLLcX","TransmittedServices":"-","LmPackageName":"-","KeyLength":0,"ProcessId":"0x0","ProcessName":"-","IpAddress":"192.168.198.149","IpPort":"59683"}}}
{"Event_attributes":{"xmlns":"http://schemas.microsoft.com/win/2004/08/events/event"},"Event":{"System":{"Provider_attributes":{"Name":"Microsoft-Windows-Security-Auditing","Guid":"54849625-5478-4994-A5BA-3E3B0328C30D"},"EventID":4625,"Version":0,"Level":0,"Task":12544,"Opcode":0,"Keywords":"0x8010000000000000","TimeCreated_attributes":{"SystemTime":"2016-09-19T16:50:11.744792Z"},"EventRecordID":2576,"Correlation_attributes":{"ActivityID":"B864D168-0B7B-0000-89D1-64B87B0BD201"},"Execution_attributes":{"ProcessID":752,"ThreadID":2828},"Channel":"Security","Computer":"DESKTOP-M5SN04R","Security":null},"EventData":{"SubjectUserSid":"S-1-0-0","SubjectUserName":"-","SubjectDomainName":"-","SubjectLogonId":"0x0","TargetUserSid":"S-1-0-0","TargetUserName":"Administrator","TargetDomainName":".","Status":"0xc000006d","FailureReason":"%%2313","SubStatus":"0xc000006a","LogonType":3,"LogonProcessName":"NtLmSsp ","AuthenticationPackageName":"NTLM","WorkstationName":"a0M5EaAXziu07hOH","TransmittedServices":"-","LmPackageName":"-","KeyLength":0,"ProcessId":"0x0","ProcessName":"-","IpAddress":"192.168.198.149","IpPort":"51110"}}}
{"Event_attributes":{"xmlns":"http://schemas.microsoft.com/win/2004/08/events/event"},"Event":{"System":{"Provider_attributes":{"Name":"Microsoft-Windows-Security-Auditing","Guid":"54849625-5478-4994-A5BA-3E3B0328C30D"},"EventID":4625,"Version":0,"Level":0,"Task":12544,"Opcode":0,"Keywords":"0x8010000000000000","TimeCreated_attributes":{"SystemTime":"2016-09-19T16:50:11.784988Z"},"EventRecordID":2577,"Correlation_attributes":{"ActivityID":"B864D168-0B7B-0000-89D1-64B87B0BD201"},"Execution_attributes":{"ProcessID":752,"ThreadID":2828},"Channel":"Security","Computer":"DESKTOP-M5SN04R","Security":null},"EventData":{"SubjectUserSid":"S-1-0-0","SubjectUserName":"-","SubjectDomainName":"-","SubjectLogonId":"0x0","TargetUserSid":"S-1-0-0","TargetUserName":"Administrator","TargetDomainName":".","Status":"0xc000006d","FailureReason":"%%2313","SubStatus":"0xc000006a","LogonType":3,"LogonProcessName":"NtLmSsp ","AuthenticationPackageName":"NTLM","WorkstationName":"PM1mwxqI7yVgoK2D","TransmittedServices":"-","LmPackageName":"-","KeyLength":0,"ProcessId":"0x0","ProcessName":"-","IpAddress":"192.168.198.149","IpPort":"38437"}}}
{"Event_attributes":{"xmlns":"http://schemas.microsoft.com/win/2004/08/events/event"},"Event":{"System":{"Provider_attributes":{"Name":"Microsoft-Windows-Security-Auditing","Guid":"54849625-5478-4994-A5BA-3E3B0328C30D"},"EventID":4625,"Version":0,"Level":0,"Task":12544,"Opcode":0,"Keywords":"0x8010000000000000","TimeCreated_attributes":{"SystemTime":"2016-09-19T16:50:11.836817Z"},"EventRecordID":2578,"Correlation_attributes":{"ActivityID":"B864D168-0B7B-0000-89D1-64B87B0BD201"},"Execution_attributes":{"ProcessID":752,"ThreadID":4068},"Channel":"Security","Computer":"DESKTOP-M5SN04R","Security":null},"EventData":{"SubjectUserSid":"S-1-0-0","SubjectUserName":"-","SubjectDomainName":"-","SubjectLogonId":"0x0","TargetUserSid":"S-1-0-0","TargetUserName":"Administrator","TargetDomainName":".","Status":"0xc000006d","FailureReason":"%%2313","SubStatus":"0xc000006a","LogonType":3,"LogonProcessName":"NtLmSsp ","AuthenticationPackageName":"NTLM","WorkstationName":"MPqnpvetHXdThxYg","TransmittedServices":"-","LmPackageName":"-","KeyLength":0,"ProcessId":"0x0","ProcessName":"-","IpAddress":"192.168.198.149","IpPort":"48322"}}}
{"Event_attributes":{"xmlns":"http://schemas.microsoft.com/win/2004/08/events/event"},"Event":{"System":{"Provider_attributes":{"Name":"Microsoft-Windows-Security-Auditing","Guid":"54849625-5478-4994-A5BA-3E3B0328C30D"},"EventID":4625,"Version":0,"Level":0,"Task":12544,"Opcode":0,"Keywords":"0x8010000000000000","TimeCreated_attributes":{"SystemTime":"2016-09-19T16:50:11.879425Z"},"EventRecordID":2579,"Correlation_attributes":{"ActivityID":"B864D168-0B7B-0000-89D1-64B87B0BD201"},"Execution_attributes":{"ProcessID":752,"ThreadID":4068},"Channel":"Security","Computer":"DESKTOP-M5SN04R","Security":null},"EventData":{"SubjectUserSid":"S-1-0-0","SubjectUserName":"-","SubjectDomainName":"-","SubjectLogonId":"0x0","TargetUserSid":"S-1-0-0","TargetUserName":"Administrator","TargetDomainName":".","Status":"0xc000006d","FailureReason":"%%2313","SubStatus":"0xc000006a","LogonType":3,"LogonProcessName":"NtLmSsp ","AuthenticationPackageName":"NTLM","WorkstationName":"gthbVQMJ7UD2QS7H","TransmittedServices":"-","LmPackageName":"-","KeyLength":0,"ProcessId":"0x0","ProcessName":"-","IpAddress":"192.168.198.149","IpPort":"40942"}}}
{"Event_attributes":{"xmlns":"http://schemas.microsoft.com/win/2004/08/events/event"},"Event":{"System":{"Provider_attributes":{"Name":"Microsoft-Windows-Security-Auditing","Guid":"54849625-5478-4994-A5BA-3E3B0328C30D"},"EventID":4625,"Version":0,"Level":0,"Task":12544,"Opcode":0,"Keywords":"0x8010000000000000","TimeCreated_attributes":{"SystemTime":"2016-09-19T16:50:11.920776Z"},"EventRecordID":2580,"Correlation_attributes":{"ActivityID":"B864D168-0B7B-0000-89D1-64B87B0BD201"},"Execution_attributes":{"ProcessID":752,"ThreadID":4068},"Channel":"Security","Computer":"DESKTOP-M5SN04R","Security":null},"EventData":{"SubjectUserSid":"S-1-0-0","SubjectUserName":"-","SubjectDomainName":"-","SubjectLogonId":"0x0","TargetUserSid":"S-1-0-0","TargetUserName":"Administrator","TargetDomainName":".","Status":"0xc000006d","FailureReason":"%%2313","SubStatus":"0xc000006a","LogonType":3,"LogonProcessName":"NtLmSsp ","AuthenticationPackageName":"NTLM","WorkstationName":"AwwJXCoC3gMDoDn7","TransmittedServices":"-","LmPackageName":"-","KeyLength":0,"ProcessId":"0x0","ProcessName":"-","IpAddress":"192.168.198.149","IpPort":"38590"}}}
{"Event_attributes":{"xmlns":"http://schemas.microsoft.com/win/2004/08/events/event"},"Event":{"System":{"Provider_attributes":{"Name":"Microsoft-Windows-Security-Auditing","Guid":"54849625-5478-4994-A5BA-3E3B0328C30D"},"EventID":4625,"Version":0,"Level":0,"Task":12544,"Opcode":0,"Keywords":"0x8010000000000000","TimeCreated_attributes":{"SystemTime":"2016-09-19T16:50:12.068828Z"},"EventRecordID":2581,"Correlation_attributes":{"ActivityID":"B864D168-0B7B-0000-89D1-64B87B0BD201"},"Execution_attributes":{"ProcessID":752,"ThreadID":2828},"Channel":"Security","Computer":"DESKTOP-M5SN04R","Security":null},"EventData":{"SubjectUserSid":"S-1-0-0","SubjectUserName":"-","SubjectDomainName":"-","SubjectLogonId":"0x0","TargetUserSid":"S-1-0-0","TargetUserName":"Administrator","TargetDomainName":".","Status":"0xc000006d","FailureReason":"%%2313","SubStatus":"0xc000006a","LogonType":3,"LogonProcessName":"NtLmSsp ","AuthenticationPackageName":"NTLM","WorkstationName":"ilNNoVbZpyhtsNkV","TransmittedServices":"-","LmPackageName":"-","KeyLength":0,"ProcessId":"0x0","ProcessName":"-","IpAddress":"192.168.198.149","IpPort":"53185"}}}
{"Event_attributes":{"xmlns":"http://schemas.microsoft.com/win/2004/08/events/event"},"Event":{"System":{"Provider_attributes":{"Name":"Microsoft-Windows-Security-Auditing","Guid":"54849625-5478-4994-A5BA-3E3B0328C30D"},"EventID":4625,"Version":0,"Level":0,"Task":12544,"Opcode":0,"Keywords":"0x8010000000000000","TimeCreated_attributes":{"SystemTime":"2016-09-19T16:50:12.109903Z"},"EventRecordID":2582,"Correlation_attributes":{"ActivityID":"B864D168-0B7B-0000-89D1-64B87B0BD201"},"Execution_attributes":{"ProcessID":752,"ThreadID":4068},"Channel":"Security","Computer":"DESKTOP-M5SN04R","Security":null},"EventData":{"SubjectUserSid":"S-1-0-0","SubjectUserName":"-","SubjectDomainName":"-","SubjectLogonId":"0x0","TargetUserSid":"S-1-0-0","TargetUserName":"Administrator","TargetDomainName":".","Status":"0xc000006d","FailureReason":"%%2313","SubStatus":"0xc000006a","LogonType":3,"LogonProcessName":"NtLmSsp ","AuthenticationPackageName":"NTLM","WorkstationName":"eNY0lv9IglfHP34d","TransmittedServices":"-","LmPackageName":"-","KeyLength":0,"ProcessId":"0x0","ProcessName":"-","IpAddress":"192.168.198.149","IpPort":"33748"}}}
{"Event_attributes":{"xmlns":"http://schemas.microsoft.com/win/2004/08/events/event"},"Event":{"System":{"Provider_attributes":{"Name":"Microsoft-Windows-Security-Auditing","Guid":"54849625-5478-4994-A5BA-3E3B0328C30D"},"EventID":4625,"Version":0,"Level":0,"Task":12544,"Opcode":0,"Keywords":"0x8010000000000000","TimeCreated_attributes":{"SystemTime":"2016-09-19T16:50:12.167901Z"},"EventRecordID":2583,"Correlation_attributes":{"ActivityID":"B864D168-0B7B-0000-89D1-64B87B0BD201"},"Execution_attributes":{"ProcessID":752,"ThreadID":2828},"Channel":"Security","Computer":"DESKTOP-M5SN04R","Security":null},"EventData":{"SubjectUserSid":"S-1-0-0","SubjectUserName":"-","SubjectDomainName":"-","SubjectLogonId":"0x0","TargetUserSid":"S-1-0-0","TargetUserName":"Administrator","TargetDomainName":".","Status":"0xc000006d","FailureReason":"%%2313","SubStatus":"0xc000006a","LogonType":3,"LogonProcessName":"NtLmSsp ","AuthenticationPackageName":"NTLM","WorkstationName":"BjSeQciwy17L7raV","TransmittedServices":"-","LmPackageName":"-","KeyLength":0,"ProcessId":"0x0","ProcessName":"-","IpAddress":"192.168.198.149","IpPort":"33786"}}}
{"Event_attributes":{"xmlns":"http://schemas.microsoft.com/win/2004/08/events/event"},"Event":{"System":{"Provider_attributes":{"Name":"Microsoft-Windows-Security-Auditing","Guid":"54849625-5478-4994-A5BA-3E3B0328C30D"},"EventID":4625,"Version":0,"Level":0,"Task":12544,"Opcode":0,"Keywords":"0x8010000000000000","TimeCreated_attributes":{"SystemTime":"2016-09-19T16:50:12.208908Z"},"EventRecordID":2584,"Correlation_attributes":{"ActivityID":"B864D168-0B7B-0000-89D1-64B87B0BD201"},"Execution_attributes":{"ProcessID":752,"ThreadID":2828},"Channel":"Security","Computer":"DESKTOP-M5SN04R","Security":null},"EventData":{"SubjectUserSid":"S-1-0-0","SubjectUserName":"-","SubjectDomainName":"-","SubjectLogonId":"0x0","TargetUserSid":"S-1-0-0","TargetUserName":"Administrator","TargetDomainName":".","Status":"0xc000006d","FailureReason":"%%2313","SubStatus":"0xc000006a","LogonType":3,"LogonProcessName":"NtLmSsp ","AuthenticationPackageName":"NTLM","WorkstationName":"wycE1fIsmPq9zaMU","TransmittedServices":"-","LmPackageName":"-","KeyLength":0,"ProcessId":"0x0","ProcessName":"-","IpAddress":"192.168.198.149","IpPort":"45288"}}}
{"Event_attributes":{"xmlns":"http://schemas.microsoft.com/win/2004/08/events/event"},"Event":{"System":{"Provider_attributes":{"Name":"Microsoft-Windows-Security-Auditing","Guid":"54849625-5478-4994-A5BA-3E3B0328C30D"},"EventID":4625,"Version":0,"Level":0,"Task":12544,"Opcode":0,"Keywords":"0x8010000000000000","TimeCreated_attributes":{"SystemTime":"2016-09-19T16:50:12.241037Z"},"EventRecordID":2585,"Correlation_attributes":{"ActivityID":"B864D168-0B7B-0000-89D1-64B87B0BD201"},"Execution_attributes":{"ProcessID":752,"ThreadID":4068},"Channel":"Security","Computer":"DESKTOP-M5SN04R","Security":null},"EventData":{"SubjectUserSid":"S-1-0-0","SubjectUserName":"-","SubjectDomainName":"-","SubjectLogonId":"0x0","TargetUserSid":"S-1-0-0","TargetUserName":"Administrator","TargetDomainName":".","Status":"0xc000006d","FailureReason":"%%2313","SubStatus":"0xc000006a","LogonType":3,"LogonProcessName":"NtLmSsp ","AuthenticationPackageName":"NTLM","WorkstationName":"5z1spxImm2ZlGOld","TransmittedServices":"-","LmPackageName":"-","KeyLength":0,"ProcessId":"0x0","ProcessName":"-","IpAddress":"192.168.198.149","IpPort":"42215"}}}
{"Event_attributes":{"xmlns":"http://schemas.microsoft.com/win/2004/08/events/event"},"Event":{"System":{"Provider_attributes":{"Name":"Microsoft-Windows-Security-Auditing","Guid":"54849625-5478-4994-A5BA-3E3B0328C30D"},"EventID":4625,"Version":0,"Level":0,"Task":12544,"Opcode":0,"Keywords":"0x8010000000000000","TimeCreated_attributes":{"SystemTime":"2016-09-19T16:50:12.294844Z"},"EventRecordID":2586,"Correlation_attributes":{"ActivityID":"B864D168-0B7B-0000-89D1-64B87B0BD201"},"Execution_attributes":{"ProcessID":752,"ThreadID":4068},"Channel":"Security","Computer":"DESKTOP-M5SN04R","Security":null},"EventData":{"SubjectUserSid":"S-1-0-0","SubjectUserName":"-","SubjectDomainName":"-","SubjectLogonId":"0x0","TargetUserSid":"S-1-0-0","TargetUserName":"Administrator","TargetDomainName":".","Status":"0xc000006d","FailureReason":"%%2313","SubStatus":"0xc000006a","LogonType":3,"LogonProcessName":"NtLmSsp ","AuthenticationPackageName":"NTLM","WorkstationName":"Dg7o4GCET1bJrlEU","TransmittedServices":"-","LmPackageName":"-","KeyLength":0,"ProcessId":"0x0","ProcessName":"-","IpAddress":"192.168.198.149","IpPort":"59790"}}}
