{"Event_attributes":{"xmlns":"http://schemas.microsoft.com/win/2004/08/events/event"},"Event":{"System":{"Provider_attributes":{"Name":"Microsoft-Windows-Security-Auditing","Guid":"54849625-5478-4994-A5BA-3E3B0328C30D"},"EventID":4625,"Version":0,"Level":0,"Task":12544,"Opcode":0,"Keywords":"0x8010000000000000","TimeCreated_attributes":{"SystemTime":"2016-09-19T16:51:11.128639Z"},"EventRecordID":3907,"Correlation_attributes":{"ActivityID":"B864D168-0B7B-0000-89D1-64B87B0BD201"},"Execution_attributes":{"ProcessID":752,"ThreadID":2828},"Channel":"Security","Computer":"DESKTOP-M5SN04R","Security":null},"EventData":{"SubjectUserSid":"S-1-0-0","SubjectUserName":"-","SubjectDomainName":"-","SubjectLogonId":"0x0","TargetUserSid":"S-1-0-0","TargetUserName":"Administrator","TargetDomainName":".","Status":"0xc000006d","FailureReason":"%%2313","SubStatus":"0xc000006a","LogonType":3,"LogonProcessName":"NtLmSsp ","AuthenticationPackageName":"NTLM","WorkstationName":"dxbu69Amr6gWN5Hw","TransmittedServices":"-","LmPackageName":"-","KeyLength":0,"ProcessId":"0x0","ProcessName":"-","IpAddress":"192.168.198.149","IpPort":"40547"}}}
{"Event_attributes":{"xmlns":"http://schemas.microsoft.com/win/2004/08/events/event"},"Event":{"System":{"Provider_attributes":{"Name":"Microsoft-Windows-Security-Auditing","Guid":"54849625-5478-4994-A5BA-3E3B0328C30D"},"EventID":4625,"Version":0,"Level":0,"Task":12544,"Opcode":0,"Keywords":"0x8010000000000000","TimeCreated_attributes":{"SystemTime":"2016-09-19T16:51:11.164758Z"},"EventRecordID":3908,"Correlation_attributes":{"ActivityID":"B864D168-0B7B-0000-89D1-64B87B0BD201"},"Execution_attributes":{"ProcessID":752,"ThreadID":2828},"Channel":"Security","Computer":"DESKTOP-M5SN04R","Security":null},"EventData":{"SubjectUserSid":"S-1-0-0","SubjectUserName":"-","SubjectDomainName":"-","SubjectLogonId":"0x0","TargetUserSid":"S-1-0-0","TargetUserName":"Administrator","TargetDomainName":".","Status":"0xc000006d","FailureReason":"%%2313","SubStatus":"0xc000006a","LogonType":3,"LogonProcessName":"NtLmSsp ","AuthenticationPackageName":"NTLM","WorkstationName":"LoZdaFJWNON8Ujnc","TransmittedServices":"-","LmPackageName":"-","KeyLength":0,"ProcessId":"0x0","ProcessName":"-","IpAddress":"192.168.198.149","IpPort":"45996"}}}
{"Event_attributes":{"xmlns":"http://schemas.microsoft.com/win/2004/08/events/event"},"Event":{"System":{"Provider_attributes":{"Name":"Microsoft-Windows-Security-Auditing","Guid":"54849625-5478-4994-A5BA-3E3B0328C30D"},"EventID":4625,"Version":0,"Level":0,"Task":12544,"Opcode":0,"Keywords":"0x8010000000000000","TimeCreated_attributes":{"SystemTime":"2016-09-19T16:51:11.212761Z"},"EventRecordID":3909,"Correlation_attributes":{"ActivityID":"B864D168-0B7B-0000-89D1-64B87B0BD201"},"Execution_attributes":{"ProcessID":752,"ThreadID":2828},"Channel":"Security","Computer":"DESKTOP-M5SN04R","Security":null},"EventData":{"SubjectUserSid":"S-1-0-0","SubjectUserName":"-","SubjectDomainName":"-","SubjectLogonId":"0x0","TargetUserSid":"S-1-0-0","TargetUserName":"Administrator","TargetDomainName":".","Status":"0xc000006d","FailureReason":"%%2313","SubStatus":"0xc000006a","LogonType":3,"LogonProcessName":"NtLmSsp ","AuthenticationPackageName":"NTLM","WorkstationName":"q4RSlXgOS7sssCqU","TransmittedServices":"-","LmPackageName":"-","KeyLength":0,"ProcessId":"0x0","ProcessName":"-","IpAddress":"192.168.198.149","IpPort":"60836"}}}
{"Event_attributes":{"xmlns":"http://schemas.microsoft.com/win/2004/08/events/event"},"Event":{"System":{"Provider_attributes":{"Name":"Microsoft-Windows-Security-Auditing","Guid":"54849625-5478-4994-A5BA-3E3B0328C30D"},"EventID":4625,"Version":0,"Level":0,"Task":12544,"Opcode":0,"Keywords":"0x8010000000000000","TimeCreated_attributes":{"SystemTime":"2016-09-19T16:51:11.252762Z"},"EventRecordID":3910,"Correlation_attributes":{"ActivityID":"B864D168-0B7B-0000-89D1-64B87B0BD201"},"Execution_attributes":{"ProcessID":752,"ThreadID":2828},"Channel":"Security","Computer":"DESKTOP-M5SN04R","Security":null},"EventData":{"SubjectUserSid":"S-1-0-0","SubjectUserName":"-","SubjectDomainName":"-","SubjectLogonId":"0x0","TargetUserSid":"S-1-0-0","TargetUserName":"Administrator","TargetDomainName":".","Status":"0xc000006d","FailureReason":"%%2313","SubStatus":"0xc000006a","LogonType":3,"LogonProcessName":"NtLmSsp ","AuthenticationPackageName":"NTLM","WorkstationName":"j2PJprE7olK4pjrx","TransmittedServices":"-","LmPackageName":"-","KeyLength":0,"ProcessId":"0x0","ProcessName":"-","IpAddress":"192.168.198.149","IpPort":"42395"}}}
{"Event_attributes":{"xmlns":"http://schemas.microsoft.com/win/2004/08/events/event"},"Event":{"System":{"Provider_attributes":{"Name":"Microsoft-Windows-Security-Auditing","Guid":"54849625-5478-4994-A5BA-3E3B0328C30D"},"EventID":4625,"Version":0,"Level":0,"Task":12544,"Opcode":0,"Keywords":"0x8010000000000000","TimeCreated_attributes":{"SystemTime":"2016-09-19T16:51:11.297883Z"},"EventRecordID":3911,"Correlation_attributes":{"ActivityID":"B864D168-0B7B-0000-89D1-64B87B0BD201"},"Execution_attributes":{"ProcessID":752,"ThreadID":4068},"Channel":"Security","Computer":"DESKTOP-M5SN04R","Security":null},"EventData":{"SubjectUserSid":"S-1-0-0","SubjectUserName":"-","SubjectDomainName":"-","SubjectLogonId":"0x0","TargetUserSid":"S-1-0-0","TargetUserName":"Administrator","TargetDomainName":".","Status":"0xc000006d","FailureReason":"%%2313","SubStatus":"0xc000006a","LogonType":3,"LogonProcessName":"NtLmSsp ","AuthenticationPackageName":"NTLM","WorkstationName":"jQOAUcWQL32y2gGe","TransmittedServices":"-","LmPackageName":"-","KeyLength":0,"ProcessId":"0x0","ProcessName":"-","IpAddress":"192.168.198.149","IpPort":"38051"}}}
{"Event_attributes":{"xmlns":"http://schemas.microsoft.com/win/2004/08/events/event"},"Event":{"System":{"Provider_attributes":{"Name":"Microsoft-Windows-Security-Auditing","Guid":"54849625-5478-4994-A5BA-3E3B0328C30D"},"EventID":4625,"Version":0,"Level":0,"Task":12544,"Opcode":0,"Keywords":"0x8010000000000000","TimeCreated_attributes":{"SystemTime":"2016-09-19T16:51:11.361974Z"},"EventRecordID":3912,"Correlation_attributes":{"ActivityID":"B864D168-0B7B-0000-89D1-64B87B0BD201"},"Execution_attributes":{"ProcessID":752,"ThreadID":2828},"Channel":"Security","Computer":"DESKTOP-M5SN04R","Security":null},"EventData":{"SubjectUserSid":"S-1-0-0","SubjectUserName":"-","SubjectDomainName":"-","SubjectLogonId":"0x0","TargetUserSid":"S-1-0-0","TargetUserName":"Administrator","TargetDomainName":".","Status":"0xc000006d","FailureReason":"%%2313","SubStatus":"0xc000006a","LogonType":3,"LogonProcessName":"NtLmSsp ","AuthenticationPackageName":"NTLM","WorkstationName":"nXI0wWwzhHN0uvOP","TransmittedServices":"-","LmPackageName":"-","KeyLength":0,"ProcessId":"0x0","ProcessName":"-","IpAddress":"192.168.198.149","IpPort":"39130"}}}
{"Event_attributes":{"xmlns":"http://schemas.microsoft.com/win/2004/08/events/event"},"Event":{"System":{"Provider_attributes":{"Name":"Microsoft-Windows-Security-Auditing","Guid":"54849625-5478-4994-A5BA-3E3B0328C30D"},"EventID":4625,"Version":0,"Level":0,"Task":12544,"Opcode":0,"Keywords":"0x8010000000000000","TimeCreated_attributes":{"SystemTime":"2016-09-19T16:51:11.414780Z"},"EventRecordID":3913,"Correlation_attributes":{"ActivityID":"B864D168-0B7B-0000-89D1-64B87B0BD201"},"Execution_attributes":{"ProcessID":752,"ThreadID":4068},"Channel":"Security","Computer":"DESKTOP-M5SN04R","Security":null},"EventData":{"SubjectUserSid":"S-1-0-0","SubjectUserName":"-","SubjectDomainName":"-","SubjectLogonId":"0x0","TargetUserSid":"S-1-0-0","TargetUserName":"Administrator","TargetDomainName":".","Status":"0xc000006d","FailureReason":"%%2313","SubStatus":"0xc000006a","LogonType":3,"LogonProcessName":"NtLmSsp ","AuthenticationPackageName":"NTLM","WorkstationName":"ujGqTzfOhmKgoAjt","TransmittedServices":"-","LmPackageName":"-","KeyLength":0,"ProcessId":"0x0","ProcessName":"-","IpAddress":"192.168.198.149","IpPort":"53977"}}}
{"Event_attributes":{"xmlns":"http://schemas.microsoft.com/win/2004/08/events/event"},"Event":{"System":{"Provider_attributes":{"Name":"Microsoft-Windows-Security-Auditing","Guid":"54849625-5478-4994-A5BA-3E3B0328C30D"},"EventID":4625,"Version":0,"Level":0,"Task":12544,"Opcode":0,"Keywords":"0x8010000000000000","TimeCreated_attributes":{"SystemTime":"2016-09-19T16:51:11.468992Z"},"EventRecordID":3914,"Correlation_attributes":{"ActivityID":"B864D168-0B7B-0000-89D1-64B87B0BD201"},"Execution_attributes":{"ProcessID":752,"ThreadID":4068},"Channel":"Security","Computer":"DESKTOP-M5SN04R","Security":null},"EventData":{"SubjectUserSid":"S-1-0-0","SubjectUserName":"-","SubjectDomainName":"-","SubjectLogonId":"0x0","TargetUserSid":"S-1-0-0","TargetUserName":"Administrator","TargetDomainName":".","Status":"0xc000006d","FailureReason":"%%2313","SubStatus":"0xc000006a","LogonType":3,"LogonProcessName":"NtLmSsp ","AuthenticationPackageName":"NTLM","WorkstationName":"cFoPtWZ03O3ZZgOC","TransmittedServices":"-","LmPackageName":"-","KeyLength":0,"ProcessId":"0x0","ProcessName":"-","IpAddress":"192.168.198.149","IpPort":"40291"}}}
{"Event_attributes":{"xmlns":"http://schemas.microsoft.com/win/2004/08/events/event"},"Event":{"System":{"Provider_attributes":{"Name":"Microsoft-Windows-Security-Auditing","Guid":"54849625-5478-4994-A5BA-3E3B0328C30D"},"EventID":4625,"Version":0,"Level":0,"Task":12544,"Opcode":0,"Keywords":"0x8010000000000000","TimeCreated_attributes":{"SystemTime":"2016-09-19T16:51:11.520660Z"},"EventRecordID":3915,"Correlation_attributes":{"ActivityID":"B864D168-0B7B-0000-89D1-64B87B0BD201"},"Execution_attributes":{"ProcessID":752,"ThreadID":2828},"Channel":"Security","Computer":"DESKTOP-M5SN04R","Security":null},"EventData":{"SubjectUserSid":"S-1-0-0","SubjectUserName":"-","SubjectDomainName":"-","SubjectLogonId":"0x0","TargetUserSid":"S-1-0-0","TargetUserName":"Administrator","TargetDomainName":".","Status":"0xc000006d","FailureReason":"%%2313","SubStatus":"0xc000006a","LogonType":3,"LogonProcessName":"NtLmSsp ","AuthenticationPackageName":"NTLM","WorkstationName":"EyO2VTnpGZLeSIvr","TransmittedServices":"-","LmPackageName":"-","KeyLength":0,"ProcessId":"0x0","ProcessName":"-","IpAddress":"192.168.198.149","IpPort":"46277"}}}
{"Event_attributes":{"xmlns":"http://schemas.microsoft.com/win/2004/08/events/event"},"Event":{"System":{"Provider_attributes":{"Name":"Microsoft-Windows-Security-Auditing","Guid":"54849625-5478-4994-A5BA-3E3B0328C30D"},"EventID":4625,"Version":0,"Level":0,"Task":12544,"Opcode":0,"Keywords":"0x8010000000000000","TimeCreated_attributes":{"SystemTime":"2016-09-19T16:51:11.560796Z"},"EventRecordID":3916,"Correlation_attributes":{"ActivityID":"B864D168-0B7B-0000-89D1-64B87B0BD201"},"Execution_attributes":{"ProcessID":752,"ThreadID":2828},"Channel":"Security","Computer":"DESKTOP-M5SN04R","Security":null},"EventData":{"SubjectUserSid":"S-1-0-0","SubjectUserName":"-","SubjectDomainName":"-","SubjectLogonId":"0x0","TargetUserSid":"S-1-0-0","TargetUserName":"Administrator","TargetDomainName":".","Status":"0xc000006d","FailureReason":"%%2313","SubStatus":"0xc000006a","LogonType":3,"LogonProcessName":"NtLmSsp ","AuthenticationPackageName":"NTLM","WorkstationName":"ua69MEWABQ9hsooT","TransmittedServices":"-","LmPackageName":"-","KeyLength":0,"ProcessId":"0x0","ProcessName":"-","IpAddress":"192.168.198.149","IpPort":"54212"}}}
{"Event_attributes":{"xmlns":"http://schemas.microsoft.com/win/2004/08/events/event"},"Event":{"System":{"Provider_attributes":{"Name":"Microsoft-Windows-Security-Auditing","Guid":"54849625-5478-4994-A5BA-3E3B0328C30D"},"EventID":4625,"Version":0,"Level":0,"Task":12544,"Opcode":0,"Keywords":"0x8010000000000000","TimeCreated_attributes":{"SystemTime":"2016-09-19T16:51:11.608778Z"},"EventRecordID":3917,"Correlation_attributes":{"ActivityID":"B864D168-0B7B-0000-89D1-64B87B0BD201"},"Execution_attributes":{"ProcessID":752,"ThreadID":4068},"Channel":"Security","Computer":"DESKTOP-M5SN04R","Security":null},"EventData":{"SubjectUserSid":"S-1-0-0","SubjectUserName":"-","SubjectDomainName":"-","SubjectLogonId":"0x0","TargetUserSid":"S-1-0-0","TargetUserName":"Administrator","TargetDomainName":".","Status":"0xc000006d","FailureReason":"%%2313","SubStatus":"0xc000006a","LogonType":3,"LogonProcessName":"NtLmSsp ","AuthenticationPackageName":"NTLM","WorkstationName":"ubPQWn4nQYr3rXr8","TransmittedServices":"-","LmPackageName":"-","KeyLength":0,"ProcessId":"0x0","ProcessName":"-","IpAddress":"192.168.198.149","IpPort":"49506"}}}
{"Event_attributes":{"xmlns":"http://schemas.microsoft.com/win/2004/08/events/event"},"Event":{"System":{"Provider_attributes":{"Name":"Microsoft-Windows-Security-Auditing","Guid":"54849625-5478-4994-A5BA-3E3B0328C30D"},"EventID":4625,"Version":0,"Level":0,"Task":12544,"Opcode":0,"Keywords":"0x8010000000000000","TimeCreated_attributes":{"SystemTime":"2016-09-19T16:51:11.650804Z"},"EventRecordID":3918,"Correlation_attributes":{"ActivityID":"B864D168-0B7B-0000-89D1-64B87B0BD201"},"Execution_attributes":{"ProcessID":752,"ThreadID":2828},"Channel":"Security","Computer":"DESKTOP-M5SN04R","Security":null},"EventData":{"SubjectUserSid":"S-1-0-0","SubjectUserName":"-","SubjectDomainName":"-","SubjectLogonId":"0x0","TargetUserSid":"S-1-0-0","TargetUserName":"Administrator","TargetDomainName":".","Status":"0xc000006d","FailureReason":"%%2313","SubStatus":"0xc000006a","LogonType":3,"LogonProcessName":"NtLmSsp ","AuthenticationPackageName":"NTLM","WorkstationName":"xrgATdNqkA44nKqf","TransmittedServices":"-","LmPackageName":"-","KeyLength":0,"ProcessId":"0x0","ProcessName":"-","IpAddress":"192.168.198.149","IpPort":"33577"}}}
{"Event_attributes":{"xmlns":"http://schemas.microsoft.com/win/2004/08/events/event"},"Event":{"System":{"Provider_attributes":{"Name":"Microsoft-Windows-Security-Auditing","Guid":"54849625-5478-4994-A5BA-3E3B0328C30D"},"EventID":4625,"Version":0,"Level":0,"Task":12544,"Opcode":0,"Keywords":"0x8010000000000000","TimeCreated_attributes":{"SystemTime":"2016-09-19T16:51:11.688517Z"},"EventRecordID":3919,"Correlation_attributes":{"ActivityID":"B864D168-0B7B-0000-89D1-64B87B0BD201"},"Execution_attributes":{"ProcessID":752,"ThreadID":2828},"Channel":"Security","Computer":"DESKTOP-M5SN04R","Security":null},"EventData":{"SubjectUserSid":"S-1-0-0","SubjectUserName":"-","SubjectDomainName":"-","SubjectLogonId":"0x0","TargetUserSid":"S-1-0-0","TargetUserName":"Administrator","TargetDomainName":".","Status":"0xc000006d","FailureReason":"%%2313","SubStatus":"0xc000006a","LogonType":3,"LogonProcessName":"NtLmSsp ","AuthenticationPackageName":"NTLM","WorkstationName":"qKwktiUfTWakNx3I","TransmittedServices":"-","LmPackageName":"-","KeyLength":0,"ProcessId":"0x0","ProcessName":"-","IpAddress":"192.168.198.149","IpPort":"47135"}}}
{"Event_attributes":{"xmlns":"http://schemas.microsoft.com/win/2004/08/events/event"},"Event":{"System":{"Provider_attributes":{"Name":"Microsoft-Windows-Security-Auditing","Guid":"54849625-5478-4994-A5BA-3E3B0328C30D"},"EventID":4625,"Version":0,"Level":0,"Task":12544,"Opcode":0,"Keywords":"0x8010000000000000","TimeCreated_attributes":{"SystemTime":"2016-09-19T16:51:11.728766Z"},"EventRecordID":3920,"Correlation_attributes":{"ActivityID":"B864D168-0B7B-0000-89D1-64B87B0BD201"},"Execution_attributes":{"ProcessID":752,"ThreadID":2828},"Channel":"Security","Computer":"DESKTOP-M5SN04R","Security":null},"EventData":{"SubjectUserSid":"S-1-0-0","SubjectUserName":"-","SubjectDomainName":"-","SubjectLogonId":"0x0","TargetUserSid":"S-1-0-0","TargetUserName":"Administrator","TargetDomainName":".","Status":"0xc000006d","FailureReason":"%%2313","SubStatus":"0xc000006a","LogonType":3,"LogonProcessName":"NtLmSsp ","AuthenticationPackageName":"NTLM","WorkstationName":"xVebPFnWhbZKIANs","TransmittedServices":"-","LmPackageName":"-","KeyLength":0,"ProcessId":"0x0","ProcessName":"-","IpAddress":"192.168.198.149","IpPort":"59064"}}}
{"Event_attributes":{"xmlns":"http://schemas.microsoft.com/win/2004/08/events/event"},"Event":{"System":{"Provider_attributes":{"Name":"Microsoft-Windows-Security-Auditing","Guid":"54849625-5478-4994-A5BA-3E3B0328C30D"},"EventID":4625,"Version":0,"Level":0,"Task":12544,"Opcode":0,"Keywords":"0x8010000000000000","TimeCreated_attributes":{"SystemTime":"2016-09-19T16:51:11.776712Z"},"EventRecordID":3921,"Correlation_attributes":{"ActivityID":"B864D168-0B7B-0000-89D1-64B87B0BD201"},"Execution_attributes":{"ProcessID":752,"ThreadID":4068},"Channel":"Security","Computer":"DESKTOP-M5SN04R","Security":null},"EventData":{"SubjectUserSid":"S-1-0-0","SubjectUserName":"-","SubjectDomainName":"-","SubjectLogonId":"0x0","TargetUserSid":"S-1-0-0","TargetUserName":"Administrator","TargetDomainName":".","Status":"0xc000006d","FailureReason":"%%2313","SubStatus":"0xc000006a","LogonType":3,"LogonProcessName":"NtLmSsp ","AuthenticationPackageName":"NTLM","WorkstationName":"IyV8stIvfXLJQpsn","TransmittedServices":"-","LmPackageName":"-","KeyLength":0,"ProcessId":"0x0","ProcessName":"-","IpAddress":"192.168.198.149","IpPort":"53992"}}}
{"Event_attributes":{"xmlns":"http://schemas.microsoft.com/win/2004/08/events/event"},"Event":{"System":{"Provider_attributes":{"Name":"Microsoft-Windows-Security-Auditing","Guid":"54849625-5478-4994-A5BA-3E3B0328C30D"},"EventID":4625,"Version":0,"Level":0,"Task":12544,"Opcode":0,"Keywords":"0x8010000000000000","TimeCreated_attributes":{"SystemTime":"2016-09-19T16:51:11.813657Z"},"EventRecordID":3922,"Correlation_attributes":{"ActivityID":"B864D168-0B7B-0000-89D1-64B87B0BD201"},"Execution_attributes":{"ProcessID":752,"ThreadID":4068},"Channel":"Security","Computer":"DESKTOP-M5SN04R","Security":null},"EventData":{"SubjectUserSid":"S-1-0-0","SubjectUserName":"-","SubjectDomainName":"-","SubjectLogonId":"0x0","TargetUserSid":"S-1-0-0","TargetUserName":"Administrator","TargetDomainName":".","Status":"0xc000006d","FailureReason":"%%2313","SubStatus":"0xc000006a","LogonType":3,"LogonProcessName":"NtLmSsp ","AuthenticationPackageName":"NTLM","WorkstationName":"uStfvm0y0eZrWONH","TransmittedServices":"-","LmPackageName":"-","KeyLength":0,"ProcessId":"0x0","ProcessName":"-","IpAddress":"192.168.198.149","IpPort":"38213"}}}
{"Event_attributes":{"xmlns":"http://schemas.microsoft.com/win/2004/08/events/event"},"Event":{"System":{"Provider_attributes":{"Name":"Microsoft-Windows-Security-Auditing","Guid":"54849625-5478-4994-A5BA-3E3B0328C30D"},"EventID":4625,"Version":0,"Level":0,"Task":12544,"Opcode":0,"Keywords":"0x8010000000000000","TimeCreated_attributes":{"SystemTime":"2016-09-19T16:51:11.920705Z"},"EventRecordID":3923,"Correlation_attributes":{"ActivityID":"B864D168-0B7B-0000-89D1-64B87B0BD201"},"Execution_attributes":{"ProcessID":752,"ThreadID":4068},"Channel":"Security","Computer":"DESKTOP-M5SN04R","Security":null},"EventData":{"SubjectUserSid":"S-1-0-0","SubjectUserName":"-","SubjectDomainName":"-","SubjectLogonId":"0x0","TargetUserSid":"S-1-0-0","TargetUserName":"Administrator","TargetDomainName":".","Status":"0xc000006d","FailureReason":"%%2313","SubStatus":"0xc000006a","LogonType":3,"LogonProcessName":"NtLmSsp ","AuthenticationPackageName":"NTLM","WorkstationName":"OUwTyUXe8NLG7bCS","TransmittedServices":"-","LmPackageName":"-","KeyLength":0,"ProcessId":"0x0","ProcessName":"-","IpAddress":"192.168.198.149","IpPort":"60918"}}}
{"Event_attributes":{"xmlns":"http://schemas.microsoft.com/win/2004/08/events/event"},"Event":{"System":{"Provider_attributes":{"Name":"Microsoft-Windows-Security-Auditing","Guid":"54849625-5478-4994-A5BA-3E3B0328C30D"},"EventID":4625,"Version":0,"Level":0,"Task":12544,"Opcode":0,"Keywords":"0x8010000000000000","TimeCreated_attributes":{"SystemTime":"2016-09-19T16:51:11.967694Z"},"EventRecordID":3924,"Correlation_attributes":{"ActivityID":"B864D168-0B7B-0000-89D1-64B87B0BD201"},"Execution_attributes":{"ProcessID":752,"ThreadID":4068},"Channel":"Security","Computer":"DESKTOP-M5SN04R","Security":null},"EventData":{"SubjectUserSid":"S-1-0-0","SubjectUserName":"-","SubjectDomainName":"-","SubjectLogonId":"0x0","TargetUserSid":"S-1-0-0","TargetUserName":"Administrator","TargetDomainName":".","Status":"0xc000006d","FailureReason":"%%2313","SubStatus":"0xc000006a","LogonType":3,"LogonProcessName":"NtLmSsp ","AuthenticationPackageName":"NTLM","WorkstationName":"HQuDp8aZpWDANKMe","TransmittedServices":"-","LmPackageName":"-","KeyLength":0,"ProcessId":"0x0","ProcessName":"-","IpAddress":"192.168.198.149","IpPort":"40124"}}}
{"Event_attributes":{"xmlns":"http://schemas.microsoft.com/win/2004/08/events/event"},"Event":{"System":{"Provider_attributes":{"Name":"Microsoft-Windows-Security-Auditing","Guid":"54849625-5478-4994-A5BA-3E3B0328C30D"},"EventID":4625,"Version":0,"Level":0,"Task":12544,"Opcode":0,"Keywords":"0x8010000000000000","TimeCreated_attributes":{"SystemTime":"2016-09-19T16:51:12.004698Z"},"EventRecordID":3925,"Correlation_attributes":{"ActivityID":"B864D168-0B7B-0000-89D1-64B87B0BD201"},"Execution_attributes":{"ProcessID":752,"ThreadID":4068},"Channel":"Security","Computer":"DESKTOP-M5SN04R","Security":null},"EventData":{"SubjectUserSid":"S-1-0-0","SubjectUserName":"-","SubjectDomainName":"-","SubjectLogonId":"0x0","TargetUserSid":"S-1-0-0","TargetUserName":"Administrator","TargetDomainName":".","Status":"0xc000006d","FailureReason":"%%2313","SubStatus":"0xc000006a","LogonType":3,"LogonProcessName":"NtLmSsp ","AuthenticationPackageName":"NTLM","WorkstationName":"GQKTlzx2gq9ayAtJ","TransmittedServices":"-","LmPackageName":"-","KeyLength":0,"ProcessId":"0x0","ProcessName":"-","IpAddress":"192.168.198.149","IpPort":"47810"}}}
{"Event_attributes":{"xmlns":"http://schemas.microsoft.com/win/2004/08/events/event"},"Event":{"System":{"Provider_attributes":{"Name":"Microsoft-Windows-Security-Auditing","Guid":"54849625-5478-4994-A5BA-3E3B0328C30D"},"EventID":4625,"Version":0,"Level":0,"Task":12544,"Opcode":0,"Keywords":"0x8010000000000000","TimeCreated_attributes":{"SystemTime":"2016-09-19T16:51:12.061028Z"},"EventRecordID":3926,"Correlation_attributes":{"ActivityID":"B864D168-0B7B-0000-89D1-64B87B0BD201"},"Execution_attributes":{"ProcessID":752,"ThreadID":4068},"Channel":"Security","Computer":"DESKTOP-M5SN04R","Security":null},"EventData":{"SubjectUserSid":"S-1-0-0","SubjectUserName":"-","SubjectDomainName":"-","SubjectLogonId":"0x0","TargetUserSid":"S-1-0-0","TargetUserName":"Administrator","TargetDomainName":".","Status":"0xc000006d","FailureReason":"%%2313","SubStatus":"0xc000006a","LogonType":3,"LogonProcessName":"NtLmSsp ","AuthenticationPackageName":"NTLM","WorkstationName":"tCzVponBvb9mbyIr","TransmittedServices":"-","LmPackageName":"-","KeyLength":0,"ProcessId":"0x0","ProcessName":"-","IpAddress":"192.168.198.149","IpPort":"51070"}}}
{"Event_attributes":{"xmlns":"http://schemas.microsoft.com/win/2004/08/events/event"},"Event":{"System":{"Provider_attributes":{"Name":"Microsoft-Windows-Security-Auditing","Guid":"54849625-5478-4994-A5BA-3E3B0328C30D"},"EventID":4625,"Version":0,"Level":0,"Task":12544,"Opcode":0,"Keywords":"0x8010000000000000","TimeCreated_attributes":{"SystemTime":"2016-09-19T16:51:12.115665Z"},"EventRecordID":3927,"Correlation_attributes":{"ActivityID":"B864D168-0B7B-0000-89D1-64B87B0BD201"},"Execution_attributes":{"ProcessID":752,"ThreadID":4068},"Channel":"Security","Computer":"DESKTOP-M5SN04R","Security":null},"EventData":{"SubjectUserSid":"S-1-0-0","SubjectUserName":"-","SubjectDomainName":"-","SubjectLogonId":"0x0","TargetUserSid":"S-1-0-0","TargetUserName":"Administrator","TargetDomainName":".","Status":"0xc000006d","FailureReason":"%%2313","SubStatus":"0xc000006a","LogonType":3,"LogonProcessName":"NtLmSsp ","AuthenticationPackageName":"NTLM","WorkstationName":"mSwnrFv90KjN2cqj","TransmittedServices":"-","LmPackageName":"-","KeyLength":0,"ProcessId":"0x0","ProcessName":"-","IpAddress":"192.168.198.149","IpPort":"43748"}}}
{"Event_attributes":{"xmlns":"http://schemas.microsoft.com/win/2004/08/events/event"},"Event":{"System":{"Provider_attributes":{"Name":"Microsoft-Windows-Security-Auditing","Guid":"54849625-5478-4994-A5BA-3E3B0328C30D"},"EventID":4625,"Version":0,"Level":0,"Task":12544,"Opcode":0,"Keywords":"0x8010000000000000","TimeCreated_attributes":{"SystemTime":"2016-09-19T16:51:12.161815Z"},"EventRecordID":3928,"Correlation_attributes":{"ActivityID":"B864D168-0B7B-0000-89D1-64B87B0BD201"},"Execution_attributes":{"ProcessID":752,"ThreadID":2828},"Channel":"Security","Computer":"DESKTOP-M5SN04R","Security":null},"EventData":{"SubjectUserSid":"S-1-0-0","SubjectUserName":"-","SubjectDomainName":"-","SubjectLogonId":"0x0","TargetUserSid":"S-1-0-0","TargetUserName":"Administrator","TargetDomainName":".","Status":"0xc000006d","FailureReason":"%%2313","SubStatus":"0xc000006a","LogonType":3,"LogonProcessName":"NtLmSsp ","AuthenticationPackageName":"NTLM","WorkstationName":"QX5TLs2MPkia1cmk","TransmittedServices":"-","LmPackageName":"-","KeyLength":0,"ProcessId":"0x0","ProcessName":"-","IpAddress":"192.168.198.149","IpPort":"54726"}}}
{"Event_attributes":{"xmlns":"http://schemas.microsoft.com/win/2004/08/events/event"},"Event":{"System":{"Provider_attributes":{"Name":"Microsoft-Windows-Security-Auditing","Guid":"54849625-5478-4994-A5BA-3E3B0328C30D"},"EventID":4625,"Version":0,"Level":0,"Task":12544,"Opcode":0,"Keywords":"0x8010000000000000","TimeCreated_attributes":{"SystemTime":"2016-09-19T16:51:12.200403Z"},"EventRecordID":3929,"Correlation_attributes":{"ActivityID":"B864D168-0B7B-0000-89D1-64B87B0BD201"},"Execution_attributes":{"ProcessID":752,"ThreadID":4068},"Channel":"Security","Computer":"DESKTOP-M5SN04R","Security":null},"EventData":{"SubjectUserSid":"S-1-0-0","SubjectUserName":"-","SubjectDomainName":"-","SubjectLogonId":"0x0","TargetUserSid":"S-1-0-0","TargetUserName":"Administrator","TargetDomainName":".","Status":"0xc000006d","FailureReason":"%%2313","SubStatus":"0xc000006a","LogonType":3,"LogonProcessName":"NtLmSsp ","AuthenticationPackageName":"NTLM","WorkstationName":"ammLKlG1Q5awQGvN","TransmittedServices":"-","LmPackageName":"-","KeyLength":0,"ProcessId":"0x0","ProcessName":"-","IpAddress":"192.168.198.149","IpPort":"39689"}}}
{"Event_attributes":{"xmlns":"http://schemas.microsoft.com/win/2004/08/events/event"},"Event":{"System":{"Provider_attributes":{"Name":"Microsoft-Windows-Security-Auditing","Guid":"54849625-5478-4994-A5BA-3E3B0328C30D"},"EventID":4625,"Version":0,"Level":0,"Task":12544,"Opcode":0,"Keywords":"0x8010000000000000","TimeCreated_attributes":{"SystemTime":"2016-09-19T16:51:12.235795Z"},"EventRecordID":3930,"Correlation_attributes":{"ActivityID":"B864D168-0B7B-0000-89D1-64B87B0BD201"},"Execution_attributes":{"ProcessID":752,"ThreadID":2828},"Channel":"Security","Computer":"DESKTOP-M5SN04R","Security":null},"EventData":{"SubjectUserSid":"S-1-0-0","SubjectUserName":"-","SubjectDomainName":"-","SubjectLogonId":"0x0","TargetUserSid":"S-1-0-0","TargetUserName":"Administrator","TargetDomainName":".","Status":"0xc000006d","FailureReason":"%%2313","SubStatus":"0xc000006a","LogonType":3,"LogonProcessName":"NtLmSsp ","AuthenticationPackageName":"NTLM","WorkstationName":"SJ1ijJjPJbF4uFlo","TransmittedServices":"-","LmPackageName":"-","KeyLength":0,"ProcessId":"0x0","ProcessName":"-","IpAddress":"192.168.198.149","IpPort":"55940"}}}
{"Event_attributes":{"xmlns":"http://schemas.microsoft.com/win/2004/08/events/event"},"Event":{"System":{"Provider_attributes":{"Name":"Microsoft-Windows-Security-Auditing","Guid":"54849625-5478-4994-A5BA-3E3B0328C30D"},"EventID":4625,"Version":0,"Level":0,"Task":12544,"Opcode":0,"Keywords":"0x8010000000000000","TimeCreated_attributes":{"SystemTime":"2016-09-19T16:51:12.277326Z"},"EventRecordID":3931,"Correlation_attributes":{"ActivityID":"B864D168-0B7B-0000-89D1-64B87B0BD201"},"Execution_attributes":{"ProcessID":752,"ThreadID":2828},"Channel":"Security","Computer":"DESKTOP-M5SN04R","Security":null},"EventData":{"SubjectUserSid":"S-1-0-0","SubjectUserName":"-","SubjectDomainName":"-","SubjectLogonId":"0x0","TargetUserSid":"S-1-0-0","TargetUserName":"Administrator","TargetDomainName":".","Status":"0xc000006d","FailureReason":"%%2313","SubStatus":"0xc000006a","LogonType":3,"LogonProcessName":"NtLmSsp ","AuthenticationPackageName":"NTLM","WorkstationName":"mZOLnwIzpGz03Yjh","TransmittedServices":"-","LmPackageName":"-","KeyLength":0,"ProcessId":"0x0","ProcessName":"-","IpAddress":"192.168.198.149","IpPort":"55161"}}}
{"Event_attributes":{"xmlns":"http://schemas.microsoft.com/win/2004/08/events/event"},"Event":{"System":{"Provider_attributes":{"Name":"Microsoft-Windows-Security-Auditing","Guid":"54849625-5478-4994-A5BA-3E3B0328C30D"},"EventID":4625,"Version":0,"Level":0,"Task":12544,"Opcode":0,"Keywords":"0x8010000000000000","TimeCreated_attributes":{"SystemTime":"2016-09-19T16:51:12.320691Z"},"EventRecordID":3932,"Correlation_attributes":{"ActivityID":"B864D168-0B7B-0000-89D1-64B87B0BD201"},"Execution_attributes":{"ProcessID":752,"ThreadID":4068},"Channel":"Security","Computer":"DESKTOP-M5SN04R","Security":null},"EventData":{"SubjectUserSid":"S-1-0-0","SubjectUserName":"-","SubjectDomainName":"-","SubjectLogonId":"0x0","TargetUserSid":"S-1-0-0","TargetUserName":"Administrator","TargetDomainName":".","Status":"0xc000006d","FailureReason":"%%2313","SubStatus":"0xc000006a","LogonType":3,"LogonProcessName":"NtLmSsp ","AuthenticationPackageName":"NTLM","WorkstationName":"xS8U3UQNz6l0LZn0","TransmittedServices":"-","LmPackageName":"-","KeyLength":0,"ProcessId":"0x0","ProcessName":"-","IpAddress":"192.168.198.149","IpPort":"43779"}}}
{"Event_attributes":{"xmlns":"http://schemas.microsoft.com/win/2004/08/events/event"},"Event":{"System":{"Provider_attributes":{"Name":"Microsoft-Windows-Security-Auditing","Guid":"54849625-5478-4994-A5BA-3E3B0328C30D"},"EventID":4625,"Version":0,"Level":0,"Task":12544,"Opcode":0,"Keywords":"0x8010000000000000","TimeCreated_attributes":{"SystemTime":"2016-09-19T16:51:12.361794Z"},"EventRecordID":3933,"Correlation_attributes":{"ActivityID":"B864D168-0B7B-0000-89D1-64B87B0BD201"},"Execution_attributes":{"ProcessID":752,"ThreadID":4068},"Channel":"Security","Computer":"DESKTOP-M5SN04R","Security":null},"EventData":{"SubjectUserSid":"S-1-0-0","SubjectUserName":"-","SubjectDomainName":"-","SubjectLogonId":"0x0","TargetUserSid":"S-1-0-0","TargetUserName":"Administrator","TargetDomainName":".","Status":"0xc000006d","FailureReason":"%%2313","SubStatus":"0xc000006a","LogonType":3,"LogonProcessName":"NtLmSsp ","AuthenticationPackageName":"NTLM","WorkstationName":"no6cftQ5MF1fjZ0y","TransmittedServices":"-","LmPackageName":"-","KeyLength":0,"ProcessId":"0x0","ProcessName":"-","IpAddress":"192.168.198.149","IpPort":"40370"}}}
{"Event_attributes":{"xmlns":"http://schemas.microsoft.com/win/2004/08/events/event"},"Event":{"System":{"Provider_attributes":{"Name":"Microsoft-Windows-Security-Auditing","Guid":"54849625-5478-4994-A5BA-3E3B0328C30D"},"EventID":4625,"Version":0,"Level":0,"Task":12544,"Opcode":0,"Keywords":"0x8010000000000000","TimeCreated_attributes":{"SystemTime":"2016-09-19T16:51:12.392686Z"},"EventRecordID":3934,"Correlation_attributes":{"ActivityID":"B864D168-0B7B-0000-89D1-64B87B0BD201"},"Execution_attributes":{"ProcessID":752,"ThreadID":2828},"Channel":"Security","Computer":"DESKTOP-M5SN04R","Security":null},"EventData":{"SubjectUserSid":"S-1-0-0","SubjectUserName":"-","SubjectDomainName":"-","SubjectLogonId":"0x0","TargetUserSid":"S-1-0-0","TargetUserName":"Administrator","TargetDomainName":".","Status":"0xc000006d","FailureReason":"%%2313","SubStatus":"0xc000006a","LogonType":3,"LogonProcessName":"NtLmSsp ","AuthenticationPackageName":"NTLM","WorkstationName":"5WHS6jVRnCUH0Rb5","TransmittedServices":"-","LmPackageName":"-","KeyLength":0,"ProcessId":"0x0","ProcessName":"-","IpAddress":"192.168.198.149","IpPort":"50744"}}}
{"Event_attributes":{"xmlns":"http://schemas.microsoft.com/win/2004/08/events/event"},"Event":{"System":{"Provider_attributes":{"Name":"Microsoft-Windows-Security-Auditing","Guid":"54849625-5478-4994-A5BA-3E3B0328C30D"},"EventID":4625,"Version":0,"Level":0,"Task":12544,"Opcode":0,"Keywords":"0x8010000000000000","TimeCreated_attributes":{"SystemTime":"2016-09-19T16:51:12.437664Z"},"EventRecordID":3935,"Correlation_attributes":{"ActivityID":"B864D168-0B7B-0000-89D1-64B87B0BD201"},"Execution_attributes":{"ProcessID":752,"ThreadID":2828},"Channel":"Security","Computer":"DESKTOP-M5SN04R","Security":null},"EventData":{"SubjectUserSid":"S-1-0-0","SubjectUserName":"-","SubjectDomainName":"-","SubjectLogonId":"0x0","TargetUserSid":"S-1-0-0","TargetUserName":"Administrator","TargetDomainName":".","Status":"0xc000006d","FailureReason":"%%2313","SubStatus":"0xc000006a","LogonType":3,"LogonProcessName":"NtLmSsp ","AuthenticationPackageName":"NTLM","WorkstationName":"i3oGLwrCJXJOauf6","TransmittedServices":"-","LmPackageName":"-","KeyLength":0,"ProcessId":"0x0","ProcessName":"-","IpAddress":"192.168.198.149","IpPort":"43870"}}}
{"Event_attributes":{"xmlns":"http://schemas.microsoft.com/win/2004/08/events/event"},"Event":{"System":{"Provider_attributes":{"Name":"Microsoft-Windows-Security-Auditing","Guid":"54849625-5478-4994-A5BA-3E3B0328C30D"},"EventID":4625,"Version":0,"Level":0,"Task":12544,"Opcode":0,"Keywords":"0x8010000000000000","TimeCreated_attributes":{"SystemTime":"2016-09-19T16:51:12.477778Z"},"EventRecordID":3936,"Correlation_attributes":{"ActivityID":"B864D168-0B7B-0000-89D1-64B87B0BD201"},"Execution_attributes":{"ProcessID":752,"ThreadID":4068},"Channel":"Security","Computer":"DESKTOP-M5SN04R","Security":null},"EventData":{"SubjectUserSid":"S-1-0-0","SubjectUserName":"-","SubjectDomainName":"-","SubjectLogonId":"0x0","TargetUserSid":"S-1-0-0","TargetUserName":"Administrator","TargetDomainName":".","Status":"0xc000006d","FailureReason":"%%2313","SubStatus":"0xc000006a","LogonType":3,"LogonProcessName":"NtLmSsp ","AuthenticationPackageName":"NTLM","WorkstationName":"I1sxPrDYV3rr4pGJ","TransmittedServices":"-","LmPackageName":"-","KeyLength":0,"ProcessId":"0x0","ProcessName":"-","IpAddress":"192.168.198.149","IpPort":"34102"}}}
{"Event_attributes":{"xmlns":"http://schemas.microsoft.com/win/2004/08/events/event"},"Event":{"System":{"Provider_attributes":{"Name":"Microsoft-Windows-Security-Auditing","Guid":"54849625-5478-4994-A5BA-3E3B0328C30D"},"EventID":4625,"Version":0,"Level":0,"Task":12544,"Opcode":0,"Keywords":"0x8010000000000000","TimeCreated_attributes":{"SystemTime":"2016-09-19T16:51:12.523724Z"},"EventRecordID":3937,"Correlation_attributes":{"ActivityID":"B864D168-0B7B-0000-89D1-64B87B0BD201"},"Execution_attributes":{"ProcessID":752,"ThreadID":2828},"Channel":"Security","Computer":"DESKTOP-M5SN04R","Security":null},"EventData":{"SubjectUserSid":"S-1-0-0","SubjectUserName":"-","SubjectDomainName":"-","SubjectLogonId":"0x0","TargetUserSid":"S-1-0-0","TargetUserName":"Administrator","TargetDomainName":".","Status":"0xc000006d","FailureReason":"%%2313","SubStatus":"0xc000006a","LogonType":3,"LogonProcessName":"NtLmSsp ","AuthenticationPackageName":"NTLM","WorkstationName":"Osysh2O2A3A2bN22","TransmittedServices":"-","LmPackageName":"-","KeyLength":0,"ProcessId":"0x0","ProcessName":"-","IpAddress":"192.168.198.149","IpPort":"59497"}}}
{"Event_attributes":{"xmlns":"http://schemas.microsoft.com/win/2004/08/events/event"},"Event":{"System":{"Provider_attributes":{"Name":"Microsoft-Windows-Security-Auditing","Guid":"54849625-5478-4994-A5BA-3E3B0328C30D"},"EventID":4625,"Version":0,"Level":0,"Task":12544,"Opcode":0,"Keywords":"0x8010000000000000","TimeCreated_attributes":{"SystemTime":"2016-09-19T16:51:12.564482Z"},"EventRecordID":3938,"Correlation_attributes":{"ActivityID":"B864D168-0B7B-0000-89D1-64B87B0BD201"},"Execution_attributes":{"ProcessID":752,"ThreadID":4068},"Channel":"Security","Computer":"DESKTOP-M5SN04R","Security":null},"EventData":{"SubjectUserSid":"S-1-0-0","SubjectUserName":"-","SubjectDomainName":"-","SubjectLogonId":"0x0","TargetUserSid":"S-1-0-0","TargetUserName":"Administrator","TargetDomainName":".","Status":"0xc000006d","FailureReason":"%%2313","SubStatus":"0xc000006a","LogonType":3,"LogonProcessName":"NtLmSsp ","AuthenticationPackageName":"NTLM","WorkstationName":"FsInW9EMJZU8FOrF","TransmittedServices":"-","LmPackageName":"-","KeyLength":0,"ProcessId":"0x0","ProcessName":"-","IpAddress":"192.168.198.149","IpPort":"57934"}}}
{"Event_attributes":{"xmlns":"http://schemas.microsoft.com/win/2004/08/events/event"},"Event":{"System":{"Provider_attributes":{"Name":"Microsoft-Windows-Security-Auditing","Guid":"54849625-5478-4994-A5BA-3E3B0328C30D"},"EventID":4625,"Version":0,"Level":0,"Task":12544,"Opcode":0,"Keywords":"0x8010000000000000","TimeCreated_attributes":{"SystemTime":"2016-09-19T16:51:12.605250Z"},"EventRecordID":3939,"Correlation_attributes":{"ActivityID":"B864D168-0B7B-0000-89D1-64B87B0BD201"},"Execution_attributes":{"ProcessID":752,"ThreadID":4068},"Channel":"Security","Computer":"DESKTOP-M5SN04R","Security":null},"EventData":{"SubjectUserSid":"S-1-0-0","SubjectUserName":"-","SubjectDomainName":"-","SubjectLogonId":"0x0","TargetUserSid":"S-1-0-0","TargetUserName":"Administrator","TargetDomainName":".","Status":"0xc000006d","FailureReason":"%%2313","SubStatus":"0xc000006a","LogonType":3,"LogonProcessName":"NtLmSsp ","AuthenticationPackageName":"NTLM","WorkstationName":"Ge8do8TM4GG1atMx","TransmittedServices":"-","LmPackageName":"-","KeyLength":0,"ProcessId":"0x0","ProcessName":"-","IpAddress":"192.168.198.149","IpPort":"33024"}}}
{"Event_attributes":{"xmlns":"http://schemas.microsoft.com/win/2004/08/events/event"},"Event":{"System":{"Provider_attributes":{"Name":"Microsoft-Windows-Security-Auditing","Guid":"54849625-5478-4994-A5BA-3E3B0328C30D"},"EventID":4625,"Version":0,"Level":0,"Task":12544,"Opcode":0,"Keywords":"0x8010000000000000","TimeCreated_attributes":{"SystemTime":"2016-09-19T16:51:12.641632Z"},"EventRecordID":3940,"Correlation_attributes":{"ActivityID":"B864D168-0B7B-0000-89D1-64B87B0BD201"},"Execution_attributes":{"ProcessID":752,"ThreadID":2828},"Channel":"Security","Computer":"DESKTOP-M5SN04R","Security":null},"EventData":{"SubjectUserSid":"S-1-0-0","SubjectUserName":"-","SubjectDomainName":"-","SubjectLogonId":"0x0","TargetUserSid":"S-1-0-0","TargetUserName":"Administrator","TargetDomainName":".","Status":"0xc000006d","FailureReason":"%%2313","SubStatus":"0xc000006a","LogonType":3,"LogonProcessName":"NtLmSsp ","AuthenticationPackageName":"NTLM","WorkstationName":"4w5GLbpVsAhGqCiq","TransmittedServices":"-","LmPackageName":"-","KeyLength":0,"ProcessId":"0x0","ProcessName":"-","IpAddress":"192.168.198.149","IpPort":"47628"}}}
{"Event_attributes":{"xmlns":"http://schemas.microsoft.com/win/2004/08/events/event"},"Event":{"System":{"Provider_attributes":{"Name":"Microsoft-Windows-Security-Auditing","Guid":"54849625-5478-4994-A5BA-3E3B0328C30D"},"EventID":4625,"Version":0,"Level":0,"Task":12544,"Opcode":0,"Keywords":"0x8010000000000000","TimeCreated_attributes":{"SystemTime":"2016-09-19T16:51:12.688843Z"},"EventRecordID":3941,"Correlation_attributes":{"ActivityID":"B864D168-0B7B-0000-89D1-64B87B0BD201"},"Execution_attributes":{"ProcessID":752,"ThreadID":2828},"Channel":"Security","Computer":"DESKTOP-M5SN04R","Security":null},"EventData":{"SubjectUserSid":"S-1-0-0","SubjectUserName":"-","SubjectDomainName":"-","SubjectLogonId":"0x0","TargetUserSid":"S-1-0-0","TargetUserName":"Administrator","TargetDomainName":".","Status":"0xc000006d","FailureReason":"%%2313","SubStatus":"0xc000006a","LogonType":3,"LogonProcessName":"NtLmSsp ","AuthenticationPackageName":"NTLM","WorkstationName":"8eQXeW1VpRU0ptMs","TransmittedServices":"-","LmPackageName":"-","KeyLength":0,"ProcessId":"0x0","ProcessName":"-","IpAddress":"192.168.198.149","IpPort":"57810"}}}
{"Event_attributes":{"xmlns":"http://schemas.microsoft.com/win/2004/08/events/event"},"Event":{"System":{"Provider_attributes":{"Name":"Microsoft-Windows-Security-Auditing","Guid":"54849625-5478-4994-A5BA-3E3B0328C30D"},"EventID":4625,"Version":0,"Level":0,"Task":12544,"Opcode":0,"Keywords":"0x8010000000000000","TimeCreated_attributes":{"SystemTime":"2016-09-19T16:51:12.728435Z"},"EventRecordID":3942,"Correlation_attributes":{"ActivityID":"B864D168-0B7B-0000-89D1-64B87B0BD201"},"Execution_attributes":{"ProcessID":752,"ThreadID":4068},"Channel":"Security","Computer":"DESKTOP-M5SN04R","Security":null},"EventData":{"SubjectUserSid":"S-1-0-0","SubjectUserName":"-","SubjectDomainName":"-","SubjectLogonId":"0x0","TargetUserSid":"S-1-0-0","TargetUserName":"Administrator","TargetDomainName":".","Status":"0xc000006d","FailureReason":"%%2313","SubStatus":"0xc000006a","LogonType":3,"LogonProcessName":"NtLmSsp ","AuthenticationPackageName":"NTLM","WorkstationName":"NhLosoA2parzTnW9","TransmittedServices":"-","LmPackageName":"-","KeyLength":0,"ProcessId":"0x0","ProcessName":"-","IpAddress":"192.168.198.149","IpPort":"48561"}}}
{"Event_attributes":{"xmlns":"http://schemas.microsoft.com/win/2004/08/events/event"},"Event":{"System":{"Provider_attributes":{"Name":"Microsoft-Windows-Security-Auditing","Guid":"54849625-5478-4994-A5BA-3E3B0328C30D"},"EventID":4625,"Version":0,"Level":0,"Task":12544,"Opcode":0,"Keywords":"0x8010000000000000","TimeCreated_attributes":{"SystemTime":"2016-09-19T16:51:12.768753Z"},"EventRecordID":3943,"Correlation_attributes":{"ActivityID":"B864D168-0B7B-0000-89D1-64B87B0BD201"},"Execution_attributes":{"ProcessID":752,"ThreadID":4068},"Channel":"Security","Computer":"DESKTOP-M5SN04R","Security":null},"EventData":{"SubjectUserSid":"S-1-0-0","SubjectUserName":"-","SubjectDomainName":"-","SubjectLogonId":"0x0","TargetUserSid":"S-1-0-0","TargetUserName":"Administrator","TargetDomainName":".","Status":"0xc000006d","FailureReason":"%%2313","SubStatus":"0xc000006a","LogonType":3,"LogonProcessName":"NtLmSsp ","AuthenticationPackageName":"NTLM","WorkstationName":"MCFTP4gVGEKFKuRI","TransmittedServices":"-","LmPackageName":"-","KeyLength":0,"ProcessId":"0x0","ProcessName":"-","IpAddress":"192.168.198.149","IpPort":"54987"}}}
{"Event_attributes":{"xmlns":"http://schemas.microsoft.com/win/2004/08/events/event"},"Event":{"System":{"Provider_attributes":{"Name":"Microsoft-Windows-Security-Auditing","Guid":"54849625-5478-4994-A5BA-3E3B0328C30D"},"EventID":4625,"Version":0,"Level":0,"Task":12544,"Opcode":0,"Keywords":"0x8010000000000000","TimeCreated_attributes":{"SystemTime":"2016-09-19T16:51:12.801676Z"},"EventRecordID":3944,"Correlation_attributes":{"ActivityID":"B864D168-0B7B-0000-89D1-64B87B0BD201"},"Execution_attributes":{"ProcessID":752,"ThreadID":2828},"Channel":"Security","Computer":"DESKTOP-M5SN04R","Security":null},"EventData":{"SubjectUserSid":"S-1-0-0","SubjectUserName":"-","SubjectDomainName":"-","SubjectLogonId":"0x0","TargetUserSid":"S-1-0-0","TargetUserName":"Administrator","TargetDomainName":".","Status":"0xc000006d","FailureReason":"%%2313","SubStatus":"0xc000006a","LogonType":3,"LogonProcessName":"NtLmSsp ","AuthenticationPackageName":"NTLM","WorkstationName":"ALrDwJz2cta9fcXB","TransmittedServices":"-","LmPackageName":"-","KeyLength":0,"ProcessId":"0x0","ProcessName":"-","IpAddress":"192.168.198.149","IpPort":"35744"}}}
{"Event_attributes":{"xmlns":"http://schemas.microsoft.com/win/2004/08/events/event"},"Event":{"System":{"Provider_attributes":{"Name":"Microsoft-Windows-Security-Auditing","Guid":"54849625-5478-4994-A5BA-3E3B0328C30D"},"EventID":4625,"Version":0,"Level":0,"Task":12544,"Opcode":0,"Keywords":"0x8010000000000000","TimeCreated_attributes":{"SystemTime":"2016-09-19T16:51:12.841747Z"},"EventRecordID":3945,"Correlation_attributes":{"ActivityID":"B864D168-0B7B-0000-89D1-64B87B0BD201"},"Execution_attributes":{"ProcessID":752,"ThreadID":2828},"Channel":"Security","Computer":"DESKTOP-M5SN04R","Security":null},"EventData":{"SubjectUserSid":"S-1-0-0","SubjectUserName":"-","SubjectDomainName":"-","SubjectLogonId":"0x0","TargetUserSid":"S-1-0-0","TargetUserName":"Administrator","TargetDomainName":".","Status":"0xc000006d","FailureReason":"%%2313","SubStatus":"0xc000006a","LogonType":3,"LogonProcessName":"NtLmSsp ","AuthenticationPackageName":"NTLM","WorkstationName":"ZZNXGw28osMQLjub","TransmittedServices":"-","LmPackageName":"-","KeyLength":0,"ProcessId":"0x0","ProcessName":"-","IpAddress":"192.168.198.149","IpPort":"43756"}}}
{"Event_attributes":{"xmlns":"http://schemas.microsoft.com/win/2004/08/events/event"},"Event":{"System":{"Provider_attributes":{"Name":"Microsoft-Windows-Security-Auditing","Guid":"54849625-5478-4994-A5BA-3E3B0328C30D"},"EventID":4625,"Version":0,"Level":0,"Task":12544,"Opcode":0,"Keywords":"0x8010000000000000","TimeCreated_attributes":{"SystemTime":"2016-09-19T16:51:12.882701Z"},"EventRecordID":3946,"Correlation_attributes":{"ActivityID":"B864D168-0B7B-0000-89D1-64B87B0BD201"},"Execution_attributes":{"ProcessID":752,"ThreadID":4068},"Channel":"Security","Computer":"DESKTOP-M5SN04R","Security":null},"EventData":{"SubjectUserSid":"S-1-0-0","SubjectUserName":"-","SubjectDomainName":"-","SubjectLogonId":"0x0","TargetUserSid":"S-1-0-0","TargetUserName":"Administrator","TargetDomainName":".","Status":"0xc000006d","FailureReason":"%%2313","SubStatus":"0xc000006a","LogonType":3,"LogonProcessName":"NtLmSsp ","AuthenticationPackageName":"NTLM","WorkstationName":"4wQzvMnwYuEQRO7V","TransmittedServices":"-","LmPackageName":"-","KeyLength":0,"ProcessId":"0x0","ProcessName":"-","IpAddress":"192.168.198.149","IpPort":"39681"}}}
{"Event_attributes":{"xmlns":"http://schemas.microsoft.com/win/2004/08/events/event"},"Event":{"System":{"Provider_attributes":{"Name":"Microsoft-Windows-Security-Auditing","Guid":"54849625-5478-4994-A5BA-3E3B0328C30D"},"EventID":4625,"Version":0,"Level":0,"Task":12544,"Opcode":0,"Keywords":"0x8010000000000000","TimeCreated_attributes":{"SystemTime":"2016-09-19T16:51:12.917853Z"},"EventRecordID":3947,"Correlation_attributes":{"ActivityID":"B864D168-0B7B-0000-89D1-64B87B0BD201"},"Execution_attributes":{"ProcessID":752,"ThreadID":4068},"Channel":"Security","Computer":"DESKTOP-M5SN04R","Security":null},"EventData":{"SubjectUserSid":"S-1-0-0","SubjectUserName":"-","SubjectDomainName":"-","SubjectLogonId":"0x0","TargetUserSid":"S-1-0-0","TargetUserName":"Administrator","TargetDomainName":".","Status":"0xc000006d","FailureReason":"%%2313","SubStatus":"0xc000006a","LogonType":3,"LogonProcessName":"NtLmSsp ","AuthenticationPackageName":"NTLM","WorkstationName":"UloOAIgGuj6NecfR","TransmittedServices":"-","LmPackageName":"-","KeyLength":0,"ProcessId":"0x0","ProcessName":"-","IpAddress":"192.168.198.149","IpPort":"37926"}}}
{"Event_attributes":{"xmlns":"http://schemas.microsoft.com/win/2004/08/events/event"},"Event":{"System":{"Provider_attributes":{"Name":"Microsoft-Windows-Security-Auditing","Guid":"54849625-5478-4994-A5BA-3E3B0328C30D"},"EventID":4625,"Version":0,"Level":0,"Task":12544,"Opcode":0,"Keywords":"0x8010000000000000","TimeCreated_attributes":{"SystemTime":"2016-09-19T16:51:12.960157Z"},"EventRecordID":3948,"Correlation_attributes":{"ActivityID":"B864D168-0B7B-0000-89D1-64B87B0BD201"},"Execution_attributes":{"ProcessID":752,"ThreadID":2828},"Channel":"Security","Computer":"DESKTOP-M5SN04R","Security":null},"EventData":{"SubjectUserSid":"S-1-0-0","SubjectUserName":"-","SubjectDomainName":"-","SubjectLogonId":"0x0","TargetUserSid":"S-1-0-0","TargetUserName":"Administrator","TargetDomainName":".","Status":"0xc000006d","FailureReason":"%%2313","SubStatus":"0xc000006a","LogonType":3,"LogonProcessName":"NtLmSsp ","AuthenticationPackageName":"NTLM","WorkstationName":"cVSeLo2PRgGmf83Z","TransmittedServices":"-","LmPackageName":"-","KeyLength":0,"ProcessId":"0x0","ProcessName":"-","IpAddress":"192.168.198.149","IpPort":"36825"}}}
{"Event_attributes":{"xmlns":"http://schemas.microsoft.com/win/2004/08/events/event"},"Event":{"System":{"Provider_attributes":{"Name":"Microsoft-Windows-Security-Auditing","Guid":"54849625-5478-4994-A5BA-3E3B0328C30D"},"EventID":4625,"Version":0,"Level":0,"Task":12544,"Opcode":0,"Keywords":"0x8010000000000000","TimeCreated_attributes":{"SystemTime":"2016-09-19T16:51:13.004916Z"},"EventRecordID":3949,"Correlation_attributes":{"ActivityID":"B864D168-0B7B-0000-89D1-64B87B0BD201"},"Execution_attributes":{"ProcessID":752,"ThreadID":2828},"Channel":"Security","Computer":"DESKTOP-M5SN04R","Security":null},"EventData":{"SubjectUserSid":"S-1-0-0","SubjectUserName":"-","SubjectDomainName":"-","SubjectLogonId":"0x0","TargetUserSid":"S-1-0-0","TargetUserName":"Administrator","TargetDomainName":".","Status":"0xc000006d","FailureReason":"%%2313","SubStatus":"0xc000006a","LogonType":3,"LogonProcessName":"NtLmSsp ","AuthenticationPackageName":"NTLM","WorkstationName":"SaCFO8CPFLuERugV","TransmittedServices":"-","LmPackageName":"-","KeyLength":0,"ProcessId":"0x0","ProcessName":"-","IpAddress":"192.168.198.149","IpPort":"33459"}}}
{"Event_attributes":{"xmlns":"http://schemas.microsoft.com/win/2004/08/events/event"},"Event":{"System":{"Provider_attributes":{"Name":"Microsoft-Windows-Security-Auditing","Guid":"54849625-5478-4994-A5BA-3E3B0328C30D"},"EventID":4625,"Version":0,"Level":0,"Task":12544,"Opcode":0,"Keywords":"0x8010000000000000","TimeCreated_attributes":{"SystemTime":"2016-09-19T16:51:13.042891Z"},"EventRecordID":3950,"Correlation_attributes":{"ActivityID":"B864D168-0B7B-0000-89D1-64B87B0BD201"},"Execution_attributes":{"ProcessID":752,"ThreadID":4068},"Channel":"Security","Computer":"DESKTOP-M5SN04R","Security":null},"EventData":{"SubjectUserSid":"S-1-0-0","SubjectUserName":"-","SubjectDomainName":"-","SubjectLogonId":"0x0","TargetUserSid":"S-1-0-0","TargetUserName":"Administrator","TargetDomainName":".","Status":"0xc000006d","FailureReason":"%%2313","SubStatus":"0xc000006a","LogonType":3,"LogonProcessName":"NtLmSsp ","AuthenticationPackageName":"NTLM","WorkstationName":"QCwV1D4L5BDZSriK","TransmittedServices":"-","LmPackageName":"-","KeyLength":0,"ProcessId":"0x0","ProcessName":"-","IpAddress":"192.168.198.149","IpPort":"45610"}}}
