{"Event_attributes":{"xmlns":"http://schemas.microsoft.com/win/2004/08/events/event"},"Event":{"System":{"Provider_attributes":{"Name":"Microsoft-Windows-Security-Auditing","Guid":"54849625-5478-4994-A5BA-3E3B0328C30D"},"EventID":4625,"Version":0,"Level":0,"Task":12544,"Opcode":0,"Keywords":"0x8010000000000000","TimeCreated_attributes":{"SystemTime":"2016-09-19T16:50:37.920104Z"},"EventRecordID":3159,"Correlation_attributes":{"ActivityID":"B864D168-0B7B-0000-89D1-64B87B0BD201"},"Execution_attributes":{"ProcessID":752,"ThreadID":2828},"Channel":"Security","Computer":"DESKTOP-M5SN04R","Security":null},"EventData":{"SubjectUserSid":"S-1-0-0","SubjectUserName":"-","SubjectDomainName":"-","SubjectLogonId":"0x0","TargetUserSid":"S-1-0-0","TargetUserName":"Administrator","TargetDomainName":".","Status":"0xc000006d","FailureReason":"%%2313","SubStatus":"0xc000006a","LogonType":3,"LogonProcessName":"NtLmSsp ","AuthenticationPackageName":"NTLM","WorkstationName":"XPNATM0IL05vtbZ1","TransmittedServices":"-","LmPackageName":"-","KeyLength":0,"ProcessId":"0x0","ProcessName":"-","IpAddress":"192.168.198.149","IpPort":"36055"}}}
{"Event_attributes":{"xmlns":"http://schemas.microsoft.com/win/2004/08/events/event"},"Event":{"System":{"Provider_attributes":{"Name":"Microsoft-Windows-Security-Auditing","Guid":"54849625-5478-4994-A5BA-3E3B0328C30D"},"EventID":4625,"Version":0,"Level":0,"Task":12544,"Opcode":0,"Keywords":"0x8010000000000000","TimeCreated_attributes":{"SystemTime":"2016-09-19T16:50:37.964091Z"},"EventRecordID":3160,"Correlation_attributes":{"ActivityID":"B864D168-0B7B-0000-89D1-64B87B0BD201"},"Execution_attributes":{"ProcessID":752,"ThreadID":4068},"Channel":"Security","Computer":"DESKTOP-M5SN04R","Security":null},"EventData":{"SubjectUserSid":"S-1-0-0","SubjectUserName":"-","SubjectDomainName":"-","SubjectLogonId":"0x0","TargetUserSid":"S-1-0-0","TargetUserName":"Administrator","TargetDomainName":".","Status":"0xc000006d","FailureReason":"%%2313","SubStatus":"0xc000006a","LogonType":3,"LogonProcessName":"NtLmSsp ","AuthenticationPackageName":"NTLM","WorkstationName":"H56ci5gbBVzebS2j","TransmittedServices":"-","LmPackageName":"-","KeyLength":0,"ProcessId":"0x0","ProcessName":"-","IpAddress":"192.168.198.149","IpPort":"37469"}}}
{"Event_attributes":{"xmlns":"http://schemas.microsoft.com/win/2004/08/events/event"},"Event":{"System":{"Provider_attributes":{"Name":"Microsoft-Windows-Security-Auditing","Guid":"54849625-5478-4994-A5BA-3E3B0328C30D"},"EventID":4625,"Version":0,"Level":0,"Task":12544,"Opcode":0,"Keywords":"0x8010000000000000","TimeCreated_attributes":{"SystemTime":"2016-09-19T16:50:38.008441Z"},"EventRecordID":3161,"Correlation_attributes":{"ActivityID":"B864D168-0B7B-0000-89D1-64B87B0BD201"},"Execution_attributes":{"ProcessID":752,"ThreadID":4068},"Channel":"Security","Computer":"DESKTOP-M5SN04R","Security":null},"EventData":{"SubjectUserSid":"S-1-0-0","SubjectUserName":"-","SubjectDomainName":"-","SubjectLogonId":"0x0","TargetUserSid":"S-1-0-0","TargetUserName":"Administrator","TargetDomainName":".","Status":"0xc000006d","FailureReason":"%%2313","SubStatus":"0xc000006a","LogonType":3,"LogonProcessName":"NtLmSsp ","AuthenticationPackageName":"NTLM","WorkstationName":"6rRofLg1uxrojU7n","TransmittedServices":"-","LmPackageName":"-","KeyLength":0,"ProcessId":"0x0","ProcessName":"-","IpAddress":"192.168.198.149","IpPort":"40225"}}}
{"Event_attributes":{"xmlns":"http://schemas.microsoft.com/win/2004/08/events/event"},"Event":{"System":{"Provider_attributes":{"Name":"Microsoft-Windows-Security-Auditing","Guid":"54849625-5478-4994-A5BA-3E3B0328C30D"},"EventID":4625,"Version":0,"Level":0,"Task":12544,"Opcode":0,"Keywords":"0x8010000000000000","TimeCreated_attributes":{"SystemTime":"2016-09-19T16:50:38.048228Z"},"EventRecordID":3162,"Correlation_attributes":{"ActivityID":"B864D168-0B7B-0000-89D1-64B87B0BD201"},"Execution_attributes":{"ProcessID":752,"ThreadID":4068},"Channel":"Security","Computer":"DESKTOP-M5SN04R","Security":null},"EventData":{"SubjectUserSid":"S-1-0-0","SubjectUserName":"-","SubjectDomainName":"-","SubjectLogonId":"0x0","TargetUserSid":"S-1-0-0","TargetUserName":"Administrator","TargetDomainName":".","Status":"0xc000006d","FailureReason":"%%2313","SubStatus":"0xc000006a","LogonType":3,"LogonProcessName":"NtLmSsp ","AuthenticationPackageName":"NTLM","WorkstationName":"MAhtwTU8OttAhcxf","TransmittedServices":"-","LmPackageName":"-","KeyLength":0,"ProcessId":"0x0","ProcessName":"-","IpAddress":"192.168.198.149","IpPort":"47527"}}}
{"Event_attributes":{"xmlns":"http://schemas.microsoft.com/win/2004/08/events/event"},"Event":{"System":{"Provider_attributes":{"Name":"Microsoft-Windows-Security-Auditing","Guid":"54849625-5478-4994-A5BA-3E3B0328C30D"},"EventID":4625,"Version":0,"Level":0,"Task":12544,"Opcode":0,"Keywords":"0x8010000000000000","TimeCreated_attributes":{"SystemTime":"2016-09-19T16:50:38.093273Z"},"EventRecordID":3163,"Correlation_attributes":{"ActivityID":"B864D168-0B7B-0000-89D1-64B87B0BD201"},"Execution_attributes":{"ProcessID":752,"ThreadID":2828},"Channel":"Security","Computer":"DESKTOP-M5SN04R","Security":null},"EventData":{"SubjectUserSid":"S-1-0-0","SubjectUserName":"-","SubjectDomainName":"-","SubjectLogonId":"0x0","TargetUserSid":"S-1-0-0","TargetUserName":"Administrator","TargetDomainName":".","Status":"0xc000006d","FailureReason":"%%2313","SubStatus":"0xc000006a","LogonType":3,"LogonProcessName":"NtLmSsp ","AuthenticationPackageName":"NTLM","WorkstationName":"CwKgAR6OWbkFlxUy","TransmittedServices":"-","LmPackageName":"-","KeyLength":0,"ProcessId":"0x0","ProcessName":"-","IpAddress":"192.168.198.149","IpPort":"37459"}}}
{"Event_attributes":{"xmlns":"http://schemas.microsoft.com/win/2004/08/events/event"},"Event":{"System":{"Provider_attributes":{"Name":"Microsoft-Windows-Security-Auditing","Guid":"54849625-5478-4994-A5BA-3E3B0328C30D"},"EventID":4625,"Version":0,"Level":0,"Task":12544,"Opcode":0,"Keywords":"0x8010000000000000","TimeCreated_attributes":{"SystemTime":"2016-09-19T16:50:38.129201Z"},"EventRecordID":3164,"Correlation_attributes":{"ActivityID":"B864D168-0B7B-0000-89D1-64B87B0BD201"},"Execution_attributes":{"ProcessID":752,"ThreadID":2828},"Channel":"Security","Computer":"DESKTOP-M5SN04R","Security":null},"EventData":{"SubjectUserSid":"S-1-0-0","SubjectUserName":"-","SubjectDomainName":"-","SubjectLogonId":"0x0","TargetUserSid":"S-1-0-0","TargetUserName":"Administrator","TargetDomainName":".","Status":"0xc000006d","FailureReason":"%%2313","SubStatus":"0xc000006a","LogonType":3,"LogonProcessName":"NtLmSsp ","AuthenticationPackageName":"NTLM","WorkstationName":"lNZR4G0DVsXVg4A9","TransmittedServices":"-","LmPackageName":"-","KeyLength":0,"ProcessId":"0x0","ProcessName":"-","IpAddress":"192.168.198.149","IpPort":"35780"}}}
{"Event_attributes":{"xmlns":"http://schemas.microsoft.com/win/2004/08/events/event"},"Event":{"System":{"Provider_attributes":{"Name":"Microsoft-Windows-Security-Auditing","Guid":"54849625-5478-4994-A5BA-3E3B0328C30D"},"EventID":4625,"Version":0,"Level":0,"Task":12544,"Opcode":0,"Keywords":"0x8010000000000000","TimeCreated_attributes":{"SystemTime":"2016-09-19T16:50:38.174251Z"},"EventRecordID":3165,"Correlation_attributes":{"ActivityID":"B864D168-0B7B-0000-89D1-64B87B0BD201"},"Execution_attributes":{"ProcessID":752,"ThreadID":2828},"Channel":"Security","Computer":"DESKTOP-M5SN04R","Security":null},"EventData":{"SubjectUserSid":"S-1-0-0","SubjectUserName":"-","SubjectDomainName":"-","SubjectLogonId":"0x0","TargetUserSid":"S-1-0-0","TargetUserName":"Administrator","TargetDomainName":".","Status":"0xc000006d","FailureReason":"%%2313","SubStatus":"0xc000006a","LogonType":3,"LogonProcessName":"NtLmSsp ","AuthenticationPackageName":"NTLM","WorkstationName":"OZG99tl0RRN3cQoK","TransmittedServices":"-","LmPackageName":"-","KeyLength":0,"ProcessId":"0x0","ProcessName":"-","IpAddress":"192.168.198.149","IpPort":"51606"}}}
{"Event_attributes":{"xmlns":"http://schemas.microsoft.com/win/2004/08/events/event"},"Event":{"System":{"Provider_attributes":{"Name":"Microsoft-Windows-Security-Auditing","Guid":"54849625-5478-4994-A5BA-3E3B0328C30D"},"EventID":4625,"Version":0,"Level":0,"Task":12544,"Opcode":0,"Keywords":"0x8010000000000000","TimeCreated_attributes":{"SystemTime":"2016-09-19T16:50:38.216135Z"},"EventRecordID":3166,"Correlation_attributes":{"ActivityID":"B864D168-0B7B-0000-89D1-64B87B0BD201"},"Execution_attributes":{"ProcessID":752,"ThreadID":2828},"Channel":"Security","Computer":"DESKTOP-M5SN04R","Security":null},"EventData":{"SubjectUserSid":"S-1-0-0","SubjectUserName":"-","SubjectDomainName":"-","SubjectLogonId":"0x0","TargetUserSid":"S-1-0-0","TargetUserName":"Administrator","TargetDomainName":".","Status":"0xc000006d","FailureReason":"%%2313","SubStatus":"0xc000006a","LogonType":3,"LogonProcessName":"NtLmSsp ","AuthenticationPackageName":"NTLM","WorkstationName":"nwRzAutxa07Y1xE4","TransmittedServices":"-","LmPackageName":"-","KeyLength":0,"ProcessId":"0x0","ProcessName":"-","IpAddress":"192.168.198.149","IpPort":"47384"}}}
{"Event_attributes":{"xmlns":"http://schemas.microsoft.com/win/2004/08/events/event"},"Event":{"System":{"Provider_attributes":{"Name":"Microsoft-Windows-Security-Auditing","Guid":"54849625-5478-4994-A5BA-3E3B0328C30D"},"EventID":4625,"Version":0,"Level":0,"Task":12544,"Opcode":0,"Keywords":"0x8010000000000000","TimeCreated_attributes":{"SystemTime":"2016-09-19T16:50:38.254237Z"},"EventRecordID":3167,"Correlation_attributes":{"ActivityID":"B864D168-0B7B-0000-89D1-64B87B0BD201"},"Execution_attributes":{"ProcessID":752,"ThreadID":4068},"Channel":"Security","Computer":"DESKTOP-M5SN04R","Security":null},"EventData":{"SubjectUserSid":"S-1-0-0","SubjectUserName":"-","SubjectDomainName":"-","SubjectLogonId":"0x0","TargetUserSid":"S-1-0-0","TargetUserName":"Administrator","TargetDomainName":".","Status":"0xc000006d","FailureReason":"%%2313","SubStatus":"0xc000006a","LogonType":3,"LogonProcessName":"NtLmSsp ","AuthenticationPackageName":"NTLM","WorkstationName":"OwhvrVBSRa8RcCKe","TransmittedServices":"-","LmPackageName":"-","KeyLength":0,"ProcessId":"0x0","ProcessName":"-","IpAddress":"192.168.198.149","IpPort":"60187"}}}
{"Event_attributes":{"xmlns":"http://schemas.microsoft.com/win/2004/08/events/event"},"Event":{"System":{"Provider_attributes":{"Name":"Microsoft-Windows-Security-Auditing","Guid":"54849625-5478-4994-A5BA-3E3B0328C30D"},"EventID":4625,"Version":0,"Level":0,"Task":12544,"Opcode":0,"Keywords":"0x8010000000000000","TimeCreated_attributes":{"SystemTime":"2016-09-19T16:50:38.296153Z"},"EventRecordID":3168,"Correlation_attributes":{"ActivityID":"B864D168-0B7B-0000-89D1-64B87B0BD201"},"Execution_attributes":{"ProcessID":752,"ThreadID":4068},"Channel":"Security","Computer":"DESKTOP-M5SN04R","Security":null},"EventData":{"SubjectUserSid":"S-1-0-0","SubjectUserName":"-","SubjectDomainName":"-","SubjectLogonId":"0x0","TargetUserSid":"S-1-0-0","TargetUserName":"Administrator","TargetDomainName":".","Status":"0xc000006d","FailureReason":"%%2313","SubStatus":"0xc000006a","LogonType":3,"LogonProcessName":"NtLmSsp ","AuthenticationPackageName":"NTLM","WorkstationName":"bLBwBys2favoK7BQ","TransmittedServices":"-","LmPackageName":"-","KeyLength":0,"ProcessId":"0x0","ProcessName":"-","IpAddress":"192.168.198.149","IpPort":"51945"}}}
{"Event_attributes":{"xmlns":"http://schemas.microsoft.com/win/2004/08/events/event"},"Event":{"System":{"Provider_attributes":{"Name":"Microsoft-Windows-Security-Auditing","Guid":"54849625-5478-4994-A5BA-3E3B0328C30D"},"EventID":4625,"Version":0,"Level":0,"Task":12544,"Opcode":0,"Keywords":"0x8010000000000000","TimeCreated_attributes":{"SystemTime":"2016-09-19T16:50:38.335205Z"},"EventRecordID":3169,"Correlation_attributes":{"ActivityID":"B864D168-0B7B-0000-89D1-64B87B0BD201"},"Execution_attributes":{"ProcessID":752,"ThreadID":4068},"Channel":"Security","Computer":"DESKTOP-M5SN04R","Security":null},"EventData":{"SubjectUserSid":"S-1-0-0","SubjectUserName":"-","SubjectDomainName":"-","SubjectLogonId":"0x0","TargetUserSid":"S-1-0-0","TargetUserName":"Administrator","TargetDomainName":".","Status":"0xc000006d","FailureReason":"%%2313","SubStatus":"0xc000006a","LogonType":3,"LogonProcessName":"NtLmSsp ","AuthenticationPackageName":"NTLM","WorkstationName":"3oYpj1rGcsOWNSs7","TransmittedServices":"-","LmPackageName":"-","KeyLength":0,"ProcessId":"0x0","ProcessName":"-","IpAddress":"192.168.198.149","IpPort":"60382"}}}
{"Event_attributes":{"xmlns":"http://schemas.microsoft.com/win/2004/08/events/event"},"Event":{"System":{"Provider_attributes":{"Name":"Microsoft-Windows-Security-Auditing","Guid":"54849625-5478-4994-A5BA-3E3B0328C30D"},"EventID":4625,"Version":0,"Level":0,"Task":12544,"Opcode":0,"Keywords":"0x8010000000000000","TimeCreated_attributes":{"SystemTime":"2016-09-19T16:50:38.380161Z"},"EventRecordID":3170,"Correlation_attributes":{"ActivityID":"B864D168-0B7B-0000-89D1-64B87B0BD201"},"Execution_attributes":{"ProcessID":752,"ThreadID":4068},"Channel":"Security","Computer":"DESKTOP-M5SN04R","Security":null},"EventData":{"SubjectUserSid":"S-1-0-0","SubjectUserName":"-","SubjectDomainName":"-","SubjectLogonId":"0x0","TargetUserSid":"S-1-0-0","TargetUserName":"Administrator","TargetDomainName":".","Status":"0xc000006d","FailureReason":"%%2313","SubStatus":"0xc000006a","LogonType":3,"LogonProcessName":"NtLmSsp ","AuthenticationPackageName":"NTLM","WorkstationName":"IBogtzE6No62tJB9","TransmittedServices":"-","LmPackageName":"-","KeyLength":0,"ProcessId":"0x0","ProcessName":"-","IpAddress":"192.168.198.149","IpPort":"54355"}}}
{"Event_attributes":{"xmlns":"http://schemas.microsoft.com/win/2004/08/events/event"},"Event":{"System":{"Provider_attributes":{"Name":"Microsoft-Windows-Security-Auditing","Guid":"54849625-5478-4994-A5BA-3E3B0328C30D"},"EventID":4625,"Version":0,"Level":0,"Task":12544,"Opcode":0,"Keywords":"0x8010000000000000","TimeCreated_attributes":{"SystemTime":"2016-09-19T16:50:38.416228Z"},"EventRecordID":3171,"Correlation_attributes":{"ActivityID":"B864D168-0B7B-0000-89D1-64B87B0BD201"},"Execution_attributes":{"ProcessID":752,"ThreadID":2828},"Channel":"Security","Computer":"DESKTOP-M5SN04R","Security":null},"EventData":{"SubjectUserSid":"S-1-0-0","SubjectUserName":"-","SubjectDomainName":"-","SubjectLogonId":"0x0","TargetUserSid":"S-1-0-0","TargetUserName":"Administrator","TargetDomainName":".","Status":"0xc000006d","FailureReason":"%%2313","SubStatus":"0xc000006a","LogonType":3,"LogonProcessName":"NtLmSsp ","AuthenticationPackageName":"NTLM","WorkstationName":"QQJICDi3T4LiwXZc","TransmittedServices":"-","LmPackageName":"-","KeyLength":0,"ProcessId":"0x0","ProcessName":"-","IpAddress":"192.168.198.149","IpPort":"54612"}}}
{"Event_attributes":{"xmlns":"http://schemas.microsoft.com/win/2004/08/events/event"},"Event":{"System":{"Provider_attributes":{"Name":"Microsoft-Windows-Security-Auditing","Guid":"54849625-5478-4994-A5BA-3E3B0328C30D"},"EventID":4625,"Version":0,"Level":0,"Task":12544,"Opcode":0,"Keywords":"0x8010000000000000","TimeCreated_attributes":{"SystemTime":"2016-09-19T16:50:38.465348Z"},"EventRecordID":3172,"Correlation_attributes":{"ActivityID":"B864D168-0B7B-0000-89D1-64B87B0BD201"},"Execution_attributes":{"ProcessID":752,"ThreadID":2828},"Channel":"Security","Computer":"DESKTOP-M5SN04R","Security":null},"EventData":{"SubjectUserSid":"S-1-0-0","SubjectUserName":"-","SubjectDomainName":"-","SubjectLogonId":"0x0","TargetUserSid":"S-1-0-0","TargetUserName":"Administrator","TargetDomainName":".","Status":"0xc000006d","FailureReason":"%%2313","SubStatus":"0xc000006a","LogonType":3,"LogonProcessName":"NtLmSsp ","AuthenticationPackageName":"NTLM","WorkstationName":"hnlKkfHYT0ID3BWr","TransmittedServices":"-","LmPackageName":"-","KeyLength":0,"ProcessId":"0x0","ProcessName":"-","IpAddress":"192.168.198.149","IpPort":"54362"}}}
{"Event_attributes":{"xmlns":"http://schemas.microsoft.com/win/2004/08/events/event"},"Event":{"System":{"Provider_attributes":{"Name":"Microsoft-Windows-Security-Auditing","Guid":"54849625-5478-4994-A5BA-3E3B0328C30D"},"EventID":4625,"Version":0,"Level":0,"Task":12544,"Opcode":0,"Keywords":"0x8010000000000000","TimeCreated_attributes":{"SystemTime":"2016-09-19T16:50:38.510290Z"},"EventRecordID":3173,"Correlation_attributes":{"ActivityID":"B864D168-0B7B-0000-89D1-64B87B0BD201"},"Execution_attributes":{"ProcessID":752,"ThreadID":2828},"Channel":"Security","Computer":"DESKTOP-M5SN04R","Security":null},"EventData":{"SubjectUserSid":"S-1-0-0","SubjectUserName":"-","SubjectDomainName":"-","SubjectLogonId":"0x0","TargetUserSid":"S-1-0-0","TargetUserName":"Administrator","TargetDomainName":".","Status":"0xc000006d","FailureReason":"%%2313","SubStatus":"0xc000006a","LogonType":3,"LogonProcessName":"NtLmSsp ","AuthenticationPackageName":"NTLM","WorkstationName":"gw36XaWrYp2M9CZd","TransmittedServices":"-","LmPackageName":"-","KeyLength":0,"ProcessId":"0x0","ProcessName":"-","IpAddress":"192.168.198.149","IpPort":"43518"}}}
{"Event_attributes":{"xmlns":"http://schemas.microsoft.com/win/2004/08/events/event"},"Event":{"System":{"Provider_attributes":{"Name":"Microsoft-Windows-Security-Auditing","Guid":"54849625-5478-4994-A5BA-3E3B0328C30D"},"EventID":4625,"Version":0,"Level":0,"Task":12544,"Opcode":0,"Keywords":"0x8010000000000000","TimeCreated_attributes":{"SystemTime":"2016-09-19T16:50:38.544358Z"},"EventRecordID":3174,"Correlation_attributes":{"ActivityID":"B864D168-0B7B-0000-89D1-64B87B0BD201"},"Execution_attributes":{"ProcessID":752,"ThreadID":2828},"Channel":"Security","Computer":"DESKTOP-M5SN04R","Security":null},"EventData":{"SubjectUserSid":"S-1-0-0","SubjectUserName":"-","SubjectDomainName":"-","SubjectLogonId":"0x0","TargetUserSid":"S-1-0-0","TargetUserName":"Administrator","TargetDomainName":".","Status":"0xc000006d","FailureReason":"%%2313","SubStatus":"0xc000006a","LogonType":3,"LogonProcessName":"NtLmSsp ","AuthenticationPackageName":"NTLM","WorkstationName":"j9aT76CAAER0H98I","TransmittedServices":"-","LmPackageName":"-","KeyLength":0,"ProcessId":"0x0","ProcessName":"-","IpAddress":"192.168.198.149","IpPort":"49573"}}}
{"Event_attributes":{"xmlns":"http://schemas.microsoft.com/win/2004/08/events/event"},"Event":{"System":{"Provider_attributes":{"Name":"Microsoft-Windows-Security-Auditing","Guid":"54849625-5478-4994-A5BA-3E3B0328C30D"},"EventID":4625,"Version":0,"Level":0,"Task":12544,"Opcode":0,"Keywords":"0x8010000000000000","TimeCreated_attributes":{"SystemTime":"2016-09-19T16:50:38.580210Z"},"EventRecordID":3175,"Correlation_attributes":{"ActivityID":"B864D168-0B7B-0000-89D1-64B87B0BD201"},"Execution_attributes":{"ProcessID":752,"ThreadID":4068},"Channel":"Security","Computer":"DESKTOP-M5SN04R","Security":null},"EventData":{"SubjectUserSid":"S-1-0-0","SubjectUserName":"-","SubjectDomainName":"-","SubjectLogonId":"0x0","TargetUserSid":"S-1-0-0","TargetUserName":"Administrator","TargetDomainName":".","Status":"0xc000006d","FailureReason":"%%2313","SubStatus":"0xc000006a","LogonType":3,"LogonProcessName":"NtLmSsp ","AuthenticationPackageName":"NTLM","WorkstationName":"TEOZfrP3IYmutAuq","TransmittedServices":"-","LmPackageName":"-","KeyLength":0,"ProcessId":"0x0","ProcessName":"-","IpAddress":"192.168.198.149","IpPort":"39769"}}}
{"Event_attributes":{"xmlns":"http://schemas.microsoft.com/win/2004/08/events/event"},"Event":{"System":{"Provider_attributes":{"Name":"Microsoft-Windows-Security-Auditing","Guid":"54849625-5478-4994-A5BA-3E3B0328C30D"},"EventID":4625,"Version":0,"Level":0,"Task":12544,"Opcode":0,"Keywords":"0x8010000000000000","TimeCreated_attributes":{"SystemTime":"2016-09-19T16:50:38.628186Z"},"EventRecordID":3176,"Correlation_attributes":{"ActivityID":"B864D168-0B7B-0000-89D1-64B87B0BD201"},"Execution_attributes":{"ProcessID":752,"ThreadID":4068},"Channel":"Security","Computer":"DESKTOP-M5SN04R","Security":null},"EventData":{"SubjectUserSid":"S-1-0-0","SubjectUserName":"-","SubjectDomainName":"-","SubjectLogonId":"0x0","TargetUserSid":"S-1-0-0","TargetUserName":"Administrator","TargetDomainName":".","Status":"0xc000006d","FailureReason":"%%2313","SubStatus":"0xc000006a","LogonType":3,"LogonProcessName":"NtLmSsp ","AuthenticationPackageName":"NTLM","WorkstationName":"zd54DAwwp0BJhhaZ","TransmittedServices":"-","LmPackageName":"-","KeyLength":0,"ProcessId":"0x0","ProcessName":"-","IpAddress":"192.168.198.149","IpPort":"53849"}}}
{"Event_attributes":{"xmlns":"http://schemas.microsoft.com/win/2004/08/events/event"},"Event":{"System":{"Provider_attributes":{"Name":"Microsoft-Windows-Security-Auditing","Guid":"54849625-5478-4994-A5BA-3E3B0328C30D"},"EventID":4625,"Version":0,"Level":0,"Task":12544,"Opcode":0,"Keywords":"0x8010000000000000","TimeCreated_attributes":{"SystemTime":"2016-09-19T16:50:38.665242Z"},"EventRecordID":3177,"Correlation_attributes":{"ActivityID":"B864D168-0B7B-0000-89D1-64B87B0BD201"},"Execution_attributes":{"ProcessID":752,"ThreadID":2828},"Channel":"Security","Computer":"DESKTOP-M5SN04R","Security":null},"EventData":{"SubjectUserSid":"S-1-0-0","SubjectUserName":"-","SubjectDomainName":"-","SubjectLogonId":"0x0","TargetUserSid":"S-1-0-0","TargetUserName":"Administrator","TargetDomainName":".","Status":"0xc000006d","FailureReason":"%%2313","SubStatus":"0xc000006a","LogonType":3,"LogonProcessName":"NtLmSsp ","AuthenticationPackageName":"NTLM","WorkstationName":"AR6Gc128RlPtwcPl","TransmittedServices":"-","LmPackageName":"-","KeyLength":0,"ProcessId":"0x0","ProcessName":"-","IpAddress":"192.168.198.149","IpPort":"41442"}}}
{"Event_attributes":{"xmlns":"http://schemas.microsoft.com/win/2004/08/events/event"},"Event":{"System":{"Provider_attributes":{"Name":"Microsoft-Windows-Security-Auditing","Guid":"54849625-5478-4994-A5BA-3E3B0328C30D"},"EventID":4625,"Version":0,"Level":0,"Task":12544,"Opcode":0,"Keywords":"0x8010000000000000","TimeCreated_attributes":{"SystemTime":"2016-09-19T16:50:38.713258Z"},"EventRecordID":3178,"Correlation_attributes":{"ActivityID":"B864D168-0B7B-0000-89D1-64B87B0BD201"},"Execution_attributes":{"ProcessID":752,"ThreadID":2828},"Channel":"Security","Computer":"DESKTOP-M5SN04R","Security":null},"EventData":{"SubjectUserSid":"S-1-0-0","SubjectUserName":"-","SubjectDomainName":"-","SubjectLogonId":"0x0","TargetUserSid":"S-1-0-0","TargetUserName":"Administrator","TargetDomainName":".","Status":"0xc000006d","FailureReason":"%%2313","SubStatus":"0xc000006a","LogonType":3,"LogonProcessName":"NtLmSsp ","AuthenticationPackageName":"NTLM","WorkstationName":"cpjS1YZy2sSRqzI3","TransmittedServices":"-","LmPackageName":"-","KeyLength":0,"ProcessId":"0x0","ProcessName":"-","IpAddress":"192.168.198.149","IpPort":"41571"}}}
{"Event_attributes":{"xmlns":"http://schemas.microsoft.com/win/2004/08/events/event"},"Event":{"System":{"Provider_attributes":{"Name":"Microsoft-Windows-Security-Auditing","Guid":"54849625-5478-4994-A5BA-3E3B0328C30D"},"EventID":4625,"Version":0,"Level":0,"Task":12544,"Opcode":0,"Keywords":"0x8010000000000000","TimeCreated_attributes":{"SystemTime":"2016-09-19T16:50:38.756303Z"},"EventRecordID":3179,"Correlation_attributes":{"ActivityID":"B864D168-0B7B-0000-89D1-64B87B0BD201"},"Execution_attributes":{"ProcessID":752,"ThreadID":4068},"Channel":"Security","Computer":"DESKTOP-M5SN04R","Security":null},"EventData":{"SubjectUserSid":"S-1-0-0","SubjectUserName":"-","SubjectDomainName":"-","SubjectLogonId":"0x0","TargetUserSid":"S-1-0-0","TargetUserName":"Administrator","TargetDomainName":".","Status":"0xc000006d","FailureReason":"%%2313","SubStatus":"0xc000006a","LogonType":3,"LogonProcessName":"NtLmSsp ","AuthenticationPackageName":"NTLM","WorkstationName":"EKeate89Gw1oEp0U","TransmittedServices":"-","LmPackageName":"-","KeyLength":0,"ProcessId":"0x0","ProcessName":"-","IpAddress":"192.168.198.149","IpPort":"39401"}}}
{"Event_attributes":{"xmlns":"http://schemas.microsoft.com/win/2004/08/events/event"},"Event":{"System":{"Provider_attributes":{"Name":"Microsoft-Windows-Security-Auditing","Guid":"54849625-5478-4994-A5BA-3E3B0328C30D"},"EventID":4625,"Version":0,"Level":0,"Task":12544,"Opcode":0,"Keywords":"0x8010000000000000","TimeCreated_attributes":{"SystemTime":"2016-09-19T16:50:38.801370Z"},"EventRecordID":3180,"Correlation_attributes":{"ActivityID":"B864D168-0B7B-0000-89D1-64B87B0BD201"},"Execution_attributes":{"ProcessID":752,"ThreadID":4068},"Channel":"Security","Computer":"DESKTOP-M5SN04R","Security":null},"EventData":{"SubjectUserSid":"S-1-0-0","SubjectUserName":"-","SubjectDomainName":"-","SubjectLogonId":"0x0","TargetUserSid":"S-1-0-0","TargetUserName":"Administrator","TargetDomainName":".","Status":"0xc000006d","FailureReason":"%%2313","SubStatus":"0xc000006a","LogonType":3,"LogonProcessName":"NtLmSsp ","AuthenticationPackageName":"NTLM","WorkstationName":"tBhApsBYa65Hxr0L","TransmittedServices":"-","LmPackageName":"-","KeyLength":0,"ProcessId":"0x0","ProcessName":"-","IpAddress":"192.168.198.149","IpPort":"59341"}}}
{"Event_attributes":{"xmlns":"http://schemas.microsoft.com/win/2004/08/events/event"},"Event":{"System":{"Provider_attributes":{"Name":"Microsoft-Windows-Security-Auditing","Guid":"54849625-5478-4994-A5BA-3E3B0328C30D"},"EventID":4625,"Version":0,"Level":0,"Task":12544,"Opcode":0,"Keywords":"0x8010000000000000","TimeCreated_attributes":{"SystemTime":"2016-09-19T16:50:38.894198Z"},"EventRecordID":3181,"Correlation_attributes":{"ActivityID":"B864D168-0B7B-0000-89D1-64B87B0BD201"},"Execution_attributes":{"ProcessID":752,"ThreadID":2828},"Channel":"Security","Computer":"DESKTOP-M5SN04R","Security":null},"EventData":{"SubjectUserSid":"S-1-0-0","SubjectUserName":"-","SubjectDomainName":"-","SubjectLogonId":"0x0","TargetUserSid":"S-1-0-0","TargetUserName":"Administrator","TargetDomainName":".","Status":"0xc000006d","FailureReason":"%%2313","SubStatus":"0xc000006a","LogonType":3,"LogonProcessName":"NtLmSsp ","AuthenticationPackageName":"NTLM","WorkstationName":"ITv5RS3WHhWe0Hez","TransmittedServices":"-","LmPackageName":"-","KeyLength":0,"ProcessId":"0x0","ProcessName":"-","IpAddress":"192.168.198.149","IpPort":"47394"}}}
{"Event_attributes":{"xmlns":"http://schemas.microsoft.com/win/2004/08/events/event"},"Event":{"System":{"Provider_attributes":{"Name":"Microsoft-Windows-Security-Auditing","Guid":"54849625-5478-4994-A5BA-3E3B0328C30D"},"EventID":4625,"Version":0,"Level":0,"Task":12544,"Opcode":0,"Keywords":"0x8010000000000000","TimeCreated_attributes":{"SystemTime":"2016-09-19T16:50:38.940154Z"},"EventRecordID":3182,"Correlation_attributes":{"ActivityID":"B864D168-0B7B-0000-89D1-64B87B0BD201"},"Execution_attributes":{"ProcessID":752,"ThreadID":2828},"Channel":"Security","Computer":"DESKTOP-M5SN04R","Security":null},"EventData":{"SubjectUserSid":"S-1-0-0","SubjectUserName":"-","SubjectDomainName":"-","SubjectLogonId":"0x0","TargetUserSid":"S-1-0-0","TargetUserName":"Administrator","TargetDomainName":".","Status":"0xc000006d","FailureReason":"%%2313","SubStatus":"0xc000006a","LogonType":3,"LogonProcessName":"NtLmSsp ","AuthenticationPackageName":"NTLM","WorkstationName":"WASvcAp9zfU3uSka","TransmittedServices":"-","LmPackageName":"-","KeyLength":0,"ProcessId":"0x0","ProcessName":"-","IpAddress":"192.168.198.149","IpPort":"51987"}}}
{"Event_attributes":{"xmlns":"http://schemas.microsoft.com/win/2004/08/events/event"},"Event":{"System":{"Provider_attributes":{"Name":"Microsoft-Windows-Security-Auditing","Guid":"54849625-5478-4994-A5BA-3E3B0328C30D"},"EventID":4625,"Version":0,"Level":0,"Task":12544,"Opcode":0,"Keywords":"0x8010000000000000","TimeCreated_attributes":{"SystemTime":"2016-09-19T16:50:38.972159Z"},"EventRecordID":3183,"Correlation_attributes":{"ActivityID":"B864D168-0B7B-0000-89D1-64B87B0BD201"},"Execution_attributes":{"ProcessID":752,"ThreadID":2828},"Channel":"Security","Computer":"DESKTOP-M5SN04R","Security":null},"EventData":{"SubjectUserSid":"S-1-0-0","SubjectUserName":"-","SubjectDomainName":"-","SubjectLogonId":"0x0","TargetUserSid":"S-1-0-0","TargetUserName":"Administrator","TargetDomainName":".","Status":"0xc000006d","FailureReason":"%%2313","SubStatus":"0xc000006a","LogonType":3,"LogonProcessName":"NtLmSsp ","AuthenticationPackageName":"NTLM","WorkstationName":"H1f6szOactEp5ntF","TransmittedServices":"-","LmPackageName":"-","KeyLength":0,"ProcessId":"0x0","ProcessName":"-","IpAddress":"192.168.198.149","IpPort":"33107"}}}
{"Event_attributes":{"xmlns":"http://schemas.microsoft.com/win/2004/08/events/event"},"Event":{"System":{"Provider_attributes":{"Name":"Microsoft-Windows-Security-Auditing","Guid":"54849625-5478-4994-A5BA-3E3B0328C30D"},"EventID":4625,"Version":0,"Level":0,"Task":12544,"Opcode":0,"Keywords":"0x8010000000000000","TimeCreated_attributes":{"SystemTime":"2016-09-19T16:50:39.008229Z"},"EventRecordID":3184,"Correlation_attributes":{"ActivityID":"B864D168-0B7B-0000-89D1-64B87B0BD201"},"Execution_attributes":{"ProcessID":752,"ThreadID":4068},"Channel":"Security","Computer":"DESKTOP-M5SN04R","Security":null},"EventData":{"SubjectUserSid":"S-1-0-0","SubjectUserName":"-","SubjectDomainName":"-","SubjectLogonId":"0x0","TargetUserSid":"S-1-0-0","TargetUserName":"Administrator","TargetDomainName":".","Status":"0xc000006d","FailureReason":"%%2313","SubStatus":"0xc000006a","LogonType":3,"LogonProcessName":"NtLmSsp ","AuthenticationPackageName":"NTLM","WorkstationName":"Loe5RkT9Ki0Aw2Lv","TransmittedServices":"-","LmPackageName":"-","KeyLength":0,"ProcessId":"0x0","ProcessName":"-","IpAddress":"192.168.198.149","IpPort":"54994"}}}
{"Event_attributes":{"xmlns":"http://schemas.microsoft.com/win/2004/08/events/event"},"Event":{"System":{"Provider_attributes":{"Name":"Microsoft-Windows-Security-Auditing","Guid":"54849625-5478-4994-A5BA-3E3B0328C30D"},"EventID":4625,"Version":0,"Level":0,"Task":12544,"Opcode":0,"Keywords":"0x8010000000000000","TimeCreated_attributes":{"SystemTime":"2016-09-19T16:50:39.052295Z"},"EventRecordID":3185,"Correlation_attributes":{"ActivityID":"B864D168-0B7B-0000-89D1-64B87B0BD201"},"Execution_attributes":{"ProcessID":752,"ThreadID":4068},"Channel":"Security","Computer":"DESKTOP-M5SN04R","Security":null},"EventData":{"SubjectUserSid":"S-1-0-0","SubjectUserName":"-","SubjectDomainName":"-","SubjectLogonId":"0x0","TargetUserSid":"S-1-0-0","TargetUserName":"Administrator","TargetDomainName":".","Status":"0xc000006d","FailureReason":"%%2313","SubStatus":"0xc000006a","LogonType":3,"LogonProcessName":"NtLmSsp ","AuthenticationPackageName":"NTLM","WorkstationName":"TJdVtE7dNSoyM3LI","TransmittedServices":"-","LmPackageName":"-","KeyLength":0,"ProcessId":"0x0","ProcessName":"-","IpAddress":"192.168.198.149","IpPort":"42363"}}}
{"Event_attributes":{"xmlns":"http://schemas.microsoft.com/win/2004/08/events/event"},"Event":{"System":{"Provider_attributes":{"Name":"Microsoft-Windows-Security-Auditing","Guid":"54849625-5478-4994-A5BA-3E3B0328C30D"},"EventID":4625,"Version":0,"Level":0,"Task":12544,"Opcode":0,"Keywords":"0x8010000000000000","TimeCreated_attributes":{"SystemTime":"2016-09-19T16:50:39.092142Z"},"EventRecordID":3186,"Correlation_attributes":{"ActivityID":"B864D168-0B7B-0000-89D1-64B87B0BD201"},"Execution_attributes":{"ProcessID":752,"ThreadID":2828},"Channel":"Security","Computer":"DESKTOP-M5SN04R","Security":null},"EventData":{"SubjectUserSid":"S-1-0-0","SubjectUserName":"-","SubjectDomainName":"-","SubjectLogonId":"0x0","TargetUserSid":"S-1-0-0","TargetUserName":"Administrator","TargetDomainName":".","Status":"0xc000006d","FailureReason":"%%2313","SubStatus":"0xc000006a","LogonType":3,"LogonProcessName":"NtLmSsp ","AuthenticationPackageName":"NTLM","WorkstationName":"QlAtU1mIO7m5DnuP","TransmittedServices":"-","LmPackageName":"-","KeyLength":0,"ProcessId":"0x0","ProcessName":"-","IpAddress":"192.168.198.149","IpPort":"33048"}}}
{"Event_attributes":{"xmlns":"http://schemas.microsoft.com/win/2004/08/events/event"},"Event":{"System":{"Provider_attributes":{"Name":"Microsoft-Windows-Security-Auditing","Guid":"54849625-5478-4994-A5BA-3E3B0328C30D"},"EventID":4625,"Version":0,"Level":0,"Task":12544,"Opcode":0,"Keywords":"0x8010000000000000","TimeCreated_attributes":{"SystemTime":"2016-09-19T16:50:39.132287Z"},"EventRecordID":3187,"Correlation_attributes":{"ActivityID":"B864D168-0B7B-0000-89D1-64B87B0BD201"},"Execution_attributes":{"ProcessID":752,"ThreadID":2828},"Channel":"Security","Computer":"DESKTOP-M5SN04R","Security":null},"EventData":{"SubjectUserSid":"S-1-0-0","SubjectUserName":"-","SubjectDomainName":"-","SubjectLogonId":"0x0","TargetUserSid":"S-1-0-0","TargetUserName":"Administrator","TargetDomainName":".","Status":"0xc000006d","FailureReason":"%%2313","SubStatus":"0xc000006a","LogonType":3,"LogonProcessName":"NtLmSsp ","AuthenticationPackageName":"NTLM","WorkstationName":"wAK2rh94yKwiH2Nw","TransmittedServices":"-","LmPackageName":"-","KeyLength":0,"ProcessId":"0x0","ProcessName":"-","IpAddress":"192.168.198.149","IpPort":"37477"}}}
{"Event_attributes":{"xmlns":"http://schemas.microsoft.com/win/2004/08/events/event"},"Event":{"System":{"Provider_attributes":{"Name":"Microsoft-Windows-Security-Auditing","Guid":"54849625-5478-4994-A5BA-3E3B0328C30D"},"EventID":4625,"Version":0,"Level":0,"Task":12544,"Opcode":0,"Keywords":"0x8010000000000000","TimeCreated_attributes":{"SystemTime":"2016-09-19T16:50:39.168235Z"},"EventRecordID":3188,"Correlation_attributes":{"ActivityID":"B864D168-0B7B-0000-89D1-64B87B0BD201"},"Execution_attributes":{"ProcessID":752,"ThreadID":2828},"Channel":"Security","Computer":"DESKTOP-M5SN04R","Security":null},"EventData":{"SubjectUserSid":"S-1-0-0","SubjectUserName":"-","SubjectDomainName":"-","SubjectLogonId":"0x0","TargetUserSid":"S-1-0-0","TargetUserName":"Administrator","TargetDomainName":".","Status":"0xc000006d","FailureReason":"%%2313","SubStatus":"0xc000006a","LogonType":3,"LogonProcessName":"NtLmSsp ","AuthenticationPackageName":"NTLM","WorkstationName":"AuqsvmUbPlpWFBRZ","TransmittedServices":"-","LmPackageName":"-","KeyLength":0,"ProcessId":"0x0","ProcessName":"-","IpAddress":"192.168.198.149","IpPort":"38665"}}}
{"Event_attributes":{"xmlns":"http://schemas.microsoft.com/win/2004/08/events/event"},"Event":{"System":{"Provider_attributes":{"Name":"Microsoft-Windows-Security-Auditing","Guid":"54849625-5478-4994-A5BA-3E3B0328C30D"},"EventID":4625,"Version":0,"Level":0,"Task":12544,"Opcode":0,"Keywords":"0x8010000000000000","TimeCreated_attributes":{"SystemTime":"2016-09-19T16:50:39.208258Z"},"EventRecordID":3189,"Correlation_attributes":{"ActivityID":"B864D168-0B7B-0000-89D1-64B87B0BD201"},"Execution_attributes":{"ProcessID":752,"ThreadID":2828},"Channel":"Security","Computer":"DESKTOP-M5SN04R","Security":null},"EventData":{"SubjectUserSid":"S-1-0-0","SubjectUserName":"-","SubjectDomainName":"-","SubjectLogonId":"0x0","TargetUserSid":"S-1-0-0","TargetUserName":"Administrator","TargetDomainName":".","Status":"0xc000006d","FailureReason":"%%2313","SubStatus":"0xc000006a","LogonType":3,"LogonProcessName":"NtLmSsp ","AuthenticationPackageName":"NTLM","WorkstationName":"BShEB6VnXkOxwtFB","TransmittedServices":"-","LmPackageName":"-","KeyLength":0,"ProcessId":"0x0","ProcessName":"-","IpAddress":"192.168.198.149","IpPort":"55445"}}}
{"Event_attributes":{"xmlns":"http://schemas.microsoft.com/win/2004/08/events/event"},"Event":{"System":{"Provider_attributes":{"Name":"Microsoft-Windows-Security-Auditing","Guid":"54849625-5478-4994-A5BA-3E3B0328C30D"},"EventID":4625,"Version":0,"Level":0,"Task":12544,"Opcode":0,"Keywords":"0x8010000000000000","TimeCreated_attributes":{"SystemTime":"2016-09-19T16:50:39.248103Z"},"EventRecordID":3190,"Correlation_attributes":{"ActivityID":"B864D168-0B7B-0000-89D1-64B87B0BD201"},"Execution_attributes":{"ProcessID":752,"ThreadID":4068},"Channel":"Security","Computer":"DESKTOP-M5SN04R","Security":null},"EventData":{"SubjectUserSid":"S-1-0-0","SubjectUserName":"-","SubjectDomainName":"-","SubjectLogonId":"0x0","TargetUserSid":"S-1-0-0","TargetUserName":"Administrator","TargetDomainName":".","Status":"0xc000006d","FailureReason":"%%2313","SubStatus":"0xc000006a","LogonType":3,"LogonProcessName":"NtLmSsp ","AuthenticationPackageName":"NTLM","WorkstationName":"AjAc5QMvpTBsDziO","TransmittedServices":"-","LmPackageName":"-","KeyLength":0,"ProcessId":"0x0","ProcessName":"-","IpAddress":"192.168.198.149","IpPort":"50694"}}}
{"Event_attributes":{"xmlns":"http://schemas.microsoft.com/win/2004/08/events/event"},"Event":{"System":{"Provider_attributes":{"Name":"Microsoft-Windows-Security-Auditing","Guid":"54849625-5478-4994-A5BA-3E3B0328C30D"},"EventID":4625,"Version":0,"Level":0,"Task":12544,"Opcode":0,"Keywords":"0x8010000000000000","TimeCreated_attributes":{"SystemTime":"2016-09-19T16:50:39.288223Z"},"EventRecordID":3191,"Correlation_attributes":{"ActivityID":"B864D168-0B7B-0000-89D1-64B87B0BD201"},"Execution_attributes":{"ProcessID":752,"ThreadID":4068},"Channel":"Security","Computer":"DESKTOP-M5SN04R","Security":null},"EventData":{"SubjectUserSid":"S-1-0-0","SubjectUserName":"-","SubjectDomainName":"-","SubjectLogonId":"0x0","TargetUserSid":"S-1-0-0","TargetUserName":"Administrator","TargetDomainName":".","Status":"0xc000006d","FailureReason":"%%2313","SubStatus":"0xc000006a","LogonType":3,"LogonProcessName":"NtLmSsp ","AuthenticationPackageName":"NTLM","WorkstationName":"Fwwp5CD20dR8QrIo","TransmittedServices":"-","LmPackageName":"-","KeyLength":0,"ProcessId":"0x0","ProcessName":"-","IpAddress":"192.168.198.149","IpPort":"50921"}}}
{"Event_attributes":{"xmlns":"http://schemas.microsoft.com/win/2004/08/events/event"},"Event":{"System":{"Provider_attributes":{"Name":"Microsoft-Windows-Security-Auditing","Guid":"54849625-5478-4994-A5BA-3E3B0328C30D"},"EventID":4625,"Version":0,"Level":0,"Task":12544,"Opcode":0,"Keywords":"0x8010000000000000","TimeCreated_attributes":{"SystemTime":"2016-09-19T16:50:39.329191Z"},"EventRecordID":3192,"Correlation_attributes":{"ActivityID":"B864D168-0B7B-0000-89D1-64B87B0BD201"},"Execution_attributes":{"ProcessID":752,"ThreadID":4068},"Channel":"Security","Computer":"DESKTOP-M5SN04R","Security":null},"EventData":{"SubjectUserSid":"S-1-0-0","SubjectUserName":"-","SubjectDomainName":"-","SubjectLogonId":"0x0","TargetUserSid":"S-1-0-0","TargetUserName":"Administrator","TargetDomainName":".","Status":"0xc000006d","FailureReason":"%%2313","SubStatus":"0xc000006a","LogonType":3,"LogonProcessName":"NtLmSsp ","AuthenticationPackageName":"NTLM","WorkstationName":"tL6GzVzndZL7DZMN","TransmittedServices":"-","LmPackageName":"-","KeyLength":0,"ProcessId":"0x0","ProcessName":"-","IpAddress":"192.168.198.149","IpPort":"36045"}}}
{"Event_attributes":{"xmlns":"http://schemas.microsoft.com/win/2004/08/events/event"},"Event":{"System":{"Provider_attributes":{"Name":"Microsoft-Windows-Security-Auditing","Guid":"54849625-5478-4994-A5BA-3E3B0328C30D"},"EventID":4625,"Version":0,"Level":0,"Task":12544,"Opcode":0,"Keywords":"0x8010000000000000","TimeCreated_attributes":{"SystemTime":"2016-09-19T16:50:39.371195Z"},"EventRecordID":3193,"Correlation_attributes":{"ActivityID":"B864D168-0B7B-0000-89D1-64B87B0BD201"},"Execution_attributes":{"ProcessID":752,"ThreadID":4068},"Channel":"Security","Computer":"DESKTOP-M5SN04R","Security":null},"EventData":{"SubjectUserSid":"S-1-0-0","SubjectUserName":"-","SubjectDomainName":"-","SubjectLogonId":"0x0","TargetUserSid":"S-1-0-0","TargetUserName":"Administrator","TargetDomainName":".","Status":"0xc000006d","FailureReason":"%%2313","SubStatus":"0xc000006a","LogonType":3,"LogonProcessName":"NtLmSsp ","AuthenticationPackageName":"NTLM","WorkstationName":"zK5IpESvDA2DexwL","TransmittedServices":"-","LmPackageName":"-","KeyLength":0,"ProcessId":"0x0","ProcessName":"-","IpAddress":"192.168.198.149","IpPort":"34236"}}}
{"Event_attributes":{"xmlns":"http://schemas.microsoft.com/win/2004/08/events/event"},"Event":{"System":{"Provider_attributes":{"Name":"Microsoft-Windows-Security-Auditing","Guid":"54849625-5478-4994-A5BA-3E3B0328C30D"},"EventID":4625,"Version":0,"Level":0,"Task":12544,"Opcode":0,"Keywords":"0x8010000000000000","TimeCreated_attributes":{"SystemTime":"2016-09-19T16:50:39.404095Z"},"EventRecordID":3194,"Correlation_attributes":{"ActivityID":"B864D168-0B7B-0000-89D1-64B87B0BD201"},"Execution_attributes":{"ProcessID":752,"ThreadID":2828},"Channel":"Security","Computer":"DESKTOP-M5SN04R","Security":null},"EventData":{"SubjectUserSid":"S-1-0-0","SubjectUserName":"-","SubjectDomainName":"-","SubjectLogonId":"0x0","TargetUserSid":"S-1-0-0","TargetUserName":"Administrator","TargetDomainName":".","Status":"0xc000006d","FailureReason":"%%2313","SubStatus":"0xc000006a","LogonType":3,"LogonProcessName":"NtLmSsp ","AuthenticationPackageName":"NTLM","WorkstationName":"qvTyabCyGaxscOrN","TransmittedServices":"-","LmPackageName":"-","KeyLength":0,"ProcessId":"0x0","ProcessName":"-","IpAddress":"192.168.198.149","IpPort":"40201"}}}
{"Event_attributes":{"xmlns":"http://schemas.microsoft.com/win/2004/08/events/event"},"Event":{"System":{"Provider_attributes":{"Name":"Microsoft-Windows-Security-Auditing","Guid":"54849625-5478-4994-A5BA-3E3B0328C30D"},"EventID":4625,"Version":0,"Level":0,"Task":12544,"Opcode":0,"Keywords":"0x8010000000000000","TimeCreated_attributes":{"SystemTime":"2016-09-19T16:50:39.437524Z"},"EventRecordID":3195,"Correlation_attributes":{"ActivityID":"B864D168-0B7B-0000-89D1-64B87B0BD201"},"Execution_attributes":{"ProcessID":752,"ThreadID":2828},"Channel":"Security","Computer":"DESKTOP-M5SN04R","Security":null},"EventData":{"SubjectUserSid":"S-1-0-0","SubjectUserName":"-","SubjectDomainName":"-","SubjectLogonId":"0x0","TargetUserSid":"S-1-0-0","TargetUserName":"Administrator","TargetDomainName":".","Status":"0xc000006d","FailureReason":"%%2313","SubStatus":"0xc000006a","LogonType":3,"LogonProcessName":"NtLmSsp ","AuthenticationPackageName":"NTLM","WorkstationName":"FW8VghddPwP5C6dO","TransmittedServices":"-","LmPackageName":"-","KeyLength":0,"ProcessId":"0x0","ProcessName":"-","IpAddress":"192.168.198.149","IpPort":"60951"}}}
{"Event_attributes":{"xmlns":"http://schemas.microsoft.com/win/2004/08/events/event"},"Event":{"System":{"Provider_attributes":{"Name":"Microsoft-Windows-Security-Auditing","Guid":"54849625-5478-4994-A5BA-3E3B0328C30D"},"EventID":4625,"Version":0,"Level":0,"Task":12544,"Opcode":0,"Keywords":"0x8010000000000000","TimeCreated_attributes":{"SystemTime":"2016-09-19T16:50:39.476142Z"},"EventRecordID":3196,"Correlation_attributes":{"ActivityID":"B864D168-0B7B-0000-89D1-64B87B0BD201"},"Execution_attributes":{"ProcessID":752,"ThreadID":4068},"Channel":"Security","Computer":"DESKTOP-M5SN04R","Security":null},"EventData":{"SubjectUserSid":"S-1-0-0","SubjectUserName":"-","SubjectDomainName":"-","SubjectLogonId":"0x0","TargetUserSid":"S-1-0-0","TargetUserName":"Administrator","TargetDomainName":".","Status":"0xc000006d","FailureReason":"%%2313","SubStatus":"0xc000006a","LogonType":3,"LogonProcessName":"NtLmSsp ","AuthenticationPackageName":"NTLM","WorkstationName":"xGZuyZ0LErZ3Sgty","TransmittedServices":"-","LmPackageName":"-","KeyLength":0,"ProcessId":"0x0","ProcessName":"-","IpAddress":"192.168.198.149","IpPort":"50824"}}}
{"Event_attributes":{"xmlns":"http://schemas.microsoft.com/win/2004/08/events/event"},"Event":{"System":{"Provider_attributes":{"Name":"Microsoft-Windows-Security-Auditing","Guid":"54849625-5478-4994-A5BA-3E3B0328C30D"},"EventID":4625,"Version":0,"Level":0,"Task":12544,"Opcode":0,"Keywords":"0x8010000000000000","TimeCreated_attributes":{"SystemTime":"2016-09-19T16:50:39.515200Z"},"EventRecordID":3197,"Correlation_attributes":{"ActivityID":"B864D168-0B7B-0000-89D1-64B87B0BD201"},"Execution_attributes":{"ProcessID":752,"ThreadID":4068},"Channel":"Security","Computer":"DESKTOP-M5SN04R","Security":null},"EventData":{"SubjectUserSid":"S-1-0-0","SubjectUserName":"-","SubjectDomainName":"-","SubjectLogonId":"0x0","TargetUserSid":"S-1-0-0","TargetUserName":"Administrator","TargetDomainName":".","Status":"0xc000006d","FailureReason":"%%2313","SubStatus":"0xc000006a","LogonType":3,"LogonProcessName":"NtLmSsp ","AuthenticationPackageName":"NTLM","WorkstationName":"bT1xrvfndr5R8Vg3","TransmittedServices":"-","LmPackageName":"-","KeyLength":0,"ProcessId":"0x0","ProcessName":"-","IpAddress":"192.168.198.149","IpPort":"59384"}}}
{"Event_attributes":{"xmlns":"http://schemas.microsoft.com/win/2004/08/events/event"},"Event":{"System":{"Provider_attributes":{"Name":"Microsoft-Windows-Security-Auditing","Guid":"54849625-5478-4994-A5BA-3E3B0328C30D"},"EventID":4625,"Version":0,"Level":0,"Task":12544,"Opcode":0,"Keywords":"0x8010000000000000","TimeCreated_attributes":{"SystemTime":"2016-09-19T16:50:39.560157Z"},"EventRecordID":3198,"Correlation_attributes":{"ActivityID":"B864D168-0B7B-0000-89D1-64B87B0BD201"},"Execution_attributes":{"ProcessID":752,"ThreadID":2828},"Channel":"Security","Computer":"DESKTOP-M5SN04R","Security":null},"EventData":{"SubjectUserSid":"S-1-0-0","SubjectUserName":"-","SubjectDomainName":"-","SubjectLogonId":"0x0","TargetUserSid":"S-1-0-0","TargetUserName":"Administrator","TargetDomainName":".","Status":"0xc000006d","FailureReason":"%%2313","SubStatus":"0xc000006a","LogonType":3,"LogonProcessName":"NtLmSsp ","AuthenticationPackageName":"NTLM","WorkstationName":"H6RFTZVJE9remzqs","TransmittedServices":"-","LmPackageName":"-","KeyLength":0,"ProcessId":"0x0","ProcessName":"-","IpAddress":"192.168.198.149","IpPort":"34004"}}}
{"Event_attributes":{"xmlns":"http://schemas.microsoft.com/win/2004/08/events/event"},"Event":{"System":{"Provider_attributes":{"Name":"Microsoft-Windows-Security-Auditing","Guid":"54849625-5478-4994-A5BA-3E3B0328C30D"},"EventID":4625,"Version":0,"Level":0,"Task":12544,"Opcode":0,"Keywords":"0x8010000000000000","TimeCreated_attributes":{"SystemTime":"2016-09-19T16:50:39.599245Z"},"EventRecordID":3199,"Correlation_attributes":{"ActivityID":"B864D168-0B7B-0000-89D1-64B87B0BD201"},"Execution_attributes":{"ProcessID":752,"ThreadID":2828},"Channel":"Security","Computer":"DESKTOP-M5SN04R","Security":null},"EventData":{"SubjectUserSid":"S-1-0-0","SubjectUserName":"-","SubjectDomainName":"-","SubjectLogonId":"0x0","TargetUserSid":"S-1-0-0","TargetUserName":"Administrator","TargetDomainName":".","Status":"0xc000006d","FailureReason":"%%2313","SubStatus":"0xc000006a","LogonType":3,"LogonProcessName":"NtLmSsp ","AuthenticationPackageName":"NTLM","WorkstationName":"pzjwzORvTwuBPLEs","TransmittedServices":"-","LmPackageName":"-","KeyLength":0,"ProcessId":"0x0","ProcessName":"-","IpAddress":"192.168.198.149","IpPort":"54491"}}}
{"Event_attributes":{"xmlns":"http://schemas.microsoft.com/win/2004/08/events/event"},"Event":{"System":{"Provider_attributes":{"Name":"Microsoft-Windows-Security-Auditing","Guid":"54849625-5478-4994-A5BA-3E3B0328C30D"},"EventID":4625,"Version":0,"Level":0,"Task":12544,"Opcode":0,"Keywords":"0x8010000000000000","TimeCreated_attributes":{"SystemTime":"2016-09-19T16:50:39.644183Z"},"EventRecordID":3200,"Correlation_attributes":{"ActivityID":"B864D168-0B7B-0000-89D1-64B87B0BD201"},"Execution_attributes":{"ProcessID":752,"ThreadID":4068},"Channel":"Security","Computer":"DESKTOP-M5SN04R","Security":null},"EventData":{"SubjectUserSid":"S-1-0-0","SubjectUserName":"-","SubjectDomainName":"-","SubjectLogonId":"0x0","TargetUserSid":"S-1-0-0","TargetUserName":"Administrator","TargetDomainName":".","Status":"0xc000006d","FailureReason":"%%2313","SubStatus":"0xc000006a","LogonType":3,"LogonProcessName":"NtLmSsp ","AuthenticationPackageName":"NTLM","WorkstationName":"UMjSFfZ88BV2sT1F","TransmittedServices":"-","LmPackageName":"-","KeyLength":0,"ProcessId":"0x0","ProcessName":"-","IpAddress":"192.168.198.149","IpPort":"53864"}}}
{"Event_attributes":{"xmlns":"http://schemas.microsoft.com/win/2004/08/events/event"},"Event":{"System":{"Provider_attributes":{"Name":"Microsoft-Windows-Security-Auditing","Guid":"54849625-5478-4994-A5BA-3E3B0328C30D"},"EventID":4625,"Version":0,"Level":0,"Task":12544,"Opcode":0,"Keywords":"0x8010000000000000","TimeCreated_attributes":{"SystemTime":"2016-09-19T16:50:39.681164Z"},"EventRecordID":3201,"Correlation_attributes":{"ActivityID":"B864D168-0B7B-0000-89D1-64B87B0BD201"},"Execution_attributes":{"ProcessID":752,"ThreadID":4068},"Channel":"Security","Computer":"DESKTOP-M5SN04R","Security":null},"EventData":{"SubjectUserSid":"S-1-0-0","SubjectUserName":"-","SubjectDomainName":"-","SubjectLogonId":"0x0","TargetUserSid":"S-1-0-0","TargetUserName":"Administrator","TargetDomainName":".","Status":"0xc000006d","FailureReason":"%%2313","SubStatus":"0xc000006a","LogonType":3,"LogonProcessName":"NtLmSsp ","AuthenticationPackageName":"NTLM","WorkstationName":"SnpCLI2EJZRhr3vz","TransmittedServices":"-","LmPackageName":"-","KeyLength":0,"ProcessId":"0x0","ProcessName":"-","IpAddress":"192.168.198.149","IpPort":"46430"}}}
{"Event_attributes":{"xmlns":"http://schemas.microsoft.com/win/2004/08/events/event"},"Event":{"System":{"Provider_attributes":{"Name":"Microsoft-Windows-Security-Auditing","Guid":"54849625-5478-4994-A5BA-3E3B0328C30D"},"EventID":4625,"Version":0,"Level":0,"Task":12544,"Opcode":0,"Keywords":"0x8010000000000000","TimeCreated_attributes":{"SystemTime":"2016-09-19T16:50:39.724122Z"},"EventRecordID":3202,"Correlation_attributes":{"ActivityID":"B864D168-0B7B-0000-89D1-64B87B0BD201"},"Execution_attributes":{"ProcessID":752,"ThreadID":2828},"Channel":"Security","Computer":"DESKTOP-M5SN04R","Security":null},"EventData":{"SubjectUserSid":"S-1-0-0","SubjectUserName":"-","SubjectDomainName":"-","SubjectLogonId":"0x0","TargetUserSid":"S-1-0-0","TargetUserName":"Administrator","TargetDomainName":".","Status":"0xc000006d","FailureReason":"%%2313","SubStatus":"0xc000006a","LogonType":3,"LogonProcessName":"NtLmSsp ","AuthenticationPackageName":"NTLM","WorkstationName":"ztEU2m9SwbqgSdVY","TransmittedServices":"-","LmPackageName":"-","KeyLength":0,"ProcessId":"0x0","ProcessName":"-","IpAddress":"192.168.198.149","IpPort":"49747"}}}
