{"Event_attributes":{"xmlns":"http://schemas.microsoft.com/win/2004/08/events/event"},"Event":{"System":{"Provider_attributes":{"Name":"Microsoft-Windows-Security-Auditing","Guid":"54849625-5478-4994-A5BA-3E3B0328C30D"},"EventID":4625,"Version":0,"Level":0,"Task":12544,"Opcode":0,"Keywords":"0x8010000000000000","TimeCreated_attributes":{"SystemTime":"2016-09-19T16:51:03.387520Z"},"EventRecordID":3731,"Correlation_attributes":{"ActivityID":"B864D168-0B7B-0000-89D1-64B87B0BD201"},"Execution_attributes":{"ProcessID":752,"ThreadID":2828},"Channel":"Security","Computer":"DESKTOP-M5SN04R","Security":null},"EventData":{"SubjectUserSid":"S-1-0-0","SubjectUserName":"-","SubjectDomainName":"-","SubjectLogonId":"0x0","TargetUserSid":"S-1-0-0","TargetUserName":"Administrator","TargetDomainName":".","Status":"0xc000006d","FailureReason":"%%2313","SubStatus":"0xc000006a","LogonType":3,"LogonProcessName":"NtLmSsp ","AuthenticationPackageName":"NTLM","WorkstationName":"KGTTiJSkErjzoUUC","TransmittedServices":"-","LmPackageName":"-","KeyLength":0,"ProcessId":"0x0","ProcessName":"-","IpAddress":"192.168.198.149","IpPort":"56985"}}}
{"Event_attributes":{"xmlns":"http://schemas.microsoft.com/win/2004/08/events/event"},"Event":{"System":{"Provider_attributes":{"Name":"Microsoft-Windows-Security-Auditing","Guid":"54849625-5478-4994-A5BA-3E3B0328C30D"},"EventID":4625,"Version":0,"Level":0,"Task":12544,"Opcode":0,"Keywords":"0x8010000000000000","TimeCreated_attributes":{"SystemTime":"2016-09-19T16:51:03.424622Z"},"EventRecordID":3732,"Correlation_attributes":{"ActivityID":"B864D168-0B7B-0000-89D1-64B87B0BD201"},"Execution_attributes":{"ProcessID":752,"ThreadID":2828},"Channel":"Security","Computer":"DESKTOP-M5SN04R","Security":null},"EventData":{"SubjectUserSid":"S-1-0-0","SubjectUserName":"-","SubjectDomainName":"-","SubjectLogonId":"0x0","TargetUserSid":"S-1-0-0","TargetUserName":"Administrator","TargetDomainName":".","Status":"0xc000006d","FailureReason":"%%2313","SubStatus":"0xc000006a","LogonType":3,"LogonProcessName":"NtLmSsp ","AuthenticationPackageName":"NTLM","WorkstationName":"xyzZwNLltF0cYnai","TransmittedServices":"-","LmPackageName":"-","KeyLength":0,"ProcessId":"0x0","ProcessName":"-","IpAddress":"192.168.198.149","IpPort":"54849"}}}
{"Event_attributes":{"xmlns":"http://schemas.microsoft.com/win/2004/08/events/event"},"Event":{"System":{"Provider_attributes":{"Name":"Microsoft-Windows-Security-Auditing","Guid":"54849625-5478-4994-A5BA-3E3B0328C30D"},"EventID":4625,"Version":0,"Level":0,"Task":12544,"Opcode":0,"Keywords":"0x8010000000000000","TimeCreated_attributes":{"SystemTime":"2016-09-19T16:51:03.464502Z"},"EventRecordID":3733,"Correlation_attributes":{"ActivityID":"B864D168-0B7B-0000-89D1-64B87B0BD201"},"Execution_attributes":{"ProcessID":752,"ThreadID":4068},"Channel":"Security","Computer":"DESKTOP-M5SN04R","Security":null},"EventData":{"SubjectUserSid":"S-1-0-0","SubjectUserName":"-","SubjectDomainName":"-","SubjectLogonId":"0x0","TargetUserSid":"S-1-0-0","TargetUserName":"Administrator","TargetDomainName":".","Status":"0xc000006d","FailureReason":"%%2313","SubStatus":"0xc000006a","LogonType":3,"LogonProcessName":"NtLmSsp ","AuthenticationPackageName":"NTLM","WorkstationName":"gYWVQ6mCqyBfDm3m","TransmittedServices":"-","LmPackageName":"-","KeyLength":0,"ProcessId":"0x0","ProcessName":"-","IpAddress":"192.168.198.149","IpPort":"33299"}}}
{"Event_attributes":{"xmlns":"http://schemas.microsoft.com/win/2004/08/events/event"},"Event":{"System":{"Provider_attributes":{"Name":"Microsoft-Windows-Security-Auditing","Guid":"54849625-5478-4994-A5BA-3E3B0328C30D"},"EventID":4625,"Version":0,"Level":0,"Task":12544,"Opcode":0,"Keywords":"0x8010000000000000","TimeCreated_attributes":{"SystemTime":"2016-09-19T16:51:03.505525Z"},"EventRecordID":3734,"Correlation_attributes":{"ActivityID":"B864D168-0B7B-0000-89D1-64B87B0BD201"},"Execution_attributes":{"ProcessID":752,"ThreadID":4068},"Channel":"Security","Computer":"DESKTOP-M5SN04R","Security":null},"EventData":{"SubjectUserSid":"S-1-0-0","SubjectUserName":"-","SubjectDomainName":"-","SubjectLogonId":"0x0","TargetUserSid":"S-1-0-0","TargetUserName":"Administrator","TargetDomainName":".","Status":"0xc000006d","FailureReason":"%%2313","SubStatus":"0xc000006a","LogonType":3,"LogonProcessName":"NtLmSsp ","AuthenticationPackageName":"NTLM","WorkstationName":"rg2x2lv9JeS5Bb6l","TransmittedServices":"-","LmPackageName":"-","KeyLength":0,"ProcessId":"0x0","ProcessName":"-","IpAddress":"192.168.198.149","IpPort":"52022"}}}
{"Event_attributes":{"xmlns":"http://schemas.microsoft.com/win/2004/08/events/event"},"Event":{"System":{"Provider_attributes":{"Name":"Microsoft-Windows-Security-Auditing","Guid":"54849625-5478-4994-A5BA-3E3B0328C30D"},"EventID":4625,"Version":0,"Level":0,"Task":12544,"Opcode":0,"Keywords":"0x8010000000000000","TimeCreated_attributes":{"SystemTime":"2016-09-19T16:51:03.536866Z"},"EventRecordID":3735,"Correlation_attributes":{"ActivityID":"B864D168-0B7B-0000-89D1-64B87B0BD201"},"Execution_attributes":{"ProcessID":752,"ThreadID":2828},"Channel":"Security","Computer":"DESKTOP-M5SN04R","Security":null},"EventData":{"SubjectUserSid":"S-1-0-0","SubjectUserName":"-","SubjectDomainName":"-","SubjectLogonId":"0x0","TargetUserSid":"S-1-0-0","TargetUserName":"Administrator","TargetDomainName":".","Status":"0xc000006d","FailureReason":"%%2313","SubStatus":"0xc000006a","LogonType":3,"LogonProcessName":"NtLmSsp ","AuthenticationPackageName":"NTLM","WorkstationName":"fU28NKC3WYxFGbMN","TransmittedServices":"-","LmPackageName":"-","KeyLength":0,"ProcessId":"0x0","ProcessName":"-","IpAddress":"192.168.198.149","IpPort":"43124"}}}
{"Event_attributes":{"xmlns":"http://schemas.microsoft.com/win/2004/08/events/event"},"Event":{"System":{"Provider_attributes":{"Name":"Microsoft-Windows-Security-Auditing","Guid":"54849625-5478-4994-A5BA-3E3B0328C30D"},"EventID":4625,"Version":0,"Level":0,"Task":12544,"Opcode":0,"Keywords":"0x8010000000000000","TimeCreated_attributes":{"SystemTime":"2016-09-19T16:51:03.580559Z"},"EventRecordID":3736,"Correlation_attributes":{"ActivityID":"B864D168-0B7B-0000-89D1-64B87B0BD201"},"Execution_attributes":{"ProcessID":752,"ThreadID":2828},"Channel":"Security","Computer":"DESKTOP-M5SN04R","Security":null},"EventData":{"SubjectUserSid":"S-1-0-0","SubjectUserName":"-","SubjectDomainName":"-","SubjectLogonId":"0x0","TargetUserSid":"S-1-0-0","TargetUserName":"Administrator","TargetDomainName":".","Status":"0xc000006d","FailureReason":"%%2313","SubStatus":"0xc000006a","LogonType":3,"LogonProcessName":"NtLmSsp ","AuthenticationPackageName":"NTLM","WorkstationName":"EUWDXgnogGDXizWj","TransmittedServices":"-","LmPackageName":"-","KeyLength":0,"ProcessId":"0x0","ProcessName":"-","IpAddress":"192.168.198.149","IpPort":"58640"}}}
{"Event_attributes":{"xmlns":"http://schemas.microsoft.com/win/2004/08/events/event"},"Event":{"System":{"Provider_attributes":{"Name":"Microsoft-Windows-Security-Auditing","Guid":"54849625-5478-4994-A5BA-3E3B0328C30D"},"EventID":4625,"Version":0,"Level":0,"Task":12544,"Opcode":0,"Keywords":"0x8010000000000000","TimeCreated_attributes":{"SystemTime":"2016-09-19T16:51:03.629694Z"},"EventRecordID":3737,"Correlation_attributes":{"ActivityID":"B864D168-0B7B-0000-89D1-64B87B0BD201"},"Execution_attributes":{"ProcessID":752,"ThreadID":4068},"Channel":"Security","Computer":"DESKTOP-M5SN04R","Security":null},"EventData":{"SubjectUserSid":"S-1-0-0","SubjectUserName":"-","SubjectDomainName":"-","SubjectLogonId":"0x0","TargetUserSid":"S-1-0-0","TargetUserName":"Administrator","TargetDomainName":".","Status":"0xc000006d","FailureReason":"%%2313","SubStatus":"0xc000006a","LogonType":3,"LogonProcessName":"NtLmSsp ","AuthenticationPackageName":"NTLM","WorkstationName":"IXhAtnNcQKOIsuGS","TransmittedServices":"-","LmPackageName":"-","KeyLength":0,"ProcessId":"0x0","ProcessName":"-","IpAddress":"192.168.198.149","IpPort":"36758"}}}
{"Event_attributes":{"xmlns":"http://schemas.microsoft.com/win/2004/08/events/event"},"Event":{"System":{"Provider_attributes":{"Name":"Microsoft-Windows-Security-Auditing","Guid":"54849625-5478-4994-A5BA-3E3B0328C30D"},"EventID":4625,"Version":0,"Level":0,"Task":12544,"Opcode":0,"Keywords":"0x8010000000000000","TimeCreated_attributes":{"SystemTime":"2016-09-19T16:51:03.672817Z"},"EventRecordID":3738,"Correlation_attributes":{"ActivityID":"B864D168-0B7B-0000-89D1-64B87B0BD201"},"Execution_attributes":{"ProcessID":752,"ThreadID":4068},"Channel":"Security","Computer":"DESKTOP-M5SN04R","Security":null},"EventData":{"SubjectUserSid":"S-1-0-0","SubjectUserName":"-","SubjectDomainName":"-","SubjectLogonId":"0x0","TargetUserSid":"S-1-0-0","TargetUserName":"Administrator","TargetDomainName":".","Status":"0xc000006d","FailureReason":"%%2313","SubStatus":"0xc000006a","LogonType":3,"LogonProcessName":"NtLmSsp ","AuthenticationPackageName":"NTLM","WorkstationName":"cKfrJwI3OGdjL4af","TransmittedServices":"-","LmPackageName":"-","KeyLength":0,"ProcessId":"0x0","ProcessName":"-","IpAddress":"192.168.198.149","IpPort":"40342"}}}
{"Event_attributes":{"xmlns":"http://schemas.microsoft.com/win/2004/08/events/event"},"Event":{"System":{"Provider_attributes":{"Name":"Microsoft-Windows-Security-Auditing","Guid":"54849625-5478-4994-A5BA-3E3B0328C30D"},"EventID":4625,"Version":0,"Level":0,"Task":12544,"Opcode":0,"Keywords":"0x8010000000000000","TimeCreated_attributes":{"SystemTime":"2016-09-19T16:51:03.724632Z"},"EventRecordID":3739,"Correlation_attributes":{"ActivityID":"B864D168-0B7B-0000-89D1-64B87B0BD201"},"Execution_attributes":{"ProcessID":752,"ThreadID":2828},"Channel":"Security","Computer":"DESKTOP-M5SN04R","Security":null},"EventData":{"SubjectUserSid":"S-1-0-0","SubjectUserName":"-","SubjectDomainName":"-","SubjectLogonId":"0x0","TargetUserSid":"S-1-0-0","TargetUserName":"Administrator","TargetDomainName":".","Status":"0xc000006d","FailureReason":"%%2313","SubStatus":"0xc000006a","LogonType":3,"LogonProcessName":"NtLmSsp ","AuthenticationPackageName":"NTLM","WorkstationName":"VdekC160hU7YzrK9","TransmittedServices":"-","LmPackageName":"-","KeyLength":0,"ProcessId":"0x0","ProcessName":"-","IpAddress":"192.168.198.149","IpPort":"39938"}}}
{"Event_attributes":{"xmlns":"http://schemas.microsoft.com/win/2004/08/events/event"},"Event":{"System":{"Provider_attributes":{"Name":"Microsoft-Windows-Security-Auditing","Guid":"54849625-5478-4994-A5BA-3E3B0328C30D"},"EventID":4625,"Version":0,"Level":0,"Task":12544,"Opcode":0,"Keywords":"0x8010000000000000","TimeCreated_attributes":{"SystemTime":"2016-09-19T16:51:03.773619Z"},"EventRecordID":3740,"Correlation_attributes":{"ActivityID":"B864D168-0B7B-0000-89D1-64B87B0BD201"},"Execution_attributes":{"ProcessID":752,"ThreadID":2828},"Channel":"Security","Computer":"DESKTOP-M5SN04R","Security":null},"EventData":{"SubjectUserSid":"S-1-0-0","SubjectUserName":"-","SubjectDomainName":"-","SubjectLogonId":"0x0","TargetUserSid":"S-1-0-0","TargetUserName":"Administrator","TargetDomainName":".","Status":"0xc000006d","FailureReason":"%%2313","SubStatus":"0xc000006a","LogonType":3,"LogonProcessName":"NtLmSsp ","AuthenticationPackageName":"NTLM","WorkstationName":"enOBuzd6jwu8rZCH","TransmittedServices":"-","LmPackageName":"-","KeyLength":0,"ProcessId":"0x0","ProcessName":"-","IpAddress":"192.168.198.149","IpPort":"58710"}}}
{"Event_attributes":{"xmlns":"http://schemas.microsoft.com/win/2004/08/events/event"},"Event":{"System":{"Provider_attributes":{"Name":"Microsoft-Windows-Security-Auditing","Guid":"54849625-5478-4994-A5BA-3E3B0328C30D"},"EventID":4625,"Version":0,"Level":0,"Task":12544,"Opcode":0,"Keywords":"0x8010000000000000","TimeCreated_attributes":{"SystemTime":"2016-09-19T16:51:03.812593Z"},"EventRecordID":3741,"Correlation_attributes":{"ActivityID":"B864D168-0B7B-0000-89D1-64B87B0BD201"},"Execution_attributes":{"ProcessID":752,"ThreadID":2828},"Channel":"Security","Computer":"DESKTOP-M5SN04R","Security":null},"EventData":{"SubjectUserSid":"S-1-0-0","SubjectUserName":"-","SubjectDomainName":"-","SubjectLogonId":"0x0","TargetUserSid":"S-1-0-0","TargetUserName":"Administrator","TargetDomainName":".","Status":"0xc000006d","FailureReason":"%%2313","SubStatus":"0xc000006a","LogonType":3,"LogonProcessName":"NtLmSsp ","AuthenticationPackageName":"NTLM","WorkstationName":"eAjLjDlZSps5D49t","TransmittedServices":"-","LmPackageName":"-","KeyLength":0,"ProcessId":"0x0","ProcessName":"-","IpAddress":"192.168.198.149","IpPort":"41391"}}}
{"Event_attributes":{"xmlns":"http://schemas.microsoft.com/win/2004/08/events/event"},"Event":{"System":{"Provider_attributes":{"Name":"Microsoft-Windows-Security-Auditing","Guid":"54849625-5478-4994-A5BA-3E3B0328C30D"},"EventID":4625,"Version":0,"Level":0,"Task":12544,"Opcode":0,"Keywords":"0x8010000000000000","TimeCreated_attributes":{"SystemTime":"2016-09-19T16:51:03.844608Z"},"EventRecordID":3742,"Correlation_attributes":{"ActivityID":"B864D168-0B7B-0000-89D1-64B87B0BD201"},"Execution_attributes":{"ProcessID":752,"ThreadID":4068},"Channel":"Security","Computer":"DESKTOP-M5SN04R","Security":null},"EventData":{"SubjectUserSid":"S-1-0-0","SubjectUserName":"-","SubjectDomainName":"-","SubjectLogonId":"0x0","TargetUserSid":"S-1-0-0","TargetUserName":"Administrator","TargetDomainName":".","Status":"0xc000006d","FailureReason":"%%2313","SubStatus":"0xc000006a","LogonType":3,"LogonProcessName":"NtLmSsp ","AuthenticationPackageName":"NTLM","WorkstationName":"rY6CONLBVygSTnY5","TransmittedServices":"-","LmPackageName":"-","KeyLength":0,"ProcessId":"0x0","ProcessName":"-","IpAddress":"192.168.198.149","IpPort":"51234"}}}
{"Event_attributes":{"xmlns":"http://schemas.microsoft.com/win/2004/08/events/event"},"Event":{"System":{"Provider_attributes":{"Name":"Microsoft-Windows-Security-Auditing","Guid":"54849625-5478-4994-A5BA-3E3B0328C30D"},"EventID":4625,"Version":0,"Level":0,"Task":12544,"Opcode":0,"Keywords":"0x8010000000000000","TimeCreated_attributes":{"SystemTime":"2016-09-19T16:51:03.883514Z"},"EventRecordID":3743,"Correlation_attributes":{"ActivityID":"B864D168-0B7B-0000-89D1-64B87B0BD201"},"Execution_attributes":{"ProcessID":752,"ThreadID":4068},"Channel":"Security","Computer":"DESKTOP-M5SN04R","Security":null},"EventData":{"SubjectUserSid":"S-1-0-0","SubjectUserName":"-","SubjectDomainName":"-","SubjectLogonId":"0x0","TargetUserSid":"S-1-0-0","TargetUserName":"Administrator","TargetDomainName":".","Status":"0xc000006d","FailureReason":"%%2313","SubStatus":"0xc000006a","LogonType":3,"LogonProcessName":"NtLmSsp ","AuthenticationPackageName":"NTLM","WorkstationName":"6FIHgz2yqqbD9zfV","TransmittedServices":"-","LmPackageName":"-","KeyLength":0,"ProcessId":"0x0","ProcessName":"-","IpAddress":"192.168.198.149","IpPort":"44391"}}}
{"Event_attributes":{"xmlns":"http://schemas.microsoft.com/win/2004/08/events/event"},"Event":{"System":{"Provider_attributes":{"Name":"Microsoft-Windows-Security-Auditing","Guid":"54849625-5478-4994-A5BA-3E3B0328C30D"},"EventID":4625,"Version":0,"Level":0,"Task":12544,"Opcode":0,"Keywords":"0x8010000000000000","TimeCreated_attributes":{"SystemTime":"2016-09-19T16:51:03.918721Z"},"EventRecordID":3744,"Correlation_attributes":{"ActivityID":"B864D168-0B7B-0000-89D1-64B87B0BD201"},"Execution_attributes":{"ProcessID":752,"ThreadID":2828},"Channel":"Security","Computer":"DESKTOP-M5SN04R","Security":null},"EventData":{"SubjectUserSid":"S-1-0-0","SubjectUserName":"-","SubjectDomainName":"-","SubjectLogonId":"0x0","TargetUserSid":"S-1-0-0","TargetUserName":"Administrator","TargetDomainName":".","Status":"0xc000006d","FailureReason":"%%2313","SubStatus":"0xc000006a","LogonType":3,"LogonProcessName":"NtLmSsp ","AuthenticationPackageName":"NTLM","WorkstationName":"d82RRXgSmZdnfa8I","TransmittedServices":"-","LmPackageName":"-","KeyLength":0,"ProcessId":"0x0","ProcessName":"-","IpAddress":"192.168.198.149","IpPort":"52665"}}}
{"Event_attributes":{"xmlns":"http://schemas.microsoft.com/win/2004/08/events/event"},"Event":{"System":{"Provider_attributes":{"Name":"Microsoft-Windows-Security-Auditing","Guid":"54849625-5478-4994-A5BA-3E3B0328C30D"},"EventID":4625,"Version":0,"Level":0,"Task":12544,"Opcode":0,"Keywords":"0x8010000000000000","TimeCreated_attributes":{"SystemTime":"2016-09-19T16:51:03.968527Z"},"EventRecordID":3745,"Correlation_attributes":{"ActivityID":"B864D168-0B7B-0000-89D1-64B87B0BD201"},"Execution_attributes":{"ProcessID":752,"ThreadID":2828},"Channel":"Security","Computer":"DESKTOP-M5SN04R","Security":null},"EventData":{"SubjectUserSid":"S-1-0-0","SubjectUserName":"-","SubjectDomainName":"-","SubjectLogonId":"0x0","TargetUserSid":"S-1-0-0","TargetUserName":"Administrator","TargetDomainName":".","Status":"0xc000006d","FailureReason":"%%2313","SubStatus":"0xc000006a","LogonType":3,"LogonProcessName":"NtLmSsp ","AuthenticationPackageName":"NTLM","WorkstationName":"xA3ZWnWc9CoGeKpm","TransmittedServices":"-","LmPackageName":"-","KeyLength":0,"ProcessId":"0x0","ProcessName":"-","IpAddress":"192.168.198.149","IpPort":"52845"}}}
{"Event_attributes":{"xmlns":"http://schemas.microsoft.com/win/2004/08/events/event"},"Event":{"System":{"Provider_attributes":{"Name":"Microsoft-Windows-Security-Auditing","Guid":"54849625-5478-4994-A5BA-3E3B0328C30D"},"EventID":4625,"Version":0,"Level":0,"Task":12544,"Opcode":0,"Keywords":"0x8010000000000000","TimeCreated_attributes":{"SystemTime":"2016-09-19T16:51:04.008648Z"},"EventRecordID":3746,"Correlation_attributes":{"ActivityID":"B864D168-0B7B-0000-89D1-64B87B0BD201"},"Execution_attributes":{"ProcessID":752,"ThreadID":2828},"Channel":"Security","Computer":"DESKTOP-M5SN04R","Security":null},"EventData":{"SubjectUserSid":"S-1-0-0","SubjectUserName":"-","SubjectDomainName":"-","SubjectLogonId":"0x0","TargetUserSid":"S-1-0-0","TargetUserName":"Administrator","TargetDomainName":".","Status":"0xc000006d","FailureReason":"%%2313","SubStatus":"0xc000006a","LogonType":3,"LogonProcessName":"NtLmSsp ","AuthenticationPackageName":"NTLM","WorkstationName":"FvSYKi8KvEtnmSbs","TransmittedServices":"-","LmPackageName":"-","KeyLength":0,"ProcessId":"0x0","ProcessName":"-","IpAddress":"192.168.198.149","IpPort":"53952"}}}
{"Event_attributes":{"xmlns":"http://schemas.microsoft.com/win/2004/08/events/event"},"Event":{"System":{"Provider_attributes":{"Name":"Microsoft-Windows-Security-Auditing","Guid":"54849625-5478-4994-A5BA-3E3B0328C30D"},"EventID":4625,"Version":0,"Level":0,"Task":12544,"Opcode":0,"Keywords":"0x8010000000000000","TimeCreated_attributes":{"SystemTime":"2016-09-19T16:51:04.056627Z"},"EventRecordID":3747,"Correlation_attributes":{"ActivityID":"B864D168-0B7B-0000-89D1-64B87B0BD201"},"Execution_attributes":{"ProcessID":752,"ThreadID":4068},"Channel":"Security","Computer":"DESKTOP-M5SN04R","Security":null},"EventData":{"SubjectUserSid":"S-1-0-0","SubjectUserName":"-","SubjectDomainName":"-","SubjectLogonId":"0x0","TargetUserSid":"S-1-0-0","TargetUserName":"Administrator","TargetDomainName":".","Status":"0xc000006d","FailureReason":"%%2313","SubStatus":"0xc000006a","LogonType":3,"LogonProcessName":"NtLmSsp ","AuthenticationPackageName":"NTLM","WorkstationName":"IvxXI1u0AwtNHNSU","TransmittedServices":"-","LmPackageName":"-","KeyLength":0,"ProcessId":"0x0","ProcessName":"-","IpAddress":"192.168.198.149","IpPort":"58672"}}}
{"Event_attributes":{"xmlns":"http://schemas.microsoft.com/win/2004/08/events/event"},"Event":{"System":{"Provider_attributes":{"Name":"Microsoft-Windows-Security-Auditing","Guid":"54849625-5478-4994-A5BA-3E3B0328C30D"},"EventID":4625,"Version":0,"Level":0,"Task":12544,"Opcode":0,"Keywords":"0x8010000000000000","TimeCreated_attributes":{"SystemTime":"2016-09-19T16:51:04.096606Z"},"EventRecordID":3748,"Correlation_attributes":{"ActivityID":"B864D168-0B7B-0000-89D1-64B87B0BD201"},"Execution_attributes":{"ProcessID":752,"ThreadID":2828},"Channel":"Security","Computer":"DESKTOP-M5SN04R","Security":null},"EventData":{"SubjectUserSid":"S-1-0-0","SubjectUserName":"-","SubjectDomainName":"-","SubjectLogonId":"0x0","TargetUserSid":"S-1-0-0","TargetUserName":"Administrator","TargetDomainName":".","Status":"0xc000006d","FailureReason":"%%2313","SubStatus":"0xc000006a","LogonType":3,"LogonProcessName":"NtLmSsp ","AuthenticationPackageName":"NTLM","WorkstationName":"OFIy6Cps3Rm87Kqf","TransmittedServices":"-","LmPackageName":"-","KeyLength":0,"ProcessId":"0x0","ProcessName":"-","IpAddress":"192.168.198.149","IpPort":"40978"}}}
{"Event_attributes":{"xmlns":"http://schemas.microsoft.com/win/2004/08/events/event"},"Event":{"System":{"Provider_attributes":{"Name":"Microsoft-Windows-Security-Auditing","Guid":"54849625-5478-4994-A5BA-3E3B0328C30D"},"EventID":4625,"Version":0,"Level":0,"Task":12544,"Opcode":0,"Keywords":"0x8010000000000000","TimeCreated_attributes":{"SystemTime":"2016-09-19T16:51:04.135606Z"},"EventRecordID":3749,"Correlation_attributes":{"ActivityID":"B864D168-0B7B-0000-89D1-64B87B0BD201"},"Execution_attributes":{"ProcessID":752,"ThreadID":4068},"Channel":"Security","Computer":"DESKTOP-M5SN04R","Security":null},"EventData":{"SubjectUserSid":"S-1-0-0","SubjectUserName":"-","SubjectDomainName":"-","SubjectLogonId":"0x0","TargetUserSid":"S-1-0-0","TargetUserName":"Administrator","TargetDomainName":".","Status":"0xc000006d","FailureReason":"%%2313","SubStatus":"0xc000006a","LogonType":3,"LogonProcessName":"NtLmSsp ","AuthenticationPackageName":"NTLM","WorkstationName":"slL3aPBnZl3lVJst","TransmittedServices":"-","LmPackageName":"-","KeyLength":0,"ProcessId":"0x0","ProcessName":"-","IpAddress":"192.168.198.149","IpPort":"58413"}}}
{"Event_attributes":{"xmlns":"http://schemas.microsoft.com/win/2004/08/events/event"},"Event":{"System":{"Provider_attributes":{"Name":"Microsoft-Windows-Security-Auditing","Guid":"54849625-5478-4994-A5BA-3E3B0328C30D"},"EventID":4625,"Version":0,"Level":0,"Task":12544,"Opcode":0,"Keywords":"0x8010000000000000","TimeCreated_attributes":{"SystemTime":"2016-09-19T16:51:04.171915Z"},"EventRecordID":3750,"Correlation_attributes":{"ActivityID":"B864D168-0B7B-0000-89D1-64B87B0BD201"},"Execution_attributes":{"ProcessID":752,"ThreadID":4068},"Channel":"Security","Computer":"DESKTOP-M5SN04R","Security":null},"EventData":{"SubjectUserSid":"S-1-0-0","SubjectUserName":"-","SubjectDomainName":"-","SubjectLogonId":"0x0","TargetUserSid":"S-1-0-0","TargetUserName":"Administrator","TargetDomainName":".","Status":"0xc000006d","FailureReason":"%%2313","SubStatus":"0xc000006a","LogonType":3,"LogonProcessName":"NtLmSsp ","AuthenticationPackageName":"NTLM","WorkstationName":"O98P1oP3AU4lZp2D","TransmittedServices":"-","LmPackageName":"-","KeyLength":0,"ProcessId":"0x0","ProcessName":"-","IpAddress":"192.168.198.149","IpPort":"53520"}}}
{"Event_attributes":{"xmlns":"http://schemas.microsoft.com/win/2004/08/events/event"},"Event":{"System":{"Provider_attributes":{"Name":"Microsoft-Windows-Security-Auditing","Guid":"54849625-5478-4994-A5BA-3E3B0328C30D"},"EventID":4625,"Version":0,"Level":0,"Task":12544,"Opcode":0,"Keywords":"0x8010000000000000","TimeCreated_attributes":{"SystemTime":"2016-09-19T16:51:04.217405Z"},"EventRecordID":3751,"Correlation_attributes":{"ActivityID":"B864D168-0B7B-0000-89D1-64B87B0BD201"},"Execution_attributes":{"ProcessID":752,"ThreadID":2828},"Channel":"Security","Computer":"DESKTOP-M5SN04R","Security":null},"EventData":{"SubjectUserSid":"S-1-0-0","SubjectUserName":"-","SubjectDomainName":"-","SubjectLogonId":"0x0","TargetUserSid":"S-1-0-0","TargetUserName":"Administrator","TargetDomainName":".","Status":"0xc000006d","FailureReason":"%%2313","SubStatus":"0xc000006a","LogonType":3,"LogonProcessName":"NtLmSsp ","AuthenticationPackageName":"NTLM","WorkstationName":"EZZ7wIJNZ0CG7fMs","TransmittedServices":"-","LmPackageName":"-","KeyLength":0,"ProcessId":"0x0","ProcessName":"-","IpAddress":"192.168.198.149","IpPort":"47826"}}}
{"Event_attributes":{"xmlns":"http://schemas.microsoft.com/win/2004/08/events/event"},"Event":{"System":{"Provider_attributes":{"Name":"Microsoft-Windows-Security-Auditing","Guid":"54849625-5478-4994-A5BA-3E3B0328C30D"},"EventID":4625,"Version":0,"Level":0,"Task":12544,"Opcode":0,"Keywords":"0x8010000000000000","TimeCreated_attributes":{"SystemTime":"2016-09-19T16:51:04.268533Z"},"EventRecordID":3752,"Correlation_attributes":{"ActivityID":"B864D168-0B7B-0000-89D1-64B87B0BD201"},"Execution_attributes":{"ProcessID":752,"ThreadID":2828},"Channel":"Security","Computer":"DESKTOP-M5SN04R","Security":null},"EventData":{"SubjectUserSid":"S-1-0-0","SubjectUserName":"-","SubjectDomainName":"-","SubjectLogonId":"0x0","TargetUserSid":"S-1-0-0","TargetUserName":"Administrator","TargetDomainName":".","Status":"0xc000006d","FailureReason":"%%2313","SubStatus":"0xc000006a","LogonType":3,"LogonProcessName":"NtLmSsp ","AuthenticationPackageName":"NTLM","WorkstationName":"7RhwHCqXQytvcaom","TransmittedServices":"-","LmPackageName":"-","KeyLength":0,"ProcessId":"0x0","ProcessName":"-","IpAddress":"192.168.198.149","IpPort":"36988"}}}
{"Event_attributes":{"xmlns":"http://schemas.microsoft.com/win/2004/08/events/event"},"Event":{"System":{"Provider_attributes":{"Name":"Microsoft-Windows-Security-Auditing","Guid":"54849625-5478-4994-A5BA-3E3B0328C30D"},"EventID":4625,"Version":0,"Level":0,"Task":12544,"Opcode":0,"Keywords":"0x8010000000000000","TimeCreated_attributes":{"SystemTime":"2016-09-19T16:51:04.309602Z"},"EventRecordID":3753,"Correlation_attributes":{"ActivityID":"B864D168-0B7B-0000-89D1-64B87B0BD201"},"Execution_attributes":{"ProcessID":752,"ThreadID":4068},"Channel":"Security","Computer":"DESKTOP-M5SN04R","Security":null},"EventData":{"SubjectUserSid":"S-1-0-0","SubjectUserName":"-","SubjectDomainName":"-","SubjectLogonId":"0x0","TargetUserSid":"S-1-0-0","TargetUserName":"Administrator","TargetDomainName":".","Status":"0xc000006d","FailureReason":"%%2313","SubStatus":"0xc000006a","LogonType":3,"LogonProcessName":"NtLmSsp ","AuthenticationPackageName":"NTLM","WorkstationName":"xumaxbBEMZqL6pPO","TransmittedServices":"-","LmPackageName":"-","KeyLength":0,"ProcessId":"0x0","ProcessName":"-","IpAddress":"192.168.198.149","IpPort":"55807"}}}
{"Event_attributes":{"xmlns":"http://schemas.microsoft.com/win/2004/08/events/event"},"Event":{"System":{"Provider_attributes":{"Name":"Microsoft-Windows-Security-Auditing","Guid":"54849625-5478-4994-A5BA-3E3B0328C30D"},"EventID":4625,"Version":0,"Level":0,"Task":12544,"Opcode":0,"Keywords":"0x8010000000000000","TimeCreated_attributes":{"SystemTime":"2016-09-19T16:51:04.348546Z"},"EventRecordID":3754,"Correlation_attributes":{"ActivityID":"B864D168-0B7B-0000-89D1-64B87B0BD201"},"Execution_attributes":{"ProcessID":752,"ThreadID":4068},"Channel":"Security","Computer":"DESKTOP-M5SN04R","Security":null},"EventData":{"SubjectUserSid":"S-1-0-0","SubjectUserName":"-","SubjectDomainName":"-","SubjectLogonId":"0x0","TargetUserSid":"S-1-0-0","TargetUserName":"Administrator","TargetDomainName":".","Status":"0xc000006d","FailureReason":"%%2313","SubStatus":"0xc000006a","LogonType":3,"LogonProcessName":"NtLmSsp ","AuthenticationPackageName":"NTLM","WorkstationName":"ur1yZIwgB3ecNJGw","TransmittedServices":"-","LmPackageName":"-","KeyLength":0,"ProcessId":"0x0","ProcessName":"-","IpAddress":"192.168.198.149","IpPort":"53419"}}}
{"Event_attributes":{"xmlns":"http://schemas.microsoft.com/win/2004/08/events/event"},"Event":{"System":{"Provider_attributes":{"Name":"Microsoft-Windows-Security-Auditing","Guid":"54849625-5478-4994-A5BA-3E3B0328C30D"},"EventID":4625,"Version":0,"Level":0,"Task":12544,"Opcode":0,"Keywords":"0x8010000000000000","TimeCreated_attributes":{"SystemTime":"2016-09-19T16:51:04.397722Z"},"EventRecordID":3755,"Correlation_attributes":{"ActivityID":"B864D168-0B7B-0000-89D1-64B87B0BD201"},"Execution_attributes":{"ProcessID":752,"ThreadID":2828},"Channel":"Security","Computer":"DESKTOP-M5SN04R","Security":null},"EventData":{"SubjectUserSid":"S-1-0-0","SubjectUserName":"-","SubjectDomainName":"-","SubjectLogonId":"0x0","TargetUserSid":"S-1-0-0","TargetUserName":"Administrator","TargetDomainName":".","Status":"0xc000006d","FailureReason":"%%2313","SubStatus":"0xc000006a","LogonType":3,"LogonProcessName":"NtLmSsp ","AuthenticationPackageName":"NTLM","WorkstationName":"xAuGcKYRcLe0z3bl","TransmittedServices":"-","LmPackageName":"-","KeyLength":0,"ProcessId":"0x0","ProcessName":"-","IpAddress":"192.168.198.149","IpPort":"51692"}}}
{"Event_attributes":{"xmlns":"http://schemas.microsoft.com/win/2004/08/events/event"},"Event":{"System":{"Provider_attributes":{"Name":"Microsoft-Windows-Security-Auditing","Guid":"54849625-5478-4994-A5BA-3E3B0328C30D"},"EventID":4625,"Version":0,"Level":0,"Task":12544,"Opcode":0,"Keywords":"0x8010000000000000","TimeCreated_attributes":{"SystemTime":"2016-09-19T16:51:04.436710Z"},"EventRecordID":3756,"Correlation_attributes":{"ActivityID":"B864D168-0B7B-0000-89D1-64B87B0BD201"},"Execution_attributes":{"ProcessID":752,"ThreadID":4068},"Channel":"Security","Computer":"DESKTOP-M5SN04R","Security":null},"EventData":{"SubjectUserSid":"S-1-0-0","SubjectUserName":"-","SubjectDomainName":"-","SubjectLogonId":"0x0","TargetUserSid":"S-1-0-0","TargetUserName":"Administrator","TargetDomainName":".","Status":"0xc000006d","FailureReason":"%%2313","SubStatus":"0xc000006a","LogonType":3,"LogonProcessName":"NtLmSsp ","AuthenticationPackageName":"NTLM","WorkstationName":"mmMi0edfBJ8KoJst","TransmittedServices":"-","LmPackageName":"-","KeyLength":0,"ProcessId":"0x0","ProcessName":"-","IpAddress":"192.168.198.149","IpPort":"39505"}}}
{"Event_attributes":{"xmlns":"http://schemas.microsoft.com/win/2004/08/events/event"},"Event":{"System":{"Provider_attributes":{"Name":"Microsoft-Windows-Security-Auditing","Guid":"54849625-5478-4994-A5BA-3E3B0328C30D"},"EventID":4625,"Version":0,"Level":0,"Task":12544,"Opcode":0,"Keywords":"0x8010000000000000","TimeCreated_attributes":{"SystemTime":"2016-09-19T16:51:04.480518Z"},"EventRecordID":3757,"Correlation_attributes":{"ActivityID":"B864D168-0B7B-0000-89D1-64B87B0BD201"},"Execution_attributes":{"ProcessID":752,"ThreadID":2828},"Channel":"Security","Computer":"DESKTOP-M5SN04R","Security":null},"EventData":{"SubjectUserSid":"S-1-0-0","SubjectUserName":"-","SubjectDomainName":"-","SubjectLogonId":"0x0","TargetUserSid":"S-1-0-0","TargetUserName":"Administrator","TargetDomainName":".","Status":"0xc000006d","FailureReason":"%%2313","SubStatus":"0xc000006a","LogonType":3,"LogonProcessName":"NtLmSsp ","AuthenticationPackageName":"NTLM","WorkstationName":"hlnoKbUb9jiqJD7t","TransmittedServices":"-","LmPackageName":"-","KeyLength":0,"ProcessId":"0x0","ProcessName":"-","IpAddress":"192.168.198.149","IpPort":"54252"}}}
{"Event_attributes":{"xmlns":"http://schemas.microsoft.com/win/2004/08/events/event"},"Event":{"System":{"Provider_attributes":{"Name":"Microsoft-Windows-Security-Auditing","Guid":"54849625-5478-4994-A5BA-3E3B0328C30D"},"EventID":4625,"Version":0,"Level":0,"Task":12544,"Opcode":0,"Keywords":"0x8010000000000000","TimeCreated_attributes":{"SystemTime":"2016-09-19T16:51:04.524162Z"},"EventRecordID":3758,"Correlation_attributes":{"ActivityID":"B864D168-0B7B-0000-89D1-64B87B0BD201"},"Execution_attributes":{"ProcessID":752,"ThreadID":2828},"Channel":"Security","Computer":"DESKTOP-M5SN04R","Security":null},"EventData":{"SubjectUserSid":"S-1-0-0","SubjectUserName":"-","SubjectDomainName":"-","SubjectLogonId":"0x0","TargetUserSid":"S-1-0-0","TargetUserName":"Administrator","TargetDomainName":".","Status":"0xc000006d","FailureReason":"%%2313","SubStatus":"0xc000006a","LogonType":3,"LogonProcessName":"NtLmSsp ","AuthenticationPackageName":"NTLM","WorkstationName":"hBeWGNkWTSp3nje8","TransmittedServices":"-","LmPackageName":"-","KeyLength":0,"ProcessId":"0x0","ProcessName":"-","IpAddress":"192.168.198.149","IpPort":"55000"}}}
{"Event_attributes":{"xmlns":"http://schemas.microsoft.com/win/2004/08/events/event"},"Event":{"System":{"Provider_attributes":{"Name":"Microsoft-Windows-Security-Auditing","Guid":"54849625-5478-4994-A5BA-3E3B0328C30D"},"EventID":4625,"Version":0,"Level":0,"Task":12544,"Opcode":0,"Keywords":"0x8010000000000000","TimeCreated_attributes":{"SystemTime":"2016-09-19T16:51:04.565596Z"},"EventRecordID":3759,"Correlation_attributes":{"ActivityID":"B864D168-0B7B-0000-89D1-64B87B0BD201"},"Execution_attributes":{"ProcessID":752,"ThreadID":4068},"Channel":"Security","Computer":"DESKTOP-M5SN04R","Security":null},"EventData":{"SubjectUserSid":"S-1-0-0","SubjectUserName":"-","SubjectDomainName":"-","SubjectLogonId":"0x0","TargetUserSid":"S-1-0-0","TargetUserName":"Administrator","TargetDomainName":".","Status":"0xc000006d","FailureReason":"%%2313","SubStatus":"0xc000006a","LogonType":3,"LogonProcessName":"NtLmSsp ","AuthenticationPackageName":"NTLM","WorkstationName":"2iwM6jPgNjZ3q5qb","TransmittedServices":"-","LmPackageName":"-","KeyLength":0,"ProcessId":"0x0","ProcessName":"-","IpAddress":"192.168.198.149","IpPort":"51128"}}}
{"Event_attributes":{"xmlns":"http://schemas.microsoft.com/win/2004/08/events/event"},"Event":{"System":{"Provider_attributes":{"Name":"Microsoft-Windows-Security-Auditing","Guid":"54849625-5478-4994-A5BA-3E3B0328C30D"},"EventID":4625,"Version":0,"Level":0,"Task":12544,"Opcode":0,"Keywords":"0x8010000000000000","TimeCreated_attributes":{"SystemTime":"2016-09-19T16:51:04.604353Z"},"EventRecordID":3760,"Correlation_attributes":{"ActivityID":"B864D168-0B7B-0000-89D1-64B87B0BD201"},"Execution_attributes":{"ProcessID":752,"ThreadID":2828},"Channel":"Security","Computer":"DESKTOP-M5SN04R","Security":null},"EventData":{"SubjectUserSid":"S-1-0-0","SubjectUserName":"-","SubjectDomainName":"-","SubjectLogonId":"0x0","TargetUserSid":"S-1-0-0","TargetUserName":"Administrator","TargetDomainName":".","Status":"0xc000006d","FailureReason":"%%2313","SubStatus":"0xc000006a","LogonType":3,"LogonProcessName":"NtLmSsp ","AuthenticationPackageName":"NTLM","WorkstationName":"xdkrA9Kwzero8eSk","TransmittedServices":"-","LmPackageName":"-","KeyLength":0,"ProcessId":"0x0","ProcessName":"-","IpAddress":"192.168.198.149","IpPort":"58098"}}}
{"Event_attributes":{"xmlns":"http://schemas.microsoft.com/win/2004/08/events/event"},"Event":{"System":{"Provider_attributes":{"Name":"Microsoft-Windows-Security-Auditing","Guid":"54849625-5478-4994-A5BA-3E3B0328C30D"},"EventID":4625,"Version":0,"Level":0,"Task":12544,"Opcode":0,"Keywords":"0x8010000000000000","TimeCreated_attributes":{"SystemTime":"2016-09-19T16:51:04.652229Z"},"EventRecordID":3761,"Correlation_attributes":{"ActivityID":"B864D168-0B7B-0000-89D1-64B87B0BD201"},"Execution_attributes":{"ProcessID":752,"ThreadID":4068},"Channel":"Security","Computer":"DESKTOP-M5SN04R","Security":null},"EventData":{"SubjectUserSid":"S-1-0-0","SubjectUserName":"-","SubjectDomainName":"-","SubjectLogonId":"0x0","TargetUserSid":"S-1-0-0","TargetUserName":"Administrator","TargetDomainName":".","Status":"0xc000006d","FailureReason":"%%2313","SubStatus":"0xc000006a","LogonType":3,"LogonProcessName":"NtLmSsp ","AuthenticationPackageName":"NTLM","WorkstationName":"Tb2ZvuJMxOfsxIT6","TransmittedServices":"-","LmPackageName":"-","KeyLength":0,"ProcessId":"0x0","ProcessName":"-","IpAddress":"192.168.198.149","IpPort":"46379"}}}
{"Event_attributes":{"xmlns":"http://schemas.microsoft.com/win/2004/08/events/event"},"Event":{"System":{"Provider_attributes":{"Name":"Microsoft-Windows-Security-Auditing","Guid":"54849625-5478-4994-A5BA-3E3B0328C30D"},"EventID":4625,"Version":0,"Level":0,"Task":12544,"Opcode":0,"Keywords":"0x8010000000000000","TimeCreated_attributes":{"SystemTime":"2016-09-19T16:51:04.697385Z"},"EventRecordID":3762,"Correlation_attributes":{"ActivityID":"B864D168-0B7B-0000-89D1-64B87B0BD201"},"Execution_attributes":{"ProcessID":752,"ThreadID":4068},"Channel":"Security","Computer":"DESKTOP-M5SN04R","Security":null},"EventData":{"SubjectUserSid":"S-1-0-0","SubjectUserName":"-","SubjectDomainName":"-","SubjectLogonId":"0x0","TargetUserSid":"S-1-0-0","TargetUserName":"Administrator","TargetDomainName":".","Status":"0xc000006d","FailureReason":"%%2313","SubStatus":"0xc000006a","LogonType":3,"LogonProcessName":"NtLmSsp ","AuthenticationPackageName":"NTLM","WorkstationName":"PBMBRPdATYpLNmyI","TransmittedServices":"-","LmPackageName":"-","KeyLength":0,"ProcessId":"0x0","ProcessName":"-","IpAddress":"192.168.198.149","IpPort":"35082"}}}
{"Event_attributes":{"xmlns":"http://schemas.microsoft.com/win/2004/08/events/event"},"Event":{"System":{"Provider_attributes":{"Name":"Microsoft-Windows-Security-Auditing","Guid":"54849625-5478-4994-A5BA-3E3B0328C30D"},"EventID":4625,"Version":0,"Level":0,"Task":12544,"Opcode":0,"Keywords":"0x8010000000000000","TimeCreated_attributes":{"SystemTime":"2016-09-19T16:51:04.740239Z"},"EventRecordID":3763,"Correlation_attributes":{"ActivityID":"B864D168-0B7B-0000-89D1-64B87B0BD201"},"Execution_attributes":{"ProcessID":752,"ThreadID":2828},"Channel":"Security","Computer":"DESKTOP-M5SN04R","Security":null},"EventData":{"SubjectUserSid":"S-1-0-0","SubjectUserName":"-","SubjectDomainName":"-","SubjectLogonId":"0x0","TargetUserSid":"S-1-0-0","TargetUserName":"Administrator","TargetDomainName":".","Status":"0xc000006d","FailureReason":"%%2313","SubStatus":"0xc000006a","LogonType":3,"LogonProcessName":"NtLmSsp ","AuthenticationPackageName":"NTLM","WorkstationName":"P1CKprAPSw4hgiBB","TransmittedServices":"-","LmPackageName":"-","KeyLength":0,"ProcessId":"0x0","ProcessName":"-","IpAddress":"192.168.198.149","IpPort":"38576"}}}
{"Event_attributes":{"xmlns":"http://schemas.microsoft.com/win/2004/08/events/event"},"Event":{"System":{"Provider_attributes":{"Name":"Microsoft-Windows-Security-Auditing","Guid":"54849625-5478-4994-A5BA-3E3B0328C30D"},"EventID":4625,"Version":0,"Level":0,"Task":12544,"Opcode":0,"Keywords":"0x8010000000000000","TimeCreated_attributes":{"SystemTime":"2016-09-19T16:51:04.784587Z"},"EventRecordID":3764,"Correlation_attributes":{"ActivityID":"B864D168-0B7B-0000-89D1-64B87B0BD201"},"Execution_attributes":{"ProcessID":752,"ThreadID":2828},"Channel":"Security","Computer":"DESKTOP-M5SN04R","Security":null},"EventData":{"SubjectUserSid":"S-1-0-0","SubjectUserName":"-","SubjectDomainName":"-","SubjectLogonId":"0x0","TargetUserSid":"S-1-0-0","TargetUserName":"Administrator","TargetDomainName":".","Status":"0xc000006d","FailureReason":"%%2313","SubStatus":"0xc000006a","LogonType":3,"LogonProcessName":"NtLmSsp ","AuthenticationPackageName":"NTLM","WorkstationName":"Y8qtzwuGJfQG4XB7","TransmittedServices":"-","LmPackageName":"-","KeyLength":0,"ProcessId":"0x0","ProcessName":"-","IpAddress":"192.168.198.149","IpPort":"45688"}}}
{"Event_attributes":{"xmlns":"http://schemas.microsoft.com/win/2004/08/events/event"},"Event":{"System":{"Provider_attributes":{"Name":"Microsoft-Windows-Security-Auditing","Guid":"54849625-5478-4994-A5BA-3E3B0328C30D"},"EventID":4625,"Version":0,"Level":0,"Task":12544,"Opcode":0,"Keywords":"0x8010000000000000","TimeCreated_attributes":{"SystemTime":"2016-09-19T16:51:04.833286Z"},"EventRecordID":3765,"Correlation_attributes":{"ActivityID":"B864D168-0B7B-0000-89D1-64B87B0BD201"},"Execution_attributes":{"ProcessID":752,"ThreadID":4068},"Channel":"Security","Computer":"DESKTOP-M5SN04R","Security":null},"EventData":{"SubjectUserSid":"S-1-0-0","SubjectUserName":"-","SubjectDomainName":"-","SubjectLogonId":"0x0","TargetUserSid":"S-1-0-0","TargetUserName":"Administrator","TargetDomainName":".","Status":"0xc000006d","FailureReason":"%%2313","SubStatus":"0xc000006a","LogonType":3,"LogonProcessName":"NtLmSsp ","AuthenticationPackageName":"NTLM","WorkstationName":"auOf2GwkoymLh4bC","TransmittedServices":"-","LmPackageName":"-","KeyLength":0,"ProcessId":"0x0","ProcessName":"-","IpAddress":"192.168.198.149","IpPort":"38139"}}}
{"Event_attributes":{"xmlns":"http://schemas.microsoft.com/win/2004/08/events/event"},"Event":{"System":{"Provider_attributes":{"Name":"Microsoft-Windows-Security-Auditing","Guid":"54849625-5478-4994-A5BA-3E3B0328C30D"},"EventID":4625,"Version":0,"Level":0,"Task":12544,"Opcode":0,"Keywords":"0x8010000000000000","TimeCreated_attributes":{"SystemTime":"2016-09-19T16:51:04.880591Z"},"EventRecordID":3766,"Correlation_attributes":{"ActivityID":"B864D168-0B7B-0000-89D1-64B87B0BD201"},"Execution_attributes":{"ProcessID":752,"ThreadID":4068},"Channel":"Security","Computer":"DESKTOP-M5SN04R","Security":null},"EventData":{"SubjectUserSid":"S-1-0-0","SubjectUserName":"-","SubjectDomainName":"-","SubjectLogonId":"0x0","TargetUserSid":"S-1-0-0","TargetUserName":"Administrator","TargetDomainName":".","Status":"0xc000006d","FailureReason":"%%2313","SubStatus":"0xc000006a","LogonType":3,"LogonProcessName":"NtLmSsp ","AuthenticationPackageName":"NTLM","WorkstationName":"2YcMYQ4sA2GfMwCS","TransmittedServices":"-","LmPackageName":"-","KeyLength":0,"ProcessId":"0x0","ProcessName":"-","IpAddress":"192.168.198.149","IpPort":"45424"}}}
{"Event_attributes":{"xmlns":"http://schemas.microsoft.com/win/2004/08/events/event"},"Event":{"System":{"Provider_attributes":{"Name":"Microsoft-Windows-Security-Auditing","Guid":"54849625-5478-4994-A5BA-3E3B0328C30D"},"EventID":4625,"Version":0,"Level":0,"Task":12544,"Opcode":0,"Keywords":"0x8010000000000000","TimeCreated_attributes":{"SystemTime":"2016-09-19T16:51:04.916747Z"},"EventRecordID":3767,"Correlation_attributes":{"ActivityID":"B864D168-0B7B-0000-89D1-64B87B0BD201"},"Execution_attributes":{"ProcessID":752,"ThreadID":2828},"Channel":"Security","Computer":"DESKTOP-M5SN04R","Security":null},"EventData":{"SubjectUserSid":"S-1-0-0","SubjectUserName":"-","SubjectDomainName":"-","SubjectLogonId":"0x0","TargetUserSid":"S-1-0-0","TargetUserName":"Administrator","TargetDomainName":".","Status":"0xc000006d","FailureReason":"%%2313","SubStatus":"0xc000006a","LogonType":3,"LogonProcessName":"NtLmSsp ","AuthenticationPackageName":"NTLM","WorkstationName":"YL1iM6WUtZIjIoTI","TransmittedServices":"-","LmPackageName":"-","KeyLength":0,"ProcessId":"0x0","ProcessName":"-","IpAddress":"192.168.198.149","IpPort":"56041"}}}
{"Event_attributes":{"xmlns":"http://schemas.microsoft.com/win/2004/08/events/event"},"Event":{"System":{"Provider_attributes":{"Name":"Microsoft-Windows-Security-Auditing","Guid":"54849625-5478-4994-A5BA-3E3B0328C30D"},"EventID":4625,"Version":0,"Level":0,"Task":12544,"Opcode":0,"Keywords":"0x8010000000000000","TimeCreated_attributes":{"SystemTime":"2016-09-19T16:51:04.959528Z"},"EventRecordID":3768,"Correlation_attributes":{"ActivityID":"B864D168-0B7B-0000-89D1-64B87B0BD201"},"Execution_attributes":{"ProcessID":752,"ThreadID":2828},"Channel":"Security","Computer":"DESKTOP-M5SN04R","Security":null},"EventData":{"SubjectUserSid":"S-1-0-0","SubjectUserName":"-","SubjectDomainName":"-","SubjectLogonId":"0x0","TargetUserSid":"S-1-0-0","TargetUserName":"Administrator","TargetDomainName":".","Status":"0xc000006d","FailureReason":"%%2313","SubStatus":"0xc000006a","LogonType":3,"LogonProcessName":"NtLmSsp ","AuthenticationPackageName":"NTLM","WorkstationName":"t7ruxdEGdeP3RLqF","TransmittedServices":"-","LmPackageName":"-","KeyLength":0,"ProcessId":"0x0","ProcessName":"-","IpAddress":"192.168.198.149","IpPort":"43814"}}}
{"Event_attributes":{"xmlns":"http://schemas.microsoft.com/win/2004/08/events/event"},"Event":{"System":{"Provider_attributes":{"Name":"Microsoft-Windows-Security-Auditing","Guid":"54849625-5478-4994-A5BA-3E3B0328C30D"},"EventID":4625,"Version":0,"Level":0,"Task":12544,"Opcode":0,"Keywords":"0x8010000000000000","TimeCreated_attributes":{"SystemTime":"2016-09-19T16:51:05.096636Z"},"EventRecordID":3769,"Correlation_attributes":{"ActivityID":"B864D168-0B7B-0000-89D1-64B87B0BD201"},"Execution_attributes":{"ProcessID":752,"ThreadID":4068},"Channel":"Security","Computer":"DESKTOP-M5SN04R","Security":null},"EventData":{"SubjectUserSid":"S-1-0-0","SubjectUserName":"-","SubjectDomainName":"-","SubjectLogonId":"0x0","TargetUserSid":"S-1-0-0","TargetUserName":"Administrator","TargetDomainName":".","Status":"0xc000006d","FailureReason":"%%2313","SubStatus":"0xc000006a","LogonType":3,"LogonProcessName":"NtLmSsp ","AuthenticationPackageName":"NTLM","WorkstationName":"ZFXBpUJzafGYIggt","TransmittedServices":"-","LmPackageName":"-","KeyLength":0,"ProcessId":"0x0","ProcessName":"-","IpAddress":"192.168.198.149","IpPort":"50715"}}}
{"Event_attributes":{"xmlns":"http://schemas.microsoft.com/win/2004/08/events/event"},"Event":{"System":{"Provider_attributes":{"Name":"Microsoft-Windows-Security-Auditing","Guid":"54849625-5478-4994-A5BA-3E3B0328C30D"},"EventID":4625,"Version":0,"Level":0,"Task":12544,"Opcode":0,"Keywords":"0x8010000000000000","TimeCreated_attributes":{"SystemTime":"2016-09-19T16:51:05.161861Z"},"EventRecordID":3770,"Correlation_attributes":{"ActivityID":"B864D168-0B7B-0000-89D1-64B87B0BD201"},"Execution_attributes":{"ProcessID":752,"ThreadID":4068},"Channel":"Security","Computer":"DESKTOP-M5SN04R","Security":null},"EventData":{"SubjectUserSid":"S-1-0-0","SubjectUserName":"-","SubjectDomainName":"-","SubjectLogonId":"0x0","TargetUserSid":"S-1-0-0","TargetUserName":"Administrator","TargetDomainName":".","Status":"0xc000006d","FailureReason":"%%2313","SubStatus":"0xc000006a","LogonType":3,"LogonProcessName":"NtLmSsp ","AuthenticationPackageName":"NTLM","WorkstationName":"MC1K9nNLupH0NuSS","TransmittedServices":"-","LmPackageName":"-","KeyLength":0,"ProcessId":"0x0","ProcessName":"-","IpAddress":"192.168.198.149","IpPort":"55997"}}}
{"Event_attributes":{"xmlns":"http://schemas.microsoft.com/win/2004/08/events/event"},"Event":{"System":{"Provider_attributes":{"Name":"Microsoft-Windows-Security-Auditing","Guid":"54849625-5478-4994-A5BA-3E3B0328C30D"},"EventID":4625,"Version":0,"Level":0,"Task":12544,"Opcode":0,"Keywords":"0x8010000000000000","TimeCreated_attributes":{"SystemTime":"2016-09-19T16:51:05.220953Z"},"EventRecordID":3771,"Correlation_attributes":{"ActivityID":"B864D168-0B7B-0000-89D1-64B87B0BD201"},"Execution_attributes":{"ProcessID":752,"ThreadID":2828},"Channel":"Security","Computer":"DESKTOP-M5SN04R","Security":null},"EventData":{"SubjectUserSid":"S-1-0-0","SubjectUserName":"-","SubjectDomainName":"-","SubjectLogonId":"0x0","TargetUserSid":"S-1-0-0","TargetUserName":"Administrator","TargetDomainName":".","Status":"0xc000006d","FailureReason":"%%2313","SubStatus":"0xc000006a","LogonType":3,"LogonProcessName":"NtLmSsp ","AuthenticationPackageName":"NTLM","WorkstationName":"6rVfBLm10US9II19","TransmittedServices":"-","LmPackageName":"-","KeyLength":0,"ProcessId":"0x0","ProcessName":"-","IpAddress":"192.168.198.149","IpPort":"48846"}}}
{"Event_attributes":{"xmlns":"http://schemas.microsoft.com/win/2004/08/events/event"},"Event":{"System":{"Provider_attributes":{"Name":"Microsoft-Windows-Security-Auditing","Guid":"54849625-5478-4994-A5BA-3E3B0328C30D"},"EventID":4625,"Version":0,"Level":0,"Task":12544,"Opcode":0,"Keywords":"0x8010000000000000","TimeCreated_attributes":{"SystemTime":"2016-09-19T16:51:05.256557Z"},"EventRecordID":3772,"Correlation_attributes":{"ActivityID":"B864D168-0B7B-0000-89D1-64B87B0BD201"},"Execution_attributes":{"ProcessID":752,"ThreadID":4068},"Channel":"Security","Computer":"DESKTOP-M5SN04R","Security":null},"EventData":{"SubjectUserSid":"S-1-0-0","SubjectUserName":"-","SubjectDomainName":"-","SubjectLogonId":"0x0","TargetUserSid":"S-1-0-0","TargetUserName":"Administrator","TargetDomainName":".","Status":"0xc000006d","FailureReason":"%%2313","SubStatus":"0xc000006a","LogonType":3,"LogonProcessName":"NtLmSsp ","AuthenticationPackageName":"NTLM","WorkstationName":"SBhAVHHtR7lZ1C3z","TransmittedServices":"-","LmPackageName":"-","KeyLength":0,"ProcessId":"0x0","ProcessName":"-","IpAddress":"192.168.198.149","IpPort":"43206"}}}
{"Event_attributes":{"xmlns":"http://schemas.microsoft.com/win/2004/08/events/event"},"Event":{"System":{"Provider_attributes":{"Name":"Microsoft-Windows-Security-Auditing","Guid":"54849625-5478-4994-A5BA-3E3B0328C30D"},"EventID":4625,"Version":0,"Level":0,"Task":12544,"Opcode":0,"Keywords":"0x8010000000000000","TimeCreated_attributes":{"SystemTime":"2016-09-19T16:51:05.300623Z"},"EventRecordID":3773,"Correlation_attributes":{"ActivityID":"B864D168-0B7B-0000-89D1-64B87B0BD201"},"Execution_attributes":{"ProcessID":752,"ThreadID":2828},"Channel":"Security","Computer":"DESKTOP-M5SN04R","Security":null},"EventData":{"SubjectUserSid":"S-1-0-0","SubjectUserName":"-","SubjectDomainName":"-","SubjectLogonId":"0x0","TargetUserSid":"S-1-0-0","TargetUserName":"Administrator","TargetDomainName":".","Status":"0xc000006d","FailureReason":"%%2313","SubStatus":"0xc000006a","LogonType":3,"LogonProcessName":"NtLmSsp ","AuthenticationPackageName":"NTLM","WorkstationName":"FKuUH8lMELYHibxF","TransmittedServices":"-","LmPackageName":"-","KeyLength":0,"ProcessId":"0x0","ProcessName":"-","IpAddress":"192.168.198.149","IpPort":"46100"}}}
{"Event_attributes":{"xmlns":"http://schemas.microsoft.com/win/2004/08/events/event"},"Event":{"System":{"Provider_attributes":{"Name":"Microsoft-Windows-Security-Auditing","Guid":"54849625-5478-4994-A5BA-3E3B0328C30D"},"EventID":4625,"Version":0,"Level":0,"Task":12544,"Opcode":0,"Keywords":"0x8010000000000000","TimeCreated_attributes":{"SystemTime":"2016-09-19T16:51:05.338422Z"},"EventRecordID":3774,"Correlation_attributes":{"ActivityID":"B864D168-0B7B-0000-89D1-64B87B0BD201"},"Execution_attributes":{"ProcessID":752,"ThreadID":2828},"Channel":"Security","Computer":"DESKTOP-M5SN04R","Security":null},"EventData":{"SubjectUserSid":"S-1-0-0","SubjectUserName":"-","SubjectDomainName":"-","SubjectLogonId":"0x0","TargetUserSid":"S-1-0-0","TargetUserName":"Administrator","TargetDomainName":".","Status":"0xc000006d","FailureReason":"%%2313","SubStatus":"0xc000006a","LogonType":3,"LogonProcessName":"NtLmSsp ","AuthenticationPackageName":"NTLM","WorkstationName":"UytgJLBtGRMCf3ar","TransmittedServices":"-","LmPackageName":"-","KeyLength":0,"ProcessId":"0x0","ProcessName":"-","IpAddress":"192.168.198.149","IpPort":"49295"}}}
