{"Event_attributes":{"xmlns":"http://schemas.microsoft.com/win/2004/08/events/event"},"Event":{"System":{"Provider_attributes":{"Name":"Microsoft-Windows-Security-Auditing","Guid":"54849625-5478-4994-A5BA-3E3B0328C30D"},"EventID":4662,"Version":0,"Level":0,"Task":14080,"Opcode":0,"Keywords":"0x8020000000000000","TimeCreated_attributes":{"SystemTime":"2021-02-22T22:47:38.998852Z"},"EventRecordID":111660452,"Correlation_attributes":{"ActivityID":"D4E86EE2-EFDA-0001-FC6E-E8D4DAEFD601"},"Execution_attributes":{"ProcessID":556,"ThreadID":12772},"Channel":"Security","Computer":"rootdc1.offsec.lan","Security":null},"EventData":{"SubjectUserSid":"S-1-5-21-4230534742-2542757381-3142984815-1111","SubjectUserName":"admmig","SubjectDomainName":"OFFSEC","SubjectLogonId":"0x24e2cbf6","ObjectServer":"DS","ObjectType":"%{f30e3bc2-9ff0-11d1-b603-0000f80367c1}","ObjectName":"%{244db979-f8ae-4695-9e37-2104a17a967f}","OperationType":"Object Access","HandleId":"0x0","AccessList":"%%7685\r\n\t\t\t\t","AccessMask":"0x20","Properties":"%%7685\r\n\t\t{771727b1-31b8-4cdf-ae62-4fe39fadf89e}\r\n\t\t\t{bf967a76-0de6-11d0-a285-00aa003049e2}\r\n\t{f30e3bc2-9ff0-11d1-b603-0000f80367c1}\r\n","AdditionalInfo":"-","AdditionalInfo2":""}}}
{"Event_attributes":{"xmlns":"http://schemas.microsoft.com/win/2004/08/events/event"},"Event":{"System":{"Provider_attributes":{"Name":"Microsoft-Windows-Security-Auditing","Guid":"54849625-5478-4994-A5BA-3E3B0328C30D"},"EventID":5136,"Version":0,"Level":0,"Task":14081,"Opcode":0,"Keywords":"0x8020000000000000","TimeCreated_attributes":{"SystemTime":"2021-02-22T22:47:43.645051Z"},"EventRecordID":111660461,"Correlation_attributes":{"ActivityID":"D4E86EE2-EFDA-0001-FC6E-E8D4DAEFD601"},"Execution_attributes":{"ProcessID":556,"ThreadID":4060},"Channel":"Security","Computer":"rootdc1.offsec.lan","Security":null},"EventData":{"OpCorrelationID":"90949B97-6477-4D47-AB9D-E291F4FE8E34","AppCorrelationID":"-","SubjectUserSid":"S-1-5-21-4230534742-2542757381-3142984815-1111","SubjectUserName":"admmig","SubjectDomainName":"OFFSEC","SubjectLogonId":"0x24e2cbf6","DSName":"offsec.lan","DSType":"%%14676","ObjectDN":"CN={127328D6-A8A8-49E3-BA71-410C945F42CE},CN=POLICIES,CN=SYSTEM,DC=OFFSEC,DC=LAN","ObjectGUID":"244DB979-F8AE-4695-9E37-2104A17A967F","ObjectClass":"groupPolicyContainer","AttributeLDAPDisplayName":"versionNumber","AttributeSyntaxOID":"2.5.5.9","AttributeValue":"1","OperationType":"%%14675"}}}
{"Event_attributes":{"xmlns":"http://schemas.microsoft.com/win/2004/08/events/event"},"Event":{"System":{"Provider_attributes":{"Name":"Microsoft-Windows-Security-Auditing","Guid":"54849625-5478-4994-A5BA-3E3B0328C30D"},"EventID":5136,"Version":0,"Level":0,"Task":14081,"Opcode":0,"Keywords":"0x8020000000000000","TimeCreated_attributes":{"SystemTime":"2021-02-22T22:47:43.645271Z"},"EventRecordID":111660462,"Correlation_attributes":{"ActivityID":"D4E86EE2-EFDA-0001-FC6E-E8D4DAEFD601"},"Execution_attributes":{"ProcessID":556,"ThreadID":15032},"Channel":"Security","Computer":"rootdc1.offsec.lan","Security":null},"EventData":{"OpCorrelationID":"90949B97-6477-4D47-AB9D-E291F4FE8E34","AppCorrelationID":"-","SubjectUserSid":"S-1-5-21-4230534742-2542757381-3142984815-1111","SubjectUserName":"admmig","SubjectDomainName":"OFFSEC","SubjectLogonId":"0x24e2cbf6","DSName":"offsec.lan","DSType":"%%14676","ObjectDN":"CN={127328D6-A8A8-49E3-BA71-410C945F42CE},CN=POLICIES,CN=SYSTEM,DC=OFFSEC,DC=LAN","ObjectGUID":"244DB979-F8AE-4695-9E37-2104A17A967F","ObjectClass":"groupPolicyContainer","AttributeLDAPDisplayName":"versionNumber","AttributeSyntaxOID":"2.5.5.9","AttributeValue":"2","OperationType":"%%14674"}}}
{"Event_attributes":{"xmlns":"http://schemas.microsoft.com/win/2004/08/events/event"},"Event":{"System":{"Provider_attributes":{"Name":"Microsoft-Windows-Security-Auditing","Guid":"54849625-5478-4994-A5BA-3E3B0328C30D"},"EventID":4662,"Version":0,"Level":0,"Task":14080,"Opcode":0,"Keywords":"0x8020000000000000","TimeCreated_attributes":{"SystemTime":"2021-02-22T22:50:32.653584Z"},"EventRecordID":111660719,"Correlation_attributes":{"ActivityID":"D4E86EE2-EFDA-0001-FC6E-E8D4DAEFD601"},"Execution_attributes":{"ProcessID":556,"ThreadID":4060},"Channel":"Security","Computer":"rootdc1.offsec.lan","Security":null},"EventData":{"SubjectUserSid":"S-1-5-21-4230534742-2542757381-3142984815-1105","SubjectUserName":"FS02$","SubjectDomainName":"OFFSEC","SubjectLogonId":"0x24e33df2","ObjectServer":"DS","ObjectType":"%{bf967a86-0de6-11d0-a285-00aa003049e2}","ObjectName":"%{aaf7533a-9112-4d0f-8cb4-a2c40aed4741}","OperationType":"Object Access","HandleId":"0x0","AccessList":"-","AccessMask":"0x0","Properties":"---\r\n\t{bf967a86-0de6-11d0-a285-00aa003049e2}\r\n%%7688\r\n\t\t\t{6617e4ac-a2f1-43ab-b60c-11fbd1facf05}\r\n\t\t\t{b3f93023-9239-4f7c-b99c-6745d87adbc2}\r\n\t\t\t{b8dfa744-31dc-4ef1-ac7c-84baf7ef9da7}\r\n\t\t\t{b7ff5a38-0818-42b0-8110-d3d154c97f24}\r\n\t\t{91e647de-d96f-4b70-9557-d63ff4f3ccd8}\r\n","AdditionalInfo":"-","AdditionalInfo2":""}}}
{"Event_attributes":{"xmlns":"http://schemas.microsoft.com/win/2004/08/events/event"},"Event":{"System":{"Provider_attributes":{"Name":"Microsoft-Windows-Security-Auditing","Guid":"54849625-5478-4994-A5BA-3E3B0328C30D"},"EventID":4662,"Version":0,"Level":0,"Task":14080,"Opcode":0,"Keywords":"0x8020000000000000","TimeCreated_attributes":{"SystemTime":"2021-02-22T22:50:32.667324Z"},"EventRecordID":111660722,"Correlation_attributes":{"ActivityID":"D4E86EE2-EFDA-0001-FC6E-E8D4DAEFD601"},"Execution_attributes":{"ProcessID":556,"ThreadID":12772},"Channel":"Security","Computer":"rootdc1.offsec.lan","Security":null},"EventData":{"SubjectUserSid":"S-1-5-21-4230534742-2542757381-3142984815-1105","SubjectUserName":"FS02$","SubjectDomainName":"OFFSEC","SubjectLogonId":"0x24e33e0b","ObjectServer":"DS","ObjectType":"%{bf967a86-0de6-11d0-a285-00aa003049e2}","ObjectName":"%{aaf7533a-9112-4d0f-8cb4-a2c40aed4741}","OperationType":"Object Access","HandleId":"0x0","AccessList":"-","AccessMask":"0x0","Properties":"---\r\n\t{bf967a86-0de6-11d0-a285-00aa003049e2}\r\n%%7688\r\n\t\t\t{6617e4ac-a2f1-43ab-b60c-11fbd1facf05}\r\n\t\t\t{b3f93023-9239-4f7c-b99c-6745d87adbc2}\r\n\t\t\t{b8dfa744-31dc-4ef1-ac7c-84baf7ef9da7}\r\n\t\t\t{b7ff5a38-0818-42b0-8110-d3d154c97f24}\r\n\t\t{91e647de-d96f-4b70-9557-d63ff4f3ccd8}\r\n","AdditionalInfo":"-","AdditionalInfo2":""}}}
{"Event_attributes":{"xmlns":"http://schemas.microsoft.com/win/2004/08/events/event"},"Event":{"System":{"Provider_attributes":{"Name":"Microsoft-Windows-Security-Auditing","Guid":"54849625-5478-4994-A5BA-3E3B0328C30D"},"EventID":4662,"Version":0,"Level":0,"Task":14080,"Opcode":0,"Keywords":"0x8020000000000000","TimeCreated_attributes":{"SystemTime":"2021-02-22T22:50:32.792654Z"},"EventRecordID":111660727,"Correlation_attributes":{"ActivityID":"D4E86EE2-EFDA-0001-FC6E-E8D4DAEFD601"},"Execution_attributes":{"ProcessID":556,"ThreadID":4060},"Channel":"Security","Computer":"rootdc1.offsec.lan","Security":null},"EventData":{"SubjectUserSid":"S-1-5-21-4230534742-2542757381-3142984815-1105","SubjectUserName":"FS02$","SubjectDomainName":"OFFSEC","SubjectLogonId":"0x24e33e2a","ObjectServer":"DS","ObjectType":"%{bf967a86-0de6-11d0-a285-00aa003049e2}","ObjectName":"%{aaf7533a-9112-4d0f-8cb4-a2c40aed4741}","OperationType":"Object Access","HandleId":"0x0","AccessList":"-","AccessMask":"0x0","Properties":"---\r\n\t{bf967a86-0de6-11d0-a285-00aa003049e2}\r\n%%7688\r\n\t\t\t{6617e4ac-a2f1-43ab-b60c-11fbd1facf05}\r\n\t\t\t{b3f93023-9239-4f7c-b99c-6745d87adbc2}\r\n\t\t\t{b8dfa744-31dc-4ef1-ac7c-84baf7ef9da7}\r\n\t\t\t{b7ff5a38-0818-42b0-8110-d3d154c97f24}\r\n\t\t{91e647de-d96f-4b70-9557-d63ff4f3ccd8}\r\n","AdditionalInfo":"-","AdditionalInfo2":""}}}
{"Event_attributes":{"xmlns":"http://schemas.microsoft.com/win/2004/08/events/event"},"Event":{"System":{"Provider_attributes":{"Name":"Microsoft-Windows-Security-Auditing","Guid":"54849625-5478-4994-A5BA-3E3B0328C30D"},"EventID":4662,"Version":0,"Level":0,"Task":14080,"Opcode":0,"Keywords":"0x8020000000000000","TimeCreated_attributes":{"SystemTime":"2021-02-22T22:50:32.802645Z"},"EventRecordID":111660730,"Correlation_attributes":{"ActivityID":"D4E86EE2-EFDA-0001-FC6E-E8D4DAEFD601"},"Execution_attributes":{"ProcessID":556,"ThreadID":12772},"Channel":"Security","Computer":"rootdc1.offsec.lan","Security":null},"EventData":{"SubjectUserSid":"S-1-5-21-4230534742-2542757381-3142984815-1105","SubjectUserName":"FS02$","SubjectDomainName":"OFFSEC","SubjectLogonId":"0x24e33e43","ObjectServer":"DS","ObjectType":"%{bf967a86-0de6-11d0-a285-00aa003049e2}","ObjectName":"%{aaf7533a-9112-4d0f-8cb4-a2c40aed4741}","OperationType":"Object Access","HandleId":"0x0","AccessList":"-","AccessMask":"0x0","Properties":"---\r\n\t{bf967a86-0de6-11d0-a285-00aa003049e2}\r\n%%7688\r\n\t\t\t{6617e4ac-a2f1-43ab-b60c-11fbd1facf05}\r\n\t\t\t{b3f93023-9239-4f7c-b99c-6745d87adbc2}\r\n\t\t\t{b8dfa744-31dc-4ef1-ac7c-84baf7ef9da7}\r\n\t\t\t{b7ff5a38-0818-42b0-8110-d3d154c97f24}\r\n\t\t{91e647de-d96f-4b70-9557-d63ff4f3ccd8}\r\n","AdditionalInfo":"-","AdditionalInfo2":""}}}
{"Event_attributes":{"xmlns":"http://schemas.microsoft.com/win/2004/08/events/event"},"Event":{"System":{"Provider_attributes":{"Name":"Microsoft-Windows-Security-Auditing","Guid":"54849625-5478-4994-A5BA-3E3B0328C30D"},"EventID":4662,"Version":0,"Level":0,"Task":14080,"Opcode":0,"Keywords":"0x8020000000000000","TimeCreated_attributes":{"SystemTime":"2021-02-22T22:50:43.686612Z"},"EventRecordID":111660775,"Correlation_attributes":{"ActivityID":"D4E86EE2-EFDA-0001-FC6E-E8D4DAEFD601"},"Execution_attributes":{"ProcessID":556,"ThreadID":12772},"Channel":"Security","Computer":"rootdc1.offsec.lan","Security":null},"EventData":{"SubjectUserSid":"S-1-5-18","SubjectUserName":"ROOTDC1$","SubjectDomainName":"OFFSEC","SubjectLogonId":"0x24e3497d","ObjectServer":"DS","ObjectType":"%{bf967a86-0de6-11d0-a285-00aa003049e2}","ObjectName":"%{832b1c45-2f6e-4c82-be40-d461e377f560}","OperationType":"Object Access","HandleId":"0x0","AccessList":"%%7688\r\n\t\t\t\t","AccessMask":"0x100","Properties":"%%7688\r\n\t{bf967a86-0de6-11d0-a285-00aa003049e2}\r\n\t\t{91e647de-d96f-4b70-9557-d63ff4f3ccd8}\r\n\t\t\t{6617e4ac-a2f1-43ab-b60c-11fbd1facf05}\r\n\t\t\t{b3f93023-9239-4f7c-b99c-6745d87adbc2}\r\n\t\t\t{b8dfa744-31dc-4ef1-ac7c-84baf7ef9da7}\r\n\t\t\t{b7ff5a38-0818-42b0-8110-d3d154c97f24}\r\n\t\t{771727b1-31b8-4cdf-ae62-4fe39fadf89e}\r\n\t\t\t{aa4e1a6d-550d-4e05-8c35-4afcb917a9fe}\r\n\t\t\t{612cb747-c0e8-4f92-9221-fdd5f15b550d}\r\n","AdditionalInfo":"-","AdditionalInfo2":""}}}
{"Event_attributes":{"xmlns":"http://schemas.microsoft.com/win/2004/08/events/event"},"Event":{"System":{"Provider_attributes":{"Name":"Microsoft-Windows-Security-Auditing","Guid":"54849625-5478-4994-A5BA-3E3B0328C30D"},"EventID":4662,"Version":0,"Level":0,"Task":14080,"Opcode":0,"Keywords":"0x8020000000000000","TimeCreated_attributes":{"SystemTime":"2021-02-22T22:50:43.698678Z"},"EventRecordID":111660779,"Correlation_attributes":{"ActivityID":"D4E86EE2-EFDA-0001-FC6E-E8D4DAEFD601"},"Execution_attributes":{"ProcessID":556,"ThreadID":4060},"Channel":"Security","Computer":"rootdc1.offsec.lan","Security":null},"EventData":{"SubjectUserSid":"S-1-5-18","SubjectUserName":"ROOTDC1$","SubjectDomainName":"OFFSEC","SubjectLogonId":"0x24e34af9","ObjectServer":"DS","ObjectType":"%{bf967a86-0de6-11d0-a285-00aa003049e2}","ObjectName":"%{832b1c45-2f6e-4c82-be40-d461e377f560}","OperationType":"Object Access","HandleId":"0x0","AccessList":"%%7688\r\n\t\t\t\t","AccessMask":"0x100","Properties":"%%7688\r\n\t{bf967a86-0de6-11d0-a285-00aa003049e2}\r\n\t\t{91e647de-d96f-4b70-9557-d63ff4f3ccd8}\r\n\t\t\t{6617e4ac-a2f1-43ab-b60c-11fbd1facf05}\r\n\t\t\t{b3f93023-9239-4f7c-b99c-6745d87adbc2}\r\n\t\t\t{b8dfa744-31dc-4ef1-ac7c-84baf7ef9da7}\r\n\t\t\t{b7ff5a38-0818-42b0-8110-d3d154c97f24}\r\n\t\t{771727b1-31b8-4cdf-ae62-4fe39fadf89e}\r\n\t\t\t{aa4e1a6d-550d-4e05-8c35-4afcb917a9fe}\r\n\t\t\t{612cb747-c0e8-4f92-9221-fdd5f15b550d}\r\n","AdditionalInfo":"-","AdditionalInfo2":""}}}
{"Event_attributes":{"xmlns":"http://schemas.microsoft.com/win/2004/08/events/event"},"Event":{"System":{"Provider_attributes":{"Name":"Microsoft-Windows-Security-Auditing","Guid":"54849625-5478-4994-A5BA-3E3B0328C30D"},"EventID":4662,"Version":0,"Level":0,"Task":14080,"Opcode":0,"Keywords":"0x8020000000000000","TimeCreated_attributes":{"SystemTime":"2021-02-22T22:50:44.202899Z"},"EventRecordID":111660801,"Correlation_attributes":{"ActivityID":"D4E86EE2-EFDA-0001-FC6E-E8D4DAEFD601"},"Execution_attributes":{"ProcessID":556,"ThreadID":14852},"Channel":"Security","Computer":"rootdc1.offsec.lan","Security":null},"EventData":{"SubjectUserSid":"S-1-5-18","SubjectUserName":"ROOTDC1$","SubjectDomainName":"OFFSEC","SubjectLogonId":"0x24e35d12","ObjectServer":"DS","ObjectType":"%{bf967a86-0de6-11d0-a285-00aa003049e2}","ObjectName":"%{832b1c45-2f6e-4c82-be40-d461e377f560}","OperationType":"Object Access","HandleId":"0x0","AccessList":"%%7688\r\n\t\t\t\t","AccessMask":"0x100","Properties":"%%7688\r\n\t{bf967a86-0de6-11d0-a285-00aa003049e2}\r\n\t\t{91e647de-d96f-4b70-9557-d63ff4f3ccd8}\r\n\t\t\t{6617e4ac-a2f1-43ab-b60c-11fbd1facf05}\r\n\t\t\t{b3f93023-9239-4f7c-b99c-6745d87adbc2}\r\n\t\t\t{b8dfa744-31dc-4ef1-ac7c-84baf7ef9da7}\r\n\t\t\t{b7ff5a38-0818-42b0-8110-d3d154c97f24}\r\n\t\t{771727b1-31b8-4cdf-ae62-4fe39fadf89e}\r\n\t\t\t{aa4e1a6d-550d-4e05-8c35-4afcb917a9fe}\r\n\t\t\t{612cb747-c0e8-4f92-9221-fdd5f15b550d}\r\n","AdditionalInfo":"-","AdditionalInfo2":""}}}
{"Event_attributes":{"xmlns":"http://schemas.microsoft.com/win/2004/08/events/event"},"Event":{"System":{"Provider_attributes":{"Name":"Microsoft-Windows-Security-Auditing","Guid":"54849625-5478-4994-A5BA-3E3B0328C30D"},"EventID":4662,"Version":0,"Level":0,"Task":14080,"Opcode":0,"Keywords":"0x8020000000000000","TimeCreated_attributes":{"SystemTime":"2021-02-22T22:50:44.214676Z"},"EventRecordID":111660805,"Correlation_attributes":{"ActivityID":"D4E86EE2-EFDA-0001-FC6E-E8D4DAEFD601"},"Execution_attributes":{"ProcessID":556,"ThreadID":12772},"Channel":"Security","Computer":"rootdc1.offsec.lan","Security":null},"EventData":{"SubjectUserSid":"S-1-5-18","SubjectUserName":"ROOTDC1$","SubjectDomainName":"OFFSEC","SubjectLogonId":"0x24e35e8e","ObjectServer":"DS","ObjectType":"%{bf967a86-0de6-11d0-a285-00aa003049e2}","ObjectName":"%{832b1c45-2f6e-4c82-be40-d461e377f560}","OperationType":"Object Access","HandleId":"0x0","AccessList":"%%7688\r\n\t\t\t\t","AccessMask":"0x100","Properties":"%%7688\r\n\t{bf967a86-0de6-11d0-a285-00aa003049e2}\r\n\t\t{91e647de-d96f-4b70-9557-d63ff4f3ccd8}\r\n\t\t\t{6617e4ac-a2f1-43ab-b60c-11fbd1facf05}\r\n\t\t\t{b3f93023-9239-4f7c-b99c-6745d87adbc2}\r\n\t\t\t{b8dfa744-31dc-4ef1-ac7c-84baf7ef9da7}\r\n\t\t\t{b7ff5a38-0818-42b0-8110-d3d154c97f24}\r\n\t\t{771727b1-31b8-4cdf-ae62-4fe39fadf89e}\r\n\t\t\t{aa4e1a6d-550d-4e05-8c35-4afcb917a9fe}\r\n\t\t\t{612cb747-c0e8-4f92-9221-fdd5f15b550d}\r\n","AdditionalInfo":"-","AdditionalInfo2":""}}}
