{"Event_attributes":{"xmlns":"http://schemas.microsoft.com/win/2004/08/events/event"},"Event":{"System":{"Provider_attributes":{"Name":"Microsoft-Windows-Security-Auditing","Guid":"54849625-5478-4994-A5BA-3E3B0328C30D"},"EventID":4769,"Version":0,"Level":0,"Task":14337,"Opcode":0,"Keywords":"0x8010000000000000","TimeCreated_attributes":{"SystemTime":"2020-08-02T11:33:06.521159Z"},"EventRecordID":24476804,"Correlation":null,"Execution_attributes":{"ProcessID":516,"ThreadID":2620},"Channel":"Security","Computer":"rootdc1.offsec.lan","Security":null},"EventData":{"TargetUserName":"","TargetDomainName":"","ServiceName":"","ServiceSid":"S-1-0-0","TicketOptions":"0x40810000","TicketEncryptionType":"0xffffffff","IpAddress":"::ffff:10.23.23.9","IpPort":"55179","Status":"0x25","LogonGuid":"00000000-0000-0000-0000-000000000000","TransmittedServices":"-"}}}
{"Event_attributes":{"xmlns":"http://schemas.microsoft.com/win/2004/08/events/event"},"Event":{"System":{"Provider_attributes":{"Name":"Microsoft-Windows-Security-Auditing","Guid":"54849625-5478-4994-A5BA-3E3B0328C30D"},"EventID":4769,"Version":0,"Level":0,"Task":14337,"Opcode":0,"Keywords":"0x8020000000000000","TimeCreated_attributes":{"SystemTime":"2020-08-02T11:33:06.523437Z"},"EventRecordID":24476805,"Correlation":null,"Execution_attributes":{"ProcessID":516,"ThreadID":2620},"Channel":"Security","Computer":"rootdc1.offsec.lan","Security":null},"EventData":{"TargetUserName":"admmig@OFFSEC.LAN","TargetDomainName":"OFFSEC.LAN","ServiceName":"Svc-SQL-DB01","ServiceSid":"S-1-5-21-4230534742-2542757381-3142984815-1171","TicketOptions":"0x40810000","TicketEncryptionType":"0x17","IpAddress":"::ffff:10.23.23.9","IpPort":"55180","Status":"0x0","LogonGuid":"ED648110-ACF3-7F43-0CCB-256EF183156D","TransmittedServices":"-"}}}
{"Event_attributes":{"xmlns":"http://schemas.microsoft.com/win/2004/08/events/event"},"Event":{"System":{"Provider_attributes":{"Name":"Microsoft-Windows-Security-Auditing","Guid":"54849625-5478-4994-A5BA-3E3B0328C30D"},"EventID":4769,"Version":0,"Level":0,"Task":14337,"Opcode":0,"Keywords":"0x8020000000000000","TimeCreated_attributes":{"SystemTime":"2020-08-02T11:37:11.847298Z"},"EventRecordID":24477165,"Correlation":null,"Execution_attributes":{"ProcessID":516,"ThreadID":556},"Channel":"Security","Computer":"rootdc1.offsec.lan","Security":null},"EventData":{"TargetUserName":"ROOTDC1$@OFFSEC.LAN","TargetDomainName":"OFFSEC.LAN","ServiceName":"ROOTDC1$","ServiceSid":"S-1-5-21-4230534742-2542757381-3142984815-1000","TicketOptions":"0x40810000","TicketEncryptionType":"0x12","IpAddress":"::1","IpPort":"0","Status":"0x0","LogonGuid":"CBC3E78B-1536-EA74-415A-4DC1D4989A16","TransmittedServices":"-"}}}
{"Event_attributes":{"xmlns":"http://schemas.microsoft.com/win/2004/08/events/event"},"Event":{"System":{"Provider_attributes":{"Name":"Microsoft-Windows-Security-Auditing","Guid":"54849625-5478-4994-A5BA-3E3B0328C30D"},"EventID":4769,"Version":0,"Level":0,"Task":14337,"Opcode":0,"Keywords":"0x8020000000000000","TimeCreated_attributes":{"SystemTime":"2020-08-02T11:37:12.567771Z"},"EventRecordID":24478113,"Correlation":null,"Execution_attributes":{"ProcessID":516,"ThreadID":3936},"Channel":"Security","Computer":"rootdc1.offsec.lan","Security":null},"EventData":{"TargetUserName":"ROOTDC1$@OFFSEC.LAN","TargetDomainName":"OFFSEC.LAN","ServiceName":"ROOTDC1$","ServiceSid":"S-1-5-21-4230534742-2542757381-3142984815-1000","TicketOptions":"0x40810000","TicketEncryptionType":"0x12","IpAddress":"::1","IpPort":"0","Status":"0x0","LogonGuid":"58C34C13-BF89-AA22-BA63-BA320A04E0F6","TransmittedServices":"-"}}}
{"Event_attributes":{"xmlns":"http://schemas.microsoft.com/win/2004/08/events/event"},"Event":{"System":{"Provider_attributes":{"Name":"Microsoft-Windows-Security-Auditing","Guid":"54849625-5478-4994-A5BA-3E3B0328C30D"},"EventID":4769,"Version":0,"Level":0,"Task":14337,"Opcode":0,"Keywords":"0x8020000000000000","TimeCreated_attributes":{"SystemTime":"2020-08-02T11:37:54.898372Z"},"EventRecordID":24478165,"Correlation":null,"Execution_attributes":{"ProcessID":516,"ThreadID":2620},"Channel":"Security","Computer":"rootdc1.offsec.lan","Security":null},"EventData":{"TargetUserName":"WEC01$@OFFSEC.LAN","TargetDomainName":"OFFSEC.LAN","ServiceName":"ROOTDC1$","ServiceSid":"S-1-5-21-4230534742-2542757381-3142984815-1000","TicketOptions":"0x40800000","TicketEncryptionType":"0x12","IpAddress":"::ffff:10.23.42.22","IpPort":"54273","Status":"0x0","LogonGuid":"790D9D18-B314-17D0-D833-CE58448A3177","TransmittedServices":"-"}}}
{"Event_attributes":{"xmlns":"http://schemas.microsoft.com/win/2004/08/events/event"},"Event":{"System":{"Provider_attributes":{"Name":"Microsoft-Windows-Security-Auditing","Guid":"54849625-5478-4994-A5BA-3E3B0328C30D"},"EventID":4769,"Version":0,"Level":0,"Task":14337,"Opcode":0,"Keywords":"0x8020000000000000","TimeCreated_attributes":{"SystemTime":"2020-08-02T11:37:54.999160Z"},"EventRecordID":24478170,"Correlation":null,"Execution_attributes":{"ProcessID":516,"ThreadID":2620},"Channel":"Security","Computer":"rootdc1.offsec.lan","Security":null},"EventData":{"TargetUserName":"WEC01$@OFFSEC.LAN","TargetDomainName":"OFFSEC.LAN","ServiceName":"WEC01$","ServiceSid":"S-1-5-21-4230534742-2542757381-3142984815-1113","TicketOptions":"0x40810000","TicketEncryptionType":"0x12","IpAddress":"::ffff:10.23.42.22","IpPort":"54275","Status":"0x0","LogonGuid":"790D9D18-B314-17D0-D833-CE58448A3177","TransmittedServices":"-"}}}
{"Event_attributes":{"xmlns":"http://schemas.microsoft.com/win/2004/08/events/event"},"Event":{"System":{"Provider_attributes":{"Name":"Microsoft-Windows-Security-Auditing","Guid":"54849625-5478-4994-A5BA-3E3B0328C30D"},"EventID":4769,"Version":0,"Level":0,"Task":14337,"Opcode":0,"Keywords":"0x8020000000000000","TimeCreated_attributes":{"SystemTime":"2020-08-02T11:37:55.142290Z"},"EventRecordID":24478171,"Correlation":null,"Execution_attributes":{"ProcessID":516,"ThreadID":2620},"Channel":"Security","Computer":"rootdc1.offsec.lan","Security":null},"EventData":{"TargetUserName":"WEC01$@OFFSEC.LAN","TargetDomainName":"OFFSEC.LAN","ServiceName":"ROOTDC2$","ServiceSid":"S-1-5-21-4230534742-2542757381-3142984815-1120","TicketOptions":"0x40800000","TicketEncryptionType":"0x12","IpAddress":"::ffff:10.23.42.22","IpPort":"54277","Status":"0x0","LogonGuid":"B31B1FA6-F0C7-A129-FA95-61B9DEF52544","TransmittedServices":"-"}}}
{"Event_attributes":{"xmlns":"http://schemas.microsoft.com/win/2004/08/events/event"},"Event":{"System":{"Provider_attributes":{"Name":"Microsoft-Windows-Security-Auditing","Guid":"54849625-5478-4994-A5BA-3E3B0328C30D"},"EventID":4769,"Version":0,"Level":0,"Task":14337,"Opcode":0,"Keywords":"0x8020000000000000","TimeCreated_attributes":{"SystemTime":"2020-08-02T11:37:55.483569Z"},"EventRecordID":24478172,"Correlation":null,"Execution_attributes":{"ProcessID":516,"ThreadID":2620},"Channel":"Security","Computer":"rootdc1.offsec.lan","Security":null},"EventData":{"TargetUserName":"WEC01$@OFFSEC.LAN","TargetDomainName":"OFFSEC.LAN","ServiceName":"ROOTDC1$","ServiceSid":"S-1-5-21-4230534742-2542757381-3142984815-1000","TicketOptions":"0x40800000","TicketEncryptionType":"0x12","IpAddress":"::ffff:10.23.42.22","IpPort":"54279","Status":"0x0","LogonGuid":"B31B1FA6-F0C7-A129-FA95-61B9DEF52544","TransmittedServices":"-"}}}
{"Event_attributes":{"xmlns":"http://schemas.microsoft.com/win/2004/08/events/event"},"Event":{"System":{"Provider_attributes":{"Name":"Microsoft-Windows-Security-Auditing","Guid":"54849625-5478-4994-A5BA-3E3B0328C30D"},"EventID":4769,"Version":0,"Level":0,"Task":14337,"Opcode":0,"Keywords":"0x8020000000000000","TimeCreated_attributes":{"SystemTime":"2020-08-02T11:37:55.484653Z"},"EventRecordID":24478173,"Correlation":null,"Execution_attributes":{"ProcessID":516,"ThreadID":2620},"Channel":"Security","Computer":"rootdc1.offsec.lan","Security":null},"EventData":{"TargetUserName":"WEC01$@OFFSEC.LAN","TargetDomainName":"OFFSEC.LAN","ServiceName":"krbtgt","ServiceSid":"S-1-5-21-4230534742-2542757381-3142984815-502","TicketOptions":"0x60810010","TicketEncryptionType":"0x12","IpAddress":"::ffff:10.23.42.22","IpPort":"54280","Status":"0x0","LogonGuid":"B31B1FA6-F0C7-A129-FA95-61B9DEF52544","TransmittedServices":"-"}}}
{"Event_attributes":{"xmlns":"http://schemas.microsoft.com/win/2004/08/events/event"},"Event":{"System":{"Provider_attributes":{"Name":"Microsoft-Windows-Security-Auditing","Guid":"54849625-5478-4994-A5BA-3E3B0328C30D"},"EventID":4769,"Version":0,"Level":0,"Task":14337,"Opcode":0,"Keywords":"0x8020000000000000","TimeCreated_attributes":{"SystemTime":"2020-08-02T11:37:55.625815Z"},"EventRecordID":24478189,"Correlation":null,"Execution_attributes":{"ProcessID":516,"ThreadID":2620},"Channel":"Security","Computer":"rootdc1.offsec.lan","Security":null},"EventData":{"TargetUserName":"WEC01$@OFFSEC.LAN","TargetDomainName":"OFFSEC.LAN","ServiceName":"ROOTDC1$","ServiceSid":"S-1-5-21-4230534742-2542757381-3142984815-1000","TicketOptions":"0x40810000","TicketEncryptionType":"0x12","IpAddress":"::ffff:10.23.42.22","IpPort":"54285","Status":"0x0","LogonGuid":"B31B1FA6-F0C7-A129-FA95-61B9DEF52544","TransmittedServices":"-"}}}
