{"Event_attributes":{"xmlns":"http://schemas.microsoft.com/win/2004/08/events/event"},"Event":{"System":{"Provider_attributes":{"Name":"Microsoft-Windows-Security-Auditing","Guid":"54849625-5478-4994-A5BA-3E3B0328C30D"},"EventID":4688,"Version":2,"Level":0,"Task":13312,"Opcode":0,"Keywords":"0x8020000000000000","TimeCreated_attributes":{"SystemTime":"2022-01-06T22:27:21.255859Z"},"EventRecordID":5999462,"Correlation":null,"Execution_attributes":{"ProcessID":4,"ThreadID":6608},"Channel":"Security","Computer":"win10-02.offsec.lan","Security":null},"EventData":{"SubjectUserSid":"S-1-5-21-4230534742-2542757381-3142984815-1111","SubjectUserName":"admmig","SubjectDomainName":"OFFSEC","SubjectLogonId":"0x8e3563","NewProcessId":"0x23a0","NewProcessName":"C:\\Program Files (x86)\\Microsoft\\Edge\\Application\\msedge.exe","TokenElevationType":"%%1936","ProcessId":"0x1148","CommandLine":"\"C:\\Program Files (x86)\\Microsoft\\Edge\\Application\\msedge.exe\"  https://github.com/gentilkiwi/mimikatz/releases/download/2.2.0-20210810-2/mimikatz_trunk.zip ","TargetUserSid":"S-1-0-0","TargetUserName":"-","TargetDomainName":"-","TargetLogonId":"0x0","ParentProcessName":"C:\\Windows\\System32\\cmd.exe","MandatoryLabel":"S-1-16-12288"}}}
{"Event_attributes":{"xmlns":"http://schemas.microsoft.com/win/2004/08/events/event"},"Event":{"System":{"Provider_attributes":{"Name":"Microsoft-Windows-Security-Auditing","Guid":"54849625-5478-4994-A5BA-3E3B0328C30D"},"EventID":4688,"Version":2,"Level":0,"Task":13312,"Opcode":0,"Keywords":"0x8020000000000000","TimeCreated_attributes":{"SystemTime":"2022-01-06T22:27:21.288945Z"},"EventRecordID":5999467,"Correlation":null,"Execution_attributes":{"ProcessID":4,"ThreadID":8520},"Channel":"Security","Computer":"win10-02.offsec.lan","Security":null},"EventData":{"SubjectUserSid":"S-1-5-21-4230534742-2542757381-3142984815-1111","SubjectUserName":"admmig","SubjectDomainName":"OFFSEC","SubjectLogonId":"0x8e3563","NewProcessId":"0x1818","NewProcessName":"C:\\Windows\\System32\\timeout.exe","TokenElevationType":"%%1936","ProcessId":"0x1148","CommandLine":"timeout  3 ","TargetUserSid":"S-1-0-0","TargetUserName":"-","TargetDomainName":"-","TargetLogonId":"0x0","ParentProcessName":"C:\\Windows\\System32\\cmd.exe","MandatoryLabel":"S-1-16-12288"}}}
{"Event_attributes":{"xmlns":"http://schemas.microsoft.com/win/2004/08/events/event"},"Event":{"System":{"Provider_attributes":{"Name":"Microsoft-Windows-Security-Auditing","Guid":"54849625-5478-4994-A5BA-3E3B0328C30D"},"EventID":4688,"Version":2,"Level":0,"Task":13312,"Opcode":0,"Keywords":"0x8020000000000000","TimeCreated_attributes":{"SystemTime":"2022-01-06T22:27:21.407180Z"},"EventRecordID":5999468,"Correlation":null,"Execution_attributes":{"ProcessID":4,"ThreadID":8520},"Channel":"Security","Computer":"win10-02.offsec.lan","Security":null},"EventData":{"SubjectUserSid":"S-1-5-21-4230534742-2542757381-3142984815-1111","SubjectUserName":"admmig","SubjectDomainName":"OFFSEC","SubjectLogonId":"0x8e3563","NewProcessId":"0x1834","NewProcessName":"C:\\Program Files (x86)\\Microsoft\\Edge\\Application\\msedge.exe","TokenElevationType":"%%1936","ProcessId":"0x23a0","CommandLine":"\"C:\\Program Files (x86)\\Microsoft\\Edge\\Application\\msedge.exe\" --type=crashpad-handler \"--user-data-dir=C:\\Users\\admmig\\AppData\\Local\\Microsoft\\Edge\\User Data\" /prefetch:7 --monitor-self-annotation=ptype=crashpad-handler \"--database=C:\\Users\\admmig\\AppData\\Local\\Microsoft\\Edge\\User Data\\Crashpad\" --annotation=IsOfficialBuild=1 --annotation=channel= --annotation=chromium-version=96.0.4664.110 \"--annotation=exe=C:\\Program Files (x86)\\Microsoft\\Edge\\Application\\msedge.exe\" --annotation=plat=Win64 \"--annotation=prod=Microsoft Edge\" --annotation=ver=96.0.1054.62 --initial-client-data=0xf0,0xf4,0xf8,0xa4,0xfc,0x7ffa3209a740,0x7ffa3209a750,0x7ffa3209a760","TargetUserSid":"S-1-0-0","TargetUserName":"-","TargetDomainName":"-","TargetLogonId":"0x0","ParentProcessName":"C:\\Program Files (x86)\\Microsoft\\Edge\\Application\\msedge.exe","MandatoryLabel":"S-1-16-12288"}}}
{"Event_attributes":{"xmlns":"http://schemas.microsoft.com/win/2004/08/events/event"},"Event":{"System":{"Provider_attributes":{"Name":"Microsoft-Windows-Security-Auditing","Guid":"54849625-5478-4994-A5BA-3E3B0328C30D"},"EventID":4688,"Version":2,"Level":0,"Task":13312,"Opcode":0,"Keywords":"0x8020000000000000","TimeCreated_attributes":{"SystemTime":"2022-01-06T22:27:21.749826Z"},"EventRecordID":5999473,"Correlation":null,"Execution_attributes":{"ProcessID":4,"ThreadID":4676},"Channel":"Security","Computer":"win10-02.offsec.lan","Security":null},"EventData":{"SubjectUserSid":"S-1-5-21-4230534742-2542757381-3142984815-1111","SubjectUserName":"admmig","SubjectDomainName":"OFFSEC","SubjectLogonId":"0x8e3563","NewProcessId":"0x22ac","NewProcessName":"C:\\Program Files (x86)\\Microsoft\\Edge\\Application\\msedge.exe","TokenElevationType":"%%1936","ProcessId":"0xd50","CommandLine":"\"C:\\Program Files (x86)\\Microsoft\\Edge\\Application\\msedge.exe\" --type=renderer --disable-client-side-phishing-detection --display-capture-permissions-policy-allowed --field-trial-handle=2000,7126420810095964733,2611010335910673961,131072 --disable-gpu-compositing --lang=en-US --device-scale-factor=1 --num-raster-threads=1 --renderer-client-id=14 --mojo-platform-channel-handle=5856 /prefetch:1","TargetUserSid":"S-1-0-0","TargetUserName":"-","TargetDomainName":"-","TargetLogonId":"0x0","ParentProcessName":"C:\\Program Files (x86)\\Microsoft\\Edge\\Application\\msedge.exe","MandatoryLabel":"S-1-16-4096"}}}
{"Event_attributes":{"xmlns":"http://schemas.microsoft.com/win/2004/08/events/event"},"Event":{"System":{"Provider_attributes":{"Name":"Microsoft-Windows-Security-Auditing","Guid":"54849625-5478-4994-A5BA-3E3B0328C30D"},"EventID":4688,"Version":2,"Level":0,"Task":13312,"Opcode":0,"Keywords":"0x8020000000000000","TimeCreated_attributes":{"SystemTime":"2022-01-06T22:27:22.219271Z"},"EventRecordID":5999474,"Correlation":null,"Execution_attributes":{"ProcessID":4,"ThreadID":4676},"Channel":"Security","Computer":"win10-02.offsec.lan","Security":null},"EventData":{"SubjectUserSid":"S-1-5-18","SubjectUserName":"WIN10-02$","SubjectDomainName":"OFFSEC","SubjectLogonId":"0x3e7","NewProcessId":"0x21e8","NewProcessName":"C:\\Windows\\System32\\SecurityHealthHost.exe","TokenElevationType":"%%1936","ProcessId":"0x308","CommandLine":"C:\\Windows\\System32\\SecurityHealthHost.exe {08728914-3F57-4D52-9E31-49DAECA5A80A} -Embedding","TargetUserSid":"S-1-5-21-4230534742-2542757381-3142984815-1111","TargetUserName":"admmig","TargetDomainName":"OFFSEC","TargetLogonId":"0x8e3563","ParentProcessName":"C:\\Windows\\System32\\svchost.exe","MandatoryLabel":"S-1-16-12288"}}}
{"Event_attributes":{"xmlns":"http://schemas.microsoft.com/win/2004/08/events/event"},"Event":{"System":{"Provider_attributes":{"Name":"Microsoft-Windows-Security-Auditing","Guid":"54849625-5478-4994-A5BA-3E3B0328C30D"},"EventID":4688,"Version":2,"Level":0,"Task":13312,"Opcode":0,"Keywords":"0x8020000000000000","TimeCreated_attributes":{"SystemTime":"2022-01-06T22:27:22.513614Z"},"EventRecordID":5999479,"Correlation":null,"Execution_attributes":{"ProcessID":4,"ThreadID":2416},"Channel":"Security","Computer":"win10-02.offsec.lan","Security":null},"EventData":{"SubjectUserSid":"S-1-5-21-4230534742-2542757381-3142984815-1111","SubjectUserName":"admmig","SubjectDomainName":"OFFSEC","SubjectLogonId":"0x8e3563","NewProcessId":"0x2840","NewProcessName":"C:\\Program Files (x86)\\Microsoft\\Edge\\Application\\msedge.exe","TokenElevationType":"%%1936","ProcessId":"0xd50","CommandLine":"\"C:\\Program Files (x86)\\Microsoft\\Edge\\Application\\msedge.exe\" --type=renderer --disable-client-side-phishing-detection --display-capture-permissions-policy-allowed --field-trial-handle=2000,7126420810095964733,2611010335910673961,131072 --disable-gpu-compositing --lang=en-US --device-scale-factor=1 --num-raster-threads=1 --renderer-client-id=16 --mojo-platform-channel-handle=4376 /prefetch:1","TargetUserSid":"S-1-0-0","TargetUserName":"-","TargetDomainName":"-","TargetLogonId":"0x0","ParentProcessName":"C:\\Program Files (x86)\\Microsoft\\Edge\\Application\\msedge.exe","MandatoryLabel":"S-1-16-4096"}}}
{"Event_attributes":{"xmlns":"http://schemas.microsoft.com/win/2004/08/events/event"},"Event":{"System":{"Provider_attributes":{"Name":"Microsoft-Windows-Security-Auditing","Guid":"54849625-5478-4994-A5BA-3E3B0328C30D"},"EventID":4688,"Version":2,"Level":0,"Task":13312,"Opcode":0,"Keywords":"0x8020000000000000","TimeCreated_attributes":{"SystemTime":"2022-01-06T22:27:24.156827Z"},"EventRecordID":5999480,"Correlation":null,"Execution_attributes":{"ProcessID":4,"ThreadID":2416},"Channel":"Security","Computer":"win10-02.offsec.lan","Security":null},"EventData":{"SubjectUserSid":"S-1-5-21-4230534742-2542757381-3142984815-1111","SubjectUserName":"admmig","SubjectDomainName":"OFFSEC","SubjectLogonId":"0x8e3563","NewProcessId":"0x2b5c","NewProcessName":"C:\\Windows\\System32\\taskkill.exe","TokenElevationType":"%%1936","ProcessId":"0x1148","CommandLine":"taskkill  /IM \"msedge.exe\" /F","TargetUserSid":"S-1-0-0","TargetUserName":"-","TargetDomainName":"-","TargetLogonId":"0x0","ParentProcessName":"C:\\Windows\\System32\\cmd.exe","MandatoryLabel":"S-1-16-12288"}}}
