{"Event_attributes":{"xmlns":"http://schemas.microsoft.com/win/2004/08/events/event"},"Event":{"System":{"Provider_attributes":{"Name":"Microsoft-Windows-Security-Auditing","Guid":"54849625-5478-4994-A5BA-3E3B0328C30D"},"EventID":4695,"Version":0,"Level":0,"Task":13314,"Opcode":0,"Keywords":"0x8020000000000000","TimeCreated_attributes":{"SystemTime":"2022-08-06T17:37:04.956429Z"},"EventRecordID":31277,"Correlation_attributes":{"ActivityID":"B6C8B0F6-A9AB-0004-3CB1-C8B6ABA9D801"},"Execution_attributes":{"ProcessID":872,"ThreadID":1208},"Channel":"Security","Computer":"DESKTOP-G2B3UPJ","Security":null},"EventData":{"SubjectUserSid":"S-1-5-21-3110733997-3680604513-2708535243-1001","SubjectUserName":"user","SubjectDomainName":"DESKTOP-G2B3UPJ","SubjectLogonId":"0x529ef","DataDescription":"4f2d7947-8c69-43de-a480-1ed42c9330b6","MasterKeyId":"Edge","ProtectedDataFlags":"0x0","CryptoAlgorithms":"AES-256 , SHA2-512 ","FailureReason":"0x0"}}}
{"Event_attributes":{"xmlns":"http://schemas.microsoft.com/win/2004/08/events/event"},"Event":{"System":{"Provider_attributes":{"Name":"Microsoft-Windows-Security-Auditing","Guid":"54849625-5478-4994-A5BA-3E3B0328C30D"},"EventID":4663,"Version":1,"Level":0,"Task":12800,"Opcode":0,"Keywords":"0x8020000000000000","TimeCreated_attributes":{"SystemTime":"2022-08-06T17:37:32.256853Z"},"EventRecordID":31300,"Correlation":null,"Execution_attributes":{"ProcessID":4,"ThreadID":11428},"Channel":"Security","Computer":"DESKTOP-G2B3UPJ","Security":null},"EventData":{"SubjectUserSid":"S-1-5-21-3110733997-3680604513-2708535243-1001","SubjectUserName":"user","SubjectDomainName":"DESKTOP-G2B3UPJ","SubjectLogonId":"0x529ef","ObjectServer":"Security","ObjectType":"File","ObjectName":"C:\\Users\\user\\AppData\\Local\\Google\\Chrome\\User Data\\Default\\Network\\Cookies","HandleId":"0x420","AccessList":"%%4416\r\n\t\t\t\t","AccessMask":"0x1","ProcessId":"0x335c","ProcessName":"C:\\Users\\user\\Downloads\\APT28_CredentialStealer\\docx.exe","ResourceAttributes":"S:AI"}}}
{"Event_attributes":{"xmlns":"http://schemas.microsoft.com/win/2004/08/events/event"},"Event":{"System":{"Provider_attributes":{"Name":"Microsoft-Windows-Security-Auditing","Guid":"54849625-5478-4994-A5BA-3E3B0328C30D"},"EventID":4663,"Version":1,"Level":0,"Task":12800,"Opcode":0,"Keywords":"0x8020000000000000","TimeCreated_attributes":{"SystemTime":"2022-08-06T17:37:34.323894Z"},"EventRecordID":31309,"Correlation":null,"Execution_attributes":{"ProcessID":4,"ThreadID":11428},"Channel":"Security","Computer":"DESKTOP-G2B3UPJ","Security":null},"EventData":{"SubjectUserSid":"S-1-5-21-3110733997-3680604513-2708535243-1001","SubjectUserName":"user","SubjectDomainName":"DESKTOP-G2B3UPJ","SubjectLogonId":"0x529ef","ObjectServer":"Security","ObjectType":"File","ObjectName":"C:\\Users\\user\\AppData\\Local\\Google\\Chrome\\User Data\\Default\\Login Data","HandleId":"0x524","AccessList":"%%4416\r\n\t\t\t\t","AccessMask":"0x1","ProcessId":"0x335c","ProcessName":"C:\\Users\\user\\Downloads\\APT28_CredentialStealer\\docx.exe","ResourceAttributes":"S:AI"}}}
{"Event_attributes":{"xmlns":"http://schemas.microsoft.com/win/2004/08/events/event"},"Event":{"System":{"Provider_attributes":{"Name":"Microsoft-Windows-Sysmon","Guid":"5770385F-C22A-43E0-BF4C-06F5698FFBD9"},"EventID":1,"Version":5,"Level":4,"Task":1,"Opcode":0,"Keywords":"0x8000000000000000","TimeCreated_attributes":{"SystemTime":"2022-08-06T17:58:19.727712Z"},"EventRecordID":153984,"Correlation":null,"Execution_attributes":{"ProcessID":5076,"ThreadID":7836},"Channel":"Microsoft-Windows-Sysmon/Operational","Computer":"DESKTOP-G2B3UPJ","Security_attributes":{"UserID":"S-1-5-18"}},"EventData":{"RuleName":"technique_id=T1036,technique_name=Masquerading","UtcTime":"2022-08-06 17:58:19.690","ProcessGuid":"A2207975-ABBB-62EE-7F02-000000001100","ProcessId":12792,"Image":"C:\\Users\\user\\Downloads\\APT28_CredentialStealer\\docx.exe","FileVersion":"1.0.0.0","Description":"DocumentSaver","Product":"DocumentSaver","Company":"-","OriginalFileName":"docx.exe","CommandLine":"\"C:\\Users\\user\\Downloads\\APT28_CredentialStealer\\docx.exe\" ","CurrentDirectory":"C:\\Users\\user\\Downloads\\APT28_CredentialStealer\\","User":"DESKTOP-G2B3UPJ\\user","LogonGuid":"A2207975-8CE7-62EE-EF29-050000000000","LogonId":"0x529ef","TerminalSessionId":1,"IntegrityLevel":"Medium","Hashes":"SHA1=EBB0E34F44089FD4CC750B5FE0DCC14F6BB85A11,MD5=D3BDDB5DE864AFD7E4F5E56027F4E5EA,SHA256=2318AE5D7C23BF186B88ABECF892E23CE199381B22C8EB216AD1616EE8877933,IMPHASH=00000000000000000000000000000000","ParentProcessGuid":"A2207975-8CEC-62EE-EC00-000000001100","ParentProcessId":5696,"ParentImage":"C:\\Windows\\explorer.exe","ParentCommandLine":"C:\\Windows\\Explorer.EXE"}}}
{"Event_attributes":{"xmlns":"http://schemas.microsoft.com/win/2004/08/events/event"},"Event":{"System":{"Provider_attributes":{"Name":"Microsoft-Windows-Sysmon","Guid":"5770385F-C22A-43E0-BF4C-06F5698FFBD9"},"EventID":11,"Version":2,"Level":4,"Task":11,"Opcode":0,"Keywords":"0x8000000000000000","TimeCreated_attributes":{"SystemTime":"2022-08-06T17:58:23.485968Z"},"EventRecordID":153996,"Correlation":null,"Execution_attributes":{"ProcessID":5076,"ThreadID":7836},"Channel":"Microsoft-Windows-Sysmon/Operational","Computer":"DESKTOP-G2B3UPJ","Security_attributes":{"UserID":"S-1-5-18"}},"EventData":{"RuleName":"-","UtcTime":"2022-08-06 17:58:23.485","ProcessGuid":"A2207975-ABBB-62EE-7F02-000000001100","ProcessId":12792,"Image":"C:\\Users\\user\\Downloads\\APT28_CredentialStealer\\docx.exe","TargetFilename":"C:\\Users\\user\\Downloads\\APT28_CredentialStealer\\cc","CreationUtcTime":"2022-08-06 17:37:32.255"}}}
{"Event_attributes":{"xmlns":"http://schemas.microsoft.com/win/2004/08/events/event"},"Event":{"System":{"Provider_attributes":{"Name":"Microsoft-Windows-Sysmon","Guid":"5770385F-C22A-43E0-BF4C-06F5698FFBD9"},"EventID":7,"Version":3,"Level":4,"Task":7,"Opcode":0,"Keywords":"0x8000000000000000","TimeCreated_attributes":{"SystemTime":"2022-08-06T17:58:23.571730Z"},"EventRecordID":153997,"Correlation":null,"Execution_attributes":{"ProcessID":5076,"ThreadID":7852},"Channel":"Microsoft-Windows-Sysmon/Operational","Computer":"DESKTOP-G2B3UPJ","Security_attributes":{"UserID":"S-1-5-18"}},"EventData":{"RuleName":"-","UtcTime":"2022-08-06 17:58:23.537","ProcessGuid":"A2207975-ABBB-62EE-7F02-000000001100","ProcessId":12792,"Image":"C:\\Users\\user\\Downloads\\APT28_CredentialStealer\\docx.exe","ImageLoaded":"C:\\Users\\user\\Downloads\\APT28_CredentialStealer\\SQLite.Interop.dll","FileVersion":"1.0.115.5","Description":"System.Data.SQLite Interop Assembly","Product":"System.Data.SQLite","Company":"Hipp, Wyrick & Company, Inc.","OriginalFileName":"SQLite.Interop.dll","Hashes":"SHA1=426B48B0F3B691E3BB29F465AED9B936F29FC8CC,MD5=56A504A34D2CFBFC7EAA2B68E34AF8AD,SHA256=9309FB2A3F326D0F2CC3F2AB837CFD02E4F8CB6B923B3B2BE265591FD38F4961,IMPHASH=A42F73521C784FA06F1D886FCBCEFCBA","Signed":"true","Signature":"Mistachkin Systems (Joseph Mistachkin)","SignatureStatus":"Valid"}}}
{"Event_attributes":{"xmlns":"http://schemas.microsoft.com/win/2004/08/events/event"},"Event":{"System":{"Provider_attributes":{"Name":"Microsoft-Windows-Sysmon","Guid":"5770385F-C22A-43E0-BF4C-06F5698FFBD9"},"EventID":11,"Version":2,"Level":4,"Task":11,"Opcode":0,"Keywords":"0x8000000000000000","TimeCreated_attributes":{"SystemTime":"2022-08-06T17:58:27.165045Z"},"EventRecordID":153999,"Correlation":null,"Execution_attributes":{"ProcessID":5076,"ThreadID":7836},"Channel":"Microsoft-Windows-Sysmon/Operational","Computer":"DESKTOP-G2B3UPJ","Security_attributes":{"UserID":"S-1-5-18"}},"EventData":{"RuleName":"-","UtcTime":"2022-08-06 17:58:27.162","ProcessGuid":"A2207975-ABBB-62EE-7F02-000000001100","ProcessId":12792,"Image":"C:\\Users\\user\\Downloads\\APT28_CredentialStealer\\docx.exe","TargetFilename":"C:\\Users\\user\\Downloads\\APT28_CredentialStealer\\cp","CreationUtcTime":"2022-08-06 17:37:34.323"}}}
