{"Event_attributes":{"xmlns":"http://schemas.microsoft.com/win/2004/08/events/event"},"Event":{"System":{"Provider_attributes":{"Name":"Microsoft-Windows-WinINet-Config","Guid":"5402E5EA-1BDD-4390-82BE-E108F1E634F5"},"EventID":5600,"Version":0,"Level":4,"Task":0,"Opcode":0,"Keywords":"0x8000000000000000","TimeCreated_attributes":{"SystemTime":"2023-04-14T08:22:34.833516Z"},"EventRecordID":5,"Correlation_attributes":{"ActivityID":"EF4EB19A-0124-0000-C528-17004C040000"},"Execution_attributes":{"ProcessID":1100,"ThreadID":2220},"Channel":"Microsoft-Windows-WinINet-Config/ProxyConfigChanged","Computer":"WIN","Security_attributes":{"UserID":"S-1-5-21-113448046-927799223-410490820-1001"}},"EventData":{"fAutoDetect":false,"pwszAutoConfigUrl":"","pwszProxy":"http://hacker-proxy.lan:123","pwszProxyBypass":""}}}
{"Event_attributes":{"xmlns":"http://schemas.microsoft.com/win/2004/08/events/event"},"Event":{"System":{"Provider_attributes":{"Name":"Microsoft-Windows-WinINet-Config","Guid":"5402E5EA-1BDD-4390-82BE-E108F1E634F5"},"EventID":5600,"Version":0,"Level":4,"Task":0,"Opcode":0,"Keywords":"0x8000000000000000","TimeCreated_attributes":{"SystemTime":"2023-04-14T08:22:34.835985Z"},"EventRecordID":6,"Correlation_attributes":{"ActivityID":"EF4EB19A-0129-0000-C528-17004C040000"},"Execution_attributes":{"ProcessID":1100,"ThreadID":2220},"Channel":"Microsoft-Windows-WinINet-Config/ProxyConfigChanged","Computer":"WIN","Security_attributes":{"UserID":"S-1-5-21-113448046-927799223-410490820-1001"}},"EventData":{"fAutoDetect":false,"pwszAutoConfigUrl":"","pwszProxy":"http://hacker-proxy.lan:123","pwszProxyBypass":""}}}
{"Event_attributes":{"xmlns":"http://schemas.microsoft.com/win/2004/08/events/event"},"Event":{"System":{"Provider_attributes":{"Name":"Microsoft-Windows-WinINet-Config","Guid":"5402E5EA-1BDD-4390-82BE-E108F1E634F5"},"EventID":5600,"Version":0,"Level":4,"Task":0,"Opcode":0,"Keywords":"0x8000000000000000","TimeCreated_attributes":{"SystemTime":"2023-04-14T08:24:15.211905Z"},"EventRecordID":7,"Correlation_attributes":{"ActivityID":"EF4EB19A-0145-0000-DCB0-18004C040000"},"Execution_attributes":{"ProcessID":1100,"ThreadID":2220},"Channel":"Microsoft-Windows-WinINet-Config/ProxyConfigChanged","Computer":"WIN","Security_attributes":{"UserID":"S-1-5-21-113448046-927799223-410490820-1001"}},"EventData":{"fAutoDetect":false,"pwszAutoConfigUrl":"","pwszProxy":"","pwszProxyBypass":""}}}
{"Event_attributes":{"xmlns":"http://schemas.microsoft.com/win/2004/08/events/event"},"Event":{"System":{"Provider_attributes":{"Name":"Microsoft-Windows-WinINet-Config","Guid":"5402E5EA-1BDD-4390-82BE-E108F1E634F5"},"EventID":5600,"Version":0,"Level":4,"Task":0,"Opcode":0,"Keywords":"0x8000000000000000","TimeCreated_attributes":{"SystemTime":"2023-04-14T08:24:36.076008Z"},"EventRecordID":8,"Correlation_attributes":{"ActivityID":"EF4EB19A-014E-0000-5802-19004C040000"},"Execution_attributes":{"ProcessID":1100,"ThreadID":1244},"Channel":"Microsoft-Windows-WinINet-Config/ProxyConfigChanged","Computer":"WIN","Security_attributes":{"UserID":"S-1-5-21-113448046-927799223-410490820-1001"}},"EventData":{"fAutoDetect":false,"pwszAutoConfigUrl":"http://hacker-bypass.com/","pwszProxy":"","pwszProxyBypass":""}}}
{"Event_attributes":{"xmlns":"http://schemas.microsoft.com/win/2004/08/events/event"},"Event":{"System":{"Provider_attributes":{"Name":"Microsoft-Windows-WinINet-Config","Guid":"5402E5EA-1BDD-4390-82BE-E108F1E634F5"},"EventID":5600,"Version":0,"Level":4,"Task":0,"Opcode":0,"Keywords":"0x8000000000000000","TimeCreated_attributes":{"SystemTime":"2023-04-14T08:24:41.577044Z"},"EventRecordID":9,"Correlation_attributes":{"ActivityID":"EF4EB19A-0190-0000-D417-19004C040000"},"Execution_attributes":{"ProcessID":1100,"ThreadID":1244},"Channel":"Microsoft-Windows-WinINet-Config/ProxyConfigChanged","Computer":"WIN","Security_attributes":{"UserID":"S-1-5-21-113448046-927799223-410490820-1001"}},"EventData":{"fAutoDetect":false,"pwszAutoConfigUrl":"http://hacker-bypass.com/","pwszProxy":"http://hacker-proxy.lan:123","pwszProxyBypass":""}}}
{"Event_attributes":{"xmlns":"http://schemas.microsoft.com/win/2004/08/events/event"},"Event":{"System":{"Provider_attributes":{"Name":"Microsoft-Windows-WinINet-Config","Guid":"5402E5EA-1BDD-4390-82BE-E108F1E634F5"},"EventID":5600,"Version":0,"Level":4,"Task":0,"Opcode":0,"Keywords":"0x8000000000000000","TimeCreated_attributes":{"SystemTime":"2023-04-14T08:24:41.580344Z"},"EventRecordID":10,"Correlation_attributes":{"ActivityID":"EF4EB19A-0195-0000-D417-19004C040000"},"Execution_attributes":{"ProcessID":1100,"ThreadID":1244},"Channel":"Microsoft-Windows-WinINet-Config/ProxyConfigChanged","Computer":"WIN","Security_attributes":{"UserID":"S-1-5-21-113448046-927799223-410490820-1001"}},"EventData":{"fAutoDetect":false,"pwszAutoConfigUrl":"http://hacker-bypass.com/","pwszProxy":"http://hacker-proxy.lan:123","pwszProxyBypass":""}}}
{"Event_attributes":{"xmlns":"http://schemas.microsoft.com/win/2004/08/events/event"},"Event":{"System":{"Provider_attributes":{"Name":"Microsoft-Windows-WinINet-Config","Guid":"5402E5EA-1BDD-4390-82BE-E108F1E634F5"},"EventID":5600,"Version":0,"Level":4,"Task":0,"Opcode":0,"Keywords":"0x8000000000000000","TimeCreated_attributes":{"SystemTime":"2023-04-14T08:24:56.364287Z"},"EventRecordID":11,"Correlation_attributes":{"ActivityID":"EF4EB19A-01B5-0000-A051-19004C040000"},"Execution_attributes":{"ProcessID":1100,"ThreadID":1808},"Channel":"Microsoft-Windows-WinINet-Config/ProxyConfigChanged","Computer":"WIN","Security_attributes":{"UserID":"S-1-5-21-113448046-927799223-410490820-1001"}},"EventData":{"fAutoDetect":false,"pwszAutoConfigUrl":"http://hacker-bypass.com/","pwszProxy":"http://hacker-proxy.lan:123","pwszProxyBypass":""}}}
{"Event_attributes":{"xmlns":"http://schemas.microsoft.com/win/2004/08/events/event"},"Event":{"System":{"Provider_attributes":{"Name":"Microsoft-Windows-WinINet-Config","Guid":"5402E5EA-1BDD-4390-82BE-E108F1E634F5"},"EventID":5600,"Version":0,"Level":4,"Task":0,"Opcode":0,"Keywords":"0x8000000000000000","TimeCreated_attributes":{"SystemTime":"2023-04-14T08:24:56.368073Z"},"EventRecordID":12,"Correlation_attributes":{"ActivityID":"EF4EB19A-01BA-0000-A051-19004C040000"},"Execution_attributes":{"ProcessID":1100,"ThreadID":1808},"Channel":"Microsoft-Windows-WinINet-Config/ProxyConfigChanged","Computer":"WIN","Security_attributes":{"UserID":"S-1-5-21-113448046-927799223-410490820-1001"}},"EventData":{"fAutoDetect":false,"pwszAutoConfigUrl":"http://hacker-bypass.com/","pwszProxy":"http://hacker-proxy.lan:123","pwszProxyBypass":"<local>"}}}
{"Event_attributes":{"xmlns":"http://schemas.microsoft.com/win/2004/08/events/event"},"Event":{"System":{"Provider_attributes":{"Name":"Microsoft-Windows-WinINet-Config","Guid":"5402E5EA-1BDD-4390-82BE-E108F1E634F5"},"EventID":5600,"Version":0,"Level":4,"Task":0,"Opcode":0,"Keywords":"0x8000000000000000","TimeCreated_attributes":{"SystemTime":"2023-04-14T08:25:12.220053Z"},"EventRecordID":13,"Correlation_attributes":{"ActivityID":"EF4EB19A-01C7-0000-848F-19004C040000"},"Execution_attributes":{"ProcessID":1100,"ThreadID":1240},"Channel":"Microsoft-Windows-WinINet-Config/ProxyConfigChanged","Computer":"WIN","Security_attributes":{"UserID":"S-1-5-21-113448046-927799223-410490820-1001"}},"EventData":{"fAutoDetect":false,"pwszAutoConfigUrl":"http://hacker-bypass.com/","pwszProxy":"http://hacker-proxy.lan:123","pwszProxyBypass":"<local>"}}}
{"Event_attributes":{"xmlns":"http://schemas.microsoft.com/win/2004/08/events/event"},"Event":{"System":{"Provider_attributes":{"Name":"Microsoft-Windows-WinINet-Config","Guid":"5402E5EA-1BDD-4390-82BE-E108F1E634F5"},"EventID":5600,"Version":0,"Level":4,"Task":0,"Opcode":0,"Keywords":"0x8000000000000000","TimeCreated_attributes":{"SystemTime":"2023-04-14T08:25:12.223470Z"},"EventRecordID":14,"Correlation_attributes":{"ActivityID":"EF4EB19A-01CC-0000-948F-19004C040000"},"Execution_attributes":{"ProcessID":1100,"ThreadID":1808},"Channel":"Microsoft-Windows-WinINet-Config/ProxyConfigChanged","Computer":"WIN","Security_attributes":{"UserID":"S-1-5-21-113448046-927799223-410490820-1001"}},"EventData":{"fAutoDetect":false,"pwszAutoConfigUrl":"http://hacker-bypass.com/","pwszProxy":"http://hacker-proxy.lan:123","pwszProxyBypass":"http://internal.lan;<local>"}}}
