{"Event_attributes":{"xmlns":"http://schemas.microsoft.com/win/2004/08/events/event"},"Event":{"System":{"Provider_attributes":{"Name":"Microsoft-Windows-Security-Auditing","Guid":"54849625-5478-4994-A5BA-3E3B0328C30D"},"EventID":4662,"Version":0,"Level":0,"Task":14080,"Opcode":0,"Keywords":"0x8020000000000000","TimeCreated_attributes":{"SystemTime":"2021-03-26T20:41:38.771123Z"},"EventRecordID":125592801,"Correlation_attributes":{"ActivityID":"BE6FEEB9-2260-0000-CBEE-6FBE6022D701"},"Execution_attributes":{"ProcessID":560,"ThreadID":608},"Channel":"Security","Computer":"rootdc1.offsec.lan","Security":null},"EventData":{"SubjectUserSid":"S-1-5-21-4230534742-2542757381-3142984815-1111","SubjectUserName":"admmig","SubjectDomainName":"OFFSEC","SubjectLogonId":"0x882d87","ObjectServer":"DS","ObjectType":"%{f780acc0-56f0-11d1-a9c6-0000f80367c1}","ObjectName":"%{665d6fdb-b06f-4d36-9da5-9b8dbaafeb2a}","OperationType":"Object Access","HandleId":"0x0","AccessList":"%%7680\r\n\t\t\t\t","AccessMask":"0x1","Properties":"%%7680\r\n\t{bf967a92-0de6-11d0-a285-00aa003049e2}\r\n","AdditionalInfo":"CN=JUMP01,CN=Servers,CN=OFFSEC-PREMISE,CN=Sites,CN=Configuration,DC=offsec,DC=lan","AdditionalInfo2":"%{2cb2fa54-a21a-4e2f-b7af-a82a56d9d690}"}}}
{"Event_attributes":{"xmlns":"http://schemas.microsoft.com/win/2004/08/events/event"},"Event":{"System":{"Provider_attributes":{"Name":"Microsoft-Windows-Security-Auditing","Guid":"54849625-5478-4994-A5BA-3E3B0328C30D"},"EventID":4662,"Version":0,"Level":0,"Task":14080,"Opcode":0,"Keywords":"0x8020000000000000","TimeCreated_attributes":{"SystemTime":"2021-03-26T20:41:38.988898Z"},"EventRecordID":125592807,"Correlation_attributes":{"ActivityID":"BE6FEEB9-2260-0000-CBEE-6FBE6022D701"},"Execution_attributes":{"ProcessID":560,"ThreadID":608},"Channel":"Security","Computer":"rootdc1.offsec.lan","Security":null},"EventData":{"SubjectUserSid":"S-1-5-21-4230534742-2542757381-3142984815-1111","SubjectUserName":"admmig","SubjectDomainName":"OFFSEC","SubjectLogonId":"0x882e4a","ObjectServer":"DS","ObjectType":"%{19195a5b-6da0-11d0-afd3-00c04fd930c9}","ObjectName":"%{0b32719a-29a5-4ad5-b9dc-56200eba0ce0}","OperationType":"Object Access","HandleId":"0x0","AccessList":"%%7688\r\n\t\t\t\t","AccessMask":"0x100","Properties":"%%7688\r\n\t\t{9923a32a-3607-11d2-b9be-0000f87a36b2}\r\n\t{19195a5b-6da0-11d0-afd3-00c04fd930c9}\r\n","AdditionalInfo":"-","AdditionalInfo2":""}}}
{"Event_attributes":{"xmlns":"http://schemas.microsoft.com/win/2004/08/events/event"},"Event":{"System":{"Provider_attributes":{"Name":"Microsoft-Windows-Security-Auditing","Guid":"54849625-5478-4994-A5BA-3E3B0328C30D"},"EventID":4662,"Version":0,"Level":0,"Task":14080,"Opcode":0,"Keywords":"0x8020000000000000","TimeCreated_attributes":{"SystemTime":"2021-03-26T20:41:39.016904Z"},"EventRecordID":125592809,"Correlation_attributes":{"ActivityID":"BE6FEEB9-2260-0000-CBEE-6FBE6022D701"},"Execution_attributes":{"ProcessID":560,"ThreadID":3376},"Channel":"Security","Computer":"rootdc1.offsec.lan","Security":null},"EventData":{"SubjectUserSid":"S-1-5-21-4230534742-2542757381-3142984815-1111","SubjectUserName":"admmig","SubjectDomainName":"OFFSEC","SubjectLogonId":"0x882e4a","ObjectServer":"DS","ObjectType":"%{19195a5b-6da0-11d0-afd3-00c04fd930c9}","ObjectName":"%{0b32719a-29a5-4ad5-b9dc-56200eba0ce0}","OperationType":"Object Access","HandleId":"0x0","AccessList":"%%7688\r\n\t\t\t\t","AccessMask":"0x100","Properties":"%%7688\r\n\t\t{1131f6ac-9c07-11d1-f79f-00c04fc2dcd2}\r\n\t{19195a5b-6da0-11d0-afd3-00c04fd930c9}\r\n","AdditionalInfo":"-","AdditionalInfo2":""}}}
{"Event_attributes":{"xmlns":"http://schemas.microsoft.com/win/2004/08/events/event"},"Event":{"System":{"Provider_attributes":{"Name":"Microsoft-Windows-Security-Auditing","Guid":"54849625-5478-4994-A5BA-3E3B0328C30D"},"EventID":4662,"Version":0,"Level":0,"Task":14080,"Opcode":0,"Keywords":"0x8020000000000000","TimeCreated_attributes":{"SystemTime":"2021-03-26T20:42:21.097092Z"},"EventRecordID":125592907,"Correlation_attributes":{"ActivityID":"BE6FEEB9-2260-0000-CBEE-6FBE6022D701"},"Execution_attributes":{"ProcessID":560,"ThreadID":2248},"Channel":"Security","Computer":"rootdc1.offsec.lan","Security":null},"EventData":{"SubjectUserSid":"S-1-5-21-4230534742-2542757381-3142984815-1111","SubjectUserName":"admmig","SubjectDomainName":"OFFSEC","SubjectLogonId":"0x882e4a","ObjectServer":"DS","ObjectType":"%{19195a5b-6da0-11d0-afd3-00c04fd930c9}","ObjectName":"%{0b32719a-29a5-4ad5-b9dc-56200eba0ce0}","OperationType":"Object Access","HandleId":"0x0","AccessList":"%%7688\r\n\t\t\t\t","AccessMask":"0x100","Properties":"%%7688\r\n\t\t{1131f6ac-9c07-11d1-f79f-00c04fc2dcd2}\r\n\t{19195a5b-6da0-11d0-afd3-00c04fd930c9}\r\n","AdditionalInfo":"-","AdditionalInfo2":""}}}
{"Event_attributes":{"xmlns":"http://schemas.microsoft.com/win/2004/08/events/event"},"Event":{"System":{"Provider_attributes":{"Name":"Microsoft-Windows-Security-Auditing","Guid":"54849625-5478-4994-A5BA-3E3B0328C30D"},"EventID":4662,"Version":0,"Level":0,"Task":14080,"Opcode":0,"Keywords":"0x8020000000000000","TimeCreated_attributes":{"SystemTime":"2021-03-26T20:42:21.103866Z"},"EventRecordID":125592909,"Correlation_attributes":{"ActivityID":"BE6FEEB9-2260-0000-CBEE-6FBE6022D701"},"Execution_attributes":{"ProcessID":560,"ThreadID":2248},"Channel":"Security","Computer":"rootdc1.offsec.lan","Security":null},"EventData":{"SubjectUserSid":"S-1-5-21-4230534742-2542757381-3142984815-1111","SubjectUserName":"admmig","SubjectDomainName":"OFFSEC","SubjectLogonId":"0x882d87","ObjectServer":"DS","ObjectType":"%{f0f8ffab-1191-11d0-a060-00aa006c33ed}","ObjectName":"%{097b2e16-f2c3-44ef-b300-ec7e11e2a9f2}","OperationType":"Object Access","HandleId":"0x0","AccessList":"%%1537\r\n\t\t\t\t","AccessMask":"0x10000","Properties":"%%1537\r\n\t{f0f8ffab-1191-11d0-a060-00aa006c33ed}\r\n","AdditionalInfo":"-","AdditionalInfo2":""}}}
{"Event_attributes":{"xmlns":"http://schemas.microsoft.com/win/2004/08/events/event"},"Event":{"System":{"Provider_attributes":{"Name":"Microsoft-Windows-Security-Auditing","Guid":"54849625-5478-4994-A5BA-3E3B0328C30D"},"EventID":4662,"Version":0,"Level":0,"Task":14080,"Opcode":0,"Keywords":"0x8020000000000000","TimeCreated_attributes":{"SystemTime":"2021-03-26T20:42:21.132094Z"},"EventRecordID":125592910,"Correlation_attributes":{"ActivityID":"BE6FEEB9-2260-0000-CBEE-6FBE6022D701"},"Execution_attributes":{"ProcessID":560,"ThreadID":3376},"Channel":"Security","Computer":"rootdc1.offsec.lan","Security":null},"EventData":{"SubjectUserSid":"S-1-5-21-4230534742-2542757381-3142984815-1111","SubjectUserName":"admmig","SubjectDomainName":"OFFSEC","SubjectLogonId":"0x882d87","ObjectServer":"DS","ObjectType":"%{bf967a92-0de6-11d0-a285-00aa003049e2}","ObjectName":"%{2cb2fa54-a21a-4e2f-b7af-a82a56d9d690}","OperationType":"Object Access","HandleId":"0x0","AccessList":"%%1537\r\n\t\t\t\t","AccessMask":"0x10000","Properties":"%%1537\r\n\t{bf967a92-0de6-11d0-a285-00aa003049e2}\r\n","AdditionalInfo":"-","AdditionalInfo2":""}}}
{"Event_attributes":{"xmlns":"http://schemas.microsoft.com/win/2004/08/events/event"},"Event":{"System":{"Provider_attributes":{"Name":"Microsoft-Windows-Security-Auditing","Guid":"54849625-5478-4994-A5BA-3E3B0328C30D"},"EventID":4662,"Version":0,"Level":0,"Task":14080,"Opcode":0,"Keywords":"0x8020000000000000","TimeCreated_attributes":{"SystemTime":"2021-03-26T20:42:48.219306Z"},"EventRecordID":125592984,"Correlation_attributes":{"ActivityID":"BE6FEEB9-2260-0000-CBEE-6FBE6022D701"},"Execution_attributes":{"ProcessID":560,"ThreadID":652},"Channel":"Security","Computer":"rootdc1.offsec.lan","Security":null},"EventData":{"SubjectUserSid":"S-1-5-18","SubjectUserName":"ROOTDC1$","SubjectDomainName":"OFFSEC","SubjectLogonId":"0x88659c","ObjectServer":"DS","ObjectType":"%{bf967a86-0de6-11d0-a285-00aa003049e2}","ObjectName":"%{832b1c45-2f6e-4c82-be40-d461e377f560}","OperationType":"Object Access","HandleId":"0x0","AccessList":"%%7688\r\n\t\t\t\t","AccessMask":"0x100","Properties":"%%7688\r\n\t{bf967a86-0de6-11d0-a285-00aa003049e2}\r\n\t\t{91e647de-d96f-4b70-9557-d63ff4f3ccd8}\r\n\t\t\t{6617e4ac-a2f1-43ab-b60c-11fbd1facf05}\r\n\t\t\t{b3f93023-9239-4f7c-b99c-6745d87adbc2}\r\n\t\t\t{b8dfa744-31dc-4ef1-ac7c-84baf7ef9da7}\r\n\t\t\t{b7ff5a38-0818-42b0-8110-d3d154c97f24}\r\n\t\t{771727b1-31b8-4cdf-ae62-4fe39fadf89e}\r\n\t\t\t{aa4e1a6d-550d-4e05-8c35-4afcb917a9fe}\r\n\t\t\t{612cb747-c0e8-4f92-9221-fdd5f15b550d}\r\n","AdditionalInfo":"-","AdditionalInfo2":""}}}
{"Event_attributes":{"xmlns":"http://schemas.microsoft.com/win/2004/08/events/event"},"Event":{"System":{"Provider_attributes":{"Name":"Microsoft-Windows-Security-Auditing","Guid":"54849625-5478-4994-A5BA-3E3B0328C30D"},"EventID":4662,"Version":0,"Level":0,"Task":14080,"Opcode":0,"Keywords":"0x8020000000000000","TimeCreated_attributes":{"SystemTime":"2021-03-26T20:42:48.231309Z"},"EventRecordID":125592988,"Correlation_attributes":{"ActivityID":"BE6FEEB9-2260-0000-CBEE-6FBE6022D701"},"Execution_attributes":{"ProcessID":560,"ThreadID":3376},"Channel":"Security","Computer":"rootdc1.offsec.lan","Security":null},"EventData":{"SubjectUserSid":"S-1-5-18","SubjectUserName":"ROOTDC1$","SubjectDomainName":"OFFSEC","SubjectLogonId":"0x886718","ObjectServer":"DS","ObjectType":"%{bf967a86-0de6-11d0-a285-00aa003049e2}","ObjectName":"%{832b1c45-2f6e-4c82-be40-d461e377f560}","OperationType":"Object Access","HandleId":"0x0","AccessList":"%%7688\r\n\t\t\t\t","AccessMask":"0x100","Properties":"%%7688\r\n\t{bf967a86-0de6-11d0-a285-00aa003049e2}\r\n\t\t{91e647de-d96f-4b70-9557-d63ff4f3ccd8}\r\n\t\t\t{6617e4ac-a2f1-43ab-b60c-11fbd1facf05}\r\n\t\t\t{b3f93023-9239-4f7c-b99c-6745d87adbc2}\r\n\t\t\t{b8dfa744-31dc-4ef1-ac7c-84baf7ef9da7}\r\n\t\t\t{b7ff5a38-0818-42b0-8110-d3d154c97f24}\r\n\t\t{771727b1-31b8-4cdf-ae62-4fe39fadf89e}\r\n\t\t\t{aa4e1a6d-550d-4e05-8c35-4afcb917a9fe}\r\n\t\t\t{612cb747-c0e8-4f92-9221-fdd5f15b550d}\r\n","AdditionalInfo":"-","AdditionalInfo2":""}}}
{"Event_attributes":{"xmlns":"http://schemas.microsoft.com/win/2004/08/events/event"},"Event":{"System":{"Provider_attributes":{"Name":"Microsoft-Windows-Security-Auditing","Guid":"54849625-5478-4994-A5BA-3E3B0328C30D"},"EventID":4662,"Version":0,"Level":0,"Task":14080,"Opcode":0,"Keywords":"0x8020000000000000","TimeCreated_attributes":{"SystemTime":"2021-03-26T20:42:48.689866Z"},"EventRecordID":125593032,"Correlation_attributes":{"ActivityID":"BE6FEEB9-2260-0000-CBEE-6FBE6022D701"},"Execution_attributes":{"ProcessID":560,"ThreadID":3376},"Channel":"Security","Computer":"rootdc1.offsec.lan","Security":null},"EventData":{"SubjectUserSid":"S-1-5-18","SubjectUserName":"ROOTDC1$","SubjectDomainName":"OFFSEC","SubjectLogonId":"0x88793f","ObjectServer":"DS","ObjectType":"%{bf967a86-0de6-11d0-a285-00aa003049e2}","ObjectName":"%{832b1c45-2f6e-4c82-be40-d461e377f560}","OperationType":"Object Access","HandleId":"0x0","AccessList":"%%7688\r\n\t\t\t\t","AccessMask":"0x100","Properties":"%%7688\r\n\t{bf967a86-0de6-11d0-a285-00aa003049e2}\r\n\t\t{91e647de-d96f-4b70-9557-d63ff4f3ccd8}\r\n\t\t\t{6617e4ac-a2f1-43ab-b60c-11fbd1facf05}\r\n\t\t\t{b3f93023-9239-4f7c-b99c-6745d87adbc2}\r\n\t\t\t{b8dfa744-31dc-4ef1-ac7c-84baf7ef9da7}\r\n\t\t\t{b7ff5a38-0818-42b0-8110-d3d154c97f24}\r\n\t\t{771727b1-31b8-4cdf-ae62-4fe39fadf89e}\r\n\t\t\t{aa4e1a6d-550d-4e05-8c35-4afcb917a9fe}\r\n\t\t\t{612cb747-c0e8-4f92-9221-fdd5f15b550d}\r\n","AdditionalInfo":"-","AdditionalInfo2":""}}}
{"Event_attributes":{"xmlns":"http://schemas.microsoft.com/win/2004/08/events/event"},"Event":{"System":{"Provider_attributes":{"Name":"Microsoft-Windows-Security-Auditing","Guid":"54849625-5478-4994-A5BA-3E3B0328C30D"},"EventID":4662,"Version":0,"Level":0,"Task":14080,"Opcode":0,"Keywords":"0x8020000000000000","TimeCreated_attributes":{"SystemTime":"2021-03-26T20:42:48.701587Z"},"EventRecordID":125593036,"Correlation_attributes":{"ActivityID":"BE6FEEB9-2260-0000-CBEE-6FBE6022D701"},"Execution_attributes":{"ProcessID":560,"ThreadID":3376},"Channel":"Security","Computer":"rootdc1.offsec.lan","Security":null},"EventData":{"SubjectUserSid":"S-1-5-18","SubjectUserName":"ROOTDC1$","SubjectDomainName":"OFFSEC","SubjectLogonId":"0x887abb","ObjectServer":"DS","ObjectType":"%{bf967a86-0de6-11d0-a285-00aa003049e2}","ObjectName":"%{832b1c45-2f6e-4c82-be40-d461e377f560}","OperationType":"Object Access","HandleId":"0x0","AccessList":"%%7688\r\n\t\t\t\t","AccessMask":"0x100","Properties":"%%7688\r\n\t{bf967a86-0de6-11d0-a285-00aa003049e2}\r\n\t\t{91e647de-d96f-4b70-9557-d63ff4f3ccd8}\r\n\t\t\t{6617e4ac-a2f1-43ab-b60c-11fbd1facf05}\r\n\t\t\t{b3f93023-9239-4f7c-b99c-6745d87adbc2}\r\n\t\t\t{b8dfa744-31dc-4ef1-ac7c-84baf7ef9da7}\r\n\t\t\t{b7ff5a38-0818-42b0-8110-d3d154c97f24}\r\n\t\t{771727b1-31b8-4cdf-ae62-4fe39fadf89e}\r\n\t\t\t{aa4e1a6d-550d-4e05-8c35-4afcb917a9fe}\r\n\t\t\t{612cb747-c0e8-4f92-9221-fdd5f15b550d}\r\n","AdditionalInfo":"-","AdditionalInfo2":""}}}
{"Event_attributes":{"xmlns":"http://schemas.microsoft.com/win/2004/08/events/event"},"Event":{"System":{"Provider_attributes":{"Name":"Microsoft-Windows-Security-Auditing","Guid":"54849625-5478-4994-A5BA-3E3B0328C30D"},"EventID":4662,"Version":0,"Level":0,"Task":14080,"Opcode":0,"Keywords":"0x8020000000000000","TimeCreated_attributes":{"SystemTime":"2021-03-26T20:47:48.945836Z"},"EventRecordID":125594504,"Correlation_attributes":{"ActivityID":"BE6FEEB9-2260-0000-CBEE-6FBE6022D701"},"Execution_attributes":{"ProcessID":560,"ThreadID":3376},"Channel":"Security","Computer":"rootdc1.offsec.lan","Security":null},"EventData":{"SubjectUserSid":"S-1-5-18","SubjectUserName":"ROOTDC1$","SubjectDomainName":"OFFSEC","SubjectLogonId":"0x8991a8","ObjectServer":"DS","ObjectType":"%{bf967a86-0de6-11d0-a285-00aa003049e2}","ObjectName":"%{832b1c45-2f6e-4c82-be40-d461e377f560}","OperationType":"Object Access","HandleId":"0x0","AccessList":"%%7688\r\n\t\t\t\t","AccessMask":"0x100","Properties":"%%7688\r\n\t{bf967a86-0de6-11d0-a285-00aa003049e2}\r\n\t\t{91e647de-d96f-4b70-9557-d63ff4f3ccd8}\r\n\t\t\t{6617e4ac-a2f1-43ab-b60c-11fbd1facf05}\r\n\t\t\t{b3f93023-9239-4f7c-b99c-6745d87adbc2}\r\n\t\t\t{b8dfa744-31dc-4ef1-ac7c-84baf7ef9da7}\r\n\t\t\t{b7ff5a38-0818-42b0-8110-d3d154c97f24}\r\n\t\t{771727b1-31b8-4cdf-ae62-4fe39fadf89e}\r\n\t\t\t{aa4e1a6d-550d-4e05-8c35-4afcb917a9fe}\r\n\t\t\t{612cb747-c0e8-4f92-9221-fdd5f15b550d}\r\n","AdditionalInfo":"-","AdditionalInfo2":""}}}
{"Event_attributes":{"xmlns":"http://schemas.microsoft.com/win/2004/08/events/event"},"Event":{"System":{"Provider_attributes":{"Name":"Microsoft-Windows-Security-Auditing","Guid":"54849625-5478-4994-A5BA-3E3B0328C30D"},"EventID":4662,"Version":0,"Level":0,"Task":14080,"Opcode":0,"Keywords":"0x8020000000000000","TimeCreated_attributes":{"SystemTime":"2021-03-26T20:47:48.958457Z"},"EventRecordID":125594508,"Correlation_attributes":{"ActivityID":"BE6FEEB9-2260-0000-CBEE-6FBE6022D701"},"Execution_attributes":{"ProcessID":560,"ThreadID":2248},"Channel":"Security","Computer":"rootdc1.offsec.lan","Security":null},"EventData":{"SubjectUserSid":"S-1-5-18","SubjectUserName":"ROOTDC1$","SubjectDomainName":"OFFSEC","SubjectLogonId":"0x899324","ObjectServer":"DS","ObjectType":"%{bf967a86-0de6-11d0-a285-00aa003049e2}","ObjectName":"%{832b1c45-2f6e-4c82-be40-d461e377f560}","OperationType":"Object Access","HandleId":"0x0","AccessList":"%%7688\r\n\t\t\t\t","AccessMask":"0x100","Properties":"%%7688\r\n\t{bf967a86-0de6-11d0-a285-00aa003049e2}\r\n\t\t{91e647de-d96f-4b70-9557-d63ff4f3ccd8}\r\n\t\t\t{6617e4ac-a2f1-43ab-b60c-11fbd1facf05}\r\n\t\t\t{b3f93023-9239-4f7c-b99c-6745d87adbc2}\r\n\t\t\t{b8dfa744-31dc-4ef1-ac7c-84baf7ef9da7}\r\n\t\t\t{b7ff5a38-0818-42b0-8110-d3d154c97f24}\r\n\t\t{771727b1-31b8-4cdf-ae62-4fe39fadf89e}\r\n\t\t\t{aa4e1a6d-550d-4e05-8c35-4afcb917a9fe}\r\n\t\t\t{612cb747-c0e8-4f92-9221-fdd5f15b550d}\r\n","AdditionalInfo":"-","AdditionalInfo2":""}}}
{"Event_attributes":{"xmlns":"http://schemas.microsoft.com/win/2004/08/events/event"},"Event":{"System":{"Provider_attributes":{"Name":"Microsoft-Windows-Security-Auditing","Guid":"54849625-5478-4994-A5BA-3E3B0328C30D"},"EventID":4662,"Version":0,"Level":0,"Task":14080,"Opcode":0,"Keywords":"0x8020000000000000","TimeCreated_attributes":{"SystemTime":"2021-03-26T20:47:49.432574Z"},"EventRecordID":125594551,"Correlation_attributes":{"ActivityID":"BE6FEEB9-2260-0000-CBEE-6FBE6022D701"},"Execution_attributes":{"ProcessID":560,"ThreadID":608},"Channel":"Security","Computer":"rootdc1.offsec.lan","Security":null},"EventData":{"SubjectUserSid":"S-1-5-18","SubjectUserName":"ROOTDC1$","SubjectDomainName":"OFFSEC","SubjectLogonId":"0x89a582","ObjectServer":"DS","ObjectType":"%{bf967a86-0de6-11d0-a285-00aa003049e2}","ObjectName":"%{832b1c45-2f6e-4c82-be40-d461e377f560}","OperationType":"Object Access","HandleId":"0x0","AccessList":"%%7688\r\n\t\t\t\t","AccessMask":"0x100","Properties":"%%7688\r\n\t{bf967a86-0de6-11d0-a285-00aa003049e2}\r\n\t\t{91e647de-d96f-4b70-9557-d63ff4f3ccd8}\r\n\t\t\t{6617e4ac-a2f1-43ab-b60c-11fbd1facf05}\r\n\t\t\t{b3f93023-9239-4f7c-b99c-6745d87adbc2}\r\n\t\t\t{b8dfa744-31dc-4ef1-ac7c-84baf7ef9da7}\r\n\t\t\t{b7ff5a38-0818-42b0-8110-d3d154c97f24}\r\n\t\t{771727b1-31b8-4cdf-ae62-4fe39fadf89e}\r\n\t\t\t{aa4e1a6d-550d-4e05-8c35-4afcb917a9fe}\r\n\t\t\t{612cb747-c0e8-4f92-9221-fdd5f15b550d}\r\n","AdditionalInfo":"-","AdditionalInfo2":""}}}
{"Event_attributes":{"xmlns":"http://schemas.microsoft.com/win/2004/08/events/event"},"Event":{"System":{"Provider_attributes":{"Name":"Microsoft-Windows-Security-Auditing","Guid":"54849625-5478-4994-A5BA-3E3B0328C30D"},"EventID":4662,"Version":0,"Level":0,"Task":14080,"Opcode":0,"Keywords":"0x8020000000000000","TimeCreated_attributes":{"SystemTime":"2021-03-26T20:47:49.445248Z"},"EventRecordID":125594555,"Correlation_attributes":{"ActivityID":"BE6FEEB9-2260-0000-CBEE-6FBE6022D701"},"Execution_attributes":{"ProcessID":560,"ThreadID":608},"Channel":"Security","Computer":"rootdc1.offsec.lan","Security":null},"EventData":{"SubjectUserSid":"S-1-5-18","SubjectUserName":"ROOTDC1$","SubjectDomainName":"OFFSEC","SubjectLogonId":"0x89a6fe","ObjectServer":"DS","ObjectType":"%{bf967a86-0de6-11d0-a285-00aa003049e2}","ObjectName":"%{832b1c45-2f6e-4c82-be40-d461e377f560}","OperationType":"Object Access","HandleId":"0x0","AccessList":"%%7688\r\n\t\t\t\t","AccessMask":"0x100","Properties":"%%7688\r\n\t{bf967a86-0de6-11d0-a285-00aa003049e2}\r\n\t\t{91e647de-d96f-4b70-9557-d63ff4f3ccd8}\r\n\t\t\t{6617e4ac-a2f1-43ab-b60c-11fbd1facf05}\r\n\t\t\t{b3f93023-9239-4f7c-b99c-6745d87adbc2}\r\n\t\t\t{b8dfa744-31dc-4ef1-ac7c-84baf7ef9da7}\r\n\t\t\t{b7ff5a38-0818-42b0-8110-d3d154c97f24}\r\n\t\t{771727b1-31b8-4cdf-ae62-4fe39fadf89e}\r\n\t\t\t{aa4e1a6d-550d-4e05-8c35-4afcb917a9fe}\r\n\t\t\t{612cb747-c0e8-4f92-9221-fdd5f15b550d}\r\n","AdditionalInfo":"-","AdditionalInfo2":""}}}
