{"Event_attributes":{"xmlns":"http://schemas.microsoft.com/win/2004/08/events/event"},"Event":{"System":{"Provider_attributes":{"Name":"Microsoft-Windows-Security-Auditing","Guid":"54849625-5478-4994-A5BA-3E3B0328C30D"},"EventID":4741,"Version":0,"Level":0,"Task":13825,"Opcode":0,"Keywords":"0x8020000000000000","TimeCreated_attributes":{"SystemTime":"2024-06-22T14:02:41.620373Z"},"EventRecordID":3175608,"Correlation":null,"Execution_attributes":{"ProcessID":596,"ThreadID":11064},"Channel":"Security","Computer":"CDCWTRDC01.mypartner.lan","Security":null},"EventData":{"TargetUserName":"ROOTBLUE$","TargetDomainName":"MYPARTNER","TargetSid":"S-1-5-21-1407145384-2259788832-4099636412-1109","SubjectUserSid":"S-1-5-21-1407145384-2259788832-4099636412-500","SubjectUserName":"Administrator","SubjectDomainName":"MYPARTNER","SubjectLogonId":"0xffad8559","PrivilegeList":"-","SamAccountName":"ROOTBLUE$","DisplayName":"%%1793","UserPrincipalName":"-","HomeDirectory":"%%1793","HomePath":"%%1793","ScriptPath":"%%1793","ProfilePath":"%%1793","UserWorkstations":"%%1793","PasswordLastSet":"%%1794","AccountExpires":"%%1794","PrimaryGroupId":"513","AllowedToDelegateTo":"-","OldUacValue":"0x0","NewUacValue":"0x45","UserAccountControl":"\r\n\t\t%%2080\r\n\t\t%%2082\r\n\t\t%%2086","UserParameters":"%%1792","SidHistory":"-","LogonHours":"%%1793","DnsHostName":"-","ServicePrincipalNames":"-"}}}
{"Event_attributes":{"xmlns":"http://schemas.microsoft.com/win/2004/08/events/event"},"Event":{"System":{"Provider_attributes":{"Name":"Microsoft-Windows-Security-Auditing","Guid":"54849625-5478-4994-A5BA-3E3B0328C30D"},"EventID":4742,"Version":0,"Level":0,"Task":13825,"Opcode":0,"Keywords":"0x8020000000000000","TimeCreated_attributes":{"SystemTime":"2024-06-22T14:02:41.639109Z"},"EventRecordID":3175611,"Correlation":null,"Execution_attributes":{"ProcessID":596,"ThreadID":11064},"Channel":"Security","Computer":"CDCWTRDC01.mypartner.lan","Security":null},"EventData":{"ComputerAccountChange":"-","TargetUserName":"ROOTBLUE$","TargetDomainName":"MYPARTNER","TargetSid":"S-1-5-21-1407145384-2259788832-4099636412-1109","SubjectUserSid":"S-1-5-21-1407145384-2259788832-4099636412-500","SubjectUserName":"Administrator","SubjectDomainName":"MYPARTNER","SubjectLogonId":"0xffad8559","PrivilegeList":"-","SamAccountName":"-","DisplayName":"-","UserPrincipalName":"-","HomeDirectory":"-","HomePath":"-","ScriptPath":"-","ProfilePath":"-","UserWorkstations":"-","PasswordLastSet":"22.06.2024 16:02:41","AccountExpires":"-","PrimaryGroupId":"-","AllowedToDelegateTo":"-","OldUacValue":"0x45","NewUacValue":"0x44","UserAccountControl":"\r\n\t\t%%2048","UserParameters":"-","SidHistory":"-","LogonHours":"-","DnsHostName":"-","ServicePrincipalNames":"-"}}}
{"Event_attributes":{"xmlns":"http://schemas.microsoft.com/win/2004/08/events/event"},"Event":{"System":{"Provider_attributes":{"Name":"Microsoft-Windows-Security-Auditing","Guid":"54849625-5478-4994-A5BA-3E3B0328C30D"},"EventID":4706,"Version":0,"Level":0,"Task":13569,"Opcode":0,"Keywords":"0x8020000000000000","TimeCreated_attributes":{"SystemTime":"2024-06-22T14:02:41.639162Z"},"EventRecordID":3175612,"Correlation":null,"Execution_attributes":{"ProcessID":596,"ThreadID":11064},"Channel":"Security","Computer":"CDCWTRDC01.mypartner.lan","Security":null},"EventData":{"DomainName":"rootblue.lan","DomainSid":"S-1-5-21-392370121-190461309-2151315433","SubjectUserSid":"S-1-5-21-1407145384-2259788832-4099636412-500","SubjectUserName":"Administrator","SubjectDomainName":"MYPARTNER","SubjectLogonId":"0xffad8559","TdoType":2,"TdoDirection":3,"TdoAttributes":8,"SidFilteringEnabled":"%%1796"}}}
{"Event_attributes":{"xmlns":"http://schemas.microsoft.com/win/2004/08/events/event"},"Event":{"System":{"Provider_attributes":{"Name":"Microsoft-Windows-Security-Auditing","Guid":"54849625-5478-4994-A5BA-3E3B0328C30D"},"EventID":4865,"Version":0,"Level":0,"Task":13569,"Opcode":0,"Keywords":"0x8020000000000000","TimeCreated_attributes":{"SystemTime":"2024-06-22T14:02:41.749935Z"},"EventRecordID":3175613,"Correlation":null,"Execution_attributes":{"ProcessID":596,"ThreadID":3360},"Channel":"Security","Computer":"CDCWTRDC01.mypartner.lan","Security":null},"EventData":{"ForestRoot":"rootblue.lan","ForestRootSid":"S-1-5-21-392370121-190461309-2151315433","OperationId":"0xffadf358","EntryType":0,"Flags":0,"TopLevelName":"rootblue.lan","DnsName":"-","NetbiosName":"-","DomainSid":"S-1-0-0","SubjectUserSid":"S-1-5-21-1407145384-2259788832-4099636412-500","SubjectUserName":"Administrator","SubjectDomainName":"MYPARTNER","SubjectLogonId":"0xffad8559"}}}
{"Event_attributes":{"xmlns":"http://schemas.microsoft.com/win/2004/08/events/event"},"Event":{"System":{"Provider_attributes":{"Name":"Microsoft-Windows-Security-Auditing","Guid":"54849625-5478-4994-A5BA-3E3B0328C30D"},"EventID":4865,"Version":0,"Level":0,"Task":13569,"Opcode":0,"Keywords":"0x8020000000000000","TimeCreated_attributes":{"SystemTime":"2024-06-22T14:02:41.749948Z"},"EventRecordID":3175614,"Correlation":null,"Execution_attributes":{"ProcessID":596,"ThreadID":3360},"Channel":"Security","Computer":"CDCWTRDC01.mypartner.lan","Security":null},"EventData":{"ForestRoot":"rootblue.lan","ForestRootSid":"S-1-5-21-392370121-190461309-2151315433","OperationId":"0xffadf358","EntryType":2,"Flags":0,"TopLevelName":"-","DnsName":"child.rootblue.lan","NetbiosName":"CHILD","DomainSid":"S-1-5-21-2047893623-4037909379-2884207733","SubjectUserSid":"S-1-5-21-1407145384-2259788832-4099636412-500","SubjectUserName":"Administrator","SubjectDomainName":"MYPARTNER","SubjectLogonId":"0xffad8559"}}}
{"Event_attributes":{"xmlns":"http://schemas.microsoft.com/win/2004/08/events/event"},"Event":{"System":{"Provider_attributes":{"Name":"Microsoft-Windows-Security-Auditing","Guid":"54849625-5478-4994-A5BA-3E3B0328C30D"},"EventID":4865,"Version":0,"Level":0,"Task":13569,"Opcode":0,"Keywords":"0x8020000000000000","TimeCreated_attributes":{"SystemTime":"2024-06-22T14:02:41.749959Z"},"EventRecordID":3175615,"Correlation":null,"Execution_attributes":{"ProcessID":596,"ThreadID":3360},"Channel":"Security","Computer":"CDCWTRDC01.mypartner.lan","Security":null},"EventData":{"ForestRoot":"rootblue.lan","ForestRootSid":"S-1-5-21-392370121-190461309-2151315433","OperationId":"0xffadf358","EntryType":2,"Flags":0,"TopLevelName":"-","DnsName":"rootblue.lan","NetbiosName":"ROOTBLUE","DomainSid":"S-1-5-21-392370121-190461309-2151315433","SubjectUserSid":"S-1-5-21-1407145384-2259788832-4099636412-500","SubjectUserName":"Administrator","SubjectDomainName":"MYPARTNER","SubjectLogonId":"0xffad8559"}}}
