{"Event_attributes":{"xmlns":"http://schemas.microsoft.com/win/2004/08/events/event"},"Event":{"System":{"Provider_attributes":{"Name":"Microsoft-Windows-Security-Auditing","Guid":"54849625-5478-4994-A5BA-3E3B0328C30D"},"EventID":4661,"Version":1,"Level":0,"Task":12803,"Opcode":0,"Keywords":"0x8020000000000000","TimeCreated_attributes":{"SystemTime":"2021-03-26T16:59:24.934030Z"},"EventRecordID":125523009,"Correlation":null,"Execution_attributes":{"ProcessID":4,"ThreadID":268},"Channel":"Security","Computer":"rootdc1.offsec.lan","Security":null},"EventData":{"SubjectUserSid":"S-1-5-21-4230534742-2542757381-3142984815-1111","SubjectUserName":"admmig","SubjectDomainName":"OFFSEC","SubjectLogonId":"0x493ac","ObjectServer":"Security Account Manager","ObjectType":"SAM_USER","ObjectName":"S-1-5-21-4230534742-2542757381-3142984815-1155","HandleId":"0x1d35e253590","TransactionId":"00000000-0000-0000-0000-000000000000","AccessList":"%%1537\r\n\t\t\t\t%%1538\r\n\t\t\t\t%%1539\r\n\t\t\t\t%%1540\r\n\t\t\t\t%%5440\r\n\t\t\t\t%%5441\r\n\t\t\t\t%%5442\r\n\t\t\t\t%%5443\r\n\t\t\t\t%%5444\r\n\t\t\t\t%%5445\r\n\t\t\t\t%%5447\r\n\t\t\t\t%%5448\r\n\t\t\t\t","AccessReason":"-","AccessMask":"0xf01bf","PrivilegeList":"-","Properties":"---\r\n\t{bf967aba-0de6-11d0-a285-00aa003049e2}\r\n%%1537\r\n%%1538\r\n%%1539\r\n%%1540\r\n%%5440\r\n%%5441\r\n%%5442\r\n%%5443\r\n%%5444\r\n%%5445\r\n%%5447\r\n%%5448\r\n\t\t{59ba2f42-79a2-11d0-9020-00c04fc2d3cf}\r\n\t\t\t{bf967938-0de6-11d0-a285-00aa003049e2}\r\n\t\t\t{5fd42471-1262-11d0-a060-00aa006c33ed}\r\n\t\t\t{bf9679e8-0de6-11d0-a285-00aa003049e2}\r\n\t\t\t{bf967a00-0de6-11d0-a285-00aa003049e2}\r\n\t\t\t{3e0abfd0-126a-11d0-a060-00aa006c33ed}\r\n\t\t\t{bf967a6a-0de6-11d0-a285-00aa003049e2}\r\n\t\t\t{bf967953-0de6-11d0-a285-00aa003049e2}\r\n\t\t{4c164200-20c0-11d0-a768-00aa006e0529}\r\n\t\t\t{bf967915-0de6-11d0-a285-00aa003049e2}\r\n\t\t\t{bf967a0a-0de6-11d0-a285-00aa003049e2}\r\n\t\t\t{bf967a68-0de6-11d0-a285-00aa003049e2}\r\n\t\t\t{bf967a6d-0de6-11d0-a285-00aa003049e2}\r\n\t\t{5f202010-79a5-11d0-9020-00c04fc2d4cf}\r\n\t\t\t{bf96792e-0de6-11d0-a285-00aa003049e2}\r\n\t\t\t{bf967985-0de6-11d0-a285-00aa003049e2}\r\n\t\t\t{bf967986-0de6-11d0-a285-00aa003049e2}\r\n\t\t\t{bf967996-0de6-11d0-a285-00aa003049e2}\r\n\t\t\t{bf967997-0de6-11d0-a285-00aa003049e2}\r\n\t\t\t{bf9679aa-0de6-11d0-a285-00aa003049e2}\r\n\t\t\t{bf9679ab-0de6-11d0-a285-00aa003049e2}\r\n\t\t\t{bf9679ac-0de6-11d0-a285-00aa003049e2}\r\n\t\t\t{bf967a05-0de6-11d0-a285-00aa003049e2}\r\n\t\t\t{bf9679a8-0de6-11d0-a285-00aa003049e2}\r\n\t\t{e48d0154-bcf8-11d1-8702-00c04fb96050}\r\n\t\t\t{bf967950-0de6-11d0-a285-00aa003049e2}\r\n\t\t{bc0ac240-79a9-11d0-9020-00c04fc2d4cf}\r\n\t\t\t{bf967991-0de6-11d0-a285-00aa003049e2}\r\n\t\t{ab721a53-1e2f-11d0-9819-00aa0040529b}\r\n\t\t{00299570-246d-11d0-a768-00aa006e0529}\r\n\t\t{7ed84960-ad10-11d0-8a92-00aa006e0529}\r\n","RestrictedSidCount":0,"ProcessId":"0x230","ProcessName":"C:\\Windows\\System32\\lsass.exe"}}}
{"Event_attributes":{"xmlns":"http://schemas.microsoft.com/win/2004/08/events/event"},"Event":{"System":{"Provider_attributes":{"Name":"Microsoft-Windows-Security-Auditing","Guid":"54849625-5478-4994-A5BA-3E3B0328C30D"},"EventID":4658,"Version":0,"Level":0,"Task":12804,"Opcode":0,"Keywords":"0x8020000000000000","TimeCreated_attributes":{"SystemTime":"2021-03-26T16:59:24.935411Z"},"EventRecordID":125523010,"Correlation":null,"Execution_attributes":{"ProcessID":4,"ThreadID":268},"Channel":"Security","Computer":"rootdc1.offsec.lan","Security":null},"EventData":{"SubjectUserSid":"S-1-5-21-4230534742-2542757381-3142984815-1111","SubjectUserName":"admmig","SubjectDomainName":"OFFSEC","SubjectLogonId":"0x493ac","ObjectServer":"Security Account Manager","HandleId":"0x1d35e253590","ProcessId":"0x230","ProcessName":"C:\\Windows\\System32\\lsass.exe"}}}
{"Event_attributes":{"xmlns":"http://schemas.microsoft.com/win/2004/08/events/event"},"Event":{"System":{"Provider_attributes":{"Name":"Microsoft-Windows-Security-Auditing","Guid":"54849625-5478-4994-A5BA-3E3B0328C30D"},"EventID":4661,"Version":1,"Level":0,"Task":12803,"Opcode":0,"Keywords":"0x8020000000000000","TimeCreated_attributes":{"SystemTime":"2021-03-26T16:59:24.937821Z"},"EventRecordID":125523011,"Correlation":null,"Execution_attributes":{"ProcessID":4,"ThreadID":268},"Channel":"Security","Computer":"rootdc1.offsec.lan","Security":null},"EventData":{"SubjectUserSid":"S-1-5-21-4230534742-2542757381-3142984815-1111","SubjectUserName":"admmig","SubjectDomainName":"OFFSEC","SubjectLogonId":"0x493ac","ObjectServer":"Security Account Manager","ObjectType":"SAM_USER","ObjectName":"S-1-5-21-4230534742-2542757381-3142984815-1156","HandleId":"0x1d35e250570","TransactionId":"00000000-0000-0000-0000-000000000000","AccessList":"%%1537\r\n\t\t\t\t%%1538\r\n\t\t\t\t%%1539\r\n\t\t\t\t%%1540\r\n\t\t\t\t%%5440\r\n\t\t\t\t%%5441\r\n\t\t\t\t%%5442\r\n\t\t\t\t%%5443\r\n\t\t\t\t%%5444\r\n\t\t\t\t%%5445\r\n\t\t\t\t%%5446\r\n\t\t\t\t%%5447\r\n\t\t\t\t","AccessReason":"-","AccessMask":"0xf00ff","PrivilegeList":"-","Properties":"---\r\n\t{bf967aba-0de6-11d0-a285-00aa003049e2}\r\n%%1537\r\n%%1538\r\n%%1539\r\n%%1540\r\n%%5440\r\n%%5441\r\n%%5442\r\n%%5443\r\n%%5444\r\n%%5445\r\n%%5446\r\n%%5447\r\n\t\t{ab721a53-1e2f-11d0-9819-00aa0040529b}\r\n%%1537\r\n%%1538\r\n%%1539\r\n%%1540\r\n%%5440\r\n%%5441\r\n%%5442\r\n%%5443\r\n%%5444\r\n%%5445\r\n%%5446\r\n%%5447\r\n%%5448\r\n\t\t\t{bf967938-0de6-11d0-a285-00aa003049e2}\r\n\t\t\t{5fd42471-1262-11d0-a060-00aa006c33ed}\r\n\t\t\t{bf9679e8-0de6-11d0-a285-00aa003049e2}\r\n\t\t\t{bf967a00-0de6-11d0-a285-00aa003049e2}\r\n\t\t\t{3e0abfd0-126a-11d0-a060-00aa006c33ed}\r\n\t\t\t{bf967a6a-0de6-11d0-a285-00aa003049e2}\r\n\t\t\t{bf967953-0de6-11d0-a285-00aa003049e2}\r\n\t\t{4c164200-20c0-11d0-a768-00aa006e0529}\r\n\t\t\t{bf967915-0de6-11d0-a285-00aa003049e2}\r\n\t\t\t{bf967a0a-0de6-11d0-a285-00aa003049e2}\r\n\t\t\t{bf967a68-0de6-11d0-a285-00aa003049e2}\r\n\t\t\t{bf967a6d-0de6-11d0-a285-00aa003049e2}\r\n\t\t{5f202010-79a5-11d0-9020-00c04fc2d4cf}\r\n\t\t{59ba2f42-79a2-11d0-9020-00c04fc2d3cf}\r\n\t\t\t{bf967985-0de6-11d0-a285-00aa003049e2}\r\n\t\t\t{bf967986-0de6-11d0-a285-00aa003049e2}\r\n\t\t\t{bf967996-0de6-11d0-a285-00aa003049e2}\r\n\t\t\t{bf967997-0de6-11d0-a285-00aa003049e2}\r\n\t\t\t{bf9679aa-0de6-11d0-a285-00aa003049e2}\r\n\t\t\t{bf9679ab-0de6-11d0-a285-00aa003049e2}\r\n\t\t\t{bf9679ac-0de6-11d0-a285-00aa003049e2}\r\n\t\t\t{bf967a05-0de6-11d0-a285-00aa003049e2}\r\n\t\t\t{bf9679a8-0de6-11d0-a285-00aa003049e2}\r\n\t\t{e48d0154-bcf8-11d1-8702-00c04fb96050}\r\n\t\t\t{bf967950-0de6-11d0-a285-00aa003049e2}\r\n\t\t{bc0ac240-79a9-11d0-9020-00c04fc2d4cf}\r\n\t\t\t{bf967991-0de6-11d0-a285-00aa003049e2}\r\n\t\t\t{bf96792e-0de6-11d0-a285-00aa003049e2}\r\n\t\t{00299570-246d-11d0-a768-00aa006e0529}\r\n\t\t{7ed84960-ad10-11d0-8a92-00aa006e0529}\r\n","RestrictedSidCount":0,"ProcessId":"0x230","ProcessName":"C:\\Windows\\System32\\lsass.exe"}}}
{"Event_attributes":{"xmlns":"http://schemas.microsoft.com/win/2004/08/events/event"},"Event":{"System":{"Provider_attributes":{"Name":"Microsoft-Windows-Security-Auditing","Guid":"54849625-5478-4994-A5BA-3E3B0328C30D"},"EventID":4658,"Version":0,"Level":0,"Task":12804,"Opcode":0,"Keywords":"0x8020000000000000","TimeCreated_attributes":{"SystemTime":"2021-03-26T16:59:24.940148Z"},"EventRecordID":125523012,"Correlation":null,"Execution_attributes":{"ProcessID":4,"ThreadID":268},"Channel":"Security","Computer":"rootdc1.offsec.lan","Security":null},"EventData":{"SubjectUserSid":"S-1-5-21-4230534742-2542757381-3142984815-1111","SubjectUserName":"admmig","SubjectDomainName":"OFFSEC","SubjectLogonId":"0x493ac","ObjectServer":"Security Account Manager","HandleId":"0x1d35e250570","ProcessId":"0x230","ProcessName":"C:\\Windows\\System32\\lsass.exe"}}}
{"Event_attributes":{"xmlns":"http://schemas.microsoft.com/win/2004/08/events/event"},"Event":{"System":{"Provider_attributes":{"Name":"Microsoft-Windows-Security-Auditing","Guid":"54849625-5478-4994-A5BA-3E3B0328C30D"},"EventID":4661,"Version":1,"Level":0,"Task":14080,"Opcode":0,"Keywords":"0x8020000000000000","TimeCreated_attributes":{"SystemTime":"2021-03-26T16:59:24.940160Z"},"EventRecordID":125523013,"Correlation":null,"Execution_attributes":{"ProcessID":4,"ThreadID":268},"Channel":"Security","Computer":"rootdc1.offsec.lan","Security":null},"EventData":{"SubjectUserSid":"S-1-5-21-4230534742-2542757381-3142984815-1111","SubjectUserName":"admmig","SubjectDomainName":"OFFSEC","SubjectLogonId":"0x493ac","ObjectServer":"Security Account Manager","ObjectType":"SAM_SERVER","ObjectName":"SAM","HandleId":"0x0","TransactionId":"00000000-0000-0000-0000-000000000000","AccessList":"%%5384\r\n\t\t\t\t","AccessReason":"-","AccessMask":"0x100","PrivilegeList":"-","Properties":"---\r\n\t{bf967aad-0de6-11d0-a285-00aa003049e2}\r\n%%5384\r\n\t\t{91d67418-0135-4acc-8d79-c08e857cfbec}\r\n","RestrictedSidCount":0,"ProcessId":"0x230","ProcessName":"C:\\Windows\\System32\\lsass.exe"}}}
{"Event_attributes":{"xmlns":"http://schemas.microsoft.com/win/2004/08/events/event"},"Event":{"System":{"Provider_attributes":{"Name":"Microsoft-Windows-Security-Auditing","Guid":"54849625-5478-4994-A5BA-3E3B0328C30D"},"EventID":4661,"Version":1,"Level":0,"Task":12803,"Opcode":0,"Keywords":"0x8020000000000000","TimeCreated_attributes":{"SystemTime":"2021-03-26T16:59:24.943953Z"},"EventRecordID":125523014,"Correlation":null,"Execution_attributes":{"ProcessID":4,"ThreadID":268},"Channel":"Security","Computer":"rootdc1.offsec.lan","Security":null},"EventData":{"SubjectUserSid":"S-1-5-21-4230534742-2542757381-3142984815-1111","SubjectUserName":"admmig","SubjectDomainName":"OFFSEC","SubjectLogonId":"0x493ac","ObjectServer":"Security Account Manager","ObjectType":"SAM_USER","ObjectName":"S-1-5-21-4230534742-2542757381-3142984815-1161","HandleId":"0x1d35e252250","TransactionId":"00000000-0000-0000-0000-000000000000","AccessList":"%%1537\r\n\t\t\t\t%%1538\r\n\t\t\t\t%%1539\r\n\t\t\t\t%%1540\r\n\t\t\t\t%%5440\r\n\t\t\t\t%%5441\r\n\t\t\t\t%%5442\r\n\t\t\t\t%%5443\r\n\t\t\t\t%%5444\r\n\t\t\t\t%%5445\r\n\t\t\t\t%%5446\r\n\t\t\t\t%%5447\r\n\t\t\t\t%%5448\r\n\t\t\t\t","AccessReason":"-","AccessMask":"0xf01ff","PrivilegeList":"-","Properties":"---\r\n\t{bf967aba-0de6-11d0-a285-00aa003049e2}\r\n%%1537\r\n%%1538\r\n%%1539\r\n%%1540\r\n%%5440\r\n%%5441\r\n%%5442\r\n%%5443\r\n%%5444\r\n%%5445\r\n%%5446\r\n%%5447\r\n%%5448\r\n\t\t{59ba2f42-79a2-11d0-9020-00c04fc2d3cf}\r\n\t\t\t{bf967938-0de6-11d0-a285-00aa003049e2}\r\n\t\t\t{5fd42471-1262-11d0-a060-00aa006c33ed}\r\n\t\t\t{bf9679e8-0de6-11d0-a285-00aa003049e2}\r\n\t\t\t{bf967a00-0de6-11d0-a285-00aa003049e2}\r\n\t\t\t{3e0abfd0-126a-11d0-a060-00aa006c33ed}\r\n\t\t\t{bf967a6a-0de6-11d0-a285-00aa003049e2}\r\n\t\t\t{bf967953-0de6-11d0-a285-00aa003049e2}\r\n\t\t{4c164200-20c0-11d0-a768-00aa006e0529}\r\n\t\t\t{bf967915-0de6-11d0-a285-00aa003049e2}\r\n\t\t\t{bf967a0a-0de6-11d0-a285-00aa003049e2}\r\n\t\t\t{bf967a68-0de6-11d0-a285-00aa003049e2}\r\n\t\t\t{bf967a6d-0de6-11d0-a285-00aa003049e2}\r\n\t\t{5f202010-79a5-11d0-9020-00c04fc2d4cf}\r\n\t\t\t{bf96792e-0de6-11d0-a285-00aa003049e2}\r\n\t\t\t{bf967985-0de6-11d0-a285-00aa003049e2}\r\n\t\t\t{bf967986-0de6-11d0-a285-00aa003049e2}\r\n\t\t\t{bf967996-0de6-11d0-a285-00aa003049e2}\r\n\t\t\t{bf967997-0de6-11d0-a285-00aa003049e2}\r\n\t\t\t{bf9679aa-0de6-11d0-a285-00aa003049e2}\r\n\t\t\t{bf9679ab-0de6-11d0-a285-00aa003049e2}\r\n\t\t\t{bf9679ac-0de6-11d0-a285-00aa003049e2}\r\n\t\t\t{bf967a05-0de6-11d0-a285-00aa003049e2}\r\n\t\t\t{bf9679a8-0de6-11d0-a285-00aa003049e2}\r\n\t\t{e48d0154-bcf8-11d1-8702-00c04fb96050}\r\n\t\t\t{bf967950-0de6-11d0-a285-00aa003049e2}\r\n\t\t{bc0ac240-79a9-11d0-9020-00c04fc2d4cf}\r\n\t\t\t{bf967991-0de6-11d0-a285-00aa003049e2}\r\n\t\t{ab721a53-1e2f-11d0-9819-00aa0040529b}\r\n\t\t{00299570-246d-11d0-a768-00aa006e0529}\r\n\t\t{7ed84960-ad10-11d0-8a92-00aa006e0529}\r\n","RestrictedSidCount":0,"ProcessId":"0x230","ProcessName":"C:\\Windows\\System32\\lsass.exe"}}}
{"Event_attributes":{"xmlns":"http://schemas.microsoft.com/win/2004/08/events/event"},"Event":{"System":{"Provider_attributes":{"Name":"Microsoft-Windows-Security-Auditing","Guid":"54849625-5478-4994-A5BA-3E3B0328C30D"},"EventID":4658,"Version":0,"Level":0,"Task":12804,"Opcode":0,"Keywords":"0x8020000000000000","TimeCreated_attributes":{"SystemTime":"2021-03-26T16:59:24.945365Z"},"EventRecordID":125523015,"Correlation":null,"Execution_attributes":{"ProcessID":4,"ThreadID":268},"Channel":"Security","Computer":"rootdc1.offsec.lan","Security":null},"EventData":{"SubjectUserSid":"S-1-5-21-4230534742-2542757381-3142984815-1111","SubjectUserName":"admmig","SubjectDomainName":"OFFSEC","SubjectLogonId":"0x493ac","ObjectServer":"Security Account Manager","HandleId":"0x1d35e252250","ProcessId":"0x230","ProcessName":"C:\\Windows\\System32\\lsass.exe"}}}
{"Event_attributes":{"xmlns":"http://schemas.microsoft.com/win/2004/08/events/event"},"Event":{"System":{"Provider_attributes":{"Name":"Microsoft-Windows-Security-Auditing","Guid":"54849625-5478-4994-A5BA-3E3B0328C30D"},"EventID":4661,"Version":1,"Level":0,"Task":12803,"Opcode":0,"Keywords":"0x8020000000000000","TimeCreated_attributes":{"SystemTime":"2021-03-26T16:59:24.947743Z"},"EventRecordID":125523016,"Correlation":null,"Execution_attributes":{"ProcessID":4,"ThreadID":268},"Channel":"Security","Computer":"rootdc1.offsec.lan","Security":null},"EventData":{"SubjectUserSid":"S-1-5-21-4230534742-2542757381-3142984815-1111","SubjectUserName":"admmig","SubjectDomainName":"OFFSEC","SubjectLogonId":"0x493ac","ObjectServer":"Security Account Manager","ObjectType":"SAM_USER","ObjectName":"S-1-5-21-4230534742-2542757381-3142984815-1170","HandleId":"0x1d35e2513e0","TransactionId":"00000000-0000-0000-0000-000000000000","AccessList":"%%1537\r\n\t\t\t\t%%1538\r\n\t\t\t\t%%1539\r\n\t\t\t\t%%1540\r\n\t\t\t\t%%5440\r\n\t\t\t\t%%5441\r\n\t\t\t\t%%5442\r\n\t\t\t\t%%5443\r\n\t\t\t\t%%5444\r\n\t\t\t\t%%5445\r\n\t\t\t\t%%5446\r\n\t\t\t\t%%5447\r\n\t\t\t\t%%5448\r\n\t\t\t\t","AccessReason":"-","AccessMask":"0xf01ff","PrivilegeList":"-","Properties":"---\r\n\t{bf967aba-0de6-11d0-a285-00aa003049e2}\r\n%%1537\r\n%%1538\r\n%%1539\r\n%%1540\r\n%%5440\r\n%%5441\r\n%%5442\r\n%%5443\r\n%%5444\r\n%%5445\r\n%%5446\r\n%%5447\r\n%%5448\r\n\t\t{59ba2f42-79a2-11d0-9020-00c04fc2d3cf}\r\n\t\t\t{bf967938-0de6-11d0-a285-00aa003049e2}\r\n\t\t\t{5fd42471-1262-11d0-a060-00aa006c33ed}\r\n\t\t\t{bf9679e8-0de6-11d0-a285-00aa003049e2}\r\n\t\t\t{bf967a00-0de6-11d0-a285-00aa003049e2}\r\n\t\t\t{3e0abfd0-126a-11d0-a060-00aa006c33ed}\r\n\t\t\t{bf967a6a-0de6-11d0-a285-00aa003049e2}\r\n\t\t\t{bf967953-0de6-11d0-a285-00aa003049e2}\r\n\t\t{4c164200-20c0-11d0-a768-00aa006e0529}\r\n\t\t\t{bf967915-0de6-11d0-a285-00aa003049e2}\r\n\t\t\t{bf967a0a-0de6-11d0-a285-00aa003049e2}\r\n\t\t\t{bf967a68-0de6-11d0-a285-00aa003049e2}\r\n\t\t\t{bf967a6d-0de6-11d0-a285-00aa003049e2}\r\n\t\t{5f202010-79a5-11d0-9020-00c04fc2d4cf}\r\n\t\t\t{bf96792e-0de6-11d0-a285-00aa003049e2}\r\n\t\t\t{bf967985-0de6-11d0-a285-00aa003049e2}\r\n\t\t\t{bf967986-0de6-11d0-a285-00aa003049e2}\r\n\t\t\t{bf967996-0de6-11d0-a285-00aa003049e2}\r\n\t\t\t{bf967997-0de6-11d0-a285-00aa003049e2}\r\n\t\t\t{bf9679aa-0de6-11d0-a285-00aa003049e2}\r\n\t\t\t{bf9679ab-0de6-11d0-a285-00aa003049e2}\r\n\t\t\t{bf9679ac-0de6-11d0-a285-00aa003049e2}\r\n\t\t\t{bf967a05-0de6-11d0-a285-00aa003049e2}\r\n\t\t\t{bf9679a8-0de6-11d0-a285-00aa003049e2}\r\n\t\t{e48d0154-bcf8-11d1-8702-00c04fb96050}\r\n\t\t\t{bf967950-0de6-11d0-a285-00aa003049e2}\r\n\t\t{bc0ac240-79a9-11d0-9020-00c04fc2d4cf}\r\n\t\t\t{bf967991-0de6-11d0-a285-00aa003049e2}\r\n\t\t{ab721a53-1e2f-11d0-9819-00aa0040529b}\r\n\t\t{00299570-246d-11d0-a768-00aa006e0529}\r\n\t\t{7ed84960-ad10-11d0-8a92-00aa006e0529}\r\n","RestrictedSidCount":0,"ProcessId":"0x230","ProcessName":"C:\\Windows\\System32\\lsass.exe"}}}
{"Event_attributes":{"xmlns":"http://schemas.microsoft.com/win/2004/08/events/event"},"Event":{"System":{"Provider_attributes":{"Name":"Microsoft-Windows-Security-Auditing","Guid":"54849625-5478-4994-A5BA-3E3B0328C30D"},"EventID":4658,"Version":0,"Level":0,"Task":12804,"Opcode":0,"Keywords":"0x8020000000000000","TimeCreated_attributes":{"SystemTime":"2021-03-26T16:59:24.949746Z"},"EventRecordID":125523017,"Correlation":null,"Execution_attributes":{"ProcessID":4,"ThreadID":268},"Channel":"Security","Computer":"rootdc1.offsec.lan","Security":null},"EventData":{"SubjectUserSid":"S-1-5-21-4230534742-2542757381-3142984815-1111","SubjectUserName":"admmig","SubjectDomainName":"OFFSEC","SubjectLogonId":"0x493ac","ObjectServer":"Security Account Manager","HandleId":"0x1d35e2513e0","ProcessId":"0x230","ProcessName":"C:\\Windows\\System32\\lsass.exe"}}}
{"Event_attributes":{"xmlns":"http://schemas.microsoft.com/win/2004/08/events/event"},"Event":{"System":{"Provider_attributes":{"Name":"Microsoft-Windows-Security-Auditing","Guid":"54849625-5478-4994-A5BA-3E3B0328C30D"},"EventID":4661,"Version":1,"Level":0,"Task":14080,"Opcode":0,"Keywords":"0x8020000000000000","TimeCreated_attributes":{"SystemTime":"2021-03-26T16:59:24.949759Z"},"EventRecordID":125523018,"Correlation":null,"Execution_attributes":{"ProcessID":4,"ThreadID":268},"Channel":"Security","Computer":"rootdc1.offsec.lan","Security":null},"EventData":{"SubjectUserSid":"S-1-5-21-4230534742-2542757381-3142984815-1111","SubjectUserName":"admmig","SubjectDomainName":"OFFSEC","SubjectLogonId":"0x493ac","ObjectServer":"Security Account Manager","ObjectType":"SAM_SERVER","ObjectName":"SAM","HandleId":"0x0","TransactionId":"00000000-0000-0000-0000-000000000000","AccessList":"%%5384\r\n\t\t\t\t","AccessReason":"-","AccessMask":"0x100","PrivilegeList":"-","Properties":"---\r\n\t{bf967aad-0de6-11d0-a285-00aa003049e2}\r\n%%5384\r\n\t\t{91d67418-0135-4acc-8d79-c08e857cfbec}\r\n","RestrictedSidCount":0,"ProcessId":"0x230","ProcessName":"C:\\Windows\\System32\\lsass.exe"}}}
{"Event_attributes":{"xmlns":"http://schemas.microsoft.com/win/2004/08/events/event"},"Event":{"System":{"Provider_attributes":{"Name":"Microsoft-Windows-Security-Auditing","Guid":"54849625-5478-4994-A5BA-3E3B0328C30D"},"EventID":4661,"Version":1,"Level":0,"Task":12803,"Opcode":0,"Keywords":"0x8020000000000000","TimeCreated_attributes":{"SystemTime":"2021-03-26T16:59:24.952285Z"},"EventRecordID":125523019,"Correlation":null,"Execution_attributes":{"ProcessID":4,"ThreadID":268},"Channel":"Security","Computer":"rootdc1.offsec.lan","Security":null},"EventData":{"SubjectUserSid":"S-1-5-21-4230534742-2542757381-3142984815-1111","SubjectUserName":"admmig","SubjectDomainName":"OFFSEC","SubjectLogonId":"0x493ac","ObjectServer":"Security Account Manager","ObjectType":"SAM_USER","ObjectName":"S-1-5-21-4230534742-2542757381-3142984815-1171","HandleId":"0x1d35e2518b0","TransactionId":"00000000-0000-0000-0000-000000000000","AccessList":"%%1537\r\n\t\t\t\t%%1538\r\n\t\t\t\t%%1539\r\n\t\t\t\t%%1540\r\n\t\t\t\t%%5440\r\n\t\t\t\t%%5441\r\n\t\t\t\t%%5442\r\n\t\t\t\t%%5443\r\n\t\t\t\t%%5444\r\n\t\t\t\t%%5445\r\n\t\t\t\t%%5446\r\n\t\t\t\t%%5447\r\n\t\t\t\t","AccessReason":"-","AccessMask":"0xf00ff","PrivilegeList":"-","Properties":"---\r\n\t{bf967aba-0de6-11d0-a285-00aa003049e2}\r\n%%1537\r\n%%1538\r\n%%1539\r\n%%1540\r\n%%5440\r\n%%5441\r\n%%5442\r\n%%5443\r\n%%5444\r\n%%5445\r\n%%5446\r\n%%5447\r\n\t\t{ab721a53-1e2f-11d0-9819-00aa0040529b}\r\n%%1537\r\n%%1538\r\n%%1539\r\n%%1540\r\n%%5440\r\n%%5441\r\n%%5442\r\n%%5443\r\n%%5444\r\n%%5445\r\n%%5446\r\n%%5447\r\n%%5448\r\n\t\t\t{bf967938-0de6-11d0-a285-00aa003049e2}\r\n\t\t\t{5fd42471-1262-11d0-a060-00aa006c33ed}\r\n\t\t\t{bf9679e8-0de6-11d0-a285-00aa003049e2}\r\n\t\t\t{bf967a00-0de6-11d0-a285-00aa003049e2}\r\n\t\t\t{3e0abfd0-126a-11d0-a060-00aa006c33ed}\r\n\t\t\t{bf967a6a-0de6-11d0-a285-00aa003049e2}\r\n\t\t\t{bf967953-0de6-11d0-a285-00aa003049e2}\r\n\t\t{4c164200-20c0-11d0-a768-00aa006e0529}\r\n\t\t\t{bf967915-0de6-11d0-a285-00aa003049e2}\r\n\t\t\t{bf967a0a-0de6-11d0-a285-00aa003049e2}\r\n\t\t\t{bf967a68-0de6-11d0-a285-00aa003049e2}\r\n\t\t\t{bf967a6d-0de6-11d0-a285-00aa003049e2}\r\n\t\t{5f202010-79a5-11d0-9020-00c04fc2d4cf}\r\n\t\t{59ba2f42-79a2-11d0-9020-00c04fc2d3cf}\r\n\t\t\t{bf967985-0de6-11d0-a285-00aa003049e2}\r\n\t\t\t{bf967986-0de6-11d0-a285-00aa003049e2}\r\n\t\t\t{bf967996-0de6-11d0-a285-00aa003049e2}\r\n\t\t\t{bf967997-0de6-11d0-a285-00aa003049e2}\r\n\t\t\t{bf9679aa-0de6-11d0-a285-00aa003049e2}\r\n\t\t\t{bf9679ab-0de6-11d0-a285-00aa003049e2}\r\n\t\t\t{bf9679ac-0de6-11d0-a285-00aa003049e2}\r\n\t\t\t{bf967a05-0de6-11d0-a285-00aa003049e2}\r\n\t\t\t{bf9679a8-0de6-11d0-a285-00aa003049e2}\r\n\t\t{e48d0154-bcf8-11d1-8702-00c04fb96050}\r\n\t\t\t{bf967950-0de6-11d0-a285-00aa003049e2}\r\n\t\t{bc0ac240-79a9-11d0-9020-00c04fc2d4cf}\r\n\t\t\t{bf967991-0de6-11d0-a285-00aa003049e2}\r\n\t\t\t{bf96792e-0de6-11d0-a285-00aa003049e2}\r\n\t\t{00299570-246d-11d0-a768-00aa006e0529}\r\n\t\t{7ed84960-ad10-11d0-8a92-00aa006e0529}\r\n","RestrictedSidCount":0,"ProcessId":"0x230","ProcessName":"C:\\Windows\\System32\\lsass.exe"}}}
{"Event_attributes":{"xmlns":"http://schemas.microsoft.com/win/2004/08/events/event"},"Event":{"System":{"Provider_attributes":{"Name":"Microsoft-Windows-Security-Auditing","Guid":"54849625-5478-4994-A5BA-3E3B0328C30D"},"EventID":4658,"Version":0,"Level":0,"Task":12804,"Opcode":0,"Keywords":"0x8020000000000000","TimeCreated_attributes":{"SystemTime":"2021-03-26T16:59:25.069967Z"},"EventRecordID":125523020,"Correlation":null,"Execution_attributes":{"ProcessID":4,"ThreadID":344},"Channel":"Security","Computer":"rootdc1.offsec.lan","Security":null},"EventData":{"SubjectUserSid":"S-1-5-21-4230534742-2542757381-3142984815-1111","SubjectUserName":"admmig","SubjectDomainName":"OFFSEC","SubjectLogonId":"0x493ac","ObjectServer":"Security Account Manager","HandleId":"0x1d35e2518b0","ProcessId":"0x230","ProcessName":"C:\\Windows\\System32\\lsass.exe"}}}
{"Event_attributes":{"xmlns":"http://schemas.microsoft.com/win/2004/08/events/event"},"Event":{"System":{"Provider_attributes":{"Name":"Microsoft-Windows-Security-Auditing","Guid":"54849625-5478-4994-A5BA-3E3B0328C30D"},"EventID":4661,"Version":1,"Level":0,"Task":12803,"Opcode":0,"Keywords":"0x8020000000000000","TimeCreated_attributes":{"SystemTime":"2021-03-26T16:59:25.073008Z"},"EventRecordID":125523021,"Correlation":null,"Execution_attributes":{"ProcessID":4,"ThreadID":344},"Channel":"Security","Computer":"rootdc1.offsec.lan","Security":null},"EventData":{"SubjectUserSid":"S-1-5-21-4230534742-2542757381-3142984815-1111","SubjectUserName":"admmig","SubjectDomainName":"OFFSEC","SubjectLogonId":"0x493ac","ObjectServer":"Security Account Manager","ObjectType":"SAM_USER","ObjectName":"S-1-5-21-4230534742-2542757381-3142984815-1173","HandleId":"0x1d35e2518b0","TransactionId":"00000000-0000-0000-0000-000000000000","AccessList":"%%1537\r\n\t\t\t\t%%1538\r\n\t\t\t\t%%1539\r\n\t\t\t\t%%1540\r\n\t\t\t\t%%5440\r\n\t\t\t\t%%5441\r\n\t\t\t\t%%5442\r\n\t\t\t\t%%5443\r\n\t\t\t\t%%5444\r\n\t\t\t\t%%5445\r\n\t\t\t\t%%5446\r\n\t\t\t\t%%5447\r\n\t\t\t\t%%5448\r\n\t\t\t\t","AccessReason":"-","AccessMask":"0xf01ff","PrivilegeList":"-","Properties":"---\r\n\t{bf967aba-0de6-11d0-a285-00aa003049e2}\r\n%%1537\r\n%%1538\r\n%%1539\r\n%%1540\r\n%%5440\r\n%%5441\r\n%%5442\r\n%%5443\r\n%%5444\r\n%%5445\r\n%%5446\r\n%%5447\r\n%%5448\r\n\t\t{59ba2f42-79a2-11d0-9020-00c04fc2d3cf}\r\n\t\t\t{bf967938-0de6-11d0-a285-00aa003049e2}\r\n\t\t\t{5fd42471-1262-11d0-a060-00aa006c33ed}\r\n\t\t\t{bf9679e8-0de6-11d0-a285-00aa003049e2}\r\n\t\t\t{bf967a00-0de6-11d0-a285-00aa003049e2}\r\n\t\t\t{3e0abfd0-126a-11d0-a060-00aa006c33ed}\r\n\t\t\t{bf967a6a-0de6-11d0-a285-00aa003049e2}\r\n\t\t\t{bf967953-0de6-11d0-a285-00aa003049e2}\r\n\t\t{4c164200-20c0-11d0-a768-00aa006e0529}\r\n\t\t\t{bf967915-0de6-11d0-a285-00aa003049e2}\r\n\t\t\t{bf967a0a-0de6-11d0-a285-00aa003049e2}\r\n\t\t\t{bf967a68-0de6-11d0-a285-00aa003049e2}\r\n\t\t\t{bf967a6d-0de6-11d0-a285-00aa003049e2}\r\n\t\t{5f202010-79a5-11d0-9020-00c04fc2d4cf}\r\n\t\t\t{bf96792e-0de6-11d0-a285-00aa003049e2}\r\n\t\t\t{bf967985-0de6-11d0-a285-00aa003049e2}\r\n\t\t\t{bf967986-0de6-11d0-a285-00aa003049e2}\r\n\t\t\t{bf967996-0de6-11d0-a285-00aa003049e2}\r\n\t\t\t{bf967997-0de6-11d0-a285-00aa003049e2}\r\n\t\t\t{bf9679aa-0de6-11d0-a285-00aa003049e2}\r\n\t\t\t{bf9679ab-0de6-11d0-a285-00aa003049e2}\r\n\t\t\t{bf9679ac-0de6-11d0-a285-00aa003049e2}\r\n\t\t\t{bf967a05-0de6-11d0-a285-00aa003049e2}\r\n\t\t\t{bf9679a8-0de6-11d0-a285-00aa003049e2}\r\n\t\t{e48d0154-bcf8-11d1-8702-00c04fb96050}\r\n\t\t\t{bf967950-0de6-11d0-a285-00aa003049e2}\r\n\t\t{bc0ac240-79a9-11d0-9020-00c04fc2d4cf}\r\n\t\t\t{bf967991-0de6-11d0-a285-00aa003049e2}\r\n\t\t{ab721a53-1e2f-11d0-9819-00aa0040529b}\r\n\t\t{00299570-246d-11d0-a768-00aa006e0529}\r\n\t\t{7ed84960-ad10-11d0-8a92-00aa006e0529}\r\n","RestrictedSidCount":0,"ProcessId":"0x230","ProcessName":"C:\\Windows\\System32\\lsass.exe"}}}
{"Event_attributes":{"xmlns":"http://schemas.microsoft.com/win/2004/08/events/event"},"Event":{"System":{"Provider_attributes":{"Name":"Microsoft-Windows-Security-Auditing","Guid":"54849625-5478-4994-A5BA-3E3B0328C30D"},"EventID":4658,"Version":0,"Level":0,"Task":12804,"Opcode":0,"Keywords":"0x8020000000000000","TimeCreated_attributes":{"SystemTime":"2021-03-26T16:59:25.075628Z"},"EventRecordID":125523022,"Correlation":null,"Execution_attributes":{"ProcessID":4,"ThreadID":344},"Channel":"Security","Computer":"rootdc1.offsec.lan","Security":null},"EventData":{"SubjectUserSid":"S-1-5-21-4230534742-2542757381-3142984815-1111","SubjectUserName":"admmig","SubjectDomainName":"OFFSEC","SubjectLogonId":"0x493ac","ObjectServer":"Security Account Manager","HandleId":"0x1d35e2518b0","ProcessId":"0x230","ProcessName":"C:\\Windows\\System32\\lsass.exe"}}}
{"Event_attributes":{"xmlns":"http://schemas.microsoft.com/win/2004/08/events/event"},"Event":{"System":{"Provider_attributes":{"Name":"Microsoft-Windows-Security-Auditing","Guid":"54849625-5478-4994-A5BA-3E3B0328C30D"},"EventID":4661,"Version":1,"Level":0,"Task":14080,"Opcode":0,"Keywords":"0x8020000000000000","TimeCreated_attributes":{"SystemTime":"2021-03-26T16:59:25.075817Z"},"EventRecordID":125523023,"Correlation":null,"Execution_attributes":{"ProcessID":4,"ThreadID":344},"Channel":"Security","Computer":"rootdc1.offsec.lan","Security":null},"EventData":{"SubjectUserSid":"S-1-5-21-4230534742-2542757381-3142984815-1111","SubjectUserName":"admmig","SubjectDomainName":"OFFSEC","SubjectLogonId":"0x493ac","ObjectServer":"Security Account Manager","ObjectType":"SAM_SERVER","ObjectName":"SAM","HandleId":"0x0","TransactionId":"00000000-0000-0000-0000-000000000000","AccessList":"%%5384\r\n\t\t\t\t","AccessReason":"-","AccessMask":"0x100","PrivilegeList":"-","Properties":"---\r\n\t{bf967aad-0de6-11d0-a285-00aa003049e2}\r\n%%5384\r\n\t\t{91d67418-0135-4acc-8d79-c08e857cfbec}\r\n","RestrictedSidCount":0,"ProcessId":"0x230","ProcessName":"C:\\Windows\\System32\\lsass.exe"}}}
{"Event_attributes":{"xmlns":"http://schemas.microsoft.com/win/2004/08/events/event"},"Event":{"System":{"Provider_attributes":{"Name":"Microsoft-Windows-Security-Auditing","Guid":"54849625-5478-4994-A5BA-3E3B0328C30D"},"EventID":4661,"Version":1,"Level":0,"Task":12803,"Opcode":0,"Keywords":"0x8020000000000000","TimeCreated_attributes":{"SystemTime":"2021-03-26T16:59:25.079824Z"},"EventRecordID":125523024,"Correlation":null,"Execution_attributes":{"ProcessID":4,"ThreadID":344},"Channel":"Security","Computer":"rootdc1.offsec.lan","Security":null},"EventData":{"SubjectUserSid":"S-1-5-21-4230534742-2542757381-3142984815-1111","SubjectUserName":"admmig","SubjectDomainName":"OFFSEC","SubjectLogonId":"0x493ac","ObjectServer":"Security Account Manager","ObjectType":"SAM_USER","ObjectName":"S-1-5-21-4230534742-2542757381-3142984815-1174","HandleId":"0x1d35e2530c0","TransactionId":"00000000-0000-0000-0000-000000000000","AccessList":"%%1537\r\n\t\t\t\t%%1538\r\n\t\t\t\t%%1539\r\n\t\t\t\t%%1540\r\n\t\t\t\t%%5440\r\n\t\t\t\t%%5441\r\n\t\t\t\t%%5442\r\n\t\t\t\t%%5443\r\n\t\t\t\t%%5444\r\n\t\t\t\t%%5445\r\n\t\t\t\t%%5446\r\n\t\t\t\t%%5447\r\n\t\t\t\t%%5448\r\n\t\t\t\t","AccessReason":"-","AccessMask":"0xf01ff","PrivilegeList":"-","Properties":"---\r\n\t{bf967aba-0de6-11d0-a285-00aa003049e2}\r\n%%1537\r\n%%1538\r\n%%1539\r\n%%1540\r\n%%5440\r\n%%5441\r\n%%5442\r\n%%5443\r\n%%5444\r\n%%5445\r\n%%5446\r\n%%5447\r\n%%5448\r\n\t\t{59ba2f42-79a2-11d0-9020-00c04fc2d3cf}\r\n\t\t\t{bf967938-0de6-11d0-a285-00aa003049e2}\r\n\t\t\t{5fd42471-1262-11d0-a060-00aa006c33ed}\r\n\t\t\t{bf9679e8-0de6-11d0-a285-00aa003049e2}\r\n\t\t\t{bf967a00-0de6-11d0-a285-00aa003049e2}\r\n\t\t\t{3e0abfd0-126a-11d0-a060-00aa006c33ed}\r\n\t\t\t{bf967a6a-0de6-11d0-a285-00aa003049e2}\r\n\t\t\t{bf967953-0de6-11d0-a285-00aa003049e2}\r\n\t\t{4c164200-20c0-11d0-a768-00aa006e0529}\r\n\t\t\t{bf967915-0de6-11d0-a285-00aa003049e2}\r\n\t\t\t{bf967a0a-0de6-11d0-a285-00aa003049e2}\r\n\t\t\t{bf967a68-0de6-11d0-a285-00aa003049e2}\r\n\t\t\t{bf967a6d-0de6-11d0-a285-00aa003049e2}\r\n\t\t{5f202010-79a5-11d0-9020-00c04fc2d4cf}\r\n\t\t\t{bf96792e-0de6-11d0-a285-00aa003049e2}\r\n\t\t\t{bf967985-0de6-11d0-a285-00aa003049e2}\r\n\t\t\t{bf967986-0de6-11d0-a285-00aa003049e2}\r\n\t\t\t{bf967996-0de6-11d0-a285-00aa003049e2}\r\n\t\t\t{bf967997-0de6-11d0-a285-00aa003049e2}\r\n\t\t\t{bf9679aa-0de6-11d0-a285-00aa003049e2}\r\n\t\t\t{bf9679ab-0de6-11d0-a285-00aa003049e2}\r\n\t\t\t{bf9679ac-0de6-11d0-a285-00aa003049e2}\r\n\t\t\t{bf967a05-0de6-11d0-a285-00aa003049e2}\r\n\t\t\t{bf9679a8-0de6-11d0-a285-00aa003049e2}\r\n\t\t{e48d0154-bcf8-11d1-8702-00c04fb96050}\r\n\t\t\t{bf967950-0de6-11d0-a285-00aa003049e2}\r\n\t\t{bc0ac240-79a9-11d0-9020-00c04fc2d4cf}\r\n\t\t\t{bf967991-0de6-11d0-a285-00aa003049e2}\r\n\t\t{ab721a53-1e2f-11d0-9819-00aa0040529b}\r\n\t\t{00299570-246d-11d0-a768-00aa006e0529}\r\n\t\t{7ed84960-ad10-11d0-8a92-00aa006e0529}\r\n","RestrictedSidCount":0,"ProcessId":"0x230","ProcessName":"C:\\Windows\\System32\\lsass.exe"}}}
{"Event_attributes":{"xmlns":"http://schemas.microsoft.com/win/2004/08/events/event"},"Event":{"System":{"Provider_attributes":{"Name":"Microsoft-Windows-Security-Auditing","Guid":"54849625-5478-4994-A5BA-3E3B0328C30D"},"EventID":4658,"Version":0,"Level":0,"Task":12804,"Opcode":0,"Keywords":"0x8020000000000000","TimeCreated_attributes":{"SystemTime":"2021-03-26T16:59:25.083775Z"},"EventRecordID":125523025,"Correlation":null,"Execution_attributes":{"ProcessID":4,"ThreadID":344},"Channel":"Security","Computer":"rootdc1.offsec.lan","Security":null},"EventData":{"SubjectUserSid":"S-1-5-21-4230534742-2542757381-3142984815-1111","SubjectUserName":"admmig","SubjectDomainName":"OFFSEC","SubjectLogonId":"0x493ac","ObjectServer":"Security Account Manager","HandleId":"0x1d35e2530c0","ProcessId":"0x230","ProcessName":"C:\\Windows\\System32\\lsass.exe"}}}
{"Event_attributes":{"xmlns":"http://schemas.microsoft.com/win/2004/08/events/event"},"Event":{"System":{"Provider_attributes":{"Name":"Microsoft-Windows-Security-Auditing","Guid":"54849625-5478-4994-A5BA-3E3B0328C30D"},"EventID":4661,"Version":1,"Level":0,"Task":12803,"Opcode":0,"Keywords":"0x8020000000000000","TimeCreated_attributes":{"SystemTime":"2021-03-26T16:59:25.087647Z"},"EventRecordID":125523026,"Correlation":null,"Execution_attributes":{"ProcessID":4,"ThreadID":344},"Channel":"Security","Computer":"rootdc1.offsec.lan","Security":null},"EventData":{"SubjectUserSid":"S-1-5-21-4230534742-2542757381-3142984815-1111","SubjectUserName":"admmig","SubjectDomainName":"OFFSEC","SubjectLogonId":"0x493ac","ObjectServer":"Security Account Manager","ObjectType":"SAM_USER","ObjectName":"S-1-5-21-4230534742-2542757381-3142984815-1178","HandleId":"0x1d35e2530c0","TransactionId":"00000000-0000-0000-0000-000000000000","AccessList":"%%1537\r\n\t\t\t\t%%1538\r\n\t\t\t\t%%1539\r\n\t\t\t\t%%1540\r\n\t\t\t\t%%5440\r\n\t\t\t\t%%5441\r\n\t\t\t\t%%5442\r\n\t\t\t\t%%5443\r\n\t\t\t\t%%5444\r\n\t\t\t\t%%5445\r\n\t\t\t\t%%5446\r\n\t\t\t\t%%5447\r\n\t\t\t\t%%5448\r\n\t\t\t\t","AccessReason":"-","AccessMask":"0xf01ff","PrivilegeList":"-","Properties":"---\r\n\t{bf967aba-0de6-11d0-a285-00aa003049e2}\r\n%%1537\r\n%%1538\r\n%%1539\r\n%%1540\r\n%%5440\r\n%%5441\r\n%%5442\r\n%%5443\r\n%%5444\r\n%%5445\r\n%%5446\r\n%%5447\r\n%%5448\r\n\t\t{59ba2f42-79a2-11d0-9020-00c04fc2d3cf}\r\n\t\t\t{bf967938-0de6-11d0-a285-00aa003049e2}\r\n\t\t\t{5fd42471-1262-11d0-a060-00aa006c33ed}\r\n\t\t\t{bf9679e8-0de6-11d0-a285-00aa003049e2}\r\n\t\t\t{bf967a00-0de6-11d0-a285-00aa003049e2}\r\n\t\t\t{3e0abfd0-126a-11d0-a060-00aa006c33ed}\r\n\t\t\t{bf967a6a-0de6-11d0-a285-00aa003049e2}\r\n\t\t\t{bf967953-0de6-11d0-a285-00aa003049e2}\r\n\t\t{4c164200-20c0-11d0-a768-00aa006e0529}\r\n\t\t\t{bf967915-0de6-11d0-a285-00aa003049e2}\r\n\t\t\t{bf967a0a-0de6-11d0-a285-00aa003049e2}\r\n\t\t\t{bf967a68-0de6-11d0-a285-00aa003049e2}\r\n\t\t\t{bf967a6d-0de6-11d0-a285-00aa003049e2}\r\n\t\t{5f202010-79a5-11d0-9020-00c04fc2d4cf}\r\n\t\t\t{bf96792e-0de6-11d0-a285-00aa003049e2}\r\n\t\t\t{bf967985-0de6-11d0-a285-00aa003049e2}\r\n\t\t\t{bf967986-0de6-11d0-a285-00aa003049e2}\r\n\t\t\t{bf967996-0de6-11d0-a285-00aa003049e2}\r\n\t\t\t{bf967997-0de6-11d0-a285-00aa003049e2}\r\n\t\t\t{bf9679aa-0de6-11d0-a285-00aa003049e2}\r\n\t\t\t{bf9679ab-0de6-11d0-a285-00aa003049e2}\r\n\t\t\t{bf9679ac-0de6-11d0-a285-00aa003049e2}\r\n\t\t\t{bf967a05-0de6-11d0-a285-00aa003049e2}\r\n\t\t\t{bf9679a8-0de6-11d0-a285-00aa003049e2}\r\n\t\t{e48d0154-bcf8-11d1-8702-00c04fb96050}\r\n\t\t\t{bf967950-0de6-11d0-a285-00aa003049e2}\r\n\t\t{bc0ac240-79a9-11d0-9020-00c04fc2d4cf}\r\n\t\t\t{bf967991-0de6-11d0-a285-00aa003049e2}\r\n\t\t{ab721a53-1e2f-11d0-9819-00aa0040529b}\r\n\t\t{00299570-246d-11d0-a768-00aa006e0529}\r\n\t\t{7ed84960-ad10-11d0-8a92-00aa006e0529}\r\n","RestrictedSidCount":0,"ProcessId":"0x230","ProcessName":"C:\\Windows\\System32\\lsass.exe"}}}
{"Event_attributes":{"xmlns":"http://schemas.microsoft.com/win/2004/08/events/event"},"Event":{"System":{"Provider_attributes":{"Name":"Microsoft-Windows-Security-Auditing","Guid":"54849625-5478-4994-A5BA-3E3B0328C30D"},"EventID":4658,"Version":0,"Level":0,"Task":12804,"Opcode":0,"Keywords":"0x8020000000000000","TimeCreated_attributes":{"SystemTime":"2021-03-26T16:59:25.090250Z"},"EventRecordID":125523027,"Correlation":null,"Execution_attributes":{"ProcessID":4,"ThreadID":344},"Channel":"Security","Computer":"rootdc1.offsec.lan","Security":null},"EventData":{"SubjectUserSid":"S-1-5-21-4230534742-2542757381-3142984815-1111","SubjectUserName":"admmig","SubjectDomainName":"OFFSEC","SubjectLogonId":"0x493ac","ObjectServer":"Security Account Manager","HandleId":"0x1d35e2530c0","ProcessId":"0x230","ProcessName":"C:\\Windows\\System32\\lsass.exe"}}}
{"Event_attributes":{"xmlns":"http://schemas.microsoft.com/win/2004/08/events/event"},"Event":{"System":{"Provider_attributes":{"Name":"Microsoft-Windows-Security-Auditing","Guid":"54849625-5478-4994-A5BA-3E3B0328C30D"},"EventID":4661,"Version":1,"Level":0,"Task":14080,"Opcode":0,"Keywords":"0x8020000000000000","TimeCreated_attributes":{"SystemTime":"2021-03-26T16:59:25.090430Z"},"EventRecordID":125523028,"Correlation":null,"Execution_attributes":{"ProcessID":4,"ThreadID":344},"Channel":"Security","Computer":"rootdc1.offsec.lan","Security":null},"EventData":{"SubjectUserSid":"S-1-5-21-4230534742-2542757381-3142984815-1111","SubjectUserName":"admmig","SubjectDomainName":"OFFSEC","SubjectLogonId":"0x493ac","ObjectServer":"Security Account Manager","ObjectType":"SAM_SERVER","ObjectName":"SAM","HandleId":"0x0","TransactionId":"00000000-0000-0000-0000-000000000000","AccessList":"%%5384\r\n\t\t\t\t","AccessReason":"-","AccessMask":"0x100","PrivilegeList":"-","Properties":"---\r\n\t{bf967aad-0de6-11d0-a285-00aa003049e2}\r\n%%5384\r\n\t\t{91d67418-0135-4acc-8d79-c08e857cfbec}\r\n","RestrictedSidCount":0,"ProcessId":"0x230","ProcessName":"C:\\Windows\\System32\\lsass.exe"}}}
{"Event_attributes":{"xmlns":"http://schemas.microsoft.com/win/2004/08/events/event"},"Event":{"System":{"Provider_attributes":{"Name":"Microsoft-Windows-Security-Auditing","Guid":"54849625-5478-4994-A5BA-3E3B0328C30D"},"EventID":4661,"Version":1,"Level":0,"Task":12803,"Opcode":0,"Keywords":"0x8020000000000000","TimeCreated_attributes":{"SystemTime":"2021-03-26T16:59:25.094127Z"},"EventRecordID":125523029,"Correlation":null,"Execution_attributes":{"ProcessID":4,"ThreadID":344},"Channel":"Security","Computer":"rootdc1.offsec.lan","Security":null},"EventData":{"SubjectUserSid":"S-1-5-21-4230534742-2542757381-3142984815-1111","SubjectUserName":"admmig","SubjectDomainName":"OFFSEC","SubjectLogonId":"0x493ac","ObjectServer":"Security Account Manager","ObjectType":"SAM_USER","ObjectName":"S-1-5-21-4230534742-2542757381-3142984815-1180","HandleId":"0x1d35e2518b0","TransactionId":"00000000-0000-0000-0000-000000000000","AccessList":"%%1537\r\n\t\t\t\t%%1538\r\n\t\t\t\t%%1539\r\n\t\t\t\t%%1540\r\n\t\t\t\t%%5440\r\n\t\t\t\t%%5441\r\n\t\t\t\t%%5442\r\n\t\t\t\t%%5443\r\n\t\t\t\t%%5444\r\n\t\t\t\t%%5445\r\n\t\t\t\t%%5446\r\n\t\t\t\t%%5447\r\n\t\t\t\t%%5448\r\n\t\t\t\t","AccessReason":"-","AccessMask":"0xf01ff","PrivilegeList":"-","Properties":"---\r\n\t{bf967aba-0de6-11d0-a285-00aa003049e2}\r\n%%1537\r\n%%1538\r\n%%1539\r\n%%1540\r\n%%5440\r\n%%5441\r\n%%5442\r\n%%5443\r\n%%5444\r\n%%5445\r\n%%5446\r\n%%5447\r\n%%5448\r\n\t\t{59ba2f42-79a2-11d0-9020-00c04fc2d3cf}\r\n\t\t\t{bf967938-0de6-11d0-a285-00aa003049e2}\r\n\t\t\t{5fd42471-1262-11d0-a060-00aa006c33ed}\r\n\t\t\t{bf9679e8-0de6-11d0-a285-00aa003049e2}\r\n\t\t\t{bf967a00-0de6-11d0-a285-00aa003049e2}\r\n\t\t\t{3e0abfd0-126a-11d0-a060-00aa006c33ed}\r\n\t\t\t{bf967a6a-0de6-11d0-a285-00aa003049e2}\r\n\t\t\t{bf967953-0de6-11d0-a285-00aa003049e2}\r\n\t\t{4c164200-20c0-11d0-a768-00aa006e0529}\r\n\t\t\t{bf967915-0de6-11d0-a285-00aa003049e2}\r\n\t\t\t{bf967a0a-0de6-11d0-a285-00aa003049e2}\r\n\t\t\t{bf967a68-0de6-11d0-a285-00aa003049e2}\r\n\t\t\t{bf967a6d-0de6-11d0-a285-00aa003049e2}\r\n\t\t{5f202010-79a5-11d0-9020-00c04fc2d4cf}\r\n\t\t\t{bf96792e-0de6-11d0-a285-00aa003049e2}\r\n\t\t\t{bf967985-0de6-11d0-a285-00aa003049e2}\r\n\t\t\t{bf967986-0de6-11d0-a285-00aa003049e2}\r\n\t\t\t{bf967996-0de6-11d0-a285-00aa003049e2}\r\n\t\t\t{bf967997-0de6-11d0-a285-00aa003049e2}\r\n\t\t\t{bf9679aa-0de6-11d0-a285-00aa003049e2}\r\n\t\t\t{bf9679ab-0de6-11d0-a285-00aa003049e2}\r\n\t\t\t{bf9679ac-0de6-11d0-a285-00aa003049e2}\r\n\t\t\t{bf967a05-0de6-11d0-a285-00aa003049e2}\r\n\t\t\t{bf9679a8-0de6-11d0-a285-00aa003049e2}\r\n\t\t{e48d0154-bcf8-11d1-8702-00c04fb96050}\r\n\t\t\t{bf967950-0de6-11d0-a285-00aa003049e2}\r\n\t\t{bc0ac240-79a9-11d0-9020-00c04fc2d4cf}\r\n\t\t\t{bf967991-0de6-11d0-a285-00aa003049e2}\r\n\t\t{ab721a53-1e2f-11d0-9819-00aa0040529b}\r\n\t\t{00299570-246d-11d0-a768-00aa006e0529}\r\n\t\t{7ed84960-ad10-11d0-8a92-00aa006e0529}\r\n","RestrictedSidCount":0,"ProcessId":"0x230","ProcessName":"C:\\Windows\\System32\\lsass.exe"}}}
{"Event_attributes":{"xmlns":"http://schemas.microsoft.com/win/2004/08/events/event"},"Event":{"System":{"Provider_attributes":{"Name":"Microsoft-Windows-Security-Auditing","Guid":"54849625-5478-4994-A5BA-3E3B0328C30D"},"EventID":4658,"Version":0,"Level":0,"Task":12804,"Opcode":0,"Keywords":"0x8020000000000000","TimeCreated_attributes":{"SystemTime":"2021-03-26T16:59:25.096526Z"},"EventRecordID":125523030,"Correlation":null,"Execution_attributes":{"ProcessID":4,"ThreadID":344},"Channel":"Security","Computer":"rootdc1.offsec.lan","Security":null},"EventData":{"SubjectUserSid":"S-1-5-21-4230534742-2542757381-3142984815-1111","SubjectUserName":"admmig","SubjectDomainName":"OFFSEC","SubjectLogonId":"0x493ac","ObjectServer":"Security Account Manager","HandleId":"0x1d35e2518b0","ProcessId":"0x230","ProcessName":"C:\\Windows\\System32\\lsass.exe"}}}
{"Event_attributes":{"xmlns":"http://schemas.microsoft.com/win/2004/08/events/event"},"Event":{"System":{"Provider_attributes":{"Name":"Microsoft-Windows-Security-Auditing","Guid":"54849625-5478-4994-A5BA-3E3B0328C30D"},"EventID":4661,"Version":1,"Level":0,"Task":12803,"Opcode":0,"Keywords":"0x8020000000000000","TimeCreated_attributes":{"SystemTime":"2021-03-26T16:59:25.111187Z"},"EventRecordID":125523031,"Correlation":null,"Execution_attributes":{"ProcessID":4,"ThreadID":344},"Channel":"Security","Computer":"rootdc1.offsec.lan","Security":null},"EventData":{"SubjectUserSid":"S-1-5-21-4230534742-2542757381-3142984815-1111","SubjectUserName":"admmig","SubjectDomainName":"OFFSEC","SubjectLogonId":"0x493ac","ObjectServer":"Security Account Manager","ObjectType":"SAM_USER","ObjectName":"S-1-5-21-4230534742-2542757381-3142984815-1181","HandleId":"0x1d35e24fbd0","TransactionId":"00000000-0000-0000-0000-000000000000","AccessList":"%%1537\r\n\t\t\t\t%%1538\r\n\t\t\t\t%%1539\r\n\t\t\t\t%%1540\r\n\t\t\t\t%%5440\r\n\t\t\t\t%%5441\r\n\t\t\t\t%%5442\r\n\t\t\t\t%%5443\r\n\t\t\t\t%%5444\r\n\t\t\t\t%%5445\r\n\t\t\t\t%%5446\r\n\t\t\t\t%%5447\r\n\t\t\t\t%%5448\r\n\t\t\t\t","AccessReason":"-","AccessMask":"0xf01ff","PrivilegeList":"-","Properties":"---\r\n\t{bf967aba-0de6-11d0-a285-00aa003049e2}\r\n%%1537\r\n%%1538\r\n%%1539\r\n%%1540\r\n%%5440\r\n%%5441\r\n%%5442\r\n%%5443\r\n%%5444\r\n%%5445\r\n%%5446\r\n%%5447\r\n%%5448\r\n\t\t{59ba2f42-79a2-11d0-9020-00c04fc2d3cf}\r\n\t\t\t{bf967938-0de6-11d0-a285-00aa003049e2}\r\n\t\t\t{5fd42471-1262-11d0-a060-00aa006c33ed}\r\n\t\t\t{bf9679e8-0de6-11d0-a285-00aa003049e2}\r\n\t\t\t{bf967a00-0de6-11d0-a285-00aa003049e2}\r\n\t\t\t{3e0abfd0-126a-11d0-a060-00aa006c33ed}\r\n\t\t\t{bf967a6a-0de6-11d0-a285-00aa003049e2}\r\n\t\t\t{bf967953-0de6-11d0-a285-00aa003049e2}\r\n\t\t{4c164200-20c0-11d0-a768-00aa006e0529}\r\n\t\t\t{bf967915-0de6-11d0-a285-00aa003049e2}\r\n\t\t\t{bf967a0a-0de6-11d0-a285-00aa003049e2}\r\n\t\t\t{bf967a68-0de6-11d0-a285-00aa003049e2}\r\n\t\t\t{bf967a6d-0de6-11d0-a285-00aa003049e2}\r\n\t\t{5f202010-79a5-11d0-9020-00c04fc2d4cf}\r\n\t\t\t{bf96792e-0de6-11d0-a285-00aa003049e2}\r\n\t\t\t{bf967985-0de6-11d0-a285-00aa003049e2}\r\n\t\t\t{bf967986-0de6-11d0-a285-00aa003049e2}\r\n\t\t\t{bf967996-0de6-11d0-a285-00aa003049e2}\r\n\t\t\t{bf967997-0de6-11d0-a285-00aa003049e2}\r\n\t\t\t{bf9679aa-0de6-11d0-a285-00aa003049e2}\r\n\t\t\t{bf9679ab-0de6-11d0-a285-00aa003049e2}\r\n\t\t\t{bf9679ac-0de6-11d0-a285-00aa003049e2}\r\n\t\t\t{bf967a05-0de6-11d0-a285-00aa003049e2}\r\n\t\t\t{bf9679a8-0de6-11d0-a285-00aa003049e2}\r\n\t\t{e48d0154-bcf8-11d1-8702-00c04fb96050}\r\n\t\t\t{bf967950-0de6-11d0-a285-00aa003049e2}\r\n\t\t{bc0ac240-79a9-11d0-9020-00c04fc2d4cf}\r\n\t\t\t{bf967991-0de6-11d0-a285-00aa003049e2}\r\n\t\t{ab721a53-1e2f-11d0-9819-00aa0040529b}\r\n\t\t{00299570-246d-11d0-a768-00aa006e0529}\r\n\t\t{7ed84960-ad10-11d0-8a92-00aa006e0529}\r\n","RestrictedSidCount":0,"ProcessId":"0x230","ProcessName":"C:\\Windows\\System32\\lsass.exe"}}}
{"Event_attributes":{"xmlns":"http://schemas.microsoft.com/win/2004/08/events/event"},"Event":{"System":{"Provider_attributes":{"Name":"Microsoft-Windows-Security-Auditing","Guid":"54849625-5478-4994-A5BA-3E3B0328C30D"},"EventID":4658,"Version":0,"Level":0,"Task":12804,"Opcode":0,"Keywords":"0x8020000000000000","TimeCreated_attributes":{"SystemTime":"2021-03-26T16:59:25.114296Z"},"EventRecordID":125523032,"Correlation":null,"Execution_attributes":{"ProcessID":4,"ThreadID":344},"Channel":"Security","Computer":"rootdc1.offsec.lan","Security":null},"EventData":{"SubjectUserSid":"S-1-5-21-4230534742-2542757381-3142984815-1111","SubjectUserName":"admmig","SubjectDomainName":"OFFSEC","SubjectLogonId":"0x493ac","ObjectServer":"Security Account Manager","HandleId":"0x1d35e24fbd0","ProcessId":"0x230","ProcessName":"C:\\Windows\\System32\\lsass.exe"}}}
{"Event_attributes":{"xmlns":"http://schemas.microsoft.com/win/2004/08/events/event"},"Event":{"System":{"Provider_attributes":{"Name":"Microsoft-Windows-Security-Auditing","Guid":"54849625-5478-4994-A5BA-3E3B0328C30D"},"EventID":4661,"Version":1,"Level":0,"Task":14080,"Opcode":0,"Keywords":"0x8020000000000000","TimeCreated_attributes":{"SystemTime":"2021-03-26T16:59:25.114447Z"},"EventRecordID":125523033,"Correlation":null,"Execution_attributes":{"ProcessID":4,"ThreadID":344},"Channel":"Security","Computer":"rootdc1.offsec.lan","Security":null},"EventData":{"SubjectUserSid":"S-1-5-21-4230534742-2542757381-3142984815-1111","SubjectUserName":"admmig","SubjectDomainName":"OFFSEC","SubjectLogonId":"0x493ac","ObjectServer":"Security Account Manager","ObjectType":"SAM_SERVER","ObjectName":"SAM","HandleId":"0x0","TransactionId":"00000000-0000-0000-0000-000000000000","AccessList":"%%5384\r\n\t\t\t\t","AccessReason":"-","AccessMask":"0x100","PrivilegeList":"-","Properties":"---\r\n\t{bf967aad-0de6-11d0-a285-00aa003049e2}\r\n%%5384\r\n\t\t{91d67418-0135-4acc-8d79-c08e857cfbec}\r\n","RestrictedSidCount":0,"ProcessId":"0x230","ProcessName":"C:\\Windows\\System32\\lsass.exe"}}}
{"Event_attributes":{"xmlns":"http://schemas.microsoft.com/win/2004/08/events/event"},"Event":{"System":{"Provider_attributes":{"Name":"Microsoft-Windows-Security-Auditing","Guid":"54849625-5478-4994-A5BA-3E3B0328C30D"},"EventID":4661,"Version":1,"Level":0,"Task":12803,"Opcode":0,"Keywords":"0x8020000000000000","TimeCreated_attributes":{"SystemTime":"2021-03-26T16:59:25.117734Z"},"EventRecordID":125523034,"Correlation":null,"Execution_attributes":{"ProcessID":4,"ThreadID":344},"Channel":"Security","Computer":"rootdc1.offsec.lan","Security":null},"EventData":{"SubjectUserSid":"S-1-5-21-4230534742-2542757381-3142984815-1111","SubjectUserName":"admmig","SubjectDomainName":"OFFSEC","SubjectLogonId":"0x493ac","ObjectServer":"Security Account Manager","ObjectType":"SAM_USER","ObjectName":"S-1-5-21-4230534742-2542757381-3142984815-1188","HandleId":"0x1d35e252bf0","TransactionId":"00000000-0000-0000-0000-000000000000","AccessList":"%%1537\r\n\t\t\t\t%%1538\r\n\t\t\t\t%%1539\r\n\t\t\t\t%%1540\r\n\t\t\t\t%%5440\r\n\t\t\t\t%%5441\r\n\t\t\t\t%%5442\r\n\t\t\t\t%%5443\r\n\t\t\t\t%%5444\r\n\t\t\t\t%%5445\r\n\t\t\t\t%%5446\r\n\t\t\t\t%%5447\r\n\t\t\t\t%%5448\r\n\t\t\t\t","AccessReason":"-","AccessMask":"0xf01ff","PrivilegeList":"-","Properties":"---\r\n\t{bf967aba-0de6-11d0-a285-00aa003049e2}\r\n%%1537\r\n%%1538\r\n%%1539\r\n%%1540\r\n%%5440\r\n%%5441\r\n%%5442\r\n%%5443\r\n%%5444\r\n%%5445\r\n%%5446\r\n%%5447\r\n%%5448\r\n\t\t{59ba2f42-79a2-11d0-9020-00c04fc2d3cf}\r\n\t\t\t{bf967938-0de6-11d0-a285-00aa003049e2}\r\n\t\t\t{5fd42471-1262-11d0-a060-00aa006c33ed}\r\n\t\t\t{bf9679e8-0de6-11d0-a285-00aa003049e2}\r\n\t\t\t{bf967a00-0de6-11d0-a285-00aa003049e2}\r\n\t\t\t{3e0abfd0-126a-11d0-a060-00aa006c33ed}\r\n\t\t\t{bf967a6a-0de6-11d0-a285-00aa003049e2}\r\n\t\t\t{bf967953-0de6-11d0-a285-00aa003049e2}\r\n\t\t{4c164200-20c0-11d0-a768-00aa006e0529}\r\n\t\t\t{bf967915-0de6-11d0-a285-00aa003049e2}\r\n\t\t\t{bf967a0a-0de6-11d0-a285-00aa003049e2}\r\n\t\t\t{bf967a68-0de6-11d0-a285-00aa003049e2}\r\n\t\t\t{bf967a6d-0de6-11d0-a285-00aa003049e2}\r\n\t\t{5f202010-79a5-11d0-9020-00c04fc2d4cf}\r\n\t\t\t{bf96792e-0de6-11d0-a285-00aa003049e2}\r\n\t\t\t{bf967985-0de6-11d0-a285-00aa003049e2}\r\n\t\t\t{bf967986-0de6-11d0-a285-00aa003049e2}\r\n\t\t\t{bf967996-0de6-11d0-a285-00aa003049e2}\r\n\t\t\t{bf967997-0de6-11d0-a285-00aa003049e2}\r\n\t\t\t{bf9679aa-0de6-11d0-a285-00aa003049e2}\r\n\t\t\t{bf9679ab-0de6-11d0-a285-00aa003049e2}\r\n\t\t\t{bf9679ac-0de6-11d0-a285-00aa003049e2}\r\n\t\t\t{bf967a05-0de6-11d0-a285-00aa003049e2}\r\n\t\t\t{bf9679a8-0de6-11d0-a285-00aa003049e2}\r\n\t\t{e48d0154-bcf8-11d1-8702-00c04fb96050}\r\n\t\t\t{bf967950-0de6-11d0-a285-00aa003049e2}\r\n\t\t{bc0ac240-79a9-11d0-9020-00c04fc2d4cf}\r\n\t\t\t{bf967991-0de6-11d0-a285-00aa003049e2}\r\n\t\t{ab721a53-1e2f-11d0-9819-00aa0040529b}\r\n\t\t{00299570-246d-11d0-a768-00aa006e0529}\r\n\t\t{7ed84960-ad10-11d0-8a92-00aa006e0529}\r\n","RestrictedSidCount":0,"ProcessId":"0x230","ProcessName":"C:\\Windows\\System32\\lsass.exe"}}}
{"Event_attributes":{"xmlns":"http://schemas.microsoft.com/win/2004/08/events/event"},"Event":{"System":{"Provider_attributes":{"Name":"Microsoft-Windows-Security-Auditing","Guid":"54849625-5478-4994-A5BA-3E3B0328C30D"},"EventID":4658,"Version":0,"Level":0,"Task":12804,"Opcode":0,"Keywords":"0x8020000000000000","TimeCreated_attributes":{"SystemTime":"2021-03-26T16:59:25.120091Z"},"EventRecordID":125523035,"Correlation":null,"Execution_attributes":{"ProcessID":4,"ThreadID":344},"Channel":"Security","Computer":"rootdc1.offsec.lan","Security":null},"EventData":{"SubjectUserSid":"S-1-5-21-4230534742-2542757381-3142984815-1111","SubjectUserName":"admmig","SubjectDomainName":"OFFSEC","SubjectLogonId":"0x493ac","ObjectServer":"Security Account Manager","HandleId":"0x1d35e252bf0","ProcessId":"0x230","ProcessName":"C:\\Windows\\System32\\lsass.exe"}}}
