{"Event_attributes":{"xmlns":"http://schemas.microsoft.com/win/2004/08/events/event"},"Event":{"System":{"Provider_attributes":{"Name":"Microsoft-Windows-Security-Auditing","Guid":"54849625-5478-4994-A5BA-3E3B0328C30D"},"EventID":4688,"Version":1,"Level":0,"Task":13312,"Opcode":0,"Keywords":"0x8020000000000000","TimeCreated_attributes":{"SystemTime":"2021-12-04T20:59:20.044957Z"},"EventRecordID":1071922,"Correlation":null,"Execution_attributes":{"ProcessID":4,"ThreadID":364},"Channel":"Security","Computer":"fs03vuln.offsec.lan","Security":null},"EventData":{"SubjectUserSid":"S-1-5-21-4230534742-2542757381-3142984815-1111","SubjectUserName":"admmig","SubjectDomainName":"OFFSEC","SubjectLogonId":"0x83f9ec","NewProcessId":"0xdac","NewProcessName":"C:\\Windows\\System32\\Taskmgr.exe","TokenElevationType":"%%1938","ProcessId":"0x874","CommandLine":"\"C:\\Windows\\system32\\taskmgr.exe\" /4"}}}
{"Event_attributes":{"xmlns":"http://schemas.microsoft.com/win/2004/08/events/event"},"Event":{"System":{"Provider_attributes":{"Name":"Microsoft-Windows-Security-Auditing","Guid":"54849625-5478-4994-A5BA-3E3B0328C30D"},"EventID":4688,"Version":1,"Level":0,"Task":13312,"Opcode":0,"Keywords":"0x8020000000000000","TimeCreated_attributes":{"SystemTime":"2021-12-04T20:59:20.044957Z"},"EventRecordID":1071923,"Correlation":null,"Execution_attributes":{"ProcessID":4,"ThreadID":364},"Channel":"Security","Computer":"fs03vuln.offsec.lan","Security":null},"EventData":{"SubjectUserSid":"S-1-5-18","SubjectUserName":"FS03VULN$","SubjectDomainName":"OFFSEC","SubjectLogonId":"0x3e7","NewProcessId":"0x12a0","NewProcessName":"C:\\Windows\\System32\\consent.exe","TokenElevationType":"%%1936","ProcessId":"0x2e8","CommandLine":"consent.exe 744 308 000000E3A2F6EE10"}}}
{"Event_attributes":{"xmlns":"http://schemas.microsoft.com/win/2004/08/events/event"},"Event":{"System":{"Provider_attributes":{"Name":"Microsoft-Windows-Security-Auditing","Guid":"54849625-5478-4994-A5BA-3E3B0328C30D"},"EventID":4688,"Version":1,"Level":0,"Task":13312,"Opcode":0,"Keywords":"0x8020000000000000","TimeCreated_attributes":{"SystemTime":"2021-12-04T20:59:20.138707Z"},"EventRecordID":1071929,"Correlation":null,"Execution_attributes":{"ProcessID":4,"ThreadID":4440},"Channel":"Security","Computer":"fs03vuln.offsec.lan","Security":null},"EventData":{"SubjectUserSid":"S-1-5-18","SubjectUserName":"FS03VULN$","SubjectDomainName":"OFFSEC","SubjectLogonId":"0x3e7","NewProcessId":"0x100","NewProcessName":"C:\\Windows\\System32\\Taskmgr.exe","TokenElevationType":"%%1937","ProcessId":"0x874","CommandLine":"\"C:\\Windows\\system32\\taskmgr.exe\" /4"}}}
{"Event_attributes":{"xmlns":"http://schemas.microsoft.com/win/2004/08/events/event"},"Event":{"System":{"Provider_attributes":{"Name":"Microsoft-Windows-Security-Auditing","Guid":"54849625-5478-4994-A5BA-3E3B0328C30D"},"EventID":4688,"Version":1,"Level":0,"Task":13312,"Opcode":0,"Keywords":"0x8020000000000000","TimeCreated_attributes":{"SystemTime":"2021-12-04T20:59:28.921965Z"},"EventRecordID":1071931,"Correlation":null,"Execution_attributes":{"ProcessID":4,"ThreadID":364},"Channel":"Security","Computer":"fs03vuln.offsec.lan","Security":null},"EventData":{"SubjectUserSid":"S-1-5-18","SubjectUserName":"FS03VULN$","SubjectDomainName":"OFFSEC","SubjectLogonId":"0x3e7","NewProcessId":"0xf34","NewProcessName":"C:\\Windows\\System32\\LaunchTM.exe","TokenElevationType":"%%1938","ProcessId":"0x680","CommandLine":"launchtm.exe /2 "}}}
{"Event_attributes":{"xmlns":"http://schemas.microsoft.com/win/2004/08/events/event"},"Event":{"System":{"Provider_attributes":{"Name":"Microsoft-Windows-Security-Auditing","Guid":"54849625-5478-4994-A5BA-3E3B0328C30D"},"EventID":4688,"Version":1,"Level":0,"Task":13312,"Opcode":0,"Keywords":"0x8020000000000000","TimeCreated_attributes":{"SystemTime":"2021-12-04T20:59:28.937583Z"},"EventRecordID":1071932,"Correlation":null,"Execution_attributes":{"ProcessID":4,"ThreadID":4440},"Channel":"Security","Computer":"fs03vuln.offsec.lan","Security":null},"EventData":{"SubjectUserSid":"S-1-5-21-4230534742-2542757381-3142984815-1111","SubjectUserName":"admmig","SubjectDomainName":"OFFSEC","SubjectLogonId":"0x83f9ec","NewProcessId":"0x7b0","NewProcessName":"C:\\Windows\\System32\\Taskmgr.exe","TokenElevationType":"%%1938","ProcessId":"0xf34","CommandLine":"\"C:\\Windows\\System32\\Taskmgr.exe\" /2 "}}}
{"Event_attributes":{"xmlns":"http://schemas.microsoft.com/win/2004/08/events/event"},"Event":{"System":{"Provider_attributes":{"Name":"Microsoft-Windows-Security-Auditing","Guid":"54849625-5478-4994-A5BA-3E3B0328C30D"},"EventID":4688,"Version":1,"Level":0,"Task":13312,"Opcode":0,"Keywords":"0x8020000000000000","TimeCreated_attributes":{"SystemTime":"2021-12-04T20:59:28.953210Z"},"EventRecordID":1071933,"Correlation":null,"Execution_attributes":{"ProcessID":4,"ThreadID":4440},"Channel":"Security","Computer":"fs03vuln.offsec.lan","Security":null},"EventData":{"SubjectUserSid":"S-1-5-18","SubjectUserName":"FS03VULN$","SubjectDomainName":"OFFSEC","SubjectLogonId":"0x3e7","NewProcessId":"0xcd0","NewProcessName":"C:\\Windows\\System32\\consent.exe","TokenElevationType":"%%1936","ProcessId":"0x2e8","CommandLine":"consent.exe 744 310 000000E3A2F6F950"}}}
{"Event_attributes":{"xmlns":"http://schemas.microsoft.com/win/2004/08/events/event"},"Event":{"System":{"Provider_attributes":{"Name":"Microsoft-Windows-Security-Auditing","Guid":"54849625-5478-4994-A5BA-3E3B0328C30D"},"EventID":4688,"Version":1,"Level":0,"Task":13312,"Opcode":0,"Keywords":"0x8020000000000000","TimeCreated_attributes":{"SystemTime":"2021-12-04T20:59:29.000084Z"},"EventRecordID":1071939,"Correlation":null,"Execution_attributes":{"ProcessID":4,"ThreadID":4440},"Channel":"Security","Computer":"fs03vuln.offsec.lan","Security":null},"EventData":{"SubjectUserSid":"S-1-5-18","SubjectUserName":"FS03VULN$","SubjectDomainName":"OFFSEC","SubjectLogonId":"0x3e7","NewProcessId":"0xdb0","NewProcessName":"C:\\Windows\\System32\\Taskmgr.exe","TokenElevationType":"%%1937","ProcessId":"0xf34","CommandLine":"\"C:\\Windows\\System32\\Taskmgr.exe\" /2 "}}}
{"Event_attributes":{"xmlns":"http://schemas.microsoft.com/win/2004/08/events/event"},"Event":{"System":{"Provider_attributes":{"Name":"Microsoft-Windows-Security-Auditing","Guid":"54849625-5478-4994-A5BA-3E3B0328C30D"},"EventID":4688,"Version":1,"Level":0,"Task":13312,"Opcode":0,"Keywords":"0x8020000000000000","TimeCreated_attributes":{"SystemTime":"2021-12-04T20:59:31.403474Z"},"EventRecordID":1071941,"Correlation":null,"Execution_attributes":{"ProcessID":4,"ThreadID":4440},"Channel":"Security","Computer":"fs03vuln.offsec.lan","Security":null},"EventData":{"SubjectUserSid":"S-1-5-18","SubjectUserName":"FS03VULN$","SubjectDomainName":"OFFSEC","SubjectLogonId":"0x3e7","NewProcessId":"0x13a4","NewProcessName":"C:\\Windows\\System32\\cmd.exe","TokenElevationType":"%%1936","ProcessId":"0x2e8","CommandLine":"C:\\Windows\\SYSTEM32\\cmd.exe /c \"C:\\tools\\shell.cmd\""}}}
{"Event_attributes":{"xmlns":"http://schemas.microsoft.com/win/2004/08/events/event"},"Event":{"System":{"Provider_attributes":{"Name":"Microsoft-Windows-Security-Auditing","Guid":"54849625-5478-4994-A5BA-3E3B0328C30D"},"EventID":4688,"Version":1,"Level":0,"Task":13312,"Opcode":0,"Keywords":"0x8020000000000000","TimeCreated_attributes":{"SystemTime":"2021-12-04T20:59:31.403474Z"},"EventRecordID":1071942,"Correlation":null,"Execution_attributes":{"ProcessID":4,"ThreadID":4440},"Channel":"Security","Computer":"fs03vuln.offsec.lan","Security":null},"EventData":{"SubjectUserSid":"S-1-5-18","SubjectUserName":"FS03VULN$","SubjectDomainName":"OFFSEC","SubjectLogonId":"0x3e7","NewProcessId":"0xa48","NewProcessName":"C:\\Windows\\System32\\conhost.exe","TokenElevationType":"%%1936","ProcessId":"0x13a4","CommandLine":"\\??\\C:\\Windows\\system32\\conhost.exe 0xffffffff"}}}
