{"Event_attributes":{"xmlns":"http://schemas.microsoft.com/win/2004/08/events/event"},"Event":{"System":{"Provider_attributes":{"Name":"Microsoft-Windows-Eventlog","Guid":"{fc65ddd8-d6ef-4962-83d5-6e5cfe9ce148}"},"EventID":1102,"Version":0,"Level":4,"Task":104,"Opcode":0,"Keywords":"0x4020000000000000","TimeCreated_attributes":{"SystemTime":"2021-04-22T09:00:09.959553Z"},"EventRecordID":435270,"Correlation":null,"Execution_attributes":{"ProcessID":704,"ThreadID":2740},"Channel":"Security","Computer":"fs03vuln.offsec.lan","Security":null},"UserData":{"LogFileCleared_attributes":{"xmlns":"http://manifests.microsoft.com/win/2004/08/windows/eventlog"},"LogFileCleared":{"SubjectUserSid":"S-1-5-21-4230534742-2542757381-3142984815-1111","SubjectUserName":"admmig","SubjectDomainName":"OFFSEC","SubjectLogonId":"0x7b747"}}}}
{"Event_attributes":{"xmlns":"http://schemas.microsoft.com/win/2004/08/events/event"},"Event":{"System":{"Provider_attributes":{"Name":"Microsoft-Windows-Security-Auditing","Guid":"54849625-5478-4994-A5BA-3E3B0328C30D"},"EventID":4964,"Version":0,"Level":0,"Task":12548,"Opcode":0,"Keywords":"0x8020000000000000","TimeCreated_attributes":{"SystemTime":"2021-04-22T09:00:10.026535Z"},"EventRecordID":435271,"Correlation":null,"Execution_attributes":{"ProcessID":480,"ThreadID":2208},"Channel":"Security","Computer":"fs03vuln.offsec.lan","Security":null},"EventData":{"SubjectUserSid":"S-1-5-19","SubjectUserName":"LOCAL SERVICE","SubjectDomainName":"NT AUTHORITY","SubjectLogonId":"0x3e5","LogonGuid":"00000000-0000-0000-0000-000000000000","TargetUserSid":"S-1-5-21-4230534742-2542757381-3142984815-1111","TargetUserName":"admmig","TargetDomainName":"OFFSEC","TargetLogonId":"0xb3084","TargetLogonGuid":"00000000-0000-0000-0000-000000000000","SidList":"\r\n\t\t%{S-1-5-21-4230534742-2542757381-3142984815-1613}"}}}
{"Event_attributes":{"xmlns":"http://schemas.microsoft.com/win/2004/08/events/event"},"Event":{"System":{"Provider_attributes":{"Name":"Microsoft-Windows-Security-Auditing","Guid":"54849625-5478-4994-A5BA-3E3B0328C30D"},"EventID":4672,"Version":0,"Level":0,"Task":12548,"Opcode":0,"Keywords":"0x8020000000000000","TimeCreated_attributes":{"SystemTime":"2021-04-22T09:00:10.026535Z"},"EventRecordID":435272,"Correlation":null,"Execution_attributes":{"ProcessID":480,"ThreadID":2208},"Channel":"Security","Computer":"fs03vuln.offsec.lan","Security":null},"EventData":{"SubjectUserSid":"S-1-5-21-4230534742-2542757381-3142984815-1111","SubjectUserName":"admmig","SubjectDomainName":"OFFSEC","SubjectLogonId":"0xb3084","PrivilegeList":"SeSecurityPrivilege\r\n\t\t\tSeBackupPrivilege\r\n\t\t\tSeRestorePrivilege\r\n\t\t\tSeTakeOwnershipPrivilege\r\n\t\t\tSeDebugPrivilege\r\n\t\t\tSeSystemEnvironmentPrivilege\r\n\t\t\tSeLoadDriverPrivilege\r\n\t\t\tSeImpersonatePrivilege"}}}
{"Event_attributes":{"xmlns":"http://schemas.microsoft.com/win/2004/08/events/event"},"Event":{"System":{"Provider_attributes":{"Name":"Microsoft-Windows-Security-Auditing","Guid":"54849625-5478-4994-A5BA-3E3B0328C30D"},"EventID":4624,"Version":1,"Level":0,"Task":12544,"Opcode":0,"Keywords":"0x8020000000000000","TimeCreated_attributes":{"SystemTime":"2021-04-22T09:00:10.026535Z"},"EventRecordID":435273,"Correlation":null,"Execution_attributes":{"ProcessID":480,"ThreadID":2208},"Channel":"Security","Computer":"fs03vuln.offsec.lan","Security":null},"EventData":{"SubjectUserSid":"S-1-0-0","SubjectUserName":"-","SubjectDomainName":"-","SubjectLogonId":"0x0","TargetUserSid":"S-1-5-21-4230534742-2542757381-3142984815-1111","TargetUserName":"admmig","TargetDomainName":"OFFSEC","TargetLogonId":"0xb3084","LogonType":3,"LogonProcessName":"Kerberos","AuthenticationPackageName":"Kerberos","WorkstationName":"","LogonGuid":"3CA372F9-20FD-3BDD-B523-1E8ECFD688EF","TransmittedServices":"-","LmPackageName":"-","KeyLength":0,"ProcessId":"0x0","ProcessName":"-","IpAddress":"10.23.23.9","IpPort":"60285","ImpersonationLevel":"%%1833"}}}
{"Event_attributes":{"xmlns":"http://schemas.microsoft.com/win/2004/08/events/event"},"Event":{"System":{"Provider_attributes":{"Name":"Microsoft-Windows-Security-Auditing","Guid":"54849625-5478-4994-A5BA-3E3B0328C30D"},"EventID":4964,"Version":0,"Level":0,"Task":12548,"Opcode":0,"Keywords":"0x8020000000000000","TimeCreated_attributes":{"SystemTime":"2021-04-22T09:00:11.118688Z"},"EventRecordID":435274,"Correlation":null,"Execution_attributes":{"ProcessID":480,"ThreadID":2208},"Channel":"Security","Computer":"fs03vuln.offsec.lan","Security":null},"EventData":{"SubjectUserSid":"S-1-5-19","SubjectUserName":"LOCAL SERVICE","SubjectDomainName":"NT AUTHORITY","SubjectLogonId":"0x3e5","LogonGuid":"00000000-0000-0000-0000-000000000000","TargetUserSid":"S-1-5-21-4230534742-2542757381-3142984815-1111","TargetUserName":"admmig","TargetDomainName":"OFFSEC","TargetLogonId":"0xb314d","TargetLogonGuid":"00000000-0000-0000-0000-000000000000","SidList":"\r\n\t\t%{S-1-5-21-4230534742-2542757381-3142984815-1613}"}}}
{"Event_attributes":{"xmlns":"http://schemas.microsoft.com/win/2004/08/events/event"},"Event":{"System":{"Provider_attributes":{"Name":"Microsoft-Windows-Security-Auditing","Guid":"54849625-5478-4994-A5BA-3E3B0328C30D"},"EventID":4672,"Version":0,"Level":0,"Task":12548,"Opcode":0,"Keywords":"0x8020000000000000","TimeCreated_attributes":{"SystemTime":"2021-04-22T09:00:11.118688Z"},"EventRecordID":435275,"Correlation":null,"Execution_attributes":{"ProcessID":480,"ThreadID":2208},"Channel":"Security","Computer":"fs03vuln.offsec.lan","Security":null},"EventData":{"SubjectUserSid":"S-1-5-21-4230534742-2542757381-3142984815-1111","SubjectUserName":"admmig","SubjectDomainName":"OFFSEC","SubjectLogonId":"0xb314d","PrivilegeList":"SeSecurityPrivilege\r\n\t\t\tSeBackupPrivilege\r\n\t\t\tSeRestorePrivilege\r\n\t\t\tSeTakeOwnershipPrivilege\r\n\t\t\tSeDebugPrivilege\r\n\t\t\tSeSystemEnvironmentPrivilege\r\n\t\t\tSeLoadDriverPrivilege\r\n\t\t\tSeImpersonatePrivilege"}}}
{"Event_attributes":{"xmlns":"http://schemas.microsoft.com/win/2004/08/events/event"},"Event":{"System":{"Provider_attributes":{"Name":"Microsoft-Windows-Security-Auditing","Guid":"54849625-5478-4994-A5BA-3E3B0328C30D"},"EventID":4624,"Version":1,"Level":0,"Task":12544,"Opcode":0,"Keywords":"0x8020000000000000","TimeCreated_attributes":{"SystemTime":"2021-04-22T09:00:11.118688Z"},"EventRecordID":435276,"Correlation":null,"Execution_attributes":{"ProcessID":480,"ThreadID":2208},"Channel":"Security","Computer":"fs03vuln.offsec.lan","Security":null},"EventData":{"SubjectUserSid":"S-1-0-0","SubjectUserName":"-","SubjectDomainName":"-","SubjectLogonId":"0x0","TargetUserSid":"S-1-5-21-4230534742-2542757381-3142984815-1111","TargetUserName":"admmig","TargetDomainName":"OFFSEC","TargetLogonId":"0xb314d","LogonType":3,"LogonProcessName":"Kerberos","AuthenticationPackageName":"Kerberos","WorkstationName":"","LogonGuid":"3CA372F9-20FD-3BDD-B523-1E8ECFD688EF","TransmittedServices":"-","LmPackageName":"-","KeyLength":0,"ProcessId":"0x0","ProcessName":"-","IpAddress":"10.23.23.9","IpPort":"60232","ImpersonationLevel":"%%1833"}}}
{"Event_attributes":{"xmlns":"http://schemas.microsoft.com/win/2004/08/events/event"},"Event":{"System":{"Provider_attributes":{"Name":"Microsoft-Windows-Security-Auditing","Guid":"54849625-5478-4994-A5BA-3E3B0328C30D"},"EventID":4964,"Version":0,"Level":0,"Task":12548,"Opcode":0,"Keywords":"0x8020000000000000","TimeCreated_attributes":{"SystemTime":"2021-04-22T09:00:13.226727Z"},"EventRecordID":435277,"Correlation":null,"Execution_attributes":{"ProcessID":480,"ThreadID":2208},"Channel":"Security","Computer":"fs03vuln.offsec.lan","Security":null},"EventData":{"SubjectUserSid":"S-1-5-18","SubjectUserName":"FS03VULN$","SubjectDomainName":"OFFSEC","SubjectLogonId":"0x3e7","LogonGuid":"00000000-0000-0000-0000-000000000000","TargetUserSid":"S-1-5-21-4230534742-2542757381-3142984815-1111","TargetUserName":"admmig","TargetDomainName":"OFFSEC","TargetLogonId":"0xb32cb","TargetLogonGuid":"00000000-0000-0000-0000-000000000000","SidList":"\r\n\t\t%{S-1-5-21-4230534742-2542757381-3142984815-1613}"}}}
{"Event_attributes":{"xmlns":"http://schemas.microsoft.com/win/2004/08/events/event"},"Event":{"System":{"Provider_attributes":{"Name":"Microsoft-Windows-Security-Auditing","Guid":"54849625-5478-4994-A5BA-3E3B0328C30D"},"EventID":4672,"Version":0,"Level":0,"Task":12548,"Opcode":0,"Keywords":"0x8020000000000000","TimeCreated_attributes":{"SystemTime":"2021-04-22T09:00:13.226727Z"},"EventRecordID":435278,"Correlation":null,"Execution_attributes":{"ProcessID":480,"ThreadID":2208},"Channel":"Security","Computer":"fs03vuln.offsec.lan","Security":null},"EventData":{"SubjectUserSid":"S-1-5-21-4230534742-2542757381-3142984815-1111","SubjectUserName":"admmig","SubjectDomainName":"OFFSEC","SubjectLogonId":"0xb32cb","PrivilegeList":"SeSecurityPrivilege\r\n\t\t\tSeBackupPrivilege\r\n\t\t\tSeRestorePrivilege\r\n\t\t\tSeTakeOwnershipPrivilege\r\n\t\t\tSeDebugPrivilege\r\n\t\t\tSeSystemEnvironmentPrivilege\r\n\t\t\tSeLoadDriverPrivilege\r\n\t\t\tSeImpersonatePrivilege"}}}
{"Event_attributes":{"xmlns":"http://schemas.microsoft.com/win/2004/08/events/event"},"Event":{"System":{"Provider_attributes":{"Name":"Microsoft-Windows-Security-Auditing","Guid":"54849625-5478-4994-A5BA-3E3B0328C30D"},"EventID":4624,"Version":1,"Level":0,"Task":12544,"Opcode":0,"Keywords":"0x8020000000000000","TimeCreated_attributes":{"SystemTime":"2021-04-22T09:00:13.226727Z"},"EventRecordID":435279,"Correlation":null,"Execution_attributes":{"ProcessID":480,"ThreadID":2208},"Channel":"Security","Computer":"fs03vuln.offsec.lan","Security":null},"EventData":{"SubjectUserSid":"S-1-0-0","SubjectUserName":"-","SubjectDomainName":"-","SubjectLogonId":"0x0","TargetUserSid":"S-1-5-21-4230534742-2542757381-3142984815-1111","TargetUserName":"admmig","TargetDomainName":"OFFSEC","TargetLogonId":"0xb32cb","LogonType":3,"LogonProcessName":"NtLmSsp ","AuthenticationPackageName":"NTLM","WorkstationName":"","LogonGuid":"00000000-0000-0000-0000-000000000000","TransmittedServices":"-","LmPackageName":"NTLM V2","KeyLength":0,"ProcessId":"0x0","ProcessName":"-","IpAddress":"10.23.123.11","IpPort":"50078","ImpersonationLevel":"%%1833"}}}
{"Event_attributes":{"xmlns":"http://schemas.microsoft.com/win/2004/08/events/event"},"Event":{"System":{"Provider_attributes":{"Name":"Microsoft-Windows-Security-Auditing","Guid":"54849625-5478-4994-A5BA-3E3B0328C30D"},"EventID":5140,"Version":1,"Level":0,"Task":12808,"Opcode":0,"Keywords":"0x8020000000000000","TimeCreated_attributes":{"SystemTime":"2021-04-22T09:00:13.226727Z"},"EventRecordID":435280,"Correlation":null,"Execution_attributes":{"ProcessID":4,"ThreadID":32},"Channel":"Security","Computer":"fs03vuln.offsec.lan","Security":null},"EventData":{"SubjectUserSid":"S-1-5-21-4230534742-2542757381-3142984815-1111","SubjectUserName":"admmig","SubjectDomainName":"OFFSEC","SubjectLogonId":"0xb32cb","ObjectType":"File","IpAddress":"10.23.123.11","IpPort":"50078","ShareName":"\\\\*\\IPC$","ShareLocalPath":"","AccessMask":"0x1","AccessList":"%%4416\r\n\t\t\t\t"}}}
{"Event_attributes":{"xmlns":"http://schemas.microsoft.com/win/2004/08/events/event"},"Event":{"System":{"Provider_attributes":{"Name":"Microsoft-Windows-Security-Auditing","Guid":"54849625-5478-4994-A5BA-3E3B0328C30D"},"EventID":5145,"Version":0,"Level":0,"Task":12811,"Opcode":0,"Keywords":"0x8020000000000000","TimeCreated_attributes":{"SystemTime":"2021-04-22T09:00:13.242369Z"},"EventRecordID":435281,"Correlation":null,"Execution_attributes":{"ProcessID":480,"ThreadID":488},"Channel":"Security","Computer":"fs03vuln.offsec.lan","Security":null},"EventData":{"SubjectUserSid":"S-1-5-21-4230534742-2542757381-3142984815-1111","SubjectUserName":"admmig","SubjectDomainName":"OFFSEC","SubjectLogonId":"0xb32cb","ObjectType":"File","IpAddress":"10.23.123.11","IpPort":"50078","ShareName":"\\\\*\\IPC$","ShareLocalPath":"","RelativeTargetName":"svcctl","AccessMask":"0x3","AccessList":"%%4416\r\n\t\t\t\t%%4417\r\n\t\t\t\t","AccessReason":"-"}}}
{"Event_attributes":{"xmlns":"http://schemas.microsoft.com/win/2004/08/events/event"},"Event":{"System":{"Provider_attributes":{"Name":"Microsoft-Windows-Security-Auditing","Guid":"54849625-5478-4994-A5BA-3E3B0328C30D"},"EventID":4674,"Version":0,"Level":0,"Task":13056,"Opcode":0,"Keywords":"0x8020000000000000","TimeCreated_attributes":{"SystemTime":"2021-04-22T09:00:13.258001Z"},"EventRecordID":435282,"Correlation":null,"Execution_attributes":{"ProcessID":480,"ThreadID":488},"Channel":"Security","Computer":"fs03vuln.offsec.lan","Security":null},"EventData":{"SubjectUserSid":"S-1-5-21-4230534742-2542757381-3142984815-1111","SubjectUserName":"admmig","SubjectDomainName":"OFFSEC","SubjectLogonId":"0xb32cb","ObjectServer":"SC Manager","ObjectType":"SERVICE OBJECT","ObjectName":"RemoteRegistry","HandleId":"0xffffd00103d679f8","AccessMask":"%%1537\r\n\t\t\t\t%%1538\r\n\t\t\t\t%%1539\r\n\t\t\t\t%%7184\r\n\t\t\t\t%%7185\r\n\t\t\t\t%%7186\r\n\t\t\t\t%%7187\r\n\t\t\t\t%%7188\r\n\t\t\t\t%%7189\r\n\t\t\t\t%%7190\r\n\t\t\t\t%%7191\r\n\t\t\t\t%%7192\r\n\t\t\t\t","PrivilegeList":"SeTakeOwnershipPrivilege","ProcessId":"0x1d0","ProcessName":"C:\\Windows\\System32\\services.exe"}}}
{"Event_attributes":{"xmlns":"http://schemas.microsoft.com/win/2004/08/events/event"},"Event":{"System":{"Provider_attributes":{"Name":"Microsoft-Windows-Security-Auditing","Guid":"54849625-5478-4994-A5BA-3E3B0328C30D"},"EventID":5145,"Version":0,"Level":0,"Task":12811,"Opcode":0,"Keywords":"0x8020000000000000","TimeCreated_attributes":{"SystemTime":"2021-04-22T09:00:14.289412Z"},"EventRecordID":435283,"Correlation":null,"Execution_attributes":{"ProcessID":480,"ThreadID":488},"Channel":"Security","Computer":"fs03vuln.offsec.lan","Security":null},"EventData":{"SubjectUserSid":"S-1-5-21-4230534742-2542757381-3142984815-1111","SubjectUserName":"admmig","SubjectDomainName":"OFFSEC","SubjectLogonId":"0xb32cb","ObjectType":"File","IpAddress":"10.23.123.11","IpPort":"50078","ShareName":"\\\\*\\IPC$","ShareLocalPath":"","RelativeTargetName":"winreg","AccessMask":"0x3","AccessList":"%%4416\r\n\t\t\t\t%%4417\r\n\t\t\t\t","AccessReason":"-"}}}
{"Event_attributes":{"xmlns":"http://schemas.microsoft.com/win/2004/08/events/event"},"Event":{"System":{"Provider_attributes":{"Name":"Microsoft-Windows-Security-Auditing","Guid":"54849625-5478-4994-A5BA-3E3B0328C30D"},"EventID":5140,"Version":1,"Level":0,"Task":12808,"Opcode":0,"Keywords":"0x8020000000000000","TimeCreated_attributes":{"SystemTime":"2021-04-22T09:00:14.421526Z"},"EventRecordID":435284,"Correlation":null,"Execution_attributes":{"ProcessID":4,"ThreadID":1728},"Channel":"Security","Computer":"fs03vuln.offsec.lan","Security":null},"EventData":{"SubjectUserSid":"S-1-5-21-4230534742-2542757381-3142984815-1111","SubjectUserName":"admmig","SubjectDomainName":"OFFSEC","SubjectLogonId":"0xb32cb","ObjectType":"File","IpAddress":"10.23.123.11","IpPort":"50078","ShareName":"\\\\*\\ADMIN$","ShareLocalPath":"\\??\\C:\\Windows","AccessMask":"0x1","AccessList":"%%4416\r\n\t\t\t\t"}}}
{"Event_attributes":{"xmlns":"http://schemas.microsoft.com/win/2004/08/events/event"},"Event":{"System":{"Provider_attributes":{"Name":"Microsoft-Windows-Security-Auditing","Guid":"54849625-5478-4994-A5BA-3E3B0328C30D"},"EventID":5145,"Version":0,"Level":0,"Task":12811,"Opcode":0,"Keywords":"0x8020000000000000","TimeCreated_attributes":{"SystemTime":"2021-04-22T09:00:14.437148Z"},"EventRecordID":435285,"Correlation":null,"Execution_attributes":{"ProcessID":480,"ThreadID":488},"Channel":"Security","Computer":"fs03vuln.offsec.lan","Security":null},"EventData":{"SubjectUserSid":"S-1-5-21-4230534742-2542757381-3142984815-1111","SubjectUserName":"admmig","SubjectDomainName":"OFFSEC","SubjectLogonId":"0xb32cb","ObjectType":"File","IpAddress":"10.23.123.11","IpPort":"50078","ShareName":"\\\\*\\ADMIN$","ShareLocalPath":"\\??\\C:\\Windows","RelativeTargetName":"SYSTEM32\\BTeHLZkJ.tmp","AccessMask":"0x1","AccessList":"%%4416\r\n\t\t\t\t","AccessReason":"-"}}}
{"Event_attributes":{"xmlns":"http://schemas.microsoft.com/win/2004/08/events/event"},"Event":{"System":{"Provider_attributes":{"Name":"Microsoft-Windows-Security-Auditing","Guid":"54849625-5478-4994-A5BA-3E3B0328C30D"},"EventID":5145,"Version":0,"Level":0,"Task":12811,"Opcode":0,"Keywords":"0x8020000000000000","TimeCreated_attributes":{"SystemTime":"2021-04-22T09:00:14.735818Z"},"EventRecordID":435286,"Correlation":null,"Execution_attributes":{"ProcessID":480,"ThreadID":488},"Channel":"Security","Computer":"fs03vuln.offsec.lan","Security":null},"EventData":{"SubjectUserSid":"S-1-5-21-4230534742-2542757381-3142984815-1111","SubjectUserName":"admmig","SubjectDomainName":"OFFSEC","SubjectLogonId":"0xb32cb","ObjectType":"File","IpAddress":"10.23.123.11","IpPort":"50078","ShareName":"\\\\*\\ADMIN$","ShareLocalPath":"\\??\\C:\\Windows","RelativeTargetName":"SYSTEM32\\NMdzZfem.tmp","AccessMask":"0x1","AccessList":"%%4416\r\n\t\t\t\t","AccessReason":"-"}}}
{"Event_attributes":{"xmlns":"http://schemas.microsoft.com/win/2004/08/events/event"},"Event":{"System":{"Provider_attributes":{"Name":"Microsoft-Windows-Security-Auditing","Guid":"54849625-5478-4994-A5BA-3E3B0328C30D"},"EventID":5145,"Version":0,"Level":0,"Task":12811,"Opcode":0,"Keywords":"0x8020000000000000","TimeCreated_attributes":{"SystemTime":"2021-04-22T09:00:16.691725Z"},"EventRecordID":435287,"Correlation":null,"Execution_attributes":{"ProcessID":480,"ThreadID":488},"Channel":"Security","Computer":"fs03vuln.offsec.lan","Security":null},"EventData":{"SubjectUserSid":"S-1-5-21-4230534742-2542757381-3142984815-1111","SubjectUserName":"admmig","SubjectDomainName":"OFFSEC","SubjectLogonId":"0xb32cb","ObjectType":"File","IpAddress":"10.23.123.11","IpPort":"50078","ShareName":"\\\\*\\IPC$","ShareLocalPath":"","RelativeTargetName":"samr","AccessMask":"0x3","AccessList":"%%4416\r\n\t\t\t\t%%4417\r\n\t\t\t\t","AccessReason":"-"}}}
{"Event_attributes":{"xmlns":"http://schemas.microsoft.com/win/2004/08/events/event"},"Event":{"System":{"Provider_attributes":{"Name":"Microsoft-Windows-Security-Auditing","Guid":"54849625-5478-4994-A5BA-3E3B0328C30D"},"EventID":4656,"Version":1,"Level":0,"Task":12803,"Opcode":0,"Keywords":"0x8020000000000000","TimeCreated_attributes":{"SystemTime":"2021-04-22T09:00:16.691725Z"},"EventRecordID":435288,"Correlation":null,"Execution_attributes":{"ProcessID":480,"ThreadID":488},"Channel":"Security","Computer":"fs03vuln.offsec.lan","Security":null},"EventData":{"SubjectUserSid":"S-1-5-21-4230534742-2542757381-3142984815-1111","SubjectUserName":"admmig","SubjectDomainName":"OFFSEC","SubjectLogonId":"0xb32cb","ObjectServer":"Security Account Manager","ObjectType":"SAM_SERVER","ObjectName":"SAM","HandleId":"0x95ac7fa060","TransactionId":"00000000-0000-0000-0000-000000000000","AccessList":"%%1537\r\n\t\t\t\t%%1538\r\n\t\t\t\t%%1539\r\n\t\t\t\t%%1540\r\n\t\t\t\t%%5376\r\n\t\t\t\t%%5377\r\n\t\t\t\t%%5378\r\n\t\t\t\t%%5379\r\n\t\t\t\t%%5380\r\n\t\t\t\t%%5381\r\n\t\t\t\t","AccessReason":"-","AccessMask":"0xf003f","PrivilegeList":"-","RestrictedSidCount":0,"ProcessId":"0x1e0","ProcessName":"C:\\Windows\\System32\\lsass.exe","ResourceAttributes":"-"}}}
{"Event_attributes":{"xmlns":"http://schemas.microsoft.com/win/2004/08/events/event"},"Event":{"System":{"Provider_attributes":{"Name":"Microsoft-Windows-Security-Auditing","Guid":"54849625-5478-4994-A5BA-3E3B0328C30D"},"EventID":4658,"Version":0,"Level":0,"Task":12804,"Opcode":0,"Keywords":"0x8020000000000000","TimeCreated_attributes":{"SystemTime":"2021-04-22T09:00:16.707353Z"},"EventRecordID":435289,"Correlation":null,"Execution_attributes":{"ProcessID":4,"ThreadID":136},"Channel":"Security","Computer":"fs03vuln.offsec.lan","Security":null},"EventData":{"SubjectUserSid":"S-1-5-18","SubjectUserName":"FS03VULN$","SubjectDomainName":"OFFSEC","SubjectLogonId":"0x3e7","ObjectServer":"Security Account Manager","HandleId":"0x95ac7fa060","ProcessId":"0x1e0","ProcessName":"C:\\Windows\\System32\\lsass.exe"}}}
{"Event_attributes":{"xmlns":"http://schemas.microsoft.com/win/2004/08/events/event"},"Event":{"System":{"Provider_attributes":{"Name":"Microsoft-Windows-Security-Auditing","Guid":"54849625-5478-4994-A5BA-3E3B0328C30D"},"EventID":5145,"Version":0,"Level":0,"Task":12811,"Opcode":0,"Keywords":"0x8020000000000000","TimeCreated_attributes":{"SystemTime":"2021-04-22T09:00:16.724674Z"},"EventRecordID":435290,"Correlation":null,"Execution_attributes":{"ProcessID":480,"ThreadID":488},"Channel":"Security","Computer":"fs03vuln.offsec.lan","Security":null},"EventData":{"SubjectUserSid":"S-1-5-21-4230534742-2542757381-3142984815-1111","SubjectUserName":"admmig","SubjectDomainName":"OFFSEC","SubjectLogonId":"0xb32cb","ObjectType":"File","IpAddress":"10.23.123.11","IpPort":"50078","ShareName":"\\\\*\\ADMIN$","ShareLocalPath":"\\??\\C:\\Windows","RelativeTargetName":"SYSTEM32\\BTeHLZkJ.tmp","AccessMask":"0x10080","AccessList":"%%1537\r\n\t\t\t\t%%4423\r\n\t\t\t\t","AccessReason":"-"}}}
{"Event_attributes":{"xmlns":"http://schemas.microsoft.com/win/2004/08/events/event"},"Event":{"System":{"Provider_attributes":{"Name":"Microsoft-Windows-Security-Auditing","Guid":"54849625-5478-4994-A5BA-3E3B0328C30D"},"EventID":5145,"Version":0,"Level":0,"Task":12811,"Opcode":0,"Keywords":"0x8020000000000000","TimeCreated_attributes":{"SystemTime":"2021-04-22T09:00:16.724674Z"},"EventRecordID":435291,"Correlation":null,"Execution_attributes":{"ProcessID":480,"ThreadID":488},"Channel":"Security","Computer":"fs03vuln.offsec.lan","Security":null},"EventData":{"SubjectUserSid":"S-1-5-21-4230534742-2542757381-3142984815-1111","SubjectUserName":"admmig","SubjectDomainName":"OFFSEC","SubjectLogonId":"0xb32cb","ObjectType":"File","IpAddress":"10.23.123.11","IpPort":"50078","ShareName":"\\\\*\\ADMIN$","ShareLocalPath":"\\??\\C:\\Windows","RelativeTargetName":"SYSTEM32\\NMdzZfem.tmp","AccessMask":"0x10080","AccessList":"%%1537\r\n\t\t\t\t%%4423\r\n\t\t\t\t","AccessReason":"-"}}}
{"Event_attributes":{"xmlns":"http://schemas.microsoft.com/win/2004/08/events/event"},"Event":{"System":{"Provider_attributes":{"Name":"Microsoft-Windows-Security-Auditing","Guid":"54849625-5478-4994-A5BA-3E3B0328C30D"},"EventID":5145,"Version":0,"Level":0,"Task":12811,"Opcode":0,"Keywords":"0x8020000000000000","TimeCreated_attributes":{"SystemTime":"2021-04-22T09:00:19.875652Z"},"EventRecordID":435292,"Correlation":null,"Execution_attributes":{"ProcessID":480,"ThreadID":488},"Channel":"Security","Computer":"fs03vuln.offsec.lan","Security":null},"EventData":{"SubjectUserSid":"S-1-5-21-4230534742-2542757381-3142984815-1111","SubjectUserName":"admmig","SubjectDomainName":"OFFSEC","SubjectLogonId":"0x6c366","ObjectType":"File","IpAddress":"10.23.23.9","IpPort":"60051","ShareName":"\\\\*\\C$","ShareLocalPath":"\\??\\C:\\","RelativeTargetName":"\\","AccessMask":"0x100080","AccessList":"%%1541\r\n\t\t\t\t%%4423\r\n\t\t\t\t","AccessReason":"-"}}}
{"Event_attributes":{"xmlns":"http://schemas.microsoft.com/win/2004/08/events/event"},"Event":{"System":{"Provider_attributes":{"Name":"Microsoft-Windows-Security-Auditing","Guid":"54849625-5478-4994-A5BA-3E3B0328C30D"},"EventID":5140,"Version":1,"Level":0,"Task":12808,"Opcode":0,"Keywords":"0x8020000000000000","TimeCreated_attributes":{"SystemTime":"2021-04-22T09:00:19.875652Z"},"EventRecordID":435293,"Correlation":null,"Execution_attributes":{"ProcessID":4,"ThreadID":1160},"Channel":"Security","Computer":"fs03vuln.offsec.lan","Security":null},"EventData":{"SubjectUserSid":"S-1-5-21-4230534742-2542757381-3142984815-1111","SubjectUserName":"admmig","SubjectDomainName":"OFFSEC","SubjectLogonId":"0x6c366","ObjectType":"File","IpAddress":"10.23.23.9","IpPort":"60053","ShareName":"\\\\*\\IPC$","ShareLocalPath":"","AccessMask":"0x1","AccessList":"%%4416\r\n\t\t\t\t"}}}
{"Event_attributes":{"xmlns":"http://schemas.microsoft.com/win/2004/08/events/event"},"Event":{"System":{"Provider_attributes":{"Name":"Microsoft-Windows-Security-Auditing","Guid":"54849625-5478-4994-A5BA-3E3B0328C30D"},"EventID":5145,"Version":0,"Level":0,"Task":12811,"Opcode":0,"Keywords":"0x8020000000000000","TimeCreated_attributes":{"SystemTime":"2021-04-22T09:00:19.875652Z"},"EventRecordID":435294,"Correlation":null,"Execution_attributes":{"ProcessID":480,"ThreadID":488},"Channel":"Security","Computer":"fs03vuln.offsec.lan","Security":null},"EventData":{"SubjectUserSid":"S-1-5-21-4230534742-2542757381-3142984815-1111","SubjectUserName":"admmig","SubjectDomainName":"OFFSEC","SubjectLogonId":"0x6c366","ObjectType":"File","IpAddress":"10.23.23.9","IpPort":"60051","ShareName":"\\\\*\\IPC$","ShareLocalPath":"","RelativeTargetName":"srvsvc","AccessMask":"0x12019f","AccessList":"%%1538\r\n\t\t\t\t%%1541\r\n\t\t\t\t%%4416\r\n\t\t\t\t%%4417\r\n\t\t\t\t%%4418\r\n\t\t\t\t%%4419\r\n\t\t\t\t%%4420\r\n\t\t\t\t%%4423\r\n\t\t\t\t%%4424\r\n\t\t\t\t","AccessReason":"-"}}}
{"Event_attributes":{"xmlns":"http://schemas.microsoft.com/win/2004/08/events/event"},"Event":{"System":{"Provider_attributes":{"Name":"Microsoft-Windows-Security-Auditing","Guid":"54849625-5478-4994-A5BA-3E3B0328C30D"},"EventID":5145,"Version":0,"Level":0,"Task":12811,"Opcode":0,"Keywords":"0x8020000000000000","TimeCreated_attributes":{"SystemTime":"2021-04-22T09:00:19.891272Z"},"EventRecordID":435295,"Correlation":null,"Execution_attributes":{"ProcessID":480,"ThreadID":488},"Channel":"Security","Computer":"fs03vuln.offsec.lan","Security":null},"EventData":{"SubjectUserSid":"S-1-5-21-4230534742-2542757381-3142984815-1111","SubjectUserName":"admmig","SubjectDomainName":"OFFSEC","SubjectLogonId":"0x6c366","ObjectType":"File","IpAddress":"10.23.23.9","IpPort":"60052","ShareName":"\\\\*\\IPC$","ShareLocalPath":"","RelativeTargetName":"srvsvc","AccessMask":"0x12019f","AccessList":"%%1538\r\n\t\t\t\t%%1541\r\n\t\t\t\t%%4416\r\n\t\t\t\t%%4417\r\n\t\t\t\t%%4418\r\n\t\t\t\t%%4419\r\n\t\t\t\t%%4420\r\n\t\t\t\t%%4423\r\n\t\t\t\t%%4424\r\n\t\t\t\t","AccessReason":"-"}}}
{"Event_attributes":{"xmlns":"http://schemas.microsoft.com/win/2004/08/events/event"},"Event":{"System":{"Provider_attributes":{"Name":"Microsoft-Windows-Security-Auditing","Guid":"54849625-5478-4994-A5BA-3E3B0328C30D"},"EventID":5145,"Version":0,"Level":0,"Task":12811,"Opcode":0,"Keywords":"0x8020000000000000","TimeCreated_attributes":{"SystemTime":"2021-04-22T09:00:19.891272Z"},"EventRecordID":435296,"Correlation":null,"Execution_attributes":{"ProcessID":480,"ThreadID":488},"Channel":"Security","Computer":"fs03vuln.offsec.lan","Security":null},"EventData":{"SubjectUserSid":"S-1-5-21-4230534742-2542757381-3142984815-1111","SubjectUserName":"admmig","SubjectDomainName":"OFFSEC","SubjectLogonId":"0x6c366","ObjectType":"File","IpAddress":"10.23.23.9","IpPort":"60053","ShareName":"\\\\*\\C$","ShareLocalPath":"\\??\\C:\\","RelativeTargetName":"Users\\desktop.ini","AccessMask":"0x120089","AccessList":"%%1538\r\n\t\t\t\t%%1541\r\n\t\t\t\t%%4416\r\n\t\t\t\t%%4419\r\n\t\t\t\t%%4423\r\n\t\t\t\t","AccessReason":"-"}}}
{"Event_attributes":{"xmlns":"http://schemas.microsoft.com/win/2004/08/events/event"},"Event":{"System":{"Provider_attributes":{"Name":"Microsoft-Windows-Security-Auditing","Guid":"54849625-5478-4994-A5BA-3E3B0328C30D"},"EventID":5145,"Version":0,"Level":0,"Task":12811,"Opcode":0,"Keywords":"0x8020000000000000","TimeCreated_attributes":{"SystemTime":"2021-04-22T09:00:19.891272Z"},"EventRecordID":435297,"Correlation":null,"Execution_attributes":{"ProcessID":480,"ThreadID":488},"Channel":"Security","Computer":"fs03vuln.offsec.lan","Security":null},"EventData":{"SubjectUserSid":"S-1-5-21-4230534742-2542757381-3142984815-1111","SubjectUserName":"admmig","SubjectDomainName":"OFFSEC","SubjectLogonId":"0x6c366","ObjectType":"File","IpAddress":"10.23.23.9","IpPort":"60053","ShareName":"\\\\*\\C$","ShareLocalPath":"\\??\\C:\\","RelativeTargetName":"USERS\\ADMMIG","AccessMask":"0x100081","AccessList":"%%1541\r\n\t\t\t\t%%4416\r\n\t\t\t\t%%4423\r\n\t\t\t\t","AccessReason":"-"}}}
{"Event_attributes":{"xmlns":"http://schemas.microsoft.com/win/2004/08/events/event"},"Event":{"System":{"Provider_attributes":{"Name":"Microsoft-Windows-Security-Auditing","Guid":"54849625-5478-4994-A5BA-3E3B0328C30D"},"EventID":5145,"Version":0,"Level":0,"Task":12811,"Opcode":0,"Keywords":"0x8020000000000000","TimeCreated_attributes":{"SystemTime":"2021-04-22T09:00:19.891272Z"},"EventRecordID":435298,"Correlation":null,"Execution_attributes":{"ProcessID":480,"ThreadID":488},"Channel":"Security","Computer":"fs03vuln.offsec.lan","Security":null},"EventData":{"SubjectUserSid":"S-1-5-21-4230534742-2542757381-3142984815-1111","SubjectUserName":"admmig","SubjectDomainName":"OFFSEC","SubjectLogonId":"0x6c366","ObjectType":"File","IpAddress":"10.23.23.9","IpPort":"60051","ShareName":"\\\\*\\C$","ShareLocalPath":"\\??\\C:\\","RelativeTargetName":"Users\\admmig\\Desktop\\desktop.ini","AccessMask":"0x120089","AccessList":"%%1538\r\n\t\t\t\t%%1541\r\n\t\t\t\t%%4416\r\n\t\t\t\t%%4419\r\n\t\t\t\t%%4423\r\n\t\t\t\t","AccessReason":"-"}}}
{"Event_attributes":{"xmlns":"http://schemas.microsoft.com/win/2004/08/events/event"},"Event":{"System":{"Provider_attributes":{"Name":"Microsoft-Windows-Security-Auditing","Guid":"54849625-5478-4994-A5BA-3E3B0328C30D"},"EventID":5145,"Version":0,"Level":0,"Task":12811,"Opcode":0,"Keywords":"0x8020000000000000","TimeCreated_attributes":{"SystemTime":"2021-04-22T09:00:20.003685Z"},"EventRecordID":435299,"Correlation":null,"Execution_attributes":{"ProcessID":480,"ThreadID":488},"Channel":"Security","Computer":"fs03vuln.offsec.lan","Security":null},"EventData":{"SubjectUserSid":"S-1-5-21-4230534742-2542757381-3142984815-1111","SubjectUserName":"admmig","SubjectDomainName":"OFFSEC","SubjectLogonId":"0x6c366","ObjectType":"File","IpAddress":"10.23.23.9","IpPort":"60053","ShareName":"\\\\*\\C$","ShareLocalPath":"\\??\\C:\\","RelativeTargetName":"USERS\\ADMMIG\\DESKTOP","AccessMask":"0x100081","AccessList":"%%1541\r\n\t\t\t\t%%4416\r\n\t\t\t\t%%4423\r\n\t\t\t\t","AccessReason":"-"}}}
{"Event_attributes":{"xmlns":"http://schemas.microsoft.com/win/2004/08/events/event"},"Event":{"System":{"Provider_attributes":{"Name":"Microsoft-Windows-Security-Auditing","Guid":"54849625-5478-4994-A5BA-3E3B0328C30D"},"EventID":5145,"Version":0,"Level":0,"Task":12811,"Opcode":0,"Keywords":"0x8020000000000000","TimeCreated_attributes":{"SystemTime":"2021-04-22T09:00:22.544394Z"},"EventRecordID":435300,"Correlation":null,"Execution_attributes":{"ProcessID":480,"ThreadID":488},"Channel":"Security","Computer":"fs03vuln.offsec.lan","Security":null},"EventData":{"SubjectUserSid":"S-1-5-21-4230534742-2542757381-3142984815-1111","SubjectUserName":"admmig","SubjectDomainName":"OFFSEC","SubjectLogonId":"0x6c49d","ObjectType":"File","IpAddress":"10.23.23.9","IpPort":"60052","ShareName":"\\\\*\\C$","ShareLocalPath":"\\??\\C:\\","RelativeTargetName":"Users\\admmig\\Desktop\\Impacket secret dump.evtx","AccessMask":"0x80","AccessList":"%%4423\r\n\t\t\t\t","AccessReason":"-"}}}
{"Event_attributes":{"xmlns":"http://schemas.microsoft.com/win/2004/08/events/event"},"Event":{"System":{"Provider_attributes":{"Name":"Microsoft-Windows-Security-Auditing","Guid":"54849625-5478-4994-A5BA-3E3B0328C30D"},"EventID":5145,"Version":0,"Level":0,"Task":12811,"Opcode":0,"Keywords":"0x8020000000000000","TimeCreated_attributes":{"SystemTime":"2021-04-22T09:00:22.544394Z"},"EventRecordID":435301,"Correlation":null,"Execution_attributes":{"ProcessID":480,"ThreadID":488},"Channel":"Security","Computer":"fs03vuln.offsec.lan","Security":null},"EventData":{"SubjectUserSid":"S-1-5-21-4230534742-2542757381-3142984815-1111","SubjectUserName":"admmig","SubjectDomainName":"OFFSEC","SubjectLogonId":"0x6c49d","ObjectType":"File","IpAddress":"10.23.23.9","IpPort":"60049","ShareName":"\\\\*\\C$","ShareLocalPath":"\\??\\C:\\","RelativeTargetName":"Users\\admmig","AccessMask":"0x100081","AccessList":"%%1541\r\n\t\t\t\t%%4416\r\n\t\t\t\t%%4423\r\n\t\t\t\t","AccessReason":"-"}}}
{"Event_attributes":{"xmlns":"http://schemas.microsoft.com/win/2004/08/events/event"},"Event":{"System":{"Provider_attributes":{"Name":"Microsoft-Windows-Security-Auditing","Guid":"54849625-5478-4994-A5BA-3E3B0328C30D"},"EventID":5145,"Version":0,"Level":0,"Task":12811,"Opcode":0,"Keywords":"0x8020000000000000","TimeCreated_attributes":{"SystemTime":"2021-04-22T09:00:22.560013Z"},"EventRecordID":435302,"Correlation":null,"Execution_attributes":{"ProcessID":480,"ThreadID":488},"Channel":"Security","Computer":"fs03vuln.offsec.lan","Security":null},"EventData":{"SubjectUserSid":"S-1-5-21-4230534742-2542757381-3142984815-1111","SubjectUserName":"admmig","SubjectDomainName":"OFFSEC","SubjectLogonId":"0x6c49d","ObjectType":"File","IpAddress":"10.23.23.9","IpPort":"60052","ShareName":"\\\\*\\C$","ShareLocalPath":"\\??\\C:\\","RelativeTargetName":"USERS\\ADMMIG\\DESKTOP\\DESKTOP.INI","AccessMask":"0x120089","AccessList":"%%1538\r\n\t\t\t\t%%1541\r\n\t\t\t\t%%4416\r\n\t\t\t\t%%4419\r\n\t\t\t\t%%4423\r\n\t\t\t\t","AccessReason":"-"}}}
{"Event_attributes":{"xmlns":"http://schemas.microsoft.com/win/2004/08/events/event"},"Event":{"System":{"Provider_attributes":{"Name":"Microsoft-Windows-Security-Auditing","Guid":"54849625-5478-4994-A5BA-3E3B0328C30D"},"EventID":5145,"Version":0,"Level":0,"Task":12811,"Opcode":0,"Keywords":"0x8020000000000000","TimeCreated_attributes":{"SystemTime":"2021-04-22T09:00:22.575655Z"},"EventRecordID":435303,"Correlation":null,"Execution_attributes":{"ProcessID":480,"ThreadID":488},"Channel":"Security","Computer":"fs03vuln.offsec.lan","Security":null},"EventData":{"SubjectUserSid":"S-1-5-21-4230534742-2542757381-3142984815-1111","SubjectUserName":"admmig","SubjectDomainName":"OFFSEC","SubjectLogonId":"0x6c49d","ObjectType":"File","IpAddress":"10.23.23.9","IpPort":"60049","ShareName":"\\\\*\\C$","ShareLocalPath":"\\??\\C:\\","RelativeTargetName":"Users\\admmig\\Desktop","AccessMask":"0x100080","AccessList":"%%1541\r\n\t\t\t\t%%4423\r\n\t\t\t\t","AccessReason":"-"}}}
{"Event_attributes":{"xmlns":"http://schemas.microsoft.com/win/2004/08/events/event"},"Event":{"System":{"Provider_attributes":{"Name":"Microsoft-Windows-Security-Auditing","Guid":"54849625-5478-4994-A5BA-3E3B0328C30D"},"EventID":5145,"Version":0,"Level":0,"Task":12811,"Opcode":0,"Keywords":"0x8020000000000000","TimeCreated_attributes":{"SystemTime":"2021-04-22T09:00:22.591268Z"},"EventRecordID":435304,"Correlation":null,"Execution_attributes":{"ProcessID":480,"ThreadID":488},"Channel":"Security","Computer":"fs03vuln.offsec.lan","Security":null},"EventData":{"SubjectUserSid":"S-1-5-21-4230534742-2542757381-3142984815-1111","SubjectUserName":"admmig","SubjectDomainName":"OFFSEC","SubjectLogonId":"0x6c49d","ObjectType":"File","IpAddress":"10.23.23.9","IpPort":"60053","ShareName":"\\\\*\\C$","ShareLocalPath":"\\??\\C:\\","RelativeTargetName":"Users\\admmig\\Desktop\\Impacket secret dump.evtx","AccessMask":"0x100080","AccessList":"%%1541\r\n\t\t\t\t%%4423\r\n\t\t\t\t","AccessReason":"-"}}}
{"Event_attributes":{"xmlns":"http://schemas.microsoft.com/win/2004/08/events/event"},"Event":{"System":{"Provider_attributes":{"Name":"Microsoft-Windows-Security-Auditing","Guid":"54849625-5478-4994-A5BA-3E3B0328C30D"},"EventID":5145,"Version":0,"Level":0,"Task":12811,"Opcode":0,"Keywords":"0x8020000000000000","TimeCreated_attributes":{"SystemTime":"2021-04-22T09:00:22.591268Z"},"EventRecordID":435305,"Correlation":null,"Execution_attributes":{"ProcessID":480,"ThreadID":488},"Channel":"Security","Computer":"fs03vuln.offsec.lan","Security":null},"EventData":{"SubjectUserSid":"S-1-5-21-4230534742-2542757381-3142984815-1111","SubjectUserName":"admmig","SubjectDomainName":"OFFSEC","SubjectLogonId":"0x6c49d","ObjectType":"File","IpAddress":"10.23.23.9","IpPort":"60051","ShareName":"\\\\*\\C$","ShareLocalPath":"\\??\\C:\\","RelativeTargetName":"Users\\admmig\\Desktop","AccessMask":"0x100080","AccessList":"%%1541\r\n\t\t\t\t%%4423\r\n\t\t\t\t","AccessReason":"-"}}}
{"Event_attributes":{"xmlns":"http://schemas.microsoft.com/win/2004/08/events/event"},"Event":{"System":{"Provider_attributes":{"Name":"Microsoft-Windows-Security-Auditing","Guid":"54849625-5478-4994-A5BA-3E3B0328C30D"},"EventID":5145,"Version":0,"Level":0,"Task":12811,"Opcode":0,"Keywords":"0x8020000000000000","TimeCreated_attributes":{"SystemTime":"2021-04-22T09:00:22.591268Z"},"EventRecordID":435306,"Correlation":null,"Execution_attributes":{"ProcessID":480,"ThreadID":488},"Channel":"Security","Computer":"fs03vuln.offsec.lan","Security":null},"EventData":{"SubjectUserSid":"S-1-5-21-4230534742-2542757381-3142984815-1111","SubjectUserName":"admmig","SubjectDomainName":"OFFSEC","SubjectLogonId":"0x6c49d","ObjectType":"File","IpAddress":"10.23.23.9","IpPort":"60049","ShareName":"\\\\*\\C$","ShareLocalPath":"\\??\\C:\\","RelativeTargetName":"Users\\admmig\\Desktop\\Impacket secret dump.evtx","AccessMask":"0x100080","AccessList":"%%1541\r\n\t\t\t\t%%4423\r\n\t\t\t\t","AccessReason":"-"}}}
{"Event_attributes":{"xmlns":"http://schemas.microsoft.com/win/2004/08/events/event"},"Event":{"System":{"Provider_attributes":{"Name":"Microsoft-Windows-Security-Auditing","Guid":"54849625-5478-4994-A5BA-3E3B0328C30D"},"EventID":5145,"Version":0,"Level":0,"Task":12811,"Opcode":0,"Keywords":"0x8020000000000000","TimeCreated_attributes":{"SystemTime":"2021-04-22T09:00:22.606910Z"},"EventRecordID":435307,"Correlation":null,"Execution_attributes":{"ProcessID":480,"ThreadID":488},"Channel":"Security","Computer":"fs03vuln.offsec.lan","Security":null},"EventData":{"SubjectUserSid":"S-1-5-21-4230534742-2542757381-3142984815-1111","SubjectUserName":"admmig","SubjectDomainName":"OFFSEC","SubjectLogonId":"0x6c49d","ObjectType":"File","IpAddress":"10.23.23.9","IpPort":"60053","ShareName":"\\\\*\\C$","ShareLocalPath":"\\??\\C:\\","RelativeTargetName":"Users\\admmig\\Desktop","AccessMask":"0x100081","AccessList":"%%1541\r\n\t\t\t\t%%4416\r\n\t\t\t\t%%4423\r\n\t\t\t\t","AccessReason":"-"}}}
{"Event_attributes":{"xmlns":"http://schemas.microsoft.com/win/2004/08/events/event"},"Event":{"System":{"Provider_attributes":{"Name":"Microsoft-Windows-Security-Auditing","Guid":"54849625-5478-4994-A5BA-3E3B0328C30D"},"EventID":5145,"Version":0,"Level":0,"Task":12811,"Opcode":0,"Keywords":"0x8020000000000000","TimeCreated_attributes":{"SystemTime":"2021-04-22T09:00:22.606910Z"},"EventRecordID":435308,"Correlation":null,"Execution_attributes":{"ProcessID":480,"ThreadID":488},"Channel":"Security","Computer":"fs03vuln.offsec.lan","Security":null},"EventData":{"SubjectUserSid":"S-1-5-21-4230534742-2542757381-3142984815-1111","SubjectUserName":"admmig","SubjectDomainName":"OFFSEC","SubjectLogonId":"0x6c49d","ObjectType":"File","IpAddress":"10.23.23.9","IpPort":"60052","ShareName":"\\\\*\\C$","ShareLocalPath":"\\??\\C:\\","RelativeTargetName":"Users\\admmig\\Desktop\\Impacket secret dump.evtx","AccessMask":"0x100080","AccessList":"%%1541\r\n\t\t\t\t%%4423\r\n\t\t\t\t","AccessReason":"-"}}}
{"Event_attributes":{"xmlns":"http://schemas.microsoft.com/win/2004/08/events/event"},"Event":{"System":{"Provider_attributes":{"Name":"Microsoft-Windows-Security-Auditing","Guid":"54849625-5478-4994-A5BA-3E3B0328C30D"},"EventID":5145,"Version":0,"Level":0,"Task":12811,"Opcode":0,"Keywords":"0x8020000000000000","TimeCreated_attributes":{"SystemTime":"2021-04-22T09:00:22.622944Z"},"EventRecordID":435309,"Correlation":null,"Execution_attributes":{"ProcessID":480,"ThreadID":488},"Channel":"Security","Computer":"fs03vuln.offsec.lan","Security":null},"EventData":{"SubjectUserSid":"S-1-5-21-4230534742-2542757381-3142984815-1111","SubjectUserName":"admmig","SubjectDomainName":"OFFSEC","SubjectLogonId":"0x6c49d","ObjectType":"File","IpAddress":"10.23.23.9","IpPort":"60051","ShareName":"\\\\*\\C$","ShareLocalPath":"\\??\\C:\\","RelativeTargetName":"Users\\admmig\\Desktop","AccessMask":"0x100080","AccessList":"%%1541\r\n\t\t\t\t%%4423\r\n\t\t\t\t","AccessReason":"-"}}}
{"Event_attributes":{"xmlns":"http://schemas.microsoft.com/win/2004/08/events/event"},"Event":{"System":{"Provider_attributes":{"Name":"Microsoft-Windows-Security-Auditing","Guid":"54849625-5478-4994-A5BA-3E3B0328C30D"},"EventID":5145,"Version":0,"Level":0,"Task":12811,"Opcode":0,"Keywords":"0x8020000000000000","TimeCreated_attributes":{"SystemTime":"2021-04-22T09:00:22.696661Z"},"EventRecordID":435310,"Correlation":null,"Execution_attributes":{"ProcessID":480,"ThreadID":488},"Channel":"Security","Computer":"fs03vuln.offsec.lan","Security":null},"EventData":{"SubjectUserSid":"S-1-5-21-4230534742-2542757381-3142984815-1111","SubjectUserName":"admmig","SubjectDomainName":"OFFSEC","SubjectLogonId":"0x6c366","ObjectType":"File","IpAddress":"10.23.23.9","IpPort":"60052","ShareName":"\\\\*\\C$","ShareLocalPath":"\\??\\C:\\","RelativeTargetName":"Users\\admmig\\Desktop\\Impacket secret dump.evtx","AccessMask":"0x10080","AccessList":"%%1537\r\n\t\t\t\t%%4423\r\n\t\t\t\t","AccessReason":"-"}}}
