{"Event_attributes":{"xmlns":"http://schemas.microsoft.com/win/2004/08/events/event"},"Event":{"System":{"Provider_attributes":{"Name":"Microsoft-Windows-Security-Auditing","Guid":"54849625-5478-4994-A5BA-3E3B0328C30D"},"EventID":4661,"Version":1,"Level":0,"Task":12803,"Opcode":0,"Keywords":"0x8020000000000000","TimeCreated_attributes":{"SystemTime":"2021-03-26T16:59:24.863687Z"},"EventRecordID":125522981,"Correlation":null,"Execution_attributes":{"ProcessID":4,"ThreadID":268},"Channel":"Security","Computer":"rootdc1.offsec.lan","Security":null},"EventData":{"SubjectUserSid":"S-1-5-21-4230534742-2542757381-3142984815-1111","SubjectUserName":"admmig","SubjectDomainName":"OFFSEC","SubjectLogonId":"0x493ac","ObjectServer":"Security Account Manager","ObjectType":"SAM_SERVER","ObjectName":"CN=Server,CN=System,DC=offsec,DC=lan","HandleId":"0x1d35e251d80","TransactionId":"00000000-0000-0000-0000-000000000000","AccessList":"%%1537\r\n\t\t\t\t%%1538\r\n\t\t\t\t%%1539\r\n\t\t\t\t%%1540\r\n\t\t\t\t%%5376\r\n\t\t\t\t%%5377\r\n\t\t\t\t%%5378\r\n\t\t\t\t%%5379\r\n\t\t\t\t%%5380\r\n\t\t\t\t%%5381\r\n\t\t\t\t%%5382\r\n\t\t\t\t%%5383\r\n\t\t\t\t%%5384\r\n\t\t\t\t","AccessReason":"-","AccessMask":"0xf01ff","PrivilegeList":"-","Properties":"---\r\n\t{bf967aad-0de6-11d0-a285-00aa003049e2}\r\n","RestrictedSidCount":0,"ProcessId":"0x230","ProcessName":"C:\\Windows\\System32\\lsass.exe"}}}
{"Event_attributes":{"xmlns":"http://schemas.microsoft.com/win/2004/08/events/event"},"Event":{"System":{"Provider_attributes":{"Name":"Microsoft-Windows-Security-Auditing","Guid":"54849625-5478-4994-A5BA-3E3B0328C30D"},"EventID":4661,"Version":1,"Level":0,"Task":12803,"Opcode":0,"Keywords":"0x8020000000000000","TimeCreated_attributes":{"SystemTime":"2021-03-26T16:59:24.863832Z"},"EventRecordID":125522982,"Correlation":null,"Execution_attributes":{"ProcessID":4,"ThreadID":268},"Channel":"Security","Computer":"rootdc1.offsec.lan","Security":null},"EventData":{"SubjectUserSid":"S-1-5-21-4230534742-2542757381-3142984815-1111","SubjectUserName":"admmig","SubjectDomainName":"OFFSEC","SubjectLogonId":"0x493ac","ObjectServer":"Security Account Manager","ObjectType":"SAM_DOMAIN","ObjectName":"DC=offsec,DC=lan","HandleId":"0x1d35e250a40","TransactionId":"00000000-0000-0000-0000-000000000000","AccessList":"%%1537\r\n\t\t\t\t%%1538\r\n\t\t\t\t%%1539\r\n\t\t\t\t%%1540\r\n\t\t\t\t%%5392\r\n\t\t\t\t%%5394\r\n\t\t\t\t%%5395\r\n\t\t\t\t%%5396\r\n\t\t\t\t%%5397\r\n\t\t\t\t%%5398\r\n\t\t\t\t%%5399\r\n\t\t\t\t%%5400\r\n\t\t\t\t","AccessReason":"-","AccessMask":"0xf01fd","PrivilegeList":"-","Properties":"---\r\n\t{19195a5a-6da0-11d0-afd3-00c04fd930c9}\r\n%%1537\r\n%%1538\r\n%%1539\r\n%%1540\r\n%%5392\r\n%%5394\r\n%%5395\r\n%%5396\r\n%%5397\r\n%%5398\r\n%%5399\r\n%%5400\r\n\t\t{c7407360-20bf-11d0-a768-00aa006e0529}\r\n\t\t\t{bf9679a4-0de6-11d0-a285-00aa003049e2}\r\n\t\t\t{bf9679a5-0de6-11d0-a285-00aa003049e2}\r\n\t\t\t{bf9679a6-0de6-11d0-a285-00aa003049e2}\r\n\t\t\t{bf9679bb-0de6-11d0-a285-00aa003049e2}\r\n\t\t\t{bf9679c2-0de6-11d0-a285-00aa003049e2}\r\n\t\t\t{bf9679c3-0de6-11d0-a285-00aa003049e2}\r\n\t\t\t{bf967a09-0de6-11d0-a285-00aa003049e2}\r\n\t\t\t{bf967a0b-0de6-11d0-a285-00aa003049e2}\r\n\t\t{b8119fd0-04f6-4762-ab7a-4986c76b3f9a}\r\n\t\t\t{bf967a34-0de6-11d0-a285-00aa003049e2}\r\n\t\t\t{bf967a33-0de6-11d0-a285-00aa003049e2}\r\n\t\t\t{bf9679c5-0de6-11d0-a285-00aa003049e2}\r\n\t\t\t{bf967a61-0de6-11d0-a285-00aa003049e2}\r\n\t\t\t{bf967977-0de6-11d0-a285-00aa003049e2}\r\n\t\t\t{bf96795e-0de6-11d0-a285-00aa003049e2}\r\n\t\t\t{bf9679ea-0de6-11d0-a285-00aa003049e2}\r\n\t\t{ab721a52-1e2f-11d0-9819-00aa0040529b}\r\n","RestrictedSidCount":0,"ProcessId":"0x230","ProcessName":"C:\\Windows\\System32\\lsass.exe"}}}
{"Event_attributes":{"xmlns":"http://schemas.microsoft.com/win/2004/08/events/event"},"Event":{"System":{"Provider_attributes":{"Name":"Microsoft-Windows-Security-Auditing","Guid":"54849625-5478-4994-A5BA-3E3B0328C30D"},"EventID":4661,"Version":1,"Level":0,"Task":14080,"Opcode":0,"Keywords":"0x8020000000000000","TimeCreated_attributes":{"SystemTime":"2021-03-26T16:59:24.875789Z"},"EventRecordID":125522983,"Correlation":null,"Execution_attributes":{"ProcessID":4,"ThreadID":268},"Channel":"Security","Computer":"rootdc1.offsec.lan","Security":null},"EventData":{"SubjectUserSid":"S-1-5-21-4230534742-2542757381-3142984815-1111","SubjectUserName":"admmig","SubjectDomainName":"OFFSEC","SubjectLogonId":"0x493ac","ObjectServer":"Security Account Manager","ObjectType":"SAM_SERVER","ObjectName":"SAM","HandleId":"0x0","TransactionId":"00000000-0000-0000-0000-000000000000","AccessList":"%%5384\r\n\t\t\t\t","AccessReason":"-","AccessMask":"0x100","PrivilegeList":"-","Properties":"---\r\n\t{bf967aad-0de6-11d0-a285-00aa003049e2}\r\n%%5384\r\n\t\t{91d67418-0135-4acc-8d79-c08e857cfbec}\r\n","RestrictedSidCount":0,"ProcessId":"0x230","ProcessName":"C:\\Windows\\System32\\lsass.exe"}}}
{"Event_attributes":{"xmlns":"http://schemas.microsoft.com/win/2004/08/events/event"},"Event":{"System":{"Provider_attributes":{"Name":"Microsoft-Windows-Security-Auditing","Guid":"54849625-5478-4994-A5BA-3E3B0328C30D"},"EventID":4661,"Version":1,"Level":0,"Task":12803,"Opcode":0,"Keywords":"0x8020000000000000","TimeCreated_attributes":{"SystemTime":"2021-03-26T16:59:24.880370Z"},"EventRecordID":125522984,"Correlation":null,"Execution_attributes":{"ProcessID":4,"ThreadID":268},"Channel":"Security","Computer":"rootdc1.offsec.lan","Security":null},"EventData":{"SubjectUserSid":"S-1-5-21-4230534742-2542757381-3142984815-1111","SubjectUserName":"admmig","SubjectDomainName":"OFFSEC","SubjectLogonId":"0x493ac","ObjectServer":"Security Account Manager","ObjectType":"SAM_USER","ObjectName":"S-1-5-21-4230534742-2542757381-3142984815-500","HandleId":"0x1d35e253590","TransactionId":"00000000-0000-0000-0000-000000000000","AccessList":"%%1537\r\n\t\t\t\t%%1538\r\n\t\t\t\t%%1539\r\n\t\t\t\t%%1540\r\n\t\t\t\t%%5440\r\n\t\t\t\t%%5441\r\n\t\t\t\t%%5442\r\n\t\t\t\t%%5443\r\n\t\t\t\t%%5444\r\n\t\t\t\t%%5445\r\n\t\t\t\t%%5447\r\n\t\t\t\t%%5448\r\n\t\t\t\t","AccessReason":"-","AccessMask":"0xf01bf","PrivilegeList":"-","Properties":"---\r\n\t{bf967aba-0de6-11d0-a285-00aa003049e2}\r\n%%1537\r\n%%1538\r\n%%1539\r\n%%1540\r\n%%5440\r\n%%5441\r\n%%5442\r\n%%5443\r\n%%5444\r\n%%5445\r\n%%5447\r\n%%5448\r\n\t\t{59ba2f42-79a2-11d0-9020-00c04fc2d3cf}\r\n\t\t\t{bf967938-0de6-11d0-a285-00aa003049e2}\r\n\t\t\t{5fd42471-1262-11d0-a060-00aa006c33ed}\r\n\t\t\t{bf9679e8-0de6-11d0-a285-00aa003049e2}\r\n\t\t\t{bf967a00-0de6-11d0-a285-00aa003049e2}\r\n\t\t\t{3e0abfd0-126a-11d0-a060-00aa006c33ed}\r\n\t\t\t{bf967a6a-0de6-11d0-a285-00aa003049e2}\r\n\t\t\t{bf967953-0de6-11d0-a285-00aa003049e2}\r\n\t\t{4c164200-20c0-11d0-a768-00aa006e0529}\r\n\t\t\t{bf967915-0de6-11d0-a285-00aa003049e2}\r\n\t\t\t{bf967a0a-0de6-11d0-a285-00aa003049e2}\r\n\t\t\t{bf967a68-0de6-11d0-a285-00aa003049e2}\r\n\t\t\t{bf967a6d-0de6-11d0-a285-00aa003049e2}\r\n\t\t{5f202010-79a5-11d0-9020-00c04fc2d4cf}\r\n\t\t\t{bf96792e-0de6-11d0-a285-00aa003049e2}\r\n\t\t\t{bf967985-0de6-11d0-a285-00aa003049e2}\r\n\t\t\t{bf967986-0de6-11d0-a285-00aa003049e2}\r\n\t\t\t{bf967996-0de6-11d0-a285-00aa003049e2}\r\n\t\t\t{bf967997-0de6-11d0-a285-00aa003049e2}\r\n\t\t\t{bf9679aa-0de6-11d0-a285-00aa003049e2}\r\n\t\t\t{bf9679ab-0de6-11d0-a285-00aa003049e2}\r\n\t\t\t{bf9679ac-0de6-11d0-a285-00aa003049e2}\r\n\t\t\t{bf967a05-0de6-11d0-a285-00aa003049e2}\r\n\t\t\t{bf9679a8-0de6-11d0-a285-00aa003049e2}\r\n\t\t{e48d0154-bcf8-11d1-8702-00c04fb96050}\r\n\t\t\t{bf967950-0de6-11d0-a285-00aa003049e2}\r\n\t\t{bc0ac240-79a9-11d0-9020-00c04fc2d4cf}\r\n\t\t\t{bf967991-0de6-11d0-a285-00aa003049e2}\r\n\t\t{ab721a53-1e2f-11d0-9819-00aa0040529b}\r\n\t\t{00299570-246d-11d0-a768-00aa006e0529}\r\n\t\t{7ed84960-ad10-11d0-8a92-00aa006e0529}\r\n","RestrictedSidCount":0,"ProcessId":"0x230","ProcessName":"C:\\Windows\\System32\\lsass.exe"}}}
{"Event_attributes":{"xmlns":"http://schemas.microsoft.com/win/2004/08/events/event"},"Event":{"System":{"Provider_attributes":{"Name":"Microsoft-Windows-Security-Auditing","Guid":"54849625-5478-4994-A5BA-3E3B0328C30D"},"EventID":4658,"Version":0,"Level":0,"Task":12804,"Opcode":0,"Keywords":"0x8020000000000000","TimeCreated_attributes":{"SystemTime":"2021-03-26T16:59:24.883128Z"},"EventRecordID":125522985,"Correlation":null,"Execution_attributes":{"ProcessID":4,"ThreadID":268},"Channel":"Security","Computer":"rootdc1.offsec.lan","Security":null},"EventData":{"SubjectUserSid":"S-1-5-21-4230534742-2542757381-3142984815-1111","SubjectUserName":"admmig","SubjectDomainName":"OFFSEC","SubjectLogonId":"0x493ac","ObjectServer":"Security Account Manager","HandleId":"0x1d35e253590","ProcessId":"0x230","ProcessName":"C:\\Windows\\System32\\lsass.exe"}}}
{"Event_attributes":{"xmlns":"http://schemas.microsoft.com/win/2004/08/events/event"},"Event":{"System":{"Provider_attributes":{"Name":"Microsoft-Windows-Security-Auditing","Guid":"54849625-5478-4994-A5BA-3E3B0328C30D"},"EventID":4661,"Version":1,"Level":0,"Task":12803,"Opcode":0,"Keywords":"0x8020000000000000","TimeCreated_attributes":{"SystemTime":"2021-03-26T16:59:24.886046Z"},"EventRecordID":125522986,"Correlation":null,"Execution_attributes":{"ProcessID":4,"ThreadID":268},"Channel":"Security","Computer":"rootdc1.offsec.lan","Security":null},"EventData":{"SubjectUserSid":"S-1-5-21-4230534742-2542757381-3142984815-1111","SubjectUserName":"admmig","SubjectDomainName":"OFFSEC","SubjectLogonId":"0x493ac","ObjectServer":"Security Account Manager","ObjectType":"SAM_USER","ObjectName":"S-1-5-21-4230534742-2542757381-3142984815-501","HandleId":"0x1d35e252250","TransactionId":"00000000-0000-0000-0000-000000000000","AccessList":"%%1537\r\n\t\t\t\t%%1538\r\n\t\t\t\t%%1539\r\n\t\t\t\t%%1540\r\n\t\t\t\t%%5440\r\n\t\t\t\t%%5441\r\n\t\t\t\t%%5442\r\n\t\t\t\t%%5443\r\n\t\t\t\t%%5444\r\n\t\t\t\t%%5445\r\n\t\t\t\t%%5446\r\n\t\t\t\t%%5447\r\n\t\t\t\t%%5448\r\n\t\t\t\t","AccessReason":"-","AccessMask":"0xf01ff","PrivilegeList":"-","Properties":"---\r\n\t{bf967aba-0de6-11d0-a285-00aa003049e2}\r\n%%1537\r\n%%1538\r\n%%1539\r\n%%1540\r\n%%5440\r\n%%5441\r\n%%5442\r\n%%5443\r\n%%5444\r\n%%5445\r\n%%5446\r\n%%5447\r\n%%5448\r\n\t\t{59ba2f42-79a2-11d0-9020-00c04fc2d3cf}\r\n\t\t\t{bf967938-0de6-11d0-a285-00aa003049e2}\r\n\t\t\t{5fd42471-1262-11d0-a060-00aa006c33ed}\r\n\t\t\t{bf9679e8-0de6-11d0-a285-00aa003049e2}\r\n\t\t\t{bf967a00-0de6-11d0-a285-00aa003049e2}\r\n\t\t\t{3e0abfd0-126a-11d0-a060-00aa006c33ed}\r\n\t\t\t{bf967a6a-0de6-11d0-a285-00aa003049e2}\r\n\t\t\t{bf967953-0de6-11d0-a285-00aa003049e2}\r\n\t\t{4c164200-20c0-11d0-a768-00aa006e0529}\r\n\t\t\t{bf967915-0de6-11d0-a285-00aa003049e2}\r\n\t\t\t{bf967a0a-0de6-11d0-a285-00aa003049e2}\r\n\t\t\t{bf967a68-0de6-11d0-a285-00aa003049e2}\r\n\t\t\t{bf967a6d-0de6-11d0-a285-00aa003049e2}\r\n\t\t{5f202010-79a5-11d0-9020-00c04fc2d4cf}\r\n\t\t\t{bf96792e-0de6-11d0-a285-00aa003049e2}\r\n\t\t\t{bf967985-0de6-11d0-a285-00aa003049e2}\r\n\t\t\t{bf967986-0de6-11d0-a285-00aa003049e2}\r\n\t\t\t{bf967996-0de6-11d0-a285-00aa003049e2}\r\n\t\t\t{bf967997-0de6-11d0-a285-00aa003049e2}\r\n\t\t\t{bf9679aa-0de6-11d0-a285-00aa003049e2}\r\n\t\t\t{bf9679ab-0de6-11d0-a285-00aa003049e2}\r\n\t\t\t{bf9679ac-0de6-11d0-a285-00aa003049e2}\r\n\t\t\t{bf967a05-0de6-11d0-a285-00aa003049e2}\r\n\t\t\t{bf9679a8-0de6-11d0-a285-00aa003049e2}\r\n\t\t{e48d0154-bcf8-11d1-8702-00c04fb96050}\r\n\t\t\t{bf967950-0de6-11d0-a285-00aa003049e2}\r\n\t\t{bc0ac240-79a9-11d0-9020-00c04fc2d4cf}\r\n\t\t\t{bf967991-0de6-11d0-a285-00aa003049e2}\r\n\t\t{ab721a53-1e2f-11d0-9819-00aa0040529b}\r\n\t\t{00299570-246d-11d0-a768-00aa006e0529}\r\n\t\t{7ed84960-ad10-11d0-8a92-00aa006e0529}\r\n","RestrictedSidCount":0,"ProcessId":"0x230","ProcessName":"C:\\Windows\\System32\\lsass.exe"}}}
{"Event_attributes":{"xmlns":"http://schemas.microsoft.com/win/2004/08/events/event"},"Event":{"System":{"Provider_attributes":{"Name":"Microsoft-Windows-Security-Auditing","Guid":"54849625-5478-4994-A5BA-3E3B0328C30D"},"EventID":4658,"Version":0,"Level":0,"Task":12804,"Opcode":0,"Keywords":"0x8020000000000000","TimeCreated_attributes":{"SystemTime":"2021-03-26T16:59:24.888803Z"},"EventRecordID":125522987,"Correlation":null,"Execution_attributes":{"ProcessID":4,"ThreadID":268},"Channel":"Security","Computer":"rootdc1.offsec.lan","Security":null},"EventData":{"SubjectUserSid":"S-1-5-21-4230534742-2542757381-3142984815-1111","SubjectUserName":"admmig","SubjectDomainName":"OFFSEC","SubjectLogonId":"0x493ac","ObjectServer":"Security Account Manager","HandleId":"0x1d35e252250","ProcessId":"0x230","ProcessName":"C:\\Windows\\System32\\lsass.exe"}}}
{"Event_attributes":{"xmlns":"http://schemas.microsoft.com/win/2004/08/events/event"},"Event":{"System":{"Provider_attributes":{"Name":"Microsoft-Windows-Security-Auditing","Guid":"54849625-5478-4994-A5BA-3E3B0328C30D"},"EventID":4661,"Version":1,"Level":0,"Task":14080,"Opcode":0,"Keywords":"0x8020000000000000","TimeCreated_attributes":{"SystemTime":"2021-03-26T16:59:24.888947Z"},"EventRecordID":125522988,"Correlation":null,"Execution_attributes":{"ProcessID":4,"ThreadID":268},"Channel":"Security","Computer":"rootdc1.offsec.lan","Security":null},"EventData":{"SubjectUserSid":"S-1-5-21-4230534742-2542757381-3142984815-1111","SubjectUserName":"admmig","SubjectDomainName":"OFFSEC","SubjectLogonId":"0x493ac","ObjectServer":"Security Account Manager","ObjectType":"SAM_SERVER","ObjectName":"SAM","HandleId":"0x0","TransactionId":"00000000-0000-0000-0000-000000000000","AccessList":"%%5384\r\n\t\t\t\t","AccessReason":"-","AccessMask":"0x100","PrivilegeList":"-","Properties":"---\r\n\t{bf967aad-0de6-11d0-a285-00aa003049e2}\r\n%%5384\r\n\t\t{91d67418-0135-4acc-8d79-c08e857cfbec}\r\n","RestrictedSidCount":0,"ProcessId":"0x230","ProcessName":"C:\\Windows\\System32\\lsass.exe"}}}
{"Event_attributes":{"xmlns":"http://schemas.microsoft.com/win/2004/08/events/event"},"Event":{"System":{"Provider_attributes":{"Name":"Microsoft-Windows-Security-Auditing","Guid":"54849625-5478-4994-A5BA-3E3B0328C30D"},"EventID":4661,"Version":1,"Level":0,"Task":12803,"Opcode":0,"Keywords":"0x8020000000000000","TimeCreated_attributes":{"SystemTime":"2021-03-26T16:59:24.892315Z"},"EventRecordID":125522989,"Correlation":null,"Execution_attributes":{"ProcessID":4,"ThreadID":268},"Channel":"Security","Computer":"rootdc1.offsec.lan","Security":null},"EventData":{"SubjectUserSid":"S-1-5-21-4230534742-2542757381-3142984815-1111","SubjectUserName":"admmig","SubjectDomainName":"OFFSEC","SubjectLogonId":"0x493ac","ObjectServer":"Security Account Manager","ObjectType":"SAM_USER","ObjectName":"S-1-5-21-4230534742-2542757381-3142984815-502","HandleId":"0x1d35e2530c0","TransactionId":"00000000-0000-0000-0000-000000000000","AccessList":"%%1537\r\n\t\t\t\t%%1538\r\n\t\t\t\t%%1539\r\n\t\t\t\t%%1540\r\n\t\t\t\t%%5440\r\n\t\t\t\t%%5441\r\n\t\t\t\t%%5442\r\n\t\t\t\t%%5443\r\n\t\t\t\t%%5444\r\n\t\t\t\t%%5445\r\n\t\t\t\t%%5447\r\n\t\t\t\t%%5448\r\n\t\t\t\t","AccessReason":"-","AccessMask":"0xf01bf","PrivilegeList":"-","Properties":"---\r\n\t{bf967aba-0de6-11d0-a285-00aa003049e2}\r\n%%1537\r\n%%1538\r\n%%1539\r\n%%1540\r\n%%5440\r\n%%5441\r\n%%5442\r\n%%5443\r\n%%5444\r\n%%5445\r\n%%5447\r\n%%5448\r\n\t\t{59ba2f42-79a2-11d0-9020-00c04fc2d3cf}\r\n\t\t\t{bf967938-0de6-11d0-a285-00aa003049e2}\r\n\t\t\t{5fd42471-1262-11d0-a060-00aa006c33ed}\r\n\t\t\t{bf9679e8-0de6-11d0-a285-00aa003049e2}\r\n\t\t\t{bf967a00-0de6-11d0-a285-00aa003049e2}\r\n\t\t\t{3e0abfd0-126a-11d0-a060-00aa006c33ed}\r\n\t\t\t{bf967a6a-0de6-11d0-a285-00aa003049e2}\r\n\t\t\t{bf967953-0de6-11d0-a285-00aa003049e2}\r\n\t\t{4c164200-20c0-11d0-a768-00aa006e0529}\r\n\t\t\t{bf967915-0de6-11d0-a285-00aa003049e2}\r\n\t\t\t{bf967a0a-0de6-11d0-a285-00aa003049e2}\r\n\t\t\t{bf967a68-0de6-11d0-a285-00aa003049e2}\r\n\t\t\t{bf967a6d-0de6-11d0-a285-00aa003049e2}\r\n\t\t{5f202010-79a5-11d0-9020-00c04fc2d4cf}\r\n\t\t\t{bf96792e-0de6-11d0-a285-00aa003049e2}\r\n\t\t\t{bf967985-0de6-11d0-a285-00aa003049e2}\r\n\t\t\t{bf967986-0de6-11d0-a285-00aa003049e2}\r\n\t\t\t{bf967996-0de6-11d0-a285-00aa003049e2}\r\n\t\t\t{bf967997-0de6-11d0-a285-00aa003049e2}\r\n\t\t\t{bf9679aa-0de6-11d0-a285-00aa003049e2}\r\n\t\t\t{bf9679ab-0de6-11d0-a285-00aa003049e2}\r\n\t\t\t{bf9679ac-0de6-11d0-a285-00aa003049e2}\r\n\t\t\t{bf967a05-0de6-11d0-a285-00aa003049e2}\r\n\t\t\t{bf9679a8-0de6-11d0-a285-00aa003049e2}\r\n\t\t{e48d0154-bcf8-11d1-8702-00c04fb96050}\r\n\t\t\t{bf967950-0de6-11d0-a285-00aa003049e2}\r\n\t\t{bc0ac240-79a9-11d0-9020-00c04fc2d4cf}\r\n\t\t\t{bf967991-0de6-11d0-a285-00aa003049e2}\r\n\t\t{ab721a53-1e2f-11d0-9819-00aa0040529b}\r\n\t\t{00299570-246d-11d0-a768-00aa006e0529}\r\n\t\t{7ed84960-ad10-11d0-8a92-00aa006e0529}\r\n","RestrictedSidCount":0,"ProcessId":"0x230","ProcessName":"C:\\Windows\\System32\\lsass.exe"}}}
{"Event_attributes":{"xmlns":"http://schemas.microsoft.com/win/2004/08/events/event"},"Event":{"System":{"Provider_attributes":{"Name":"Microsoft-Windows-Security-Auditing","Guid":"54849625-5478-4994-A5BA-3E3B0328C30D"},"EventID":4658,"Version":0,"Level":0,"Task":12804,"Opcode":0,"Keywords":"0x8020000000000000","TimeCreated_attributes":{"SystemTime":"2021-03-26T16:59:24.895813Z"},"EventRecordID":125522990,"Correlation":null,"Execution_attributes":{"ProcessID":4,"ThreadID":268},"Channel":"Security","Computer":"rootdc1.offsec.lan","Security":null},"EventData":{"SubjectUserSid":"S-1-5-21-4230534742-2542757381-3142984815-1111","SubjectUserName":"admmig","SubjectDomainName":"OFFSEC","SubjectLogonId":"0x493ac","ObjectServer":"Security Account Manager","HandleId":"0x1d35e2530c0","ProcessId":"0x230","ProcessName":"C:\\Windows\\System32\\lsass.exe"}}}
{"Event_attributes":{"xmlns":"http://schemas.microsoft.com/win/2004/08/events/event"},"Event":{"System":{"Provider_attributes":{"Name":"Microsoft-Windows-Security-Auditing","Guid":"54849625-5478-4994-A5BA-3E3B0328C30D"},"EventID":4661,"Version":1,"Level":0,"Task":12803,"Opcode":0,"Keywords":"0x8020000000000000","TimeCreated_attributes":{"SystemTime":"2021-03-26T16:59:24.899046Z"},"EventRecordID":125522991,"Correlation":null,"Execution_attributes":{"ProcessID":4,"ThreadID":268},"Channel":"Security","Computer":"rootdc1.offsec.lan","Security":null},"EventData":{"SubjectUserSid":"S-1-5-21-4230534742-2542757381-3142984815-1111","SubjectUserName":"admmig","SubjectDomainName":"OFFSEC","SubjectLogonId":"0x493ac","ObjectServer":"Security Account Manager","ObjectType":"SAM_USER","ObjectName":"S-1-5-21-4230534742-2542757381-3142984815-503","HandleId":"0x1d35e2530c0","TransactionId":"00000000-0000-0000-0000-000000000000","AccessList":"%%1537\r\n\t\t\t\t%%1538\r\n\t\t\t\t%%1539\r\n\t\t\t\t%%1540\r\n\t\t\t\t%%5440\r\n\t\t\t\t%%5441\r\n\t\t\t\t%%5442\r\n\t\t\t\t%%5443\r\n\t\t\t\t%%5444\r\n\t\t\t\t%%5445\r\n\t\t\t\t%%5446\r\n\t\t\t\t%%5447\r\n\t\t\t\t%%5448\r\n\t\t\t\t","AccessReason":"-","AccessMask":"0xf01ff","PrivilegeList":"-","Properties":"---\r\n\t{bf967aba-0de6-11d0-a285-00aa003049e2}\r\n%%1537\r\n%%1538\r\n%%1539\r\n%%1540\r\n%%5440\r\n%%5441\r\n%%5442\r\n%%5443\r\n%%5444\r\n%%5445\r\n%%5446\r\n%%5447\r\n%%5448\r\n\t\t{59ba2f42-79a2-11d0-9020-00c04fc2d3cf}\r\n\t\t\t{bf967938-0de6-11d0-a285-00aa003049e2}\r\n\t\t\t{5fd42471-1262-11d0-a060-00aa006c33ed}\r\n\t\t\t{bf9679e8-0de6-11d0-a285-00aa003049e2}\r\n\t\t\t{bf967a00-0de6-11d0-a285-00aa003049e2}\r\n\t\t\t{3e0abfd0-126a-11d0-a060-00aa006c33ed}\r\n\t\t\t{bf967a6a-0de6-11d0-a285-00aa003049e2}\r\n\t\t\t{bf967953-0de6-11d0-a285-00aa003049e2}\r\n\t\t{4c164200-20c0-11d0-a768-00aa006e0529}\r\n\t\t\t{bf967915-0de6-11d0-a285-00aa003049e2}\r\n\t\t\t{bf967a0a-0de6-11d0-a285-00aa003049e2}\r\n\t\t\t{bf967a68-0de6-11d0-a285-00aa003049e2}\r\n\t\t\t{bf967a6d-0de6-11d0-a285-00aa003049e2}\r\n\t\t{5f202010-79a5-11d0-9020-00c04fc2d4cf}\r\n\t\t\t{bf96792e-0de6-11d0-a285-00aa003049e2}\r\n\t\t\t{bf967985-0de6-11d0-a285-00aa003049e2}\r\n\t\t\t{bf967986-0de6-11d0-a285-00aa003049e2}\r\n\t\t\t{bf967996-0de6-11d0-a285-00aa003049e2}\r\n\t\t\t{bf967997-0de6-11d0-a285-00aa003049e2}\r\n\t\t\t{bf9679aa-0de6-11d0-a285-00aa003049e2}\r\n\t\t\t{bf9679ab-0de6-11d0-a285-00aa003049e2}\r\n\t\t\t{bf9679ac-0de6-11d0-a285-00aa003049e2}\r\n\t\t\t{bf967a05-0de6-11d0-a285-00aa003049e2}\r\n\t\t\t{bf9679a8-0de6-11d0-a285-00aa003049e2}\r\n\t\t{e48d0154-bcf8-11d1-8702-00c04fb96050}\r\n\t\t\t{bf967950-0de6-11d0-a285-00aa003049e2}\r\n\t\t{bc0ac240-79a9-11d0-9020-00c04fc2d4cf}\r\n\t\t\t{bf967991-0de6-11d0-a285-00aa003049e2}\r\n\t\t{ab721a53-1e2f-11d0-9819-00aa0040529b}\r\n\t\t{00299570-246d-11d0-a768-00aa006e0529}\r\n\t\t{7ed84960-ad10-11d0-8a92-00aa006e0529}\r\n","RestrictedSidCount":0,"ProcessId":"0x230","ProcessName":"C:\\Windows\\System32\\lsass.exe"}}}
{"Event_attributes":{"xmlns":"http://schemas.microsoft.com/win/2004/08/events/event"},"Event":{"System":{"Provider_attributes":{"Name":"Microsoft-Windows-Security-Auditing","Guid":"54849625-5478-4994-A5BA-3E3B0328C30D"},"EventID":4658,"Version":0,"Level":0,"Task":12804,"Opcode":0,"Keywords":"0x8020000000000000","TimeCreated_attributes":{"SystemTime":"2021-03-26T16:59:24.901616Z"},"EventRecordID":125522992,"Correlation":null,"Execution_attributes":{"ProcessID":4,"ThreadID":268},"Channel":"Security","Computer":"rootdc1.offsec.lan","Security":null},"EventData":{"SubjectUserSid":"S-1-5-21-4230534742-2542757381-3142984815-1111","SubjectUserName":"admmig","SubjectDomainName":"OFFSEC","SubjectLogonId":"0x493ac","ObjectServer":"Security Account Manager","HandleId":"0x1d35e2530c0","ProcessId":"0x230","ProcessName":"C:\\Windows\\System32\\lsass.exe"}}}
{"Event_attributes":{"xmlns":"http://schemas.microsoft.com/win/2004/08/events/event"},"Event":{"System":{"Provider_attributes":{"Name":"Microsoft-Windows-Security-Auditing","Guid":"54849625-5478-4994-A5BA-3E3B0328C30D"},"EventID":4661,"Version":1,"Level":0,"Task":14080,"Opcode":0,"Keywords":"0x8020000000000000","TimeCreated_attributes":{"SystemTime":"2021-03-26T16:59:24.901741Z"},"EventRecordID":125522993,"Correlation":null,"Execution_attributes":{"ProcessID":4,"ThreadID":268},"Channel":"Security","Computer":"rootdc1.offsec.lan","Security":null},"EventData":{"SubjectUserSid":"S-1-5-21-4230534742-2542757381-3142984815-1111","SubjectUserName":"admmig","SubjectDomainName":"OFFSEC","SubjectLogonId":"0x493ac","ObjectServer":"Security Account Manager","ObjectType":"SAM_SERVER","ObjectName":"SAM","HandleId":"0x0","TransactionId":"00000000-0000-0000-0000-000000000000","AccessList":"%%5384\r\n\t\t\t\t","AccessReason":"-","AccessMask":"0x100","PrivilegeList":"-","Properties":"---\r\n\t{bf967aad-0de6-11d0-a285-00aa003049e2}\r\n%%5384\r\n\t\t{91d67418-0135-4acc-8d79-c08e857cfbec}\r\n","RestrictedSidCount":0,"ProcessId":"0x230","ProcessName":"C:\\Windows\\System32\\lsass.exe"}}}
{"Event_attributes":{"xmlns":"http://schemas.microsoft.com/win/2004/08/events/event"},"Event":{"System":{"Provider_attributes":{"Name":"Microsoft-Windows-Security-Auditing","Guid":"54849625-5478-4994-A5BA-3E3B0328C30D"},"EventID":4661,"Version":1,"Level":0,"Task":12803,"Opcode":0,"Keywords":"0x8020000000000000","TimeCreated_attributes":{"SystemTime":"2021-03-26T16:59:24.905068Z"},"EventRecordID":125522994,"Correlation":null,"Execution_attributes":{"ProcessID":4,"ThreadID":268},"Channel":"Security","Computer":"rootdc1.offsec.lan","Security":null},"EventData":{"SubjectUserSid":"S-1-5-21-4230534742-2542757381-3142984815-1111","SubjectUserName":"admmig","SubjectDomainName":"OFFSEC","SubjectLogonId":"0x493ac","ObjectServer":"Security Account Manager","ObjectType":"SAM_USER","ObjectName":"S-1-5-21-4230534742-2542757381-3142984815-1111","HandleId":"0x1d35e252250","TransactionId":"00000000-0000-0000-0000-000000000000","AccessList":"%%1537\r\n\t\t\t\t%%1538\r\n\t\t\t\t%%1539\r\n\t\t\t\t%%1540\r\n\t\t\t\t%%5440\r\n\t\t\t\t%%5441\r\n\t\t\t\t%%5442\r\n\t\t\t\t%%5443\r\n\t\t\t\t%%5444\r\n\t\t\t\t%%5445\r\n\t\t\t\t%%5447\r\n\t\t\t\t%%5448\r\n\t\t\t\t","AccessReason":"-","AccessMask":"0xf01bf","PrivilegeList":"-","Properties":"---\r\n\t{bf967aba-0de6-11d0-a285-00aa003049e2}\r\n%%1537\r\n%%1538\r\n%%1539\r\n%%1540\r\n%%5440\r\n%%5441\r\n%%5442\r\n%%5443\r\n%%5444\r\n%%5445\r\n%%5447\r\n%%5448\r\n\t\t{59ba2f42-79a2-11d0-9020-00c04fc2d3cf}\r\n\t\t\t{bf967938-0de6-11d0-a285-00aa003049e2}\r\n\t\t\t{5fd42471-1262-11d0-a060-00aa006c33ed}\r\n\t\t\t{bf9679e8-0de6-11d0-a285-00aa003049e2}\r\n\t\t\t{bf967a00-0de6-11d0-a285-00aa003049e2}\r\n\t\t\t{3e0abfd0-126a-11d0-a060-00aa006c33ed}\r\n\t\t\t{bf967a6a-0de6-11d0-a285-00aa003049e2}\r\n\t\t\t{bf967953-0de6-11d0-a285-00aa003049e2}\r\n\t\t{4c164200-20c0-11d0-a768-00aa006e0529}\r\n\t\t\t{bf967915-0de6-11d0-a285-00aa003049e2}\r\n\t\t\t{bf967a0a-0de6-11d0-a285-00aa003049e2}\r\n\t\t\t{bf967a68-0de6-11d0-a285-00aa003049e2}\r\n\t\t\t{bf967a6d-0de6-11d0-a285-00aa003049e2}\r\n\t\t{5f202010-79a5-11d0-9020-00c04fc2d4cf}\r\n\t\t\t{bf96792e-0de6-11d0-a285-00aa003049e2}\r\n\t\t\t{bf967985-0de6-11d0-a285-00aa003049e2}\r\n\t\t\t{bf967986-0de6-11d0-a285-00aa003049e2}\r\n\t\t\t{bf967996-0de6-11d0-a285-00aa003049e2}\r\n\t\t\t{bf967997-0de6-11d0-a285-00aa003049e2}\r\n\t\t\t{bf9679aa-0de6-11d0-a285-00aa003049e2}\r\n\t\t\t{bf9679ab-0de6-11d0-a285-00aa003049e2}\r\n\t\t\t{bf9679ac-0de6-11d0-a285-00aa003049e2}\r\n\t\t\t{bf967a05-0de6-11d0-a285-00aa003049e2}\r\n\t\t\t{bf9679a8-0de6-11d0-a285-00aa003049e2}\r\n\t\t{e48d0154-bcf8-11d1-8702-00c04fb96050}\r\n\t\t\t{bf967950-0de6-11d0-a285-00aa003049e2}\r\n\t\t{bc0ac240-79a9-11d0-9020-00c04fc2d4cf}\r\n\t\t\t{bf967991-0de6-11d0-a285-00aa003049e2}\r\n\t\t{ab721a53-1e2f-11d0-9819-00aa0040529b}\r\n\t\t{00299570-246d-11d0-a768-00aa006e0529}\r\n\t\t{7ed84960-ad10-11d0-8a92-00aa006e0529}\r\n","RestrictedSidCount":0,"ProcessId":"0x230","ProcessName":"C:\\Windows\\System32\\lsass.exe"}}}
{"Event_attributes":{"xmlns":"http://schemas.microsoft.com/win/2004/08/events/event"},"Event":{"System":{"Provider_attributes":{"Name":"Microsoft-Windows-Security-Auditing","Guid":"54849625-5478-4994-A5BA-3E3B0328C30D"},"EventID":4658,"Version":0,"Level":0,"Task":12804,"Opcode":0,"Keywords":"0x8020000000000000","TimeCreated_attributes":{"SystemTime":"2021-03-26T16:59:24.907705Z"},"EventRecordID":125522995,"Correlation":null,"Execution_attributes":{"ProcessID":4,"ThreadID":268},"Channel":"Security","Computer":"rootdc1.offsec.lan","Security":null},"EventData":{"SubjectUserSid":"S-1-5-21-4230534742-2542757381-3142984815-1111","SubjectUserName":"admmig","SubjectDomainName":"OFFSEC","SubjectLogonId":"0x493ac","ObjectServer":"Security Account Manager","HandleId":"0x1d35e252250","ProcessId":"0x230","ProcessName":"C:\\Windows\\System32\\lsass.exe"}}}
{"Event_attributes":{"xmlns":"http://schemas.microsoft.com/win/2004/08/events/event"},"Event":{"System":{"Provider_attributes":{"Name":"Microsoft-Windows-Security-Auditing","Guid":"54849625-5478-4994-A5BA-3E3B0328C30D"},"EventID":4661,"Version":1,"Level":0,"Task":12803,"Opcode":0,"Keywords":"0x8020000000000000","TimeCreated_attributes":{"SystemTime":"2021-03-26T16:59:24.912040Z"},"EventRecordID":125522996,"Correlation":null,"Execution_attributes":{"ProcessID":4,"ThreadID":268},"Channel":"Security","Computer":"rootdc1.offsec.lan","Security":null},"EventData":{"SubjectUserSid":"S-1-5-21-4230534742-2542757381-3142984815-1111","SubjectUserName":"admmig","SubjectDomainName":"OFFSEC","SubjectLogonId":"0x493ac","ObjectServer":"Security Account Manager","ObjectType":"SAM_USER","ObjectName":"S-1-5-21-4230534742-2542757381-3142984815-1112","HandleId":"0x1d35e252250","TransactionId":"00000000-0000-0000-0000-000000000000","AccessList":"%%1537\r\n\t\t\t\t%%1538\r\n\t\t\t\t%%1539\r\n\t\t\t\t%%1540\r\n\t\t\t\t%%5440\r\n\t\t\t\t%%5441\r\n\t\t\t\t%%5442\r\n\t\t\t\t%%5443\r\n\t\t\t\t%%5444\r\n\t\t\t\t%%5445\r\n\t\t\t\t%%5447\r\n\t\t\t\t%%5448\r\n\t\t\t\t","AccessReason":"-","AccessMask":"0xf01bf","PrivilegeList":"-","Properties":"---\r\n\t{bf967aba-0de6-11d0-a285-00aa003049e2}\r\n%%1537\r\n%%1538\r\n%%1539\r\n%%1540\r\n%%5440\r\n%%5441\r\n%%5442\r\n%%5443\r\n%%5444\r\n%%5445\r\n%%5447\r\n%%5448\r\n\t\t{59ba2f42-79a2-11d0-9020-00c04fc2d3cf}\r\n\t\t\t{bf967938-0de6-11d0-a285-00aa003049e2}\r\n\t\t\t{5fd42471-1262-11d0-a060-00aa006c33ed}\r\n\t\t\t{bf9679e8-0de6-11d0-a285-00aa003049e2}\r\n\t\t\t{bf967a00-0de6-11d0-a285-00aa003049e2}\r\n\t\t\t{3e0abfd0-126a-11d0-a060-00aa006c33ed}\r\n\t\t\t{bf967a6a-0de6-11d0-a285-00aa003049e2}\r\n\t\t\t{bf967953-0de6-11d0-a285-00aa003049e2}\r\n\t\t{4c164200-20c0-11d0-a768-00aa006e0529}\r\n\t\t\t{bf967915-0de6-11d0-a285-00aa003049e2}\r\n\t\t\t{bf967a0a-0de6-11d0-a285-00aa003049e2}\r\n\t\t\t{bf967a68-0de6-11d0-a285-00aa003049e2}\r\n\t\t\t{bf967a6d-0de6-11d0-a285-00aa003049e2}\r\n\t\t{5f202010-79a5-11d0-9020-00c04fc2d4cf}\r\n\t\t\t{bf96792e-0de6-11d0-a285-00aa003049e2}\r\n\t\t\t{bf967985-0de6-11d0-a285-00aa003049e2}\r\n\t\t\t{bf967986-0de6-11d0-a285-00aa003049e2}\r\n\t\t\t{bf967996-0de6-11d0-a285-00aa003049e2}\r\n\t\t\t{bf967997-0de6-11d0-a285-00aa003049e2}\r\n\t\t\t{bf9679aa-0de6-11d0-a285-00aa003049e2}\r\n\t\t\t{bf9679ab-0de6-11d0-a285-00aa003049e2}\r\n\t\t\t{bf9679ac-0de6-11d0-a285-00aa003049e2}\r\n\t\t\t{bf967a05-0de6-11d0-a285-00aa003049e2}\r\n\t\t\t{bf9679a8-0de6-11d0-a285-00aa003049e2}\r\n\t\t{e48d0154-bcf8-11d1-8702-00c04fb96050}\r\n\t\t\t{bf967950-0de6-11d0-a285-00aa003049e2}\r\n\t\t{bc0ac240-79a9-11d0-9020-00c04fc2d4cf}\r\n\t\t\t{bf967991-0de6-11d0-a285-00aa003049e2}\r\n\t\t{ab721a53-1e2f-11d0-9819-00aa0040529b}\r\n\t\t{00299570-246d-11d0-a768-00aa006e0529}\r\n\t\t{7ed84960-ad10-11d0-8a92-00aa006e0529}\r\n","RestrictedSidCount":0,"ProcessId":"0x230","ProcessName":"C:\\Windows\\System32\\lsass.exe"}}}
{"Event_attributes":{"xmlns":"http://schemas.microsoft.com/win/2004/08/events/event"},"Event":{"System":{"Provider_attributes":{"Name":"Microsoft-Windows-Security-Auditing","Guid":"54849625-5478-4994-A5BA-3E3B0328C30D"},"EventID":4658,"Version":0,"Level":0,"Task":12804,"Opcode":0,"Keywords":"0x8020000000000000","TimeCreated_attributes":{"SystemTime":"2021-03-26T16:59:24.913973Z"},"EventRecordID":125522997,"Correlation":null,"Execution_attributes":{"ProcessID":4,"ThreadID":268},"Channel":"Security","Computer":"rootdc1.offsec.lan","Security":null},"EventData":{"SubjectUserSid":"S-1-5-21-4230534742-2542757381-3142984815-1111","SubjectUserName":"admmig","SubjectDomainName":"OFFSEC","SubjectLogonId":"0x493ac","ObjectServer":"Security Account Manager","HandleId":"0x1d35e252250","ProcessId":"0x230","ProcessName":"C:\\Windows\\System32\\lsass.exe"}}}
{"Event_attributes":{"xmlns":"http://schemas.microsoft.com/win/2004/08/events/event"},"Event":{"System":{"Provider_attributes":{"Name":"Microsoft-Windows-Security-Auditing","Guid":"54849625-5478-4994-A5BA-3E3B0328C30D"},"EventID":4661,"Version":1,"Level":0,"Task":14080,"Opcode":0,"Keywords":"0x8020000000000000","TimeCreated_attributes":{"SystemTime":"2021-03-26T16:59:24.913985Z"},"EventRecordID":125522998,"Correlation":null,"Execution_attributes":{"ProcessID":4,"ThreadID":268},"Channel":"Security","Computer":"rootdc1.offsec.lan","Security":null},"EventData":{"SubjectUserSid":"S-1-5-21-4230534742-2542757381-3142984815-1111","SubjectUserName":"admmig","SubjectDomainName":"OFFSEC","SubjectLogonId":"0x493ac","ObjectServer":"Security Account Manager","ObjectType":"SAM_SERVER","ObjectName":"SAM","HandleId":"0x0","TransactionId":"00000000-0000-0000-0000-000000000000","AccessList":"%%5384\r\n\t\t\t\t","AccessReason":"-","AccessMask":"0x100","PrivilegeList":"-","Properties":"---\r\n\t{bf967aad-0de6-11d0-a285-00aa003049e2}\r\n%%5384\r\n\t\t{91d67418-0135-4acc-8d79-c08e857cfbec}\r\n","RestrictedSidCount":0,"ProcessId":"0x230","ProcessName":"C:\\Windows\\System32\\lsass.exe"}}}
{"Event_attributes":{"xmlns":"http://schemas.microsoft.com/win/2004/08/events/event"},"Event":{"System":{"Provider_attributes":{"Name":"Microsoft-Windows-Security-Auditing","Guid":"54849625-5478-4994-A5BA-3E3B0328C30D"},"EventID":4661,"Version":1,"Level":0,"Task":12803,"Opcode":0,"Keywords":"0x8020000000000000","TimeCreated_attributes":{"SystemTime":"2021-03-26T16:59:24.916528Z"},"EventRecordID":125522999,"Correlation":null,"Execution_attributes":{"ProcessID":4,"ThreadID":268},"Channel":"Security","Computer":"rootdc1.offsec.lan","Security":null},"EventData":{"SubjectUserSid":"S-1-5-21-4230534742-2542757381-3142984815-1111","SubjectUserName":"admmig","SubjectDomainName":"OFFSEC","SubjectLogonId":"0x493ac","ObjectServer":"Security Account Manager","ObjectType":"SAM_USER","ObjectName":"S-1-5-21-4230534742-2542757381-3142984815-1119","HandleId":"0x1d35e2530c0","TransactionId":"00000000-0000-0000-0000-000000000000","AccessList":"%%1537\r\n\t\t\t\t%%1538\r\n\t\t\t\t%%1539\r\n\t\t\t\t%%1540\r\n\t\t\t\t%%5440\r\n\t\t\t\t%%5441\r\n\t\t\t\t%%5442\r\n\t\t\t\t%%5443\r\n\t\t\t\t%%5444\r\n\t\t\t\t%%5445\r\n\t\t\t\t%%5446\r\n\t\t\t\t%%5447\r\n\t\t\t\t","AccessReason":"-","AccessMask":"0xf00ff","PrivilegeList":"-","Properties":"---\r\n\t{bf967aba-0de6-11d0-a285-00aa003049e2}\r\n%%1537\r\n%%1538\r\n%%1539\r\n%%1540\r\n%%5440\r\n%%5441\r\n%%5442\r\n%%5443\r\n%%5444\r\n%%5445\r\n%%5446\r\n%%5447\r\n\t\t{ab721a53-1e2f-11d0-9819-00aa0040529b}\r\n%%1537\r\n%%1538\r\n%%1539\r\n%%1540\r\n%%5440\r\n%%5441\r\n%%5442\r\n%%5443\r\n%%5444\r\n%%5445\r\n%%5446\r\n%%5447\r\n%%5448\r\n\t\t\t{bf967938-0de6-11d0-a285-00aa003049e2}\r\n\t\t\t{5fd42471-1262-11d0-a060-00aa006c33ed}\r\n\t\t\t{bf9679e8-0de6-11d0-a285-00aa003049e2}\r\n\t\t\t{bf967a00-0de6-11d0-a285-00aa003049e2}\r\n\t\t\t{3e0abfd0-126a-11d0-a060-00aa006c33ed}\r\n\t\t\t{bf967a6a-0de6-11d0-a285-00aa003049e2}\r\n\t\t\t{bf967953-0de6-11d0-a285-00aa003049e2}\r\n\t\t{4c164200-20c0-11d0-a768-00aa006e0529}\r\n\t\t\t{bf967915-0de6-11d0-a285-00aa003049e2}\r\n\t\t\t{bf967a0a-0de6-11d0-a285-00aa003049e2}\r\n\t\t\t{bf967a68-0de6-11d0-a285-00aa003049e2}\r\n\t\t\t{bf967a6d-0de6-11d0-a285-00aa003049e2}\r\n\t\t{5f202010-79a5-11d0-9020-00c04fc2d4cf}\r\n\t\t{59ba2f42-79a2-11d0-9020-00c04fc2d3cf}\r\n\t\t\t{bf967985-0de6-11d0-a285-00aa003049e2}\r\n\t\t\t{bf967986-0de6-11d0-a285-00aa003049e2}\r\n\t\t\t{bf967996-0de6-11d0-a285-00aa003049e2}\r\n\t\t\t{bf967997-0de6-11d0-a285-00aa003049e2}\r\n\t\t\t{bf9679aa-0de6-11d0-a285-00aa003049e2}\r\n\t\t\t{bf9679ab-0de6-11d0-a285-00aa003049e2}\r\n\t\t\t{bf9679ac-0de6-11d0-a285-00aa003049e2}\r\n\t\t\t{bf967a05-0de6-11d0-a285-00aa003049e2}\r\n\t\t\t{bf9679a8-0de6-11d0-a285-00aa003049e2}\r\n\t\t{e48d0154-bcf8-11d1-8702-00c04fb96050}\r\n\t\t\t{bf967950-0de6-11d0-a285-00aa003049e2}\r\n\t\t{bc0ac240-79a9-11d0-9020-00c04fc2d4cf}\r\n\t\t\t{bf967991-0de6-11d0-a285-00aa003049e2}\r\n\t\t\t{bf96792e-0de6-11d0-a285-00aa003049e2}\r\n\t\t{00299570-246d-11d0-a768-00aa006e0529}\r\n\t\t{7ed84960-ad10-11d0-8a92-00aa006e0529}\r\n","RestrictedSidCount":0,"ProcessId":"0x230","ProcessName":"C:\\Windows\\System32\\lsass.exe"}}}
{"Event_attributes":{"xmlns":"http://schemas.microsoft.com/win/2004/08/events/event"},"Event":{"System":{"Provider_attributes":{"Name":"Microsoft-Windows-Security-Auditing","Guid":"54849625-5478-4994-A5BA-3E3B0328C30D"},"EventID":4658,"Version":0,"Level":0,"Task":12804,"Opcode":0,"Keywords":"0x8020000000000000","TimeCreated_attributes":{"SystemTime":"2021-03-26T16:59:24.918028Z"},"EventRecordID":125523000,"Correlation":null,"Execution_attributes":{"ProcessID":4,"ThreadID":268},"Channel":"Security","Computer":"rootdc1.offsec.lan","Security":null},"EventData":{"SubjectUserSid":"S-1-5-21-4230534742-2542757381-3142984815-1111","SubjectUserName":"admmig","SubjectDomainName":"OFFSEC","SubjectLogonId":"0x493ac","ObjectServer":"Security Account Manager","HandleId":"0x1d35e2530c0","ProcessId":"0x230","ProcessName":"C:\\Windows\\System32\\lsass.exe"}}}
{"Event_attributes":{"xmlns":"http://schemas.microsoft.com/win/2004/08/events/event"},"Event":{"System":{"Provider_attributes":{"Name":"Microsoft-Windows-Security-Auditing","Guid":"54849625-5478-4994-A5BA-3E3B0328C30D"},"EventID":4661,"Version":1,"Level":0,"Task":12803,"Opcode":0,"Keywords":"0x8020000000000000","TimeCreated_attributes":{"SystemTime":"2021-03-26T16:59:24.920535Z"},"EventRecordID":125523001,"Correlation":null,"Execution_attributes":{"ProcessID":4,"ThreadID":268},"Channel":"Security","Computer":"rootdc1.offsec.lan","Security":null},"EventData":{"SubjectUserSid":"S-1-5-21-4230534742-2542757381-3142984815-1111","SubjectUserName":"admmig","SubjectDomainName":"OFFSEC","SubjectLogonId":"0x493ac","ObjectServer":"Security Account Manager","ObjectType":"SAM_USER","ObjectName":"S-1-5-21-4230534742-2542757381-3142984815-1129","HandleId":"0x1d35e2518b0","TransactionId":"00000000-0000-0000-0000-000000000000","AccessList":"%%1537\r\n\t\t\t\t%%1538\r\n\t\t\t\t%%1539\r\n\t\t\t\t%%1540\r\n\t\t\t\t%%5440\r\n\t\t\t\t%%5441\r\n\t\t\t\t%%5442\r\n\t\t\t\t%%5443\r\n\t\t\t\t%%5444\r\n\t\t\t\t%%5445\r\n\t\t\t\t%%5446\r\n\t\t\t\t%%5447\r\n\t\t\t\t","AccessReason":"-","AccessMask":"0xf00ff","PrivilegeList":"-","Properties":"---\r\n\t{bf967aba-0de6-11d0-a285-00aa003049e2}\r\n%%1537\r\n%%1538\r\n%%1539\r\n%%1540\r\n%%5440\r\n%%5441\r\n%%5442\r\n%%5443\r\n%%5444\r\n%%5445\r\n%%5446\r\n%%5447\r\n\t\t{ab721a53-1e2f-11d0-9819-00aa0040529b}\r\n%%1537\r\n%%1538\r\n%%1539\r\n%%1540\r\n%%5440\r\n%%5441\r\n%%5442\r\n%%5443\r\n%%5444\r\n%%5445\r\n%%5446\r\n%%5447\r\n%%5448\r\n\t\t\t{bf967938-0de6-11d0-a285-00aa003049e2}\r\n\t\t\t{5fd42471-1262-11d0-a060-00aa006c33ed}\r\n\t\t\t{bf9679e8-0de6-11d0-a285-00aa003049e2}\r\n\t\t\t{bf967a00-0de6-11d0-a285-00aa003049e2}\r\n\t\t\t{3e0abfd0-126a-11d0-a060-00aa006c33ed}\r\n\t\t\t{bf967a6a-0de6-11d0-a285-00aa003049e2}\r\n\t\t\t{bf967953-0de6-11d0-a285-00aa003049e2}\r\n\t\t{4c164200-20c0-11d0-a768-00aa006e0529}\r\n\t\t\t{bf967915-0de6-11d0-a285-00aa003049e2}\r\n\t\t\t{bf967a0a-0de6-11d0-a285-00aa003049e2}\r\n\t\t\t{bf967a68-0de6-11d0-a285-00aa003049e2}\r\n\t\t\t{bf967a6d-0de6-11d0-a285-00aa003049e2}\r\n\t\t{5f202010-79a5-11d0-9020-00c04fc2d4cf}\r\n\t\t{59ba2f42-79a2-11d0-9020-00c04fc2d3cf}\r\n\t\t\t{bf967985-0de6-11d0-a285-00aa003049e2}\r\n\t\t\t{bf967986-0de6-11d0-a285-00aa003049e2}\r\n\t\t\t{bf967996-0de6-11d0-a285-00aa003049e2}\r\n\t\t\t{bf967997-0de6-11d0-a285-00aa003049e2}\r\n\t\t\t{bf9679aa-0de6-11d0-a285-00aa003049e2}\r\n\t\t\t{bf9679ab-0de6-11d0-a285-00aa003049e2}\r\n\t\t\t{bf9679ac-0de6-11d0-a285-00aa003049e2}\r\n\t\t\t{bf967a05-0de6-11d0-a285-00aa003049e2}\r\n\t\t\t{bf9679a8-0de6-11d0-a285-00aa003049e2}\r\n\t\t{e48d0154-bcf8-11d1-8702-00c04fb96050}\r\n\t\t\t{bf967950-0de6-11d0-a285-00aa003049e2}\r\n\t\t{bc0ac240-79a9-11d0-9020-00c04fc2d4cf}\r\n\t\t\t{bf967991-0de6-11d0-a285-00aa003049e2}\r\n\t\t\t{bf96792e-0de6-11d0-a285-00aa003049e2}\r\n\t\t{00299570-246d-11d0-a768-00aa006e0529}\r\n\t\t{7ed84960-ad10-11d0-8a92-00aa006e0529}\r\n","RestrictedSidCount":0,"ProcessId":"0x230","ProcessName":"C:\\Windows\\System32\\lsass.exe"}}}
{"Event_attributes":{"xmlns":"http://schemas.microsoft.com/win/2004/08/events/event"},"Event":{"System":{"Provider_attributes":{"Name":"Microsoft-Windows-Security-Auditing","Guid":"54849625-5478-4994-A5BA-3E3B0328C30D"},"EventID":4658,"Version":0,"Level":0,"Task":12804,"Opcode":0,"Keywords":"0x8020000000000000","TimeCreated_attributes":{"SystemTime":"2021-03-26T16:59:24.922359Z"},"EventRecordID":125523002,"Correlation":null,"Execution_attributes":{"ProcessID":4,"ThreadID":268},"Channel":"Security","Computer":"rootdc1.offsec.lan","Security":null},"EventData":{"SubjectUserSid":"S-1-5-21-4230534742-2542757381-3142984815-1111","SubjectUserName":"admmig","SubjectDomainName":"OFFSEC","SubjectLogonId":"0x493ac","ObjectServer":"Security Account Manager","HandleId":"0x1d35e2518b0","ProcessId":"0x230","ProcessName":"C:\\Windows\\System32\\lsass.exe"}}}
{"Event_attributes":{"xmlns":"http://schemas.microsoft.com/win/2004/08/events/event"},"Event":{"System":{"Provider_attributes":{"Name":"Microsoft-Windows-Security-Auditing","Guid":"54849625-5478-4994-A5BA-3E3B0328C30D"},"EventID":4661,"Version":1,"Level":0,"Task":14080,"Opcode":0,"Keywords":"0x8020000000000000","TimeCreated_attributes":{"SystemTime":"2021-03-26T16:59:24.922372Z"},"EventRecordID":125523003,"Correlation":null,"Execution_attributes":{"ProcessID":4,"ThreadID":268},"Channel":"Security","Computer":"rootdc1.offsec.lan","Security":null},"EventData":{"SubjectUserSid":"S-1-5-21-4230534742-2542757381-3142984815-1111","SubjectUserName":"admmig","SubjectDomainName":"OFFSEC","SubjectLogonId":"0x493ac","ObjectServer":"Security Account Manager","ObjectType":"SAM_SERVER","ObjectName":"SAM","HandleId":"0x0","TransactionId":"00000000-0000-0000-0000-000000000000","AccessList":"%%5384\r\n\t\t\t\t","AccessReason":"-","AccessMask":"0x100","PrivilegeList":"-","Properties":"---\r\n\t{bf967aad-0de6-11d0-a285-00aa003049e2}\r\n%%5384\r\n\t\t{91d67418-0135-4acc-8d79-c08e857cfbec}\r\n","RestrictedSidCount":0,"ProcessId":"0x230","ProcessName":"C:\\Windows\\System32\\lsass.exe"}}}
{"Event_attributes":{"xmlns":"http://schemas.microsoft.com/win/2004/08/events/event"},"Event":{"System":{"Provider_attributes":{"Name":"Microsoft-Windows-Security-Auditing","Guid":"54849625-5478-4994-A5BA-3E3B0328C30D"},"EventID":4661,"Version":1,"Level":0,"Task":12803,"Opcode":0,"Keywords":"0x8020000000000000","TimeCreated_attributes":{"SystemTime":"2021-03-26T16:59:24.924867Z"},"EventRecordID":125523004,"Correlation":null,"Execution_attributes":{"ProcessID":4,"ThreadID":268},"Channel":"Security","Computer":"rootdc1.offsec.lan","Security":null},"EventData":{"SubjectUserSid":"S-1-5-21-4230534742-2542757381-3142984815-1111","SubjectUserName":"admmig","SubjectDomainName":"OFFSEC","SubjectLogonId":"0x493ac","ObjectServer":"Security Account Manager","ObjectType":"SAM_USER","ObjectName":"S-1-5-21-4230534742-2542757381-3142984815-1147","HandleId":"0x1d35e253590","TransactionId":"00000000-0000-0000-0000-000000000000","AccessList":"%%1537\r\n\t\t\t\t%%1538\r\n\t\t\t\t%%1539\r\n\t\t\t\t%%1540\r\n\t\t\t\t%%5440\r\n\t\t\t\t%%5441\r\n\t\t\t\t%%5442\r\n\t\t\t\t%%5443\r\n\t\t\t\t%%5444\r\n\t\t\t\t%%5445\r\n\t\t\t\t%%5446\r\n\t\t\t\t%%5447\r\n\t\t\t\t","AccessReason":"-","AccessMask":"0xf00ff","PrivilegeList":"-","Properties":"---\r\n\t{bf967aba-0de6-11d0-a285-00aa003049e2}\r\n%%1537\r\n%%1538\r\n%%1539\r\n%%1540\r\n%%5440\r\n%%5441\r\n%%5442\r\n%%5443\r\n%%5444\r\n%%5445\r\n%%5446\r\n%%5447\r\n\t\t{ab721a53-1e2f-11d0-9819-00aa0040529b}\r\n%%1537\r\n%%1538\r\n%%1539\r\n%%1540\r\n%%5440\r\n%%5441\r\n%%5442\r\n%%5443\r\n%%5444\r\n%%5445\r\n%%5446\r\n%%5447\r\n%%5448\r\n\t\t\t{bf967938-0de6-11d0-a285-00aa003049e2}\r\n\t\t\t{5fd42471-1262-11d0-a060-00aa006c33ed}\r\n\t\t\t{bf9679e8-0de6-11d0-a285-00aa003049e2}\r\n\t\t\t{bf967a00-0de6-11d0-a285-00aa003049e2}\r\n\t\t\t{3e0abfd0-126a-11d0-a060-00aa006c33ed}\r\n\t\t\t{bf967a6a-0de6-11d0-a285-00aa003049e2}\r\n\t\t\t{bf967953-0de6-11d0-a285-00aa003049e2}\r\n\t\t{4c164200-20c0-11d0-a768-00aa006e0529}\r\n\t\t\t{bf967915-0de6-11d0-a285-00aa003049e2}\r\n\t\t\t{bf967a0a-0de6-11d0-a285-00aa003049e2}\r\n\t\t\t{bf967a68-0de6-11d0-a285-00aa003049e2}\r\n\t\t\t{bf967a6d-0de6-11d0-a285-00aa003049e2}\r\n\t\t{5f202010-79a5-11d0-9020-00c04fc2d4cf}\r\n\t\t{59ba2f42-79a2-11d0-9020-00c04fc2d3cf}\r\n\t\t\t{bf967985-0de6-11d0-a285-00aa003049e2}\r\n\t\t\t{bf967986-0de6-11d0-a285-00aa003049e2}\r\n\t\t\t{bf967996-0de6-11d0-a285-00aa003049e2}\r\n\t\t\t{bf967997-0de6-11d0-a285-00aa003049e2}\r\n\t\t\t{bf9679aa-0de6-11d0-a285-00aa003049e2}\r\n\t\t\t{bf9679ab-0de6-11d0-a285-00aa003049e2}\r\n\t\t\t{bf9679ac-0de6-11d0-a285-00aa003049e2}\r\n\t\t\t{bf967a05-0de6-11d0-a285-00aa003049e2}\r\n\t\t\t{bf9679a8-0de6-11d0-a285-00aa003049e2}\r\n\t\t{e48d0154-bcf8-11d1-8702-00c04fb96050}\r\n\t\t\t{bf967950-0de6-11d0-a285-00aa003049e2}\r\n\t\t{bc0ac240-79a9-11d0-9020-00c04fc2d4cf}\r\n\t\t\t{bf967991-0de6-11d0-a285-00aa003049e2}\r\n\t\t\t{bf96792e-0de6-11d0-a285-00aa003049e2}\r\n\t\t{00299570-246d-11d0-a768-00aa006e0529}\r\n\t\t{7ed84960-ad10-11d0-8a92-00aa006e0529}\r\n","RestrictedSidCount":0,"ProcessId":"0x230","ProcessName":"C:\\Windows\\System32\\lsass.exe"}}}
{"Event_attributes":{"xmlns":"http://schemas.microsoft.com/win/2004/08/events/event"},"Event":{"System":{"Provider_attributes":{"Name":"Microsoft-Windows-Security-Auditing","Guid":"54849625-5478-4994-A5BA-3E3B0328C30D"},"EventID":4658,"Version":0,"Level":0,"Task":12804,"Opcode":0,"Keywords":"0x8020000000000000","TimeCreated_attributes":{"SystemTime":"2021-03-26T16:59:24.927151Z"},"EventRecordID":125523005,"Correlation":null,"Execution_attributes":{"ProcessID":4,"ThreadID":268},"Channel":"Security","Computer":"rootdc1.offsec.lan","Security":null},"EventData":{"SubjectUserSid":"S-1-5-21-4230534742-2542757381-3142984815-1111","SubjectUserName":"admmig","SubjectDomainName":"OFFSEC","SubjectLogonId":"0x493ac","ObjectServer":"Security Account Manager","HandleId":"0x1d35e253590","ProcessId":"0x230","ProcessName":"C:\\Windows\\System32\\lsass.exe"}}}
{"Event_attributes":{"xmlns":"http://schemas.microsoft.com/win/2004/08/events/event"},"Event":{"System":{"Provider_attributes":{"Name":"Microsoft-Windows-Security-Auditing","Guid":"54849625-5478-4994-A5BA-3E3B0328C30D"},"EventID":4661,"Version":1,"Level":0,"Task":12803,"Opcode":0,"Keywords":"0x8020000000000000","TimeCreated_attributes":{"SystemTime":"2021-03-26T16:59:24.929602Z"},"EventRecordID":125523006,"Correlation":null,"Execution_attributes":{"ProcessID":4,"ThreadID":268},"Channel":"Security","Computer":"rootdc1.offsec.lan","Security":null},"EventData":{"SubjectUserSid":"S-1-5-21-4230534742-2542757381-3142984815-1111","SubjectUserName":"admmig","SubjectDomainName":"OFFSEC","SubjectLogonId":"0x493ac","ObjectServer":"Security Account Manager","ObjectType":"SAM_USER","ObjectName":"S-1-5-21-4230534742-2542757381-3142984815-1154","HandleId":"0x1d35e250570","TransactionId":"00000000-0000-0000-0000-000000000000","AccessList":"%%1537\r\n\t\t\t\t%%1538\r\n\t\t\t\t%%1539\r\n\t\t\t\t%%1540\r\n\t\t\t\t%%5440\r\n\t\t\t\t%%5441\r\n\t\t\t\t%%5442\r\n\t\t\t\t%%5443\r\n\t\t\t\t%%5444\r\n\t\t\t\t%%5445\r\n\t\t\t\t%%5447\r\n\t\t\t\t%%5448\r\n\t\t\t\t","AccessReason":"-","AccessMask":"0xf01bf","PrivilegeList":"-","Properties":"---\r\n\t{bf967aba-0de6-11d0-a285-00aa003049e2}\r\n%%1537\r\n%%1538\r\n%%1539\r\n%%1540\r\n%%5440\r\n%%5441\r\n%%5442\r\n%%5443\r\n%%5444\r\n%%5445\r\n%%5447\r\n%%5448\r\n\t\t{59ba2f42-79a2-11d0-9020-00c04fc2d3cf}\r\n\t\t\t{bf967938-0de6-11d0-a285-00aa003049e2}\r\n\t\t\t{5fd42471-1262-11d0-a060-00aa006c33ed}\r\n\t\t\t{bf9679e8-0de6-11d0-a285-00aa003049e2}\r\n\t\t\t{bf967a00-0de6-11d0-a285-00aa003049e2}\r\n\t\t\t{3e0abfd0-126a-11d0-a060-00aa006c33ed}\r\n\t\t\t{bf967a6a-0de6-11d0-a285-00aa003049e2}\r\n\t\t\t{bf967953-0de6-11d0-a285-00aa003049e2}\r\n\t\t{4c164200-20c0-11d0-a768-00aa006e0529}\r\n\t\t\t{bf967915-0de6-11d0-a285-00aa003049e2}\r\n\t\t\t{bf967a0a-0de6-11d0-a285-00aa003049e2}\r\n\t\t\t{bf967a68-0de6-11d0-a285-00aa003049e2}\r\n\t\t\t{bf967a6d-0de6-11d0-a285-00aa003049e2}\r\n\t\t{5f202010-79a5-11d0-9020-00c04fc2d4cf}\r\n\t\t\t{bf96792e-0de6-11d0-a285-00aa003049e2}\r\n\t\t\t{bf967985-0de6-11d0-a285-00aa003049e2}\r\n\t\t\t{bf967986-0de6-11d0-a285-00aa003049e2}\r\n\t\t\t{bf967996-0de6-11d0-a285-00aa003049e2}\r\n\t\t\t{bf967997-0de6-11d0-a285-00aa003049e2}\r\n\t\t\t{bf9679aa-0de6-11d0-a285-00aa003049e2}\r\n\t\t\t{bf9679ab-0de6-11d0-a285-00aa003049e2}\r\n\t\t\t{bf9679ac-0de6-11d0-a285-00aa003049e2}\r\n\t\t\t{bf967a05-0de6-11d0-a285-00aa003049e2}\r\n\t\t\t{bf9679a8-0de6-11d0-a285-00aa003049e2}\r\n\t\t{e48d0154-bcf8-11d1-8702-00c04fb96050}\r\n\t\t\t{bf967950-0de6-11d0-a285-00aa003049e2}\r\n\t\t{bc0ac240-79a9-11d0-9020-00c04fc2d4cf}\r\n\t\t\t{bf967991-0de6-11d0-a285-00aa003049e2}\r\n\t\t{ab721a53-1e2f-11d0-9819-00aa0040529b}\r\n\t\t{00299570-246d-11d0-a768-00aa006e0529}\r\n\t\t{7ed84960-ad10-11d0-8a92-00aa006e0529}\r\n","RestrictedSidCount":0,"ProcessId":"0x230","ProcessName":"C:\\Windows\\System32\\lsass.exe"}}}
{"Event_attributes":{"xmlns":"http://schemas.microsoft.com/win/2004/08/events/event"},"Event":{"System":{"Provider_attributes":{"Name":"Microsoft-Windows-Security-Auditing","Guid":"54849625-5478-4994-A5BA-3E3B0328C30D"},"EventID":4658,"Version":0,"Level":0,"Task":12804,"Opcode":0,"Keywords":"0x8020000000000000","TimeCreated_attributes":{"SystemTime":"2021-03-26T16:59:24.931637Z"},"EventRecordID":125523007,"Correlation":null,"Execution_attributes":{"ProcessID":4,"ThreadID":268},"Channel":"Security","Computer":"rootdc1.offsec.lan","Security":null},"EventData":{"SubjectUserSid":"S-1-5-21-4230534742-2542757381-3142984815-1111","SubjectUserName":"admmig","SubjectDomainName":"OFFSEC","SubjectLogonId":"0x493ac","ObjectServer":"Security Account Manager","HandleId":"0x1d35e250570","ProcessId":"0x230","ProcessName":"C:\\Windows\\System32\\lsass.exe"}}}
{"Event_attributes":{"xmlns":"http://schemas.microsoft.com/win/2004/08/events/event"},"Event":{"System":{"Provider_attributes":{"Name":"Microsoft-Windows-Security-Auditing","Guid":"54849625-5478-4994-A5BA-3E3B0328C30D"},"EventID":4661,"Version":1,"Level":0,"Task":14080,"Opcode":0,"Keywords":"0x8020000000000000","TimeCreated_attributes":{"SystemTime":"2021-03-26T16:59:24.931649Z"},"EventRecordID":125523008,"Correlation":null,"Execution_attributes":{"ProcessID":4,"ThreadID":268},"Channel":"Security","Computer":"rootdc1.offsec.lan","Security":null},"EventData":{"SubjectUserSid":"S-1-5-21-4230534742-2542757381-3142984815-1111","SubjectUserName":"admmig","SubjectDomainName":"OFFSEC","SubjectLogonId":"0x493ac","ObjectServer":"Security Account Manager","ObjectType":"SAM_SERVER","ObjectName":"SAM","HandleId":"0x0","TransactionId":"00000000-0000-0000-0000-000000000000","AccessList":"%%5384\r\n\t\t\t\t","AccessReason":"-","AccessMask":"0x100","PrivilegeList":"-","Properties":"---\r\n\t{bf967aad-0de6-11d0-a285-00aa003049e2}\r\n%%5384\r\n\t\t{91d67418-0135-4acc-8d79-c08e857cfbec}\r\n","RestrictedSidCount":0,"ProcessId":"0x230","ProcessName":"C:\\Windows\\System32\\lsass.exe"}}}
