{"Event_attributes":{"xmlns":"http://schemas.microsoft.com/win/2004/08/events/event"},"Event":{"System":{"Provider_attributes":{"Name":"Microsoft-Windows-Security-Auditing","Guid":"54849625-5478-4994-A5BA-3E3B0328C30D"},"EventID":4661,"Version":1,"Level":0,"Task":12803,"Opcode":0,"Keywords":"0x8020000000000000","TimeCreated_attributes":{"SystemTime":"2021-03-26T16:59:25.233134Z"},"EventRecordID":125523064,"Correlation":null,"Execution_attributes":{"ProcessID":4,"ThreadID":344},"Channel":"Security","Computer":"rootdc1.offsec.lan","Security":null},"EventData":{"SubjectUserSid":"S-1-5-21-4230534742-2542757381-3142984815-1111","SubjectUserName":"admmig","SubjectDomainName":"OFFSEC","SubjectLogonId":"0x493ac","ObjectServer":"Security Account Manager","ObjectType":"SAM_USER","ObjectName":"S-1-5-21-4230534742-2542757381-3142984815-1220","HandleId":"0x1d35e2530c0","TransactionId":"00000000-0000-0000-0000-000000000000","AccessList":"%%1537\r\n\t\t\t\t%%1538\r\n\t\t\t\t%%1539\r\n\t\t\t\t%%1540\r\n\t\t\t\t%%5440\r\n\t\t\t\t%%5441\r\n\t\t\t\t%%5442\r\n\t\t\t\t%%5443\r\n\t\t\t\t%%5444\r\n\t\t\t\t%%5445\r\n\t\t\t\t%%5446\r\n\t\t\t\t%%5447\r\n\t\t\t\t%%5448\r\n\t\t\t\t","AccessReason":"-","AccessMask":"0xf01ff","PrivilegeList":"-","Properties":"---\r\n\t{bf967aba-0de6-11d0-a285-00aa003049e2}\r\n%%1537\r\n%%1538\r\n%%1539\r\n%%1540\r\n%%5440\r\n%%5441\r\n%%5442\r\n%%5443\r\n%%5444\r\n%%5445\r\n%%5446\r\n%%5447\r\n%%5448\r\n\t\t{59ba2f42-79a2-11d0-9020-00c04fc2d3cf}\r\n\t\t\t{bf967938-0de6-11d0-a285-00aa003049e2}\r\n\t\t\t{5fd42471-1262-11d0-a060-00aa006c33ed}\r\n\t\t\t{bf9679e8-0de6-11d0-a285-00aa003049e2}\r\n\t\t\t{bf967a00-0de6-11d0-a285-00aa003049e2}\r\n\t\t\t{3e0abfd0-126a-11d0-a060-00aa006c33ed}\r\n\t\t\t{bf967a6a-0de6-11d0-a285-00aa003049e2}\r\n\t\t\t{bf967953-0de6-11d0-a285-00aa003049e2}\r\n\t\t{4c164200-20c0-11d0-a768-00aa006e0529}\r\n\t\t\t{bf967915-0de6-11d0-a285-00aa003049e2}\r\n\t\t\t{bf967a0a-0de6-11d0-a285-00aa003049e2}\r\n\t\t\t{bf967a68-0de6-11d0-a285-00aa003049e2}\r\n\t\t\t{bf967a6d-0de6-11d0-a285-00aa003049e2}\r\n\t\t{5f202010-79a5-11d0-9020-00c04fc2d4cf}\r\n\t\t\t{bf96792e-0de6-11d0-a285-00aa003049e2}\r\n\t\t\t{bf967985-0de6-11d0-a285-00aa003049e2}\r\n\t\t\t{bf967986-0de6-11d0-a285-00aa003049e2}\r\n\t\t\t{bf967996-0de6-11d0-a285-00aa003049e2}\r\n\t\t\t{bf967997-0de6-11d0-a285-00aa003049e2}\r\n\t\t\t{bf9679aa-0de6-11d0-a285-00aa003049e2}\r\n\t\t\t{bf9679ab-0de6-11d0-a285-00aa003049e2}\r\n\t\t\t{bf9679ac-0de6-11d0-a285-00aa003049e2}\r\n\t\t\t{bf967a05-0de6-11d0-a285-00aa003049e2}\r\n\t\t\t{bf9679a8-0de6-11d0-a285-00aa003049e2}\r\n\t\t{e48d0154-bcf8-11d1-8702-00c04fb96050}\r\n\t\t\t{bf967950-0de6-11d0-a285-00aa003049e2}\r\n\t\t{bc0ac240-79a9-11d0-9020-00c04fc2d4cf}\r\n\t\t\t{bf967991-0de6-11d0-a285-00aa003049e2}\r\n\t\t{ab721a53-1e2f-11d0-9819-00aa0040529b}\r\n\t\t{00299570-246d-11d0-a768-00aa006e0529}\r\n\t\t{7ed84960-ad10-11d0-8a92-00aa006e0529}\r\n","RestrictedSidCount":0,"ProcessId":"0x230","ProcessName":"C:\\Windows\\System32\\lsass.exe"}}}
{"Event_attributes":{"xmlns":"http://schemas.microsoft.com/win/2004/08/events/event"},"Event":{"System":{"Provider_attributes":{"Name":"Microsoft-Windows-Security-Auditing","Guid":"54849625-5478-4994-A5BA-3E3B0328C30D"},"EventID":4658,"Version":0,"Level":0,"Task":12804,"Opcode":0,"Keywords":"0x8020000000000000","TimeCreated_attributes":{"SystemTime":"2021-03-26T16:59:25.236162Z"},"EventRecordID":125523065,"Correlation":null,"Execution_attributes":{"ProcessID":4,"ThreadID":344},"Channel":"Security","Computer":"rootdc1.offsec.lan","Security":null},"EventData":{"SubjectUserSid":"S-1-5-21-4230534742-2542757381-3142984815-1111","SubjectUserName":"admmig","SubjectDomainName":"OFFSEC","SubjectLogonId":"0x493ac","ObjectServer":"Security Account Manager","HandleId":"0x1d35e2530c0","ProcessId":"0x230","ProcessName":"C:\\Windows\\System32\\lsass.exe"}}}
{"Event_attributes":{"xmlns":"http://schemas.microsoft.com/win/2004/08/events/event"},"Event":{"System":{"Provider_attributes":{"Name":"Microsoft-Windows-Security-Auditing","Guid":"54849625-5478-4994-A5BA-3E3B0328C30D"},"EventID":4661,"Version":1,"Level":0,"Task":12803,"Opcode":0,"Keywords":"0x8020000000000000","TimeCreated_attributes":{"SystemTime":"2021-03-26T16:59:25.242726Z"},"EventRecordID":125523066,"Correlation":null,"Execution_attributes":{"ProcessID":4,"ThreadID":344},"Channel":"Security","Computer":"rootdc1.offsec.lan","Security":null},"EventData":{"SubjectUserSid":"S-1-5-21-4230534742-2542757381-3142984815-1111","SubjectUserName":"admmig","SubjectDomainName":"OFFSEC","SubjectLogonId":"0x493ac","ObjectServer":"Security Account Manager","ObjectType":"SAM_USER","ObjectName":"S-1-5-21-4230534742-2542757381-3142984815-1221","HandleId":"0x1d35e252bf0","TransactionId":"00000000-0000-0000-0000-000000000000","AccessList":"%%1537\r\n\t\t\t\t%%1538\r\n\t\t\t\t%%1539\r\n\t\t\t\t%%1540\r\n\t\t\t\t%%5440\r\n\t\t\t\t%%5441\r\n\t\t\t\t%%5442\r\n\t\t\t\t%%5443\r\n\t\t\t\t%%5444\r\n\t\t\t\t%%5445\r\n\t\t\t\t%%5446\r\n\t\t\t\t%%5447\r\n\t\t\t\t%%5448\r\n\t\t\t\t","AccessReason":"-","AccessMask":"0xf01ff","PrivilegeList":"-","Properties":"---\r\n\t{bf967aba-0de6-11d0-a285-00aa003049e2}\r\n%%1537\r\n%%1538\r\n%%1539\r\n%%1540\r\n%%5440\r\n%%5441\r\n%%5442\r\n%%5443\r\n%%5444\r\n%%5445\r\n%%5446\r\n%%5447\r\n%%5448\r\n\t\t{59ba2f42-79a2-11d0-9020-00c04fc2d3cf}\r\n\t\t\t{bf967938-0de6-11d0-a285-00aa003049e2}\r\n\t\t\t{5fd42471-1262-11d0-a060-00aa006c33ed}\r\n\t\t\t{bf9679e8-0de6-11d0-a285-00aa003049e2}\r\n\t\t\t{bf967a00-0de6-11d0-a285-00aa003049e2}\r\n\t\t\t{3e0abfd0-126a-11d0-a060-00aa006c33ed}\r\n\t\t\t{bf967a6a-0de6-11d0-a285-00aa003049e2}\r\n\t\t\t{bf967953-0de6-11d0-a285-00aa003049e2}\r\n\t\t{4c164200-20c0-11d0-a768-00aa006e0529}\r\n\t\t\t{bf967915-0de6-11d0-a285-00aa003049e2}\r\n\t\t\t{bf967a0a-0de6-11d0-a285-00aa003049e2}\r\n\t\t\t{bf967a68-0de6-11d0-a285-00aa003049e2}\r\n\t\t\t{bf967a6d-0de6-11d0-a285-00aa003049e2}\r\n\t\t{5f202010-79a5-11d0-9020-00c04fc2d4cf}\r\n\t\t\t{bf96792e-0de6-11d0-a285-00aa003049e2}\r\n\t\t\t{bf967985-0de6-11d0-a285-00aa003049e2}\r\n\t\t\t{bf967986-0de6-11d0-a285-00aa003049e2}\r\n\t\t\t{bf967996-0de6-11d0-a285-00aa003049e2}\r\n\t\t\t{bf967997-0de6-11d0-a285-00aa003049e2}\r\n\t\t\t{bf9679aa-0de6-11d0-a285-00aa003049e2}\r\n\t\t\t{bf9679ab-0de6-11d0-a285-00aa003049e2}\r\n\t\t\t{bf9679ac-0de6-11d0-a285-00aa003049e2}\r\n\t\t\t{bf967a05-0de6-11d0-a285-00aa003049e2}\r\n\t\t\t{bf9679a8-0de6-11d0-a285-00aa003049e2}\r\n\t\t{e48d0154-bcf8-11d1-8702-00c04fb96050}\r\n\t\t\t{bf967950-0de6-11d0-a285-00aa003049e2}\r\n\t\t{bc0ac240-79a9-11d0-9020-00c04fc2d4cf}\r\n\t\t\t{bf967991-0de6-11d0-a285-00aa003049e2}\r\n\t\t{ab721a53-1e2f-11d0-9819-00aa0040529b}\r\n\t\t{00299570-246d-11d0-a768-00aa006e0529}\r\n\t\t{7ed84960-ad10-11d0-8a92-00aa006e0529}\r\n","RestrictedSidCount":0,"ProcessId":"0x230","ProcessName":"C:\\Windows\\System32\\lsass.exe"}}}
{"Event_attributes":{"xmlns":"http://schemas.microsoft.com/win/2004/08/events/event"},"Event":{"System":{"Provider_attributes":{"Name":"Microsoft-Windows-Security-Auditing","Guid":"54849625-5478-4994-A5BA-3E3B0328C30D"},"EventID":4658,"Version":0,"Level":0,"Task":12804,"Opcode":0,"Keywords":"0x8020000000000000","TimeCreated_attributes":{"SystemTime":"2021-03-26T16:59:25.245989Z"},"EventRecordID":125523067,"Correlation":null,"Execution_attributes":{"ProcessID":4,"ThreadID":344},"Channel":"Security","Computer":"rootdc1.offsec.lan","Security":null},"EventData":{"SubjectUserSid":"S-1-5-21-4230534742-2542757381-3142984815-1111","SubjectUserName":"admmig","SubjectDomainName":"OFFSEC","SubjectLogonId":"0x493ac","ObjectServer":"Security Account Manager","HandleId":"0x1d35e252bf0","ProcessId":"0x230","ProcessName":"C:\\Windows\\System32\\lsass.exe"}}}
{"Event_attributes":{"xmlns":"http://schemas.microsoft.com/win/2004/08/events/event"},"Event":{"System":{"Provider_attributes":{"Name":"Microsoft-Windows-Security-Auditing","Guid":"54849625-5478-4994-A5BA-3E3B0328C30D"},"EventID":4661,"Version":1,"Level":0,"Task":14080,"Opcode":0,"Keywords":"0x8020000000000000","TimeCreated_attributes":{"SystemTime":"2021-03-26T16:59:25.246189Z"},"EventRecordID":125523068,"Correlation":null,"Execution_attributes":{"ProcessID":4,"ThreadID":344},"Channel":"Security","Computer":"rootdc1.offsec.lan","Security":null},"EventData":{"SubjectUserSid":"S-1-5-21-4230534742-2542757381-3142984815-1111","SubjectUserName":"admmig","SubjectDomainName":"OFFSEC","SubjectLogonId":"0x493ac","ObjectServer":"Security Account Manager","ObjectType":"SAM_SERVER","ObjectName":"SAM","HandleId":"0x0","TransactionId":"00000000-0000-0000-0000-000000000000","AccessList":"%%5384\r\n\t\t\t\t","AccessReason":"-","AccessMask":"0x100","PrivilegeList":"-","Properties":"---\r\n\t{bf967aad-0de6-11d0-a285-00aa003049e2}\r\n%%5384\r\n\t\t{91d67418-0135-4acc-8d79-c08e857cfbec}\r\n","RestrictedSidCount":0,"ProcessId":"0x230","ProcessName":"C:\\Windows\\System32\\lsass.exe"}}}
{"Event_attributes":{"xmlns":"http://schemas.microsoft.com/win/2004/08/events/event"},"Event":{"System":{"Provider_attributes":{"Name":"Microsoft-Windows-Security-Auditing","Guid":"54849625-5478-4994-A5BA-3E3B0328C30D"},"EventID":4661,"Version":1,"Level":0,"Task":12803,"Opcode":0,"Keywords":"0x8020000000000000","TimeCreated_attributes":{"SystemTime":"2021-03-26T16:59:25.252856Z"},"EventRecordID":125523069,"Correlation":null,"Execution_attributes":{"ProcessID":4,"ThreadID":344},"Channel":"Security","Computer":"rootdc1.offsec.lan","Security":null},"EventData":{"SubjectUserSid":"S-1-5-21-4230534742-2542757381-3142984815-1111","SubjectUserName":"admmig","SubjectDomainName":"OFFSEC","SubjectLogonId":"0x493ac","ObjectServer":"Security Account Manager","ObjectType":"SAM_USER","ObjectName":"S-1-5-21-4230534742-2542757381-3142984815-1222","HandleId":"0x1d35e252250","TransactionId":"00000000-0000-0000-0000-000000000000","AccessList":"%%1537\r\n\t\t\t\t%%1538\r\n\t\t\t\t%%1539\r\n\t\t\t\t%%1540\r\n\t\t\t\t%%5440\r\n\t\t\t\t%%5441\r\n\t\t\t\t%%5442\r\n\t\t\t\t%%5443\r\n\t\t\t\t%%5444\r\n\t\t\t\t%%5445\r\n\t\t\t\t%%5446\r\n\t\t\t\t%%5447\r\n\t\t\t\t%%5448\r\n\t\t\t\t","AccessReason":"-","AccessMask":"0xf01ff","PrivilegeList":"-","Properties":"---\r\n\t{bf967aba-0de6-11d0-a285-00aa003049e2}\r\n%%1537\r\n%%1538\r\n%%1539\r\n%%1540\r\n%%5440\r\n%%5441\r\n%%5442\r\n%%5443\r\n%%5444\r\n%%5445\r\n%%5446\r\n%%5447\r\n%%5448\r\n\t\t{59ba2f42-79a2-11d0-9020-00c04fc2d3cf}\r\n\t\t\t{bf967938-0de6-11d0-a285-00aa003049e2}\r\n\t\t\t{5fd42471-1262-11d0-a060-00aa006c33ed}\r\n\t\t\t{bf9679e8-0de6-11d0-a285-00aa003049e2}\r\n\t\t\t{bf967a00-0de6-11d0-a285-00aa003049e2}\r\n\t\t\t{3e0abfd0-126a-11d0-a060-00aa006c33ed}\r\n\t\t\t{bf967a6a-0de6-11d0-a285-00aa003049e2}\r\n\t\t\t{bf967953-0de6-11d0-a285-00aa003049e2}\r\n\t\t{4c164200-20c0-11d0-a768-00aa006e0529}\r\n\t\t\t{bf967915-0de6-11d0-a285-00aa003049e2}\r\n\t\t\t{bf967a0a-0de6-11d0-a285-00aa003049e2}\r\n\t\t\t{bf967a68-0de6-11d0-a285-00aa003049e2}\r\n\t\t\t{bf967a6d-0de6-11d0-a285-00aa003049e2}\r\n\t\t{5f202010-79a5-11d0-9020-00c04fc2d4cf}\r\n\t\t\t{bf96792e-0de6-11d0-a285-00aa003049e2}\r\n\t\t\t{bf967985-0de6-11d0-a285-00aa003049e2}\r\n\t\t\t{bf967986-0de6-11d0-a285-00aa003049e2}\r\n\t\t\t{bf967996-0de6-11d0-a285-00aa003049e2}\r\n\t\t\t{bf967997-0de6-11d0-a285-00aa003049e2}\r\n\t\t\t{bf9679aa-0de6-11d0-a285-00aa003049e2}\r\n\t\t\t{bf9679ab-0de6-11d0-a285-00aa003049e2}\r\n\t\t\t{bf9679ac-0de6-11d0-a285-00aa003049e2}\r\n\t\t\t{bf967a05-0de6-11d0-a285-00aa003049e2}\r\n\t\t\t{bf9679a8-0de6-11d0-a285-00aa003049e2}\r\n\t\t{e48d0154-bcf8-11d1-8702-00c04fb96050}\r\n\t\t\t{bf967950-0de6-11d0-a285-00aa003049e2}\r\n\t\t{bc0ac240-79a9-11d0-9020-00c04fc2d4cf}\r\n\t\t\t{bf967991-0de6-11d0-a285-00aa003049e2}\r\n\t\t{ab721a53-1e2f-11d0-9819-00aa0040529b}\r\n\t\t{00299570-246d-11d0-a768-00aa006e0529}\r\n\t\t{7ed84960-ad10-11d0-8a92-00aa006e0529}\r\n","RestrictedSidCount":0,"ProcessId":"0x230","ProcessName":"C:\\Windows\\System32\\lsass.exe"}}}
{"Event_attributes":{"xmlns":"http://schemas.microsoft.com/win/2004/08/events/event"},"Event":{"System":{"Provider_attributes":{"Name":"Microsoft-Windows-Security-Auditing","Guid":"54849625-5478-4994-A5BA-3E3B0328C30D"},"EventID":4658,"Version":0,"Level":0,"Task":12804,"Opcode":0,"Keywords":"0x8020000000000000","TimeCreated_attributes":{"SystemTime":"2021-03-26T16:59:25.258975Z"},"EventRecordID":125523070,"Correlation":null,"Execution_attributes":{"ProcessID":4,"ThreadID":344},"Channel":"Security","Computer":"rootdc1.offsec.lan","Security":null},"EventData":{"SubjectUserSid":"S-1-5-21-4230534742-2542757381-3142984815-1111","SubjectUserName":"admmig","SubjectDomainName":"OFFSEC","SubjectLogonId":"0x493ac","ObjectServer":"Security Account Manager","HandleId":"0x1d35e252250","ProcessId":"0x230","ProcessName":"C:\\Windows\\System32\\lsass.exe"}}}
{"Event_attributes":{"xmlns":"http://schemas.microsoft.com/win/2004/08/events/event"},"Event":{"System":{"Provider_attributes":{"Name":"Microsoft-Windows-Security-Auditing","Guid":"54849625-5478-4994-A5BA-3E3B0328C30D"},"EventID":4661,"Version":1,"Level":0,"Task":12803,"Opcode":0,"Keywords":"0x8020000000000000","TimeCreated_attributes":{"SystemTime":"2021-03-26T16:59:25.263012Z"},"EventRecordID":125523071,"Correlation":null,"Execution_attributes":{"ProcessID":4,"ThreadID":344},"Channel":"Security","Computer":"rootdc1.offsec.lan","Security":null},"EventData":{"SubjectUserSid":"S-1-5-21-4230534742-2542757381-3142984815-1111","SubjectUserName":"admmig","SubjectDomainName":"OFFSEC","SubjectLogonId":"0x493ac","ObjectServer":"Security Account Manager","ObjectType":"SAM_USER","ObjectName":"S-1-5-21-4230534742-2542757381-3142984815-1223","HandleId":"0x1d35e252250","TransactionId":"00000000-0000-0000-0000-000000000000","AccessList":"%%1537\r\n\t\t\t\t%%1538\r\n\t\t\t\t%%1539\r\n\t\t\t\t%%1540\r\n\t\t\t\t%%5440\r\n\t\t\t\t%%5441\r\n\t\t\t\t%%5442\r\n\t\t\t\t%%5443\r\n\t\t\t\t%%5444\r\n\t\t\t\t%%5445\r\n\t\t\t\t%%5446\r\n\t\t\t\t%%5447\r\n\t\t\t\t%%5448\r\n\t\t\t\t","AccessReason":"-","AccessMask":"0xf01ff","PrivilegeList":"-","Properties":"---\r\n\t{bf967aba-0de6-11d0-a285-00aa003049e2}\r\n%%1537\r\n%%1538\r\n%%1539\r\n%%1540\r\n%%5440\r\n%%5441\r\n%%5442\r\n%%5443\r\n%%5444\r\n%%5445\r\n%%5446\r\n%%5447\r\n%%5448\r\n\t\t{59ba2f42-79a2-11d0-9020-00c04fc2d3cf}\r\n\t\t\t{bf967938-0de6-11d0-a285-00aa003049e2}\r\n\t\t\t{5fd42471-1262-11d0-a060-00aa006c33ed}\r\n\t\t\t{bf9679e8-0de6-11d0-a285-00aa003049e2}\r\n\t\t\t{bf967a00-0de6-11d0-a285-00aa003049e2}\r\n\t\t\t{3e0abfd0-126a-11d0-a060-00aa006c33ed}\r\n\t\t\t{bf967a6a-0de6-11d0-a285-00aa003049e2}\r\n\t\t\t{bf967953-0de6-11d0-a285-00aa003049e2}\r\n\t\t{4c164200-20c0-11d0-a768-00aa006e0529}\r\n\t\t\t{bf967915-0de6-11d0-a285-00aa003049e2}\r\n\t\t\t{bf967a0a-0de6-11d0-a285-00aa003049e2}\r\n\t\t\t{bf967a68-0de6-11d0-a285-00aa003049e2}\r\n\t\t\t{bf967a6d-0de6-11d0-a285-00aa003049e2}\r\n\t\t{5f202010-79a5-11d0-9020-00c04fc2d4cf}\r\n\t\t\t{bf96792e-0de6-11d0-a285-00aa003049e2}\r\n\t\t\t{bf967985-0de6-11d0-a285-00aa003049e2}\r\n\t\t\t{bf967986-0de6-11d0-a285-00aa003049e2}\r\n\t\t\t{bf967996-0de6-11d0-a285-00aa003049e2}\r\n\t\t\t{bf967997-0de6-11d0-a285-00aa003049e2}\r\n\t\t\t{bf9679aa-0de6-11d0-a285-00aa003049e2}\r\n\t\t\t{bf9679ab-0de6-11d0-a285-00aa003049e2}\r\n\t\t\t{bf9679ac-0de6-11d0-a285-00aa003049e2}\r\n\t\t\t{bf967a05-0de6-11d0-a285-00aa003049e2}\r\n\t\t\t{bf9679a8-0de6-11d0-a285-00aa003049e2}\r\n\t\t{e48d0154-bcf8-11d1-8702-00c04fb96050}\r\n\t\t\t{bf967950-0de6-11d0-a285-00aa003049e2}\r\n\t\t{bc0ac240-79a9-11d0-9020-00c04fc2d4cf}\r\n\t\t\t{bf967991-0de6-11d0-a285-00aa003049e2}\r\n\t\t{ab721a53-1e2f-11d0-9819-00aa0040529b}\r\n\t\t{00299570-246d-11d0-a768-00aa006e0529}\r\n\t\t{7ed84960-ad10-11d0-8a92-00aa006e0529}\r\n","RestrictedSidCount":0,"ProcessId":"0x230","ProcessName":"C:\\Windows\\System32\\lsass.exe"}}}
{"Event_attributes":{"xmlns":"http://schemas.microsoft.com/win/2004/08/events/event"},"Event":{"System":{"Provider_attributes":{"Name":"Microsoft-Windows-Security-Auditing","Guid":"54849625-5478-4994-A5BA-3E3B0328C30D"},"EventID":4658,"Version":0,"Level":0,"Task":12804,"Opcode":0,"Keywords":"0x8020000000000000","TimeCreated_attributes":{"SystemTime":"2021-03-26T16:59:25.265360Z"},"EventRecordID":125523072,"Correlation":null,"Execution_attributes":{"ProcessID":4,"ThreadID":344},"Channel":"Security","Computer":"rootdc1.offsec.lan","Security":null},"EventData":{"SubjectUserSid":"S-1-5-21-4230534742-2542757381-3142984815-1111","SubjectUserName":"admmig","SubjectDomainName":"OFFSEC","SubjectLogonId":"0x493ac","ObjectServer":"Security Account Manager","HandleId":"0x1d35e252250","ProcessId":"0x230","ProcessName":"C:\\Windows\\System32\\lsass.exe"}}}
{"Event_attributes":{"xmlns":"http://schemas.microsoft.com/win/2004/08/events/event"},"Event":{"System":{"Provider_attributes":{"Name":"Microsoft-Windows-Security-Auditing","Guid":"54849625-5478-4994-A5BA-3E3B0328C30D"},"EventID":4661,"Version":1,"Level":0,"Task":14080,"Opcode":0,"Keywords":"0x8020000000000000","TimeCreated_attributes":{"SystemTime":"2021-03-26T16:59:25.265537Z"},"EventRecordID":125523073,"Correlation":null,"Execution_attributes":{"ProcessID":4,"ThreadID":344},"Channel":"Security","Computer":"rootdc1.offsec.lan","Security":null},"EventData":{"SubjectUserSid":"S-1-5-21-4230534742-2542757381-3142984815-1111","SubjectUserName":"admmig","SubjectDomainName":"OFFSEC","SubjectLogonId":"0x493ac","ObjectServer":"Security Account Manager","ObjectType":"SAM_SERVER","ObjectName":"SAM","HandleId":"0x0","TransactionId":"00000000-0000-0000-0000-000000000000","AccessList":"%%5384\r\n\t\t\t\t","AccessReason":"-","AccessMask":"0x100","PrivilegeList":"-","Properties":"---\r\n\t{bf967aad-0de6-11d0-a285-00aa003049e2}\r\n%%5384\r\n\t\t{91d67418-0135-4acc-8d79-c08e857cfbec}\r\n","RestrictedSidCount":0,"ProcessId":"0x230","ProcessName":"C:\\Windows\\System32\\lsass.exe"}}}
{"Event_attributes":{"xmlns":"http://schemas.microsoft.com/win/2004/08/events/event"},"Event":{"System":{"Provider_attributes":{"Name":"Microsoft-Windows-Security-Auditing","Guid":"54849625-5478-4994-A5BA-3E3B0328C30D"},"EventID":4661,"Version":1,"Level":0,"Task":12803,"Opcode":0,"Keywords":"0x8020000000000000","TimeCreated_attributes":{"SystemTime":"2021-03-26T16:59:25.268961Z"},"EventRecordID":125523074,"Correlation":null,"Execution_attributes":{"ProcessID":4,"ThreadID":344},"Channel":"Security","Computer":"rootdc1.offsec.lan","Security":null},"EventData":{"SubjectUserSid":"S-1-5-21-4230534742-2542757381-3142984815-1111","SubjectUserName":"admmig","SubjectDomainName":"OFFSEC","SubjectLogonId":"0x493ac","ObjectServer":"Security Account Manager","ObjectType":"SAM_USER","ObjectName":"S-1-5-21-4230534742-2542757381-3142984815-1224","HandleId":"0x1d35e252bf0","TransactionId":"00000000-0000-0000-0000-000000000000","AccessList":"%%1537\r\n\t\t\t\t%%1538\r\n\t\t\t\t%%1539\r\n\t\t\t\t%%1540\r\n\t\t\t\t%%5440\r\n\t\t\t\t%%5441\r\n\t\t\t\t%%5442\r\n\t\t\t\t%%5443\r\n\t\t\t\t%%5444\r\n\t\t\t\t%%5445\r\n\t\t\t\t%%5446\r\n\t\t\t\t%%5447\r\n\t\t\t\t%%5448\r\n\t\t\t\t","AccessReason":"-","AccessMask":"0xf01ff","PrivilegeList":"-","Properties":"---\r\n\t{bf967aba-0de6-11d0-a285-00aa003049e2}\r\n%%1537\r\n%%1538\r\n%%1539\r\n%%1540\r\n%%5440\r\n%%5441\r\n%%5442\r\n%%5443\r\n%%5444\r\n%%5445\r\n%%5446\r\n%%5447\r\n%%5448\r\n\t\t{59ba2f42-79a2-11d0-9020-00c04fc2d3cf}\r\n\t\t\t{bf967938-0de6-11d0-a285-00aa003049e2}\r\n\t\t\t{5fd42471-1262-11d0-a060-00aa006c33ed}\r\n\t\t\t{bf9679e8-0de6-11d0-a285-00aa003049e2}\r\n\t\t\t{bf967a00-0de6-11d0-a285-00aa003049e2}\r\n\t\t\t{3e0abfd0-126a-11d0-a060-00aa006c33ed}\r\n\t\t\t{bf967a6a-0de6-11d0-a285-00aa003049e2}\r\n\t\t\t{bf967953-0de6-11d0-a285-00aa003049e2}\r\n\t\t{4c164200-20c0-11d0-a768-00aa006e0529}\r\n\t\t\t{bf967915-0de6-11d0-a285-00aa003049e2}\r\n\t\t\t{bf967a0a-0de6-11d0-a285-00aa003049e2}\r\n\t\t\t{bf967a68-0de6-11d0-a285-00aa003049e2}\r\n\t\t\t{bf967a6d-0de6-11d0-a285-00aa003049e2}\r\n\t\t{5f202010-79a5-11d0-9020-00c04fc2d4cf}\r\n\t\t\t{bf96792e-0de6-11d0-a285-00aa003049e2}\r\n\t\t\t{bf967985-0de6-11d0-a285-00aa003049e2}\r\n\t\t\t{bf967986-0de6-11d0-a285-00aa003049e2}\r\n\t\t\t{bf967996-0de6-11d0-a285-00aa003049e2}\r\n\t\t\t{bf967997-0de6-11d0-a285-00aa003049e2}\r\n\t\t\t{bf9679aa-0de6-11d0-a285-00aa003049e2}\r\n\t\t\t{bf9679ab-0de6-11d0-a285-00aa003049e2}\r\n\t\t\t{bf9679ac-0de6-11d0-a285-00aa003049e2}\r\n\t\t\t{bf967a05-0de6-11d0-a285-00aa003049e2}\r\n\t\t\t{bf9679a8-0de6-11d0-a285-00aa003049e2}\r\n\t\t{e48d0154-bcf8-11d1-8702-00c04fb96050}\r\n\t\t\t{bf967950-0de6-11d0-a285-00aa003049e2}\r\n\t\t{bc0ac240-79a9-11d0-9020-00c04fc2d4cf}\r\n\t\t\t{bf967991-0de6-11d0-a285-00aa003049e2}\r\n\t\t{ab721a53-1e2f-11d0-9819-00aa0040529b}\r\n\t\t{00299570-246d-11d0-a768-00aa006e0529}\r\n\t\t{7ed84960-ad10-11d0-8a92-00aa006e0529}\r\n","RestrictedSidCount":0,"ProcessId":"0x230","ProcessName":"C:\\Windows\\System32\\lsass.exe"}}}
{"Event_attributes":{"xmlns":"http://schemas.microsoft.com/win/2004/08/events/event"},"Event":{"System":{"Provider_attributes":{"Name":"Microsoft-Windows-Security-Auditing","Guid":"54849625-5478-4994-A5BA-3E3B0328C30D"},"EventID":4658,"Version":0,"Level":0,"Task":12804,"Opcode":0,"Keywords":"0x8020000000000000","TimeCreated_attributes":{"SystemTime":"2021-03-26T16:59:25.272218Z"},"EventRecordID":125523075,"Correlation":null,"Execution_attributes":{"ProcessID":4,"ThreadID":344},"Channel":"Security","Computer":"rootdc1.offsec.lan","Security":null},"EventData":{"SubjectUserSid":"S-1-5-21-4230534742-2542757381-3142984815-1111","SubjectUserName":"admmig","SubjectDomainName":"OFFSEC","SubjectLogonId":"0x493ac","ObjectServer":"Security Account Manager","HandleId":"0x1d35e252bf0","ProcessId":"0x230","ProcessName":"C:\\Windows\\System32\\lsass.exe"}}}
{"Event_attributes":{"xmlns":"http://schemas.microsoft.com/win/2004/08/events/event"},"Event":{"System":{"Provider_attributes":{"Name":"Microsoft-Windows-Security-Auditing","Guid":"54849625-5478-4994-A5BA-3E3B0328C30D"},"EventID":4661,"Version":1,"Level":0,"Task":12803,"Opcode":0,"Keywords":"0x8020000000000000","TimeCreated_attributes":{"SystemTime":"2021-03-26T16:59:25.293218Z"},"EventRecordID":125523076,"Correlation":null,"Execution_attributes":{"ProcessID":4,"ThreadID":344},"Channel":"Security","Computer":"rootdc1.offsec.lan","Security":null},"EventData":{"SubjectUserSid":"S-1-5-21-4230534742-2542757381-3142984815-1111","SubjectUserName":"admmig","SubjectDomainName":"OFFSEC","SubjectLogonId":"0x493ac","ObjectServer":"Security Account Manager","ObjectType":"SAM_USER","ObjectName":"S-1-5-21-4230534742-2542757381-3142984815-1225","HandleId":"0x1d35e2530c0","TransactionId":"00000000-0000-0000-0000-000000000000","AccessList":"%%1537\r\n\t\t\t\t%%1538\r\n\t\t\t\t%%1539\r\n\t\t\t\t%%1540\r\n\t\t\t\t%%5440\r\n\t\t\t\t%%5441\r\n\t\t\t\t%%5442\r\n\t\t\t\t%%5443\r\n\t\t\t\t%%5444\r\n\t\t\t\t%%5445\r\n\t\t\t\t%%5446\r\n\t\t\t\t%%5447\r\n\t\t\t\t%%5448\r\n\t\t\t\t","AccessReason":"-","AccessMask":"0xf01ff","PrivilegeList":"-","Properties":"---\r\n\t{bf967aba-0de6-11d0-a285-00aa003049e2}\r\n%%1537\r\n%%1538\r\n%%1539\r\n%%1540\r\n%%5440\r\n%%5441\r\n%%5442\r\n%%5443\r\n%%5444\r\n%%5445\r\n%%5446\r\n%%5447\r\n%%5448\r\n\t\t{59ba2f42-79a2-11d0-9020-00c04fc2d3cf}\r\n\t\t\t{bf967938-0de6-11d0-a285-00aa003049e2}\r\n\t\t\t{5fd42471-1262-11d0-a060-00aa006c33ed}\r\n\t\t\t{bf9679e8-0de6-11d0-a285-00aa003049e2}\r\n\t\t\t{bf967a00-0de6-11d0-a285-00aa003049e2}\r\n\t\t\t{3e0abfd0-126a-11d0-a060-00aa006c33ed}\r\n\t\t\t{bf967a6a-0de6-11d0-a285-00aa003049e2}\r\n\t\t\t{bf967953-0de6-11d0-a285-00aa003049e2}\r\n\t\t{4c164200-20c0-11d0-a768-00aa006e0529}\r\n\t\t\t{bf967915-0de6-11d0-a285-00aa003049e2}\r\n\t\t\t{bf967a0a-0de6-11d0-a285-00aa003049e2}\r\n\t\t\t{bf967a68-0de6-11d0-a285-00aa003049e2}\r\n\t\t\t{bf967a6d-0de6-11d0-a285-00aa003049e2}\r\n\t\t{5f202010-79a5-11d0-9020-00c04fc2d4cf}\r\n\t\t\t{bf96792e-0de6-11d0-a285-00aa003049e2}\r\n\t\t\t{bf967985-0de6-11d0-a285-00aa003049e2}\r\n\t\t\t{bf967986-0de6-11d0-a285-00aa003049e2}\r\n\t\t\t{bf967996-0de6-11d0-a285-00aa003049e2}\r\n\t\t\t{bf967997-0de6-11d0-a285-00aa003049e2}\r\n\t\t\t{bf9679aa-0de6-11d0-a285-00aa003049e2}\r\n\t\t\t{bf9679ab-0de6-11d0-a285-00aa003049e2}\r\n\t\t\t{bf9679ac-0de6-11d0-a285-00aa003049e2}\r\n\t\t\t{bf967a05-0de6-11d0-a285-00aa003049e2}\r\n\t\t\t{bf9679a8-0de6-11d0-a285-00aa003049e2}\r\n\t\t{e48d0154-bcf8-11d1-8702-00c04fb96050}\r\n\t\t\t{bf967950-0de6-11d0-a285-00aa003049e2}\r\n\t\t{bc0ac240-79a9-11d0-9020-00c04fc2d4cf}\r\n\t\t\t{bf967991-0de6-11d0-a285-00aa003049e2}\r\n\t\t{ab721a53-1e2f-11d0-9819-00aa0040529b}\r\n\t\t{00299570-246d-11d0-a768-00aa006e0529}\r\n\t\t{7ed84960-ad10-11d0-8a92-00aa006e0529}\r\n","RestrictedSidCount":0,"ProcessId":"0x230","ProcessName":"C:\\Windows\\System32\\lsass.exe"}}}
{"Event_attributes":{"xmlns":"http://schemas.microsoft.com/win/2004/08/events/event"},"Event":{"System":{"Provider_attributes":{"Name":"Microsoft-Windows-Security-Auditing","Guid":"54849625-5478-4994-A5BA-3E3B0328C30D"},"EventID":4658,"Version":0,"Level":0,"Task":12804,"Opcode":0,"Keywords":"0x8020000000000000","TimeCreated_attributes":{"SystemTime":"2021-03-26T16:59:25.300527Z"},"EventRecordID":125523077,"Correlation":null,"Execution_attributes":{"ProcessID":4,"ThreadID":344},"Channel":"Security","Computer":"rootdc1.offsec.lan","Security":null},"EventData":{"SubjectUserSid":"S-1-5-21-4230534742-2542757381-3142984815-1111","SubjectUserName":"admmig","SubjectDomainName":"OFFSEC","SubjectLogonId":"0x493ac","ObjectServer":"Security Account Manager","HandleId":"0x1d35e2530c0","ProcessId":"0x230","ProcessName":"C:\\Windows\\System32\\lsass.exe"}}}
{"Event_attributes":{"xmlns":"http://schemas.microsoft.com/win/2004/08/events/event"},"Event":{"System":{"Provider_attributes":{"Name":"Microsoft-Windows-Security-Auditing","Guid":"54849625-5478-4994-A5BA-3E3B0328C30D"},"EventID":4661,"Version":1,"Level":0,"Task":14080,"Opcode":0,"Keywords":"0x8020000000000000","TimeCreated_attributes":{"SystemTime":"2021-03-26T16:59:25.300724Z"},"EventRecordID":125523078,"Correlation":null,"Execution_attributes":{"ProcessID":4,"ThreadID":344},"Channel":"Security","Computer":"rootdc1.offsec.lan","Security":null},"EventData":{"SubjectUserSid":"S-1-5-21-4230534742-2542757381-3142984815-1111","SubjectUserName":"admmig","SubjectDomainName":"OFFSEC","SubjectLogonId":"0x493ac","ObjectServer":"Security Account Manager","ObjectType":"SAM_SERVER","ObjectName":"SAM","HandleId":"0x0","TransactionId":"00000000-0000-0000-0000-000000000000","AccessList":"%%5384\r\n\t\t\t\t","AccessReason":"-","AccessMask":"0x100","PrivilegeList":"-","Properties":"---\r\n\t{bf967aad-0de6-11d0-a285-00aa003049e2}\r\n%%5384\r\n\t\t{91d67418-0135-4acc-8d79-c08e857cfbec}\r\n","RestrictedSidCount":0,"ProcessId":"0x230","ProcessName":"C:\\Windows\\System32\\lsass.exe"}}}
{"Event_attributes":{"xmlns":"http://schemas.microsoft.com/win/2004/08/events/event"},"Event":{"System":{"Provider_attributes":{"Name":"Microsoft-Windows-Security-Auditing","Guid":"54849625-5478-4994-A5BA-3E3B0328C30D"},"EventID":4661,"Version":1,"Level":0,"Task":12803,"Opcode":0,"Keywords":"0x8020000000000000","TimeCreated_attributes":{"SystemTime":"2021-03-26T16:59:25.308670Z"},"EventRecordID":125523079,"Correlation":null,"Execution_attributes":{"ProcessID":4,"ThreadID":344},"Channel":"Security","Computer":"rootdc1.offsec.lan","Security":null},"EventData":{"SubjectUserSid":"S-1-5-21-4230534742-2542757381-3142984815-1111","SubjectUserName":"admmig","SubjectDomainName":"OFFSEC","SubjectLogonId":"0x493ac","ObjectServer":"Security Account Manager","ObjectType":"SAM_USER","ObjectName":"S-1-5-21-4230534742-2542757381-3142984815-1226","HandleId":"0x1d35e2513e0","TransactionId":"00000000-0000-0000-0000-000000000000","AccessList":"%%1537\r\n\t\t\t\t%%1538\r\n\t\t\t\t%%1539\r\n\t\t\t\t%%1540\r\n\t\t\t\t%%5440\r\n\t\t\t\t%%5441\r\n\t\t\t\t%%5442\r\n\t\t\t\t%%5443\r\n\t\t\t\t%%5444\r\n\t\t\t\t%%5445\r\n\t\t\t\t%%5446\r\n\t\t\t\t%%5447\r\n\t\t\t\t%%5448\r\n\t\t\t\t","AccessReason":"-","AccessMask":"0xf01ff","PrivilegeList":"-","Properties":"---\r\n\t{bf967aba-0de6-11d0-a285-00aa003049e2}\r\n%%1537\r\n%%1538\r\n%%1539\r\n%%1540\r\n%%5440\r\n%%5441\r\n%%5442\r\n%%5443\r\n%%5444\r\n%%5445\r\n%%5446\r\n%%5447\r\n%%5448\r\n\t\t{59ba2f42-79a2-11d0-9020-00c04fc2d3cf}\r\n\t\t\t{bf967938-0de6-11d0-a285-00aa003049e2}\r\n\t\t\t{5fd42471-1262-11d0-a060-00aa006c33ed}\r\n\t\t\t{bf9679e8-0de6-11d0-a285-00aa003049e2}\r\n\t\t\t{bf967a00-0de6-11d0-a285-00aa003049e2}\r\n\t\t\t{3e0abfd0-126a-11d0-a060-00aa006c33ed}\r\n\t\t\t{bf967a6a-0de6-11d0-a285-00aa003049e2}\r\n\t\t\t{bf967953-0de6-11d0-a285-00aa003049e2}\r\n\t\t{4c164200-20c0-11d0-a768-00aa006e0529}\r\n\t\t\t{bf967915-0de6-11d0-a285-00aa003049e2}\r\n\t\t\t{bf967a0a-0de6-11d0-a285-00aa003049e2}\r\n\t\t\t{bf967a68-0de6-11d0-a285-00aa003049e2}\r\n\t\t\t{bf967a6d-0de6-11d0-a285-00aa003049e2}\r\n\t\t{5f202010-79a5-11d0-9020-00c04fc2d4cf}\r\n\t\t\t{bf96792e-0de6-11d0-a285-00aa003049e2}\r\n\t\t\t{bf967985-0de6-11d0-a285-00aa003049e2}\r\n\t\t\t{bf967986-0de6-11d0-a285-00aa003049e2}\r\n\t\t\t{bf967996-0de6-11d0-a285-00aa003049e2}\r\n\t\t\t{bf967997-0de6-11d0-a285-00aa003049e2}\r\n\t\t\t{bf9679aa-0de6-11d0-a285-00aa003049e2}\r\n\t\t\t{bf9679ab-0de6-11d0-a285-00aa003049e2}\r\n\t\t\t{bf9679ac-0de6-11d0-a285-00aa003049e2}\r\n\t\t\t{bf967a05-0de6-11d0-a285-00aa003049e2}\r\n\t\t\t{bf9679a8-0de6-11d0-a285-00aa003049e2}\r\n\t\t{e48d0154-bcf8-11d1-8702-00c04fb96050}\r\n\t\t\t{bf967950-0de6-11d0-a285-00aa003049e2}\r\n\t\t{bc0ac240-79a9-11d0-9020-00c04fc2d4cf}\r\n\t\t\t{bf967991-0de6-11d0-a285-00aa003049e2}\r\n\t\t{ab721a53-1e2f-11d0-9819-00aa0040529b}\r\n\t\t{00299570-246d-11d0-a768-00aa006e0529}\r\n\t\t{7ed84960-ad10-11d0-8a92-00aa006e0529}\r\n","RestrictedSidCount":0,"ProcessId":"0x230","ProcessName":"C:\\Windows\\System32\\lsass.exe"}}}
{"Event_attributes":{"xmlns":"http://schemas.microsoft.com/win/2004/08/events/event"},"Event":{"System":{"Provider_attributes":{"Name":"Microsoft-Windows-Security-Auditing","Guid":"54849625-5478-4994-A5BA-3E3B0328C30D"},"EventID":4658,"Version":0,"Level":0,"Task":12804,"Opcode":0,"Keywords":"0x8020000000000000","TimeCreated_attributes":{"SystemTime":"2021-03-26T16:59:25.313073Z"},"EventRecordID":125523080,"Correlation":null,"Execution_attributes":{"ProcessID":4,"ThreadID":344},"Channel":"Security","Computer":"rootdc1.offsec.lan","Security":null},"EventData":{"SubjectUserSid":"S-1-5-21-4230534742-2542757381-3142984815-1111","SubjectUserName":"admmig","SubjectDomainName":"OFFSEC","SubjectLogonId":"0x493ac","ObjectServer":"Security Account Manager","HandleId":"0x1d35e2513e0","ProcessId":"0x230","ProcessName":"C:\\Windows\\System32\\lsass.exe"}}}
{"Event_attributes":{"xmlns":"http://schemas.microsoft.com/win/2004/08/events/event"},"Event":{"System":{"Provider_attributes":{"Name":"Microsoft-Windows-Security-Auditing","Guid":"54849625-5478-4994-A5BA-3E3B0328C30D"},"EventID":4661,"Version":1,"Level":0,"Task":12803,"Opcode":0,"Keywords":"0x8020000000000000","TimeCreated_attributes":{"SystemTime":"2021-03-26T16:59:25.326595Z"},"EventRecordID":125523081,"Correlation":null,"Execution_attributes":{"ProcessID":4,"ThreadID":344},"Channel":"Security","Computer":"rootdc1.offsec.lan","Security":null},"EventData":{"SubjectUserSid":"S-1-5-21-4230534742-2542757381-3142984815-1111","SubjectUserName":"admmig","SubjectDomainName":"OFFSEC","SubjectLogonId":"0x493ac","ObjectServer":"Security Account Manager","ObjectType":"SAM_USER","ObjectName":"S-1-5-21-4230534742-2542757381-3142984815-1227","HandleId":"0x1d35e252250","TransactionId":"00000000-0000-0000-0000-000000000000","AccessList":"%%1537\r\n\t\t\t\t%%1538\r\n\t\t\t\t%%1539\r\n\t\t\t\t%%1540\r\n\t\t\t\t%%5440\r\n\t\t\t\t%%5441\r\n\t\t\t\t%%5442\r\n\t\t\t\t%%5443\r\n\t\t\t\t%%5444\r\n\t\t\t\t%%5445\r\n\t\t\t\t%%5446\r\n\t\t\t\t%%5447\r\n\t\t\t\t%%5448\r\n\t\t\t\t","AccessReason":"-","AccessMask":"0xf01ff","PrivilegeList":"-","Properties":"---\r\n\t{bf967aba-0de6-11d0-a285-00aa003049e2}\r\n%%1537\r\n%%1538\r\n%%1539\r\n%%1540\r\n%%5440\r\n%%5441\r\n%%5442\r\n%%5443\r\n%%5444\r\n%%5445\r\n%%5446\r\n%%5447\r\n%%5448\r\n\t\t{59ba2f42-79a2-11d0-9020-00c04fc2d3cf}\r\n\t\t\t{bf967938-0de6-11d0-a285-00aa003049e2}\r\n\t\t\t{5fd42471-1262-11d0-a060-00aa006c33ed}\r\n\t\t\t{bf9679e8-0de6-11d0-a285-00aa003049e2}\r\n\t\t\t{bf967a00-0de6-11d0-a285-00aa003049e2}\r\n\t\t\t{3e0abfd0-126a-11d0-a060-00aa006c33ed}\r\n\t\t\t{bf967a6a-0de6-11d0-a285-00aa003049e2}\r\n\t\t\t{bf967953-0de6-11d0-a285-00aa003049e2}\r\n\t\t{4c164200-20c0-11d0-a768-00aa006e0529}\r\n\t\t\t{bf967915-0de6-11d0-a285-00aa003049e2}\r\n\t\t\t{bf967a0a-0de6-11d0-a285-00aa003049e2}\r\n\t\t\t{bf967a68-0de6-11d0-a285-00aa003049e2}\r\n\t\t\t{bf967a6d-0de6-11d0-a285-00aa003049e2}\r\n\t\t{5f202010-79a5-11d0-9020-00c04fc2d4cf}\r\n\t\t\t{bf96792e-0de6-11d0-a285-00aa003049e2}\r\n\t\t\t{bf967985-0de6-11d0-a285-00aa003049e2}\r\n\t\t\t{bf967986-0de6-11d0-a285-00aa003049e2}\r\n\t\t\t{bf967996-0de6-11d0-a285-00aa003049e2}\r\n\t\t\t{bf967997-0de6-11d0-a285-00aa003049e2}\r\n\t\t\t{bf9679aa-0de6-11d0-a285-00aa003049e2}\r\n\t\t\t{bf9679ab-0de6-11d0-a285-00aa003049e2}\r\n\t\t\t{bf9679ac-0de6-11d0-a285-00aa003049e2}\r\n\t\t\t{bf967a05-0de6-11d0-a285-00aa003049e2}\r\n\t\t\t{bf9679a8-0de6-11d0-a285-00aa003049e2}\r\n\t\t{e48d0154-bcf8-11d1-8702-00c04fb96050}\r\n\t\t\t{bf967950-0de6-11d0-a285-00aa003049e2}\r\n\t\t{bc0ac240-79a9-11d0-9020-00c04fc2d4cf}\r\n\t\t\t{bf967991-0de6-11d0-a285-00aa003049e2}\r\n\t\t{ab721a53-1e2f-11d0-9819-00aa0040529b}\r\n\t\t{00299570-246d-11d0-a768-00aa006e0529}\r\n\t\t{7ed84960-ad10-11d0-8a92-00aa006e0529}\r\n","RestrictedSidCount":0,"ProcessId":"0x230","ProcessName":"C:\\Windows\\System32\\lsass.exe"}}}
{"Event_attributes":{"xmlns":"http://schemas.microsoft.com/win/2004/08/events/event"},"Event":{"System":{"Provider_attributes":{"Name":"Microsoft-Windows-Security-Auditing","Guid":"54849625-5478-4994-A5BA-3E3B0328C30D"},"EventID":4658,"Version":0,"Level":0,"Task":12804,"Opcode":0,"Keywords":"0x8020000000000000","TimeCreated_attributes":{"SystemTime":"2021-03-26T16:59:25.335455Z"},"EventRecordID":125523082,"Correlation":null,"Execution_attributes":{"ProcessID":4,"ThreadID":344},"Channel":"Security","Computer":"rootdc1.offsec.lan","Security":null},"EventData":{"SubjectUserSid":"S-1-5-21-4230534742-2542757381-3142984815-1111","SubjectUserName":"admmig","SubjectDomainName":"OFFSEC","SubjectLogonId":"0x493ac","ObjectServer":"Security Account Manager","HandleId":"0x1d35e252250","ProcessId":"0x230","ProcessName":"C:\\Windows\\System32\\lsass.exe"}}}
{"Event_attributes":{"xmlns":"http://schemas.microsoft.com/win/2004/08/events/event"},"Event":{"System":{"Provider_attributes":{"Name":"Microsoft-Windows-Security-Auditing","Guid":"54849625-5478-4994-A5BA-3E3B0328C30D"},"EventID":4661,"Version":1,"Level":0,"Task":14080,"Opcode":0,"Keywords":"0x8020000000000000","TimeCreated_attributes":{"SystemTime":"2021-03-26T16:59:25.335672Z"},"EventRecordID":125523083,"Correlation":null,"Execution_attributes":{"ProcessID":4,"ThreadID":344},"Channel":"Security","Computer":"rootdc1.offsec.lan","Security":null},"EventData":{"SubjectUserSid":"S-1-5-21-4230534742-2542757381-3142984815-1111","SubjectUserName":"admmig","SubjectDomainName":"OFFSEC","SubjectLogonId":"0x493ac","ObjectServer":"Security Account Manager","ObjectType":"SAM_SERVER","ObjectName":"SAM","HandleId":"0x0","TransactionId":"00000000-0000-0000-0000-000000000000","AccessList":"%%5384\r\n\t\t\t\t","AccessReason":"-","AccessMask":"0x100","PrivilegeList":"-","Properties":"---\r\n\t{bf967aad-0de6-11d0-a285-00aa003049e2}\r\n%%5384\r\n\t\t{91d67418-0135-4acc-8d79-c08e857cfbec}\r\n","RestrictedSidCount":0,"ProcessId":"0x230","ProcessName":"C:\\Windows\\System32\\lsass.exe"}}}
{"Event_attributes":{"xmlns":"http://schemas.microsoft.com/win/2004/08/events/event"},"Event":{"System":{"Provider_attributes":{"Name":"Microsoft-Windows-Security-Auditing","Guid":"54849625-5478-4994-A5BA-3E3B0328C30D"},"EventID":4661,"Version":1,"Level":0,"Task":12803,"Opcode":0,"Keywords":"0x8020000000000000","TimeCreated_attributes":{"SystemTime":"2021-03-26T16:59:25.342043Z"},"EventRecordID":125523084,"Correlation":null,"Execution_attributes":{"ProcessID":4,"ThreadID":344},"Channel":"Security","Computer":"rootdc1.offsec.lan","Security":null},"EventData":{"SubjectUserSid":"S-1-5-21-4230534742-2542757381-3142984815-1111","SubjectUserName":"admmig","SubjectDomainName":"OFFSEC","SubjectLogonId":"0x493ac","ObjectServer":"Security Account Manager","ObjectType":"SAM_USER","ObjectName":"S-1-5-21-4230534742-2542757381-3142984815-1228","HandleId":"0x1d35e250570","TransactionId":"00000000-0000-0000-0000-000000000000","AccessList":"%%1537\r\n\t\t\t\t%%1538\r\n\t\t\t\t%%1539\r\n\t\t\t\t%%1540\r\n\t\t\t\t%%5440\r\n\t\t\t\t%%5441\r\n\t\t\t\t%%5442\r\n\t\t\t\t%%5443\r\n\t\t\t\t%%5444\r\n\t\t\t\t%%5445\r\n\t\t\t\t%%5446\r\n\t\t\t\t%%5447\r\n\t\t\t\t%%5448\r\n\t\t\t\t","AccessReason":"-","AccessMask":"0xf01ff","PrivilegeList":"-","Properties":"---\r\n\t{bf967aba-0de6-11d0-a285-00aa003049e2}\r\n%%1537\r\n%%1538\r\n%%1539\r\n%%1540\r\n%%5440\r\n%%5441\r\n%%5442\r\n%%5443\r\n%%5444\r\n%%5445\r\n%%5446\r\n%%5447\r\n%%5448\r\n\t\t{59ba2f42-79a2-11d0-9020-00c04fc2d3cf}\r\n\t\t\t{bf967938-0de6-11d0-a285-00aa003049e2}\r\n\t\t\t{5fd42471-1262-11d0-a060-00aa006c33ed}\r\n\t\t\t{bf9679e8-0de6-11d0-a285-00aa003049e2}\r\n\t\t\t{bf967a00-0de6-11d0-a285-00aa003049e2}\r\n\t\t\t{3e0abfd0-126a-11d0-a060-00aa006c33ed}\r\n\t\t\t{bf967a6a-0de6-11d0-a285-00aa003049e2}\r\n\t\t\t{bf967953-0de6-11d0-a285-00aa003049e2}\r\n\t\t{4c164200-20c0-11d0-a768-00aa006e0529}\r\n\t\t\t{bf967915-0de6-11d0-a285-00aa003049e2}\r\n\t\t\t{bf967a0a-0de6-11d0-a285-00aa003049e2}\r\n\t\t\t{bf967a68-0de6-11d0-a285-00aa003049e2}\r\n\t\t\t{bf967a6d-0de6-11d0-a285-00aa003049e2}\r\n\t\t{5f202010-79a5-11d0-9020-00c04fc2d4cf}\r\n\t\t\t{bf96792e-0de6-11d0-a285-00aa003049e2}\r\n\t\t\t{bf967985-0de6-11d0-a285-00aa003049e2}\r\n\t\t\t{bf967986-0de6-11d0-a285-00aa003049e2}\r\n\t\t\t{bf967996-0de6-11d0-a285-00aa003049e2}\r\n\t\t\t{bf967997-0de6-11d0-a285-00aa003049e2}\r\n\t\t\t{bf9679aa-0de6-11d0-a285-00aa003049e2}\r\n\t\t\t{bf9679ab-0de6-11d0-a285-00aa003049e2}\r\n\t\t\t{bf9679ac-0de6-11d0-a285-00aa003049e2}\r\n\t\t\t{bf967a05-0de6-11d0-a285-00aa003049e2}\r\n\t\t\t{bf9679a8-0de6-11d0-a285-00aa003049e2}\r\n\t\t{e48d0154-bcf8-11d1-8702-00c04fb96050}\r\n\t\t\t{bf967950-0de6-11d0-a285-00aa003049e2}\r\n\t\t{bc0ac240-79a9-11d0-9020-00c04fc2d4cf}\r\n\t\t\t{bf967991-0de6-11d0-a285-00aa003049e2}\r\n\t\t{ab721a53-1e2f-11d0-9819-00aa0040529b}\r\n\t\t{00299570-246d-11d0-a768-00aa006e0529}\r\n\t\t{7ed84960-ad10-11d0-8a92-00aa006e0529}\r\n","RestrictedSidCount":0,"ProcessId":"0x230","ProcessName":"C:\\Windows\\System32\\lsass.exe"}}}
{"Event_attributes":{"xmlns":"http://schemas.microsoft.com/win/2004/08/events/event"},"Event":{"System":{"Provider_attributes":{"Name":"Microsoft-Windows-Security-Auditing","Guid":"54849625-5478-4994-A5BA-3E3B0328C30D"},"EventID":4658,"Version":0,"Level":0,"Task":12804,"Opcode":0,"Keywords":"0x8020000000000000","TimeCreated_attributes":{"SystemTime":"2021-03-26T16:59:25.344657Z"},"EventRecordID":125523085,"Correlation":null,"Execution_attributes":{"ProcessID":4,"ThreadID":344},"Channel":"Security","Computer":"rootdc1.offsec.lan","Security":null},"EventData":{"SubjectUserSid":"S-1-5-21-4230534742-2542757381-3142984815-1111","SubjectUserName":"admmig","SubjectDomainName":"OFFSEC","SubjectLogonId":"0x493ac","ObjectServer":"Security Account Manager","HandleId":"0x1d35e250570","ProcessId":"0x230","ProcessName":"C:\\Windows\\System32\\lsass.exe"}}}
{"Event_attributes":{"xmlns":"http://schemas.microsoft.com/win/2004/08/events/event"},"Event":{"System":{"Provider_attributes":{"Name":"Microsoft-Windows-Security-Auditing","Guid":"54849625-5478-4994-A5BA-3E3B0328C30D"},"EventID":4661,"Version":1,"Level":0,"Task":12803,"Opcode":0,"Keywords":"0x8020000000000000","TimeCreated_attributes":{"SystemTime":"2021-03-26T16:59:25.348076Z"},"EventRecordID":125523086,"Correlation":null,"Execution_attributes":{"ProcessID":4,"ThreadID":344},"Channel":"Security","Computer":"rootdc1.offsec.lan","Security":null},"EventData":{"SubjectUserSid":"S-1-5-21-4230534742-2542757381-3142984815-1111","SubjectUserName":"admmig","SubjectDomainName":"OFFSEC","SubjectLogonId":"0x493ac","ObjectServer":"Security Account Manager","ObjectType":"SAM_USER","ObjectName":"S-1-5-21-4230534742-2542757381-3142984815-1229","HandleId":"0x1d35e252bf0","TransactionId":"00000000-0000-0000-0000-000000000000","AccessList":"%%1537\r\n\t\t\t\t%%1538\r\n\t\t\t\t%%1539\r\n\t\t\t\t%%1540\r\n\t\t\t\t%%5440\r\n\t\t\t\t%%5441\r\n\t\t\t\t%%5442\r\n\t\t\t\t%%5443\r\n\t\t\t\t%%5444\r\n\t\t\t\t%%5445\r\n\t\t\t\t%%5446\r\n\t\t\t\t%%5447\r\n\t\t\t\t%%5448\r\n\t\t\t\t","AccessReason":"-","AccessMask":"0xf01ff","PrivilegeList":"-","Properties":"---\r\n\t{bf967aba-0de6-11d0-a285-00aa003049e2}\r\n%%1537\r\n%%1538\r\n%%1539\r\n%%1540\r\n%%5440\r\n%%5441\r\n%%5442\r\n%%5443\r\n%%5444\r\n%%5445\r\n%%5446\r\n%%5447\r\n%%5448\r\n\t\t{59ba2f42-79a2-11d0-9020-00c04fc2d3cf}\r\n\t\t\t{bf967938-0de6-11d0-a285-00aa003049e2}\r\n\t\t\t{5fd42471-1262-11d0-a060-00aa006c33ed}\r\n\t\t\t{bf9679e8-0de6-11d0-a285-00aa003049e2}\r\n\t\t\t{bf967a00-0de6-11d0-a285-00aa003049e2}\r\n\t\t\t{3e0abfd0-126a-11d0-a060-00aa006c33ed}\r\n\t\t\t{bf967a6a-0de6-11d0-a285-00aa003049e2}\r\n\t\t\t{bf967953-0de6-11d0-a285-00aa003049e2}\r\n\t\t{4c164200-20c0-11d0-a768-00aa006e0529}\r\n\t\t\t{bf967915-0de6-11d0-a285-00aa003049e2}\r\n\t\t\t{bf967a0a-0de6-11d0-a285-00aa003049e2}\r\n\t\t\t{bf967a68-0de6-11d0-a285-00aa003049e2}\r\n\t\t\t{bf967a6d-0de6-11d0-a285-00aa003049e2}\r\n\t\t{5f202010-79a5-11d0-9020-00c04fc2d4cf}\r\n\t\t\t{bf96792e-0de6-11d0-a285-00aa003049e2}\r\n\t\t\t{bf967985-0de6-11d0-a285-00aa003049e2}\r\n\t\t\t{bf967986-0de6-11d0-a285-00aa003049e2}\r\n\t\t\t{bf967996-0de6-11d0-a285-00aa003049e2}\r\n\t\t\t{bf967997-0de6-11d0-a285-00aa003049e2}\r\n\t\t\t{bf9679aa-0de6-11d0-a285-00aa003049e2}\r\n\t\t\t{bf9679ab-0de6-11d0-a285-00aa003049e2}\r\n\t\t\t{bf9679ac-0de6-11d0-a285-00aa003049e2}\r\n\t\t\t{bf967a05-0de6-11d0-a285-00aa003049e2}\r\n\t\t\t{bf9679a8-0de6-11d0-a285-00aa003049e2}\r\n\t\t{e48d0154-bcf8-11d1-8702-00c04fb96050}\r\n\t\t\t{bf967950-0de6-11d0-a285-00aa003049e2}\r\n\t\t{bc0ac240-79a9-11d0-9020-00c04fc2d4cf}\r\n\t\t\t{bf967991-0de6-11d0-a285-00aa003049e2}\r\n\t\t{ab721a53-1e2f-11d0-9819-00aa0040529b}\r\n\t\t{00299570-246d-11d0-a768-00aa006e0529}\r\n\t\t{7ed84960-ad10-11d0-8a92-00aa006e0529}\r\n","RestrictedSidCount":0,"ProcessId":"0x230","ProcessName":"C:\\Windows\\System32\\lsass.exe"}}}
{"Event_attributes":{"xmlns":"http://schemas.microsoft.com/win/2004/08/events/event"},"Event":{"System":{"Provider_attributes":{"Name":"Microsoft-Windows-Security-Auditing","Guid":"54849625-5478-4994-A5BA-3E3B0328C30D"},"EventID":4658,"Version":0,"Level":0,"Task":12804,"Opcode":0,"Keywords":"0x8020000000000000","TimeCreated_attributes":{"SystemTime":"2021-03-26T16:59:25.350883Z"},"EventRecordID":125523087,"Correlation":null,"Execution_attributes":{"ProcessID":4,"ThreadID":344},"Channel":"Security","Computer":"rootdc1.offsec.lan","Security":null},"EventData":{"SubjectUserSid":"S-1-5-21-4230534742-2542757381-3142984815-1111","SubjectUserName":"admmig","SubjectDomainName":"OFFSEC","SubjectLogonId":"0x493ac","ObjectServer":"Security Account Manager","HandleId":"0x1d35e252bf0","ProcessId":"0x230","ProcessName":"C:\\Windows\\System32\\lsass.exe"}}}
{"Event_attributes":{"xmlns":"http://schemas.microsoft.com/win/2004/08/events/event"},"Event":{"System":{"Provider_attributes":{"Name":"Microsoft-Windows-Security-Auditing","Guid":"54849625-5478-4994-A5BA-3E3B0328C30D"},"EventID":4661,"Version":1,"Level":0,"Task":14080,"Opcode":0,"Keywords":"0x8020000000000000","TimeCreated_attributes":{"SystemTime":"2021-03-26T16:59:25.351081Z"},"EventRecordID":125523088,"Correlation":null,"Execution_attributes":{"ProcessID":4,"ThreadID":344},"Channel":"Security","Computer":"rootdc1.offsec.lan","Security":null},"EventData":{"SubjectUserSid":"S-1-5-21-4230534742-2542757381-3142984815-1111","SubjectUserName":"admmig","SubjectDomainName":"OFFSEC","SubjectLogonId":"0x493ac","ObjectServer":"Security Account Manager","ObjectType":"SAM_SERVER","ObjectName":"SAM","HandleId":"0x0","TransactionId":"00000000-0000-0000-0000-000000000000","AccessList":"%%5384\r\n\t\t\t\t","AccessReason":"-","AccessMask":"0x100","PrivilegeList":"-","Properties":"---\r\n\t{bf967aad-0de6-11d0-a285-00aa003049e2}\r\n%%5384\r\n\t\t{91d67418-0135-4acc-8d79-c08e857cfbec}\r\n","RestrictedSidCount":0,"ProcessId":"0x230","ProcessName":"C:\\Windows\\System32\\lsass.exe"}}}
{"Event_attributes":{"xmlns":"http://schemas.microsoft.com/win/2004/08/events/event"},"Event":{"System":{"Provider_attributes":{"Name":"Microsoft-Windows-Security-Auditing","Guid":"54849625-5478-4994-A5BA-3E3B0328C30D"},"EventID":4661,"Version":1,"Level":0,"Task":12803,"Opcode":0,"Keywords":"0x8020000000000000","TimeCreated_attributes":{"SystemTime":"2021-03-26T16:59:25.354099Z"},"EventRecordID":125523089,"Correlation":null,"Execution_attributes":{"ProcessID":4,"ThreadID":344},"Channel":"Security","Computer":"rootdc1.offsec.lan","Security":null},"EventData":{"SubjectUserSid":"S-1-5-21-4230534742-2542757381-3142984815-1111","SubjectUserName":"admmig","SubjectDomainName":"OFFSEC","SubjectLogonId":"0x493ac","ObjectServer":"Security Account Manager","ObjectType":"SAM_USER","ObjectName":"S-1-5-21-4230534742-2542757381-3142984815-1230","HandleId":"0x1d35e2500a0","TransactionId":"00000000-0000-0000-0000-000000000000","AccessList":"%%1537\r\n\t\t\t\t%%1538\r\n\t\t\t\t%%1539\r\n\t\t\t\t%%1540\r\n\t\t\t\t%%5440\r\n\t\t\t\t%%5441\r\n\t\t\t\t%%5442\r\n\t\t\t\t%%5443\r\n\t\t\t\t%%5444\r\n\t\t\t\t%%5445\r\n\t\t\t\t%%5446\r\n\t\t\t\t%%5447\r\n\t\t\t\t%%5448\r\n\t\t\t\t","AccessReason":"-","AccessMask":"0xf01ff","PrivilegeList":"-","Properties":"---\r\n\t{bf967aba-0de6-11d0-a285-00aa003049e2}\r\n%%1537\r\n%%1538\r\n%%1539\r\n%%1540\r\n%%5440\r\n%%5441\r\n%%5442\r\n%%5443\r\n%%5444\r\n%%5445\r\n%%5446\r\n%%5447\r\n%%5448\r\n\t\t{59ba2f42-79a2-11d0-9020-00c04fc2d3cf}\r\n\t\t\t{bf967938-0de6-11d0-a285-00aa003049e2}\r\n\t\t\t{5fd42471-1262-11d0-a060-00aa006c33ed}\r\n\t\t\t{bf9679e8-0de6-11d0-a285-00aa003049e2}\r\n\t\t\t{bf967a00-0de6-11d0-a285-00aa003049e2}\r\n\t\t\t{3e0abfd0-126a-11d0-a060-00aa006c33ed}\r\n\t\t\t{bf967a6a-0de6-11d0-a285-00aa003049e2}\r\n\t\t\t{bf967953-0de6-11d0-a285-00aa003049e2}\r\n\t\t{4c164200-20c0-11d0-a768-00aa006e0529}\r\n\t\t\t{bf967915-0de6-11d0-a285-00aa003049e2}\r\n\t\t\t{bf967a0a-0de6-11d0-a285-00aa003049e2}\r\n\t\t\t{bf967a68-0de6-11d0-a285-00aa003049e2}\r\n\t\t\t{bf967a6d-0de6-11d0-a285-00aa003049e2}\r\n\t\t{5f202010-79a5-11d0-9020-00c04fc2d4cf}\r\n\t\t\t{bf96792e-0de6-11d0-a285-00aa003049e2}\r\n\t\t\t{bf967985-0de6-11d0-a285-00aa003049e2}\r\n\t\t\t{bf967986-0de6-11d0-a285-00aa003049e2}\r\n\t\t\t{bf967996-0de6-11d0-a285-00aa003049e2}\r\n\t\t\t{bf967997-0de6-11d0-a285-00aa003049e2}\r\n\t\t\t{bf9679aa-0de6-11d0-a285-00aa003049e2}\r\n\t\t\t{bf9679ab-0de6-11d0-a285-00aa003049e2}\r\n\t\t\t{bf9679ac-0de6-11d0-a285-00aa003049e2}\r\n\t\t\t{bf967a05-0de6-11d0-a285-00aa003049e2}\r\n\t\t\t{bf9679a8-0de6-11d0-a285-00aa003049e2}\r\n\t\t{e48d0154-bcf8-11d1-8702-00c04fb96050}\r\n\t\t\t{bf967950-0de6-11d0-a285-00aa003049e2}\r\n\t\t{bc0ac240-79a9-11d0-9020-00c04fc2d4cf}\r\n\t\t\t{bf967991-0de6-11d0-a285-00aa003049e2}\r\n\t\t{ab721a53-1e2f-11d0-9819-00aa0040529b}\r\n\t\t{00299570-246d-11d0-a768-00aa006e0529}\r\n\t\t{7ed84960-ad10-11d0-8a92-00aa006e0529}\r\n","RestrictedSidCount":0,"ProcessId":"0x230","ProcessName":"C:\\Windows\\System32\\lsass.exe"}}}
{"Event_attributes":{"xmlns":"http://schemas.microsoft.com/win/2004/08/events/event"},"Event":{"System":{"Provider_attributes":{"Name":"Microsoft-Windows-Security-Auditing","Guid":"54849625-5478-4994-A5BA-3E3B0328C30D"},"EventID":4658,"Version":0,"Level":0,"Task":12804,"Opcode":0,"Keywords":"0x8020000000000000","TimeCreated_attributes":{"SystemTime":"2021-03-26T16:59:25.355565Z"},"EventRecordID":125523090,"Correlation":null,"Execution_attributes":{"ProcessID":4,"ThreadID":344},"Channel":"Security","Computer":"rootdc1.offsec.lan","Security":null},"EventData":{"SubjectUserSid":"S-1-5-21-4230534742-2542757381-3142984815-1111","SubjectUserName":"admmig","SubjectDomainName":"OFFSEC","SubjectLogonId":"0x493ac","ObjectServer":"Security Account Manager","HandleId":"0x1d35e2500a0","ProcessId":"0x230","ProcessName":"C:\\Windows\\System32\\lsass.exe"}}}
