{"Event_attributes":{"xmlns":"http://schemas.microsoft.com/win/2004/08/events/event"},"Event":{"System":{"Provider_attributes":{"Name":"Microsoft-Windows-Sysmon","Guid":"5770385F-C22A-43E0-BF4C-06F5698FFBD9"},"EventID":13,"Version":2,"Level":4,"Task":13,"Opcode":0,"Keywords":"0x8000000000000000","TimeCreated_attributes":{"SystemTime":"2022-04-29T08:58:21.407539Z"},"EventRecordID":133,"Correlation":null,"Execution_attributes":{"ProcessID":8940,"ThreadID":7716},"Channel":"Microsoft-Windows-Sysmon/Operational","Computer":"WIN","Security_attributes":{"UserID":"S-1-5-18"}},"EventData":{"RuleName":"technique_id=T1543,technique_name=Service Creation","EventType":"SetValue","UtcTime":"2022-04-29 08:58:21.406","ProcessGuid":"668EA4EF-A6D3-626B-4601-000000001400","ProcessId":4720,"Image":"C:\\Windows\\system32\\cmd.exe","TargetObject":"HKLM\\System\\CurrentControlSet\\Services\\bam\\UserSettings\\S-1-5-21-113448046-927799223-410490820-1001\\\\Device\\HarddiskVolume4\\Windows\\System32\\regsvr32.exe","Details":"Binary Data","User":"WIN\\Admin"}}}
{"Event_attributes":{"xmlns":"http://schemas.microsoft.com/win/2004/08/events/event"},"Event":{"System":{"Provider_attributes":{"Name":"Microsoft-Windows-Sysmon","Guid":"5770385F-C22A-43E0-BF4C-06F5698FFBD9"},"EventID":12,"Version":2,"Level":4,"Task":12,"Opcode":0,"Keywords":"0x8000000000000000","TimeCreated_attributes":{"SystemTime":"2022-04-29T08:58:21.432755Z"},"EventRecordID":135,"Correlation":null,"Execution_attributes":{"ProcessID":8940,"ThreadID":7716},"Channel":"Microsoft-Windows-Sysmon/Operational","Computer":"WIN","Security_attributes":{"UserID":"S-1-5-18"}},"EventData":{"RuleName":"technique_id=T1553.003,technique_name=SIP and Trust Provider Hijacking","EventType":"CreateKey","UtcTime":"2022-04-29 08:58:21.422","ProcessGuid":"668EA4EF-A8AD-626B-9601-000000001400","ProcessId":2760,"Image":"C:\\Windows\\system32\\regsvr32.exe","TargetObject":"HKLM\\SOFTWARE\\Microsoft\\Cryptography\\OID\\EncodingType 0\\CryptSIPDllPutSignedDataMsg\\{E59B6E68-3312-4738-961F-DB9405B2DDCB}","User":"WIN\\Admin"}}}
{"Event_attributes":{"xmlns":"http://schemas.microsoft.com/win/2004/08/events/event"},"Event":{"System":{"Provider_attributes":{"Name":"Microsoft-Windows-Sysmon","Guid":"5770385F-C22A-43E0-BF4C-06F5698FFBD9"},"EventID":13,"Version":2,"Level":4,"Task":13,"Opcode":0,"Keywords":"0x8000000000000000","TimeCreated_attributes":{"SystemTime":"2022-04-29T08:58:21.432876Z"},"EventRecordID":136,"Correlation":null,"Execution_attributes":{"ProcessID":8940,"ThreadID":7716},"Channel":"Microsoft-Windows-Sysmon/Operational","Computer":"WIN","Security_attributes":{"UserID":"S-1-5-18"}},"EventData":{"RuleName":"technique_id=T1553.003,technique_name=SIP and Trust Provider Hijacking","EventType":"SetValue","UtcTime":"2022-04-29 08:58:21.422","ProcessGuid":"668EA4EF-A8AD-626B-9601-000000001400","ProcessId":2760,"Image":"C:\\Windows\\system32\\regsvr32.exe","TargetObject":"HKLM\\SOFTWARE\\Microsoft\\Cryptography\\OID\\EncodingType 0\\CryptSIPDllPutSignedDataMsg\\{E59B6E68-3312-4738-961F-DB9405B2DDCB}\\Dll","Details":"C:\\Users\\Admin\\source\\repos\\PoCSubjectInterfacePackage\\x64\\Debug\\MySIP.dll","User":"WIN\\Admin"}}}
{"Event_attributes":{"xmlns":"http://schemas.microsoft.com/win/2004/08/events/event"},"Event":{"System":{"Provider_attributes":{"Name":"Microsoft-Windows-Sysmon","Guid":"5770385F-C22A-43E0-BF4C-06F5698FFBD9"},"EventID":12,"Version":2,"Level":4,"Task":12,"Opcode":0,"Keywords":"0x8000000000000000","TimeCreated_attributes":{"SystemTime":"2022-04-29T08:58:21.432987Z"},"EventRecordID":137,"Correlation":null,"Execution_attributes":{"ProcessID":8940,"ThreadID":7716},"Channel":"Microsoft-Windows-Sysmon/Operational","Computer":"WIN","Security_attributes":{"UserID":"S-1-5-18"}},"EventData":{"RuleName":"technique_id=T1553.003,technique_name=SIP and Trust Provider Hijacking","EventType":"CreateKey","UtcTime":"2022-04-29 08:58:21.422","ProcessGuid":"668EA4EF-A8AD-626B-9601-000000001400","ProcessId":2760,"Image":"C:\\Windows\\system32\\regsvr32.exe","TargetObject":"HKLM\\SOFTWARE\\Microsoft\\Cryptography\\OID\\EncodingType 0\\CryptSIPDllPutSignedDataMsg\\{E59B6E68-3312-4738-961F-DB9405B2DDCB}","User":"WIN\\Admin"}}}
{"Event_attributes":{"xmlns":"http://schemas.microsoft.com/win/2004/08/events/event"},"Event":{"System":{"Provider_attributes":{"Name":"Microsoft-Windows-Sysmon","Guid":"5770385F-C22A-43E0-BF4C-06F5698FFBD9"},"EventID":13,"Version":2,"Level":4,"Task":13,"Opcode":0,"Keywords":"0x8000000000000000","TimeCreated_attributes":{"SystemTime":"2022-04-29T08:58:21.433090Z"},"EventRecordID":138,"Correlation":null,"Execution_attributes":{"ProcessID":8940,"ThreadID":7716},"Channel":"Microsoft-Windows-Sysmon/Operational","Computer":"WIN","Security_attributes":{"UserID":"S-1-5-18"}},"EventData":{"RuleName":"technique_id=T1553.003,technique_name=SIP and Trust Provider Hijacking","EventType":"SetValue","UtcTime":"2022-04-29 08:58:21.422","ProcessGuid":"668EA4EF-A8AD-626B-9601-000000001400","ProcessId":2760,"Image":"C:\\Windows\\system32\\regsvr32.exe","TargetObject":"HKLM\\SOFTWARE\\Microsoft\\Cryptography\\OID\\EncodingType 0\\CryptSIPDllPutSignedDataMsg\\{E59B6E68-3312-4738-961F-DB9405B2DDCB}\\FuncName","Details":"MyPutSignature","User":"WIN\\Admin"}}}
{"Event_attributes":{"xmlns":"http://schemas.microsoft.com/win/2004/08/events/event"},"Event":{"System":{"Provider_attributes":{"Name":"Microsoft-Windows-Sysmon","Guid":"5770385F-C22A-43E0-BF4C-06F5698FFBD9"},"EventID":12,"Version":2,"Level":4,"Task":12,"Opcode":0,"Keywords":"0x8000000000000000","TimeCreated_attributes":{"SystemTime":"2022-04-29T08:58:21.433195Z"},"EventRecordID":139,"Correlation":null,"Execution_attributes":{"ProcessID":8940,"ThreadID":7716},"Channel":"Microsoft-Windows-Sysmon/Operational","Computer":"WIN","Security_attributes":{"UserID":"S-1-5-18"}},"EventData":{"RuleName":"technique_id=T1553.003,technique_name=SIP and Trust Provider Hijacking","EventType":"CreateKey","UtcTime":"2022-04-29 08:58:21.422","ProcessGuid":"668EA4EF-A8AD-626B-9601-000000001400","ProcessId":2760,"Image":"C:\\Windows\\system32\\regsvr32.exe","TargetObject":"HKLM\\SOFTWARE\\Microsoft\\Cryptography\\OID\\EncodingType 0\\CryptSIPDllGetSignedDataMsg\\{E59B6E68-3312-4738-961F-DB9405B2DDCB}","User":"WIN\\Admin"}}}
{"Event_attributes":{"xmlns":"http://schemas.microsoft.com/win/2004/08/events/event"},"Event":{"System":{"Provider_attributes":{"Name":"Microsoft-Windows-Sysmon","Guid":"5770385F-C22A-43E0-BF4C-06F5698FFBD9"},"EventID":13,"Version":2,"Level":4,"Task":13,"Opcode":0,"Keywords":"0x8000000000000000","TimeCreated_attributes":{"SystemTime":"2022-04-29T08:58:21.433302Z"},"EventRecordID":140,"Correlation":null,"Execution_attributes":{"ProcessID":8940,"ThreadID":7716},"Channel":"Microsoft-Windows-Sysmon/Operational","Computer":"WIN","Security_attributes":{"UserID":"S-1-5-18"}},"EventData":{"RuleName":"technique_id=T1553.003,technique_name=SIP and Trust Provider Hijacking","EventType":"SetValue","UtcTime":"2022-04-29 08:58:21.422","ProcessGuid":"668EA4EF-A8AD-626B-9601-000000001400","ProcessId":2760,"Image":"C:\\Windows\\system32\\regsvr32.exe","TargetObject":"HKLM\\SOFTWARE\\Microsoft\\Cryptography\\OID\\EncodingType 0\\CryptSIPDllGetSignedDataMsg\\{E59B6E68-3312-4738-961F-DB9405B2DDCB}\\Dll","Details":"C:\\Users\\Admin\\source\\repos\\PoCSubjectInterfacePackage\\x64\\Debug\\MySIP.dll","User":"WIN\\Admin"}}}
{"Event_attributes":{"xmlns":"http://schemas.microsoft.com/win/2004/08/events/event"},"Event":{"System":{"Provider_attributes":{"Name":"Microsoft-Windows-Sysmon","Guid":"5770385F-C22A-43E0-BF4C-06F5698FFBD9"},"EventID":12,"Version":2,"Level":4,"Task":12,"Opcode":0,"Keywords":"0x8000000000000000","TimeCreated_attributes":{"SystemTime":"2022-04-29T08:58:21.433391Z"},"EventRecordID":141,"Correlation":null,"Execution_attributes":{"ProcessID":8940,"ThreadID":7716},"Channel":"Microsoft-Windows-Sysmon/Operational","Computer":"WIN","Security_attributes":{"UserID":"S-1-5-18"}},"EventData":{"RuleName":"technique_id=T1553.003,technique_name=SIP and Trust Provider Hijacking","EventType":"CreateKey","UtcTime":"2022-04-29 08:58:21.422","ProcessGuid":"668EA4EF-A8AD-626B-9601-000000001400","ProcessId":2760,"Image":"C:\\Windows\\system32\\regsvr32.exe","TargetObject":"HKLM\\SOFTWARE\\Microsoft\\Cryptography\\OID\\EncodingType 0\\CryptSIPDllGetSignedDataMsg\\{E59B6E68-3312-4738-961F-DB9405B2DDCB}","User":"WIN\\Admin"}}}
{"Event_attributes":{"xmlns":"http://schemas.microsoft.com/win/2004/08/events/event"},"Event":{"System":{"Provider_attributes":{"Name":"Microsoft-Windows-Sysmon","Guid":"5770385F-C22A-43E0-BF4C-06F5698FFBD9"},"EventID":13,"Version":2,"Level":4,"Task":13,"Opcode":0,"Keywords":"0x8000000000000000","TimeCreated_attributes":{"SystemTime":"2022-04-29T08:58:21.433490Z"},"EventRecordID":142,"Correlation":null,"Execution_attributes":{"ProcessID":8940,"ThreadID":7716},"Channel":"Microsoft-Windows-Sysmon/Operational","Computer":"WIN","Security_attributes":{"UserID":"S-1-5-18"}},"EventData":{"RuleName":"technique_id=T1553.003,technique_name=SIP and Trust Provider Hijacking","EventType":"SetValue","UtcTime":"2022-04-29 08:58:21.422","ProcessGuid":"668EA4EF-A8AD-626B-9601-000000001400","ProcessId":2760,"Image":"C:\\Windows\\system32\\regsvr32.exe","TargetObject":"HKLM\\SOFTWARE\\Microsoft\\Cryptography\\OID\\EncodingType 0\\CryptSIPDllGetSignedDataMsg\\{E59B6E68-3312-4738-961F-DB9405B2DDCB}\\FuncName","Details":"GetLegitMSSignature","User":"WIN\\Admin"}}}
{"Event_attributes":{"xmlns":"http://schemas.microsoft.com/win/2004/08/events/event"},"Event":{"System":{"Provider_attributes":{"Name":"Microsoft-Windows-Sysmon","Guid":"5770385F-C22A-43E0-BF4C-06F5698FFBD9"},"EventID":12,"Version":2,"Level":4,"Task":12,"Opcode":0,"Keywords":"0x8000000000000000","TimeCreated_attributes":{"SystemTime":"2022-04-29T08:58:21.433579Z"},"EventRecordID":143,"Correlation":null,"Execution_attributes":{"ProcessID":8940,"ThreadID":7716},"Channel":"Microsoft-Windows-Sysmon/Operational","Computer":"WIN","Security_attributes":{"UserID":"S-1-5-18"}},"EventData":{"RuleName":"technique_id=T1553.003,technique_name=SIP and Trust Provider Hijacking","EventType":"CreateKey","UtcTime":"2022-04-29 08:58:21.422","ProcessGuid":"668EA4EF-A8AD-626B-9601-000000001400","ProcessId":2760,"Image":"C:\\Windows\\system32\\regsvr32.exe","TargetObject":"HKLM\\SOFTWARE\\Microsoft\\Cryptography\\OID\\EncodingType 0\\CryptSIPDllRemoveSignedDataMsg\\{E59B6E68-3312-4738-961F-DB9405B2DDCB}","User":"WIN\\Admin"}}}
{"Event_attributes":{"xmlns":"http://schemas.microsoft.com/win/2004/08/events/event"},"Event":{"System":{"Provider_attributes":{"Name":"Microsoft-Windows-Sysmon","Guid":"5770385F-C22A-43E0-BF4C-06F5698FFBD9"},"EventID":13,"Version":2,"Level":4,"Task":13,"Opcode":0,"Keywords":"0x8000000000000000","TimeCreated_attributes":{"SystemTime":"2022-04-29T08:58:21.433677Z"},"EventRecordID":144,"Correlation":null,"Execution_attributes":{"ProcessID":8940,"ThreadID":7716},"Channel":"Microsoft-Windows-Sysmon/Operational","Computer":"WIN","Security_attributes":{"UserID":"S-1-5-18"}},"EventData":{"RuleName":"technique_id=T1553.003,technique_name=SIP and Trust Provider Hijacking","EventType":"SetValue","UtcTime":"2022-04-29 08:58:21.422","ProcessGuid":"668EA4EF-A8AD-626B-9601-000000001400","ProcessId":2760,"Image":"C:\\Windows\\system32\\regsvr32.exe","TargetObject":"HKLM\\SOFTWARE\\Microsoft\\Cryptography\\OID\\EncodingType 0\\CryptSIPDllRemoveSignedDataMsg\\{E59B6E68-3312-4738-961F-DB9405B2DDCB}\\Dll","Details":"C:\\Users\\Admin\\source\\repos\\PoCSubjectInterfacePackage\\x64\\Debug\\MySIP.dll","User":"WIN\\Admin"}}}
{"Event_attributes":{"xmlns":"http://schemas.microsoft.com/win/2004/08/events/event"},"Event":{"System":{"Provider_attributes":{"Name":"Microsoft-Windows-Sysmon","Guid":"5770385F-C22A-43E0-BF4C-06F5698FFBD9"},"EventID":12,"Version":2,"Level":4,"Task":12,"Opcode":0,"Keywords":"0x8000000000000000","TimeCreated_attributes":{"SystemTime":"2022-04-29T08:58:21.433765Z"},"EventRecordID":145,"Correlation":null,"Execution_attributes":{"ProcessID":8940,"ThreadID":7716},"Channel":"Microsoft-Windows-Sysmon/Operational","Computer":"WIN","Security_attributes":{"UserID":"S-1-5-18"}},"EventData":{"RuleName":"technique_id=T1553.003,technique_name=SIP and Trust Provider Hijacking","EventType":"CreateKey","UtcTime":"2022-04-29 08:58:21.422","ProcessGuid":"668EA4EF-A8AD-626B-9601-000000001400","ProcessId":2760,"Image":"C:\\Windows\\system32\\regsvr32.exe","TargetObject":"HKLM\\SOFTWARE\\Microsoft\\Cryptography\\OID\\EncodingType 0\\CryptSIPDllRemoveSignedDataMsg\\{E59B6E68-3312-4738-961F-DB9405B2DDCB}","User":"WIN\\Admin"}}}
{"Event_attributes":{"xmlns":"http://schemas.microsoft.com/win/2004/08/events/event"},"Event":{"System":{"Provider_attributes":{"Name":"Microsoft-Windows-Sysmon","Guid":"5770385F-C22A-43E0-BF4C-06F5698FFBD9"},"EventID":13,"Version":2,"Level":4,"Task":13,"Opcode":0,"Keywords":"0x8000000000000000","TimeCreated_attributes":{"SystemTime":"2022-04-29T08:58:21.433861Z"},"EventRecordID":146,"Correlation":null,"Execution_attributes":{"ProcessID":8940,"ThreadID":7716},"Channel":"Microsoft-Windows-Sysmon/Operational","Computer":"WIN","Security_attributes":{"UserID":"S-1-5-18"}},"EventData":{"RuleName":"technique_id=T1553.003,technique_name=SIP and Trust Provider Hijacking","EventType":"SetValue","UtcTime":"2022-04-29 08:58:21.422","ProcessGuid":"668EA4EF-A8AD-626B-9601-000000001400","ProcessId":2760,"Image":"C:\\Windows\\system32\\regsvr32.exe","TargetObject":"HKLM\\SOFTWARE\\Microsoft\\Cryptography\\OID\\EncodingType 0\\CryptSIPDllRemoveSignedDataMsg\\{E59B6E68-3312-4738-961F-DB9405B2DDCB}\\FuncName","Details":"MyDelSignature","User":"WIN\\Admin"}}}
{"Event_attributes":{"xmlns":"http://schemas.microsoft.com/win/2004/08/events/event"},"Event":{"System":{"Provider_attributes":{"Name":"Microsoft-Windows-Sysmon","Guid":"5770385F-C22A-43E0-BF4C-06F5698FFBD9"},"EventID":12,"Version":2,"Level":4,"Task":12,"Opcode":0,"Keywords":"0x8000000000000000","TimeCreated_attributes":{"SystemTime":"2022-04-29T08:58:21.433951Z"},"EventRecordID":147,"Correlation":null,"Execution_attributes":{"ProcessID":8940,"ThreadID":7716},"Channel":"Microsoft-Windows-Sysmon/Operational","Computer":"WIN","Security_attributes":{"UserID":"S-1-5-18"}},"EventData":{"RuleName":"technique_id=T1553.003,technique_name=SIP and Trust Provider Hijacking","EventType":"CreateKey","UtcTime":"2022-04-29 08:58:21.422","ProcessGuid":"668EA4EF-A8AD-626B-9601-000000001400","ProcessId":2760,"Image":"C:\\Windows\\system32\\regsvr32.exe","TargetObject":"HKLM\\SOFTWARE\\Microsoft\\Cryptography\\OID\\EncodingType 0\\CryptSIPDllCreateIndirectData\\{E59B6E68-3312-4738-961F-DB9405B2DDCB}","User":"WIN\\Admin"}}}
{"Event_attributes":{"xmlns":"http://schemas.microsoft.com/win/2004/08/events/event"},"Event":{"System":{"Provider_attributes":{"Name":"Microsoft-Windows-Sysmon","Guid":"5770385F-C22A-43E0-BF4C-06F5698FFBD9"},"EventID":13,"Version":2,"Level":4,"Task":13,"Opcode":0,"Keywords":"0x8000000000000000","TimeCreated_attributes":{"SystemTime":"2022-04-29T08:58:21.434042Z"},"EventRecordID":148,"Correlation":null,"Execution_attributes":{"ProcessID":8940,"ThreadID":7716},"Channel":"Microsoft-Windows-Sysmon/Operational","Computer":"WIN","Security_attributes":{"UserID":"S-1-5-18"}},"EventData":{"RuleName":"technique_id=T1553.003,technique_name=SIP and Trust Provider Hijacking","EventType":"SetValue","UtcTime":"2022-04-29 08:58:21.422","ProcessGuid":"668EA4EF-A8AD-626B-9601-000000001400","ProcessId":2760,"Image":"C:\\Windows\\system32\\regsvr32.exe","TargetObject":"HKLM\\SOFTWARE\\Microsoft\\Cryptography\\OID\\EncodingType 0\\CryptSIPDllCreateIndirectData\\{E59B6E68-3312-4738-961F-DB9405B2DDCB}\\Dll","Details":"C:\\Users\\Admin\\source\\repos\\PoCSubjectInterfacePackage\\x64\\Debug\\MySIP.dll","User":"WIN\\Admin"}}}
{"Event_attributes":{"xmlns":"http://schemas.microsoft.com/win/2004/08/events/event"},"Event":{"System":{"Provider_attributes":{"Name":"Microsoft-Windows-Sysmon","Guid":"5770385F-C22A-43E0-BF4C-06F5698FFBD9"},"EventID":12,"Version":2,"Level":4,"Task":12,"Opcode":0,"Keywords":"0x8000000000000000","TimeCreated_attributes":{"SystemTime":"2022-04-29T08:58:21.434131Z"},"EventRecordID":149,"Correlation":null,"Execution_attributes":{"ProcessID":8940,"ThreadID":7716},"Channel":"Microsoft-Windows-Sysmon/Operational","Computer":"WIN","Security_attributes":{"UserID":"S-1-5-18"}},"EventData":{"RuleName":"technique_id=T1553.003,technique_name=SIP and Trust Provider Hijacking","EventType":"CreateKey","UtcTime":"2022-04-29 08:58:21.422","ProcessGuid":"668EA4EF-A8AD-626B-9601-000000001400","ProcessId":2760,"Image":"C:\\Windows\\system32\\regsvr32.exe","TargetObject":"HKLM\\SOFTWARE\\Microsoft\\Cryptography\\OID\\EncodingType 0\\CryptSIPDllCreateIndirectData\\{E59B6E68-3312-4738-961F-DB9405B2DDCB}","User":"WIN\\Admin"}}}
{"Event_attributes":{"xmlns":"http://schemas.microsoft.com/win/2004/08/events/event"},"Event":{"System":{"Provider_attributes":{"Name":"Microsoft-Windows-Sysmon","Guid":"5770385F-C22A-43E0-BF4C-06F5698FFBD9"},"EventID":13,"Version":2,"Level":4,"Task":13,"Opcode":0,"Keywords":"0x8000000000000000","TimeCreated_attributes":{"SystemTime":"2022-04-29T08:58:21.434233Z"},"EventRecordID":150,"Correlation":null,"Execution_attributes":{"ProcessID":8940,"ThreadID":7716},"Channel":"Microsoft-Windows-Sysmon/Operational","Computer":"WIN","Security_attributes":{"UserID":"S-1-5-18"}},"EventData":{"RuleName":"technique_id=T1553.003,technique_name=SIP and Trust Provider Hijacking","EventType":"SetValue","UtcTime":"2022-04-29 08:58:21.422","ProcessGuid":"668EA4EF-A8AD-626B-9601-000000001400","ProcessId":2760,"Image":"C:\\Windows\\system32\\regsvr32.exe","TargetObject":"HKLM\\SOFTWARE\\Microsoft\\Cryptography\\OID\\EncodingType 0\\CryptSIPDllCreateIndirectData\\{E59B6E68-3312-4738-961F-DB9405B2DDCB}\\FuncName","Details":"MyCreateHash","User":"WIN\\Admin"}}}
{"Event_attributes":{"xmlns":"http://schemas.microsoft.com/win/2004/08/events/event"},"Event":{"System":{"Provider_attributes":{"Name":"Microsoft-Windows-Sysmon","Guid":"5770385F-C22A-43E0-BF4C-06F5698FFBD9"},"EventID":12,"Version":2,"Level":4,"Task":12,"Opcode":0,"Keywords":"0x8000000000000000","TimeCreated_attributes":{"SystemTime":"2022-04-29T08:58:21.434321Z"},"EventRecordID":151,"Correlation":null,"Execution_attributes":{"ProcessID":8940,"ThreadID":7716},"Channel":"Microsoft-Windows-Sysmon/Operational","Computer":"WIN","Security_attributes":{"UserID":"S-1-5-18"}},"EventData":{"RuleName":"technique_id=T1553.003,technique_name=SIP and Trust Provider Hijacking","EventType":"CreateKey","UtcTime":"2022-04-29 08:58:21.422","ProcessGuid":"668EA4EF-A8AD-626B-9601-000000001400","ProcessId":2760,"Image":"C:\\Windows\\system32\\regsvr32.exe","TargetObject":"HKLM\\SOFTWARE\\Microsoft\\Cryptography\\OID\\EncodingType 0\\CryptSIPDllVerifyIndirectData\\{E59B6E68-3312-4738-961F-DB9405B2DDCB}","User":"WIN\\Admin"}}}
{"Event_attributes":{"xmlns":"http://schemas.microsoft.com/win/2004/08/events/event"},"Event":{"System":{"Provider_attributes":{"Name":"Microsoft-Windows-Sysmon","Guid":"5770385F-C22A-43E0-BF4C-06F5698FFBD9"},"EventID":13,"Version":2,"Level":4,"Task":13,"Opcode":0,"Keywords":"0x8000000000000000","TimeCreated_attributes":{"SystemTime":"2022-04-29T08:58:21.434411Z"},"EventRecordID":152,"Correlation":null,"Execution_attributes":{"ProcessID":8940,"ThreadID":7716},"Channel":"Microsoft-Windows-Sysmon/Operational","Computer":"WIN","Security_attributes":{"UserID":"S-1-5-18"}},"EventData":{"RuleName":"technique_id=T1553.003,technique_name=SIP and Trust Provider Hijacking","EventType":"SetValue","UtcTime":"2022-04-29 08:58:21.422","ProcessGuid":"668EA4EF-A8AD-626B-9601-000000001400","ProcessId":2760,"Image":"C:\\Windows\\system32\\regsvr32.exe","TargetObject":"HKLM\\SOFTWARE\\Microsoft\\Cryptography\\OID\\EncodingType 0\\CryptSIPDllVerifyIndirectData\\{E59B6E68-3312-4738-961F-DB9405B2DDCB}\\Dll","Details":"C:\\Users\\Admin\\source\\repos\\PoCSubjectInterfacePackage\\x64\\Debug\\MySIP.dll","User":"WIN\\Admin"}}}
{"Event_attributes":{"xmlns":"http://schemas.microsoft.com/win/2004/08/events/event"},"Event":{"System":{"Provider_attributes":{"Name":"Microsoft-Windows-Sysmon","Guid":"5770385F-C22A-43E0-BF4C-06F5698FFBD9"},"EventID":12,"Version":2,"Level":4,"Task":12,"Opcode":0,"Keywords":"0x8000000000000000","TimeCreated_attributes":{"SystemTime":"2022-04-29T08:58:21.434499Z"},"EventRecordID":153,"Correlation":null,"Execution_attributes":{"ProcessID":8940,"ThreadID":7716},"Channel":"Microsoft-Windows-Sysmon/Operational","Computer":"WIN","Security_attributes":{"UserID":"S-1-5-18"}},"EventData":{"RuleName":"technique_id=T1553.003,technique_name=SIP and Trust Provider Hijacking","EventType":"CreateKey","UtcTime":"2022-04-29 08:58:21.422","ProcessGuid":"668EA4EF-A8AD-626B-9601-000000001400","ProcessId":2760,"Image":"C:\\Windows\\system32\\regsvr32.exe","TargetObject":"HKLM\\SOFTWARE\\Microsoft\\Cryptography\\OID\\EncodingType 0\\CryptSIPDllVerifyIndirectData\\{E59B6E68-3312-4738-961F-DB9405B2DDCB}","User":"WIN\\Admin"}}}
{"Event_attributes":{"xmlns":"http://schemas.microsoft.com/win/2004/08/events/event"},"Event":{"System":{"Provider_attributes":{"Name":"Microsoft-Windows-Sysmon","Guid":"5770385F-C22A-43E0-BF4C-06F5698FFBD9"},"EventID":13,"Version":2,"Level":4,"Task":13,"Opcode":0,"Keywords":"0x8000000000000000","TimeCreated_attributes":{"SystemTime":"2022-04-29T08:58:21.434598Z"},"EventRecordID":154,"Correlation":null,"Execution_attributes":{"ProcessID":8940,"ThreadID":7716},"Channel":"Microsoft-Windows-Sysmon/Operational","Computer":"WIN","Security_attributes":{"UserID":"S-1-5-18"}},"EventData":{"RuleName":"technique_id=T1553.003,technique_name=SIP and Trust Provider Hijacking","EventType":"SetValue","UtcTime":"2022-04-29 08:58:21.422","ProcessGuid":"668EA4EF-A8AD-626B-9601-000000001400","ProcessId":2760,"Image":"C:\\Windows\\system32\\regsvr32.exe","TargetObject":"HKLM\\SOFTWARE\\Microsoft\\Cryptography\\OID\\EncodingType 0\\CryptSIPDllVerifyIndirectData\\{E59B6E68-3312-4738-961F-DB9405B2DDCB}\\FuncName","Details":"AutoApproveHash","User":"WIN\\Admin"}}}
{"Event_attributes":{"xmlns":"http://schemas.microsoft.com/win/2004/08/events/event"},"Event":{"System":{"Provider_attributes":{"Name":"Microsoft-Windows-Sysmon","Guid":"5770385F-C22A-43E0-BF4C-06F5698FFBD9"},"EventID":12,"Version":2,"Level":4,"Task":12,"Opcode":0,"Keywords":"0x8000000000000000","TimeCreated_attributes":{"SystemTime":"2022-04-29T08:58:21.434693Z"},"EventRecordID":155,"Correlation":null,"Execution_attributes":{"ProcessID":8940,"ThreadID":7716},"Channel":"Microsoft-Windows-Sysmon/Operational","Computer":"WIN","Security_attributes":{"UserID":"S-1-5-18"}},"EventData":{"RuleName":"technique_id=T1553.003,technique_name=SIP and Trust Provider Hijacking","EventType":"CreateKey","UtcTime":"2022-04-29 08:58:21.422","ProcessGuid":"668EA4EF-A8AD-626B-9601-000000001400","ProcessId":2760,"Image":"C:\\Windows\\system32\\regsvr32.exe","TargetObject":"HKLM\\SOFTWARE\\Microsoft\\Cryptography\\OID\\EncodingType 0\\CryptSIPDllIsMyFileType2\\{E59B6E68-3312-4738-961F-DB9405B2DDCB}","User":"WIN\\Admin"}}}
{"Event_attributes":{"xmlns":"http://schemas.microsoft.com/win/2004/08/events/event"},"Event":{"System":{"Provider_attributes":{"Name":"Microsoft-Windows-Sysmon","Guid":"5770385F-C22A-43E0-BF4C-06F5698FFBD9"},"EventID":13,"Version":2,"Level":4,"Task":13,"Opcode":0,"Keywords":"0x8000000000000000","TimeCreated_attributes":{"SystemTime":"2022-04-29T08:58:21.434781Z"},"EventRecordID":156,"Correlation":null,"Execution_attributes":{"ProcessID":8940,"ThreadID":7716},"Channel":"Microsoft-Windows-Sysmon/Operational","Computer":"WIN","Security_attributes":{"UserID":"S-1-5-18"}},"EventData":{"RuleName":"technique_id=T1553.003,technique_name=SIP and Trust Provider Hijacking","EventType":"SetValue","UtcTime":"2022-04-29 08:58:21.422","ProcessGuid":"668EA4EF-A8AD-626B-9601-000000001400","ProcessId":2760,"Image":"C:\\Windows\\system32\\regsvr32.exe","TargetObject":"HKLM\\SOFTWARE\\Microsoft\\Cryptography\\OID\\EncodingType 0\\CryptSIPDllIsMyFileType2\\{E59B6E68-3312-4738-961F-DB9405B2DDCB}\\Dll","Details":"C:\\Users\\Admin\\source\\repos\\PoCSubjectInterfacePackage\\x64\\Debug\\MySIP.dll","User":"WIN\\Admin"}}}
{"Event_attributes":{"xmlns":"http://schemas.microsoft.com/win/2004/08/events/event"},"Event":{"System":{"Provider_attributes":{"Name":"Microsoft-Windows-Sysmon","Guid":"5770385F-C22A-43E0-BF4C-06F5698FFBD9"},"EventID":12,"Version":2,"Level":4,"Task":12,"Opcode":0,"Keywords":"0x8000000000000000","TimeCreated_attributes":{"SystemTime":"2022-04-29T08:58:21.434868Z"},"EventRecordID":157,"Correlation":null,"Execution_attributes":{"ProcessID":8940,"ThreadID":7716},"Channel":"Microsoft-Windows-Sysmon/Operational","Computer":"WIN","Security_attributes":{"UserID":"S-1-5-18"}},"EventData":{"RuleName":"technique_id=T1553.003,technique_name=SIP and Trust Provider Hijacking","EventType":"CreateKey","UtcTime":"2022-04-29 08:58:21.422","ProcessGuid":"668EA4EF-A8AD-626B-9601-000000001400","ProcessId":2760,"Image":"C:\\Windows\\system32\\regsvr32.exe","TargetObject":"HKLM\\SOFTWARE\\Microsoft\\Cryptography\\OID\\EncodingType 0\\CryptSIPDllIsMyFileType2\\{E59B6E68-3312-4738-961F-DB9405B2DDCB}","User":"WIN\\Admin"}}}
{"Event_attributes":{"xmlns":"http://schemas.microsoft.com/win/2004/08/events/event"},"Event":{"System":{"Provider_attributes":{"Name":"Microsoft-Windows-Sysmon","Guid":"5770385F-C22A-43E0-BF4C-06F5698FFBD9"},"EventID":13,"Version":2,"Level":4,"Task":13,"Opcode":0,"Keywords":"0x8000000000000000","TimeCreated_attributes":{"SystemTime":"2022-04-29T08:58:21.434958Z"},"EventRecordID":158,"Correlation":null,"Execution_attributes":{"ProcessID":8940,"ThreadID":7716},"Channel":"Microsoft-Windows-Sysmon/Operational","Computer":"WIN","Security_attributes":{"UserID":"S-1-5-18"}},"EventData":{"RuleName":"technique_id=T1553.003,technique_name=SIP and Trust Provider Hijacking","EventType":"SetValue","UtcTime":"2022-04-29 08:58:21.422","ProcessGuid":"668EA4EF-A8AD-626B-9601-000000001400","ProcessId":2760,"Image":"C:\\Windows\\system32\\regsvr32.exe","TargetObject":"HKLM\\SOFTWARE\\Microsoft\\Cryptography\\OID\\EncodingType 0\\CryptSIPDllIsMyFileType2\\{E59B6E68-3312-4738-961F-DB9405B2DDCB}\\FuncName","Details":"IsMyFileExtension","User":"WIN\\Admin"}}}
{"Event_attributes":{"xmlns":"http://schemas.microsoft.com/win/2004/08/events/event"},"Event":{"System":{"Provider_attributes":{"Name":"Microsoft-Windows-Sysmon","Guid":"5770385F-C22A-43E0-BF4C-06F5698FFBD9"},"EventID":13,"Version":2,"Level":4,"Task":13,"Opcode":0,"Keywords":"0x8000000000000000","TimeCreated_attributes":{"SystemTime":"2022-04-29T08:58:30.558613Z"},"EventRecordID":159,"Correlation":null,"Execution_attributes":{"ProcessID":8940,"ThreadID":7716},"Channel":"Microsoft-Windows-Sysmon/Operational","Computer":"WIN","Security_attributes":{"UserID":"S-1-5-18"}},"EventData":{"RuleName":"technique_id=T1543,technique_name=Service Creation","EventType":"SetValue","UtcTime":"2022-04-29 08:58:30.550","ProcessGuid":"668EA4EF-A8AD-626B-9601-000000001400","ProcessId":2760,"Image":"C:\\Windows\\system32\\regsvr32.exe","TargetObject":"HKLM\\System\\CurrentControlSet\\Services\\bam\\UserSettings\\S-1-5-21-113448046-927799223-410490820-1001\\\\Device\\HarddiskVolume4\\Windows\\System32\\regsvr32.exe","Details":"Binary Data","User":"WIN\\Admin"}}}
{"Event_attributes":{"xmlns":"http://schemas.microsoft.com/win/2004/08/events/event"},"Event":{"System":{"Provider_attributes":{"Name":"Microsoft-Windows-Sysmon","Guid":"5770385F-C22A-43E0-BF4C-06F5698FFBD9"},"EventID":12,"Version":2,"Level":4,"Task":12,"Opcode":0,"Keywords":"0x8000000000000000","TimeCreated_attributes":{"SystemTime":"2022-04-29T08:59:01.063886Z"},"EventRecordID":162,"Correlation":null,"Execution_attributes":{"ProcessID":8940,"ThreadID":7716},"Channel":"Microsoft-Windows-Sysmon/Operational","Computer":"WIN","Security_attributes":{"UserID":"S-1-5-18"}},"EventData":{"RuleName":"technique_id=T1546.001,technique_name=Change Default File Association","EventType":"CreateKey","UtcTime":"2022-04-29 08:59:01.059","ProcessGuid":"668EA4EF-A43A-626B-3C00-000000001400","ProcessId":3572,"Image":"C:\\Windows\\Explorer.EXE","TargetObject":"HKU\\S-1-5-21-113448046-927799223-410490820-1001\\Software\\Microsoft\\Windows\\CurrentVersion\\Explorer\\FileExts\\.evtx","User":"WIN\\Admin"}}}
