{"Event_attributes":{"xmlns":"http://schemas.microsoft.com/win/2004/08/events/event"},"Event":{"System":{"Provider_attributes":{"Name":"Microsoft-Windows-Eventlog","Guid":"{fc65ddd8-d6ef-4962-83d5-6e5cfe9ce148}"},"EventID":104,"Version":0,"Level":4,"Task":104,"Opcode":0,"Keywords":"0x8000000000000000","TimeCreated_attributes":{"SystemTime":"2021-10-25T18:11:10.809929Z"},"EventRecordID":5129,"Correlation":null,"Execution_attributes":{"ProcessID":712,"ThreadID":1692},"Channel":"System","Computer":"FS03.offsec.lan","Security_attributes":{"UserID":"S-1-5-21-4230534742-2542757381-3142984815-1111"}},"UserData":{"LogFileCleared_attributes":{"xmlns":"http://manifests.microsoft.com/win/2004/08/windows/eventlog"},"LogFileCleared":{"SubjectUserName":"admmig","SubjectDomainName":"OFFSEC","Channel":"Microsoft-Windows-CertificateServicesClient-Lifecycle-User/Operational","BackupPath":null}}}}
{"Event_attributes":{"xmlns":"http://schemas.microsoft.com/win/2004/08/events/event"},"Event":{"System":{"Provider_attributes":{"Name":"Microsoft-Windows-Eventlog","Guid":"{fc65ddd8-d6ef-4962-83d5-6e5cfe9ce148}"},"EventID":104,"Version":0,"Level":4,"Task":104,"Opcode":0,"Keywords":"0x8000000000000000","TimeCreated_attributes":{"SystemTime":"2021-10-25T18:11:10.856805Z"},"EventRecordID":5130,"Correlation":null,"Execution_attributes":{"ProcessID":712,"ThreadID":748},"Channel":"System","Computer":"FS03.offsec.lan","Security_attributes":{"UserID":"S-1-5-21-4230534742-2542757381-3142984815-1111"}},"UserData":{"LogFileCleared_attributes":{"xmlns":"http://manifests.microsoft.com/win/2004/08/windows/eventlog"},"LogFileCleared":{"SubjectUserName":"admmig","SubjectDomainName":"OFFSEC","Channel":"Microsoft-Windows-CodeIntegrity/Operational","BackupPath":null}}}}
{"Event_attributes":{"xmlns":"http://schemas.microsoft.com/win/2004/08/events/event"},"Event":{"System":{"Provider_attributes":{"Name":"Microsoft-Windows-Eventlog","Guid":"{fc65ddd8-d6ef-4962-83d5-6e5cfe9ce148}"},"EventID":104,"Version":0,"Level":4,"Task":104,"Opcode":0,"Keywords":"0x8000000000000000","TimeCreated_attributes":{"SystemTime":"2021-10-25T18:11:10.934935Z"},"EventRecordID":5131,"Correlation":null,"Execution_attributes":{"ProcessID":712,"ThreadID":1692},"Channel":"System","Computer":"FS03.offsec.lan","Security_attributes":{"UserID":"S-1-5-21-4230534742-2542757381-3142984815-1111"}},"UserData":{"LogFileCleared_attributes":{"xmlns":"http://manifests.microsoft.com/win/2004/08/windows/eventlog"},"LogFileCleared":{"SubjectUserName":"admmig","SubjectDomainName":"OFFSEC","Channel":"Microsoft-Windows-Compat-Appraiser/Operational","BackupPath":null}}}}
{"Event_attributes":{"xmlns":"http://schemas.microsoft.com/win/2004/08/events/event"},"Event":{"System":{"Provider_attributes":{"Name":"Microsoft-Windows-Eventlog","Guid":"{fc65ddd8-d6ef-4962-83d5-6e5cfe9ce148}"},"EventID":104,"Version":0,"Level":4,"Task":104,"Opcode":0,"Keywords":"0x8000000000000000","TimeCreated_attributes":{"SystemTime":"2021-10-25T18:11:10.997429Z"},"EventRecordID":5132,"Correlation":null,"Execution_attributes":{"ProcessID":712,"ThreadID":1912},"Channel":"System","Computer":"FS03.offsec.lan","Security_attributes":{"UserID":"S-1-5-21-4230534742-2542757381-3142984815-1111"}},"UserData":{"LogFileCleared_attributes":{"xmlns":"http://manifests.microsoft.com/win/2004/08/windows/eventlog"},"LogFileCleared":{"SubjectUserName":"admmig","SubjectDomainName":"OFFSEC","Channel":"Microsoft-Windows-Connected-Search/Operational","BackupPath":null}}}}
{"Event_attributes":{"xmlns":"http://schemas.microsoft.com/win/2004/08/events/event"},"Event":{"System":{"Provider_attributes":{"Name":"Microsoft-Windows-Eventlog","Guid":"{fc65ddd8-d6ef-4962-83d5-6e5cfe9ce148}"},"EventID":104,"Version":0,"Level":4,"Task":104,"Opcode":0,"Keywords":"0x8000000000000000","TimeCreated_attributes":{"SystemTime":"2021-10-25T18:11:11.028683Z"},"EventRecordID":5133,"Correlation":null,"Execution_attributes":{"ProcessID":712,"ThreadID":1912},"Channel":"System","Computer":"FS03.offsec.lan","Security_attributes":{"UserID":"S-1-5-21-4230534742-2542757381-3142984815-1111"}},"UserData":{"LogFileCleared_attributes":{"xmlns":"http://manifests.microsoft.com/win/2004/08/windows/eventlog"},"LogFileCleared":{"SubjectUserName":"admmig","SubjectDomainName":"OFFSEC","Channel":"Microsoft-Windows-CoreApplication/Operational","BackupPath":null}}}}
{"Event_attributes":{"xmlns":"http://schemas.microsoft.com/win/2004/08/events/event"},"Event":{"System":{"Provider_attributes":{"Name":"Microsoft-Windows-Eventlog","Guid":"{fc65ddd8-d6ef-4962-83d5-6e5cfe9ce148}"},"EventID":104,"Version":0,"Level":4,"Task":104,"Opcode":0,"Keywords":"0x8000000000000000","TimeCreated_attributes":{"SystemTime":"2021-10-25T18:11:11.091181Z"},"EventRecordID":5134,"Correlation":null,"Execution_attributes":{"ProcessID":712,"ThreadID":748},"Channel":"System","Computer":"FS03.offsec.lan","Security_attributes":{"UserID":"S-1-5-21-4230534742-2542757381-3142984815-1111"}},"UserData":{"LogFileCleared_attributes":{"xmlns":"http://manifests.microsoft.com/win/2004/08/windows/eventlog"},"LogFileCleared":{"SubjectUserName":"admmig","SubjectDomainName":"OFFSEC","Channel":"Microsoft-Windows-CorruptedFileRecovery-Client/Operational","BackupPath":null}}}}
{"Event_attributes":{"xmlns":"http://schemas.microsoft.com/win/2004/08/events/event"},"Event":{"System":{"Provider_attributes":{"Name":"Microsoft-Windows-Eventlog","Guid":"{fc65ddd8-d6ef-4962-83d5-6e5cfe9ce148}"},"EventID":104,"Version":0,"Level":4,"Task":104,"Opcode":0,"Keywords":"0x8000000000000000","TimeCreated_attributes":{"SystemTime":"2021-10-25T18:11:11.106808Z"},"EventRecordID":5135,"Correlation":null,"Execution_attributes":{"ProcessID":712,"ThreadID":1912},"Channel":"System","Computer":"FS03.offsec.lan","Security_attributes":{"UserID":"S-1-5-21-4230534742-2542757381-3142984815-1111"}},"UserData":{"LogFileCleared_attributes":{"xmlns":"http://manifests.microsoft.com/win/2004/08/windows/eventlog"},"LogFileCleared":{"SubjectUserName":"admmig","SubjectDomainName":"OFFSEC","Channel":"Microsoft-Windows-CorruptedFileRecovery-Server/Operational","BackupPath":null}}}}
{"Event_attributes":{"xmlns":"http://schemas.microsoft.com/win/2004/08/events/event"},"Event":{"System":{"Provider_attributes":{"Name":"Microsoft-Windows-Eventlog","Guid":"{fc65ddd8-d6ef-4962-83d5-6e5cfe9ce148}"},"EventID":104,"Version":0,"Level":4,"Task":104,"Opcode":0,"Keywords":"0x8000000000000000","TimeCreated_attributes":{"SystemTime":"2021-10-25T18:11:11.184933Z"},"EventRecordID":5136,"Correlation":null,"Execution_attributes":{"ProcessID":712,"ThreadID":1912},"Channel":"System","Computer":"FS03.offsec.lan","Security_attributes":{"UserID":"S-1-5-21-4230534742-2542757381-3142984815-1111"}},"UserData":{"LogFileCleared_attributes":{"xmlns":"http://manifests.microsoft.com/win/2004/08/windows/eventlog"},"LogFileCleared":{"SubjectUserName":"admmig","SubjectDomainName":"OFFSEC","Channel":"Microsoft-Windows-Crypto-DPAPI/BackUpKeySvc","BackupPath":null}}}}
{"Event_attributes":{"xmlns":"http://schemas.microsoft.com/win/2004/08/events/event"},"Event":{"System":{"Provider_attributes":{"Name":"Microsoft-Windows-Eventlog","Guid":"{fc65ddd8-d6ef-4962-83d5-6e5cfe9ce148}"},"EventID":104,"Version":0,"Level":4,"Task":104,"Opcode":0,"Keywords":"0x8000000000000000","TimeCreated_attributes":{"SystemTime":"2021-10-25T18:11:11.200558Z"},"EventRecordID":5137,"Correlation":null,"Execution_attributes":{"ProcessID":712,"ThreadID":1912},"Channel":"System","Computer":"FS03.offsec.lan","Security_attributes":{"UserID":"S-1-5-21-4230534742-2542757381-3142984815-1111"}},"UserData":{"LogFileCleared_attributes":{"xmlns":"http://manifests.microsoft.com/win/2004/08/windows/eventlog"},"LogFileCleared":{"SubjectUserName":"admmig","SubjectDomainName":"OFFSEC","Channel":"Microsoft-Windows-Crypto-DPAPI/Debug","BackupPath":null}}}}
{"Event_attributes":{"xmlns":"http://schemas.microsoft.com/win/2004/08/events/event"},"Event":{"System":{"Provider_attributes":{"Name":"Microsoft-Windows-Eventlog","Guid":"{fc65ddd8-d6ef-4962-83d5-6e5cfe9ce148}"},"EventID":104,"Version":0,"Level":4,"Task":104,"Opcode":0,"Keywords":"0x8000000000000000","TimeCreated_attributes":{"SystemTime":"2021-10-25T18:11:11.216182Z"},"EventRecordID":5138,"Correlation":null,"Execution_attributes":{"ProcessID":712,"ThreadID":1912},"Channel":"System","Computer":"FS03.offsec.lan","Security_attributes":{"UserID":"S-1-5-21-4230534742-2542757381-3142984815-1111"}},"UserData":{"LogFileCleared_attributes":{"xmlns":"http://manifests.microsoft.com/win/2004/08/windows/eventlog"},"LogFileCleared":{"SubjectUserName":"admmig","SubjectDomainName":"OFFSEC","Channel":"Microsoft-Windows-Crypto-DPAPI/Operational","BackupPath":null}}}}
{"Event_attributes":{"xmlns":"http://schemas.microsoft.com/win/2004/08/events/event"},"Event":{"System":{"Provider_attributes":{"Name":"Microsoft-Windows-Eventlog","Guid":"{fc65ddd8-d6ef-4962-83d5-6e5cfe9ce148}"},"EventID":104,"Version":0,"Level":4,"Task":104,"Opcode":0,"Keywords":"0x8000000000000000","TimeCreated_attributes":{"SystemTime":"2021-10-25T18:11:11.247440Z"},"EventRecordID":5139,"Correlation":null,"Execution_attributes":{"ProcessID":712,"ThreadID":748},"Channel":"System","Computer":"FS03.offsec.lan","Security_attributes":{"UserID":"S-1-5-21-4230534742-2542757381-3142984815-1111"}},"UserData":{"LogFileCleared_attributes":{"xmlns":"http://manifests.microsoft.com/win/2004/08/windows/eventlog"},"LogFileCleared":{"SubjectUserName":"admmig","SubjectDomainName":"OFFSEC","Channel":"Microsoft-Windows-Crypto-NCrypt/Operational","BackupPath":null}}}}
{"Event_attributes":{"xmlns":"http://schemas.microsoft.com/win/2004/08/events/event"},"Event":{"System":{"Provider_attributes":{"Name":"Microsoft-Windows-Eventlog","Guid":"{fc65ddd8-d6ef-4962-83d5-6e5cfe9ce148}"},"EventID":104,"Version":0,"Level":4,"Task":104,"Opcode":0,"Keywords":"0x8000000000000000","TimeCreated_attributes":{"SystemTime":"2021-10-25T18:11:11.341181Z"},"EventRecordID":5140,"Correlation":null,"Execution_attributes":{"ProcessID":712,"ThreadID":1912},"Channel":"System","Computer":"FS03.offsec.lan","Security_attributes":{"UserID":"S-1-5-21-4230534742-2542757381-3142984815-1111"}},"UserData":{"LogFileCleared_attributes":{"xmlns":"http://manifests.microsoft.com/win/2004/08/windows/eventlog"},"LogFileCleared":{"SubjectUserName":"admmig","SubjectDomainName":"OFFSEC","Channel":"Microsoft-Windows-DAL-Provider/Operational","BackupPath":null}}}}
{"Event_attributes":{"xmlns":"http://schemas.microsoft.com/win/2004/08/events/event"},"Event":{"System":{"Provider_attributes":{"Name":"Microsoft-Windows-Eventlog","Guid":"{fc65ddd8-d6ef-4962-83d5-6e5cfe9ce148}"},"EventID":104,"Version":0,"Level":4,"Task":104,"Opcode":0,"Keywords":"0x8000000000000000","TimeCreated_attributes":{"SystemTime":"2021-10-25T18:11:11.388065Z"},"EventRecordID":5141,"Correlation":null,"Execution_attributes":{"ProcessID":712,"ThreadID":1912},"Channel":"System","Computer":"FS03.offsec.lan","Security_attributes":{"UserID":"S-1-5-21-4230534742-2542757381-3142984815-1111"}},"UserData":{"LogFileCleared_attributes":{"xmlns":"http://manifests.microsoft.com/win/2004/08/windows/eventlog"},"LogFileCleared":{"SubjectUserName":"admmig","SubjectDomainName":"OFFSEC","Channel":"Microsoft-Windows-DNS-Client/Operational","BackupPath":null}}}}
{"Event_attributes":{"xmlns":"http://schemas.microsoft.com/win/2004/08/events/event"},"Event":{"System":{"Provider_attributes":{"Name":"Microsoft-Windows-Eventlog","Guid":"{fc65ddd8-d6ef-4962-83d5-6e5cfe9ce148}"},"EventID":104,"Version":0,"Level":4,"Task":104,"Opcode":0,"Keywords":"0x8000000000000000","TimeCreated_attributes":{"SystemTime":"2021-10-25T18:11:11.403680Z"},"EventRecordID":5142,"Correlation":null,"Execution_attributes":{"ProcessID":712,"ThreadID":1912},"Channel":"System","Computer":"FS03.offsec.lan","Security_attributes":{"UserID":"S-1-5-21-4230534742-2542757381-3142984815-1111"}},"UserData":{"LogFileCleared_attributes":{"xmlns":"http://manifests.microsoft.com/win/2004/08/windows/eventlog"},"LogFileCleared":{"SubjectUserName":"admmig","SubjectDomainName":"OFFSEC","Channel":"Microsoft-Windows-DSC/Admin","BackupPath":null}}}}
{"Event_attributes":{"xmlns":"http://schemas.microsoft.com/win/2004/08/events/event"},"Event":{"System":{"Provider_attributes":{"Name":"Microsoft-Windows-Eventlog","Guid":"{fc65ddd8-d6ef-4962-83d5-6e5cfe9ce148}"},"EventID":104,"Version":0,"Level":4,"Task":104,"Opcode":0,"Keywords":"0x8000000000000000","TimeCreated_attributes":{"SystemTime":"2021-10-25T18:11:11.450554Z"},"EventRecordID":5143,"Correlation":null,"Execution_attributes":{"ProcessID":712,"ThreadID":1912},"Channel":"System","Computer":"FS03.offsec.lan","Security_attributes":{"UserID":"S-1-5-21-4230534742-2542757381-3142984815-1111"}},"UserData":{"LogFileCleared_attributes":{"xmlns":"http://manifests.microsoft.com/win/2004/08/windows/eventlog"},"LogFileCleared":{"SubjectUserName":"admmig","SubjectDomainName":"OFFSEC","Channel":"Microsoft-Windows-DSC/Operational","BackupPath":null}}}}
{"Event_attributes":{"xmlns":"http://schemas.microsoft.com/win/2004/08/events/event"},"Event":{"System":{"Provider_attributes":{"Name":"Microsoft-Windows-Eventlog","Guid":"{fc65ddd8-d6ef-4962-83d5-6e5cfe9ce148}"},"EventID":104,"Version":0,"Level":4,"Task":104,"Opcode":0,"Keywords":"0x8000000000000000","TimeCreated_attributes":{"SystemTime":"2021-10-25T18:11:11.559931Z"},"EventRecordID":5144,"Correlation":null,"Execution_attributes":{"ProcessID":712,"ThreadID":1912},"Channel":"System","Computer":"FS03.offsec.lan","Security_attributes":{"UserID":"S-1-5-21-4230534742-2542757381-3142984815-1111"}},"UserData":{"LogFileCleared_attributes":{"xmlns":"http://manifests.microsoft.com/win/2004/08/windows/eventlog"},"LogFileCleared":{"SubjectUserName":"admmig","SubjectDomainName":"OFFSEC","Channel":"Microsoft-Windows-DataIntegrityScan/Admin","BackupPath":null}}}}
{"Event_attributes":{"xmlns":"http://schemas.microsoft.com/win/2004/08/events/event"},"Event":{"System":{"Provider_attributes":{"Name":"Microsoft-Windows-Eventlog","Guid":"{fc65ddd8-d6ef-4962-83d5-6e5cfe9ce148}"},"EventID":104,"Version":0,"Level":4,"Task":104,"Opcode":0,"Keywords":"0x8000000000000000","TimeCreated_attributes":{"SystemTime":"2021-10-25T18:11:11.575565Z"},"EventRecordID":5145,"Correlation":null,"Execution_attributes":{"ProcessID":712,"ThreadID":1912},"Channel":"System","Computer":"FS03.offsec.lan","Security_attributes":{"UserID":"S-1-5-21-4230534742-2542757381-3142984815-1111"}},"UserData":{"LogFileCleared_attributes":{"xmlns":"http://manifests.microsoft.com/win/2004/08/windows/eventlog"},"LogFileCleared":{"SubjectUserName":"admmig","SubjectDomainName":"OFFSEC","Channel":"Microsoft-Windows-DataIntegrityScan/CrashRecovery","BackupPath":null}}}}
{"Event_attributes":{"xmlns":"http://schemas.microsoft.com/win/2004/08/events/event"},"Event":{"System":{"Provider_attributes":{"Name":"Microsoft-Windows-Eventlog","Guid":"{fc65ddd8-d6ef-4962-83d5-6e5cfe9ce148}"},"EventID":104,"Version":0,"Level":4,"Task":104,"Opcode":0,"Keywords":"0x8000000000000000","TimeCreated_attributes":{"SystemTime":"2021-10-25T18:11:11.622433Z"},"EventRecordID":5146,"Correlation":null,"Execution_attributes":{"ProcessID":712,"ThreadID":1912},"Channel":"System","Computer":"FS03.offsec.lan","Security_attributes":{"UserID":"S-1-5-21-4230534742-2542757381-3142984815-1111"}},"UserData":{"LogFileCleared_attributes":{"xmlns":"http://manifests.microsoft.com/win/2004/08/windows/eventlog"},"LogFileCleared":{"SubjectUserName":"admmig","SubjectDomainName":"OFFSEC","Channel":"Microsoft-Windows-DateTimeControlPanel/Operational","BackupPath":null}}}}
{"Event_attributes":{"xmlns":"http://schemas.microsoft.com/win/2004/08/events/event"},"Event":{"System":{"Provider_attributes":{"Name":"Microsoft-Windows-Eventlog","Guid":"{fc65ddd8-d6ef-4962-83d5-6e5cfe9ce148}"},"EventID":104,"Version":0,"Level":4,"Task":104,"Opcode":0,"Keywords":"0x8000000000000000","TimeCreated_attributes":{"SystemTime":"2021-10-25T18:11:11.700558Z"},"EventRecordID":5147,"Correlation":null,"Execution_attributes":{"ProcessID":712,"ThreadID":1912},"Channel":"System","Computer":"FS03.offsec.lan","Security_attributes":{"UserID":"S-1-5-21-4230534742-2542757381-3142984815-1111"}},"UserData":{"LogFileCleared_attributes":{"xmlns":"http://manifests.microsoft.com/win/2004/08/windows/eventlog"},"LogFileCleared":{"SubjectUserName":"admmig","SubjectDomainName":"OFFSEC","Channel":"Microsoft-Windows-DeviceSetupManager/Admin","BackupPath":null}}}}
{"Event_attributes":{"xmlns":"http://schemas.microsoft.com/win/2004/08/events/event"},"Event":{"System":{"Provider_attributes":{"Name":"Microsoft-Windows-Eventlog","Guid":"{fc65ddd8-d6ef-4962-83d5-6e5cfe9ce148}"},"EventID":104,"Version":0,"Level":4,"Task":104,"Opcode":0,"Keywords":"0x8000000000000000","TimeCreated_attributes":{"SystemTime":"2021-10-25T18:11:11.747431Z"},"EventRecordID":5148,"Correlation":null,"Execution_attributes":{"ProcessID":712,"ThreadID":1912},"Channel":"System","Computer":"FS03.offsec.lan","Security_attributes":{"UserID":"S-1-5-21-4230534742-2542757381-3142984815-1111"}},"UserData":{"LogFileCleared_attributes":{"xmlns":"http://manifests.microsoft.com/win/2004/08/windows/eventlog"},"LogFileCleared":{"SubjectUserName":"admmig","SubjectDomainName":"OFFSEC","Channel":"Microsoft-Windows-DeviceSetupManager/Operational","BackupPath":null}}}}
{"Event_attributes":{"xmlns":"http://schemas.microsoft.com/win/2004/08/events/event"},"Event":{"System":{"Provider_attributes":{"Name":"Microsoft-Windows-Eventlog","Guid":"{fc65ddd8-d6ef-4962-83d5-6e5cfe9ce148}"},"EventID":104,"Version":0,"Level":4,"Task":104,"Opcode":0,"Keywords":"0x8000000000000000","TimeCreated_attributes":{"SystemTime":"2021-10-25T18:11:11.778682Z"},"EventRecordID":5149,"Correlation":null,"Execution_attributes":{"ProcessID":712,"ThreadID":1912},"Channel":"System","Computer":"FS03.offsec.lan","Security_attributes":{"UserID":"S-1-5-21-4230534742-2542757381-3142984815-1111"}},"UserData":{"LogFileCleared_attributes":{"xmlns":"http://manifests.microsoft.com/win/2004/08/windows/eventlog"},"LogFileCleared":{"SubjectUserName":"admmig","SubjectDomainName":"OFFSEC","Channel":"Microsoft-Windows-DeviceSync/Operational","BackupPath":null}}}}
{"Event_attributes":{"xmlns":"http://schemas.microsoft.com/win/2004/08/events/event"},"Event":{"System":{"Provider_attributes":{"Name":"Microsoft-Windows-Eventlog","Guid":"{fc65ddd8-d6ef-4962-83d5-6e5cfe9ce148}"},"EventID":104,"Version":0,"Level":4,"Task":104,"Opcode":0,"Keywords":"0x8000000000000000","TimeCreated_attributes":{"SystemTime":"2021-10-25T18:11:11.825557Z"},"EventRecordID":5150,"Correlation":null,"Execution_attributes":{"ProcessID":712,"ThreadID":748},"Channel":"System","Computer":"FS03.offsec.lan","Security_attributes":{"UserID":"S-1-5-21-4230534742-2542757381-3142984815-1111"}},"UserData":{"LogFileCleared_attributes":{"xmlns":"http://manifests.microsoft.com/win/2004/08/windows/eventlog"},"LogFileCleared":{"SubjectUserName":"admmig","SubjectDomainName":"OFFSEC","Channel":"Microsoft-Windows-Dhcp-Client/Admin","BackupPath":null}}}}
{"Event_attributes":{"xmlns":"http://schemas.microsoft.com/win/2004/08/events/event"},"Event":{"System":{"Provider_attributes":{"Name":"Microsoft-Windows-Eventlog","Guid":"{fc65ddd8-d6ef-4962-83d5-6e5cfe9ce148}"},"EventID":104,"Version":0,"Level":4,"Task":104,"Opcode":0,"Keywords":"0x8000000000000000","TimeCreated_attributes":{"SystemTime":"2021-10-25T18:11:11.841180Z"},"EventRecordID":5151,"Correlation":null,"Execution_attributes":{"ProcessID":712,"ThreadID":748},"Channel":"System","Computer":"FS03.offsec.lan","Security_attributes":{"UserID":"S-1-5-21-4230534742-2542757381-3142984815-1111"}},"UserData":{"LogFileCleared_attributes":{"xmlns":"http://manifests.microsoft.com/win/2004/08/windows/eventlog"},"LogFileCleared":{"SubjectUserName":"admmig","SubjectDomainName":"OFFSEC","Channel":"Microsoft-Windows-Dhcp-Client/Operational","BackupPath":null}}}}
{"Event_attributes":{"xmlns":"http://schemas.microsoft.com/win/2004/08/events/event"},"Event":{"System":{"Provider_attributes":{"Name":"Microsoft-Windows-Eventlog","Guid":"{fc65ddd8-d6ef-4962-83d5-6e5cfe9ce148}"},"EventID":104,"Version":0,"Level":4,"Task":104,"Opcode":0,"Keywords":"0x8000000000000000","TimeCreated_attributes":{"SystemTime":"2021-10-25T18:11:11.856808Z"},"EventRecordID":5152,"Correlation":null,"Execution_attributes":{"ProcessID":712,"ThreadID":748},"Channel":"System","Computer":"FS03.offsec.lan","Security_attributes":{"UserID":"S-1-5-21-4230534742-2542757381-3142984815-1111"}},"UserData":{"LogFileCleared_attributes":{"xmlns":"http://manifests.microsoft.com/win/2004/08/windows/eventlog"},"LogFileCleared":{"SubjectUserName":"admmig","SubjectDomainName":"OFFSEC","Channel":"Microsoft-Windows-DhcpNap/Admin","BackupPath":null}}}}
{"Event_attributes":{"xmlns":"http://schemas.microsoft.com/win/2004/08/events/event"},"Event":{"System":{"Provider_attributes":{"Name":"Microsoft-Windows-Eventlog","Guid":"{fc65ddd8-d6ef-4962-83d5-6e5cfe9ce148}"},"EventID":104,"Version":0,"Level":4,"Task":104,"Opcode":0,"Keywords":"0x8000000000000000","TimeCreated_attributes":{"SystemTime":"2021-10-25T18:11:11.872430Z"},"EventRecordID":5153,"Correlation":null,"Execution_attributes":{"ProcessID":712,"ThreadID":1912},"Channel":"System","Computer":"FS03.offsec.lan","Security_attributes":{"UserID":"S-1-5-21-4230534742-2542757381-3142984815-1111"}},"UserData":{"LogFileCleared_attributes":{"xmlns":"http://manifests.microsoft.com/win/2004/08/windows/eventlog"},"LogFileCleared":{"SubjectUserName":"admmig","SubjectDomainName":"OFFSEC","Channel":"Microsoft-Windows-DhcpNap/Operational","BackupPath":null}}}}
{"Event_attributes":{"xmlns":"http://schemas.microsoft.com/win/2004/08/events/event"},"Event":{"System":{"Provider_attributes":{"Name":"Microsoft-Windows-Eventlog","Guid":"{fc65ddd8-d6ef-4962-83d5-6e5cfe9ce148}"},"EventID":104,"Version":0,"Level":4,"Task":104,"Opcode":0,"Keywords":"0x8000000000000000","TimeCreated_attributes":{"SystemTime":"2021-10-25T18:11:11.888062Z"},"EventRecordID":5154,"Correlation":null,"Execution_attributes":{"ProcessID":712,"ThreadID":1912},"Channel":"System","Computer":"FS03.offsec.lan","Security_attributes":{"UserID":"S-1-5-21-4230534742-2542757381-3142984815-1111"}},"UserData":{"LogFileCleared_attributes":{"xmlns":"http://manifests.microsoft.com/win/2004/08/windows/eventlog"},"LogFileCleared":{"SubjectUserName":"admmig","SubjectDomainName":"OFFSEC","Channel":"Microsoft-Windows-Dhcpv6-Client/Admin","BackupPath":null}}}}
{"Event_attributes":{"xmlns":"http://schemas.microsoft.com/win/2004/08/events/event"},"Event":{"System":{"Provider_attributes":{"Name":"Microsoft-Windows-Eventlog","Guid":"{fc65ddd8-d6ef-4962-83d5-6e5cfe9ce148}"},"EventID":104,"Version":0,"Level":4,"Task":104,"Opcode":0,"Keywords":"0x8000000000000000","TimeCreated_attributes":{"SystemTime":"2021-10-25T18:11:11.903681Z"},"EventRecordID":5155,"Correlation":null,"Execution_attributes":{"ProcessID":712,"ThreadID":1912},"Channel":"System","Computer":"FS03.offsec.lan","Security_attributes":{"UserID":"S-1-5-21-4230534742-2542757381-3142984815-1111"}},"UserData":{"LogFileCleared_attributes":{"xmlns":"http://manifests.microsoft.com/win/2004/08/windows/eventlog"},"LogFileCleared":{"SubjectUserName":"admmig","SubjectDomainName":"OFFSEC","Channel":"Microsoft-Windows-Dhcpv6-Client/Operational","BackupPath":null}}}}
{"Event_attributes":{"xmlns":"http://schemas.microsoft.com/win/2004/08/events/event"},"Event":{"System":{"Provider_attributes":{"Name":"Microsoft-Windows-Eventlog","Guid":"{fc65ddd8-d6ef-4962-83d5-6e5cfe9ce148}"},"EventID":104,"Version":0,"Level":4,"Task":104,"Opcode":0,"Keywords":"0x8000000000000000","TimeCreated_attributes":{"SystemTime":"2021-10-25T18:11:11.997435Z"},"EventRecordID":5156,"Correlation":null,"Execution_attributes":{"ProcessID":712,"ThreadID":1204},"Channel":"System","Computer":"FS03.offsec.lan","Security_attributes":{"UserID":"S-1-5-21-4230534742-2542757381-3142984815-1111"}},"UserData":{"LogFileCleared_attributes":{"xmlns":"http://manifests.microsoft.com/win/2004/08/windows/eventlog"},"LogFileCleared":{"SubjectUserName":"admmig","SubjectDomainName":"OFFSEC","Channel":"Microsoft-Windows-Diagnosis-DPS/Operational","BackupPath":null}}}}
{"Event_attributes":{"xmlns":"http://schemas.microsoft.com/win/2004/08/events/event"},"Event":{"System":{"Provider_attributes":{"Name":"Microsoft-Windows-Eventlog","Guid":"{fc65ddd8-d6ef-4962-83d5-6e5cfe9ce148}"},"EventID":104,"Version":0,"Level":4,"Task":104,"Opcode":0,"Keywords":"0x8000000000000000","TimeCreated_attributes":{"SystemTime":"2021-10-25T18:11:12.059937Z"},"EventRecordID":5157,"Correlation":null,"Execution_attributes":{"ProcessID":712,"ThreadID":1204},"Channel":"System","Computer":"FS03.offsec.lan","Security_attributes":{"UserID":"S-1-5-21-4230534742-2542757381-3142984815-1111"}},"UserData":{"LogFileCleared_attributes":{"xmlns":"http://manifests.microsoft.com/win/2004/08/windows/eventlog"},"LogFileCleared":{"SubjectUserName":"admmig","SubjectDomainName":"OFFSEC","Channel":"Microsoft-Windows-Diagnosis-PCW/Operational","BackupPath":null}}}}
{"Event_attributes":{"xmlns":"http://schemas.microsoft.com/win/2004/08/events/event"},"Event":{"System":{"Provider_attributes":{"Name":"Microsoft-Windows-Eventlog","Guid":"{fc65ddd8-d6ef-4962-83d5-6e5cfe9ce148}"},"EventID":104,"Version":0,"Level":4,"Task":104,"Opcode":0,"Keywords":"0x8000000000000000","TimeCreated_attributes":{"SystemTime":"2021-10-25T18:11:12.075560Z"},"EventRecordID":5158,"Correlation":null,"Execution_attributes":{"ProcessID":712,"ThreadID":1204},"Channel":"System","Computer":"FS03.offsec.lan","Security_attributes":{"UserID":"S-1-5-21-4230534742-2542757381-3142984815-1111"}},"UserData":{"LogFileCleared_attributes":{"xmlns":"http://manifests.microsoft.com/win/2004/08/windows/eventlog"},"LogFileCleared":{"SubjectUserName":"admmig","SubjectDomainName":"OFFSEC","Channel":"Microsoft-Windows-Diagnosis-PLA/Operational","BackupPath":null}}}}
{"Event_attributes":{"xmlns":"http://schemas.microsoft.com/win/2004/08/events/event"},"Event":{"System":{"Provider_attributes":{"Name":"Microsoft-Windows-Eventlog","Guid":"{fc65ddd8-d6ef-4962-83d5-6e5cfe9ce148}"},"EventID":104,"Version":0,"Level":4,"Task":104,"Opcode":0,"Keywords":"0x8000000000000000","TimeCreated_attributes":{"SystemTime":"2021-10-25T18:11:12.106810Z"},"EventRecordID":5159,"Correlation":null,"Execution_attributes":{"ProcessID":712,"ThreadID":1204},"Channel":"System","Computer":"FS03.offsec.lan","Security_attributes":{"UserID":"S-1-5-21-4230534742-2542757381-3142984815-1111"}},"UserData":{"LogFileCleared_attributes":{"xmlns":"http://manifests.microsoft.com/win/2004/08/windows/eventlog"},"LogFileCleared":{"SubjectUserName":"admmig","SubjectDomainName":"OFFSEC","Channel":"Microsoft-Windows-Diagnosis-Scripted/Admin","BackupPath":null}}}}
{"Event_attributes":{"xmlns":"http://schemas.microsoft.com/win/2004/08/events/event"},"Event":{"System":{"Provider_attributes":{"Name":"Microsoft-Windows-Eventlog","Guid":"{fc65ddd8-d6ef-4962-83d5-6e5cfe9ce148}"},"EventID":104,"Version":0,"Level":4,"Task":104,"Opcode":0,"Keywords":"0x8000000000000000","TimeCreated_attributes":{"SystemTime":"2021-10-25T18:11:12.153682Z"},"EventRecordID":5160,"Correlation":null,"Execution_attributes":{"ProcessID":712,"ThreadID":1204},"Channel":"System","Computer":"FS03.offsec.lan","Security_attributes":{"UserID":"S-1-5-21-4230534742-2542757381-3142984815-1111"}},"UserData":{"LogFileCleared_attributes":{"xmlns":"http://manifests.microsoft.com/win/2004/08/windows/eventlog"},"LogFileCleared":{"SubjectUserName":"admmig","SubjectDomainName":"OFFSEC","Channel":"Microsoft-Windows-Diagnosis-Scripted/Operational","BackupPath":null}}}}
{"Event_attributes":{"xmlns":"http://schemas.microsoft.com/win/2004/08/events/event"},"Event":{"System":{"Provider_attributes":{"Name":"Microsoft-Windows-Eventlog","Guid":"{fc65ddd8-d6ef-4962-83d5-6e5cfe9ce148}"},"EventID":104,"Version":0,"Level":4,"Task":104,"Opcode":0,"Keywords":"0x8000000000000000","TimeCreated_attributes":{"SystemTime":"2021-10-25T18:11:12.184948Z"},"EventRecordID":5161,"Correlation":null,"Execution_attributes":{"ProcessID":712,"ThreadID":1912},"Channel":"System","Computer":"FS03.offsec.lan","Security_attributes":{"UserID":"S-1-5-21-4230534742-2542757381-3142984815-1111"}},"UserData":{"LogFileCleared_attributes":{"xmlns":"http://manifests.microsoft.com/win/2004/08/windows/eventlog"},"LogFileCleared":{"SubjectUserName":"admmig","SubjectDomainName":"OFFSEC","Channel":"Microsoft-Windows-Diagnosis-ScriptedDiagnosticsProvider/Operational","BackupPath":null}}}}
{"Event_attributes":{"xmlns":"http://schemas.microsoft.com/win/2004/08/events/event"},"Event":{"System":{"Provider_attributes":{"Name":"Microsoft-Windows-Eventlog","Guid":"{fc65ddd8-d6ef-4962-83d5-6e5cfe9ce148}"},"EventID":104,"Version":0,"Level":4,"Task":104,"Opcode":0,"Keywords":"0x8000000000000000","TimeCreated_attributes":{"SystemTime":"2021-10-25T18:11:12.247435Z"},"EventRecordID":5162,"Correlation":null,"Execution_attributes":{"ProcessID":712,"ThreadID":1692},"Channel":"System","Computer":"FS03.offsec.lan","Security_attributes":{"UserID":"S-1-5-21-4230534742-2542757381-3142984815-1111"}},"UserData":{"LogFileCleared_attributes":{"xmlns":"http://manifests.microsoft.com/win/2004/08/windows/eventlog"},"LogFileCleared":{"SubjectUserName":"admmig","SubjectDomainName":"OFFSEC","Channel":"Microsoft-Windows-Diagnostics-Networking/Operational","BackupPath":null}}}}
