{"Event_attributes":{"xmlns":"http://schemas.microsoft.com/win/2004/08/events/event"},"Event":{"System":{"Provider_attributes":{"Name":"Microsoft-Windows-Eventlog","Guid":"{fc65ddd8-d6ef-4962-83d5-6e5cfe9ce148}"},"EventID":104,"Version":0,"Level":4,"Task":104,"Opcode":0,"Keywords":"0x8000000000000000","TimeCreated_attributes":{"SystemTime":"2021-10-25T18:04:30.334471Z"},"EventRecordID":5073,"Correlation":null,"Execution_attributes":{"ProcessID":712,"ThreadID":1912},"Channel":"System","Computer":"FS03.offsec.lan","Security_attributes":{"UserID":"S-1-5-21-4230534742-2542757381-3142984815-1111"}},"UserData":{"LogFileCleared_attributes":{"xmlns":"http://manifests.microsoft.com/win/2004/08/windows/eventlog"},"LogFileCleared":{"SubjectUserName":"admmig","SubjectDomainName":"OFFSEC","Channel":"System","BackupPath":null}}}}
{"Event_attributes":{"xmlns":"http://schemas.microsoft.com/win/2004/08/events/event"},"Event":{"System":{"Provider_attributes":{"Name":"Microsoft-Windows-Eventlog","Guid":"{fc65ddd8-d6ef-4962-83d5-6e5cfe9ce148}"},"EventID":1102,"Version":0,"Level":4,"Task":104,"Opcode":0,"Keywords":"0x4020000000000000","TimeCreated_attributes":{"SystemTime":"2021-10-25T18:09:51.875657Z"},"EventRecordID":109054,"Correlation":null,"Execution_attributes":{"ProcessID":712,"ThreadID":748},"Channel":"Security","Computer":"FS03.offsec.lan","Security":null},"UserData":{"LogFileCleared_attributes":{"xmlns":"http://manifests.microsoft.com/win/2004/08/windows/eventlog"},"LogFileCleared":{"SubjectUserSid":"S-1-5-21-4230534742-2542757381-3142984815-1111","SubjectUserName":"admmig","SubjectDomainName":"OFFSEC","SubjectLogonId":"0x123550"}}}}
{"Event_attributes":{"xmlns":"http://schemas.microsoft.com/win/2004/08/events/event"},"Event":{"System":{"Provider_attributes":{"Name":"Microsoft-Windows-Eventlog","Guid":"{fc65ddd8-d6ef-4962-83d5-6e5cfe9ce148}"},"EventID":104,"Version":0,"Level":4,"Task":104,"Opcode":0,"Keywords":"0x8000000000000000","TimeCreated_attributes":{"SystemTime":"2021-10-25T18:11:09.002010Z"},"EventRecordID":5074,"Correlation":null,"Execution_attributes":{"ProcessID":712,"ThreadID":1912},"Channel":"System","Computer":"FS03.offsec.lan","Security_attributes":{"UserID":"S-1-5-21-4230534742-2542757381-3142984815-1111"}},"UserData":{"LogFileCleared_attributes":{"xmlns":"http://manifests.microsoft.com/win/2004/08/windows/eventlog"},"LogFileCleared":{"SubjectUserName":"admmig","SubjectDomainName":"OFFSEC","Channel":"Application","BackupPath":null}}}}
{"Event_attributes":{"xmlns":"http://schemas.microsoft.com/win/2004/08/events/event"},"Event":{"System":{"Provider_attributes":{"Name":"Microsoft-Windows-Eventlog","Guid":"{fc65ddd8-d6ef-4962-83d5-6e5cfe9ce148}"},"EventID":104,"Version":0,"Level":4,"Task":104,"Opcode":0,"Keywords":"0x8000000000000000","TimeCreated_attributes":{"SystemTime":"2021-10-25T18:11:09.080129Z"},"EventRecordID":5075,"Correlation":null,"Execution_attributes":{"ProcessID":712,"ThreadID":1692},"Channel":"System","Computer":"FS03.offsec.lan","Security_attributes":{"UserID":"S-1-5-21-4230534742-2542757381-3142984815-1111"}},"UserData":{"LogFileCleared_attributes":{"xmlns":"http://manifests.microsoft.com/win/2004/08/windows/eventlog"},"LogFileCleared":{"SubjectUserName":"admmig","SubjectDomainName":"OFFSEC","Channel":"ForwardedEvents","BackupPath":null}}}}
{"Event_attributes":{"xmlns":"http://schemas.microsoft.com/win/2004/08/events/event"},"Event":{"System":{"Provider_attributes":{"Name":"Microsoft-Windows-Eventlog","Guid":"{fc65ddd8-d6ef-4962-83d5-6e5cfe9ce148}"},"EventID":104,"Version":0,"Level":4,"Task":104,"Opcode":0,"Keywords":"0x8000000000000000","TimeCreated_attributes":{"SystemTime":"2021-10-25T18:11:09.095756Z"},"EventRecordID":5076,"Correlation":null,"Execution_attributes":{"ProcessID":712,"ThreadID":1692},"Channel":"System","Computer":"FS03.offsec.lan","Security_attributes":{"UserID":"S-1-5-21-4230534742-2542757381-3142984815-1111"}},"UserData":{"LogFileCleared_attributes":{"xmlns":"http://manifests.microsoft.com/win/2004/08/windows/eventlog"},"LogFileCleared":{"SubjectUserName":"admmig","SubjectDomainName":"OFFSEC","Channel":"HardwareEvents","BackupPath":null}}}}
{"Event_attributes":{"xmlns":"http://schemas.microsoft.com/win/2004/08/events/event"},"Event":{"System":{"Provider_attributes":{"Name":"Microsoft-Windows-Eventlog","Guid":"{fc65ddd8-d6ef-4962-83d5-6e5cfe9ce148}"},"EventID":104,"Version":0,"Level":4,"Task":104,"Opcode":0,"Keywords":"0x8000000000000000","TimeCreated_attributes":{"SystemTime":"2021-10-25T18:11:09.127007Z"},"EventRecordID":5077,"Correlation":null,"Execution_attributes":{"ProcessID":712,"ThreadID":1692},"Channel":"System","Computer":"FS03.offsec.lan","Security_attributes":{"UserID":"S-1-5-21-4230534742-2542757381-3142984815-1111"}},"UserData":{"LogFileCleared_attributes":{"xmlns":"http://manifests.microsoft.com/win/2004/08/windows/eventlog"},"LogFileCleared":{"SubjectUserName":"admmig","SubjectDomainName":"OFFSEC","Channel":"Internet Explorer","BackupPath":null}}}}
{"Event_attributes":{"xmlns":"http://schemas.microsoft.com/win/2004/08/events/event"},"Event":{"System":{"Provider_attributes":{"Name":"Microsoft-Windows-Eventlog","Guid":"{fc65ddd8-d6ef-4962-83d5-6e5cfe9ce148}"},"EventID":104,"Version":0,"Level":4,"Task":104,"Opcode":0,"Keywords":"0x8000000000000000","TimeCreated_attributes":{"SystemTime":"2021-10-25T18:11:09.142632Z"},"EventRecordID":5078,"Correlation":null,"Execution_attributes":{"ProcessID":712,"ThreadID":1692},"Channel":"System","Computer":"FS03.offsec.lan","Security_attributes":{"UserID":"S-1-5-21-4230534742-2542757381-3142984815-1111"}},"UserData":{"LogFileCleared_attributes":{"xmlns":"http://manifests.microsoft.com/win/2004/08/windows/eventlog"},"LogFileCleared":{"SubjectUserName":"admmig","SubjectDomainName":"OFFSEC","Channel":"Key Management Service","BackupPath":null}}}}
{"Event_attributes":{"xmlns":"http://schemas.microsoft.com/win/2004/08/events/event"},"Event":{"System":{"Provider_attributes":{"Name":"Microsoft-Windows-Eventlog","Guid":"{fc65ddd8-d6ef-4962-83d5-6e5cfe9ce148}"},"EventID":104,"Version":0,"Level":4,"Task":104,"Opcode":0,"Keywords":"0x8000000000000000","TimeCreated_attributes":{"SystemTime":"2021-10-25T18:11:09.215016Z"},"EventRecordID":5079,"Correlation":null,"Execution_attributes":{"ProcessID":712,"ThreadID":1912},"Channel":"System","Computer":"FS03.offsec.lan","Security_attributes":{"UserID":"S-1-5-21-4230534742-2542757381-3142984815-1111"}},"UserData":{"LogFileCleared_attributes":{"xmlns":"http://manifests.microsoft.com/win/2004/08/windows/eventlog"},"LogFileCleared":{"SubjectUserName":"admmig","SubjectDomainName":"OFFSEC","Channel":"Microsoft-Management-UI/Admin","BackupPath":null}}}}
{"Event_attributes":{"xmlns":"http://schemas.microsoft.com/win/2004/08/events/event"},"Event":{"System":{"Provider_attributes":{"Name":"Microsoft-Windows-Eventlog","Guid":"{fc65ddd8-d6ef-4962-83d5-6e5cfe9ce148}"},"EventID":104,"Version":0,"Level":4,"Task":104,"Opcode":0,"Keywords":"0x8000000000000000","TimeCreated_attributes":{"SystemTime":"2021-10-25T18:11:09.293137Z"},"EventRecordID":5080,"Correlation":null,"Execution_attributes":{"ProcessID":712,"ThreadID":1912},"Channel":"System","Computer":"FS03.offsec.lan","Security_attributes":{"UserID":"S-1-5-21-4230534742-2542757381-3142984815-1111"}},"UserData":{"LogFileCleared_attributes":{"xmlns":"http://manifests.microsoft.com/win/2004/08/windows/eventlog"},"LogFileCleared":{"SubjectUserName":"admmig","SubjectDomainName":"OFFSEC","Channel":"Microsoft-Rdms-UI/Admin","BackupPath":null}}}}
{"Event_attributes":{"xmlns":"http://schemas.microsoft.com/win/2004/08/events/event"},"Event":{"System":{"Provider_attributes":{"Name":"Microsoft-Windows-Eventlog","Guid":"{fc65ddd8-d6ef-4962-83d5-6e5cfe9ce148}"},"EventID":104,"Version":0,"Level":4,"Task":104,"Opcode":0,"Keywords":"0x8000000000000000","TimeCreated_attributes":{"SystemTime":"2021-10-25T18:11:09.340018Z"},"EventRecordID":5081,"Correlation":null,"Execution_attributes":{"ProcessID":712,"ThreadID":1912},"Channel":"System","Computer":"FS03.offsec.lan","Security_attributes":{"UserID":"S-1-5-21-4230534742-2542757381-3142984815-1111"}},"UserData":{"LogFileCleared_attributes":{"xmlns":"http://manifests.microsoft.com/win/2004/08/windows/eventlog"},"LogFileCleared":{"SubjectUserName":"admmig","SubjectDomainName":"OFFSEC","Channel":"Microsoft-Rdms-UI/Operational","BackupPath":null}}}}
{"Event_attributes":{"xmlns":"http://schemas.microsoft.com/win/2004/08/events/event"},"Event":{"System":{"Provider_attributes":{"Name":"Microsoft-Windows-Eventlog","Guid":"{fc65ddd8-d6ef-4962-83d5-6e5cfe9ce148}"},"EventID":104,"Version":0,"Level":4,"Task":104,"Opcode":0,"Keywords":"0x8000000000000000","TimeCreated_attributes":{"SystemTime":"2021-10-25T18:11:09.355635Z"},"EventRecordID":5082,"Correlation":null,"Execution_attributes":{"ProcessID":712,"ThreadID":1912},"Channel":"System","Computer":"FS03.offsec.lan","Security_attributes":{"UserID":"S-1-5-21-4230534742-2542757381-3142984815-1111"}},"UserData":{"LogFileCleared_attributes":{"xmlns":"http://manifests.microsoft.com/win/2004/08/windows/eventlog"},"LogFileCleared":{"SubjectUserName":"admmig","SubjectDomainName":"OFFSEC","Channel":"Microsoft-WS-Licensing/Admin","BackupPath":null}}}}
{"Event_attributes":{"xmlns":"http://schemas.microsoft.com/win/2004/08/events/event"},"Event":{"System":{"Provider_attributes":{"Name":"Microsoft-Windows-Eventlog","Guid":"{fc65ddd8-d6ef-4962-83d5-6e5cfe9ce148}"},"EventID":104,"Version":0,"Level":4,"Task":104,"Opcode":0,"Keywords":"0x8000000000000000","TimeCreated_attributes":{"SystemTime":"2021-10-25T18:11:09.418136Z"},"EventRecordID":5083,"Correlation":null,"Execution_attributes":{"ProcessID":712,"ThreadID":1912},"Channel":"System","Computer":"FS03.offsec.lan","Security_attributes":{"UserID":"S-1-5-21-4230534742-2542757381-3142984815-1111"}},"UserData":{"LogFileCleared_attributes":{"xmlns":"http://manifests.microsoft.com/win/2004/08/windows/eventlog"},"LogFileCleared":{"SubjectUserName":"admmig","SubjectDomainName":"OFFSEC","Channel":"Microsoft-Windows-ASN1/Operational","BackupPath":null}}}}
{"Event_attributes":{"xmlns":"http://schemas.microsoft.com/win/2004/08/events/event"},"Event":{"System":{"Provider_attributes":{"Name":"Microsoft-Windows-Eventlog","Guid":"{fc65ddd8-d6ef-4962-83d5-6e5cfe9ce148}"},"EventID":104,"Version":0,"Level":4,"Task":104,"Opcode":0,"Keywords":"0x8000000000000000","TimeCreated_attributes":{"SystemTime":"2021-10-25T18:11:09.480632Z"},"EventRecordID":5084,"Correlation":null,"Execution_attributes":{"ProcessID":712,"ThreadID":1912},"Channel":"System","Computer":"FS03.offsec.lan","Security_attributes":{"UserID":"S-1-5-21-4230534742-2542757381-3142984815-1111"}},"UserData":{"LogFileCleared_attributes":{"xmlns":"http://manifests.microsoft.com/win/2004/08/windows/eventlog"},"LogFileCleared":{"SubjectUserName":"admmig","SubjectDomainName":"OFFSEC","Channel":"Microsoft-Windows-All-User-Install-Agent/Admin","BackupPath":null}}}}
{"Event_attributes":{"xmlns":"http://schemas.microsoft.com/win/2004/08/events/event"},"Event":{"System":{"Provider_attributes":{"Name":"Microsoft-Windows-Eventlog","Guid":"{fc65ddd8-d6ef-4962-83d5-6e5cfe9ce148}"},"EventID":104,"Version":0,"Level":4,"Task":104,"Opcode":0,"Keywords":"0x8000000000000000","TimeCreated_attributes":{"SystemTime":"2021-10-25T18:11:09.527508Z"},"EventRecordID":5085,"Correlation":null,"Execution_attributes":{"ProcessID":712,"ThreadID":1912},"Channel":"System","Computer":"FS03.offsec.lan","Security_attributes":{"UserID":"S-1-5-21-4230534742-2542757381-3142984815-1111"}},"UserData":{"LogFileCleared_attributes":{"xmlns":"http://manifests.microsoft.com/win/2004/08/windows/eventlog"},"LogFileCleared":{"SubjectUserName":"admmig","SubjectDomainName":"OFFSEC","Channel":"Microsoft-Windows-AppHost/Admin","BackupPath":null}}}}
{"Event_attributes":{"xmlns":"http://schemas.microsoft.com/win/2004/08/events/event"},"Event":{"System":{"Provider_attributes":{"Name":"Microsoft-Windows-Eventlog","Guid":"{fc65ddd8-d6ef-4962-83d5-6e5cfe9ce148}"},"EventID":104,"Version":0,"Level":4,"Task":104,"Opcode":0,"Keywords":"0x8000000000000000","TimeCreated_attributes":{"SystemTime":"2021-10-25T18:11:09.574380Z"},"EventRecordID":5086,"Correlation":null,"Execution_attributes":{"ProcessID":712,"ThreadID":1912},"Channel":"System","Computer":"FS03.offsec.lan","Security_attributes":{"UserID":"S-1-5-21-4230534742-2542757381-3142984815-1111"}},"UserData":{"LogFileCleared_attributes":{"xmlns":"http://manifests.microsoft.com/win/2004/08/windows/eventlog"},"LogFileCleared":{"SubjectUserName":"admmig","SubjectDomainName":"OFFSEC","Channel":"Microsoft-Windows-AppID/Operational","BackupPath":null}}}}
{"Event_attributes":{"xmlns":"http://schemas.microsoft.com/win/2004/08/events/event"},"Event":{"System":{"Provider_attributes":{"Name":"Microsoft-Windows-Eventlog","Guid":"{fc65ddd8-d6ef-4962-83d5-6e5cfe9ce148}"},"EventID":104,"Version":0,"Level":4,"Task":104,"Opcode":0,"Keywords":"0x8000000000000000","TimeCreated_attributes":{"SystemTime":"2021-10-25T18:11:09.591167Z"},"EventRecordID":5087,"Correlation":null,"Execution_attributes":{"ProcessID":712,"ThreadID":1912},"Channel":"System","Computer":"FS03.offsec.lan","Security_attributes":{"UserID":"S-1-5-21-4230534742-2542757381-3142984815-1111"}},"UserData":{"LogFileCleared_attributes":{"xmlns":"http://manifests.microsoft.com/win/2004/08/windows/eventlog"},"LogFileCleared":{"SubjectUserName":"admmig","SubjectDomainName":"OFFSEC","Channel":"Microsoft-Windows-AppLocker/EXE and DLL","BackupPath":null}}}}
{"Event_attributes":{"xmlns":"http://schemas.microsoft.com/win/2004/08/events/event"},"Event":{"System":{"Provider_attributes":{"Name":"Microsoft-Windows-Eventlog","Guid":"{fc65ddd8-d6ef-4962-83d5-6e5cfe9ce148}"},"EventID":104,"Version":0,"Level":4,"Task":104,"Opcode":0,"Keywords":"0x8000000000000000","TimeCreated_attributes":{"SystemTime":"2021-10-25T18:11:09.606803Z"},"EventRecordID":5088,"Correlation":null,"Execution_attributes":{"ProcessID":712,"ThreadID":1692},"Channel":"System","Computer":"FS03.offsec.lan","Security_attributes":{"UserID":"S-1-5-21-4230534742-2542757381-3142984815-1111"}},"UserData":{"LogFileCleared_attributes":{"xmlns":"http://manifests.microsoft.com/win/2004/08/windows/eventlog"},"LogFileCleared":{"SubjectUserName":"admmig","SubjectDomainName":"OFFSEC","Channel":"Microsoft-Windows-AppLocker/MSI and Script","BackupPath":null}}}}
{"Event_attributes":{"xmlns":"http://schemas.microsoft.com/win/2004/08/events/event"},"Event":{"System":{"Provider_attributes":{"Name":"Microsoft-Windows-Eventlog","Guid":"{fc65ddd8-d6ef-4962-83d5-6e5cfe9ce148}"},"EventID":104,"Version":0,"Level":4,"Task":104,"Opcode":0,"Keywords":"0x8000000000000000","TimeCreated_attributes":{"SystemTime":"2021-10-25T18:11:09.638052Z"},"EventRecordID":5089,"Correlation":null,"Execution_attributes":{"ProcessID":712,"ThreadID":1692},"Channel":"System","Computer":"FS03.offsec.lan","Security_attributes":{"UserID":"S-1-5-21-4230534742-2542757381-3142984815-1111"}},"UserData":{"LogFileCleared_attributes":{"xmlns":"http://manifests.microsoft.com/win/2004/08/windows/eventlog"},"LogFileCleared":{"SubjectUserName":"admmig","SubjectDomainName":"OFFSEC","Channel":"Microsoft-Windows-AppLocker/Packaged app-Deployment","BackupPath":null}}}}
{"Event_attributes":{"xmlns":"http://schemas.microsoft.com/win/2004/08/events/event"},"Event":{"System":{"Provider_attributes":{"Name":"Microsoft-Windows-Eventlog","Guid":"{fc65ddd8-d6ef-4962-83d5-6e5cfe9ce148}"},"EventID":104,"Version":0,"Level":4,"Task":104,"Opcode":0,"Keywords":"0x8000000000000000","TimeCreated_attributes":{"SystemTime":"2021-10-25T18:11:09.653686Z"},"EventRecordID":5090,"Correlation":null,"Execution_attributes":{"ProcessID":712,"ThreadID":1912},"Channel":"System","Computer":"FS03.offsec.lan","Security_attributes":{"UserID":"S-1-5-21-4230534742-2542757381-3142984815-1111"}},"UserData":{"LogFileCleared_attributes":{"xmlns":"http://manifests.microsoft.com/win/2004/08/windows/eventlog"},"LogFileCleared":{"SubjectUserName":"admmig","SubjectDomainName":"OFFSEC","Channel":"Microsoft-Windows-AppLocker/Packaged app-Execution","BackupPath":null}}}}
{"Event_attributes":{"xmlns":"http://schemas.microsoft.com/win/2004/08/events/event"},"Event":{"System":{"Provider_attributes":{"Name":"Microsoft-Windows-Eventlog","Guid":"{fc65ddd8-d6ef-4962-83d5-6e5cfe9ce148}"},"EventID":104,"Version":0,"Level":4,"Task":104,"Opcode":0,"Keywords":"0x8000000000000000","TimeCreated_attributes":{"SystemTime":"2021-10-25T18:11:09.669300Z"},"EventRecordID":5091,"Correlation":null,"Execution_attributes":{"ProcessID":712,"ThreadID":1912},"Channel":"System","Computer":"FS03.offsec.lan","Security_attributes":{"UserID":"S-1-5-21-4230534742-2542757381-3142984815-1111"}},"UserData":{"LogFileCleared_attributes":{"xmlns":"http://manifests.microsoft.com/win/2004/08/windows/eventlog"},"LogFileCleared":{"SubjectUserName":"admmig","SubjectDomainName":"OFFSEC","Channel":"Microsoft-Windows-AppModel-Runtime/Admin","BackupPath":null}}}}
{"Event_attributes":{"xmlns":"http://schemas.microsoft.com/win/2004/08/events/event"},"Event":{"System":{"Provider_attributes":{"Name":"Microsoft-Windows-Eventlog","Guid":"{fc65ddd8-d6ef-4962-83d5-6e5cfe9ce148}"},"EventID":104,"Version":0,"Level":4,"Task":104,"Opcode":0,"Keywords":"0x8000000000000000","TimeCreated_attributes":{"SystemTime":"2021-10-25T18:11:09.747431Z"},"EventRecordID":5092,"Correlation":null,"Execution_attributes":{"ProcessID":712,"ThreadID":1912},"Channel":"System","Computer":"FS03.offsec.lan","Security_attributes":{"UserID":"S-1-5-21-4230534742-2542757381-3142984815-1111"}},"UserData":{"LogFileCleared_attributes":{"xmlns":"http://manifests.microsoft.com/win/2004/08/windows/eventlog"},"LogFileCleared":{"SubjectUserName":"admmig","SubjectDomainName":"OFFSEC","Channel":"Microsoft-Windows-AppReadiness/Admin","BackupPath":null}}}}
{"Event_attributes":{"xmlns":"http://schemas.microsoft.com/win/2004/08/events/event"},"Event":{"System":{"Provider_attributes":{"Name":"Microsoft-Windows-Eventlog","Guid":"{fc65ddd8-d6ef-4962-83d5-6e5cfe9ce148}"},"EventID":104,"Version":0,"Level":4,"Task":104,"Opcode":0,"Keywords":"0x8000000000000000","TimeCreated_attributes":{"SystemTime":"2021-10-25T18:11:09.778678Z"},"EventRecordID":5093,"Correlation":null,"Execution_attributes":{"ProcessID":712,"ThreadID":1912},"Channel":"System","Computer":"FS03.offsec.lan","Security_attributes":{"UserID":"S-1-5-21-4230534742-2542757381-3142984815-1111"}},"UserData":{"LogFileCleared_attributes":{"xmlns":"http://manifests.microsoft.com/win/2004/08/windows/eventlog"},"LogFileCleared":{"SubjectUserName":"admmig","SubjectDomainName":"OFFSEC","Channel":"Microsoft-Windows-AppReadiness/Operational","BackupPath":null}}}}
{"Event_attributes":{"xmlns":"http://schemas.microsoft.com/win/2004/08/events/event"},"Event":{"System":{"Provider_attributes":{"Name":"Microsoft-Windows-Eventlog","Guid":"{fc65ddd8-d6ef-4962-83d5-6e5cfe9ce148}"},"EventID":104,"Version":0,"Level":4,"Task":104,"Opcode":0,"Keywords":"0x8000000000000000","TimeCreated_attributes":{"SystemTime":"2021-10-25T18:11:09.794308Z"},"EventRecordID":5094,"Correlation":null,"Execution_attributes":{"ProcessID":712,"ThreadID":1692},"Channel":"System","Computer":"FS03.offsec.lan","Security_attributes":{"UserID":"S-1-5-21-4230534742-2542757381-3142984815-1111"}},"UserData":{"LogFileCleared_attributes":{"xmlns":"http://manifests.microsoft.com/win/2004/08/windows/eventlog"},"LogFileCleared":{"SubjectUserName":"admmig","SubjectDomainName":"OFFSEC","Channel":"Microsoft-Windows-AppXDeployment/Operational","BackupPath":null}}}}
{"Event_attributes":{"xmlns":"http://schemas.microsoft.com/win/2004/08/events/event"},"Event":{"System":{"Provider_attributes":{"Name":"Microsoft-Windows-Eventlog","Guid":"{fc65ddd8-d6ef-4962-83d5-6e5cfe9ce148}"},"EventID":104,"Version":0,"Level":4,"Task":104,"Opcode":0,"Keywords":"0x8000000000000000","TimeCreated_attributes":{"SystemTime":"2021-10-25T18:11:09.841187Z"},"EventRecordID":5095,"Correlation":null,"Execution_attributes":{"ProcessID":712,"ThreadID":1692},"Channel":"System","Computer":"FS03.offsec.lan","Security_attributes":{"UserID":"S-1-5-21-4230534742-2542757381-3142984815-1111"}},"UserData":{"LogFileCleared_attributes":{"xmlns":"http://manifests.microsoft.com/win/2004/08/windows/eventlog"},"LogFileCleared":{"SubjectUserName":"admmig","SubjectDomainName":"OFFSEC","Channel":"Microsoft-Windows-AppXDeploymentServer/Operational","BackupPath":null}}}}
{"Event_attributes":{"xmlns":"http://schemas.microsoft.com/win/2004/08/events/event"},"Event":{"System":{"Provider_attributes":{"Name":"Microsoft-Windows-Eventlog","Guid":"{fc65ddd8-d6ef-4962-83d5-6e5cfe9ce148}"},"EventID":104,"Version":0,"Level":4,"Task":104,"Opcode":0,"Keywords":"0x8000000000000000","TimeCreated_attributes":{"SystemTime":"2021-10-25T18:11:09.856803Z"},"EventRecordID":5096,"Correlation":null,"Execution_attributes":{"ProcessID":712,"ThreadID":1692},"Channel":"System","Computer":"FS03.offsec.lan","Security_attributes":{"UserID":"S-1-5-21-4230534742-2542757381-3142984815-1111"}},"UserData":{"LogFileCleared_attributes":{"xmlns":"http://manifests.microsoft.com/win/2004/08/windows/eventlog"},"LogFileCleared":{"SubjectUserName":"admmig","SubjectDomainName":"OFFSEC","Channel":"Microsoft-Windows-AppXDeploymentServer/Restricted","BackupPath":null}}}}
{"Event_attributes":{"xmlns":"http://schemas.microsoft.com/win/2004/08/events/event"},"Event":{"System":{"Provider_attributes":{"Name":"Microsoft-Windows-Eventlog","Guid":"{fc65ddd8-d6ef-4962-83d5-6e5cfe9ce148}"},"EventID":104,"Version":0,"Level":4,"Task":104,"Opcode":0,"Keywords":"0x8000000000000000","TimeCreated_attributes":{"SystemTime":"2021-10-25T18:11:09.888056Z"},"EventRecordID":5097,"Correlation":null,"Execution_attributes":{"ProcessID":712,"ThreadID":1692},"Channel":"System","Computer":"FS03.offsec.lan","Security_attributes":{"UserID":"S-1-5-21-4230534742-2542757381-3142984815-1111"}},"UserData":{"LogFileCleared_attributes":{"xmlns":"http://manifests.microsoft.com/win/2004/08/windows/eventlog"},"LogFileCleared":{"SubjectUserName":"admmig","SubjectDomainName":"OFFSEC","Channel":"Microsoft-Windows-ApplicabilityEngine/Operational","BackupPath":null}}}}
{"Event_attributes":{"xmlns":"http://schemas.microsoft.com/win/2004/08/events/event"},"Event":{"System":{"Provider_attributes":{"Name":"Microsoft-Windows-Eventlog","Guid":"{fc65ddd8-d6ef-4962-83d5-6e5cfe9ce148}"},"EventID":104,"Version":0,"Level":4,"Task":104,"Opcode":0,"Keywords":"0x8000000000000000","TimeCreated_attributes":{"SystemTime":"2021-10-25T18:11:09.903682Z"},"EventRecordID":5098,"Correlation":null,"Execution_attributes":{"ProcessID":712,"ThreadID":1912},"Channel":"System","Computer":"FS03.offsec.lan","Security_attributes":{"UserID":"S-1-5-21-4230534742-2542757381-3142984815-1111"}},"UserData":{"LogFileCleared_attributes":{"xmlns":"http://manifests.microsoft.com/win/2004/08/windows/eventlog"},"LogFileCleared":{"SubjectUserName":"admmig","SubjectDomainName":"OFFSEC","Channel":"Microsoft-Windows-Application Server-Applications/Admin","BackupPath":null}}}}
{"Event_attributes":{"xmlns":"http://schemas.microsoft.com/win/2004/08/events/event"},"Event":{"System":{"Provider_attributes":{"Name":"Microsoft-Windows-Eventlog","Guid":"{fc65ddd8-d6ef-4962-83d5-6e5cfe9ce148}"},"EventID":104,"Version":0,"Level":4,"Task":104,"Opcode":0,"Keywords":"0x8000000000000000","TimeCreated_attributes":{"SystemTime":"2021-10-25T18:11:09.950553Z"},"EventRecordID":5099,"Correlation":null,"Execution_attributes":{"ProcessID":712,"ThreadID":1692},"Channel":"System","Computer":"FS03.offsec.lan","Security_attributes":{"UserID":"S-1-5-21-4230534742-2542757381-3142984815-1111"}},"UserData":{"LogFileCleared_attributes":{"xmlns":"http://manifests.microsoft.com/win/2004/08/windows/eventlog"},"LogFileCleared":{"SubjectUserName":"admmig","SubjectDomainName":"OFFSEC","Channel":"Microsoft-Windows-Application Server-Applications/Operational","BackupPath":null}}}}
{"Event_attributes":{"xmlns":"http://schemas.microsoft.com/win/2004/08/events/event"},"Event":{"System":{"Provider_attributes":{"Name":"Microsoft-Windows-Eventlog","Guid":"{fc65ddd8-d6ef-4962-83d5-6e5cfe9ce148}"},"EventID":104,"Version":0,"Level":4,"Task":104,"Opcode":0,"Keywords":"0x8000000000000000","TimeCreated_attributes":{"SystemTime":"2021-10-25T18:11:09.997430Z"},"EventRecordID":5100,"Correlation":null,"Execution_attributes":{"ProcessID":712,"ThreadID":1692},"Channel":"System","Computer":"FS03.offsec.lan","Security_attributes":{"UserID":"S-1-5-21-4230534742-2542757381-3142984815-1111"}},"UserData":{"LogFileCleared_attributes":{"xmlns":"http://manifests.microsoft.com/win/2004/08/windows/eventlog"},"LogFileCleared":{"SubjectUserName":"admmig","SubjectDomainName":"OFFSEC","Channel":"Microsoft-Windows-Application-Experience/Program-Compatibility-Assistant","BackupPath":null}}}}
{"Event_attributes":{"xmlns":"http://schemas.microsoft.com/win/2004/08/events/event"},"Event":{"System":{"Provider_attributes":{"Name":"Microsoft-Windows-Eventlog","Guid":"{fc65ddd8-d6ef-4962-83d5-6e5cfe9ce148}"},"EventID":104,"Version":0,"Level":4,"Task":104,"Opcode":0,"Keywords":"0x8000000000000000","TimeCreated_attributes":{"SystemTime":"2021-10-25T18:11:10.028680Z"},"EventRecordID":5101,"Correlation":null,"Execution_attributes":{"ProcessID":712,"ThreadID":1692},"Channel":"System","Computer":"FS03.offsec.lan","Security_attributes":{"UserID":"S-1-5-21-4230534742-2542757381-3142984815-1111"}},"UserData":{"LogFileCleared_attributes":{"xmlns":"http://manifests.microsoft.com/win/2004/08/windows/eventlog"},"LogFileCleared":{"SubjectUserName":"admmig","SubjectDomainName":"OFFSEC","Channel":"Microsoft-Windows-Application-Experience/Program-Compatibility-Troubleshooter","BackupPath":null}}}}
{"Event_attributes":{"xmlns":"http://schemas.microsoft.com/win/2004/08/events/event"},"Event":{"System":{"Provider_attributes":{"Name":"Microsoft-Windows-Eventlog","Guid":"{fc65ddd8-d6ef-4962-83d5-6e5cfe9ce148}"},"EventID":104,"Version":0,"Level":4,"Task":104,"Opcode":0,"Keywords":"0x8000000000000000","TimeCreated_attributes":{"SystemTime":"2021-10-25T18:11:10.044304Z"},"EventRecordID":5102,"Correlation":null,"Execution_attributes":{"ProcessID":712,"ThreadID":1692},"Channel":"System","Computer":"FS03.offsec.lan","Security_attributes":{"UserID":"S-1-5-21-4230534742-2542757381-3142984815-1111"}},"UserData":{"LogFileCleared_attributes":{"xmlns":"http://manifests.microsoft.com/win/2004/08/windows/eventlog"},"LogFileCleared":{"SubjectUserName":"admmig","SubjectDomainName":"OFFSEC","Channel":"Microsoft-Windows-Application-Experience/Program-Inventory","BackupPath":null}}}}
{"Event_attributes":{"xmlns":"http://schemas.microsoft.com/win/2004/08/events/event"},"Event":{"System":{"Provider_attributes":{"Name":"Microsoft-Windows-Eventlog","Guid":"{fc65ddd8-d6ef-4962-83d5-6e5cfe9ce148}"},"EventID":104,"Version":0,"Level":4,"Task":104,"Opcode":0,"Keywords":"0x8000000000000000","TimeCreated_attributes":{"SystemTime":"2021-10-25T18:11:10.059926Z"},"EventRecordID":5103,"Correlation":null,"Execution_attributes":{"ProcessID":712,"ThreadID":1692},"Channel":"System","Computer":"FS03.offsec.lan","Security_attributes":{"UserID":"S-1-5-21-4230534742-2542757381-3142984815-1111"}},"UserData":{"LogFileCleared_attributes":{"xmlns":"http://manifests.microsoft.com/win/2004/08/windows/eventlog"},"LogFileCleared":{"SubjectUserName":"admmig","SubjectDomainName":"OFFSEC","Channel":"Microsoft-Windows-Application-Experience/Program-Telemetry","BackupPath":null}}}}
{"Event_attributes":{"xmlns":"http://schemas.microsoft.com/win/2004/08/events/event"},"Event":{"System":{"Provider_attributes":{"Name":"Microsoft-Windows-Eventlog","Guid":"{fc65ddd8-d6ef-4962-83d5-6e5cfe9ce148}"},"EventID":104,"Version":0,"Level":4,"Task":104,"Opcode":0,"Keywords":"0x8000000000000000","TimeCreated_attributes":{"SystemTime":"2021-10-25T18:11:10.075551Z"},"EventRecordID":5104,"Correlation":null,"Execution_attributes":{"ProcessID":712,"ThreadID":1692},"Channel":"System","Computer":"FS03.offsec.lan","Security_attributes":{"UserID":"S-1-5-21-4230534742-2542757381-3142984815-1111"}},"UserData":{"LogFileCleared_attributes":{"xmlns":"http://manifests.microsoft.com/win/2004/08/windows/eventlog"},"LogFileCleared":{"SubjectUserName":"admmig","SubjectDomainName":"OFFSEC","Channel":"Microsoft-Windows-Application-Experience/Steps-Recorder","BackupPath":null}}}}
{"Event_attributes":{"xmlns":"http://schemas.microsoft.com/win/2004/08/events/event"},"Event":{"System":{"Provider_attributes":{"Name":"Microsoft-Windows-Eventlog","Guid":"{fc65ddd8-d6ef-4962-83d5-6e5cfe9ce148}"},"EventID":104,"Version":0,"Level":4,"Task":104,"Opcode":0,"Keywords":"0x8000000000000000","TimeCreated_attributes":{"SystemTime":"2021-10-25T18:11:10.106801Z"},"EventRecordID":5105,"Correlation":null,"Execution_attributes":{"ProcessID":712,"ThreadID":1692},"Channel":"System","Computer":"FS03.offsec.lan","Security_attributes":{"UserID":"S-1-5-21-4230534742-2542757381-3142984815-1111"}},"UserData":{"LogFileCleared_attributes":{"xmlns":"http://manifests.microsoft.com/win/2004/08/windows/eventlog"},"LogFileCleared":{"SubjectUserName":"admmig","SubjectDomainName":"OFFSEC","Channel":"Microsoft-Windows-ApplicationResourceManagementSystem/Operational","BackupPath":null}}}}
{"Event_attributes":{"xmlns":"http://schemas.microsoft.com/win/2004/08/events/event"},"Event":{"System":{"Provider_attributes":{"Name":"Microsoft-Windows-Eventlog","Guid":"{fc65ddd8-d6ef-4962-83d5-6e5cfe9ce148}"},"EventID":104,"Version":0,"Level":4,"Task":104,"Opcode":0,"Keywords":"0x8000000000000000","TimeCreated_attributes":{"SystemTime":"2021-10-25T18:11:10.138053Z"},"EventRecordID":5106,"Correlation":null,"Execution_attributes":{"ProcessID":712,"ThreadID":1692},"Channel":"System","Computer":"FS03.offsec.lan","Security_attributes":{"UserID":"S-1-5-21-4230534742-2542757381-3142984815-1111"}},"UserData":{"LogFileCleared_attributes":{"xmlns":"http://manifests.microsoft.com/win/2004/08/windows/eventlog"},"LogFileCleared":{"SubjectUserName":"admmig","SubjectDomainName":"OFFSEC","Channel":"Microsoft-Windows-AppxPackaging/Operational","BackupPath":null}}}}
{"Event_attributes":{"xmlns":"http://schemas.microsoft.com/win/2004/08/events/event"},"Event":{"System":{"Provider_attributes":{"Name":"Microsoft-Windows-Eventlog","Guid":"{fc65ddd8-d6ef-4962-83d5-6e5cfe9ce148}"},"EventID":104,"Version":0,"Level":4,"Task":104,"Opcode":0,"Keywords":"0x8000000000000000","TimeCreated_attributes":{"SystemTime":"2021-10-25T18:11:10.184930Z"},"EventRecordID":5107,"Correlation":null,"Execution_attributes":{"ProcessID":712,"ThreadID":748},"Channel":"System","Computer":"FS03.offsec.lan","Security_attributes":{"UserID":"S-1-5-21-4230534742-2542757381-3142984815-1111"}},"UserData":{"LogFileCleared_attributes":{"xmlns":"http://manifests.microsoft.com/win/2004/08/windows/eventlog"},"LogFileCleared":{"SubjectUserName":"admmig","SubjectDomainName":"OFFSEC","Channel":"Microsoft-Windows-Audio/CaptureMonitor","BackupPath":null}}}}
{"Event_attributes":{"xmlns":"http://schemas.microsoft.com/win/2004/08/events/event"},"Event":{"System":{"Provider_attributes":{"Name":"Microsoft-Windows-Eventlog","Guid":"{fc65ddd8-d6ef-4962-83d5-6e5cfe9ce148}"},"EventID":104,"Version":0,"Level":4,"Task":104,"Opcode":0,"Keywords":"0x8000000000000000","TimeCreated_attributes":{"SystemTime":"2021-10-25T18:11:10.200554Z"},"EventRecordID":5108,"Correlation":null,"Execution_attributes":{"ProcessID":712,"ThreadID":748},"Channel":"System","Computer":"FS03.offsec.lan","Security_attributes":{"UserID":"S-1-5-21-4230534742-2542757381-3142984815-1111"}},"UserData":{"LogFileCleared_attributes":{"xmlns":"http://manifests.microsoft.com/win/2004/08/windows/eventlog"},"LogFileCleared":{"SubjectUserName":"admmig","SubjectDomainName":"OFFSEC","Channel":"Microsoft-Windows-Audio/GlitchDetection","BackupPath":null}}}}
{"Event_attributes":{"xmlns":"http://schemas.microsoft.com/win/2004/08/events/event"},"Event":{"System":{"Provider_attributes":{"Name":"Microsoft-Windows-Eventlog","Guid":"{fc65ddd8-d6ef-4962-83d5-6e5cfe9ce148}"},"EventID":104,"Version":0,"Level":4,"Task":104,"Opcode":0,"Keywords":"0x8000000000000000","TimeCreated_attributes":{"SystemTime":"2021-10-25T18:11:10.216183Z"},"EventRecordID":5109,"Correlation":null,"Execution_attributes":{"ProcessID":712,"ThreadID":1692},"Channel":"System","Computer":"FS03.offsec.lan","Security_attributes":{"UserID":"S-1-5-21-4230534742-2542757381-3142984815-1111"}},"UserData":{"LogFileCleared_attributes":{"xmlns":"http://manifests.microsoft.com/win/2004/08/windows/eventlog"},"LogFileCleared":{"SubjectUserName":"admmig","SubjectDomainName":"OFFSEC","Channel":"Microsoft-Windows-Audio/Informational","BackupPath":null}}}}
{"Event_attributes":{"xmlns":"http://schemas.microsoft.com/win/2004/08/events/event"},"Event":{"System":{"Provider_attributes":{"Name":"Microsoft-Windows-Eventlog","Guid":"{fc65ddd8-d6ef-4962-83d5-6e5cfe9ce148}"},"EventID":104,"Version":0,"Level":4,"Task":104,"Opcode":0,"Keywords":"0x8000000000000000","TimeCreated_attributes":{"SystemTime":"2021-10-25T18:11:10.231801Z"},"EventRecordID":5110,"Correlation":null,"Execution_attributes":{"ProcessID":712,"ThreadID":1692},"Channel":"System","Computer":"FS03.offsec.lan","Security_attributes":{"UserID":"S-1-5-21-4230534742-2542757381-3142984815-1111"}},"UserData":{"LogFileCleared_attributes":{"xmlns":"http://manifests.microsoft.com/win/2004/08/windows/eventlog"},"LogFileCleared":{"SubjectUserName":"admmig","SubjectDomainName":"OFFSEC","Channel":"Microsoft-Windows-Audio/Operational","BackupPath":null}}}}
{"Event_attributes":{"xmlns":"http://schemas.microsoft.com/win/2004/08/events/event"},"Event":{"System":{"Provider_attributes":{"Name":"Microsoft-Windows-Eventlog","Guid":"{fc65ddd8-d6ef-4962-83d5-6e5cfe9ce148}"},"EventID":104,"Version":0,"Level":4,"Task":104,"Opcode":0,"Keywords":"0x8000000000000000","TimeCreated_attributes":{"SystemTime":"2021-10-25T18:11:10.263052Z"},"EventRecordID":5111,"Correlation":null,"Execution_attributes":{"ProcessID":712,"ThreadID":748},"Channel":"System","Computer":"FS03.offsec.lan","Security_attributes":{"UserID":"S-1-5-21-4230534742-2542757381-3142984815-1111"}},"UserData":{"LogFileCleared_attributes":{"xmlns":"http://manifests.microsoft.com/win/2004/08/windows/eventlog"},"LogFileCleared":{"SubjectUserName":"admmig","SubjectDomainName":"OFFSEC","Channel":"Microsoft-Windows-Audio/PlaybackManager","BackupPath":null}}}}
{"Event_attributes":{"xmlns":"http://schemas.microsoft.com/win/2004/08/events/event"},"Event":{"System":{"Provider_attributes":{"Name":"Microsoft-Windows-Eventlog","Guid":"{fc65ddd8-d6ef-4962-83d5-6e5cfe9ce148}"},"EventID":104,"Version":0,"Level":4,"Task":104,"Opcode":0,"Keywords":"0x8000000000000000","TimeCreated_attributes":{"SystemTime":"2021-10-25T18:11:10.294307Z"},"EventRecordID":5112,"Correlation":null,"Execution_attributes":{"ProcessID":712,"ThreadID":748},"Channel":"System","Computer":"FS03.offsec.lan","Security_attributes":{"UserID":"S-1-5-21-4230534742-2542757381-3142984815-1111"}},"UserData":{"LogFileCleared_attributes":{"xmlns":"http://manifests.microsoft.com/win/2004/08/windows/eventlog"},"LogFileCleared":{"SubjectUserName":"admmig","SubjectDomainName":"OFFSEC","Channel":"Microsoft-Windows-Authentication User Interface/Operational","BackupPath":null}}}}
{"Event_attributes":{"xmlns":"http://schemas.microsoft.com/win/2004/08/events/event"},"Event":{"System":{"Provider_attributes":{"Name":"Microsoft-Windows-Eventlog","Guid":"{fc65ddd8-d6ef-4962-83d5-6e5cfe9ce148}"},"EventID":104,"Version":0,"Level":4,"Task":104,"Opcode":0,"Keywords":"0x8000000000000000","TimeCreated_attributes":{"SystemTime":"2021-10-25T18:11:10.309927Z"},"EventRecordID":5113,"Correlation":null,"Execution_attributes":{"ProcessID":712,"ThreadID":1692},"Channel":"System","Computer":"FS03.offsec.lan","Security_attributes":{"UserID":"S-1-5-21-4230534742-2542757381-3142984815-1111"}},"UserData":{"LogFileCleared_attributes":{"xmlns":"http://manifests.microsoft.com/win/2004/08/windows/eventlog"},"LogFileCleared":{"SubjectUserName":"admmig","SubjectDomainName":"OFFSEC","Channel":"Microsoft-Windows-Authentication/AuthenticationPolicyFailures-DomainController","BackupPath":null}}}}
{"Event_attributes":{"xmlns":"http://schemas.microsoft.com/win/2004/08/events/event"},"Event":{"System":{"Provider_attributes":{"Name":"Microsoft-Windows-Eventlog","Guid":"{fc65ddd8-d6ef-4962-83d5-6e5cfe9ce148}"},"EventID":104,"Version":0,"Level":4,"Task":104,"Opcode":0,"Keywords":"0x8000000000000000","TimeCreated_attributes":{"SystemTime":"2021-10-25T18:11:10.325556Z"},"EventRecordID":5114,"Correlation":null,"Execution_attributes":{"ProcessID":712,"ThreadID":1692},"Channel":"System","Computer":"FS03.offsec.lan","Security_attributes":{"UserID":"S-1-5-21-4230534742-2542757381-3142984815-1111"}},"UserData":{"LogFileCleared_attributes":{"xmlns":"http://manifests.microsoft.com/win/2004/08/windows/eventlog"},"LogFileCleared":{"SubjectUserName":"admmig","SubjectDomainName":"OFFSEC","Channel":"Microsoft-Windows-Authentication/ProtectedUser-Client","BackupPath":null}}}}
{"Event_attributes":{"xmlns":"http://schemas.microsoft.com/win/2004/08/events/event"},"Event":{"System":{"Provider_attributes":{"Name":"Microsoft-Windows-Eventlog","Guid":"{fc65ddd8-d6ef-4962-83d5-6e5cfe9ce148}"},"EventID":104,"Version":0,"Level":4,"Task":104,"Opcode":0,"Keywords":"0x8000000000000000","TimeCreated_attributes":{"SystemTime":"2021-10-25T18:11:10.341182Z"},"EventRecordID":5115,"Correlation":null,"Execution_attributes":{"ProcessID":712,"ThreadID":1692},"Channel":"System","Computer":"FS03.offsec.lan","Security_attributes":{"UserID":"S-1-5-21-4230534742-2542757381-3142984815-1111"}},"UserData":{"LogFileCleared_attributes":{"xmlns":"http://manifests.microsoft.com/win/2004/08/windows/eventlog"},"LogFileCleared":{"SubjectUserName":"admmig","SubjectDomainName":"OFFSEC","Channel":"Microsoft-Windows-Authentication/ProtectedUserFailures-DomainController","BackupPath":null}}}}
{"Event_attributes":{"xmlns":"http://schemas.microsoft.com/win/2004/08/events/event"},"Event":{"System":{"Provider_attributes":{"Name":"Microsoft-Windows-Eventlog","Guid":"{fc65ddd8-d6ef-4962-83d5-6e5cfe9ce148}"},"EventID":104,"Version":0,"Level":4,"Task":104,"Opcode":0,"Keywords":"0x8000000000000000","TimeCreated_attributes":{"SystemTime":"2021-10-25T18:11:10.356805Z"},"EventRecordID":5116,"Correlation":null,"Execution_attributes":{"ProcessID":712,"ThreadID":1692},"Channel":"System","Computer":"FS03.offsec.lan","Security_attributes":{"UserID":"S-1-5-21-4230534742-2542757381-3142984815-1111"}},"UserData":{"LogFileCleared_attributes":{"xmlns":"http://manifests.microsoft.com/win/2004/08/windows/eventlog"},"LogFileCleared":{"SubjectUserName":"admmig","SubjectDomainName":"OFFSEC","Channel":"Microsoft-Windows-Authentication/ProtectedUserSuccesses-DomainController","BackupPath":null}}}}
{"Event_attributes":{"xmlns":"http://schemas.microsoft.com/win/2004/08/events/event"},"Event":{"System":{"Provider_attributes":{"Name":"Microsoft-Windows-Eventlog","Guid":"{fc65ddd8-d6ef-4962-83d5-6e5cfe9ce148}"},"EventID":104,"Version":0,"Level":4,"Task":104,"Opcode":0,"Keywords":"0x8000000000000000","TimeCreated_attributes":{"SystemTime":"2021-10-25T18:11:10.403678Z"},"EventRecordID":5117,"Correlation":null,"Execution_attributes":{"ProcessID":712,"ThreadID":748},"Channel":"System","Computer":"FS03.offsec.lan","Security_attributes":{"UserID":"S-1-5-21-4230534742-2542757381-3142984815-1111"}},"UserData":{"LogFileCleared_attributes":{"xmlns":"http://manifests.microsoft.com/win/2004/08/windows/eventlog"},"LogFileCleared":{"SubjectUserName":"admmig","SubjectDomainName":"OFFSEC","Channel":"Microsoft-Windows-BackgroundTaskInfrastructure/Operational","BackupPath":null}}}}
{"Event_attributes":{"xmlns":"http://schemas.microsoft.com/win/2004/08/events/event"},"Event":{"System":{"Provider_attributes":{"Name":"Microsoft-Windows-Eventlog","Guid":"{fc65ddd8-d6ef-4962-83d5-6e5cfe9ce148}"},"EventID":104,"Version":0,"Level":4,"Task":104,"Opcode":0,"Keywords":"0x8000000000000000","TimeCreated_attributes":{"SystemTime":"2021-10-25T18:11:10.419303Z"},"EventRecordID":5118,"Correlation":null,"Execution_attributes":{"ProcessID":712,"ThreadID":748},"Channel":"System","Computer":"FS03.offsec.lan","Security_attributes":{"UserID":"S-1-5-21-4230534742-2542757381-3142984815-1111"}},"UserData":{"LogFileCleared_attributes":{"xmlns":"http://manifests.microsoft.com/win/2004/08/windows/eventlog"},"LogFileCleared":{"SubjectUserName":"admmig","SubjectDomainName":"OFFSEC","Channel":"Microsoft-Windows-Backup","BackupPath":null}}}}
{"Event_attributes":{"xmlns":"http://schemas.microsoft.com/win/2004/08/events/event"},"Event":{"System":{"Provider_attributes":{"Name":"Microsoft-Windows-Eventlog","Guid":"{fc65ddd8-d6ef-4962-83d5-6e5cfe9ce148}"},"EventID":104,"Version":0,"Level":4,"Task":104,"Opcode":0,"Keywords":"0x8000000000000000","TimeCreated_attributes":{"SystemTime":"2021-10-25T18:11:10.434934Z"},"EventRecordID":5119,"Correlation":null,"Execution_attributes":{"ProcessID":712,"ThreadID":1692},"Channel":"System","Computer":"FS03.offsec.lan","Security_attributes":{"UserID":"S-1-5-21-4230534742-2542757381-3142984815-1111"}},"UserData":{"LogFileCleared_attributes":{"xmlns":"http://manifests.microsoft.com/win/2004/08/windows/eventlog"},"LogFileCleared":{"SubjectUserName":"admmig","SubjectDomainName":"OFFSEC","Channel":"Microsoft-Windows-Base-Filtering-Engine-Connections/Operational","BackupPath":null}}}}
{"Event_attributes":{"xmlns":"http://schemas.microsoft.com/win/2004/08/events/event"},"Event":{"System":{"Provider_attributes":{"Name":"Microsoft-Windows-Eventlog","Guid":"{fc65ddd8-d6ef-4962-83d5-6e5cfe9ce148}"},"EventID":104,"Version":0,"Level":4,"Task":104,"Opcode":0,"Keywords":"0x8000000000000000","TimeCreated_attributes":{"SystemTime":"2021-10-25T18:11:10.450554Z"},"EventRecordID":5120,"Correlation":null,"Execution_attributes":{"ProcessID":712,"ThreadID":1692},"Channel":"System","Computer":"FS03.offsec.lan","Security_attributes":{"UserID":"S-1-5-21-4230534742-2542757381-3142984815-1111"}},"UserData":{"LogFileCleared_attributes":{"xmlns":"http://manifests.microsoft.com/win/2004/08/windows/eventlog"},"LogFileCleared":{"SubjectUserName":"admmig","SubjectDomainName":"OFFSEC","Channel":"Microsoft-Windows-Base-Filtering-Engine-Resource-Flows/Operational","BackupPath":null}}}}
{"Event_attributes":{"xmlns":"http://schemas.microsoft.com/win/2004/08/events/event"},"Event":{"System":{"Provider_attributes":{"Name":"Microsoft-Windows-Eventlog","Guid":"{fc65ddd8-d6ef-4962-83d5-6e5cfe9ce148}"},"EventID":104,"Version":0,"Level":4,"Task":104,"Opcode":0,"Keywords":"0x8000000000000000","TimeCreated_attributes":{"SystemTime":"2021-10-25T18:11:10.481802Z"},"EventRecordID":5121,"Correlation":null,"Execution_attributes":{"ProcessID":712,"ThreadID":1692},"Channel":"System","Computer":"FS03.offsec.lan","Security_attributes":{"UserID":"S-1-5-21-4230534742-2542757381-3142984815-1111"}},"UserData":{"LogFileCleared_attributes":{"xmlns":"http://manifests.microsoft.com/win/2004/08/windows/eventlog"},"LogFileCleared":{"SubjectUserName":"admmig","SubjectDomainName":"OFFSEC","Channel":"Microsoft-Windows-BestPractices/Operational","BackupPath":null}}}}
{"Event_attributes":{"xmlns":"http://schemas.microsoft.com/win/2004/08/events/event"},"Event":{"System":{"Provider_attributes":{"Name":"Microsoft-Windows-Eventlog","Guid":"{fc65ddd8-d6ef-4962-83d5-6e5cfe9ce148}"},"EventID":104,"Version":0,"Level":4,"Task":104,"Opcode":0,"Keywords":"0x8000000000000000","TimeCreated_attributes":{"SystemTime":"2021-10-25T18:11:10.481802Z"},"EventRecordID":5122,"Correlation":null,"Execution_attributes":{"ProcessID":712,"ThreadID":1692},"Channel":"System","Computer":"FS03.offsec.lan","Security_attributes":{"UserID":"S-1-5-21-4230534742-2542757381-3142984815-1111"}},"UserData":{"LogFileCleared_attributes":{"xmlns":"http://manifests.microsoft.com/win/2004/08/windows/eventlog"},"LogFileCleared":{"SubjectUserName":"admmig","SubjectDomainName":"OFFSEC","Channel":"Microsoft-Windows-Bits-Client/Analytic","BackupPath":null}}}}
{"Event_attributes":{"xmlns":"http://schemas.microsoft.com/win/2004/08/events/event"},"Event":{"System":{"Provider_attributes":{"Name":"Microsoft-Windows-Eventlog","Guid":"{fc65ddd8-d6ef-4962-83d5-6e5cfe9ce148}"},"EventID":104,"Version":0,"Level":4,"Task":104,"Opcode":0,"Keywords":"0x8000000000000000","TimeCreated_attributes":{"SystemTime":"2021-10-25T18:11:10.497430Z"},"EventRecordID":5123,"Correlation":null,"Execution_attributes":{"ProcessID":712,"ThreadID":1692},"Channel":"System","Computer":"FS03.offsec.lan","Security_attributes":{"UserID":"S-1-5-21-4230534742-2542757381-3142984815-1111"}},"UserData":{"LogFileCleared_attributes":{"xmlns":"http://manifests.microsoft.com/win/2004/08/windows/eventlog"},"LogFileCleared":{"SubjectUserName":"admmig","SubjectDomainName":"OFFSEC","Channel":"Microsoft-Windows-Bits-Client/Operational","BackupPath":null}}}}
{"Event_attributes":{"xmlns":"http://schemas.microsoft.com/win/2004/08/events/event"},"Event":{"System":{"Provider_attributes":{"Name":"Microsoft-Windows-Eventlog","Guid":"{fc65ddd8-d6ef-4962-83d5-6e5cfe9ce148}"},"EventID":104,"Version":0,"Level":4,"Task":104,"Opcode":0,"Keywords":"0x8000000000000000","TimeCreated_attributes":{"SystemTime":"2021-10-25T18:11:10.528680Z"},"EventRecordID":5124,"Correlation":null,"Execution_attributes":{"ProcessID":712,"ThreadID":1692},"Channel":"System","Computer":"FS03.offsec.lan","Security_attributes":{"UserID":"S-1-5-21-4230534742-2542757381-3142984815-1111"}},"UserData":{"LogFileCleared_attributes":{"xmlns":"http://manifests.microsoft.com/win/2004/08/windows/eventlog"},"LogFileCleared":{"SubjectUserName":"admmig","SubjectDomainName":"OFFSEC","Channel":"Microsoft-Windows-CAPI2/Operational","BackupPath":null}}}}
{"Event_attributes":{"xmlns":"http://schemas.microsoft.com/win/2004/08/events/event"},"Event":{"System":{"Provider_attributes":{"Name":"Microsoft-Windows-Eventlog","Guid":"{fc65ddd8-d6ef-4962-83d5-6e5cfe9ce148}"},"EventID":104,"Version":0,"Level":4,"Task":104,"Opcode":0,"Keywords":"0x8000000000000000","TimeCreated_attributes":{"SystemTime":"2021-10-25T18:11:10.747431Z"},"EventRecordID":5125,"Correlation":null,"Execution_attributes":{"ProcessID":712,"ThreadID":1692},"Channel":"System","Computer":"FS03.offsec.lan","Security_attributes":{"UserID":"S-1-5-21-4230534742-2542757381-3142984815-1111"}},"UserData":{"LogFileCleared_attributes":{"xmlns":"http://manifests.microsoft.com/win/2004/08/windows/eventlog"},"LogFileCleared":{"SubjectUserName":"admmig","SubjectDomainName":"OFFSEC","Channel":"Microsoft-Windows-CertPoleEng/Operational","BackupPath":null}}}}
{"Event_attributes":{"xmlns":"http://schemas.microsoft.com/win/2004/08/events/event"},"Event":{"System":{"Provider_attributes":{"Name":"Microsoft-Windows-Eventlog","Guid":"{fc65ddd8-d6ef-4962-83d5-6e5cfe9ce148}"},"EventID":104,"Version":0,"Level":4,"Task":104,"Opcode":0,"Keywords":"0x8000000000000000","TimeCreated_attributes":{"SystemTime":"2021-10-25T18:11:10.763062Z"},"EventRecordID":5126,"Correlation":null,"Execution_attributes":{"ProcessID":712,"ThreadID":748},"Channel":"System","Computer":"FS03.offsec.lan","Security_attributes":{"UserID":"S-1-5-21-4230534742-2542757381-3142984815-1111"}},"UserData":{"LogFileCleared_attributes":{"xmlns":"http://manifests.microsoft.com/win/2004/08/windows/eventlog"},"LogFileCleared":{"SubjectUserName":"admmig","SubjectDomainName":"OFFSEC","Channel":"Microsoft-Windows-CertificateServices-Deployment/Operational","BackupPath":null}}}}
{"Event_attributes":{"xmlns":"http://schemas.microsoft.com/win/2004/08/events/event"},"Event":{"System":{"Provider_attributes":{"Name":"Microsoft-Windows-Eventlog","Guid":"{fc65ddd8-d6ef-4962-83d5-6e5cfe9ce148}"},"EventID":104,"Version":0,"Level":4,"Task":104,"Opcode":0,"Keywords":"0x8000000000000000","TimeCreated_attributes":{"SystemTime":"2021-10-25T18:11:10.778682Z"},"EventRecordID":5127,"Correlation":null,"Execution_attributes":{"ProcessID":712,"ThreadID":1692},"Channel":"System","Computer":"FS03.offsec.lan","Security_attributes":{"UserID":"S-1-5-21-4230534742-2542757381-3142984815-1111"}},"UserData":{"LogFileCleared_attributes":{"xmlns":"http://manifests.microsoft.com/win/2004/08/windows/eventlog"},"LogFileCleared":{"SubjectUserName":"admmig","SubjectDomainName":"OFFSEC","Channel":"Microsoft-Windows-CertificateServicesClient-CredentialRoaming/Operational","BackupPath":null}}}}
{"Event_attributes":{"xmlns":"http://schemas.microsoft.com/win/2004/08/events/event"},"Event":{"System":{"Provider_attributes":{"Name":"Microsoft-Windows-Eventlog","Guid":"{fc65ddd8-d6ef-4962-83d5-6e5cfe9ce148}"},"EventID":104,"Version":0,"Level":4,"Task":104,"Opcode":0,"Keywords":"0x8000000000000000","TimeCreated_attributes":{"SystemTime":"2021-10-25T18:11:10.794303Z"},"EventRecordID":5128,"Correlation":null,"Execution_attributes":{"ProcessID":712,"ThreadID":1692},"Channel":"System","Computer":"FS03.offsec.lan","Security_attributes":{"UserID":"S-1-5-21-4230534742-2542757381-3142984815-1111"}},"UserData":{"LogFileCleared_attributes":{"xmlns":"http://manifests.microsoft.com/win/2004/08/windows/eventlog"},"LogFileCleared":{"SubjectUserName":"admmig","SubjectDomainName":"OFFSEC","Channel":"Microsoft-Windows-CertificateServicesClient-Lifecycle-System/Operational","BackupPath":null}}}}
