{"Event_attributes":{"xmlns":"http://schemas.microsoft.com/win/2004/08/events/event"},"Event":{"System":{"Provider_attributes":{"Name":"Microsoft-Windows-Sysmon","Guid":"5770385F-C22A-43E0-BF4C-06F5698FFBD9"},"EventID":3,"Version":5,"Level":4,"Task":3,"Opcode":0,"Keywords":"0x8000000000000000","TimeCreated_attributes":{"SystemTime":"2022-05-25T08:23:00.515225Z"},"EventRecordID":3420580,"Correlation":null,"Execution_attributes":{"ProcessID":1484,"ThreadID":856},"Channel":"Microsoft-Windows-Sysmon/Operational","Computer":"WIN-5823BM4EN8O.mahdihtm.local","Security_attributes":{"UserID":"S-1-5-18"}},"EventData":{"RuleName":"technique_id=T1543.003,technique_name=Windows Service","UtcTime":"2022-05-20 13:04:27.275","ProcessGuid":"32E6D9CE-E73D-628D-D800-000000001200","ProcessId":1900,"Image":"C:\\Windows\\system32\\mmc.exe","User":"MAHDIHTM\\Administrator","Protocol":"tcp","Initiated":true,"SourceIsIpv6":true,"SourceIp":"fe80:0:0:0:d10f:138c:e3cb:b4e5","SourceHostname":"WIN-5823BM4EN8O.mahdihtm.local","SourcePort":55079,"SourcePortName":"-","DestinationIsIpv6":true,"DestinationIp":"fe80:0:0:0:d10f:138c:e3cb:b4e5","DestinationHostname":"WIN-5823BM4EN8O.mahdihtm.local","DestinationPort":135,"DestinationPortName":"epmap"}}}
{"Event_attributes":{"xmlns":"http://schemas.microsoft.com/win/2004/08/events/event"},"Event":{"System":{"Provider_attributes":{"Name":"Microsoft-Windows-Sysmon","Guid":"5770385F-C22A-43E0-BF4C-06F5698FFBD9"},"EventID":3,"Version":5,"Level":4,"Task":3,"Opcode":0,"Keywords":"0x8000000000000000","TimeCreated_attributes":{"SystemTime":"2022-05-25T08:23:01.296208Z"},"EventRecordID":3420581,"Correlation":null,"Execution_attributes":{"ProcessID":1484,"ThreadID":856},"Channel":"Microsoft-Windows-Sysmon/Operational","Computer":"WIN-5823BM4EN8O.mahdihtm.local","Security_attributes":{"UserID":"S-1-5-18"}},"EventData":{"RuleName":"technique_id=T1543.003,technique_name=Windows Service","UtcTime":"2022-05-20 13:04:27.278","ProcessGuid":"32E6D9CE-E73D-628D-D800-000000001200","ProcessId":1900,"Image":"C:\\Windows\\system32\\mmc.exe","User":"MAHDIHTM\\Administrator","Protocol":"tcp","Initiated":true,"SourceIsIpv6":true,"SourceIp":"fe80:0:0:0:d10f:138c:e3cb:b4e5","SourceHostname":"WIN-5823BM4EN8O.mahdihtm.local","SourcePort":55080,"SourcePortName":"-","DestinationIsIpv6":true,"DestinationIp":"fe80:0:0:0:d10f:138c:e3cb:b4e5","DestinationHostname":"WIN-5823BM4EN8O.mahdihtm.local","DestinationPort":49155,"DestinationPortName":"-"}}}
{"Event_attributes":{"xmlns":"http://schemas.microsoft.com/win/2004/08/events/event"},"Event":{"System":{"Provider_attributes":{"Name":"Microsoft-Windows-Sysmon","Guid":"5770385F-C22A-43E0-BF4C-06F5698FFBD9"},"EventID":11,"Version":2,"Level":4,"Task":11,"Opcode":0,"Keywords":"0x8000000000000000","TimeCreated_attributes":{"SystemTime":"2022-05-25T08:23:27.843080Z"},"EventRecordID":3420587,"Correlation":null,"Execution_attributes":{"ProcessID":1484,"ThreadID":2044},"Channel":"Microsoft-Windows-Sysmon/Operational","Computer":"WIN-5823BM4EN8O.mahdihtm.local","Security_attributes":{"UserID":"S-1-5-18"}},"EventData":{"RuleName":"technique_id=T1047,technique_name=File System Permissions Weakness","UtcTime":"2022-05-25 08:23:27.843","ProcessGuid":"32E6D9CE-2108-6286-1000-000000001200","ProcessId":812,"Image":"C:\\Windows\\System32\\svchost.exe","TargetFilename":"C:\\Windows\\ServiceProfiles\\LocalService\\AppData\\Local\\lastalive0.dat","CreationUtcTime":"2022-05-19 10:50:48.065"}}}
{"Event_attributes":{"xmlns":"http://schemas.microsoft.com/win/2004/08/events/event"},"Event":{"System":{"Provider_attributes":{"Name":"Microsoft-Windows-Sysmon","Guid":"5770385F-C22A-43E0-BF4C-06F5698FFBD9"},"EventID":11,"Version":2,"Level":4,"Task":11,"Opcode":0,"Keywords":"0x8000000000000000","TimeCreated_attributes":{"SystemTime":"2022-05-25T08:24:27.843369Z"},"EventRecordID":3420588,"Correlation":null,"Execution_attributes":{"ProcessID":1484,"ThreadID":2044},"Channel":"Microsoft-Windows-Sysmon/Operational","Computer":"WIN-5823BM4EN8O.mahdihtm.local","Security_attributes":{"UserID":"S-1-5-18"}},"EventData":{"RuleName":"technique_id=T1047,technique_name=File System Permissions Weakness","UtcTime":"2022-05-25 08:24:27.843","ProcessGuid":"32E6D9CE-2108-6286-1000-000000001200","ProcessId":812,"Image":"C:\\Windows\\System32\\svchost.exe","TargetFilename":"C:\\Windows\\ServiceProfiles\\LocalService\\AppData\\Local\\lastalive1.dat","CreationUtcTime":"2022-05-19 10:51:48.065"}}}
{"Event_attributes":{"xmlns":"http://schemas.microsoft.com/win/2004/08/events/event"},"Event":{"System":{"Provider_attributes":{"Name":"Microsoft-Windows-Sysmon","Guid":"5770385F-C22A-43E0-BF4C-06F5698FFBD9"},"EventID":12,"Version":2,"Level":4,"Task":12,"Opcode":0,"Keywords":"0x8000000000000000","TimeCreated_attributes":{"SystemTime":"2022-05-25T08:24:36.843234Z"},"EventRecordID":3420589,"Correlation":null,"Execution_attributes":{"ProcessID":1484,"ThreadID":2044},"Channel":"Microsoft-Windows-Sysmon/Operational","Computer":"WIN-5823BM4EN8O.mahdihtm.local","Security_attributes":{"UserID":"S-1-5-18"}},"EventData":{"RuleName":"technique_id=T1543,technique_name=Service Creation","EventType":"CreateKey","UtcTime":"2022-05-25 08:24:36.843","ProcessGuid":"32E6D9CE-2106-6286-0A00-000000001200","ProcessId":508,"Image":"C:\\Windows\\system32\\services.exe","TargetObject":"HKLM\\System\\CurrentControlSet\\Services\\mahdi10"}}}
{"Event_attributes":{"xmlns":"http://schemas.microsoft.com/win/2004/08/events/event"},"Event":{"System":{"Provider_attributes":{"Name":"Microsoft-Windows-Sysmon","Guid":"5770385F-C22A-43E0-BF4C-06F5698FFBD9"},"EventID":13,"Version":2,"Level":4,"Task":13,"Opcode":0,"Keywords":"0x8000000000000000","TimeCreated_attributes":{"SystemTime":"2022-05-25T08:24:36.843234Z"},"EventRecordID":3420590,"Correlation":null,"Execution_attributes":{"ProcessID":1484,"ThreadID":2044},"Channel":"Microsoft-Windows-Sysmon/Operational","Computer":"WIN-5823BM4EN8O.mahdihtm.local","Security_attributes":{"UserID":"S-1-5-18"}},"EventData":{"RuleName":"technique_id=T1543,technique_name=Service Creation","EventType":"SetValue","UtcTime":"2022-05-25 08:24:36.843","ProcessGuid":"32E6D9CE-2106-6286-0A00-000000001200","ProcessId":508,"Image":"C:\\Windows\\system32\\services.exe","TargetObject":"HKLM\\System\\CurrentControlSet\\Services\\mahdi10\\Type","Details":"DWORD (0x00000010)"}}}
{"Event_attributes":{"xmlns":"http://schemas.microsoft.com/win/2004/08/events/event"},"Event":{"System":{"Provider_attributes":{"Name":"Microsoft-Windows-Sysmon","Guid":"5770385F-C22A-43E0-BF4C-06F5698FFBD9"},"EventID":13,"Version":2,"Level":4,"Task":13,"Opcode":0,"Keywords":"0x8000000000000000","TimeCreated_attributes":{"SystemTime":"2022-05-25T08:24:36.843234Z"},"EventRecordID":3420591,"Correlation":null,"Execution_attributes":{"ProcessID":1484,"ThreadID":2044},"Channel":"Microsoft-Windows-Sysmon/Operational","Computer":"WIN-5823BM4EN8O.mahdihtm.local","Security_attributes":{"UserID":"S-1-5-18"}},"EventData":{"RuleName":"-","EventType":"SetValue","UtcTime":"2022-05-25 08:24:36.843","ProcessGuid":"32E6D9CE-2106-6286-0A00-000000001200","ProcessId":508,"Image":"C:\\Windows\\system32\\services.exe","TargetObject":"HKLM\\System\\CurrentControlSet\\Services\\mahdi10\\Start","Details":"DWORD (0x00000003)"}}}
{"Event_attributes":{"xmlns":"http://schemas.microsoft.com/win/2004/08/events/event"},"Event":{"System":{"Provider_attributes":{"Name":"Microsoft-Windows-Sysmon","Guid":"5770385F-C22A-43E0-BF4C-06F5698FFBD9"},"EventID":13,"Version":2,"Level":4,"Task":13,"Opcode":0,"Keywords":"0x8000000000000000","TimeCreated_attributes":{"SystemTime":"2022-05-25T08:24:36.843234Z"},"EventRecordID":3420592,"Correlation":null,"Execution_attributes":{"ProcessID":1484,"ThreadID":2044},"Channel":"Microsoft-Windows-Sysmon/Operational","Computer":"WIN-5823BM4EN8O.mahdihtm.local","Security_attributes":{"UserID":"S-1-5-18"}},"EventData":{"RuleName":"technique_id=T1543,technique_name=Service Creation","EventType":"SetValue","UtcTime":"2022-05-25 08:24:36.843","ProcessGuid":"32E6D9CE-2106-6286-0A00-000000001200","ProcessId":508,"Image":"C:\\Windows\\system32\\services.exe","TargetObject":"HKLM\\System\\CurrentControlSet\\Services\\mahdi10\\ErrorControl","Details":"DWORD (0x00000001)"}}}
{"Event_attributes":{"xmlns":"http://schemas.microsoft.com/win/2004/08/events/event"},"Event":{"System":{"Provider_attributes":{"Name":"Microsoft-Windows-Sysmon","Guid":"5770385F-C22A-43E0-BF4C-06F5698FFBD9"},"EventID":13,"Version":2,"Level":4,"Task":13,"Opcode":0,"Keywords":"0x8000000000000000","TimeCreated_attributes":{"SystemTime":"2022-05-25T08:24:36.843234Z"},"EventRecordID":3420593,"Correlation":null,"Execution_attributes":{"ProcessID":1484,"ThreadID":2044},"Channel":"Microsoft-Windows-Sysmon/Operational","Computer":"WIN-5823BM4EN8O.mahdihtm.local","Security_attributes":{"UserID":"S-1-5-18"}},"EventData":{"RuleName":"-","EventType":"SetValue","UtcTime":"2022-05-25 08:24:36.843","ProcessGuid":"32E6D9CE-2106-6286-0A00-000000001200","ProcessId":508,"Image":"C:\\Windows\\system32\\services.exe","TargetObject":"HKLM\\System\\CurrentControlSet\\Services\\mahdi10\\ImagePath","Details":"C:\\Windows\\System32\\WindowsPowerShell\\v1.0\\powershell.exe"}}}
{"Event_attributes":{"xmlns":"http://schemas.microsoft.com/win/2004/08/events/event"},"Event":{"System":{"Provider_attributes":{"Name":"Microsoft-Windows-Sysmon","Guid":"5770385F-C22A-43E0-BF4C-06F5698FFBD9"},"EventID":13,"Version":2,"Level":4,"Task":13,"Opcode":0,"Keywords":"0x8000000000000000","TimeCreated_attributes":{"SystemTime":"2022-05-25T08:24:36.843234Z"},"EventRecordID":3420594,"Correlation":null,"Execution_attributes":{"ProcessID":1484,"ThreadID":2044},"Channel":"Microsoft-Windows-Sysmon/Operational","Computer":"WIN-5823BM4EN8O.mahdihtm.local","Security_attributes":{"UserID":"S-1-5-18"}},"EventData":{"RuleName":"technique_id=T1543,technique_name=Service Creation","EventType":"SetValue","UtcTime":"2022-05-25 08:24:36.843","ProcessGuid":"32E6D9CE-2106-6286-0A00-000000001200","ProcessId":508,"Image":"C:\\Windows\\system32\\services.exe","TargetObject":"HKLM\\System\\CurrentControlSet\\Services\\mahdi10\\DisplayName","Details":"mahdi10"}}}
{"Event_attributes":{"xmlns":"http://schemas.microsoft.com/win/2004/08/events/event"},"Event":{"System":{"Provider_attributes":{"Name":"Microsoft-Windows-Sysmon","Guid":"5770385F-C22A-43E0-BF4C-06F5698FFBD9"},"EventID":13,"Version":2,"Level":4,"Task":13,"Opcode":0,"Keywords":"0x8000000000000000","TimeCreated_attributes":{"SystemTime":"2022-05-25T08:24:36.843234Z"},"EventRecordID":3420595,"Correlation":null,"Execution_attributes":{"ProcessID":1484,"ThreadID":2044},"Channel":"Microsoft-Windows-Sysmon/Operational","Computer":"WIN-5823BM4EN8O.mahdihtm.local","Security_attributes":{"UserID":"S-1-5-18"}},"EventData":{"RuleName":"technique_id=T1543,technique_name=Service Creation","EventType":"SetValue","UtcTime":"2022-05-25 08:24:36.843","ProcessGuid":"32E6D9CE-2106-6286-0A00-000000001200","ProcessId":508,"Image":"C:\\Windows\\system32\\services.exe","TargetObject":"HKLM\\System\\CurrentControlSet\\Services\\mahdi10\\ObjectName","Details":"LocalSystem"}}}
{"Event_attributes":{"xmlns":"http://schemas.microsoft.com/win/2004/08/events/event"},"Event":{"System":{"Provider_attributes":{"Name":"Microsoft-Windows-Sysmon","Guid":"5770385F-C22A-43E0-BF4C-06F5698FFBD9"},"EventID":1,"Version":5,"Level":4,"Task":1,"Opcode":0,"Keywords":"0x8000000000000000","TimeCreated_attributes":{"SystemTime":"2022-05-25T08:24:36.890032Z"},"EventRecordID":3420596,"Correlation":null,"Execution_attributes":{"ProcessID":1484,"ThreadID":2044},"Channel":"Microsoft-Windows-Sysmon/Operational","Computer":"WIN-5823BM4EN8O.mahdihtm.local","Security_attributes":{"UserID":"S-1-5-18"}},"EventData":{"RuleName":"technique_id=T1086,technique_name=PowerShell","UtcTime":"2022-05-25 08:24:36.890","ProcessGuid":"32E6D9CE-E7C4-628D-DB00-000000001200","ProcessId":3816,"Image":"C:\\Windows\\System32\\WindowsPowerShell\\v1.0\\powershell.exe","FileVersion":"10.0.14409.1005 (rs1_srvoob.161208-1155)","Description":"Windows PowerShell","Product":"Microsoft® Windows® Operating System","Company":"Microsoft Corporation","OriginalFileName":"PowerShell.EXE","CommandLine":"C:\\Windows\\System32\\WindowsPowerShell\\v1.0\\powershell.exe","CurrentDirectory":"C:\\Windows\\system32\\","User":"NT AUTHORITY\\SYSTEM","LogonGuid":"32E6D9CE-2106-6286-E703-000000000000","LogonId":"0x3e7","TerminalSessionId":0,"IntegrityLevel":"System","Hashes":"SHA1=E5B0A0F4A59D6D5377332EECE20F8F3DF5CEBE4E,MD5=B3AD5364CF04B6AB05616DD483AAF618,SHA256=7375ADEDB82FD62CEFC6B6FD20A704A164E056022F3B8C2E1B94F3A9B8361478,IMPHASH=CAEE994F79D85E47C06E5FA9CDEAE453","ParentProcessGuid":"32E6D9CE-2106-6286-0A00-000000001200","ParentProcessId":508,"ParentImage":"C:\\Windows\\System32\\services.exe","ParentCommandLine":"C:\\Windows\\system32\\services.exe"}}}
{"Event_attributes":{"xmlns":"http://schemas.microsoft.com/win/2004/08/events/event"},"Event":{"System":{"Provider_attributes":{"Name":"Microsoft-Windows-Sysmon","Guid":"5770385F-C22A-43E0-BF4C-06F5698FFBD9"},"EventID":7,"Version":3,"Level":4,"Task":7,"Opcode":0,"Keywords":"0x8000000000000000","TimeCreated_attributes":{"SystemTime":"2022-05-25T08:24:37.546211Z"},"EventRecordID":3420597,"Correlation":null,"Execution_attributes":{"ProcessID":1484,"ThreadID":196},"Channel":"Microsoft-Windows-Sysmon/Operational","Computer":"WIN-5823BM4EN8O.mahdihtm.local","Security_attributes":{"UserID":"S-1-5-18"}},"EventData":{"RuleName":"technique_id=T1059.001,technique_name=PowerShell","UtcTime":"2022-05-25 08:24:37.483","ProcessGuid":"32E6D9CE-E7C4-628D-DB00-000000001200","ProcessId":3816,"Image":"C:\\Windows\\System32\\WindowsPowerShell\\v1.0\\powershell.exe","ImageLoaded":"C:\\Windows\\assembly\\NativeImages_v4.0.30319_64\\System.Manaa57fc8cc#\\c060bece4bdf8217b1984e85a76916a1\\System.Management.Automation.ni.dll","FileVersion":"10.0.14409.1018","Description":"System.Management.Automation","Product":"Microsoft (R) Windows (R) Operating System","Company":"Microsoft Corporation","OriginalFileName":"System.Management.Automation.dll","Hashes":"SHA1=568FA249C45899C853C54068B18ADD429AF05F57,MD5=DCA0D6C152EE15802C94C1D5C5906789,SHA256=DFE0407AB3CE530A3EC8FCA7B706799FFF8E2BE32E0AC6A75E295218DF6DDBB4,IMPHASH=00000000000000000000000000000000","Signed":"false","Signature":"-","SignatureStatus":"Unavailable"}}}
