{"Event_attributes":{"xmlns":"http://schemas.microsoft.com/win/2004/08/events/event"},"Event":{"System":{"Provider_attributes":{"Name":"Microsoft-Windows-Security-Auditing","Guid":"54849625-5478-4994-A5BA-3E3B0328C30D"},"EventID":5145,"Version":0,"Level":0,"Task":12811,"Opcode":0,"Keywords":"0x8020000000000000","TimeCreated_attributes":{"SystemTime":"2019-03-18T14:23:47.721514Z"},"EventRecordID":438309,"Correlation":null,"Execution_attributes":{"ProcessID":536,"ThreadID":556},"Channel":"Security","Computer":"PC01.example.corp","Security":null},"EventData":{"SubjectUserSid":"S-1-5-21-1587066498-1489273250-1035260531-500","SubjectUserName":"Administrator","SubjectDomainName":"EXAMPLE","SubjectLogonId":"0xfc635","ObjectType":"File","IpAddress":"10.0.2.15","IpPort":"55632","ShareName":"\\\\*\\C$","ShareLocalPath":"\\??\\C:\\","RelativeTargetName":"Users\\user01","AccessMask":"0x100081","AccessList":"%%1541\r\n\t\t\t\t%%4416\r\n\t\t\t\t%%4423\r\n\t\t\t\t","AccessReason":"-"}}}
{"Event_attributes":{"xmlns":"http://schemas.microsoft.com/win/2004/08/events/event"},"Event":{"System":{"Provider_attributes":{"Name":"Microsoft-Windows-Security-Auditing","Guid":"54849625-5478-4994-A5BA-3E3B0328C30D"},"EventID":5145,"Version":0,"Level":0,"Task":12811,"Opcode":0,"Keywords":"0x8020000000000000","TimeCreated_attributes":{"SystemTime":"2019-03-18T14:23:53.279506Z"},"EventRecordID":438310,"Correlation":null,"Execution_attributes":{"ProcessID":536,"ThreadID":556},"Channel":"Security","Computer":"PC01.example.corp","Security":null},"EventData":{"SubjectUserSid":"S-1-5-21-1587066498-1489273250-1035260531-500","SubjectUserName":"Administrator","SubjectDomainName":"EXAMPLE","SubjectLogonId":"0xfc635","ObjectType":"File","IpAddress":"10.0.2.15","IpPort":"55632","ShareName":"\\\\*\\C$","ShareLocalPath":"\\??\\C:\\","RelativeTargetName":"\\","AccessMask":"0x100080","AccessList":"%%1541\r\n\t\t\t\t%%4423\r\n\t\t\t\t","AccessReason":"-"}}}
{"Event_attributes":{"xmlns":"http://schemas.microsoft.com/win/2004/08/events/event"},"Event":{"System":{"Provider_attributes":{"Name":"Microsoft-Windows-Security-Auditing","Guid":"54849625-5478-4994-A5BA-3E3B0328C30D"},"EventID":5145,"Version":0,"Level":0,"Task":12811,"Opcode":0,"Keywords":"0x8020000000000000","TimeCreated_attributes":{"SystemTime":"2019-03-18T14:23:53.279506Z"},"EventRecordID":438311,"Correlation":null,"Execution_attributes":{"ProcessID":536,"ThreadID":556},"Channel":"Security","Computer":"PC01.example.corp","Security":null},"EventData":{"SubjectUserSid":"S-1-5-21-1587066498-1489273250-1035260531-500","SubjectUserName":"Administrator","SubjectDomainName":"EXAMPLE","SubjectLogonId":"0xfc635","ObjectType":"File","IpAddress":"10.0.2.15","IpPort":"55632","ShareName":"\\\\*\\C$","ShareLocalPath":"\\??\\C:\\","RelativeTargetName":"\\","AccessMask":"0x100081","AccessList":"%%1541\r\n\t\t\t\t%%4416\r\n\t\t\t\t%%4423\r\n\t\t\t\t","AccessReason":"-"}}}
{"Event_attributes":{"xmlns":"http://schemas.microsoft.com/win/2004/08/events/event"},"Event":{"System":{"Provider_attributes":{"Name":"Microsoft-Windows-Security-Auditing","Guid":"54849625-5478-4994-A5BA-3E3B0328C30D"},"EventID":5145,"Version":0,"Level":0,"Task":12811,"Opcode":0,"Keywords":"0x8020000000000000","TimeCreated_attributes":{"SystemTime":"2019-03-18T14:23:56.403999Z"},"EventRecordID":438312,"Correlation":null,"Execution_attributes":{"ProcessID":536,"ThreadID":556},"Channel":"Security","Computer":"PC01.example.corp","Security":null},"EventData":{"SubjectUserSid":"S-1-5-21-1587066498-1489273250-1035260531-500","SubjectUserName":"Administrator","SubjectDomainName":"EXAMPLE","SubjectLogonId":"0xfc635","ObjectType":"File","IpAddress":"10.0.2.15","IpPort":"55632","ShareName":"\\\\*\\C$","ShareLocalPath":"\\??\\C:\\","RelativeTargetName":"\\","AccessMask":"0x100081","AccessList":"%%1541\r\n\t\t\t\t%%4416\r\n\t\t\t\t%%4423\r\n\t\t\t\t","AccessReason":"-"}}}
{"Event_attributes":{"xmlns":"http://schemas.microsoft.com/win/2004/08/events/event"},"Event":{"System":{"Provider_attributes":{"Name":"Microsoft-Windows-Security-Auditing","Guid":"54849625-5478-4994-A5BA-3E3B0328C30D"},"EventID":5145,"Version":0,"Level":0,"Task":12811,"Opcode":0,"Keywords":"0x8020000000000000","TimeCreated_attributes":{"SystemTime":"2019-03-18T14:23:56.403999Z"},"EventRecordID":438313,"Correlation":null,"Execution_attributes":{"ProcessID":536,"ThreadID":556},"Channel":"Security","Computer":"PC01.example.corp","Security":null},"EventData":{"SubjectUserSid":"S-1-5-21-1587066498-1489273250-1035260531-500","SubjectUserName":"Administrator","SubjectDomainName":"EXAMPLE","SubjectLogonId":"0xfc635","ObjectType":"File","IpAddress":"10.0.2.15","IpPort":"55632","ShareName":"\\\\*\\C$","ShareLocalPath":"\\??\\C:\\","RelativeTargetName":"Users","AccessMask":"0x100081","AccessList":"%%1541\r\n\t\t\t\t%%4416\r\n\t\t\t\t%%4423\r\n\t\t\t\t","AccessReason":"-"}}}
{"Event_attributes":{"xmlns":"http://schemas.microsoft.com/win/2004/08/events/event"},"Event":{"System":{"Provider_attributes":{"Name":"Microsoft-Windows-Security-Auditing","Guid":"54849625-5478-4994-A5BA-3E3B0328C30D"},"EventID":5145,"Version":0,"Level":0,"Task":12811,"Opcode":0,"Keywords":"0x8020000000000000","TimeCreated_attributes":{"SystemTime":"2019-03-18T14:23:56.414013Z"},"EventRecordID":438314,"Correlation":null,"Execution_attributes":{"ProcessID":536,"ThreadID":556},"Channel":"Security","Computer":"PC01.example.corp","Security":null},"EventData":{"SubjectUserSid":"S-1-5-21-1587066498-1489273250-1035260531-500","SubjectUserName":"Administrator","SubjectDomainName":"EXAMPLE","SubjectLogonId":"0xfc635","ObjectType":"File","IpAddress":"10.0.2.15","IpPort":"55632","ShareName":"\\\\*\\C$","ShareLocalPath":"\\??\\C:\\","RelativeTargetName":"Users\\user01\\AppData","AccessMask":"0x100081","AccessList":"%%1541\r\n\t\t\t\t%%4416\r\n\t\t\t\t%%4423\r\n\t\t\t\t","AccessReason":"-"}}}
{"Event_attributes":{"xmlns":"http://schemas.microsoft.com/win/2004/08/events/event"},"Event":{"System":{"Provider_attributes":{"Name":"Microsoft-Windows-Security-Auditing","Guid":"54849625-5478-4994-A5BA-3E3B0328C30D"},"EventID":5145,"Version":0,"Level":0,"Task":12811,"Opcode":0,"Keywords":"0x8020000000000000","TimeCreated_attributes":{"SystemTime":"2019-03-18T14:23:58.386850Z"},"EventRecordID":438315,"Correlation":null,"Execution_attributes":{"ProcessID":536,"ThreadID":556},"Channel":"Security","Computer":"PC01.example.corp","Security":null},"EventData":{"SubjectUserSid":"S-1-5-21-1587066498-1489273250-1035260531-500","SubjectUserName":"Administrator","SubjectDomainName":"EXAMPLE","SubjectLogonId":"0xfc635","ObjectType":"File","IpAddress":"10.0.2.15","IpPort":"55632","ShareName":"\\\\*\\C$","ShareLocalPath":"\\??\\C:\\","RelativeTargetName":"\\","AccessMask":"0x100081","AccessList":"%%1541\r\n\t\t\t\t%%4416\r\n\t\t\t\t%%4423\r\n\t\t\t\t","AccessReason":"-"}}}
{"Event_attributes":{"xmlns":"http://schemas.microsoft.com/win/2004/08/events/event"},"Event":{"System":{"Provider_attributes":{"Name":"Microsoft-Windows-Security-Auditing","Guid":"54849625-5478-4994-A5BA-3E3B0328C30D"},"EventID":5145,"Version":0,"Level":0,"Task":12811,"Opcode":0,"Keywords":"0x8020000000000000","TimeCreated_attributes":{"SystemTime":"2019-03-18T14:23:58.386850Z"},"EventRecordID":438316,"Correlation":null,"Execution_attributes":{"ProcessID":536,"ThreadID":556},"Channel":"Security","Computer":"PC01.example.corp","Security":null},"EventData":{"SubjectUserSid":"S-1-5-21-1587066498-1489273250-1035260531-500","SubjectUserName":"Administrator","SubjectDomainName":"EXAMPLE","SubjectLogonId":"0xfc635","ObjectType":"File","IpAddress":"10.0.2.15","IpPort":"55632","ShareName":"\\\\*\\C$","ShareLocalPath":"\\??\\C:\\","RelativeTargetName":"Users\\user01","AccessMask":"0x100081","AccessList":"%%1541\r\n\t\t\t\t%%4416\r\n\t\t\t\t%%4423\r\n\t\t\t\t","AccessReason":"-"}}}
{"Event_attributes":{"xmlns":"http://schemas.microsoft.com/win/2004/08/events/event"},"Event":{"System":{"Provider_attributes":{"Name":"Microsoft-Windows-Security-Auditing","Guid":"54849625-5478-4994-A5BA-3E3B0328C30D"},"EventID":5145,"Version":0,"Level":0,"Task":12811,"Opcode":0,"Keywords":"0x8020000000000000","TimeCreated_attributes":{"SystemTime":"2019-03-18T14:23:59.117901Z"},"EventRecordID":438317,"Correlation":null,"Execution_attributes":{"ProcessID":536,"ThreadID":556},"Channel":"Security","Computer":"PC01.example.corp","Security":null},"EventData":{"SubjectUserSid":"S-1-5-21-1587066498-1489273250-1035260531-500","SubjectUserName":"Administrator","SubjectDomainName":"EXAMPLE","SubjectLogonId":"0xfc635","ObjectType":"File","IpAddress":"10.0.2.15","IpPort":"55632","ShareName":"\\\\*\\C$","ShareLocalPath":"\\??\\C:\\","RelativeTargetName":"\\","AccessMask":"0x100081","AccessList":"%%1541\r\n\t\t\t\t%%4416\r\n\t\t\t\t%%4423\r\n\t\t\t\t","AccessReason":"-"}}}
{"Event_attributes":{"xmlns":"http://schemas.microsoft.com/win/2004/08/events/event"},"Event":{"System":{"Provider_attributes":{"Name":"Microsoft-Windows-Security-Auditing","Guid":"54849625-5478-4994-A5BA-3E3B0328C30D"},"EventID":5145,"Version":0,"Level":0,"Task":12811,"Opcode":0,"Keywords":"0x8020000000000000","TimeCreated_attributes":{"SystemTime":"2019-03-18T14:24:00.369701Z"},"EventRecordID":438318,"Correlation":null,"Execution_attributes":{"ProcessID":536,"ThreadID":556},"Channel":"Security","Computer":"PC01.example.corp","Security":null},"EventData":{"SubjectUserSid":"S-1-5-21-1587066498-1489273250-1035260531-500","SubjectUserName":"Administrator","SubjectDomainName":"EXAMPLE","SubjectLogonId":"0xfc635","ObjectType":"File","IpAddress":"10.0.2.15","IpPort":"55632","ShareName":"\\\\*\\C$","ShareLocalPath":"\\??\\C:\\","RelativeTargetName":"\\","AccessMask":"0x100081","AccessList":"%%1541\r\n\t\t\t\t%%4416\r\n\t\t\t\t%%4423\r\n\t\t\t\t","AccessReason":"-"}}}
{"Event_attributes":{"xmlns":"http://schemas.microsoft.com/win/2004/08/events/event"},"Event":{"System":{"Provider_attributes":{"Name":"Microsoft-Windows-Security-Auditing","Guid":"54849625-5478-4994-A5BA-3E3B0328C30D"},"EventID":5145,"Version":0,"Level":0,"Task":12811,"Opcode":0,"Keywords":"0x8020000000000000","TimeCreated_attributes":{"SystemTime":"2019-03-18T14:24:04.105072Z"},"EventRecordID":438319,"Correlation":null,"Execution_attributes":{"ProcessID":536,"ThreadID":556},"Channel":"Security","Computer":"PC01.example.corp","Security":null},"EventData":{"SubjectUserSid":"S-1-5-21-1587066498-1489273250-1035260531-500","SubjectUserName":"Administrator","SubjectDomainName":"EXAMPLE","SubjectLogonId":"0xfc635","ObjectType":"File","IpAddress":"10.0.2.15","IpPort":"55632","ShareName":"\\\\*\\C$","ShareLocalPath":"\\??\\C:\\","RelativeTargetName":"\\","AccessMask":"0x100081","AccessList":"%%1541\r\n\t\t\t\t%%4416\r\n\t\t\t\t%%4423\r\n\t\t\t\t","AccessReason":"-"}}}
{"Event_attributes":{"xmlns":"http://schemas.microsoft.com/win/2004/08/events/event"},"Event":{"System":{"Provider_attributes":{"Name":"Microsoft-Windows-Security-Auditing","Guid":"54849625-5478-4994-A5BA-3E3B0328C30D"},"EventID":5145,"Version":0,"Level":0,"Task":12811,"Opcode":0,"Keywords":"0x8020000000000000","TimeCreated_attributes":{"SystemTime":"2019-03-18T14:24:04.105072Z"},"EventRecordID":438320,"Correlation":null,"Execution_attributes":{"ProcessID":536,"ThreadID":556},"Channel":"Security","Computer":"PC01.example.corp","Security":null},"EventData":{"SubjectUserSid":"S-1-5-21-1587066498-1489273250-1035260531-500","SubjectUserName":"Administrator","SubjectDomainName":"EXAMPLE","SubjectLogonId":"0xfc635","ObjectType":"File","IpAddress":"10.0.2.15","IpPort":"55632","ShareName":"\\\\*\\C$","ShareLocalPath":"\\??\\C:\\","RelativeTargetName":"Windows","AccessMask":"0x100081","AccessList":"%%1541\r\n\t\t\t\t%%4416\r\n\t\t\t\t%%4423\r\n\t\t\t\t","AccessReason":"-"}}}
{"Event_attributes":{"xmlns":"http://schemas.microsoft.com/win/2004/08/events/event"},"Event":{"System":{"Provider_attributes":{"Name":"Microsoft-Windows-Security-Auditing","Guid":"54849625-5478-4994-A5BA-3E3B0328C30D"},"EventID":5145,"Version":0,"Level":0,"Task":12811,"Opcode":0,"Keywords":"0x8020000000000000","TimeCreated_attributes":{"SystemTime":"2019-03-18T14:24:04.115087Z"},"EventRecordID":438321,"Correlation":null,"Execution_attributes":{"ProcessID":536,"ThreadID":556},"Channel":"Security","Computer":"PC01.example.corp","Security":null},"EventData":{"SubjectUserSid":"S-1-5-21-1587066498-1489273250-1035260531-500","SubjectUserName":"Administrator","SubjectDomainName":"EXAMPLE","SubjectLogonId":"0xfc635","ObjectType":"File","IpAddress":"10.0.2.15","IpPort":"55632","ShareName":"\\\\*\\C$","ShareLocalPath":"\\??\\C:\\","RelativeTargetName":"Windows\\assembly\\desktop.ini","AccessMask":"0x120089","AccessList":"%%1538\r\n\t\t\t\t%%1541\r\n\t\t\t\t%%4416\r\n\t\t\t\t%%4419\r\n\t\t\t\t%%4423\r\n\t\t\t\t","AccessReason":"-"}}}
{"Event_attributes":{"xmlns":"http://schemas.microsoft.com/win/2004/08/events/event"},"Event":{"System":{"Provider_attributes":{"Name":"Microsoft-Windows-Security-Auditing","Guid":"54849625-5478-4994-A5BA-3E3B0328C30D"},"EventID":5145,"Version":0,"Level":0,"Task":12811,"Opcode":0,"Keywords":"0x8020000000000000","TimeCreated_attributes":{"SystemTime":"2019-03-18T14:24:04.115087Z"},"EventRecordID":438322,"Correlation":null,"Execution_attributes":{"ProcessID":536,"ThreadID":556},"Channel":"Security","Computer":"PC01.example.corp","Security":null},"EventData":{"SubjectUserSid":"S-1-5-21-1587066498-1489273250-1035260531-500","SubjectUserName":"Administrator","SubjectDomainName":"EXAMPLE","SubjectLogonId":"0xfc635","ObjectType":"File","IpAddress":"10.0.2.15","IpPort":"55632","ShareName":"\\\\*\\C$","ShareLocalPath":"\\??\\C:\\","RelativeTargetName":"Windows\\Fonts\\desktop.ini","AccessMask":"0x120089","AccessList":"%%1538\r\n\t\t\t\t%%1541\r\n\t\t\t\t%%4416\r\n\t\t\t\t%%4419\r\n\t\t\t\t%%4423\r\n\t\t\t\t","AccessReason":"-"}}}
{"Event_attributes":{"xmlns":"http://schemas.microsoft.com/win/2004/08/events/event"},"Event":{"System":{"Provider_attributes":{"Name":"Microsoft-Windows-Security-Auditing","Guid":"54849625-5478-4994-A5BA-3E3B0328C30D"},"EventID":5145,"Version":0,"Level":0,"Task":12811,"Opcode":0,"Keywords":"0x8020000000000000","TimeCreated_attributes":{"SystemTime":"2019-03-18T14:24:04.115087Z"},"EventRecordID":438323,"Correlation":null,"Execution_attributes":{"ProcessID":536,"ThreadID":556},"Channel":"Security","Computer":"PC01.example.corp","Security":null},"EventData":{"SubjectUserSid":"S-1-5-21-1587066498-1489273250-1035260531-500","SubjectUserName":"Administrator","SubjectDomainName":"EXAMPLE","SubjectLogonId":"0xfc635","ObjectType":"File","IpAddress":"10.0.2.15","IpPort":"55632","ShareName":"\\\\*\\C$","ShareLocalPath":"\\??\\C:\\","RelativeTargetName":"Windows\\Media\\desktop.ini","AccessMask":"0x120089","AccessList":"%%1538\r\n\t\t\t\t%%1541\r\n\t\t\t\t%%4416\r\n\t\t\t\t%%4419\r\n\t\t\t\t%%4423\r\n\t\t\t\t","AccessReason":"-"}}}
{"Event_attributes":{"xmlns":"http://schemas.microsoft.com/win/2004/08/events/event"},"Event":{"System":{"Provider_attributes":{"Name":"Microsoft-Windows-Security-Auditing","Guid":"54849625-5478-4994-A5BA-3E3B0328C30D"},"EventID":5145,"Version":0,"Level":0,"Task":12811,"Opcode":0,"Keywords":"0x8020000000000000","TimeCreated_attributes":{"SystemTime":"2019-03-18T14:24:07.239580Z"},"EventRecordID":438324,"Correlation":null,"Execution_attributes":{"ProcessID":536,"ThreadID":556},"Channel":"Security","Computer":"PC01.example.corp","Security":null},"EventData":{"SubjectUserSid":"S-1-5-21-1587066498-1489273250-1035260531-500","SubjectUserName":"Administrator","SubjectDomainName":"EXAMPLE","SubjectLogonId":"0xfc635","ObjectType":"File","IpAddress":"10.0.2.15","IpPort":"55632","ShareName":"\\\\*\\C$","ShareLocalPath":"\\??\\C:\\","RelativeTargetName":"\\","AccessMask":"0x100081","AccessList":"%%1541\r\n\t\t\t\t%%4416\r\n\t\t\t\t%%4423\r\n\t\t\t\t","AccessReason":"-"}}}
{"Event_attributes":{"xmlns":"http://schemas.microsoft.com/win/2004/08/events/event"},"Event":{"System":{"Provider_attributes":{"Name":"Microsoft-Windows-Security-Auditing","Guid":"54849625-5478-4994-A5BA-3E3B0328C30D"},"EventID":5145,"Version":0,"Level":0,"Task":12811,"Opcode":0,"Keywords":"0x8020000000000000","TimeCreated_attributes":{"SystemTime":"2019-03-18T14:24:07.249594Z"},"EventRecordID":438325,"Correlation":null,"Execution_attributes":{"ProcessID":536,"ThreadID":556},"Channel":"Security","Computer":"PC01.example.corp","Security":null},"EventData":{"SubjectUserSid":"S-1-5-21-1587066498-1489273250-1035260531-500","SubjectUserName":"Administrator","SubjectDomainName":"EXAMPLE","SubjectLogonId":"0xfc635","ObjectType":"File","IpAddress":"10.0.2.15","IpPort":"55632","ShareName":"\\\\*\\C$","ShareLocalPath":"\\??\\C:\\","RelativeTargetName":"Windows","AccessMask":"0x100081","AccessList":"%%1541\r\n\t\t\t\t%%4416\r\n\t\t\t\t%%4423\r\n\t\t\t\t","AccessReason":"-"}}}
{"Event_attributes":{"xmlns":"http://schemas.microsoft.com/win/2004/08/events/event"},"Event":{"System":{"Provider_attributes":{"Name":"Microsoft-Windows-Security-Auditing","Guid":"54849625-5478-4994-A5BA-3E3B0328C30D"},"EventID":5145,"Version":0,"Level":0,"Task":12811,"Opcode":0,"Keywords":"0x8020000000000000","TimeCreated_attributes":{"SystemTime":"2019-03-18T14:24:07.249594Z"},"EventRecordID":438326,"Correlation":null,"Execution_attributes":{"ProcessID":536,"ThreadID":556},"Channel":"Security","Computer":"PC01.example.corp","Security":null},"EventData":{"SubjectUserSid":"S-1-5-21-1587066498-1489273250-1035260531-500","SubjectUserName":"Administrator","SubjectDomainName":"EXAMPLE","SubjectLogonId":"0xfc635","ObjectType":"File","IpAddress":"10.0.2.15","IpPort":"55632","ShareName":"\\\\*\\C$","ShareLocalPath":"\\??\\C:\\","RelativeTargetName":"Windows\\Temp","AccessMask":"0x100081","AccessList":"%%1541\r\n\t\t\t\t%%4416\r\n\t\t\t\t%%4423\r\n\t\t\t\t","AccessReason":"-"}}}
{"Event_attributes":{"xmlns":"http://schemas.microsoft.com/win/2004/08/events/event"},"Event":{"System":{"Provider_attributes":{"Name":"Microsoft-Windows-Security-Auditing","Guid":"54849625-5478-4994-A5BA-3E3B0328C30D"},"EventID":5145,"Version":0,"Level":0,"Task":12811,"Opcode":0,"Keywords":"0x8020000000000000","TimeCreated_attributes":{"SystemTime":"2019-03-18T14:24:07.529997Z"},"EventRecordID":438327,"Correlation":null,"Execution_attributes":{"ProcessID":536,"ThreadID":556},"Channel":"Security","Computer":"PC01.example.corp","Security":null},"EventData":{"SubjectUserSid":"S-1-5-21-1587066498-1489273250-1035260531-500","SubjectUserName":"Administrator","SubjectDomainName":"EXAMPLE","SubjectLogonId":"0xfc635","ObjectType":"File","IpAddress":"10.0.2.15","IpPort":"55632","ShareName":"\\\\*\\C$","ShareLocalPath":"\\??\\C:\\","RelativeTargetName":"\\","AccessMask":"0x100081","AccessList":"%%1541\r\n\t\t\t\t%%4416\r\n\t\t\t\t%%4423\r\n\t\t\t\t","AccessReason":"-"}}}
{"Event_attributes":{"xmlns":"http://schemas.microsoft.com/win/2004/08/events/event"},"Event":{"System":{"Provider_attributes":{"Name":"Microsoft-Windows-Security-Auditing","Guid":"54849625-5478-4994-A5BA-3E3B0328C30D"},"EventID":5145,"Version":0,"Level":0,"Task":12811,"Opcode":0,"Keywords":"0x8020000000000000","TimeCreated_attributes":{"SystemTime":"2019-03-18T14:24:07.529997Z"},"EventRecordID":438328,"Correlation":null,"Execution_attributes":{"ProcessID":536,"ThreadID":556},"Channel":"Security","Computer":"PC01.example.corp","Security":null},"EventData":{"SubjectUserSid":"S-1-5-21-1587066498-1489273250-1035260531-500","SubjectUserName":"Administrator","SubjectDomainName":"EXAMPLE","SubjectLogonId":"0xfc635","ObjectType":"File","IpAddress":"10.0.2.15","IpPort":"55632","ShareName":"\\\\*\\C$","ShareLocalPath":"\\??\\C:\\","RelativeTargetName":"Windows","AccessMask":"0x100081","AccessList":"%%1541\r\n\t\t\t\t%%4416\r\n\t\t\t\t%%4423\r\n\t\t\t\t","AccessReason":"-"}}}
{"Event_attributes":{"xmlns":"http://schemas.microsoft.com/win/2004/08/events/event"},"Event":{"System":{"Provider_attributes":{"Name":"Microsoft-Windows-Security-Auditing","Guid":"54849625-5478-4994-A5BA-3E3B0328C30D"},"EventID":5145,"Version":0,"Level":0,"Task":12811,"Opcode":0,"Keywords":"0x8020000000000000","TimeCreated_attributes":{"SystemTime":"2019-03-18T14:24:07.630141Z"},"EventRecordID":438329,"Correlation":null,"Execution_attributes":{"ProcessID":536,"ThreadID":556},"Channel":"Security","Computer":"PC01.example.corp","Security":null},"EventData":{"SubjectUserSid":"S-1-5-21-1587066498-1489273250-1035260531-500","SubjectUserName":"Administrator","SubjectDomainName":"EXAMPLE","SubjectLogonId":"0xfc635","ObjectType":"File","IpAddress":"10.0.2.15","IpPort":"55632","ShareName":"\\\\*\\C$","ShareLocalPath":"\\??\\C:\\","RelativeTargetName":"Windows\\Temp","AccessMask":"0x100081","AccessList":"%%1541\r\n\t\t\t\t%%4416\r\n\t\t\t\t%%4423\r\n\t\t\t\t","AccessReason":"-"}}}
{"Event_attributes":{"xmlns":"http://schemas.microsoft.com/win/2004/08/events/event"},"Event":{"System":{"Provider_attributes":{"Name":"Microsoft-Windows-Security-Auditing","Guid":"54849625-5478-4994-A5BA-3E3B0328C30D"},"EventID":5145,"Version":0,"Level":0,"Task":12811,"Opcode":0,"Keywords":"0x8020000000000000","TimeCreated_attributes":{"SystemTime":"2019-03-18T14:24:07.700242Z"},"EventRecordID":438330,"Correlation":null,"Execution_attributes":{"ProcessID":536,"ThreadID":556},"Channel":"Security","Computer":"PC01.example.corp","Security":null},"EventData":{"SubjectUserSid":"S-1-5-21-1587066498-1489273250-1035260531-500","SubjectUserName":"Administrator","SubjectDomainName":"EXAMPLE","SubjectLogonId":"0xfc635","ObjectType":"File","IpAddress":"10.0.2.15","IpPort":"55632","ShareName":"\\\\*\\C$","ShareLocalPath":"\\??\\C:\\","RelativeTargetName":"Windows","AccessMask":"0x100081","AccessList":"%%1541\r\n\t\t\t\t%%4416\r\n\t\t\t\t%%4423\r\n\t\t\t\t","AccessReason":"-"}}}
{"Event_attributes":{"xmlns":"http://schemas.microsoft.com/win/2004/08/events/event"},"Event":{"System":{"Provider_attributes":{"Name":"Microsoft-Windows-Security-Auditing","Guid":"54849625-5478-4994-A5BA-3E3B0328C30D"},"EventID":5145,"Version":0,"Level":0,"Task":12811,"Opcode":0,"Keywords":"0x8020000000000000","TimeCreated_attributes":{"SystemTime":"2019-03-18T14:24:09.913424Z"},"EventRecordID":438331,"Correlation":null,"Execution_attributes":{"ProcessID":536,"ThreadID":556},"Channel":"Security","Computer":"PC01.example.corp","Security":null},"EventData":{"SubjectUserSid":"S-1-5-21-1587066498-1489273250-1035260531-500","SubjectUserName":"Administrator","SubjectDomainName":"EXAMPLE","SubjectLogonId":"0xfc635","ObjectType":"File","IpAddress":"10.0.2.15","IpPort":"55632","ShareName":"\\\\*\\C$","ShareLocalPath":"\\??\\C:\\","RelativeTargetName":"\\","AccessMask":"0x120089","AccessList":"%%1538\r\n\t\t\t\t%%1541\r\n\t\t\t\t%%4416\r\n\t\t\t\t%%4419\r\n\t\t\t\t%%4423\r\n\t\t\t\t","AccessReason":"-"}}}
{"Event_attributes":{"xmlns":"http://schemas.microsoft.com/win/2004/08/events/event"},"Event":{"System":{"Provider_attributes":{"Name":"Microsoft-Windows-Security-Auditing","Guid":"54849625-5478-4994-A5BA-3E3B0328C30D"},"EventID":5145,"Version":0,"Level":0,"Task":12811,"Opcode":0,"Keywords":"0x8020000000000000","TimeCreated_attributes":{"SystemTime":"2019-03-18T14:24:09.913424Z"},"EventRecordID":438332,"Correlation":null,"Execution_attributes":{"ProcessID":536,"ThreadID":556},"Channel":"Security","Computer":"PC01.example.corp","Security":null},"EventData":{"SubjectUserSid":"S-1-5-21-1587066498-1489273250-1035260531-500","SubjectUserName":"Administrator","SubjectDomainName":"EXAMPLE","SubjectLogonId":"0xfc635","ObjectType":"File","IpAddress":"10.0.2.15","IpPort":"55632","ShareName":"\\\\*\\C$","ShareLocalPath":"\\??\\C:\\","RelativeTargetName":"Windows\\Temp\\setup.bat","AccessMask":"0x17019f","AccessList":"%%1537\r\n\t\t\t\t%%1538\r\n\t\t\t\t%%1539\r\n\t\t\t\t%%1541\r\n\t\t\t\t%%4416\r\n\t\t\t\t%%4417\r\n\t\t\t\t%%4418\r\n\t\t\t\t%%4419\r\n\t\t\t\t%%4420\r\n\t\t\t\t%%4423\r\n\t\t\t\t%%4424\r\n\t\t\t\t","AccessReason":"-"}}}
{"Event_attributes":{"xmlns":"http://schemas.microsoft.com/win/2004/08/events/event"},"Event":{"System":{"Provider_attributes":{"Name":"Microsoft-Windows-Security-Auditing","Guid":"54849625-5478-4994-A5BA-3E3B0328C30D"},"EventID":5145,"Version":0,"Level":0,"Task":12811,"Opcode":0,"Keywords":"0x8020000000000000","TimeCreated_attributes":{"SystemTime":"2019-03-18T14:24:09.913424Z"},"EventRecordID":438333,"Correlation":null,"Execution_attributes":{"ProcessID":536,"ThreadID":556},"Channel":"Security","Computer":"PC01.example.corp","Security":null},"EventData":{"SubjectUserSid":"S-1-5-21-1587066498-1489273250-1035260531-500","SubjectUserName":"Administrator","SubjectDomainName":"EXAMPLE","SubjectLogonId":"0xfc635","ObjectType":"File","IpAddress":"10.0.2.15","IpPort":"55632","ShareName":"\\\\*\\C$","ShareLocalPath":"\\??\\C:\\","RelativeTargetName":"Windows\\Temp\\setup.bat","AccessMask":"0x17019f","AccessList":"%%1537\r\n\t\t\t\t%%1538\r\n\t\t\t\t%%1539\r\n\t\t\t\t%%1541\r\n\t\t\t\t%%4416\r\n\t\t\t\t%%4417\r\n\t\t\t\t%%4418\r\n\t\t\t\t%%4419\r\n\t\t\t\t%%4420\r\n\t\t\t\t%%4423\r\n\t\t\t\t%%4424\r\n\t\t\t\t","AccessReason":"-"}}}
{"Event_attributes":{"xmlns":"http://schemas.microsoft.com/win/2004/08/events/event"},"Event":{"System":{"Provider_attributes":{"Name":"Microsoft-Windows-Security-Auditing","Guid":"54849625-5478-4994-A5BA-3E3B0328C30D"},"EventID":5145,"Version":0,"Level":0,"Task":12811,"Opcode":0,"Keywords":"0x8020000000000000","TimeCreated_attributes":{"SystemTime":"2019-03-18T14:24:09.923439Z"},"EventRecordID":438334,"Correlation":null,"Execution_attributes":{"ProcessID":536,"ThreadID":556},"Channel":"Security","Computer":"PC01.example.corp","Security":null},"EventData":{"SubjectUserSid":"S-1-5-21-1587066498-1489273250-1035260531-500","SubjectUserName":"Administrator","SubjectDomainName":"EXAMPLE","SubjectLogonId":"0xfc635","ObjectType":"File","IpAddress":"10.0.2.15","IpPort":"55632","ShareName":"\\\\*\\C$","ShareLocalPath":"\\??\\C:\\","RelativeTargetName":"Windows\\Temp","AccessMask":"0x100081","AccessList":"%%1541\r\n\t\t\t\t%%4416\r\n\t\t\t\t%%4423\r\n\t\t\t\t","AccessReason":"-"}}}
{"Event_attributes":{"xmlns":"http://schemas.microsoft.com/win/2004/08/events/event"},"Event":{"System":{"Provider_attributes":{"Name":"Microsoft-Windows-Security-Auditing","Guid":"54849625-5478-4994-A5BA-3E3B0328C30D"},"EventID":5145,"Version":0,"Level":0,"Task":12811,"Opcode":0,"Keywords":"0x8020000000000000","TimeCreated_attributes":{"SystemTime":"2019-03-18T14:24:09.933453Z"},"EventRecordID":438335,"Correlation":null,"Execution_attributes":{"ProcessID":536,"ThreadID":556},"Channel":"Security","Computer":"PC01.example.corp","Security":null},"EventData":{"SubjectUserSid":"S-1-5-21-1587066498-1489273250-1035260531-500","SubjectUserName":"Administrator","SubjectDomainName":"EXAMPLE","SubjectLogonId":"0xfc635","ObjectType":"File","IpAddress":"10.0.2.15","IpPort":"55632","ShareName":"\\\\*\\C$","ShareLocalPath":"\\??\\C:\\","RelativeTargetName":"Windows\\Temp","AccessMask":"0x100081","AccessList":"%%1541\r\n\t\t\t\t%%4416\r\n\t\t\t\t%%4423\r\n\t\t\t\t","AccessReason":"-"}}}
{"Event_attributes":{"xmlns":"http://schemas.microsoft.com/win/2004/08/events/event"},"Event":{"System":{"Provider_attributes":{"Name":"Microsoft-Windows-Security-Auditing","Guid":"54849625-5478-4994-A5BA-3E3B0328C30D"},"EventID":5145,"Version":0,"Level":0,"Task":12811,"Opcode":0,"Keywords":"0x8020000000000000","TimeCreated_attributes":{"SystemTime":"2019-03-18T14:24:10.053626Z"},"EventRecordID":438336,"Correlation":null,"Execution_attributes":{"ProcessID":536,"ThreadID":556},"Channel":"Security","Computer":"PC01.example.corp","Security":null},"EventData":{"SubjectUserSid":"S-1-5-21-1587066498-1489273250-1035260531-500","SubjectUserName":"Administrator","SubjectDomainName":"EXAMPLE","SubjectLogonId":"0xfc635","ObjectType":"File","IpAddress":"10.0.2.15","IpPort":"55632","ShareName":"\\\\*\\C$","ShareLocalPath":"\\??\\C:\\","RelativeTargetName":"Windows\\Temp\\wodCmdTerm.exe","AccessMask":"0x120089","AccessList":"%%1538\r\n\t\t\t\t%%1541\r\n\t\t\t\t%%4416\r\n\t\t\t\t%%4419\r\n\t\t\t\t%%4423\r\n\t\t\t\t","AccessReason":"-"}}}
{"Event_attributes":{"xmlns":"http://schemas.microsoft.com/win/2004/08/events/event"},"Event":{"System":{"Provider_attributes":{"Name":"Microsoft-Windows-Security-Auditing","Guid":"54849625-5478-4994-A5BA-3E3B0328C30D"},"EventID":5145,"Version":0,"Level":0,"Task":12811,"Opcode":0,"Keywords":"0x8020000000000000","TimeCreated_attributes":{"SystemTime":"2019-03-18T14:24:10.053626Z"},"EventRecordID":438337,"Correlation":null,"Execution_attributes":{"ProcessID":536,"ThreadID":556},"Channel":"Security","Computer":"PC01.example.corp","Security":null},"EventData":{"SubjectUserSid":"S-1-5-21-1587066498-1489273250-1035260531-500","SubjectUserName":"Administrator","SubjectDomainName":"EXAMPLE","SubjectLogonId":"0xfc635","ObjectType":"File","IpAddress":"10.0.2.15","IpPort":"55632","ShareName":"\\\\*\\C$","ShareLocalPath":"\\??\\C:\\","RelativeTargetName":"Windows","AccessMask":"0x100081","AccessList":"%%1541\r\n\t\t\t\t%%4416\r\n\t\t\t\t%%4423\r\n\t\t\t\t","AccessReason":"-"}}}
{"Event_attributes":{"xmlns":"http://schemas.microsoft.com/win/2004/08/events/event"},"Event":{"System":{"Provider_attributes":{"Name":"Microsoft-Windows-Security-Auditing","Guid":"54849625-5478-4994-A5BA-3E3B0328C30D"},"EventID":5145,"Version":0,"Level":0,"Task":12811,"Opcode":0,"Keywords":"0x8020000000000000","TimeCreated_attributes":{"SystemTime":"2019-03-18T14:24:10.053626Z"},"EventRecordID":438338,"Correlation":null,"Execution_attributes":{"ProcessID":536,"ThreadID":556},"Channel":"Security","Computer":"PC01.example.corp","Security":null},"EventData":{"SubjectUserSid":"S-1-5-21-1587066498-1489273250-1035260531-500","SubjectUserName":"Administrator","SubjectDomainName":"EXAMPLE","SubjectLogonId":"0xfc635","ObjectType":"File","IpAddress":"10.0.2.15","IpPort":"55632","ShareName":"\\\\*\\C$","ShareLocalPath":"\\??\\C:\\","RelativeTargetName":"Windows\\Temp\\wodCmdTerm.exe","AccessMask":"0x120089","AccessList":"%%1538\r\n\t\t\t\t%%1541\r\n\t\t\t\t%%4416\r\n\t\t\t\t%%4419\r\n\t\t\t\t%%4423\r\n\t\t\t\t","AccessReason":"-"}}}
{"Event_attributes":{"xmlns":"http://schemas.microsoft.com/win/2004/08/events/event"},"Event":{"System":{"Provider_attributes":{"Name":"Microsoft-Windows-Security-Auditing","Guid":"54849625-5478-4994-A5BA-3E3B0328C30D"},"EventID":5145,"Version":0,"Level":0,"Task":12811,"Opcode":0,"Keywords":"0x8020000000000000","TimeCreated_attributes":{"SystemTime":"2019-03-18T14:24:10.053626Z"},"EventRecordID":438339,"Correlation":null,"Execution_attributes":{"ProcessID":536,"ThreadID":556},"Channel":"Security","Computer":"PC01.example.corp","Security":null},"EventData":{"SubjectUserSid":"S-1-5-21-1587066498-1489273250-1035260531-500","SubjectUserName":"Administrator","SubjectDomainName":"EXAMPLE","SubjectLogonId":"0xfc635","ObjectType":"File","IpAddress":"10.0.2.15","IpPort":"55632","ShareName":"\\\\*\\C$","ShareLocalPath":"\\??\\C:\\","RelativeTargetName":"Windows\\Temp\\ui\\SwDRM.dll","AccessMask":"0x80","AccessList":"%%4423\r\n\t\t\t\t","AccessReason":"-"}}}
{"Event_attributes":{"xmlns":"http://schemas.microsoft.com/win/2004/08/events/event"},"Event":{"System":{"Provider_attributes":{"Name":"Microsoft-Windows-Security-Auditing","Guid":"54849625-5478-4994-A5BA-3E3B0328C30D"},"EventID":5145,"Version":0,"Level":0,"Task":12811,"Opcode":0,"Keywords":"0x8020000000000000","TimeCreated_attributes":{"SystemTime":"2019-03-18T14:24:10.063640Z"},"EventRecordID":438340,"Correlation":null,"Execution_attributes":{"ProcessID":536,"ThreadID":556},"Channel":"Security","Computer":"PC01.example.corp","Security":null},"EventData":{"SubjectUserSid":"S-1-5-21-1587066498-1489273250-1035260531-500","SubjectUserName":"Administrator","SubjectDomainName":"EXAMPLE","SubjectLogonId":"0xfc635","ObjectType":"File","IpAddress":"10.0.2.15","IpPort":"55632","ShareName":"\\\\*\\C$","ShareLocalPath":"\\??\\C:\\","RelativeTargetName":"Windows\\Temp\\wodCmdTerm.exe","AccessMask":"0x1200a9","AccessList":"%%1538\r\n\t\t\t\t%%1541\r\n\t\t\t\t%%4416\r\n\t\t\t\t%%4419\r\n\t\t\t\t%%4421\r\n\t\t\t\t%%4423\r\n\t\t\t\t","AccessReason":"-"}}}
