{"Event_attributes":{"xmlns":"http://schemas.microsoft.com/win/2004/08/events/event"},"Event":{"System":{"Provider_attributes":{"Name":"Microsoft-Windows-Security-Auditing","Guid":"54849625-5478-4994-A5BA-3E3B0328C30D"},"EventID":4688,"Version":2,"Level":0,"Task":13312,"Opcode":0,"Keywords":"0x8020000000000000","TimeCreated_attributes":{"SystemTime":"2021-05-14T21:01:05.352230Z"},"EventRecordID":1829814,"Correlation":null,"Execution_attributes":{"ProcessID":4,"ThreadID":5820},"Channel":"Security","Computer":"fs01.offsec.lan","Security":null},"EventData":{"SubjectUserSid":"S-1-5-18","SubjectUserName":"FS01$","SubjectDomainName":"OFFSEC","SubjectLogonId":"0x3e7","NewProcessId":"0x378","NewProcessName":"C:\\Windows\\System32\\cmd.exe","TokenElevationType":"%%1936","ProcessId":"0x13e8","CommandLine":"cmd  /k tscon 2 /dest:rdp-tcp#8","TargetUserSid":"S-1-0-0","TargetUserName":"-","TargetDomainName":"-","TargetLogonId":"0x0","ParentProcessName":"C:\\Windows\\System32\\cmd.exe","MandatoryLabel":"S-1-16-16384"}}}
{"Event_attributes":{"xmlns":"http://schemas.microsoft.com/win/2004/08/events/event"},"Event":{"System":{"Provider_attributes":{"Name":"Microsoft-Windows-Security-Auditing","Guid":"54849625-5478-4994-A5BA-3E3B0328C30D"},"EventID":4688,"Version":2,"Level":0,"Task":13312,"Opcode":0,"Keywords":"0x8020000000000000","TimeCreated_attributes":{"SystemTime":"2021-05-14T21:01:05.358894Z"},"EventRecordID":1829815,"Correlation":null,"Execution_attributes":{"ProcessID":4,"ThreadID":5820},"Channel":"Security","Computer":"fs01.offsec.lan","Security":null},"EventData":{"SubjectUserSid":"S-1-5-18","SubjectUserName":"FS01$","SubjectDomainName":"OFFSEC","SubjectLogonId":"0x3e7","NewProcessId":"0x6e8","NewProcessName":"C:\\Windows\\System32\\tscon.exe","TokenElevationType":"%%1936","ProcessId":"0x378","CommandLine":"tscon  2 /dest:rdp-tcp#8","TargetUserSid":"S-1-0-0","TargetUserName":"-","TargetDomainName":"-","TargetLogonId":"0x0","ParentProcessName":"C:\\Windows\\System32\\cmd.exe","MandatoryLabel":"S-1-16-16384"}}}
{"Event_attributes":{"xmlns":"http://schemas.microsoft.com/win/2004/08/events/event"},"Event":{"System":{"Provider_attributes":{"Name":"Microsoft-Windows-Security-Auditing","Guid":"54849625-5478-4994-A5BA-3E3B0328C30D"},"EventID":4779,"Version":0,"Level":0,"Task":12551,"Opcode":0,"Keywords":"0x8020000000000000","TimeCreated_attributes":{"SystemTime":"2021-05-14T21:01:05.370030Z"},"EventRecordID":1829816,"Correlation_attributes":{"ActivityID":"A67BE420-4636-0001-36E4-7BA63646D701"},"Execution_attributes":{"ProcessID":576,"ThreadID":628},"Channel":"Security","Computer":"fs01.offsec.lan","Security":null},"EventData":{"AccountName":"admmig","AccountDomain":"OFFSEC","LogonID":"0x13b5e1e","SessionName":"RDP-Tcp#8","ClientName":"JUMP01","ClientAddress":"10.23.23.9"}}}
{"Event_attributes":{"xmlns":"http://schemas.microsoft.com/win/2004/08/events/event"},"Event":{"System":{"Provider_attributes":{"Name":"Microsoft-Windows-Security-Auditing","Guid":"54849625-5478-4994-A5BA-3E3B0328C30D"},"EventID":4688,"Version":2,"Level":0,"Task":13312,"Opcode":0,"Keywords":"0x8020000000000000","TimeCreated_attributes":{"SystemTime":"2021-05-14T21:01:05.572711Z"},"EventRecordID":1829817,"Correlation":null,"Execution_attributes":{"ProcessID":4,"ThreadID":164},"Channel":"Security","Computer":"fs01.offsec.lan","Security":null},"EventData":{"SubjectUserSid":"S-1-5-18","SubjectUserName":"FS01$","SubjectDomainName":"OFFSEC","SubjectLogonId":"0x3e7","NewProcessId":"0x714","NewProcessName":"C:\\Windows\\System32\\TSTheme.exe","TokenElevationType":"%%1938","ProcessId":"0x28c","CommandLine":"C:\\Windows\\system32\\TSTheme.exe -Embedding","TargetUserSid":"S-1-5-21-4230534742-2542757381-3142984815-1111","TargetUserName":"admmig","TargetDomainName":"OFFSEC","TargetLogonId":"0x13b5e1e","ParentProcessName":"C:\\Windows\\System32\\svchost.exe","MandatoryLabel":"S-1-16-8192"}}}
{"Event_attributes":{"xmlns":"http://schemas.microsoft.com/win/2004/08/events/event"},"Event":{"System":{"Provider_attributes":{"Name":"Microsoft-Windows-Security-Auditing","Guid":"54849625-5478-4994-A5BA-3E3B0328C30D"},"EventID":4688,"Version":2,"Level":0,"Task":13312,"Opcode":0,"Keywords":"0x8020000000000000","TimeCreated_attributes":{"SystemTime":"2021-05-14T21:01:05.744506Z"},"EventRecordID":1829818,"Correlation":null,"Execution_attributes":{"ProcessID":4,"ThreadID":4764},"Channel":"Security","Computer":"fs01.offsec.lan","Security":null},"EventData":{"SubjectUserSid":"S-1-5-18","SubjectUserName":"FS01$","SubjectDomainName":"OFFSEC","SubjectLogonId":"0x3e7","NewProcessId":"0x17a8","NewProcessName":"C:\\Windows\\System32\\TSTheme.exe","TokenElevationType":"%%1938","ProcessId":"0x28c","CommandLine":"C:\\Windows\\system32\\TSTheme.exe -Embedding","TargetUserSid":"S-1-5-21-4230534742-2542757381-3142984815-1180","TargetUserName":"admmarsid","TargetDomainName":"OFFSEC","TargetLogonId":"0x6a423","ParentProcessName":"C:\\Windows\\System32\\svchost.exe","MandatoryLabel":"S-1-16-8192"}}}
{"Event_attributes":{"xmlns":"http://schemas.microsoft.com/win/2004/08/events/event"},"Event":{"System":{"Provider_attributes":{"Name":"Microsoft-Windows-Security-Auditing","Guid":"54849625-5478-4994-A5BA-3E3B0328C30D"},"EventID":4778,"Version":0,"Level":0,"Task":12551,"Opcode":0,"Keywords":"0x8020000000000000","TimeCreated_attributes":{"SystemTime":"2021-05-14T21:01:05.831748Z"},"EventRecordID":1829819,"Correlation_attributes":{"ActivityID":"A67BE420-4636-0001-36E4-7BA63646D701"},"Execution_attributes":{"ProcessID":576,"ThreadID":4904},"Channel":"Security","Computer":"fs01.offsec.lan","Security":null},"EventData":{"AccountName":"admmarsid","AccountDomain":"OFFSEC","LogonID":"0x6a423","SessionName":"RDP-Tcp#8","ClientName":"JUMP01","ClientAddress":"10.23.23.9"}}}
{"Event_attributes":{"xmlns":"http://schemas.microsoft.com/win/2004/08/events/event"},"Event":{"System":{"Provider_attributes":{"Name":"Microsoft-Windows-Security-Auditing","Guid":"54849625-5478-4994-A5BA-3E3B0328C30D"},"EventID":4688,"Version":2,"Level":0,"Task":13312,"Opcode":0,"Keywords":"0x8020000000000000","TimeCreated_attributes":{"SystemTime":"2021-05-14T21:01:06.203281Z"},"EventRecordID":1829820,"Correlation":null,"Execution_attributes":{"ProcessID":4,"ThreadID":4764},"Channel":"Security","Computer":"fs01.offsec.lan","Security":null},"EventData":{"SubjectUserSid":"S-1-5-18","SubjectUserName":"FS01$","SubjectDomainName":"OFFSEC","SubjectLogonId":"0x3e7","NewProcessId":"0xc14","NewProcessName":"C:\\Windows\\System32\\AtBroker.exe","TokenElevationType":"%%1938","ProcessId":"0xd5c","CommandLine":"atbroker.exe","TargetUserSid":"S-1-5-21-4230534742-2542757381-3142984815-1180","TargetUserName":"admmarsid","TargetDomainName":"OFFSEC","TargetLogonId":"0x6a423","ParentProcessName":"C:\\Windows\\System32\\winlogon.exe","MandatoryLabel":"S-1-16-8192"}}}
{"Event_attributes":{"xmlns":"http://schemas.microsoft.com/win/2004/08/events/event"},"Event":{"System":{"Provider_attributes":{"Name":"Microsoft-Windows-Security-Auditing","Guid":"54849625-5478-4994-A5BA-3E3B0328C30D"},"EventID":4688,"Version":2,"Level":0,"Task":13312,"Opcode":0,"Keywords":"0x8020000000000000","TimeCreated_attributes":{"SystemTime":"2021-05-14T21:01:06.206117Z"},"EventRecordID":1829821,"Correlation":null,"Execution_attributes":{"ProcessID":4,"ThreadID":4764},"Channel":"Security","Computer":"fs01.offsec.lan","Security":null},"EventData":{"SubjectUserSid":"S-1-5-20","SubjectUserName":"FS01$","SubjectDomainName":"OFFSEC","SubjectLogonId":"0x3e4","NewProcessId":"0x438","NewProcessName":"C:\\Windows\\System32\\rdpclip.exe","TokenElevationType":"%%1938","ProcessId":"0x33c","CommandLine":"rdpclip","TargetUserSid":"S-1-5-21-4230534742-2542757381-3142984815-1180","TargetUserName":"admmarsid","TargetDomainName":"OFFSEC","TargetLogonId":"0x6a423","ParentProcessName":"C:\\Windows\\System32\\svchost.exe","MandatoryLabel":"S-1-16-8192"}}}
{"Event_attributes":{"xmlns":"http://schemas.microsoft.com/win/2004/08/events/event"},"Event":{"System":{"Provider_attributes":{"Name":"Microsoft-Windows-Security-Auditing","Guid":"54849625-5478-4994-A5BA-3E3B0328C30D"},"EventID":4688,"Version":2,"Level":0,"Task":13312,"Opcode":0,"Keywords":"0x8020000000000000","TimeCreated_attributes":{"SystemTime":"2021-05-14T21:01:07.051282Z"},"EventRecordID":1829822,"Correlation":null,"Execution_attributes":{"ProcessID":4,"ThreadID":2884},"Channel":"Security","Computer":"fs01.offsec.lan","Security":null},"EventData":{"SubjectUserSid":"S-1-5-18","SubjectUserName":"FS01$","SubjectDomainName":"OFFSEC","SubjectLogonId":"0x3e7","NewProcessId":"0x110c","NewProcessName":"C:\\Windows\\System32\\taskhostw.exe","TokenElevationType":"%%1936","ProcessId":"0x430","CommandLine":"taskhostw.exe","TargetUserSid":"S-1-0-0","TargetUserName":"-","TargetDomainName":"-","TargetLogonId":"0x0","ParentProcessName":"C:\\Windows\\System32\\svchost.exe","MandatoryLabel":"S-1-16-16384"}}}
{"Event_attributes":{"xmlns":"http://schemas.microsoft.com/win/2004/08/events/event"},"Event":{"System":{"Provider_attributes":{"Name":"Microsoft-Windows-Security-Auditing","Guid":"54849625-5478-4994-A5BA-3E3B0328C30D"},"EventID":4688,"Version":2,"Level":0,"Task":13312,"Opcode":0,"Keywords":"0x8020000000000000","TimeCreated_attributes":{"SystemTime":"2021-05-14T21:01:07.150826Z"},"EventRecordID":1829823,"Correlation":null,"Execution_attributes":{"ProcessID":4,"ThreadID":2884},"Channel":"Security","Computer":"fs01.offsec.lan","Security":null},"EventData":{"SubjectUserSid":"S-1-5-18","SubjectUserName":"FS01$","SubjectDomainName":"OFFSEC","SubjectLogonId":"0x3e7","NewProcessId":"0x460","NewProcessName":"C:\\Windows\\System32\\dllhost.exe","TokenElevationType":"%%1936","ProcessId":"0x28c","CommandLine":"C:\\Windows\\system32\\DllHost.exe /Processid:{133EAC4F-5891-4D04-BADA-D84870380A80}","TargetUserSid":"S-1-0-0","TargetUserName":"-","TargetDomainName":"-","TargetLogonId":"0x0","ParentProcessName":"C:\\Windows\\System32\\svchost.exe","MandatoryLabel":"S-1-16-16384"}}}
{"Event_attributes":{"xmlns":"http://schemas.microsoft.com/win/2004/08/events/event"},"Event":{"System":{"Provider_attributes":{"Name":"Microsoft-Windows-Security-Auditing","Guid":"54849625-5478-4994-A5BA-3E3B0328C30D"},"EventID":4688,"Version":2,"Level":0,"Task":13312,"Opcode":0,"Keywords":"0x8020000000000000","TimeCreated_attributes":{"SystemTime":"2021-05-14T21:01:37.111294Z"},"EventRecordID":1829826,"Correlation":null,"Execution_attributes":{"ProcessID":4,"ThreadID":4764},"Channel":"Security","Computer":"fs01.offsec.lan","Security":null},"EventData":{"SubjectUserSid":"S-1-5-18","SubjectUserName":"FS01$","SubjectDomainName":"OFFSEC","SubjectLogonId":"0x3e7","NewProcessId":"0x1548","NewProcessName":"C:\\Windows\\System32\\dllhost.exe","TokenElevationType":"%%1938","ProcessId":"0x28c","CommandLine":"C:\\Windows\\system32\\DllHost.exe /Processid:{AB8902B4-09CA-4BB6-B78D-A8F59079A8D5}","TargetUserSid":"S-1-5-21-4230534742-2542757381-3142984815-1111","TargetUserName":"admmig","TargetDomainName":"OFFSEC","TargetLogonId":"0x13b5e1e","ParentProcessName":"C:\\Windows\\System32\\svchost.exe","MandatoryLabel":"S-1-16-8192"}}}
{"Event_attributes":{"xmlns":"http://schemas.microsoft.com/win/2004/08/events/event"},"Event":{"System":{"Provider_attributes":{"Name":"Microsoft-Windows-Security-Auditing","Guid":"54849625-5478-4994-A5BA-3E3B0328C30D"},"EventID":4688,"Version":2,"Level":0,"Task":13312,"Opcode":0,"Keywords":"0x8020000000000000","TimeCreated_attributes":{"SystemTime":"2021-05-14T21:02:14.789883Z"},"EventRecordID":1829827,"Correlation":null,"Execution_attributes":{"ProcessID":4,"ThreadID":4288},"Channel":"Security","Computer":"fs01.offsec.lan","Security":null},"EventData":{"SubjectUserSid":"S-1-5-18","SubjectUserName":"FS01$","SubjectDomainName":"OFFSEC","SubjectLogonId":"0x3e7","NewProcessId":"0x5e8","NewProcessName":"C:\\Windows\\System32\\dllhost.exe","TokenElevationType":"%%1938","ProcessId":"0x28c","CommandLine":"C:\\Windows\\system32\\DllHost.exe /Processid:{AB8902B4-09CA-4BB6-B78D-A8F59079A8D5}","TargetUserSid":"S-1-5-21-4230534742-2542757381-3142984815-1111","TargetUserName":"admmig","TargetDomainName":"OFFSEC","TargetLogonId":"0x13b5e1e","ParentProcessName":"C:\\Windows\\System32\\svchost.exe","MandatoryLabel":"S-1-16-8192"}}}
{"Event_attributes":{"xmlns":"http://schemas.microsoft.com/win/2004/08/events/event"},"Event":{"System":{"Provider_attributes":{"Name":"Microsoft-Windows-Security-Auditing","Guid":"54849625-5478-4994-A5BA-3E3B0328C30D"},"EventID":4688,"Version":2,"Level":0,"Task":13312,"Opcode":0,"Keywords":"0x8020000000000000","TimeCreated_attributes":{"SystemTime":"2021-05-14T21:02:35.089520Z"},"EventRecordID":1829828,"Correlation":null,"Execution_attributes":{"ProcessID":4,"ThreadID":2128},"Channel":"Security","Computer":"fs01.offsec.lan","Security":null},"EventData":{"SubjectUserSid":"S-1-5-18","SubjectUserName":"FS01$","SubjectDomainName":"OFFSEC","SubjectLogonId":"0x3e7","NewProcessId":"0x16c4","NewProcessName":"C:\\Windows\\System32\\taskhostw.exe","TokenElevationType":"%%1936","ProcessId":"0x430","CommandLine":"taskhostw.exe U","TargetUserSid":"S-1-0-0","TargetUserName":"-","TargetDomainName":"-","TargetLogonId":"0x0","ParentProcessName":"C:\\Windows\\System32\\svchost.exe","MandatoryLabel":"S-1-16-16384"}}}
{"Event_attributes":{"xmlns":"http://schemas.microsoft.com/win/2004/08/events/event"},"Event":{"System":{"Provider_attributes":{"Name":"Microsoft-Windows-Security-Auditing","Guid":"54849625-5478-4994-A5BA-3E3B0328C30D"},"EventID":4688,"Version":2,"Level":0,"Task":13312,"Opcode":0,"Keywords":"0x8020000000000000","TimeCreated_attributes":{"SystemTime":"2021-05-14T21:02:35.208432Z"},"EventRecordID":1829829,"Correlation":null,"Execution_attributes":{"ProcessID":4,"ThreadID":4764},"Channel":"Security","Computer":"fs01.offsec.lan","Security":null},"EventData":{"SubjectUserSid":"S-1-5-18","SubjectUserName":"FS01$","SubjectDomainName":"OFFSEC","SubjectLogonId":"0x3e7","NewProcessId":"0x5b8","NewProcessName":"C:\\Windows\\System32\\dllhost.exe","TokenElevationType":"%%1936","ProcessId":"0x28c","CommandLine":"C:\\Windows\\system32\\DllHost.exe /Processid:{E10F6C3A-F1AE-4ADC-AA9D-2FE65525666E}","TargetUserSid":"S-1-0-0","TargetUserName":"-","TargetDomainName":"-","TargetLogonId":"0x0","ParentProcessName":"C:\\Windows\\System32\\svchost.exe","MandatoryLabel":"S-1-16-16384"}}}
