{"Event_attributes":{"xmlns":"http://schemas.microsoft.com/win/2004/08/events/event"},"Event":{"System":{"Provider_attributes":{"Name":"Microsoft-Windows-Sysmon","Guid":"5770385F-C22A-43E0-BF4C-06F5698FFBD9"},"EventID":1,"Version":5,"Level":4,"Task":1,"Opcode":0,"Keywords":"0x8000000000000000","TimeCreated_attributes":{"SystemTime":"2022-02-19T17:35:16.207004Z"},"EventRecordID":1986542,"Correlation":null,"Execution_attributes":{"ProcessID":2320,"ThreadID":3120},"Channel":"Microsoft-Windows-Sysmon/Operational","Computer":"DESKTOP-TTEQ6PR","Security_attributes":{"UserID":"S-1-5-18"}},"EventData":{"RuleName":"-","UtcTime":"2022-02-19 17:35:16.196","ProcessGuid":"08DA6306-2A54-6211-0B01-000000001000","ProcessId":1232,"Image":"C:\\Users\\win10\\Desktop\\SpoolFool-main\\SpoolFool.exe","FileVersion":"1.0.0.0","Description":"SpoolFool","Product":"SpoolFool","Company":"Microsoft","OriginalFileName":"SpoolFool.exe","CommandLine":"\"C:\\Users\\win10\\Desktop\\SpoolFool-main\\SpoolFool.exe\" -dll C:\\ProgramData\\Test.dll","CurrentDirectory":"C:\\Users\\win10\\Desktop\\SpoolFool-main\\","User":"DESKTOP-TTEQ6PR\\win10","LogonGuid":"08DA6306-C704-6210-EF77-020000000000","LogonId":"0x277ef","TerminalSessionId":1,"IntegrityLevel":"Medium","Hashes":"SHA1=2AEE1F5306E38D080D16A96B6C23895FFC6EE2FC,MD5=31EB70DC11AF05EC4D5CDA652396970C,SHA256=C0A7A797F39B509FD2D895B5731E79B57B350B85B20BE5A51C0A1BDA19321BD0,IMPHASH=F34D5F2D4577ED6D9CEEC516C1F5A744","ParentProcessGuid":"08DA6306-29D8-6211-0801-000000001000","ParentProcessId":7004,"ParentImage":"C:\\Windows\\System32\\WindowsPowerShell\\v1.0\\powershell.exe","ParentCommandLine":"\"C:\\Windows\\System32\\WindowsPowerShell\\v1.0\\powershell.exe\" -noexit -command Set-Location -literalPath 'C:\\Users\\win10\\Desktop\\SpoolFool-main'","ParentUser":"DESKTOP-TTEQ6PR\\win10"}}}
{"Event_attributes":{"xmlns":"http://schemas.microsoft.com/win/2004/08/events/event"},"Event":{"System":{"Provider_attributes":{"Name":"Microsoft-Windows-Sysmon","Guid":"5770385F-C22A-43E0-BF4C-06F5698FFBD9"},"EventID":11,"Version":2,"Level":4,"Task":11,"Opcode":0,"Keywords":"0x8000000000000000","TimeCreated_attributes":{"SystemTime":"2022-02-19T17:35:16.301121Z"},"EventRecordID":1986612,"Correlation":null,"Execution_attributes":{"ProcessID":2320,"ThreadID":3120},"Channel":"Microsoft-Windows-Sysmon/Operational","Computer":"DESKTOP-TTEQ6PR","Security_attributes":{"UserID":"S-1-5-18"}},"EventData":{"RuleName":"-","UtcTime":"2022-02-19 17:35:16.295","ProcessGuid":"08DA6306-2A54-6211-0B01-000000001000","ProcessId":1232,"Image":"C:\\Users\\win10\\Desktop\\SpoolFool-main\\SpoolFool.exe","TargetFilename":"C:\\Windows\\System32\\spool\\drivers\\x64\\4\\Test.dll","CreationUtcTime":"2022-02-19 17:35:16.295","User":"DESKTOP-TTEQ6PR\\win10"}}}
{"Event_attributes":{"xmlns":"http://schemas.microsoft.com/win/2004/08/events/event"},"Event":{"System":{"Provider_attributes":{"Name":"Microsoft-Windows-Sysmon","Guid":"5770385F-C22A-43E0-BF4C-06F5698FFBD9"},"EventID":13,"Version":2,"Level":4,"Task":13,"Opcode":0,"Keywords":"0x8000000000000000","TimeCreated_attributes":{"SystemTime":"2022-02-19T17:35:16.316731Z"},"EventRecordID":1986639,"Correlation":null,"Execution_attributes":{"ProcessID":2320,"ThreadID":3120},"Channel":"Microsoft-Windows-Sysmon/Operational","Computer":"DESKTOP-TTEQ6PR","Security_attributes":{"UserID":"S-1-5-18"}},"EventData":{"RuleName":"-","EventType":"SetValue","UtcTime":"2022-02-19 17:35:16.311","ProcessGuid":"08DA6306-C703-6210-2700-000000001000","ProcessId":1896,"Image":"C:\\Windows\\System32\\spoolsv.exe","TargetObject":"HKLM\\SOFTWARE\\Microsoft\\Windows NT\\CurrentVersion\\Print\\Printers\\Microsoft XPS Document Writer v4\\CopyFiles\\Module","Details":"C:\\Windows\\system32\\spool\\DRIVERS\\x64\\4\\Test.dll","User":"NT AUTHORITY\\SYSTEM"}}}
{"Event_attributes":{"xmlns":"http://schemas.microsoft.com/win/2004/08/events/event"},"Event":{"System":{"Provider_attributes":{"Name":"Microsoft-Windows-Sysmon","Guid":"5770385F-C22A-43E0-BF4C-06F5698FFBD9"},"EventID":7,"Version":3,"Level":4,"Task":7,"Opcode":0,"Keywords":"0x8000000000000000","TimeCreated_attributes":{"SystemTime":"2022-02-19T17:35:16.328564Z"},"EventRecordID":1986647,"Correlation":null,"Execution_attributes":{"ProcessID":2320,"ThreadID":3124},"Channel":"Microsoft-Windows-Sysmon/Operational","Computer":"DESKTOP-TTEQ6PR","Security_attributes":{"UserID":"S-1-5-18"}},"EventData":{"RuleName":"-","UtcTime":"2022-02-19 17:35:16.311","ProcessGuid":"08DA6306-C703-6210-2700-000000001000","ProcessId":1896,"Image":"C:\\Windows\\System32\\spoolsv.exe","ImageLoaded":"C:\\Windows\\System32\\spool\\drivers\\x64\\4\\Test.dll","FileVersion":"1.0.0.0","Description":"ClassLibrary2","Product":"ClassLibrary2","Company":"-","OriginalFileName":"ClassLibrary2.dll","Hashes":"SHA1=9A6C506F3604E02F20154E2A7F29F577E2F973AA,MD5=36188F389FE0A1F12B4015AD3A090F55,SHA256=76AB7A463CAE7F04F7E17E7525FC3C0C085D35FA8C41BF6B1EAF599368E87F0F,IMPHASH=DAE02F32A21E03CE65412F6E56942DAA","Signed":"false","Signature":"-","SignatureStatus":"Unavailable","User":"NT AUTHORITY\\SYSTEM"}}}
