{"Event_attributes":{"xmlns":"http://schemas.microsoft.com/win/2004/08/events/event"},"Event":{"System":{"Provider_attributes":{"Name":"Microsoft-Windows-Sysmon","Guid":"5770385F-C22A-43E0-BF4C-06F5698FFBD9"},"EventID":1,"Version":5,"Level":4,"Task":1,"Opcode":0,"Keywords":"0x8000000000000000","TimeCreated_attributes":{"SystemTime":"2020-05-10T00:09:36.635333Z"},"EventRecordID":112962,"Correlation":null,"Execution_attributes":{"ProcessID":2728,"ThreadID":3432},"Channel":"Microsoft-Windows-Sysmon/Operational","Computer":"MSEDGEWIN10","Security_attributes":{"UserID":"S-1-5-18"}},"EventData":{"RuleName":"","UtcTime":"2020-05-10 00:09:36.633","ProcessGuid":"747F3D96-4640-5EB7-0000-0010292D4B01","ProcessId":8028,"Image":"C:\\Users\\IEUser\\Tools\\PrivEsc\\NetworkServiceExploit.exe","FileVersion":"?","Description":"?","Product":"?","Company":"?","OriginalFileName":"?","CommandLine":"NetworkServiceExploit.exe  -i -c \"c:\\Windows\\System32\\cmd.exe\"","CurrentDirectory":"c:\\Users\\IEUser\\Tools\\PrivEsc\\","User":"NT AUTHORITY\\NETWORK SERVICE","LogonGuid":"747F3D96-3B92-5EB5-0000-0020E4030000","LogonId":"0x3e4","TerminalSessionId":1,"IntegrityLevel":"System","Hashes":"SHA1=356C43986540261EBCEF26CBDCD4E95ABB9233A9,MD5=F72DD2BA157C8814EE59950713079580,SHA256=1754F83853B70D8C2171902204AAE31C6A26C0EB8F201092522C0A9D4E026F0B,IMPHASH=7CDEB456B3E1DA4A76E456F8FA2C8B9F","ParentProcessGuid":"747F3D96-3DD4-5EB7-0000-0010515F3801","ParentProcessId":6584,"ParentImage":"C:\\Windows\\System32\\cmd.exe","ParentCommandLine":"\"cmd.exe\" "}}}
{"Event_attributes":{"xmlns":"http://schemas.microsoft.com/win/2004/08/events/event"},"Event":{"System":{"Provider_attributes":{"Name":"Microsoft-Windows-Sysmon","Guid":"5770385F-C22A-43E0-BF4C-06F5698FFBD9"},"EventID":17,"Version":1,"Level":4,"Task":17,"Opcode":0,"Keywords":"0x8000000000000000","TimeCreated_attributes":{"SystemTime":"2020-05-10T00:09:36.647666Z"},"EventRecordID":112963,"Correlation":null,"Execution_attributes":{"ProcessID":2728,"ThreadID":3432},"Channel":"Microsoft-Windows-Sysmon/Operational","Computer":"MSEDGEWIN10","Security_attributes":{"UserID":"S-1-5-18"}},"EventData":{"RuleName":"","EventType":"CreatePipe","UtcTime":"2020-05-10 00:09:36.641","ProcessGuid":"747F3D96-4640-5EB7-0000-0010292D4B01","ProcessId":8028,"PipeName":"\\frAQBc8Wsa1","Image":"c:\\Users\\IEUser\\Tools\\PrivEsc\\NetworkServiceExploit.exe"}}}
{"Event_attributes":{"xmlns":"http://schemas.microsoft.com/win/2004/08/events/event"},"Event":{"System":{"Provider_attributes":{"Name":"Microsoft-Windows-Sysmon","Guid":"5770385F-C22A-43E0-BF4C-06F5698FFBD9"},"EventID":18,"Version":1,"Level":4,"Task":18,"Opcode":0,"Keywords":"0x8000000000000000","TimeCreated_attributes":{"SystemTime":"2020-05-10T00:09:36.662190Z"},"EventRecordID":112964,"Correlation":null,"Execution_attributes":{"ProcessID":2728,"ThreadID":3432},"Channel":"Microsoft-Windows-Sysmon/Operational","Computer":"MSEDGEWIN10","Security_attributes":{"UserID":"S-1-5-18"}},"EventData":{"RuleName":"","EventType":"ConnectPipe","UtcTime":"2020-05-10 00:09:36.654","ProcessGuid":"747F3D96-3B8B-5EB5-0000-0010EB030000","ProcessId":4,"PipeName":"\\frAQBc8Wsa1","Image":"System"}}}
{"Event_attributes":{"xmlns":"http://schemas.microsoft.com/win/2004/08/events/event"},"Event":{"System":{"Provider_attributes":{"Name":"Microsoft-Windows-Sysmon","Guid":"5770385F-C22A-43E0-BF4C-06F5698FFBD9"},"EventID":17,"Version":1,"Level":4,"Task":17,"Opcode":0,"Keywords":"0x8000000000000000","TimeCreated_attributes":{"SystemTime":"2020-05-10T00:09:36.701237Z"},"EventRecordID":112965,"Correlation":null,"Execution_attributes":{"ProcessID":2728,"ThreadID":3432},"Channel":"Microsoft-Windows-Sysmon/Operational","Computer":"MSEDGEWIN10","Security_attributes":{"UserID":"S-1-5-18"}},"EventData":{"RuleName":"","EventType":"CreatePipe","UtcTime":"2020-05-10 00:09:36.689","ProcessGuid":"747F3D96-4640-5EB7-0000-0010292D4B01","ProcessId":8028,"PipeName":"<Anonymous Pipe>","Image":"c:\\Users\\IEUser\\Tools\\PrivEsc\\NetworkServiceExploit.exe"}}}
{"Event_attributes":{"xmlns":"http://schemas.microsoft.com/win/2004/08/events/event"},"Event":{"System":{"Provider_attributes":{"Name":"Microsoft-Windows-Sysmon","Guid":"5770385F-C22A-43E0-BF4C-06F5698FFBD9"},"EventID":18,"Version":1,"Level":4,"Task":18,"Opcode":0,"Keywords":"0x8000000000000000","TimeCreated_attributes":{"SystemTime":"2020-05-10T00:09:36.701279Z"},"EventRecordID":112966,"Correlation":null,"Execution_attributes":{"ProcessID":2728,"ThreadID":3432},"Channel":"Microsoft-Windows-Sysmon/Operational","Computer":"MSEDGEWIN10","Security_attributes":{"UserID":"S-1-5-18"}},"EventData":{"RuleName":"","EventType":"ConnectPipe","UtcTime":"2020-05-10 00:09:36.689","ProcessGuid":"747F3D96-4640-5EB7-0000-0010292D4B01","ProcessId":8028,"PipeName":"<Anonymous Pipe>","Image":"c:\\Users\\IEUser\\Tools\\PrivEsc\\NetworkServiceExploit.exe"}}}
{"Event_attributes":{"xmlns":"http://schemas.microsoft.com/win/2004/08/events/event"},"Event":{"System":{"Provider_attributes":{"Name":"Microsoft-Windows-Sysmon","Guid":"5770385F-C22A-43E0-BF4C-06F5698FFBD9"},"EventID":17,"Version":1,"Level":4,"Task":17,"Opcode":0,"Keywords":"0x8000000000000000","TimeCreated_attributes":{"SystemTime":"2020-05-10T00:09:36.701304Z"},"EventRecordID":112967,"Correlation":null,"Execution_attributes":{"ProcessID":2728,"ThreadID":3432},"Channel":"Microsoft-Windows-Sysmon/Operational","Computer":"MSEDGEWIN10","Security_attributes":{"UserID":"S-1-5-18"}},"EventData":{"RuleName":"","EventType":"CreatePipe","UtcTime":"2020-05-10 00:09:36.689","ProcessGuid":"747F3D96-4640-5EB7-0000-0010292D4B01","ProcessId":8028,"PipeName":"<Anonymous Pipe>","Image":"c:\\Users\\IEUser\\Tools\\PrivEsc\\NetworkServiceExploit.exe"}}}
{"Event_attributes":{"xmlns":"http://schemas.microsoft.com/win/2004/08/events/event"},"Event":{"System":{"Provider_attributes":{"Name":"Microsoft-Windows-Sysmon","Guid":"5770385F-C22A-43E0-BF4C-06F5698FFBD9"},"EventID":18,"Version":1,"Level":4,"Task":18,"Opcode":0,"Keywords":"0x8000000000000000","TimeCreated_attributes":{"SystemTime":"2020-05-10T00:09:36.701327Z"},"EventRecordID":112968,"Correlation":null,"Execution_attributes":{"ProcessID":2728,"ThreadID":3432},"Channel":"Microsoft-Windows-Sysmon/Operational","Computer":"MSEDGEWIN10","Security_attributes":{"UserID":"S-1-5-18"}},"EventData":{"RuleName":"","EventType":"ConnectPipe","UtcTime":"2020-05-10 00:09:36.689","ProcessGuid":"747F3D96-4640-5EB7-0000-0010292D4B01","ProcessId":8028,"PipeName":"<Anonymous Pipe>","Image":"c:\\Users\\IEUser\\Tools\\PrivEsc\\NetworkServiceExploit.exe"}}}
{"Event_attributes":{"xmlns":"http://schemas.microsoft.com/win/2004/08/events/event"},"Event":{"System":{"Provider_attributes":{"Name":"Microsoft-Windows-Sysmon","Guid":"5770385F-C22A-43E0-BF4C-06F5698FFBD9"},"EventID":1,"Version":5,"Level":4,"Task":1,"Opcode":0,"Keywords":"0x8000000000000000","TimeCreated_attributes":{"SystemTime":"2020-05-10T00:09:36.709454Z"},"EventRecordID":112969,"Correlation":null,"Execution_attributes":{"ProcessID":2728,"ThreadID":3432},"Channel":"Microsoft-Windows-Sysmon/Operational","Computer":"MSEDGEWIN10","Security_attributes":{"UserID":"S-1-5-18"}},"EventData":{"RuleName":"","UtcTime":"2020-05-10 00:09:36.703","ProcessGuid":"747F3D96-4640-5EB7-0000-0010EF364B01","ProcessId":372,"Image":"C:\\Windows\\System32\\cmd.exe","FileVersion":"10.0.17763.592 (WinBuild.160101.0800)","Description":"Windows Command Processor","Product":"Microsoft® Windows® Operating System","Company":"Microsoft Corporation","OriginalFileName":"Cmd.Exe","CommandLine":"c:\\Windows\\System32\\cmd.exe","CurrentDirectory":"c:\\Users\\IEUser\\Tools\\PrivEsc\\","User":"NT AUTHORITY\\SYSTEM","LogonGuid":"747F3D96-3B92-5EB5-0000-0020E7030000","LogonId":"0x3e7","TerminalSessionId":1,"IntegrityLevel":"System","Hashes":"SHA1=8C5437CD76A89EC983E3B364E219944DA3DAB464,MD5=975B45B669930B0CC773EAF2B414206F,SHA256=3656F37A1C6951EC4496FABB8EE957D3A6E3C276D5A3785476B482C9C0D32EA2,IMPHASH=272245E2988E1E430500B852C4FB5E18","ParentProcessGuid":"747F3D96-4640-5EB7-0000-0010292D4B01","ParentProcessId":8028,"ParentImage":"C:\\Users\\IEUser\\Tools\\PrivEsc\\NetworkServiceExploit.exe","ParentCommandLine":"NetworkServiceExploit.exe  -i -c \"c:\\Windows\\System32\\cmd.exe\""}}}
{"Event_attributes":{"xmlns":"http://schemas.microsoft.com/win/2004/08/events/event"},"Event":{"System":{"Provider_attributes":{"Name":"Microsoft-Windows-Sysmon","Guid":"5770385F-C22A-43E0-BF4C-06F5698FFBD9"},"EventID":3,"Version":5,"Level":4,"Task":3,"Opcode":0,"Keywords":"0x8000000000000000","TimeCreated_attributes":{"SystemTime":"2020-05-10T00:09:38.023663Z"},"EventRecordID":112970,"Correlation":null,"Execution_attributes":{"ProcessID":2728,"ThreadID":7080},"Channel":"Microsoft-Windows-Sysmon/Operational","Computer":"MSEDGEWIN10","Security_attributes":{"UserID":"S-1-5-18"}},"EventData":{"RuleName":"","UtcTime":"2020-05-09 05:00:50.383","ProcessGuid":"747F3D96-3B8B-5EB5-0000-0010EB030000","ProcessId":4,"Image":"System","User":"NT AUTHORITY\\SYSTEM","Protocol":"tcp","Initiated":true,"SourceIsIpv6":false,"SourceIp":"127.0.0.1","SourceHostname":"MSEDGEWIN10","SourcePort":49682,"SourcePortName":"","DestinationIsIpv6":false,"DestinationIp":"127.0.0.1","DestinationHostname":"MSEDGEWIN10","DestinationPort":445,"DestinationPortName":"microsoft-ds"}}}
{"Event_attributes":{"xmlns":"http://schemas.microsoft.com/win/2004/08/events/event"},"Event":{"System":{"Provider_attributes":{"Name":"Microsoft-Windows-Sysmon","Guid":"5770385F-C22A-43E0-BF4C-06F5698FFBD9"},"EventID":3,"Version":5,"Level":4,"Task":3,"Opcode":0,"Keywords":"0x8000000000000000","TimeCreated_attributes":{"SystemTime":"2020-05-10T00:09:38.023778Z"},"EventRecordID":112971,"Correlation":null,"Execution_attributes":{"ProcessID":2728,"ThreadID":7080},"Channel":"Microsoft-Windows-Sysmon/Operational","Computer":"MSEDGEWIN10","Security_attributes":{"UserID":"S-1-5-18"}},"EventData":{"RuleName":"","UtcTime":"2020-05-09 05:00:50.383","ProcessGuid":"747F3D96-3B8B-5EB5-0000-0010EB030000","ProcessId":4,"Image":"System","User":"NT AUTHORITY\\SYSTEM","Protocol":"tcp","Initiated":false,"SourceIsIpv6":false,"SourceIp":"127.0.0.1","SourceHostname":"MSEDGEWIN10","SourcePort":49682,"SourcePortName":"","DestinationIsIpv6":false,"DestinationIp":"127.0.0.1","DestinationHostname":"MSEDGEWIN10","DestinationPort":445,"DestinationPortName":"microsoft-ds"}}}
{"Event_attributes":{"xmlns":"http://schemas.microsoft.com/win/2004/08/events/event"},"Event":{"System":{"Provider_attributes":{"Name":"Microsoft-Windows-Sysmon","Guid":"5770385F-C22A-43E0-BF4C-06F5698FFBD9"},"EventID":1,"Version":5,"Level":4,"Task":1,"Opcode":0,"Keywords":"0x8000000000000000","TimeCreated_attributes":{"SystemTime":"2020-05-10T00:09:43.372595Z"},"EventRecordID":112972,"Correlation":null,"Execution_attributes":{"ProcessID":2728,"ThreadID":3432},"Channel":"Microsoft-Windows-Sysmon/Operational","Computer":"MSEDGEWIN10","Security_attributes":{"UserID":"S-1-5-18"}},"EventData":{"RuleName":"","UtcTime":"2020-05-10 00:09:43.370","ProcessGuid":"747F3D96-4647-5EB7-0000-0010B3454B01","ProcessId":7672,"Image":"C:\\Windows\\System32\\whoami.exe","FileVersion":"10.0.17763.1 (WinBuild.160101.0800)","Description":"whoami - displays logged on user information","Product":"Microsoft® Windows® Operating System","Company":"Microsoft Corporation","OriginalFileName":"whoami.exe","CommandLine":"whoami","CurrentDirectory":"c:\\Users\\IEUser\\Tools\\PrivEsc\\","User":"NT AUTHORITY\\SYSTEM","LogonGuid":"747F3D96-3B92-5EB5-0000-0020E7030000","LogonId":"0x3e7","TerminalSessionId":1,"IntegrityLevel":"System","Hashes":"SHA1=47D7864D26FC67E0D60391CBF170D33DA518C322,MD5=43C2D3293AD939241DF61B3630A9D3B6,SHA256=1D5491E3C468EE4B4EF6EDFF4BBC7D06EE83180F6F0B1576763EA2EFE049493A,IMPHASH=7FF0758B766F747CE57DFAC70743FB88","ParentProcessGuid":"747F3D96-4640-5EB7-0000-0010EF364B01","ParentProcessId":372,"ParentImage":"C:\\Windows\\System32\\cmd.exe","ParentCommandLine":"c:\\Windows\\System32\\cmd.exe"}}}
{"Event_attributes":{"xmlns":"http://schemas.microsoft.com/win/2004/08/events/event"},"Event":{"System":{"Provider_attributes":{"Name":"Microsoft-Windows-Sysmon","Guid":"5770385F-C22A-43E0-BF4C-06F5698FFBD9"},"EventID":1,"Version":5,"Level":4,"Task":1,"Opcode":0,"Keywords":"0x8000000000000000","TimeCreated_attributes":{"SystemTime":"2020-05-10T00:11:16.714565Z"},"EventRecordID":113046,"Correlation":null,"Execution_attributes":{"ProcessID":2728,"ThreadID":3432},"Channel":"Microsoft-Windows-Sysmon/Operational","Computer":"MSEDGEWIN10","Security_attributes":{"UserID":"S-1-5-18"}},"EventData":{"RuleName":"","UtcTime":"2020-05-10 00:11:16.623","ProcessGuid":"747F3D96-46A4-5EB7-0000-00109FE74C01","ProcessId":180,"Image":"C:\\Windows\\System32\\svchost.exe","FileVersion":"10.0.17763.1 (WinBuild.160101.0800)","Description":"Host Process for Windows Services","Product":"Microsoft® Windows® Operating System","Company":"Microsoft Corporation","OriginalFileName":"svchost.exe","CommandLine":"C:\\Windows\\system32\\svchost.exe -k netsvcs -p -s gpsvc","CurrentDirectory":"C:\\Windows\\system32\\","User":"NT AUTHORITY\\SYSTEM","LogonGuid":"747F3D96-3B92-5EB5-0000-0020E7030000","LogonId":"0x3e7","TerminalSessionId":0,"IntegrityLevel":"System","Hashes":"SHA1=A1385CE20AD79F55DF235EFFD9780C31442AA234,MD5=8A0A29438052FAED8A2532DA50455756,SHA256=7FD065BAC18C5278777AE44908101CDFED72D26FA741367F0AD4D02020787AB6,IMPHASH=247B9220E5D9B720A82B2C8B5069AD69","ParentProcessGuid":"747F3D96-3B92-5EB5-0000-00102F530000","ParentProcessId":592,"ParentImage":"C:\\Windows\\System32\\services.exe","ParentCommandLine":"C:\\Windows\\system32\\services.exe"}}}
{"Event_attributes":{"xmlns":"http://schemas.microsoft.com/win/2004/08/events/event"},"Event":{"System":{"Provider_attributes":{"Name":"Microsoft-Windows-Sysmon","Guid":"5770385F-C22A-43E0-BF4C-06F5698FFBD9"},"EventID":3,"Version":5,"Level":4,"Task":3,"Opcode":0,"Keywords":"0x8000000000000000","TimeCreated_attributes":{"SystemTime":"2020-05-10T00:11:20.824620Z"},"EventRecordID":113052,"Correlation":null,"Execution_attributes":{"ProcessID":2728,"ThreadID":7080},"Channel":"Microsoft-Windows-Sysmon/Operational","Computer":"MSEDGEWIN10","Security_attributes":{"UserID":"S-1-5-18"}},"EventData":{"RuleName":"","UtcTime":"2020-05-09 05:02:10.678","ProcessGuid":"747F3D96-3B8B-5EB5-0000-0010EB030000","ProcessId":4,"Image":"System","User":"NT AUTHORITY\\SYSTEM","Protocol":"tcp","Initiated":true,"SourceIsIpv6":false,"SourceIp":"192.168.56.101","SourceHostname":"MSEDGEWIN10","SourcePort":49683,"SourcePortName":"","DestinationIsIpv6":false,"DestinationIp":"192.168.56.1","DestinationHostname":"LAPTOP-JU4M3I0E","DestinationPort":139,"DestinationPortName":"netbios-ssn"}}}
