{"Event_attributes":{"xmlns":"http://schemas.microsoft.com/win/2004/08/events/event"},"Event":{"System":{"Provider_attributes":{"Name":"Microsoft-Windows-Security-Auditing","Guid":"54849625-5478-4994-A5BA-3E3B0328C30D"},"EventID":4704,"Version":0,"Level":0,"Task":13570,"Opcode":0,"Keywords":"0x8020000000000000","TimeCreated_attributes":{"SystemTime":"2020-07-12T20:23:27.428529Z"},"EventRecordID":1239001,"Correlation":null,"Execution_attributes":{"ProcessID":464,"ThreadID":2980},"Channel":"Security","Computer":"fs02.offsec.lan","Security":null},"EventData":{"SubjectUserSid":"S-1-5-21-4230534742-2542757381-3142984815-1111","SubjectUserName":"admmig","SubjectDomainName":"OFFSEC","SubjectLogonId":"0x202dac8","TargetSid":"S-1-5-21-4230534742-2542757381-3142984815-1158","PrivilegeList":"SeCreateTokenPrivilege"}}}
{"Event_attributes":{"xmlns":"http://schemas.microsoft.com/win/2004/08/events/event"},"Event":{"System":{"Provider_attributes":{"Name":"Microsoft-Windows-Security-Auditing","Guid":"54849625-5478-4994-A5BA-3E3B0328C30D"},"EventID":4705,"Version":0,"Level":0,"Task":13570,"Opcode":0,"Keywords":"0x8020000000000000","TimeCreated_attributes":{"SystemTime":"2020-07-12T20:23:39.973927Z"},"EventRecordID":1239002,"Correlation":null,"Execution_attributes":{"ProcessID":464,"ThreadID":2980},"Channel":"Security","Computer":"fs02.offsec.lan","Security":null},"EventData":{"SubjectUserSid":"S-1-5-21-4230534742-2542757381-3142984815-1111","SubjectUserName":"admmig","SubjectDomainName":"OFFSEC","SubjectLogonId":"0x202dac8","TargetSid":"S-1-5-21-4230534742-2542757381-3142984815-1158","PrivilegeList":"SeCreateTokenPrivilege"}}}
{"Event_attributes":{"xmlns":"http://schemas.microsoft.com/win/2004/08/events/event"},"Event":{"System":{"Provider_attributes":{"Name":"Microsoft-Windows-Security-Auditing","Guid":"54849625-5478-4994-A5BA-3E3B0328C30D"},"EventID":4704,"Version":0,"Level":0,"Task":13570,"Opcode":0,"Keywords":"0x8020000000000000","TimeCreated_attributes":{"SystemTime":"2020-07-12T20:45:30.247101Z"},"EventRecordID":1239099,"Correlation":null,"Execution_attributes":{"ProcessID":464,"ThreadID":992},"Channel":"Security","Computer":"fs02.offsec.lan","Security":null},"EventData":{"SubjectUserSid":"S-1-5-21-4230534742-2542757381-3142984815-1111","SubjectUserName":"admmig","SubjectDomainName":"OFFSEC","SubjectLogonId":"0x202dac8","TargetSid":"S-1-5-21-4230534742-2542757381-3142984815-1158","PrivilegeList":"SeAssignPrimaryTokenPrivilege"}}}
{"Event_attributes":{"xmlns":"http://schemas.microsoft.com/win/2004/08/events/event"},"Event":{"System":{"Provider_attributes":{"Name":"Microsoft-Windows-Security-Auditing","Guid":"54849625-5478-4994-A5BA-3E3B0328C30D"},"EventID":4705,"Version":0,"Level":0,"Task":13570,"Opcode":0,"Keywords":"0x8020000000000000","TimeCreated_attributes":{"SystemTime":"2020-07-12T20:45:37.398801Z"},"EventRecordID":1239100,"Correlation":null,"Execution_attributes":{"ProcessID":464,"ThreadID":992},"Channel":"Security","Computer":"fs02.offsec.lan","Security":null},"EventData":{"SubjectUserSid":"S-1-5-21-4230534742-2542757381-3142984815-1111","SubjectUserName":"admmig","SubjectDomainName":"OFFSEC","SubjectLogonId":"0x202dac8","TargetSid":"S-1-5-21-4230534742-2542757381-3142984815-1158","PrivilegeList":"SeAssignPrimaryTokenPrivilege"}}}
{"Event_attributes":{"xmlns":"http://schemas.microsoft.com/win/2004/08/events/event"},"Event":{"System":{"Provider_attributes":{"Name":"Microsoft-Windows-Security-Auditing","Guid":"54849625-5478-4994-A5BA-3E3B0328C30D"},"EventID":4704,"Version":0,"Level":0,"Task":13570,"Opcode":0,"Keywords":"0x8020000000000000","TimeCreated_attributes":{"SystemTime":"2020-07-12T20:46:20.813763Z"},"EventRecordID":1239101,"Correlation":null,"Execution_attributes":{"ProcessID":464,"ThreadID":992},"Channel":"Security","Computer":"fs02.offsec.lan","Security":null},"EventData":{"SubjectUserSid":"S-1-5-21-4230534742-2542757381-3142984815-1111","SubjectUserName":"admmig","SubjectDomainName":"OFFSEC","SubjectLogonId":"0x202dac8","TargetSid":"S-1-5-21-4230534742-2542757381-3142984815-1158","PrivilegeList":"SeCreateSymbolicLinkPrivilege"}}}
{"Event_attributes":{"xmlns":"http://schemas.microsoft.com/win/2004/08/events/event"},"Event":{"System":{"Provider_attributes":{"Name":"Microsoft-Windows-Security-Auditing","Guid":"54849625-5478-4994-A5BA-3E3B0328C30D"},"EventID":4705,"Version":0,"Level":0,"Task":13570,"Opcode":0,"Keywords":"0x8020000000000000","TimeCreated_attributes":{"SystemTime":"2020-07-12T20:46:23.861424Z"},"EventRecordID":1239102,"Correlation":null,"Execution_attributes":{"ProcessID":464,"ThreadID":992},"Channel":"Security","Computer":"fs02.offsec.lan","Security":null},"EventData":{"SubjectUserSid":"S-1-5-21-4230534742-2542757381-3142984815-1111","SubjectUserName":"admmig","SubjectDomainName":"OFFSEC","SubjectLogonId":"0x202dac8","TargetSid":"S-1-5-21-4230534742-2542757381-3142984815-1158","PrivilegeList":"SeCreateSymbolicLinkPrivilege"}}}
{"Event_attributes":{"xmlns":"http://schemas.microsoft.com/win/2004/08/events/event"},"Event":{"System":{"Provider_attributes":{"Name":"Microsoft-Windows-Security-Auditing","Guid":"54849625-5478-4994-A5BA-3E3B0328C30D"},"EventID":4705,"Version":0,"Level":0,"Task":13570,"Opcode":0,"Keywords":"0x8020000000000000","TimeCreated_attributes":{"SystemTime":"2020-07-12T20:52:41.825319Z"},"EventRecordID":1239135,"Correlation":null,"Execution_attributes":{"ProcessID":464,"ThreadID":3908},"Channel":"Security","Computer":"fs02.offsec.lan","Security":null},"EventData":{"SubjectUserSid":"S-1-5-21-4230534742-2542757381-3142984815-1111","SubjectUserName":"admmig","SubjectDomainName":"OFFSEC","SubjectLogonId":"0x202dac8","TargetSid":"S-1-5-21-4230534742-2542757381-3142984815-1610","PrivilegeList":"SeCreatePagefilePrivilege"}}}
{"Event_attributes":{"xmlns":"http://schemas.microsoft.com/win/2004/08/events/event"},"Event":{"System":{"Provider_attributes":{"Name":"Microsoft-Windows-Security-Auditing","Guid":"54849625-5478-4994-A5BA-3E3B0328C30D"},"EventID":4704,"Version":0,"Level":0,"Task":13570,"Opcode":0,"Keywords":"0x8020000000000000","TimeCreated_attributes":{"SystemTime":"2020-07-12T20:52:54.923298Z"},"EventRecordID":1239136,"Correlation":null,"Execution_attributes":{"ProcessID":464,"ThreadID":3908},"Channel":"Security","Computer":"fs02.offsec.lan","Security":null},"EventData":{"SubjectUserSid":"S-1-5-21-4230534742-2542757381-3142984815-1111","SubjectUserName":"admmig","SubjectDomainName":"OFFSEC","SubjectLogonId":"0x202dac8","TargetSid":"S-1-5-21-4230534742-2542757381-3142984815-1158","PrivilegeList":"SeDebugPrivilege"}}}
{"Event_attributes":{"xmlns":"http://schemas.microsoft.com/win/2004/08/events/event"},"Event":{"System":{"Provider_attributes":{"Name":"Microsoft-Windows-Security-Auditing","Guid":"54849625-5478-4994-A5BA-3E3B0328C30D"},"EventID":4705,"Version":0,"Level":0,"Task":13570,"Opcode":0,"Keywords":"0x8020000000000000","TimeCreated_attributes":{"SystemTime":"2020-07-12T20:52:58.006134Z"},"EventRecordID":1239137,"Correlation":null,"Execution_attributes":{"ProcessID":464,"ThreadID":3908},"Channel":"Security","Computer":"fs02.offsec.lan","Security":null},"EventData":{"SubjectUserSid":"S-1-5-21-4230534742-2542757381-3142984815-1111","SubjectUserName":"admmig","SubjectDomainName":"OFFSEC","SubjectLogonId":"0x202dac8","TargetSid":"S-1-5-21-4230534742-2542757381-3142984815-1158","PrivilegeList":"SeDebugPrivilege"}}}
{"Event_attributes":{"xmlns":"http://schemas.microsoft.com/win/2004/08/events/event"},"Event":{"System":{"Provider_attributes":{"Name":"Microsoft-Windows-Security-Auditing","Guid":"54849625-5478-4994-A5BA-3E3B0328C30D"},"EventID":4704,"Version":0,"Level":0,"Task":13570,"Opcode":0,"Keywords":"0x8020000000000000","TimeCreated_attributes":{"SystemTime":"2020-07-12T20:55:28.980015Z"},"EventRecordID":1239141,"Correlation":null,"Execution_attributes":{"ProcessID":464,"ThreadID":992},"Channel":"Security","Computer":"fs02.offsec.lan","Security":null},"EventData":{"SubjectUserSid":"S-1-5-21-4230534742-2542757381-3142984815-1111","SubjectUserName":"admmig","SubjectDomainName":"OFFSEC","SubjectLogonId":"0x202dac8","TargetSid":"S-1-5-21-4230534742-2542757381-3142984815-1158","PrivilegeList":"SeImpersonatePrivilege"}}}
{"Event_attributes":{"xmlns":"http://schemas.microsoft.com/win/2004/08/events/event"},"Event":{"System":{"Provider_attributes":{"Name":"Microsoft-Windows-Security-Auditing","Guid":"54849625-5478-4994-A5BA-3E3B0328C30D"},"EventID":4705,"Version":0,"Level":0,"Task":13570,"Opcode":0,"Keywords":"0x8020000000000000","TimeCreated_attributes":{"SystemTime":"2020-07-12T20:55:31.202654Z"},"EventRecordID":1239142,"Correlation":null,"Execution_attributes":{"ProcessID":464,"ThreadID":992},"Channel":"Security","Computer":"fs02.offsec.lan","Security":null},"EventData":{"SubjectUserSid":"S-1-5-21-4230534742-2542757381-3142984815-1111","SubjectUserName":"admmig","SubjectDomainName":"OFFSEC","SubjectLogonId":"0x202dac8","TargetSid":"S-1-5-21-4230534742-2542757381-3142984815-1158","PrivilegeList":"SeImpersonatePrivilege"}}}
