{"Event_attributes":{"xmlns":"http://schemas.microsoft.com/win/2004/08/events/event"},"Event":{"System":{"Provider_attributes":{"Name":"Microsoft-Windows-Security-Auditing","Guid":"54849625-5478-4994-A5BA-3E3B0328C30D"},"EventID":4742,"Version":0,"Level":0,"Task":13825,"Opcode":0,"Keywords":"0x8020000000000000","TimeCreated_attributes":{"SystemTime":"2021-04-26T09:06:55.399220Z"},"EventRecordID":138042668,"Correlation":null,"Execution_attributes":{"ProcessID":548,"ThreadID":3896},"Channel":"Security","Computer":"rootdc1.offsec.lan","Security":null},"EventData":{"ComputerAccountChange":"-","TargetUserName":"MYTARGET-PC$","TargetDomainName":"OFFSEC","TargetSid":"S-1-5-21-4230534742-2542757381-3142984815-1240","SubjectUserSid":"S-1-5-21-4230534742-2542757381-3142984815-1111","SubjectUserName":"admmig","SubjectDomainName":"OFFSEC","SubjectLogonId":"0x2e15bba1","PrivilegeList":"-","SamAccountName":"-","DisplayName":"-","UserPrincipalName":"-","HomeDirectory":"-","HomePath":"-","ScriptPath":"-","ProfilePath":"-","UserWorkstations":"-","PasswordLastSet":"-","AccountExpires":"-","PrimaryGroupId":"-","AllowedToDelegateTo":"\r\n\t\tcifs/ATACORE01\r\n\t\tcifs/atacore01.offsec.lan\r\n\t\tcisvc/ATACORE01\r\n\t\tcisvc/atacore01.offsec.lan\r\n\t\tclipsrv/ATACORE01\r\n\t\tclipsrv/atacore01.offsec.lan\r\n\t\tdcom/ATACORE01\r\n\t\tdcom/atacore01.offsec.lan","OldUacValue":"-","NewUacValue":"-","UserAccountControl":"-","UserParameters":"-","SidHistory":"-","LogonHours":"-","DnsHostName":"-","ServicePrincipalNames":"-"}}}
{"Event_attributes":{"xmlns":"http://schemas.microsoft.com/win/2004/08/events/event"},"Event":{"System":{"Provider_attributes":{"Name":"Microsoft-Windows-Security-Auditing","Guid":"54849625-5478-4994-A5BA-3E3B0328C30D"},"EventID":5136,"Version":0,"Level":0,"Task":14081,"Opcode":0,"Keywords":"0x8020000000000000","TimeCreated_attributes":{"SystemTime":"2021-04-26T09:07:00.330698Z"},"EventRecordID":138042681,"Correlation_attributes":{"ActivityID":"9816F041-2BBE-0000-53F0-1698BE2BD701"},"Execution_attributes":{"ProcessID":548,"ThreadID":3848},"Channel":"Security","Computer":"rootdc1.offsec.lan","Security":null},"EventData":{"OpCorrelationID":"8D4E40FE-2E0E-4553-93AB-1C20097BC93C","AppCorrelationID":"-","SubjectUserSid":"S-1-5-21-4230534742-2542757381-3142984815-1111","SubjectUserName":"admmig","SubjectDomainName":"OFFSEC","SubjectLogonId":"0x2e15bba1","DSName":"offsec.lan","DSType":"%%14676","ObjectDN":"cn=MYTARGET-PC,OU=Test-OU,OU=OFFSEC-COMPANY,DC=offsec,DC=lan","ObjectGUID":"7EF1A358-E3D8-4D68-906D-4C9389CAD31A","ObjectClass":"computer","AttributeLDAPDisplayName":"msDS-AllowedToDelegateTo","AttributeSyntaxOID":"2.5.5.12","AttributeValue":"cifs/ATACORE01","OperationType":"%%14674"}}}
{"Event_attributes":{"xmlns":"http://schemas.microsoft.com/win/2004/08/events/event"},"Event":{"System":{"Provider_attributes":{"Name":"Microsoft-Windows-Security-Auditing","Guid":"54849625-5478-4994-A5BA-3E3B0328C30D"},"EventID":5136,"Version":0,"Level":0,"Task":14081,"Opcode":0,"Keywords":"0x8020000000000000","TimeCreated_attributes":{"SystemTime":"2021-04-26T09:07:00.330932Z"},"EventRecordID":138042682,"Correlation_attributes":{"ActivityID":"9816F041-2BBE-0000-53F0-1698BE2BD701"},"Execution_attributes":{"ProcessID":548,"ThreadID":3848},"Channel":"Security","Computer":"rootdc1.offsec.lan","Security":null},"EventData":{"OpCorrelationID":"8D4E40FE-2E0E-4553-93AB-1C20097BC93C","AppCorrelationID":"-","SubjectUserSid":"S-1-5-21-4230534742-2542757381-3142984815-1111","SubjectUserName":"admmig","SubjectDomainName":"OFFSEC","SubjectLogonId":"0x2e15bba1","DSName":"offsec.lan","DSType":"%%14676","ObjectDN":"cn=MYTARGET-PC,OU=Test-OU,OU=OFFSEC-COMPANY,DC=offsec,DC=lan","ObjectGUID":"7EF1A358-E3D8-4D68-906D-4C9389CAD31A","ObjectClass":"computer","AttributeLDAPDisplayName":"msDS-AllowedToDelegateTo","AttributeSyntaxOID":"2.5.5.12","AttributeValue":"cifs/atacore01.offsec.lan","OperationType":"%%14674"}}}
{"Event_attributes":{"xmlns":"http://schemas.microsoft.com/win/2004/08/events/event"},"Event":{"System":{"Provider_attributes":{"Name":"Microsoft-Windows-Security-Auditing","Guid":"54849625-5478-4994-A5BA-3E3B0328C30D"},"EventID":5136,"Version":0,"Level":0,"Task":14081,"Opcode":0,"Keywords":"0x8020000000000000","TimeCreated_attributes":{"SystemTime":"2021-04-26T09:07:00.331167Z"},"EventRecordID":138042683,"Correlation_attributes":{"ActivityID":"9816F041-2BBE-0000-53F0-1698BE2BD701"},"Execution_attributes":{"ProcessID":548,"ThreadID":3848},"Channel":"Security","Computer":"rootdc1.offsec.lan","Security":null},"EventData":{"OpCorrelationID":"8D4E40FE-2E0E-4553-93AB-1C20097BC93C","AppCorrelationID":"-","SubjectUserSid":"S-1-5-21-4230534742-2542757381-3142984815-1111","SubjectUserName":"admmig","SubjectDomainName":"OFFSEC","SubjectLogonId":"0x2e15bba1","DSName":"offsec.lan","DSType":"%%14676","ObjectDN":"cn=MYTARGET-PC,OU=Test-OU,OU=OFFSEC-COMPANY,DC=offsec,DC=lan","ObjectGUID":"7EF1A358-E3D8-4D68-906D-4C9389CAD31A","ObjectClass":"computer","AttributeLDAPDisplayName":"msDS-AllowedToDelegateTo","AttributeSyntaxOID":"2.5.5.12","AttributeValue":"cisvc/ATACORE01","OperationType":"%%14674"}}}
{"Event_attributes":{"xmlns":"http://schemas.microsoft.com/win/2004/08/events/event"},"Event":{"System":{"Provider_attributes":{"Name":"Microsoft-Windows-Security-Auditing","Guid":"54849625-5478-4994-A5BA-3E3B0328C30D"},"EventID":5136,"Version":0,"Level":0,"Task":14081,"Opcode":0,"Keywords":"0x8020000000000000","TimeCreated_attributes":{"SystemTime":"2021-04-26T09:07:00.331422Z"},"EventRecordID":138042684,"Correlation_attributes":{"ActivityID":"9816F041-2BBE-0000-53F0-1698BE2BD701"},"Execution_attributes":{"ProcessID":548,"ThreadID":3848},"Channel":"Security","Computer":"rootdc1.offsec.lan","Security":null},"EventData":{"OpCorrelationID":"8D4E40FE-2E0E-4553-93AB-1C20097BC93C","AppCorrelationID":"-","SubjectUserSid":"S-1-5-21-4230534742-2542757381-3142984815-1111","SubjectUserName":"admmig","SubjectDomainName":"OFFSEC","SubjectLogonId":"0x2e15bba1","DSName":"offsec.lan","DSType":"%%14676","ObjectDN":"cn=MYTARGET-PC,OU=Test-OU,OU=OFFSEC-COMPANY,DC=offsec,DC=lan","ObjectGUID":"7EF1A358-E3D8-4D68-906D-4C9389CAD31A","ObjectClass":"computer","AttributeLDAPDisplayName":"msDS-AllowedToDelegateTo","AttributeSyntaxOID":"2.5.5.12","AttributeValue":"cisvc/atacore01.offsec.lan","OperationType":"%%14674"}}}
{"Event_attributes":{"xmlns":"http://schemas.microsoft.com/win/2004/08/events/event"},"Event":{"System":{"Provider_attributes":{"Name":"Microsoft-Windows-Security-Auditing","Guid":"54849625-5478-4994-A5BA-3E3B0328C30D"},"EventID":5136,"Version":0,"Level":0,"Task":14081,"Opcode":0,"Keywords":"0x8020000000000000","TimeCreated_attributes":{"SystemTime":"2021-04-26T09:07:00.331648Z"},"EventRecordID":138042685,"Correlation_attributes":{"ActivityID":"9816F041-2BBE-0000-53F0-1698BE2BD701"},"Execution_attributes":{"ProcessID":548,"ThreadID":3848},"Channel":"Security","Computer":"rootdc1.offsec.lan","Security":null},"EventData":{"OpCorrelationID":"8D4E40FE-2E0E-4553-93AB-1C20097BC93C","AppCorrelationID":"-","SubjectUserSid":"S-1-5-21-4230534742-2542757381-3142984815-1111","SubjectUserName":"admmig","SubjectDomainName":"OFFSEC","SubjectLogonId":"0x2e15bba1","DSName":"offsec.lan","DSType":"%%14676","ObjectDN":"cn=MYTARGET-PC,OU=Test-OU,OU=OFFSEC-COMPANY,DC=offsec,DC=lan","ObjectGUID":"7EF1A358-E3D8-4D68-906D-4C9389CAD31A","ObjectClass":"computer","AttributeLDAPDisplayName":"msDS-AllowedToDelegateTo","AttributeSyntaxOID":"2.5.5.12","AttributeValue":"clipsrv/ATACORE01","OperationType":"%%14674"}}}
{"Event_attributes":{"xmlns":"http://schemas.microsoft.com/win/2004/08/events/event"},"Event":{"System":{"Provider_attributes":{"Name":"Microsoft-Windows-Security-Auditing","Guid":"54849625-5478-4994-A5BA-3E3B0328C30D"},"EventID":5136,"Version":0,"Level":0,"Task":14081,"Opcode":0,"Keywords":"0x8020000000000000","TimeCreated_attributes":{"SystemTime":"2021-04-26T09:07:00.331900Z"},"EventRecordID":138042686,"Correlation_attributes":{"ActivityID":"9816F041-2BBE-0000-53F0-1698BE2BD701"},"Execution_attributes":{"ProcessID":548,"ThreadID":3848},"Channel":"Security","Computer":"rootdc1.offsec.lan","Security":null},"EventData":{"OpCorrelationID":"8D4E40FE-2E0E-4553-93AB-1C20097BC93C","AppCorrelationID":"-","SubjectUserSid":"S-1-5-21-4230534742-2542757381-3142984815-1111","SubjectUserName":"admmig","SubjectDomainName":"OFFSEC","SubjectLogonId":"0x2e15bba1","DSName":"offsec.lan","DSType":"%%14676","ObjectDN":"cn=MYTARGET-PC,OU=Test-OU,OU=OFFSEC-COMPANY,DC=offsec,DC=lan","ObjectGUID":"7EF1A358-E3D8-4D68-906D-4C9389CAD31A","ObjectClass":"computer","AttributeLDAPDisplayName":"msDS-AllowedToDelegateTo","AttributeSyntaxOID":"2.5.5.12","AttributeValue":"clipsrv/atacore01.offsec.lan","OperationType":"%%14674"}}}
{"Event_attributes":{"xmlns":"http://schemas.microsoft.com/win/2004/08/events/event"},"Event":{"System":{"Provider_attributes":{"Name":"Microsoft-Windows-Security-Auditing","Guid":"54849625-5478-4994-A5BA-3E3B0328C30D"},"EventID":5136,"Version":0,"Level":0,"Task":14081,"Opcode":0,"Keywords":"0x8020000000000000","TimeCreated_attributes":{"SystemTime":"2021-04-26T09:07:00.332126Z"},"EventRecordID":138042687,"Correlation_attributes":{"ActivityID":"9816F041-2BBE-0000-53F0-1698BE2BD701"},"Execution_attributes":{"ProcessID":548,"ThreadID":3848},"Channel":"Security","Computer":"rootdc1.offsec.lan","Security":null},"EventData":{"OpCorrelationID":"8D4E40FE-2E0E-4553-93AB-1C20097BC93C","AppCorrelationID":"-","SubjectUserSid":"S-1-5-21-4230534742-2542757381-3142984815-1111","SubjectUserName":"admmig","SubjectDomainName":"OFFSEC","SubjectLogonId":"0x2e15bba1","DSName":"offsec.lan","DSType":"%%14676","ObjectDN":"cn=MYTARGET-PC,OU=Test-OU,OU=OFFSEC-COMPANY,DC=offsec,DC=lan","ObjectGUID":"7EF1A358-E3D8-4D68-906D-4C9389CAD31A","ObjectClass":"computer","AttributeLDAPDisplayName":"msDS-AllowedToDelegateTo","AttributeSyntaxOID":"2.5.5.12","AttributeValue":"dcom/ATACORE01","OperationType":"%%14674"}}}
{"Event_attributes":{"xmlns":"http://schemas.microsoft.com/win/2004/08/events/event"},"Event":{"System":{"Provider_attributes":{"Name":"Microsoft-Windows-Security-Auditing","Guid":"54849625-5478-4994-A5BA-3E3B0328C30D"},"EventID":5136,"Version":0,"Level":0,"Task":14081,"Opcode":0,"Keywords":"0x8020000000000000","TimeCreated_attributes":{"SystemTime":"2021-04-26T09:07:00.332370Z"},"EventRecordID":138042688,"Correlation_attributes":{"ActivityID":"9816F041-2BBE-0000-53F0-1698BE2BD701"},"Execution_attributes":{"ProcessID":548,"ThreadID":3984},"Channel":"Security","Computer":"rootdc1.offsec.lan","Security":null},"EventData":{"OpCorrelationID":"8D4E40FE-2E0E-4553-93AB-1C20097BC93C","AppCorrelationID":"-","SubjectUserSid":"S-1-5-21-4230534742-2542757381-3142984815-1111","SubjectUserName":"admmig","SubjectDomainName":"OFFSEC","SubjectLogonId":"0x2e15bba1","DSName":"offsec.lan","DSType":"%%14676","ObjectDN":"cn=MYTARGET-PC,OU=Test-OU,OU=OFFSEC-COMPANY,DC=offsec,DC=lan","ObjectGUID":"7EF1A358-E3D8-4D68-906D-4C9389CAD31A","ObjectClass":"computer","AttributeLDAPDisplayName":"msDS-AllowedToDelegateTo","AttributeSyntaxOID":"2.5.5.12","AttributeValue":"dcom/atacore01.offsec.lan","OperationType":"%%14674"}}}
