{"Event_attributes":{"xmlns":"http://schemas.microsoft.com/win/2004/08/events/event"},"Event":{"System":{"Provider_attributes":{"Name":"Microsoft-Windows-Security-Auditing","Guid":"54849625-5478-4994-A5BA-3E3B0328C30D"},"EventID":4624,"Version":2,"Level":0,"Task":12544,"Opcode":0,"Keywords":"0x8020000000000000","TimeCreated_attributes":{"SystemTime":"2021-12-04T22:09:13.666427Z"},"EventRecordID":233279979,"Correlation_attributes":{"ActivityID":"D96638DA-E4F9-0001-F038-66D9F9E4D701"},"Execution_attributes":{"ProcessID":596,"ThreadID":4780},"Channel":"Security","Computer":"rootdc1.offsec.lan","Security":null},"EventData":{"SubjectUserSid":"S-1-0-0","SubjectUserName":"-","SubjectDomainName":"-","SubjectLogonId":"0x0","TargetUserSid":"S-1-5-21-4230534742-2542757381-3142984815-1111","TargetUserName":"admmig","TargetDomainName":"OFFSEC.LAN","TargetLogonId":"0x10e6e8ef8","LogonType":3,"LogonProcessName":"Kerberos","AuthenticationPackageName":"Kerberos","WorkstationName":"-","LogonGuid":"4A99FB41-3D1C-317C-6C30-6C1A1706259B","TransmittedServices":"-","LmPackageName":"-","KeyLength":0,"ProcessId":"0x0","ProcessName":"-","IpAddress":"10.23.23.9","IpPort":"59450","ImpersonationLevel":"%%1840","RestrictedAdminMode":"-","TargetOutboundUserName":"-","TargetOutboundDomainName":"-","VirtualAccount":"%%1843","TargetLinkedLogonId":"0x0","ElevatedToken":"%%1842"}}}
{"Event_attributes":{"xmlns":"http://schemas.microsoft.com/win/2004/08/events/event"},"Event":{"System":{"Provider_attributes":{"Name":"Microsoft-Windows-Security-Auditing","Guid":"54849625-5478-4994-A5BA-3E3B0328C30D"},"EventID":5145,"Version":0,"Level":0,"Task":12811,"Opcode":0,"Keywords":"0x8020000000000000","TimeCreated_attributes":{"SystemTime":"2021-12-04T22:09:13.667703Z"},"EventRecordID":233279982,"Correlation":null,"Execution_attributes":{"ProcessID":4,"ThreadID":2760},"Channel":"Security","Computer":"rootdc1.offsec.lan","Security":null},"EventData":{"SubjectUserSid":"S-1-5-21-4230534742-2542757381-3142984815-1111","SubjectUserName":"admmig","SubjectDomainName":"OFFSEC","SubjectLogonId":"0x10e6e8ef8","ObjectType":"File","IpAddress":"10.23.23.9","IpPort":"59450","ShareName":"\\\\*\\IPC$","ShareLocalPath":"","RelativeTargetName":"samr","AccessMask":"0x12019f","AccessList":"%%1538\r\n\t\t\t\t%%1541\r\n\t\t\t\t%%4416\r\n\t\t\t\t%%4417\r\n\t\t\t\t%%4418\r\n\t\t\t\t%%4419\r\n\t\t\t\t%%4420\r\n\t\t\t\t%%4423\r\n\t\t\t\t%%4424\r\n\t\t\t\t","AccessReason":"-"}}}
{"Event_attributes":{"xmlns":"http://schemas.microsoft.com/win/2004/08/events/event"},"Event":{"System":{"Provider_attributes":{"Name":"Microsoft-Windows-Security-Auditing","Guid":"54849625-5478-4994-A5BA-3E3B0328C30D"},"EventID":4624,"Version":2,"Level":0,"Task":12544,"Opcode":0,"Keywords":"0x8020000000000000","TimeCreated_attributes":{"SystemTime":"2021-12-04T22:09:13.671930Z"},"EventRecordID":233279986,"Correlation_attributes":{"ActivityID":"D96638DA-E4F9-0001-F038-66D9F9E4D701"},"Execution_attributes":{"ProcessID":596,"ThreadID":4780},"Channel":"Security","Computer":"rootdc1.offsec.lan","Security":null},"EventData":{"SubjectUserSid":"S-1-0-0","SubjectUserName":"-","SubjectDomainName":"-","SubjectLogonId":"0x0","TargetUserSid":"S-1-5-21-4230534742-2542757381-3142984815-1111","TargetUserName":"admmig","TargetDomainName":"OFFSEC.LAN","TargetLogonId":"0x10e6e8f26","LogonType":3,"LogonProcessName":"Kerberos","AuthenticationPackageName":"Kerberos","WorkstationName":"-","LogonGuid":"4A99FB41-3D1C-317C-6C30-6C1A1706259B","TransmittedServices":"-","LmPackageName":"-","KeyLength":0,"ProcessId":"0x0","ProcessName":"-","IpAddress":"10.23.23.9","IpPort":"59451","ImpersonationLevel":"%%1840","RestrictedAdminMode":"-","TargetOutboundUserName":"-","TargetOutboundDomainName":"-","VirtualAccount":"%%1843","TargetLinkedLogonId":"0x0","ElevatedToken":"%%1842"}}}
{"Event_attributes":{"xmlns":"http://schemas.microsoft.com/win/2004/08/events/event"},"Event":{"System":{"Provider_attributes":{"Name":"Microsoft-Windows-Security-Auditing","Guid":"54849625-5478-4994-A5BA-3E3B0328C30D"},"EventID":4624,"Version":2,"Level":0,"Task":12544,"Opcode":0,"Keywords":"0x8020000000000000","TimeCreated_attributes":{"SystemTime":"2021-12-04T22:09:13.672356Z"},"EventRecordID":233279990,"Correlation_attributes":{"ActivityID":"D96638DA-E4F9-0001-F038-66D9F9E4D701"},"Execution_attributes":{"ProcessID":596,"ThreadID":3492},"Channel":"Security","Computer":"rootdc1.offsec.lan","Security":null},"EventData":{"SubjectUserSid":"S-1-0-0","SubjectUserName":"-","SubjectDomainName":"-","SubjectLogonId":"0x0","TargetUserSid":"S-1-5-21-4230534742-2542757381-3142984815-1111","TargetUserName":"admmig","TargetDomainName":"OFFSEC.LAN","TargetLogonId":"0x10e6e8f3e","LogonType":3,"LogonProcessName":"Kerberos","AuthenticationPackageName":"Kerberos","WorkstationName":"-","LogonGuid":"4A99FB41-3D1C-317C-6C30-6C1A1706259B","TransmittedServices":"-","LmPackageName":"-","KeyLength":0,"ProcessId":"0x0","ProcessName":"-","IpAddress":"10.23.23.9","IpPort":"59452","ImpersonationLevel":"%%1840","RestrictedAdminMode":"-","TargetOutboundUserName":"-","TargetOutboundDomainName":"-","VirtualAccount":"%%1843","TargetLinkedLogonId":"0x0","ElevatedToken":"%%1842"}}}
{"Event_attributes":{"xmlns":"http://schemas.microsoft.com/win/2004/08/events/event"},"Event":{"System":{"Provider_attributes":{"Name":"Microsoft-Windows-Security-Auditing","Guid":"54849625-5478-4994-A5BA-3E3B0328C30D"},"EventID":4624,"Version":2,"Level":0,"Task":12544,"Opcode":0,"Keywords":"0x8020000000000000","TimeCreated_attributes":{"SystemTime":"2021-12-04T22:09:13.673183Z"},"EventRecordID":233279994,"Correlation_attributes":{"ActivityID":"D96638DA-E4F9-0001-F038-66D9F9E4D701"},"Execution_attributes":{"ProcessID":596,"ThreadID":4780},"Channel":"Security","Computer":"rootdc1.offsec.lan","Security":null},"EventData":{"SubjectUserSid":"S-1-0-0","SubjectUserName":"-","SubjectDomainName":"-","SubjectLogonId":"0x0","TargetUserSid":"S-1-5-21-4230534742-2542757381-3142984815-1111","TargetUserName":"admmig","TargetDomainName":"OFFSEC.LAN","TargetLogonId":"0x10e6e8f54","LogonType":3,"LogonProcessName":"Kerberos","AuthenticationPackageName":"Kerberos","WorkstationName":"-","LogonGuid":"4A99FB41-3D1C-317C-6C30-6C1A1706259B","TransmittedServices":"-","LmPackageName":"-","KeyLength":0,"ProcessId":"0x0","ProcessName":"-","IpAddress":"10.23.23.9","IpPort":"59453","ImpersonationLevel":"%%1840","RestrictedAdminMode":"-","TargetOutboundUserName":"-","TargetOutboundDomainName":"-","VirtualAccount":"%%1843","TargetLinkedLogonId":"0x0","ElevatedToken":"%%1842"}}}
{"Event_attributes":{"xmlns":"http://schemas.microsoft.com/win/2004/08/events/event"},"Event":{"System":{"Provider_attributes":{"Name":"Microsoft-Windows-Security-Auditing","Guid":"54849625-5478-4994-A5BA-3E3B0328C30D"},"EventID":4724,"Version":0,"Level":0,"Task":13824,"Opcode":0,"Keywords":"0x8020000000000000","TimeCreated_attributes":{"SystemTime":"2021-12-04T22:09:13.680127Z"},"EventRecordID":233279999,"Correlation_attributes":{"ActivityID":"D96638DA-E4F9-0001-F038-66D9F9E4D701"},"Execution_attributes":{"ProcessID":596,"ThreadID":4780},"Channel":"Security","Computer":"rootdc1.offsec.lan","Security":null},"EventData":{"TargetUserName":"hacker2","TargetDomainName":"OFFSEC","TargetSid":"S-1-5-21-4230534742-2542757381-3142984815-1242","SubjectUserSid":"S-1-5-21-4230534742-2542757381-3142984815-1111","SubjectUserName":"admmig","SubjectDomainName":"OFFSEC","SubjectLogonId":"0x10e6e8ef8"}}}
{"Event_attributes":{"xmlns":"http://schemas.microsoft.com/win/2004/08/events/event"},"Event":{"System":{"Provider_attributes":{"Name":"Microsoft-Windows-Security-Auditing","Guid":"54849625-5478-4994-A5BA-3E3B0328C30D"},"EventID":4738,"Version":0,"Level":0,"Task":13824,"Opcode":0,"Keywords":"0x8020000000000000","TimeCreated_attributes":{"SystemTime":"2021-12-04T22:09:13.680793Z"},"EventRecordID":233280000,"Correlation_attributes":{"ActivityID":"D96638DA-E4F9-0001-F038-66D9F9E4D701"},"Execution_attributes":{"ProcessID":596,"ThreadID":4780},"Channel":"Security","Computer":"rootdc1.offsec.lan","Security":null},"EventData":{"Dummy":"-","TargetUserName":"hacker2","TargetDomainName":"OFFSEC","TargetSid":"S-1-5-21-4230534742-2542757381-3142984815-1242","SubjectUserSid":"S-1-5-21-4230534742-2542757381-3142984815-1111","SubjectUserName":"admmig","SubjectDomainName":"OFFSEC","SubjectLogonId":"0x10e6e8ef8","PrivilegeList":"-","SamAccountName":"-","DisplayName":"-","UserPrincipalName":"-","HomeDirectory":"-","HomePath":"-","ScriptPath":"-","ProfilePath":"-","UserWorkstations":"-","PasswordLastSet":"12/4/2021 10:09:13 PM","AccountExpires":"-","PrimaryGroupId":"-","AllowedToDelegateTo":"-","OldUacValue":"-","NewUacValue":"-","UserAccountControl":"-","UserParameters":"-","SidHistory":"-","LogonHours":"-"}}}
{"Event_attributes":{"xmlns":"http://schemas.microsoft.com/win/2004/08/events/event"},"Event":{"System":{"Provider_attributes":{"Name":"Microsoft-Windows-Security-Auditing","Guid":"54849625-5478-4994-A5BA-3E3B0328C30D"},"EventID":4624,"Version":2,"Level":0,"Task":12544,"Opcode":0,"Keywords":"0x8020000000000000","TimeCreated_attributes":{"SystemTime":"2021-12-04T22:09:18.652061Z"},"EventRecordID":233280005,"Correlation":null,"Execution_attributes":{"ProcessID":596,"ThreadID":3076},"Channel":"Security","Computer":"rootdc1.offsec.lan","Security":null},"EventData":{"SubjectUserSid":"S-1-0-0","SubjectUserName":"-","SubjectDomainName":"-","SubjectLogonId":"0x0","TargetUserSid":"S-1-5-18","TargetUserName":"ROOTDC1$","TargetDomainName":"OFFSEC.LAN","TargetLogonId":"0x10e6e929b","LogonType":3,"LogonProcessName":"Kerberos","AuthenticationPackageName":"Kerberos","WorkstationName":"-","LogonGuid":"95BD7E3B-1CAB-10BC-5696-7F43CE9B8024","TransmittedServices":"-","LmPackageName":"-","KeyLength":0,"ProcessId":"0x0","ProcessName":"-","IpAddress":"fe80::1cae:5aa4:9d8d:106a","IpPort":"51287","ImpersonationLevel":"%%1833","RestrictedAdminMode":"-","TargetOutboundUserName":"-","TargetOutboundDomainName":"-","VirtualAccount":"%%1843","TargetLinkedLogonId":"0x0","ElevatedToken":"%%1842"}}}
