{"Event_attributes":{"xmlns":"http://schemas.microsoft.com/win/2004/08/events/event"},"Event":{"System":{"Provider_attributes":{"Name":"Microsoft-Windows-Security-Auditing","Guid":"54849625-5478-4994-A5BA-3E3B0328C30D"},"EventID":4728,"Version":0,"Level":0,"Task":13826,"Opcode":0,"Keywords":"0x8020000000000000","TimeCreated_attributes":{"SystemTime":"2020-07-12T05:19:54.561817Z"},"EventRecordID":16078256,"Correlation":null,"Execution_attributes":{"ProcessID":528,"ThreadID":3156},"Channel":"Security","Computer":"rootdc1.offsec.lan","Security":null},"EventData":{"MemberName":"CN=hack-adm-hack,OU=Test-OU,OU=OFFSEC-COMPANY,DC=offsec,DC=lan","MemberSid":"S-1-5-21-4230534742-2542757381-3142984815-1150","TargetUserName":"Group01","TargetDomainName":"OFFSEC","TargetSid":"S-1-5-21-4230534742-2542757381-3142984815-1134","SubjectUserSid":"S-1-5-21-4230534742-2542757381-3142984815-1158","SubjectUserName":"lambda-user","SubjectDomainName":"OFFSEC","SubjectLogonId":"0x8084443","PrivilegeList":"-"}}}
{"Event_attributes":{"xmlns":"http://schemas.microsoft.com/win/2004/08/events/event"},"Event":{"System":{"Provider_attributes":{"Name":"Microsoft-Windows-Security-Auditing","Guid":"54849625-5478-4994-A5BA-3E3B0328C30D"},"EventID":4728,"Version":0,"Level":0,"Task":13826,"Opcode":0,"Keywords":"0x8020000000000000","TimeCreated_attributes":{"SystemTime":"2020-07-12T05:19:54.564048Z"},"EventRecordID":16078259,"Correlation":null,"Execution_attributes":{"ProcessID":528,"ThreadID":3156},"Channel":"Security","Computer":"rootdc1.offsec.lan","Security":null},"EventData":{"MemberName":"CN=hack-adm-hack,OU=Test-OU,OU=OFFSEC-COMPANY,DC=offsec,DC=lan","MemberSid":"S-1-5-21-4230534742-2542757381-3142984815-1150","TargetUserName":"Group02","TargetDomainName":"OFFSEC","TargetSid":"S-1-5-21-4230534742-2542757381-3142984815-1135","SubjectUserSid":"S-1-5-21-4230534742-2542757381-3142984815-1158","SubjectUserName":"lambda-user","SubjectDomainName":"OFFSEC","SubjectLogonId":"0x8084443","PrivilegeList":"-"}}}
{"Event_attributes":{"xmlns":"http://schemas.microsoft.com/win/2004/08/events/event"},"Event":{"System":{"Provider_attributes":{"Name":"Microsoft-Windows-Security-Auditing","Guid":"54849625-5478-4994-A5BA-3E3B0328C30D"},"EventID":4728,"Version":0,"Level":0,"Task":13826,"Opcode":0,"Keywords":"0x8020000000000000","TimeCreated_attributes":{"SystemTime":"2020-07-12T05:19:54.566003Z"},"EventRecordID":16078262,"Correlation":null,"Execution_attributes":{"ProcessID":528,"ThreadID":3156},"Channel":"Security","Computer":"rootdc1.offsec.lan","Security":null},"EventData":{"MemberName":"CN=hack-adm-hack,OU=Test-OU,OU=OFFSEC-COMPANY,DC=offsec,DC=lan","MemberSid":"S-1-5-21-4230534742-2542757381-3142984815-1150","TargetUserName":"Group03","TargetDomainName":"OFFSEC","TargetSid":"S-1-5-21-4230534742-2542757381-3142984815-1136","SubjectUserSid":"S-1-5-21-4230534742-2542757381-3142984815-1158","SubjectUserName":"lambda-user","SubjectDomainName":"OFFSEC","SubjectLogonId":"0x8084443","PrivilegeList":"-"}}}
{"Event_attributes":{"xmlns":"http://schemas.microsoft.com/win/2004/08/events/event"},"Event":{"System":{"Provider_attributes":{"Name":"Microsoft-Windows-Security-Auditing","Guid":"54849625-5478-4994-A5BA-3E3B0328C30D"},"EventID":4728,"Version":0,"Level":0,"Task":13826,"Opcode":0,"Keywords":"0x8020000000000000","TimeCreated_attributes":{"SystemTime":"2020-07-12T05:19:54.568096Z"},"EventRecordID":16078265,"Correlation":null,"Execution_attributes":{"ProcessID":528,"ThreadID":3156},"Channel":"Security","Computer":"rootdc1.offsec.lan","Security":null},"EventData":{"MemberName":"CN=hack-adm-hack,OU=Test-OU,OU=OFFSEC-COMPANY,DC=offsec,DC=lan","MemberSid":"S-1-5-21-4230534742-2542757381-3142984815-1150","TargetUserName":"Group04","TargetDomainName":"OFFSEC","TargetSid":"S-1-5-21-4230534742-2542757381-3142984815-1137","SubjectUserSid":"S-1-5-21-4230534742-2542757381-3142984815-1158","SubjectUserName":"lambda-user","SubjectDomainName":"OFFSEC","SubjectLogonId":"0x8084443","PrivilegeList":"-"}}}
{"Event_attributes":{"xmlns":"http://schemas.microsoft.com/win/2004/08/events/event"},"Event":{"System":{"Provider_attributes":{"Name":"Microsoft-Windows-Security-Auditing","Guid":"54849625-5478-4994-A5BA-3E3B0328C30D"},"EventID":4728,"Version":0,"Level":0,"Task":13826,"Opcode":0,"Keywords":"0x8020000000000000","TimeCreated_attributes":{"SystemTime":"2020-07-12T05:19:54.570056Z"},"EventRecordID":16078268,"Correlation":null,"Execution_attributes":{"ProcessID":528,"ThreadID":3156},"Channel":"Security","Computer":"rootdc1.offsec.lan","Security":null},"EventData":{"MemberName":"CN=hack-adm-hack,OU=Test-OU,OU=OFFSEC-COMPANY,DC=offsec,DC=lan","MemberSid":"S-1-5-21-4230534742-2542757381-3142984815-1150","TargetUserName":"Group05","TargetDomainName":"OFFSEC","TargetSid":"S-1-5-21-4230534742-2542757381-3142984815-1138","SubjectUserSid":"S-1-5-21-4230534742-2542757381-3142984815-1158","SubjectUserName":"lambda-user","SubjectDomainName":"OFFSEC","SubjectLogonId":"0x8084443","PrivilegeList":"-"}}}
{"Event_attributes":{"xmlns":"http://schemas.microsoft.com/win/2004/08/events/event"},"Event":{"System":{"Provider_attributes":{"Name":"Microsoft-Windows-Security-Auditing","Guid":"54849625-5478-4994-A5BA-3E3B0328C30D"},"EventID":4728,"Version":0,"Level":0,"Task":13826,"Opcode":0,"Keywords":"0x8020000000000000","TimeCreated_attributes":{"SystemTime":"2020-07-12T05:19:54.572024Z"},"EventRecordID":16078271,"Correlation":null,"Execution_attributes":{"ProcessID":528,"ThreadID":3156},"Channel":"Security","Computer":"rootdc1.offsec.lan","Security":null},"EventData":{"MemberName":"CN=hack-adm-hack,OU=Test-OU,OU=OFFSEC-COMPANY,DC=offsec,DC=lan","MemberSid":"S-1-5-21-4230534742-2542757381-3142984815-1150","TargetUserName":"Group06","TargetDomainName":"OFFSEC","TargetSid":"S-1-5-21-4230534742-2542757381-3142984815-1139","SubjectUserSid":"S-1-5-21-4230534742-2542757381-3142984815-1158","SubjectUserName":"lambda-user","SubjectDomainName":"OFFSEC","SubjectLogonId":"0x8084443","PrivilegeList":"-"}}}
{"Event_attributes":{"xmlns":"http://schemas.microsoft.com/win/2004/08/events/event"},"Event":{"System":{"Provider_attributes":{"Name":"Microsoft-Windows-Security-Auditing","Guid":"54849625-5478-4994-A5BA-3E3B0328C30D"},"EventID":4728,"Version":0,"Level":0,"Task":13826,"Opcode":0,"Keywords":"0x8020000000000000","TimeCreated_attributes":{"SystemTime":"2020-07-12T05:19:54.574250Z"},"EventRecordID":16078274,"Correlation":null,"Execution_attributes":{"ProcessID":528,"ThreadID":3156},"Channel":"Security","Computer":"rootdc1.offsec.lan","Security":null},"EventData":{"MemberName":"CN=hack-adm-hack,OU=Test-OU,OU=OFFSEC-COMPANY,DC=offsec,DC=lan","MemberSid":"S-1-5-21-4230534742-2542757381-3142984815-1150","TargetUserName":"Group07","TargetDomainName":"OFFSEC","TargetSid":"S-1-5-21-4230534742-2542757381-3142984815-1140","SubjectUserSid":"S-1-5-21-4230534742-2542757381-3142984815-1158","SubjectUserName":"lambda-user","SubjectDomainName":"OFFSEC","SubjectLogonId":"0x8084443","PrivilegeList":"-"}}}
{"Event_attributes":{"xmlns":"http://schemas.microsoft.com/win/2004/08/events/event"},"Event":{"System":{"Provider_attributes":{"Name":"Microsoft-Windows-Security-Auditing","Guid":"54849625-5478-4994-A5BA-3E3B0328C30D"},"EventID":4728,"Version":0,"Level":0,"Task":13826,"Opcode":0,"Keywords":"0x8020000000000000","TimeCreated_attributes":{"SystemTime":"2020-07-12T05:19:54.576239Z"},"EventRecordID":16078277,"Correlation":null,"Execution_attributes":{"ProcessID":528,"ThreadID":3156},"Channel":"Security","Computer":"rootdc1.offsec.lan","Security":null},"EventData":{"MemberName":"CN=hack-adm-hack,OU=Test-OU,OU=OFFSEC-COMPANY,DC=offsec,DC=lan","MemberSid":"S-1-5-21-4230534742-2542757381-3142984815-1150","TargetUserName":"Group08","TargetDomainName":"OFFSEC","TargetSid":"S-1-5-21-4230534742-2542757381-3142984815-1141","SubjectUserSid":"S-1-5-21-4230534742-2542757381-3142984815-1158","SubjectUserName":"lambda-user","SubjectDomainName":"OFFSEC","SubjectLogonId":"0x8084443","PrivilegeList":"-"}}}
{"Event_attributes":{"xmlns":"http://schemas.microsoft.com/win/2004/08/events/event"},"Event":{"System":{"Provider_attributes":{"Name":"Microsoft-Windows-Security-Auditing","Guid":"54849625-5478-4994-A5BA-3E3B0328C30D"},"EventID":4728,"Version":0,"Level":0,"Task":13826,"Opcode":0,"Keywords":"0x8020000000000000","TimeCreated_attributes":{"SystemTime":"2020-07-12T05:19:54.578258Z"},"EventRecordID":16078280,"Correlation":null,"Execution_attributes":{"ProcessID":528,"ThreadID":3156},"Channel":"Security","Computer":"rootdc1.offsec.lan","Security":null},"EventData":{"MemberName":"CN=hack-adm-hack,OU=Test-OU,OU=OFFSEC-COMPANY,DC=offsec,DC=lan","MemberSid":"S-1-5-21-4230534742-2542757381-3142984815-1150","TargetUserName":"Group09","TargetDomainName":"OFFSEC","TargetSid":"S-1-5-21-4230534742-2542757381-3142984815-1142","SubjectUserSid":"S-1-5-21-4230534742-2542757381-3142984815-1158","SubjectUserName":"lambda-user","SubjectDomainName":"OFFSEC","SubjectLogonId":"0x8084443","PrivilegeList":"-"}}}
{"Event_attributes":{"xmlns":"http://schemas.microsoft.com/win/2004/08/events/event"},"Event":{"System":{"Provider_attributes":{"Name":"Microsoft-Windows-Security-Auditing","Guid":"54849625-5478-4994-A5BA-3E3B0328C30D"},"EventID":4728,"Version":0,"Level":0,"Task":13826,"Opcode":0,"Keywords":"0x8020000000000000","TimeCreated_attributes":{"SystemTime":"2020-07-12T05:19:54.580229Z"},"EventRecordID":16078283,"Correlation":null,"Execution_attributes":{"ProcessID":528,"ThreadID":3156},"Channel":"Security","Computer":"rootdc1.offsec.lan","Security":null},"EventData":{"MemberName":"CN=hack-adm-hack,OU=Test-OU,OU=OFFSEC-COMPANY,DC=offsec,DC=lan","MemberSid":"S-1-5-21-4230534742-2542757381-3142984815-1150","TargetUserName":"Group10","TargetDomainName":"OFFSEC","TargetSid":"S-1-5-21-4230534742-2542757381-3142984815-1143","SubjectUserSid":"S-1-5-21-4230534742-2542757381-3142984815-1158","SubjectUserName":"lambda-user","SubjectDomainName":"OFFSEC","SubjectLogonId":"0x8084443","PrivilegeList":"-"}}}
{"Event_attributes":{"xmlns":"http://schemas.microsoft.com/win/2004/08/events/event"},"Event":{"System":{"Provider_attributes":{"Name":"Microsoft-Windows-Security-Auditing","Guid":"54849625-5478-4994-A5BA-3E3B0328C30D"},"EventID":4728,"Version":0,"Level":0,"Task":13826,"Opcode":0,"Keywords":"0x8020000000000000","TimeCreated_attributes":{"SystemTime":"2020-07-12T05:19:54.582191Z"},"EventRecordID":16078286,"Correlation":null,"Execution_attributes":{"ProcessID":528,"ThreadID":3156},"Channel":"Security","Computer":"rootdc1.offsec.lan","Security":null},"EventData":{"MemberName":"CN=hack-adm-hack,OU=Test-OU,OU=OFFSEC-COMPANY,DC=offsec,DC=lan","MemberSid":"S-1-5-21-4230534742-2542757381-3142984815-1150","TargetUserName":"Group11","TargetDomainName":"OFFSEC","TargetSid":"S-1-5-21-4230534742-2542757381-3142984815-1144","SubjectUserSid":"S-1-5-21-4230534742-2542757381-3142984815-1158","SubjectUserName":"lambda-user","SubjectDomainName":"OFFSEC","SubjectLogonId":"0x8084443","PrivilegeList":"-"}}}
