{"Event_attributes":{"xmlns":"http://schemas.microsoft.com/win/2004/08/events/event"},"Event":{"System":{"Provider_attributes":{"Name":"Microsoft-Windows-Security-Auditing","Guid":"54849625-5478-4994-A5BA-3E3B0328C30D"},"EventID":4662,"Version":0,"Level":0,"Task":14080,"Opcode":0,"Keywords":"0x8020000000000000","TimeCreated_attributes":{"SystemTime":"2021-02-22T22:35:11.993826Z"},"EventRecordID":111655522,"Correlation_attributes":{"ActivityID":"D4E86EE2-EFDA-0001-FC6E-E8D4DAEFD601"},"Execution_attributes":{"ProcessID":556,"ThreadID":15032},"Channel":"Security","Computer":"rootdc1.offsec.lan","Security":null},"EventData":{"SubjectUserSid":"S-1-5-21-4230534742-2542757381-3142984815-1111","SubjectUserName":"admmig","SubjectDomainName":"OFFSEC","SubjectLogonId":"0x24d7d370","ObjectServer":"DS","ObjectType":"%{bf967aba-0de6-11d0-a285-00aa003049e2}","ObjectName":"%{0948c16d-536f-4a78-b0a3-879febb036ea}","OperationType":"Object Access","HandleId":"0x0","AccessList":"%%7688\r\n\t\t\t\t","AccessMask":"0x100","Properties":"%%7688\r\n\t\t{91e647de-d96f-4b70-9557-d63ff4f3ccd8}\r\n\t\t\t{6617e4ac-a2f1-43ab-b60c-11fbd1facf05}\r\n\t\t\t{b3f93023-9239-4f7c-b99c-6745d87adbc2}\r\n\t\t\t{b8dfa744-31dc-4ef1-ac7c-84baf7ef9da7}\r\n\t\t\t{b7ff5a38-0818-42b0-8110-d3d154c97f24}\r\n\t\t{771727b1-31b8-4cdf-ae62-4fe39fadf89e}\r\n\t\t\t{612cb747-c0e8-4f92-9221-fdd5f15b550d}\r\n\t{bf967aba-0de6-11d0-a285-00aa003049e2}\r\n","AdditionalInfo":"-","AdditionalInfo2":""}}}
{"Event_attributes":{"xmlns":"http://schemas.microsoft.com/win/2004/08/events/event"},"Event":{"System":{"Provider_attributes":{"Name":"Microsoft-Windows-Security-Auditing","Guid":"54849625-5478-4994-A5BA-3E3B0328C30D"},"EventID":4662,"Version":0,"Level":0,"Task":14080,"Opcode":0,"Keywords":"0x8020000000000000","TimeCreated_attributes":{"SystemTime":"2021-02-22T22:35:20.786627Z"},"EventRecordID":111655541,"Correlation_attributes":{"ActivityID":"D4E86EE2-EFDA-0001-FC6E-E8D4DAEFD601"},"Execution_attributes":{"ProcessID":556,"ThreadID":15032},"Channel":"Security","Computer":"rootdc1.offsec.lan","Security":null},"EventData":{"SubjectUserSid":"S-1-5-21-4230534742-2542757381-3142984815-1111","SubjectUserName":"admmig","SubjectDomainName":"OFFSEC","SubjectLogonId":"0x24ddd890","ObjectServer":"DS","ObjectType":"%{bf967aba-0de6-11d0-a285-00aa003049e2}","ObjectName":"%{237e2948-81ed-41be-b979-27f0f95b4302}","OperationType":"Object Access","HandleId":"0x0","AccessList":"%%1540\r\n\t\t\t\t","AccessMask":"0x80000","Properties":"%%1540\r\n\t{bf967aba-0de6-11d0-a285-00aa003049e2}\r\n","AdditionalInfo":"-","AdditionalInfo2":""}}}
{"Event_attributes":{"xmlns":"http://schemas.microsoft.com/win/2004/08/events/event"},"Event":{"System":{"Provider_attributes":{"Name":"Microsoft-Windows-Security-Auditing","Guid":"54849625-5478-4994-A5BA-3E3B0328C30D"},"EventID":4738,"Version":0,"Level":0,"Task":13824,"Opcode":0,"Keywords":"0x8020000000000000","TimeCreated_attributes":{"SystemTime":"2021-02-22T22:35:20.787667Z"},"EventRecordID":111655542,"Correlation":null,"Execution_attributes":{"ProcessID":556,"ThreadID":11192},"Channel":"Security","Computer":"rootdc1.offsec.lan","Security":null},"EventData":{"Dummy":"-","TargetUserName":"test56","TargetDomainName":"OFFSEC","TargetSid":"S-1-5-21-4230534742-2542757381-3142984815-1232","SubjectUserSid":"S-1-5-21-4230534742-2542757381-3142984815-1111","SubjectUserName":"admmig","SubjectDomainName":"OFFSEC","SubjectLogonId":"0x24ddd890","PrivilegeList":"-","SamAccountName":"-","DisplayName":"-","UserPrincipalName":"-","HomeDirectory":"-","HomePath":"-","ScriptPath":"-","ProfilePath":"-","UserWorkstations":"-","PasswordLastSet":"-","AccountExpires":"-","PrimaryGroupId":"-","AllowedToDelegateTo":"-","OldUacValue":"-","NewUacValue":"-","UserAccountControl":"-","UserParameters":"-","SidHistory":"-","LogonHours":"-"}}}
{"Event_attributes":{"xmlns":"http://schemas.microsoft.com/win/2004/08/events/event"},"Event":{"System":{"Provider_attributes":{"Name":"Microsoft-Windows-Security-Auditing","Guid":"54849625-5478-4994-A5BA-3E3B0328C30D"},"EventID":5136,"Version":0,"Level":0,"Task":14081,"Opcode":0,"Keywords":"0x8020000000000000","TimeCreated_attributes":{"SystemTime":"2021-02-22T22:35:21.252375Z"},"EventRecordID":111655575,"Correlation_attributes":{"ActivityID":"D4E86EE2-EFDA-0001-FC6E-E8D4DAEFD601"},"Execution_attributes":{"ProcessID":556,"ThreadID":12772},"Channel":"Security","Computer":"rootdc1.offsec.lan","Security":null},"EventData":{"OpCorrelationID":"FF60A8E5-D3B1-480D-A55C-F8D3DB68277A","AppCorrelationID":"-","SubjectUserSid":"S-1-5-21-4230534742-2542757381-3142984815-1111","SubjectUserName":"admmig","SubjectDomainName":"OFFSEC","SubjectLogonId":"0x24ddd890","DSName":"offsec.lan","DSType":"%%14676","ObjectDN":"CN=test56,OU=Test-OU,OU=OFFSEC-COMPANY,DC=offsec,DC=lan","ObjectGUID":"237E2948-81ED-41BE-B979-27F0F95B4302","ObjectClass":"user","AttributeLDAPDisplayName":"nTSecurityDescriptor","AttributeSyntaxOID":"2.5.5.15","AttributeValue":"O:S-1-5-21-4230534742-2542757381-3142984815-1170G:DAD:AI(OD;;CR;ab721a53-1e2f-11d0-9819-00aa0040529b;;WD)(OD;;CR;ab721a53-1e2f-11d0-9819-00aa0040529b;;PS)(OA;;RP;4c164200-20c0-11d0-a768-00aa006e0529;;RS)(OA;;RP;5f202010-79a5-11d0-9020-00c04fc2d4cf;;RS)(OA;;RP;bc0ac240-79a9-11d0-9020-00c04fc2d4cf;;RS)(OA;;RP;037088f8-0ae1-11d2-b422-00a0c968f939;;RS)(OA;;RPWP;bf967a7f-0de6-11d0-a285-00aa003049e2;;CA)(OA;;RP;46a9b11d-60ae-405a-b7e8-ff8a58d456d2;;S-1-5-32-560)(OA;;RPWP;6db69a1c-9422-11d1-aebd-0000f80367c1;;S-1-5-32-561)(OA;;RPWP;5805bc62-bdc9-4428-a5e2-856a0f4c185e;;S-1-5-32-561)(OA;;CR;ab721a53-1e2f-11d0-9819-00aa0040529b;;WD)(OA;;CR;ab721a53-1e2f-11d0-9819-00aa0040529b;;PS)(OA;;CR;ab721a54-1e2f-11d0-9819-00aa0040529b;;PS)(OA;;CR;ab721a56-1e2f-11d0-9819-00aa0040529b;;PS)(OA;;RP;59ba2f42-79a2-11d0-9020-00c04fc2d3cf;;AU)(OA;;RP;e48d0154-bcf8-11d1-8702-00c04fb96050;;AU)(OA;;RP;77b5b886-944a-11d1-aebd-0000f80367c1;;AU)(OA;;RP;e45795b3-9455-11d1-aebd-0000f80367c1;;AU)(OA;;RPWP;77b5b886-944a-11d1-aebd-0000f80367c1;;PS)(OA;;RPWP;e45795b2-9455-11d1-aebd-0000f80367c1;;PS)(OA;;RPWP;e45795b3-9455-11d1-aebd-0000f80367c1;;PS)(A;;CCDCLCSWRPWPDTLOCRSDRCWDWO;;;DA)(A;;CCDCLCSWRPWPDTLOCRSDRCWDWO;;;AO)(A;;RC;;;AU)(A;;LCRPLORC;;;PS)(A;;CCDCLCSWRPWPDTLOCRSDRCWDWO;;;SY)(OA;CIID;CR;00299570-246d-11d0-a768-00aa006e0529;bf967aba-0de6-11d0-a285-00aa003049e2;S-1-5-21-4230534742-2542757381-3142984815-1233)(OA;CIID;RPWP;bf967a0a-0de6-11d0-a285-00aa003049e2;bf967aba-0de6-11d0-a285-00aa003049e2;S-1-5-21-4230534742-2542757381-3142984815-1233)(OA;CIID;CCDC;bf967a9c-0de6-11d0-a285-00aa003049e2;;S-1-5-21-4230534742-2542757381-3142984815-1605)(OA;CIID;CCDC;bf967aba-0de6-11d0-a285-00aa003049e2;;S-1-5-21-4230534742-2542757381-3142984815-1605)(OA;CIIOID;CCDCLCSWRPWPDTLOCRSDRCWDWO;;bf967a9c-0de6-11d0-a285-00aa003049e2;S-1-5-21-4230534742-2542757381-3142984815-1605)(OA;CIID;CCDCLCSWRPWPDTLOCRSDRCWDWO;;bf967aba-0de6-11d0-a285-00aa003049e2;S-1-5-21-4230534742-2542757381-3142984815-1605)(OD;CIID;WP;f3a64788-5306-11d1-a9c5-0000f80367c1;;S-1-5-21-4230534742-2542757381-3142984815-1205)(OA;CIID;CR;ab721a53-1e2f-11d0-9819-00aa0040529b;bf967aba-0de6-11d0-a285-00aa003049e2;S-1-5-21-4230534742-2542757381-3142984815-1207)(OA;CIID;CR;00299570-246d-11d0-a768-00aa006e0529;bf967aba-0de6-11d0-a285-00aa003049e2;S-1-5-21-4230534742-2542757381-3142984815-1207)(OA;CIIOID;CCDCLC;c975c901-6cea-4b6f-8319-d67f45449506;4828cc14-1437-45bc-9b07-ad6f015e5f28;S-1-5-21-4230534742-2542757381-3142984815-1204)(OA;CIID;CCDCLC;c975c901-6cea-4b6f-8319-d67f45449506;bf967aba-0de6-11d0-a285-00aa003049e2;S-1-5-21-4230534742-2542757381-3142984815-1204)(OA;CIIOID;RP;4c164200-20c0-11d0-a768-00aa006e0529;4828cc14-1437-45bc-9b07-ad6f015e5f28;RU)(OA;CIID;RP;4c164200-20c0-11d0-a768-00aa006e0529;bf967aba-0de6-11d0-a285-00aa003049e2;RU)(OA;CIIOID;RP;5f202010-79a5-11d0-9020-00c04fc2d4cf;4828cc14-1437-45bc-9b07-ad6f015e5f28;RU)(OA;CIID;RP;5f202010-79a5-11d0-9020-00c04fc2d4cf;bf967aba-0de6-11d0-a285-00aa003049e2;RU)(OA;CIIOID;RP;bc0ac240-79a9-11d0-9020-00c04fc2d4cf;4828cc14-1437-45bc-9b07-ad6f015e5f28;RU)(OA;CIID;RP;bc0ac240-79a9-11d0-9020-00c04fc2d4cf;bf967aba-0de6-11d0-a285-00aa003049e2;RU)(OA;CIIOID;RP;59ba2f42-79a2-11d0-9020-00c04fc2d3cf;4828cc14-1437-45bc-9b07-ad6f015e5f28;RU)(OA;CIID;RP;59ba2f42-79a2-11d0-9020-00c04fc2d3cf;bf967aba-0de6-11d0-a285-00aa003049e2;RU)(OA;CIIOID;RP;037088f8-0ae1-11d2-b422-00a0c968f939;4828cc14-1437-45bc-9b07-ad6f015e5f28;RU)(OA;CIID;RP;037088f8-0ae1-11d2-b422-00a0c968f939;bf967aba-0de6-11d0-a285-00aa003049e2;RU)(OA;CIID;CC;4828cc14-1437-45bc-9b07-ad6f015e5f28;;S-1-5-21-4230534742-2542757381-3142984815-1207)(OA;CIID;CC;bf967a86-0de6-11d0-a285-00aa003049e2;;S-1-5-21-4230534742-2542757381-3142984815-1207)(OA;CIID;CC;bf967a9c-0de6-11d0-a285-00aa003049e2;;S-1-5-21-4230534742-2542757381-3142984815-1207)(OA;CIID;CC;bf967aa5-0de6-11d0-a285-00aa003049e2;;S-1-5-21-4230534742-2542757381-3142984815-1207)(OA;CIID;CC;bf967aba-0de6-11d0-a285-00aa003049e2;;S-1-5-21-4230534742-2542757381-3142984815-1207)(OA;CIID;CC;5cb41ed0-0e4c-11d0-a286-00aa003049e2;;S-1-5-21-4230534742-2542757381-3142984815-1207)(OA;CIID;RP;4c164200-20c0-11d0-a768-00aa006e0529;;S-1-5-21-4230534742-2542757381-3142984815-1199)(OA;CIID;RP;b1b3a417-ec55-4191-b327-b72e33e38af2;;S-1-5-21-4230534742-2542757381-3142984815-1204)(OA;CIID;RP;9a7ad945-ca53-11d1-bbd0-0080c76670c0;;S-1-5-21-4230534742-2542757381-3142984815-1204)(OA;CIID;RP;bf967a68-0de6-11d0-a285-00aa003049e2;;S-1-5-21-4230534742-2542757381-3142984815-1204)(OA;CIID;RP;1f298a89-de98-47b8-b5cd-572ad53d267e;;S-1-5-21-4230534742-2542757381-3142984815-1204)(OA;CIID;RP;bf967991-0de6-11d0-a285-00aa003049e2;;S-1-5-21-4230534742-2542757381-3142984815-1204)(OA;CIID;RP;5fd424a1-1262-11d0-a060-00aa006c33ed;;S-1-5-21-4230534742-2542757381-3142984815-1204)(OA;CIID;WP;bf967a06-0de6-11d0-a285-00aa003049e2;;S-1-5-21-4230534742-2542757381-3142984815-1190)(OA;CIID;WP;bf967a06-0de6-11d0-a285-00aa003049e2;;S-1-5-21-4230534742-2542757381-3142984815-1205)(OA;CIID;WP;bf967a0a-0de6-11d0-a285-00aa003049e2;;S-1-5-21-4230534742-2542757381-3142984815-1207)(OA;CIID;WP;3e74f60e-3e73-11d1-a9c0-0000f80367c1;;S-1-5-21-4230534742-2542757381-3142984815-1190)(OA;CIID;WP;3e74f60e-3e73-11d1-a9c0-0000f80367c1;;S-1-5-21-4230534742-2542757381-3142984815-1205)(OA;CIID;WP;b1b3a417-ec55-4191-b327-b72e33e38af2;;S-1-5-21-4230534742-2542757381-3142984815-1190)(OA;CIID;WP;b1b3a417-ec55-4191-b327-b72e33e38af2;;S-1-5-21-4230534742-2542757381-3142984815-1205)(OA;CIID;WP;bf96791a-0de6-11d0-a285-00aa003049e2;;S-1-5-21-4230534742-2542757381-3142984815-1190)(OA;CIID;WP;bf96791a-0de6-11d0-a285-00aa003049e2;;S-1-5-21-4230534742-2542757381-3142984815-1205)(OA;CIID;WP;9a9a021e-4a5b-11d1-a9c3-0000f80367c1;;S-1-5-21-4230534742-2542757381-3142984815-1204)(OA;CIID;WP;0296c120-40da-11d1-a9c0-0000f80367c1;;S-1-5-21-4230534742-2542757381-3142984815-1207)(OA;CIID;WP;934de926-b09e-11d2-aa06-00c04f8eedd8;;S-1-5-21-4230534742-2542757381-3142984815-1204)(OA;CIID;WP;5e353847-f36c-48be-a7f7-49685402503c;;S-1-5-21-4230534742-2542757381-3142984815-1204)(OA;CIID;WP;8d3bca50-1d7e-11d0-a081-00aa006c33ed;;S-1-5-21-4230534742-2542757381-3142984815-1204)(OA;CIID;WP;bf967953-0de6-11d0-a285-00aa003049e2;;S-1-5-21-4230534742-2542757381-3142984815-1190)(OA;CIID;WP;bf967953-0de6-11d0-a285-00aa003049e2;;S-1-5-21-4230534742-2542757381-3142984815-1205)(OA;CIID;WP;e48d0154-bcf8-11d1-8702-00c04fb96050;;S-1-5-21-4230534742-2542757381-3142984815-1205)(OA;CIID;WP;275b2f54-982d-4dcd-b0ad-e53501445efb;;S-1-5-21-4230534742-2542757381-3142984815-1204)(OA;CIID;WP;bf967954-0de6-11d0-a285-00aa003049e2;;S-1-5-21-4230534742-2542757381-3142984815-1190)(OA;CIID;WP;bf967954-0de6-11d0-a285-00aa003049e2;;S-1-5-21-4230534742-2542757381-3142984815-1205)(OA;CIID;WP;bf967961-0de6-11d0-a285-00aa003049e2;;S-1-5-21-4230534742-2542757381-3142984815-1190)(OA;CIID;WP;bf967961-0de6-11d0-a285-00aa003049e2;;S-1-5-21-4230534742-2542757381-3142984815-1205)(OA;CIID;WP;bf967a68-0de6-11d0-a285-00aa003049e2;;S-1-5-21-4230534742-2542757381-3142984815-1207)(OA;CIID;WP;5fd42471-1262-11d0-a060-00aa006c33ed;;S-1-5-21-4230534742-2542757381-3142984815-1207)(OA;CIID;WP;5430e777-c3ea-4024-902e-dde192204669;;S-1-5-21-4230534742-2542757381-3142984815-1204)(OA;CIID;WP;6f606079-3a82-4c1b-8efb-dcc8c91d26fe;;S-1-5-21-4230534742-2542757381-3142984815-1204)(OA;CIID;WP;bf967a7a-0de6-11d0-a285-00aa003049e2;;S-1-5-21-4230534742-2542757381-3142984815-1207)(OA;CIID;WP;bf967a7f-0de6-11d0-a285-00aa003049e2;;S-1-5-21-4230534742-2542757381-3142984815-1204)(OA;CIID;WP;614aea82-abc6-4dd0-a148-d67a59c72816;;S-1-5-21-4230534742-2542757381-3142984815-1204)(OA;CIID;WP;66437984-c3c5-498f-b269-987819ef484b;;S-1-5-21-4230534742-2542757381-3142984815-1204)(OA;CIID;WP;77b5b886-944a-11d1-aebd-0000f80367c1;;S-1-5-21-4230534742-2542757381-3142984815-1205)(OA;CIID;WP;a8df7489-c5ea-11d1-bbcb-0080c76670c0;;S-1-5-21-4230534742-2542757381-3142984815-1190)(OA;CIID;WP;a8df7489-c5ea-11d1-bbcb-0080c76670c0;;S-1-5-21-4230534742-2542757381-3142984815-1205)(OA;CIID;WP;1f298a89-de98-47b8-b5cd-572ad53d267e;;S-1-5-21-4230534742-2542757381-3142984815-1190)(OA;CIID;WP;1f298a89-de98-47b8-b5cd-572ad53d267e;;S-1-5-21-4230534742-2542757381-3142984815-1205)(OA;CIID;WP;f0f8ff9a-1191-11d0-a060-00aa006c33ed;;S-1-5-21-4230534742-2542757381-3142984815-1190)(OA;CIID;WP;f0f8ff9a-1191-11d0-a060-00aa006c33ed;;S-1-5-21-4230534742-2542757381-3142984815-1204)(OA;CIID;WP;f0f8ff9a-1191-11d0-a060-00aa006c33ed;;S-1-5-21-4230534742-2542757381-3142984815-1205)(OA;CIID;WP;2cc06e9d-6f7e-426a-8825-0215de176e11;;S-1-5-21-4230534742-2542757381-3142984815-1204)(OA;CIID;WP;5fd424a1-1262-11d0-a060-00aa006c33ed;;S-1-5-21-4230534742-2542757381-3142984815-1190)(OA;CIID;WP;5fd424a1-1262-11d0-a060-00aa006c33ed;;S-1-5-21-4230534742-2542757381-3142984815-1205)(OA;CIID;WP;3263e3b8-fd6b-4c60-87f2-34bdaa9d69eb;;S-1-5-21-4230534742-2542757381-3142984815-1204)(OA;CIID;WP;28630ebc-41d5-11d1-a9c1-0000f80367c1;;S-1-5-21-4230534742-2542757381-3142984815-1190)(OA;CIID;WP;28630ebc-41d5-11d1-a9c1-0000f80367c1;;S-1-5-21-4230534742-2542757381-3142984815-1205)(OA;CIID;WP;bf9679c0-0de6-11d0-a285-00aa003049e2;;S-1-5-21-4230534742-2542757381-3142984815-1207)(OA;CIID;WP;3e0abfd0-126a-11d0-a060-00aa006c33ed;;S-1-5-21-4230534742-2542757381-3142984815-1207)(OA;CIID;WP;7cb4c7d3-8787-42b0-b438-3c5d479ad31e;;S-1-5-21-4230534742-2542757381-3142984815-1204)(OA;CIID;RPWP;5b47d60f-6090-40b2-9f37-2a4de88f3063;;S-1-5-21-4230534742-2542757381-3142984815-526)(OA;CIID;RPWP;5b47d60f-6090-40b2-9f37-2a4de88f3063;;S-1-5-21-4230534742-2542757381-3142984815-527)(OA;CIIOID;DT;;4828cc14-1437-45bc-9b07-ad6f015e5f28;S-1-5-21-4230534742-2542757381-3142984815-1207)(OA;CIID;DT;;bf967aba-0de6-11d0-a285-00aa003049e2;S-1-5-21-4230534742-2542757381-3142984815-1207)(OA;CIID;CCDCLCRPWPLO;f0f8ffac-1191-11d0-a060-00aa006c33ed;;S-1-5-21-4230534742-2542757381-3142984815-1205)(OA;CIID;CCDCLCRPWPLO;e8b2aff2-59a7-4eac-9a70-819adef701dd;;S-1-5-21-4230534742-2542757381-3142984815-1204)(OA;CIID;CCDCLCSWRPWPDTLOCRSDRCWDWO;018849b0-a981-11d2-a9ff-00c04f8eedd8;;S-1-5-21-4230534742-2542757381-3142984815-1190)(OA;CIID;CCDCLCSWRPWPDTLOCRSDRCWDWO;018849b0-a981-11d2-a9ff-00c04f8eedd8;;S-1-5-21-4230534742-2542757381-3142984815-1205)(OA;CIIOID;SD;;bf967a86-0de6-11d0-a285-00aa003049e2;S-1-5-21-4230534742-2542757381-3142984815-1207)(OA;CIIOID;SD;;bf967a9c-0de6-11d0-a285-00aa003049e2;S-1-5-21-4230534742-2542757381-3142984815-1207)(OA;CIIOID;SD;;bf967aa5-0de6-11d0-a285-00aa003049e2;S-1-5-21-4230534742-2542757381-3142984815-1207)(OA;CIIOID;SD;;5cb41ed0-0e4c-11d0-a286-00aa003049e2;S-1-5-21-4230534742-2542757381-3142984815-1207)(OA;CIIOID;SDWD;;4828cc14-1437-45bc-9b07-ad6f015e5f28;S-1-5-21-4230534742-2542757381-3142984815-1207)(OA;CIID;SDWD;;bf967aba-0de6-11d0-a285-00aa003049e2;S-1-5-21-4230534742-2542757381-3142984815-1207)(OA;CIIOID;SW;9b026da6-0d3c-465c-8bee-5199d7165cba;bf967a86-0de6-11d0-a285-00aa003049e2;CO)(OA;CIIOID;SW;9b026da6-0d3c-465c-8bee-5199d7165cba;bf967a86-0de6-11d0-a285-00aa003049e2;PS)(OA;CIIOID;RP;b7c69e6d-2cc7-11d2-854e-00a0c983f608;bf967a86-0de6-11d0-a285-00aa003049e2;ED)(OA;CIIOID;RP;b7c69e6d-2cc7-11d2-854e-00a0c983f608;bf967a9c-0de6-11d0-a285-00aa003049e2;ED)(OA;CIID;RP;b7c69e6d-2cc7-11d2-854e-00a0c983f608;bf967aba-0de6-11d0-a285-00aa003049e2;ED)(OA;CIIOID;WP;ea1b7b93-5e48-46d5-bc6c-4df4fda78a35;bf967a86-0de6-11d0-a285-00aa003049e2;PS)(OA;CIIOID;CCDCLCSWRPWPDTLOCRSDRCWDWO;;c975c901-6cea-4b6f-8319-d67f45449506;S-1-5-21-4230534742-2542757381-3142984815-1205)(OA;CIIOID;CCDCLCSWRPWPDTLOCRSDRCWDWO;;f0f8ffac-1191-11d0-a060-00aa006c33ed;S-1-5-21-4230534742-2542757381-3142984815-1205)(OA;CIIOID;LCRPLORC;;4828cc14-1437-45bc-9b07-ad6f015e5f28;RU)(OA;CIIOID;LCRPLORC;;bf967a9c-0de6-11d0-a285-00aa003049e2;RU)(OA;CIID;LCRPLORC;;bf967aba-0de6-11d0-a285-00aa003049e2;RU)(OA;CIID;RP;b1b3a417-ec55-4191-b327-b72e33e38af2;;NS)(OA;CIID;RP;1f298a89-de98-47b8-b5cd-572ad53d267e;;AU)(OA;CIID;RPWP;3f78c3e5-f79a-46bd-a0b8-9d18116ddc79;;PS)(OA;CIID;RPWPCR;91e647de-d96f-4b70-9557-d63ff4f3ccd8;;PS)(A;CIID;LCRPLORC;;;S-1-5-21-4230534742-2542757381-3142984815-1190)(A;CIID;LCRPLORC;;;S-1-5-21-4230534742-2542757381-3142984815-1205)(A;CIID;CCDCLCSWRPWPDTLOCRSDRCWDWO;;;S-1-5-21-4230534742-2542757381-3142984815-519)(A;CIID;LC;;;RU)(A;CIID;CCLCSWRPWPLOCRSDRCWDWO;;;BA)S:AI(AU;CIIDSA;WPWDWO;;;WD)(AU;CIIDSA;CRWD;;;WD)","OperationType":"%%14675"}}}
{"Event_attributes":{"xmlns":"http://schemas.microsoft.com/win/2004/08/events/event"},"Event":{"System":{"Provider_attributes":{"Name":"Microsoft-Windows-Security-Auditing","Guid":"54849625-5478-4994-A5BA-3E3B0328C30D"},"EventID":5136,"Version":0,"Level":0,"Task":14081,"Opcode":0,"Keywords":"0x8020000000000000","TimeCreated_attributes":{"SystemTime":"2021-02-22T22:35:21.253088Z"},"EventRecordID":111655576,"Correlation_attributes":{"ActivityID":"D4E86EE2-EFDA-0001-FC6E-E8D4DAEFD601"},"Execution_attributes":{"ProcessID":556,"ThreadID":4060},"Channel":"Security","Computer":"rootdc1.offsec.lan","Security":null},"EventData":{"OpCorrelationID":"FF60A8E5-D3B1-480D-A55C-F8D3DB68277A","AppCorrelationID":"-","SubjectUserSid":"S-1-5-21-4230534742-2542757381-3142984815-1111","SubjectUserName":"admmig","SubjectDomainName":"OFFSEC","SubjectLogonId":"0x24ddd890","DSName":"offsec.lan","DSType":"%%14676","ObjectDN":"CN=test56,OU=Test-OU,OU=OFFSEC-COMPANY,DC=offsec,DC=lan","ObjectGUID":"237E2948-81ED-41BE-B979-27F0F95B4302","ObjectClass":"user","AttributeLDAPDisplayName":"nTSecurityDescriptor","AttributeSyntaxOID":"2.5.5.15","AttributeValue":"O:S-1-5-21-4230534742-2542757381-3142984815-1234G:DAD:AI(OD;;CR;ab721a53-1e2f-11d0-9819-00aa0040529b;;WD)(OD;;CR;ab721a53-1e2f-11d0-9819-00aa0040529b;;PS)(OA;;RP;4c164200-20c0-11d0-a768-00aa006e0529;;RS)(OA;;RP;5f202010-79a5-11d0-9020-00c04fc2d4cf;;RS)(OA;;RP;bc0ac240-79a9-11d0-9020-00c04fc2d4cf;;RS)(OA;;RP;037088f8-0ae1-11d2-b422-00a0c968f939;;RS)(OA;;RPWP;bf967a7f-0de6-11d0-a285-00aa003049e2;;CA)(OA;;RP;46a9b11d-60ae-405a-b7e8-ff8a58d456d2;;S-1-5-32-560)(OA;;RPWP;6db69a1c-9422-11d1-aebd-0000f80367c1;;S-1-5-32-561)(OA;;RPWP;5805bc62-bdc9-4428-a5e2-856a0f4c185e;;S-1-5-32-561)(OA;;CR;ab721a53-1e2f-11d0-9819-00aa0040529b;;WD)(OA;;CR;ab721a53-1e2f-11d0-9819-00aa0040529b;;PS)(OA;;CR;ab721a54-1e2f-11d0-9819-00aa0040529b;;PS)(OA;;CR;ab721a56-1e2f-11d0-9819-00aa0040529b;;PS)(OA;;RP;59ba2f42-79a2-11d0-9020-00c04fc2d3cf;;AU)(OA;;RP;e48d0154-bcf8-11d1-8702-00c04fb96050;;AU)(OA;;RP;77b5b886-944a-11d1-aebd-0000f80367c1;;AU)(OA;;RP;e45795b3-9455-11d1-aebd-0000f80367c1;;AU)(OA;;RPWP;77b5b886-944a-11d1-aebd-0000f80367c1;;PS)(OA;;RPWP;e45795b2-9455-11d1-aebd-0000f80367c1;;PS)(OA;;RPWP;e45795b3-9455-11d1-aebd-0000f80367c1;;PS)(A;;CCDCLCSWRPWPDTLOCRSDRCWDWO;;;DA)(A;;CCDCLCSWRPWPDTLOCRSDRCWDWO;;;AO)(A;;RC;;;AU)(A;;LCRPLORC;;;PS)(A;;CCDCLCSWRPWPDTLOCRSDRCWDWO;;;SY)(OA;CIID;CR;00299570-246d-11d0-a768-00aa006e0529;bf967aba-0de6-11d0-a285-00aa003049e2;S-1-5-21-4230534742-2542757381-3142984815-1233)(OA;CIID;RPWP;bf967a0a-0de6-11d0-a285-00aa003049e2;bf967aba-0de6-11d0-a285-00aa003049e2;S-1-5-21-4230534742-2542757381-3142984815-1233)(OA;CIID;CCDC;bf967a9c-0de6-11d0-a285-00aa003049e2;;S-1-5-21-4230534742-2542757381-3142984815-1605)(OA;CIID;CCDC;bf967aba-0de6-11d0-a285-00aa003049e2;;S-1-5-21-4230534742-2542757381-3142984815-1605)(OA;CIIOID;CCDCLCSWRPWPDTLOCRSDRCWDWO;;bf967a9c-0de6-11d0-a285-00aa003049e2;S-1-5-21-4230534742-2542757381-3142984815-1605)(OA;CIID;CCDCLCSWRPWPDTLOCRSDRCWDWO;;bf967aba-0de6-11d0-a285-00aa003049e2;S-1-5-21-4230534742-2542757381-3142984815-1605)(OD;CIID;WP;f3a64788-5306-11d1-a9c5-0000f80367c1;;S-1-5-21-4230534742-2542757381-3142984815-1205)(OA;CIID;CR;ab721a53-1e2f-11d0-9819-00aa0040529b;bf967aba-0de6-11d0-a285-00aa003049e2;S-1-5-21-4230534742-2542757381-3142984815-1207)(OA;CIID;CR;00299570-246d-11d0-a768-00aa006e0529;bf967aba-0de6-11d0-a285-00aa003049e2;S-1-5-21-4230534742-2542757381-3142984815-1207)(OA;CIIOID;CCDCLC;c975c901-6cea-4b6f-8319-d67f45449506;4828cc14-1437-45bc-9b07-ad6f015e5f28;S-1-5-21-4230534742-2542757381-3142984815-1204)(OA;CIID;CCDCLC;c975c901-6cea-4b6f-8319-d67f45449506;bf967aba-0de6-11d0-a285-00aa003049e2;S-1-5-21-4230534742-2542757381-3142984815-1204)(OA;CIIOID;RP;4c164200-20c0-11d0-a768-00aa006e0529;4828cc14-1437-45bc-9b07-ad6f015e5f28;RU)(OA;CIID;RP;4c164200-20c0-11d0-a768-00aa006e0529;bf967aba-0de6-11d0-a285-00aa003049e2;RU)(OA;CIIOID;RP;5f202010-79a5-11d0-9020-00c04fc2d4cf;4828cc14-1437-45bc-9b07-ad6f015e5f28;RU)(OA;CIID;RP;5f202010-79a5-11d0-9020-00c04fc2d4cf;bf967aba-0de6-11d0-a285-00aa003049e2;RU)(OA;CIIOID;RP;bc0ac240-79a9-11d0-9020-00c04fc2d4cf;4828cc14-1437-45bc-9b07-ad6f015e5f28;RU)(OA;CIID;RP;bc0ac240-79a9-11d0-9020-00c04fc2d4cf;bf967aba-0de6-11d0-a285-00aa003049e2;RU)(OA;CIIOID;RP;59ba2f42-79a2-11d0-9020-00c04fc2d3cf;4828cc14-1437-45bc-9b07-ad6f015e5f28;RU)(OA;CIID;RP;59ba2f42-79a2-11d0-9020-00c04fc2d3cf;bf967aba-0de6-11d0-a285-00aa003049e2;RU)(OA;CIIOID;RP;037088f8-0ae1-11d2-b422-00a0c968f939;4828cc14-1437-45bc-9b07-ad6f015e5f28;RU)(OA;CIID;RP;037088f8-0ae1-11d2-b422-00a0c968f939;bf967aba-0de6-11d0-a285-00aa003049e2;RU)(OA;CIID;CC;4828cc14-1437-45bc-9b07-ad6f015e5f28;;S-1-5-21-4230534742-2542757381-3142984815-1207)(OA;CIID;CC;bf967a86-0de6-11d0-a285-00aa003049e2;;S-1-5-21-4230534742-2542757381-3142984815-1207)(OA;CIID;CC;bf967a9c-0de6-11d0-a285-00aa003049e2;;S-1-5-21-4230534742-2542757381-3142984815-1207)(OA;CIID;CC;bf967aa5-0de6-11d0-a285-00aa003049e2;;S-1-5-21-4230534742-2542757381-3142984815-1207)(OA;CIID;CC;bf967aba-0de6-11d0-a285-00aa003049e2;;S-1-5-21-4230534742-2542757381-3142984815-1207)(OA;CIID;CC;5cb41ed0-0e4c-11d0-a286-00aa003049e2;;S-1-5-21-4230534742-2542757381-3142984815-1207)(OA;CIID;RP;4c164200-20c0-11d0-a768-00aa006e0529;;S-1-5-21-4230534742-2542757381-3142984815-1199)(OA;CIID;RP;b1b3a417-ec55-4191-b327-b72e33e38af2;;S-1-5-21-4230534742-2542757381-3142984815-1204)(OA;CIID;RP;9a7ad945-ca53-11d1-bbd0-0080c76670c0;;S-1-5-21-4230534742-2542757381-3142984815-1204)(OA;CIID;RP;bf967a68-0de6-11d0-a285-00aa003049e2;;S-1-5-21-4230534742-2542757381-3142984815-1204)(OA;CIID;RP;1f298a89-de98-47b8-b5cd-572ad53d267e;;S-1-5-21-4230534742-2542757381-3142984815-1204)(OA;CIID;RP;bf967991-0de6-11d0-a285-00aa003049e2;;S-1-5-21-4230534742-2542757381-3142984815-1204)(OA;CIID;RP;5fd424a1-1262-11d0-a060-00aa006c33ed;;S-1-5-21-4230534742-2542757381-3142984815-1204)(OA;CIID;WP;bf967a06-0de6-11d0-a285-00aa003049e2;;S-1-5-21-4230534742-2542757381-3142984815-1190)(OA;CIID;WP;bf967a06-0de6-11d0-a285-00aa003049e2;;S-1-5-21-4230534742-2542757381-3142984815-1205)(OA;CIID;WP;bf967a0a-0de6-11d0-a285-00aa003049e2;;S-1-5-21-4230534742-2542757381-3142984815-1207)(OA;CIID;WP;3e74f60e-3e73-11d1-a9c0-0000f80367c1;;S-1-5-21-4230534742-2542757381-3142984815-1190)(OA;CIID;WP;3e74f60e-3e73-11d1-a9c0-0000f80367c1;;S-1-5-21-4230534742-2542757381-3142984815-1205)(OA;CIID;WP;b1b3a417-ec55-4191-b327-b72e33e38af2;;S-1-5-21-4230534742-2542757381-3142984815-1190)(OA;CIID;WP;b1b3a417-ec55-4191-b327-b72e33e38af2;;S-1-5-21-4230534742-2542757381-3142984815-1205)(OA;CIID;WP;bf96791a-0de6-11d0-a285-00aa003049e2;;S-1-5-21-4230534742-2542757381-3142984815-1190)(OA;CIID;WP;bf96791a-0de6-11d0-a285-00aa003049e2;;S-1-5-21-4230534742-2542757381-3142984815-1205)(OA;CIID;WP;9a9a021e-4a5b-11d1-a9c3-0000f80367c1;;S-1-5-21-4230534742-2542757381-3142984815-1204)(OA;CIID;WP;0296c120-40da-11d1-a9c0-0000f80367c1;;S-1-5-21-4230534742-2542757381-3142984815-1207)(OA;CIID;WP;934de926-b09e-11d2-aa06-00c04f8eedd8;;S-1-5-21-4230534742-2542757381-3142984815-1204)(OA;CIID;WP;5e353847-f36c-48be-a7f7-49685402503c;;S-1-5-21-4230534742-2542757381-3142984815-1204)(OA;CIID;WP;8d3bca50-1d7e-11d0-a081-00aa006c33ed;;S-1-5-21-4230534742-2542757381-3142984815-1204)(OA;CIID;WP;bf967953-0de6-11d0-a285-00aa003049e2;;S-1-5-21-4230534742-2542757381-3142984815-1190)(OA;CIID;WP;bf967953-0de6-11d0-a285-00aa003049e2;;S-1-5-21-4230534742-2542757381-3142984815-1205)(OA;CIID;WP;e48d0154-bcf8-11d1-8702-00c04fb96050;;S-1-5-21-4230534742-2542757381-3142984815-1205)(OA;CIID;WP;275b2f54-982d-4dcd-b0ad-e53501445efb;;S-1-5-21-4230534742-2542757381-3142984815-1204)(OA;CIID;WP;bf967954-0de6-11d0-a285-00aa003049e2;;S-1-5-21-4230534742-2542757381-3142984815-1190)(OA;CIID;WP;bf967954-0de6-11d0-a285-00aa003049e2;;S-1-5-21-4230534742-2542757381-3142984815-1205)(OA;CIID;WP;bf967961-0de6-11d0-a285-00aa003049e2;;S-1-5-21-4230534742-2542757381-3142984815-1190)(OA;CIID;WP;bf967961-0de6-11d0-a285-00aa003049e2;;S-1-5-21-4230534742-2542757381-3142984815-1205)(OA;CIID;WP;bf967a68-0de6-11d0-a285-00aa003049e2;;S-1-5-21-4230534742-2542757381-3142984815-1207)(OA;CIID;WP;5fd42471-1262-11d0-a060-00aa006c33ed;;S-1-5-21-4230534742-2542757381-3142984815-1207)(OA;CIID;WP;5430e777-c3ea-4024-902e-dde192204669;;S-1-5-21-4230534742-2542757381-3142984815-1204)(OA;CIID;WP;6f606079-3a82-4c1b-8efb-dcc8c91d26fe;;S-1-5-21-4230534742-2542757381-3142984815-1204)(OA;CIID;WP;bf967a7a-0de6-11d0-a285-00aa003049e2;;S-1-5-21-4230534742-2542757381-3142984815-1207)(OA;CIID;WP;bf967a7f-0de6-11d0-a285-00aa003049e2;;S-1-5-21-4230534742-2542757381-3142984815-1204)(OA;CIID;WP;614aea82-abc6-4dd0-a148-d67a59c72816;;S-1-5-21-4230534742-2542757381-3142984815-1204)(OA;CIID;WP;66437984-c3c5-498f-b269-987819ef484b;;S-1-5-21-4230534742-2542757381-3142984815-1204)(OA;CIID;WP;77b5b886-944a-11d1-aebd-0000f80367c1;;S-1-5-21-4230534742-2542757381-3142984815-1205)(OA;CIID;WP;a8df7489-c5ea-11d1-bbcb-0080c76670c0;;S-1-5-21-4230534742-2542757381-3142984815-1190)(OA;CIID;WP;a8df7489-c5ea-11d1-bbcb-0080c76670c0;;S-1-5-21-4230534742-2542757381-3142984815-1205)(OA;CIID;WP;1f298a89-de98-47b8-b5cd-572ad53d267e;;S-1-5-21-4230534742-2542757381-3142984815-1190)(OA;CIID;WP;1f298a89-de98-47b8-b5cd-572ad53d267e;;S-1-5-21-4230534742-2542757381-3142984815-1205)(OA;CIID;WP;f0f8ff9a-1191-11d0-a060-00aa006c33ed;;S-1-5-21-4230534742-2542757381-3142984815-1190)(OA;CIID;WP;f0f8ff9a-1191-11d0-a060-00aa006c33ed;;S-1-5-21-4230534742-2542757381-3142984815-1204)(OA;CIID;WP;f0f8ff9a-1191-11d0-a060-00aa006c33ed;;S-1-5-21-4230534742-2542757381-3142984815-1205)(OA;CIID;WP;2cc06e9d-6f7e-426a-8825-0215de176e11;;S-1-5-21-4230534742-2542757381-3142984815-1204)(OA;CIID;WP;5fd424a1-1262-11d0-a060-00aa006c33ed;;S-1-5-21-4230534742-2542757381-3142984815-1190)(OA;CIID;WP;5fd424a1-1262-11d0-a060-00aa006c33ed;;S-1-5-21-4230534742-2542757381-3142984815-1205)(OA;CIID;WP;3263e3b8-fd6b-4c60-87f2-34bdaa9d69eb;;S-1-5-21-4230534742-2542757381-3142984815-1204)(OA;CIID;WP;28630ebc-41d5-11d1-a9c1-0000f80367c1;;S-1-5-21-4230534742-2542757381-3142984815-1190)(OA;CIID;WP;28630ebc-41d5-11d1-a9c1-0000f80367c1;;S-1-5-21-4230534742-2542757381-3142984815-1205)(OA;CIID;WP;bf9679c0-0de6-11d0-a285-00aa003049e2;;S-1-5-21-4230534742-2542757381-3142984815-1207)(OA;CIID;WP;3e0abfd0-126a-11d0-a060-00aa006c33ed;;S-1-5-21-4230534742-2542757381-3142984815-1207)(OA;CIID;WP;7cb4c7d3-8787-42b0-b438-3c5d479ad31e;;S-1-5-21-4230534742-2542757381-3142984815-1204)(OA;CIID;RPWP;5b47d60f-6090-40b2-9f37-2a4de88f3063;;S-1-5-21-4230534742-2542757381-3142984815-526)(OA;CIID;RPWP;5b47d60f-6090-40b2-9f37-2a4de88f3063;;S-1-5-21-4230534742-2542757381-3142984815-527)(OA;CIIOID;DT;;4828cc14-1437-45bc-9b07-ad6f015e5f28;S-1-5-21-4230534742-2542757381-3142984815-1207)(OA;CIID;DT;;bf967aba-0de6-11d0-a285-00aa003049e2;S-1-5-21-4230534742-2542757381-3142984815-1207)(OA;CIID;CCDCLCRPWPLO;f0f8ffac-1191-11d0-a060-00aa006c33ed;;S-1-5-21-4230534742-2542757381-3142984815-1205)(OA;CIID;CCDCLCRPWPLO;e8b2aff2-59a7-4eac-9a70-819adef701dd;;S-1-5-21-4230534742-2542757381-3142984815-1204)(OA;CIID;CCDCLCSWRPWPDTLOCRSDRCWDWO;018849b0-a981-11d2-a9ff-00c04f8eedd8;;S-1-5-21-4230534742-2542757381-3142984815-1190)(OA;CIID;CCDCLCSWRPWPDTLOCRSDRCWDWO;018849b0-a981-11d2-a9ff-00c04f8eedd8;;S-1-5-21-4230534742-2542757381-3142984815-1205)(OA;CIIOID;SD;;bf967a86-0de6-11d0-a285-00aa003049e2;S-1-5-21-4230534742-2542757381-3142984815-1207)(OA;CIIOID;SD;;bf967a9c-0de6-11d0-a285-00aa003049e2;S-1-5-21-4230534742-2542757381-3142984815-1207)(OA;CIIOID;SD;;bf967aa5-0de6-11d0-a285-00aa003049e2;S-1-5-21-4230534742-2542757381-3142984815-1207)(OA;CIIOID;SD;;5cb41ed0-0e4c-11d0-a286-00aa003049e2;S-1-5-21-4230534742-2542757381-3142984815-1207)(OA;CIIOID;SDWD;;4828cc14-1437-45bc-9b07-ad6f015e5f28;S-1-5-21-4230534742-2542757381-3142984815-1207)(OA;CIID;SDWD;;bf967aba-0de6-11d0-a285-00aa003049e2;S-1-5-21-4230534742-2542757381-3142984815-1207)(OA;CIIOID;SW;9b026da6-0d3c-465c-8bee-5199d7165cba;bf967a86-0de6-11d0-a285-00aa003049e2;CO)(OA;CIIOID;SW;9b026da6-0d3c-465c-8bee-5199d7165cba;bf967a86-0de6-11d0-a285-00aa003049e2;PS)(OA;CIIOID;RP;b7c69e6d-2cc7-11d2-854e-00a0c983f608;bf967a86-0de6-11d0-a285-00aa003049e2;ED)(OA;CIIOID;RP;b7c69e6d-2cc7-11d2-854e-00a0c983f608;bf967a9c-0de6-11d0-a285-00aa003049e2;ED)(OA;CIID;RP;b7c69e6d-2cc7-11d2-854e-00a0c983f608;bf967aba-0de6-11d0-a285-00aa003049e2;ED)(OA;CIIOID;WP;ea1b7b93-5e48-46d5-bc6c-4df4fda78a35;bf967a86-0de6-11d0-a285-00aa003049e2;PS)(OA;CIIOID;CCDCLCSWRPWPDTLOCRSDRCWDWO;;c975c901-6cea-4b6f-8319-d67f45449506;S-1-5-21-4230534742-2542757381-3142984815-1205)(OA;CIIOID;CCDCLCSWRPWPDTLOCRSDRCWDWO;;f0f8ffac-1191-11d0-a060-00aa006c33ed;S-1-5-21-4230534742-2542757381-3142984815-1205)(OA;CIIOID;LCRPLORC;;4828cc14-1437-45bc-9b07-ad6f015e5f28;RU)(OA;CIIOID;LCRPLORC;;bf967a9c-0de6-11d0-a285-00aa003049e2;RU)(OA;CIID;LCRPLORC;;bf967aba-0de6-11d0-a285-00aa003049e2;RU)(OA;CIID;RP;b1b3a417-ec55-4191-b327-b72e33e38af2;;NS)(OA;CIID;RP;1f298a89-de98-47b8-b5cd-572ad53d267e;;AU)(OA;CIID;RPWP;3f78c3e5-f79a-46bd-a0b8-9d18116ddc79;;PS)(OA;CIID;RPWPCR;91e647de-d96f-4b70-9557-d63ff4f3ccd8;;PS)(A;CIID;LCRPLORC;;;S-1-5-21-4230534742-2542757381-3142984815-1190)(A;CIID;LCRPLORC;;;S-1-5-21-4230534742-2542757381-3142984815-1205)(A;CIID;CCDCLCSWRPWPDTLOCRSDRCWDWO;;;S-1-5-21-4230534742-2542757381-3142984815-519)(A;CIID;LC;;;RU)(A;CIID;CCLCSWRPWPLOCRSDRCWDWO;;;BA)S:AI(AU;CIIDSA;WPWDWO;;;WD)(AU;CIIDSA;CRWD;;;WD)","OperationType":"%%14674"}}}
{"Event_attributes":{"xmlns":"http://schemas.microsoft.com/win/2004/08/events/event"},"Event":{"System":{"Provider_attributes":{"Name":"Microsoft-Windows-Security-Auditing","Guid":"54849625-5478-4994-A5BA-3E3B0328C30D"},"EventID":4662,"Version":0,"Level":0,"Task":14080,"Opcode":0,"Keywords":"0x8020000000000000","TimeCreated_attributes":{"SystemTime":"2021-02-22T22:35:41.151746Z"},"EventRecordID":111655666,"Correlation_attributes":{"ActivityID":"D4E86EE2-EFDA-0001-FC6E-E8D4DAEFD601"},"Execution_attributes":{"ProcessID":556,"ThreadID":12772},"Channel":"Security","Computer":"rootdc1.offsec.lan","Security":null},"EventData":{"SubjectUserSid":"S-1-5-18","SubjectUserName":"ROOTDC1$","SubjectDomainName":"OFFSEC","SubjectLogonId":"0x24df9365","ObjectServer":"DS","ObjectType":"%{bf967a86-0de6-11d0-a285-00aa003049e2}","ObjectName":"%{832b1c45-2f6e-4c82-be40-d461e377f560}","OperationType":"Object Access","HandleId":"0x0","AccessList":"%%7688\r\n\t\t\t\t","AccessMask":"0x100","Properties":"%%7688\r\n\t{bf967a86-0de6-11d0-a285-00aa003049e2}\r\n\t\t{91e647de-d96f-4b70-9557-d63ff4f3ccd8}\r\n\t\t\t{6617e4ac-a2f1-43ab-b60c-11fbd1facf05}\r\n\t\t\t{b3f93023-9239-4f7c-b99c-6745d87adbc2}\r\n\t\t\t{b8dfa744-31dc-4ef1-ac7c-84baf7ef9da7}\r\n\t\t\t{b7ff5a38-0818-42b0-8110-d3d154c97f24}\r\n\t\t{771727b1-31b8-4cdf-ae62-4fe39fadf89e}\r\n\t\t\t{aa4e1a6d-550d-4e05-8c35-4afcb917a9fe}\r\n\t\t\t{612cb747-c0e8-4f92-9221-fdd5f15b550d}\r\n","AdditionalInfo":"-","AdditionalInfo2":""}}}
{"Event_attributes":{"xmlns":"http://schemas.microsoft.com/win/2004/08/events/event"},"Event":{"System":{"Provider_attributes":{"Name":"Microsoft-Windows-Security-Auditing","Guid":"54849625-5478-4994-A5BA-3E3B0328C30D"},"EventID":4662,"Version":0,"Level":0,"Task":14080,"Opcode":0,"Keywords":"0x8020000000000000","TimeCreated_attributes":{"SystemTime":"2021-02-22T22:35:41.164417Z"},"EventRecordID":111655670,"Correlation_attributes":{"ActivityID":"D4E86EE2-EFDA-0001-FC6E-E8D4DAEFD601"},"Execution_attributes":{"ProcessID":556,"ThreadID":4060},"Channel":"Security","Computer":"rootdc1.offsec.lan","Security":null},"EventData":{"SubjectUserSid":"S-1-5-18","SubjectUserName":"ROOTDC1$","SubjectDomainName":"OFFSEC","SubjectLogonId":"0x24df94e1","ObjectServer":"DS","ObjectType":"%{bf967a86-0de6-11d0-a285-00aa003049e2}","ObjectName":"%{832b1c45-2f6e-4c82-be40-d461e377f560}","OperationType":"Object Access","HandleId":"0x0","AccessList":"%%7688\r\n\t\t\t\t","AccessMask":"0x100","Properties":"%%7688\r\n\t{bf967a86-0de6-11d0-a285-00aa003049e2}\r\n\t\t{91e647de-d96f-4b70-9557-d63ff4f3ccd8}\r\n\t\t\t{6617e4ac-a2f1-43ab-b60c-11fbd1facf05}\r\n\t\t\t{b3f93023-9239-4f7c-b99c-6745d87adbc2}\r\n\t\t\t{b8dfa744-31dc-4ef1-ac7c-84baf7ef9da7}\r\n\t\t\t{b7ff5a38-0818-42b0-8110-d3d154c97f24}\r\n\t\t{771727b1-31b8-4cdf-ae62-4fe39fadf89e}\r\n\t\t\t{aa4e1a6d-550d-4e05-8c35-4afcb917a9fe}\r\n\t\t\t{612cb747-c0e8-4f92-9221-fdd5f15b550d}\r\n","AdditionalInfo":"-","AdditionalInfo2":""}}}
{"Event_attributes":{"xmlns":"http://schemas.microsoft.com/win/2004/08/events/event"},"Event":{"System":{"Provider_attributes":{"Name":"Microsoft-Windows-Security-Auditing","Guid":"54849625-5478-4994-A5BA-3E3B0328C30D"},"EventID":4662,"Version":0,"Level":0,"Task":14080,"Opcode":0,"Keywords":"0x8020000000000000","TimeCreated_attributes":{"SystemTime":"2021-02-22T22:35:41.686681Z"},"EventRecordID":111655696,"Correlation_attributes":{"ActivityID":"D4E86EE2-EFDA-0001-FC6E-E8D4DAEFD601"},"Execution_attributes":{"ProcessID":556,"ThreadID":12772},"Channel":"Security","Computer":"rootdc1.offsec.lan","Security":null},"EventData":{"SubjectUserSid":"S-1-5-18","SubjectUserName":"ROOTDC1$","SubjectDomainName":"OFFSEC","SubjectLogonId":"0x24dfa7a2","ObjectServer":"DS","ObjectType":"%{bf967a86-0de6-11d0-a285-00aa003049e2}","ObjectName":"%{832b1c45-2f6e-4c82-be40-d461e377f560}","OperationType":"Object Access","HandleId":"0x0","AccessList":"%%7688\r\n\t\t\t\t","AccessMask":"0x100","Properties":"%%7688\r\n\t{bf967a86-0de6-11d0-a285-00aa003049e2}\r\n\t\t{91e647de-d96f-4b70-9557-d63ff4f3ccd8}\r\n\t\t\t{6617e4ac-a2f1-43ab-b60c-11fbd1facf05}\r\n\t\t\t{b3f93023-9239-4f7c-b99c-6745d87adbc2}\r\n\t\t\t{b8dfa744-31dc-4ef1-ac7c-84baf7ef9da7}\r\n\t\t\t{b7ff5a38-0818-42b0-8110-d3d154c97f24}\r\n\t\t{771727b1-31b8-4cdf-ae62-4fe39fadf89e}\r\n\t\t\t{aa4e1a6d-550d-4e05-8c35-4afcb917a9fe}\r\n\t\t\t{612cb747-c0e8-4f92-9221-fdd5f15b550d}\r\n","AdditionalInfo":"-","AdditionalInfo2":""}}}
{"Event_attributes":{"xmlns":"http://schemas.microsoft.com/win/2004/08/events/event"},"Event":{"System":{"Provider_attributes":{"Name":"Microsoft-Windows-Security-Auditing","Guid":"54849625-5478-4994-A5BA-3E3B0328C30D"},"EventID":4662,"Version":0,"Level":0,"Task":14080,"Opcode":0,"Keywords":"0x8020000000000000","TimeCreated_attributes":{"SystemTime":"2021-02-22T22:35:41.701547Z"},"EventRecordID":111655700,"Correlation_attributes":{"ActivityID":"D4E86EE2-EFDA-0001-FC6E-E8D4DAEFD601"},"Execution_attributes":{"ProcessID":556,"ThreadID":4060},"Channel":"Security","Computer":"rootdc1.offsec.lan","Security":null},"EventData":{"SubjectUserSid":"S-1-5-18","SubjectUserName":"ROOTDC1$","SubjectDomainName":"OFFSEC","SubjectLogonId":"0x24dfa91e","ObjectServer":"DS","ObjectType":"%{bf967a86-0de6-11d0-a285-00aa003049e2}","ObjectName":"%{832b1c45-2f6e-4c82-be40-d461e377f560}","OperationType":"Object Access","HandleId":"0x0","AccessList":"%%7688\r\n\t\t\t\t","AccessMask":"0x100","Properties":"%%7688\r\n\t{bf967a86-0de6-11d0-a285-00aa003049e2}\r\n\t\t{91e647de-d96f-4b70-9557-d63ff4f3ccd8}\r\n\t\t\t{6617e4ac-a2f1-43ab-b60c-11fbd1facf05}\r\n\t\t\t{b3f93023-9239-4f7c-b99c-6745d87adbc2}\r\n\t\t\t{b8dfa744-31dc-4ef1-ac7c-84baf7ef9da7}\r\n\t\t\t{b7ff5a38-0818-42b0-8110-d3d154c97f24}\r\n\t\t{771727b1-31b8-4cdf-ae62-4fe39fadf89e}\r\n\t\t\t{aa4e1a6d-550d-4e05-8c35-4afcb917a9fe}\r\n\t\t\t{612cb747-c0e8-4f92-9221-fdd5f15b550d}\r\n","AdditionalInfo":"-","AdditionalInfo2":""}}}
