{"Event_attributes":{"xmlns":"http://schemas.microsoft.com/win/2004/08/events/event"},"Event":{"System":{"Provider_attributes":{"Name":"Microsoft-Windows-Security-Auditing","Guid":"54849625-5478-4994-A5BA-3E3B0328C30D"},"EventID":4769,"Version":0,"Level":0,"Task":14337,"Opcode":0,"Keywords":"0x8020000000000000","TimeCreated_attributes":{"SystemTime":"2020-07-09T20:41:04.488906Z"},"EventRecordID":15774923,"Correlation":null,"Execution_attributes":{"ProcessID":528,"ThreadID":2376},"Channel":"Security","Computer":"rootdc1.offsec.lan","Security":null},"EventData":{"TargetUserName":"admmig@OFFSEC.LAN","TargetDomainName":"OFFSEC.LAN","ServiceName":"ATACORE01$","ServiceSid":"S-1-5-21-4230534742-2542757381-3142984815-1114","TicketOptions":"0x40810000","TicketEncryptionType":"0x12","IpAddress":"::ffff:10.23.23.9","IpPort":"59499","Status":"0x0","LogonGuid":"C1B0A35B-C6DB-3CCD-22F9-6658BB0F9AC1","TransmittedServices":"-"}}}
{"Event_attributes":{"xmlns":"http://schemas.microsoft.com/win/2004/08/events/event"},"Event":{"System":{"Provider_attributes":{"Name":"Microsoft-Windows-Security-Auditing","Guid":"54849625-5478-4994-A5BA-3E3B0328C30D"},"EventID":4769,"Version":0,"Level":0,"Task":14337,"Opcode":0,"Keywords":"0x8020000000000000","TimeCreated_attributes":{"SystemTime":"2020-07-09T20:41:04.490432Z"},"EventRecordID":15774924,"Correlation":null,"Execution_attributes":{"ProcessID":528,"ThreadID":2356},"Channel":"Security","Computer":"rootdc1.offsec.lan","Security":null},"EventData":{"TargetUserName":"admmig@OFFSEC.LAN","TargetDomainName":"OFFSEC.LAN","ServiceName":"PKI01$","ServiceSid":"S-1-5-21-4230534742-2542757381-3142984815-1122","TicketOptions":"0x40810000","TicketEncryptionType":"0x12","IpAddress":"::ffff:10.23.23.9","IpPort":"59496","Status":"0x0","LogonGuid":"C1B0A35B-C6DB-3CCD-22F9-6658BB0F9AC1","TransmittedServices":"-"}}}
{"Event_attributes":{"xmlns":"http://schemas.microsoft.com/win/2004/08/events/event"},"Event":{"System":{"Provider_attributes":{"Name":"Microsoft-Windows-Security-Auditing","Guid":"54849625-5478-4994-A5BA-3E3B0328C30D"},"EventID":4769,"Version":0,"Level":0,"Task":14337,"Opcode":0,"Keywords":"0x8020000000000000","TimeCreated_attributes":{"SystemTime":"2020-07-09T20:41:04.496441Z"},"EventRecordID":15774925,"Correlation":null,"Execution_attributes":{"ProcessID":528,"ThreadID":1964},"Channel":"Security","Computer":"rootdc1.offsec.lan","Security":null},"EventData":{"TargetUserName":"admmig@OFFSEC.LAN","TargetDomainName":"OFFSEC.LAN","ServiceName":"EXCHANGE01$","ServiceSid":"S-1-5-21-4230534742-2542757381-3142984815-1121","TicketOptions":"0x40810000","TicketEncryptionType":"0x12","IpAddress":"::ffff:10.23.23.9","IpPort":"59497","Status":"0x0","LogonGuid":"C1B0A35B-C6DB-3CCD-22F9-6658BB0F9AC1","TransmittedServices":"-"}}}
{"Event_attributes":{"xmlns":"http://schemas.microsoft.com/win/2004/08/events/event"},"Event":{"System":{"Provider_attributes":{"Name":"Microsoft-Windows-Security-Auditing","Guid":"54849625-5478-4994-A5BA-3E3B0328C30D"},"EventID":4769,"Version":0,"Level":0,"Task":14337,"Opcode":0,"Keywords":"0x8020000000000000","TimeCreated_attributes":{"SystemTime":"2020-07-09T20:41:04.497079Z"},"EventRecordID":15774926,"Correlation":null,"Execution_attributes":{"ProcessID":528,"ThreadID":3156},"Channel":"Security","Computer":"rootdc1.offsec.lan","Security":null},"EventData":{"TargetUserName":"admmig@OFFSEC.LAN","TargetDomainName":"OFFSEC.LAN","ServiceName":"WEC01$","ServiceSid":"S-1-5-21-4230534742-2542757381-3142984815-1113","TicketOptions":"0x40810000","TicketEncryptionType":"0x12","IpAddress":"::ffff:10.23.23.9","IpPort":"59498","Status":"0x0","LogonGuid":"C1B0A35B-C6DB-3CCD-22F9-6658BB0F9AC1","TransmittedServices":"-"}}}
{"Event_attributes":{"xmlns":"http://schemas.microsoft.com/win/2004/08/events/event"},"Event":{"System":{"Provider_attributes":{"Name":"Microsoft-Windows-Security-Auditing","Guid":"54849625-5478-4994-A5BA-3E3B0328C30D"},"EventID":4769,"Version":0,"Level":0,"Task":14337,"Opcode":0,"Keywords":"0x8020000000000000","TimeCreated_attributes":{"SystemTime":"2020-07-09T20:41:04.501961Z"},"EventRecordID":15774927,"Correlation":null,"Execution_attributes":{"ProcessID":528,"ThreadID":2376},"Channel":"Security","Computer":"rootdc1.offsec.lan","Security":null},"EventData":{"TargetUserName":"admmig@OFFSEC.LAN","TargetDomainName":"OFFSEC.LAN","ServiceName":"FS02$","ServiceSid":"S-1-5-21-4230534742-2542757381-3142984815-1105","TicketOptions":"0x40810000","TicketEncryptionType":"0x12","IpAddress":"::ffff:10.23.23.9","IpPort":"59501","Status":"0x0","LogonGuid":"C1B0A35B-C6DB-3CCD-22F9-6658BB0F9AC1","TransmittedServices":"-"}}}
{"Event_attributes":{"xmlns":"http://schemas.microsoft.com/win/2004/08/events/event"},"Event":{"System":{"Provider_attributes":{"Name":"Microsoft-Windows-Security-Auditing","Guid":"54849625-5478-4994-A5BA-3E3B0328C30D"},"EventID":4769,"Version":0,"Level":0,"Task":14337,"Opcode":0,"Keywords":"0x8020000000000000","TimeCreated_attributes":{"SystemTime":"2020-07-09T20:41:04.505384Z"},"EventRecordID":15774928,"Correlation":null,"Execution_attributes":{"ProcessID":528,"ThreadID":2356},"Channel":"Security","Computer":"rootdc1.offsec.lan","Security":null},"EventData":{"TargetUserName":"admmig@OFFSEC.LAN","TargetDomainName":"OFFSEC.LAN","ServiceName":"WSUS01$","ServiceSid":"S-1-5-21-4230534742-2542757381-3142984815-1104","TicketOptions":"0x40810000","TicketEncryptionType":"0x12","IpAddress":"::ffff:10.23.23.9","IpPort":"59502","Status":"0x0","LogonGuid":"C1B0A35B-C6DB-3CCD-22F9-6658BB0F9AC1","TransmittedServices":"-"}}}
{"Event_attributes":{"xmlns":"http://schemas.microsoft.com/win/2004/08/events/event"},"Event":{"System":{"Provider_attributes":{"Name":"Microsoft-Windows-Security-Auditing","Guid":"54849625-5478-4994-A5BA-3E3B0328C30D"},"EventID":4769,"Version":0,"Level":0,"Task":14337,"Opcode":0,"Keywords":"0x8020000000000000","TimeCreated_attributes":{"SystemTime":"2020-07-09T20:41:04.534872Z"},"EventRecordID":15774929,"Correlation":null,"Execution_attributes":{"ProcessID":528,"ThreadID":2356},"Channel":"Security","Computer":"rootdc1.offsec.lan","Security":null},"EventData":{"TargetUserName":"admmig@OFFSEC.LAN","TargetDomainName":"OFFSEC.LAN","ServiceName":"DHCP01$","ServiceSid":"S-1-5-21-4230534742-2542757381-3142984815-1103","TicketOptions":"0x40810000","TicketEncryptionType":"0x12","IpAddress":"::ffff:10.23.23.9","IpPort":"59523","Status":"0x0","LogonGuid":"C1B0A35B-C6DB-3CCD-22F9-6658BB0F9AC1","TransmittedServices":"-"}}}
{"Event_attributes":{"xmlns":"http://schemas.microsoft.com/win/2004/08/events/event"},"Event":{"System":{"Provider_attributes":{"Name":"Microsoft-Windows-Security-Auditing","Guid":"54849625-5478-4994-A5BA-3E3B0328C30D"},"EventID":4769,"Version":0,"Level":0,"Task":14337,"Opcode":0,"Keywords":"0x8020000000000000","TimeCreated_attributes":{"SystemTime":"2020-07-09T20:41:04.576463Z"},"EventRecordID":15774930,"Correlation":null,"Execution_attributes":{"ProcessID":528,"ThreadID":2356},"Channel":"Security","Computer":"rootdc1.offsec.lan","Security":null},"EventData":{"TargetUserName":"admmig@OFFSEC.LAN","TargetDomainName":"OFFSEC.LAN","ServiceName":"ATANIDS01$","ServiceSid":"S-1-5-21-4230534742-2542757381-3142984815-1115","TicketOptions":"0x40810000","TicketEncryptionType":"0x12","IpAddress":"::ffff:10.23.23.9","IpPort":"59527","Status":"0x0","LogonGuid":"C1B0A35B-C6DB-3CCD-22F9-6658BB0F9AC1","TransmittedServices":"-"}}}
{"Event_attributes":{"xmlns":"http://schemas.microsoft.com/win/2004/08/events/event"},"Event":{"System":{"Provider_attributes":{"Name":"Microsoft-Windows-Security-Auditing","Guid":"54849625-5478-4994-A5BA-3E3B0328C30D"},"EventID":4769,"Version":0,"Level":0,"Task":14337,"Opcode":0,"Keywords":"0x8020000000000000","TimeCreated_attributes":{"SystemTime":"2020-07-09T20:41:04.861320Z"},"EventRecordID":15774931,"Correlation":null,"Execution_attributes":{"ProcessID":528,"ThreadID":3156},"Channel":"Security","Computer":"rootdc1.offsec.lan","Security":null},"EventData":{"TargetUserName":"admmig@OFFSEC.LAN","TargetDomainName":"OFFSEC.LAN","ServiceName":"PRTG-MON$","ServiceSid":"S-1-5-21-4230534742-2542757381-3142984815-1125","TicketOptions":"0x40810000","TicketEncryptionType":"0x12","IpAddress":"::ffff:10.23.23.9","IpPort":"59542","Status":"0x0","LogonGuid":"C1B0A35B-C6DB-3CCD-22F9-6658BB0F9AC1","TransmittedServices":"-"}}}
{"Event_attributes":{"xmlns":"http://schemas.microsoft.com/win/2004/08/events/event"},"Event":{"System":{"Provider_attributes":{"Name":"Microsoft-Windows-Security-Auditing","Guid":"54849625-5478-4994-A5BA-3E3B0328C30D"},"EventID":4769,"Version":0,"Level":0,"Task":14337,"Opcode":0,"Keywords":"0x8020000000000000","TimeCreated_attributes":{"SystemTime":"2020-07-09T20:41:04.862193Z"},"EventRecordID":15774932,"Correlation":null,"Execution_attributes":{"ProcessID":528,"ThreadID":2356},"Channel":"Security","Computer":"rootdc1.offsec.lan","Security":null},"EventData":{"TargetUserName":"admmig@OFFSEC.LAN","TargetDomainName":"OFFSEC.LAN","ServiceName":"MSSQL01$","ServiceSid":"S-1-5-21-4230534742-2542757381-3142984815-1123","TicketOptions":"0x40810000","TicketEncryptionType":"0x12","IpAddress":"::ffff:10.23.23.9","IpPort":"59534","Status":"0x0","LogonGuid":"C1B0A35B-C6DB-3CCD-22F9-6658BB0F9AC1","TransmittedServices":"-"}}}
{"Event_attributes":{"xmlns":"http://schemas.microsoft.com/win/2004/08/events/event"},"Event":{"System":{"Provider_attributes":{"Name":"Microsoft-Windows-Security-Auditing","Guid":"54849625-5478-4994-A5BA-3E3B0328C30D"},"EventID":4769,"Version":0,"Level":0,"Task":14337,"Opcode":0,"Keywords":"0x8020000000000000","TimeCreated_attributes":{"SystemTime":"2020-07-09T20:41:04.863768Z"},"EventRecordID":15774933,"Correlation":null,"Execution_attributes":{"ProcessID":528,"ThreadID":2376},"Channel":"Security","Computer":"rootdc1.offsec.lan","Security":null},"EventData":{"TargetUserName":"admmig@OFFSEC.LAN","TargetDomainName":"OFFSEC.LAN","ServiceName":"FS01$","ServiceSid":"S-1-5-21-4230534742-2542757381-3142984815-1124","TicketOptions":"0x40810000","TicketEncryptionType":"0x12","IpAddress":"::ffff:10.23.23.9","IpPort":"59536","Status":"0x0","LogonGuid":"C1B0A35B-C6DB-3CCD-22F9-6658BB0F9AC1","TransmittedServices":"-"}}}
{"Event_attributes":{"xmlns":"http://schemas.microsoft.com/win/2004/08/events/event"},"Event":{"System":{"Provider_attributes":{"Name":"Microsoft-Windows-Security-Auditing","Guid":"54849625-5478-4994-A5BA-3E3B0328C30D"},"EventID":4769,"Version":0,"Level":0,"Task":14337,"Opcode":0,"Keywords":"0x8020000000000000","TimeCreated_attributes":{"SystemTime":"2020-07-09T20:41:04.864488Z"},"EventRecordID":15774934,"Correlation":null,"Execution_attributes":{"ProcessID":528,"ThreadID":2356},"Channel":"Security","Computer":"rootdc1.offsec.lan","Security":null},"EventData":{"TargetUserName":"admmig@OFFSEC.LAN","TargetDomainName":"OFFSEC.LAN","ServiceName":"ADFS01$","ServiceSid":"S-1-5-21-4230534742-2542757381-3142984815-1126","TicketOptions":"0x40810000","TicketEncryptionType":"0x12","IpAddress":"::ffff:10.23.23.9","IpPort":"59544","Status":"0x0","LogonGuid":"C1B0A35B-C6DB-3CCD-22F9-6658BB0F9AC1","TransmittedServices":"-"}}}
{"Event_attributes":{"xmlns":"http://schemas.microsoft.com/win/2004/08/events/event"},"Event":{"System":{"Provider_attributes":{"Name":"Microsoft-Windows-Security-Auditing","Guid":"54849625-5478-4994-A5BA-3E3B0328C30D"},"EventID":4769,"Version":0,"Level":0,"Task":14337,"Opcode":0,"Keywords":"0x8020000000000000","TimeCreated_attributes":{"SystemTime":"2020-07-09T20:41:04.865676Z"},"EventRecordID":15774935,"Correlation":null,"Execution_attributes":{"ProcessID":528,"ThreadID":2356},"Channel":"Security","Computer":"rootdc1.offsec.lan","Security":null},"EventData":{"TargetUserName":"admmig@OFFSEC.LAN","TargetDomainName":"OFFSEC.LAN","ServiceName":"WEBIIS01$","ServiceSid":"S-1-5-21-4230534742-2542757381-3142984815-1601","TicketOptions":"0x40810000","TicketEncryptionType":"0x12","IpAddress":"::ffff:10.23.23.9","IpPort":"59545","Status":"0x0","LogonGuid":"C1B0A35B-C6DB-3CCD-22F9-6658BB0F9AC1","TransmittedServices":"-"}}}
{"Event_attributes":{"xmlns":"http://schemas.microsoft.com/win/2004/08/events/event"},"Event":{"System":{"Provider_attributes":{"Name":"Microsoft-Windows-Security-Auditing","Guid":"54849625-5478-4994-A5BA-3E3B0328C30D"},"EventID":4769,"Version":0,"Level":0,"Task":14337,"Opcode":0,"Keywords":"0x8020000000000000","TimeCreated_attributes":{"SystemTime":"2020-07-09T20:41:04.885544Z"},"EventRecordID":15774936,"Correlation":null,"Execution_attributes":{"ProcessID":528,"ThreadID":2356},"Channel":"Security","Computer":"rootdc1.offsec.lan","Security":null},"EventData":{"TargetUserName":"admmig@OFFSEC.LAN","TargetDomainName":"OFFSEC.LAN","ServiceName":"ROOTDC1$","ServiceSid":"S-1-5-21-4230534742-2542757381-3142984815-1000","TicketOptions":"0x40810000","TicketEncryptionType":"0x12","IpAddress":"::ffff:10.23.23.9","IpPort":"59562","Status":"0x0","LogonGuid":"C1B0A35B-C6DB-3CCD-22F9-6658BB0F9AC1","TransmittedServices":"-"}}}
{"Event_attributes":{"xmlns":"http://schemas.microsoft.com/win/2004/08/events/event"},"Event":{"System":{"Provider_attributes":{"Name":"Microsoft-Windows-Security-Auditing","Guid":"54849625-5478-4994-A5BA-3E3B0328C30D"},"EventID":4769,"Version":0,"Level":0,"Task":14337,"Opcode":0,"Keywords":"0x8020000000000000","TimeCreated_attributes":{"SystemTime":"2020-07-09T20:41:04.887067Z"},"EventRecordID":15774937,"Correlation":null,"Execution_attributes":{"ProcessID":528,"ThreadID":2356},"Channel":"Security","Computer":"rootdc1.offsec.lan","Security":null},"EventData":{"TargetUserName":"admmig@OFFSEC.LAN","TargetDomainName":"OFFSEC.LAN","ServiceName":"FS03VULN$","ServiceSid":"S-1-5-21-4230534742-2542757381-3142984815-1623","TicketOptions":"0x40810000","TicketEncryptionType":"0x12","IpAddress":"::ffff:10.23.23.9","IpPort":"59563","Status":"0x0","LogonGuid":"C1B0A35B-C6DB-3CCD-22F9-6658BB0F9AC1","TransmittedServices":"-"}}}
{"Event_attributes":{"xmlns":"http://schemas.microsoft.com/win/2004/08/events/event"},"Event":{"System":{"Provider_attributes":{"Name":"Microsoft-Windows-Security-Auditing","Guid":"54849625-5478-4994-A5BA-3E3B0328C30D"},"EventID":4769,"Version":0,"Level":0,"Task":14337,"Opcode":0,"Keywords":"0x8020000000000000","TimeCreated_attributes":{"SystemTime":"2020-07-09T20:41:04.887768Z"},"EventRecordID":15774938,"Correlation":null,"Execution_attributes":{"ProcessID":528,"ThreadID":2376},"Channel":"Security","Computer":"rootdc1.offsec.lan","Security":null},"EventData":{"TargetUserName":"admmig@OFFSEC.LAN","TargetDomainName":"OFFSEC.LAN","ServiceName":"krbtgt","ServiceSid":"S-1-5-21-4230534742-2542757381-3142984815-502","TicketOptions":"0x60810010","TicketEncryptionType":"0x12","IpAddress":"::ffff:10.23.23.9","IpPort":"59564","Status":"0x0","LogonGuid":"C1B0A35B-C6DB-3CCD-22F9-6658BB0F9AC1","TransmittedServices":"-"}}}
{"Event_attributes":{"xmlns":"http://schemas.microsoft.com/win/2004/08/events/event"},"Event":{"System":{"Provider_attributes":{"Name":"Microsoft-Windows-Security-Auditing","Guid":"54849625-5478-4994-A5BA-3E3B0328C30D"},"EventID":4769,"Version":0,"Level":0,"Task":14337,"Opcode":0,"Keywords":"0x8020000000000000","TimeCreated_attributes":{"SystemTime":"2020-07-09T20:41:04.912627Z"},"EventRecordID":15774957,"Correlation":null,"Execution_attributes":{"ProcessID":528,"ThreadID":2376},"Channel":"Security","Computer":"rootdc1.offsec.lan","Security":null},"EventData":{"TargetUserName":"admmig@OFFSEC.LAN","TargetDomainName":"OFFSEC.LAN","ServiceName":"ROOTDC2$","ServiceSid":"S-1-5-21-4230534742-2542757381-3142984815-1120","TicketOptions":"0x40810000","TicketEncryptionType":"0x12","IpAddress":"::ffff:10.23.23.9","IpPort":"59575","Status":"0x0","LogonGuid":"C1B0A35B-C6DB-3CCD-22F9-6658BB0F9AC1","TransmittedServices":"-"}}}
{"Event_attributes":{"xmlns":"http://schemas.microsoft.com/win/2004/08/events/event"},"Event":{"System":{"Provider_attributes":{"Name":"Microsoft-Windows-Security-Auditing","Guid":"54849625-5478-4994-A5BA-3E3B0328C30D"},"EventID":4769,"Version":0,"Level":0,"Task":14337,"Opcode":0,"Keywords":"0x8020000000000000","TimeCreated_attributes":{"SystemTime":"2020-07-09T20:41:04.939309Z"},"EventRecordID":15774960,"Correlation":null,"Execution_attributes":{"ProcessID":528,"ThreadID":2376},"Channel":"Security","Computer":"rootdc1.offsec.lan","Security":null},"EventData":{"TargetUserName":"admmig@OFFSEC.LAN","TargetDomainName":"OFFSEC.LAN","ServiceName":"krbtgt","ServiceSid":"S-1-5-21-4230534742-2542757381-3142984815-502","TicketOptions":"0x60810010","TicketEncryptionType":"0x12","IpAddress":"::ffff:10.23.23.9","IpPort":"59577","Status":"0x0","LogonGuid":"C1B0A35B-C6DB-3CCD-22F9-6658BB0F9AC1","TransmittedServices":"-"}}}
{"Event_attributes":{"xmlns":"http://schemas.microsoft.com/win/2004/08/events/event"},"Event":{"System":{"Provider_attributes":{"Name":"Microsoft-Windows-Security-Auditing","Guid":"54849625-5478-4994-A5BA-3E3B0328C30D"},"EventID":4769,"Version":0,"Level":0,"Task":14337,"Opcode":0,"Keywords":"0x8020000000000000","TimeCreated_attributes":{"SystemTime":"2020-07-09T20:41:04.949750Z"},"EventRecordID":15774962,"Correlation":null,"Execution_attributes":{"ProcessID":528,"ThreadID":2376},"Channel":"Security","Computer":"rootdc1.offsec.lan","Security":null},"EventData":{"TargetUserName":"admmig@OFFSEC.LAN","TargetDomainName":"OFFSEC.LAN","ServiceName":"krbtgt","ServiceSid":"S-1-5-21-4230534742-2542757381-3142984815-502","TicketOptions":"0x60810010","TicketEncryptionType":"0x12","IpAddress":"::ffff:10.23.23.9","IpPort":"59581","Status":"0x0","LogonGuid":"C1B0A35B-C6DB-3CCD-22F9-6658BB0F9AC1","TransmittedServices":"-"}}}
{"Event_attributes":{"xmlns":"http://schemas.microsoft.com/win/2004/08/events/event"},"Event":{"System":{"Provider_attributes":{"Name":"Microsoft-Windows-Security-Auditing","Guid":"54849625-5478-4994-A5BA-3E3B0328C30D"},"EventID":4769,"Version":0,"Level":0,"Task":14337,"Opcode":0,"Keywords":"0x8020000000000000","TimeCreated_attributes":{"SystemTime":"2020-07-09T20:41:04.950398Z"},"EventRecordID":15774963,"Correlation":null,"Execution_attributes":{"ProcessID":528,"ThreadID":2376},"Channel":"Security","Computer":"rootdc1.offsec.lan","Security":null},"EventData":{"TargetUserName":"admmig@OFFSEC.LAN","TargetDomainName":"OFFSEC.LAN","ServiceName":"krbtgt","ServiceSid":"S-1-5-21-4230534742-2542757381-3142984815-502","TicketOptions":"0x60810010","TicketEncryptionType":"0x12","IpAddress":"::ffff:10.23.23.9","IpPort":"59582","Status":"0x0","LogonGuid":"C1B0A35B-C6DB-3CCD-22F9-6658BB0F9AC1","TransmittedServices":"-"}}}
{"Event_attributes":{"xmlns":"http://schemas.microsoft.com/win/2004/08/events/event"},"Event":{"System":{"Provider_attributes":{"Name":"Microsoft-Windows-Security-Auditing","Guid":"54849625-5478-4994-A5BA-3E3B0328C30D"},"EventID":4769,"Version":0,"Level":0,"Task":14337,"Opcode":0,"Keywords":"0x8020000000000000","TimeCreated_attributes":{"SystemTime":"2020-07-09T20:41:04.951554Z"},"EventRecordID":15774964,"Correlation":null,"Execution_attributes":{"ProcessID":528,"ThreadID":2356},"Channel":"Security","Computer":"rootdc1.offsec.lan","Security":null},"EventData":{"TargetUserName":"admmig@OFFSEC.LAN","TargetDomainName":"OFFSEC.LAN","ServiceName":"krbtgt","ServiceSid":"S-1-5-21-4230534742-2542757381-3142984815-502","TicketOptions":"0x60810010","TicketEncryptionType":"0x12","IpAddress":"::ffff:10.23.23.9","IpPort":"59583","Status":"0x0","LogonGuid":"C1B0A35B-C6DB-3CCD-22F9-6658BB0F9AC1","TransmittedServices":"-"}}}
{"Event_attributes":{"xmlns":"http://schemas.microsoft.com/win/2004/08/events/event"},"Event":{"System":{"Provider_attributes":{"Name":"Microsoft-Windows-Security-Auditing","Guid":"54849625-5478-4994-A5BA-3E3B0328C30D"},"EventID":4769,"Version":0,"Level":0,"Task":14337,"Opcode":0,"Keywords":"0x8020000000000000","TimeCreated_attributes":{"SystemTime":"2020-07-09T20:41:05.016760Z"},"EventRecordID":15774965,"Correlation":null,"Execution_attributes":{"ProcessID":528,"ThreadID":2356},"Channel":"Security","Computer":"rootdc1.offsec.lan","Security":null},"EventData":{"TargetUserName":"admmig@OFFSEC.LAN","TargetDomainName":"OFFSEC.LAN","ServiceName":"ROOTDC2$","ServiceSid":"S-1-5-21-4230534742-2542757381-3142984815-1120","TicketOptions":"0x40800000","TicketEncryptionType":"0x12","IpAddress":"::ffff:10.23.23.9","IpPort":"59587","Status":"0x0","LogonGuid":"264DD555-232C-BE07-1D3C-855E0607C48A","TransmittedServices":"-"}}}
{"Event_attributes":{"xmlns":"http://schemas.microsoft.com/win/2004/08/events/event"},"Event":{"System":{"Provider_attributes":{"Name":"Microsoft-Windows-Security-Auditing","Guid":"54849625-5478-4994-A5BA-3E3B0328C30D"},"EventID":4769,"Version":0,"Level":0,"Task":14337,"Opcode":0,"Keywords":"0x8020000000000000","TimeCreated_attributes":{"SystemTime":"2020-07-09T20:41:58.983230Z"},"EventRecordID":15775040,"Correlation":null,"Execution_attributes":{"ProcessID":528,"ThreadID":2356},"Channel":"Security","Computer":"rootdc1.offsec.lan","Security":null},"EventData":{"TargetUserName":"admmig@OFFSEC.LAN","TargetDomainName":"OFFSEC.LAN","ServiceName":"ROOTDC1$","ServiceSid":"S-1-5-21-4230534742-2542757381-3142984815-1000","TicketOptions":"0x40810000","TicketEncryptionType":"0x12","IpAddress":"::ffff:10.23.23.9","IpPort":"59642","Status":"0x0","LogonGuid":"F3A0EF01-E18A-3042-655B-90AA8F368FD5","TransmittedServices":"-"}}}
{"Event_attributes":{"xmlns":"http://schemas.microsoft.com/win/2004/08/events/event"},"Event":{"System":{"Provider_attributes":{"Name":"Microsoft-Windows-Security-Auditing","Guid":"54849625-5478-4994-A5BA-3E3B0328C30D"},"EventID":4769,"Version":0,"Level":0,"Task":14337,"Opcode":0,"Keywords":"0x8020000000000000","TimeCreated_attributes":{"SystemTime":"2020-07-09T20:41:59.810266Z"},"EventRecordID":15775073,"Correlation":null,"Execution_attributes":{"ProcessID":528,"ThreadID":2356},"Channel":"Security","Computer":"rootdc1.offsec.lan","Security":null},"EventData":{"TargetUserName":"admmig@OFFSEC.LAN","TargetDomainName":"OFFSEC.LAN","ServiceName":"ROOTDC1$","ServiceSid":"S-1-5-21-4230534742-2542757381-3142984815-1000","TicketOptions":"0x40810000","TicketEncryptionType":"0x12","IpAddress":"::ffff:10.23.23.9","IpPort":"59647","Status":"0x0","LogonGuid":"36C24C30-1C55-4A96-01D6-BCA48D7F53D9","TransmittedServices":"-"}}}
