{"Event_attributes":{"xmlns":"http://schemas.microsoft.com/win/2004/08/events/event"},"Event":{"System":{"Provider_attributes":{"Name":"PowerShell"},"EventID_attributes":{"Qualifiers":0},"EventID":800,"Level":4,"Task":8,"Keywords":"0x80000000000000","TimeCreated_attributes":{"SystemTime":"2021-01-30T09:13:13.000000Z"},"EventRecordID":9435,"Channel":"Windows PowerShell","Computer":"fs02.offsec.lan","Security":null},"EventData":{"Data":{"#text":["","\tDetailSequence=1\r\n\tDetailTotal=1\r\n\r\n\tSequenceNumber=391\r\n\r\n\tUserId=OFFSEC\\admmig\r\n\tHostName=ConsoleHost\r\n\tHostVersion=4.0\r\n\tHostId=7f6359d5-da68-4ff5-8b7e-f3393366b020\r\n\tHostApplication=C:\\Windows\\System32\\WindowsPowerShell\\v1.0\\powershell.exe\r\n\tEngineVersion=4.0\r\n\tRunspaceId=c8166557-78a4-43a8-843d-dffbe24fa1ab\r\n\tPipelineId=56\r\n\tScriptName=\r\n\tCommandLine=","CommandInvocation(Out-Default): \"Out-Default\"\r\n"]},"Binary":null}}}
{"Event_attributes":{"xmlns":"http://schemas.microsoft.com/win/2004/08/events/event"},"Event":{"System":{"Provider_attributes":{"Name":"PowerShell"},"EventID_attributes":{"Qualifiers":0},"EventID":800,"Level":4,"Task":8,"Keywords":"0x80000000000000","TimeCreated_attributes":{"SystemTime":"2021-01-30T09:13:13.000000Z"},"EventRecordID":9436,"Channel":"Windows PowerShell","Computer":"fs02.offsec.lan","Security":null},"EventData":{"Data":{"#text":["Add-Type -AssemblyNAme System.IdentityModel","\tDetailSequence=1\r\n\tDetailTotal=1\r\n\r\n\tSequenceNumber=393\r\n\r\n\tUserId=OFFSEC\\admmig\r\n\tHostName=ConsoleHost\r\n\tHostVersion=4.0\r\n\tHostId=7f6359d5-da68-4ff5-8b7e-f3393366b020\r\n\tHostApplication=C:\\Windows\\System32\\WindowsPowerShell\\v1.0\\powershell.exe\r\n\tEngineVersion=4.0\r\n\tRunspaceId=c8166557-78a4-43a8-843d-dffbe24fa1ab\r\n\tPipelineId=58\r\n\tScriptName=\r\n\tCommandLine=Add-Type -AssemblyNAme System.IdentityModel","CommandInvocation(Add-Type): \"Add-Type\"\r\nParameterBinding(Add-Type): name=\"AssemblyName\"; value=\"System.IdentityModel\"\r\n"]},"Binary":null}}}
{"Event_attributes":{"xmlns":"http://schemas.microsoft.com/win/2004/08/events/event"},"Event":{"System":{"Provider_attributes":{"Name":"PowerShell"},"EventID_attributes":{"Qualifiers":0},"EventID":800,"Level":4,"Task":8,"Keywords":"0x80000000000000","TimeCreated_attributes":{"SystemTime":"2021-01-30T09:13:13.000000Z"},"EventRecordID":9437,"Channel":"Windows PowerShell","Computer":"fs02.offsec.lan","Security":null},"EventData":{"Data":{"#text":["","\tDetailSequence=1\r\n\tDetailTotal=1\r\n\r\n\tSequenceNumber=395\r\n\r\n\tUserId=OFFSEC\\admmig\r\n\tHostName=ConsoleHost\r\n\tHostVersion=4.0\r\n\tHostId=7f6359d5-da68-4ff5-8b7e-f3393366b020\r\n\tHostApplication=C:\\Windows\\System32\\WindowsPowerShell\\v1.0\\powershell.exe\r\n\tEngineVersion=4.0\r\n\tRunspaceId=c8166557-78a4-43a8-843d-dffbe24fa1ab\r\n\tPipelineId=58\r\n\tScriptName=\r\n\tCommandLine=","CommandInvocation(Out-Default): \"Out-Default\"\r\n"]},"Binary":null}}}
{"Event_attributes":{"xmlns":"http://schemas.microsoft.com/win/2004/08/events/event"},"Event":{"System":{"Provider_attributes":{"Name":"PowerShell"},"EventID_attributes":{"Qualifiers":0},"EventID":800,"Level":4,"Task":8,"Keywords":"0x80000000000000","TimeCreated_attributes":{"SystemTime":"2021-01-30T09:13:17.000000Z"},"EventRecordID":9438,"Channel":"Windows PowerShell","Computer":"fs02.offsec.lan","Security":null},"EventData":{"Data":{"#text":["New-Object System.IdentityModel.Tokens.KerberosRequestorSecurityToken -ArgumentList $SPNName","\tDetailSequence=1\r\n\tDetailTotal=1\r\n\r\n\tSequenceNumber=398\r\n\r\n\tUserId=OFFSEC\\admmig\r\n\tHostName=ConsoleHost\r\n\tHostVersion=4.0\r\n\tHostId=7f6359d5-da68-4ff5-8b7e-f3393366b020\r\n\tHostApplication=C:\\Windows\\System32\\WindowsPowerShell\\v1.0\\powershell.exe\r\n\tEngineVersion=4.0\r\n\tRunspaceId=c8166557-78a4-43a8-843d-dffbe24fa1ab\r\n\tPipelineId=60\r\n\tScriptName=\r\n\tCommandLine=New-Object System.IdentityModel.Tokens.KerberosRequestorSecurityToken -ArgumentList $SPNName","CommandInvocation(New-Object): \"New-Object\"\r\nParameterBinding(New-Object): name=\"ArgumentList\"; value=\"MSSQLSvc/Svc-SQL-DB01.offsec.lan\"\r\nParameterBinding(New-Object): name=\"TypeName\"; value=\"System.IdentityModel.Tokens.KerberosRequestorSecurityToken\"\r\nTerminatingError(New-Object): \"Exception calling \".ctor\" with \"1\" argument(s): \"The NetworkCredentials provided were unable to create a Kerberos credential, see inner exception for details.\"\"\r\n"]},"Binary":null}}}
{"Event_attributes":{"xmlns":"http://schemas.microsoft.com/win/2004/08/events/event"},"Event":{"System":{"Provider_attributes":{"Name":"PowerShell"},"EventID_attributes":{"Qualifiers":0},"EventID":600,"Level":4,"Task":6,"Keywords":"0x80000000000000","TimeCreated_attributes":{"SystemTime":"2021-01-30T09:13:17.000000Z"},"EventRecordID":9439,"Channel":"Windows PowerShell","Computer":"fs02.offsec.lan","Security":null},"EventData":{"Data":{"#text":["Alias","Started","\tProviderName=Alias\r\n\tNewProviderState=Started\r\n\r\n\tSequenceNumber=400\r\n\r\n\tHostName=Default Host\r\n\tHostVersion=4.0\r\n\tHostId=be63031a-47ad-452d-836b-10da34712494\r\n\tHostApplication=C:\\Windows\\System32\\WindowsPowerShell\\v1.0\\powershell.exe\r\n\tEngineVersion=\r\n\tRunspaceId=\r\n\tPipelineId=\r\n\tCommandName=\r\n\tCommandType=\r\n\tScriptName=\r\n\tCommandPath=\r\n\tCommandLine="]},"Binary":null}}}
{"Event_attributes":{"xmlns":"http://schemas.microsoft.com/win/2004/08/events/event"},"Event":{"System":{"Provider_attributes":{"Name":"PowerShell"},"EventID_attributes":{"Qualifiers":0},"EventID":600,"Level":4,"Task":6,"Keywords":"0x80000000000000","TimeCreated_attributes":{"SystemTime":"2021-01-30T09:13:17.000000Z"},"EventRecordID":9440,"Channel":"Windows PowerShell","Computer":"fs02.offsec.lan","Security":null},"EventData":{"Data":{"#text":["Environment","Started","\tProviderName=Environment\r\n\tNewProviderState=Started\r\n\r\n\tSequenceNumber=402\r\n\r\n\tHostName=Default Host\r\n\tHostVersion=4.0\r\n\tHostId=be63031a-47ad-452d-836b-10da34712494\r\n\tHostApplication=C:\\Windows\\System32\\WindowsPowerShell\\v1.0\\powershell.exe\r\n\tEngineVersion=\r\n\tRunspaceId=\r\n\tPipelineId=\r\n\tCommandName=\r\n\tCommandType=\r\n\tScriptName=\r\n\tCommandPath=\r\n\tCommandLine="]},"Binary":null}}}
{"Event_attributes":{"xmlns":"http://schemas.microsoft.com/win/2004/08/events/event"},"Event":{"System":{"Provider_attributes":{"Name":"PowerShell"},"EventID_attributes":{"Qualifiers":0},"EventID":600,"Level":4,"Task":6,"Keywords":"0x80000000000000","TimeCreated_attributes":{"SystemTime":"2021-01-30T09:13:17.000000Z"},"EventRecordID":9441,"Channel":"Windows PowerShell","Computer":"fs02.offsec.lan","Security":null},"EventData":{"Data":{"#text":["FileSystem","Started","\tProviderName=FileSystem\r\n\tNewProviderState=Started\r\n\r\n\tSequenceNumber=404\r\n\r\n\tHostName=Default Host\r\n\tHostVersion=4.0\r\n\tHostId=be63031a-47ad-452d-836b-10da34712494\r\n\tHostApplication=C:\\Windows\\System32\\WindowsPowerShell\\v1.0\\powershell.exe\r\n\tEngineVersion=\r\n\tRunspaceId=\r\n\tPipelineId=\r\n\tCommandName=\r\n\tCommandType=\r\n\tScriptName=\r\n\tCommandPath=\r\n\tCommandLine="]},"Binary":null}}}
{"Event_attributes":{"xmlns":"http://schemas.microsoft.com/win/2004/08/events/event"},"Event":{"System":{"Provider_attributes":{"Name":"PowerShell"},"EventID_attributes":{"Qualifiers":0},"EventID":600,"Level":4,"Task":6,"Keywords":"0x80000000000000","TimeCreated_attributes":{"SystemTime":"2021-01-30T09:13:17.000000Z"},"EventRecordID":9442,"Channel":"Windows PowerShell","Computer":"fs02.offsec.lan","Security":null},"EventData":{"Data":{"#text":["Function","Started","\tProviderName=Function\r\n\tNewProviderState=Started\r\n\r\n\tSequenceNumber=406\r\n\r\n\tHostName=Default Host\r\n\tHostVersion=4.0\r\n\tHostId=be63031a-47ad-452d-836b-10da34712494\r\n\tHostApplication=C:\\Windows\\System32\\WindowsPowerShell\\v1.0\\powershell.exe\r\n\tEngineVersion=\r\n\tRunspaceId=\r\n\tPipelineId=\r\n\tCommandName=\r\n\tCommandType=\r\n\tScriptName=\r\n\tCommandPath=\r\n\tCommandLine="]},"Binary":null}}}
{"Event_attributes":{"xmlns":"http://schemas.microsoft.com/win/2004/08/events/event"},"Event":{"System":{"Provider_attributes":{"Name":"PowerShell"},"EventID_attributes":{"Qualifiers":0},"EventID":600,"Level":4,"Task":6,"Keywords":"0x80000000000000","TimeCreated_attributes":{"SystemTime":"2021-01-30T09:13:17.000000Z"},"EventRecordID":9443,"Channel":"Windows PowerShell","Computer":"fs02.offsec.lan","Security":null},"EventData":{"Data":{"#text":["Registry","Started","\tProviderName=Registry\r\n\tNewProviderState=Started\r\n\r\n\tSequenceNumber=408\r\n\r\n\tHostName=Default Host\r\n\tHostVersion=4.0\r\n\tHostId=be63031a-47ad-452d-836b-10da34712494\r\n\tHostApplication=C:\\Windows\\System32\\WindowsPowerShell\\v1.0\\powershell.exe\r\n\tEngineVersion=\r\n\tRunspaceId=\r\n\tPipelineId=\r\n\tCommandName=\r\n\tCommandType=\r\n\tScriptName=\r\n\tCommandPath=\r\n\tCommandLine="]},"Binary":null}}}
{"Event_attributes":{"xmlns":"http://schemas.microsoft.com/win/2004/08/events/event"},"Event":{"System":{"Provider_attributes":{"Name":"PowerShell"},"EventID_attributes":{"Qualifiers":0},"EventID":600,"Level":4,"Task":6,"Keywords":"0x80000000000000","TimeCreated_attributes":{"SystemTime":"2021-01-30T09:13:17.000000Z"},"EventRecordID":9444,"Channel":"Windows PowerShell","Computer":"fs02.offsec.lan","Security":null},"EventData":{"Data":{"#text":["Variable","Started","\tProviderName=Variable\r\n\tNewProviderState=Started\r\n\r\n\tSequenceNumber=410\r\n\r\n\tHostName=Default Host\r\n\tHostVersion=4.0\r\n\tHostId=be63031a-47ad-452d-836b-10da34712494\r\n\tHostApplication=C:\\Windows\\System32\\WindowsPowerShell\\v1.0\\powershell.exe\r\n\tEngineVersion=\r\n\tRunspaceId=\r\n\tPipelineId=\r\n\tCommandName=\r\n\tCommandType=\r\n\tScriptName=\r\n\tCommandPath=\r\n\tCommandLine="]},"Binary":null}}}
{"Event_attributes":{"xmlns":"http://schemas.microsoft.com/win/2004/08/events/event"},"Event":{"System":{"Provider_attributes":{"Name":"PowerShell"},"EventID_attributes":{"Qualifiers":0},"EventID":400,"Level":4,"Task":4,"Keywords":"0x80000000000000","TimeCreated_attributes":{"SystemTime":"2021-01-30T09:13:17.000000Z"},"EventRecordID":9445,"Channel":"Windows PowerShell","Computer":"fs02.offsec.lan","Security":null},"EventData":{"Data":{"#text":["Available","None","\tNewEngineState=Available\r\n\tPreviousEngineState=None\r\n\r\n\tSequenceNumber=412\r\n\r\n\tHostName=Default Host\r\n\tHostVersion=4.0\r\n\tHostId=be63031a-47ad-452d-836b-10da34712494\r\n\tHostApplication=C:\\Windows\\System32\\WindowsPowerShell\\v1.0\\powershell.exe\r\n\tEngineVersion=4.0\r\n\tRunspaceId=087544e4-6858-46d4-be10-88650118e46b\r\n\tPipelineId=\r\n\tCommandName=\r\n\tCommandType=\r\n\tScriptName=\r\n\tCommandPath=\r\n\tCommandLine="]},"Binary":null}}}
{"Event_attributes":{"xmlns":"http://schemas.microsoft.com/win/2004/08/events/event"},"Event":{"System":{"Provider_attributes":{"Name":"PowerShell"},"EventID_attributes":{"Qualifiers":0},"EventID":800,"Level":4,"Task":8,"Keywords":"0x80000000000000","TimeCreated_attributes":{"SystemTime":"2021-01-30T09:13:17.000000Z"},"EventRecordID":9446,"Channel":"Windows PowerShell","Computer":"fs02.offsec.lan","Security":null},"EventData":{"Data":{"#text":["                                        if ( & { Set-StrictMode -Version 1; $_.PSMessageDetails } ) {\n","\tDetailSequence=1\r\n\tDetailTotal=1\r\n\r\n\tSequenceNumber=414\r\n\r\n\tUserId=OFFSEC\\admmig\r\n\tHostName=Default Host\r\n\tHostVersion=4.0\r\n\tHostId=be63031a-47ad-452d-836b-10da34712494\r\n\tHostApplication=C:\\Windows\\System32\\WindowsPowerShell\\v1.0\\powershell.exe\r\n\tEngineVersion=4.0\r\n\tRunspaceId=087544e4-6858-46d4-be10-88650118e46b\r\n\tPipelineId=1\r\n\tScriptName=\r\n\tCommandLine=                                        if ( & { Set-StrictMode -Version 1; $_.PSMessageDetails } ) {\n","CommandInvocation(Set-StrictMode): \"Set-StrictMode\"\r\nParameterBinding(Set-StrictMode): name=\"Version\"; value=\"1.0\"\r\n"]},"Binary":null}}}
{"Event_attributes":{"xmlns":"http://schemas.microsoft.com/win/2004/08/events/event"},"Event":{"System":{"Provider_attributes":{"Name":"PowerShell"},"EventID_attributes":{"Qualifiers":0},"EventID":800,"Level":4,"Task":8,"Keywords":"0x80000000000000","TimeCreated_attributes":{"SystemTime":"2021-01-30T09:13:17.000000Z"},"EventRecordID":9447,"Channel":"Windows PowerShell","Computer":"fs02.offsec.lan","Security":null},"EventData":{"Data":{"#text":["& { Set-StrictMode -Version 1; $this.Exception.InnerException.PSMessageDetails }","\tDetailSequence=1\r\n\tDetailTotal=1\r\n\r\n\tSequenceNumber=416\r\n\r\n\tUserId=OFFSEC\\admmig\r\n\tHostName=Default Host\r\n\tHostVersion=4.0\r\n\tHostId=be63031a-47ad-452d-836b-10da34712494\r\n\tHostApplication=C:\\Windows\\System32\\WindowsPowerShell\\v1.0\\powershell.exe\r\n\tEngineVersion=4.0\r\n\tRunspaceId=087544e4-6858-46d4-be10-88650118e46b\r\n\tPipelineId=1\r\n\tScriptName=\r\n\tCommandLine=& { Set-StrictMode -Version 1; $this.Exception.InnerException.PSMessageDetails }","CommandInvocation(Set-StrictMode): \"Set-StrictMode\"\r\nParameterBinding(Set-StrictMode): name=\"Version\"; value=\"1.0\"\r\n"]},"Binary":null}}}
{"Event_attributes":{"xmlns":"http://schemas.microsoft.com/win/2004/08/events/event"},"Event":{"System":{"Provider_attributes":{"Name":"PowerShell"},"EventID_attributes":{"Qualifiers":0},"EventID":800,"Level":4,"Task":8,"Keywords":"0x80000000000000","TimeCreated_attributes":{"SystemTime":"2021-01-30T09:13:17.000000Z"},"EventRecordID":9448,"Channel":"Windows PowerShell","Computer":"fs02.offsec.lan","Security":null},"EventData":{"Data":{"#text":["                                        $errorCategoryMsg = & { Set-StrictMode -Version 1; $_.ErrorCategory_Message }\n","\tDetailSequence=1\r\n\tDetailTotal=1\r\n\r\n\tSequenceNumber=418\r\n\r\n\tUserId=OFFSEC\\admmig\r\n\tHostName=Default Host\r\n\tHostVersion=4.0\r\n\tHostId=be63031a-47ad-452d-836b-10da34712494\r\n\tHostApplication=C:\\Windows\\System32\\WindowsPowerShell\\v1.0\\powershell.exe\r\n\tEngineVersion=4.0\r\n\tRunspaceId=087544e4-6858-46d4-be10-88650118e46b\r\n\tPipelineId=1\r\n\tScriptName=\r\n\tCommandLine=                                        $errorCategoryMsg = & { Set-StrictMode -Version 1; $_.ErrorCategory_Message }\n","CommandInvocation(Set-StrictMode): \"Set-StrictMode\"\r\nParameterBinding(Set-StrictMode): name=\"Version\"; value=\"1.0\"\r\n"]},"Binary":null}}}
{"Event_attributes":{"xmlns":"http://schemas.microsoft.com/win/2004/08/events/event"},"Event":{"System":{"Provider_attributes":{"Name":"PowerShell"},"EventID_attributes":{"Qualifiers":0},"EventID":800,"Level":4,"Task":8,"Keywords":"0x80000000000000","TimeCreated_attributes":{"SystemTime":"2021-01-30T09:13:17.000000Z"},"EventRecordID":9449,"Channel":"Windows PowerShell","Computer":"fs02.offsec.lan","Security":null},"EventData":{"Data":{"#text":["                                        $originInfo = & { Set-StrictMode -Version 1; $_.OriginInfo }\n","\tDetailSequence=1\r\n\tDetailTotal=1\r\n\r\n\tSequenceNumber=420\r\n\r\n\tUserId=OFFSEC\\admmig\r\n\tHostName=Default Host\r\n\tHostVersion=4.0\r\n\tHostId=be63031a-47ad-452d-836b-10da34712494\r\n\tHostApplication=C:\\Windows\\System32\\WindowsPowerShell\\v1.0\\powershell.exe\r\n\tEngineVersion=4.0\r\n\tRunspaceId=087544e4-6858-46d4-be10-88650118e46b\r\n\tPipelineId=1\r\n\tScriptName=\r\n\tCommandLine=                                        $originInfo = & { Set-StrictMode -Version 1; $_.OriginInfo }\n","CommandInvocation(Set-StrictMode): \"Set-StrictMode\"\r\nParameterBinding(Set-StrictMode): name=\"Version\"; value=\"1.0\"\r\n"]},"Binary":null}}}
{"Event_attributes":{"xmlns":"http://schemas.microsoft.com/win/2004/08/events/event"},"Event":{"System":{"Provider_attributes":{"Name":"PowerShell"},"EventID_attributes":{"Qualifiers":0},"EventID":800,"Level":4,"Task":8,"Keywords":"0x80000000000000","TimeCreated_attributes":{"SystemTime":"2021-01-30T09:13:17.000000Z"},"EventRecordID":9450,"Channel":"Windows PowerShell","Computer":"fs02.offsec.lan","Security":null},"EventData":{"Data":{"#text":["","\tDetailSequence=1\r\n\tDetailTotal=1\r\n\r\n\tSequenceNumber=422\r\n\r\n\tUserId=OFFSEC\\admmig\r\n\tHostName=Default Host\r\n\tHostVersion=4.0\r\n\tHostId=be63031a-47ad-452d-836b-10da34712494\r\n\tHostApplication=C:\\Windows\\System32\\WindowsPowerShell\\v1.0\\powershell.exe\r\n\tEngineVersion=4.0\r\n\tRunspaceId=087544e4-6858-46d4-be10-88650118e46b\r\n\tPipelineId=1\r\n\tScriptName=\r\n\tCommandLine=","CommandInvocation(Out-Default): \"Out-Default\"\r\nParameterBinding(Out-Default): name=\"InputObject\"; value=\"Exception calling \".ctor\" with \"1\" argument(s): \"The NetworkCredentials provided were unable to create a Kerberos credential, see inner exception for details.\"\"\r\n"]},"Binary":null}}}
{"Event_attributes":{"xmlns":"http://schemas.microsoft.com/win/2004/08/events/event"},"Event":{"System":{"Provider_attributes":{"Name":"PowerShell"},"EventID_attributes":{"Qualifiers":0},"EventID":800,"Level":4,"Task":8,"Keywords":"0x80000000000000","TimeCreated_attributes":{"SystemTime":"2021-01-30T09:13:17.000000Z"},"EventRecordID":9451,"Channel":"Windows PowerShell","Computer":"fs02.offsec.lan","Security":null},"EventData":{"Data":{"#text":["                                        if ( & { Set-StrictMode -Version 1; $_.PSMessageDetails } ) {\n","\tDetailSequence=1\r\n\tDetailTotal=1\r\n\r\n\tSequenceNumber=424\r\n\r\n\tUserId=OFFSEC\\admmig\r\n\tHostName=ConsoleHost\r\n\tHostVersion=4.0\r\n\tHostId=7f6359d5-da68-4ff5-8b7e-f3393366b020\r\n\tHostApplication=C:\\Windows\\System32\\WindowsPowerShell\\v1.0\\powershell.exe\r\n\tEngineVersion=4.0\r\n\tRunspaceId=c8166557-78a4-43a8-843d-dffbe24fa1ab\r\n\tPipelineId=60\r\n\tScriptName=\r\n\tCommandLine=                                        if ( & { Set-StrictMode -Version 1; $_.PSMessageDetails } ) {\n","CommandInvocation(Set-StrictMode): \"Set-StrictMode\"\r\nParameterBinding(Set-StrictMode): name=\"Version\"; value=\"1.0\"\r\n"]},"Binary":null}}}
{"Event_attributes":{"xmlns":"http://schemas.microsoft.com/win/2004/08/events/event"},"Event":{"System":{"Provider_attributes":{"Name":"PowerShell"},"EventID_attributes":{"Qualifiers":0},"EventID":800,"Level":4,"Task":8,"Keywords":"0x80000000000000","TimeCreated_attributes":{"SystemTime":"2021-01-30T09:13:17.000000Z"},"EventRecordID":9452,"Channel":"Windows PowerShell","Computer":"fs02.offsec.lan","Security":null},"EventData":{"Data":{"#text":["& { Set-StrictMode -Version 1; $this.Exception.InnerException.PSMessageDetails }","\tDetailSequence=1\r\n\tDetailTotal=1\r\n\r\n\tSequenceNumber=426\r\n\r\n\tUserId=OFFSEC\\admmig\r\n\tHostName=ConsoleHost\r\n\tHostVersion=4.0\r\n\tHostId=7f6359d5-da68-4ff5-8b7e-f3393366b020\r\n\tHostApplication=C:\\Windows\\System32\\WindowsPowerShell\\v1.0\\powershell.exe\r\n\tEngineVersion=4.0\r\n\tRunspaceId=c8166557-78a4-43a8-843d-dffbe24fa1ab\r\n\tPipelineId=60\r\n\tScriptName=\r\n\tCommandLine=& { Set-StrictMode -Version 1; $this.Exception.InnerException.PSMessageDetails }","CommandInvocation(Set-StrictMode): \"Set-StrictMode\"\r\nParameterBinding(Set-StrictMode): name=\"Version\"; value=\"1.0\"\r\n"]},"Binary":null}}}
{"Event_attributes":{"xmlns":"http://schemas.microsoft.com/win/2004/08/events/event"},"Event":{"System":{"Provider_attributes":{"Name":"PowerShell"},"EventID_attributes":{"Qualifiers":0},"EventID":800,"Level":4,"Task":8,"Keywords":"0x80000000000000","TimeCreated_attributes":{"SystemTime":"2021-01-30T09:13:17.000000Z"},"EventRecordID":9453,"Channel":"Windows PowerShell","Computer":"fs02.offsec.lan","Security":null},"EventData":{"Data":{"#text":["                                        $errorCategoryMsg = & { Set-StrictMode -Version 1; $_.ErrorCategory_Message }\n","\tDetailSequence=1\r\n\tDetailTotal=1\r\n\r\n\tSequenceNumber=428\r\n\r\n\tUserId=OFFSEC\\admmig\r\n\tHostName=ConsoleHost\r\n\tHostVersion=4.0\r\n\tHostId=7f6359d5-da68-4ff5-8b7e-f3393366b020\r\n\tHostApplication=C:\\Windows\\System32\\WindowsPowerShell\\v1.0\\powershell.exe\r\n\tEngineVersion=4.0\r\n\tRunspaceId=c8166557-78a4-43a8-843d-dffbe24fa1ab\r\n\tPipelineId=60\r\n\tScriptName=\r\n\tCommandLine=                                        $errorCategoryMsg = & { Set-StrictMode -Version 1; $_.ErrorCategory_Message }\n","CommandInvocation(Set-StrictMode): \"Set-StrictMode\"\r\nParameterBinding(Set-StrictMode): name=\"Version\"; value=\"1.0\"\r\n"]},"Binary":null}}}
{"Event_attributes":{"xmlns":"http://schemas.microsoft.com/win/2004/08/events/event"},"Event":{"System":{"Provider_attributes":{"Name":"PowerShell"},"EventID_attributes":{"Qualifiers":0},"EventID":800,"Level":4,"Task":8,"Keywords":"0x80000000000000","TimeCreated_attributes":{"SystemTime":"2021-01-30T09:13:17.000000Z"},"EventRecordID":9454,"Channel":"Windows PowerShell","Computer":"fs02.offsec.lan","Security":null},"EventData":{"Data":{"#text":["                                        $originInfo = & { Set-StrictMode -Version 1; $_.OriginInfo }\n","\tDetailSequence=1\r\n\tDetailTotal=1\r\n\r\n\tSequenceNumber=430\r\n\r\n\tUserId=OFFSEC\\admmig\r\n\tHostName=ConsoleHost\r\n\tHostVersion=4.0\r\n\tHostId=7f6359d5-da68-4ff5-8b7e-f3393366b020\r\n\tHostApplication=C:\\Windows\\System32\\WindowsPowerShell\\v1.0\\powershell.exe\r\n\tEngineVersion=4.0\r\n\tRunspaceId=c8166557-78a4-43a8-843d-dffbe24fa1ab\r\n\tPipelineId=60\r\n\tScriptName=\r\n\tCommandLine=                                        $originInfo = & { Set-StrictMode -Version 1; $_.OriginInfo }\n","CommandInvocation(Set-StrictMode): \"Set-StrictMode\"\r\nParameterBinding(Set-StrictMode): name=\"Version\"; value=\"1.0\"\r\n"]},"Binary":null}}}
{"Event_attributes":{"xmlns":"http://schemas.microsoft.com/win/2004/08/events/event"},"Event":{"System":{"Provider_attributes":{"Name":"PowerShell"},"EventID_attributes":{"Qualifiers":0},"EventID":800,"Level":4,"Task":8,"Keywords":"0x80000000000000","TimeCreated_attributes":{"SystemTime":"2021-01-30T09:13:17.000000Z"},"EventRecordID":9455,"Channel":"Windows PowerShell","Computer":"fs02.offsec.lan","Security":null},"EventData":{"Data":{"#text":["","\tDetailSequence=1\r\n\tDetailTotal=1\r\n\r\n\tSequenceNumber=432\r\n\r\n\tUserId=OFFSEC\\admmig\r\n\tHostName=ConsoleHost\r\n\tHostVersion=4.0\r\n\tHostId=7f6359d5-da68-4ff5-8b7e-f3393366b020\r\n\tHostApplication=C:\\Windows\\System32\\WindowsPowerShell\\v1.0\\powershell.exe\r\n\tEngineVersion=4.0\r\n\tRunspaceId=c8166557-78a4-43a8-843d-dffbe24fa1ab\r\n\tPipelineId=60\r\n\tScriptName=\r\n\tCommandLine=","CommandInvocation(Out-Default): \"Out-Default\"\r\nParameterBinding(Out-Default): name=\"InputObject\"; value=\"Exception calling \".ctor\" with \"1\" argument(s): \"The NetworkCredentials provided were unable to create a Kerberos credential, see inner exception for details.\"\"\r\n"]},"Binary":null}}}
