{"Event_attributes":{"xmlns":"http://schemas.microsoft.com/win/2004/08/events/event"},"Event":{"System":{"Provider_attributes":{"Name":"Microsoft-Windows-Security-Auditing","Guid":"54849625-5478-4994-A5BA-3E3B0328C30D"},"EventID":5140,"Version":1,"Level":0,"Task":12808,"Opcode":0,"Keywords":"0x8010000000000000","TimeCreated_attributes":{"SystemTime":"2020-08-20T15:35:28.503966Z"},"EventRecordID":31067217,"Correlation":null,"Execution_attributes":{"ProcessID":4,"ThreadID":7088},"Channel":"Security","Computer":"rootdc1.offsec.lan","Security":null},"EventData":{"SubjectUserSid":"S-1-5-21-4230534742-2542757381-3142984815-1151","SubjectUserName":"hack-admu-test1","SubjectDomainName":"OFFSEC","SubjectLogonId":"0x2275e86d","ObjectType":"File","IpAddress":"10.23.23.9","IpPort":"50251","ShareName":"\\\\*\\ADMIN$","ShareLocalPath":"\\??\\C:\\Windows","AccessMask":"0x1","AccessList":"%%4416\r\n\t\t\t\t"}}}
{"Event_attributes":{"xmlns":"http://schemas.microsoft.com/win/2004/08/events/event"},"Event":{"System":{"Provider_attributes":{"Name":"Microsoft-Windows-Security-Auditing","Guid":"54849625-5478-4994-A5BA-3E3B0328C30D"},"EventID":5140,"Version":1,"Level":0,"Task":12808,"Opcode":0,"Keywords":"0x8020000000000000","TimeCreated_attributes":{"SystemTime":"2020-08-20T15:36:32.382223Z"},"EventRecordID":31067308,"Correlation":null,"Execution_attributes":{"ProcessID":4,"ThreadID":6128},"Channel":"Security","Computer":"rootdc1.offsec.lan","Security":null},"EventData":{"SubjectUserSid":"S-1-5-21-4230534742-2542757381-3142984815-1111","SubjectUserName":"admmig","SubjectDomainName":"OFFSEC","SubjectLogonId":"0x2276a30d","ObjectType":"File","IpAddress":"10.23.23.9","IpPort":"50257","ShareName":"\\\\*\\IPC$","ShareLocalPath":"","AccessMask":"0x1","AccessList":"%%4416\r\n\t\t\t\t"}}}
{"Event_attributes":{"xmlns":"http://schemas.microsoft.com/win/2004/08/events/event"},"Event":{"System":{"Provider_attributes":{"Name":"Microsoft-Windows-Security-Auditing","Guid":"54849625-5478-4994-A5BA-3E3B0328C30D"},"EventID":5140,"Version":1,"Level":0,"Task":12808,"Opcode":0,"Keywords":"0x8020000000000000","TimeCreated_attributes":{"SystemTime":"2020-08-20T15:36:32.391346Z"},"EventRecordID":31067315,"Correlation":null,"Execution_attributes":{"ProcessID":4,"ThreadID":6128},"Channel":"Security","Computer":"rootdc1.offsec.lan","Security":null},"EventData":{"SubjectUserSid":"S-1-5-21-4230534742-2542757381-3142984815-1111","SubjectUserName":"admmig","SubjectDomainName":"OFFSEC","SubjectLogonId":"0x2276a30d","ObjectType":"File","IpAddress":"10.23.23.9","IpPort":"50257","ShareName":"\\\\*\\C$","ShareLocalPath":"\\??\\C:\\","AccessMask":"0x1","AccessList":"%%4416\r\n\t\t\t\t"}}}
{"Event_attributes":{"xmlns":"http://schemas.microsoft.com/win/2004/08/events/event"},"Event":{"System":{"Provider_attributes":{"Name":"Microsoft-Windows-Security-Auditing","Guid":"54849625-5478-4994-A5BA-3E3B0328C30D"},"EventID":5140,"Version":1,"Level":0,"Task":12808,"Opcode":0,"Keywords":"0x8020000000000000","TimeCreated_attributes":{"SystemTime":"2020-08-20T15:37:06.186367Z"},"EventRecordID":31067370,"Correlation":null,"Execution_attributes":{"ProcessID":4,"ThreadID":4512},"Channel":"Security","Computer":"rootdc1.offsec.lan","Security":null},"EventData":{"SubjectUserSid":"S-1-5-21-4230534742-2542757381-3142984815-1111","SubjectUserName":"admmig","SubjectDomainName":"OFFSEC","SubjectLogonId":"0x2276ac17","ObjectType":"File","IpAddress":"10.23.23.9","IpPort":"50272","ShareName":"\\\\*\\C$","ShareLocalPath":"\\??\\C:\\","AccessMask":"0x1","AccessList":"%%4416\r\n\t\t\t\t"}}}
{"Event_attributes":{"xmlns":"http://schemas.microsoft.com/win/2004/08/events/event"},"Event":{"System":{"Provider_attributes":{"Name":"Microsoft-Windows-Security-Auditing","Guid":"54849625-5478-4994-A5BA-3E3B0328C30D"},"EventID":5140,"Version":1,"Level":0,"Task":12808,"Opcode":0,"Keywords":"0x8020000000000000","TimeCreated_attributes":{"SystemTime":"2020-08-20T15:37:14.331333Z"},"EventRecordID":31067393,"Correlation":null,"Execution_attributes":{"ProcessID":4,"ThreadID":5304},"Channel":"Security","Computer":"rootdc1.offsec.lan","Security":null},"EventData":{"SubjectUserSid":"S-1-5-21-4230534742-2542757381-3142984815-1111","SubjectUserName":"admmig","SubjectDomainName":"OFFSEC","SubjectLogonId":"0x2276ac17","ObjectType":"File","IpAddress":"10.23.23.9","IpPort":"50272","ShareName":"\\\\*\\IPC$","ShareLocalPath":"","AccessMask":"0x1","AccessList":"%%4416\r\n\t\t\t\t"}}}
{"Event_attributes":{"xmlns":"http://schemas.microsoft.com/win/2004/08/events/event"},"Event":{"System":{"Provider_attributes":{"Name":"Microsoft-Windows-Security-Auditing","Guid":"54849625-5478-4994-A5BA-3E3B0328C30D"},"EventID":5140,"Version":1,"Level":0,"Task":12808,"Opcode":0,"Keywords":"0x8020000000000000","TimeCreated_attributes":{"SystemTime":"2020-08-20T15:37:17.039490Z"},"EventRecordID":31067410,"Correlation":null,"Execution_attributes":{"ProcessID":4,"ThreadID":5304},"Channel":"Security","Computer":"rootdc1.offsec.lan","Security":null},"EventData":{"SubjectUserSid":"S-1-5-21-4230534742-2542757381-3142984815-1111","SubjectUserName":"admmig","SubjectDomainName":"OFFSEC","SubjectLogonId":"0x2276b0af","ObjectType":"File","IpAddress":"10.23.23.9","IpPort":"50272","ShareName":"\\\\*\\C$","ShareLocalPath":"\\??\\C:\\","AccessMask":"0x1","AccessList":"%%4416\r\n\t\t\t\t"}}}
{"Event_attributes":{"xmlns":"http://schemas.microsoft.com/win/2004/08/events/event"},"Event":{"System":{"Provider_attributes":{"Name":"Microsoft-Windows-Security-Auditing","Guid":"54849625-5478-4994-A5BA-3E3B0328C30D"},"EventID":5140,"Version":1,"Level":0,"Task":12808,"Opcode":0,"Keywords":"0x8020000000000000","TimeCreated_attributes":{"SystemTime":"2020-08-20T15:37:35.319881Z"},"EventRecordID":31067478,"Correlation":null,"Execution_attributes":{"ProcessID":4,"ThreadID":5748},"Channel":"Security","Computer":"rootdc1.offsec.lan","Security":null},"EventData":{"SubjectUserSid":"S-1-5-21-4230534742-2542757381-3142984815-1111","SubjectUserName":"admmig","SubjectDomainName":"OFFSEC","SubjectLogonId":"0x2276b0af","ObjectType":"File","IpAddress":"10.23.23.9","IpPort":"50272","ShareName":"\\\\*\\IPC$","ShareLocalPath":"","AccessMask":"0x1","AccessList":"%%4416\r\n\t\t\t\t"}}}
{"Event_attributes":{"xmlns":"http://schemas.microsoft.com/win/2004/08/events/event"},"Event":{"System":{"Provider_attributes":{"Name":"Microsoft-Windows-Security-Auditing","Guid":"54849625-5478-4994-A5BA-3E3B0328C30D"},"EventID":5140,"Version":1,"Level":0,"Task":12808,"Opcode":0,"Keywords":"0x8020000000000000","TimeCreated_attributes":{"SystemTime":"2020-08-20T15:37:35.773643Z"},"EventRecordID":31067500,"Correlation":null,"Execution_attributes":{"ProcessID":4,"ThreadID":5748},"Channel":"Security","Computer":"rootdc1.offsec.lan","Security":null},"EventData":{"SubjectUserSid":"S-1-5-21-4230534742-2542757381-3142984815-1106","SubjectUserName":"JUMP01$","SubjectDomainName":"OFFSEC","SubjectLogonId":"0x2276b890","ObjectType":"File","IpAddress":"10.23.23.9","IpPort":"50280","ShareName":"\\\\*\\IPC$","ShareLocalPath":"","AccessMask":"0x1","AccessList":"%%4416\r\n\t\t\t\t"}}}
