{"Event_attributes":{"xmlns":"http://schemas.microsoft.com/win/2004/08/events/event"},"Event":{"System":{"Provider_attributes":{"Name":"Microsoft-Windows-EventForwarder"},"EventID":"111","TimeCreated_attributes":{"SystemTime":"2021-04-27T15:03:16.983Z"},"Computer":"dhcp01.offsec.lan"},"SubscriptionBookmarkEvent":{"SubscriptionId":null}}}
{"Event_attributes":{"xmlns":"http://schemas.microsoft.com/win/2004/08/events/event"},"Event":{"System":{"Provider_attributes":{"Name":"Microsoft-Windows-Security-Auditing","Guid":"{54849625-5478-4994-A5BA-3E3B0328C30D}"},"EventID":"5140","Version":"1","Level":"0","Task":"12808","Opcode":"0","Keywords":"0x8020000000000000","TimeCreated_attributes":{"SystemTime":"2021-04-27T15:03:17.762951800Z"},"EventRecordID":"8863827","Correlation":null,"Execution_attributes":{"ProcessID":"4","ThreadID":"3148"},"Channel":"Security","Computer":"dhcp01.offsec.lan","Security":null},"EventData":{"SubjectUserSid":"S-1-5-21-4230534742-2542757381-3142984815-1111","SubjectUserName":"admmig","SubjectDomainName":"OFFSEC","SubjectLogonId":"0x5df84d08","ObjectType":"File","IpAddress":"10.23.23.9","IpPort":"50656","ShareName":"\\\\*\\IPC$","ShareLocalPath":"","AccessMask":"0x1","AccessList":"%%4416\r\n\t\t\t\t"}}}
{"Event_attributes":{"xmlns":"http://schemas.microsoft.com/win/2004/08/events/event"},"Event":{"System":{"Provider_attributes":{"Name":"Microsoft-Windows-Security-Auditing","Guid":"{54849625-5478-4994-A5BA-3E3B0328C30D}"},"EventID":"5145","Version":"0","Level":"0","Task":"12811","Opcode":"0","Keywords":"0x8020000000000000","TimeCreated_attributes":{"SystemTime":"2021-04-27T15:03:17.763538500Z"},"EventRecordID":"8863828","Correlation":null,"Execution_attributes":{"ProcessID":"4","ThreadID":"3148"},"Channel":"Security","Computer":"dhcp01.offsec.lan","Security":null},"EventData":{"SubjectUserSid":"S-1-5-21-4230534742-2542757381-3142984815-1111","SubjectUserName":"admmig","SubjectDomainName":"OFFSEC","SubjectLogonId":"0x5df84d08","ObjectType":"File","IpAddress":"10.23.23.9","IpPort":"50656","ShareName":"\\\\*\\IPC$","ShareLocalPath":"","RelativeTargetName":"samr","AccessMask":"0x12019f","AccessList":"%%1538\r\n\t\t\t\t%%1541\r\n\t\t\t\t%%4416\r\n\t\t\t\t%%4417\r\n\t\t\t\t%%4418\r\n\t\t\t\t%%4419\r\n\t\t\t\t%%4420\r\n\t\t\t\t%%4423\r\n\t\t\t\t%%4424\r\n\t\t\t\t","AccessReason":"-"}}}
{"Event_attributes":{"xmlns":"http://schemas.microsoft.com/win/2004/08/events/event"},"Event":{"System":{"Provider_attributes":{"Name":"Microsoft-Windows-Security-Auditing","Guid":"{54849625-5478-4994-A5BA-3E3B0328C30D}"},"EventID":"5145","Version":"0","Level":"0","Task":"12811","Opcode":"0","Keywords":"0x8020000000000000","TimeCreated_attributes":{"SystemTime":"2021-04-27T15:03:17.782149600Z"},"EventRecordID":"8863842","Correlation":null,"Execution_attributes":{"ProcessID":"4","ThreadID":"3148"},"Channel":"Security","Computer":"dhcp01.offsec.lan","Security":null},"EventData":{"SubjectUserSid":"S-1-5-21-4230534742-2542757381-3142984815-1111","SubjectUserName":"admmig","SubjectDomainName":"OFFSEC","SubjectLogonId":"0x5df84d08","ObjectType":"File","IpAddress":"10.23.23.9","IpPort":"50681","ShareName":"\\\\*\\IPC$","ShareLocalPath":"","RelativeTargetName":"lsarpc","AccessMask":"0x12019f","AccessList":"%%1538\r\n\t\t\t\t%%1541\r\n\t\t\t\t%%4416\r\n\t\t\t\t%%4417\r\n\t\t\t\t%%4418\r\n\t\t\t\t%%4419\r\n\t\t\t\t%%4420\r\n\t\t\t\t%%4423\r\n\t\t\t\t%%4424\r\n\t\t\t\t","AccessReason":"-"}}}
{"Event_attributes":{"xmlns":"http://schemas.microsoft.com/win/2004/08/events/event"},"Event":{"System":{"Provider_attributes":{"Name":"Microsoft-Windows-Security-Auditing","Guid":"{54849625-5478-4994-A5BA-3E3B0328C30D}"},"EventID":"5145","Version":"0","Level":"0","Task":"12811","Opcode":"0","Keywords":"0x8020000000000000","TimeCreated_attributes":{"SystemTime":"2021-04-27T15:03:17.816784200Z"},"EventRecordID":"8863843","Correlation":null,"Execution_attributes":{"ProcessID":"4","ThreadID":"3148"},"Channel":"Security","Computer":"dhcp01.offsec.lan","Security":null},"EventData":{"SubjectUserSid":"S-1-5-21-4230534742-2542757381-3142984815-1111","SubjectUserName":"admmig","SubjectDomainName":"OFFSEC","SubjectLogonId":"0x5df84d08","ObjectType":"File","IpAddress":"10.23.23.9","IpPort":"50677","ShareName":"\\\\*\\IPC$","ShareLocalPath":"","RelativeTargetName":"srvsvc","AccessMask":"0x12019f","AccessList":"%%1538\r\n\t\t\t\t%%1541\r\n\t\t\t\t%%4416\r\n\t\t\t\t%%4417\r\n\t\t\t\t%%4418\r\n\t\t\t\t%%4419\r\n\t\t\t\t%%4420\r\n\t\t\t\t%%4423\r\n\t\t\t\t%%4424\r\n\t\t\t\t","AccessReason":"-"}}}
{"Event_attributes":{"xmlns":"http://schemas.microsoft.com/win/2004/08/events/event"},"Event":{"System":{"Provider_attributes":{"Name":"Microsoft-Windows-Security-Auditing","Guid":"{54849625-5478-4994-A5BA-3E3B0328C30D}"},"EventID":"5145","Version":"0","Level":"0","Task":"12811","Opcode":"0","Keywords":"0x8020000000000000","TimeCreated_attributes":{"SystemTime":"2021-04-27T15:03:20.658002000Z"},"EventRecordID":"8863844","Correlation":null,"Execution_attributes":{"ProcessID":"4","ThreadID":"3148"},"Channel":"Security","Computer":"dhcp01.offsec.lan","Security":null},"EventData":{"SubjectUserSid":"S-1-5-21-4230534742-2542757381-3142984815-1129","SubjectUserName":"svc_nxlog","SubjectDomainName":"OFFSEC","SubjectLogonId":"0x5ddeb1e0","ObjectType":"File","IpAddress":"10.23.42.22","IpPort":"62714","ShareName":"\\\\*\\dhcp_logs$","ShareLocalPath":"\\??\\C:\\DHCP_LOGS","RelativeTargetName":"\\","AccessMask":"0x100081","AccessList":"%%1541\r\n\t\t\t\t%%4416\r\n\t\t\t\t%%4423\r\n\t\t\t\t","AccessReason":"%%1541:\t%%1801\tD:(A;;0x1200a9;;;S-1-5-21-4230534742-2542757381-3142984815-1129)\r\n\t\t\t\t%%4416:\t%%1801\tD:(A;;0x1200a9;;;S-1-5-21-4230534742-2542757381-3142984815-1129)\r\n\t\t\t\t%%4423:\t%%1801\tD:(A;;0x1200a9;;;S-1-5-21-4230534742-2542757381-3142984815-1129)\r\n\t\t\t\t"}}}
{"Event_attributes":{"xmlns":"http://schemas.microsoft.com/win/2004/08/events/event"},"Event":{"System":{"Provider_attributes":{"Name":"Microsoft-Windows-Security-Auditing","Guid":"{54849625-5478-4994-A5BA-3E3B0328C30D}"},"EventID":"5140","Version":"1","Level":"0","Task":"12808","Opcode":"0","Keywords":"0x8020000000000000","TimeCreated_attributes":{"SystemTime":"2021-04-27T14:59:45.042526500Z"},"EventRecordID":"10663637","Correlation":null,"Execution_attributes":{"ProcessID":"4","ThreadID":"12036"},"Channel":"Security","Computer":"exchange01.offsec.lan","Security":null},"EventData":{"SubjectUserSid":"S-1-5-21-4230534742-2542757381-3142984815-1111","SubjectUserName":"admmig","SubjectDomainName":"OFFSEC","SubjectLogonId":"0xb108529d","ObjectType":"File","IpAddress":"10.23.23.9","IpPort":"50661","ShareName":"\\\\*\\IPC$","ShareLocalPath":"","AccessMask":"0x1","AccessList":"%%4416\r\n\t\t\t\t"}}}
{"Event_attributes":{"xmlns":"http://schemas.microsoft.com/win/2004/08/events/event"},"Event":{"System":{"Provider_attributes":{"Name":"Microsoft-Windows-Security-Auditing","Guid":"{54849625-5478-4994-A5BA-3E3B0328C30D}"},"EventID":"5145","Version":"0","Level":"0","Task":"12811","Opcode":"0","Keywords":"0x8020000000000000","TimeCreated_attributes":{"SystemTime":"2021-04-27T14:59:45.043069800Z"},"EventRecordID":"10663638","Correlation":null,"Execution_attributes":{"ProcessID":"4","ThreadID":"12036"},"Channel":"Security","Computer":"exchange01.offsec.lan","Security":null},"EventData":{"SubjectUserSid":"S-1-5-21-4230534742-2542757381-3142984815-1111","SubjectUserName":"admmig","SubjectDomainName":"OFFSEC","SubjectLogonId":"0xb108529d","ObjectType":"File","IpAddress":"10.23.23.9","IpPort":"50661","ShareName":"\\\\*\\IPC$","ShareLocalPath":"","RelativeTargetName":"samr","AccessMask":"0x12019f","AccessList":"%%1538\r\n\t\t\t\t%%1541\r\n\t\t\t\t%%4416\r\n\t\t\t\t%%4417\r\n\t\t\t\t%%4418\r\n\t\t\t\t%%4419\r\n\t\t\t\t%%4420\r\n\t\t\t\t%%4423\r\n\t\t\t\t%%4424\r\n\t\t\t\t","AccessReason":"-"}}}
{"Event_attributes":{"xmlns":"http://schemas.microsoft.com/win/2004/08/events/event"},"Event":{"System":{"Provider_attributes":{"Name":"Microsoft-Windows-Security-Auditing","Guid":"{54849625-5478-4994-A5BA-3E3B0328C30D}"},"EventID":"5145","Version":"0","Level":"0","Task":"12811","Opcode":"0","Keywords":"0x8020000000000000","TimeCreated_attributes":{"SystemTime":"2021-04-27T14:59:45.065017200Z"},"EventRecordID":"10663652","Correlation":null,"Execution_attributes":{"ProcessID":"4","ThreadID":"12036"},"Channel":"Security","Computer":"exchange01.offsec.lan","Security":null},"EventData":{"SubjectUserSid":"S-1-5-21-4230534742-2542757381-3142984815-1111","SubjectUserName":"admmig","SubjectDomainName":"OFFSEC","SubjectLogonId":"0xb108529d","ObjectType":"File","IpAddress":"10.23.23.9","IpPort":"50675","ShareName":"\\\\*\\IPC$","ShareLocalPath":"","RelativeTargetName":"lsarpc","AccessMask":"0x12019f","AccessList":"%%1538\r\n\t\t\t\t%%1541\r\n\t\t\t\t%%4416\r\n\t\t\t\t%%4417\r\n\t\t\t\t%%4418\r\n\t\t\t\t%%4419\r\n\t\t\t\t%%4420\r\n\t\t\t\t%%4423\r\n\t\t\t\t%%4424\r\n\t\t\t\t","AccessReason":"-"}}}
{"Event_attributes":{"xmlns":"http://schemas.microsoft.com/win/2004/08/events/event"},"Event":{"System":{"Provider_attributes":{"Name":"Microsoft-Windows-Security-Auditing","Guid":"{54849625-5478-4994-A5BA-3E3B0328C30D}"},"EventID":"5145","Version":"0","Level":"0","Task":"12811","Opcode":"0","Keywords":"0x8020000000000000","TimeCreated_attributes":{"SystemTime":"2021-04-27T14:59:45.091805300Z"},"EventRecordID":"10663653","Correlation":null,"Execution_attributes":{"ProcessID":"4","ThreadID":"12036"},"Channel":"Security","Computer":"exchange01.offsec.lan","Security":null},"EventData":{"SubjectUserSid":"S-1-5-21-4230534742-2542757381-3142984815-1111","SubjectUserName":"admmig","SubjectDomainName":"OFFSEC","SubjectLogonId":"0xb108529d","ObjectType":"File","IpAddress":"10.23.23.9","IpPort":"50674","ShareName":"\\\\*\\IPC$","ShareLocalPath":"","RelativeTargetName":"srvsvc","AccessMask":"0x12019f","AccessList":"%%1538\r\n\t\t\t\t%%1541\r\n\t\t\t\t%%4416\r\n\t\t\t\t%%4417\r\n\t\t\t\t%%4418\r\n\t\t\t\t%%4419\r\n\t\t\t\t%%4420\r\n\t\t\t\t%%4423\r\n\t\t\t\t%%4424\r\n\t\t\t\t","AccessReason":"-"}}}
{"Event_attributes":{"xmlns":"http://schemas.microsoft.com/win/2004/08/events/event"},"Event":{"System":{"Provider_attributes":{"Name":"Microsoft-Windows-Security-Auditing","Guid":"{54849625-5478-4994-A5BA-3E3B0328C30D}"},"EventID":"5140","Version":"1","Level":"0","Task":"12808","Opcode":"0","Keywords":"0x8020000000000000","TimeCreated_attributes":{"SystemTime":"2021-04-27T15:00:05.147803800Z"},"EventRecordID":"10663658","Correlation":null,"Execution_attributes":{"ProcessID":"4","ThreadID":"18888"},"Channel":"Security","Computer":"exchange01.offsec.lan","Security":null},"EventData":{"SubjectUserSid":"S-1-5-21-4230534742-2542757381-3142984815-1111","SubjectUserName":"admmig","SubjectDomainName":"OFFSEC","SubjectLogonId":"0xb1086cfb","ObjectType":"File","IpAddress":"10.23.23.9","IpPort":"50764","ShareName":"\\\\*\\IPC$","ShareLocalPath":"","AccessMask":"0x1","AccessList":"%%4416\r\n\t\t\t\t"}}}
{"Event_attributes":{"xmlns":"http://schemas.microsoft.com/win/2004/08/events/event"},"Event":{"System":{"Provider_attributes":{"Name":"Microsoft-Windows-Security-Auditing","Guid":"{54849625-5478-4994-A5BA-3E3B0328C30D}"},"EventID":"5140","Version":"1","Level":"0","Task":"12808","Opcode":"0","Keywords":"0x8020000000000000","TimeCreated_attributes":{"SystemTime":"2021-04-27T14:59:34.819451600Z"},"EventRecordID":"9474309","Correlation":null,"Execution_attributes":{"ProcessID":"4","ThreadID":"860"},"Channel":"Security","Computer":"atanids01.offsec.lan","Security":null},"EventData":{"SubjectUserSid":"S-1-5-21-4230534742-2542757381-3142984815-1111","SubjectUserName":"admmig","SubjectDomainName":"OFFSEC","SubjectLogonId":"0x74005fb3","ObjectType":"File","IpAddress":"10.23.23.9","IpPort":"50662","ShareName":"\\\\*\\IPC$","ShareLocalPath":"","AccessMask":"0x1","AccessList":"%%4416\r\n\t\t\t\t"}}}
{"Event_attributes":{"xmlns":"http://schemas.microsoft.com/win/2004/08/events/event"},"Event":{"System":{"Provider_attributes":{"Name":"Microsoft-Windows-Security-Auditing","Guid":"{54849625-5478-4994-A5BA-3E3B0328C30D}"},"EventID":"5145","Version":"0","Level":"0","Task":"12811","Opcode":"0","Keywords":"0x8020000000000000","TimeCreated_attributes":{"SystemTime":"2021-04-27T14:59:34.822410700Z"},"EventRecordID":"9474310","Correlation":null,"Execution_attributes":{"ProcessID":"4","ThreadID":"860"},"Channel":"Security","Computer":"atanids01.offsec.lan","Security":null},"EventData":{"SubjectUserSid":"S-1-5-21-4230534742-2542757381-3142984815-1111","SubjectUserName":"admmig","SubjectDomainName":"OFFSEC","SubjectLogonId":"0x74005fb3","ObjectType":"File","IpAddress":"10.23.23.9","IpPort":"50662","ShareName":"\\\\*\\IPC$","ShareLocalPath":"","RelativeTargetName":"samr","AccessMask":"0x12019f","AccessList":"%%1538\r\n\t\t\t\t%%1541\r\n\t\t\t\t%%4416\r\n\t\t\t\t%%4417\r\n\t\t\t\t%%4418\r\n\t\t\t\t%%4419\r\n\t\t\t\t%%4420\r\n\t\t\t\t%%4423\r\n\t\t\t\t%%4424\r\n\t\t\t\t","AccessReason":"-"}}}
{"Event_attributes":{"xmlns":"http://schemas.microsoft.com/win/2004/08/events/event"},"Event":{"System":{"Provider_attributes":{"Name":"Microsoft-Windows-Security-Auditing","Guid":"{54849625-5478-4994-A5BA-3E3B0328C30D}"},"EventID":"5145","Version":"0","Level":"0","Task":"12811","Opcode":"0","Keywords":"0x8020000000000000","TimeCreated_attributes":{"SystemTime":"2021-04-27T14:59:34.879565700Z"},"EventRecordID":"9474324","Correlation":null,"Execution_attributes":{"ProcessID":"4","ThreadID":"860"},"Channel":"Security","Computer":"atanids01.offsec.lan","Security":null},"EventData":{"SubjectUserSid":"S-1-5-21-4230534742-2542757381-3142984815-1111","SubjectUserName":"admmig","SubjectDomainName":"OFFSEC","SubjectLogonId":"0x74005fb3","ObjectType":"File","IpAddress":"10.23.23.9","IpPort":"50696","ShareName":"\\\\*\\IPC$","ShareLocalPath":"","RelativeTargetName":"lsarpc","AccessMask":"0x12019f","AccessList":"%%1538\r\n\t\t\t\t%%1541\r\n\t\t\t\t%%4416\r\n\t\t\t\t%%4417\r\n\t\t\t\t%%4418\r\n\t\t\t\t%%4419\r\n\t\t\t\t%%4420\r\n\t\t\t\t%%4423\r\n\t\t\t\t%%4424\r\n\t\t\t\t","AccessReason":"-"}}}
{"Event_attributes":{"xmlns":"http://schemas.microsoft.com/win/2004/08/events/event"},"Event":{"System":{"Provider_attributes":{"Name":"Microsoft-Windows-Security-Auditing","Guid":"{54849625-5478-4994-A5BA-3E3B0328C30D}"},"EventID":"5145","Version":"0","Level":"0","Task":"12811","Opcode":"0","Keywords":"0x8020000000000000","TimeCreated_attributes":{"SystemTime":"2021-04-27T14:59:34.919334100Z"},"EventRecordID":"9474325","Correlation":null,"Execution_attributes":{"ProcessID":"4","ThreadID":"860"},"Channel":"Security","Computer":"atanids01.offsec.lan","Security":null},"EventData":{"SubjectUserSid":"S-1-5-21-4230534742-2542757381-3142984815-1111","SubjectUserName":"admmig","SubjectDomainName":"OFFSEC","SubjectLogonId":"0x74005fb3","ObjectType":"File","IpAddress":"10.23.23.9","IpPort":"50695","ShareName":"\\\\*\\IPC$","ShareLocalPath":"","RelativeTargetName":"srvsvc","AccessMask":"0x12019f","AccessList":"%%1538\r\n\t\t\t\t%%1541\r\n\t\t\t\t%%4416\r\n\t\t\t\t%%4417\r\n\t\t\t\t%%4418\r\n\t\t\t\t%%4419\r\n\t\t\t\t%%4420\r\n\t\t\t\t%%4423\r\n\t\t\t\t%%4424\r\n\t\t\t\t","AccessReason":"-"}}}
{"Event_attributes":{"xmlns":"http://schemas.microsoft.com/win/2004/08/events/event"},"Event":{"System":{"Provider_attributes":{"Name":"Microsoft-Windows-Security-Auditing","Guid":"{54849625-5478-4994-A5BA-3E3B0328C30D}"},"EventID":"5140","Version":"1","Level":"0","Task":"12808","Opcode":"0","Keywords":"0x8020000000000000","TimeCreated_attributes":{"SystemTime":"2021-04-27T14:59:54.886881300Z"},"EventRecordID":"9474346","Correlation":null,"Execution_attributes":{"ProcessID":"4","ThreadID":"3224"},"Channel":"Security","Computer":"atanids01.offsec.lan","Security":null},"EventData":{"SubjectUserSid":"S-1-5-21-4230534742-2542757381-3142984815-1111","SubjectUserName":"admmig","SubjectDomainName":"OFFSEC","SubjectLogonId":"0x740075dc","ObjectType":"File","IpAddress":"10.23.23.9","IpPort":"50769","ShareName":"\\\\*\\IPC$","ShareLocalPath":"","AccessMask":"0x1","AccessList":"%%4416\r\n\t\t\t\t"}}}
{"Event_attributes":{"xmlns":"http://schemas.microsoft.com/win/2004/08/events/event"},"Event":{"System":{"Provider_attributes":{"Name":"Microsoft-Windows-Security-Auditing","Guid":"{54849625-5478-4994-A5BA-3E3B0328C30D}"},"EventID":"5140","Version":"1","Level":"0","Task":"12808","Opcode":"0","Keywords":"0x8020000000000000","TimeCreated_attributes":{"SystemTime":"2021-04-27T15:03:17.790934300Z"},"EventRecordID":"3717165","Correlation":null,"Execution_attributes":{"ProcessID":"4","ThreadID":"3648"},"Channel":"Security","Computer":"wsus01.offsec.lan","Security":null},"EventData":{"SubjectUserSid":"S-1-5-21-4230534742-2542757381-3142984815-1111","SubjectUserName":"admmig","SubjectDomainName":"OFFSEC","SubjectLogonId":"0x57d352ca","ObjectType":"File","IpAddress":"10.23.23.9","IpPort":"50660","ShareName":"\\\\*\\IPC$","ShareLocalPath":"","AccessMask":"0x1","AccessList":"%%4416\r\n\t\t\t\t"}}}
{"Event_attributes":{"xmlns":"http://schemas.microsoft.com/win/2004/08/events/event"},"Event":{"System":{"Provider_attributes":{"Name":"Microsoft-Windows-Security-Auditing","Guid":"{54849625-5478-4994-A5BA-3E3B0328C30D}"},"EventID":"5145","Version":"0","Level":"0","Task":"12811","Opcode":"0","Keywords":"0x8020000000000000","TimeCreated_attributes":{"SystemTime":"2021-04-27T15:03:17.793916200Z"},"EventRecordID":"3717166","Correlation":null,"Execution_attributes":{"ProcessID":"4","ThreadID":"3648"},"Channel":"Security","Computer":"wsus01.offsec.lan","Security":null},"EventData":{"SubjectUserSid":"S-1-5-21-4230534742-2542757381-3142984815-1111","SubjectUserName":"admmig","SubjectDomainName":"OFFSEC","SubjectLogonId":"0x57d352ca","ObjectType":"File","IpAddress":"10.23.23.9","IpPort":"50660","ShareName":"\\\\*\\IPC$","ShareLocalPath":"","RelativeTargetName":"samr","AccessMask":"0x12019f","AccessList":"%%1538\r\n\t\t\t\t%%1541\r\n\t\t\t\t%%4416\r\n\t\t\t\t%%4417\r\n\t\t\t\t%%4418\r\n\t\t\t\t%%4419\r\n\t\t\t\t%%4420\r\n\t\t\t\t%%4423\r\n\t\t\t\t%%4424\r\n\t\t\t\t","AccessReason":"-"}}}
{"Event_attributes":{"xmlns":"http://schemas.microsoft.com/win/2004/08/events/event"},"Event":{"System":{"Provider_attributes":{"Name":"Microsoft-Windows-Security-Auditing","Guid":"{54849625-5478-4994-A5BA-3E3B0328C30D}"},"EventID":"5145","Version":"0","Level":"0","Task":"12811","Opcode":"0","Keywords":"0x8020000000000000","TimeCreated_attributes":{"SystemTime":"2021-04-27T15:03:17.819885400Z"},"EventRecordID":"3717180","Correlation":null,"Execution_attributes":{"ProcessID":"4","ThreadID":"3648"},"Channel":"Security","Computer":"wsus01.offsec.lan","Security":null},"EventData":{"SubjectUserSid":"S-1-5-21-4230534742-2542757381-3142984815-1111","SubjectUserName":"admmig","SubjectDomainName":"OFFSEC","SubjectLogonId":"0x57d352ca","ObjectType":"File","IpAddress":"10.23.23.9","IpPort":"50693","ShareName":"\\\\*\\IPC$","ShareLocalPath":"","RelativeTargetName":"lsarpc","AccessMask":"0x12019f","AccessList":"%%1538\r\n\t\t\t\t%%1541\r\n\t\t\t\t%%4416\r\n\t\t\t\t%%4417\r\n\t\t\t\t%%4418\r\n\t\t\t\t%%4419\r\n\t\t\t\t%%4420\r\n\t\t\t\t%%4423\r\n\t\t\t\t%%4424\r\n\t\t\t\t","AccessReason":"-"}}}
{"Event_attributes":{"xmlns":"http://schemas.microsoft.com/win/2004/08/events/event"},"Event":{"System":{"Provider_attributes":{"Name":"Microsoft-Windows-Security-Auditing","Guid":"{54849625-5478-4994-A5BA-3E3B0328C30D}"},"EventID":"5145","Version":"0","Level":"0","Task":"12811","Opcode":"0","Keywords":"0x8020000000000000","TimeCreated_attributes":{"SystemTime":"2021-04-27T15:03:17.944652700Z"},"EventRecordID":"3717181","Correlation":null,"Execution_attributes":{"ProcessID":"4","ThreadID":"3648"},"Channel":"Security","Computer":"wsus01.offsec.lan","Security":null},"EventData":{"SubjectUserSid":"S-1-5-21-4230534742-2542757381-3142984815-1111","SubjectUserName":"admmig","SubjectDomainName":"OFFSEC","SubjectLogonId":"0x57d352ca","ObjectType":"File","IpAddress":"10.23.23.9","IpPort":"50691","ShareName":"\\\\*\\IPC$","ShareLocalPath":"","RelativeTargetName":"srvsvc","AccessMask":"0x12019f","AccessList":"%%1538\r\n\t\t\t\t%%1541\r\n\t\t\t\t%%4416\r\n\t\t\t\t%%4417\r\n\t\t\t\t%%4418\r\n\t\t\t\t%%4419\r\n\t\t\t\t%%4420\r\n\t\t\t\t%%4423\r\n\t\t\t\t%%4424\r\n\t\t\t\t","AccessReason":"-"}}}
{"Event_attributes":{"xmlns":"http://schemas.microsoft.com/win/2004/08/events/event"},"Event":{"System":{"Provider_attributes":{"Name":"Microsoft-Windows-Security-Auditing","Guid":"{54849625-5478-4994-A5BA-3E3B0328C30D}"},"EventID":"5140","Version":"1","Level":"0","Task":"12808","Opcode":"0","Keywords":"0x8020000000000000","TimeCreated_attributes":{"SystemTime":"2021-04-27T15:03:37.904033700Z"},"EventRecordID":"3717186","Correlation":null,"Execution_attributes":{"ProcessID":"4","ThreadID":"4532"},"Channel":"Security","Computer":"wsus01.offsec.lan","Security":null},"EventData":{"SubjectUserSid":"S-1-5-21-4230534742-2542757381-3142984815-1111","SubjectUserName":"admmig","SubjectDomainName":"OFFSEC","SubjectLogonId":"0x57d35acf","ObjectType":"File","IpAddress":"10.23.23.9","IpPort":"50792","ShareName":"\\\\*\\IPC$","ShareLocalPath":"","AccessMask":"0x1","AccessList":"%%4416\r\n\t\t\t\t"}}}
{"Event_attributes":{"xmlns":"http://schemas.microsoft.com/win/2004/08/events/event"},"Event":{"System":{"Provider_attributes":{"Name":"Microsoft-Windows-Security-Auditing","Guid":"{54849625-5478-4994-A5BA-3E3B0328C30D}"},"EventID":"5140","Version":"1","Level":"0","Task":"12808","Opcode":"0","Keywords":"0x8020000000000000","TimeCreated_attributes":{"SystemTime":"2021-04-27T14:54:31.493927100Z"},"EventRecordID":"2052989","Correlation":null,"Execution_attributes":{"ProcessID":"4","ThreadID":"1188"},"Channel":"Security","Computer":"pki01.offsec.lan","Security":null},"EventData":{"SubjectUserSid":"S-1-5-21-4230534742-2542757381-3142984815-1111","SubjectUserName":"admmig","SubjectDomainName":"OFFSEC","SubjectLogonId":"0x20ee2c3d","ObjectType":"File","IpAddress":"10.23.23.9","IpPort":"50672","ShareName":"\\\\*\\IPC$","ShareLocalPath":"","AccessMask":"0x1","AccessList":"%%4416\r\n\t\t\t\t"}}}
{"Event_attributes":{"xmlns":"http://schemas.microsoft.com/win/2004/08/events/event"},"Event":{"System":{"Provider_attributes":{"Name":"Microsoft-Windows-Security-Auditing","Guid":"{54849625-5478-4994-A5BA-3E3B0328C30D}"},"EventID":"5145","Version":"0","Level":"0","Task":"12811","Opcode":"0","Keywords":"0x8020000000000000","TimeCreated_attributes":{"SystemTime":"2021-04-27T14:54:31.497649500Z"},"EventRecordID":"2052990","Correlation":null,"Execution_attributes":{"ProcessID":"4","ThreadID":"1188"},"Channel":"Security","Computer":"pki01.offsec.lan","Security":null},"EventData":{"SubjectUserSid":"S-1-5-21-4230534742-2542757381-3142984815-1111","SubjectUserName":"admmig","SubjectDomainName":"OFFSEC","SubjectLogonId":"0x20ee2c3d","ObjectType":"File","IpAddress":"10.23.23.9","IpPort":"50672","ShareName":"\\\\*\\IPC$","ShareLocalPath":"","RelativeTargetName":"samr","AccessMask":"0x12019f","AccessList":"%%1538\r\n\t\t\t\t%%1541\r\n\t\t\t\t%%4416\r\n\t\t\t\t%%4417\r\n\t\t\t\t%%4418\r\n\t\t\t\t%%4419\r\n\t\t\t\t%%4420\r\n\t\t\t\t%%4423\r\n\t\t\t\t%%4424\r\n\t\t\t\t","AccessReason":"-"}}}
{"Event_attributes":{"xmlns":"http://schemas.microsoft.com/win/2004/08/events/event"},"Event":{"System":{"Provider_attributes":{"Name":"Microsoft-Windows-Security-Auditing","Guid":"{54849625-5478-4994-A5BA-3E3B0328C30D}"},"EventID":"5145","Version":"0","Level":"0","Task":"12811","Opcode":"0","Keywords":"0x8020000000000000","TimeCreated_attributes":{"SystemTime":"2021-04-27T14:54:31.516389900Z"},"EventRecordID":"2053004","Correlation":null,"Execution_attributes":{"ProcessID":"4","ThreadID":"1188"},"Channel":"Security","Computer":"pki01.offsec.lan","Security":null},"EventData":{"SubjectUserSid":"S-1-5-21-4230534742-2542757381-3142984815-1111","SubjectUserName":"admmig","SubjectDomainName":"OFFSEC","SubjectLogonId":"0x20ee2c3d","ObjectType":"File","IpAddress":"10.23.23.9","IpPort":"50689","ShareName":"\\\\*\\IPC$","ShareLocalPath":"","RelativeTargetName":"lsarpc","AccessMask":"0x12019f","AccessList":"%%1538\r\n\t\t\t\t%%1541\r\n\t\t\t\t%%4416\r\n\t\t\t\t%%4417\r\n\t\t\t\t%%4418\r\n\t\t\t\t%%4419\r\n\t\t\t\t%%4420\r\n\t\t\t\t%%4423\r\n\t\t\t\t%%4424\r\n\t\t\t\t","AccessReason":"-"}}}
{"Event_attributes":{"xmlns":"http://schemas.microsoft.com/win/2004/08/events/event"},"Event":{"System":{"Provider_attributes":{"Name":"Microsoft-Windows-Security-Auditing","Guid":"{54849625-5478-4994-A5BA-3E3B0328C30D}"},"EventID":"5145","Version":"0","Level":"0","Task":"12811","Opcode":"0","Keywords":"0x8020000000000000","TimeCreated_attributes":{"SystemTime":"2021-04-27T14:54:31.647551700Z"},"EventRecordID":"2053005","Correlation":null,"Execution_attributes":{"ProcessID":"4","ThreadID":"1188"},"Channel":"Security","Computer":"pki01.offsec.lan","Security":null},"EventData":{"SubjectUserSid":"S-1-5-21-4230534742-2542757381-3142984815-1111","SubjectUserName":"admmig","SubjectDomainName":"OFFSEC","SubjectLogonId":"0x20ee2c3d","ObjectType":"File","IpAddress":"10.23.23.9","IpPort":"50687","ShareName":"\\\\*\\IPC$","ShareLocalPath":"","RelativeTargetName":"srvsvc","AccessMask":"0x12019f","AccessList":"%%1538\r\n\t\t\t\t%%1541\r\n\t\t\t\t%%4416\r\n\t\t\t\t%%4417\r\n\t\t\t\t%%4418\r\n\t\t\t\t%%4419\r\n\t\t\t\t%%4420\r\n\t\t\t\t%%4423\r\n\t\t\t\t%%4424\r\n\t\t\t\t","AccessReason":"-"}}}
{"Event_attributes":{"xmlns":"http://schemas.microsoft.com/win/2004/08/events/event"},"Event":{"System":{"Provider_attributes":{"Name":"Microsoft-Windows-Security-Auditing","Guid":"{54849625-5478-4994-A5BA-3E3B0328C30D}"},"EventID":"5140","Version":"1","Level":"0","Task":"12808","Opcode":"0","Keywords":"0x8020000000000000","TimeCreated_attributes":{"SystemTime":"2021-04-27T14:54:51.591580200Z"},"EventRecordID":"2053010","Correlation":null,"Execution_attributes":{"ProcessID":"4","ThreadID":"3240"},"Channel":"Security","Computer":"pki01.offsec.lan","Security":null},"EventData":{"SubjectUserSid":"S-1-5-21-4230534742-2542757381-3142984815-1111","SubjectUserName":"admmig","SubjectDomainName":"OFFSEC","SubjectLogonId":"0x20ee3135","ObjectType":"File","IpAddress":"10.23.23.9","IpPort":"50767","ShareName":"\\\\*\\IPC$","ShareLocalPath":"","AccessMask":"0x1","AccessList":"%%4416\r\n\t\t\t\t"}}}
{"Event_attributes":{"xmlns":"http://schemas.microsoft.com/win/2004/08/events/event"},"Event":{"System":{"Provider_attributes":{"Name":"Microsoft-Windows-Security-Auditing","Guid":"{54849625-5478-4994-A5BA-3E3B0328C30D}"},"EventID":"5145","Version":"0","Level":"0","Task":"12811","Opcode":"0","Keywords":"0x8020000000000000","TimeCreated_attributes":{"SystemTime":"2021-04-27T15:03:20.658966100Z"},"EventRecordID":"8863845","Correlation":null,"Execution_attributes":{"ProcessID":"4","ThreadID":"3148"},"Channel":"Security","Computer":"dhcp01.offsec.lan","Security":null},"EventData":{"SubjectUserSid":"S-1-5-21-4230534742-2542757381-3142984815-1129","SubjectUserName":"svc_nxlog","SubjectDomainName":"OFFSEC","SubjectLogonId":"0x5ddeb1e0","ObjectType":"File","IpAddress":"10.23.42.22","IpPort":"62708","ShareName":"\\\\*\\dhcp_logs$","ShareLocalPath":"\\??\\C:\\DHCP_LOGS","RelativeTargetName":"DhcpSrvLog-Wed.log","AccessMask":"0x100080","AccessList":"%%1541\r\n\t\t\t\t%%4423\r\n\t\t\t\t","AccessReason":"%%1541:\t%%1801\tD:(A;;0x1200a9;;;S-1-5-21-4230534742-2542757381-3142984815-1129)\r\n\t\t\t\t%%4423:\t%%1801\tD:(A;;0x1200a9;;;S-1-5-21-4230534742-2542757381-3142984815-1129)\r\n\t\t\t\t"}}}
{"Event_attributes":{"xmlns":"http://schemas.microsoft.com/win/2004/08/events/event"},"Event":{"System":{"Provider_attributes":{"Name":"Microsoft-Windows-Security-Auditing","Guid":"{54849625-5478-4994-A5BA-3E3B0328C30D}"},"EventID":"5145","Version":"0","Level":"0","Task":"12811","Opcode":"0","Keywords":"0x8020000000000000","TimeCreated_attributes":{"SystemTime":"2021-04-27T15:03:22.658852400Z"},"EventRecordID":"8863846","Correlation":null,"Execution_attributes":{"ProcessID":"4","ThreadID":"3148"},"Channel":"Security","Computer":"dhcp01.offsec.lan","Security":null},"EventData":{"SubjectUserSid":"S-1-5-21-4230534742-2542757381-3142984815-1129","SubjectUserName":"svc_nxlog","SubjectDomainName":"OFFSEC","SubjectLogonId":"0x5ddeb1e0","ObjectType":"File","IpAddress":"10.23.42.22","IpPort":"62714","ShareName":"\\\\*\\dhcp_logs$","ShareLocalPath":"\\??\\C:\\DHCP_LOGS","RelativeTargetName":"\\","AccessMask":"0x100081","AccessList":"%%1541\r\n\t\t\t\t%%4416\r\n\t\t\t\t%%4423\r\n\t\t\t\t","AccessReason":"%%1541:\t%%1801\tD:(A;;0x1200a9;;;S-1-5-21-4230534742-2542757381-3142984815-1129)\r\n\t\t\t\t%%4416:\t%%1801\tD:(A;;0x1200a9;;;S-1-5-21-4230534742-2542757381-3142984815-1129)\r\n\t\t\t\t%%4423:\t%%1801\tD:(A;;0x1200a9;;;S-1-5-21-4230534742-2542757381-3142984815-1129)\r\n\t\t\t\t"}}}
{"Event_attributes":{"xmlns":"http://schemas.microsoft.com/win/2004/08/events/event"},"Event":{"System":{"Provider_attributes":{"Name":"Microsoft-Windows-Security-Auditing","Guid":"{54849625-5478-4994-A5BA-3E3B0328C30D}"},"EventID":"5145","Version":"0","Level":"0","Task":"12811","Opcode":"0","Keywords":"0x8020000000000000","TimeCreated_attributes":{"SystemTime":"2021-04-27T15:03:30.691764800Z"},"EventRecordID":"8863847","Correlation":null,"Execution_attributes":{"ProcessID":"4","ThreadID":"2480"},"Channel":"Security","Computer":"dhcp01.offsec.lan","Security":null},"EventData":{"SubjectUserSid":"S-1-5-21-4230534742-2542757381-3142984815-1129","SubjectUserName":"svc_nxlog","SubjectDomainName":"OFFSEC","SubjectLogonId":"0x5ddeb1e0","ObjectType":"File","IpAddress":"10.23.42.22","IpPort":"62708","ShareName":"\\\\*\\dhcp_logs$","ShareLocalPath":"\\??\\C:\\DHCP_LOGS","RelativeTargetName":"DhcpSrvLog-Wed.log","AccessMask":"0x100080","AccessList":"%%1541\r\n\t\t\t\t%%4423\r\n\t\t\t\t","AccessReason":"%%1541:\t%%1801\tD:(A;;0x1200a9;;;S-1-5-21-4230534742-2542757381-3142984815-1129)\r\n\t\t\t\t%%4423:\t%%1801\tD:(A;;0x1200a9;;;S-1-5-21-4230534742-2542757381-3142984815-1129)\r\n\t\t\t\t"}}}
{"Event_attributes":{"xmlns":"http://schemas.microsoft.com/win/2004/08/events/event"},"Event":{"System":{"Provider_attributes":{"Name":"Microsoft-Windows-Security-Auditing","Guid":"{54849625-5478-4994-A5BA-3E3B0328C30D}"},"EventID":"5145","Version":"0","Level":"0","Task":"12811","Opcode":"0","Keywords":"0x8020000000000000","TimeCreated_attributes":{"SystemTime":"2021-04-27T15:03:32.697588800Z"},"EventRecordID":"8863848","Correlation":null,"Execution_attributes":{"ProcessID":"4","ThreadID":"2480"},"Channel":"Security","Computer":"dhcp01.offsec.lan","Security":null},"EventData":{"SubjectUserSid":"S-1-5-21-4230534742-2542757381-3142984815-1129","SubjectUserName":"svc_nxlog","SubjectDomainName":"OFFSEC","SubjectLogonId":"0x5ddeb1e0","ObjectType":"File","IpAddress":"10.23.42.22","IpPort":"62714","ShareName":"\\\\*\\dhcp_logs$","ShareLocalPath":"\\??\\C:\\DHCP_LOGS","RelativeTargetName":"\\","AccessMask":"0x100081","AccessList":"%%1541\r\n\t\t\t\t%%4416\r\n\t\t\t\t%%4423\r\n\t\t\t\t","AccessReason":"%%1541:\t%%1801\tD:(A;;0x1200a9;;;S-1-5-21-4230534742-2542757381-3142984815-1129)\r\n\t\t\t\t%%4416:\t%%1801\tD:(A;;0x1200a9;;;S-1-5-21-4230534742-2542757381-3142984815-1129)\r\n\t\t\t\t%%4423:\t%%1801\tD:(A;;0x1200a9;;;S-1-5-21-4230534742-2542757381-3142984815-1129)\r\n\t\t\t\t"}}}
{"Event_attributes":{"xmlns":"http://schemas.microsoft.com/win/2004/08/events/event"},"Event":{"System":{"Provider_attributes":{"Name":"Microsoft-Windows-Security-Auditing","Guid":"{54849625-5478-4994-A5BA-3E3B0328C30D}"},"EventID":"5140","Version":"1","Level":"0","Task":"12808","Opcode":"0","Keywords":"0x8020000000000000","TimeCreated_attributes":{"SystemTime":"2021-04-27T15:03:37.866207000Z"},"EventRecordID":"8863853","Correlation":null,"Execution_attributes":{"ProcessID":"4","ThreadID":"2480"},"Channel":"Security","Computer":"dhcp01.offsec.lan","Security":null},"EventData":{"SubjectUserSid":"S-1-5-21-4230534742-2542757381-3142984815-1111","SubjectUserName":"admmig","SubjectDomainName":"OFFSEC","SubjectLogonId":"0x5df8549a","ObjectType":"File","IpAddress":"10.23.23.9","IpPort":"50768","ShareName":"\\\\*\\IPC$","ShareLocalPath":"","AccessMask":"0x1","AccessList":"%%4416\r\n\t\t\t\t"}}}
{"Event_attributes":{"xmlns":"http://schemas.microsoft.com/win/2004/08/events/event"},"Event":{"System":{"Provider_attributes":{"Name":"Microsoft-Windows-Security-Auditing","Guid":"{54849625-5478-4994-A5BA-3E3B0328C30D}"},"EventID":"5140","Version":"1","Level":"0","Task":"12808","Opcode":"0","Keywords":"0x8020000000000000","TimeCreated_attributes":{"SystemTime":"2021-04-27T14:59:46.789746800Z"},"EventRecordID":"1749671","Correlation":null,"Execution_attributes":{"ProcessID":"4","ThreadID":"4412"},"Channel":"Security","Computer":"fs01.offsec.lan","Security":null},"EventData":{"SubjectUserSid":"S-1-5-21-4230534742-2542757381-3142984815-1111","SubjectUserName":"admmig","SubjectDomainName":"OFFSEC","SubjectLogonId":"0x26fd49db","ObjectType":"File","IpAddress":"10.23.23.9","IpPort":"50701","ShareName":"\\\\*\\IPC$","ShareLocalPath":"","AccessMask":"0x1","AccessList":"%%4416\r\n\t\t\t\t"}}}
{"Event_attributes":{"xmlns":"http://schemas.microsoft.com/win/2004/08/events/event"},"Event":{"System":{"Provider_attributes":{"Name":"Microsoft-Windows-Security-Auditing","Guid":"{54849625-5478-4994-A5BA-3E3B0328C30D}"},"EventID":"5145","Version":"0","Level":"0","Task":"12811","Opcode":"0","Keywords":"0x8020000000000000","TimeCreated_attributes":{"SystemTime":"2021-04-27T14:59:46.790205400Z"},"EventRecordID":"1749672","Correlation":null,"Execution_attributes":{"ProcessID":"4","ThreadID":"4412"},"Channel":"Security","Computer":"fs01.offsec.lan","Security":null},"EventData":{"SubjectUserSid":"S-1-5-21-4230534742-2542757381-3142984815-1111","SubjectUserName":"admmig","SubjectDomainName":"OFFSEC","SubjectLogonId":"0x26fd49db","ObjectType":"File","IpAddress":"10.23.23.9","IpPort":"50701","ShareName":"\\\\*\\IPC$","ShareLocalPath":"","RelativeTargetName":"samr","AccessMask":"0x12019f","AccessList":"%%1538\r\n\t\t\t\t%%1541\r\n\t\t\t\t%%4416\r\n\t\t\t\t%%4417\r\n\t\t\t\t%%4418\r\n\t\t\t\t%%4419\r\n\t\t\t\t%%4420\r\n\t\t\t\t%%4423\r\n\t\t\t\t%%4424\r\n\t\t\t\t","AccessReason":"-"}}}
{"Event_attributes":{"xmlns":"http://schemas.microsoft.com/win/2004/08/events/event"},"Event":{"System":{"Provider_attributes":{"Name":"Microsoft-Windows-Security-Auditing","Guid":"{54849625-5478-4994-A5BA-3E3B0328C30D}"},"EventID":"5145","Version":"0","Level":"0","Task":"12811","Opcode":"0","Keywords":"0x8020000000000000","TimeCreated_attributes":{"SystemTime":"2021-04-27T14:59:46.799798300Z"},"EventRecordID":"1749686","Correlation":null,"Execution_attributes":{"ProcessID":"4","ThreadID":"4412"},"Channel":"Security","Computer":"fs01.offsec.lan","Security":null},"EventData":{"SubjectUserSid":"S-1-5-21-4230534742-2542757381-3142984815-1111","SubjectUserName":"admmig","SubjectDomainName":"OFFSEC","SubjectLogonId":"0x26fd49db","ObjectType":"File","IpAddress":"10.23.23.9","IpPort":"50709","ShareName":"\\\\*\\IPC$","ShareLocalPath":"","RelativeTargetName":"lsarpc","AccessMask":"0x12019f","AccessList":"%%1538\r\n\t\t\t\t%%1541\r\n\t\t\t\t%%4416\r\n\t\t\t\t%%4417\r\n\t\t\t\t%%4418\r\n\t\t\t\t%%4419\r\n\t\t\t\t%%4420\r\n\t\t\t\t%%4423\r\n\t\t\t\t%%4424\r\n\t\t\t\t","AccessReason":"-"}}}
{"Event_attributes":{"xmlns":"http://schemas.microsoft.com/win/2004/08/events/event"},"Event":{"System":{"Provider_attributes":{"Name":"Microsoft-Windows-Security-Auditing","Guid":"{54849625-5478-4994-A5BA-3E3B0328C30D}"},"EventID":"5145","Version":"0","Level":"0","Task":"12811","Opcode":"0","Keywords":"0x8020000000000000","TimeCreated_attributes":{"SystemTime":"2021-04-27T14:59:46.820386900Z"},"EventRecordID":"1749687","Correlation":null,"Execution_attributes":{"ProcessID":"4","ThreadID":"4412"},"Channel":"Security","Computer":"fs01.offsec.lan","Security":null},"EventData":{"SubjectUserSid":"S-1-5-21-4230534742-2542757381-3142984815-1111","SubjectUserName":"admmig","SubjectDomainName":"OFFSEC","SubjectLogonId":"0x26fd49db","ObjectType":"File","IpAddress":"10.23.23.9","IpPort":"50708","ShareName":"\\\\*\\IPC$","ShareLocalPath":"","RelativeTargetName":"srvsvc","AccessMask":"0x12019f","AccessList":"%%1538\r\n\t\t\t\t%%1541\r\n\t\t\t\t%%4416\r\n\t\t\t\t%%4417\r\n\t\t\t\t%%4418\r\n\t\t\t\t%%4419\r\n\t\t\t\t%%4420\r\n\t\t\t\t%%4423\r\n\t\t\t\t%%4424\r\n\t\t\t\t","AccessReason":"-"}}}
{"Event_attributes":{"xmlns":"http://schemas.microsoft.com/win/2004/08/events/event"},"Event":{"System":{"Provider_attributes":{"Name":"Microsoft-Windows-Security-Auditing","Guid":"{54849625-5478-4994-A5BA-3E3B0328C30D}"},"EventID":"5140","Version":"1","Level":"0","Task":"12808","Opcode":"0","Keywords":"0x8020000000000000","TimeCreated_attributes":{"SystemTime":"2021-04-27T15:00:06.878788000Z"},"EventRecordID":"1749692","Correlation":null,"Execution_attributes":{"ProcessID":"4","ThreadID":"4932"},"Channel":"Security","Computer":"fs01.offsec.lan","Security":null},"EventData":{"SubjectUserSid":"S-1-5-21-4230534742-2542757381-3142984815-1111","SubjectUserName":"admmig","SubjectDomainName":"OFFSEC","SubjectLogonId":"0x26fd4ec6","ObjectType":"File","IpAddress":"10.23.23.9","IpPort":"50803","ShareName":"\\\\*\\IPC$","ShareLocalPath":"","AccessMask":"0x1","AccessList":"%%4416\r\n\t\t\t\t"}}}
{"Event_attributes":{"xmlns":"http://schemas.microsoft.com/win/2004/08/events/event"},"Event":{"System":{"Provider_attributes":{"Name":"Microsoft-Windows-Security-Auditing","Guid":"{54849625-5478-4994-A5BA-3E3B0328C30D}"},"EventID":"5140","Version":"1","Level":"0","Task":"12808","Opcode":"0","Keywords":"0x8020000000000000","TimeCreated_attributes":{"SystemTime":"2021-04-27T14:54:29.317472100Z"},"EventRecordID":"1582835","Correlation":null,"Execution_attributes":{"ProcessID":"4","ThreadID":"3256"},"Channel":"Security","Computer":"webiis01.offsec.lan","Security":null},"EventData":{"SubjectUserSid":"S-1-5-21-4230534742-2542757381-3142984815-1111","SubjectUserName":"admmig","SubjectDomainName":"OFFSEC","SubjectLogonId":"0x2383c301","ObjectType":"File","IpAddress":"10.23.23.9","IpPort":"50723","ShareName":"\\\\*\\IPC$","ShareLocalPath":"","AccessMask":"0x1","AccessList":"%%4416\r\n\t\t\t\t"}}}
{"Event_attributes":{"xmlns":"http://schemas.microsoft.com/win/2004/08/events/event"},"Event":{"System":{"Provider_attributes":{"Name":"Microsoft-Windows-Security-Auditing","Guid":"{54849625-5478-4994-A5BA-3E3B0328C30D}"},"EventID":"5145","Version":"0","Level":"0","Task":"12811","Opcode":"0","Keywords":"0x8020000000000000","TimeCreated_attributes":{"SystemTime":"2021-04-27T14:54:29.317999600Z"},"EventRecordID":"1582836","Correlation":null,"Execution_attributes":{"ProcessID":"4","ThreadID":"3256"},"Channel":"Security","Computer":"webiis01.offsec.lan","Security":null},"EventData":{"SubjectUserSid":"S-1-5-21-4230534742-2542757381-3142984815-1111","SubjectUserName":"admmig","SubjectDomainName":"OFFSEC","SubjectLogonId":"0x2383c301","ObjectType":"File","IpAddress":"10.23.23.9","IpPort":"50723","ShareName":"\\\\*\\IPC$","ShareLocalPath":"","RelativeTargetName":"samr","AccessMask":"0x12019f","AccessList":"%%1538\r\n\t\t\t\t%%1541\r\n\t\t\t\t%%4416\r\n\t\t\t\t%%4417\r\n\t\t\t\t%%4418\r\n\t\t\t\t%%4419\r\n\t\t\t\t%%4420\r\n\t\t\t\t%%4423\r\n\t\t\t\t%%4424\r\n\t\t\t\t","AccessReason":"-"}}}
{"Event_attributes":{"xmlns":"http://schemas.microsoft.com/win/2004/08/events/event"},"Event":{"System":{"Provider_attributes":{"Name":"Microsoft-Windows-Security-Auditing","Guid":"{54849625-5478-4994-A5BA-3E3B0328C30D}"},"EventID":"5145","Version":"0","Level":"0","Task":"12811","Opcode":"0","Keywords":"0x8020000000000000","TimeCreated_attributes":{"SystemTime":"2021-04-27T14:54:29.328432700Z"},"EventRecordID":"1582850","Correlation":null,"Execution_attributes":{"ProcessID":"4","ThreadID":"3256"},"Channel":"Security","Computer":"webiis01.offsec.lan","Security":null},"EventData":{"SubjectUserSid":"S-1-5-21-4230534742-2542757381-3142984815-1111","SubjectUserName":"admmig","SubjectDomainName":"OFFSEC","SubjectLogonId":"0x2383c301","ObjectType":"File","IpAddress":"10.23.23.9","IpPort":"50726","ShareName":"\\\\*\\IPC$","ShareLocalPath":"","RelativeTargetName":"lsarpc","AccessMask":"0x12019f","AccessList":"%%1538\r\n\t\t\t\t%%1541\r\n\t\t\t\t%%4416\r\n\t\t\t\t%%4417\r\n\t\t\t\t%%4418\r\n\t\t\t\t%%4419\r\n\t\t\t\t%%4420\r\n\t\t\t\t%%4423\r\n\t\t\t\t%%4424\r\n\t\t\t\t","AccessReason":"-"}}}
{"Event_attributes":{"xmlns":"http://schemas.microsoft.com/win/2004/08/events/event"},"Event":{"System":{"Provider_attributes":{"Name":"Microsoft-Windows-Security-Auditing","Guid":"{54849625-5478-4994-A5BA-3E3B0328C30D}"},"EventID":"5145","Version":"0","Level":"0","Task":"12811","Opcode":"0","Keywords":"0x8020000000000000","TimeCreated_attributes":{"SystemTime":"2021-04-27T14:54:29.457896500Z"},"EventRecordID":"1582851","Correlation":null,"Execution_attributes":{"ProcessID":"4","ThreadID":"3256"},"Channel":"Security","Computer":"webiis01.offsec.lan","Security":null},"EventData":{"SubjectUserSid":"S-1-5-21-4230534742-2542757381-3142984815-1111","SubjectUserName":"admmig","SubjectDomainName":"OFFSEC","SubjectLogonId":"0x2383c301","ObjectType":"File","IpAddress":"10.23.23.9","IpPort":"50725","ShareName":"\\\\*\\IPC$","ShareLocalPath":"","RelativeTargetName":"srvsvc","AccessMask":"0x12019f","AccessList":"%%1538\r\n\t\t\t\t%%1541\r\n\t\t\t\t%%4416\r\n\t\t\t\t%%4417\r\n\t\t\t\t%%4418\r\n\t\t\t\t%%4419\r\n\t\t\t\t%%4420\r\n\t\t\t\t%%4423\r\n\t\t\t\t%%4424\r\n\t\t\t\t","AccessReason":"-"}}}
{"Event_attributes":{"xmlns":"http://schemas.microsoft.com/win/2004/08/events/event"},"Event":{"System":{"Provider_attributes":{"Name":"Microsoft-Windows-Security-Auditing","Guid":"{54849625-5478-4994-A5BA-3E3B0328C30D}"},"EventID":"5140","Version":"1","Level":"0","Task":"12808","Opcode":"0","Keywords":"0x8020000000000000","TimeCreated_attributes":{"SystemTime":"2021-04-27T14:54:49.355100100Z"},"EventRecordID":"1582856","Correlation":null,"Execution_attributes":{"ProcessID":"4","ThreadID":"3256"},"Channel":"Security","Computer":"webiis01.offsec.lan","Security":null},"EventData":{"SubjectUserSid":"S-1-5-21-4230534742-2542757381-3142984815-1111","SubjectUserName":"admmig","SubjectDomainName":"OFFSEC","SubjectLogonId":"0x2383c901","ObjectType":"File","IpAddress":"10.23.23.9","IpPort":"50805","ShareName":"\\\\*\\IPC$","ShareLocalPath":"","AccessMask":"0x1","AccessList":"%%4416\r\n\t\t\t\t"}}}
{"Event_attributes":{"xmlns":"http://schemas.microsoft.com/win/2004/08/events/event"},"Event":{"System":{"Provider_attributes":{"Name":"Microsoft-Windows-Security-Auditing","Guid":"{54849625-5478-4994-A5BA-3E3B0328C30D}"},"EventID":"5140","Version":"1","Level":"0","Task":"12808","Opcode":"0","Keywords":"0x8020000000000000","TimeCreated_attributes":{"SystemTime":"2021-04-27T14:59:50.629872400Z"},"EventRecordID":"5221287","Correlation":null,"Execution_attributes":{"ProcessID":"4","ThreadID":"388"},"Channel":"Security","Computer":"atacore01.offsec.lan","Security":null},"EventData":{"SubjectUserSid":"S-1-5-21-4230534742-2542757381-3142984815-1111","SubjectUserName":"admmig","SubjectDomainName":"OFFSEC","SubjectLogonId":"0x369f8ca7","ObjectType":"File","IpAddress":"10.23.23.9","IpPort":"50659","ShareName":"\\\\*\\IPC$","ShareLocalPath":"","AccessMask":"0x1","AccessList":"%%4416\r\n\t\t\t\t"}}}
{"Event_attributes":{"xmlns":"http://schemas.microsoft.com/win/2004/08/events/event"},"Event":{"System":{"Provider_attributes":{"Name":"Microsoft-Windows-Security-Auditing","Guid":"{54849625-5478-4994-A5BA-3E3B0328C30D}"},"EventID":"5145","Version":"0","Level":"0","Task":"12811","Opcode":"0","Keywords":"0x8020000000000000","TimeCreated_attributes":{"SystemTime":"2021-04-27T14:59:50.630978100Z"},"EventRecordID":"5221288","Correlation":null,"Execution_attributes":{"ProcessID":"4","ThreadID":"388"},"Channel":"Security","Computer":"atacore01.offsec.lan","Security":null},"EventData":{"SubjectUserSid":"S-1-5-21-4230534742-2542757381-3142984815-1111","SubjectUserName":"admmig","SubjectDomainName":"OFFSEC","SubjectLogonId":"0x369f8ca7","ObjectType":"File","IpAddress":"10.23.23.9","IpPort":"50659","ShareName":"\\\\*\\IPC$","ShareLocalPath":"","RelativeTargetName":"samr","AccessMask":"0x12019f","AccessList":"%%1538\r\n\t\t\t\t%%1541\r\n\t\t\t\t%%4416\r\n\t\t\t\t%%4417\r\n\t\t\t\t%%4418\r\n\t\t\t\t%%4419\r\n\t\t\t\t%%4420\r\n\t\t\t\t%%4423\r\n\t\t\t\t%%4424\r\n\t\t\t\t","AccessReason":"-"}}}
{"Event_attributes":{"xmlns":"http://schemas.microsoft.com/win/2004/08/events/event"},"Event":{"System":{"Provider_attributes":{"Name":"Microsoft-Windows-Security-Auditing","Guid":"{54849625-5478-4994-A5BA-3E3B0328C30D}"},"EventID":"5145","Version":"0","Level":"0","Task":"12811","Opcode":"0","Keywords":"0x8020000000000000","TimeCreated_attributes":{"SystemTime":"2021-04-27T14:59:50.654471700Z"},"EventRecordID":"5221302","Correlation":null,"Execution_attributes":{"ProcessID":"4","ThreadID":"2872"},"Channel":"Security","Computer":"atacore01.offsec.lan","Security":null},"EventData":{"SubjectUserSid":"S-1-5-21-4230534742-2542757381-3142984815-1111","SubjectUserName":"admmig","SubjectDomainName":"OFFSEC","SubjectLogonId":"0x369f8ca7","ObjectType":"File","IpAddress":"10.23.23.9","IpPort":"50688","ShareName":"\\\\*\\IPC$","ShareLocalPath":"","RelativeTargetName":"lsarpc","AccessMask":"0x12019f","AccessList":"%%1538\r\n\t\t\t\t%%1541\r\n\t\t\t\t%%4416\r\n\t\t\t\t%%4417\r\n\t\t\t\t%%4418\r\n\t\t\t\t%%4419\r\n\t\t\t\t%%4420\r\n\t\t\t\t%%4423\r\n\t\t\t\t%%4424\r\n\t\t\t\t","AccessReason":"-"}}}
{"Event_attributes":{"xmlns":"http://schemas.microsoft.com/win/2004/08/events/event"},"Event":{"System":{"Provider_attributes":{"Name":"Microsoft-Windows-Security-Auditing","Guid":"{54849625-5478-4994-A5BA-3E3B0328C30D}"},"EventID":"5145","Version":"0","Level":"0","Task":"12811","Opcode":"0","Keywords":"0x8020000000000000","TimeCreated_attributes":{"SystemTime":"2021-04-27T14:59:50.817308100Z"},"EventRecordID":"5221303","Correlation":null,"Execution_attributes":{"ProcessID":"4","ThreadID":"2872"},"Channel":"Security","Computer":"atacore01.offsec.lan","Security":null},"EventData":{"SubjectUserSid":"S-1-5-21-4230534742-2542757381-3142984815-1111","SubjectUserName":"admmig","SubjectDomainName":"OFFSEC","SubjectLogonId":"0x369f8ca7","ObjectType":"File","IpAddress":"10.23.23.9","IpPort":"50686","ShareName":"\\\\*\\IPC$","ShareLocalPath":"","RelativeTargetName":"srvsvc","AccessMask":"0x12019f","AccessList":"%%1538\r\n\t\t\t\t%%1541\r\n\t\t\t\t%%4416\r\n\t\t\t\t%%4417\r\n\t\t\t\t%%4418\r\n\t\t\t\t%%4419\r\n\t\t\t\t%%4420\r\n\t\t\t\t%%4423\r\n\t\t\t\t%%4424\r\n\t\t\t\t","AccessReason":"-"}}}
{"Event_attributes":{"xmlns":"http://schemas.microsoft.com/win/2004/08/events/event"},"Event":{"System":{"Provider_attributes":{"Name":"Microsoft-Windows-Security-Auditing","Guid":"{54849625-5478-4994-A5BA-3E3B0328C30D}"},"EventID":"5140","Version":"1","Level":"0","Task":"12808","Opcode":"0","Keywords":"0x8020000000000000","TimeCreated_attributes":{"SystemTime":"2021-04-27T15:00:10.730397000Z"},"EventRecordID":"5221320","Correlation":null,"Execution_attributes":{"ProcessID":"4","ThreadID":"4400"},"Channel":"Security","Computer":"atacore01.offsec.lan","Security":null},"EventData":{"SubjectUserSid":"S-1-5-21-4230534742-2542757381-3142984815-1111","SubjectUserName":"admmig","SubjectDomainName":"OFFSEC","SubjectLogonId":"0x369f96be","ObjectType":"File","IpAddress":"10.23.23.9","IpPort":"50766","ShareName":"\\\\*\\IPC$","ShareLocalPath":"","AccessMask":"0x1","AccessList":"%%4416\r\n\t\t\t\t"}}}
{"Event_attributes":{"xmlns":"http://schemas.microsoft.com/win/2004/08/events/event"},"Event":{"System":{"Provider_attributes":{"Name":"Microsoft-Windows-Security-Auditing","Guid":"{54849625-5478-4994-A5BA-3E3B0328C30D}"},"EventID":"5140","Version":"1","Level":"0","Task":"12808","Opcode":"0","Keywords":"0x8020000000000000","TimeCreated_attributes":{"SystemTime":"2021-04-27T14:59:28.669591300Z"},"EventRecordID":"1743178","Correlation":null,"Execution_attributes":{"ProcessID":"4","ThreadID":"3192"},"Channel":"Security","Computer":"mssql01.offsec.lan","Security":null},"EventData":{"SubjectUserSid":"S-1-5-21-4230534742-2542757381-3142984815-1111","SubjectUserName":"admmig","SubjectDomainName":"OFFSEC","SubjectLogonId":"0x2847721c","ObjectType":"File","IpAddress":"10.23.23.9","IpPort":"50700","ShareName":"\\\\*\\IPC$","ShareLocalPath":"","AccessMask":"0x1","AccessList":"%%4416\r\n\t\t\t\t"}}}
{"Event_attributes":{"xmlns":"http://schemas.microsoft.com/win/2004/08/events/event"},"Event":{"System":{"Provider_attributes":{"Name":"Microsoft-Windows-Security-Auditing","Guid":"{54849625-5478-4994-A5BA-3E3B0328C30D}"},"EventID":"5145","Version":"0","Level":"0","Task":"12811","Opcode":"0","Keywords":"0x8020000000000000","TimeCreated_attributes":{"SystemTime":"2021-04-27T14:59:28.670162100Z"},"EventRecordID":"1743179","Correlation":null,"Execution_attributes":{"ProcessID":"4","ThreadID":"3192"},"Channel":"Security","Computer":"mssql01.offsec.lan","Security":null},"EventData":{"SubjectUserSid":"S-1-5-21-4230534742-2542757381-3142984815-1111","SubjectUserName":"admmig","SubjectDomainName":"OFFSEC","SubjectLogonId":"0x2847721c","ObjectType":"File","IpAddress":"10.23.23.9","IpPort":"50700","ShareName":"\\\\*\\IPC$","ShareLocalPath":"","RelativeTargetName":"samr","AccessMask":"0x12019f","AccessList":"%%1538\r\n\t\t\t\t%%1541\r\n\t\t\t\t%%4416\r\n\t\t\t\t%%4417\r\n\t\t\t\t%%4418\r\n\t\t\t\t%%4419\r\n\t\t\t\t%%4420\r\n\t\t\t\t%%4423\r\n\t\t\t\t%%4424\r\n\t\t\t\t","AccessReason":"-"}}}
