{"Event_attributes":{"xmlns":"http://schemas.microsoft.com/win/2004/08/events/event"},"Event":{"System":{"Provider_attributes":{"Name":"Microsoft-Windows-Security-Auditing","Guid":"{54849625-5478-4994-A5BA-3E3B0328C30D}"},"EventID":"5145","Version":"0","Level":"0","Task":"12811","Opcode":"0","Keywords":"0x8020000000000000","TimeCreated_attributes":{"SystemTime":"2021-04-27T14:59:28.677986200Z"},"EventRecordID":"1743181","Correlation":null,"Execution_attributes":{"ProcessID":"4","ThreadID":"3192"},"Channel":"Security","Computer":"mssql01.offsec.lan","Security":null},"EventData":{"SubjectUserSid":"S-1-5-21-4230534742-2542757381-3142984815-1111","SubjectUserName":"admmig","SubjectDomainName":"OFFSEC","SubjectLogonId":"0x2847721c","ObjectType":"File","IpAddress":"10.23.23.9","IpPort":"50700","ShareName":"\\\\*\\IPC$","ShareLocalPath":"","RelativeTargetName":"lsarpc","AccessMask":"0x12019f","AccessList":"%%1538\r\n\t\t\t\t%%1541\r\n\t\t\t\t%%4416\r\n\t\t\t\t%%4417\r\n\t\t\t\t%%4418\r\n\t\t\t\t%%4419\r\n\t\t\t\t%%4420\r\n\t\t\t\t%%4423\r\n\t\t\t\t%%4424\r\n\t\t\t\t","AccessReason":"-"}}}
{"Event_attributes":{"xmlns":"http://schemas.microsoft.com/win/2004/08/events/event"},"Event":{"System":{"Provider_attributes":{"Name":"Microsoft-Windows-Security-Auditing","Guid":"{54849625-5478-4994-A5BA-3E3B0328C30D}"},"EventID":"5145","Version":"0","Level":"0","Task":"12811","Opcode":"0","Keywords":"0x8020000000000000","TimeCreated_attributes":{"SystemTime":"2021-04-27T14:59:28.808715600Z"},"EventRecordID":"1743194","Correlation":null,"Execution_attributes":{"ProcessID":"4","ThreadID":"3192"},"Channel":"Security","Computer":"mssql01.offsec.lan","Security":null},"EventData":{"SubjectUserSid":"S-1-5-21-4230534742-2542757381-3142984815-1111","SubjectUserName":"admmig","SubjectDomainName":"OFFSEC","SubjectLogonId":"0x2847721c","ObjectType":"File","IpAddress":"10.23.23.9","IpPort":"50719","ShareName":"\\\\*\\IPC$","ShareLocalPath":"","RelativeTargetName":"srvsvc","AccessMask":"0x12019f","AccessList":"%%1538\r\n\t\t\t\t%%1541\r\n\t\t\t\t%%4416\r\n\t\t\t\t%%4417\r\n\t\t\t\t%%4418\r\n\t\t\t\t%%4419\r\n\t\t\t\t%%4420\r\n\t\t\t\t%%4423\r\n\t\t\t\t%%4424\r\n\t\t\t\t","AccessReason":"-"}}}
{"Event_attributes":{"xmlns":"http://schemas.microsoft.com/win/2004/08/events/event"},"Event":{"System":{"Provider_attributes":{"Name":"Microsoft-Windows-Security-Auditing","Guid":"{54849625-5478-4994-A5BA-3E3B0328C30D}"},"EventID":"5140","Version":"1","Level":"0","Task":"12808","Opcode":"0","Keywords":"0x8020000000000000","TimeCreated_attributes":{"SystemTime":"2021-04-27T14:59:48.746744500Z"},"EventRecordID":"1743199","Correlation":null,"Execution_attributes":{"ProcessID":"4","ThreadID":"3192"},"Channel":"Security","Computer":"mssql01.offsec.lan","Security":null},"EventData":{"SubjectUserSid":"S-1-5-21-4230534742-2542757381-3142984815-1111","SubjectUserName":"admmig","SubjectDomainName":"OFFSEC","SubjectLogonId":"0x28477800","ObjectType":"File","IpAddress":"10.23.23.9","IpPort":"50804","ShareName":"\\\\*\\IPC$","ShareLocalPath":"","AccessMask":"0x1","AccessList":"%%4416\r\n\t\t\t\t"}}}
{"Event_attributes":{"xmlns":"http://schemas.microsoft.com/win/2004/08/events/event"},"Event":{"System":{"Provider_attributes":{"Name":"Microsoft-Windows-Security-Auditing","Guid":"{54849625-5478-4994-A5BA-3E3B0328C30D}"},"EventID":"5140","Version":"1","Level":"0","Task":"12808","Opcode":"0","Keywords":"0x8020000000000000","TimeCreated_attributes":{"SystemTime":"2021-04-27T15:03:17.920399400Z"},"EventRecordID":"449548","Correlation":null,"Execution_attributes":{"ProcessID":"4","ThreadID":"2120"},"Channel":"Security","Computer":"fs03vuln.offsec.lan","Security":null},"EventData":{"SubjectUserSid":"S-1-5-21-4230534742-2542757381-3142984815-1111","SubjectUserName":"admmig","SubjectDomainName":"OFFSEC","SubjectLogonId":"0x13fa915","ObjectType":"File","IpAddress":"10.23.23.9","IpPort":"50730","ShareName":"\\\\*\\IPC$","ShareLocalPath":"","AccessMask":"0x1","AccessList":"%%4416\r\n\t\t\t\t"}}}
{"Event_attributes":{"xmlns":"http://schemas.microsoft.com/win/2004/08/events/event"},"Event":{"System":{"Provider_attributes":{"Name":"Microsoft-Windows-Security-Auditing","Guid":"{54849625-5478-4994-A5BA-3E3B0328C30D}"},"EventID":"5145","Version":"0","Level":"0","Task":"12811","Opcode":"0","Keywords":"0x8020000000000000","TimeCreated_attributes":{"SystemTime":"2021-04-27T15:03:17.920399400Z"},"EventRecordID":"449549","Correlation":null,"Execution_attributes":{"ProcessID":"480","ThreadID":"488"},"Channel":"Security","Computer":"fs03vuln.offsec.lan","Security":null},"EventData":{"SubjectUserSid":"S-1-5-21-4230534742-2542757381-3142984815-1111","SubjectUserName":"admmig","SubjectDomainName":"OFFSEC","SubjectLogonId":"0x13fa915","ObjectType":"File","IpAddress":"10.23.23.9","IpPort":"50730","ShareName":"\\\\*\\IPC$","ShareLocalPath":"","RelativeTargetName":"samr","AccessMask":"0x12019f","AccessList":"%%1538\r\n\t\t\t\t%%1541\r\n\t\t\t\t%%4416\r\n\t\t\t\t%%4417\r\n\t\t\t\t%%4418\r\n\t\t\t\t%%4419\r\n\t\t\t\t%%4420\r\n\t\t\t\t%%4423\r\n\t\t\t\t%%4424\r\n\t\t\t\t","AccessReason":"-"}}}
{"Event_attributes":{"xmlns":"http://schemas.microsoft.com/win/2004/08/events/event"},"Event":{"System":{"Provider_attributes":{"Name":"Microsoft-Windows-Security-Auditing","Guid":"{54849625-5478-4994-A5BA-3E3B0328C30D}"},"EventID":"5145","Version":"0","Level":"0","Task":"12811","Opcode":"0","Keywords":"0x8020000000000000","TimeCreated_attributes":{"SystemTime":"2021-04-27T15:03:17.936032600Z"},"EventRecordID":"449559","Correlation":null,"Execution_attributes":{"ProcessID":"480","ThreadID":"488"},"Channel":"Security","Computer":"fs03vuln.offsec.lan","Security":null},"EventData":{"SubjectUserSid":"S-1-5-21-4230534742-2542757381-3142984815-1111","SubjectUserName":"admmig","SubjectDomainName":"OFFSEC","SubjectLogonId":"0x13fa915","ObjectType":"File","IpAddress":"10.23.23.9","IpPort":"50733","ShareName":"\\\\*\\IPC$","ShareLocalPath":"","RelativeTargetName":"lsarpc","AccessMask":"0x12019f","AccessList":"%%1538\r\n\t\t\t\t%%1541\r\n\t\t\t\t%%4416\r\n\t\t\t\t%%4417\r\n\t\t\t\t%%4418\r\n\t\t\t\t%%4419\r\n\t\t\t\t%%4420\r\n\t\t\t\t%%4423\r\n\t\t\t\t%%4424\r\n\t\t\t\t","AccessReason":"-"}}}
{"Event_attributes":{"xmlns":"http://schemas.microsoft.com/win/2004/08/events/event"},"Event":{"System":{"Provider_attributes":{"Name":"Microsoft-Windows-Security-Auditing","Guid":"{54849625-5478-4994-A5BA-3E3B0328C30D}"},"EventID":"5145","Version":"0","Level":"0","Task":"12811","Opcode":"0","Keywords":"0x8020000000000000","TimeCreated_attributes":{"SystemTime":"2021-04-27T15:03:18.045433300Z"},"EventRecordID":"449560","Correlation":null,"Execution_attributes":{"ProcessID":"480","ThreadID":"488"},"Channel":"Security","Computer":"fs03vuln.offsec.lan","Security":null},"EventData":{"SubjectUserSid":"S-1-5-21-4230534742-2542757381-3142984815-1111","SubjectUserName":"admmig","SubjectDomainName":"OFFSEC","SubjectLogonId":"0x13fa915","ObjectType":"File","IpAddress":"10.23.23.9","IpPort":"50732","ShareName":"\\\\*\\IPC$","ShareLocalPath":"","RelativeTargetName":"srvsvc","AccessMask":"0x12019f","AccessList":"%%1538\r\n\t\t\t\t%%1541\r\n\t\t\t\t%%4416\r\n\t\t\t\t%%4417\r\n\t\t\t\t%%4418\r\n\t\t\t\t%%4419\r\n\t\t\t\t%%4420\r\n\t\t\t\t%%4423\r\n\t\t\t\t%%4424\r\n\t\t\t\t","AccessReason":"-"}}}
{"Event_attributes":{"xmlns":"http://schemas.microsoft.com/win/2004/08/events/event"},"Event":{"System":{"Provider_attributes":{"Name":"Microsoft-Windows-Security-Auditing","Guid":"{54849625-5478-4994-A5BA-3E3B0328C30D}"},"EventID":"5140","Version":"1","Level":"0","Task":"12808","Opcode":"0","Keywords":"0x8020000000000000","TimeCreated_attributes":{"SystemTime":"2021-04-27T15:03:37.916755300Z"},"EventRecordID":"449564","Correlation":null,"Execution_attributes":{"ProcessID":"4","ThreadID":"1020"},"Channel":"Security","Computer":"fs03vuln.offsec.lan","Security":null},"EventData":{"SubjectUserSid":"S-1-5-21-4230534742-2542757381-3142984815-1111","SubjectUserName":"admmig","SubjectDomainName":"OFFSEC","SubjectLogonId":"0x13faf39","ObjectType":"File","IpAddress":"10.23.23.9","IpPort":"50806","ShareName":"\\\\*\\IPC$","ShareLocalPath":"","AccessMask":"0x1","AccessList":"%%4416\r\n\t\t\t\t"}}}
{"Event_attributes":{"xmlns":"http://schemas.microsoft.com/win/2004/08/events/event"},"Event":{"System":{"Provider_attributes":{"Name":"Microsoft-Windows-Security-Auditing","Guid":"{54849625-5478-4994-a5ba-3e3b0328c30d}"},"EventID":"5140","Version":"1","Level":"0","Task":"12808","Opcode":"0","Keywords":"0x8020000000000000","TimeCreated_attributes":{"SystemTime":"2021-04-27T15:03:18.0013221Z"},"EventRecordID":"46152","Correlation":null,"Execution_attributes":{"ProcessID":"4","ThreadID":"1652"},"Channel":"Security","Computer":"win10-02.offsec.lan","Security":null},"EventData":{"SubjectUserSid":"S-1-5-21-4230534742-2542757381-3142984815-1111","SubjectUserName":"admmig","SubjectDomainName":"OFFSEC","SubjectLogonId":"0x87371f","ObjectType":"File","IpAddress":"10.23.23.9","IpPort":"50738","ShareName":"\\\\*\\IPC$","ShareLocalPath":"","AccessMask":"0x1","AccessList":"%%4416\r\n\t\t\t\t"}}}
{"Event_attributes":{"xmlns":"http://schemas.microsoft.com/win/2004/08/events/event"},"Event":{"System":{"Provider_attributes":{"Name":"Microsoft-Windows-Security-Auditing","Guid":"{54849625-5478-4994-a5ba-3e3b0328c30d}"},"EventID":"5145","Version":"0","Level":"0","Task":"12811","Opcode":"0","Keywords":"0x8020000000000000","TimeCreated_attributes":{"SystemTime":"2021-04-27T15:03:18.0018550Z"},"EventRecordID":"46153","Correlation":null,"Execution_attributes":{"ProcessID":"4","ThreadID":"1652"},"Channel":"Security","Computer":"win10-02.offsec.lan","Security":null},"EventData":{"SubjectUserSid":"S-1-5-21-4230534742-2542757381-3142984815-1111","SubjectUserName":"admmig","SubjectDomainName":"OFFSEC","SubjectLogonId":"0x87371f","ObjectType":"File","IpAddress":"10.23.23.9","IpPort":"50738","ShareName":"\\\\*\\IPC$","ShareLocalPath":"","RelativeTargetName":"samr","AccessMask":"0x12019f","AccessList":"%%1538\r\n\t\t\t\t%%1541\r\n\t\t\t\t%%4416\r\n\t\t\t\t%%4417\r\n\t\t\t\t%%4418\r\n\t\t\t\t%%4419\r\n\t\t\t\t%%4420\r\n\t\t\t\t%%4423\r\n\t\t\t\t%%4424\r\n\t\t\t\t","AccessReason":"-"}}}
{"Event_attributes":{"xmlns":"http://schemas.microsoft.com/win/2004/08/events/event"},"Event":{"System":{"Provider_attributes":{"Name":"Microsoft-Windows-Security-Auditing","Guid":"{54849625-5478-4994-a5ba-3e3b0328c30d}"},"EventID":"5145","Version":"0","Level":"0","Task":"12811","Opcode":"0","Keywords":"0x8020000000000000","TimeCreated_attributes":{"SystemTime":"2021-04-27T15:03:18.0148847Z"},"EventRecordID":"46170","Correlation":null,"Execution_attributes":{"ProcessID":"4","ThreadID":"1652"},"Channel":"Security","Computer":"win10-02.offsec.lan","Security":null},"EventData":{"SubjectUserSid":"S-1-5-21-4230534742-2542757381-3142984815-1111","SubjectUserName":"admmig","SubjectDomainName":"OFFSEC","SubjectLogonId":"0x87371f","ObjectType":"File","IpAddress":"10.23.23.9","IpPort":"50747","ShareName":"\\\\*\\IPC$","ShareLocalPath":"","RelativeTargetName":"lsarpc","AccessMask":"0x12019f","AccessList":"%%1538\r\n\t\t\t\t%%1541\r\n\t\t\t\t%%4416\r\n\t\t\t\t%%4417\r\n\t\t\t\t%%4418\r\n\t\t\t\t%%4419\r\n\t\t\t\t%%4420\r\n\t\t\t\t%%4423\r\n\t\t\t\t%%4424\r\n\t\t\t\t","AccessReason":"-"}}}
{"Event_attributes":{"xmlns":"http://schemas.microsoft.com/win/2004/08/events/event"},"Event":{"System":{"Provider_attributes":{"Name":"Microsoft-Windows-Security-Auditing","Guid":"{54849625-5478-4994-a5ba-3e3b0328c30d}"},"EventID":"5145","Version":"0","Level":"0","Task":"12811","Opcode":"0","Keywords":"0x8020000000000000","TimeCreated_attributes":{"SystemTime":"2021-04-27T15:03:18.1333560Z"},"EventRecordID":"46177","Correlation":null,"Execution_attributes":{"ProcessID":"4","ThreadID":"1652"},"Channel":"Security","Computer":"win10-02.offsec.lan","Security":null},"EventData":{"SubjectUserSid":"S-1-5-21-4230534742-2542757381-3142984815-1111","SubjectUserName":"admmig","SubjectDomainName":"OFFSEC","SubjectLogonId":"0x87371f","ObjectType":"File","IpAddress":"10.23.23.9","IpPort":"50746","ShareName":"\\\\*\\IPC$","ShareLocalPath":"","RelativeTargetName":"srvsvc","AccessMask":"0x12019f","AccessList":"%%1538\r\n\t\t\t\t%%1541\r\n\t\t\t\t%%4416\r\n\t\t\t\t%%4417\r\n\t\t\t\t%%4418\r\n\t\t\t\t%%4419\r\n\t\t\t\t%%4420\r\n\t\t\t\t%%4423\r\n\t\t\t\t%%4424\r\n\t\t\t\t","AccessReason":"-"}}}
{"Event_attributes":{"xmlns":"http://schemas.microsoft.com/win/2004/08/events/event"},"Event":{"System":{"Provider_attributes":{"Name":"Microsoft-Windows-Security-Auditing","Guid":"{54849625-5478-4994-a5ba-3e3b0328c30d}"},"EventID":"5140","Version":"1","Level":"0","Task":"12808","Opcode":"0","Keywords":"0x8020000000000000","TimeCreated_attributes":{"SystemTime":"2021-04-27T15:03:37.9172653Z"},"EventRecordID":"46197","Correlation":null,"Execution_attributes":{"ProcessID":"4","ThreadID":"1652"},"Channel":"Security","Computer":"win10-02.offsec.lan","Security":null},"EventData":{"SubjectUserSid":"S-1-5-21-4230534742-2542757381-3142984815-1111","SubjectUserName":"admmig","SubjectDomainName":"OFFSEC","SubjectLogonId":"0x873c5b","ObjectType":"File","IpAddress":"10.23.23.9","IpPort":"50809","ShareName":"\\\\*\\IPC$","ShareLocalPath":"","AccessMask":"0x1","AccessList":"%%4416\r\n\t\t\t\t"}}}
{"Event_attributes":{"xmlns":"http://schemas.microsoft.com/win/2004/08/events/event"},"Event":{"System":{"Provider_attributes":{"Name":"Microsoft-Windows-Security-Auditing","Guid":"{54849625-5478-4994-A5BA-3E3B0328C30D}"},"EventID":"5140","Version":"1","Level":"0","Task":"12808","Opcode":"0","Keywords":"0x8020000000000000","TimeCreated_attributes":{"SystemTime":"2021-04-27T15:03:17.723910000Z"},"EventRecordID":"12884797","Correlation":null,"Execution_attributes":{"ProcessID":"4","ThreadID":"3100"},"Channel":"Security","Computer":"fs02.offsec.lan","Security":null},"EventData":{"SubjectUserSid":"S-1-5-21-4230534742-2542757381-3142984815-1111","SubjectUserName":"admmig","SubjectDomainName":"OFFSEC","SubjectLogonId":"0x3902ac4","ObjectType":"File","IpAddress":"10.23.23.9","IpPort":"50658","ShareName":"\\\\*\\IPC$","ShareLocalPath":"","AccessMask":"0x1","AccessList":"%%4416\r\n\t\t\t\t"}}}
{"Event_attributes":{"xmlns":"http://schemas.microsoft.com/win/2004/08/events/event"},"Event":{"System":{"Provider_attributes":{"Name":"Microsoft-Windows-Security-Auditing","Guid":"{54849625-5478-4994-A5BA-3E3B0328C30D}"},"EventID":"5145","Version":"0","Level":"0","Task":"12811","Opcode":"0","Keywords":"0x8020000000000000","TimeCreated_attributes":{"SystemTime":"2021-04-27T15:03:17.723910000Z"},"EventRecordID":"12884798","Correlation":null,"Execution_attributes":{"ProcessID":"464","ThreadID":"472"},"Channel":"Security","Computer":"fs02.offsec.lan","Security":null},"EventData":{"SubjectUserSid":"S-1-5-21-4230534742-2542757381-3142984815-1111","SubjectUserName":"admmig","SubjectDomainName":"OFFSEC","SubjectLogonId":"0x3902ac4","ObjectType":"File","IpAddress":"10.23.23.9","IpPort":"50658","ShareName":"\\\\*\\IPC$","ShareLocalPath":"","RelativeTargetName":"samr","AccessMask":"0x12019f","AccessList":"%%1538\r\n\t\t\t\t%%1541\r\n\t\t\t\t%%4416\r\n\t\t\t\t%%4417\r\n\t\t\t\t%%4418\r\n\t\t\t\t%%4419\r\n\t\t\t\t%%4420\r\n\t\t\t\t%%4423\r\n\t\t\t\t%%4424\r\n\t\t\t\t","AccessReason":"-"}}}
{"Event_attributes":{"xmlns":"http://schemas.microsoft.com/win/2004/08/events/event"},"Event":{"System":{"Provider_attributes":{"Name":"Microsoft-Windows-Security-Auditing","Guid":"{54849625-5478-4994-A5BA-3E3B0328C30D}"},"EventID":"5145","Version":"0","Level":"0","Task":"12811","Opcode":"0","Keywords":"0x8020000000000000","TimeCreated_attributes":{"SystemTime":"2021-04-27T15:03:17.739513800Z"},"EventRecordID":"12884808","Correlation":null,"Execution_attributes":{"ProcessID":"464","ThreadID":"472"},"Channel":"Security","Computer":"fs02.offsec.lan","Security":null},"EventData":{"SubjectUserSid":"S-1-5-21-4230534742-2542757381-3142984815-1111","SubjectUserName":"admmig","SubjectDomainName":"OFFSEC","SubjectLogonId":"0x3902ac4","ObjectType":"File","IpAddress":"10.23.23.9","IpPort":"50680","ShareName":"\\\\*\\IPC$","ShareLocalPath":"","RelativeTargetName":"lsarpc","AccessMask":"0x12019f","AccessList":"%%1538\r\n\t\t\t\t%%1541\r\n\t\t\t\t%%4416\r\n\t\t\t\t%%4417\r\n\t\t\t\t%%4418\r\n\t\t\t\t%%4419\r\n\t\t\t\t%%4420\r\n\t\t\t\t%%4423\r\n\t\t\t\t%%4424\r\n\t\t\t\t","AccessReason":"-"}}}
{"Event_attributes":{"xmlns":"http://schemas.microsoft.com/win/2004/08/events/event"},"Event":{"System":{"Provider_attributes":{"Name":"Microsoft-Windows-Security-Auditing","Guid":"{54849625-5478-4994-A5BA-3E3B0328C30D}"},"EventID":"5145","Version":"0","Level":"0","Task":"12811","Opcode":"0","Keywords":"0x8020000000000000","TimeCreated_attributes":{"SystemTime":"2021-04-27T15:03:17.755136200Z"},"EventRecordID":"12884809","Correlation":null,"Execution_attributes":{"ProcessID":"464","ThreadID":"472"},"Channel":"Security","Computer":"fs02.offsec.lan","Security":null},"EventData":{"SubjectUserSid":"S-1-5-21-4230534742-2542757381-3142984815-1111","SubjectUserName":"admmig","SubjectDomainName":"OFFSEC","SubjectLogonId":"0x3902ac4","ObjectType":"File","IpAddress":"10.23.23.9","IpPort":"50676","ShareName":"\\\\*\\IPC$","ShareLocalPath":"","RelativeTargetName":"srvsvc","AccessMask":"0x12019f","AccessList":"%%1538\r\n\t\t\t\t%%1541\r\n\t\t\t\t%%4416\r\n\t\t\t\t%%4417\r\n\t\t\t\t%%4418\r\n\t\t\t\t%%4419\r\n\t\t\t\t%%4420\r\n\t\t\t\t%%4423\r\n\t\t\t\t%%4424\r\n\t\t\t\t","AccessReason":"-"}}}
{"Event_attributes":{"xmlns":"http://schemas.microsoft.com/win/2004/08/events/event"},"Event":{"System":{"Provider_attributes":{"Name":"Microsoft-Windows-Security-Auditing","Guid":"{54849625-5478-4994-A5BA-3E3B0328C30D}"},"EventID":"5140","Version":"1","Level":"0","Task":"12808","Opcode":"0","Keywords":"0x8020000000000000","TimeCreated_attributes":{"SystemTime":"2021-04-27T15:03:37.825322300Z"},"EventRecordID":"12884813","Correlation":null,"Execution_attributes":{"ProcessID":"4","ThreadID":"3100"},"Channel":"Security","Computer":"fs02.offsec.lan","Security":null},"EventData":{"SubjectUserSid":"S-1-5-21-4230534742-2542757381-3142984815-1111","SubjectUserName":"admmig","SubjectDomainName":"OFFSEC","SubjectLogonId":"0x3902ff1","ObjectType":"File","IpAddress":"10.23.23.9","IpPort":"50765","ShareName":"\\\\*\\IPC$","ShareLocalPath":"","AccessMask":"0x1","AccessList":"%%4416\r\n\t\t\t\t"}}}
{"Event_attributes":{"xmlns":"http://schemas.microsoft.com/win/2004/08/events/event"},"Event":{"System":{"Provider_attributes":{"Name":"Microsoft-Windows-Security-Auditing","Guid":"{54849625-5478-4994-A5BA-3E3B0328C30D}"},"EventID":"5140","Version":"1","Level":"0","Task":"12808","Opcode":"0","Keywords":"0x8020000000000000","TimeCreated_attributes":{"SystemTime":"2021-04-27T14:59:47.449412200Z"},"EventRecordID":"3159696","Correlation":null,"Execution_attributes":{"ProcessID":"4","ThreadID":"1280"},"Channel":"Security","Computer":"prtg-mon.offsec.lan","Security":null},"EventData":{"SubjectUserSid":"S-1-5-21-4230534742-2542757381-3142984815-1111","SubjectUserName":"admmig","SubjectDomainName":"OFFSEC","SubjectLogonId":"0x204a9a12","ObjectType":"File","IpAddress":"10.23.23.9","IpPort":"50705","ShareName":"\\\\*\\IPC$","ShareLocalPath":"","AccessMask":"0x1","AccessList":"%%4416\r\n\t\t\t\t"}}}
{"Event_attributes":{"xmlns":"http://schemas.microsoft.com/win/2004/08/events/event"},"Event":{"System":{"Provider_attributes":{"Name":"Microsoft-Windows-Security-Auditing","Guid":"{54849625-5478-4994-A5BA-3E3B0328C30D}"},"EventID":"5145","Version":"0","Level":"0","Task":"12811","Opcode":"0","Keywords":"0x8020000000000000","TimeCreated_attributes":{"SystemTime":"2021-04-27T14:59:47.450041300Z"},"EventRecordID":"3159697","Correlation":null,"Execution_attributes":{"ProcessID":"4","ThreadID":"1280"},"Channel":"Security","Computer":"prtg-mon.offsec.lan","Security":null},"EventData":{"SubjectUserSid":"S-1-5-21-4230534742-2542757381-3142984815-1111","SubjectUserName":"admmig","SubjectDomainName":"OFFSEC","SubjectLogonId":"0x204a9a12","ObjectType":"File","IpAddress":"10.23.23.9","IpPort":"50705","ShareName":"\\\\*\\IPC$","ShareLocalPath":"","RelativeTargetName":"samr","AccessMask":"0x12019f","AccessList":"%%1538\r\n\t\t\t\t%%1541\r\n\t\t\t\t%%4416\r\n\t\t\t\t%%4417\r\n\t\t\t\t%%4418\r\n\t\t\t\t%%4419\r\n\t\t\t\t%%4420\r\n\t\t\t\t%%4423\r\n\t\t\t\t%%4424\r\n\t\t\t\t","AccessReason":"-"}}}
{"Event_attributes":{"xmlns":"http://schemas.microsoft.com/win/2004/08/events/event"},"Event":{"System":{"Provider_attributes":{"Name":"Microsoft-Windows-Security-Auditing","Guid":"{54849625-5478-4994-A5BA-3E3B0328C30D}"},"EventID":"5145","Version":"0","Level":"0","Task":"12811","Opcode":"0","Keywords":"0x8020000000000000","TimeCreated_attributes":{"SystemTime":"2021-04-27T14:59:47.458863000Z"},"EventRecordID":"3159711","Correlation":null,"Execution_attributes":{"ProcessID":"4","ThreadID":"1280"},"Channel":"Security","Computer":"prtg-mon.offsec.lan","Security":null},"EventData":{"SubjectUserSid":"S-1-5-21-4230534742-2542757381-3142984815-1111","SubjectUserName":"admmig","SubjectDomainName":"OFFSEC","SubjectLogonId":"0x204a9a12","ObjectType":"File","IpAddress":"10.23.23.9","IpPort":"50705","ShareName":"\\\\*\\IPC$","ShareLocalPath":"","RelativeTargetName":"lsarpc","AccessMask":"0x12019f","AccessList":"%%1538\r\n\t\t\t\t%%1541\r\n\t\t\t\t%%4416\r\n\t\t\t\t%%4417\r\n\t\t\t\t%%4418\r\n\t\t\t\t%%4419\r\n\t\t\t\t%%4420\r\n\t\t\t\t%%4423\r\n\t\t\t\t%%4424\r\n\t\t\t\t","AccessReason":"-"}}}
{"Event_attributes":{"xmlns":"http://schemas.microsoft.com/win/2004/08/events/event"},"Event":{"System":{"Provider_attributes":{"Name":"Microsoft-Windows-Security-Auditing","Guid":"{54849625-5478-4994-A5BA-3E3B0328C30D}"},"EventID":"5145","Version":"0","Level":"0","Task":"12811","Opcode":"0","Keywords":"0x8020000000000000","TimeCreated_attributes":{"SystemTime":"2021-04-27T14:59:47.657107400Z"},"EventRecordID":"3159712","Correlation":null,"Execution_attributes":{"ProcessID":"4","ThreadID":"1280"},"Channel":"Security","Computer":"prtg-mon.offsec.lan","Security":null},"EventData":{"SubjectUserSid":"S-1-5-21-4230534742-2542757381-3142984815-1111","SubjectUserName":"admmig","SubjectDomainName":"OFFSEC","SubjectLogonId":"0x204a9a12","ObjectType":"File","IpAddress":"10.23.23.9","IpPort":"50712","ShareName":"\\\\*\\IPC$","ShareLocalPath":"","RelativeTargetName":"srvsvc","AccessMask":"0x12019f","AccessList":"%%1538\r\n\t\t\t\t%%1541\r\n\t\t\t\t%%4416\r\n\t\t\t\t%%4417\r\n\t\t\t\t%%4418\r\n\t\t\t\t%%4419\r\n\t\t\t\t%%4420\r\n\t\t\t\t%%4423\r\n\t\t\t\t%%4424\r\n\t\t\t\t","AccessReason":"-"}}}
{"Event_attributes":{"xmlns":"http://schemas.microsoft.com/win/2004/08/events/event"},"Event":{"System":{"Provider_attributes":{"Name":"Microsoft-Windows-Security-Auditing","Guid":"{54849625-5478-4994-A5BA-3E3B0328C30D}"},"EventID":"5140","Version":"1","Level":"0","Task":"12808","Opcode":"0","Keywords":"0x8020000000000000","TimeCreated_attributes":{"SystemTime":"2021-04-27T15:00:07.557087800Z"},"EventRecordID":"3159717","Correlation":null,"Execution_attributes":{"ProcessID":"4","ThreadID":"996"},"Channel":"Security","Computer":"prtg-mon.offsec.lan","Security":null},"EventData":{"SubjectUserSid":"S-1-5-21-4230534742-2542757381-3142984815-1111","SubjectUserName":"admmig","SubjectDomainName":"OFFSEC","SubjectLogonId":"0x204aa3a4","ObjectType":"File","IpAddress":"10.23.23.9","IpPort":"50832","ShareName":"\\\\*\\IPC$","ShareLocalPath":"","AccessMask":"0x1","AccessList":"%%4416\r\n\t\t\t\t"}}}
{"Event_attributes":{"xmlns":"http://schemas.microsoft.com/win/2004/08/events/event"},"Event":{"System":{"Provider_attributes":{"Name":"Microsoft-Windows-Security-Auditing","Guid":"{54849625-5478-4994-A5BA-3E3B0328C30D}"},"EventID":"5140","Version":"1","Level":"0","Task":"12808","Opcode":"0","Keywords":"0x8020000000000000","TimeCreated_attributes":{"SystemTime":"2021-04-27T14:59:49.695221500Z"},"EventRecordID":"555763","Correlation":null,"Execution_attributes":{"ProcessID":"4","ThreadID":"324"},"Channel":"Security","Computer":"srvdefender01.offsec.lan","Security":null},"EventData":{"SubjectUserSid":"S-1-5-21-4230534742-2542757381-3142984815-1111","SubjectUserName":"admmig","SubjectDomainName":"OFFSEC","SubjectLogonId":"0x62cbf9f","ObjectType":"File","IpAddress":"10.23.23.9","IpPort":"50737","ShareName":"\\\\*\\IPC$","ShareLocalPath":"","AccessMask":"0x1","AccessList":"%%4416\r\n\t\t\t\t"}}}
{"Event_attributes":{"xmlns":"http://schemas.microsoft.com/win/2004/08/events/event"},"Event":{"System":{"Provider_attributes":{"Name":"Microsoft-Windows-Security-Auditing","Guid":"{54849625-5478-4994-A5BA-3E3B0328C30D}"},"EventID":"5145","Version":"0","Level":"0","Task":"12811","Opcode":"0","Keywords":"0x8020000000000000","TimeCreated_attributes":{"SystemTime":"2021-04-27T14:59:49.703409900Z"},"EventRecordID":"555764","Correlation":null,"Execution_attributes":{"ProcessID":"4","ThreadID":"324"},"Channel":"Security","Computer":"srvdefender01.offsec.lan","Security":null},"EventData":{"SubjectUserSid":"S-1-5-21-4230534742-2542757381-3142984815-1111","SubjectUserName":"admmig","SubjectDomainName":"OFFSEC","SubjectLogonId":"0x62cbf9f","ObjectType":"File","IpAddress":"10.23.23.9","IpPort":"50737","ShareName":"\\\\*\\IPC$","ShareLocalPath":"","RelativeTargetName":"samr","AccessMask":"0x12019f","AccessList":"%%1538\r\n\t\t\t\t%%1541\r\n\t\t\t\t%%4416\r\n\t\t\t\t%%4417\r\n\t\t\t\t%%4418\r\n\t\t\t\t%%4419\r\n\t\t\t\t%%4420\r\n\t\t\t\t%%4423\r\n\t\t\t\t%%4424\r\n\t\t\t\t","AccessReason":"-"}}}
{"Event_attributes":{"xmlns":"http://schemas.microsoft.com/win/2004/08/events/event"},"Event":{"System":{"Provider_attributes":{"Name":"Microsoft-Windows-Security-Auditing","Guid":"{54849625-5478-4994-A5BA-3E3B0328C30D}"},"EventID":"5145","Version":"0","Level":"0","Task":"12811","Opcode":"0","Keywords":"0x8020000000000000","TimeCreated_attributes":{"SystemTime":"2021-04-27T14:59:49.716402200Z"},"EventRecordID":"555778","Correlation":null,"Execution_attributes":{"ProcessID":"4","ThreadID":"5584"},"Channel":"Security","Computer":"srvdefender01.offsec.lan","Security":null},"EventData":{"SubjectUserSid":"S-1-5-21-4230534742-2542757381-3142984815-1111","SubjectUserName":"admmig","SubjectDomainName":"OFFSEC","SubjectLogonId":"0x62cbf9f","ObjectType":"File","IpAddress":"10.23.23.9","IpPort":"50750","ShareName":"\\\\*\\IPC$","ShareLocalPath":"","RelativeTargetName":"lsarpc","AccessMask":"0x12019f","AccessList":"%%1538\r\n\t\t\t\t%%1541\r\n\t\t\t\t%%4416\r\n\t\t\t\t%%4417\r\n\t\t\t\t%%4418\r\n\t\t\t\t%%4419\r\n\t\t\t\t%%4420\r\n\t\t\t\t%%4423\r\n\t\t\t\t%%4424\r\n\t\t\t\t","AccessReason":"-"}}}
{"Event_attributes":{"xmlns":"http://schemas.microsoft.com/win/2004/08/events/event"},"Event":{"System":{"Provider_attributes":{"Name":"Microsoft-Windows-Security-Auditing","Guid":"{54849625-5478-4994-A5BA-3E3B0328C30D}"},"EventID":"5145","Version":"0","Level":"0","Task":"12811","Opcode":"0","Keywords":"0x8020000000000000","TimeCreated_attributes":{"SystemTime":"2021-04-27T14:59:49.733017200Z"},"EventRecordID":"555779","Correlation":null,"Execution_attributes":{"ProcessID":"4","ThreadID":"5584"},"Channel":"Security","Computer":"srvdefender01.offsec.lan","Security":null},"EventData":{"SubjectUserSid":"S-1-5-21-4230534742-2542757381-3142984815-1111","SubjectUserName":"admmig","SubjectDomainName":"OFFSEC","SubjectLogonId":"0x62cbf9f","ObjectType":"File","IpAddress":"10.23.23.9","IpPort":"50749","ShareName":"\\\\*\\IPC$","ShareLocalPath":"","RelativeTargetName":"srvsvc","AccessMask":"0x12019f","AccessList":"%%1538\r\n\t\t\t\t%%1541\r\n\t\t\t\t%%4416\r\n\t\t\t\t%%4417\r\n\t\t\t\t%%4418\r\n\t\t\t\t%%4419\r\n\t\t\t\t%%4420\r\n\t\t\t\t%%4423\r\n\t\t\t\t%%4424\r\n\t\t\t\t","AccessReason":"-"}}}
{"Event_attributes":{"xmlns":"http://schemas.microsoft.com/win/2004/08/events/event"},"Event":{"System":{"Provider_attributes":{"Name":"Microsoft-Windows-Security-Auditing","Guid":"{54849625-5478-4994-A5BA-3E3B0328C30D}"},"EventID":"5140","Version":"1","Level":"0","Task":"12808","Opcode":"0","Keywords":"0x8020000000000000","TimeCreated_attributes":{"SystemTime":"2021-04-27T15:00:09.605237700Z"},"EventRecordID":"555814","Correlation":null,"Execution_attributes":{"ProcessID":"4","ThreadID":"324"},"Channel":"Security","Computer":"srvdefender01.offsec.lan","Security":null},"EventData":{"SubjectUserSid":"S-1-5-21-4230534742-2542757381-3142984815-1111","SubjectUserName":"admmig","SubjectDomainName":"OFFSEC","SubjectLogonId":"0x62cf99e","ObjectType":"File","IpAddress":"10.23.23.9","IpPort":"50808","ShareName":"\\\\*\\IPC$","ShareLocalPath":"","AccessMask":"0x1","AccessList":"%%4416\r\n\t\t\t\t"}}}
{"Event_attributes":{"xmlns":"http://schemas.microsoft.com/win/2004/08/events/event"},"Event":{"System":{"Provider_attributes":{"Name":"Microsoft-Windows-Security-Auditing","Guid":"{54849625-5478-4994-A5BA-3E3B0328C30D}"},"EventID":"5140","Version":"1","Level":"0","Task":"12808","Opcode":"0","Keywords":"0x8020000000000000","TimeCreated_attributes":{"SystemTime":"2021-04-27T14:59:45.392625200Z"},"EventRecordID":"1662286","Correlation":null,"Execution_attributes":{"ProcessID":"4","ThreadID":"2320"},"Channel":"Security","Computer":"adfs01.offsec.lan","Security":null},"EventData":{"SubjectUserSid":"S-1-5-21-4230534742-2542757381-3142984815-1111","SubjectUserName":"admmig","SubjectDomainName":"OFFSEC","SubjectLogonId":"0x1f6f93ef","ObjectType":"File","IpAddress":"10.23.23.9","IpPort":"50710","ShareName":"\\\\*\\IPC$","ShareLocalPath":"","AccessMask":"0x1","AccessList":"%%4416\r\n\t\t\t\t"}}}
{"Event_attributes":{"xmlns":"http://schemas.microsoft.com/win/2004/08/events/event"},"Event":{"System":{"Provider_attributes":{"Name":"Microsoft-Windows-Security-Auditing","Guid":"{54849625-5478-4994-A5BA-3E3B0328C30D}"},"EventID":"5145","Version":"0","Level":"0","Task":"12811","Opcode":"0","Keywords":"0x8020000000000000","TimeCreated_attributes":{"SystemTime":"2021-04-27T14:59:45.393219300Z"},"EventRecordID":"1662287","Correlation":null,"Execution_attributes":{"ProcessID":"4","ThreadID":"2320"},"Channel":"Security","Computer":"adfs01.offsec.lan","Security":null},"EventData":{"SubjectUserSid":"S-1-5-21-4230534742-2542757381-3142984815-1111","SubjectUserName":"admmig","SubjectDomainName":"OFFSEC","SubjectLogonId":"0x1f6f93ef","ObjectType":"File","IpAddress":"10.23.23.9","IpPort":"50710","ShareName":"\\\\*\\IPC$","ShareLocalPath":"","RelativeTargetName":"samr","AccessMask":"0x12019f","AccessList":"%%1538\r\n\t\t\t\t%%1541\r\n\t\t\t\t%%4416\r\n\t\t\t\t%%4417\r\n\t\t\t\t%%4418\r\n\t\t\t\t%%4419\r\n\t\t\t\t%%4420\r\n\t\t\t\t%%4423\r\n\t\t\t\t%%4424\r\n\t\t\t\t","AccessReason":"-"}}}
{"Event_attributes":{"xmlns":"http://schemas.microsoft.com/win/2004/08/events/event"},"Event":{"System":{"Provider_attributes":{"Name":"Microsoft-Windows-Security-Auditing","Guid":"{54849625-5478-4994-A5BA-3E3B0328C30D}"},"EventID":"5145","Version":"0","Level":"0","Task":"12811","Opcode":"0","Keywords":"0x8020000000000000","TimeCreated_attributes":{"SystemTime":"2021-04-27T14:59:45.403341600Z"},"EventRecordID":"1662301","Correlation":null,"Execution_attributes":{"ProcessID":"4","ThreadID":"2320"},"Channel":"Security","Computer":"adfs01.offsec.lan","Security":null},"EventData":{"SubjectUserSid":"S-1-5-21-4230534742-2542757381-3142984815-1111","SubjectUserName":"admmig","SubjectDomainName":"OFFSEC","SubjectLogonId":"0x1f6f93ef","ObjectType":"File","IpAddress":"10.23.23.9","IpPort":"50717","ShareName":"\\\\*\\IPC$","ShareLocalPath":"","RelativeTargetName":"lsarpc","AccessMask":"0x12019f","AccessList":"%%1538\r\n\t\t\t\t%%1541\r\n\t\t\t\t%%4416\r\n\t\t\t\t%%4417\r\n\t\t\t\t%%4418\r\n\t\t\t\t%%4419\r\n\t\t\t\t%%4420\r\n\t\t\t\t%%4423\r\n\t\t\t\t%%4424\r\n\t\t\t\t","AccessReason":"-"}}}
{"Event_attributes":{"xmlns":"http://schemas.microsoft.com/win/2004/08/events/event"},"Event":{"System":{"Provider_attributes":{"Name":"Microsoft-Windows-Security-Auditing","Guid":"{54849625-5478-4994-A5BA-3E3B0328C30D}"},"EventID":"5145","Version":"0","Level":"0","Task":"12811","Opcode":"0","Keywords":"0x8020000000000000","TimeCreated_attributes":{"SystemTime":"2021-04-27T14:59:45.580876400Z"},"EventRecordID":"1662302","Correlation":null,"Execution_attributes":{"ProcessID":"4","ThreadID":"372"},"Channel":"Security","Computer":"adfs01.offsec.lan","Security":null},"EventData":{"SubjectUserSid":"S-1-5-21-4230534742-2542757381-3142984815-1111","SubjectUserName":"admmig","SubjectDomainName":"OFFSEC","SubjectLogonId":"0x1f6f93ef","ObjectType":"File","IpAddress":"10.23.23.9","IpPort":"50716","ShareName":"\\\\*\\IPC$","ShareLocalPath":"","RelativeTargetName":"srvsvc","AccessMask":"0x12019f","AccessList":"%%1538\r\n\t\t\t\t%%1541\r\n\t\t\t\t%%4416\r\n\t\t\t\t%%4417\r\n\t\t\t\t%%4418\r\n\t\t\t\t%%4419\r\n\t\t\t\t%%4420\r\n\t\t\t\t%%4423\r\n\t\t\t\t%%4424\r\n\t\t\t\t","AccessReason":"-"}}}
{"Event_attributes":{"xmlns":"http://schemas.microsoft.com/win/2004/08/events/event"},"Event":{"System":{"Provider_attributes":{"Name":"Microsoft-Windows-Security-Auditing","Guid":"{54849625-5478-4994-A5BA-3E3B0328C30D}"},"EventID":"5140","Version":"1","Level":"0","Task":"12808","Opcode":"0","Keywords":"0x8020000000000000","TimeCreated_attributes":{"SystemTime":"2021-04-27T15:00:05.466194900Z"},"EventRecordID":"1662307","Correlation":null,"Execution_attributes":{"ProcessID":"4","ThreadID":"888"},"Channel":"Security","Computer":"adfs01.offsec.lan","Security":null},"EventData":{"SubjectUserSid":"S-1-5-21-4230534742-2542757381-3142984815-1111","SubjectUserName":"admmig","SubjectDomainName":"OFFSEC","SubjectLogonId":"0x1f6f9930","ObjectType":"File","IpAddress":"10.23.23.9","IpPort":"50807","ShareName":"\\\\*\\IPC$","ShareLocalPath":"","AccessMask":"0x1","AccessList":"%%4416\r\n\t\t\t\t"}}}
{"Event_attributes":{"xmlns":"http://schemas.microsoft.com/win/2004/08/events/event"},"Event":{"System":{"Provider_attributes":{"Name":"Microsoft-Windows-Security-Auditing","Guid":"{54849625-5478-4994-A5BA-3E3B0328C30D}"},"EventID":"5145","Version":"0","Level":"0","Task":"12811","Opcode":"0","Keywords":"0x8020000000000000","TimeCreated_attributes":{"SystemTime":"2021-04-27T15:03:37.866970300Z"},"EventRecordID":"8863854","Correlation":null,"Execution_attributes":{"ProcessID":"4","ThreadID":"2480"},"Channel":"Security","Computer":"dhcp01.offsec.lan","Security":null},"EventData":{"SubjectUserSid":"S-1-5-21-4230534742-2542757381-3142984815-1111","SubjectUserName":"admmig","SubjectDomainName":"OFFSEC","SubjectLogonId":"0x5df8549a","ObjectType":"File","IpAddress":"10.23.23.9","IpPort":"50768","ShareName":"\\\\*\\IPC$","ShareLocalPath":"","RelativeTargetName":"samr","AccessMask":"0x12019f","AccessList":"%%1538\r\n\t\t\t\t%%1541\r\n\t\t\t\t%%4416\r\n\t\t\t\t%%4417\r\n\t\t\t\t%%4418\r\n\t\t\t\t%%4419\r\n\t\t\t\t%%4420\r\n\t\t\t\t%%4423\r\n\t\t\t\t%%4424\r\n\t\t\t\t","AccessReason":"-"}}}
{"Event_attributes":{"xmlns":"http://schemas.microsoft.com/win/2004/08/events/event"},"Event":{"System":{"Provider_attributes":{"Name":"Microsoft-Windows-Security-Auditing","Guid":"{54849625-5478-4994-A5BA-3E3B0328C30D}"},"EventID":"5145","Version":"0","Level":"0","Task":"12811","Opcode":"0","Keywords":"0x8020000000000000","TimeCreated_attributes":{"SystemTime":"2021-04-27T15:03:37.883021900Z"},"EventRecordID":"8863868","Correlation":null,"Execution_attributes":{"ProcessID":"4","ThreadID":"2480"},"Channel":"Security","Computer":"dhcp01.offsec.lan","Security":null},"EventData":{"SubjectUserSid":"S-1-5-21-4230534742-2542757381-3142984815-1111","SubjectUserName":"admmig","SubjectDomainName":"OFFSEC","SubjectLogonId":"0x5df8549a","ObjectType":"File","IpAddress":"10.23.23.9","IpPort":"50779","ShareName":"\\\\*\\IPC$","ShareLocalPath":"","RelativeTargetName":"lsarpc","AccessMask":"0x12019f","AccessList":"%%1538\r\n\t\t\t\t%%1541\r\n\t\t\t\t%%4416\r\n\t\t\t\t%%4417\r\n\t\t\t\t%%4418\r\n\t\t\t\t%%4419\r\n\t\t\t\t%%4420\r\n\t\t\t\t%%4423\r\n\t\t\t\t%%4424\r\n\t\t\t\t","AccessReason":"-"}}}
{"Event_attributes":{"xmlns":"http://schemas.microsoft.com/win/2004/08/events/event"},"Event":{"System":{"Provider_attributes":{"Name":"Microsoft-Windows-Security-Auditing","Guid":"{54849625-5478-4994-A5BA-3E3B0328C30D}"},"EventID":"5145","Version":"0","Level":"0","Task":"12811","Opcode":"0","Keywords":"0x8020000000000000","TimeCreated_attributes":{"SystemTime":"2021-04-27T15:03:37.906751900Z"},"EventRecordID":"8863869","Correlation":null,"Execution_attributes":{"ProcessID":"4","ThreadID":"2480"},"Channel":"Security","Computer":"dhcp01.offsec.lan","Security":null},"EventData":{"SubjectUserSid":"S-1-5-21-4230534742-2542757381-3142984815-1111","SubjectUserName":"admmig","SubjectDomainName":"OFFSEC","SubjectLogonId":"0x5df8549a","ObjectType":"File","IpAddress":"10.23.23.9","IpPort":"50774","ShareName":"\\\\*\\IPC$","ShareLocalPath":"","RelativeTargetName":"srvsvc","AccessMask":"0x12019f","AccessList":"%%1538\r\n\t\t\t\t%%1541\r\n\t\t\t\t%%4416\r\n\t\t\t\t%%4417\r\n\t\t\t\t%%4418\r\n\t\t\t\t%%4419\r\n\t\t\t\t%%4420\r\n\t\t\t\t%%4423\r\n\t\t\t\t%%4424\r\n\t\t\t\t","AccessReason":"-"}}}
{"Event_attributes":{"xmlns":"http://schemas.microsoft.com/win/2004/08/events/event"},"Event":{"System":{"Provider_attributes":{"Name":"Microsoft-Windows-Security-Auditing","Guid":"{54849625-5478-4994-A5BA-3E3B0328C30D}"},"EventID":"5145","Version":"0","Level":"0","Task":"12811","Opcode":"0","Keywords":"0x8020000000000000","TimeCreated_attributes":{"SystemTime":"2021-04-27T15:03:40.730230000Z"},"EventRecordID":"8863870","Correlation":null,"Execution_attributes":{"ProcessID":"4","ThreadID":"2480"},"Channel":"Security","Computer":"dhcp01.offsec.lan","Security":null},"EventData":{"SubjectUserSid":"S-1-5-21-4230534742-2542757381-3142984815-1129","SubjectUserName":"svc_nxlog","SubjectDomainName":"OFFSEC","SubjectLogonId":"0x5ddeb1e0","ObjectType":"File","IpAddress":"10.23.42.22","IpPort":"62708","ShareName":"\\\\*\\dhcp_logs$","ShareLocalPath":"\\??\\C:\\DHCP_LOGS","RelativeTargetName":"DhcpSrvLog-Wed.log","AccessMask":"0x100080","AccessList":"%%1541\r\n\t\t\t\t%%4423\r\n\t\t\t\t","AccessReason":"%%1541:\t%%1801\tD:(A;;0x1200a9;;;S-1-5-21-4230534742-2542757381-3142984815-1129)\r\n\t\t\t\t%%4423:\t%%1801\tD:(A;;0x1200a9;;;S-1-5-21-4230534742-2542757381-3142984815-1129)\r\n\t\t\t\t"}}}
{"Event_attributes":{"xmlns":"http://schemas.microsoft.com/win/2004/08/events/event"},"Event":{"System":{"Provider_attributes":{"Name":"Microsoft-Windows-Security-Auditing","Guid":"{54849625-5478-4994-A5BA-3E3B0328C30D}"},"EventID":"5145","Version":"0","Level":"0","Task":"12811","Opcode":"0","Keywords":"0x8020000000000000","TimeCreated_attributes":{"SystemTime":"2021-04-27T15:03:42.731550200Z"},"EventRecordID":"8863871","Correlation":null,"Execution_attributes":{"ProcessID":"4","ThreadID":"2480"},"Channel":"Security","Computer":"dhcp01.offsec.lan","Security":null},"EventData":{"SubjectUserSid":"S-1-5-21-4230534742-2542757381-3142984815-1129","SubjectUserName":"svc_nxlog","SubjectDomainName":"OFFSEC","SubjectLogonId":"0x5ddeb1e0","ObjectType":"File","IpAddress":"10.23.42.22","IpPort":"62714","ShareName":"\\\\*\\dhcp_logs$","ShareLocalPath":"\\??\\C:\\DHCP_LOGS","RelativeTargetName":"\\","AccessMask":"0x100081","AccessList":"%%1541\r\n\t\t\t\t%%4416\r\n\t\t\t\t%%4423\r\n\t\t\t\t","AccessReason":"%%1541:\t%%1801\tD:(A;;0x1200a9;;;S-1-5-21-4230534742-2542757381-3142984815-1129)\r\n\t\t\t\t%%4416:\t%%1801\tD:(A;;0x1200a9;;;S-1-5-21-4230534742-2542757381-3142984815-1129)\r\n\t\t\t\t%%4423:\t%%1801\tD:(A;;0x1200a9;;;S-1-5-21-4230534742-2542757381-3142984815-1129)\r\n\t\t\t\t"}}}
{"Event_attributes":{"xmlns":"http://schemas.microsoft.com/win/2004/08/events/event"},"Event":{"System":{"Provider_attributes":{"Name":"Microsoft-Windows-Security-Auditing","Guid":"{54849625-5478-4994-A5BA-3E3B0328C30D}"},"EventID":"5145","Version":"0","Level":"0","Task":"12811","Opcode":"0","Keywords":"0x8020000000000000","TimeCreated_attributes":{"SystemTime":"2021-04-27T15:03:50.745901500Z"},"EventRecordID":"8863872","Correlation":null,"Execution_attributes":{"ProcessID":"4","ThreadID":"4140"},"Channel":"Security","Computer":"dhcp01.offsec.lan","Security":null},"EventData":{"SubjectUserSid":"S-1-5-21-4230534742-2542757381-3142984815-1129","SubjectUserName":"svc_nxlog","SubjectDomainName":"OFFSEC","SubjectLogonId":"0x5ddeb1e0","ObjectType":"File","IpAddress":"10.23.42.22","IpPort":"62708","ShareName":"\\\\*\\dhcp_logs$","ShareLocalPath":"\\??\\C:\\DHCP_LOGS","RelativeTargetName":"DhcpSrvLog-Wed.log","AccessMask":"0x100080","AccessList":"%%1541\r\n\t\t\t\t%%4423\r\n\t\t\t\t","AccessReason":"%%1541:\t%%1801\tD:(A;;0x1200a9;;;S-1-5-21-4230534742-2542757381-3142984815-1129)\r\n\t\t\t\t%%4423:\t%%1801\tD:(A;;0x1200a9;;;S-1-5-21-4230534742-2542757381-3142984815-1129)\r\n\t\t\t\t"}}}
{"Event_attributes":{"xmlns":"http://schemas.microsoft.com/win/2004/08/events/event"},"Event":{"System":{"Provider_attributes":{"Name":"Microsoft-Windows-Security-Auditing","Guid":"{54849625-5478-4994-A5BA-3E3B0328C30D}"},"EventID":"5145","Version":"0","Level":"0","Task":"12811","Opcode":"0","Keywords":"0x8020000000000000","TimeCreated_attributes":{"SystemTime":"2021-04-27T15:03:52.752612800Z"},"EventRecordID":"8863873","Correlation":null,"Execution_attributes":{"ProcessID":"4","ThreadID":"4140"},"Channel":"Security","Computer":"dhcp01.offsec.lan","Security":null},"EventData":{"SubjectUserSid":"S-1-5-21-4230534742-2542757381-3142984815-1129","SubjectUserName":"svc_nxlog","SubjectDomainName":"OFFSEC","SubjectLogonId":"0x5ddeb1e0","ObjectType":"File","IpAddress":"10.23.42.22","IpPort":"62714","ShareName":"\\\\*\\dhcp_logs$","ShareLocalPath":"\\??\\C:\\DHCP_LOGS","RelativeTargetName":"\\","AccessMask":"0x100081","AccessList":"%%1541\r\n\t\t\t\t%%4416\r\n\t\t\t\t%%4423\r\n\t\t\t\t","AccessReason":"%%1541:\t%%1801\tD:(A;;0x1200a9;;;S-1-5-21-4230534742-2542757381-3142984815-1129)\r\n\t\t\t\t%%4416:\t%%1801\tD:(A;;0x1200a9;;;S-1-5-21-4230534742-2542757381-3142984815-1129)\r\n\t\t\t\t%%4423:\t%%1801\tD:(A;;0x1200a9;;;S-1-5-21-4230534742-2542757381-3142984815-1129)\r\n\t\t\t\t"}}}
{"Event_attributes":{"xmlns":"http://schemas.microsoft.com/win/2004/08/events/event"},"Event":{"System":{"Provider_attributes":{"Name":"Microsoft-Windows-Security-Auditing","Guid":"{54849625-5478-4994-A5BA-3E3B0328C30D}"},"EventID":"5145","Version":"0","Level":"0","Task":"12811","Opcode":"0","Keywords":"0x8020000000000000","TimeCreated_attributes":{"SystemTime":"2021-04-27T15:04:00.785786700Z"},"EventRecordID":"8863874","Correlation":null,"Execution_attributes":{"ProcessID":"4","ThreadID":"4140"},"Channel":"Security","Computer":"dhcp01.offsec.lan","Security":null},"EventData":{"SubjectUserSid":"S-1-5-21-4230534742-2542757381-3142984815-1129","SubjectUserName":"svc_nxlog","SubjectDomainName":"OFFSEC","SubjectLogonId":"0x5ddeb1e0","ObjectType":"File","IpAddress":"10.23.42.22","IpPort":"62708","ShareName":"\\\\*\\dhcp_logs$","ShareLocalPath":"\\??\\C:\\DHCP_LOGS","RelativeTargetName":"DhcpSrvLog-Wed.log","AccessMask":"0x100080","AccessList":"%%1541\r\n\t\t\t\t%%4423\r\n\t\t\t\t","AccessReason":"%%1541:\t%%1801\tD:(A;;0x1200a9;;;S-1-5-21-4230534742-2542757381-3142984815-1129)\r\n\t\t\t\t%%4423:\t%%1801\tD:(A;;0x1200a9;;;S-1-5-21-4230534742-2542757381-3142984815-1129)\r\n\t\t\t\t"}}}
{"Event_attributes":{"xmlns":"http://schemas.microsoft.com/win/2004/08/events/event"},"Event":{"System":{"Provider_attributes":{"Name":"Microsoft-Windows-Security-Auditing","Guid":"{54849625-5478-4994-A5BA-3E3B0328C30D}"},"EventID":"5145","Version":"0","Level":"0","Task":"12811","Opcode":"0","Keywords":"0x8020000000000000","TimeCreated_attributes":{"SystemTime":"2021-04-27T15:04:02.790066400Z"},"EventRecordID":"8863875","Correlation":null,"Execution_attributes":{"ProcessID":"4","ThreadID":"4140"},"Channel":"Security","Computer":"dhcp01.offsec.lan","Security":null},"EventData":{"SubjectUserSid":"S-1-5-21-4230534742-2542757381-3142984815-1129","SubjectUserName":"svc_nxlog","SubjectDomainName":"OFFSEC","SubjectLogonId":"0x5ddeb1e0","ObjectType":"File","IpAddress":"10.23.42.22","IpPort":"62714","ShareName":"\\\\*\\dhcp_logs$","ShareLocalPath":"\\??\\C:\\DHCP_LOGS","RelativeTargetName":"\\","AccessMask":"0x100081","AccessList":"%%1541\r\n\t\t\t\t%%4416\r\n\t\t\t\t%%4423\r\n\t\t\t\t","AccessReason":"%%1541:\t%%1801\tD:(A;;0x1200a9;;;S-1-5-21-4230534742-2542757381-3142984815-1129)\r\n\t\t\t\t%%4416:\t%%1801\tD:(A;;0x1200a9;;;S-1-5-21-4230534742-2542757381-3142984815-1129)\r\n\t\t\t\t%%4423:\t%%1801\tD:(A;;0x1200a9;;;S-1-5-21-4230534742-2542757381-3142984815-1129)\r\n\t\t\t\t"}}}
{"Event_attributes":{"xmlns":"http://schemas.microsoft.com/win/2004/08/events/event"},"Event":{"System":{"Provider_attributes":{"Name":"Microsoft-Windows-Security-Auditing","Guid":"{54849625-5478-4994-A5BA-3E3B0328C30D}"},"EventID":"5145","Version":"0","Level":"0","Task":"12811","Opcode":"0","Keywords":"0x8020000000000000","TimeCreated_attributes":{"SystemTime":"2021-04-27T15:04:10.808287400Z"},"EventRecordID":"8863876","Correlation":null,"Execution_attributes":{"ProcessID":"4","ThreadID":"4140"},"Channel":"Security","Computer":"dhcp01.offsec.lan","Security":null},"EventData":{"SubjectUserSid":"S-1-5-21-4230534742-2542757381-3142984815-1129","SubjectUserName":"svc_nxlog","SubjectDomainName":"OFFSEC","SubjectLogonId":"0x5ddeb1e0","ObjectType":"File","IpAddress":"10.23.42.22","IpPort":"62708","ShareName":"\\\\*\\dhcp_logs$","ShareLocalPath":"\\??\\C:\\DHCP_LOGS","RelativeTargetName":"DhcpSrvLog-Wed.log","AccessMask":"0x100080","AccessList":"%%1541\r\n\t\t\t\t%%4423\r\n\t\t\t\t","AccessReason":"%%1541:\t%%1801\tD:(A;;0x1200a9;;;S-1-5-21-4230534742-2542757381-3142984815-1129)\r\n\t\t\t\t%%4423:\t%%1801\tD:(A;;0x1200a9;;;S-1-5-21-4230534742-2542757381-3142984815-1129)\r\n\t\t\t\t"}}}
