{"Event_attributes":{"xmlns":"http://schemas.microsoft.com/win/2004/08/events/event"},"Event":{"System":{"Provider_attributes":{"Name":"Microsoft-Windows-Security-Auditing","Guid":"54849625-5478-4994-A5BA-3E3B0328C30D"},"EventID":4661,"Version":1,"Level":0,"Task":12803,"Opcode":0,"Keywords":"0x8020000000000000","TimeCreated_attributes":{"SystemTime":"2021-11-25T14:10:42.491306Z"},"EventRecordID":229228805,"Correlation":null,"Execution_attributes":{"ProcessID":4,"ThreadID":2872},"Channel":"Security","Computer":"rootdc1.offsec.lan","Security":null},"EventData":{"SubjectUserSid":"S-1-5-21-4230534742-2542757381-3142984815-1111","SubjectUserName":"admmig","SubjectDomainName":"OFFSEC","SubjectLogonId":"0xab3c35a64","ObjectServer":"Security Account Manager","ObjectType":"SAM_ALIAS","ObjectName":"S-1-5-32-569","HandleId":"0x17fb638d0d0","TransactionId":"00000000-0000-0000-0000-000000000000","AccessList":"%%1537\r\n\t\t\t\t%%1538\r\n\t\t\t\t%%1539\r\n\t\t\t\t%%1540\r\n\t\t\t\t%%5424\r\n\t\t\t\t%%5425\r\n\t\t\t\t%%5426\r\n\t\t\t\t%%5427\r\n\t\t\t\t%%5428\r\n\t\t\t\t%%5429\r\n\t\t\t\t%%5430\r\n\t\t\t\t%%5431\r\n\t\t\t\t%%5432\r\n\t\t\t\t","AccessReason":"-","AccessMask":"0xf01ff","PrivilegeList":"-","Properties":"---\r\n\t{bf967a9c-0de6-11d0-a285-00aa003049e2}\r\n%%1537\r\n%%1538\r\n%%1539\r\n%%1540\r\n%%5424\r\n%%5425\r\n%%5426\r\n%%5427\r\n%%5428\r\n%%5429\r\n%%5430\r\n%%5431\r\n%%5432\r\n\t\t\t{bf9679e8-0de6-11d0-a285-00aa003049e2}\r\n\t\t\t{3e0abfd0-126a-11d0-a060-00aa006c33ed}\r\n\t\t{bc0ac240-79a9-11d0-9020-00c04fc2d4cf}\r\n\t\t\t{bf9679c0-0de6-11d0-a285-00aa003049e2}\r\n\t\t{59ba2f42-79a2-11d0-9020-00c04fc2d3cf}\r\n","RestrictedSidCount":0,"ProcessId":"0x250","ProcessName":"C:\\Windows\\System32\\lsass.exe"}}}
{"Event_attributes":{"xmlns":"http://schemas.microsoft.com/win/2004/08/events/event"},"Event":{"System":{"Provider_attributes":{"Name":"Microsoft-Windows-Security-Auditing","Guid":"54849625-5478-4994-A5BA-3E3B0328C30D"},"EventID":4661,"Version":1,"Level":0,"Task":12803,"Opcode":0,"Keywords":"0x8020000000000000","TimeCreated_attributes":{"SystemTime":"2021-11-25T14:10:42.516724Z"},"EventRecordID":229228808,"Correlation":null,"Execution_attributes":{"ProcessID":4,"ThreadID":2872},"Channel":"Security","Computer":"rootdc1.offsec.lan","Security":null},"EventData":{"SubjectUserSid":"S-1-5-21-4230534742-2542757381-3142984815-1111","SubjectUserName":"admmig","SubjectDomainName":"OFFSEC","SubjectLogonId":"0xab3c35a64","ObjectServer":"Security Account Manager","ObjectType":"SAM_ALIAS","ObjectName":"S-1-5-32-573","HandleId":"0x17fb638d5a0","TransactionId":"00000000-0000-0000-0000-000000000000","AccessList":"%%1537\r\n\t\t\t\t%%1538\r\n\t\t\t\t%%1539\r\n\t\t\t\t%%1540\r\n\t\t\t\t%%5424\r\n\t\t\t\t%%5425\r\n\t\t\t\t%%5426\r\n\t\t\t\t%%5427\r\n\t\t\t\t%%5428\r\n\t\t\t\t%%5429\r\n\t\t\t\t%%5430\r\n\t\t\t\t%%5431\r\n\t\t\t\t%%5432\r\n\t\t\t\t","AccessReason":"-","AccessMask":"0xf01ff","PrivilegeList":"-","Properties":"---\r\n\t{bf967a9c-0de6-11d0-a285-00aa003049e2}\r\n%%1537\r\n%%1538\r\n%%1539\r\n%%1540\r\n%%5424\r\n%%5425\r\n%%5426\r\n%%5427\r\n%%5428\r\n%%5429\r\n%%5430\r\n%%5431\r\n%%5432\r\n\t\t\t{bf9679e8-0de6-11d0-a285-00aa003049e2}\r\n\t\t\t{3e0abfd0-126a-11d0-a060-00aa006c33ed}\r\n\t\t{bc0ac240-79a9-11d0-9020-00c04fc2d4cf}\r\n\t\t\t{bf9679c0-0de6-11d0-a285-00aa003049e2}\r\n\t\t{59ba2f42-79a2-11d0-9020-00c04fc2d3cf}\r\n","RestrictedSidCount":0,"ProcessId":"0x250","ProcessName":"C:\\Windows\\System32\\lsass.exe"}}}
{"Event_attributes":{"xmlns":"http://schemas.microsoft.com/win/2004/08/events/event"},"Event":{"System":{"Provider_attributes":{"Name":"Microsoft-Windows-Security-Auditing","Guid":"54849625-5478-4994-A5BA-3E3B0328C30D"},"EventID":4661,"Version":1,"Level":0,"Task":12803,"Opcode":0,"Keywords":"0x8020000000000000","TimeCreated_attributes":{"SystemTime":"2021-11-25T14:10:42.542713Z"},"EventRecordID":229228811,"Correlation":null,"Execution_attributes":{"ProcessID":4,"ThreadID":2872},"Channel":"Security","Computer":"rootdc1.offsec.lan","Security":null},"EventData":{"SubjectUserSid":"S-1-5-21-4230534742-2542757381-3142984815-1111","SubjectUserName":"admmig","SubjectDomainName":"OFFSEC","SubjectLogonId":"0xab3c35a64","ObjectServer":"Security Account Manager","ObjectType":"SAM_ALIAS","ObjectName":"S-1-5-32-574","HandleId":"0x17fb638d0d0","TransactionId":"00000000-0000-0000-0000-000000000000","AccessList":"%%1537\r\n\t\t\t\t%%1538\r\n\t\t\t\t%%1539\r\n\t\t\t\t%%1540\r\n\t\t\t\t%%5424\r\n\t\t\t\t%%5425\r\n\t\t\t\t%%5426\r\n\t\t\t\t%%5427\r\n\t\t\t\t%%5428\r\n\t\t\t\t%%5429\r\n\t\t\t\t%%5430\r\n\t\t\t\t%%5431\r\n\t\t\t\t%%5432\r\n\t\t\t\t","AccessReason":"-","AccessMask":"0xf01ff","PrivilegeList":"-","Properties":"---\r\n\t{bf967a9c-0de6-11d0-a285-00aa003049e2}\r\n%%1537\r\n%%1538\r\n%%1539\r\n%%1540\r\n%%5424\r\n%%5425\r\n%%5426\r\n%%5427\r\n%%5428\r\n%%5429\r\n%%5430\r\n%%5431\r\n%%5432\r\n\t\t\t{bf9679e8-0de6-11d0-a285-00aa003049e2}\r\n\t\t\t{3e0abfd0-126a-11d0-a060-00aa006c33ed}\r\n\t\t{bc0ac240-79a9-11d0-9020-00c04fc2d4cf}\r\n\t\t\t{bf9679c0-0de6-11d0-a285-00aa003049e2}\r\n\t\t{59ba2f42-79a2-11d0-9020-00c04fc2d3cf}\r\n","RestrictedSidCount":0,"ProcessId":"0x250","ProcessName":"C:\\Windows\\System32\\lsass.exe"}}}
{"Event_attributes":{"xmlns":"http://schemas.microsoft.com/win/2004/08/events/event"},"Event":{"System":{"Provider_attributes":{"Name":"Microsoft-Windows-Security-Auditing","Guid":"54849625-5478-4994-A5BA-3E3B0328C30D"},"EventID":4661,"Version":1,"Level":0,"Task":12803,"Opcode":0,"Keywords":"0x8020000000000000","TimeCreated_attributes":{"SystemTime":"2021-11-25T14:10:42.569886Z"},"EventRecordID":229228814,"Correlation":null,"Execution_attributes":{"ProcessID":4,"ThreadID":2872},"Channel":"Security","Computer":"rootdc1.offsec.lan","Security":null},"EventData":{"SubjectUserSid":"S-1-5-21-4230534742-2542757381-3142984815-1111","SubjectUserName":"admmig","SubjectDomainName":"OFFSEC","SubjectLogonId":"0xab3c35a64","ObjectServer":"Security Account Manager","ObjectType":"SAM_ALIAS","ObjectName":"S-1-5-32-575","HandleId":"0x17fb638d0d0","TransactionId":"00000000-0000-0000-0000-000000000000","AccessList":"%%1537\r\n\t\t\t\t%%1538\r\n\t\t\t\t%%1539\r\n\t\t\t\t%%1540\r\n\t\t\t\t%%5424\r\n\t\t\t\t%%5425\r\n\t\t\t\t%%5426\r\n\t\t\t\t%%5427\r\n\t\t\t\t%%5428\r\n\t\t\t\t%%5429\r\n\t\t\t\t%%5430\r\n\t\t\t\t%%5431\r\n\t\t\t\t%%5432\r\n\t\t\t\t","AccessReason":"-","AccessMask":"0xf01ff","PrivilegeList":"-","Properties":"---\r\n\t{bf967a9c-0de6-11d0-a285-00aa003049e2}\r\n%%1537\r\n%%1538\r\n%%1539\r\n%%1540\r\n%%5424\r\n%%5425\r\n%%5426\r\n%%5427\r\n%%5428\r\n%%5429\r\n%%5430\r\n%%5431\r\n%%5432\r\n\t\t\t{bf9679e8-0de6-11d0-a285-00aa003049e2}\r\n\t\t\t{3e0abfd0-126a-11d0-a060-00aa006c33ed}\r\n\t\t{bc0ac240-79a9-11d0-9020-00c04fc2d4cf}\r\n\t\t\t{bf9679c0-0de6-11d0-a285-00aa003049e2}\r\n\t\t{59ba2f42-79a2-11d0-9020-00c04fc2d3cf}\r\n","RestrictedSidCount":0,"ProcessId":"0x250","ProcessName":"C:\\Windows\\System32\\lsass.exe"}}}
{"Event_attributes":{"xmlns":"http://schemas.microsoft.com/win/2004/08/events/event"},"Event":{"System":{"Provider_attributes":{"Name":"Microsoft-Windows-Security-Auditing","Guid":"54849625-5478-4994-A5BA-3E3B0328C30D"},"EventID":4661,"Version":1,"Level":0,"Task":12803,"Opcode":0,"Keywords":"0x8020000000000000","TimeCreated_attributes":{"SystemTime":"2021-11-25T14:10:42.599309Z"},"EventRecordID":229228817,"Correlation":null,"Execution_attributes":{"ProcessID":4,"ThreadID":2872},"Channel":"Security","Computer":"rootdc1.offsec.lan","Security":null},"EventData":{"SubjectUserSid":"S-1-5-21-4230534742-2542757381-3142984815-1111","SubjectUserName":"admmig","SubjectDomainName":"OFFSEC","SubjectLogonId":"0xab3c35a64","ObjectServer":"Security Account Manager","ObjectType":"SAM_ALIAS","ObjectName":"S-1-5-32-576","HandleId":"0x17fb638d0d0","TransactionId":"00000000-0000-0000-0000-000000000000","AccessList":"%%1537\r\n\t\t\t\t%%1538\r\n\t\t\t\t%%1539\r\n\t\t\t\t%%1540\r\n\t\t\t\t%%5424\r\n\t\t\t\t%%5425\r\n\t\t\t\t%%5426\r\n\t\t\t\t%%5427\r\n\t\t\t\t%%5428\r\n\t\t\t\t%%5429\r\n\t\t\t\t%%5430\r\n\t\t\t\t%%5431\r\n\t\t\t\t%%5432\r\n\t\t\t\t","AccessReason":"-","AccessMask":"0xf01ff","PrivilegeList":"-","Properties":"---\r\n\t{bf967a9c-0de6-11d0-a285-00aa003049e2}\r\n%%1537\r\n%%1538\r\n%%1539\r\n%%1540\r\n%%5424\r\n%%5425\r\n%%5426\r\n%%5427\r\n%%5428\r\n%%5429\r\n%%5430\r\n%%5431\r\n%%5432\r\n\t\t\t{bf9679e8-0de6-11d0-a285-00aa003049e2}\r\n\t\t\t{3e0abfd0-126a-11d0-a060-00aa006c33ed}\r\n\t\t{bc0ac240-79a9-11d0-9020-00c04fc2d4cf}\r\n\t\t\t{bf9679c0-0de6-11d0-a285-00aa003049e2}\r\n\t\t{59ba2f42-79a2-11d0-9020-00c04fc2d3cf}\r\n","RestrictedSidCount":0,"ProcessId":"0x250","ProcessName":"C:\\Windows\\System32\\lsass.exe"}}}
{"Event_attributes":{"xmlns":"http://schemas.microsoft.com/win/2004/08/events/event"},"Event":{"System":{"Provider_attributes":{"Name":"Microsoft-Windows-Security-Auditing","Guid":"54849625-5478-4994-A5BA-3E3B0328C30D"},"EventID":4661,"Version":1,"Level":0,"Task":12803,"Opcode":0,"Keywords":"0x8020000000000000","TimeCreated_attributes":{"SystemTime":"2021-11-25T14:10:42.626385Z"},"EventRecordID":229228820,"Correlation":null,"Execution_attributes":{"ProcessID":4,"ThreadID":2872},"Channel":"Security","Computer":"rootdc1.offsec.lan","Security":null},"EventData":{"SubjectUserSid":"S-1-5-21-4230534742-2542757381-3142984815-1111","SubjectUserName":"admmig","SubjectDomainName":"OFFSEC","SubjectLogonId":"0xab3c35a64","ObjectServer":"Security Account Manager","ObjectType":"SAM_ALIAS","ObjectName":"S-1-5-32-577","HandleId":"0x17fb638da70","TransactionId":"00000000-0000-0000-0000-000000000000","AccessList":"%%1537\r\n\t\t\t\t%%1538\r\n\t\t\t\t%%1539\r\n\t\t\t\t%%1540\r\n\t\t\t\t%%5424\r\n\t\t\t\t%%5425\r\n\t\t\t\t%%5426\r\n\t\t\t\t%%5427\r\n\t\t\t\t%%5428\r\n\t\t\t\t%%5429\r\n\t\t\t\t%%5430\r\n\t\t\t\t%%5431\r\n\t\t\t\t%%5432\r\n\t\t\t\t","AccessReason":"-","AccessMask":"0xf01ff","PrivilegeList":"-","Properties":"---\r\n\t{bf967a9c-0de6-11d0-a285-00aa003049e2}\r\n%%1537\r\n%%1538\r\n%%1539\r\n%%1540\r\n%%5424\r\n%%5425\r\n%%5426\r\n%%5427\r\n%%5428\r\n%%5429\r\n%%5430\r\n%%5431\r\n%%5432\r\n\t\t\t{bf9679e8-0de6-11d0-a285-00aa003049e2}\r\n\t\t\t{3e0abfd0-126a-11d0-a060-00aa006c33ed}\r\n\t\t{bc0ac240-79a9-11d0-9020-00c04fc2d4cf}\r\n\t\t\t{bf9679c0-0de6-11d0-a285-00aa003049e2}\r\n\t\t{59ba2f42-79a2-11d0-9020-00c04fc2d3cf}\r\n","RestrictedSidCount":0,"ProcessId":"0x250","ProcessName":"C:\\Windows\\System32\\lsass.exe"}}}
{"Event_attributes":{"xmlns":"http://schemas.microsoft.com/win/2004/08/events/event"},"Event":{"System":{"Provider_attributes":{"Name":"Microsoft-Windows-Security-Auditing","Guid":"54849625-5478-4994-A5BA-3E3B0328C30D"},"EventID":4661,"Version":1,"Level":0,"Task":12803,"Opcode":0,"Keywords":"0x8020000000000000","TimeCreated_attributes":{"SystemTime":"2021-11-25T14:10:42.651270Z"},"EventRecordID":229228823,"Correlation":null,"Execution_attributes":{"ProcessID":4,"ThreadID":2872},"Channel":"Security","Computer":"rootdc1.offsec.lan","Security":null},"EventData":{"SubjectUserSid":"S-1-5-21-4230534742-2542757381-3142984815-1111","SubjectUserName":"admmig","SubjectDomainName":"OFFSEC","SubjectLogonId":"0xab3c35a64","ObjectServer":"Security Account Manager","ObjectType":"SAM_ALIAS","ObjectName":"S-1-5-32-578","HandleId":"0x17fb638d0d0","TransactionId":"00000000-0000-0000-0000-000000000000","AccessList":"%%1537\r\n\t\t\t\t%%1538\r\n\t\t\t\t%%1539\r\n\t\t\t\t%%1540\r\n\t\t\t\t%%5424\r\n\t\t\t\t%%5425\r\n\t\t\t\t%%5426\r\n\t\t\t\t%%5427\r\n\t\t\t\t%%5428\r\n\t\t\t\t%%5429\r\n\t\t\t\t%%5430\r\n\t\t\t\t%%5431\r\n\t\t\t\t%%5432\r\n\t\t\t\t","AccessReason":"-","AccessMask":"0xf01ff","PrivilegeList":"-","Properties":"---\r\n\t{bf967a9c-0de6-11d0-a285-00aa003049e2}\r\n%%1537\r\n%%1538\r\n%%1539\r\n%%1540\r\n%%5424\r\n%%5425\r\n%%5426\r\n%%5427\r\n%%5428\r\n%%5429\r\n%%5430\r\n%%5431\r\n%%5432\r\n\t\t\t{bf9679e8-0de6-11d0-a285-00aa003049e2}\r\n\t\t\t{3e0abfd0-126a-11d0-a060-00aa006c33ed}\r\n\t\t{bc0ac240-79a9-11d0-9020-00c04fc2d4cf}\r\n\t\t\t{bf9679c0-0de6-11d0-a285-00aa003049e2}\r\n\t\t{59ba2f42-79a2-11d0-9020-00c04fc2d3cf}\r\n","RestrictedSidCount":0,"ProcessId":"0x250","ProcessName":"C:\\Windows\\System32\\lsass.exe"}}}
{"Event_attributes":{"xmlns":"http://schemas.microsoft.com/win/2004/08/events/event"},"Event":{"System":{"Provider_attributes":{"Name":"Microsoft-Windows-Security-Auditing","Guid":"54849625-5478-4994-A5BA-3E3B0328C30D"},"EventID":4661,"Version":1,"Level":0,"Task":12803,"Opcode":0,"Keywords":"0x8020000000000000","TimeCreated_attributes":{"SystemTime":"2021-11-25T14:10:42.677746Z"},"EventRecordID":229228826,"Correlation":null,"Execution_attributes":{"ProcessID":4,"ThreadID":2872},"Channel":"Security","Computer":"rootdc1.offsec.lan","Security":null},"EventData":{"SubjectUserSid":"S-1-5-21-4230534742-2542757381-3142984815-1111","SubjectUserName":"admmig","SubjectDomainName":"OFFSEC","SubjectLogonId":"0xab3c35a64","ObjectServer":"Security Account Manager","ObjectType":"SAM_ALIAS","ObjectName":"S-1-5-32-579","HandleId":"0x17fb638c260","TransactionId":"00000000-0000-0000-0000-000000000000","AccessList":"%%1537\r\n\t\t\t\t%%1538\r\n\t\t\t\t%%1539\r\n\t\t\t\t%%1540\r\n\t\t\t\t%%5424\r\n\t\t\t\t%%5425\r\n\t\t\t\t%%5426\r\n\t\t\t\t%%5427\r\n\t\t\t\t%%5428\r\n\t\t\t\t%%5429\r\n\t\t\t\t%%5430\r\n\t\t\t\t%%5431\r\n\t\t\t\t%%5432\r\n\t\t\t\t","AccessReason":"-","AccessMask":"0xf01ff","PrivilegeList":"-","Properties":"---\r\n\t{bf967a9c-0de6-11d0-a285-00aa003049e2}\r\n%%1537\r\n%%1538\r\n%%1539\r\n%%1540\r\n%%5424\r\n%%5425\r\n%%5426\r\n%%5427\r\n%%5428\r\n%%5429\r\n%%5430\r\n%%5431\r\n%%5432\r\n\t\t\t{bf9679e8-0de6-11d0-a285-00aa003049e2}\r\n\t\t\t{3e0abfd0-126a-11d0-a060-00aa006c33ed}\r\n\t\t{bc0ac240-79a9-11d0-9020-00c04fc2d4cf}\r\n\t\t\t{bf9679c0-0de6-11d0-a285-00aa003049e2}\r\n\t\t{59ba2f42-79a2-11d0-9020-00c04fc2d3cf}\r\n","RestrictedSidCount":0,"ProcessId":"0x250","ProcessName":"C:\\Windows\\System32\\lsass.exe"}}}
{"Event_attributes":{"xmlns":"http://schemas.microsoft.com/win/2004/08/events/event"},"Event":{"System":{"Provider_attributes":{"Name":"Microsoft-Windows-Security-Auditing","Guid":"54849625-5478-4994-A5BA-3E3B0328C30D"},"EventID":4661,"Version":1,"Level":0,"Task":12803,"Opcode":0,"Keywords":"0x8020000000000000","TimeCreated_attributes":{"SystemTime":"2021-11-25T14:10:42.704823Z"},"EventRecordID":229228829,"Correlation":null,"Execution_attributes":{"ProcessID":4,"ThreadID":2872},"Channel":"Security","Computer":"rootdc1.offsec.lan","Security":null},"EventData":{"SubjectUserSid":"S-1-5-21-4230534742-2542757381-3142984815-1111","SubjectUserName":"admmig","SubjectDomainName":"OFFSEC","SubjectLogonId":"0xab3c35a64","ObjectServer":"Security Account Manager","ObjectType":"SAM_ALIAS","ObjectName":"S-1-5-32-580","HandleId":"0x17fb638da70","TransactionId":"00000000-0000-0000-0000-000000000000","AccessList":"%%1537\r\n\t\t\t\t%%1538\r\n\t\t\t\t%%1539\r\n\t\t\t\t%%1540\r\n\t\t\t\t%%5424\r\n\t\t\t\t%%5425\r\n\t\t\t\t%%5426\r\n\t\t\t\t%%5427\r\n\t\t\t\t%%5428\r\n\t\t\t\t%%5429\r\n\t\t\t\t%%5430\r\n\t\t\t\t%%5431\r\n\t\t\t\t%%5432\r\n\t\t\t\t","AccessReason":"-","AccessMask":"0xf01ff","PrivilegeList":"-","Properties":"---\r\n\t{bf967a9c-0de6-11d0-a285-00aa003049e2}\r\n%%1537\r\n%%1538\r\n%%1539\r\n%%1540\r\n%%5424\r\n%%5425\r\n%%5426\r\n%%5427\r\n%%5428\r\n%%5429\r\n%%5430\r\n%%5431\r\n%%5432\r\n\t\t\t{bf9679e8-0de6-11d0-a285-00aa003049e2}\r\n\t\t\t{3e0abfd0-126a-11d0-a060-00aa006c33ed}\r\n\t\t{bc0ac240-79a9-11d0-9020-00c04fc2d4cf}\r\n\t\t\t{bf9679c0-0de6-11d0-a285-00aa003049e2}\r\n\t\t{59ba2f42-79a2-11d0-9020-00c04fc2d3cf}\r\n","RestrictedSidCount":0,"ProcessId":"0x250","ProcessName":"C:\\Windows\\System32\\lsass.exe"}}}
{"Event_attributes":{"xmlns":"http://schemas.microsoft.com/win/2004/08/events/event"},"Event":{"System":{"Provider_attributes":{"Name":"Microsoft-Windows-Security-Auditing","Guid":"54849625-5478-4994-A5BA-3E3B0328C30D"},"EventID":4661,"Version":1,"Level":0,"Task":12803,"Opcode":0,"Keywords":"0x8020000000000000","TimeCreated_attributes":{"SystemTime":"2021-11-25T14:10:42.732917Z"},"EventRecordID":229228832,"Correlation":null,"Execution_attributes":{"ProcessID":4,"ThreadID":2872},"Channel":"Security","Computer":"rootdc1.offsec.lan","Security":null},"EventData":{"SubjectUserSid":"S-1-5-21-4230534742-2542757381-3142984815-1111","SubjectUserName":"admmig","SubjectDomainName":"OFFSEC","SubjectLogonId":"0xab3c35a64","ObjectServer":"Security Account Manager","ObjectType":"SAM_ALIAS","ObjectName":"S-1-5-32-581","HandleId":"0x17fb638d0d0","TransactionId":"00000000-0000-0000-0000-000000000000","AccessList":"%%1537\r\n\t\t\t\t%%1538\r\n\t\t\t\t%%1539\r\n\t\t\t\t%%1540\r\n\t\t\t\t%%5424\r\n\t\t\t\t%%5425\r\n\t\t\t\t%%5426\r\n\t\t\t\t%%5427\r\n\t\t\t\t%%5428\r\n\t\t\t\t%%5429\r\n\t\t\t\t%%5430\r\n\t\t\t\t%%5431\r\n\t\t\t\t%%5432\r\n\t\t\t\t","AccessReason":"-","AccessMask":"0xf01ff","PrivilegeList":"-","Properties":"---\r\n\t{bf967a9c-0de6-11d0-a285-00aa003049e2}\r\n%%1537\r\n%%1538\r\n%%1539\r\n%%1540\r\n%%5424\r\n%%5425\r\n%%5426\r\n%%5427\r\n%%5428\r\n%%5429\r\n%%5430\r\n%%5431\r\n%%5432\r\n\t\t\t{bf9679e8-0de6-11d0-a285-00aa003049e2}\r\n\t\t\t{3e0abfd0-126a-11d0-a060-00aa006c33ed}\r\n\t\t{bc0ac240-79a9-11d0-9020-00c04fc2d4cf}\r\n\t\t\t{bf9679c0-0de6-11d0-a285-00aa003049e2}\r\n\t\t{59ba2f42-79a2-11d0-9020-00c04fc2d3cf}\r\n","RestrictedSidCount":0,"ProcessId":"0x250","ProcessName":"C:\\Windows\\System32\\lsass.exe"}}}
{"Event_attributes":{"xmlns":"http://schemas.microsoft.com/win/2004/08/events/event"},"Event":{"System":{"Provider_attributes":{"Name":"Microsoft-Windows-Security-Auditing","Guid":"54849625-5478-4994-A5BA-3E3B0328C30D"},"EventID":4661,"Version":1,"Level":0,"Task":12803,"Opcode":0,"Keywords":"0x8020000000000000","TimeCreated_attributes":{"SystemTime":"2021-11-25T14:10:42.758634Z"},"EventRecordID":229228835,"Correlation":null,"Execution_attributes":{"ProcessID":4,"ThreadID":2872},"Channel":"Security","Computer":"rootdc1.offsec.lan","Security":null},"EventData":{"SubjectUserSid":"S-1-5-21-4230534742-2542757381-3142984815-1111","SubjectUserName":"admmig","SubjectDomainName":"OFFSEC","SubjectLogonId":"0xab3c35a64","ObjectServer":"Security Account Manager","ObjectType":"SAM_ALIAS","ObjectName":"S-1-5-32-582","HandleId":"0x17fb49fe300","TransactionId":"00000000-0000-0000-0000-000000000000","AccessList":"%%1537\r\n\t\t\t\t%%1538\r\n\t\t\t\t%%1539\r\n\t\t\t\t%%1540\r\n\t\t\t\t%%5424\r\n\t\t\t\t%%5425\r\n\t\t\t\t%%5426\r\n\t\t\t\t%%5427\r\n\t\t\t\t%%5428\r\n\t\t\t\t%%5429\r\n\t\t\t\t%%5430\r\n\t\t\t\t%%5431\r\n\t\t\t\t%%5432\r\n\t\t\t\t","AccessReason":"-","AccessMask":"0xf01ff","PrivilegeList":"-","Properties":"---\r\n\t{bf967a9c-0de6-11d0-a285-00aa003049e2}\r\n%%1537\r\n%%1538\r\n%%1539\r\n%%1540\r\n%%5424\r\n%%5425\r\n%%5426\r\n%%5427\r\n%%5428\r\n%%5429\r\n%%5430\r\n%%5431\r\n%%5432\r\n\t\t\t{bf9679e8-0de6-11d0-a285-00aa003049e2}\r\n\t\t\t{3e0abfd0-126a-11d0-a060-00aa006c33ed}\r\n\t\t{bc0ac240-79a9-11d0-9020-00c04fc2d4cf}\r\n\t\t\t{bf9679c0-0de6-11d0-a285-00aa003049e2}\r\n\t\t{59ba2f42-79a2-11d0-9020-00c04fc2d3cf}\r\n","RestrictedSidCount":0,"ProcessId":"0x250","ProcessName":"C:\\Windows\\System32\\lsass.exe"}}}
{"Event_attributes":{"xmlns":"http://schemas.microsoft.com/win/2004/08/events/event"},"Event":{"System":{"Provider_attributes":{"Name":"Microsoft-Windows-Security-Auditing","Guid":"54849625-5478-4994-A5BA-3E3B0328C30D"},"EventID":4661,"Version":1,"Level":0,"Task":12803,"Opcode":0,"Keywords":"0x8020000000000000","TimeCreated_attributes":{"SystemTime":"2021-11-25T14:10:42.794111Z"},"EventRecordID":229228838,"Correlation":null,"Execution_attributes":{"ProcessID":4,"ThreadID":2872},"Channel":"Security","Computer":"rootdc1.offsec.lan","Security":null},"EventData":{"SubjectUserSid":"S-1-5-21-4230534742-2542757381-3142984815-1111","SubjectUserName":"admmig","SubjectDomainName":"OFFSEC","SubjectLogonId":"0xab3c35a64","ObjectServer":"Security Account Manager","ObjectType":"SAM_ALIAS","ObjectName":"S-1-5-32-549","HandleId":"0x17fb49fe300","TransactionId":"00000000-0000-0000-0000-000000000000","AccessList":"%%1537\r\n\t\t\t\t%%1538\r\n\t\t\t\t%%1539\r\n\t\t\t\t%%1540\r\n\t\t\t\t%%5424\r\n\t\t\t\t%%5425\r\n\t\t\t\t%%5426\r\n\t\t\t\t%%5427\r\n\t\t\t\t%%5428\r\n\t\t\t\t%%5429\r\n\t\t\t\t%%5431\r\n\t\t\t\t%%5432\r\n\t\t\t\t","AccessReason":"-","AccessMask":"0xf01bf","PrivilegeList":"-","Properties":"---\r\n\t{bf967a9c-0de6-11d0-a285-00aa003049e2}\r\n%%1537\r\n%%1538\r\n%%1539\r\n%%1540\r\n%%5424\r\n%%5425\r\n%%5426\r\n%%5427\r\n%%5428\r\n%%5429\r\n%%5431\r\n%%5432\r\n\t\t\t{bf9679e8-0de6-11d0-a285-00aa003049e2}\r\n\t\t\t{3e0abfd0-126a-11d0-a060-00aa006c33ed}\r\n\t\t{bc0ac240-79a9-11d0-9020-00c04fc2d4cf}\r\n\t\t\t{bf9679c0-0de6-11d0-a285-00aa003049e2}\r\n\t\t{59ba2f42-79a2-11d0-9020-00c04fc2d3cf}\r\n","RestrictedSidCount":0,"ProcessId":"0x250","ProcessName":"C:\\Windows\\System32\\lsass.exe"}}}
{"Event_attributes":{"xmlns":"http://schemas.microsoft.com/win/2004/08/events/event"},"Event":{"System":{"Provider_attributes":{"Name":"Microsoft-Windows-Security-Auditing","Guid":"54849625-5478-4994-A5BA-3E3B0328C30D"},"EventID":4662,"Version":0,"Level":0,"Task":14080,"Opcode":0,"Keywords":"0x8020000000000000","TimeCreated_attributes":{"SystemTime":"2021-11-25T14:10:45.233841Z"},"EventRecordID":229228870,"Correlation_attributes":{"ActivityID":"44C9F4B0-B51C-0000-BEF4-C9441CB5D701"},"Execution_attributes":{"ProcessID":592,"ThreadID":2272},"Channel":"Security","Computer":"rootdc1.offsec.lan","Security":null},"EventData":{"SubjectUserSid":"S-1-5-18","SubjectUserName":"ROOTDC1$","SubjectDomainName":"OFFSEC","SubjectLogonId":"0xab3c3662d","ObjectServer":"DS","ObjectType":"%{bf967a86-0de6-11d0-a285-00aa003049e2}","ObjectName":"%{832b1c45-2f6e-4c82-be40-d461e377f560}","OperationType":"Object Access","HandleId":"0x0","AccessList":"%%7688\r\n\t\t\t\t","AccessMask":"0x100","Properties":"%%7688\r\n\t{bf967a86-0de6-11d0-a285-00aa003049e2}\r\n\t\t{91e647de-d96f-4b70-9557-d63ff4f3ccd8}\r\n\t\t\t{6617e4ac-a2f1-43ab-b60c-11fbd1facf05}\r\n\t\t\t{b3f93023-9239-4f7c-b99c-6745d87adbc2}\r\n\t\t\t{b8dfa744-31dc-4ef1-ac7c-84baf7ef9da7}\r\n\t\t\t{b7ff5a38-0818-42b0-8110-d3d154c97f24}\r\n\t\t{771727b1-31b8-4cdf-ae62-4fe39fadf89e}\r\n\t\t\t{aa4e1a6d-550d-4e05-8c35-4afcb917a9fe}\r\n\t\t\t{612cb747-c0e8-4f92-9221-fdd5f15b550d}\r\n","AdditionalInfo":"-","AdditionalInfo2":""}}}
{"Event_attributes":{"xmlns":"http://schemas.microsoft.com/win/2004/08/events/event"},"Event":{"System":{"Provider_attributes":{"Name":"Microsoft-Windows-Security-Auditing","Guid":"54849625-5478-4994-A5BA-3E3B0328C30D"},"EventID":4662,"Version":0,"Level":0,"Task":14080,"Opcode":0,"Keywords":"0x8020000000000000","TimeCreated_attributes":{"SystemTime":"2021-11-25T14:10:45.252471Z"},"EventRecordID":229228874,"Correlation_attributes":{"ActivityID":"44C9F4B0-B51C-0000-BEF4-C9441CB5D701"},"Execution_attributes":{"ProcessID":592,"ThreadID":5364},"Channel":"Security","Computer":"rootdc1.offsec.lan","Security":null},"EventData":{"SubjectUserSid":"S-1-5-18","SubjectUserName":"ROOTDC1$","SubjectDomainName":"OFFSEC","SubjectLogonId":"0xab3c36851","ObjectServer":"DS","ObjectType":"%{bf967a86-0de6-11d0-a285-00aa003049e2}","ObjectName":"%{832b1c45-2f6e-4c82-be40-d461e377f560}","OperationType":"Object Access","HandleId":"0x0","AccessList":"%%7688\r\n\t\t\t\t","AccessMask":"0x100","Properties":"%%7688\r\n\t{bf967a86-0de6-11d0-a285-00aa003049e2}\r\n\t\t{91e647de-d96f-4b70-9557-d63ff4f3ccd8}\r\n\t\t\t{6617e4ac-a2f1-43ab-b60c-11fbd1facf05}\r\n\t\t\t{b3f93023-9239-4f7c-b99c-6745d87adbc2}\r\n\t\t\t{b8dfa744-31dc-4ef1-ac7c-84baf7ef9da7}\r\n\t\t\t{b7ff5a38-0818-42b0-8110-d3d154c97f24}\r\n\t\t{771727b1-31b8-4cdf-ae62-4fe39fadf89e}\r\n\t\t\t{aa4e1a6d-550d-4e05-8c35-4afcb917a9fe}\r\n\t\t\t{612cb747-c0e8-4f92-9221-fdd5f15b550d}\r\n","AdditionalInfo":"-","AdditionalInfo2":""}}}
{"Event_attributes":{"xmlns":"http://schemas.microsoft.com/win/2004/08/events/event"},"Event":{"System":{"Provider_attributes":{"Name":"Microsoft-Windows-Security-Auditing","Guid":"54849625-5478-4994-A5BA-3E3B0328C30D"},"EventID":4661,"Version":1,"Level":0,"Task":12803,"Opcode":0,"Keywords":"0x8020000000000000","TimeCreated_attributes":{"SystemTime":"2021-11-25T14:10:45.733207Z"},"EventRecordID":229228886,"Correlation":null,"Execution_attributes":{"ProcessID":4,"ThreadID":5232},"Channel":"Security","Computer":"rootdc1.offsec.lan","Security":null},"EventData":{"SubjectUserSid":"S-1-5-18","SubjectUserName":"ROOTDC1$","SubjectDomainName":"OFFSEC","SubjectLogonId":"0x3e7","ObjectServer":"Security Account Manager","ObjectType":"SAM_SERVER","ObjectName":"CN=Server,CN=System,DC=offsec,DC=lan","HandleId":"0x17fb49fe300","TransactionId":"00000000-0000-0000-0000-000000000000","AccessList":"%%1537\r\n\t\t\t\t%%1538\r\n\t\t\t\t%%1539\r\n\t\t\t\t%%1540\r\n\t\t\t\t%%5376\r\n\t\t\t\t%%5377\r\n\t\t\t\t%%5378\r\n\t\t\t\t%%5379\r\n\t\t\t\t%%5380\r\n\t\t\t\t%%5381\r\n\t\t\t\t%%5382\r\n\t\t\t\t%%5383\r\n\t\t\t\t%%5384\r\n\t\t\t\t","AccessReason":"-","AccessMask":"0xf01ff","PrivilegeList":"-","Properties":"---\r\n\t{bf967aad-0de6-11d0-a285-00aa003049e2}\r\n","RestrictedSidCount":0,"ProcessId":"0x250","ProcessName":"C:\\Windows\\System32\\lsass.exe"}}}
{"Event_attributes":{"xmlns":"http://schemas.microsoft.com/win/2004/08/events/event"},"Event":{"System":{"Provider_attributes":{"Name":"Microsoft-Windows-Security-Auditing","Guid":"54849625-5478-4994-A5BA-3E3B0328C30D"},"EventID":4661,"Version":1,"Level":0,"Task":12803,"Opcode":0,"Keywords":"0x8020000000000000","TimeCreated_attributes":{"SystemTime":"2021-11-25T14:10:45.733356Z"},"EventRecordID":229228887,"Correlation":null,"Execution_attributes":{"ProcessID":4,"ThreadID":5232},"Channel":"Security","Computer":"rootdc1.offsec.lan","Security":null},"EventData":{"SubjectUserSid":"S-1-5-18","SubjectUserName":"ROOTDC1$","SubjectDomainName":"OFFSEC","SubjectLogonId":"0x3e7","ObjectServer":"Security Account Manager","ObjectType":"SAM_DOMAIN","ObjectName":"DC=offsec,DC=lan","HandleId":"0x17fb49fb2e0","TransactionId":"00000000-0000-0000-0000-000000000000","AccessList":"%%1537\r\n\t\t\t\t%%1538\r\n\t\t\t\t%%1539\r\n\t\t\t\t%%1540\r\n\t\t\t\t%%5392\r\n\t\t\t\t%%5394\r\n\t\t\t\t%%5395\r\n\t\t\t\t%%5396\r\n\t\t\t\t%%5397\r\n\t\t\t\t%%5398\r\n\t\t\t\t%%5399\r\n\t\t\t\t%%5400\r\n\t\t\t\t","AccessReason":"-","AccessMask":"0xf01fd","PrivilegeList":"-","Properties":"---\r\n\t{19195a5a-6da0-11d0-afd3-00c04fd930c9}\r\n%%1537\r\n%%1538\r\n%%1539\r\n%%1540\r\n%%5392\r\n%%5394\r\n%%5395\r\n%%5396\r\n%%5397\r\n%%5398\r\n%%5399\r\n%%5400\r\n\t\t{c7407360-20bf-11d0-a768-00aa006e0529}\r\n\t\t\t{bf9679a4-0de6-11d0-a285-00aa003049e2}\r\n\t\t\t{bf9679a5-0de6-11d0-a285-00aa003049e2}\r\n\t\t\t{bf9679a6-0de6-11d0-a285-00aa003049e2}\r\n\t\t\t{bf9679bb-0de6-11d0-a285-00aa003049e2}\r\n\t\t\t{bf9679c2-0de6-11d0-a285-00aa003049e2}\r\n\t\t\t{bf9679c3-0de6-11d0-a285-00aa003049e2}\r\n\t\t\t{bf967a09-0de6-11d0-a285-00aa003049e2}\r\n\t\t\t{bf967a0b-0de6-11d0-a285-00aa003049e2}\r\n\t\t{b8119fd0-04f6-4762-ab7a-4986c76b3f9a}\r\n\t\t\t{bf967a34-0de6-11d0-a285-00aa003049e2}\r\n\t\t\t{bf967a33-0de6-11d0-a285-00aa003049e2}\r\n\t\t\t{bf9679c5-0de6-11d0-a285-00aa003049e2}\r\n\t\t\t{bf967a61-0de6-11d0-a285-00aa003049e2}\r\n\t\t\t{bf967977-0de6-11d0-a285-00aa003049e2}\r\n\t\t\t{bf96795e-0de6-11d0-a285-00aa003049e2}\r\n\t\t\t{bf9679ea-0de6-11d0-a285-00aa003049e2}\r\n\t\t{ab721a52-1e2f-11d0-9819-00aa0040529b}\r\n","RestrictedSidCount":0,"ProcessId":"0x250","ProcessName":"C:\\Windows\\System32\\lsass.exe"}}}
{"Event_attributes":{"xmlns":"http://schemas.microsoft.com/win/2004/08/events/event"},"Event":{"System":{"Provider_attributes":{"Name":"Microsoft-Windows-Security-Auditing","Guid":"54849625-5478-4994-A5BA-3E3B0328C30D"},"EventID":4661,"Version":1,"Level":0,"Task":12803,"Opcode":0,"Keywords":"0x8020000000000000","TimeCreated_attributes":{"SystemTime":"2021-11-25T14:10:45.733450Z"},"EventRecordID":229228888,"Correlation":null,"Execution_attributes":{"ProcessID":4,"ThreadID":5232},"Channel":"Security","Computer":"rootdc1.offsec.lan","Security":null},"EventData":{"SubjectUserSid":"S-1-5-18","SubjectUserName":"ROOTDC1$","SubjectDomainName":"OFFSEC","SubjectLogonId":"0x3e7","ObjectServer":"Security Account Manager","ObjectType":"SAM_DOMAIN","ObjectName":"CN=Builtin,DC=offsec,DC=lan","HandleId":"0x17fb49fc150","TransactionId":"00000000-0000-0000-0000-000000000000","AccessList":"%%1537\r\n\t\t\t\t%%1538\r\n\t\t\t\t%%1539\r\n\t\t\t\t%%1540\r\n\t\t\t\t%%5392\r\n\t\t\t\t%%5393\r\n\t\t\t\t%%5394\r\n\t\t\t\t%%5395\r\n\t\t\t\t%%5396\r\n\t\t\t\t%%5397\r\n\t\t\t\t%%5398\r\n\t\t\t\t%%5399\r\n\t\t\t\t%%5400\r\n\t\t\t\t","AccessReason":"-","AccessMask":"0xf01ff","PrivilegeList":"-","Properties":"---\r\n\t{19195a5a-6da0-11d0-afd3-00c04fd930c9}\r\n%%1537\r\n%%1538\r\n%%1539\r\n%%1540\r\n%%5392\r\n%%5393\r\n%%5394\r\n%%5395\r\n%%5396\r\n%%5397\r\n%%5398\r\n%%5399\r\n%%5400\r\n\t\t{c7407360-20bf-11d0-a768-00aa006e0529}\r\n\t\t\t{bf9679a4-0de6-11d0-a285-00aa003049e2}\r\n\t\t\t{bf9679a5-0de6-11d0-a285-00aa003049e2}\r\n\t\t\t{bf9679a6-0de6-11d0-a285-00aa003049e2}\r\n\t\t\t{bf9679bb-0de6-11d0-a285-00aa003049e2}\r\n\t\t\t{bf9679c2-0de6-11d0-a285-00aa003049e2}\r\n\t\t\t{bf9679c3-0de6-11d0-a285-00aa003049e2}\r\n\t\t\t{bf967a09-0de6-11d0-a285-00aa003049e2}\r\n\t\t\t{bf967a0b-0de6-11d0-a285-00aa003049e2}\r\n\t\t{b8119fd0-04f6-4762-ab7a-4986c76b3f9a}\r\n\t\t\t{bf967a34-0de6-11d0-a285-00aa003049e2}\r\n\t\t\t{bf967a33-0de6-11d0-a285-00aa003049e2}\r\n\t\t\t{bf9679c5-0de6-11d0-a285-00aa003049e2}\r\n\t\t\t{bf967a61-0de6-11d0-a285-00aa003049e2}\r\n\t\t\t{bf967977-0de6-11d0-a285-00aa003049e2}\r\n\t\t\t{bf96795e-0de6-11d0-a285-00aa003049e2}\r\n\t\t\t{bf9679ea-0de6-11d0-a285-00aa003049e2}\r\n\t\t{ab721a52-1e2f-11d0-9819-00aa0040529b}\r\n","RestrictedSidCount":0,"ProcessId":"0x250","ProcessName":"C:\\Windows\\System32\\lsass.exe"}}}
{"Event_attributes":{"xmlns":"http://schemas.microsoft.com/win/2004/08/events/event"},"Event":{"System":{"Provider_attributes":{"Name":"Microsoft-Windows-Security-Auditing","Guid":"54849625-5478-4994-A5BA-3E3B0328C30D"},"EventID":4661,"Version":1,"Level":0,"Task":12803,"Opcode":0,"Keywords":"0x8020000000000000","TimeCreated_attributes":{"SystemTime":"2021-11-25T14:10:45.762938Z"},"EventRecordID":229228898,"Correlation":null,"Execution_attributes":{"ProcessID":4,"ThreadID":5232},"Channel":"Security","Computer":"rootdc1.offsec.lan","Security":null},"EventData":{"SubjectUserSid":"S-1-5-18","SubjectUserName":"ROOTDC1$","SubjectDomainName":"OFFSEC","SubjectLogonId":"0x3e7","ObjectServer":"Security Account Manager","ObjectType":"SAM_SERVER","ObjectName":"CN=Server,CN=System,DC=offsec,DC=lan","HandleId":"0x17fb49fde30","TransactionId":"00000000-0000-0000-0000-000000000000","AccessList":"%%1537\r\n\t\t\t\t%%1538\r\n\t\t\t\t%%1539\r\n\t\t\t\t%%1540\r\n\t\t\t\t%%5376\r\n\t\t\t\t%%5377\r\n\t\t\t\t%%5378\r\n\t\t\t\t%%5379\r\n\t\t\t\t%%5380\r\n\t\t\t\t%%5381\r\n\t\t\t\t%%5382\r\n\t\t\t\t%%5383\r\n\t\t\t\t%%5384\r\n\t\t\t\t","AccessReason":"-","AccessMask":"0xf01ff","PrivilegeList":"-","Properties":"---\r\n\t{bf967aad-0de6-11d0-a285-00aa003049e2}\r\n","RestrictedSidCount":0,"ProcessId":"0x250","ProcessName":"C:\\Windows\\System32\\lsass.exe"}}}
{"Event_attributes":{"xmlns":"http://schemas.microsoft.com/win/2004/08/events/event"},"Event":{"System":{"Provider_attributes":{"Name":"Microsoft-Windows-Security-Auditing","Guid":"54849625-5478-4994-A5BA-3E3B0328C30D"},"EventID":4661,"Version":1,"Level":0,"Task":12803,"Opcode":0,"Keywords":"0x8020000000000000","TimeCreated_attributes":{"SystemTime":"2021-11-25T14:10:45.763072Z"},"EventRecordID":229228899,"Correlation":null,"Execution_attributes":{"ProcessID":4,"ThreadID":5232},"Channel":"Security","Computer":"rootdc1.offsec.lan","Security":null},"EventData":{"SubjectUserSid":"S-1-5-18","SubjectUserName":"ROOTDC1$","SubjectDomainName":"OFFSEC","SubjectLogonId":"0x3e7","ObjectServer":"Security Account Manager","ObjectType":"SAM_DOMAIN","ObjectName":"DC=offsec,DC=lan","HandleId":"0x17fb49fe300","TransactionId":"00000000-0000-0000-0000-000000000000","AccessList":"%%1537\r\n\t\t\t\t%%1538\r\n\t\t\t\t%%1539\r\n\t\t\t\t%%1540\r\n\t\t\t\t%%5392\r\n\t\t\t\t%%5394\r\n\t\t\t\t%%5395\r\n\t\t\t\t%%5396\r\n\t\t\t\t%%5397\r\n\t\t\t\t%%5398\r\n\t\t\t\t%%5399\r\n\t\t\t\t%%5400\r\n\t\t\t\t","AccessReason":"-","AccessMask":"0xf01fd","PrivilegeList":"-","Properties":"---\r\n\t{19195a5a-6da0-11d0-afd3-00c04fd930c9}\r\n%%1537\r\n%%1538\r\n%%1539\r\n%%1540\r\n%%5392\r\n%%5394\r\n%%5395\r\n%%5396\r\n%%5397\r\n%%5398\r\n%%5399\r\n%%5400\r\n\t\t{c7407360-20bf-11d0-a768-00aa006e0529}\r\n\t\t\t{bf9679a4-0de6-11d0-a285-00aa003049e2}\r\n\t\t\t{bf9679a5-0de6-11d0-a285-00aa003049e2}\r\n\t\t\t{bf9679a6-0de6-11d0-a285-00aa003049e2}\r\n\t\t\t{bf9679bb-0de6-11d0-a285-00aa003049e2}\r\n\t\t\t{bf9679c2-0de6-11d0-a285-00aa003049e2}\r\n\t\t\t{bf9679c3-0de6-11d0-a285-00aa003049e2}\r\n\t\t\t{bf967a09-0de6-11d0-a285-00aa003049e2}\r\n\t\t\t{bf967a0b-0de6-11d0-a285-00aa003049e2}\r\n\t\t{b8119fd0-04f6-4762-ab7a-4986c76b3f9a}\r\n\t\t\t{bf967a34-0de6-11d0-a285-00aa003049e2}\r\n\t\t\t{bf967a33-0de6-11d0-a285-00aa003049e2}\r\n\t\t\t{bf9679c5-0de6-11d0-a285-00aa003049e2}\r\n\t\t\t{bf967a61-0de6-11d0-a285-00aa003049e2}\r\n\t\t\t{bf967977-0de6-11d0-a285-00aa003049e2}\r\n\t\t\t{bf96795e-0de6-11d0-a285-00aa003049e2}\r\n\t\t\t{bf9679ea-0de6-11d0-a285-00aa003049e2}\r\n\t\t{ab721a52-1e2f-11d0-9819-00aa0040529b}\r\n","RestrictedSidCount":0,"ProcessId":"0x250","ProcessName":"C:\\Windows\\System32\\lsass.exe"}}}
{"Event_attributes":{"xmlns":"http://schemas.microsoft.com/win/2004/08/events/event"},"Event":{"System":{"Provider_attributes":{"Name":"Microsoft-Windows-Security-Auditing","Guid":"54849625-5478-4994-A5BA-3E3B0328C30D"},"EventID":4661,"Version":1,"Level":0,"Task":12803,"Opcode":0,"Keywords":"0x8020000000000000","TimeCreated_attributes":{"SystemTime":"2021-11-25T14:10:45.763157Z"},"EventRecordID":229228900,"Correlation":null,"Execution_attributes":{"ProcessID":4,"ThreadID":5232},"Channel":"Security","Computer":"rootdc1.offsec.lan","Security":null},"EventData":{"SubjectUserSid":"S-1-5-18","SubjectUserName":"ROOTDC1$","SubjectDomainName":"OFFSEC","SubjectLogonId":"0x3e7","ObjectServer":"Security Account Manager","ObjectType":"SAM_DOMAIN","ObjectName":"CN=Builtin,DC=offsec,DC=lan","HandleId":"0x17fb49feca0","TransactionId":"00000000-0000-0000-0000-000000000000","AccessList":"%%1537\r\n\t\t\t\t%%1538\r\n\t\t\t\t%%1539\r\n\t\t\t\t%%1540\r\n\t\t\t\t%%5392\r\n\t\t\t\t%%5393\r\n\t\t\t\t%%5394\r\n\t\t\t\t%%5395\r\n\t\t\t\t%%5396\r\n\t\t\t\t%%5397\r\n\t\t\t\t%%5398\r\n\t\t\t\t%%5399\r\n\t\t\t\t%%5400\r\n\t\t\t\t","AccessReason":"-","AccessMask":"0xf01ff","PrivilegeList":"-","Properties":"---\r\n\t{19195a5a-6da0-11d0-afd3-00c04fd930c9}\r\n%%1537\r\n%%1538\r\n%%1539\r\n%%1540\r\n%%5392\r\n%%5393\r\n%%5394\r\n%%5395\r\n%%5396\r\n%%5397\r\n%%5398\r\n%%5399\r\n%%5400\r\n\t\t{c7407360-20bf-11d0-a768-00aa006e0529}\r\n\t\t\t{bf9679a4-0de6-11d0-a285-00aa003049e2}\r\n\t\t\t{bf9679a5-0de6-11d0-a285-00aa003049e2}\r\n\t\t\t{bf9679a6-0de6-11d0-a285-00aa003049e2}\r\n\t\t\t{bf9679bb-0de6-11d0-a285-00aa003049e2}\r\n\t\t\t{bf9679c2-0de6-11d0-a285-00aa003049e2}\r\n\t\t\t{bf9679c3-0de6-11d0-a285-00aa003049e2}\r\n\t\t\t{bf967a09-0de6-11d0-a285-00aa003049e2}\r\n\t\t\t{bf967a0b-0de6-11d0-a285-00aa003049e2}\r\n\t\t{b8119fd0-04f6-4762-ab7a-4986c76b3f9a}\r\n\t\t\t{bf967a34-0de6-11d0-a285-00aa003049e2}\r\n\t\t\t{bf967a33-0de6-11d0-a285-00aa003049e2}\r\n\t\t\t{bf9679c5-0de6-11d0-a285-00aa003049e2}\r\n\t\t\t{bf967a61-0de6-11d0-a285-00aa003049e2}\r\n\t\t\t{bf967977-0de6-11d0-a285-00aa003049e2}\r\n\t\t\t{bf96795e-0de6-11d0-a285-00aa003049e2}\r\n\t\t\t{bf9679ea-0de6-11d0-a285-00aa003049e2}\r\n\t\t{ab721a52-1e2f-11d0-9819-00aa0040529b}\r\n","RestrictedSidCount":0,"ProcessId":"0x250","ProcessName":"C:\\Windows\\System32\\lsass.exe"}}}
{"Event_attributes":{"xmlns":"http://schemas.microsoft.com/win/2004/08/events/event"},"Event":{"System":{"Provider_attributes":{"Name":"Microsoft-Windows-Security-Auditing","Guid":"54849625-5478-4994-A5BA-3E3B0328C30D"},"EventID":4661,"Version":1,"Level":0,"Task":12803,"Opcode":0,"Keywords":"0x8020000000000000","TimeCreated_attributes":{"SystemTime":"2021-11-25T14:10:45.763533Z"},"EventRecordID":229228901,"Correlation":null,"Execution_attributes":{"ProcessID":4,"ThreadID":5232},"Channel":"Security","Computer":"rootdc1.offsec.lan","Security":null},"EventData":{"SubjectUserSid":"S-1-5-18","SubjectUserName":"ROOTDC1$","SubjectDomainName":"OFFSEC","SubjectLogonId":"0x3e7","ObjectServer":"Security Account Manager","ObjectType":"SAM_ALIAS","ObjectName":"S-1-5-32-544","HandleId":"0x17fb49fb2e0","TransactionId":"00000000-0000-0000-0000-000000000000","AccessList":"%%1537\r\n\t\t\t\t%%1538\r\n\t\t\t\t%%1539\r\n\t\t\t\t%%1540\r\n\t\t\t\t%%5424\r\n\t\t\t\t%%5425\r\n\t\t\t\t%%5426\r\n\t\t\t\t%%5427\r\n\t\t\t\t%%5428\r\n\t\t\t\t%%5429\r\n\t\t\t\t%%5430\r\n\t\t\t\t%%5431\r\n\t\t\t\t%%5432\r\n\t\t\t\t","AccessReason":"-","AccessMask":"0xf01ff","PrivilegeList":"-","Properties":"---\r\n\t{bf967a9c-0de6-11d0-a285-00aa003049e2}\r\n%%1537\r\n%%1538\r\n%%1539\r\n%%1540\r\n%%5424\r\n%%5425\r\n%%5426\r\n%%5427\r\n%%5428\r\n%%5429\r\n%%5430\r\n%%5431\r\n%%5432\r\n\t\t\t{bf9679e8-0de6-11d0-a285-00aa003049e2}\r\n\t\t\t{3e0abfd0-126a-11d0-a060-00aa006c33ed}\r\n\t\t{bc0ac240-79a9-11d0-9020-00c04fc2d4cf}\r\n\t\t\t{bf9679c0-0de6-11d0-a285-00aa003049e2}\r\n\t\t{59ba2f42-79a2-11d0-9020-00c04fc2d3cf}\r\n","RestrictedSidCount":0,"ProcessId":"0x250","ProcessName":"C:\\Windows\\System32\\lsass.exe"}}}
{"Event_attributes":{"xmlns":"http://schemas.microsoft.com/win/2004/08/events/event"},"Event":{"System":{"Provider_attributes":{"Name":"Microsoft-Windows-Security-Auditing","Guid":"54849625-5478-4994-A5BA-3E3B0328C30D"},"EventID":4661,"Version":1,"Level":0,"Task":12803,"Opcode":0,"Keywords":"0x8020000000000000","TimeCreated_attributes":{"SystemTime":"2021-11-25T14:10:45.768114Z"},"EventRecordID":229228906,"Correlation":null,"Execution_attributes":{"ProcessID":4,"ThreadID":5232},"Channel":"Security","Computer":"rootdc1.offsec.lan","Security":null},"EventData":{"SubjectUserSid":"S-1-5-18","SubjectUserName":"ROOTDC1$","SubjectDomainName":"OFFSEC","SubjectLogonId":"0x3e7","ObjectServer":"Security Account Manager","ObjectType":"SAM_SERVER","ObjectName":"CN=Server,CN=System,DC=offsec,DC=lan","HandleId":"0x17fb49fc150","TransactionId":"00000000-0000-0000-0000-000000000000","AccessList":"%%1537\r\n\t\t\t\t%%1538\r\n\t\t\t\t%%1539\r\n\t\t\t\t%%1540\r\n\t\t\t\t%%5376\r\n\t\t\t\t%%5377\r\n\t\t\t\t%%5378\r\n\t\t\t\t%%5379\r\n\t\t\t\t%%5380\r\n\t\t\t\t%%5381\r\n\t\t\t\t%%5382\r\n\t\t\t\t%%5383\r\n\t\t\t\t%%5384\r\n\t\t\t\t","AccessReason":"-","AccessMask":"0xf01ff","PrivilegeList":"-","Properties":"---\r\n\t{bf967aad-0de6-11d0-a285-00aa003049e2}\r\n","RestrictedSidCount":0,"ProcessId":"0x250","ProcessName":"C:\\Windows\\System32\\lsass.exe"}}}
{"Event_attributes":{"xmlns":"http://schemas.microsoft.com/win/2004/08/events/event"},"Event":{"System":{"Provider_attributes":{"Name":"Microsoft-Windows-Security-Auditing","Guid":"54849625-5478-4994-A5BA-3E3B0328C30D"},"EventID":4661,"Version":1,"Level":0,"Task":12803,"Opcode":0,"Keywords":"0x8020000000000000","TimeCreated_attributes":{"SystemTime":"2021-11-25T14:10:45.768262Z"},"EventRecordID":229228907,"Correlation":null,"Execution_attributes":{"ProcessID":4,"ThreadID":5232},"Channel":"Security","Computer":"rootdc1.offsec.lan","Security":null},"EventData":{"SubjectUserSid":"S-1-5-18","SubjectUserName":"ROOTDC1$","SubjectDomainName":"OFFSEC","SubjectLogonId":"0x3e7","ObjectServer":"Security Account Manager","ObjectType":"SAM_DOMAIN","ObjectName":"DC=offsec,DC=lan","HandleId":"0x17fb49fde30","TransactionId":"00000000-0000-0000-0000-000000000000","AccessList":"%%1537\r\n\t\t\t\t%%1538\r\n\t\t\t\t%%1539\r\n\t\t\t\t%%1540\r\n\t\t\t\t%%5392\r\n\t\t\t\t%%5394\r\n\t\t\t\t%%5395\r\n\t\t\t\t%%5396\r\n\t\t\t\t%%5397\r\n\t\t\t\t%%5398\r\n\t\t\t\t%%5399\r\n\t\t\t\t%%5400\r\n\t\t\t\t","AccessReason":"-","AccessMask":"0xf01fd","PrivilegeList":"-","Properties":"---\r\n\t{19195a5a-6da0-11d0-afd3-00c04fd930c9}\r\n%%1537\r\n%%1538\r\n%%1539\r\n%%1540\r\n%%5392\r\n%%5394\r\n%%5395\r\n%%5396\r\n%%5397\r\n%%5398\r\n%%5399\r\n%%5400\r\n\t\t{c7407360-20bf-11d0-a768-00aa006e0529}\r\n\t\t\t{bf9679a4-0de6-11d0-a285-00aa003049e2}\r\n\t\t\t{bf9679a5-0de6-11d0-a285-00aa003049e2}\r\n\t\t\t{bf9679a6-0de6-11d0-a285-00aa003049e2}\r\n\t\t\t{bf9679bb-0de6-11d0-a285-00aa003049e2}\r\n\t\t\t{bf9679c2-0de6-11d0-a285-00aa003049e2}\r\n\t\t\t{bf9679c3-0de6-11d0-a285-00aa003049e2}\r\n\t\t\t{bf967a09-0de6-11d0-a285-00aa003049e2}\r\n\t\t\t{bf967a0b-0de6-11d0-a285-00aa003049e2}\r\n\t\t{b8119fd0-04f6-4762-ab7a-4986c76b3f9a}\r\n\t\t\t{bf967a34-0de6-11d0-a285-00aa003049e2}\r\n\t\t\t{bf967a33-0de6-11d0-a285-00aa003049e2}\r\n\t\t\t{bf9679c5-0de6-11d0-a285-00aa003049e2}\r\n\t\t\t{bf967a61-0de6-11d0-a285-00aa003049e2}\r\n\t\t\t{bf967977-0de6-11d0-a285-00aa003049e2}\r\n\t\t\t{bf96795e-0de6-11d0-a285-00aa003049e2}\r\n\t\t\t{bf9679ea-0de6-11d0-a285-00aa003049e2}\r\n\t\t{ab721a52-1e2f-11d0-9819-00aa0040529b}\r\n","RestrictedSidCount":0,"ProcessId":"0x250","ProcessName":"C:\\Windows\\System32\\lsass.exe"}}}
{"Event_attributes":{"xmlns":"http://schemas.microsoft.com/win/2004/08/events/event"},"Event":{"System":{"Provider_attributes":{"Name":"Microsoft-Windows-Security-Auditing","Guid":"54849625-5478-4994-A5BA-3E3B0328C30D"},"EventID":4661,"Version":1,"Level":0,"Task":12803,"Opcode":0,"Keywords":"0x8020000000000000","TimeCreated_attributes":{"SystemTime":"2021-11-25T14:10:45.768397Z"},"EventRecordID":229228908,"Correlation":null,"Execution_attributes":{"ProcessID":4,"ThreadID":5232},"Channel":"Security","Computer":"rootdc1.offsec.lan","Security":null},"EventData":{"SubjectUserSid":"S-1-5-18","SubjectUserName":"ROOTDC1$","SubjectDomainName":"OFFSEC","SubjectLogonId":"0x3e7","ObjectServer":"Security Account Manager","ObjectType":"SAM_DOMAIN","ObjectName":"CN=Builtin,DC=offsec,DC=lan","HandleId":"0x17fb49fe300","TransactionId":"00000000-0000-0000-0000-000000000000","AccessList":"%%1537\r\n\t\t\t\t%%1538\r\n\t\t\t\t%%1539\r\n\t\t\t\t%%1540\r\n\t\t\t\t%%5392\r\n\t\t\t\t%%5393\r\n\t\t\t\t%%5394\r\n\t\t\t\t%%5395\r\n\t\t\t\t%%5396\r\n\t\t\t\t%%5397\r\n\t\t\t\t%%5398\r\n\t\t\t\t%%5399\r\n\t\t\t\t%%5400\r\n\t\t\t\t","AccessReason":"-","AccessMask":"0xf01ff","PrivilegeList":"-","Properties":"---\r\n\t{19195a5a-6da0-11d0-afd3-00c04fd930c9}\r\n%%1537\r\n%%1538\r\n%%1539\r\n%%1540\r\n%%5392\r\n%%5393\r\n%%5394\r\n%%5395\r\n%%5396\r\n%%5397\r\n%%5398\r\n%%5399\r\n%%5400\r\n\t\t{c7407360-20bf-11d0-a768-00aa006e0529}\r\n\t\t\t{bf9679a4-0de6-11d0-a285-00aa003049e2}\r\n\t\t\t{bf9679a5-0de6-11d0-a285-00aa003049e2}\r\n\t\t\t{bf9679a6-0de6-11d0-a285-00aa003049e2}\r\n\t\t\t{bf9679bb-0de6-11d0-a285-00aa003049e2}\r\n\t\t\t{bf9679c2-0de6-11d0-a285-00aa003049e2}\r\n\t\t\t{bf9679c3-0de6-11d0-a285-00aa003049e2}\r\n\t\t\t{bf967a09-0de6-11d0-a285-00aa003049e2}\r\n\t\t\t{bf967a0b-0de6-11d0-a285-00aa003049e2}\r\n\t\t{b8119fd0-04f6-4762-ab7a-4986c76b3f9a}\r\n\t\t\t{bf967a34-0de6-11d0-a285-00aa003049e2}\r\n\t\t\t{bf967a33-0de6-11d0-a285-00aa003049e2}\r\n\t\t\t{bf9679c5-0de6-11d0-a285-00aa003049e2}\r\n\t\t\t{bf967a61-0de6-11d0-a285-00aa003049e2}\r\n\t\t\t{bf967977-0de6-11d0-a285-00aa003049e2}\r\n\t\t\t{bf96795e-0de6-11d0-a285-00aa003049e2}\r\n\t\t\t{bf9679ea-0de6-11d0-a285-00aa003049e2}\r\n\t\t{ab721a52-1e2f-11d0-9819-00aa0040529b}\r\n","RestrictedSidCount":0,"ProcessId":"0x250","ProcessName":"C:\\Windows\\System32\\lsass.exe"}}}
{"Event_attributes":{"xmlns":"http://schemas.microsoft.com/win/2004/08/events/event"},"Event":{"System":{"Provider_attributes":{"Name":"Microsoft-Windows-Security-Auditing","Guid":"54849625-5478-4994-A5BA-3E3B0328C30D"},"EventID":4662,"Version":0,"Level":0,"Task":14080,"Opcode":0,"Keywords":"0x8020000000000000","TimeCreated_attributes":{"SystemTime":"2021-11-25T14:10:45.812060Z"},"EventRecordID":229228916,"Correlation_attributes":{"ActivityID":"44C9F4B0-B51C-0000-BEF4-C9441CB5D701"},"Execution_attributes":{"ProcessID":592,"ThreadID":2272},"Channel":"Security","Computer":"rootdc1.offsec.lan","Security":null},"EventData":{"SubjectUserSid":"S-1-5-18","SubjectUserName":"ROOTDC1$","SubjectDomainName":"OFFSEC","SubjectLogonId":"0xab3c37d52","ObjectServer":"DS","ObjectType":"%{bf967a86-0de6-11d0-a285-00aa003049e2}","ObjectName":"%{832b1c45-2f6e-4c82-be40-d461e377f560}","OperationType":"Object Access","HandleId":"0x0","AccessList":"%%7688\r\n\t\t\t\t","AccessMask":"0x100","Properties":"%%7688\r\n\t{bf967a86-0de6-11d0-a285-00aa003049e2}\r\n\t\t{91e647de-d96f-4b70-9557-d63ff4f3ccd8}\r\n\t\t\t{6617e4ac-a2f1-43ab-b60c-11fbd1facf05}\r\n\t\t\t{b3f93023-9239-4f7c-b99c-6745d87adbc2}\r\n\t\t\t{b8dfa744-31dc-4ef1-ac7c-84baf7ef9da7}\r\n\t\t\t{b7ff5a38-0818-42b0-8110-d3d154c97f24}\r\n\t\t{771727b1-31b8-4cdf-ae62-4fe39fadf89e}\r\n\t\t\t{aa4e1a6d-550d-4e05-8c35-4afcb917a9fe}\r\n\t\t\t{612cb747-c0e8-4f92-9221-fdd5f15b550d}\r\n","AdditionalInfo":"-","AdditionalInfo2":""}}}
{"Event_attributes":{"xmlns":"http://schemas.microsoft.com/win/2004/08/events/event"},"Event":{"System":{"Provider_attributes":{"Name":"Microsoft-Windows-Security-Auditing","Guid":"54849625-5478-4994-A5BA-3E3B0328C30D"},"EventID":4662,"Version":0,"Level":0,"Task":14080,"Opcode":0,"Keywords":"0x8020000000000000","TimeCreated_attributes":{"SystemTime":"2021-11-25T14:10:45.824739Z"},"EventRecordID":229228920,"Correlation_attributes":{"ActivityID":"44C9F4B0-B51C-0000-BEF4-C9441CB5D701"},"Execution_attributes":{"ProcessID":592,"ThreadID":2272},"Channel":"Security","Computer":"rootdc1.offsec.lan","Security":null},"EventData":{"SubjectUserSid":"S-1-5-18","SubjectUserName":"ROOTDC1$","SubjectDomainName":"OFFSEC","SubjectLogonId":"0xab3c37ece","ObjectServer":"DS","ObjectType":"%{bf967a86-0de6-11d0-a285-00aa003049e2}","ObjectName":"%{832b1c45-2f6e-4c82-be40-d461e377f560}","OperationType":"Object Access","HandleId":"0x0","AccessList":"%%7688\r\n\t\t\t\t","AccessMask":"0x100","Properties":"%%7688\r\n\t{bf967a86-0de6-11d0-a285-00aa003049e2}\r\n\t\t{91e647de-d96f-4b70-9557-d63ff4f3ccd8}\r\n\t\t\t{6617e4ac-a2f1-43ab-b60c-11fbd1facf05}\r\n\t\t\t{b3f93023-9239-4f7c-b99c-6745d87adbc2}\r\n\t\t\t{b8dfa744-31dc-4ef1-ac7c-84baf7ef9da7}\r\n\t\t\t{b7ff5a38-0818-42b0-8110-d3d154c97f24}\r\n\t\t{771727b1-31b8-4cdf-ae62-4fe39fadf89e}\r\n\t\t\t{aa4e1a6d-550d-4e05-8c35-4afcb917a9fe}\r\n\t\t\t{612cb747-c0e8-4f92-9221-fdd5f15b550d}\r\n","AdditionalInfo":"-","AdditionalInfo2":""}}}
