{"Event_attributes":{"xmlns":"http://schemas.microsoft.com/win/2004/08/events/event"},"Event":{"System":{"Provider_attributes":{"Name":"Microsoft-Windows-Security-Auditing","Guid":"54849625-5478-4994-A5BA-3E3B0328C30D"},"EventID":4661,"Version":1,"Level":0,"Task":12803,"Opcode":0,"Keywords":"0x8020000000000000","TimeCreated_attributes":{"SystemTime":"2021-11-25T14:10:41.766637Z"},"EventRecordID":229228734,"Correlation":null,"Execution_attributes":{"ProcessID":4,"ThreadID":2636},"Channel":"Security","Computer":"rootdc1.offsec.lan","Security":null},"EventData":{"SubjectUserSid":"S-1-5-21-4230534742-2542757381-3142984815-1111","SubjectUserName":"admmig","SubjectDomainName":"OFFSEC","SubjectLogonId":"0xab3c35a64","ObjectServer":"Security Account Manager","ObjectType":"SAM_SERVER","ObjectName":"CN=Server,CN=System,DC=offsec,DC=lan","HandleId":"0x17fb49fde30","TransactionId":"00000000-0000-0000-0000-000000000000","AccessList":"%%1537\r\n\t\t\t\t%%1538\r\n\t\t\t\t%%1539\r\n\t\t\t\t%%1540\r\n\t\t\t\t%%5376\r\n\t\t\t\t%%5377\r\n\t\t\t\t%%5378\r\n\t\t\t\t%%5379\r\n\t\t\t\t%%5380\r\n\t\t\t\t%%5381\r\n\t\t\t\t%%5382\r\n\t\t\t\t%%5383\r\n\t\t\t\t%%5384\r\n\t\t\t\t","AccessReason":"-","AccessMask":"0xf01ff","PrivilegeList":"-","Properties":"---\r\n\t{bf967aad-0de6-11d0-a285-00aa003049e2}\r\n","RestrictedSidCount":0,"ProcessId":"0x250","ProcessName":"C:\\Windows\\System32\\lsass.exe"}}}
{"Event_attributes":{"xmlns":"http://schemas.microsoft.com/win/2004/08/events/event"},"Event":{"System":{"Provider_attributes":{"Name":"Microsoft-Windows-Security-Auditing","Guid":"54849625-5478-4994-A5BA-3E3B0328C30D"},"EventID":4661,"Version":1,"Level":0,"Task":12803,"Opcode":0,"Keywords":"0x8020000000000000","TimeCreated_attributes":{"SystemTime":"2021-11-25T14:10:41.787385Z"},"EventRecordID":229228735,"Correlation":null,"Execution_attributes":{"ProcessID":4,"ThreadID":2636},"Channel":"Security","Computer":"rootdc1.offsec.lan","Security":null},"EventData":{"SubjectUserSid":"S-1-5-21-4230534742-2542757381-3142984815-1111","SubjectUserName":"admmig","SubjectDomainName":"OFFSEC","SubjectLogonId":"0xab3c35a64","ObjectServer":"Security Account Manager","ObjectType":"SAM_DOMAIN","ObjectName":"DC=offsec,DC=lan","HandleId":"0x17fb49fb2e0","TransactionId":"00000000-0000-0000-0000-000000000000","AccessList":"%%1537\r\n\t\t\t\t%%1538\r\n\t\t\t\t%%1539\r\n\t\t\t\t%%1540\r\n\t\t\t\t%%5392\r\n\t\t\t\t%%5394\r\n\t\t\t\t%%5395\r\n\t\t\t\t%%5396\r\n\t\t\t\t%%5397\r\n\t\t\t\t%%5398\r\n\t\t\t\t%%5399\r\n\t\t\t\t%%5400\r\n\t\t\t\t","AccessReason":"-","AccessMask":"0xf01fd","PrivilegeList":"-","Properties":"---\r\n\t{19195a5a-6da0-11d0-afd3-00c04fd930c9}\r\n%%1537\r\n%%1538\r\n%%1539\r\n%%1540\r\n%%5392\r\n%%5394\r\n%%5395\r\n%%5396\r\n%%5397\r\n%%5398\r\n%%5399\r\n%%5400\r\n\t\t{c7407360-20bf-11d0-a768-00aa006e0529}\r\n\t\t\t{bf9679a4-0de6-11d0-a285-00aa003049e2}\r\n\t\t\t{bf9679a5-0de6-11d0-a285-00aa003049e2}\r\n\t\t\t{bf9679a6-0de6-11d0-a285-00aa003049e2}\r\n\t\t\t{bf9679bb-0de6-11d0-a285-00aa003049e2}\r\n\t\t\t{bf9679c2-0de6-11d0-a285-00aa003049e2}\r\n\t\t\t{bf9679c3-0de6-11d0-a285-00aa003049e2}\r\n\t\t\t{bf967a09-0de6-11d0-a285-00aa003049e2}\r\n\t\t\t{bf967a0b-0de6-11d0-a285-00aa003049e2}\r\n\t\t{b8119fd0-04f6-4762-ab7a-4986c76b3f9a}\r\n\t\t\t{bf967a34-0de6-11d0-a285-00aa003049e2}\r\n\t\t\t{bf967a33-0de6-11d0-a285-00aa003049e2}\r\n\t\t\t{bf9679c5-0de6-11d0-a285-00aa003049e2}\r\n\t\t\t{bf967a61-0de6-11d0-a285-00aa003049e2}\r\n\t\t\t{bf967977-0de6-11d0-a285-00aa003049e2}\r\n\t\t\t{bf96795e-0de6-11d0-a285-00aa003049e2}\r\n\t\t\t{bf9679ea-0de6-11d0-a285-00aa003049e2}\r\n\t\t{ab721a52-1e2f-11d0-9819-00aa0040529b}\r\n","RestrictedSidCount":0,"ProcessId":"0x250","ProcessName":"C:\\Windows\\System32\\lsass.exe"}}}
{"Event_attributes":{"xmlns":"http://schemas.microsoft.com/win/2004/08/events/event"},"Event":{"System":{"Provider_attributes":{"Name":"Microsoft-Windows-Security-Auditing","Guid":"54849625-5478-4994-A5BA-3E3B0328C30D"},"EventID":4661,"Version":1,"Level":0,"Task":12803,"Opcode":0,"Keywords":"0x8020000000000000","TimeCreated_attributes":{"SystemTime":"2021-11-25T14:10:41.800125Z"},"EventRecordID":229228736,"Correlation":null,"Execution_attributes":{"ProcessID":4,"ThreadID":2636},"Channel":"Security","Computer":"rootdc1.offsec.lan","Security":null},"EventData":{"SubjectUserSid":"S-1-5-21-4230534742-2542757381-3142984815-1111","SubjectUserName":"admmig","SubjectDomainName":"OFFSEC","SubjectLogonId":"0xab3c35a64","ObjectServer":"Security Account Manager","ObjectType":"SAM_DOMAIN","ObjectName":"CN=Builtin,DC=offsec,DC=lan","HandleId":"0x17fb49fc150","TransactionId":"00000000-0000-0000-0000-000000000000","AccessList":"%%1537\r\n\t\t\t\t%%1538\r\n\t\t\t\t%%1539\r\n\t\t\t\t%%1540\r\n\t\t\t\t%%5392\r\n\t\t\t\t%%5393\r\n\t\t\t\t%%5394\r\n\t\t\t\t%%5395\r\n\t\t\t\t%%5396\r\n\t\t\t\t%%5397\r\n\t\t\t\t%%5398\r\n\t\t\t\t%%5399\r\n\t\t\t\t%%5400\r\n\t\t\t\t","AccessReason":"-","AccessMask":"0xf01ff","PrivilegeList":"-","Properties":"---\r\n\t{19195a5a-6da0-11d0-afd3-00c04fd930c9}\r\n%%1537\r\n%%1538\r\n%%1539\r\n%%1540\r\n%%5392\r\n%%5393\r\n%%5394\r\n%%5395\r\n%%5396\r\n%%5397\r\n%%5398\r\n%%5399\r\n%%5400\r\n\t\t{c7407360-20bf-11d0-a768-00aa006e0529}\r\n\t\t\t{bf9679a4-0de6-11d0-a285-00aa003049e2}\r\n\t\t\t{bf9679a5-0de6-11d0-a285-00aa003049e2}\r\n\t\t\t{bf9679a6-0de6-11d0-a285-00aa003049e2}\r\n\t\t\t{bf9679bb-0de6-11d0-a285-00aa003049e2}\r\n\t\t\t{bf9679c2-0de6-11d0-a285-00aa003049e2}\r\n\t\t\t{bf9679c3-0de6-11d0-a285-00aa003049e2}\r\n\t\t\t{bf967a09-0de6-11d0-a285-00aa003049e2}\r\n\t\t\t{bf967a0b-0de6-11d0-a285-00aa003049e2}\r\n\t\t{b8119fd0-04f6-4762-ab7a-4986c76b3f9a}\r\n\t\t\t{bf967a34-0de6-11d0-a285-00aa003049e2}\r\n\t\t\t{bf967a33-0de6-11d0-a285-00aa003049e2}\r\n\t\t\t{bf9679c5-0de6-11d0-a285-00aa003049e2}\r\n\t\t\t{bf967a61-0de6-11d0-a285-00aa003049e2}\r\n\t\t\t{bf967977-0de6-11d0-a285-00aa003049e2}\r\n\t\t\t{bf96795e-0de6-11d0-a285-00aa003049e2}\r\n\t\t\t{bf9679ea-0de6-11d0-a285-00aa003049e2}\r\n\t\t{ab721a52-1e2f-11d0-9819-00aa0040529b}\r\n","RestrictedSidCount":0,"ProcessId":"0x250","ProcessName":"C:\\Windows\\System32\\lsass.exe"}}}
{"Event_attributes":{"xmlns":"http://schemas.microsoft.com/win/2004/08/events/event"},"Event":{"System":{"Provider_attributes":{"Name":"Microsoft-Windows-Security-Auditing","Guid":"54849625-5478-4994-A5BA-3E3B0328C30D"},"EventID":4661,"Version":1,"Level":0,"Task":14080,"Opcode":0,"Keywords":"0x8020000000000000","TimeCreated_attributes":{"SystemTime":"2021-11-25T14:10:41.806210Z"},"EventRecordID":229228737,"Correlation":null,"Execution_attributes":{"ProcessID":4,"ThreadID":2636},"Channel":"Security","Computer":"rootdc1.offsec.lan","Security":null},"EventData":{"SubjectUserSid":"S-1-5-21-4230534742-2542757381-3142984815-1111","SubjectUserName":"admmig","SubjectDomainName":"OFFSEC","SubjectLogonId":"0xab3c35a64","ObjectServer":"Security Account Manager","ObjectType":"SAM_SERVER","ObjectName":"SAM","HandleId":"0x0","TransactionId":"00000000-0000-0000-0000-000000000000","AccessList":"%%5384\r\n\t\t\t\t","AccessReason":"-","AccessMask":"0x100","PrivilegeList":"-","Properties":"---\r\n\t{bf967aad-0de6-11d0-a285-00aa003049e2}\r\n%%5384\r\n\t\t{91d67418-0135-4acc-8d79-c08e857cfbec}\r\n","RestrictedSidCount":0,"ProcessId":"0x250","ProcessName":"C:\\Windows\\System32\\lsass.exe"}}}
{"Event_attributes":{"xmlns":"http://schemas.microsoft.com/win/2004/08/events/event"},"Event":{"System":{"Provider_attributes":{"Name":"Microsoft-Windows-Security-Auditing","Guid":"54849625-5478-4994-A5BA-3E3B0328C30D"},"EventID":4661,"Version":1,"Level":0,"Task":12803,"Opcode":0,"Keywords":"0x8020000000000000","TimeCreated_attributes":{"SystemTime":"2021-11-25T14:10:41.820121Z"},"EventRecordID":229228738,"Correlation":null,"Execution_attributes":{"ProcessID":4,"ThreadID":2636},"Channel":"Security","Computer":"rootdc1.offsec.lan","Security":null},"EventData":{"SubjectUserSid":"S-1-5-21-4230534742-2542757381-3142984815-1111","SubjectUserName":"admmig","SubjectDomainName":"OFFSEC","SubjectLogonId":"0xab3c35a64","ObjectServer":"Security Account Manager","ObjectType":"SAM_ALIAS","ObjectName":"S-1-5-21-4230534742-2542757381-3142984815-517","HandleId":"0x17fb49fe300","TransactionId":"00000000-0000-0000-0000-000000000000","AccessList":"%%1537\r\n\t\t\t\t%%1538\r\n\t\t\t\t%%1539\r\n\t\t\t\t%%1540\r\n\t\t\t\t%%5424\r\n\t\t\t\t%%5425\r\n\t\t\t\t%%5426\r\n\t\t\t\t%%5427\r\n\t\t\t\t%%5428\r\n\t\t\t\t%%5429\r\n\t\t\t\t%%5430\r\n\t\t\t\t%%5431\r\n\t\t\t\t%%5432\r\n\t\t\t\t","AccessReason":"-","AccessMask":"0xf01ff","PrivilegeList":"-","Properties":"---\r\n\t{bf967a9c-0de6-11d0-a285-00aa003049e2}\r\n%%1537\r\n%%1538\r\n%%1539\r\n%%1540\r\n%%5424\r\n%%5425\r\n%%5426\r\n%%5427\r\n%%5428\r\n%%5429\r\n%%5430\r\n%%5431\r\n%%5432\r\n\t\t\t{bf9679e8-0de6-11d0-a285-00aa003049e2}\r\n\t\t\t{3e0abfd0-126a-11d0-a060-00aa006c33ed}\r\n\t\t{bc0ac240-79a9-11d0-9020-00c04fc2d4cf}\r\n\t\t\t{bf9679c0-0de6-11d0-a285-00aa003049e2}\r\n\t\t{59ba2f42-79a2-11d0-9020-00c04fc2d3cf}\r\n","RestrictedSidCount":0,"ProcessId":"0x250","ProcessName":"C:\\Windows\\System32\\lsass.exe"}}}
{"Event_attributes":{"xmlns":"http://schemas.microsoft.com/win/2004/08/events/event"},"Event":{"System":{"Provider_attributes":{"Name":"Microsoft-Windows-Security-Auditing","Guid":"54849625-5478-4994-A5BA-3E3B0328C30D"},"EventID":4661,"Version":1,"Level":0,"Task":12803,"Opcode":0,"Keywords":"0x8020000000000000","TimeCreated_attributes":{"SystemTime":"2021-11-25T14:10:41.845079Z"},"EventRecordID":229228740,"Correlation":null,"Execution_attributes":{"ProcessID":4,"ThreadID":2636},"Channel":"Security","Computer":"rootdc1.offsec.lan","Security":null},"EventData":{"SubjectUserSid":"S-1-5-21-4230534742-2542757381-3142984815-1111","SubjectUserName":"admmig","SubjectDomainName":"OFFSEC","SubjectLogonId":"0xab3c35a64","ObjectServer":"Security Account Manager","ObjectType":"SAM_ALIAS","ObjectName":"S-1-5-21-4230534742-2542757381-3142984815-553","HandleId":"0x17fb49fe300","TransactionId":"00000000-0000-0000-0000-000000000000","AccessList":"%%1537\r\n\t\t\t\t%%1538\r\n\t\t\t\t%%1539\r\n\t\t\t\t%%1540\r\n\t\t\t\t%%5424\r\n\t\t\t\t%%5425\r\n\t\t\t\t%%5426\r\n\t\t\t\t%%5427\r\n\t\t\t\t%%5428\r\n\t\t\t\t%%5429\r\n\t\t\t\t%%5430\r\n\t\t\t\t%%5431\r\n\t\t\t\t%%5432\r\n\t\t\t\t","AccessReason":"-","AccessMask":"0xf01ff","PrivilegeList":"-","Properties":"---\r\n\t{bf967a9c-0de6-11d0-a285-00aa003049e2}\r\n%%1537\r\n%%1538\r\n%%1539\r\n%%1540\r\n%%5424\r\n%%5425\r\n%%5426\r\n%%5427\r\n%%5428\r\n%%5429\r\n%%5430\r\n%%5431\r\n%%5432\r\n\t\t\t{bf9679e8-0de6-11d0-a285-00aa003049e2}\r\n\t\t\t{3e0abfd0-126a-11d0-a060-00aa006c33ed}\r\n\t\t{bc0ac240-79a9-11d0-9020-00c04fc2d4cf}\r\n\t\t\t{bf9679c0-0de6-11d0-a285-00aa003049e2}\r\n\t\t{59ba2f42-79a2-11d0-9020-00c04fc2d3cf}\r\n","RestrictedSidCount":0,"ProcessId":"0x250","ProcessName":"C:\\Windows\\System32\\lsass.exe"}}}
{"Event_attributes":{"xmlns":"http://schemas.microsoft.com/win/2004/08/events/event"},"Event":{"System":{"Provider_attributes":{"Name":"Microsoft-Windows-Security-Auditing","Guid":"54849625-5478-4994-A5BA-3E3B0328C30D"},"EventID":4661,"Version":1,"Level":0,"Task":12803,"Opcode":0,"Keywords":"0x8020000000000000","TimeCreated_attributes":{"SystemTime":"2021-11-25T14:10:41.870586Z"},"EventRecordID":229228742,"Correlation":null,"Execution_attributes":{"ProcessID":4,"ThreadID":2636},"Channel":"Security","Computer":"rootdc1.offsec.lan","Security":null},"EventData":{"SubjectUserSid":"S-1-5-21-4230534742-2542757381-3142984815-1111","SubjectUserName":"admmig","SubjectDomainName":"OFFSEC","SubjectLogonId":"0xab3c35a64","ObjectServer":"Security Account Manager","ObjectType":"SAM_ALIAS","ObjectName":"S-1-5-21-4230534742-2542757381-3142984815-571","HandleId":"0x17fb49fe300","TransactionId":"00000000-0000-0000-0000-000000000000","AccessList":"%%1537\r\n\t\t\t\t%%1538\r\n\t\t\t\t%%1539\r\n\t\t\t\t%%1540\r\n\t\t\t\t%%5424\r\n\t\t\t\t%%5425\r\n\t\t\t\t%%5426\r\n\t\t\t\t%%5427\r\n\t\t\t\t%%5428\r\n\t\t\t\t%%5429\r\n\t\t\t\t%%5430\r\n\t\t\t\t%%5431\r\n\t\t\t\t%%5432\r\n\t\t\t\t","AccessReason":"-","AccessMask":"0xf01ff","PrivilegeList":"-","Properties":"---\r\n\t{bf967a9c-0de6-11d0-a285-00aa003049e2}\r\n%%1537\r\n%%1538\r\n%%1539\r\n%%1540\r\n%%5424\r\n%%5425\r\n%%5426\r\n%%5427\r\n%%5428\r\n%%5429\r\n%%5430\r\n%%5431\r\n%%5432\r\n\t\t\t{bf9679e8-0de6-11d0-a285-00aa003049e2}\r\n\t\t\t{3e0abfd0-126a-11d0-a060-00aa006c33ed}\r\n\t\t{bc0ac240-79a9-11d0-9020-00c04fc2d4cf}\r\n\t\t\t{bf9679c0-0de6-11d0-a285-00aa003049e2}\r\n\t\t{59ba2f42-79a2-11d0-9020-00c04fc2d3cf}\r\n","RestrictedSidCount":0,"ProcessId":"0x250","ProcessName":"C:\\Windows\\System32\\lsass.exe"}}}
{"Event_attributes":{"xmlns":"http://schemas.microsoft.com/win/2004/08/events/event"},"Event":{"System":{"Provider_attributes":{"Name":"Microsoft-Windows-Security-Auditing","Guid":"54849625-5478-4994-A5BA-3E3B0328C30D"},"EventID":4661,"Version":1,"Level":0,"Task":12803,"Opcode":0,"Keywords":"0x8020000000000000","TimeCreated_attributes":{"SystemTime":"2021-11-25T14:10:41.896189Z"},"EventRecordID":229228744,"Correlation":null,"Execution_attributes":{"ProcessID":4,"ThreadID":2636},"Channel":"Security","Computer":"rootdc1.offsec.lan","Security":null},"EventData":{"SubjectUserSid":"S-1-5-21-4230534742-2542757381-3142984815-1111","SubjectUserName":"admmig","SubjectDomainName":"OFFSEC","SubjectLogonId":"0xab3c35a64","ObjectServer":"Security Account Manager","ObjectType":"SAM_ALIAS","ObjectName":"S-1-5-21-4230534742-2542757381-3142984815-572","HandleId":"0x17fb49fe300","TransactionId":"00000000-0000-0000-0000-000000000000","AccessList":"%%1537\r\n\t\t\t\t%%1538\r\n\t\t\t\t%%1539\r\n\t\t\t\t%%1540\r\n\t\t\t\t%%5424\r\n\t\t\t\t%%5425\r\n\t\t\t\t%%5426\r\n\t\t\t\t%%5427\r\n\t\t\t\t%%5428\r\n\t\t\t\t%%5429\r\n\t\t\t\t%%5430\r\n\t\t\t\t%%5431\r\n\t\t\t\t%%5432\r\n\t\t\t\t","AccessReason":"-","AccessMask":"0xf01ff","PrivilegeList":"-","Properties":"---\r\n\t{bf967a9c-0de6-11d0-a285-00aa003049e2}\r\n%%1537\r\n%%1538\r\n%%1539\r\n%%1540\r\n%%5424\r\n%%5425\r\n%%5426\r\n%%5427\r\n%%5428\r\n%%5429\r\n%%5430\r\n%%5431\r\n%%5432\r\n\t\t\t{bf9679e8-0de6-11d0-a285-00aa003049e2}\r\n\t\t\t{3e0abfd0-126a-11d0-a060-00aa006c33ed}\r\n\t\t{bc0ac240-79a9-11d0-9020-00c04fc2d4cf}\r\n\t\t\t{bf9679c0-0de6-11d0-a285-00aa003049e2}\r\n\t\t{59ba2f42-79a2-11d0-9020-00c04fc2d3cf}\r\n","RestrictedSidCount":0,"ProcessId":"0x250","ProcessName":"C:\\Windows\\System32\\lsass.exe"}}}
{"Event_attributes":{"xmlns":"http://schemas.microsoft.com/win/2004/08/events/event"},"Event":{"System":{"Provider_attributes":{"Name":"Microsoft-Windows-Security-Auditing","Guid":"54849625-5478-4994-A5BA-3E3B0328C30D"},"EventID":4661,"Version":1,"Level":0,"Task":12803,"Opcode":0,"Keywords":"0x8020000000000000","TimeCreated_attributes":{"SystemTime":"2021-11-25T14:10:41.921196Z"},"EventRecordID":229228746,"Correlation":null,"Execution_attributes":{"ProcessID":4,"ThreadID":2636},"Channel":"Security","Computer":"rootdc1.offsec.lan","Security":null},"EventData":{"SubjectUserSid":"S-1-5-21-4230534742-2542757381-3142984815-1111","SubjectUserName":"admmig","SubjectDomainName":"OFFSEC","SubjectLogonId":"0xab3c35a64","ObjectServer":"Security Account Manager","ObjectType":"SAM_ALIAS","ObjectName":"S-1-5-21-4230534742-2542757381-3142984815-1101","HandleId":"0x17fb49feca0","TransactionId":"00000000-0000-0000-0000-000000000000","AccessList":"%%1537\r\n\t\t\t\t%%1538\r\n\t\t\t\t%%1539\r\n\t\t\t\t%%1540\r\n\t\t\t\t%%5424\r\n\t\t\t\t%%5425\r\n\t\t\t\t%%5426\r\n\t\t\t\t%%5427\r\n\t\t\t\t%%5428\r\n\t\t\t\t%%5429\r\n\t\t\t\t%%5430\r\n\t\t\t\t%%5431\r\n\t\t\t\t%%5432\r\n\t\t\t\t","AccessReason":"-","AccessMask":"0xf01ff","PrivilegeList":"-","Properties":"---\r\n\t{bf967a9c-0de6-11d0-a285-00aa003049e2}\r\n%%1537\r\n%%1538\r\n%%1539\r\n%%1540\r\n%%5424\r\n%%5425\r\n%%5426\r\n%%5427\r\n%%5428\r\n%%5429\r\n%%5430\r\n%%5431\r\n%%5432\r\n\t\t\t{bf9679e8-0de6-11d0-a285-00aa003049e2}\r\n\t\t\t{3e0abfd0-126a-11d0-a060-00aa006c33ed}\r\n\t\t{bc0ac240-79a9-11d0-9020-00c04fc2d4cf}\r\n\t\t\t{bf9679c0-0de6-11d0-a285-00aa003049e2}\r\n\t\t{59ba2f42-79a2-11d0-9020-00c04fc2d3cf}\r\n","RestrictedSidCount":0,"ProcessId":"0x250","ProcessName":"C:\\Windows\\System32\\lsass.exe"}}}
{"Event_attributes":{"xmlns":"http://schemas.microsoft.com/win/2004/08/events/event"},"Event":{"System":{"Provider_attributes":{"Name":"Microsoft-Windows-Security-Auditing","Guid":"54849625-5478-4994-A5BA-3E3B0328C30D"},"EventID":4661,"Version":1,"Level":0,"Task":12803,"Opcode":0,"Keywords":"0x8020000000000000","TimeCreated_attributes":{"SystemTime":"2021-11-25T14:10:41.946529Z"},"EventRecordID":229228748,"Correlation":null,"Execution_attributes":{"ProcessID":4,"ThreadID":2636},"Channel":"Security","Computer":"rootdc1.offsec.lan","Security":null},"EventData":{"SubjectUserSid":"S-1-5-21-4230534742-2542757381-3142984815-1111","SubjectUserName":"admmig","SubjectDomainName":"OFFSEC","SubjectLogonId":"0xab3c35a64","ObjectServer":"Security Account Manager","ObjectType":"SAM_ALIAS","ObjectName":"S-1-5-21-4230534742-2542757381-3142984815-1251","HandleId":"0x17fb49fe300","TransactionId":"00000000-0000-0000-0000-000000000000","AccessList":"%%1537\r\n\t\t\t\t%%1538\r\n\t\t\t\t%%1539\r\n\t\t\t\t%%1540\r\n\t\t\t\t%%5424\r\n\t\t\t\t%%5425\r\n\t\t\t\t%%5426\r\n\t\t\t\t%%5427\r\n\t\t\t\t%%5428\r\n\t\t\t\t%%5429\r\n\t\t\t\t%%5430\r\n\t\t\t\t%%5431\r\n\t\t\t\t%%5432\r\n\t\t\t\t","AccessReason":"-","AccessMask":"0xf01ff","PrivilegeList":"-","Properties":"---\r\n\t{bf967a9c-0de6-11d0-a285-00aa003049e2}\r\n%%1537\r\n%%1538\r\n%%1539\r\n%%1540\r\n%%5424\r\n%%5425\r\n%%5426\r\n%%5427\r\n%%5428\r\n%%5429\r\n%%5430\r\n%%5431\r\n%%5432\r\n\t\t\t{bf9679e8-0de6-11d0-a285-00aa003049e2}\r\n\t\t\t{3e0abfd0-126a-11d0-a060-00aa006c33ed}\r\n\t\t{bc0ac240-79a9-11d0-9020-00c04fc2d4cf}\r\n\t\t\t{bf9679c0-0de6-11d0-a285-00aa003049e2}\r\n\t\t{59ba2f42-79a2-11d0-9020-00c04fc2d3cf}\r\n","RestrictedSidCount":0,"ProcessId":"0x250","ProcessName":"C:\\Windows\\System32\\lsass.exe"}}}
{"Event_attributes":{"xmlns":"http://schemas.microsoft.com/win/2004/08/events/event"},"Event":{"System":{"Provider_attributes":{"Name":"Microsoft-Windows-Security-Auditing","Guid":"54849625-5478-4994-A5BA-3E3B0328C30D"},"EventID":4661,"Version":1,"Level":0,"Task":14080,"Opcode":0,"Keywords":"0x8020000000000000","TimeCreated_attributes":{"SystemTime":"2021-11-25T14:10:41.971677Z"},"EventRecordID":229228751,"Correlation":null,"Execution_attributes":{"ProcessID":4,"ThreadID":2636},"Channel":"Security","Computer":"rootdc1.offsec.lan","Security":null},"EventData":{"SubjectUserSid":"S-1-5-21-4230534742-2542757381-3142984815-1111","SubjectUserName":"admmig","SubjectDomainName":"OFFSEC","SubjectLogonId":"0xab3c35a64","ObjectServer":"Security Account Manager","ObjectType":"SAM_SERVER","ObjectName":"SAM","HandleId":"0x0","TransactionId":"00000000-0000-0000-0000-000000000000","AccessList":"%%5384\r\n\t\t\t\t","AccessReason":"-","AccessMask":"0x100","PrivilegeList":"-","Properties":"---\r\n\t{bf967aad-0de6-11d0-a285-00aa003049e2}\r\n%%5384\r\n\t\t{91d67418-0135-4acc-8d79-c08e857cfbec}\r\n","RestrictedSidCount":0,"ProcessId":"0x250","ProcessName":"C:\\Windows\\System32\\lsass.exe"}}}
{"Event_attributes":{"xmlns":"http://schemas.microsoft.com/win/2004/08/events/event"},"Event":{"System":{"Provider_attributes":{"Name":"Microsoft-Windows-Security-Auditing","Guid":"54849625-5478-4994-A5BA-3E3B0328C30D"},"EventID":4661,"Version":1,"Level":0,"Task":12803,"Opcode":0,"Keywords":"0x8020000000000000","TimeCreated_attributes":{"SystemTime":"2021-11-25T14:10:42.005747Z"},"EventRecordID":229228752,"Correlation":null,"Execution_attributes":{"ProcessID":4,"ThreadID":2636},"Channel":"Security","Computer":"rootdc1.offsec.lan","Security":null},"EventData":{"SubjectUserSid":"S-1-5-21-4230534742-2542757381-3142984815-1111","SubjectUserName":"admmig","SubjectDomainName":"OFFSEC","SubjectLogonId":"0xab3c35a64","ObjectServer":"Security Account Manager","ObjectType":"SAM_ALIAS","ObjectName":"S-1-5-32-548","HandleId":"0x17fb49fe300","TransactionId":"00000000-0000-0000-0000-000000000000","AccessList":"%%1537\r\n\t\t\t\t%%1538\r\n\t\t\t\t%%1539\r\n\t\t\t\t%%1540\r\n\t\t\t\t%%5424\r\n\t\t\t\t%%5425\r\n\t\t\t\t%%5426\r\n\t\t\t\t%%5427\r\n\t\t\t\t%%5428\r\n\t\t\t\t%%5429\r\n\t\t\t\t%%5431\r\n\t\t\t\t%%5432\r\n\t\t\t\t","AccessReason":"-","AccessMask":"0xf01bf","PrivilegeList":"-","Properties":"---\r\n\t{bf967a9c-0de6-11d0-a285-00aa003049e2}\r\n%%1537\r\n%%1538\r\n%%1539\r\n%%1540\r\n%%5424\r\n%%5425\r\n%%5426\r\n%%5427\r\n%%5428\r\n%%5429\r\n%%5431\r\n%%5432\r\n\t\t\t{bf9679e8-0de6-11d0-a285-00aa003049e2}\r\n\t\t\t{3e0abfd0-126a-11d0-a060-00aa006c33ed}\r\n\t\t{bc0ac240-79a9-11d0-9020-00c04fc2d4cf}\r\n\t\t\t{bf9679c0-0de6-11d0-a285-00aa003049e2}\r\n\t\t{59ba2f42-79a2-11d0-9020-00c04fc2d3cf}\r\n","RestrictedSidCount":0,"ProcessId":"0x250","ProcessName":"C:\\Windows\\System32\\lsass.exe"}}}
{"Event_attributes":{"xmlns":"http://schemas.microsoft.com/win/2004/08/events/event"},"Event":{"System":{"Provider_attributes":{"Name":"Microsoft-Windows-Security-Auditing","Guid":"54849625-5478-4994-A5BA-3E3B0328C30D"},"EventID":4661,"Version":1,"Level":0,"Task":12803,"Opcode":0,"Keywords":"0x8020000000000000","TimeCreated_attributes":{"SystemTime":"2021-11-25T14:10:42.031853Z"},"EventRecordID":229228755,"Correlation":null,"Execution_attributes":{"ProcessID":4,"ThreadID":2636},"Channel":"Security","Computer":"rootdc1.offsec.lan","Security":null},"EventData":{"SubjectUserSid":"S-1-5-21-4230534742-2542757381-3142984815-1111","SubjectUserName":"admmig","SubjectDomainName":"OFFSEC","SubjectLogonId":"0xab3c35a64","ObjectServer":"Security Account Manager","ObjectType":"SAM_ALIAS","ObjectName":"S-1-5-32-554","HandleId":"0x17fb638d5a0","TransactionId":"00000000-0000-0000-0000-000000000000","AccessList":"%%1537\r\n\t\t\t\t%%1538\r\n\t\t\t\t%%1539\r\n\t\t\t\t%%1540\r\n\t\t\t\t%%5424\r\n\t\t\t\t%%5425\r\n\t\t\t\t%%5426\r\n\t\t\t\t%%5427\r\n\t\t\t\t%%5428\r\n\t\t\t\t%%5429\r\n\t\t\t\t%%5430\r\n\t\t\t\t%%5431\r\n\t\t\t\t%%5432\r\n\t\t\t\t","AccessReason":"-","AccessMask":"0xf01ff","PrivilegeList":"-","Properties":"---\r\n\t{bf967a9c-0de6-11d0-a285-00aa003049e2}\r\n%%1537\r\n%%1538\r\n%%1539\r\n%%1540\r\n%%5424\r\n%%5425\r\n%%5426\r\n%%5427\r\n%%5428\r\n%%5429\r\n%%5430\r\n%%5431\r\n%%5432\r\n\t\t\t{bf9679e8-0de6-11d0-a285-00aa003049e2}\r\n\t\t\t{3e0abfd0-126a-11d0-a060-00aa006c33ed}\r\n\t\t{bc0ac240-79a9-11d0-9020-00c04fc2d4cf}\r\n\t\t\t{bf9679c0-0de6-11d0-a285-00aa003049e2}\r\n\t\t{59ba2f42-79a2-11d0-9020-00c04fc2d3cf}\r\n","RestrictedSidCount":0,"ProcessId":"0x250","ProcessName":"C:\\Windows\\System32\\lsass.exe"}}}
{"Event_attributes":{"xmlns":"http://schemas.microsoft.com/win/2004/08/events/event"},"Event":{"System":{"Provider_attributes":{"Name":"Microsoft-Windows-Security-Auditing","Guid":"54849625-5478-4994-A5BA-3E3B0328C30D"},"EventID":4661,"Version":1,"Level":0,"Task":12803,"Opcode":0,"Keywords":"0x8020000000000000","TimeCreated_attributes":{"SystemTime":"2021-11-25T14:10:42.057202Z"},"EventRecordID":229228758,"Correlation":null,"Execution_attributes":{"ProcessID":4,"ThreadID":2636},"Channel":"Security","Computer":"rootdc1.offsec.lan","Security":null},"EventData":{"SubjectUserSid":"S-1-5-21-4230534742-2542757381-3142984815-1111","SubjectUserName":"admmig","SubjectDomainName":"OFFSEC","SubjectLogonId":"0xab3c35a64","ObjectServer":"Security Account Manager","ObjectType":"SAM_ALIAS","ObjectName":"S-1-5-32-557","HandleId":"0x17fb638d5a0","TransactionId":"00000000-0000-0000-0000-000000000000","AccessList":"%%1537\r\n\t\t\t\t%%1538\r\n\t\t\t\t%%1539\r\n\t\t\t\t%%1540\r\n\t\t\t\t%%5424\r\n\t\t\t\t%%5425\r\n\t\t\t\t%%5426\r\n\t\t\t\t%%5427\r\n\t\t\t\t%%5428\r\n\t\t\t\t%%5429\r\n\t\t\t\t%%5430\r\n\t\t\t\t%%5431\r\n\t\t\t\t%%5432\r\n\t\t\t\t","AccessReason":"-","AccessMask":"0xf01ff","PrivilegeList":"-","Properties":"---\r\n\t{bf967a9c-0de6-11d0-a285-00aa003049e2}\r\n%%1537\r\n%%1538\r\n%%1539\r\n%%1540\r\n%%5424\r\n%%5425\r\n%%5426\r\n%%5427\r\n%%5428\r\n%%5429\r\n%%5430\r\n%%5431\r\n%%5432\r\n\t\t\t{bf9679e8-0de6-11d0-a285-00aa003049e2}\r\n\t\t\t{3e0abfd0-126a-11d0-a060-00aa006c33ed}\r\n\t\t{bc0ac240-79a9-11d0-9020-00c04fc2d4cf}\r\n\t\t\t{bf9679c0-0de6-11d0-a285-00aa003049e2}\r\n\t\t{59ba2f42-79a2-11d0-9020-00c04fc2d3cf}\r\n","RestrictedSidCount":0,"ProcessId":"0x250","ProcessName":"C:\\Windows\\System32\\lsass.exe"}}}
{"Event_attributes":{"xmlns":"http://schemas.microsoft.com/win/2004/08/events/event"},"Event":{"System":{"Provider_attributes":{"Name":"Microsoft-Windows-Security-Auditing","Guid":"54849625-5478-4994-A5BA-3E3B0328C30D"},"EventID":4661,"Version":1,"Level":0,"Task":12803,"Opcode":0,"Keywords":"0x8020000000000000","TimeCreated_attributes":{"SystemTime":"2021-11-25T14:10:42.083568Z"},"EventRecordID":229228761,"Correlation":null,"Execution_attributes":{"ProcessID":4,"ThreadID":2872},"Channel":"Security","Computer":"rootdc1.offsec.lan","Security":null},"EventData":{"SubjectUserSid":"S-1-5-21-4230534742-2542757381-3142984815-1111","SubjectUserName":"admmig","SubjectDomainName":"OFFSEC","SubjectLogonId":"0xab3c35a64","ObjectServer":"Security Account Manager","ObjectType":"SAM_ALIAS","ObjectName":"S-1-5-32-560","HandleId":"0x17fb638d0d0","TransactionId":"00000000-0000-0000-0000-000000000000","AccessList":"%%1537\r\n\t\t\t\t%%1538\r\n\t\t\t\t%%1539\r\n\t\t\t\t%%1540\r\n\t\t\t\t%%5424\r\n\t\t\t\t%%5425\r\n\t\t\t\t%%5426\r\n\t\t\t\t%%5427\r\n\t\t\t\t%%5428\r\n\t\t\t\t%%5429\r\n\t\t\t\t%%5430\r\n\t\t\t\t%%5431\r\n\t\t\t\t%%5432\r\n\t\t\t\t","AccessReason":"-","AccessMask":"0xf01ff","PrivilegeList":"-","Properties":"---\r\n\t{bf967a9c-0de6-11d0-a285-00aa003049e2}\r\n%%1537\r\n%%1538\r\n%%1539\r\n%%1540\r\n%%5424\r\n%%5425\r\n%%5426\r\n%%5427\r\n%%5428\r\n%%5429\r\n%%5430\r\n%%5431\r\n%%5432\r\n\t\t\t{bf9679e8-0de6-11d0-a285-00aa003049e2}\r\n\t\t\t{3e0abfd0-126a-11d0-a060-00aa006c33ed}\r\n\t\t{bc0ac240-79a9-11d0-9020-00c04fc2d4cf}\r\n\t\t\t{bf9679c0-0de6-11d0-a285-00aa003049e2}\r\n\t\t{59ba2f42-79a2-11d0-9020-00c04fc2d3cf}\r\n","RestrictedSidCount":0,"ProcessId":"0x250","ProcessName":"C:\\Windows\\System32\\lsass.exe"}}}
{"Event_attributes":{"xmlns":"http://schemas.microsoft.com/win/2004/08/events/event"},"Event":{"System":{"Provider_attributes":{"Name":"Microsoft-Windows-Security-Auditing","Guid":"54849625-5478-4994-A5BA-3E3B0328C30D"},"EventID":4661,"Version":1,"Level":0,"Task":12803,"Opcode":0,"Keywords":"0x8020000000000000","TimeCreated_attributes":{"SystemTime":"2021-11-25T14:10:42.111008Z"},"EventRecordID":229228764,"Correlation":null,"Execution_attributes":{"ProcessID":4,"ThreadID":2872},"Channel":"Security","Computer":"rootdc1.offsec.lan","Security":null},"EventData":{"SubjectUserSid":"S-1-5-21-4230534742-2542757381-3142984815-1111","SubjectUserName":"admmig","SubjectDomainName":"OFFSEC","SubjectLogonId":"0xab3c35a64","ObjectServer":"Security Account Manager","ObjectType":"SAM_ALIAS","ObjectName":"S-1-5-32-561","HandleId":"0x17fb638da70","TransactionId":"00000000-0000-0000-0000-000000000000","AccessList":"%%1537\r\n\t\t\t\t%%1538\r\n\t\t\t\t%%1539\r\n\t\t\t\t%%1540\r\n\t\t\t\t%%5424\r\n\t\t\t\t%%5425\r\n\t\t\t\t%%5426\r\n\t\t\t\t%%5427\r\n\t\t\t\t%%5428\r\n\t\t\t\t%%5429\r\n\t\t\t\t%%5430\r\n\t\t\t\t%%5431\r\n\t\t\t\t%%5432\r\n\t\t\t\t","AccessReason":"-","AccessMask":"0xf01ff","PrivilegeList":"-","Properties":"---\r\n\t{bf967a9c-0de6-11d0-a285-00aa003049e2}\r\n%%1537\r\n%%1538\r\n%%1539\r\n%%1540\r\n%%5424\r\n%%5425\r\n%%5426\r\n%%5427\r\n%%5428\r\n%%5429\r\n%%5430\r\n%%5431\r\n%%5432\r\n\t\t\t{bf9679e8-0de6-11d0-a285-00aa003049e2}\r\n\t\t\t{3e0abfd0-126a-11d0-a060-00aa006c33ed}\r\n\t\t{bc0ac240-79a9-11d0-9020-00c04fc2d4cf}\r\n\t\t\t{bf9679c0-0de6-11d0-a285-00aa003049e2}\r\n\t\t{59ba2f42-79a2-11d0-9020-00c04fc2d3cf}\r\n","RestrictedSidCount":0,"ProcessId":"0x250","ProcessName":"C:\\Windows\\System32\\lsass.exe"}}}
{"Event_attributes":{"xmlns":"http://schemas.microsoft.com/win/2004/08/events/event"},"Event":{"System":{"Provider_attributes":{"Name":"Microsoft-Windows-Security-Auditing","Guid":"54849625-5478-4994-A5BA-3E3B0328C30D"},"EventID":4661,"Version":1,"Level":0,"Task":12803,"Opcode":0,"Keywords":"0x8020000000000000","TimeCreated_attributes":{"SystemTime":"2021-11-25T14:10:42.137325Z"},"EventRecordID":229228767,"Correlation":null,"Execution_attributes":{"ProcessID":4,"ThreadID":2872},"Channel":"Security","Computer":"rootdc1.offsec.lan","Security":null},"EventData":{"SubjectUserSid":"S-1-5-21-4230534742-2542757381-3142984815-1111","SubjectUserName":"admmig","SubjectDomainName":"OFFSEC","SubjectLogonId":"0xab3c35a64","ObjectServer":"Security Account Manager","ObjectType":"SAM_ALIAS","ObjectName":"S-1-5-32-544","HandleId":"0x17fb638c260","TransactionId":"00000000-0000-0000-0000-000000000000","AccessList":"%%1537\r\n\t\t\t\t%%1538\r\n\t\t\t\t%%1539\r\n\t\t\t\t%%1540\r\n\t\t\t\t%%5424\r\n\t\t\t\t%%5425\r\n\t\t\t\t%%5426\r\n\t\t\t\t%%5427\r\n\t\t\t\t%%5428\r\n\t\t\t\t%%5429\r\n\t\t\t\t%%5431\r\n\t\t\t\t%%5432\r\n\t\t\t\t","AccessReason":"-","AccessMask":"0xf01bf","PrivilegeList":"-","Properties":"---\r\n\t{bf967a9c-0de6-11d0-a285-00aa003049e2}\r\n%%1537\r\n%%1538\r\n%%1539\r\n%%1540\r\n%%5424\r\n%%5425\r\n%%5426\r\n%%5427\r\n%%5428\r\n%%5429\r\n%%5431\r\n%%5432\r\n\t\t\t{bf9679e8-0de6-11d0-a285-00aa003049e2}\r\n\t\t\t{3e0abfd0-126a-11d0-a060-00aa006c33ed}\r\n\t\t{bc0ac240-79a9-11d0-9020-00c04fc2d4cf}\r\n\t\t\t{bf9679c0-0de6-11d0-a285-00aa003049e2}\r\n\t\t{59ba2f42-79a2-11d0-9020-00c04fc2d3cf}\r\n","RestrictedSidCount":0,"ProcessId":"0x250","ProcessName":"C:\\Windows\\System32\\lsass.exe"}}}
{"Event_attributes":{"xmlns":"http://schemas.microsoft.com/win/2004/08/events/event"},"Event":{"System":{"Provider_attributes":{"Name":"Microsoft-Windows-Security-Auditing","Guid":"54849625-5478-4994-A5BA-3E3B0328C30D"},"EventID":4661,"Version":1,"Level":0,"Task":12803,"Opcode":0,"Keywords":"0x8020000000000000","TimeCreated_attributes":{"SystemTime":"2021-11-25T14:10:42.166942Z"},"EventRecordID":229228770,"Correlation":null,"Execution_attributes":{"ProcessID":4,"ThreadID":2872},"Channel":"Security","Computer":"rootdc1.offsec.lan","Security":null},"EventData":{"SubjectUserSid":"S-1-5-21-4230534742-2542757381-3142984815-1111","SubjectUserName":"admmig","SubjectDomainName":"OFFSEC","SubjectLogonId":"0xab3c35a64","ObjectServer":"Security Account Manager","ObjectType":"SAM_ALIAS","ObjectName":"S-1-5-32-545","HandleId":"0x17fb638da70","TransactionId":"00000000-0000-0000-0000-000000000000","AccessList":"%%1537\r\n\t\t\t\t%%1538\r\n\t\t\t\t%%1539\r\n\t\t\t\t%%1540\r\n\t\t\t\t%%5424\r\n\t\t\t\t%%5425\r\n\t\t\t\t%%5426\r\n\t\t\t\t%%5427\r\n\t\t\t\t%%5428\r\n\t\t\t\t%%5429\r\n\t\t\t\t%%5430\r\n\t\t\t\t%%5431\r\n\t\t\t\t%%5432\r\n\t\t\t\t","AccessReason":"-","AccessMask":"0xf01ff","PrivilegeList":"-","Properties":"---\r\n\t{bf967a9c-0de6-11d0-a285-00aa003049e2}\r\n%%1537\r\n%%1538\r\n%%1539\r\n%%1540\r\n%%5424\r\n%%5425\r\n%%5426\r\n%%5427\r\n%%5428\r\n%%5429\r\n%%5430\r\n%%5431\r\n%%5432\r\n\t\t\t{bf9679e8-0de6-11d0-a285-00aa003049e2}\r\n\t\t\t{3e0abfd0-126a-11d0-a060-00aa006c33ed}\r\n\t\t{bc0ac240-79a9-11d0-9020-00c04fc2d4cf}\r\n\t\t\t{bf9679c0-0de6-11d0-a285-00aa003049e2}\r\n\t\t{59ba2f42-79a2-11d0-9020-00c04fc2d3cf}\r\n","RestrictedSidCount":0,"ProcessId":"0x250","ProcessName":"C:\\Windows\\System32\\lsass.exe"}}}
{"Event_attributes":{"xmlns":"http://schemas.microsoft.com/win/2004/08/events/event"},"Event":{"System":{"Provider_attributes":{"Name":"Microsoft-Windows-Security-Auditing","Guid":"54849625-5478-4994-A5BA-3E3B0328C30D"},"EventID":4661,"Version":1,"Level":0,"Task":12803,"Opcode":0,"Keywords":"0x8020000000000000","TimeCreated_attributes":{"SystemTime":"2021-11-25T14:10:42.193730Z"},"EventRecordID":229228773,"Correlation":null,"Execution_attributes":{"ProcessID":4,"ThreadID":2872},"Channel":"Security","Computer":"rootdc1.offsec.lan","Security":null},"EventData":{"SubjectUserSid":"S-1-5-21-4230534742-2542757381-3142984815-1111","SubjectUserName":"admmig","SubjectDomainName":"OFFSEC","SubjectLogonId":"0xab3c35a64","ObjectServer":"Security Account Manager","ObjectType":"SAM_ALIAS","ObjectName":"S-1-5-32-546","HandleId":"0x17fb638d0d0","TransactionId":"00000000-0000-0000-0000-000000000000","AccessList":"%%1537\r\n\t\t\t\t%%1538\r\n\t\t\t\t%%1539\r\n\t\t\t\t%%1540\r\n\t\t\t\t%%5424\r\n\t\t\t\t%%5425\r\n\t\t\t\t%%5426\r\n\t\t\t\t%%5427\r\n\t\t\t\t%%5428\r\n\t\t\t\t%%5429\r\n\t\t\t\t%%5430\r\n\t\t\t\t%%5431\r\n\t\t\t\t%%5432\r\n\t\t\t\t","AccessReason":"-","AccessMask":"0xf01ff","PrivilegeList":"-","Properties":"---\r\n\t{bf967a9c-0de6-11d0-a285-00aa003049e2}\r\n%%1537\r\n%%1538\r\n%%1539\r\n%%1540\r\n%%5424\r\n%%5425\r\n%%5426\r\n%%5427\r\n%%5428\r\n%%5429\r\n%%5430\r\n%%5431\r\n%%5432\r\n\t\t\t{bf9679e8-0de6-11d0-a285-00aa003049e2}\r\n\t\t\t{3e0abfd0-126a-11d0-a060-00aa006c33ed}\r\n\t\t{bc0ac240-79a9-11d0-9020-00c04fc2d4cf}\r\n\t\t\t{bf9679c0-0de6-11d0-a285-00aa003049e2}\r\n\t\t{59ba2f42-79a2-11d0-9020-00c04fc2d3cf}\r\n","RestrictedSidCount":0,"ProcessId":"0x250","ProcessName":"C:\\Windows\\System32\\lsass.exe"}}}
{"Event_attributes":{"xmlns":"http://schemas.microsoft.com/win/2004/08/events/event"},"Event":{"System":{"Provider_attributes":{"Name":"Microsoft-Windows-Security-Auditing","Guid":"54849625-5478-4994-A5BA-3E3B0328C30D"},"EventID":4661,"Version":1,"Level":0,"Task":12803,"Opcode":0,"Keywords":"0x8020000000000000","TimeCreated_attributes":{"SystemTime":"2021-11-25T14:10:42.220055Z"},"EventRecordID":229228776,"Correlation":null,"Execution_attributes":{"ProcessID":4,"ThreadID":2872},"Channel":"Security","Computer":"rootdc1.offsec.lan","Security":null},"EventData":{"SubjectUserSid":"S-1-5-21-4230534742-2542757381-3142984815-1111","SubjectUserName":"admmig","SubjectDomainName":"OFFSEC","SubjectLogonId":"0xab3c35a64","ObjectServer":"Security Account Manager","ObjectType":"SAM_ALIAS","ObjectName":"S-1-5-32-550","HandleId":"0x17fb638d0d0","TransactionId":"00000000-0000-0000-0000-000000000000","AccessList":"%%1537\r\n\t\t\t\t%%1538\r\n\t\t\t\t%%1539\r\n\t\t\t\t%%1540\r\n\t\t\t\t%%5424\r\n\t\t\t\t%%5425\r\n\t\t\t\t%%5426\r\n\t\t\t\t%%5427\r\n\t\t\t\t%%5428\r\n\t\t\t\t%%5429\r\n\t\t\t\t%%5431\r\n\t\t\t\t%%5432\r\n\t\t\t\t","AccessReason":"-","AccessMask":"0xf01bf","PrivilegeList":"-","Properties":"---\r\n\t{bf967a9c-0de6-11d0-a285-00aa003049e2}\r\n%%1537\r\n%%1538\r\n%%1539\r\n%%1540\r\n%%5424\r\n%%5425\r\n%%5426\r\n%%5427\r\n%%5428\r\n%%5429\r\n%%5431\r\n%%5432\r\n\t\t\t{bf9679e8-0de6-11d0-a285-00aa003049e2}\r\n\t\t\t{3e0abfd0-126a-11d0-a060-00aa006c33ed}\r\n\t\t{bc0ac240-79a9-11d0-9020-00c04fc2d4cf}\r\n\t\t\t{bf9679c0-0de6-11d0-a285-00aa003049e2}\r\n\t\t{59ba2f42-79a2-11d0-9020-00c04fc2d3cf}\r\n","RestrictedSidCount":0,"ProcessId":"0x250","ProcessName":"C:\\Windows\\System32\\lsass.exe"}}}
{"Event_attributes":{"xmlns":"http://schemas.microsoft.com/win/2004/08/events/event"},"Event":{"System":{"Provider_attributes":{"Name":"Microsoft-Windows-Security-Auditing","Guid":"54849625-5478-4994-A5BA-3E3B0328C30D"},"EventID":4661,"Version":1,"Level":0,"Task":12803,"Opcode":0,"Keywords":"0x8020000000000000","TimeCreated_attributes":{"SystemTime":"2021-11-25T14:10:42.245650Z"},"EventRecordID":229228781,"Correlation":null,"Execution_attributes":{"ProcessID":4,"ThreadID":2872},"Channel":"Security","Computer":"rootdc1.offsec.lan","Security":null},"EventData":{"SubjectUserSid":"S-1-5-21-4230534742-2542757381-3142984815-1111","SubjectUserName":"admmig","SubjectDomainName":"OFFSEC","SubjectLogonId":"0xab3c35a64","ObjectServer":"Security Account Manager","ObjectType":"SAM_ALIAS","ObjectName":"S-1-5-32-551","HandleId":"0x17fb638da70","TransactionId":"00000000-0000-0000-0000-000000000000","AccessList":"%%1537\r\n\t\t\t\t%%1538\r\n\t\t\t\t%%1539\r\n\t\t\t\t%%1540\r\n\t\t\t\t%%5424\r\n\t\t\t\t%%5425\r\n\t\t\t\t%%5426\r\n\t\t\t\t%%5427\r\n\t\t\t\t%%5428\r\n\t\t\t\t%%5429\r\n\t\t\t\t%%5431\r\n\t\t\t\t%%5432\r\n\t\t\t\t","AccessReason":"-","AccessMask":"0xf01bf","PrivilegeList":"-","Properties":"---\r\n\t{bf967a9c-0de6-11d0-a285-00aa003049e2}\r\n%%1537\r\n%%1538\r\n%%1539\r\n%%1540\r\n%%5424\r\n%%5425\r\n%%5426\r\n%%5427\r\n%%5428\r\n%%5429\r\n%%5431\r\n%%5432\r\n\t\t\t{bf9679e8-0de6-11d0-a285-00aa003049e2}\r\n\t\t\t{3e0abfd0-126a-11d0-a060-00aa006c33ed}\r\n\t\t{bc0ac240-79a9-11d0-9020-00c04fc2d4cf}\r\n\t\t\t{bf9679c0-0de6-11d0-a285-00aa003049e2}\r\n\t\t{59ba2f42-79a2-11d0-9020-00c04fc2d3cf}\r\n","RestrictedSidCount":0,"ProcessId":"0x250","ProcessName":"C:\\Windows\\System32\\lsass.exe"}}}
{"Event_attributes":{"xmlns":"http://schemas.microsoft.com/win/2004/08/events/event"},"Event":{"System":{"Provider_attributes":{"Name":"Microsoft-Windows-Security-Auditing","Guid":"54849625-5478-4994-A5BA-3E3B0328C30D"},"EventID":4661,"Version":1,"Level":0,"Task":12803,"Opcode":0,"Keywords":"0x8020000000000000","TimeCreated_attributes":{"SystemTime":"2021-11-25T14:10:42.271841Z"},"EventRecordID":229228784,"Correlation":null,"Execution_attributes":{"ProcessID":4,"ThreadID":2872},"Channel":"Security","Computer":"rootdc1.offsec.lan","Security":null},"EventData":{"SubjectUserSid":"S-1-5-21-4230534742-2542757381-3142984815-1111","SubjectUserName":"admmig","SubjectDomainName":"OFFSEC","SubjectLogonId":"0xab3c35a64","ObjectServer":"Security Account Manager","ObjectType":"SAM_ALIAS","ObjectName":"S-1-5-32-552","HandleId":"0x17fb638d0d0","TransactionId":"00000000-0000-0000-0000-000000000000","AccessList":"%%1537\r\n\t\t\t\t%%1538\r\n\t\t\t\t%%1539\r\n\t\t\t\t%%1540\r\n\t\t\t\t%%5424\r\n\t\t\t\t%%5425\r\n\t\t\t\t%%5426\r\n\t\t\t\t%%5427\r\n\t\t\t\t%%5428\r\n\t\t\t\t%%5429\r\n\t\t\t\t%%5431\r\n\t\t\t\t%%5432\r\n\t\t\t\t","AccessReason":"-","AccessMask":"0xf01bf","PrivilegeList":"-","Properties":"---\r\n\t{bf967a9c-0de6-11d0-a285-00aa003049e2}\r\n%%1537\r\n%%1538\r\n%%1539\r\n%%1540\r\n%%5424\r\n%%5425\r\n%%5426\r\n%%5427\r\n%%5428\r\n%%5429\r\n%%5431\r\n%%5432\r\n\t\t\t{bf9679e8-0de6-11d0-a285-00aa003049e2}\r\n\t\t\t{3e0abfd0-126a-11d0-a060-00aa006c33ed}\r\n\t\t{bc0ac240-79a9-11d0-9020-00c04fc2d4cf}\r\n\t\t\t{bf9679c0-0de6-11d0-a285-00aa003049e2}\r\n\t\t{59ba2f42-79a2-11d0-9020-00c04fc2d3cf}\r\n","RestrictedSidCount":0,"ProcessId":"0x250","ProcessName":"C:\\Windows\\System32\\lsass.exe"}}}
{"Event_attributes":{"xmlns":"http://schemas.microsoft.com/win/2004/08/events/event"},"Event":{"System":{"Provider_attributes":{"Name":"Microsoft-Windows-Security-Auditing","Guid":"54849625-5478-4994-A5BA-3E3B0328C30D"},"EventID":4661,"Version":1,"Level":0,"Task":12803,"Opcode":0,"Keywords":"0x8020000000000000","TimeCreated_attributes":{"SystemTime":"2021-11-25T14:10:42.298017Z"},"EventRecordID":229228787,"Correlation":null,"Execution_attributes":{"ProcessID":4,"ThreadID":2872},"Channel":"Security","Computer":"rootdc1.offsec.lan","Security":null},"EventData":{"SubjectUserSid":"S-1-5-21-4230534742-2542757381-3142984815-1111","SubjectUserName":"admmig","SubjectDomainName":"OFFSEC","SubjectLogonId":"0xab3c35a64","ObjectServer":"Security Account Manager","ObjectType":"SAM_ALIAS","ObjectName":"S-1-5-32-555","HandleId":"0x17fb638c260","TransactionId":"00000000-0000-0000-0000-000000000000","AccessList":"%%1537\r\n\t\t\t\t%%1538\r\n\t\t\t\t%%1539\r\n\t\t\t\t%%1540\r\n\t\t\t\t%%5424\r\n\t\t\t\t%%5425\r\n\t\t\t\t%%5426\r\n\t\t\t\t%%5427\r\n\t\t\t\t%%5428\r\n\t\t\t\t%%5429\r\n\t\t\t\t%%5430\r\n\t\t\t\t%%5431\r\n\t\t\t\t%%5432\r\n\t\t\t\t","AccessReason":"-","AccessMask":"0xf01ff","PrivilegeList":"-","Properties":"---\r\n\t{bf967a9c-0de6-11d0-a285-00aa003049e2}\r\n%%1537\r\n%%1538\r\n%%1539\r\n%%1540\r\n%%5424\r\n%%5425\r\n%%5426\r\n%%5427\r\n%%5428\r\n%%5429\r\n%%5430\r\n%%5431\r\n%%5432\r\n\t\t\t{bf9679e8-0de6-11d0-a285-00aa003049e2}\r\n\t\t\t{3e0abfd0-126a-11d0-a060-00aa006c33ed}\r\n\t\t{bc0ac240-79a9-11d0-9020-00c04fc2d4cf}\r\n\t\t\t{bf9679c0-0de6-11d0-a285-00aa003049e2}\r\n\t\t{59ba2f42-79a2-11d0-9020-00c04fc2d3cf}\r\n","RestrictedSidCount":0,"ProcessId":"0x250","ProcessName":"C:\\Windows\\System32\\lsass.exe"}}}
{"Event_attributes":{"xmlns":"http://schemas.microsoft.com/win/2004/08/events/event"},"Event":{"System":{"Provider_attributes":{"Name":"Microsoft-Windows-Security-Auditing","Guid":"54849625-5478-4994-A5BA-3E3B0328C30D"},"EventID":4661,"Version":1,"Level":0,"Task":12803,"Opcode":0,"Keywords":"0x8020000000000000","TimeCreated_attributes":{"SystemTime":"2021-11-25T14:10:42.323043Z"},"EventRecordID":229228790,"Correlation":null,"Execution_attributes":{"ProcessID":4,"ThreadID":2872},"Channel":"Security","Computer":"rootdc1.offsec.lan","Security":null},"EventData":{"SubjectUserSid":"S-1-5-21-4230534742-2542757381-3142984815-1111","SubjectUserName":"admmig","SubjectDomainName":"OFFSEC","SubjectLogonId":"0xab3c35a64","ObjectServer":"Security Account Manager","ObjectType":"SAM_ALIAS","ObjectName":"S-1-5-32-556","HandleId":"0x17fb638c260","TransactionId":"00000000-0000-0000-0000-000000000000","AccessList":"%%1537\r\n\t\t\t\t%%1538\r\n\t\t\t\t%%1539\r\n\t\t\t\t%%1540\r\n\t\t\t\t%%5424\r\n\t\t\t\t%%5425\r\n\t\t\t\t%%5426\r\n\t\t\t\t%%5427\r\n\t\t\t\t%%5428\r\n\t\t\t\t%%5429\r\n\t\t\t\t%%5430\r\n\t\t\t\t%%5431\r\n\t\t\t\t%%5432\r\n\t\t\t\t","AccessReason":"-","AccessMask":"0xf01ff","PrivilegeList":"-","Properties":"---\r\n\t{bf967a9c-0de6-11d0-a285-00aa003049e2}\r\n%%1537\r\n%%1538\r\n%%1539\r\n%%1540\r\n%%5424\r\n%%5425\r\n%%5426\r\n%%5427\r\n%%5428\r\n%%5429\r\n%%5430\r\n%%5431\r\n%%5432\r\n\t\t\t{bf9679e8-0de6-11d0-a285-00aa003049e2}\r\n\t\t\t{3e0abfd0-126a-11d0-a060-00aa006c33ed}\r\n\t\t{bc0ac240-79a9-11d0-9020-00c04fc2d4cf}\r\n\t\t\t{bf9679c0-0de6-11d0-a285-00aa003049e2}\r\n\t\t{59ba2f42-79a2-11d0-9020-00c04fc2d3cf}\r\n","RestrictedSidCount":0,"ProcessId":"0x250","ProcessName":"C:\\Windows\\System32\\lsass.exe"}}}
{"Event_attributes":{"xmlns":"http://schemas.microsoft.com/win/2004/08/events/event"},"Event":{"System":{"Provider_attributes":{"Name":"Microsoft-Windows-Security-Auditing","Guid":"54849625-5478-4994-A5BA-3E3B0328C30D"},"EventID":4661,"Version":1,"Level":0,"Task":12803,"Opcode":0,"Keywords":"0x8020000000000000","TimeCreated_attributes":{"SystemTime":"2021-11-25T14:10:42.370059Z"},"EventRecordID":229228793,"Correlation":null,"Execution_attributes":{"ProcessID":4,"ThreadID":2872},"Channel":"Security","Computer":"rootdc1.offsec.lan","Security":null},"EventData":{"SubjectUserSid":"S-1-5-21-4230534742-2542757381-3142984815-1111","SubjectUserName":"admmig","SubjectDomainName":"OFFSEC","SubjectLogonId":"0xab3c35a64","ObjectServer":"Security Account Manager","ObjectType":"SAM_ALIAS","ObjectName":"S-1-5-32-558","HandleId":"0x17fb638d0d0","TransactionId":"00000000-0000-0000-0000-000000000000","AccessList":"%%1537\r\n\t\t\t\t%%1538\r\n\t\t\t\t%%1539\r\n\t\t\t\t%%1540\r\n\t\t\t\t%%5424\r\n\t\t\t\t%%5425\r\n\t\t\t\t%%5426\r\n\t\t\t\t%%5427\r\n\t\t\t\t%%5428\r\n\t\t\t\t%%5429\r\n\t\t\t\t%%5430\r\n\t\t\t\t%%5431\r\n\t\t\t\t%%5432\r\n\t\t\t\t","AccessReason":"-","AccessMask":"0xf01ff","PrivilegeList":"-","Properties":"---\r\n\t{bf967a9c-0de6-11d0-a285-00aa003049e2}\r\n%%1537\r\n%%1538\r\n%%1539\r\n%%1540\r\n%%5424\r\n%%5425\r\n%%5426\r\n%%5427\r\n%%5428\r\n%%5429\r\n%%5430\r\n%%5431\r\n%%5432\r\n\t\t\t{bf9679e8-0de6-11d0-a285-00aa003049e2}\r\n\t\t\t{3e0abfd0-126a-11d0-a060-00aa006c33ed}\r\n\t\t{bc0ac240-79a9-11d0-9020-00c04fc2d4cf}\r\n\t\t\t{bf9679c0-0de6-11d0-a285-00aa003049e2}\r\n\t\t{59ba2f42-79a2-11d0-9020-00c04fc2d3cf}\r\n","RestrictedSidCount":0,"ProcessId":"0x250","ProcessName":"C:\\Windows\\System32\\lsass.exe"}}}
{"Event_attributes":{"xmlns":"http://schemas.microsoft.com/win/2004/08/events/event"},"Event":{"System":{"Provider_attributes":{"Name":"Microsoft-Windows-Security-Auditing","Guid":"54849625-5478-4994-A5BA-3E3B0328C30D"},"EventID":4661,"Version":1,"Level":0,"Task":12803,"Opcode":0,"Keywords":"0x8020000000000000","TimeCreated_attributes":{"SystemTime":"2021-11-25T14:10:42.406572Z"},"EventRecordID":229228796,"Correlation":null,"Execution_attributes":{"ProcessID":4,"ThreadID":2872},"Channel":"Security","Computer":"rootdc1.offsec.lan","Security":null},"EventData":{"SubjectUserSid":"S-1-5-21-4230534742-2542757381-3142984815-1111","SubjectUserName":"admmig","SubjectDomainName":"OFFSEC","SubjectLogonId":"0xab3c35a64","ObjectServer":"Security Account Manager","ObjectType":"SAM_ALIAS","ObjectName":"S-1-5-32-559","HandleId":"0x17fb638c260","TransactionId":"00000000-0000-0000-0000-000000000000","AccessList":"%%1537\r\n\t\t\t\t%%1538\r\n\t\t\t\t%%1539\r\n\t\t\t\t%%1540\r\n\t\t\t\t%%5424\r\n\t\t\t\t%%5425\r\n\t\t\t\t%%5426\r\n\t\t\t\t%%5427\r\n\t\t\t\t%%5428\r\n\t\t\t\t%%5429\r\n\t\t\t\t%%5430\r\n\t\t\t\t%%5431\r\n\t\t\t\t%%5432\r\n\t\t\t\t","AccessReason":"-","AccessMask":"0xf01ff","PrivilegeList":"-","Properties":"---\r\n\t{bf967a9c-0de6-11d0-a285-00aa003049e2}\r\n%%1537\r\n%%1538\r\n%%1539\r\n%%1540\r\n%%5424\r\n%%5425\r\n%%5426\r\n%%5427\r\n%%5428\r\n%%5429\r\n%%5430\r\n%%5431\r\n%%5432\r\n\t\t\t{bf9679e8-0de6-11d0-a285-00aa003049e2}\r\n\t\t\t{3e0abfd0-126a-11d0-a060-00aa006c33ed}\r\n\t\t{bc0ac240-79a9-11d0-9020-00c04fc2d4cf}\r\n\t\t\t{bf9679c0-0de6-11d0-a285-00aa003049e2}\r\n\t\t{59ba2f42-79a2-11d0-9020-00c04fc2d3cf}\r\n","RestrictedSidCount":0,"ProcessId":"0x250","ProcessName":"C:\\Windows\\System32\\lsass.exe"}}}
{"Event_attributes":{"xmlns":"http://schemas.microsoft.com/win/2004/08/events/event"},"Event":{"System":{"Provider_attributes":{"Name":"Microsoft-Windows-Security-Auditing","Guid":"54849625-5478-4994-A5BA-3E3B0328C30D"},"EventID":4661,"Version":1,"Level":0,"Task":12803,"Opcode":0,"Keywords":"0x8020000000000000","TimeCreated_attributes":{"SystemTime":"2021-11-25T14:10:42.437127Z"},"EventRecordID":229228799,"Correlation":null,"Execution_attributes":{"ProcessID":4,"ThreadID":2872},"Channel":"Security","Computer":"rootdc1.offsec.lan","Security":null},"EventData":{"SubjectUserSid":"S-1-5-21-4230534742-2542757381-3142984815-1111","SubjectUserName":"admmig","SubjectDomainName":"OFFSEC","SubjectLogonId":"0xab3c35a64","ObjectServer":"Security Account Manager","ObjectType":"SAM_ALIAS","ObjectName":"S-1-5-32-562","HandleId":"0x17fb638d0d0","TransactionId":"00000000-0000-0000-0000-000000000000","AccessList":"%%1537\r\n\t\t\t\t%%1538\r\n\t\t\t\t%%1539\r\n\t\t\t\t%%1540\r\n\t\t\t\t%%5424\r\n\t\t\t\t%%5425\r\n\t\t\t\t%%5426\r\n\t\t\t\t%%5427\r\n\t\t\t\t%%5428\r\n\t\t\t\t%%5429\r\n\t\t\t\t%%5430\r\n\t\t\t\t%%5431\r\n\t\t\t\t%%5432\r\n\t\t\t\t","AccessReason":"-","AccessMask":"0xf01ff","PrivilegeList":"-","Properties":"---\r\n\t{bf967a9c-0de6-11d0-a285-00aa003049e2}\r\n%%1537\r\n%%1538\r\n%%1539\r\n%%1540\r\n%%5424\r\n%%5425\r\n%%5426\r\n%%5427\r\n%%5428\r\n%%5429\r\n%%5430\r\n%%5431\r\n%%5432\r\n\t\t\t{bf9679e8-0de6-11d0-a285-00aa003049e2}\r\n\t\t\t{3e0abfd0-126a-11d0-a060-00aa006c33ed}\r\n\t\t{bc0ac240-79a9-11d0-9020-00c04fc2d4cf}\r\n\t\t\t{bf9679c0-0de6-11d0-a285-00aa003049e2}\r\n\t\t{59ba2f42-79a2-11d0-9020-00c04fc2d3cf}\r\n","RestrictedSidCount":0,"ProcessId":"0x250","ProcessName":"C:\\Windows\\System32\\lsass.exe"}}}
{"Event_attributes":{"xmlns":"http://schemas.microsoft.com/win/2004/08/events/event"},"Event":{"System":{"Provider_attributes":{"Name":"Microsoft-Windows-Security-Auditing","Guid":"54849625-5478-4994-A5BA-3E3B0328C30D"},"EventID":4661,"Version":1,"Level":0,"Task":12803,"Opcode":0,"Keywords":"0x8020000000000000","TimeCreated_attributes":{"SystemTime":"2021-11-25T14:10:42.464964Z"},"EventRecordID":229228802,"Correlation":null,"Execution_attributes":{"ProcessID":4,"ThreadID":2872},"Channel":"Security","Computer":"rootdc1.offsec.lan","Security":null},"EventData":{"SubjectUserSid":"S-1-5-21-4230534742-2542757381-3142984815-1111","SubjectUserName":"admmig","SubjectDomainName":"OFFSEC","SubjectLogonId":"0xab3c35a64","ObjectServer":"Security Account Manager","ObjectType":"SAM_ALIAS","ObjectName":"S-1-5-32-568","HandleId":"0x17fb638d0d0","TransactionId":"00000000-0000-0000-0000-000000000000","AccessList":"%%1537\r\n\t\t\t\t%%1538\r\n\t\t\t\t%%1539\r\n\t\t\t\t%%1540\r\n\t\t\t\t%%5424\r\n\t\t\t\t%%5425\r\n\t\t\t\t%%5426\r\n\t\t\t\t%%5427\r\n\t\t\t\t%%5428\r\n\t\t\t\t%%5429\r\n\t\t\t\t%%5430\r\n\t\t\t\t%%5431\r\n\t\t\t\t%%5432\r\n\t\t\t\t","AccessReason":"-","AccessMask":"0xf01ff","PrivilegeList":"-","Properties":"---\r\n\t{bf967a9c-0de6-11d0-a285-00aa003049e2}\r\n%%1537\r\n%%1538\r\n%%1539\r\n%%1540\r\n%%5424\r\n%%5425\r\n%%5426\r\n%%5427\r\n%%5428\r\n%%5429\r\n%%5430\r\n%%5431\r\n%%5432\r\n\t\t\t{bf9679e8-0de6-11d0-a285-00aa003049e2}\r\n\t\t\t{3e0abfd0-126a-11d0-a060-00aa006c33ed}\r\n\t\t{bc0ac240-79a9-11d0-9020-00c04fc2d4cf}\r\n\t\t\t{bf9679c0-0de6-11d0-a285-00aa003049e2}\r\n\t\t{59ba2f42-79a2-11d0-9020-00c04fc2d3cf}\r\n","RestrictedSidCount":0,"ProcessId":"0x250","ProcessName":"C:\\Windows\\System32\\lsass.exe"}}}
