{"Event_attributes":{"xmlns":"http://schemas.microsoft.com/win/2004/08/events/event"},"Event":{"System":{"Provider_attributes":{"Name":"Microsoft-Windows-Security-Auditing","Guid":"54849625-5478-4994-A5BA-3E3B0328C30D"},"EventID":4662,"Version":0,"Level":0,"Task":14080,"Opcode":0,"Keywords":"0x8020000000000000","TimeCreated_attributes":{"SystemTime":"2021-11-25T14:11:11.324945Z"},"EventRecordID":229230093,"Correlation_attributes":{"ActivityID":"44C9F4B0-B51C-0000-BEF4-C9441CB5D701"},"Execution_attributes":{"ProcessID":592,"ThreadID":6916},"Channel":"Security","Computer":"rootdc1.offsec.lan","Security":null},"EventData":{"SubjectUserSid":"S-1-5-21-4230534742-2542757381-3142984815-1111","SubjectUserName":"admmig","SubjectDomainName":"OFFSEC","SubjectLogonId":"0xab3c3fc80","ObjectServer":"DS","ObjectType":"%{bf967a9c-0de6-11d0-a285-00aa003049e2}","ObjectName":"%{7a2aa51b-a49d-4a86-8d4d-fe63ecbb68ee}","OperationType":"Object Access","HandleId":"0x0","AccessList":"%%7688\r\n\t\t\t\t","AccessMask":"0x100","Properties":"%%7688\r\n\t\t{771727b1-31b8-4cdf-ae62-4fe39fadf89e}\r\n\t\t\t{612cb747-c0e8-4f92-9221-fdd5f15b550d}\r\n\t{bf967a9c-0de6-11d0-a285-00aa003049e2}\r\n","AdditionalInfo":"-","AdditionalInfo2":""}}}
{"Event_attributes":{"xmlns":"http://schemas.microsoft.com/win/2004/08/events/event"},"Event":{"System":{"Provider_attributes":{"Name":"Microsoft-Windows-Security-Auditing","Guid":"54849625-5478-4994-A5BA-3E3B0328C30D"},"EventID":4662,"Version":0,"Level":0,"Task":14080,"Opcode":0,"Keywords":"0x8020000000000000","TimeCreated_attributes":{"SystemTime":"2021-11-25T14:11:11.325222Z"},"EventRecordID":229230094,"Correlation_attributes":{"ActivityID":"44C9F4B0-B51C-0000-BEF4-C9441CB5D701"},"Execution_attributes":{"ProcessID":592,"ThreadID":6916},"Channel":"Security","Computer":"rootdc1.offsec.lan","Security":null},"EventData":{"SubjectUserSid":"S-1-5-21-4230534742-2542757381-3142984815-1111","SubjectUserName":"admmig","SubjectDomainName":"OFFSEC","SubjectLogonId":"0xab3c3fc80","ObjectServer":"DS","ObjectType":"%{bf967a9c-0de6-11d0-a285-00aa003049e2}","ObjectName":"%{0df47591-d8f6-420b-91ea-9e845b5bbc95}","OperationType":"Object Access","HandleId":"0x0","AccessList":"%%7688\r\n\t\t\t\t","AccessMask":"0x100","Properties":"%%7688\r\n\t\t{771727b1-31b8-4cdf-ae62-4fe39fadf89e}\r\n\t\t\t{612cb747-c0e8-4f92-9221-fdd5f15b550d}\r\n\t{bf967a9c-0de6-11d0-a285-00aa003049e2}\r\n","AdditionalInfo":"-","AdditionalInfo2":""}}}
{"Event_attributes":{"xmlns":"http://schemas.microsoft.com/win/2004/08/events/event"},"Event":{"System":{"Provider_attributes":{"Name":"Microsoft-Windows-Security-Auditing","Guid":"54849625-5478-4994-A5BA-3E3B0328C30D"},"EventID":4662,"Version":0,"Level":0,"Task":14080,"Opcode":0,"Keywords":"0x8020000000000000","TimeCreated_attributes":{"SystemTime":"2021-11-25T14:11:11.325465Z"},"EventRecordID":229230095,"Correlation_attributes":{"ActivityID":"44C9F4B0-B51C-0000-BEF4-C9441CB5D701"},"Execution_attributes":{"ProcessID":592,"ThreadID":6916},"Channel":"Security","Computer":"rootdc1.offsec.lan","Security":null},"EventData":{"SubjectUserSid":"S-1-5-21-4230534742-2542757381-3142984815-1111","SubjectUserName":"admmig","SubjectDomainName":"OFFSEC","SubjectLogonId":"0xab3c3fc80","ObjectServer":"DS","ObjectType":"%{bf967a9c-0de6-11d0-a285-00aa003049e2}","ObjectName":"%{91dfd54c-8752-4fc4-80c0-ec3cab10a82f}","OperationType":"Object Access","HandleId":"0x0","AccessList":"%%7688\r\n\t\t\t\t","AccessMask":"0x100","Properties":"%%7688\r\n\t\t{771727b1-31b8-4cdf-ae62-4fe39fadf89e}\r\n\t\t\t{612cb747-c0e8-4f92-9221-fdd5f15b550d}\r\n\t{bf967a9c-0de6-11d0-a285-00aa003049e2}\r\n","AdditionalInfo":"-","AdditionalInfo2":""}}}
{"Event_attributes":{"xmlns":"http://schemas.microsoft.com/win/2004/08/events/event"},"Event":{"System":{"Provider_attributes":{"Name":"Microsoft-Windows-Security-Auditing","Guid":"54849625-5478-4994-A5BA-3E3B0328C30D"},"EventID":4662,"Version":0,"Level":0,"Task":14080,"Opcode":0,"Keywords":"0x8020000000000000","TimeCreated_attributes":{"SystemTime":"2021-11-25T14:11:11.325698Z"},"EventRecordID":229230096,"Correlation_attributes":{"ActivityID":"44C9F4B0-B51C-0000-BEF4-C9441CB5D701"},"Execution_attributes":{"ProcessID":592,"ThreadID":6916},"Channel":"Security","Computer":"rootdc1.offsec.lan","Security":null},"EventData":{"SubjectUserSid":"S-1-5-21-4230534742-2542757381-3142984815-1111","SubjectUserName":"admmig","SubjectDomainName":"OFFSEC","SubjectLogonId":"0xab3c3fc80","ObjectServer":"DS","ObjectType":"%{bf967a9c-0de6-11d0-a285-00aa003049e2}","ObjectName":"%{463d69de-bf6e-40b1-9d07-135b523092d5}","OperationType":"Object Access","HandleId":"0x0","AccessList":"%%7688\r\n\t\t\t\t","AccessMask":"0x100","Properties":"%%7688\r\n\t\t{771727b1-31b8-4cdf-ae62-4fe39fadf89e}\r\n\t\t\t{612cb747-c0e8-4f92-9221-fdd5f15b550d}\r\n\t{bf967a9c-0de6-11d0-a285-00aa003049e2}\r\n","AdditionalInfo":"-","AdditionalInfo2":""}}}
{"Event_attributes":{"xmlns":"http://schemas.microsoft.com/win/2004/08/events/event"},"Event":{"System":{"Provider_attributes":{"Name":"Microsoft-Windows-Security-Auditing","Guid":"54849625-5478-4994-A5BA-3E3B0328C30D"},"EventID":4662,"Version":0,"Level":0,"Task":14080,"Opcode":0,"Keywords":"0x8020000000000000","TimeCreated_attributes":{"SystemTime":"2021-11-25T14:11:11.325912Z"},"EventRecordID":229230097,"Correlation_attributes":{"ActivityID":"44C9F4B0-B51C-0000-BEF4-C9441CB5D701"},"Execution_attributes":{"ProcessID":592,"ThreadID":6916},"Channel":"Security","Computer":"rootdc1.offsec.lan","Security":null},"EventData":{"SubjectUserSid":"S-1-5-21-4230534742-2542757381-3142984815-1111","SubjectUserName":"admmig","SubjectDomainName":"OFFSEC","SubjectLogonId":"0xab3c3fc80","ObjectServer":"DS","ObjectType":"%{bf967a9c-0de6-11d0-a285-00aa003049e2}","ObjectName":"%{431b5ef4-f706-4c40-b283-34a199f2d61c}","OperationType":"Object Access","HandleId":"0x0","AccessList":"%%7688\r\n\t\t\t\t","AccessMask":"0x100","Properties":"%%7688\r\n\t\t{771727b1-31b8-4cdf-ae62-4fe39fadf89e}\r\n\t\t\t{612cb747-c0e8-4f92-9221-fdd5f15b550d}\r\n\t{bf967a9c-0de6-11d0-a285-00aa003049e2}\r\n","AdditionalInfo":"-","AdditionalInfo2":""}}}
{"Event_attributes":{"xmlns":"http://schemas.microsoft.com/win/2004/08/events/event"},"Event":{"System":{"Provider_attributes":{"Name":"Microsoft-Windows-Security-Auditing","Guid":"54849625-5478-4994-A5BA-3E3B0328C30D"},"EventID":4662,"Version":0,"Level":0,"Task":14080,"Opcode":0,"Keywords":"0x8020000000000000","TimeCreated_attributes":{"SystemTime":"2021-11-25T14:11:11.326136Z"},"EventRecordID":229230098,"Correlation_attributes":{"ActivityID":"44C9F4B0-B51C-0000-BEF4-C9441CB5D701"},"Execution_attributes":{"ProcessID":592,"ThreadID":6916},"Channel":"Security","Computer":"rootdc1.offsec.lan","Security":null},"EventData":{"SubjectUserSid":"S-1-5-21-4230534742-2542757381-3142984815-1111","SubjectUserName":"admmig","SubjectDomainName":"OFFSEC","SubjectLogonId":"0xab3c3fc80","ObjectServer":"DS","ObjectType":"%{bf967a9c-0de6-11d0-a285-00aa003049e2}","ObjectName":"%{a43f6ca2-54ee-40d7-b0ba-41fbf53731d4}","OperationType":"Object Access","HandleId":"0x0","AccessList":"%%7688\r\n\t\t\t\t","AccessMask":"0x100","Properties":"%%7688\r\n\t\t{771727b1-31b8-4cdf-ae62-4fe39fadf89e}\r\n\t\t\t{612cb747-c0e8-4f92-9221-fdd5f15b550d}\r\n\t{bf967a9c-0de6-11d0-a285-00aa003049e2}\r\n","AdditionalInfo":"-","AdditionalInfo2":""}}}
{"Event_attributes":{"xmlns":"http://schemas.microsoft.com/win/2004/08/events/event"},"Event":{"System":{"Provider_attributes":{"Name":"Microsoft-Windows-Security-Auditing","Guid":"54849625-5478-4994-A5BA-3E3B0328C30D"},"EventID":4662,"Version":0,"Level":0,"Task":14080,"Opcode":0,"Keywords":"0x8020000000000000","TimeCreated_attributes":{"SystemTime":"2021-11-25T14:11:11.326348Z"},"EventRecordID":229230099,"Correlation_attributes":{"ActivityID":"44C9F4B0-B51C-0000-BEF4-C9441CB5D701"},"Execution_attributes":{"ProcessID":592,"ThreadID":6916},"Channel":"Security","Computer":"rootdc1.offsec.lan","Security":null},"EventData":{"SubjectUserSid":"S-1-5-21-4230534742-2542757381-3142984815-1111","SubjectUserName":"admmig","SubjectDomainName":"OFFSEC","SubjectLogonId":"0xab3c3fc80","ObjectServer":"DS","ObjectType":"%{bf967a9c-0de6-11d0-a285-00aa003049e2}","ObjectName":"%{2254cdbf-4e9f-44ec-a069-da303cfc2f25}","OperationType":"Object Access","HandleId":"0x0","AccessList":"%%7688\r\n\t\t\t\t","AccessMask":"0x100","Properties":"%%7688\r\n\t\t{771727b1-31b8-4cdf-ae62-4fe39fadf89e}\r\n\t\t\t{612cb747-c0e8-4f92-9221-fdd5f15b550d}\r\n\t{bf967a9c-0de6-11d0-a285-00aa003049e2}\r\n","AdditionalInfo":"-","AdditionalInfo2":""}}}
{"Event_attributes":{"xmlns":"http://schemas.microsoft.com/win/2004/08/events/event"},"Event":{"System":{"Provider_attributes":{"Name":"Microsoft-Windows-Security-Auditing","Guid":"54849625-5478-4994-A5BA-3E3B0328C30D"},"EventID":4662,"Version":0,"Level":0,"Task":14080,"Opcode":0,"Keywords":"0x8020000000000000","TimeCreated_attributes":{"SystemTime":"2021-11-25T14:11:11.326557Z"},"EventRecordID":229230100,"Correlation_attributes":{"ActivityID":"44C9F4B0-B51C-0000-BEF4-C9441CB5D701"},"Execution_attributes":{"ProcessID":592,"ThreadID":6916},"Channel":"Security","Computer":"rootdc1.offsec.lan","Security":null},"EventData":{"SubjectUserSid":"S-1-5-21-4230534742-2542757381-3142984815-1111","SubjectUserName":"admmig","SubjectDomainName":"OFFSEC","SubjectLogonId":"0xab3c3fc80","ObjectServer":"DS","ObjectType":"%{bf967a9c-0de6-11d0-a285-00aa003049e2}","ObjectName":"%{84d68bb1-e5ee-49f5-993d-5985ad31b260}","OperationType":"Object Access","HandleId":"0x0","AccessList":"%%7688\r\n\t\t\t\t","AccessMask":"0x100","Properties":"%%7688\r\n\t\t{771727b1-31b8-4cdf-ae62-4fe39fadf89e}\r\n\t\t\t{612cb747-c0e8-4f92-9221-fdd5f15b550d}\r\n\t{bf967a9c-0de6-11d0-a285-00aa003049e2}\r\n","AdditionalInfo":"-","AdditionalInfo2":""}}}
{"Event_attributes":{"xmlns":"http://schemas.microsoft.com/win/2004/08/events/event"},"Event":{"System":{"Provider_attributes":{"Name":"Microsoft-Windows-Security-Auditing","Guid":"54849625-5478-4994-A5BA-3E3B0328C30D"},"EventID":4662,"Version":0,"Level":0,"Task":14080,"Opcode":0,"Keywords":"0x8020000000000000","TimeCreated_attributes":{"SystemTime":"2021-11-25T14:11:11.326762Z"},"EventRecordID":229230101,"Correlation_attributes":{"ActivityID":"44C9F4B0-B51C-0000-BEF4-C9441CB5D701"},"Execution_attributes":{"ProcessID":592,"ThreadID":6916},"Channel":"Security","Computer":"rootdc1.offsec.lan","Security":null},"EventData":{"SubjectUserSid":"S-1-5-21-4230534742-2542757381-3142984815-1111","SubjectUserName":"admmig","SubjectDomainName":"OFFSEC","SubjectLogonId":"0xab3c3fc80","ObjectServer":"DS","ObjectType":"%{bf967a9c-0de6-11d0-a285-00aa003049e2}","ObjectName":"%{67896a29-b083-4315-aae5-92c55937d58e}","OperationType":"Object Access","HandleId":"0x0","AccessList":"%%7688\r\n\t\t\t\t","AccessMask":"0x100","Properties":"%%7688\r\n\t\t{771727b1-31b8-4cdf-ae62-4fe39fadf89e}\r\n\t\t\t{612cb747-c0e8-4f92-9221-fdd5f15b550d}\r\n\t{bf967a9c-0de6-11d0-a285-00aa003049e2}\r\n","AdditionalInfo":"-","AdditionalInfo2":""}}}
{"Event_attributes":{"xmlns":"http://schemas.microsoft.com/win/2004/08/events/event"},"Event":{"System":{"Provider_attributes":{"Name":"Microsoft-Windows-Security-Auditing","Guid":"54849625-5478-4994-A5BA-3E3B0328C30D"},"EventID":4662,"Version":0,"Level":0,"Task":14080,"Opcode":0,"Keywords":"0x8020000000000000","TimeCreated_attributes":{"SystemTime":"2021-11-25T14:11:11.326972Z"},"EventRecordID":229230102,"Correlation_attributes":{"ActivityID":"44C9F4B0-B51C-0000-BEF4-C9441CB5D701"},"Execution_attributes":{"ProcessID":592,"ThreadID":6916},"Channel":"Security","Computer":"rootdc1.offsec.lan","Security":null},"EventData":{"SubjectUserSid":"S-1-5-21-4230534742-2542757381-3142984815-1111","SubjectUserName":"admmig","SubjectDomainName":"OFFSEC","SubjectLogonId":"0xab3c3fc80","ObjectServer":"DS","ObjectType":"%{bf967a9c-0de6-11d0-a285-00aa003049e2}","ObjectName":"%{46e9478f-af93-47d7-ab83-b091ec0ff4a0}","OperationType":"Object Access","HandleId":"0x0","AccessList":"%%7688\r\n\t\t\t\t","AccessMask":"0x100","Properties":"%%7688\r\n\t\t{771727b1-31b8-4cdf-ae62-4fe39fadf89e}\r\n\t\t\t{612cb747-c0e8-4f92-9221-fdd5f15b550d}\r\n\t{bf967a9c-0de6-11d0-a285-00aa003049e2}\r\n","AdditionalInfo":"-","AdditionalInfo2":""}}}
{"Event_attributes":{"xmlns":"http://schemas.microsoft.com/win/2004/08/events/event"},"Event":{"System":{"Provider_attributes":{"Name":"Microsoft-Windows-Security-Auditing","Guid":"54849625-5478-4994-A5BA-3E3B0328C30D"},"EventID":4662,"Version":0,"Level":0,"Task":14080,"Opcode":0,"Keywords":"0x8020000000000000","TimeCreated_attributes":{"SystemTime":"2021-11-25T14:11:11.327178Z"},"EventRecordID":229230103,"Correlation_attributes":{"ActivityID":"44C9F4B0-B51C-0000-BEF4-C9441CB5D701"},"Execution_attributes":{"ProcessID":592,"ThreadID":6916},"Channel":"Security","Computer":"rootdc1.offsec.lan","Security":null},"EventData":{"SubjectUserSid":"S-1-5-21-4230534742-2542757381-3142984815-1111","SubjectUserName":"admmig","SubjectDomainName":"OFFSEC","SubjectLogonId":"0xab3c3fc80","ObjectServer":"DS","ObjectType":"%{bf967a9c-0de6-11d0-a285-00aa003049e2}","ObjectName":"%{309e0ba2-58f0-4764-9b14-b28a2f038cd5}","OperationType":"Object Access","HandleId":"0x0","AccessList":"%%7688\r\n\t\t\t\t","AccessMask":"0x100","Properties":"%%7688\r\n\t\t{771727b1-31b8-4cdf-ae62-4fe39fadf89e}\r\n\t\t\t{612cb747-c0e8-4f92-9221-fdd5f15b550d}\r\n\t{bf967a9c-0de6-11d0-a285-00aa003049e2}\r\n","AdditionalInfo":"-","AdditionalInfo2":""}}}
{"Event_attributes":{"xmlns":"http://schemas.microsoft.com/win/2004/08/events/event"},"Event":{"System":{"Provider_attributes":{"Name":"Microsoft-Windows-Security-Auditing","Guid":"54849625-5478-4994-A5BA-3E3B0328C30D"},"EventID":4662,"Version":0,"Level":0,"Task":14080,"Opcode":0,"Keywords":"0x8020000000000000","TimeCreated_attributes":{"SystemTime":"2021-11-25T14:11:11.327384Z"},"EventRecordID":229230104,"Correlation_attributes":{"ActivityID":"44C9F4B0-B51C-0000-BEF4-C9441CB5D701"},"Execution_attributes":{"ProcessID":592,"ThreadID":6916},"Channel":"Security","Computer":"rootdc1.offsec.lan","Security":null},"EventData":{"SubjectUserSid":"S-1-5-21-4230534742-2542757381-3142984815-1111","SubjectUserName":"admmig","SubjectDomainName":"OFFSEC","SubjectLogonId":"0xab3c3fc80","ObjectServer":"DS","ObjectType":"%{bf967a9c-0de6-11d0-a285-00aa003049e2}","ObjectName":"%{5bfe6f42-4848-4219-84be-1fe43975a9c9}","OperationType":"Object Access","HandleId":"0x0","AccessList":"%%7688\r\n\t\t\t\t","AccessMask":"0x100","Properties":"%%7688\r\n\t\t{771727b1-31b8-4cdf-ae62-4fe39fadf89e}\r\n\t\t\t{612cb747-c0e8-4f92-9221-fdd5f15b550d}\r\n\t{bf967a9c-0de6-11d0-a285-00aa003049e2}\r\n","AdditionalInfo":"-","AdditionalInfo2":""}}}
{"Event_attributes":{"xmlns":"http://schemas.microsoft.com/win/2004/08/events/event"},"Event":{"System":{"Provider_attributes":{"Name":"Microsoft-Windows-Security-Auditing","Guid":"54849625-5478-4994-A5BA-3E3B0328C30D"},"EventID":4662,"Version":0,"Level":0,"Task":14080,"Opcode":0,"Keywords":"0x8020000000000000","TimeCreated_attributes":{"SystemTime":"2021-11-25T14:11:11.327613Z"},"EventRecordID":229230105,"Correlation_attributes":{"ActivityID":"44C9F4B0-B51C-0000-BEF4-C9441CB5D701"},"Execution_attributes":{"ProcessID":592,"ThreadID":6916},"Channel":"Security","Computer":"rootdc1.offsec.lan","Security":null},"EventData":{"SubjectUserSid":"S-1-5-21-4230534742-2542757381-3142984815-1111","SubjectUserName":"admmig","SubjectDomainName":"OFFSEC","SubjectLogonId":"0xab3c3fc80","ObjectServer":"DS","ObjectType":"%{bf967a9c-0de6-11d0-a285-00aa003049e2}","ObjectName":"%{d5823e76-381f-4ae1-99c5-4c5424879b30}","OperationType":"Object Access","HandleId":"0x0","AccessList":"%%7688\r\n\t\t\t\t","AccessMask":"0x100","Properties":"%%7688\r\n\t\t{771727b1-31b8-4cdf-ae62-4fe39fadf89e}\r\n\t\t\t{612cb747-c0e8-4f92-9221-fdd5f15b550d}\r\n\t{bf967a9c-0de6-11d0-a285-00aa003049e2}\r\n","AdditionalInfo":"-","AdditionalInfo2":""}}}
{"Event_attributes":{"xmlns":"http://schemas.microsoft.com/win/2004/08/events/event"},"Event":{"System":{"Provider_attributes":{"Name":"Microsoft-Windows-Security-Auditing","Guid":"54849625-5478-4994-A5BA-3E3B0328C30D"},"EventID":4662,"Version":0,"Level":0,"Task":14080,"Opcode":0,"Keywords":"0x8020000000000000","TimeCreated_attributes":{"SystemTime":"2021-11-25T14:11:11.327809Z"},"EventRecordID":229230106,"Correlation_attributes":{"ActivityID":"44C9F4B0-B51C-0000-BEF4-C9441CB5D701"},"Execution_attributes":{"ProcessID":592,"ThreadID":6916},"Channel":"Security","Computer":"rootdc1.offsec.lan","Security":null},"EventData":{"SubjectUserSid":"S-1-5-21-4230534742-2542757381-3142984815-1111","SubjectUserName":"admmig","SubjectDomainName":"OFFSEC","SubjectLogonId":"0xab3c3fc80","ObjectServer":"DS","ObjectType":"%{bf967a9c-0de6-11d0-a285-00aa003049e2}","ObjectName":"%{1afcec60-3b9e-4404-9157-5828c19bdbfe}","OperationType":"Object Access","HandleId":"0x0","AccessList":"%%7688\r\n\t\t\t\t","AccessMask":"0x100","Properties":"%%7688\r\n\t\t{771727b1-31b8-4cdf-ae62-4fe39fadf89e}\r\n\t\t\t{612cb747-c0e8-4f92-9221-fdd5f15b550d}\r\n\t{bf967a9c-0de6-11d0-a285-00aa003049e2}\r\n","AdditionalInfo":"-","AdditionalInfo2":""}}}
{"Event_attributes":{"xmlns":"http://schemas.microsoft.com/win/2004/08/events/event"},"Event":{"System":{"Provider_attributes":{"Name":"Microsoft-Windows-Security-Auditing","Guid":"54849625-5478-4994-A5BA-3E3B0328C30D"},"EventID":4662,"Version":0,"Level":0,"Task":14080,"Opcode":0,"Keywords":"0x8020000000000000","TimeCreated_attributes":{"SystemTime":"2021-11-25T14:11:11.328036Z"},"EventRecordID":229230107,"Correlation_attributes":{"ActivityID":"44C9F4B0-B51C-0000-BEF4-C9441CB5D701"},"Execution_attributes":{"ProcessID":592,"ThreadID":6916},"Channel":"Security","Computer":"rootdc1.offsec.lan","Security":null},"EventData":{"SubjectUserSid":"S-1-5-21-4230534742-2542757381-3142984815-1111","SubjectUserName":"admmig","SubjectDomainName":"OFFSEC","SubjectLogonId":"0xab3c3fc80","ObjectServer":"DS","ObjectType":"%{bf967a9c-0de6-11d0-a285-00aa003049e2}","ObjectName":"%{d1bb46df-02c3-44ea-9225-af2d9ccbfb54}","OperationType":"Object Access","HandleId":"0x0","AccessList":"%%7688\r\n\t\t\t\t","AccessMask":"0x100","Properties":"%%7688\r\n\t\t{771727b1-31b8-4cdf-ae62-4fe39fadf89e}\r\n\t\t\t{612cb747-c0e8-4f92-9221-fdd5f15b550d}\r\n\t{bf967a9c-0de6-11d0-a285-00aa003049e2}\r\n","AdditionalInfo":"-","AdditionalInfo2":""}}}
{"Event_attributes":{"xmlns":"http://schemas.microsoft.com/win/2004/08/events/event"},"Event":{"System":{"Provider_attributes":{"Name":"Microsoft-Windows-Security-Auditing","Guid":"54849625-5478-4994-A5BA-3E3B0328C30D"},"EventID":4662,"Version":0,"Level":0,"Task":14080,"Opcode":0,"Keywords":"0x8020000000000000","TimeCreated_attributes":{"SystemTime":"2021-11-25T14:11:11.328240Z"},"EventRecordID":229230108,"Correlation_attributes":{"ActivityID":"44C9F4B0-B51C-0000-BEF4-C9441CB5D701"},"Execution_attributes":{"ProcessID":592,"ThreadID":6916},"Channel":"Security","Computer":"rootdc1.offsec.lan","Security":null},"EventData":{"SubjectUserSid":"S-1-5-21-4230534742-2542757381-3142984815-1111","SubjectUserName":"admmig","SubjectDomainName":"OFFSEC","SubjectLogonId":"0xab3c3fc80","ObjectServer":"DS","ObjectType":"%{bf967a9c-0de6-11d0-a285-00aa003049e2}","ObjectName":"%{a3cb6a7e-54dc-4051-994e-efccfc7f9f5f}","OperationType":"Object Access","HandleId":"0x0","AccessList":"%%7688\r\n\t\t\t\t","AccessMask":"0x100","Properties":"%%7688\r\n\t\t{771727b1-31b8-4cdf-ae62-4fe39fadf89e}\r\n\t\t\t{612cb747-c0e8-4f92-9221-fdd5f15b550d}\r\n\t{bf967a9c-0de6-11d0-a285-00aa003049e2}\r\n","AdditionalInfo":"-","AdditionalInfo2":""}}}
{"Event_attributes":{"xmlns":"http://schemas.microsoft.com/win/2004/08/events/event"},"Event":{"System":{"Provider_attributes":{"Name":"Microsoft-Windows-Security-Auditing","Guid":"54849625-5478-4994-A5BA-3E3B0328C30D"},"EventID":4662,"Version":0,"Level":0,"Task":14080,"Opcode":0,"Keywords":"0x8020000000000000","TimeCreated_attributes":{"SystemTime":"2021-11-25T14:11:11.328495Z"},"EventRecordID":229230109,"Correlation_attributes":{"ActivityID":"44C9F4B0-B51C-0000-BEF4-C9441CB5D701"},"Execution_attributes":{"ProcessID":592,"ThreadID":6916},"Channel":"Security","Computer":"rootdc1.offsec.lan","Security":null},"EventData":{"SubjectUserSid":"S-1-5-21-4230534742-2542757381-3142984815-1111","SubjectUserName":"admmig","SubjectDomainName":"OFFSEC","SubjectLogonId":"0xab3c3fc80","ObjectServer":"DS","ObjectType":"%{bf967a9c-0de6-11d0-a285-00aa003049e2}","ObjectName":"%{51e802fe-be69-4947-bda9-28b47060f2a5}","OperationType":"Object Access","HandleId":"0x0","AccessList":"%%7688\r\n\t\t\t\t","AccessMask":"0x100","Properties":"%%7688\r\n\t\t{771727b1-31b8-4cdf-ae62-4fe39fadf89e}\r\n\t\t\t{612cb747-c0e8-4f92-9221-fdd5f15b550d}\r\n\t{bf967a9c-0de6-11d0-a285-00aa003049e2}\r\n","AdditionalInfo":"-","AdditionalInfo2":""}}}
{"Event_attributes":{"xmlns":"http://schemas.microsoft.com/win/2004/08/events/event"},"Event":{"System":{"Provider_attributes":{"Name":"Microsoft-Windows-Security-Auditing","Guid":"54849625-5478-4994-A5BA-3E3B0328C30D"},"EventID":4662,"Version":0,"Level":0,"Task":14080,"Opcode":0,"Keywords":"0x8020000000000000","TimeCreated_attributes":{"SystemTime":"2021-11-25T14:11:11.328705Z"},"EventRecordID":229230110,"Correlation_attributes":{"ActivityID":"44C9F4B0-B51C-0000-BEF4-C9441CB5D701"},"Execution_attributes":{"ProcessID":592,"ThreadID":6916},"Channel":"Security","Computer":"rootdc1.offsec.lan","Security":null},"EventData":{"SubjectUserSid":"S-1-5-21-4230534742-2542757381-3142984815-1111","SubjectUserName":"admmig","SubjectDomainName":"OFFSEC","SubjectLogonId":"0xab3c3fc80","ObjectServer":"DS","ObjectType":"%{bf967a9c-0de6-11d0-a285-00aa003049e2}","ObjectName":"%{b25f4084-c789-454b-b49a-7ea7daf3c86c}","OperationType":"Object Access","HandleId":"0x0","AccessList":"%%7688\r\n\t\t\t\t","AccessMask":"0x100","Properties":"%%7688\r\n\t\t{771727b1-31b8-4cdf-ae62-4fe39fadf89e}\r\n\t\t\t{612cb747-c0e8-4f92-9221-fdd5f15b550d}\r\n\t{bf967a9c-0de6-11d0-a285-00aa003049e2}\r\n","AdditionalInfo":"-","AdditionalInfo2":""}}}
{"Event_attributes":{"xmlns":"http://schemas.microsoft.com/win/2004/08/events/event"},"Event":{"System":{"Provider_attributes":{"Name":"Microsoft-Windows-Security-Auditing","Guid":"54849625-5478-4994-A5BA-3E3B0328C30D"},"EventID":4662,"Version":0,"Level":0,"Task":14080,"Opcode":0,"Keywords":"0x8020000000000000","TimeCreated_attributes":{"SystemTime":"2021-11-25T14:11:11.328919Z"},"EventRecordID":229230111,"Correlation_attributes":{"ActivityID":"44C9F4B0-B51C-0000-BEF4-C9441CB5D701"},"Execution_attributes":{"ProcessID":592,"ThreadID":6916},"Channel":"Security","Computer":"rootdc1.offsec.lan","Security":null},"EventData":{"SubjectUserSid":"S-1-5-21-4230534742-2542757381-3142984815-1111","SubjectUserName":"admmig","SubjectDomainName":"OFFSEC","SubjectLogonId":"0xab3c3fc80","ObjectServer":"DS","ObjectType":"%{bf967a9c-0de6-11d0-a285-00aa003049e2}","ObjectName":"%{275fc3c4-8389-404f-a88c-943788f28631}","OperationType":"Object Access","HandleId":"0x0","AccessList":"%%7688\r\n\t\t\t\t","AccessMask":"0x100","Properties":"%%7688\r\n\t\t{771727b1-31b8-4cdf-ae62-4fe39fadf89e}\r\n\t\t\t{612cb747-c0e8-4f92-9221-fdd5f15b550d}\r\n\t{bf967a9c-0de6-11d0-a285-00aa003049e2}\r\n","AdditionalInfo":"-","AdditionalInfo2":""}}}
{"Event_attributes":{"xmlns":"http://schemas.microsoft.com/win/2004/08/events/event"},"Event":{"System":{"Provider_attributes":{"Name":"Microsoft-Windows-Security-Auditing","Guid":"54849625-5478-4994-A5BA-3E3B0328C30D"},"EventID":4662,"Version":0,"Level":0,"Task":14080,"Opcode":0,"Keywords":"0x8020000000000000","TimeCreated_attributes":{"SystemTime":"2021-11-25T14:11:11.329177Z"},"EventRecordID":229230112,"Correlation_attributes":{"ActivityID":"44C9F4B0-B51C-0000-BEF4-C9441CB5D701"},"Execution_attributes":{"ProcessID":592,"ThreadID":6916},"Channel":"Security","Computer":"rootdc1.offsec.lan","Security":null},"EventData":{"SubjectUserSid":"S-1-5-21-4230534742-2542757381-3142984815-1111","SubjectUserName":"admmig","SubjectDomainName":"OFFSEC","SubjectLogonId":"0xab3c3fc80","ObjectServer":"DS","ObjectType":"%{bf967a9c-0de6-11d0-a285-00aa003049e2}","ObjectName":"%{16531cc7-cb64-456f-805e-0cc947c91d6a}","OperationType":"Object Access","HandleId":"0x0","AccessList":"%%7688\r\n\t\t\t\t","AccessMask":"0x100","Properties":"%%7688\r\n\t\t{771727b1-31b8-4cdf-ae62-4fe39fadf89e}\r\n\t\t\t{612cb747-c0e8-4f92-9221-fdd5f15b550d}\r\n\t{bf967a9c-0de6-11d0-a285-00aa003049e2}\r\n","AdditionalInfo":"-","AdditionalInfo2":""}}}
{"Event_attributes":{"xmlns":"http://schemas.microsoft.com/win/2004/08/events/event"},"Event":{"System":{"Provider_attributes":{"Name":"Microsoft-Windows-Security-Auditing","Guid":"54849625-5478-4994-A5BA-3E3B0328C30D"},"EventID":4662,"Version":0,"Level":0,"Task":14080,"Opcode":0,"Keywords":"0x8020000000000000","TimeCreated_attributes":{"SystemTime":"2021-11-25T14:11:11.329426Z"},"EventRecordID":229230113,"Correlation_attributes":{"ActivityID":"44C9F4B0-B51C-0000-BEF4-C9441CB5D701"},"Execution_attributes":{"ProcessID":592,"ThreadID":6916},"Channel":"Security","Computer":"rootdc1.offsec.lan","Security":null},"EventData":{"SubjectUserSid":"S-1-5-21-4230534742-2542757381-3142984815-1111","SubjectUserName":"admmig","SubjectDomainName":"OFFSEC","SubjectLogonId":"0xab3c3fc80","ObjectServer":"DS","ObjectType":"%{bf967a9c-0de6-11d0-a285-00aa003049e2}","ObjectName":"%{ac68038d-eb33-4a69-bf4e-8f978b701d86}","OperationType":"Object Access","HandleId":"0x0","AccessList":"%%7688\r\n\t\t\t\t","AccessMask":"0x100","Properties":"%%7688\r\n\t\t{771727b1-31b8-4cdf-ae62-4fe39fadf89e}\r\n\t\t\t{612cb747-c0e8-4f92-9221-fdd5f15b550d}\r\n\t{bf967a9c-0de6-11d0-a285-00aa003049e2}\r\n","AdditionalInfo":"-","AdditionalInfo2":""}}}
{"Event_attributes":{"xmlns":"http://schemas.microsoft.com/win/2004/08/events/event"},"Event":{"System":{"Provider_attributes":{"Name":"Microsoft-Windows-Security-Auditing","Guid":"54849625-5478-4994-A5BA-3E3B0328C30D"},"EventID":4662,"Version":0,"Level":0,"Task":14080,"Opcode":0,"Keywords":"0x8020000000000000","TimeCreated_attributes":{"SystemTime":"2021-11-25T14:11:11.329641Z"},"EventRecordID":229230114,"Correlation_attributes":{"ActivityID":"44C9F4B0-B51C-0000-BEF4-C9441CB5D701"},"Execution_attributes":{"ProcessID":592,"ThreadID":6916},"Channel":"Security","Computer":"rootdc1.offsec.lan","Security":null},"EventData":{"SubjectUserSid":"S-1-5-21-4230534742-2542757381-3142984815-1111","SubjectUserName":"admmig","SubjectDomainName":"OFFSEC","SubjectLogonId":"0xab3c3fc80","ObjectServer":"DS","ObjectType":"%{bf967a9c-0de6-11d0-a285-00aa003049e2}","ObjectName":"%{464028b9-e4a6-48a9-b778-47a18834ae2a}","OperationType":"Object Access","HandleId":"0x0","AccessList":"%%7688\r\n\t\t\t\t","AccessMask":"0x100","Properties":"%%7688\r\n\t\t{771727b1-31b8-4cdf-ae62-4fe39fadf89e}\r\n\t\t\t{612cb747-c0e8-4f92-9221-fdd5f15b550d}\r\n\t{bf967a9c-0de6-11d0-a285-00aa003049e2}\r\n","AdditionalInfo":"-","AdditionalInfo2":""}}}
{"Event_attributes":{"xmlns":"http://schemas.microsoft.com/win/2004/08/events/event"},"Event":{"System":{"Provider_attributes":{"Name":"Microsoft-Windows-Security-Auditing","Guid":"54849625-5478-4994-A5BA-3E3B0328C30D"},"EventID":4662,"Version":0,"Level":0,"Task":14080,"Opcode":0,"Keywords":"0x8020000000000000","TimeCreated_attributes":{"SystemTime":"2021-11-25T14:11:11.329944Z"},"EventRecordID":229230115,"Correlation_attributes":{"ActivityID":"44C9F4B0-B51C-0000-BEF4-C9441CB5D701"},"Execution_attributes":{"ProcessID":592,"ThreadID":6916},"Channel":"Security","Computer":"rootdc1.offsec.lan","Security":null},"EventData":{"SubjectUserSid":"S-1-5-21-4230534742-2542757381-3142984815-1111","SubjectUserName":"admmig","SubjectDomainName":"OFFSEC","SubjectLogonId":"0xab3c3fc80","ObjectServer":"DS","ObjectType":"%{bf967a9c-0de6-11d0-a285-00aa003049e2}","ObjectName":"%{49914c6a-ddd0-4f5d-98b1-50224e234356}","OperationType":"Object Access","HandleId":"0x0","AccessList":"%%7688\r\n\t\t\t\t","AccessMask":"0x100","Properties":"%%7688\r\n\t\t{771727b1-31b8-4cdf-ae62-4fe39fadf89e}\r\n\t\t\t{612cb747-c0e8-4f92-9221-fdd5f15b550d}\r\n\t{bf967a9c-0de6-11d0-a285-00aa003049e2}\r\n","AdditionalInfo":"-","AdditionalInfo2":""}}}
{"Event_attributes":{"xmlns":"http://schemas.microsoft.com/win/2004/08/events/event"},"Event":{"System":{"Provider_attributes":{"Name":"Microsoft-Windows-Security-Auditing","Guid":"54849625-5478-4994-A5BA-3E3B0328C30D"},"EventID":4662,"Version":0,"Level":0,"Task":14080,"Opcode":0,"Keywords":"0x8020000000000000","TimeCreated_attributes":{"SystemTime":"2021-11-25T14:11:11.330195Z"},"EventRecordID":229230116,"Correlation_attributes":{"ActivityID":"44C9F4B0-B51C-0000-BEF4-C9441CB5D701"},"Execution_attributes":{"ProcessID":592,"ThreadID":6916},"Channel":"Security","Computer":"rootdc1.offsec.lan","Security":null},"EventData":{"SubjectUserSid":"S-1-5-21-4230534742-2542757381-3142984815-1111","SubjectUserName":"admmig","SubjectDomainName":"OFFSEC","SubjectLogonId":"0xab3c3fc80","ObjectServer":"DS","ObjectType":"%{bf967a9c-0de6-11d0-a285-00aa003049e2}","ObjectName":"%{11f11b7a-e9d4-4ba3-a47a-0bbe8695532a}","OperationType":"Object Access","HandleId":"0x0","AccessList":"%%7688\r\n\t\t\t\t","AccessMask":"0x100","Properties":"%%7688\r\n\t\t{771727b1-31b8-4cdf-ae62-4fe39fadf89e}\r\n\t\t\t{612cb747-c0e8-4f92-9221-fdd5f15b550d}\r\n\t{bf967a9c-0de6-11d0-a285-00aa003049e2}\r\n","AdditionalInfo":"-","AdditionalInfo2":""}}}
{"Event_attributes":{"xmlns":"http://schemas.microsoft.com/win/2004/08/events/event"},"Event":{"System":{"Provider_attributes":{"Name":"Microsoft-Windows-Security-Auditing","Guid":"54849625-5478-4994-A5BA-3E3B0328C30D"},"EventID":4662,"Version":0,"Level":0,"Task":14080,"Opcode":0,"Keywords":"0x8020000000000000","TimeCreated_attributes":{"SystemTime":"2021-11-25T14:11:11.330441Z"},"EventRecordID":229230117,"Correlation_attributes":{"ActivityID":"44C9F4B0-B51C-0000-BEF4-C9441CB5D701"},"Execution_attributes":{"ProcessID":592,"ThreadID":6916},"Channel":"Security","Computer":"rootdc1.offsec.lan","Security":null},"EventData":{"SubjectUserSid":"S-1-5-21-4230534742-2542757381-3142984815-1111","SubjectUserName":"admmig","SubjectDomainName":"OFFSEC","SubjectLogonId":"0xab3c3fc80","ObjectServer":"DS","ObjectType":"%{bf967a9c-0de6-11d0-a285-00aa003049e2}","ObjectName":"%{01afc00c-ffe1-4331-8424-11aad55d84fd}","OperationType":"Object Access","HandleId":"0x0","AccessList":"%%7688\r\n\t\t\t\t","AccessMask":"0x100","Properties":"%%7688\r\n\t\t{771727b1-31b8-4cdf-ae62-4fe39fadf89e}\r\n\t\t\t{612cb747-c0e8-4f92-9221-fdd5f15b550d}\r\n\t{bf967a9c-0de6-11d0-a285-00aa003049e2}\r\n","AdditionalInfo":"-","AdditionalInfo2":""}}}
{"Event_attributes":{"xmlns":"http://schemas.microsoft.com/win/2004/08/events/event"},"Event":{"System":{"Provider_attributes":{"Name":"Microsoft-Windows-Security-Auditing","Guid":"54849625-5478-4994-A5BA-3E3B0328C30D"},"EventID":4662,"Version":0,"Level":0,"Task":14080,"Opcode":0,"Keywords":"0x8020000000000000","TimeCreated_attributes":{"SystemTime":"2021-11-25T14:11:11.330704Z"},"EventRecordID":229230118,"Correlation_attributes":{"ActivityID":"44C9F4B0-B51C-0000-BEF4-C9441CB5D701"},"Execution_attributes":{"ProcessID":592,"ThreadID":6916},"Channel":"Security","Computer":"rootdc1.offsec.lan","Security":null},"EventData":{"SubjectUserSid":"S-1-5-21-4230534742-2542757381-3142984815-1111","SubjectUserName":"admmig","SubjectDomainName":"OFFSEC","SubjectLogonId":"0xab3c3fc80","ObjectServer":"DS","ObjectType":"%{bf967a9c-0de6-11d0-a285-00aa003049e2}","ObjectName":"%{7b16c270-6522-4e92-b55f-853de376e256}","OperationType":"Object Access","HandleId":"0x0","AccessList":"%%7688\r\n\t\t\t\t","AccessMask":"0x100","Properties":"%%7688\r\n\t\t{771727b1-31b8-4cdf-ae62-4fe39fadf89e}\r\n\t\t\t{612cb747-c0e8-4f92-9221-fdd5f15b550d}\r\n\t{bf967a9c-0de6-11d0-a285-00aa003049e2}\r\n","AdditionalInfo":"-","AdditionalInfo2":""}}}
{"Event_attributes":{"xmlns":"http://schemas.microsoft.com/win/2004/08/events/event"},"Event":{"System":{"Provider_attributes":{"Name":"Microsoft-Windows-Security-Auditing","Guid":"54849625-5478-4994-A5BA-3E3B0328C30D"},"EventID":4662,"Version":0,"Level":0,"Task":14080,"Opcode":0,"Keywords":"0x8020000000000000","TimeCreated_attributes":{"SystemTime":"2021-11-25T14:11:11.330940Z"},"EventRecordID":229230119,"Correlation_attributes":{"ActivityID":"44C9F4B0-B51C-0000-BEF4-C9441CB5D701"},"Execution_attributes":{"ProcessID":592,"ThreadID":6916},"Channel":"Security","Computer":"rootdc1.offsec.lan","Security":null},"EventData":{"SubjectUserSid":"S-1-5-21-4230534742-2542757381-3142984815-1111","SubjectUserName":"admmig","SubjectDomainName":"OFFSEC","SubjectLogonId":"0xab3c3fc80","ObjectServer":"DS","ObjectType":"%{bf967a9c-0de6-11d0-a285-00aa003049e2}","ObjectName":"%{20b85fd4-dda0-46c3-b673-f1c642b59ffc}","OperationType":"Object Access","HandleId":"0x0","AccessList":"%%7688\r\n\t\t\t\t","AccessMask":"0x100","Properties":"%%7688\r\n\t\t{771727b1-31b8-4cdf-ae62-4fe39fadf89e}\r\n\t\t\t{612cb747-c0e8-4f92-9221-fdd5f15b550d}\r\n\t{bf967a9c-0de6-11d0-a285-00aa003049e2}\r\n","AdditionalInfo":"-","AdditionalInfo2":""}}}
{"Event_attributes":{"xmlns":"http://schemas.microsoft.com/win/2004/08/events/event"},"Event":{"System":{"Provider_attributes":{"Name":"Microsoft-Windows-Security-Auditing","Guid":"54849625-5478-4994-A5BA-3E3B0328C30D"},"EventID":4662,"Version":0,"Level":0,"Task":14080,"Opcode":0,"Keywords":"0x8020000000000000","TimeCreated_attributes":{"SystemTime":"2021-11-25T14:11:11.331172Z"},"EventRecordID":229230120,"Correlation_attributes":{"ActivityID":"44C9F4B0-B51C-0000-BEF4-C9441CB5D701"},"Execution_attributes":{"ProcessID":592,"ThreadID":6916},"Channel":"Security","Computer":"rootdc1.offsec.lan","Security":null},"EventData":{"SubjectUserSid":"S-1-5-21-4230534742-2542757381-3142984815-1111","SubjectUserName":"admmig","SubjectDomainName":"OFFSEC","SubjectLogonId":"0xab3c3fc80","ObjectServer":"DS","ObjectType":"%{bf967a9c-0de6-11d0-a285-00aa003049e2}","ObjectName":"%{0cc643c0-5e5c-4e45-bc45-5c8f1eaf2860}","OperationType":"Object Access","HandleId":"0x0","AccessList":"%%7688\r\n\t\t\t\t","AccessMask":"0x100","Properties":"%%7688\r\n\t\t{771727b1-31b8-4cdf-ae62-4fe39fadf89e}\r\n\t\t\t{612cb747-c0e8-4f92-9221-fdd5f15b550d}\r\n\t{bf967a9c-0de6-11d0-a285-00aa003049e2}\r\n","AdditionalInfo":"-","AdditionalInfo2":""}}}
{"Event_attributes":{"xmlns":"http://schemas.microsoft.com/win/2004/08/events/event"},"Event":{"System":{"Provider_attributes":{"Name":"Microsoft-Windows-Security-Auditing","Guid":"54849625-5478-4994-A5BA-3E3B0328C30D"},"EventID":4662,"Version":0,"Level":0,"Task":14080,"Opcode":0,"Keywords":"0x8020000000000000","TimeCreated_attributes":{"SystemTime":"2021-11-25T14:11:11.331390Z"},"EventRecordID":229230121,"Correlation_attributes":{"ActivityID":"44C9F4B0-B51C-0000-BEF4-C9441CB5D701"},"Execution_attributes":{"ProcessID":592,"ThreadID":6916},"Channel":"Security","Computer":"rootdc1.offsec.lan","Security":null},"EventData":{"SubjectUserSid":"S-1-5-21-4230534742-2542757381-3142984815-1111","SubjectUserName":"admmig","SubjectDomainName":"OFFSEC","SubjectLogonId":"0xab3c3fc80","ObjectServer":"DS","ObjectType":"%{bf967a9c-0de6-11d0-a285-00aa003049e2}","ObjectName":"%{7bc9dbce-f0db-4dc9-a3e3-abe91cf212a9}","OperationType":"Object Access","HandleId":"0x0","AccessList":"%%7688\r\n\t\t\t\t","AccessMask":"0x100","Properties":"%%7688\r\n\t\t{771727b1-31b8-4cdf-ae62-4fe39fadf89e}\r\n\t\t\t{612cb747-c0e8-4f92-9221-fdd5f15b550d}\r\n\t{bf967a9c-0de6-11d0-a285-00aa003049e2}\r\n","AdditionalInfo":"-","AdditionalInfo2":""}}}
{"Event_attributes":{"xmlns":"http://schemas.microsoft.com/win/2004/08/events/event"},"Event":{"System":{"Provider_attributes":{"Name":"Microsoft-Windows-Security-Auditing","Guid":"54849625-5478-4994-A5BA-3E3B0328C30D"},"EventID":4662,"Version":0,"Level":0,"Task":14080,"Opcode":0,"Keywords":"0x8020000000000000","TimeCreated_attributes":{"SystemTime":"2021-11-25T14:11:11.331706Z"},"EventRecordID":229230122,"Correlation_attributes":{"ActivityID":"44C9F4B0-B51C-0000-BEF4-C9441CB5D701"},"Execution_attributes":{"ProcessID":592,"ThreadID":6916},"Channel":"Security","Computer":"rootdc1.offsec.lan","Security":null},"EventData":{"SubjectUserSid":"S-1-5-21-4230534742-2542757381-3142984815-1111","SubjectUserName":"admmig","SubjectDomainName":"OFFSEC","SubjectLogonId":"0xab3c3fc80","ObjectServer":"DS","ObjectType":"%{bf967a9c-0de6-11d0-a285-00aa003049e2}","ObjectName":"%{ea309f8c-6bce-4eaa-b51f-911e116e529f}","OperationType":"Object Access","HandleId":"0x0","AccessList":"%%7688\r\n\t\t\t\t","AccessMask":"0x100","Properties":"%%7688\r\n\t\t{771727b1-31b8-4cdf-ae62-4fe39fadf89e}\r\n\t\t\t{612cb747-c0e8-4f92-9221-fdd5f15b550d}\r\n\t{bf967a9c-0de6-11d0-a285-00aa003049e2}\r\n","AdditionalInfo":"-","AdditionalInfo2":""}}}
{"Event_attributes":{"xmlns":"http://schemas.microsoft.com/win/2004/08/events/event"},"Event":{"System":{"Provider_attributes":{"Name":"Microsoft-Windows-Security-Auditing","Guid":"54849625-5478-4994-A5BA-3E3B0328C30D"},"EventID":4662,"Version":0,"Level":0,"Task":14080,"Opcode":0,"Keywords":"0x8020000000000000","TimeCreated_attributes":{"SystemTime":"2021-11-25T14:11:11.331917Z"},"EventRecordID":229230123,"Correlation_attributes":{"ActivityID":"44C9F4B0-B51C-0000-BEF4-C9441CB5D701"},"Execution_attributes":{"ProcessID":592,"ThreadID":6916},"Channel":"Security","Computer":"rootdc1.offsec.lan","Security":null},"EventData":{"SubjectUserSid":"S-1-5-21-4230534742-2542757381-3142984815-1111","SubjectUserName":"admmig","SubjectDomainName":"OFFSEC","SubjectLogonId":"0xab3c3fc80","ObjectServer":"DS","ObjectType":"%{bf967a9c-0de6-11d0-a285-00aa003049e2}","ObjectName":"%{0eccc212-487c-4400-9a3d-2a3dcb0b2796}","OperationType":"Object Access","HandleId":"0x0","AccessList":"%%7688\r\n\t\t\t\t","AccessMask":"0x100","Properties":"%%7688\r\n\t\t{771727b1-31b8-4cdf-ae62-4fe39fadf89e}\r\n\t\t\t{612cb747-c0e8-4f92-9221-fdd5f15b550d}\r\n\t{bf967a9c-0de6-11d0-a285-00aa003049e2}\r\n","AdditionalInfo":"-","AdditionalInfo2":""}}}
{"Event_attributes":{"xmlns":"http://schemas.microsoft.com/win/2004/08/events/event"},"Event":{"System":{"Provider_attributes":{"Name":"Microsoft-Windows-Security-Auditing","Guid":"54849625-5478-4994-A5BA-3E3B0328C30D"},"EventID":4662,"Version":0,"Level":0,"Task":14080,"Opcode":0,"Keywords":"0x8020000000000000","TimeCreated_attributes":{"SystemTime":"2021-11-25T14:11:11.332154Z"},"EventRecordID":229230124,"Correlation_attributes":{"ActivityID":"44C9F4B0-B51C-0000-BEF4-C9441CB5D701"},"Execution_attributes":{"ProcessID":592,"ThreadID":6916},"Channel":"Security","Computer":"rootdc1.offsec.lan","Security":null},"EventData":{"SubjectUserSid":"S-1-5-21-4230534742-2542757381-3142984815-1111","SubjectUserName":"admmig","SubjectDomainName":"OFFSEC","SubjectLogonId":"0xab3c3fc80","ObjectServer":"DS","ObjectType":"%{bf967a9c-0de6-11d0-a285-00aa003049e2}","ObjectName":"%{818cdae7-aa71-4482-8ec9-12a8b549f448}","OperationType":"Object Access","HandleId":"0x0","AccessList":"%%7688\r\n\t\t\t\t","AccessMask":"0x100","Properties":"%%7688\r\n\t\t{771727b1-31b8-4cdf-ae62-4fe39fadf89e}\r\n\t\t\t{612cb747-c0e8-4f92-9221-fdd5f15b550d}\r\n\t{bf967a9c-0de6-11d0-a285-00aa003049e2}\r\n","AdditionalInfo":"-","AdditionalInfo2":""}}}
{"Event_attributes":{"xmlns":"http://schemas.microsoft.com/win/2004/08/events/event"},"Event":{"System":{"Provider_attributes":{"Name":"Microsoft-Windows-Security-Auditing","Guid":"54849625-5478-4994-A5BA-3E3B0328C30D"},"EventID":4662,"Version":0,"Level":0,"Task":14080,"Opcode":0,"Keywords":"0x8020000000000000","TimeCreated_attributes":{"SystemTime":"2021-11-25T14:11:11.332385Z"},"EventRecordID":229230125,"Correlation_attributes":{"ActivityID":"44C9F4B0-B51C-0000-BEF4-C9441CB5D701"},"Execution_attributes":{"ProcessID":592,"ThreadID":6916},"Channel":"Security","Computer":"rootdc1.offsec.lan","Security":null},"EventData":{"SubjectUserSid":"S-1-5-21-4230534742-2542757381-3142984815-1111","SubjectUserName":"admmig","SubjectDomainName":"OFFSEC","SubjectLogonId":"0xab3c3fc80","ObjectServer":"DS","ObjectType":"%{bf967a9c-0de6-11d0-a285-00aa003049e2}","ObjectName":"%{537ab580-c205-4e3a-aa92-fe413eeecb81}","OperationType":"Object Access","HandleId":"0x0","AccessList":"%%7688\r\n\t\t\t\t","AccessMask":"0x100","Properties":"%%7688\r\n\t\t{771727b1-31b8-4cdf-ae62-4fe39fadf89e}\r\n\t\t\t{612cb747-c0e8-4f92-9221-fdd5f15b550d}\r\n\t{bf967a9c-0de6-11d0-a285-00aa003049e2}\r\n","AdditionalInfo":"-","AdditionalInfo2":""}}}
{"Event_attributes":{"xmlns":"http://schemas.microsoft.com/win/2004/08/events/event"},"Event":{"System":{"Provider_attributes":{"Name":"Microsoft-Windows-Security-Auditing","Guid":"54849625-5478-4994-A5BA-3E3B0328C30D"},"EventID":4662,"Version":0,"Level":0,"Task":14080,"Opcode":0,"Keywords":"0x8020000000000000","TimeCreated_attributes":{"SystemTime":"2021-11-25T14:11:11.332682Z"},"EventRecordID":229230126,"Correlation_attributes":{"ActivityID":"44C9F4B0-B51C-0000-BEF4-C9441CB5D701"},"Execution_attributes":{"ProcessID":592,"ThreadID":6916},"Channel":"Security","Computer":"rootdc1.offsec.lan","Security":null},"EventData":{"SubjectUserSid":"S-1-5-21-4230534742-2542757381-3142984815-1111","SubjectUserName":"admmig","SubjectDomainName":"OFFSEC","SubjectLogonId":"0xab3c3fc80","ObjectServer":"DS","ObjectType":"%{bf967a9c-0de6-11d0-a285-00aa003049e2}","ObjectName":"%{0658591b-71a0-4303-877b-fb6e164fa525}","OperationType":"Object Access","HandleId":"0x0","AccessList":"%%7688\r\n\t\t\t\t","AccessMask":"0x100","Properties":"%%7688\r\n\t\t{771727b1-31b8-4cdf-ae62-4fe39fadf89e}\r\n\t\t\t{612cb747-c0e8-4f92-9221-fdd5f15b550d}\r\n\t{bf967a9c-0de6-11d0-a285-00aa003049e2}\r\n","AdditionalInfo":"-","AdditionalInfo2":""}}}
{"Event_attributes":{"xmlns":"http://schemas.microsoft.com/win/2004/08/events/event"},"Event":{"System":{"Provider_attributes":{"Name":"Microsoft-Windows-Security-Auditing","Guid":"54849625-5478-4994-A5BA-3E3B0328C30D"},"EventID":4662,"Version":0,"Level":0,"Task":14080,"Opcode":0,"Keywords":"0x8020000000000000","TimeCreated_attributes":{"SystemTime":"2021-11-25T14:11:11.332903Z"},"EventRecordID":229230127,"Correlation_attributes":{"ActivityID":"44C9F4B0-B51C-0000-BEF4-C9441CB5D701"},"Execution_attributes":{"ProcessID":592,"ThreadID":6916},"Channel":"Security","Computer":"rootdc1.offsec.lan","Security":null},"EventData":{"SubjectUserSid":"S-1-5-21-4230534742-2542757381-3142984815-1111","SubjectUserName":"admmig","SubjectDomainName":"OFFSEC","SubjectLogonId":"0xab3c3fc80","ObjectServer":"DS","ObjectType":"%{bf967a9c-0de6-11d0-a285-00aa003049e2}","ObjectName":"%{81c68288-c366-4891-b08c-fcbd0eea58b7}","OperationType":"Object Access","HandleId":"0x0","AccessList":"%%7688\r\n\t\t\t\t","AccessMask":"0x100","Properties":"%%7688\r\n\t\t{771727b1-31b8-4cdf-ae62-4fe39fadf89e}\r\n\t\t\t{612cb747-c0e8-4f92-9221-fdd5f15b550d}\r\n\t{bf967a9c-0de6-11d0-a285-00aa003049e2}\r\n","AdditionalInfo":"-","AdditionalInfo2":""}}}
{"Event_attributes":{"xmlns":"http://schemas.microsoft.com/win/2004/08/events/event"},"Event":{"System":{"Provider_attributes":{"Name":"Microsoft-Windows-Security-Auditing","Guid":"54849625-5478-4994-A5BA-3E3B0328C30D"},"EventID":4662,"Version":0,"Level":0,"Task":14080,"Opcode":0,"Keywords":"0x8020000000000000","TimeCreated_attributes":{"SystemTime":"2021-11-25T14:11:11.333175Z"},"EventRecordID":229230128,"Correlation_attributes":{"ActivityID":"44C9F4B0-B51C-0000-BEF4-C9441CB5D701"},"Execution_attributes":{"ProcessID":592,"ThreadID":6916},"Channel":"Security","Computer":"rootdc1.offsec.lan","Security":null},"EventData":{"SubjectUserSid":"S-1-5-21-4230534742-2542757381-3142984815-1111","SubjectUserName":"admmig","SubjectDomainName":"OFFSEC","SubjectLogonId":"0xab3c3fc80","ObjectServer":"DS","ObjectType":"%{bf967a9c-0de6-11d0-a285-00aa003049e2}","ObjectName":"%{95cb74c2-eb2e-4b16-b0ef-78182691a140}","OperationType":"Object Access","HandleId":"0x0","AccessList":"%%7688\r\n\t\t\t\t","AccessMask":"0x100","Properties":"%%7688\r\n\t\t{771727b1-31b8-4cdf-ae62-4fe39fadf89e}\r\n\t\t\t{612cb747-c0e8-4f92-9221-fdd5f15b550d}\r\n\t{bf967a9c-0de6-11d0-a285-00aa003049e2}\r\n","AdditionalInfo":"-","AdditionalInfo2":""}}}
{"Event_attributes":{"xmlns":"http://schemas.microsoft.com/win/2004/08/events/event"},"Event":{"System":{"Provider_attributes":{"Name":"Microsoft-Windows-Security-Auditing","Guid":"54849625-5478-4994-A5BA-3E3B0328C30D"},"EventID":4662,"Version":0,"Level":0,"Task":14080,"Opcode":0,"Keywords":"0x8020000000000000","TimeCreated_attributes":{"SystemTime":"2021-11-25T14:11:11.333402Z"},"EventRecordID":229230129,"Correlation_attributes":{"ActivityID":"44C9F4B0-B51C-0000-BEF4-C9441CB5D701"},"Execution_attributes":{"ProcessID":592,"ThreadID":6916},"Channel":"Security","Computer":"rootdc1.offsec.lan","Security":null},"EventData":{"SubjectUserSid":"S-1-5-21-4230534742-2542757381-3142984815-1111","SubjectUserName":"admmig","SubjectDomainName":"OFFSEC","SubjectLogonId":"0xab3c3fc80","ObjectServer":"DS","ObjectType":"%{bf967a9c-0de6-11d0-a285-00aa003049e2}","ObjectName":"%{57438033-204c-4e02-9378-05dad40026bd}","OperationType":"Object Access","HandleId":"0x0","AccessList":"%%7688\r\n\t\t\t\t","AccessMask":"0x100","Properties":"%%7688\r\n\t\t{771727b1-31b8-4cdf-ae62-4fe39fadf89e}\r\n\t\t\t{612cb747-c0e8-4f92-9221-fdd5f15b550d}\r\n\t{bf967a9c-0de6-11d0-a285-00aa003049e2}\r\n","AdditionalInfo":"-","AdditionalInfo2":""}}}
{"Event_attributes":{"xmlns":"http://schemas.microsoft.com/win/2004/08/events/event"},"Event":{"System":{"Provider_attributes":{"Name":"Microsoft-Windows-Security-Auditing","Guid":"54849625-5478-4994-A5BA-3E3B0328C30D"},"EventID":4662,"Version":0,"Level":0,"Task":14080,"Opcode":0,"Keywords":"0x8020000000000000","TimeCreated_attributes":{"SystemTime":"2021-11-25T14:11:11.333604Z"},"EventRecordID":229230130,"Correlation_attributes":{"ActivityID":"44C9F4B0-B51C-0000-BEF4-C9441CB5D701"},"Execution_attributes":{"ProcessID":592,"ThreadID":6916},"Channel":"Security","Computer":"rootdc1.offsec.lan","Security":null},"EventData":{"SubjectUserSid":"S-1-5-21-4230534742-2542757381-3142984815-1111","SubjectUserName":"admmig","SubjectDomainName":"OFFSEC","SubjectLogonId":"0xab3c3fc80","ObjectServer":"DS","ObjectType":"%{bf967a9c-0de6-11d0-a285-00aa003049e2}","ObjectName":"%{483af07e-e356-4cec-a3df-848b41a917ce}","OperationType":"Object Access","HandleId":"0x0","AccessList":"%%7688\r\n\t\t\t\t","AccessMask":"0x100","Properties":"%%7688\r\n\t\t{771727b1-31b8-4cdf-ae62-4fe39fadf89e}\r\n\t\t\t{612cb747-c0e8-4f92-9221-fdd5f15b550d}\r\n\t{bf967a9c-0de6-11d0-a285-00aa003049e2}\r\n","AdditionalInfo":"-","AdditionalInfo2":""}}}
{"Event_attributes":{"xmlns":"http://schemas.microsoft.com/win/2004/08/events/event"},"Event":{"System":{"Provider_attributes":{"Name":"Microsoft-Windows-Security-Auditing","Guid":"54849625-5478-4994-A5BA-3E3B0328C30D"},"EventID":4662,"Version":0,"Level":0,"Task":14080,"Opcode":0,"Keywords":"0x8020000000000000","TimeCreated_attributes":{"SystemTime":"2021-11-25T14:11:11.333820Z"},"EventRecordID":229230131,"Correlation_attributes":{"ActivityID":"44C9F4B0-B51C-0000-BEF4-C9441CB5D701"},"Execution_attributes":{"ProcessID":592,"ThreadID":6916},"Channel":"Security","Computer":"rootdc1.offsec.lan","Security":null},"EventData":{"SubjectUserSid":"S-1-5-21-4230534742-2542757381-3142984815-1111","SubjectUserName":"admmig","SubjectDomainName":"OFFSEC","SubjectLogonId":"0xab3c3fc80","ObjectServer":"DS","ObjectType":"%{bf967a9c-0de6-11d0-a285-00aa003049e2}","ObjectName":"%{2729d70a-4828-4ad8-bebd-6b18bfdb8a01}","OperationType":"Object Access","HandleId":"0x0","AccessList":"%%7688\r\n\t\t\t\t","AccessMask":"0x100","Properties":"%%7688\r\n\t\t{771727b1-31b8-4cdf-ae62-4fe39fadf89e}\r\n\t\t\t{612cb747-c0e8-4f92-9221-fdd5f15b550d}\r\n\t{bf967a9c-0de6-11d0-a285-00aa003049e2}\r\n","AdditionalInfo":"-","AdditionalInfo2":""}}}
{"Event_attributes":{"xmlns":"http://schemas.microsoft.com/win/2004/08/events/event"},"Event":{"System":{"Provider_attributes":{"Name":"Microsoft-Windows-Security-Auditing","Guid":"54849625-5478-4994-A5BA-3E3B0328C30D"},"EventID":4662,"Version":0,"Level":0,"Task":14080,"Opcode":0,"Keywords":"0x8020000000000000","TimeCreated_attributes":{"SystemTime":"2021-11-25T14:11:11.334031Z"},"EventRecordID":229230132,"Correlation_attributes":{"ActivityID":"44C9F4B0-B51C-0000-BEF4-C9441CB5D701"},"Execution_attributes":{"ProcessID":592,"ThreadID":6916},"Channel":"Security","Computer":"rootdc1.offsec.lan","Security":null},"EventData":{"SubjectUserSid":"S-1-5-21-4230534742-2542757381-3142984815-1111","SubjectUserName":"admmig","SubjectDomainName":"OFFSEC","SubjectLogonId":"0xab3c3fc80","ObjectServer":"DS","ObjectType":"%{bf967a9c-0de6-11d0-a285-00aa003049e2}","ObjectName":"%{cfb794f2-28cd-4919-a98b-b386ba52cc5d}","OperationType":"Object Access","HandleId":"0x0","AccessList":"%%7688\r\n\t\t\t\t","AccessMask":"0x100","Properties":"%%7688\r\n\t\t{771727b1-31b8-4cdf-ae62-4fe39fadf89e}\r\n\t\t\t{612cb747-c0e8-4f92-9221-fdd5f15b550d}\r\n\t{bf967a9c-0de6-11d0-a285-00aa003049e2}\r\n","AdditionalInfo":"-","AdditionalInfo2":""}}}
