{"Event_attributes":{"xmlns":"http://schemas.microsoft.com/win/2004/08/events/event"},"Event":{"System":{"Provider_attributes":{"Name":"Microsoft-Windows-Security-Auditing","Guid":"54849625-5478-4994-A5BA-3E3B0328C30D"},"EventID":4662,"Version":0,"Level":0,"Task":14080,"Opcode":0,"Keywords":"0x8020000000000000","TimeCreated_attributes":{"SystemTime":"2021-11-25T14:11:11.334224Z"},"EventRecordID":229230133,"Correlation_attributes":{"ActivityID":"44C9F4B0-B51C-0000-BEF4-C9441CB5D701"},"Execution_attributes":{"ProcessID":592,"ThreadID":6916},"Channel":"Security","Computer":"rootdc1.offsec.lan","Security":null},"EventData":{"SubjectUserSid":"S-1-5-21-4230534742-2542757381-3142984815-1111","SubjectUserName":"admmig","SubjectDomainName":"OFFSEC","SubjectLogonId":"0xab3c3fc80","ObjectServer":"DS","ObjectType":"%{bf967a9c-0de6-11d0-a285-00aa003049e2}","ObjectName":"%{6f201fe7-ecdf-454d-b5e0-c9e9d355c5b9}","OperationType":"Object Access","HandleId":"0x0","AccessList":"%%7688\r\n\t\t\t\t","AccessMask":"0x100","Properties":"%%7688\r\n\t\t{771727b1-31b8-4cdf-ae62-4fe39fadf89e}\r\n\t\t\t{612cb747-c0e8-4f92-9221-fdd5f15b550d}\r\n\t{bf967a9c-0de6-11d0-a285-00aa003049e2}\r\n","AdditionalInfo":"-","AdditionalInfo2":""}}}
{"Event_attributes":{"xmlns":"http://schemas.microsoft.com/win/2004/08/events/event"},"Event":{"System":{"Provider_attributes":{"Name":"Microsoft-Windows-Security-Auditing","Guid":"54849625-5478-4994-A5BA-3E3B0328C30D"},"EventID":4662,"Version":0,"Level":0,"Task":14080,"Opcode":0,"Keywords":"0x8020000000000000","TimeCreated_attributes":{"SystemTime":"2021-11-25T14:11:11.334612Z"},"EventRecordID":229230134,"Correlation_attributes":{"ActivityID":"44C9F4B0-B51C-0000-BEF4-C9441CB5D701"},"Execution_attributes":{"ProcessID":592,"ThreadID":6916},"Channel":"Security","Computer":"rootdc1.offsec.lan","Security":null},"EventData":{"SubjectUserSid":"S-1-5-21-4230534742-2542757381-3142984815-1111","SubjectUserName":"admmig","SubjectDomainName":"OFFSEC","SubjectLogonId":"0xab3c3fc80","ObjectServer":"DS","ObjectType":"%{bf967a9c-0de6-11d0-a285-00aa003049e2}","ObjectName":"%{7668e546-f085-4fb8-ac19-f106b0c30e77}","OperationType":"Object Access","HandleId":"0x0","AccessList":"%%7688\r\n\t\t\t\t","AccessMask":"0x100","Properties":"%%7688\r\n\t\t{771727b1-31b8-4cdf-ae62-4fe39fadf89e}\r\n\t\t\t{612cb747-c0e8-4f92-9221-fdd5f15b550d}\r\n\t{bf967a9c-0de6-11d0-a285-00aa003049e2}\r\n","AdditionalInfo":"-","AdditionalInfo2":""}}}
{"Event_attributes":{"xmlns":"http://schemas.microsoft.com/win/2004/08/events/event"},"Event":{"System":{"Provider_attributes":{"Name":"Microsoft-Windows-Security-Auditing","Guid":"54849625-5478-4994-A5BA-3E3B0328C30D"},"EventID":4662,"Version":0,"Level":0,"Task":14080,"Opcode":0,"Keywords":"0x8020000000000000","TimeCreated_attributes":{"SystemTime":"2021-11-25T14:11:11.334916Z"},"EventRecordID":229230135,"Correlation_attributes":{"ActivityID":"44C9F4B0-B51C-0000-BEF4-C9441CB5D701"},"Execution_attributes":{"ProcessID":592,"ThreadID":6916},"Channel":"Security","Computer":"rootdc1.offsec.lan","Security":null},"EventData":{"SubjectUserSid":"S-1-5-21-4230534742-2542757381-3142984815-1111","SubjectUserName":"admmig","SubjectDomainName":"OFFSEC","SubjectLogonId":"0xab3c3fc80","ObjectServer":"DS","ObjectType":"%{bf967a9c-0de6-11d0-a285-00aa003049e2}","ObjectName":"%{4322a57e-c978-4669-8ad4-dd4d98032325}","OperationType":"Object Access","HandleId":"0x0","AccessList":"%%7688\r\n\t\t\t\t","AccessMask":"0x100","Properties":"%%7688\r\n\t\t{771727b1-31b8-4cdf-ae62-4fe39fadf89e}\r\n\t\t\t{612cb747-c0e8-4f92-9221-fdd5f15b550d}\r\n\t{bf967a9c-0de6-11d0-a285-00aa003049e2}\r\n","AdditionalInfo":"-","AdditionalInfo2":""}}}
{"Event_attributes":{"xmlns":"http://schemas.microsoft.com/win/2004/08/events/event"},"Event":{"System":{"Provider_attributes":{"Name":"Microsoft-Windows-Security-Auditing","Guid":"54849625-5478-4994-A5BA-3E3B0328C30D"},"EventID":4662,"Version":0,"Level":0,"Task":14080,"Opcode":0,"Keywords":"0x8020000000000000","TimeCreated_attributes":{"SystemTime":"2021-11-25T14:11:11.335331Z"},"EventRecordID":229230136,"Correlation_attributes":{"ActivityID":"44C9F4B0-B51C-0000-BEF4-C9441CB5D701"},"Execution_attributes":{"ProcessID":592,"ThreadID":6916},"Channel":"Security","Computer":"rootdc1.offsec.lan","Security":null},"EventData":{"SubjectUserSid":"S-1-5-21-4230534742-2542757381-3142984815-1111","SubjectUserName":"admmig","SubjectDomainName":"OFFSEC","SubjectLogonId":"0xab3c3fc80","ObjectServer":"DS","ObjectType":"%{bf967a9c-0de6-11d0-a285-00aa003049e2}","ObjectName":"%{7d44f2df-fe53-4673-a1a7-546cf1b87c44}","OperationType":"Object Access","HandleId":"0x0","AccessList":"%%7688\r\n\t\t\t\t","AccessMask":"0x100","Properties":"%%7688\r\n\t\t{771727b1-31b8-4cdf-ae62-4fe39fadf89e}\r\n\t\t\t{612cb747-c0e8-4f92-9221-fdd5f15b550d}\r\n\t{bf967a9c-0de6-11d0-a285-00aa003049e2}\r\n","AdditionalInfo":"-","AdditionalInfo2":""}}}
{"Event_attributes":{"xmlns":"http://schemas.microsoft.com/win/2004/08/events/event"},"Event":{"System":{"Provider_attributes":{"Name":"Microsoft-Windows-Security-Auditing","Guid":"54849625-5478-4994-A5BA-3E3B0328C30D"},"EventID":4662,"Version":0,"Level":0,"Task":14080,"Opcode":0,"Keywords":"0x8020000000000000","TimeCreated_attributes":{"SystemTime":"2021-11-25T14:11:11.335688Z"},"EventRecordID":229230137,"Correlation_attributes":{"ActivityID":"44C9F4B0-B51C-0000-BEF4-C9441CB5D701"},"Execution_attributes":{"ProcessID":592,"ThreadID":6916},"Channel":"Security","Computer":"rootdc1.offsec.lan","Security":null},"EventData":{"SubjectUserSid":"S-1-5-21-4230534742-2542757381-3142984815-1111","SubjectUserName":"admmig","SubjectDomainName":"OFFSEC","SubjectLogonId":"0xab3c3fc80","ObjectServer":"DS","ObjectType":"%{bf967a9c-0de6-11d0-a285-00aa003049e2}","ObjectName":"%{fc115303-028f-4ecf-a545-d97ac699507a}","OperationType":"Object Access","HandleId":"0x0","AccessList":"%%7688\r\n\t\t\t\t","AccessMask":"0x100","Properties":"%%7688\r\n\t\t{771727b1-31b8-4cdf-ae62-4fe39fadf89e}\r\n\t\t\t{612cb747-c0e8-4f92-9221-fdd5f15b550d}\r\n\t{bf967a9c-0de6-11d0-a285-00aa003049e2}\r\n","AdditionalInfo":"-","AdditionalInfo2":""}}}
{"Event_attributes":{"xmlns":"http://schemas.microsoft.com/win/2004/08/events/event"},"Event":{"System":{"Provider_attributes":{"Name":"Microsoft-Windows-Security-Auditing","Guid":"54849625-5478-4994-A5BA-3E3B0328C30D"},"EventID":4662,"Version":0,"Level":0,"Task":14080,"Opcode":0,"Keywords":"0x8020000000000000","TimeCreated_attributes":{"SystemTime":"2021-11-25T14:11:11.335981Z"},"EventRecordID":229230138,"Correlation_attributes":{"ActivityID":"44C9F4B0-B51C-0000-BEF4-C9441CB5D701"},"Execution_attributes":{"ProcessID":592,"ThreadID":6916},"Channel":"Security","Computer":"rootdc1.offsec.lan","Security":null},"EventData":{"SubjectUserSid":"S-1-5-21-4230534742-2542757381-3142984815-1111","SubjectUserName":"admmig","SubjectDomainName":"OFFSEC","SubjectLogonId":"0xab3c3fc80","ObjectServer":"DS","ObjectType":"%{bf967a9c-0de6-11d0-a285-00aa003049e2}","ObjectName":"%{85e4e6f7-d3b0-4da6-8396-94f759b4944c}","OperationType":"Object Access","HandleId":"0x0","AccessList":"%%7688\r\n\t\t\t\t","AccessMask":"0x100","Properties":"%%7688\r\n\t\t{771727b1-31b8-4cdf-ae62-4fe39fadf89e}\r\n\t\t\t{612cb747-c0e8-4f92-9221-fdd5f15b550d}\r\n\t{bf967a9c-0de6-11d0-a285-00aa003049e2}\r\n","AdditionalInfo":"-","AdditionalInfo2":""}}}
{"Event_attributes":{"xmlns":"http://schemas.microsoft.com/win/2004/08/events/event"},"Event":{"System":{"Provider_attributes":{"Name":"Microsoft-Windows-Security-Auditing","Guid":"54849625-5478-4994-A5BA-3E3B0328C30D"},"EventID":4662,"Version":0,"Level":0,"Task":14080,"Opcode":0,"Keywords":"0x8020000000000000","TimeCreated_attributes":{"SystemTime":"2021-11-25T14:11:11.336319Z"},"EventRecordID":229230139,"Correlation_attributes":{"ActivityID":"44C9F4B0-B51C-0000-BEF4-C9441CB5D701"},"Execution_attributes":{"ProcessID":592,"ThreadID":6916},"Channel":"Security","Computer":"rootdc1.offsec.lan","Security":null},"EventData":{"SubjectUserSid":"S-1-5-21-4230534742-2542757381-3142984815-1111","SubjectUserName":"admmig","SubjectDomainName":"OFFSEC","SubjectLogonId":"0xab3c3fc80","ObjectServer":"DS","ObjectType":"%{bf967a9c-0de6-11d0-a285-00aa003049e2}","ObjectName":"%{68729d0f-ef20-4227-bb2c-31d5c0919686}","OperationType":"Object Access","HandleId":"0x0","AccessList":"%%7688\r\n\t\t\t\t","AccessMask":"0x100","Properties":"%%7688\r\n\t\t{771727b1-31b8-4cdf-ae62-4fe39fadf89e}\r\n\t\t\t{612cb747-c0e8-4f92-9221-fdd5f15b550d}\r\n\t{bf967a9c-0de6-11d0-a285-00aa003049e2}\r\n","AdditionalInfo":"-","AdditionalInfo2":""}}}
{"Event_attributes":{"xmlns":"http://schemas.microsoft.com/win/2004/08/events/event"},"Event":{"System":{"Provider_attributes":{"Name":"Microsoft-Windows-Security-Auditing","Guid":"54849625-5478-4994-A5BA-3E3B0328C30D"},"EventID":4662,"Version":0,"Level":0,"Task":14080,"Opcode":0,"Keywords":"0x8020000000000000","TimeCreated_attributes":{"SystemTime":"2021-11-25T14:11:11.336677Z"},"EventRecordID":229230140,"Correlation_attributes":{"ActivityID":"44C9F4B0-B51C-0000-BEF4-C9441CB5D701"},"Execution_attributes":{"ProcessID":592,"ThreadID":6916},"Channel":"Security","Computer":"rootdc1.offsec.lan","Security":null},"EventData":{"SubjectUserSid":"S-1-5-21-4230534742-2542757381-3142984815-1111","SubjectUserName":"admmig","SubjectDomainName":"OFFSEC","SubjectLogonId":"0xab3c3fc80","ObjectServer":"DS","ObjectType":"%{bf967a9c-0de6-11d0-a285-00aa003049e2}","ObjectName":"%{d910e3ca-fe9d-4604-9e9f-d84ff72851f4}","OperationType":"Object Access","HandleId":"0x0","AccessList":"%%7688\r\n\t\t\t\t","AccessMask":"0x100","Properties":"%%7688\r\n\t\t{771727b1-31b8-4cdf-ae62-4fe39fadf89e}\r\n\t\t\t{612cb747-c0e8-4f92-9221-fdd5f15b550d}\r\n\t{bf967a9c-0de6-11d0-a285-00aa003049e2}\r\n","AdditionalInfo":"-","AdditionalInfo2":""}}}
{"Event_attributes":{"xmlns":"http://schemas.microsoft.com/win/2004/08/events/event"},"Event":{"System":{"Provider_attributes":{"Name":"Microsoft-Windows-Security-Auditing","Guid":"54849625-5478-4994-A5BA-3E3B0328C30D"},"EventID":4662,"Version":0,"Level":0,"Task":14080,"Opcode":0,"Keywords":"0x8020000000000000","TimeCreated_attributes":{"SystemTime":"2021-11-25T14:11:11.337009Z"},"EventRecordID":229230141,"Correlation_attributes":{"ActivityID":"44C9F4B0-B51C-0000-BEF4-C9441CB5D701"},"Execution_attributes":{"ProcessID":592,"ThreadID":6916},"Channel":"Security","Computer":"rootdc1.offsec.lan","Security":null},"EventData":{"SubjectUserSid":"S-1-5-21-4230534742-2542757381-3142984815-1111","SubjectUserName":"admmig","SubjectDomainName":"OFFSEC","SubjectLogonId":"0xab3c3fc80","ObjectServer":"DS","ObjectType":"%{bf967a9c-0de6-11d0-a285-00aa003049e2}","ObjectName":"%{723e3b64-42ce-4ad9-bff3-64948616d4a1}","OperationType":"Object Access","HandleId":"0x0","AccessList":"%%7688\r\n\t\t\t\t","AccessMask":"0x100","Properties":"%%7688\r\n\t\t{771727b1-31b8-4cdf-ae62-4fe39fadf89e}\r\n\t\t\t{612cb747-c0e8-4f92-9221-fdd5f15b550d}\r\n\t{bf967a9c-0de6-11d0-a285-00aa003049e2}\r\n","AdditionalInfo":"-","AdditionalInfo2":""}}}
{"Event_attributes":{"xmlns":"http://schemas.microsoft.com/win/2004/08/events/event"},"Event":{"System":{"Provider_attributes":{"Name":"Microsoft-Windows-Security-Auditing","Guid":"54849625-5478-4994-A5BA-3E3B0328C30D"},"EventID":4662,"Version":0,"Level":0,"Task":14080,"Opcode":0,"Keywords":"0x8020000000000000","TimeCreated_attributes":{"SystemTime":"2021-11-25T14:11:11.337325Z"},"EventRecordID":229230142,"Correlation_attributes":{"ActivityID":"44C9F4B0-B51C-0000-BEF4-C9441CB5D701"},"Execution_attributes":{"ProcessID":592,"ThreadID":6916},"Channel":"Security","Computer":"rootdc1.offsec.lan","Security":null},"EventData":{"SubjectUserSid":"S-1-5-21-4230534742-2542757381-3142984815-1111","SubjectUserName":"admmig","SubjectDomainName":"OFFSEC","SubjectLogonId":"0xab3c3fc80","ObjectServer":"DS","ObjectType":"%{bf967a9c-0de6-11d0-a285-00aa003049e2}","ObjectName":"%{9d783d7f-397e-4a16-8a4f-65e2834de0ee}","OperationType":"Object Access","HandleId":"0x0","AccessList":"%%7688\r\n\t\t\t\t","AccessMask":"0x100","Properties":"%%7688\r\n\t\t{771727b1-31b8-4cdf-ae62-4fe39fadf89e}\r\n\t\t\t{612cb747-c0e8-4f92-9221-fdd5f15b550d}\r\n\t{bf967a9c-0de6-11d0-a285-00aa003049e2}\r\n","AdditionalInfo":"-","AdditionalInfo2":""}}}
{"Event_attributes":{"xmlns":"http://schemas.microsoft.com/win/2004/08/events/event"},"Event":{"System":{"Provider_attributes":{"Name":"Microsoft-Windows-Security-Auditing","Guid":"54849625-5478-4994-A5BA-3E3B0328C30D"},"EventID":4662,"Version":0,"Level":0,"Task":14080,"Opcode":0,"Keywords":"0x8020000000000000","TimeCreated_attributes":{"SystemTime":"2021-11-25T14:11:11.337633Z"},"EventRecordID":229230143,"Correlation_attributes":{"ActivityID":"44C9F4B0-B51C-0000-BEF4-C9441CB5D701"},"Execution_attributes":{"ProcessID":592,"ThreadID":6916},"Channel":"Security","Computer":"rootdc1.offsec.lan","Security":null},"EventData":{"SubjectUserSid":"S-1-5-21-4230534742-2542757381-3142984815-1111","SubjectUserName":"admmig","SubjectDomainName":"OFFSEC","SubjectLogonId":"0xab3c3fc80","ObjectServer":"DS","ObjectType":"%{bf967a9c-0de6-11d0-a285-00aa003049e2}","ObjectName":"%{45cd4170-50f8-40cc-b0b3-5ef619839908}","OperationType":"Object Access","HandleId":"0x0","AccessList":"%%7688\r\n\t\t\t\t","AccessMask":"0x100","Properties":"%%7688\r\n\t\t{771727b1-31b8-4cdf-ae62-4fe39fadf89e}\r\n\t\t\t{612cb747-c0e8-4f92-9221-fdd5f15b550d}\r\n\t{bf967a9c-0de6-11d0-a285-00aa003049e2}\r\n","AdditionalInfo":"-","AdditionalInfo2":""}}}
{"Event_attributes":{"xmlns":"http://schemas.microsoft.com/win/2004/08/events/event"},"Event":{"System":{"Provider_attributes":{"Name":"Microsoft-Windows-Security-Auditing","Guid":"54849625-5478-4994-A5BA-3E3B0328C30D"},"EventID":4662,"Version":0,"Level":0,"Task":14080,"Opcode":0,"Keywords":"0x8020000000000000","TimeCreated_attributes":{"SystemTime":"2021-11-25T14:11:11.338028Z"},"EventRecordID":229230144,"Correlation_attributes":{"ActivityID":"44C9F4B0-B51C-0000-BEF4-C9441CB5D701"},"Execution_attributes":{"ProcessID":592,"ThreadID":6916},"Channel":"Security","Computer":"rootdc1.offsec.lan","Security":null},"EventData":{"SubjectUserSid":"S-1-5-21-4230534742-2542757381-3142984815-1111","SubjectUserName":"admmig","SubjectDomainName":"OFFSEC","SubjectLogonId":"0xab3c3fc80","ObjectServer":"DS","ObjectType":"%{bf967a9c-0de6-11d0-a285-00aa003049e2}","ObjectName":"%{b08ede49-3550-4f93-a954-3a63b5886451}","OperationType":"Object Access","HandleId":"0x0","AccessList":"%%7688\r\n\t\t\t\t","AccessMask":"0x100","Properties":"%%7688\r\n\t\t{771727b1-31b8-4cdf-ae62-4fe39fadf89e}\r\n\t\t\t{612cb747-c0e8-4f92-9221-fdd5f15b550d}\r\n\t{bf967a9c-0de6-11d0-a285-00aa003049e2}\r\n","AdditionalInfo":"-","AdditionalInfo2":""}}}
{"Event_attributes":{"xmlns":"http://schemas.microsoft.com/win/2004/08/events/event"},"Event":{"System":{"Provider_attributes":{"Name":"Microsoft-Windows-Security-Auditing","Guid":"54849625-5478-4994-A5BA-3E3B0328C30D"},"EventID":4662,"Version":0,"Level":0,"Task":14080,"Opcode":0,"Keywords":"0x8020000000000000","TimeCreated_attributes":{"SystemTime":"2021-11-25T14:11:11.338334Z"},"EventRecordID":229230145,"Correlation_attributes":{"ActivityID":"44C9F4B0-B51C-0000-BEF4-C9441CB5D701"},"Execution_attributes":{"ProcessID":592,"ThreadID":6916},"Channel":"Security","Computer":"rootdc1.offsec.lan","Security":null},"EventData":{"SubjectUserSid":"S-1-5-21-4230534742-2542757381-3142984815-1111","SubjectUserName":"admmig","SubjectDomainName":"OFFSEC","SubjectLogonId":"0xab3c3fc80","ObjectServer":"DS","ObjectType":"%{bf967a9c-0de6-11d0-a285-00aa003049e2}","ObjectName":"%{4cb4df5d-84b5-417e-9afe-d527b061589b}","OperationType":"Object Access","HandleId":"0x0","AccessList":"%%7688\r\n\t\t\t\t","AccessMask":"0x100","Properties":"%%7688\r\n\t\t{771727b1-31b8-4cdf-ae62-4fe39fadf89e}\r\n\t\t\t{612cb747-c0e8-4f92-9221-fdd5f15b550d}\r\n\t{bf967a9c-0de6-11d0-a285-00aa003049e2}\r\n","AdditionalInfo":"-","AdditionalInfo2":""}}}
{"Event_attributes":{"xmlns":"http://schemas.microsoft.com/win/2004/08/events/event"},"Event":{"System":{"Provider_attributes":{"Name":"Microsoft-Windows-Security-Auditing","Guid":"54849625-5478-4994-A5BA-3E3B0328C30D"},"EventID":4662,"Version":0,"Level":0,"Task":14080,"Opcode":0,"Keywords":"0x8020000000000000","TimeCreated_attributes":{"SystemTime":"2021-11-25T14:11:11.338801Z"},"EventRecordID":229230146,"Correlation_attributes":{"ActivityID":"44C9F4B0-B51C-0000-BEF4-C9441CB5D701"},"Execution_attributes":{"ProcessID":592,"ThreadID":6916},"Channel":"Security","Computer":"rootdc1.offsec.lan","Security":null},"EventData":{"SubjectUserSid":"S-1-5-21-4230534742-2542757381-3142984815-1111","SubjectUserName":"admmig","SubjectDomainName":"OFFSEC","SubjectLogonId":"0xab3c3fc80","ObjectServer":"DS","ObjectType":"%{bf967a9c-0de6-11d0-a285-00aa003049e2}","ObjectName":"%{3e49a82a-5f5f-436c-9f93-81327c3c7461}","OperationType":"Object Access","HandleId":"0x0","AccessList":"%%7688\r\n\t\t\t\t","AccessMask":"0x100","Properties":"%%7688\r\n\t\t{771727b1-31b8-4cdf-ae62-4fe39fadf89e}\r\n\t\t\t{612cb747-c0e8-4f92-9221-fdd5f15b550d}\r\n\t{bf967a9c-0de6-11d0-a285-00aa003049e2}\r\n","AdditionalInfo":"-","AdditionalInfo2":""}}}
{"Event_attributes":{"xmlns":"http://schemas.microsoft.com/win/2004/08/events/event"},"Event":{"System":{"Provider_attributes":{"Name":"Microsoft-Windows-Security-Auditing","Guid":"54849625-5478-4994-A5BA-3E3B0328C30D"},"EventID":4662,"Version":0,"Level":0,"Task":14080,"Opcode":0,"Keywords":"0x8020000000000000","TimeCreated_attributes":{"SystemTime":"2021-11-25T14:11:11.339104Z"},"EventRecordID":229230147,"Correlation_attributes":{"ActivityID":"44C9F4B0-B51C-0000-BEF4-C9441CB5D701"},"Execution_attributes":{"ProcessID":592,"ThreadID":6916},"Channel":"Security","Computer":"rootdc1.offsec.lan","Security":null},"EventData":{"SubjectUserSid":"S-1-5-21-4230534742-2542757381-3142984815-1111","SubjectUserName":"admmig","SubjectDomainName":"OFFSEC","SubjectLogonId":"0xab3c3fc80","ObjectServer":"DS","ObjectType":"%{bf967a9c-0de6-11d0-a285-00aa003049e2}","ObjectName":"%{3d44fe8c-f6d6-488c-8d87-440cbba24e35}","OperationType":"Object Access","HandleId":"0x0","AccessList":"%%7688\r\n\t\t\t\t","AccessMask":"0x100","Properties":"%%7688\r\n\t\t{771727b1-31b8-4cdf-ae62-4fe39fadf89e}\r\n\t\t\t{612cb747-c0e8-4f92-9221-fdd5f15b550d}\r\n\t{bf967a9c-0de6-11d0-a285-00aa003049e2}\r\n","AdditionalInfo":"-","AdditionalInfo2":""}}}
{"Event_attributes":{"xmlns":"http://schemas.microsoft.com/win/2004/08/events/event"},"Event":{"System":{"Provider_attributes":{"Name":"Microsoft-Windows-Security-Auditing","Guid":"54849625-5478-4994-A5BA-3E3B0328C30D"},"EventID":4662,"Version":0,"Level":0,"Task":14080,"Opcode":0,"Keywords":"0x8020000000000000","TimeCreated_attributes":{"SystemTime":"2021-11-25T14:11:11.339422Z"},"EventRecordID":229230148,"Correlation_attributes":{"ActivityID":"44C9F4B0-B51C-0000-BEF4-C9441CB5D701"},"Execution_attributes":{"ProcessID":592,"ThreadID":6916},"Channel":"Security","Computer":"rootdc1.offsec.lan","Security":null},"EventData":{"SubjectUserSid":"S-1-5-21-4230534742-2542757381-3142984815-1111","SubjectUserName":"admmig","SubjectDomainName":"OFFSEC","SubjectLogonId":"0xab3c3fc80","ObjectServer":"DS","ObjectType":"%{bf967a9c-0de6-11d0-a285-00aa003049e2}","ObjectName":"%{56f428f0-db78-4f4a-b6fc-6f54a1ef49b6}","OperationType":"Object Access","HandleId":"0x0","AccessList":"%%7688\r\n\t\t\t\t","AccessMask":"0x100","Properties":"%%7688\r\n\t\t{771727b1-31b8-4cdf-ae62-4fe39fadf89e}\r\n\t\t\t{612cb747-c0e8-4f92-9221-fdd5f15b550d}\r\n\t{bf967a9c-0de6-11d0-a285-00aa003049e2}\r\n","AdditionalInfo":"-","AdditionalInfo2":""}}}
{"Event_attributes":{"xmlns":"http://schemas.microsoft.com/win/2004/08/events/event"},"Event":{"System":{"Provider_attributes":{"Name":"Microsoft-Windows-Security-Auditing","Guid":"54849625-5478-4994-A5BA-3E3B0328C30D"},"EventID":4662,"Version":0,"Level":0,"Task":14080,"Opcode":0,"Keywords":"0x8020000000000000","TimeCreated_attributes":{"SystemTime":"2021-11-25T14:11:11.339720Z"},"EventRecordID":229230149,"Correlation_attributes":{"ActivityID":"44C9F4B0-B51C-0000-BEF4-C9441CB5D701"},"Execution_attributes":{"ProcessID":592,"ThreadID":6916},"Channel":"Security","Computer":"rootdc1.offsec.lan","Security":null},"EventData":{"SubjectUserSid":"S-1-5-21-4230534742-2542757381-3142984815-1111","SubjectUserName":"admmig","SubjectDomainName":"OFFSEC","SubjectLogonId":"0xab3c3fc80","ObjectServer":"DS","ObjectType":"%{bf967a9c-0de6-11d0-a285-00aa003049e2}","ObjectName":"%{cf5a7e94-8bd2-46e9-92cc-07622447be44}","OperationType":"Object Access","HandleId":"0x0","AccessList":"%%7688\r\n\t\t\t\t","AccessMask":"0x100","Properties":"%%7688\r\n\t\t{771727b1-31b8-4cdf-ae62-4fe39fadf89e}\r\n\t\t\t{612cb747-c0e8-4f92-9221-fdd5f15b550d}\r\n\t{bf967a9c-0de6-11d0-a285-00aa003049e2}\r\n","AdditionalInfo":"-","AdditionalInfo2":""}}}
{"Event_attributes":{"xmlns":"http://schemas.microsoft.com/win/2004/08/events/event"},"Event":{"System":{"Provider_attributes":{"Name":"Microsoft-Windows-Security-Auditing","Guid":"54849625-5478-4994-A5BA-3E3B0328C30D"},"EventID":4662,"Version":0,"Level":0,"Task":14080,"Opcode":0,"Keywords":"0x8020000000000000","TimeCreated_attributes":{"SystemTime":"2021-11-25T14:11:11.340035Z"},"EventRecordID":229230150,"Correlation_attributes":{"ActivityID":"44C9F4B0-B51C-0000-BEF4-C9441CB5D701"},"Execution_attributes":{"ProcessID":592,"ThreadID":6916},"Channel":"Security","Computer":"rootdc1.offsec.lan","Security":null},"EventData":{"SubjectUserSid":"S-1-5-21-4230534742-2542757381-3142984815-1111","SubjectUserName":"admmig","SubjectDomainName":"OFFSEC","SubjectLogonId":"0xab3c3fc80","ObjectServer":"DS","ObjectType":"%{bf967a9c-0de6-11d0-a285-00aa003049e2}","ObjectName":"%{e02b989d-b855-493a-9235-765993b70797}","OperationType":"Object Access","HandleId":"0x0","AccessList":"%%7688\r\n\t\t\t\t","AccessMask":"0x100","Properties":"%%7688\r\n\t\t{771727b1-31b8-4cdf-ae62-4fe39fadf89e}\r\n\t\t\t{612cb747-c0e8-4f92-9221-fdd5f15b550d}\r\n\t{bf967a9c-0de6-11d0-a285-00aa003049e2}\r\n","AdditionalInfo":"-","AdditionalInfo2":""}}}
{"Event_attributes":{"xmlns":"http://schemas.microsoft.com/win/2004/08/events/event"},"Event":{"System":{"Provider_attributes":{"Name":"Microsoft-Windows-Security-Auditing","Guid":"54849625-5478-4994-A5BA-3E3B0328C30D"},"EventID":4662,"Version":0,"Level":0,"Task":14080,"Opcode":0,"Keywords":"0x8020000000000000","TimeCreated_attributes":{"SystemTime":"2021-11-25T14:11:11.340381Z"},"EventRecordID":229230151,"Correlation_attributes":{"ActivityID":"44C9F4B0-B51C-0000-BEF4-C9441CB5D701"},"Execution_attributes":{"ProcessID":592,"ThreadID":6916},"Channel":"Security","Computer":"rootdc1.offsec.lan","Security":null},"EventData":{"SubjectUserSid":"S-1-5-21-4230534742-2542757381-3142984815-1111","SubjectUserName":"admmig","SubjectDomainName":"OFFSEC","SubjectLogonId":"0xab3c3fc80","ObjectServer":"DS","ObjectType":"%{bf967a9c-0de6-11d0-a285-00aa003049e2}","ObjectName":"%{49232b08-decc-4a86-a454-76bbd674bf18}","OperationType":"Object Access","HandleId":"0x0","AccessList":"%%7688\r\n\t\t\t\t","AccessMask":"0x100","Properties":"%%7688\r\n\t\t{771727b1-31b8-4cdf-ae62-4fe39fadf89e}\r\n\t\t\t{612cb747-c0e8-4f92-9221-fdd5f15b550d}\r\n\t{bf967a9c-0de6-11d0-a285-00aa003049e2}\r\n","AdditionalInfo":"-","AdditionalInfo2":""}}}
{"Event_attributes":{"xmlns":"http://schemas.microsoft.com/win/2004/08/events/event"},"Event":{"System":{"Provider_attributes":{"Name":"Microsoft-Windows-Security-Auditing","Guid":"54849625-5478-4994-A5BA-3E3B0328C30D"},"EventID":4662,"Version":0,"Level":0,"Task":14080,"Opcode":0,"Keywords":"0x8020000000000000","TimeCreated_attributes":{"SystemTime":"2021-11-25T14:11:11.342201Z"},"EventRecordID":229230152,"Correlation_attributes":{"ActivityID":"44C9F4B0-B51C-0000-BEF4-C9441CB5D701"},"Execution_attributes":{"ProcessID":592,"ThreadID":6916},"Channel":"Security","Computer":"rootdc1.offsec.lan","Security":null},"EventData":{"SubjectUserSid":"S-1-5-21-4230534742-2542757381-3142984815-1111","SubjectUserName":"admmig","SubjectDomainName":"OFFSEC","SubjectLogonId":"0xab3c3fc80","ObjectServer":"DS","ObjectType":"%{bf967a9c-0de6-11d0-a285-00aa003049e2}","ObjectName":"%{96650b92-5134-4cb9-8b68-480dd63887f6}","OperationType":"Object Access","HandleId":"0x0","AccessList":"%%7688\r\n\t\t\t\t","AccessMask":"0x100","Properties":"%%7688\r\n\t\t{771727b1-31b8-4cdf-ae62-4fe39fadf89e}\r\n\t\t\t{612cb747-c0e8-4f92-9221-fdd5f15b550d}\r\n\t{bf967a9c-0de6-11d0-a285-00aa003049e2}\r\n","AdditionalInfo":"-","AdditionalInfo2":""}}}
{"Event_attributes":{"xmlns":"http://schemas.microsoft.com/win/2004/08/events/event"},"Event":{"System":{"Provider_attributes":{"Name":"Microsoft-Windows-Security-Auditing","Guid":"54849625-5478-4994-A5BA-3E3B0328C30D"},"EventID":4662,"Version":0,"Level":0,"Task":14080,"Opcode":0,"Keywords":"0x8020000000000000","TimeCreated_attributes":{"SystemTime":"2021-11-25T14:11:11.342785Z"},"EventRecordID":229230153,"Correlation_attributes":{"ActivityID":"44C9F4B0-B51C-0000-BEF4-C9441CB5D701"},"Execution_attributes":{"ProcessID":592,"ThreadID":6916},"Channel":"Security","Computer":"rootdc1.offsec.lan","Security":null},"EventData":{"SubjectUserSid":"S-1-5-21-4230534742-2542757381-3142984815-1111","SubjectUserName":"admmig","SubjectDomainName":"OFFSEC","SubjectLogonId":"0xab3c3fc80","ObjectServer":"DS","ObjectType":"%{bf967a9c-0de6-11d0-a285-00aa003049e2}","ObjectName":"%{e6676497-a7c1-4e9a-8b2a-547ede5e6921}","OperationType":"Object Access","HandleId":"0x0","AccessList":"%%7688\r\n\t\t\t\t","AccessMask":"0x100","Properties":"%%7688\r\n\t\t{771727b1-31b8-4cdf-ae62-4fe39fadf89e}\r\n\t\t\t{612cb747-c0e8-4f92-9221-fdd5f15b550d}\r\n\t{bf967a9c-0de6-11d0-a285-00aa003049e2}\r\n","AdditionalInfo":"-","AdditionalInfo2":""}}}
{"Event_attributes":{"xmlns":"http://schemas.microsoft.com/win/2004/08/events/event"},"Event":{"System":{"Provider_attributes":{"Name":"Microsoft-Windows-Security-Auditing","Guid":"54849625-5478-4994-A5BA-3E3B0328C30D"},"EventID":4662,"Version":0,"Level":0,"Task":14080,"Opcode":0,"Keywords":"0x8020000000000000","TimeCreated_attributes":{"SystemTime":"2021-11-25T14:11:11.343321Z"},"EventRecordID":229230154,"Correlation_attributes":{"ActivityID":"44C9F4B0-B51C-0000-BEF4-C9441CB5D701"},"Execution_attributes":{"ProcessID":592,"ThreadID":6916},"Channel":"Security","Computer":"rootdc1.offsec.lan","Security":null},"EventData":{"SubjectUserSid":"S-1-5-21-4230534742-2542757381-3142984815-1111","SubjectUserName":"admmig","SubjectDomainName":"OFFSEC","SubjectLogonId":"0xab3c3fc80","ObjectServer":"DS","ObjectType":"%{bf967a9c-0de6-11d0-a285-00aa003049e2}","ObjectName":"%{665118e5-25b6-4e84-b131-114016ab19e6}","OperationType":"Object Access","HandleId":"0x0","AccessList":"%%7688\r\n\t\t\t\t","AccessMask":"0x100","Properties":"%%7688\r\n\t\t{771727b1-31b8-4cdf-ae62-4fe39fadf89e}\r\n\t\t\t{612cb747-c0e8-4f92-9221-fdd5f15b550d}\r\n\t{bf967a9c-0de6-11d0-a285-00aa003049e2}\r\n","AdditionalInfo":"-","AdditionalInfo2":""}}}
{"Event_attributes":{"xmlns":"http://schemas.microsoft.com/win/2004/08/events/event"},"Event":{"System":{"Provider_attributes":{"Name":"Microsoft-Windows-Security-Auditing","Guid":"54849625-5478-4994-A5BA-3E3B0328C30D"},"EventID":4662,"Version":0,"Level":0,"Task":14080,"Opcode":0,"Keywords":"0x8020000000000000","TimeCreated_attributes":{"SystemTime":"2021-11-25T14:11:11.343803Z"},"EventRecordID":229230155,"Correlation_attributes":{"ActivityID":"44C9F4B0-B51C-0000-BEF4-C9441CB5D701"},"Execution_attributes":{"ProcessID":592,"ThreadID":6916},"Channel":"Security","Computer":"rootdc1.offsec.lan","Security":null},"EventData":{"SubjectUserSid":"S-1-5-21-4230534742-2542757381-3142984815-1111","SubjectUserName":"admmig","SubjectDomainName":"OFFSEC","SubjectLogonId":"0xab3c3fc80","ObjectServer":"DS","ObjectType":"%{bf967a9c-0de6-11d0-a285-00aa003049e2}","ObjectName":"%{10aab0ee-1075-4fcd-a0a3-b2ac1fe847e1}","OperationType":"Object Access","HandleId":"0x0","AccessList":"%%7688\r\n\t\t\t\t","AccessMask":"0x100","Properties":"%%7688\r\n\t\t{771727b1-31b8-4cdf-ae62-4fe39fadf89e}\r\n\t\t\t{612cb747-c0e8-4f92-9221-fdd5f15b550d}\r\n\t{bf967a9c-0de6-11d0-a285-00aa003049e2}\r\n","AdditionalInfo":"-","AdditionalInfo2":""}}}
{"Event_attributes":{"xmlns":"http://schemas.microsoft.com/win/2004/08/events/event"},"Event":{"System":{"Provider_attributes":{"Name":"Microsoft-Windows-Security-Auditing","Guid":"54849625-5478-4994-A5BA-3E3B0328C30D"},"EventID":4662,"Version":0,"Level":0,"Task":14080,"Opcode":0,"Keywords":"0x8020000000000000","TimeCreated_attributes":{"SystemTime":"2021-11-25T14:11:11.344313Z"},"EventRecordID":229230156,"Correlation_attributes":{"ActivityID":"44C9F4B0-B51C-0000-BEF4-C9441CB5D701"},"Execution_attributes":{"ProcessID":592,"ThreadID":6916},"Channel":"Security","Computer":"rootdc1.offsec.lan","Security":null},"EventData":{"SubjectUserSid":"S-1-5-21-4230534742-2542757381-3142984815-1111","SubjectUserName":"admmig","SubjectDomainName":"OFFSEC","SubjectLogonId":"0xab3c3fc80","ObjectServer":"DS","ObjectType":"%{bf967a9c-0de6-11d0-a285-00aa003049e2}","ObjectName":"%{f8e5bffc-af68-4d67-a638-e6b434e823f2}","OperationType":"Object Access","HandleId":"0x0","AccessList":"%%7688\r\n\t\t\t\t","AccessMask":"0x100","Properties":"%%7688\r\n\t\t{771727b1-31b8-4cdf-ae62-4fe39fadf89e}\r\n\t\t\t{612cb747-c0e8-4f92-9221-fdd5f15b550d}\r\n\t{bf967a9c-0de6-11d0-a285-00aa003049e2}\r\n","AdditionalInfo":"-","AdditionalInfo2":""}}}
{"Event_attributes":{"xmlns":"http://schemas.microsoft.com/win/2004/08/events/event"},"Event":{"System":{"Provider_attributes":{"Name":"Microsoft-Windows-Security-Auditing","Guid":"54849625-5478-4994-A5BA-3E3B0328C30D"},"EventID":4662,"Version":0,"Level":0,"Task":14080,"Opcode":0,"Keywords":"0x8020000000000000","TimeCreated_attributes":{"SystemTime":"2021-11-25T14:11:11.344817Z"},"EventRecordID":229230157,"Correlation_attributes":{"ActivityID":"44C9F4B0-B51C-0000-BEF4-C9441CB5D701"},"Execution_attributes":{"ProcessID":592,"ThreadID":6916},"Channel":"Security","Computer":"rootdc1.offsec.lan","Security":null},"EventData":{"SubjectUserSid":"S-1-5-21-4230534742-2542757381-3142984815-1111","SubjectUserName":"admmig","SubjectDomainName":"OFFSEC","SubjectLogonId":"0xab3c3fc80","ObjectServer":"DS","ObjectType":"%{bf967a9c-0de6-11d0-a285-00aa003049e2}","ObjectName":"%{0be23cad-c05b-4f45-88ab-6b415eac2472}","OperationType":"Object Access","HandleId":"0x0","AccessList":"%%7688\r\n\t\t\t\t","AccessMask":"0x100","Properties":"%%7688\r\n\t\t{771727b1-31b8-4cdf-ae62-4fe39fadf89e}\r\n\t\t\t{612cb747-c0e8-4f92-9221-fdd5f15b550d}\r\n\t{bf967a9c-0de6-11d0-a285-00aa003049e2}\r\n","AdditionalInfo":"-","AdditionalInfo2":""}}}
{"Event_attributes":{"xmlns":"http://schemas.microsoft.com/win/2004/08/events/event"},"Event":{"System":{"Provider_attributes":{"Name":"Microsoft-Windows-Security-Auditing","Guid":"54849625-5478-4994-A5BA-3E3B0328C30D"},"EventID":4662,"Version":0,"Level":0,"Task":14080,"Opcode":0,"Keywords":"0x8020000000000000","TimeCreated_attributes":{"SystemTime":"2021-11-25T14:11:11.345302Z"},"EventRecordID":229230158,"Correlation_attributes":{"ActivityID":"44C9F4B0-B51C-0000-BEF4-C9441CB5D701"},"Execution_attributes":{"ProcessID":592,"ThreadID":6916},"Channel":"Security","Computer":"rootdc1.offsec.lan","Security":null},"EventData":{"SubjectUserSid":"S-1-5-21-4230534742-2542757381-3142984815-1111","SubjectUserName":"admmig","SubjectDomainName":"OFFSEC","SubjectLogonId":"0xab3c3fc80","ObjectServer":"DS","ObjectType":"%{bf967a9c-0de6-11d0-a285-00aa003049e2}","ObjectName":"%{b009227a-b1ac-4945-a83b-b226c11faf91}","OperationType":"Object Access","HandleId":"0x0","AccessList":"%%7688\r\n\t\t\t\t","AccessMask":"0x100","Properties":"%%7688\r\n\t\t{771727b1-31b8-4cdf-ae62-4fe39fadf89e}\r\n\t\t\t{612cb747-c0e8-4f92-9221-fdd5f15b550d}\r\n\t{bf967a9c-0de6-11d0-a285-00aa003049e2}\r\n","AdditionalInfo":"-","AdditionalInfo2":""}}}
{"Event_attributes":{"xmlns":"http://schemas.microsoft.com/win/2004/08/events/event"},"Event":{"System":{"Provider_attributes":{"Name":"Microsoft-Windows-Security-Auditing","Guid":"54849625-5478-4994-A5BA-3E3B0328C30D"},"EventID":4662,"Version":0,"Level":0,"Task":14080,"Opcode":0,"Keywords":"0x8020000000000000","TimeCreated_attributes":{"SystemTime":"2021-11-25T14:11:11.345790Z"},"EventRecordID":229230159,"Correlation_attributes":{"ActivityID":"44C9F4B0-B51C-0000-BEF4-C9441CB5D701"},"Execution_attributes":{"ProcessID":592,"ThreadID":6916},"Channel":"Security","Computer":"rootdc1.offsec.lan","Security":null},"EventData":{"SubjectUserSid":"S-1-5-21-4230534742-2542757381-3142984815-1111","SubjectUserName":"admmig","SubjectDomainName":"OFFSEC","SubjectLogonId":"0xab3c3fc80","ObjectServer":"DS","ObjectType":"%{bf967a9c-0de6-11d0-a285-00aa003049e2}","ObjectName":"%{3fcf13c7-8818-47ec-bc67-e0f6e14aadf9}","OperationType":"Object Access","HandleId":"0x0","AccessList":"%%7688\r\n\t\t\t\t","AccessMask":"0x100","Properties":"%%7688\r\n\t\t{771727b1-31b8-4cdf-ae62-4fe39fadf89e}\r\n\t\t\t{612cb747-c0e8-4f92-9221-fdd5f15b550d}\r\n\t{bf967a9c-0de6-11d0-a285-00aa003049e2}\r\n","AdditionalInfo":"-","AdditionalInfo2":""}}}
{"Event_attributes":{"xmlns":"http://schemas.microsoft.com/win/2004/08/events/event"},"Event":{"System":{"Provider_attributes":{"Name":"Microsoft-Windows-Security-Auditing","Guid":"54849625-5478-4994-A5BA-3E3B0328C30D"},"EventID":4662,"Version":0,"Level":0,"Task":14080,"Opcode":0,"Keywords":"0x8020000000000000","TimeCreated_attributes":{"SystemTime":"2021-11-25T14:11:11.346364Z"},"EventRecordID":229230160,"Correlation_attributes":{"ActivityID":"44C9F4B0-B51C-0000-BEF4-C9441CB5D701"},"Execution_attributes":{"ProcessID":592,"ThreadID":6916},"Channel":"Security","Computer":"rootdc1.offsec.lan","Security":null},"EventData":{"SubjectUserSid":"S-1-5-21-4230534742-2542757381-3142984815-1111","SubjectUserName":"admmig","SubjectDomainName":"OFFSEC","SubjectLogonId":"0xab3c3fc80","ObjectServer":"DS","ObjectType":"%{bf967a9c-0de6-11d0-a285-00aa003049e2}","ObjectName":"%{0c822143-85a8-408c-bc4e-1d92f431813b}","OperationType":"Object Access","HandleId":"0x0","AccessList":"%%7688\r\n\t\t\t\t","AccessMask":"0x100","Properties":"%%7688\r\n\t\t{771727b1-31b8-4cdf-ae62-4fe39fadf89e}\r\n\t\t\t{612cb747-c0e8-4f92-9221-fdd5f15b550d}\r\n\t{bf967a9c-0de6-11d0-a285-00aa003049e2}\r\n","AdditionalInfo":"-","AdditionalInfo2":""}}}
{"Event_attributes":{"xmlns":"http://schemas.microsoft.com/win/2004/08/events/event"},"Event":{"System":{"Provider_attributes":{"Name":"Microsoft-Windows-Security-Auditing","Guid":"54849625-5478-4994-A5BA-3E3B0328C30D"},"EventID":4662,"Version":0,"Level":0,"Task":14080,"Opcode":0,"Keywords":"0x8020000000000000","TimeCreated_attributes":{"SystemTime":"2021-11-25T14:11:11.346858Z"},"EventRecordID":229230161,"Correlation_attributes":{"ActivityID":"44C9F4B0-B51C-0000-BEF4-C9441CB5D701"},"Execution_attributes":{"ProcessID":592,"ThreadID":6916},"Channel":"Security","Computer":"rootdc1.offsec.lan","Security":null},"EventData":{"SubjectUserSid":"S-1-5-21-4230534742-2542757381-3142984815-1111","SubjectUserName":"admmig","SubjectDomainName":"OFFSEC","SubjectLogonId":"0xab3c3fc80","ObjectServer":"DS","ObjectType":"%{bf967a9c-0de6-11d0-a285-00aa003049e2}","ObjectName":"%{796dd7c1-261a-4126-926d-b20fbac1e55d}","OperationType":"Object Access","HandleId":"0x0","AccessList":"%%7688\r\n\t\t\t\t","AccessMask":"0x100","Properties":"%%7688\r\n\t\t{771727b1-31b8-4cdf-ae62-4fe39fadf89e}\r\n\t\t\t{612cb747-c0e8-4f92-9221-fdd5f15b550d}\r\n\t{bf967a9c-0de6-11d0-a285-00aa003049e2}\r\n","AdditionalInfo":"-","AdditionalInfo2":""}}}
{"Event_attributes":{"xmlns":"http://schemas.microsoft.com/win/2004/08/events/event"},"Event":{"System":{"Provider_attributes":{"Name":"Microsoft-Windows-Security-Auditing","Guid":"54849625-5478-4994-A5BA-3E3B0328C30D"},"EventID":4662,"Version":0,"Level":0,"Task":14080,"Opcode":0,"Keywords":"0x8020000000000000","TimeCreated_attributes":{"SystemTime":"2021-11-25T14:11:11.347465Z"},"EventRecordID":229230162,"Correlation_attributes":{"ActivityID":"44C9F4B0-B51C-0000-BEF4-C9441CB5D701"},"Execution_attributes":{"ProcessID":592,"ThreadID":6916},"Channel":"Security","Computer":"rootdc1.offsec.lan","Security":null},"EventData":{"SubjectUserSid":"S-1-5-21-4230534742-2542757381-3142984815-1111","SubjectUserName":"admmig","SubjectDomainName":"OFFSEC","SubjectLogonId":"0xab3c3fc80","ObjectServer":"DS","ObjectType":"%{bf967a9c-0de6-11d0-a285-00aa003049e2}","ObjectName":"%{5163b6f2-9515-46bc-b92b-421fceedb231}","OperationType":"Object Access","HandleId":"0x0","AccessList":"%%7688\r\n\t\t\t\t","AccessMask":"0x100","Properties":"%%7688\r\n\t\t{771727b1-31b8-4cdf-ae62-4fe39fadf89e}\r\n\t\t\t{612cb747-c0e8-4f92-9221-fdd5f15b550d}\r\n\t{bf967a9c-0de6-11d0-a285-00aa003049e2}\r\n","AdditionalInfo":"-","AdditionalInfo2":""}}}
{"Event_attributes":{"xmlns":"http://schemas.microsoft.com/win/2004/08/events/event"},"Event":{"System":{"Provider_attributes":{"Name":"Microsoft-Windows-Security-Auditing","Guid":"54849625-5478-4994-A5BA-3E3B0328C30D"},"EventID":4662,"Version":0,"Level":0,"Task":14080,"Opcode":0,"Keywords":"0x8020000000000000","TimeCreated_attributes":{"SystemTime":"2021-11-25T14:11:11.348106Z"},"EventRecordID":229230163,"Correlation_attributes":{"ActivityID":"44C9F4B0-B51C-0000-BEF4-C9441CB5D701"},"Execution_attributes":{"ProcessID":592,"ThreadID":6916},"Channel":"Security","Computer":"rootdc1.offsec.lan","Security":null},"EventData":{"SubjectUserSid":"S-1-5-21-4230534742-2542757381-3142984815-1111","SubjectUserName":"admmig","SubjectDomainName":"OFFSEC","SubjectLogonId":"0xab3c3fc80","ObjectServer":"DS","ObjectType":"%{bf967a9c-0de6-11d0-a285-00aa003049e2}","ObjectName":"%{15463e9f-af6e-4100-9ecf-c963f1aeda87}","OperationType":"Object Access","HandleId":"0x0","AccessList":"%%7688\r\n\t\t\t\t","AccessMask":"0x100","Properties":"%%7688\r\n\t\t{771727b1-31b8-4cdf-ae62-4fe39fadf89e}\r\n\t\t\t{612cb747-c0e8-4f92-9221-fdd5f15b550d}\r\n\t{bf967a9c-0de6-11d0-a285-00aa003049e2}\r\n","AdditionalInfo":"-","AdditionalInfo2":""}}}
{"Event_attributes":{"xmlns":"http://schemas.microsoft.com/win/2004/08/events/event"},"Event":{"System":{"Provider_attributes":{"Name":"Microsoft-Windows-Security-Auditing","Guid":"54849625-5478-4994-A5BA-3E3B0328C30D"},"EventID":4662,"Version":0,"Level":0,"Task":14080,"Opcode":0,"Keywords":"0x8020000000000000","TimeCreated_attributes":{"SystemTime":"2021-11-25T14:11:11.348617Z"},"EventRecordID":229230164,"Correlation_attributes":{"ActivityID":"44C9F4B0-B51C-0000-BEF4-C9441CB5D701"},"Execution_attributes":{"ProcessID":592,"ThreadID":6916},"Channel":"Security","Computer":"rootdc1.offsec.lan","Security":null},"EventData":{"SubjectUserSid":"S-1-5-21-4230534742-2542757381-3142984815-1111","SubjectUserName":"admmig","SubjectDomainName":"OFFSEC","SubjectLogonId":"0xab3c3fc80","ObjectServer":"DS","ObjectType":"%{bf967a9c-0de6-11d0-a285-00aa003049e2}","ObjectName":"%{14f2e6dc-299f-4a68-887c-d2fe73daa512}","OperationType":"Object Access","HandleId":"0x0","AccessList":"%%7688\r\n\t\t\t\t","AccessMask":"0x100","Properties":"%%7688\r\n\t\t{771727b1-31b8-4cdf-ae62-4fe39fadf89e}\r\n\t\t\t{612cb747-c0e8-4f92-9221-fdd5f15b550d}\r\n\t{bf967a9c-0de6-11d0-a285-00aa003049e2}\r\n","AdditionalInfo":"-","AdditionalInfo2":""}}}
{"Event_attributes":{"xmlns":"http://schemas.microsoft.com/win/2004/08/events/event"},"Event":{"System":{"Provider_attributes":{"Name":"Microsoft-Windows-Security-Auditing","Guid":"54849625-5478-4994-A5BA-3E3B0328C30D"},"EventID":4662,"Version":0,"Level":0,"Task":14080,"Opcode":0,"Keywords":"0x8020000000000000","TimeCreated_attributes":{"SystemTime":"2021-11-25T14:11:11.349132Z"},"EventRecordID":229230165,"Correlation_attributes":{"ActivityID":"44C9F4B0-B51C-0000-BEF4-C9441CB5D701"},"Execution_attributes":{"ProcessID":592,"ThreadID":6916},"Channel":"Security","Computer":"rootdc1.offsec.lan","Security":null},"EventData":{"SubjectUserSid":"S-1-5-21-4230534742-2542757381-3142984815-1111","SubjectUserName":"admmig","SubjectDomainName":"OFFSEC","SubjectLogonId":"0xab3c3fc80","ObjectServer":"DS","ObjectType":"%{bf967a9c-0de6-11d0-a285-00aa003049e2}","ObjectName":"%{b22b2995-6d0c-4a77-97e7-b494eecc413f}","OperationType":"Object Access","HandleId":"0x0","AccessList":"%%7688\r\n\t\t\t\t","AccessMask":"0x100","Properties":"%%7688\r\n\t\t{771727b1-31b8-4cdf-ae62-4fe39fadf89e}\r\n\t\t\t{612cb747-c0e8-4f92-9221-fdd5f15b550d}\r\n\t{bf967a9c-0de6-11d0-a285-00aa003049e2}\r\n","AdditionalInfo":"-","AdditionalInfo2":""}}}
{"Event_attributes":{"xmlns":"http://schemas.microsoft.com/win/2004/08/events/event"},"Event":{"System":{"Provider_attributes":{"Name":"Microsoft-Windows-Security-Auditing","Guid":"54849625-5478-4994-A5BA-3E3B0328C30D"},"EventID":4662,"Version":0,"Level":0,"Task":14080,"Opcode":0,"Keywords":"0x8020000000000000","TimeCreated_attributes":{"SystemTime":"2021-11-25T14:11:11.349497Z"},"EventRecordID":229230166,"Correlation_attributes":{"ActivityID":"44C9F4B0-B51C-0000-BEF4-C9441CB5D701"},"Execution_attributes":{"ProcessID":592,"ThreadID":6916},"Channel":"Security","Computer":"rootdc1.offsec.lan","Security":null},"EventData":{"SubjectUserSid":"S-1-5-21-4230534742-2542757381-3142984815-1111","SubjectUserName":"admmig","SubjectDomainName":"OFFSEC","SubjectLogonId":"0xab3c3fc80","ObjectServer":"DS","ObjectType":"%{bf967a9c-0de6-11d0-a285-00aa003049e2}","ObjectName":"%{ecebc37b-170b-4ebf-953a-7a96dbb584c5}","OperationType":"Object Access","HandleId":"0x0","AccessList":"%%7688\r\n\t\t\t\t","AccessMask":"0x100","Properties":"%%7688\r\n\t\t{771727b1-31b8-4cdf-ae62-4fe39fadf89e}\r\n\t\t\t{612cb747-c0e8-4f92-9221-fdd5f15b550d}\r\n\t{bf967a9c-0de6-11d0-a285-00aa003049e2}\r\n","AdditionalInfo":"-","AdditionalInfo2":""}}}
{"Event_attributes":{"xmlns":"http://schemas.microsoft.com/win/2004/08/events/event"},"Event":{"System":{"Provider_attributes":{"Name":"Microsoft-Windows-Security-Auditing","Guid":"54849625-5478-4994-A5BA-3E3B0328C30D"},"EventID":4662,"Version":0,"Level":0,"Task":14080,"Opcode":0,"Keywords":"0x8020000000000000","TimeCreated_attributes":{"SystemTime":"2021-11-25T14:11:11.349869Z"},"EventRecordID":229230167,"Correlation_attributes":{"ActivityID":"44C9F4B0-B51C-0000-BEF4-C9441CB5D701"},"Execution_attributes":{"ProcessID":592,"ThreadID":6916},"Channel":"Security","Computer":"rootdc1.offsec.lan","Security":null},"EventData":{"SubjectUserSid":"S-1-5-21-4230534742-2542757381-3142984815-1111","SubjectUserName":"admmig","SubjectDomainName":"OFFSEC","SubjectLogonId":"0xab3c3fc80","ObjectServer":"DS","ObjectType":"%{bf967a9c-0de6-11d0-a285-00aa003049e2}","ObjectName":"%{759f1e6e-a65d-4e5e-8501-1fcf4f2e1185}","OperationType":"Object Access","HandleId":"0x0","AccessList":"%%7688\r\n\t\t\t\t","AccessMask":"0x100","Properties":"%%7688\r\n\t\t{771727b1-31b8-4cdf-ae62-4fe39fadf89e}\r\n\t\t\t{612cb747-c0e8-4f92-9221-fdd5f15b550d}\r\n\t{bf967a9c-0de6-11d0-a285-00aa003049e2}\r\n","AdditionalInfo":"-","AdditionalInfo2":""}}}
{"Event_attributes":{"xmlns":"http://schemas.microsoft.com/win/2004/08/events/event"},"Event":{"System":{"Provider_attributes":{"Name":"Microsoft-Windows-Security-Auditing","Guid":"54849625-5478-4994-A5BA-3E3B0328C30D"},"EventID":4662,"Version":0,"Level":0,"Task":14080,"Opcode":0,"Keywords":"0x8020000000000000","TimeCreated_attributes":{"SystemTime":"2021-11-25T14:11:11.350234Z"},"EventRecordID":229230168,"Correlation_attributes":{"ActivityID":"44C9F4B0-B51C-0000-BEF4-C9441CB5D701"},"Execution_attributes":{"ProcessID":592,"ThreadID":6916},"Channel":"Security","Computer":"rootdc1.offsec.lan","Security":null},"EventData":{"SubjectUserSid":"S-1-5-21-4230534742-2542757381-3142984815-1111","SubjectUserName":"admmig","SubjectDomainName":"OFFSEC","SubjectLogonId":"0xab3c3fc80","ObjectServer":"DS","ObjectType":"%{bf967a9c-0de6-11d0-a285-00aa003049e2}","ObjectName":"%{0a3c681f-a1e2-46da-b418-f5f6a8be67b8}","OperationType":"Object Access","HandleId":"0x0","AccessList":"%%7688\r\n\t\t\t\t","AccessMask":"0x100","Properties":"%%7688\r\n\t\t{771727b1-31b8-4cdf-ae62-4fe39fadf89e}\r\n\t\t\t{612cb747-c0e8-4f92-9221-fdd5f15b550d}\r\n\t{bf967a9c-0de6-11d0-a285-00aa003049e2}\r\n","AdditionalInfo":"-","AdditionalInfo2":""}}}
{"Event_attributes":{"xmlns":"http://schemas.microsoft.com/win/2004/08/events/event"},"Event":{"System":{"Provider_attributes":{"Name":"Microsoft-Windows-Security-Auditing","Guid":"54849625-5478-4994-A5BA-3E3B0328C30D"},"EventID":4662,"Version":0,"Level":0,"Task":14080,"Opcode":0,"Keywords":"0x8020000000000000","TimeCreated_attributes":{"SystemTime":"2021-11-25T14:11:11.350579Z"},"EventRecordID":229230169,"Correlation_attributes":{"ActivityID":"44C9F4B0-B51C-0000-BEF4-C9441CB5D701"},"Execution_attributes":{"ProcessID":592,"ThreadID":6916},"Channel":"Security","Computer":"rootdc1.offsec.lan","Security":null},"EventData":{"SubjectUserSid":"S-1-5-21-4230534742-2542757381-3142984815-1111","SubjectUserName":"admmig","SubjectDomainName":"OFFSEC","SubjectLogonId":"0xab3c3fc80","ObjectServer":"DS","ObjectType":"%{bf967a9c-0de6-11d0-a285-00aa003049e2}","ObjectName":"%{6f000cec-e9e1-48e0-be41-b6c18ccc0610}","OperationType":"Object Access","HandleId":"0x0","AccessList":"%%7688\r\n\t\t\t\t","AccessMask":"0x100","Properties":"%%7688\r\n\t\t{771727b1-31b8-4cdf-ae62-4fe39fadf89e}\r\n\t\t\t{612cb747-c0e8-4f92-9221-fdd5f15b550d}\r\n\t{bf967a9c-0de6-11d0-a285-00aa003049e2}\r\n","AdditionalInfo":"-","AdditionalInfo2":""}}}
{"Event_attributes":{"xmlns":"http://schemas.microsoft.com/win/2004/08/events/event"},"Event":{"System":{"Provider_attributes":{"Name":"Microsoft-Windows-Security-Auditing","Guid":"54849625-5478-4994-A5BA-3E3B0328C30D"},"EventID":4662,"Version":0,"Level":0,"Task":14080,"Opcode":0,"Keywords":"0x8020000000000000","TimeCreated_attributes":{"SystemTime":"2021-11-25T14:11:11.351027Z"},"EventRecordID":229230170,"Correlation_attributes":{"ActivityID":"44C9F4B0-B51C-0000-BEF4-C9441CB5D701"},"Execution_attributes":{"ProcessID":592,"ThreadID":6916},"Channel":"Security","Computer":"rootdc1.offsec.lan","Security":null},"EventData":{"SubjectUserSid":"S-1-5-21-4230534742-2542757381-3142984815-1111","SubjectUserName":"admmig","SubjectDomainName":"OFFSEC","SubjectLogonId":"0xab3c3fc80","ObjectServer":"DS","ObjectType":"%{bf967a9c-0de6-11d0-a285-00aa003049e2}","ObjectName":"%{223864a3-10f7-4096-8eb7-08cb79216eae}","OperationType":"Object Access","HandleId":"0x0","AccessList":"%%7688\r\n\t\t\t\t","AccessMask":"0x100","Properties":"%%7688\r\n\t\t{771727b1-31b8-4cdf-ae62-4fe39fadf89e}\r\n\t\t\t{612cb747-c0e8-4f92-9221-fdd5f15b550d}\r\n\t{bf967a9c-0de6-11d0-a285-00aa003049e2}\r\n","AdditionalInfo":"-","AdditionalInfo2":""}}}
{"Event_attributes":{"xmlns":"http://schemas.microsoft.com/win/2004/08/events/event"},"Event":{"System":{"Provider_attributes":{"Name":"Microsoft-Windows-Security-Auditing","Guid":"54849625-5478-4994-A5BA-3E3B0328C30D"},"EventID":4662,"Version":0,"Level":0,"Task":14080,"Opcode":0,"Keywords":"0x8020000000000000","TimeCreated_attributes":{"SystemTime":"2021-11-25T14:11:11.351461Z"},"EventRecordID":229230171,"Correlation_attributes":{"ActivityID":"44C9F4B0-B51C-0000-BEF4-C9441CB5D701"},"Execution_attributes":{"ProcessID":592,"ThreadID":6916},"Channel":"Security","Computer":"rootdc1.offsec.lan","Security":null},"EventData":{"SubjectUserSid":"S-1-5-21-4230534742-2542757381-3142984815-1111","SubjectUserName":"admmig","SubjectDomainName":"OFFSEC","SubjectLogonId":"0xab3c3fc80","ObjectServer":"DS","ObjectType":"%{bf967a9c-0de6-11d0-a285-00aa003049e2}","ObjectName":"%{95a78d5e-ed80-426a-a73a-611b39086e74}","OperationType":"Object Access","HandleId":"0x0","AccessList":"%%7688\r\n\t\t\t\t","AccessMask":"0x100","Properties":"%%7688\r\n\t\t{771727b1-31b8-4cdf-ae62-4fe39fadf89e}\r\n\t\t\t{612cb747-c0e8-4f92-9221-fdd5f15b550d}\r\n\t{bf967a9c-0de6-11d0-a285-00aa003049e2}\r\n","AdditionalInfo":"-","AdditionalInfo2":""}}}
{"Event_attributes":{"xmlns":"http://schemas.microsoft.com/win/2004/08/events/event"},"Event":{"System":{"Provider_attributes":{"Name":"Microsoft-Windows-Security-Auditing","Guid":"54849625-5478-4994-A5BA-3E3B0328C30D"},"EventID":4662,"Version":0,"Level":0,"Task":14080,"Opcode":0,"Keywords":"0x8020000000000000","TimeCreated_attributes":{"SystemTime":"2021-11-25T14:11:11.351804Z"},"EventRecordID":229230172,"Correlation_attributes":{"ActivityID":"44C9F4B0-B51C-0000-BEF4-C9441CB5D701"},"Execution_attributes":{"ProcessID":592,"ThreadID":6916},"Channel":"Security","Computer":"rootdc1.offsec.lan","Security":null},"EventData":{"SubjectUserSid":"S-1-5-21-4230534742-2542757381-3142984815-1111","SubjectUserName":"admmig","SubjectDomainName":"OFFSEC","SubjectLogonId":"0xab3c3fc80","ObjectServer":"DS","ObjectType":"%{bf967a9c-0de6-11d0-a285-00aa003049e2}","ObjectName":"%{d6db55e3-8f77-4822-98df-fb22af96948c}","OperationType":"Object Access","HandleId":"0x0","AccessList":"%%7688\r\n\t\t\t\t","AccessMask":"0x100","Properties":"%%7688\r\n\t\t{771727b1-31b8-4cdf-ae62-4fe39fadf89e}\r\n\t\t\t{612cb747-c0e8-4f92-9221-fdd5f15b550d}\r\n\t{bf967a9c-0de6-11d0-a285-00aa003049e2}\r\n","AdditionalInfo":"-","AdditionalInfo2":""}}}
