{"Event_attributes":{"xmlns":"http://schemas.microsoft.com/win/2004/08/events/event"},"Event":{"System":{"Provider_attributes":{"Name":"Microsoft-Windows-Security-Auditing","Guid":"{54849625-5478-4994-A5BA-3E3B0328C30D}"},"EventID":"4624","Version":"2","Level":"0","Task":"12544","Opcode":"0","Keywords":"0x8020000000000000","TimeCreated_attributes":{"SystemTime":"2021-05-03T08:58:38.775940700Z"},"EventRecordID":"1601368","Correlation_attributes":{"ActivityID":"{5D21085D-09CF-0000-7408-215DCF09D701}"},"Execution_attributes":{"ProcessID":"572","ThreadID":"5592"},"Channel":"Security","Computer":"webiis01.offsec.lan","Security":null},"EventData":{"SubjectUserSid":"S-1-0-0","SubjectUserName":"-","SubjectDomainName":"-","SubjectLogonId":"0x0","TargetUserSid":"S-1-5-21-4230534742-2542757381-3142984815-1111","TargetUserName":"admmig","TargetDomainName":"OFFSEC.LAN","TargetLogonId":"0x258b9ef8","LogonType":"3","LogonProcessName":"Kerberos","AuthenticationPackageName":"Kerberos","WorkstationName":"-","LogonGuid":"{14147ED4-EA5C-3E84-6276-EE296E6357B4}","TransmittedServices":"-","LmPackageName":"-","KeyLength":"0","ProcessId":"0x0","ProcessName":"-","IpAddress":"10.23.23.9","IpPort":"62235","ImpersonationLevel":"%%1833","RestrictedAdminMode":"-","TargetOutboundUserName":"-","TargetOutboundDomainName":"-","VirtualAccount":"%%1843","TargetLinkedLogonId":"0x0","ElevatedToken":"%%1842"}}}
{"Event_attributes":{"xmlns":"http://schemas.microsoft.com/win/2004/08/events/event"},"Event":{"System":{"Provider_attributes":{"Name":"Microsoft-Windows-Security-Auditing","Guid":"{54849625-5478-4994-A5BA-3E3B0328C30D}"},"EventID":"4624","Version":"2","Level":"0","Task":"12544","Opcode":"0","Keywords":"0x8020000000000000","TimeCreated_attributes":{"SystemTime":"2021-05-03T08:58:38.775943000Z"},"EventRecordID":"1601369","Correlation_attributes":{"ActivityID":"{5D21085D-09CF-0000-7408-215DCF09D701}"},"Execution_attributes":{"ProcessID":"572","ThreadID":"2828"},"Channel":"Security","Computer":"webiis01.offsec.lan","Security":null},"EventData":{"SubjectUserSid":"S-1-0-0","SubjectUserName":"-","SubjectDomainName":"-","SubjectLogonId":"0x0","TargetUserSid":"S-1-5-21-4230534742-2542757381-3142984815-1111","TargetUserName":"admmig","TargetDomainName":"OFFSEC.LAN","TargetLogonId":"0x258b9efd","LogonType":"3","LogonProcessName":"Kerberos","AuthenticationPackageName":"Kerberos","WorkstationName":"-","LogonGuid":"{14147ED4-EA5C-3E84-6276-EE296E6357B4}","TransmittedServices":"-","LmPackageName":"-","KeyLength":"0","ProcessId":"0x0","ProcessName":"-","IpAddress":"10.23.23.9","IpPort":"62236","ImpersonationLevel":"%%1833","RestrictedAdminMode":"-","TargetOutboundUserName":"-","TargetOutboundDomainName":"-","VirtualAccount":"%%1843","TargetLinkedLogonId":"0x0","ElevatedToken":"%%1842"}}}
{"Event_attributes":{"xmlns":"http://schemas.microsoft.com/win/2004/08/events/event"},"Event":{"System":{"Provider_attributes":{"Name":"Microsoft-Windows-Security-Auditing","Guid":"{54849625-5478-4994-A5BA-3E3B0328C30D}"},"EventID":"4624","Version":"2","Level":"0","Task":"12544","Opcode":"0","Keywords":"0x8020000000000000","TimeCreated_attributes":{"SystemTime":"2021-05-03T08:58:38.762631100Z"},"EventRecordID":"1803156","Correlation_attributes":{"ActivityID":"{E6DE4A6E-10DB-0000-864A-DEE6DB10D701}"},"Execution_attributes":{"ProcessID":"568","ThreadID":"1528"},"Channel":"Security","Computer":"fs01.offsec.lan","Security":null},"EventData":{"SubjectUserSid":"S-1-0-0","SubjectUserName":"-","SubjectDomainName":"-","SubjectLogonId":"0x0","TargetUserSid":"S-1-5-21-4230534742-2542757381-3142984815-1111","TargetUserName":"admmig","TargetDomainName":"OFFSEC.LAN","TargetLogonId":"0x28da8a22","LogonType":"3","LogonProcessName":"Kerberos","AuthenticationPackageName":"Kerberos","WorkstationName":"-","LogonGuid":"{8F96FA81-F1C0-3CDA-1865-8F737F5739F7}","TransmittedServices":"-","LmPackageName":"-","KeyLength":"0","ProcessId":"0x0","ProcessName":"-","IpAddress":"10.23.23.9","IpPort":"62208","ImpersonationLevel":"%%1833","RestrictedAdminMode":"-","TargetOutboundUserName":"-","TargetOutboundDomainName":"-","VirtualAccount":"%%1843","TargetLinkedLogonId":"0x0","ElevatedToken":"%%1842"}}}
{"Event_attributes":{"xmlns":"http://schemas.microsoft.com/win/2004/08/events/event"},"Event":{"System":{"Provider_attributes":{"Name":"Microsoft-Windows-Security-Auditing","Guid":"{54849625-5478-4994-A5BA-3E3B0328C30D}"},"EventID":"4624","Version":"2","Level":"0","Task":"12544","Opcode":"0","Keywords":"0x8020000000000000","TimeCreated_attributes":{"SystemTime":"2021-05-03T08:58:38.771458000Z"},"EventRecordID":"1803162","Correlation_attributes":{"ActivityID":"{E6DE4A6E-10DB-0000-864A-DEE6DB10D701}"},"Execution_attributes":{"ProcessID":"568","ThreadID":"4260"},"Channel":"Security","Computer":"fs01.offsec.lan","Security":null},"EventData":{"SubjectUserSid":"S-1-0-0","SubjectUserName":"-","SubjectDomainName":"-","SubjectLogonId":"0x0","TargetUserSid":"S-1-5-21-4230534742-2542757381-3142984815-1111","TargetUserName":"admmig","TargetDomainName":"OFFSEC.LAN","TargetLogonId":"0x28da8a5a","LogonType":"3","LogonProcessName":"Kerberos","AuthenticationPackageName":"Kerberos","WorkstationName":"-","LogonGuid":"{8F96FA81-F1C0-3CDA-1865-8F737F5739F7}","TransmittedServices":"-","LmPackageName":"-","KeyLength":"0","ProcessId":"0x0","ProcessName":"-","IpAddress":"10.23.23.9","IpPort":"62216","ImpersonationLevel":"%%1833","RestrictedAdminMode":"-","TargetOutboundUserName":"-","TargetOutboundDomainName":"-","VirtualAccount":"%%1843","TargetLinkedLogonId":"0x0","ElevatedToken":"%%1842"}}}
{"Event_attributes":{"xmlns":"http://schemas.microsoft.com/win/2004/08/events/event"},"Event":{"System":{"Provider_attributes":{"Name":"Microsoft-Windows-Security-Auditing","Guid":"{54849625-5478-4994-A5BA-3E3B0328C30D}"},"EventID":"4624","Version":"2","Level":"0","Task":"12544","Opcode":"0","Keywords":"0x8020000000000000","TimeCreated_attributes":{"SystemTime":"2021-05-03T08:58:38.772847100Z"},"EventRecordID":"1803166","Correlation_attributes":{"ActivityID":"{E6DE4A6E-10DB-0000-864A-DEE6DB10D701}"},"Execution_attributes":{"ProcessID":"568","ThreadID":"4260"},"Channel":"Security","Computer":"fs01.offsec.lan","Security":null},"EventData":{"SubjectUserSid":"S-1-0-0","SubjectUserName":"-","SubjectDomainName":"-","SubjectLogonId":"0x0","TargetUserSid":"S-1-5-21-4230534742-2542757381-3142984815-1111","TargetUserName":"admmig","TargetDomainName":"OFFSEC.LAN","TargetLogonId":"0x28da8a76","LogonType":"3","LogonProcessName":"Kerberos","AuthenticationPackageName":"Kerberos","WorkstationName":"-","LogonGuid":"{8F96FA81-F1C0-3CDA-1865-8F737F5739F7}","TransmittedServices":"-","LmPackageName":"-","KeyLength":"0","ProcessId":"0x0","ProcessName":"-","IpAddress":"10.23.23.9","IpPort":"62217","ImpersonationLevel":"%%1833","RestrictedAdminMode":"-","TargetOutboundUserName":"-","TargetOutboundDomainName":"-","VirtualAccount":"%%1843","TargetLinkedLogonId":"0x0","ElevatedToken":"%%1842"}}}
{"Event_attributes":{"xmlns":"http://schemas.microsoft.com/win/2004/08/events/event"},"Event":{"System":{"Provider_attributes":{"Name":"Microsoft-Windows-Security-Auditing","Guid":"{54849625-5478-4994-A5BA-3E3B0328C30D}"},"EventID":"4799","Version":"0","Level":"0","Task":"13826","Opcode":"0","Keywords":"0x8020000000000000","TimeCreated_attributes":{"SystemTime":"2021-05-03T08:58:38.773363500Z"},"EventRecordID":"1803170","Correlation_attributes":{"ActivityID":"{E6DE4A6E-10DB-0000-864A-DEE6DB10D701}"},"Execution_attributes":{"ProcessID":"568","ThreadID":"4260"},"Channel":"Security","Computer":"fs01.offsec.lan","Security":null},"EventData":{"TargetUserName":"Administrators","TargetDomainName":"Builtin","TargetSid":"S-1-5-32-544","SubjectUserSid":"S-1-5-21-4230534742-2542757381-3142984815-1111","SubjectUserName":"admmig","SubjectDomainName":"OFFSEC","SubjectLogonId":"0x28da8a22","CallerProcessId":"0x0","CallerProcessName":"-"}}}
{"Event_attributes":{"xmlns":"http://schemas.microsoft.com/win/2004/08/events/event"},"Event":{"System":{"Provider_attributes":{"Name":"Microsoft-Windows-Security-Auditing","Guid":"{54849625-5478-4994-A5BA-3E3B0328C30D}"},"EventID":"4624","Version":"2","Level":"0","Task":"12544","Opcode":"0","Keywords":"0x8020000000000000","TimeCreated_attributes":{"SystemTime":"2021-05-03T08:58:38.773507500Z"},"EventRecordID":"1803171","Correlation_attributes":{"ActivityID":"{E6DE4A6E-10DB-0000-864A-DEE6DB10D701}"},"Execution_attributes":{"ProcessID":"568","ThreadID":"1528"},"Channel":"Security","Computer":"fs01.offsec.lan","Security":null},"EventData":{"SubjectUserSid":"S-1-0-0","SubjectUserName":"-","SubjectDomainName":"-","SubjectLogonId":"0x0","TargetUserSid":"S-1-5-21-4230534742-2542757381-3142984815-1111","TargetUserName":"admmig","TargetDomainName":"OFFSEC.LAN","TargetLogonId":"0x28da8a88","LogonType":"3","LogonProcessName":"Kerberos","AuthenticationPackageName":"Kerberos","WorkstationName":"-","LogonGuid":"{8F96FA81-F1C0-3CDA-1865-8F737F5739F7}","TransmittedServices":"-","LmPackageName":"-","KeyLength":"0","ProcessId":"0x0","ProcessName":"-","IpAddress":"10.23.23.9","IpPort":"62220","ImpersonationLevel":"%%1833","RestrictedAdminMode":"-","TargetOutboundUserName":"-","TargetOutboundDomainName":"-","VirtualAccount":"%%1843","TargetLinkedLogonId":"0x0","ElevatedToken":"%%1842"}}}
{"Event_attributes":{"xmlns":"http://schemas.microsoft.com/win/2004/08/events/event"},"Event":{"System":{"Provider_attributes":{"Name":"Microsoft-Windows-Security-Auditing","Guid":"{54849625-5478-4994-A5BA-3E3B0328C30D}"},"EventID":"4624","Version":"2","Level":"0","Task":"12544","Opcode":"0","Keywords":"0x8020000000000000","TimeCreated_attributes":{"SystemTime":"2021-05-03T08:58:38.762157400Z"},"EventRecordID":"1679510","Correlation_attributes":{"ActivityID":"{B7158B3A-10E1-0000-4B8B-15B7E110D701}"},"Execution_attributes":{"ProcessID":"576","ThreadID":"1892"},"Channel":"Security","Computer":"adfs01.offsec.lan","Security":null},"EventData":{"SubjectUserSid":"S-1-0-0","SubjectUserName":"-","SubjectDomainName":"-","SubjectLogonId":"0x0","TargetUserSid":"S-1-5-21-4230534742-2542757381-3142984815-1111","TargetUserName":"admmig","TargetDomainName":"OFFSEC.LAN","TargetLogonId":"0x213dfbef","LogonType":"3","LogonProcessName":"Kerberos","AuthenticationPackageName":"Kerberos","WorkstationName":"-","LogonGuid":"{A9875845-B2E8-DBED-2024-D56C2BDC4C62}","TransmittedServices":"-","LmPackageName":"-","KeyLength":"0","ProcessId":"0x0","ProcessName":"-","IpAddress":"10.23.23.9","IpPort":"62210","ImpersonationLevel":"%%1833","RestrictedAdminMode":"-","TargetOutboundUserName":"-","TargetOutboundDomainName":"-","VirtualAccount":"%%1843","TargetLinkedLogonId":"0x0","ElevatedToken":"%%1842"}}}
{"Event_attributes":{"xmlns":"http://schemas.microsoft.com/win/2004/08/events/event"},"Event":{"System":{"Provider_attributes":{"Name":"Microsoft-Windows-Security-Auditing","Guid":"{54849625-5478-4994-A5BA-3E3B0328C30D}"},"EventID":"4624","Version":"2","Level":"0","Task":"12544","Opcode":"0","Keywords":"0x8020000000000000","TimeCreated_attributes":{"SystemTime":"2021-05-03T08:58:38.771211000Z"},"EventRecordID":"1679516","Correlation_attributes":{"ActivityID":"{B7158B3A-10E1-0000-4B8B-15B7E110D701}"},"Execution_attributes":{"ProcessID":"576","ThreadID":"1892"},"Channel":"Security","Computer":"adfs01.offsec.lan","Security":null},"EventData":{"SubjectUserSid":"S-1-0-0","SubjectUserName":"-","SubjectDomainName":"-","SubjectLogonId":"0x0","TargetUserSid":"S-1-5-21-4230534742-2542757381-3142984815-1111","TargetUserName":"admmig","TargetDomainName":"OFFSEC.LAN","TargetLogonId":"0x213dfc1c","LogonType":"3","LogonProcessName":"Kerberos","AuthenticationPackageName":"Kerberos","WorkstationName":"-","LogonGuid":"{A9875845-B2E8-DBED-2024-D56C2BDC4C62}","TransmittedServices":"-","LmPackageName":"-","KeyLength":"0","ProcessId":"0x0","ProcessName":"-","IpAddress":"10.23.23.9","IpPort":"62218","ImpersonationLevel":"%%1833","RestrictedAdminMode":"-","TargetOutboundUserName":"-","TargetOutboundDomainName":"-","VirtualAccount":"%%1843","TargetLinkedLogonId":"0x0","ElevatedToken":"%%1842"}}}
{"Event_attributes":{"xmlns":"http://schemas.microsoft.com/win/2004/08/events/event"},"Event":{"System":{"Provider_attributes":{"Name":"Microsoft-Windows-Security-Auditing","Guid":"{54849625-5478-4994-A5BA-3E3B0328C30D}"},"EventID":"4624","Version":"2","Level":"0","Task":"12544","Opcode":"0","Keywords":"0x8020000000000000","TimeCreated_attributes":{"SystemTime":"2021-05-03T08:58:38.773518200Z"},"EventRecordID":"1679520","Correlation_attributes":{"ActivityID":"{B7158B3A-10E1-0000-4B8B-15B7E110D701}"},"Execution_attributes":{"ProcessID":"576","ThreadID":"1892"},"Channel":"Security","Computer":"adfs01.offsec.lan","Security":null},"EventData":{"SubjectUserSid":"S-1-0-0","SubjectUserName":"-","SubjectDomainName":"-","SubjectLogonId":"0x0","TargetUserSid":"S-1-5-21-4230534742-2542757381-3142984815-1111","TargetUserName":"admmig","TargetDomainName":"OFFSEC.LAN","TargetLogonId":"0x213dfc3f","LogonType":"3","LogonProcessName":"Kerberos","AuthenticationPackageName":"Kerberos","WorkstationName":"-","LogonGuid":"{A9875845-B2E8-DBED-2024-D56C2BDC4C62}","TransmittedServices":"-","LmPackageName":"-","KeyLength":"0","ProcessId":"0x0","ProcessName":"-","IpAddress":"10.23.23.9","IpPort":"62221","ImpersonationLevel":"%%1833","RestrictedAdminMode":"-","TargetOutboundUserName":"-","TargetOutboundDomainName":"-","VirtualAccount":"%%1843","TargetLinkedLogonId":"0x0","ElevatedToken":"%%1842"}}}
{"Event_attributes":{"xmlns":"http://schemas.microsoft.com/win/2004/08/events/event"},"Event":{"System":{"Provider_attributes":{"Name":"Microsoft-Windows-Security-Auditing","Guid":"{54849625-5478-4994-A5BA-3E3B0328C30D}"},"EventID":"4624","Version":"2","Level":"0","Task":"12544","Opcode":"0","Keywords":"0x8020000000000000","TimeCreated_attributes":{"SystemTime":"2021-05-03T08:58:38.773887200Z"},"EventRecordID":"1679524","Correlation_attributes":{"ActivityID":"{B7158B3A-10E1-0000-4B8B-15B7E110D701}"},"Execution_attributes":{"ProcessID":"576","ThreadID":"3932"},"Channel":"Security","Computer":"adfs01.offsec.lan","Security":null},"EventData":{"SubjectUserSid":"S-1-0-0","SubjectUserName":"-","SubjectDomainName":"-","SubjectLogonId":"0x0","TargetUserSid":"S-1-5-21-4230534742-2542757381-3142984815-1111","TargetUserName":"admmig","TargetDomainName":"OFFSEC.LAN","TargetLogonId":"0x213dfc4d","LogonType":"3","LogonProcessName":"Kerberos","AuthenticationPackageName":"Kerberos","WorkstationName":"-","LogonGuid":"{A9875845-B2E8-DBED-2024-D56C2BDC4C62}","TransmittedServices":"-","LmPackageName":"-","KeyLength":"0","ProcessId":"0x0","ProcessName":"-","IpAddress":"10.23.23.9","IpPort":"62224","ImpersonationLevel":"%%1833","RestrictedAdminMode":"-","TargetOutboundUserName":"-","TargetOutboundDomainName":"-","VirtualAccount":"%%1843","TargetLinkedLogonId":"0x0","ElevatedToken":"%%1842"}}}
{"Event_attributes":{"xmlns":"http://schemas.microsoft.com/win/2004/08/events/event"},"Event":{"System":{"Provider_attributes":{"Name":"Microsoft-Windows-Security-Auditing","Guid":"{54849625-5478-4994-A5BA-3E3B0328C30D}"},"EventID":"4799","Version":"0","Level":"0","Task":"13826","Opcode":"0","Keywords":"0x8020000000000000","TimeCreated_attributes":{"SystemTime":"2021-05-03T08:58:38.774116100Z"},"EventRecordID":"1679526","Correlation_attributes":{"ActivityID":"{B7158B3A-10E1-0000-4B8B-15B7E110D701}"},"Execution_attributes":{"ProcessID":"576","ThreadID":"1892"},"Channel":"Security","Computer":"adfs01.offsec.lan","Security":null},"EventData":{"TargetUserName":"Administrators","TargetDomainName":"Builtin","TargetSid":"S-1-5-32-544","SubjectUserSid":"S-1-5-21-4230534742-2542757381-3142984815-1111","SubjectUserName":"admmig","SubjectDomainName":"OFFSEC","SubjectLogonId":"0x213dfbef","CallerProcessId":"0x0","CallerProcessName":"-"}}}
{"Event_attributes":{"xmlns":"http://schemas.microsoft.com/win/2004/08/events/event"},"Event":{"System":{"Provider_attributes":{"Name":"Microsoft-Windows-Security-Auditing","Guid":"{54849625-5478-4994-A5BA-3E3B0328C30D}"},"EventID":"4624","Version":"2","Level":"0","Task":"12544","Opcode":"0","Keywords":"0x8020000000000000","TimeCreated_attributes":{"SystemTime":"2021-05-03T08:58:38.742567500Z"},"EventRecordID":"3178163","Correlation_attributes":{"ActivityID":"{B8DCD44E-10E1-0000-62D4-DCB8E110D701}"},"Execution_attributes":{"ProcessID":"588","ThreadID":"2432"},"Channel":"Security","Computer":"prtg-mon.offsec.lan","Security":null},"EventData":{"SubjectUserSid":"S-1-0-0","SubjectUserName":"-","SubjectDomainName":"-","SubjectLogonId":"0x0","TargetUserSid":"S-1-5-21-4230534742-2542757381-3142984815-1111","TargetUserName":"admmig","TargetDomainName":"OFFSEC.LAN","TargetLogonId":"0x222004fb","LogonType":"3","LogonProcessName":"Kerberos","AuthenticationPackageName":"Kerberos","WorkstationName":"-","LogonGuid":"{8E4B5817-94B1-11F4-BE72-39D17FD54BE2}","TransmittedServices":"-","LmPackageName":"-","KeyLength":"0","ProcessId":"0x0","ProcessName":"-","IpAddress":"10.23.23.9","IpPort":"62211","ImpersonationLevel":"%%1833","RestrictedAdminMode":"-","TargetOutboundUserName":"-","TargetOutboundDomainName":"-","VirtualAccount":"%%1843","TargetLinkedLogonId":"0x0","ElevatedToken":"%%1842"}}}
{"Event_attributes":{"xmlns":"http://schemas.microsoft.com/win/2004/08/events/event"},"Event":{"System":{"Provider_attributes":{"Name":"Microsoft-Windows-Security-Auditing","Guid":"{54849625-5478-4994-A5BA-3E3B0328C30D}"},"EventID":"4624","Version":"2","Level":"0","Task":"12544","Opcode":"0","Keywords":"0x8020000000000000","TimeCreated_attributes":{"SystemTime":"2021-05-03T08:58:38.752149700Z"},"EventRecordID":"3178169","Correlation_attributes":{"ActivityID":"{B8DCD44E-10E1-0000-62D4-DCB8E110D701}"},"Execution_attributes":{"ProcessID":"588","ThreadID":"2220"},"Channel":"Security","Computer":"prtg-mon.offsec.lan","Security":null},"EventData":{"SubjectUserSid":"S-1-0-0","SubjectUserName":"-","SubjectDomainName":"-","SubjectLogonId":"0x0","TargetUserSid":"S-1-5-21-4230534742-2542757381-3142984815-1111","TargetUserName":"admmig","TargetDomainName":"OFFSEC.LAN","TargetLogonId":"0x22200531","LogonType":"3","LogonProcessName":"Kerberos","AuthenticationPackageName":"Kerberos","WorkstationName":"-","LogonGuid":"{8E4B5817-94B1-11F4-BE72-39D17FD54BE2}","TransmittedServices":"-","LmPackageName":"-","KeyLength":"0","ProcessId":"0x0","ProcessName":"-","IpAddress":"10.23.23.9","IpPort":"62219","ImpersonationLevel":"%%1833","RestrictedAdminMode":"-","TargetOutboundUserName":"-","TargetOutboundDomainName":"-","VirtualAccount":"%%1843","TargetLinkedLogonId":"0x0","ElevatedToken":"%%1842"}}}
{"Event_attributes":{"xmlns":"http://schemas.microsoft.com/win/2004/08/events/event"},"Event":{"System":{"Provider_attributes":{"Name":"Microsoft-Windows-Security-Auditing","Guid":"{54849625-5478-4994-A5BA-3E3B0328C30D}"},"EventID":"4624","Version":"2","Level":"0","Task":"12544","Opcode":"0","Keywords":"0x8020000000000000","TimeCreated_attributes":{"SystemTime":"2021-05-03T08:58:38.753137600Z"},"EventRecordID":"3178173","Correlation_attributes":{"ActivityID":"{B8DCD44E-10E1-0000-62D4-DCB8E110D701}"},"Execution_attributes":{"ProcessID":"588","ThreadID":"2220"},"Channel":"Security","Computer":"prtg-mon.offsec.lan","Security":null},"EventData":{"SubjectUserSid":"S-1-0-0","SubjectUserName":"-","SubjectDomainName":"-","SubjectLogonId":"0x0","TargetUserSid":"S-1-5-21-4230534742-2542757381-3142984815-1111","TargetUserName":"admmig","TargetDomainName":"OFFSEC.LAN","TargetLogonId":"0x2220054d","LogonType":"3","LogonProcessName":"Kerberos","AuthenticationPackageName":"Kerberos","WorkstationName":"-","LogonGuid":"{8E4B5817-94B1-11F4-BE72-39D17FD54BE2}","TransmittedServices":"-","LmPackageName":"-","KeyLength":"0","ProcessId":"0x0","ProcessName":"-","IpAddress":"10.23.23.9","IpPort":"62222","ImpersonationLevel":"%%1833","RestrictedAdminMode":"-","TargetOutboundUserName":"-","TargetOutboundDomainName":"-","VirtualAccount":"%%1843","TargetLinkedLogonId":"0x0","ElevatedToken":"%%1842"}}}
{"Event_attributes":{"xmlns":"http://schemas.microsoft.com/win/2004/08/events/event"},"Event":{"System":{"Provider_attributes":{"Name":"Microsoft-Windows-Security-Auditing","Guid":"{54849625-5478-4994-A5BA-3E3B0328C30D}"},"EventID":"4799","Version":"0","Level":"0","Task":"13826","Opcode":"0","Keywords":"0x8020000000000000","TimeCreated_attributes":{"SystemTime":"2021-05-03T08:58:38.753578400Z"},"EventRecordID":"3178175","Correlation_attributes":{"ActivityID":"{B8DCD44E-10E1-0000-62D4-DCB8E110D701}"},"Execution_attributes":{"ProcessID":"588","ThreadID":"2432"},"Channel":"Security","Computer":"prtg-mon.offsec.lan","Security":null},"EventData":{"TargetUserName":"Administrators","TargetDomainName":"Builtin","TargetSid":"S-1-5-32-544","SubjectUserSid":"S-1-5-21-4230534742-2542757381-3142984815-1111","SubjectUserName":"admmig","SubjectDomainName":"OFFSEC","SubjectLogonId":"0x222004fb","CallerProcessId":"0x0","CallerProcessName":"-"}}}
{"Event_attributes":{"xmlns":"http://schemas.microsoft.com/win/2004/08/events/event"},"Event":{"System":{"Provider_attributes":{"Name":"Microsoft-Windows-Security-Auditing","Guid":"{54849625-5478-4994-A5BA-3E3B0328C30D}"},"EventID":"4624","Version":"2","Level":"0","Task":"12544","Opcode":"0","Keywords":"0x8020000000000000","TimeCreated_attributes":{"SystemTime":"2021-05-03T08:58:38.753958200Z"},"EventRecordID":"3178178","Correlation_attributes":{"ActivityID":"{B8DCD44E-10E1-0000-62D4-DCB8E110D701}"},"Execution_attributes":{"ProcessID":"588","ThreadID":"2220"},"Channel":"Security","Computer":"prtg-mon.offsec.lan","Security":null},"EventData":{"SubjectUserSid":"S-1-0-0","SubjectUserName":"-","SubjectDomainName":"-","SubjectLogonId":"0x0","TargetUserSid":"S-1-5-21-4230534742-2542757381-3142984815-1111","TargetUserName":"admmig","TargetDomainName":"OFFSEC.LAN","TargetLogonId":"0x22200565","LogonType":"3","LogonProcessName":"Kerberos","AuthenticationPackageName":"Kerberos","WorkstationName":"-","LogonGuid":"{8E4B5817-94B1-11F4-BE72-39D17FD54BE2}","TransmittedServices":"-","LmPackageName":"-","KeyLength":"0","ProcessId":"0x0","ProcessName":"-","IpAddress":"10.23.23.9","IpPort":"62223","ImpersonationLevel":"%%1833","RestrictedAdminMode":"-","TargetOutboundUserName":"-","TargetOutboundDomainName":"-","VirtualAccount":"%%1843","TargetLinkedLogonId":"0x0","ElevatedToken":"%%1842"}}}
