{"Event_attributes":{"xmlns":"http://schemas.microsoft.com/win/2004/08/events/event"},"Event":{"System":{"Provider_attributes":{"Name":"Microsoft-Windows-Security-Auditing","Guid":"{54849625-5478-4994-A5BA-3E3B0328C30D}"},"EventID":"4624","Version":"2","Level":"0","Task":"12544","Opcode":"0","Keywords":"0x8020000000000000","TimeCreated_attributes":{"SystemTime":"2021-05-03T08:58:25.921033600Z"},"EventRecordID":"9796981","Correlation_attributes":{"ActivityID":"{3229E84C-10E1-0001-64E8-2932E110D701}"},"Execution_attributes":{"ProcessID":"568","ThreadID":"1276"},"Channel":"Security","Computer":"atanids01.offsec.lan","Security":null},"EventData":{"SubjectUserSid":"S-1-0-0","SubjectUserName":"-","SubjectDomainName":"-","SubjectLogonId":"0x0","TargetUserSid":"S-1-5-21-4230534742-2542757381-3142984815-1111","TargetUserName":"admmig","TargetDomainName":"OFFSEC.LAN","TargetLogonId":"0x88f313a8","LogonType":"3","LogonProcessName":"Kerberos","AuthenticationPackageName":"Kerberos","WorkstationName":"-","LogonGuid":"{500826FC-0D33-FC69-5CB3-DE2713BDC56A}","TransmittedServices":"-","LmPackageName":"-","KeyLength":"0","ProcessId":"0x0","ProcessName":"-","IpAddress":"10.23.23.9","IpPort":"62173","ImpersonationLevel":"%%1833","RestrictedAdminMode":"-","TargetOutboundUserName":"-","TargetOutboundDomainName":"-","VirtualAccount":"%%1843","TargetLinkedLogonId":"0x0","ElevatedToken":"%%1842"}}}
{"Event_attributes":{"xmlns":"http://schemas.microsoft.com/win/2004/08/events/event"},"Event":{"System":{"Provider_attributes":{"Name":"Microsoft-Windows-Security-Auditing","Guid":"{54849625-5478-4994-A5BA-3E3B0328C30D}"},"EventID":"4799","Version":"0","Level":"0","Task":"13826","Opcode":"0","Keywords":"0x8020000000000000","TimeCreated_attributes":{"SystemTime":"2021-05-03T08:58:25.930391200Z"},"EventRecordID":"9796985","Correlation_attributes":{"ActivityID":"{3229E84C-10E1-0001-64E8-2932E110D701}"},"Execution_attributes":{"ProcessID":"568","ThreadID":"1276"},"Channel":"Security","Computer":"atanids01.offsec.lan","Security":null},"EventData":{"TargetUserName":"Administrators","TargetDomainName":"Builtin","TargetSid":"S-1-5-32-544","SubjectUserSid":"S-1-5-21-4230534742-2542757381-3142984815-1111","SubjectUserName":"admmig","SubjectDomainName":"OFFSEC","SubjectLogonId":"0x88f313a8","CallerProcessId":"0x0","CallerProcessName":"-"}}}
{"Event_attributes":{"xmlns":"http://schemas.microsoft.com/win/2004/08/events/event"},"Event":{"System":{"Provider_attributes":{"Name":"Microsoft-Windows-Security-Auditing","Guid":"{54849625-5478-4994-A5BA-3E3B0328C30D}"},"EventID":"4624","Version":"2","Level":"0","Task":"12544","Opcode":"0","Keywords":"0x8020000000000000","TimeCreated_attributes":{"SystemTime":"2021-05-03T08:58:25.942875700Z"},"EventRecordID":"9796989","Correlation_attributes":{"ActivityID":"{3229E84C-10E1-0001-64E8-2932E110D701}"},"Execution_attributes":{"ProcessID":"568","ThreadID":"572"},"Channel":"Security","Computer":"atanids01.offsec.lan","Security":null},"EventData":{"SubjectUserSid":"S-1-0-0","SubjectUserName":"-","SubjectDomainName":"-","SubjectLogonId":"0x0","TargetUserSid":"S-1-5-21-4230534742-2542757381-3142984815-1111","TargetUserName":"admmig","TargetDomainName":"OFFSEC.LAN","TargetLogonId":"0x88f3141d","LogonType":"3","LogonProcessName":"Kerberos","AuthenticationPackageName":"Kerberos","WorkstationName":"-","LogonGuid":"{500826FC-0D33-FC69-5CB3-DE2713BDC56A}","TransmittedServices":"-","LmPackageName":"-","KeyLength":"0","ProcessId":"0x0","ProcessName":"-","IpAddress":"10.23.23.9","IpPort":"62188","ImpersonationLevel":"%%1833","RestrictedAdminMode":"-","TargetOutboundUserName":"-","TargetOutboundDomainName":"-","VirtualAccount":"%%1843","TargetLinkedLogonId":"0x0","ElevatedToken":"%%1842"}}}
{"Event_attributes":{"xmlns":"http://schemas.microsoft.com/win/2004/08/events/event"},"Event":{"System":{"Provider_attributes":{"Name":"Microsoft-Windows-Security-Auditing","Guid":"{54849625-5478-4994-A5BA-3E3B0328C30D}"},"EventID":"4624","Version":"2","Level":"0","Task":"12544","Opcode":"0","Keywords":"0x8020000000000000","TimeCreated_attributes":{"SystemTime":"2021-05-03T08:58:25.949585500Z"},"EventRecordID":"9796993","Correlation_attributes":{"ActivityID":"{3229E84C-10E1-0001-64E8-2932E110D701}"},"Execution_attributes":{"ProcessID":"568","ThreadID":"1276"},"Channel":"Security","Computer":"atanids01.offsec.lan","Security":null},"EventData":{"SubjectUserSid":"S-1-0-0","SubjectUserName":"-","SubjectDomainName":"-","SubjectLogonId":"0x0","TargetUserSid":"S-1-5-21-4230534742-2542757381-3142984815-1111","TargetUserName":"admmig","TargetDomainName":"OFFSEC.LAN","TargetLogonId":"0x88f31435","LogonType":"3","LogonProcessName":"Kerberos","AuthenticationPackageName":"Kerberos","WorkstationName":"-","LogonGuid":"{500826FC-0D33-FC69-5CB3-DE2713BDC56A}","TransmittedServices":"-","LmPackageName":"-","KeyLength":"0","ProcessId":"0x0","ProcessName":"-","IpAddress":"10.23.23.9","IpPort":"62190","ImpersonationLevel":"%%1833","RestrictedAdminMode":"-","TargetOutboundUserName":"-","TargetOutboundDomainName":"-","VirtualAccount":"%%1843","TargetLinkedLogonId":"0x0","ElevatedToken":"%%1842"}}}
{"Event_attributes":{"xmlns":"http://schemas.microsoft.com/win/2004/08/events/event"},"Event":{"System":{"Provider_attributes":{"Name":"Microsoft-Windows-Security-Auditing","Guid":"{54849625-5478-4994-A5BA-3E3B0328C30D}"},"EventID":"4624","Version":"2","Level":"0","Task":"12544","Opcode":"0","Keywords":"0x8020000000000000","TimeCreated_attributes":{"SystemTime":"2021-05-03T08:58:25.950455500Z"},"EventRecordID":"9796997","Correlation_attributes":{"ActivityID":"{3229E84C-10E1-0001-64E8-2932E110D701}"},"Execution_attributes":{"ProcessID":"568","ThreadID":"1276"},"Channel":"Security","Computer":"atanids01.offsec.lan","Security":null},"EventData":{"SubjectUserSid":"S-1-0-0","SubjectUserName":"-","SubjectDomainName":"-","SubjectLogonId":"0x0","TargetUserSid":"S-1-5-21-4230534742-2542757381-3142984815-1111","TargetUserName":"admmig","TargetDomainName":"OFFSEC.LAN","TargetLogonId":"0x88f31447","LogonType":"3","LogonProcessName":"Kerberos","AuthenticationPackageName":"Kerberos","WorkstationName":"-","LogonGuid":"{500826FC-0D33-FC69-5CB3-DE2713BDC56A}","TransmittedServices":"-","LmPackageName":"-","KeyLength":"0","ProcessId":"0x0","ProcessName":"-","IpAddress":"10.23.23.9","IpPort":"62194","ImpersonationLevel":"%%1833","RestrictedAdminMode":"-","TargetOutboundUserName":"-","TargetOutboundDomainName":"-","VirtualAccount":"%%1843","TargetLinkedLogonId":"0x0","ElevatedToken":"%%1842"}}}
{"Event_attributes":{"xmlns":"http://schemas.microsoft.com/win/2004/08/events/event"},"Event":{"System":{"Provider_attributes":{"Name":"Microsoft-Windows-Security-Auditing","Guid":"{54849625-5478-4994-A5BA-3E3B0328C30D}"},"EventID":"4624","Version":"2","Level":"0","Task":"12544","Opcode":"0","Keywords":"0x8020000000000000","TimeCreated_attributes":{"SystemTime":"2021-05-03T08:58:38.674849000Z"},"EventRecordID":"9147763","Correlation_attributes":{"ActivityID":"{18198E8A-B838-0000-B68E-191838B8D601}"},"Execution_attributes":{"ProcessID":"532","ThreadID":"96"},"Channel":"Security","Computer":"dhcp01.offsec.lan","Security":null},"EventData":{"SubjectUserSid":"S-1-0-0","SubjectUserName":"-","SubjectDomainName":"-","SubjectLogonId":"0x0","TargetUserSid":"S-1-5-21-4230534742-2542757381-3142984815-1111","TargetUserName":"admmig","TargetDomainName":"OFFSEC.LAN","TargetLogonId":"0x61e27259","LogonType":"3","LogonProcessName":"Kerberos","AuthenticationPackageName":"Kerberos","WorkstationName":"-","LogonGuid":"{82DEF19E-E768-B655-E88A-A8D1A587AE72}","TransmittedServices":"-","LmPackageName":"-","KeyLength":"0","ProcessId":"0x0","ProcessName":"-","IpAddress":"10.23.23.9","IpPort":"62169","ImpersonationLevel":"%%1833","RestrictedAdminMode":"-","TargetOutboundUserName":"-","TargetOutboundDomainName":"-","VirtualAccount":"%%1843","TargetLinkedLogonId":"0x0","ElevatedToken":"%%1842"}}}
{"Event_attributes":{"xmlns":"http://schemas.microsoft.com/win/2004/08/events/event"},"Event":{"System":{"Provider_attributes":{"Name":"Microsoft-Windows-Security-Auditing","Guid":"{54849625-5478-4994-A5BA-3E3B0328C30D}"},"EventID":"4799","Version":"0","Level":"0","Task":"13826","Opcode":"0","Keywords":"0x8020000000000000","TimeCreated_attributes":{"SystemTime":"2021-05-03T08:58:38.684829300Z"},"EventRecordID":"9147767","Correlation_attributes":{"ActivityID":"{18198E8A-B838-0000-B68E-191838B8D601}"},"Execution_attributes":{"ProcessID":"532","ThreadID":"2212"},"Channel":"Security","Computer":"dhcp01.offsec.lan","Security":null},"EventData":{"TargetUserName":"Administrators","TargetDomainName":"Builtin","TargetSid":"S-1-5-32-544","SubjectUserSid":"S-1-5-21-4230534742-2542757381-3142984815-1111","SubjectUserName":"admmig","SubjectDomainName":"OFFSEC","SubjectLogonId":"0x61e27259","CallerProcessId":"0x0","CallerProcessName":"-"}}}
{"Event_attributes":{"xmlns":"http://schemas.microsoft.com/win/2004/08/events/event"},"Event":{"System":{"Provider_attributes":{"Name":"Microsoft-Windows-Security-Auditing","Guid":"{54849625-5478-4994-A5BA-3E3B0328C30D}"},"EventID":"4624","Version":"2","Level":"0","Task":"12544","Opcode":"0","Keywords":"0x8020000000000000","TimeCreated_attributes":{"SystemTime":"2021-05-03T08:58:38.685643300Z"},"EventRecordID":"9147770","Correlation_attributes":{"ActivityID":"{18198E8A-B838-0000-B68E-191838B8D601}"},"Execution_attributes":{"ProcessID":"532","ThreadID":"2212"},"Channel":"Security","Computer":"dhcp01.offsec.lan","Security":null},"EventData":{"SubjectUserSid":"S-1-0-0","SubjectUserName":"-","SubjectDomainName":"-","SubjectLogonId":"0x0","TargetUserSid":"S-1-5-21-4230534742-2542757381-3142984815-1111","TargetUserName":"admmig","TargetDomainName":"OFFSEC.LAN","TargetLogonId":"0x61e27296","LogonType":"3","LogonProcessName":"Kerberos","AuthenticationPackageName":"Kerberos","WorkstationName":"-","LogonGuid":"{82DEF19E-E768-B655-E88A-A8D1A587AE72}","TransmittedServices":"-","LmPackageName":"-","KeyLength":"0","ProcessId":"0x0","ProcessName":"-","IpAddress":"10.23.23.9","IpPort":"62182","ImpersonationLevel":"%%1833","RestrictedAdminMode":"-","TargetOutboundUserName":"-","TargetOutboundDomainName":"-","VirtualAccount":"%%1843","TargetLinkedLogonId":"0x0","ElevatedToken":"%%1842"}}}
{"Event_attributes":{"xmlns":"http://schemas.microsoft.com/win/2004/08/events/event"},"Event":{"System":{"Provider_attributes":{"Name":"Microsoft-Windows-Security-Auditing","Guid":"{54849625-5478-4994-A5BA-3E3B0328C30D}"},"EventID":"4624","Version":"2","Level":"0","Task":"12544","Opcode":"0","Keywords":"0x8020000000000000","TimeCreated_attributes":{"SystemTime":"2021-05-03T08:58:38.686432300Z"},"EventRecordID":"9147774","Correlation_attributes":{"ActivityID":"{18198E8A-B838-0000-B68E-191838B8D601}"},"Execution_attributes":{"ProcessID":"532","ThreadID":"96"},"Channel":"Security","Computer":"dhcp01.offsec.lan","Security":null},"EventData":{"SubjectUserSid":"S-1-0-0","SubjectUserName":"-","SubjectDomainName":"-","SubjectLogonId":"0x0","TargetUserSid":"S-1-5-21-4230534742-2542757381-3142984815-1111","TargetUserName":"admmig","TargetDomainName":"OFFSEC.LAN","TargetLogonId":"0x61e272a9","LogonType":"3","LogonProcessName":"Kerberos","AuthenticationPackageName":"Kerberos","WorkstationName":"-","LogonGuid":"{82DEF19E-E768-B655-E88A-A8D1A587AE72}","TransmittedServices":"-","LmPackageName":"-","KeyLength":"0","ProcessId":"0x0","ProcessName":"-","IpAddress":"10.23.23.9","IpPort":"62178","ImpersonationLevel":"%%1833","RestrictedAdminMode":"-","TargetOutboundUserName":"-","TargetOutboundDomainName":"-","VirtualAccount":"%%1843","TargetLinkedLogonId":"0x0","ElevatedToken":"%%1842"}}}
{"Event_attributes":{"xmlns":"http://schemas.microsoft.com/win/2004/08/events/event"},"Event":{"System":{"Provider_attributes":{"Name":"Microsoft-Windows-Security-Auditing","Guid":"{54849625-5478-4994-A5BA-3E3B0328C30D}"},"EventID":"4624","Version":"2","Level":"0","Task":"12544","Opcode":"0","Keywords":"0x8020000000000000","TimeCreated_attributes":{"SystemTime":"2021-05-03T08:58:38.690448200Z"},"EventRecordID":"9147778","Correlation_attributes":{"ActivityID":"{18198E8A-B838-0000-B68E-191838B8D601}"},"Execution_attributes":{"ProcessID":"532","ThreadID":"96"},"Channel":"Security","Computer":"dhcp01.offsec.lan","Security":null},"EventData":{"SubjectUserSid":"S-1-0-0","SubjectUserName":"-","SubjectDomainName":"-","SubjectLogonId":"0x0","TargetUserSid":"S-1-5-21-4230534742-2542757381-3142984815-1111","TargetUserName":"admmig","TargetDomainName":"OFFSEC.LAN","TargetLogonId":"0x61e272d5","LogonType":"3","LogonProcessName":"Kerberos","AuthenticationPackageName":"Kerberos","WorkstationName":"-","LogonGuid":"{82DEF19E-E768-B655-E88A-A8D1A587AE72}","TransmittedServices":"-","LmPackageName":"-","KeyLength":"0","ProcessId":"0x0","ProcessName":"-","IpAddress":"10.23.23.9","IpPort":"62187","ImpersonationLevel":"%%1833","RestrictedAdminMode":"-","TargetOutboundUserName":"-","TargetOutboundDomainName":"-","VirtualAccount":"%%1843","TargetLinkedLogonId":"0x0","ElevatedToken":"%%1842"}}}
{"Event_attributes":{"xmlns":"http://schemas.microsoft.com/win/2004/08/events/event"},"Event":{"System":{"Provider_attributes":{"Name":"Microsoft-Windows-Security-Auditing","Guid":"{54849625-5478-4994-A5BA-3E3B0328C30D}"},"EventID":"4624","Version":"2","Level":"0","Task":"12544","Opcode":"0","Keywords":"0x8020000000000000","TimeCreated_attributes":{"SystemTime":"2021-05-03T08:58:38.679397600Z"},"EventRecordID":"10983873","Correlation_attributes":{"ActivityID":"{30C78CB8-09D0-0005-BD8C-C730D009D701}"},"Execution_attributes":{"ProcessID":"668","ThreadID":"8116"},"Channel":"Security","Computer":"exchange01.offsec.lan","Security":null},"EventData":{"SubjectUserSid":"S-1-0-0","SubjectUserName":"-","SubjectDomainName":"-","SubjectLogonId":"0x0","TargetUserSid":"S-1-5-21-4230534742-2542757381-3142984815-1111","TargetUserName":"admmig","TargetDomainName":"OFFSEC.LAN","TargetLogonId":"0xbe8573e4","LogonType":"3","LogonProcessName":"Kerberos","AuthenticationPackageName":"Kerberos","WorkstationName":"-","LogonGuid":"{1EAE7324-651A-E186-DDDF-E1EA17F85571}","TransmittedServices":"-","LmPackageName":"-","KeyLength":"0","ProcessId":"0x0","ProcessName":"-","IpAddress":"10.23.23.9","IpPort":"62170","ImpersonationLevel":"%%1833","RestrictedAdminMode":"-","TargetOutboundUserName":"-","TargetOutboundDomainName":"-","VirtualAccount":"%%1843","TargetLinkedLogonId":"0x0","ElevatedToken":"%%1842"}}}
{"Event_attributes":{"xmlns":"http://schemas.microsoft.com/win/2004/08/events/event"},"Event":{"System":{"Provider_attributes":{"Name":"Microsoft-Windows-Security-Auditing","Guid":"{54849625-5478-4994-A5BA-3E3B0328C30D}"},"EventID":"4624","Version":"2","Level":"0","Task":"12544","Opcode":"0","Keywords":"0x8020000000000000","TimeCreated_attributes":{"SystemTime":"2021-05-03T08:58:38.687642400Z"},"EventRecordID":"10983879","Correlation_attributes":{"ActivityID":"{30C78CB8-09D0-0005-BD8C-C730D009D701}"},"Execution_attributes":{"ProcessID":"668","ThreadID":"14920"},"Channel":"Security","Computer":"exchange01.offsec.lan","Security":null},"EventData":{"SubjectUserSid":"S-1-0-0","SubjectUserName":"-","SubjectDomainName":"-","SubjectLogonId":"0x0","TargetUserSid":"S-1-5-21-4230534742-2542757381-3142984815-1111","TargetUserName":"admmig","TargetDomainName":"OFFSEC.LAN","TargetLogonId":"0xbe857415","LogonType":"3","LogonProcessName":"Kerberos","AuthenticationPackageName":"Kerberos","WorkstationName":"-","LogonGuid":"{1EAE7324-651A-E186-DDDF-E1EA17F85571}","TransmittedServices":"-","LmPackageName":"-","KeyLength":"0","ProcessId":"0x0","ProcessName":"-","IpAddress":"10.23.23.9","IpPort":"62180","ImpersonationLevel":"%%1833","RestrictedAdminMode":"-","TargetOutboundUserName":"-","TargetOutboundDomainName":"-","VirtualAccount":"%%1843","TargetLinkedLogonId":"0x0","ElevatedToken":"%%1842"}}}
{"Event_attributes":{"xmlns":"http://schemas.microsoft.com/win/2004/08/events/event"},"Event":{"System":{"Provider_attributes":{"Name":"Microsoft-Windows-Security-Auditing","Guid":"{54849625-5478-4994-A5BA-3E3B0328C30D}"},"EventID":"4624","Version":"2","Level":"0","Task":"12544","Opcode":"0","Keywords":"0x8020000000000000","TimeCreated_attributes":{"SystemTime":"2021-05-03T08:58:38.688605200Z"},"EventRecordID":"10983883","Correlation_attributes":{"ActivityID":"{30C78CB8-09D0-0005-BD8C-C730D009D701}"},"Execution_attributes":{"ProcessID":"668","ThreadID":"14920"},"Channel":"Security","Computer":"exchange01.offsec.lan","Security":null},"EventData":{"SubjectUserSid":"S-1-0-0","SubjectUserName":"-","SubjectDomainName":"-","SubjectLogonId":"0x0","TargetUserSid":"S-1-5-21-4230534742-2542757381-3142984815-1111","TargetUserName":"admmig","TargetDomainName":"OFFSEC.LAN","TargetLogonId":"0xbe85742e","LogonType":"3","LogonProcessName":"Kerberos","AuthenticationPackageName":"Kerberos","WorkstationName":"-","LogonGuid":"{1EAE7324-651A-E186-DDDF-E1EA17F85571}","TransmittedServices":"-","LmPackageName":"-","KeyLength":"0","ProcessId":"0x0","ProcessName":"-","IpAddress":"10.23.23.9","IpPort":"62184","ImpersonationLevel":"%%1833","RestrictedAdminMode":"-","TargetOutboundUserName":"-","TargetOutboundDomainName":"-","VirtualAccount":"%%1843","TargetLinkedLogonId":"0x0","ElevatedToken":"%%1842"}}}
{"Event_attributes":{"xmlns":"http://schemas.microsoft.com/win/2004/08/events/event"},"Event":{"System":{"Provider_attributes":{"Name":"Microsoft-Windows-Security-Auditing","Guid":"{54849625-5478-4994-A5BA-3E3B0328C30D}"},"EventID":"4799","Version":"0","Level":"0","Task":"13826","Opcode":"0","Keywords":"0x8020000000000000","TimeCreated_attributes":{"SystemTime":"2021-05-03T08:58:38.688732400Z"},"EventRecordID":"10983885","Correlation_attributes":{"ActivityID":"{30C78CB8-09D0-0005-BD8C-C730D009D701}"},"Execution_attributes":{"ProcessID":"668","ThreadID":"8116"},"Channel":"Security","Computer":"exchange01.offsec.lan","Security":null},"EventData":{"TargetUserName":"Administrators","TargetDomainName":"Builtin","TargetSid":"S-1-5-32-544","SubjectUserSid":"S-1-5-21-4230534742-2542757381-3142984815-1111","SubjectUserName":"admmig","SubjectDomainName":"OFFSEC","SubjectLogonId":"0xbe8573e4","CallerProcessId":"0x0","CallerProcessName":"-"}}}
{"Event_attributes":{"xmlns":"http://schemas.microsoft.com/win/2004/08/events/event"},"Event":{"System":{"Provider_attributes":{"Name":"Microsoft-Windows-Security-Auditing","Guid":"{54849625-5478-4994-A5BA-3E3B0328C30D}"},"EventID":"4624","Version":"2","Level":"0","Task":"12544","Opcode":"0","Keywords":"0x8020000000000000","TimeCreated_attributes":{"SystemTime":"2021-05-03T08:58:38.691957100Z"},"EventRecordID":"10983888","Correlation_attributes":{"ActivityID":"{30C78CB8-09D0-0005-BD8C-C730D009D701}"},"Execution_attributes":{"ProcessID":"668","ThreadID":"14920"},"Channel":"Security","Computer":"exchange01.offsec.lan","Security":null},"EventData":{"SubjectUserSid":"S-1-0-0","SubjectUserName":"-","SubjectDomainName":"-","SubjectLogonId":"0x0","TargetUserSid":"S-1-5-21-4230534742-2542757381-3142984815-1111","TargetUserName":"admmig","TargetDomainName":"OFFSEC.LAN","TargetLogonId":"0xbe857459","LogonType":"3","LogonProcessName":"Kerberos","AuthenticationPackageName":"Kerberos","WorkstationName":"-","LogonGuid":"{1EAE7324-651A-E186-DDDF-E1EA17F85571}","TransmittedServices":"-","LmPackageName":"-","KeyLength":"0","ProcessId":"0x0","ProcessName":"-","IpAddress":"10.23.23.9","IpPort":"62186","ImpersonationLevel":"%%1833","RestrictedAdminMode":"-","TargetOutboundUserName":"-","TargetOutboundDomainName":"-","VirtualAccount":"%%1843","TargetLinkedLogonId":"0x0","ElevatedToken":"%%1842"}}}
{"Event_attributes":{"xmlns":"http://schemas.microsoft.com/win/2004/08/events/event"},"Event":{"System":{"Provider_attributes":{"Name":"Microsoft-Windows-Security-Auditing","Guid":"{54849625-5478-4994-A5BA-3E3B0328C30D}"},"EventID":"4624","Version":"2","Level":"0","Task":"12544","Opcode":"0","Keywords":"0x8020000000000000","TimeCreated_attributes":{"SystemTime":"2021-05-03T08:58:38.689135400Z"},"EventRecordID":"2073458","Correlation_attributes":{"ActivityID":"{58990283-10E0-0000-9802-9958E010D701}"},"Execution_attributes":{"ProcessID":"576","ThreadID":"1156"},"Channel":"Security","Computer":"pki01.offsec.lan","Security":null},"EventData":{"SubjectUserSid":"S-1-0-0","SubjectUserName":"-","SubjectDomainName":"-","SubjectLogonId":"0x0","TargetUserSid":"S-1-5-21-4230534742-2542757381-3142984815-1111","TargetUserName":"admmig","TargetDomainName":"OFFSEC.LAN","TargetLogonId":"0x22c8a454","LogonType":"3","LogonProcessName":"Kerberos","AuthenticationPackageName":"Kerberos","WorkstationName":"-","LogonGuid":"{FBE55748-157A-B9C1-610A-EB243BF2F941}","TransmittedServices":"-","LmPackageName":"-","KeyLength":"0","ProcessId":"0x0","ProcessName":"-","IpAddress":"10.23.23.9","IpPort":"62168","ImpersonationLevel":"%%1833","RestrictedAdminMode":"-","TargetOutboundUserName":"-","TargetOutboundDomainName":"-","VirtualAccount":"%%1843","TargetLinkedLogonId":"0x0","ElevatedToken":"%%1842"}}}
{"Event_attributes":{"xmlns":"http://schemas.microsoft.com/win/2004/08/events/event"},"Event":{"System":{"Provider_attributes":{"Name":"Microsoft-Windows-Security-Auditing","Guid":"{54849625-5478-4994-A5BA-3E3B0328C30D}"},"EventID":"4799","Version":"0","Level":"0","Task":"13826","Opcode":"0","Keywords":"0x8020000000000000","TimeCreated_attributes":{"SystemTime":"2021-05-03T08:58:38.700539700Z"},"EventRecordID":"2073462","Correlation_attributes":{"ActivityID":"{58990283-10E0-0000-9802-9958E010D701}"},"Execution_attributes":{"ProcessID":"576","ThreadID":"1156"},"Channel":"Security","Computer":"pki01.offsec.lan","Security":null},"EventData":{"TargetUserName":"Administrators","TargetDomainName":"Builtin","TargetSid":"S-1-5-32-544","SubjectUserSid":"S-1-5-21-4230534742-2542757381-3142984815-1111","SubjectUserName":"admmig","SubjectDomainName":"OFFSEC","SubjectLogonId":"0x22c8a454","CallerProcessId":"0x0","CallerProcessName":"-"}}}
{"Event_attributes":{"xmlns":"http://schemas.microsoft.com/win/2004/08/events/event"},"Event":{"System":{"Provider_attributes":{"Name":"Microsoft-Windows-Security-Auditing","Guid":"{54849625-5478-4994-A5BA-3E3B0328C30D}"},"EventID":"4624","Version":"2","Level":"0","Task":"12544","Opcode":"0","Keywords":"0x8020000000000000","TimeCreated_attributes":{"SystemTime":"2021-05-03T08:58:38.713649200Z"},"EventRecordID":"2073466","Correlation_attributes":{"ActivityID":"{58990283-10E0-0000-9802-9958E010D701}"},"Execution_attributes":{"ProcessID":"576","ThreadID":"1872"},"Channel":"Security","Computer":"pki01.offsec.lan","Security":null},"EventData":{"SubjectUserSid":"S-1-0-0","SubjectUserName":"-","SubjectDomainName":"-","SubjectLogonId":"0x0","TargetUserSid":"S-1-5-21-4230534742-2542757381-3142984815-1111","TargetUserName":"admmig","TargetDomainName":"OFFSEC.LAN","TargetLogonId":"0x22c8a4c2","LogonType":"3","LogonProcessName":"Kerberos","AuthenticationPackageName":"Kerberos","WorkstationName":"-","LogonGuid":"{FBE55748-157A-B9C1-610A-EB243BF2F941}","TransmittedServices":"-","LmPackageName":"-","KeyLength":"0","ProcessId":"0x0","ProcessName":"-","IpAddress":"10.23.23.9","IpPort":"62192","ImpersonationLevel":"%%1833","RestrictedAdminMode":"-","TargetOutboundUserName":"-","TargetOutboundDomainName":"-","VirtualAccount":"%%1843","TargetLinkedLogonId":"0x0","ElevatedToken":"%%1842"}}}
{"Event_attributes":{"xmlns":"http://schemas.microsoft.com/win/2004/08/events/event"},"Event":{"System":{"Provider_attributes":{"Name":"Microsoft-Windows-Security-Auditing","Guid":"{54849625-5478-4994-A5BA-3E3B0328C30D}"},"EventID":"4624","Version":"2","Level":"0","Task":"12544","Opcode":"0","Keywords":"0x8020000000000000","TimeCreated_attributes":{"SystemTime":"2021-05-03T08:58:38.715242000Z"},"EventRecordID":"2073470","Correlation_attributes":{"ActivityID":"{58990283-10E0-0000-9802-9958E010D701}"},"Execution_attributes":{"ProcessID":"576","ThreadID":"1872"},"Channel":"Security","Computer":"pki01.offsec.lan","Security":null},"EventData":{"SubjectUserSid":"S-1-0-0","SubjectUserName":"-","SubjectDomainName":"-","SubjectLogonId":"0x0","TargetUserSid":"S-1-5-21-4230534742-2542757381-3142984815-1111","TargetUserName":"admmig","TargetDomainName":"OFFSEC.LAN","TargetLogonId":"0x22c8a4dc","LogonType":"3","LogonProcessName":"Kerberos","AuthenticationPackageName":"Kerberos","WorkstationName":"-","LogonGuid":"{FBE55748-157A-B9C1-610A-EB243BF2F941}","TransmittedServices":"-","LmPackageName":"-","KeyLength":"0","ProcessId":"0x0","ProcessName":"-","IpAddress":"10.23.23.9","IpPort":"62195","ImpersonationLevel":"%%1833","RestrictedAdminMode":"-","TargetOutboundUserName":"-","TargetOutboundDomainName":"-","VirtualAccount":"%%1843","TargetLinkedLogonId":"0x0","ElevatedToken":"%%1842"}}}
{"Event_attributes":{"xmlns":"http://schemas.microsoft.com/win/2004/08/events/event"},"Event":{"System":{"Provider_attributes":{"Name":"Microsoft-Windows-Security-Auditing","Guid":"{54849625-5478-4994-A5BA-3E3B0328C30D}"},"EventID":"4624","Version":"2","Level":"0","Task":"12544","Opcode":"0","Keywords":"0x8020000000000000","TimeCreated_attributes":{"SystemTime":"2021-05-03T08:58:38.718235500Z"},"EventRecordID":"2073474","Correlation_attributes":{"ActivityID":"{58990283-10E0-0000-9802-9958E010D701}"},"Execution_attributes":{"ProcessID":"576","ThreadID":"3884"},"Channel":"Security","Computer":"pki01.offsec.lan","Security":null},"EventData":{"SubjectUserSid":"S-1-0-0","SubjectUserName":"-","SubjectDomainName":"-","SubjectLogonId":"0x0","TargetUserSid":"S-1-5-21-4230534742-2542757381-3142984815-1111","TargetUserName":"admmig","TargetDomainName":"OFFSEC.LAN","TargetLogonId":"0x22c8a4f7","LogonType":"3","LogonProcessName":"Kerberos","AuthenticationPackageName":"Kerberos","WorkstationName":"-","LogonGuid":"{FBE55748-157A-B9C1-610A-EB243BF2F941}","TransmittedServices":"-","LmPackageName":"-","KeyLength":"0","ProcessId":"0x0","ProcessName":"-","IpAddress":"10.23.23.9","IpPort":"62196","ImpersonationLevel":"%%1833","RestrictedAdminMode":"-","TargetOutboundUserName":"-","TargetOutboundDomainName":"-","VirtualAccount":"%%1843","TargetLinkedLogonId":"0x0","ElevatedToken":"%%1842"}}}
{"Event_attributes":{"xmlns":"http://schemas.microsoft.com/win/2004/08/events/event"},"Event":{"System":{"Provider_attributes":{"Name":"Microsoft-Windows-Security-Auditing","Guid":"{54849625-5478-4994-A5BA-3E3B0328C30D}"},"EventID":"4624","Version":"2","Level":"0","Task":"12544","Opcode":"0","Keywords":"0x8020000000000000","TimeCreated_attributes":{"SystemTime":"2021-05-03T08:58:38.722262700Z"},"EventRecordID":"1761073","Correlation_attributes":{"ActivityID":"{15E1CE3C-FA3E-0001-52CE-E1153EFAD601}"},"Execution_attributes":{"ProcessID":"584","ThreadID":"2280"},"Channel":"Security","Computer":"mssql01.offsec.lan","Security":null},"EventData":{"SubjectUserSid":"S-1-0-0","SubjectUserName":"-","SubjectDomainName":"-","SubjectLogonId":"0x0","TargetUserSid":"S-1-5-21-4230534742-2542757381-3142984815-1111","TargetUserName":"admmig","TargetDomainName":"OFFSEC.LAN","TargetLogonId":"0x2a1f27d0","LogonType":"3","LogonProcessName":"Kerberos","AuthenticationPackageName":"Kerberos","WorkstationName":"-","LogonGuid":"{49BB33E9-E7FF-99DF-7A33-14B881F2692B}","TransmittedServices":"-","LmPackageName":"-","KeyLength":"0","ProcessId":"0x0","ProcessName":"-","IpAddress":"10.23.23.9","IpPort":"62197","ImpersonationLevel":"%%1833","RestrictedAdminMode":"-","TargetOutboundUserName":"-","TargetOutboundDomainName":"-","VirtualAccount":"%%1843","TargetLinkedLogonId":"0x0","ElevatedToken":"%%1842"}}}
{"Event_attributes":{"xmlns":"http://schemas.microsoft.com/win/2004/08/events/event"},"Event":{"System":{"Provider_attributes":{"Name":"Microsoft-Windows-Security-Auditing","Guid":"{54849625-5478-4994-A5BA-3E3B0328C30D}"},"EventID":"4624","Version":"2","Level":"0","Task":"12544","Opcode":"0","Keywords":"0x8020000000000000","TimeCreated_attributes":{"SystemTime":"2021-05-03T08:58:38.733254400Z"},"EventRecordID":"1761079","Correlation_attributes":{"ActivityID":"{15E1CE3C-FA3E-0001-52CE-E1153EFAD601}"},"Execution_attributes":{"ProcessID":"584","ThreadID":"624"},"Channel":"Security","Computer":"mssql01.offsec.lan","Security":null},"EventData":{"SubjectUserSid":"S-1-0-0","SubjectUserName":"-","SubjectDomainName":"-","SubjectLogonId":"0x0","TargetUserSid":"S-1-5-21-4230534742-2542757381-3142984815-1111","TargetUserName":"admmig","TargetDomainName":"OFFSEC.LAN","TargetLogonId":"0x2a1f27f0","LogonType":"3","LogonProcessName":"Kerberos","AuthenticationPackageName":"Kerberos","WorkstationName":"-","LogonGuid":"{49BB33E9-E7FF-99DF-7A33-14B881F2692B}","TransmittedServices":"-","LmPackageName":"-","KeyLength":"0","ProcessId":"0x0","ProcessName":"-","IpAddress":"10.23.23.9","IpPort":"62198","ImpersonationLevel":"%%1833","RestrictedAdminMode":"-","TargetOutboundUserName":"-","TargetOutboundDomainName":"-","VirtualAccount":"%%1843","TargetLinkedLogonId":"0x0","ElevatedToken":"%%1842"}}}
{"Event_attributes":{"xmlns":"http://schemas.microsoft.com/win/2004/08/events/event"},"Event":{"System":{"Provider_attributes":{"Name":"Microsoft-Windows-Security-Auditing","Guid":"{54849625-5478-4994-A5BA-3E3B0328C30D}"},"EventID":"4624","Version":"2","Level":"0","Task":"12544","Opcode":"0","Keywords":"0x8020000000000000","TimeCreated_attributes":{"SystemTime":"2021-05-03T08:58:38.734516800Z"},"EventRecordID":"1761083","Correlation_attributes":{"ActivityID":"{15E1CE3C-FA3E-0001-52CE-E1153EFAD601}"},"Execution_attributes":{"ProcessID":"584","ThreadID":"624"},"Channel":"Security","Computer":"mssql01.offsec.lan","Security":null},"EventData":{"SubjectUserSid":"S-1-0-0","SubjectUserName":"-","SubjectDomainName":"-","SubjectLogonId":"0x0","TargetUserSid":"S-1-5-21-4230534742-2542757381-3142984815-1111","TargetUserName":"admmig","TargetDomainName":"OFFSEC.LAN","TargetLogonId":"0x2a1f2809","LogonType":"3","LogonProcessName":"Kerberos","AuthenticationPackageName":"Kerberos","WorkstationName":"-","LogonGuid":"{49BB33E9-E7FF-99DF-7A33-14B881F2692B}","TransmittedServices":"-","LmPackageName":"-","KeyLength":"0","ProcessId":"0x0","ProcessName":"-","IpAddress":"10.23.23.9","IpPort":"62199","ImpersonationLevel":"%%1833","RestrictedAdminMode":"-","TargetOutboundUserName":"-","TargetOutboundDomainName":"-","VirtualAccount":"%%1843","TargetLinkedLogonId":"0x0","ElevatedToken":"%%1842"}}}
{"Event_attributes":{"xmlns":"http://schemas.microsoft.com/win/2004/08/events/event"},"Event":{"System":{"Provider_attributes":{"Name":"Microsoft-Windows-Security-Auditing","Guid":"{54849625-5478-4994-A5BA-3E3B0328C30D}"},"EventID":"4624","Version":"2","Level":"0","Task":"12544","Opcode":"0","Keywords":"0x8020000000000000","TimeCreated_attributes":{"SystemTime":"2021-05-03T08:58:38.735359400Z"},"EventRecordID":"1761087","Correlation_attributes":{"ActivityID":"{15E1CE3C-FA3E-0001-52CE-E1153EFAD601}"},"Execution_attributes":{"ProcessID":"584","ThreadID":"624"},"Channel":"Security","Computer":"mssql01.offsec.lan","Security":null},"EventData":{"SubjectUserSid":"S-1-0-0","SubjectUserName":"-","SubjectDomainName":"-","SubjectLogonId":"0x0","TargetUserSid":"S-1-5-21-4230534742-2542757381-3142984815-1111","TargetUserName":"admmig","TargetDomainName":"OFFSEC.LAN","TargetLogonId":"0x2a1f281b","LogonType":"3","LogonProcessName":"Kerberos","AuthenticationPackageName":"Kerberos","WorkstationName":"-","LogonGuid":"{49BB33E9-E7FF-99DF-7A33-14B881F2692B}","TransmittedServices":"-","LmPackageName":"-","KeyLength":"0","ProcessId":"0x0","ProcessName":"-","IpAddress":"10.23.23.9","IpPort":"62200","ImpersonationLevel":"%%1833","RestrictedAdminMode":"-","TargetOutboundUserName":"-","TargetOutboundDomainName":"-","VirtualAccount":"%%1843","TargetLinkedLogonId":"0x0","ElevatedToken":"%%1842"}}}
{"Event_attributes":{"xmlns":"http://schemas.microsoft.com/win/2004/08/events/event"},"Event":{"System":{"Provider_attributes":{"Name":"Microsoft-Windows-Security-Auditing","Guid":"{54849625-5478-4994-A5BA-3E3B0328C30D}"},"EventID":"4799","Version":"0","Level":"0","Task":"13826","Opcode":"0","Keywords":"0x8020000000000000","TimeCreated_attributes":{"SystemTime":"2021-05-03T08:58:38.739650300Z"},"EventRecordID":"1761089","Correlation_attributes":{"ActivityID":"{15E1CE3C-FA3E-0001-52CE-E1153EFAD601}"},"Execution_attributes":{"ProcessID":"584","ThreadID":"964"},"Channel":"Security","Computer":"mssql01.offsec.lan","Security":null},"EventData":{"TargetUserName":"Administrators","TargetDomainName":"Builtin","TargetSid":"S-1-5-32-544","SubjectUserSid":"S-1-5-21-4230534742-2542757381-3142984815-1111","SubjectUserName":"admmig","SubjectDomainName":"OFFSEC","SubjectLogonId":"0x2a1f27d0","CallerProcessId":"0x0","CallerProcessName":"-"}}}
{"Event_attributes":{"xmlns":"http://schemas.microsoft.com/win/2004/08/events/event"},"Event":{"System":{"Provider_attributes":{"Name":"Microsoft-Windows-Security-Auditing","Guid":"{54849625-5478-4994-A5BA-3E3B0328C30D}"},"EventID":"4624","Version":"2","Level":"0","Task":"12544","Opcode":"0","Keywords":"0x8020000000000000","TimeCreated_attributes":{"SystemTime":"2021-05-03T08:58:38.677470800Z"},"EventRecordID":"3777984","Correlation_attributes":{"ActivityID":"{E3EFC6C9-B836-0001-DFC6-EFE336B8D601}"},"Execution_attributes":{"ProcessID":"580","ThreadID":"1168"},"Channel":"Security","Computer":"wsus01.offsec.lan","Security":null},"EventData":{"SubjectUserSid":"S-1-0-0","SubjectUserName":"-","SubjectDomainName":"-","SubjectLogonId":"0x0","TargetUserSid":"S-1-5-21-4230534742-2542757381-3142984815-1111","TargetUserName":"admmig","TargetDomainName":"OFFSEC.LAN","TargetLogonId":"0x5a4cc2f1","LogonType":"3","LogonProcessName":"Kerberos","AuthenticationPackageName":"Kerberos","WorkstationName":"-","LogonGuid":"{1276D976-797C-978A-1DCC-36F0F6E6A3FE}","TransmittedServices":"-","LmPackageName":"-","KeyLength":"0","ProcessId":"0x0","ProcessName":"-","IpAddress":"10.23.23.9","IpPort":"62167","ImpersonationLevel":"%%1833","RestrictedAdminMode":"-","TargetOutboundUserName":"-","TargetOutboundDomainName":"-","VirtualAccount":"%%1843","TargetLinkedLogonId":"0x0","ElevatedToken":"%%1842"}}}
{"Event_attributes":{"xmlns":"http://schemas.microsoft.com/win/2004/08/events/event"},"Event":{"System":{"Provider_attributes":{"Name":"Microsoft-Windows-Security-Auditing","Guid":"{54849625-5478-4994-A5BA-3E3B0328C30D}"},"EventID":"4624","Version":"2","Level":"0","Task":"12544","Opcode":"0","Keywords":"0x8020000000000000","TimeCreated_attributes":{"SystemTime":"2021-05-03T08:58:38.686121100Z"},"EventRecordID":"3777990","Correlation_attributes":{"ActivityID":"{E3EFC6C9-B836-0001-DFC6-EFE336B8D601}"},"Execution_attributes":{"ProcessID":"580","ThreadID":"1168"},"Channel":"Security","Computer":"wsus01.offsec.lan","Security":null},"EventData":{"SubjectUserSid":"S-1-0-0","SubjectUserName":"-","SubjectDomainName":"-","SubjectLogonId":"0x0","TargetUserSid":"S-1-5-21-4230534742-2542757381-3142984815-1111","TargetUserName":"admmig","TargetDomainName":"OFFSEC.LAN","TargetLogonId":"0x5a4cc329","LogonType":"3","LogonProcessName":"Kerberos","AuthenticationPackageName":"Kerberos","WorkstationName":"-","LogonGuid":"{1276D976-797C-978A-1DCC-36F0F6E6A3FE}","TransmittedServices":"-","LmPackageName":"-","KeyLength":"0","ProcessId":"0x0","ProcessName":"-","IpAddress":"10.23.23.9","IpPort":"62175","ImpersonationLevel":"%%1833","RestrictedAdminMode":"-","TargetOutboundUserName":"-","TargetOutboundDomainName":"-","VirtualAccount":"%%1843","TargetLinkedLogonId":"0x0","ElevatedToken":"%%1842"}}}
{"Event_attributes":{"xmlns":"http://schemas.microsoft.com/win/2004/08/events/event"},"Event":{"System":{"Provider_attributes":{"Name":"Microsoft-Windows-Security-Auditing","Guid":"{54849625-5478-4994-A5BA-3E3B0328C30D}"},"EventID":"4799","Version":"0","Level":"0","Task":"13826","Opcode":"0","Keywords":"0x8020000000000000","TimeCreated_attributes":{"SystemTime":"2021-05-03T08:58:38.686322400Z"},"EventRecordID":"3777992","Correlation_attributes":{"ActivityID":"{E3EFC6C9-B836-0001-DFC6-EFE336B8D601}"},"Execution_attributes":{"ProcessID":"580","ThreadID":"1780"},"Channel":"Security","Computer":"wsus01.offsec.lan","Security":null},"EventData":{"TargetUserName":"Administrators","TargetDomainName":"Builtin","TargetSid":"S-1-5-32-544","SubjectUserSid":"S-1-5-21-4230534742-2542757381-3142984815-1111","SubjectUserName":"admmig","SubjectDomainName":"OFFSEC","SubjectLogonId":"0x5a4cc2f1","CallerProcessId":"0x0","CallerProcessName":"-"}}}
{"Event_attributes":{"xmlns":"http://schemas.microsoft.com/win/2004/08/events/event"},"Event":{"System":{"Provider_attributes":{"Name":"Microsoft-Windows-Security-Auditing","Guid":"{54849625-5478-4994-A5BA-3E3B0328C30D}"},"EventID":"4624","Version":"2","Level":"0","Task":"12544","Opcode":"0","Keywords":"0x8020000000000000","TimeCreated_attributes":{"SystemTime":"2021-05-03T08:58:38.687250200Z"},"EventRecordID":"3777995","Correlation_attributes":{"ActivityID":"{E3EFC6C9-B836-0001-DFC6-EFE336B8D601}"},"Execution_attributes":{"ProcessID":"580","ThreadID":"1780"},"Channel":"Security","Computer":"wsus01.offsec.lan","Security":null},"EventData":{"SubjectUserSid":"S-1-0-0","SubjectUserName":"-","SubjectDomainName":"-","SubjectLogonId":"0x0","TargetUserSid":"S-1-5-21-4230534742-2542757381-3142984815-1111","TargetUserName":"admmig","TargetDomainName":"OFFSEC.LAN","TargetLogonId":"0x5a4cc34a","LogonType":"3","LogonProcessName":"Kerberos","AuthenticationPackageName":"Kerberos","WorkstationName":"-","LogonGuid":"{1276D976-797C-978A-1DCC-36F0F6E6A3FE}","TransmittedServices":"-","LmPackageName":"-","KeyLength":"0","ProcessId":"0x0","ProcessName":"-","IpAddress":"10.23.23.9","IpPort":"62179","ImpersonationLevel":"%%1833","RestrictedAdminMode":"-","TargetOutboundUserName":"-","TargetOutboundDomainName":"-","VirtualAccount":"%%1843","TargetLinkedLogonId":"0x0","ElevatedToken":"%%1842"}}}
{"Event_attributes":{"xmlns":"http://schemas.microsoft.com/win/2004/08/events/event"},"Event":{"System":{"Provider_attributes":{"Name":"Microsoft-Windows-Security-Auditing","Guid":"{54849625-5478-4994-A5BA-3E3B0328C30D}"},"EventID":"4624","Version":"2","Level":"0","Task":"12544","Opcode":"0","Keywords":"0x8020000000000000","TimeCreated_attributes":{"SystemTime":"2021-05-03T08:58:38.689564300Z"},"EventRecordID":"3777999","Correlation_attributes":{"ActivityID":"{E3EFC6C9-B836-0001-DFC6-EFE336B8D601}"},"Execution_attributes":{"ProcessID":"580","ThreadID":"3888"},"Channel":"Security","Computer":"wsus01.offsec.lan","Security":null},"EventData":{"SubjectUserSid":"S-1-0-0","SubjectUserName":"-","SubjectDomainName":"-","SubjectLogonId":"0x0","TargetUserSid":"S-1-5-21-4230534742-2542757381-3142984815-1111","TargetUserName":"admmig","TargetDomainName":"OFFSEC.LAN","TargetLogonId":"0x5a4cc36c","LogonType":"3","LogonProcessName":"Kerberos","AuthenticationPackageName":"Kerberos","WorkstationName":"-","LogonGuid":"{1276D976-797C-978A-1DCC-36F0F6E6A3FE}","TransmittedServices":"-","LmPackageName":"-","KeyLength":"0","ProcessId":"0x0","ProcessName":"-","IpAddress":"10.23.23.9","IpPort":"62183","ImpersonationLevel":"%%1833","RestrictedAdminMode":"-","TargetOutboundUserName":"-","TargetOutboundDomainName":"-","VirtualAccount":"%%1843","TargetLinkedLogonId":"0x0","ElevatedToken":"%%1842"}}}
{"Event_attributes":{"xmlns":"http://schemas.microsoft.com/win/2004/08/events/event"},"Event":{"System":{"Provider_attributes":{"Name":"Microsoft-Windows-Security-Auditing","Guid":"{54849625-5478-4994-A5BA-3E3B0328C30D}"},"EventID":"4624","Version":"2","Level":"0","Task":"12544","Opcode":"0","Keywords":"0x8020000000000000","TimeCreated_attributes":{"SystemTime":"2021-05-03T08:58:38.689534300Z"},"EventRecordID":"5501085","Correlation_attributes":{"ActivityID":"{E180E42C-10DB-0000-46E4-80E1DB10D701}"},"Execution_attributes":{"ProcessID":"588","ThreadID":"1744"},"Channel":"Security","Computer":"atacore01.offsec.lan","Security":null},"EventData":{"SubjectUserSid":"S-1-0-0","SubjectUserName":"-","SubjectDomainName":"-","SubjectLogonId":"0x0","TargetUserSid":"S-1-5-21-4230534742-2542757381-3142984815-1111","TargetUserName":"admmig","TargetDomainName":"OFFSEC.LAN","TargetLogonId":"0x3a7fd720","LogonType":"3","LogonProcessName":"Kerberos","AuthenticationPackageName":"Kerberos","WorkstationName":"-","LogonGuid":"{7955B75B-B5B9-3DE1-9FDD-5B8D081823BD}","TransmittedServices":"-","LmPackageName":"-","KeyLength":"0","ProcessId":"0x0","ProcessName":"-","IpAddress":"10.23.23.9","IpPort":"62172","ImpersonationLevel":"%%1833","RestrictedAdminMode":"-","TargetOutboundUserName":"-","TargetOutboundDomainName":"-","VirtualAccount":"%%1843","TargetLinkedLogonId":"0x0","ElevatedToken":"%%1842"}}}
{"Event_attributes":{"xmlns":"http://schemas.microsoft.com/win/2004/08/events/event"},"Event":{"System":{"Provider_attributes":{"Name":"Microsoft-Windows-Security-Auditing","Guid":"{54849625-5478-4994-A5BA-3E3B0328C30D}"},"EventID":"4799","Version":"0","Level":"0","Task":"13826","Opcode":"0","Keywords":"0x8020000000000000","TimeCreated_attributes":{"SystemTime":"2021-05-03T08:58:38.700238700Z"},"EventRecordID":"5501089","Correlation_attributes":{"ActivityID":"{E180E42C-10DB-0000-46E4-80E1DB10D701}"},"Execution_attributes":{"ProcessID":"588","ThreadID":"1744"},"Channel":"Security","Computer":"atacore01.offsec.lan","Security":null},"EventData":{"TargetUserName":"Administrators","TargetDomainName":"Builtin","TargetSid":"S-1-5-32-544","SubjectUserSid":"S-1-5-21-4230534742-2542757381-3142984815-1111","SubjectUserName":"admmig","SubjectDomainName":"OFFSEC","SubjectLogonId":"0x3a7fd720","CallerProcessId":"0x0","CallerProcessName":"-"}}}
{"Event_attributes":{"xmlns":"http://schemas.microsoft.com/win/2004/08/events/event"},"Event":{"System":{"Provider_attributes":{"Name":"Microsoft-Windows-Security-Auditing","Guid":"{54849625-5478-4994-A5BA-3E3B0328C30D}"},"EventID":"4624","Version":"2","Level":"0","Task":"12544","Opcode":"0","Keywords":"0x8020000000000000","TimeCreated_attributes":{"SystemTime":"2021-05-03T08:58:38.712182200Z"},"EventRecordID":"5501093","Correlation_attributes":{"ActivityID":"{E180E42C-10DB-0000-46E4-80E1DB10D701}"},"Execution_attributes":{"ProcessID":"588","ThreadID":"1744"},"Channel":"Security","Computer":"atacore01.offsec.lan","Security":null},"EventData":{"SubjectUserSid":"S-1-0-0","SubjectUserName":"-","SubjectDomainName":"-","SubjectLogonId":"0x0","TargetUserSid":"S-1-5-21-4230534742-2542757381-3142984815-1111","TargetUserName":"admmig","TargetDomainName":"OFFSEC.LAN","TargetLogonId":"0x3a7fd78b","LogonType":"3","LogonProcessName":"Kerberos","AuthenticationPackageName":"Kerberos","WorkstationName":"-","LogonGuid":"{7955B75B-B5B9-3DE1-9FDD-5B8D081823BD}","TransmittedServices":"-","LmPackageName":"-","KeyLength":"0","ProcessId":"0x0","ProcessName":"-","IpAddress":"10.23.23.9","IpPort":"62189","ImpersonationLevel":"%%1833","RestrictedAdminMode":"-","TargetOutboundUserName":"-","TargetOutboundDomainName":"-","VirtualAccount":"%%1843","TargetLinkedLogonId":"0x0","ElevatedToken":"%%1842"}}}
{"Event_attributes":{"xmlns":"http://schemas.microsoft.com/win/2004/08/events/event"},"Event":{"System":{"Provider_attributes":{"Name":"Microsoft-Windows-Security-Auditing","Guid":"{54849625-5478-4994-A5BA-3E3B0328C30D}"},"EventID":"4624","Version":"2","Level":"0","Task":"12544","Opcode":"0","Keywords":"0x8020000000000000","TimeCreated_attributes":{"SystemTime":"2021-05-03T08:58:38.713448300Z"},"EventRecordID":"5501097","Correlation_attributes":{"ActivityID":"{E180E42C-10DB-0000-46E4-80E1DB10D701}"},"Execution_attributes":{"ProcessID":"588","ThreadID":"2424"},"Channel":"Security","Computer":"atacore01.offsec.lan","Security":null},"EventData":{"SubjectUserSid":"S-1-0-0","SubjectUserName":"-","SubjectDomainName":"-","SubjectLogonId":"0x0","TargetUserSid":"S-1-5-21-4230534742-2542757381-3142984815-1111","TargetUserName":"admmig","TargetDomainName":"OFFSEC.LAN","TargetLogonId":"0x3a7fd7a6","LogonType":"3","LogonProcessName":"Kerberos","AuthenticationPackageName":"Kerberos","WorkstationName":"-","LogonGuid":"{7955B75B-B5B9-3DE1-9FDD-5B8D081823BD}","TransmittedServices":"-","LmPackageName":"-","KeyLength":"0","ProcessId":"0x0","ProcessName":"-","IpAddress":"10.23.23.9","IpPort":"62193","ImpersonationLevel":"%%1833","RestrictedAdminMode":"-","TargetOutboundUserName":"-","TargetOutboundDomainName":"-","VirtualAccount":"%%1843","TargetLinkedLogonId":"0x0","ElevatedToken":"%%1842"}}}
{"Event_attributes":{"xmlns":"http://schemas.microsoft.com/win/2004/08/events/event"},"Event":{"System":{"Provider_attributes":{"Name":"Microsoft-Windows-Security-Auditing","Guid":"{54849625-5478-4994-A5BA-3E3B0328C30D}"},"EventID":"4624","Version":"2","Level":"0","Task":"12544","Opcode":"0","Keywords":"0x8020000000000000","TimeCreated_attributes":{"SystemTime":"2021-05-03T08:58:38.714267100Z"},"EventRecordID":"5501101","Correlation_attributes":{"ActivityID":"{E180E42C-10DB-0000-46E4-80E1DB10D701}"},"Execution_attributes":{"ProcessID":"588","ThreadID":"3164"},"Channel":"Security","Computer":"atacore01.offsec.lan","Security":null},"EventData":{"SubjectUserSid":"S-1-0-0","SubjectUserName":"-","SubjectDomainName":"-","SubjectLogonId":"0x0","TargetUserSid":"S-1-5-21-4230534742-2542757381-3142984815-1111","TargetUserName":"admmig","TargetDomainName":"OFFSEC.LAN","TargetLogonId":"0x3a7fd7ba","LogonType":"3","LogonProcessName":"Kerberos","AuthenticationPackageName":"Kerberos","WorkstationName":"-","LogonGuid":"{7955B75B-B5B9-3DE1-9FDD-5B8D081823BD}","TransmittedServices":"-","LmPackageName":"-","KeyLength":"0","ProcessId":"0x0","ProcessName":"-","IpAddress":"10.23.23.9","IpPort":"62191","ImpersonationLevel":"%%1833","RestrictedAdminMode":"-","TargetOutboundUserName":"-","TargetOutboundDomainName":"-","VirtualAccount":"%%1843","TargetLinkedLogonId":"0x0","ElevatedToken":"%%1842"}}}
{"Event_attributes":{"xmlns":"http://schemas.microsoft.com/win/2004/08/events/event"},"Event":{"System":{"Provider_attributes":{"Name":"Microsoft-Windows-Security-Auditing","Guid":"{54849625-5478-4994-A5BA-3E3B0328C30D}"},"EventID":"4624","Version":"2","Level":"0","Task":"12544","Opcode":"0","Keywords":"0x8020000000000000","TimeCreated_attributes":{"SystemTime":"2021-05-03T08:58:38.742575800Z"},"EventRecordID":"1601354","Correlation_attributes":{"ActivityID":"{5D21085D-09CF-0000-7408-215DCF09D701}"},"Execution_attributes":{"ProcessID":"572","ThreadID":"5304"},"Channel":"Security","Computer":"webiis01.offsec.lan","Security":null},"EventData":{"SubjectUserSid":"S-1-0-0","SubjectUserName":"-","SubjectDomainName":"-","SubjectLogonId":"0x0","TargetUserSid":"S-1-5-21-4230534742-2542757381-3142984815-1111","TargetUserName":"admmig","TargetDomainName":"OFFSEC.LAN","TargetLogonId":"0x258b9e7c","LogonType":"3","LogonProcessName":"Kerberos","AuthenticationPackageName":"Kerberos","WorkstationName":"-","LogonGuid":"{14147ED4-EA5C-3E84-6276-EE296E6357B4}","TransmittedServices":"-","LmPackageName":"-","KeyLength":"0","ProcessId":"0x0","ProcessName":"-","IpAddress":"10.23.23.9","IpPort":"62209","ImpersonationLevel":"%%1833","RestrictedAdminMode":"-","TargetOutboundUserName":"-","TargetOutboundDomainName":"-","VirtualAccount":"%%1843","TargetLinkedLogonId":"0x0","ElevatedToken":"%%1842"}}}
{"Event_attributes":{"xmlns":"http://schemas.microsoft.com/win/2004/08/events/event"},"Event":{"System":{"Provider_attributes":{"Name":"Microsoft-Windows-Security-Auditing","Guid":"{54849625-5478-4994-A5BA-3E3B0328C30D}"},"EventID":"4799","Version":"0","Level":"0","Task":"13826","Opcode":"0","Keywords":"0x8020000000000000","TimeCreated_attributes":{"SystemTime":"2021-05-03T08:58:38.754996500Z"},"EventRecordID":"1601358","Correlation_attributes":{"ActivityID":"{5D21085D-09CF-0000-7408-215DCF09D701}"},"Execution_attributes":{"ProcessID":"572","ThreadID":"5304"},"Channel":"Security","Computer":"webiis01.offsec.lan","Security":null},"EventData":{"TargetUserName":"Administrators","TargetDomainName":"Builtin","TargetSid":"S-1-5-32-544","SubjectUserSid":"S-1-5-21-4230534742-2542757381-3142984815-1111","SubjectUserName":"admmig","SubjectDomainName":"OFFSEC","SubjectLogonId":"0x258b9e7c","CallerProcessId":"0x0","CallerProcessName":"-"}}}
{"Event_attributes":{"xmlns":"http://schemas.microsoft.com/win/2004/08/events/event"},"Event":{"System":{"Provider_attributes":{"Name":"Microsoft-Windows-Security-Auditing","Guid":"{54849625-5478-4994-A5BA-3E3B0328C30D}"},"EventID":"4624","Version":"2","Level":"0","Task":"12544","Opcode":"0","Keywords":"0x8020000000000000","TimeCreated_attributes":{"SystemTime":"2021-05-03T08:58:38.774636400Z"},"EventRecordID":"1601362","Correlation_attributes":{"ActivityID":"{5D21085D-09CF-0000-7408-215DCF09D701}"},"Execution_attributes":{"ProcessID":"572","ThreadID":"2828"},"Channel":"Security","Computer":"webiis01.offsec.lan","Security":null},"EventData":{"SubjectUserSid":"S-1-0-0","SubjectUserName":"-","SubjectDomainName":"-","SubjectLogonId":"0x0","TargetUserSid":"S-1-5-21-4230534742-2542757381-3142984815-1111","TargetUserName":"admmig","TargetDomainName":"OFFSEC.LAN","TargetLogonId":"0x258b9ee5","LogonType":"3","LogonProcessName":"Kerberos","AuthenticationPackageName":"Kerberos","WorkstationName":"-","LogonGuid":"{14147ED4-EA5C-3E84-6276-EE296E6357B4}","TransmittedServices":"-","LmPackageName":"-","KeyLength":"0","ProcessId":"0x0","ProcessName":"-","IpAddress":"10.23.23.9","IpPort":"62234","ImpersonationLevel":"%%1833","RestrictedAdminMode":"-","TargetOutboundUserName":"-","TargetOutboundDomainName":"-","VirtualAccount":"%%1843","TargetLinkedLogonId":"0x0","ElevatedToken":"%%1842"}}}
