{"Event_attributes":{"xmlns":"http://schemas.microsoft.com/win/2004/08/events/event"},"Event":{"System":{"Provider_attributes":{"Name":"PowerShell"},"EventID_attributes":{"Qualifiers":0},"EventID":800,"Level":4,"Task":8,"Keywords":"0x80000000000000","TimeCreated_attributes":{"SystemTime":"2021-10-31T14:28:15.329725Z"},"EventRecordID":15727055,"Channel":"Windows PowerShell","Computer":"jump01.offsec.lan","Security":null},"EventData":{"Data":{"#text":["","\tDetailSequence=1\r\n\tDetailTotal=1\r\n\r\n\tSequenceNumber=301\r\n\r\n\tUserId=OFFSEC\\admmig\r\n\tHostName=ConsoleHost\r\n\tHostVersion=5.1.14393.4350\r\n\tHostId=32afa6ab-c13e-4c81-91ed-8488f7e303ea\r\n\tHostApplication=C:\\Windows\\System32\\WindowsPowerShell\\v1.0\\powershell.exe\r\n\tEngineVersion=5.1.14393.4350\r\n\tRunspaceId=be9cbd71-6464-43fd-94f7-af1594871f07\r\n\tPipelineId=68\r\n\tScriptName=\r\n\tCommandLine=","CommandInvocation(PSConsoleHostReadline): \"PSConsoleHostReadline\"\r\n"]},"Binary":null}}}
{"Event_attributes":{"xmlns":"http://schemas.microsoft.com/win/2004/08/events/event"},"Event":{"System":{"Provider_attributes":{"Name":"Microsoft-Windows-PowerShell","Guid":"A0C1853B-5C40-4B15-8766-3CF1C58F985A"},"EventID":4103,"Version":1,"Level":4,"Task":106,"Opcode":20,"Keywords":"0x0","TimeCreated_attributes":{"SystemTime":"2021-10-31T14:28:15.330751Z"},"EventRecordID":14702545,"Correlation_attributes":{"ActivityID":"510E36C6-BEAB-0003-8420-3E51ABBED701"},"Execution_attributes":{"ProcessID":15016,"ThreadID":4004},"Channel":"Microsoft-Windows-PowerShell/Operational","Computer":"jump01.offsec.lan","Security_attributes":{"UserID":"S-1-5-21-4230534742-2542757381-3142984815-1111"}},"EventData":{"ContextInfo":"        Severity = Informational\r\n        Host Name = ConsoleHost\r\n        Host Version = 5.1.14393.4350\r\n        Host ID = 32afa6ab-c13e-4c81-91ed-8488f7e303ea\r\n        Host Application = C:\\Windows\\System32\\WindowsPowerShell\\v1.0\\powershell.exe\r\n        Engine Version = 5.1.14393.4350\r\n        Runspace ID = be9cbd71-6464-43fd-94f7-af1594871f07\r\n        Pipeline ID = 68\r\n        Command Name = PSConsoleHostReadline\r\n        Command Type = Function\r\n        Script Name = \r\n        Command Path = \r\n        Sequence Number = 302\r\n        User = OFFSEC\\admmig\r\n        Connected User = \r\n        Shell ID = Microsoft.PowerShell\r\n","UserData":"","Payload":"CommandInvocation(PSConsoleHostReadline): \"PSConsoleHostReadline\"\r\n"}}}
{"Event_attributes":{"xmlns":"http://schemas.microsoft.com/win/2004/08/events/event"},"Event":{"System":{"Provider_attributes":{"Name":"Microsoft-Windows-PowerShell","Guid":"A0C1853B-5C40-4B15-8766-3CF1C58F985A"},"EventID":4104,"Version":1,"Level":5,"Task":2,"Opcode":15,"Keywords":"0x0","TimeCreated_attributes":{"SystemTime":"2021-10-31T14:28:15.331651Z"},"EventRecordID":14702546,"Correlation_attributes":{"ActivityID":"510E36C6-BEAB-0003-9120-3E51ABBED701"},"Execution_attributes":{"ProcessID":15016,"ThreadID":4004},"Channel":"Microsoft-Windows-PowerShell/Operational","Computer":"jump01.offsec.lan","Security_attributes":{"UserID":"S-1-5-21-4230534742-2542757381-3142984815-1111"}},"EventData":{"MessageNumber":1,"MessageTotal":1,"ScriptBlockText":"Get-LocalGroupMember -Name Administrators","ScriptBlockId":"6a14bd4a-b612-4efd-b229-8c9841cf5b06","Path":""}}}
{"Event_attributes":{"xmlns":"http://schemas.microsoft.com/win/2004/08/events/event"},"Event":{"System":{"Provider_attributes":{"Name":"PowerShell"},"EventID_attributes":{"Qualifiers":0},"EventID":800,"Level":4,"Task":8,"Keywords":"0x80000000000000","TimeCreated_attributes":{"SystemTime":"2021-10-31T14:28:15.342725Z"},"EventRecordID":15727056,"Channel":"Windows PowerShell","Computer":"jump01.offsec.lan","Security":null},"EventData":{"Data":{"#text":["Get-LocalGroupMember -Name Administrators","\tDetailSequence=1\r\n\tDetailTotal=1\r\n\r\n\tSequenceNumber=303\r\n\r\n\tUserId=OFFSEC\\admmig\r\n\tHostName=ConsoleHost\r\n\tHostVersion=5.1.14393.4350\r\n\tHostId=32afa6ab-c13e-4c81-91ed-8488f7e303ea\r\n\tHostApplication=C:\\Windows\\System32\\WindowsPowerShell\\v1.0\\powershell.exe\r\n\tEngineVersion=5.1.14393.4350\r\n\tRunspaceId=be9cbd71-6464-43fd-94f7-af1594871f07\r\n\tPipelineId=69\r\n\tScriptName=\r\n\tCommandLine=Get-LocalGroupMember -Name Administrators","CommandInvocation(Get-LocalGroupMember): \"Get-LocalGroupMember\"\r\nParameterBinding(Get-LocalGroupMember): name=\"Name\"; value=\"Administrators\"\r\n"]},"Binary":null}}}
{"Event_attributes":{"xmlns":"http://schemas.microsoft.com/win/2004/08/events/event"},"Event":{"System":{"Provider_attributes":{"Name":"Microsoft-Windows-PowerShell","Guid":"A0C1853B-5C40-4B15-8766-3CF1C58F985A"},"EventID":4103,"Version":1,"Level":4,"Task":106,"Opcode":20,"Keywords":"0x0","TimeCreated_attributes":{"SystemTime":"2021-10-31T14:28:15.342940Z"},"EventRecordID":14702547,"Correlation_attributes":{"ActivityID":"510E36C6-BEAB-0003-9220-3E51ABBED701"},"Execution_attributes":{"ProcessID":15016,"ThreadID":4004},"Channel":"Microsoft-Windows-PowerShell/Operational","Computer":"jump01.offsec.lan","Security_attributes":{"UserID":"S-1-5-21-4230534742-2542757381-3142984815-1111"}},"EventData":{"ContextInfo":"        Severity = Informational\r\n        Host Name = ConsoleHost\r\n        Host Version = 5.1.14393.4350\r\n        Host ID = 32afa6ab-c13e-4c81-91ed-8488f7e303ea\r\n        Host Application = C:\\Windows\\System32\\WindowsPowerShell\\v1.0\\powershell.exe\r\n        Engine Version = 5.1.14393.4350\r\n        Runspace ID = be9cbd71-6464-43fd-94f7-af1594871f07\r\n        Pipeline ID = 69\r\n        Command Name = Get-LocalGroupMember\r\n        Command Type = Cmdlet\r\n        Script Name = \r\n        Command Path = \r\n        Sequence Number = 304\r\n        User = OFFSEC\\admmig\r\n        Connected User = \r\n        Shell ID = Microsoft.PowerShell\r\n","UserData":"","Payload":"CommandInvocation(Get-LocalGroupMember): \"Get-LocalGroupMember\"\r\nParameterBinding(Get-LocalGroupMember): name=\"Name\"; value=\"Administrators\"\r\n"}}}
{"Event_attributes":{"xmlns":"http://schemas.microsoft.com/win/2004/08/events/event"},"Event":{"System":{"Provider_attributes":{"Name":"PowerShell"},"EventID_attributes":{"Qualifiers":0},"EventID":800,"Level":4,"Task":8,"Keywords":"0x80000000000000","TimeCreated_attributes":{"SystemTime":"2021-10-31T14:28:15.350727Z"},"EventRecordID":15727057,"Channel":"Windows PowerShell","Computer":"jump01.offsec.lan","Security":null},"EventData":{"Data":{"#text":["","\tDetailSequence=1\r\n\tDetailTotal=1\r\n\r\n\tSequenceNumber=305\r\n\r\n\tUserId=OFFSEC\\admmig\r\n\tHostName=ConsoleHost\r\n\tHostVersion=5.1.14393.4350\r\n\tHostId=32afa6ab-c13e-4c81-91ed-8488f7e303ea\r\n\tHostApplication=C:\\Windows\\System32\\WindowsPowerShell\\v1.0\\powershell.exe\r\n\tEngineVersion=5.1.14393.4350\r\n\tRunspaceId=be9cbd71-6464-43fd-94f7-af1594871f07\r\n\tPipelineId=69\r\n\tScriptName=\r\n\tCommandLine=","CommandInvocation(Out-Default): \"Out-Default\"\r\nParameterBinding(Out-Default): name=\"InputObject\"; value=\"JUMP01\\Administrator\"\r\nParameterBinding(Out-Default): name=\"InputObject\"; value=\"OFFSEC\\Domain Admins\"\r\nParameterBinding(Out-Default): name=\"InputObject\"; value=\"OFFSEC\\Nessus Local Access\"\r\nParameterBinding(Out-Default): name=\"InputObject\"; value=\"OFFSEC\\SG_LocalAdmin_Lab\"\r\n"]},"Binary":null}}}
{"Event_attributes":{"xmlns":"http://schemas.microsoft.com/win/2004/08/events/event"},"Event":{"System":{"Provider_attributes":{"Name":"Microsoft-Windows-PowerShell","Guid":"A0C1853B-5C40-4B15-8766-3CF1C58F985A"},"EventID":4103,"Version":1,"Level":4,"Task":106,"Opcode":20,"Keywords":"0x0","TimeCreated_attributes":{"SystemTime":"2021-10-31T14:28:15.351783Z"},"EventRecordID":14702548,"Correlation_attributes":{"ActivityID":"510E36C6-BEAB-0003-9120-3E51ABBED701"},"Execution_attributes":{"ProcessID":15016,"ThreadID":4004},"Channel":"Microsoft-Windows-PowerShell/Operational","Computer":"jump01.offsec.lan","Security_attributes":{"UserID":"S-1-5-21-4230534742-2542757381-3142984815-1111"}},"EventData":{"ContextInfo":"        Severity = Informational\r\n        Host Name = ConsoleHost\r\n        Host Version = 5.1.14393.4350\r\n        Host ID = 32afa6ab-c13e-4c81-91ed-8488f7e303ea\r\n        Host Application = C:\\Windows\\System32\\WindowsPowerShell\\v1.0\\powershell.exe\r\n        Engine Version = 5.1.14393.4350\r\n        Runspace ID = be9cbd71-6464-43fd-94f7-af1594871f07\r\n        Pipeline ID = 69\r\n        Command Name = \r\n        Command Type = Script\r\n        Script Name = \r\n        Command Path = \r\n        Sequence Number = 306\r\n        User = OFFSEC\\admmig\r\n        Connected User = \r\n        Shell ID = Microsoft.PowerShell\r\n","UserData":"","Payload":"CommandInvocation(Out-Default): \"Out-Default\"\r\nParameterBinding(Out-Default): name=\"InputObject\"; value=\"JUMP01\\Administrator\"\r\nParameterBinding(Out-Default): name=\"InputObject\"; value=\"OFFSEC\\Domain Admins\"\r\nParameterBinding(Out-Default): name=\"InputObject\"; value=\"OFFSEC\\Nessus Local Access\"\r\nParameterBinding(Out-Default): name=\"InputObject\"; value=\"OFFSEC\\SG_LocalAdmin_Lab\"\r\n"}}}
{"Event_attributes":{"xmlns":"http://schemas.microsoft.com/win/2004/08/events/event"},"Event":{"System":{"Provider_attributes":{"Name":"Microsoft-Windows-PowerShell","Guid":"A0C1853B-5C40-4B15-8766-3CF1C58F985A"},"EventID":4104,"Version":1,"Level":5,"Task":2,"Opcode":15,"Keywords":"0x0","TimeCreated_attributes":{"SystemTime":"2021-10-31T14:28:15.353572Z"},"EventRecordID":14702549,"Correlation_attributes":{"ActivityID":"510E36C6-BEAB-0003-9420-3E51ABBED701"},"Execution_attributes":{"ProcessID":15016,"ThreadID":4004},"Channel":"Microsoft-Windows-PowerShell/Operational","Computer":"jump01.offsec.lan","Security_attributes":{"UserID":"S-1-5-21-4230534742-2542757381-3142984815-1111"}},"EventData":{"MessageNumber":1,"MessageTotal":1,"ScriptBlockText":"prompt","ScriptBlockId":"12ca3400-9a35-46f7-8d4c-799f66bcae93","Path":""}}}
{"Event_attributes":{"xmlns":"http://schemas.microsoft.com/win/2004/08/events/event"},"Event":{"System":{"Provider_attributes":{"Name":"PowerShell"},"EventID_attributes":{"Qualifiers":0},"EventID":800,"Level":4,"Task":8,"Keywords":"0x80000000000000","TimeCreated_attributes":{"SystemTime":"2021-10-31T14:28:15.353729Z"},"EventRecordID":15727058,"Channel":"Windows PowerShell","Computer":"jump01.offsec.lan","Security":null},"EventData":{"Data":{"#text":["    Microsoft.PowerShell.Core\\Set-StrictMode -Off\r\n","\tDetailSequence=1\r\n\tDetailTotal=1\r\n\r\n\tSequenceNumber=307\r\n\r\n\tUserId=OFFSEC\\admmig\r\n\tHostName=ConsoleHost\r\n\tHostVersion=5.1.14393.4350\r\n\tHostId=32afa6ab-c13e-4c81-91ed-8488f7e303ea\r\n\tHostApplication=C:\\Windows\\System32\\WindowsPowerShell\\v1.0\\powershell.exe\r\n\tEngineVersion=5.1.14393.4350\r\n\tRunspaceId=be9cbd71-6464-43fd-94f7-af1594871f07\r\n\tPipelineId=71\r\n\tScriptName=C:\\Program Files\\WindowsPowerShell\\Modules\\PSReadline\\1.2\\PSReadLine.psm1\r\n\tCommandLine=    Microsoft.PowerShell.Core\\Set-StrictMode -Off\r\n","CommandInvocation(Set-StrictMode): \"Set-StrictMode\"\r\nParameterBinding(Set-StrictMode): name=\"Off\"; value=\"True\"\r\n"]},"Binary":null}}}
{"Event_attributes":{"xmlns":"http://schemas.microsoft.com/win/2004/08/events/event"},"Event":{"System":{"Provider_attributes":{"Name":"Microsoft-Windows-PowerShell","Guid":"A0C1853B-5C40-4B15-8766-3CF1C58F985A"},"EventID":4103,"Version":1,"Level":4,"Task":106,"Opcode":20,"Keywords":"0x0","TimeCreated_attributes":{"SystemTime":"2021-10-31T14:28:15.354821Z"},"EventRecordID":14702550,"Correlation_attributes":{"ActivityID":"510E36C6-BEAB-0003-9920-3E51ABBED701"},"Execution_attributes":{"ProcessID":15016,"ThreadID":4004},"Channel":"Microsoft-Windows-PowerShell/Operational","Computer":"jump01.offsec.lan","Security_attributes":{"UserID":"S-1-5-21-4230534742-2542757381-3142984815-1111"}},"EventData":{"ContextInfo":"        Severity = Informational\r\n        Host Name = ConsoleHost\r\n        Host Version = 5.1.14393.4350\r\n        Host ID = 32afa6ab-c13e-4c81-91ed-8488f7e303ea\r\n        Host Application = C:\\Windows\\System32\\WindowsPowerShell\\v1.0\\powershell.exe\r\n        Engine Version = 5.1.14393.4350\r\n        Runspace ID = be9cbd71-6464-43fd-94f7-af1594871f07\r\n        Pipeline ID = 71\r\n        Command Name = Set-StrictMode\r\n        Command Type = Cmdlet\r\n        Script Name = C:\\Program Files\\WindowsPowerShell\\Modules\\PSReadline\\1.2\\PSReadLine.psm1\r\n        Command Path = \r\n        Sequence Number = 308\r\n        User = OFFSEC\\admmig\r\n        Connected User = \r\n        Shell ID = Microsoft.PowerShell\r\n","UserData":"","Payload":"CommandInvocation(Set-StrictMode): \"Set-StrictMode\"\r\nParameterBinding(Set-StrictMode): name=\"Off\"; value=\"True\"\r\n"}}}
