{"Event_attributes":{"xmlns":"http://schemas.microsoft.com/win/2004/08/events/event"},"Event":{"System":{"Provider_attributes":{"Name":"Microsoft-Windows-PrintService","Guid":"747EF6FD-E535-4D16-B510-42C90F6873A1"},"EventID":823,"Version":0,"Level":4,"Task":49,"Opcode":11,"Keywords":"0x8000000000020000","TimeCreated_attributes":{"SystemTime":"2021-10-27T10:09:16.280929Z"},"EventRecordID":4,"Correlation":null,"Execution_attributes":{"ProcessID":2552,"ThreadID":4012},"Channel":"Microsoft-Windows-PrintService/Admin","Computer":"fs03vuln.offsec.lan","Security_attributes":{"UserID":"S-1-5-21-4230534742-2542757381-3142984815-1111"}},"UserData":{"ChangingDefaultPrinter_attributes":{"xmlns":"http://manifests.microsoft.com/win/2005/08/windows/printing/spooler/core/events"},"ChangingDefaultPrinter":{"DefaultPrinterSelectedBySpooler":1,"OldDefaultPrinter":"-","NewDefaultPrinter":"Kiwi Legit Printer","Status":"0x0","Module":"spoolsv.exe"}}}}
{"Event_attributes":{"xmlns":"http://schemas.microsoft.com/win/2004/08/events/event"},"Event":{"System":{"Provider_attributes":{"Name":"Microsoft-Windows-PrintService","Guid":"747EF6FD-E535-4D16-B510-42C90F6873A1"},"EventID":823,"Version":0,"Level":4,"Task":49,"Opcode":11,"Keywords":"0x8000000000020000","TimeCreated_attributes":{"SystemTime":"2021-10-27T10:12:33.464241Z"},"EventRecordID":5,"Correlation":null,"Execution_attributes":{"ProcessID":2992,"ThreadID":3944},"Channel":"Microsoft-Windows-PrintService/Admin","Computer":"fs03vuln.offsec.lan","Security_attributes":{"UserID":"S-1-5-21-4230534742-2542757381-3142984815-1111"}},"UserData":{"ChangingDefaultPrinter_attributes":{"xmlns":"http://manifests.microsoft.com/win/2005/08/windows/printing/spooler/core/events"},"ChangingDefaultPrinter":{"DefaultPrinterSelectedBySpooler":1,"OldDefaultPrinter":"-","NewDefaultPrinter":"Microsoft XPS Document Writer (redirected 2),winspool,TS002","Status":"0x7a","Module":"winspool.drv"}}}}
{"Event_attributes":{"xmlns":"http://schemas.microsoft.com/win/2004/08/events/event"},"Event":{"System":{"Provider_attributes":{"Name":"Microsoft-Windows-PrintService","Guid":"747EF6FD-E535-4D16-B510-42C90F6873A1"},"EventID":823,"Version":0,"Level":4,"Task":49,"Opcode":11,"Keywords":"0x8000000000020000","TimeCreated_attributes":{"SystemTime":"2021-10-27T10:12:47.323575Z"},"EventRecordID":6,"Correlation":null,"Execution_attributes":{"ProcessID":2552,"ThreadID":2760},"Channel":"Microsoft-Windows-PrintService/Admin","Computer":"fs03vuln.offsec.lan","Security_attributes":{"UserID":"S-1-5-21-4230534742-2542757381-3142984815-1111"}},"UserData":{"ChangingDefaultPrinter_attributes":{"xmlns":"http://manifests.microsoft.com/win/2005/08/windows/printing/spooler/core/events"},"ChangingDefaultPrinter":{"DefaultPrinterSelectedBySpooler":1,"OldDefaultPrinter":"-","NewDefaultPrinter":"Kiwi Legit Printer","Status":"0x0","Module":"spoolsv.exe"}}}}
{"Event_attributes":{"xmlns":"http://schemas.microsoft.com/win/2004/08/events/event"},"Event":{"System":{"Provider_attributes":{"Name":"Microsoft-Windows-PrintService","Guid":"747EF6FD-E535-4D16-B510-42C90F6873A1"},"EventID":302,"Version":0,"Level":4,"Task":5,"Opcode":10,"Keywords":"0x4000000000000820","TimeCreated_attributes":{"SystemTime":"2021-10-27T10:14:21.369976Z"},"EventRecordID":150,"Correlation_attributes":{"ActivityID":"C43202E9-CB0F-0000-D030-32C40FCBD701"},"Execution_attributes":{"ProcessID":2552,"ThreadID":4028},"Channel":"Microsoft-Windows-PrintService/Operational","Computer":"fs03vuln.offsec.lan","Security_attributes":{"UserID":"S-1-5-18"}},"UserData":{"PrinterDeletionPending_attributes":{"xmlns":"http://manifests.microsoft.com/win/2005/08/windows/printing/spooler/core/events"},"PrinterDeletionPending":{"Param1":"Kiwi Legit Printer"}}}}
{"Event_attributes":{"xmlns":"http://schemas.microsoft.com/win/2004/08/events/event"},"Event":{"System":{"Provider_attributes":{"Name":"Microsoft-Windows-PrintService","Guid":"747EF6FD-E535-4D16-B510-42C90F6873A1"},"EventID":849,"Version":0,"Level":4,"Task":31,"Opcode":11,"Keywords":"0x4000000000000020","TimeCreated_attributes":{"SystemTime":"2021-10-27T10:14:21.369976Z"},"EventRecordID":151,"Correlation_attributes":{"ActivityID":"C43202E9-CB0F-0000-D030-32C40FCBD701"},"Execution_attributes":{"ProcessID":2552,"ThreadID":4028},"Channel":"Microsoft-Windows-PrintService/Operational","Computer":"fs03vuln.offsec.lan","Security_attributes":{"UserID":"S-1-5-18"}},"UserData":{"PrinterSharing_attributes":{"xmlns":"http://manifests.microsoft.com/win/2005/08/windows/printing/spooler/core/events"},"PrinterSharing":{"PrinterName":"Kiwi Legit Printer","ShareName":"Kiwi Legit Printer"}}}}
{"Event_attributes":{"xmlns":"http://schemas.microsoft.com/win/2004/08/events/event"},"Event":{"System":{"Provider_attributes":{"Name":"Microsoft-Windows-PrintService","Guid":"747EF6FD-E535-4D16-B510-42C90F6873A1"},"EventID":301,"Version":0,"Level":4,"Task":5,"Opcode":11,"Keywords":"0x4000000000000820","TimeCreated_attributes":{"SystemTime":"2021-10-27T10:14:21.369976Z"},"EventRecordID":152,"Correlation_attributes":{"ActivityID":"C43202E9-CB0F-0000-D030-32C40FCBD701"},"Execution_attributes":{"ProcessID":2552,"ThreadID":4028},"Channel":"Microsoft-Windows-PrintService/Operational","Computer":"fs03vuln.offsec.lan","Security_attributes":{"UserID":"S-1-5-18"}},"UserData":{"PrinterDeleted_attributes":{"xmlns":"http://manifests.microsoft.com/win/2005/08/windows/printing/spooler/core/events"},"PrinterDeleted":{"Param1":"Kiwi Legit Printer"}}}}
{"Event_attributes":{"xmlns":"http://schemas.microsoft.com/win/2004/08/events/event"},"Event":{"System":{"Provider_attributes":{"Name":"Microsoft-Windows-PrintService","Guid":"747EF6FD-E535-4D16-B510-42C90F6873A1"},"EventID":316,"Version":0,"Level":4,"Task":8,"Opcode":11,"Keywords":"0x4000000000000900","TimeCreated_attributes":{"SystemTime":"2021-10-27T10:14:27.309949Z"},"EventRecordID":153,"Correlation":null,"Execution_attributes":{"ProcessID":2552,"ThreadID":4028},"Channel":"Microsoft-Windows-PrintService/Operational","Computer":"fs03vuln.offsec.lan","Security_attributes":{"UserID":"S-1-5-18"}},"UserData":{"DriverAdded_attributes":{"xmlns":"http://manifests.microsoft.com/win/2005/08/windows/printing/spooler/core/events"},"DriverAdded":{"Param1":"Generic / Text Only","Param2":"Windows x64","Param3":"Version-3","Param4":"UNIDRV.DLL, UNIDRVUI.DLL, TTY.GPD, UNIDRV.HLP, TTYRES.DLL, TTY.INI, TTY.DLL, TTYUI.DLL, TTYUI.HLP, UNIRES.DLL, STDNAMES.GPD, STDDTYPE.GDL, STDSCHEM.GDL, STDSCHMX.GDL"}}}}
{"Event_attributes":{"xmlns":"http://schemas.microsoft.com/win/2004/08/events/event"},"Event":{"System":{"Provider_attributes":{"Name":"Microsoft-Windows-PrintService","Guid":"747EF6FD-E535-4D16-B510-42C90F6873A1"},"EventID":823,"Version":0,"Level":4,"Task":49,"Opcode":11,"Keywords":"0x8000000000020000","TimeCreated_attributes":{"SystemTime":"2021-10-27T10:14:27.403699Z"},"EventRecordID":7,"Correlation":null,"Execution_attributes":{"ProcessID":2552,"ThreadID":4028},"Channel":"Microsoft-Windows-PrintService/Admin","Computer":"fs03vuln.offsec.lan","Security_attributes":{"UserID":"S-1-5-21-4230534742-2542757381-3142984815-1111"}},"UserData":{"ChangingDefaultPrinter_attributes":{"xmlns":"http://manifests.microsoft.com/win/2005/08/windows/printing/spooler/core/events"},"ChangingDefaultPrinter":{"DefaultPrinterSelectedBySpooler":1,"OldDefaultPrinter":null,"NewDefaultPrinter":"Kiwi Legit Printer,winspool,FILE:","Status":"0x0","Module":"spoolsv.exe"}}}}
{"Event_attributes":{"xmlns":"http://schemas.microsoft.com/win/2004/08/events/event"},"Event":{"System":{"Provider_attributes":{"Name":"Microsoft-Windows-PrintService","Guid":"747EF6FD-E535-4D16-B510-42C90F6873A1"},"EventID":848,"Version":0,"Level":4,"Task":30,"Opcode":11,"Keywords":"0x4000000000000020","TimeCreated_attributes":{"SystemTime":"2021-10-27T10:14:27.466200Z"},"EventRecordID":154,"Correlation":null,"Execution_attributes":{"ProcessID":2552,"ThreadID":4028},"Channel":"Microsoft-Windows-PrintService/Operational","Computer":"fs03vuln.offsec.lan","Security_attributes":{"UserID":"S-1-5-18"}},"UserData":{"PrinterSharing_attributes":{"xmlns":"http://manifests.microsoft.com/win/2005/08/windows/printing/spooler/core/events"},"PrinterSharing":{"PrinterName":"Kiwi Legit Printer","ShareName":"Kiwi Legit Printer"}}}}
{"Event_attributes":{"xmlns":"http://schemas.microsoft.com/win/2004/08/events/event"},"Event":{"System":{"Provider_attributes":{"Name":"Microsoft-Windows-PrintService","Guid":"747EF6FD-E535-4D16-B510-42C90F6873A1"},"EventID":823,"Version":0,"Level":4,"Task":49,"Opcode":11,"Keywords":"0x8000000000020000","TimeCreated_attributes":{"SystemTime":"2021-10-27T10:14:27.559950Z"},"EventRecordID":8,"Correlation":null,"Execution_attributes":{"ProcessID":2552,"ThreadID":4028},"Channel":"Microsoft-Windows-PrintService/Admin","Computer":"fs03vuln.offsec.lan","Security_attributes":{"UserID":"S-1-5-21-4230534742-2542757381-3142984815-1111"}},"UserData":{"ChangingDefaultPrinter_attributes":{"xmlns":"http://manifests.microsoft.com/win/2005/08/windows/printing/spooler/core/events"},"ChangingDefaultPrinter":{"DefaultPrinterSelectedBySpooler":1,"OldDefaultPrinter":"-","NewDefaultPrinter":"Kiwi Legit Printer","Status":"0x0","Module":"spoolsv.exe"}}}}
{"Event_attributes":{"xmlns":"http://schemas.microsoft.com/win/2004/08/events/event"},"Event":{"System":{"Provider_attributes":{"Name":"Microsoft-Windows-PrintService","Guid":"747EF6FD-E535-4D16-B510-42C90F6873A1"},"EventID":300,"Version":0,"Level":4,"Task":4,"Opcode":11,"Keywords":"0x4000000000000820","TimeCreated_attributes":{"SystemTime":"2021-10-27T10:14:27.559950Z"},"EventRecordID":155,"Correlation":null,"Execution_attributes":{"ProcessID":2552,"ThreadID":4028},"Channel":"Microsoft-Windows-PrintService/Operational","Computer":"fs03vuln.offsec.lan","Security_attributes":{"UserID":"S-1-5-21-4230534742-2542757381-3142984815-1111"}},"UserData":{"PrinterCreated_attributes":{"xmlns":"http://manifests.microsoft.com/win/2005/08/windows/printing/spooler/core/events"},"PrinterCreated":{"Param1":"Kiwi Legit Printer"}}}}
