{"Event_attributes":{"xmlns":"http://schemas.microsoft.com/win/2004/08/events/event"},"Event":{"System":{"Provider_attributes":{"Name":"Microsoft-Windows-Security-Auditing","Guid":"54849625-5478-4994-A5BA-3E3B0328C30D"},"EventID":5145,"Version":0,"Level":0,"Task":12811,"Opcode":0,"Keywords":"0x8020000000000000","TimeCreated_attributes":{"SystemTime":"2021-12-13T08:21:30.767530Z"},"EventRecordID":1176255,"Correlation":null,"Execution_attributes":{"ProcessID":480,"ThreadID":488},"Channel":"Security","Computer":"fs03vuln.offsec.lan","Security":null},"EventData":{"SubjectUserSid":"S-1-5-21-4230534742-2542757381-3142984815-1111","SubjectUserName":"admmig","SubjectDomainName":"OFFSEC","SubjectLogonId":"0x8ca6e1d","ObjectType":"File","IpAddress":"10.23.23.9","IpPort":"58478","ShareName":"\\\\*\\C$","ShareLocalPath":"\\??\\C:\\","RelativeTargetName":"WINDOWS\\SYSTEM32\\DRIVERS\\ETC","AccessMask":"0x100081","AccessList":"%%1541\r\n\t\t\t\t%%4416\r\n\t\t\t\t%%4423\r\n\t\t\t\t","AccessReason":"-"}}}
{"Event_attributes":{"xmlns":"http://schemas.microsoft.com/win/2004/08/events/event"},"Event":{"System":{"Provider_attributes":{"Name":"Microsoft-Windows-Security-Auditing","Guid":"54849625-5478-4994-A5BA-3E3B0328C30D"},"EventID":5145,"Version":0,"Level":0,"Task":12811,"Opcode":0,"Keywords":"0x8020000000000000","TimeCreated_attributes":{"SystemTime":"2021-12-13T08:21:30.767530Z"},"EventRecordID":1176256,"Correlation":null,"Execution_attributes":{"ProcessID":480,"ThreadID":488},"Channel":"Security","Computer":"fs03vuln.offsec.lan","Security":null},"EventData":{"SubjectUserSid":"S-1-5-21-4230534742-2542757381-3142984815-1111","SubjectUserName":"admmig","SubjectDomainName":"OFFSEC","SubjectLogonId":"0x8ca6e1d","ObjectType":"File","IpAddress":"10.23.23.9","IpPort":"58477","ShareName":"\\\\*\\C$","ShareLocalPath":"\\??\\C:\\","RelativeTargetName":"\\","AccessMask":"0x100080","AccessList":"%%1541\r\n\t\t\t\t%%4423\r\n\t\t\t\t","AccessReason":"-"}}}
{"Event_attributes":{"xmlns":"http://schemas.microsoft.com/win/2004/08/events/event"},"Event":{"System":{"Provider_attributes":{"Name":"Microsoft-Windows-Security-Auditing","Guid":"54849625-5478-4994-A5BA-3E3B0328C30D"},"EventID":5145,"Version":0,"Level":0,"Task":12811,"Opcode":0,"Keywords":"0x8020000000000000","TimeCreated_attributes":{"SystemTime":"2021-12-13T08:21:30.767530Z"},"EventRecordID":1176257,"Correlation":null,"Execution_attributes":{"ProcessID":480,"ThreadID":488},"Channel":"Security","Computer":"fs03vuln.offsec.lan","Security":null},"EventData":{"SubjectUserSid":"S-1-5-21-4230534742-2542757381-3142984815-1111","SubjectUserName":"admmig","SubjectDomainName":"OFFSEC","SubjectLogonId":"0x8ca6e1d","ObjectType":"File","IpAddress":"10.23.23.9","IpPort":"58476","ShareName":"\\\\*\\C$","ShareLocalPath":"\\??\\C:\\","RelativeTargetName":"Windows\\System32\\Drivers\\etc\\hosts:Zone.Identifier","AccessMask":"0x80","AccessList":"%%4423\r\n\t\t\t\t","AccessReason":"-"}}}
{"Event_attributes":{"xmlns":"http://schemas.microsoft.com/win/2004/08/events/event"},"Event":{"System":{"Provider_attributes":{"Name":"Microsoft-Windows-Security-Auditing","Guid":"54849625-5478-4994-A5BA-3E3B0328C30D"},"EventID":5145,"Version":0,"Level":0,"Task":12811,"Opcode":0,"Keywords":"0x8020000000000000","TimeCreated_attributes":{"SystemTime":"2021-12-13T08:21:30.813915Z"},"EventRecordID":1176258,"Correlation":null,"Execution_attributes":{"ProcessID":480,"ThreadID":488},"Channel":"Security","Computer":"fs03vuln.offsec.lan","Security":null},"EventData":{"SubjectUserSid":"S-1-5-21-4230534742-2542757381-3142984815-1111","SubjectUserName":"admmig","SubjectDomainName":"OFFSEC","SubjectLogonId":"0x8ca6e1d","ObjectType":"File","IpAddress":"10.23.23.9","IpPort":"58477","ShareName":"\\\\*\\C$","ShareLocalPath":"\\??\\C:\\","RelativeTargetName":"Windows\\System32","AccessMask":"0x100081","AccessList":"%%1541\r\n\t\t\t\t%%4416\r\n\t\t\t\t%%4423\r\n\t\t\t\t","AccessReason":"-"}}}
{"Event_attributes":{"xmlns":"http://schemas.microsoft.com/win/2004/08/events/event"},"Event":{"System":{"Provider_attributes":{"Name":"Microsoft-Windows-Security-Auditing","Guid":"54849625-5478-4994-A5BA-3E3B0328C30D"},"EventID":5145,"Version":0,"Level":0,"Task":12811,"Opcode":0,"Keywords":"0x8020000000000000","TimeCreated_attributes":{"SystemTime":"2021-12-13T08:21:30.829542Z"},"EventRecordID":1176259,"Correlation":null,"Execution_attributes":{"ProcessID":480,"ThreadID":488},"Channel":"Security","Computer":"fs03vuln.offsec.lan","Security":null},"EventData":{"SubjectUserSid":"S-1-5-21-4230534742-2542757381-3142984815-1111","SubjectUserName":"admmig","SubjectDomainName":"OFFSEC","SubjectLogonId":"0x8ca6e1d","ObjectType":"File","IpAddress":"10.23.23.9","IpPort":"58479","ShareName":"\\\\*\\C$","ShareLocalPath":"\\??\\C:\\","RelativeTargetName":"WINDOWS\\SYSTEM32\\DRIVERS","AccessMask":"0x100081","AccessList":"%%1541\r\n\t\t\t\t%%4416\r\n\t\t\t\t%%4423\r\n\t\t\t\t","AccessReason":"-"}}}
{"Event_attributes":{"xmlns":"http://schemas.microsoft.com/win/2004/08/events/event"},"Event":{"System":{"Provider_attributes":{"Name":"Microsoft-Windows-Security-Auditing","Guid":"54849625-5478-4994-A5BA-3E3B0328C30D"},"EventID":5145,"Version":0,"Level":0,"Task":12811,"Opcode":0,"Keywords":"0x8020000000000000","TimeCreated_attributes":{"SystemTime":"2021-12-13T08:21:30.845172Z"},"EventRecordID":1176260,"Correlation":null,"Execution_attributes":{"ProcessID":480,"ThreadID":488},"Channel":"Security","Computer":"fs03vuln.offsec.lan","Security":null},"EventData":{"SubjectUserSid":"S-1-5-21-4230534742-2542757381-3142984815-1111","SubjectUserName":"admmig","SubjectDomainName":"OFFSEC","SubjectLogonId":"0x8ca6e1d","ObjectType":"File","IpAddress":"10.23.23.9","IpPort":"58478","ShareName":"\\\\*\\C$","ShareLocalPath":"\\??\\C:\\","RelativeTargetName":"Windows\\System32\\Drivers\\etc","AccessMask":"0x100080","AccessList":"%%1541\r\n\t\t\t\t%%4423\r\n\t\t\t\t","AccessReason":"-"}}}
