{"Event_attributes":{"xmlns":"http://schemas.microsoft.com/win/2004/08/events/event"},"Event":{"System":{"Provider_attributes":{"Name":"Microsoft-Windows-Security-Auditing","Guid":"54849625-5478-4994-A5BA-3E3B0328C30D"},"EventID":4719,"Version":0,"Level":0,"Task":13568,"Opcode":0,"Keywords":"0x8020000000000000","TimeCreated_attributes":{"SystemTime":"2021-10-25T18:30:36.515906Z"},"EventRecordID":109446,"Correlation":null,"Execution_attributes":{"ProcessID":492,"ThreadID":2872},"Channel":"Security","Computer":"FS03.offsec.lan","Security":null},"EventData":{"SubjectUserSid":"S-1-5-21-4230534742-2542757381-3142984815-1111","SubjectUserName":"admmig","SubjectDomainName":"OFFSEC","SubjectLogonId":"0x123550","CategoryId":"%%8272","SubcategoryId":"%%12288","SubcategoryGuid":"0CCE9210-69AE-11D9-BED3-505054503030","AuditPolicyChanges":"%%8448"}}}
{"Event_attributes":{"xmlns":"http://schemas.microsoft.com/win/2004/08/events/event"},"Event":{"System":{"Provider_attributes":{"Name":"Microsoft-Windows-Security-Auditing","Guid":"54849625-5478-4994-A5BA-3E3B0328C30D"},"EventID":4719,"Version":0,"Level":0,"Task":13568,"Opcode":0,"Keywords":"0x8020000000000000","TimeCreated_attributes":{"SystemTime":"2021-10-25T18:30:36.515906Z"},"EventRecordID":109447,"Correlation":null,"Execution_attributes":{"ProcessID":492,"ThreadID":2872},"Channel":"Security","Computer":"FS03.offsec.lan","Security":null},"EventData":{"SubjectUserSid":"S-1-5-21-4230534742-2542757381-3142984815-1111","SubjectUserName":"admmig","SubjectDomainName":"OFFSEC","SubjectLogonId":"0x123550","CategoryId":"%%8272","SubcategoryId":"%%12289","SubcategoryGuid":"0CCE9211-69AE-11D9-BED3-505054503030","AuditPolicyChanges":"%%8448, %%8450"}}}
{"Event_attributes":{"xmlns":"http://schemas.microsoft.com/win/2004/08/events/event"},"Event":{"System":{"Provider_attributes":{"Name":"Microsoft-Windows-Security-Auditing","Guid":"54849625-5478-4994-A5BA-3E3B0328C30D"},"EventID":4719,"Version":0,"Level":0,"Task":13568,"Opcode":0,"Keywords":"0x8020000000000000","TimeCreated_attributes":{"SystemTime":"2021-10-25T18:30:36.515906Z"},"EventRecordID":109448,"Correlation":null,"Execution_attributes":{"ProcessID":492,"ThreadID":2872},"Channel":"Security","Computer":"FS03.offsec.lan","Security":null},"EventData":{"SubjectUserSid":"S-1-5-21-4230534742-2542757381-3142984815-1111","SubjectUserName":"admmig","SubjectDomainName":"OFFSEC","SubjectLogonId":"0x123550","CategoryId":"%%8272","SubcategoryId":"%%12290","SubcategoryGuid":"0CCE9212-69AE-11D9-BED3-505054503030","AuditPolicyChanges":"%%8448, %%8450"}}}
{"Event_attributes":{"xmlns":"http://schemas.microsoft.com/win/2004/08/events/event"},"Event":{"System":{"Provider_attributes":{"Name":"Microsoft-Windows-Security-Auditing","Guid":"54849625-5478-4994-A5BA-3E3B0328C30D"},"EventID":4719,"Version":0,"Level":0,"Task":13568,"Opcode":0,"Keywords":"0x8020000000000000","TimeCreated_attributes":{"SystemTime":"2021-10-25T18:30:36.515906Z"},"EventRecordID":109449,"Correlation":null,"Execution_attributes":{"ProcessID":492,"ThreadID":2872},"Channel":"Security","Computer":"FS03.offsec.lan","Security":null},"EventData":{"SubjectUserSid":"S-1-5-21-4230534742-2542757381-3142984815-1111","SubjectUserName":"admmig","SubjectDomainName":"OFFSEC","SubjectLogonId":"0x123550","CategoryId":"%%8272","SubcategoryId":"%%12292","SubcategoryGuid":"0CCE9214-69AE-11D9-BED3-505054503030","AuditPolicyChanges":"%%8448, %%8450"}}}
{"Event_attributes":{"xmlns":"http://schemas.microsoft.com/win/2004/08/events/event"},"Event":{"System":{"Provider_attributes":{"Name":"Microsoft-Windows-Security-Auditing","Guid":"54849625-5478-4994-A5BA-3E3B0328C30D"},"EventID":4719,"Version":0,"Level":0,"Task":13568,"Opcode":0,"Keywords":"0x8020000000000000","TimeCreated_attributes":{"SystemTime":"2021-10-25T18:30:36.515906Z"},"EventRecordID":109450,"Correlation":null,"Execution_attributes":{"ProcessID":492,"ThreadID":2872},"Channel":"Security","Computer":"FS03.offsec.lan","Security":null},"EventData":{"SubjectUserSid":"S-1-5-21-4230534742-2542757381-3142984815-1111","SubjectUserName":"admmig","SubjectDomainName":"OFFSEC","SubjectLogonId":"0x123550","CategoryId":"%%8273","SubcategoryId":"%%12544","SubcategoryGuid":"0CCE9215-69AE-11D9-BED3-505054503030","AuditPolicyChanges":"%%8448, %%8450"}}}
{"Event_attributes":{"xmlns":"http://schemas.microsoft.com/win/2004/08/events/event"},"Event":{"System":{"Provider_attributes":{"Name":"Microsoft-Windows-Security-Auditing","Guid":"54849625-5478-4994-A5BA-3E3B0328C30D"},"EventID":4719,"Version":0,"Level":0,"Task":13568,"Opcode":0,"Keywords":"0x8020000000000000","TimeCreated_attributes":{"SystemTime":"2021-10-25T18:30:36.515906Z"},"EventRecordID":109451,"Correlation":null,"Execution_attributes":{"ProcessID":492,"ThreadID":2872},"Channel":"Security","Computer":"FS03.offsec.lan","Security":null},"EventData":{"SubjectUserSid":"S-1-5-21-4230534742-2542757381-3142984815-1111","SubjectUserName":"admmig","SubjectDomainName":"OFFSEC","SubjectLogonId":"0x123550","CategoryId":"%%8273","SubcategoryId":"%%12546","SubcategoryGuid":"0CCE9217-69AE-11D9-BED3-505054503030","AuditPolicyChanges":"%%8448, %%8450"}}}
{"Event_attributes":{"xmlns":"http://schemas.microsoft.com/win/2004/08/events/event"},"Event":{"System":{"Provider_attributes":{"Name":"Microsoft-Windows-Security-Auditing","Guid":"54849625-5478-4994-A5BA-3E3B0328C30D"},"EventID":4719,"Version":0,"Level":0,"Task":13568,"Opcode":0,"Keywords":"0x8020000000000000","TimeCreated_attributes":{"SystemTime":"2021-10-25T18:30:36.515906Z"},"EventRecordID":109452,"Correlation":null,"Execution_attributes":{"ProcessID":492,"ThreadID":2872},"Channel":"Security","Computer":"FS03.offsec.lan","Security":null},"EventData":{"SubjectUserSid":"S-1-5-21-4230534742-2542757381-3142984815-1111","SubjectUserName":"admmig","SubjectDomainName":"OFFSEC","SubjectLogonId":"0x123550","CategoryId":"%%8273","SubcategoryId":"%%12548","SubcategoryGuid":"0CCE921B-69AE-11D9-BED3-505054503030","AuditPolicyChanges":"%%8448, %%8450"}}}
{"Event_attributes":{"xmlns":"http://schemas.microsoft.com/win/2004/08/events/event"},"Event":{"System":{"Provider_attributes":{"Name":"Microsoft-Windows-Security-Auditing","Guid":"54849625-5478-4994-A5BA-3E3B0328C30D"},"EventID":4719,"Version":0,"Level":0,"Task":13568,"Opcode":0,"Keywords":"0x8020000000000000","TimeCreated_attributes":{"SystemTime":"2021-10-25T18:30:36.515906Z"},"EventRecordID":109453,"Correlation":null,"Execution_attributes":{"ProcessID":492,"ThreadID":2872},"Channel":"Security","Computer":"FS03.offsec.lan","Security":null},"EventData":{"SubjectUserSid":"S-1-5-21-4230534742-2542757381-3142984815-1111","SubjectUserName":"admmig","SubjectDomainName":"OFFSEC","SubjectLogonId":"0x123550","CategoryId":"%%8273","SubcategoryId":"%%12551","SubcategoryGuid":"0CCE921C-69AE-11D9-BED3-505054503030","AuditPolicyChanges":"%%8448, %%8450"}}}
{"Event_attributes":{"xmlns":"http://schemas.microsoft.com/win/2004/08/events/event"},"Event":{"System":{"Provider_attributes":{"Name":"Microsoft-Windows-Security-Auditing","Guid":"54849625-5478-4994-A5BA-3E3B0328C30D"},"EventID":4719,"Version":0,"Level":0,"Task":13568,"Opcode":0,"Keywords":"0x8020000000000000","TimeCreated_attributes":{"SystemTime":"2021-10-25T18:30:36.515906Z"},"EventRecordID":109454,"Correlation":null,"Execution_attributes":{"ProcessID":492,"ThreadID":2872},"Channel":"Security","Computer":"FS03.offsec.lan","Security":null},"EventData":{"SubjectUserSid":"S-1-5-21-4230534742-2542757381-3142984815-1111","SubjectUserName":"admmig","SubjectDomainName":"OFFSEC","SubjectLogonId":"0x123550","CategoryId":"%%8274","SubcategoryId":"%%12800","SubcategoryGuid":"0CCE921D-69AE-11D9-BED3-505054503030","AuditPolicyChanges":"%%8448, %%8450"}}}
{"Event_attributes":{"xmlns":"http://schemas.microsoft.com/win/2004/08/events/event"},"Event":{"System":{"Provider_attributes":{"Name":"Microsoft-Windows-Security-Auditing","Guid":"54849625-5478-4994-A5BA-3E3B0328C30D"},"EventID":4719,"Version":0,"Level":0,"Task":13568,"Opcode":0,"Keywords":"0x8020000000000000","TimeCreated_attributes":{"SystemTime":"2021-10-25T18:30:36.515906Z"},"EventRecordID":109455,"Correlation":null,"Execution_attributes":{"ProcessID":492,"ThreadID":2872},"Channel":"Security","Computer":"FS03.offsec.lan","Security":null},"EventData":{"SubjectUserSid":"S-1-5-21-4230534742-2542757381-3142984815-1111","SubjectUserName":"admmig","SubjectDomainName":"OFFSEC","SubjectLogonId":"0x123550","CategoryId":"%%8274","SubcategoryId":"%%12801","SubcategoryGuid":"0CCE921E-69AE-11D9-BED3-505054503030","AuditPolicyChanges":"%%8448"}}}
{"Event_attributes":{"xmlns":"http://schemas.microsoft.com/win/2004/08/events/event"},"Event":{"System":{"Provider_attributes":{"Name":"Microsoft-Windows-Security-Auditing","Guid":"54849625-5478-4994-A5BA-3E3B0328C30D"},"EventID":4719,"Version":0,"Level":0,"Task":13568,"Opcode":0,"Keywords":"0x8020000000000000","TimeCreated_attributes":{"SystemTime":"2021-10-25T18:30:36.515906Z"},"EventRecordID":109456,"Correlation":null,"Execution_attributes":{"ProcessID":492,"ThreadID":2872},"Channel":"Security","Computer":"FS03.offsec.lan","Security":null},"EventData":{"SubjectUserSid":"S-1-5-21-4230534742-2542757381-3142984815-1111","SubjectUserName":"admmig","SubjectDomainName":"OFFSEC","SubjectLogonId":"0x123550","CategoryId":"%%8274","SubcategoryId":"%%12802","SubcategoryGuid":"0CCE921F-69AE-11D9-BED3-505054503030","AuditPolicyChanges":"%%8448, %%8450"}}}
{"Event_attributes":{"xmlns":"http://schemas.microsoft.com/win/2004/08/events/event"},"Event":{"System":{"Provider_attributes":{"Name":"Microsoft-Windows-Security-Auditing","Guid":"54849625-5478-4994-A5BA-3E3B0328C30D"},"EventID":4719,"Version":0,"Level":0,"Task":13568,"Opcode":0,"Keywords":"0x8020000000000000","TimeCreated_attributes":{"SystemTime":"2021-10-25T18:30:36.515906Z"},"EventRecordID":109457,"Correlation":null,"Execution_attributes":{"ProcessID":492,"ThreadID":2872},"Channel":"Security","Computer":"FS03.offsec.lan","Security":null},"EventData":{"SubjectUserSid":"S-1-5-21-4230534742-2542757381-3142984815-1111","SubjectUserName":"admmig","SubjectDomainName":"OFFSEC","SubjectLogonId":"0x123550","CategoryId":"%%8274","SubcategoryId":"%%12803","SubcategoryGuid":"0CCE9220-69AE-11D9-BED3-505054503030","AuditPolicyChanges":"%%8448, %%8450"}}}
{"Event_attributes":{"xmlns":"http://schemas.microsoft.com/win/2004/08/events/event"},"Event":{"System":{"Provider_attributes":{"Name":"Microsoft-Windows-Security-Auditing","Guid":"54849625-5478-4994-A5BA-3E3B0328C30D"},"EventID":4719,"Version":0,"Level":0,"Task":13568,"Opcode":0,"Keywords":"0x8020000000000000","TimeCreated_attributes":{"SystemTime":"2021-10-25T18:30:36.515906Z"},"EventRecordID":109458,"Correlation":null,"Execution_attributes":{"ProcessID":492,"ThreadID":2872},"Channel":"Security","Computer":"FS03.offsec.lan","Security":null},"EventData":{"SubjectUserSid":"S-1-5-21-4230534742-2542757381-3142984815-1111","SubjectUserName":"admmig","SubjectDomainName":"OFFSEC","SubjectLogonId":"0x123550","CategoryId":"%%8274","SubcategoryId":"%%12804","SubcategoryGuid":"0CCE9227-69AE-11D9-BED3-505054503030","AuditPolicyChanges":"%%8448, %%8450"}}}
{"Event_attributes":{"xmlns":"http://schemas.microsoft.com/win/2004/08/events/event"},"Event":{"System":{"Provider_attributes":{"Name":"Microsoft-Windows-Security-Auditing","Guid":"54849625-5478-4994-A5BA-3E3B0328C30D"},"EventID":4719,"Version":0,"Level":0,"Task":13568,"Opcode":0,"Keywords":"0x8020000000000000","TimeCreated_attributes":{"SystemTime":"2021-10-25T18:30:36.515906Z"},"EventRecordID":109459,"Correlation":null,"Execution_attributes":{"ProcessID":492,"ThreadID":2872},"Channel":"Security","Computer":"FS03.offsec.lan","Security":null},"EventData":{"SubjectUserSid":"S-1-5-21-4230534742-2542757381-3142984815-1111","SubjectUserName":"admmig","SubjectDomainName":"OFFSEC","SubjectLogonId":"0x123550","CategoryId":"%%8274","SubcategoryId":"%%12807","SubcategoryGuid":"0CCE9223-69AE-11D9-BED3-505054503030","AuditPolicyChanges":"%%8448, %%8450"}}}
{"Event_attributes":{"xmlns":"http://schemas.microsoft.com/win/2004/08/events/event"},"Event":{"System":{"Provider_attributes":{"Name":"Microsoft-Windows-Security-Auditing","Guid":"54849625-5478-4994-A5BA-3E3B0328C30D"},"EventID":4719,"Version":0,"Level":0,"Task":13568,"Opcode":0,"Keywords":"0x8020000000000000","TimeCreated_attributes":{"SystemTime":"2021-10-25T18:30:36.515906Z"},"EventRecordID":109460,"Correlation":null,"Execution_attributes":{"ProcessID":492,"ThreadID":2872},"Channel":"Security","Computer":"FS03.offsec.lan","Security":null},"EventData":{"SubjectUserSid":"S-1-5-21-4230534742-2542757381-3142984815-1111","SubjectUserName":"admmig","SubjectDomainName":"OFFSEC","SubjectLogonId":"0x123550","CategoryId":"%%8274","SubcategoryId":"%%12808","SubcategoryGuid":"0CCE9224-69AE-11D9-BED3-505054503030","AuditPolicyChanges":"%%8448, %%8450"}}}
{"Event_attributes":{"xmlns":"http://schemas.microsoft.com/win/2004/08/events/event"},"Event":{"System":{"Provider_attributes":{"Name":"Microsoft-Windows-Security-Auditing","Guid":"54849625-5478-4994-A5BA-3E3B0328C30D"},"EventID":4719,"Version":0,"Level":0,"Task":13568,"Opcode":0,"Keywords":"0x8020000000000000","TimeCreated_attributes":{"SystemTime":"2021-10-25T18:30:36.515906Z"},"EventRecordID":109461,"Correlation":null,"Execution_attributes":{"ProcessID":492,"ThreadID":2872},"Channel":"Security","Computer":"FS03.offsec.lan","Security":null},"EventData":{"SubjectUserSid":"S-1-5-21-4230534742-2542757381-3142984815-1111","SubjectUserName":"admmig","SubjectDomainName":"OFFSEC","SubjectLogonId":"0x123550","CategoryId":"%%8274","SubcategoryId":"%%12811","SubcategoryGuid":"0CCE9244-69AE-11D9-BED3-505054503030","AuditPolicyChanges":"%%8448, %%8450"}}}
{"Event_attributes":{"xmlns":"http://schemas.microsoft.com/win/2004/08/events/event"},"Event":{"System":{"Provider_attributes":{"Name":"Microsoft-Windows-Security-Auditing","Guid":"54849625-5478-4994-A5BA-3E3B0328C30D"},"EventID":4719,"Version":0,"Level":0,"Task":13568,"Opcode":0,"Keywords":"0x8020000000000000","TimeCreated_attributes":{"SystemTime":"2021-10-25T18:30:36.515906Z"},"EventRecordID":109462,"Correlation":null,"Execution_attributes":{"ProcessID":492,"ThreadID":2872},"Channel":"Security","Computer":"FS03.offsec.lan","Security":null},"EventData":{"SubjectUserSid":"S-1-5-21-4230534742-2542757381-3142984815-1111","SubjectUserName":"admmig","SubjectDomainName":"OFFSEC","SubjectLogonId":"0x123550","CategoryId":"%%8275","SubcategoryId":"%%13056","SubcategoryGuid":"0CCE9228-69AE-11D9-BED3-505054503030","AuditPolicyChanges":"%%8448, %%8450"}}}
{"Event_attributes":{"xmlns":"http://schemas.microsoft.com/win/2004/08/events/event"},"Event":{"System":{"Provider_attributes":{"Name":"Microsoft-Windows-Security-Auditing","Guid":"54849625-5478-4994-A5BA-3E3B0328C30D"},"EventID":4719,"Version":0,"Level":0,"Task":13568,"Opcode":0,"Keywords":"0x8020000000000000","TimeCreated_attributes":{"SystemTime":"2021-10-25T18:30:36.515906Z"},"EventRecordID":109463,"Correlation":null,"Execution_attributes":{"ProcessID":492,"ThreadID":2872},"Channel":"Security","Computer":"FS03.offsec.lan","Security":null},"EventData":{"SubjectUserSid":"S-1-5-21-4230534742-2542757381-3142984815-1111","SubjectUserName":"admmig","SubjectDomainName":"OFFSEC","SubjectLogonId":"0x123550","CategoryId":"%%8276","SubcategoryId":"%%13312","SubcategoryGuid":"0CCE922B-69AE-11D9-BED3-505054503030","AuditPolicyChanges":"%%8448, %%8450"}}}
{"Event_attributes":{"xmlns":"http://schemas.microsoft.com/win/2004/08/events/event"},"Event":{"System":{"Provider_attributes":{"Name":"Microsoft-Windows-Security-Auditing","Guid":"54849625-5478-4994-A5BA-3E3B0328C30D"},"EventID":4719,"Version":0,"Level":0,"Task":13568,"Opcode":0,"Keywords":"0x8020000000000000","TimeCreated_attributes":{"SystemTime":"2021-10-25T18:30:36.515906Z"},"EventRecordID":109464,"Correlation":null,"Execution_attributes":{"ProcessID":492,"ThreadID":2872},"Channel":"Security","Computer":"FS03.offsec.lan","Security":null},"EventData":{"SubjectUserSid":"S-1-5-21-4230534742-2542757381-3142984815-1111","SubjectUserName":"admmig","SubjectDomainName":"OFFSEC","SubjectLogonId":"0x123550","CategoryId":"%%8276","SubcategoryId":"%%13316","SubcategoryGuid":"0CCE9248-69AE-11D9-BED3-505054503030","AuditPolicyChanges":"%%8448"}}}
{"Event_attributes":{"xmlns":"http://schemas.microsoft.com/win/2004/08/events/event"},"Event":{"System":{"Provider_attributes":{"Name":"Microsoft-Windows-Security-Auditing","Guid":"54849625-5478-4994-A5BA-3E3B0328C30D"},"EventID":4719,"Version":0,"Level":0,"Task":13568,"Opcode":0,"Keywords":"0x8020000000000000","TimeCreated_attributes":{"SystemTime":"2021-10-25T18:30:36.515906Z"},"EventRecordID":109465,"Correlation":null,"Execution_attributes":{"ProcessID":492,"ThreadID":2872},"Channel":"Security","Computer":"FS03.offsec.lan","Security":null},"EventData":{"SubjectUserSid":"S-1-5-21-4230534742-2542757381-3142984815-1111","SubjectUserName":"admmig","SubjectDomainName":"OFFSEC","SubjectLogonId":"0x123550","CategoryId":"%%8277","SubcategoryId":"%%13568","SubcategoryGuid":"0CCE922F-69AE-11D9-BED3-505054503030","AuditPolicyChanges":"%%8448, %%8450"}}}
{"Event_attributes":{"xmlns":"http://schemas.microsoft.com/win/2004/08/events/event"},"Event":{"System":{"Provider_attributes":{"Name":"Microsoft-Windows-Security-Auditing","Guid":"54849625-5478-4994-A5BA-3E3B0328C30D"},"EventID":4719,"Version":0,"Level":0,"Task":13568,"Opcode":0,"Keywords":"0x8020000000000000","TimeCreated_attributes":{"SystemTime":"2021-10-25T18:30:36.515906Z"},"EventRecordID":109466,"Correlation":null,"Execution_attributes":{"ProcessID":492,"ThreadID":2872},"Channel":"Security","Computer":"FS03.offsec.lan","Security":null},"EventData":{"SubjectUserSid":"S-1-5-21-4230534742-2542757381-3142984815-1111","SubjectUserName":"admmig","SubjectDomainName":"OFFSEC","SubjectLogonId":"0x123550","CategoryId":"%%8277","SubcategoryId":"%%13569","SubcategoryGuid":"0CCE9230-69AE-11D9-BED3-505054503030","AuditPolicyChanges":"%%8448, %%8450"}}}
{"Event_attributes":{"xmlns":"http://schemas.microsoft.com/win/2004/08/events/event"},"Event":{"System":{"Provider_attributes":{"Name":"Microsoft-Windows-Security-Auditing","Guid":"54849625-5478-4994-A5BA-3E3B0328C30D"},"EventID":4719,"Version":0,"Level":0,"Task":13568,"Opcode":0,"Keywords":"0x8020000000000000","TimeCreated_attributes":{"SystemTime":"2021-10-25T18:30:36.515906Z"},"EventRecordID":109467,"Correlation":null,"Execution_attributes":{"ProcessID":492,"ThreadID":2872},"Channel":"Security","Computer":"FS03.offsec.lan","Security":null},"EventData":{"SubjectUserSid":"S-1-5-21-4230534742-2542757381-3142984815-1111","SubjectUserName":"admmig","SubjectDomainName":"OFFSEC","SubjectLogonId":"0x123550","CategoryId":"%%8277","SubcategoryId":"%%13570","SubcategoryGuid":"0CCE9231-69AE-11D9-BED3-505054503030","AuditPolicyChanges":"%%8448, %%8450"}}}
{"Event_attributes":{"xmlns":"http://schemas.microsoft.com/win/2004/08/events/event"},"Event":{"System":{"Provider_attributes":{"Name":"Microsoft-Windows-Security-Auditing","Guid":"54849625-5478-4994-A5BA-3E3B0328C30D"},"EventID":4719,"Version":0,"Level":0,"Task":13568,"Opcode":0,"Keywords":"0x8020000000000000","TimeCreated_attributes":{"SystemTime":"2021-10-25T18:30:36.515906Z"},"EventRecordID":109468,"Correlation":null,"Execution_attributes":{"ProcessID":492,"ThreadID":2872},"Channel":"Security","Computer":"FS03.offsec.lan","Security":null},"EventData":{"SubjectUserSid":"S-1-5-21-4230534742-2542757381-3142984815-1111","SubjectUserName":"admmig","SubjectDomainName":"OFFSEC","SubjectLogonId":"0x123550","CategoryId":"%%8277","SubcategoryId":"%%13571","SubcategoryGuid":"0CCE9232-69AE-11D9-BED3-505054503030","AuditPolicyChanges":"%%8448, %%8450"}}}
{"Event_attributes":{"xmlns":"http://schemas.microsoft.com/win/2004/08/events/event"},"Event":{"System":{"Provider_attributes":{"Name":"Microsoft-Windows-Security-Auditing","Guid":"54849625-5478-4994-A5BA-3E3B0328C30D"},"EventID":4719,"Version":0,"Level":0,"Task":13568,"Opcode":0,"Keywords":"0x8020000000000000","TimeCreated_attributes":{"SystemTime":"2021-10-25T18:30:36.515906Z"},"EventRecordID":109469,"Correlation":null,"Execution_attributes":{"ProcessID":492,"ThreadID":2872},"Channel":"Security","Computer":"FS03.offsec.lan","Security":null},"EventData":{"SubjectUserSid":"S-1-5-21-4230534742-2542757381-3142984815-1111","SubjectUserName":"admmig","SubjectDomainName":"OFFSEC","SubjectLogonId":"0x123550","CategoryId":"%%8277","SubcategoryId":"%%13573","SubcategoryGuid":"0CCE9234-69AE-11D9-BED3-505054503030","AuditPolicyChanges":"%%8448, %%8450"}}}
{"Event_attributes":{"xmlns":"http://schemas.microsoft.com/win/2004/08/events/event"},"Event":{"System":{"Provider_attributes":{"Name":"Microsoft-Windows-Security-Auditing","Guid":"54849625-5478-4994-A5BA-3E3B0328C30D"},"EventID":4719,"Version":0,"Level":0,"Task":13568,"Opcode":0,"Keywords":"0x8020000000000000","TimeCreated_attributes":{"SystemTime":"2021-10-25T18:30:36.515906Z"},"EventRecordID":109470,"Correlation":null,"Execution_attributes":{"ProcessID":492,"ThreadID":2872},"Channel":"Security","Computer":"FS03.offsec.lan","Security":null},"EventData":{"SubjectUserSid":"S-1-5-21-4230534742-2542757381-3142984815-1111","SubjectUserName":"admmig","SubjectDomainName":"OFFSEC","SubjectLogonId":"0x123550","CategoryId":"%%8278","SubcategoryId":"%%13824","SubcategoryGuid":"0CCE9235-69AE-11D9-BED3-505054503030","AuditPolicyChanges":"%%8448, %%8450"}}}
{"Event_attributes":{"xmlns":"http://schemas.microsoft.com/win/2004/08/events/event"},"Event":{"System":{"Provider_attributes":{"Name":"Microsoft-Windows-Security-Auditing","Guid":"54849625-5478-4994-A5BA-3E3B0328C30D"},"EventID":4719,"Version":0,"Level":0,"Task":13568,"Opcode":0,"Keywords":"0x8020000000000000","TimeCreated_attributes":{"SystemTime":"2021-10-25T18:30:36.515906Z"},"EventRecordID":109471,"Correlation":null,"Execution_attributes":{"ProcessID":492,"ThreadID":2872},"Channel":"Security","Computer":"FS03.offsec.lan","Security":null},"EventData":{"SubjectUserSid":"S-1-5-21-4230534742-2542757381-3142984815-1111","SubjectUserName":"admmig","SubjectDomainName":"OFFSEC","SubjectLogonId":"0x123550","CategoryId":"%%8278","SubcategoryId":"%%13825","SubcategoryGuid":"0CCE9236-69AE-11D9-BED3-505054503030","AuditPolicyChanges":"%%8448, %%8450"}}}
{"Event_attributes":{"xmlns":"http://schemas.microsoft.com/win/2004/08/events/event"},"Event":{"System":{"Provider_attributes":{"Name":"Microsoft-Windows-Security-Auditing","Guid":"54849625-5478-4994-A5BA-3E3B0328C30D"},"EventID":4719,"Version":0,"Level":0,"Task":13568,"Opcode":0,"Keywords":"0x8020000000000000","TimeCreated_attributes":{"SystemTime":"2021-10-25T18:30:36.515906Z"},"EventRecordID":109472,"Correlation":null,"Execution_attributes":{"ProcessID":492,"ThreadID":2872},"Channel":"Security","Computer":"FS03.offsec.lan","Security":null},"EventData":{"SubjectUserSid":"S-1-5-21-4230534742-2542757381-3142984815-1111","SubjectUserName":"admmig","SubjectDomainName":"OFFSEC","SubjectLogonId":"0x123550","CategoryId":"%%8278","SubcategoryId":"%%13826","SubcategoryGuid":"0CCE9237-69AE-11D9-BED3-505054503030","AuditPolicyChanges":"%%8448, %%8450"}}}
{"Event_attributes":{"xmlns":"http://schemas.microsoft.com/win/2004/08/events/event"},"Event":{"System":{"Provider_attributes":{"Name":"Microsoft-Windows-Security-Auditing","Guid":"54849625-5478-4994-A5BA-3E3B0328C30D"},"EventID":4719,"Version":0,"Level":0,"Task":13568,"Opcode":0,"Keywords":"0x8020000000000000","TimeCreated_attributes":{"SystemTime":"2021-10-25T18:30:36.515906Z"},"EventRecordID":109473,"Correlation":null,"Execution_attributes":{"ProcessID":492,"ThreadID":2872},"Channel":"Security","Computer":"FS03.offsec.lan","Security":null},"EventData":{"SubjectUserSid":"S-1-5-21-4230534742-2542757381-3142984815-1111","SubjectUserName":"admmig","SubjectDomainName":"OFFSEC","SubjectLogonId":"0x123550","CategoryId":"%%8278","SubcategoryId":"%%13829","SubcategoryGuid":"0CCE923A-69AE-11D9-BED3-505054503030","AuditPolicyChanges":"%%8448, %%8450"}}}
{"Event_attributes":{"xmlns":"http://schemas.microsoft.com/win/2004/08/events/event"},"Event":{"System":{"Provider_attributes":{"Name":"Microsoft-Windows-Security-Auditing","Guid":"54849625-5478-4994-A5BA-3E3B0328C30D"},"EventID":4719,"Version":0,"Level":0,"Task":13568,"Opcode":0,"Keywords":"0x8020000000000000","TimeCreated_attributes":{"SystemTime":"2021-10-25T18:30:36.515906Z"},"EventRecordID":109474,"Correlation":null,"Execution_attributes":{"ProcessID":492,"ThreadID":2872},"Channel":"Security","Computer":"FS03.offsec.lan","Security":null},"EventData":{"SubjectUserSid":"S-1-5-21-4230534742-2542757381-3142984815-1111","SubjectUserName":"admmig","SubjectDomainName":"OFFSEC","SubjectLogonId":"0x123550","CategoryId":"%%8280","SubcategoryId":"%%14336","SubcategoryGuid":"0CCE923F-69AE-11D9-BED3-505054503030","AuditPolicyChanges":"%%8448, %%8450"}}}
{"Event_attributes":{"xmlns":"http://schemas.microsoft.com/win/2004/08/events/event"},"Event":{"System":{"Provider_attributes":{"Name":"Microsoft-Windows-Security-Auditing","Guid":"54849625-5478-4994-A5BA-3E3B0328C30D"},"EventID":4719,"Version":0,"Level":0,"Task":13568,"Opcode":0,"Keywords":"0x8020000000000000","TimeCreated_attributes":{"SystemTime":"2021-10-25T18:30:36.515906Z"},"EventRecordID":109475,"Correlation":null,"Execution_attributes":{"ProcessID":492,"ThreadID":2872},"Channel":"Security","Computer":"FS03.offsec.lan","Security":null},"EventData":{"SubjectUserSid":"S-1-5-21-4230534742-2542757381-3142984815-1111","SubjectUserName":"admmig","SubjectDomainName":"OFFSEC","SubjectLogonId":"0x123550","CategoryId":"%%8280","SubcategoryId":"%%14338","SubcategoryGuid":"0CCE9241-69AE-11D9-BED3-505054503030","AuditPolicyChanges":"%%8448, %%8450"}}}
