{"Event_attributes":{"xmlns":"http://schemas.microsoft.com/win/2004/08/events/event"},"Event":{"System":{"Provider_attributes":{"Name":"Microsoft-Windows-Security-Auditing","Guid":"54849625-5478-4994-A5BA-3E3B0328C30D"},"EventID":5124,"Version":0,"Level":0,"Task":12805,"Opcode":0,"Keywords":"0x8020000000000000","TimeCreated_attributes":{"SystemTime":"2024-09-03T07:46:42.820009Z"},"EventRecordID":375285,"Correlation_attributes":{"ActivityID":"D702B00C-FB0E-0000-8CB1-02D70EFBDA01"},"Execution_attributes":{"ProcessID":640,"ThreadID":1192},"Channel":"Security","Computer":"CDCWPKI01.rootblue.lan","Security":null},"EventData":{"NewSecuritySettings":"\nAllow(0x00000101)\tBUILTIN\\Administrators\n\tOCSP Administrator\n\tRead\nAllow(0x00000101)\tROOTBLUE\\Cloneable Domain Controllers\n\tOCSP Administrator\n\tRead\nAllow(0x00000300)\tIIS APPPOOL\\OCSPISAPIAppPool\n\tRead\n\tOCSP Requestor\n","SubjectUserSid":"S-1-5-21-392370121-190461309-2151315433-1108","SubjectUserName":"domadm","SubjectDomainName":"ROOTBLUE","SubjectLogonId":"0x91861a6"}}}
{"Event_attributes":{"xmlns":"http://schemas.microsoft.com/win/2004/08/events/event"},"Event":{"System":{"Provider_attributes":{"Name":"Microsoft-Windows-Security-Auditing","Guid":"54849625-5478-4994-A5BA-3E3B0328C30D"},"EventID":5124,"Version":0,"Level":0,"Task":12805,"Opcode":0,"Keywords":"0x8020000000000000","TimeCreated_attributes":{"SystemTime":"2024-09-03T07:47:40.132499Z"},"EventRecordID":375291,"Correlation_attributes":{"ActivityID":"D702B00C-FB0E-0000-8CB1-02D70EFBDA01"},"Execution_attributes":{"ProcessID":640,"ThreadID":5752},"Channel":"Security","Computer":"CDCWPKI01.rootblue.lan","Security":null},"EventData":{"NewSecuritySettings":"\nAllow(0x00000101)\tBUILTIN\\Administrators\n\tOCSP Administrator\n\tRead\nAllow(0x00000300)\tIIS APPPOOL\\OCSPISAPIAppPool\n\tRead\n\tOCSP Requestor\n","SubjectUserSid":"S-1-5-21-392370121-190461309-2151315433-1108","SubjectUserName":"domadm","SubjectDomainName":"ROOTBLUE","SubjectLogonId":"0x91861a6"}}}
{"Event_attributes":{"xmlns":"http://schemas.microsoft.com/win/2004/08/events/event"},"Event":{"System":{"Provider_attributes":{"Name":"Microsoft-Windows-Security-Auditing","Guid":"54849625-5478-4994-A5BA-3E3B0328C30D"},"EventID":5123,"Version":0,"Level":0,"Task":12805,"Opcode":0,"Keywords":"0x8020000000000000","TimeCreated_attributes":{"SystemTime":"2024-09-03T07:48:18.628245Z"},"EventRecordID":375292,"Correlation_attributes":{"ActivityID":"D702B00C-FB0E-0000-8CB1-02D70EFBDA01"},"Execution_attributes":{"ProcessID":640,"ThreadID":5752},"Channel":"Security","Computer":"CDCWPKI01.rootblue.lan","Security":null},"EventData":{"PropertyName":"MaxNumOfCacheEntries","NewValue":"5002","SubjectUserSid":"S-1-5-21-392370121-190461309-2151315433-1108","SubjectUserName":"domadm","SubjectDomainName":"ROOTBLUE","SubjectLogonId":"0x91861a6"}}}
{"Event_attributes":{"xmlns":"http://schemas.microsoft.com/win/2004/08/events/event"},"Event":{"System":{"Provider_attributes":{"Name":"Microsoft-Windows-Security-Auditing","Guid":"54849625-5478-4994-A5BA-3E3B0328C30D"},"EventID":5123,"Version":0,"Level":0,"Task":12805,"Opcode":0,"Keywords":"0x8020000000000000","TimeCreated_attributes":{"SystemTime":"2024-09-03T07:48:18.628439Z"},"EventRecordID":375293,"Correlation_attributes":{"ActivityID":"D702B00C-FB0E-0000-8CB1-02D70EFBDA01"},"Execution_attributes":{"ProcessID":640,"ThreadID":5752},"Channel":"Security","Computer":"CDCWPKI01.rootblue.lan","Security":null},"EventData":{"PropertyName":"NumOfThreads","NewValue":"512","SubjectUserSid":"S-1-5-21-392370121-190461309-2151315433-1108","SubjectUserName":"domadm","SubjectDomainName":"ROOTBLUE","SubjectLogonId":"0x91861a6"}}}
{"Event_attributes":{"xmlns":"http://schemas.microsoft.com/win/2004/08/events/event"},"Event":{"System":{"Provider_attributes":{"Name":"Microsoft-Windows-Security-Auditing","Guid":"54849625-5478-4994-A5BA-3E3B0328C30D"},"EventID":5123,"Version":0,"Level":0,"Task":12805,"Opcode":0,"Keywords":"0x8020000000000000","TimeCreated_attributes":{"SystemTime":"2024-09-03T07:48:54.443553Z"},"EventRecordID":375299,"Correlation_attributes":{"ActivityID":"D702B00C-FB0E-0000-8CB1-02D70EFBDA01"},"Execution_attributes":{"ProcessID":640,"ThreadID":5752},"Channel":"Security","Computer":"CDCWPKI01.rootblue.lan","Security":null},"EventData":{"PropertyName":"AuditFilter","NewValue":"7","SubjectUserSid":"S-1-5-21-392370121-190461309-2151315433-1108","SubjectUserName":"domadm","SubjectDomainName":"ROOTBLUE","SubjectLogonId":"0x91861a6"}}}
{"Event_attributes":{"xmlns":"http://schemas.microsoft.com/win/2004/08/events/event"},"Event":{"System":{"Provider_attributes":{"Name":"Microsoft-Windows-Security-Auditing","Guid":"54849625-5478-4994-A5BA-3E3B0328C30D"},"EventID":5123,"Version":0,"Level":0,"Task":12805,"Opcode":0,"Keywords":"0x8020000000000000","TimeCreated_attributes":{"SystemTime":"2024-09-03T07:49:06.989306Z"},"EventRecordID":375300,"Correlation_attributes":{"ActivityID":"D702B00C-FB0E-0000-8CB1-02D70EFBDA01"},"Execution_attributes":{"ProcessID":640,"ThreadID":5752},"Channel":"Security","Computer":"CDCWPKI01.rootblue.lan","Security":null},"EventData":{"PropertyName":"AuditFilter","NewValue":"0","SubjectUserSid":"S-1-5-21-392370121-190461309-2151315433-1108","SubjectUserName":"domadm","SubjectDomainName":"ROOTBLUE","SubjectLogonId":"0x91861a6"}}}
{"Event_attributes":{"xmlns":"http://schemas.microsoft.com/win/2004/08/events/event"},"Event":{"System":{"Provider_attributes":{"Name":"Microsoft-Windows-Security-Auditing","Guid":"54849625-5478-4994-A5BA-3E3B0328C30D"},"EventID":5124,"Version":0,"Level":0,"Task":12805,"Opcode":0,"Keywords":"0x8020000000000000","TimeCreated_attributes":{"SystemTime":"2024-09-03T07:51:23.516305Z"},"EventRecordID":375313,"Correlation_attributes":{"ActivityID":"D702B00C-FB0E-0000-8CB1-02D70EFBDA01"},"Execution_attributes":{"ProcessID":640,"ThreadID":6232},"Channel":"Security","Computer":"CDCWPKI01.rootblue.lan","Security":null},"EventData":{"NewSecuritySettings":"\nAllow(0x00000101)\tBUILTIN\\Administrators\n\tOCSP Administrator\n\tRead\nAllow(0x00000101)\tROOTBLUE\\Hacker_Group\n\tOCSP Administrator\n\tRead\nAllow(0x00000300)\tIIS APPPOOL\\OCSPISAPIAppPool\n\tRead\n\tOCSP Requestor\n","SubjectUserSid":"S-1-5-21-392370121-190461309-2151315433-1108","SubjectUserName":"domadm","SubjectDomainName":"ROOTBLUE","SubjectLogonId":"0x91861a6"}}}
{"Event_attributes":{"xmlns":"http://schemas.microsoft.com/win/2004/08/events/event"},"Event":{"System":{"Provider_attributes":{"Name":"Microsoft-Windows-Security-Auditing","Guid":"54849625-5478-4994-A5BA-3E3B0328C30D"},"EventID":5124,"Version":0,"Level":0,"Task":12805,"Opcode":0,"Keywords":"0x8020000000000000","TimeCreated_attributes":{"SystemTime":"2024-09-03T08:01:32.952971Z"},"EventRecordID":375387,"Correlation_attributes":{"ActivityID":"D702B00C-FB0E-0000-8CB1-02D70EFBDA01"},"Execution_attributes":{"ProcessID":640,"ThreadID":7036},"Channel":"Security","Computer":"CDCWPKI01.rootblue.lan","Security":null},"EventData":{"NewSecuritySettings":"\nAllow(0x00000101)\tBUILTIN\\Administrators\n\tOCSP Administrator\n\tRead\nAllow(0x00000300)\tIIS APPPOOL\\OCSPISAPIAppPool\n\tRead\n\tOCSP Requestor\n","SubjectUserSid":"S-1-5-21-392370121-190461309-2151315433-1108","SubjectUserName":"domadm","SubjectDomainName":"ROOTBLUE","SubjectLogonId":"0x91861a6"}}}
{"Event_attributes":{"xmlns":"http://schemas.microsoft.com/win/2004/08/events/event"},"Event":{"System":{"Provider_attributes":{"Name":"Microsoft-Windows-Security-Auditing","Guid":"54849625-5478-4994-A5BA-3E3B0328C30D"},"EventID":5124,"Version":0,"Level":0,"Task":12805,"Opcode":0,"Keywords":"0x8020000000000000","TimeCreated_attributes":{"SystemTime":"2024-09-03T08:02:28.996501Z"},"EventRecordID":375393,"Correlation_attributes":{"ActivityID":"D702B00C-FB0E-0000-8CB1-02D70EFBDA01"},"Execution_attributes":{"ProcessID":640,"ThreadID":7036},"Channel":"Security","Computer":"CDCWPKI01.rootblue.lan","Security":null},"EventData":{"NewSecuritySettings":"\nAllow(0x00000101)\tBUILTIN\\Administrators\n\tOCSP Administrator\n\tRead\nAllow(0x00000101)\tROOTBLUE\\Hacker_Group\n\tOCSP Administrator\n\tRead\nAllow(0x00000300)\tIIS APPPOOL\\OCSPISAPIAppPool\n\tRead\n\tOCSP Requestor\n","SubjectUserSid":"S-1-5-21-392370121-190461309-2151315433-1108","SubjectUserName":"domadm","SubjectDomainName":"ROOTBLUE","SubjectLogonId":"0x91861a6"}}}
{"Event_attributes":{"xmlns":"http://schemas.microsoft.com/win/2004/08/events/event"},"Event":{"System":{"Provider_attributes":{"Name":"Microsoft-Windows-Security-Auditing","Guid":"54849625-5478-4994-A5BA-3E3B0328C30D"},"EventID":5124,"Version":0,"Level":0,"Task":12805,"Opcode":0,"Keywords":"0x8020000000000000","TimeCreated_attributes":{"SystemTime":"2024-09-03T08:04:23.188938Z"},"EventRecordID":375405,"Correlation_attributes":{"ActivityID":"D702B00C-FB0E-0000-8CB1-02D70EFBDA01"},"Execution_attributes":{"ProcessID":640,"ThreadID":5752},"Channel":"Security","Computer":"CDCWPKI01.rootblue.lan","Security":null},"EventData":{"NewSecuritySettings":"\nAllow(0x00000301)\tROOTBLUE\\Hacker_Group\n\tOCSP Administrator\n\tRead\n\tOCSP Requestor\nAllow(0x00000101)\tBUILTIN\\Administrators\n\tOCSP Administrator\n\tRead\nAllow(0x00000300)\tIIS APPPOOL\\OCSPISAPIAppPool\n\tRead\n\tOCSP Requestor\n","SubjectUserSid":"S-1-5-21-392370121-190461309-2151315433-1108","SubjectUserName":"domadm","SubjectDomainName":"ROOTBLUE","SubjectLogonId":"0x91861a6"}}}
{"Event_attributes":{"xmlns":"http://schemas.microsoft.com/win/2004/08/events/event"},"Event":{"System":{"Provider_attributes":{"Name":"Microsoft-Windows-Security-Auditing","Guid":"54849625-5478-4994-A5BA-3E3B0328C30D"},"EventID":4876,"Version":0,"Level":0,"Task":12805,"Opcode":0,"Keywords":"0x8020000000000000","TimeCreated_attributes":{"SystemTime":"2024-09-03T10:41:30.959534Z"},"EventRecordID":376329,"Correlation_attributes":{"ActivityID":"D702B00C-FB0E-0000-8CB1-02D70EFBDA01"},"Execution_attributes":{"ProcessID":640,"ThreadID":4156},"Channel":"Security","Computer":"CDCWPKI01.rootblue.lan","Security":null},"EventData":{"BackupType":"1","SubjectUserSid":"S-1-5-21-392370121-190461309-2151315433-1108","SubjectUserName":"domadm","SubjectDomainName":"ROOTBLUE","SubjectLogonId":"0x91861a6"}}}
{"Event_attributes":{"xmlns":"http://schemas.microsoft.com/win/2004/08/events/event"},"Event":{"System":{"Provider_attributes":{"Name":"Microsoft-Windows-Security-Auditing","Guid":"54849625-5478-4994-A5BA-3E3B0328C30D"},"EventID":4877,"Version":0,"Level":0,"Task":12805,"Opcode":0,"Keywords":"0x8020000000000000","TimeCreated_attributes":{"SystemTime":"2024-09-03T10:41:31.145540Z"},"EventRecordID":376330,"Correlation_attributes":{"ActivityID":"D702B00C-FB0E-0000-8CB1-02D70EFBDA01"},"Execution_attributes":{"ProcessID":640,"ThreadID":4156},"Channel":"Security","Computer":"CDCWPKI01.rootblue.lan","Security":null},"EventData":{"SubjectUserSid":"S-1-5-21-392370121-190461309-2151315433-1108","SubjectUserName":"domadm","SubjectDomainName":"ROOTBLUE","SubjectLogonId":"0x91861a6"}}}
{"Event_attributes":{"xmlns":"http://schemas.microsoft.com/win/2004/08/events/event"},"Event":{"System":{"Provider_attributes":{"Name":"Microsoft-Windows-Security-Auditing","Guid":"54849625-5478-4994-A5BA-3E3B0328C30D"},"EventID":4885,"Version":0,"Level":0,"Task":12805,"Opcode":0,"Keywords":"0x8020000000000000","TimeCreated_attributes":{"SystemTime":"2024-09-03T10:42:09.373562Z"},"EventRecordID":376331,"Correlation_attributes":{"ActivityID":"D702B00C-FB0E-0000-8CB1-02D70EFBDA01"},"Execution_attributes":{"ProcessID":640,"ThreadID":4156},"Channel":"Security","Computer":"CDCWPKI01.rootblue.lan","Security":null},"EventData":{"AuditFilter":"111","SubjectUserSid":"S-1-5-21-392370121-190461309-2151315433-1108","SubjectUserName":"domadm","SubjectDomainName":"ROOTBLUE","SubjectLogonId":"0x91861a6"}}}
