{"Event_attributes":{"xmlns":"http://schemas.microsoft.com/win/2004/08/events/event"},"Event":{"System":{"Provider_attributes":{"Name":"Microsoft-Windows-Security-Auditing","Guid":"54849625-5478-4994-A5BA-3E3B0328C30D"},"EventID":4674,"Version":0,"Level":0,"Task":13056,"Opcode":0,"Keywords":"0x8020000000000000","TimeCreated_attributes":{"SystemTime":"2021-11-23T09:26:30.963984Z"},"EventRecordID":937809,"Correlation":null,"Execution_attributes":{"ProcessID":480,"ThreadID":488},"Channel":"Security","Computer":"fs03vuln.offsec.lan","Security":null},"EventData":{"SubjectUserSid":"S-1-5-21-4230534742-2542757381-3142984815-1111","SubjectUserName":"admmig","SubjectDomainName":"OFFSEC","SubjectLogonId":"0x8157bac","ObjectServer":"Security","ObjectType":"Mutant","ObjectName":"\\BaseNamedObjects\\PowerShell_CommandAnalysis_Lock_S-1-5-21-4230534742-2542757381-3142984815-1111","HandleId":"0x4a0","AccessMask":"%%1537\r\n\t\t\t\t%%1538\r\n\t\t\t\t%%1539\r\n\t\t\t\t%%1540\r\n\t\t\t\t%%1541\r\n\t\t\t\t%%4448\r\n\t\t\t\t","PrivilegeList":"SeTakeOwnershipPrivilege","ProcessId":"0x90c","ProcessName":"C:\\Windows\\System32\\WindowsPowerShell\\v1.0\\powershell.exe"}}}
{"Event_attributes":{"xmlns":"http://schemas.microsoft.com/win/2004/08/events/event"},"Event":{"System":{"Provider_attributes":{"Name":"Microsoft-Windows-Security-Auditing","Guid":"54849625-5478-4994-A5BA-3E3B0328C30D"},"EventID":4674,"Version":0,"Level":0,"Task":13056,"Opcode":0,"Keywords":"0x8020000000000000","TimeCreated_attributes":{"SystemTime":"2021-11-23T09:26:30.963984Z"},"EventRecordID":937810,"Correlation":null,"Execution_attributes":{"ProcessID":480,"ThreadID":488},"Channel":"Security","Computer":"fs03vuln.offsec.lan","Security":null},"EventData":{"SubjectUserSid":"S-1-5-21-4230534742-2542757381-3142984815-1111","SubjectUserName":"admmig","SubjectDomainName":"OFFSEC","SubjectLogonId":"0x8157bac","ObjectServer":"Security","ObjectType":"-","ObjectName":"-","HandleId":"0x4a0","AccessMask":"2031617","PrivilegeList":"SeTakeOwnershipPrivilege","ProcessId":"0x90c","ProcessName":"C:\\Windows\\System32\\WindowsPowerShell\\v1.0\\powershell.exe"}}}
{"Event_attributes":{"xmlns":"http://schemas.microsoft.com/win/2004/08/events/event"},"Event":{"System":{"Provider_attributes":{"Name":"Microsoft-Windows-Security-Auditing","Guid":"54849625-5478-4994-A5BA-3E3B0328C30D"},"EventID":4674,"Version":0,"Level":0,"Task":13056,"Opcode":0,"Keywords":"0x8020000000000000","TimeCreated_attributes":{"SystemTime":"2021-11-23T09:26:30.963984Z"},"EventRecordID":937811,"Correlation":null,"Execution_attributes":{"ProcessID":480,"ThreadID":488},"Channel":"Security","Computer":"fs03vuln.offsec.lan","Security":null},"EventData":{"SubjectUserSid":"S-1-5-21-4230534742-2542757381-3142984815-1111","SubjectUserName":"admmig","SubjectDomainName":"OFFSEC","SubjectLogonId":"0x8157bac","ObjectServer":"Security","ObjectType":"Mutant","ObjectName":"\\BaseNamedObjects\\PowerShell_CommandAnalysis_Lock_S-1-5-21-4230534742-2542757381-3142984815-1111","HandleId":"0x4a8","AccessMask":"%%1537\r\n\t\t\t\t%%1538\r\n\t\t\t\t%%1539\r\n\t\t\t\t%%1540\r\n\t\t\t\t%%1541\r\n\t\t\t\t%%4448\r\n\t\t\t\t","PrivilegeList":"SeTakeOwnershipPrivilege","ProcessId":"0x90c","ProcessName":"C:\\Windows\\System32\\WindowsPowerShell\\v1.0\\powershell.exe"}}}
{"Event_attributes":{"xmlns":"http://schemas.microsoft.com/win/2004/08/events/event"},"Event":{"System":{"Provider_attributes":{"Name":"Microsoft-Windows-Security-Auditing","Guid":"54849625-5478-4994-A5BA-3E3B0328C30D"},"EventID":4674,"Version":0,"Level":0,"Task":13056,"Opcode":0,"Keywords":"0x8020000000000000","TimeCreated_attributes":{"SystemTime":"2021-11-23T09:26:30.963984Z"},"EventRecordID":937812,"Correlation":null,"Execution_attributes":{"ProcessID":480,"ThreadID":488},"Channel":"Security","Computer":"fs03vuln.offsec.lan","Security":null},"EventData":{"SubjectUserSid":"S-1-5-21-4230534742-2542757381-3142984815-1111","SubjectUserName":"admmig","SubjectDomainName":"OFFSEC","SubjectLogonId":"0x8157bac","ObjectServer":"Security","ObjectType":"-","ObjectName":"-","HandleId":"0x4a8","AccessMask":"2031617","PrivilegeList":"SeTakeOwnershipPrivilege","ProcessId":"0x90c","ProcessName":"C:\\Windows\\System32\\WindowsPowerShell\\v1.0\\powershell.exe"}}}
{"Event_attributes":{"xmlns":"http://schemas.microsoft.com/win/2004/08/events/event"},"Event":{"System":{"Provider_attributes":{"Name":"Microsoft-Windows-Security-Auditing","Guid":"54849625-5478-4994-A5BA-3E3B0328C30D"},"EventID":4674,"Version":0,"Level":0,"Task":13056,"Opcode":0,"Keywords":"0x8020000000000000","TimeCreated_attributes":{"SystemTime":"2021-11-23T09:26:30.963984Z"},"EventRecordID":937813,"Correlation":null,"Execution_attributes":{"ProcessID":480,"ThreadID":488},"Channel":"Security","Computer":"fs03vuln.offsec.lan","Security":null},"EventData":{"SubjectUserSid":"S-1-5-21-4230534742-2542757381-3142984815-1111","SubjectUserName":"admmig","SubjectDomainName":"OFFSEC","SubjectLogonId":"0x8157bac","ObjectServer":"Security","ObjectType":"Mutant","ObjectName":"\\BaseNamedObjects\\PowerShell_CommandAnalysis_Lock_S-1-5-21-4230534742-2542757381-3142984815-1111","HandleId":"0x4b0","AccessMask":"%%1537\r\n\t\t\t\t%%1538\r\n\t\t\t\t%%1539\r\n\t\t\t\t%%1540\r\n\t\t\t\t%%1541\r\n\t\t\t\t%%4448\r\n\t\t\t\t","PrivilegeList":"SeTakeOwnershipPrivilege","ProcessId":"0x90c","ProcessName":"C:\\Windows\\System32\\WindowsPowerShell\\v1.0\\powershell.exe"}}}
{"Event_attributes":{"xmlns":"http://schemas.microsoft.com/win/2004/08/events/event"},"Event":{"System":{"Provider_attributes":{"Name":"Microsoft-Windows-Security-Auditing","Guid":"54849625-5478-4994-A5BA-3E3B0328C30D"},"EventID":4674,"Version":0,"Level":0,"Task":13056,"Opcode":0,"Keywords":"0x8020000000000000","TimeCreated_attributes":{"SystemTime":"2021-11-23T09:26:30.963984Z"},"EventRecordID":937814,"Correlation":null,"Execution_attributes":{"ProcessID":480,"ThreadID":488},"Channel":"Security","Computer":"fs03vuln.offsec.lan","Security":null},"EventData":{"SubjectUserSid":"S-1-5-21-4230534742-2542757381-3142984815-1111","SubjectUserName":"admmig","SubjectDomainName":"OFFSEC","SubjectLogonId":"0x8157bac","ObjectServer":"Security","ObjectType":"-","ObjectName":"-","HandleId":"0x4b0","AccessMask":"2031617","PrivilegeList":"SeTakeOwnershipPrivilege","ProcessId":"0x90c","ProcessName":"C:\\Windows\\System32\\WindowsPowerShell\\v1.0\\powershell.exe"}}}
{"Event_attributes":{"xmlns":"http://schemas.microsoft.com/win/2004/08/events/event"},"Event":{"System":{"Provider_attributes":{"Name":"Microsoft-Windows-Security-Auditing","Guid":"54849625-5478-4994-A5BA-3E3B0328C30D"},"EventID":4674,"Version":0,"Level":0,"Task":13056,"Opcode":0,"Keywords":"0x8020000000000000","TimeCreated_attributes":{"SystemTime":"2021-11-23T09:26:30.979610Z"},"EventRecordID":937815,"Correlation":null,"Execution_attributes":{"ProcessID":480,"ThreadID":488},"Channel":"Security","Computer":"fs03vuln.offsec.lan","Security":null},"EventData":{"SubjectUserSid":"S-1-5-21-4230534742-2542757381-3142984815-1111","SubjectUserName":"admmig","SubjectDomainName":"OFFSEC","SubjectLogonId":"0x8157bac","ObjectServer":"Security","ObjectType":"Mutant","ObjectName":"\\BaseNamedObjects\\PowerShell_CommandAnalysis_Lock_S-1-5-21-4230534742-2542757381-3142984815-1111","HandleId":"0x4b8","AccessMask":"%%1537\r\n\t\t\t\t%%1538\r\n\t\t\t\t%%1539\r\n\t\t\t\t%%1540\r\n\t\t\t\t%%1541\r\n\t\t\t\t%%4448\r\n\t\t\t\t","PrivilegeList":"SeTakeOwnershipPrivilege","ProcessId":"0x90c","ProcessName":"C:\\Windows\\System32\\WindowsPowerShell\\v1.0\\powershell.exe"}}}
{"Event_attributes":{"xmlns":"http://schemas.microsoft.com/win/2004/08/events/event"},"Event":{"System":{"Provider_attributes":{"Name":"Microsoft-Windows-Security-Auditing","Guid":"54849625-5478-4994-A5BA-3E3B0328C30D"},"EventID":4674,"Version":0,"Level":0,"Task":13056,"Opcode":0,"Keywords":"0x8020000000000000","TimeCreated_attributes":{"SystemTime":"2021-11-23T09:26:30.979610Z"},"EventRecordID":937816,"Correlation":null,"Execution_attributes":{"ProcessID":480,"ThreadID":488},"Channel":"Security","Computer":"fs03vuln.offsec.lan","Security":null},"EventData":{"SubjectUserSid":"S-1-5-21-4230534742-2542757381-3142984815-1111","SubjectUserName":"admmig","SubjectDomainName":"OFFSEC","SubjectLogonId":"0x8157bac","ObjectServer":"Security","ObjectType":"-","ObjectName":"-","HandleId":"0x4b8","AccessMask":"2031617","PrivilegeList":"SeTakeOwnershipPrivilege","ProcessId":"0x90c","ProcessName":"C:\\Windows\\System32\\WindowsPowerShell\\v1.0\\powershell.exe"}}}
{"Event_attributes":{"xmlns":"http://schemas.microsoft.com/win/2004/08/events/event"},"Event":{"System":{"Provider_attributes":{"Name":"Microsoft-Windows-Security-Auditing","Guid":"54849625-5478-4994-A5BA-3E3B0328C30D"},"EventID":4674,"Version":0,"Level":0,"Task":13056,"Opcode":0,"Keywords":"0x8020000000000000","TimeCreated_attributes":{"SystemTime":"2021-11-23T09:26:30.979610Z"},"EventRecordID":937817,"Correlation":null,"Execution_attributes":{"ProcessID":480,"ThreadID":488},"Channel":"Security","Computer":"fs03vuln.offsec.lan","Security":null},"EventData":{"SubjectUserSid":"S-1-5-21-4230534742-2542757381-3142984815-1111","SubjectUserName":"admmig","SubjectDomainName":"OFFSEC","SubjectLogonId":"0x8157bac","ObjectServer":"Security","ObjectType":"Mutant","ObjectName":"\\BaseNamedObjects\\PowerShell_CommandAnalysis_Lock_S-1-5-21-4230534742-2542757381-3142984815-1111","HandleId":"0x4c0","AccessMask":"%%1537\r\n\t\t\t\t%%1538\r\n\t\t\t\t%%1539\r\n\t\t\t\t%%1540\r\n\t\t\t\t%%1541\r\n\t\t\t\t%%4448\r\n\t\t\t\t","PrivilegeList":"SeTakeOwnershipPrivilege","ProcessId":"0x90c","ProcessName":"C:\\Windows\\System32\\WindowsPowerShell\\v1.0\\powershell.exe"}}}
{"Event_attributes":{"xmlns":"http://schemas.microsoft.com/win/2004/08/events/event"},"Event":{"System":{"Provider_attributes":{"Name":"Microsoft-Windows-Security-Auditing","Guid":"54849625-5478-4994-A5BA-3E3B0328C30D"},"EventID":4674,"Version":0,"Level":0,"Task":13056,"Opcode":0,"Keywords":"0x8020000000000000","TimeCreated_attributes":{"SystemTime":"2021-11-23T09:26:30.979610Z"},"EventRecordID":937818,"Correlation":null,"Execution_attributes":{"ProcessID":480,"ThreadID":488},"Channel":"Security","Computer":"fs03vuln.offsec.lan","Security":null},"EventData":{"SubjectUserSid":"S-1-5-21-4230534742-2542757381-3142984815-1111","SubjectUserName":"admmig","SubjectDomainName":"OFFSEC","SubjectLogonId":"0x8157bac","ObjectServer":"Security","ObjectType":"-","ObjectName":"-","HandleId":"0x4c0","AccessMask":"2031617","PrivilegeList":"SeTakeOwnershipPrivilege","ProcessId":"0x90c","ProcessName":"C:\\Windows\\System32\\WindowsPowerShell\\v1.0\\powershell.exe"}}}
{"Event_attributes":{"xmlns":"http://schemas.microsoft.com/win/2004/08/events/event"},"Event":{"System":{"Provider_attributes":{"Name":"Microsoft-Windows-Security-Auditing","Guid":"54849625-5478-4994-A5BA-3E3B0328C30D"},"EventID":4674,"Version":0,"Level":0,"Task":13056,"Opcode":0,"Keywords":"0x8020000000000000","TimeCreated_attributes":{"SystemTime":"2021-11-23T09:26:30.979610Z"},"EventRecordID":937819,"Correlation":null,"Execution_attributes":{"ProcessID":480,"ThreadID":488},"Channel":"Security","Computer":"fs03vuln.offsec.lan","Security":null},"EventData":{"SubjectUserSid":"S-1-5-21-4230534742-2542757381-3142984815-1111","SubjectUserName":"admmig","SubjectDomainName":"OFFSEC","SubjectLogonId":"0x8157bac","ObjectServer":"Security","ObjectType":"Mutant","ObjectName":"\\BaseNamedObjects\\PowerShell_CommandAnalysis_Lock_S-1-5-21-4230534742-2542757381-3142984815-1111","HandleId":"0x4c8","AccessMask":"%%1537\r\n\t\t\t\t%%1538\r\n\t\t\t\t%%1539\r\n\t\t\t\t%%1540\r\n\t\t\t\t%%1541\r\n\t\t\t\t%%4448\r\n\t\t\t\t","PrivilegeList":"SeTakeOwnershipPrivilege","ProcessId":"0x90c","ProcessName":"C:\\Windows\\System32\\WindowsPowerShell\\v1.0\\powershell.exe"}}}
{"Event_attributes":{"xmlns":"http://schemas.microsoft.com/win/2004/08/events/event"},"Event":{"System":{"Provider_attributes":{"Name":"Microsoft-Windows-Security-Auditing","Guid":"54849625-5478-4994-A5BA-3E3B0328C30D"},"EventID":4674,"Version":0,"Level":0,"Task":13056,"Opcode":0,"Keywords":"0x8020000000000000","TimeCreated_attributes":{"SystemTime":"2021-11-23T09:26:30.979610Z"},"EventRecordID":937820,"Correlation":null,"Execution_attributes":{"ProcessID":480,"ThreadID":488},"Channel":"Security","Computer":"fs03vuln.offsec.lan","Security":null},"EventData":{"SubjectUserSid":"S-1-5-21-4230534742-2542757381-3142984815-1111","SubjectUserName":"admmig","SubjectDomainName":"OFFSEC","SubjectLogonId":"0x8157bac","ObjectServer":"Security","ObjectType":"-","ObjectName":"-","HandleId":"0x4c8","AccessMask":"2031617","PrivilegeList":"SeTakeOwnershipPrivilege","ProcessId":"0x90c","ProcessName":"C:\\Windows\\System32\\WindowsPowerShell\\v1.0\\powershell.exe"}}}
{"Event_attributes":{"xmlns":"http://schemas.microsoft.com/win/2004/08/events/event"},"Event":{"System":{"Provider_attributes":{"Name":"Microsoft-Windows-Security-Auditing","Guid":"54849625-5478-4994-A5BA-3E3B0328C30D"},"EventID":4674,"Version":0,"Level":0,"Task":13056,"Opcode":0,"Keywords":"0x8020000000000000","TimeCreated_attributes":{"SystemTime":"2021-11-23T09:26:30.979610Z"},"EventRecordID":937821,"Correlation":null,"Execution_attributes":{"ProcessID":480,"ThreadID":488},"Channel":"Security","Computer":"fs03vuln.offsec.lan","Security":null},"EventData":{"SubjectUserSid":"S-1-5-21-4230534742-2542757381-3142984815-1111","SubjectUserName":"admmig","SubjectDomainName":"OFFSEC","SubjectLogonId":"0x8157bac","ObjectServer":"Security","ObjectType":"Mutant","ObjectName":"\\BaseNamedObjects\\PowerShell_CommandAnalysis_Lock_S-1-5-21-4230534742-2542757381-3142984815-1111","HandleId":"0x4d0","AccessMask":"%%1537\r\n\t\t\t\t%%1538\r\n\t\t\t\t%%1539\r\n\t\t\t\t%%1540\r\n\t\t\t\t%%1541\r\n\t\t\t\t%%4448\r\n\t\t\t\t","PrivilegeList":"SeTakeOwnershipPrivilege","ProcessId":"0x90c","ProcessName":"C:\\Windows\\System32\\WindowsPowerShell\\v1.0\\powershell.exe"}}}
{"Event_attributes":{"xmlns":"http://schemas.microsoft.com/win/2004/08/events/event"},"Event":{"System":{"Provider_attributes":{"Name":"Microsoft-Windows-Security-Auditing","Guid":"54849625-5478-4994-A5BA-3E3B0328C30D"},"EventID":4674,"Version":0,"Level":0,"Task":13056,"Opcode":0,"Keywords":"0x8020000000000000","TimeCreated_attributes":{"SystemTime":"2021-11-23T09:26:30.979610Z"},"EventRecordID":937822,"Correlation":null,"Execution_attributes":{"ProcessID":480,"ThreadID":488},"Channel":"Security","Computer":"fs03vuln.offsec.lan","Security":null},"EventData":{"SubjectUserSid":"S-1-5-21-4230534742-2542757381-3142984815-1111","SubjectUserName":"admmig","SubjectDomainName":"OFFSEC","SubjectLogonId":"0x8157bac","ObjectServer":"Security","ObjectType":"-","ObjectName":"-","HandleId":"0x4d0","AccessMask":"2031617","PrivilegeList":"SeTakeOwnershipPrivilege","ProcessId":"0x90c","ProcessName":"C:\\Windows\\System32\\WindowsPowerShell\\v1.0\\powershell.exe"}}}
{"Event_attributes":{"xmlns":"http://schemas.microsoft.com/win/2004/08/events/event"},"Event":{"System":{"Provider_attributes":{"Name":"Microsoft-Windows-Security-Auditing","Guid":"54849625-5478-4994-A5BA-3E3B0328C30D"},"EventID":4674,"Version":0,"Level":0,"Task":13056,"Opcode":0,"Keywords":"0x8020000000000000","TimeCreated_attributes":{"SystemTime":"2021-11-23T09:26:30.979610Z"},"EventRecordID":937823,"Correlation":null,"Execution_attributes":{"ProcessID":480,"ThreadID":488},"Channel":"Security","Computer":"fs03vuln.offsec.lan","Security":null},"EventData":{"SubjectUserSid":"S-1-5-21-4230534742-2542757381-3142984815-1111","SubjectUserName":"admmig","SubjectDomainName":"OFFSEC","SubjectLogonId":"0x8157bac","ObjectServer":"Security","ObjectType":"Mutant","ObjectName":"\\BaseNamedObjects\\PowerShell_CommandAnalysis_Lock_S-1-5-21-4230534742-2542757381-3142984815-1111","HandleId":"0x4d8","AccessMask":"%%1537\r\n\t\t\t\t%%1538\r\n\t\t\t\t%%1539\r\n\t\t\t\t%%1540\r\n\t\t\t\t%%1541\r\n\t\t\t\t%%4448\r\n\t\t\t\t","PrivilegeList":"SeTakeOwnershipPrivilege","ProcessId":"0x90c","ProcessName":"C:\\Windows\\System32\\WindowsPowerShell\\v1.0\\powershell.exe"}}}
{"Event_attributes":{"xmlns":"http://schemas.microsoft.com/win/2004/08/events/event"},"Event":{"System":{"Provider_attributes":{"Name":"Microsoft-Windows-Security-Auditing","Guid":"54849625-5478-4994-A5BA-3E3B0328C30D"},"EventID":4674,"Version":0,"Level":0,"Task":13056,"Opcode":0,"Keywords":"0x8020000000000000","TimeCreated_attributes":{"SystemTime":"2021-11-23T09:26:30.979610Z"},"EventRecordID":937824,"Correlation":null,"Execution_attributes":{"ProcessID":480,"ThreadID":488},"Channel":"Security","Computer":"fs03vuln.offsec.lan","Security":null},"EventData":{"SubjectUserSid":"S-1-5-21-4230534742-2542757381-3142984815-1111","SubjectUserName":"admmig","SubjectDomainName":"OFFSEC","SubjectLogonId":"0x8157bac","ObjectServer":"Security","ObjectType":"-","ObjectName":"-","HandleId":"0x4d8","AccessMask":"2031617","PrivilegeList":"SeTakeOwnershipPrivilege","ProcessId":"0x90c","ProcessName":"C:\\Windows\\System32\\WindowsPowerShell\\v1.0\\powershell.exe"}}}
{"Event_attributes":{"xmlns":"http://schemas.microsoft.com/win/2004/08/events/event"},"Event":{"System":{"Provider_attributes":{"Name":"Microsoft-Windows-Security-Auditing","Guid":"54849625-5478-4994-A5BA-3E3B0328C30D"},"EventID":4674,"Version":0,"Level":0,"Task":13056,"Opcode":0,"Keywords":"0x8020000000000000","TimeCreated_attributes":{"SystemTime":"2021-11-23T09:26:31.229613Z"},"EventRecordID":937825,"Correlation":null,"Execution_attributes":{"ProcessID":480,"ThreadID":488},"Channel":"Security","Computer":"fs03vuln.offsec.lan","Security":null},"EventData":{"SubjectUserSid":"S-1-5-21-4230534742-2542757381-3142984815-1111","SubjectUserName":"admmig","SubjectDomainName":"OFFSEC","SubjectLogonId":"0x8157bac","ObjectServer":"Security","ObjectType":"Mutant","ObjectName":"\\BaseNamedObjects\\RasPbFile","HandleId":"0x5a4","AccessMask":"%%1537\r\n\t\t\t\t%%1538\r\n\t\t\t\t%%1539\r\n\t\t\t\t%%1540\r\n\t\t\t\t%%1541\r\n\t\t\t\t%%4448\r\n\t\t\t\t","PrivilegeList":"SeTakeOwnershipPrivilege","ProcessId":"0x90c","ProcessName":"C:\\Windows\\System32\\WindowsPowerShell\\v1.0\\powershell.exe"}}}
{"Event_attributes":{"xmlns":"http://schemas.microsoft.com/win/2004/08/events/event"},"Event":{"System":{"Provider_attributes":{"Name":"Microsoft-Windows-Security-Auditing","Guid":"54849625-5478-4994-A5BA-3E3B0328C30D"},"EventID":4674,"Version":0,"Level":0,"Task":13056,"Opcode":0,"Keywords":"0x8020000000000000","TimeCreated_attributes":{"SystemTime":"2021-11-23T09:26:31.229613Z"},"EventRecordID":937826,"Correlation":null,"Execution_attributes":{"ProcessID":480,"ThreadID":488},"Channel":"Security","Computer":"fs03vuln.offsec.lan","Security":null},"EventData":{"SubjectUserSid":"S-1-5-21-4230534742-2542757381-3142984815-1111","SubjectUserName":"admmig","SubjectDomainName":"OFFSEC","SubjectLogonId":"0x8157bac","ObjectServer":"Security","ObjectType":"-","ObjectName":"-","HandleId":"0x5a4","AccessMask":"2031617","PrivilegeList":"SeTakeOwnershipPrivilege","ProcessId":"0x90c","ProcessName":"C:\\Windows\\System32\\WindowsPowerShell\\v1.0\\powershell.exe"}}}
{"Event_attributes":{"xmlns":"http://schemas.microsoft.com/win/2004/08/events/event"},"Event":{"System":{"Provider_attributes":{"Name":"Microsoft-Windows-Security-Auditing","Guid":"54849625-5478-4994-A5BA-3E3B0328C30D"},"EventID":4674,"Version":0,"Level":0,"Task":13056,"Opcode":0,"Keywords":"0x8020000000000000","TimeCreated_attributes":{"SystemTime":"2021-11-23T09:26:31.229613Z"},"EventRecordID":937827,"Correlation":null,"Execution_attributes":{"ProcessID":480,"ThreadID":488},"Channel":"Security","Computer":"fs03vuln.offsec.lan","Security":null},"EventData":{"SubjectUserSid":"S-1-5-21-4230534742-2542757381-3142984815-1111","SubjectUserName":"admmig","SubjectDomainName":"OFFSEC","SubjectLogonId":"0x8157bac","ObjectServer":"Security","ObjectType":"Key","ObjectName":"\\REGISTRY\\MACHINE\\SYSTEM\\ControlSet001\\Services\\WinSock2\\Parameters","HandleId":"0x5c8","AccessMask":"%%1537\r\n\t\t\t\t%%1538\r\n\t\t\t\t%%1539\r\n\t\t\t\t%%1540\r\n\t\t\t\t%%4432\r\n\t\t\t\t%%4433\r\n\t\t\t\t%%4434\r\n\t\t\t\t%%4435\r\n\t\t\t\t%%4436\r\n\t\t\t\t%%4437\r\n\t\t\t\t","PrivilegeList":"SeTakeOwnershipPrivilege","ProcessId":"0x90c","ProcessName":"C:\\Windows\\System32\\WindowsPowerShell\\v1.0\\powershell.exe"}}}
{"Event_attributes":{"xmlns":"http://schemas.microsoft.com/win/2004/08/events/event"},"Event":{"System":{"Provider_attributes":{"Name":"Microsoft-Windows-Security-Auditing","Guid":"54849625-5478-4994-A5BA-3E3B0328C30D"},"EventID":4674,"Version":0,"Level":0,"Task":13056,"Opcode":0,"Keywords":"0x8020000000000000","TimeCreated_attributes":{"SystemTime":"2021-11-23T09:26:31.229613Z"},"EventRecordID":937828,"Correlation":null,"Execution_attributes":{"ProcessID":480,"ThreadID":488},"Channel":"Security","Computer":"fs03vuln.offsec.lan","Security":null},"EventData":{"SubjectUserSid":"S-1-5-21-4230534742-2542757381-3142984815-1111","SubjectUserName":"admmig","SubjectDomainName":"OFFSEC","SubjectLogonId":"0x8157bac","ObjectServer":"Security","ObjectType":"-","ObjectName":"-","HandleId":"0x5c8","AccessMask":"983103","PrivilegeList":"SeTakeOwnershipPrivilege","ProcessId":"0x90c","ProcessName":"C:\\Windows\\System32\\WindowsPowerShell\\v1.0\\powershell.exe"}}}
{"Event_attributes":{"xmlns":"http://schemas.microsoft.com/win/2004/08/events/event"},"Event":{"System":{"Provider_attributes":{"Name":"Microsoft-Windows-Security-Auditing","Guid":"54849625-5478-4994-A5BA-3E3B0328C30D"},"EventID":4674,"Version":0,"Level":0,"Task":13056,"Opcode":0,"Keywords":"0x8020000000000000","TimeCreated_attributes":{"SystemTime":"2021-11-23T09:26:32.432741Z"},"EventRecordID":937829,"Correlation":null,"Execution_attributes":{"ProcessID":480,"ThreadID":488},"Channel":"Security","Computer":"fs03vuln.offsec.lan","Security":null},"EventData":{"SubjectUserSid":"S-1-5-21-4230534742-2542757381-3142984815-1111","SubjectUserName":"admmig","SubjectDomainName":"OFFSEC","SubjectLogonId":"0x8157bac","ObjectServer":"Security","ObjectType":"Key","ObjectName":"\\REGISTRY\\MACHINE\\SYSTEM\\ControlSet001\\Services\\WinSock2\\Parameters","HandleId":"0x65c","AccessMask":"%%1537\r\n\t\t\t\t%%1538\r\n\t\t\t\t%%1539\r\n\t\t\t\t%%1540\r\n\t\t\t\t%%4432\r\n\t\t\t\t%%4433\r\n\t\t\t\t%%4434\r\n\t\t\t\t%%4435\r\n\t\t\t\t%%4436\r\n\t\t\t\t%%4437\r\n\t\t\t\t","PrivilegeList":"SeTakeOwnershipPrivilege","ProcessId":"0x90c","ProcessName":"C:\\Windows\\System32\\WindowsPowerShell\\v1.0\\powershell.exe"}}}
{"Event_attributes":{"xmlns":"http://schemas.microsoft.com/win/2004/08/events/event"},"Event":{"System":{"Provider_attributes":{"Name":"Microsoft-Windows-Security-Auditing","Guid":"54849625-5478-4994-A5BA-3E3B0328C30D"},"EventID":4674,"Version":0,"Level":0,"Task":13056,"Opcode":0,"Keywords":"0x8020000000000000","TimeCreated_attributes":{"SystemTime":"2021-11-23T09:26:32.432741Z"},"EventRecordID":937830,"Correlation":null,"Execution_attributes":{"ProcessID":480,"ThreadID":488},"Channel":"Security","Computer":"fs03vuln.offsec.lan","Security":null},"EventData":{"SubjectUserSid":"S-1-5-21-4230534742-2542757381-3142984815-1111","SubjectUserName":"admmig","SubjectDomainName":"OFFSEC","SubjectLogonId":"0x8157bac","ObjectServer":"Security","ObjectType":"-","ObjectName":"-","HandleId":"0x65c","AccessMask":"983103","PrivilegeList":"SeTakeOwnershipPrivilege","ProcessId":"0x90c","ProcessName":"C:\\Windows\\System32\\WindowsPowerShell\\v1.0\\powershell.exe"}}}
{"Event_attributes":{"xmlns":"http://schemas.microsoft.com/win/2004/08/events/event"},"Event":{"System":{"Provider_attributes":{"Name":"Microsoft-Windows-Security-Auditing","Guid":"54849625-5478-4994-A5BA-3E3B0328C30D"},"EventID":4674,"Version":0,"Level":0,"Task":13056,"Opcode":0,"Keywords":"0x8020000000000000","TimeCreated_attributes":{"SystemTime":"2021-11-23T09:26:32.463991Z"},"EventRecordID":937831,"Correlation":null,"Execution_attributes":{"ProcessID":480,"ThreadID":488},"Channel":"Security","Computer":"fs03vuln.offsec.lan","Security":null},"EventData":{"SubjectUserSid":"S-1-5-21-4230534742-2542757381-3142984815-1111","SubjectUserName":"admmig","SubjectDomainName":"OFFSEC","SubjectLogonId":"0x8157bac","ObjectServer":"Security","ObjectType":"Key","ObjectName":"\\REGISTRY\\MACHINE\\SOFTWARE\\Microsoft\\Windows NT\\CurrentVersion\\PERFLIB","HandleId":"0x5e8","AccessMask":"%%1537\r\n\t\t\t\t%%1538\r\n\t\t\t\t%%1539\r\n\t\t\t\t%%1540\r\n\t\t\t\t%%1542\r\n\t\t\t\t%%4432\r\n\t\t\t\t%%4433\r\n\t\t\t\t%%4434\r\n\t\t\t\t%%4435\r\n\t\t\t\t%%4436\r\n\t\t\t\t%%4437\r\n\t\t\t\t","PrivilegeList":"SeSecurityPrivilege","ProcessId":"0x5e4","ProcessName":"C:\\Windows\\System32\\wbem\\WmiPrvSE.exe"}}}
{"Event_attributes":{"xmlns":"http://schemas.microsoft.com/win/2004/08/events/event"},"Event":{"System":{"Provider_attributes":{"Name":"Microsoft-Windows-Security-Auditing","Guid":"54849625-5478-4994-A5BA-3E3B0328C30D"},"EventID":4674,"Version":0,"Level":0,"Task":13056,"Opcode":0,"Keywords":"0x8020000000000000","TimeCreated_attributes":{"SystemTime":"2021-11-23T09:26:32.463991Z"},"EventRecordID":937832,"Correlation":null,"Execution_attributes":{"ProcessID":480,"ThreadID":488},"Channel":"Security","Computer":"fs03vuln.offsec.lan","Security":null},"EventData":{"SubjectUserSid":"S-1-5-21-4230534742-2542757381-3142984815-1111","SubjectUserName":"admmig","SubjectDomainName":"OFFSEC","SubjectLogonId":"0x8157bac","ObjectServer":"Security","ObjectType":"-","ObjectName":"-","HandleId":"0x5e8","AccessMask":"17760319","PrivilegeList":"SeSecurityPrivilege","ProcessId":"0x5e4","ProcessName":"C:\\Windows\\System32\\wbem\\WmiPrvSE.exe"}}}
{"Event_attributes":{"xmlns":"http://schemas.microsoft.com/win/2004/08/events/event"},"Event":{"System":{"Provider_attributes":{"Name":"Microsoft-Windows-Security-Auditing","Guid":"54849625-5478-4994-A5BA-3E3B0328C30D"},"EventID":4688,"Version":1,"Level":0,"Task":13312,"Opcode":0,"Keywords":"0x8020000000000000","TimeCreated_attributes":{"SystemTime":"2021-11-23T09:26:45.843690Z"},"EventRecordID":937833,"Correlation":null,"Execution_attributes":{"ProcessID":4,"ThreadID":1860},"Channel":"Security","Computer":"fs03vuln.offsec.lan","Security":null},"EventData":{"SubjectUserSid":"S-1-5-18","SubjectUserName":"FS03VULN$","SubjectDomainName":"OFFSEC","SubjectLogonId":"0x3e7","NewProcessId":"0x214","NewProcessName":"C:\\Windows\\System32\\cmd.exe","TokenElevationType":"%%1936","ProcessId":"0x2e8","CommandLine":"C:\\Windows\\SYSTEM32\\cmd.exe /c \"C:\\tools\\shell.cmd\""}}}
{"Event_attributes":{"xmlns":"http://schemas.microsoft.com/win/2004/08/events/event"},"Event":{"System":{"Provider_attributes":{"Name":"Microsoft-Windows-Security-Auditing","Guid":"54849625-5478-4994-A5BA-3E3B0328C30D"},"EventID":4688,"Version":1,"Level":0,"Task":13312,"Opcode":0,"Keywords":"0x8020000000000000","TimeCreated_attributes":{"SystemTime":"2021-11-23T09:26:45.843690Z"},"EventRecordID":937834,"Correlation":null,"Execution_attributes":{"ProcessID":4,"ThreadID":1860},"Channel":"Security","Computer":"fs03vuln.offsec.lan","Security":null},"EventData":{"SubjectUserSid":"S-1-5-18","SubjectUserName":"FS03VULN$","SubjectDomainName":"OFFSEC","SubjectLogonId":"0x3e7","NewProcessId":"0xe74","NewProcessName":"C:\\Windows\\System32\\conhost.exe","TokenElevationType":"%%1936","ProcessId":"0x214","CommandLine":"\\??\\C:\\Windows\\system32\\conhost.exe 0xffffffff"}}}
