{"Event_attributes":{"xmlns":"http://schemas.microsoft.com/win/2004/08/events/event"},"Event":{"System":{"Provider_attributes":{"Name":"Microsoft-Windows-Security-Auditing","Guid":"54849625-5478-4994-A5BA-3E3B0328C30D"},"EventID":4688,"Version":2,"Level":0,"Task":13312,"Opcode":0,"Keywords":"0x8020000000000000","TimeCreated_attributes":{"SystemTime":"2021-11-03T08:34:51.386409Z"},"EventRecordID":294208,"Correlation":null,"Execution_attributes":{"ProcessID":4,"ThreadID":1980},"Channel":"Security","Computer":"FS03.offsec.lan","Security":null},"EventData":{"SubjectUserSid":"S-1-5-18","SubjectUserName":"FS03$","SubjectDomainName":"OFFSEC","SubjectLogonId":"0x3e7","NewProcessId":"0xfb0","NewProcessName":"C:\\Windows\\System32\\WindowsPowerShell\\v1.0\\powershell.exe","TokenElevationType":"%%1936","ProcessId":"0xf60","CommandLine":"powershell  -command \"Get-Service \"seg17\" | select -Expand DisplayName |out-file -append tmp_payload.txt\"","TargetUserSid":"S-1-0-0","TargetUserName":"-","TargetDomainName":"-","TargetLogonId":"0x0"}}}
{"Event_attributes":{"xmlns":"http://schemas.microsoft.com/win/2004/08/events/event"},"Event":{"System":{"Provider_attributes":{"Name":"Microsoft-Windows-Security-Auditing","Guid":"54849625-5478-4994-A5BA-3E3B0328C30D"},"EventID":4688,"Version":2,"Level":0,"Task":13312,"Opcode":0,"Keywords":"0x8020000000000000","TimeCreated_attributes":{"SystemTime":"2021-11-03T08:34:51.386409Z"},"EventRecordID":294209,"Correlation":null,"Execution_attributes":{"ProcessID":4,"ThreadID":1980},"Channel":"Security","Computer":"FS03.offsec.lan","Security":null},"EventData":{"SubjectUserSid":"S-1-5-18","SubjectUserName":"FS03$","SubjectDomainName":"OFFSEC","SubjectLogonId":"0x3e7","NewProcessId":"0xcf8","NewProcessName":"C:\\Windows\\System32\\conhost.exe","TokenElevationType":"%%1936","ProcessId":"0xfb0","CommandLine":"\\??\\C:\\Windows\\system32\\conhost.exe 0xffffffff","TargetUserSid":"S-1-0-0","TargetUserName":"-","TargetDomainName":"-","TargetLogonId":"0x0"}}}
{"Event_attributes":{"xmlns":"http://schemas.microsoft.com/win/2004/08/events/event"},"Event":{"System":{"Provider_attributes":{"Name":"Microsoft-Windows-Security-Auditing","Guid":"54849625-5478-4994-A5BA-3E3B0328C30D"},"EventID":4688,"Version":2,"Level":0,"Task":13312,"Opcode":0,"Keywords":"0x8020000000000000","TimeCreated_attributes":{"SystemTime":"2021-11-03T08:34:52.834309Z"},"EventRecordID":294227,"Correlation":null,"Execution_attributes":{"ProcessID":4,"ThreadID":3248},"Channel":"Security","Computer":"FS03.offsec.lan","Security":null},"EventData":{"SubjectUserSid":"S-1-5-18","SubjectUserName":"FS03$","SubjectDomainName":"OFFSEC","SubjectLogonId":"0x3e7","NewProcessId":"0xcfc","NewProcessName":"C:\\Windows\\System32\\cmd.exe","TokenElevationType":"%%1936","ProcessId":"0x1e4","CommandLine":"c:\\windows\\system32\\cmd.exe /c powershell -command \"Get-Service \"seg18\" | select -Expand DisplayName |out-file -append tmp_payload.txt\"","TargetUserSid":"S-1-0-0","TargetUserName":"-","TargetDomainName":"-","TargetLogonId":"0x0"}}}
{"Event_attributes":{"xmlns":"http://schemas.microsoft.com/win/2004/08/events/event"},"Event":{"System":{"Provider_attributes":{"Name":"Microsoft-Windows-Security-Auditing","Guid":"54849625-5478-4994-A5BA-3E3B0328C30D"},"EventID":4688,"Version":2,"Level":0,"Task":13312,"Opcode":0,"Keywords":"0x8020000000000000","TimeCreated_attributes":{"SystemTime":"2021-11-03T08:34:52.834309Z"},"EventRecordID":294228,"Correlation":null,"Execution_attributes":{"ProcessID":4,"ThreadID":3248},"Channel":"Security","Computer":"FS03.offsec.lan","Security":null},"EventData":{"SubjectUserSid":"S-1-5-18","SubjectUserName":"FS03$","SubjectDomainName":"OFFSEC","SubjectLogonId":"0x3e7","NewProcessId":"0xe0c","NewProcessName":"C:\\Windows\\System32\\WindowsPowerShell\\v1.0\\powershell.exe","TokenElevationType":"%%1936","ProcessId":"0xcfc","CommandLine":"powershell  -command \"Get-Service \"seg18\" | select -Expand DisplayName |out-file -append tmp_payload.txt\"","TargetUserSid":"S-1-0-0","TargetUserName":"-","TargetDomainName":"-","TargetLogonId":"0x0"}}}
{"Event_attributes":{"xmlns":"http://schemas.microsoft.com/win/2004/08/events/event"},"Event":{"System":{"Provider_attributes":{"Name":"Microsoft-Windows-Security-Auditing","Guid":"54849625-5478-4994-A5BA-3E3B0328C30D"},"EventID":4688,"Version":2,"Level":0,"Task":13312,"Opcode":0,"Keywords":"0x8020000000000000","TimeCreated_attributes":{"SystemTime":"2021-11-03T08:34:52.834309Z"},"EventRecordID":294229,"Correlation":null,"Execution_attributes":{"ProcessID":4,"ThreadID":3248},"Channel":"Security","Computer":"FS03.offsec.lan","Security":null},"EventData":{"SubjectUserSid":"S-1-5-18","SubjectUserName":"FS03$","SubjectDomainName":"OFFSEC","SubjectLogonId":"0x3e7","NewProcessId":"0xedc","NewProcessName":"C:\\Windows\\System32\\conhost.exe","TokenElevationType":"%%1936","ProcessId":"0xe0c","CommandLine":"\\??\\C:\\Windows\\system32\\conhost.exe 0xffffffff","TargetUserSid":"S-1-0-0","TargetUserName":"-","TargetDomainName":"-","TargetLogonId":"0x0"}}}
{"Event_attributes":{"xmlns":"http://schemas.microsoft.com/win/2004/08/events/event"},"Event":{"System":{"Provider_attributes":{"Name":"Microsoft-Windows-Security-Auditing","Guid":"54849625-5478-4994-A5BA-3E3B0328C30D"},"EventID":4688,"Version":2,"Level":0,"Task":13312,"Opcode":0,"Keywords":"0x8020000000000000","TimeCreated_attributes":{"SystemTime":"2021-11-03T08:34:54.271828Z"},"EventRecordID":294247,"Correlation":null,"Execution_attributes":{"ProcessID":4,"ThreadID":2468},"Channel":"Security","Computer":"FS03.offsec.lan","Security":null},"EventData":{"SubjectUserSid":"S-1-5-18","SubjectUserName":"FS03$","SubjectDomainName":"OFFSEC","SubjectLogonId":"0x3e7","NewProcessId":"0x3f0","NewProcessName":"C:\\Windows\\System32\\cmd.exe","TokenElevationType":"%%1936","ProcessId":"0x1e4","CommandLine":"c:\\windows\\system32\\cmd.exe /c powershell -command \"Get-Service \"seg19\" | select -Expand DisplayName |out-file -append tmp_payload.txt\"","TargetUserSid":"S-1-0-0","TargetUserName":"-","TargetDomainName":"-","TargetLogonId":"0x0"}}}
{"Event_attributes":{"xmlns":"http://schemas.microsoft.com/win/2004/08/events/event"},"Event":{"System":{"Provider_attributes":{"Name":"Microsoft-Windows-Security-Auditing","Guid":"54849625-5478-4994-A5BA-3E3B0328C30D"},"EventID":4688,"Version":2,"Level":0,"Task":13312,"Opcode":0,"Keywords":"0x8020000000000000","TimeCreated_attributes":{"SystemTime":"2021-11-03T08:34:54.287432Z"},"EventRecordID":294248,"Correlation":null,"Execution_attributes":{"ProcessID":4,"ThreadID":2468},"Channel":"Security","Computer":"FS03.offsec.lan","Security":null},"EventData":{"SubjectUserSid":"S-1-5-18","SubjectUserName":"FS03$","SubjectDomainName":"OFFSEC","SubjectLogonId":"0x3e7","NewProcessId":"0xbac","NewProcessName":"C:\\Windows\\System32\\WindowsPowerShell\\v1.0\\powershell.exe","TokenElevationType":"%%1936","ProcessId":"0x3f0","CommandLine":"powershell  -command \"Get-Service \"seg19\" | select -Expand DisplayName |out-file -append tmp_payload.txt\"","TargetUserSid":"S-1-0-0","TargetUserName":"-","TargetDomainName":"-","TargetLogonId":"0x0"}}}
{"Event_attributes":{"xmlns":"http://schemas.microsoft.com/win/2004/08/events/event"},"Event":{"System":{"Provider_attributes":{"Name":"Microsoft-Windows-Security-Auditing","Guid":"54849625-5478-4994-A5BA-3E3B0328C30D"},"EventID":4688,"Version":2,"Level":0,"Task":13312,"Opcode":0,"Keywords":"0x8020000000000000","TimeCreated_attributes":{"SystemTime":"2021-11-03T08:34:54.287432Z"},"EventRecordID":294249,"Correlation":null,"Execution_attributes":{"ProcessID":4,"ThreadID":2468},"Channel":"Security","Computer":"FS03.offsec.lan","Security":null},"EventData":{"SubjectUserSid":"S-1-5-18","SubjectUserName":"FS03$","SubjectDomainName":"OFFSEC","SubjectLogonId":"0x3e7","NewProcessId":"0x688","NewProcessName":"C:\\Windows\\System32\\conhost.exe","TokenElevationType":"%%1936","ProcessId":"0xbac","CommandLine":"\\??\\C:\\Windows\\system32\\conhost.exe 0xffffffff","TargetUserSid":"S-1-0-0","TargetUserName":"-","TargetDomainName":"-","TargetLogonId":"0x0"}}}
{"Event_attributes":{"xmlns":"http://schemas.microsoft.com/win/2004/08/events/event"},"Event":{"System":{"Provider_attributes":{"Name":"Microsoft-Windows-Security-Auditing","Guid":"54849625-5478-4994-A5BA-3E3B0328C30D"},"EventID":4688,"Version":2,"Level":0,"Task":13312,"Opcode":0,"Keywords":"0x8020000000000000","TimeCreated_attributes":{"SystemTime":"2021-11-03T08:34:55.740560Z"},"EventRecordID":294267,"Correlation":null,"Execution_attributes":{"ProcessID":4,"ThreadID":4056},"Channel":"Security","Computer":"FS03.offsec.lan","Security":null},"EventData":{"SubjectUserSid":"S-1-5-18","SubjectUserName":"FS03$","SubjectDomainName":"OFFSEC","SubjectLogonId":"0x3e7","NewProcessId":"0x9ac","NewProcessName":"C:\\Windows\\System32\\cmd.exe","TokenElevationType":"%%1936","ProcessId":"0x1e4","CommandLine":"c:\\windows\\system32\\cmd.exe /c powershell -command \"Get-Service \"seg20\" | select -Expand DisplayName |out-file -append tmp_payload.txt\"","TargetUserSid":"S-1-0-0","TargetUserName":"-","TargetDomainName":"-","TargetLogonId":"0x0"}}}
{"Event_attributes":{"xmlns":"http://schemas.microsoft.com/win/2004/08/events/event"},"Event":{"System":{"Provider_attributes":{"Name":"Microsoft-Windows-Security-Auditing","Guid":"54849625-5478-4994-A5BA-3E3B0328C30D"},"EventID":4688,"Version":2,"Level":0,"Task":13312,"Opcode":0,"Keywords":"0x8020000000000000","TimeCreated_attributes":{"SystemTime":"2021-11-03T08:34:55.740560Z"},"EventRecordID":294268,"Correlation":null,"Execution_attributes":{"ProcessID":4,"ThreadID":4056},"Channel":"Security","Computer":"FS03.offsec.lan","Security":null},"EventData":{"SubjectUserSid":"S-1-5-18","SubjectUserName":"FS03$","SubjectDomainName":"OFFSEC","SubjectLogonId":"0x3e7","NewProcessId":"0x92c","NewProcessName":"C:\\Windows\\System32\\WindowsPowerShell\\v1.0\\powershell.exe","TokenElevationType":"%%1936","ProcessId":"0x9ac","CommandLine":"powershell  -command \"Get-Service \"seg20\" | select -Expand DisplayName |out-file -append tmp_payload.txt\"","TargetUserSid":"S-1-0-0","TargetUserName":"-","TargetDomainName":"-","TargetLogonId":"0x0"}}}
{"Event_attributes":{"xmlns":"http://schemas.microsoft.com/win/2004/08/events/event"},"Event":{"System":{"Provider_attributes":{"Name":"Microsoft-Windows-Security-Auditing","Guid":"54849625-5478-4994-A5BA-3E3B0328C30D"},"EventID":4688,"Version":2,"Level":0,"Task":13312,"Opcode":0,"Keywords":"0x8020000000000000","TimeCreated_attributes":{"SystemTime":"2021-11-03T08:34:55.740560Z"},"EventRecordID":294269,"Correlation":null,"Execution_attributes":{"ProcessID":4,"ThreadID":4056},"Channel":"Security","Computer":"FS03.offsec.lan","Security":null},"EventData":{"SubjectUserSid":"S-1-5-18","SubjectUserName":"FS03$","SubjectDomainName":"OFFSEC","SubjectLogonId":"0x3e7","NewProcessId":"0xed4","NewProcessName":"C:\\Windows\\System32\\conhost.exe","TokenElevationType":"%%1936","ProcessId":"0x92c","CommandLine":"\\??\\C:\\Windows\\system32\\conhost.exe 0xffffffff","TargetUserSid":"S-1-0-0","TargetUserName":"-","TargetDomainName":"-","TargetLogonId":"0x0"}}}
{"Event_attributes":{"xmlns":"http://schemas.microsoft.com/win/2004/08/events/event"},"Event":{"System":{"Provider_attributes":{"Name":"Microsoft-Windows-Security-Auditing","Guid":"54849625-5478-4994-A5BA-3E3B0328C30D"},"EventID":4688,"Version":2,"Level":0,"Task":13312,"Opcode":0,"Keywords":"0x8020000000000000","TimeCreated_attributes":{"SystemTime":"2021-11-03T08:34:57.207046Z"},"EventRecordID":294287,"Correlation":null,"Execution_attributes":{"ProcessID":4,"ThreadID":4056},"Channel":"Security","Computer":"FS03.offsec.lan","Security":null},"EventData":{"SubjectUserSid":"S-1-5-18","SubjectUserName":"FS03$","SubjectDomainName":"OFFSEC","SubjectLogonId":"0x3e7","NewProcessId":"0x984","NewProcessName":"C:\\Windows\\System32\\cmd.exe","TokenElevationType":"%%1936","ProcessId":"0x1e4","CommandLine":"c:\\windows\\system32\\cmd.exe /c powershell -command \"Get-Service \"seg21\" | select -Expand DisplayName |out-file -append tmp_payload.txt\"","TargetUserSid":"S-1-0-0","TargetUserName":"-","TargetDomainName":"-","TargetLogonId":"0x0"}}}
{"Event_attributes":{"xmlns":"http://schemas.microsoft.com/win/2004/08/events/event"},"Event":{"System":{"Provider_attributes":{"Name":"Microsoft-Windows-Security-Auditing","Guid":"54849625-5478-4994-A5BA-3E3B0328C30D"},"EventID":4688,"Version":2,"Level":0,"Task":13312,"Opcode":0,"Keywords":"0x8020000000000000","TimeCreated_attributes":{"SystemTime":"2021-11-03T08:34:57.207046Z"},"EventRecordID":294288,"Correlation":null,"Execution_attributes":{"ProcessID":4,"ThreadID":4056},"Channel":"Security","Computer":"FS03.offsec.lan","Security":null},"EventData":{"SubjectUserSid":"S-1-5-18","SubjectUserName":"FS03$","SubjectDomainName":"OFFSEC","SubjectLogonId":"0x3e7","NewProcessId":"0x28c","NewProcessName":"C:\\Windows\\System32\\WindowsPowerShell\\v1.0\\powershell.exe","TokenElevationType":"%%1936","ProcessId":"0x984","CommandLine":"powershell  -command \"Get-Service \"seg21\" | select -Expand DisplayName |out-file -append tmp_payload.txt\"","TargetUserSid":"S-1-0-0","TargetUserName":"-","TargetDomainName":"-","TargetLogonId":"0x0"}}}
{"Event_attributes":{"xmlns":"http://schemas.microsoft.com/win/2004/08/events/event"},"Event":{"System":{"Provider_attributes":{"Name":"Microsoft-Windows-Security-Auditing","Guid":"54849625-5478-4994-A5BA-3E3B0328C30D"},"EventID":4688,"Version":2,"Level":0,"Task":13312,"Opcode":0,"Keywords":"0x8020000000000000","TimeCreated_attributes":{"SystemTime":"2021-11-03T08:34:57.222676Z"},"EventRecordID":294289,"Correlation":null,"Execution_attributes":{"ProcessID":4,"ThreadID":4056},"Channel":"Security","Computer":"FS03.offsec.lan","Security":null},"EventData":{"SubjectUserSid":"S-1-5-18","SubjectUserName":"FS03$","SubjectDomainName":"OFFSEC","SubjectLogonId":"0x3e7","NewProcessId":"0xca0","NewProcessName":"C:\\Windows\\System32\\conhost.exe","TokenElevationType":"%%1936","ProcessId":"0x28c","CommandLine":"\\??\\C:\\Windows\\system32\\conhost.exe 0xffffffff","TargetUserSid":"S-1-0-0","TargetUserName":"-","TargetDomainName":"-","TargetLogonId":"0x0"}}}
{"Event_attributes":{"xmlns":"http://schemas.microsoft.com/win/2004/08/events/event"},"Event":{"System":{"Provider_attributes":{"Name":"Microsoft-Windows-Security-Auditing","Guid":"54849625-5478-4994-A5BA-3E3B0328C30D"},"EventID":4688,"Version":2,"Level":0,"Task":13312,"Opcode":0,"Keywords":"0x8020000000000000","TimeCreated_attributes":{"SystemTime":"2021-11-03T08:34:58.654260Z"},"EventRecordID":294307,"Correlation":null,"Execution_attributes":{"ProcessID":4,"ThreadID":2468},"Channel":"Security","Computer":"FS03.offsec.lan","Security":null},"EventData":{"SubjectUserSid":"S-1-5-18","SubjectUserName":"FS03$","SubjectDomainName":"OFFSEC","SubjectLogonId":"0x3e7","NewProcessId":"0xf0c","NewProcessName":"C:\\Windows\\System32\\cmd.exe","TokenElevationType":"%%1936","ProcessId":"0x1e4","CommandLine":"c:\\windows\\system32\\cmd.exe /c powershell -command \"Get-Service \"seg22\" | select -Expand DisplayName |out-file -append tmp_payload.txt\"","TargetUserSid":"S-1-0-0","TargetUserName":"-","TargetDomainName":"-","TargetLogonId":"0x0"}}}
{"Event_attributes":{"xmlns":"http://schemas.microsoft.com/win/2004/08/events/event"},"Event":{"System":{"Provider_attributes":{"Name":"Microsoft-Windows-Security-Auditing","Guid":"54849625-5478-4994-A5BA-3E3B0328C30D"},"EventID":4688,"Version":2,"Level":0,"Task":13312,"Opcode":0,"Keywords":"0x8020000000000000","TimeCreated_attributes":{"SystemTime":"2021-11-03T08:34:58.654260Z"},"EventRecordID":294308,"Correlation":null,"Execution_attributes":{"ProcessID":4,"ThreadID":2468},"Channel":"Security","Computer":"FS03.offsec.lan","Security":null},"EventData":{"SubjectUserSid":"S-1-5-18","SubjectUserName":"FS03$","SubjectDomainName":"OFFSEC","SubjectLogonId":"0x3e7","NewProcessId":"0xaf0","NewProcessName":"C:\\Windows\\System32\\WindowsPowerShell\\v1.0\\powershell.exe","TokenElevationType":"%%1936","ProcessId":"0xf0c","CommandLine":"powershell  -command \"Get-Service \"seg22\" | select -Expand DisplayName |out-file -append tmp_payload.txt\"","TargetUserSid":"S-1-0-0","TargetUserName":"-","TargetDomainName":"-","TargetLogonId":"0x0"}}}
{"Event_attributes":{"xmlns":"http://schemas.microsoft.com/win/2004/08/events/event"},"Event":{"System":{"Provider_attributes":{"Name":"Microsoft-Windows-Security-Auditing","Guid":"54849625-5478-4994-A5BA-3E3B0328C30D"},"EventID":4688,"Version":2,"Level":0,"Task":13312,"Opcode":0,"Keywords":"0x8020000000000000","TimeCreated_attributes":{"SystemTime":"2021-11-03T08:34:58.654260Z"},"EventRecordID":294309,"Correlation":null,"Execution_attributes":{"ProcessID":4,"ThreadID":2468},"Channel":"Security","Computer":"FS03.offsec.lan","Security":null},"EventData":{"SubjectUserSid":"S-1-5-18","SubjectUserName":"FS03$","SubjectDomainName":"OFFSEC","SubjectLogonId":"0x3e7","NewProcessId":"0x750","NewProcessName":"C:\\Windows\\System32\\conhost.exe","TokenElevationType":"%%1936","ProcessId":"0xaf0","CommandLine":"\\??\\C:\\Windows\\system32\\conhost.exe 0xffffffff","TargetUserSid":"S-1-0-0","TargetUserName":"-","TargetDomainName":"-","TargetLogonId":"0x0"}}}
{"Event_attributes":{"xmlns":"http://schemas.microsoft.com/win/2004/08/events/event"},"Event":{"System":{"Provider_attributes":{"Name":"Microsoft-Windows-Security-Auditing","Guid":"54849625-5478-4994-A5BA-3E3B0328C30D"},"EventID":4688,"Version":2,"Level":0,"Task":13312,"Opcode":0,"Keywords":"0x8020000000000000","TimeCreated_attributes":{"SystemTime":"2021-11-03T08:35:00.089242Z"},"EventRecordID":294327,"Correlation":null,"Execution_attributes":{"ProcessID":4,"ThreadID":2464},"Channel":"Security","Computer":"FS03.offsec.lan","Security":null},"EventData":{"SubjectUserSid":"S-1-5-18","SubjectUserName":"FS03$","SubjectDomainName":"OFFSEC","SubjectLogonId":"0x3e7","NewProcessId":"0xf94","NewProcessName":"C:\\Windows\\System32\\cmd.exe","TokenElevationType":"%%1936","ProcessId":"0x1e4","CommandLine":"c:\\windows\\system32\\cmd.exe /c powershell -command \"Get-Service \"seg23\" | select -Expand DisplayName |out-file -append tmp_payload.txt\"","TargetUserSid":"S-1-0-0","TargetUserName":"-","TargetDomainName":"-","TargetLogonId":"0x0"}}}
{"Event_attributes":{"xmlns":"http://schemas.microsoft.com/win/2004/08/events/event"},"Event":{"System":{"Provider_attributes":{"Name":"Microsoft-Windows-Security-Auditing","Guid":"54849625-5478-4994-A5BA-3E3B0328C30D"},"EventID":4688,"Version":2,"Level":0,"Task":13312,"Opcode":0,"Keywords":"0x8020000000000000","TimeCreated_attributes":{"SystemTime":"2021-11-03T08:35:00.104868Z"},"EventRecordID":294328,"Correlation":null,"Execution_attributes":{"ProcessID":4,"ThreadID":2464},"Channel":"Security","Computer":"FS03.offsec.lan","Security":null},"EventData":{"SubjectUserSid":"S-1-5-18","SubjectUserName":"FS03$","SubjectDomainName":"OFFSEC","SubjectLogonId":"0x3e7","NewProcessId":"0x88","NewProcessName":"C:\\Windows\\System32\\WindowsPowerShell\\v1.0\\powershell.exe","TokenElevationType":"%%1936","ProcessId":"0xf94","CommandLine":"powershell  -command \"Get-Service \"seg23\" | select -Expand DisplayName |out-file -append tmp_payload.txt\"","TargetUserSid":"S-1-0-0","TargetUserName":"-","TargetDomainName":"-","TargetLogonId":"0x0"}}}
{"Event_attributes":{"xmlns":"http://schemas.microsoft.com/win/2004/08/events/event"},"Event":{"System":{"Provider_attributes":{"Name":"Microsoft-Windows-Security-Auditing","Guid":"54849625-5478-4994-A5BA-3E3B0328C30D"},"EventID":4688,"Version":2,"Level":0,"Task":13312,"Opcode":0,"Keywords":"0x8020000000000000","TimeCreated_attributes":{"SystemTime":"2021-11-03T08:35:00.104868Z"},"EventRecordID":294329,"Correlation":null,"Execution_attributes":{"ProcessID":4,"ThreadID":2464},"Channel":"Security","Computer":"FS03.offsec.lan","Security":null},"EventData":{"SubjectUserSid":"S-1-5-18","SubjectUserName":"FS03$","SubjectDomainName":"OFFSEC","SubjectLogonId":"0x3e7","NewProcessId":"0xf58","NewProcessName":"C:\\Windows\\System32\\conhost.exe","TokenElevationType":"%%1936","ProcessId":"0x88","CommandLine":"\\??\\C:\\Windows\\system32\\conhost.exe 0xffffffff","TargetUserSid":"S-1-0-0","TargetUserName":"-","TargetDomainName":"-","TargetLogonId":"0x0"}}}
{"Event_attributes":{"xmlns":"http://schemas.microsoft.com/win/2004/08/events/event"},"Event":{"System":{"Provider_attributes":{"Name":"Microsoft-Windows-Security-Auditing","Guid":"54849625-5478-4994-A5BA-3E3B0328C30D"},"EventID":4688,"Version":2,"Level":0,"Task":13312,"Opcode":0,"Keywords":"0x8020000000000000","TimeCreated_attributes":{"SystemTime":"2021-11-03T08:35:01.557607Z"},"EventRecordID":294379,"Correlation":null,"Execution_attributes":{"ProcessID":4,"ThreadID":4056},"Channel":"Security","Computer":"FS03.offsec.lan","Security":null},"EventData":{"SubjectUserSid":"S-1-5-18","SubjectUserName":"FS03$","SubjectDomainName":"OFFSEC","SubjectLogonId":"0x3e7","NewProcessId":"0x888","NewProcessName":"C:\\Windows\\System32\\cmd.exe","TokenElevationType":"%%1936","ProcessId":"0x1e4","CommandLine":"c:\\windows\\system32\\cmd.exe /c powershell -command \"Get-Service \"seg24\" | select -Expand DisplayName |out-file -append tmp_payload.txt\"","TargetUserSid":"S-1-0-0","TargetUserName":"-","TargetDomainName":"-","TargetLogonId":"0x0"}}}
{"Event_attributes":{"xmlns":"http://schemas.microsoft.com/win/2004/08/events/event"},"Event":{"System":{"Provider_attributes":{"Name":"Microsoft-Windows-Security-Auditing","Guid":"54849625-5478-4994-A5BA-3E3B0328C30D"},"EventID":4688,"Version":2,"Level":0,"Task":13312,"Opcode":0,"Keywords":"0x8020000000000000","TimeCreated_attributes":{"SystemTime":"2021-11-03T08:35:01.557607Z"},"EventRecordID":294380,"Correlation":null,"Execution_attributes":{"ProcessID":4,"ThreadID":4056},"Channel":"Security","Computer":"FS03.offsec.lan","Security":null},"EventData":{"SubjectUserSid":"S-1-5-18","SubjectUserName":"FS03$","SubjectDomainName":"OFFSEC","SubjectLogonId":"0x3e7","NewProcessId":"0xd08","NewProcessName":"C:\\Windows\\System32\\WindowsPowerShell\\v1.0\\powershell.exe","TokenElevationType":"%%1936","ProcessId":"0x888","CommandLine":"powershell  -command \"Get-Service \"seg24\" | select -Expand DisplayName |out-file -append tmp_payload.txt\"","TargetUserSid":"S-1-0-0","TargetUserName":"-","TargetDomainName":"-","TargetLogonId":"0x0"}}}
{"Event_attributes":{"xmlns":"http://schemas.microsoft.com/win/2004/08/events/event"},"Event":{"System":{"Provider_attributes":{"Name":"Microsoft-Windows-Security-Auditing","Guid":"54849625-5478-4994-A5BA-3E3B0328C30D"},"EventID":4688,"Version":2,"Level":0,"Task":13312,"Opcode":0,"Keywords":"0x8020000000000000","TimeCreated_attributes":{"SystemTime":"2021-11-03T08:35:01.573229Z"},"EventRecordID":294381,"Correlation":null,"Execution_attributes":{"ProcessID":4,"ThreadID":3508},"Channel":"Security","Computer":"FS03.offsec.lan","Security":null},"EventData":{"SubjectUserSid":"S-1-5-18","SubjectUserName":"FS03$","SubjectDomainName":"OFFSEC","SubjectLogonId":"0x3e7","NewProcessId":"0x42c","NewProcessName":"C:\\Windows\\System32\\conhost.exe","TokenElevationType":"%%1936","ProcessId":"0xd08","CommandLine":"\\??\\C:\\Windows\\system32\\conhost.exe 0xffffffff","TargetUserSid":"S-1-0-0","TargetUserName":"-","TargetDomainName":"-","TargetLogonId":"0x0"}}}
{"Event_attributes":{"xmlns":"http://schemas.microsoft.com/win/2004/08/events/event"},"Event":{"System":{"Provider_attributes":{"Name":"Microsoft-Windows-Security-Auditing","Guid":"54849625-5478-4994-A5BA-3E3B0328C30D"},"EventID":4688,"Version":2,"Level":0,"Task":13312,"Opcode":0,"Keywords":"0x8020000000000000","TimeCreated_attributes":{"SystemTime":"2021-11-03T08:35:03.010739Z"},"EventRecordID":294408,"Correlation":null,"Execution_attributes":{"ProcessID":4,"ThreadID":1980},"Channel":"Security","Computer":"FS03.offsec.lan","Security":null},"EventData":{"SubjectUserSid":"S-1-5-18","SubjectUserName":"FS03$","SubjectDomainName":"OFFSEC","SubjectLogonId":"0x3e7","NewProcessId":"0xc10","NewProcessName":"C:\\Windows\\System32\\cmd.exe","TokenElevationType":"%%1936","ProcessId":"0x1e4","CommandLine":"c:\\windows\\system32\\cmd.exe /c powershell -command \"Get-Service \"seg25\" | select -Expand DisplayName |out-file -append tmp_payload.txt\"","TargetUserSid":"S-1-0-0","TargetUserName":"-","TargetDomainName":"-","TargetLogonId":"0x0"}}}
{"Event_attributes":{"xmlns":"http://schemas.microsoft.com/win/2004/08/events/event"},"Event":{"System":{"Provider_attributes":{"Name":"Microsoft-Windows-Security-Auditing","Guid":"54849625-5478-4994-A5BA-3E3B0328C30D"},"EventID":4688,"Version":2,"Level":0,"Task":13312,"Opcode":0,"Keywords":"0x8020000000000000","TimeCreated_attributes":{"SystemTime":"2021-11-03T08:35:03.026357Z"},"EventRecordID":294409,"Correlation":null,"Execution_attributes":{"ProcessID":4,"ThreadID":1980},"Channel":"Security","Computer":"FS03.offsec.lan","Security":null},"EventData":{"SubjectUserSid":"S-1-5-18","SubjectUserName":"FS03$","SubjectDomainName":"OFFSEC","SubjectLogonId":"0x3e7","NewProcessId":"0xc80","NewProcessName":"C:\\Windows\\System32\\WindowsPowerShell\\v1.0\\powershell.exe","TokenElevationType":"%%1936","ProcessId":"0xc10","CommandLine":"powershell  -command \"Get-Service \"seg25\" | select -Expand DisplayName |out-file -append tmp_payload.txt\"","TargetUserSid":"S-1-0-0","TargetUserName":"-","TargetDomainName":"-","TargetLogonId":"0x0"}}}
{"Event_attributes":{"xmlns":"http://schemas.microsoft.com/win/2004/08/events/event"},"Event":{"System":{"Provider_attributes":{"Name":"Microsoft-Windows-Security-Auditing","Guid":"54849625-5478-4994-A5BA-3E3B0328C30D"},"EventID":4688,"Version":2,"Level":0,"Task":13312,"Opcode":0,"Keywords":"0x8020000000000000","TimeCreated_attributes":{"SystemTime":"2021-11-03T08:35:03.026357Z"},"EventRecordID":294410,"Correlation":null,"Execution_attributes":{"ProcessID":4,"ThreadID":1980},"Channel":"Security","Computer":"FS03.offsec.lan","Security":null},"EventData":{"SubjectUserSid":"S-1-5-18","SubjectUserName":"FS03$","SubjectDomainName":"OFFSEC","SubjectLogonId":"0x3e7","NewProcessId":"0xfbc","NewProcessName":"C:\\Windows\\System32\\conhost.exe","TokenElevationType":"%%1936","ProcessId":"0xc80","CommandLine":"\\??\\C:\\Windows\\system32\\conhost.exe 0xffffffff","TargetUserSid":"S-1-0-0","TargetUserName":"-","TargetDomainName":"-","TargetLogonId":"0x0"}}}
{"Event_attributes":{"xmlns":"http://schemas.microsoft.com/win/2004/08/events/event"},"Event":{"System":{"Provider_attributes":{"Name":"Microsoft-Windows-Security-Auditing","Guid":"54849625-5478-4994-A5BA-3E3B0328C30D"},"EventID":4688,"Version":2,"Level":0,"Task":13312,"Opcode":0,"Keywords":"0x8020000000000000","TimeCreated_attributes":{"SystemTime":"2021-11-03T08:35:04.458758Z"},"EventRecordID":294428,"Correlation":null,"Execution_attributes":{"ProcessID":4,"ThreadID":2468},"Channel":"Security","Computer":"FS03.offsec.lan","Security":null},"EventData":{"SubjectUserSid":"S-1-5-18","SubjectUserName":"FS03$","SubjectDomainName":"OFFSEC","SubjectLogonId":"0x3e7","NewProcessId":"0xeb0","NewProcessName":"C:\\Windows\\System32\\cmd.exe","TokenElevationType":"%%1936","ProcessId":"0x1e4","CommandLine":"c:\\windows\\system32\\cmd.exe /c powershell -command \"Get-Service \"seg26\" | select -Expand DisplayName |out-file -append tmp_payload.txt\"","TargetUserSid":"S-1-0-0","TargetUserName":"-","TargetDomainName":"-","TargetLogonId":"0x0"}}}
{"Event_attributes":{"xmlns":"http://schemas.microsoft.com/win/2004/08/events/event"},"Event":{"System":{"Provider_attributes":{"Name":"Microsoft-Windows-Security-Auditing","Guid":"54849625-5478-4994-A5BA-3E3B0328C30D"},"EventID":4688,"Version":2,"Level":0,"Task":13312,"Opcode":0,"Keywords":"0x8020000000000000","TimeCreated_attributes":{"SystemTime":"2021-11-03T08:35:04.458758Z"},"EventRecordID":294429,"Correlation":null,"Execution_attributes":{"ProcessID":4,"ThreadID":2468},"Channel":"Security","Computer":"FS03.offsec.lan","Security":null},"EventData":{"SubjectUserSid":"S-1-5-18","SubjectUserName":"FS03$","SubjectDomainName":"OFFSEC","SubjectLogonId":"0x3e7","NewProcessId":"0xf18","NewProcessName":"C:\\Windows\\System32\\WindowsPowerShell\\v1.0\\powershell.exe","TokenElevationType":"%%1936","ProcessId":"0xeb0","CommandLine":"powershell  -command \"Get-Service \"seg26\" | select -Expand DisplayName |out-file -append tmp_payload.txt\"","TargetUserSid":"S-1-0-0","TargetUserName":"-","TargetDomainName":"-","TargetLogonId":"0x0"}}}
{"Event_attributes":{"xmlns":"http://schemas.microsoft.com/win/2004/08/events/event"},"Event":{"System":{"Provider_attributes":{"Name":"Microsoft-Windows-Security-Auditing","Guid":"54849625-5478-4994-A5BA-3E3B0328C30D"},"EventID":4688,"Version":2,"Level":0,"Task":13312,"Opcode":0,"Keywords":"0x8020000000000000","TimeCreated_attributes":{"SystemTime":"2021-11-03T08:35:04.458758Z"},"EventRecordID":294430,"Correlation":null,"Execution_attributes":{"ProcessID":4,"ThreadID":2468},"Channel":"Security","Computer":"FS03.offsec.lan","Security":null},"EventData":{"SubjectUserSid":"S-1-5-18","SubjectUserName":"FS03$","SubjectDomainName":"OFFSEC","SubjectLogonId":"0x3e7","NewProcessId":"0x218","NewProcessName":"C:\\Windows\\System32\\conhost.exe","TokenElevationType":"%%1936","ProcessId":"0xf18","CommandLine":"\\??\\C:\\Windows\\system32\\conhost.exe 0xffffffff","TargetUserSid":"S-1-0-0","TargetUserName":"-","TargetDomainName":"-","TargetLogonId":"0x0"}}}
{"Event_attributes":{"xmlns":"http://schemas.microsoft.com/win/2004/08/events/event"},"Event":{"System":{"Provider_attributes":{"Name":"Microsoft-Windows-Security-Auditing","Guid":"54849625-5478-4994-A5BA-3E3B0328C30D"},"EventID":4688,"Version":2,"Level":0,"Task":13312,"Opcode":0,"Keywords":"0x8020000000000000","TimeCreated_attributes":{"SystemTime":"2021-11-03T08:35:05.896256Z"},"EventRecordID":294448,"Correlation":null,"Execution_attributes":{"ProcessID":4,"ThreadID":2464},"Channel":"Security","Computer":"FS03.offsec.lan","Security":null},"EventData":{"SubjectUserSid":"S-1-5-18","SubjectUserName":"FS03$","SubjectDomainName":"OFFSEC","SubjectLogonId":"0x3e7","NewProcessId":"0xc94","NewProcessName":"C:\\Windows\\System32\\cmd.exe","TokenElevationType":"%%1936","ProcessId":"0x1e4","CommandLine":"c:\\windows\\system32\\cmd.exe /c powershell -command \"Get-Service \"seg27\" | select -Expand DisplayName |out-file -append tmp_payload.txt\"","TargetUserSid":"S-1-0-0","TargetUserName":"-","TargetDomainName":"-","TargetLogonId":"0x0"}}}
{"Event_attributes":{"xmlns":"http://schemas.microsoft.com/win/2004/08/events/event"},"Event":{"System":{"Provider_attributes":{"Name":"Microsoft-Windows-Security-Auditing","Guid":"54849625-5478-4994-A5BA-3E3B0328C30D"},"EventID":4688,"Version":2,"Level":0,"Task":13312,"Opcode":0,"Keywords":"0x8020000000000000","TimeCreated_attributes":{"SystemTime":"2021-11-03T08:35:05.911888Z"},"EventRecordID":294449,"Correlation":null,"Execution_attributes":{"ProcessID":4,"ThreadID":2464},"Channel":"Security","Computer":"FS03.offsec.lan","Security":null},"EventData":{"SubjectUserSid":"S-1-5-18","SubjectUserName":"FS03$","SubjectDomainName":"OFFSEC","SubjectLogonId":"0x3e7","NewProcessId":"0xebc","NewProcessName":"C:\\Windows\\System32\\WindowsPowerShell\\v1.0\\powershell.exe","TokenElevationType":"%%1936","ProcessId":"0xc94","CommandLine":"powershell  -command \"Get-Service \"seg27\" | select -Expand DisplayName |out-file -append tmp_payload.txt\"","TargetUserSid":"S-1-0-0","TargetUserName":"-","TargetDomainName":"-","TargetLogonId":"0x0"}}}
{"Event_attributes":{"xmlns":"http://schemas.microsoft.com/win/2004/08/events/event"},"Event":{"System":{"Provider_attributes":{"Name":"Microsoft-Windows-Security-Auditing","Guid":"54849625-5478-4994-A5BA-3E3B0328C30D"},"EventID":4688,"Version":2,"Level":0,"Task":13312,"Opcode":0,"Keywords":"0x8020000000000000","TimeCreated_attributes":{"SystemTime":"2021-11-03T08:35:05.911888Z"},"EventRecordID":294450,"Correlation":null,"Execution_attributes":{"ProcessID":4,"ThreadID":2464},"Channel":"Security","Computer":"FS03.offsec.lan","Security":null},"EventData":{"SubjectUserSid":"S-1-5-18","SubjectUserName":"FS03$","SubjectDomainName":"OFFSEC","SubjectLogonId":"0x3e7","NewProcessId":"0xe7c","NewProcessName":"C:\\Windows\\System32\\conhost.exe","TokenElevationType":"%%1936","ProcessId":"0xebc","CommandLine":"\\??\\C:\\Windows\\system32\\conhost.exe 0xffffffff","TargetUserSid":"S-1-0-0","TargetUserName":"-","TargetDomainName":"-","TargetLogonId":"0x0"}}}
{"Event_attributes":{"xmlns":"http://schemas.microsoft.com/win/2004/08/events/event"},"Event":{"System":{"Provider_attributes":{"Name":"Microsoft-Windows-Security-Auditing","Guid":"54849625-5478-4994-A5BA-3E3B0328C30D"},"EventID":4688,"Version":2,"Level":0,"Task":13312,"Opcode":0,"Keywords":"0x8020000000000000","TimeCreated_attributes":{"SystemTime":"2021-11-03T08:35:07.342829Z"},"EventRecordID":294468,"Correlation":null,"Execution_attributes":{"ProcessID":4,"ThreadID":3508},"Channel":"Security","Computer":"FS03.offsec.lan","Security":null},"EventData":{"SubjectUserSid":"S-1-5-18","SubjectUserName":"FS03$","SubjectDomainName":"OFFSEC","SubjectLogonId":"0x3e7","NewProcessId":"0x1c8","NewProcessName":"C:\\Windows\\System32\\cmd.exe","TokenElevationType":"%%1936","ProcessId":"0x1e4","CommandLine":"c:\\windows\\system32\\cmd.exe /c powershell -command \"Get-Service \"seg28\" | select -Expand DisplayName |out-file -append tmp_payload.txt\"","TargetUserSid":"S-1-0-0","TargetUserName":"-","TargetDomainName":"-","TargetLogonId":"0x0"}}}
{"Event_attributes":{"xmlns":"http://schemas.microsoft.com/win/2004/08/events/event"},"Event":{"System":{"Provider_attributes":{"Name":"Microsoft-Windows-Security-Auditing","Guid":"54849625-5478-4994-A5BA-3E3B0328C30D"},"EventID":4688,"Version":2,"Level":0,"Task":13312,"Opcode":0,"Keywords":"0x8020000000000000","TimeCreated_attributes":{"SystemTime":"2021-11-03T08:35:07.342829Z"},"EventRecordID":294469,"Correlation":null,"Execution_attributes":{"ProcessID":4,"ThreadID":3508},"Channel":"Security","Computer":"FS03.offsec.lan","Security":null},"EventData":{"SubjectUserSid":"S-1-5-18","SubjectUserName":"FS03$","SubjectDomainName":"OFFSEC","SubjectLogonId":"0x3e7","NewProcessId":"0xacc","NewProcessName":"C:\\Windows\\System32\\WindowsPowerShell\\v1.0\\powershell.exe","TokenElevationType":"%%1936","ProcessId":"0x1c8","CommandLine":"powershell  -command \"Get-Service \"seg28\" | select -Expand DisplayName |out-file -append tmp_payload.txt\"","TargetUserSid":"S-1-0-0","TargetUserName":"-","TargetDomainName":"-","TargetLogonId":"0x0"}}}
{"Event_attributes":{"xmlns":"http://schemas.microsoft.com/win/2004/08/events/event"},"Event":{"System":{"Provider_attributes":{"Name":"Microsoft-Windows-Security-Auditing","Guid":"54849625-5478-4994-A5BA-3E3B0328C30D"},"EventID":4688,"Version":2,"Level":0,"Task":13312,"Opcode":0,"Keywords":"0x8020000000000000","TimeCreated_attributes":{"SystemTime":"2021-11-03T08:35:07.358454Z"},"EventRecordID":294470,"Correlation":null,"Execution_attributes":{"ProcessID":4,"ThreadID":3508},"Channel":"Security","Computer":"FS03.offsec.lan","Security":null},"EventData":{"SubjectUserSid":"S-1-5-18","SubjectUserName":"FS03$","SubjectDomainName":"OFFSEC","SubjectLogonId":"0x3e7","NewProcessId":"0xe40","NewProcessName":"C:\\Windows\\System32\\conhost.exe","TokenElevationType":"%%1936","ProcessId":"0xacc","CommandLine":"\\??\\C:\\Windows\\system32\\conhost.exe 0xffffffff","TargetUserSid":"S-1-0-0","TargetUserName":"-","TargetDomainName":"-","TargetLogonId":"0x0"}}}
{"Event_attributes":{"xmlns":"http://schemas.microsoft.com/win/2004/08/events/event"},"Event":{"System":{"Provider_attributes":{"Name":"Microsoft-Windows-Security-Auditing","Guid":"54849625-5478-4994-A5BA-3E3B0328C30D"},"EventID":4688,"Version":2,"Level":0,"Task":13312,"Opcode":0,"Keywords":"0x8020000000000000","TimeCreated_attributes":{"SystemTime":"2021-11-03T08:35:08.797294Z"},"EventRecordID":294488,"Correlation":null,"Execution_attributes":{"ProcessID":4,"ThreadID":4056},"Channel":"Security","Computer":"FS03.offsec.lan","Security":null},"EventData":{"SubjectUserSid":"S-1-5-18","SubjectUserName":"FS03$","SubjectDomainName":"OFFSEC","SubjectLogonId":"0x3e7","NewProcessId":"0x2ac","NewProcessName":"C:\\Windows\\System32\\cmd.exe","TokenElevationType":"%%1936","ProcessId":"0x1e4","CommandLine":"c:\\windows\\system32\\cmd.exe /c powershell -command \"Get-Service \"seg29\" | select -Expand DisplayName |out-file -append tmp_payload.txt\"","TargetUserSid":"S-1-0-0","TargetUserName":"-","TargetDomainName":"-","TargetLogonId":"0x0"}}}
{"Event_attributes":{"xmlns":"http://schemas.microsoft.com/win/2004/08/events/event"},"Event":{"System":{"Provider_attributes":{"Name":"Microsoft-Windows-Security-Auditing","Guid":"54849625-5478-4994-A5BA-3E3B0328C30D"},"EventID":4688,"Version":2,"Level":0,"Task":13312,"Opcode":0,"Keywords":"0x8020000000000000","TimeCreated_attributes":{"SystemTime":"2021-11-03T08:35:08.797294Z"},"EventRecordID":294489,"Correlation":null,"Execution_attributes":{"ProcessID":4,"ThreadID":4056},"Channel":"Security","Computer":"FS03.offsec.lan","Security":null},"EventData":{"SubjectUserSid":"S-1-5-18","SubjectUserName":"FS03$","SubjectDomainName":"OFFSEC","SubjectLogonId":"0x3e7","NewProcessId":"0xa84","NewProcessName":"C:\\Windows\\System32\\WindowsPowerShell\\v1.0\\powershell.exe","TokenElevationType":"%%1936","ProcessId":"0x2ac","CommandLine":"powershell  -command \"Get-Service \"seg29\" | select -Expand DisplayName |out-file -append tmp_payload.txt\"","TargetUserSid":"S-1-0-0","TargetUserName":"-","TargetDomainName":"-","TargetLogonId":"0x0"}}}
{"Event_attributes":{"xmlns":"http://schemas.microsoft.com/win/2004/08/events/event"},"Event":{"System":{"Provider_attributes":{"Name":"Microsoft-Windows-Security-Auditing","Guid":"54849625-5478-4994-A5BA-3E3B0328C30D"},"EventID":4688,"Version":2,"Level":0,"Task":13312,"Opcode":0,"Keywords":"0x8020000000000000","TimeCreated_attributes":{"SystemTime":"2021-11-03T08:35:08.797294Z"},"EventRecordID":294490,"Correlation":null,"Execution_attributes":{"ProcessID":4,"ThreadID":4056},"Channel":"Security","Computer":"FS03.offsec.lan","Security":null},"EventData":{"SubjectUserSid":"S-1-5-18","SubjectUserName":"FS03$","SubjectDomainName":"OFFSEC","SubjectLogonId":"0x3e7","NewProcessId":"0xcf8","NewProcessName":"C:\\Windows\\System32\\conhost.exe","TokenElevationType":"%%1936","ProcessId":"0xa84","CommandLine":"\\??\\C:\\Windows\\system32\\conhost.exe 0xffffffff","TargetUserSid":"S-1-0-0","TargetUserName":"-","TargetDomainName":"-","TargetLogonId":"0x0"}}}
{"Event_attributes":{"xmlns":"http://schemas.microsoft.com/win/2004/08/events/event"},"Event":{"System":{"Provider_attributes":{"Name":"Microsoft-Windows-Security-Auditing","Guid":"54849625-5478-4994-A5BA-3E3B0328C30D"},"EventID":4688,"Version":2,"Level":0,"Task":13312,"Opcode":0,"Keywords":"0x8020000000000000","TimeCreated_attributes":{"SystemTime":"2021-11-03T08:35:10.236171Z"},"EventRecordID":294508,"Correlation":null,"Execution_attributes":{"ProcessID":4,"ThreadID":4056},"Channel":"Security","Computer":"FS03.offsec.lan","Security":null},"EventData":{"SubjectUserSid":"S-1-5-18","SubjectUserName":"FS03$","SubjectDomainName":"OFFSEC","SubjectLogonId":"0x3e7","NewProcessId":"0x6a4","NewProcessName":"C:\\Windows\\System32\\cmd.exe","TokenElevationType":"%%1936","ProcessId":"0x1e4","CommandLine":"c:\\windows\\system32\\cmd.exe /c powershell -command \"Get-Service \"seg30\" | select -Expand DisplayName |out-file -append tmp_payload.txt\"","TargetUserSid":"S-1-0-0","TargetUserName":"-","TargetDomainName":"-","TargetLogonId":"0x0"}}}
{"Event_attributes":{"xmlns":"http://schemas.microsoft.com/win/2004/08/events/event"},"Event":{"System":{"Provider_attributes":{"Name":"Microsoft-Windows-Security-Auditing","Guid":"54849625-5478-4994-A5BA-3E3B0328C30D"},"EventID":4688,"Version":2,"Level":0,"Task":13312,"Opcode":0,"Keywords":"0x8020000000000000","TimeCreated_attributes":{"SystemTime":"2021-11-03T08:35:10.236171Z"},"EventRecordID":294509,"Correlation":null,"Execution_attributes":{"ProcessID":4,"ThreadID":4056},"Channel":"Security","Computer":"FS03.offsec.lan","Security":null},"EventData":{"SubjectUserSid":"S-1-5-18","SubjectUserName":"FS03$","SubjectDomainName":"OFFSEC","SubjectLogonId":"0x3e7","NewProcessId":"0x964","NewProcessName":"C:\\Windows\\System32\\WindowsPowerShell\\v1.0\\powershell.exe","TokenElevationType":"%%1936","ProcessId":"0x6a4","CommandLine":"powershell  -command \"Get-Service \"seg30\" | select -Expand DisplayName |out-file -append tmp_payload.txt\"","TargetUserSid":"S-1-0-0","TargetUserName":"-","TargetDomainName":"-","TargetLogonId":"0x0"}}}
{"Event_attributes":{"xmlns":"http://schemas.microsoft.com/win/2004/08/events/event"},"Event":{"System":{"Provider_attributes":{"Name":"Microsoft-Windows-Security-Auditing","Guid":"54849625-5478-4994-A5BA-3E3B0328C30D"},"EventID":4688,"Version":2,"Level":0,"Task":13312,"Opcode":0,"Keywords":"0x8020000000000000","TimeCreated_attributes":{"SystemTime":"2021-11-03T08:35:10.251774Z"},"EventRecordID":294510,"Correlation":null,"Execution_attributes":{"ProcessID":4,"ThreadID":4056},"Channel":"Security","Computer":"FS03.offsec.lan","Security":null},"EventData":{"SubjectUserSid":"S-1-5-18","SubjectUserName":"FS03$","SubjectDomainName":"OFFSEC","SubjectLogonId":"0x3e7","NewProcessId":"0xdd8","NewProcessName":"C:\\Windows\\System32\\conhost.exe","TokenElevationType":"%%1936","ProcessId":"0x964","CommandLine":"\\??\\C:\\Windows\\system32\\conhost.exe 0xffffffff","TargetUserSid":"S-1-0-0","TargetUserName":"-","TargetDomainName":"-","TargetLogonId":"0x0"}}}
{"Event_attributes":{"xmlns":"http://schemas.microsoft.com/win/2004/08/events/event"},"Event":{"System":{"Provider_attributes":{"Name":"Microsoft-Windows-Security-Auditing","Guid":"54849625-5478-4994-A5BA-3E3B0328C30D"},"EventID":4688,"Version":2,"Level":0,"Task":13312,"Opcode":0,"Keywords":"0x8020000000000000","TimeCreated_attributes":{"SystemTime":"2021-11-03T08:35:11.689273Z"},"EventRecordID":294528,"Correlation":null,"Execution_attributes":{"ProcessID":4,"ThreadID":2464},"Channel":"Security","Computer":"FS03.offsec.lan","Security":null},"EventData":{"SubjectUserSid":"S-1-5-18","SubjectUserName":"FS03$","SubjectDomainName":"OFFSEC","SubjectLogonId":"0x3e7","NewProcessId":"0xcfc","NewProcessName":"C:\\Windows\\System32\\cmd.exe","TokenElevationType":"%%1936","ProcessId":"0x1e4","CommandLine":"c:\\windows\\system32\\cmd.exe /c powershell -command \"Get-Service \"seg31\" | select -Expand DisplayName |out-file -append tmp_payload.txt\"","TargetUserSid":"S-1-0-0","TargetUserName":"-","TargetDomainName":"-","TargetLogonId":"0x0"}}}
{"Event_attributes":{"xmlns":"http://schemas.microsoft.com/win/2004/08/events/event"},"Event":{"System":{"Provider_attributes":{"Name":"Microsoft-Windows-Security-Auditing","Guid":"54849625-5478-4994-A5BA-3E3B0328C30D"},"EventID":4688,"Version":2,"Level":0,"Task":13312,"Opcode":0,"Keywords":"0x8020000000000000","TimeCreated_attributes":{"SystemTime":"2021-11-03T08:35:11.689273Z"},"EventRecordID":294529,"Correlation":null,"Execution_attributes":{"ProcessID":4,"ThreadID":2464},"Channel":"Security","Computer":"FS03.offsec.lan","Security":null},"EventData":{"SubjectUserSid":"S-1-5-18","SubjectUserName":"FS03$","SubjectDomainName":"OFFSEC","SubjectLogonId":"0x3e7","NewProcessId":"0xf0","NewProcessName":"C:\\Windows\\System32\\WindowsPowerShell\\v1.0\\powershell.exe","TokenElevationType":"%%1936","ProcessId":"0xcfc","CommandLine":"powershell  -command \"Get-Service \"seg31\" | select -Expand DisplayName |out-file -append tmp_payload.txt\"","TargetUserSid":"S-1-0-0","TargetUserName":"-","TargetDomainName":"-","TargetLogonId":"0x0"}}}
{"Event_attributes":{"xmlns":"http://schemas.microsoft.com/win/2004/08/events/event"},"Event":{"System":{"Provider_attributes":{"Name":"Microsoft-Windows-Security-Auditing","Guid":"54849625-5478-4994-A5BA-3E3B0328C30D"},"EventID":4688,"Version":2,"Level":0,"Task":13312,"Opcode":0,"Keywords":"0x8020000000000000","TimeCreated_attributes":{"SystemTime":"2021-11-03T08:35:11.689273Z"},"EventRecordID":294530,"Correlation":null,"Execution_attributes":{"ProcessID":4,"ThreadID":2464},"Channel":"Security","Computer":"FS03.offsec.lan","Security":null},"EventData":{"SubjectUserSid":"S-1-5-18","SubjectUserName":"FS03$","SubjectDomainName":"OFFSEC","SubjectLogonId":"0x3e7","NewProcessId":"0xcbc","NewProcessName":"C:\\Windows\\System32\\conhost.exe","TokenElevationType":"%%1936","ProcessId":"0xf0","CommandLine":"\\??\\C:\\Windows\\system32\\conhost.exe 0xffffffff","TargetUserSid":"S-1-0-0","TargetUserName":"-","TargetDomainName":"-","TargetLogonId":"0x0"}}}
{"Event_attributes":{"xmlns":"http://schemas.microsoft.com/win/2004/08/events/event"},"Event":{"System":{"Provider_attributes":{"Name":"Microsoft-Windows-Security-Auditing","Guid":"54849625-5478-4994-A5BA-3E3B0328C30D"},"EventID":4688,"Version":2,"Level":0,"Task":13312,"Opcode":0,"Keywords":"0x8020000000000000","TimeCreated_attributes":{"SystemTime":"2021-11-03T08:35:13.147758Z"},"EventRecordID":294548,"Correlation":null,"Execution_attributes":{"ProcessID":4,"ThreadID":3508},"Channel":"Security","Computer":"FS03.offsec.lan","Security":null},"EventData":{"SubjectUserSid":"S-1-5-18","SubjectUserName":"FS03$","SubjectDomainName":"OFFSEC","SubjectLogonId":"0x3e7","NewProcessId":"0xad8","NewProcessName":"C:\\Windows\\System32\\cmd.exe","TokenElevationType":"%%1936","ProcessId":"0x1e4","CommandLine":"c:\\windows\\system32\\cmd.exe /c powershell -command \"Get-Service \"seg32\" | select -Expand DisplayName |out-file -append tmp_payload.txt\"","TargetUserSid":"S-1-0-0","TargetUserName":"-","TargetDomainName":"-","TargetLogonId":"0x0"}}}
{"Event_attributes":{"xmlns":"http://schemas.microsoft.com/win/2004/08/events/event"},"Event":{"System":{"Provider_attributes":{"Name":"Microsoft-Windows-Security-Auditing","Guid":"54849625-5478-4994-A5BA-3E3B0328C30D"},"EventID":4688,"Version":2,"Level":0,"Task":13312,"Opcode":0,"Keywords":"0x8020000000000000","TimeCreated_attributes":{"SystemTime":"2021-11-03T08:35:13.147758Z"},"EventRecordID":294549,"Correlation":null,"Execution_attributes":{"ProcessID":4,"ThreadID":3508},"Channel":"Security","Computer":"FS03.offsec.lan","Security":null},"EventData":{"SubjectUserSid":"S-1-5-18","SubjectUserName":"FS03$","SubjectDomainName":"OFFSEC","SubjectLogonId":"0x3e7","NewProcessId":"0x990","NewProcessName":"C:\\Windows\\System32\\WindowsPowerShell\\v1.0\\powershell.exe","TokenElevationType":"%%1936","ProcessId":"0xad8","CommandLine":"powershell  -command \"Get-Service \"seg32\" | select -Expand DisplayName |out-file -append tmp_payload.txt\"","TargetUserSid":"S-1-0-0","TargetUserName":"-","TargetDomainName":"-","TargetLogonId":"0x0"}}}
{"Event_attributes":{"xmlns":"http://schemas.microsoft.com/win/2004/08/events/event"},"Event":{"System":{"Provider_attributes":{"Name":"Microsoft-Windows-Security-Auditing","Guid":"54849625-5478-4994-A5BA-3E3B0328C30D"},"EventID":4688,"Version":2,"Level":0,"Task":13312,"Opcode":0,"Keywords":"0x8020000000000000","TimeCreated_attributes":{"SystemTime":"2021-11-03T08:35:13.147758Z"},"EventRecordID":294550,"Correlation":null,"Execution_attributes":{"ProcessID":4,"ThreadID":3508},"Channel":"Security","Computer":"FS03.offsec.lan","Security":null},"EventData":{"SubjectUserSid":"S-1-5-18","SubjectUserName":"FS03$","SubjectDomainName":"OFFSEC","SubjectLogonId":"0x3e7","NewProcessId":"0xe18","NewProcessName":"C:\\Windows\\System32\\conhost.exe","TokenElevationType":"%%1936","ProcessId":"0x990","CommandLine":"\\??\\C:\\Windows\\system32\\conhost.exe 0xffffffff","TargetUserSid":"S-1-0-0","TargetUserName":"-","TargetDomainName":"-","TargetLogonId":"0x0"}}}
{"Event_attributes":{"xmlns":"http://schemas.microsoft.com/win/2004/08/events/event"},"Event":{"System":{"Provider_attributes":{"Name":"Microsoft-Windows-Security-Auditing","Guid":"54849625-5478-4994-A5BA-3E3B0328C30D"},"EventID":4688,"Version":2,"Level":0,"Task":13312,"Opcode":0,"Keywords":"0x8020000000000000","TimeCreated_attributes":{"SystemTime":"2021-11-03T08:35:14.607376Z"},"EventRecordID":294568,"Correlation":null,"Execution_attributes":{"ProcessID":4,"ThreadID":2468},"Channel":"Security","Computer":"FS03.offsec.lan","Security":null},"EventData":{"SubjectUserSid":"S-1-5-18","SubjectUserName":"FS03$","SubjectDomainName":"OFFSEC","SubjectLogonId":"0x3e7","NewProcessId":"0xde8","NewProcessName":"C:\\Windows\\System32\\cmd.exe","TokenElevationType":"%%1936","ProcessId":"0x1e4","CommandLine":"c:\\windows\\system32\\cmd.exe /c powershell -command \"Get-Service \"seg33\" | select -Expand DisplayName |out-file -append tmp_payload.txt\"","TargetUserSid":"S-1-0-0","TargetUserName":"-","TargetDomainName":"-","TargetLogonId":"0x0"}}}
{"Event_attributes":{"xmlns":"http://schemas.microsoft.com/win/2004/08/events/event"},"Event":{"System":{"Provider_attributes":{"Name":"Microsoft-Windows-Security-Auditing","Guid":"54849625-5478-4994-A5BA-3E3B0328C30D"},"EventID":4688,"Version":2,"Level":0,"Task":13312,"Opcode":0,"Keywords":"0x8020000000000000","TimeCreated_attributes":{"SystemTime":"2021-11-03T08:35:14.623002Z"},"EventRecordID":294569,"Correlation":null,"Execution_attributes":{"ProcessID":4,"ThreadID":2468},"Channel":"Security","Computer":"FS03.offsec.lan","Security":null},"EventData":{"SubjectUserSid":"S-1-5-18","SubjectUserName":"FS03$","SubjectDomainName":"OFFSEC","SubjectLogonId":"0x3e7","NewProcessId":"0x944","NewProcessName":"C:\\Windows\\System32\\WindowsPowerShell\\v1.0\\powershell.exe","TokenElevationType":"%%1936","ProcessId":"0xde8","CommandLine":"powershell  -command \"Get-Service \"seg33\" | select -Expand DisplayName |out-file -append tmp_payload.txt\"","TargetUserSid":"S-1-0-0","TargetUserName":"-","TargetDomainName":"-","TargetLogonId":"0x0"}}}
