{"Event_attributes":{"xmlns":"http://schemas.microsoft.com/win/2004/08/events/event"},"Event":{"System":{"Provider_attributes":{"Name":"Microsoft-Windows-Security-Auditing","Guid":"54849625-5478-4994-A5BA-3E3B0328C30D"},"EventID":4688,"Version":2,"Level":0,"Task":13312,"Opcode":0,"Keywords":"0x8020000000000000","TimeCreated_attributes":{"SystemTime":"2021-11-03T08:34:27.978376Z"},"EventRecordID":293884,"Correlation":null,"Execution_attributes":{"ProcessID":4,"ThreadID":1368},"Channel":"Security","Computer":"FS03.offsec.lan","Security":null},"EventData":{"SubjectUserSid":"S-1-5-18","SubjectUserName":"FS03$","SubjectDomainName":"OFFSEC","SubjectLogonId":"0x3e7","NewProcessId":"0xef4","NewProcessName":"C:\\Windows\\System32\\cmd.exe","TokenElevationType":"%%1936","ProcessId":"0x1e4","CommandLine":"c:\\windows\\system32\\cmd.exe /c powershell -command \"Get-Service \"seg1\" | select -Expand DisplayName |out-file -append tmp_payload.txt\"","TargetUserSid":"S-1-0-0","TargetUserName":"-","TargetDomainName":"-","TargetLogonId":"0x0"}}}
{"Event_attributes":{"xmlns":"http://schemas.microsoft.com/win/2004/08/events/event"},"Event":{"System":{"Provider_attributes":{"Name":"Microsoft-Windows-Security-Auditing","Guid":"54849625-5478-4994-A5BA-3E3B0328C30D"},"EventID":4688,"Version":2,"Level":0,"Task":13312,"Opcode":0,"Keywords":"0x8020000000000000","TimeCreated_attributes":{"SystemTime":"2021-11-03T08:34:27.993987Z"},"EventRecordID":293885,"Correlation":null,"Execution_attributes":{"ProcessID":4,"ThreadID":1368},"Channel":"Security","Computer":"FS03.offsec.lan","Security":null},"EventData":{"SubjectUserSid":"S-1-5-18","SubjectUserName":"FS03$","SubjectDomainName":"OFFSEC","SubjectLogonId":"0x3e7","NewProcessId":"0xc10","NewProcessName":"C:\\Windows\\System32\\WindowsPowerShell\\v1.0\\powershell.exe","TokenElevationType":"%%1936","ProcessId":"0xef4","CommandLine":"powershell  -command \"Get-Service \"seg1\" | select -Expand DisplayName |out-file -append tmp_payload.txt\"","TargetUserSid":"S-1-0-0","TargetUserName":"-","TargetDomainName":"-","TargetLogonId":"0x0"}}}
{"Event_attributes":{"xmlns":"http://schemas.microsoft.com/win/2004/08/events/event"},"Event":{"System":{"Provider_attributes":{"Name":"Microsoft-Windows-Security-Auditing","Guid":"54849625-5478-4994-A5BA-3E3B0328C30D"},"EventID":4688,"Version":2,"Level":0,"Task":13312,"Opcode":0,"Keywords":"0x8020000000000000","TimeCreated_attributes":{"SystemTime":"2021-11-03T08:34:27.993987Z"},"EventRecordID":293886,"Correlation":null,"Execution_attributes":{"ProcessID":4,"ThreadID":1368},"Channel":"Security","Computer":"FS03.offsec.lan","Security":null},"EventData":{"SubjectUserSid":"S-1-5-18","SubjectUserName":"FS03$","SubjectDomainName":"OFFSEC","SubjectLogonId":"0x3e7","NewProcessId":"0xd14","NewProcessName":"C:\\Windows\\System32\\conhost.exe","TokenElevationType":"%%1936","ProcessId":"0xc10","CommandLine":"\\??\\C:\\Windows\\system32\\conhost.exe 0xffffffff","TargetUserSid":"S-1-0-0","TargetUserName":"-","TargetDomainName":"-","TargetLogonId":"0x0"}}}
{"Event_attributes":{"xmlns":"http://schemas.microsoft.com/win/2004/08/events/event"},"Event":{"System":{"Provider_attributes":{"Name":"Microsoft-Windows-Security-Auditing","Guid":"54849625-5478-4994-A5BA-3E3B0328C30D"},"EventID":4688,"Version":2,"Level":0,"Task":13312,"Opcode":0,"Keywords":"0x8020000000000000","TimeCreated_attributes":{"SystemTime":"2021-11-03T08:34:29.447113Z"},"EventRecordID":293907,"Correlation":null,"Execution_attributes":{"ProcessID":4,"ThreadID":1452},"Channel":"Security","Computer":"FS03.offsec.lan","Security":null},"EventData":{"SubjectUserSid":"S-1-5-18","SubjectUserName":"FS03$","SubjectDomainName":"OFFSEC","SubjectLogonId":"0x3e7","NewProcessId":"0x9d0","NewProcessName":"C:\\Windows\\System32\\cmd.exe","TokenElevationType":"%%1936","ProcessId":"0x1e4","CommandLine":"c:\\windows\\system32\\cmd.exe /c powershell -command \"Get-Service \"seg2\" | select -Expand DisplayName |out-file -append tmp_payload.txt\"","TargetUserSid":"S-1-0-0","TargetUserName":"-","TargetDomainName":"-","TargetLogonId":"0x0"}}}
{"Event_attributes":{"xmlns":"http://schemas.microsoft.com/win/2004/08/events/event"},"Event":{"System":{"Provider_attributes":{"Name":"Microsoft-Windows-Security-Auditing","Guid":"54849625-5478-4994-A5BA-3E3B0328C30D"},"EventID":4688,"Version":2,"Level":0,"Task":13312,"Opcode":0,"Keywords":"0x8020000000000000","TimeCreated_attributes":{"SystemTime":"2021-11-03T08:34:29.447113Z"},"EventRecordID":293908,"Correlation":null,"Execution_attributes":{"ProcessID":4,"ThreadID":1452},"Channel":"Security","Computer":"FS03.offsec.lan","Security":null},"EventData":{"SubjectUserSid":"S-1-5-18","SubjectUserName":"FS03$","SubjectDomainName":"OFFSEC","SubjectLogonId":"0x3e7","NewProcessId":"0xab8","NewProcessName":"C:\\Windows\\System32\\WindowsPowerShell\\v1.0\\powershell.exe","TokenElevationType":"%%1936","ProcessId":"0x9d0","CommandLine":"powershell  -command \"Get-Service \"seg2\" | select -Expand DisplayName |out-file -append tmp_payload.txt\"","TargetUserSid":"S-1-0-0","TargetUserName":"-","TargetDomainName":"-","TargetLogonId":"0x0"}}}
{"Event_attributes":{"xmlns":"http://schemas.microsoft.com/win/2004/08/events/event"},"Event":{"System":{"Provider_attributes":{"Name":"Microsoft-Windows-Security-Auditing","Guid":"54849625-5478-4994-A5BA-3E3B0328C30D"},"EventID":4688,"Version":2,"Level":0,"Task":13312,"Opcode":0,"Keywords":"0x8020000000000000","TimeCreated_attributes":{"SystemTime":"2021-11-03T08:34:29.447113Z"},"EventRecordID":293909,"Correlation":null,"Execution_attributes":{"ProcessID":4,"ThreadID":1452},"Channel":"Security","Computer":"FS03.offsec.lan","Security":null},"EventData":{"SubjectUserSid":"S-1-5-18","SubjectUserName":"FS03$","SubjectDomainName":"OFFSEC","SubjectLogonId":"0x3e7","NewProcessId":"0x218","NewProcessName":"C:\\Windows\\System32\\conhost.exe","TokenElevationType":"%%1936","ProcessId":"0xab8","CommandLine":"\\??\\C:\\Windows\\system32\\conhost.exe 0xffffffff","TargetUserSid":"S-1-0-0","TargetUserName":"-","TargetDomainName":"-","TargetLogonId":"0x0"}}}
{"Event_attributes":{"xmlns":"http://schemas.microsoft.com/win/2004/08/events/event"},"Event":{"System":{"Provider_attributes":{"Name":"Microsoft-Windows-Security-Auditing","Guid":"54849625-5478-4994-A5BA-3E3B0328C30D"},"EventID":4688,"Version":2,"Level":0,"Task":13312,"Opcode":0,"Keywords":"0x8020000000000000","TimeCreated_attributes":{"SystemTime":"2021-11-03T08:34:30.888724Z"},"EventRecordID":293927,"Correlation":null,"Execution_attributes":{"ProcessID":4,"ThreadID":2880},"Channel":"Security","Computer":"FS03.offsec.lan","Security":null},"EventData":{"SubjectUserSid":"S-1-5-18","SubjectUserName":"FS03$","SubjectDomainName":"OFFSEC","SubjectLogonId":"0x3e7","NewProcessId":"0x7c0","NewProcessName":"C:\\Windows\\System32\\cmd.exe","TokenElevationType":"%%1936","ProcessId":"0x1e4","CommandLine":"c:\\windows\\system32\\cmd.exe /c powershell -command \"Get-Service \"seg3\" | select -Expand DisplayName |out-file -append tmp_payload.txt\"","TargetUserSid":"S-1-0-0","TargetUserName":"-","TargetDomainName":"-","TargetLogonId":"0x0"}}}
{"Event_attributes":{"xmlns":"http://schemas.microsoft.com/win/2004/08/events/event"},"Event":{"System":{"Provider_attributes":{"Name":"Microsoft-Windows-Security-Auditing","Guid":"54849625-5478-4994-A5BA-3E3B0328C30D"},"EventID":4688,"Version":2,"Level":0,"Task":13312,"Opcode":0,"Keywords":"0x8020000000000000","TimeCreated_attributes":{"SystemTime":"2021-11-03T08:34:30.888724Z"},"EventRecordID":293928,"Correlation":null,"Execution_attributes":{"ProcessID":4,"ThreadID":2880},"Channel":"Security","Computer":"FS03.offsec.lan","Security":null},"EventData":{"SubjectUserSid":"S-1-5-18","SubjectUserName":"FS03$","SubjectDomainName":"OFFSEC","SubjectLogonId":"0x3e7","NewProcessId":"0xebc","NewProcessName":"C:\\Windows\\System32\\WindowsPowerShell\\v1.0\\powershell.exe","TokenElevationType":"%%1936","ProcessId":"0x7c0","CommandLine":"powershell  -command \"Get-Service \"seg3\" | select -Expand DisplayName |out-file -append tmp_payload.txt\"","TargetUserSid":"S-1-0-0","TargetUserName":"-","TargetDomainName":"-","TargetLogonId":"0x0"}}}
{"Event_attributes":{"xmlns":"http://schemas.microsoft.com/win/2004/08/events/event"},"Event":{"System":{"Provider_attributes":{"Name":"Microsoft-Windows-Security-Auditing","Guid":"54849625-5478-4994-A5BA-3E3B0328C30D"},"EventID":4688,"Version":2,"Level":0,"Task":13312,"Opcode":0,"Keywords":"0x8020000000000000","TimeCreated_attributes":{"SystemTime":"2021-11-03T08:34:30.888724Z"},"EventRecordID":293929,"Correlation":null,"Execution_attributes":{"ProcessID":4,"ThreadID":2880},"Channel":"Security","Computer":"FS03.offsec.lan","Security":null},"EventData":{"SubjectUserSid":"S-1-5-18","SubjectUserName":"FS03$","SubjectDomainName":"OFFSEC","SubjectLogonId":"0x3e7","NewProcessId":"0xe7c","NewProcessName":"C:\\Windows\\System32\\conhost.exe","TokenElevationType":"%%1936","ProcessId":"0xebc","CommandLine":"\\??\\C:\\Windows\\system32\\conhost.exe 0xffffffff","TargetUserSid":"S-1-0-0","TargetUserName":"-","TargetDomainName":"-","TargetLogonId":"0x0"}}}
{"Event_attributes":{"xmlns":"http://schemas.microsoft.com/win/2004/08/events/event"},"Event":{"System":{"Provider_attributes":{"Name":"Microsoft-Windows-Security-Auditing","Guid":"54849625-5478-4994-A5BA-3E3B0328C30D"},"EventID":4688,"Version":2,"Level":0,"Task":13312,"Opcode":0,"Keywords":"0x8020000000000000","TimeCreated_attributes":{"SystemTime":"2021-11-03T08:34:32.339523Z"},"EventRecordID":293947,"Correlation":null,"Execution_attributes":{"ProcessID":4,"ThreadID":3396},"Channel":"Security","Computer":"FS03.offsec.lan","Security":null},"EventData":{"SubjectUserSid":"S-1-5-18","SubjectUserName":"FS03$","SubjectDomainName":"OFFSEC","SubjectLogonId":"0x3e7","NewProcessId":"0x874","NewProcessName":"C:\\Windows\\System32\\cmd.exe","TokenElevationType":"%%1936","ProcessId":"0x1e4","CommandLine":"c:\\windows\\system32\\cmd.exe /c powershell -command \"Get-Service \"seg4\" | select -Expand DisplayName |out-file -append tmp_payload.txt\"","TargetUserSid":"S-1-0-0","TargetUserName":"-","TargetDomainName":"-","TargetLogonId":"0x0"}}}
{"Event_attributes":{"xmlns":"http://schemas.microsoft.com/win/2004/08/events/event"},"Event":{"System":{"Provider_attributes":{"Name":"Microsoft-Windows-Security-Auditing","Guid":"54849625-5478-4994-A5BA-3E3B0328C30D"},"EventID":4688,"Version":2,"Level":0,"Task":13312,"Opcode":0,"Keywords":"0x8020000000000000","TimeCreated_attributes":{"SystemTime":"2021-11-03T08:34:32.339523Z"},"EventRecordID":293948,"Correlation":null,"Execution_attributes":{"ProcessID":4,"ThreadID":3396},"Channel":"Security","Computer":"FS03.offsec.lan","Security":null},"EventData":{"SubjectUserSid":"S-1-5-18","SubjectUserName":"FS03$","SubjectDomainName":"OFFSEC","SubjectLogonId":"0x3e7","NewProcessId":"0xc74","NewProcessName":"C:\\Windows\\System32\\WindowsPowerShell\\v1.0\\powershell.exe","TokenElevationType":"%%1936","ProcessId":"0x874","CommandLine":"powershell  -command \"Get-Service \"seg4\" | select -Expand DisplayName |out-file -append tmp_payload.txt\"","TargetUserSid":"S-1-0-0","TargetUserName":"-","TargetDomainName":"-","TargetLogonId":"0x0"}}}
{"Event_attributes":{"xmlns":"http://schemas.microsoft.com/win/2004/08/events/event"},"Event":{"System":{"Provider_attributes":{"Name":"Microsoft-Windows-Security-Auditing","Guid":"54849625-5478-4994-A5BA-3E3B0328C30D"},"EventID":4688,"Version":2,"Level":0,"Task":13312,"Opcode":0,"Keywords":"0x8020000000000000","TimeCreated_attributes":{"SystemTime":"2021-11-03T08:34:32.339523Z"},"EventRecordID":293949,"Correlation":null,"Execution_attributes":{"ProcessID":4,"ThreadID":3396},"Channel":"Security","Computer":"FS03.offsec.lan","Security":null},"EventData":{"SubjectUserSid":"S-1-5-18","SubjectUserName":"FS03$","SubjectDomainName":"OFFSEC","SubjectLogonId":"0x3e7","NewProcessId":"0xac8","NewProcessName":"C:\\Windows\\System32\\conhost.exe","TokenElevationType":"%%1936","ProcessId":"0xc74","CommandLine":"\\??\\C:\\Windows\\system32\\conhost.exe 0xffffffff","TargetUserSid":"S-1-0-0","TargetUserName":"-","TargetDomainName":"-","TargetLogonId":"0x0"}}}
{"Event_attributes":{"xmlns":"http://schemas.microsoft.com/win/2004/08/events/event"},"Event":{"System":{"Provider_attributes":{"Name":"Microsoft-Windows-Security-Auditing","Guid":"54849625-5478-4994-A5BA-3E3B0328C30D"},"EventID":4688,"Version":2,"Level":0,"Task":13312,"Opcode":0,"Keywords":"0x8020000000000000","TimeCreated_attributes":{"SystemTime":"2021-11-03T08:34:33.784946Z"},"EventRecordID":293967,"Correlation":null,"Execution_attributes":{"ProcessID":4,"ThreadID":1980},"Channel":"Security","Computer":"FS03.offsec.lan","Security":null},"EventData":{"SubjectUserSid":"S-1-5-18","SubjectUserName":"FS03$","SubjectDomainName":"OFFSEC","SubjectLogonId":"0x3e7","NewProcessId":"0xe0c","NewProcessName":"C:\\Windows\\System32\\cmd.exe","TokenElevationType":"%%1936","ProcessId":"0x1e4","CommandLine":"c:\\windows\\system32\\cmd.exe /c powershell -command \"Get-Service \"seg5\" | select -Expand DisplayName |out-file -append tmp_payload.txt\"","TargetUserSid":"S-1-0-0","TargetUserName":"-","TargetDomainName":"-","TargetLogonId":"0x0"}}}
{"Event_attributes":{"xmlns":"http://schemas.microsoft.com/win/2004/08/events/event"},"Event":{"System":{"Provider_attributes":{"Name":"Microsoft-Windows-Security-Auditing","Guid":"54849625-5478-4994-A5BA-3E3B0328C30D"},"EventID":4688,"Version":2,"Level":0,"Task":13312,"Opcode":0,"Keywords":"0x8020000000000000","TimeCreated_attributes":{"SystemTime":"2021-11-03T08:34:33.784946Z"},"EventRecordID":293968,"Correlation":null,"Execution_attributes":{"ProcessID":4,"ThreadID":1980},"Channel":"Security","Computer":"FS03.offsec.lan","Security":null},"EventData":{"SubjectUserSid":"S-1-5-18","SubjectUserName":"FS03$","SubjectDomainName":"OFFSEC","SubjectLogonId":"0x3e7","NewProcessId":"0xcfc","NewProcessName":"C:\\Windows\\System32\\WindowsPowerShell\\v1.0\\powershell.exe","TokenElevationType":"%%1936","ProcessId":"0xe0c","CommandLine":"powershell  -command \"Get-Service \"seg5\" | select -Expand DisplayName |out-file -append tmp_payload.txt\"","TargetUserSid":"S-1-0-0","TargetUserName":"-","TargetDomainName":"-","TargetLogonId":"0x0"}}}
{"Event_attributes":{"xmlns":"http://schemas.microsoft.com/win/2004/08/events/event"},"Event":{"System":{"Provider_attributes":{"Name":"Microsoft-Windows-Security-Auditing","Guid":"54849625-5478-4994-A5BA-3E3B0328C30D"},"EventID":4688,"Version":2,"Level":0,"Task":13312,"Opcode":0,"Keywords":"0x8020000000000000","TimeCreated_attributes":{"SystemTime":"2021-11-03T08:34:33.784946Z"},"EventRecordID":293969,"Correlation":null,"Execution_attributes":{"ProcessID":4,"ThreadID":1980},"Channel":"Security","Computer":"FS03.offsec.lan","Security":null},"EventData":{"SubjectUserSid":"S-1-5-18","SubjectUserName":"FS03$","SubjectDomainName":"OFFSEC","SubjectLogonId":"0x3e7","NewProcessId":"0xa84","NewProcessName":"C:\\Windows\\System32\\conhost.exe","TokenElevationType":"%%1936","ProcessId":"0xcfc","CommandLine":"\\??\\C:\\Windows\\system32\\conhost.exe 0xffffffff","TargetUserSid":"S-1-0-0","TargetUserName":"-","TargetDomainName":"-","TargetLogonId":"0x0"}}}
{"Event_attributes":{"xmlns":"http://schemas.microsoft.com/win/2004/08/events/event"},"Event":{"System":{"Provider_attributes":{"Name":"Microsoft-Windows-Security-Auditing","Guid":"54849625-5478-4994-A5BA-3E3B0328C30D"},"EventID":4688,"Version":2,"Level":0,"Task":13312,"Opcode":0,"Keywords":"0x8020000000000000","TimeCreated_attributes":{"SystemTime":"2021-11-03T08:34:35.386073Z"},"EventRecordID":293987,"Correlation":null,"Execution_attributes":{"ProcessID":4,"ThreadID":2464},"Channel":"Security","Computer":"FS03.offsec.lan","Security":null},"EventData":{"SubjectUserSid":"S-1-5-18","SubjectUserName":"FS03$","SubjectDomainName":"OFFSEC","SubjectLogonId":"0x3e7","NewProcessId":"0x6e8","NewProcessName":"C:\\Windows\\System32\\cmd.exe","TokenElevationType":"%%1936","ProcessId":"0x1e4","CommandLine":"c:\\windows\\system32\\cmd.exe /c powershell -command \"Get-Service \"seg6\" | select -Expand DisplayName |out-file -append tmp_payload.txt\"","TargetUserSid":"S-1-0-0","TargetUserName":"-","TargetDomainName":"-","TargetLogonId":"0x0"}}}
{"Event_attributes":{"xmlns":"http://schemas.microsoft.com/win/2004/08/events/event"},"Event":{"System":{"Provider_attributes":{"Name":"Microsoft-Windows-Security-Auditing","Guid":"54849625-5478-4994-A5BA-3E3B0328C30D"},"EventID":4688,"Version":2,"Level":0,"Task":13312,"Opcode":0,"Keywords":"0x8020000000000000","TimeCreated_attributes":{"SystemTime":"2021-11-03T08:34:35.401755Z"},"EventRecordID":293988,"Correlation":null,"Execution_attributes":{"ProcessID":4,"ThreadID":2464},"Channel":"Security","Computer":"FS03.offsec.lan","Security":null},"EventData":{"SubjectUserSid":"S-1-5-18","SubjectUserName":"FS03$","SubjectDomainName":"OFFSEC","SubjectLogonId":"0x3e7","NewProcessId":"0xad8","NewProcessName":"C:\\Windows\\System32\\WindowsPowerShell\\v1.0\\powershell.exe","TokenElevationType":"%%1936","ProcessId":"0x6e8","CommandLine":"powershell  -command \"Get-Service \"seg6\" | select -Expand DisplayName |out-file -append tmp_payload.txt\"","TargetUserSid":"S-1-0-0","TargetUserName":"-","TargetDomainName":"-","TargetLogonId":"0x0"}}}
{"Event_attributes":{"xmlns":"http://schemas.microsoft.com/win/2004/08/events/event"},"Event":{"System":{"Provider_attributes":{"Name":"Microsoft-Windows-Security-Auditing","Guid":"54849625-5478-4994-A5BA-3E3B0328C30D"},"EventID":4688,"Version":2,"Level":0,"Task":13312,"Opcode":0,"Keywords":"0x8020000000000000","TimeCreated_attributes":{"SystemTime":"2021-11-03T08:34:35.401755Z"},"EventRecordID":293989,"Correlation":null,"Execution_attributes":{"ProcessID":4,"ThreadID":2464},"Channel":"Security","Computer":"FS03.offsec.lan","Security":null},"EventData":{"SubjectUserSid":"S-1-5-18","SubjectUserName":"FS03$","SubjectDomainName":"OFFSEC","SubjectLogonId":"0x3e7","NewProcessId":"0xff4","NewProcessName":"C:\\Windows\\System32\\conhost.exe","TokenElevationType":"%%1936","ProcessId":"0xad8","CommandLine":"\\??\\C:\\Windows\\system32\\conhost.exe 0xffffffff","TargetUserSid":"S-1-0-0","TargetUserName":"-","TargetDomainName":"-","TargetLogonId":"0x0"}}}
{"Event_attributes":{"xmlns":"http://schemas.microsoft.com/win/2004/08/events/event"},"Event":{"System":{"Provider_attributes":{"Name":"Microsoft-Windows-Security-Auditing","Guid":"54849625-5478-4994-A5BA-3E3B0328C30D"},"EventID":4688,"Version":2,"Level":0,"Task":13312,"Opcode":0,"Keywords":"0x8020000000000000","TimeCreated_attributes":{"SystemTime":"2021-11-03T08:34:36.836385Z"},"EventRecordID":294007,"Correlation":null,"Execution_attributes":{"ProcessID":4,"ThreadID":1452},"Channel":"Security","Computer":"FS03.offsec.lan","Security":null},"EventData":{"SubjectUserSid":"S-1-5-18","SubjectUserName":"FS03$","SubjectDomainName":"OFFSEC","SubjectLogonId":"0x3e7","NewProcessId":"0x92c","NewProcessName":"C:\\Windows\\System32\\cmd.exe","TokenElevationType":"%%1936","ProcessId":"0x1e4","CommandLine":"c:\\windows\\system32\\cmd.exe /c powershell -command \"Get-Service \"seg7\" | select -Expand DisplayName |out-file -append tmp_payload.txt\"","TargetUserSid":"S-1-0-0","TargetUserName":"-","TargetDomainName":"-","TargetLogonId":"0x0"}}}
{"Event_attributes":{"xmlns":"http://schemas.microsoft.com/win/2004/08/events/event"},"Event":{"System":{"Provider_attributes":{"Name":"Microsoft-Windows-Security-Auditing","Guid":"54849625-5478-4994-A5BA-3E3B0328C30D"},"EventID":4688,"Version":2,"Level":0,"Task":13312,"Opcode":0,"Keywords":"0x8020000000000000","TimeCreated_attributes":{"SystemTime":"2021-11-03T08:34:36.836385Z"},"EventRecordID":294008,"Correlation":null,"Execution_attributes":{"ProcessID":4,"ThreadID":1452},"Channel":"Security","Computer":"FS03.offsec.lan","Security":null},"EventData":{"SubjectUserSid":"S-1-5-18","SubjectUserName":"FS03$","SubjectDomainName":"OFFSEC","SubjectLogonId":"0x3e7","NewProcessId":"0x9ac","NewProcessName":"C:\\Windows\\System32\\WindowsPowerShell\\v1.0\\powershell.exe","TokenElevationType":"%%1936","ProcessId":"0x92c","CommandLine":"powershell  -command \"Get-Service \"seg7\" | select -Expand DisplayName |out-file -append tmp_payload.txt\"","TargetUserSid":"S-1-0-0","TargetUserName":"-","TargetDomainName":"-","TargetLogonId":"0x0"}}}
{"Event_attributes":{"xmlns":"http://schemas.microsoft.com/win/2004/08/events/event"},"Event":{"System":{"Provider_attributes":{"Name":"Microsoft-Windows-Security-Auditing","Guid":"54849625-5478-4994-A5BA-3E3B0328C30D"},"EventID":4688,"Version":2,"Level":0,"Task":13312,"Opcode":0,"Keywords":"0x8020000000000000","TimeCreated_attributes":{"SystemTime":"2021-11-03T08:34:36.852001Z"},"EventRecordID":294009,"Correlation":null,"Execution_attributes":{"ProcessID":4,"ThreadID":1452},"Channel":"Security","Computer":"FS03.offsec.lan","Security":null},"EventData":{"SubjectUserSid":"S-1-5-18","SubjectUserName":"FS03$","SubjectDomainName":"OFFSEC","SubjectLogonId":"0x3e7","NewProcessId":"0xa38","NewProcessName":"C:\\Windows\\System32\\conhost.exe","TokenElevationType":"%%1936","ProcessId":"0x9ac","CommandLine":"\\??\\C:\\Windows\\system32\\conhost.exe 0xffffffff","TargetUserSid":"S-1-0-0","TargetUserName":"-","TargetDomainName":"-","TargetLogonId":"0x0"}}}
{"Event_attributes":{"xmlns":"http://schemas.microsoft.com/win/2004/08/events/event"},"Event":{"System":{"Provider_attributes":{"Name":"Microsoft-Windows-Security-Auditing","Guid":"54849625-5478-4994-A5BA-3E3B0328C30D"},"EventID":4688,"Version":2,"Level":0,"Task":13312,"Opcode":0,"Keywords":"0x8020000000000000","TimeCreated_attributes":{"SystemTime":"2021-11-03T08:34:38.274816Z"},"EventRecordID":294027,"Correlation":null,"Execution_attributes":{"ProcessID":4,"ThreadID":1452},"Channel":"Security","Computer":"FS03.offsec.lan","Security":null},"EventData":{"SubjectUserSid":"S-1-5-18","SubjectUserName":"FS03$","SubjectDomainName":"OFFSEC","SubjectLogonId":"0x3e7","NewProcessId":"0x4a8","NewProcessName":"C:\\Windows\\System32\\cmd.exe","TokenElevationType":"%%1936","ProcessId":"0x1e4","CommandLine":"c:\\windows\\system32\\cmd.exe /c powershell -command \"Get-Service \"seg8\" | select -Expand DisplayName |out-file -append tmp_payload.txt\"","TargetUserSid":"S-1-0-0","TargetUserName":"-","TargetDomainName":"-","TargetLogonId":"0x0"}}}
{"Event_attributes":{"xmlns":"http://schemas.microsoft.com/win/2004/08/events/event"},"Event":{"System":{"Provider_attributes":{"Name":"Microsoft-Windows-Security-Auditing","Guid":"54849625-5478-4994-A5BA-3E3B0328C30D"},"EventID":4688,"Version":2,"Level":0,"Task":13312,"Opcode":0,"Keywords":"0x8020000000000000","TimeCreated_attributes":{"SystemTime":"2021-11-03T08:34:38.290433Z"},"EventRecordID":294028,"Correlation":null,"Execution_attributes":{"ProcessID":4,"ThreadID":1452},"Channel":"Security","Computer":"FS03.offsec.lan","Security":null},"EventData":{"SubjectUserSid":"S-1-5-18","SubjectUserName":"FS03$","SubjectDomainName":"OFFSEC","SubjectLogonId":"0x3e7","NewProcessId":"0xf2c","NewProcessName":"C:\\Windows\\System32\\WindowsPowerShell\\v1.0\\powershell.exe","TokenElevationType":"%%1936","ProcessId":"0x4a8","CommandLine":"powershell  -command \"Get-Service \"seg8\" | select -Expand DisplayName |out-file -append tmp_payload.txt\"","TargetUserSid":"S-1-0-0","TargetUserName":"-","TargetDomainName":"-","TargetLogonId":"0x0"}}}
{"Event_attributes":{"xmlns":"http://schemas.microsoft.com/win/2004/08/events/event"},"Event":{"System":{"Provider_attributes":{"Name":"Microsoft-Windows-Security-Auditing","Guid":"54849625-5478-4994-A5BA-3E3B0328C30D"},"EventID":4688,"Version":2,"Level":0,"Task":13312,"Opcode":0,"Keywords":"0x8020000000000000","TimeCreated_attributes":{"SystemTime":"2021-11-03T08:34:38.290433Z"},"EventRecordID":294029,"Correlation":null,"Execution_attributes":{"ProcessID":4,"ThreadID":1452},"Channel":"Security","Computer":"FS03.offsec.lan","Security":null},"EventData":{"SubjectUserSid":"S-1-5-18","SubjectUserName":"FS03$","SubjectDomainName":"OFFSEC","SubjectLogonId":"0x3e7","NewProcessId":"0xdc4","NewProcessName":"C:\\Windows\\System32\\conhost.exe","TokenElevationType":"%%1936","ProcessId":"0xf2c","CommandLine":"\\??\\C:\\Windows\\system32\\conhost.exe 0xffffffff","TargetUserSid":"S-1-0-0","TargetUserName":"-","TargetDomainName":"-","TargetLogonId":"0x0"}}}
{"Event_attributes":{"xmlns":"http://schemas.microsoft.com/win/2004/08/events/event"},"Event":{"System":{"Provider_attributes":{"Name":"Microsoft-Windows-Security-Auditing","Guid":"54849625-5478-4994-A5BA-3E3B0328C30D"},"EventID":4688,"Version":2,"Level":0,"Task":13312,"Opcode":0,"Keywords":"0x8020000000000000","TimeCreated_attributes":{"SystemTime":"2021-11-03T08:34:39.743249Z"},"EventRecordID":294047,"Correlation":null,"Execution_attributes":{"ProcessID":4,"ThreadID":1452},"Channel":"Security","Computer":"FS03.offsec.lan","Security":null},"EventData":{"SubjectUserSid":"S-1-5-18","SubjectUserName":"FS03$","SubjectDomainName":"OFFSEC","SubjectLogonId":"0x3e7","NewProcessId":"0x6fc","NewProcessName":"C:\\Windows\\System32\\cmd.exe","TokenElevationType":"%%1936","ProcessId":"0x1e4","CommandLine":"c:\\windows\\system32\\cmd.exe /c powershell -command \"Get-Service \"seg9\" | select -Expand DisplayName |out-file -append tmp_payload.txt\"","TargetUserSid":"S-1-0-0","TargetUserName":"-","TargetDomainName":"-","TargetLogonId":"0x0"}}}
{"Event_attributes":{"xmlns":"http://schemas.microsoft.com/win/2004/08/events/event"},"Event":{"System":{"Provider_attributes":{"Name":"Microsoft-Windows-Security-Auditing","Guid":"54849625-5478-4994-A5BA-3E3B0328C30D"},"EventID":4688,"Version":2,"Level":0,"Task":13312,"Opcode":0,"Keywords":"0x8020000000000000","TimeCreated_attributes":{"SystemTime":"2021-11-03T08:34:39.743249Z"},"EventRecordID":294048,"Correlation":null,"Execution_attributes":{"ProcessID":4,"ThreadID":1452},"Channel":"Security","Computer":"FS03.offsec.lan","Security":null},"EventData":{"SubjectUserSid":"S-1-5-18","SubjectUserName":"FS03$","SubjectDomainName":"OFFSEC","SubjectLogonId":"0x3e7","NewProcessId":"0x974","NewProcessName":"C:\\Windows\\System32\\WindowsPowerShell\\v1.0\\powershell.exe","TokenElevationType":"%%1936","ProcessId":"0x6fc","CommandLine":"powershell  -command \"Get-Service \"seg9\" | select -Expand DisplayName |out-file -append tmp_payload.txt\"","TargetUserSid":"S-1-0-0","TargetUserName":"-","TargetDomainName":"-","TargetLogonId":"0x0"}}}
{"Event_attributes":{"xmlns":"http://schemas.microsoft.com/win/2004/08/events/event"},"Event":{"System":{"Provider_attributes":{"Name":"Microsoft-Windows-Security-Auditing","Guid":"54849625-5478-4994-A5BA-3E3B0328C30D"},"EventID":4688,"Version":2,"Level":0,"Task":13312,"Opcode":0,"Keywords":"0x8020000000000000","TimeCreated_attributes":{"SystemTime":"2021-11-03T08:34:39.758864Z"},"EventRecordID":294049,"Correlation":null,"Execution_attributes":{"ProcessID":4,"ThreadID":1452},"Channel":"Security","Computer":"FS03.offsec.lan","Security":null},"EventData":{"SubjectUserSid":"S-1-5-18","SubjectUserName":"FS03$","SubjectDomainName":"OFFSEC","SubjectLogonId":"0x3e7","NewProcessId":"0xd28","NewProcessName":"C:\\Windows\\System32\\conhost.exe","TokenElevationType":"%%1936","ProcessId":"0x974","CommandLine":"\\??\\C:\\Windows\\system32\\conhost.exe 0xffffffff","TargetUserSid":"S-1-0-0","TargetUserName":"-","TargetDomainName":"-","TargetLogonId":"0x0"}}}
{"Event_attributes":{"xmlns":"http://schemas.microsoft.com/win/2004/08/events/event"},"Event":{"System":{"Provider_attributes":{"Name":"Microsoft-Windows-Security-Auditing","Guid":"54849625-5478-4994-A5BA-3E3B0328C30D"},"EventID":4688,"Version":2,"Level":0,"Task":13312,"Opcode":0,"Keywords":"0x8020000000000000","TimeCreated_attributes":{"SystemTime":"2021-11-03T08:34:41.196485Z"},"EventRecordID":294067,"Correlation":null,"Execution_attributes":{"ProcessID":4,"ThreadID":2464},"Channel":"Security","Computer":"FS03.offsec.lan","Security":null},"EventData":{"SubjectUserSid":"S-1-5-18","SubjectUserName":"FS03$","SubjectDomainName":"OFFSEC","SubjectLogonId":"0x3e7","NewProcessId":"0x6b8","NewProcessName":"C:\\Windows\\System32\\cmd.exe","TokenElevationType":"%%1936","ProcessId":"0x1e4","CommandLine":"c:\\windows\\system32\\cmd.exe /c powershell -command \"Get-Service \"seg10\" | select -Expand DisplayName |out-file -append tmp_payload.txt\"","TargetUserSid":"S-1-0-0","TargetUserName":"-","TargetDomainName":"-","TargetLogonId":"0x0"}}}
{"Event_attributes":{"xmlns":"http://schemas.microsoft.com/win/2004/08/events/event"},"Event":{"System":{"Provider_attributes":{"Name":"Microsoft-Windows-Security-Auditing","Guid":"54849625-5478-4994-A5BA-3E3B0328C30D"},"EventID":4688,"Version":2,"Level":0,"Task":13312,"Opcode":0,"Keywords":"0x8020000000000000","TimeCreated_attributes":{"SystemTime":"2021-11-03T08:34:41.196485Z"},"EventRecordID":294068,"Correlation":null,"Execution_attributes":{"ProcessID":4,"ThreadID":2464},"Channel":"Security","Computer":"FS03.offsec.lan","Security":null},"EventData":{"SubjectUserSid":"S-1-5-18","SubjectUserName":"FS03$","SubjectDomainName":"OFFSEC","SubjectLogonId":"0x3e7","NewProcessId":"0x708","NewProcessName":"C:\\Windows\\System32\\WindowsPowerShell\\v1.0\\powershell.exe","TokenElevationType":"%%1936","ProcessId":"0x6b8","CommandLine":"powershell  -command \"Get-Service \"seg10\" | select -Expand DisplayName |out-file -append tmp_payload.txt\"","TargetUserSid":"S-1-0-0","TargetUserName":"-","TargetDomainName":"-","TargetLogonId":"0x0"}}}
{"Event_attributes":{"xmlns":"http://schemas.microsoft.com/win/2004/08/events/event"},"Event":{"System":{"Provider_attributes":{"Name":"Microsoft-Windows-Security-Auditing","Guid":"54849625-5478-4994-A5BA-3E3B0328C30D"},"EventID":4688,"Version":2,"Level":0,"Task":13312,"Opcode":0,"Keywords":"0x8020000000000000","TimeCreated_attributes":{"SystemTime":"2021-11-03T08:34:41.196485Z"},"EventRecordID":294069,"Correlation":null,"Execution_attributes":{"ProcessID":4,"ThreadID":2464},"Channel":"Security","Computer":"FS03.offsec.lan","Security":null},"EventData":{"SubjectUserSid":"S-1-5-18","SubjectUserName":"FS03$","SubjectDomainName":"OFFSEC","SubjectLogonId":"0x3e7","NewProcessId":"0xfd4","NewProcessName":"C:\\Windows\\System32\\conhost.exe","TokenElevationType":"%%1936","ProcessId":"0x708","CommandLine":"\\??\\C:\\Windows\\system32\\conhost.exe 0xffffffff","TargetUserSid":"S-1-0-0","TargetUserName":"-","TargetDomainName":"-","TargetLogonId":"0x0"}}}
{"Event_attributes":{"xmlns":"http://schemas.microsoft.com/win/2004/08/events/event"},"Event":{"System":{"Provider_attributes":{"Name":"Microsoft-Windows-Security-Auditing","Guid":"54849625-5478-4994-A5BA-3E3B0328C30D"},"EventID":4688,"Version":2,"Level":0,"Task":13312,"Opcode":0,"Keywords":"0x8020000000000000","TimeCreated_attributes":{"SystemTime":"2021-11-03T08:34:42.635846Z"},"EventRecordID":294087,"Correlation":null,"Execution_attributes":{"ProcessID":4,"ThreadID":3248},"Channel":"Security","Computer":"FS03.offsec.lan","Security":null},"EventData":{"SubjectUserSid":"S-1-5-18","SubjectUserName":"FS03$","SubjectDomainName":"OFFSEC","SubjectLogonId":"0x3e7","NewProcessId":"0xe88","NewProcessName":"C:\\Windows\\System32\\cmd.exe","TokenElevationType":"%%1936","ProcessId":"0x1e4","CommandLine":"c:\\windows\\system32\\cmd.exe /c powershell -command \"Get-Service \"seg11\" | select -Expand DisplayName |out-file -append tmp_payload.txt\"","TargetUserSid":"S-1-0-0","TargetUserName":"-","TargetDomainName":"-","TargetLogonId":"0x0"}}}
{"Event_attributes":{"xmlns":"http://schemas.microsoft.com/win/2004/08/events/event"},"Event":{"System":{"Provider_attributes":{"Name":"Microsoft-Windows-Security-Auditing","Guid":"54849625-5478-4994-A5BA-3E3B0328C30D"},"EventID":4688,"Version":2,"Level":0,"Task":13312,"Opcode":0,"Keywords":"0x8020000000000000","TimeCreated_attributes":{"SystemTime":"2021-11-03T08:34:42.651469Z"},"EventRecordID":294088,"Correlation":null,"Execution_attributes":{"ProcessID":4,"ThreadID":3248},"Channel":"Security","Computer":"FS03.offsec.lan","Security":null},"EventData":{"SubjectUserSid":"S-1-5-18","SubjectUserName":"FS03$","SubjectDomainName":"OFFSEC","SubjectLogonId":"0x3e7","NewProcessId":"0xe20","NewProcessName":"C:\\Windows\\System32\\WindowsPowerShell\\v1.0\\powershell.exe","TokenElevationType":"%%1936","ProcessId":"0xe88","CommandLine":"powershell  -command \"Get-Service \"seg11\" | select -Expand DisplayName |out-file -append tmp_payload.txt\"","TargetUserSid":"S-1-0-0","TargetUserName":"-","TargetDomainName":"-","TargetLogonId":"0x0"}}}
{"Event_attributes":{"xmlns":"http://schemas.microsoft.com/win/2004/08/events/event"},"Event":{"System":{"Provider_attributes":{"Name":"Microsoft-Windows-Security-Auditing","Guid":"54849625-5478-4994-A5BA-3E3B0328C30D"},"EventID":4688,"Version":2,"Level":0,"Task":13312,"Opcode":0,"Keywords":"0x8020000000000000","TimeCreated_attributes":{"SystemTime":"2021-11-03T08:34:42.651469Z"},"EventRecordID":294089,"Correlation":null,"Execution_attributes":{"ProcessID":4,"ThreadID":3248},"Channel":"Security","Computer":"FS03.offsec.lan","Security":null},"EventData":{"SubjectUserSid":"S-1-5-18","SubjectUserName":"FS03$","SubjectDomainName":"OFFSEC","SubjectLogonId":"0x3e7","NewProcessId":"0x490","NewProcessName":"C:\\Windows\\System32\\conhost.exe","TokenElevationType":"%%1936","ProcessId":"0xe20","CommandLine":"\\??\\C:\\Windows\\system32\\conhost.exe 0xffffffff","TargetUserSid":"S-1-0-0","TargetUserName":"-","TargetDomainName":"-","TargetLogonId":"0x0"}}}
{"Event_attributes":{"xmlns":"http://schemas.microsoft.com/win/2004/08/events/event"},"Event":{"System":{"Provider_attributes":{"Name":"Microsoft-Windows-Security-Auditing","Guid":"54849625-5478-4994-A5BA-3E3B0328C30D"},"EventID":4688,"Version":2,"Level":0,"Task":13312,"Opcode":0,"Keywords":"0x8020000000000000","TimeCreated_attributes":{"SystemTime":"2021-11-03T08:34:44.108901Z"},"EventRecordID":294107,"Correlation":null,"Execution_attributes":{"ProcessID":4,"ThreadID":3508},"Channel":"Security","Computer":"FS03.offsec.lan","Security":null},"EventData":{"SubjectUserSid":"S-1-5-18","SubjectUserName":"FS03$","SubjectDomainName":"OFFSEC","SubjectLogonId":"0x3e7","NewProcessId":"0xf78","NewProcessName":"C:\\Windows\\System32\\cmd.exe","TokenElevationType":"%%1936","ProcessId":"0x1e4","CommandLine":"c:\\windows\\system32\\cmd.exe /c powershell -command \"Get-Service \"seg12\" | select -Expand DisplayName |out-file -append tmp_payload.txt\"","TargetUserSid":"S-1-0-0","TargetUserName":"-","TargetDomainName":"-","TargetLogonId":"0x0"}}}
{"Event_attributes":{"xmlns":"http://schemas.microsoft.com/win/2004/08/events/event"},"Event":{"System":{"Provider_attributes":{"Name":"Microsoft-Windows-Security-Auditing","Guid":"54849625-5478-4994-A5BA-3E3B0328C30D"},"EventID":4688,"Version":2,"Level":0,"Task":13312,"Opcode":0,"Keywords":"0x8020000000000000","TimeCreated_attributes":{"SystemTime":"2021-11-03T08:34:44.108901Z"},"EventRecordID":294108,"Correlation":null,"Execution_attributes":{"ProcessID":4,"ThreadID":3508},"Channel":"Security","Computer":"FS03.offsec.lan","Security":null},"EventData":{"SubjectUserSid":"S-1-5-18","SubjectUserName":"FS03$","SubjectDomainName":"OFFSEC","SubjectLogonId":"0x3e7","NewProcessId":"0xaec","NewProcessName":"C:\\Windows\\System32\\WindowsPowerShell\\v1.0\\powershell.exe","TokenElevationType":"%%1936","ProcessId":"0xf78","CommandLine":"powershell  -command \"Get-Service \"seg12\" | select -Expand DisplayName |out-file -append tmp_payload.txt\"","TargetUserSid":"S-1-0-0","TargetUserName":"-","TargetDomainName":"-","TargetLogonId":"0x0"}}}
{"Event_attributes":{"xmlns":"http://schemas.microsoft.com/win/2004/08/events/event"},"Event":{"System":{"Provider_attributes":{"Name":"Microsoft-Windows-Security-Auditing","Guid":"54849625-5478-4994-A5BA-3E3B0328C30D"},"EventID":4688,"Version":2,"Level":0,"Task":13312,"Opcode":0,"Keywords":"0x8020000000000000","TimeCreated_attributes":{"SystemTime":"2021-11-03T08:34:44.124530Z"},"EventRecordID":294109,"Correlation":null,"Execution_attributes":{"ProcessID":4,"ThreadID":3508},"Channel":"Security","Computer":"FS03.offsec.lan","Security":null},"EventData":{"SubjectUserSid":"S-1-5-18","SubjectUserName":"FS03$","SubjectDomainName":"OFFSEC","SubjectLogonId":"0x3e7","NewProcessId":"0xa80","NewProcessName":"C:\\Windows\\System32\\conhost.exe","TokenElevationType":"%%1936","ProcessId":"0xaec","CommandLine":"\\??\\C:\\Windows\\system32\\conhost.exe 0xffffffff","TargetUserSid":"S-1-0-0","TargetUserName":"-","TargetDomainName":"-","TargetLogonId":"0x0"}}}
{"Event_attributes":{"xmlns":"http://schemas.microsoft.com/win/2004/08/events/event"},"Event":{"System":{"Provider_attributes":{"Name":"Microsoft-Windows-Security-Auditing","Guid":"54849625-5478-4994-A5BA-3E3B0328C30D"},"EventID":4688,"Version":2,"Level":0,"Task":13312,"Opcode":0,"Keywords":"0x8020000000000000","TimeCreated_attributes":{"SystemTime":"2021-11-03T08:34:45.565783Z"},"EventRecordID":294127,"Correlation":null,"Execution_attributes":{"ProcessID":4,"ThreadID":3248},"Channel":"Security","Computer":"FS03.offsec.lan","Security":null},"EventData":{"SubjectUserSid":"S-1-5-18","SubjectUserName":"FS03$","SubjectDomainName":"OFFSEC","SubjectLogonId":"0x3e7","NewProcessId":"0xc14","NewProcessName":"C:\\Windows\\System32\\cmd.exe","TokenElevationType":"%%1936","ProcessId":"0x1e4","CommandLine":"c:\\windows\\system32\\cmd.exe /c powershell -command \"Get-Service \"seg13\" | select -Expand DisplayName |out-file -append tmp_payload.txt\"","TargetUserSid":"S-1-0-0","TargetUserName":"-","TargetDomainName":"-","TargetLogonId":"0x0"}}}
{"Event_attributes":{"xmlns":"http://schemas.microsoft.com/win/2004/08/events/event"},"Event":{"System":{"Provider_attributes":{"Name":"Microsoft-Windows-Security-Auditing","Guid":"54849625-5478-4994-A5BA-3E3B0328C30D"},"EventID":4688,"Version":2,"Level":0,"Task":13312,"Opcode":0,"Keywords":"0x8020000000000000","TimeCreated_attributes":{"SystemTime":"2021-11-03T08:34:45.565783Z"},"EventRecordID":294128,"Correlation":null,"Execution_attributes":{"ProcessID":4,"ThreadID":3248},"Channel":"Security","Computer":"FS03.offsec.lan","Security":null},"EventData":{"SubjectUserSid":"S-1-5-18","SubjectUserName":"FS03$","SubjectDomainName":"OFFSEC","SubjectLogonId":"0x3e7","NewProcessId":"0xde0","NewProcessName":"C:\\Windows\\System32\\WindowsPowerShell\\v1.0\\powershell.exe","TokenElevationType":"%%1936","ProcessId":"0xc14","CommandLine":"powershell  -command \"Get-Service \"seg13\" | select -Expand DisplayName |out-file -append tmp_payload.txt\"","TargetUserSid":"S-1-0-0","TargetUserName":"-","TargetDomainName":"-","TargetLogonId":"0x0"}}}
{"Event_attributes":{"xmlns":"http://schemas.microsoft.com/win/2004/08/events/event"},"Event":{"System":{"Provider_attributes":{"Name":"Microsoft-Windows-Security-Auditing","Guid":"54849625-5478-4994-A5BA-3E3B0328C30D"},"EventID":4688,"Version":2,"Level":0,"Task":13312,"Opcode":0,"Keywords":"0x8020000000000000","TimeCreated_attributes":{"SystemTime":"2021-11-03T08:34:45.565783Z"},"EventRecordID":294129,"Correlation":null,"Execution_attributes":{"ProcessID":4,"ThreadID":3248},"Channel":"Security","Computer":"FS03.offsec.lan","Security":null},"EventData":{"SubjectUserSid":"S-1-5-18","SubjectUserName":"FS03$","SubjectDomainName":"OFFSEC","SubjectLogonId":"0x3e7","NewProcessId":"0x704","NewProcessName":"C:\\Windows\\System32\\conhost.exe","TokenElevationType":"%%1936","ProcessId":"0xde0","CommandLine":"\\??\\C:\\Windows\\system32\\conhost.exe 0xffffffff","TargetUserSid":"S-1-0-0","TargetUserName":"-","TargetDomainName":"-","TargetLogonId":"0x0"}}}
{"Event_attributes":{"xmlns":"http://schemas.microsoft.com/win/2004/08/events/event"},"Event":{"System":{"Provider_attributes":{"Name":"Microsoft-Windows-Security-Auditing","Guid":"54849625-5478-4994-A5BA-3E3B0328C30D"},"EventID":4688,"Version":2,"Level":0,"Task":13312,"Opcode":0,"Keywords":"0x8020000000000000","TimeCreated_attributes":{"SystemTime":"2021-11-03T08:34:47.024238Z"},"EventRecordID":294147,"Correlation":null,"Execution_attributes":{"ProcessID":4,"ThreadID":3248},"Channel":"Security","Computer":"FS03.offsec.lan","Security":null},"EventData":{"SubjectUserSid":"S-1-5-18","SubjectUserName":"FS03$","SubjectDomainName":"OFFSEC","SubjectLogonId":"0x3e7","NewProcessId":"0x420","NewProcessName":"C:\\Windows\\System32\\cmd.exe","TokenElevationType":"%%1936","ProcessId":"0x1e4","CommandLine":"c:\\windows\\system32\\cmd.exe /c powershell -command \"Get-Service \"seg14\" | select -Expand DisplayName |out-file -append tmp_payload.txt\"","TargetUserSid":"S-1-0-0","TargetUserName":"-","TargetDomainName":"-","TargetLogonId":"0x0"}}}
{"Event_attributes":{"xmlns":"http://schemas.microsoft.com/win/2004/08/events/event"},"Event":{"System":{"Provider_attributes":{"Name":"Microsoft-Windows-Security-Auditing","Guid":"54849625-5478-4994-A5BA-3E3B0328C30D"},"EventID":4688,"Version":2,"Level":0,"Task":13312,"Opcode":0,"Keywords":"0x8020000000000000","TimeCreated_attributes":{"SystemTime":"2021-11-03T08:34:47.024238Z"},"EventRecordID":294148,"Correlation":null,"Execution_attributes":{"ProcessID":4,"ThreadID":3248},"Channel":"Security","Computer":"FS03.offsec.lan","Security":null},"EventData":{"SubjectUserSid":"S-1-5-18","SubjectUserName":"FS03$","SubjectDomainName":"OFFSEC","SubjectLogonId":"0x3e7","NewProcessId":"0x20c","NewProcessName":"C:\\Windows\\System32\\WindowsPowerShell\\v1.0\\powershell.exe","TokenElevationType":"%%1936","ProcessId":"0x420","CommandLine":"powershell  -command \"Get-Service \"seg14\" | select -Expand DisplayName |out-file -append tmp_payload.txt\"","TargetUserSid":"S-1-0-0","TargetUserName":"-","TargetDomainName":"-","TargetLogonId":"0x0"}}}
{"Event_attributes":{"xmlns":"http://schemas.microsoft.com/win/2004/08/events/event"},"Event":{"System":{"Provider_attributes":{"Name":"Microsoft-Windows-Security-Auditing","Guid":"54849625-5478-4994-A5BA-3E3B0328C30D"},"EventID":4688,"Version":2,"Level":0,"Task":13312,"Opcode":0,"Keywords":"0x8020000000000000","TimeCreated_attributes":{"SystemTime":"2021-11-03T08:34:47.024238Z"},"EventRecordID":294149,"Correlation":null,"Execution_attributes":{"ProcessID":4,"ThreadID":3248},"Channel":"Security","Computer":"FS03.offsec.lan","Security":null},"EventData":{"SubjectUserSid":"S-1-5-18","SubjectUserName":"FS03$","SubjectDomainName":"OFFSEC","SubjectLogonId":"0x3e7","NewProcessId":"0x218","NewProcessName":"C:\\Windows\\System32\\conhost.exe","TokenElevationType":"%%1936","ProcessId":"0x20c","CommandLine":"\\??\\C:\\Windows\\system32\\conhost.exe 0xffffffff","TargetUserSid":"S-1-0-0","TargetUserName":"-","TargetDomainName":"-","TargetLogonId":"0x0"}}}
{"Event_attributes":{"xmlns":"http://schemas.microsoft.com/win/2004/08/events/event"},"Event":{"System":{"Provider_attributes":{"Name":"Microsoft-Windows-Security-Auditing","Guid":"54849625-5478-4994-A5BA-3E3B0328C30D"},"EventID":4688,"Version":2,"Level":0,"Task":13312,"Opcode":0,"Keywords":"0x8020000000000000","TimeCreated_attributes":{"SystemTime":"2021-11-03T08:34:48.467122Z"},"EventRecordID":294167,"Correlation":null,"Execution_attributes":{"ProcessID":4,"ThreadID":4056},"Channel":"Security","Computer":"FS03.offsec.lan","Security":null},"EventData":{"SubjectUserSid":"S-1-5-18","SubjectUserName":"FS03$","SubjectDomainName":"OFFSEC","SubjectLogonId":"0x3e7","NewProcessId":"0xf1c","NewProcessName":"C:\\Windows\\System32\\cmd.exe","TokenElevationType":"%%1936","ProcessId":"0x1e4","CommandLine":"c:\\windows\\system32\\cmd.exe /c powershell -command \"Get-Service \"seg15\" | select -Expand DisplayName |out-file -append tmp_payload.txt\"","TargetUserSid":"S-1-0-0","TargetUserName":"-","TargetDomainName":"-","TargetLogonId":"0x0"}}}
{"Event_attributes":{"xmlns":"http://schemas.microsoft.com/win/2004/08/events/event"},"Event":{"System":{"Provider_attributes":{"Name":"Microsoft-Windows-Security-Auditing","Guid":"54849625-5478-4994-A5BA-3E3B0328C30D"},"EventID":4688,"Version":2,"Level":0,"Task":13312,"Opcode":0,"Keywords":"0x8020000000000000","TimeCreated_attributes":{"SystemTime":"2021-11-03T08:34:48.482767Z"},"EventRecordID":294168,"Correlation":null,"Execution_attributes":{"ProcessID":4,"ThreadID":4056},"Channel":"Security","Computer":"FS03.offsec.lan","Security":null},"EventData":{"SubjectUserSid":"S-1-5-18","SubjectUserName":"FS03$","SubjectDomainName":"OFFSEC","SubjectLogonId":"0x3e7","NewProcessId":"0xcd0","NewProcessName":"C:\\Windows\\System32\\WindowsPowerShell\\v1.0\\powershell.exe","TokenElevationType":"%%1936","ProcessId":"0xf1c","CommandLine":"powershell  -command \"Get-Service \"seg15\" | select -Expand DisplayName |out-file -append tmp_payload.txt\"","TargetUserSid":"S-1-0-0","TargetUserName":"-","TargetDomainName":"-","TargetLogonId":"0x0"}}}
{"Event_attributes":{"xmlns":"http://schemas.microsoft.com/win/2004/08/events/event"},"Event":{"System":{"Provider_attributes":{"Name":"Microsoft-Windows-Security-Auditing","Guid":"54849625-5478-4994-A5BA-3E3B0328C30D"},"EventID":4688,"Version":2,"Level":0,"Task":13312,"Opcode":0,"Keywords":"0x8020000000000000","TimeCreated_attributes":{"SystemTime":"2021-11-03T08:34:48.482767Z"},"EventRecordID":294169,"Correlation":null,"Execution_attributes":{"ProcessID":4,"ThreadID":4056},"Channel":"Security","Computer":"FS03.offsec.lan","Security":null},"EventData":{"SubjectUserSid":"S-1-5-18","SubjectUserName":"FS03$","SubjectDomainName":"OFFSEC","SubjectLogonId":"0x3e7","NewProcessId":"0xbe8","NewProcessName":"C:\\Windows\\System32\\conhost.exe","TokenElevationType":"%%1936","ProcessId":"0xcd0","CommandLine":"\\??\\C:\\Windows\\system32\\conhost.exe 0xffffffff","TargetUserSid":"S-1-0-0","TargetUserName":"-","TargetDomainName":"-","TargetLogonId":"0x0"}}}
{"Event_attributes":{"xmlns":"http://schemas.microsoft.com/win/2004/08/events/event"},"Event":{"System":{"Provider_attributes":{"Name":"Microsoft-Windows-Security-Auditing","Guid":"54849625-5478-4994-A5BA-3E3B0328C30D"},"EventID":4688,"Version":2,"Level":0,"Task":13312,"Opcode":0,"Keywords":"0x8020000000000000","TimeCreated_attributes":{"SystemTime":"2021-11-03T08:34:49.925017Z"},"EventRecordID":294187,"Correlation":null,"Execution_attributes":{"ProcessID":4,"ThreadID":1980},"Channel":"Security","Computer":"FS03.offsec.lan","Security":null},"EventData":{"SubjectUserSid":"S-1-5-18","SubjectUserName":"FS03$","SubjectDomainName":"OFFSEC","SubjectLogonId":"0x3e7","NewProcessId":"0xe60","NewProcessName":"C:\\Windows\\System32\\cmd.exe","TokenElevationType":"%%1936","ProcessId":"0x1e4","CommandLine":"c:\\windows\\system32\\cmd.exe /c powershell -command \"Get-Service \"seg16\" | select -Expand DisplayName |out-file -append tmp_payload.txt\"","TargetUserSid":"S-1-0-0","TargetUserName":"-","TargetDomainName":"-","TargetLogonId":"0x0"}}}
{"Event_attributes":{"xmlns":"http://schemas.microsoft.com/win/2004/08/events/event"},"Event":{"System":{"Provider_attributes":{"Name":"Microsoft-Windows-Security-Auditing","Guid":"54849625-5478-4994-A5BA-3E3B0328C30D"},"EventID":4688,"Version":2,"Level":0,"Task":13312,"Opcode":0,"Keywords":"0x8020000000000000","TimeCreated_attributes":{"SystemTime":"2021-11-03T08:34:49.925017Z"},"EventRecordID":294188,"Correlation":null,"Execution_attributes":{"ProcessID":4,"ThreadID":1980},"Channel":"Security","Computer":"FS03.offsec.lan","Security":null},"EventData":{"SubjectUserSid":"S-1-5-18","SubjectUserName":"FS03$","SubjectDomainName":"OFFSEC","SubjectLogonId":"0x3e7","NewProcessId":"0x68c","NewProcessName":"C:\\Windows\\System32\\WindowsPowerShell\\v1.0\\powershell.exe","TokenElevationType":"%%1936","ProcessId":"0xe60","CommandLine":"powershell  -command \"Get-Service \"seg16\" | select -Expand DisplayName |out-file -append tmp_payload.txt\"","TargetUserSid":"S-1-0-0","TargetUserName":"-","TargetDomainName":"-","TargetLogonId":"0x0"}}}
{"Event_attributes":{"xmlns":"http://schemas.microsoft.com/win/2004/08/events/event"},"Event":{"System":{"Provider_attributes":{"Name":"Microsoft-Windows-Security-Auditing","Guid":"54849625-5478-4994-A5BA-3E3B0328C30D"},"EventID":4688,"Version":2,"Level":0,"Task":13312,"Opcode":0,"Keywords":"0x8020000000000000","TimeCreated_attributes":{"SystemTime":"2021-11-03T08:34:49.925017Z"},"EventRecordID":294189,"Correlation":null,"Execution_attributes":{"ProcessID":4,"ThreadID":1980},"Channel":"Security","Computer":"FS03.offsec.lan","Security":null},"EventData":{"SubjectUserSid":"S-1-5-18","SubjectUserName":"FS03$","SubjectDomainName":"OFFSEC","SubjectLogonId":"0x3e7","NewProcessId":"0xe40","NewProcessName":"C:\\Windows\\System32\\conhost.exe","TokenElevationType":"%%1936","ProcessId":"0x68c","CommandLine":"\\??\\C:\\Windows\\system32\\conhost.exe 0xffffffff","TargetUserSid":"S-1-0-0","TargetUserName":"-","TargetDomainName":"-","TargetLogonId":"0x0"}}}
{"Event_attributes":{"xmlns":"http://schemas.microsoft.com/win/2004/08/events/event"},"Event":{"System":{"Provider_attributes":{"Name":"Microsoft-Windows-Security-Auditing","Guid":"54849625-5478-4994-A5BA-3E3B0328C30D"},"EventID":4688,"Version":2,"Level":0,"Task":13312,"Opcode":0,"Keywords":"0x8020000000000000","TimeCreated_attributes":{"SystemTime":"2021-11-03T08:34:51.386409Z"},"EventRecordID":294207,"Correlation":null,"Execution_attributes":{"ProcessID":4,"ThreadID":1980},"Channel":"Security","Computer":"FS03.offsec.lan","Security":null},"EventData":{"SubjectUserSid":"S-1-5-18","SubjectUserName":"FS03$","SubjectDomainName":"OFFSEC","SubjectLogonId":"0x3e7","NewProcessId":"0xf60","NewProcessName":"C:\\Windows\\System32\\cmd.exe","TokenElevationType":"%%1936","ProcessId":"0x1e4","CommandLine":"c:\\windows\\system32\\cmd.exe /c powershell -command \"Get-Service \"seg17\" | select -Expand DisplayName |out-file -append tmp_payload.txt\"","TargetUserSid":"S-1-0-0","TargetUserName":"-","TargetDomainName":"-","TargetLogonId":"0x0"}}}
