{"Event_attributes":{"xmlns":"http://schemas.microsoft.com/win/2004/08/events/event"},"Event":{"System":{"Provider_attributes":{"Name":"Microsoft-Windows-Security-Auditing","Guid":"54849625-5478-4994-A5BA-3E3B0328C30D"},"EventID":4688,"Version":2,"Level":0,"Task":13312,"Opcode":0,"Keywords":"0x8020000000000000","TimeCreated_attributes":{"SystemTime":"2021-11-03T08:38:49.273431Z"},"EventRecordID":297526,"Correlation":null,"Execution_attributes":{"ProcessID":4,"ThreadID":452},"Channel":"Security","Computer":"FS03.offsec.lan","Security":null},"EventData":{"SubjectUserSid":"S-1-5-18","SubjectUserName":"FS03$","SubjectDomainName":"OFFSEC","SubjectLogonId":"0x3e7","NewProcessId":"0xd30","NewProcessName":"C:\\Windows\\System32\\conhost.exe","TokenElevationType":"%%1936","ProcessId":"0x1dc","CommandLine":"\\??\\C:\\Windows\\system32\\conhost.exe 0xffffffff","TargetUserSid":"S-1-0-0","TargetUserName":"-","TargetDomainName":"-","TargetLogonId":"0x0"}}}
{"Event_attributes":{"xmlns":"http://schemas.microsoft.com/win/2004/08/events/event"},"Event":{"System":{"Provider_attributes":{"Name":"Microsoft-Windows-Security-Auditing","Guid":"54849625-5478-4994-A5BA-3E3B0328C30D"},"EventID":4688,"Version":2,"Level":0,"Task":13312,"Opcode":0,"Keywords":"0x8020000000000000","TimeCreated_attributes":{"SystemTime":"2021-11-03T08:38:50.726867Z"},"EventRecordID":297544,"Correlation":null,"Execution_attributes":{"ProcessID":4,"ThreadID":3448},"Channel":"Security","Computer":"FS03.offsec.lan","Security":null},"EventData":{"SubjectUserSid":"S-1-5-18","SubjectUserName":"FS03$","SubjectDomainName":"OFFSEC","SubjectLogonId":"0x3e7","NewProcessId":"0xd08","NewProcessName":"C:\\Windows\\System32\\cmd.exe","TokenElevationType":"%%1936","ProcessId":"0x1e4","CommandLine":"c:\\windows\\system32\\cmd.exe /c powershell -command \"Get-Service \"seg181\" | select -Expand DisplayName |out-file -append tmp_payload.txt\"","TargetUserSid":"S-1-0-0","TargetUserName":"-","TargetDomainName":"-","TargetLogonId":"0x0"}}}
{"Event_attributes":{"xmlns":"http://schemas.microsoft.com/win/2004/08/events/event"},"Event":{"System":{"Provider_attributes":{"Name":"Microsoft-Windows-Security-Auditing","Guid":"54849625-5478-4994-A5BA-3E3B0328C30D"},"EventID":4688,"Version":2,"Level":0,"Task":13312,"Opcode":0,"Keywords":"0x8020000000000000","TimeCreated_attributes":{"SystemTime":"2021-11-03T08:38:50.742486Z"},"EventRecordID":297545,"Correlation":null,"Execution_attributes":{"ProcessID":4,"ThreadID":3448},"Channel":"Security","Computer":"FS03.offsec.lan","Security":null},"EventData":{"SubjectUserSid":"S-1-5-18","SubjectUserName":"FS03$","SubjectDomainName":"OFFSEC","SubjectLogonId":"0x3e7","NewProcessId":"0xbc8","NewProcessName":"C:\\Windows\\System32\\WindowsPowerShell\\v1.0\\powershell.exe","TokenElevationType":"%%1936","ProcessId":"0xd08","CommandLine":"powershell  -command \"Get-Service \"seg181\" | select -Expand DisplayName |out-file -append tmp_payload.txt\"","TargetUserSid":"S-1-0-0","TargetUserName":"-","TargetDomainName":"-","TargetLogonId":"0x0"}}}
{"Event_attributes":{"xmlns":"http://schemas.microsoft.com/win/2004/08/events/event"},"Event":{"System":{"Provider_attributes":{"Name":"Microsoft-Windows-Security-Auditing","Guid":"54849625-5478-4994-A5BA-3E3B0328C30D"},"EventID":4688,"Version":2,"Level":0,"Task":13312,"Opcode":0,"Keywords":"0x8020000000000000","TimeCreated_attributes":{"SystemTime":"2021-11-03T08:38:50.742486Z"},"EventRecordID":297546,"Correlation":null,"Execution_attributes":{"ProcessID":4,"ThreadID":3448},"Channel":"Security","Computer":"FS03.offsec.lan","Security":null},"EventData":{"SubjectUserSid":"S-1-5-18","SubjectUserName":"FS03$","SubjectDomainName":"OFFSEC","SubjectLogonId":"0x3e7","NewProcessId":"0xdf0","NewProcessName":"C:\\Windows\\System32\\conhost.exe","TokenElevationType":"%%1936","ProcessId":"0xbc8","CommandLine":"\\??\\C:\\Windows\\system32\\conhost.exe 0xffffffff","TargetUserSid":"S-1-0-0","TargetUserName":"-","TargetDomainName":"-","TargetLogonId":"0x0"}}}
{"Event_attributes":{"xmlns":"http://schemas.microsoft.com/win/2004/08/events/event"},"Event":{"System":{"Provider_attributes":{"Name":"Microsoft-Windows-Security-Auditing","Guid":"54849625-5478-4994-A5BA-3E3B0328C30D"},"EventID":4688,"Version":2,"Level":0,"Task":13312,"Opcode":0,"Keywords":"0x8020000000000000","TimeCreated_attributes":{"SystemTime":"2021-11-03T08:38:52.180387Z"},"EventRecordID":297564,"Correlation":null,"Execution_attributes":{"ProcessID":4,"ThreadID":3448},"Channel":"Security","Computer":"FS03.offsec.lan","Security":null},"EventData":{"SubjectUserSid":"S-1-5-18","SubjectUserName":"FS03$","SubjectDomainName":"OFFSEC","SubjectLogonId":"0x3e7","NewProcessId":"0xee8","NewProcessName":"C:\\Windows\\System32\\cmd.exe","TokenElevationType":"%%1936","ProcessId":"0x1e4","CommandLine":"c:\\windows\\system32\\cmd.exe /c powershell -command \"Get-Service \"seg182\" | select -Expand DisplayName |out-file -append tmp_payload.txt\"","TargetUserSid":"S-1-0-0","TargetUserName":"-","TargetDomainName":"-","TargetLogonId":"0x0"}}}
{"Event_attributes":{"xmlns":"http://schemas.microsoft.com/win/2004/08/events/event"},"Event":{"System":{"Provider_attributes":{"Name":"Microsoft-Windows-Security-Auditing","Guid":"54849625-5478-4994-A5BA-3E3B0328C30D"},"EventID":4688,"Version":2,"Level":0,"Task":13312,"Opcode":0,"Keywords":"0x8020000000000000","TimeCreated_attributes":{"SystemTime":"2021-11-03T08:38:52.180387Z"},"EventRecordID":297565,"Correlation":null,"Execution_attributes":{"ProcessID":4,"ThreadID":3448},"Channel":"Security","Computer":"FS03.offsec.lan","Security":null},"EventData":{"SubjectUserSid":"S-1-5-18","SubjectUserName":"FS03$","SubjectDomainName":"OFFSEC","SubjectLogonId":"0x3e7","NewProcessId":"0xcb4","NewProcessName":"C:\\Windows\\System32\\WindowsPowerShell\\v1.0\\powershell.exe","TokenElevationType":"%%1936","ProcessId":"0xee8","CommandLine":"powershell  -command \"Get-Service \"seg182\" | select -Expand DisplayName |out-file -append tmp_payload.txt\"","TargetUserSid":"S-1-0-0","TargetUserName":"-","TargetDomainName":"-","TargetLogonId":"0x0"}}}
{"Event_attributes":{"xmlns":"http://schemas.microsoft.com/win/2004/08/events/event"},"Event":{"System":{"Provider_attributes":{"Name":"Microsoft-Windows-Security-Auditing","Guid":"54849625-5478-4994-A5BA-3E3B0328C30D"},"EventID":4688,"Version":2,"Level":0,"Task":13312,"Opcode":0,"Keywords":"0x8020000000000000","TimeCreated_attributes":{"SystemTime":"2021-11-03T08:38:52.180387Z"},"EventRecordID":297566,"Correlation":null,"Execution_attributes":{"ProcessID":4,"ThreadID":3448},"Channel":"Security","Computer":"FS03.offsec.lan","Security":null},"EventData":{"SubjectUserSid":"S-1-5-18","SubjectUserName":"FS03$","SubjectDomainName":"OFFSEC","SubjectLogonId":"0x3e7","NewProcessId":"0xfdc","NewProcessName":"C:\\Windows\\System32\\conhost.exe","TokenElevationType":"%%1936","ProcessId":"0xcb4","CommandLine":"\\??\\C:\\Windows\\system32\\conhost.exe 0xffffffff","TargetUserSid":"S-1-0-0","TargetUserName":"-","TargetDomainName":"-","TargetLogonId":"0x0"}}}
{"Event_attributes":{"xmlns":"http://schemas.microsoft.com/win/2004/08/events/event"},"Event":{"System":{"Provider_attributes":{"Name":"Microsoft-Windows-Security-Auditing","Guid":"54849625-5478-4994-A5BA-3E3B0328C30D"},"EventID":4688,"Version":2,"Level":0,"Task":13312,"Opcode":0,"Keywords":"0x8020000000000000","TimeCreated_attributes":{"SystemTime":"2021-11-03T08:38:53.645411Z"},"EventRecordID":297584,"Correlation":null,"Execution_attributes":{"ProcessID":4,"ThreadID":3448},"Channel":"Security","Computer":"FS03.offsec.lan","Security":null},"EventData":{"SubjectUserSid":"S-1-5-18","SubjectUserName":"FS03$","SubjectDomainName":"OFFSEC","SubjectLogonId":"0x3e7","NewProcessId":"0x3f4","NewProcessName":"C:\\Windows\\System32\\cmd.exe","TokenElevationType":"%%1936","ProcessId":"0x1e4","CommandLine":"c:\\windows\\system32\\cmd.exe /c powershell -command \"Get-Service \"seg183\" | select -Expand DisplayName |out-file -append tmp_payload.txt\"","TargetUserSid":"S-1-0-0","TargetUserName":"-","TargetDomainName":"-","TargetLogonId":"0x0"}}}
{"Event_attributes":{"xmlns":"http://schemas.microsoft.com/win/2004/08/events/event"},"Event":{"System":{"Provider_attributes":{"Name":"Microsoft-Windows-Security-Auditing","Guid":"54849625-5478-4994-A5BA-3E3B0328C30D"},"EventID":4688,"Version":2,"Level":0,"Task":13312,"Opcode":0,"Keywords":"0x8020000000000000","TimeCreated_attributes":{"SystemTime":"2021-11-03T08:38:53.645411Z"},"EventRecordID":297585,"Correlation":null,"Execution_attributes":{"ProcessID":4,"ThreadID":3448},"Channel":"Security","Computer":"FS03.offsec.lan","Security":null},"EventData":{"SubjectUserSid":"S-1-5-18","SubjectUserName":"FS03$","SubjectDomainName":"OFFSEC","SubjectLogonId":"0x3e7","NewProcessId":"0xfc","NewProcessName":"C:\\Windows\\System32\\WindowsPowerShell\\v1.0\\powershell.exe","TokenElevationType":"%%1936","ProcessId":"0x3f4","CommandLine":"powershell  -command \"Get-Service \"seg183\" | select -Expand DisplayName |out-file -append tmp_payload.txt\"","TargetUserSid":"S-1-0-0","TargetUserName":"-","TargetDomainName":"-","TargetLogonId":"0x0"}}}
{"Event_attributes":{"xmlns":"http://schemas.microsoft.com/win/2004/08/events/event"},"Event":{"System":{"Provider_attributes":{"Name":"Microsoft-Windows-Security-Auditing","Guid":"54849625-5478-4994-A5BA-3E3B0328C30D"},"EventID":4688,"Version":2,"Level":0,"Task":13312,"Opcode":0,"Keywords":"0x8020000000000000","TimeCreated_attributes":{"SystemTime":"2021-11-03T08:38:53.645411Z"},"EventRecordID":297586,"Correlation":null,"Execution_attributes":{"ProcessID":4,"ThreadID":3448},"Channel":"Security","Computer":"FS03.offsec.lan","Security":null},"EventData":{"SubjectUserSid":"S-1-5-18","SubjectUserName":"FS03$","SubjectDomainName":"OFFSEC","SubjectLogonId":"0x3e7","NewProcessId":"0xe68","NewProcessName":"C:\\Windows\\System32\\conhost.exe","TokenElevationType":"%%1936","ProcessId":"0xfc","CommandLine":"\\??\\C:\\Windows\\system32\\conhost.exe 0xffffffff","TargetUserSid":"S-1-0-0","TargetUserName":"-","TargetDomainName":"-","TargetLogonId":"0x0"}}}
{"Event_attributes":{"xmlns":"http://schemas.microsoft.com/win/2004/08/events/event"},"Event":{"System":{"Provider_attributes":{"Name":"Microsoft-Windows-Security-Auditing","Guid":"54849625-5478-4994-A5BA-3E3B0328C30D"},"EventID":4688,"Version":2,"Level":0,"Task":13312,"Opcode":0,"Keywords":"0x8020000000000000","TimeCreated_attributes":{"SystemTime":"2021-11-03T08:38:55.099098Z"},"EventRecordID":297604,"Correlation":null,"Execution_attributes":{"ProcessID":4,"ThreadID":452},"Channel":"Security","Computer":"FS03.offsec.lan","Security":null},"EventData":{"SubjectUserSid":"S-1-5-18","SubjectUserName":"FS03$","SubjectDomainName":"OFFSEC","SubjectLogonId":"0x3e7","NewProcessId":"0x7c0","NewProcessName":"C:\\Windows\\System32\\cmd.exe","TokenElevationType":"%%1936","ProcessId":"0x1e4","CommandLine":"c:\\windows\\system32\\cmd.exe /c powershell -command \"Get-Service \"seg184\" | select -Expand DisplayName |out-file -append tmp_payload.txt\"","TargetUserSid":"S-1-0-0","TargetUserName":"-","TargetDomainName":"-","TargetLogonId":"0x0"}}}
{"Event_attributes":{"xmlns":"http://schemas.microsoft.com/win/2004/08/events/event"},"Event":{"System":{"Provider_attributes":{"Name":"Microsoft-Windows-Security-Auditing","Guid":"54849625-5478-4994-A5BA-3E3B0328C30D"},"EventID":4688,"Version":2,"Level":0,"Task":13312,"Opcode":0,"Keywords":"0x8020000000000000","TimeCreated_attributes":{"SystemTime":"2021-11-03T08:38:55.114725Z"},"EventRecordID":297605,"Correlation":null,"Execution_attributes":{"ProcessID":4,"ThreadID":452},"Channel":"Security","Computer":"FS03.offsec.lan","Security":null},"EventData":{"SubjectUserSid":"S-1-5-18","SubjectUserName":"FS03$","SubjectDomainName":"OFFSEC","SubjectLogonId":"0x3e7","NewProcessId":"0xfd4","NewProcessName":"C:\\Windows\\System32\\WindowsPowerShell\\v1.0\\powershell.exe","TokenElevationType":"%%1936","ProcessId":"0x7c0","CommandLine":"powershell  -command \"Get-Service \"seg184\" | select -Expand DisplayName |out-file -append tmp_payload.txt\"","TargetUserSid":"S-1-0-0","TargetUserName":"-","TargetDomainName":"-","TargetLogonId":"0x0"}}}
{"Event_attributes":{"xmlns":"http://schemas.microsoft.com/win/2004/08/events/event"},"Event":{"System":{"Provider_attributes":{"Name":"Microsoft-Windows-Security-Auditing","Guid":"54849625-5478-4994-A5BA-3E3B0328C30D"},"EventID":4688,"Version":2,"Level":0,"Task":13312,"Opcode":0,"Keywords":"0x8020000000000000","TimeCreated_attributes":{"SystemTime":"2021-11-03T08:38:55.114725Z"},"EventRecordID":297606,"Correlation":null,"Execution_attributes":{"ProcessID":4,"ThreadID":452},"Channel":"Security","Computer":"FS03.offsec.lan","Security":null},"EventData":{"SubjectUserSid":"S-1-5-18","SubjectUserName":"FS03$","SubjectDomainName":"OFFSEC","SubjectLogonId":"0x3e7","NewProcessId":"0xc6c","NewProcessName":"C:\\Windows\\System32\\conhost.exe","TokenElevationType":"%%1936","ProcessId":"0xfd4","CommandLine":"\\??\\C:\\Windows\\system32\\conhost.exe 0xffffffff","TargetUserSid":"S-1-0-0","TargetUserName":"-","TargetDomainName":"-","TargetLogonId":"0x0"}}}
{"Event_attributes":{"xmlns":"http://schemas.microsoft.com/win/2004/08/events/event"},"Event":{"System":{"Provider_attributes":{"Name":"Microsoft-Windows-Security-Auditing","Guid":"54849625-5478-4994-A5BA-3E3B0328C30D"},"EventID":4688,"Version":2,"Level":0,"Task":13312,"Opcode":0,"Keywords":"0x8020000000000000","TimeCreated_attributes":{"SystemTime":"2021-11-03T08:38:56.538978Z"},"EventRecordID":297624,"Correlation":null,"Execution_attributes":{"ProcessID":4,"ThreadID":1612},"Channel":"Security","Computer":"FS03.offsec.lan","Security":null},"EventData":{"SubjectUserSid":"S-1-5-18","SubjectUserName":"FS03$","SubjectDomainName":"OFFSEC","SubjectLogonId":"0x3e7","NewProcessId":"0x990","NewProcessName":"C:\\Windows\\System32\\cmd.exe","TokenElevationType":"%%1936","ProcessId":"0x1e4","CommandLine":"c:\\windows\\system32\\cmd.exe /c powershell -command \"Get-Service \"seg185\" | select -Expand DisplayName |out-file -append tmp_payload.txt\"","TargetUserSid":"S-1-0-0","TargetUserName":"-","TargetDomainName":"-","TargetLogonId":"0x0"}}}
{"Event_attributes":{"xmlns":"http://schemas.microsoft.com/win/2004/08/events/event"},"Event":{"System":{"Provider_attributes":{"Name":"Microsoft-Windows-Security-Auditing","Guid":"54849625-5478-4994-A5BA-3E3B0328C30D"},"EventID":4688,"Version":2,"Level":0,"Task":13312,"Opcode":0,"Keywords":"0x8020000000000000","TimeCreated_attributes":{"SystemTime":"2021-11-03T08:38:56.554597Z"},"EventRecordID":297625,"Correlation":null,"Execution_attributes":{"ProcessID":4,"ThreadID":1612},"Channel":"Security","Computer":"FS03.offsec.lan","Security":null},"EventData":{"SubjectUserSid":"S-1-5-18","SubjectUserName":"FS03$","SubjectDomainName":"OFFSEC","SubjectLogonId":"0x3e7","NewProcessId":"0xe4c","NewProcessName":"C:\\Windows\\System32\\WindowsPowerShell\\v1.0\\powershell.exe","TokenElevationType":"%%1936","ProcessId":"0x990","CommandLine":"powershell  -command \"Get-Service \"seg185\" | select -Expand DisplayName |out-file -append tmp_payload.txt\"","TargetUserSid":"S-1-0-0","TargetUserName":"-","TargetDomainName":"-","TargetLogonId":"0x0"}}}
{"Event_attributes":{"xmlns":"http://schemas.microsoft.com/win/2004/08/events/event"},"Event":{"System":{"Provider_attributes":{"Name":"Microsoft-Windows-Security-Auditing","Guid":"54849625-5478-4994-A5BA-3E3B0328C30D"},"EventID":4688,"Version":2,"Level":0,"Task":13312,"Opcode":0,"Keywords":"0x8020000000000000","TimeCreated_attributes":{"SystemTime":"2021-11-03T08:38:56.554597Z"},"EventRecordID":297626,"Correlation":null,"Execution_attributes":{"ProcessID":4,"ThreadID":1612},"Channel":"Security","Computer":"FS03.offsec.lan","Security":null},"EventData":{"SubjectUserSid":"S-1-5-18","SubjectUserName":"FS03$","SubjectDomainName":"OFFSEC","SubjectLogonId":"0x3e7","NewProcessId":"0xf0","NewProcessName":"C:\\Windows\\System32\\conhost.exe","TokenElevationType":"%%1936","ProcessId":"0xe4c","CommandLine":"\\??\\C:\\Windows\\system32\\conhost.exe 0xffffffff","TargetUserSid":"S-1-0-0","TargetUserName":"-","TargetDomainName":"-","TargetLogonId":"0x0"}}}
{"Event_attributes":{"xmlns":"http://schemas.microsoft.com/win/2004/08/events/event"},"Event":{"System":{"Provider_attributes":{"Name":"Microsoft-Windows-Security-Auditing","Guid":"54849625-5478-4994-A5BA-3E3B0328C30D"},"EventID":4688,"Version":2,"Level":0,"Task":13312,"Opcode":0,"Keywords":"0x8020000000000000","TimeCreated_attributes":{"SystemTime":"2021-11-03T08:38:58.007730Z"},"EventRecordID":297644,"Correlation":null,"Execution_attributes":{"ProcessID":4,"ThreadID":452},"Channel":"Security","Computer":"FS03.offsec.lan","Security":null},"EventData":{"SubjectUserSid":"S-1-5-18","SubjectUserName":"FS03$","SubjectDomainName":"OFFSEC","SubjectLogonId":"0x3e7","NewProcessId":"0x4a8","NewProcessName":"C:\\Windows\\System32\\cmd.exe","TokenElevationType":"%%1936","ProcessId":"0x1e4","CommandLine":"c:\\windows\\system32\\cmd.exe /c powershell -command \"Get-Service \"seg186\" | select -Expand DisplayName |out-file -append tmp_payload.txt\"","TargetUserSid":"S-1-0-0","TargetUserName":"-","TargetDomainName":"-","TargetLogonId":"0x0"}}}
{"Event_attributes":{"xmlns":"http://schemas.microsoft.com/win/2004/08/events/event"},"Event":{"System":{"Provider_attributes":{"Name":"Microsoft-Windows-Security-Auditing","Guid":"54849625-5478-4994-A5BA-3E3B0328C30D"},"EventID":4688,"Version":2,"Level":0,"Task":13312,"Opcode":0,"Keywords":"0x8020000000000000","TimeCreated_attributes":{"SystemTime":"2021-11-03T08:38:58.007730Z"},"EventRecordID":297645,"Correlation":null,"Execution_attributes":{"ProcessID":4,"ThreadID":452},"Channel":"Security","Computer":"FS03.offsec.lan","Security":null},"EventData":{"SubjectUserSid":"S-1-5-18","SubjectUserName":"FS03$","SubjectDomainName":"OFFSEC","SubjectLogonId":"0x3e7","NewProcessId":"0xbc4","NewProcessName":"C:\\Windows\\System32\\WindowsPowerShell\\v1.0\\powershell.exe","TokenElevationType":"%%1936","ProcessId":"0x4a8","CommandLine":"powershell  -command \"Get-Service \"seg186\" | select -Expand DisplayName |out-file -append tmp_payload.txt\"","TargetUserSid":"S-1-0-0","TargetUserName":"-","TargetDomainName":"-","TargetLogonId":"0x0"}}}
{"Event_attributes":{"xmlns":"http://schemas.microsoft.com/win/2004/08/events/event"},"Event":{"System":{"Provider_attributes":{"Name":"Microsoft-Windows-Security-Auditing","Guid":"54849625-5478-4994-A5BA-3E3B0328C30D"},"EventID":4688,"Version":2,"Level":0,"Task":13312,"Opcode":0,"Keywords":"0x8020000000000000","TimeCreated_attributes":{"SystemTime":"2021-11-03T08:38:58.007730Z"},"EventRecordID":297646,"Correlation":null,"Execution_attributes":{"ProcessID":4,"ThreadID":452},"Channel":"Security","Computer":"FS03.offsec.lan","Security":null},"EventData":{"SubjectUserSid":"S-1-5-18","SubjectUserName":"FS03$","SubjectDomainName":"OFFSEC","SubjectLogonId":"0x3e7","NewProcessId":"0x9ac","NewProcessName":"C:\\Windows\\System32\\conhost.exe","TokenElevationType":"%%1936","ProcessId":"0xbc4","CommandLine":"\\??\\C:\\Windows\\system32\\conhost.exe 0xffffffff","TargetUserSid":"S-1-0-0","TargetUserName":"-","TargetDomainName":"-","TargetLogonId":"0x0"}}}
{"Event_attributes":{"xmlns":"http://schemas.microsoft.com/win/2004/08/events/event"},"Event":{"System":{"Provider_attributes":{"Name":"Microsoft-Windows-Security-Auditing","Guid":"54849625-5478-4994-A5BA-3E3B0328C30D"},"EventID":4688,"Version":2,"Level":0,"Task":13312,"Opcode":0,"Keywords":"0x8020000000000000","TimeCreated_attributes":{"SystemTime":"2021-11-03T08:38:59.462860Z"},"EventRecordID":297664,"Correlation":null,"Execution_attributes":{"ProcessID":4,"ThreadID":1612},"Channel":"Security","Computer":"FS03.offsec.lan","Security":null},"EventData":{"SubjectUserSid":"S-1-5-18","SubjectUserName":"FS03$","SubjectDomainName":"OFFSEC","SubjectLogonId":"0x3e7","NewProcessId":"0x750","NewProcessName":"C:\\Windows\\System32\\cmd.exe","TokenElevationType":"%%1936","ProcessId":"0x1e4","CommandLine":"c:\\windows\\system32\\cmd.exe /c powershell -command \"Get-Service \"seg187\" | select -Expand DisplayName |out-file -append tmp_payload.txt\"","TargetUserSid":"S-1-0-0","TargetUserName":"-","TargetDomainName":"-","TargetLogonId":"0x0"}}}
{"Event_attributes":{"xmlns":"http://schemas.microsoft.com/win/2004/08/events/event"},"Event":{"System":{"Provider_attributes":{"Name":"Microsoft-Windows-Security-Auditing","Guid":"54849625-5478-4994-A5BA-3E3B0328C30D"},"EventID":4688,"Version":2,"Level":0,"Task":13312,"Opcode":0,"Keywords":"0x8020000000000000","TimeCreated_attributes":{"SystemTime":"2021-11-03T08:38:59.462860Z"},"EventRecordID":297665,"Correlation":null,"Execution_attributes":{"ProcessID":4,"ThreadID":1452},"Channel":"Security","Computer":"FS03.offsec.lan","Security":null},"EventData":{"SubjectUserSid":"S-1-5-18","SubjectUserName":"FS03$","SubjectDomainName":"OFFSEC","SubjectLogonId":"0x3e7","NewProcessId":"0x324","NewProcessName":"C:\\Windows\\System32\\WindowsPowerShell\\v1.0\\powershell.exe","TokenElevationType":"%%1936","ProcessId":"0x750","CommandLine":"powershell  -command \"Get-Service \"seg187\" | select -Expand DisplayName |out-file -append tmp_payload.txt\"","TargetUserSid":"S-1-0-0","TargetUserName":"-","TargetDomainName":"-","TargetLogonId":"0x0"}}}
{"Event_attributes":{"xmlns":"http://schemas.microsoft.com/win/2004/08/events/event"},"Event":{"System":{"Provider_attributes":{"Name":"Microsoft-Windows-Security-Auditing","Guid":"54849625-5478-4994-A5BA-3E3B0328C30D"},"EventID":4688,"Version":2,"Level":0,"Task":13312,"Opcode":0,"Keywords":"0x8020000000000000","TimeCreated_attributes":{"SystemTime":"2021-11-03T08:38:59.462860Z"},"EventRecordID":297666,"Correlation":null,"Execution_attributes":{"ProcessID":4,"ThreadID":1452},"Channel":"Security","Computer":"FS03.offsec.lan","Security":null},"EventData":{"SubjectUserSid":"S-1-5-18","SubjectUserName":"FS03$","SubjectDomainName":"OFFSEC","SubjectLogonId":"0x3e7","NewProcessId":"0xb00","NewProcessName":"C:\\Windows\\System32\\conhost.exe","TokenElevationType":"%%1936","ProcessId":"0x324","CommandLine":"\\??\\C:\\Windows\\system32\\conhost.exe 0xffffffff","TargetUserSid":"S-1-0-0","TargetUserName":"-","TargetDomainName":"-","TargetLogonId":"0x0"}}}
{"Event_attributes":{"xmlns":"http://schemas.microsoft.com/win/2004/08/events/event"},"Event":{"System":{"Provider_attributes":{"Name":"Microsoft-Windows-Security-Auditing","Guid":"54849625-5478-4994-A5BA-3E3B0328C30D"},"EventID":4688,"Version":2,"Level":0,"Task":13312,"Opcode":0,"Keywords":"0x8020000000000000","TimeCreated_attributes":{"SystemTime":"2021-11-03T08:39:00.900118Z"},"EventRecordID":297684,"Correlation":null,"Execution_attributes":{"ProcessID":4,"ThreadID":1612},"Channel":"Security","Computer":"FS03.offsec.lan","Security":null},"EventData":{"SubjectUserSid":"S-1-5-18","SubjectUserName":"FS03$","SubjectDomainName":"OFFSEC","SubjectLogonId":"0x3e7","NewProcessId":"0xcec","NewProcessName":"C:\\Windows\\System32\\cmd.exe","TokenElevationType":"%%1936","ProcessId":"0x1e4","CommandLine":"c:\\windows\\system32\\cmd.exe /c powershell -command \"Get-Service \"seg188\" | select -Expand DisplayName |out-file -append tmp_payload.txt\"","TargetUserSid":"S-1-0-0","TargetUserName":"-","TargetDomainName":"-","TargetLogonId":"0x0"}}}
{"Event_attributes":{"xmlns":"http://schemas.microsoft.com/win/2004/08/events/event"},"Event":{"System":{"Provider_attributes":{"Name":"Microsoft-Windows-Security-Auditing","Guid":"54849625-5478-4994-A5BA-3E3B0328C30D"},"EventID":4688,"Version":2,"Level":0,"Task":13312,"Opcode":0,"Keywords":"0x8020000000000000","TimeCreated_attributes":{"SystemTime":"2021-11-03T08:39:00.900118Z"},"EventRecordID":297685,"Correlation":null,"Execution_attributes":{"ProcessID":4,"ThreadID":1612},"Channel":"Security","Computer":"FS03.offsec.lan","Security":null},"EventData":{"SubjectUserSid":"S-1-5-18","SubjectUserName":"FS03$","SubjectDomainName":"OFFSEC","SubjectLogonId":"0x3e7","NewProcessId":"0x470","NewProcessName":"C:\\Windows\\System32\\WindowsPowerShell\\v1.0\\powershell.exe","TokenElevationType":"%%1936","ProcessId":"0xcec","CommandLine":"powershell  -command \"Get-Service \"seg188\" | select -Expand DisplayName |out-file -append tmp_payload.txt\"","TargetUserSid":"S-1-0-0","TargetUserName":"-","TargetDomainName":"-","TargetLogonId":"0x0"}}}
{"Event_attributes":{"xmlns":"http://schemas.microsoft.com/win/2004/08/events/event"},"Event":{"System":{"Provider_attributes":{"Name":"Microsoft-Windows-Security-Auditing","Guid":"54849625-5478-4994-A5BA-3E3B0328C30D"},"EventID":4688,"Version":2,"Level":0,"Task":13312,"Opcode":0,"Keywords":"0x8020000000000000","TimeCreated_attributes":{"SystemTime":"2021-11-03T08:39:00.900118Z"},"EventRecordID":297686,"Correlation":null,"Execution_attributes":{"ProcessID":4,"ThreadID":1612},"Channel":"Security","Computer":"FS03.offsec.lan","Security":null},"EventData":{"SubjectUserSid":"S-1-5-18","SubjectUserName":"FS03$","SubjectDomainName":"OFFSEC","SubjectLogonId":"0x3e7","NewProcessId":"0xea4","NewProcessName":"C:\\Windows\\System32\\conhost.exe","TokenElevationType":"%%1936","ProcessId":"0x470","CommandLine":"\\??\\C:\\Windows\\system32\\conhost.exe 0xffffffff","TargetUserSid":"S-1-0-0","TargetUserName":"-","TargetDomainName":"-","TargetLogonId":"0x0"}}}
{"Event_attributes":{"xmlns":"http://schemas.microsoft.com/win/2004/08/events/event"},"Event":{"System":{"Provider_attributes":{"Name":"Microsoft-Windows-Security-Auditing","Guid":"54849625-5478-4994-A5BA-3E3B0328C30D"},"EventID":4688,"Version":2,"Level":0,"Task":13312,"Opcode":0,"Keywords":"0x8020000000000000","TimeCreated_attributes":{"SystemTime":"2021-11-03T08:39:02.337743Z"},"EventRecordID":297704,"Correlation":null,"Execution_attributes":{"ProcessID":4,"ThreadID":1612},"Channel":"Security","Computer":"FS03.offsec.lan","Security":null},"EventData":{"SubjectUserSid":"S-1-5-18","SubjectUserName":"FS03$","SubjectDomainName":"OFFSEC","SubjectLogonId":"0x3e7","NewProcessId":"0x490","NewProcessName":"C:\\Windows\\System32\\cmd.exe","TokenElevationType":"%%1936","ProcessId":"0x1e4","CommandLine":"c:\\windows\\system32\\cmd.exe /c powershell -command \"Get-Service \"seg189\" | select -Expand DisplayName |out-file -append tmp_payload.txt\"","TargetUserSid":"S-1-0-0","TargetUserName":"-","TargetDomainName":"-","TargetLogonId":"0x0"}}}
{"Event_attributes":{"xmlns":"http://schemas.microsoft.com/win/2004/08/events/event"},"Event":{"System":{"Provider_attributes":{"Name":"Microsoft-Windows-Security-Auditing","Guid":"54849625-5478-4994-A5BA-3E3B0328C30D"},"EventID":4688,"Version":2,"Level":0,"Task":13312,"Opcode":0,"Keywords":"0x8020000000000000","TimeCreated_attributes":{"SystemTime":"2021-11-03T08:39:02.337743Z"},"EventRecordID":297705,"Correlation":null,"Execution_attributes":{"ProcessID":4,"ThreadID":1612},"Channel":"Security","Computer":"FS03.offsec.lan","Security":null},"EventData":{"SubjectUserSid":"S-1-5-18","SubjectUserName":"FS03$","SubjectDomainName":"OFFSEC","SubjectLogonId":"0x3e7","NewProcessId":"0xb1c","NewProcessName":"C:\\Windows\\System32\\WindowsPowerShell\\v1.0\\powershell.exe","TokenElevationType":"%%1936","ProcessId":"0x490","CommandLine":"powershell  -command \"Get-Service \"seg189\" | select -Expand DisplayName |out-file -append tmp_payload.txt\"","TargetUserSid":"S-1-0-0","TargetUserName":"-","TargetDomainName":"-","TargetLogonId":"0x0"}}}
{"Event_attributes":{"xmlns":"http://schemas.microsoft.com/win/2004/08/events/event"},"Event":{"System":{"Provider_attributes":{"Name":"Microsoft-Windows-Security-Auditing","Guid":"54849625-5478-4994-A5BA-3E3B0328C30D"},"EventID":4688,"Version":2,"Level":0,"Task":13312,"Opcode":0,"Keywords":"0x8020000000000000","TimeCreated_attributes":{"SystemTime":"2021-11-03T08:39:02.337743Z"},"EventRecordID":297706,"Correlation":null,"Execution_attributes":{"ProcessID":4,"ThreadID":1612},"Channel":"Security","Computer":"FS03.offsec.lan","Security":null},"EventData":{"SubjectUserSid":"S-1-5-18","SubjectUserName":"FS03$","SubjectDomainName":"OFFSEC","SubjectLogonId":"0x3e7","NewProcessId":"0xa4","NewProcessName":"C:\\Windows\\System32\\conhost.exe","TokenElevationType":"%%1936","ProcessId":"0xb1c","CommandLine":"\\??\\C:\\Windows\\system32\\conhost.exe 0xffffffff","TargetUserSid":"S-1-0-0","TargetUserName":"-","TargetDomainName":"-","TargetLogonId":"0x0"}}}
{"Event_attributes":{"xmlns":"http://schemas.microsoft.com/win/2004/08/events/event"},"Event":{"System":{"Provider_attributes":{"Name":"Microsoft-Windows-Security-Auditing","Guid":"54849625-5478-4994-A5BA-3E3B0328C30D"},"EventID":4688,"Version":2,"Level":0,"Task":13312,"Opcode":0,"Keywords":"0x8020000000000000","TimeCreated_attributes":{"SystemTime":"2021-11-03T08:39:03.788253Z"},"EventRecordID":297724,"Correlation":null,"Execution_attributes":{"ProcessID":4,"ThreadID":3448},"Channel":"Security","Computer":"FS03.offsec.lan","Security":null},"EventData":{"SubjectUserSid":"S-1-5-18","SubjectUserName":"FS03$","SubjectDomainName":"OFFSEC","SubjectLogonId":"0x3e7","NewProcessId":"0xaf0","NewProcessName":"C:\\Windows\\System32\\cmd.exe","TokenElevationType":"%%1936","ProcessId":"0x1e4","CommandLine":"c:\\windows\\system32\\cmd.exe /c powershell -command \"Get-Service \"seg190\" | select -Expand DisplayName |out-file -append tmp_payload.txt\"","TargetUserSid":"S-1-0-0","TargetUserName":"-","TargetDomainName":"-","TargetLogonId":"0x0"}}}
{"Event_attributes":{"xmlns":"http://schemas.microsoft.com/win/2004/08/events/event"},"Event":{"System":{"Provider_attributes":{"Name":"Microsoft-Windows-Security-Auditing","Guid":"54849625-5478-4994-A5BA-3E3B0328C30D"},"EventID":4688,"Version":2,"Level":0,"Task":13312,"Opcode":0,"Keywords":"0x8020000000000000","TimeCreated_attributes":{"SystemTime":"2021-11-03T08:39:03.788253Z"},"EventRecordID":297725,"Correlation":null,"Execution_attributes":{"ProcessID":4,"ThreadID":3448},"Channel":"Security","Computer":"FS03.offsec.lan","Security":null},"EventData":{"SubjectUserSid":"S-1-5-18","SubjectUserName":"FS03$","SubjectDomainName":"OFFSEC","SubjectLogonId":"0x3e7","NewProcessId":"0xfe4","NewProcessName":"C:\\Windows\\System32\\WindowsPowerShell\\v1.0\\powershell.exe","TokenElevationType":"%%1936","ProcessId":"0xaf0","CommandLine":"powershell  -command \"Get-Service \"seg190\" | select -Expand DisplayName |out-file -append tmp_payload.txt\"","TargetUserSid":"S-1-0-0","TargetUserName":"-","TargetDomainName":"-","TargetLogonId":"0x0"}}}
{"Event_attributes":{"xmlns":"http://schemas.microsoft.com/win/2004/08/events/event"},"Event":{"System":{"Provider_attributes":{"Name":"Microsoft-Windows-Security-Auditing","Guid":"54849625-5478-4994-A5BA-3E3B0328C30D"},"EventID":4688,"Version":2,"Level":0,"Task":13312,"Opcode":0,"Keywords":"0x8020000000000000","TimeCreated_attributes":{"SystemTime":"2021-11-03T08:39:03.788253Z"},"EventRecordID":297726,"Correlation":null,"Execution_attributes":{"ProcessID":4,"ThreadID":3448},"Channel":"Security","Computer":"FS03.offsec.lan","Security":null},"EventData":{"SubjectUserSid":"S-1-5-18","SubjectUserName":"FS03$","SubjectDomainName":"OFFSEC","SubjectLogonId":"0x3e7","NewProcessId":"0xf0c","NewProcessName":"C:\\Windows\\System32\\conhost.exe","TokenElevationType":"%%1936","ProcessId":"0xfe4","CommandLine":"\\??\\C:\\Windows\\system32\\conhost.exe 0xffffffff","TargetUserSid":"S-1-0-0","TargetUserName":"-","TargetDomainName":"-","TargetLogonId":"0x0"}}}
{"Event_attributes":{"xmlns":"http://schemas.microsoft.com/win/2004/08/events/event"},"Event":{"System":{"Provider_attributes":{"Name":"Microsoft-Windows-Security-Auditing","Guid":"54849625-5478-4994-A5BA-3E3B0328C30D"},"EventID":4688,"Version":2,"Level":0,"Task":13312,"Opcode":0,"Keywords":"0x8020000000000000","TimeCreated_attributes":{"SystemTime":"2021-11-03T08:39:05.256979Z"},"EventRecordID":297744,"Correlation":null,"Execution_attributes":{"ProcessID":4,"ThreadID":2712},"Channel":"Security","Computer":"FS03.offsec.lan","Security":null},"EventData":{"SubjectUserSid":"S-1-5-18","SubjectUserName":"FS03$","SubjectDomainName":"OFFSEC","SubjectLogonId":"0x3e7","NewProcessId":"0x474","NewProcessName":"C:\\Windows\\System32\\cmd.exe","TokenElevationType":"%%1936","ProcessId":"0x1e4","CommandLine":"c:\\windows\\system32\\cmd.exe /c powershell -command \"Get-Service \"seg191\" | select -Expand DisplayName |out-file -append tmp_payload.txt\"","TargetUserSid":"S-1-0-0","TargetUserName":"-","TargetDomainName":"-","TargetLogonId":"0x0"}}}
{"Event_attributes":{"xmlns":"http://schemas.microsoft.com/win/2004/08/events/event"},"Event":{"System":{"Provider_attributes":{"Name":"Microsoft-Windows-Security-Auditing","Guid":"54849625-5478-4994-A5BA-3E3B0328C30D"},"EventID":4688,"Version":2,"Level":0,"Task":13312,"Opcode":0,"Keywords":"0x8020000000000000","TimeCreated_attributes":{"SystemTime":"2021-11-03T08:39:05.256979Z"},"EventRecordID":297745,"Correlation":null,"Execution_attributes":{"ProcessID":4,"ThreadID":2712},"Channel":"Security","Computer":"FS03.offsec.lan","Security":null},"EventData":{"SubjectUserSid":"S-1-5-18","SubjectUserName":"FS03$","SubjectDomainName":"OFFSEC","SubjectLogonId":"0x3e7","NewProcessId":"0xabc","NewProcessName":"C:\\Windows\\System32\\WindowsPowerShell\\v1.0\\powershell.exe","TokenElevationType":"%%1936","ProcessId":"0x474","CommandLine":"powershell  -command \"Get-Service \"seg191\" | select -Expand DisplayName |out-file -append tmp_payload.txt\"","TargetUserSid":"S-1-0-0","TargetUserName":"-","TargetDomainName":"-","TargetLogonId":"0x0"}}}
{"Event_attributes":{"xmlns":"http://schemas.microsoft.com/win/2004/08/events/event"},"Event":{"System":{"Provider_attributes":{"Name":"Microsoft-Windows-Security-Auditing","Guid":"54849625-5478-4994-A5BA-3E3B0328C30D"},"EventID":4688,"Version":2,"Level":0,"Task":13312,"Opcode":0,"Keywords":"0x8020000000000000","TimeCreated_attributes":{"SystemTime":"2021-11-03T08:39:05.256979Z"},"EventRecordID":297746,"Correlation":null,"Execution_attributes":{"ProcessID":4,"ThreadID":2712},"Channel":"Security","Computer":"FS03.offsec.lan","Security":null},"EventData":{"SubjectUserSid":"S-1-5-18","SubjectUserName":"FS03$","SubjectDomainName":"OFFSEC","SubjectLogonId":"0x3e7","NewProcessId":"0xc10","NewProcessName":"C:\\Windows\\System32\\conhost.exe","TokenElevationType":"%%1936","ProcessId":"0xabc","CommandLine":"\\??\\C:\\Windows\\system32\\conhost.exe 0xffffffff","TargetUserSid":"S-1-0-0","TargetUserName":"-","TargetDomainName":"-","TargetLogonId":"0x0"}}}
{"Event_attributes":{"xmlns":"http://schemas.microsoft.com/win/2004/08/events/event"},"Event":{"System":{"Provider_attributes":{"Name":"Microsoft-Windows-Security-Auditing","Guid":"54849625-5478-4994-A5BA-3E3B0328C30D"},"EventID":4688,"Version":2,"Level":0,"Task":13312,"Opcode":0,"Keywords":"0x8020000000000000","TimeCreated_attributes":{"SystemTime":"2021-11-03T08:39:06.713126Z"},"EventRecordID":297764,"Correlation":null,"Execution_attributes":{"ProcessID":4,"ThreadID":3388},"Channel":"Security","Computer":"FS03.offsec.lan","Security":null},"EventData":{"SubjectUserSid":"S-1-5-18","SubjectUserName":"FS03$","SubjectDomainName":"OFFSEC","SubjectLogonId":"0x3e7","NewProcessId":"0xb14","NewProcessName":"C:\\Windows\\System32\\cmd.exe","TokenElevationType":"%%1936","ProcessId":"0x1e4","CommandLine":"c:\\windows\\system32\\cmd.exe /c powershell -command \"Get-Service \"seg192\" | select -Expand DisplayName |out-file -append tmp_payload.txt\"","TargetUserSid":"S-1-0-0","TargetUserName":"-","TargetDomainName":"-","TargetLogonId":"0x0"}}}
{"Event_attributes":{"xmlns":"http://schemas.microsoft.com/win/2004/08/events/event"},"Event":{"System":{"Provider_attributes":{"Name":"Microsoft-Windows-Security-Auditing","Guid":"54849625-5478-4994-A5BA-3E3B0328C30D"},"EventID":4688,"Version":2,"Level":0,"Task":13312,"Opcode":0,"Keywords":"0x8020000000000000","TimeCreated_attributes":{"SystemTime":"2021-11-03T08:39:06.728759Z"},"EventRecordID":297765,"Correlation":null,"Execution_attributes":{"ProcessID":4,"ThreadID":3388},"Channel":"Security","Computer":"FS03.offsec.lan","Security":null},"EventData":{"SubjectUserSid":"S-1-5-18","SubjectUserName":"FS03$","SubjectDomainName":"OFFSEC","SubjectLogonId":"0x3e7","NewProcessId":"0x61c","NewProcessName":"C:\\Windows\\System32\\WindowsPowerShell\\v1.0\\powershell.exe","TokenElevationType":"%%1936","ProcessId":"0xb14","CommandLine":"powershell  -command \"Get-Service \"seg192\" | select -Expand DisplayName |out-file -append tmp_payload.txt\"","TargetUserSid":"S-1-0-0","TargetUserName":"-","TargetDomainName":"-","TargetLogonId":"0x0"}}}
{"Event_attributes":{"xmlns":"http://schemas.microsoft.com/win/2004/08/events/event"},"Event":{"System":{"Provider_attributes":{"Name":"Microsoft-Windows-Security-Auditing","Guid":"54849625-5478-4994-A5BA-3E3B0328C30D"},"EventID":4688,"Version":2,"Level":0,"Task":13312,"Opcode":0,"Keywords":"0x8020000000000000","TimeCreated_attributes":{"SystemTime":"2021-11-03T08:39:06.728759Z"},"EventRecordID":297766,"Correlation":null,"Execution_attributes":{"ProcessID":4,"ThreadID":3388},"Channel":"Security","Computer":"FS03.offsec.lan","Security":null},"EventData":{"SubjectUserSid":"S-1-5-18","SubjectUserName":"FS03$","SubjectDomainName":"OFFSEC","SubjectLogonId":"0x3e7","NewProcessId":"0xc64","NewProcessName":"C:\\Windows\\System32\\conhost.exe","TokenElevationType":"%%1936","ProcessId":"0x61c","CommandLine":"\\??\\C:\\Windows\\system32\\conhost.exe 0xffffffff","TargetUserSid":"S-1-0-0","TargetUserName":"-","TargetDomainName":"-","TargetLogonId":"0x0"}}}
{"Event_attributes":{"xmlns":"http://schemas.microsoft.com/win/2004/08/events/event"},"Event":{"System":{"Provider_attributes":{"Name":"Microsoft-Windows-Security-Auditing","Guid":"54849625-5478-4994-A5BA-3E3B0328C30D"},"EventID":4688,"Version":2,"Level":0,"Task":13312,"Opcode":0,"Keywords":"0x8020000000000000","TimeCreated_attributes":{"SystemTime":"2021-11-03T08:39:08.194285Z"},"EventRecordID":297784,"Correlation":null,"Execution_attributes":{"ProcessID":4,"ThreadID":2756},"Channel":"Security","Computer":"FS03.offsec.lan","Security":null},"EventData":{"SubjectUserSid":"S-1-5-18","SubjectUserName":"FS03$","SubjectDomainName":"OFFSEC","SubjectLogonId":"0x3e7","NewProcessId":"0xd30","NewProcessName":"C:\\Windows\\System32\\cmd.exe","TokenElevationType":"%%1936","ProcessId":"0x1e4","CommandLine":"c:\\windows\\system32\\cmd.exe /c powershell -command \"Get-Service \"seg193\" | select -Expand DisplayName |out-file -append tmp_payload.txt\"","TargetUserSid":"S-1-0-0","TargetUserName":"-","TargetDomainName":"-","TargetLogonId":"0x0"}}}
{"Event_attributes":{"xmlns":"http://schemas.microsoft.com/win/2004/08/events/event"},"Event":{"System":{"Provider_attributes":{"Name":"Microsoft-Windows-Security-Auditing","Guid":"54849625-5478-4994-A5BA-3E3B0328C30D"},"EventID":4688,"Version":2,"Level":0,"Task":13312,"Opcode":0,"Keywords":"0x8020000000000000","TimeCreated_attributes":{"SystemTime":"2021-11-03T08:39:08.194285Z"},"EventRecordID":297785,"Correlation":null,"Execution_attributes":{"ProcessID":4,"ThreadID":2756},"Channel":"Security","Computer":"FS03.offsec.lan","Security":null},"EventData":{"SubjectUserSid":"S-1-5-18","SubjectUserName":"FS03$","SubjectDomainName":"OFFSEC","SubjectLogonId":"0x3e7","NewProcessId":"0x1dc","NewProcessName":"C:\\Windows\\System32\\WindowsPowerShell\\v1.0\\powershell.exe","TokenElevationType":"%%1936","ProcessId":"0xd30","CommandLine":"powershell  -command \"Get-Service \"seg193\" | select -Expand DisplayName |out-file -append tmp_payload.txt\"","TargetUserSid":"S-1-0-0","TargetUserName":"-","TargetDomainName":"-","TargetLogonId":"0x0"}}}
{"Event_attributes":{"xmlns":"http://schemas.microsoft.com/win/2004/08/events/event"},"Event":{"System":{"Provider_attributes":{"Name":"Microsoft-Windows-Security-Auditing","Guid":"54849625-5478-4994-A5BA-3E3B0328C30D"},"EventID":4688,"Version":2,"Level":0,"Task":13312,"Opcode":0,"Keywords":"0x8020000000000000","TimeCreated_attributes":{"SystemTime":"2021-11-03T08:39:08.209911Z"},"EventRecordID":297786,"Correlation":null,"Execution_attributes":{"ProcessID":4,"ThreadID":2756},"Channel":"Security","Computer":"FS03.offsec.lan","Security":null},"EventData":{"SubjectUserSid":"S-1-5-18","SubjectUserName":"FS03$","SubjectDomainName":"OFFSEC","SubjectLogonId":"0x3e7","NewProcessId":"0xc88","NewProcessName":"C:\\Windows\\System32\\conhost.exe","TokenElevationType":"%%1936","ProcessId":"0x1dc","CommandLine":"\\??\\C:\\Windows\\system32\\conhost.exe 0xffffffff","TargetUserSid":"S-1-0-0","TargetUserName":"-","TargetDomainName":"-","TargetLogonId":"0x0"}}}
{"Event_attributes":{"xmlns":"http://schemas.microsoft.com/win/2004/08/events/event"},"Event":{"System":{"Provider_attributes":{"Name":"Microsoft-Windows-Security-Auditing","Guid":"54849625-5478-4994-A5BA-3E3B0328C30D"},"EventID":4688,"Version":2,"Level":0,"Task":13312,"Opcode":0,"Keywords":"0x8020000000000000","TimeCreated_attributes":{"SystemTime":"2021-11-03T08:39:09.644268Z"},"EventRecordID":297804,"Correlation":null,"Execution_attributes":{"ProcessID":4,"ThreadID":3388},"Channel":"Security","Computer":"FS03.offsec.lan","Security":null},"EventData":{"SubjectUserSid":"S-1-5-18","SubjectUserName":"FS03$","SubjectDomainName":"OFFSEC","SubjectLogonId":"0x3e7","NewProcessId":"0xdf0","NewProcessName":"C:\\Windows\\System32\\cmd.exe","TokenElevationType":"%%1936","ProcessId":"0x1e4","CommandLine":"c:\\windows\\system32\\cmd.exe /c powershell -command \"Get-Service \"seg194\" | select -Expand DisplayName |out-file -append tmp_payload.txt\"","TargetUserSid":"S-1-0-0","TargetUserName":"-","TargetDomainName":"-","TargetLogonId":"0x0"}}}
{"Event_attributes":{"xmlns":"http://schemas.microsoft.com/win/2004/08/events/event"},"Event":{"System":{"Provider_attributes":{"Name":"Microsoft-Windows-Security-Auditing","Guid":"54849625-5478-4994-A5BA-3E3B0328C30D"},"EventID":4688,"Version":2,"Level":0,"Task":13312,"Opcode":0,"Keywords":"0x8020000000000000","TimeCreated_attributes":{"SystemTime":"2021-11-03T08:39:09.644268Z"},"EventRecordID":297805,"Correlation":null,"Execution_attributes":{"ProcessID":4,"ThreadID":3388},"Channel":"Security","Computer":"FS03.offsec.lan","Security":null},"EventData":{"SubjectUserSid":"S-1-5-18","SubjectUserName":"FS03$","SubjectDomainName":"OFFSEC","SubjectLogonId":"0x3e7","NewProcessId":"0xbc8","NewProcessName":"C:\\Windows\\System32\\WindowsPowerShell\\v1.0\\powershell.exe","TokenElevationType":"%%1936","ProcessId":"0xdf0","CommandLine":"powershell  -command \"Get-Service \"seg194\" | select -Expand DisplayName |out-file -append tmp_payload.txt\"","TargetUserSid":"S-1-0-0","TargetUserName":"-","TargetDomainName":"-","TargetLogonId":"0x0"}}}
{"Event_attributes":{"xmlns":"http://schemas.microsoft.com/win/2004/08/events/event"},"Event":{"System":{"Provider_attributes":{"Name":"Microsoft-Windows-Security-Auditing","Guid":"54849625-5478-4994-A5BA-3E3B0328C30D"},"EventID":4688,"Version":2,"Level":0,"Task":13312,"Opcode":0,"Keywords":"0x8020000000000000","TimeCreated_attributes":{"SystemTime":"2021-11-03T08:39:09.644268Z"},"EventRecordID":297806,"Correlation":null,"Execution_attributes":{"ProcessID":4,"ThreadID":3388},"Channel":"Security","Computer":"FS03.offsec.lan","Security":null},"EventData":{"SubjectUserSid":"S-1-5-18","SubjectUserName":"FS03$","SubjectDomainName":"OFFSEC","SubjectLogonId":"0x3e7","NewProcessId":"0xd08","NewProcessName":"C:\\Windows\\System32\\conhost.exe","TokenElevationType":"%%1936","ProcessId":"0xbc8","CommandLine":"\\??\\C:\\Windows\\system32\\conhost.exe 0xffffffff","TargetUserSid":"S-1-0-0","TargetUserName":"-","TargetDomainName":"-","TargetLogonId":"0x0"}}}
{"Event_attributes":{"xmlns":"http://schemas.microsoft.com/win/2004/08/events/event"},"Event":{"System":{"Provider_attributes":{"Name":"Microsoft-Windows-Security-Auditing","Guid":"54849625-5478-4994-A5BA-3E3B0328C30D"},"EventID":4688,"Version":2,"Level":0,"Task":13312,"Opcode":0,"Keywords":"0x8020000000000000","TimeCreated_attributes":{"SystemTime":"2021-11-03T08:39:11.108481Z"},"EventRecordID":297824,"Correlation":null,"Execution_attributes":{"ProcessID":4,"ThreadID":2752},"Channel":"Security","Computer":"FS03.offsec.lan","Security":null},"EventData":{"SubjectUserSid":"S-1-5-18","SubjectUserName":"FS03$","SubjectDomainName":"OFFSEC","SubjectLogonId":"0x3e7","NewProcessId":"0xed4","NewProcessName":"C:\\Windows\\System32\\cmd.exe","TokenElevationType":"%%1936","ProcessId":"0x1e4","CommandLine":"c:\\windows\\system32\\cmd.exe /c powershell -command \"Get-Service \"seg195\" | select -Expand DisplayName |out-file -append tmp_payload.txt\"","TargetUserSid":"S-1-0-0","TargetUserName":"-","TargetDomainName":"-","TargetLogonId":"0x0"}}}
{"Event_attributes":{"xmlns":"http://schemas.microsoft.com/win/2004/08/events/event"},"Event":{"System":{"Provider_attributes":{"Name":"Microsoft-Windows-Security-Auditing","Guid":"54849625-5478-4994-A5BA-3E3B0328C30D"},"EventID":4688,"Version":2,"Level":0,"Task":13312,"Opcode":0,"Keywords":"0x8020000000000000","TimeCreated_attributes":{"SystemTime":"2021-11-03T08:39:11.124095Z"},"EventRecordID":297825,"Correlation":null,"Execution_attributes":{"ProcessID":4,"ThreadID":2752},"Channel":"Security","Computer":"FS03.offsec.lan","Security":null},"EventData":{"SubjectUserSid":"S-1-5-18","SubjectUserName":"FS03$","SubjectDomainName":"OFFSEC","SubjectLogonId":"0x3e7","NewProcessId":"0x964","NewProcessName":"C:\\Windows\\System32\\WindowsPowerShell\\v1.0\\powershell.exe","TokenElevationType":"%%1936","ProcessId":"0xed4","CommandLine":"powershell  -command \"Get-Service \"seg195\" | select -Expand DisplayName |out-file -append tmp_payload.txt\"","TargetUserSid":"S-1-0-0","TargetUserName":"-","TargetDomainName":"-","TargetLogonId":"0x0"}}}
{"Event_attributes":{"xmlns":"http://schemas.microsoft.com/win/2004/08/events/event"},"Event":{"System":{"Provider_attributes":{"Name":"Microsoft-Windows-Security-Auditing","Guid":"54849625-5478-4994-A5BA-3E3B0328C30D"},"EventID":4688,"Version":2,"Level":0,"Task":13312,"Opcode":0,"Keywords":"0x8020000000000000","TimeCreated_attributes":{"SystemTime":"2021-11-03T08:39:11.124095Z"},"EventRecordID":297826,"Correlation":null,"Execution_attributes":{"ProcessID":4,"ThreadID":2752},"Channel":"Security","Computer":"FS03.offsec.lan","Security":null},"EventData":{"SubjectUserSid":"S-1-5-18","SubjectUserName":"FS03$","SubjectDomainName":"OFFSEC","SubjectLogonId":"0x3e7","NewProcessId":"0xc08","NewProcessName":"C:\\Windows\\System32\\conhost.exe","TokenElevationType":"%%1936","ProcessId":"0x964","CommandLine":"\\??\\C:\\Windows\\system32\\conhost.exe 0xffffffff","TargetUserSid":"S-1-0-0","TargetUserName":"-","TargetDomainName":"-","TargetLogonId":"0x0"}}}
{"Event_attributes":{"xmlns":"http://schemas.microsoft.com/win/2004/08/events/event"},"Event":{"System":{"Provider_attributes":{"Name":"Microsoft-Windows-Security-Auditing","Guid":"54849625-5478-4994-A5BA-3E3B0328C30D"},"EventID":4688,"Version":2,"Level":0,"Task":13312,"Opcode":0,"Keywords":"0x8020000000000000","TimeCreated_attributes":{"SystemTime":"2021-11-03T08:39:12.598363Z"},"EventRecordID":297844,"Correlation":null,"Execution_attributes":{"ProcessID":4,"ThreadID":1248},"Channel":"Security","Computer":"FS03.offsec.lan","Security":null},"EventData":{"SubjectUserSid":"S-1-5-18","SubjectUserName":"FS03$","SubjectDomainName":"OFFSEC","SubjectLogonId":"0x3e7","NewProcessId":"0x580","NewProcessName":"C:\\Windows\\System32\\cmd.exe","TokenElevationType":"%%1936","ProcessId":"0x1e4","CommandLine":"c:\\windows\\system32\\cmd.exe /c powershell -command \"Get-Service \"seg196\" | select -Expand DisplayName |out-file -append tmp_payload.txt\"","TargetUserSid":"S-1-0-0","TargetUserName":"-","TargetDomainName":"-","TargetLogonId":"0x0"}}}
{"Event_attributes":{"xmlns":"http://schemas.microsoft.com/win/2004/08/events/event"},"Event":{"System":{"Provider_attributes":{"Name":"Microsoft-Windows-Security-Auditing","Guid":"54849625-5478-4994-A5BA-3E3B0328C30D"},"EventID":4688,"Version":2,"Level":0,"Task":13312,"Opcode":0,"Keywords":"0x8020000000000000","TimeCreated_attributes":{"SystemTime":"2021-11-03T08:39:12.598363Z"},"EventRecordID":297845,"Correlation":null,"Execution_attributes":{"ProcessID":4,"ThreadID":1248},"Channel":"Security","Computer":"FS03.offsec.lan","Security":null},"EventData":{"SubjectUserSid":"S-1-5-18","SubjectUserName":"FS03$","SubjectDomainName":"OFFSEC","SubjectLogonId":"0x3e7","NewProcessId":"0x254","NewProcessName":"C:\\Windows\\System32\\WindowsPowerShell\\v1.0\\powershell.exe","TokenElevationType":"%%1936","ProcessId":"0x580","CommandLine":"powershell  -command \"Get-Service \"seg196\" | select -Expand DisplayName |out-file -append tmp_payload.txt\"","TargetUserSid":"S-1-0-0","TargetUserName":"-","TargetDomainName":"-","TargetLogonId":"0x0"}}}
{"Event_attributes":{"xmlns":"http://schemas.microsoft.com/win/2004/08/events/event"},"Event":{"System":{"Provider_attributes":{"Name":"Microsoft-Windows-Security-Auditing","Guid":"54849625-5478-4994-A5BA-3E3B0328C30D"},"EventID":4688,"Version":2,"Level":0,"Task":13312,"Opcode":0,"Keywords":"0x8020000000000000","TimeCreated_attributes":{"SystemTime":"2021-11-03T08:39:12.598363Z"},"EventRecordID":297846,"Correlation":null,"Execution_attributes":{"ProcessID":4,"ThreadID":1248},"Channel":"Security","Computer":"FS03.offsec.lan","Security":null},"EventData":{"SubjectUserSid":"S-1-5-18","SubjectUserName":"FS03$","SubjectDomainName":"OFFSEC","SubjectLogonId":"0x3e7","NewProcessId":"0xfcc","NewProcessName":"C:\\Windows\\System32\\conhost.exe","TokenElevationType":"%%1936","ProcessId":"0x254","CommandLine":"\\??\\C:\\Windows\\system32\\conhost.exe 0xffffffff","TargetUserSid":"S-1-0-0","TargetUserName":"-","TargetDomainName":"-","TargetLogonId":"0x0"}}}
