{"Event_attributes":{"xmlns":"http://schemas.microsoft.com/win/2004/08/events/event"},"Event":{"System":{"Provider_attributes":{"Name":"Microsoft-Windows-Security-Auditing","Guid":"54849625-5478-4994-A5BA-3E3B0328C30D"},"EventID":4688,"Version":2,"Level":0,"Task":13312,"Opcode":0,"Keywords":"0x8020000000000000","TimeCreated_attributes":{"SystemTime":"2021-11-03T08:36:50.946432Z"},"EventRecordID":295904,"Correlation":null,"Execution_attributes":{"ProcessID":4,"ThreadID":912},"Channel":"Security","Computer":"FS03.offsec.lan","Security":null},"EventData":{"SubjectUserSid":"S-1-5-18","SubjectUserName":"FS03$","SubjectDomainName":"OFFSEC","SubjectLogonId":"0x3e7","NewProcessId":"0xbf8","NewProcessName":"C:\\Windows\\System32\\cmd.exe","TokenElevationType":"%%1936","ProcessId":"0x1e4","CommandLine":"c:\\windows\\system32\\cmd.exe /c powershell -command \"Get-Service \"seg99\" | select -Expand DisplayName |out-file -append tmp_payload.txt\"","TargetUserSid":"S-1-0-0","TargetUserName":"-","TargetDomainName":"-","TargetLogonId":"0x0"}}}
{"Event_attributes":{"xmlns":"http://schemas.microsoft.com/win/2004/08/events/event"},"Event":{"System":{"Provider_attributes":{"Name":"Microsoft-Windows-Security-Auditing","Guid":"54849625-5478-4994-A5BA-3E3B0328C30D"},"EventID":4688,"Version":2,"Level":0,"Task":13312,"Opcode":0,"Keywords":"0x8020000000000000","TimeCreated_attributes":{"SystemTime":"2021-11-03T08:36:50.946432Z"},"EventRecordID":295905,"Correlation":null,"Execution_attributes":{"ProcessID":4,"ThreadID":912},"Channel":"Security","Computer":"FS03.offsec.lan","Security":null},"EventData":{"SubjectUserSid":"S-1-5-18","SubjectUserName":"FS03$","SubjectDomainName":"OFFSEC","SubjectLogonId":"0x3e7","NewProcessId":"0xaa0","NewProcessName":"C:\\Windows\\System32\\WindowsPowerShell\\v1.0\\powershell.exe","TokenElevationType":"%%1936","ProcessId":"0xbf8","CommandLine":"powershell  -command \"Get-Service \"seg99\" | select -Expand DisplayName |out-file -append tmp_payload.txt\"","TargetUserSid":"S-1-0-0","TargetUserName":"-","TargetDomainName":"-","TargetLogonId":"0x0"}}}
{"Event_attributes":{"xmlns":"http://schemas.microsoft.com/win/2004/08/events/event"},"Event":{"System":{"Provider_attributes":{"Name":"Microsoft-Windows-Security-Auditing","Guid":"54849625-5478-4994-A5BA-3E3B0328C30D"},"EventID":4688,"Version":2,"Level":0,"Task":13312,"Opcode":0,"Keywords":"0x8020000000000000","TimeCreated_attributes":{"SystemTime":"2021-11-03T08:36:50.962059Z"},"EventRecordID":295906,"Correlation":null,"Execution_attributes":{"ProcessID":4,"ThreadID":912},"Channel":"Security","Computer":"FS03.offsec.lan","Security":null},"EventData":{"SubjectUserSid":"S-1-5-18","SubjectUserName":"FS03$","SubjectDomainName":"OFFSEC","SubjectLogonId":"0x3e7","NewProcessId":"0x308","NewProcessName":"C:\\Windows\\System32\\conhost.exe","TokenElevationType":"%%1936","ProcessId":"0xaa0","CommandLine":"\\??\\C:\\Windows\\system32\\conhost.exe 0xffffffff","TargetUserSid":"S-1-0-0","TargetUserName":"-","TargetDomainName":"-","TargetLogonId":"0x0"}}}
{"Event_attributes":{"xmlns":"http://schemas.microsoft.com/win/2004/08/events/event"},"Event":{"System":{"Provider_attributes":{"Name":"Microsoft-Windows-Security-Auditing","Guid":"54849625-5478-4994-A5BA-3E3B0328C30D"},"EventID":4688,"Version":2,"Level":0,"Task":13312,"Opcode":0,"Keywords":"0x8020000000000000","TimeCreated_attributes":{"SystemTime":"2021-11-03T08:36:52.406513Z"},"EventRecordID":295924,"Correlation":null,"Execution_attributes":{"ProcessID":4,"ThreadID":3200},"Channel":"Security","Computer":"FS03.offsec.lan","Security":null},"EventData":{"SubjectUserSid":"S-1-5-18","SubjectUserName":"FS03$","SubjectDomainName":"OFFSEC","SubjectLogonId":"0x3e7","NewProcessId":"0xd48","NewProcessName":"C:\\Windows\\System32\\cmd.exe","TokenElevationType":"%%1936","ProcessId":"0x1e4","CommandLine":"c:\\windows\\system32\\cmd.exe /c powershell -command \"Get-Service \"seg100\" | select -Expand DisplayName |out-file -append tmp_payload.txt\"","TargetUserSid":"S-1-0-0","TargetUserName":"-","TargetDomainName":"-","TargetLogonId":"0x0"}}}
{"Event_attributes":{"xmlns":"http://schemas.microsoft.com/win/2004/08/events/event"},"Event":{"System":{"Provider_attributes":{"Name":"Microsoft-Windows-Security-Auditing","Guid":"54849625-5478-4994-A5BA-3E3B0328C30D"},"EventID":4688,"Version":2,"Level":0,"Task":13312,"Opcode":0,"Keywords":"0x8020000000000000","TimeCreated_attributes":{"SystemTime":"2021-11-03T08:36:52.406513Z"},"EventRecordID":295925,"Correlation":null,"Execution_attributes":{"ProcessID":4,"ThreadID":3200},"Channel":"Security","Computer":"FS03.offsec.lan","Security":null},"EventData":{"SubjectUserSid":"S-1-5-18","SubjectUserName":"FS03$","SubjectDomainName":"OFFSEC","SubjectLogonId":"0x3e7","NewProcessId":"0x618","NewProcessName":"C:\\Windows\\System32\\WindowsPowerShell\\v1.0\\powershell.exe","TokenElevationType":"%%1936","ProcessId":"0xd48","CommandLine":"powershell  -command \"Get-Service \"seg100\" | select -Expand DisplayName |out-file -append tmp_payload.txt\"","TargetUserSid":"S-1-0-0","TargetUserName":"-","TargetDomainName":"-","TargetLogonId":"0x0"}}}
{"Event_attributes":{"xmlns":"http://schemas.microsoft.com/win/2004/08/events/event"},"Event":{"System":{"Provider_attributes":{"Name":"Microsoft-Windows-Security-Auditing","Guid":"54849625-5478-4994-A5BA-3E3B0328C30D"},"EventID":4688,"Version":2,"Level":0,"Task":13312,"Opcode":0,"Keywords":"0x8020000000000000","TimeCreated_attributes":{"SystemTime":"2021-11-03T08:36:52.406513Z"},"EventRecordID":295926,"Correlation":null,"Execution_attributes":{"ProcessID":4,"ThreadID":3200},"Channel":"Security","Computer":"FS03.offsec.lan","Security":null},"EventData":{"SubjectUserSid":"S-1-5-18","SubjectUserName":"FS03$","SubjectDomainName":"OFFSEC","SubjectLogonId":"0x3e7","NewProcessId":"0xaf0","NewProcessName":"C:\\Windows\\System32\\conhost.exe","TokenElevationType":"%%1936","ProcessId":"0x618","CommandLine":"\\??\\C:\\Windows\\system32\\conhost.exe 0xffffffff","TargetUserSid":"S-1-0-0","TargetUserName":"-","TargetDomainName":"-","TargetLogonId":"0x0"}}}
{"Event_attributes":{"xmlns":"http://schemas.microsoft.com/win/2004/08/events/event"},"Event":{"System":{"Provider_attributes":{"Name":"Microsoft-Windows-Security-Auditing","Guid":"54849625-5478-4994-A5BA-3E3B0328C30D"},"EventID":4688,"Version":2,"Level":0,"Task":13312,"Opcode":0,"Keywords":"0x8020000000000000","TimeCreated_attributes":{"SystemTime":"2021-11-03T08:36:53.855064Z"},"EventRecordID":295944,"Correlation":null,"Execution_attributes":{"ProcessID":4,"ThreadID":3584},"Channel":"Security","Computer":"FS03.offsec.lan","Security":null},"EventData":{"SubjectUserSid":"S-1-5-18","SubjectUserName":"FS03$","SubjectDomainName":"OFFSEC","SubjectLogonId":"0x3e7","NewProcessId":"0x1dc","NewProcessName":"C:\\Windows\\System32\\cmd.exe","TokenElevationType":"%%1936","ProcessId":"0x1e4","CommandLine":"c:\\windows\\system32\\cmd.exe /c powershell -command \"Get-Service \"seg101\" | select -Expand DisplayName |out-file -append tmp_payload.txt\"","TargetUserSid":"S-1-0-0","TargetUserName":"-","TargetDomainName":"-","TargetLogonId":"0x0"}}}
{"Event_attributes":{"xmlns":"http://schemas.microsoft.com/win/2004/08/events/event"},"Event":{"System":{"Provider_attributes":{"Name":"Microsoft-Windows-Security-Auditing","Guid":"54849625-5478-4994-A5BA-3E3B0328C30D"},"EventID":4688,"Version":2,"Level":0,"Task":13312,"Opcode":0,"Keywords":"0x8020000000000000","TimeCreated_attributes":{"SystemTime":"2021-11-03T08:36:53.855064Z"},"EventRecordID":295945,"Correlation":null,"Execution_attributes":{"ProcessID":4,"ThreadID":3584},"Channel":"Security","Computer":"FS03.offsec.lan","Security":null},"EventData":{"SubjectUserSid":"S-1-5-18","SubjectUserName":"FS03$","SubjectDomainName":"OFFSEC","SubjectLogonId":"0x3e7","NewProcessId":"0xce0","NewProcessName":"C:\\Windows\\System32\\WindowsPowerShell\\v1.0\\powershell.exe","TokenElevationType":"%%1936","ProcessId":"0x1dc","CommandLine":"powershell  -command \"Get-Service \"seg101\" | select -Expand DisplayName |out-file -append tmp_payload.txt\"","TargetUserSid":"S-1-0-0","TargetUserName":"-","TargetDomainName":"-","TargetLogonId":"0x0"}}}
{"Event_attributes":{"xmlns":"http://schemas.microsoft.com/win/2004/08/events/event"},"Event":{"System":{"Provider_attributes":{"Name":"Microsoft-Windows-Security-Auditing","Guid":"54849625-5478-4994-A5BA-3E3B0328C30D"},"EventID":4688,"Version":2,"Level":0,"Task":13312,"Opcode":0,"Keywords":"0x8020000000000000","TimeCreated_attributes":{"SystemTime":"2021-11-03T08:36:53.870689Z"},"EventRecordID":295946,"Correlation":null,"Execution_attributes":{"ProcessID":4,"ThreadID":3584},"Channel":"Security","Computer":"FS03.offsec.lan","Security":null},"EventData":{"SubjectUserSid":"S-1-5-18","SubjectUserName":"FS03$","SubjectDomainName":"OFFSEC","SubjectLogonId":"0x3e7","NewProcessId":"0x6b8","NewProcessName":"C:\\Windows\\System32\\conhost.exe","TokenElevationType":"%%1936","ProcessId":"0xce0","CommandLine":"\\??\\C:\\Windows\\system32\\conhost.exe 0xffffffff","TargetUserSid":"S-1-0-0","TargetUserName":"-","TargetDomainName":"-","TargetLogonId":"0x0"}}}
{"Event_attributes":{"xmlns":"http://schemas.microsoft.com/win/2004/08/events/event"},"Event":{"System":{"Provider_attributes":{"Name":"Microsoft-Windows-Security-Auditing","Guid":"54849625-5478-4994-A5BA-3E3B0328C30D"},"EventID":4688,"Version":2,"Level":0,"Task":13312,"Opcode":0,"Keywords":"0x8020000000000000","TimeCreated_attributes":{"SystemTime":"2021-11-03T08:36:55.301889Z"},"EventRecordID":295964,"Correlation":null,"Execution_attributes":{"ProcessID":4,"ThreadID":1980},"Channel":"Security","Computer":"FS03.offsec.lan","Security":null},"EventData":{"SubjectUserSid":"S-1-5-18","SubjectUserName":"FS03$","SubjectDomainName":"OFFSEC","SubjectLogonId":"0x3e7","NewProcessId":"0xd08","NewProcessName":"C:\\Windows\\System32\\cmd.exe","TokenElevationType":"%%1936","ProcessId":"0x1e4","CommandLine":"c:\\windows\\system32\\cmd.exe /c powershell -command \"Get-Service \"seg102\" | select -Expand DisplayName |out-file -append tmp_payload.txt\"","TargetUserSid":"S-1-0-0","TargetUserName":"-","TargetDomainName":"-","TargetLogonId":"0x0"}}}
{"Event_attributes":{"xmlns":"http://schemas.microsoft.com/win/2004/08/events/event"},"Event":{"System":{"Provider_attributes":{"Name":"Microsoft-Windows-Security-Auditing","Guid":"54849625-5478-4994-A5BA-3E3B0328C30D"},"EventID":4688,"Version":2,"Level":0,"Task":13312,"Opcode":0,"Keywords":"0x8020000000000000","TimeCreated_attributes":{"SystemTime":"2021-11-03T08:36:55.317497Z"},"EventRecordID":295965,"Correlation":null,"Execution_attributes":{"ProcessID":4,"ThreadID":1980},"Channel":"Security","Computer":"FS03.offsec.lan","Security":null},"EventData":{"SubjectUserSid":"S-1-5-18","SubjectUserName":"FS03$","SubjectDomainName":"OFFSEC","SubjectLogonId":"0x3e7","NewProcessId":"0xca4","NewProcessName":"C:\\Windows\\System32\\WindowsPowerShell\\v1.0\\powershell.exe","TokenElevationType":"%%1936","ProcessId":"0xd08","CommandLine":"powershell  -command \"Get-Service \"seg102\" | select -Expand DisplayName |out-file -append tmp_payload.txt\"","TargetUserSid":"S-1-0-0","TargetUserName":"-","TargetDomainName":"-","TargetLogonId":"0x0"}}}
{"Event_attributes":{"xmlns":"http://schemas.microsoft.com/win/2004/08/events/event"},"Event":{"System":{"Provider_attributes":{"Name":"Microsoft-Windows-Security-Auditing","Guid":"54849625-5478-4994-A5BA-3E3B0328C30D"},"EventID":4688,"Version":2,"Level":0,"Task":13312,"Opcode":0,"Keywords":"0x8020000000000000","TimeCreated_attributes":{"SystemTime":"2021-11-03T08:36:55.317497Z"},"EventRecordID":295966,"Correlation":null,"Execution_attributes":{"ProcessID":4,"ThreadID":1980},"Channel":"Security","Computer":"FS03.offsec.lan","Security":null},"EventData":{"SubjectUserSid":"S-1-5-18","SubjectUserName":"FS03$","SubjectDomainName":"OFFSEC","SubjectLogonId":"0x3e7","NewProcessId":"0xe20","NewProcessName":"C:\\Windows\\System32\\conhost.exe","TokenElevationType":"%%1936","ProcessId":"0xca4","CommandLine":"\\??\\C:\\Windows\\system32\\conhost.exe 0xffffffff","TargetUserSid":"S-1-0-0","TargetUserName":"-","TargetDomainName":"-","TargetLogonId":"0x0"}}}
{"Event_attributes":{"xmlns":"http://schemas.microsoft.com/win/2004/08/events/event"},"Event":{"System":{"Provider_attributes":{"Name":"Microsoft-Windows-Security-Auditing","Guid":"54849625-5478-4994-A5BA-3E3B0328C30D"},"EventID":4688,"Version":2,"Level":0,"Task":13312,"Opcode":0,"Keywords":"0x8020000000000000","TimeCreated_attributes":{"SystemTime":"2021-11-03T08:36:56.773176Z"},"EventRecordID":295984,"Correlation":null,"Execution_attributes":{"ProcessID":4,"ThreadID":1980},"Channel":"Security","Computer":"FS03.offsec.lan","Security":null},"EventData":{"SubjectUserSid":"S-1-5-18","SubjectUserName":"FS03$","SubjectDomainName":"OFFSEC","SubjectLogonId":"0x3e7","NewProcessId":"0xe7c","NewProcessName":"C:\\Windows\\System32\\cmd.exe","TokenElevationType":"%%1936","ProcessId":"0x1e4","CommandLine":"c:\\windows\\system32\\cmd.exe /c powershell -command \"Get-Service \"seg103\" | select -Expand DisplayName |out-file -append tmp_payload.txt\"","TargetUserSid":"S-1-0-0","TargetUserName":"-","TargetDomainName":"-","TargetLogonId":"0x0"}}}
{"Event_attributes":{"xmlns":"http://schemas.microsoft.com/win/2004/08/events/event"},"Event":{"System":{"Provider_attributes":{"Name":"Microsoft-Windows-Security-Auditing","Guid":"54849625-5478-4994-A5BA-3E3B0328C30D"},"EventID":4688,"Version":2,"Level":0,"Task":13312,"Opcode":0,"Keywords":"0x8020000000000000","TimeCreated_attributes":{"SystemTime":"2021-11-03T08:36:56.788804Z"},"EventRecordID":295985,"Correlation":null,"Execution_attributes":{"ProcessID":4,"ThreadID":1980},"Channel":"Security","Computer":"FS03.offsec.lan","Security":null},"EventData":{"SubjectUserSid":"S-1-5-18","SubjectUserName":"FS03$","SubjectDomainName":"OFFSEC","SubjectLogonId":"0x3e7","NewProcessId":"0x3f8","NewProcessName":"C:\\Windows\\System32\\WindowsPowerShell\\v1.0\\powershell.exe","TokenElevationType":"%%1936","ProcessId":"0xe7c","CommandLine":"powershell  -command \"Get-Service \"seg103\" | select -Expand DisplayName |out-file -append tmp_payload.txt\"","TargetUserSid":"S-1-0-0","TargetUserName":"-","TargetDomainName":"-","TargetLogonId":"0x0"}}}
{"Event_attributes":{"xmlns":"http://schemas.microsoft.com/win/2004/08/events/event"},"Event":{"System":{"Provider_attributes":{"Name":"Microsoft-Windows-Security-Auditing","Guid":"54849625-5478-4994-A5BA-3E3B0328C30D"},"EventID":4688,"Version":2,"Level":0,"Task":13312,"Opcode":0,"Keywords":"0x8020000000000000","TimeCreated_attributes":{"SystemTime":"2021-11-03T08:36:56.788804Z"},"EventRecordID":295986,"Correlation":null,"Execution_attributes":{"ProcessID":4,"ThreadID":1980},"Channel":"Security","Computer":"FS03.offsec.lan","Security":null},"EventData":{"SubjectUserSid":"S-1-5-18","SubjectUserName":"FS03$","SubjectDomainName":"OFFSEC","SubjectLogonId":"0x3e7","NewProcessId":"0xb38","NewProcessName":"C:\\Windows\\System32\\conhost.exe","TokenElevationType":"%%1936","ProcessId":"0x3f8","CommandLine":"\\??\\C:\\Windows\\system32\\conhost.exe 0xffffffff","TargetUserSid":"S-1-0-0","TargetUserName":"-","TargetDomainName":"-","TargetLogonId":"0x0"}}}
{"Event_attributes":{"xmlns":"http://schemas.microsoft.com/win/2004/08/events/event"},"Event":{"System":{"Provider_attributes":{"Name":"Microsoft-Windows-Security-Auditing","Guid":"54849625-5478-4994-A5BA-3E3B0328C30D"},"EventID":4688,"Version":2,"Level":0,"Task":13312,"Opcode":0,"Keywords":"0x8020000000000000","TimeCreated_attributes":{"SystemTime":"2021-11-03T08:36:58.226309Z"},"EventRecordID":296004,"Correlation":null,"Execution_attributes":{"ProcessID":4,"ThreadID":912},"Channel":"Security","Computer":"FS03.offsec.lan","Security":null},"EventData":{"SubjectUserSid":"S-1-5-18","SubjectUserName":"FS03$","SubjectDomainName":"OFFSEC","SubjectLogonId":"0x3e7","NewProcessId":"0x3f4","NewProcessName":"C:\\Windows\\System32\\cmd.exe","TokenElevationType":"%%1936","ProcessId":"0x1e4","CommandLine":"c:\\windows\\system32\\cmd.exe /c powershell -command \"Get-Service \"seg104\" | select -Expand DisplayName |out-file -append tmp_payload.txt\"","TargetUserSid":"S-1-0-0","TargetUserName":"-","TargetDomainName":"-","TargetLogonId":"0x0"}}}
{"Event_attributes":{"xmlns":"http://schemas.microsoft.com/win/2004/08/events/event"},"Event":{"System":{"Provider_attributes":{"Name":"Microsoft-Windows-Security-Auditing","Guid":"54849625-5478-4994-A5BA-3E3B0328C30D"},"EventID":4688,"Version":2,"Level":0,"Task":13312,"Opcode":0,"Keywords":"0x8020000000000000","TimeCreated_attributes":{"SystemTime":"2021-11-03T08:36:58.226309Z"},"EventRecordID":296005,"Correlation":null,"Execution_attributes":{"ProcessID":4,"ThreadID":912},"Channel":"Security","Computer":"FS03.offsec.lan","Security":null},"EventData":{"SubjectUserSid":"S-1-5-18","SubjectUserName":"FS03$","SubjectDomainName":"OFFSEC","SubjectLogonId":"0x3e7","NewProcessId":"0xdf0","NewProcessName":"C:\\Windows\\System32\\WindowsPowerShell\\v1.0\\powershell.exe","TokenElevationType":"%%1936","ProcessId":"0x3f4","CommandLine":"powershell  -command \"Get-Service \"seg104\" | select -Expand DisplayName |out-file -append tmp_payload.txt\"","TargetUserSid":"S-1-0-0","TargetUserName":"-","TargetDomainName":"-","TargetLogonId":"0x0"}}}
{"Event_attributes":{"xmlns":"http://schemas.microsoft.com/win/2004/08/events/event"},"Event":{"System":{"Provider_attributes":{"Name":"Microsoft-Windows-Security-Auditing","Guid":"54849625-5478-4994-A5BA-3E3B0328C30D"},"EventID":4688,"Version":2,"Level":0,"Task":13312,"Opcode":0,"Keywords":"0x8020000000000000","TimeCreated_attributes":{"SystemTime":"2021-11-03T08:36:58.226309Z"},"EventRecordID":296006,"Correlation":null,"Execution_attributes":{"ProcessID":4,"ThreadID":912},"Channel":"Security","Computer":"FS03.offsec.lan","Security":null},"EventData":{"SubjectUserSid":"S-1-5-18","SubjectUserName":"FS03$","SubjectDomainName":"OFFSEC","SubjectLogonId":"0x3e7","NewProcessId":"0x6a4","NewProcessName":"C:\\Windows\\System32\\conhost.exe","TokenElevationType":"%%1936","ProcessId":"0xdf0","CommandLine":"\\??\\C:\\Windows\\system32\\conhost.exe 0xffffffff","TargetUserSid":"S-1-0-0","TargetUserName":"-","TargetDomainName":"-","TargetLogonId":"0x0"}}}
{"Event_attributes":{"xmlns":"http://schemas.microsoft.com/win/2004/08/events/event"},"Event":{"System":{"Provider_attributes":{"Name":"Microsoft-Windows-Security-Auditing","Guid":"54849625-5478-4994-A5BA-3E3B0328C30D"},"EventID":4688,"Version":2,"Level":0,"Task":13312,"Opcode":0,"Keywords":"0x8020000000000000","TimeCreated_attributes":{"SystemTime":"2021-11-03T08:36:59.674129Z"},"EventRecordID":296024,"Correlation":null,"Execution_attributes":{"ProcessID":4,"ThreadID":3584},"Channel":"Security","Computer":"FS03.offsec.lan","Security":null},"EventData":{"SubjectUserSid":"S-1-5-18","SubjectUserName":"FS03$","SubjectDomainName":"OFFSEC","SubjectLogonId":"0x3e7","NewProcessId":"0xe60","NewProcessName":"C:\\Windows\\System32\\cmd.exe","TokenElevationType":"%%1936","ProcessId":"0x1e4","CommandLine":"c:\\windows\\system32\\cmd.exe /c powershell -command \"Get-Service \"seg105\" | select -Expand DisplayName |out-file -append tmp_payload.txt\"","TargetUserSid":"S-1-0-0","TargetUserName":"-","TargetDomainName":"-","TargetLogonId":"0x0"}}}
{"Event_attributes":{"xmlns":"http://schemas.microsoft.com/win/2004/08/events/event"},"Event":{"System":{"Provider_attributes":{"Name":"Microsoft-Windows-Security-Auditing","Guid":"54849625-5478-4994-A5BA-3E3B0328C30D"},"EventID":4688,"Version":2,"Level":0,"Task":13312,"Opcode":0,"Keywords":"0x8020000000000000","TimeCreated_attributes":{"SystemTime":"2021-11-03T08:36:59.674129Z"},"EventRecordID":296025,"Correlation":null,"Execution_attributes":{"ProcessID":4,"ThreadID":3584},"Channel":"Security","Computer":"FS03.offsec.lan","Security":null},"EventData":{"SubjectUserSid":"S-1-5-18","SubjectUserName":"FS03$","SubjectDomainName":"OFFSEC","SubjectLogonId":"0x3e7","NewProcessId":"0x994","NewProcessName":"C:\\Windows\\System32\\WindowsPowerShell\\v1.0\\powershell.exe","TokenElevationType":"%%1936","ProcessId":"0xe60","CommandLine":"powershell  -command \"Get-Service \"seg105\" | select -Expand DisplayName |out-file -append tmp_payload.txt\"","TargetUserSid":"S-1-0-0","TargetUserName":"-","TargetDomainName":"-","TargetLogonId":"0x0"}}}
{"Event_attributes":{"xmlns":"http://schemas.microsoft.com/win/2004/08/events/event"},"Event":{"System":{"Provider_attributes":{"Name":"Microsoft-Windows-Security-Auditing","Guid":"54849625-5478-4994-A5BA-3E3B0328C30D"},"EventID":4688,"Version":2,"Level":0,"Task":13312,"Opcode":0,"Keywords":"0x8020000000000000","TimeCreated_attributes":{"SystemTime":"2021-11-03T08:36:59.674129Z"},"EventRecordID":296026,"Correlation":null,"Execution_attributes":{"ProcessID":4,"ThreadID":3584},"Channel":"Security","Computer":"FS03.offsec.lan","Security":null},"EventData":{"SubjectUserSid":"S-1-5-18","SubjectUserName":"FS03$","SubjectDomainName":"OFFSEC","SubjectLogonId":"0x3e7","NewProcessId":"0xfdc","NewProcessName":"C:\\Windows\\System32\\conhost.exe","TokenElevationType":"%%1936","ProcessId":"0x994","CommandLine":"\\??\\C:\\Windows\\system32\\conhost.exe 0xffffffff","TargetUserSid":"S-1-0-0","TargetUserName":"-","TargetDomainName":"-","TargetLogonId":"0x0"}}}
{"Event_attributes":{"xmlns":"http://schemas.microsoft.com/win/2004/08/events/event"},"Event":{"System":{"Provider_attributes":{"Name":"Microsoft-Windows-Security-Auditing","Guid":"54849625-5478-4994-A5BA-3E3B0328C30D"},"EventID":4688,"Version":2,"Level":0,"Task":13312,"Opcode":0,"Keywords":"0x8020000000000000","TimeCreated_attributes":{"SystemTime":"2021-11-03T08:37:01.121994Z"},"EventRecordID":296044,"Correlation":null,"Execution_attributes":{"ProcessID":4,"ThreadID":3200},"Channel":"Security","Computer":"FS03.offsec.lan","Security":null},"EventData":{"SubjectUserSid":"S-1-5-18","SubjectUserName":"FS03$","SubjectDomainName":"OFFSEC","SubjectLogonId":"0x3e7","NewProcessId":"0xd30","NewProcessName":"C:\\Windows\\System32\\cmd.exe","TokenElevationType":"%%1936","ProcessId":"0x1e4","CommandLine":"c:\\windows\\system32\\cmd.exe /c powershell -command \"Get-Service \"seg106\" | select -Expand DisplayName |out-file -append tmp_payload.txt\"","TargetUserSid":"S-1-0-0","TargetUserName":"-","TargetDomainName":"-","TargetLogonId":"0x0"}}}
{"Event_attributes":{"xmlns":"http://schemas.microsoft.com/win/2004/08/events/event"},"Event":{"System":{"Provider_attributes":{"Name":"Microsoft-Windows-Security-Auditing","Guid":"54849625-5478-4994-A5BA-3E3B0328C30D"},"EventID":4688,"Version":2,"Level":0,"Task":13312,"Opcode":0,"Keywords":"0x8020000000000000","TimeCreated_attributes":{"SystemTime":"2021-11-03T08:37:01.121994Z"},"EventRecordID":296045,"Correlation":null,"Execution_attributes":{"ProcessID":4,"ThreadID":3200},"Channel":"Security","Computer":"FS03.offsec.lan","Security":null},"EventData":{"SubjectUserSid":"S-1-5-18","SubjectUserName":"FS03$","SubjectDomainName":"OFFSEC","SubjectLogonId":"0x3e7","NewProcessId":"0xfc","NewProcessName":"C:\\Windows\\System32\\WindowsPowerShell\\v1.0\\powershell.exe","TokenElevationType":"%%1936","ProcessId":"0xd30","CommandLine":"powershell  -command \"Get-Service \"seg106\" | select -Expand DisplayName |out-file -append tmp_payload.txt\"","TargetUserSid":"S-1-0-0","TargetUserName":"-","TargetDomainName":"-","TargetLogonId":"0x0"}}}
{"Event_attributes":{"xmlns":"http://schemas.microsoft.com/win/2004/08/events/event"},"Event":{"System":{"Provider_attributes":{"Name":"Microsoft-Windows-Security-Auditing","Guid":"54849625-5478-4994-A5BA-3E3B0328C30D"},"EventID":4688,"Version":2,"Level":0,"Task":13312,"Opcode":0,"Keywords":"0x8020000000000000","TimeCreated_attributes":{"SystemTime":"2021-11-03T08:37:01.121994Z"},"EventRecordID":296046,"Correlation":null,"Execution_attributes":{"ProcessID":4,"ThreadID":3200},"Channel":"Security","Computer":"FS03.offsec.lan","Security":null},"EventData":{"SubjectUserSid":"S-1-5-18","SubjectUserName":"FS03$","SubjectDomainName":"OFFSEC","SubjectLogonId":"0x3e7","NewProcessId":"0x394","NewProcessName":"C:\\Windows\\System32\\conhost.exe","TokenElevationType":"%%1936","ProcessId":"0xfc","CommandLine":"\\??\\C:\\Windows\\system32\\conhost.exe 0xffffffff","TargetUserSid":"S-1-0-0","TargetUserName":"-","TargetDomainName":"-","TargetLogonId":"0x0"}}}
{"Event_attributes":{"xmlns":"http://schemas.microsoft.com/win/2004/08/events/event"},"Event":{"System":{"Provider_attributes":{"Name":"Microsoft-Windows-Security-Auditing","Guid":"54849625-5478-4994-A5BA-3E3B0328C30D"},"EventID":4688,"Version":2,"Level":0,"Task":13312,"Opcode":0,"Keywords":"0x8020000000000000","TimeCreated_attributes":{"SystemTime":"2021-11-03T08:37:02.569911Z"},"EventRecordID":296064,"Correlation":null,"Execution_attributes":{"ProcessID":4,"ThreadID":3876},"Channel":"Security","Computer":"FS03.offsec.lan","Security":null},"EventData":{"SubjectUserSid":"S-1-5-18","SubjectUserName":"FS03$","SubjectDomainName":"OFFSEC","SubjectLogonId":"0x3e7","NewProcessId":"0xd74","NewProcessName":"C:\\Windows\\System32\\cmd.exe","TokenElevationType":"%%1936","ProcessId":"0x1e4","CommandLine":"c:\\windows\\system32\\cmd.exe /c powershell -command \"Get-Service \"seg107\" | select -Expand DisplayName |out-file -append tmp_payload.txt\"","TargetUserSid":"S-1-0-0","TargetUserName":"-","TargetDomainName":"-","TargetLogonId":"0x0"}}}
{"Event_attributes":{"xmlns":"http://schemas.microsoft.com/win/2004/08/events/event"},"Event":{"System":{"Provider_attributes":{"Name":"Microsoft-Windows-Security-Auditing","Guid":"54849625-5478-4994-A5BA-3E3B0328C30D"},"EventID":4688,"Version":2,"Level":0,"Task":13312,"Opcode":0,"Keywords":"0x8020000000000000","TimeCreated_attributes":{"SystemTime":"2021-11-03T08:37:02.585540Z"},"EventRecordID":296065,"Correlation":null,"Execution_attributes":{"ProcessID":4,"ThreadID":3876},"Channel":"Security","Computer":"FS03.offsec.lan","Security":null},"EventData":{"SubjectUserSid":"S-1-5-18","SubjectUserName":"FS03$","SubjectDomainName":"OFFSEC","SubjectLogonId":"0x3e7","NewProcessId":"0xfa4","NewProcessName":"C:\\Windows\\System32\\WindowsPowerShell\\v1.0\\powershell.exe","TokenElevationType":"%%1936","ProcessId":"0xd74","CommandLine":"powershell  -command \"Get-Service \"seg107\" | select -Expand DisplayName |out-file -append tmp_payload.txt\"","TargetUserSid":"S-1-0-0","TargetUserName":"-","TargetDomainName":"-","TargetLogonId":"0x0"}}}
{"Event_attributes":{"xmlns":"http://schemas.microsoft.com/win/2004/08/events/event"},"Event":{"System":{"Provider_attributes":{"Name":"Microsoft-Windows-Security-Auditing","Guid":"54849625-5478-4994-A5BA-3E3B0328C30D"},"EventID":4688,"Version":2,"Level":0,"Task":13312,"Opcode":0,"Keywords":"0x8020000000000000","TimeCreated_attributes":{"SystemTime":"2021-11-03T08:37:02.585540Z"},"EventRecordID":296066,"Correlation":null,"Execution_attributes":{"ProcessID":4,"ThreadID":3876},"Channel":"Security","Computer":"FS03.offsec.lan","Security":null},"EventData":{"SubjectUserSid":"S-1-5-18","SubjectUserName":"FS03$","SubjectDomainName":"OFFSEC","SubjectLogonId":"0x3e7","NewProcessId":"0xbac","NewProcessName":"C:\\Windows\\System32\\conhost.exe","TokenElevationType":"%%1936","ProcessId":"0xfa4","CommandLine":"\\??\\C:\\Windows\\system32\\conhost.exe 0xffffffff","TargetUserSid":"S-1-0-0","TargetUserName":"-","TargetDomainName":"-","TargetLogonId":"0x0"}}}
{"Event_attributes":{"xmlns":"http://schemas.microsoft.com/win/2004/08/events/event"},"Event":{"System":{"Provider_attributes":{"Name":"Microsoft-Windows-Security-Auditing","Guid":"54849625-5478-4994-A5BA-3E3B0328C30D"},"EventID":4688,"Version":2,"Level":0,"Task":13312,"Opcode":0,"Keywords":"0x8020000000000000","TimeCreated_attributes":{"SystemTime":"2021-11-03T08:37:04.023047Z"},"EventRecordID":296084,"Correlation":null,"Execution_attributes":{"ProcessID":4,"ThreadID":3876},"Channel":"Security","Computer":"FS03.offsec.lan","Security":null},"EventData":{"SubjectUserSid":"S-1-5-18","SubjectUserName":"FS03$","SubjectDomainName":"OFFSEC","SubjectLogonId":"0x3e7","NewProcessId":"0xab4","NewProcessName":"C:\\Windows\\System32\\cmd.exe","TokenElevationType":"%%1936","ProcessId":"0x1e4","CommandLine":"c:\\windows\\system32\\cmd.exe /c powershell -command \"Get-Service \"seg108\" | select -Expand DisplayName |out-file -append tmp_payload.txt\"","TargetUserSid":"S-1-0-0","TargetUserName":"-","TargetDomainName":"-","TargetLogonId":"0x0"}}}
{"Event_attributes":{"xmlns":"http://schemas.microsoft.com/win/2004/08/events/event"},"Event":{"System":{"Provider_attributes":{"Name":"Microsoft-Windows-Security-Auditing","Guid":"54849625-5478-4994-A5BA-3E3B0328C30D"},"EventID":4688,"Version":2,"Level":0,"Task":13312,"Opcode":0,"Keywords":"0x8020000000000000","TimeCreated_attributes":{"SystemTime":"2021-11-03T08:37:04.023047Z"},"EventRecordID":296085,"Correlation":null,"Execution_attributes":{"ProcessID":4,"ThreadID":3876},"Channel":"Security","Computer":"FS03.offsec.lan","Security":null},"EventData":{"SubjectUserSid":"S-1-5-18","SubjectUserName":"FS03$","SubjectDomainName":"OFFSEC","SubjectLogonId":"0x3e7","NewProcessId":"0xca0","NewProcessName":"C:\\Windows\\System32\\WindowsPowerShell\\v1.0\\powershell.exe","TokenElevationType":"%%1936","ProcessId":"0xab4","CommandLine":"powershell  -command \"Get-Service \"seg108\" | select -Expand DisplayName |out-file -append tmp_payload.txt\"","TargetUserSid":"S-1-0-0","TargetUserName":"-","TargetDomainName":"-","TargetLogonId":"0x0"}}}
{"Event_attributes":{"xmlns":"http://schemas.microsoft.com/win/2004/08/events/event"},"Event":{"System":{"Provider_attributes":{"Name":"Microsoft-Windows-Security-Auditing","Guid":"54849625-5478-4994-A5BA-3E3B0328C30D"},"EventID":4688,"Version":2,"Level":0,"Task":13312,"Opcode":0,"Keywords":"0x8020000000000000","TimeCreated_attributes":{"SystemTime":"2021-11-03T08:37:04.023047Z"},"EventRecordID":296086,"Correlation":null,"Execution_attributes":{"ProcessID":4,"ThreadID":3876},"Channel":"Security","Computer":"FS03.offsec.lan","Security":null},"EventData":{"SubjectUserSid":"S-1-5-18","SubjectUserName":"FS03$","SubjectDomainName":"OFFSEC","SubjectLogonId":"0x3e7","NewProcessId":"0x7ec","NewProcessName":"C:\\Windows\\System32\\conhost.exe","TokenElevationType":"%%1936","ProcessId":"0xca0","CommandLine":"\\??\\C:\\Windows\\system32\\conhost.exe 0xffffffff","TargetUserSid":"S-1-0-0","TargetUserName":"-","TargetDomainName":"-","TargetLogonId":"0x0"}}}
{"Event_attributes":{"xmlns":"http://schemas.microsoft.com/win/2004/08/events/event"},"Event":{"System":{"Provider_attributes":{"Name":"Microsoft-Windows-Security-Auditing","Guid":"54849625-5478-4994-A5BA-3E3B0328C30D"},"EventID":4688,"Version":2,"Level":0,"Task":13312,"Opcode":0,"Keywords":"0x8020000000000000","TimeCreated_attributes":{"SystemTime":"2021-11-03T08:37:05.464525Z"},"EventRecordID":296104,"Correlation":null,"Execution_attributes":{"ProcessID":4,"ThreadID":1980},"Channel":"Security","Computer":"FS03.offsec.lan","Security":null},"EventData":{"SubjectUserSid":"S-1-5-18","SubjectUserName":"FS03$","SubjectDomainName":"OFFSEC","SubjectLogonId":"0x3e7","NewProcessId":"0x944","NewProcessName":"C:\\Windows\\System32\\cmd.exe","TokenElevationType":"%%1936","ProcessId":"0x1e4","CommandLine":"c:\\windows\\system32\\cmd.exe /c powershell -command \"Get-Service \"seg109\" | select -Expand DisplayName |out-file -append tmp_payload.txt\"","TargetUserSid":"S-1-0-0","TargetUserName":"-","TargetDomainName":"-","TargetLogonId":"0x0"}}}
{"Event_attributes":{"xmlns":"http://schemas.microsoft.com/win/2004/08/events/event"},"Event":{"System":{"Provider_attributes":{"Name":"Microsoft-Windows-Security-Auditing","Guid":"54849625-5478-4994-A5BA-3E3B0328C30D"},"EventID":4688,"Version":2,"Level":0,"Task":13312,"Opcode":0,"Keywords":"0x8020000000000000","TimeCreated_attributes":{"SystemTime":"2021-11-03T08:37:05.464525Z"},"EventRecordID":296105,"Correlation":null,"Execution_attributes":{"ProcessID":4,"ThreadID":1980},"Channel":"Security","Computer":"FS03.offsec.lan","Security":null},"EventData":{"SubjectUserSid":"S-1-5-18","SubjectUserName":"FS03$","SubjectDomainName":"OFFSEC","SubjectLogonId":"0x3e7","NewProcessId":"0x608","NewProcessName":"C:\\Windows\\System32\\WindowsPowerShell\\v1.0\\powershell.exe","TokenElevationType":"%%1936","ProcessId":"0x944","CommandLine":"powershell  -command \"Get-Service \"seg109\" | select -Expand DisplayName |out-file -append tmp_payload.txt\"","TargetUserSid":"S-1-0-0","TargetUserName":"-","TargetDomainName":"-","TargetLogonId":"0x0"}}}
{"Event_attributes":{"xmlns":"http://schemas.microsoft.com/win/2004/08/events/event"},"Event":{"System":{"Provider_attributes":{"Name":"Microsoft-Windows-Security-Auditing","Guid":"54849625-5478-4994-A5BA-3E3B0328C30D"},"EventID":4688,"Version":2,"Level":0,"Task":13312,"Opcode":0,"Keywords":"0x8020000000000000","TimeCreated_attributes":{"SystemTime":"2021-11-03T08:37:05.464525Z"},"EventRecordID":296106,"Correlation":null,"Execution_attributes":{"ProcessID":4,"ThreadID":1980},"Channel":"Security","Computer":"FS03.offsec.lan","Security":null},"EventData":{"SubjectUserSid":"S-1-5-18","SubjectUserName":"FS03$","SubjectDomainName":"OFFSEC","SubjectLogonId":"0x3e7","NewProcessId":"0x324","NewProcessName":"C:\\Windows\\System32\\conhost.exe","TokenElevationType":"%%1936","ProcessId":"0x608","CommandLine":"\\??\\C:\\Windows\\system32\\conhost.exe 0xffffffff","TargetUserSid":"S-1-0-0","TargetUserName":"-","TargetDomainName":"-","TargetLogonId":"0x0"}}}
{"Event_attributes":{"xmlns":"http://schemas.microsoft.com/win/2004/08/events/event"},"Event":{"System":{"Provider_attributes":{"Name":"Microsoft-Windows-Security-Auditing","Guid":"54849625-5478-4994-A5BA-3E3B0328C30D"},"EventID":4688,"Version":2,"Level":0,"Task":13312,"Opcode":0,"Keywords":"0x8020000000000000","TimeCreated_attributes":{"SystemTime":"2021-11-03T08:37:06.905676Z"},"EventRecordID":296124,"Correlation":null,"Execution_attributes":{"ProcessID":4,"ThreadID":1980},"Channel":"Security","Computer":"FS03.offsec.lan","Security":null},"EventData":{"SubjectUserSid":"S-1-5-18","SubjectUserName":"FS03$","SubjectDomainName":"OFFSEC","SubjectLogonId":"0x3e7","NewProcessId":"0xf58","NewProcessName":"C:\\Windows\\System32\\cmd.exe","TokenElevationType":"%%1936","ProcessId":"0x1e4","CommandLine":"c:\\windows\\system32\\cmd.exe /c powershell -command \"Get-Service \"seg110\" | select -Expand DisplayName |out-file -append tmp_payload.txt\"","TargetUserSid":"S-1-0-0","TargetUserName":"-","TargetDomainName":"-","TargetLogonId":"0x0"}}}
{"Event_attributes":{"xmlns":"http://schemas.microsoft.com/win/2004/08/events/event"},"Event":{"System":{"Provider_attributes":{"Name":"Microsoft-Windows-Security-Auditing","Guid":"54849625-5478-4994-A5BA-3E3B0328C30D"},"EventID":4688,"Version":2,"Level":0,"Task":13312,"Opcode":0,"Keywords":"0x8020000000000000","TimeCreated_attributes":{"SystemTime":"2021-11-03T08:37:06.905676Z"},"EventRecordID":296125,"Correlation":null,"Execution_attributes":{"ProcessID":4,"ThreadID":1980},"Channel":"Security","Computer":"FS03.offsec.lan","Security":null},"EventData":{"SubjectUserSid":"S-1-5-18","SubjectUserName":"FS03$","SubjectDomainName":"OFFSEC","SubjectLogonId":"0x3e7","NewProcessId":"0xcb8","NewProcessName":"C:\\Windows\\System32\\WindowsPowerShell\\v1.0\\powershell.exe","TokenElevationType":"%%1936","ProcessId":"0xf58","CommandLine":"powershell  -command \"Get-Service \"seg110\" | select -Expand DisplayName |out-file -append tmp_payload.txt\"","TargetUserSid":"S-1-0-0","TargetUserName":"-","TargetDomainName":"-","TargetLogonId":"0x0"}}}
{"Event_attributes":{"xmlns":"http://schemas.microsoft.com/win/2004/08/events/event"},"Event":{"System":{"Provider_attributes":{"Name":"Microsoft-Windows-Security-Auditing","Guid":"54849625-5478-4994-A5BA-3E3B0328C30D"},"EventID":4688,"Version":2,"Level":0,"Task":13312,"Opcode":0,"Keywords":"0x8020000000000000","TimeCreated_attributes":{"SystemTime":"2021-11-03T08:37:06.905676Z"},"EventRecordID":296126,"Correlation":null,"Execution_attributes":{"ProcessID":4,"ThreadID":1980},"Channel":"Security","Computer":"FS03.offsec.lan","Security":null},"EventData":{"SubjectUserSid":"S-1-5-18","SubjectUserName":"FS03$","SubjectDomainName":"OFFSEC","SubjectLogonId":"0x3e7","NewProcessId":"0xa9c","NewProcessName":"C:\\Windows\\System32\\conhost.exe","TokenElevationType":"%%1936","ProcessId":"0xcb8","CommandLine":"\\??\\C:\\Windows\\system32\\conhost.exe 0xffffffff","TargetUserSid":"S-1-0-0","TargetUserName":"-","TargetDomainName":"-","TargetLogonId":"0x0"}}}
{"Event_attributes":{"xmlns":"http://schemas.microsoft.com/win/2004/08/events/event"},"Event":{"System":{"Provider_attributes":{"Name":"Microsoft-Windows-Security-Auditing","Guid":"54849625-5478-4994-A5BA-3E3B0328C30D"},"EventID":4688,"Version":2,"Level":0,"Task":13312,"Opcode":0,"Keywords":"0x8020000000000000","TimeCreated_attributes":{"SystemTime":"2021-11-03T08:37:08.513435Z"},"EventRecordID":296144,"Correlation":null,"Execution_attributes":{"ProcessID":4,"ThreadID":1980},"Channel":"Security","Computer":"FS03.offsec.lan","Security":null},"EventData":{"SubjectUserSid":"S-1-5-18","SubjectUserName":"FS03$","SubjectDomainName":"OFFSEC","SubjectLogonId":"0x3e7","NewProcessId":"0xb1c","NewProcessName":"C:\\Windows\\System32\\cmd.exe","TokenElevationType":"%%1936","ProcessId":"0x1e4","CommandLine":"c:\\windows\\system32\\cmd.exe /c powershell -command \"Get-Service \"seg111\" | select -Expand DisplayName |out-file -append tmp_payload.txt\"","TargetUserSid":"S-1-0-0","TargetUserName":"-","TargetDomainName":"-","TargetLogonId":"0x0"}}}
{"Event_attributes":{"xmlns":"http://schemas.microsoft.com/win/2004/08/events/event"},"Event":{"System":{"Provider_attributes":{"Name":"Microsoft-Windows-Security-Auditing","Guid":"54849625-5478-4994-A5BA-3E3B0328C30D"},"EventID":4688,"Version":2,"Level":0,"Task":13312,"Opcode":0,"Keywords":"0x8020000000000000","TimeCreated_attributes":{"SystemTime":"2021-11-03T08:37:08.513435Z"},"EventRecordID":296145,"Correlation":null,"Execution_attributes":{"ProcessID":4,"ThreadID":1980},"Channel":"Security","Computer":"FS03.offsec.lan","Security":null},"EventData":{"SubjectUserSid":"S-1-5-18","SubjectUserName":"FS03$","SubjectDomainName":"OFFSEC","SubjectLogonId":"0x3e7","NewProcessId":"0x8f4","NewProcessName":"C:\\Windows\\System32\\WindowsPowerShell\\v1.0\\powershell.exe","TokenElevationType":"%%1936","ProcessId":"0xb1c","CommandLine":"powershell  -command \"Get-Service \"seg111\" | select -Expand DisplayName |out-file -append tmp_payload.txt\"","TargetUserSid":"S-1-0-0","TargetUserName":"-","TargetDomainName":"-","TargetLogonId":"0x0"}}}
{"Event_attributes":{"xmlns":"http://schemas.microsoft.com/win/2004/08/events/event"},"Event":{"System":{"Provider_attributes":{"Name":"Microsoft-Windows-Security-Auditing","Guid":"54849625-5478-4994-A5BA-3E3B0328C30D"},"EventID":4688,"Version":2,"Level":0,"Task":13312,"Opcode":0,"Keywords":"0x8020000000000000","TimeCreated_attributes":{"SystemTime":"2021-11-03T08:37:08.513435Z"},"EventRecordID":296146,"Correlation":null,"Execution_attributes":{"ProcessID":4,"ThreadID":1980},"Channel":"Security","Computer":"FS03.offsec.lan","Security":null},"EventData":{"SubjectUserSid":"S-1-5-18","SubjectUserName":"FS03$","SubjectDomainName":"OFFSEC","SubjectLogonId":"0x3e7","NewProcessId":"0xe9c","NewProcessName":"C:\\Windows\\System32\\conhost.exe","TokenElevationType":"%%1936","ProcessId":"0x8f4","CommandLine":"\\??\\C:\\Windows\\system32\\conhost.exe 0xffffffff","TargetUserSid":"S-1-0-0","TargetUserName":"-","TargetDomainName":"-","TargetLogonId":"0x0"}}}
{"Event_attributes":{"xmlns":"http://schemas.microsoft.com/win/2004/08/events/event"},"Event":{"System":{"Provider_attributes":{"Name":"Microsoft-Windows-Security-Auditing","Guid":"54849625-5478-4994-A5BA-3E3B0328C30D"},"EventID":4688,"Version":2,"Level":0,"Task":13312,"Opcode":0,"Keywords":"0x8020000000000000","TimeCreated_attributes":{"SystemTime":"2021-11-03T08:37:09.965321Z"},"EventRecordID":296164,"Correlation":null,"Execution_attributes":{"ProcessID":4,"ThreadID":2400},"Channel":"Security","Computer":"FS03.offsec.lan","Security":null},"EventData":{"SubjectUserSid":"S-1-5-18","SubjectUserName":"FS03$","SubjectDomainName":"OFFSEC","SubjectLogonId":"0x3e7","NewProcessId":"0xff4","NewProcessName":"C:\\Windows\\System32\\cmd.exe","TokenElevationType":"%%1936","ProcessId":"0x1e4","CommandLine":"c:\\windows\\system32\\cmd.exe /c powershell -command \"Get-Service \"seg112\" | select -Expand DisplayName |out-file -append tmp_payload.txt\"","TargetUserSid":"S-1-0-0","TargetUserName":"-","TargetDomainName":"-","TargetLogonId":"0x0"}}}
{"Event_attributes":{"xmlns":"http://schemas.microsoft.com/win/2004/08/events/event"},"Event":{"System":{"Provider_attributes":{"Name":"Microsoft-Windows-Security-Auditing","Guid":"54849625-5478-4994-A5BA-3E3B0328C30D"},"EventID":4688,"Version":2,"Level":0,"Task":13312,"Opcode":0,"Keywords":"0x8020000000000000","TimeCreated_attributes":{"SystemTime":"2021-11-03T08:37:09.965321Z"},"EventRecordID":296165,"Correlation":null,"Execution_attributes":{"ProcessID":4,"ThreadID":2400},"Channel":"Security","Computer":"FS03.offsec.lan","Security":null},"EventData":{"SubjectUserSid":"S-1-5-18","SubjectUserName":"FS03$","SubjectDomainName":"OFFSEC","SubjectLogonId":"0x3e7","NewProcessId":"0xf0c","NewProcessName":"C:\\Windows\\System32\\WindowsPowerShell\\v1.0\\powershell.exe","TokenElevationType":"%%1936","ProcessId":"0xff4","CommandLine":"powershell  -command \"Get-Service \"seg112\" | select -Expand DisplayName |out-file -append tmp_payload.txt\"","TargetUserSid":"S-1-0-0","TargetUserName":"-","TargetDomainName":"-","TargetLogonId":"0x0"}}}
{"Event_attributes":{"xmlns":"http://schemas.microsoft.com/win/2004/08/events/event"},"Event":{"System":{"Provider_attributes":{"Name":"Microsoft-Windows-Security-Auditing","Guid":"54849625-5478-4994-A5BA-3E3B0328C30D"},"EventID":4688,"Version":2,"Level":0,"Task":13312,"Opcode":0,"Keywords":"0x8020000000000000","TimeCreated_attributes":{"SystemTime":"2021-11-03T08:37:09.965321Z"},"EventRecordID":296166,"Correlation":null,"Execution_attributes":{"ProcessID":4,"ThreadID":2400},"Channel":"Security","Computer":"FS03.offsec.lan","Security":null},"EventData":{"SubjectUserSid":"S-1-5-18","SubjectUserName":"FS03$","SubjectDomainName":"OFFSEC","SubjectLogonId":"0x3e7","NewProcessId":"0x308","NewProcessName":"C:\\Windows\\System32\\conhost.exe","TokenElevationType":"%%1936","ProcessId":"0xf0c","CommandLine":"\\??\\C:\\Windows\\system32\\conhost.exe 0xffffffff","TargetUserSid":"S-1-0-0","TargetUserName":"-","TargetDomainName":"-","TargetLogonId":"0x0"}}}
{"Event_attributes":{"xmlns":"http://schemas.microsoft.com/win/2004/08/events/event"},"Event":{"System":{"Provider_attributes":{"Name":"Microsoft-Windows-Security-Auditing","Guid":"54849625-5478-4994-A5BA-3E3B0328C30D"},"EventID":4688,"Version":2,"Level":0,"Task":13312,"Opcode":0,"Keywords":"0x8020000000000000","TimeCreated_attributes":{"SystemTime":"2021-11-03T08:37:11.418635Z"},"EventRecordID":296184,"Correlation":null,"Execution_attributes":{"ProcessID":4,"ThreadID":3200},"Channel":"Security","Computer":"FS03.offsec.lan","Security":null},"EventData":{"SubjectUserSid":"S-1-5-18","SubjectUserName":"FS03$","SubjectDomainName":"OFFSEC","SubjectLogonId":"0x3e7","NewProcessId":"0xef4","NewProcessName":"C:\\Windows\\System32\\cmd.exe","TokenElevationType":"%%1936","ProcessId":"0x1e4","CommandLine":"c:\\windows\\system32\\cmd.exe /c powershell -command \"Get-Service \"seg113\" | select -Expand DisplayName |out-file -append tmp_payload.txt\"","TargetUserSid":"S-1-0-0","TargetUserName":"-","TargetDomainName":"-","TargetLogonId":"0x0"}}}
{"Event_attributes":{"xmlns":"http://schemas.microsoft.com/win/2004/08/events/event"},"Event":{"System":{"Provider_attributes":{"Name":"Microsoft-Windows-Security-Auditing","Guid":"54849625-5478-4994-A5BA-3E3B0328C30D"},"EventID":4688,"Version":2,"Level":0,"Task":13312,"Opcode":0,"Keywords":"0x8020000000000000","TimeCreated_attributes":{"SystemTime":"2021-11-03T08:37:11.418635Z"},"EventRecordID":296185,"Correlation":null,"Execution_attributes":{"ProcessID":4,"ThreadID":3200},"Channel":"Security","Computer":"FS03.offsec.lan","Security":null},"EventData":{"SubjectUserSid":"S-1-5-18","SubjectUserName":"FS03$","SubjectDomainName":"OFFSEC","SubjectLogonId":"0x3e7","NewProcessId":"0xd00","NewProcessName":"C:\\Windows\\System32\\WindowsPowerShell\\v1.0\\powershell.exe","TokenElevationType":"%%1936","ProcessId":"0xef4","CommandLine":"powershell  -command \"Get-Service \"seg113\" | select -Expand DisplayName |out-file -append tmp_payload.txt\"","TargetUserSid":"S-1-0-0","TargetUserName":"-","TargetDomainName":"-","TargetLogonId":"0x0"}}}
{"Event_attributes":{"xmlns":"http://schemas.microsoft.com/win/2004/08/events/event"},"Event":{"System":{"Provider_attributes":{"Name":"Microsoft-Windows-Security-Auditing","Guid":"54849625-5478-4994-A5BA-3E3B0328C30D"},"EventID":4688,"Version":2,"Level":0,"Task":13312,"Opcode":0,"Keywords":"0x8020000000000000","TimeCreated_attributes":{"SystemTime":"2021-11-03T08:37:11.418635Z"},"EventRecordID":296186,"Correlation":null,"Execution_attributes":{"ProcessID":4,"ThreadID":3200},"Channel":"Security","Computer":"FS03.offsec.lan","Security":null},"EventData":{"SubjectUserSid":"S-1-5-18","SubjectUserName":"FS03$","SubjectDomainName":"OFFSEC","SubjectLogonId":"0x3e7","NewProcessId":"0xaf0","NewProcessName":"C:\\Windows\\System32\\conhost.exe","TokenElevationType":"%%1936","ProcessId":"0xd00","CommandLine":"\\??\\C:\\Windows\\system32\\conhost.exe 0xffffffff","TargetUserSid":"S-1-0-0","TargetUserName":"-","TargetDomainName":"-","TargetLogonId":"0x0"}}}
{"Event_attributes":{"xmlns":"http://schemas.microsoft.com/win/2004/08/events/event"},"Event":{"System":{"Provider_attributes":{"Name":"Microsoft-Windows-Security-Auditing","Guid":"54849625-5478-4994-A5BA-3E3B0328C30D"},"EventID":4688,"Version":2,"Level":0,"Task":13312,"Opcode":0,"Keywords":"0x8020000000000000","TimeCreated_attributes":{"SystemTime":"2021-11-03T08:37:12.925470Z"},"EventRecordID":296204,"Correlation":null,"Execution_attributes":{"ProcessID":4,"ThreadID":1368},"Channel":"Security","Computer":"FS03.offsec.lan","Security":null},"EventData":{"SubjectUserSid":"S-1-5-18","SubjectUserName":"FS03$","SubjectDomainName":"OFFSEC","SubjectLogonId":"0x3e7","NewProcessId":"0xe88","NewProcessName":"C:\\Windows\\System32\\cmd.exe","TokenElevationType":"%%1936","ProcessId":"0x1e4","CommandLine":"c:\\windows\\system32\\cmd.exe /c powershell -command \"Get-Service \"seg114\" | select -Expand DisplayName |out-file -append tmp_payload.txt\"","TargetUserSid":"S-1-0-0","TargetUserName":"-","TargetDomainName":"-","TargetLogonId":"0x0"}}}
{"Event_attributes":{"xmlns":"http://schemas.microsoft.com/win/2004/08/events/event"},"Event":{"System":{"Provider_attributes":{"Name":"Microsoft-Windows-Security-Auditing","Guid":"54849625-5478-4994-A5BA-3E3B0328C30D"},"EventID":4688,"Version":2,"Level":0,"Task":13312,"Opcode":0,"Keywords":"0x8020000000000000","TimeCreated_attributes":{"SystemTime":"2021-11-03T08:37:12.925470Z"},"EventRecordID":296205,"Correlation":null,"Execution_attributes":{"ProcessID":4,"ThreadID":1368},"Channel":"Security","Computer":"FS03.offsec.lan","Security":null},"EventData":{"SubjectUserSid":"S-1-5-18","SubjectUserName":"FS03$","SubjectDomainName":"OFFSEC","SubjectLogonId":"0x3e7","NewProcessId":"0xa4","NewProcessName":"C:\\Windows\\System32\\WindowsPowerShell\\v1.0\\powershell.exe","TokenElevationType":"%%1936","ProcessId":"0xe88","CommandLine":"powershell  -command \"Get-Service \"seg114\" | select -Expand DisplayName |out-file -append tmp_payload.txt\"","TargetUserSid":"S-1-0-0","TargetUserName":"-","TargetDomainName":"-","TargetLogonId":"0x0"}}}
{"Event_attributes":{"xmlns":"http://schemas.microsoft.com/win/2004/08/events/event"},"Event":{"System":{"Provider_attributes":{"Name":"Microsoft-Windows-Security-Auditing","Guid":"54849625-5478-4994-A5BA-3E3B0328C30D"},"EventID":4688,"Version":2,"Level":0,"Task":13312,"Opcode":0,"Keywords":"0x8020000000000000","TimeCreated_attributes":{"SystemTime":"2021-11-03T08:37:12.941079Z"},"EventRecordID":296206,"Correlation":null,"Execution_attributes":{"ProcessID":4,"ThreadID":1368},"Channel":"Security","Computer":"FS03.offsec.lan","Security":null},"EventData":{"SubjectUserSid":"S-1-5-18","SubjectUserName":"FS03$","SubjectDomainName":"OFFSEC","SubjectLogonId":"0x3e7","NewProcessId":"0x888","NewProcessName":"C:\\Windows\\System32\\conhost.exe","TokenElevationType":"%%1936","ProcessId":"0xa4","CommandLine":"\\??\\C:\\Windows\\system32\\conhost.exe 0xffffffff","TargetUserSid":"S-1-0-0","TargetUserName":"-","TargetDomainName":"-","TargetLogonId":"0x0"}}}
{"Event_attributes":{"xmlns":"http://schemas.microsoft.com/win/2004/08/events/event"},"Event":{"System":{"Provider_attributes":{"Name":"Microsoft-Windows-Security-Auditing","Guid":"54849625-5478-4994-A5BA-3E3B0328C30D"},"EventID":4688,"Version":2,"Level":0,"Task":13312,"Opcode":0,"Keywords":"0x8020000000000000","TimeCreated_attributes":{"SystemTime":"2021-11-03T08:37:14.417759Z"},"EventRecordID":296224,"Correlation":null,"Execution_attributes":{"ProcessID":4,"ThreadID":3388},"Channel":"Security","Computer":"FS03.offsec.lan","Security":null},"EventData":{"SubjectUserSid":"S-1-5-18","SubjectUserName":"FS03$","SubjectDomainName":"OFFSEC","SubjectLogonId":"0x3e7","NewProcessId":"0x1dc","NewProcessName":"C:\\Windows\\System32\\cmd.exe","TokenElevationType":"%%1936","ProcessId":"0x1e4","CommandLine":"c:\\windows\\system32\\cmd.exe /c powershell -command \"Get-Service \"seg115\" | select -Expand DisplayName |out-file -append tmp_payload.txt\"","TargetUserSid":"S-1-0-0","TargetUserName":"-","TargetDomainName":"-","TargetLogonId":"0x0"}}}
