{"Event_attributes":{"xmlns":"http://schemas.microsoft.com/win/2004/08/events/event"},"Event":{"System":{"Provider_attributes":{"Name":"PowerShell"},"EventID_attributes":{"Qualifiers":0},"EventID":800,"Level":4,"Task":8,"Keywords":"0x80000000000000","TimeCreated_attributes":{"SystemTime":"2021-12-19T15:13:49.000000Z"},"EventRecordID":48590,"Channel":"Windows PowerShell","Computer":"FS03.offsec.lan","Security":null},"EventData":{"Data":{"#text":["Get-WmiObject Win32_Shadowcopy | ForEach-Object {$_.Delete();}","\tDetailSequence=1\r\n\tDetailTotal=1\r\n\r\n\tSequenceNumber=53\r\n\r\n\tUserId=OFFSEC\\admmig\r\n\tHostName=ConsoleHost\r\n\tHostVersion=4.0\r\n\tHostId=e16c2105-d67f-4bd5-b52f-ba22bff6ffac\r\n\tHostApplication=C:\\Windows\\System32\\WindowsPowerShell\\v1.0\\powershell.exe\r\n\tEngineVersion=4.0\r\n\tRunspaceId=20dcb711-97b2-47ff-9947-2c346e212ef7\r\n\tPipelineId=25\r\n\tScriptName=\r\n\tCommandLine=Get-WmiObject Win32_Shadowcopy | ForEach-Object {$_.Delete();}","CommandInvocation(Get-WmiObject): \"Get-WmiObject\"\r\nParameterBinding(Get-WmiObject): name=\"Class\"; value=\"Win32_Shadowcopy\"\r\nCommandInvocation(ForEach-Object): \"ForEach-Object\"\r\nParameterBinding(ForEach-Object): name=\"Process\"; value=\"$_.Delete();\"\r\n"]},"Binary":null}}}
{"Event_attributes":{"xmlns":"http://schemas.microsoft.com/win/2004/08/events/event"},"Event":{"System":{"Provider_attributes":{"Name":"PowerShell"},"EventID_attributes":{"Qualifiers":0},"EventID":800,"Level":4,"Task":8,"Keywords":"0x80000000000000","TimeCreated_attributes":{"SystemTime":"2021-12-19T15:13:49.000000Z"},"EventRecordID":48591,"Channel":"Windows PowerShell","Computer":"FS03.offsec.lan","Security":null},"EventData":{"Data":{"#text":["","\tDetailSequence=1\r\n\tDetailTotal=1\r\n\r\n\tSequenceNumber=55\r\n\r\n\tUserId=OFFSEC\\admmig\r\n\tHostName=ConsoleHost\r\n\tHostVersion=4.0\r\n\tHostId=e16c2105-d67f-4bd5-b52f-ba22bff6ffac\r\n\tHostApplication=C:\\Windows\\System32\\WindowsPowerShell\\v1.0\\powershell.exe\r\n\tEngineVersion=4.0\r\n\tRunspaceId=20dcb711-97b2-47ff-9947-2c346e212ef7\r\n\tPipelineId=25\r\n\tScriptName=\r\n\tCommandLine=","CommandInvocation(Out-Default): \"Out-Default\"\r\n"]},"Binary":null}}}
{"Event_attributes":{"xmlns":"http://schemas.microsoft.com/win/2004/08/events/event"},"Event":{"System":{"Provider_attributes":{"Name":"Microsoft-Windows-PowerShell","Guid":"A0C1853B-5C40-4B15-8766-3CF1C58F985A"},"EventID":4104,"Version":1,"Level":5,"Task":102,"Opcode":15,"Keywords":"0x0","TimeCreated_attributes":{"SystemTime":"2021-12-19T15:13:49.010404Z"},"EventRecordID":153158,"Correlation_attributes":{"ActivityID":"7882B73A-E5EC-0000-C8AF-BF78ECE5D701"},"Execution_attributes":{"ProcessID":2392,"ThreadID":3520},"Channel":"Microsoft-Windows-PowerShell/Operational","Computer":"FS03.offsec.lan","Security_attributes":{"UserID":"S-1-5-21-4230534742-2542757381-3142984815-1111"}},"EventData":{"MessageNumber":1,"MessageTotal":1,"ScriptBlockText":"Get-WmiObject Win32_Shadowcopy | ForEach-Object {$_.Delete();}","ScriptBlockId":"faaeba08-01f0-4a32-ba48-bd65b24afd28"}}}
{"Event_attributes":{"xmlns":"http://schemas.microsoft.com/win/2004/08/events/event"},"Event":{"System":{"Provider_attributes":{"Name":"Microsoft-Windows-PowerShell","Guid":"A0C1853B-5C40-4B15-8766-3CF1C58F985A"},"EventID":4104,"Version":1,"Level":5,"Task":102,"Opcode":15,"Keywords":"0x0","TimeCreated_attributes":{"SystemTime":"2021-12-19T15:13:49.010404Z"},"EventRecordID":153159,"Correlation_attributes":{"ActivityID":"7882B73A-E5EC-0000-C3B2-BF78ECE5D701"},"Execution_attributes":{"ProcessID":2392,"ThreadID":3520},"Channel":"Microsoft-Windows-PowerShell/Operational","Computer":"FS03.offsec.lan","Security_attributes":{"UserID":"S-1-5-21-4230534742-2542757381-3142984815-1111"}},"EventData":{"MessageNumber":1,"MessageTotal":1,"ScriptBlockText":"{$_.Delete();}","ScriptBlockId":"512e0891-2689-4d75-94ff-a6f555300962"}}}
{"Event_attributes":{"xmlns":"http://schemas.microsoft.com/win/2004/08/events/event"},"Event":{"System":{"Provider_attributes":{"Name":"Microsoft-Windows-PowerShell","Guid":"A0C1853B-5C40-4B15-8766-3CF1C58F985A"},"EventID":4103,"Version":1,"Level":4,"Task":106,"Opcode":20,"Keywords":"0x0","TimeCreated_attributes":{"SystemTime":"2021-12-19T15:13:49.026022Z"},"EventRecordID":153160,"Correlation_attributes":{"ActivityID":"7882B73A-E5EC-0000-C5B2-BF78ECE5D701"},"Execution_attributes":{"ProcessID":2392,"ThreadID":3520},"Channel":"Microsoft-Windows-PowerShell/Operational","Computer":"FS03.offsec.lan","Security_attributes":{"UserID":"S-1-5-21-4230534742-2542757381-3142984815-1111"}},"EventData":{"ContextInfo":"        Severity = Informational\r\n        Host Name = ConsoleHost\r\n        Host Version = 4.0\r\n        Host ID = e16c2105-d67f-4bd5-b52f-ba22bff6ffac\r\n        Host Application = C:\\Windows\\System32\\WindowsPowerShell\\v1.0\\powershell.exe\r\n        Engine Version = 4.0\r\n        Runspace ID = 20dcb711-97b2-47ff-9947-2c346e212ef7\r\n        Pipeline ID = 25\r\n        Command Name = Get-WmiObject\r\n        Command Type = Cmdlet\r\n        Script Name = \r\n        Command Path = \r\n        Sequence Number = 54\r\n        User = OFFSEC\\admmig\r\n        Shell ID = Microsoft.PowerShell\r\n","UserData":"","Payload":"CommandInvocation(Get-WmiObject): \"Get-WmiObject\"\r\nParameterBinding(Get-WmiObject): name=\"Class\"; value=\"Win32_Shadowcopy\"\r\nCommandInvocation(ForEach-Object): \"ForEach-Object\"\r\nParameterBinding(ForEach-Object): name=\"Process\"; value=\"$_.Delete();\"\r\n"}}}
{"Event_attributes":{"xmlns":"http://schemas.microsoft.com/win/2004/08/events/event"},"Event":{"System":{"Provider_attributes":{"Name":"Microsoft-Windows-PowerShell","Guid":"A0C1853B-5C40-4B15-8766-3CF1C58F985A"},"EventID":4103,"Version":1,"Level":4,"Task":106,"Opcode":20,"Keywords":"0x0","TimeCreated_attributes":{"SystemTime":"2021-12-19T15:13:49.026022Z"},"EventRecordID":153161,"Correlation_attributes":{"ActivityID":"7882B73A-E5EC-0000-C3B2-BF78ECE5D701"},"Execution_attributes":{"ProcessID":2392,"ThreadID":3520},"Channel":"Microsoft-Windows-PowerShell/Operational","Computer":"FS03.offsec.lan","Security_attributes":{"UserID":"S-1-5-21-4230534742-2542757381-3142984815-1111"}},"EventData":{"ContextInfo":"        Severity = Informational\r\n        Host Name = ConsoleHost\r\n        Host Version = 4.0\r\n        Host ID = e16c2105-d67f-4bd5-b52f-ba22bff6ffac\r\n        Host Application = C:\\Windows\\System32\\WindowsPowerShell\\v1.0\\powershell.exe\r\n        Engine Version = 4.0\r\n        Runspace ID = 20dcb711-97b2-47ff-9947-2c346e212ef7\r\n        Pipeline ID = 25\r\n        Command Name = \r\n        Command Type = Script\r\n        Script Name = \r\n        Command Path = \r\n        Sequence Number = 56\r\n        User = OFFSEC\\admmig\r\n        Shell ID = Microsoft.PowerShell\r\n","UserData":"","Payload":"CommandInvocation(Out-Default): \"Out-Default\"\r\n"}}}
{"Event_attributes":{"xmlns":"http://schemas.microsoft.com/win/2004/08/events/event"},"Event":{"System":{"Provider_attributes":{"Name":"Microsoft-Windows-PowerShell","Guid":"A0C1853B-5C40-4B15-8766-3CF1C58F985A"},"EventID":4104,"Version":1,"Level":5,"Task":102,"Opcode":15,"Keywords":"0x0","TimeCreated_attributes":{"SystemTime":"2021-12-19T15:13:49.041650Z"},"EventRecordID":153162,"Correlation_attributes":{"ActivityID":"7882B73A-E5EC-0000-C3B2-BF78ECE5D701"},"Execution_attributes":{"ProcessID":2392,"ThreadID":3520},"Channel":"Microsoft-Windows-PowerShell/Operational","Computer":"FS03.offsec.lan","Security_attributes":{"UserID":"S-1-5-21-4230534742-2542757381-3142984815-1111"}},"EventData":{"MessageNumber":1,"MessageTotal":1,"ScriptBlockText":"prompt","ScriptBlockId":"b18ebe4a-db7d-42a9-beb9-8474de0a6d67"}}}
