{"Event_attributes":{"xmlns":"http://schemas.microsoft.com/win/2004/08/events/event"},"Event":{"System":{"Provider_attributes":{"Name":"Microsoft-Windows-Bits-Client","Guid":"EF1CC15B-46C1-414E-BB95-E76B077BD51E"},"EventID":61,"Version":1,"Level":3,"Task":0,"Opcode":2,"Keywords":"0x4000000000000000","TimeCreated_attributes":{"SystemTime":"2020-10-20T21:30:19.748292Z"},"EventRecordID":8388,"Correlation_attributes":{"ActivityID":"940ED2B6-3A24-4FE5-BC79-BDEA70849E88"},"Execution_attributes":{"ProcessID":7492,"ThreadID":7712},"Channel":"Microsoft-Windows-Bits-Client/Operational","Computer":"MSEDGEWIN10","Security_attributes":{"UserID":"S-1-5-18"}},"EventData":{"transferId":"940ED2B6-3A24-4FE5-BC79-BDEA70849E88","name":"UpdateDescriptionXml","Id":"46D7C165-25D5-44FD-9D01-09715B849812","url":"https://g.live.com/1rewlive5skydrive/ODSUProduction","peer":"","hr":2147954407,"fileTime":"1601-01-01T00:00:00.000000Z","fileLength":18446744073709551615,"bytesTotal":18446744073709551615,"bytesTransferred":0,"proxy":"","peerProtocolFlags":0,"bytesTransferredFromPeer":0,"AdditionalInfoHr":0,"PeerContextInfo":0,"bandwidthLimit":18446744073709551615,"ignoreBandwidthLimitsOnLan":false}}}
{"Event_attributes":{"xmlns":"http://schemas.microsoft.com/win/2004/08/events/event"},"Event":{"System":{"Provider_attributes":{"Name":"Microsoft-Windows-Bits-Client","Guid":"EF1CC15B-46C1-414E-BB95-E76B077BD51E"},"EventID":61,"Version":1,"Level":3,"Task":0,"Opcode":2,"Keywords":"0x4000000000000000","TimeCreated_attributes":{"SystemTime":"2020-10-20T21:30:29.766063Z"},"EventRecordID":8389,"Correlation_attributes":{"ActivityID":"48139F1E-852B-4F2C-AEDB-35761B46BA19"},"Execution_attributes":{"ProcessID":7492,"ThreadID":3768},"Channel":"Microsoft-Windows-Bits-Client/Operational","Computer":"MSEDGEWIN10","Security_attributes":{"UserID":"S-1-5-18"}},"EventData":{"transferId":"48139F1E-852B-4F2C-AEDB-35761B46BA19","name":"UpdateDescriptionXml","Id":"46D7C165-25D5-44FD-9D01-09715B849812","url":"https://g.live.com/1rewlive5skydrive/ODSUProduction","peer":"","hr":2147954407,"fileTime":"1601-01-01T00:00:00.000000Z","fileLength":18446744073709551615,"bytesTotal":18446744073709551615,"bytesTransferred":0,"proxy":"","peerProtocolFlags":0,"bytesTransferredFromPeer":0,"AdditionalInfoHr":0,"PeerContextInfo":0,"bandwidthLimit":18446744073709551615,"ignoreBandwidthLimitsOnLan":false}}}
{"Event_attributes":{"xmlns":"http://schemas.microsoft.com/win/2004/08/events/event"},"Event":{"System":{"Provider_attributes":{"Name":"Microsoft-Windows-Bits-Client","Guid":"EF1CC15B-46C1-414E-BB95-E76B077BD51E"},"EventID":61,"Version":1,"Level":3,"Task":0,"Opcode":2,"Keywords":"0x4000000000000000","TimeCreated_attributes":{"SystemTime":"2020-10-20T21:30:44.753911Z"},"EventRecordID":8390,"Correlation_attributes":{"ActivityID":"87E80A4F-908D-4A5D-9AFC-00C975BD0BA1"},"Execution_attributes":{"ProcessID":7492,"ThreadID":7712},"Channel":"Microsoft-Windows-Bits-Client/Operational","Computer":"MSEDGEWIN10","Security_attributes":{"UserID":"S-1-5-18"}},"EventData":{"transferId":"87E80A4F-908D-4A5D-9AFC-00C975BD0BA1","name":"UpdateDescriptionXml","Id":"46D7C165-25D5-44FD-9D01-09715B849812","url":"https://g.live.com/1rewlive5skydrive/ODSUProduction","peer":"","hr":2147954407,"fileTime":"1601-01-01T00:00:00.000000Z","fileLength":18446744073709551615,"bytesTotal":18446744073709551615,"bytesTransferred":0,"proxy":"","peerProtocolFlags":0,"bytesTransferredFromPeer":0,"AdditionalInfoHr":0,"PeerContextInfo":0,"bandwidthLimit":18446744073709551615,"ignoreBandwidthLimitsOnLan":false}}}
{"Event_attributes":{"xmlns":"http://schemas.microsoft.com/win/2004/08/events/event"},"Event":{"System":{"Provider_attributes":{"Name":"Microsoft-Windows-Bits-Client","Guid":"EF1CC15B-46C1-414E-BB95-E76B077BD51E"},"EventID":61,"Version":1,"Level":3,"Task":0,"Opcode":2,"Keywords":"0x4000000000000000","TimeCreated_attributes":{"SystemTime":"2020-10-20T21:30:54.765991Z"},"EventRecordID":8391,"Correlation_attributes":{"ActivityID":"5A9FF6E9-D44D-4E21-9C5D-7841A6155062"},"Execution_attributes":{"ProcessID":7492,"ThreadID":3768},"Channel":"Microsoft-Windows-Bits-Client/Operational","Computer":"MSEDGEWIN10","Security_attributes":{"UserID":"S-1-5-18"}},"EventData":{"transferId":"5A9FF6E9-D44D-4E21-9C5D-7841A6155062","name":"UpdateDescriptionXml","Id":"46D7C165-25D5-44FD-9D01-09715B849812","url":"https://g.live.com/1rewlive5skydrive/ODSUProduction","peer":"","hr":2147954407,"fileTime":"1601-01-01T00:00:00.000000Z","fileLength":18446744073709551615,"bytesTotal":18446744073709551615,"bytesTransferred":0,"proxy":"","peerProtocolFlags":0,"bytesTransferredFromPeer":0,"AdditionalInfoHr":0,"PeerContextInfo":0,"bandwidthLimit":18446744073709551615,"ignoreBandwidthLimitsOnLan":false}}}
{"Event_attributes":{"xmlns":"http://schemas.microsoft.com/win/2004/08/events/event"},"Event":{"System":{"Provider_attributes":{"Name":"Microsoft-Windows-Bits-Client","Guid":"EF1CC15B-46C1-414E-BB95-E76B077BD51E"},"EventID":61,"Version":1,"Level":3,"Task":0,"Opcode":2,"Keywords":"0x4000000000000000","TimeCreated_attributes":{"SystemTime":"2020-10-20T21:31:04.790663Z"},"EventRecordID":8392,"Correlation_attributes":{"ActivityID":"92C9F932-7850-4B3A-87AF-A7B9A7C7DB14"},"Execution_attributes":{"ProcessID":7492,"ThreadID":7712},"Channel":"Microsoft-Windows-Bits-Client/Operational","Computer":"MSEDGEWIN10","Security_attributes":{"UserID":"S-1-5-18"}},"EventData":{"transferId":"92C9F932-7850-4B3A-87AF-A7B9A7C7DB14","name":"UpdateDescriptionXml","Id":"46D7C165-25D5-44FD-9D01-09715B849812","url":"https://g.live.com/1rewlive5skydrive/ODSUProduction","peer":"","hr":2147954407,"fileTime":"1601-01-01T00:00:00.000000Z","fileLength":18446744073709551615,"bytesTotal":18446744073709551615,"bytesTransferred":0,"proxy":"","peerProtocolFlags":0,"bytesTransferredFromPeer":0,"AdditionalInfoHr":0,"PeerContextInfo":0,"bandwidthLimit":18446744073709551615,"ignoreBandwidthLimitsOnLan":false}}}
{"Event_attributes":{"xmlns":"http://schemas.microsoft.com/win/2004/08/events/event"},"Event":{"System":{"Provider_attributes":{"Name":"Microsoft-Windows-Bits-Client","Guid":"EF1CC15B-46C1-414E-BB95-E76B077BD51E"},"EventID":61,"Version":1,"Level":3,"Task":0,"Opcode":2,"Keywords":"0x4000000000000000","TimeCreated_attributes":{"SystemTime":"2020-10-20T21:31:14.810406Z"},"EventRecordID":8393,"Correlation_attributes":{"ActivityID":"7F559509-956C-4B80-9545-B6915DD42E7A"},"Execution_attributes":{"ProcessID":7492,"ThreadID":5928},"Channel":"Microsoft-Windows-Bits-Client/Operational","Computer":"MSEDGEWIN10","Security_attributes":{"UserID":"S-1-5-18"}},"EventData":{"transferId":"7F559509-956C-4B80-9545-B6915DD42E7A","name":"UpdateDescriptionXml","Id":"46D7C165-25D5-44FD-9D01-09715B849812","url":"https://g.live.com/1rewlive5skydrive/ODSUProduction","peer":"","hr":2147954407,"fileTime":"1601-01-01T00:00:00.000000Z","fileLength":18446744073709551615,"bytesTotal":18446744073709551615,"bytesTransferred":0,"proxy":"","peerProtocolFlags":0,"bytesTransferredFromPeer":0,"AdditionalInfoHr":0,"PeerContextInfo":0,"bandwidthLimit":18446744073709551615,"ignoreBandwidthLimitsOnLan":false}}}
{"Event_attributes":{"xmlns":"http://schemas.microsoft.com/win/2004/08/events/event"},"Event":{"System":{"Provider_attributes":{"Name":"Microsoft-Windows-Bits-Client","Guid":"EF1CC15B-46C1-414E-BB95-E76B077BD51E"},"EventID":5,"Version":0,"Level":4,"Task":0,"Opcode":0,"Keywords":"0x4000000000000000","TimeCreated_attributes":{"SystemTime":"2020-10-20T21:31:29.810510Z"},"EventRecordID":8394,"Correlation":null,"Execution_attributes":{"ProcessID":7492,"ThreadID":5928},"Channel":"Microsoft-Windows-Bits-Client/Operational","Computer":"MSEDGEWIN10","Security_attributes":{"UserID":"S-1-5-21-3461203602-4096304019-2269080069-1000"}},"EventData":{"User":"MSEDGEWIN10\\IEUser","jobTitle":"UpdateDescriptionXml","jobId":"46D7C165-25D5-44FD-9D01-09715B849812","jobOwner":"MSEDGEWIN10\\IEUser","fileCount":1}}}
{"Event_attributes":{"xmlns":"http://schemas.microsoft.com/win/2004/08/events/event"},"Event":{"System":{"Provider_attributes":{"Name":"Microsoft-Windows-Bits-Client","Guid":"EF1CC15B-46C1-414E-BB95-E76B077BD51E"},"EventID":306,"Version":0,"Level":5,"Task":0,"Opcode":0,"Keywords":"0x4000000000000000","TimeCreated_attributes":{"SystemTime":"2020-10-23T21:09:52.743875Z"},"EventRecordID":8395,"Correlation":null,"Execution_attributes":{"ProcessID":5460,"ThreadID":5976},"Channel":"Microsoft-Windows-Bits-Client/Operational","Computer":"MSEDGEWIN10","Security_attributes":{"UserID":"S-1-5-18"}},"EventData":null}}
{"Event_attributes":{"xmlns":"http://schemas.microsoft.com/win/2004/08/events/event"},"Event":{"System":{"Provider_attributes":{"Name":"Microsoft-Windows-Bits-Client","Guid":"EF1CC15B-46C1-414E-BB95-E76B077BD51E"},"EventID":3,"Version":2,"Level":4,"Task":0,"Opcode":0,"Keywords":"0x4000000000000000","TimeCreated_attributes":{"SystemTime":"2020-10-23T21:09:55.714936Z"},"EventRecordID":8396,"Correlation":null,"Execution_attributes":{"ProcessID":5460,"ThreadID":7288},"Channel":"Microsoft-Windows-Bits-Client/Operational","Computer":"MSEDGEWIN10","Security_attributes":{"UserID":"S-1-5-18"}},"EventData":{"jobTitle":"C:\\Users\\IEUser\\AppData\\Local\\{5E4BE82C-5D56-456A-A73E-DAD75A58D342}","jobId":"FAD798DD-0C32-49E8-9382-3B70F97B713C","jobOwner":"NT AUTHORITY\\SYSTEM","processPath":"C:\\Program Files (x86)\\Google\\Update\\GoogleUpdate.exe","processId":5036}}}
{"Event_attributes":{"xmlns":"http://schemas.microsoft.com/win/2004/08/events/event"},"Event":{"System":{"Provider_attributes":{"Name":"Microsoft-Windows-Bits-Client","Guid":"EF1CC15B-46C1-414E-BB95-E76B077BD51E"},"EventID":61,"Version":1,"Level":3,"Task":0,"Opcode":2,"Keywords":"0x4000000000000000","TimeCreated_attributes":{"SystemTime":"2020-10-23T21:09:55.762458Z"},"EventRecordID":8397,"Correlation_attributes":{"ActivityID":"C3C8B4BF-481F-48DE-86F7-D1C11B6DD4A6"},"Execution_attributes":{"ProcessID":5460,"ThreadID":7288},"Channel":"Microsoft-Windows-Bits-Client/Operational","Computer":"MSEDGEWIN10","Security_attributes":{"UserID":"S-1-5-18"}},"EventData":{"transferId":"C3C8B4BF-481F-48DE-86F7-D1C11B6DD4A6","name":"C:\\Users\\IEUser\\AppData\\Local\\{5E4BE82C-5D56-456A-A73E-DAD75A58D342}","Id":"FAD798DD-0C32-49E8-9382-3B70F97B713C","url":"https://clients2.google.com/service/check2?crx3=true&appid=%7B430FD4D0-B729-4F61-AA34-91526481799D%7D&appversion=1.3.36.32&applang=&machine=1&version=1.3.36.32&userid=%7B41975F82-406F-4186-AABD-6E6A89517884%7D&osversion=10.0&servicepack=","peer":"","hr":2147954407,"fileTime":"1601-01-01T00:00:00.000000Z","fileLength":18446744073709551615,"bytesTotal":18446744073709551615,"bytesTransferred":0,"proxy":"","peerProtocolFlags":0,"bytesTransferredFromPeer":0,"AdditionalInfoHr":0,"PeerContextInfo":0,"bandwidthLimit":18446744073709551615,"ignoreBandwidthLimitsOnLan":false}}}
{"Event_attributes":{"xmlns":"http://schemas.microsoft.com/win/2004/08/events/event"},"Event":{"System":{"Provider_attributes":{"Name":"Microsoft-Windows-Bits-Client","Guid":"EF1CC15B-46C1-414E-BB95-E76B077BD51E"},"EventID":5,"Version":0,"Level":4,"Task":0,"Opcode":0,"Keywords":"0x4000000000000000","TimeCreated_attributes":{"SystemTime":"2020-10-23T21:09:55.767314Z"},"EventRecordID":8398,"Correlation":null,"Execution_attributes":{"ProcessID":5460,"ThreadID":7288},"Channel":"Microsoft-Windows-Bits-Client/Operational","Computer":"MSEDGEWIN10","Security_attributes":{"UserID":"S-1-5-18"}},"EventData":{"User":"NT AUTHORITY\\SYSTEM","jobTitle":"C:\\Users\\IEUser\\AppData\\Local\\{5E4BE82C-5D56-456A-A73E-DAD75A58D342}","jobId":"FAD798DD-0C32-49E8-9382-3B70F97B713C","jobOwner":"NT AUTHORITY\\SYSTEM","fileCount":1}}}
{"Event_attributes":{"xmlns":"http://schemas.microsoft.com/win/2004/08/events/event"},"Event":{"System":{"Provider_attributes":{"Name":"Microsoft-Windows-Bits-Client","Guid":"EF1CC15B-46C1-414E-BB95-E76B077BD51E"},"EventID":3,"Version":2,"Level":4,"Task":0,"Opcode":0,"Keywords":"0x4000000000000000","TimeCreated_attributes":{"SystemTime":"2020-10-23T21:09:55.793699Z"},"EventRecordID":8399,"Correlation":null,"Execution_attributes":{"ProcessID":5460,"ThreadID":7288},"Channel":"Microsoft-Windows-Bits-Client/Operational","Computer":"MSEDGEWIN10","Security_attributes":{"UserID":"S-1-5-18"}},"EventData":{"jobTitle":"C:\\Users\\IEUser\\AppData\\Local\\{5E4BE82C-5D56-456A-A73E-DAD75A58D342}","jobId":"AF7DD2A0-DB85-43CF-A671-7BA8AEB9BBD9","jobOwner":"NT AUTHORITY\\SYSTEM","processPath":"C:\\Program Files (x86)\\Google\\Update\\GoogleUpdate.exe","processId":5036}}}
{"Event_attributes":{"xmlns":"http://schemas.microsoft.com/win/2004/08/events/event"},"Event":{"System":{"Provider_attributes":{"Name":"Microsoft-Windows-Bits-Client","Guid":"EF1CC15B-46C1-414E-BB95-E76B077BD51E"},"EventID":61,"Version":1,"Level":3,"Task":0,"Opcode":2,"Keywords":"0x4000000000000000","TimeCreated_attributes":{"SystemTime":"2020-10-23T21:09:55.828731Z"},"EventRecordID":8400,"Correlation_attributes":{"ActivityID":"4FEEB21D-AB59-4345-906F-08E363179610"},"Execution_attributes":{"ProcessID":5460,"ThreadID":7288},"Channel":"Microsoft-Windows-Bits-Client/Operational","Computer":"MSEDGEWIN10","Security_attributes":{"UserID":"S-1-5-18"}},"EventData":{"transferId":"4FEEB21D-AB59-4345-906F-08E363179610","name":"C:\\Users\\IEUser\\AppData\\Local\\{5E4BE82C-5D56-456A-A73E-DAD75A58D342}","Id":"AF7DD2A0-DB85-43CF-A671-7BA8AEB9BBD9","url":"https://clients2.google.com/service/check2?crx3=true&appid=%7B430FD4D0-B729-4F61-AA34-91526481799D%7D&appversion=1.3.36.32&applang=&machine=1&version=1.3.36.32&userid=%7B41975F82-406F-4186-AABD-6E6A89517884%7D&osversion=10.0&servicepack=","peer":"","hr":2147954407,"fileTime":"1601-01-01T00:00:00.000000Z","fileLength":18446744073709551615,"bytesTotal":18446744073709551615,"bytesTransferred":0,"proxy":"","peerProtocolFlags":0,"bytesTransferredFromPeer":0,"AdditionalInfoHr":0,"PeerContextInfo":0,"bandwidthLimit":18446744073709551615,"ignoreBandwidthLimitsOnLan":false}}}
{"Event_attributes":{"xmlns":"http://schemas.microsoft.com/win/2004/08/events/event"},"Event":{"System":{"Provider_attributes":{"Name":"Microsoft-Windows-Bits-Client","Guid":"EF1CC15B-46C1-414E-BB95-E76B077BD51E"},"EventID":5,"Version":0,"Level":4,"Task":0,"Opcode":0,"Keywords":"0x4000000000000000","TimeCreated_attributes":{"SystemTime":"2020-10-23T21:09:55.846830Z"},"EventRecordID":8401,"Correlation":null,"Execution_attributes":{"ProcessID":5460,"ThreadID":7288},"Channel":"Microsoft-Windows-Bits-Client/Operational","Computer":"MSEDGEWIN10","Security_attributes":{"UserID":"S-1-5-18"}},"EventData":{"User":"NT AUTHORITY\\SYSTEM","jobTitle":"C:\\Users\\IEUser\\AppData\\Local\\{5E4BE82C-5D56-456A-A73E-DAD75A58D342}","jobId":"AF7DD2A0-DB85-43CF-A671-7BA8AEB9BBD9","jobOwner":"NT AUTHORITY\\SYSTEM","fileCount":1}}}
{"Event_attributes":{"xmlns":"http://schemas.microsoft.com/win/2004/08/events/event"},"Event":{"System":{"Provider_attributes":{"Name":"Microsoft-Windows-Bits-Client","Guid":"EF1CC15B-46C1-414E-BB95-E76B077BD51E"},"EventID":3,"Version":2,"Level":4,"Task":0,"Opcode":0,"Keywords":"0x4000000000000000","TimeCreated_attributes":{"SystemTime":"2020-10-23T21:09:56.021616Z"},"EventRecordID":8402,"Correlation":null,"Execution_attributes":{"ProcessID":5460,"ThreadID":7288},"Channel":"Microsoft-Windows-Bits-Client/Operational","Computer":"MSEDGEWIN10","Security_attributes":{"UserID":"S-1-5-18"}},"EventData":{"jobTitle":"C:\\Program Files (x86)\\Google\\Update\\1.3.36.32\\Recovery\\GURCC0A.tmp\\GoogleUpdateSetup.crx3","jobId":"A79F49B5-2814-442B-9A94-169BA764F0F9","jobOwner":"NT AUTHORITY\\SYSTEM","processPath":"C:\\Program Files (x86)\\Google\\Update\\GoogleUpdate.exe","processId":5036}}}
{"Event_attributes":{"xmlns":"http://schemas.microsoft.com/win/2004/08/events/event"},"Event":{"System":{"Provider_attributes":{"Name":"Microsoft-Windows-Bits-Client","Guid":"EF1CC15B-46C1-414E-BB95-E76B077BD51E"},"EventID":61,"Version":1,"Level":3,"Task":0,"Opcode":2,"Keywords":"0x4000000000000000","TimeCreated_attributes":{"SystemTime":"2020-10-23T21:09:56.113952Z"},"EventRecordID":8403,"Correlation_attributes":{"ActivityID":"3BC518EB-67DA-4230-AC89-E4E0880A77EC"},"Execution_attributes":{"ProcessID":5460,"ThreadID":7276},"Channel":"Microsoft-Windows-Bits-Client/Operational","Computer":"MSEDGEWIN10","Security_attributes":{"UserID":"S-1-5-18"}},"EventData":{"transferId":"3BC518EB-67DA-4230-AC89-E4E0880A77EC","name":"C:\\Program Files (x86)\\Google\\Update\\1.3.36.32\\Recovery\\GURCC0A.tmp\\GoogleUpdateSetup.crx3","Id":"A79F49B5-2814-442B-9A94-169BA764F0F9","url":"https://clients2.google.com/service/check2?crx3=true&appid=%7B430FD4D0-B729-4F61-AA34-91526481799D%7D&appversion=1.3.36.32&applang=&machine=1&version=1.3.36.32&userid=%7B41975F82-406F-4186-AABD-6E6A89517884%7D&osversion=10.0&servicepack=","peer":"","hr":2147954407,"fileTime":"1601-01-01T00:00:00.000000Z","fileLength":18446744073709551615,"bytesTotal":18446744073709551615,"bytesTransferred":0,"proxy":"","peerProtocolFlags":0,"bytesTransferredFromPeer":0,"AdditionalInfoHr":0,"PeerContextInfo":0,"bandwidthLimit":18446744073709551615,"ignoreBandwidthLimitsOnLan":false}}}
{"Event_attributes":{"xmlns":"http://schemas.microsoft.com/win/2004/08/events/event"},"Event":{"System":{"Provider_attributes":{"Name":"Microsoft-Windows-Bits-Client","Guid":"EF1CC15B-46C1-414E-BB95-E76B077BD51E"},"EventID":5,"Version":0,"Level":4,"Task":0,"Opcode":0,"Keywords":"0x4000000000000000","TimeCreated_attributes":{"SystemTime":"2020-10-23T21:09:56.133869Z"},"EventRecordID":8404,"Correlation":null,"Execution_attributes":{"ProcessID":5460,"ThreadID":7276},"Channel":"Microsoft-Windows-Bits-Client/Operational","Computer":"MSEDGEWIN10","Security_attributes":{"UserID":"S-1-5-18"}},"EventData":{"User":"NT AUTHORITY\\SYSTEM","jobTitle":"C:\\Program Files (x86)\\Google\\Update\\1.3.36.32\\Recovery\\GURCC0A.tmp\\GoogleUpdateSetup.crx3","jobId":"A79F49B5-2814-442B-9A94-169BA764F0F9","jobOwner":"NT AUTHORITY\\SYSTEM","fileCount":1}}}
{"Event_attributes":{"xmlns":"http://schemas.microsoft.com/win/2004/08/events/event"},"Event":{"System":{"Provider_attributes":{"Name":"Microsoft-Windows-Bits-Client","Guid":"EF1CC15B-46C1-414E-BB95-E76B077BD51E"},"EventID":3,"Version":2,"Level":4,"Task":0,"Opcode":0,"Keywords":"0x4000000000000000","TimeCreated_attributes":{"SystemTime":"2020-10-23T21:09:56.208905Z"},"EventRecordID":8405,"Correlation":null,"Execution_attributes":{"ProcessID":5460,"ThreadID":7276},"Channel":"Microsoft-Windows-Bits-Client/Operational","Computer":"MSEDGEWIN10","Security_attributes":{"UserID":"S-1-5-18"}},"EventData":{"jobTitle":"C:\\Program Files (x86)\\Google\\Update\\1.3.36.32\\Recovery\\GURCC0A.tmp\\GoogleUpdateSetup.crx3","jobId":"BE3ECE44-A469-4613-8547-17E1CB04305B","jobOwner":"NT AUTHORITY\\SYSTEM","processPath":"C:\\Program Files (x86)\\Google\\Update\\GoogleUpdate.exe","processId":5036}}}
{"Event_attributes":{"xmlns":"http://schemas.microsoft.com/win/2004/08/events/event"},"Event":{"System":{"Provider_attributes":{"Name":"Microsoft-Windows-Bits-Client","Guid":"EF1CC15B-46C1-414E-BB95-E76B077BD51E"},"EventID":61,"Version":1,"Level":3,"Task":0,"Opcode":2,"Keywords":"0x4000000000000000","TimeCreated_attributes":{"SystemTime":"2020-10-23T21:09:56.224153Z"},"EventRecordID":8406,"Correlation_attributes":{"ActivityID":"F9C7DCCC-2343-4065-A07D-818F748DDC5F"},"Execution_attributes":{"ProcessID":5460,"ThreadID":7288},"Channel":"Microsoft-Windows-Bits-Client/Operational","Computer":"MSEDGEWIN10","Security_attributes":{"UserID":"S-1-5-18"}},"EventData":{"transferId":"F9C7DCCC-2343-4065-A07D-818F748DDC5F","name":"C:\\Program Files (x86)\\Google\\Update\\1.3.36.32\\Recovery\\GURCC0A.tmp\\GoogleUpdateSetup.crx3","Id":"BE3ECE44-A469-4613-8547-17E1CB04305B","url":"https://clients2.google.com/service/check2?crx3=true&appid=%7B430FD4D0-B729-4F61-AA34-91526481799D%7D&appversion=1.3.36.32&applang=&machine=1&version=1.3.36.32&userid=%7B41975F82-406F-4186-AABD-6E6A89517884%7D&osversion=10.0&servicepack=","peer":"","hr":2147954407,"fileTime":"1601-01-01T00:00:00.000000Z","fileLength":18446744073709551615,"bytesTotal":18446744073709551615,"bytesTransferred":0,"proxy":"","peerProtocolFlags":0,"bytesTransferredFromPeer":0,"AdditionalInfoHr":0,"PeerContextInfo":0,"bandwidthLimit":18446744073709551615,"ignoreBandwidthLimitsOnLan":false}}}
{"Event_attributes":{"xmlns":"http://schemas.microsoft.com/win/2004/08/events/event"},"Event":{"System":{"Provider_attributes":{"Name":"Microsoft-Windows-Bits-Client","Guid":"EF1CC15B-46C1-414E-BB95-E76B077BD51E"},"EventID":5,"Version":0,"Level":4,"Task":0,"Opcode":0,"Keywords":"0x4000000000000000","TimeCreated_attributes":{"SystemTime":"2020-10-23T21:09:56.306786Z"},"EventRecordID":8407,"Correlation":null,"Execution_attributes":{"ProcessID":5460,"ThreadID":7288},"Channel":"Microsoft-Windows-Bits-Client/Operational","Computer":"MSEDGEWIN10","Security_attributes":{"UserID":"S-1-5-18"}},"EventData":{"User":"NT AUTHORITY\\SYSTEM","jobTitle":"C:\\Program Files (x86)\\Google\\Update\\1.3.36.32\\Recovery\\GURCC0A.tmp\\GoogleUpdateSetup.crx3","jobId":"BE3ECE44-A469-4613-8547-17E1CB04305B","jobOwner":"NT AUTHORITY\\SYSTEM","fileCount":1}}}
{"Event_attributes":{"xmlns":"http://schemas.microsoft.com/win/2004/08/events/event"},"Event":{"System":{"Provider_attributes":{"Name":"Microsoft-Windows-Bits-Client","Guid":"EF1CC15B-46C1-414E-BB95-E76B077BD51E"},"EventID":306,"Version":0,"Level":5,"Task":0,"Opcode":0,"Keywords":"0x4000000000000000","TimeCreated_attributes":{"SystemTime":"2020-10-23T21:12:21.220446Z"},"EventRecordID":8408,"Correlation":null,"Execution_attributes":{"ProcessID":412,"ThreadID":4676},"Channel":"Microsoft-Windows-Bits-Client/Operational","Computer":"MSEDGEWIN10","Security_attributes":{"UserID":"S-1-5-18"}},"EventData":null}}
{"Event_attributes":{"xmlns":"http://schemas.microsoft.com/win/2004/08/events/event"},"Event":{"System":{"Provider_attributes":{"Name":"Microsoft-Windows-Bits-Client","Guid":"EF1CC15B-46C1-414E-BB95-E76B077BD51E"},"EventID":3,"Version":2,"Level":4,"Task":0,"Opcode":0,"Keywords":"0x4000000000000000","TimeCreated_attributes":{"SystemTime":"2020-10-23T21:12:21.527366Z"},"EventRecordID":8409,"Correlation":null,"Execution_attributes":{"ProcessID":412,"ThreadID":3892},"Channel":"Microsoft-Windows-Bits-Client/Operational","Computer":"MSEDGEWIN10","Security_attributes":{"UserID":"S-1-5-18"}},"EventData":{"jobTitle":"PreSignInSettingsConfigJSON","jobId":"8E8BAAFE-CD10-42B1-A80C-E9674FFF8EC0","jobOwner":"MSEDGEWIN10\\IEUser","processPath":"C:\\Users\\IEUser\\AppData\\Local\\Microsoft\\OneDrive\\OneDriveStandaloneUpdater.exe","processId":3520}}}
{"Event_attributes":{"xmlns":"http://schemas.microsoft.com/win/2004/08/events/event"},"Event":{"System":{"Provider_attributes":{"Name":"Microsoft-Windows-Bits-Client","Guid":"EF1CC15B-46C1-414E-BB95-E76B077BD51E"},"EventID":61,"Version":1,"Level":3,"Task":0,"Opcode":2,"Keywords":"0x4000000000000000","TimeCreated_attributes":{"SystemTime":"2020-10-23T21:12:21.588588Z"},"EventRecordID":8410,"Correlation_attributes":{"ActivityID":"43847699-AA55-4E8F-BE90-3FCC8B633130"},"Execution_attributes":{"ProcessID":412,"ThreadID":3064},"Channel":"Microsoft-Windows-Bits-Client/Operational","Computer":"MSEDGEWIN10","Security_attributes":{"UserID":"S-1-5-18"}},"EventData":{"transferId":"43847699-AA55-4E8F-BE90-3FCC8B633130","name":"PreSignInSettingsConfigJSON","Id":"8E8BAAFE-CD10-42B1-A80C-E9674FFF8EC0","url":"https://g.live.com/odclientsettings/Prod","peer":"","hr":2147954407,"fileTime":"1601-01-01T00:00:00.000000Z","fileLength":18446744073709551615,"bytesTotal":18446744073709551615,"bytesTransferred":0,"proxy":"","peerProtocolFlags":0,"bytesTransferredFromPeer":0,"AdditionalInfoHr":0,"PeerContextInfo":0,"bandwidthLimit":18446744073709551615,"ignoreBandwidthLimitsOnLan":false}}}
{"Event_attributes":{"xmlns":"http://schemas.microsoft.com/win/2004/08/events/event"},"Event":{"System":{"Provider_attributes":{"Name":"Microsoft-Windows-Bits-Client","Guid":"EF1CC15B-46C1-414E-BB95-E76B077BD51E"},"EventID":61,"Version":1,"Level":3,"Task":0,"Opcode":2,"Keywords":"0x4000000000000000","TimeCreated_attributes":{"SystemTime":"2020-10-23T21:12:31.609519Z"},"EventRecordID":8411,"Correlation_attributes":{"ActivityID":"59B23CF5-26DB-490F-9098-D24F2F882869"},"Execution_attributes":{"ProcessID":412,"ThreadID":1144},"Channel":"Microsoft-Windows-Bits-Client/Operational","Computer":"MSEDGEWIN10","Security_attributes":{"UserID":"S-1-5-18"}},"EventData":{"transferId":"59B23CF5-26DB-490F-9098-D24F2F882869","name":"PreSignInSettingsConfigJSON","Id":"8E8BAAFE-CD10-42B1-A80C-E9674FFF8EC0","url":"https://g.live.com/odclientsettings/Prod","peer":"","hr":2147954407,"fileTime":"1601-01-01T00:00:00.000000Z","fileLength":18446744073709551615,"bytesTotal":18446744073709551615,"bytesTransferred":0,"proxy":"","peerProtocolFlags":0,"bytesTransferredFromPeer":0,"AdditionalInfoHr":0,"PeerContextInfo":0,"bandwidthLimit":18446744073709551615,"ignoreBandwidthLimitsOnLan":false}}}
{"Event_attributes":{"xmlns":"http://schemas.microsoft.com/win/2004/08/events/event"},"Event":{"System":{"Provider_attributes":{"Name":"Microsoft-Windows-Bits-Client","Guid":"EF1CC15B-46C1-414E-BB95-E76B077BD51E"},"EventID":61,"Version":1,"Level":3,"Task":0,"Opcode":2,"Keywords":"0x4000000000000000","TimeCreated_attributes":{"SystemTime":"2020-10-23T21:12:41.643842Z"},"EventRecordID":8412,"Correlation_attributes":{"ActivityID":"E3E7AF7A-0663-46FA-B506-7DF63B1F3640"},"Execution_attributes":{"ProcessID":412,"ThreadID":1144},"Channel":"Microsoft-Windows-Bits-Client/Operational","Computer":"MSEDGEWIN10","Security_attributes":{"UserID":"S-1-5-18"}},"EventData":{"transferId":"E3E7AF7A-0663-46FA-B506-7DF63B1F3640","name":"PreSignInSettingsConfigJSON","Id":"8E8BAAFE-CD10-42B1-A80C-E9674FFF8EC0","url":"https://g.live.com/odclientsettings/Prod","peer":"","hr":2147954407,"fileTime":"1601-01-01T00:00:00.000000Z","fileLength":18446744073709551615,"bytesTotal":18446744073709551615,"bytesTransferred":0,"proxy":"","peerProtocolFlags":0,"bytesTransferredFromPeer":0,"AdditionalInfoHr":0,"PeerContextInfo":0,"bandwidthLimit":18446744073709551615,"ignoreBandwidthLimitsOnLan":false}}}
{"Event_attributes":{"xmlns":"http://schemas.microsoft.com/win/2004/08/events/event"},"Event":{"System":{"Provider_attributes":{"Name":"Microsoft-Windows-Bits-Client","Guid":"EF1CC15B-46C1-414E-BB95-E76B077BD51E"},"EventID":61,"Version":1,"Level":3,"Task":0,"Opcode":2,"Keywords":"0x4000000000000000","TimeCreated_attributes":{"SystemTime":"2020-10-23T21:12:51.674862Z"},"EventRecordID":8413,"Correlation_attributes":{"ActivityID":"47822F6C-CDF2-4B04-8BA3-3C5495E3FCC2"},"Execution_attributes":{"ProcessID":412,"ThreadID":3892},"Channel":"Microsoft-Windows-Bits-Client/Operational","Computer":"MSEDGEWIN10","Security_attributes":{"UserID":"S-1-5-18"}},"EventData":{"transferId":"47822F6C-CDF2-4B04-8BA3-3C5495E3FCC2","name":"PreSignInSettingsConfigJSON","Id":"8E8BAAFE-CD10-42B1-A80C-E9674FFF8EC0","url":"https://g.live.com/odclientsettings/Prod","peer":"","hr":2147954407,"fileTime":"1601-01-01T00:00:00.000000Z","fileLength":18446744073709551615,"bytesTotal":18446744073709551615,"bytesTransferred":0,"proxy":"","peerProtocolFlags":0,"bytesTransferredFromPeer":0,"AdditionalInfoHr":0,"PeerContextInfo":0,"bandwidthLimit":18446744073709551615,"ignoreBandwidthLimitsOnLan":false}}}
{"Event_attributes":{"xmlns":"http://schemas.microsoft.com/win/2004/08/events/event"},"Event":{"System":{"Provider_attributes":{"Name":"Microsoft-Windows-Bits-Client","Guid":"EF1CC15B-46C1-414E-BB95-E76B077BD51E"},"EventID":61,"Version":1,"Level":3,"Task":0,"Opcode":2,"Keywords":"0x4000000000000000","TimeCreated_attributes":{"SystemTime":"2020-10-23T21:13:06.661441Z"},"EventRecordID":8414,"Correlation_attributes":{"ActivityID":"351FC36D-2FDE-4ACE-9369-F48A4CD497F7"},"Execution_attributes":{"ProcessID":412,"ThreadID":3892},"Channel":"Microsoft-Windows-Bits-Client/Operational","Computer":"MSEDGEWIN10","Security_attributes":{"UserID":"S-1-5-18"}},"EventData":{"transferId":"351FC36D-2FDE-4ACE-9369-F48A4CD497F7","name":"PreSignInSettingsConfigJSON","Id":"8E8BAAFE-CD10-42B1-A80C-E9674FFF8EC0","url":"https://g.live.com/odclientsettings/Prod","peer":"","hr":2147954407,"fileTime":"1601-01-01T00:00:00.000000Z","fileLength":18446744073709551615,"bytesTotal":18446744073709551615,"bytesTransferred":0,"proxy":"","peerProtocolFlags":0,"bytesTransferredFromPeer":0,"AdditionalInfoHr":0,"PeerContextInfo":0,"bandwidthLimit":18446744073709551615,"ignoreBandwidthLimitsOnLan":false}}}
{"Event_attributes":{"xmlns":"http://schemas.microsoft.com/win/2004/08/events/event"},"Event":{"System":{"Provider_attributes":{"Name":"Microsoft-Windows-Bits-Client","Guid":"EF1CC15B-46C1-414E-BB95-E76B077BD51E"},"EventID":61,"Version":1,"Level":3,"Task":0,"Opcode":2,"Keywords":"0x4000000000000000","TimeCreated_attributes":{"SystemTime":"2020-10-23T21:13:16.673293Z"},"EventRecordID":8415,"Correlation_attributes":{"ActivityID":"BD06C7E9-7019-41C7-80EE-B7B244F665DF"},"Execution_attributes":{"ProcessID":412,"ThreadID":3064},"Channel":"Microsoft-Windows-Bits-Client/Operational","Computer":"MSEDGEWIN10","Security_attributes":{"UserID":"S-1-5-18"}},"EventData":{"transferId":"BD06C7E9-7019-41C7-80EE-B7B244F665DF","name":"PreSignInSettingsConfigJSON","Id":"8E8BAAFE-CD10-42B1-A80C-E9674FFF8EC0","url":"https://g.live.com/odclientsettings/Prod","peer":"","hr":2147954407,"fileTime":"1601-01-01T00:00:00.000000Z","fileLength":18446744073709551615,"bytesTotal":18446744073709551615,"bytesTransferred":0,"proxy":"","peerProtocolFlags":0,"bytesTransferredFromPeer":0,"AdditionalInfoHr":0,"PeerContextInfo":0,"bandwidthLimit":18446744073709551615,"ignoreBandwidthLimitsOnLan":false}}}
{"Event_attributes":{"xmlns":"http://schemas.microsoft.com/win/2004/08/events/event"},"Event":{"System":{"Provider_attributes":{"Name":"Microsoft-Windows-Bits-Client","Guid":"EF1CC15B-46C1-414E-BB95-E76B077BD51E"},"EventID":61,"Version":1,"Level":3,"Task":0,"Opcode":2,"Keywords":"0x4000000000000000","TimeCreated_attributes":{"SystemTime":"2020-10-23T21:13:26.688834Z"},"EventRecordID":8416,"Correlation_attributes":{"ActivityID":"D65E0EA3-2D42-49F7-B7F5-3D2C10C7AA54"},"Execution_attributes":{"ProcessID":412,"ThreadID":1144},"Channel":"Microsoft-Windows-Bits-Client/Operational","Computer":"MSEDGEWIN10","Security_attributes":{"UserID":"S-1-5-18"}},"EventData":{"transferId":"D65E0EA3-2D42-49F7-B7F5-3D2C10C7AA54","name":"PreSignInSettingsConfigJSON","Id":"8E8BAAFE-CD10-42B1-A80C-E9674FFF8EC0","url":"https://g.live.com/odclientsettings/Prod","peer":"","hr":2147954407,"fileTime":"1601-01-01T00:00:00.000000Z","fileLength":18446744073709551615,"bytesTotal":18446744073709551615,"bytesTransferred":0,"proxy":"","peerProtocolFlags":0,"bytesTransferredFromPeer":0,"AdditionalInfoHr":0,"PeerContextInfo":0,"bandwidthLimit":18446744073709551615,"ignoreBandwidthLimitsOnLan":false}}}
{"Event_attributes":{"xmlns":"http://schemas.microsoft.com/win/2004/08/events/event"},"Event":{"System":{"Provider_attributes":{"Name":"Microsoft-Windows-Bits-Client","Guid":"EF1CC15B-46C1-414E-BB95-E76B077BD51E"},"EventID":61,"Version":1,"Level":3,"Task":0,"Opcode":2,"Keywords":"0x4000000000000000","TimeCreated_attributes":{"SystemTime":"2020-10-23T21:13:36.695636Z"},"EventRecordID":8417,"Correlation_attributes":{"ActivityID":"CFBEE42B-1332-45C3-9C4F-D4CB7E97F2DF"},"Execution_attributes":{"ProcessID":412,"ThreadID":1672},"Channel":"Microsoft-Windows-Bits-Client/Operational","Computer":"MSEDGEWIN10","Security_attributes":{"UserID":"S-1-5-18"}},"EventData":{"transferId":"CFBEE42B-1332-45C3-9C4F-D4CB7E97F2DF","name":"PreSignInSettingsConfigJSON","Id":"8E8BAAFE-CD10-42B1-A80C-E9674FFF8EC0","url":"https://g.live.com/odclientsettings/Prod","peer":"","hr":2147954407,"fileTime":"1601-01-01T00:00:00.000000Z","fileLength":18446744073709551615,"bytesTotal":18446744073709551615,"bytesTransferred":0,"proxy":"","peerProtocolFlags":0,"bytesTransferredFromPeer":0,"AdditionalInfoHr":0,"PeerContextInfo":0,"bandwidthLimit":18446744073709551615,"ignoreBandwidthLimitsOnLan":false}}}
{"Event_attributes":{"xmlns":"http://schemas.microsoft.com/win/2004/08/events/event"},"Event":{"System":{"Provider_attributes":{"Name":"Microsoft-Windows-Bits-Client","Guid":"EF1CC15B-46C1-414E-BB95-E76B077BD51E"},"EventID":61,"Version":1,"Level":3,"Task":0,"Opcode":2,"Keywords":"0x4000000000000000","TimeCreated_attributes":{"SystemTime":"2020-10-23T21:13:51.711086Z"},"EventRecordID":8418,"Correlation_attributes":{"ActivityID":"DE68D88E-DFA4-49AF-9A48-E17B7143C8F8"},"Execution_attributes":{"ProcessID":412,"ThreadID":1144},"Channel":"Microsoft-Windows-Bits-Client/Operational","Computer":"MSEDGEWIN10","Security_attributes":{"UserID":"S-1-5-18"}},"EventData":{"transferId":"DE68D88E-DFA4-49AF-9A48-E17B7143C8F8","name":"PreSignInSettingsConfigJSON","Id":"8E8BAAFE-CD10-42B1-A80C-E9674FFF8EC0","url":"https://g.live.com/odclientsettings/Prod","peer":"","hr":2147954407,"fileTime":"1601-01-01T00:00:00.000000Z","fileLength":18446744073709551615,"bytesTotal":18446744073709551615,"bytesTransferred":0,"proxy":"","peerProtocolFlags":0,"bytesTransferredFromPeer":0,"AdditionalInfoHr":0,"PeerContextInfo":0,"bandwidthLimit":18446744073709551615,"ignoreBandwidthLimitsOnLan":false}}}
{"Event_attributes":{"xmlns":"http://schemas.microsoft.com/win/2004/08/events/event"},"Event":{"System":{"Provider_attributes":{"Name":"Microsoft-Windows-Bits-Client","Guid":"EF1CC15B-46C1-414E-BB95-E76B077BD51E"},"EventID":61,"Version":1,"Level":3,"Task":0,"Opcode":2,"Keywords":"0x4000000000000000","TimeCreated_attributes":{"SystemTime":"2020-10-23T21:14:01.713130Z"},"EventRecordID":8419,"Correlation_attributes":{"ActivityID":"EAE98A0F-6889-43DC-A7A8-5656946450BB"},"Execution_attributes":{"ProcessID":412,"ThreadID":1144},"Channel":"Microsoft-Windows-Bits-Client/Operational","Computer":"MSEDGEWIN10","Security_attributes":{"UserID":"S-1-5-18"}},"EventData":{"transferId":"EAE98A0F-6889-43DC-A7A8-5656946450BB","name":"PreSignInSettingsConfigJSON","Id":"8E8BAAFE-CD10-42B1-A80C-E9674FFF8EC0","url":"https://g.live.com/odclientsettings/Prod","peer":"","hr":2147954407,"fileTime":"1601-01-01T00:00:00.000000Z","fileLength":18446744073709551615,"bytesTotal":18446744073709551615,"bytesTransferred":0,"proxy":"","peerProtocolFlags":0,"bytesTransferredFromPeer":0,"AdditionalInfoHr":0,"PeerContextInfo":0,"bandwidthLimit":18446744073709551615,"ignoreBandwidthLimitsOnLan":false}}}
{"Event_attributes":{"xmlns":"http://schemas.microsoft.com/win/2004/08/events/event"},"Event":{"System":{"Provider_attributes":{"Name":"Microsoft-Windows-Bits-Client","Guid":"EF1CC15B-46C1-414E-BB95-E76B077BD51E"},"EventID":61,"Version":1,"Level":3,"Task":0,"Opcode":2,"Keywords":"0x4000000000000000","TimeCreated_attributes":{"SystemTime":"2020-10-23T21:14:11.729679Z"},"EventRecordID":8420,"Correlation_attributes":{"ActivityID":"9563C413-60CB-47CD-B9F6-7FC725FD47FA"},"Execution_attributes":{"ProcessID":412,"ThreadID":1144},"Channel":"Microsoft-Windows-Bits-Client/Operational","Computer":"MSEDGEWIN10","Security_attributes":{"UserID":"S-1-5-18"}},"EventData":{"transferId":"9563C413-60CB-47CD-B9F6-7FC725FD47FA","name":"PreSignInSettingsConfigJSON","Id":"8E8BAAFE-CD10-42B1-A80C-E9674FFF8EC0","url":"https://g.live.com/odclientsettings/Prod","peer":"","hr":2147954407,"fileTime":"1601-01-01T00:00:00.000000Z","fileLength":18446744073709551615,"bytesTotal":18446744073709551615,"bytesTransferred":0,"proxy":"","peerProtocolFlags":0,"bytesTransferredFromPeer":0,"AdditionalInfoHr":0,"PeerContextInfo":0,"bandwidthLimit":18446744073709551615,"ignoreBandwidthLimitsOnLan":false}}}
{"Event_attributes":{"xmlns":"http://schemas.microsoft.com/win/2004/08/events/event"},"Event":{"System":{"Provider_attributes":{"Name":"Microsoft-Windows-Bits-Client","Guid":"EF1CC15B-46C1-414E-BB95-E76B077BD51E"},"EventID":61,"Version":1,"Level":3,"Task":0,"Opcode":2,"Keywords":"0x4000000000000000","TimeCreated_attributes":{"SystemTime":"2020-10-23T21:14:21.752954Z"},"EventRecordID":8421,"Correlation_attributes":{"ActivityID":"9AB17EB0-EA53-4B37-887F-45E45D9977EE"},"Execution_attributes":{"ProcessID":412,"ThreadID":1144},"Channel":"Microsoft-Windows-Bits-Client/Operational","Computer":"MSEDGEWIN10","Security_attributes":{"UserID":"S-1-5-18"}},"EventData":{"transferId":"9AB17EB0-EA53-4B37-887F-45E45D9977EE","name":"PreSignInSettingsConfigJSON","Id":"8E8BAAFE-CD10-42B1-A80C-E9674FFF8EC0","url":"https://g.live.com/odclientsettings/Prod","peer":"","hr":2147954407,"fileTime":"1601-01-01T00:00:00.000000Z","fileLength":18446744073709551615,"bytesTotal":18446744073709551615,"bytesTransferred":0,"proxy":"","peerProtocolFlags":0,"bytesTransferredFromPeer":0,"AdditionalInfoHr":0,"PeerContextInfo":0,"bandwidthLimit":18446744073709551615,"ignoreBandwidthLimitsOnLan":false}}}
{"Event_attributes":{"xmlns":"http://schemas.microsoft.com/win/2004/08/events/event"},"Event":{"System":{"Provider_attributes":{"Name":"Microsoft-Windows-Bits-Client","Guid":"EF1CC15B-46C1-414E-BB95-E76B077BD51E"},"EventID":61,"Version":1,"Level":3,"Task":0,"Opcode":2,"Keywords":"0x4000000000000000","TimeCreated_attributes":{"SystemTime":"2020-10-23T21:14:36.763429Z"},"EventRecordID":8422,"Correlation_attributes":{"ActivityID":"08E39DB2-39BA-4E8C-BB8E-228912AD81DE"},"Execution_attributes":{"ProcessID":412,"ThreadID":3064},"Channel":"Microsoft-Windows-Bits-Client/Operational","Computer":"MSEDGEWIN10","Security_attributes":{"UserID":"S-1-5-18"}},"EventData":{"transferId":"08E39DB2-39BA-4E8C-BB8E-228912AD81DE","name":"PreSignInSettingsConfigJSON","Id":"8E8BAAFE-CD10-42B1-A80C-E9674FFF8EC0","url":"https://g.live.com/odclientsettings/Prod","peer":"","hr":2147954407,"fileTime":"1601-01-01T00:00:00.000000Z","fileLength":18446744073709551615,"bytesTotal":18446744073709551615,"bytesTransferred":0,"proxy":"","peerProtocolFlags":0,"bytesTransferredFromPeer":0,"AdditionalInfoHr":0,"PeerContextInfo":0,"bandwidthLimit":18446744073709551615,"ignoreBandwidthLimitsOnLan":false}}}
{"Event_attributes":{"xmlns":"http://schemas.microsoft.com/win/2004/08/events/event"},"Event":{"System":{"Provider_attributes":{"Name":"Microsoft-Windows-Bits-Client","Guid":"EF1CC15B-46C1-414E-BB95-E76B077BD51E"},"EventID":61,"Version":1,"Level":3,"Task":0,"Opcode":2,"Keywords":"0x4000000000000000","TimeCreated_attributes":{"SystemTime":"2020-10-23T21:14:46.780521Z"},"EventRecordID":8423,"Correlation_attributes":{"ActivityID":"C19B1B02-7A4C-4632-A64B-33D28BCD37F4"},"Execution_attributes":{"ProcessID":412,"ThreadID":1672},"Channel":"Microsoft-Windows-Bits-Client/Operational","Computer":"MSEDGEWIN10","Security_attributes":{"UserID":"S-1-5-18"}},"EventData":{"transferId":"C19B1B02-7A4C-4632-A64B-33D28BCD37F4","name":"PreSignInSettingsConfigJSON","Id":"8E8BAAFE-CD10-42B1-A80C-E9674FFF8EC0","url":"https://g.live.com/odclientsettings/Prod","peer":"","hr":2147954407,"fileTime":"1601-01-01T00:00:00.000000Z","fileLength":18446744073709551615,"bytesTotal":18446744073709551615,"bytesTransferred":0,"proxy":"","peerProtocolFlags":0,"bytesTransferredFromPeer":0,"AdditionalInfoHr":0,"PeerContextInfo":0,"bandwidthLimit":18446744073709551615,"ignoreBandwidthLimitsOnLan":false}}}
{"Event_attributes":{"xmlns":"http://schemas.microsoft.com/win/2004/08/events/event"},"Event":{"System":{"Provider_attributes":{"Name":"Microsoft-Windows-Bits-Client","Guid":"EF1CC15B-46C1-414E-BB95-E76B077BD51E"},"EventID":61,"Version":1,"Level":3,"Task":0,"Opcode":2,"Keywords":"0x4000000000000000","TimeCreated_attributes":{"SystemTime":"2020-10-23T21:14:56.797707Z"},"EventRecordID":8424,"Correlation_attributes":{"ActivityID":"7A7FBD21-2084-4AE9-9682-99F25B32D9AA"},"Execution_attributes":{"ProcessID":412,"ThreadID":1144},"Channel":"Microsoft-Windows-Bits-Client/Operational","Computer":"MSEDGEWIN10","Security_attributes":{"UserID":"S-1-5-18"}},"EventData":{"transferId":"7A7FBD21-2084-4AE9-9682-99F25B32D9AA","name":"PreSignInSettingsConfigJSON","Id":"8E8BAAFE-CD10-42B1-A80C-E9674FFF8EC0","url":"https://g.live.com/odclientsettings/Prod","peer":"","hr":2147954407,"fileTime":"1601-01-01T00:00:00.000000Z","fileLength":18446744073709551615,"bytesTotal":18446744073709551615,"bytesTransferred":0,"proxy":"","peerProtocolFlags":0,"bytesTransferredFromPeer":0,"AdditionalInfoHr":0,"PeerContextInfo":0,"bandwidthLimit":18446744073709551615,"ignoreBandwidthLimitsOnLan":false}}}
{"Event_attributes":{"xmlns":"http://schemas.microsoft.com/win/2004/08/events/event"},"Event":{"System":{"Provider_attributes":{"Name":"Microsoft-Windows-Bits-Client","Guid":"EF1CC15B-46C1-414E-BB95-E76B077BD51E"},"EventID":61,"Version":1,"Level":3,"Task":0,"Opcode":2,"Keywords":"0x4000000000000000","TimeCreated_attributes":{"SystemTime":"2020-10-23T21:15:06.840620Z"},"EventRecordID":8425,"Correlation_attributes":{"ActivityID":"0E752470-1A33-4F37-8EB0-FB62C7965B29"},"Execution_attributes":{"ProcessID":412,"ThreadID":1672},"Channel":"Microsoft-Windows-Bits-Client/Operational","Computer":"MSEDGEWIN10","Security_attributes":{"UserID":"S-1-5-18"}},"EventData":{"transferId":"0E752470-1A33-4F37-8EB0-FB62C7965B29","name":"PreSignInSettingsConfigJSON","Id":"8E8BAAFE-CD10-42B1-A80C-E9674FFF8EC0","url":"https://g.live.com/odclientsettings/Prod","peer":"","hr":2147954407,"fileTime":"1601-01-01T00:00:00.000000Z","fileLength":18446744073709551615,"bytesTotal":18446744073709551615,"bytesTransferred":0,"proxy":"","peerProtocolFlags":0,"bytesTransferredFromPeer":0,"AdditionalInfoHr":0,"PeerContextInfo":0,"bandwidthLimit":18446744073709551615,"ignoreBandwidthLimitsOnLan":false}}}
{"Event_attributes":{"xmlns":"http://schemas.microsoft.com/win/2004/08/events/event"},"Event":{"System":{"Provider_attributes":{"Name":"Microsoft-Windows-Bits-Client","Guid":"EF1CC15B-46C1-414E-BB95-E76B077BD51E"},"EventID":5,"Version":0,"Level":4,"Task":0,"Opcode":0,"Keywords":"0x4000000000000000","TimeCreated_attributes":{"SystemTime":"2020-10-23T21:15:21.762124Z"},"EventRecordID":8426,"Correlation":null,"Execution_attributes":{"ProcessID":412,"ThreadID":1672},"Channel":"Microsoft-Windows-Bits-Client/Operational","Computer":"MSEDGEWIN10","Security_attributes":{"UserID":"S-1-5-21-3461203602-4096304019-2269080069-1000"}},"EventData":{"User":"MSEDGEWIN10\\IEUser","jobTitle":"PreSignInSettingsConfigJSON","jobId":"8E8BAAFE-CD10-42B1-A80C-E9674FFF8EC0","jobOwner":"MSEDGEWIN10\\IEUser","fileCount":1}}}
{"Event_attributes":{"xmlns":"http://schemas.microsoft.com/win/2004/08/events/event"},"Event":{"System":{"Provider_attributes":{"Name":"Microsoft-Windows-Bits-Client","Guid":"EF1CC15B-46C1-414E-BB95-E76B077BD51E"},"EventID":3,"Version":2,"Level":4,"Task":0,"Opcode":0,"Keywords":"0x4000000000000000","TimeCreated_attributes":{"SystemTime":"2020-10-23T21:16:12.078213Z"},"EventRecordID":8427,"Correlation":null,"Execution_attributes":{"ProcessID":412,"ThreadID":1144},"Channel":"Microsoft-Windows-Bits-Client/Operational","Computer":"MSEDGEWIN10","Security_attributes":{"UserID":"S-1-5-18"}},"EventData":{"jobTitle":"UpdateDescriptionXml","jobId":"739113B3-2D31-4B51-B354-8BB20CF0ACBB","jobOwner":"MSEDGEWIN10\\IEUser","processPath":"C:\\Users\\IEUser\\AppData\\Local\\Microsoft\\OneDrive\\OneDriveStandaloneUpdater.exe","processId":3520}}}
{"Event_attributes":{"xmlns":"http://schemas.microsoft.com/win/2004/08/events/event"},"Event":{"System":{"Provider_attributes":{"Name":"Microsoft-Windows-Bits-Client","Guid":"EF1CC15B-46C1-414E-BB95-E76B077BD51E"},"EventID":61,"Version":1,"Level":3,"Task":0,"Opcode":2,"Keywords":"0x4000000000000000","TimeCreated_attributes":{"SystemTime":"2020-10-23T21:16:12.093350Z"},"EventRecordID":8428,"Correlation_attributes":{"ActivityID":"E252FAB1-01FD-481B-AE9B-0D7BFD79C190"},"Execution_attributes":{"ProcessID":412,"ThreadID":3064},"Channel":"Microsoft-Windows-Bits-Client/Operational","Computer":"MSEDGEWIN10","Security_attributes":{"UserID":"S-1-5-18"}},"EventData":{"transferId":"E252FAB1-01FD-481B-AE9B-0D7BFD79C190","name":"UpdateDescriptionXml","Id":"739113B3-2D31-4B51-B354-8BB20CF0ACBB","url":"https://g.live.com/1rewlive5skydrive/ODSUProduction","peer":"","hr":2147954407,"fileTime":"1601-01-01T00:00:00.000000Z","fileLength":18446744073709551615,"bytesTotal":18446744073709551615,"bytesTransferred":0,"proxy":"","peerProtocolFlags":0,"bytesTransferredFromPeer":0,"AdditionalInfoHr":0,"PeerContextInfo":0,"bandwidthLimit":18446744073709551615,"ignoreBandwidthLimitsOnLan":false}}}
{"Event_attributes":{"xmlns":"http://schemas.microsoft.com/win/2004/08/events/event"},"Event":{"System":{"Provider_attributes":{"Name":"Microsoft-Windows-Bits-Client","Guid":"EF1CC15B-46C1-414E-BB95-E76B077BD51E"},"EventID":61,"Version":1,"Level":3,"Task":0,"Opcode":2,"Keywords":"0x4000000000000000","TimeCreated_attributes":{"SystemTime":"2020-10-23T21:16:22.109554Z"},"EventRecordID":8429,"Correlation_attributes":{"ActivityID":"80AD3B1C-9AD2-4AF2-9B9E-4E1B37E824A4"},"Execution_attributes":{"ProcessID":412,"ThreadID":3064},"Channel":"Microsoft-Windows-Bits-Client/Operational","Computer":"MSEDGEWIN10","Security_attributes":{"UserID":"S-1-5-18"}},"EventData":{"transferId":"80AD3B1C-9AD2-4AF2-9B9E-4E1B37E824A4","name":"UpdateDescriptionXml","Id":"739113B3-2D31-4B51-B354-8BB20CF0ACBB","url":"https://g.live.com/1rewlive5skydrive/ODSUProduction","peer":"","hr":2147954407,"fileTime":"1601-01-01T00:00:00.000000Z","fileLength":18446744073709551615,"bytesTotal":18446744073709551615,"bytesTransferred":0,"proxy":"","peerProtocolFlags":0,"bytesTransferredFromPeer":0,"AdditionalInfoHr":0,"PeerContextInfo":0,"bandwidthLimit":18446744073709551615,"ignoreBandwidthLimitsOnLan":false}}}
{"Event_attributes":{"xmlns":"http://schemas.microsoft.com/win/2004/08/events/event"},"Event":{"System":{"Provider_attributes":{"Name":"Microsoft-Windows-Bits-Client","Guid":"EF1CC15B-46C1-414E-BB95-E76B077BD51E"},"EventID":61,"Version":1,"Level":3,"Task":0,"Opcode":2,"Keywords":"0x4000000000000000","TimeCreated_attributes":{"SystemTime":"2020-10-23T21:16:32.127488Z"},"EventRecordID":8430,"Correlation_attributes":{"ActivityID":"26302118-B9F1-496C-9074-11B4092CDB15"},"Execution_attributes":{"ProcessID":412,"ThreadID":3064},"Channel":"Microsoft-Windows-Bits-Client/Operational","Computer":"MSEDGEWIN10","Security_attributes":{"UserID":"S-1-5-18"}},"EventData":{"transferId":"26302118-B9F1-496C-9074-11B4092CDB15","name":"UpdateDescriptionXml","Id":"739113B3-2D31-4B51-B354-8BB20CF0ACBB","url":"https://g.live.com/1rewlive5skydrive/ODSUProduction","peer":"","hr":2147954407,"fileTime":"1601-01-01T00:00:00.000000Z","fileLength":18446744073709551615,"bytesTotal":18446744073709551615,"bytesTransferred":0,"proxy":"","peerProtocolFlags":0,"bytesTransferredFromPeer":0,"AdditionalInfoHr":0,"PeerContextInfo":0,"bandwidthLimit":18446744073709551615,"ignoreBandwidthLimitsOnLan":false}}}
{"Event_attributes":{"xmlns":"http://schemas.microsoft.com/win/2004/08/events/event"},"Event":{"System":{"Provider_attributes":{"Name":"Microsoft-Windows-Bits-Client","Guid":"EF1CC15B-46C1-414E-BB95-E76B077BD51E"},"EventID":61,"Version":1,"Level":3,"Task":0,"Opcode":2,"Keywords":"0x4000000000000000","TimeCreated_attributes":{"SystemTime":"2020-10-23T21:16:42.139736Z"},"EventRecordID":8431,"Correlation_attributes":{"ActivityID":"FA271FDE-64D2-4271-8796-759FE9FFD38B"},"Execution_attributes":{"ProcessID":412,"ThreadID":1144},"Channel":"Microsoft-Windows-Bits-Client/Operational","Computer":"MSEDGEWIN10","Security_attributes":{"UserID":"S-1-5-18"}},"EventData":{"transferId":"FA271FDE-64D2-4271-8796-759FE9FFD38B","name":"UpdateDescriptionXml","Id":"739113B3-2D31-4B51-B354-8BB20CF0ACBB","url":"https://g.live.com/1rewlive5skydrive/ODSUProduction","peer":"","hr":2147954407,"fileTime":"1601-01-01T00:00:00.000000Z","fileLength":18446744073709551615,"bytesTotal":18446744073709551615,"bytesTransferred":0,"proxy":"","peerProtocolFlags":0,"bytesTransferredFromPeer":0,"AdditionalInfoHr":0,"PeerContextInfo":0,"bandwidthLimit":18446744073709551615,"ignoreBandwidthLimitsOnLan":false}}}
{"Event_attributes":{"xmlns":"http://schemas.microsoft.com/win/2004/08/events/event"},"Event":{"System":{"Provider_attributes":{"Name":"Microsoft-Windows-Bits-Client","Guid":"EF1CC15B-46C1-414E-BB95-E76B077BD51E"},"EventID":61,"Version":1,"Level":3,"Task":0,"Opcode":2,"Keywords":"0x4000000000000000","TimeCreated_attributes":{"SystemTime":"2020-10-23T21:16:57.120889Z"},"EventRecordID":8432,"Correlation_attributes":{"ActivityID":"F6109239-352C-4363-A1BD-715D17373980"},"Execution_attributes":{"ProcessID":412,"ThreadID":3064},"Channel":"Microsoft-Windows-Bits-Client/Operational","Computer":"MSEDGEWIN10","Security_attributes":{"UserID":"S-1-5-18"}},"EventData":{"transferId":"F6109239-352C-4363-A1BD-715D17373980","name":"UpdateDescriptionXml","Id":"739113B3-2D31-4B51-B354-8BB20CF0ACBB","url":"https://g.live.com/1rewlive5skydrive/ODSUProduction","peer":"","hr":2147954407,"fileTime":"1601-01-01T00:00:00.000000Z","fileLength":18446744073709551615,"bytesTotal":18446744073709551615,"bytesTransferred":0,"proxy":"","peerProtocolFlags":0,"bytesTransferredFromPeer":0,"AdditionalInfoHr":0,"PeerContextInfo":0,"bandwidthLimit":18446744073709551615,"ignoreBandwidthLimitsOnLan":false}}}
