{"Event_attributes":{"xmlns":"http://schemas.microsoft.com/win/2004/08/events/event"},"Event":{"System":{"Provider_attributes":{"Name":"Microsoft-Windows-Bits-Client","Guid":"EF1CC15B-46C1-414E-BB95-E76B077BD51E"},"EventID":61,"Version":1,"Level":3,"Task":0,"Opcode":2,"Keywords":"0x4000000000000000","TimeCreated_attributes":{"SystemTime":"2020-11-06T14:55:39.505829Z"},"EventRecordID":8642,"Correlation_attributes":{"ActivityID":"2C6EC29F-00CA-45BB-B326-5B036C9A073E"},"Execution_attributes":{"ProcessID":9596,"ThreadID":9852},"Channel":"Microsoft-Windows-Bits-Client/Operational","Computer":"MSEDGEWIN10","Security_attributes":{"UserID":"S-1-5-18"}},"EventData":{"transferId":"2C6EC29F-00CA-45BB-B326-5B036C9A073E","name":"UpdateDescriptionXml","Id":"704F657A-32B6-4362-B92F-F3901C19CF3A","url":"https://g.live.com/1rewlive5skydrive/ODSUProduction","peer":"","hr":2147954407,"fileTime":"1601-01-01T00:00:00.000000Z","fileLength":18446744073709551615,"bytesTotal":18446744073709551615,"bytesTransferred":0,"proxy":"","peerProtocolFlags":0,"bytesTransferredFromPeer":0,"AdditionalInfoHr":0,"PeerContextInfo":0,"bandwidthLimit":18446744073709551615,"ignoreBandwidthLimitsOnLan":false}}}
{"Event_attributes":{"xmlns":"http://schemas.microsoft.com/win/2004/08/events/event"},"Event":{"System":{"Provider_attributes":{"Name":"Microsoft-Windows-Bits-Client","Guid":"EF1CC15B-46C1-414E-BB95-E76B077BD51E"},"EventID":61,"Version":1,"Level":3,"Task":0,"Opcode":2,"Keywords":"0x4000000000000000","TimeCreated_attributes":{"SystemTime":"2020-11-06T14:55:49.523023Z"},"EventRecordID":8643,"Correlation_attributes":{"ActivityID":"F60541FB-8D13-4E99-8A1B-834E1720AF5E"},"Execution_attributes":{"ProcessID":9596,"ThreadID":2012},"Channel":"Microsoft-Windows-Bits-Client/Operational","Computer":"MSEDGEWIN10","Security_attributes":{"UserID":"S-1-5-18"}},"EventData":{"transferId":"F60541FB-8D13-4E99-8A1B-834E1720AF5E","name":"UpdateDescriptionXml","Id":"704F657A-32B6-4362-B92F-F3901C19CF3A","url":"https://g.live.com/1rewlive5skydrive/ODSUProduction","peer":"","hr":2147954407,"fileTime":"1601-01-01T00:00:00.000000Z","fileLength":18446744073709551615,"bytesTotal":18446744073709551615,"bytesTransferred":0,"proxy":"","peerProtocolFlags":0,"bytesTransferredFromPeer":0,"AdditionalInfoHr":0,"PeerContextInfo":0,"bandwidthLimit":18446744073709551615,"ignoreBandwidthLimitsOnLan":false}}}
{"Event_attributes":{"xmlns":"http://schemas.microsoft.com/win/2004/08/events/event"},"Event":{"System":{"Provider_attributes":{"Name":"Microsoft-Windows-Bits-Client","Guid":"EF1CC15B-46C1-414E-BB95-E76B077BD51E"},"EventID":61,"Version":1,"Level":3,"Task":0,"Opcode":2,"Keywords":"0x4000000000000000","TimeCreated_attributes":{"SystemTime":"2020-11-06T14:56:04.564425Z"},"EventRecordID":8644,"Correlation_attributes":{"ActivityID":"3429260D-C75C-485C-9650-FA770858956F"},"Execution_attributes":{"ProcessID":9596,"ThreadID":9848},"Channel":"Microsoft-Windows-Bits-Client/Operational","Computer":"MSEDGEWIN10","Security_attributes":{"UserID":"S-1-5-18"}},"EventData":{"transferId":"3429260D-C75C-485C-9650-FA770858956F","name":"UpdateDescriptionXml","Id":"704F657A-32B6-4362-B92F-F3901C19CF3A","url":"https://g.live.com/1rewlive5skydrive/ODSUProduction","peer":"","hr":2147954407,"fileTime":"1601-01-01T00:00:00.000000Z","fileLength":18446744073709551615,"bytesTotal":18446744073709551615,"bytesTransferred":0,"proxy":"","peerProtocolFlags":0,"bytesTransferredFromPeer":0,"AdditionalInfoHr":0,"PeerContextInfo":0,"bandwidthLimit":18446744073709551615,"ignoreBandwidthLimitsOnLan":false}}}
{"Event_attributes":{"xmlns":"http://schemas.microsoft.com/win/2004/08/events/event"},"Event":{"System":{"Provider_attributes":{"Name":"Microsoft-Windows-Bits-Client","Guid":"EF1CC15B-46C1-414E-BB95-E76B077BD51E"},"EventID":61,"Version":1,"Level":3,"Task":0,"Opcode":2,"Keywords":"0x4000000000000000","TimeCreated_attributes":{"SystemTime":"2020-11-06T14:56:14.571288Z"},"EventRecordID":8645,"Correlation_attributes":{"ActivityID":"ED41FC1B-8C6D-45FB-9CBC-17F0415692E6"},"Execution_attributes":{"ProcessID":9596,"ThreadID":2012},"Channel":"Microsoft-Windows-Bits-Client/Operational","Computer":"MSEDGEWIN10","Security_attributes":{"UserID":"S-1-5-18"}},"EventData":{"transferId":"ED41FC1B-8C6D-45FB-9CBC-17F0415692E6","name":"UpdateDescriptionXml","Id":"704F657A-32B6-4362-B92F-F3901C19CF3A","url":"https://g.live.com/1rewlive5skydrive/ODSUProduction","peer":"","hr":2147954407,"fileTime":"1601-01-01T00:00:00.000000Z","fileLength":18446744073709551615,"bytesTotal":18446744073709551615,"bytesTransferred":0,"proxy":"","peerProtocolFlags":0,"bytesTransferredFromPeer":0,"AdditionalInfoHr":0,"PeerContextInfo":0,"bandwidthLimit":18446744073709551615,"ignoreBandwidthLimitsOnLan":false}}}
{"Event_attributes":{"xmlns":"http://schemas.microsoft.com/win/2004/08/events/event"},"Event":{"System":{"Provider_attributes":{"Name":"Microsoft-Windows-Bits-Client","Guid":"EF1CC15B-46C1-414E-BB95-E76B077BD51E"},"EventID":61,"Version":1,"Level":3,"Task":0,"Opcode":2,"Keywords":"0x4000000000000000","TimeCreated_attributes":{"SystemTime":"2020-11-06T14:56:24.584485Z"},"EventRecordID":8646,"Correlation_attributes":{"ActivityID":"23752301-3B44-4E88-AC4C-AC7129C9FCE8"},"Execution_attributes":{"ProcessID":9596,"ThreadID":2012},"Channel":"Microsoft-Windows-Bits-Client/Operational","Computer":"MSEDGEWIN10","Security_attributes":{"UserID":"S-1-5-18"}},"EventData":{"transferId":"23752301-3B44-4E88-AC4C-AC7129C9FCE8","name":"UpdateDescriptionXml","Id":"704F657A-32B6-4362-B92F-F3901C19CF3A","url":"https://g.live.com/1rewlive5skydrive/ODSUProduction","peer":"","hr":2147954407,"fileTime":"1601-01-01T00:00:00.000000Z","fileLength":18446744073709551615,"bytesTotal":18446744073709551615,"bytesTransferred":0,"proxy":"","peerProtocolFlags":0,"bytesTransferredFromPeer":0,"AdditionalInfoHr":0,"PeerContextInfo":0,"bandwidthLimit":18446744073709551615,"ignoreBandwidthLimitsOnLan":false}}}
{"Event_attributes":{"xmlns":"http://schemas.microsoft.com/win/2004/08/events/event"},"Event":{"System":{"Provider_attributes":{"Name":"Microsoft-Windows-Bits-Client","Guid":"EF1CC15B-46C1-414E-BB95-E76B077BD51E"},"EventID":61,"Version":1,"Level":3,"Task":0,"Opcode":2,"Keywords":"0x4000000000000000","TimeCreated_attributes":{"SystemTime":"2020-11-06T14:56:28.906832Z"},"EventRecordID":8647,"Correlation_attributes":{"ActivityID":"BB2FF78C-8B40-4766-9F3B-57E3C7C299D1"},"Execution_attributes":{"ProcessID":9596,"ThreadID":2012},"Channel":"Microsoft-Windows-Bits-Client/Operational","Computer":"MSEDGEWIN10","Security_attributes":{"UserID":"S-1-5-18"}},"EventData":{"transferId":"BB2FF78C-8B40-4766-9F3B-57E3C7C299D1","name":"UpdateDescriptionXml","Id":"704F657A-32B6-4362-B92F-F3901C19CF3A","url":"https://g.live.com/1rewlive5skydrive/ODSUProduction","peer":"","hr":2147954407,"fileTime":"1601-01-01T00:00:00.000000Z","fileLength":18446744073709551615,"bytesTotal":18446744073709551615,"bytesTransferred":0,"proxy":"","peerProtocolFlags":0,"bytesTransferredFromPeer":0,"AdditionalInfoHr":0,"PeerContextInfo":0,"bandwidthLimit":18446744073709551615,"ignoreBandwidthLimitsOnLan":false}}}
{"Event_attributes":{"xmlns":"http://schemas.microsoft.com/win/2004/08/events/event"},"Event":{"System":{"Provider_attributes":{"Name":"Microsoft-Windows-Bits-Client","Guid":"EF1CC15B-46C1-414E-BB95-E76B077BD51E"},"EventID":61,"Version":1,"Level":3,"Task":0,"Opcode":2,"Keywords":"0x4000000000000000","TimeCreated_attributes":{"SystemTime":"2020-11-06T14:56:29.029441Z"},"EventRecordID":8648,"Correlation_attributes":{"ActivityID":"A5AFE877-99EB-4C83-81CE-6DAFC9FF175A"},"Execution_attributes":{"ProcessID":9596,"ThreadID":9848},"Channel":"Microsoft-Windows-Bits-Client/Operational","Computer":"MSEDGEWIN10","Security_attributes":{"UserID":"S-1-5-18"}},"EventData":{"transferId":"A5AFE877-99EB-4C83-81CE-6DAFC9FF175A","name":"UpdateDescriptionXml","Id":"704F657A-32B6-4362-B92F-F3901C19CF3A","url":"https://g.live.com/1rewlive5skydrive/ODSUProduction","peer":"","hr":2147954407,"fileTime":"1601-01-01T00:00:00.000000Z","fileLength":18446744073709551615,"bytesTotal":18446744073709551615,"bytesTransferred":0,"proxy":"","peerProtocolFlags":0,"bytesTransferredFromPeer":0,"AdditionalInfoHr":0,"PeerContextInfo":0,"bandwidthLimit":18446744073709551615,"ignoreBandwidthLimitsOnLan":false}}}
{"Event_attributes":{"xmlns":"http://schemas.microsoft.com/win/2004/08/events/event"},"Event":{"System":{"Provider_attributes":{"Name":"Microsoft-Windows-Bits-Client","Guid":"EF1CC15B-46C1-414E-BB95-E76B077BD51E"},"EventID":61,"Version":1,"Level":3,"Task":0,"Opcode":2,"Keywords":"0x4000000000000000","TimeCreated_attributes":{"SystemTime":"2020-11-06T14:56:29.147501Z"},"EventRecordID":8649,"Correlation_attributes":{"ActivityID":"901F063D-AC6C-457B-8BE9-5A05819CDFE1"},"Execution_attributes":{"ProcessID":9596,"ThreadID":2564},"Channel":"Microsoft-Windows-Bits-Client/Operational","Computer":"MSEDGEWIN10","Security_attributes":{"UserID":"S-1-5-18"}},"EventData":{"transferId":"901F063D-AC6C-457B-8BE9-5A05819CDFE1","name":"UpdateDescriptionXml","Id":"704F657A-32B6-4362-B92F-F3901C19CF3A","url":"https://g.live.com/1rewlive5skydrive/ODSUProduction","peer":"","hr":2147954407,"fileTime":"1601-01-01T00:00:00.000000Z","fileLength":18446744073709551615,"bytesTotal":18446744073709551615,"bytesTransferred":0,"proxy":"","peerProtocolFlags":0,"bytesTransferredFromPeer":0,"AdditionalInfoHr":0,"PeerContextInfo":0,"bandwidthLimit":18446744073709551615,"ignoreBandwidthLimitsOnLan":false}}}
{"Event_attributes":{"xmlns":"http://schemas.microsoft.com/win/2004/08/events/event"},"Event":{"System":{"Provider_attributes":{"Name":"Microsoft-Windows-Bits-Client","Guid":"EF1CC15B-46C1-414E-BB95-E76B077BD51E"},"EventID":61,"Version":1,"Level":3,"Task":0,"Opcode":2,"Keywords":"0x4000000000000000","TimeCreated_attributes":{"SystemTime":"2020-11-06T14:56:30.158915Z"},"EventRecordID":8650,"Correlation_attributes":{"ActivityID":"17A614A2-10BC-4376-BBDF-552838626217"},"Execution_attributes":{"ProcessID":9596,"ThreadID":2564},"Channel":"Microsoft-Windows-Bits-Client/Operational","Computer":"MSEDGEWIN10","Security_attributes":{"UserID":"S-1-5-18"}},"EventData":{"transferId":"17A614A2-10BC-4376-BBDF-552838626217","name":"UpdateDescriptionXml","Id":"704F657A-32B6-4362-B92F-F3901C19CF3A","url":"https://g.live.com/1rewlive5skydrive/ODSUProduction","peer":"","hr":2147954407,"fileTime":"1601-01-01T00:00:00.000000Z","fileLength":18446744073709551615,"bytesTotal":18446744073709551615,"bytesTransferred":0,"proxy":"","peerProtocolFlags":0,"bytesTransferredFromPeer":0,"AdditionalInfoHr":0,"PeerContextInfo":0,"bandwidthLimit":18446744073709551615,"ignoreBandwidthLimitsOnLan":false}}}
{"Event_attributes":{"xmlns":"http://schemas.microsoft.com/win/2004/08/events/event"},"Event":{"System":{"Provider_attributes":{"Name":"Microsoft-Windows-Bits-Client","Guid":"EF1CC15B-46C1-414E-BB95-E76B077BD51E"},"EventID":61,"Version":1,"Level":3,"Task":0,"Opcode":2,"Keywords":"0x4000000000000000","TimeCreated_attributes":{"SystemTime":"2020-11-06T14:56:31.202483Z"},"EventRecordID":8651,"Correlation_attributes":{"ActivityID":"1C5CEA4B-4332-464B-8207-F6574B32EDB8"},"Execution_attributes":{"ProcessID":9596,"ThreadID":9848},"Channel":"Microsoft-Windows-Bits-Client/Operational","Computer":"MSEDGEWIN10","Security_attributes":{"UserID":"S-1-5-18"}},"EventData":{"transferId":"1C5CEA4B-4332-464B-8207-F6574B32EDB8","name":"UpdateDescriptionXml","Id":"704F657A-32B6-4362-B92F-F3901C19CF3A","url":"https://g.live.com/1rewlive5skydrive/ODSUProduction","peer":"","hr":2147954407,"fileTime":"1601-01-01T00:00:00.000000Z","fileLength":18446744073709551615,"bytesTotal":18446744073709551615,"bytesTransferred":0,"proxy":"","peerProtocolFlags":0,"bytesTransferredFromPeer":0,"AdditionalInfoHr":0,"PeerContextInfo":0,"bandwidthLimit":18446744073709551615,"ignoreBandwidthLimitsOnLan":false}}}
{"Event_attributes":{"xmlns":"http://schemas.microsoft.com/win/2004/08/events/event"},"Event":{"System":{"Provider_attributes":{"Name":"Microsoft-Windows-Bits-Client","Guid":"EF1CC15B-46C1-414E-BB95-E76B077BD51E"},"EventID":61,"Version":1,"Level":3,"Task":0,"Opcode":2,"Keywords":"0x4000000000000000","TimeCreated_attributes":{"SystemTime":"2020-11-06T14:56:32.211764Z"},"EventRecordID":8652,"Correlation_attributes":{"ActivityID":"6BF7C4A7-DDC7-4305-9B80-BC3C155F5982"},"Execution_attributes":{"ProcessID":9596,"ThreadID":2012},"Channel":"Microsoft-Windows-Bits-Client/Operational","Computer":"MSEDGEWIN10","Security_attributes":{"UserID":"S-1-5-18"}},"EventData":{"transferId":"6BF7C4A7-DDC7-4305-9B80-BC3C155F5982","name":"UpdateDescriptionXml","Id":"704F657A-32B6-4362-B92F-F3901C19CF3A","url":"https://g.live.com/1rewlive5skydrive/ODSUProduction","peer":"","hr":2147954407,"fileTime":"1601-01-01T00:00:00.000000Z","fileLength":18446744073709551615,"bytesTotal":18446744073709551615,"bytesTransferred":0,"proxy":"","peerProtocolFlags":0,"bytesTransferredFromPeer":0,"AdditionalInfoHr":0,"PeerContextInfo":0,"bandwidthLimit":18446744073709551615,"ignoreBandwidthLimitsOnLan":false}}}
{"Event_attributes":{"xmlns":"http://schemas.microsoft.com/win/2004/08/events/event"},"Event":{"System":{"Provider_attributes":{"Name":"Microsoft-Windows-Bits-Client","Guid":"EF1CC15B-46C1-414E-BB95-E76B077BD51E"},"EventID":61,"Version":1,"Level":3,"Task":0,"Opcode":2,"Keywords":"0x4000000000000000","TimeCreated_attributes":{"SystemTime":"2020-11-06T14:56:33.229846Z"},"EventRecordID":8653,"Correlation_attributes":{"ActivityID":"5C133550-51C3-4779-844B-3CAFFCB31EC7"},"Execution_attributes":{"ProcessID":9596,"ThreadID":2564},"Channel":"Microsoft-Windows-Bits-Client/Operational","Computer":"MSEDGEWIN10","Security_attributes":{"UserID":"S-1-5-18"}},"EventData":{"transferId":"5C133550-51C3-4779-844B-3CAFFCB31EC7","name":"UpdateDescriptionXml","Id":"704F657A-32B6-4362-B92F-F3901C19CF3A","url":"https://g.live.com/1rewlive5skydrive/ODSUProduction","peer":"","hr":2147954407,"fileTime":"1601-01-01T00:00:00.000000Z","fileLength":18446744073709551615,"bytesTotal":18446744073709551615,"bytesTransferred":0,"proxy":"","peerProtocolFlags":0,"bytesTransferredFromPeer":0,"AdditionalInfoHr":0,"PeerContextInfo":0,"bandwidthLimit":18446744073709551615,"ignoreBandwidthLimitsOnLan":false}}}
{"Event_attributes":{"xmlns":"http://schemas.microsoft.com/win/2004/08/events/event"},"Event":{"System":{"Provider_attributes":{"Name":"Microsoft-Windows-Bits-Client","Guid":"EF1CC15B-46C1-414E-BB95-E76B077BD51E"},"EventID":61,"Version":1,"Level":3,"Task":0,"Opcode":2,"Keywords":"0x4000000000000000","TimeCreated_attributes":{"SystemTime":"2020-11-06T14:56:34.430492Z"},"EventRecordID":8654,"Correlation_attributes":{"ActivityID":"19CC758D-4A01-4891-B60A-F64C0A0A6E66"},"Execution_attributes":{"ProcessID":9596,"ThreadID":2564},"Channel":"Microsoft-Windows-Bits-Client/Operational","Computer":"MSEDGEWIN10","Security_attributes":{"UserID":"S-1-5-18"}},"EventData":{"transferId":"19CC758D-4A01-4891-B60A-F64C0A0A6E66","name":"UpdateDescriptionXml","Id":"704F657A-32B6-4362-B92F-F3901C19CF3A","url":"https://g.live.com/1rewlive5skydrive/ODSUProduction","peer":"","hr":2147954407,"fileTime":"1601-01-01T00:00:00.000000Z","fileLength":18446744073709551615,"bytesTotal":18446744073709551615,"bytesTransferred":0,"proxy":"","peerProtocolFlags":0,"bytesTransferredFromPeer":0,"AdditionalInfoHr":0,"PeerContextInfo":0,"bandwidthLimit":18446744073709551615,"ignoreBandwidthLimitsOnLan":false}}}
{"Event_attributes":{"xmlns":"http://schemas.microsoft.com/win/2004/08/events/event"},"Event":{"System":{"Provider_attributes":{"Name":"Microsoft-Windows-Bits-Client","Guid":"EF1CC15B-46C1-414E-BB95-E76B077BD51E"},"EventID":61,"Version":1,"Level":3,"Task":0,"Opcode":2,"Keywords":"0x4000000000000000","TimeCreated_attributes":{"SystemTime":"2020-11-06T14:56:35.480138Z"},"EventRecordID":8655,"Correlation_attributes":{"ActivityID":"5B47DF60-75F2-404A-AA85-EEF0562A0467"},"Execution_attributes":{"ProcessID":9596,"ThreadID":2564},"Channel":"Microsoft-Windows-Bits-Client/Operational","Computer":"MSEDGEWIN10","Security_attributes":{"UserID":"S-1-5-18"}},"EventData":{"transferId":"5B47DF60-75F2-404A-AA85-EEF0562A0467","name":"UpdateDescriptionXml","Id":"704F657A-32B6-4362-B92F-F3901C19CF3A","url":"https://g.live.com/1rewlive5skydrive/ODSUProduction","peer":"","hr":2147954407,"fileTime":"1601-01-01T00:00:00.000000Z","fileLength":18446744073709551615,"bytesTotal":18446744073709551615,"bytesTransferred":0,"proxy":"","peerProtocolFlags":0,"bytesTransferredFromPeer":0,"AdditionalInfoHr":0,"PeerContextInfo":0,"bandwidthLimit":18446744073709551615,"ignoreBandwidthLimitsOnLan":false}}}
{"Event_attributes":{"xmlns":"http://schemas.microsoft.com/win/2004/08/events/event"},"Event":{"System":{"Provider_attributes":{"Name":"Microsoft-Windows-Bits-Client","Guid":"EF1CC15B-46C1-414E-BB95-E76B077BD51E"},"EventID":61,"Version":1,"Level":3,"Task":0,"Opcode":2,"Keywords":"0x4000000000000000","TimeCreated_attributes":{"SystemTime":"2020-11-06T14:56:36.492259Z"},"EventRecordID":8656,"Correlation_attributes":{"ActivityID":"48F0F8C8-9431-46FC-A554-DE52DB09265D"},"Execution_attributes":{"ProcessID":9596,"ThreadID":2564},"Channel":"Microsoft-Windows-Bits-Client/Operational","Computer":"MSEDGEWIN10","Security_attributes":{"UserID":"S-1-5-18"}},"EventData":{"transferId":"48F0F8C8-9431-46FC-A554-DE52DB09265D","name":"UpdateDescriptionXml","Id":"704F657A-32B6-4362-B92F-F3901C19CF3A","url":"https://g.live.com/1rewlive5skydrive/ODSUProduction","peer":"","hr":2147954407,"fileTime":"1601-01-01T00:00:00.000000Z","fileLength":18446744073709551615,"bytesTotal":18446744073709551615,"bytesTransferred":0,"proxy":"","peerProtocolFlags":0,"bytesTransferredFromPeer":0,"AdditionalInfoHr":0,"PeerContextInfo":0,"bandwidthLimit":18446744073709551615,"ignoreBandwidthLimitsOnLan":false}}}
{"Event_attributes":{"xmlns":"http://schemas.microsoft.com/win/2004/08/events/event"},"Event":{"System":{"Provider_attributes":{"Name":"Microsoft-Windows-Bits-Client","Guid":"EF1CC15B-46C1-414E-BB95-E76B077BD51E"},"EventID":61,"Version":1,"Level":3,"Task":0,"Opcode":2,"Keywords":"0x4000000000000000","TimeCreated_attributes":{"SystemTime":"2020-11-06T14:56:37.517156Z"},"EventRecordID":8657,"Correlation_attributes":{"ActivityID":"91E26276-3731-47A2-B130-BA50DD1FFBB1"},"Execution_attributes":{"ProcessID":9596,"ThreadID":9848},"Channel":"Microsoft-Windows-Bits-Client/Operational","Computer":"MSEDGEWIN10","Security_attributes":{"UserID":"S-1-5-18"}},"EventData":{"transferId":"91E26276-3731-47A2-B130-BA50DD1FFBB1","name":"UpdateDescriptionXml","Id":"704F657A-32B6-4362-B92F-F3901C19CF3A","url":"https://g.live.com/1rewlive5skydrive/ODSUProduction","peer":"","hr":2147954407,"fileTime":"1601-01-01T00:00:00.000000Z","fileLength":18446744073709551615,"bytesTotal":18446744073709551615,"bytesTransferred":0,"proxy":"","peerProtocolFlags":0,"bytesTransferredFromPeer":0,"AdditionalInfoHr":0,"PeerContextInfo":0,"bandwidthLimit":18446744073709551615,"ignoreBandwidthLimitsOnLan":false}}}
{"Event_attributes":{"xmlns":"http://schemas.microsoft.com/win/2004/08/events/event"},"Event":{"System":{"Provider_attributes":{"Name":"Microsoft-Windows-Bits-Client","Guid":"EF1CC15B-46C1-414E-BB95-E76B077BD51E"},"EventID":61,"Version":1,"Level":3,"Task":0,"Opcode":2,"Keywords":"0x4000000000000000","TimeCreated_attributes":{"SystemTime":"2020-11-06T14:56:38.541274Z"},"EventRecordID":8658,"Correlation_attributes":{"ActivityID":"BBE933CF-3EC0-4CCC-9B18-C8E9A3732C1B"},"Execution_attributes":{"ProcessID":9596,"ThreadID":2012},"Channel":"Microsoft-Windows-Bits-Client/Operational","Computer":"MSEDGEWIN10","Security_attributes":{"UserID":"S-1-5-18"}},"EventData":{"transferId":"BBE933CF-3EC0-4CCC-9B18-C8E9A3732C1B","name":"UpdateDescriptionXml","Id":"704F657A-32B6-4362-B92F-F3901C19CF3A","url":"https://g.live.com/1rewlive5skydrive/ODSUProduction","peer":"","hr":2147954407,"fileTime":"1601-01-01T00:00:00.000000Z","fileLength":18446744073709551615,"bytesTotal":18446744073709551615,"bytesTransferred":0,"proxy":"","peerProtocolFlags":0,"bytesTransferredFromPeer":0,"AdditionalInfoHr":0,"PeerContextInfo":0,"bandwidthLimit":18446744073709551615,"ignoreBandwidthLimitsOnLan":false}}}
{"Event_attributes":{"xmlns":"http://schemas.microsoft.com/win/2004/08/events/event"},"Event":{"System":{"Provider_attributes":{"Name":"Microsoft-Windows-Bits-Client","Guid":"EF1CC15B-46C1-414E-BB95-E76B077BD51E"},"EventID":310,"Version":0,"Level":3,"Task":0,"Opcode":0,"Keywords":"0x4000000000000000","TimeCreated_attributes":{"SystemTime":"2020-11-06T14:56:52.821337Z"},"EventRecordID":8659,"Correlation":null,"Execution_attributes":{"ProcessID":9596,"ThreadID":3524},"Channel":"Microsoft-Windows-Bits-Client/Operational","Computer":"MSEDGEWIN10","Security_attributes":{"UserID":"S-1-5-18"}},"EventData":{"ErrorCode":2147942450}}}
{"Event_attributes":{"xmlns":"http://schemas.microsoft.com/win/2004/08/events/event"},"Event":{"System":{"Provider_attributes":{"Name":"Microsoft-Windows-Bits-Client","Guid":"EF1CC15B-46C1-414E-BB95-E76B077BD51E"},"EventID":59,"Version":1,"Level":4,"Task":0,"Opcode":1,"Keywords":"0x4000000000000000","TimeCreated_attributes":{"SystemTime":"2020-11-06T14:56:52.824084Z"},"EventRecordID":8660,"Correlation_attributes":{"ActivityID":"EB918641-81EE-4E04-88F7-CA6B80CA3B3E"},"Execution_attributes":{"ProcessID":9596,"ThreadID":3524},"Channel":"Microsoft-Windows-Bits-Client/Operational","Computer":"MSEDGEWIN10","Security_attributes":{"UserID":"S-1-5-18"}},"EventData":{"transferId":"EB918641-81EE-4E04-88F7-CA6B80CA3B3E","name":"UpdateDescriptionXml","Id":"704F657A-32B6-4362-B92F-F3901C19CF3A","url":"https://g.live.com/1rewlive5skydrive/ODSUProduction","peer":"","fileTime":"2020-10-26T21:00:55.000000Z","fileLength":526,"bytesTotal":526,"bytesTransferred":0,"bytesTransferredFromPeer":0}}}
{"Event_attributes":{"xmlns":"http://schemas.microsoft.com/win/2004/08/events/event"},"Event":{"System":{"Provider_attributes":{"Name":"Microsoft-Windows-Bits-Client","Guid":"EF1CC15B-46C1-414E-BB95-E76B077BD51E"},"EventID":60,"Version":1,"Level":4,"Task":0,"Opcode":2,"Keywords":"0x4000000000000000","TimeCreated_attributes":{"SystemTime":"2020-11-06T14:56:53.476454Z"},"EventRecordID":8661,"Correlation_attributes":{"ActivityID":"EB918641-81EE-4E04-88F7-CA6B80CA3B3E"},"Execution_attributes":{"ProcessID":9596,"ThreadID":9928},"Channel":"Microsoft-Windows-Bits-Client/Operational","Computer":"MSEDGEWIN10","Security_attributes":{"UserID":"S-1-5-18"}},"EventData":{"transferId":"EB918641-81EE-4E04-88F7-CA6B80CA3B3E","name":"UpdateDescriptionXml","Id":"704F657A-32B6-4362-B92F-F3901C19CF3A","url":"https://g.live.com/1rewlive5skydrive/ODSUProduction","peer":"","hr":0,"fileTime":"2020-10-26T21:00:55.000000Z","fileLength":526,"bytesTotal":526,"bytesTransferred":526,"proxy":"","peerProtocolFlags":0,"bytesTransferredFromPeer":0,"AdditionalInfoHr":0,"PeerContextInfo":0,"bandwidthLimit":18446744073709551615,"ignoreBandwidthLimitsOnLan":false}}}
{"Event_attributes":{"xmlns":"http://schemas.microsoft.com/win/2004/08/events/event"},"Event":{"System":{"Provider_attributes":{"Name":"Microsoft-Windows-Bits-Client","Guid":"EF1CC15B-46C1-414E-BB95-E76B077BD51E"},"EventID":4,"Version":1,"Level":4,"Task":0,"Opcode":0,"Keywords":"0x4000000000000000","TimeCreated_attributes":{"SystemTime":"2020-11-06T14:56:53.491754Z"},"EventRecordID":8662,"Correlation":null,"Execution_attributes":{"ProcessID":9596,"ThreadID":9928},"Channel":"Microsoft-Windows-Bits-Client/Operational","Computer":"MSEDGEWIN10","Security_attributes":{"UserID":"S-1-5-18"}},"EventData":{"User":"MSEDGEWIN10\\IEUser","jobTitle":"UpdateDescriptionXml","jobId":"704F657A-32B6-4362-B92F-F3901C19CF3A","jobOwner":"MSEDGEWIN10\\IEUser","fileCount":1,"bytesTransferred":526,"bytesTransferredFromPeer":0}}}
{"Event_attributes":{"xmlns":"http://schemas.microsoft.com/win/2004/08/events/event"},"Event":{"System":{"Provider_attributes":{"Name":"Microsoft-Windows-Bits-Client","Guid":"EF1CC15B-46C1-414E-BB95-E76B077BD51E"},"EventID":306,"Version":0,"Level":5,"Task":0,"Opcode":0,"Keywords":"0x4000000000000000","TimeCreated_attributes":{"SystemTime":"2020-11-07T10:30:31.195344Z"},"EventRecordID":8663,"Correlation":null,"Execution_attributes":{"ProcessID":4532,"ThreadID":4620},"Channel":"Microsoft-Windows-Bits-Client/Operational","Computer":"MSEDGEWIN10","Security_attributes":{"UserID":"S-1-5-18"}},"EventData":null}}
{"Event_attributes":{"xmlns":"http://schemas.microsoft.com/win/2004/08/events/event"},"Event":{"System":{"Provider_attributes":{"Name":"Microsoft-Windows-Bits-Client","Guid":"EF1CC15B-46C1-414E-BB95-E76B077BD51E"},"EventID":3,"Version":2,"Level":4,"Task":0,"Opcode":0,"Keywords":"0x4000000000000000","TimeCreated_attributes":{"SystemTime":"2020-11-07T10:30:31.646602Z"},"EventRecordID":8664,"Correlation":null,"Execution_attributes":{"ProcessID":4532,"ThreadID":9772},"Channel":"Microsoft-Windows-Bits-Client/Operational","Computer":"MSEDGEWIN10","Security_attributes":{"UserID":"S-1-5-18"}},"EventData":{"jobTitle":"MicrosoftMapsBingGeoStore","jobId":"8EE58643-6C9F-42A0-A15A-AE35C6AA4860","jobOwner":"NT AUTHORITY\\NETWORK SERVICE","processPath":"C:\\Windows\\System32\\svchost.exe","processId":9584}}}
{"Event_attributes":{"xmlns":"http://schemas.microsoft.com/win/2004/08/events/event"},"Event":{"System":{"Provider_attributes":{"Name":"Microsoft-Windows-Bits-Client","Guid":"EF1CC15B-46C1-414E-BB95-E76B077BD51E"},"EventID":209,"Version":0,"Level":4,"Task":0,"Opcode":0,"Keywords":"0x4000000000000000","TimeCreated_attributes":{"SystemTime":"2020-11-07T10:30:31.660316Z"},"EventRecordID":8665,"Correlation":null,"Execution_attributes":{"ProcessID":4532,"ThreadID":9760},"Channel":"Microsoft-Windows-Bits-Client/Operational","Computer":"MSEDGEWIN10","Security_attributes":{"UserID":"S-1-5-18"}},"EventData":{"jobName":"MicrosoftMapsBingGeoStore","jobId":"8EE58643-6C9F-42A0-A15A-AE35C6AA4860","isRoaming":1}}}
{"Event_attributes":{"xmlns":"http://schemas.microsoft.com/win/2004/08/events/event"},"Event":{"System":{"Provider_attributes":{"Name":"Microsoft-Windows-Bits-Client","Guid":"EF1CC15B-46C1-414E-BB95-E76B077BD51E"},"EventID":306,"Version":0,"Level":5,"Task":0,"Opcode":0,"Keywords":"0x4000000000000000","TimeCreated_attributes":{"SystemTime":"2020-11-07T11:50:10.272387Z"},"EventRecordID":8666,"Correlation":null,"Execution_attributes":{"ProcessID":4928,"ThreadID":5152},"Channel":"Microsoft-Windows-Bits-Client/Operational","Computer":"MSEDGEWIN10","Security_attributes":{"UserID":"S-1-5-18"}},"EventData":null}}
{"Event_attributes":{"xmlns":"http://schemas.microsoft.com/win/2004/08/events/event"},"Event":{"System":{"Provider_attributes":{"Name":"Microsoft-Windows-Bits-Client","Guid":"EF1CC15B-46C1-414E-BB95-E76B077BD51E"},"EventID":306,"Version":0,"Level":5,"Task":0,"Opcode":0,"Keywords":"0x4000000000000000","TimeCreated_attributes":{"SystemTime":"2020-11-07T11:57:55.715011Z"},"EventRecordID":8667,"Correlation":null,"Execution_attributes":{"ProcessID":22284,"ThreadID":4880},"Channel":"Microsoft-Windows-Bits-Client/Operational","Computer":"MSEDGEWIN10","Security_attributes":{"UserID":"S-1-5-18"}},"EventData":null}}
{"Event_attributes":{"xmlns":"http://schemas.microsoft.com/win/2004/08/events/event"},"Event":{"System":{"Provider_attributes":{"Name":"Microsoft-Windows-Bits-Client","Guid":"EF1CC15B-46C1-414E-BB95-E76B077BD51E"},"EventID":3,"Version":2,"Level":4,"Task":0,"Opcode":0,"Keywords":"0x4000000000000000","TimeCreated_attributes":{"SystemTime":"2020-11-07T11:57:56.082281Z"},"EventRecordID":8668,"Correlation":null,"Execution_attributes":{"ProcessID":22284,"ThreadID":2956},"Channel":"Microsoft-Windows-Bits-Client/Operational","Computer":"MSEDGEWIN10","Security_attributes":{"UserID":"S-1-5-18"}},"EventData":{"jobTitle":"SpeechModelDownloadJob","jobId":"1346D3E6-0568-4199-848E-72F5A603645E","jobOwner":"NT AUTHORITY\\NETWORK SERVICE","processPath":"C:\\Windows\\System32\\Speech_OneCore\\common\\SpeechModelDownload.exe","processId":2800}}}
{"Event_attributes":{"xmlns":"http://schemas.microsoft.com/win/2004/08/events/event"},"Event":{"System":{"Provider_attributes":{"Name":"Microsoft-Windows-Bits-Client","Guid":"EF1CC15B-46C1-414E-BB95-E76B077BD51E"},"EventID":61,"Version":1,"Level":3,"Task":0,"Opcode":2,"Keywords":"0x4000000000000000","TimeCreated_attributes":{"SystemTime":"2020-11-07T11:58:02.711400Z"},"EventRecordID":8669,"Correlation_attributes":{"ActivityID":"6576FBED-9F60-4D09-A90A-6773AB1B1189"},"Execution_attributes":{"ProcessID":22284,"ThreadID":1992},"Channel":"Microsoft-Windows-Bits-Client/Operational","Computer":"MSEDGEWIN10","Security_attributes":{"UserID":"S-1-5-18"}},"EventData":{"transferId":"6576FBED-9F60-4D09-A90A-6773AB1B1189","name":"SpeechModelDownloadJob","Id":"1346D3E6-0568-4199-848E-72F5A603645E","url":"https://msftspeechmodelsprod.azureedge.net/SR/SV10-EV100/en-us-n/MV101/naspmodelsmetadata.xml","peer":"","hr":2147954407,"fileTime":"1601-01-01T00:00:00.000000Z","fileLength":18446744073709551615,"bytesTotal":18446744073709551615,"bytesTransferred":0,"proxy":"","peerProtocolFlags":0,"bytesTransferredFromPeer":0,"AdditionalInfoHr":0,"PeerContextInfo":0,"bandwidthLimit":18446744073709551615,"ignoreBandwidthLimitsOnLan":false}}}
{"Event_attributes":{"xmlns":"http://schemas.microsoft.com/win/2004/08/events/event"},"Event":{"System":{"Provider_attributes":{"Name":"Microsoft-Windows-Bits-Client","Guid":"EF1CC15B-46C1-414E-BB95-E76B077BD51E"},"EventID":5,"Version":0,"Level":4,"Task":0,"Opcode":0,"Keywords":"0x4000000000000000","TimeCreated_attributes":{"SystemTime":"2020-11-07T11:58:03.473308Z"},"EventRecordID":8670,"Correlation":null,"Execution_attributes":{"ProcessID":22284,"ThreadID":2956},"Channel":"Microsoft-Windows-Bits-Client/Operational","Computer":"MSEDGEWIN10","Security_attributes":{"UserID":"S-1-5-20"}},"EventData":{"User":"NT AUTHORITY\\NETWORK SERVICE","jobTitle":"SpeechModelDownloadJob","jobId":"1346D3E6-0568-4199-848E-72F5A603645E","jobOwner":"NT AUTHORITY\\NETWORK SERVICE","fileCount":1}}}
{"Event_attributes":{"xmlns":"http://schemas.microsoft.com/win/2004/08/events/event"},"Event":{"System":{"Provider_attributes":{"Name":"Microsoft-Windows-Bits-Client","Guid":"EF1CC15B-46C1-414E-BB95-E76B077BD51E"},"EventID":306,"Version":0,"Level":5,"Task":0,"Opcode":0,"Keywords":"0x4000000000000000","TimeCreated_attributes":{"SystemTime":"2020-11-07T15:33:46.699252Z"},"EventRecordID":8671,"Correlation":null,"Execution_attributes":{"ProcessID":8964,"ThreadID":9000},"Channel":"Microsoft-Windows-Bits-Client/Operational","Computer":"MSEDGEWIN10","Security_attributes":{"UserID":"S-1-5-18"}},"EventData":null}}
{"Event_attributes":{"xmlns":"http://schemas.microsoft.com/win/2004/08/events/event"},"Event":{"System":{"Provider_attributes":{"Name":"Microsoft-Windows-Bits-Client","Guid":"EF1CC15B-46C1-414E-BB95-E76B077BD51E"},"EventID":3,"Version":2,"Level":4,"Task":0,"Opcode":0,"Keywords":"0x4000000000000000","TimeCreated_attributes":{"SystemTime":"2020-11-07T15:33:50.329858Z"},"EventRecordID":8672,"Correlation":null,"Execution_attributes":{"ProcessID":8964,"ThreadID":8508},"Channel":"Microsoft-Windows-Bits-Client/Operational","Computer":"MSEDGEWIN10","Security_attributes":{"UserID":"S-1-5-18"}},"EventData":{"jobTitle":"Push Notification Platform Job: 1","jobId":"F6F80D39-5C38-4E89-A135-224B5BD34683","jobOwner":"MSEDGEWIN10\\IEUser","processPath":"C:\\Windows\\System32\\svchost.exe","processId":6248}}}
{"Event_attributes":{"xmlns":"http://schemas.microsoft.com/win/2004/08/events/event"},"Event":{"System":{"Provider_attributes":{"Name":"Microsoft-Windows-Bits-Client","Guid":"EF1CC15B-46C1-414E-BB95-E76B077BD51E"},"EventID":209,"Version":0,"Level":4,"Task":0,"Opcode":0,"Keywords":"0x4000000000000000","TimeCreated_attributes":{"SystemTime":"2020-11-07T15:33:50.458674Z"},"EventRecordID":8673,"Correlation":null,"Execution_attributes":{"ProcessID":8964,"ThreadID":8508},"Channel":"Microsoft-Windows-Bits-Client/Operational","Computer":"MSEDGEWIN10","Security_attributes":{"UserID":"S-1-5-18"}},"EventData":{"jobName":"Push Notification Platform Job: 1","jobId":"F6F80D39-5C38-4E89-A135-224B5BD34683","isRoaming":1}}}
{"Event_attributes":{"xmlns":"http://schemas.microsoft.com/win/2004/08/events/event"},"Event":{"System":{"Provider_attributes":{"Name":"Microsoft-Windows-Bits-Client","Guid":"EF1CC15B-46C1-414E-BB95-E76B077BD51E"},"EventID":59,"Version":1,"Level":4,"Task":0,"Opcode":1,"Keywords":"0x4000000000000000","TimeCreated_attributes":{"SystemTime":"2020-11-07T15:33:50.498129Z"},"EventRecordID":8674,"Correlation_attributes":{"ActivityID":"CCA35086-3F90-4CB0-A1A8-C24B6E0305AA"},"Execution_attributes":{"ProcessID":8964,"ThreadID":5280},"Channel":"Microsoft-Windows-Bits-Client/Operational","Computer":"MSEDGEWIN10","Security_attributes":{"UserID":"S-1-5-18"}},"EventData":{"transferId":"CCA35086-3F90-4CB0-A1A8-C24B6E0305AA","name":"Push Notification Platform Job: 1","Id":"F6F80D39-5C38-4E89-A135-224B5BD34683","url":"https://img-s-msn-com.akamaized.net/tenant/amp/entityid/BB19R5M0.img?w=100&h=100&m=6&tilesize=medium&ms-scale=100&ms-contrast=standard","peer":"","fileTime":"1601-01-01T00:00:00.000000Z","fileLength":18446744073709551615,"bytesTotal":18446744073709551615,"bytesTransferred":0,"bytesTransferredFromPeer":0}}}
{"Event_attributes":{"xmlns":"http://schemas.microsoft.com/win/2004/08/events/event"},"Event":{"System":{"Provider_attributes":{"Name":"Microsoft-Windows-Bits-Client","Guid":"EF1CC15B-46C1-414E-BB95-E76B077BD51E"},"EventID":60,"Version":1,"Level":4,"Task":0,"Opcode":2,"Keywords":"0x4000000000000000","TimeCreated_attributes":{"SystemTime":"2020-11-07T15:33:50.641787Z"},"EventRecordID":8675,"Correlation_attributes":{"ActivityID":"CCA35086-3F90-4CB0-A1A8-C24B6E0305AA"},"Execution_attributes":{"ProcessID":8964,"ThreadID":6412},"Channel":"Microsoft-Windows-Bits-Client/Operational","Computer":"MSEDGEWIN10","Security_attributes":{"UserID":"S-1-5-18"}},"EventData":{"transferId":"CCA35086-3F90-4CB0-A1A8-C24B6E0305AA","name":"Push Notification Platform Job: 1","Id":"F6F80D39-5C38-4E89-A135-224B5BD34683","url":"https://img-s-msn-com.akamaized.net/tenant/amp/entityid/BB19R5M0.img?w=100&h=100&m=6&tilesize=medium&ms-scale=100&ms-contrast=standard","peer":"","hr":0,"fileTime":"2020-11-07T15:18:05.000000Z","fileLength":3467,"bytesTotal":3467,"bytesTransferred":3467,"proxy":"","peerProtocolFlags":0,"bytesTransferredFromPeer":0,"AdditionalInfoHr":0,"PeerContextInfo":0,"bandwidthLimit":18446744073709551615,"ignoreBandwidthLimitsOnLan":false}}}
{"Event_attributes":{"xmlns":"http://schemas.microsoft.com/win/2004/08/events/event"},"Event":{"System":{"Provider_attributes":{"Name":"Microsoft-Windows-Bits-Client","Guid":"EF1CC15B-46C1-414E-BB95-E76B077BD51E"},"EventID":4,"Version":1,"Level":4,"Task":0,"Opcode":0,"Keywords":"0x4000000000000000","TimeCreated_attributes":{"SystemTime":"2020-11-07T15:33:50.695794Z"},"EventRecordID":8676,"Correlation":null,"Execution_attributes":{"ProcessID":8964,"ThreadID":8516},"Channel":"Microsoft-Windows-Bits-Client/Operational","Computer":"MSEDGEWIN10","Security_attributes":{"UserID":"S-1-5-18"}},"EventData":{"User":"MSEDGEWIN10\\IEUser","jobTitle":"Push Notification Platform Job: 1","jobId":"F6F80D39-5C38-4E89-A135-224B5BD34683","jobOwner":"MSEDGEWIN10\\IEUser","fileCount":1,"bytesTransferred":3467,"bytesTransferredFromPeer":0}}}
{"Event_attributes":{"xmlns":"http://schemas.microsoft.com/win/2004/08/events/event"},"Event":{"System":{"Provider_attributes":{"Name":"Microsoft-Windows-Bits-Client","Guid":"EF1CC15B-46C1-414E-BB95-E76B077BD51E"},"EventID":3,"Version":2,"Level":4,"Task":0,"Opcode":0,"Keywords":"0x4000000000000000","TimeCreated_attributes":{"SystemTime":"2020-11-07T15:36:29.874025Z"},"EventRecordID":8677,"Correlation":null,"Execution_attributes":{"ProcessID":8964,"ThreadID":9112},"Channel":"Microsoft-Windows-Bits-Client/Operational","Computer":"MSEDGEWIN10","Security_attributes":{"UserID":"S-1-5-18"}},"EventData":{"jobTitle":"PreSignInSettingsConfigJSON","jobId":"995B6674-5AFF-4A47-8E7F-3B0AD68499B6","jobOwner":"MSEDGEWIN10\\IEUser","processPath":"C:\\Users\\IEUser\\AppData\\Local\\Microsoft\\OneDrive\\OneDriveStandaloneUpdater.exe","processId":1876}}}
{"Event_attributes":{"xmlns":"http://schemas.microsoft.com/win/2004/08/events/event"},"Event":{"System":{"Provider_attributes":{"Name":"Microsoft-Windows-Bits-Client","Guid":"EF1CC15B-46C1-414E-BB95-E76B077BD51E"},"EventID":310,"Version":0,"Level":3,"Task":0,"Opcode":0,"Keywords":"0x4000000000000000","TimeCreated_attributes":{"SystemTime":"2020-11-07T15:36:30.258413Z"},"EventRecordID":8678,"Correlation":null,"Execution_attributes":{"ProcessID":8964,"ThreadID":8264},"Channel":"Microsoft-Windows-Bits-Client/Operational","Computer":"MSEDGEWIN10","Security_attributes":{"UserID":"S-1-5-18"}},"EventData":{"ErrorCode":2147942450}}}
{"Event_attributes":{"xmlns":"http://schemas.microsoft.com/win/2004/08/events/event"},"Event":{"System":{"Provider_attributes":{"Name":"Microsoft-Windows-Bits-Client","Guid":"EF1CC15B-46C1-414E-BB95-E76B077BD51E"},"EventID":59,"Version":1,"Level":4,"Task":0,"Opcode":1,"Keywords":"0x4000000000000000","TimeCreated_attributes":{"SystemTime":"2020-11-07T15:36:30.267735Z"},"EventRecordID":8679,"Correlation_attributes":{"ActivityID":"083DF445-0959-4F89-A885-CB47C5707245"},"Execution_attributes":{"ProcessID":8964,"ThreadID":8264},"Channel":"Microsoft-Windows-Bits-Client/Operational","Computer":"MSEDGEWIN10","Security_attributes":{"UserID":"S-1-5-18"}},"EventData":{"transferId":"083DF445-0959-4F89-A885-CB47C5707245","name":"PreSignInSettingsConfigJSON","Id":"995B6674-5AFF-4A47-8E7F-3B0AD68499B6","url":"https://g.live.com/odclientsettings/Prod","peer":"","fileTime":"2020-11-02T21:00:37.000000Z","fileLength":32671,"bytesTotal":32671,"bytesTransferred":0,"bytesTransferredFromPeer":0}}}
{"Event_attributes":{"xmlns":"http://schemas.microsoft.com/win/2004/08/events/event"},"Event":{"System":{"Provider_attributes":{"Name":"Microsoft-Windows-Bits-Client","Guid":"EF1CC15B-46C1-414E-BB95-E76B077BD51E"},"EventID":60,"Version":1,"Level":4,"Task":0,"Opcode":2,"Keywords":"0x4000000000000000","TimeCreated_attributes":{"SystemTime":"2020-11-07T15:36:30.426050Z"},"EventRecordID":8680,"Correlation_attributes":{"ActivityID":"083DF445-0959-4F89-A885-CB47C5707245"},"Execution_attributes":{"ProcessID":8964,"ThreadID":9112},"Channel":"Microsoft-Windows-Bits-Client/Operational","Computer":"MSEDGEWIN10","Security_attributes":{"UserID":"S-1-5-18"}},"EventData":{"transferId":"083DF445-0959-4F89-A885-CB47C5707245","name":"PreSignInSettingsConfigJSON","Id":"995B6674-5AFF-4A47-8E7F-3B0AD68499B6","url":"https://g.live.com/odclientsettings/Prod","peer":"","hr":0,"fileTime":"2020-11-02T21:00:37.000000Z","fileLength":32671,"bytesTotal":32671,"bytesTransferred":32671,"proxy":"","peerProtocolFlags":0,"bytesTransferredFromPeer":0,"AdditionalInfoHr":0,"PeerContextInfo":0,"bandwidthLimit":18446744073709551615,"ignoreBandwidthLimitsOnLan":false}}}
{"Event_attributes":{"xmlns":"http://schemas.microsoft.com/win/2004/08/events/event"},"Event":{"System":{"Provider_attributes":{"Name":"Microsoft-Windows-Bits-Client","Guid":"EF1CC15B-46C1-414E-BB95-E76B077BD51E"},"EventID":4,"Version":1,"Level":4,"Task":0,"Opcode":0,"Keywords":"0x4000000000000000","TimeCreated_attributes":{"SystemTime":"2020-11-07T15:36:30.429222Z"},"EventRecordID":8681,"Correlation":null,"Execution_attributes":{"ProcessID":8964,"ThreadID":9112},"Channel":"Microsoft-Windows-Bits-Client/Operational","Computer":"MSEDGEWIN10","Security_attributes":{"UserID":"S-1-5-18"}},"EventData":{"User":"MSEDGEWIN10\\IEUser","jobTitle":"PreSignInSettingsConfigJSON","jobId":"995B6674-5AFF-4A47-8E7F-3B0AD68499B6","jobOwner":"MSEDGEWIN10\\IEUser","fileCount":1,"bytesTransferred":32671,"bytesTransferredFromPeer":0}}}
{"Event_attributes":{"xmlns":"http://schemas.microsoft.com/win/2004/08/events/event"},"Event":{"System":{"Provider_attributes":{"Name":"Microsoft-Windows-Bits-Client","Guid":"EF1CC15B-46C1-414E-BB95-E76B077BD51E"},"EventID":3,"Version":2,"Level":4,"Task":0,"Opcode":0,"Keywords":"0x4000000000000000","TimeCreated_attributes":{"SystemTime":"2020-11-07T15:36:30.693767Z"},"EventRecordID":8682,"Correlation":null,"Execution_attributes":{"ProcessID":8964,"ThreadID":9112},"Channel":"Microsoft-Windows-Bits-Client/Operational","Computer":"MSEDGEWIN10","Security_attributes":{"UserID":"S-1-5-18"}},"EventData":{"jobTitle":"UpdateDescriptionXml","jobId":"A65DC726-02C4-435C-93C0-F53C3F1C2A02","jobOwner":"MSEDGEWIN10\\IEUser","processPath":"C:\\Users\\IEUser\\AppData\\Local\\Microsoft\\OneDrive\\OneDriveStandaloneUpdater.exe","processId":1876}}}
{"Event_attributes":{"xmlns":"http://schemas.microsoft.com/win/2004/08/events/event"},"Event":{"System":{"Provider_attributes":{"Name":"Microsoft-Windows-Bits-Client","Guid":"EF1CC15B-46C1-414E-BB95-E76B077BD51E"},"EventID":59,"Version":1,"Level":4,"Task":0,"Opcode":1,"Keywords":"0x4000000000000000","TimeCreated_attributes":{"SystemTime":"2020-11-07T15:36:30.760590Z"},"EventRecordID":8683,"Correlation_attributes":{"ActivityID":"EBF08373-229B-4326-9248-DBE4657FA360"},"Execution_attributes":{"ProcessID":8964,"ThreadID":8264},"Channel":"Microsoft-Windows-Bits-Client/Operational","Computer":"MSEDGEWIN10","Security_attributes":{"UserID":"S-1-5-18"}},"EventData":{"transferId":"EBF08373-229B-4326-9248-DBE4657FA360","name":"UpdateDescriptionXml","Id":"A65DC726-02C4-435C-93C0-F53C3F1C2A02","url":"https://g.live.com/1rewlive5skydrive/ODSUProduction","peer":"","fileTime":"2020-10-26T21:00:55.000000Z","fileLength":526,"bytesTotal":526,"bytesTransferred":0,"bytesTransferredFromPeer":0}}}
{"Event_attributes":{"xmlns":"http://schemas.microsoft.com/win/2004/08/events/event"},"Event":{"System":{"Provider_attributes":{"Name":"Microsoft-Windows-Bits-Client","Guid":"EF1CC15B-46C1-414E-BB95-E76B077BD51E"},"EventID":60,"Version":1,"Level":4,"Task":0,"Opcode":2,"Keywords":"0x4000000000000000","TimeCreated_attributes":{"SystemTime":"2020-11-07T15:36:31.548940Z"},"EventRecordID":8684,"Correlation_attributes":{"ActivityID":"EBF08373-229B-4326-9248-DBE4657FA360"},"Execution_attributes":{"ProcessID":8964,"ThreadID":9112},"Channel":"Microsoft-Windows-Bits-Client/Operational","Computer":"MSEDGEWIN10","Security_attributes":{"UserID":"S-1-5-18"}},"EventData":{"transferId":"EBF08373-229B-4326-9248-DBE4657FA360","name":"UpdateDescriptionXml","Id":"A65DC726-02C4-435C-93C0-F53C3F1C2A02","url":"https://g.live.com/1rewlive5skydrive/ODSUProduction","peer":"","hr":0,"fileTime":"2020-10-26T21:00:55.000000Z","fileLength":526,"bytesTotal":526,"bytesTransferred":526,"proxy":"","peerProtocolFlags":0,"bytesTransferredFromPeer":0,"AdditionalInfoHr":0,"PeerContextInfo":0,"bandwidthLimit":18446744073709551615,"ignoreBandwidthLimitsOnLan":false}}}
{"Event_attributes":{"xmlns":"http://schemas.microsoft.com/win/2004/08/events/event"},"Event":{"System":{"Provider_attributes":{"Name":"Microsoft-Windows-Bits-Client","Guid":"EF1CC15B-46C1-414E-BB95-E76B077BD51E"},"EventID":4,"Version":1,"Level":4,"Task":0,"Opcode":0,"Keywords":"0x4000000000000000","TimeCreated_attributes":{"SystemTime":"2020-11-07T15:36:31.550614Z"},"EventRecordID":8685,"Correlation":null,"Execution_attributes":{"ProcessID":8964,"ThreadID":9112},"Channel":"Microsoft-Windows-Bits-Client/Operational","Computer":"MSEDGEWIN10","Security_attributes":{"UserID":"S-1-5-18"}},"EventData":{"User":"MSEDGEWIN10\\IEUser","jobTitle":"UpdateDescriptionXml","jobId":"A65DC726-02C4-435C-93C0-F53C3F1C2A02","jobOwner":"MSEDGEWIN10\\IEUser","fileCount":1,"bytesTransferred":526,"bytesTransferredFromPeer":0}}}
{"Event_attributes":{"xmlns":"http://schemas.microsoft.com/win/2004/08/events/event"},"Event":{"System":{"Provider_attributes":{"Name":"Microsoft-Windows-Bits-Client","Guid":"EF1CC15B-46C1-414E-BB95-E76B077BD51E"},"EventID":306,"Version":0,"Level":5,"Task":0,"Opcode":0,"Keywords":"0x4000000000000000","TimeCreated_attributes":{"SystemTime":"2020-11-08T11:22:20.675777Z"},"EventRecordID":8686,"Correlation":null,"Execution_attributes":{"ProcessID":1968,"ThreadID":9564},"Channel":"Microsoft-Windows-Bits-Client/Operational","Computer":"MSEDGEWIN10","Security_attributes":{"UserID":"S-1-5-18"}},"EventData":null}}
{"Event_attributes":{"xmlns":"http://schemas.microsoft.com/win/2004/08/events/event"},"Event":{"System":{"Provider_attributes":{"Name":"Microsoft-Windows-Bits-Client","Guid":"EF1CC15B-46C1-414E-BB95-E76B077BD51E"},"EventID":306,"Version":0,"Level":5,"Task":0,"Opcode":0,"Keywords":"0x4000000000000000","TimeCreated_attributes":{"SystemTime":"2020-11-09T08:24:57.301284Z"},"EventRecordID":8687,"Correlation":null,"Execution_attributes":{"ProcessID":21948,"ThreadID":21896},"Channel":"Microsoft-Windows-Bits-Client/Operational","Computer":"MSEDGEWIN10","Security_attributes":{"UserID":"S-1-5-18"}},"EventData":null}}
{"Event_attributes":{"xmlns":"http://schemas.microsoft.com/win/2004/08/events/event"},"Event":{"System":{"Provider_attributes":{"Name":"Microsoft-Windows-Bits-Client","Guid":"EF1CC15B-46C1-414E-BB95-E76B077BD51E"},"EventID":3,"Version":2,"Level":4,"Task":0,"Opcode":0,"Keywords":"0x4000000000000000","TimeCreated_attributes":{"SystemTime":"2020-11-09T08:24:59.812512Z"},"EventRecordID":8688,"Correlation":null,"Execution_attributes":{"ProcessID":21948,"ThreadID":22352},"Channel":"Microsoft-Windows-Bits-Client/Operational","Computer":"MSEDGEWIN10","Security_attributes":{"UserID":"S-1-5-18"}},"EventData":{"jobTitle":"Font Download","jobId":"338FE300-B03E-43C2-BC70-62513165EED5","jobOwner":"NT AUTHORITY\\LOCAL SERVICE","processPath":"C:\\Windows\\System32\\svchost.exe","processId":2144}}}
{"Event_attributes":{"xmlns":"http://schemas.microsoft.com/win/2004/08/events/event"},"Event":{"System":{"Provider_attributes":{"Name":"Microsoft-Windows-Bits-Client","Guid":"EF1CC15B-46C1-414E-BB95-E76B077BD51E"},"EventID":209,"Version":0,"Level":4,"Task":0,"Opcode":0,"Keywords":"0x4000000000000000","TimeCreated_attributes":{"SystemTime":"2020-11-09T08:24:59.814158Z"},"EventRecordID":8689,"Correlation":null,"Execution_attributes":{"ProcessID":21948,"ThreadID":22412},"Channel":"Microsoft-Windows-Bits-Client/Operational","Computer":"MSEDGEWIN10","Security_attributes":{"UserID":"S-1-5-18"}},"EventData":{"jobName":"Font Download","jobId":"338FE300-B03E-43C2-BC70-62513165EED5","isRoaming":1}}}
{"Event_attributes":{"xmlns":"http://schemas.microsoft.com/win/2004/08/events/event"},"Event":{"System":{"Provider_attributes":{"Name":"Microsoft-Windows-Bits-Client","Guid":"EF1CC15B-46C1-414E-BB95-E76B077BD51E"},"EventID":310,"Version":0,"Level":3,"Task":0,"Opcode":0,"Keywords":"0x4000000000000000","TimeCreated_attributes":{"SystemTime":"2020-11-09T08:25:00.018371Z"},"EventRecordID":8690,"Correlation":null,"Execution_attributes":{"ProcessID":21948,"ThreadID":4816},"Channel":"Microsoft-Windows-Bits-Client/Operational","Computer":"MSEDGEWIN10","Security_attributes":{"UserID":"S-1-5-18"}},"EventData":{"ErrorCode":2147942450}}}
{"Event_attributes":{"xmlns":"http://schemas.microsoft.com/win/2004/08/events/event"},"Event":{"System":{"Provider_attributes":{"Name":"Microsoft-Windows-Bits-Client","Guid":"EF1CC15B-46C1-414E-BB95-E76B077BD51E"},"EventID":59,"Version":1,"Level":4,"Task":0,"Opcode":1,"Keywords":"0x4000000000000000","TimeCreated_attributes":{"SystemTime":"2020-11-09T08:25:00.043998Z"},"EventRecordID":8691,"Correlation_attributes":{"ActivityID":"F6A24BE2-F20A-4A19-82AF-55873EAC2905"},"Execution_attributes":{"ProcessID":21948,"ThreadID":4816},"Channel":"Microsoft-Windows-Bits-Client/Operational","Computer":"MSEDGEWIN10","Security_attributes":{"UserID":"S-1-5-18"}},"EventData":{"transferId":"F6A24BE2-F20A-4A19-82AF-55873EAC2905","name":"Font Download","Id":"338FE300-B03E-43C2-BC70-62513165EED5","url":"https://fs.microsoft.com/fs/windows/config.json","peer":"","fileTime":"2017-04-20T16:10:39.000000Z","fileLength":55,"bytesTotal":55,"bytesTransferred":0,"bytesTransferredFromPeer":0}}}
{"Event_attributes":{"xmlns":"http://schemas.microsoft.com/win/2004/08/events/event"},"Event":{"System":{"Provider_attributes":{"Name":"Microsoft-Windows-Bits-Client","Guid":"EF1CC15B-46C1-414E-BB95-E76B077BD51E"},"EventID":60,"Version":1,"Level":4,"Task":0,"Opcode":2,"Keywords":"0x4000000000000000","TimeCreated_attributes":{"SystemTime":"2020-11-09T08:25:00.086493Z"},"EventRecordID":8692,"Correlation_attributes":{"ActivityID":"F6A24BE2-F20A-4A19-82AF-55873EAC2905"},"Execution_attributes":{"ProcessID":21948,"ThreadID":22352},"Channel":"Microsoft-Windows-Bits-Client/Operational","Computer":"MSEDGEWIN10","Security_attributes":{"UserID":"S-1-5-18"}},"EventData":{"transferId":"F6A24BE2-F20A-4A19-82AF-55873EAC2905","name":"Font Download","Id":"338FE300-B03E-43C2-BC70-62513165EED5","url":"https://fs.microsoft.com/fs/windows/config.json","peer":"","hr":0,"fileTime":"2017-04-20T16:10:39.000000Z","fileLength":55,"bytesTotal":55,"bytesTransferred":55,"proxy":"","peerProtocolFlags":0,"bytesTransferredFromPeer":0,"AdditionalInfoHr":0,"PeerContextInfo":0,"bandwidthLimit":18446744073709551615,"ignoreBandwidthLimitsOnLan":false}}}
{"Event_attributes":{"xmlns":"http://schemas.microsoft.com/win/2004/08/events/event"},"Event":{"System":{"Provider_attributes":{"Name":"Microsoft-Windows-Bits-Client","Guid":"EF1CC15B-46C1-414E-BB95-E76B077BD51E"},"EventID":4,"Version":1,"Level":4,"Task":0,"Opcode":0,"Keywords":"0x4000000000000000","TimeCreated_attributes":{"SystemTime":"2020-11-09T08:25:00.087817Z"},"EventRecordID":8693,"Correlation":null,"Execution_attributes":{"ProcessID":21948,"ThreadID":22352},"Channel":"Microsoft-Windows-Bits-Client/Operational","Computer":"MSEDGEWIN10","Security_attributes":{"UserID":"S-1-5-18"}},"EventData":{"User":"NT AUTHORITY\\LOCAL SERVICE","jobTitle":"Font Download","jobId":"338FE300-B03E-43C2-BC70-62513165EED5","jobOwner":"NT AUTHORITY\\LOCAL SERVICE","fileCount":1,"bytesTransferred":55,"bytesTransferredFromPeer":0}}}
