{"Event_attributes":{"xmlns":"http://schemas.microsoft.com/win/2004/08/events/event"},"Event":{"System":{"Provider_attributes":{"Name":"Microsoft-Windows-Bits-Client","Guid":"EF1CC15B-46C1-414E-BB95-E76B077BD51E"},"EventID":5,"Version":0,"Level":4,"Task":0,"Opcode":0,"Keywords":"0x4000000000000000","TimeCreated_attributes":{"SystemTime":"2020-10-08T14:43:49.291978Z"},"EventRecordID":7873,"Correlation":null,"Execution_attributes":{"ProcessID":5060,"ThreadID":5116},"Channel":"Microsoft-Windows-Bits-Client/Operational","Computer":"MSEDGEWIN10","Security_attributes":{"UserID":"S-1-5-18"}},"EventData":{"User":"NT AUTHORITY\\SYSTEM","jobTitle":"C:\\Program Files (x86)\\Google\\Update\\1.3.35.452\\Recovery\\GUR8658.tmp\\GoogleUpdateSetup.crx3","jobId":"1960D15E-5FC2-457D-ABE7-9A7CB97B7761","jobOwner":"NT AUTHORITY\\SYSTEM","fileCount":1}}}
{"Event_attributes":{"xmlns":"http://schemas.microsoft.com/win/2004/08/events/event"},"Event":{"System":{"Provider_attributes":{"Name":"Microsoft-Windows-Bits-Client","Guid":"EF1CC15B-46C1-414E-BB95-E76B077BD51E"},"EventID":3,"Version":2,"Level":4,"Task":0,"Opcode":0,"Keywords":"0x4000000000000000","TimeCreated_attributes":{"SystemTime":"2020-10-08T14:43:49.877704Z"},"EventRecordID":7874,"Correlation":null,"Execution_attributes":{"ProcessID":5060,"ThreadID":5116},"Channel":"Microsoft-Windows-Bits-Client/Operational","Computer":"MSEDGEWIN10","Security_attributes":{"UserID":"S-1-5-18"}},"EventData":{"jobTitle":"C:\\Program Files (x86)\\Google\\Update\\1.3.35.452\\Recovery\\GUR8658.tmp\\GoogleUpdateSetup.crx3","jobId":"8F97EFEC-9BDF-4726-90B9-8C56B76BDBD7","jobOwner":"NT AUTHORITY\\SYSTEM","processPath":"C:\\Program Files (x86)\\Google\\Update\\GoogleUpdate.exe","processId":3616}}}
{"Event_attributes":{"xmlns":"http://schemas.microsoft.com/win/2004/08/events/event"},"Event":{"System":{"Provider_attributes":{"Name":"Microsoft-Windows-Bits-Client","Guid":"EF1CC15B-46C1-414E-BB95-E76B077BD51E"},"EventID":61,"Version":1,"Level":3,"Task":0,"Opcode":2,"Keywords":"0x4000000000000000","TimeCreated_attributes":{"SystemTime":"2020-10-08T14:43:49.896897Z"},"EventRecordID":7875,"Correlation_attributes":{"ActivityID":"3FE0A035-7A15-4F3F-94B1-1945FFA83067"},"Execution_attributes":{"ProcessID":5060,"ThreadID":5116},"Channel":"Microsoft-Windows-Bits-Client/Operational","Computer":"MSEDGEWIN10","Security_attributes":{"UserID":"S-1-5-18"}},"EventData":{"transferId":"3FE0A035-7A15-4F3F-94B1-1945FFA83067","name":"C:\\Program Files (x86)\\Google\\Update\\1.3.35.452\\Recovery\\GUR8658.tmp\\GoogleUpdateSetup.crx3","Id":"8F97EFEC-9BDF-4726-90B9-8C56B76BDBD7","url":"https://clients2.google.com/service/check2?crx3=true&appid=%7B430FD4D0-B729-4F61-AA34-91526481799D%7D&appversion=1.3.35.452&applang=&machine=1&version=1.3.35.452&userid=%7B41975F82-406F-4186-AABD-6E6A89517884%7D&osversion=10.0&servicepack=","peer":"","hr":2147954407,"fileTime":"1601-01-01T00:00:00.000000Z","fileLength":18446744073709551615,"bytesTotal":18446744073709551615,"bytesTransferred":0,"proxy":"","peerProtocolFlags":0,"bytesTransferredFromPeer":0,"AdditionalInfoHr":0,"PeerContextInfo":0,"bandwidthLimit":18446744073709551615,"ignoreBandwidthLimitsOnLan":false}}}
{"Event_attributes":{"xmlns":"http://schemas.microsoft.com/win/2004/08/events/event"},"Event":{"System":{"Provider_attributes":{"Name":"Microsoft-Windows-Bits-Client","Guid":"EF1CC15B-46C1-414E-BB95-E76B077BD51E"},"EventID":5,"Version":0,"Level":4,"Task":0,"Opcode":0,"Keywords":"0x4000000000000000","TimeCreated_attributes":{"SystemTime":"2020-10-08T14:43:49.901781Z"},"EventRecordID":7876,"Correlation":null,"Execution_attributes":{"ProcessID":5060,"ThreadID":800},"Channel":"Microsoft-Windows-Bits-Client/Operational","Computer":"MSEDGEWIN10","Security_attributes":{"UserID":"S-1-5-18"}},"EventData":{"User":"NT AUTHORITY\\SYSTEM","jobTitle":"C:\\Program Files (x86)\\Google\\Update\\1.3.35.452\\Recovery\\GUR8658.tmp\\GoogleUpdateSetup.crx3","jobId":"8F97EFEC-9BDF-4726-90B9-8C56B76BDBD7","jobOwner":"NT AUTHORITY\\SYSTEM","fileCount":1}}}
{"Event_attributes":{"xmlns":"http://schemas.microsoft.com/win/2004/08/events/event"},"Event":{"System":{"Provider_attributes":{"Name":"Microsoft-Windows-Bits-Client","Guid":"EF1CC15B-46C1-414E-BB95-E76B077BD51E"},"EventID":306,"Version":0,"Level":5,"Task":0,"Opcode":0,"Keywords":"0x4000000000000000","TimeCreated_attributes":{"SystemTime":"2020-10-09T11:17:23.379835Z"},"EventRecordID":7877,"Correlation":null,"Execution_attributes":{"ProcessID":8008,"ThreadID":8024},"Channel":"Microsoft-Windows-Bits-Client/Operational","Computer":"MSEDGEWIN10","Security_attributes":{"UserID":"S-1-5-18"}},"EventData":null}}
{"Event_attributes":{"xmlns":"http://schemas.microsoft.com/win/2004/08/events/event"},"Event":{"System":{"Provider_attributes":{"Name":"Microsoft-Windows-Bits-Client","Guid":"EF1CC15B-46C1-414E-BB95-E76B077BD51E"},"EventID":3,"Version":2,"Level":4,"Task":0,"Opcode":0,"Keywords":"0x4000000000000000","TimeCreated_attributes":{"SystemTime":"2020-10-09T11:17:25.792894Z"},"EventRecordID":7878,"Correlation":null,"Execution_attributes":{"ProcessID":8008,"ThreadID":8152},"Channel":"Microsoft-Windows-Bits-Client/Operational","Computer":"MSEDGEWIN10","Security_attributes":{"UserID":"S-1-5-18"}},"EventData":{"jobTitle":"Font Download","jobId":"BE8ABC0D-3E7F-4DF4-84A5-B0F41A6857A1","jobOwner":"NT AUTHORITY\\LOCAL SERVICE","processPath":"C:\\Windows\\System32\\svchost.exe","processId":2196}}}
{"Event_attributes":{"xmlns":"http://schemas.microsoft.com/win/2004/08/events/event"},"Event":{"System":{"Provider_attributes":{"Name":"Microsoft-Windows-Bits-Client","Guid":"EF1CC15B-46C1-414E-BB95-E76B077BD51E"},"EventID":209,"Version":0,"Level":4,"Task":0,"Opcode":0,"Keywords":"0x4000000000000000","TimeCreated_attributes":{"SystemTime":"2020-10-09T11:17:25.797108Z"},"EventRecordID":7879,"Correlation":null,"Execution_attributes":{"ProcessID":8008,"ThreadID":8152},"Channel":"Microsoft-Windows-Bits-Client/Operational","Computer":"MSEDGEWIN10","Security_attributes":{"UserID":"S-1-5-18"}},"EventData":{"jobName":"Font Download","jobId":"BE8ABC0D-3E7F-4DF4-84A5-B0F41A6857A1","isRoaming":1}}}
{"Event_attributes":{"xmlns":"http://schemas.microsoft.com/win/2004/08/events/event"},"Event":{"System":{"Provider_attributes":{"Name":"Microsoft-Windows-Bits-Client","Guid":"EF1CC15B-46C1-414E-BB95-E76B077BD51E"},"EventID":61,"Version":1,"Level":3,"Task":0,"Opcode":2,"Keywords":"0x4000000000000000","TimeCreated_attributes":{"SystemTime":"2020-10-09T11:17:25.823200Z"},"EventRecordID":7880,"Correlation_attributes":{"ActivityID":"DD82C718-0154-48AB-9510-7BCDC8C1E904"},"Execution_attributes":{"ProcessID":8008,"ThreadID":8152},"Channel":"Microsoft-Windows-Bits-Client/Operational","Computer":"MSEDGEWIN10","Security_attributes":{"UserID":"S-1-5-18"}},"EventData":{"transferId":"DD82C718-0154-48AB-9510-7BCDC8C1E904","name":"Font Download","Id":"BE8ABC0D-3E7F-4DF4-84A5-B0F41A6857A1","url":"https://fs.microsoft.com/fs/windows/config.json","peer":"","hr":2147954407,"fileTime":"1601-01-01T00:00:00.000000Z","fileLength":18446744073709551615,"bytesTotal":18446744073709551615,"bytesTransferred":0,"proxy":"","peerProtocolFlags":0,"bytesTransferredFromPeer":0,"AdditionalInfoHr":0,"PeerContextInfo":0,"bandwidthLimit":18446744073709551615,"ignoreBandwidthLimitsOnLan":false}}}
{"Event_attributes":{"xmlns":"http://schemas.microsoft.com/win/2004/08/events/event"},"Event":{"System":{"Provider_attributes":{"Name":"Microsoft-Windows-Bits-Client","Guid":"EF1CC15B-46C1-414E-BB95-E76B077BD51E"},"EventID":3,"Version":2,"Level":4,"Task":0,"Opcode":0,"Keywords":"0x4000000000000000","TimeCreated_attributes":{"SystemTime":"2020-10-09T11:18:54.513611Z"},"EventRecordID":7881,"Correlation":null,"Execution_attributes":{"ProcessID":8008,"ThreadID":8152},"Channel":"Microsoft-Windows-Bits-Client/Operational","Computer":"MSEDGEWIN10","Security_attributes":{"UserID":"S-1-5-18"}},"EventData":{"jobTitle":"PreSignInSettingsConfigJSON","jobId":"CB5F4F7E-3674-46B5-BBDC-1E900032712C","jobOwner":"MSEDGEWIN10\\IEUser","processPath":"C:\\Users\\IEUser\\AppData\\Local\\Microsoft\\OneDrive\\OneDriveStandaloneUpdater.exe","processId":6104}}}
{"Event_attributes":{"xmlns":"http://schemas.microsoft.com/win/2004/08/events/event"},"Event":{"System":{"Provider_attributes":{"Name":"Microsoft-Windows-Bits-Client","Guid":"EF1CC15B-46C1-414E-BB95-E76B077BD51E"},"EventID":61,"Version":1,"Level":3,"Task":0,"Opcode":2,"Keywords":"0x4000000000000000","TimeCreated_attributes":{"SystemTime":"2020-10-09T11:18:54.664980Z"},"EventRecordID":7882,"Correlation_attributes":{"ActivityID":"AE99BB79-A534-4AB0-8C4A-F7ADD183C161"},"Execution_attributes":{"ProcessID":8008,"ThreadID":8096},"Channel":"Microsoft-Windows-Bits-Client/Operational","Computer":"MSEDGEWIN10","Security_attributes":{"UserID":"S-1-5-18"}},"EventData":{"transferId":"AE99BB79-A534-4AB0-8C4A-F7ADD183C161","name":"PreSignInSettingsConfigJSON","Id":"CB5F4F7E-3674-46B5-BBDC-1E900032712C","url":"https://g.live.com/odclientsettings/Prod","peer":"","hr":2147954407,"fileTime":"1601-01-01T00:00:00.000000Z","fileLength":18446744073709551615,"bytesTotal":18446744073709551615,"bytesTransferred":0,"proxy":"","peerProtocolFlags":0,"bytesTransferredFromPeer":0,"AdditionalInfoHr":0,"PeerContextInfo":0,"bandwidthLimit":18446744073709551615,"ignoreBandwidthLimitsOnLan":false}}}
{"Event_attributes":{"xmlns":"http://schemas.microsoft.com/win/2004/08/events/event"},"Event":{"System":{"Provider_attributes":{"Name":"Microsoft-Windows-Bits-Client","Guid":"EF1CC15B-46C1-414E-BB95-E76B077BD51E"},"EventID":61,"Version":1,"Level":3,"Task":0,"Opcode":2,"Keywords":"0x4000000000000000","TimeCreated_attributes":{"SystemTime":"2020-10-09T11:19:04.680071Z"},"EventRecordID":7883,"Correlation_attributes":{"ActivityID":"23BA46B1-13B1-4A79-9B9C-3A2E6E55BE8C"},"Execution_attributes":{"ProcessID":8008,"ThreadID":8152},"Channel":"Microsoft-Windows-Bits-Client/Operational","Computer":"MSEDGEWIN10","Security_attributes":{"UserID":"S-1-5-18"}},"EventData":{"transferId":"23BA46B1-13B1-4A79-9B9C-3A2E6E55BE8C","name":"PreSignInSettingsConfigJSON","Id":"CB5F4F7E-3674-46B5-BBDC-1E900032712C","url":"https://g.live.com/odclientsettings/Prod","peer":"","hr":2147954407,"fileTime":"1601-01-01T00:00:00.000000Z","fileLength":18446744073709551615,"bytesTotal":18446744073709551615,"bytesTransferred":0,"proxy":"","peerProtocolFlags":0,"bytesTransferredFromPeer":0,"AdditionalInfoHr":0,"PeerContextInfo":0,"bandwidthLimit":18446744073709551615,"ignoreBandwidthLimitsOnLan":false}}}
{"Event_attributes":{"xmlns":"http://schemas.microsoft.com/win/2004/08/events/event"},"Event":{"System":{"Provider_attributes":{"Name":"Microsoft-Windows-Bits-Client","Guid":"EF1CC15B-46C1-414E-BB95-E76B077BD51E"},"EventID":61,"Version":1,"Level":3,"Task":0,"Opcode":2,"Keywords":"0x4000000000000000","TimeCreated_attributes":{"SystemTime":"2020-10-09T11:19:14.706163Z"},"EventRecordID":7884,"Correlation_attributes":{"ActivityID":"EAD0CB61-E3EB-474F-8690-E0A90EA49267"},"Execution_attributes":{"ProcessID":8008,"ThreadID":8152},"Channel":"Microsoft-Windows-Bits-Client/Operational","Computer":"MSEDGEWIN10","Security_attributes":{"UserID":"S-1-5-18"}},"EventData":{"transferId":"EAD0CB61-E3EB-474F-8690-E0A90EA49267","name":"PreSignInSettingsConfigJSON","Id":"CB5F4F7E-3674-46B5-BBDC-1E900032712C","url":"https://g.live.com/odclientsettings/Prod","peer":"","hr":2147954407,"fileTime":"1601-01-01T00:00:00.000000Z","fileLength":18446744073709551615,"bytesTotal":18446744073709551615,"bytesTransferred":0,"proxy":"","peerProtocolFlags":0,"bytesTransferredFromPeer":0,"AdditionalInfoHr":0,"PeerContextInfo":0,"bandwidthLimit":18446744073709551615,"ignoreBandwidthLimitsOnLan":false}}}
{"Event_attributes":{"xmlns":"http://schemas.microsoft.com/win/2004/08/events/event"},"Event":{"System":{"Provider_attributes":{"Name":"Microsoft-Windows-Bits-Client","Guid":"EF1CC15B-46C1-414E-BB95-E76B077BD51E"},"EventID":61,"Version":1,"Level":3,"Task":0,"Opcode":2,"Keywords":"0x4000000000000000","TimeCreated_attributes":{"SystemTime":"2020-10-09T11:19:24.720245Z"},"EventRecordID":7885,"Correlation_attributes":{"ActivityID":"06081CF9-194F-4437-80C6-6BAE6DFE1391"},"Execution_attributes":{"ProcessID":8008,"ThreadID":8152},"Channel":"Microsoft-Windows-Bits-Client/Operational","Computer":"MSEDGEWIN10","Security_attributes":{"UserID":"S-1-5-18"}},"EventData":{"transferId":"06081CF9-194F-4437-80C6-6BAE6DFE1391","name":"PreSignInSettingsConfigJSON","Id":"CB5F4F7E-3674-46B5-BBDC-1E900032712C","url":"https://g.live.com/odclientsettings/Prod","peer":"","hr":2147954407,"fileTime":"1601-01-01T00:00:00.000000Z","fileLength":18446744073709551615,"bytesTotal":18446744073709551615,"bytesTransferred":0,"proxy":"","peerProtocolFlags":0,"bytesTransferredFromPeer":0,"AdditionalInfoHr":0,"PeerContextInfo":0,"bandwidthLimit":18446744073709551615,"ignoreBandwidthLimitsOnLan":false}}}
{"Event_attributes":{"xmlns":"http://schemas.microsoft.com/win/2004/08/events/event"},"Event":{"System":{"Provider_attributes":{"Name":"Microsoft-Windows-Bits-Client","Guid":"EF1CC15B-46C1-414E-BB95-E76B077BD51E"},"EventID":61,"Version":1,"Level":3,"Task":0,"Opcode":2,"Keywords":"0x4000000000000000","TimeCreated_attributes":{"SystemTime":"2020-10-09T11:19:39.708035Z"},"EventRecordID":7886,"Correlation_attributes":{"ActivityID":"1C576E6F-08FA-4B42-B839-72AD9CEA9C34"},"Execution_attributes":{"ProcessID":8008,"ThreadID":8096},"Channel":"Microsoft-Windows-Bits-Client/Operational","Computer":"MSEDGEWIN10","Security_attributes":{"UserID":"S-1-5-18"}},"EventData":{"transferId":"1C576E6F-08FA-4B42-B839-72AD9CEA9C34","name":"PreSignInSettingsConfigJSON","Id":"CB5F4F7E-3674-46B5-BBDC-1E900032712C","url":"https://g.live.com/odclientsettings/Prod","peer":"","hr":2147954407,"fileTime":"1601-01-01T00:00:00.000000Z","fileLength":18446744073709551615,"bytesTotal":18446744073709551615,"bytesTransferred":0,"proxy":"","peerProtocolFlags":0,"bytesTransferredFromPeer":0,"AdditionalInfoHr":0,"PeerContextInfo":0,"bandwidthLimit":18446744073709551615,"ignoreBandwidthLimitsOnLan":false}}}
{"Event_attributes":{"xmlns":"http://schemas.microsoft.com/win/2004/08/events/event"},"Event":{"System":{"Provider_attributes":{"Name":"Microsoft-Windows-Bits-Client","Guid":"EF1CC15B-46C1-414E-BB95-E76B077BD51E"},"EventID":61,"Version":1,"Level":3,"Task":0,"Opcode":2,"Keywords":"0x4000000000000000","TimeCreated_attributes":{"SystemTime":"2020-10-09T11:19:49.728872Z"},"EventRecordID":7887,"Correlation_attributes":{"ActivityID":"888DB4F8-6EE0-49B9-A2B1-1C888031D1AA"},"Execution_attributes":{"ProcessID":8008,"ThreadID":8096},"Channel":"Microsoft-Windows-Bits-Client/Operational","Computer":"MSEDGEWIN10","Security_attributes":{"UserID":"S-1-5-18"}},"EventData":{"transferId":"888DB4F8-6EE0-49B9-A2B1-1C888031D1AA","name":"PreSignInSettingsConfigJSON","Id":"CB5F4F7E-3674-46B5-BBDC-1E900032712C","url":"https://g.live.com/odclientsettings/Prod","peer":"","hr":2147954407,"fileTime":"1601-01-01T00:00:00.000000Z","fileLength":18446744073709551615,"bytesTotal":18446744073709551615,"bytesTransferred":0,"proxy":"","peerProtocolFlags":0,"bytesTransferredFromPeer":0,"AdditionalInfoHr":0,"PeerContextInfo":0,"bandwidthLimit":18446744073709551615,"ignoreBandwidthLimitsOnLan":false}}}
{"Event_attributes":{"xmlns":"http://schemas.microsoft.com/win/2004/08/events/event"},"Event":{"System":{"Provider_attributes":{"Name":"Microsoft-Windows-Bits-Client","Guid":"EF1CC15B-46C1-414E-BB95-E76B077BD51E"},"EventID":61,"Version":1,"Level":3,"Task":0,"Opcode":2,"Keywords":"0x4000000000000000","TimeCreated_attributes":{"SystemTime":"2020-10-09T11:19:59.741554Z"},"EventRecordID":7888,"Correlation_attributes":{"ActivityID":"A701ECE4-C044-44BA-908D-B4464661515A"},"Execution_attributes":{"ProcessID":8008,"ThreadID":8152},"Channel":"Microsoft-Windows-Bits-Client/Operational","Computer":"MSEDGEWIN10","Security_attributes":{"UserID":"S-1-5-18"}},"EventData":{"transferId":"A701ECE4-C044-44BA-908D-B4464661515A","name":"PreSignInSettingsConfigJSON","Id":"CB5F4F7E-3674-46B5-BBDC-1E900032712C","url":"https://g.live.com/odclientsettings/Prod","peer":"","hr":2147954407,"fileTime":"1601-01-01T00:00:00.000000Z","fileLength":18446744073709551615,"bytesTotal":18446744073709551615,"bytesTransferred":0,"proxy":"","peerProtocolFlags":0,"bytesTransferredFromPeer":0,"AdditionalInfoHr":0,"PeerContextInfo":0,"bandwidthLimit":18446744073709551615,"ignoreBandwidthLimitsOnLan":false}}}
{"Event_attributes":{"xmlns":"http://schemas.microsoft.com/win/2004/08/events/event"},"Event":{"System":{"Provider_attributes":{"Name":"Microsoft-Windows-Bits-Client","Guid":"EF1CC15B-46C1-414E-BB95-E76B077BD51E"},"EventID":61,"Version":1,"Level":3,"Task":0,"Opcode":2,"Keywords":"0x4000000000000000","TimeCreated_attributes":{"SystemTime":"2020-10-09T11:20:09.763873Z"},"EventRecordID":7889,"Correlation_attributes":{"ActivityID":"0FB13BE8-0BEE-4A96-93D2-3923E9DEFFB4"},"Execution_attributes":{"ProcessID":8008,"ThreadID":8096},"Channel":"Microsoft-Windows-Bits-Client/Operational","Computer":"MSEDGEWIN10","Security_attributes":{"UserID":"S-1-5-18"}},"EventData":{"transferId":"0FB13BE8-0BEE-4A96-93D2-3923E9DEFFB4","name":"PreSignInSettingsConfigJSON","Id":"CB5F4F7E-3674-46B5-BBDC-1E900032712C","url":"https://g.live.com/odclientsettings/Prod","peer":"","hr":2147954407,"fileTime":"1601-01-01T00:00:00.000000Z","fileLength":18446744073709551615,"bytesTotal":18446744073709551615,"bytesTransferred":0,"proxy":"","peerProtocolFlags":0,"bytesTransferredFromPeer":0,"AdditionalInfoHr":0,"PeerContextInfo":0,"bandwidthLimit":18446744073709551615,"ignoreBandwidthLimitsOnLan":false}}}
{"Event_attributes":{"xmlns":"http://schemas.microsoft.com/win/2004/08/events/event"},"Event":{"System":{"Provider_attributes":{"Name":"Microsoft-Windows-Bits-Client","Guid":"EF1CC15B-46C1-414E-BB95-E76B077BD51E"},"EventID":61,"Version":1,"Level":3,"Task":0,"Opcode":2,"Keywords":"0x4000000000000000","TimeCreated_attributes":{"SystemTime":"2020-10-09T11:20:24.756583Z"},"EventRecordID":7890,"Correlation_attributes":{"ActivityID":"E00BAB3D-61C3-46F9-A5F7-ED9B6D268B78"},"Execution_attributes":{"ProcessID":8008,"ThreadID":8152},"Channel":"Microsoft-Windows-Bits-Client/Operational","Computer":"MSEDGEWIN10","Security_attributes":{"UserID":"S-1-5-18"}},"EventData":{"transferId":"E00BAB3D-61C3-46F9-A5F7-ED9B6D268B78","name":"PreSignInSettingsConfigJSON","Id":"CB5F4F7E-3674-46B5-BBDC-1E900032712C","url":"https://g.live.com/odclientsettings/Prod","peer":"","hr":2147954407,"fileTime":"1601-01-01T00:00:00.000000Z","fileLength":18446744073709551615,"bytesTotal":18446744073709551615,"bytesTransferred":0,"proxy":"","peerProtocolFlags":0,"bytesTransferredFromPeer":0,"AdditionalInfoHr":0,"PeerContextInfo":0,"bandwidthLimit":18446744073709551615,"ignoreBandwidthLimitsOnLan":false}}}
{"Event_attributes":{"xmlns":"http://schemas.microsoft.com/win/2004/08/events/event"},"Event":{"System":{"Provider_attributes":{"Name":"Microsoft-Windows-Bits-Client","Guid":"EF1CC15B-46C1-414E-BB95-E76B077BD51E"},"EventID":61,"Version":1,"Level":3,"Task":0,"Opcode":2,"Keywords":"0x4000000000000000","TimeCreated_attributes":{"SystemTime":"2020-10-09T11:20:34.780490Z"},"EventRecordID":7891,"Correlation_attributes":{"ActivityID":"1EE35136-F310-482E-9A40-3E5067EBDEED"},"Execution_attributes":{"ProcessID":8008,"ThreadID":8156},"Channel":"Microsoft-Windows-Bits-Client/Operational","Computer":"MSEDGEWIN10","Security_attributes":{"UserID":"S-1-5-18"}},"EventData":{"transferId":"1EE35136-F310-482E-9A40-3E5067EBDEED","name":"PreSignInSettingsConfigJSON","Id":"CB5F4F7E-3674-46B5-BBDC-1E900032712C","url":"https://g.live.com/odclientsettings/Prod","peer":"","hr":2147954407,"fileTime":"1601-01-01T00:00:00.000000Z","fileLength":18446744073709551615,"bytesTotal":18446744073709551615,"bytesTransferred":0,"proxy":"","peerProtocolFlags":0,"bytesTransferredFromPeer":0,"AdditionalInfoHr":0,"PeerContextInfo":0,"bandwidthLimit":18446744073709551615,"ignoreBandwidthLimitsOnLan":false}}}
{"Event_attributes":{"xmlns":"http://schemas.microsoft.com/win/2004/08/events/event"},"Event":{"System":{"Provider_attributes":{"Name":"Microsoft-Windows-Bits-Client","Guid":"EF1CC15B-46C1-414E-BB95-E76B077BD51E"},"EventID":61,"Version":1,"Level":3,"Task":0,"Opcode":2,"Keywords":"0x4000000000000000","TimeCreated_attributes":{"SystemTime":"2020-10-09T11:20:44.796509Z"},"EventRecordID":7892,"Correlation_attributes":{"ActivityID":"24273E1A-4777-492A-819A-1653EE43575E"},"Execution_attributes":{"ProcessID":8008,"ThreadID":8156},"Channel":"Microsoft-Windows-Bits-Client/Operational","Computer":"MSEDGEWIN10","Security_attributes":{"UserID":"S-1-5-18"}},"EventData":{"transferId":"24273E1A-4777-492A-819A-1653EE43575E","name":"PreSignInSettingsConfigJSON","Id":"CB5F4F7E-3674-46B5-BBDC-1E900032712C","url":"https://g.live.com/odclientsettings/Prod","peer":"","hr":2147954407,"fileTime":"1601-01-01T00:00:00.000000Z","fileLength":18446744073709551615,"bytesTotal":18446744073709551615,"bytesTransferred":0,"proxy":"","peerProtocolFlags":0,"bytesTransferredFromPeer":0,"AdditionalInfoHr":0,"PeerContextInfo":0,"bandwidthLimit":18446744073709551615,"ignoreBandwidthLimitsOnLan":false}}}
{"Event_attributes":{"xmlns":"http://schemas.microsoft.com/win/2004/08/events/event"},"Event":{"System":{"Provider_attributes":{"Name":"Microsoft-Windows-Bits-Client","Guid":"EF1CC15B-46C1-414E-BB95-E76B077BD51E"},"EventID":61,"Version":1,"Level":3,"Task":0,"Opcode":2,"Keywords":"0x4000000000000000","TimeCreated_attributes":{"SystemTime":"2020-10-09T11:20:54.829032Z"},"EventRecordID":7893,"Correlation_attributes":{"ActivityID":"4C76734A-1D45-487E-B26C-323DCCAA366E"},"Execution_attributes":{"ProcessID":8008,"ThreadID":8152},"Channel":"Microsoft-Windows-Bits-Client/Operational","Computer":"MSEDGEWIN10","Security_attributes":{"UserID":"S-1-5-18"}},"EventData":{"transferId":"4C76734A-1D45-487E-B26C-323DCCAA366E","name":"PreSignInSettingsConfigJSON","Id":"CB5F4F7E-3674-46B5-BBDC-1E900032712C","url":"https://g.live.com/odclientsettings/Prod","peer":"","hr":2147954407,"fileTime":"1601-01-01T00:00:00.000000Z","fileLength":18446744073709551615,"bytesTotal":18446744073709551615,"bytesTransferred":0,"proxy":"","peerProtocolFlags":0,"bytesTransferredFromPeer":0,"AdditionalInfoHr":0,"PeerContextInfo":0,"bandwidthLimit":18446744073709551615,"ignoreBandwidthLimitsOnLan":false}}}
{"Event_attributes":{"xmlns":"http://schemas.microsoft.com/win/2004/08/events/event"},"Event":{"System":{"Provider_attributes":{"Name":"Microsoft-Windows-Bits-Client","Guid":"EF1CC15B-46C1-414E-BB95-E76B077BD51E"},"EventID":61,"Version":1,"Level":3,"Task":0,"Opcode":2,"Keywords":"0x4000000000000000","TimeCreated_attributes":{"SystemTime":"2020-10-09T11:21:09.820161Z"},"EventRecordID":7894,"Correlation_attributes":{"ActivityID":"4B880607-C533-49F3-8FE2-784105C3ACBE"},"Execution_attributes":{"ProcessID":8008,"ThreadID":8156},"Channel":"Microsoft-Windows-Bits-Client/Operational","Computer":"MSEDGEWIN10","Security_attributes":{"UserID":"S-1-5-18"}},"EventData":{"transferId":"4B880607-C533-49F3-8FE2-784105C3ACBE","name":"PreSignInSettingsConfigJSON","Id":"CB5F4F7E-3674-46B5-BBDC-1E900032712C","url":"https://g.live.com/odclientsettings/Prod","peer":"","hr":2147954407,"fileTime":"1601-01-01T00:00:00.000000Z","fileLength":18446744073709551615,"bytesTotal":18446744073709551615,"bytesTransferred":0,"proxy":"","peerProtocolFlags":0,"bytesTransferredFromPeer":0,"AdditionalInfoHr":0,"PeerContextInfo":0,"bandwidthLimit":18446744073709551615,"ignoreBandwidthLimitsOnLan":false}}}
{"Event_attributes":{"xmlns":"http://schemas.microsoft.com/win/2004/08/events/event"},"Event":{"System":{"Provider_attributes":{"Name":"Microsoft-Windows-Bits-Client","Guid":"EF1CC15B-46C1-414E-BB95-E76B077BD51E"},"EventID":61,"Version":1,"Level":3,"Task":0,"Opcode":2,"Keywords":"0x4000000000000000","TimeCreated_attributes":{"SystemTime":"2020-10-09T11:21:19.843471Z"},"EventRecordID":7895,"Correlation_attributes":{"ActivityID":"094D64ED-093C-4026-BCFB-B427AC569305"},"Execution_attributes":{"ProcessID":8008,"ThreadID":8096},"Channel":"Microsoft-Windows-Bits-Client/Operational","Computer":"MSEDGEWIN10","Security_attributes":{"UserID":"S-1-5-18"}},"EventData":{"transferId":"094D64ED-093C-4026-BCFB-B427AC569305","name":"PreSignInSettingsConfigJSON","Id":"CB5F4F7E-3674-46B5-BBDC-1E900032712C","url":"https://g.live.com/odclientsettings/Prod","peer":"","hr":2147954407,"fileTime":"1601-01-01T00:00:00.000000Z","fileLength":18446744073709551615,"bytesTotal":18446744073709551615,"bytesTransferred":0,"proxy":"","peerProtocolFlags":0,"bytesTransferredFromPeer":0,"AdditionalInfoHr":0,"PeerContextInfo":0,"bandwidthLimit":18446744073709551615,"ignoreBandwidthLimitsOnLan":false}}}
{"Event_attributes":{"xmlns":"http://schemas.microsoft.com/win/2004/08/events/event"},"Event":{"System":{"Provider_attributes":{"Name":"Microsoft-Windows-Bits-Client","Guid":"EF1CC15B-46C1-414E-BB95-E76B077BD51E"},"EventID":61,"Version":1,"Level":3,"Task":0,"Opcode":2,"Keywords":"0x4000000000000000","TimeCreated_attributes":{"SystemTime":"2020-10-09T11:21:29.850749Z"},"EventRecordID":7896,"Correlation_attributes":{"ActivityID":"5E68E381-A508-4310-91E1-2E8B3CF69487"},"Execution_attributes":{"ProcessID":8008,"ThreadID":8152},"Channel":"Microsoft-Windows-Bits-Client/Operational","Computer":"MSEDGEWIN10","Security_attributes":{"UserID":"S-1-5-18"}},"EventData":{"transferId":"5E68E381-A508-4310-91E1-2E8B3CF69487","name":"PreSignInSettingsConfigJSON","Id":"CB5F4F7E-3674-46B5-BBDC-1E900032712C","url":"https://g.live.com/odclientsettings/Prod","peer":"","hr":2147954407,"fileTime":"1601-01-01T00:00:00.000000Z","fileLength":18446744073709551615,"bytesTotal":18446744073709551615,"bytesTransferred":0,"proxy":"","peerProtocolFlags":0,"bytesTransferredFromPeer":0,"AdditionalInfoHr":0,"PeerContextInfo":0,"bandwidthLimit":18446744073709551615,"ignoreBandwidthLimitsOnLan":false}}}
{"Event_attributes":{"xmlns":"http://schemas.microsoft.com/win/2004/08/events/event"},"Event":{"System":{"Provider_attributes":{"Name":"Microsoft-Windows-Bits-Client","Guid":"EF1CC15B-46C1-414E-BB95-E76B077BD51E"},"EventID":61,"Version":1,"Level":3,"Task":0,"Opcode":2,"Keywords":"0x4000000000000000","TimeCreated_attributes":{"SystemTime":"2020-10-09T11:21:39.858698Z"},"EventRecordID":7897,"Correlation_attributes":{"ActivityID":"7F970928-4896-4DC8-BE86-FFBAB73BC988"},"Execution_attributes":{"ProcessID":8008,"ThreadID":8096},"Channel":"Microsoft-Windows-Bits-Client/Operational","Computer":"MSEDGEWIN10","Security_attributes":{"UserID":"S-1-5-18"}},"EventData":{"transferId":"7F970928-4896-4DC8-BE86-FFBAB73BC988","name":"PreSignInSettingsConfigJSON","Id":"CB5F4F7E-3674-46B5-BBDC-1E900032712C","url":"https://g.live.com/odclientsettings/Prod","peer":"","hr":2147954407,"fileTime":"1601-01-01T00:00:00.000000Z","fileLength":18446744073709551615,"bytesTotal":18446744073709551615,"bytesTransferred":0,"proxy":"","peerProtocolFlags":0,"bytesTransferredFromPeer":0,"AdditionalInfoHr":0,"PeerContextInfo":0,"bandwidthLimit":18446744073709551615,"ignoreBandwidthLimitsOnLan":false}}}
{"Event_attributes":{"xmlns":"http://schemas.microsoft.com/win/2004/08/events/event"},"Event":{"System":{"Provider_attributes":{"Name":"Microsoft-Windows-Bits-Client","Guid":"EF1CC15B-46C1-414E-BB95-E76B077BD51E"},"EventID":5,"Version":0,"Level":4,"Task":0,"Opcode":0,"Keywords":"0x4000000000000000","TimeCreated_attributes":{"SystemTime":"2020-10-09T11:21:54.838366Z"},"EventRecordID":7898,"Correlation":null,"Execution_attributes":{"ProcessID":8008,"ThreadID":8096},"Channel":"Microsoft-Windows-Bits-Client/Operational","Computer":"MSEDGEWIN10","Security_attributes":{"UserID":"S-1-5-21-3461203602-4096304019-2269080069-1000"}},"EventData":{"User":"MSEDGEWIN10\\IEUser","jobTitle":"PreSignInSettingsConfigJSON","jobId":"CB5F4F7E-3674-46B5-BBDC-1E900032712C","jobOwner":"MSEDGEWIN10\\IEUser","fileCount":1}}}
{"Event_attributes":{"xmlns":"http://schemas.microsoft.com/win/2004/08/events/event"},"Event":{"System":{"Provider_attributes":{"Name":"Microsoft-Windows-Bits-Client","Guid":"EF1CC15B-46C1-414E-BB95-E76B077BD51E"},"EventID":3,"Version":2,"Level":4,"Task":0,"Opcode":0,"Keywords":"0x4000000000000000","TimeCreated_attributes":{"SystemTime":"2020-10-09T11:22:45.331796Z"},"EventRecordID":7899,"Correlation":null,"Execution_attributes":{"ProcessID":8008,"ThreadID":8096},"Channel":"Microsoft-Windows-Bits-Client/Operational","Computer":"MSEDGEWIN10","Security_attributes":{"UserID":"S-1-5-18"}},"EventData":{"jobTitle":"UpdateDescriptionXml","jobId":"B1180483-2EDA-4A51-86F8-60FDC283D715","jobOwner":"MSEDGEWIN10\\IEUser","processPath":"C:\\Users\\IEUser\\AppData\\Local\\Microsoft\\OneDrive\\OneDriveStandaloneUpdater.exe","processId":6104}}}
{"Event_attributes":{"xmlns":"http://schemas.microsoft.com/win/2004/08/events/event"},"Event":{"System":{"Provider_attributes":{"Name":"Microsoft-Windows-Bits-Client","Guid":"EF1CC15B-46C1-414E-BB95-E76B077BD51E"},"EventID":61,"Version":1,"Level":3,"Task":0,"Opcode":2,"Keywords":"0x4000000000000000","TimeCreated_attributes":{"SystemTime":"2020-10-09T11:22:45.357227Z"},"EventRecordID":7900,"Correlation_attributes":{"ActivityID":"169D2E36-252E-4263-A904-6EF83E249076"},"Execution_attributes":{"ProcessID":8008,"ThreadID":8096},"Channel":"Microsoft-Windows-Bits-Client/Operational","Computer":"MSEDGEWIN10","Security_attributes":{"UserID":"S-1-5-18"}},"EventData":{"transferId":"169D2E36-252E-4263-A904-6EF83E249076","name":"UpdateDescriptionXml","Id":"B1180483-2EDA-4A51-86F8-60FDC283D715","url":"https://g.live.com/1rewlive5skydrive/ODSUProduction","peer":"","hr":2147954407,"fileTime":"1601-01-01T00:00:00.000000Z","fileLength":18446744073709551615,"bytesTotal":18446744073709551615,"bytesTransferred":0,"proxy":"","peerProtocolFlags":0,"bytesTransferredFromPeer":0,"AdditionalInfoHr":0,"PeerContextInfo":0,"bandwidthLimit":18446744073709551615,"ignoreBandwidthLimitsOnLan":false}}}
{"Event_attributes":{"xmlns":"http://schemas.microsoft.com/win/2004/08/events/event"},"Event":{"System":{"Provider_attributes":{"Name":"Microsoft-Windows-Bits-Client","Guid":"EF1CC15B-46C1-414E-BB95-E76B077BD51E"},"EventID":61,"Version":1,"Level":3,"Task":0,"Opcode":2,"Keywords":"0x4000000000000000","TimeCreated_attributes":{"SystemTime":"2020-10-09T11:22:55.378302Z"},"EventRecordID":7901,"Correlation_attributes":{"ActivityID":"796DC387-D6C3-4F96-93BE-68BCAA48625A"},"Execution_attributes":{"ProcessID":8008,"ThreadID":8152},"Channel":"Microsoft-Windows-Bits-Client/Operational","Computer":"MSEDGEWIN10","Security_attributes":{"UserID":"S-1-5-18"}},"EventData":{"transferId":"796DC387-D6C3-4F96-93BE-68BCAA48625A","name":"UpdateDescriptionXml","Id":"B1180483-2EDA-4A51-86F8-60FDC283D715","url":"https://g.live.com/1rewlive5skydrive/ODSUProduction","peer":"","hr":2147954407,"fileTime":"1601-01-01T00:00:00.000000Z","fileLength":18446744073709551615,"bytesTotal":18446744073709551615,"bytesTransferred":0,"proxy":"","peerProtocolFlags":0,"bytesTransferredFromPeer":0,"AdditionalInfoHr":0,"PeerContextInfo":0,"bandwidthLimit":18446744073709551615,"ignoreBandwidthLimitsOnLan":false}}}
{"Event_attributes":{"xmlns":"http://schemas.microsoft.com/win/2004/08/events/event"},"Event":{"System":{"Provider_attributes":{"Name":"Microsoft-Windows-Bits-Client","Guid":"EF1CC15B-46C1-414E-BB95-E76B077BD51E"},"EventID":61,"Version":1,"Level":3,"Task":0,"Opcode":2,"Keywords":"0x4000000000000000","TimeCreated_attributes":{"SystemTime":"2020-10-09T11:23:05.405546Z"},"EventRecordID":7902,"Correlation_attributes":{"ActivityID":"458DBC86-629C-4FC7-A1E5-18B1526F4BEC"},"Execution_attributes":{"ProcessID":8008,"ThreadID":8152},"Channel":"Microsoft-Windows-Bits-Client/Operational","Computer":"MSEDGEWIN10","Security_attributes":{"UserID":"S-1-5-18"}},"EventData":{"transferId":"458DBC86-629C-4FC7-A1E5-18B1526F4BEC","name":"UpdateDescriptionXml","Id":"B1180483-2EDA-4A51-86F8-60FDC283D715","url":"https://g.live.com/1rewlive5skydrive/ODSUProduction","peer":"","hr":2147954407,"fileTime":"1601-01-01T00:00:00.000000Z","fileLength":18446744073709551615,"bytesTotal":18446744073709551615,"bytesTransferred":0,"proxy":"","peerProtocolFlags":0,"bytesTransferredFromPeer":0,"AdditionalInfoHr":0,"PeerContextInfo":0,"bandwidthLimit":18446744073709551615,"ignoreBandwidthLimitsOnLan":false}}}
{"Event_attributes":{"xmlns":"http://schemas.microsoft.com/win/2004/08/events/event"},"Event":{"System":{"Provider_attributes":{"Name":"Microsoft-Windows-Bits-Client","Guid":"EF1CC15B-46C1-414E-BB95-E76B077BD51E"},"EventID":61,"Version":1,"Level":3,"Task":0,"Opcode":2,"Keywords":"0x4000000000000000","TimeCreated_attributes":{"SystemTime":"2020-10-09T11:23:15.418079Z"},"EventRecordID":7903,"Correlation_attributes":{"ActivityID":"1BF39A2D-A798-4177-AFD0-B260D46A9E65"},"Execution_attributes":{"ProcessID":8008,"ThreadID":8156},"Channel":"Microsoft-Windows-Bits-Client/Operational","Computer":"MSEDGEWIN10","Security_attributes":{"UserID":"S-1-5-18"}},"EventData":{"transferId":"1BF39A2D-A798-4177-AFD0-B260D46A9E65","name":"UpdateDescriptionXml","Id":"B1180483-2EDA-4A51-86F8-60FDC283D715","url":"https://g.live.com/1rewlive5skydrive/ODSUProduction","peer":"","hr":2147954407,"fileTime":"1601-01-01T00:00:00.000000Z","fileLength":18446744073709551615,"bytesTotal":18446744073709551615,"bytesTransferred":0,"proxy":"","peerProtocolFlags":0,"bytesTransferredFromPeer":0,"AdditionalInfoHr":0,"PeerContextInfo":0,"bandwidthLimit":18446744073709551615,"ignoreBandwidthLimitsOnLan":false}}}
{"Event_attributes":{"xmlns":"http://schemas.microsoft.com/win/2004/08/events/event"},"Event":{"System":{"Provider_attributes":{"Name":"Microsoft-Windows-Bits-Client","Guid":"EF1CC15B-46C1-414E-BB95-E76B077BD51E"},"EventID":61,"Version":1,"Level":3,"Task":0,"Opcode":2,"Keywords":"0x4000000000000000","TimeCreated_attributes":{"SystemTime":"2020-10-09T11:23:30.393931Z"},"EventRecordID":7904,"Correlation_attributes":{"ActivityID":"83FEE358-8140-4B95-AE9F-4509EAE4C4A9"},"Execution_attributes":{"ProcessID":8008,"ThreadID":8156},"Channel":"Microsoft-Windows-Bits-Client/Operational","Computer":"MSEDGEWIN10","Security_attributes":{"UserID":"S-1-5-18"}},"EventData":{"transferId":"83FEE358-8140-4B95-AE9F-4509EAE4C4A9","name":"UpdateDescriptionXml","Id":"B1180483-2EDA-4A51-86F8-60FDC283D715","url":"https://g.live.com/1rewlive5skydrive/ODSUProduction","peer":"","hr":2147954407,"fileTime":"1601-01-01T00:00:00.000000Z","fileLength":18446744073709551615,"bytesTotal":18446744073709551615,"bytesTransferred":0,"proxy":"","peerProtocolFlags":0,"bytesTransferredFromPeer":0,"AdditionalInfoHr":0,"PeerContextInfo":0,"bandwidthLimit":18446744073709551615,"ignoreBandwidthLimitsOnLan":false}}}
{"Event_attributes":{"xmlns":"http://schemas.microsoft.com/win/2004/08/events/event"},"Event":{"System":{"Provider_attributes":{"Name":"Microsoft-Windows-Bits-Client","Guid":"EF1CC15B-46C1-414E-BB95-E76B077BD51E"},"EventID":61,"Version":1,"Level":3,"Task":0,"Opcode":2,"Keywords":"0x4000000000000000","TimeCreated_attributes":{"SystemTime":"2020-10-09T11:23:40.400234Z"},"EventRecordID":7905,"Correlation_attributes":{"ActivityID":"ABB0CD0C-7E9C-4B9D-9317-1FF81B57B624"},"Execution_attributes":{"ProcessID":8008,"ThreadID":8156},"Channel":"Microsoft-Windows-Bits-Client/Operational","Computer":"MSEDGEWIN10","Security_attributes":{"UserID":"S-1-5-18"}},"EventData":{"transferId":"ABB0CD0C-7E9C-4B9D-9317-1FF81B57B624","name":"UpdateDescriptionXml","Id":"B1180483-2EDA-4A51-86F8-60FDC283D715","url":"https://g.live.com/1rewlive5skydrive/ODSUProduction","peer":"","hr":2147954407,"fileTime":"1601-01-01T00:00:00.000000Z","fileLength":18446744073709551615,"bytesTotal":18446744073709551615,"bytesTransferred":0,"proxy":"","peerProtocolFlags":0,"bytesTransferredFromPeer":0,"AdditionalInfoHr":0,"PeerContextInfo":0,"bandwidthLimit":18446744073709551615,"ignoreBandwidthLimitsOnLan":false}}}
{"Event_attributes":{"xmlns":"http://schemas.microsoft.com/win/2004/08/events/event"},"Event":{"System":{"Provider_attributes":{"Name":"Microsoft-Windows-Bits-Client","Guid":"EF1CC15B-46C1-414E-BB95-E76B077BD51E"},"EventID":61,"Version":1,"Level":3,"Task":0,"Opcode":2,"Keywords":"0x4000000000000000","TimeCreated_attributes":{"SystemTime":"2020-10-09T11:23:50.410273Z"},"EventRecordID":7906,"Correlation_attributes":{"ActivityID":"7926CAA3-2FF8-478A-8F4F-08CE0E47C6C2"},"Execution_attributes":{"ProcessID":8008,"ThreadID":8152},"Channel":"Microsoft-Windows-Bits-Client/Operational","Computer":"MSEDGEWIN10","Security_attributes":{"UserID":"S-1-5-18"}},"EventData":{"transferId":"7926CAA3-2FF8-478A-8F4F-08CE0E47C6C2","name":"UpdateDescriptionXml","Id":"B1180483-2EDA-4A51-86F8-60FDC283D715","url":"https://g.live.com/1rewlive5skydrive/ODSUProduction","peer":"","hr":2147954407,"fileTime":"1601-01-01T00:00:00.000000Z","fileLength":18446744073709551615,"bytesTotal":18446744073709551615,"bytesTransferred":0,"proxy":"","peerProtocolFlags":0,"bytesTransferredFromPeer":0,"AdditionalInfoHr":0,"PeerContextInfo":0,"bandwidthLimit":18446744073709551615,"ignoreBandwidthLimitsOnLan":false}}}
{"Event_attributes":{"xmlns":"http://schemas.microsoft.com/win/2004/08/events/event"},"Event":{"System":{"Provider_attributes":{"Name":"Microsoft-Windows-Bits-Client","Guid":"EF1CC15B-46C1-414E-BB95-E76B077BD51E"},"EventID":61,"Version":1,"Level":3,"Task":0,"Opcode":2,"Keywords":"0x4000000000000000","TimeCreated_attributes":{"SystemTime":"2020-10-09T11:24:00.440089Z"},"EventRecordID":7907,"Correlation_attributes":{"ActivityID":"C222D47B-D2A0-4D8F-A5AC-CD961D6338F0"},"Execution_attributes":{"ProcessID":8008,"ThreadID":8156},"Channel":"Microsoft-Windows-Bits-Client/Operational","Computer":"MSEDGEWIN10","Security_attributes":{"UserID":"S-1-5-18"}},"EventData":{"transferId":"C222D47B-D2A0-4D8F-A5AC-CD961D6338F0","name":"UpdateDescriptionXml","Id":"B1180483-2EDA-4A51-86F8-60FDC283D715","url":"https://g.live.com/1rewlive5skydrive/ODSUProduction","peer":"","hr":2147954407,"fileTime":"1601-01-01T00:00:00.000000Z","fileLength":18446744073709551615,"bytesTotal":18446744073709551615,"bytesTransferred":0,"proxy":"","peerProtocolFlags":0,"bytesTransferredFromPeer":0,"AdditionalInfoHr":0,"PeerContextInfo":0,"bandwidthLimit":18446744073709551615,"ignoreBandwidthLimitsOnLan":false}}}
{"Event_attributes":{"xmlns":"http://schemas.microsoft.com/win/2004/08/events/event"},"Event":{"System":{"Provider_attributes":{"Name":"Microsoft-Windows-Bits-Client","Guid":"EF1CC15B-46C1-414E-BB95-E76B077BD51E"},"EventID":61,"Version":1,"Level":3,"Task":0,"Opcode":2,"Keywords":"0x4000000000000000","TimeCreated_attributes":{"SystemTime":"2020-10-09T11:24:15.430869Z"},"EventRecordID":7908,"Correlation_attributes":{"ActivityID":"E0578160-7F35-4538-83C2-4A8BFCE14CCB"},"Execution_attributes":{"ProcessID":8008,"ThreadID":8152},"Channel":"Microsoft-Windows-Bits-Client/Operational","Computer":"MSEDGEWIN10","Security_attributes":{"UserID":"S-1-5-18"}},"EventData":{"transferId":"E0578160-7F35-4538-83C2-4A8BFCE14CCB","name":"UpdateDescriptionXml","Id":"B1180483-2EDA-4A51-86F8-60FDC283D715","url":"https://g.live.com/1rewlive5skydrive/ODSUProduction","peer":"","hr":2147954407,"fileTime":"1601-01-01T00:00:00.000000Z","fileLength":18446744073709551615,"bytesTotal":18446744073709551615,"bytesTransferred":0,"proxy":"","peerProtocolFlags":0,"bytesTransferredFromPeer":0,"AdditionalInfoHr":0,"PeerContextInfo":0,"bandwidthLimit":18446744073709551615,"ignoreBandwidthLimitsOnLan":false}}}
{"Event_attributes":{"xmlns":"http://schemas.microsoft.com/win/2004/08/events/event"},"Event":{"System":{"Provider_attributes":{"Name":"Microsoft-Windows-Bits-Client","Guid":"EF1CC15B-46C1-414E-BB95-E76B077BD51E"},"EventID":61,"Version":1,"Level":3,"Task":0,"Opcode":2,"Keywords":"0x4000000000000000","TimeCreated_attributes":{"SystemTime":"2020-10-09T11:24:25.455261Z"},"EventRecordID":7909,"Correlation_attributes":{"ActivityID":"D0173FE4-ABC4-43D2-8348-50762A847A8E"},"Execution_attributes":{"ProcessID":8008,"ThreadID":8156},"Channel":"Microsoft-Windows-Bits-Client/Operational","Computer":"MSEDGEWIN10","Security_attributes":{"UserID":"S-1-5-18"}},"EventData":{"transferId":"D0173FE4-ABC4-43D2-8348-50762A847A8E","name":"UpdateDescriptionXml","Id":"B1180483-2EDA-4A51-86F8-60FDC283D715","url":"https://g.live.com/1rewlive5skydrive/ODSUProduction","peer":"","hr":2147954407,"fileTime":"1601-01-01T00:00:00.000000Z","fileLength":18446744073709551615,"bytesTotal":18446744073709551615,"bytesTransferred":0,"proxy":"","peerProtocolFlags":0,"bytesTransferredFromPeer":0,"AdditionalInfoHr":0,"PeerContextInfo":0,"bandwidthLimit":18446744073709551615,"ignoreBandwidthLimitsOnLan":false}}}
{"Event_attributes":{"xmlns":"http://schemas.microsoft.com/win/2004/08/events/event"},"Event":{"System":{"Provider_attributes":{"Name":"Microsoft-Windows-Bits-Client","Guid":"EF1CC15B-46C1-414E-BB95-E76B077BD51E"},"EventID":61,"Version":1,"Level":3,"Task":0,"Opcode":2,"Keywords":"0x4000000000000000","TimeCreated_attributes":{"SystemTime":"2020-10-09T11:24:35.460515Z"},"EventRecordID":7910,"Correlation_attributes":{"ActivityID":"4AF7CA50-93F2-49FA-9D2C-825220258988"},"Execution_attributes":{"ProcessID":8008,"ThreadID":8096},"Channel":"Microsoft-Windows-Bits-Client/Operational","Computer":"MSEDGEWIN10","Security_attributes":{"UserID":"S-1-5-18"}},"EventData":{"transferId":"4AF7CA50-93F2-49FA-9D2C-825220258988","name":"UpdateDescriptionXml","Id":"B1180483-2EDA-4A51-86F8-60FDC283D715","url":"https://g.live.com/1rewlive5skydrive/ODSUProduction","peer":"","hr":2147954407,"fileTime":"1601-01-01T00:00:00.000000Z","fileLength":18446744073709551615,"bytesTotal":18446744073709551615,"bytesTransferred":0,"proxy":"","peerProtocolFlags":0,"bytesTransferredFromPeer":0,"AdditionalInfoHr":0,"PeerContextInfo":0,"bandwidthLimit":18446744073709551615,"ignoreBandwidthLimitsOnLan":false}}}
{"Event_attributes":{"xmlns":"http://schemas.microsoft.com/win/2004/08/events/event"},"Event":{"System":{"Provider_attributes":{"Name":"Microsoft-Windows-Bits-Client","Guid":"EF1CC15B-46C1-414E-BB95-E76B077BD51E"},"EventID":61,"Version":1,"Level":3,"Task":0,"Opcode":2,"Keywords":"0x4000000000000000","TimeCreated_attributes":{"SystemTime":"2020-10-09T11:24:45.473782Z"},"EventRecordID":7911,"Correlation_attributes":{"ActivityID":"EA5114DF-E31F-4741-ACE8-75F1207351C2"},"Execution_attributes":{"ProcessID":8008,"ThreadID":8156},"Channel":"Microsoft-Windows-Bits-Client/Operational","Computer":"MSEDGEWIN10","Security_attributes":{"UserID":"S-1-5-18"}},"EventData":{"transferId":"EA5114DF-E31F-4741-ACE8-75F1207351C2","name":"UpdateDescriptionXml","Id":"B1180483-2EDA-4A51-86F8-60FDC283D715","url":"https://g.live.com/1rewlive5skydrive/ODSUProduction","peer":"","hr":2147954407,"fileTime":"1601-01-01T00:00:00.000000Z","fileLength":18446744073709551615,"bytesTotal":18446744073709551615,"bytesTransferred":0,"proxy":"","peerProtocolFlags":0,"bytesTransferredFromPeer":0,"AdditionalInfoHr":0,"PeerContextInfo":0,"bandwidthLimit":18446744073709551615,"ignoreBandwidthLimitsOnLan":false}}}
{"Event_attributes":{"xmlns":"http://schemas.microsoft.com/win/2004/08/events/event"},"Event":{"System":{"Provider_attributes":{"Name":"Microsoft-Windows-Bits-Client","Guid":"EF1CC15B-46C1-414E-BB95-E76B077BD51E"},"EventID":61,"Version":1,"Level":3,"Task":0,"Opcode":2,"Keywords":"0x4000000000000000","TimeCreated_attributes":{"SystemTime":"2020-10-09T11:25:00.460702Z"},"EventRecordID":7912,"Correlation_attributes":{"ActivityID":"3C6DFF0C-DEE4-4BD7-A943-F51F476EB9C1"},"Execution_attributes":{"ProcessID":8008,"ThreadID":8096},"Channel":"Microsoft-Windows-Bits-Client/Operational","Computer":"MSEDGEWIN10","Security_attributes":{"UserID":"S-1-5-18"}},"EventData":{"transferId":"3C6DFF0C-DEE4-4BD7-A943-F51F476EB9C1","name":"UpdateDescriptionXml","Id":"B1180483-2EDA-4A51-86F8-60FDC283D715","url":"https://g.live.com/1rewlive5skydrive/ODSUProduction","peer":"","hr":2147954407,"fileTime":"1601-01-01T00:00:00.000000Z","fileLength":18446744073709551615,"bytesTotal":18446744073709551615,"bytesTransferred":0,"proxy":"","peerProtocolFlags":0,"bytesTransferredFromPeer":0,"AdditionalInfoHr":0,"PeerContextInfo":0,"bandwidthLimit":18446744073709551615,"ignoreBandwidthLimitsOnLan":false}}}
{"Event_attributes":{"xmlns":"http://schemas.microsoft.com/win/2004/08/events/event"},"Event":{"System":{"Provider_attributes":{"Name":"Microsoft-Windows-Bits-Client","Guid":"EF1CC15B-46C1-414E-BB95-E76B077BD51E"},"EventID":61,"Version":1,"Level":3,"Task":0,"Opcode":2,"Keywords":"0x4000000000000000","TimeCreated_attributes":{"SystemTime":"2020-10-09T11:25:10.470532Z"},"EventRecordID":7913,"Correlation_attributes":{"ActivityID":"2026C25D-A16F-4E16-9414-4EB6FF25EB0C"},"Execution_attributes":{"ProcessID":8008,"ThreadID":8156},"Channel":"Microsoft-Windows-Bits-Client/Operational","Computer":"MSEDGEWIN10","Security_attributes":{"UserID":"S-1-5-18"}},"EventData":{"transferId":"2026C25D-A16F-4E16-9414-4EB6FF25EB0C","name":"UpdateDescriptionXml","Id":"B1180483-2EDA-4A51-86F8-60FDC283D715","url":"https://g.live.com/1rewlive5skydrive/ODSUProduction","peer":"","hr":2147954407,"fileTime":"1601-01-01T00:00:00.000000Z","fileLength":18446744073709551615,"bytesTotal":18446744073709551615,"bytesTransferred":0,"proxy":"","peerProtocolFlags":0,"bytesTransferredFromPeer":0,"AdditionalInfoHr":0,"PeerContextInfo":0,"bandwidthLimit":18446744073709551615,"ignoreBandwidthLimitsOnLan":false}}}
{"Event_attributes":{"xmlns":"http://schemas.microsoft.com/win/2004/08/events/event"},"Event":{"System":{"Provider_attributes":{"Name":"Microsoft-Windows-Bits-Client","Guid":"EF1CC15B-46C1-414E-BB95-E76B077BD51E"},"EventID":61,"Version":1,"Level":3,"Task":0,"Opcode":2,"Keywords":"0x4000000000000000","TimeCreated_attributes":{"SystemTime":"2020-10-09T11:25:20.505111Z"},"EventRecordID":7914,"Correlation_attributes":{"ActivityID":"6C12D091-21B6-41DF-98EF-D0F2F8F062D0"},"Execution_attributes":{"ProcessID":8008,"ThreadID":8152},"Channel":"Microsoft-Windows-Bits-Client/Operational","Computer":"MSEDGEWIN10","Security_attributes":{"UserID":"S-1-5-18"}},"EventData":{"transferId":"6C12D091-21B6-41DF-98EF-D0F2F8F062D0","name":"UpdateDescriptionXml","Id":"B1180483-2EDA-4A51-86F8-60FDC283D715","url":"https://g.live.com/1rewlive5skydrive/ODSUProduction","peer":"","hr":2147954407,"fileTime":"1601-01-01T00:00:00.000000Z","fileLength":18446744073709551615,"bytesTotal":18446744073709551615,"bytesTransferred":0,"proxy":"","peerProtocolFlags":0,"bytesTransferredFromPeer":0,"AdditionalInfoHr":0,"PeerContextInfo":0,"bandwidthLimit":18446744073709551615,"ignoreBandwidthLimitsOnLan":false}}}
{"Event_attributes":{"xmlns":"http://schemas.microsoft.com/win/2004/08/events/event"},"Event":{"System":{"Provider_attributes":{"Name":"Microsoft-Windows-Bits-Client","Guid":"EF1CC15B-46C1-414E-BB95-E76B077BD51E"},"EventID":61,"Version":1,"Level":3,"Task":0,"Opcode":2,"Keywords":"0x4000000000000000","TimeCreated_attributes":{"SystemTime":"2020-10-09T11:25:30.530820Z"},"EventRecordID":7915,"Correlation_attributes":{"ActivityID":"E4AC1154-94F1-49C2-BA03-D4DF1034C6DA"},"Execution_attributes":{"ProcessID":8008,"ThreadID":8156},"Channel":"Microsoft-Windows-Bits-Client/Operational","Computer":"MSEDGEWIN10","Security_attributes":{"UserID":"S-1-5-18"}},"EventData":{"transferId":"E4AC1154-94F1-49C2-BA03-D4DF1034C6DA","name":"UpdateDescriptionXml","Id":"B1180483-2EDA-4A51-86F8-60FDC283D715","url":"https://g.live.com/1rewlive5skydrive/ODSUProduction","peer":"","hr":2147954407,"fileTime":"1601-01-01T00:00:00.000000Z","fileLength":18446744073709551615,"bytesTotal":18446744073709551615,"bytesTransferred":0,"proxy":"","peerProtocolFlags":0,"bytesTransferredFromPeer":0,"AdditionalInfoHr":0,"PeerContextInfo":0,"bandwidthLimit":18446744073709551615,"ignoreBandwidthLimitsOnLan":false}}}
{"Event_attributes":{"xmlns":"http://schemas.microsoft.com/win/2004/08/events/event"},"Event":{"System":{"Provider_attributes":{"Name":"Microsoft-Windows-Bits-Client","Guid":"EF1CC15B-46C1-414E-BB95-E76B077BD51E"},"EventID":5,"Version":0,"Level":4,"Task":0,"Opcode":0,"Keywords":"0x4000000000000000","TimeCreated_attributes":{"SystemTime":"2020-10-09T11:25:45.483135Z"},"EventRecordID":7916,"Correlation":null,"Execution_attributes":{"ProcessID":8008,"ThreadID":8156},"Channel":"Microsoft-Windows-Bits-Client/Operational","Computer":"MSEDGEWIN10","Security_attributes":{"UserID":"S-1-5-21-3461203602-4096304019-2269080069-1000"}},"EventData":{"User":"MSEDGEWIN10\\IEUser","jobTitle":"UpdateDescriptionXml","jobId":"B1180483-2EDA-4A51-86F8-60FDC283D715","jobOwner":"MSEDGEWIN10\\IEUser","fileCount":1}}}
{"Event_attributes":{"xmlns":"http://schemas.microsoft.com/win/2004/08/events/event"},"Event":{"System":{"Provider_attributes":{"Name":"Microsoft-Windows-Bits-Client","Guid":"EF1CC15B-46C1-414E-BB95-E76B077BD51E"},"EventID":61,"Version":1,"Level":3,"Task":0,"Opcode":2,"Keywords":"0x4000000000000000","TimeCreated_attributes":{"SystemTime":"2020-10-09T11:55:56.283962Z"},"EventRecordID":7917,"Correlation_attributes":{"ActivityID":"431F6C2F-7854-43CD-8B09-DB57AEF422AA"},"Execution_attributes":{"ProcessID":8008,"ThreadID":2120},"Channel":"Microsoft-Windows-Bits-Client/Operational","Computer":"MSEDGEWIN10","Security_attributes":{"UserID":"S-1-5-18"}},"EventData":{"transferId":"431F6C2F-7854-43CD-8B09-DB57AEF422AA","name":"Font Download","Id":"BE8ABC0D-3E7F-4DF4-84A5-B0F41A6857A1","url":"https://fs.microsoft.com/fs/windows/config.json","peer":"","hr":2147954407,"fileTime":"1601-01-01T00:00:00.000000Z","fileLength":18446744073709551615,"bytesTotal":18446744073709551615,"bytesTransferred":0,"proxy":"","peerProtocolFlags":0,"bytesTransferredFromPeer":0,"AdditionalInfoHr":0,"PeerContextInfo":0,"bandwidthLimit":18446744073709551615,"ignoreBandwidthLimitsOnLan":false}}}
