{"Event_attributes":{"xmlns":"http://schemas.microsoft.com/win/2004/08/events/event"},"Event":{"System":{"Provider_attributes":{"Name":"Microsoft-Windows-Bits-Client","Guid":"EF1CC15B-46C1-414E-BB95-E76B077BD51E"},"EventID":61,"Version":1,"Level":3,"Task":0,"Opcode":2,"Keywords":"0x4000000000000000","TimeCreated_attributes":{"SystemTime":"2020-10-09T12:05:57.293957Z"},"EventRecordID":7918,"Correlation_attributes":{"ActivityID":"8D96F7E5-51B6-44FF-A26E-6FBD8645BD45"},"Execution_attributes":{"ProcessID":8008,"ThreadID":2364},"Channel":"Microsoft-Windows-Bits-Client/Operational","Computer":"MSEDGEWIN10","Security_attributes":{"UserID":"S-1-5-18"}},"EventData":{"transferId":"8D96F7E5-51B6-44FF-A26E-6FBD8645BD45","name":"Font Download","Id":"BE8ABC0D-3E7F-4DF4-84A5-B0F41A6857A1","url":"https://fs.microsoft.com/fs/windows/config.json","peer":"","hr":2147954407,"fileTime":"1601-01-01T00:00:00.000000Z","fileLength":18446744073709551615,"bytesTotal":18446744073709551615,"bytesTransferred":0,"proxy":"","peerProtocolFlags":0,"bytesTransferredFromPeer":0,"AdditionalInfoHr":0,"PeerContextInfo":0,"bandwidthLimit":18446744073709551615,"ignoreBandwidthLimitsOnLan":false}}}
{"Event_attributes":{"xmlns":"http://schemas.microsoft.com/win/2004/08/events/event"},"Event":{"System":{"Provider_attributes":{"Name":"Microsoft-Windows-Bits-Client","Guid":"EF1CC15B-46C1-414E-BB95-E76B077BD51E"},"EventID":61,"Version":1,"Level":3,"Task":0,"Opcode":2,"Keywords":"0x4000000000000000","TimeCreated_attributes":{"SystemTime":"2020-10-09T12:16:25.855443Z"},"EventRecordID":7919,"Correlation_attributes":{"ActivityID":"ED3251C7-2ED5-48DC-9197-D9B701F574AB"},"Execution_attributes":{"ProcessID":8008,"ThreadID":6652},"Channel":"Microsoft-Windows-Bits-Client/Operational","Computer":"MSEDGEWIN10","Security_attributes":{"UserID":"S-1-5-18"}},"EventData":{"transferId":"ED3251C7-2ED5-48DC-9197-D9B701F574AB","name":"Font Download","Id":"BE8ABC0D-3E7F-4DF4-84A5-B0F41A6857A1","url":"https://fs.microsoft.com/fs/windows/config.json","peer":"","hr":2147954407,"fileTime":"1601-01-01T00:00:00.000000Z","fileLength":18446744073709551615,"bytesTotal":18446744073709551615,"bytesTransferred":0,"proxy":"","peerProtocolFlags":0,"bytesTransferredFromPeer":0,"AdditionalInfoHr":0,"PeerContextInfo":0,"bandwidthLimit":18446744073709551615,"ignoreBandwidthLimitsOnLan":false}}}
{"Event_attributes":{"xmlns":"http://schemas.microsoft.com/win/2004/08/events/event"},"Event":{"System":{"Provider_attributes":{"Name":"Microsoft-Windows-Bits-Client","Guid":"EF1CC15B-46C1-414E-BB95-E76B077BD51E"},"EventID":306,"Version":0,"Level":5,"Task":0,"Opcode":0,"Keywords":"0x4000000000000000","TimeCreated_attributes":{"SystemTime":"2020-10-11T10:52:43.957275Z"},"EventRecordID":7920,"Correlation":null,"Execution_attributes":{"ProcessID":920,"ThreadID":2408},"Channel":"Microsoft-Windows-Bits-Client/Operational","Computer":"MSEDGEWIN10","Security_attributes":{"UserID":"S-1-5-18"}},"EventData":null}}
{"Event_attributes":{"xmlns":"http://schemas.microsoft.com/win/2004/08/events/event"},"Event":{"System":{"Provider_attributes":{"Name":"Microsoft-Windows-Bits-Client","Guid":"EF1CC15B-46C1-414E-BB95-E76B077BD51E"},"EventID":3,"Version":2,"Level":4,"Task":0,"Opcode":0,"Keywords":"0x4000000000000000","TimeCreated_attributes":{"SystemTime":"2020-10-11T10:52:46.197910Z"},"EventRecordID":7921,"Correlation":null,"Execution_attributes":{"ProcessID":920,"ThreadID":4880},"Channel":"Microsoft-Windows-Bits-Client/Operational","Computer":"MSEDGEWIN10","Security_attributes":{"UserID":"S-1-5-18"}},"EventData":{"jobTitle":"Font Download","jobId":"54A74DAD-E2C2-4451-A9A0-D8E57A504AB7","jobOwner":"NT AUTHORITY\\LOCAL SERVICE","processPath":"C:\\Windows\\System32\\svchost.exe","processId":2136}}}
{"Event_attributes":{"xmlns":"http://schemas.microsoft.com/win/2004/08/events/event"},"Event":{"System":{"Provider_attributes":{"Name":"Microsoft-Windows-Bits-Client","Guid":"EF1CC15B-46C1-414E-BB95-E76B077BD51E"},"EventID":209,"Version":0,"Level":4,"Task":0,"Opcode":0,"Keywords":"0x4000000000000000","TimeCreated_attributes":{"SystemTime":"2020-10-11T10:52:46.199774Z"},"EventRecordID":7922,"Correlation":null,"Execution_attributes":{"ProcessID":920,"ThreadID":1088},"Channel":"Microsoft-Windows-Bits-Client/Operational","Computer":"MSEDGEWIN10","Security_attributes":{"UserID":"S-1-5-18"}},"EventData":{"jobName":"Font Download","jobId":"54A74DAD-E2C2-4451-A9A0-D8E57A504AB7","isRoaming":1}}}
{"Event_attributes":{"xmlns":"http://schemas.microsoft.com/win/2004/08/events/event"},"Event":{"System":{"Provider_attributes":{"Name":"Microsoft-Windows-Bits-Client","Guid":"EF1CC15B-46C1-414E-BB95-E76B077BD51E"},"EventID":61,"Version":1,"Level":3,"Task":0,"Opcode":2,"Keywords":"0x4000000000000000","TimeCreated_attributes":{"SystemTime":"2020-10-11T10:52:46.212314Z"},"EventRecordID":7923,"Correlation_attributes":{"ActivityID":"17F9C695-6101-4BFE-929B-361F142A364E"},"Execution_attributes":{"ProcessID":920,"ThreadID":1088},"Channel":"Microsoft-Windows-Bits-Client/Operational","Computer":"MSEDGEWIN10","Security_attributes":{"UserID":"S-1-5-18"}},"EventData":{"transferId":"17F9C695-6101-4BFE-929B-361F142A364E","name":"Font Download","Id":"54A74DAD-E2C2-4451-A9A0-D8E57A504AB7","url":"https://fs.microsoft.com/fs/windows/config.json","peer":"","hr":2147954407,"fileTime":"1601-01-01T00:00:00.000000Z","fileLength":18446744073709551615,"bytesTotal":18446744073709551615,"bytesTransferred":0,"proxy":"","peerProtocolFlags":0,"bytesTransferredFromPeer":0,"AdditionalInfoHr":0,"PeerContextInfo":0,"bandwidthLimit":18446744073709551615,"ignoreBandwidthLimitsOnLan":false}}}
{"Event_attributes":{"xmlns":"http://schemas.microsoft.com/win/2004/08/events/event"},"Event":{"System":{"Provider_attributes":{"Name":"Microsoft-Windows-Bits-Client","Guid":"EF1CC15B-46C1-414E-BB95-E76B077BD51E"},"EventID":3,"Version":2,"Level":4,"Task":0,"Opcode":0,"Keywords":"0x4000000000000000","TimeCreated_attributes":{"SystemTime":"2020-10-11T10:53:20.679881Z"},"EventRecordID":7924,"Correlation":null,"Execution_attributes":{"ProcessID":920,"ThreadID":5020},"Channel":"Microsoft-Windows-Bits-Client/Operational","Computer":"MSEDGEWIN10","Security_attributes":{"UserID":"S-1-5-18"}},"EventData":{"jobTitle":"C:\\Program Files (x86)\\Google\\Update\\1.3.35.452\\Recovery\\GUR5EEF.tmp\\GoogleUpdateSetup.crx3","jobId":"73D6A7E1-0A22-4EEE-937C-D585101609EA","jobOwner":"NT AUTHORITY\\SYSTEM","processPath":"C:\\Program Files (x86)\\Google\\Update\\GoogleUpdate.exe","processId":1848}}}
{"Event_attributes":{"xmlns":"http://schemas.microsoft.com/win/2004/08/events/event"},"Event":{"System":{"Provider_attributes":{"Name":"Microsoft-Windows-Bits-Client","Guid":"EF1CC15B-46C1-414E-BB95-E76B077BD51E"},"EventID":61,"Version":1,"Level":3,"Task":0,"Opcode":2,"Keywords":"0x4000000000000000","TimeCreated_attributes":{"SystemTime":"2020-10-11T10:53:20.701656Z"},"EventRecordID":7925,"Correlation_attributes":{"ActivityID":"7E9FFC98-BDA2-464F-A8F1-5FA95456F5CA"},"Execution_attributes":{"ProcessID":920,"ThreadID":4880},"Channel":"Microsoft-Windows-Bits-Client/Operational","Computer":"MSEDGEWIN10","Security_attributes":{"UserID":"S-1-5-18"}},"EventData":{"transferId":"7E9FFC98-BDA2-464F-A8F1-5FA95456F5CA","name":"C:\\Program Files (x86)\\Google\\Update\\1.3.35.452\\Recovery\\GUR5EEF.tmp\\GoogleUpdateSetup.crx3","Id":"73D6A7E1-0A22-4EEE-937C-D585101609EA","url":"https://clients2.google.com/service/check2?crx3=true&appid=%7B430FD4D0-B729-4F61-AA34-91526481799D%7D&appversion=1.3.35.452&applang=&machine=1&version=1.3.35.452&userid=%7B41975F82-406F-4186-AABD-6E6A89517884%7D&osversion=10.0&servicepack=","peer":"","hr":2147954407,"fileTime":"1601-01-01T00:00:00.000000Z","fileLength":18446744073709551615,"bytesTotal":18446744073709551615,"bytesTransferred":0,"proxy":"","peerProtocolFlags":0,"bytesTransferredFromPeer":0,"AdditionalInfoHr":0,"PeerContextInfo":0,"bandwidthLimit":18446744073709551615,"ignoreBandwidthLimitsOnLan":false}}}
{"Event_attributes":{"xmlns":"http://schemas.microsoft.com/win/2004/08/events/event"},"Event":{"System":{"Provider_attributes":{"Name":"Microsoft-Windows-Bits-Client","Guid":"EF1CC15B-46C1-414E-BB95-E76B077BD51E"},"EventID":5,"Version":0,"Level":4,"Task":0,"Opcode":0,"Keywords":"0x4000000000000000","TimeCreated_attributes":{"SystemTime":"2020-10-11T10:53:20.704140Z"},"EventRecordID":7926,"Correlation":null,"Execution_attributes":{"ProcessID":920,"ThreadID":4880},"Channel":"Microsoft-Windows-Bits-Client/Operational","Computer":"MSEDGEWIN10","Security_attributes":{"UserID":"S-1-5-18"}},"EventData":{"User":"NT AUTHORITY\\SYSTEM","jobTitle":"C:\\Program Files (x86)\\Google\\Update\\1.3.35.452\\Recovery\\GUR5EEF.tmp\\GoogleUpdateSetup.crx3","jobId":"73D6A7E1-0A22-4EEE-937C-D585101609EA","jobOwner":"NT AUTHORITY\\SYSTEM","fileCount":1}}}
{"Event_attributes":{"xmlns":"http://schemas.microsoft.com/win/2004/08/events/event"},"Event":{"System":{"Provider_attributes":{"Name":"Microsoft-Windows-Bits-Client","Guid":"EF1CC15B-46C1-414E-BB95-E76B077BD51E"},"EventID":3,"Version":2,"Level":4,"Task":0,"Opcode":0,"Keywords":"0x4000000000000000","TimeCreated_attributes":{"SystemTime":"2020-10-11T10:53:20.762782Z"},"EventRecordID":7927,"Correlation":null,"Execution_attributes":{"ProcessID":920,"ThreadID":4880},"Channel":"Microsoft-Windows-Bits-Client/Operational","Computer":"MSEDGEWIN10","Security_attributes":{"UserID":"S-1-5-18"}},"EventData":{"jobTitle":"C:\\Program Files (x86)\\Google\\Update\\1.3.35.452\\Recovery\\GUR5EEF.tmp\\GoogleUpdateSetup.crx3","jobId":"F74F1140-6F4B-416E-8F4F-AA64C6F50318","jobOwner":"NT AUTHORITY\\SYSTEM","processPath":"C:\\Program Files (x86)\\Google\\Update\\GoogleUpdate.exe","processId":1848}}}
{"Event_attributes":{"xmlns":"http://schemas.microsoft.com/win/2004/08/events/event"},"Event":{"System":{"Provider_attributes":{"Name":"Microsoft-Windows-Bits-Client","Guid":"EF1CC15B-46C1-414E-BB95-E76B077BD51E"},"EventID":61,"Version":1,"Level":3,"Task":0,"Opcode":2,"Keywords":"0x4000000000000000","TimeCreated_attributes":{"SystemTime":"2020-10-11T10:53:20.779024Z"},"EventRecordID":7928,"Correlation_attributes":{"ActivityID":"EE843078-8868-48F9-BF91-0140305E5B04"},"Execution_attributes":{"ProcessID":920,"ThreadID":1088},"Channel":"Microsoft-Windows-Bits-Client/Operational","Computer":"MSEDGEWIN10","Security_attributes":{"UserID":"S-1-5-18"}},"EventData":{"transferId":"EE843078-8868-48F9-BF91-0140305E5B04","name":"C:\\Program Files (x86)\\Google\\Update\\1.3.35.452\\Recovery\\GUR5EEF.tmp\\GoogleUpdateSetup.crx3","Id":"F74F1140-6F4B-416E-8F4F-AA64C6F50318","url":"https://clients2.google.com/service/check2?crx3=true&appid=%7B430FD4D0-B729-4F61-AA34-91526481799D%7D&appversion=1.3.35.452&applang=&machine=1&version=1.3.35.452&userid=%7B41975F82-406F-4186-AABD-6E6A89517884%7D&osversion=10.0&servicepack=","peer":"","hr":2147954407,"fileTime":"1601-01-01T00:00:00.000000Z","fileLength":18446744073709551615,"bytesTotal":18446744073709551615,"bytesTransferred":0,"proxy":"","peerProtocolFlags":0,"bytesTransferredFromPeer":0,"AdditionalInfoHr":0,"PeerContextInfo":0,"bandwidthLimit":18446744073709551615,"ignoreBandwidthLimitsOnLan":false}}}
{"Event_attributes":{"xmlns":"http://schemas.microsoft.com/win/2004/08/events/event"},"Event":{"System":{"Provider_attributes":{"Name":"Microsoft-Windows-Bits-Client","Guid":"EF1CC15B-46C1-414E-BB95-E76B077BD51E"},"EventID":5,"Version":0,"Level":4,"Task":0,"Opcode":0,"Keywords":"0x4000000000000000","TimeCreated_attributes":{"SystemTime":"2020-10-11T10:53:20.781128Z"},"EventRecordID":7929,"Correlation":null,"Execution_attributes":{"ProcessID":920,"ThreadID":4880},"Channel":"Microsoft-Windows-Bits-Client/Operational","Computer":"MSEDGEWIN10","Security_attributes":{"UserID":"S-1-5-18"}},"EventData":{"User":"NT AUTHORITY\\SYSTEM","jobTitle":"C:\\Program Files (x86)\\Google\\Update\\1.3.35.452\\Recovery\\GUR5EEF.tmp\\GoogleUpdateSetup.crx3","jobId":"F74F1140-6F4B-416E-8F4F-AA64C6F50318","jobOwner":"NT AUTHORITY\\SYSTEM","fileCount":1}}}
{"Event_attributes":{"xmlns":"http://schemas.microsoft.com/win/2004/08/events/event"},"Event":{"System":{"Provider_attributes":{"Name":"Microsoft-Windows-Bits-Client","Guid":"EF1CC15B-46C1-414E-BB95-E76B077BD51E"},"EventID":3,"Version":2,"Level":4,"Task":0,"Opcode":0,"Keywords":"0x4000000000000000","TimeCreated_attributes":{"SystemTime":"2020-10-11T11:00:11.208836Z"},"EventRecordID":7930,"Correlation":null,"Execution_attributes":{"ProcessID":920,"ThreadID":1276},"Channel":"Microsoft-Windows-Bits-Client/Operational","Computer":"MSEDGEWIN10","Security_attributes":{"UserID":"S-1-5-18"}},"EventData":{"jobTitle":"MicrosoftMapsBingGeoStore","jobId":"054EAF55-D763-480E-913C-81AE7C6370F3","jobOwner":"NT AUTHORITY\\NETWORK SERVICE","processPath":"C:\\Windows\\System32\\svchost.exe","processId":3960}}}
{"Event_attributes":{"xmlns":"http://schemas.microsoft.com/win/2004/08/events/event"},"Event":{"System":{"Provider_attributes":{"Name":"Microsoft-Windows-Bits-Client","Guid":"EF1CC15B-46C1-414E-BB95-E76B077BD51E"},"EventID":209,"Version":0,"Level":4,"Task":0,"Opcode":0,"Keywords":"0x4000000000000000","TimeCreated_attributes":{"SystemTime":"2020-10-11T11:00:11.209617Z"},"EventRecordID":7931,"Correlation":null,"Execution_attributes":{"ProcessID":920,"ThreadID":360},"Channel":"Microsoft-Windows-Bits-Client/Operational","Computer":"MSEDGEWIN10","Security_attributes":{"UserID":"S-1-5-18"}},"EventData":{"jobName":"MicrosoftMapsBingGeoStore","jobId":"054EAF55-D763-480E-913C-81AE7C6370F3","isRoaming":1}}}
{"Event_attributes":{"xmlns":"http://schemas.microsoft.com/win/2004/08/events/event"},"Event":{"System":{"Provider_attributes":{"Name":"Microsoft-Windows-Bits-Client","Guid":"EF1CC15B-46C1-414E-BB95-E76B077BD51E"},"EventID":61,"Version":1,"Level":3,"Task":0,"Opcode":2,"Keywords":"0x4000000000000000","TimeCreated_attributes":{"SystemTime":"2020-10-11T11:02:46.236805Z"},"EventRecordID":7932,"Correlation_attributes":{"ActivityID":"DFF7BAE2-7D4A-4E54-B709-ECAEF277B1B3"},"Execution_attributes":{"ProcessID":920,"ThreadID":3740},"Channel":"Microsoft-Windows-Bits-Client/Operational","Computer":"MSEDGEWIN10","Security_attributes":{"UserID":"S-1-5-18"}},"EventData":{"transferId":"DFF7BAE2-7D4A-4E54-B709-ECAEF277B1B3","name":"Font Download","Id":"54A74DAD-E2C2-4451-A9A0-D8E57A504AB7","url":"https://fs.microsoft.com/fs/windows/config.json","peer":"","hr":2147954407,"fileTime":"1601-01-01T00:00:00.000000Z","fileLength":18446744073709551615,"bytesTotal":18446744073709551615,"bytesTransferred":0,"proxy":"","peerProtocolFlags":0,"bytesTransferredFromPeer":0,"AdditionalInfoHr":0,"PeerContextInfo":0,"bandwidthLimit":18446744073709551615,"ignoreBandwidthLimitsOnLan":false}}}
{"Event_attributes":{"xmlns":"http://schemas.microsoft.com/win/2004/08/events/event"},"Event":{"System":{"Provider_attributes":{"Name":"Microsoft-Windows-Bits-Client","Guid":"EF1CC15B-46C1-414E-BB95-E76B077BD51E"},"EventID":61,"Version":1,"Level":3,"Task":0,"Opcode":2,"Keywords":"0x4000000000000000","TimeCreated_attributes":{"SystemTime":"2020-10-11T11:12:46.242559Z"},"EventRecordID":7933,"Correlation_attributes":{"ActivityID":"91B0739C-EE05-4931-9285-449C41D50846"},"Execution_attributes":{"ProcessID":920,"ThreadID":4032},"Channel":"Microsoft-Windows-Bits-Client/Operational","Computer":"MSEDGEWIN10","Security_attributes":{"UserID":"S-1-5-18"}},"EventData":{"transferId":"91B0739C-EE05-4931-9285-449C41D50846","name":"Font Download","Id":"54A74DAD-E2C2-4451-A9A0-D8E57A504AB7","url":"https://fs.microsoft.com/fs/windows/config.json","peer":"","hr":2147954407,"fileTime":"1601-01-01T00:00:00.000000Z","fileLength":18446744073709551615,"bytesTotal":18446744073709551615,"bytesTransferred":0,"proxy":"","peerProtocolFlags":0,"bytesTransferredFromPeer":0,"AdditionalInfoHr":0,"PeerContextInfo":0,"bandwidthLimit":18446744073709551615,"ignoreBandwidthLimitsOnLan":false}}}
{"Event_attributes":{"xmlns":"http://schemas.microsoft.com/win/2004/08/events/event"},"Event":{"System":{"Provider_attributes":{"Name":"Microsoft-Windows-Bits-Client","Guid":"EF1CC15B-46C1-414E-BB95-E76B077BD51E"},"EventID":61,"Version":1,"Level":3,"Task":0,"Opcode":2,"Keywords":"0x4000000000000000","TimeCreated_attributes":{"SystemTime":"2020-10-11T11:22:46.274552Z"},"EventRecordID":7934,"Correlation_attributes":{"ActivityID":"BA14527C-6B9B-4CE1-AAB2-5E6261511F5C"},"Execution_attributes":{"ProcessID":920,"ThreadID":656},"Channel":"Microsoft-Windows-Bits-Client/Operational","Computer":"MSEDGEWIN10","Security_attributes":{"UserID":"S-1-5-18"}},"EventData":{"transferId":"BA14527C-6B9B-4CE1-AAB2-5E6261511F5C","name":"Font Download","Id":"54A74DAD-E2C2-4451-A9A0-D8E57A504AB7","url":"https://fs.microsoft.com/fs/windows/config.json","peer":"","hr":2147954407,"fileTime":"1601-01-01T00:00:00.000000Z","fileLength":18446744073709551615,"bytesTotal":18446744073709551615,"bytesTransferred":0,"proxy":"","peerProtocolFlags":0,"bytesTransferredFromPeer":0,"AdditionalInfoHr":0,"PeerContextInfo":0,"bandwidthLimit":18446744073709551615,"ignoreBandwidthLimitsOnLan":false}}}
{"Event_attributes":{"xmlns":"http://schemas.microsoft.com/win/2004/08/events/event"},"Event":{"System":{"Provider_attributes":{"Name":"Microsoft-Windows-Bits-Client","Guid":"EF1CC15B-46C1-414E-BB95-E76B077BD51E"},"EventID":306,"Version":0,"Level":5,"Task":0,"Opcode":0,"Keywords":"0x4000000000000000","TimeCreated_attributes":{"SystemTime":"2020-10-11T11:31:44.797390Z"},"EventRecordID":7935,"Correlation":null,"Execution_attributes":{"ProcessID":3512,"ThreadID":3532},"Channel":"Microsoft-Windows-Bits-Client/Operational","Computer":"MSEDGEWIN10","Security_attributes":{"UserID":"S-1-5-18"}},"EventData":null}}
{"Event_attributes":{"xmlns":"http://schemas.microsoft.com/win/2004/08/events/event"},"Event":{"System":{"Provider_attributes":{"Name":"Microsoft-Windows-Bits-Client","Guid":"EF1CC15B-46C1-414E-BB95-E76B077BD51E"},"EventID":3,"Version":2,"Level":4,"Task":0,"Opcode":0,"Keywords":"0x4000000000000000","TimeCreated_attributes":{"SystemTime":"2020-10-11T11:31:47.050844Z"},"EventRecordID":7936,"Correlation":null,"Execution_attributes":{"ProcessID":3512,"ThreadID":4092},"Channel":"Microsoft-Windows-Bits-Client/Operational","Computer":"MSEDGEWIN10","Security_attributes":{"UserID":"S-1-5-18"}},"EventData":{"jobTitle":"Font Download","jobId":"07945CB3-5C21-439A-9422-908CEBBA2CED","jobOwner":"NT AUTHORITY\\LOCAL SERVICE","processPath":"C:\\Windows\\System32\\svchost.exe","processId":2152}}}
{"Event_attributes":{"xmlns":"http://schemas.microsoft.com/win/2004/08/events/event"},"Event":{"System":{"Provider_attributes":{"Name":"Microsoft-Windows-Bits-Client","Guid":"EF1CC15B-46C1-414E-BB95-E76B077BD51E"},"EventID":209,"Version":0,"Level":4,"Task":0,"Opcode":0,"Keywords":"0x4000000000000000","TimeCreated_attributes":{"SystemTime":"2020-10-11T11:31:47.052679Z"},"EventRecordID":7937,"Correlation":null,"Execution_attributes":{"ProcessID":3512,"ThreadID":4092},"Channel":"Microsoft-Windows-Bits-Client/Operational","Computer":"MSEDGEWIN10","Security_attributes":{"UserID":"S-1-5-18"}},"EventData":{"jobName":"Font Download","jobId":"07945CB3-5C21-439A-9422-908CEBBA2CED","isRoaming":1}}}
{"Event_attributes":{"xmlns":"http://schemas.microsoft.com/win/2004/08/events/event"},"Event":{"System":{"Provider_attributes":{"Name":"Microsoft-Windows-Bits-Client","Guid":"EF1CC15B-46C1-414E-BB95-E76B077BD51E"},"EventID":61,"Version":1,"Level":3,"Task":0,"Opcode":2,"Keywords":"0x4000000000000000","TimeCreated_attributes":{"SystemTime":"2020-10-11T11:31:47.064684Z"},"EventRecordID":7938,"Correlation_attributes":{"ActivityID":"42BE3520-32AF-4339-B20C-2EC24D6F5F2F"},"Execution_attributes":{"ProcessID":3512,"ThreadID":1988},"Channel":"Microsoft-Windows-Bits-Client/Operational","Computer":"MSEDGEWIN10","Security_attributes":{"UserID":"S-1-5-18"}},"EventData":{"transferId":"42BE3520-32AF-4339-B20C-2EC24D6F5F2F","name":"Font Download","Id":"07945CB3-5C21-439A-9422-908CEBBA2CED","url":"https://fs.microsoft.com/fs/windows/config.json","peer":"","hr":2147954407,"fileTime":"1601-01-01T00:00:00.000000Z","fileLength":18446744073709551615,"bytesTotal":18446744073709551615,"bytesTransferred":0,"proxy":"","peerProtocolFlags":0,"bytesTransferredFromPeer":0,"AdditionalInfoHr":0,"PeerContextInfo":0,"bandwidthLimit":18446744073709551615,"ignoreBandwidthLimitsOnLan":false}}}
{"Event_attributes":{"xmlns":"http://schemas.microsoft.com/win/2004/08/events/event"},"Event":{"System":{"Provider_attributes":{"Name":"Microsoft-Windows-Bits-Client","Guid":"EF1CC15B-46C1-414E-BB95-E76B077BD51E"},"EventID":3,"Version":2,"Level":4,"Task":0,"Opcode":0,"Keywords":"0x4000000000000000","TimeCreated_attributes":{"SystemTime":"2020-10-11T11:33:03.691729Z"},"EventRecordID":7939,"Correlation":null,"Execution_attributes":{"ProcessID":3512,"ThreadID":3572},"Channel":"Microsoft-Windows-Bits-Client/Operational","Computer":"MSEDGEWIN10","Security_attributes":{"UserID":"S-1-5-18"}},"EventData":{"jobTitle":"PreSignInSettingsConfigJSON","jobId":"10D675A0-7B54-47C4-A271-211EC0D0F8AA","jobOwner":"MSEDGEWIN10\\IEUser","processPath":"C:\\Users\\IEUser\\AppData\\Local\\Microsoft\\OneDrive\\OneDriveStandaloneUpdater.exe","processId":2480}}}
{"Event_attributes":{"xmlns":"http://schemas.microsoft.com/win/2004/08/events/event"},"Event":{"System":{"Provider_attributes":{"Name":"Microsoft-Windows-Bits-Client","Guid":"EF1CC15B-46C1-414E-BB95-E76B077BD51E"},"EventID":61,"Version":1,"Level":3,"Task":0,"Opcode":2,"Keywords":"0x4000000000000000","TimeCreated_attributes":{"SystemTime":"2020-10-11T11:33:03.704801Z"},"EventRecordID":7940,"Correlation_attributes":{"ActivityID":"5294B5C8-70AA-483B-A44E-F0678720E026"},"Execution_attributes":{"ProcessID":3512,"ThreadID":3572},"Channel":"Microsoft-Windows-Bits-Client/Operational","Computer":"MSEDGEWIN10","Security_attributes":{"UserID":"S-1-5-18"}},"EventData":{"transferId":"5294B5C8-70AA-483B-A44E-F0678720E026","name":"PreSignInSettingsConfigJSON","Id":"10D675A0-7B54-47C4-A271-211EC0D0F8AA","url":"https://g.live.com/odclientsettings/Prod","peer":"","hr":2147954407,"fileTime":"1601-01-01T00:00:00.000000Z","fileLength":18446744073709551615,"bytesTotal":18446744073709551615,"bytesTransferred":0,"proxy":"","peerProtocolFlags":0,"bytesTransferredFromPeer":0,"AdditionalInfoHr":0,"PeerContextInfo":0,"bandwidthLimit":18446744073709551615,"ignoreBandwidthLimitsOnLan":false}}}
{"Event_attributes":{"xmlns":"http://schemas.microsoft.com/win/2004/08/events/event"},"Event":{"System":{"Provider_attributes":{"Name":"Microsoft-Windows-Bits-Client","Guid":"EF1CC15B-46C1-414E-BB95-E76B077BD51E"},"EventID":61,"Version":1,"Level":3,"Task":0,"Opcode":2,"Keywords":"0x4000000000000000","TimeCreated_attributes":{"SystemTime":"2020-10-11T11:33:13.724246Z"},"EventRecordID":7941,"Correlation_attributes":{"ActivityID":"951CE912-462A-4CAA-8935-A31BD3869B47"},"Execution_attributes":{"ProcessID":3512,"ThreadID":1988},"Channel":"Microsoft-Windows-Bits-Client/Operational","Computer":"MSEDGEWIN10","Security_attributes":{"UserID":"S-1-5-18"}},"EventData":{"transferId":"951CE912-462A-4CAA-8935-A31BD3869B47","name":"PreSignInSettingsConfigJSON","Id":"10D675A0-7B54-47C4-A271-211EC0D0F8AA","url":"https://g.live.com/odclientsettings/Prod","peer":"","hr":2147954407,"fileTime":"1601-01-01T00:00:00.000000Z","fileLength":18446744073709551615,"bytesTotal":18446744073709551615,"bytesTransferred":0,"proxy":"","peerProtocolFlags":0,"bytesTransferredFromPeer":0,"AdditionalInfoHr":0,"PeerContextInfo":0,"bandwidthLimit":18446744073709551615,"ignoreBandwidthLimitsOnLan":false}}}
{"Event_attributes":{"xmlns":"http://schemas.microsoft.com/win/2004/08/events/event"},"Event":{"System":{"Provider_attributes":{"Name":"Microsoft-Windows-Bits-Client","Guid":"EF1CC15B-46C1-414E-BB95-E76B077BD51E"},"EventID":61,"Version":1,"Level":3,"Task":0,"Opcode":2,"Keywords":"0x4000000000000000","TimeCreated_attributes":{"SystemTime":"2020-10-11T11:33:23.724078Z"},"EventRecordID":7942,"Correlation_attributes":{"ActivityID":"036CAEDD-3F91-47AA-AD23-536EDFB2E3DC"},"Execution_attributes":{"ProcessID":3512,"ThreadID":764},"Channel":"Microsoft-Windows-Bits-Client/Operational","Computer":"MSEDGEWIN10","Security_attributes":{"UserID":"S-1-5-18"}},"EventData":{"transferId":"036CAEDD-3F91-47AA-AD23-536EDFB2E3DC","name":"PreSignInSettingsConfigJSON","Id":"10D675A0-7B54-47C4-A271-211EC0D0F8AA","url":"https://g.live.com/odclientsettings/Prod","peer":"","hr":2147954407,"fileTime":"1601-01-01T00:00:00.000000Z","fileLength":18446744073709551615,"bytesTotal":18446744073709551615,"bytesTransferred":0,"proxy":"","peerProtocolFlags":0,"bytesTransferredFromPeer":0,"AdditionalInfoHr":0,"PeerContextInfo":0,"bandwidthLimit":18446744073709551615,"ignoreBandwidthLimitsOnLan":false}}}
{"Event_attributes":{"xmlns":"http://schemas.microsoft.com/win/2004/08/events/event"},"Event":{"System":{"Provider_attributes":{"Name":"Microsoft-Windows-Bits-Client","Guid":"EF1CC15B-46C1-414E-BB95-E76B077BD51E"},"EventID":61,"Version":1,"Level":3,"Task":0,"Opcode":2,"Keywords":"0x4000000000000000","TimeCreated_attributes":{"SystemTime":"2020-10-11T11:33:33.757546Z"},"EventRecordID":7943,"Correlation_attributes":{"ActivityID":"3FFA507A-1E81-4271-BF33-2AA980F5DF0E"},"Execution_attributes":{"ProcessID":3512,"ThreadID":1988},"Channel":"Microsoft-Windows-Bits-Client/Operational","Computer":"MSEDGEWIN10","Security_attributes":{"UserID":"S-1-5-18"}},"EventData":{"transferId":"3FFA507A-1E81-4271-BF33-2AA980F5DF0E","name":"PreSignInSettingsConfigJSON","Id":"10D675A0-7B54-47C4-A271-211EC0D0F8AA","url":"https://g.live.com/odclientsettings/Prod","peer":"","hr":2147954407,"fileTime":"1601-01-01T00:00:00.000000Z","fileLength":18446744073709551615,"bytesTotal":18446744073709551615,"bytesTransferred":0,"proxy":"","peerProtocolFlags":0,"bytesTransferredFromPeer":0,"AdditionalInfoHr":0,"PeerContextInfo":0,"bandwidthLimit":18446744073709551615,"ignoreBandwidthLimitsOnLan":false}}}
{"Event_attributes":{"xmlns":"http://schemas.microsoft.com/win/2004/08/events/event"},"Event":{"System":{"Provider_attributes":{"Name":"Microsoft-Windows-Bits-Client","Guid":"EF1CC15B-46C1-414E-BB95-E76B077BD51E"},"EventID":61,"Version":1,"Level":3,"Task":0,"Opcode":2,"Keywords":"0x4000000000000000","TimeCreated_attributes":{"SystemTime":"2020-10-11T11:33:48.746647Z"},"EventRecordID":7944,"Correlation_attributes":{"ActivityID":"FAF6EF6A-3210-4EC4-BBF0-AE903E34183E"},"Execution_attributes":{"ProcessID":3512,"ThreadID":3572},"Channel":"Microsoft-Windows-Bits-Client/Operational","Computer":"MSEDGEWIN10","Security_attributes":{"UserID":"S-1-5-18"}},"EventData":{"transferId":"FAF6EF6A-3210-4EC4-BBF0-AE903E34183E","name":"PreSignInSettingsConfigJSON","Id":"10D675A0-7B54-47C4-A271-211EC0D0F8AA","url":"https://g.live.com/odclientsettings/Prod","peer":"","hr":2147954407,"fileTime":"1601-01-01T00:00:00.000000Z","fileLength":18446744073709551615,"bytesTotal":18446744073709551615,"bytesTransferred":0,"proxy":"","peerProtocolFlags":0,"bytesTransferredFromPeer":0,"AdditionalInfoHr":0,"PeerContextInfo":0,"bandwidthLimit":18446744073709551615,"ignoreBandwidthLimitsOnLan":false}}}
{"Event_attributes":{"xmlns":"http://schemas.microsoft.com/win/2004/08/events/event"},"Event":{"System":{"Provider_attributes":{"Name":"Microsoft-Windows-Bits-Client","Guid":"EF1CC15B-46C1-414E-BB95-E76B077BD51E"},"EventID":61,"Version":1,"Level":3,"Task":0,"Opcode":2,"Keywords":"0x4000000000000000","TimeCreated_attributes":{"SystemTime":"2020-10-11T11:33:58.773766Z"},"EventRecordID":7945,"Correlation_attributes":{"ActivityID":"5066EFFD-AD59-4121-81F2-C2297B3DE95B"},"Execution_attributes":{"ProcessID":3512,"ThreadID":1988},"Channel":"Microsoft-Windows-Bits-Client/Operational","Computer":"MSEDGEWIN10","Security_attributes":{"UserID":"S-1-5-18"}},"EventData":{"transferId":"5066EFFD-AD59-4121-81F2-C2297B3DE95B","name":"PreSignInSettingsConfigJSON","Id":"10D675A0-7B54-47C4-A271-211EC0D0F8AA","url":"https://g.live.com/odclientsettings/Prod","peer":"","hr":2147954407,"fileTime":"1601-01-01T00:00:00.000000Z","fileLength":18446744073709551615,"bytesTotal":18446744073709551615,"bytesTransferred":0,"proxy":"","peerProtocolFlags":0,"bytesTransferredFromPeer":0,"AdditionalInfoHr":0,"PeerContextInfo":0,"bandwidthLimit":18446744073709551615,"ignoreBandwidthLimitsOnLan":false}}}
{"Event_attributes":{"xmlns":"http://schemas.microsoft.com/win/2004/08/events/event"},"Event":{"System":{"Provider_attributes":{"Name":"Microsoft-Windows-Bits-Client","Guid":"EF1CC15B-46C1-414E-BB95-E76B077BD51E"},"EventID":61,"Version":1,"Level":3,"Task":0,"Opcode":2,"Keywords":"0x4000000000000000","TimeCreated_attributes":{"SystemTime":"2020-10-11T11:34:08.793051Z"},"EventRecordID":7946,"Correlation_attributes":{"ActivityID":"7DA94DA5-0E83-446B-B75A-FBCF65AD738D"},"Execution_attributes":{"ProcessID":3512,"ThreadID":3572},"Channel":"Microsoft-Windows-Bits-Client/Operational","Computer":"MSEDGEWIN10","Security_attributes":{"UserID":"S-1-5-18"}},"EventData":{"transferId":"7DA94DA5-0E83-446B-B75A-FBCF65AD738D","name":"PreSignInSettingsConfigJSON","Id":"10D675A0-7B54-47C4-A271-211EC0D0F8AA","url":"https://g.live.com/odclientsettings/Prod","peer":"","hr":2147954407,"fileTime":"1601-01-01T00:00:00.000000Z","fileLength":18446744073709551615,"bytesTotal":18446744073709551615,"bytesTransferred":0,"proxy":"","peerProtocolFlags":0,"bytesTransferredFromPeer":0,"AdditionalInfoHr":0,"PeerContextInfo":0,"bandwidthLimit":18446744073709551615,"ignoreBandwidthLimitsOnLan":false}}}
{"Event_attributes":{"xmlns":"http://schemas.microsoft.com/win/2004/08/events/event"},"Event":{"System":{"Provider_attributes":{"Name":"Microsoft-Windows-Bits-Client","Guid":"EF1CC15B-46C1-414E-BB95-E76B077BD51E"},"EventID":61,"Version":1,"Level":3,"Task":0,"Opcode":2,"Keywords":"0x4000000000000000","TimeCreated_attributes":{"SystemTime":"2020-10-11T11:34:18.820889Z"},"EventRecordID":7947,"Correlation_attributes":{"ActivityID":"9304309E-C18F-4CBB-A2F7-CC1DCDE5672A"},"Execution_attributes":{"ProcessID":3512,"ThreadID":764},"Channel":"Microsoft-Windows-Bits-Client/Operational","Computer":"MSEDGEWIN10","Security_attributes":{"UserID":"S-1-5-18"}},"EventData":{"transferId":"9304309E-C18F-4CBB-A2F7-CC1DCDE5672A","name":"PreSignInSettingsConfigJSON","Id":"10D675A0-7B54-47C4-A271-211EC0D0F8AA","url":"https://g.live.com/odclientsettings/Prod","peer":"","hr":2147954407,"fileTime":"1601-01-01T00:00:00.000000Z","fileLength":18446744073709551615,"bytesTotal":18446744073709551615,"bytesTransferred":0,"proxy":"","peerProtocolFlags":0,"bytesTransferredFromPeer":0,"AdditionalInfoHr":0,"PeerContextInfo":0,"bandwidthLimit":18446744073709551615,"ignoreBandwidthLimitsOnLan":false}}}
{"Event_attributes":{"xmlns":"http://schemas.microsoft.com/win/2004/08/events/event"},"Event":{"System":{"Provider_attributes":{"Name":"Microsoft-Windows-Bits-Client","Guid":"EF1CC15B-46C1-414E-BB95-E76B077BD51E"},"EventID":61,"Version":1,"Level":3,"Task":0,"Opcode":2,"Keywords":"0x4000000000000000","TimeCreated_attributes":{"SystemTime":"2020-10-11T11:34:33.769956Z"},"EventRecordID":7948,"Correlation_attributes":{"ActivityID":"6630B73C-45ED-430D-B45C-2CB32FEF2380"},"Execution_attributes":{"ProcessID":3512,"ThreadID":1988},"Channel":"Microsoft-Windows-Bits-Client/Operational","Computer":"MSEDGEWIN10","Security_attributes":{"UserID":"S-1-5-18"}},"EventData":{"transferId":"6630B73C-45ED-430D-B45C-2CB32FEF2380","name":"PreSignInSettingsConfigJSON","Id":"10D675A0-7B54-47C4-A271-211EC0D0F8AA","url":"https://g.live.com/odclientsettings/Prod","peer":"","hr":2147954407,"fileTime":"1601-01-01T00:00:00.000000Z","fileLength":18446744073709551615,"bytesTotal":18446744073709551615,"bytesTransferred":0,"proxy":"","peerProtocolFlags":0,"bytesTransferredFromPeer":0,"AdditionalInfoHr":0,"PeerContextInfo":0,"bandwidthLimit":18446744073709551615,"ignoreBandwidthLimitsOnLan":false}}}
{"Event_attributes":{"xmlns":"http://schemas.microsoft.com/win/2004/08/events/event"},"Event":{"System":{"Provider_attributes":{"Name":"Microsoft-Windows-Bits-Client","Guid":"EF1CC15B-46C1-414E-BB95-E76B077BD51E"},"EventID":61,"Version":1,"Level":3,"Task":0,"Opcode":2,"Keywords":"0x4000000000000000","TimeCreated_attributes":{"SystemTime":"2020-10-11T11:34:43.778962Z"},"EventRecordID":7949,"Correlation_attributes":{"ActivityID":"ED75BDB7-63C5-4BD7-B248-3025D60D9BC7"},"Execution_attributes":{"ProcessID":3512,"ThreadID":3572},"Channel":"Microsoft-Windows-Bits-Client/Operational","Computer":"MSEDGEWIN10","Security_attributes":{"UserID":"S-1-5-18"}},"EventData":{"transferId":"ED75BDB7-63C5-4BD7-B248-3025D60D9BC7","name":"PreSignInSettingsConfigJSON","Id":"10D675A0-7B54-47C4-A271-211EC0D0F8AA","url":"https://g.live.com/odclientsettings/Prod","peer":"","hr":2147954407,"fileTime":"1601-01-01T00:00:00.000000Z","fileLength":18446744073709551615,"bytesTotal":18446744073709551615,"bytesTransferred":0,"proxy":"","peerProtocolFlags":0,"bytesTransferredFromPeer":0,"AdditionalInfoHr":0,"PeerContextInfo":0,"bandwidthLimit":18446744073709551615,"ignoreBandwidthLimitsOnLan":false}}}
{"Event_attributes":{"xmlns":"http://schemas.microsoft.com/win/2004/08/events/event"},"Event":{"System":{"Provider_attributes":{"Name":"Microsoft-Windows-Bits-Client","Guid":"EF1CC15B-46C1-414E-BB95-E76B077BD51E"},"EventID":61,"Version":1,"Level":3,"Task":0,"Opcode":2,"Keywords":"0x4000000000000000","TimeCreated_attributes":{"SystemTime":"2020-10-11T11:34:53.793560Z"},"EventRecordID":7950,"Correlation_attributes":{"ActivityID":"A74FA278-71ED-4552-BB38-4F06D333D07D"},"Execution_attributes":{"ProcessID":3512,"ThreadID":3572},"Channel":"Microsoft-Windows-Bits-Client/Operational","Computer":"MSEDGEWIN10","Security_attributes":{"UserID":"S-1-5-18"}},"EventData":{"transferId":"A74FA278-71ED-4552-BB38-4F06D333D07D","name":"PreSignInSettingsConfigJSON","Id":"10D675A0-7B54-47C4-A271-211EC0D0F8AA","url":"https://g.live.com/odclientsettings/Prod","peer":"","hr":2147954407,"fileTime":"1601-01-01T00:00:00.000000Z","fileLength":18446744073709551615,"bytesTotal":18446744073709551615,"bytesTransferred":0,"proxy":"","peerProtocolFlags":0,"bytesTransferredFromPeer":0,"AdditionalInfoHr":0,"PeerContextInfo":0,"bandwidthLimit":18446744073709551615,"ignoreBandwidthLimitsOnLan":false}}}
{"Event_attributes":{"xmlns":"http://schemas.microsoft.com/win/2004/08/events/event"},"Event":{"System":{"Provider_attributes":{"Name":"Microsoft-Windows-Bits-Client","Guid":"EF1CC15B-46C1-414E-BB95-E76B077BD51E"},"EventID":61,"Version":1,"Level":3,"Task":0,"Opcode":2,"Keywords":"0x4000000000000000","TimeCreated_attributes":{"SystemTime":"2020-10-11T11:35:03.804548Z"},"EventRecordID":7951,"Correlation_attributes":{"ActivityID":"D82BD8CC-CB3F-4C18-B7D5-2B75B8B60193"},"Execution_attributes":{"ProcessID":3512,"ThreadID":1988},"Channel":"Microsoft-Windows-Bits-Client/Operational","Computer":"MSEDGEWIN10","Security_attributes":{"UserID":"S-1-5-18"}},"EventData":{"transferId":"D82BD8CC-CB3F-4C18-B7D5-2B75B8B60193","name":"PreSignInSettingsConfigJSON","Id":"10D675A0-7B54-47C4-A271-211EC0D0F8AA","url":"https://g.live.com/odclientsettings/Prod","peer":"","hr":2147954407,"fileTime":"1601-01-01T00:00:00.000000Z","fileLength":18446744073709551615,"bytesTotal":18446744073709551615,"bytesTransferred":0,"proxy":"","peerProtocolFlags":0,"bytesTransferredFromPeer":0,"AdditionalInfoHr":0,"PeerContextInfo":0,"bandwidthLimit":18446744073709551615,"ignoreBandwidthLimitsOnLan":false}}}
{"Event_attributes":{"xmlns":"http://schemas.microsoft.com/win/2004/08/events/event"},"Event":{"System":{"Provider_attributes":{"Name":"Microsoft-Windows-Bits-Client","Guid":"EF1CC15B-46C1-414E-BB95-E76B077BD51E"},"EventID":61,"Version":1,"Level":3,"Task":0,"Opcode":2,"Keywords":"0x4000000000000000","TimeCreated_attributes":{"SystemTime":"2020-10-11T11:35:18.834979Z"},"EventRecordID":7952,"Correlation_attributes":{"ActivityID":"4CD988DB-CA6B-4775-A89B-C70E9E0169D3"},"Execution_attributes":{"ProcessID":3512,"ThreadID":1988},"Channel":"Microsoft-Windows-Bits-Client/Operational","Computer":"MSEDGEWIN10","Security_attributes":{"UserID":"S-1-5-18"}},"EventData":{"transferId":"4CD988DB-CA6B-4775-A89B-C70E9E0169D3","name":"PreSignInSettingsConfigJSON","Id":"10D675A0-7B54-47C4-A271-211EC0D0F8AA","url":"https://g.live.com/odclientsettings/Prod","peer":"","hr":2147954407,"fileTime":"1601-01-01T00:00:00.000000Z","fileLength":18446744073709551615,"bytesTotal":18446744073709551615,"bytesTransferred":0,"proxy":"","peerProtocolFlags":0,"bytesTransferredFromPeer":0,"AdditionalInfoHr":0,"PeerContextInfo":0,"bandwidthLimit":18446744073709551615,"ignoreBandwidthLimitsOnLan":false}}}
{"Event_attributes":{"xmlns":"http://schemas.microsoft.com/win/2004/08/events/event"},"Event":{"System":{"Provider_attributes":{"Name":"Microsoft-Windows-Bits-Client","Guid":"EF1CC15B-46C1-414E-BB95-E76B077BD51E"},"EventID":61,"Version":1,"Level":3,"Task":0,"Opcode":2,"Keywords":"0x4000000000000000","TimeCreated_attributes":{"SystemTime":"2020-10-11T11:35:28.844062Z"},"EventRecordID":7953,"Correlation_attributes":{"ActivityID":"8530EBA0-6420-4EBA-922D-EE07D5BCFE2E"},"Execution_attributes":{"ProcessID":3512,"ThreadID":764},"Channel":"Microsoft-Windows-Bits-Client/Operational","Computer":"MSEDGEWIN10","Security_attributes":{"UserID":"S-1-5-18"}},"EventData":{"transferId":"8530EBA0-6420-4EBA-922D-EE07D5BCFE2E","name":"PreSignInSettingsConfigJSON","Id":"10D675A0-7B54-47C4-A271-211EC0D0F8AA","url":"https://g.live.com/odclientsettings/Prod","peer":"","hr":2147954407,"fileTime":"1601-01-01T00:00:00.000000Z","fileLength":18446744073709551615,"bytesTotal":18446744073709551615,"bytesTransferred":0,"proxy":"","peerProtocolFlags":0,"bytesTransferredFromPeer":0,"AdditionalInfoHr":0,"PeerContextInfo":0,"bandwidthLimit":18446744073709551615,"ignoreBandwidthLimitsOnLan":false}}}
{"Event_attributes":{"xmlns":"http://schemas.microsoft.com/win/2004/08/events/event"},"Event":{"System":{"Provider_attributes":{"Name":"Microsoft-Windows-Bits-Client","Guid":"EF1CC15B-46C1-414E-BB95-E76B077BD51E"},"EventID":306,"Version":0,"Level":5,"Task":0,"Opcode":0,"Keywords":"0x4000000000000000","TimeCreated_attributes":{"SystemTime":"2020-10-11T11:37:36.879228Z"},"EventRecordID":7954,"Correlation":null,"Execution_attributes":{"ProcessID":420,"ThreadID":1040},"Channel":"Microsoft-Windows-Bits-Client/Operational","Computer":"MSEDGEWIN10","Security_attributes":{"UserID":"S-1-5-18"}},"EventData":null}}
{"Event_attributes":{"xmlns":"http://schemas.microsoft.com/win/2004/08/events/event"},"Event":{"System":{"Provider_attributes":{"Name":"Microsoft-Windows-Bits-Client","Guid":"EF1CC15B-46C1-414E-BB95-E76B077BD51E"},"EventID":3,"Version":2,"Level":4,"Task":0,"Opcode":0,"Keywords":"0x4000000000000000","TimeCreated_attributes":{"SystemTime":"2020-10-11T11:37:39.083074Z"},"EventRecordID":7955,"Correlation":null,"Execution_attributes":{"ProcessID":420,"ThreadID":1032},"Channel":"Microsoft-Windows-Bits-Client/Operational","Computer":"MSEDGEWIN10","Security_attributes":{"UserID":"S-1-5-18"}},"EventData":{"jobTitle":"Font Download","jobId":"648C0935-6D84-4D6C-B8BF-F7F0A68F3603","jobOwner":"NT AUTHORITY\\LOCAL SERVICE","processPath":"C:\\Windows\\System32\\svchost.exe","processId":2152}}}
{"Event_attributes":{"xmlns":"http://schemas.microsoft.com/win/2004/08/events/event"},"Event":{"System":{"Provider_attributes":{"Name":"Microsoft-Windows-Bits-Client","Guid":"EF1CC15B-46C1-414E-BB95-E76B077BD51E"},"EventID":61,"Version":1,"Level":3,"Task":0,"Opcode":2,"Keywords":"0x4000000000000000","TimeCreated_attributes":{"SystemTime":"2020-10-11T11:37:39.083755Z"},"EventRecordID":7956,"Correlation_attributes":{"ActivityID":"A5C2E102-0816-4C7A-AA18-77C88F8A7CD4"},"Execution_attributes":{"ProcessID":420,"ThreadID":4876},"Channel":"Microsoft-Windows-Bits-Client/Operational","Computer":"MSEDGEWIN10","Security_attributes":{"UserID":"S-1-5-18"}},"EventData":{"transferId":"A5C2E102-0816-4C7A-AA18-77C88F8A7CD4","name":"PreSignInSettingsConfigJSON","Id":"10D675A0-7B54-47C4-A271-211EC0D0F8AA","url":"https://g.live.com/odclientsettings/Prod","peer":"","hr":2147954407,"fileTime":"1601-01-01T00:00:00.000000Z","fileLength":18446744073709551615,"bytesTotal":18446744073709551615,"bytesTransferred":0,"proxy":"","peerProtocolFlags":0,"bytesTransferredFromPeer":0,"AdditionalInfoHr":0,"PeerContextInfo":0,"bandwidthLimit":18446744073709551615,"ignoreBandwidthLimitsOnLan":false}}}
{"Event_attributes":{"xmlns":"http://schemas.microsoft.com/win/2004/08/events/event"},"Event":{"System":{"Provider_attributes":{"Name":"Microsoft-Windows-Bits-Client","Guid":"EF1CC15B-46C1-414E-BB95-E76B077BD51E"},"EventID":209,"Version":0,"Level":4,"Task":0,"Opcode":0,"Keywords":"0x4000000000000000","TimeCreated_attributes":{"SystemTime":"2020-10-11T11:37:39.086579Z"},"EventRecordID":7957,"Correlation":null,"Execution_attributes":{"ProcessID":420,"ThreadID":1036},"Channel":"Microsoft-Windows-Bits-Client/Operational","Computer":"MSEDGEWIN10","Security_attributes":{"UserID":"S-1-5-18"}},"EventData":{"jobName":"Font Download","jobId":"648C0935-6D84-4D6C-B8BF-F7F0A68F3603","isRoaming":1}}}
{"Event_attributes":{"xmlns":"http://schemas.microsoft.com/win/2004/08/events/event"},"Event":{"System":{"Provider_attributes":{"Name":"Microsoft-Windows-Bits-Client","Guid":"EF1CC15B-46C1-414E-BB95-E76B077BD51E"},"EventID":61,"Version":1,"Level":3,"Task":0,"Opcode":2,"Keywords":"0x4000000000000000","TimeCreated_attributes":{"SystemTime":"2020-10-11T11:37:39.093267Z"},"EventRecordID":7958,"Correlation_attributes":{"ActivityID":"9A1ADADD-262B-40AF-B020-1679CBEF9EB5"},"Execution_attributes":{"ProcessID":420,"ThreadID":4876},"Channel":"Microsoft-Windows-Bits-Client/Operational","Computer":"MSEDGEWIN10","Security_attributes":{"UserID":"S-1-5-18"}},"EventData":{"transferId":"9A1ADADD-262B-40AF-B020-1679CBEF9EB5","name":"Font Download","Id":"648C0935-6D84-4D6C-B8BF-F7F0A68F3603","url":"https://fs.microsoft.com/fs/windows/config.json","peer":"","hr":2147954407,"fileTime":"1601-01-01T00:00:00.000000Z","fileLength":18446744073709551615,"bytesTotal":18446744073709551615,"bytesTransferred":0,"proxy":"","peerProtocolFlags":0,"bytesTransferredFromPeer":0,"AdditionalInfoHr":0,"PeerContextInfo":0,"bandwidthLimit":18446744073709551615,"ignoreBandwidthLimitsOnLan":false}}}
{"Event_attributes":{"xmlns":"http://schemas.microsoft.com/win/2004/08/events/event"},"Event":{"System":{"Provider_attributes":{"Name":"Microsoft-Windows-Bits-Client","Guid":"EF1CC15B-46C1-414E-BB95-E76B077BD51E"},"EventID":61,"Version":1,"Level":3,"Task":0,"Opcode":2,"Keywords":"0x4000000000000000","TimeCreated_attributes":{"SystemTime":"2020-10-11T11:47:39.127615Z"},"EventRecordID":7959,"Correlation_attributes":{"ActivityID":"42FCFFF0-B89B-48BC-8FC1-5815333D337E"},"Execution_attributes":{"ProcessID":420,"ThreadID":2036},"Channel":"Microsoft-Windows-Bits-Client/Operational","Computer":"MSEDGEWIN10","Security_attributes":{"UserID":"S-1-5-18"}},"EventData":{"transferId":"42FCFFF0-B89B-48BC-8FC1-5815333D337E","name":"Font Download","Id":"648C0935-6D84-4D6C-B8BF-F7F0A68F3603","url":"https://fs.microsoft.com/fs/windows/config.json","peer":"","hr":2147954407,"fileTime":"1601-01-01T00:00:00.000000Z","fileLength":18446744073709551615,"bytesTotal":18446744073709551615,"bytesTransferred":0,"proxy":"","peerProtocolFlags":0,"bytesTransferredFromPeer":0,"AdditionalInfoHr":0,"PeerContextInfo":0,"bandwidthLimit":18446744073709551615,"ignoreBandwidthLimitsOnLan":false}}}
{"Event_attributes":{"xmlns":"http://schemas.microsoft.com/win/2004/08/events/event"},"Event":{"System":{"Provider_attributes":{"Name":"Microsoft-Windows-Bits-Client","Guid":"EF1CC15B-46C1-414E-BB95-E76B077BD51E"},"EventID":61,"Version":1,"Level":3,"Task":0,"Opcode":2,"Keywords":"0x4000000000000000","TimeCreated_attributes":{"SystemTime":"2020-10-11T11:57:39.127377Z"},"EventRecordID":7960,"Correlation_attributes":{"ActivityID":"A62C1D24-98A0-4EB3-AC8C-A597BFAC7DCD"},"Execution_attributes":{"ProcessID":420,"ThreadID":7792},"Channel":"Microsoft-Windows-Bits-Client/Operational","Computer":"MSEDGEWIN10","Security_attributes":{"UserID":"S-1-5-18"}},"EventData":{"transferId":"A62C1D24-98A0-4EB3-AC8C-A597BFAC7DCD","name":"Font Download","Id":"648C0935-6D84-4D6C-B8BF-F7F0A68F3603","url":"https://fs.microsoft.com/fs/windows/config.json","peer":"","hr":2147954407,"fileTime":"1601-01-01T00:00:00.000000Z","fileLength":18446744073709551615,"bytesTotal":18446744073709551615,"bytesTransferred":0,"proxy":"","peerProtocolFlags":0,"bytesTransferredFromPeer":0,"AdditionalInfoHr":0,"PeerContextInfo":0,"bandwidthLimit":18446744073709551615,"ignoreBandwidthLimitsOnLan":false}}}
{"Event_attributes":{"xmlns":"http://schemas.microsoft.com/win/2004/08/events/event"},"Event":{"System":{"Provider_attributes":{"Name":"Microsoft-Windows-Bits-Client","Guid":"EF1CC15B-46C1-414E-BB95-E76B077BD51E"},"EventID":61,"Version":1,"Level":3,"Task":0,"Opcode":2,"Keywords":"0x4000000000000000","TimeCreated_attributes":{"SystemTime":"2020-10-11T12:07:39.130371Z"},"EventRecordID":7961,"Correlation_attributes":{"ActivityID":"1DF5D636-14FF-49A7-8A11-A5C367CD1ED2"},"Execution_attributes":{"ProcessID":420,"ThreadID":7792},"Channel":"Microsoft-Windows-Bits-Client/Operational","Computer":"MSEDGEWIN10","Security_attributes":{"UserID":"S-1-5-18"}},"EventData":{"transferId":"1DF5D636-14FF-49A7-8A11-A5C367CD1ED2","name":"Font Download","Id":"648C0935-6D84-4D6C-B8BF-F7F0A68F3603","url":"https://fs.microsoft.com/fs/windows/config.json","peer":"","hr":2147954407,"fileTime":"1601-01-01T00:00:00.000000Z","fileLength":18446744073709551615,"bytesTotal":18446744073709551615,"bytesTransferred":0,"proxy":"","peerProtocolFlags":0,"bytesTransferredFromPeer":0,"AdditionalInfoHr":0,"PeerContextInfo":0,"bandwidthLimit":18446744073709551615,"ignoreBandwidthLimitsOnLan":false}}}
{"Event_attributes":{"xmlns":"http://schemas.microsoft.com/win/2004/08/events/event"},"Event":{"System":{"Provider_attributes":{"Name":"Microsoft-Windows-Bits-Client","Guid":"EF1CC15B-46C1-414E-BB95-E76B077BD51E"},"EventID":61,"Version":1,"Level":3,"Task":0,"Opcode":2,"Keywords":"0x4000000000000000","TimeCreated_attributes":{"SystemTime":"2020-10-11T12:17:39.149910Z"},"EventRecordID":7962,"Correlation_attributes":{"ActivityID":"823752E6-A407-4759-9472-04E083C17651"},"Execution_attributes":{"ProcessID":420,"ThreadID":6468},"Channel":"Microsoft-Windows-Bits-Client/Operational","Computer":"MSEDGEWIN10","Security_attributes":{"UserID":"S-1-5-18"}},"EventData":{"transferId":"823752E6-A407-4759-9472-04E083C17651","name":"Font Download","Id":"648C0935-6D84-4D6C-B8BF-F7F0A68F3603","url":"https://fs.microsoft.com/fs/windows/config.json","peer":"","hr":2147954407,"fileTime":"1601-01-01T00:00:00.000000Z","fileLength":18446744073709551615,"bytesTotal":18446744073709551615,"bytesTransferred":0,"proxy":"","peerProtocolFlags":0,"bytesTransferredFromPeer":0,"AdditionalInfoHr":0,"PeerContextInfo":0,"bandwidthLimit":18446744073709551615,"ignoreBandwidthLimitsOnLan":false}}}
{"Event_attributes":{"xmlns":"http://schemas.microsoft.com/win/2004/08/events/event"},"Event":{"System":{"Provider_attributes":{"Name":"Microsoft-Windows-Bits-Client","Guid":"EF1CC15B-46C1-414E-BB95-E76B077BD51E"},"EventID":306,"Version":0,"Level":5,"Task":0,"Opcode":0,"Keywords":"0x4000000000000000","TimeCreated_attributes":{"SystemTime":"2020-10-11T12:24:13.960016Z"},"EventRecordID":7963,"Correlation":null,"Execution_attributes":{"ProcessID":7564,"ThreadID":7712},"Channel":"Microsoft-Windows-Bits-Client/Operational","Computer":"MSEDGEWIN10","Security_attributes":{"UserID":"S-1-5-18"}},"EventData":null}}
{"Event_attributes":{"xmlns":"http://schemas.microsoft.com/win/2004/08/events/event"},"Event":{"System":{"Provider_attributes":{"Name":"Microsoft-Windows-Bits-Client","Guid":"EF1CC15B-46C1-414E-BB95-E76B077BD51E"},"EventID":3,"Version":2,"Level":4,"Task":0,"Opcode":0,"Keywords":"0x4000000000000000","TimeCreated_attributes":{"SystemTime":"2020-10-11T12:24:16.626236Z"},"EventRecordID":7964,"Correlation":null,"Execution_attributes":{"ProcessID":7564,"ThreadID":7756},"Channel":"Microsoft-Windows-Bits-Client/Operational","Computer":"MSEDGEWIN10","Security_attributes":{"UserID":"S-1-5-18"}},"EventData":{"jobTitle":"Font Download","jobId":"A116ADB4-6B1B-498C-B4F9-69DFD0310BC9","jobOwner":"NT AUTHORITY\\LOCAL SERVICE","processPath":"C:\\Windows\\System32\\svchost.exe","processId":2176}}}
{"Event_attributes":{"xmlns":"http://schemas.microsoft.com/win/2004/08/events/event"},"Event":{"System":{"Provider_attributes":{"Name":"Microsoft-Windows-Bits-Client","Guid":"EF1CC15B-46C1-414E-BB95-E76B077BD51E"},"EventID":209,"Version":0,"Level":4,"Task":0,"Opcode":0,"Keywords":"0x4000000000000000","TimeCreated_attributes":{"SystemTime":"2020-10-11T12:24:16.629612Z"},"EventRecordID":7965,"Correlation":null,"Execution_attributes":{"ProcessID":7564,"ThreadID":7752},"Channel":"Microsoft-Windows-Bits-Client/Operational","Computer":"MSEDGEWIN10","Security_attributes":{"UserID":"S-1-5-18"}},"EventData":{"jobName":"Font Download","jobId":"A116ADB4-6B1B-498C-B4F9-69DFD0310BC9","isRoaming":1}}}
