{"Event_attributes":{"xmlns":"http://schemas.microsoft.com/win/2004/08/events/event"},"Event":{"System":{"Provider_attributes":{"Name":"Microsoft-Windows-Bits-Client","Guid":"EF1CC15B-46C1-414E-BB95-E76B077BD51E"},"EventID":61,"Version":1,"Level":3,"Task":0,"Opcode":2,"Keywords":"0x4000000000000000","TimeCreated_attributes":{"SystemTime":"2020-10-19T16:00:33.350078Z"},"EventRecordID":8298,"Correlation_attributes":{"ActivityID":"7D813016-2DB5-4503-8B36-F3B619DE67F5"},"Execution_attributes":{"ProcessID":7476,"ThreadID":3956},"Channel":"Microsoft-Windows-Bits-Client/Operational","Computer":"MSEDGEWIN10","Security_attributes":{"UserID":"S-1-5-18"}},"EventData":{"transferId":"7D813016-2DB5-4503-8B36-F3B619DE67F5","name":"PreSignInSettingsConfigJSON","Id":"F80A4A74-2251-40CD-A6AF-ABF3AB775C0A","url":"https://g.live.com/odclientsettings/Prod","peer":"","hr":2147954407,"fileTime":"1601-01-01T00:00:00.000000Z","fileLength":18446744073709551615,"bytesTotal":18446744073709551615,"bytesTransferred":0,"proxy":"","peerProtocolFlags":0,"bytesTransferredFromPeer":0,"AdditionalInfoHr":0,"PeerContextInfo":0,"bandwidthLimit":18446744073709551615,"ignoreBandwidthLimitsOnLan":false}}}
{"Event_attributes":{"xmlns":"http://schemas.microsoft.com/win/2004/08/events/event"},"Event":{"System":{"Provider_attributes":{"Name":"Microsoft-Windows-Bits-Client","Guid":"EF1CC15B-46C1-414E-BB95-E76B077BD51E"},"EventID":3,"Version":2,"Level":4,"Task":0,"Opcode":0,"Keywords":"0x4000000000000000","TimeCreated_attributes":{"SystemTime":"2020-10-19T16:00:39.027835Z"},"EventRecordID":8299,"Correlation":null,"Execution_attributes":{"ProcessID":7476,"ThreadID":1412},"Channel":"Microsoft-Windows-Bits-Client/Operational","Computer":"MSEDGEWIN10","Security_attributes":{"UserID":"S-1-5-18"}},"EventData":{"jobTitle":"MicrosoftMapsBingGeoStore","jobId":"7DE573FB-DB8A-4584-8122-7306A00266C8","jobOwner":"NT AUTHORITY\\NETWORK SERVICE","processPath":"C:\\Windows\\System32\\svchost.exe","processId":6788}}}
{"Event_attributes":{"xmlns":"http://schemas.microsoft.com/win/2004/08/events/event"},"Event":{"System":{"Provider_attributes":{"Name":"Microsoft-Windows-Bits-Client","Guid":"EF1CC15B-46C1-414E-BB95-E76B077BD51E"},"EventID":209,"Version":0,"Level":4,"Task":0,"Opcode":0,"Keywords":"0x4000000000000000","TimeCreated_attributes":{"SystemTime":"2020-10-19T16:00:39.029381Z"},"EventRecordID":8300,"Correlation":null,"Execution_attributes":{"ProcessID":7476,"ThreadID":6084},"Channel":"Microsoft-Windows-Bits-Client/Operational","Computer":"MSEDGEWIN10","Security_attributes":{"UserID":"S-1-5-18"}},"EventData":{"jobName":"MicrosoftMapsBingGeoStore","jobId":"7DE573FB-DB8A-4584-8122-7306A00266C8","isRoaming":1}}}
{"Event_attributes":{"xmlns":"http://schemas.microsoft.com/win/2004/08/events/event"},"Event":{"System":{"Provider_attributes":{"Name":"Microsoft-Windows-Bits-Client","Guid":"EF1CC15B-46C1-414E-BB95-E76B077BD51E"},"EventID":61,"Version":1,"Level":3,"Task":0,"Opcode":2,"Keywords":"0x4000000000000000","TimeCreated_attributes":{"SystemTime":"2020-10-19T16:00:43.429492Z"},"EventRecordID":8301,"Correlation_attributes":{"ActivityID":"CDDFD659-4EF4-4CFF-8E54-B5C9C07B2023"},"Execution_attributes":{"ProcessID":7476,"ThreadID":6084},"Channel":"Microsoft-Windows-Bits-Client/Operational","Computer":"MSEDGEWIN10","Security_attributes":{"UserID":"S-1-5-18"}},"EventData":{"transferId":"CDDFD659-4EF4-4CFF-8E54-B5C9C07B2023","name":"PreSignInSettingsConfigJSON","Id":"F80A4A74-2251-40CD-A6AF-ABF3AB775C0A","url":"https://g.live.com/odclientsettings/Prod","peer":"","hr":2147954407,"fileTime":"1601-01-01T00:00:00.000000Z","fileLength":18446744073709551615,"bytesTotal":18446744073709551615,"bytesTransferred":0,"proxy":"","peerProtocolFlags":0,"bytesTransferredFromPeer":0,"AdditionalInfoHr":0,"PeerContextInfo":0,"bandwidthLimit":18446744073709551615,"ignoreBandwidthLimitsOnLan":false}}}
{"Event_attributes":{"xmlns":"http://schemas.microsoft.com/win/2004/08/events/event"},"Event":{"System":{"Provider_attributes":{"Name":"Microsoft-Windows-Bits-Client","Guid":"EF1CC15B-46C1-414E-BB95-E76B077BD51E"},"EventID":61,"Version":1,"Level":3,"Task":0,"Opcode":2,"Keywords":"0x4000000000000000","TimeCreated_attributes":{"SystemTime":"2020-10-19T16:00:53.429784Z"},"EventRecordID":8302,"Correlation_attributes":{"ActivityID":"B89024EA-D135-4B7A-9657-40A8B55D8CDD"},"Execution_attributes":{"ProcessID":7476,"ThreadID":6084},"Channel":"Microsoft-Windows-Bits-Client/Operational","Computer":"MSEDGEWIN10","Security_attributes":{"UserID":"S-1-5-18"}},"EventData":{"transferId":"B89024EA-D135-4B7A-9657-40A8B55D8CDD","name":"PreSignInSettingsConfigJSON","Id":"F80A4A74-2251-40CD-A6AF-ABF3AB775C0A","url":"https://g.live.com/odclientsettings/Prod","peer":"","hr":2147954407,"fileTime":"1601-01-01T00:00:00.000000Z","fileLength":18446744073709551615,"bytesTotal":18446744073709551615,"bytesTransferred":0,"proxy":"","peerProtocolFlags":0,"bytesTransferredFromPeer":0,"AdditionalInfoHr":0,"PeerContextInfo":0,"bandwidthLimit":18446744073709551615,"ignoreBandwidthLimitsOnLan":false}}}
{"Event_attributes":{"xmlns":"http://schemas.microsoft.com/win/2004/08/events/event"},"Event":{"System":{"Provider_attributes":{"Name":"Microsoft-Windows-Bits-Client","Guid":"EF1CC15B-46C1-414E-BB95-E76B077BD51E"},"EventID":61,"Version":1,"Level":3,"Task":0,"Opcode":2,"Keywords":"0x4000000000000000","TimeCreated_attributes":{"SystemTime":"2020-10-19T16:01:03.468693Z"},"EventRecordID":8303,"Correlation_attributes":{"ActivityID":"B008BCAD-3D29-44E5-8438-FAD8DA4E3B90"},"Execution_attributes":{"ProcessID":7476,"ThreadID":6084},"Channel":"Microsoft-Windows-Bits-Client/Operational","Computer":"MSEDGEWIN10","Security_attributes":{"UserID":"S-1-5-18"}},"EventData":{"transferId":"B008BCAD-3D29-44E5-8438-FAD8DA4E3B90","name":"PreSignInSettingsConfigJSON","Id":"F80A4A74-2251-40CD-A6AF-ABF3AB775C0A","url":"https://g.live.com/odclientsettings/Prod","peer":"","hr":2147954407,"fileTime":"1601-01-01T00:00:00.000000Z","fileLength":18446744073709551615,"bytesTotal":18446744073709551615,"bytesTransferred":0,"proxy":"","peerProtocolFlags":0,"bytesTransferredFromPeer":0,"AdditionalInfoHr":0,"PeerContextInfo":0,"bandwidthLimit":18446744073709551615,"ignoreBandwidthLimitsOnLan":false}}}
{"Event_attributes":{"xmlns":"http://schemas.microsoft.com/win/2004/08/events/event"},"Event":{"System":{"Provider_attributes":{"Name":"Microsoft-Windows-Bits-Client","Guid":"EF1CC15B-46C1-414E-BB95-E76B077BD51E"},"EventID":61,"Version":1,"Level":3,"Task":0,"Opcode":2,"Keywords":"0x4000000000000000","TimeCreated_attributes":{"SystemTime":"2020-10-19T16:01:18.384071Z"},"EventRecordID":8304,"Correlation_attributes":{"ActivityID":"22607D47-2B76-4ED9-AFB5-0607649E4A3E"},"Execution_attributes":{"ProcessID":7476,"ThreadID":1412},"Channel":"Microsoft-Windows-Bits-Client/Operational","Computer":"MSEDGEWIN10","Security_attributes":{"UserID":"S-1-5-18"}},"EventData":{"transferId":"22607D47-2B76-4ED9-AFB5-0607649E4A3E","name":"PreSignInSettingsConfigJSON","Id":"F80A4A74-2251-40CD-A6AF-ABF3AB775C0A","url":"https://g.live.com/odclientsettings/Prod","peer":"","hr":2147954407,"fileTime":"1601-01-01T00:00:00.000000Z","fileLength":18446744073709551615,"bytesTotal":18446744073709551615,"bytesTransferred":0,"proxy":"","peerProtocolFlags":0,"bytesTransferredFromPeer":0,"AdditionalInfoHr":0,"PeerContextInfo":0,"bandwidthLimit":18446744073709551615,"ignoreBandwidthLimitsOnLan":false}}}
{"Event_attributes":{"xmlns":"http://schemas.microsoft.com/win/2004/08/events/event"},"Event":{"System":{"Provider_attributes":{"Name":"Microsoft-Windows-Bits-Client","Guid":"EF1CC15B-46C1-414E-BB95-E76B077BD51E"},"EventID":61,"Version":1,"Level":3,"Task":0,"Opcode":2,"Keywords":"0x4000000000000000","TimeCreated_attributes":{"SystemTime":"2020-10-19T16:01:28.395082Z"},"EventRecordID":8305,"Correlation_attributes":{"ActivityID":"FD907669-EF61-45DE-86AD-95FDFFA51C4D"},"Execution_attributes":{"ProcessID":7476,"ThreadID":3956},"Channel":"Microsoft-Windows-Bits-Client/Operational","Computer":"MSEDGEWIN10","Security_attributes":{"UserID":"S-1-5-18"}},"EventData":{"transferId":"FD907669-EF61-45DE-86AD-95FDFFA51C4D","name":"PreSignInSettingsConfigJSON","Id":"F80A4A74-2251-40CD-A6AF-ABF3AB775C0A","url":"https://g.live.com/odclientsettings/Prod","peer":"","hr":2147954407,"fileTime":"1601-01-01T00:00:00.000000Z","fileLength":18446744073709551615,"bytesTotal":18446744073709551615,"bytesTransferred":0,"proxy":"","peerProtocolFlags":0,"bytesTransferredFromPeer":0,"AdditionalInfoHr":0,"PeerContextInfo":0,"bandwidthLimit":18446744073709551615,"ignoreBandwidthLimitsOnLan":false}}}
{"Event_attributes":{"xmlns":"http://schemas.microsoft.com/win/2004/08/events/event"},"Event":{"System":{"Provider_attributes":{"Name":"Microsoft-Windows-Bits-Client","Guid":"EF1CC15B-46C1-414E-BB95-E76B077BD51E"},"EventID":61,"Version":1,"Level":3,"Task":0,"Opcode":2,"Keywords":"0x4000000000000000","TimeCreated_attributes":{"SystemTime":"2020-10-19T16:01:38.425720Z"},"EventRecordID":8306,"Correlation_attributes":{"ActivityID":"A74B1239-D55C-4F15-8BE4-AABDC70585F4"},"Execution_attributes":{"ProcessID":7476,"ThreadID":6084},"Channel":"Microsoft-Windows-Bits-Client/Operational","Computer":"MSEDGEWIN10","Security_attributes":{"UserID":"S-1-5-18"}},"EventData":{"transferId":"A74B1239-D55C-4F15-8BE4-AABDC70585F4","name":"PreSignInSettingsConfigJSON","Id":"F80A4A74-2251-40CD-A6AF-ABF3AB775C0A","url":"https://g.live.com/odclientsettings/Prod","peer":"","hr":2147954407,"fileTime":"1601-01-01T00:00:00.000000Z","fileLength":18446744073709551615,"bytesTotal":18446744073709551615,"bytesTransferred":0,"proxy":"","peerProtocolFlags":0,"bytesTransferredFromPeer":0,"AdditionalInfoHr":0,"PeerContextInfo":0,"bandwidthLimit":18446744073709551615,"ignoreBandwidthLimitsOnLan":false}}}
{"Event_attributes":{"xmlns":"http://schemas.microsoft.com/win/2004/08/events/event"},"Event":{"System":{"Provider_attributes":{"Name":"Microsoft-Windows-Bits-Client","Guid":"EF1CC15B-46C1-414E-BB95-E76B077BD51E"},"EventID":61,"Version":1,"Level":3,"Task":0,"Opcode":2,"Keywords":"0x4000000000000000","TimeCreated_attributes":{"SystemTime":"2020-10-19T16:01:48.430866Z"},"EventRecordID":8307,"Correlation_attributes":{"ActivityID":"50F95561-4715-47AE-AAE9-BD49440DEE80"},"Execution_attributes":{"ProcessID":7476,"ThreadID":6084},"Channel":"Microsoft-Windows-Bits-Client/Operational","Computer":"MSEDGEWIN10","Security_attributes":{"UserID":"S-1-5-18"}},"EventData":{"transferId":"50F95561-4715-47AE-AAE9-BD49440DEE80","name":"PreSignInSettingsConfigJSON","Id":"F80A4A74-2251-40CD-A6AF-ABF3AB775C0A","url":"https://g.live.com/odclientsettings/Prod","peer":"","hr":2147954407,"fileTime":"1601-01-01T00:00:00.000000Z","fileLength":18446744073709551615,"bytesTotal":18446744073709551615,"bytesTransferred":0,"proxy":"","peerProtocolFlags":0,"bytesTransferredFromPeer":0,"AdditionalInfoHr":0,"PeerContextInfo":0,"bandwidthLimit":18446744073709551615,"ignoreBandwidthLimitsOnLan":false}}}
{"Event_attributes":{"xmlns":"http://schemas.microsoft.com/win/2004/08/events/event"},"Event":{"System":{"Provider_attributes":{"Name":"Microsoft-Windows-Bits-Client","Guid":"EF1CC15B-46C1-414E-BB95-E76B077BD51E"},"EventID":61,"Version":1,"Level":3,"Task":0,"Opcode":2,"Keywords":"0x4000000000000000","TimeCreated_attributes":{"SystemTime":"2020-10-19T16:02:03.422445Z"},"EventRecordID":8308,"Correlation_attributes":{"ActivityID":"5E1724D6-37B4-43DF-BB03-13E3DCFAE15C"},"Execution_attributes":{"ProcessID":7476,"ThreadID":6084},"Channel":"Microsoft-Windows-Bits-Client/Operational","Computer":"MSEDGEWIN10","Security_attributes":{"UserID":"S-1-5-18"}},"EventData":{"transferId":"5E1724D6-37B4-43DF-BB03-13E3DCFAE15C","name":"PreSignInSettingsConfigJSON","Id":"F80A4A74-2251-40CD-A6AF-ABF3AB775C0A","url":"https://g.live.com/odclientsettings/Prod","peer":"","hr":2147954407,"fileTime":"1601-01-01T00:00:00.000000Z","fileLength":18446744073709551615,"bytesTotal":18446744073709551615,"bytesTransferred":0,"proxy":"","peerProtocolFlags":0,"bytesTransferredFromPeer":0,"AdditionalInfoHr":0,"PeerContextInfo":0,"bandwidthLimit":18446744073709551615,"ignoreBandwidthLimitsOnLan":false}}}
{"Event_attributes":{"xmlns":"http://schemas.microsoft.com/win/2004/08/events/event"},"Event":{"System":{"Provider_attributes":{"Name":"Microsoft-Windows-Bits-Client","Guid":"EF1CC15B-46C1-414E-BB95-E76B077BD51E"},"EventID":61,"Version":1,"Level":3,"Task":0,"Opcode":2,"Keywords":"0x4000000000000000","TimeCreated_attributes":{"SystemTime":"2020-10-19T16:02:13.436091Z"},"EventRecordID":8309,"Correlation_attributes":{"ActivityID":"097B622A-77BA-4029-AC67-DB5098BF38F1"},"Execution_attributes":{"ProcessID":7476,"ThreadID":424},"Channel":"Microsoft-Windows-Bits-Client/Operational","Computer":"MSEDGEWIN10","Security_attributes":{"UserID":"S-1-5-18"}},"EventData":{"transferId":"097B622A-77BA-4029-AC67-DB5098BF38F1","name":"PreSignInSettingsConfigJSON","Id":"F80A4A74-2251-40CD-A6AF-ABF3AB775C0A","url":"https://g.live.com/odclientsettings/Prod","peer":"","hr":2147954407,"fileTime":"1601-01-01T00:00:00.000000Z","fileLength":18446744073709551615,"bytesTotal":18446744073709551615,"bytesTransferred":0,"proxy":"","peerProtocolFlags":0,"bytesTransferredFromPeer":0,"AdditionalInfoHr":0,"PeerContextInfo":0,"bandwidthLimit":18446744073709551615,"ignoreBandwidthLimitsOnLan":false}}}
{"Event_attributes":{"xmlns":"http://schemas.microsoft.com/win/2004/08/events/event"},"Event":{"System":{"Provider_attributes":{"Name":"Microsoft-Windows-Bits-Client","Guid":"EF1CC15B-46C1-414E-BB95-E76B077BD51E"},"EventID":61,"Version":1,"Level":3,"Task":0,"Opcode":2,"Keywords":"0x4000000000000000","TimeCreated_attributes":{"SystemTime":"2020-10-19T16:02:23.446610Z"},"EventRecordID":8310,"Correlation_attributes":{"ActivityID":"EBFF09A5-F23A-40DF-AD5A-5244759B89DF"},"Execution_attributes":{"ProcessID":7476,"ThreadID":3956},"Channel":"Microsoft-Windows-Bits-Client/Operational","Computer":"MSEDGEWIN10","Security_attributes":{"UserID":"S-1-5-18"}},"EventData":{"transferId":"EBFF09A5-F23A-40DF-AD5A-5244759B89DF","name":"PreSignInSettingsConfigJSON","Id":"F80A4A74-2251-40CD-A6AF-ABF3AB775C0A","url":"https://g.live.com/odclientsettings/Prod","peer":"","hr":2147954407,"fileTime":"1601-01-01T00:00:00.000000Z","fileLength":18446744073709551615,"bytesTotal":18446744073709551615,"bytesTransferred":0,"proxy":"","peerProtocolFlags":0,"bytesTransferredFromPeer":0,"AdditionalInfoHr":0,"PeerContextInfo":0,"bandwidthLimit":18446744073709551615,"ignoreBandwidthLimitsOnLan":false}}}
{"Event_attributes":{"xmlns":"http://schemas.microsoft.com/win/2004/08/events/event"},"Event":{"System":{"Provider_attributes":{"Name":"Microsoft-Windows-Bits-Client","Guid":"EF1CC15B-46C1-414E-BB95-E76B077BD51E"},"EventID":61,"Version":1,"Level":3,"Task":0,"Opcode":2,"Keywords":"0x4000000000000000","TimeCreated_attributes":{"SystemTime":"2020-10-19T16:02:33.477714Z"},"EventRecordID":8311,"Correlation_attributes":{"ActivityID":"F9285BD5-6DD1-45D4-8E1E-480E638BB6E8"},"Execution_attributes":{"ProcessID":7476,"ThreadID":424},"Channel":"Microsoft-Windows-Bits-Client/Operational","Computer":"MSEDGEWIN10","Security_attributes":{"UserID":"S-1-5-18"}},"EventData":{"transferId":"F9285BD5-6DD1-45D4-8E1E-480E638BB6E8","name":"PreSignInSettingsConfigJSON","Id":"F80A4A74-2251-40CD-A6AF-ABF3AB775C0A","url":"https://g.live.com/odclientsettings/Prod","peer":"","hr":2147954407,"fileTime":"1601-01-01T00:00:00.000000Z","fileLength":18446744073709551615,"bytesTotal":18446744073709551615,"bytesTransferred":0,"proxy":"","peerProtocolFlags":0,"bytesTransferredFromPeer":0,"AdditionalInfoHr":0,"PeerContextInfo":0,"bandwidthLimit":18446744073709551615,"ignoreBandwidthLimitsOnLan":false}}}
{"Event_attributes":{"xmlns":"http://schemas.microsoft.com/win/2004/08/events/event"},"Event":{"System":{"Provider_attributes":{"Name":"Microsoft-Windows-Bits-Client","Guid":"EF1CC15B-46C1-414E-BB95-E76B077BD51E"},"EventID":61,"Version":1,"Level":3,"Task":0,"Opcode":2,"Keywords":"0x4000000000000000","TimeCreated_attributes":{"SystemTime":"2020-10-19T16:02:48.441467Z"},"EventRecordID":8312,"Correlation_attributes":{"ActivityID":"EAA9D337-4105-49C1-98C2-2373058BEEBB"},"Execution_attributes":{"ProcessID":7476,"ThreadID":424},"Channel":"Microsoft-Windows-Bits-Client/Operational","Computer":"MSEDGEWIN10","Security_attributes":{"UserID":"S-1-5-18"}},"EventData":{"transferId":"EAA9D337-4105-49C1-98C2-2373058BEEBB","name":"PreSignInSettingsConfigJSON","Id":"F80A4A74-2251-40CD-A6AF-ABF3AB775C0A","url":"https://g.live.com/odclientsettings/Prod","peer":"","hr":2147954407,"fileTime":"1601-01-01T00:00:00.000000Z","fileLength":18446744073709551615,"bytesTotal":18446744073709551615,"bytesTransferred":0,"proxy":"","peerProtocolFlags":0,"bytesTransferredFromPeer":0,"AdditionalInfoHr":0,"PeerContextInfo":0,"bandwidthLimit":18446744073709551615,"ignoreBandwidthLimitsOnLan":false}}}
{"Event_attributes":{"xmlns":"http://schemas.microsoft.com/win/2004/08/events/event"},"Event":{"System":{"Provider_attributes":{"Name":"Microsoft-Windows-Bits-Client","Guid":"EF1CC15B-46C1-414E-BB95-E76B077BD51E"},"EventID":61,"Version":1,"Level":3,"Task":0,"Opcode":2,"Keywords":"0x4000000000000000","TimeCreated_attributes":{"SystemTime":"2020-10-19T16:02:58.457122Z"},"EventRecordID":8313,"Correlation_attributes":{"ActivityID":"86D953EC-D036-4633-969D-9D30F7C66BEF"},"Execution_attributes":{"ProcessID":7476,"ThreadID":3956},"Channel":"Microsoft-Windows-Bits-Client/Operational","Computer":"MSEDGEWIN10","Security_attributes":{"UserID":"S-1-5-18"}},"EventData":{"transferId":"86D953EC-D036-4633-969D-9D30F7C66BEF","name":"PreSignInSettingsConfigJSON","Id":"F80A4A74-2251-40CD-A6AF-ABF3AB775C0A","url":"https://g.live.com/odclientsettings/Prod","peer":"","hr":2147954407,"fileTime":"1601-01-01T00:00:00.000000Z","fileLength":18446744073709551615,"bytesTotal":18446744073709551615,"bytesTransferred":0,"proxy":"","peerProtocolFlags":0,"bytesTransferredFromPeer":0,"AdditionalInfoHr":0,"PeerContextInfo":0,"bandwidthLimit":18446744073709551615,"ignoreBandwidthLimitsOnLan":false}}}
{"Event_attributes":{"xmlns":"http://schemas.microsoft.com/win/2004/08/events/event"},"Event":{"System":{"Provider_attributes":{"Name":"Microsoft-Windows-Bits-Client","Guid":"EF1CC15B-46C1-414E-BB95-E76B077BD51E"},"EventID":61,"Version":1,"Level":3,"Task":0,"Opcode":2,"Keywords":"0x4000000000000000","TimeCreated_attributes":{"SystemTime":"2020-10-19T16:03:08.460754Z"},"EventRecordID":8314,"Correlation_attributes":{"ActivityID":"990CDE4F-D155-4059-B17F-3FE17A645FAE"},"Execution_attributes":{"ProcessID":7476,"ThreadID":424},"Channel":"Microsoft-Windows-Bits-Client/Operational","Computer":"MSEDGEWIN10","Security_attributes":{"UserID":"S-1-5-18"}},"EventData":{"transferId":"990CDE4F-D155-4059-B17F-3FE17A645FAE","name":"PreSignInSettingsConfigJSON","Id":"F80A4A74-2251-40CD-A6AF-ABF3AB775C0A","url":"https://g.live.com/odclientsettings/Prod","peer":"","hr":2147954407,"fileTime":"1601-01-01T00:00:00.000000Z","fileLength":18446744073709551615,"bytesTotal":18446744073709551615,"bytesTransferred":0,"proxy":"","peerProtocolFlags":0,"bytesTransferredFromPeer":0,"AdditionalInfoHr":0,"PeerContextInfo":0,"bandwidthLimit":18446744073709551615,"ignoreBandwidthLimitsOnLan":false}}}
{"Event_attributes":{"xmlns":"http://schemas.microsoft.com/win/2004/08/events/event"},"Event":{"System":{"Provider_attributes":{"Name":"Microsoft-Windows-Bits-Client","Guid":"EF1CC15B-46C1-414E-BB95-E76B077BD51E"},"EventID":61,"Version":1,"Level":3,"Task":0,"Opcode":2,"Keywords":"0x4000000000000000","TimeCreated_attributes":{"SystemTime":"2020-10-19T16:03:18.479476Z"},"EventRecordID":8315,"Correlation_attributes":{"ActivityID":"44CA2D4E-E08C-4DCB-8574-921BC97B5248"},"Execution_attributes":{"ProcessID":7476,"ThreadID":6084},"Channel":"Microsoft-Windows-Bits-Client/Operational","Computer":"MSEDGEWIN10","Security_attributes":{"UserID":"S-1-5-18"}},"EventData":{"transferId":"44CA2D4E-E08C-4DCB-8574-921BC97B5248","name":"PreSignInSettingsConfigJSON","Id":"F80A4A74-2251-40CD-A6AF-ABF3AB775C0A","url":"https://g.live.com/odclientsettings/Prod","peer":"","hr":2147954407,"fileTime":"1601-01-01T00:00:00.000000Z","fileLength":18446744073709551615,"bytesTotal":18446744073709551615,"bytesTransferred":0,"proxy":"","peerProtocolFlags":0,"bytesTransferredFromPeer":0,"AdditionalInfoHr":0,"PeerContextInfo":0,"bandwidthLimit":18446744073709551615,"ignoreBandwidthLimitsOnLan":false}}}
{"Event_attributes":{"xmlns":"http://schemas.microsoft.com/win/2004/08/events/event"},"Event":{"System":{"Provider_attributes":{"Name":"Microsoft-Windows-Bits-Client","Guid":"EF1CC15B-46C1-414E-BB95-E76B077BD51E"},"EventID":5,"Version":0,"Level":4,"Task":0,"Opcode":0,"Keywords":"0x4000000000000000","TimeCreated_attributes":{"SystemTime":"2020-10-19T16:03:33.477957Z"},"EventRecordID":8316,"Correlation":null,"Execution_attributes":{"ProcessID":7476,"ThreadID":6084},"Channel":"Microsoft-Windows-Bits-Client/Operational","Computer":"MSEDGEWIN10","Security_attributes":{"UserID":"S-1-5-21-3461203602-4096304019-2269080069-1000"}},"EventData":{"User":"MSEDGEWIN10\\IEUser","jobTitle":"PreSignInSettingsConfigJSON","jobId":"F80A4A74-2251-40CD-A6AF-ABF3AB775C0A","jobOwner":"MSEDGEWIN10\\IEUser","fileCount":1}}}
{"Event_attributes":{"xmlns":"http://schemas.microsoft.com/win/2004/08/events/event"},"Event":{"System":{"Provider_attributes":{"Name":"Microsoft-Windows-Bits-Client","Guid":"EF1CC15B-46C1-414E-BB95-E76B077BD51E"},"EventID":3,"Version":2,"Level":4,"Task":0,"Opcode":0,"Keywords":"0x4000000000000000","TimeCreated_attributes":{"SystemTime":"2020-10-19T16:04:23.653225Z"},"EventRecordID":8317,"Correlation":null,"Execution_attributes":{"ProcessID":7476,"ThreadID":6084},"Channel":"Microsoft-Windows-Bits-Client/Operational","Computer":"MSEDGEWIN10","Security_attributes":{"UserID":"S-1-5-18"}},"EventData":{"jobTitle":"UpdateDescriptionXml","jobId":"5A5F3D43-FE6E-4A7E-9A0E-97346A8C4466","jobOwner":"MSEDGEWIN10\\IEUser","processPath":"C:\\Users\\IEUser\\AppData\\Local\\Microsoft\\OneDrive\\OneDriveStandaloneUpdater.exe","processId":5720}}}
{"Event_attributes":{"xmlns":"http://schemas.microsoft.com/win/2004/08/events/event"},"Event":{"System":{"Provider_attributes":{"Name":"Microsoft-Windows-Bits-Client","Guid":"EF1CC15B-46C1-414E-BB95-E76B077BD51E"},"EventID":61,"Version":1,"Level":3,"Task":0,"Opcode":2,"Keywords":"0x4000000000000000","TimeCreated_attributes":{"SystemTime":"2020-10-19T16:04:23.661932Z"},"EventRecordID":8318,"Correlation_attributes":{"ActivityID":"F37CF58D-F1F2-4C8E-BA7F-7AB85FD5A600"},"Execution_attributes":{"ProcessID":7476,"ThreadID":6084},"Channel":"Microsoft-Windows-Bits-Client/Operational","Computer":"MSEDGEWIN10","Security_attributes":{"UserID":"S-1-5-18"}},"EventData":{"transferId":"F37CF58D-F1F2-4C8E-BA7F-7AB85FD5A600","name":"UpdateDescriptionXml","Id":"5A5F3D43-FE6E-4A7E-9A0E-97346A8C4466","url":"https://g.live.com/1rewlive5skydrive/ODSUProduction","peer":"","hr":2147954407,"fileTime":"1601-01-01T00:00:00.000000Z","fileLength":18446744073709551615,"bytesTotal":18446744073709551615,"bytesTransferred":0,"proxy":"","peerProtocolFlags":0,"bytesTransferredFromPeer":0,"AdditionalInfoHr":0,"PeerContextInfo":0,"bandwidthLimit":18446744073709551615,"ignoreBandwidthLimitsOnLan":false}}}
{"Event_attributes":{"xmlns":"http://schemas.microsoft.com/win/2004/08/events/event"},"Event":{"System":{"Provider_attributes":{"Name":"Microsoft-Windows-Bits-Client","Guid":"EF1CC15B-46C1-414E-BB95-E76B077BD51E"},"EventID":61,"Version":1,"Level":3,"Task":0,"Opcode":2,"Keywords":"0x4000000000000000","TimeCreated_attributes":{"SystemTime":"2020-10-19T16:04:33.679321Z"},"EventRecordID":8319,"Correlation_attributes":{"ActivityID":"E25942A1-05C1-46F3-A4C4-D87A5B4E5021"},"Execution_attributes":{"ProcessID":7476,"ThreadID":6084},"Channel":"Microsoft-Windows-Bits-Client/Operational","Computer":"MSEDGEWIN10","Security_attributes":{"UserID":"S-1-5-18"}},"EventData":{"transferId":"E25942A1-05C1-46F3-A4C4-D87A5B4E5021","name":"UpdateDescriptionXml","Id":"5A5F3D43-FE6E-4A7E-9A0E-97346A8C4466","url":"https://g.live.com/1rewlive5skydrive/ODSUProduction","peer":"","hr":2147954407,"fileTime":"1601-01-01T00:00:00.000000Z","fileLength":18446744073709551615,"bytesTotal":18446744073709551615,"bytesTransferred":0,"proxy":"","peerProtocolFlags":0,"bytesTransferredFromPeer":0,"AdditionalInfoHr":0,"PeerContextInfo":0,"bandwidthLimit":18446744073709551615,"ignoreBandwidthLimitsOnLan":false}}}
{"Event_attributes":{"xmlns":"http://schemas.microsoft.com/win/2004/08/events/event"},"Event":{"System":{"Provider_attributes":{"Name":"Microsoft-Windows-Bits-Client","Guid":"EF1CC15B-46C1-414E-BB95-E76B077BD51E"},"EventID":61,"Version":1,"Level":3,"Task":0,"Opcode":2,"Keywords":"0x4000000000000000","TimeCreated_attributes":{"SystemTime":"2020-10-19T16:04:43.706978Z"},"EventRecordID":8320,"Correlation_attributes":{"ActivityID":"1A482B9E-4D76-4311-95AC-B812757B096C"},"Execution_attributes":{"ProcessID":7476,"ThreadID":424},"Channel":"Microsoft-Windows-Bits-Client/Operational","Computer":"MSEDGEWIN10","Security_attributes":{"UserID":"S-1-5-18"}},"EventData":{"transferId":"1A482B9E-4D76-4311-95AC-B812757B096C","name":"UpdateDescriptionXml","Id":"5A5F3D43-FE6E-4A7E-9A0E-97346A8C4466","url":"https://g.live.com/1rewlive5skydrive/ODSUProduction","peer":"","hr":2147954407,"fileTime":"1601-01-01T00:00:00.000000Z","fileLength":18446744073709551615,"bytesTotal":18446744073709551615,"bytesTransferred":0,"proxy":"","peerProtocolFlags":0,"bytesTransferredFromPeer":0,"AdditionalInfoHr":0,"PeerContextInfo":0,"bandwidthLimit":18446744073709551615,"ignoreBandwidthLimitsOnLan":false}}}
{"Event_attributes":{"xmlns":"http://schemas.microsoft.com/win/2004/08/events/event"},"Event":{"System":{"Provider_attributes":{"Name":"Microsoft-Windows-Bits-Client","Guid":"EF1CC15B-46C1-414E-BB95-E76B077BD51E"},"EventID":61,"Version":1,"Level":3,"Task":0,"Opcode":2,"Keywords":"0x4000000000000000","TimeCreated_attributes":{"SystemTime":"2020-10-19T16:04:53.728488Z"},"EventRecordID":8321,"Correlation_attributes":{"ActivityID":"37AC42E9-FCE6-4408-BDAF-1462ECFC947D"},"Execution_attributes":{"ProcessID":7476,"ThreadID":6084},"Channel":"Microsoft-Windows-Bits-Client/Operational","Computer":"MSEDGEWIN10","Security_attributes":{"UserID":"S-1-5-18"}},"EventData":{"transferId":"37AC42E9-FCE6-4408-BDAF-1462ECFC947D","name":"UpdateDescriptionXml","Id":"5A5F3D43-FE6E-4A7E-9A0E-97346A8C4466","url":"https://g.live.com/1rewlive5skydrive/ODSUProduction","peer":"","hr":2147954407,"fileTime":"1601-01-01T00:00:00.000000Z","fileLength":18446744073709551615,"bytesTotal":18446744073709551615,"bytesTransferred":0,"proxy":"","peerProtocolFlags":0,"bytesTransferredFromPeer":0,"AdditionalInfoHr":0,"PeerContextInfo":0,"bandwidthLimit":18446744073709551615,"ignoreBandwidthLimitsOnLan":false}}}
{"Event_attributes":{"xmlns":"http://schemas.microsoft.com/win/2004/08/events/event"},"Event":{"System":{"Provider_attributes":{"Name":"Microsoft-Windows-Bits-Client","Guid":"EF1CC15B-46C1-414E-BB95-E76B077BD51E"},"EventID":61,"Version":1,"Level":3,"Task":0,"Opcode":2,"Keywords":"0x4000000000000000","TimeCreated_attributes":{"SystemTime":"2020-10-19T16:05:08.726770Z"},"EventRecordID":8322,"Correlation_attributes":{"ActivityID":"932FEFFC-BA8A-416D-BD58-387D3BFD46DC"},"Execution_attributes":{"ProcessID":7476,"ThreadID":6084},"Channel":"Microsoft-Windows-Bits-Client/Operational","Computer":"MSEDGEWIN10","Security_attributes":{"UserID":"S-1-5-18"}},"EventData":{"transferId":"932FEFFC-BA8A-416D-BD58-387D3BFD46DC","name":"UpdateDescriptionXml","Id":"5A5F3D43-FE6E-4A7E-9A0E-97346A8C4466","url":"https://g.live.com/1rewlive5skydrive/ODSUProduction","peer":"","hr":2147954407,"fileTime":"1601-01-01T00:00:00.000000Z","fileLength":18446744073709551615,"bytesTotal":18446744073709551615,"bytesTransferred":0,"proxy":"","peerProtocolFlags":0,"bytesTransferredFromPeer":0,"AdditionalInfoHr":0,"PeerContextInfo":0,"bandwidthLimit":18446744073709551615,"ignoreBandwidthLimitsOnLan":false}}}
{"Event_attributes":{"xmlns":"http://schemas.microsoft.com/win/2004/08/events/event"},"Event":{"System":{"Provider_attributes":{"Name":"Microsoft-Windows-Bits-Client","Guid":"EF1CC15B-46C1-414E-BB95-E76B077BD51E"},"EventID":61,"Version":1,"Level":3,"Task":0,"Opcode":2,"Keywords":"0x4000000000000000","TimeCreated_attributes":{"SystemTime":"2020-10-19T16:05:18.719890Z"},"EventRecordID":8323,"Correlation_attributes":{"ActivityID":"4FAB7ACB-F7A3-4044-9E27-B8DEF07EFF1D"},"Execution_attributes":{"ProcessID":7476,"ThreadID":6084},"Channel":"Microsoft-Windows-Bits-Client/Operational","Computer":"MSEDGEWIN10","Security_attributes":{"UserID":"S-1-5-18"}},"EventData":{"transferId":"4FAB7ACB-F7A3-4044-9E27-B8DEF07EFF1D","name":"UpdateDescriptionXml","Id":"5A5F3D43-FE6E-4A7E-9A0E-97346A8C4466","url":"https://g.live.com/1rewlive5skydrive/ODSUProduction","peer":"","hr":2147954407,"fileTime":"1601-01-01T00:00:00.000000Z","fileLength":18446744073709551615,"bytesTotal":18446744073709551615,"bytesTransferred":0,"proxy":"","peerProtocolFlags":0,"bytesTransferredFromPeer":0,"AdditionalInfoHr":0,"PeerContextInfo":0,"bandwidthLimit":18446744073709551615,"ignoreBandwidthLimitsOnLan":false}}}
{"Event_attributes":{"xmlns":"http://schemas.microsoft.com/win/2004/08/events/event"},"Event":{"System":{"Provider_attributes":{"Name":"Microsoft-Windows-Bits-Client","Guid":"EF1CC15B-46C1-414E-BB95-E76B077BD51E"},"EventID":61,"Version":1,"Level":3,"Task":0,"Opcode":2,"Keywords":"0x4000000000000000","TimeCreated_attributes":{"SystemTime":"2020-10-19T16:05:28.741510Z"},"EventRecordID":8324,"Correlation_attributes":{"ActivityID":"3FBA0D74-C7F4-4263-B123-B8343FBA73A2"},"Execution_attributes":{"ProcessID":7476,"ThreadID":6084},"Channel":"Microsoft-Windows-Bits-Client/Operational","Computer":"MSEDGEWIN10","Security_attributes":{"UserID":"S-1-5-18"}},"EventData":{"transferId":"3FBA0D74-C7F4-4263-B123-B8343FBA73A2","name":"UpdateDescriptionXml","Id":"5A5F3D43-FE6E-4A7E-9A0E-97346A8C4466","url":"https://g.live.com/1rewlive5skydrive/ODSUProduction","peer":"","hr":2147954407,"fileTime":"1601-01-01T00:00:00.000000Z","fileLength":18446744073709551615,"bytesTotal":18446744073709551615,"bytesTransferred":0,"proxy":"","peerProtocolFlags":0,"bytesTransferredFromPeer":0,"AdditionalInfoHr":0,"PeerContextInfo":0,"bandwidthLimit":18446744073709551615,"ignoreBandwidthLimitsOnLan":false}}}
{"Event_attributes":{"xmlns":"http://schemas.microsoft.com/win/2004/08/events/event"},"Event":{"System":{"Provider_attributes":{"Name":"Microsoft-Windows-Bits-Client","Guid":"EF1CC15B-46C1-414E-BB95-E76B077BD51E"},"EventID":61,"Version":1,"Level":3,"Task":0,"Opcode":2,"Keywords":"0x4000000000000000","TimeCreated_attributes":{"SystemTime":"2020-10-19T16:05:38.742896Z"},"EventRecordID":8325,"Correlation_attributes":{"ActivityID":"E38C93BB-1C3B-4A27-AFB3-48D7178340DF"},"Execution_attributes":{"ProcessID":7476,"ThreadID":424},"Channel":"Microsoft-Windows-Bits-Client/Operational","Computer":"MSEDGEWIN10","Security_attributes":{"UserID":"S-1-5-18"}},"EventData":{"transferId":"E38C93BB-1C3B-4A27-AFB3-48D7178340DF","name":"UpdateDescriptionXml","Id":"5A5F3D43-FE6E-4A7E-9A0E-97346A8C4466","url":"https://g.live.com/1rewlive5skydrive/ODSUProduction","peer":"","hr":2147954407,"fileTime":"1601-01-01T00:00:00.000000Z","fileLength":18446744073709551615,"bytesTotal":18446744073709551615,"bytesTransferred":0,"proxy":"","peerProtocolFlags":0,"bytesTransferredFromPeer":0,"AdditionalInfoHr":0,"PeerContextInfo":0,"bandwidthLimit":18446744073709551615,"ignoreBandwidthLimitsOnLan":false}}}
{"Event_attributes":{"xmlns":"http://schemas.microsoft.com/win/2004/08/events/event"},"Event":{"System":{"Provider_attributes":{"Name":"Microsoft-Windows-Bits-Client","Guid":"EF1CC15B-46C1-414E-BB95-E76B077BD51E"},"EventID":61,"Version":1,"Level":3,"Task":0,"Opcode":2,"Keywords":"0x4000000000000000","TimeCreated_attributes":{"SystemTime":"2020-10-19T16:05:53.751532Z"},"EventRecordID":8326,"Correlation_attributes":{"ActivityID":"0D2C2B6E-B09E-4BEE-8968-8BA5A4A2AB74"},"Execution_attributes":{"ProcessID":7476,"ThreadID":6084},"Channel":"Microsoft-Windows-Bits-Client/Operational","Computer":"MSEDGEWIN10","Security_attributes":{"UserID":"S-1-5-18"}},"EventData":{"transferId":"0D2C2B6E-B09E-4BEE-8968-8BA5A4A2AB74","name":"UpdateDescriptionXml","Id":"5A5F3D43-FE6E-4A7E-9A0E-97346A8C4466","url":"https://g.live.com/1rewlive5skydrive/ODSUProduction","peer":"","hr":2147954407,"fileTime":"1601-01-01T00:00:00.000000Z","fileLength":18446744073709551615,"bytesTotal":18446744073709551615,"bytesTransferred":0,"proxy":"","peerProtocolFlags":0,"bytesTransferredFromPeer":0,"AdditionalInfoHr":0,"PeerContextInfo":0,"bandwidthLimit":18446744073709551615,"ignoreBandwidthLimitsOnLan":false}}}
{"Event_attributes":{"xmlns":"http://schemas.microsoft.com/win/2004/08/events/event"},"Event":{"System":{"Provider_attributes":{"Name":"Microsoft-Windows-Bits-Client","Guid":"EF1CC15B-46C1-414E-BB95-E76B077BD51E"},"EventID":61,"Version":1,"Level":3,"Task":0,"Opcode":2,"Keywords":"0x4000000000000000","TimeCreated_attributes":{"SystemTime":"2020-10-19T16:06:03.756817Z"},"EventRecordID":8327,"Correlation_attributes":{"ActivityID":"9D4D146E-F443-4966-9433-9F5CCA5F6DFC"},"Execution_attributes":{"ProcessID":7476,"ThreadID":3956},"Channel":"Microsoft-Windows-Bits-Client/Operational","Computer":"MSEDGEWIN10","Security_attributes":{"UserID":"S-1-5-18"}},"EventData":{"transferId":"9D4D146E-F443-4966-9433-9F5CCA5F6DFC","name":"UpdateDescriptionXml","Id":"5A5F3D43-FE6E-4A7E-9A0E-97346A8C4466","url":"https://g.live.com/1rewlive5skydrive/ODSUProduction","peer":"","hr":2147954407,"fileTime":"1601-01-01T00:00:00.000000Z","fileLength":18446744073709551615,"bytesTotal":18446744073709551615,"bytesTransferred":0,"proxy":"","peerProtocolFlags":0,"bytesTransferredFromPeer":0,"AdditionalInfoHr":0,"PeerContextInfo":0,"bandwidthLimit":18446744073709551615,"ignoreBandwidthLimitsOnLan":false}}}
{"Event_attributes":{"xmlns":"http://schemas.microsoft.com/win/2004/08/events/event"},"Event":{"System":{"Provider_attributes":{"Name":"Microsoft-Windows-Bits-Client","Guid":"EF1CC15B-46C1-414E-BB95-E76B077BD51E"},"EventID":61,"Version":1,"Level":3,"Task":0,"Opcode":2,"Keywords":"0x4000000000000000","TimeCreated_attributes":{"SystemTime":"2020-10-19T16:06:13.776330Z"},"EventRecordID":8328,"Correlation_attributes":{"ActivityID":"A48376DE-2B73-4977-BC2F-6117E7DF7DA2"},"Execution_attributes":{"ProcessID":7476,"ThreadID":3956},"Channel":"Microsoft-Windows-Bits-Client/Operational","Computer":"MSEDGEWIN10","Security_attributes":{"UserID":"S-1-5-18"}},"EventData":{"transferId":"A48376DE-2B73-4977-BC2F-6117E7DF7DA2","name":"UpdateDescriptionXml","Id":"5A5F3D43-FE6E-4A7E-9A0E-97346A8C4466","url":"https://g.live.com/1rewlive5skydrive/ODSUProduction","peer":"","hr":2147954407,"fileTime":"1601-01-01T00:00:00.000000Z","fileLength":18446744073709551615,"bytesTotal":18446744073709551615,"bytesTransferred":0,"proxy":"","peerProtocolFlags":0,"bytesTransferredFromPeer":0,"AdditionalInfoHr":0,"PeerContextInfo":0,"bandwidthLimit":18446744073709551615,"ignoreBandwidthLimitsOnLan":false}}}
{"Event_attributes":{"xmlns":"http://schemas.microsoft.com/win/2004/08/events/event"},"Event":{"System":{"Provider_attributes":{"Name":"Microsoft-Windows-Bits-Client","Guid":"EF1CC15B-46C1-414E-BB95-E76B077BD51E"},"EventID":61,"Version":1,"Level":3,"Task":0,"Opcode":2,"Keywords":"0x4000000000000000","TimeCreated_attributes":{"SystemTime":"2020-10-19T16:06:23.804265Z"},"EventRecordID":8329,"Correlation_attributes":{"ActivityID":"5C38ED66-AF4B-43F3-9455-C98729ADFFB8"},"Execution_attributes":{"ProcessID":7476,"ThreadID":424},"Channel":"Microsoft-Windows-Bits-Client/Operational","Computer":"MSEDGEWIN10","Security_attributes":{"UserID":"S-1-5-18"}},"EventData":{"transferId":"5C38ED66-AF4B-43F3-9455-C98729ADFFB8","name":"UpdateDescriptionXml","Id":"5A5F3D43-FE6E-4A7E-9A0E-97346A8C4466","url":"https://g.live.com/1rewlive5skydrive/ODSUProduction","peer":"","hr":2147954407,"fileTime":"1601-01-01T00:00:00.000000Z","fileLength":18446744073709551615,"bytesTotal":18446744073709551615,"bytesTransferred":0,"proxy":"","peerProtocolFlags":0,"bytesTransferredFromPeer":0,"AdditionalInfoHr":0,"PeerContextInfo":0,"bandwidthLimit":18446744073709551615,"ignoreBandwidthLimitsOnLan":false}}}
{"Event_attributes":{"xmlns":"http://schemas.microsoft.com/win/2004/08/events/event"},"Event":{"System":{"Provider_attributes":{"Name":"Microsoft-Windows-Bits-Client","Guid":"EF1CC15B-46C1-414E-BB95-E76B077BD51E"},"EventID":61,"Version":1,"Level":3,"Task":0,"Opcode":2,"Keywords":"0x4000000000000000","TimeCreated_attributes":{"SystemTime":"2020-10-19T16:06:38.788166Z"},"EventRecordID":8330,"Correlation_attributes":{"ActivityID":"9DF808D7-F4BB-4784-8F4F-DABA41D0507E"},"Execution_attributes":{"ProcessID":7476,"ThreadID":6084},"Channel":"Microsoft-Windows-Bits-Client/Operational","Computer":"MSEDGEWIN10","Security_attributes":{"UserID":"S-1-5-18"}},"EventData":{"transferId":"9DF808D7-F4BB-4784-8F4F-DABA41D0507E","name":"UpdateDescriptionXml","Id":"5A5F3D43-FE6E-4A7E-9A0E-97346A8C4466","url":"https://g.live.com/1rewlive5skydrive/ODSUProduction","peer":"","hr":2147954407,"fileTime":"1601-01-01T00:00:00.000000Z","fileLength":18446744073709551615,"bytesTotal":18446744073709551615,"bytesTransferred":0,"proxy":"","peerProtocolFlags":0,"bytesTransferredFromPeer":0,"AdditionalInfoHr":0,"PeerContextInfo":0,"bandwidthLimit":18446744073709551615,"ignoreBandwidthLimitsOnLan":false}}}
{"Event_attributes":{"xmlns":"http://schemas.microsoft.com/win/2004/08/events/event"},"Event":{"System":{"Provider_attributes":{"Name":"Microsoft-Windows-Bits-Client","Guid":"EF1CC15B-46C1-414E-BB95-E76B077BD51E"},"EventID":61,"Version":1,"Level":3,"Task":0,"Opcode":2,"Keywords":"0x4000000000000000","TimeCreated_attributes":{"SystemTime":"2020-10-19T16:06:48.789719Z"},"EventRecordID":8331,"Correlation_attributes":{"ActivityID":"E6051AF7-FF8C-4B91-968D-A41DD508F94C"},"Execution_attributes":{"ProcessID":7476,"ThreadID":424},"Channel":"Microsoft-Windows-Bits-Client/Operational","Computer":"MSEDGEWIN10","Security_attributes":{"UserID":"S-1-5-18"}},"EventData":{"transferId":"E6051AF7-FF8C-4B91-968D-A41DD508F94C","name":"UpdateDescriptionXml","Id":"5A5F3D43-FE6E-4A7E-9A0E-97346A8C4466","url":"https://g.live.com/1rewlive5skydrive/ODSUProduction","peer":"","hr":2147954407,"fileTime":"1601-01-01T00:00:00.000000Z","fileLength":18446744073709551615,"bytesTotal":18446744073709551615,"bytesTransferred":0,"proxy":"","peerProtocolFlags":0,"bytesTransferredFromPeer":0,"AdditionalInfoHr":0,"PeerContextInfo":0,"bandwidthLimit":18446744073709551615,"ignoreBandwidthLimitsOnLan":false}}}
{"Event_attributes":{"xmlns":"http://schemas.microsoft.com/win/2004/08/events/event"},"Event":{"System":{"Provider_attributes":{"Name":"Microsoft-Windows-Bits-Client","Guid":"EF1CC15B-46C1-414E-BB95-E76B077BD51E"},"EventID":61,"Version":1,"Level":3,"Task":0,"Opcode":2,"Keywords":"0x4000000000000000","TimeCreated_attributes":{"SystemTime":"2020-10-19T16:06:58.800188Z"},"EventRecordID":8332,"Correlation_attributes":{"ActivityID":"0F338529-6CFC-4C15-B4D7-B637F3D865DF"},"Execution_attributes":{"ProcessID":7476,"ThreadID":3956},"Channel":"Microsoft-Windows-Bits-Client/Operational","Computer":"MSEDGEWIN10","Security_attributes":{"UserID":"S-1-5-18"}},"EventData":{"transferId":"0F338529-6CFC-4C15-B4D7-B637F3D865DF","name":"UpdateDescriptionXml","Id":"5A5F3D43-FE6E-4A7E-9A0E-97346A8C4466","url":"https://g.live.com/1rewlive5skydrive/ODSUProduction","peer":"","hr":2147954407,"fileTime":"1601-01-01T00:00:00.000000Z","fileLength":18446744073709551615,"bytesTotal":18446744073709551615,"bytesTransferred":0,"proxy":"","peerProtocolFlags":0,"bytesTransferredFromPeer":0,"AdditionalInfoHr":0,"PeerContextInfo":0,"bandwidthLimit":18446744073709551615,"ignoreBandwidthLimitsOnLan":false}}}
{"Event_attributes":{"xmlns":"http://schemas.microsoft.com/win/2004/08/events/event"},"Event":{"System":{"Provider_attributes":{"Name":"Microsoft-Windows-Bits-Client","Guid":"EF1CC15B-46C1-414E-BB95-E76B077BD51E"},"EventID":61,"Version":1,"Level":3,"Task":0,"Opcode":2,"Keywords":"0x4000000000000000","TimeCreated_attributes":{"SystemTime":"2020-10-19T16:07:08.803908Z"},"EventRecordID":8333,"Correlation_attributes":{"ActivityID":"B67FCF71-8247-4CFC-A965-E90DD91CF19A"},"Execution_attributes":{"ProcessID":7476,"ThreadID":3956},"Channel":"Microsoft-Windows-Bits-Client/Operational","Computer":"MSEDGEWIN10","Security_attributes":{"UserID":"S-1-5-18"}},"EventData":{"transferId":"B67FCF71-8247-4CFC-A965-E90DD91CF19A","name":"UpdateDescriptionXml","Id":"5A5F3D43-FE6E-4A7E-9A0E-97346A8C4466","url":"https://g.live.com/1rewlive5skydrive/ODSUProduction","peer":"","hr":2147954407,"fileTime":"1601-01-01T00:00:00.000000Z","fileLength":18446744073709551615,"bytesTotal":18446744073709551615,"bytesTransferred":0,"proxy":"","peerProtocolFlags":0,"bytesTransferredFromPeer":0,"AdditionalInfoHr":0,"PeerContextInfo":0,"bandwidthLimit":18446744073709551615,"ignoreBandwidthLimitsOnLan":false}}}
{"Event_attributes":{"xmlns":"http://schemas.microsoft.com/win/2004/08/events/event"},"Event":{"System":{"Provider_attributes":{"Name":"Microsoft-Windows-Bits-Client","Guid":"EF1CC15B-46C1-414E-BB95-E76B077BD51E"},"EventID":5,"Version":0,"Level":4,"Task":0,"Opcode":0,"Keywords":"0x4000000000000000","TimeCreated_attributes":{"SystemTime":"2020-10-19T16:07:23.819313Z"},"EventRecordID":8334,"Correlation":null,"Execution_attributes":{"ProcessID":7476,"ThreadID":6084},"Channel":"Microsoft-Windows-Bits-Client/Operational","Computer":"MSEDGEWIN10","Security_attributes":{"UserID":"S-1-5-21-3461203602-4096304019-2269080069-1000"}},"EventData":{"User":"MSEDGEWIN10\\IEUser","jobTitle":"UpdateDescriptionXml","jobId":"5A5F3D43-FE6E-4A7E-9A0E-97346A8C4466","jobOwner":"MSEDGEWIN10\\IEUser","fileCount":1}}}
{"Event_attributes":{"xmlns":"http://schemas.microsoft.com/win/2004/08/events/event"},"Event":{"System":{"Provider_attributes":{"Name":"Microsoft-Windows-Bits-Client","Guid":"EF1CC15B-46C1-414E-BB95-E76B077BD51E"},"EventID":306,"Version":0,"Level":5,"Task":0,"Opcode":0,"Keywords":"0x4000000000000000","TimeCreated_attributes":{"SystemTime":"2020-10-20T21:19:07.635895Z"},"EventRecordID":8335,"Correlation":null,"Execution_attributes":{"ProcessID":7020,"ThreadID":7096},"Channel":"Microsoft-Windows-Bits-Client/Operational","Computer":"MSEDGEWIN10","Security_attributes":{"UserID":"S-1-5-18"}},"EventData":null}}
{"Event_attributes":{"xmlns":"http://schemas.microsoft.com/win/2004/08/events/event"},"Event":{"System":{"Provider_attributes":{"Name":"Microsoft-Windows-Bits-Client","Guid":"EF1CC15B-46C1-414E-BB95-E76B077BD51E"},"EventID":3,"Version":2,"Level":4,"Task":0,"Opcode":0,"Keywords":"0x4000000000000000","TimeCreated_attributes":{"SystemTime":"2020-10-20T21:19:11.448316Z"},"EventRecordID":8336,"Correlation":null,"Execution_attributes":{"ProcessID":7020,"ThreadID":7256},"Channel":"Microsoft-Windows-Bits-Client/Operational","Computer":"MSEDGEWIN10","Security_attributes":{"UserID":"S-1-5-18"}},"EventData":{"jobTitle":"C:\\Users\\IEUser\\AppData\\Local\\{45E718DA-A5D3-4A57-B9EC-5B85347E3A91}","jobId":"23F2F737-0F3C-4BB0-BF33-967C90396965","jobOwner":"NT AUTHORITY\\SYSTEM","processPath":"C:\\Program Files (x86)\\Google\\Update\\GoogleUpdate.exe","processId":8}}}
{"Event_attributes":{"xmlns":"http://schemas.microsoft.com/win/2004/08/events/event"},"Event":{"System":{"Provider_attributes":{"Name":"Microsoft-Windows-Bits-Client","Guid":"EF1CC15B-46C1-414E-BB95-E76B077BD51E"},"EventID":61,"Version":1,"Level":3,"Task":0,"Opcode":2,"Keywords":"0x4000000000000000","TimeCreated_attributes":{"SystemTime":"2020-10-20T21:19:11.508126Z"},"EventRecordID":8337,"Correlation_attributes":{"ActivityID":"2A9D0F4D-A8F2-44E3-B94B-3229F4D68634"},"Execution_attributes":{"ProcessID":7020,"ThreadID":7124},"Channel":"Microsoft-Windows-Bits-Client/Operational","Computer":"MSEDGEWIN10","Security_attributes":{"UserID":"S-1-5-18"}},"EventData":{"transferId":"2A9D0F4D-A8F2-44E3-B94B-3229F4D68634","name":"C:\\Users\\IEUser\\AppData\\Local\\{45E718DA-A5D3-4A57-B9EC-5B85347E3A91}","Id":"23F2F737-0F3C-4BB0-BF33-967C90396965","url":"https://clients2.google.com/service/check2?crx3=true&appid=%7B430FD4D0-B729-4F61-AA34-91526481799D%7D&appversion=1.3.36.32&applang=&machine=1&version=1.3.36.32&userid=%7B41975F82-406F-4186-AABD-6E6A89517884%7D&osversion=10.0&servicepack=","peer":"","hr":2147954407,"fileTime":"1601-01-01T00:00:00.000000Z","fileLength":18446744073709551615,"bytesTotal":18446744073709551615,"bytesTransferred":0,"proxy":"","peerProtocolFlags":0,"bytesTransferredFromPeer":0,"AdditionalInfoHr":0,"PeerContextInfo":0,"bandwidthLimit":18446744073709551615,"ignoreBandwidthLimitsOnLan":false}}}
{"Event_attributes":{"xmlns":"http://schemas.microsoft.com/win/2004/08/events/event"},"Event":{"System":{"Provider_attributes":{"Name":"Microsoft-Windows-Bits-Client","Guid":"EF1CC15B-46C1-414E-BB95-E76B077BD51E"},"EventID":5,"Version":0,"Level":4,"Task":0,"Opcode":0,"Keywords":"0x4000000000000000","TimeCreated_attributes":{"SystemTime":"2020-10-20T21:19:11.529931Z"},"EventRecordID":8338,"Correlation":null,"Execution_attributes":{"ProcessID":7020,"ThreadID":7124},"Channel":"Microsoft-Windows-Bits-Client/Operational","Computer":"MSEDGEWIN10","Security_attributes":{"UserID":"S-1-5-18"}},"EventData":{"User":"NT AUTHORITY\\SYSTEM","jobTitle":"C:\\Users\\IEUser\\AppData\\Local\\{45E718DA-A5D3-4A57-B9EC-5B85347E3A91}","jobId":"23F2F737-0F3C-4BB0-BF33-967C90396965","jobOwner":"NT AUTHORITY\\SYSTEM","fileCount":1}}}
{"Event_attributes":{"xmlns":"http://schemas.microsoft.com/win/2004/08/events/event"},"Event":{"System":{"Provider_attributes":{"Name":"Microsoft-Windows-Bits-Client","Guid":"EF1CC15B-46C1-414E-BB95-E76B077BD51E"},"EventID":3,"Version":2,"Level":4,"Task":0,"Opcode":0,"Keywords":"0x4000000000000000","TimeCreated_attributes":{"SystemTime":"2020-10-20T21:19:11.566471Z"},"EventRecordID":8339,"Correlation":null,"Execution_attributes":{"ProcessID":7020,"ThreadID":7124},"Channel":"Microsoft-Windows-Bits-Client/Operational","Computer":"MSEDGEWIN10","Security_attributes":{"UserID":"S-1-5-18"}},"EventData":{"jobTitle":"C:\\Users\\IEUser\\AppData\\Local\\{45E718DA-A5D3-4A57-B9EC-5B85347E3A91}","jobId":"4413C42E-52C4-45DE-A593-786309D705AF","jobOwner":"NT AUTHORITY\\SYSTEM","processPath":"C:\\Program Files (x86)\\Google\\Update\\GoogleUpdate.exe","processId":8}}}
{"Event_attributes":{"xmlns":"http://schemas.microsoft.com/win/2004/08/events/event"},"Event":{"System":{"Provider_attributes":{"Name":"Microsoft-Windows-Bits-Client","Guid":"EF1CC15B-46C1-414E-BB95-E76B077BD51E"},"EventID":61,"Version":1,"Level":3,"Task":0,"Opcode":2,"Keywords":"0x4000000000000000","TimeCreated_attributes":{"SystemTime":"2020-10-20T21:19:11.578204Z"},"EventRecordID":8340,"Correlation_attributes":{"ActivityID":"78122FC7-1E47-47F5-9F93-8FA728D9AE1D"},"Execution_attributes":{"ProcessID":7020,"ThreadID":7252},"Channel":"Microsoft-Windows-Bits-Client/Operational","Computer":"MSEDGEWIN10","Security_attributes":{"UserID":"S-1-5-18"}},"EventData":{"transferId":"78122FC7-1E47-47F5-9F93-8FA728D9AE1D","name":"C:\\Users\\IEUser\\AppData\\Local\\{45E718DA-A5D3-4A57-B9EC-5B85347E3A91}","Id":"4413C42E-52C4-45DE-A593-786309D705AF","url":"https://clients2.google.com/service/check2?crx3=true&appid=%7B430FD4D0-B729-4F61-AA34-91526481799D%7D&appversion=1.3.36.32&applang=&machine=1&version=1.3.36.32&userid=%7B41975F82-406F-4186-AABD-6E6A89517884%7D&osversion=10.0&servicepack=","peer":"","hr":2147954407,"fileTime":"1601-01-01T00:00:00.000000Z","fileLength":18446744073709551615,"bytesTotal":18446744073709551615,"bytesTransferred":0,"proxy":"","peerProtocolFlags":0,"bytesTransferredFromPeer":0,"AdditionalInfoHr":0,"PeerContextInfo":0,"bandwidthLimit":18446744073709551615,"ignoreBandwidthLimitsOnLan":false}}}
{"Event_attributes":{"xmlns":"http://schemas.microsoft.com/win/2004/08/events/event"},"Event":{"System":{"Provider_attributes":{"Name":"Microsoft-Windows-Bits-Client","Guid":"EF1CC15B-46C1-414E-BB95-E76B077BD51E"},"EventID":5,"Version":0,"Level":4,"Task":0,"Opcode":0,"Keywords":"0x4000000000000000","TimeCreated_attributes":{"SystemTime":"2020-10-20T21:19:11.587979Z"},"EventRecordID":8341,"Correlation":null,"Execution_attributes":{"ProcessID":7020,"ThreadID":7252},"Channel":"Microsoft-Windows-Bits-Client/Operational","Computer":"MSEDGEWIN10","Security_attributes":{"UserID":"S-1-5-18"}},"EventData":{"User":"NT AUTHORITY\\SYSTEM","jobTitle":"C:\\Users\\IEUser\\AppData\\Local\\{45E718DA-A5D3-4A57-B9EC-5B85347E3A91}","jobId":"4413C42E-52C4-45DE-A593-786309D705AF","jobOwner":"NT AUTHORITY\\SYSTEM","fileCount":1}}}
{"Event_attributes":{"xmlns":"http://schemas.microsoft.com/win/2004/08/events/event"},"Event":{"System":{"Provider_attributes":{"Name":"Microsoft-Windows-Bits-Client","Guid":"EF1CC15B-46C1-414E-BB95-E76B077BD51E"},"EventID":3,"Version":2,"Level":4,"Task":0,"Opcode":0,"Keywords":"0x4000000000000000","TimeCreated_attributes":{"SystemTime":"2020-10-20T21:19:11.651666Z"},"EventRecordID":8342,"Correlation":null,"Execution_attributes":{"ProcessID":7020,"ThreadID":7252},"Channel":"Microsoft-Windows-Bits-Client/Operational","Computer":"MSEDGEWIN10","Security_attributes":{"UserID":"S-1-5-18"}},"EventData":{"jobTitle":"C:\\Program Files (x86)\\Google\\Update\\1.3.36.32\\Recovery\\GUR9E3A.tmp\\GoogleUpdateSetup.crx3","jobId":"1BE2E063-7180-45A8-AFB4-4AF5856D16D9","jobOwner":"NT AUTHORITY\\SYSTEM","processPath":"C:\\Program Files (x86)\\Google\\Update\\GoogleUpdate.exe","processId":8}}}
