{"Event_attributes":{"xmlns":"http://schemas.microsoft.com/win/2004/08/events/event"},"Event":{"System":{"Provider_attributes":{"Name":"Microsoft-Windows-Bits-Client","Guid":"EF1CC15B-46C1-414E-BB95-E76B077BD51E"},"EventID":61,"Version":1,"Level":3,"Task":0,"Opcode":2,"Keywords":"0x4000000000000000","TimeCreated_attributes":{"SystemTime":"2020-10-17T10:50:12.895264Z"},"EventRecordID":8154,"Correlation_attributes":{"ActivityID":"30D6E1FA-38F7-49B9-8E45-B15EC6A041F9"},"Execution_attributes":{"ProcessID":4832,"ThreadID":2196},"Channel":"Microsoft-Windows-Bits-Client/Operational","Computer":"MSEDGEWIN10","Security_attributes":{"UserID":"S-1-5-18"}},"EventData":{"transferId":"30D6E1FA-38F7-49B9-8E45-B15EC6A041F9","name":"PreSignInSettingsConfigJSON","Id":"01AABAD6-604F-4F50-ACE1-39CA301BCD9F","url":"https://g.live.com/odclientsettings/Prod","peer":"","hr":2147954407,"fileTime":"1601-01-01T00:00:00.000000Z","fileLength":18446744073709551615,"bytesTotal":18446744073709551615,"bytesTransferred":0,"proxy":"","peerProtocolFlags":0,"bytesTransferredFromPeer":0,"AdditionalInfoHr":0,"PeerContextInfo":0,"bandwidthLimit":18446744073709551615,"ignoreBandwidthLimitsOnLan":false}}}
{"Event_attributes":{"xmlns":"http://schemas.microsoft.com/win/2004/08/events/event"},"Event":{"System":{"Provider_attributes":{"Name":"Microsoft-Windows-Bits-Client","Guid":"EF1CC15B-46C1-414E-BB95-E76B077BD51E"},"EventID":61,"Version":1,"Level":3,"Task":0,"Opcode":2,"Keywords":"0x4000000000000000","TimeCreated_attributes":{"SystemTime":"2020-10-17T10:50:22.896492Z"},"EventRecordID":8155,"Correlation_attributes":{"ActivityID":"30426DAA-865C-4D8F-B30E-55A8715053D4"},"Execution_attributes":{"ProcessID":4832,"ThreadID":5072},"Channel":"Microsoft-Windows-Bits-Client/Operational","Computer":"MSEDGEWIN10","Security_attributes":{"UserID":"S-1-5-18"}},"EventData":{"transferId":"30426DAA-865C-4D8F-B30E-55A8715053D4","name":"PreSignInSettingsConfigJSON","Id":"01AABAD6-604F-4F50-ACE1-39CA301BCD9F","url":"https://g.live.com/odclientsettings/Prod","peer":"","hr":2147954407,"fileTime":"1601-01-01T00:00:00.000000Z","fileLength":18446744073709551615,"bytesTotal":18446744073709551615,"bytesTransferred":0,"proxy":"","peerProtocolFlags":0,"bytesTransferredFromPeer":0,"AdditionalInfoHr":0,"PeerContextInfo":0,"bandwidthLimit":18446744073709551615,"ignoreBandwidthLimitsOnLan":false}}}
{"Event_attributes":{"xmlns":"http://schemas.microsoft.com/win/2004/08/events/event"},"Event":{"System":{"Provider_attributes":{"Name":"Microsoft-Windows-Bits-Client","Guid":"EF1CC15B-46C1-414E-BB95-E76B077BD51E"},"EventID":61,"Version":1,"Level":3,"Task":0,"Opcode":2,"Keywords":"0x4000000000000000","TimeCreated_attributes":{"SystemTime":"2020-10-17T10:50:32.919126Z"},"EventRecordID":8156,"Correlation_attributes":{"ActivityID":"00D31308-A574-483F-8B23-67B22AAAC1BD"},"Execution_attributes":{"ProcessID":4832,"ThreadID":2196},"Channel":"Microsoft-Windows-Bits-Client/Operational","Computer":"MSEDGEWIN10","Security_attributes":{"UserID":"S-1-5-18"}},"EventData":{"transferId":"00D31308-A574-483F-8B23-67B22AAAC1BD","name":"PreSignInSettingsConfigJSON","Id":"01AABAD6-604F-4F50-ACE1-39CA301BCD9F","url":"https://g.live.com/odclientsettings/Prod","peer":"","hr":2147954407,"fileTime":"1601-01-01T00:00:00.000000Z","fileLength":18446744073709551615,"bytesTotal":18446744073709551615,"bytesTransferred":0,"proxy":"","peerProtocolFlags":0,"bytesTransferredFromPeer":0,"AdditionalInfoHr":0,"PeerContextInfo":0,"bandwidthLimit":18446744073709551615,"ignoreBandwidthLimitsOnLan":false}}}
{"Event_attributes":{"xmlns":"http://schemas.microsoft.com/win/2004/08/events/event"},"Event":{"System":{"Provider_attributes":{"Name":"Microsoft-Windows-Bits-Client","Guid":"EF1CC15B-46C1-414E-BB95-E76B077BD51E"},"EventID":61,"Version":1,"Level":3,"Task":0,"Opcode":2,"Keywords":"0x4000000000000000","TimeCreated_attributes":{"SystemTime":"2020-10-17T10:50:42.926388Z"},"EventRecordID":8157,"Correlation_attributes":{"ActivityID":"E1D2EF7E-518E-42CD-91D7-F9F656C571FC"},"Execution_attributes":{"ProcessID":4832,"ThreadID":3580},"Channel":"Microsoft-Windows-Bits-Client/Operational","Computer":"MSEDGEWIN10","Security_attributes":{"UserID":"S-1-5-18"}},"EventData":{"transferId":"E1D2EF7E-518E-42CD-91D7-F9F656C571FC","name":"PreSignInSettingsConfigJSON","Id":"01AABAD6-604F-4F50-ACE1-39CA301BCD9F","url":"https://g.live.com/odclientsettings/Prod","peer":"","hr":2147954407,"fileTime":"1601-01-01T00:00:00.000000Z","fileLength":18446744073709551615,"bytesTotal":18446744073709551615,"bytesTransferred":0,"proxy":"","peerProtocolFlags":0,"bytesTransferredFromPeer":0,"AdditionalInfoHr":0,"PeerContextInfo":0,"bandwidthLimit":18446744073709551615,"ignoreBandwidthLimitsOnLan":false}}}
{"Event_attributes":{"xmlns":"http://schemas.microsoft.com/win/2004/08/events/event"},"Event":{"System":{"Provider_attributes":{"Name":"Microsoft-Windows-Bits-Client","Guid":"EF1CC15B-46C1-414E-BB95-E76B077BD51E"},"EventID":61,"Version":1,"Level":3,"Task":0,"Opcode":2,"Keywords":"0x4000000000000000","TimeCreated_attributes":{"SystemTime":"2020-10-17T10:50:57.927059Z"},"EventRecordID":8158,"Correlation_attributes":{"ActivityID":"8C501762-54E9-4D17-AEB2-24C9D3E50E52"},"Execution_attributes":{"ProcessID":4832,"ThreadID":5072},"Channel":"Microsoft-Windows-Bits-Client/Operational","Computer":"MSEDGEWIN10","Security_attributes":{"UserID":"S-1-5-18"}},"EventData":{"transferId":"8C501762-54E9-4D17-AEB2-24C9D3E50E52","name":"PreSignInSettingsConfigJSON","Id":"01AABAD6-604F-4F50-ACE1-39CA301BCD9F","url":"https://g.live.com/odclientsettings/Prod","peer":"","hr":2147954407,"fileTime":"1601-01-01T00:00:00.000000Z","fileLength":18446744073709551615,"bytesTotal":18446744073709551615,"bytesTransferred":0,"proxy":"","peerProtocolFlags":0,"bytesTransferredFromPeer":0,"AdditionalInfoHr":0,"PeerContextInfo":0,"bandwidthLimit":18446744073709551615,"ignoreBandwidthLimitsOnLan":false}}}
{"Event_attributes":{"xmlns":"http://schemas.microsoft.com/win/2004/08/events/event"},"Event":{"System":{"Provider_attributes":{"Name":"Microsoft-Windows-Bits-Client","Guid":"EF1CC15B-46C1-414E-BB95-E76B077BD51E"},"EventID":61,"Version":1,"Level":3,"Task":0,"Opcode":2,"Keywords":"0x4000000000000000","TimeCreated_attributes":{"SystemTime":"2020-10-17T11:21:51.135427Z"},"EventRecordID":8159,"Correlation_attributes":{"ActivityID":"4CFD8BD8-AAEB-42D7-9995-9167BFFF9311"},"Execution_attributes":{"ProcessID":4832,"ThreadID":7628},"Channel":"Microsoft-Windows-Bits-Client/Operational","Computer":"MSEDGEWIN10","Security_attributes":{"UserID":"S-1-5-18"}},"EventData":{"transferId":"4CFD8BD8-AAEB-42D7-9995-9167BFFF9311","name":"Font Download","Id":"316D5A72-C392-42AC-820F-8F390D3371E5","url":"https://fs.microsoft.com/fs/windows/config.json","peer":"","hr":2147954407,"fileTime":"1601-01-01T00:00:00.000000Z","fileLength":18446744073709551615,"bytesTotal":18446744073709551615,"bytesTransferred":0,"proxy":"","peerProtocolFlags":0,"bytesTransferredFromPeer":0,"AdditionalInfoHr":0,"PeerContextInfo":0,"bandwidthLimit":18446744073709551615,"ignoreBandwidthLimitsOnLan":false}}}
{"Event_attributes":{"xmlns":"http://schemas.microsoft.com/win/2004/08/events/event"},"Event":{"System":{"Provider_attributes":{"Name":"Microsoft-Windows-Bits-Client","Guid":"EF1CC15B-46C1-414E-BB95-E76B077BD51E"},"EventID":3,"Version":2,"Level":4,"Task":0,"Opcode":0,"Keywords":"0x4000000000000000","TimeCreated_attributes":{"SystemTime":"2020-10-17T11:21:52.490549Z"},"EventRecordID":8160,"Correlation":null,"Execution_attributes":{"ProcessID":4832,"ThreadID":7628},"Channel":"Microsoft-Windows-Bits-Client/Operational","Computer":"MSEDGEWIN10","Security_attributes":{"UserID":"S-1-5-18"}},"EventData":{"jobTitle":"UpdateDescriptionXml","jobId":"2CE08503-0F40-4A28-9FD3-A113F8E9ADE1","jobOwner":"MSEDGEWIN10\\IEUser","processPath":"C:\\Users\\IEUser\\AppData\\Local\\Microsoft\\OneDrive\\OneDriveStandaloneUpdater.exe","processId":880}}}
{"Event_attributes":{"xmlns":"http://schemas.microsoft.com/win/2004/08/events/event"},"Event":{"System":{"Provider_attributes":{"Name":"Microsoft-Windows-Bits-Client","Guid":"EF1CC15B-46C1-414E-BB95-E76B077BD51E"},"EventID":61,"Version":1,"Level":3,"Task":0,"Opcode":2,"Keywords":"0x4000000000000000","TimeCreated_attributes":{"SystemTime":"2020-10-17T11:21:52.517466Z"},"EventRecordID":8161,"Correlation_attributes":{"ActivityID":"3E7FE1F8-EC03-4F62-8B3F-16C99A41BE82"},"Execution_attributes":{"ProcessID":4832,"ThreadID":232},"Channel":"Microsoft-Windows-Bits-Client/Operational","Computer":"MSEDGEWIN10","Security_attributes":{"UserID":"S-1-5-18"}},"EventData":{"transferId":"3E7FE1F8-EC03-4F62-8B3F-16C99A41BE82","name":"UpdateDescriptionXml","Id":"2CE08503-0F40-4A28-9FD3-A113F8E9ADE1","url":"https://g.live.com/1rewlive5skydrive/ODSUProduction","peer":"","hr":2147954407,"fileTime":"1601-01-01T00:00:00.000000Z","fileLength":18446744073709551615,"bytesTotal":18446744073709551615,"bytesTransferred":0,"proxy":"","peerProtocolFlags":0,"bytesTransferredFromPeer":0,"AdditionalInfoHr":0,"PeerContextInfo":0,"bandwidthLimit":18446744073709551615,"ignoreBandwidthLimitsOnLan":false}}}
{"Event_attributes":{"xmlns":"http://schemas.microsoft.com/win/2004/08/events/event"},"Event":{"System":{"Provider_attributes":{"Name":"Microsoft-Windows-Bits-Client","Guid":"EF1CC15B-46C1-414E-BB95-E76B077BD51E"},"EventID":61,"Version":1,"Level":3,"Task":0,"Opcode":2,"Keywords":"0x4000000000000000","TimeCreated_attributes":{"SystemTime":"2020-10-17T11:22:02.510552Z"},"EventRecordID":8162,"Correlation_attributes":{"ActivityID":"FD4348D9-57DF-4A08-BEAE-C8C9FE257A5D"},"Execution_attributes":{"ProcessID":4832,"ThreadID":7628},"Channel":"Microsoft-Windows-Bits-Client/Operational","Computer":"MSEDGEWIN10","Security_attributes":{"UserID":"S-1-5-18"}},"EventData":{"transferId":"FD4348D9-57DF-4A08-BEAE-C8C9FE257A5D","name":"UpdateDescriptionXml","Id":"2CE08503-0F40-4A28-9FD3-A113F8E9ADE1","url":"https://g.live.com/1rewlive5skydrive/ODSUProduction","peer":"","hr":2147954407,"fileTime":"1601-01-01T00:00:00.000000Z","fileLength":18446744073709551615,"bytesTotal":18446744073709551615,"bytesTransferred":0,"proxy":"","peerProtocolFlags":0,"bytesTransferredFromPeer":0,"AdditionalInfoHr":0,"PeerContextInfo":0,"bandwidthLimit":18446744073709551615,"ignoreBandwidthLimitsOnLan":false}}}
{"Event_attributes":{"xmlns":"http://schemas.microsoft.com/win/2004/08/events/event"},"Event":{"System":{"Provider_attributes":{"Name":"Microsoft-Windows-Bits-Client","Guid":"EF1CC15B-46C1-414E-BB95-E76B077BD51E"},"EventID":61,"Version":1,"Level":3,"Task":0,"Opcode":2,"Keywords":"0x4000000000000000","TimeCreated_attributes":{"SystemTime":"2020-10-17T11:22:12.517436Z"},"EventRecordID":8163,"Correlation_attributes":{"ActivityID":"F31F9D5C-5E03-409C-8546-DD060B3DA953"},"Execution_attributes":{"ProcessID":4832,"ThreadID":7628},"Channel":"Microsoft-Windows-Bits-Client/Operational","Computer":"MSEDGEWIN10","Security_attributes":{"UserID":"S-1-5-18"}},"EventData":{"transferId":"F31F9D5C-5E03-409C-8546-DD060B3DA953","name":"UpdateDescriptionXml","Id":"2CE08503-0F40-4A28-9FD3-A113F8E9ADE1","url":"https://g.live.com/1rewlive5skydrive/ODSUProduction","peer":"","hr":2147954407,"fileTime":"1601-01-01T00:00:00.000000Z","fileLength":18446744073709551615,"bytesTotal":18446744073709551615,"bytesTransferred":0,"proxy":"","peerProtocolFlags":0,"bytesTransferredFromPeer":0,"AdditionalInfoHr":0,"PeerContextInfo":0,"bandwidthLimit":18446744073709551615,"ignoreBandwidthLimitsOnLan":false}}}
{"Event_attributes":{"xmlns":"http://schemas.microsoft.com/win/2004/08/events/event"},"Event":{"System":{"Provider_attributes":{"Name":"Microsoft-Windows-Bits-Client","Guid":"EF1CC15B-46C1-414E-BB95-E76B077BD51E"},"EventID":61,"Version":1,"Level":3,"Task":0,"Opcode":2,"Keywords":"0x4000000000000000","TimeCreated_attributes":{"SystemTime":"2020-10-17T11:22:22.541367Z"},"EventRecordID":8164,"Correlation_attributes":{"ActivityID":"66BE6C59-F211-41EB-B661-7D8CFF159F41"},"Execution_attributes":{"ProcessID":4832,"ThreadID":232},"Channel":"Microsoft-Windows-Bits-Client/Operational","Computer":"MSEDGEWIN10","Security_attributes":{"UserID":"S-1-5-18"}},"EventData":{"transferId":"66BE6C59-F211-41EB-B661-7D8CFF159F41","name":"UpdateDescriptionXml","Id":"2CE08503-0F40-4A28-9FD3-A113F8E9ADE1","url":"https://g.live.com/1rewlive5skydrive/ODSUProduction","peer":"","hr":2147954407,"fileTime":"1601-01-01T00:00:00.000000Z","fileLength":18446744073709551615,"bytesTotal":18446744073709551615,"bytesTransferred":0,"proxy":"","peerProtocolFlags":0,"bytesTransferredFromPeer":0,"AdditionalInfoHr":0,"PeerContextInfo":0,"bandwidthLimit":18446744073709551615,"ignoreBandwidthLimitsOnLan":false}}}
{"Event_attributes":{"xmlns":"http://schemas.microsoft.com/win/2004/08/events/event"},"Event":{"System":{"Provider_attributes":{"Name":"Microsoft-Windows-Bits-Client","Guid":"EF1CC15B-46C1-414E-BB95-E76B077BD51E"},"EventID":61,"Version":1,"Level":3,"Task":0,"Opcode":2,"Keywords":"0x4000000000000000","TimeCreated_attributes":{"SystemTime":"2020-10-17T11:22:33.750687Z"},"EventRecordID":8165,"Correlation_attributes":{"ActivityID":"66F59F93-3737-4B20-9692-BC98EBAC017D"},"Execution_attributes":{"ProcessID":4832,"ThreadID":232},"Channel":"Microsoft-Windows-Bits-Client/Operational","Computer":"MSEDGEWIN10","Security_attributes":{"UserID":"S-1-5-18"}},"EventData":{"transferId":"66F59F93-3737-4B20-9692-BC98EBAC017D","name":"UpdateDescriptionXml","Id":"2CE08503-0F40-4A28-9FD3-A113F8E9ADE1","url":"https://g.live.com/1rewlive5skydrive/ODSUProduction","peer":"","hr":2147954407,"fileTime":"1601-01-01T00:00:00.000000Z","fileLength":18446744073709551615,"bytesTotal":18446744073709551615,"bytesTransferred":0,"proxy":"","peerProtocolFlags":0,"bytesTransferredFromPeer":0,"AdditionalInfoHr":0,"PeerContextInfo":0,"bandwidthLimit":18446744073709551615,"ignoreBandwidthLimitsOnLan":false}}}
{"Event_attributes":{"xmlns":"http://schemas.microsoft.com/win/2004/08/events/event"},"Event":{"System":{"Provider_attributes":{"Name":"Microsoft-Windows-Bits-Client","Guid":"EF1CC15B-46C1-414E-BB95-E76B077BD51E"},"EventID":61,"Version":1,"Level":3,"Task":0,"Opcode":2,"Keywords":"0x4000000000000000","TimeCreated_attributes":{"SystemTime":"2020-10-17T11:22:43.758799Z"},"EventRecordID":8166,"Correlation_attributes":{"ActivityID":"721A9E16-B1AA-461C-8355-AF020A149DB7"},"Execution_attributes":{"ProcessID":4832,"ThreadID":2196},"Channel":"Microsoft-Windows-Bits-Client/Operational","Computer":"MSEDGEWIN10","Security_attributes":{"UserID":"S-1-5-18"}},"EventData":{"transferId":"721A9E16-B1AA-461C-8355-AF020A149DB7","name":"UpdateDescriptionXml","Id":"2CE08503-0F40-4A28-9FD3-A113F8E9ADE1","url":"https://g.live.com/1rewlive5skydrive/ODSUProduction","peer":"","hr":2147954407,"fileTime":"1601-01-01T00:00:00.000000Z","fileLength":18446744073709551615,"bytesTotal":18446744073709551615,"bytesTransferred":0,"proxy":"","peerProtocolFlags":0,"bytesTransferredFromPeer":0,"AdditionalInfoHr":0,"PeerContextInfo":0,"bandwidthLimit":18446744073709551615,"ignoreBandwidthLimitsOnLan":false}}}
{"Event_attributes":{"xmlns":"http://schemas.microsoft.com/win/2004/08/events/event"},"Event":{"System":{"Provider_attributes":{"Name":"Microsoft-Windows-Bits-Client","Guid":"EF1CC15B-46C1-414E-BB95-E76B077BD51E"},"EventID":61,"Version":1,"Level":3,"Task":0,"Opcode":2,"Keywords":"0x4000000000000000","TimeCreated_attributes":{"SystemTime":"2020-10-17T11:22:53.771138Z"},"EventRecordID":8167,"Correlation_attributes":{"ActivityID":"DB50CD42-A708-460D-82F6-FF21A058A278"},"Execution_attributes":{"ProcessID":4832,"ThreadID":232},"Channel":"Microsoft-Windows-Bits-Client/Operational","Computer":"MSEDGEWIN10","Security_attributes":{"UserID":"S-1-5-18"}},"EventData":{"transferId":"DB50CD42-A708-460D-82F6-FF21A058A278","name":"UpdateDescriptionXml","Id":"2CE08503-0F40-4A28-9FD3-A113F8E9ADE1","url":"https://g.live.com/1rewlive5skydrive/ODSUProduction","peer":"","hr":2147954407,"fileTime":"1601-01-01T00:00:00.000000Z","fileLength":18446744073709551615,"bytesTotal":18446744073709551615,"bytesTransferred":0,"proxy":"","peerProtocolFlags":0,"bytesTransferredFromPeer":0,"AdditionalInfoHr":0,"PeerContextInfo":0,"bandwidthLimit":18446744073709551615,"ignoreBandwidthLimitsOnLan":false}}}
{"Event_attributes":{"xmlns":"http://schemas.microsoft.com/win/2004/08/events/event"},"Event":{"System":{"Provider_attributes":{"Name":"Microsoft-Windows-Bits-Client","Guid":"EF1CC15B-46C1-414E-BB95-E76B077BD51E"},"EventID":61,"Version":1,"Level":3,"Task":0,"Opcode":2,"Keywords":"0x4000000000000000","TimeCreated_attributes":{"SystemTime":"2020-10-17T11:23:03.774796Z"},"EventRecordID":8168,"Correlation_attributes":{"ActivityID":"76F9D07E-D648-4139-B754-C2CAD55D5D3D"},"Execution_attributes":{"ProcessID":4832,"ThreadID":7628},"Channel":"Microsoft-Windows-Bits-Client/Operational","Computer":"MSEDGEWIN10","Security_attributes":{"UserID":"S-1-5-18"}},"EventData":{"transferId":"76F9D07E-D648-4139-B754-C2CAD55D5D3D","name":"UpdateDescriptionXml","Id":"2CE08503-0F40-4A28-9FD3-A113F8E9ADE1","url":"https://g.live.com/1rewlive5skydrive/ODSUProduction","peer":"","hr":2147954407,"fileTime":"1601-01-01T00:00:00.000000Z","fileLength":18446744073709551615,"bytesTotal":18446744073709551615,"bytesTransferred":0,"proxy":"","peerProtocolFlags":0,"bytesTransferredFromPeer":0,"AdditionalInfoHr":0,"PeerContextInfo":0,"bandwidthLimit":18446744073709551615,"ignoreBandwidthLimitsOnLan":false}}}
{"Event_attributes":{"xmlns":"http://schemas.microsoft.com/win/2004/08/events/event"},"Event":{"System":{"Provider_attributes":{"Name":"Microsoft-Windows-Bits-Client","Guid":"EF1CC15B-46C1-414E-BB95-E76B077BD51E"},"EventID":61,"Version":1,"Level":3,"Task":0,"Opcode":2,"Keywords":"0x4000000000000000","TimeCreated_attributes":{"SystemTime":"2020-10-17T11:23:13.768669Z"},"EventRecordID":8169,"Correlation_attributes":{"ActivityID":"6E94A4FB-D966-43E6-8E51-6FD2795241A4"},"Execution_attributes":{"ProcessID":4832,"ThreadID":2196},"Channel":"Microsoft-Windows-Bits-Client/Operational","Computer":"MSEDGEWIN10","Security_attributes":{"UserID":"S-1-5-18"}},"EventData":{"transferId":"6E94A4FB-D966-43E6-8E51-6FD2795241A4","name":"UpdateDescriptionXml","Id":"2CE08503-0F40-4A28-9FD3-A113F8E9ADE1","url":"https://g.live.com/1rewlive5skydrive/ODSUProduction","peer":"","hr":2147954407,"fileTime":"1601-01-01T00:00:00.000000Z","fileLength":18446744073709551615,"bytesTotal":18446744073709551615,"bytesTransferred":0,"proxy":"","peerProtocolFlags":0,"bytesTransferredFromPeer":0,"AdditionalInfoHr":0,"PeerContextInfo":0,"bandwidthLimit":18446744073709551615,"ignoreBandwidthLimitsOnLan":false}}}
{"Event_attributes":{"xmlns":"http://schemas.microsoft.com/win/2004/08/events/event"},"Event":{"System":{"Provider_attributes":{"Name":"Microsoft-Windows-Bits-Client","Guid":"EF1CC15B-46C1-414E-BB95-E76B077BD51E"},"EventID":61,"Version":1,"Level":3,"Task":0,"Opcode":2,"Keywords":"0x4000000000000000","TimeCreated_attributes":{"SystemTime":"2020-10-17T11:23:23.773970Z"},"EventRecordID":8170,"Correlation_attributes":{"ActivityID":"F4B80136-1798-4F72-AF04-9247314B268F"},"Execution_attributes":{"ProcessID":4832,"ThreadID":7628},"Channel":"Microsoft-Windows-Bits-Client/Operational","Computer":"MSEDGEWIN10","Security_attributes":{"UserID":"S-1-5-18"}},"EventData":{"transferId":"F4B80136-1798-4F72-AF04-9247314B268F","name":"UpdateDescriptionXml","Id":"2CE08503-0F40-4A28-9FD3-A113F8E9ADE1","url":"https://g.live.com/1rewlive5skydrive/ODSUProduction","peer":"","hr":2147954407,"fileTime":"1601-01-01T00:00:00.000000Z","fileLength":18446744073709551615,"bytesTotal":18446744073709551615,"bytesTransferred":0,"proxy":"","peerProtocolFlags":0,"bytesTransferredFromPeer":0,"AdditionalInfoHr":0,"PeerContextInfo":0,"bandwidthLimit":18446744073709551615,"ignoreBandwidthLimitsOnLan":false}}}
{"Event_attributes":{"xmlns":"http://schemas.microsoft.com/win/2004/08/events/event"},"Event":{"System":{"Provider_attributes":{"Name":"Microsoft-Windows-Bits-Client","Guid":"EF1CC15B-46C1-414E-BB95-E76B077BD51E"},"EventID":61,"Version":1,"Level":3,"Task":0,"Opcode":2,"Keywords":"0x4000000000000000","TimeCreated_attributes":{"SystemTime":"2020-10-17T11:23:33.785738Z"},"EventRecordID":8171,"Correlation_attributes":{"ActivityID":"CA8E3A7E-7EFF-4698-B817-1655F906602F"},"Execution_attributes":{"ProcessID":4832,"ThreadID":7628},"Channel":"Microsoft-Windows-Bits-Client/Operational","Computer":"MSEDGEWIN10","Security_attributes":{"UserID":"S-1-5-18"}},"EventData":{"transferId":"CA8E3A7E-7EFF-4698-B817-1655F906602F","name":"UpdateDescriptionXml","Id":"2CE08503-0F40-4A28-9FD3-A113F8E9ADE1","url":"https://g.live.com/1rewlive5skydrive/ODSUProduction","peer":"","hr":2147954407,"fileTime":"1601-01-01T00:00:00.000000Z","fileLength":18446744073709551615,"bytesTotal":18446744073709551615,"bytesTransferred":0,"proxy":"","peerProtocolFlags":0,"bytesTransferredFromPeer":0,"AdditionalInfoHr":0,"PeerContextInfo":0,"bandwidthLimit":18446744073709551615,"ignoreBandwidthLimitsOnLan":false}}}
{"Event_attributes":{"xmlns":"http://schemas.microsoft.com/win/2004/08/events/event"},"Event":{"System":{"Provider_attributes":{"Name":"Microsoft-Windows-Bits-Client","Guid":"EF1CC15B-46C1-414E-BB95-E76B077BD51E"},"EventID":61,"Version":1,"Level":3,"Task":0,"Opcode":2,"Keywords":"0x4000000000000000","TimeCreated_attributes":{"SystemTime":"2020-10-17T11:23:43.805080Z"},"EventRecordID":8172,"Correlation_attributes":{"ActivityID":"F37CDFB4-0ADD-46AA-9388-AC03E9DFD5DD"},"Execution_attributes":{"ProcessID":4832,"ThreadID":2196},"Channel":"Microsoft-Windows-Bits-Client/Operational","Computer":"MSEDGEWIN10","Security_attributes":{"UserID":"S-1-5-18"}},"EventData":{"transferId":"F37CDFB4-0ADD-46AA-9388-AC03E9DFD5DD","name":"UpdateDescriptionXml","Id":"2CE08503-0F40-4A28-9FD3-A113F8E9ADE1","url":"https://g.live.com/1rewlive5skydrive/ODSUProduction","peer":"","hr":2147954407,"fileTime":"1601-01-01T00:00:00.000000Z","fileLength":18446744073709551615,"bytesTotal":18446744073709551615,"bytesTransferred":0,"proxy":"","peerProtocolFlags":0,"bytesTransferredFromPeer":0,"AdditionalInfoHr":0,"PeerContextInfo":0,"bandwidthLimit":18446744073709551615,"ignoreBandwidthLimitsOnLan":false}}}
{"Event_attributes":{"xmlns":"http://schemas.microsoft.com/win/2004/08/events/event"},"Event":{"System":{"Provider_attributes":{"Name":"Microsoft-Windows-Bits-Client","Guid":"EF1CC15B-46C1-414E-BB95-E76B077BD51E"},"EventID":61,"Version":1,"Level":3,"Task":0,"Opcode":2,"Keywords":"0x4000000000000000","TimeCreated_attributes":{"SystemTime":"2020-10-17T11:23:56.967663Z"},"EventRecordID":8173,"Correlation_attributes":{"ActivityID":"5A912E77-E7AA-43A8-9E6C-166448654309"},"Execution_attributes":{"ProcessID":4832,"ThreadID":7628},"Channel":"Microsoft-Windows-Bits-Client/Operational","Computer":"MSEDGEWIN10","Security_attributes":{"UserID":"S-1-5-18"}},"EventData":{"transferId":"5A912E77-E7AA-43A8-9E6C-166448654309","name":"UpdateDescriptionXml","Id":"2CE08503-0F40-4A28-9FD3-A113F8E9ADE1","url":"https://g.live.com/1rewlive5skydrive/ODSUProduction","peer":"","hr":2147954407,"fileTime":"1601-01-01T00:00:00.000000Z","fileLength":18446744073709551615,"bytesTotal":18446744073709551615,"bytesTransferred":0,"proxy":"","peerProtocolFlags":0,"bytesTransferredFromPeer":0,"AdditionalInfoHr":0,"PeerContextInfo":0,"bandwidthLimit":18446744073709551615,"ignoreBandwidthLimitsOnLan":false}}}
{"Event_attributes":{"xmlns":"http://schemas.microsoft.com/win/2004/08/events/event"},"Event":{"System":{"Provider_attributes":{"Name":"Microsoft-Windows-Bits-Client","Guid":"EF1CC15B-46C1-414E-BB95-E76B077BD51E"},"EventID":61,"Version":1,"Level":3,"Task":0,"Opcode":2,"Keywords":"0x4000000000000000","TimeCreated_attributes":{"SystemTime":"2020-10-17T11:24:06.975494Z"},"EventRecordID":8174,"Correlation_attributes":{"ActivityID":"143C2E1F-2DA4-4893-BA3C-F5EE22B58D31"},"Execution_attributes":{"ProcessID":4832,"ThreadID":232},"Channel":"Microsoft-Windows-Bits-Client/Operational","Computer":"MSEDGEWIN10","Security_attributes":{"UserID":"S-1-5-18"}},"EventData":{"transferId":"143C2E1F-2DA4-4893-BA3C-F5EE22B58D31","name":"UpdateDescriptionXml","Id":"2CE08503-0F40-4A28-9FD3-A113F8E9ADE1","url":"https://g.live.com/1rewlive5skydrive/ODSUProduction","peer":"","hr":2147954407,"fileTime":"1601-01-01T00:00:00.000000Z","fileLength":18446744073709551615,"bytesTotal":18446744073709551615,"bytesTransferred":0,"proxy":"","peerProtocolFlags":0,"bytesTransferredFromPeer":0,"AdditionalInfoHr":0,"PeerContextInfo":0,"bandwidthLimit":18446744073709551615,"ignoreBandwidthLimitsOnLan":false}}}
{"Event_attributes":{"xmlns":"http://schemas.microsoft.com/win/2004/08/events/event"},"Event":{"System":{"Provider_attributes":{"Name":"Microsoft-Windows-Bits-Client","Guid":"EF1CC15B-46C1-414E-BB95-E76B077BD51E"},"EventID":61,"Version":1,"Level":3,"Task":0,"Opcode":2,"Keywords":"0x4000000000000000","TimeCreated_attributes":{"SystemTime":"2020-10-17T11:24:16.988228Z"},"EventRecordID":8175,"Correlation_attributes":{"ActivityID":"6D3ED7DE-D6B2-4AD0-BEA4-531DDE853A34"},"Execution_attributes":{"ProcessID":4832,"ThreadID":7628},"Channel":"Microsoft-Windows-Bits-Client/Operational","Computer":"MSEDGEWIN10","Security_attributes":{"UserID":"S-1-5-18"}},"EventData":{"transferId":"6D3ED7DE-D6B2-4AD0-BEA4-531DDE853A34","name":"UpdateDescriptionXml","Id":"2CE08503-0F40-4A28-9FD3-A113F8E9ADE1","url":"https://g.live.com/1rewlive5skydrive/ODSUProduction","peer":"","hr":2147954407,"fileTime":"1601-01-01T00:00:00.000000Z","fileLength":18446744073709551615,"bytesTotal":18446744073709551615,"bytesTransferred":0,"proxy":"","peerProtocolFlags":0,"bytesTransferredFromPeer":0,"AdditionalInfoHr":0,"PeerContextInfo":0,"bandwidthLimit":18446744073709551615,"ignoreBandwidthLimitsOnLan":false}}}
{"Event_attributes":{"xmlns":"http://schemas.microsoft.com/win/2004/08/events/event"},"Event":{"System":{"Provider_attributes":{"Name":"Microsoft-Windows-Bits-Client","Guid":"EF1CC15B-46C1-414E-BB95-E76B077BD51E"},"EventID":61,"Version":1,"Level":3,"Task":0,"Opcode":2,"Keywords":"0x4000000000000000","TimeCreated_attributes":{"SystemTime":"2020-10-17T11:24:28.007177Z"},"EventRecordID":8176,"Correlation_attributes":{"ActivityID":"FBA2C2DF-4AF5-4C66-A058-114E89637707"},"Execution_attributes":{"ProcessID":4832,"ThreadID":7628},"Channel":"Microsoft-Windows-Bits-Client/Operational","Computer":"MSEDGEWIN10","Security_attributes":{"UserID":"S-1-5-18"}},"EventData":{"transferId":"FBA2C2DF-4AF5-4C66-A058-114E89637707","name":"UpdateDescriptionXml","Id":"2CE08503-0F40-4A28-9FD3-A113F8E9ADE1","url":"https://g.live.com/1rewlive5skydrive/ODSUProduction","peer":"","hr":2147954407,"fileTime":"1601-01-01T00:00:00.000000Z","fileLength":18446744073709551615,"bytesTotal":18446744073709551615,"bytesTransferred":0,"proxy":"","peerProtocolFlags":0,"bytesTransferredFromPeer":0,"AdditionalInfoHr":0,"PeerContextInfo":0,"bandwidthLimit":18446744073709551615,"ignoreBandwidthLimitsOnLan":false}}}
{"Event_attributes":{"xmlns":"http://schemas.microsoft.com/win/2004/08/events/event"},"Event":{"System":{"Provider_attributes":{"Name":"Microsoft-Windows-Bits-Client","Guid":"EF1CC15B-46C1-414E-BB95-E76B077BD51E"},"EventID":5,"Version":0,"Level":4,"Task":0,"Opcode":0,"Keywords":"0x4000000000000000","TimeCreated_attributes":{"SystemTime":"2020-10-17T11:24:45.264528Z"},"EventRecordID":8177,"Correlation":null,"Execution_attributes":{"ProcessID":4832,"ThreadID":232},"Channel":"Microsoft-Windows-Bits-Client/Operational","Computer":"MSEDGEWIN10","Security_attributes":{"UserID":"S-1-5-21-3461203602-4096304019-2269080069-1000"}},"EventData":{"User":"MSEDGEWIN10\\IEUser","jobTitle":"UpdateDescriptionXml","jobId":"2CE08503-0F40-4A28-9FD3-A113F8E9ADE1","jobOwner":"MSEDGEWIN10\\IEUser","fileCount":1}}}
{"Event_attributes":{"xmlns":"http://schemas.microsoft.com/win/2004/08/events/event"},"Event":{"System":{"Provider_attributes":{"Name":"Microsoft-Windows-Bits-Client","Guid":"EF1CC15B-46C1-414E-BB95-E76B077BD51E"},"EventID":61,"Version":1,"Level":3,"Task":0,"Opcode":2,"Keywords":"0x4000000000000000","TimeCreated_attributes":{"SystemTime":"2020-10-17T11:32:42.030642Z"},"EventRecordID":8178,"Correlation_attributes":{"ActivityID":"09A3C23F-017D-44B3-BD9C-01F040271D19"},"Execution_attributes":{"ProcessID":4832,"ThreadID":3284},"Channel":"Microsoft-Windows-Bits-Client/Operational","Computer":"MSEDGEWIN10","Security_attributes":{"UserID":"S-1-5-18"}},"EventData":{"transferId":"09A3C23F-017D-44B3-BD9C-01F040271D19","name":"Font Download","Id":"316D5A72-C392-42AC-820F-8F390D3371E5","url":"https://fs.microsoft.com/fs/windows/config.json","peer":"","hr":2147954407,"fileTime":"1601-01-01T00:00:00.000000Z","fileLength":18446744073709551615,"bytesTotal":18446744073709551615,"bytesTransferred":0,"proxy":"","peerProtocolFlags":0,"bytesTransferredFromPeer":0,"AdditionalInfoHr":0,"PeerContextInfo":0,"bandwidthLimit":18446744073709551615,"ignoreBandwidthLimitsOnLan":false}}}
{"Event_attributes":{"xmlns":"http://schemas.microsoft.com/win/2004/08/events/event"},"Event":{"System":{"Provider_attributes":{"Name":"Microsoft-Windows-Bits-Client","Guid":"EF1CC15B-46C1-414E-BB95-E76B077BD51E"},"EventID":61,"Version":1,"Level":3,"Task":0,"Opcode":2,"Keywords":"0x4000000000000000","TimeCreated_attributes":{"SystemTime":"2020-10-17T11:38:39.272672Z"},"EventRecordID":8179,"Correlation_attributes":{"ActivityID":"87C6620B-7A1A-4575-92F6-753814C3A1E4"},"Execution_attributes":{"ProcessID":4832,"ThreadID":2752},"Channel":"Microsoft-Windows-Bits-Client/Operational","Computer":"MSEDGEWIN10","Security_attributes":{"UserID":"S-1-5-18"}},"EventData":{"transferId":"87C6620B-7A1A-4575-92F6-753814C3A1E4","name":"Font Download","Id":"316D5A72-C392-42AC-820F-8F390D3371E5","url":"https://fs.microsoft.com/fs/windows/config.json","peer":"","hr":2147954407,"fileTime":"1601-01-01T00:00:00.000000Z","fileLength":18446744073709551615,"bytesTotal":18446744073709551615,"bytesTransferred":0,"proxy":"","peerProtocolFlags":0,"bytesTransferredFromPeer":0,"AdditionalInfoHr":0,"PeerContextInfo":0,"bandwidthLimit":18446744073709551615,"ignoreBandwidthLimitsOnLan":false}}}
{"Event_attributes":{"xmlns":"http://schemas.microsoft.com/win/2004/08/events/event"},"Event":{"System":{"Provider_attributes":{"Name":"Microsoft-Windows-Bits-Client","Guid":"EF1CC15B-46C1-414E-BB95-E76B077BD51E"},"EventID":61,"Version":1,"Level":3,"Task":0,"Opcode":2,"Keywords":"0x4000000000000000","TimeCreated_attributes":{"SystemTime":"2020-10-17T11:38:39.343688Z"},"EventRecordID":8180,"Correlation_attributes":{"ActivityID":"C69D64CD-0ACD-4972-A166-4AA27FD0BC47"},"Execution_attributes":{"ProcessID":4832,"ThreadID":6192},"Channel":"Microsoft-Windows-Bits-Client/Operational","Computer":"MSEDGEWIN10","Security_attributes":{"UserID":"S-1-5-18"}},"EventData":{"transferId":"C69D64CD-0ACD-4972-A166-4AA27FD0BC47","name":"Font Download","Id":"316D5A72-C392-42AC-820F-8F390D3371E5","url":"https://fs.microsoft.com/fs/windows/config.json","peer":"","hr":2147954407,"fileTime":"1601-01-01T00:00:00.000000Z","fileLength":18446744073709551615,"bytesTotal":18446744073709551615,"bytesTransferred":0,"proxy":"","peerProtocolFlags":0,"bytesTransferredFromPeer":0,"AdditionalInfoHr":0,"PeerContextInfo":0,"bandwidthLimit":18446744073709551615,"ignoreBandwidthLimitsOnLan":false}}}
{"Event_attributes":{"xmlns":"http://schemas.microsoft.com/win/2004/08/events/event"},"Event":{"System":{"Provider_attributes":{"Name":"Microsoft-Windows-Bits-Client","Guid":"EF1CC15B-46C1-414E-BB95-E76B077BD51E"},"EventID":61,"Version":1,"Level":3,"Task":0,"Opcode":2,"Keywords":"0x4000000000000000","TimeCreated_attributes":{"SystemTime":"2020-10-17T11:38:39.358755Z"},"EventRecordID":8181,"Correlation_attributes":{"ActivityID":"BDE7A9E5-2332-4832-B1D1-1B63B56DDA1D"},"Execution_attributes":{"ProcessID":4832,"ThreadID":4788},"Channel":"Microsoft-Windows-Bits-Client/Operational","Computer":"MSEDGEWIN10","Security_attributes":{"UserID":"S-1-5-18"}},"EventData":{"transferId":"BDE7A9E5-2332-4832-B1D1-1B63B56DDA1D","name":"Font Download","Id":"316D5A72-C392-42AC-820F-8F390D3371E5","url":"https://fs.microsoft.com/fs/windows/config.json","peer":"","hr":2147954407,"fileTime":"1601-01-01T00:00:00.000000Z","fileLength":18446744073709551615,"bytesTotal":18446744073709551615,"bytesTransferred":0,"proxy":"","peerProtocolFlags":0,"bytesTransferredFromPeer":0,"AdditionalInfoHr":0,"PeerContextInfo":0,"bandwidthLimit":18446744073709551615,"ignoreBandwidthLimitsOnLan":false}}}
{"Event_attributes":{"xmlns":"http://schemas.microsoft.com/win/2004/08/events/event"},"Event":{"System":{"Provider_attributes":{"Name":"Microsoft-Windows-Bits-Client","Guid":"EF1CC15B-46C1-414E-BB95-E76B077BD51E"},"EventID":61,"Version":1,"Level":3,"Task":0,"Opcode":2,"Keywords":"0x4000000000000000","TimeCreated_attributes":{"SystemTime":"2020-10-17T11:38:40.367494Z"},"EventRecordID":8182,"Correlation_attributes":{"ActivityID":"2567EC65-A428-4C5D-B0FF-E651307CA828"},"Execution_attributes":{"ProcessID":4832,"ThreadID":2752},"Channel":"Microsoft-Windows-Bits-Client/Operational","Computer":"MSEDGEWIN10","Security_attributes":{"UserID":"S-1-5-18"}},"EventData":{"transferId":"2567EC65-A428-4C5D-B0FF-E651307CA828","name":"Font Download","Id":"316D5A72-C392-42AC-820F-8F390D3371E5","url":"https://fs.microsoft.com/fs/windows/config.json","peer":"","hr":2147954407,"fileTime":"1601-01-01T00:00:00.000000Z","fileLength":18446744073709551615,"bytesTotal":18446744073709551615,"bytesTransferred":0,"proxy":"","peerProtocolFlags":0,"bytesTransferredFromPeer":0,"AdditionalInfoHr":0,"PeerContextInfo":0,"bandwidthLimit":18446744073709551615,"ignoreBandwidthLimitsOnLan":false}}}
{"Event_attributes":{"xmlns":"http://schemas.microsoft.com/win/2004/08/events/event"},"Event":{"System":{"Provider_attributes":{"Name":"Microsoft-Windows-Bits-Client","Guid":"EF1CC15B-46C1-414E-BB95-E76B077BD51E"},"EventID":61,"Version":1,"Level":3,"Task":0,"Opcode":2,"Keywords":"0x4000000000000000","TimeCreated_attributes":{"SystemTime":"2020-10-17T11:38:41.385484Z"},"EventRecordID":8183,"Correlation_attributes":{"ActivityID":"1A8BAEEA-B6C5-4EC6-8456-E28D9F5F2EA0"},"Execution_attributes":{"ProcessID":4832,"ThreadID":4788},"Channel":"Microsoft-Windows-Bits-Client/Operational","Computer":"MSEDGEWIN10","Security_attributes":{"UserID":"S-1-5-18"}},"EventData":{"transferId":"1A8BAEEA-B6C5-4EC6-8456-E28D9F5F2EA0","name":"Font Download","Id":"316D5A72-C392-42AC-820F-8F390D3371E5","url":"https://fs.microsoft.com/fs/windows/config.json","peer":"","hr":2147954407,"fileTime":"1601-01-01T00:00:00.000000Z","fileLength":18446744073709551615,"bytesTotal":18446744073709551615,"bytesTransferred":0,"proxy":"","peerProtocolFlags":0,"bytesTransferredFromPeer":0,"AdditionalInfoHr":0,"PeerContextInfo":0,"bandwidthLimit":18446744073709551615,"ignoreBandwidthLimitsOnLan":false}}}
{"Event_attributes":{"xmlns":"http://schemas.microsoft.com/win/2004/08/events/event"},"Event":{"System":{"Provider_attributes":{"Name":"Microsoft-Windows-Bits-Client","Guid":"EF1CC15B-46C1-414E-BB95-E76B077BD51E"},"EventID":61,"Version":1,"Level":3,"Task":0,"Opcode":2,"Keywords":"0x4000000000000000","TimeCreated_attributes":{"SystemTime":"2020-10-17T11:38:42.399643Z"},"EventRecordID":8184,"Correlation_attributes":{"ActivityID":"8E16025B-9D97-4030-95A6-5EDD7BBF5090"},"Execution_attributes":{"ProcessID":4832,"ThreadID":2752},"Channel":"Microsoft-Windows-Bits-Client/Operational","Computer":"MSEDGEWIN10","Security_attributes":{"UserID":"S-1-5-18"}},"EventData":{"transferId":"8E16025B-9D97-4030-95A6-5EDD7BBF5090","name":"Font Download","Id":"316D5A72-C392-42AC-820F-8F390D3371E5","url":"https://fs.microsoft.com/fs/windows/config.json","peer":"","hr":2147954407,"fileTime":"1601-01-01T00:00:00.000000Z","fileLength":18446744073709551615,"bytesTotal":18446744073709551615,"bytesTransferred":0,"proxy":"","peerProtocolFlags":0,"bytesTransferredFromPeer":0,"AdditionalInfoHr":0,"PeerContextInfo":0,"bandwidthLimit":18446744073709551615,"ignoreBandwidthLimitsOnLan":false}}}
{"Event_attributes":{"xmlns":"http://schemas.microsoft.com/win/2004/08/events/event"},"Event":{"System":{"Provider_attributes":{"Name":"Microsoft-Windows-Bits-Client","Guid":"EF1CC15B-46C1-414E-BB95-E76B077BD51E"},"EventID":61,"Version":1,"Level":3,"Task":0,"Opcode":2,"Keywords":"0x4000000000000000","TimeCreated_attributes":{"SystemTime":"2020-10-17T11:38:43.402447Z"},"EventRecordID":8185,"Correlation_attributes":{"ActivityID":"335F8FB2-720C-4B26-8EA3-F2C8820737A3"},"Execution_attributes":{"ProcessID":4832,"ThreadID":2752},"Channel":"Microsoft-Windows-Bits-Client/Operational","Computer":"MSEDGEWIN10","Security_attributes":{"UserID":"S-1-5-18"}},"EventData":{"transferId":"335F8FB2-720C-4B26-8EA3-F2C8820737A3","name":"Font Download","Id":"316D5A72-C392-42AC-820F-8F390D3371E5","url":"https://fs.microsoft.com/fs/windows/config.json","peer":"","hr":2147954407,"fileTime":"1601-01-01T00:00:00.000000Z","fileLength":18446744073709551615,"bytesTotal":18446744073709551615,"bytesTransferred":0,"proxy":"","peerProtocolFlags":0,"bytesTransferredFromPeer":0,"AdditionalInfoHr":0,"PeerContextInfo":0,"bandwidthLimit":18446744073709551615,"ignoreBandwidthLimitsOnLan":false}}}
{"Event_attributes":{"xmlns":"http://schemas.microsoft.com/win/2004/08/events/event"},"Event":{"System":{"Provider_attributes":{"Name":"Microsoft-Windows-Bits-Client","Guid":"EF1CC15B-46C1-414E-BB95-E76B077BD51E"},"EventID":61,"Version":1,"Level":3,"Task":0,"Opcode":2,"Keywords":"0x4000000000000000","TimeCreated_attributes":{"SystemTime":"2020-10-17T11:38:44.470306Z"},"EventRecordID":8186,"Correlation_attributes":{"ActivityID":"ACC1B044-437D-45CB-A41B-BA8F018A77E3"},"Execution_attributes":{"ProcessID":4832,"ThreadID":6192},"Channel":"Microsoft-Windows-Bits-Client/Operational","Computer":"MSEDGEWIN10","Security_attributes":{"UserID":"S-1-5-18"}},"EventData":{"transferId":"ACC1B044-437D-45CB-A41B-BA8F018A77E3","name":"Font Download","Id":"316D5A72-C392-42AC-820F-8F390D3371E5","url":"https://fs.microsoft.com/fs/windows/config.json","peer":"","hr":2147954407,"fileTime":"1601-01-01T00:00:00.000000Z","fileLength":18446744073709551615,"bytesTotal":18446744073709551615,"bytesTransferred":0,"proxy":"","peerProtocolFlags":0,"bytesTransferredFromPeer":0,"AdditionalInfoHr":0,"PeerContextInfo":0,"bandwidthLimit":18446744073709551615,"ignoreBandwidthLimitsOnLan":false}}}
{"Event_attributes":{"xmlns":"http://schemas.microsoft.com/win/2004/08/events/event"},"Event":{"System":{"Provider_attributes":{"Name":"Microsoft-Windows-Bits-Client","Guid":"EF1CC15B-46C1-414E-BB95-E76B077BD51E"},"EventID":61,"Version":1,"Level":3,"Task":0,"Opcode":2,"Keywords":"0x4000000000000000","TimeCreated_attributes":{"SystemTime":"2020-10-17T11:38:45.484598Z"},"EventRecordID":8187,"Correlation_attributes":{"ActivityID":"5A6A7C48-755B-48B7-B74C-43BA52F4DCBD"},"Execution_attributes":{"ProcessID":4832,"ThreadID":2752},"Channel":"Microsoft-Windows-Bits-Client/Operational","Computer":"MSEDGEWIN10","Security_attributes":{"UserID":"S-1-5-18"}},"EventData":{"transferId":"5A6A7C48-755B-48B7-B74C-43BA52F4DCBD","name":"Font Download","Id":"316D5A72-C392-42AC-820F-8F390D3371E5","url":"https://fs.microsoft.com/fs/windows/config.json","peer":"","hr":2147954407,"fileTime":"1601-01-01T00:00:00.000000Z","fileLength":18446744073709551615,"bytesTotal":18446744073709551615,"bytesTransferred":0,"proxy":"","peerProtocolFlags":0,"bytesTransferredFromPeer":0,"AdditionalInfoHr":0,"PeerContextInfo":0,"bandwidthLimit":18446744073709551615,"ignoreBandwidthLimitsOnLan":false}}}
{"Event_attributes":{"xmlns":"http://schemas.microsoft.com/win/2004/08/events/event"},"Event":{"System":{"Provider_attributes":{"Name":"Microsoft-Windows-Bits-Client","Guid":"EF1CC15B-46C1-414E-BB95-E76B077BD51E"},"EventID":61,"Version":1,"Level":3,"Task":0,"Opcode":2,"Keywords":"0x4000000000000000","TimeCreated_attributes":{"SystemTime":"2020-10-17T11:38:46.501759Z"},"EventRecordID":8188,"Correlation_attributes":{"ActivityID":"F9204503-97A4-4187-AEF0-0E34AC1BA9B8"},"Execution_attributes":{"ProcessID":4832,"ThreadID":4788},"Channel":"Microsoft-Windows-Bits-Client/Operational","Computer":"MSEDGEWIN10","Security_attributes":{"UserID":"S-1-5-18"}},"EventData":{"transferId":"F9204503-97A4-4187-AEF0-0E34AC1BA9B8","name":"Font Download","Id":"316D5A72-C392-42AC-820F-8F390D3371E5","url":"https://fs.microsoft.com/fs/windows/config.json","peer":"","hr":2147954407,"fileTime":"1601-01-01T00:00:00.000000Z","fileLength":18446744073709551615,"bytesTotal":18446744073709551615,"bytesTransferred":0,"proxy":"","peerProtocolFlags":0,"bytesTransferredFromPeer":0,"AdditionalInfoHr":0,"PeerContextInfo":0,"bandwidthLimit":18446744073709551615,"ignoreBandwidthLimitsOnLan":false}}}
{"Event_attributes":{"xmlns":"http://schemas.microsoft.com/win/2004/08/events/event"},"Event":{"System":{"Provider_attributes":{"Name":"Microsoft-Windows-Bits-Client","Guid":"EF1CC15B-46C1-414E-BB95-E76B077BD51E"},"EventID":61,"Version":1,"Level":3,"Task":0,"Opcode":2,"Keywords":"0x4000000000000000","TimeCreated_attributes":{"SystemTime":"2020-10-17T11:38:47.501686Z"},"EventRecordID":8189,"Correlation_attributes":{"ActivityID":"2E20F3E5-3A24-4056-9A00-C7C00C80F082"},"Execution_attributes":{"ProcessID":4832,"ThreadID":6192},"Channel":"Microsoft-Windows-Bits-Client/Operational","Computer":"MSEDGEWIN10","Security_attributes":{"UserID":"S-1-5-18"}},"EventData":{"transferId":"2E20F3E5-3A24-4056-9A00-C7C00C80F082","name":"Font Download","Id":"316D5A72-C392-42AC-820F-8F390D3371E5","url":"https://fs.microsoft.com/fs/windows/config.json","peer":"","hr":2147954407,"fileTime":"1601-01-01T00:00:00.000000Z","fileLength":18446744073709551615,"bytesTotal":18446744073709551615,"bytesTransferred":0,"proxy":"","peerProtocolFlags":0,"bytesTransferredFromPeer":0,"AdditionalInfoHr":0,"PeerContextInfo":0,"bandwidthLimit":18446744073709551615,"ignoreBandwidthLimitsOnLan":false}}}
{"Event_attributes":{"xmlns":"http://schemas.microsoft.com/win/2004/08/events/event"},"Event":{"System":{"Provider_attributes":{"Name":"Microsoft-Windows-Bits-Client","Guid":"EF1CC15B-46C1-414E-BB95-E76B077BD51E"},"EventID":61,"Version":1,"Level":3,"Task":0,"Opcode":2,"Keywords":"0x4000000000000000","TimeCreated_attributes":{"SystemTime":"2020-10-17T11:38:48.501525Z"},"EventRecordID":8190,"Correlation_attributes":{"ActivityID":"E98301A6-D519-4D6B-99A9-CDA2F8C76CC7"},"Execution_attributes":{"ProcessID":4832,"ThreadID":6192},"Channel":"Microsoft-Windows-Bits-Client/Operational","Computer":"MSEDGEWIN10","Security_attributes":{"UserID":"S-1-5-18"}},"EventData":{"transferId":"E98301A6-D519-4D6B-99A9-CDA2F8C76CC7","name":"Font Download","Id":"316D5A72-C392-42AC-820F-8F390D3371E5","url":"https://fs.microsoft.com/fs/windows/config.json","peer":"","hr":2147954407,"fileTime":"1601-01-01T00:00:00.000000Z","fileLength":18446744073709551615,"bytesTotal":18446744073709551615,"bytesTransferred":0,"proxy":"","peerProtocolFlags":0,"bytesTransferredFromPeer":0,"AdditionalInfoHr":0,"PeerContextInfo":0,"bandwidthLimit":18446744073709551615,"ignoreBandwidthLimitsOnLan":false}}}
{"Event_attributes":{"xmlns":"http://schemas.microsoft.com/win/2004/08/events/event"},"Event":{"System":{"Provider_attributes":{"Name":"Microsoft-Windows-Bits-Client","Guid":"EF1CC15B-46C1-414E-BB95-E76B077BD51E"},"EventID":61,"Version":1,"Level":3,"Task":0,"Opcode":2,"Keywords":"0x4000000000000000","TimeCreated_attributes":{"SystemTime":"2020-10-17T11:38:49.522827Z"},"EventRecordID":8191,"Correlation_attributes":{"ActivityID":"502EFAEB-AA23-4A68-A635-46BE025A9322"},"Execution_attributes":{"ProcessID":4832,"ThreadID":2752},"Channel":"Microsoft-Windows-Bits-Client/Operational","Computer":"MSEDGEWIN10","Security_attributes":{"UserID":"S-1-5-18"}},"EventData":{"transferId":"502EFAEB-AA23-4A68-A635-46BE025A9322","name":"Font Download","Id":"316D5A72-C392-42AC-820F-8F390D3371E5","url":"https://fs.microsoft.com/fs/windows/config.json","peer":"","hr":2147954407,"fileTime":"1601-01-01T00:00:00.000000Z","fileLength":18446744073709551615,"bytesTotal":18446744073709551615,"bytesTransferred":0,"proxy":"","peerProtocolFlags":0,"bytesTransferredFromPeer":0,"AdditionalInfoHr":0,"PeerContextInfo":0,"bandwidthLimit":18446744073709551615,"ignoreBandwidthLimitsOnLan":false}}}
{"Event_attributes":{"xmlns":"http://schemas.microsoft.com/win/2004/08/events/event"},"Event":{"System":{"Provider_attributes":{"Name":"Microsoft-Windows-Bits-Client","Guid":"EF1CC15B-46C1-414E-BB95-E76B077BD51E"},"EventID":310,"Version":0,"Level":3,"Task":0,"Opcode":0,"Keywords":"0x4000000000000000","TimeCreated_attributes":{"SystemTime":"2020-10-17T11:38:58.609082Z"},"EventRecordID":8192,"Correlation":null,"Execution_attributes":{"ProcessID":4832,"ThreadID":7156},"Channel":"Microsoft-Windows-Bits-Client/Operational","Computer":"MSEDGEWIN10","Security_attributes":{"UserID":"S-1-5-18"}},"EventData":{"ErrorCode":2147942450}}}
{"Event_attributes":{"xmlns":"http://schemas.microsoft.com/win/2004/08/events/event"},"Event":{"System":{"Provider_attributes":{"Name":"Microsoft-Windows-Bits-Client","Guid":"EF1CC15B-46C1-414E-BB95-E76B077BD51E"},"EventID":59,"Version":1,"Level":4,"Task":0,"Opcode":1,"Keywords":"0x4000000000000000","TimeCreated_attributes":{"SystemTime":"2020-10-17T11:38:58.613451Z"},"EventRecordID":8193,"Correlation_attributes":{"ActivityID":"B78F5411-669A-4B66-98B4-97BB0F7C5BAD"},"Execution_attributes":{"ProcessID":4832,"ThreadID":7156},"Channel":"Microsoft-Windows-Bits-Client/Operational","Computer":"MSEDGEWIN10","Security_attributes":{"UserID":"S-1-5-18"}},"EventData":{"transferId":"B78F5411-669A-4B66-98B4-97BB0F7C5BAD","name":"Font Download","Id":"316D5A72-C392-42AC-820F-8F390D3371E5","url":"https://fs.microsoft.com/fs/windows/config.json","peer":"","fileTime":"2017-04-20T16:10:39.000000Z","fileLength":55,"bytesTotal":55,"bytesTransferred":0,"bytesTransferredFromPeer":0}}}
{"Event_attributes":{"xmlns":"http://schemas.microsoft.com/win/2004/08/events/event"},"Event":{"System":{"Provider_attributes":{"Name":"Microsoft-Windows-Bits-Client","Guid":"EF1CC15B-46C1-414E-BB95-E76B077BD51E"},"EventID":60,"Version":1,"Level":4,"Task":0,"Opcode":2,"Keywords":"0x4000000000000000","TimeCreated_attributes":{"SystemTime":"2020-10-17T11:38:58.778035Z"},"EventRecordID":8194,"Correlation_attributes":{"ActivityID":"B78F5411-669A-4B66-98B4-97BB0F7C5BAD"},"Execution_attributes":{"ProcessID":4832,"ThreadID":4156},"Channel":"Microsoft-Windows-Bits-Client/Operational","Computer":"MSEDGEWIN10","Security_attributes":{"UserID":"S-1-5-18"}},"EventData":{"transferId":"B78F5411-669A-4B66-98B4-97BB0F7C5BAD","name":"Font Download","Id":"316D5A72-C392-42AC-820F-8F390D3371E5","url":"https://fs.microsoft.com/fs/windows/config.json","peer":"","hr":0,"fileTime":"2017-04-20T16:10:39.000000Z","fileLength":55,"bytesTotal":55,"bytesTransferred":55,"proxy":"","peerProtocolFlags":0,"bytesTransferredFromPeer":0,"AdditionalInfoHr":0,"PeerContextInfo":0,"bandwidthLimit":18446744073709551615,"ignoreBandwidthLimitsOnLan":false}}}
{"Event_attributes":{"xmlns":"http://schemas.microsoft.com/win/2004/08/events/event"},"Event":{"System":{"Provider_attributes":{"Name":"Microsoft-Windows-Bits-Client","Guid":"EF1CC15B-46C1-414E-BB95-E76B077BD51E"},"EventID":4,"Version":1,"Level":4,"Task":0,"Opcode":0,"Keywords":"0x4000000000000000","TimeCreated_attributes":{"SystemTime":"2020-10-17T11:38:58.796874Z"},"EventRecordID":8195,"Correlation":null,"Execution_attributes":{"ProcessID":4832,"ThreadID":4156},"Channel":"Microsoft-Windows-Bits-Client/Operational","Computer":"MSEDGEWIN10","Security_attributes":{"UserID":"S-1-5-18"}},"EventData":{"User":"NT AUTHORITY\\LOCAL SERVICE","jobTitle":"Font Download","jobId":"316D5A72-C392-42AC-820F-8F390D3371E5","jobOwner":"NT AUTHORITY\\LOCAL SERVICE","fileCount":1,"bytesTransferred":55,"bytesTransferredFromPeer":0}}}
{"Event_attributes":{"xmlns":"http://schemas.microsoft.com/win/2004/08/events/event"},"Event":{"System":{"Provider_attributes":{"Name":"Microsoft-Windows-Bits-Client","Guid":"EF1CC15B-46C1-414E-BB95-E76B077BD51E"},"EventID":306,"Version":0,"Level":5,"Task":0,"Opcode":0,"Keywords":"0x4000000000000000","TimeCreated_attributes":{"SystemTime":"2020-10-17T11:50:02.102751Z"},"EventRecordID":8196,"Correlation":null,"Execution_attributes":{"ProcessID":4964,"ThreadID":8840},"Channel":"Microsoft-Windows-Bits-Client/Operational","Computer":"MSEDGEWIN10","Security_attributes":{"UserID":"S-1-5-18"}},"EventData":null}}
{"Event_attributes":{"xmlns":"http://schemas.microsoft.com/win/2004/08/events/event"},"Event":{"System":{"Provider_attributes":{"Name":"Microsoft-Windows-Bits-Client","Guid":"EF1CC15B-46C1-414E-BB95-E76B077BD51E"},"EventID":3,"Version":2,"Level":4,"Task":0,"Opcode":0,"Keywords":"0x4000000000000000","TimeCreated_attributes":{"SystemTime":"2020-10-17T11:50:02.510734Z"},"EventRecordID":8197,"Correlation":null,"Execution_attributes":{"ProcessID":4964,"ThreadID":6460},"Channel":"Microsoft-Windows-Bits-Client/Operational","Computer":"MSEDGEWIN10","Security_attributes":{"UserID":"S-1-5-18"}},"EventData":{"jobTitle":"C:\\Users\\IEUser\\AppData\\Local\\Temp\\{ACA8FE61-4C38-4216-A89C-9F88343DF21F}-GoogleUpdateSetup.exe","jobId":"400B6CF7-D355-4E0C-B9AE-4E8D8C8FF6A0","jobOwner":"MSEDGEWIN10\\IEUser","processPath":"C:\\Program Files (x86)\\Google\\Update\\GoogleUpdate.exe","processId":5560}}}
{"Event_attributes":{"xmlns":"http://schemas.microsoft.com/win/2004/08/events/event"},"Event":{"System":{"Provider_attributes":{"Name":"Microsoft-Windows-Bits-Client","Guid":"EF1CC15B-46C1-414E-BB95-E76B077BD51E"},"EventID":310,"Version":0,"Level":3,"Task":0,"Opcode":0,"Keywords":"0x4000000000000000","TimeCreated_attributes":{"SystemTime":"2020-10-17T11:50:02.643887Z"},"EventRecordID":8198,"Correlation":null,"Execution_attributes":{"ProcessID":4964,"ThreadID":2612},"Channel":"Microsoft-Windows-Bits-Client/Operational","Computer":"MSEDGEWIN10","Security_attributes":{"UserID":"S-1-5-18"}},"EventData":{"ErrorCode":2147942450}}}
