{"Event_attributes":{"xmlns":"http://schemas.microsoft.com/win/2004/08/events/event"},"Event":{"System":{"Provider_attributes":{"Name":"Microsoft-Windows-Bits-Client","Guid":"EF1CC15B-46C1-414E-BB95-E76B077BD51E"},"EventID":61,"Version":1,"Level":3,"Task":0,"Opcode":2,"Keywords":"0x4000000000000000","TimeCreated_attributes":{"SystemTime":"2020-10-13T20:55:29.162150Z"},"EventRecordID":8016,"Correlation_attributes":{"ActivityID":"EDA96E27-28BB-4D1C-9C92-3FF2399C06F4"},"Execution_attributes":{"ProcessID":4856,"ThreadID":4964},"Channel":"Microsoft-Windows-Bits-Client/Operational","Computer":"MSEDGEWIN10","Security_attributes":{"UserID":"S-1-5-18"}},"EventData":{"transferId":"EDA96E27-28BB-4D1C-9C92-3FF2399C06F4","name":"PreSignInSettingsConfigJSON","Id":"B7955873-36D5-4EEE-99CF-F09C7F809548","url":"https://g.live.com/odclientsettings/Prod","peer":"","hr":2147954407,"fileTime":"1601-01-01T00:00:00.000000Z","fileLength":18446744073709551615,"bytesTotal":18446744073709551615,"bytesTransferred":0,"proxy":"","peerProtocolFlags":0,"bytesTransferredFromPeer":0,"AdditionalInfoHr":0,"PeerContextInfo":0,"bandwidthLimit":18446744073709551615,"ignoreBandwidthLimitsOnLan":false}}}
{"Event_attributes":{"xmlns":"http://schemas.microsoft.com/win/2004/08/events/event"},"Event":{"System":{"Provider_attributes":{"Name":"Microsoft-Windows-Bits-Client","Guid":"EF1CC15B-46C1-414E-BB95-E76B077BD51E"},"EventID":61,"Version":1,"Level":3,"Task":0,"Opcode":2,"Keywords":"0x4000000000000000","TimeCreated_attributes":{"SystemTime":"2020-10-13T20:55:34.591914Z"},"EventRecordID":8017,"Correlation_attributes":{"ActivityID":"91218A15-0B8E-43D3-B5DB-31B724E88972"},"Execution_attributes":{"ProcessID":4856,"ThreadID":4964},"Channel":"Microsoft-Windows-Bits-Client/Operational","Computer":"MSEDGEWIN10","Security_attributes":{"UserID":"S-1-5-18"}},"EventData":{"transferId":"91218A15-0B8E-43D3-B5DB-31B724E88972","name":"Font Download","Id":"9C347F55-5A52-446B-8653-47C446E748A3","url":"https://fs.microsoft.com/fs/windows/config.json","peer":"","hr":2147954407,"fileTime":"1601-01-01T00:00:00.000000Z","fileLength":18446744073709551615,"bytesTotal":18446744073709551615,"bytesTransferred":0,"proxy":"","peerProtocolFlags":0,"bytesTransferredFromPeer":0,"AdditionalInfoHr":0,"PeerContextInfo":0,"bandwidthLimit":18446744073709551615,"ignoreBandwidthLimitsOnLan":false}}}
{"Event_attributes":{"xmlns":"http://schemas.microsoft.com/win/2004/08/events/event"},"Event":{"System":{"Provider_attributes":{"Name":"Microsoft-Windows-Bits-Client","Guid":"EF1CC15B-46C1-414E-BB95-E76B077BD51E"},"EventID":61,"Version":1,"Level":3,"Task":0,"Opcode":2,"Keywords":"0x4000000000000000","TimeCreated_attributes":{"SystemTime":"2020-10-13T20:55:49.606592Z"},"EventRecordID":8018,"Correlation_attributes":{"ActivityID":"5CD01D34-FFE0-450D-A58F-B852303F5702"},"Execution_attributes":{"ProcessID":4856,"ThreadID":4776},"Channel":"Microsoft-Windows-Bits-Client/Operational","Computer":"MSEDGEWIN10","Security_attributes":{"UserID":"S-1-5-18"}},"EventData":{"transferId":"5CD01D34-FFE0-450D-A58F-B852303F5702","name":"PreSignInSettingsConfigJSON","Id":"B7955873-36D5-4EEE-99CF-F09C7F809548","url":"https://g.live.com/odclientsettings/Prod","peer":"","hr":2147954407,"fileTime":"1601-01-01T00:00:00.000000Z","fileLength":18446744073709551615,"bytesTotal":18446744073709551615,"bytesTransferred":0,"proxy":"","peerProtocolFlags":0,"bytesTransferredFromPeer":0,"AdditionalInfoHr":0,"PeerContextInfo":0,"bandwidthLimit":18446744073709551615,"ignoreBandwidthLimitsOnLan":false}}}
{"Event_attributes":{"xmlns":"http://schemas.microsoft.com/win/2004/08/events/event"},"Event":{"System":{"Provider_attributes":{"Name":"Microsoft-Windows-Bits-Client","Guid":"EF1CC15B-46C1-414E-BB95-E76B077BD51E"},"EventID":61,"Version":1,"Level":3,"Task":0,"Opcode":2,"Keywords":"0x4000000000000000","TimeCreated_attributes":{"SystemTime":"2020-10-13T20:56:04.572125Z"},"EventRecordID":8019,"Correlation_attributes":{"ActivityID":"91CB6E05-7282-42AA-830B-4DA4EB437CC0"},"Execution_attributes":{"ProcessID":4856,"ThreadID":4956},"Channel":"Microsoft-Windows-Bits-Client/Operational","Computer":"MSEDGEWIN10","Security_attributes":{"UserID":"S-1-5-18"}},"EventData":{"transferId":"91CB6E05-7282-42AA-830B-4DA4EB437CC0","name":"PreSignInSettingsConfigJSON","Id":"B7955873-36D5-4EEE-99CF-F09C7F809548","url":"https://g.live.com/odclientsettings/Prod","peer":"","hr":2147954407,"fileTime":"1601-01-01T00:00:00.000000Z","fileLength":18446744073709551615,"bytesTotal":18446744073709551615,"bytesTransferred":0,"proxy":"","peerProtocolFlags":0,"bytesTransferredFromPeer":0,"AdditionalInfoHr":0,"PeerContextInfo":0,"bandwidthLimit":18446744073709551615,"ignoreBandwidthLimitsOnLan":false}}}
{"Event_attributes":{"xmlns":"http://schemas.microsoft.com/win/2004/08/events/event"},"Event":{"System":{"Provider_attributes":{"Name":"Microsoft-Windows-Bits-Client","Guid":"EF1CC15B-46C1-414E-BB95-E76B077BD51E"},"EventID":61,"Version":1,"Level":3,"Task":0,"Opcode":2,"Keywords":"0x4000000000000000","TimeCreated_attributes":{"SystemTime":"2020-10-13T20:56:18.057586Z"},"EventRecordID":8020,"Correlation_attributes":{"ActivityID":"AEB36198-F362-4BEF-881E-2CAB539504AD"},"Execution_attributes":{"ProcessID":4856,"ThreadID":4964},"Channel":"Microsoft-Windows-Bits-Client/Operational","Computer":"MSEDGEWIN10","Security_attributes":{"UserID":"S-1-5-18"}},"EventData":{"transferId":"AEB36198-F362-4BEF-881E-2CAB539504AD","name":"PreSignInSettingsConfigJSON","Id":"B7955873-36D5-4EEE-99CF-F09C7F809548","url":"https://g.live.com/odclientsettings/Prod","peer":"","hr":2147954407,"fileTime":"1601-01-01T00:00:00.000000Z","fileLength":18446744073709551615,"bytesTotal":18446744073709551615,"bytesTransferred":0,"proxy":"","peerProtocolFlags":0,"bytesTransferredFromPeer":0,"AdditionalInfoHr":0,"PeerContextInfo":0,"bandwidthLimit":18446744073709551615,"ignoreBandwidthLimitsOnLan":false}}}
{"Event_attributes":{"xmlns":"http://schemas.microsoft.com/win/2004/08/events/event"},"Event":{"System":{"Provider_attributes":{"Name":"Microsoft-Windows-Bits-Client","Guid":"EF1CC15B-46C1-414E-BB95-E76B077BD51E"},"EventID":5,"Version":0,"Level":4,"Task":0,"Opcode":0,"Keywords":"0x4000000000000000","TimeCreated_attributes":{"SystemTime":"2020-10-13T20:56:37.383981Z"},"EventRecordID":8021,"Correlation":null,"Execution_attributes":{"ProcessID":4856,"ThreadID":4964},"Channel":"Microsoft-Windows-Bits-Client/Operational","Computer":"MSEDGEWIN10","Security_attributes":{"UserID":"S-1-5-21-3461203602-4096304019-2269080069-1000"}},"EventData":{"User":"MSEDGEWIN10\\IEUser","jobTitle":"PreSignInSettingsConfigJSON","jobId":"B7955873-36D5-4EEE-99CF-F09C7F809548","jobOwner":"MSEDGEWIN10\\IEUser","fileCount":1}}}
{"Event_attributes":{"xmlns":"http://schemas.microsoft.com/win/2004/08/events/event"},"Event":{"System":{"Provider_attributes":{"Name":"Microsoft-Windows-Bits-Client","Guid":"EF1CC15B-46C1-414E-BB95-E76B077BD51E"},"EventID":3,"Version":2,"Level":4,"Task":0,"Opcode":0,"Keywords":"0x4000000000000000","TimeCreated_attributes":{"SystemTime":"2020-10-13T20:57:19.411934Z"},"EventRecordID":8022,"Correlation":null,"Execution_attributes":{"ProcessID":4856,"ThreadID":4776},"Channel":"Microsoft-Windows-Bits-Client/Operational","Computer":"MSEDGEWIN10","Security_attributes":{"UserID":"S-1-5-18"}},"EventData":{"jobTitle":"UpdateDescriptionXml","jobId":"98F72ACC-C7BA-4167-AF5F-5F2F244DFFE1","jobOwner":"MSEDGEWIN10\\IEUser","processPath":"C:\\Users\\IEUser\\AppData\\Local\\Microsoft\\OneDrive\\OneDriveStandaloneUpdater.exe","processId":7180}}}
{"Event_attributes":{"xmlns":"http://schemas.microsoft.com/win/2004/08/events/event"},"Event":{"System":{"Provider_attributes":{"Name":"Microsoft-Windows-Bits-Client","Guid":"EF1CC15B-46C1-414E-BB95-E76B077BD51E"},"EventID":61,"Version":1,"Level":3,"Task":0,"Opcode":2,"Keywords":"0x4000000000000000","TimeCreated_attributes":{"SystemTime":"2020-10-13T20:57:19.439605Z"},"EventRecordID":8023,"Correlation_attributes":{"ActivityID":"F195EDD6-6BDB-48F9-9F84-69748FD197E3"},"Execution_attributes":{"ProcessID":4856,"ThreadID":4776},"Channel":"Microsoft-Windows-Bits-Client/Operational","Computer":"MSEDGEWIN10","Security_attributes":{"UserID":"S-1-5-18"}},"EventData":{"transferId":"F195EDD6-6BDB-48F9-9F84-69748FD197E3","name":"UpdateDescriptionXml","Id":"98F72ACC-C7BA-4167-AF5F-5F2F244DFFE1","url":"https://g.live.com/1rewlive5skydrive/ODSUProduction","peer":"","hr":2147954407,"fileTime":"1601-01-01T00:00:00.000000Z","fileLength":18446744073709551615,"bytesTotal":18446744073709551615,"bytesTransferred":0,"proxy":"","peerProtocolFlags":0,"bytesTransferredFromPeer":0,"AdditionalInfoHr":0,"PeerContextInfo":0,"bandwidthLimit":18446744073709551615,"ignoreBandwidthLimitsOnLan":false}}}
{"Event_attributes":{"xmlns":"http://schemas.microsoft.com/win/2004/08/events/event"},"Event":{"System":{"Provider_attributes":{"Name":"Microsoft-Windows-Bits-Client","Guid":"EF1CC15B-46C1-414E-BB95-E76B077BD51E"},"EventID":61,"Version":1,"Level":3,"Task":0,"Opcode":2,"Keywords":"0x4000000000000000","TimeCreated_attributes":{"SystemTime":"2020-10-13T20:57:29.443056Z"},"EventRecordID":8024,"Correlation_attributes":{"ActivityID":"97F5E1CC-B4B1-4A7C-A7B3-153E8B4CC815"},"Execution_attributes":{"ProcessID":4856,"ThreadID":4776},"Channel":"Microsoft-Windows-Bits-Client/Operational","Computer":"MSEDGEWIN10","Security_attributes":{"UserID":"S-1-5-18"}},"EventData":{"transferId":"97F5E1CC-B4B1-4A7C-A7B3-153E8B4CC815","name":"UpdateDescriptionXml","Id":"98F72ACC-C7BA-4167-AF5F-5F2F244DFFE1","url":"https://g.live.com/1rewlive5skydrive/ODSUProduction","peer":"","hr":2147954407,"fileTime":"1601-01-01T00:00:00.000000Z","fileLength":18446744073709551615,"bytesTotal":18446744073709551615,"bytesTransferred":0,"proxy":"","peerProtocolFlags":0,"bytesTransferredFromPeer":0,"AdditionalInfoHr":0,"PeerContextInfo":0,"bandwidthLimit":18446744073709551615,"ignoreBandwidthLimitsOnLan":false}}}
{"Event_attributes":{"xmlns":"http://schemas.microsoft.com/win/2004/08/events/event"},"Event":{"System":{"Provider_attributes":{"Name":"Microsoft-Windows-Bits-Client","Guid":"EF1CC15B-46C1-414E-BB95-E76B077BD51E"},"EventID":61,"Version":1,"Level":3,"Task":0,"Opcode":2,"Keywords":"0x4000000000000000","TimeCreated_attributes":{"SystemTime":"2020-10-13T20:57:39.462458Z"},"EventRecordID":8025,"Correlation_attributes":{"ActivityID":"2B2F824F-E984-4F47-BC38-5AA15FB556E2"},"Execution_attributes":{"ProcessID":4856,"ThreadID":4964},"Channel":"Microsoft-Windows-Bits-Client/Operational","Computer":"MSEDGEWIN10","Security_attributes":{"UserID":"S-1-5-18"}},"EventData":{"transferId":"2B2F824F-E984-4F47-BC38-5AA15FB556E2","name":"UpdateDescriptionXml","Id":"98F72ACC-C7BA-4167-AF5F-5F2F244DFFE1","url":"https://g.live.com/1rewlive5skydrive/ODSUProduction","peer":"","hr":2147954407,"fileTime":"1601-01-01T00:00:00.000000Z","fileLength":18446744073709551615,"bytesTotal":18446744073709551615,"bytesTransferred":0,"proxy":"","peerProtocolFlags":0,"bytesTransferredFromPeer":0,"AdditionalInfoHr":0,"PeerContextInfo":0,"bandwidthLimit":18446744073709551615,"ignoreBandwidthLimitsOnLan":false}}}
{"Event_attributes":{"xmlns":"http://schemas.microsoft.com/win/2004/08/events/event"},"Event":{"System":{"Provider_attributes":{"Name":"Microsoft-Windows-Bits-Client","Guid":"EF1CC15B-46C1-414E-BB95-E76B077BD51E"},"EventID":61,"Version":1,"Level":3,"Task":0,"Opcode":2,"Keywords":"0x4000000000000000","TimeCreated_attributes":{"SystemTime":"2020-10-13T20:57:49.466445Z"},"EventRecordID":8026,"Correlation_attributes":{"ActivityID":"B3C1D3AC-6D2B-4944-83BB-AE259BD06E55"},"Execution_attributes":{"ProcessID":4856,"ThreadID":4964},"Channel":"Microsoft-Windows-Bits-Client/Operational","Computer":"MSEDGEWIN10","Security_attributes":{"UserID":"S-1-5-18"}},"EventData":{"transferId":"B3C1D3AC-6D2B-4944-83BB-AE259BD06E55","name":"UpdateDescriptionXml","Id":"98F72ACC-C7BA-4167-AF5F-5F2F244DFFE1","url":"https://g.live.com/1rewlive5skydrive/ODSUProduction","peer":"","hr":2147954407,"fileTime":"1601-01-01T00:00:00.000000Z","fileLength":18446744073709551615,"bytesTotal":18446744073709551615,"bytesTransferred":0,"proxy":"","peerProtocolFlags":0,"bytesTransferredFromPeer":0,"AdditionalInfoHr":0,"PeerContextInfo":0,"bandwidthLimit":18446744073709551615,"ignoreBandwidthLimitsOnLan":false}}}
{"Event_attributes":{"xmlns":"http://schemas.microsoft.com/win/2004/08/events/event"},"Event":{"System":{"Provider_attributes":{"Name":"Microsoft-Windows-Bits-Client","Guid":"EF1CC15B-46C1-414E-BB95-E76B077BD51E"},"EventID":61,"Version":1,"Level":3,"Task":0,"Opcode":2,"Keywords":"0x4000000000000000","TimeCreated_attributes":{"SystemTime":"2020-10-13T20:58:00.188485Z"},"EventRecordID":8027,"Correlation_attributes":{"ActivityID":"EBFFD490-465B-4E3B-9988-E65D4444DD63"},"Execution_attributes":{"ProcessID":4856,"ThreadID":3340},"Channel":"Microsoft-Windows-Bits-Client/Operational","Computer":"MSEDGEWIN10","Security_attributes":{"UserID":"S-1-5-18"}},"EventData":{"transferId":"EBFFD490-465B-4E3B-9988-E65D4444DD63","name":"UpdateDescriptionXml","Id":"98F72ACC-C7BA-4167-AF5F-5F2F244DFFE1","url":"https://g.live.com/1rewlive5skydrive/ODSUProduction","peer":"","hr":2147954407,"fileTime":"1601-01-01T00:00:00.000000Z","fileLength":18446744073709551615,"bytesTotal":18446744073709551615,"bytesTransferred":0,"proxy":"","peerProtocolFlags":0,"bytesTransferredFromPeer":0,"AdditionalInfoHr":0,"PeerContextInfo":0,"bandwidthLimit":18446744073709551615,"ignoreBandwidthLimitsOnLan":false}}}
{"Event_attributes":{"xmlns":"http://schemas.microsoft.com/win/2004/08/events/event"},"Event":{"System":{"Provider_attributes":{"Name":"Microsoft-Windows-Bits-Client","Guid":"EF1CC15B-46C1-414E-BB95-E76B077BD51E"},"EventID":61,"Version":1,"Level":3,"Task":0,"Opcode":2,"Keywords":"0x4000000000000000","TimeCreated_attributes":{"SystemTime":"2020-10-13T20:58:10.194356Z"},"EventRecordID":8028,"Correlation_attributes":{"ActivityID":"084131AB-AB8C-427F-89C9-EB5DD1FB61B0"},"Execution_attributes":{"ProcessID":4856,"ThreadID":4776},"Channel":"Microsoft-Windows-Bits-Client/Operational","Computer":"MSEDGEWIN10","Security_attributes":{"UserID":"S-1-5-18"}},"EventData":{"transferId":"084131AB-AB8C-427F-89C9-EB5DD1FB61B0","name":"UpdateDescriptionXml","Id":"98F72ACC-C7BA-4167-AF5F-5F2F244DFFE1","url":"https://g.live.com/1rewlive5skydrive/ODSUProduction","peer":"","hr":2147954407,"fileTime":"1601-01-01T00:00:00.000000Z","fileLength":18446744073709551615,"bytesTotal":18446744073709551615,"bytesTransferred":0,"proxy":"","peerProtocolFlags":0,"bytesTransferredFromPeer":0,"AdditionalInfoHr":0,"PeerContextInfo":0,"bandwidthLimit":18446744073709551615,"ignoreBandwidthLimitsOnLan":false}}}
{"Event_attributes":{"xmlns":"http://schemas.microsoft.com/win/2004/08/events/event"},"Event":{"System":{"Provider_attributes":{"Name":"Microsoft-Windows-Bits-Client","Guid":"EF1CC15B-46C1-414E-BB95-E76B077BD51E"},"EventID":61,"Version":1,"Level":3,"Task":0,"Opcode":2,"Keywords":"0x4000000000000000","TimeCreated_attributes":{"SystemTime":"2020-10-13T20:58:20.214009Z"},"EventRecordID":8029,"Correlation_attributes":{"ActivityID":"C21FEDD1-A794-47DD-8669-203E4FABD402"},"Execution_attributes":{"ProcessID":4856,"ThreadID":4964},"Channel":"Microsoft-Windows-Bits-Client/Operational","Computer":"MSEDGEWIN10","Security_attributes":{"UserID":"S-1-5-18"}},"EventData":{"transferId":"C21FEDD1-A794-47DD-8669-203E4FABD402","name":"UpdateDescriptionXml","Id":"98F72ACC-C7BA-4167-AF5F-5F2F244DFFE1","url":"https://g.live.com/1rewlive5skydrive/ODSUProduction","peer":"","hr":2147954407,"fileTime":"1601-01-01T00:00:00.000000Z","fileLength":18446744073709551615,"bytesTotal":18446744073709551615,"bytesTransferred":0,"proxy":"","peerProtocolFlags":0,"bytesTransferredFromPeer":0,"AdditionalInfoHr":0,"PeerContextInfo":0,"bandwidthLimit":18446744073709551615,"ignoreBandwidthLimitsOnLan":false}}}
{"Event_attributes":{"xmlns":"http://schemas.microsoft.com/win/2004/08/events/event"},"Event":{"System":{"Provider_attributes":{"Name":"Microsoft-Windows-Bits-Client","Guid":"EF1CC15B-46C1-414E-BB95-E76B077BD51E"},"EventID":61,"Version":1,"Level":3,"Task":0,"Opcode":2,"Keywords":"0x4000000000000000","TimeCreated_attributes":{"SystemTime":"2020-10-13T20:58:30.219439Z"},"EventRecordID":8030,"Correlation_attributes":{"ActivityID":"BCE99C5C-1DCC-4726-8CD6-EE78F19C578B"},"Execution_attributes":{"ProcessID":4856,"ThreadID":3340},"Channel":"Microsoft-Windows-Bits-Client/Operational","Computer":"MSEDGEWIN10","Security_attributes":{"UserID":"S-1-5-18"}},"EventData":{"transferId":"BCE99C5C-1DCC-4726-8CD6-EE78F19C578B","name":"UpdateDescriptionXml","Id":"98F72ACC-C7BA-4167-AF5F-5F2F244DFFE1","url":"https://g.live.com/1rewlive5skydrive/ODSUProduction","peer":"","hr":2147954407,"fileTime":"1601-01-01T00:00:00.000000Z","fileLength":18446744073709551615,"bytesTotal":18446744073709551615,"bytesTransferred":0,"proxy":"","peerProtocolFlags":0,"bytesTransferredFromPeer":0,"AdditionalInfoHr":0,"PeerContextInfo":0,"bandwidthLimit":18446744073709551615,"ignoreBandwidthLimitsOnLan":false}}}
{"Event_attributes":{"xmlns":"http://schemas.microsoft.com/win/2004/08/events/event"},"Event":{"System":{"Provider_attributes":{"Name":"Microsoft-Windows-Bits-Client","Guid":"EF1CC15B-46C1-414E-BB95-E76B077BD51E"},"EventID":61,"Version":1,"Level":3,"Task":0,"Opcode":2,"Keywords":"0x4000000000000000","TimeCreated_attributes":{"SystemTime":"2020-10-13T20:58:44.976963Z"},"EventRecordID":8031,"Correlation_attributes":{"ActivityID":"7629765B-20C2-4EB6-9DD6-14A967AD4181"},"Execution_attributes":{"ProcessID":4856,"ThreadID":4776},"Channel":"Microsoft-Windows-Bits-Client/Operational","Computer":"MSEDGEWIN10","Security_attributes":{"UserID":"S-1-5-18"}},"EventData":{"transferId":"7629765B-20C2-4EB6-9DD6-14A967AD4181","name":"UpdateDescriptionXml","Id":"98F72ACC-C7BA-4167-AF5F-5F2F244DFFE1","url":"https://g.live.com/1rewlive5skydrive/ODSUProduction","peer":"","hr":2147954407,"fileTime":"1601-01-01T00:00:00.000000Z","fileLength":18446744073709551615,"bytesTotal":18446744073709551615,"bytesTransferred":0,"proxy":"","peerProtocolFlags":0,"bytesTransferredFromPeer":0,"AdditionalInfoHr":0,"PeerContextInfo":0,"bandwidthLimit":18446744073709551615,"ignoreBandwidthLimitsOnLan":false}}}
{"Event_attributes":{"xmlns":"http://schemas.microsoft.com/win/2004/08/events/event"},"Event":{"System":{"Provider_attributes":{"Name":"Microsoft-Windows-Bits-Client","Guid":"EF1CC15B-46C1-414E-BB95-E76B077BD51E"},"EventID":61,"Version":1,"Level":3,"Task":0,"Opcode":2,"Keywords":"0x4000000000000000","TimeCreated_attributes":{"SystemTime":"2020-10-13T20:58:55.786860Z"},"EventRecordID":8032,"Correlation_attributes":{"ActivityID":"E1D70C4E-5D34-4601-9AD2-5C768519C951"},"Execution_attributes":{"ProcessID":4856,"ThreadID":4964},"Channel":"Microsoft-Windows-Bits-Client/Operational","Computer":"MSEDGEWIN10","Security_attributes":{"UserID":"S-1-5-18"}},"EventData":{"transferId":"E1D70C4E-5D34-4601-9AD2-5C768519C951","name":"UpdateDescriptionXml","Id":"98F72ACC-C7BA-4167-AF5F-5F2F244DFFE1","url":"https://g.live.com/1rewlive5skydrive/ODSUProduction","peer":"","hr":2147954407,"fileTime":"1601-01-01T00:00:00.000000Z","fileLength":18446744073709551615,"bytesTotal":18446744073709551615,"bytesTransferred":0,"proxy":"","peerProtocolFlags":0,"bytesTransferredFromPeer":0,"AdditionalInfoHr":0,"PeerContextInfo":0,"bandwidthLimit":18446744073709551615,"ignoreBandwidthLimitsOnLan":false}}}
{"Event_attributes":{"xmlns":"http://schemas.microsoft.com/win/2004/08/events/event"},"Event":{"System":{"Provider_attributes":{"Name":"Microsoft-Windows-Bits-Client","Guid":"EF1CC15B-46C1-414E-BB95-E76B077BD51E"},"EventID":61,"Version":1,"Level":3,"Task":0,"Opcode":2,"Keywords":"0x4000000000000000","TimeCreated_attributes":{"SystemTime":"2020-10-13T20:59:07.661393Z"},"EventRecordID":8033,"Correlation_attributes":{"ActivityID":"6EF09B08-1F0F-459E-ABA3-E629D3728C4D"},"Execution_attributes":{"ProcessID":4856,"ThreadID":3340},"Channel":"Microsoft-Windows-Bits-Client/Operational","Computer":"MSEDGEWIN10","Security_attributes":{"UserID":"S-1-5-18"}},"EventData":{"transferId":"6EF09B08-1F0F-459E-ABA3-E629D3728C4D","name":"UpdateDescriptionXml","Id":"98F72ACC-C7BA-4167-AF5F-5F2F244DFFE1","url":"https://g.live.com/1rewlive5skydrive/ODSUProduction","peer":"","hr":2147954407,"fileTime":"1601-01-01T00:00:00.000000Z","fileLength":18446744073709551615,"bytesTotal":18446744073709551615,"bytesTransferred":0,"proxy":"","peerProtocolFlags":0,"bytesTransferredFromPeer":0,"AdditionalInfoHr":0,"PeerContextInfo":0,"bandwidthLimit":18446744073709551615,"ignoreBandwidthLimitsOnLan":false}}}
{"Event_attributes":{"xmlns":"http://schemas.microsoft.com/win/2004/08/events/event"},"Event":{"System":{"Provider_attributes":{"Name":"Microsoft-Windows-Bits-Client","Guid":"EF1CC15B-46C1-414E-BB95-E76B077BD51E"},"EventID":61,"Version":1,"Level":3,"Task":0,"Opcode":2,"Keywords":"0x4000000000000000","TimeCreated_attributes":{"SystemTime":"2020-10-13T20:59:35.030653Z"},"EventRecordID":8034,"Correlation_attributes":{"ActivityID":"854179CF-355A-49B4-B01B-1906F9850CA9"},"Execution_attributes":{"ProcessID":4856,"ThreadID":3340},"Channel":"Microsoft-Windows-Bits-Client/Operational","Computer":"MSEDGEWIN10","Security_attributes":{"UserID":"S-1-5-18"}},"EventData":{"transferId":"854179CF-355A-49B4-B01B-1906F9850CA9","name":"UpdateDescriptionXml","Id":"98F72ACC-C7BA-4167-AF5F-5F2F244DFFE1","url":"https://g.live.com/1rewlive5skydrive/ODSUProduction","peer":"","hr":2147954407,"fileTime":"1601-01-01T00:00:00.000000Z","fileLength":18446744073709551615,"bytesTotal":18446744073709551615,"bytesTransferred":0,"proxy":"","peerProtocolFlags":0,"bytesTransferredFromPeer":0,"AdditionalInfoHr":0,"PeerContextInfo":0,"bandwidthLimit":18446744073709551615,"ignoreBandwidthLimitsOnLan":false}}}
{"Event_attributes":{"xmlns":"http://schemas.microsoft.com/win/2004/08/events/event"},"Event":{"System":{"Provider_attributes":{"Name":"Microsoft-Windows-Bits-Client","Guid":"EF1CC15B-46C1-414E-BB95-E76B077BD51E"},"EventID":61,"Version":1,"Level":3,"Task":0,"Opcode":2,"Keywords":"0x4000000000000000","TimeCreated_attributes":{"SystemTime":"2020-10-13T20:59:50.031342Z"},"EventRecordID":8035,"Correlation_attributes":{"ActivityID":"E63A046C-C510-407F-A47B-557B2B7BE791"},"Execution_attributes":{"ProcessID":4856,"ThreadID":4776},"Channel":"Microsoft-Windows-Bits-Client/Operational","Computer":"MSEDGEWIN10","Security_attributes":{"UserID":"S-1-5-18"}},"EventData":{"transferId":"E63A046C-C510-407F-A47B-557B2B7BE791","name":"UpdateDescriptionXml","Id":"98F72ACC-C7BA-4167-AF5F-5F2F244DFFE1","url":"https://g.live.com/1rewlive5skydrive/ODSUProduction","peer":"","hr":2147954407,"fileTime":"1601-01-01T00:00:00.000000Z","fileLength":18446744073709551615,"bytesTotal":18446744073709551615,"bytesTransferred":0,"proxy":"","peerProtocolFlags":0,"bytesTransferredFromPeer":0,"AdditionalInfoHr":0,"PeerContextInfo":0,"bandwidthLimit":18446744073709551615,"ignoreBandwidthLimitsOnLan":false}}}
{"Event_attributes":{"xmlns":"http://schemas.microsoft.com/win/2004/08/events/event"},"Event":{"System":{"Provider_attributes":{"Name":"Microsoft-Windows-Bits-Client","Guid":"EF1CC15B-46C1-414E-BB95-E76B077BD51E"},"EventID":61,"Version":1,"Level":3,"Task":0,"Opcode":2,"Keywords":"0x4000000000000000","TimeCreated_attributes":{"SystemTime":"2020-10-13T21:00:05.074482Z"},"EventRecordID":8036,"Correlation_attributes":{"ActivityID":"3A46C7B8-E143-4E76-ABDB-40E38D2715E4"},"Execution_attributes":{"ProcessID":4856,"ThreadID":4776},"Channel":"Microsoft-Windows-Bits-Client/Operational","Computer":"MSEDGEWIN10","Security_attributes":{"UserID":"S-1-5-18"}},"EventData":{"transferId":"3A46C7B8-E143-4E76-ABDB-40E38D2715E4","name":"UpdateDescriptionXml","Id":"98F72ACC-C7BA-4167-AF5F-5F2F244DFFE1","url":"https://g.live.com/1rewlive5skydrive/ODSUProduction","peer":"","hr":2147954407,"fileTime":"1601-01-01T00:00:00.000000Z","fileLength":18446744073709551615,"bytesTotal":18446744073709551615,"bytesTransferred":0,"proxy":"","peerProtocolFlags":0,"bytesTransferredFromPeer":0,"AdditionalInfoHr":0,"PeerContextInfo":0,"bandwidthLimit":18446744073709551615,"ignoreBandwidthLimitsOnLan":false}}}
{"Event_attributes":{"xmlns":"http://schemas.microsoft.com/win/2004/08/events/event"},"Event":{"System":{"Provider_attributes":{"Name":"Microsoft-Windows-Bits-Client","Guid":"EF1CC15B-46C1-414E-BB95-E76B077BD51E"},"EventID":5,"Version":0,"Level":4,"Task":0,"Opcode":0,"Keywords":"0x4000000000000000","TimeCreated_attributes":{"SystemTime":"2020-10-13T21:00:27.521468Z"},"EventRecordID":8037,"Correlation":null,"Execution_attributes":{"ProcessID":4856,"ThreadID":4776},"Channel":"Microsoft-Windows-Bits-Client/Operational","Computer":"MSEDGEWIN10","Security_attributes":{"UserID":"S-1-5-21-3461203602-4096304019-2269080069-1000"}},"EventData":{"User":"MSEDGEWIN10\\IEUser","jobTitle":"UpdateDescriptionXml","jobId":"98F72ACC-C7BA-4167-AF5F-5F2F244DFFE1","jobOwner":"MSEDGEWIN10\\IEUser","fileCount":1}}}
{"Event_attributes":{"xmlns":"http://schemas.microsoft.com/win/2004/08/events/event"},"Event":{"System":{"Provider_attributes":{"Name":"Microsoft-Windows-Bits-Client","Guid":"EF1CC15B-46C1-414E-BB95-E76B077BD51E"},"EventID":61,"Version":1,"Level":3,"Task":0,"Opcode":2,"Keywords":"0x4000000000000000","TimeCreated_attributes":{"SystemTime":"2020-10-13T21:05:34.624014Z"},"EventRecordID":8038,"Correlation_attributes":{"ActivityID":"CC0DD594-CC34-4C1D-BB87-3EF6D07D981D"},"Execution_attributes":{"ProcessID":4856,"ThreadID":4776},"Channel":"Microsoft-Windows-Bits-Client/Operational","Computer":"MSEDGEWIN10","Security_attributes":{"UserID":"S-1-5-18"}},"EventData":{"transferId":"CC0DD594-CC34-4C1D-BB87-3EF6D07D981D","name":"Font Download","Id":"9C347F55-5A52-446B-8653-47C446E748A3","url":"https://fs.microsoft.com/fs/windows/config.json","peer":"","hr":2147954407,"fileTime":"1601-01-01T00:00:00.000000Z","fileLength":18446744073709551615,"bytesTotal":18446744073709551615,"bytesTransferred":0,"proxy":"","peerProtocolFlags":0,"bytesTransferredFromPeer":0,"AdditionalInfoHr":0,"PeerContextInfo":0,"bandwidthLimit":18446744073709551615,"ignoreBandwidthLimitsOnLan":false}}}
{"Event_attributes":{"xmlns":"http://schemas.microsoft.com/win/2004/08/events/event"},"Event":{"System":{"Provider_attributes":{"Name":"Microsoft-Windows-Bits-Client","Guid":"EF1CC15B-46C1-414E-BB95-E76B077BD51E"},"EventID":61,"Version":1,"Level":3,"Task":0,"Opcode":2,"Keywords":"0x4000000000000000","TimeCreated_attributes":{"SystemTime":"2020-10-13T21:16:03.892839Z"},"EventRecordID":8039,"Correlation_attributes":{"ActivityID":"AB13781D-183B-458A-9EDF-8923E8DA86EF"},"Execution_attributes":{"ProcessID":4856,"ThreadID":4776},"Channel":"Microsoft-Windows-Bits-Client/Operational","Computer":"MSEDGEWIN10","Security_attributes":{"UserID":"S-1-5-18"}},"EventData":{"transferId":"AB13781D-183B-458A-9EDF-8923E8DA86EF","name":"Font Download","Id":"9C347F55-5A52-446B-8653-47C446E748A3","url":"https://fs.microsoft.com/fs/windows/config.json","peer":"","hr":2147954407,"fileTime":"1601-01-01T00:00:00.000000Z","fileLength":18446744073709551615,"bytesTotal":18446744073709551615,"bytesTransferred":0,"proxy":"","peerProtocolFlags":0,"bytesTransferredFromPeer":0,"AdditionalInfoHr":0,"PeerContextInfo":0,"bandwidthLimit":18446744073709551615,"ignoreBandwidthLimitsOnLan":false}}}
{"Event_attributes":{"xmlns":"http://schemas.microsoft.com/win/2004/08/events/event"},"Event":{"System":{"Provider_attributes":{"Name":"Microsoft-Windows-Bits-Client","Guid":"EF1CC15B-46C1-414E-BB95-E76B077BD51E"},"EventID":61,"Version":1,"Level":3,"Task":0,"Opcode":2,"Keywords":"0x4000000000000000","TimeCreated_attributes":{"SystemTime":"2020-10-13T21:26:17.410960Z"},"EventRecordID":8040,"Correlation_attributes":{"ActivityID":"061C2582-A651-4A62-84A2-94D66239C9B4"},"Execution_attributes":{"ProcessID":4856,"ThreadID":64},"Channel":"Microsoft-Windows-Bits-Client/Operational","Computer":"MSEDGEWIN10","Security_attributes":{"UserID":"S-1-5-18"}},"EventData":{"transferId":"061C2582-A651-4A62-84A2-94D66239C9B4","name":"Font Download","Id":"9C347F55-5A52-446B-8653-47C446E748A3","url":"https://fs.microsoft.com/fs/windows/config.json","peer":"","hr":2147954407,"fileTime":"1601-01-01T00:00:00.000000Z","fileLength":18446744073709551615,"bytesTotal":18446744073709551615,"bytesTransferred":0,"proxy":"","peerProtocolFlags":0,"bytesTransferredFromPeer":0,"AdditionalInfoHr":0,"PeerContextInfo":0,"bandwidthLimit":18446744073709551615,"ignoreBandwidthLimitsOnLan":false}}}
{"Event_attributes":{"xmlns":"http://schemas.microsoft.com/win/2004/08/events/event"},"Event":{"System":{"Provider_attributes":{"Name":"Microsoft-Windows-Bits-Client","Guid":"EF1CC15B-46C1-414E-BB95-E76B077BD51E"},"EventID":61,"Version":1,"Level":3,"Task":0,"Opcode":2,"Keywords":"0x4000000000000000","TimeCreated_attributes":{"SystemTime":"2020-10-13T21:36:17.521668Z"},"EventRecordID":8041,"Correlation_attributes":{"ActivityID":"29F52FD2-A68A-4BA1-883B-CCD1ACA750ED"},"Execution_attributes":{"ProcessID":4856,"ThreadID":4372},"Channel":"Microsoft-Windows-Bits-Client/Operational","Computer":"MSEDGEWIN10","Security_attributes":{"UserID":"S-1-5-18"}},"EventData":{"transferId":"29F52FD2-A68A-4BA1-883B-CCD1ACA750ED","name":"Font Download","Id":"9C347F55-5A52-446B-8653-47C446E748A3","url":"https://fs.microsoft.com/fs/windows/config.json","peer":"","hr":2147954407,"fileTime":"1601-01-01T00:00:00.000000Z","fileLength":18446744073709551615,"bytesTotal":18446744073709551615,"bytesTransferred":0,"proxy":"","peerProtocolFlags":0,"bytesTransferredFromPeer":0,"AdditionalInfoHr":0,"PeerContextInfo":0,"bandwidthLimit":18446744073709551615,"ignoreBandwidthLimitsOnLan":false}}}
{"Event_attributes":{"xmlns":"http://schemas.microsoft.com/win/2004/08/events/event"},"Event":{"System":{"Provider_attributes":{"Name":"Microsoft-Windows-Bits-Client","Guid":"EF1CC15B-46C1-414E-BB95-E76B077BD51E"},"EventID":306,"Version":0,"Level":5,"Task":0,"Opcode":0,"Keywords":"0x4000000000000000","TimeCreated_attributes":{"SystemTime":"2020-10-13T22:08:37.624282Z"},"EventRecordID":8042,"Correlation":null,"Execution_attributes":{"ProcessID":6324,"ThreadID":3324},"Channel":"Microsoft-Windows-Bits-Client/Operational","Computer":"MSEDGEWIN10","Security_attributes":{"UserID":"S-1-5-18"}},"EventData":null}}
{"Event_attributes":{"xmlns":"http://schemas.microsoft.com/win/2004/08/events/event"},"Event":{"System":{"Provider_attributes":{"Name":"Microsoft-Windows-Bits-Client","Guid":"EF1CC15B-46C1-414E-BB95-E76B077BD51E"},"EventID":3,"Version":2,"Level":4,"Task":0,"Opcode":0,"Keywords":"0x4000000000000000","TimeCreated_attributes":{"SystemTime":"2020-10-13T22:08:39.914256Z"},"EventRecordID":8043,"Correlation":null,"Execution_attributes":{"ProcessID":6324,"ThreadID":3604},"Channel":"Microsoft-Windows-Bits-Client/Operational","Computer":"MSEDGEWIN10","Security_attributes":{"UserID":"S-1-5-18"}},"EventData":{"jobTitle":"Font Download","jobId":"C4FA8ABD-7276-41F9-AED4-73C60213A08B","jobOwner":"NT AUTHORITY\\LOCAL SERVICE","processPath":"C:\\Windows\\System32\\svchost.exe","processId":2200}}}
{"Event_attributes":{"xmlns":"http://schemas.microsoft.com/win/2004/08/events/event"},"Event":{"System":{"Provider_attributes":{"Name":"Microsoft-Windows-Bits-Client","Guid":"EF1CC15B-46C1-414E-BB95-E76B077BD51E"},"EventID":209,"Version":0,"Level":4,"Task":0,"Opcode":0,"Keywords":"0x4000000000000000","TimeCreated_attributes":{"SystemTime":"2020-10-13T22:08:39.921565Z"},"EventRecordID":8044,"Correlation":null,"Execution_attributes":{"ProcessID":6324,"ThreadID":3640},"Channel":"Microsoft-Windows-Bits-Client/Operational","Computer":"MSEDGEWIN10","Security_attributes":{"UserID":"S-1-5-18"}},"EventData":{"jobName":"Font Download","jobId":"C4FA8ABD-7276-41F9-AED4-73C60213A08B","isRoaming":1}}}
{"Event_attributes":{"xmlns":"http://schemas.microsoft.com/win/2004/08/events/event"},"Event":{"System":{"Provider_attributes":{"Name":"Microsoft-Windows-Bits-Client","Guid":"EF1CC15B-46C1-414E-BB95-E76B077BD51E"},"EventID":61,"Version":1,"Level":3,"Task":0,"Opcode":2,"Keywords":"0x4000000000000000","TimeCreated_attributes":{"SystemTime":"2020-10-13T22:08:39.959140Z"},"EventRecordID":8045,"Correlation_attributes":{"ActivityID":"5D5965DE-4FF0-42CC-94A4-5A35B8ED7123"},"Execution_attributes":{"ProcessID":6324,"ThreadID":3604},"Channel":"Microsoft-Windows-Bits-Client/Operational","Computer":"MSEDGEWIN10","Security_attributes":{"UserID":"S-1-5-18"}},"EventData":{"transferId":"5D5965DE-4FF0-42CC-94A4-5A35B8ED7123","name":"Font Download","Id":"C4FA8ABD-7276-41F9-AED4-73C60213A08B","url":"https://fs.microsoft.com/fs/windows/config.json","peer":"","hr":2147954407,"fileTime":"1601-01-01T00:00:00.000000Z","fileLength":18446744073709551615,"bytesTotal":18446744073709551615,"bytesTransferred":0,"proxy":"","peerProtocolFlags":0,"bytesTransferredFromPeer":0,"AdditionalInfoHr":0,"PeerContextInfo":0,"bandwidthLimit":18446744073709551615,"ignoreBandwidthLimitsOnLan":false}}}
{"Event_attributes":{"xmlns":"http://schemas.microsoft.com/win/2004/08/events/event"},"Event":{"System":{"Provider_attributes":{"Name":"Microsoft-Windows-Bits-Client","Guid":"EF1CC15B-46C1-414E-BB95-E76B077BD51E"},"EventID":61,"Version":1,"Level":3,"Task":0,"Opcode":2,"Keywords":"0x4000000000000000","TimeCreated_attributes":{"SystemTime":"2020-10-13T22:18:39.976269Z"},"EventRecordID":8046,"Correlation_attributes":{"ActivityID":"13931795-2E3B-4C8E-8D88-B96A6CE00777"},"Execution_attributes":{"ProcessID":6324,"ThreadID":2744},"Channel":"Microsoft-Windows-Bits-Client/Operational","Computer":"MSEDGEWIN10","Security_attributes":{"UserID":"S-1-5-18"}},"EventData":{"transferId":"13931795-2E3B-4C8E-8D88-B96A6CE00777","name":"Font Download","Id":"C4FA8ABD-7276-41F9-AED4-73C60213A08B","url":"https://fs.microsoft.com/fs/windows/config.json","peer":"","hr":2147954407,"fileTime":"1601-01-01T00:00:00.000000Z","fileLength":18446744073709551615,"bytesTotal":18446744073709551615,"bytesTransferred":0,"proxy":"","peerProtocolFlags":0,"bytesTransferredFromPeer":0,"AdditionalInfoHr":0,"PeerContextInfo":0,"bandwidthLimit":18446744073709551615,"ignoreBandwidthLimitsOnLan":false}}}
{"Event_attributes":{"xmlns":"http://schemas.microsoft.com/win/2004/08/events/event"},"Event":{"System":{"Provider_attributes":{"Name":"Microsoft-Windows-Bits-Client","Guid":"EF1CC15B-46C1-414E-BB95-E76B077BD51E"},"EventID":306,"Version":0,"Level":5,"Task":0,"Opcode":0,"Keywords":"0x4000000000000000","TimeCreated_attributes":{"SystemTime":"2020-10-13T22:26:02.138226Z"},"EventRecordID":8047,"Correlation":null,"Execution_attributes":{"ProcessID":4480,"ThreadID":7236},"Channel":"Microsoft-Windows-Bits-Client/Operational","Computer":"MSEDGEWIN10","Security_attributes":{"UserID":"S-1-5-18"}},"EventData":null}}
{"Event_attributes":{"xmlns":"http://schemas.microsoft.com/win/2004/08/events/event"},"Event":{"System":{"Provider_attributes":{"Name":"Microsoft-Windows-Bits-Client","Guid":"EF1CC15B-46C1-414E-BB95-E76B077BD51E"},"EventID":3,"Version":2,"Level":4,"Task":0,"Opcode":0,"Keywords":"0x4000000000000000","TimeCreated_attributes":{"SystemTime":"2020-10-13T22:26:04.312512Z"},"EventRecordID":8048,"Correlation":null,"Execution_attributes":{"ProcessID":4480,"ThreadID":228},"Channel":"Microsoft-Windows-Bits-Client/Operational","Computer":"MSEDGEWIN10","Security_attributes":{"UserID":"S-1-5-18"}},"EventData":{"jobTitle":"Font Download","jobId":"F3BDD7C5-2999-42BB-A6FC-E4FEF817EDAD","jobOwner":"NT AUTHORITY\\LOCAL SERVICE","processPath":"C:\\Windows\\System32\\svchost.exe","processId":2140}}}
{"Event_attributes":{"xmlns":"http://schemas.microsoft.com/win/2004/08/events/event"},"Event":{"System":{"Provider_attributes":{"Name":"Microsoft-Windows-Bits-Client","Guid":"EF1CC15B-46C1-414E-BB95-E76B077BD51E"},"EventID":209,"Version":0,"Level":4,"Task":0,"Opcode":0,"Keywords":"0x4000000000000000","TimeCreated_attributes":{"SystemTime":"2020-10-13T22:26:04.320248Z"},"EventRecordID":8049,"Correlation":null,"Execution_attributes":{"ProcessID":4480,"ThreadID":228},"Channel":"Microsoft-Windows-Bits-Client/Operational","Computer":"MSEDGEWIN10","Security_attributes":{"UserID":"S-1-5-18"}},"EventData":{"jobName":"Font Download","jobId":"F3BDD7C5-2999-42BB-A6FC-E4FEF817EDAD","isRoaming":1}}}
{"Event_attributes":{"xmlns":"http://schemas.microsoft.com/win/2004/08/events/event"},"Event":{"System":{"Provider_attributes":{"Name":"Microsoft-Windows-Bits-Client","Guid":"EF1CC15B-46C1-414E-BB95-E76B077BD51E"},"EventID":61,"Version":1,"Level":3,"Task":0,"Opcode":2,"Keywords":"0x4000000000000000","TimeCreated_attributes":{"SystemTime":"2020-10-13T22:26:04.370816Z"},"EventRecordID":8050,"Correlation_attributes":{"ActivityID":"41E6BA86-096E-4DE6-9E9D-7B00B1F82791"},"Execution_attributes":{"ProcessID":4480,"ThreadID":228},"Channel":"Microsoft-Windows-Bits-Client/Operational","Computer":"MSEDGEWIN10","Security_attributes":{"UserID":"S-1-5-18"}},"EventData":{"transferId":"41E6BA86-096E-4DE6-9E9D-7B00B1F82791","name":"Font Download","Id":"F3BDD7C5-2999-42BB-A6FC-E4FEF817EDAD","url":"https://fs.microsoft.com/fs/windows/config.json","peer":"","hr":2147954407,"fileTime":"1601-01-01T00:00:00.000000Z","fileLength":18446744073709551615,"bytesTotal":18446744073709551615,"bytesTransferred":0,"proxy":"","peerProtocolFlags":0,"bytesTransferredFromPeer":0,"AdditionalInfoHr":0,"PeerContextInfo":0,"bandwidthLimit":18446744073709551615,"ignoreBandwidthLimitsOnLan":false}}}
{"Event_attributes":{"xmlns":"http://schemas.microsoft.com/win/2004/08/events/event"},"Event":{"System":{"Provider_attributes":{"Name":"Microsoft-Windows-Bits-Client","Guid":"EF1CC15B-46C1-414E-BB95-E76B077BD51E"},"EventID":61,"Version":1,"Level":3,"Task":0,"Opcode":2,"Keywords":"0x4000000000000000","TimeCreated_attributes":{"SystemTime":"2020-10-13T22:36:07.801978Z"},"EventRecordID":8051,"Correlation_attributes":{"ActivityID":"DA3E4F47-047E-4326-A229-E83AEC479C2E"},"Execution_attributes":{"ProcessID":4480,"ThreadID":1204},"Channel":"Microsoft-Windows-Bits-Client/Operational","Computer":"MSEDGEWIN10","Security_attributes":{"UserID":"S-1-5-18"}},"EventData":{"transferId":"DA3E4F47-047E-4326-A229-E83AEC479C2E","name":"Font Download","Id":"F3BDD7C5-2999-42BB-A6FC-E4FEF817EDAD","url":"https://fs.microsoft.com/fs/windows/config.json","peer":"","hr":2147954407,"fileTime":"1601-01-01T00:00:00.000000Z","fileLength":18446744073709551615,"bytesTotal":18446744073709551615,"bytesTransferred":0,"proxy":"","peerProtocolFlags":0,"bytesTransferredFromPeer":0,"AdditionalInfoHr":0,"PeerContextInfo":0,"bandwidthLimit":18446744073709551615,"ignoreBandwidthLimitsOnLan":false}}}
{"Event_attributes":{"xmlns":"http://schemas.microsoft.com/win/2004/08/events/event"},"Event":{"System":{"Provider_attributes":{"Name":"Microsoft-Windows-Bits-Client","Guid":"EF1CC15B-46C1-414E-BB95-E76B077BD51E"},"EventID":61,"Version":1,"Level":3,"Task":0,"Opcode":2,"Keywords":"0x4000000000000000","TimeCreated_attributes":{"SystemTime":"2020-10-13T22:46:08.785830Z"},"EventRecordID":8052,"Correlation_attributes":{"ActivityID":"D8D36461-B08D-4F58-BB55-47624038E604"},"Execution_attributes":{"ProcessID":4480,"ThreadID":2428},"Channel":"Microsoft-Windows-Bits-Client/Operational","Computer":"MSEDGEWIN10","Security_attributes":{"UserID":"S-1-5-18"}},"EventData":{"transferId":"D8D36461-B08D-4F58-BB55-47624038E604","name":"Font Download","Id":"F3BDD7C5-2999-42BB-A6FC-E4FEF817EDAD","url":"https://fs.microsoft.com/fs/windows/config.json","peer":"","hr":2147954407,"fileTime":"1601-01-01T00:00:00.000000Z","fileLength":18446744073709551615,"bytesTotal":18446744073709551615,"bytesTransferred":0,"proxy":"","peerProtocolFlags":0,"bytesTransferredFromPeer":0,"AdditionalInfoHr":0,"PeerContextInfo":0,"bandwidthLimit":18446744073709551615,"ignoreBandwidthLimitsOnLan":false}}}
{"Event_attributes":{"xmlns":"http://schemas.microsoft.com/win/2004/08/events/event"},"Event":{"System":{"Provider_attributes":{"Name":"Microsoft-Windows-Bits-Client","Guid":"EF1CC15B-46C1-414E-BB95-E76B077BD51E"},"EventID":61,"Version":1,"Level":3,"Task":0,"Opcode":2,"Keywords":"0x4000000000000000","TimeCreated_attributes":{"SystemTime":"2020-10-13T22:56:12.191669Z"},"EventRecordID":8053,"Correlation_attributes":{"ActivityID":"7AAA9BF0-C393-45D8-A136-CC29672F9238"},"Execution_attributes":{"ProcessID":4480,"ThreadID":6052},"Channel":"Microsoft-Windows-Bits-Client/Operational","Computer":"MSEDGEWIN10","Security_attributes":{"UserID":"S-1-5-18"}},"EventData":{"transferId":"7AAA9BF0-C393-45D8-A136-CC29672F9238","name":"Font Download","Id":"F3BDD7C5-2999-42BB-A6FC-E4FEF817EDAD","url":"https://fs.microsoft.com/fs/windows/config.json","peer":"","hr":2147954407,"fileTime":"1601-01-01T00:00:00.000000Z","fileLength":18446744073709551615,"bytesTotal":18446744073709551615,"bytesTransferred":0,"proxy":"","peerProtocolFlags":0,"bytesTransferredFromPeer":0,"AdditionalInfoHr":0,"PeerContextInfo":0,"bandwidthLimit":18446744073709551615,"ignoreBandwidthLimitsOnLan":false}}}
{"Event_attributes":{"xmlns":"http://schemas.microsoft.com/win/2004/08/events/event"},"Event":{"System":{"Provider_attributes":{"Name":"Microsoft-Windows-Bits-Client","Guid":"EF1CC15B-46C1-414E-BB95-E76B077BD51E"},"EventID":61,"Version":1,"Level":3,"Task":0,"Opcode":2,"Keywords":"0x4000000000000000","TimeCreated_attributes":{"SystemTime":"2020-10-13T23:06:12.235076Z"},"EventRecordID":8054,"Correlation_attributes":{"ActivityID":"118F5073-A922-4FE6-9527-B72671B2C669"},"Execution_attributes":{"ProcessID":4480,"ThreadID":6052},"Channel":"Microsoft-Windows-Bits-Client/Operational","Computer":"MSEDGEWIN10","Security_attributes":{"UserID":"S-1-5-18"}},"EventData":{"transferId":"118F5073-A922-4FE6-9527-B72671B2C669","name":"Font Download","Id":"F3BDD7C5-2999-42BB-A6FC-E4FEF817EDAD","url":"https://fs.microsoft.com/fs/windows/config.json","peer":"","hr":2147954407,"fileTime":"1601-01-01T00:00:00.000000Z","fileLength":18446744073709551615,"bytesTotal":18446744073709551615,"bytesTransferred":0,"proxy":"","peerProtocolFlags":0,"bytesTransferredFromPeer":0,"AdditionalInfoHr":0,"PeerContextInfo":0,"bandwidthLimit":18446744073709551615,"ignoreBandwidthLimitsOnLan":false}}}
{"Event_attributes":{"xmlns":"http://schemas.microsoft.com/win/2004/08/events/event"},"Event":{"System":{"Provider_attributes":{"Name":"Microsoft-Windows-Bits-Client","Guid":"EF1CC15B-46C1-414E-BB95-E76B077BD51E"},"EventID":61,"Version":1,"Level":3,"Task":0,"Opcode":2,"Keywords":"0x4000000000000000","TimeCreated_attributes":{"SystemTime":"2020-10-13T23:16:12.286350Z"},"EventRecordID":8055,"Correlation_attributes":{"ActivityID":"F0FCCD86-3729-4636-81FB-87CF6C3279A1"},"Execution_attributes":{"ProcessID":4480,"ThreadID":6848},"Channel":"Microsoft-Windows-Bits-Client/Operational","Computer":"MSEDGEWIN10","Security_attributes":{"UserID":"S-1-5-18"}},"EventData":{"transferId":"F0FCCD86-3729-4636-81FB-87CF6C3279A1","name":"Font Download","Id":"F3BDD7C5-2999-42BB-A6FC-E4FEF817EDAD","url":"https://fs.microsoft.com/fs/windows/config.json","peer":"","hr":2147954407,"fileTime":"1601-01-01T00:00:00.000000Z","fileLength":18446744073709551615,"bytesTotal":18446744073709551615,"bytesTransferred":0,"proxy":"","peerProtocolFlags":0,"bytesTransferredFromPeer":0,"AdditionalInfoHr":0,"PeerContextInfo":0,"bandwidthLimit":18446744073709551615,"ignoreBandwidthLimitsOnLan":false}}}
{"Event_attributes":{"xmlns":"http://schemas.microsoft.com/win/2004/08/events/event"},"Event":{"System":{"Provider_attributes":{"Name":"Microsoft-Windows-Bits-Client","Guid":"EF1CC15B-46C1-414E-BB95-E76B077BD51E"},"EventID":306,"Version":0,"Level":5,"Task":0,"Opcode":0,"Keywords":"0x4000000000000000","TimeCreated_attributes":{"SystemTime":"2020-10-14T13:20:10.354159Z"},"EventRecordID":8056,"Correlation":null,"Execution_attributes":{"ProcessID":4924,"ThreadID":4916},"Channel":"Microsoft-Windows-Bits-Client/Operational","Computer":"MSEDGEWIN10","Security_attributes":{"UserID":"S-1-5-18"}},"EventData":null}}
{"Event_attributes":{"xmlns":"http://schemas.microsoft.com/win/2004/08/events/event"},"Event":{"System":{"Provider_attributes":{"Name":"Microsoft-Windows-Bits-Client","Guid":"EF1CC15B-46C1-414E-BB95-E76B077BD51E"},"EventID":3,"Version":2,"Level":4,"Task":0,"Opcode":0,"Keywords":"0x4000000000000000","TimeCreated_attributes":{"SystemTime":"2020-10-14T13:20:12.522013Z"},"EventRecordID":8057,"Correlation":null,"Execution_attributes":{"ProcessID":4924,"ThreadID":5028},"Channel":"Microsoft-Windows-Bits-Client/Operational","Computer":"MSEDGEWIN10","Security_attributes":{"UserID":"S-1-5-18"}},"EventData":{"jobTitle":"Font Download","jobId":"E18C2CCF-0142-4F68-A77B-A7BB1401500D","jobOwner":"NT AUTHORITY\\LOCAL SERVICE","processPath":"C:\\Windows\\System32\\svchost.exe","processId":1824}}}
{"Event_attributes":{"xmlns":"http://schemas.microsoft.com/win/2004/08/events/event"},"Event":{"System":{"Provider_attributes":{"Name":"Microsoft-Windows-Bits-Client","Guid":"EF1CC15B-46C1-414E-BB95-E76B077BD51E"},"EventID":209,"Version":0,"Level":4,"Task":0,"Opcode":0,"Keywords":"0x4000000000000000","TimeCreated_attributes":{"SystemTime":"2020-10-14T13:20:12.524152Z"},"EventRecordID":8058,"Correlation":null,"Execution_attributes":{"ProcessID":4924,"ThreadID":5028},"Channel":"Microsoft-Windows-Bits-Client/Operational","Computer":"MSEDGEWIN10","Security_attributes":{"UserID":"S-1-5-18"}},"EventData":{"jobName":"Font Download","jobId":"E18C2CCF-0142-4F68-A77B-A7BB1401500D","isRoaming":1}}}
{"Event_attributes":{"xmlns":"http://schemas.microsoft.com/win/2004/08/events/event"},"Event":{"System":{"Provider_attributes":{"Name":"Microsoft-Windows-Bits-Client","Guid":"EF1CC15B-46C1-414E-BB95-E76B077BD51E"},"EventID":61,"Version":1,"Level":3,"Task":0,"Opcode":2,"Keywords":"0x4000000000000000","TimeCreated_attributes":{"SystemTime":"2020-10-14T13:20:12.535709Z"},"EventRecordID":8059,"Correlation_attributes":{"ActivityID":"7E09E477-D848-4549-83B7-83EF1C2CF929"},"Execution_attributes":{"ProcessID":4924,"ThreadID":5028},"Channel":"Microsoft-Windows-Bits-Client/Operational","Computer":"MSEDGEWIN10","Security_attributes":{"UserID":"S-1-5-18"}},"EventData":{"transferId":"7E09E477-D848-4549-83B7-83EF1C2CF929","name":"Font Download","Id":"E18C2CCF-0142-4F68-A77B-A7BB1401500D","url":"https://fs.microsoft.com/fs/windows/config.json","peer":"","hr":2147954407,"fileTime":"1601-01-01T00:00:00.000000Z","fileLength":18446744073709551615,"bytesTotal":18446744073709551615,"bytesTransferred":0,"proxy":"","peerProtocolFlags":0,"bytesTransferredFromPeer":0,"AdditionalInfoHr":0,"PeerContextInfo":0,"bandwidthLimit":18446744073709551615,"ignoreBandwidthLimitsOnLan":false}}}
{"Event_attributes":{"xmlns":"http://schemas.microsoft.com/win/2004/08/events/event"},"Event":{"System":{"Provider_attributes":{"Name":"Microsoft-Windows-Bits-Client","Guid":"EF1CC15B-46C1-414E-BB95-E76B077BD51E"},"EventID":61,"Version":1,"Level":3,"Task":0,"Opcode":2,"Keywords":"0x4000000000000000","TimeCreated_attributes":{"SystemTime":"2020-10-14T13:30:12.564553Z"},"EventRecordID":8060,"Correlation_attributes":{"ActivityID":"2768D536-ECCA-4EEF-AE19-C299506EECBB"},"Execution_attributes":{"ProcessID":4924,"ThreadID":3208},"Channel":"Microsoft-Windows-Bits-Client/Operational","Computer":"MSEDGEWIN10","Security_attributes":{"UserID":"S-1-5-18"}},"EventData":{"transferId":"2768D536-ECCA-4EEF-AE19-C299506EECBB","name":"Font Download","Id":"E18C2CCF-0142-4F68-A77B-A7BB1401500D","url":"https://fs.microsoft.com/fs/windows/config.json","peer":"","hr":2147954407,"fileTime":"1601-01-01T00:00:00.000000Z","fileLength":18446744073709551615,"bytesTotal":18446744073709551615,"bytesTransferred":0,"proxy":"","peerProtocolFlags":0,"bytesTransferredFromPeer":0,"AdditionalInfoHr":0,"PeerContextInfo":0,"bandwidthLimit":18446744073709551615,"ignoreBandwidthLimitsOnLan":false}}}
{"Event_attributes":{"xmlns":"http://schemas.microsoft.com/win/2004/08/events/event"},"Event":{"System":{"Provider_attributes":{"Name":"Microsoft-Windows-Bits-Client","Guid":"EF1CC15B-46C1-414E-BB95-E76B077BD51E"},"EventID":61,"Version":1,"Level":3,"Task":0,"Opcode":2,"Keywords":"0x4000000000000000","TimeCreated_attributes":{"SystemTime":"2020-10-14T13:40:12.615331Z"},"EventRecordID":8061,"Correlation_attributes":{"ActivityID":"6BA77F2E-8D25-41FD-95E5-0D3C50AD0CE5"},"Execution_attributes":{"ProcessID":4924,"ThreadID":2608},"Channel":"Microsoft-Windows-Bits-Client/Operational","Computer":"MSEDGEWIN10","Security_attributes":{"UserID":"S-1-5-18"}},"EventData":{"transferId":"6BA77F2E-8D25-41FD-95E5-0D3C50AD0CE5","name":"Font Download","Id":"E18C2CCF-0142-4F68-A77B-A7BB1401500D","url":"https://fs.microsoft.com/fs/windows/config.json","peer":"","hr":2147954407,"fileTime":"1601-01-01T00:00:00.000000Z","fileLength":18446744073709551615,"bytesTotal":18446744073709551615,"bytesTransferred":0,"proxy":"","peerProtocolFlags":0,"bytesTransferredFromPeer":0,"AdditionalInfoHr":0,"PeerContextInfo":0,"bandwidthLimit":18446744073709551615,"ignoreBandwidthLimitsOnLan":false}}}
