{"Event_attributes":{"xmlns":"http://schemas.microsoft.com/win/2004/08/events/event"},"Event":{"System":{"Provider_attributes":{"Name":"Microsoft-Windows-Bits-Client","Guid":"EF1CC15B-46C1-414E-BB95-E76B077BD51E"},"EventID":61,"Version":1,"Level":3,"Task":0,"Opcode":2,"Keywords":"0x4000000000000000","TimeCreated_attributes":{"SystemTime":"2020-11-11T15:56:12.824499Z"},"EventRecordID":8801,"Correlation_attributes":{"ActivityID":"1B9FD0B4-592B-4EA9-96F3-A2F78504C44B"},"Execution_attributes":{"ProcessID":3676,"ThreadID":7972},"Channel":"Microsoft-Windows-Bits-Client/Operational","Computer":"MSEDGEWIN10","Security_attributes":{"UserID":"S-1-5-18"}},"EventData":{"transferId":"1B9FD0B4-592B-4EA9-96F3-A2F78504C44B","name":"Push Notification Platform Job: 1","Id":"D7E9A52A-1F10-4378-BF69-8E4A7E75A2FC","url":"https://img-s-msn-com.akamaized.net/tenant/amp/entityid/BB1aUuAd.img?w=100&h=100&m=6&tilesize=medium&x=795&y=190&ms-scale=100&ms-contrast=standard","peer":"","hr":2147954407,"fileTime":"1601-01-01T00:00:00.000000Z","fileLength":18446744073709551615,"bytesTotal":18446744073709551615,"bytesTransferred":0,"proxy":"","peerProtocolFlags":0,"bytesTransferredFromPeer":0,"AdditionalInfoHr":0,"PeerContextInfo":0,"bandwidthLimit":18446744073709551615,"ignoreBandwidthLimitsOnLan":false}}}
{"Event_attributes":{"xmlns":"http://schemas.microsoft.com/win/2004/08/events/event"},"Event":{"System":{"Provider_attributes":{"Name":"Microsoft-Windows-Bits-Client","Guid":"EF1CC15B-46C1-414E-BB95-E76B077BD51E"},"EventID":5,"Version":0,"Level":4,"Task":0,"Opcode":0,"Keywords":"0x4000000000000000","TimeCreated_attributes":{"SystemTime":"2020-11-11T15:56:12.848261Z"},"EventRecordID":8802,"Correlation":null,"Execution_attributes":{"ProcessID":3676,"ThreadID":7972},"Channel":"Microsoft-Windows-Bits-Client/Operational","Computer":"MSEDGEWIN10","Security_attributes":{"UserID":"S-1-5-21-3461203602-4096304019-2269080069-1000"}},"EventData":{"User":"MSEDGEWIN10\\IEUser","jobTitle":"Push Notification Platform Job: 1","jobId":"D7E9A52A-1F10-4378-BF69-8E4A7E75A2FC","jobOwner":"MSEDGEWIN10\\IEUser","fileCount":1}}}
{"Event_attributes":{"xmlns":"http://schemas.microsoft.com/win/2004/08/events/event"},"Event":{"System":{"Provider_attributes":{"Name":"Microsoft-Windows-Bits-Client","Guid":"EF1CC15B-46C1-414E-BB95-E76B077BD51E"},"EventID":3,"Version":2,"Level":4,"Task":0,"Opcode":0,"Keywords":"0x4000000000000000","TimeCreated_attributes":{"SystemTime":"2020-11-11T15:56:12.895632Z"},"EventRecordID":8803,"Correlation":null,"Execution_attributes":{"ProcessID":3676,"ThreadID":4628},"Channel":"Microsoft-Windows-Bits-Client/Operational","Computer":"MSEDGEWIN10","Security_attributes":{"UserID":"S-1-5-18"}},"EventData":{"jobTitle":"Push Notification Platform Job: 1","jobId":"F79CD3A7-CFA0-4C94-BDD2-428AD7F831F0","jobOwner":"MSEDGEWIN10\\IEUser","processPath":"C:\\Windows\\System32\\svchost.exe","processId":6644}}}
{"Event_attributes":{"xmlns":"http://schemas.microsoft.com/win/2004/08/events/event"},"Event":{"System":{"Provider_attributes":{"Name":"Microsoft-Windows-Bits-Client","Guid":"EF1CC15B-46C1-414E-BB95-E76B077BD51E"},"EventID":209,"Version":0,"Level":4,"Task":0,"Opcode":0,"Keywords":"0x4000000000000000","TimeCreated_attributes":{"SystemTime":"2020-11-11T15:56:12.896583Z"},"EventRecordID":8804,"Correlation":null,"Execution_attributes":{"ProcessID":3676,"ThreadID":4628},"Channel":"Microsoft-Windows-Bits-Client/Operational","Computer":"MSEDGEWIN10","Security_attributes":{"UserID":"S-1-5-18"}},"EventData":{"jobName":"Push Notification Platform Job: 1","jobId":"F79CD3A7-CFA0-4C94-BDD2-428AD7F831F0","isRoaming":1}}}
{"Event_attributes":{"xmlns":"http://schemas.microsoft.com/win/2004/08/events/event"},"Event":{"System":{"Provider_attributes":{"Name":"Microsoft-Windows-Bits-Client","Guid":"EF1CC15B-46C1-414E-BB95-E76B077BD51E"},"EventID":59,"Version":1,"Level":4,"Task":0,"Opcode":1,"Keywords":"0x4000000000000000","TimeCreated_attributes":{"SystemTime":"2020-11-11T15:56:12.899481Z"},"EventRecordID":8805,"Correlation_attributes":{"ActivityID":"309C300D-5D37-4EA0-B02A-F7E4E69874F5"},"Execution_attributes":{"ProcessID":3676,"ThreadID":5644},"Channel":"Microsoft-Windows-Bits-Client/Operational","Computer":"MSEDGEWIN10","Security_attributes":{"UserID":"S-1-5-18"}},"EventData":{"transferId":"309C300D-5D37-4EA0-B02A-F7E4E69874F5","name":"Push Notification Platform Job: 1","Id":"F79CD3A7-CFA0-4C94-BDD2-428AD7F831F0","url":"https://site-cdn.onenote.net/161350540457_Images/LiveTileImages/MediumAndLarge/Image3.png","peer":"","fileTime":"1601-01-01T00:00:00.000000Z","fileLength":18446744073709551615,"bytesTotal":18446744073709551615,"bytesTransferred":0,"bytesTransferredFromPeer":0}}}
{"Event_attributes":{"xmlns":"http://schemas.microsoft.com/win/2004/08/events/event"},"Event":{"System":{"Provider_attributes":{"Name":"Microsoft-Windows-Bits-Client","Guid":"EF1CC15B-46C1-414E-BB95-E76B077BD51E"},"EventID":61,"Version":1,"Level":3,"Task":0,"Opcode":2,"Keywords":"0x4000000000000000","TimeCreated_attributes":{"SystemTime":"2020-11-11T15:56:12.903915Z"},"EventRecordID":8806,"Correlation_attributes":{"ActivityID":"309C300D-5D37-4EA0-B02A-F7E4E69874F5"},"Execution_attributes":{"ProcessID":3676,"ThreadID":7972},"Channel":"Microsoft-Windows-Bits-Client/Operational","Computer":"MSEDGEWIN10","Security_attributes":{"UserID":"S-1-5-18"}},"EventData":{"transferId":"309C300D-5D37-4EA0-B02A-F7E4E69874F5","name":"Push Notification Platform Job: 1","Id":"F79CD3A7-CFA0-4C94-BDD2-428AD7F831F0","url":"https://site-cdn.onenote.net/161350540457_Images/LiveTileImages/MediumAndLarge/Image3.png","peer":"","hr":2147954407,"fileTime":"1601-01-01T00:00:00.000000Z","fileLength":18446744073709551615,"bytesTotal":18446744073709551615,"bytesTransferred":0,"proxy":"","peerProtocolFlags":0,"bytesTransferredFromPeer":0,"AdditionalInfoHr":0,"PeerContextInfo":0,"bandwidthLimit":18446744073709551615,"ignoreBandwidthLimitsOnLan":false}}}
{"Event_attributes":{"xmlns":"http://schemas.microsoft.com/win/2004/08/events/event"},"Event":{"System":{"Provider_attributes":{"Name":"Microsoft-Windows-Bits-Client","Guid":"EF1CC15B-46C1-414E-BB95-E76B077BD51E"},"EventID":59,"Version":1,"Level":4,"Task":0,"Opcode":1,"Keywords":"0x4000000000000000","TimeCreated_attributes":{"SystemTime":"2020-11-11T15:56:12.906494Z"},"EventRecordID":8807,"Correlation_attributes":{"ActivityID":"3ED89E35-E699-4387-8D54-A0CE197908D9"},"Execution_attributes":{"ProcessID":3676,"ThreadID":5644},"Channel":"Microsoft-Windows-Bits-Client/Operational","Computer":"MSEDGEWIN10","Security_attributes":{"UserID":"S-1-5-18"}},"EventData":{"transferId":"3ED89E35-E699-4387-8D54-A0CE197908D9","name":"Push Notification Platform Job: 1","Id":"F79CD3A7-CFA0-4C94-BDD2-428AD7F831F0","url":"https://site-cdn.onenote.net/161350540457_Images/LiveTileImages/MediumAndLarge/Image3.png","peer":"","fileTime":"1601-01-01T00:00:00.000000Z","fileLength":18446744073709551615,"bytesTotal":18446744073709551615,"bytesTransferred":0,"bytesTransferredFromPeer":0}}}
{"Event_attributes":{"xmlns":"http://schemas.microsoft.com/win/2004/08/events/event"},"Event":{"System":{"Provider_attributes":{"Name":"Microsoft-Windows-Bits-Client","Guid":"EF1CC15B-46C1-414E-BB95-E76B077BD51E"},"EventID":61,"Version":1,"Level":3,"Task":0,"Opcode":2,"Keywords":"0x4000000000000000","TimeCreated_attributes":{"SystemTime":"2020-11-11T15:56:12.908818Z"},"EventRecordID":8808,"Correlation_attributes":{"ActivityID":"3ED89E35-E699-4387-8D54-A0CE197908D9"},"Execution_attributes":{"ProcessID":3676,"ThreadID":7972},"Channel":"Microsoft-Windows-Bits-Client/Operational","Computer":"MSEDGEWIN10","Security_attributes":{"UserID":"S-1-5-18"}},"EventData":{"transferId":"3ED89E35-E699-4387-8D54-A0CE197908D9","name":"Push Notification Platform Job: 1","Id":"F79CD3A7-CFA0-4C94-BDD2-428AD7F831F0","url":"https://site-cdn.onenote.net/161350540457_Images/LiveTileImages/MediumAndLarge/Image3.png","peer":"","hr":2147954407,"fileTime":"1601-01-01T00:00:00.000000Z","fileLength":18446744073709551615,"bytesTotal":18446744073709551615,"bytesTransferred":0,"proxy":"","peerProtocolFlags":0,"bytesTransferredFromPeer":0,"AdditionalInfoHr":0,"PeerContextInfo":0,"bandwidthLimit":18446744073709551615,"ignoreBandwidthLimitsOnLan":false}}}
{"Event_attributes":{"xmlns":"http://schemas.microsoft.com/win/2004/08/events/event"},"Event":{"System":{"Provider_attributes":{"Name":"Microsoft-Windows-Bits-Client","Guid":"EF1CC15B-46C1-414E-BB95-E76B077BD51E"},"EventID":59,"Version":1,"Level":4,"Task":0,"Opcode":1,"Keywords":"0x4000000000000000","TimeCreated_attributes":{"SystemTime":"2020-11-11T15:56:12.910342Z"},"EventRecordID":8809,"Correlation_attributes":{"ActivityID":"A421F00E-90B9-499F-8AD3-09435DC55003"},"Execution_attributes":{"ProcessID":3676,"ThreadID":5644},"Channel":"Microsoft-Windows-Bits-Client/Operational","Computer":"MSEDGEWIN10","Security_attributes":{"UserID":"S-1-5-18"}},"EventData":{"transferId":"A421F00E-90B9-499F-8AD3-09435DC55003","name":"Push Notification Platform Job: 1","Id":"F79CD3A7-CFA0-4C94-BDD2-428AD7F831F0","url":"https://site-cdn.onenote.net/161350540457_Images/LiveTileImages/MediumAndLarge/Image3.png","peer":"","fileTime":"1601-01-01T00:00:00.000000Z","fileLength":18446744073709551615,"bytesTotal":18446744073709551615,"bytesTransferred":0,"bytesTransferredFromPeer":0}}}
{"Event_attributes":{"xmlns":"http://schemas.microsoft.com/win/2004/08/events/event"},"Event":{"System":{"Provider_attributes":{"Name":"Microsoft-Windows-Bits-Client","Guid":"EF1CC15B-46C1-414E-BB95-E76B077BD51E"},"EventID":61,"Version":1,"Level":3,"Task":0,"Opcode":2,"Keywords":"0x4000000000000000","TimeCreated_attributes":{"SystemTime":"2020-11-11T15:56:12.912756Z"},"EventRecordID":8810,"Correlation_attributes":{"ActivityID":"A421F00E-90B9-499F-8AD3-09435DC55003"},"Execution_attributes":{"ProcessID":3676,"ThreadID":7972},"Channel":"Microsoft-Windows-Bits-Client/Operational","Computer":"MSEDGEWIN10","Security_attributes":{"UserID":"S-1-5-18"}},"EventData":{"transferId":"A421F00E-90B9-499F-8AD3-09435DC55003","name":"Push Notification Platform Job: 1","Id":"F79CD3A7-CFA0-4C94-BDD2-428AD7F831F0","url":"https://site-cdn.onenote.net/161350540457_Images/LiveTileImages/MediumAndLarge/Image3.png","peer":"","hr":2147954407,"fileTime":"1601-01-01T00:00:00.000000Z","fileLength":18446744073709551615,"bytesTotal":18446744073709551615,"bytesTransferred":0,"proxy":"","peerProtocolFlags":0,"bytesTransferredFromPeer":0,"AdditionalInfoHr":0,"PeerContextInfo":0,"bandwidthLimit":18446744073709551615,"ignoreBandwidthLimitsOnLan":false}}}
{"Event_attributes":{"xmlns":"http://schemas.microsoft.com/win/2004/08/events/event"},"Event":{"System":{"Provider_attributes":{"Name":"Microsoft-Windows-Bits-Client","Guid":"EF1CC15B-46C1-414E-BB95-E76B077BD51E"},"EventID":59,"Version":1,"Level":4,"Task":0,"Opcode":1,"Keywords":"0x4000000000000000","TimeCreated_attributes":{"SystemTime":"2020-11-11T15:56:12.913805Z"},"EventRecordID":8811,"Correlation_attributes":{"ActivityID":"426404D8-97B8-43EE-AE45-273D15752BFB"},"Execution_attributes":{"ProcessID":3676,"ThreadID":5644},"Channel":"Microsoft-Windows-Bits-Client/Operational","Computer":"MSEDGEWIN10","Security_attributes":{"UserID":"S-1-5-18"}},"EventData":{"transferId":"426404D8-97B8-43EE-AE45-273D15752BFB","name":"Push Notification Platform Job: 1","Id":"F79CD3A7-CFA0-4C94-BDD2-428AD7F831F0","url":"https://site-cdn.onenote.net/161350540457_Images/LiveTileImages/MediumAndLarge/Image3.png","peer":"","fileTime":"1601-01-01T00:00:00.000000Z","fileLength":18446744073709551615,"bytesTotal":18446744073709551615,"bytesTransferred":0,"bytesTransferredFromPeer":0}}}
{"Event_attributes":{"xmlns":"http://schemas.microsoft.com/win/2004/08/events/event"},"Event":{"System":{"Provider_attributes":{"Name":"Microsoft-Windows-Bits-Client","Guid":"EF1CC15B-46C1-414E-BB95-E76B077BD51E"},"EventID":61,"Version":1,"Level":3,"Task":0,"Opcode":2,"Keywords":"0x4000000000000000","TimeCreated_attributes":{"SystemTime":"2020-11-11T15:56:12.917109Z"},"EventRecordID":8812,"Correlation_attributes":{"ActivityID":"426404D8-97B8-43EE-AE45-273D15752BFB"},"Execution_attributes":{"ProcessID":3676,"ThreadID":7972},"Channel":"Microsoft-Windows-Bits-Client/Operational","Computer":"MSEDGEWIN10","Security_attributes":{"UserID":"S-1-5-18"}},"EventData":{"transferId":"426404D8-97B8-43EE-AE45-273D15752BFB","name":"Push Notification Platform Job: 1","Id":"F79CD3A7-CFA0-4C94-BDD2-428AD7F831F0","url":"https://site-cdn.onenote.net/161350540457_Images/LiveTileImages/MediumAndLarge/Image3.png","peer":"","hr":2147954407,"fileTime":"1601-01-01T00:00:00.000000Z","fileLength":18446744073709551615,"bytesTotal":18446744073709551615,"bytesTransferred":0,"proxy":"","peerProtocolFlags":0,"bytesTransferredFromPeer":0,"AdditionalInfoHr":0,"PeerContextInfo":0,"bandwidthLimit":18446744073709551615,"ignoreBandwidthLimitsOnLan":false}}}
{"Event_attributes":{"xmlns":"http://schemas.microsoft.com/win/2004/08/events/event"},"Event":{"System":{"Provider_attributes":{"Name":"Microsoft-Windows-Bits-Client","Guid":"EF1CC15B-46C1-414E-BB95-E76B077BD51E"},"EventID":5,"Version":0,"Level":4,"Task":0,"Opcode":0,"Keywords":"0x4000000000000000","TimeCreated_attributes":{"SystemTime":"2020-11-11T15:56:12.918372Z"},"EventRecordID":8813,"Correlation":null,"Execution_attributes":{"ProcessID":3676,"ThreadID":7972},"Channel":"Microsoft-Windows-Bits-Client/Operational","Computer":"MSEDGEWIN10","Security_attributes":{"UserID":"S-1-5-21-3461203602-4096304019-2269080069-1000"}},"EventData":{"User":"MSEDGEWIN10\\IEUser","jobTitle":"Push Notification Platform Job: 1","jobId":"F79CD3A7-CFA0-4C94-BDD2-428AD7F831F0","jobOwner":"MSEDGEWIN10\\IEUser","fileCount":1}}}
{"Event_attributes":{"xmlns":"http://schemas.microsoft.com/win/2004/08/events/event"},"Event":{"System":{"Provider_attributes":{"Name":"Microsoft-Windows-Bits-Client","Guid":"EF1CC15B-46C1-414E-BB95-E76B077BD51E"},"EventID":306,"Version":0,"Level":5,"Task":0,"Opcode":0,"Keywords":"0x4000000000000000","TimeCreated_attributes":{"SystemTime":"2020-11-11T15:59:46.413135Z"},"EventRecordID":8814,"Correlation":null,"Execution_attributes":{"ProcessID":9144,"ThreadID":8132},"Channel":"Microsoft-Windows-Bits-Client/Operational","Computer":"MSEDGEWIN10","Security_attributes":{"UserID":"S-1-5-18"}},"EventData":null}}
{"Event_attributes":{"xmlns":"http://schemas.microsoft.com/win/2004/08/events/event"},"Event":{"System":{"Provider_attributes":{"Name":"Microsoft-Windows-Bits-Client","Guid":"EF1CC15B-46C1-414E-BB95-E76B077BD51E"},"EventID":306,"Version":0,"Level":5,"Task":0,"Opcode":0,"Keywords":"0x4000000000000000","TimeCreated_attributes":{"SystemTime":"2020-11-12T10:46:06.878491Z"},"EventRecordID":8815,"Correlation":null,"Execution_attributes":{"ProcessID":7676,"ThreadID":1748},"Channel":"Microsoft-Windows-Bits-Client/Operational","Computer":"MSEDGEWIN10","Security_attributes":{"UserID":"S-1-5-18"}},"EventData":null}}
{"Event_attributes":{"xmlns":"http://schemas.microsoft.com/win/2004/08/events/event"},"Event":{"System":{"Provider_attributes":{"Name":"Microsoft-Windows-Bits-Client","Guid":"EF1CC15B-46C1-414E-BB95-E76B077BD51E"},"EventID":3,"Version":2,"Level":4,"Task":0,"Opcode":0,"Keywords":"0x4000000000000000","TimeCreated_attributes":{"SystemTime":"2020-11-12T10:46:10.886093Z"},"EventRecordID":8816,"Correlation":null,"Execution_attributes":{"ProcessID":7676,"ThreadID":8352},"Channel":"Microsoft-Windows-Bits-Client/Operational","Computer":"MSEDGEWIN10","Security_attributes":{"UserID":"S-1-5-18"}},"EventData":{"jobTitle":"C:\\Users\\IEUser\\AppData\\Local\\{3FD1CE18-35CB-4333-89F8-DA4D98954D9F}","jobId":"16C14A8E-4FDE-4A68-AC33-3FCB912BB637","jobOwner":"NT AUTHORITY\\SYSTEM","processPath":"C:\\Program Files (x86)\\Google\\Update\\GoogleUpdate.exe","processId":8124}}}
{"Event_attributes":{"xmlns":"http://schemas.microsoft.com/win/2004/08/events/event"},"Event":{"System":{"Provider_attributes":{"Name":"Microsoft-Windows-Bits-Client","Guid":"EF1CC15B-46C1-414E-BB95-E76B077BD51E"},"EventID":61,"Version":1,"Level":3,"Task":0,"Opcode":2,"Keywords":"0x4000000000000000","TimeCreated_attributes":{"SystemTime":"2020-11-12T10:46:10.903595Z"},"EventRecordID":8817,"Correlation_attributes":{"ActivityID":"A7ABF431-DC06-4D38-A778-FE018DA91A86"},"Execution_attributes":{"ProcessID":7676,"ThreadID":5208},"Channel":"Microsoft-Windows-Bits-Client/Operational","Computer":"MSEDGEWIN10","Security_attributes":{"UserID":"S-1-5-18"}},"EventData":{"transferId":"A7ABF431-DC06-4D38-A778-FE018DA91A86","name":"C:\\Users\\IEUser\\AppData\\Local\\{3FD1CE18-35CB-4333-89F8-DA4D98954D9F}","Id":"16C14A8E-4FDE-4A68-AC33-3FCB912BB637","url":"https://clients2.google.com/service/check2?crx3=true&appid=%7B430FD4D0-B729-4F61-AA34-91526481799D%7D&appversion=1.3.36.32&applang=&machine=1&version=1.3.36.32&userid=%7B41975F82-406F-4186-AABD-6E6A89517884%7D&osversion=10.0&servicepack=","peer":"","hr":2147954407,"fileTime":"1601-01-01T00:00:00.000000Z","fileLength":18446744073709551615,"bytesTotal":18446744073709551615,"bytesTransferred":0,"proxy":"","peerProtocolFlags":0,"bytesTransferredFromPeer":0,"AdditionalInfoHr":0,"PeerContextInfo":0,"bandwidthLimit":18446744073709551615,"ignoreBandwidthLimitsOnLan":false}}}
{"Event_attributes":{"xmlns":"http://schemas.microsoft.com/win/2004/08/events/event"},"Event":{"System":{"Provider_attributes":{"Name":"Microsoft-Windows-Bits-Client","Guid":"EF1CC15B-46C1-414E-BB95-E76B077BD51E"},"EventID":5,"Version":0,"Level":4,"Task":0,"Opcode":0,"Keywords":"0x4000000000000000","TimeCreated_attributes":{"SystemTime":"2020-11-12T10:46:10.906307Z"},"EventRecordID":8818,"Correlation":null,"Execution_attributes":{"ProcessID":7676,"ThreadID":5208},"Channel":"Microsoft-Windows-Bits-Client/Operational","Computer":"MSEDGEWIN10","Security_attributes":{"UserID":"S-1-5-18"}},"EventData":{"User":"NT AUTHORITY\\SYSTEM","jobTitle":"C:\\Users\\IEUser\\AppData\\Local\\{3FD1CE18-35CB-4333-89F8-DA4D98954D9F}","jobId":"16C14A8E-4FDE-4A68-AC33-3FCB912BB637","jobOwner":"NT AUTHORITY\\SYSTEM","fileCount":1}}}
{"Event_attributes":{"xmlns":"http://schemas.microsoft.com/win/2004/08/events/event"},"Event":{"System":{"Provider_attributes":{"Name":"Microsoft-Windows-Bits-Client","Guid":"EF1CC15B-46C1-414E-BB95-E76B077BD51E"},"EventID":3,"Version":2,"Level":4,"Task":0,"Opcode":0,"Keywords":"0x4000000000000000","TimeCreated_attributes":{"SystemTime":"2020-11-12T10:46:10.914616Z"},"EventRecordID":8819,"Correlation":null,"Execution_attributes":{"ProcessID":7676,"ThreadID":5208},"Channel":"Microsoft-Windows-Bits-Client/Operational","Computer":"MSEDGEWIN10","Security_attributes":{"UserID":"S-1-5-18"}},"EventData":{"jobTitle":"C:\\Users\\IEUser\\AppData\\Local\\{3FD1CE18-35CB-4333-89F8-DA4D98954D9F}","jobId":"AA87E183-AD10-40EC-83AA-EE0F510ECA8E","jobOwner":"NT AUTHORITY\\SYSTEM","processPath":"C:\\Program Files (x86)\\Google\\Update\\GoogleUpdate.exe","processId":8124}}}
{"Event_attributes":{"xmlns":"http://schemas.microsoft.com/win/2004/08/events/event"},"Event":{"System":{"Provider_attributes":{"Name":"Microsoft-Windows-Bits-Client","Guid":"EF1CC15B-46C1-414E-BB95-E76B077BD51E"},"EventID":61,"Version":1,"Level":3,"Task":0,"Opcode":2,"Keywords":"0x4000000000000000","TimeCreated_attributes":{"SystemTime":"2020-11-12T10:46:10.924659Z"},"EventRecordID":8820,"Correlation_attributes":{"ActivityID":"C8991DDF-3CC8-4A7F-9990-3142464D5BB0"},"Execution_attributes":{"ProcessID":7676,"ThreadID":5208},"Channel":"Microsoft-Windows-Bits-Client/Operational","Computer":"MSEDGEWIN10","Security_attributes":{"UserID":"S-1-5-18"}},"EventData":{"transferId":"C8991DDF-3CC8-4A7F-9990-3142464D5BB0","name":"C:\\Users\\IEUser\\AppData\\Local\\{3FD1CE18-35CB-4333-89F8-DA4D98954D9F}","Id":"AA87E183-AD10-40EC-83AA-EE0F510ECA8E","url":"https://clients2.google.com/service/check2?crx3=true&appid=%7B430FD4D0-B729-4F61-AA34-91526481799D%7D&appversion=1.3.36.32&applang=&machine=1&version=1.3.36.32&userid=%7B41975F82-406F-4186-AABD-6E6A89517884%7D&osversion=10.0&servicepack=","peer":"","hr":2147954407,"fileTime":"1601-01-01T00:00:00.000000Z","fileLength":18446744073709551615,"bytesTotal":18446744073709551615,"bytesTransferred":0,"proxy":"","peerProtocolFlags":0,"bytesTransferredFromPeer":0,"AdditionalInfoHr":0,"PeerContextInfo":0,"bandwidthLimit":18446744073709551615,"ignoreBandwidthLimitsOnLan":false}}}
{"Event_attributes":{"xmlns":"http://schemas.microsoft.com/win/2004/08/events/event"},"Event":{"System":{"Provider_attributes":{"Name":"Microsoft-Windows-Bits-Client","Guid":"EF1CC15B-46C1-414E-BB95-E76B077BD51E"},"EventID":5,"Version":0,"Level":4,"Task":0,"Opcode":0,"Keywords":"0x4000000000000000","TimeCreated_attributes":{"SystemTime":"2020-11-12T10:46:10.927166Z"},"EventRecordID":8821,"Correlation":null,"Execution_attributes":{"ProcessID":7676,"ThreadID":5208},"Channel":"Microsoft-Windows-Bits-Client/Operational","Computer":"MSEDGEWIN10","Security_attributes":{"UserID":"S-1-5-18"}},"EventData":{"User":"NT AUTHORITY\\SYSTEM","jobTitle":"C:\\Users\\IEUser\\AppData\\Local\\{3FD1CE18-35CB-4333-89F8-DA4D98954D9F}","jobId":"AA87E183-AD10-40EC-83AA-EE0F510ECA8E","jobOwner":"NT AUTHORITY\\SYSTEM","fileCount":1}}}
{"Event_attributes":{"xmlns":"http://schemas.microsoft.com/win/2004/08/events/event"},"Event":{"System":{"Provider_attributes":{"Name":"Microsoft-Windows-Bits-Client","Guid":"EF1CC15B-46C1-414E-BB95-E76B077BD51E"},"EventID":3,"Version":2,"Level":4,"Task":0,"Opcode":0,"Keywords":"0x4000000000000000","TimeCreated_attributes":{"SystemTime":"2020-11-12T10:46:10.937850Z"},"EventRecordID":8822,"Correlation":null,"Execution_attributes":{"ProcessID":7676,"ThreadID":5208},"Channel":"Microsoft-Windows-Bits-Client/Operational","Computer":"MSEDGEWIN10","Security_attributes":{"UserID":"S-1-5-18"}},"EventData":{"jobTitle":"C:\\Program Files (x86)\\Google\\Update\\1.3.36.32\\Recovery\\GUR86EE.tmp\\GoogleUpdateSetup.crx3","jobId":"63B80D97-04A5-492E-ABA4-AC861A8B9DEB","jobOwner":"NT AUTHORITY\\SYSTEM","processPath":"C:\\Program Files (x86)\\Google\\Update\\GoogleUpdate.exe","processId":8124}}}
{"Event_attributes":{"xmlns":"http://schemas.microsoft.com/win/2004/08/events/event"},"Event":{"System":{"Provider_attributes":{"Name":"Microsoft-Windows-Bits-Client","Guid":"EF1CC15B-46C1-414E-BB95-E76B077BD51E"},"EventID":61,"Version":1,"Level":3,"Task":0,"Opcode":2,"Keywords":"0x4000000000000000","TimeCreated_attributes":{"SystemTime":"2020-11-12T10:46:10.948754Z"},"EventRecordID":8823,"Correlation_attributes":{"ActivityID":"784444B9-7228-4B55-BAB3-CA93FE759AE9"},"Execution_attributes":{"ProcessID":7676,"ThreadID":8348},"Channel":"Microsoft-Windows-Bits-Client/Operational","Computer":"MSEDGEWIN10","Security_attributes":{"UserID":"S-1-5-18"}},"EventData":{"transferId":"784444B9-7228-4B55-BAB3-CA93FE759AE9","name":"C:\\Program Files (x86)\\Google\\Update\\1.3.36.32\\Recovery\\GUR86EE.tmp\\GoogleUpdateSetup.crx3","Id":"63B80D97-04A5-492E-ABA4-AC861A8B9DEB","url":"https://clients2.google.com/service/check2?crx3=true&appid=%7B430FD4D0-B729-4F61-AA34-91526481799D%7D&appversion=1.3.36.32&applang=&machine=1&version=1.3.36.32&userid=%7B41975F82-406F-4186-AABD-6E6A89517884%7D&osversion=10.0&servicepack=","peer":"","hr":2147954407,"fileTime":"1601-01-01T00:00:00.000000Z","fileLength":18446744073709551615,"bytesTotal":18446744073709551615,"bytesTransferred":0,"proxy":"","peerProtocolFlags":0,"bytesTransferredFromPeer":0,"AdditionalInfoHr":0,"PeerContextInfo":0,"bandwidthLimit":18446744073709551615,"ignoreBandwidthLimitsOnLan":false}}}
{"Event_attributes":{"xmlns":"http://schemas.microsoft.com/win/2004/08/events/event"},"Event":{"System":{"Provider_attributes":{"Name":"Microsoft-Windows-Bits-Client","Guid":"EF1CC15B-46C1-414E-BB95-E76B077BD51E"},"EventID":5,"Version":0,"Level":4,"Task":0,"Opcode":0,"Keywords":"0x4000000000000000","TimeCreated_attributes":{"SystemTime":"2020-11-12T10:46:10.950750Z"},"EventRecordID":8824,"Correlation":null,"Execution_attributes":{"ProcessID":7676,"ThreadID":8348},"Channel":"Microsoft-Windows-Bits-Client/Operational","Computer":"MSEDGEWIN10","Security_attributes":{"UserID":"S-1-5-18"}},"EventData":{"User":"NT AUTHORITY\\SYSTEM","jobTitle":"C:\\Program Files (x86)\\Google\\Update\\1.3.36.32\\Recovery\\GUR86EE.tmp\\GoogleUpdateSetup.crx3","jobId":"63B80D97-04A5-492E-ABA4-AC861A8B9DEB","jobOwner":"NT AUTHORITY\\SYSTEM","fileCount":1}}}
{"Event_attributes":{"xmlns":"http://schemas.microsoft.com/win/2004/08/events/event"},"Event":{"System":{"Provider_attributes":{"Name":"Microsoft-Windows-Bits-Client","Guid":"EF1CC15B-46C1-414E-BB95-E76B077BD51E"},"EventID":3,"Version":2,"Level":4,"Task":0,"Opcode":0,"Keywords":"0x4000000000000000","TimeCreated_attributes":{"SystemTime":"2020-11-12T10:46:10.959761Z"},"EventRecordID":8825,"Correlation":null,"Execution_attributes":{"ProcessID":7676,"ThreadID":8348},"Channel":"Microsoft-Windows-Bits-Client/Operational","Computer":"MSEDGEWIN10","Security_attributes":{"UserID":"S-1-5-18"}},"EventData":{"jobTitle":"C:\\Program Files (x86)\\Google\\Update\\1.3.36.32\\Recovery\\GUR86EE.tmp\\GoogleUpdateSetup.crx3","jobId":"21ABE5B0-D766-4A90-96BF-93C22C834CCC","jobOwner":"NT AUTHORITY\\SYSTEM","processPath":"C:\\Program Files (x86)\\Google\\Update\\GoogleUpdate.exe","processId":8124}}}
{"Event_attributes":{"xmlns":"http://schemas.microsoft.com/win/2004/08/events/event"},"Event":{"System":{"Provider_attributes":{"Name":"Microsoft-Windows-Bits-Client","Guid":"EF1CC15B-46C1-414E-BB95-E76B077BD51E"},"EventID":61,"Version":1,"Level":3,"Task":0,"Opcode":2,"Keywords":"0x4000000000000000","TimeCreated_attributes":{"SystemTime":"2020-11-12T10:46:10.968672Z"},"EventRecordID":8826,"Correlation_attributes":{"ActivityID":"FA6EC767-EBD8-4C4B-88F1-9865242BBD5B"},"Execution_attributes":{"ProcessID":7676,"ThreadID":5208},"Channel":"Microsoft-Windows-Bits-Client/Operational","Computer":"MSEDGEWIN10","Security_attributes":{"UserID":"S-1-5-18"}},"EventData":{"transferId":"FA6EC767-EBD8-4C4B-88F1-9865242BBD5B","name":"C:\\Program Files (x86)\\Google\\Update\\1.3.36.32\\Recovery\\GUR86EE.tmp\\GoogleUpdateSetup.crx3","Id":"21ABE5B0-D766-4A90-96BF-93C22C834CCC","url":"https://clients2.google.com/service/check2?crx3=true&appid=%7B430FD4D0-B729-4F61-AA34-91526481799D%7D&appversion=1.3.36.32&applang=&machine=1&version=1.3.36.32&userid=%7B41975F82-406F-4186-AABD-6E6A89517884%7D&osversion=10.0&servicepack=","peer":"","hr":2147954407,"fileTime":"1601-01-01T00:00:00.000000Z","fileLength":18446744073709551615,"bytesTotal":18446744073709551615,"bytesTransferred":0,"proxy":"","peerProtocolFlags":0,"bytesTransferredFromPeer":0,"AdditionalInfoHr":0,"PeerContextInfo":0,"bandwidthLimit":18446744073709551615,"ignoreBandwidthLimitsOnLan":false}}}
{"Event_attributes":{"xmlns":"http://schemas.microsoft.com/win/2004/08/events/event"},"Event":{"System":{"Provider_attributes":{"Name":"Microsoft-Windows-Bits-Client","Guid":"EF1CC15B-46C1-414E-BB95-E76B077BD51E"},"EventID":5,"Version":0,"Level":4,"Task":0,"Opcode":0,"Keywords":"0x4000000000000000","TimeCreated_attributes":{"SystemTime":"2020-11-12T10:46:10.970752Z"},"EventRecordID":8827,"Correlation":null,"Execution_attributes":{"ProcessID":7676,"ThreadID":8348},"Channel":"Microsoft-Windows-Bits-Client/Operational","Computer":"MSEDGEWIN10","Security_attributes":{"UserID":"S-1-5-18"}},"EventData":{"User":"NT AUTHORITY\\SYSTEM","jobTitle":"C:\\Program Files (x86)\\Google\\Update\\1.3.36.32\\Recovery\\GUR86EE.tmp\\GoogleUpdateSetup.crx3","jobId":"21ABE5B0-D766-4A90-96BF-93C22C834CCC","jobOwner":"NT AUTHORITY\\SYSTEM","fileCount":1}}}
{"Event_attributes":{"xmlns":"http://schemas.microsoft.com/win/2004/08/events/event"},"Event":{"System":{"Provider_attributes":{"Name":"Microsoft-Windows-Bits-Client","Guid":"EF1CC15B-46C1-414E-BB95-E76B077BD51E"},"EventID":3,"Version":2,"Level":4,"Task":0,"Opcode":0,"Keywords":"0x4000000000000000","TimeCreated_attributes":{"SystemTime":"2020-11-12T10:47:46.328789Z"},"EventRecordID":8828,"Correlation":null,"Execution_attributes":{"ProcessID":7676,"ThreadID":1768},"Channel":"Microsoft-Windows-Bits-Client/Operational","Computer":"MSEDGEWIN10","Security_attributes":{"UserID":"S-1-5-18"}},"EventData":{"jobTitle":"MicrosoftMapsBingGeoStore","jobId":"93A772F2-A4E7-4B14-8647-B7DBE759747B","jobOwner":"NT AUTHORITY\\NETWORK SERVICE","processPath":"C:\\Windows\\System32\\svchost.exe","processId":7760}}}
{"Event_attributes":{"xmlns":"http://schemas.microsoft.com/win/2004/08/events/event"},"Event":{"System":{"Provider_attributes":{"Name":"Microsoft-Windows-Bits-Client","Guid":"EF1CC15B-46C1-414E-BB95-E76B077BD51E"},"EventID":209,"Version":0,"Level":4,"Task":0,"Opcode":0,"Keywords":"0x4000000000000000","TimeCreated_attributes":{"SystemTime":"2020-11-12T10:47:46.334839Z"},"EventRecordID":8829,"Correlation":null,"Execution_attributes":{"ProcessID":7676,"ThreadID":5208},"Channel":"Microsoft-Windows-Bits-Client/Operational","Computer":"MSEDGEWIN10","Security_attributes":{"UserID":"S-1-5-18"}},"EventData":{"jobName":"MicrosoftMapsBingGeoStore","jobId":"93A772F2-A4E7-4B14-8647-B7DBE759747B","isRoaming":1}}}
{"Event_attributes":{"xmlns":"http://schemas.microsoft.com/win/2004/08/events/event"},"Event":{"System":{"Provider_attributes":{"Name":"Microsoft-Windows-Bits-Client","Guid":"EF1CC15B-46C1-414E-BB95-E76B077BD51E"},"EventID":306,"Version":0,"Level":5,"Task":0,"Opcode":0,"Keywords":"0x4000000000000000","TimeCreated_attributes":{"SystemTime":"2020-11-12T10:56:12.595070Z"},"EventRecordID":8830,"Correlation":null,"Execution_attributes":{"ProcessID":4908,"ThreadID":7768},"Channel":"Microsoft-Windows-Bits-Client/Operational","Computer":"MSEDGEWIN10","Security_attributes":{"UserID":"S-1-5-18"}},"EventData":null}}
{"Event_attributes":{"xmlns":"http://schemas.microsoft.com/win/2004/08/events/event"},"Event":{"System":{"Provider_attributes":{"Name":"Microsoft-Windows-Bits-Client","Guid":"EF1CC15B-46C1-414E-BB95-E76B077BD51E"},"EventID":3,"Version":2,"Level":4,"Task":0,"Opcode":0,"Keywords":"0x4000000000000000","TimeCreated_attributes":{"SystemTime":"2020-11-12T10:56:12.951113Z"},"EventRecordID":8831,"Correlation":null,"Execution_attributes":{"ProcessID":4908,"ThreadID":9820},"Channel":"Microsoft-Windows-Bits-Client/Operational","Computer":"MSEDGEWIN10","Security_attributes":{"UserID":"S-1-5-18"}},"EventData":{"jobTitle":"C:\\Users\\IEUser\\AppData\\Local\\Temp\\{9FF0B339-0202-4A5B-B73E-CFFB4FCBD124}-86.0.4240.193_86.0.4240.183_chrome_updater.exe","jobId":"FF56F08A-3D87-4A27-9E54-1444A29F0449","jobOwner":"MSEDGEWIN10\\IEUser","processPath":"C:\\Program Files (x86)\\Google\\Update\\GoogleUpdate.exe","processId":7764}}}
{"Event_attributes":{"xmlns":"http://schemas.microsoft.com/win/2004/08/events/event"},"Event":{"System":{"Provider_attributes":{"Name":"Microsoft-Windows-Bits-Client","Guid":"EF1CC15B-46C1-414E-BB95-E76B077BD51E"},"EventID":310,"Version":0,"Level":3,"Task":0,"Opcode":0,"Keywords":"0x4000000000000000","TimeCreated_attributes":{"SystemTime":"2020-11-12T10:56:13.118557Z"},"EventRecordID":8832,"Correlation":null,"Execution_attributes":{"ProcessID":4908,"ThreadID":4660},"Channel":"Microsoft-Windows-Bits-Client/Operational","Computer":"MSEDGEWIN10","Security_attributes":{"UserID":"S-1-5-18"}},"EventData":{"ErrorCode":2147942450}}}
{"Event_attributes":{"xmlns":"http://schemas.microsoft.com/win/2004/08/events/event"},"Event":{"System":{"Provider_attributes":{"Name":"Microsoft-Windows-Bits-Client","Guid":"EF1CC15B-46C1-414E-BB95-E76B077BD51E"},"EventID":59,"Version":1,"Level":4,"Task":0,"Opcode":1,"Keywords":"0x4000000000000000","TimeCreated_attributes":{"SystemTime":"2020-11-12T10:56:13.148615Z"},"EventRecordID":8833,"Correlation_attributes":{"ActivityID":"7E43CA01-DD5D-4814-8A56-15F509508F44"},"Execution_attributes":{"ProcessID":4908,"ThreadID":4660},"Channel":"Microsoft-Windows-Bits-Client/Operational","Computer":"MSEDGEWIN10","Security_attributes":{"UserID":"S-1-5-18"}},"EventData":{"transferId":"7E43CA01-DD5D-4814-8A56-15F509508F44","name":"C:\\Users\\IEUser\\AppData\\Local\\Temp\\{9FF0B339-0202-4A5B-B73E-CFFB4FCBD124}-86.0.4240.193_86.0.4240.183_chrome_updater.exe","Id":"FF56F08A-3D87-4A27-9E54-1444A29F0449","url":"http://r2---sn-5hne6nsy.gvt1.com/edgedl/release2/chrome/QX5U7YrFu2EjtutZ_UHwBg_86.0.4240.193/86.0.4240.193_86.0.4240.183_chrome_updater.exe?cms_redirect=yes&mh=qK&mip=213.127.67.111&mm=28&mn=sn-5hne6nsy&ms=nvh&mt=1605092117&mv=m&mvi=2&pl=17&shardbypass=yes","peer":"","fileTime":"2020-11-08T13:58:52.000000Z","fileLength":2603264,"bytesTotal":2603264,"bytesTransferred":0,"bytesTransferredFromPeer":0}}}
{"Event_attributes":{"xmlns":"http://schemas.microsoft.com/win/2004/08/events/event"},"Event":{"System":{"Provider_attributes":{"Name":"Microsoft-Windows-Bits-Client","Guid":"EF1CC15B-46C1-414E-BB95-E76B077BD51E"},"EventID":60,"Version":1,"Level":4,"Task":0,"Opcode":2,"Keywords":"0x4000000000000000","TimeCreated_attributes":{"SystemTime":"2020-11-12T10:57:10.415576Z"},"EventRecordID":8834,"Correlation_attributes":{"ActivityID":"7E43CA01-DD5D-4814-8A56-15F509508F44"},"Execution_attributes":{"ProcessID":4908,"ThreadID":5396},"Channel":"Microsoft-Windows-Bits-Client/Operational","Computer":"MSEDGEWIN10","Security_attributes":{"UserID":"S-1-5-18"}},"EventData":{"transferId":"7E43CA01-DD5D-4814-8A56-15F509508F44","name":"C:\\Users\\IEUser\\AppData\\Local\\Temp\\{9FF0B339-0202-4A5B-B73E-CFFB4FCBD124}-86.0.4240.193_86.0.4240.183_chrome_updater.exe","Id":"FF56F08A-3D87-4A27-9E54-1444A29F0449","url":"http://r2---sn-5hne6nsy.gvt1.com/edgedl/release2/chrome/QX5U7YrFu2EjtutZ_UHwBg_86.0.4240.193/86.0.4240.193_86.0.4240.183_chrome_updater.exe?cms_redirect=yes&mh=qK&mip=213.127.67.111&mm=28&mn=sn-5hne6nsy&ms=nvh&mt=1605092117&mv=m&mvi=2&pl=17&shardbypass=yes","peer":"","hr":0,"fileTime":"2020-11-08T13:58:52.000000Z","fileLength":2603264,"bytesTotal":2603264,"bytesTransferred":2603264,"proxy":"","peerProtocolFlags":0,"bytesTransferredFromPeer":0,"AdditionalInfoHr":0,"PeerContextInfo":0,"bandwidthLimit":18446744073709551615,"ignoreBandwidthLimitsOnLan":false}}}
{"Event_attributes":{"xmlns":"http://schemas.microsoft.com/win/2004/08/events/event"},"Event":{"System":{"Provider_attributes":{"Name":"Microsoft-Windows-Bits-Client","Guid":"EF1CC15B-46C1-414E-BB95-E76B077BD51E"},"EventID":4,"Version":1,"Level":4,"Task":0,"Opcode":0,"Keywords":"0x4000000000000000","TimeCreated_attributes":{"SystemTime":"2020-11-12T10:57:10.421001Z"},"EventRecordID":8835,"Correlation":null,"Execution_attributes":{"ProcessID":4908,"ThreadID":4140},"Channel":"Microsoft-Windows-Bits-Client/Operational","Computer":"MSEDGEWIN10","Security_attributes":{"UserID":"S-1-5-18"}},"EventData":{"User":"MSEDGEWIN10\\IEUser","jobTitle":"C:\\Users\\IEUser\\AppData\\Local\\Temp\\{9FF0B339-0202-4A5B-B73E-CFFB4FCBD124}-86.0.4240.193_86.0.4240.183_chrome_updater.exe","jobId":"FF56F08A-3D87-4A27-9E54-1444A29F0449","jobOwner":"MSEDGEWIN10\\IEUser","fileCount":1,"bytesTransferred":2603264,"bytesTransferredFromPeer":0}}}
{"Event_attributes":{"xmlns":"http://schemas.microsoft.com/win/2004/08/events/event"},"Event":{"System":{"Provider_attributes":{"Name":"Microsoft-Windows-Bits-Client","Guid":"EF1CC15B-46C1-414E-BB95-E76B077BD51E"},"EventID":306,"Version":0,"Level":5,"Task":0,"Opcode":0,"Keywords":"0x4000000000000000","TimeCreated_attributes":{"SystemTime":"2020-11-12T12:43:17.316704Z"},"EventRecordID":8836,"Correlation":null,"Execution_attributes":{"ProcessID":9408,"ThreadID":9424},"Channel":"Microsoft-Windows-Bits-Client/Operational","Computer":"MSEDGEWIN10","Security_attributes":{"UserID":"S-1-5-18"}},"EventData":null}}
{"Event_attributes":{"xmlns":"http://schemas.microsoft.com/win/2004/08/events/event"},"Event":{"System":{"Provider_attributes":{"Name":"Microsoft-Windows-Bits-Client","Guid":"EF1CC15B-46C1-414E-BB95-E76B077BD51E"},"EventID":3,"Version":2,"Level":4,"Task":0,"Opcode":0,"Keywords":"0x4000000000000000","TimeCreated_attributes":{"SystemTime":"2020-11-12T12:43:17.628216Z"},"EventRecordID":8837,"Correlation":null,"Execution_attributes":{"ProcessID":9408,"ThreadID":9524},"Channel":"Microsoft-Windows-Bits-Client/Operational","Computer":"MSEDGEWIN10","Security_attributes":{"UserID":"S-1-5-18"}},"EventData":{"jobTitle":"PreSignInSettingsConfigJSON","jobId":"76BCF472-6F33-4A24-9CB5-F553DEEF20D6","jobOwner":"MSEDGEWIN10\\IEUser","processPath":"C:\\Users\\IEUser\\AppData\\Local\\Microsoft\\OneDrive\\OneDriveStandaloneUpdater.exe","processId":3972}}}
{"Event_attributes":{"xmlns":"http://schemas.microsoft.com/win/2004/08/events/event"},"Event":{"System":{"Provider_attributes":{"Name":"Microsoft-Windows-Bits-Client","Guid":"EF1CC15B-46C1-414E-BB95-E76B077BD51E"},"EventID":61,"Version":1,"Level":3,"Task":0,"Opcode":2,"Keywords":"0x4000000000000000","TimeCreated_attributes":{"SystemTime":"2020-11-12T12:43:17.644549Z"},"EventRecordID":8838,"Correlation_attributes":{"ActivityID":"EE85DB5E-19FB-42D1-A6C1-EE3C540B97FF"},"Execution_attributes":{"ProcessID":9408,"ThreadID":9524},"Channel":"Microsoft-Windows-Bits-Client/Operational","Computer":"MSEDGEWIN10","Security_attributes":{"UserID":"S-1-5-18"}},"EventData":{"transferId":"EE85DB5E-19FB-42D1-A6C1-EE3C540B97FF","name":"PreSignInSettingsConfigJSON","Id":"76BCF472-6F33-4A24-9CB5-F553DEEF20D6","url":"https://g.live.com/odclientsettings/Prod","peer":"","hr":2147954407,"fileTime":"1601-01-01T00:00:00.000000Z","fileLength":18446744073709551615,"bytesTotal":18446744073709551615,"bytesTransferred":0,"proxy":"","peerProtocolFlags":0,"bytesTransferredFromPeer":0,"AdditionalInfoHr":0,"PeerContextInfo":0,"bandwidthLimit":18446744073709551615,"ignoreBandwidthLimitsOnLan":false}}}
{"Event_attributes":{"xmlns":"http://schemas.microsoft.com/win/2004/08/events/event"},"Event":{"System":{"Provider_attributes":{"Name":"Microsoft-Windows-Bits-Client","Guid":"EF1CC15B-46C1-414E-BB95-E76B077BD51E"},"EventID":61,"Version":1,"Level":3,"Task":0,"Opcode":2,"Keywords":"0x4000000000000000","TimeCreated_attributes":{"SystemTime":"2020-11-12T12:43:27.896406Z"},"EventRecordID":8839,"Correlation_attributes":{"ActivityID":"F25CA90F-1BF2-43A8-ACC9-A78BB32EF563"},"Execution_attributes":{"ProcessID":9408,"ThreadID":9520},"Channel":"Microsoft-Windows-Bits-Client/Operational","Computer":"MSEDGEWIN10","Security_attributes":{"UserID":"S-1-5-18"}},"EventData":{"transferId":"F25CA90F-1BF2-43A8-ACC9-A78BB32EF563","name":"PreSignInSettingsConfigJSON","Id":"76BCF472-6F33-4A24-9CB5-F553DEEF20D6","url":"https://g.live.com/odclientsettings/Prod","peer":"","hr":2147954407,"fileTime":"1601-01-01T00:00:00.000000Z","fileLength":18446744073709551615,"bytesTotal":18446744073709551615,"bytesTransferred":0,"proxy":"","peerProtocolFlags":0,"bytesTransferredFromPeer":0,"AdditionalInfoHr":0,"PeerContextInfo":0,"bandwidthLimit":18446744073709551615,"ignoreBandwidthLimitsOnLan":false}}}
{"Event_attributes":{"xmlns":"http://schemas.microsoft.com/win/2004/08/events/event"},"Event":{"System":{"Provider_attributes":{"Name":"Microsoft-Windows-Bits-Client","Guid":"EF1CC15B-46C1-414E-BB95-E76B077BD51E"},"EventID":61,"Version":1,"Level":3,"Task":0,"Opcode":2,"Keywords":"0x4000000000000000","TimeCreated_attributes":{"SystemTime":"2020-11-12T12:43:37.895751Z"},"EventRecordID":8840,"Correlation_attributes":{"ActivityID":"D49213A7-71DB-49DB-9D66-D7719ECE1C2F"},"Execution_attributes":{"ProcessID":9408,"ThreadID":9524},"Channel":"Microsoft-Windows-Bits-Client/Operational","Computer":"MSEDGEWIN10","Security_attributes":{"UserID":"S-1-5-18"}},"EventData":{"transferId":"D49213A7-71DB-49DB-9D66-D7719ECE1C2F","name":"PreSignInSettingsConfigJSON","Id":"76BCF472-6F33-4A24-9CB5-F553DEEF20D6","url":"https://g.live.com/odclientsettings/Prod","peer":"","hr":2147954407,"fileTime":"1601-01-01T00:00:00.000000Z","fileLength":18446744073709551615,"bytesTotal":18446744073709551615,"bytesTransferred":0,"proxy":"","peerProtocolFlags":0,"bytesTransferredFromPeer":0,"AdditionalInfoHr":0,"PeerContextInfo":0,"bandwidthLimit":18446744073709551615,"ignoreBandwidthLimitsOnLan":false}}}
{"Event_attributes":{"xmlns":"http://schemas.microsoft.com/win/2004/08/events/event"},"Event":{"System":{"Provider_attributes":{"Name":"Microsoft-Windows-Bits-Client","Guid":"EF1CC15B-46C1-414E-BB95-E76B077BD51E"},"EventID":61,"Version":1,"Level":3,"Task":0,"Opcode":2,"Keywords":"0x4000000000000000","TimeCreated_attributes":{"SystemTime":"2020-11-12T12:43:47.899412Z"},"EventRecordID":8841,"Correlation_attributes":{"ActivityID":"C94F8719-B1F0-41D6-A0C8-EABE4FD1667C"},"Execution_attributes":{"ProcessID":9408,"ThreadID":9524},"Channel":"Microsoft-Windows-Bits-Client/Operational","Computer":"MSEDGEWIN10","Security_attributes":{"UserID":"S-1-5-18"}},"EventData":{"transferId":"C94F8719-B1F0-41D6-A0C8-EABE4FD1667C","name":"PreSignInSettingsConfigJSON","Id":"76BCF472-6F33-4A24-9CB5-F553DEEF20D6","url":"https://g.live.com/odclientsettings/Prod","peer":"","hr":2147954407,"fileTime":"1601-01-01T00:00:00.000000Z","fileLength":18446744073709551615,"bytesTotal":18446744073709551615,"bytesTransferred":0,"proxy":"","peerProtocolFlags":0,"bytesTransferredFromPeer":0,"AdditionalInfoHr":0,"PeerContextInfo":0,"bandwidthLimit":18446744073709551615,"ignoreBandwidthLimitsOnLan":false}}}
{"Event_attributes":{"xmlns":"http://schemas.microsoft.com/win/2004/08/events/event"},"Event":{"System":{"Provider_attributes":{"Name":"Microsoft-Windows-Bits-Client","Guid":"EF1CC15B-46C1-414E-BB95-E76B077BD51E"},"EventID":61,"Version":1,"Level":3,"Task":0,"Opcode":2,"Keywords":"0x4000000000000000","TimeCreated_attributes":{"SystemTime":"2020-11-12T12:44:02.702499Z"},"EventRecordID":8842,"Correlation_attributes":{"ActivityID":"A157FBBD-EE90-4CA8-84F1-0F3540F2BB51"},"Execution_attributes":{"ProcessID":9408,"ThreadID":9524},"Channel":"Microsoft-Windows-Bits-Client/Operational","Computer":"MSEDGEWIN10","Security_attributes":{"UserID":"S-1-5-18"}},"EventData":{"transferId":"A157FBBD-EE90-4CA8-84F1-0F3540F2BB51","name":"PreSignInSettingsConfigJSON","Id":"76BCF472-6F33-4A24-9CB5-F553DEEF20D6","url":"https://g.live.com/odclientsettings/Prod","peer":"","hr":2147954407,"fileTime":"1601-01-01T00:00:00.000000Z","fileLength":18446744073709551615,"bytesTotal":18446744073709551615,"bytesTransferred":0,"proxy":"","peerProtocolFlags":0,"bytesTransferredFromPeer":0,"AdditionalInfoHr":0,"PeerContextInfo":0,"bandwidthLimit":18446744073709551615,"ignoreBandwidthLimitsOnLan":false}}}
{"Event_attributes":{"xmlns":"http://schemas.microsoft.com/win/2004/08/events/event"},"Event":{"System":{"Provider_attributes":{"Name":"Microsoft-Windows-Bits-Client","Guid":"EF1CC15B-46C1-414E-BB95-E76B077BD51E"},"EventID":61,"Version":1,"Level":3,"Task":0,"Opcode":2,"Keywords":"0x4000000000000000","TimeCreated_attributes":{"SystemTime":"2020-11-12T12:44:13.050230Z"},"EventRecordID":8843,"Correlation_attributes":{"ActivityID":"0C3A37BD-107D-4717-A13F-B44B7C8F4756"},"Execution_attributes":{"ProcessID":9408,"ThreadID":9536},"Channel":"Microsoft-Windows-Bits-Client/Operational","Computer":"MSEDGEWIN10","Security_attributes":{"UserID":"S-1-5-18"}},"EventData":{"transferId":"0C3A37BD-107D-4717-A13F-B44B7C8F4756","name":"PreSignInSettingsConfigJSON","Id":"76BCF472-6F33-4A24-9CB5-F553DEEF20D6","url":"https://g.live.com/odclientsettings/Prod","peer":"","hr":2147954407,"fileTime":"1601-01-01T00:00:00.000000Z","fileLength":18446744073709551615,"bytesTotal":18446744073709551615,"bytesTransferred":0,"proxy":"","peerProtocolFlags":0,"bytesTransferredFromPeer":0,"AdditionalInfoHr":0,"PeerContextInfo":0,"bandwidthLimit":18446744073709551615,"ignoreBandwidthLimitsOnLan":false}}}
{"Event_attributes":{"xmlns":"http://schemas.microsoft.com/win/2004/08/events/event"},"Event":{"System":{"Provider_attributes":{"Name":"Microsoft-Windows-Bits-Client","Guid":"EF1CC15B-46C1-414E-BB95-E76B077BD51E"},"EventID":61,"Version":1,"Level":3,"Task":0,"Opcode":2,"Keywords":"0x4000000000000000","TimeCreated_attributes":{"SystemTime":"2020-11-12T12:44:23.288671Z"},"EventRecordID":8844,"Correlation_attributes":{"ActivityID":"5E42E689-9AAF-48CE-A447-1172EDD6E3ED"},"Execution_attributes":{"ProcessID":9408,"ThreadID":9440},"Channel":"Microsoft-Windows-Bits-Client/Operational","Computer":"MSEDGEWIN10","Security_attributes":{"UserID":"S-1-5-18"}},"EventData":{"transferId":"5E42E689-9AAF-48CE-A447-1172EDD6E3ED","name":"PreSignInSettingsConfigJSON","Id":"76BCF472-6F33-4A24-9CB5-F553DEEF20D6","url":"https://g.live.com/odclientsettings/Prod","peer":"","hr":2147954407,"fileTime":"1601-01-01T00:00:00.000000Z","fileLength":18446744073709551615,"bytesTotal":18446744073709551615,"bytesTransferred":0,"proxy":"","peerProtocolFlags":0,"bytesTransferredFromPeer":0,"AdditionalInfoHr":0,"PeerContextInfo":0,"bandwidthLimit":18446744073709551615,"ignoreBandwidthLimitsOnLan":false}}}
{"Event_attributes":{"xmlns":"http://schemas.microsoft.com/win/2004/08/events/event"},"Event":{"System":{"Provider_attributes":{"Name":"Microsoft-Windows-Bits-Client","Guid":"EF1CC15B-46C1-414E-BB95-E76B077BD51E"},"EventID":61,"Version":1,"Level":3,"Task":0,"Opcode":2,"Keywords":"0x4000000000000000","TimeCreated_attributes":{"SystemTime":"2020-11-12T12:44:33.302098Z"},"EventRecordID":8845,"Correlation_attributes":{"ActivityID":"52474BFA-7474-4564-9CA6-EE6ACE0ED16A"},"Execution_attributes":{"ProcessID":9408,"ThreadID":9440},"Channel":"Microsoft-Windows-Bits-Client/Operational","Computer":"MSEDGEWIN10","Security_attributes":{"UserID":"S-1-5-18"}},"EventData":{"transferId":"52474BFA-7474-4564-9CA6-EE6ACE0ED16A","name":"PreSignInSettingsConfigJSON","Id":"76BCF472-6F33-4A24-9CB5-F553DEEF20D6","url":"https://g.live.com/odclientsettings/Prod","peer":"","hr":2147954407,"fileTime":"1601-01-01T00:00:00.000000Z","fileLength":18446744073709551615,"bytesTotal":18446744073709551615,"bytesTransferred":0,"proxy":"","peerProtocolFlags":0,"bytesTransferredFromPeer":0,"AdditionalInfoHr":0,"PeerContextInfo":0,"bandwidthLimit":18446744073709551615,"ignoreBandwidthLimitsOnLan":false}}}
{"Event_attributes":{"xmlns":"http://schemas.microsoft.com/win/2004/08/events/event"},"Event":{"System":{"Provider_attributes":{"Name":"Microsoft-Windows-Bits-Client","Guid":"EF1CC15B-46C1-414E-BB95-E76B077BD51E"},"EventID":310,"Version":0,"Level":3,"Task":0,"Opcode":0,"Keywords":"0x4000000000000000","TimeCreated_attributes":{"SystemTime":"2020-11-12T12:44:50.463285Z"},"EventRecordID":8846,"Correlation":null,"Execution_attributes":{"ProcessID":9408,"ThreadID":9488},"Channel":"Microsoft-Windows-Bits-Client/Operational","Computer":"MSEDGEWIN10","Security_attributes":{"UserID":"S-1-5-18"}},"EventData":{"ErrorCode":2147942450}}}
{"Event_attributes":{"xmlns":"http://schemas.microsoft.com/win/2004/08/events/event"},"Event":{"System":{"Provider_attributes":{"Name":"Microsoft-Windows-Bits-Client","Guid":"EF1CC15B-46C1-414E-BB95-E76B077BD51E"},"EventID":59,"Version":1,"Level":4,"Task":0,"Opcode":1,"Keywords":"0x4000000000000000","TimeCreated_attributes":{"SystemTime":"2020-11-12T12:44:50.465524Z"},"EventRecordID":8847,"Correlation_attributes":{"ActivityID":"A69420EC-CC15-40E5-9683-4FB205D10CDF"},"Execution_attributes":{"ProcessID":9408,"ThreadID":9488},"Channel":"Microsoft-Windows-Bits-Client/Operational","Computer":"MSEDGEWIN10","Security_attributes":{"UserID":"S-1-5-18"}},"EventData":{"transferId":"A69420EC-CC15-40E5-9683-4FB205D10CDF","name":"PreSignInSettingsConfigJSON","Id":"76BCF472-6F33-4A24-9CB5-F553DEEF20D6","url":"https://g.live.com/odclientsettings/Prod","peer":"","fileTime":"2020-11-11T23:05:10.000000Z","fileLength":32674,"bytesTotal":32674,"bytesTransferred":0,"bytesTransferredFromPeer":0}}}
{"Event_attributes":{"xmlns":"http://schemas.microsoft.com/win/2004/08/events/event"},"Event":{"System":{"Provider_attributes":{"Name":"Microsoft-Windows-Bits-Client","Guid":"EF1CC15B-46C1-414E-BB95-E76B077BD51E"},"EventID":60,"Version":1,"Level":4,"Task":0,"Opcode":2,"Keywords":"0x4000000000000000","TimeCreated_attributes":{"SystemTime":"2020-11-12T12:44:50.939876Z"},"EventRecordID":8848,"Correlation_attributes":{"ActivityID":"A69420EC-CC15-40E5-9683-4FB205D10CDF"},"Execution_attributes":{"ProcessID":9408,"ThreadID":9528},"Channel":"Microsoft-Windows-Bits-Client/Operational","Computer":"MSEDGEWIN10","Security_attributes":{"UserID":"S-1-5-18"}},"EventData":{"transferId":"A69420EC-CC15-40E5-9683-4FB205D10CDF","name":"PreSignInSettingsConfigJSON","Id":"76BCF472-6F33-4A24-9CB5-F553DEEF20D6","url":"https://g.live.com/odclientsettings/Prod","peer":"","hr":0,"fileTime":"2020-11-11T23:05:10.000000Z","fileLength":32674,"bytesTotal":32674,"bytesTransferred":32674,"proxy":"","peerProtocolFlags":0,"bytesTransferredFromPeer":0,"AdditionalInfoHr":0,"PeerContextInfo":0,"bandwidthLimit":18446744073709551615,"ignoreBandwidthLimitsOnLan":false}}}
{"Event_attributes":{"xmlns":"http://schemas.microsoft.com/win/2004/08/events/event"},"Event":{"System":{"Provider_attributes":{"Name":"Microsoft-Windows-Bits-Client","Guid":"EF1CC15B-46C1-414E-BB95-E76B077BD51E"},"EventID":306,"Version":0,"Level":5,"Task":0,"Opcode":0,"Keywords":"0x4000000000000000","TimeCreated_attributes":{"SystemTime":"2020-11-12T14:12:21.852554Z"},"EventRecordID":8849,"Correlation":null,"Execution_attributes":{"ProcessID":8160,"ThreadID":8308},"Channel":"Microsoft-Windows-Bits-Client/Operational","Computer":"MSEDGEWIN10","Security_attributes":{"UserID":"S-1-5-18"}},"EventData":null}}
