{"Event_attributes":{"xmlns":"http://schemas.microsoft.com/win/2004/08/events/event"},"Event":{"System":{"Provider_attributes":{"Name":"Microsoft-Windows-Bits-Client","Guid":"EF1CC15B-46C1-414E-BB95-E76B077BD51E"},"EventID":5,"Version":0,"Level":4,"Task":0,"Opcode":0,"Keywords":"0x4000000000000000","TimeCreated_attributes":{"SystemTime":"2020-10-20T21:19:11.654188Z"},"EventRecordID":8343,"Correlation":null,"Execution_attributes":{"ProcessID":7020,"ThreadID":7252},"Channel":"Microsoft-Windows-Bits-Client/Operational","Computer":"MSEDGEWIN10","Security_attributes":{"UserID":"S-1-5-18"}},"EventData":{"User":"NT AUTHORITY\\SYSTEM","jobTitle":"C:\\Program Files (x86)\\Google\\Update\\1.3.36.32\\Recovery\\GUR9E3A.tmp\\GoogleUpdateSetup.crx3","jobId":"1BE2E063-7180-45A8-AFB4-4AF5856D16D9","jobOwner":"NT AUTHORITY\\SYSTEM","fileCount":0}}}
{"Event_attributes":{"xmlns":"http://schemas.microsoft.com/win/2004/08/events/event"},"Event":{"System":{"Provider_attributes":{"Name":"Microsoft-Windows-Bits-Client","Guid":"EF1CC15B-46C1-414E-BB95-E76B077BD51E"},"EventID":3,"Version":2,"Level":4,"Task":0,"Opcode":0,"Keywords":"0x4000000000000000","TimeCreated_attributes":{"SystemTime":"2020-10-20T21:19:11.671554Z"},"EventRecordID":8344,"Correlation":null,"Execution_attributes":{"ProcessID":7020,"ThreadID":7252},"Channel":"Microsoft-Windows-Bits-Client/Operational","Computer":"MSEDGEWIN10","Security_attributes":{"UserID":"S-1-5-18"}},"EventData":{"jobTitle":"C:\\Program Files (x86)\\Google\\Update\\1.3.36.32\\Recovery\\GUR9E3A.tmp\\GoogleUpdateSetup.crx3","jobId":"CA1BB165-31DC-4042-938D-E3F179BCFA6E","jobOwner":"NT AUTHORITY\\SYSTEM","processPath":"C:\\Program Files (x86)\\Google\\Update\\GoogleUpdate.exe","processId":8}}}
{"Event_attributes":{"xmlns":"http://schemas.microsoft.com/win/2004/08/events/event"},"Event":{"System":{"Provider_attributes":{"Name":"Microsoft-Windows-Bits-Client","Guid":"EF1CC15B-46C1-414E-BB95-E76B077BD51E"},"EventID":5,"Version":0,"Level":4,"Task":0,"Opcode":0,"Keywords":"0x4000000000000000","TimeCreated_attributes":{"SystemTime":"2020-10-20T21:19:11.672956Z"},"EventRecordID":8345,"Correlation":null,"Execution_attributes":{"ProcessID":7020,"ThreadID":7252},"Channel":"Microsoft-Windows-Bits-Client/Operational","Computer":"MSEDGEWIN10","Security_attributes":{"UserID":"S-1-5-18"}},"EventData":{"User":"NT AUTHORITY\\SYSTEM","jobTitle":"C:\\Program Files (x86)\\Google\\Update\\1.3.36.32\\Recovery\\GUR9E3A.tmp\\GoogleUpdateSetup.crx3","jobId":"CA1BB165-31DC-4042-938D-E3F179BCFA6E","jobOwner":"NT AUTHORITY\\SYSTEM","fileCount":0}}}
{"Event_attributes":{"xmlns":"http://schemas.microsoft.com/win/2004/08/events/event"},"Event":{"System":{"Provider_attributes":{"Name":"Microsoft-Windows-Bits-Client","Guid":"EF1CC15B-46C1-414E-BB95-E76B077BD51E"},"EventID":3,"Version":2,"Level":4,"Task":0,"Opcode":0,"Keywords":"0x4000000000000000","TimeCreated_attributes":{"SystemTime":"2020-10-20T21:19:11.857623Z"},"EventRecordID":8346,"Correlation":null,"Execution_attributes":{"ProcessID":7020,"ThreadID":7252},"Channel":"Microsoft-Windows-Bits-Client/Operational","Computer":"MSEDGEWIN10","Security_attributes":{"UserID":"S-1-5-18"}},"EventData":{"jobTitle":"C:\\Users\\IEUser\\AppData\\Local\\{A255AFC6-2E1E-4C45-8469-10DE0388CDB6}","jobId":"B065D538-1E06-484E-9074-0B828C0BD330","jobOwner":"NT AUTHORITY\\SYSTEM","processPath":"C:\\Program Files (x86)\\Google\\Update\\GoogleUpdate.exe","processId":3012}}}
{"Event_attributes":{"xmlns":"http://schemas.microsoft.com/win/2004/08/events/event"},"Event":{"System":{"Provider_attributes":{"Name":"Microsoft-Windows-Bits-Client","Guid":"EF1CC15B-46C1-414E-BB95-E76B077BD51E"},"EventID":61,"Version":1,"Level":3,"Task":0,"Opcode":2,"Keywords":"0x4000000000000000","TimeCreated_attributes":{"SystemTime":"2020-10-20T21:19:11.867497Z"},"EventRecordID":8347,"Correlation_attributes":{"ActivityID":"80C3F640-4D36-4D19-9962-00913F14585E"},"Execution_attributes":{"ProcessID":7020,"ThreadID":7252},"Channel":"Microsoft-Windows-Bits-Client/Operational","Computer":"MSEDGEWIN10","Security_attributes":{"UserID":"S-1-5-18"}},"EventData":{"transferId":"80C3F640-4D36-4D19-9962-00913F14585E","name":"C:\\Users\\IEUser\\AppData\\Local\\{A255AFC6-2E1E-4C45-8469-10DE0388CDB6}","Id":"B065D538-1E06-484E-9074-0B828C0BD330","url":"https://clients2.google.com/service/check2?crx3=true&appid=%7B430FD4D0-B729-4F61-AA34-91526481799D%7D&appversion=1.3.36.32&applang=&machine=1&version=1.3.36.32&userid=%7B41975F82-406F-4186-AABD-6E6A89517884%7D&osversion=10.0&servicepack=","peer":"","hr":2147954407,"fileTime":"1601-01-01T00:00:00.000000Z","fileLength":18446744073709551615,"bytesTotal":18446744073709551615,"bytesTransferred":0,"proxy":"","peerProtocolFlags":0,"bytesTransferredFromPeer":0,"AdditionalInfoHr":0,"PeerContextInfo":0,"bandwidthLimit":18446744073709551615,"ignoreBandwidthLimitsOnLan":false}}}
{"Event_attributes":{"xmlns":"http://schemas.microsoft.com/win/2004/08/events/event"},"Event":{"System":{"Provider_attributes":{"Name":"Microsoft-Windows-Bits-Client","Guid":"EF1CC15B-46C1-414E-BB95-E76B077BD51E"},"EventID":5,"Version":0,"Level":4,"Task":0,"Opcode":0,"Keywords":"0x4000000000000000","TimeCreated_attributes":{"SystemTime":"2020-10-20T21:19:11.869562Z"},"EventRecordID":8348,"Correlation":null,"Execution_attributes":{"ProcessID":7020,"ThreadID":7256},"Channel":"Microsoft-Windows-Bits-Client/Operational","Computer":"MSEDGEWIN10","Security_attributes":{"UserID":"S-1-5-18"}},"EventData":{"User":"NT AUTHORITY\\SYSTEM","jobTitle":"C:\\Users\\IEUser\\AppData\\Local\\{A255AFC6-2E1E-4C45-8469-10DE0388CDB6}","jobId":"B065D538-1E06-484E-9074-0B828C0BD330","jobOwner":"NT AUTHORITY\\SYSTEM","fileCount":1}}}
{"Event_attributes":{"xmlns":"http://schemas.microsoft.com/win/2004/08/events/event"},"Event":{"System":{"Provider_attributes":{"Name":"Microsoft-Windows-Bits-Client","Guid":"EF1CC15B-46C1-414E-BB95-E76B077BD51E"},"EventID":3,"Version":2,"Level":4,"Task":0,"Opcode":0,"Keywords":"0x4000000000000000","TimeCreated_attributes":{"SystemTime":"2020-10-20T21:19:11.876944Z"},"EventRecordID":8349,"Correlation":null,"Execution_attributes":{"ProcessID":7020,"ThreadID":7256},"Channel":"Microsoft-Windows-Bits-Client/Operational","Computer":"MSEDGEWIN10","Security_attributes":{"UserID":"S-1-5-18"}},"EventData":{"jobTitle":"C:\\Users\\IEUser\\AppData\\Local\\{A255AFC6-2E1E-4C45-8469-10DE0388CDB6}","jobId":"872FED48-B13B-43B3-A3E4-144DD600FA13","jobOwner":"NT AUTHORITY\\SYSTEM","processPath":"C:\\Program Files (x86)\\Google\\Update\\GoogleUpdate.exe","processId":3012}}}
{"Event_attributes":{"xmlns":"http://schemas.microsoft.com/win/2004/08/events/event"},"Event":{"System":{"Provider_attributes":{"Name":"Microsoft-Windows-Bits-Client","Guid":"EF1CC15B-46C1-414E-BB95-E76B077BD51E"},"EventID":61,"Version":1,"Level":3,"Task":0,"Opcode":2,"Keywords":"0x4000000000000000","TimeCreated_attributes":{"SystemTime":"2020-10-20T21:19:11.895584Z"},"EventRecordID":8350,"Correlation_attributes":{"ActivityID":"9C91595D-8137-455B-BED4-6901DE51CB9C"},"Execution_attributes":{"ProcessID":7020,"ThreadID":7252},"Channel":"Microsoft-Windows-Bits-Client/Operational","Computer":"MSEDGEWIN10","Security_attributes":{"UserID":"S-1-5-18"}},"EventData":{"transferId":"9C91595D-8137-455B-BED4-6901DE51CB9C","name":"C:\\Users\\IEUser\\AppData\\Local\\{A255AFC6-2E1E-4C45-8469-10DE0388CDB6}","Id":"872FED48-B13B-43B3-A3E4-144DD600FA13","url":"https://clients2.google.com/service/check2?crx3=true&appid=%7B430FD4D0-B729-4F61-AA34-91526481799D%7D&appversion=1.3.36.32&applang=&machine=1&version=1.3.36.32&userid=%7B41975F82-406F-4186-AABD-6E6A89517884%7D&osversion=10.0&servicepack=","peer":"","hr":2147954407,"fileTime":"1601-01-01T00:00:00.000000Z","fileLength":18446744073709551615,"bytesTotal":18446744073709551615,"bytesTransferred":0,"proxy":"","peerProtocolFlags":0,"bytesTransferredFromPeer":0,"AdditionalInfoHr":0,"PeerContextInfo":0,"bandwidthLimit":18446744073709551615,"ignoreBandwidthLimitsOnLan":false}}}
{"Event_attributes":{"xmlns":"http://schemas.microsoft.com/win/2004/08/events/event"},"Event":{"System":{"Provider_attributes":{"Name":"Microsoft-Windows-Bits-Client","Guid":"EF1CC15B-46C1-414E-BB95-E76B077BD51E"},"EventID":5,"Version":0,"Level":4,"Task":0,"Opcode":0,"Keywords":"0x4000000000000000","TimeCreated_attributes":{"SystemTime":"2020-10-20T21:19:11.909403Z"},"EventRecordID":8351,"Correlation":null,"Execution_attributes":{"ProcessID":7020,"ThreadID":7252},"Channel":"Microsoft-Windows-Bits-Client/Operational","Computer":"MSEDGEWIN10","Security_attributes":{"UserID":"S-1-5-18"}},"EventData":{"User":"NT AUTHORITY\\SYSTEM","jobTitle":"C:\\Users\\IEUser\\AppData\\Local\\{A255AFC6-2E1E-4C45-8469-10DE0388CDB6}","jobId":"872FED48-B13B-43B3-A3E4-144DD600FA13","jobOwner":"NT AUTHORITY\\SYSTEM","fileCount":1}}}
{"Event_attributes":{"xmlns":"http://schemas.microsoft.com/win/2004/08/events/event"},"Event":{"System":{"Provider_attributes":{"Name":"Microsoft-Windows-Bits-Client","Guid":"EF1CC15B-46C1-414E-BB95-E76B077BD51E"},"EventID":3,"Version":2,"Level":4,"Task":0,"Opcode":0,"Keywords":"0x4000000000000000","TimeCreated_attributes":{"SystemTime":"2020-10-20T21:19:11.919300Z"},"EventRecordID":8352,"Correlation":null,"Execution_attributes":{"ProcessID":7020,"ThreadID":7252},"Channel":"Microsoft-Windows-Bits-Client/Operational","Computer":"MSEDGEWIN10","Security_attributes":{"UserID":"S-1-5-18"}},"EventData":{"jobTitle":"C:\\Program Files (x86)\\Google\\Update\\1.3.36.32\\Recovery\\GURC7EA.tmp\\GoogleUpdateSetup.crx3","jobId":"D1A4207C-D52B-4D2A-86ED-40AFAAD6A3EA","jobOwner":"NT AUTHORITY\\SYSTEM","processPath":"C:\\Program Files (x86)\\Google\\Update\\GoogleUpdate.exe","processId":3012}}}
{"Event_attributes":{"xmlns":"http://schemas.microsoft.com/win/2004/08/events/event"},"Event":{"System":{"Provider_attributes":{"Name":"Microsoft-Windows-Bits-Client","Guid":"EF1CC15B-46C1-414E-BB95-E76B077BD51E"},"EventID":61,"Version":1,"Level":3,"Task":0,"Opcode":2,"Keywords":"0x4000000000000000","TimeCreated_attributes":{"SystemTime":"2020-10-20T21:19:11.931418Z"},"EventRecordID":8353,"Correlation_attributes":{"ActivityID":"55D9B73B-5893-41EA-A39B-BF507BFCE0EE"},"Execution_attributes":{"ProcessID":7020,"ThreadID":7124},"Channel":"Microsoft-Windows-Bits-Client/Operational","Computer":"MSEDGEWIN10","Security_attributes":{"UserID":"S-1-5-18"}},"EventData":{"transferId":"55D9B73B-5893-41EA-A39B-BF507BFCE0EE","name":"C:\\Program Files (x86)\\Google\\Update\\1.3.36.32\\Recovery\\GURC7EA.tmp\\GoogleUpdateSetup.crx3","Id":"D1A4207C-D52B-4D2A-86ED-40AFAAD6A3EA","url":"https://clients2.google.com/service/check2?crx3=true&appid=%7B430FD4D0-B729-4F61-AA34-91526481799D%7D&appversion=1.3.36.32&applang=&machine=1&version=1.3.36.32&userid=%7B41975F82-406F-4186-AABD-6E6A89517884%7D&osversion=10.0&servicepack=","peer":"","hr":2147954407,"fileTime":"1601-01-01T00:00:00.000000Z","fileLength":18446744073709551615,"bytesTotal":18446744073709551615,"bytesTransferred":0,"proxy":"","peerProtocolFlags":0,"bytesTransferredFromPeer":0,"AdditionalInfoHr":0,"PeerContextInfo":0,"bandwidthLimit":18446744073709551615,"ignoreBandwidthLimitsOnLan":false}}}
{"Event_attributes":{"xmlns":"http://schemas.microsoft.com/win/2004/08/events/event"},"Event":{"System":{"Provider_attributes":{"Name":"Microsoft-Windows-Bits-Client","Guid":"EF1CC15B-46C1-414E-BB95-E76B077BD51E"},"EventID":5,"Version":0,"Level":4,"Task":0,"Opcode":0,"Keywords":"0x4000000000000000","TimeCreated_attributes":{"SystemTime":"2020-10-20T21:19:11.933346Z"},"EventRecordID":8354,"Correlation":null,"Execution_attributes":{"ProcessID":7020,"ThreadID":7256},"Channel":"Microsoft-Windows-Bits-Client/Operational","Computer":"MSEDGEWIN10","Security_attributes":{"UserID":"S-1-5-18"}},"EventData":{"User":"NT AUTHORITY\\SYSTEM","jobTitle":"C:\\Program Files (x86)\\Google\\Update\\1.3.36.32\\Recovery\\GURC7EA.tmp\\GoogleUpdateSetup.crx3","jobId":"D1A4207C-D52B-4D2A-86ED-40AFAAD6A3EA","jobOwner":"NT AUTHORITY\\SYSTEM","fileCount":1}}}
{"Event_attributes":{"xmlns":"http://schemas.microsoft.com/win/2004/08/events/event"},"Event":{"System":{"Provider_attributes":{"Name":"Microsoft-Windows-Bits-Client","Guid":"EF1CC15B-46C1-414E-BB95-E76B077BD51E"},"EventID":3,"Version":2,"Level":4,"Task":0,"Opcode":0,"Keywords":"0x4000000000000000","TimeCreated_attributes":{"SystemTime":"2020-10-20T21:19:11.941038Z"},"EventRecordID":8355,"Correlation":null,"Execution_attributes":{"ProcessID":7020,"ThreadID":7256},"Channel":"Microsoft-Windows-Bits-Client/Operational","Computer":"MSEDGEWIN10","Security_attributes":{"UserID":"S-1-5-18"}},"EventData":{"jobTitle":"C:\\Program Files (x86)\\Google\\Update\\1.3.36.32\\Recovery\\GURC7EA.tmp\\GoogleUpdateSetup.crx3","jobId":"7FDEE228-1914-486B-907B-FC5B1645BAD9","jobOwner":"NT AUTHORITY\\SYSTEM","processPath":"C:\\Program Files (x86)\\Google\\Update\\GoogleUpdate.exe","processId":3012}}}
{"Event_attributes":{"xmlns":"http://schemas.microsoft.com/win/2004/08/events/event"},"Event":{"System":{"Provider_attributes":{"Name":"Microsoft-Windows-Bits-Client","Guid":"EF1CC15B-46C1-414E-BB95-E76B077BD51E"},"EventID":61,"Version":1,"Level":3,"Task":0,"Opcode":2,"Keywords":"0x4000000000000000","TimeCreated_attributes":{"SystemTime":"2020-10-20T21:19:11.951097Z"},"EventRecordID":8356,"Correlation_attributes":{"ActivityID":"8B1C95B7-E71B-418F-A937-043152DD9ACF"},"Execution_attributes":{"ProcessID":7020,"ThreadID":7256},"Channel":"Microsoft-Windows-Bits-Client/Operational","Computer":"MSEDGEWIN10","Security_attributes":{"UserID":"S-1-5-18"}},"EventData":{"transferId":"8B1C95B7-E71B-418F-A937-043152DD9ACF","name":"C:\\Program Files (x86)\\Google\\Update\\1.3.36.32\\Recovery\\GURC7EA.tmp\\GoogleUpdateSetup.crx3","Id":"7FDEE228-1914-486B-907B-FC5B1645BAD9","url":"https://clients2.google.com/service/check2?crx3=true&appid=%7B430FD4D0-B729-4F61-AA34-91526481799D%7D&appversion=1.3.36.32&applang=&machine=1&version=1.3.36.32&userid=%7B41975F82-406F-4186-AABD-6E6A89517884%7D&osversion=10.0&servicepack=","peer":"","hr":2147954407,"fileTime":"1601-01-01T00:00:00.000000Z","fileLength":18446744073709551615,"bytesTotal":18446744073709551615,"bytesTransferred":0,"proxy":"","peerProtocolFlags":0,"bytesTransferredFromPeer":0,"AdditionalInfoHr":0,"PeerContextInfo":0,"bandwidthLimit":18446744073709551615,"ignoreBandwidthLimitsOnLan":false}}}
{"Event_attributes":{"xmlns":"http://schemas.microsoft.com/win/2004/08/events/event"},"Event":{"System":{"Provider_attributes":{"Name":"Microsoft-Windows-Bits-Client","Guid":"EF1CC15B-46C1-414E-BB95-E76B077BD51E"},"EventID":5,"Version":0,"Level":4,"Task":0,"Opcode":0,"Keywords":"0x4000000000000000","TimeCreated_attributes":{"SystemTime":"2020-10-20T21:19:11.952747Z"},"EventRecordID":8357,"Correlation":null,"Execution_attributes":{"ProcessID":7020,"ThreadID":7256},"Channel":"Microsoft-Windows-Bits-Client/Operational","Computer":"MSEDGEWIN10","Security_attributes":{"UserID":"S-1-5-18"}},"EventData":{"User":"NT AUTHORITY\\SYSTEM","jobTitle":"C:\\Program Files (x86)\\Google\\Update\\1.3.36.32\\Recovery\\GURC7EA.tmp\\GoogleUpdateSetup.crx3","jobId":"7FDEE228-1914-486B-907B-FC5B1645BAD9","jobOwner":"NT AUTHORITY\\SYSTEM","fileCount":1}}}
{"Event_attributes":{"xmlns":"http://schemas.microsoft.com/win/2004/08/events/event"},"Event":{"System":{"Provider_attributes":{"Name":"Microsoft-Windows-Bits-Client","Guid":"EF1CC15B-46C1-414E-BB95-E76B077BD51E"},"EventID":306,"Version":0,"Level":5,"Task":0,"Opcode":0,"Keywords":"0x4000000000000000","TimeCreated_attributes":{"SystemTime":"2020-10-20T21:24:38.582512Z"},"EventRecordID":8358,"Correlation":null,"Execution_attributes":{"ProcessID":7492,"ThreadID":7484},"Channel":"Microsoft-Windows-Bits-Client/Operational","Computer":"MSEDGEWIN10","Security_attributes":{"UserID":"S-1-5-18"}},"EventData":null}}
{"Event_attributes":{"xmlns":"http://schemas.microsoft.com/win/2004/08/events/event"},"Event":{"System":{"Provider_attributes":{"Name":"Microsoft-Windows-Bits-Client","Guid":"EF1CC15B-46C1-414E-BB95-E76B077BD51E"},"EventID":3,"Version":2,"Level":4,"Task":0,"Opcode":0,"Keywords":"0x4000000000000000","TimeCreated_attributes":{"SystemTime":"2020-10-20T21:24:38.950682Z"},"EventRecordID":8359,"Correlation":null,"Execution_attributes":{"ProcessID":7492,"ThreadID":5928},"Channel":"Microsoft-Windows-Bits-Client/Operational","Computer":"MSEDGEWIN10","Security_attributes":{"UserID":"S-1-5-18"}},"EventData":{"jobTitle":"PreSignInSettingsConfigJSON","jobId":"5B7459C8-B540-4861-81DF-FBAAF764A12D","jobOwner":"MSEDGEWIN10\\IEUser","processPath":"C:\\Users\\IEUser\\AppData\\Local\\Microsoft\\OneDrive\\OneDriveStandaloneUpdater.exe","processId":1664}}}
{"Event_attributes":{"xmlns":"http://schemas.microsoft.com/win/2004/08/events/event"},"Event":{"System":{"Provider_attributes":{"Name":"Microsoft-Windows-Bits-Client","Guid":"EF1CC15B-46C1-414E-BB95-E76B077BD51E"},"EventID":61,"Version":1,"Level":3,"Task":0,"Opcode":2,"Keywords":"0x4000000000000000","TimeCreated_attributes":{"SystemTime":"2020-10-20T21:24:39.049718Z"},"EventRecordID":8360,"Correlation_attributes":{"ActivityID":"6F40F972-B246-4D25-AA83-C8E19E65A63F"},"Execution_attributes":{"ProcessID":7492,"ThreadID":5928},"Channel":"Microsoft-Windows-Bits-Client/Operational","Computer":"MSEDGEWIN10","Security_attributes":{"UserID":"S-1-5-18"}},"EventData":{"transferId":"6F40F972-B246-4D25-AA83-C8E19E65A63F","name":"PreSignInSettingsConfigJSON","Id":"5B7459C8-B540-4861-81DF-FBAAF764A12D","url":"https://g.live.com/odclientsettings/Prod","peer":"","hr":2147954407,"fileTime":"1601-01-01T00:00:00.000000Z","fileLength":18446744073709551615,"bytesTotal":18446744073709551615,"bytesTransferred":0,"proxy":"","peerProtocolFlags":0,"bytesTransferredFromPeer":0,"AdditionalInfoHr":0,"PeerContextInfo":0,"bandwidthLimit":18446744073709551615,"ignoreBandwidthLimitsOnLan":false}}}
{"Event_attributes":{"xmlns":"http://schemas.microsoft.com/win/2004/08/events/event"},"Event":{"System":{"Provider_attributes":{"Name":"Microsoft-Windows-Bits-Client","Guid":"EF1CC15B-46C1-414E-BB95-E76B077BD51E"},"EventID":61,"Version":1,"Level":3,"Task":0,"Opcode":2,"Keywords":"0x4000000000000000","TimeCreated_attributes":{"SystemTime":"2020-10-20T21:24:49.069024Z"},"EventRecordID":8361,"Correlation_attributes":{"ActivityID":"9D9BE7E6-FA54-4800-99FC-E61510761487"},"Execution_attributes":{"ProcessID":7492,"ThreadID":5928},"Channel":"Microsoft-Windows-Bits-Client/Operational","Computer":"MSEDGEWIN10","Security_attributes":{"UserID":"S-1-5-18"}},"EventData":{"transferId":"9D9BE7E6-FA54-4800-99FC-E61510761487","name":"PreSignInSettingsConfigJSON","Id":"5B7459C8-B540-4861-81DF-FBAAF764A12D","url":"https://g.live.com/odclientsettings/Prod","peer":"","hr":2147954407,"fileTime":"1601-01-01T00:00:00.000000Z","fileLength":18446744073709551615,"bytesTotal":18446744073709551615,"bytesTransferred":0,"proxy":"","peerProtocolFlags":0,"bytesTransferredFromPeer":0,"AdditionalInfoHr":0,"PeerContextInfo":0,"bandwidthLimit":18446744073709551615,"ignoreBandwidthLimitsOnLan":false}}}
{"Event_attributes":{"xmlns":"http://schemas.microsoft.com/win/2004/08/events/event"},"Event":{"System":{"Provider_attributes":{"Name":"Microsoft-Windows-Bits-Client","Guid":"EF1CC15B-46C1-414E-BB95-E76B077BD51E"},"EventID":61,"Version":1,"Level":3,"Task":0,"Opcode":2,"Keywords":"0x4000000000000000","TimeCreated_attributes":{"SystemTime":"2020-10-20T21:24:59.074796Z"},"EventRecordID":8362,"Correlation_attributes":{"ActivityID":"98E2F1D7-1E9C-4F69-8425-E9BAB6CC7156"},"Execution_attributes":{"ProcessID":7492,"ThreadID":5928},"Channel":"Microsoft-Windows-Bits-Client/Operational","Computer":"MSEDGEWIN10","Security_attributes":{"UserID":"S-1-5-18"}},"EventData":{"transferId":"98E2F1D7-1E9C-4F69-8425-E9BAB6CC7156","name":"PreSignInSettingsConfigJSON","Id":"5B7459C8-B540-4861-81DF-FBAAF764A12D","url":"https://g.live.com/odclientsettings/Prod","peer":"","hr":2147954407,"fileTime":"1601-01-01T00:00:00.000000Z","fileLength":18446744073709551615,"bytesTotal":18446744073709551615,"bytesTransferred":0,"proxy":"","peerProtocolFlags":0,"bytesTransferredFromPeer":0,"AdditionalInfoHr":0,"PeerContextInfo":0,"bandwidthLimit":18446744073709551615,"ignoreBandwidthLimitsOnLan":false}}}
{"Event_attributes":{"xmlns":"http://schemas.microsoft.com/win/2004/08/events/event"},"Event":{"System":{"Provider_attributes":{"Name":"Microsoft-Windows-Bits-Client","Guid":"EF1CC15B-46C1-414E-BB95-E76B077BD51E"},"EventID":61,"Version":1,"Level":3,"Task":0,"Opcode":2,"Keywords":"0x4000000000000000","TimeCreated_attributes":{"SystemTime":"2020-10-20T21:25:09.097391Z"},"EventRecordID":8363,"Correlation_attributes":{"ActivityID":"FC3E9F4C-6AAF-47A3-A7DD-6E613B10476F"},"Execution_attributes":{"ProcessID":7492,"ThreadID":7376},"Channel":"Microsoft-Windows-Bits-Client/Operational","Computer":"MSEDGEWIN10","Security_attributes":{"UserID":"S-1-5-18"}},"EventData":{"transferId":"FC3E9F4C-6AAF-47A3-A7DD-6E613B10476F","name":"PreSignInSettingsConfigJSON","Id":"5B7459C8-B540-4861-81DF-FBAAF764A12D","url":"https://g.live.com/odclientsettings/Prod","peer":"","hr":2147954407,"fileTime":"1601-01-01T00:00:00.000000Z","fileLength":18446744073709551615,"bytesTotal":18446744073709551615,"bytesTransferred":0,"proxy":"","peerProtocolFlags":0,"bytesTransferredFromPeer":0,"AdditionalInfoHr":0,"PeerContextInfo":0,"bandwidthLimit":18446744073709551615,"ignoreBandwidthLimitsOnLan":false}}}
{"Event_attributes":{"xmlns":"http://schemas.microsoft.com/win/2004/08/events/event"},"Event":{"System":{"Provider_attributes":{"Name":"Microsoft-Windows-Bits-Client","Guid":"EF1CC15B-46C1-414E-BB95-E76B077BD51E"},"EventID":61,"Version":1,"Level":3,"Task":0,"Opcode":2,"Keywords":"0x4000000000000000","TimeCreated_attributes":{"SystemTime":"2020-10-20T21:25:24.089710Z"},"EventRecordID":8364,"Correlation_attributes":{"ActivityID":"FE471959-1106-4D54-8E79-5FAC560DEFE8"},"Execution_attributes":{"ProcessID":7492,"ThreadID":3768},"Channel":"Microsoft-Windows-Bits-Client/Operational","Computer":"MSEDGEWIN10","Security_attributes":{"UserID":"S-1-5-18"}},"EventData":{"transferId":"FE471959-1106-4D54-8E79-5FAC560DEFE8","name":"PreSignInSettingsConfigJSON","Id":"5B7459C8-B540-4861-81DF-FBAAF764A12D","url":"https://g.live.com/odclientsettings/Prod","peer":"","hr":2147954407,"fileTime":"1601-01-01T00:00:00.000000Z","fileLength":18446744073709551615,"bytesTotal":18446744073709551615,"bytesTransferred":0,"proxy":"","peerProtocolFlags":0,"bytesTransferredFromPeer":0,"AdditionalInfoHr":0,"PeerContextInfo":0,"bandwidthLimit":18446744073709551615,"ignoreBandwidthLimitsOnLan":false}}}
{"Event_attributes":{"xmlns":"http://schemas.microsoft.com/win/2004/08/events/event"},"Event":{"System":{"Provider_attributes":{"Name":"Microsoft-Windows-Bits-Client","Guid":"EF1CC15B-46C1-414E-BB95-E76B077BD51E"},"EventID":61,"Version":1,"Level":3,"Task":0,"Opcode":2,"Keywords":"0x4000000000000000","TimeCreated_attributes":{"SystemTime":"2020-10-20T21:25:34.112561Z"},"EventRecordID":8365,"Correlation_attributes":{"ActivityID":"5058D31C-2E41-4648-A7A6-AD5E2411EE49"},"Execution_attributes":{"ProcessID":7492,"ThreadID":5928},"Channel":"Microsoft-Windows-Bits-Client/Operational","Computer":"MSEDGEWIN10","Security_attributes":{"UserID":"S-1-5-18"}},"EventData":{"transferId":"5058D31C-2E41-4648-A7A6-AD5E2411EE49","name":"PreSignInSettingsConfigJSON","Id":"5B7459C8-B540-4861-81DF-FBAAF764A12D","url":"https://g.live.com/odclientsettings/Prod","peer":"","hr":2147954407,"fileTime":"1601-01-01T00:00:00.000000Z","fileLength":18446744073709551615,"bytesTotal":18446744073709551615,"bytesTransferred":0,"proxy":"","peerProtocolFlags":0,"bytesTransferredFromPeer":0,"AdditionalInfoHr":0,"PeerContextInfo":0,"bandwidthLimit":18446744073709551615,"ignoreBandwidthLimitsOnLan":false}}}
{"Event_attributes":{"xmlns":"http://schemas.microsoft.com/win/2004/08/events/event"},"Event":{"System":{"Provider_attributes":{"Name":"Microsoft-Windows-Bits-Client","Guid":"EF1CC15B-46C1-414E-BB95-E76B077BD51E"},"EventID":61,"Version":1,"Level":3,"Task":0,"Opcode":2,"Keywords":"0x4000000000000000","TimeCreated_attributes":{"SystemTime":"2020-10-20T21:25:44.132803Z"},"EventRecordID":8366,"Correlation_attributes":{"ActivityID":"B3DC6E41-3375-423A-BDC9-9FBDEDC3BB18"},"Execution_attributes":{"ProcessID":7492,"ThreadID":3768},"Channel":"Microsoft-Windows-Bits-Client/Operational","Computer":"MSEDGEWIN10","Security_attributes":{"UserID":"S-1-5-18"}},"EventData":{"transferId":"B3DC6E41-3375-423A-BDC9-9FBDEDC3BB18","name":"PreSignInSettingsConfigJSON","Id":"5B7459C8-B540-4861-81DF-FBAAF764A12D","url":"https://g.live.com/odclientsettings/Prod","peer":"","hr":2147954407,"fileTime":"1601-01-01T00:00:00.000000Z","fileLength":18446744073709551615,"bytesTotal":18446744073709551615,"bytesTransferred":0,"proxy":"","peerProtocolFlags":0,"bytesTransferredFromPeer":0,"AdditionalInfoHr":0,"PeerContextInfo":0,"bandwidthLimit":18446744073709551615,"ignoreBandwidthLimitsOnLan":false}}}
{"Event_attributes":{"xmlns":"http://schemas.microsoft.com/win/2004/08/events/event"},"Event":{"System":{"Provider_attributes":{"Name":"Microsoft-Windows-Bits-Client","Guid":"EF1CC15B-46C1-414E-BB95-E76B077BD51E"},"EventID":61,"Version":1,"Level":3,"Task":0,"Opcode":2,"Keywords":"0x4000000000000000","TimeCreated_attributes":{"SystemTime":"2020-10-20T21:25:54.159218Z"},"EventRecordID":8367,"Correlation_attributes":{"ActivityID":"A354A8C1-F5DC-4D86-BFAC-8D280DD02062"},"Execution_attributes":{"ProcessID":7492,"ThreadID":7712},"Channel":"Microsoft-Windows-Bits-Client/Operational","Computer":"MSEDGEWIN10","Security_attributes":{"UserID":"S-1-5-18"}},"EventData":{"transferId":"A354A8C1-F5DC-4D86-BFAC-8D280DD02062","name":"PreSignInSettingsConfigJSON","Id":"5B7459C8-B540-4861-81DF-FBAAF764A12D","url":"https://g.live.com/odclientsettings/Prod","peer":"","hr":2147954407,"fileTime":"1601-01-01T00:00:00.000000Z","fileLength":18446744073709551615,"bytesTotal":18446744073709551615,"bytesTransferred":0,"proxy":"","peerProtocolFlags":0,"bytesTransferredFromPeer":0,"AdditionalInfoHr":0,"PeerContextInfo":0,"bandwidthLimit":18446744073709551615,"ignoreBandwidthLimitsOnLan":false}}}
{"Event_attributes":{"xmlns":"http://schemas.microsoft.com/win/2004/08/events/event"},"Event":{"System":{"Provider_attributes":{"Name":"Microsoft-Windows-Bits-Client","Guid":"EF1CC15B-46C1-414E-BB95-E76B077BD51E"},"EventID":61,"Version":1,"Level":3,"Task":0,"Opcode":2,"Keywords":"0x4000000000000000","TimeCreated_attributes":{"SystemTime":"2020-10-20T21:26:09.117493Z"},"EventRecordID":8368,"Correlation_attributes":{"ActivityID":"9AC8D595-6C1E-4C66-BC78-EFE2BF98CB98"},"Execution_attributes":{"ProcessID":7492,"ThreadID":5928},"Channel":"Microsoft-Windows-Bits-Client/Operational","Computer":"MSEDGEWIN10","Security_attributes":{"UserID":"S-1-5-18"}},"EventData":{"transferId":"9AC8D595-6C1E-4C66-BC78-EFE2BF98CB98","name":"PreSignInSettingsConfigJSON","Id":"5B7459C8-B540-4861-81DF-FBAAF764A12D","url":"https://g.live.com/odclientsettings/Prod","peer":"","hr":2147954407,"fileTime":"1601-01-01T00:00:00.000000Z","fileLength":18446744073709551615,"bytesTotal":18446744073709551615,"bytesTransferred":0,"proxy":"","peerProtocolFlags":0,"bytesTransferredFromPeer":0,"AdditionalInfoHr":0,"PeerContextInfo":0,"bandwidthLimit":18446744073709551615,"ignoreBandwidthLimitsOnLan":false}}}
{"Event_attributes":{"xmlns":"http://schemas.microsoft.com/win/2004/08/events/event"},"Event":{"System":{"Provider_attributes":{"Name":"Microsoft-Windows-Bits-Client","Guid":"EF1CC15B-46C1-414E-BB95-E76B077BD51E"},"EventID":61,"Version":1,"Level":3,"Task":0,"Opcode":2,"Keywords":"0x4000000000000000","TimeCreated_attributes":{"SystemTime":"2020-10-20T21:26:19.147056Z"},"EventRecordID":8369,"Correlation_attributes":{"ActivityID":"A76398E1-E4F0-44ED-B61E-F50DBA072839"},"Execution_attributes":{"ProcessID":7492,"ThreadID":3768},"Channel":"Microsoft-Windows-Bits-Client/Operational","Computer":"MSEDGEWIN10","Security_attributes":{"UserID":"S-1-5-18"}},"EventData":{"transferId":"A76398E1-E4F0-44ED-B61E-F50DBA072839","name":"PreSignInSettingsConfigJSON","Id":"5B7459C8-B540-4861-81DF-FBAAF764A12D","url":"https://g.live.com/odclientsettings/Prod","peer":"","hr":2147954407,"fileTime":"1601-01-01T00:00:00.000000Z","fileLength":18446744073709551615,"bytesTotal":18446744073709551615,"bytesTransferred":0,"proxy":"","peerProtocolFlags":0,"bytesTransferredFromPeer":0,"AdditionalInfoHr":0,"PeerContextInfo":0,"bandwidthLimit":18446744073709551615,"ignoreBandwidthLimitsOnLan":false}}}
{"Event_attributes":{"xmlns":"http://schemas.microsoft.com/win/2004/08/events/event"},"Event":{"System":{"Provider_attributes":{"Name":"Microsoft-Windows-Bits-Client","Guid":"EF1CC15B-46C1-414E-BB95-E76B077BD51E"},"EventID":61,"Version":1,"Level":3,"Task":0,"Opcode":2,"Keywords":"0x4000000000000000","TimeCreated_attributes":{"SystemTime":"2020-10-20T21:26:29.171822Z"},"EventRecordID":8370,"Correlation_attributes":{"ActivityID":"BD25C56F-F74B-4237-B6D7-CF256A1EF0A9"},"Execution_attributes":{"ProcessID":7492,"ThreadID":5928},"Channel":"Microsoft-Windows-Bits-Client/Operational","Computer":"MSEDGEWIN10","Security_attributes":{"UserID":"S-1-5-18"}},"EventData":{"transferId":"BD25C56F-F74B-4237-B6D7-CF256A1EF0A9","name":"PreSignInSettingsConfigJSON","Id":"5B7459C8-B540-4861-81DF-FBAAF764A12D","url":"https://g.live.com/odclientsettings/Prod","peer":"","hr":2147954407,"fileTime":"1601-01-01T00:00:00.000000Z","fileLength":18446744073709551615,"bytesTotal":18446744073709551615,"bytesTransferred":0,"proxy":"","peerProtocolFlags":0,"bytesTransferredFromPeer":0,"AdditionalInfoHr":0,"PeerContextInfo":0,"bandwidthLimit":18446744073709551615,"ignoreBandwidthLimitsOnLan":false}}}
{"Event_attributes":{"xmlns":"http://schemas.microsoft.com/win/2004/08/events/event"},"Event":{"System":{"Provider_attributes":{"Name":"Microsoft-Windows-Bits-Client","Guid":"EF1CC15B-46C1-414E-BB95-E76B077BD51E"},"EventID":61,"Version":1,"Level":3,"Task":0,"Opcode":2,"Keywords":"0x4000000000000000","TimeCreated_attributes":{"SystemTime":"2020-10-20T21:26:39.196272Z"},"EventRecordID":8371,"Correlation_attributes":{"ActivityID":"CE1FDE6E-2EE7-4006-8DC1-85D5567A0F73"},"Execution_attributes":{"ProcessID":7492,"ThreadID":3768},"Channel":"Microsoft-Windows-Bits-Client/Operational","Computer":"MSEDGEWIN10","Security_attributes":{"UserID":"S-1-5-18"}},"EventData":{"transferId":"CE1FDE6E-2EE7-4006-8DC1-85D5567A0F73","name":"PreSignInSettingsConfigJSON","Id":"5B7459C8-B540-4861-81DF-FBAAF764A12D","url":"https://g.live.com/odclientsettings/Prod","peer":"","hr":2147954407,"fileTime":"1601-01-01T00:00:00.000000Z","fileLength":18446744073709551615,"bytesTotal":18446744073709551615,"bytesTransferred":0,"proxy":"","peerProtocolFlags":0,"bytesTransferredFromPeer":0,"AdditionalInfoHr":0,"PeerContextInfo":0,"bandwidthLimit":18446744073709551615,"ignoreBandwidthLimitsOnLan":false}}}
{"Event_attributes":{"xmlns":"http://schemas.microsoft.com/win/2004/08/events/event"},"Event":{"System":{"Provider_attributes":{"Name":"Microsoft-Windows-Bits-Client","Guid":"EF1CC15B-46C1-414E-BB95-E76B077BD51E"},"EventID":61,"Version":1,"Level":3,"Task":0,"Opcode":2,"Keywords":"0x4000000000000000","TimeCreated_attributes":{"SystemTime":"2020-10-20T21:26:54.120636Z"},"EventRecordID":8372,"Correlation_attributes":{"ActivityID":"484308BA-286B-4057-A2CA-66F49B466014"},"Execution_attributes":{"ProcessID":7492,"ThreadID":3768},"Channel":"Microsoft-Windows-Bits-Client/Operational","Computer":"MSEDGEWIN10","Security_attributes":{"UserID":"S-1-5-18"}},"EventData":{"transferId":"484308BA-286B-4057-A2CA-66F49B466014","name":"PreSignInSettingsConfigJSON","Id":"5B7459C8-B540-4861-81DF-FBAAF764A12D","url":"https://g.live.com/odclientsettings/Prod","peer":"","hr":2147954407,"fileTime":"1601-01-01T00:00:00.000000Z","fileLength":18446744073709551615,"bytesTotal":18446744073709551615,"bytesTransferred":0,"proxy":"","peerProtocolFlags":0,"bytesTransferredFromPeer":0,"AdditionalInfoHr":0,"PeerContextInfo":0,"bandwidthLimit":18446744073709551615,"ignoreBandwidthLimitsOnLan":false}}}
{"Event_attributes":{"xmlns":"http://schemas.microsoft.com/win/2004/08/events/event"},"Event":{"System":{"Provider_attributes":{"Name":"Microsoft-Windows-Bits-Client","Guid":"EF1CC15B-46C1-414E-BB95-E76B077BD51E"},"EventID":61,"Version":1,"Level":3,"Task":0,"Opcode":2,"Keywords":"0x4000000000000000","TimeCreated_attributes":{"SystemTime":"2020-10-20T21:27:04.152126Z"},"EventRecordID":8373,"Correlation_attributes":{"ActivityID":"D142707F-FE06-482F-954B-5AF863DB69C8"},"Execution_attributes":{"ProcessID":7492,"ThreadID":7712},"Channel":"Microsoft-Windows-Bits-Client/Operational","Computer":"MSEDGEWIN10","Security_attributes":{"UserID":"S-1-5-18"}},"EventData":{"transferId":"D142707F-FE06-482F-954B-5AF863DB69C8","name":"PreSignInSettingsConfigJSON","Id":"5B7459C8-B540-4861-81DF-FBAAF764A12D","url":"https://g.live.com/odclientsettings/Prod","peer":"","hr":2147954407,"fileTime":"1601-01-01T00:00:00.000000Z","fileLength":18446744073709551615,"bytesTotal":18446744073709551615,"bytesTransferred":0,"proxy":"","peerProtocolFlags":0,"bytesTransferredFromPeer":0,"AdditionalInfoHr":0,"PeerContextInfo":0,"bandwidthLimit":18446744073709551615,"ignoreBandwidthLimitsOnLan":false}}}
{"Event_attributes":{"xmlns":"http://schemas.microsoft.com/win/2004/08/events/event"},"Event":{"System":{"Provider_attributes":{"Name":"Microsoft-Windows-Bits-Client","Guid":"EF1CC15B-46C1-414E-BB95-E76B077BD51E"},"EventID":61,"Version":1,"Level":3,"Task":0,"Opcode":2,"Keywords":"0x4000000000000000","TimeCreated_attributes":{"SystemTime":"2020-10-20T21:27:14.165803Z"},"EventRecordID":8374,"Correlation_attributes":{"ActivityID":"771982A6-1C90-44BF-A79F-B26A9FD4748F"},"Execution_attributes":{"ProcessID":7492,"ThreadID":3768},"Channel":"Microsoft-Windows-Bits-Client/Operational","Computer":"MSEDGEWIN10","Security_attributes":{"UserID":"S-1-5-18"}},"EventData":{"transferId":"771982A6-1C90-44BF-A79F-B26A9FD4748F","name":"PreSignInSettingsConfigJSON","Id":"5B7459C8-B540-4861-81DF-FBAAF764A12D","url":"https://g.live.com/odclientsettings/Prod","peer":"","hr":2147954407,"fileTime":"1601-01-01T00:00:00.000000Z","fileLength":18446744073709551615,"bytesTotal":18446744073709551615,"bytesTransferred":0,"proxy":"","peerProtocolFlags":0,"bytesTransferredFromPeer":0,"AdditionalInfoHr":0,"PeerContextInfo":0,"bandwidthLimit":18446744073709551615,"ignoreBandwidthLimitsOnLan":false}}}
{"Event_attributes":{"xmlns":"http://schemas.microsoft.com/win/2004/08/events/event"},"Event":{"System":{"Provider_attributes":{"Name":"Microsoft-Windows-Bits-Client","Guid":"EF1CC15B-46C1-414E-BB95-E76B077BD51E"},"EventID":61,"Version":1,"Level":3,"Task":0,"Opcode":2,"Keywords":"0x4000000000000000","TimeCreated_attributes":{"SystemTime":"2020-10-20T21:27:24.181951Z"},"EventRecordID":8375,"Correlation_attributes":{"ActivityID":"48985C32-6504-4969-A67D-007A7FCE3254"},"Execution_attributes":{"ProcessID":7492,"ThreadID":7712},"Channel":"Microsoft-Windows-Bits-Client/Operational","Computer":"MSEDGEWIN10","Security_attributes":{"UserID":"S-1-5-18"}},"EventData":{"transferId":"48985C32-6504-4969-A67D-007A7FCE3254","name":"PreSignInSettingsConfigJSON","Id":"5B7459C8-B540-4861-81DF-FBAAF764A12D","url":"https://g.live.com/odclientsettings/Prod","peer":"","hr":2147954407,"fileTime":"1601-01-01T00:00:00.000000Z","fileLength":18446744073709551615,"bytesTotal":18446744073709551615,"bytesTransferred":0,"proxy":"","peerProtocolFlags":0,"bytesTransferredFromPeer":0,"AdditionalInfoHr":0,"PeerContextInfo":0,"bandwidthLimit":18446744073709551615,"ignoreBandwidthLimitsOnLan":false}}}
{"Event_attributes":{"xmlns":"http://schemas.microsoft.com/win/2004/08/events/event"},"Event":{"System":{"Provider_attributes":{"Name":"Microsoft-Windows-Bits-Client","Guid":"EF1CC15B-46C1-414E-BB95-E76B077BD51E"},"EventID":5,"Version":0,"Level":4,"Task":0,"Opcode":0,"Keywords":"0x4000000000000000","TimeCreated_attributes":{"SystemTime":"2020-10-20T21:27:39.156648Z"},"EventRecordID":8376,"Correlation":null,"Execution_attributes":{"ProcessID":7492,"ThreadID":3768},"Channel":"Microsoft-Windows-Bits-Client/Operational","Computer":"MSEDGEWIN10","Security_attributes":{"UserID":"S-1-5-21-3461203602-4096304019-2269080069-1000"}},"EventData":{"User":"MSEDGEWIN10\\IEUser","jobTitle":"PreSignInSettingsConfigJSON","jobId":"5B7459C8-B540-4861-81DF-FBAAF764A12D","jobOwner":"MSEDGEWIN10\\IEUser","fileCount":1}}}
{"Event_attributes":{"xmlns":"http://schemas.microsoft.com/win/2004/08/events/event"},"Event":{"System":{"Provider_attributes":{"Name":"Microsoft-Windows-Bits-Client","Guid":"EF1CC15B-46C1-414E-BB95-E76B077BD51E"},"EventID":3,"Version":2,"Level":4,"Task":0,"Opcode":0,"Keywords":"0x4000000000000000","TimeCreated_attributes":{"SystemTime":"2020-10-20T21:28:29.575505Z"},"EventRecordID":8377,"Correlation":null,"Execution_attributes":{"ProcessID":7492,"ThreadID":3768},"Channel":"Microsoft-Windows-Bits-Client/Operational","Computer":"MSEDGEWIN10","Security_attributes":{"UserID":"S-1-5-18"}},"EventData":{"jobTitle":"UpdateDescriptionXml","jobId":"46D7C165-25D5-44FD-9D01-09715B849812","jobOwner":"MSEDGEWIN10\\IEUser","processPath":"C:\\Users\\IEUser\\AppData\\Local\\Microsoft\\OneDrive\\OneDriveStandaloneUpdater.exe","processId":1664}}}
{"Event_attributes":{"xmlns":"http://schemas.microsoft.com/win/2004/08/events/event"},"Event":{"System":{"Provider_attributes":{"Name":"Microsoft-Windows-Bits-Client","Guid":"EF1CC15B-46C1-414E-BB95-E76B077BD51E"},"EventID":61,"Version":1,"Level":3,"Task":0,"Opcode":2,"Keywords":"0x4000000000000000","TimeCreated_attributes":{"SystemTime":"2020-10-20T21:28:29.612114Z"},"EventRecordID":8378,"Correlation_attributes":{"ActivityID":"D0E7C1AC-A880-4DE8-98CC-B1EDE84F1D80"},"Execution_attributes":{"ProcessID":7492,"ThreadID":5928},"Channel":"Microsoft-Windows-Bits-Client/Operational","Computer":"MSEDGEWIN10","Security_attributes":{"UserID":"S-1-5-18"}},"EventData":{"transferId":"D0E7C1AC-A880-4DE8-98CC-B1EDE84F1D80","name":"UpdateDescriptionXml","Id":"46D7C165-25D5-44FD-9D01-09715B849812","url":"https://g.live.com/1rewlive5skydrive/ODSUProduction","peer":"","hr":2147954407,"fileTime":"1601-01-01T00:00:00.000000Z","fileLength":18446744073709551615,"bytesTotal":18446744073709551615,"bytesTransferred":0,"proxy":"","peerProtocolFlags":0,"bytesTransferredFromPeer":0,"AdditionalInfoHr":0,"PeerContextInfo":0,"bandwidthLimit":18446744073709551615,"ignoreBandwidthLimitsOnLan":false}}}
{"Event_attributes":{"xmlns":"http://schemas.microsoft.com/win/2004/08/events/event"},"Event":{"System":{"Provider_attributes":{"Name":"Microsoft-Windows-Bits-Client","Guid":"EF1CC15B-46C1-414E-BB95-E76B077BD51E"},"EventID":61,"Version":1,"Level":3,"Task":0,"Opcode":2,"Keywords":"0x4000000000000000","TimeCreated_attributes":{"SystemTime":"2020-10-20T21:28:39.621803Z"},"EventRecordID":8379,"Correlation_attributes":{"ActivityID":"2308BBCD-742F-452A-9678-AC55D9A8FCF9"},"Execution_attributes":{"ProcessID":7492,"ThreadID":3768},"Channel":"Microsoft-Windows-Bits-Client/Operational","Computer":"MSEDGEWIN10","Security_attributes":{"UserID":"S-1-5-18"}},"EventData":{"transferId":"2308BBCD-742F-452A-9678-AC55D9A8FCF9","name":"UpdateDescriptionXml","Id":"46D7C165-25D5-44FD-9D01-09715B849812","url":"https://g.live.com/1rewlive5skydrive/ODSUProduction","peer":"","hr":2147954407,"fileTime":"1601-01-01T00:00:00.000000Z","fileLength":18446744073709551615,"bytesTotal":18446744073709551615,"bytesTransferred":0,"proxy":"","peerProtocolFlags":0,"bytesTransferredFromPeer":0,"AdditionalInfoHr":0,"PeerContextInfo":0,"bandwidthLimit":18446744073709551615,"ignoreBandwidthLimitsOnLan":false}}}
{"Event_attributes":{"xmlns":"http://schemas.microsoft.com/win/2004/08/events/event"},"Event":{"System":{"Provider_attributes":{"Name":"Microsoft-Windows-Bits-Client","Guid":"EF1CC15B-46C1-414E-BB95-E76B077BD51E"},"EventID":61,"Version":1,"Level":3,"Task":0,"Opcode":2,"Keywords":"0x4000000000000000","TimeCreated_attributes":{"SystemTime":"2020-10-20T21:28:49.633706Z"},"EventRecordID":8380,"Correlation_attributes":{"ActivityID":"F3FB42D0-695B-42D8-8DE8-0298C286D89D"},"Execution_attributes":{"ProcessID":7492,"ThreadID":5928},"Channel":"Microsoft-Windows-Bits-Client/Operational","Computer":"MSEDGEWIN10","Security_attributes":{"UserID":"S-1-5-18"}},"EventData":{"transferId":"F3FB42D0-695B-42D8-8DE8-0298C286D89D","name":"UpdateDescriptionXml","Id":"46D7C165-25D5-44FD-9D01-09715B849812","url":"https://g.live.com/1rewlive5skydrive/ODSUProduction","peer":"","hr":2147954407,"fileTime":"1601-01-01T00:00:00.000000Z","fileLength":18446744073709551615,"bytesTotal":18446744073709551615,"bytesTransferred":0,"proxy":"","peerProtocolFlags":0,"bytesTransferredFromPeer":0,"AdditionalInfoHr":0,"PeerContextInfo":0,"bandwidthLimit":18446744073709551615,"ignoreBandwidthLimitsOnLan":false}}}
{"Event_attributes":{"xmlns":"http://schemas.microsoft.com/win/2004/08/events/event"},"Event":{"System":{"Provider_attributes":{"Name":"Microsoft-Windows-Bits-Client","Guid":"EF1CC15B-46C1-414E-BB95-E76B077BD51E"},"EventID":61,"Version":1,"Level":3,"Task":0,"Opcode":2,"Keywords":"0x4000000000000000","TimeCreated_attributes":{"SystemTime":"2020-10-20T21:28:59.652633Z"},"EventRecordID":8381,"Correlation_attributes":{"ActivityID":"FE1D48F9-C02D-4500-98BA-B59E6D7D9815"},"Execution_attributes":{"ProcessID":7492,"ThreadID":3768},"Channel":"Microsoft-Windows-Bits-Client/Operational","Computer":"MSEDGEWIN10","Security_attributes":{"UserID":"S-1-5-18"}},"EventData":{"transferId":"FE1D48F9-C02D-4500-98BA-B59E6D7D9815","name":"UpdateDescriptionXml","Id":"46D7C165-25D5-44FD-9D01-09715B849812","url":"https://g.live.com/1rewlive5skydrive/ODSUProduction","peer":"","hr":2147954407,"fileTime":"1601-01-01T00:00:00.000000Z","fileLength":18446744073709551615,"bytesTotal":18446744073709551615,"bytesTransferred":0,"proxy":"","peerProtocolFlags":0,"bytesTransferredFromPeer":0,"AdditionalInfoHr":0,"PeerContextInfo":0,"bandwidthLimit":18446744073709551615,"ignoreBandwidthLimitsOnLan":false}}}
{"Event_attributes":{"xmlns":"http://schemas.microsoft.com/win/2004/08/events/event"},"Event":{"System":{"Provider_attributes":{"Name":"Microsoft-Windows-Bits-Client","Guid":"EF1CC15B-46C1-414E-BB95-E76B077BD51E"},"EventID":61,"Version":1,"Level":3,"Task":0,"Opcode":2,"Keywords":"0x4000000000000000","TimeCreated_attributes":{"SystemTime":"2020-10-20T21:29:14.659336Z"},"EventRecordID":8382,"Correlation_attributes":{"ActivityID":"73B57D7F-30DC-40EA-89EC-FCCC2284B7DD"},"Execution_attributes":{"ProcessID":7492,"ThreadID":5928},"Channel":"Microsoft-Windows-Bits-Client/Operational","Computer":"MSEDGEWIN10","Security_attributes":{"UserID":"S-1-5-18"}},"EventData":{"transferId":"73B57D7F-30DC-40EA-89EC-FCCC2284B7DD","name":"UpdateDescriptionXml","Id":"46D7C165-25D5-44FD-9D01-09715B849812","url":"https://g.live.com/1rewlive5skydrive/ODSUProduction","peer":"","hr":2147954407,"fileTime":"1601-01-01T00:00:00.000000Z","fileLength":18446744073709551615,"bytesTotal":18446744073709551615,"bytesTransferred":0,"proxy":"","peerProtocolFlags":0,"bytesTransferredFromPeer":0,"AdditionalInfoHr":0,"PeerContextInfo":0,"bandwidthLimit":18446744073709551615,"ignoreBandwidthLimitsOnLan":false}}}
{"Event_attributes":{"xmlns":"http://schemas.microsoft.com/win/2004/08/events/event"},"Event":{"System":{"Provider_attributes":{"Name":"Microsoft-Windows-Bits-Client","Guid":"EF1CC15B-46C1-414E-BB95-E76B077BD51E"},"EventID":61,"Version":1,"Level":3,"Task":0,"Opcode":2,"Keywords":"0x4000000000000000","TimeCreated_attributes":{"SystemTime":"2020-10-20T21:29:24.655526Z"},"EventRecordID":8383,"Correlation_attributes":{"ActivityID":"21958FF7-98A3-4932-A06B-4E23C0823784"},"Execution_attributes":{"ProcessID":7492,"ThreadID":5928},"Channel":"Microsoft-Windows-Bits-Client/Operational","Computer":"MSEDGEWIN10","Security_attributes":{"UserID":"S-1-5-18"}},"EventData":{"transferId":"21958FF7-98A3-4932-A06B-4E23C0823784","name":"UpdateDescriptionXml","Id":"46D7C165-25D5-44FD-9D01-09715B849812","url":"https://g.live.com/1rewlive5skydrive/ODSUProduction","peer":"","hr":2147954407,"fileTime":"1601-01-01T00:00:00.000000Z","fileLength":18446744073709551615,"bytesTotal":18446744073709551615,"bytesTransferred":0,"proxy":"","peerProtocolFlags":0,"bytesTransferredFromPeer":0,"AdditionalInfoHr":0,"PeerContextInfo":0,"bandwidthLimit":18446744073709551615,"ignoreBandwidthLimitsOnLan":false}}}
{"Event_attributes":{"xmlns":"http://schemas.microsoft.com/win/2004/08/events/event"},"Event":{"System":{"Provider_attributes":{"Name":"Microsoft-Windows-Bits-Client","Guid":"EF1CC15B-46C1-414E-BB95-E76B077BD51E"},"EventID":61,"Version":1,"Level":3,"Task":0,"Opcode":2,"Keywords":"0x4000000000000000","TimeCreated_attributes":{"SystemTime":"2020-10-20T21:29:34.701741Z"},"EventRecordID":8384,"Correlation_attributes":{"ActivityID":"ADE0D05B-EEFA-4F39-A964-4A63E7D2123C"},"Execution_attributes":{"ProcessID":7492,"ThreadID":3768},"Channel":"Microsoft-Windows-Bits-Client/Operational","Computer":"MSEDGEWIN10","Security_attributes":{"UserID":"S-1-5-18"}},"EventData":{"transferId":"ADE0D05B-EEFA-4F39-A964-4A63E7D2123C","name":"UpdateDescriptionXml","Id":"46D7C165-25D5-44FD-9D01-09715B849812","url":"https://g.live.com/1rewlive5skydrive/ODSUProduction","peer":"","hr":2147954407,"fileTime":"1601-01-01T00:00:00.000000Z","fileLength":18446744073709551615,"bytesTotal":18446744073709551615,"bytesTransferred":0,"proxy":"","peerProtocolFlags":0,"bytesTransferredFromPeer":0,"AdditionalInfoHr":0,"PeerContextInfo":0,"bandwidthLimit":18446744073709551615,"ignoreBandwidthLimitsOnLan":false}}}
{"Event_attributes":{"xmlns":"http://schemas.microsoft.com/win/2004/08/events/event"},"Event":{"System":{"Provider_attributes":{"Name":"Microsoft-Windows-Bits-Client","Guid":"EF1CC15B-46C1-414E-BB95-E76B077BD51E"},"EventID":61,"Version":1,"Level":3,"Task":0,"Opcode":2,"Keywords":"0x4000000000000000","TimeCreated_attributes":{"SystemTime":"2020-10-20T21:29:44.716776Z"},"EventRecordID":8385,"Correlation_attributes":{"ActivityID":"8C11B593-D466-49D0-8F42-F00E37781228"},"Execution_attributes":{"ProcessID":7492,"ThreadID":7712},"Channel":"Microsoft-Windows-Bits-Client/Operational","Computer":"MSEDGEWIN10","Security_attributes":{"UserID":"S-1-5-18"}},"EventData":{"transferId":"8C11B593-D466-49D0-8F42-F00E37781228","name":"UpdateDescriptionXml","Id":"46D7C165-25D5-44FD-9D01-09715B849812","url":"https://g.live.com/1rewlive5skydrive/ODSUProduction","peer":"","hr":2147954407,"fileTime":"1601-01-01T00:00:00.000000Z","fileLength":18446744073709551615,"bytesTotal":18446744073709551615,"bytesTransferred":0,"proxy":"","peerProtocolFlags":0,"bytesTransferredFromPeer":0,"AdditionalInfoHr":0,"PeerContextInfo":0,"bandwidthLimit":18446744073709551615,"ignoreBandwidthLimitsOnLan":false}}}
{"Event_attributes":{"xmlns":"http://schemas.microsoft.com/win/2004/08/events/event"},"Event":{"System":{"Provider_attributes":{"Name":"Microsoft-Windows-Bits-Client","Guid":"EF1CC15B-46C1-414E-BB95-E76B077BD51E"},"EventID":61,"Version":1,"Level":3,"Task":0,"Opcode":2,"Keywords":"0x4000000000000000","TimeCreated_attributes":{"SystemTime":"2020-10-20T21:29:59.704175Z"},"EventRecordID":8386,"Correlation_attributes":{"ActivityID":"038D5B4B-ECE8-4C14-857F-F10A323A7CE5"},"Execution_attributes":{"ProcessID":7492,"ThreadID":5928},"Channel":"Microsoft-Windows-Bits-Client/Operational","Computer":"MSEDGEWIN10","Security_attributes":{"UserID":"S-1-5-18"}},"EventData":{"transferId":"038D5B4B-ECE8-4C14-857F-F10A323A7CE5","name":"UpdateDescriptionXml","Id":"46D7C165-25D5-44FD-9D01-09715B849812","url":"https://g.live.com/1rewlive5skydrive/ODSUProduction","peer":"","hr":2147954407,"fileTime":"1601-01-01T00:00:00.000000Z","fileLength":18446744073709551615,"bytesTotal":18446744073709551615,"bytesTransferred":0,"proxy":"","peerProtocolFlags":0,"bytesTransferredFromPeer":0,"AdditionalInfoHr":0,"PeerContextInfo":0,"bandwidthLimit":18446744073709551615,"ignoreBandwidthLimitsOnLan":false}}}
{"Event_attributes":{"xmlns":"http://schemas.microsoft.com/win/2004/08/events/event"},"Event":{"System":{"Provider_attributes":{"Name":"Microsoft-Windows-Bits-Client","Guid":"EF1CC15B-46C1-414E-BB95-E76B077BD51E"},"EventID":61,"Version":1,"Level":3,"Task":0,"Opcode":2,"Keywords":"0x4000000000000000","TimeCreated_attributes":{"SystemTime":"2020-10-20T21:30:09.733585Z"},"EventRecordID":8387,"Correlation_attributes":{"ActivityID":"4617BCC5-B12A-4403-A821-0D7A0CFBC431"},"Execution_attributes":{"ProcessID":7492,"ThreadID":3768},"Channel":"Microsoft-Windows-Bits-Client/Operational","Computer":"MSEDGEWIN10","Security_attributes":{"UserID":"S-1-5-18"}},"EventData":{"transferId":"4617BCC5-B12A-4403-A821-0D7A0CFBC431","name":"UpdateDescriptionXml","Id":"46D7C165-25D5-44FD-9D01-09715B849812","url":"https://g.live.com/1rewlive5skydrive/ODSUProduction","peer":"","hr":2147954407,"fileTime":"1601-01-01T00:00:00.000000Z","fileLength":18446744073709551615,"bytesTotal":18446744073709551615,"bytesTransferred":0,"proxy":"","peerProtocolFlags":0,"bytesTransferredFromPeer":0,"AdditionalInfoHr":0,"PeerContextInfo":0,"bandwidthLimit":18446744073709551615,"ignoreBandwidthLimitsOnLan":false}}}
