{"Event_attributes":{"xmlns":"http://schemas.microsoft.com/win/2004/08/events/event"},"Event":{"System":{"Provider_attributes":{"Name":"Microsoft-Windows-Sysmon","Guid":"5770385F-C22A-43E0-BF4C-06F5698FFBD9"},"EventID":3,"Version":5,"Level":4,"Task":3,"Opcode":0,"Keywords":"0x8000000000000000","TimeCreated_attributes":{"SystemTime":"2019-09-03T11:04:07.207049Z"},"EventRecordID":35076,"Correlation":null,"Execution_attributes":{"ProcessID":3144,"ThreadID":3948},"Channel":"Microsoft-Windows-Sysmon/Operational","Computer":"MSEDGEWIN10","Security_attributes":{"UserID":"S-1-5-18"}},"EventData":{"RuleName":"","UtcTime":"2019-09-03 11:04:05.797","ProcessGuid":"747F3D96-48A4-5D6E-0000-001072958000","ProcessId":3008,"Image":"C:\\Windows\\System32\\inetsrv\\w3wp.exe","User":"IIS APPPOOL\\DefaultAppPool","Protocol":"tcp","Initiated":true,"SourceIsIpv6":false,"SourceIp":"127.0.0.1","SourceHostname":"MSEDGEWIN10","SourcePort":49947,"SourcePortName":"","DestinationIsIpv6":false,"DestinationIp":"127.0.0.1","DestinationHostname":"MSEDGEWIN10","DestinationPort":3389,"DestinationPortName":"ms-wbt-server"}}}
{"Event_attributes":{"xmlns":"http://schemas.microsoft.com/win/2004/08/events/event"},"Event":{"System":{"Provider_attributes":{"Name":"Microsoft-Windows-Sysmon","Guid":"5770385F-C22A-43E0-BF4C-06F5698FFBD9"},"EventID":3,"Version":5,"Level":4,"Task":3,"Opcode":0,"Keywords":"0x8000000000000000","TimeCreated_attributes":{"SystemTime":"2019-09-03T11:04:07.207131Z"},"EventRecordID":35077,"Correlation":null,"Execution_attributes":{"ProcessID":3144,"ThreadID":3948},"Channel":"Microsoft-Windows-Sysmon/Operational","Computer":"MSEDGEWIN10","Security_attributes":{"UserID":"S-1-5-18"}},"EventData":{"RuleName":"","UtcTime":"2019-09-03 11:04:05.797","ProcessGuid":"747F3D96-9874-5D6E-0000-0010C1C20000","ProcessId":8,"Image":"C:\\Windows\\System32\\svchost.exe","User":"NT AUTHORITY\\NETWORK SERVICE","Protocol":"tcp","Initiated":false,"SourceIsIpv6":false,"SourceIp":"127.0.0.1","SourceHostname":"MSEDGEWIN10","SourcePort":3389,"SourcePortName":"ms-wbt-server","DestinationIsIpv6":false,"DestinationIp":"127.0.0.1","DestinationHostname":"MSEDGEWIN10","DestinationPort":49947,"DestinationPortName":""}}}
{"Event_attributes":{"xmlns":"http://schemas.microsoft.com/win/2004/08/events/event"},"Event":{"System":{"Provider_attributes":{"Name":"Microsoft-Windows-Sysmon","Guid":"5770385F-C22A-43E0-BF4C-06F5698FFBD9"},"EventID":3,"Version":5,"Level":4,"Task":3,"Opcode":0,"Keywords":"0x8000000000000000","TimeCreated_attributes":{"SystemTime":"2019-09-03T11:04:56.358687Z"},"EventRecordID":35079,"Correlation":null,"Execution_attributes":{"ProcessID":3144,"ThreadID":3948},"Channel":"Microsoft-Windows-Sysmon/Operational","Computer":"MSEDGEWIN10","Security_attributes":{"UserID":"S-1-5-18"}},"EventData":{"RuleName":"","UtcTime":"2019-09-03 11:04:55.147","ProcessGuid":"747F3D96-48A4-5D6E-0000-001072958000","ProcessId":3008,"Image":"C:\\Windows\\System32\\inetsrv\\w3wp.exe","User":"IIS APPPOOL\\DefaultAppPool","Protocol":"tcp","Initiated":true,"SourceIsIpv6":false,"SourceIp":"127.0.0.1","SourceHostname":"MSEDGEWIN10","SourcePort":49948,"SourcePortName":"","DestinationIsIpv6":false,"DestinationIp":"127.0.0.1","DestinationHostname":"MSEDGEWIN10","DestinationPort":3389,"DestinationPortName":"ms-wbt-server"}}}
{"Event_attributes":{"xmlns":"http://schemas.microsoft.com/win/2004/08/events/event"},"Event":{"System":{"Provider_attributes":{"Name":"Microsoft-Windows-Sysmon","Guid":"5770385F-C22A-43E0-BF4C-06F5698FFBD9"},"EventID":3,"Version":5,"Level":4,"Task":3,"Opcode":0,"Keywords":"0x8000000000000000","TimeCreated_attributes":{"SystemTime":"2019-09-03T11:04:58.463053Z"},"EventRecordID":35080,"Correlation":null,"Execution_attributes":{"ProcessID":3144,"ThreadID":3948},"Channel":"Microsoft-Windows-Sysmon/Operational","Computer":"MSEDGEWIN10","Security_attributes":{"UserID":"S-1-5-18"}},"EventData":{"RuleName":"","UtcTime":"2019-09-03 11:04:55.147","ProcessGuid":"747F3D96-9874-5D6E-0000-0010C1C20000","ProcessId":8,"Image":"C:\\Windows\\System32\\svchost.exe","User":"NT AUTHORITY\\NETWORK SERVICE","Protocol":"tcp","Initiated":false,"SourceIsIpv6":false,"SourceIp":"127.0.0.1","SourceHostname":"MSEDGEWIN10","SourcePort":3389,"SourcePortName":"ms-wbt-server","DestinationIsIpv6":false,"DestinationIp":"127.0.0.1","DestinationHostname":"MSEDGEWIN10","DestinationPort":49948,"DestinationPortName":""}}}
{"Event_attributes":{"xmlns":"http://schemas.microsoft.com/win/2004/08/events/event"},"Event":{"System":{"Provider_attributes":{"Name":"Microsoft-Windows-Sysmon","Guid":"5770385F-C22A-43E0-BF4C-06F5698FFBD9"},"EventID":3,"Version":5,"Level":4,"Task":3,"Opcode":0,"Keywords":"0x8000000000000000","TimeCreated_attributes":{"SystemTime":"2019-09-03T11:05:22.837679Z"},"EventRecordID":35118,"Correlation":null,"Execution_attributes":{"ProcessID":3144,"ThreadID":3948},"Channel":"Microsoft-Windows-Sysmon/Operational","Computer":"MSEDGEWIN10","Security_attributes":{"UserID":"S-1-5-18"}},"EventData":{"RuleName":"","UtcTime":"2019-09-03 11:05:21.532","ProcessGuid":"747F3D96-986D-5D6E-0000-0010EB030000","ProcessId":4,"Image":"System","User":"NT AUTHORITY\\SYSTEM","Protocol":"udp","Initiated":true,"SourceIsIpv6":false,"SourceIp":"10.0.2.15","SourceHostname":"MSEDGEWIN10","SourcePort":137,"SourcePortName":"netbios-ns","DestinationIsIpv6":false,"DestinationIp":"10.255.255.255","DestinationHostname":"","DestinationPort":137,"DestinationPortName":"netbios-ns"}}}
{"Event_attributes":{"xmlns":"http://schemas.microsoft.com/win/2004/08/events/event"},"Event":{"System":{"Provider_attributes":{"Name":"Microsoft-Windows-Sysmon","Guid":"5770385F-C22A-43E0-BF4C-06F5698FFBD9"},"EventID":3,"Version":5,"Level":4,"Task":3,"Opcode":0,"Keywords":"0x8000000000000000","TimeCreated_attributes":{"SystemTime":"2019-09-03T11:05:22.837750Z"},"EventRecordID":35119,"Correlation":null,"Execution_attributes":{"ProcessID":3144,"ThreadID":3948},"Channel":"Microsoft-Windows-Sysmon/Operational","Computer":"MSEDGEWIN10","Security_attributes":{"UserID":"S-1-5-18"}},"EventData":{"RuleName":"","UtcTime":"2019-09-03 11:05:21.532","ProcessGuid":"747F3D96-986D-5D6E-0000-0010EB030000","ProcessId":4,"Image":"System","User":"NT AUTHORITY\\SYSTEM","Protocol":"udp","Initiated":false,"SourceIsIpv6":false,"SourceIp":"10.255.255.255","SourceHostname":"","SourcePort":137,"SourcePortName":"netbios-ns","DestinationIsIpv6":false,"DestinationIp":"10.0.2.15","DestinationHostname":"MSEDGEWIN10","DestinationPort":137,"DestinationPortName":"netbios-ns"}}}
{"Event_attributes":{"xmlns":"http://schemas.microsoft.com/win/2004/08/events/event"},"Event":{"System":{"Provider_attributes":{"Name":"Microsoft-Windows-Sysmon","Guid":"5770385F-C22A-43E0-BF4C-06F5698FFBD9"},"EventID":3,"Version":5,"Level":4,"Task":3,"Opcode":0,"Keywords":"0x8000000000000000","TimeCreated_attributes":{"SystemTime":"2019-09-03T11:33:24.177710Z"},"EventRecordID":35202,"Correlation":null,"Execution_attributes":{"ProcessID":3144,"ThreadID":3948},"Channel":"Microsoft-Windows-Sysmon/Operational","Computer":"MSEDGEWIN10","Security_attributes":{"UserID":"S-1-5-18"}},"EventData":{"RuleName":"","UtcTime":"2019-09-03 11:33:22.873","ProcessGuid":"747F3D96-4F81-5D6E-0000-001001818B00","ProcessId":8892,"Image":"C:\\Windows\\System32\\inetsrv\\w3wp.exe","User":"IIS APPPOOL\\DefaultAppPool","Protocol":"tcp","Initiated":true,"SourceIsIpv6":false,"SourceIp":"127.0.0.1","SourceHostname":"MSEDGEWIN10","SourcePort":49949,"SourcePortName":"","DestinationIsIpv6":false,"DestinationIp":"127.0.0.1","DestinationHostname":"MSEDGEWIN10","DestinationPort":445,"DestinationPortName":"microsoft-ds"}}}
{"Event_attributes":{"xmlns":"http://schemas.microsoft.com/win/2004/08/events/event"},"Event":{"System":{"Provider_attributes":{"Name":"Microsoft-Windows-Sysmon","Guid":"5770385F-C22A-43E0-BF4C-06F5698FFBD9"},"EventID":3,"Version":5,"Level":4,"Task":3,"Opcode":0,"Keywords":"0x8000000000000000","TimeCreated_attributes":{"SystemTime":"2019-09-03T11:33:24.177923Z"},"EventRecordID":35203,"Correlation":null,"Execution_attributes":{"ProcessID":3144,"ThreadID":3948},"Channel":"Microsoft-Windows-Sysmon/Operational","Computer":"MSEDGEWIN10","Security_attributes":{"UserID":"S-1-5-18"}},"EventData":{"RuleName":"","UtcTime":"2019-09-03 11:33:22.873","ProcessGuid":"747F3D96-986D-5D6E-0000-0010EB030000","ProcessId":4,"Image":"System","User":"NT AUTHORITY\\SYSTEM","Protocol":"tcp","Initiated":false,"SourceIsIpv6":false,"SourceIp":"127.0.0.1","SourceHostname":"MSEDGEWIN10","SourcePort":445,"SourcePortName":"microsoft-ds","DestinationIsIpv6":false,"DestinationIp":"127.0.0.1","DestinationHostname":"MSEDGEWIN10","DestinationPort":49949,"DestinationPortName":""}}}
{"Event_attributes":{"xmlns":"http://schemas.microsoft.com/win/2004/08/events/event"},"Event":{"System":{"Provider_attributes":{"Name":"Microsoft-Windows-Sysmon","Guid":"5770385F-C22A-43E0-BF4C-06F5698FFBD9"},"EventID":3,"Version":5,"Level":4,"Task":3,"Opcode":0,"Keywords":"0x8000000000000000","TimeCreated_attributes":{"SystemTime":"2019-09-03T11:34:37.129225Z"},"EventRecordID":35205,"Correlation":null,"Execution_attributes":{"ProcessID":3144,"ThreadID":3948},"Channel":"Microsoft-Windows-Sysmon/Operational","Computer":"MSEDGEWIN10","Security_attributes":{"UserID":"S-1-5-18"}},"EventData":{"RuleName":"","UtcTime":"2019-09-03 11:34:35.937","ProcessGuid":"747F3D96-4F81-5D6E-0000-001001818B00","ProcessId":8892,"Image":"C:\\Windows\\System32\\inetsrv\\w3wp.exe","User":"IIS APPPOOL\\DefaultAppPool","Protocol":"tcp","Initiated":true,"SourceIsIpv6":false,"SourceIp":"127.0.0.1","SourceHostname":"MSEDGEWIN10","SourcePort":49950,"SourcePortName":"","DestinationIsIpv6":false,"DestinationIp":"127.0.0.1","DestinationHostname":"MSEDGEWIN10","DestinationPort":445,"DestinationPortName":"microsoft-ds"}}}
{"Event_attributes":{"xmlns":"http://schemas.microsoft.com/win/2004/08/events/event"},"Event":{"System":{"Provider_attributes":{"Name":"Microsoft-Windows-Sysmon","Guid":"5770385F-C22A-43E0-BF4C-06F5698FFBD9"},"EventID":3,"Version":5,"Level":4,"Task":3,"Opcode":0,"Keywords":"0x8000000000000000","TimeCreated_attributes":{"SystemTime":"2019-09-03T11:34:37.129370Z"},"EventRecordID":35206,"Correlation":null,"Execution_attributes":{"ProcessID":3144,"ThreadID":3948},"Channel":"Microsoft-Windows-Sysmon/Operational","Computer":"MSEDGEWIN10","Security_attributes":{"UserID":"S-1-5-18"}},"EventData":{"RuleName":"","UtcTime":"2019-09-03 11:34:35.937","ProcessGuid":"747F3D96-986D-5D6E-0000-0010EB030000","ProcessId":4,"Image":"System","User":"NT AUTHORITY\\SYSTEM","Protocol":"tcp","Initiated":false,"SourceIsIpv6":false,"SourceIp":"127.0.0.1","SourceHostname":"MSEDGEWIN10","SourcePort":445,"SourcePortName":"microsoft-ds","DestinationIsIpv6":false,"DestinationIp":"127.0.0.1","DestinationHostname":"MSEDGEWIN10","DestinationPort":49950,"DestinationPortName":""}}}
{"Event_attributes":{"xmlns":"http://schemas.microsoft.com/win/2004/08/events/event"},"Event":{"System":{"Provider_attributes":{"Name":"Microsoft-Windows-Sysmon","Guid":"5770385F-C22A-43E0-BF4C-06F5698FFBD9"},"EventID":3,"Version":5,"Level":4,"Task":3,"Opcode":0,"Keywords":"0x8000000000000000","TimeCreated_attributes":{"SystemTime":"2019-09-03T11:36:26.005428Z"},"EventRecordID":35209,"Correlation":null,"Execution_attributes":{"ProcessID":3144,"ThreadID":3948},"Channel":"Microsoft-Windows-Sysmon/Operational","Computer":"MSEDGEWIN10","Security_attributes":{"UserID":"S-1-5-18"}},"EventData":{"RuleName":"","UtcTime":"2019-09-03 11:36:24.649","ProcessGuid":"747F3D96-986D-5D6E-0000-0010EB030000","ProcessId":4,"Image":"System","User":"NT AUTHORITY\\SYSTEM","Protocol":"udp","Initiated":true,"SourceIsIpv6":false,"SourceIp":"10.0.2.15","SourceHostname":"MSEDGEWIN10","SourcePort":137,"SourcePortName":"netbios-ns","DestinationIsIpv6":false,"DestinationIp":"10.255.255.255","DestinationHostname":"","DestinationPort":137,"DestinationPortName":"netbios-ns"}}}
{"Event_attributes":{"xmlns":"http://schemas.microsoft.com/win/2004/08/events/event"},"Event":{"System":{"Provider_attributes":{"Name":"Microsoft-Windows-Sysmon","Guid":"5770385F-C22A-43E0-BF4C-06F5698FFBD9"},"EventID":3,"Version":5,"Level":4,"Task":3,"Opcode":0,"Keywords":"0x8000000000000000","TimeCreated_attributes":{"SystemTime":"2019-09-03T11:36:26.005493Z"},"EventRecordID":35210,"Correlation":null,"Execution_attributes":{"ProcessID":3144,"ThreadID":3948},"Channel":"Microsoft-Windows-Sysmon/Operational","Computer":"MSEDGEWIN10","Security_attributes":{"UserID":"S-1-5-18"}},"EventData":{"RuleName":"","UtcTime":"2019-09-03 11:36:24.649","ProcessGuid":"747F3D96-986D-5D6E-0000-0010EB030000","ProcessId":4,"Image":"System","User":"NT AUTHORITY\\SYSTEM","Protocol":"udp","Initiated":false,"SourceIsIpv6":false,"SourceIp":"10.255.255.255","SourceHostname":"","SourcePort":137,"SourcePortName":"netbios-ns","DestinationIsIpv6":false,"DestinationIp":"10.0.2.15","DestinationHostname":"MSEDGEWIN10","DestinationPort":137,"DestinationPortName":"netbios-ns"}}}
